{
  "Plan": {
    "Node Type": "Aggregate",
    "Strategy": "Plain",
    "Partial Mode": "Finalize",
    "Parallel Aware": false,
    "Startup Cost": 146686.51,
    "Total Cost": 146686.52,
    "Plan Rows": 1,
    "Plan Width": 8,
    "Actual Startup Time": 547.475,
    "Actual Total Time": 567.51,
    "Actual Rows": 1,
    "Actual Loops": 1,
    "Plans": [
      {
        "Node Type": "Gather",
        "Parent Relationship": "Outer",
        "Parallel Aware": false,
        "Startup Cost": 146686.39,
        "Total Cost": 146686.5,
        "Plan Rows": 1,
        "Plan Width": 8,
        "Actual Startup Time": 547.005,
        "Actual Total Time": 567.502,
        "Actual Rows": 2,
        "Actual Loops": 1,
        "Workers Planned": 1,
        "Workers Launched": 1,
        "Single Copy": false,
        "Plans": [
          {
            "Node Type": "Aggregate",
            "Strategy": "Plain",
            "Partial Mode": "Partial",
            "Parent Relationship": "Outer",
            "Parallel Aware": false,
            "Startup Cost": 145686.39,
            "Total Cost": 145686.4,
            "Plan Rows": 1,
            "Plan Width": 8,
            "Actual Startup Time": 540.497,
            "Actual Total Time": 540.504,
            "Actual Rows": 1,
            "Actual Loops": 2,
            "Plans": [
              {
                "Node Type": "Hash Join",
                "Parent Relationship": "Outer",
                "Parallel Aware": true,
                "Join Type": "Inner",
                "Startup Cost": 84479.62,
                "Total Cost": 145638.03,
                "Plan Rows": 19347,
                "Plan Width": 0,
                "Actual Startup Time": 240.683,
                "Actual Total Time": 539.343,
                "Actual Rows": 26643,
                "Actual Loops": 2,
                "Inner Unique": false,
                "Hash Cond": "(mk.movie_id = t.id)",
                "Plans": [
                  {
                    "Node Type": "Seq Scan",
                    "Parent Relationship": "Outer",
                    "Parallel Aware": true,
                    "Relation Name": "movie_keyword",
                    "Alias": "mk",
                    "Startup Cost": 0.0,
                    "Total Cost": 51065.35,
                    "Plan Rows": 2661135,
                    "Plan Width": 4,
                    "Actual Startup Time": 0.011,
                    "Actual Total Time": 157.595,
                    "Actual Rows": 2261965,
                    "Actual Loops": 2
                  },
                  {
                    "Node Type": "Hash",
                    "Parent Relationship": "Inner",
                    "Parallel Aware": true,
                    "Startup Cost": 84344.47,
                    "Total Cost": 84344.47,
                    "Plan Rows": 10812,
                    "Plan Width": 8,
                    "Actual Startup Time": 239.52,
                    "Actual Total Time": 239.525,
                    "Actual Rows": 4384,
                    "Actual Loops": 2,
                    "Hash Buckets": 32768,
                    "Original Hash Buckets": 32768,
                    "Hash Batches": 1,
                    "Original Hash Batches": 1,
                    "Peak Memory Usage": 608,
                    "Plans": [
                      {
                        "Node Type": "Hash Join",
                        "Parent Relationship": "Outer",
                        "Parallel Aware": true,
                        "Join Type": "Inner",
                        "Startup Cost": 40165.64,
                        "Total Cost": 84344.47,
                        "Plan Rows": 10812,
                        "Plan Width": 8,
                        "Actual Startup Time": 114.917,
                        "Actual Total Time": 237.896,
                        "Actual Rows": 4384,
                        "Actual Loops": 2,
                        "Inner Unique": false,
                        "Hash Cond": "(t.id = mc.movie_id)",
                        "Plans": [
                          {
                            "Node Type": "Bitmap Heap Scan",
                            "Parent Relationship": "Outer",
                            "Parallel Aware": true,
                            "Relation Name": "title",
                            "Alias": "t",
                            "Startup Cost": 13538.57,
                            "Total Cost": 56188.95,
                            "Plan Rows": 234375,
                            "Plan Width": 4,
                            "Actual Startup Time": 33.496,
                            "Actual Total Time": 128.838,
                            "Actual Rows": 238842,
                            "Actual Loops": 2,
                            "Recheck Cond": "(kind_id < 3)",
                            "Rows Removed by Index Recheck": 0,
                            "Filter": "(production_year < 2005)",
                            "Rows Removed by Filter": 137997,
                            "Exact Heap Blocks": 24546,
                            "Lossy Heap Blocks": 0,
                            "Plans": [
                              {
                                "Node Type": "Bitmap Index Scan",
                                "Parent Relationship": "Outer",
                                "Parallel Aware": false,
                                "Index Name": "kind_id_title",
                                "Startup Cost": 0.0,
                                "Total Cost": 13438.96,
                                "Plan Rows": 753937,
                                "Plan Width": 0,
                                "Actual Startup Time": 27.777,
                                "Actual Total Time": 27.778,
                                "Actual Rows": 753677,
                                "Actual Loops": 1,
                                "Index Cond": "(kind_id < 3)"
                              }
                            ]
                          },
                          {
                            "Node Type": "Hash",
                            "Parent Relationship": "Inner",
                            "Parallel Aware": true,
                            "Startup Cost": 25769.45,
                            "Total Cost": 25769.45,
                            "Plan Rows": 68610,
                            "Plan Width": 4,
                            "Actual Startup Time": 80.092,
                            "Actual Total Time": 80.093,
                            "Actual Rows": 26535,
                            "Actual Loops": 2,
                            "Hash Buckets": 131072,
                            "Original Hash Buckets": 131072,
                            "Hash Batches": 1,
                            "Original Hash Batches": 1,
                            "Peak Memory Usage": 3136,
                            "Plans": [
                              {
                                "Node Type": "Bitmap Heap Scan",
                                "Parent Relationship": "Outer",
                                "Parallel Aware": true,
                                "Relation Name": "movie_companies",
                                "Alias": "mc",
                                "Startup Cost": 4952.5,
                                "Total Cost": 25769.45,
                                "Plan Rows": 68610,
                                "Plan Width": 4,
                                "Actual Startup Time": 60.657,
                                "Actual Total Time": 74.683,
                                "Actual Rows": 26535,
                                "Actual Loops": 2,
                                "Recheck Cond": "(company_id < 92)",
                                "Rows Removed by Index Recheck": 0,
                                "Filter": "(company_type_id = 2)",
                                "Rows Removed by Filter": 88267,
                                "Exact Heap Blocks": 13747,
                                "Lossy Heap Blocks": 0,
                                "Plans": [
                                  {
                                    "Node Type": "Bitmap Index Scan",
                                    "Parent Relationship": "Outer",
                                    "Parallel Aware": false,
                                    "Index Name": "company_id_movie_companies",
                                    "Startup Cost": 0.0,
                                    "Total Cost": 4923.34,
                                    "Plan Rows": 229721,
                                    "Plan Width": 0,
                                    "Actual Startup Time": 27.24,
                                    "Actual Total Time": 27.24,
                                    "Actual Rows": 229604,
                                    "Actual Loops": 1,
                                    "Index Cond": "(company_id < 92)"
                                  }
                                ]
                              }
                            ]
                          }
                        ]
                      }
                    ]
                  }
                ]
              }
            ]
          }
        ]
      }
    ]
  },
  "Planning Time": 1.168,
  "Triggers": [],
  "Execution Time": 567.63
}