[
  {
    "Plan": {
      "Node Type": "Aggregate",
      "Strategy": "Plain",
      "Partial Mode": "Finalize",
      "Parallel Aware": false,
      "Startup Cost": 26636.91,
      "Total Cost": 26636.92,
      "Plan Rows": 1,
      "Plan Width": 8,
      "Actual Startup Time": 70.307,
      "Actual Total Time": 74.359,
      "Actual Rows": 1,
      "Actual Loops": 1,
      "Plans": [
        {
          "Node Type": "Gather",
          "Parent Relationship": "Outer",
          "Parallel Aware": false,
          "Startup Cost": 26636.6,
          "Total Cost": 26636.91,
          "Plan Rows": 3,
          "Plan Width": 8,
          "Actual Startup Time": 70.122,
          "Actual Total Time": 74.351,
          "Actual Rows": 4,
          "Actual Loops": 1,
          "Workers Planned": 3,
          "Workers Launched": 3,
          "Single Copy": false,
          "Plans": [
            {
              "Node Type": "Aggregate",
              "Strategy": "Plain",
              "Partial Mode": "Partial",
              "Parent Relationship": "Outer",
              "Parallel Aware": false,
              "Startup Cost": 25636.6,
              "Total Cost": 25636.61,
              "Plan Rows": 1,
              "Plan Width": 8,
              "Actual Startup Time": 64.221,
              "Actual Total Time": 64.224,
              "Actual Rows": 1,
              "Actual Loops": 4,
              "Plans": [
                {
                  "Node Type": "Bitmap Heap Scan",
                  "Parent Relationship": "Outer",
                  "Parallel Aware": true,
                  "Relation Name": "movie_companies",
                  "Alias": "mc",
                  "Startup Cost": 5597.33,
                  "Total Cost": 25428.39,
                  "Plan Rows": 83284,
                  "Plan Width": 0,
                  "Actual Startup Time": 29.251,
                  "Actual Total Time": 59.228,
                  "Actual Rows": 64071,
                  "Actual Loops": 4,
                  "Recheck Cond": "(company_id > 100071)",
                  "Rows Removed by Index Recheck": 0,
                  "Exact Heap Blocks": 2752,
                  "Lossy Heap Blocks": 0,
                  "Plans": [
                    {
                      "Node Type": "Bitmap Index Scan",
                      "Parent Relationship": "Outer",
                      "Parallel Aware": false,
                      "Index Name": "company_id_movie_companies",
                      "Startup Cost": 0.0,
                      "Total Cost": 5532.79,
                      "Plan Rows": 258181,
                      "Plan Width": 0,
                      "Actual Startup Time": 33.249,
                      "Actual Total Time": 33.25,
                      "Actual Rows": 256284,
                      "Actual Loops": 1,
                      "Index Cond": "(company_id > 100071)"
                    }
                  ]
                }
              ]
            }
          ]
        }
      ]
    },
    "Planning Time": 0.189,
    "Triggers": [],
    "Execution Time": 74.443
  }
]