[
  {
    "Plan": {
      "Node Type": "Aggregate",
      "Strategy": "Plain",
      "Partial Mode": "Finalize",
      "Parallel Aware": false,
      "Startup Cost": 364697.02,
      "Total Cost": 364697.03,
      "Plan Rows": 1,
      "Plan Width": 8,
      "Actual Startup Time": 410.609,
      "Actual Total Time": 468.758,
      "Actual Rows": 1,
      "Actual Loops": 1,
      "Plans": [
        {
          "Node Type": "Gather",
          "Parent Relationship": "Outer",
          "Parallel Aware": false,
          "Startup Cost": 364696.6,
          "Total Cost": 364697.01,
          "Plan Rows": 4,
          "Plan Width": 8,
          "Actual Startup Time": 410.481,
          "Actual Total Time": 468.748,
          "Actual Rows": 5,
          "Actual Loops": 1,
          "Workers Planned": 4,
          "Workers Launched": 4,
          "Single Copy": false,
          "Plans": [
            {
              "Node Type": "Aggregate",
              "Strategy": "Plain",
              "Partial Mode": "Partial",
              "Parent Relationship": "Outer",
              "Parallel Aware": false,
              "Startup Cost": 363696.6,
              "Total Cost": 363696.61,
              "Plan Rows": 1,
              "Plan Width": 8,
              "Actual Startup Time": 400.722,
              "Actual Total Time": 400.724,
              "Actual Rows": 1,
              "Actual Loops": 5,
              "Plans": [
                {
                  "Node Type": "Nested Loop",
                  "Parent Relationship": "Outer",
                  "Parallel Aware": false,
                  "Join Type": "Inner",
                  "Startup Cost": 0.56,
                  "Total Cost": 363324.53,
                  "Plan Rows": 148830,
                  "Plan Width": 0,
                  "Actual Startup Time": 0.421,
                  "Actual Total Time": 393.216,
                  "Actual Rows": 110022,
                  "Actual Loops": 5,
                  "Inner Unique": false,
                  "Plans": [
                    {
                      "Node Type": "Seq Scan",
                      "Parent Relationship": "Outer",
                      "Parallel Aware": true,
                      "Relation Name": "title",
                      "Alias": "t",
                      "Startup Cost": 0.0,
                      "Total Cost": 45479.1,
                      "Plan Rows": 12974,
                      "Plan Width": 4,
                      "Actual Startup Time": 0.045,
                      "Actual Total Time": 66.058,
                      "Actual Rows": 11296,
                      "Actual Loops": 5,
                      "Filter": "((kind_id = 7) AND (production_year = 2004))",
                      "Rows Removed by Filter": 494366
                    },
                    {
                      "Node Type": "Index Scan",
                      "Parent Relationship": "Inner",
                      "Parallel Aware": false,
                      "Scan Direction": "Forward",
                      "Index Name": "movie_id_cast_info",
                      "Relation Name": "cast_info",
                      "Alias": "ci",
                      "Startup Cost": 0.56,
                      "Total Cost": 24.21,
                      "Plan Rows": 29,
                      "Plan Width": 4,
                      "Actual Startup Time": 0.008,
                      "Actual Total Time": 0.028,
                      "Actual Rows": 10,
                      "Actual Loops": 56480,
                      "Index Cond": "(movie_id = t.id)",
                      "Rows Removed by Index Recheck": 0,
                      "Filter": "((person_id > 288493) AND (role_id < 10))",
                      "Rows Removed by Filter": 3
                    }
                  ]
                }
              ]
            }
          ]
        }
      ]
    },
    "Planning Time": 0.644,
    "Triggers": [],
    "Execution Time": 468.849
  }
]