{
  "Plan": {
    "Node Type": "Aggregate",
    "Strategy": "Plain",
    "Partial Mode": "Finalize",
    "Parallel Aware": false,
    "Startup Cost": 364889.46,
    "Total Cost": 364889.47,
    "Plan Rows": 1,
    "Plan Width": 8,
    "Actual Startup Time": 1260.597,
    "Actual Total Time": 1291.314,
    "Actual Rows": 1,
    "Actual Loops": 1,
    "Plans": [
      {
        "Node Type": "Gather",
        "Parent Relationship": "Outer",
        "Parallel Aware": false,
        "Startup Cost": 364889.35,
        "Total Cost": 364889.46,
        "Plan Rows": 1,
        "Plan Width": 8,
        "Actual Startup Time": 1260.108,
        "Actual Total Time": 1291.305,
        "Actual Rows": 2,
        "Actual Loops": 1,
        "Workers Planned": 1,
        "Workers Launched": 1,
        "Single Copy": false,
        "Plans": [
          {
            "Node Type": "Aggregate",
            "Strategy": "Plain",
            "Partial Mode": "Partial",
            "Parent Relationship": "Outer",
            "Parallel Aware": false,
            "Startup Cost": 363889.35,
            "Total Cost": 363889.36,
            "Plan Rows": 1,
            "Plan Width": 8,
            "Actual Startup Time": 1254.101,
            "Actual Total Time": 1254.107,
            "Actual Rows": 1,
            "Actual Loops": 2,
            "Plans": [
              {
                "Node Type": "Hash Join",
                "Parent Relationship": "Outer",
                "Parallel Aware": true,
                "Join Type": "Inner",
                "Startup Cost": 302129.19,
                "Total Cost": 363675.94,
                "Plan Rows": 85364,
                "Plan Width": 0,
                "Actual Startup Time": 877.075,
                "Actual Total Time": 1252.076,
                "Actual Rows": 39804,
                "Actual Loops": 2,
                "Inner Unique": false,
                "Hash Cond": "(mk.movie_id = t.id)",
                "Plans": [
                  {
                    "Node Type": "Seq Scan",
                    "Parent Relationship": "Outer",
                    "Parallel Aware": true,
                    "Relation Name": "movie_keyword",
                    "Alias": "mk",
                    "Startup Cost": 0.0,
                    "Total Cost": 51065.35,
                    "Plan Rows": 2661135,
                    "Plan Width": 4,
                    "Actual Startup Time": 0.016,
                    "Actual Total Time": 186.649,
                    "Actual Rows": 2261965,
                    "Actual Loops": 2
                  },
                  {
                    "Node Type": "Hash",
                    "Parent Relationship": "Inner",
                    "Parallel Aware": true,
                    "Startup Cost": 301532.85,
                    "Total Cost": 301532.85,
                    "Plan Rows": 47707,
                    "Plan Width": 8,
                    "Actual Startup Time": 875.048,
                    "Actual Total Time": 875.053,
                    "Actual Rows": 21834,
                    "Actual Loops": 2,
                    "Hash Buckets": 131072,
                    "Original Hash Buckets": 131072,
                    "Hash Batches": 1,
                    "Original Hash Batches": 1,
                    "Peak Memory Usage": 2752,
                    "Plans": [
                      {
                        "Node Type": "Hash Join",
                        "Parent Relationship": "Outer",
                        "Parallel Aware": true,
                        "Join Type": "Inner",
                        "Startup Cost": 59138.98,
                        "Total Cost": 301532.85,
                        "Plan Rows": 47707,
                        "Plan Width": 8,
                        "Actual Startup Time": 187.602,
                        "Actual Total Time": 866.493,
                        "Actual Rows": 21834,
                        "Actual Loops": 2,
                        "Inner Unique": true,
                        "Hash Cond": "(ci.movie_id = t.id)",
                        "Plans": [
                          {
                            "Node Type": "Index Scan",
                            "Parent Relationship": "Outer",
                            "Parallel Aware": true,
                            "Scan Direction": "Forward",
                            "Index Name": "role_id_cast_info",
                            "Relation Name": "cast_info",
                            "Alias": "ci",
                            "Startup Cost": 0.56,
                            "Total Cost": 239596.07,
                            "Plan Rows": 1066045,
                            "Plan Width": 4,
                            "Actual Startup Time": 0.172,
                            "Actual Total Time": 583.677,
                            "Actual Rows": 450744,
                            "Actual Loops": 2,
                            "Index Cond": "(role_id > 7)",
                            "Rows Removed by Index Recheck": 0,
                            "Filter": "(person_id < 880336)",
                            "Rows Removed by Filter": 3267375
                          },
                          {
                            "Node Type": "Hash",
                            "Parent Relationship": "Inner",
                            "Parallel Aware": true,
                            "Startup Cost": 58306.47,
                            "Total Cost": 58306.47,
                            "Plan Rows": 66556,
                            "Plan Width": 4,
                            "Actual Startup Time": 186.226,
                            "Actual Total Time": 186.227,
                            "Actual Rows": 58626,
                            "Actual Loops": 2,
                            "Hash Buckets": 131072,
                            "Original Hash Buckets": 131072,
                            "Hash Batches": 1,
                            "Original Hash Batches": 1,
                            "Peak Memory Usage": 5632,
                            "Plans": [
                              {
                                "Node Type": "Seq Scan",
                                "Parent Relationship": "Outer",
                                "Parallel Aware": true,
                                "Relation Name": "title",
                                "Alias": "t",
                                "Startup Cost": 0.0,
                                "Total Cost": 58306.47,
                                "Plan Rows": 66556,
                                "Plan Width": 4,
                                "Actual Startup Time": 0.046,
                                "Actual Total Time": 165.573,
                                "Actual Rows": 58626,
                                "Actual Loops": 2,
                                "Filter": "((kind_id > 2) AND (production_year = 2011))",
                                "Rows Removed by Filter": 1205530
                              }
                            ]
                          }
                        ]
                      }
                    ]
                  }
                ]
              }
            ]
          }
        ]
      }
    ]
  },
  "Planning Time": 0.789,
  "Triggers": [],
  "Execution Time": 1291.405
}