{
  "Plan": {
    "Node Type": "Aggregate",
    "Strategy": "Plain",
    "Partial Mode": "Finalize",
    "Parallel Aware": false,
    "Startup Cost": 118950.38,
    "Total Cost": 118950.39,
    "Plan Rows": 1,
    "Plan Width": 8,
    "Actual Startup Time": 656.56,
    "Actual Total Time": 669.936,
    "Actual Rows": 1,
    "Actual Loops": 1,
    "Plans": [
      {
        "Node Type": "Gather",
        "Parent Relationship": "Outer",
        "Parallel Aware": false,
        "Startup Cost": 118950.27,
        "Total Cost": 118950.38,
        "Plan Rows": 1,
        "Plan Width": 8,
        "Actual Startup Time": 655.807,
        "Actual Total Time": 669.928,
        "Actual Rows": 2,
        "Actual Loops": 1,
        "Workers Planned": 1,
        "Workers Launched": 1,
        "Single Copy": false,
        "Plans": [
          {
            "Node Type": "Aggregate",
            "Strategy": "Plain",
            "Partial Mode": "Partial",
            "Parent Relationship": "Outer",
            "Parallel Aware": false,
            "Startup Cost": 117950.27,
            "Total Cost": 117950.28,
            "Plan Rows": 1,
            "Plan Width": 8,
            "Actual Startup Time": 650.126,
            "Actual Total Time": 650.129,
            "Actual Rows": 1,
            "Actual Loops": 2,
            "Plans": [
              {
                "Node Type": "Hash Join",
                "Parent Relationship": "Outer",
                "Parallel Aware": true,
                "Join Type": "Inner",
                "Startup Cost": 59479.61,
                "Total Cost": 117530.45,
                "Plan Rows": 167929,
                "Plan Width": 0,
                "Actual Startup Time": 200.106,
                "Actual Total Time": 625.599,
                "Actual Rows": 495906,
                "Actual Loops": 2,
                "Inner Unique": true,
                "Hash Cond": "(mk.movie_id = t.id)",
                "Plans": [
                  {
                    "Node Type": "Seq Scan",
                    "Parent Relationship": "Outer",
                    "Parallel Aware": true,
                    "Relation Name": "movie_keyword",
                    "Alias": "mk",
                    "Startup Cost": 0.0,
                    "Total Cost": 51065.35,
                    "Plan Rows": 2661135,
                    "Plan Width": 4,
                    "Actual Startup Time": 0.01,
                    "Actual Total Time": 175.609,
                    "Actual Rows": 2261965,
                    "Actual Loops": 2
                  },
                  {
                    "Node Type": "Hash",
                    "Parent Relationship": "Inner",
                    "Parallel Aware": true,
                    "Startup Cost": 58306.47,
                    "Total Cost": 58306.47,
                    "Plan Rows": 93851,
                    "Plan Width": 4,
                    "Actual Startup Time": 196.399,
                    "Actual Total Time": 196.4,
                    "Actual Rows": 134912,
                    "Actual Loops": 2,
                    "Hash Buckets": 524288,
                    "Original Hash Buckets": 262144,
                    "Hash Batches": 1,
                    "Original Hash Batches": 1,
                    "Peak Memory Usage": 16736,
                    "Plans": [
                      {
                        "Node Type": "Seq Scan",
                        "Parent Relationship": "Outer",
                        "Parallel Aware": true,
                        "Relation Name": "title",
                        "Alias": "t",
                        "Startup Cost": 0.0,
                        "Total Cost": 58306.47,
                        "Plan Rows": 93851,
                        "Plan Width": 4,
                        "Actual Startup Time": 0.132,
                        "Actual Total Time": 156.876,
                        "Actual Rows": 134912,
                        "Actual Loops": 2,
                        "Filter": "((kind_id < 6) AND (production_year < 1974))",
                        "Rows Removed by Filter": 1129244
                      }
                    ]
                  }
                ]
              }
            ]
          }
        ]
      }
    ]
  },
  "Planning Time": 0.559,
  "Triggers": [],
  "Execution Time": 669.999
}