[
  {
    "Plan": {
      "Node Type": "Aggregate",
      "Strategy": "Plain",
      "Partial Mode": "Finalize",
      "Parallel Aware": false,
      "Startup Cost": 274701.36,
      "Total Cost": 274701.37,
      "Plan Rows": 1,
      "Plan Width": 8,
      "Actual Startup Time": 273.354,
      "Actual Total Time": 330.75,
      "Actual Rows": 1,
      "Actual Loops": 1,
      "Plans": [
        {
          "Node Type": "Gather",
          "Parent Relationship": "Outer",
          "Parallel Aware": false,
          "Startup Cost": 274700.94,
          "Total Cost": 274701.35,
          "Plan Rows": 4,
          "Plan Width": 8,
          "Actual Startup Time": 273.179,
          "Actual Total Time": 330.737,
          "Actual Rows": 5,
          "Actual Loops": 1,
          "Workers Planned": 4,
          "Workers Launched": 4,
          "Single Copy": false,
          "Plans": [
            {
              "Node Type": "Aggregate",
              "Strategy": "Plain",
              "Partial Mode": "Partial",
              "Parent Relationship": "Outer",
              "Parallel Aware": false,
              "Startup Cost": 273700.94,
              "Total Cost": 273700.95,
              "Plan Rows": 1,
              "Plan Width": 8,
              "Actual Startup Time": 262.162,
              "Actual Total Time": 262.164,
              "Actual Rows": 1,
              "Actual Loops": 5,
              "Plans": [
                {
                  "Node Type": "Nested Loop",
                  "Parent Relationship": "Outer",
                  "Parallel Aware": false,
                  "Join Type": "Inner",
                  "Startup Cost": 0.56,
                  "Total Cost": 273641.06,
                  "Plan Rows": 23949,
                  "Plan Width": 0,
                  "Actual Startup Time": 0.963,
                  "Actual Total Time": 260.481,
                  "Actual Rows": 12278,
                  "Actual Loops": 5,
                  "Inner Unique": false,
                  "Plans": [
                    {
                      "Node Type": "Seq Scan",
                      "Parent Relationship": "Outer",
                      "Parallel Aware": true,
                      "Relation Name": "title",
                      "Alias": "t",
                      "Startup Cost": 0.0,
                      "Total Cost": 43898.92,
                      "Plan Rows": 2549,
                      "Plan Width": 4,
                      "Actual Startup Time": 0.323,
                      "Actual Total Time": 97.437,
                      "Actual Rows": 1954,
                      "Actual Loops": 5,
                      "Filter": "(production_year = 1958)",
                      "Rows Removed by Filter": 503709
                    },
                    {
                      "Node Type": "Index Scan",
                      "Parent Relationship": "Inner",
                      "Parallel Aware": false,
                      "Scan Direction": "Forward",
                      "Index Name": "movie_id_cast_info",
                      "Relation Name": "cast_info",
                      "Alias": "ci",
                      "Startup Cost": 0.56,
                      "Total Cost": 89.89,
                      "Plan Rows": 24,
                      "Plan Width": 4,
                      "Actual Startup Time": 0.05,
                      "Actual Total Time": 0.082,
                      "Actual Rows": 6,
                      "Actual Loops": 9768,
                      "Index Cond": "(movie_id = t.id)",
                      "Rows Removed by Index Recheck": 0,
                      "Filter": "(role_id > 1)",
                      "Rows Removed by Filter": 6
                    }
                  ]
                }
              ]
            }
          ]
        }
      ]
    },
    "Planning Time": 0.652,
    "Triggers": [],
    "Execution Time": 330.855
  }
]