[
  {
    "Plan": {
      "Node Type": "Aggregate",
      "Strategy": "Plain",
      "Partial Mode": "Finalize",
      "Parallel Aware": false,
      "Startup Cost": 252756.27,
      "Total Cost": 252756.28,
      "Plan Rows": 1,
      "Plan Width": 8,
      "Actual Startup Time": 867.09,
      "Actual Total Time": 918.383,
      "Actual Rows": 1,
      "Actual Loops": 1,
      "Plans": [
        {
          "Node Type": "Gather",
          "Parent Relationship": "Outer",
          "Parallel Aware": false,
          "Startup Cost": 252755.75,
          "Total Cost": 252756.26,
          "Plan Rows": 5,
          "Plan Width": 8,
          "Actual Startup Time": 865.286,
          "Actual Total Time": 918.374,
          "Actual Rows": 6,
          "Actual Loops": 1,
          "Workers Planned": 5,
          "Workers Launched": 5,
          "Single Copy": false,
          "Plans": [
            {
              "Node Type": "Aggregate",
              "Strategy": "Plain",
              "Partial Mode": "Partial",
              "Parent Relationship": "Outer",
              "Parallel Aware": false,
              "Startup Cost": 251755.75,
              "Total Cost": 251755.76,
              "Plan Rows": 1,
              "Plan Width": 8,
              "Actual Startup Time": 856.298,
              "Actual Total Time": 856.302,
              "Actual Rows": 1,
              "Actual Loops": 6,
              "Plans": [
                {
                  "Node Type": "Hash Join",
                  "Parent Relationship": "Outer",
                  "Parallel Aware": true,
                  "Join Type": "Inner",
                  "Startup Cost": 47165.01,
                  "Total Cost": 250830.03,
                  "Plan Rows": 370286,
                  "Plan Width": 0,
                  "Actual Startup Time": 148.197,
                  "Actual Total Time": 821.013,
                  "Actual Rows": 739391,
                  "Actual Loops": 6,
                  "Inner Unique": true,
                  "Hash Cond": "(mi.movie_id = t.id)",
                  "Plans": [
                    {
                      "Node Type": "Seq Scan",
                      "Parent Relationship": "Outer",
                      "Parallel Aware": true,
                      "Relation Name": "movie_info",
                      "Alias": "mi",
                      "Startup Cost": 0.0,
                      "Total Cost": 199108.24,
                      "Plan Rows": 1735911,
                      "Plan Width": 4,
                      "Actual Startup Time": 0.037,
                      "Actual Total Time": 375.718,
                      "Actual Rows": 1435371,
                      "Actual Loops": 6,
                      "Filter": "(info_type_id < 9)",
                      "Rows Removed by Filter": 1037249
                    },
                    {
                      "Node Type": "Hash",
                      "Parent Relationship": "Inner",
                      "Parallel Aware": true,
                      "Startup Cost": 45479.59,
                      "Total Cost": 45479.59,
                      "Plan Rows": 134834,
                      "Plan Width": 4,
                      "Actual Startup Time": 130.831,
                      "Actual Total Time": 130.833,
                      "Actual Rows": 92886,
                      "Actual Loops": 6,
                      "Hash Buckets": 1048576,
                      "Original Hash Buckets": 1048576,
                      "Hash Batches": 1,
                      "Original Hash Batches": 1,
                      "Peak Memory Usage": 30112,
                      "Plans": [
                        {
                          "Node Type": "Seq Scan",
                          "Parent Relationship": "Outer",
                          "Parallel Aware": true,
                          "Relation Name": "title",
                          "Alias": "t",
                          "Startup Cost": 0.0,
                          "Total Cost": 45479.59,
                          "Plan Rows": 134834,
                          "Plan Width": 4,
                          "Actual Startup Time": 52.038,
                          "Actual Total Time": 90.33,
                          "Actual Rows": 92886,
                          "Actual Loops": 6,
                          "Filter": "((production_year < 2011) AND (kind_id = 1))",
                          "Rows Removed by Filter": 328499
                        }
                      ]
                    }
                  ]
                }
              ]
            }
          ]
        }
      ]
    },
    "Planning Time": 0.35,
    "Triggers": [],
    "Execution Time": 918.437
  }
]