{
    "Plan": {
        "Node Type": "Aggregate",
        "Strategy": "Plain",
        "Partial Mode": "Finalize",
        "Parallel Aware": false,
        "Startup Cost": 391245.25,
        "Total Cost": 391245.26,
        "Plan Rows": 1,
        "Plan Width": 8,
        "Actual Startup Time": 614.206,
        "Actual Total Time": 652.999,
        "Actual Rows": 1,
        "Actual Loops": 1,
        "Output": [
            "count(*)"
        ],
        "Plans": [
            {
                "Node Type": "Gather",
                "Parent Relationship": "Outer",
                "Parallel Aware": false,
                "Startup Cost": 391244.63,
                "Total Cost": 391245.24,
                "Plan Rows": 6,
                "Plan Width": 8,
                "Actual Startup Time": 612.65,
                "Actual Total Time": 652.986,
                "Actual Rows": 7,
                "Actual Loops": 1,
                "Output": [
                    "(PARTIAL count(*))"
                ],
                "Workers Planned": 6,
                "Workers Launched": 6,
                "Single Copy": false,
                "Plans": [
                    {
                        "Node Type": "Aggregate",
                        "Strategy": "Plain",
                        "Partial Mode": "Partial",
                        "Parent Relationship": "Outer",
                        "Parallel Aware": false,
                        "Startup Cost": 390244.63,
                        "Total Cost": 390244.64,
                        "Plan Rows": 1,
                        "Plan Width": 8,
                        "Actual Startup Time": 601.734,
                        "Actual Total Time": 601.738,
                        "Actual Rows": 1,
                        "Actual Loops": 7,
                        "Output": [
                            "PARTIAL count(*)"
                        ],
                        "Workers": [
                            {
                                "Worker Number": 0,
                                "Actual Startup Time": 599.465,
                                "Actual Total Time": 599.469,
                                "Actual Rows": 1,
                                "Actual Loops": 1
                            },
                            {
                                "Worker Number": 1,
                                "Actual Startup Time": 599.716,
                                "Actual Total Time": 599.718,
                                "Actual Rows": 1,
                                "Actual Loops": 1
                            },
                            {
                                "Worker Number": 2,
                                "Actual Startup Time": 600.111,
                                "Actual Total Time": 600.115,
                                "Actual Rows": 1,
                                "Actual Loops": 1
                            },
                            {
                                "Worker Number": 3,
                                "Actual Startup Time": 600.503,
                                "Actual Total Time": 600.506,
                                "Actual Rows": 1,
                                "Actual Loops": 1
                            },
                            {
                                "Worker Number": 4,
                                "Actual Startup Time": 599.777,
                                "Actual Total Time": 599.781,
                                "Actual Rows": 1,
                                "Actual Loops": 1
                            },
                            {
                                "Worker Number": 5,
                                "Actual Startup Time": 600.822,
                                "Actual Total Time": 600.825,
                                "Actual Rows": 1,
                                "Actual Loops": 1
                            }
                        ],
                        "Plans": [
                            {
                                "Node Type": "Hash Join",
                                "Parent Relationship": "Outer",
                                "Parallel Aware": true,
                                "Join Type": "Inner",
                                "Startup Cost": 46228.92,
                                "Total Cost": 390145.09,
                                "Plan Rows": 39816,
                                "Plan Width": 0,
                                "Actual Startup Time": 83.18,
                                "Actual Total Time": 598.402,
                                "Actual Rows": 61917,
                                "Actual Loops": 7,
                                "Inner Unique": true,
                                "Hash Cond": "(ci.movie_id = t.id)",
                                "Workers": [
                                    {
                                        "Worker Number": 0,
                                        "Actual Startup Time": 80.734,
                                        "Actual Total Time": 596.24,
                                        "Actual Rows": 66813,
                                        "Actual Loops": 1
                                    },
                                    {
                                        "Worker Number": 1,
                                        "Actual Startup Time": 81.156,
                                        "Actual Total Time": 596.415,
                                        "Actual Rows": 68712,
                                        "Actual Loops": 1
                                    },
                                    {
                                        "Worker Number": 2,
                                        "Actual Startup Time": 81.472,
                                        "Actual Total Time": 596.533,
                                        "Actual Rows": 45646,
                                        "Actual Loops": 1
                                    },
                                    {
                                        "Worker Number": 3,
                                        "Actual Startup Time": 82.363,
                                        "Actual Total Time": 596.986,
                                        "Actual Rows": 45046,
                                        "Actual Loops": 1
                                    },
                                    {
                                        "Worker Number": 4,
                                        "Actual Startup Time": 81.316,
                                        "Actual Total Time": 596.956,
                                        "Actual Rows": 58315,
                                        "Actual Loops": 1
                                    },
                                    {
                                        "Worker Number": 5,
                                        "Actual Startup Time": 82.227,
                                        "Actual Total Time": 597.597,
                                        "Actual Rows": 67206,
                                        "Actual Loops": 1
                                    }
                                ],
                                "Plans": [
                                    {
                                        "Node Type": "Index Scan",
                                        "Parent Relationship": "Outer",
                                        "Parallel Aware": true,
                                        "Scan Direction": "Forward",
                                        "Index Name": "role_id_cast_info",
                                        "Relation Name": "cast_info",
                                        "Schema": "public",
                                        "Alias": "ci",
                                        "Startup Cost": 0.56,
                                        "Total Cost": 342814.42,
                                        "Plan Rows": 419926,
                                        "Plan Width": 4,
                                        "Actual Startup Time": 0.257,
                                        "Actual Total Time": 382.673,
                                        "Actual Rows": 759473,
                                        "Actual Loops": 7,
                                        "Output": [
                                            "ci.id",
                                            "ci.person_id",
                                            "ci.movie_id",
                                            "ci.person_role_id",
                                            "ci.note",
                                            "ci.nr_order",
                                            "ci.role_id"
                                        ],
                                        "Index Cond": "(ci.role_id = 1)",
                                        "Rows Removed by Index Recheck": 0,
                                        "Filter": "(ci.person_id < 713413)",
                                        "Rows Removed by Filter": 1050626,
                                        "Workers": [
                                            {
                                                "Worker Number": 0,
                                                "Actual Startup Time": 0.147,
                                                "Actual Total Time": 383.454,
                                                "Actual Rows": 817831,
                                                "Actual Loops": 1
                                            },
                                            {
                                                "Worker Number": 1,
                                                "Actual Startup Time": 0.239,
                                                "Actual Total Time": 384.112,
                                                "Actual Rows": 822725,
                                                "Actual Loops": 1
                                            },
                                            {
                                                "Worker Number": 2,
                                                "Actual Startup Time": 0.208,
                                                "Actual Total Time": 387.118,
                                                "Actual Rows": 546390,
                                                "Actual Loops": 1
                                            },
                                            {
                                                "Worker Number": 3,
                                                "Actual Startup Time": 0.467,
                                                "Actual Total Time": 387.363,
                                                "Actual Rows": 548730,
                                                "Actual Loops": 1
                                            },
                                            {
                                                "Worker Number": 4,
                                                "Actual Startup Time": 0.326,
                                                "Actual Total Time": 379.947,
                                                "Actual Rows": 748020,
                                                "Actual Loops": 1
                                            },
                                            {
                                                "Worker Number": 5,
                                                "Actual Startup Time": 0.269,
                                                "Actual Total Time": 384.526,
                                                "Actual Rows": 824851,
                                                "Actual Loops": 1
                                            }
                                        ]
                                    },
                                    {
                                        "Node Type": "Hash",
                                        "Parent Relationship": "Inner",
                                        "Parallel Aware": true,
                                        "Startup Cost": 45479.21,
                                        "Total Cost": 45479.21,
                                        "Plan Rows": 59932,
                                        "Plan Width": 4,
                                        "Actual Startup Time": 81.168,
                                        "Actual Total Time": 81.169,
                                        "Actual Rows": 28595,
                                        "Actual Loops": 7,
                                        "Output": [
                                            "t.id"
                                        ],
                                        "Hash Buckets": 262144,
                                        "Original Hash Buckets": 262144,
                                        "Hash Batches": 1,
                                        "Original Hash Batches": 1,
                                        "Peak Memory Usage": 9984,
                                        "Workers": [
                                            {
                                                "Worker Number": 0,
                                                "Actual Startup Time": 80.164,
                                                "Actual Total Time": 80.166,
                                                "Actual Rows": 30226,
                                                "Actual Loops": 1
                                            },
                                            {
                                                "Worker Number": 1,
                                                "Actual Startup Time": 80.422,
                                                "Actual Total Time": 80.423,
                                                "Actual Rows": 31149,
                                                "Actual Loops": 1
                                            },
                                            {
                                                "Worker Number": 2,
                                                "Actual Startup Time": 80.812,
                                                "Actual Total Time": 80.814,
                                                "Actual Rows": 21139,
                                                "Actual Loops": 1
                                            },
                                            {
                                                "Worker Number": 3,
                                                "Actual Startup Time": 80.99,
                                                "Actual Total Time": 80.992,
                                                "Actual Rows": 20689,
                                                "Actual Loops": 1
                                            },
                                            {
                                                "Worker Number": 4,
                                                "Actual Startup Time": 80.45,
                                                "Actual Total Time": 80.451,
                                                "Actual Rows": 26045,
                                                "Actual Loops": 1
                                            },
                                            {
                                                "Worker Number": 5,
                                                "Actual Startup Time": 81.582,
                                                "Actual Total Time": 81.583,
                                                "Actual Rows": 31290,
                                                "Actual Loops": 1
                                            }
                                        ],
                                        "Plans": [
                                            {
                                                "Node Type": "Seq Scan",
                                                "Parent Relationship": "Outer",
                                                "Parallel Aware": true,
                                                "Relation Name": "title",
                                                "Schema": "public",
                                                "Alias": "t",
                                                "Startup Cost": 0.0,
                                                "Total Cost": 45479.21,
                                                "Plan Rows": 59932,
                                                "Plan Width": 4,
                                                "Actual Startup Time": 41.045,
                                                "Actual Total Time": 71.673,
                                                "Actual Rows": 28595,
                                                "Actual Loops": 7,
                                                "Output": [
                                                    "t.id"
                                                ],
                                                "Filter": "((t.production_year > 2006) AND (t.kind_id = 1))",
                                                "Rows Removed by Filter": 332592,
                                                "Workers": [
                                                    {
                                                        "Worker Number": 0,
                                                        "Actual Startup Time": 45.432,
                                                        "Actual Total Time": 70.895,
                                                        "Actual Rows": 30226,
                                                        "Actual Loops": 1
                                                    },
                                                    {
                                                        "Worker Number": 1,
                                                        "Actual Startup Time": 45.817,
                                                        "Actual Total Time": 71.497,
                                                        "Actual Rows": 31149,
                                                        "Actual Loops": 1
                                                    },
                                                    {
                                                        "Worker Number": 2,
                                                        "Actual Startup Time": 46.241,
                                                        "Actual Total Time": 71.915,
                                                        "Actual Rows": 21139,
                                                        "Actual Loops": 1
                                                    },
                                                    {
                                                        "Worker Number": 3,
                                                        "Actual Startup Time": 46.549,
                                                        "Actual Total Time": 71.818,
                                                        "Actual Rows": 20689,
                                                        "Actual Loops": 1
                                                    },
                                                    {
                                                        "Worker Number": 4,
                                                        "Actual Startup Time": 47.491,
                                                        "Actual Total Time": 70.375,
                                                        "Actual Rows": 26045,
                                                        "Actual Loops": 1
                                                    },
                                                    {
                                                        "Worker Number": 5,
                                                        "Actual Startup Time": 46.958,
                                                        "Actual Total Time": 72.472,
                                                        "Actual Rows": 31290,
                                                        "Actual Loops": 1
                                                    }
                                                ]
                                            }
                                        ]
                                    }
                                ]
                            }
                        ]
                    }
                ]
            }
        ]
    },
    "Planning Time": 0.809,
    "Triggers": [],
    "Execution Time": 653.09
}