[
  {
    "Plan": {
      "Node Type": "Aggregate",
      "Strategy": "Plain",
      "Partial Mode": "Finalize",
      "Parallel Aware": false,
      "Startup Cost": 348764.04,
      "Total Cost": 348764.05,
      "Plan Rows": 1,
      "Plan Width": 8,
      "Actual Startup Time": 664.781,
      "Actual Total Time": 720.5,
      "Actual Rows": 1,
      "Actual Loops": 1,
      "Plans": [
        {
          "Node Type": "Gather",
          "Parent Relationship": "Outer",
          "Parallel Aware": false,
          "Startup Cost": 348763.42,
          "Total Cost": 348764.03,
          "Plan Rows": 6,
          "Plan Width": 8,
          "Actual Startup Time": 664.633,
          "Actual Total Time": 720.489,
          "Actual Rows": 7,
          "Actual Loops": 1,
          "Workers Planned": 6,
          "Workers Launched": 6,
          "Single Copy": false,
          "Plans": [
            {
              "Node Type": "Aggregate",
              "Strategy": "Plain",
              "Partial Mode": "Partial",
              "Parent Relationship": "Outer",
              "Parallel Aware": false,
              "Startup Cost": 347763.42,
              "Total Cost": 347763.43,
              "Plan Rows": 1,
              "Plan Width": 8,
              "Actual Startup Time": 654.072,
              "Actual Total Time": 654.073,
              "Actual Rows": 1,
              "Actual Loops": 7,
              "Plans": [
                {
                  "Node Type": "Seq Scan",
                  "Parent Relationship": "Outer",
                  "Parallel Aware": true,
                  "Relation Name": "cast_info",
                  "Alias": "ci",
                  "Startup Cost": 0.0,
                  "Total Cost": 343257.03,
                  "Plan Rows": 1802555,
                  "Plan Width": 0,
                  "Actual Startup Time": 343.966,
                  "Actual Total Time": 619.418,
                  "Actual Rows": 814976,
                  "Actual Loops": 7,
                  "Filter": "((person_id < 2456374) AND (role_id > 2))",
                  "Rows Removed by Filter": 4362787
                }
              ]
            }
          ]
        }
      ]
    },
    "Planning Time": 0.208,
    "Triggers": [],
    "Execution Time": 720.569
  }
]