[
    {
        "Bao": {
            "Bao prediction": "NaN",
            "Bao recommended hint": "(no hint)"
        }
    },
    {
        "Plan": {
            "Node Type": "Aggregate",
            "Strategy": "Plain",
            "Partial Mode": "Finalize",
            "Parallel Aware": false,
            "Startup Cost": 33478.62,
            "Total Cost": 33478.63,
            "Plan Rows": 1,
            "Plan Width": 8,
            "Actual Startup Time": 98.512,
            "Actual Total Time": 102.399,
            "Actual Rows": 1,
            "Actual Loops": 1,
            "Output": [
                "count(*)"
            ],
            "Plans": [
                {
                    "Node Type": "Gather",
                    "Parent Relationship": "Outer",
                    "Parallel Aware": false,
                    "Startup Cost": 33478.3,
                    "Total Cost": 33478.61,
                    "Plan Rows": 3,
                    "Plan Width": 8,
                    "Actual Startup Time": 98.415,
                    "Actual Total Time": 102.392,
                    "Actual Rows": 4,
                    "Actual Loops": 1,
                    "Output": [
                        "(PARTIAL count(*))"
                    ],
                    "Workers Planned": 3,
                    "Workers Launched": 3,
                    "Single Copy": false,
                    "Plans": [
                        {
                            "Node Type": "Aggregate",
                            "Strategy": "Plain",
                            "Partial Mode": "Partial",
                            "Parent Relationship": "Outer",
                            "Parallel Aware": false,
                            "Startup Cost": 32478.3,
                            "Total Cost": 32478.31,
                            "Plan Rows": 1,
                            "Plan Width": 8,
                            "Actual Startup Time": 90.605,
                            "Actual Total Time": 90.606,
                            "Actual Rows": 1,
                            "Actual Loops": 4,
                            "Output": [
                                "PARTIAL count(*)"
                            ],
                            "Workers": [
                                {
                                    "Worker Number": 0,
                                    "Actual Startup Time": 87.966,
                                    "Actual Total Time": 87.967,
                                    "Actual Rows": 1,
                                    "Actual Loops": 1
                                },
                                {
                                    "Worker Number": 1,
                                    "Actual Startup Time": 88.083,
                                    "Actual Total Time": 88.083,
                                    "Actual Rows": 1,
                                    "Actual Loops": 1
                                },
                                {
                                    "Worker Number": 2,
                                    "Actual Startup Time": 88.291,
                                    "Actual Total Time": 88.292,
                                    "Actual Rows": 1,
                                    "Actual Loops": 1
                                }
                            ],
                            "Plans": [
                                {
                                    "Node Type": "Seq Scan",
                                    "Parent Relationship": "Outer",
                                    "Parallel Aware": true,
                                    "Relation Name": "movie_companies",
                                    "Schema": "public",
                                    "Alias": "mc",
                                    "Startup Cost": 0.0,
                                    "Total Cost": 31414.82,
                                    "Plan Rows": 425392,
                                    "Plan Width": 0,
                                    "Actual Startup Time": 42.947,
                                    "Actual Total Time": 77.692,
                                    "Actual Rows": 327618,
                                    "Actual Loops": 4,
                                    "Output": [
                                        "id",
                                        "movie_id",
                                        "company_id",
                                        "company_type_id",
                                        "note"
                                    ],
                                    "Filter": "((mc.company_id < 212505) AND (mc.company_type_id = 2))",
                                    "Rows Removed by Filter": 324664,
                                    "Workers": [
                                        {
                                            "Worker Number": 0,
                                            "Actual Startup Time": 40.311,
                                            "Actual Total Time": 75.249,
                                            "Actual Rows": 315169,
                                            "Actual Loops": 1
                                        },
                                        {
                                            "Worker Number": 1,
                                            "Actual Startup Time": 40.427,
                                            "Actual Total Time": 75.404,
                                            "Actual Rows": 312042,
                                            "Actual Loops": 1
                                        },
                                        {
                                            "Worker Number": 2,
                                            "Actual Startup Time": 40.635,
                                            "Actual Total Time": 75.602,
                                            "Actual Rows": 316436,
                                            "Actual Loops": 1
                                        }
                                    ]
                                }
                            ]
                        }
                    ]
                }
            ]
        },
        "Planning Time": 215.558,
        "Triggers": [],
        "Execution Time": 102.462
    }
]