[
  {
    "Plan": {
      "Node Type": "Aggregate",
      "Strategy": "Plain",
      "Partial Mode": "Finalize",
      "Parallel Aware": false,
      "Startup Cost": 332232.02,
      "Total Cost": 332232.03,
      "Plan Rows": 1,
      "Plan Width": 8,
      "Actual Startup Time": 621.268,
      "Actual Total Time": 680.164,
      "Actual Rows": 1,
      "Actual Loops": 1,
      "Plans": [
        {
          "Node Type": "Gather",
          "Parent Relationship": "Outer",
          "Parallel Aware": false,
          "Startup Cost": 332231.4,
          "Total Cost": 332232.01,
          "Plan Rows": 6,
          "Plan Width": 8,
          "Actual Startup Time": 621.088,
          "Actual Total Time": 680.151,
          "Actual Rows": 7,
          "Actual Loops": 1,
          "Workers Planned": 6,
          "Workers Launched": 6,
          "Single Copy": false,
          "Plans": [
            {
              "Node Type": "Aggregate",
              "Strategy": "Plain",
              "Partial Mode": "Partial",
              "Parent Relationship": "Outer",
              "Parallel Aware": false,
              "Startup Cost": 331231.4,
              "Total Cost": 331231.41,
              "Plan Rows": 1,
              "Plan Width": 8,
              "Actual Startup Time": 611.128,
              "Actual Total Time": 611.129,
              "Actual Rows": 1,
              "Actual Loops": 7,
              "Plans": [
                {
                  "Node Type": "Seq Scan",
                  "Parent Relationship": "Outer",
                  "Parallel Aware": true,
                  "Relation Name": "cast_info",
                  "Alias": "ci",
                  "Startup Cost": 0.0,
                  "Total Cost": 328211.39,
                  "Plan Rows": 1208002,
                  "Plan Width": 0,
                  "Actual Startup Time": 339.258,
                  "Actual Total Time": 563.814,
                  "Actual Rows": 1022532,
                  "Actual Loops": 7,
                  "Filter": "(person_id > 2951769)",
                  "Rows Removed by Filter": 4155231
                }
              ]
            }
          ]
        }
      ]
    },
    "Planning Time": 0.205,
    "Triggers": [],
    "Execution Time": 680.236
  }
]