[
    {
        "Bao": {
            "Bao prediction": "NaN",
            "Bao recommended hint": "(no hint)"
        }
    },
    {
        "Plan": {
            "Node Type": "Aggregate",
            "Strategy": "Plain",
            "Partial Mode": "Finalize",
            "Parallel Aware": false,
            "Startup Cost": 300606.5,
            "Total Cost": 300606.51,
            "Plan Rows": 1,
            "Plan Width": 8,
            "Actual Startup Time": 963.538,
            "Actual Total Time": 997.189,
            "Actual Rows": 1,
            "Actual Loops": 1,
            "Output": [
                "count(*)"
            ],
            "Plans": [
                {
                    "Node Type": "Gather",
                    "Parent Relationship": "Outer",
                    "Parallel Aware": false,
                    "Startup Cost": 300605.97,
                    "Total Cost": 300606.48,
                    "Plan Rows": 5,
                    "Plan Width": 8,
                    "Actual Startup Time": 934.673,
                    "Actual Total Time": 997.177,
                    "Actual Rows": 6,
                    "Actual Loops": 1,
                    "Output": [
                        "(PARTIAL count(*))"
                    ],
                    "Workers Planned": 5,
                    "Workers Launched": 5,
                    "Single Copy": false,
                    "Plans": [
                        {
                            "Node Type": "Aggregate",
                            "Strategy": "Plain",
                            "Partial Mode": "Partial",
                            "Parent Relationship": "Outer",
                            "Parallel Aware": false,
                            "Startup Cost": 299605.97,
                            "Total Cost": 299605.98,
                            "Plan Rows": 1,
                            "Plan Width": 8,
                            "Actual Startup Time": 924.675,
                            "Actual Total Time": 925.102,
                            "Actual Rows": 1,
                            "Actual Loops": 6,
                            "Output": [
                                "PARTIAL count(*)"
                            ],
                            "Workers": [
                                {
                                    "Worker Number": 0,
                                    "Actual Startup Time": 923.2,
                                    "Actual Total Time": 923.206,
                                    "Actual Rows": 1,
                                    "Actual Loops": 1
                                },
                                {
                                    "Worker Number": 1,
                                    "Actual Startup Time": 922.357,
                                    "Actual Total Time": 922.361,
                                    "Actual Rows": 1,
                                    "Actual Loops": 1
                                },
                                {
                                    "Worker Number": 2,
                                    "Actual Startup Time": 922.535,
                                    "Actual Total Time": 922.54,
                                    "Actual Rows": 1,
                                    "Actual Loops": 1
                                },
                                {
                                    "Worker Number": 3,
                                    "Actual Startup Time": 922.905,
                                    "Actual Total Time": 922.91,
                                    "Actual Rows": 1,
                                    "Actual Loops": 1
                                },
                                {
                                    "Worker Number": 4,
                                    "Actual Startup Time": 923.237,
                                    "Actual Total Time": 923.243,
                                    "Actual Rows": 1,
                                    "Actual Loops": 1
                                }
                            ],
                            "Plans": [
                                {
                                    "Node Type": "Hash Join",
                                    "Parent Relationship": "Outer",
                                    "Parallel Aware": true,
                                    "Join Type": "Inner",
                                    "Startup Cost": 97262.63,
                                    "Total Cost": 299077.07,
                                    "Plan Rows": 211560,
                                    "Plan Width": 0,
                                    "Actual Startup Time": 504.405,
                                    "Actual Total Time": 874.012,
                                    "Actual Rows": 1238285,
                                    "Actual Loops": 6,
                                    "Inner Unique": false,
                                    "Hash Cond": "(mi.movie_id = t.id)",
                                    "Workers": [
                                        {
                                            "Worker Number": 0,
                                            "Actual Startup Time": 501.7,
                                            "Actual Total Time": 870.408,
                                            "Actual Rows": 840841,
                                            "Actual Loops": 1
                                        },
                                        {
                                            "Worker Number": 1,
                                            "Actual Startup Time": 502.328,
                                            "Actual Total Time": 871.155,
                                            "Actual Rows": 1321166,
                                            "Actual Loops": 1
                                        },
                                        {
                                            "Worker Number": 2,
                                            "Actual Startup Time": 502.492,
                                            "Actual Total Time": 871.986,
                                            "Actual Rows": 1304960,
                                            "Actual Loops": 1
                                        },
                                        {
                                            "Worker Number": 3,
                                            "Actual Startup Time": 502.871,
                                            "Actual Total Time": 872.73,
                                            "Actual Rows": 1295871,
                                            "Actual Loops": 1
                                        },
                                        {
                                            "Worker Number": 4,
                                            "Actual Startup Time": 503.232,
                                            "Actual Total Time": 872.13,
                                            "Actual Rows": 1321033,
                                            "Actual Loops": 1
                                        }
                                    ],
                                    "Plans": [
                                        {
                                            "Node Type": "Seq Scan",
                                            "Parent Relationship": "Outer",
                                            "Parallel Aware": true,
                                            "Relation Name": "movie_info",
                                            "Schema": "public",
                                            "Alias": "mi",
                                            "Startup Cost": 0.0,
                                            "Total Cost": 198880.74,
                                            "Plan Rows": 600336,
                                            "Plan Width": 4,
                                            "Actual Startup Time": 65.862,
                                            "Actual Total Time": 285.603,
                                            "Actual Rows": 506120,
                                            "Actual Loops": 6,
                                            "Output": [
                                                "mi.id",
                                                "mi.movie_id",
                                                "mi.info_type_id",
                                                "mi.info",
                                                "mi.note"
                                            ],
                                            "Filter": "(mi.info_type_id = 16)",
                                            "Rows Removed by Filter": 1966500,
                                            "Workers": [
                                                {
                                                    "Worker Number": 0,
                                                    "Actual Startup Time": 65.854,
                                                    "Actual Total Time": 286.451,
                                                    "Actual Rows": 333985,
                                                    "Actual Loops": 1
                                                },
                                                {
                                                    "Worker Number": 1,
                                                    "Actual Startup Time": 65.884,
                                                    "Actual Total Time": 286.942,
                                                    "Actual Rows": 531133,
                                                    "Actual Loops": 1
                                                },
                                                {
                                                    "Worker Number": 2,
                                                    "Actual Startup Time": 65.836,
                                                    "Actual Total Time": 283.849,
                                                    "Actual Rows": 508722,
                                                    "Actual Loops": 1
                                                },
                                                {
                                                    "Worker Number": 3,
                                                    "Actual Startup Time": 65.864,
                                                    "Actual Total Time": 288.499,
                                                    "Actual Rows": 542517,
                                                    "Actual Loops": 1
                                                },
                                                {
                                                    "Worker Number": 4,
                                                    "Actual Startup Time": 65.893,
                                                    "Actual Total Time": 287.013,
                                                    "Actual Rows": 535078,
                                                    "Actual Loops": 1
                                                }
                                            ]
                                        },
                                        {
                                            "Node Type": "Hash",
                                            "Parent Relationship": "Inner",
                                            "Parallel Aware": true,
                                            "Startup Cost": 93669.93,
                                            "Total Cost": 93669.93,
                                            "Plan Rows": 287416,
                                            "Plan Width": 8,
                                            "Actual Startup Time": 423.217,
                                            "Actual Total Time": 423.642,
                                            "Actual Rows": 144862,
                                            "Actual Loops": 6,
                                            "Output": [
                                                "t.id",
                                                "mk.movie_id"
                                            ],
                                            "Hash Buckets": 1048576,
                                            "Original Hash Buckets": 1048576,
                                            "Hash Batches": 1,
                                            "Original Hash Batches": 1,
                                            "Peak Memory Usage": 42272,
                                            "Workers": [
                                                {
                                                    "Worker Number": 0,
                                                    "Actual Startup Time": 422.967,
                                                    "Actual Total Time": 422.971,
                                                    "Actual Rows": 95476,
                                                    "Actual Loops": 1
                                                },
                                                {
                                                    "Worker Number": 1,
                                                    "Actual Startup Time": 423.88,
                                                    "Actual Total Time": 423.883,
                                                    "Actual Rows": 152654,
                                                    "Actual Loops": 1
                                                },
                                                {
                                                    "Worker Number": 2,
                                                    "Actual Startup Time": 423.898,
                                                    "Actual Total Time": 423.902,
                                                    "Actual Rows": 144049,
                                                    "Actual Loops": 1
                                                },
                                                {
                                                    "Worker Number": 3,
                                                    "Actual Startup Time": 424.483,
                                                    "Actual Total Time": 424.486,
                                                    "Actual Rows": 152114,
                                                    "Actual Loops": 1
                                                },
                                                {
                                                    "Worker Number": 4,
                                                    "Actual Startup Time": 424.737,
                                                    "Actual Total Time": 424.742,
                                                    "Actual Rows": 153115,
                                                    "Actual Loops": 1
                                                }
                                            ],
                                            "Plans": [
                                                {
                                                    "Node Type": "Hash Join",
                                                    "Parent Relationship": "Outer",
                                                    "Parallel Aware": true,
                                                    "Join Type": "Inner",
                                                    "Startup Cost": 50219.81,
                                                    "Total Cost": 93669.93,
                                                    "Plan Rows": 287416,
                                                    "Plan Width": 8,
                                                    "Actual Startup Time": 270.408,
                                                    "Actual Total Time": 376.178,
                                                    "Actual Rows": 144862,
                                                    "Actual Loops": 6,
                                                    "Output": [
                                                        "t.id",
                                                        "mk.movie_id"
                                                    ],
                                                    "Inner Unique": true,
                                                    "Hash Cond": "(mk.movie_id = t.id)",
                                                    "Workers": [
                                                        {
                                                            "Worker Number": 0,
                                                            "Actual Startup Time": 270.343,
                                                            "Actual Total Time": 378.603,
                                                            "Actual Rows": 95476,
                                                            "Actual Loops": 1
                                                        },
                                                        {
                                                            "Worker Number": 1,
                                                            "Actual Startup Time": 270.423,
                                                            "Actual Total Time": 375.553,
                                                            "Actual Rows": 152654,
                                                            "Actual Loops": 1
                                                        },
                                                        {
                                                            "Worker Number": 2,
                                                            "Actual Startup Time": 270.306,
                                                            "Actual Total Time": 375.683,
                                                            "Actual Rows": 144049,
                                                            "Actual Loops": 1
                                                        },
                                                        {
                                                            "Worker Number": 3,
                                                            "Actual Startup Time": 270.412,
                                                            "Actual Total Time": 375.351,
                                                            "Actual Rows": 152114,
                                                            "Actual Loops": 1
                                                        },
                                                        {
                                                            "Worker Number": 4,
                                                            "Actual Startup Time": 270.411,
                                                            "Actual Total Time": 375.445,
                                                            "Actual Rows": 153115,
                                                            "Actual Loops": 1
                                                        }
                                                    ],
                                                    "Plans": [
                                                        {
                                                            "Node Type": "Seq Scan",
                                                            "Parent Relationship": "Outer",
                                                            "Parallel Aware": true,
                                                            "Relation Name": "movie_keyword",
                                                            "Schema": "public",
                                                            "Alias": "mk",
                                                            "Startup Cost": 0.0,
                                                            "Total Cost": 42695.65,
                                                            "Plan Rows": 287416,
                                                            "Plan Width": 4,
                                                            "Actual Startup Time": 1.111,
                                                            "Actual Total Time": 66.888,
                                                            "Actual Rows": 144862,
                                                            "Actual Loops": 6,
                                                            "Output": [
                                                                "mk.id",
                                                                "mk.movie_id",
                                                                "mk.keyword_id"
                                                            ],
                                                            "Filter": "(mk.keyword_id > 21183)",
                                                            "Rows Removed by Filter": 609126,
                                                            "Workers": [
                                                                {
                                                                    "Worker Number": 0,
                                                                    "Actual Startup Time": 1.073,
                                                                    "Actual Total Time": 68.462,
                                                                    "Actual Rows": 95476,
                                                                    "Actual Loops": 1
                                                                },
                                                                {
                                                                    "Worker Number": 1,
                                                                    "Actual Startup Time": 1.15,
                                                                    "Actual Total Time": 67.654,
                                                                    "Actual Rows": 152654,
                                                                    "Actual Loops": 1
                                                                },
                                                                {
                                                                    "Worker Number": 2,
                                                                    "Actual Startup Time": 1.059,
                                                                    "Actual Total Time": 67.205,
                                                                    "Actual Rows": 144049,
                                                                    "Actual Loops": 1
                                                                },
                                                                {
                                                                    "Worker Number": 3,
                                                                    "Actual Startup Time": 1.155,
                                                                    "Actual Total Time": 67.65,
                                                                    "Actual Rows": 152114,
                                                                    "Actual Loops": 1
                                                                },
                                                                {
                                                                    "Worker Number": 4,
                                                                    "Actual Startup Time": 1.085,
                                                                    "Actual Total Time": 67.703,
                                                                    "Actual Rows": 153115,
                                                                    "Actual Loops": 1
                                                                }
                                                            ]
                                                        },
                                                        {
                                                            "Node Type": "Hash",
                                                            "Parent Relationship": "Inner",
                                                            "Parallel Aware": true,
                                                            "Startup Cost": 42318.81,
                                                            "Total Cost": 42318.81,
                                                            "Plan Rows": 632080,
                                                            "Plan Width": 4,
                                                            "Actual Startup Time": 264.172,
                                                            "Actual Total Time": 264.174,
                                                            "Actual Rows": 421385,
                                                            "Actual Loops": 6,
                                                            "Output": [
                                                                "t.id"
                                                            ],
                                                            "Hash Buckets": 4194304,
                                                            "Original Hash Buckets": 4194304,
                                                            "Hash Batches": 1,
                                                            "Original Hash Batches": 1,
                                                            "Peak Memory Usage": 131776,
                                                            "Workers": [
                                                                {
                                                                    "Worker Number": 0,
                                                                    "Actual Startup Time": 268.898,
                                                                    "Actual Total Time": 268.899,
                                                                    "Actual Rows": 294029,
                                                                    "Actual Loops": 1
                                                                },
                                                                {
                                                                    "Worker Number": 1,
                                                                    "Actual Startup Time": 269.172,
                                                                    "Actual Total Time": 269.173,
                                                                    "Actual Rows": 423762,
                                                                    "Actual Loops": 1
                                                                },
                                                                {
                                                                    "Worker Number": 2,
                                                                    "Actual Startup Time": 268.876,
                                                                    "Actual Total Time": 268.878,
                                                                    "Actual Rows": 394843,
                                                                    "Actual Loops": 1
                                                                },
                                                                {
                                                                    "Worker Number": 3,
                                                                    "Actual Startup Time": 269.195,
                                                                    "Actual Total Time": 269.196,
                                                                    "Actual Rows": 424287,
                                                                    "Actual Loops": 1
                                                                },
                                                                {
                                                                    "Worker Number": 4,
                                                                    "Actual Startup Time": 269.007,
                                                                    "Actual Total Time": 269.008,
                                                                    "Actual Rows": 430621,
                                                                    "Actual Loops": 1
                                                                }
                                                            ],
                                                            "Plans": [
                                                                {
                                                                    "Node Type": "Seq Scan",
                                                                    "Parent Relationship": "Outer",
                                                                    "Parallel Aware": true,
                                                                    "Relation Name": "title",
                                                                    "Schema": "public",
                                                                    "Alias": "t",
                                                                    "Startup Cost": 0.0,
                                                                    "Total Cost": 42318.81,
                                                                    "Plan Rows": 632080,
                                                                    "Plan Width": 4,
                                                                    "Actual Startup Time": 0.053,
                                                                    "Actual Total Time": 71.682,
                                                                    "Actual Rows": 421385,
                                                                    "Actual Loops": 6,
                                                                    "Output": [
                                                                        "t.id"
                                                                    ],
                                                                    "Workers": [
                                                                        {
                                                                            "Worker Number": 0,
                                                                            "Actual Startup Time": 0.063,
                                                                            "Actual Total Time": 76.466,
                                                                            "Actual Rows": 294029,
                                                                            "Actual Loops": 1
                                                                        },
                                                                        {
                                                                            "Worker Number": 1,
                                                                            "Actual Startup Time": 0.059,
                                                                            "Actual Total Time": 74.273,
                                                                            "Actual Rows": 423762,
                                                                            "Actual Loops": 1
                                                                        },
                                                                        {
                                                                            "Worker Number": 2,
                                                                            "Actual Startup Time": 0.068,
                                                                            "Actual Total Time": 70.35,
                                                                            "Actual Rows": 394843,
                                                                            "Actual Loops": 1
                                                                        },
                                                                        {
                                                                            "Worker Number": 3,
                                                                            "Actual Startup Time": 0.057,
                                                                            "Actual Total Time": 74.096,
                                                                            "Actual Rows": 424287,
                                                                            "Actual Loops": 1
                                                                        },
                                                                        {
                                                                            "Worker Number": 4,
                                                                            "Actual Startup Time": 0.056,
                                                                            "Actual Total Time": 73.944,
                                                                            "Actual Rows": 430621,
                                                                            "Actual Loops": 1
                                                                        }
                                                                    ]
                                                                }
                                                            ]
                                                        }
                                                    ]
                                                }
                                            ]
                                        }
                                    ]
                                }
                            ]
                        }
                    ]
                }
            ]
        },
        "Planning Time": 206.158,
        "Triggers": [],
        "Execution Time": 997.303
    }
]