[
    {
        "Bao": {
            "Bao prediction": "NaN",
            "Bao recommended hint": "(no hint)"
        }
    },
    {
        "Plan": {
            "Node Type": "Aggregate",
            "Strategy": "Plain",
            "Partial Mode": "Finalize",
            "Parallel Aware": false,
            "Startup Cost": 37597.03,
            "Total Cost": 37597.04,
            "Plan Rows": 1,
            "Plan Width": 8,
            "Actual Startup Time": 111.328,
            "Actual Total Time": 117.927,
            "Actual Rows": 1,
            "Actual Loops": 1,
            "Output": [
                "count(*)"
            ],
            "Plans": [
                {
                    "Node Type": "Gather",
                    "Parent Relationship": "Outer",
                    "Parallel Aware": false,
                    "Startup Cost": 37596.71,
                    "Total Cost": 37597.02,
                    "Plan Rows": 3,
                    "Plan Width": 8,
                    "Actual Startup Time": 111.071,
                    "Actual Total Time": 117.919,
                    "Actual Rows": 4,
                    "Actual Loops": 1,
                    "Output": [
                        "(PARTIAL count(*))"
                    ],
                    "Workers Planned": 3,
                    "Workers Launched": 3,
                    "Single Copy": false,
                    "Plans": [
                        {
                            "Node Type": "Aggregate",
                            "Strategy": "Plain",
                            "Partial Mode": "Partial",
                            "Parent Relationship": "Outer",
                            "Parallel Aware": false,
                            "Startup Cost": 36596.71,
                            "Total Cost": 36596.72,
                            "Plan Rows": 1,
                            "Plan Width": 8,
                            "Actual Startup Time": 102.581,
                            "Actual Total Time": 102.582,
                            "Actual Rows": 1,
                            "Actual Loops": 4,
                            "Output": [
                                "PARTIAL count(*)"
                            ],
                            "Workers": [
                                {
                                    "Worker Number": 0,
                                    "Actual Startup Time": 99.65,
                                    "Actual Total Time": 99.651,
                                    "Actual Rows": 1,
                                    "Actual Loops": 1
                                },
                                {
                                    "Worker Number": 1,
                                    "Actual Startup Time": 99.736,
                                    "Actual Total Time": 99.738,
                                    "Actual Rows": 1,
                                    "Actual Loops": 1
                                },
                                {
                                    "Worker Number": 2,
                                    "Actual Startup Time": 100.131,
                                    "Actual Total Time": 100.132,
                                    "Actual Rows": 1,
                                    "Actual Loops": 1
                                }
                            ],
                            "Plans": [
                                {
                                    "Node Type": "Bitmap Heap Scan",
                                    "Parent Relationship": "Outer",
                                    "Parallel Aware": true,
                                    "Relation Name": "movie_keyword",
                                    "Schema": "public",
                                    "Alias": "mk",
                                    "Startup Cost": 9887.89,
                                    "Total Cost": 36220.91,
                                    "Plan Rows": 150321,
                                    "Plan Width": 0,
                                    "Actual Startup Time": 27.167,
                                    "Actual Total Time": 96.093,
                                    "Actual Rows": 115752,
                                    "Actual Loops": 4,
                                    "Recheck Cond": "(mk.keyword_id < 353)",
                                    "Rows Removed by Index Recheck": 0,
                                    "Exact Heap Blocks": 10933,
                                    "Lossy Heap Blocks": 0,
                                    "Workers": [
                                        {
                                            "Worker Number": 0,
                                            "Actual Startup Time": 24.311,
                                            "Actual Total Time": 93.767,
                                            "Actual Rows": 83905,
                                            "Actual Loops": 1
                                        },
                                        {
                                            "Worker Number": 1,
                                            "Actual Startup Time": 24.472,
                                            "Actual Total Time": 93.822,
                                            "Actual Rows": 85680,
                                            "Actual Loops": 1
                                        },
                                        {
                                            "Worker Number": 2,
                                            "Actual Startup Time": 24.823,
                                            "Actual Total Time": 94.462,
                                            "Actual Rows": 83356,
                                            "Actual Loops": 1
                                        }
                                    ],
                                    "Plans": [
                                        {
                                            "Node Type": "Bitmap Index Scan",
                                            "Parent Relationship": "Outer",
                                            "Parallel Aware": false,
                                            "Index Name": "keyword_id_movie_keyword",
                                            "Startup Cost": 0.0,
                                            "Total Cost": 9771.4,
                                            "Plan Rows": 465995,
                                            "Plan Width": 0,
                                            "Actual Startup Time": 31.576,
                                            "Actual Total Time": 31.576,
                                            "Actual Rows": 463008,
                                            "Actual Loops": 1,
                                            "Index Cond": "(mk.keyword_id < 353)"
                                        }
                                    ]
                                }
                            ]
                        }
                    ]
                }
            ]
        },
        "Planning Time": 179.596,
        "Triggers": [],
        "Execution Time": 117.982
    }
]