{
  "Plan": {
    "Node Type": "Aggregate",
    "Strategy": "Plain",
    "Partial Mode": "Finalize",
    "Parallel Aware": false,
    "Startup Cost": 598292.85,
    "Total Cost": 598292.86,
    "Plan Rows": 1,
    "Plan Width": 8,
    "Actual Startup Time": 1605.535,
    "Actual Total Time": 1632.274,
    "Actual Rows": 1,
    "Actual Loops": 1,
    "Plans": [
      {
        "Node Type": "Gather",
        "Parent Relationship": "Outer",
        "Parallel Aware": false,
        "Startup Cost": 598292.74,
        "Total Cost": 598292.85,
        "Plan Rows": 1,
        "Plan Width": 8,
        "Actual Startup Time": 1597.267,
        "Actual Total Time": 1632.264,
        "Actual Rows": 2,
        "Actual Loops": 1,
        "Workers Planned": 1,
        "Workers Launched": 1,
        "Single Copy": false,
        "Plans": [
          {
            "Node Type": "Aggregate",
            "Strategy": "Plain",
            "Partial Mode": "Partial",
            "Parent Relationship": "Outer",
            "Parallel Aware": false,
            "Startup Cost": 597292.74,
            "Total Cost": 597292.75,
            "Plan Rows": 1,
            "Plan Width": 8,
            "Actual Startup Time": 1591.174,
            "Actual Total Time": 1591.48,
            "Actual Rows": 1,
            "Actual Loops": 2,
            "Plans": [
              {
                "Node Type": "Hash Join",
                "Parent Relationship": "Outer",
                "Parallel Aware": true,
                "Join Type": "Inner",
                "Startup Cost": 315143.61,
                "Total Cost": 596190.91,
                "Plan Rows": 440734,
                "Plan Width": 0,
                "Actual Startup Time": 942.872,
                "Actual Total Time": 1521.519,
                "Actual Rows": 1435848,
                "Actual Loops": 2,
                "Inner Unique": false,
                "Hash Cond": "(ci.movie_id = t.id)",
                "Plans": [
                  {
                    "Node Type": "Bitmap Heap Scan",
                    "Parent Relationship": "Outer",
                    "Parallel Aware": true,
                    "Relation Name": "cast_info",
                    "Alias": "ci",
                    "Startup Cost": 59540.26,
                    "Total Cost": 332048.61,
                    "Plan Rows": 1585708,
                    "Plan Width": 4,
                    "Actual Startup Time": 83.557,
                    "Actual Total Time": 263.035,
                    "Actual Rows": 1282540,
                    "Actual Loops": 2,
                    "Recheck Cond": "(person_id > 3562541)",
                    "Rows Removed by Index Recheck": 0,
                    "Exact Heap Blocks": 23173,
                    "Lossy Heap Blocks": 0,
                    "Plans": [
                      {
                        "Node Type": "Bitmap Index Scan",
                        "Parent Relationship": "Outer",
                        "Parallel Aware": false,
                        "Index Name": "person_id_cast_info",
                        "Startup Cost": 0.0,
                        "Total Cost": 58866.34,
                        "Plan Rows": 2695703,
                        "Plan Width": 0,
                        "Actual Startup Time": 77.661,
                        "Actual Total Time": 77.662,
                        "Actual Rows": 2565081,
                        "Actual Loops": 1,
                        "Index Cond": "(person_id > 3562541)"
                      }
                    ]
                  },
                  {
                    "Node Type": "Hash",
                    "Parent Relationship": "Inner",
                    "Parallel Aware": true,
                    "Startup Cost": 250436.31,
                    "Total Cost": 250436.31,
                    "Plan Rows": 413363,
                    "Plan Width": 8,
                    "Actual Startup Time": 850.22,
                    "Actual Total Time": 850.524,
                    "Actual Rows": 330462,
                    "Actual Loops": 2,
                    "Hash Buckets": 1048576,
                    "Original Hash Buckets": 1048576,
                    "Hash Batches": 1,
                    "Original Hash Batches": 1,
                    "Peak Memory Usage": 34080,
                    "Plans": [
                      {
                        "Node Type": "Hash Join",
                        "Parent Relationship": "Outer",
                        "Parallel Aware": true,
                        "Join Type": "Inner",
                        "Startup Cost": 82191.19,
                        "Total Cost": 250436.31,
                        "Plan Rows": 413363,
                        "Plan Width": 8,
                        "Actual Startup Time": 599.335,
                        "Actual Total Time": 762.668,
                        "Actual Rows": 330462,
                        "Actual Loops": 2,
                        "Inner Unique": true,
                        "Hash Cond": "(mi.movie_id = t.id)",
                        "Plans": [
                          {
                            "Node Type": "Bitmap Heap Scan",
                            "Parent Relationship": "Outer",
                            "Parallel Aware": true,
                            "Relation Name": "movie_info",
                            "Alias": "mi",
                            "Startup Cost": 12730.49,
                            "Total Cost": 179890.53,
                            "Plan Rows": 413363,
                            "Plan Width": 4,
                            "Actual Startup Time": 20.255,
                            "Actual Total Time": 61.946,
                            "Actual Rows": 330462,
                            "Actual Loops": 2,
                            "Recheck Cond": "(info_type_id = 18)",
                            "Rows Removed by Index Recheck": 0,
                            "Exact Heap Blocks": 4196,
                            "Lossy Heap Blocks": 0,
                            "Plans": [
                              {
                                "Node Type": "Bitmap Index Scan",
                                "Parent Relationship": "Outer",
                                "Parallel Aware": false,
                                "Index Name": "info_type_id_movie_info",
                                "Startup Cost": 0.0,
                                "Total Cost": 12554.81,
                                "Plan Rows": 702717,
                                "Plan Width": 0,
                                "Actual Startup Time": 19.315,
                                "Actual Total Time": 19.315,
                                "Actual Rows": 660923,
                                "Actual Loops": 1,
                                "Index Cond": "(info_type_id = 18)"
                              }
                            ]
                          },
                          {
                            "Node Type": "Hash",
                            "Parent Relationship": "Inner",
                            "Parallel Aware": true,
                            "Startup Cost": 50870.31,
                            "Total Cost": 50870.31,
                            "Plan Rows": 1487231,
                            "Plan Width": 4,
                            "Actual Startup Time": 563.773,
                            "Actual Total Time": 563.774,
                            "Actual Rows": 1264156,
                            "Actual Loops": 2,
                            "Hash Buckets": 4194304,
                            "Original Hash Buckets": 4194304,
                            "Hash Batches": 1,
                            "Original Hash Batches": 1,
                            "Peak Memory Usage": 131712,
                            "Plans": [
                              {
                                "Node Type": "Seq Scan",
                                "Parent Relationship": "Outer",
                                "Parallel Aware": true,
                                "Relation Name": "title",
                                "Alias": "t",
                                "Startup Cost": 0.0,
                                "Total Cost": 50870.31,
                                "Plan Rows": 1487231,
                                "Plan Width": 4,
                                "Actual Startup Time": 0.034,
                                "Actual Total Time": 174.667,
                                "Actual Rows": 1264156,
                                "Actual Loops": 2
                              }
                            ]
                          }
                        ]
                      }
                    ]
                  }
                ]
              }
            ]
          }
        ]
      }
    ]
  },
  "Planning Time": 1.082,
  "Triggers": [],
  "Execution Time": 1632.389
}