[
  {
    "Plan": {
      "Node Type": "Aggregate",
      "Strategy": "Plain",
      "Partial Mode": "Finalize",
      "Parallel Aware": false,
      "Startup Cost": 93292.12,
      "Total Cost": 93292.13,
      "Plan Rows": 1,
      "Plan Width": 8,
      "Actual Startup Time": 322.122,
      "Actual Total Time": 340.155,
      "Actual Rows": 1,
      "Actual Loops": 1,
      "Plans": [
        {
          "Node Type": "Gather",
          "Parent Relationship": "Outer",
          "Parallel Aware": false,
          "Startup Cost": 93291.8,
          "Total Cost": 93292.11,
          "Plan Rows": 3,
          "Plan Width": 8,
          "Actual Startup Time": 321.627,
          "Actual Total Time": 340.144,
          "Actual Rows": 4,
          "Actual Loops": 1,
          "Workers Planned": 3,
          "Workers Launched": 3,
          "Single Copy": false,
          "Plans": [
            {
              "Node Type": "Aggregate",
              "Strategy": "Plain",
              "Partial Mode": "Partial",
              "Parent Relationship": "Outer",
              "Parallel Aware": false,
              "Startup Cost": 92291.8,
              "Total Cost": 92291.81,
              "Plan Rows": 1,
              "Plan Width": 8,
              "Actual Startup Time": 312.738,
              "Actual Total Time": 312.742,
              "Actual Rows": 1,
              "Actual Loops": 4,
              "Plans": [
                {
                  "Node Type": "Hash Join",
                  "Parent Relationship": "Outer",
                  "Parallel Aware": true,
                  "Join Type": "Inner",
                  "Startup Cost": 45723.55,
                  "Total Cost": 92180.95,
                  "Plan Rows": 44339,
                  "Plan Width": 0,
                  "Actual Startup Time": 110.706,
                  "Actual Total Time": 312.243,
                  "Actual Rows": 10669,
                  "Actual Loops": 4,
                  "Inner Unique": true,
                  "Hash Cond": "(mk.movie_id = t.id)",
                  "Plans": [
                    {
                      "Node Type": "Seq Scan",
                      "Parent Relationship": "Outer",
                      "Parallel Aware": true,
                      "Relation Name": "movie_keyword",
                      "Alias": "mk",
                      "Startup Cost": 0.0,
                      "Total Cost": 42695.65,
                      "Plan Rows": 1433043,
                      "Plan Width": 4,
                      "Actual Startup Time": 0.03,
                      "Actual Total Time": 122.313,
                      "Actual Rows": 1108738,
                      "Actual Loops": 4,
                      "Filter": "(keyword_id > 73)",
                      "Rows Removed by Filter": 22244
                    },
                    {
                      "Node Type": "Hash",
                      "Parent Relationship": "Inner",
                      "Parallel Aware": true,
                      "Startup Cost": 45479.1,
                      "Total Cost": 45479.1,
                      "Plan Rows": 19556,
                      "Plan Width": 4,
                      "Actual Startup Time": 108.693,
                      "Actual Total Time": 108.694,
                      "Actual Rows": 21171,
                      "Actual Loops": 4,
                      "Hash Buckets": 131072,
                      "Original Hash Buckets": 131072,
                      "Hash Batches": 1,
                      "Original Hash Batches": 1,
                      "Peak Memory Usage": 4384,
                      "Plans": [
                        {
                          "Node Type": "Seq Scan",
                          "Parent Relationship": "Outer",
                          "Parallel Aware": true,
                          "Relation Name": "title",
                          "Alias": "t",
                          "Startup Cost": 0.0,
                          "Total Cost": 45479.1,
                          "Plan Rows": 19556,
                          "Plan Width": 4,
                          "Actual Startup Time": 0.042,
                          "Actual Total Time": 99.709,
                          "Actual Rows": 21171,
                          "Actual Loops": 4,
                          "Filter": "((kind_id = 7) AND (production_year = 2009))",
                          "Rows Removed by Filter": 610907
                        }
                      ]
                    }
                  ]
                }
              ]
            }
          ]
        }
      ]
    },
    "Planning Time": 0.641,
    "Triggers": [],
    "Execution Time": 340.224
  }
]