[
  {
    "Plan": {
      "Node Type": "Aggregate",
      "Strategy": "Plain",
      "Partial Mode": "Finalize",
      "Parallel Aware": false,
      "Startup Cost": 47273.08,
      "Total Cost": 47273.09,
      "Plan Rows": 1,
      "Plan Width": 8,
      "Actual Startup Time": 180.09,
      "Actual Total Time": 190.25,
      "Actual Rows": 1,
      "Actual Loops": 1,
      "Plans": [
        {
          "Node Type": "Gather",
          "Parent Relationship": "Outer",
          "Parallel Aware": false,
          "Startup Cost": 47272.77,
          "Total Cost": 47273.08,
          "Plan Rows": 3,
          "Plan Width": 8,
          "Actual Startup Time": 179.986,
          "Actual Total Time": 190.241,
          "Actual Rows": 4,
          "Actual Loops": 1,
          "Workers Planned": 3,
          "Workers Launched": 3,
          "Single Copy": false,
          "Plans": [
            {
              "Node Type": "Aggregate",
              "Strategy": "Plain",
              "Partial Mode": "Partial",
              "Parent Relationship": "Outer",
              "Parallel Aware": false,
              "Startup Cost": 46272.77,
              "Total Cost": 46272.78,
              "Plan Rows": 1,
              "Plan Width": 8,
              "Actual Startup Time": 173.121,
              "Actual Total Time": 173.122,
              "Actual Rows": 1,
              "Actual Loops": 4,
              "Plans": [
                {
                  "Node Type": "Seq Scan",
                  "Parent Relationship": "Outer",
                  "Parallel Aware": true,
                  "Relation Name": "movie_keyword",
                  "Alias": "mk",
                  "Startup Cost": 0.0,
                  "Total Cost": 42695.65,
                  "Plan Rows": 1430845,
                  "Plan Width": 0,
                  "Actual Startup Time": 0.053,
                  "Actual Total Time": 123.134,
                  "Actual Rows": 1109403,
                  "Actual Loops": 4,
                  "Filter": "(keyword_id < 85968)",
                  "Rows Removed by Filter": 21580
                }
              ]
            }
          ]
        }
      ]
    },
    "Planning Time": 0.182,
    "Triggers": [],
    "Execution Time": 190.304
  }
]