[
  {
    "Plan": {
      "Node Type": "Aggregate",
      "Strategy": "Plain",
      "Partial Mode": "Finalize",
      "Parallel Aware": false,
      "Startup Cost": 256981.77,
      "Total Cost": 256981.78,
      "Plan Rows": 1,
      "Plan Width": 8,
      "Actual Startup Time": 1081.475,
      "Actual Total Time": 1130.672,
      "Actual Rows": 1,
      "Actual Loops": 1,
      "Plans": [
        {
          "Node Type": "Gather",
          "Parent Relationship": "Outer",
          "Parallel Aware": false,
          "Startup Cost": 256981.25,
          "Total Cost": 256981.76,
          "Plan Rows": 5,
          "Plan Width": 8,
          "Actual Startup Time": 1078.304,
          "Actual Total Time": 1130.664,
          "Actual Rows": 6,
          "Actual Loops": 1,
          "Workers Planned": 5,
          "Workers Launched": 5,
          "Single Copy": false,
          "Plans": [
            {
              "Node Type": "Aggregate",
              "Strategy": "Plain",
              "Partial Mode": "Partial",
              "Parent Relationship": "Outer",
              "Parallel Aware": false,
              "Startup Cost": 255981.25,
              "Total Cost": 255981.26,
              "Plan Rows": 1,
              "Plan Width": 8,
              "Actual Startup Time": 1070.335,
              "Actual Total Time": 1070.34,
              "Actual Rows": 1,
              "Actual Loops": 6,
              "Plans": [
                {
                  "Node Type": "Hash Join",
                  "Parent Relationship": "Outer",
                  "Parallel Aware": true,
                  "Join Type": "Inner",
                  "Startup Cost": 47671.21,
                  "Total Cost": 254058.4,
                  "Plan Rows": 769139,
                  "Plan Width": 0,
                  "Actual Startup Time": 140.067,
                  "Actual Total Time": 1012.94,
                  "Actual Rows": 1325716,
                  "Actual Loops": 6,
                  "Inner Unique": true,
                  "Hash Cond": "(mi.movie_id = t.id)",
                  "Plans": [
                    {
                      "Node Type": "Seq Scan",
                      "Parent Relationship": "Outer",
                      "Parallel Aware": true,
                      "Relation Name": "movie_info",
                      "Alias": "mi",
                      "Startup Cost": 0.0,
                      "Total Cost": 199108.24,
                      "Plan Rows": 2772929,
                      "Plan Width": 4,
                      "Actual Startup Time": 0.035,
                      "Actual Total Time": 367.629,
                      "Actual Rows": 2311226,
                      "Actual Loops": 6,
                      "Filter": "(info_type_id < 94)",
                      "Rows Removed by Filter": 161394
                    },
                    {
                      "Node Type": "Hash",
                      "Parent Relationship": "Inner",
                      "Parallel Aware": true,
                      "Startup Cost": 45479.59,
                      "Total Cost": 45479.59,
                      "Plan Rows": 175330,
                      "Plan Width": 4,
                      "Actual Startup Time": 135.713,
                      "Actual Total Time": 135.715,
                      "Actual Rows": 124988,
                      "Actual Loops": 6,
                      "Hash Buckets": 1048576,
                      "Original Hash Buckets": 1048576,
                      "Hash Batches": 1,
                      "Original Hash Batches": 1,
                      "Peak Memory Usage": 37632,
                      "Plans": [
                        {
                          "Node Type": "Seq Scan",
                          "Parent Relationship": "Outer",
                          "Parallel Aware": true,
                          "Relation Name": "title",
                          "Alias": "t",
                          "Startup Cost": 0.0,
                          "Total Cost": 45479.59,
                          "Plan Rows": 175330,
                          "Plan Width": 4,
                          "Actual Startup Time": 0.028,
                          "Actual Total Time": 79.537,
                          "Actual Rows": 124988,
                          "Actual Loops": 6,
                          "Filter": "((kind_id < 7) AND (production_year < 2009))",
                          "Rows Removed by Filter": 296397
                        }
                      ]
                    }
                  ]
                }
              ]
            }
          ]
        }
      ]
    },
    "Planning Time": 0.345,
    "Triggers": [],
    "Execution Time": 1130.73
  }
]