[
  {
    "Plan": {
      "Node Type": "Aggregate",
      "Strategy": "Plain",
      "Partial Mode": "Finalize",
      "Parallel Aware": false,
      "Startup Cost": 157598.41,
      "Total Cost": 157598.42,
      "Plan Rows": 1,
      "Plan Width": 8,
      "Actual Startup Time": 255.034,
      "Actual Total Time": 274.28,
      "Actual Rows": 1,
      "Actual Loops": 1,
      "Plans": [
        {
          "Node Type": "Gather",
          "Parent Relationship": "Outer",
          "Parallel Aware": false,
          "Startup Cost": 157597.89,
          "Total Cost": 157598.4,
          "Plan Rows": 5,
          "Plan Width": 8,
          "Actual Startup Time": 254.889,
          "Actual Total Time": 274.269,
          "Actual Rows": 6,
          "Actual Loops": 1,
          "Workers Planned": 5,
          "Workers Launched": 5,
          "Single Copy": false,
          "Plans": [
            {
              "Node Type": "Aggregate",
              "Strategy": "Plain",
              "Partial Mode": "Partial",
              "Parent Relationship": "Outer",
              "Parallel Aware": false,
              "Startup Cost": 156597.89,
              "Total Cost": 156597.9,
              "Plan Rows": 1,
              "Plan Width": 8,
              "Actual Startup Time": 249.482,
              "Actual Total Time": 249.484,
              "Actual Rows": 1,
              "Actual Loops": 6,
              "Plans": [
                {
                  "Node Type": "Index Scan",
                  "Parent Relationship": "Outer",
                  "Parallel Aware": true,
                  "Scan Direction": "Forward",
                  "Index Name": "role_id_cast_info",
                  "Relation Name": "cast_info",
                  "Alias": "ci",
                  "Startup Cost": 0.56,
                  "Total Cost": 155872.35,
                  "Plan Rows": 290218,
                  "Plan Width": 0,
                  "Actual Startup Time": 0.099,
                  "Actual Total Time": 215.889,
                  "Actual Rows": 692516,
                  "Actual Loops": 6,
                  "Index Cond": "(role_id > 8)",
                  "Rows Removed by Index Recheck": 0,
                  "Filter": "(person_id > 2788799)",
                  "Rows Removed by Filter": 262932
                }
              ]
            }
          ]
        }
      ]
    },
    "Planning Time": 0.228,
    "Triggers": [],
    "Execution Time": 274.324
  }
]