[
    {
        "Bao": {
            "Bao prediction": "NaN",
            "Bao recommended hint": "(no hint)"
        }
    },
    {
        "Plan": {
            "Node Type": "Aggregate",
            "Strategy": "Plain",
            "Partial Mode": "Finalize",
            "Parallel Aware": false,
            "Startup Cost": 40216.29,
            "Total Cost": 40216.3,
            "Plan Rows": 1,
            "Plan Width": 8,
            "Actual Startup Time": 119.326,
            "Actual Total Time": 124.741,
            "Actual Rows": 1,
            "Actual Loops": 1,
            "Output": [
                "count(*)"
            ],
            "Plans": [
                {
                    "Node Type": "Gather",
                    "Parent Relationship": "Outer",
                    "Parallel Aware": false,
                    "Startup Cost": 40215.98,
                    "Total Cost": 40216.29,
                    "Plan Rows": 3,
                    "Plan Width": 8,
                    "Actual Startup Time": 119.099,
                    "Actual Total Time": 124.733,
                    "Actual Rows": 4,
                    "Actual Loops": 1,
                    "Output": [
                        "(PARTIAL count(*))"
                    ],
                    "Workers Planned": 3,
                    "Workers Launched": 3,
                    "Single Copy": false,
                    "Plans": [
                        {
                            "Node Type": "Aggregate",
                            "Strategy": "Plain",
                            "Partial Mode": "Partial",
                            "Parent Relationship": "Outer",
                            "Parallel Aware": false,
                            "Startup Cost": 39215.98,
                            "Total Cost": 39215.99,
                            "Plan Rows": 1,
                            "Plan Width": 8,
                            "Actual Startup Time": 110.559,
                            "Actual Total Time": 110.56,
                            "Actual Rows": 1,
                            "Actual Loops": 4,
                            "Output": [
                                "PARTIAL count(*)"
                            ],
                            "Workers": [
                                {
                                    "Worker Number": 0,
                                    "Actual Startup Time": 107.484,
                                    "Actual Total Time": 107.486,
                                    "Actual Rows": 1,
                                    "Actual Loops": 1
                                },
                                {
                                    "Worker Number": 1,
                                    "Actual Startup Time": 107.761,
                                    "Actual Total Time": 107.762,
                                    "Actual Rows": 1,
                                    "Actual Loops": 1
                                },
                                {
                                    "Worker Number": 2,
                                    "Actual Startup Time": 108.28,
                                    "Actual Total Time": 108.281,
                                    "Actual Rows": 1,
                                    "Actual Loops": 1
                                }
                            ],
                            "Plans": [
                                {
                                    "Node Type": "Bitmap Heap Scan",
                                    "Parent Relationship": "Outer",
                                    "Parallel Aware": true,
                                    "Relation Name": "movie_keyword",
                                    "Schema": "public",
                                    "Alias": "mk",
                                    "Startup Cost": 12020.06,
                                    "Total Cost": 38758.99,
                                    "Plan Rows": 182794,
                                    "Plan Width": 0,
                                    "Actual Startup Time": 30.876,
                                    "Actual Total Time": 102.929,
                                    "Actual Rows": 140398,
                                    "Actual Loops": 4,
                                    "Recheck Cond": "(mk.keyword_id > 32711)",
                                    "Rows Removed by Index Recheck": 0,
                                    "Exact Heap Blocks": 10124,
                                    "Lossy Heap Blocks": 0,
                                    "Workers": [
                                        {
                                            "Worker Number": 0,
                                            "Actual Startup Time": 28.035,
                                            "Actual Total Time": 100.498,
                                            "Actual Rows": 107461,
                                            "Actual Loops": 1
                                        },
                                        {
                                            "Worker Number": 1,
                                            "Actual Startup Time": 28.17,
                                            "Actual Total Time": 100.875,
                                            "Actual Rows": 103232,
                                            "Actual Loops": 1
                                        },
                                        {
                                            "Worker Number": 2,
                                            "Actual Startup Time": 28.638,
                                            "Actual Total Time": 101.426,
                                            "Actual Rows": 106547,
                                            "Actual Loops": 1
                                        }
                                    ],
                                    "Plans": [
                                        {
                                            "Node Type": "Bitmap Index Scan",
                                            "Parent Relationship": "Outer",
                                            "Parallel Aware": false,
                                            "Index Name": "keyword_id_movie_keyword",
                                            "Startup Cost": 0.0,
                                            "Total Cost": 11878.4,
                                            "Plan Rows": 566662,
                                            "Plan Width": 0,
                                            "Actual Startup Time": 35.31,
                                            "Actual Total Time": 35.31,
                                            "Actual Rows": 561592,
                                            "Actual Loops": 1,
                                            "Index Cond": "(mk.keyword_id > 32711)"
                                        }
                                    ]
                                }
                            ]
                        }
                    ]
                }
            ]
        },
        "Planning Time": 181.227,
        "Triggers": [],
        "Execution Time": 124.862
    }
]