[
  {
    "Plan": {
      "Node Type": "Aggregate",
      "Strategy": "Plain",
      "Partial Mode": "Finalize",
      "Parallel Aware": false,
      "Startup Cost": 91502.75,
      "Total Cost": 91502.76,
      "Plan Rows": 1,
      "Plan Width": 8,
      "Actual Startup Time": 197.382,
      "Actual Total Time": 215.596,
      "Actual Rows": 1,
      "Actual Loops": 1,
      "Plans": [
        {
          "Node Type": "Gather",
          "Parent Relationship": "Outer",
          "Parallel Aware": false,
          "Startup Cost": 91502.43,
          "Total Cost": 91502.74,
          "Plan Rows": 3,
          "Plan Width": 8,
          "Actual Startup Time": 196.887,
          "Actual Total Time": 215.588,
          "Actual Rows": 4,
          "Actual Loops": 1,
          "Workers Planned": 3,
          "Workers Launched": 3,
          "Single Copy": false,
          "Plans": [
            {
              "Node Type": "Aggregate",
              "Strategy": "Plain",
              "Partial Mode": "Partial",
              "Parent Relationship": "Outer",
              "Parallel Aware": false,
              "Startup Cost": 90502.43,
              "Total Cost": 90502.44,
              "Plan Rows": 1,
              "Plan Width": 8,
              "Actual Startup Time": 191.5,
              "Actual Total Time": 191.504,
              "Actual Rows": 1,
              "Actual Loops": 4,
              "Plans": [
                {
                  "Node Type": "Nested Loop",
                  "Parent Relationship": "Outer",
                  "Parallel Aware": false,
                  "Join Type": "Inner",
                  "Startup Cost": 51862.92,
                  "Total Cost": 90457.42,
                  "Plan Rows": 18004,
                  "Plan Width": 0,
                  "Actual Startup Time": 113.429,
                  "Actual Total Time": 190.582,
                  "Actual Rows": 12758,
                  "Actual Loops": 4,
                  "Inner Unique": false,
                  "Join Filter": "(t.id = mi.movie_id)",
                  "Rows Removed by Join Filter": 0,
                  "Plans": [
                    {
                      "Node Type": "Hash Join",
                      "Parent Relationship": "Outer",
                      "Parallel Aware": true,
                      "Join Type": "Inner",
                      "Startup Cost": 51862.48,
                      "Total Cost": 78100.19,
                      "Plan Rows": 3066,
                      "Plan Width": 8,
                      "Actual Startup Time": 113.321,
                      "Actual Total Time": 164.225,
                      "Actual Rows": 722,
                      "Actual Loops": 4,
                      "Inner Unique": true,
                      "Hash Cond": "(mk.movie_id = t.id)",
                      "Plans": [
                        {
                          "Node Type": "Bitmap Heap Scan",
                          "Parent Relationship": "Outer",
                          "Parallel Aware": true,
                          "Relation Name": "movie_keyword",
                          "Alias": "mk",
                          "Startup Cost": 7757.72,
                          "Total Cost": 33685.86,
                          "Plan Rows": 117931,
                          "Plan Width": 4,
                          "Actual Startup Time": 22.074,
                          "Actual Total Time": 59.975,
                          "Actual Rows": 90923,
                          "Actual Loops": 4,
                          "Recheck Cond": "(keyword_id < 335)",
                          "Rows Removed by Index Recheck": 0,
                          "Exact Heap Blocks": 10521,
                          "Lossy Heap Blocks": 0,
                          "Plans": [
                            {
                              "Node Type": "Bitmap Index Scan",
                              "Parent Relationship": "Outer",
                              "Parallel Aware": false,
                              "Index Name": "keyword_id_movie_keyword",
                              "Startup Cost": 0.0,
                              "Total Cost": 7666.33,
                              "Plan Rows": 365586,
                              "Plan Width": 0,
                              "Actual Startup Time": 18.535,
                              "Actual Total Time": 18.535,
                              "Actual Rows": 363692,
                              "Actual Loops": 1,
                              "Index Cond": "(keyword_id < 335)"
                            }
                          ]
                        },
                        {
                          "Node Type": "Hash",
                          "Parent Relationship": "Inner",
                          "Parallel Aware": true,
                          "Startup Cost": 43899.32,
                          "Total Cost": 43899.32,
                          "Plan Rows": 16435,
                          "Plan Width": 4,
                          "Actual Startup Time": 89.854,
                          "Actual Total Time": 89.855,
                          "Actual Rows": 15957,
                          "Actual Loops": 4,
                          "Hash Buckets": 131072,
                          "Original Hash Buckets": 131072,
                          "Hash Batches": 1,
                          "Original Hash Batches": 1,
                          "Peak Memory Usage": 3584,
                          "Plans": [
                            {
                              "Node Type": "Seq Scan",
                              "Parent Relationship": "Outer",
                              "Parallel Aware": true,
                              "Relation Name": "title",
                              "Alias": "t",
                              "Startup Cost": 0.0,
                              "Total Cost": 43899.32,
                              "Plan Rows": 16435,
                              "Plan Width": 4,
                              "Actual Startup Time": 0.035,
                              "Actual Total Time": 83.476,
                              "Actual Rows": 15957,
                              "Actual Loops": 4,
                              "Filter": "(production_year = 2013)",
                              "Rows Removed by Filter": 616121
                            }
                          ]
                        }
                      ]
                    },
                    {
                      "Node Type": "Index Only Scan",
                      "Parent Relationship": "Inner",
                      "Parallel Aware": false,
                      "Scan Direction": "Forward",
                      "Index Name": "movie_id_movie_info",
                      "Relation Name": "movie_info",
                      "Alias": "mi",
                      "Startup Cost": 0.43,
                      "Total Cost": 3.52,
                      "Plan Rows": 41,
                      "Plan Width": 4,
                      "Actual Startup Time": 0.011,
                      "Actual Total Time": 0.034,
                      "Actual Rows": 18,
                      "Actual Loops": 2888,
                      "Index Cond": "(movie_id = mk.movie_id)",
                      "Rows Removed by Index Recheck": 0,
                      "Heap Fetches": 51034
                    }
                  ]
                }
              ]
            }
          ]
        }
      ]
    },
    "Planning Time": 0.853,
    "Triggers": [],
    "Execution Time": 215.653
  }
]