[
  {
    "Plan": {
      "Node Type": "Aggregate",
      "Strategy": "Plain",
      "Partial Mode": "Finalize",
      "Parallel Aware": false,
      "Startup Cost": 90792.12,
      "Total Cost": 90792.13,
      "Plan Rows": 1,
      "Plan Width": 8,
      "Actual Startup Time": 220.71,
      "Actual Total Time": 243.206,
      "Actual Rows": 1,
      "Actual Loops": 1,
      "Plans": [
        {
          "Node Type": "Gather",
          "Parent Relationship": "Outer",
          "Parallel Aware": false,
          "Startup Cost": 90791.8,
          "Total Cost": 90792.11,
          "Plan Rows": 3,
          "Plan Width": 8,
          "Actual Startup Time": 220.033,
          "Actual Total Time": 243.198,
          "Actual Rows": 4,
          "Actual Loops": 1,
          "Workers Planned": 3,
          "Workers Launched": 3,
          "Single Copy": false,
          "Plans": [
            {
              "Node Type": "Aggregate",
              "Strategy": "Plain",
              "Partial Mode": "Partial",
              "Parent Relationship": "Outer",
              "Parallel Aware": false,
              "Startup Cost": 89791.8,
              "Total Cost": 89791.81,
              "Plan Rows": 1,
              "Plan Width": 8,
              "Actual Startup Time": 210.46,
              "Actual Total Time": 210.464,
              "Actual Rows": 1,
              "Actual Loops": 4,
              "Plans": [
                {
                  "Node Type": "Nested Loop",
                  "Parent Relationship": "Outer",
                  "Parallel Aware": false,
                  "Join Type": "Inner",
                  "Startup Cost": 51423.13,
                  "Total Cost": 89749.4,
                  "Plan Rows": 16961,
                  "Plan Width": 0,
                  "Actual Startup Time": 126.501,
                  "Actual Total Time": 209.66,
                  "Actual Rows": 12758,
                  "Actual Loops": 4,
                  "Inner Unique": false,
                  "Join Filter": "(t.id = mi.movie_id)",
                  "Rows Removed by Join Filter": 0,
                  "Plans": [
                    {
                      "Node Type": "Hash Join",
                      "Parent Relationship": "Outer",
                      "Parallel Aware": true,
                      "Join Type": "Inner",
                      "Startup Cost": 51422.69,
                      "Total Cost": 77559.73,
                      "Plan Rows": 2901,
                      "Plan Width": 8,
                      "Actual Startup Time": 126.422,
                      "Actual Total Time": 184.897,
                      "Actual Rows": 722,
                      "Actual Loops": 4,
                      "Inner Unique": true,
                      "Hash Cond": "(mk.movie_id = t.id)",
                      "Plans": [
                        {
                          "Node Type": "Bitmap Heap Scan",
                          "Parent Relationship": "Outer",
                          "Parallel Aware": true,
                          "Relation Name": "movie_keyword",
                          "Alias": "mk",
                          "Startup Cost": 7317.83,
                          "Total Cost": 33162.77,
                          "Plan Rows": 111275,
                          "Plan Width": 4,
                          "Actual Startup Time": 25.1,
                          "Actual Total Time": 69.935,
                          "Actual Rows": 90923,
                          "Actual Loops": 4,
                          "Recheck Cond": "(keyword_id < 335)",
                          "Rows Removed by Index Recheck": 0,
                          "Exact Heap Blocks": 8819,
                          "Lossy Heap Blocks": 0,
                          "Plans": [
                            {
                              "Node Type": "Bitmap Index Scan",
                              "Parent Relationship": "Outer",
                              "Parallel Aware": false,
                              "Index Name": "keyword_id_movie_keyword",
                              "Startup Cost": 0.0,
                              "Total Cost": 7231.59,
                              "Plan Rows": 344954,
                              "Plan Width": 0,
                              "Actual Startup Time": 21.465,
                              "Actual Total Time": 21.465,
                              "Actual Rows": 363692,
                              "Actual Loops": 1,
                              "Index Cond": "(keyword_id < 335)"
                            }
                          ]
                        },
                        {
                          "Node Type": "Hash",
                          "Parent Relationship": "Inner",
                          "Parallel Aware": true,
                          "Startup Cost": 43898.92,
                          "Total Cost": 43898.92,
                          "Plan Rows": 16476,
                          "Plan Width": 4,
                          "Actual Startup Time": 99.254,
                          "Actual Total Time": 99.255,
                          "Actual Rows": 15957,
                          "Actual Loops": 4,
                          "Hash Buckets": 131072,
                          "Original Hash Buckets": 131072,
                          "Hash Batches": 1,
                          "Original Hash Batches": 1,
                          "Peak Memory Usage": 3584,
                          "Plans": [
                            {
                              "Node Type": "Seq Scan",
                              "Parent Relationship": "Outer",
                              "Parallel Aware": true,
                              "Relation Name": "title",
                              "Alias": "t",
                              "Startup Cost": 0.0,
                              "Total Cost": 43898.92,
                              "Plan Rows": 16476,
                              "Plan Width": 4,
                              "Actual Startup Time": 0.053,
                              "Actual Total Time": 91.699,
                              "Actual Rows": 15957,
                              "Actual Loops": 4,
                              "Filter": "(production_year = 2013)",
                              "Rows Removed by Filter": 616121
                            }
                          ]
                        }
                      ]
                    },
                    {
                      "Node Type": "Index Only Scan",
                      "Parent Relationship": "Inner",
                      "Parallel Aware": false,
                      "Scan Direction": "Forward",
                      "Index Name": "movie_id_movie_info",
                      "Relation Name": "movie_info",
                      "Alias": "mi",
                      "Startup Cost": 0.43,
                      "Total Cost": 3.68,
                      "Plan Rows": 42,
                      "Plan Width": 4,
                      "Actual Startup Time": 0.011,
                      "Actual Total Time": 0.032,
                      "Actual Rows": 18,
                      "Actual Loops": 2888,
                      "Index Cond": "(movie_id = mk.movie_id)",
                      "Rows Removed by Index Recheck": 0,
                      "Heap Fetches": 51034
                    }
                  ]
                }
              ]
            }
          ]
        }
      ]
    },
    "Planning Time": 1.391,
    "Triggers": [],
    "Execution Time": 243.315
  }
]