[
  {
    "Plan": {
      "Node Type": "Aggregate",
      "Strategy": "Plain",
      "Partial Mode": "Finalize",
      "Parallel Aware": false,
      "Startup Cost": 158672.95,
      "Total Cost": 158672.96,
      "Plan Rows": 1,
      "Plan Width": 8,
      "Actual Startup Time": 111.971,
      "Actual Total Time": 127.196,
      "Actual Rows": 1,
      "Actual Loops": 1,
      "Plans": [
        {
          "Node Type": "Gather",
          "Parent Relationship": "Outer",
          "Parallel Aware": false,
          "Startup Cost": 158672.53,
          "Total Cost": 158672.94,
          "Plan Rows": 4,
          "Plan Width": 8,
          "Actual Startup Time": 111.834,
          "Actual Total Time": 127.188,
          "Actual Rows": 5,
          "Actual Loops": 1,
          "Workers Planned": 4,
          "Workers Launched": 4,
          "Single Copy": false,
          "Plans": [
            {
              "Node Type": "Aggregate",
              "Strategy": "Plain",
              "Partial Mode": "Partial",
              "Parent Relationship": "Outer",
              "Parallel Aware": false,
              "Startup Cost": 157672.53,
              "Total Cost": 157672.54,
              "Plan Rows": 1,
              "Plan Width": 8,
              "Actual Startup Time": 102.288,
              "Actual Total Time": 102.29,
              "Actual Rows": 1,
              "Actual Loops": 5,
              "Plans": [
                {
                  "Node Type": "Nested Loop",
                  "Parent Relationship": "Outer",
                  "Parallel Aware": false,
                  "Join Type": "Inner",
                  "Startup Cost": 0.56,
                  "Total Cost": 157639.66,
                  "Plan Rows": 13147,
                  "Plan Width": 0,
                  "Actual Startup Time": 59.541,
                  "Actual Total Time": 102.061,
                  "Actual Rows": 2155,
                  "Actual Loops": 5,
                  "Inner Unique": false,
                  "Plans": [
                    {
                      "Node Type": "Seq Scan",
                      "Parent Relationship": "Outer",
                      "Parallel Aware": true,
                      "Relation Name": "title",
                      "Alias": "t",
                      "Startup Cost": 0.0,
                      "Total Cost": 45479.1,
                      "Plan Rows": 918,
                      "Plan Width": 4,
                      "Actual Startup Time": 59.424,
                      "Actual Total Time": 83.337,
                      "Actual Rows": 1887,
                      "Actual Loops": 5,
                      "Filter": "((kind_id < 7) AND (production_year < 1902))",
                      "Rows Removed by Filter": 503776
                    },
                    {
                      "Node Type": "Index Only Scan",
                      "Parent Relationship": "Inner",
                      "Parallel Aware": false,
                      "Scan Direction": "Forward",
                      "Index Name": "movie_id_cast_info",
                      "Relation Name": "cast_info",
                      "Alias": "ci",
                      "Startup Cost": 0.56,
                      "Total Cost": 121.81,
                      "Plan Rows": 37,
                      "Plan Width": 4,
                      "Actual Startup Time": 0.008,
                      "Actual Total Time": 0.009,
                      "Actual Rows": 1,
                      "Actual Loops": 9434,
                      "Index Cond": "(movie_id = t.id)",
                      "Rows Removed by Index Recheck": 0,
                      "Heap Fetches": 10776
                    }
                  ]
                }
              ]
            }
          ]
        }
      ]
    },
    "Planning Time": 0.584,
    "Triggers": [],
    "Execution Time": 127.268
  }
]