{
  "Plan": {
    "Node Type": "Aggregate",
    "Strategy": "Plain",
    "Partial Mode": "Finalize",
    "Parallel Aware": false,
    "Startup Cost": 669564.7,
    "Total Cost": 669564.71,
    "Plan Rows": 1,
    "Plan Width": 8,
    "Actual Startup Time": 8685.036,
    "Actual Total Time": 8741.024,
    "Actual Rows": 1,
    "Actual Loops": 1,
    "Plans": [
      {
        "Node Type": "Gather",
        "Parent Relationship": "Outer",
        "Parallel Aware": false,
        "Startup Cost": 669564.59,
        "Total Cost": 669564.7,
        "Plan Rows": 1,
        "Plan Width": 8,
        "Actual Startup Time": 8680.056,
        "Actual Total Time": 8741.013,
        "Actual Rows": 2,
        "Actual Loops": 1,
        "Workers Planned": 1,
        "Workers Launched": 1,
        "Single Copy": false,
        "Plans": [
          {
            "Node Type": "Aggregate",
            "Strategy": "Plain",
            "Partial Mode": "Partial",
            "Parent Relationship": "Outer",
            "Parallel Aware": false,
            "Startup Cost": 668564.59,
            "Total Cost": 668564.6,
            "Plan Rows": 1,
            "Plan Width": 8,
            "Actual Startup Time": 8668.81,
            "Actual Total Time": 8668.814,
            "Actual Rows": 1,
            "Actual Loops": 2,
            "Plans": [
              {
                "Node Type": "Hash Join",
                "Parent Relationship": "Outer",
                "Parallel Aware": true,
                "Join Type": "Inner",
                "Startup Cost": 69460.7,
                "Total Cost": 629523.43,
                "Plan Rows": 15616465,
                "Plan Width": 0,
                "Actual Startup Time": 646.691,
                "Actual Total Time": 8091.21,
                "Actual Rows": 13327117,
                "Actual Loops": 2,
                "Inner Unique": true,
                "Hash Cond": "(ci.movie_id = t.id)",
                "Plans": [
                  {
                    "Node Type": "Seq Scan",
                    "Parent Relationship": "Outer",
                    "Parallel Aware": true,
                    "Relation Name": "cast_info",
                    "Alias": "ci",
                    "Startup Cost": 0.0,
                    "Total Cost": 519069.44,
                    "Plan Rows": 15616465,
                    "Plan Width": 4,
                    "Actual Startup Time": 0.036,
                    "Actual Total Time": 1692.528,
                    "Actual Rows": 13327117,
                    "Actual Loops": 2,
                    "Filter": "(person_id < 2747999)",
                    "Rows Removed by Filter": 4795055
                  },
                  {
                    "Node Type": "Hash",
                    "Parent Relationship": "Inner",
                    "Parallel Aware": true,
                    "Startup Cost": 50870.31,
                    "Total Cost": 50870.31,
                    "Plan Rows": 1487231,
                    "Plan Width": 4,
                    "Actual Startup Time": 624.999,
                    "Actual Total Time": 624.999,
                    "Actual Rows": 1264156,
                    "Actual Loops": 2,
                    "Hash Buckets": 4194304,
                    "Original Hash Buckets": 4194304,
                    "Hash Batches": 1,
                    "Original Hash Batches": 1,
                    "Peak Memory Usage": 131712,
                    "Plans": [
                      {
                        "Node Type": "Seq Scan",
                        "Parent Relationship": "Outer",
                        "Parallel Aware": true,
                        "Relation Name": "title",
                        "Alias": "t",
                        "Startup Cost": 0.0,
                        "Total Cost": 50870.31,
                        "Plan Rows": 1487231,
                        "Plan Width": 4,
                        "Actual Startup Time": 0.046,
                        "Actual Total Time": 187.509,
                        "Actual Rows": 1264156,
                        "Actual Loops": 2
                      }
                    ]
                  }
                ]
              }
            ]
          }
        ]
      }
    ]
  },
  "Planning Time": 0.661,
  "Triggers": [],
  "Execution Time": 8741.118
}