[
  {
    "Plan": {
      "Node Type": "Aggregate",
      "Strategy": "Plain",
      "Partial Mode": "Finalize",
      "Parallel Aware": false,
      "Startup Cost": 32884.34,
      "Total Cost": 32884.35,
      "Plan Rows": 1,
      "Plan Width": 8,
      "Actual Startup Time": 91.483,
      "Actual Total Time": 99.706,
      "Actual Rows": 1,
      "Actual Loops": 1,
      "Plans": [
        {
          "Node Type": "Gather",
          "Parent Relationship": "Outer",
          "Parallel Aware": false,
          "Startup Cost": 32884.02,
          "Total Cost": 32884.33,
          "Plan Rows": 3,
          "Plan Width": 8,
          "Actual Startup Time": 91.377,
          "Actual Total Time": 99.699,
          "Actual Rows": 4,
          "Actual Loops": 1,
          "Workers Planned": 3,
          "Workers Launched": 3,
          "Single Copy": false,
          "Plans": [
            {
              "Node Type": "Aggregate",
              "Strategy": "Plain",
              "Partial Mode": "Partial",
              "Parent Relationship": "Outer",
              "Parallel Aware": false,
              "Startup Cost": 31884.02,
              "Total Cost": 31884.03,
              "Plan Rows": 1,
              "Plan Width": 8,
              "Actual Startup Time": 82.687,
              "Actual Total Time": 82.688,
              "Actual Rows": 1,
              "Actual Loops": 4,
              "Plans": [
                {
                  "Node Type": "Seq Scan",
                  "Parent Relationship": "Outer",
                  "Parallel Aware": true,
                  "Relation Name": "movie_companies",
                  "Alias": "mc",
                  "Startup Cost": 0.0,
                  "Total Cost": 31414.82,
                  "Plan Rows": 187680,
                  "Plan Width": 0,
                  "Actual Startup Time": 49.732,
                  "Actual Total Time": 78.97,
                  "Actual Rows": 93110,
                  "Actual Loops": 4,
                  "Filter": "((company_id < 8754) AND (company_type_id = 2))",
                  "Rows Removed by Filter": 559173
                }
              ]
            }
          ]
        }
      ]
    },
    "Planning Time": 0.198,
    "Triggers": [],
    "Execution Time": 99.767
  }
]