[
  {
    "Plan": {
      "Node Type": "Aggregate",
      "Strategy": "Plain",
      "Partial Mode": "Finalize",
      "Parallel Aware": false,
      "Startup Cost": 754858.35,
      "Total Cost": 754858.36,
      "Plan Rows": 1,
      "Plan Width": 64,
      "Actual Startup Time": 4192.692,
      "Actual Total Time": 4383.263,
      "Actual Rows": 1,
      "Actual Loops": 1,
      "Plans": [
        {
          "Node Type": "Gather",
          "Parent Relationship": "Outer",
          "Parallel Aware": false,
          "Startup Cost": 754858.24,
          "Total Cost": 754858.35,
          "Plan Rows": 1,
          "Plan Width": 64,
          "Actual Startup Time": 4192.486,
          "Actual Total Time": 4383.252,
          "Actual Rows": 2,
          "Actual Loops": 1,
          "Workers Planned": 1,
          "Workers Launched": 1,
          "Single Copy": false,
          "Plans": [
            {
              "Node Type": "Aggregate",
              "Strategy": "Plain",
              "Partial Mode": "Partial",
              "Parent Relationship": "Outer",
              "Parallel Aware": false,
              "Startup Cost": 753858.24,
              "Total Cost": 753858.25,
              "Plan Rows": 1,
              "Plan Width": 64,
              "Actual Startup Time": 4185.437,
              "Actual Total Time": 4185.46,
              "Actual Rows": 1,
              "Actual Loops": 2,
              "Plans": [
                {
                  "Node Type": "Hash Join",
                  "Parent Relationship": "Outer",
                  "Parallel Aware": false,
                  "Join Type": "Inner",
                  "Startup Cost": 748947.29,
                  "Total Cost": 753858.23,
                  "Plan Rows": 1,
                  "Plan Width": 32,
                  "Actual Startup Time": 4177.838,
                  "Actual Total Time": 4185.449,
                  "Actual Rows": 0,
                  "Actual Loops": 2,
                  "Inner Unique": true,
                  "Hash Cond": "(ci.role_id = rt.id)",
                  "Plans": [
                    {
                      "Node Type": "Hash Join",
                      "Parent Relationship": "Outer",
                      "Parallel Aware": true,
                      "Join Type": "Inner",
                      "Startup Cost": 748946.12,
                      "Total Cost": 753857.07,
                      "Plan Rows": 1,
                      "Plan Width": 36,
                      "Actual Startup Time": 4177.45,
                      "Actual Total Time": 4185.059,
                      "Actual Rows": 0,
                      "Actual Loops": 2,
                      "Inner Unique": false,
                      "Hash Cond": "(cn.id = mc.company_id)",
                      "Plans": [
                        {
                          "Node Type": "Seq Scan",
                          "Parent Relationship": "Outer",
                          "Parallel Aware": true,
                          "Relation Name": "company_name",
                          "Alias": "cn",
                          "Startup Cost": 0.0,
                          "Total Cost": 4722.92,
                          "Plan Rows": 50137,
                          "Plan Width": 4,
                          "Actual Startup Time": 0.016,
                          "Actual Total Time": 14.618,
                          "Actual Rows": 42422,
                          "Actual Loops": 2,
                          "Filter": "((country_code)::text = '[us]'::text)",
                          "Rows Removed by Filter": 75077
                        },
                        {
                          "Node Type": "Hash",
                          "Parent Relationship": "Inner",
                          "Parallel Aware": true,
                          "Startup Cost": 748946.11,
                          "Total Cost": 748946.11,
                          "Plan Rows": 1,
                          "Plan Width": 40,
                          "Actual Startup Time": 4167.786,
                          "Actual Total Time": 4167.805,
                          "Actual Rows": 0,
                          "Actual Loops": 2,
                          "Hash Buckets": 1024,
                          "Original Hash Buckets": 1024,
                          "Hash Batches": 1,
                          "Original Hash Batches": 1,
                          "Peak Memory Usage": 40,
                          "Plans": [
                            {
                              "Node Type": "Hash Join",
                              "Parent Relationship": "Outer",
                              "Parallel Aware": true,
                              "Join Type": "Inner",
                              "Startup Cost": 701674.85,
                              "Total Cost": 748946.11,
                              "Plan Rows": 1,
                              "Plan Width": 40,
                              "Actual Startup Time": 4034.924,
                              "Actual Total Time": 4167.76,
                              "Actual Rows": 0,
                              "Actual Loops": 2,
                              "Inner Unique": false,
                              "Hash Cond": "(chn.id = ci.person_role_id)",
                              "Plans": [
                                {
                                  "Node Type": "Seq Scan",
                                  "Parent Relationship": "Outer",
                                  "Parallel Aware": true,
                                  "Relation Name": "char_name",
                                  "Alias": "chn",
                                  "Startup Cost": 0.0,
                                  "Total Cost": 44325.46,
                                  "Plan Rows": 785546,
                                  "Plan Width": 4,
                                  "Actual Startup Time": 0.007,
                                  "Actual Total Time": 176.48,
                                  "Actual Rows": 1570170,
                                  "Actual Loops": 2
                                },
                                {
                                  "Node Type": "Hash",
                                  "Parent Relationship": "Inner",
                                  "Parallel Aware": true,
                                  "Startup Cost": 701674.83,
                                  "Total Cost": 701674.83,
                                  "Plan Rows": 1,
                                  "Plan Width": 44,
                                  "Actual Startup Time": 3898.4,
                                  "Actual Total Time": 3898.417,
                                  "Actual Rows": 0,
                                  "Actual Loops": 2,
                                  "Hash Buckets": 1024,
                                  "Original Hash Buckets": 1024,
                                  "Hash Batches": 1,
                                  "Original Hash Batches": 1,
                                  "Peak Memory Usage": 40,
                                  "Plans": [
                                    {
                                      "Node Type": "Hash Join",
                                      "Parent Relationship": "Outer",
                                      "Parallel Aware": true,
                                      "Join Type": "Inner",
                                      "Startup Cost": 495164.2,
                                      "Total Cost": 701674.83,
                                      "Plan Rows": 1,
                                      "Plan Width": 44,
                                      "Actual Startup Time": 3483.801,
                                      "Actual Total Time": 3898.374,
                                      "Actual Rows": 0,
                                      "Actual Loops": 2,
                                      "Inner Unique": false,
                                      "Hash Cond": "(mi.movie_id = t.id)",
                                      "Plans": [
                                        {
                                          "Node Type": "Hash Join",
                                          "Parent Relationship": "Outer",
                                          "Parallel Aware": false,
                                          "Join Type": "Inner",
                                          "Startup Cost": 2.43,
                                          "Total Cost": 206513.03,
                                          "Plan Rows": 3,
                                          "Plan Width": 4,
                                          "Actual Startup Time": 300.692,
                                          "Actual Total Time": 1133.311,
                                          "Actual Rows": 34739,
                                          "Actual Loops": 2,
                                          "Inner Unique": true,
                                          "Hash Cond": "(mi.info_type_id = it.id)",
                                          "Plans": [
                                            {
                                              "Node Type": "Seq Scan",
                                              "Parent Relationship": "Outer",
                                              "Parallel Aware": true,
                                              "Relation Name": "movie_info",
                                              "Alias": "mi",
                                              "Startup Cost": 0.0,
                                              "Total Cost": 206509.76,
                                              "Plan Rows": 309,
                                              "Plan Width": 8,
                                              "Actual Startup Time": 300.595,
                                              "Actual Total Time": 1127.596,
                                              "Actual Rows": 34739,
                                              "Actual Loops": 2,
                                              "Filter": "((info IS NOT NULL) AND ((info ~~ 'Japan:%2007%'::text) OR (info ~~ 'USA:%2008%'::text)))",
                                              "Rows Removed by Filter": 7383121
                                            },
                                            {
                                              "Node Type": "Hash",
                                              "Parent Relationship": "Inner",
                                              "Parallel Aware": false,
                                              "Startup Cost": 2.41,
                                              "Total Cost": 2.41,
                                              "Plan Rows": 1,
                                              "Plan Width": 4,
                                              "Actual Startup Time": 0.055,
                                              "Actual Total Time": 0.056,
                                              "Actual Rows": 1,
                                              "Actual Loops": 2,
                                              "Hash Buckets": 1024,
                                              "Original Hash Buckets": 1024,
                                              "Hash Batches": 1,
                                              "Original Hash Batches": 1,
                                              "Peak Memory Usage": 9,
                                              "Plans": [
                                                {
                                                  "Node Type": "Seq Scan",
                                                  "Parent Relationship": "Outer",
                                                  "Parallel Aware": false,
                                                  "Relation Name": "info_type",
                                                  "Alias": "it",
                                                  "Startup Cost": 0.0,
                                                  "Total Cost": 2.41,
                                                  "Plan Rows": 1,
                                                  "Plan Width": 4,
                                                  "Actual Startup Time": 0.038,
                                                  "Actual Total Time": 0.043,
                                                  "Actual Rows": 1,
                                                  "Actual Loops": 2,
                                                  "Filter": "((info)::text = 'release dates'::text)",
                                                  "Rows Removed by Filter": 112
                                                }
                                              ]
                                            }
                                          ]
                                        },
                                        {
                                          "Node Type": "Hash",
                                          "Parent Relationship": "Inner",
                                          "Parallel Aware": true,
                                          "Startup Cost": 495161.77,
                                          "Total Cost": 495161.77,
                                          "Plan Rows": 1,
                                          "Plan Width": 56,
                                          "Actual Startup Time": 2762.454,
                                          "Actual Total Time": 2762.465,
                                          "Actual Rows": 0,
                                          "Actual Loops": 2,
                                          "Hash Buckets": 1024,
                                          "Original Hash Buckets": 1024,
                                          "Hash Batches": 1,
                                          "Original Hash Batches": 1,
                                          "Peak Memory Usage": 40,
                                          "Plans": [
                                            {
                                              "Node Type": "Hash Join",
                                              "Parent Relationship": "Outer",
                                              "Parallel Aware": true,
                                              "Join Type": "Inner",
                                              "Startup Cost": 461559.07,
                                              "Total Cost": 495161.77,
                                              "Plan Rows": 1,
                                              "Plan Width": 56,
                                              "Actual Startup Time": 2669.215,
                                              "Actual Total Time": 2762.426,
                                              "Actual Rows": 0,
                                              "Actual Loops": 2,
                                              "Inner Unique": false,
                                              "Hash Cond": "(t.id = ci.movie_id)",
                                              "Plans": [
                                                {
                                                  "Node Type": "Hash Join",
                                                  "Parent Relationship": "Outer",
                                                  "Parallel Aware": true,
                                                  "Join Type": "Inner",
                                                  "Startup Cost": 47087.01,
                                                  "Total Cost": 80689.27,
                                                  "Plan Rows": 113,
                                                  "Plan Width": 29,
                                                  "Actual Startup Time": 233.137,
                                                  "Actual Total Time": 421.027,
                                                  "Actual Rows": 959,
                                                  "Actual Loops": 2,
                                                  "Inner Unique": true,
                                                  "Hash Cond": "(mc.movie_id = t.id)",
                                                  "Plans": [
                                                    {
                                                      "Node Type": "Seq Scan",
                                                      "Parent Relationship": "Outer",
                                                      "Parallel Aware": true,
                                                      "Relation Name": "movie_companies",
                                                      "Alias": "mc",
                                                      "Startup Cost": 0.0,
                                                      "Total Cost": 33518.95,
                                                      "Plan Rows": 31735,
                                                      "Plan Width": 8,
                                                      "Actual Startup Time": 0.013,
                                                      "Actual Total Time": 178.661,
                                                      "Actual Rows": 99260,
                                                      "Actual Loops": 2,
                                                      "Filter": "((note ~~ '%(200%)%'::text) AND ((note ~~ '%(USA)%'::text) OR (note ~~ '%(worldwide)%'::text)))",
                                                      "Rows Removed by Filter": 1205305
                                                    },
                                                    {
                                                      "Node Type": "Hash",
                                                      "Parent Relationship": "Inner",
                                                      "Parallel Aware": true,
                                                      "Startup Cost": 47058.86,
                                                      "Total Cost": 47058.86,
                                                      "Plan Rows": 2252,
                                                      "Plan Width": 21,
                                                      "Actual Startup Time": 232.327,
                                                      "Actual Total Time": 232.328,
                                                      "Actual Rows": 3876,
                                                      "Actual Loops": 2,
                                                      "Hash Buckets": 16384,
                                                      "Original Hash Buckets": 16384,
                                                      "Hash Batches": 1,
                                                      "Original Hash Batches": 1,
                                                      "Peak Memory Usage": 672,
                                                      "Plans": [
                                                        {
                                                          "Node Type": "Seq Scan",
                                                          "Parent Relationship": "Outer",
                                                          "Parallel Aware": true,
                                                          "Relation Name": "title",
                                                          "Alias": "t",
                                                          "Startup Cost": 0.0,
                                                          "Total Cost": 47058.86,
                                                          "Plan Rows": 2252,
                                                          "Plan Width": 21,
                                                          "Actual Startup Time": 0.184,
                                                          "Actual Total Time": 229.703,
                                                          "Actual Rows": 3876,
                                                          "Actual Loops": 2,
                                                          "Filter": "((title ~~ '%My%'::text) AND (production_year >= 2004) AND (production_year <= 2011))",
                                                          "Rows Removed by Filter": 1260280
                                                        }
                                                      ]
                                                    }
                                                  ]
                                                },
                                                {
                                                  "Node Type": "Hash",
                                                  "Parent Relationship": "Inner",
                                                  "Parallel Aware": true,
                                                  "Startup Cost": 414472.05,
                                                  "Total Cost": 414472.05,
                                                  "Plan Rows": 1,
                                                  "Plan Width": 27,
                                                  "Actual Startup Time": 2341.246,
                                                  "Actual Total Time": 2341.253,
                                                  "Actual Rows": 5,
                                                  "Actual Loops": 2,
                                                  "Hash Buckets": 1024,
                                                  "Original Hash Buckets": 1024,
                                                  "Hash Batches": 1,
                                                  "Original Hash Batches": 1,
                                                  "Peak Memory Usage": 40,
                                                  "Plans": [
                                                    {
                                                      "Node Type": "Hash Join",
                                                      "Parent Relationship": "Outer",
                                                      "Parallel Aware": true,
                                                      "Join Type": "Inner",
                                                      "Startup Cost": 86307.28,
                                                      "Total Cost": 414472.05,
                                                      "Plan Rows": 1,
                                                      "Plan Width": 27,
                                                      "Actual Startup Time": 1899.33,
                                                      "Actual Total Time": 2341.22,
                                                      "Actual Rows": 5,
                                                      "Actual Loops": 2,
                                                      "Inner Unique": false,
                                                      "Hash Cond": "(ci.person_id = n.id)",
                                                      "Plans": [
                                                        {
                                                          "Node Type": "Seq Scan",
                                                          "Parent Relationship": "Outer",
                                                          "Parallel Aware": true,
                                                          "Relation Name": "cast_info",
                                                          "Alias": "ci",
                                                          "Startup Cost": 0.0,
                                                          "Total Cost": 328163.97,
                                                          "Plan Rows": 209,
                                                          "Plan Width": 16,
                                                          "Actual Startup Time": 1418.411,
                                                          "Actual Total Time": 1860.292,
                                                          "Actual Rows": 5,
                                                          "Actual Loops": 2,
                                                          "Filter": "(note = '(as Atalya) (credit only)'::text)",
                                                          "Rows Removed by Filter": 18122167
                                                        },
                                                        {
                                                          "Node Type": "Hash",
                                                          "Parent Relationship": "Inner",
                                                          "Parallel Aware": true,
                                                          "Startup Cost": 86307.19,
                                                          "Total Cost": 86307.19,
                                                          "Plan Rows": 7,
                                                          "Plan Width": 23,
                                                          "Actual Startup Time": 480.832,
                                                          "Actual Total Time": 480.836,
                                                          "Actual Rows": 0,
                                                          "Actual Loops": 2,
                                                          "Hash Buckets": 1024,
                                                          "Original Hash Buckets": 1024,
                                                          "Hash Batches": 1,
                                                          "Original Hash Batches": 1,
                                                          "Peak Memory Usage": 40,
                                                          "Plans": [
                                                            {
                                                              "Node Type": "Hash Join",
                                                              "Parent Relationship": "Outer",
                                                              "Parallel Aware": true,
                                                              "Join Type": "Inner",
                                                              "Startup Cost": 71240.4,
                                                              "Total Cost": 86307.19,
                                                              "Plan Rows": 7,
                                                              "Plan Width": 23,
                                                              "Actual Startup Time": 463.445,
                                                              "Actual Total Time": 480.786,
                                                              "Actual Rows": 0,
                                                              "Actual Loops": 2,
                                                              "Inner Unique": true,
                                                              "Hash Cond": "(an.person_id = n.id)",
                                                              "Plans": [
                                                                {
                                                                  "Node Type": "Seq Scan",
                                                                  "Parent Relationship": "Outer",
                                                                  "Parallel Aware": true,
                                                                  "Relation Name": "aka_name",
                                                                  "Alias": "an",
                                                                  "Startup Cost": 0.0,
                                                                  "Total Cost": 14303.56,
                                                                  "Plan Rows": 290756,
                                                                  "Plan Width": 4,
                                                                  "Actual Startup Time": 0.018,
                                                                  "Actual Total Time": 71.131,
                                                                  "Actual Rows": 450672,
                                                                  "Actual Loops": 2
                                                                },
                                                                {
                                                                  "Node Type": "Hash",
                                                                  "Parent Relationship": "Inner",
                                                                  "Parallel Aware": true,
                                                                  "Startup Cost": 71240.1,
                                                                  "Total Cost": 71240.1,
                                                                  "Plan Rows": 24,
                                                                  "Plan Width": 19,
                                                                  "Actual Startup Time": 374.867,
                                                                  "Actual Total Time": 374.868,
                                                                  "Actual Rows": 1,
                                                                  "Actual Loops": 2,
                                                                  "Hash Buckets": 1024,
                                                                  "Original Hash Buckets": 1024,
                                                                  "Hash Batches": 1,
                                                                  "Original Hash Batches": 1,
                                                                  "Peak Memory Usage": 72,
                                                                  "Plans": [
                                                                    {
                                                                      "Node Type": "Seq Scan",
                                                                      "Parent Relationship": "Outer",
                                                                      "Parallel Aware": true,
                                                                      "Relation Name": "name",
                                                                      "Alias": "n",
                                                                      "Startup Cost": 0.0,
                                                                      "Total Cost": 71240.1,
                                                                      "Plan Rows": 24,
                                                                      "Plan Width": 19,
                                                                      "Actual Startup Time": 206.373,
                                                                      "Actual Total Time": 374.827,
                                                                      "Actual Rows": 1,
                                                                      "Actual Loops": 2,
                                                                      "Filter": "((name ~~ '%Atalya%'::text) AND ((gender)::text = 'f'::text))",
                                                                      "Rows Removed by Filter": 2083744
                                                                    }
                                                                  ]
                                                                }
                                                              ]
                                                            }
                                                          ]
                                                        }
                                                      ]
                                                    }
                                                  ]
                                                }
                                              ]
                                            }
                                          ]
                                        }
                                      ]
                                    }
                                  ]
                                }
                              ]
                            }
                          ]
                        }
                      ]
                    },
                    {
                      "Node Type": "Hash",
                      "Parent Relationship": "Inner",
                      "Parallel Aware": false,
                      "Startup Cost": 1.15,
                      "Total Cost": 1.15,
                      "Plan Rows": 1,
                      "Plan Width": 4,
                      "Actual Startup Time": 0.059,
                      "Actual Total Time": 0.06,
                      "Actual Rows": 1,
                      "Actual Loops": 2,
                      "Hash Buckets": 1024,
                      "Original Hash Buckets": 1024,
                      "Hash Batches": 1,
                      "Original Hash Batches": 1,
                      "Peak Memory Usage": 9,
                      "Plans": [
                        {
                          "Node Type": "Seq Scan",
                          "Parent Relationship": "Outer",
                          "Parallel Aware": false,
                          "Relation Name": "role_type",
                          "Alias": "rt",
                          "Startup Cost": 0.0,
                          "Total Cost": 1.15,
                          "Plan Rows": 1,
                          "Plan Width": 4,
                          "Actual Startup Time": 0.041,
                          "Actual Total Time": 0.045,
                          "Actual Rows": 1,
                          "Actual Loops": 2,
                          "Filter": "((role)::text = 'actress'::text)",
                          "Rows Removed by Filter": 11
                        }
                      ]
                    }
                  ]
                }
              ]
            }
          ]
        }
      ]
    },
    "Planning Time": 34.225,
    "Triggers": [],
    "Execution Time": 4383.748
  }
]