[
  {
    "Plan": {
      "Node Type": "Aggregate",
      "Strategy": "Plain",
      "Partial Mode": "Finalize",
      "Parallel Aware": false,
      "Startup Cost": 144031.55,
      "Total Cost": 144031.56,
      "Plan Rows": 1,
      "Plan Width": 8,
      "Actual Startup Time": 1696.954,
      "Actual Total Time": 1730.318,
      "Actual Rows": 1,
      "Actual Loops": 1,
      "Plans": [
        {
          "Node Type": "Gather",
          "Parent Relationship": "Outer",
          "Parallel Aware": false,
          "Startup Cost": 144031.24,
          "Total Cost": 144031.55,
          "Plan Rows": 3,
          "Plan Width": 8,
          "Actual Startup Time": 1682.341,
          "Actual Total Time": 1730.309,
          "Actual Rows": 4,
          "Actual Loops": 1,
          "Workers Planned": 3,
          "Workers Launched": 3,
          "Single Copy": false,
          "Plans": [
            {
              "Node Type": "Aggregate",
              "Strategy": "Plain",
              "Partial Mode": "Partial",
              "Parent Relationship": "Outer",
              "Parallel Aware": false,
              "Startup Cost": 143031.24,
              "Total Cost": 143031.25,
              "Plan Rows": 1,
              "Plan Width": 8,
              "Actual Startup Time": 1673.665,
              "Actual Total Time": 1674.82,
              "Actual Rows": 1,
              "Actual Loops": 4,
              "Plans": [
                {
                  "Node Type": "Hash Join",
                  "Parent Relationship": "Outer",
                  "Parallel Aware": true,
                  "Join Type": "Inner",
                  "Startup Cost": 90776.17,
                  "Total Cost": 140531.35,
                  "Plan Rows": 999956,
                  "Plan Width": 0,
                  "Actual Startup Time": 817.104,
                  "Actual Total Time": 1422.604,
                  "Actual Rows": 6289794,
                  "Actual Loops": 4,
                  "Inner Unique": false,
                  "Hash Cond": "(mk.movie_id = t.id)",
                  "Plans": [
                    {
                      "Node Type": "Seq Scan",
                      "Parent Relationship": "Outer",
                      "Parallel Aware": true,
                      "Relation Name": "movie_keyword",
                      "Alias": "mk",
                      "Startup Cost": 0.0,
                      "Total Cost": 42695.65,
                      "Plan Rows": 1022360,
                      "Plan Width": 4,
                      "Actual Startup Time": 0.127,
                      "Actual Total Time": 101.447,
                      "Actual Rows": 789554,
                      "Actual Loops": 4,
                      "Filter": "(keyword_id > 1783)",
                      "Rows Removed by Filter": 341429
                    },
                    {
                      "Node Type": "Hash",
                      "Parent Relationship": "Inner",
                      "Parallel Aware": true,
                      "Startup Cost": 80804.34,
                      "Total Cost": 80804.34,
                      "Plan Rows": 797747,
                      "Plan Width": 8,
                      "Actual Startup Time": 809.92,
                      "Actual Total Time": 811.073,
                      "Actual Rows": 617052,
                      "Actual Loops": 4,
                      "Hash Buckets": 4194304,
                      "Original Hash Buckets": 4194304,
                      "Hash Batches": 1,
                      "Original Hash Batches": 1,
                      "Peak Memory Usage": 129408,
                      "Plans": [
                        {
                          "Node Type": "Hash Join",
                          "Parent Relationship": "Outer",
                          "Parallel Aware": true,
                          "Join Type": "Inner",
                          "Startup Cost": 51388.45,
                          "Total Cost": 80804.34,
                          "Plan Rows": 797747,
                          "Plan Width": 8,
                          "Actual Startup Time": 333.649,
                          "Actual Total Time": 614.07,
                          "Actual Rows": 617052,
                          "Actual Loops": 4,
                          "Inner Unique": true,
                          "Hash Cond": "(mc.movie_id = t.id)",
                          "Plans": [
                            {
                              "Node Type": "Seq Scan",
                              "Parent Relationship": "Outer",
                              "Parallel Aware": true,
                              "Relation Name": "movie_companies",
                              "Alias": "mc",
                              "Startup Cost": 0.0,
                              "Total Cost": 27206.55,
                              "Plan Rows": 841655,
                              "Plan Width": 4,
                              "Actual Startup Time": 0.008,
                              "Actual Total Time": 56.886,
                              "Actual Rows": 652282,
                              "Actual Loops": 4
                            },
                            {
                              "Node Type": "Hash",
                              "Parent Relationship": "Inner",
                              "Parallel Aware": true,
                              "Startup Cost": 43899.32,
                              "Total Cost": 43899.32,
                              "Plan Rows": 599130,
                              "Plan Width": 4,
                              "Actual Startup Time": 327.319,
                              "Actual Total Time": 327.32,
                              "Actual Rows": 599093,
                              "Actual Loops": 4,
                              "Hash Buckets": 4194304,
                              "Original Hash Buckets": 4194304,
                              "Hash Batches": 1,
                              "Original Hash Batches": 1,
                              "Peak Memory Usage": 126560,
                              "Plans": [
                                {
                                  "Node Type": "Seq Scan",
                                  "Parent Relationship": "Outer",
                                  "Parallel Aware": true,
                                  "Relation Name": "title",
                                  "Alias": "t",
                                  "Startup Cost": 0.0,
                                  "Total Cost": 43899.32,
                                  "Plan Rows": 599130,
                                  "Plan Width": 4,
                                  "Actual Startup Time": 0.057,
                                  "Actual Total Time": 106.88,
                                  "Actual Rows": 599093,
                                  "Actual Loops": 4,
                                  "Filter": "(production_year > 1914)",
                                  "Rows Removed by Filter": 32985
                                }
                              ]
                            }
                          ]
                        }
                      ]
                    }
                  ]
                }
              ]
            }
          ]
        }
      ]
    },
    "Planning Time": 0.444,
    "Triggers": [],
    "Execution Time": 1730.359
  }
]