[
  {
    "Plan": {
      "Node Type": "Aggregate",
      "Strategy": "Plain",
      "Partial Mode": "Finalize",
      "Parallel Aware": false,
      "Startup Cost": 144085.7,
      "Total Cost": 144085.71,
      "Plan Rows": 1,
      "Plan Width": 8,
      "Actual Startup Time": 1766.205,
      "Actual Total Time": 1798.417,
      "Actual Rows": 1,
      "Actual Loops": 1,
      "Plans": [
        {
          "Node Type": "Gather",
          "Parent Relationship": "Outer",
          "Parallel Aware": false,
          "Startup Cost": 144085.38,
          "Total Cost": 144085.69,
          "Plan Rows": 3,
          "Plan Width": 8,
          "Actual Startup Time": 1752.863,
          "Actual Total Time": 1798.406,
          "Actual Rows": 4,
          "Actual Loops": 1,
          "Workers Planned": 3,
          "Workers Launched": 3,
          "Single Copy": false,
          "Plans": [
            {
              "Node Type": "Aggregate",
              "Strategy": "Plain",
              "Partial Mode": "Partial",
              "Parent Relationship": "Outer",
              "Parallel Aware": false,
              "Startup Cost": 143085.38,
              "Total Cost": 143085.39,
              "Plan Rows": 1,
              "Plan Width": 8,
              "Actual Startup Time": 1734.238,
              "Actual Total Time": 1735.317,
              "Actual Rows": 1,
              "Actual Loops": 4,
              "Plans": [
                {
                  "Node Type": "Hash Join",
                  "Parent Relationship": "Outer",
                  "Parallel Aware": true,
                  "Join Type": "Inner",
                  "Startup Cost": 90804.76,
                  "Total Cost": 140577.06,
                  "Plan Rows": 1003327,
                  "Plan Width": 0,
                  "Actual Startup Time": 879.243,
                  "Actual Total Time": 1497.059,
                  "Actual Rows": 6289794,
                  "Actual Loops": 4,
                  "Inner Unique": false,
                  "Hash Cond": "(mk.movie_id = t.id)",
                  "Plans": [
                    {
                      "Node Type": "Seq Scan",
                      "Parent Relationship": "Outer",
                      "Parallel Aware": true,
                      "Relation Name": "movie_keyword",
                      "Alias": "mk",
                      "Startup Cost": 0.0,
                      "Total Cost": 42695.65,
                      "Plan Rows": 1024031,
                      "Plan Width": 4,
                      "Actual Startup Time": 0.127,
                      "Actual Total Time": 106.923,
                      "Actual Rows": 789554,
                      "Actual Loops": 4,
                      "Filter": "(keyword_id > 1783)",
                      "Rows Removed by Filter": 341429
                    },
                    {
                      "Node Type": "Hash",
                      "Parent Relationship": "Inner",
                      "Parallel Aware": true,
                      "Startup Cost": 80816.14,
                      "Total Cost": 80816.14,
                      "Plan Rows": 799089,
                      "Plan Width": 8,
                      "Actual Startup Time": 867.766,
                      "Actual Total Time": 868.844,
                      "Actual Rows": 617052,
                      "Actual Loops": 4,
                      "Hash Buckets": 4194304,
                      "Original Hash Buckets": 4194304,
                      "Hash Batches": 1,
                      "Original Hash Batches": 1,
                      "Peak Memory Usage": 129376,
                      "Plans": [
                        {
                          "Node Type": "Hash Join",
                          "Parent Relationship": "Outer",
                          "Parallel Aware": true,
                          "Join Type": "Inner",
                          "Startup Cost": 51400.25,
                          "Total Cost": 80816.14,
                          "Plan Rows": 799089,
                          "Plan Width": 8,
                          "Actual Startup Time": 347.952,
                          "Actual Total Time": 649.843,
                          "Actual Rows": 617052,
                          "Actual Loops": 4,
                          "Inner Unique": true,
                          "Hash Cond": "(mc.movie_id = t.id)",
                          "Plans": [
                            {
                              "Node Type": "Seq Scan",
                              "Parent Relationship": "Outer",
                              "Parallel Aware": true,
                              "Relation Name": "movie_companies",
                              "Alias": "mc",
                              "Startup Cost": 0.0,
                              "Total Cost": 27206.55,
                              "Plan Rows": 841655,
                              "Plan Width": 4,
                              "Actual Startup Time": 0.02,
                              "Actual Total Time": 61.213,
                              "Actual Rows": 652282,
                              "Actual Loops": 4
                            },
                            {
                              "Node Type": "Hash",
                              "Parent Relationship": "Inner",
                              "Parallel Aware": true,
                              "Startup Cost": 43898.92,
                              "Total Cost": 43898.92,
                              "Plan Rows": 600107,
                              "Plan Width": 4,
                              "Actual Startup Time": 341.993,
                              "Actual Total Time": 341.994,
                              "Actual Rows": 599093,
                              "Actual Loops": 4,
                              "Hash Buckets": 4194304,
                              "Original Hash Buckets": 4194304,
                              "Hash Batches": 1,
                              "Original Hash Batches": 1,
                              "Peak Memory Usage": 126592,
                              "Plans": [
                                {
                                  "Node Type": "Seq Scan",
                                  "Parent Relationship": "Outer",
                                  "Parallel Aware": true,
                                  "Relation Name": "title",
                                  "Alias": "t",
                                  "Startup Cost": 0.0,
                                  "Total Cost": 43898.92,
                                  "Plan Rows": 600107,
                                  "Plan Width": 4,
                                  "Actual Startup Time": 0.048,
                                  "Actual Total Time": 111.586,
                                  "Actual Rows": 599093,
                                  "Actual Loops": 4,
                                  "Filter": "(production_year > 1914)",
                                  "Rows Removed by Filter": 32985
                                }
                              ]
                            }
                          ]
                        }
                      ]
                    }
                  ]
                }
              ]
            }
          ]
        }
      ]
    },
    "Planning Time": 1.348,
    "Triggers": [],
    "Execution Time": 1798.494
  }
]