[
    {
        "Bao": {
            "Bao prediction": "NaN",
            "Bao recommended hint": "(no hint)"
        }
    },
    {
        "Plan": {
            "Node Type": "Aggregate",
            "Strategy": "Plain",
            "Partial Mode": "Finalize",
            "Parallel Aware": false,
            "Startup Cost": 249524.09,
            "Total Cost": 249524.1,
            "Plan Rows": 1,
            "Plan Width": 8,
            "Actual Startup Time": 969.259,
            "Actual Total Time": 998.719,
            "Actual Rows": 1,
            "Actual Loops": 1,
            "Output": [
                "count(*)"
            ],
            "Plans": [
                {
                    "Node Type": "Gather",
                    "Parent Relationship": "Outer",
                    "Parallel Aware": false,
                    "Startup Cost": 249523.57,
                    "Total Cost": 249524.08,
                    "Plan Rows": 5,
                    "Plan Width": 8,
                    "Actual Startup Time": 967.131,
                    "Actual Total Time": 998.704,
                    "Actual Rows": 6,
                    "Actual Loops": 1,
                    "Output": [
                        "(PARTIAL count(*))"
                    ],
                    "Workers Planned": 5,
                    "Workers Launched": 5,
                    "Single Copy": false,
                    "Plans": [
                        {
                            "Node Type": "Aggregate",
                            "Strategy": "Plain",
                            "Partial Mode": "Partial",
                            "Parent Relationship": "Outer",
                            "Parallel Aware": false,
                            "Startup Cost": 248523.57,
                            "Total Cost": 248523.58,
                            "Plan Rows": 1,
                            "Plan Width": 8,
                            "Actual Startup Time": 955.688,
                            "Actual Total Time": 955.694,
                            "Actual Rows": 1,
                            "Actual Loops": 6,
                            "Output": [
                                "PARTIAL count(*)"
                            ],
                            "Workers": [
                                {
                                    "Worker Number": 0,
                                    "Actual Startup Time": 952.88,
                                    "Actual Total Time": 952.884,
                                    "Actual Rows": 1,
                                    "Actual Loops": 1
                                },
                                {
                                    "Worker Number": 1,
                                    "Actual Startup Time": 953.303,
                                    "Actual Total Time": 953.307,
                                    "Actual Rows": 1,
                                    "Actual Loops": 1
                                },
                                {
                                    "Worker Number": 2,
                                    "Actual Startup Time": 953.915,
                                    "Actual Total Time": 953.92,
                                    "Actual Rows": 1,
                                    "Actual Loops": 1
                                },
                                {
                                    "Worker Number": 3,
                                    "Actual Startup Time": 953.472,
                                    "Actual Total Time": 953.477,
                                    "Actual Rows": 1,
                                    "Actual Loops": 1
                                },
                                {
                                    "Worker Number": 4,
                                    "Actual Startup Time": 954.133,
                                    "Actual Total Time": 954.138,
                                    "Actual Rows": 1,
                                    "Actual Loops": 1
                                }
                            ],
                            "Plans": [
                                {
                                    "Node Type": "Hash Join",
                                    "Parent Relationship": "Outer",
                                    "Parallel Aware": true,
                                    "Join Type": "Inner",
                                    "Startup Cost": 45726.66,
                                    "Total Cost": 248410.14,
                                    "Plan Rows": 45371,
                                    "Plan Width": 0,
                                    "Actual Startup Time": 162.781,
                                    "Actual Total Time": 936.354,
                                    "Actual Rows": 271730,
                                    "Actual Loops": 6,
                                    "Inner Unique": true,
                                    "Hash Cond": "(mi.movie_id = t.id)",
                                    "Workers": [
                                        {
                                            "Worker Number": 0,
                                            "Actual Startup Time": 160.063,
                                            "Actual Total Time": 934.045,
                                            "Actual Rows": 261940,
                                            "Actual Loops": 1
                                        },
                                        {
                                            "Worker Number": 1,
                                            "Actual Startup Time": 160.514,
                                            "Actual Total Time": 933.763,
                                            "Actual Rows": 271432,
                                            "Actual Loops": 1
                                        },
                                        {
                                            "Worker Number": 2,
                                            "Actual Startup Time": 161.132,
                                            "Actual Total Time": 934.7,
                                            "Actual Rows": 266591,
                                            "Actual Loops": 1
                                        },
                                        {
                                            "Worker Number": 3,
                                            "Actual Startup Time": 160.687,
                                            "Actual Total Time": 934.182,
                                            "Actual Rows": 268056,
                                            "Actual Loops": 1
                                        },
                                        {
                                            "Worker Number": 4,
                                            "Actual Startup Time": 161.306,
                                            "Actual Total Time": 935.445,
                                            "Actual Rows": 256003,
                                            "Actual Loops": 1
                                        }
                                    ],
                                    "Plans": [
                                        {
                                            "Node Type": "Seq Scan",
                                            "Parent Relationship": "Outer",
                                            "Parallel Aware": true,
                                            "Relation Name": "movie_info",
                                            "Schema": "public",
                                            "Alias": "mi",
                                            "Startup Cost": 0.0,
                                            "Total Cost": 198880.74,
                                            "Plan Rows": 1448660,
                                            "Plan Width": 4,
                                            "Actual Startup Time": 0.066,
                                            "Actual Total Time": 509.744,
                                            "Actual Rows": 1214478,
                                            "Actual Loops": 6,
                                            "Output": [
                                                "mi.id",
                                                "mi.movie_id",
                                                "mi.info_type_id",
                                                "mi.info",
                                                "mi.note"
                                            ],
                                            "Filter": "(mi.info_type_id < 8)",
                                            "Rows Removed by Filter": 1258142,
                                            "Workers": [
                                                {
                                                    "Worker Number": 0,
                                                    "Actual Startup Time": 0.089,
                                                    "Actual Total Time": 515.351,
                                                    "Actual Rows": 1174455,
                                                    "Actual Loops": 1
                                                },
                                                {
                                                    "Worker Number": 1,
                                                    "Actual Startup Time": 0.049,
                                                    "Actual Total Time": 511.201,
                                                    "Actual Rows": 1205834,
                                                    "Actual Loops": 1
                                                },
                                                {
                                                    "Worker Number": 2,
                                                    "Actual Startup Time": 0.091,
                                                    "Actual Total Time": 518.018,
                                                    "Actual Rows": 1190228,
                                                    "Actual Loops": 1
                                                },
                                                {
                                                    "Worker Number": 3,
                                                    "Actual Startup Time": 0.055,
                                                    "Actual Total Time": 510.126,
                                                    "Actual Rows": 1195704,
                                                    "Actual Loops": 1
                                                },
                                                {
                                                    "Worker Number": 4,
                                                    "Actual Startup Time": 0.089,
                                                    "Actual Total Time": 514.345,
                                                    "Actual Rows": 1142943,
                                                    "Actual Loops": 1
                                                }
                                            ]
                                        },
                                        {
                                            "Node Type": "Hash",
                                            "Parent Relationship": "Inner",
                                            "Parallel Aware": true,
                                            "Startup Cost": 45479.21,
                                            "Total Cost": 45479.21,
                                            "Plan Rows": 19796,
                                            "Plan Width": 4,
                                            "Actual Startup Time": 142.403,
                                            "Actual Total Time": 142.405,
                                            "Actual Rows": 34333,
                                            "Actual Loops": 6,
                                            "Output": [
                                                "t.id"
                                            ],
                                            "Hash Buckets": 262144,
                                            "Original Hash Buckets": 131072,
                                            "Hash Batches": 1,
                                            "Original Hash Batches": 1,
                                            "Peak Memory Usage": 11232,
                                            "Workers": [
                                                {
                                                    "Worker Number": 0,
                                                    "Actual Startup Time": 139.877,
                                                    "Actual Total Time": 139.879,
                                                    "Actual Rows": 32339,
                                                    "Actual Loops": 1
                                                },
                                                {
                                                    "Worker Number": 1,
                                                    "Actual Startup Time": 140.477,
                                                    "Actual Total Time": 140.478,
                                                    "Actual Rows": 31560,
                                                    "Actual Loops": 1
                                                },
                                                {
                                                    "Worker Number": 2,
                                                    "Actual Startup Time": 140.736,
                                                    "Actual Total Time": 140.738,
                                                    "Actual Rows": 32620,
                                                    "Actual Loops": 1
                                                },
                                                {
                                                    "Worker Number": 3,
                                                    "Actual Startup Time": 140.676,
                                                    "Actual Total Time": 140.678,
                                                    "Actual Rows": 31987,
                                                    "Actual Loops": 1
                                                },
                                                {
                                                    "Worker Number": 4,
                                                    "Actual Startup Time": 141.085,
                                                    "Actual Total Time": 141.087,
                                                    "Actual Rows": 32084,
                                                    "Actual Loops": 1
                                                }
                                            ],
                                            "Plans": [
                                                {
                                                    "Node Type": "Seq Scan",
                                                    "Parent Relationship": "Outer",
                                                    "Parallel Aware": true,
                                                    "Relation Name": "title",
                                                    "Schema": "public",
                                                    "Alias": "t",
                                                    "Startup Cost": 0.0,
                                                    "Total Cost": 45479.21,
                                                    "Plan Rows": 19796,
                                                    "Plan Width": 4,
                                                    "Actual Startup Time": 64.192,
                                                    "Actual Total Time": 110.006,
                                                    "Actual Rows": 34333,
                                                    "Actual Loops": 6,
                                                    "Output": [
                                                        "t.id"
                                                    ],
                                                    "Filter": "((t.production_year < 1965) AND (t.kind_id = 1))",
                                                    "Rows Removed by Filter": 387052,
                                                    "Workers": [
                                                        {
                                                            "Worker Number": 0,
                                                            "Actual Startup Time": 60.321,
                                                            "Actual Total Time": 108.618,
                                                            "Actual Rows": 32339,
                                                            "Actual Loops": 1
                                                        },
                                                        {
                                                            "Worker Number": 1,
                                                            "Actual Startup Time": 62.9,
                                                            "Actual Total Time": 108.448,
                                                            "Actual Rows": 31560,
                                                            "Actual Loops": 1
                                                        },
                                                        {
                                                            "Worker Number": 2,
                                                            "Actual Startup Time": 62.905,
                                                            "Actual Total Time": 109.07,
                                                            "Actual Rows": 32620,
                                                            "Actual Loops": 1
                                                        },
                                                        {
                                                            "Worker Number": 3,
                                                            "Actual Startup Time": 63.01,
                                                            "Actual Total Time": 109.162,
                                                            "Actual Rows": 31987,
                                                            "Actual Loops": 1
                                                        },
                                                        {
                                                            "Worker Number": 4,
                                                            "Actual Startup Time": 63.952,
                                                            "Actual Total Time": 110.151,
                                                            "Actual Rows": 32084,
                                                            "Actual Loops": 1
                                                        }
                                                    ]
                                                }
                                            ]
                                        }
                                    ]
                                }
                            ]
                        }
                    ]
                }
            ]
        },
        "Planning Time": 342.614,
        "Triggers": [],
        "Execution Time": 998.858
    }
]