[
  {
    "Plan": {
      "Node Type": "Aggregate",
      "Strategy": "Plain",
      "Partial Mode": "Finalize",
      "Parallel Aware": false,
      "Startup Cost": 222907.42,
      "Total Cost": 222907.43,
      "Plan Rows": 1,
      "Plan Width": 8,
      "Actual Startup Time": 231.196,
      "Actual Total Time": 245.674,
      "Actual Rows": 1,
      "Actual Loops": 1,
      "Plans": [
        {
          "Node Type": "Gather",
          "Parent Relationship": "Outer",
          "Parallel Aware": false,
          "Startup Cost": 222906.89,
          "Total Cost": 222907.4,
          "Plan Rows": 5,
          "Plan Width": 8,
          "Actual Startup Time": 223.986,
          "Actual Total Time": 245.664,
          "Actual Rows": 6,
          "Actual Loops": 1,
          "Workers Planned": 5,
          "Workers Launched": 5,
          "Single Copy": false,
          "Plans": [
            {
              "Node Type": "Aggregate",
              "Strategy": "Plain",
              "Partial Mode": "Partial",
              "Parent Relationship": "Outer",
              "Parallel Aware": false,
              "Startup Cost": 221906.89,
              "Total Cost": 221906.9,
              "Plan Rows": 1,
              "Plan Width": 8,
              "Actual Startup Time": 212.896,
              "Actual Total Time": 212.9,
              "Actual Rows": 1,
              "Actual Loops": 6,
              "Plans": [
                {
                  "Node Type": "Nested Loop",
                  "Parent Relationship": "Outer",
                  "Parallel Aware": false,
                  "Join Type": "Inner",
                  "Startup Cost": 22431.28,
                  "Total Cost": 221881.64,
                  "Plan Rows": 10103,
                  "Plan Width": 0,
                  "Actual Startup Time": 116.702,
                  "Actual Total Time": 211.555,
                  "Actual Rows": 15144,
                  "Actual Loops": 6,
                  "Inner Unique": true,
                  "Join Filter": "(mi.movie_id = t.id)",
                  "Rows Removed by Join Filter": 0,
                  "Plans": [
                    {
                      "Node Type": "Hash Join",
                      "Parent Relationship": "Outer",
                      "Parallel Aware": true,
                      "Join Type": "Inner",
                      "Startup Cost": 22430.85,
                      "Total Cost": 186060.02,
                      "Plan Rows": 54618,
                      "Plan Width": 8,
                      "Actual Startup Time": 116.613,
                      "Actual Total Time": 139.856,
                      "Actual Rows": 15144,
                      "Actual Loops": 6,
                      "Inner Unique": false,
                      "Hash Cond": "(mi.movie_id = mi_idx.movie_id)",
                      "Plans": [
                        {
                          "Node Type": "Bitmap Heap Scan",
                          "Parent Relationship": "Outer",
                          "Parallel Aware": true,
                          "Relation Name": "movie_info",
                          "Alias": "mi",
                          "Startup Cost": 2521.42,
                          "Total Cost": 165818.8,
                          "Plan Rows": 27793,
                          "Plan Width": 4,
                          "Actual Startup Time": 5.989,
                          "Actual Total Time": 14.177,
                          "Actual Rows": 20310,
                          "Actual Loops": 6,
                          "Recheck Cond": "(info_type_id = 105)",
                          "Rows Removed by Index Recheck": 0,
                          "Exact Heap Blocks": 1137,
                          "Lossy Heap Blocks": 0,
                          "Plans": [
                            {
                              "Node Type": "Bitmap Index Scan",
                              "Parent Relationship": "Outer",
                              "Parallel Aware": false,
                              "Index Name": "info_type_id_movie_info",
                              "Startup Cost": 0.0,
                              "Total Cost": 2486.68,
                              "Plan Rows": 138966,
                              "Plan Width": 0,
                              "Actual Startup Time": 5.282,
                              "Actual Total Time": 5.283,
                              "Actual Rows": 121863,
                              "Actual Loops": 1,
                              "Index Cond": "(info_type_id = 105)"
                            }
                          ]
                        },
                        {
                          "Node Type": "Hash",
                          "Parent Relationship": "Inner",
                          "Parallel Aware": true,
                          "Startup Cost": 15122.68,
                          "Total Cost": 15122.68,
                          "Plan Rows": 382940,
                          "Plan Width": 4,
                          "Actual Startup Time": 107.003,
                          "Actual Total Time": 107.004,
                          "Actual Rows": 153308,
                          "Actual Loops": 6,
                          "Hash Buckets": 1048576,
                          "Original Hash Buckets": 1048576,
                          "Hash Batches": 1,
                          "Original Hash Batches": 1,
                          "Peak Memory Usage": 44256,
                          "Plans": [
                            {
                              "Node Type": "Seq Scan",
                              "Parent Relationship": "Outer",
                              "Parallel Aware": true,
                              "Relation Name": "movie_info_idx",
                              "Alias": "mi_idx",
                              "Startup Cost": 0.0,
                              "Total Cost": 15122.68,
                              "Plan Rows": 382940,
                              "Plan Width": 4,
                              "Actual Startup Time": 0.067,
                              "Actual Total Time": 43.978,
                              "Actual Rows": 153308,
                              "Actual Loops": 6,
                              "Filter": "(info_type_id < 101)",
                              "Rows Removed by Filter": 76698
                            }
                          ]
                        }
                      ]
                    },
                    {
                      "Node Type": "Index Only Scan",
                      "Parent Relationship": "Inner",
                      "Parallel Aware": false,
                      "Scan Direction": "Forward",
                      "Index Name": "title_pkey",
                      "Relation Name": "title",
                      "Alias": "t",
                      "Startup Cost": 0.43,
                      "Total Cost": 0.64,
                      "Plan Rows": 1,
                      "Plan Width": 4,
                      "Actual Startup Time": 0.004,
                      "Actual Total Time": 0.004,
                      "Actual Rows": 1,
                      "Actual Loops": 90862,
                      "Index Cond": "(id = mi_idx.movie_id)",
                      "Rows Removed by Index Recheck": 0,
                      "Heap Fetches": 90862
                    }
                  ]
                }
              ]
            }
          ]
        }
      ]
    },
    "Planning Time": 1.381,
    "Triggers": [],
    "Execution Time": 245.789
  }
]