[
  {
    "Plan": {
      "Node Type": "Aggregate",
      "Strategy": "Plain",
      "Partial Mode": "Finalize",
      "Parallel Aware": false,
      "Startup Cost": 354401.97,
      "Total Cost": 354401.98,
      "Plan Rows": 1,
      "Plan Width": 8,
      "Actual Startup Time": 840.279,
      "Actual Total Time": 872.477,
      "Actual Rows": 1,
      "Actual Loops": 1,
      "Plans": [
        {
          "Node Type": "Gather",
          "Parent Relationship": "Outer",
          "Parallel Aware": false,
          "Startup Cost": 354401.45,
          "Total Cost": 354401.96,
          "Plan Rows": 5,
          "Plan Width": 8,
          "Actual Startup Time": 817.692,
          "Actual Total Time": 872.466,
          "Actual Rows": 6,
          "Actual Loops": 1,
          "Workers Planned": 5,
          "Workers Launched": 5,
          "Single Copy": false,
          "Plans": [
            {
              "Node Type": "Aggregate",
              "Strategy": "Plain",
              "Partial Mode": "Partial",
              "Parent Relationship": "Outer",
              "Parallel Aware": false,
              "Startup Cost": 353401.45,
              "Total Cost": 353401.46,
              "Plan Rows": 1,
              "Plan Width": 8,
              "Actual Startup Time": 809.349,
              "Actual Total Time": 809.474,
              "Actual Rows": 1,
              "Actual Loops": 6,
              "Plans": [
                {
                  "Node Type": "Hash Join",
                  "Parent Relationship": "Outer",
                  "Parallel Aware": true,
                  "Join Type": "Inner",
                  "Startup Cost": 231706.72,
                  "Total Cost": 352833.83,
                  "Plan Rows": 227049,
                  "Plan Width": 0,
                  "Actual Startup Time": 520.395,
                  "Actual Total Time": 802.237,
                  "Actual Rows": 121256,
                  "Actual Loops": 6,
                  "Inner Unique": false,
                  "Hash Cond": "(ci.movie_id = t.id)",
                  "Plans": [
                    {
                      "Node Type": "Index Scan",
                      "Parent Relationship": "Outer",
                      "Parallel Aware": true,
                      "Scan Direction": "Forward",
                      "Index Name": "role_id_cast_info",
                      "Relation Name": "cast_info",
                      "Alias": "ci",
                      "Startup Cost": 0.56,
                      "Total Cost": 118067.1,
                      "Plan Rows": 695059,
                      "Plan Width": 4,
                      "Actual Startup Time": 0.508,
                      "Actual Total Time": 175.969,
                      "Actual Rows": 251636,
                      "Actual Loops": 6,
                      "Index Cond": "(role_id = 10)",
                      "Rows Removed by Index Recheck": 0,
                      "Filter": "(person_id < 2961034)",
                      "Rows Removed by Filter": 468867
                    },
                    {
                      "Node Type": "Hash",
                      "Parent Relationship": "Inner",
                      "Parallel Aware": true,
                      "Startup Cost": 229641.3,
                      "Total Cost": 229641.3,
                      "Plan Rows": 165188,
                      "Plan Width": 8,
                      "Actual Startup Time": 517.122,
                      "Actual Total Time": 517.245,
                      "Actual Rows": 133690,
                      "Actual Loops": 6,
                      "Hash Buckets": 1048576,
                      "Original Hash Buckets": 1048576,
                      "Hash Batches": 1,
                      "Original Hash Batches": 1,
                      "Peak Memory Usage": 39680,
                      "Plans": [
                        {
                          "Node Type": "Hash Join",
                          "Parent Relationship": "Outer",
                          "Parallel Aware": true,
                          "Join Type": "Inner",
                          "Startup Cost": 65149.84,
                          "Total Cost": 229641.3,
                          "Plan Rows": 165188,
                          "Plan Width": 8,
                          "Actual Startup Time": 346.924,
                          "Actual Total Time": 448.688,
                          "Actual Rows": 133690,
                          "Actual Loops": 6,
                          "Inner Unique": true,
                          "Hash Cond": "(mi.movie_id = t.id)",
                          "Plans": [
                            {
                              "Node Type": "Bitmap Heap Scan",
                              "Parent Relationship": "Outer",
                              "Parallel Aware": true,
                              "Relation Name": "movie_info",
                              "Alias": "mi",
                              "Startup Cost": 14929.45,
                              "Total Cost": 178987.3,
                              "Plan Rows": 165188,
                              "Plan Width": 4,
                              "Actual Startup Time": 26.708,
                              "Actual Total Time": 47.384,
                              "Actual Rows": 133690,
                              "Actual Loops": 6,
                              "Recheck Cond": "(info_type_id = 1)",
                              "Rows Removed by Index Recheck": 0,
                              "Exact Heap Blocks": 969,
                              "Lossy Heap Blocks": 0,
                              "Plans": [
                                {
                                  "Node Type": "Bitmap Index Scan",
                                  "Parent Relationship": "Outer",
                                  "Parallel Aware": false,
                                  "Index Name": "info_type_id_movie_info",
                                  "Startup Cost": 0.0,
                                  "Total Cost": 14722.97,
                                  "Plan Rows": 825938,
                                  "Plan Width": 0,
                                  "Actual Startup Time": 25.889,
                                  "Actual Total Time": 25.889,
                                  "Actual Rows": 802140,
                                  "Actual Loops": 1,
                                  "Index Cond": "(info_type_id = 1)"
                                }
                              ]
                            },
                            {
                              "Node Type": "Hash",
                              "Parent Relationship": "Inner",
                              "Parallel Aware": true,
                              "Startup Cost": 42319.06,
                              "Total Cost": 42319.06,
                              "Plan Rows": 632106,
                              "Plan Width": 4,
                              "Actual Startup Time": 315.472,
                              "Actual Total Time": 315.474,
                              "Actual Rows": 421385,
                              "Actual Loops": 6,
                              "Hash Buckets": 4194304,
                              "Original Hash Buckets": 4194304,
                              "Hash Batches": 1,
                              "Original Hash Batches": 1,
                              "Peak Memory Usage": 131776,
                              "Plans": [
                                {
                                  "Node Type": "Seq Scan",
                                  "Parent Relationship": "Outer",
                                  "Parallel Aware": true,
                                  "Relation Name": "title",
                                  "Alias": "t",
                                  "Startup Cost": 0.0,
                                  "Total Cost": 42319.06,
                                  "Plan Rows": 632106,
                                  "Plan Width": 4,
                                  "Actual Startup Time": 0.057,
                                  "Actual Total Time": 91.171,
                                  "Actual Rows": 421385,
                                  "Actual Loops": 6
                                }
                              ]
                            }
                          ]
                        }
                      ]
                    }
                  ]
                }
              ]
            }
          ]
        }
      ]
    },
    "Planning Time": 0.566,
    "Triggers": [],
    "Execution Time": 872.533
  }
]