{
  "Plan": {
    "Node Type": "Aggregate",
    "Strategy": "Plain",
    "Partial Mode": "Finalize",
    "Parallel Aware": false,
    "Startup Cost": 110304.84,
    "Total Cost": 110304.85,
    "Plan Rows": 1,
    "Plan Width": 8,
    "Actual Startup Time": 528.744,
    "Actual Total Time": 543.891,
    "Actual Rows": 1,
    "Actual Loops": 1,
    "Plans": [
      {
        "Node Type": "Gather",
        "Parent Relationship": "Outer",
        "Parallel Aware": false,
        "Startup Cost": 110304.73,
        "Total Cost": 110304.84,
        "Plan Rows": 1,
        "Plan Width": 8,
        "Actual Startup Time": 527.172,
        "Actual Total Time": 543.882,
        "Actual Rows": 2,
        "Actual Loops": 1,
        "Workers Planned": 1,
        "Workers Launched": 1,
        "Single Copy": false,
        "Plans": [
          {
            "Node Type": "Aggregate",
            "Strategy": "Plain",
            "Partial Mode": "Partial",
            "Parent Relationship": "Outer",
            "Parallel Aware": false,
            "Startup Cost": 109304.73,
            "Total Cost": 109304.74,
            "Plan Rows": 1,
            "Plan Width": 8,
            "Actual Startup Time": 521.656,
            "Actual Total Time": 521.659,
            "Actual Rows": 1,
            "Actual Loops": 2,
            "Plans": [
              {
                "Node Type": "Hash Join",
                "Parent Relationship": "Outer",
                "Parallel Aware": true,
                "Join Type": "Inner",
                "Startup Cost": 46934.91,
                "Total Cost": 108678.44,
                "Plan Rows": 250516,
                "Plan Width": 0,
                "Actual Startup Time": 178.659,
                "Actual Total Time": 514.739,
                "Actual Rows": 160954,
                "Actual Loops": 2,
                "Inner Unique": false,
                "Hash Cond": "(t.id = mc.movie_id)",
                "Plans": [
                  {
                    "Node Type": "Seq Scan",
                    "Parent Relationship": "Outer",
                    "Parallel Aware": true,
                    "Relation Name": "title",
                    "Alias": "t",
                    "Startup Cost": 0.0,
                    "Total Cost": 54588.39,
                    "Plan Rows": 909042,
                    "Plan Width": 4,
                    "Actual Startup Time": 0.011,
                    "Actual Total Time": 152.056,
                    "Actual Rows": 775864,
                    "Actual Loops": 2,
                    "Filter": "(production_year < 2007)",
                    "Rows Removed by Filter": 488292
                  },
                  {
                    "Node Type": "Hash",
                    "Parent Relationship": "Inner",
                    "Parallel Aware": true,
                    "Startup Cost": 41811.73,
                    "Total Cost": 41811.73,
                    "Plan Rows": 409855,
                    "Plan Width": 4,
                    "Actual Startup Time": 172.022,
                    "Actual Total Time": 172.023,
                    "Actual Rows": 221991,
                    "Actual Loops": 2,
                    "Hash Buckets": 1048576,
                    "Original Hash Buckets": 1048576,
                    "Hash Batches": 1,
                    "Original Hash Batches": 1,
                    "Peak Memory Usage": 25600,
                    "Plans": [
                      {
                        "Node Type": "Seq Scan",
                        "Parent Relationship": "Outer",
                        "Parallel Aware": true,
                        "Relation Name": "movie_companies",
                        "Alias": "mc",
                        "Startup Cost": 0.0,
                        "Total Cost": 41811.73,
                        "Plan Rows": 409855,
                        "Plan Width": 4,
                        "Actual Startup Time": 63.704,
                        "Actual Total Time": 122.325,
                        "Actual Rows": 221991,
                        "Actual Loops": 2,
                        "Filter": "((company_id < 11778) AND (company_type_id = 2))",
                        "Rows Removed by Filter": 1082574
                      }
                    ]
                  }
                ]
              }
            ]
          }
        ]
      }
    ]
  },
  "Planning Time": 0.465,
  "Triggers": [],
  "Execution Time": 543.94
}