{
  "Plan": {
    "Node Type": "Aggregate",
    "Strategy": "Plain",
    "Partial Mode": "Finalize",
    "Parallel Aware": false,
    "Startup Cost": 55255.95,
    "Total Cost": 55255.96,
    "Plan Rows": 1,
    "Plan Width": 8,
    "Actual Startup Time": 223.024,
    "Actual Total Time": 237.982,
    "Actual Rows": 1,
    "Actual Loops": 1,
    "Plans": [
      {
        "Node Type": "Gather",
        "Parent Relationship": "Outer",
        "Parallel Aware": false,
        "Startup Cost": 55255.83,
        "Total Cost": 55255.94,
        "Plan Rows": 1,
        "Plan Width": 8,
        "Actual Startup Time": 222.871,
        "Actual Total Time": 237.975,
        "Actual Rows": 2,
        "Actual Loops": 1,
        "Workers Planned": 1,
        "Workers Launched": 1,
        "Single Copy": false,
        "Plans": [
          {
            "Node Type": "Aggregate",
            "Strategy": "Plain",
            "Partial Mode": "Partial",
            "Parent Relationship": "Outer",
            "Parallel Aware": false,
            "Startup Cost": 54255.83,
            "Total Cost": 54255.84,
            "Plan Rows": 1,
            "Plan Width": 8,
            "Actual Startup Time": 218.143,
            "Actual Total Time": 218.147,
            "Actual Rows": 1,
            "Actual Loops": 2,
            "Plans": [
              {
                "Node Type": "Nested Loop",
                "Parent Relationship": "Outer",
                "Parallel Aware": false,
                "Join Type": "Inner",
                "Startup Cost": 26274.29,
                "Total Cost": 54194.52,
                "Plan Rows": 24524,
                "Plan Width": 0,
                "Actual Startup Time": 72.482,
                "Actual Total Time": 213.076,
                "Actual Rows": 113604,
                "Actual Loops": 2,
                "Inner Unique": false,
                "Join Filter": "(t.id = mi.movie_id)",
                "Rows Removed by Join Filter": 0,
                "Plans": [
                  {
                    "Node Type": "Hash Join",
                    "Parent Relationship": "Outer",
                    "Parallel Aware": true,
                    "Join Type": "Inner",
                    "Startup Cost": 26273.85,
                    "Total Cost": 44457.64,
                    "Plan Rows": 4194,
                    "Plan Width": 8,
                    "Actual Startup Time": 72.42,
                    "Actual Total Time": 134.939,
                    "Actual Rows": 8331,
                    "Actual Loops": 2,
                    "Inner Unique": true,
                    "Hash Cond": "(mi_idx.movie_id = t.id)",
                    "Plans": [
                      {
                        "Node Type": "Seq Scan",
                        "Parent Relationship": "Outer",
                        "Parallel Aware": true,
                        "Relation Name": "movie_info_idx",
                        "Alias": "mi_idx",
                        "Startup Cost": 0.0,
                        "Total Cost": 16052.85,
                        "Plan Rows": 811785,
                        "Plan Width": 4,
                        "Actual Startup Time": 0.02,
                        "Actual Total Time": 51.38,
                        "Actual Rows": 690018,
                        "Actual Loops": 2
                      },
                      {
                        "Node Type": "Hash",
                        "Parent Relationship": "Inner",
                        "Parallel Aware": true,
                        "Startup Cost": 26177.8,
                        "Total Cost": 26177.8,
                        "Plan Rows": 7684,
                        "Plan Width": 4,
                        "Actual Startup Time": 28.355,
                        "Actual Total Time": 28.357,
                        "Actual Rows": 6300,
                        "Actual Loops": 2,
                        "Hash Buckets": 16384,
                        "Original Hash Buckets": 16384,
                        "Hash Batches": 1,
                        "Original Hash Batches": 1,
                        "Peak Memory Usage": 672,
                        "Plans": [
                          {
                            "Node Type": "Bitmap Heap Scan",
                            "Parent Relationship": "Outer",
                            "Parallel Aware": true,
                            "Relation Name": "title",
                            "Alias": "t",
                            "Startup Cost": 237.67,
                            "Total Cost": 26177.8,
                            "Plan Rows": 7684,
                            "Plan Width": 4,
                            "Actual Startup Time": 7.578,
                            "Actual Total Time": 25.766,
                            "Actual Rows": 6300,
                            "Actual Loops": 2,
                            "Recheck Cond": "(kind_id = 6)",
                            "Rows Removed by Index Recheck": 0,
                            "Exact Heap Blocks": 6851,
                            "Lossy Heap Blocks": 0,
                            "Plans": [
                              {
                                "Node Type": "Bitmap Index Scan",
                                "Parent Relationship": "Outer",
                                "Parallel Aware": false,
                                "Index Name": "kind_id_title",
                                "Startup Cost": 0.0,
                                "Total Cost": 234.4,
                                "Plan Rows": 13063,
                                "Plan Width": 0,
                                "Actual Startup Time": 6.489,
                                "Actual Total Time": 6.489,
                                "Actual Rows": 12600,
                                "Actual Loops": 1,
                                "Index Cond": "(kind_id = 6)"
                              }
                            ]
                          }
                        ]
                      }
                    ]
                  },
                  {
                    "Node Type": "Index Only Scan",
                    "Parent Relationship": "Inner",
                    "Parallel Aware": false,
                    "Scan Direction": "Forward",
                    "Index Name": "movie_id_movie_info",
                    "Relation Name": "movie_info",
                    "Alias": "mi",
                    "Startup Cost": 0.43,
                    "Total Cost": 1.8,
                    "Plan Rows": 42,
                    "Plan Width": 4,
                    "Actual Startup Time": 0.003,
                    "Actual Total Time": 0.008,
                    "Actual Rows": 14,
                    "Actual Loops": 16662,
                    "Index Cond": "(movie_id = mi_idx.movie_id)",
                    "Rows Removed by Index Recheck": 0,
                    "Heap Fetches": 227208
                  }
                ]
              }
            ]
          }
        ]
      }
    ]
  },
  "Planning Time": 0.913,
  "Triggers": [],
  "Execution Time": 238.085
}