[
  {
    "Plan": {
      "Node Type": "Aggregate",
      "Strategy": "Plain",
      "Partial Mode": "Finalize",
      "Parallel Aware": false,
      "Startup Cost": 62290.73,
      "Total Cost": 62290.74,
      "Plan Rows": 1,
      "Plan Width": 8,
      "Actual Startup Time": 182.181,
      "Actual Total Time": 195.126,
      "Actual Rows": 1,
      "Actual Loops": 1,
      "Plans": [
        {
          "Node Type": "Gather",
          "Parent Relationship": "Outer",
          "Parallel Aware": false,
          "Startup Cost": 62290.52,
          "Total Cost": 62290.73,
          "Plan Rows": 2,
          "Plan Width": 8,
          "Actual Startup Time": 181.922,
          "Actual Total Time": 195.118,
          "Actual Rows": 3,
          "Actual Loops": 1,
          "Workers Planned": 2,
          "Workers Launched": 2,
          "Single Copy": false,
          "Plans": [
            {
              "Node Type": "Aggregate",
              "Strategy": "Plain",
              "Partial Mode": "Partial",
              "Parent Relationship": "Outer",
              "Parallel Aware": false,
              "Startup Cost": 61290.52,
              "Total Cost": 61290.53,
              "Plan Rows": 1,
              "Plan Width": 8,
              "Actual Startup Time": 174.238,
              "Actual Total Time": 174.241,
              "Actual Rows": 1,
              "Actual Loops": 3,
              "Plans": [
                {
                  "Node Type": "Hash Join",
                  "Parent Relationship": "Outer",
                  "Parallel Aware": true,
                  "Join Type": "Inner",
                  "Startup Cost": 45649.44,
                  "Total Cost": 61280.09,
                  "Plan Rows": 4172,
                  "Plan Width": 0,
                  "Actual Startup Time": 118.863,
                  "Actual Total Time": 174.04,
                  "Actual Rows": 3361,
                  "Actual Loops": 3,
                  "Inner Unique": true,
                  "Hash Cond": "(mi_idx.movie_id = t.id)",
                  "Plans": [
                    {
                      "Node Type": "Seq Scan",
                      "Parent Relationship": "Outer",
                      "Parallel Aware": true,
                      "Relation Name": "movie_info_idx",
                      "Alias": "mi_idx",
                      "Startup Cost": 0.0,
                      "Total Cost": 15122.68,
                      "Plan Rows": 193512,
                      "Plan Width": 4,
                      "Actual Startup Time": 0.022,
                      "Actual Total Time": 36.67,
                      "Actual Rows": 153308,
                      "Actual Loops": 3,
                      "Filter": "(info_type_id = 100)",
                      "Rows Removed by Filter": 306703
                    },
                    {
                      "Node Type": "Hash",
                      "Parent Relationship": "Inner",
                      "Parallel Aware": true,
                      "Startup Cost": 45479.1,
                      "Total Cost": 45479.1,
                      "Plan Rows": 13627,
                      "Plan Width": 4,
                      "Actual Startup Time": 117.524,
                      "Actual Total Time": 117.525,
                      "Actual Rows": 16114,
                      "Actual Loops": 3,
                      "Hash Buckets": 65536,
                      "Original Hash Buckets": 65536,
                      "Hash Batches": 1,
                      "Original Hash Batches": 1,
                      "Peak Memory Usage": 2432,
                      "Plans": [
                        {
                          "Node Type": "Seq Scan",
                          "Parent Relationship": "Outer",
                          "Parallel Aware": true,
                          "Relation Name": "title",
                          "Alias": "t",
                          "Startup Cost": 0.0,
                          "Total Cost": 45479.1,
                          "Plan Rows": 13627,
                          "Plan Width": 4,
                          "Actual Startup Time": 0.299,
                          "Actual Total Time": 112.031,
                          "Actual Rows": 16114,
                          "Actual Loops": 3,
                          "Filter": "((kind_id < 4) AND (production_year = 2012))",
                          "Rows Removed by Filter": 826657
                        }
                      ]
                    }
                  ]
                }
              ]
            }
          ]
        }
      ]
    },
    "Planning Time": 0.665,
    "Triggers": [],
    "Execution Time": 195.212
  }
]