[
  {
    "Plan": {
      "Node Type": "Aggregate",
      "Strategy": "Plain",
      "Partial Mode": "Finalize",
      "Parallel Aware": false,
      "Startup Cost": 33984.73,
      "Total Cost": 33984.74,
      "Plan Rows": 1,
      "Plan Width": 8,
      "Actual Startup Time": 112.437,
      "Actual Total Time": 120.994,
      "Actual Rows": 1,
      "Actual Loops": 1,
      "Plans": [
        {
          "Node Type": "Gather",
          "Parent Relationship": "Outer",
          "Parallel Aware": false,
          "Startup Cost": 33984.42,
          "Total Cost": 33984.73,
          "Plan Rows": 3,
          "Plan Width": 8,
          "Actual Startup Time": 112.096,
          "Actual Total Time": 120.985,
          "Actual Rows": 4,
          "Actual Loops": 1,
          "Workers Planned": 3,
          "Workers Launched": 3,
          "Single Copy": false,
          "Plans": [
            {
              "Node Type": "Aggregate",
              "Strategy": "Plain",
              "Partial Mode": "Partial",
              "Parent Relationship": "Outer",
              "Parallel Aware": false,
              "Startup Cost": 32984.42,
              "Total Cost": 32984.43,
              "Plan Rows": 1,
              "Plan Width": 8,
              "Actual Startup Time": 102.747,
              "Actual Total Time": 102.749,
              "Actual Rows": 1,
              "Actual Loops": 4,
              "Plans": [
                {
                  "Node Type": "Bitmap Heap Scan",
                  "Parent Relationship": "Outer",
                  "Parallel Aware": true,
                  "Relation Name": "movie_keyword",
                  "Alias": "mk",
                  "Startup Cost": 6946.05,
                  "Total Cost": 32720.36,
                  "Plan Rows": 105624,
                  "Plan Width": 0,
                  "Actual Startup Time": 36.261,
                  "Actual Total Time": 97.524,
                  "Actual Rows": 79920,
                  "Actual Loops": 4,
                  "Recheck Cond": "(keyword_id > 51081)",
                  "Rows Removed by Index Recheck": 0,
                  "Exact Heap Blocks": 11433,
                  "Lossy Heap Blocks": 0,
                  "Plans": [
                    {
                      "Node Type": "Bitmap Index Scan",
                      "Parent Relationship": "Outer",
                      "Parallel Aware": false,
                      "Index Name": "keyword_id_movie_keyword",
                      "Startup Cost": 0.0,
                      "Total Cost": 6864.19,
                      "Plan Rows": 327435,
                      "Plan Width": 0,
                      "Actual Startup Time": 40.667,
                      "Actual Total Time": 40.667,
                      "Actual Rows": 319680,
                      "Actual Loops": 1,
                      "Index Cond": "(keyword_id > 51081)"
                    }
                  ]
                }
              ]
            }
          ]
        }
      ]
    },
    "Planning Time": 0.181,
    "Triggers": [],
    "Execution Time": 121.069
  }
]