[
  {
    "Plan": {
      "Node Type": "Aggregate",
      "Strategy": "Plain",
      "Partial Mode": "Finalize",
      "Parallel Aware": false,
      "Startup Cost": 47046.23,
      "Total Cost": 47046.24,
      "Plan Rows": 1,
      "Plan Width": 8,
      "Actual Startup Time": 205.904,
      "Actual Total Time": 214.299,
      "Actual Rows": 1,
      "Actual Loops": 1,
      "Plans": [
        {
          "Node Type": "Gather",
          "Parent Relationship": "Outer",
          "Parallel Aware": false,
          "Startup Cost": 47045.92,
          "Total Cost": 47046.23,
          "Plan Rows": 3,
          "Plan Width": 8,
          "Actual Startup Time": 205.764,
          "Actual Total Time": 214.284,
          "Actual Rows": 4,
          "Actual Loops": 1,
          "Workers Planned": 3,
          "Workers Launched": 3,
          "Single Copy": false,
          "Plans": [
            {
              "Node Type": "Aggregate",
              "Strategy": "Plain",
              "Partial Mode": "Partial",
              "Parent Relationship": "Outer",
              "Parallel Aware": false,
              "Startup Cost": 46045.92,
              "Total Cost": 46045.93,
              "Plan Rows": 1,
              "Plan Width": 8,
              "Actual Startup Time": 197.755,
              "Actual Total Time": 197.757,
              "Actual Rows": 1,
              "Actual Loops": 4,
              "Plans": [
                {
                  "Node Type": "Seq Scan",
                  "Parent Relationship": "Outer",
                  "Parallel Aware": true,
                  "Relation Name": "movie_keyword",
                  "Alias": "mk",
                  "Startup Cost": 0.0,
                  "Total Cost": 42695.65,
                  "Plan Rows": 1340105,
                  "Plan Width": 0,
                  "Actual Startup Time": 0.059,
                  "Actual Total Time": 141.266,
                  "Actual Rows": 1038528,
                  "Actual Loops": 4,
                  "Filter": "(keyword_id < 45686)",
                  "Rows Removed by Filter": 92454
                }
              ]
            }
          ]
        }
      ]
    },
    "Planning Time": 0.106,
    "Triggers": [],
    "Execution Time": 214.336
  }
]