[
    {
        "Bao": {
            "Bao prediction": "NaN",
            "Bao recommended hint": "(no hint)"
        }
    },
    {
        "Plan": {
            "Node Type": "Aggregate",
            "Strategy": "Plain",
            "Partial Mode": "Finalize",
            "Parallel Aware": false,
            "Startup Cost": 347429.05,
            "Total Cost": 347429.06,
            "Plan Rows": 1,
            "Plan Width": 8,
            "Actual Startup Time": 686.588,
            "Actual Total Time": 713.778,
            "Actual Rows": 1,
            "Actual Loops": 1,
            "Output": [
                "count(*)"
            ],
            "Plans": [
                {
                    "Node Type": "Gather",
                    "Parent Relationship": "Outer",
                    "Parallel Aware": false,
                    "Startup Cost": 347428.42,
                    "Total Cost": 347429.03,
                    "Plan Rows": 6,
                    "Plan Width": 8,
                    "Actual Startup Time": 686.487,
                    "Actual Total Time": 713.769,
                    "Actual Rows": 7,
                    "Actual Loops": 1,
                    "Output": [
                        "(PARTIAL count(*))"
                    ],
                    "Workers Planned": 6,
                    "Workers Launched": 6,
                    "Single Copy": false,
                    "Plans": [
                        {
                            "Node Type": "Aggregate",
                            "Strategy": "Plain",
                            "Partial Mode": "Partial",
                            "Parent Relationship": "Outer",
                            "Parallel Aware": false,
                            "Startup Cost": 346428.42,
                            "Total Cost": 346428.43,
                            "Plan Rows": 1,
                            "Plan Width": 8,
                            "Actual Startup Time": 677.076,
                            "Actual Total Time": 677.077,
                            "Actual Rows": 1,
                            "Actual Loops": 7,
                            "Output": [
                                "PARTIAL count(*)"
                            ],
                            "Workers": [
                                {
                                    "Worker Number": 0,
                                    "Actual Startup Time": 677.75,
                                    "Actual Total Time": 677.752,
                                    "Actual Rows": 1,
                                    "Actual Loops": 1
                                },
                                {
                                    "Worker Number": 1,
                                    "Actual Startup Time": 674.507,
                                    "Actual Total Time": 674.508,
                                    "Actual Rows": 1,
                                    "Actual Loops": 1
                                },
                                {
                                    "Worker Number": 2,
                                    "Actual Startup Time": 674.793,
                                    "Actual Total Time": 674.794,
                                    "Actual Rows": 1,
                                    "Actual Loops": 1
                                },
                                {
                                    "Worker Number": 3,
                                    "Actual Startup Time": 674.806,
                                    "Actual Total Time": 674.807,
                                    "Actual Rows": 1,
                                    "Actual Loops": 1
                                },
                                {
                                    "Worker Number": 4,
                                    "Actual Startup Time": 675.411,
                                    "Actual Total Time": 675.412,
                                    "Actual Rows": 1,
                                    "Actual Loops": 1
                                },
                                {
                                    "Worker Number": 5,
                                    "Actual Startup Time": 676.123,
                                    "Actual Total Time": 676.124,
                                    "Actual Rows": 1,
                                    "Actual Loops": 1
                                }
                            ],
                            "Plans": [
                                {
                                    "Node Type": "Seq Scan",
                                    "Parent Relationship": "Outer",
                                    "Parallel Aware": true,
                                    "Relation Name": "cast_info",
                                    "Schema": "public",
                                    "Alias": "ci",
                                    "Startup Cost": 0.0,
                                    "Total Cost": 343318.94,
                                    "Plan Rows": 1243793,
                                    "Plan Width": 0,
                                    "Actual Startup Time": 321.086,
                                    "Actual Total Time": 608.348,
                                    "Actual Rows": 1572338,
                                    "Actual Loops": 7,
                                    "Output": [
                                        "id",
                                        "person_id",
                                        "movie_id",
                                        "person_role_id",
                                        "note",
                                        "nr_order",
                                        "role_id"
                                    ],
                                    "Filter": "((ci.person_id > 1928014) AND (ci.role_id > 2))",
                                    "Rows Removed by Filter": 3605425,
                                    "Workers": [
                                        {
                                            "Worker Number": 0,
                                            "Actual Startup Time": 321.767,
                                            "Actual Total Time": 607.316,
                                            "Actual Rows": 1055554,
                                            "Actual Loops": 1
                                        },
                                        {
                                            "Worker Number": 1,
                                            "Actual Startup Time": 318.519,
                                            "Actual Total Time": 606.641,
                                            "Actual Rows": 1574396,
                                            "Actual Loops": 1
                                        },
                                        {
                                            "Worker Number": 2,
                                            "Actual Startup Time": 318.809,
                                            "Actual Total Time": 610.256,
                                            "Actual Rows": 1576070,
                                            "Actual Loops": 1
                                        },
                                        {
                                            "Worker Number": 3,
                                            "Actual Startup Time": 318.811,
                                            "Actual Total Time": 609.176,
                                            "Actual Rows": 1594674,
                                            "Actual Loops": 1
                                        },
                                        {
                                            "Worker Number": 4,
                                            "Actual Startup Time": 319.419,
                                            "Actual Total Time": 610.145,
                                            "Actual Rows": 1588437,
                                            "Actual Loops": 1
                                        },
                                        {
                                            "Worker Number": 5,
                                            "Actual Startup Time": 320.131,
                                            "Actual Total Time": 608.279,
                                            "Actual Rows": 1575372,
                                            "Actual Loops": 1
                                        }
                                    ]
                                }
                            ]
                        }
                    ]
                }
            ]
        },
        "Planning Time": 209.748,
        "Triggers": [],
        "Execution Time": 713.834
    }
]