[
  {
    "Plan": {
      "Node Type": "Aggregate",
      "Strategy": "Plain",
      "Partial Mode": "Finalize",
      "Parallel Aware": false,
      "Startup Cost": 22894.76,
      "Total Cost": 22894.77,
      "Plan Rows": 1,
      "Plan Width": 8,
      "Actual Startup Time": 26.906,
      "Actual Total Time": 30.265,
      "Actual Rows": 1,
      "Actual Loops": 1,
      "Plans": [
        {
          "Node Type": "Gather",
          "Parent Relationship": "Outer",
          "Parallel Aware": false,
          "Startup Cost": 22894.65,
          "Total Cost": 22894.76,
          "Plan Rows": 1,
          "Plan Width": 8,
          "Actual Startup Time": 26.826,
          "Actual Total Time": 30.259,
          "Actual Rows": 2,
          "Actual Loops": 1,
          "Workers Planned": 1,
          "Workers Launched": 1,
          "Single Copy": false,
          "Plans": [
            {
              "Node Type": "Aggregate",
              "Strategy": "Plain",
              "Partial Mode": "Partial",
              "Parent Relationship": "Outer",
              "Parallel Aware": false,
              "Startup Cost": 21894.65,
              "Total Cost": 21894.66,
              "Plan Rows": 1,
              "Plan Width": 8,
              "Actual Startup Time": 24.869,
              "Actual Total Time": 24.871,
              "Actual Rows": 1,
              "Actual Loops": 2,
              "Plans": [
                {
                  "Node Type": "Nested Loop",
                  "Parent Relationship": "Outer",
                  "Parallel Aware": false,
                  "Join Type": "Inner",
                  "Startup Cost": 68.45,
                  "Total Cost": 21892.9,
                  "Plan Rows": 699,
                  "Plan Width": 0,
                  "Actual Startup Time": 10.96,
                  "Actual Total Time": 24.686,
                  "Actual Rows": 1522,
                  "Actual Loops": 2,
                  "Inner Unique": true,
                  "Plans": [
                    {
                      "Node Type": "Bitmap Heap Scan",
                      "Parent Relationship": "Outer",
                      "Parallel Aware": true,
                      "Relation Name": "movie_companies",
                      "Alias": "mc",
                      "Startup Cost": 68.02,
                      "Total Cost": 8083.96,
                      "Plan Rows": 1791,
                      "Plan Width": 4,
                      "Actual Startup Time": 10.9,
                      "Actual Total Time": 14.197,
                      "Actual Rows": 1522,
                      "Actual Loops": 2,
                      "Recheck Cond": "(company_id = 11156)",
                      "Rows Removed by Index Recheck": 0,
                      "Exact Heap Blocks": 1385,
                      "Lossy Heap Blocks": 0,
                      "Plans": [
                        {
                          "Node Type": "Bitmap Index Scan",
                          "Parent Relationship": "Outer",
                          "Parallel Aware": false,
                          "Index Name": "company_id_movie_companies",
                          "Startup Cost": 0.0,
                          "Total Cost": 67.26,
                          "Plan Rows": 3044,
                          "Plan Width": 0,
                          "Actual Startup Time": 12.356,
                          "Actual Total Time": 12.357,
                          "Actual Rows": 3044,
                          "Actual Loops": 1,
                          "Index Cond": "(company_id = 11156)"
                        }
                      ]
                    },
                    {
                      "Node Type": "Index Scan",
                      "Parent Relationship": "Inner",
                      "Parallel Aware": false,
                      "Scan Direction": "Forward",
                      "Index Name": "title_pkey",
                      "Relation Name": "title",
                      "Alias": "t",
                      "Startup Cost": 0.43,
                      "Total Cost": 7.71,
                      "Plan Rows": 1,
                      "Plan Width": 4,
                      "Actual Startup Time": 0.006,
                      "Actual Total Time": 0.006,
                      "Actual Rows": 1,
                      "Actual Loops": 3044,
                      "Index Cond": "(id = mc.movie_id)",
                      "Rows Removed by Index Recheck": 0,
                      "Filter": "(kind_id < 7)",
                      "Rows Removed by Filter": 0
                    }
                  ]
                }
              ]
            }
          ]
        }
      ]
    },
    "Planning Time": 0.253,
    "Triggers": [],
    "Execution Time": 30.316
  }
]