[
  {
    "Plan": {
      "Node Type": "Aggregate",
      "Strategy": "Plain",
      "Partial Mode": "Finalize",
      "Parallel Aware": false,
      "Startup Cost": 385270.62,
      "Total Cost": 385270.63,
      "Plan Rows": 1,
      "Plan Width": 8,
      "Actual Startup Time": 725.562,
      "Actual Total Time": 769.996,
      "Actual Rows": 1,
      "Actual Loops": 1,
      "Plans": [
        {
          "Node Type": "Gather",
          "Parent Relationship": "Outer",
          "Parallel Aware": false,
          "Startup Cost": 385270.0,
          "Total Cost": 385270.61,
          "Plan Rows": 6,
          "Plan Width": 8,
          "Actual Startup Time": 724.396,
          "Actual Total Time": 769.985,
          "Actual Rows": 7,
          "Actual Loops": 1,
          "Workers Planned": 6,
          "Workers Launched": 6,
          "Single Copy": false,
          "Plans": [
            {
              "Node Type": "Aggregate",
              "Strategy": "Plain",
              "Partial Mode": "Partial",
              "Parent Relationship": "Outer",
              "Parallel Aware": false,
              "Startup Cost": 384270.0,
              "Total Cost": 384270.01,
              "Plan Rows": 1,
              "Plan Width": 8,
              "Actual Startup Time": 712.851,
              "Actual Total Time": 712.855,
              "Actual Rows": 1,
              "Actual Loops": 7,
              "Plans": [
                {
                  "Node Type": "Nested Loop",
                  "Parent Relationship": "Outer",
                  "Parallel Aware": false,
                  "Join Type": "Inner",
                  "Startup Cost": 107573.88,
                  "Total Cost": 384177.63,
                  "Plan Rows": 36947,
                  "Plan Width": 0,
                  "Actual Startup Time": 172.644,
                  "Actual Total Time": 687.931,
                  "Actual Rows": 516743,
                  "Actual Loops": 7,
                  "Inner Unique": false,
                  "Join Filter": "(t.id = mi.movie_id)",
                  "Rows Removed by Join Filter": 0,
                  "Plans": [
                    {
                      "Node Type": "Hash Join",
                      "Parent Relationship": "Outer",
                      "Parallel Aware": true,
                      "Join Type": "Inner",
                      "Startup Cost": 107573.45,
                      "Total Cost": 367917.8,
                      "Plan Rows": 6319,
                      "Plan Width": 8,
                      "Actual Startup Time": 172.417,
                      "Actual Total Time": 321.259,
                      "Actual Rows": 15431,
                      "Actual Loops": 7,
                      "Inner Unique": true,
                      "Hash Cond": "(ci.movie_id = t.id)",
                      "Plans": [
                        {
                          "Node Type": "Bitmap Heap Scan",
                          "Parent Relationship": "Outer",
                          "Parallel Aware": true,
                          "Relation Name": "cast_info",
                          "Alias": "ci",
                          "Startup Cost": 63370.35,
                          "Total Cost": 323283.88,
                          "Plan Rows": 164123,
                          "Plan Width": 4,
                          "Actual Startup Time": 93.375,
                          "Actual Total Time": 176.054,
                          "Actual Rows": 396249,
                          "Actual Loops": 7,
                          "Recheck Cond": "(person_id > 3534336)",
                          "Rows Removed by Index Recheck": 0,
                          "Filter": "(role_id > 3)",
                          "Rows Removed by Filter": 0,
                          "Exact Heap Blocks": 7897,
                          "Lossy Heap Blocks": 0,
                          "Plans": [
                            {
                              "Node Type": "Bitmap Index Scan",
                              "Parent Relationship": "Outer",
                              "Parallel Aware": false,
                              "Index Name": "person_id_cast_info",
                              "Startup Cost": 0.0,
                              "Total Cost": 63124.16,
                              "Plan Rows": 2890613,
                              "Plan Width": 0,
                              "Actual Startup Time": 86.81,
                              "Actual Total Time": 86.811,
                              "Actual Rows": 2773743,
                              "Actual Loops": 1,
                              "Index Cond": "(person_id > 3534336)"
                            }
                          ]
                        },
                        {
                          "Node Type": "Hash",
                          "Parent Relationship": "Inner",
                          "Parallel Aware": true,
                          "Startup Cost": 43898.92,
                          "Total Cost": 43898.92,
                          "Plan Rows": 24335,
                          "Plan Width": 4,
                          "Actual Startup Time": 77.238,
                          "Actual Total Time": 77.239,
                          "Actual Rows": 13572,
                          "Actual Loops": 7,
                          "Hash Buckets": 131072,
                          "Original Hash Buckets": 131072,
                          "Hash Batches": 1,
                          "Original Hash Batches": 1,
                          "Peak Memory Usage": 4864,
                          "Plans": [
                            {
                              "Node Type": "Seq Scan",
                              "Parent Relationship": "Outer",
                              "Parallel Aware": true,
                              "Relation Name": "title",
                              "Alias": "t",
                              "Startup Cost": 0.0,
                              "Total Cost": 43898.92,
                              "Plan Rows": 24335,
                              "Plan Width": 4,
                              "Actual Startup Time": 0.042,
                              "Actual Total Time": 70.332,
                              "Actual Rows": 13572,
                              "Actual Loops": 7,
                              "Filter": "(production_year = 2005)",
                              "Rows Removed by Filter": 347615
                            }
                          ]
                        }
                      ]
                    },
                    {
                      "Node Type": "Index Only Scan",
                      "Parent Relationship": "Inner",
                      "Parallel Aware": false,
                      "Scan Direction": "Forward",
                      "Index Name": "movie_id_movie_info",
                      "Relation Name": "movie_info",
                      "Alias": "mi",
                      "Startup Cost": 0.43,
                      "Total Cost": 2.05,
                      "Plan Rows": 42,
                      "Plan Width": 4,
                      "Actual Startup Time": 0.006,
                      "Actual Total Time": 0.021,
                      "Actual Rows": 33,
                      "Actual Loops": 108015,
                      "Index Cond": "(movie_id = ci.movie_id)",
                      "Rows Removed by Index Recheck": 0,
                      "Heap Fetches": 3617199
                    }
                  ]
                }
              ]
            }
          ]
        }
      ]
    },
    "Planning Time": 1.311,
    "Triggers": [],
    "Execution Time": 770.148
  }
]