{
  "Plan": {
    "Node Type": "Aggregate",
    "Strategy": "Plain",
    "Partial Mode": "Finalize",
    "Parallel Aware": false,
    "Startup Cost": 1060669.41,
    "Total Cost": 1060669.42,
    "Plan Rows": 1,
    "Plan Width": 8,
    "Actual Startup Time": 3855.616,
    "Actual Total Time": 3882.794,
    "Actual Rows": 1,
    "Actual Loops": 1,
    "Plans": [
      {
        "Node Type": "Gather",
        "Parent Relationship": "Outer",
        "Parallel Aware": false,
        "Startup Cost": 1060669.3,
        "Total Cost": 1060669.41,
        "Plan Rows": 1,
        "Plan Width": 8,
        "Actual Startup Time": 3849.388,
        "Actual Total Time": 3882.784,
        "Actual Rows": 2,
        "Actual Loops": 1,
        "Workers Planned": 1,
        "Workers Launched": 1,
        "Single Copy": false,
        "Plans": [
          {
            "Node Type": "Aggregate",
            "Strategy": "Plain",
            "Partial Mode": "Partial",
            "Parent Relationship": "Outer",
            "Parallel Aware": false,
            "Startup Cost": 1059669.3,
            "Total Cost": 1059669.31,
            "Plan Rows": 1,
            "Plan Width": 8,
            "Actual Startup Time": 3834.767,
            "Actual Total Time": 3834.776,
            "Actual Rows": 1,
            "Actual Loops": 2,
            "Plans": [
              {
                "Node Type": "Merge Join",
                "Parent Relationship": "Outer",
                "Parallel Aware": false,
                "Join Type": "Inner",
                "Startup Cost": 1015064.81,
                "Total Cost": 1055119.32,
                "Plan Rows": 1819993,
                "Plan Width": 0,
                "Actual Startup Time": 3170.241,
                "Actual Total Time": 3779.326,
                "Actual Rows": 1444186,
                "Actual Loops": 2,
                "Inner Unique": false,
                "Merge Cond": "(t.id = mc.movie_id)",
                "Plans": [
                  {
                    "Node Type": "Sort",
                    "Parent Relationship": "Outer",
                    "Parallel Aware": false,
                    "Startup Cost": 692113.63,
                    "Total Cost": 696522.65,
                    "Plan Rows": 1763606,
                    "Plan Width": 8,
                    "Actual Startup Time": 2406.292,
                    "Actual Total Time": 2532.9,
                    "Actual Rows": 1603982,
                    "Actual Loops": 2,
                    "Sort Key": [
                      "ci.movie_id"
                    ],
                    "Sort Method": "quicksort",
                    "Sort Space Used": 125762,
                    "Sort Space Type": "Memory",
                    "Workers": [
                      {
                        "Worker Number": 0,
                        "Sort Method": "quicksort",
                        "Sort Space Used": 122917,
                        "Sort Space Type": "Memory"
                      }
                    ],
                    "Plans": [
                      {
                        "Node Type": "Hash Join",
                        "Parent Relationship": "Outer",
                        "Parallel Aware": true,
                        "Join Type": "Inner",
                        "Startup Cost": 202176.98,
                        "Total Cost": 509138.66,
                        "Plan Rows": 1763606,
                        "Plan Width": 8,
                        "Actual Startup Time": 604.819,
                        "Actual Total Time": 1999.032,
                        "Actual Rows": 1603982,
                        "Actual Loops": 2,
                        "Inner Unique": true,
                        "Hash Cond": "(ci.movie_id = t.id)",
                        "Plans": [
                          {
                            "Node Type": "Bitmap Heap Scan",
                            "Parent Relationship": "Outer",
                            "Parallel Aware": true,
                            "Relation Name": "cast_info",
                            "Alias": "ci",
                            "Startup Cost": 134733.84,
                            "Total Cost": 432275.93,
                            "Plan Rows": 3588408,
                            "Plan Width": 4,
                            "Actual Startup Time": 226.638,
                            "Actual Total Time": 587.004,
                            "Actual Rows": 3145113,
                            "Actual Loops": 2,
                            "Recheck Cond": "(person_id < 606448)",
                            "Rows Removed by Index Recheck": 0,
                            "Exact Heap Blocks": 34157,
                            "Lossy Heap Blocks": 0,
                            "Plans": [
                              {
                                "Node Type": "Bitmap Index Scan",
                                "Parent Relationship": "Outer",
                                "Parallel Aware": false,
                                "Index Name": "person_id_cast_info",
                                "Startup Cost": 0.0,
                                "Total Cost": 133208.76,
                                "Plan Rows": 6100293,
                                "Plan Width": 0,
                                "Actual Startup Time": 215.322,
                                "Actual Total Time": 215.323,
                                "Actual Rows": 6290226,
                                "Actual Loops": 1,
                                "Index Cond": "(person_id < 606448)"
                              }
                            ]
                          },
                          {
                            "Node Type": "Hash",
                            "Parent Relationship": "Inner",
                            "Parallel Aware": true,
                            "Startup Cost": 58306.47,
                            "Total Cost": 58306.47,
                            "Plan Rows": 730934,
                            "Plan Width": 4,
                            "Actual Startup Time": 363.866,
                            "Actual Total Time": 363.867,
                            "Actual Rows": 662288,
                            "Actual Loops": 2,
                            "Hash Buckets": 2097152,
                            "Original Hash Buckets": 2097152,
                            "Hash Batches": 1,
                            "Original Hash Batches": 1,
                            "Peak Memory Usage": 68224,
                            "Plans": [
                              {
                                "Node Type": "Seq Scan",
                                "Parent Relationship": "Outer",
                                "Parallel Aware": true,
                                "Relation Name": "title",
                                "Alias": "t",
                                "Startup Cost": 0.0,
                                "Total Cost": 58306.47,
                                "Plan Rows": 730934,
                                "Plan Width": 4,
                                "Actual Startup Time": 0.047,
                                "Actual Total Time": 171.986,
                                "Actual Rows": 662288,
                                "Actual Loops": 2,
                                "Filter": "((production_year > 1973) AND (kind_id = 7))",
                                "Rows Removed by Filter": 601868
                              }
                            ]
                          }
                        ]
                      }
                    ]
                  },
                  {
                    "Node Type": "Sort",
                    "Parent Relationship": "Inner",
                    "Parallel Aware": false,
                    "Startup Cost": 322951.0,
                    "Total Cost": 329473.82,
                    "Plan Rows": 2609129,
                    "Plan Width": 4,
                    "Actual Startup Time": 763.917,
                    "Actual Total Time": 894.966,
                    "Actual Rows": 3637638,
                    "Actual Loops": 2,
                    "Sort Key": [
                      "mc.movie_id"
                    ],
                    "Sort Method": "quicksort",
                    "Sort Space Used": 220607,
                    "Sort Space Type": "Memory",
                    "Workers": [
                      {
                        "Worker Number": 0,
                        "Sort Method": "quicksort",
                        "Sort Space Used": 220607,
                        "Sort Space Type": "Memory"
                      }
                    ],
                    "Plans": [
                      {
                        "Node Type": "Seq Scan",
                        "Parent Relationship": "Outer",
                        "Parallel Aware": false,
                        "Relation Name": "movie_companies",
                        "Alias": "mc",
                        "Startup Cost": 0.0,
                        "Total Cost": 44881.29,
                        "Plan Rows": 2609129,
                        "Plan Width": 4,
                        "Actual Startup Time": 0.043,
                        "Actual Total Time": 234.123,
                        "Actual Rows": 2609129,
                        "Actual Loops": 2
                      }
                    ]
                  }
                ]
              }
            ]
          }
        ]
      }
    ]
  },
  "Planning Time": 0.991,
  "Triggers": [],
  "Execution Time": 3903.996
}