[
  {
    "Plan": {
      "Node Type": "Aggregate",
      "Strategy": "Plain",
      "Partial Mode": "Finalize",
      "Parallel Aware": false,
      "Startup Cost": 18498.38,
      "Total Cost": 18498.39,
      "Plan Rows": 1,
      "Plan Width": 8,
      "Actual Startup Time": 14.362,
      "Actual Total Time": 16.591,
      "Actual Rows": 1,
      "Actual Loops": 1,
      "Plans": [
        {
          "Node Type": "Gather",
          "Parent Relationship": "Outer",
          "Parallel Aware": false,
          "Startup Cost": 18498.26,
          "Total Cost": 18498.37,
          "Plan Rows": 1,
          "Plan Width": 8,
          "Actual Startup Time": 14.256,
          "Actual Total Time": 16.585,
          "Actual Rows": 2,
          "Actual Loops": 1,
          "Workers Planned": 1,
          "Workers Launched": 1,
          "Single Copy": false,
          "Plans": [
            {
              "Node Type": "Aggregate",
              "Strategy": "Plain",
              "Partial Mode": "Partial",
              "Parent Relationship": "Outer",
              "Parallel Aware": false,
              "Startup Cost": 17498.26,
              "Total Cost": 17498.27,
              "Plan Rows": 1,
              "Plan Width": 8,
              "Actual Startup Time": 11.971,
              "Actual Total Time": 11.973,
              "Actual Rows": 1,
              "Actual Loops": 2,
              "Plans": [
                {
                  "Node Type": "Nested Loop",
                  "Parent Relationship": "Outer",
                  "Parallel Aware": false,
                  "Join Type": "Inner",
                  "Startup Cost": 55.06,
                  "Total Cost": 17494.81,
                  "Plan Rows": 1381,
                  "Plan Width": 0,
                  "Actual Startup Time": 0.704,
                  "Actual Total Time": 11.81,
                  "Actual Rows": 1082,
                  "Actual Loops": 2,
                  "Inner Unique": true,
                  "Plans": [
                    {
                      "Node Type": "Bitmap Heap Scan",
                      "Parent Relationship": "Outer",
                      "Parallel Aware": true,
                      "Relation Name": "movie_companies",
                      "Alias": "mc",
                      "Startup Cost": 54.63,
                      "Total Cost": 6638.12,
                      "Plan Rows": 1381,
                      "Plan Width": 4,
                      "Actual Startup Time": 0.641,
                      "Actual Total Time": 2.808,
                      "Actual Rows": 1082,
                      "Actual Loops": 2,
                      "Recheck Cond": "(company_id = 439)",
                      "Rows Removed by Index Recheck": 0,
                      "Exact Heap Blocks": 750,
                      "Lossy Heap Blocks": 0,
                      "Plans": [
                        {
                          "Node Type": "Bitmap Index Scan",
                          "Parent Relationship": "Outer",
                          "Parallel Aware": false,
                          "Index Name": "company_id_movie_companies",
                          "Startup Cost": 0.0,
                          "Total Cost": 54.04,
                          "Plan Rows": 2348,
                          "Plan Width": 0,
                          "Actual Startup Time": 1.014,
                          "Actual Total Time": 1.014,
                          "Actual Rows": 2164,
                          "Actual Loops": 1,
                          "Index Cond": "(company_id = 439)"
                        }
                      ]
                    },
                    {
                      "Node Type": "Index Only Scan",
                      "Parent Relationship": "Inner",
                      "Parallel Aware": false,
                      "Scan Direction": "Forward",
                      "Index Name": "title_pkey",
                      "Relation Name": "title",
                      "Alias": "t",
                      "Startup Cost": 0.43,
                      "Total Cost": 7.86,
                      "Plan Rows": 1,
                      "Plan Width": 4,
                      "Actual Startup Time": 0.008,
                      "Actual Total Time": 0.008,
                      "Actual Rows": 1,
                      "Actual Loops": 2164,
                      "Index Cond": "(id = mc.movie_id)",
                      "Rows Removed by Index Recheck": 0,
                      "Heap Fetches": 2164
                    }
                  ]
                }
              ]
            }
          ]
        }
      ]
    },
    "Planning Time": 0.446,
    "Triggers": [],
    "Execution Time": 16.642
  }
]