[
  {
    "Plan": {
      "Node Type": "Aggregate",
      "Strategy": "Plain",
      "Partial Mode": "Finalize",
      "Parallel Aware": false,
      "Startup Cost": 32715.58,
      "Total Cost": 32715.59,
      "Plan Rows": 1,
      "Plan Width": 8,
      "Actual Startup Time": 74.828,
      "Actual Total Time": 80.225,
      "Actual Rows": 1,
      "Actual Loops": 1,
      "Plans": [
        {
          "Node Type": "Gather",
          "Parent Relationship": "Outer",
          "Parallel Aware": false,
          "Startup Cost": 32715.26,
          "Total Cost": 32715.57,
          "Plan Rows": 3,
          "Plan Width": 8,
          "Actual Startup Time": 74.714,
          "Actual Total Time": 80.218,
          "Actual Rows": 4,
          "Actual Loops": 1,
          "Workers Planned": 3,
          "Workers Launched": 3,
          "Single Copy": false,
          "Plans": [
            {
              "Node Type": "Aggregate",
              "Strategy": "Plain",
              "Partial Mode": "Partial",
              "Parent Relationship": "Outer",
              "Parallel Aware": false,
              "Startup Cost": 31715.26,
              "Total Cost": 31715.27,
              "Plan Rows": 1,
              "Plan Width": 8,
              "Actual Startup Time": 69.568,
              "Actual Total Time": 69.569,
              "Actual Rows": 1,
              "Actual Loops": 4,
              "Plans": [
                {
                  "Node Type": "Seq Scan",
                  "Parent Relationship": "Outer",
                  "Parallel Aware": true,
                  "Relation Name": "movie_companies",
                  "Alias": "mc",
                  "Startup Cost": 0.0,
                  "Total Cost": 31414.82,
                  "Plan Rows": 120178,
                  "Plan Width": 0,
                  "Actual Startup Time": 21.857,
                  "Actual Total Time": 68.742,
                  "Actual Rows": 13528,
                  "Actual Loops": 4,
                  "Filter": "((company_id > 36114) AND (company_type_id < 2))",
                  "Rows Removed by Filter": 638754
                }
              ]
            }
          ]
        }
      ]
    },
    "Planning Time": 0.081,
    "Triggers": [],
    "Execution Time": 80.253
  }
]