[
  {
    "Plan": {
      "Node Type": "Aggregate",
      "Strategy": "Plain",
      "Partial Mode": "Finalize",
      "Parallel Aware": false,
      "Startup Cost": 107111.37,
      "Total Cost": 107111.38,
      "Plan Rows": 1,
      "Plan Width": 8,
      "Actual Startup Time": 665.215,
      "Actual Total Time": 682.219,
      "Actual Rows": 1,
      "Actual Loops": 1,
      "Plans": [
        {
          "Node Type": "Gather",
          "Parent Relationship": "Outer",
          "Parallel Aware": false,
          "Startup Cost": 107111.15,
          "Total Cost": 107111.36,
          "Plan Rows": 2,
          "Plan Width": 8,
          "Actual Startup Time": 660.356,
          "Actual Total Time": 682.21,
          "Actual Rows": 3,
          "Actual Loops": 1,
          "Workers Planned": 2,
          "Workers Launched": 2,
          "Single Copy": false,
          "Plans": [
            {
              "Node Type": "Aggregate",
              "Strategy": "Plain",
              "Partial Mode": "Partial",
              "Parent Relationship": "Outer",
              "Parallel Aware": false,
              "Startup Cost": 106111.15,
              "Total Cost": 106111.16,
              "Plan Rows": 1,
              "Plan Width": 8,
              "Actual Startup Time": 652.67,
              "Actual Total Time": 652.885,
              "Actual Rows": 1,
              "Actual Loops": 3,
              "Plans": [
                {
                  "Node Type": "Hash Join",
                  "Parent Relationship": "Outer",
                  "Parallel Aware": true,
                  "Join Type": "Inner",
                  "Startup Cost": 89917.98,
                  "Total Cost": 105957.58,
                  "Plan Rows": 61428,
                  "Plan Width": 0,
                  "Actual Startup Time": 483.227,
                  "Actual Total Time": 623.168,
                  "Actual Rows": 763890,
                  "Actual Loops": 3,
                  "Inner Unique": false,
                  "Hash Cond": "(mi_idx.movie_id = t.id)",
                  "Plans": [
                    {
                      "Node Type": "Seq Scan",
                      "Parent Relationship": "Outer",
                      "Parallel Aware": true,
                      "Relation Name": "movie_info_idx",
                      "Alias": "mi_idx",
                      "Startup Cost": 0.0,
                      "Total Cost": 13685.15,
                      "Plan Rows": 575015,
                      "Plan Width": 4,
                      "Actual Startup Time": 0.03,
                      "Actual Total Time": 34.545,
                      "Actual Rows": 460012,
                      "Actual Loops": 3
                    },
                    {
                      "Node Type": "Hash",
                      "Parent Relationship": "Inner",
                      "Parallel Aware": true,
                      "Startup Cost": 88828.89,
                      "Total Cost": 88828.89,
                      "Plan Rows": 87127,
                      "Plan Width": 8,
                      "Actual Startup Time": 479.064,
                      "Actual Total Time": 479.278,
                      "Actual Rows": 310035,
                      "Actual Loops": 3,
                      "Hash Buckets": 1048576,
                      "Original Hash Buckets": 524288,
                      "Hash Batches": 1,
                      "Original Hash Batches": 1,
                      "Peak Memory Usage": 48704,
                      "Plans": [
                        {
                          "Node Type": "Hash Join",
                          "Parent Relationship": "Outer",
                          "Parallel Aware": true,
                          "Join Type": "Inner",
                          "Startup Cost": 45950.81,
                          "Total Cost": 88828.89,
                          "Plan Rows": 87127,
                          "Plan Width": 8,
                          "Actual Startup Time": 142.35,
                          "Actual Total Time": 406.522,
                          "Actual Rows": 310035,
                          "Actual Loops": 3,
                          "Inner Unique": true,
                          "Hash Cond": "(mk.movie_id = t.id)",
                          "Plans": [
                            {
                              "Node Type": "Seq Scan",
                              "Parent Relationship": "Outer",
                              "Parallel Aware": true,
                              "Relation Name": "movie_keyword",
                              "Alias": "mk",
                              "Startup Cost": 0.0,
                              "Total Cost": 39047.32,
                              "Plan Rows": 1459332,
                              "Plan Width": 4,
                              "Actual Startup Time": 0.022,
                              "Actual Total Time": 111.047,
                              "Actual Rows": 1507977,
                              "Actual Loops": 3
                            },
                            {
                              "Node Type": "Hash",
                              "Parent Relationship": "Inner",
                              "Parallel Aware": true,
                              "Startup Cost": 45479.1,
                              "Total Cost": 45479.1,
                              "Plan Rows": 37737,
                              "Plan Width": 4,
                              "Actual Startup Time": 140.796,
                              "Actual Total Time": 140.797,
                              "Actual Rows": 86016,
                              "Actual Loops": 3,
                              "Hash Buckets": 262144,
                              "Original Hash Buckets": 262144,
                              "Hash Batches": 1,
                              "Original Hash Batches": 1,
                              "Peak Memory Usage": 12160,
                              "Plans": [
                                {
                                  "Node Type": "Seq Scan",
                                  "Parent Relationship": "Outer",
                                  "Parallel Aware": true,
                                  "Relation Name": "title",
                                  "Alias": "t",
                                  "Startup Cost": 0.0,
                                  "Total Cost": 45479.1,
                                  "Plan Rows": 37737,
                                  "Plan Width": 4,
                                  "Actual Startup Time": 0.111,
                                  "Actual Total Time": 113.762,
                                  "Actual Rows": 86016,
                                  "Actual Loops": 3,
                                  "Filter": "((kind_id < 7) AND (production_year < 1972))",
                                  "Rows Removed by Filter": 756755
                                }
                              ]
                            }
                          ]
                        }
                      ]
                    }
                  ]
                }
              ]
            }
          ]
        }
      ]
    },
    "Planning Time": 1.31,
    "Triggers": [],
    "Execution Time": 682.297
  }
]