[
  {
    "Plan": {
      "Node Type": "Aggregate",
      "Strategy": "Plain",
      "Partial Mode": "Finalize",
      "Parallel Aware": false,
      "Startup Cost": 305041.29,
      "Total Cost": 305041.3,
      "Plan Rows": 1,
      "Plan Width": 8,
      "Actual Startup Time": 119.049,
      "Actual Total Time": 134.964,
      "Actual Rows": 1,
      "Actual Loops": 1,
      "Plans": [
        {
          "Node Type": "Gather",
          "Parent Relationship": "Outer",
          "Parallel Aware": false,
          "Startup Cost": 305040.77,
          "Total Cost": 305041.28,
          "Plan Rows": 5,
          "Plan Width": 8,
          "Actual Startup Time": 118.038,
          "Actual Total Time": 134.953,
          "Actual Rows": 6,
          "Actual Loops": 1,
          "Workers Planned": 5,
          "Workers Launched": 5,
          "Single Copy": false,
          "Plans": [
            {
              "Node Type": "Aggregate",
              "Strategy": "Plain",
              "Partial Mode": "Partial",
              "Parent Relationship": "Outer",
              "Parallel Aware": false,
              "Startup Cost": 304040.77,
              "Total Cost": 304040.78,
              "Plan Rows": 1,
              "Plan Width": 8,
              "Actual Startup Time": 109.888,
              "Actual Total Time": 109.89,
              "Actual Rows": 1,
              "Actual Loops": 6,
              "Plans": [
                {
                  "Node Type": "Nested Loop",
                  "Parent Relationship": "Outer",
                  "Parallel Aware": false,
                  "Join Type": "Inner",
                  "Startup Cost": 5078.75,
                  "Total Cost": 304031.26,
                  "Plan Rows": 3805,
                  "Plan Width": 0,
                  "Actual Startup Time": 16.456,
                  "Actual Total Time": 109.477,
                  "Actual Rows": 2916,
                  "Actual Loops": 6,
                  "Inner Unique": true,
                  "Plans": [
                    {
                      "Node Type": "Nested Loop",
                      "Parent Relationship": "Outer",
                      "Parallel Aware": false,
                      "Join Type": "Inner",
                      "Startup Cost": 5078.32,
                      "Total Cost": 294504.63,
                      "Plan Rows": 15204,
                      "Plan Width": 8,
                      "Actual Startup Time": 13.625,
                      "Actual Total Time": 71.265,
                      "Actual Rows": 7361,
                      "Actual Loops": 6,
                      "Inner Unique": false,
                      "Plans": [
                        {
                          "Node Type": "Bitmap Heap Scan",
                          "Parent Relationship": "Outer",
                          "Parallel Aware": true,
                          "Relation Name": "cast_info",
                          "Alias": "ci",
                          "Startup Cost": 5077.89,
                          "Total Cost": 263343.69,
                          "Plan Rows": 15477,
                          "Plan Width": 4,
                          "Actual Startup Time": 13.462,
                          "Actual Total Time": 17.339,
                          "Actual Rows": 7395,
                          "Actual Loops": 6,
                          "Recheck Cond": "(person_id < 28287)",
                          "Rows Removed by Index Recheck": 0,
                          "Filter": "(role_id > 3)",
                          "Rows Removed by Filter": 32430,
                          "Exact Heap Blocks": 968,
                          "Lossy Heap Blocks": 0,
                          "Plans": [
                            {
                              "Node Type": "Bitmap Index Scan",
                              "Parent Relationship": "Outer",
                              "Parallel Aware": false,
                              "Index Name": "person_id_cast_info",
                              "Startup Cost": 0.0,
                              "Total Cost": 5058.55,
                              "Plan Rows": 231731,
                              "Plan Width": 0,
                              "Actual Startup Time": 9.8,
                              "Actual Total Time": 9.801,
                              "Actual Rows": 238946,
                              "Actual Loops": 1,
                              "Index Cond": "(person_id < 28287)"
                            }
                          ]
                        },
                        {
                          "Node Type": "Index Scan",
                          "Parent Relationship": "Inner",
                          "Parallel Aware": false,
                          "Scan Direction": "Forward",
                          "Index Name": "movie_id_movie_companies",
                          "Relation Name": "movie_companies",
                          "Alias": "mc",
                          "Startup Cost": 0.43,
                          "Total Cost": 1.99,
                          "Plan Rows": 2,
                          "Plan Width": 4,
                          "Actual Startup Time": 0.006,
                          "Actual Total Time": 0.007,
                          "Actual Rows": 1,
                          "Actual Loops": 44369,
                          "Index Cond": "(movie_id = ci.movie_id)",
                          "Rows Removed by Index Recheck": 0,
                          "Filter": "(company_id < 5438)",
                          "Rows Removed by Filter": 1
                        }
                      ]
                    },
                    {
                      "Node Type": "Index Scan",
                      "Parent Relationship": "Inner",
                      "Parallel Aware": false,
                      "Scan Direction": "Forward",
                      "Index Name": "title_pkey",
                      "Relation Name": "title",
                      "Alias": "t",
                      "Startup Cost": 0.43,
                      "Total Cost": 0.63,
                      "Plan Rows": 1,
                      "Plan Width": 4,
                      "Actual Startup Time": 0.005,
                      "Actual Total Time": 0.005,
                      "Actual Rows": 0,
                      "Actual Loops": 44166,
                      "Index Cond": "(id = mc.movie_id)",
                      "Rows Removed by Index Recheck": 0,
                      "Filter": "(kind_id = 7)",
                      "Rows Removed by Filter": 1
                    }
                  ]
                }
              ]
            }
          ]
        }
      ]
    },
    "Planning Time": 0.6,
    "Triggers": [],
    "Execution Time": 135.039
  }
]