[
  {
    "Plan": {
      "Node Type": "Aggregate",
      "Strategy": "Plain",
      "Partial Mode": "Finalize",
      "Parallel Aware": false,
      "Startup Cost": 236038.32,
      "Total Cost": 236038.33,
      "Plan Rows": 1,
      "Plan Width": 8,
      "Actual Startup Time": 178.053,
      "Actual Total Time": 205.809,
      "Actual Rows": 1,
      "Actual Loops": 1,
      "Plans": [
        {
          "Node Type": "Gather",
          "Parent Relationship": "Outer",
          "Parallel Aware": false,
          "Startup Cost": 236037.9,
          "Total Cost": 236038.31,
          "Plan Rows": 4,
          "Plan Width": 8,
          "Actual Startup Time": 177.942,
          "Actual Total Time": 205.799,
          "Actual Rows": 5,
          "Actual Loops": 1,
          "Workers Planned": 4,
          "Workers Launched": 4,
          "Single Copy": false,
          "Plans": [
            {
              "Node Type": "Aggregate",
              "Strategy": "Plain",
              "Partial Mode": "Partial",
              "Parent Relationship": "Outer",
              "Parallel Aware": false,
              "Startup Cost": 235037.9,
              "Total Cost": 235037.91,
              "Plan Rows": 1,
              "Plan Width": 8,
              "Actual Startup Time": 167.669,
              "Actual Total Time": 167.67,
              "Actual Rows": 1,
              "Actual Loops": 5,
              "Plans": [
                {
                  "Node Type": "Nested Loop",
                  "Parent Relationship": "Outer",
                  "Parallel Aware": false,
                  "Join Type": "Inner",
                  "Startup Cost": 0.43,
                  "Total Cost": 235002.58,
                  "Plan Rows": 14129,
                  "Plan Width": 0,
                  "Actual Startup Time": 0.283,
                  "Actual Total Time": 166.604,
                  "Actual Rows": 10722,
                  "Actual Loops": 5,
                  "Inner Unique": false,
                  "Plans": [
                    {
                      "Node Type": "Seq Scan",
                      "Parent Relationship": "Outer",
                      "Parallel Aware": true,
                      "Relation Name": "title",
                      "Alias": "t",
                      "Startup Cost": 0.0,
                      "Total Cost": 43898.92,
                      "Plan Rows": 6742,
                      "Plan Width": 4,
                      "Actual Startup Time": 0.096,
                      "Actual Total Time": 72.909,
                      "Actual Rows": 4983,
                      "Actual Loops": 5,
                      "Filter": "(production_year = 1992)",
                      "Rows Removed by Filter": 500679
                    },
                    {
                      "Node Type": "Index Scan",
                      "Parent Relationship": "Inner",
                      "Parallel Aware": false,
                      "Scan Direction": "Forward",
                      "Index Name": "movie_id_movie_info",
                      "Relation Name": "movie_info",
                      "Alias": "mi",
                      "Startup Cost": 0.43,
                      "Total Cost": 28.2,
                      "Plan Rows": 15,
                      "Plan Width": 4,
                      "Actual Startup Time": 0.012,
                      "Actual Total Time": 0.018,
                      "Actual Rows": 2,
                      "Actual Loops": 24917,
                      "Index Cond": "(movie_id = t.id)",
                      "Rows Removed by Index Recheck": 0,
                      "Filter": "(info_type_id > 15)",
                      "Rows Removed by Filter": 4
                    }
                  ]
                }
              ]
            }
          ]
        }
      ]
    },
    "Planning Time": 0.612,
    "Triggers": [],
    "Execution Time": 205.888
  }
]