[
    {
        "Bao": {
            "Bao prediction": "NaN",
            "Bao recommended hint": "(no hint)"
        }
    },
    {
        "Plan": {
            "Node Type": "Aggregate",
            "Strategy": "Plain",
            "Partial Mode": "Finalize",
            "Parallel Aware": false,
            "Startup Cost": 32124.82,
            "Total Cost": 32124.83,
            "Plan Rows": 1,
            "Plan Width": 8,
            "Actual Startup Time": 88.324,
            "Actual Total Time": 93.688,
            "Actual Rows": 1,
            "Actual Loops": 1,
            "Output": [
                "count(*)"
            ],
            "Plans": [
                {
                    "Node Type": "Gather",
                    "Parent Relationship": "Outer",
                    "Parallel Aware": false,
                    "Startup Cost": 32124.5,
                    "Total Cost": 32124.81,
                    "Plan Rows": 3,
                    "Plan Width": 8,
                    "Actual Startup Time": 88.068,
                    "Actual Total Time": 93.68,
                    "Actual Rows": 4,
                    "Actual Loops": 1,
                    "Output": [
                        "(PARTIAL count(*))"
                    ],
                    "Workers Planned": 3,
                    "Workers Launched": 3,
                    "Single Copy": false,
                    "Plans": [
                        {
                            "Node Type": "Aggregate",
                            "Strategy": "Plain",
                            "Partial Mode": "Partial",
                            "Parent Relationship": "Outer",
                            "Parallel Aware": false,
                            "Startup Cost": 31124.5,
                            "Total Cost": 31124.51,
                            "Plan Rows": 1,
                            "Plan Width": 8,
                            "Actual Startup Time": 79.539,
                            "Actual Total Time": 79.54,
                            "Actual Rows": 1,
                            "Actual Loops": 4,
                            "Output": [
                                "PARTIAL count(*)"
                            ],
                            "Workers": [
                                {
                                    "Worker Number": 0,
                                    "Actual Startup Time": 76.42,
                                    "Actual Total Time": 76.422,
                                    "Actual Rows": 1,
                                    "Actual Loops": 1
                                },
                                {
                                    "Worker Number": 1,
                                    "Actual Startup Time": 76.784,
                                    "Actual Total Time": 76.785,
                                    "Actual Rows": 1,
                                    "Actual Loops": 1
                                },
                                {
                                    "Worker Number": 2,
                                    "Actual Startup Time": 77.154,
                                    "Actual Total Time": 77.156,
                                    "Actual Rows": 1,
                                    "Actual Loops": 1
                                }
                            ],
                            "Plans": [
                                {
                                    "Node Type": "Bitmap Heap Scan",
                                    "Parent Relationship": "Outer",
                                    "Parallel Aware": true,
                                    "Relation Name": "movie_keyword",
                                    "Schema": "public",
                                    "Alias": "mk",
                                    "Startup Cost": 5432.04,
                                    "Total Cost": 30918.09,
                                    "Plan Rows": 82564,
                                    "Plan Width": 0,
                                    "Actual Startup Time": 16.523,
                                    "Actual Total Time": 75.533,
                                    "Actual Rows": 62851,
                                    "Actual Loops": 4,
                                    "Recheck Cond": "(mk.keyword_id < 216)",
                                    "Rows Removed by Index Recheck": 0,
                                    "Exact Heap Blocks": 12342,
                                    "Lossy Heap Blocks": 0,
                                    "Workers": [
                                        {
                                            "Worker Number": 0,
                                            "Actual Startup Time": 13.427,
                                            "Actual Total Time": 72.987,
                                            "Actual Rows": 40887,
                                            "Actual Loops": 1
                                        },
                                        {
                                            "Worker Number": 1,
                                            "Actual Startup Time": 13.874,
                                            "Actual Total Time": 73.386,
                                            "Actual Rows": 38762,
                                            "Actual Loops": 1
                                        },
                                        {
                                            "Worker Number": 2,
                                            "Actual Startup Time": 14.264,
                                            "Actual Total Time": 73.796,
                                            "Actual Rows": 39293,
                                            "Actual Loops": 1
                                        }
                                    ],
                                    "Plans": [
                                        {
                                            "Node Type": "Bitmap Index Scan",
                                            "Parent Relationship": "Outer",
                                            "Parallel Aware": false,
                                            "Index Name": "keyword_id_movie_keyword",
                                            "Startup Cost": 0.0,
                                            "Total Cost": 5368.05,
                                            "Plan Rows": 255949,
                                            "Plan Width": 0,
                                            "Actual Startup Time": 20.32,
                                            "Actual Total Time": 20.321,
                                            "Actual Rows": 251405,
                                            "Actual Loops": 1,
                                            "Index Cond": "(mk.keyword_id < 216)"
                                        }
                                    ]
                                }
                            ]
                        }
                    ]
                }
            ]
        },
        "Planning Time": 207.665,
        "Triggers": [],
        "Execution Time": 93.738
    }
]