{
  "Plan": {
    "Node Type": "Aggregate",
    "Strategy": "Plain",
    "Partial Mode": "Finalize",
    "Parallel Aware": false,
    "Startup Cost": 15507.36,
    "Total Cost": 15507.37,
    "Plan Rows": 1,
    "Plan Width": 8,
    "Actual Startup Time": 26.537,
    "Actual Total Time": 29.83,
    "Actual Rows": 1,
    "Actual Loops": 1,
    "Plans": [
      {
        "Node Type": "Gather",
        "Parent Relationship": "Outer",
        "Parallel Aware": false,
        "Startup Cost": 15507.24,
        "Total Cost": 15507.35,
        "Plan Rows": 1,
        "Plan Width": 8,
        "Actual Startup Time": 26.404,
        "Actual Total Time": 29.823,
        "Actual Rows": 2,
        "Actual Loops": 1,
        "Workers Planned": 1,
        "Workers Launched": 1,
        "Single Copy": false,
        "Plans": [
          {
            "Node Type": "Aggregate",
            "Strategy": "Plain",
            "Partial Mode": "Partial",
            "Parent Relationship": "Outer",
            "Parallel Aware": false,
            "Startup Cost": 14507.24,
            "Total Cost": 14507.25,
            "Plan Rows": 1,
            "Plan Width": 8,
            "Actual Startup Time": 22.065,
            "Actual Total Time": 22.067,
            "Actual Rows": 1,
            "Actual Loops": 2,
            "Plans": [
              {
                "Node Type": "Nested Loop",
                "Parent Relationship": "Outer",
                "Parallel Aware": false,
                "Join Type": "Inner",
                "Startup Cost": 56.53,
                "Total Cost": 14504.19,
                "Plan Rows": 1222,
                "Plan Width": 0,
                "Actual Startup Time": 2.777,
                "Actual Total Time": 21.312,
                "Actual Rows": 5375,
                "Actual Loops": 2,
                "Inner Unique": false,
                "Plans": [
                  {
                    "Node Type": "Nested Loop",
                    "Parent Relationship": "Outer",
                    "Parallel Aware": false,
                    "Join Type": "Inner",
                    "Startup Cost": 56.1,
                    "Total Cost": 13135.88,
                    "Plan Rows": 754,
                    "Plan Width": 8,
                    "Actual Startup Time": 2.68,
                    "Actual Total Time": 10.914,
                    "Actual Rows": 520,
                    "Actual Loops": 2,
                    "Inner Unique": true,
                    "Plans": [
                      {
                        "Node Type": "Bitmap Heap Scan",
                        "Parent Relationship": "Outer",
                        "Parallel Aware": true,
                        "Relation Name": "movie_companies",
                        "Alias": "mc",
                        "Startup Cost": 55.67,
                        "Total Cost": 7018.39,
                        "Plan Rows": 754,
                        "Plan Width": 4,
                        "Actual Startup Time": 2.578,
                        "Actual Total Time": 4.272,
                        "Actual Rows": 520,
                        "Actual Loops": 2,
                        "Recheck Cond": "(company_id = 13114)",
                        "Rows Removed by Index Recheck": 0,
                        "Filter": "(company_type_id > 1)",
                        "Rows Removed by Filter": 697,
                        "Exact Heap Blocks": 834,
                        "Lossy Heap Blocks": 0,
                        "Plans": [
                          {
                            "Node Type": "Bitmap Index Scan",
                            "Parent Relationship": "Outer",
                            "Parallel Aware": false,
                            "Index Name": "company_id_movie_companies",
                            "Startup Cost": 0.0,
                            "Total Cost": 55.34,
                            "Plan Rows": 2522,
                            "Plan Width": 0,
                            "Actual Startup Time": 2.675,
                            "Actual Total Time": 2.675,
                            "Actual Rows": 2434,
                            "Actual Loops": 1,
                            "Index Cond": "(company_id = 13114)"
                          }
                        ]
                      },
                      {
                        "Node Type": "Index Only Scan",
                        "Parent Relationship": "Inner",
                        "Parallel Aware": false,
                        "Scan Direction": "Forward",
                        "Index Name": "title_pkey",
                        "Relation Name": "title",
                        "Alias": "t",
                        "Startup Cost": 0.43,
                        "Total Cost": 8.11,
                        "Plan Rows": 1,
                        "Plan Width": 4,
                        "Actual Startup Time": 0.012,
                        "Actual Total Time": 0.012,
                        "Actual Rows": 1,
                        "Actual Loops": 1040,
                        "Index Cond": "(id = mc.movie_id)",
                        "Rows Removed by Index Recheck": 0,
                        "Heap Fetches": 1040
                      }
                    ]
                  },
                  {
                    "Node Type": "Index Scan",
                    "Parent Relationship": "Inner",
                    "Parallel Aware": false,
                    "Scan Direction": "Forward",
                    "Index Name": "movie_id_movie_keyword",
                    "Relation Name": "movie_keyword",
                    "Alias": "mk",
                    "Startup Cost": 0.43,
                    "Total Cost": 1.4,
                    "Plan Rows": 41,
                    "Plan Width": 4,
                    "Actual Startup Time": 0.013,
                    "Actual Total Time": 0.017,
                    "Actual Rows": 10,
                    "Actual Loops": 1040,
                    "Index Cond": "(movie_id = t.id)",
                    "Rows Removed by Index Recheck": 0,
                    "Filter": "(keyword_id > 335)",
                    "Rows Removed by Filter": 1
                  }
                ]
              }
            ]
          }
        ]
      }
    ]
  },
  "Planning Time": 0.912,
  "Triggers": [],
  "Execution Time": 29.928
}