[
  {
    "Plan": {
      "Node Type": "Aggregate",
      "Strategy": "Plain",
      "Partial Mode": "Finalize",
      "Parallel Aware": false,
      "Startup Cost": 339971.44,
      "Total Cost": 339971.45,
      "Plan Rows": 1,
      "Plan Width": 8,
      "Actual Startup Time": 735.223,
      "Actual Total Time": 780.857,
      "Actual Rows": 1,
      "Actual Loops": 1,
      "Plans": [
        {
          "Node Type": "Gather",
          "Parent Relationship": "Outer",
          "Parallel Aware": false,
          "Startup Cost": 339970.82,
          "Total Cost": 339971.43,
          "Plan Rows": 6,
          "Plan Width": 8,
          "Actual Startup Time": 735.002,
          "Actual Total Time": 780.844,
          "Actual Rows": 7,
          "Actual Loops": 1,
          "Workers Planned": 6,
          "Workers Launched": 6,
          "Single Copy": false,
          "Plans": [
            {
              "Node Type": "Aggregate",
              "Strategy": "Plain",
              "Partial Mode": "Partial",
              "Parent Relationship": "Outer",
              "Parallel Aware": false,
              "Startup Cost": 338970.82,
              "Total Cost": 338970.83,
              "Plan Rows": 1,
              "Plan Width": 8,
              "Actual Startup Time": 727.504,
              "Actual Total Time": 727.506,
              "Actual Rows": 1,
              "Actual Loops": 7,
              "Plans": [
                {
                  "Node Type": "Seq Scan",
                  "Parent Relationship": "Outer",
                  "Parallel Aware": true,
                  "Relation Name": "cast_info",
                  "Alias": "ci",
                  "Startup Cost": 0.0,
                  "Total Cost": 328211.39,
                  "Plan Rows": 4303770,
                  "Plan Width": 0,
                  "Actual Startup Time": 0.046,
                  "Actual Total Time": 568.337,
                  "Actual Rows": 3707510,
                  "Actual Loops": 7,
                  "Filter": "(person_id < 2682622)",
                  "Rows Removed by Filter": 1470254
                }
              ]
            }
          ]
        }
      ]
    },
    "Planning Time": 0.199,
    "Triggers": [],
    "Execution Time": 780.952
  }
]