[
  {
    "Plan": {
      "Node Type": "Aggregate",
      "Strategy": "Plain",
      "Partial Mode": "Finalize",
      "Parallel Aware": false,
      "Startup Cost": 339920.06,
      "Total Cost": 339920.07,
      "Plan Rows": 1,
      "Plan Width": 8,
      "Actual Startup Time": 773.429,
      "Actual Total Time": 831.752,
      "Actual Rows": 1,
      "Actual Loops": 1,
      "Plans": [
        {
          "Node Type": "Gather",
          "Parent Relationship": "Outer",
          "Parallel Aware": false,
          "Startup Cost": 339919.43,
          "Total Cost": 339920.04,
          "Plan Rows": 6,
          "Plan Width": 8,
          "Actual Startup Time": 773.305,
          "Actual Total Time": 831.741,
          "Actual Rows": 7,
          "Actual Loops": 1,
          "Workers Planned": 6,
          "Workers Launched": 6,
          "Single Copy": false,
          "Plans": [
            {
              "Node Type": "Aggregate",
              "Strategy": "Plain",
              "Partial Mode": "Partial",
              "Parent Relationship": "Outer",
              "Parallel Aware": false,
              "Startup Cost": 338919.43,
              "Total Cost": 338919.45,
              "Plan Rows": 1,
              "Plan Width": 8,
              "Actual Startup Time": 763.96,
              "Actual Total Time": 763.961,
              "Actual Rows": 1,
              "Actual Loops": 7,
              "Plans": [
                {
                  "Node Type": "Seq Scan",
                  "Parent Relationship": "Outer",
                  "Parallel Aware": true,
                  "Relation Name": "cast_info",
                  "Alias": "ci",
                  "Startup Cost": 0.0,
                  "Total Cost": 328162.03,
                  "Plan Rows": 4302964,
                  "Plan Width": 0,
                  "Actual Startup Time": 0.053,
                  "Actual Total Time": 608.789,
                  "Actual Rows": 3707510,
                  "Actual Loops": 7,
                  "Filter": "(person_id < 2682622)",
                  "Rows Removed by Filter": 1470254
                }
              ]
            }
          ]
        }
      ]
    },
    "Planning Time": 0.227,
    "Triggers": [],
    "Execution Time": 831.826
  }
]