[
  {
    "Plan": {
      "Node Type": "Aggregate",
      "Strategy": "Plain",
      "Partial Mode": "Finalize",
      "Parallel Aware": false,
      "Startup Cost": 33401.42,
      "Total Cost": 33401.43,
      "Plan Rows": 1,
      "Plan Width": 8,
      "Actual Startup Time": 95.165,
      "Actual Total Time": 103.154,
      "Actual Rows": 1,
      "Actual Loops": 1,
      "Plans": [
        {
          "Node Type": "Gather",
          "Parent Relationship": "Outer",
          "Parallel Aware": false,
          "Startup Cost": 33401.1,
          "Total Cost": 33401.41,
          "Plan Rows": 3,
          "Plan Width": 8,
          "Actual Startup Time": 95.048,
          "Actual Total Time": 103.144,
          "Actual Rows": 4,
          "Actual Loops": 1,
          "Workers Planned": 3,
          "Workers Launched": 3,
          "Single Copy": false,
          "Plans": [
            {
              "Node Type": "Aggregate",
              "Strategy": "Plain",
              "Partial Mode": "Partial",
              "Parent Relationship": "Outer",
              "Parallel Aware": false,
              "Startup Cost": 32401.1,
              "Total Cost": 32401.11,
              "Plan Rows": 1,
              "Plan Width": 8,
              "Actual Startup Time": 89.949,
              "Actual Total Time": 89.951,
              "Actual Rows": 1,
              "Actual Loops": 4,
              "Plans": [
                {
                  "Node Type": "Seq Scan",
                  "Parent Relationship": "Outer",
                  "Parallel Aware": true,
                  "Relation Name": "movie_companies",
                  "Alias": "mc",
                  "Startup Cost": 0.0,
                  "Total Cost": 31414.82,
                  "Plan Rows": 394514,
                  "Plan Width": 0,
                  "Actual Startup Time": 0.031,
                  "Actual Total Time": 74.461,
                  "Actual Rows": 318562,
                  "Actual Loops": 4,
                  "Filter": "((company_id < 153827) AND (company_type_id < 2))",
                  "Rows Removed by Filter": 333721
                }
              ]
            }
          ]
        }
      ]
    },
    "Planning Time": 0.224,
    "Triggers": [],
    "Execution Time": 103.218
  }
]