[
  {
    "Plan": {
      "Node Type": "Aggregate",
      "Strategy": "Plain",
      "Partial Mode": "Finalize",
      "Parallel Aware": false,
      "Startup Cost": 33203.76,
      "Total Cost": 33203.77,
      "Plan Rows": 1,
      "Plan Width": 8,
      "Actual Startup Time": 118.072,
      "Actual Total Time": 124.091,
      "Actual Rows": 1,
      "Actual Loops": 1,
      "Plans": [
        {
          "Node Type": "Gather",
          "Parent Relationship": "Outer",
          "Parallel Aware": false,
          "Startup Cost": 33203.44,
          "Total Cost": 33203.75,
          "Plan Rows": 3,
          "Plan Width": 8,
          "Actual Startup Time": 117.974,
          "Actual Total Time": 124.082,
          "Actual Rows": 4,
          "Actual Loops": 1,
          "Workers Planned": 3,
          "Workers Launched": 3,
          "Single Copy": false,
          "Plans": [
            {
              "Node Type": "Aggregate",
              "Strategy": "Plain",
              "Partial Mode": "Partial",
              "Parent Relationship": "Outer",
              "Parallel Aware": false,
              "Startup Cost": 32203.44,
              "Total Cost": 32203.45,
              "Plan Rows": 1,
              "Plan Width": 8,
              "Actual Startup Time": 108.282,
              "Actual Total Time": 108.283,
              "Actual Rows": 1,
              "Actual Loops": 4,
              "Plans": [
                {
                  "Node Type": "Seq Scan",
                  "Parent Relationship": "Outer",
                  "Parallel Aware": true,
                  "Relation Name": "movie_companies",
                  "Alias": "mc",
                  "Startup Cost": 0.0,
                  "Total Cost": 31414.82,
                  "Plan Rows": 315449,
                  "Plan Width": 0,
                  "Actual Startup Time": 0.411,
                  "Actual Total Time": 94.57,
                  "Actual Rows": 209614,
                  "Actual Loops": 4,
                  "Filter": "((company_id > 699) AND (company_type_id < 2))",
                  "Rows Removed by Filter": 442668
                }
              ]
            }
          ]
        }
      ]
    },
    "Planning Time": 0.22,
    "Triggers": [],
    "Execution Time": 124.147
  }
]