[
    {
        "Bao": {
            "Bao prediction": "NaN",
            "Bao recommended hint": "(no hint)"
        }
    },
    {
        "Plan": {
            "Node Type": "Aggregate",
            "Strategy": "Plain",
            "Partial Mode": "Finalize",
            "Parallel Aware": false,
            "Startup Cost": 32802.02,
            "Total Cost": 32802.03,
            "Plan Rows": 1,
            "Plan Width": 8,
            "Actual Startup Time": 93.949,
            "Actual Total Time": 98.938,
            "Actual Rows": 1,
            "Actual Loops": 1,
            "Output": [
                "count(*)"
            ],
            "Plans": [
                {
                    "Node Type": "Gather",
                    "Parent Relationship": "Outer",
                    "Parallel Aware": false,
                    "Startup Cost": 32801.71,
                    "Total Cost": 32802.02,
                    "Plan Rows": 3,
                    "Plan Width": 8,
                    "Actual Startup Time": 93.846,
                    "Actual Total Time": 98.931,
                    "Actual Rows": 4,
                    "Actual Loops": 1,
                    "Output": [
                        "(PARTIAL count(*))"
                    ],
                    "Workers Planned": 3,
                    "Workers Launched": 3,
                    "Single Copy": false,
                    "Plans": [
                        {
                            "Node Type": "Aggregate",
                            "Strategy": "Plain",
                            "Partial Mode": "Partial",
                            "Parent Relationship": "Outer",
                            "Parallel Aware": false,
                            "Startup Cost": 31801.71,
                            "Total Cost": 31801.72,
                            "Plan Rows": 1,
                            "Plan Width": 8,
                            "Actual Startup Time": 85.643,
                            "Actual Total Time": 85.644,
                            "Actual Rows": 1,
                            "Actual Loops": 4,
                            "Output": [
                                "PARTIAL count(*)"
                            ],
                            "Workers": [
                                {
                                    "Worker Number": 0,
                                    "Actual Startup Time": 82.588,
                                    "Actual Total Time": 82.589,
                                    "Actual Rows": 1,
                                    "Actual Loops": 1
                                },
                                {
                                    "Worker Number": 1,
                                    "Actual Startup Time": 83.115,
                                    "Actual Total Time": 83.116,
                                    "Actual Rows": 1,
                                    "Actual Loops": 1
                                },
                                {
                                    "Worker Number": 2,
                                    "Actual Startup Time": 83.314,
                                    "Actual Total Time": 83.315,
                                    "Actual Rows": 1,
                                    "Actual Loops": 1
                                }
                            ],
                            "Plans": [
                                {
                                    "Node Type": "Seq Scan",
                                    "Parent Relationship": "Outer",
                                    "Parallel Aware": true,
                                    "Relation Name": "movie_companies",
                                    "Schema": "public",
                                    "Alias": "mc",
                                    "Startup Cost": 0.0,
                                    "Total Cost": 31414.82,
                                    "Plan Rows": 154755,
                                    "Plan Width": 0,
                                    "Actual Startup Time": 41.717,
                                    "Actual Total Time": 76.895,
                                    "Actual Rows": 199359,
                                    "Actual Loops": 4,
                                    "Output": [
                                        "id",
                                        "movie_id",
                                        "company_id",
                                        "company_type_id",
                                        "note"
                                    ],
                                    "Filter": "((mc.company_id > 18815) AND (mc.company_type_id > 1))",
                                    "Rows Removed by Filter": 452924,
                                    "Workers": [
                                        {
                                            "Worker Number": 0,
                                            "Actual Startup Time": 38.662,
                                            "Actual Total Time": 74.106,
                                            "Actual Rows": 207566,
                                            "Actual Loops": 1
                                        },
                                        {
                                            "Worker Number": 1,
                                            "Actual Startup Time": 39.193,
                                            "Actual Total Time": 74.543,
                                            "Actual Rows": 209021,
                                            "Actual Loops": 1
                                        },
                                        {
                                            "Worker Number": 2,
                                            "Actual Startup Time": 39.378,
                                            "Actual Total Time": 74.676,
                                            "Actual Rows": 130140,
                                            "Actual Loops": 1
                                        }
                                    ]
                                }
                            ]
                        }
                    ]
                }
            ]
        },
        "Planning Time": 207.928,
        "Triggers": [],
        "Execution Time": 98.985
    }
]