[
  {
    "Plan": {
      "Node Type": "Aggregate",
      "Strategy": "Plain",
      "Partial Mode": "Finalize",
      "Parallel Aware": false,
      "Startup Cost": 47040.64,
      "Total Cost": 47040.65,
      "Plan Rows": 1,
      "Plan Width": 8,
      "Actual Startup Time": 90.654,
      "Actual Total Time": 102.495,
      "Actual Rows": 1,
      "Actual Loops": 1,
      "Plans": [
        {
          "Node Type": "Gather",
          "Parent Relationship": "Outer",
          "Parallel Aware": false,
          "Startup Cost": 47040.22,
          "Total Cost": 47040.63,
          "Plan Rows": 4,
          "Plan Width": 8,
          "Actual Startup Time": 90.471,
          "Actual Total Time": 102.484,
          "Actual Rows": 5,
          "Actual Loops": 1,
          "Workers Planned": 4,
          "Workers Launched": 4,
          "Single Copy": false,
          "Plans": [
            {
              "Node Type": "Aggregate",
              "Strategy": "Plain",
              "Partial Mode": "Partial",
              "Parent Relationship": "Outer",
              "Parallel Aware": false,
              "Startup Cost": 46040.22,
              "Total Cost": 46040.23,
              "Plan Rows": 1,
              "Plan Width": 8,
              "Actual Startup Time": 86.642,
              "Actual Total Time": 86.644,
              "Actual Rows": 1,
              "Actual Loops": 5,
              "Plans": [
                {
                  "Node Type": "Seq Scan",
                  "Parent Relationship": "Outer",
                  "Parallel Aware": true,
                  "Relation Name": "title",
                  "Alias": "t",
                  "Startup Cost": 0.0,
                  "Total Cost": 45479.59,
                  "Plan Rows": 224255,
                  "Plan Width": 0,
                  "Actual Startup Time": 0.025,
                  "Actual Total Time": 79.661,
                  "Actual Rows": 162569,
                  "Actual Loops": 5,
                  "Filter": "((kind_id < 7) AND (production_year > 1950))",
                  "Rows Removed by Filter": 343093
                }
              ]
            }
          ]
        }
      ]
    },
    "Planning Time": 0.092,
    "Triggers": [],
    "Execution Time": 102.53
  }
]