[
  {
    "Plan": {
      "Node Type": "Aggregate",
      "Strategy": "Plain",
      "Partial Mode": "Finalize",
      "Parallel Aware": false,
      "Startup Cost": 47041.45,
      "Total Cost": 47041.46,
      "Plan Rows": 1,
      "Plan Width": 8,
      "Actual Startup Time": 107.592,
      "Actual Total Time": 121.688,
      "Actual Rows": 1,
      "Actual Loops": 1,
      "Plans": [
        {
          "Node Type": "Gather",
          "Parent Relationship": "Outer",
          "Parallel Aware": false,
          "Startup Cost": 47041.03,
          "Total Cost": 47041.44,
          "Plan Rows": 4,
          "Plan Width": 8,
          "Actual Startup Time": 107.445,
          "Actual Total Time": 121.679,
          "Actual Rows": 5,
          "Actual Loops": 1,
          "Workers Planned": 4,
          "Workers Launched": 4,
          "Single Copy": false,
          "Plans": [
            {
              "Node Type": "Aggregate",
              "Strategy": "Plain",
              "Partial Mode": "Partial",
              "Parent Relationship": "Outer",
              "Parallel Aware": false,
              "Startup Cost": 46041.03,
              "Total Cost": 46041.04,
              "Plan Rows": 1,
              "Plan Width": 8,
              "Actual Startup Time": 98.543,
              "Actual Total Time": 98.544,
              "Actual Rows": 1,
              "Actual Loops": 5,
              "Plans": [
                {
                  "Node Type": "Seq Scan",
                  "Parent Relationship": "Outer",
                  "Parallel Aware": true,
                  "Relation Name": "title",
                  "Alias": "t",
                  "Startup Cost": 0.0,
                  "Total Cost": 45479.1,
                  "Plan Rows": 224774,
                  "Plan Width": 0,
                  "Actual Startup Time": 0.04,
                  "Actual Total Time": 91.136,
                  "Actual Rows": 162569,
                  "Actual Loops": 5,
                  "Filter": "((kind_id < 7) AND (production_year > 1950))",
                  "Rows Removed by Filter": 343093
                }
              ]
            }
          ]
        }
      ]
    },
    "Planning Time": 0.195,
    "Triggers": [],
    "Execution Time": 121.754
  }
]