{
  "Plan": {
    "Node Type": "Aggregate",
    "Strategy": "Plain",
    "Partial Mode": "Finalize",
    "Parallel Aware": false,
    "Startup Cost": 786945.83,
    "Total Cost": 786945.84,
    "Plan Rows": 1,
    "Plan Width": 8,
    "Actual Startup Time": 8520.991,
    "Actual Total Time": 8607.778,
    "Actual Rows": 1,
    "Actual Loops": 1,
    "Plans": [
      {
        "Node Type": "Gather",
        "Parent Relationship": "Outer",
        "Parallel Aware": false,
        "Startup Cost": 786945.72,
        "Total Cost": 786945.83,
        "Plan Rows": 1,
        "Plan Width": 8,
        "Actual Startup Time": 8507.659,
        "Actual Total Time": 8607.768,
        "Actual Rows": 2,
        "Actual Loops": 1,
        "Workers Planned": 1,
        "Workers Launched": 1,
        "Single Copy": false,
        "Plans": [
          {
            "Node Type": "Aggregate",
            "Strategy": "Plain",
            "Partial Mode": "Partial",
            "Parent Relationship": "Outer",
            "Parallel Aware": false,
            "Startup Cost": 785945.72,
            "Total Cost": 785945.73,
            "Plan Rows": 1,
            "Plan Width": 8,
            "Actual Startup Time": 8486.708,
            "Actual Total Time": 8486.715,
            "Actual Rows": 1,
            "Actual Loops": 2,
            "Plans": [
              {
                "Node Type": "Hash Join",
                "Parent Relationship": "Outer",
                "Parallel Aware": true,
                "Join Type": "Inner",
                "Startup Cost": 638735.67,
                "Total Cost": 764215.61,
                "Plan Rows": 8692042,
                "Plan Width": 0,
                "Actual Startup Time": 5093.353,
                "Actual Total Time": 7436.276,
                "Actual Rows": 26442628,
                "Actual Loops": 2,
                "Inner Unique": false,
                "Hash Cond": "(mk.movie_id = t.id)",
                "Plans": [
                  {
                    "Node Type": "Seq Scan",
                    "Parent Relationship": "Outer",
                    "Parallel Aware": true,
                    "Relation Name": "movie_keyword",
                    "Alias": "mk",
                    "Startup Cost": 0.0,
                    "Total Cost": 51065.35,
                    "Plan Rows": 2661135,
                    "Plan Width": 4,
                    "Actual Startup Time": 0.018,
                    "Actual Total Time": 164.845,
                    "Actual Rows": 2261965,
                    "Actual Loops": 2
                  },
                  {
                    "Node Type": "Hash",
                    "Parent Relationship": "Inner",
                    "Parallel Aware": true,
                    "Startup Cost": 578014.05,
                    "Total Cost": 578014.05,
                    "Plan Rows": 4857730,
                    "Plan Width": 8,
                    "Actual Startup Time": 5059.471,
                    "Actual Total Time": 5059.477,
                    "Actual Rows": 4200755,
                    "Actual Loops": 2,
                    "Hash Buckets": 16777216,
                    "Original Hash Buckets": 8388608,
                    "Hash Batches": 1,
                    "Original Hash Batches": 1,
                    "Peak Memory Usage": 525312,
                    "Plans": [
                      {
                        "Node Type": "Hash Join",
                        "Parent Relationship": "Outer",
                        "Parallel Aware": true,
                        "Join Type": "Inner",
                        "Startup Cost": 251853.86,
                        "Total Cost": 578014.05,
                        "Plan Rows": 4857730,
                        "Plan Width": 8,
                        "Actual Startup Time": 861.745,
                        "Actual Total Time": 3403.78,
                        "Actual Rows": 4200755,
                        "Actual Loops": 2,
                        "Inner Unique": true,
                        "Hash Cond": "(ci.movie_id = t.id)",
                        "Plans": [
                          {
                            "Node Type": "Bitmap Heap Scan",
                            "Parent Relationship": "Outer",
                            "Parallel Aware": true,
                            "Relation Name": "cast_info",
                            "Alias": "ci",
                            "Startup Cost": 182393.16,
                            "Total Cost": 495801.78,
                            "Plan Rows": 4857730,
                            "Plan Width": 4,
                            "Actual Startup Time": 299.363,
                            "Actual Total Time": 783.789,
                            "Actual Rows": 4200755,
                            "Actual Loops": 2,
                            "Recheck Cond": "(person_id < 823985)",
                            "Rows Removed by Index Recheck": 0,
                            "Exact Heap Blocks": 43280,
                            "Lossy Heap Blocks": 0,
                            "Plans": [
                              {
                                "Node Type": "Bitmap Index Scan",
                                "Parent Relationship": "Outer",
                                "Parallel Aware": false,
                                "Index Name": "person_id_cast_info",
                                "Startup Cost": 0.0,
                                "Total Cost": 180328.62,
                                "Plan Rows": 8258141,
                                "Plan Width": 0,
                                "Actual Startup Time": 284.094,
                                "Actual Total Time": 284.094,
                                "Actual Rows": 8401510,
                                "Actual Loops": 1,
                                "Index Cond": "(person_id < 823985)"
                              }
                            ]
                          },
                          {
                            "Node Type": "Hash",
                            "Parent Relationship": "Inner",
                            "Parallel Aware": true,
                            "Startup Cost": 50870.31,
                            "Total Cost": 50870.31,
                            "Plan Rows": 1487231,
                            "Plan Width": 4,
                            "Actual Startup Time": 550.733,
                            "Actual Total Time": 550.734,
                            "Actual Rows": 1264156,
                            "Actual Loops": 2,
                            "Hash Buckets": 4194304,
                            "Original Hash Buckets": 4194304,
                            "Hash Batches": 1,
                            "Original Hash Batches": 1,
                            "Peak Memory Usage": 131712,
                            "Plans": [
                              {
                                "Node Type": "Seq Scan",
                                "Parent Relationship": "Outer",
                                "Parallel Aware": true,
                                "Relation Name": "title",
                                "Alias": "t",
                                "Startup Cost": 0.0,
                                "Total Cost": 50870.31,
                                "Plan Rows": 1487231,
                                "Plan Width": 4,
                                "Actual Startup Time": 0.037,
                                "Actual Total Time": 157.597,
                                "Actual Rows": 1264156,
                                "Actual Loops": 2
                              }
                            ]
                          }
                        ]
                      }
                    ]
                  }
                ]
              }
            ]
          }
        ]
      }
    ]
  },
  "Planning Time": 0.993,
  "Triggers": [],
  "Execution Time": 8607.881
}