[
  {
    "Plan": {
      "Node Type": "Aggregate",
      "Strategy": "Plain",
      "Partial Mode": "Finalize",
      "Parallel Aware": false,
      "Startup Cost": 94791.6,
      "Total Cost": 94791.61,
      "Plan Rows": 1,
      "Plan Width": 8,
      "Actual Startup Time": 329.346,
      "Actual Total Time": 349.217,
      "Actual Rows": 1,
      "Actual Loops": 1,
      "Plans": [
        {
          "Node Type": "Gather",
          "Parent Relationship": "Outer",
          "Parallel Aware": false,
          "Startup Cost": 94791.29,
          "Total Cost": 94791.6,
          "Plan Rows": 3,
          "Plan Width": 8,
          "Actual Startup Time": 323.533,
          "Actual Total Time": 349.209,
          "Actual Rows": 4,
          "Actual Loops": 1,
          "Workers Planned": 3,
          "Workers Launched": 3,
          "Single Copy": false,
          "Plans": [
            {
              "Node Type": "Aggregate",
              "Strategy": "Plain",
              "Partial Mode": "Partial",
              "Parent Relationship": "Outer",
              "Parallel Aware": false,
              "Startup Cost": 93791.29,
              "Total Cost": 93791.3,
              "Plan Rows": 1,
              "Plan Width": 8,
              "Actual Startup Time": 311.48,
              "Actual Total Time": 311.484,
              "Actual Rows": 1,
              "Actual Loops": 4,
              "Plans": [
                {
                  "Node Type": "Nested Loop",
                  "Parent Relationship": "Outer",
                  "Parallel Aware": false,
                  "Join Type": "Inner",
                  "Startup Cost": 50851.09,
                  "Total Cost": 93674.25,
                  "Plan Rows": 46816,
                  "Plan Width": 0,
                  "Actual Startup Time": 257.946,
                  "Actual Total Time": 310.071,
                  "Actual Rows": 22709,
                  "Actual Loops": 4,
                  "Inner Unique": false,
                  "Plans": [
                    {
                      "Node Type": "Hash Join",
                      "Parent Relationship": "Outer",
                      "Parallel Aware": true,
                      "Join Type": "Inner",
                      "Startup Cost": 50850.65,
                      "Total Cost": 76058.58,
                      "Plan Rows": 8006,
                      "Plan Width": 8,
                      "Actual Startup Time": 257.858,
                      "Actual Total Time": 276.295,
                      "Actual Rows": 1242,
                      "Actual Loops": 4,
                      "Inner Unique": true,
                      "Hash Cond": "(mk.movie_id = t.id)",
                      "Plans": [
                        {
                          "Node Type": "Bitmap Heap Scan",
                          "Parent Relationship": "Outer",
                          "Parallel Aware": true,
                          "Relation Name": "movie_keyword",
                          "Alias": "mk",
                          "Startup Cost": 943.66,
                          "Total Cost": 26114.1,
                          "Plan Rows": 14286,
                          "Plan Width": 4,
                          "Actual Startup Time": 4.768,
                          "Actual Total Time": 16.795,
                          "Actual Rows": 11012,
                          "Actual Loops": 4,
                          "Recheck Cond": "(keyword_id > 102538)",
                          "Rows Removed by Index Recheck": 0,
                          "Exact Heap Blocks": 5315,
                          "Lossy Heap Blocks": 0,
                          "Plans": [
                            {
                              "Node Type": "Bitmap Index Scan",
                              "Parent Relationship": "Outer",
                              "Parallel Aware": false,
                              "Index Name": "keyword_id_movie_keyword",
                              "Startup Cost": 0.0,
                              "Total Cost": 932.59,
                              "Plan Rows": 44288,
                              "Plan Width": 0,
                              "Actual Startup Time": 3.226,
                              "Actual Total Time": 3.226,
                              "Actual Rows": 44048,
                              "Actual Loops": 1,
                              "Index Cond": "(keyword_id > 102538)"
                            }
                          ]
                        },
                        {
                          "Node Type": "Hash",
                          "Parent Relationship": "Inner",
                          "Parallel Aware": true,
                          "Startup Cost": 45479.1,
                          "Total Cost": 45479.1,
                          "Plan Rows": 354231,
                          "Plan Width": 4,
                          "Actual Startup Time": 245.483,
                          "Actual Total Time": 245.483,
                          "Actual Rows": 349680,
                          "Actual Loops": 4,
                          "Hash Buckets": 2097152,
                          "Original Hash Buckets": 2097152,
                          "Hash Batches": 1,
                          "Original Hash Batches": 1,
                          "Peak Memory Usage": 71168,
                          "Plans": [
                            {
                              "Node Type": "Seq Scan",
                              "Parent Relationship": "Outer",
                              "Parallel Aware": true,
                              "Relation Name": "title",
                              "Alias": "t",
                              "Startup Cost": 0.0,
                              "Total Cost": 45479.1,
                              "Plan Rows": 354231,
                              "Plan Width": 4,
                              "Actual Startup Time": 0.036,
                              "Actual Total Time": 114.128,
                              "Actual Rows": 349680,
                              "Actual Loops": 4,
                              "Filter": "((kind_id > 1) AND (production_year < 2010))",
                              "Rows Removed by Filter": 282398
                            }
                          ]
                        }
                      ]
                    },
                    {
                      "Node Type": "Index Only Scan",
                      "Parent Relationship": "Inner",
                      "Parallel Aware": false,
                      "Scan Direction": "Forward",
                      "Index Name": "movie_id_movie_info",
                      "Relation Name": "movie_info",
                      "Alias": "mi",
                      "Startup Cost": 0.43,
                      "Total Cost": 1.78,
                      "Plan Rows": 42,
                      "Plan Width": 4,
                      "Actual Startup Time": 0.007,
                      "Actual Total Time": 0.025,
                      "Actual Rows": 18,
                      "Actual Loops": 4970,
                      "Index Cond": "(movie_id = t.id)",
                      "Rows Removed by Index Recheck": 0,
                      "Heap Fetches": 90837
                    }
                  ]
                }
              ]
            }
          ]
        }
      ]
    },
    "Planning Time": 1.483,
    "Triggers": [],
    "Execution Time": 349.325
  }
]