[
  {
    "Plan": {
      "Node Type": "Aggregate",
      "Strategy": "Plain",
      "Partial Mode": "Finalize",
      "Parallel Aware": false,
      "Startup Cost": 251149.41,
      "Total Cost": 251149.42,
      "Plan Rows": 1,
      "Plan Width": 8,
      "Actual Startup Time": 745.565,
      "Actual Total Time": 783.754,
      "Actual Rows": 1,
      "Actual Loops": 1,
      "Plans": [
        {
          "Node Type": "Gather",
          "Parent Relationship": "Outer",
          "Parallel Aware": false,
          "Startup Cost": 251148.88,
          "Total Cost": 251149.39,
          "Plan Rows": 5,
          "Plan Width": 8,
          "Actual Startup Time": 741.552,
          "Actual Total Time": 783.739,
          "Actual Rows": 6,
          "Actual Loops": 1,
          "Workers Planned": 5,
          "Workers Launched": 5,
          "Single Copy": false,
          "Plans": [
            {
              "Node Type": "Aggregate",
              "Strategy": "Plain",
              "Partial Mode": "Partial",
              "Parent Relationship": "Outer",
              "Parallel Aware": false,
              "Startup Cost": 250148.88,
              "Total Cost": 250148.89,
              "Plan Rows": 1,
              "Plan Width": 8,
              "Actual Startup Time": 733.884,
              "Actual Total Time": 733.892,
              "Actual Rows": 1,
              "Actual Loops": 6,
              "Plans": [
                {
                  "Node Type": "Hash Join",
                  "Parent Relationship": "Outer",
                  "Parallel Aware": true,
                  "Join Type": "Inner",
                  "Startup Cost": 47239.54,
                  "Total Cost": 249483.66,
                  "Plan Rows": 266090,
                  "Plan Width": 0,
                  "Actual Startup Time": 130.425,
                  "Actual Total Time": 711.096,
                  "Actual Rows": 514596,
                  "Actual Loops": 6,
                  "Inner Unique": true,
                  "Hash Cond": "(mi.movie_id = t.id)",
                  "Plans": [
                    {
                      "Node Type": "Seq Scan",
                      "Parent Relationship": "Outer",
                      "Parallel Aware": true,
                      "Relation Name": "movie_info",
                      "Alias": "mi",
                      "Startup Cost": 0.0,
                      "Total Cost": 199108.24,
                      "Plan Rows": 1194621,
                      "Plan Width": 4,
                      "Actual Startup Time": 0.032,
                      "Actual Total Time": 356.282,
                      "Actual Rows": 980827,
                      "Actual Loops": 6,
                      "Filter": "(info_type_id < 7)",
                      "Rows Removed by Filter": 1491793
                    },
                    {
                      "Node Type": "Hash",
                      "Parent Relationship": "Inner",
                      "Parallel Aware": true,
                      "Startup Cost": 45479.59,
                      "Total Cost": 45479.59,
                      "Plan Rows": 140796,
                      "Plan Width": 4,
                      "Actual Startup Time": 126.515,
                      "Actual Total Time": 126.521,
                      "Actual Rows": 106964,
                      "Actual Loops": 6,
                      "Hash Buckets": 1048576,
                      "Original Hash Buckets": 1048576,
                      "Hash Batches": 1,
                      "Original Hash Batches": 1,
                      "Peak Memory Usage": 33376,
                      "Plans": [
                        {
                          "Node Type": "Seq Scan",
                          "Parent Relationship": "Outer",
                          "Parallel Aware": true,
                          "Relation Name": "title",
                          "Alias": "t",
                          "Startup Cost": 0.0,
                          "Total Cost": 45479.59,
                          "Plan Rows": 140796,
                          "Plan Width": 4,
                          "Actual Startup Time": 0.039,
                          "Actual Total Time": 81.397,
                          "Actual Rows": 106964,
                          "Actual Loops": 6,
                          "Filter": "((kind_id < 7) AND (production_year < 2006))",
                          "Rows Removed by Filter": 314421
                        }
                      ]
                    }
                  ]
                }
              ]
            }
          ]
        }
      ]
    },
    "Planning Time": 0.343,
    "Triggers": [],
    "Execution Time": 783.822
  }
]