[
  {
    "Plan": {
      "Node Type": "Aggregate",
      "Strategy": "Plain",
      "Partial Mode": "Finalize",
      "Parallel Aware": false,
      "Startup Cost": 389370.44,
      "Total Cost": 389370.45,
      "Plan Rows": 1,
      "Plan Width": 8,
      "Actual Startup Time": 1595.326,
      "Actual Total Time": 1628.601,
      "Actual Rows": 1,
      "Actual Loops": 1,
      "Plans": [
        {
          "Node Type": "Gather",
          "Parent Relationship": "Outer",
          "Parallel Aware": false,
          "Startup Cost": 389369.81,
          "Total Cost": 389370.42,
          "Plan Rows": 6,
          "Plan Width": 8,
          "Actual Startup Time": 1580.514,
          "Actual Total Time": 1628.593,
          "Actual Rows": 7,
          "Actual Loops": 1,
          "Workers Planned": 6,
          "Workers Launched": 6,
          "Single Copy": false,
          "Plans": [
            {
              "Node Type": "Aggregate",
              "Strategy": "Plain",
              "Partial Mode": "Partial",
              "Parent Relationship": "Outer",
              "Parallel Aware": false,
              "Startup Cost": 388369.81,
              "Total Cost": 388369.82,
              "Plan Rows": 1,
              "Plan Width": 8,
              "Actual Startup Time": 1572.423,
              "Actual Total Time": 1572.425,
              "Actual Rows": 1,
              "Actual Loops": 7,
              "Plans": [
                {
                  "Node Type": "Hash Join",
                  "Parent Relationship": "Outer",
                  "Parallel Aware": true,
                  "Join Type": "Inner",
                  "Startup Cost": 49638.36,
                  "Total Cost": 384857.61,
                  "Plan Rows": 1404882,
                  "Plan Width": 0,
                  "Actual Startup Time": 478.465,
                  "Actual Total Time": 1497.854,
                  "Actual Rows": 1328559,
                  "Actual Loops": 7,
                  "Inner Unique": true,
                  "Hash Cond": "(ci.movie_id = t.id)",
                  "Plans": [
                    {
                      "Node Type": "Seq Scan",
                      "Parent Relationship": "Outer",
                      "Parallel Aware": true,
                      "Relation Name": "cast_info",
                      "Alias": "ci",
                      "Startup Cost": 0.0,
                      "Total Cost": 328213.62,
                      "Plan Rows": 2668808,
                      "Plan Width": 4,
                      "Actual Startup Time": 316.141,
                      "Actual Total Time": 655.196,
                      "Actual Rows": 2303098,
                      "Actual Loops": 7,
                      "Filter": "(role_id > 2)",
                      "Rows Removed by Filter": 2874666
                    },
                    {
                      "Node Type": "Hash",
                      "Parent Relationship": "Inner",
                      "Parallel Aware": true,
                      "Startup Cost": 45479.21,
                      "Total Cost": 45479.21,
                      "Plan Rows": 332732,
                      "Plan Width": 4,
                      "Actual Startup Time": 159.444,
                      "Actual Total Time": 159.445,
                      "Actual Rows": 203542,
                      "Actual Loops": 7,
                      "Hash Buckets": 2097152,
                      "Original Hash Buckets": 2097152,
                      "Hash Batches": 1,
                      "Original Hash Batches": 1,
                      "Peak Memory Usage": 72256,
                      "Plans": [
                        {
                          "Node Type": "Seq Scan",
                          "Parent Relationship": "Outer",
                          "Parallel Aware": true,
                          "Relation Name": "title",
                          "Alias": "t",
                          "Startup Cost": 0.0,
                          "Total Cost": 45479.21,
                          "Plan Rows": 332732,
                          "Plan Width": 4,
                          "Actual Startup Time": 0.037,
                          "Actual Total Time": 75.221,
                          "Actual Rows": 203542,
                          "Actual Loops": 7,
                          "Filter": "((kind_id > 4) AND (production_year > 1962))",
                          "Rows Removed by Filter": 157645
                        }
                      ]
                    }
                  ]
                }
              ]
            }
          ]
        }
      ]
    },
    "Planning Time": 0.164,
    "Triggers": [],
    "Execution Time": 1628.633
  }
]