[
  {
    "Plan": {
      "Node Type": "Aggregate",
      "Strategy": "Plain",
      "Partial Mode": "Finalize",
      "Parallel Aware": false,
      "Startup Cost": 389647.91,
      "Total Cost": 389647.92,
      "Plan Rows": 1,
      "Plan Width": 8,
      "Actual Startup Time": 1898.093,
      "Actual Total Time": 1972.617,
      "Actual Rows": 1,
      "Actual Loops": 1,
      "Plans": [
        {
          "Node Type": "Gather",
          "Parent Relationship": "Outer",
          "Parallel Aware": false,
          "Startup Cost": 389647.29,
          "Total Cost": 389647.9,
          "Plan Rows": 6,
          "Plan Width": 8,
          "Actual Startup Time": 1888.089,
          "Actual Total Time": 1972.604,
          "Actual Rows": 7,
          "Actual Loops": 1,
          "Workers Planned": 6,
          "Workers Launched": 6,
          "Single Copy": false,
          "Plans": [
            {
              "Node Type": "Aggregate",
              "Strategy": "Plain",
              "Partial Mode": "Partial",
              "Parent Relationship": "Outer",
              "Parallel Aware": false,
              "Startup Cost": 388647.29,
              "Total Cost": 388647.3,
              "Plan Rows": 1,
              "Plan Width": 8,
              "Actual Startup Time": 1872.388,
              "Actual Total Time": 1872.391,
              "Actual Rows": 1,
              "Actual Loops": 7,
              "Plans": [
                {
                  "Node Type": "Hash Join",
                  "Parent Relationship": "Outer",
                  "Parallel Aware": true,
                  "Join Type": "Inner",
                  "Startup Cost": 49682.5,
                  "Total Cost": 385014.44,
                  "Plan Rows": 1453141,
                  "Plan Width": 0,
                  "Actual Startup Time": 558.477,
                  "Actual Total Time": 1802.63,
                  "Actual Rows": 1328559,
                  "Actual Loops": 7,
                  "Inner Unique": true,
                  "Hash Cond": "(ci.movie_id = t.id)",
                  "Plans": [
                    {
                      "Node Type": "Seq Scan",
                      "Parent Relationship": "Outer",
                      "Parallel Aware": true,
                      "Relation Name": "cast_info",
                      "Alias": "ci",
                      "Startup Cost": 0.0,
                      "Total Cost": 328162.03,
                      "Plan Rows": 2731391,
                      "Plan Width": 4,
                      "Actual Startup Time": 357.582,
                      "Actual Total Time": 742.832,
                      "Actual Rows": 2303098,
                      "Actual Loops": 7,
                      "Filter": "(role_id > 2)",
                      "Rows Removed by Filter": 2874666
                    },
                    {
                      "Node Type": "Hash",
                      "Parent Relationship": "Inner",
                      "Parallel Aware": true,
                      "Startup Cost": 45479.1,
                      "Total Cost": 45479.1,
                      "Plan Rows": 336272,
                      "Plan Width": 4,
                      "Actual Startup Time": 195.718,
                      "Actual Total Time": 195.719,
                      "Actual Rows": 203542,
                      "Actual Loops": 7,
                      "Hash Buckets": 2097152,
                      "Original Hash Buckets": 2097152,
                      "Hash Batches": 1,
                      "Original Hash Batches": 1,
                      "Peak Memory Usage": 72224,
                      "Plans": [
                        {
                          "Node Type": "Seq Scan",
                          "Parent Relationship": "Outer",
                          "Parallel Aware": true,
                          "Relation Name": "title",
                          "Alias": "t",
                          "Startup Cost": 0.0,
                          "Total Cost": 45479.1,
                          "Plan Rows": 336272,
                          "Plan Width": 4,
                          "Actual Startup Time": 0.047,
                          "Actual Total Time": 86.637,
                          "Actual Rows": 203542,
                          "Actual Loops": 7,
                          "Filter": "((kind_id > 4) AND (production_year > 1962))",
                          "Rows Removed by Filter": 157645
                        }
                      ]
                    }
                  ]
                }
              ]
            }
          ]
        }
      ]
    },
    "Planning Time": 0.604,
    "Triggers": [],
    "Execution Time": 1972.706
  }
]