[
  {
    "Plan": {
      "Node Type": "Aggregate",
      "Strategy": "Plain",
      "Partial Mode": "Finalize",
      "Parallel Aware": false,
      "Startup Cost": 31008.15,
      "Total Cost": 31008.16,
      "Plan Rows": 1,
      "Plan Width": 8,
      "Actual Startup Time": 90.928,
      "Actual Total Time": 98.553,
      "Actual Rows": 1,
      "Actual Loops": 1,
      "Plans": [
        {
          "Node Type": "Gather",
          "Parent Relationship": "Outer",
          "Parallel Aware": false,
          "Startup Cost": 31007.83,
          "Total Cost": 31008.14,
          "Plan Rows": 3,
          "Plan Width": 8,
          "Actual Startup Time": 90.829,
          "Actual Total Time": 98.545,
          "Actual Rows": 4,
          "Actual Loops": 1,
          "Workers Planned": 3,
          "Workers Launched": 3,
          "Single Copy": false,
          "Plans": [
            {
              "Node Type": "Aggregate",
              "Strategy": "Plain",
              "Partial Mode": "Partial",
              "Parent Relationship": "Outer",
              "Parallel Aware": false,
              "Startup Cost": 30007.83,
              "Total Cost": 30007.84,
              "Plan Rows": 1,
              "Plan Width": 8,
              "Actual Startup Time": 84.329,
              "Actual Total Time": 84.33,
              "Actual Rows": 1,
              "Actual Loops": 4,
              "Plans": [
                {
                  "Node Type": "Seq Scan",
                  "Parent Relationship": "Outer",
                  "Parallel Aware": true,
                  "Relation Name": "movie_companies",
                  "Alias": "mc",
                  "Startup Cost": 0.0,
                  "Total Cost": 29310.68,
                  "Plan Rows": 278859,
                  "Plan Width": 0,
                  "Actual Startup Time": 23.383,
                  "Actual Total Time": 75.227,
                  "Actual Rows": 219548,
                  "Actual Loops": 4,
                  "Filter": "(company_id > 23004)",
                  "Rows Removed by Filter": 432734
                }
              ]
            }
          ]
        }
      ]
    },
    "Planning Time": 0.188,
    "Triggers": [],
    "Execution Time": 98.609
  }
]