{
  "Plan": {
    "Node Type": "Aggregate",
    "Strategy": "Plain",
    "Partial Mode": "Finalize",
    "Parallel Aware": false,
    "Startup Cost": 40402.75,
    "Total Cost": 40402.76,
    "Plan Rows": 1,
    "Plan Width": 8,
    "Actual Startup Time": 87.052,
    "Actual Total Time": 101.03,
    "Actual Rows": 1,
    "Actual Loops": 1,
    "Plans": [
      {
        "Node Type": "Gather",
        "Parent Relationship": "Outer",
        "Parallel Aware": false,
        "Startup Cost": 40402.64,
        "Total Cost": 40402.75,
        "Plan Rows": 1,
        "Plan Width": 8,
        "Actual Startup Time": 86.917,
        "Actual Total Time": 101.022,
        "Actual Rows": 2,
        "Actual Loops": 1,
        "Workers Planned": 1,
        "Workers Launched": 1,
        "Single Copy": false,
        "Plans": [
          {
            "Node Type": "Aggregate",
            "Strategy": "Plain",
            "Partial Mode": "Partial",
            "Parent Relationship": "Outer",
            "Parallel Aware": false,
            "Startup Cost": 39402.64,
            "Total Cost": 39402.65,
            "Plan Rows": 1,
            "Plan Width": 8,
            "Actual Startup Time": 80.849,
            "Actual Total Time": 80.851,
            "Actual Rows": 1,
            "Actual Loops": 2,
            "Plans": [
              {
                "Node Type": "Nested Loop",
                "Parent Relationship": "Outer",
                "Parallel Aware": false,
                "Join Type": "Inner",
                "Startup Cost": 126.87,
                "Total Cost": 39399.98,
                "Plan Rows": 1064,
                "Plan Width": 0,
                "Actual Startup Time": 5.901,
                "Actual Total Time": 78.962,
                "Actual Rows": 32112,
                "Actual Loops": 2,
                "Inner Unique": false,
                "Plans": [
                  {
                    "Node Type": "Nested Loop",
                    "Parent Relationship": "Outer",
                    "Parallel Aware": false,
                    "Join Type": "Inner",
                    "Startup Cost": 126.44,
                    "Total Cost": 38659.88,
                    "Plan Rows": 1031,
                    "Plan Width": 8,
                    "Actual Startup Time": 5.769,
                    "Actual Total Time": 42.765,
                    "Actual Rows": 2954,
                    "Actual Loops": 2,
                    "Inner Unique": true,
                    "Plans": [
                      {
                        "Node Type": "Bitmap Heap Scan",
                        "Parent Relationship": "Outer",
                        "Parallel Aware": true,
                        "Relation Name": "movie_keyword",
                        "Alias": "mk",
                        "Startup Cost": 126.01,
                        "Total Cost": 13871.57,
                        "Plan Rows": 3459,
                        "Plan Width": 4,
                        "Actual Startup Time": 5.425,
                        "Actual Total Time": 16.735,
                        "Actual Rows": 3382,
                        "Actual Loops": 2,
                        "Recheck Cond": "(keyword_id = 4333)",
                        "Rows Removed by Index Recheck": 0,
                        "Exact Heap Blocks": 4367,
                        "Lossy Heap Blocks": 0,
                        "Plans": [
                          {
                            "Node Type": "Bitmap Index Scan",
                            "Parent Relationship": "Outer",
                            "Parallel Aware": false,
                            "Index Name": "keyword_id_movie_keyword",
                            "Startup Cost": 0.0,
                            "Total Cost": 124.54,
                            "Plan Rows": 5881,
                            "Plan Width": 0,
                            "Actual Startup Time": 7.756,
                            "Actual Total Time": 7.756,
                            "Actual Rows": 6763,
                            "Actual Loops": 1,
                            "Index Cond": "(keyword_id = 4333)"
                          }
                        ]
                      },
                      {
                        "Node Type": "Index Scan",
                        "Parent Relationship": "Inner",
                        "Parallel Aware": false,
                        "Scan Direction": "Forward",
                        "Index Name": "title_pkey",
                        "Relation Name": "title",
                        "Alias": "t",
                        "Startup Cost": 0.43,
                        "Total Cost": 7.17,
                        "Plan Rows": 1,
                        "Plan Width": 4,
                        "Actual Startup Time": 0.007,
                        "Actual Total Time": 0.007,
                        "Actual Rows": 1,
                        "Actual Loops": 6763,
                        "Index Cond": "(id = mk.movie_id)",
                        "Rows Removed by Index Recheck": 0,
                        "Filter": "((kind_id < 7) AND (production_year < 2010))",
                        "Rows Removed by Filter": 0
                      }
                    ]
                  },
                  {
                    "Node Type": "Index Only Scan",
                    "Parent Relationship": "Inner",
                    "Parallel Aware": false,
                    "Scan Direction": "Forward",
                    "Index Name": "movie_id_movie_companies",
                    "Relation Name": "movie_companies",
                    "Alias": "mc",
                    "Startup Cost": 0.43,
                    "Total Cost": 0.67,
                    "Plan Rows": 5,
                    "Plan Width": 4,
                    "Actual Startup Time": 0.007,
                    "Actual Total Time": 0.011,
                    "Actual Rows": 11,
                    "Actual Loops": 5908,
                    "Index Cond": "(movie_id = t.id)",
                    "Rows Removed by Index Recheck": 0,
                    "Heap Fetches": 64224
                  }
                ]
              }
            ]
          }
        ]
      }
    ]
  },
  "Planning Time": 1.126,
  "Triggers": [],
  "Execution Time": 101.145
}