[
  {
    "Plan": {
      "Node Type": "Aggregate",
      "Strategy": "Plain",
      "Partial Mode": "Finalize",
      "Parallel Aware": false,
      "Startup Cost": 31854.89,
      "Total Cost": 31854.9,
      "Plan Rows": 1,
      "Plan Width": 8,
      "Actual Startup Time": 114.242,
      "Actual Total Time": 122.201,
      "Actual Rows": 1,
      "Actual Loops": 1,
      "Plans": [
        {
          "Node Type": "Gather",
          "Parent Relationship": "Outer",
          "Parallel Aware": false,
          "Startup Cost": 31854.57,
          "Total Cost": 31854.88,
          "Plan Rows": 3,
          "Plan Width": 8,
          "Actual Startup Time": 114.124,
          "Actual Total Time": 122.194,
          "Actual Rows": 4,
          "Actual Loops": 1,
          "Workers Planned": 3,
          "Workers Launched": 3,
          "Single Copy": false,
          "Plans": [
            {
              "Node Type": "Aggregate",
              "Strategy": "Plain",
              "Partial Mode": "Partial",
              "Parent Relationship": "Outer",
              "Parallel Aware": false,
              "Startup Cost": 30854.57,
              "Total Cost": 30854.58,
              "Plan Rows": 1,
              "Plan Width": 8,
              "Actual Startup Time": 105.552,
              "Actual Total Time": 105.553,
              "Actual Rows": 1,
              "Actual Loops": 4,
              "Plans": [
                {
                  "Node Type": "Seq Scan",
                  "Parent Relationship": "Outer",
                  "Parallel Aware": true,
                  "Relation Name": "movie_companies",
                  "Alias": "mc",
                  "Startup Cost": 0.0,
                  "Total Cost": 29310.68,
                  "Plan Rows": 617555,
                  "Plan Width": 0,
                  "Actual Startup Time": 0.752,
                  "Actual Total Time": 84.592,
                  "Actual Rows": 479568,
                  "Actual Loops": 4,
                  "Filter": "(company_id > 1263)",
                  "Rows Removed by Filter": 172714
                }
              ]
            }
          ]
        }
      ]
    },
    "Planning Time": 0.229,
    "Triggers": [],
    "Execution Time": 122.258
  }
]