{
  "Plan": {
    "Node Type": "Aggregate",
    "Strategy": "Plain",
    "Partial Mode": "Finalize",
    "Parallel Aware": false,
    "Startup Cost": 120203.31,
    "Total Cost": 120203.32,
    "Plan Rows": 1,
    "Plan Width": 8,
    "Actual Startup Time": 812.18,
    "Actual Total Time": 839.057,
    "Actual Rows": 1,
    "Actual Loops": 1,
    "Plans": [
      {
        "Node Type": "Gather",
        "Parent Relationship": "Outer",
        "Parallel Aware": false,
        "Startup Cost": 120203.2,
        "Total Cost": 120203.31,
        "Plan Rows": 1,
        "Plan Width": 8,
        "Actual Startup Time": 808.844,
        "Actual Total Time": 839.049,
        "Actual Rows": 2,
        "Actual Loops": 1,
        "Workers Planned": 1,
        "Workers Launched": 1,
        "Single Copy": false,
        "Plans": [
          {
            "Node Type": "Aggregate",
            "Strategy": "Plain",
            "Partial Mode": "Partial",
            "Parent Relationship": "Outer",
            "Parallel Aware": false,
            "Startup Cost": 119203.2,
            "Total Cost": 119203.21,
            "Plan Rows": 1,
            "Plan Width": 8,
            "Actual Startup Time": 796.256,
            "Actual Total Time": 796.264,
            "Actual Rows": 1,
            "Actual Loops": 2,
            "Plans": [
              {
                "Node Type": "Hash Join",
                "Parent Relationship": "Outer",
                "Parallel Aware": true,
                "Join Type": "Inner",
                "Startup Cost": 86447.1,
                "Total Cost": 118025.6,
                "Plan Rows": 471041,
                "Plan Width": 0,
                "Actual Startup Time": 582.224,
                "Actual Total Time": 777.923,
                "Actual Rows": 404156,
                "Actual Loops": 2,
                "Inner Unique": true,
                "Hash Cond": "(mk.movie_id = t.id)",
                "Plans": [
                  {
                    "Node Type": "Bitmap Heap Scan",
                    "Parent Relationship": "Outer",
                    "Parallel Aware": true,
                    "Relation Name": "movie_keyword",
                    "Alias": "mk",
                    "Startup Cost": 16986.4,
                    "Total Cost": 47328.41,
                    "Plan Rows": 471041,
                    "Plan Width": 4,
                    "Actual Startup Time": 47.13,
                    "Actual Total Time": 126.352,
                    "Actual Rows": 404156,
                    "Actual Loops": 2,
                    "Recheck Cond": "(keyword_id < 783)",
                    "Rows Removed by Index Recheck": 0,
                    "Exact Heap Blocks": 12974,
                    "Lossy Heap Blocks": 0,
                    "Plans": [
                      {
                        "Node Type": "Bitmap Index Scan",
                        "Parent Relationship": "Outer",
                        "Parallel Aware": false,
                        "Index Name": "keyword_id_movie_keyword",
                        "Startup Cost": 0.0,
                        "Total Cost": 16786.21,
                        "Plan Rows": 800770,
                        "Plan Width": 0,
                        "Actual Startup Time": 43.493,
                        "Actual Total Time": 43.494,
                        "Actual Rows": 808312,
                        "Actual Loops": 1,
                        "Index Cond": "(keyword_id < 783)"
                      }
                    ]
                  },
                  {
                    "Node Type": "Hash",
                    "Parent Relationship": "Inner",
                    "Parallel Aware": true,
                    "Startup Cost": 50870.31,
                    "Total Cost": 50870.31,
                    "Plan Rows": 1487231,
                    "Plan Width": 4,
                    "Actual Startup Time": 513.008,
                    "Actual Total Time": 513.013,
                    "Actual Rows": 1264156,
                    "Actual Loops": 2,
                    "Hash Buckets": 4194304,
                    "Original Hash Buckets": 4194304,
                    "Hash Batches": 1,
                    "Original Hash Batches": 1,
                    "Peak Memory Usage": 131680,
                    "Plans": [
                      {
                        "Node Type": "Seq Scan",
                        "Parent Relationship": "Outer",
                        "Parallel Aware": true,
                        "Relation Name": "title",
                        "Alias": "t",
                        "Startup Cost": 0.0,
                        "Total Cost": 50870.31,
                        "Plan Rows": 1487231,
                        "Plan Width": 4,
                        "Actual Startup Time": 0.023,
                        "Actual Total Time": 149.051,
                        "Actual Rows": 1264156,
                        "Actual Loops": 2
                      }
                    ]
                  }
                ]
              }
            ]
          }
        ]
      }
    ]
  },
  "Planning Time": 0.679,
  "Triggers": [],
  "Execution Time": 839.145
}