{
  "Plan": {
    "Node Type": "Aggregate",
    "Strategy": "Plain",
    "Partial Mode": "Finalize",
    "Parallel Aware": false,
    "Startup Cost": 118463.73,
    "Total Cost": 118463.74,
    "Plan Rows": 1,
    "Plan Width": 8,
    "Actual Startup Time": 552.901,
    "Actual Total Time": 567.107,
    "Actual Rows": 1,
    "Actual Loops": 1,
    "Plans": [
      {
        "Node Type": "Gather",
        "Parent Relationship": "Outer",
        "Parallel Aware": false,
        "Startup Cost": 118463.62,
        "Total Cost": 118463.73,
        "Plan Rows": 1,
        "Plan Width": 8,
        "Actual Startup Time": 550.804,
        "Actual Total Time": 567.099,
        "Actual Rows": 2,
        "Actual Loops": 1,
        "Workers Planned": 1,
        "Workers Launched": 1,
        "Single Copy": false,
        "Plans": [
          {
            "Node Type": "Aggregate",
            "Strategy": "Plain",
            "Partial Mode": "Partial",
            "Parent Relationship": "Outer",
            "Parallel Aware": false,
            "Startup Cost": 117463.62,
            "Total Cost": 117463.63,
            "Plan Rows": 1,
            "Plan Width": 8,
            "Actual Startup Time": 544.948,
            "Actual Total Time": 544.953,
            "Actual Rows": 1,
            "Actual Loops": 2,
            "Plans": [
              {
                "Node Type": "Hash Join",
                "Parent Relationship": "Outer",
                "Parallel Aware": true,
                "Join Type": "Inner",
                "Startup Cost": 84332.42,
                "Total Cost": 116992.19,
                "Plan Rows": 188574,
                "Plan Width": 0,
                "Actual Startup Time": 349.256,
                "Actual Total Time": 542.918,
                "Actual Rows": 35897,
                "Actual Loops": 2,
                "Inner Unique": true,
                "Hash Cond": "(mk.movie_id = t.id)",
                "Plans": [
                  {
                    "Node Type": "Bitmap Heap Scan",
                    "Parent Relationship": "Outer",
                    "Parallel Aware": true,
                    "Relation Name": "movie_keyword",
                    "Alias": "mk",
                    "Startup Cost": 19564.27,
                    "Total Cost": 50799.89,
                    "Plan Rows": 542530,
                    "Plan Width": 4,
                    "Actual Startup Time": 50.102,
                    "Actual Total Time": 152.958,
                    "Actual Rows": 465354,
                    "Actual Loops": 2,
                    "Recheck Cond": "(keyword_id < 872)",
                    "Rows Removed by Index Recheck": 0,
                    "Exact Heap Blocks": 13925,
                    "Lossy Heap Blocks": 0,
                    "Plans": [
                      {
                        "Node Type": "Bitmap Index Scan",
                        "Parent Relationship": "Outer",
                        "Parallel Aware": false,
                        "Index Name": "keyword_id_movie_keyword",
                        "Startup Cost": 0.0,
                        "Total Cost": 19333.69,
                        "Plan Rows": 922301,
                        "Plan Width": 0,
                        "Actual Startup Time": 46.438,
                        "Actual Total Time": 46.439,
                        "Actual Rows": 930708,
                        "Actual Loops": 1,
                        "Index Cond": "(keyword_id < 872)"
                      }
                    ]
                  },
                  {
                    "Node Type": "Hash",
                    "Parent Relationship": "Inner",
                    "Parallel Aware": true,
                    "Startup Cost": 58306.47,
                    "Total Cost": 58306.47,
                    "Plan Rows": 516935,
                    "Plan Width": 4,
                    "Actual Startup Time": 289.84,
                    "Actual Total Time": 289.841,
                    "Actual Rows": 405406,
                    "Actual Loops": 2,
                    "Hash Buckets": 1048576,
                    "Original Hash Buckets": 1048576,
                    "Hash Batches": 1,
                    "Original Hash Batches": 1,
                    "Peak Memory Usage": 39936,
                    "Plans": [
                      {
                        "Node Type": "Seq Scan",
                        "Parent Relationship": "Outer",
                        "Parallel Aware": true,
                        "Relation Name": "title",
                        "Alias": "t",
                        "Startup Cost": 0.0,
                        "Total Cost": 58306.47,
                        "Plan Rows": 516935,
                        "Plan Width": 4,
                        "Actual Startup Time": 0.041,
                        "Actual Total Time": 165.372,
                        "Actual Rows": 405406,
                        "Actual Loops": 2,
                        "Filter": "((kind_id > 4) AND (production_year < 2006))",
                        "Rows Removed by Filter": 858750
                      }
                    ]
                  }
                ]
              }
            ]
          }
        ]
      }
    ]
  },
  "Planning Time": 0.618,
  "Triggers": [],
  "Execution Time": 567.258
}