[
    {
        "Bao": {
            "Bao prediction": "NaN",
            "Bao recommended hint": "(no hint)"
        }
    },
    {
        "Plan": {
            "Node Type": "Aggregate",
            "Strategy": "Plain",
            "Partial Mode": "Finalize",
            "Parallel Aware": false,
            "Startup Cost": 345761.71,
            "Total Cost": 345761.72,
            "Plan Rows": 1,
            "Plan Width": 8,
            "Actual Startup Time": 612.159,
            "Actual Total Time": 635.927,
            "Actual Rows": 1,
            "Actual Loops": 1,
            "Output": [
                "count(*)"
            ],
            "Plans": [
                {
                    "Node Type": "Gather",
                    "Parent Relationship": "Outer",
                    "Parallel Aware": false,
                    "Startup Cost": 345761.08,
                    "Total Cost": 345761.69,
                    "Plan Rows": 6,
                    "Plan Width": 8,
                    "Actual Startup Time": 612.05,
                    "Actual Total Time": 635.919,
                    "Actual Rows": 7,
                    "Actual Loops": 1,
                    "Output": [
                        "(PARTIAL count(*))"
                    ],
                    "Workers Planned": 6,
                    "Workers Launched": 6,
                    "Single Copy": false,
                    "Plans": [
                        {
                            "Node Type": "Aggregate",
                            "Strategy": "Plain",
                            "Partial Mode": "Partial",
                            "Parent Relationship": "Outer",
                            "Parallel Aware": false,
                            "Startup Cost": 344761.08,
                            "Total Cost": 344761.09,
                            "Plan Rows": 1,
                            "Plan Width": 8,
                            "Actual Startup Time": 602.207,
                            "Actual Total Time": 602.208,
                            "Actual Rows": 1,
                            "Actual Loops": 7,
                            "Output": [
                                "PARTIAL count(*)"
                            ],
                            "Workers": [
                                {
                                    "Worker Number": 0,
                                    "Actual Startup Time": 599.818,
                                    "Actual Total Time": 599.818,
                                    "Actual Rows": 1,
                                    "Actual Loops": 1
                                },
                                {
                                    "Worker Number": 1,
                                    "Actual Startup Time": 600.369,
                                    "Actual Total Time": 600.37,
                                    "Actual Rows": 1,
                                    "Actual Loops": 1
                                },
                                {
                                    "Worker Number": 2,
                                    "Actual Startup Time": 600.37,
                                    "Actual Total Time": 600.371,
                                    "Actual Rows": 1,
                                    "Actual Loops": 1
                                },
                                {
                                    "Worker Number": 3,
                                    "Actual Startup Time": 600.926,
                                    "Actual Total Time": 600.927,
                                    "Actual Rows": 1,
                                    "Actual Loops": 1
                                },
                                {
                                    "Worker Number": 4,
                                    "Actual Startup Time": 601.18,
                                    "Actual Total Time": 601.181,
                                    "Actual Rows": 1,
                                    "Actual Loops": 1
                                },
                                {
                                    "Worker Number": 5,
                                    "Actual Startup Time": 601.298,
                                    "Actual Total Time": 601.3,
                                    "Actual Rows": 1,
                                    "Actual Loops": 1
                                }
                            ],
                            "Plans": [
                                {
                                    "Node Type": "Seq Scan",
                                    "Parent Relationship": "Outer",
                                    "Parallel Aware": true,
                                    "Relation Name": "cast_info",
                                    "Schema": "public",
                                    "Alias": "ci",
                                    "Startup Cost": 0.0,
                                    "Total Cost": 343318.94,
                                    "Plan Rows": 576857,
                                    "Plan Width": 0,
                                    "Actual Startup Time": 332.51,
                                    "Actual Total Time": 587.15,
                                    "Actual Rows": 318147,
                                    "Actual Loops": 7,
                                    "Output": [
                                        "id",
                                        "person_id",
                                        "movie_id",
                                        "person_role_id",
                                        "note",
                                        "nr_order",
                                        "role_id"
                                    ],
                                    "Filter": "((ci.person_id < 784830) AND (ci.role_id > 2))",
                                    "Rows Removed by Filter": 4859617,
                                    "Workers": [
                                        {
                                            "Worker Number": 0,
                                            "Actual Startup Time": 330.118,
                                            "Actual Total Time": 584.874,
                                            "Actual Rows": 346174,
                                            "Actual Loops": 1
                                        },
                                        {
                                            "Worker Number": 1,
                                            "Actual Startup Time": 330.666,
                                            "Actual Total Time": 585.086,
                                            "Actual Rows": 223250,
                                            "Actual Loops": 1
                                        },
                                        {
                                            "Worker Number": 2,
                                            "Actual Startup Time": 330.668,
                                            "Actual Total Time": 587.036,
                                            "Actual Rows": 315122,
                                            "Actual Loops": 1
                                        },
                                        {
                                            "Worker Number": 3,
                                            "Actual Startup Time": 331.226,
                                            "Actual Total Time": 586.791,
                                            "Actual Rows": 335064,
                                            "Actual Loops": 1
                                        },
                                        {
                                            "Worker Number": 4,
                                            "Actual Startup Time": 331.499,
                                            "Actual Total Time": 585.835,
                                            "Actual Rows": 224428,
                                            "Actual Loops": 1
                                        },
                                        {
                                            "Worker Number": 5,
                                            "Actual Startup Time": 331.611,
                                            "Actual Total Time": 586.361,
                                            "Actual Rows": 346464,
                                            "Actual Loops": 1
                                        }
                                    ]
                                }
                            ]
                        }
                    ]
                }
            ]
        },
        "Planning Time": 194.824,
        "Triggers": [],
        "Execution Time": 635.995
    }
]