[
  {
    "Plan": {
      "Node Type": "Aggregate",
      "Strategy": "Plain",
      "Partial Mode": "Finalize",
      "Parallel Aware": false,
      "Startup Cost": 547823.16,
      "Total Cost": 547823.17,
      "Plan Rows": 1,
      "Plan Width": 64,
      "Actual Startup Time": 3368.183,
      "Actual Total Time": 3506.153,
      "Actual Rows": 1,
      "Actual Loops": 1,
      "Plans": [
        {
          "Node Type": "Gather",
          "Parent Relationship": "Outer",
          "Parallel Aware": false,
          "Startup Cost": 547822.84,
          "Total Cost": 547823.15,
          "Plan Rows": 3,
          "Plan Width": 64,
          "Actual Startup Time": 3363.771,
          "Actual Total Time": 3506.135,
          "Actual Rows": 4,
          "Actual Loops": 1,
          "Workers Planned": 3,
          "Workers Launched": 3,
          "Single Copy": false,
          "Plans": [
            {
              "Node Type": "Aggregate",
              "Strategy": "Plain",
              "Partial Mode": "Partial",
              "Parent Relationship": "Outer",
              "Parallel Aware": false,
              "Startup Cost": 546822.84,
              "Total Cost": 546822.85,
              "Plan Rows": 1,
              "Plan Width": 64,
              "Actual Startup Time": 3353.18,
              "Actual Total Time": 3353.391,
              "Actual Rows": 1,
              "Actual Loops": 4,
              "Plans": [
                {
                  "Node Type": "Hash Join",
                  "Parent Relationship": "Outer",
                  "Parallel Aware": true,
                  "Join Type": "Inner",
                  "Startup Cost": 531427.81,
                  "Total Cost": 546821.75,
                  "Plan Rows": 218,
                  "Plan Width": 33,
                  "Actual Startup Time": 3270.741,
                  "Actual Total Time": 3348.018,
                  "Actual Rows": 61786,
                  "Actual Loops": 4,
                  "Inner Unique": false,
                  "Hash Cond": "(an.person_id = n.id)",
                  "Plans": [
                    {
                      "Node Type": "Seq Scan",
                      "Parent Relationship": "Outer",
                      "Parallel Aware": true,
                      "Relation Name": "aka_name",
                      "Alias": "an",
                      "Startup Cost": 0.0,
                      "Total Cost": 14303.56,
                      "Plan Rows": 290756,
                      "Plan Width": 20,
                      "Actual Startup Time": 0.019,
                      "Actual Total Time": 37.07,
                      "Actual Rows": 225336,
                      "Actual Loops": 4
                    },
                    {
                      "Node Type": "Hash",
                      "Parent Relationship": "Inner",
                      "Parallel Aware": true,
                      "Startup Cost": 531426.91,
                      "Total Cost": 531426.91,
                      "Plan Rows": 72,
                      "Plan Width": 25,
                      "Actual Startup Time": 3269.124,
                      "Actual Total Time": 3269.332,
                      "Actual Rows": 44146,
                      "Actual Loops": 4,
                      "Hash Buckets": 262144,
                      "Original Hash Buckets": 1024,
                      "Hash Batches": 1,
                      "Original Hash Batches": 1,
                      "Peak Memory Usage": 15672,
                      "Plans": [
                        {
                          "Node Type": "Hash Join",
                          "Parent Relationship": "Outer",
                          "Parallel Aware": true,
                          "Join Type": "Inner",
                          "Startup Cost": 461488.94,
                          "Total Cost": 531426.91,
                          "Plan Rows": 72,
                          "Plan Width": 25,
                          "Actual Startup Time": 2939.287,
                          "Actual Total Time": 3234.867,
                          "Actual Rows": 44146,
                          "Actual Loops": 4,
                          "Inner Unique": false,
                          "Hash Cond": "(n.id = ci.person_id)",
                          "Plans": [
                            {
                              "Node Type": "Seq Scan",
                              "Parent Relationship": "Outer",
                              "Parallel Aware": true,
                              "Relation Name": "name",
                              "Alias": "n",
                              "Startup Cost": 0.0,
                              "Total Cost": 66031.07,
                              "Plan Rows": 1041807,
                              "Plan Width": 4,
                              "Actual Startup Time": 0.017,
                              "Actual Total Time": 146.627,
                              "Actual Rows": 1041873,
                              "Actual Loops": 4
                            },
                            {
                              "Node Type": "Hash",
                              "Parent Relationship": "Inner",
                              "Parallel Aware": true,
                              "Startup Cost": 461488.34,
                              "Total Cost": 461488.34,
                              "Plan Rows": 48,
                              "Plan Width": 21,
                              "Actual Startup Time": 2939.107,
                              "Actual Total Time": 2939.313,
                              "Actual Rows": 44146,
                              "Actual Loops": 4,
                              "Hash Buckets": 262144,
                              "Original Hash Buckets": 1024,
                              "Hash Batches": 1,
                              "Original Hash Batches": 1,
                              "Peak Memory Usage": 15032,
                              "Plans": [
                                {
                                  "Node Type": "Hash Join",
                                  "Parent Relationship": "Outer",
                                  "Parallel Aware": true,
                                  "Join Type": "Inner",
                                  "Startup Cost": 125776.53,
                                  "Total Cost": 461488.34,
                                  "Plan Rows": 48,
                                  "Plan Width": 21,
                                  "Actual Startup Time": 798.99,
                                  "Actual Total Time": 2837.785,
                                  "Actual Rows": 44146,
                                  "Actual Loops": 4,
                                  "Inner Unique": false,
                                  "Hash Cond": "(ci.movie_id = t.id)",
                                  "Plans": [
                                    {
                                      "Node Type": "Seq Scan",
                                      "Parent Relationship": "Outer",
                                      "Parallel Aware": true,
                                      "Relation Name": "cast_info",
                                      "Alias": "ci",
                                      "Startup Cost": 0.0,
                                      "Total Cost": 313068.58,
                                      "Plan Rows": 6038158,
                                      "Plan Width": 8,
                                      "Actual Startup Time": 0.023,
                                      "Actual Total Time": 1050.52,
                                      "Actual Rows": 9061086,
                                      "Actual Loops": 4
                                    },
                                    {
                                      "Node Type": "Hash",
                                      "Parent Relationship": "Inner",
                                      "Parallel Aware": true,
                                      "Startup Cost": 125776.45,
                                      "Total Cost": 125776.45,
                                      "Plan Rows": 6,
                                      "Plan Width": 29,
                                      "Actual Startup Time": 798.524,
                                      "Actual Total Time": 798.726,
                                      "Actual Rows": 1537,
                                      "Actual Loops": 4,
                                      "Hash Buckets": 8192,
                                      "Original Hash Buckets": 1024,
                                      "Hash Batches": 1,
                                      "Original Hash Batches": 1,
                                      "Peak Memory Usage": 632,
                                      "Plans": [
                                        {
                                          "Node Type": "Hash Join",
                                          "Parent Relationship": "Outer",
                                          "Parallel Aware": true,
                                          "Join Type": "Inner",
                                          "Startup Cost": 95413.65,
                                          "Total Cost": 125776.45,
                                          "Plan Rows": 6,
                                          "Plan Width": 29,
                                          "Actual Startup Time": 533.88,
                                          "Actual Total Time": 713.131,
                                          "Actual Rows": 1537,
                                          "Actual Loops": 4,
                                          "Inner Unique": true,
                                          "Hash Cond": "(mc.company_id = cn.id)",
                                          "Plans": [
                                            {
                                              "Node Type": "Hash Join",
                                              "Parent Relationship": "Outer",
                                              "Parallel Aware": true,
                                              "Join Type": "Inner",
                                              "Startup Cost": 90064.02,
                                              "Total Cost": 120426.78,
                                              "Plan Rows": 17,
                                              "Plan Width": 33,
                                              "Actual Startup Time": 501.334,
                                              "Actual Total Time": 679.416,
                                              "Actual Rows": 2149,
                                              "Actual Loops": 4,
                                              "Inner Unique": false,
                                              "Hash Cond": "(mc.movie_id = t.id)",
                                              "Plans": [
                                                {
                                                  "Node Type": "Seq Scan",
                                                  "Parent Relationship": "Outer",
                                                  "Parallel Aware": true,
                                                  "Relation Name": "movie_companies",
                                                  "Alias": "mc",
                                                  "Startup Cost": 0.0,
                                                  "Total Cost": 27206.55,
                                                  "Plan Rows": 841655,
                                                  "Plan Width": 8,
                                                  "Actual Startup Time": 0.024,
                                                  "Actual Total Time": 95.011,
                                                  "Actual Rows": 652282,
                                                  "Actual Loops": 4
                                                },
                                                {
                                                  "Node Type": "Hash",
                                                  "Parent Relationship": "Inner",
                                                  "Parallel Aware": true,
                                                  "Startup Cost": 90063.99,
                                                  "Total Cost": 90063.99,
                                                  "Plan Rows": 2,
                                                  "Plan Width": 25,
                                                  "Actual Startup Time": 500.791,
                                                  "Actual Total Time": 500.988,
                                                  "Actual Rows": 1288,
                                                  "Actual Loops": 4,
                                                  "Hash Buckets": 4096,
                                                  "Original Hash Buckets": 1024,
                                                  "Hash Batches": 1,
                                                  "Original Hash Batches": 1,
                                                  "Peak Memory Usage": 440,
                                                  "Plans": [
                                                    {
                                                      "Node Type": "Hash Join",
                                                      "Parent Relationship": "Outer",
                                                      "Parallel Aware": true,
                                                      "Join Type": "Inner",
                                                      "Startup Cost": 45504.47,
                                                      "Total Cost": 90063.99,
                                                      "Plan Rows": 2,
                                                      "Plan Width": 25,
                                                      "Actual Startup Time": 290.038,
                                                      "Actual Total Time": 459.629,
                                                      "Actual Rows": 1288,
                                                      "Actual Loops": 4,
                                                      "Inner Unique": false,
                                                      "Hash Cond": "(t.id = mk.movie_id)",
                                                      "Plans": [
                                                        {
                                                          "Node Type": "Seq Scan",
                                                          "Parent Relationship": "Outer",
                                                          "Parallel Aware": true,
                                                          "Relation Name": "title",
                                                          "Alias": "t",
                                                          "Startup Cost": 0.0,
                                                          "Total Cost": 43898.62,
                                                          "Plan Rows": 176240,
                                                          "Plan Width": 21,
                                                          "Actual Startup Time": 0.026,
                                                          "Actual Total Time": 139.905,
                                                          "Actual Rows": 177074,
                                                          "Actual Loops": 4,
                                                          "Filter": "(episode_nr < 20)",
                                                          "Rows Removed by Filter": 455004
                                                        },
                                                        {
                                                          "Node Type": "Hash",
                                                          "Parent Relationship": "Inner",
                                                          "Parallel Aware": true,
                                                          "Startup Cost": 45504.33,
                                                          "Total Cost": 45504.33,
                                                          "Plan Rows": 11,
                                                          "Plan Width": 4,
                                                          "Actual Startup Time": 289.798,
                                                          "Actual Total Time": 289.802,
                                                          "Actual Rows": 10460,
                                                          "Actual Loops": 4,
                                                          "Hash Buckets": 65536,
                                                          "Original Hash Buckets": 1024,
                                                          "Hash Batches": 1,
                                                          "Original Hash Batches": 1,
                                                          "Peak Memory Usage": 2712,
                                                          "Plans": [
                                                            {
                                                              "Node Type": "Hash Join",
                                                              "Parent Relationship": "Outer",
                                                              "Parallel Aware": false,
                                                              "Join Type": "Inner",
                                                              "Startup Cost": 2626.14,
                                                              "Total Cost": 45504.33,
                                                              "Plan Rows": 11,
                                                              "Plan Width": 4,
                                                              "Actual Startup Time": 16.982,
                                                              "Actual Total Time": 244.614,
                                                              "Actual Rows": 10460,
                                                              "Actual Loops": 4,
                                                              "Inner Unique": true,
                                                              "Hash Cond": "(mk.keyword_id = k.id)",
                                                              "Plans": [
                                                                {
                                                                  "Node Type": "Seq Scan",
                                                                  "Parent Relationship": "Outer",
                                                                  "Parallel Aware": true,
                                                                  "Relation Name": "movie_keyword",
                                                                  "Alias": "mk",
                                                                  "Startup Cost": 0.0,
                                                                  "Total Cost": 39047.32,
                                                                  "Plan Rows": 1459332,
                                                                  "Plan Width": 8,
                                                                  "Actual Startup Time": 0.039,
                                                                  "Actual Total Time": 134.869,
                                                                  "Actual Rows": 1130982,
                                                                  "Actual Loops": 4
                                                                },
                                                                {
                                                                  "Node Type": "Hash",
                                                                  "Parent Relationship": "Inner",
                                                                  "Parallel Aware": false,
                                                                  "Startup Cost": 2626.12,
                                                                  "Total Cost": 2626.12,
                                                                  "Plan Rows": 1,
                                                                  "Plan Width": 4,
                                                                  "Actual Startup Time": 16.861,
                                                                  "Actual Total Time": 16.862,
                                                                  "Actual Rows": 1,
                                                                  "Actual Loops": 4,
                                                                  "Hash Buckets": 1024,
                                                                  "Original Hash Buckets": 1024,
                                                                  "Hash Batches": 1,
                                                                  "Original Hash Batches": 1,
                                                                  "Peak Memory Usage": 9,
                                                                  "Plans": [
                                                                    {
                                                                      "Node Type": "Seq Scan",
                                                                      "Parent Relationship": "Outer",
                                                                      "Parallel Aware": false,
                                                                      "Relation Name": "keyword",
                                                                      "Alias": "k",
                                                                      "Startup Cost": 0.0,
                                                                      "Total Cost": 2626.12,
                                                                      "Plan Rows": 1,
                                                                      "Plan Width": 4,
                                                                      "Actual Startup Time": 0.926,
                                                                      "Actual Total Time": 16.854,
                                                                      "Actual Rows": 1,
                                                                      "Actual Loops": 4,
                                                                      "Filter": "(keyword = 'character-name-in-title'::text)",
                                                                      "Rows Removed by Filter": 134169
                                                                    }
                                                                  ]
                                                                }
                                                              ]
                                                            }
                                                          ]
                                                        }
                                                      ]
                                                    }
                                                  ]
                                                }
                                              ]
                                            },
                                            {
                                              "Node Type": "Hash",
                                              "Parent Relationship": "Inner",
                                              "Parallel Aware": true,
                                              "Startup Cost": 4722.92,
                                              "Total Cost": 4722.92,
                                              "Plan Rows": 50137,
                                              "Plan Width": 4,
                                              "Actual Startup Time": 32.018,
                                              "Actual Total Time": 32.02,
                                              "Actual Rows": 21211,
                                              "Actual Loops": 4,
                                              "Hash Buckets": 131072,
                                              "Original Hash Buckets": 131072,
                                              "Hash Batches": 1,
                                              "Original Hash Batches": 1,
                                              "Peak Memory Usage": 4384,
                                              "Plans": [
                                                {
                                                  "Node Type": "Seq Scan",
                                                  "Parent Relationship": "Outer",
                                                  "Parallel Aware": true,
                                                  "Relation Name": "company_name",
                                                  "Alias": "cn",
                                                  "Startup Cost": 0.0,
                                                  "Total Cost": 4722.92,
                                                  "Plan Rows": 50137,
                                                  "Plan Width": 4,
                                                  "Actual Startup Time": 0.077,
                                                  "Actual Total Time": 23.534,
                                                  "Actual Rows": 21211,
                                                  "Actual Loops": 4,
                                                  "Filter": "((country_code)::text = '[us]'::text)",
                                                  "Rows Removed by Filter": 37538
                                                }
                                              ]
                                            }
                                          ]
                                        }
                                      ]
                                    }
                                  ]
                                }
                              ]
                            }
                          ]
                        }
                      ]
                    }
                  ]
                }
              ]
            }
          ]
        }
      ]
    },
    "Planning Time": 18.487,
    "Triggers": [],
    "Execution Time": 3506.758
  }
]