[
  {
    "Plan": {
      "Node Type": "Aggregate",
      "Strategy": "Plain",
      "Partial Mode": "Finalize",
      "Parallel Aware": false,
      "Startup Cost": 275584.27,
      "Total Cost": 275584.28,
      "Plan Rows": 1,
      "Plan Width": 8,
      "Actual Startup Time": 996.985,
      "Actual Total Time": 1042.609,
      "Actual Rows": 1,
      "Actual Loops": 1,
      "Plans": [
        {
          "Node Type": "Gather",
          "Parent Relationship": "Outer",
          "Parallel Aware": false,
          "Startup Cost": 275583.75,
          "Total Cost": 275584.26,
          "Plan Rows": 5,
          "Plan Width": 8,
          "Actual Startup Time": 989.615,
          "Actual Total Time": 1042.601,
          "Actual Rows": 6,
          "Actual Loops": 1,
          "Workers Planned": 5,
          "Workers Launched": 5,
          "Single Copy": false,
          "Plans": [
            {
              "Node Type": "Aggregate",
              "Strategy": "Plain",
              "Partial Mode": "Partial",
              "Parent Relationship": "Outer",
              "Parallel Aware": false,
              "Startup Cost": 274583.75,
              "Total Cost": 274583.76,
              "Plan Rows": 1,
              "Plan Width": 8,
              "Actual Startup Time": 978.443,
              "Actual Total Time": 978.448,
              "Actual Rows": 1,
              "Actual Loops": 6,
              "Plans": [
                {
                  "Node Type": "Hash Join",
                  "Parent Relationship": "Outer",
                  "Parallel Aware": true,
                  "Join Type": "Inner",
                  "Startup Cost": 67247.81,
                  "Total Cost": 272825.8,
                  "Plan Rows": 703179,
                  "Plan Width": 0,
                  "Actual Startup Time": 289.193,
                  "Actual Total Time": 949.304,
                  "Actual Rows": 676206,
                  "Actual Loops": 6,
                  "Inner Unique": false,
                  "Hash Cond": "(mi.movie_id = t.id)",
                  "Plans": [
                    {
                      "Node Type": "Seq Scan",
                      "Parent Relationship": "Outer",
                      "Parallel Aware": true,
                      "Relation Name": "movie_info",
                      "Alias": "mi",
                      "Startup Cost": 0.0,
                      "Total Cost": 191560.33,
                      "Plan Rows": 2956733,
                      "Plan Width": 4,
                      "Actual Startup Time": 0.053,
                      "Actual Total Time": 298.145,
                      "Actual Rows": 2472620,
                      "Actual Loops": 6
                    },
                    {
                      "Node Type": "Hash",
                      "Parent Relationship": "Inner",
                      "Parallel Aware": true,
                      "Startup Cost": 64116.11,
                      "Total Cost": 64116.11,
                      "Plan Rows": 250536,
                      "Plan Width": 8,
                      "Actual Startup Time": 284.603,
                      "Actual Total Time": 284.606,
                      "Actual Rows": 74404,
                      "Actual Loops": 6,
                      "Hash Buckets": 1048576,
                      "Original Hash Buckets": 1048576,
                      "Hash Batches": 1,
                      "Original Hash Batches": 1,
                      "Peak Memory Usage": 25792,
                      "Plans": [
                        {
                          "Node Type": "Hash Join",
                          "Parent Relationship": "Outer",
                          "Parallel Aware": true,
                          "Join Type": "Inner",
                          "Startup Cost": 48921.55,
                          "Total Cost": 64116.11,
                          "Plan Rows": 250536,
                          "Plan Width": 8,
                          "Actual Startup Time": 186.991,
                          "Actual Total Time": 255.259,
                          "Actual Rows": 74404,
                          "Actual Loops": 6,
                          "Inner Unique": true,
                          "Hash Cond": "(mi_idx.movie_id = t.id)",
                          "Plans": [
                            {
                              "Node Type": "Seq Scan",
                              "Parent Relationship": "Outer",
                              "Parallel Aware": true,
                              "Relation Name": "movie_info_idx",
                              "Alias": "mi_idx",
                              "Startup Cost": 0.0,
                              "Total Cost": 13685.15,
                              "Plan Rows": 575015,
                              "Plan Width": 4,
                              "Actual Startup Time": 0.029,
                              "Actual Total Time": 22.094,
                              "Actual Rows": 230006,
                              "Actual Loops": 6
                            },
                            {
                              "Node Type": "Hash",
                              "Parent Relationship": "Inner",
                              "Parallel Aware": true,
                              "Startup Cost": 45479.1,
                              "Total Cost": 45479.1,
                              "Plan Rows": 275396,
                              "Plan Width": 4,
                              "Actual Startup Time": 183.755,
                              "Actual Total Time": 183.756,
                              "Actual Rows": 199223,
                              "Actual Loops": 6,
                              "Hash Buckets": 2097152,
                              "Original Hash Buckets": 2097152,
                              "Hash Batches": 1,
                              "Original Hash Batches": 1,
                              "Peak Memory Usage": 63232,
                              "Plans": [
                                {
                                  "Node Type": "Seq Scan",
                                  "Parent Relationship": "Outer",
                                  "Parallel Aware": true,
                                  "Relation Name": "title",
                                  "Alias": "t",
                                  "Startup Cost": 0.0,
                                  "Total Cost": 45479.1,
                                  "Plan Rows": 275396,
                                  "Plan Width": 4,
                                  "Actual Startup Time": 0.046,
                                  "Actual Total Time": 85.675,
                                  "Actual Rows": 199223,
                                  "Actual Loops": 6,
                                  "Filter": "((kind_id > 1) AND (production_year > 1998))",
                                  "Rows Removed by Filter": 222162
                                }
                              ]
                            }
                          ]
                        }
                      ]
                    }
                  ]
                }
              ]
            }
          ]
        }
      ]
    },
    "Planning Time": 1.358,
    "Triggers": [],
    "Execution Time": 1042.701
  }
]