[
  {
    "Plan": {
      "Node Type": "Aggregate",
      "Strategy": "Plain",
      "Partial Mode": "Finalize",
      "Parallel Aware": false,
      "Startup Cost": 253361.88,
      "Total Cost": 253361.89,
      "Plan Rows": 1,
      "Plan Width": 8,
      "Actual Startup Time": 769.215,
      "Actual Total Time": 814.641,
      "Actual Rows": 1,
      "Actual Loops": 1,
      "Plans": [
        {
          "Node Type": "Gather",
          "Parent Relationship": "Outer",
          "Parallel Aware": false,
          "Startup Cost": 253361.35,
          "Total Cost": 253361.86,
          "Plan Rows": 5,
          "Plan Width": 8,
          "Actual Startup Time": 766.584,
          "Actual Total Time": 814.631,
          "Actual Rows": 6,
          "Actual Loops": 1,
          "Workers Planned": 5,
          "Workers Launched": 5,
          "Single Copy": false,
          "Plans": [
            {
              "Node Type": "Aggregate",
              "Strategy": "Plain",
              "Partial Mode": "Partial",
              "Parent Relationship": "Outer",
              "Parallel Aware": false,
              "Startup Cost": 252361.35,
              "Total Cost": 252361.36,
              "Plan Rows": 1,
              "Plan Width": 8,
              "Actual Startup Time": 756.388,
              "Actual Total Time": 756.392,
              "Actual Rows": 1,
              "Actual Loops": 6,
              "Plans": [
                {
                  "Node Type": "Hash Join",
                  "Parent Relationship": "Outer",
                  "Parallel Aware": true,
                  "Join Type": "Inner",
                  "Startup Cost": 47345.35,
                  "Total Cost": 251247.76,
                  "Plan Rows": 445438,
                  "Plan Width": 0,
                  "Actual Startup Time": 155.046,
                  "Actual Total Time": 729.748,
                  "Actual Rows": 627954,
                  "Actual Loops": 6,
                  "Inner Unique": true,
                  "Hash Cond": "(mi.movie_id = t.id)",
                  "Plans": [
                    {
                      "Node Type": "Seq Scan",
                      "Parent Relationship": "Outer",
                      "Parallel Aware": true,
                      "Relation Name": "movie_info",
                      "Alias": "mi",
                      "Startup Cost": 0.0,
                      "Total Cost": 198952.16,
                      "Plan Rows": 1885804,
                      "Plan Width": 4,
                      "Actual Startup Time": 16.314,
                      "Actual Total Time": 332.436,
                      "Actual Rows": 1570867,
                      "Actual Loops": 6,
                      "Filter": "(info_type_id > 5)",
                      "Rows Removed by Filter": 901753
                    },
                    {
                      "Node Type": "Hash",
                      "Parent Relationship": "Inner",
                      "Parallel Aware": true,
                      "Startup Cost": 45479.1,
                      "Total Cost": 45479.1,
                      "Plan Rows": 149300,
                      "Plan Width": 4,
                      "Actual Startup Time": 121.173,
                      "Actual Total Time": 121.174,
                      "Actual Rows": 80771,
                      "Actual Loops": 6,
                      "Hash Buckets": 1048576,
                      "Original Hash Buckets": 1048576,
                      "Hash Batches": 1,
                      "Original Hash Batches": 1,
                      "Peak Memory Usage": 27232,
                      "Plans": [
                        {
                          "Node Type": "Seq Scan",
                          "Parent Relationship": "Outer",
                          "Parallel Aware": true,
                          "Relation Name": "title",
                          "Alias": "t",
                          "Startup Cost": 0.0,
                          "Total Cost": 45479.1,
                          "Plan Rows": 149300,
                          "Plan Width": 4,
                          "Actual Startup Time": 44.928,
                          "Actual Total Time": 85.187,
                          "Actual Rows": 80771,
                          "Actual Loops": 6,
                          "Filter": "((kind_id < 2) AND (production_year > 1953))",
                          "Rows Removed by Filter": 340614
                        }
                      ]
                    }
                  ]
                }
              ]
            }
          ]
        }
      ]
    },
    "Planning Time": 0.648,
    "Triggers": [],
    "Execution Time": 814.722
  }
]