[
  {
    "Plan": {
      "Node Type": "Aggregate",
      "Strategy": "Plain",
      "Partial Mode": "Finalize",
      "Parallel Aware": false,
      "Startup Cost": 83049.58,
      "Total Cost": 83049.59,
      "Plan Rows": 1,
      "Plan Width": 8,
      "Actual Startup Time": 469.579,
      "Actual Total Time": 486.31,
      "Actual Rows": 1,
      "Actual Loops": 1,
      "Plans": [
        {
          "Node Type": "Gather",
          "Parent Relationship": "Outer",
          "Parallel Aware": false,
          "Startup Cost": 83049.16,
          "Total Cost": 83049.57,
          "Plan Rows": 4,
          "Plan Width": 8,
          "Actual Startup Time": 459.363,
          "Actual Total Time": 486.299,
          "Actual Rows": 5,
          "Actual Loops": 1,
          "Workers Planned": 4,
          "Workers Launched": 4,
          "Single Copy": false,
          "Plans": [
            {
              "Node Type": "Aggregate",
              "Strategy": "Plain",
              "Partial Mode": "Partial",
              "Parent Relationship": "Outer",
              "Parallel Aware": false,
              "Startup Cost": 82049.16,
              "Total Cost": 82049.17,
              "Plan Rows": 1,
              "Plan Width": 8,
              "Actual Startup Time": 449.999,
              "Actual Total Time": 450.228,
              "Actual Rows": 1,
              "Actual Loops": 5,
              "Plans": [
                {
                  "Node Type": "Hash Join",
                  "Parent Relationship": "Outer",
                  "Parallel Aware": true,
                  "Join Type": "Inner",
                  "Startup Cost": 35219.43,
                  "Total Cost": 81459.45,
                  "Plan Rows": 235886,
                  "Plan Width": 0,
                  "Actual Startup Time": 196.807,
                  "Actual Total Time": 437.944,
                  "Actual Rows": 247581,
                  "Actual Loops": 5,
                  "Inner Unique": false,
                  "Hash Cond": "(t.id = mc.movie_id)",
                  "Plans": [
                    {
                      "Node Type": "Seq Scan",
                      "Parent Relationship": "Outer",
                      "Parallel Aware": true,
                      "Relation Name": "title",
                      "Alias": "t",
                      "Startup Cost": 0.0,
                      "Total Cost": 42318.73,
                      "Plan Rows": 632073,
                      "Plan Width": 4,
                      "Actual Startup Time": 0.013,
                      "Actual Total Time": 69.943,
                      "Actual Rows": 505662,
                      "Actual Loops": 5
                    },
                    {
                      "Node Type": "Hash",
                      "Parent Relationship": "Inner",
                      "Parallel Aware": true,
                      "Startup Cost": 31414.82,
                      "Total Cost": 31414.82,
                      "Plan Rows": 304369,
                      "Plan Width": 4,
                      "Actual Startup Time": 192.645,
                      "Actual Total Time": 192.646,
                      "Actual Rows": 247581,
                      "Actual Loops": 5,
                      "Hash Buckets": 2097152,
                      "Original Hash Buckets": 1048576,
                      "Hash Batches": 1,
                      "Original Hash Batches": 1,
                      "Peak Memory Usage": 73120,
                      "Plans": [
                        {
                          "Node Type": "Seq Scan",
                          "Parent Relationship": "Outer",
                          "Parallel Aware": true,
                          "Relation Name": "movie_companies",
                          "Alias": "mc",
                          "Startup Cost": 0.0,
                          "Total Cost": 31414.82,
                          "Plan Rows": 304369,
                          "Plan Width": 4,
                          "Actual Startup Time": 0.056,
                          "Actual Total Time": 81.228,
                          "Actual Rows": 247581,
                          "Actual Loops": 5,
                          "Filter": "((company_id < 44257) AND (company_type_id < 2))",
                          "Rows Removed by Filter": 274245
                        }
                      ]
                    }
                  ]
                }
              ]
            }
          ]
        }
      ]
    },
    "Planning Time": 0.659,
    "Triggers": [],
    "Execution Time": 486.43
  }
]