{
    "Plan": {
        "Node Type": "Aggregate",
        "Strategy": "Plain",
        "Partial Mode": "Finalize",
        "Parallel Aware": false,
        "Startup Cost": 97615.93,
        "Total Cost": 97615.94,
        "Plan Rows": 1,
        "Plan Width": 8,
        "Actual Startup Time": 294.842,
        "Actual Total Time": 329.799,
        "Actual Rows": 1,
        "Actual Loops": 1,
        "Output": [
            "count(*)"
        ],
        "Plans": [
            {
                "Node Type": "Gather",
                "Parent Relationship": "Outer",
                "Parallel Aware": false,
                "Startup Cost": 97615.61,
                "Total Cost": 97615.92,
                "Plan Rows": 3,
                "Plan Width": 8,
                "Actual Startup Time": 293.34,
                "Actual Total Time": 329.789,
                "Actual Rows": 4,
                "Actual Loops": 1,
                "Output": [
                    "(PARTIAL count(*))"
                ],
                "Workers Planned": 3,
                "Workers Launched": 3,
                "Single Copy": false,
                "Plans": [
                    {
                        "Node Type": "Aggregate",
                        "Strategy": "Plain",
                        "Partial Mode": "Partial",
                        "Parent Relationship": "Outer",
                        "Parallel Aware": false,
                        "Startup Cost": 96615.61,
                        "Total Cost": 96615.62,
                        "Plan Rows": 1,
                        "Plan Width": 8,
                        "Actual Startup Time": 283.855,
                        "Actual Total Time": 283.859,
                        "Actual Rows": 1,
                        "Actual Loops": 4,
                        "Output": [
                            "PARTIAL count(*)"
                        ],
                        "Workers": [
                            {
                                "Worker Number": 0,
                                "Actual Startup Time": 280.806,
                                "Actual Total Time": 280.81,
                                "Actual Rows": 1,
                                "Actual Loops": 1
                            },
                            {
                                "Worker Number": 1,
                                "Actual Startup Time": 280.946,
                                "Actual Total Time": 280.949,
                                "Actual Rows": 1,
                                "Actual Loops": 1
                            },
                            {
                                "Worker Number": 2,
                                "Actual Startup Time": 281.078,
                                "Actual Total Time": 281.082,
                                "Actual Rows": 1,
                                "Actual Loops": 1
                            }
                        ],
                        "Plans": [
                            {
                                "Node Type": "Nested Loop",
                                "Parent Relationship": "Outer",
                                "Parallel Aware": false,
                                "Join Type": "Inner",
                                "Startup Cost": 44876.9,
                                "Total Cost": 96566.22,
                                "Plan Rows": 19758,
                                "Plan Width": 0,
                                "Actual Startup Time": 133.438,
                                "Actual Total Time": 282.522,
                                "Actual Rows": 15902,
                                "Actual Loops": 4,
                                "Inner Unique": false,
                                "Workers": [
                                    {
                                        "Worker Number": 0,
                                        "Actual Startup Time": 130.194,
                                        "Actual Total Time": 279.409,
                                        "Actual Rows": 12005,
                                        "Actual Loops": 1
                                    },
                                    {
                                        "Worker Number": 1,
                                        "Actual Startup Time": 130.629,
                                        "Actual Total Time": 279.535,
                                        "Actual Rows": 12819,
                                        "Actual Loops": 1
                                    },
                                    {
                                        "Worker Number": 2,
                                        "Actual Startup Time": 130.763,
                                        "Actual Total Time": 279.666,
                                        "Actual Rows": 12424,
                                        "Actual Loops": 1
                                    }
                                ],
                                "Plans": [
                                    {
                                        "Node Type": "Hash Join",
                                        "Parent Relationship": "Outer",
                                        "Parallel Aware": true,
                                        "Join Type": "Inner",
                                        "Startup Cost": 44876.33,
                                        "Total Cost": 87601.23,
                                        "Plan Rows": 1378,
                                        "Plan Width": 8,
                                        "Actual Startup Time": 133.347,
                                        "Actual Total Time": 223.683,
                                        "Actual Rows": 666,
                                        "Actual Loops": 4,
                                        "Output": [
                                            "t.id",
                                            "mk.movie_id"
                                        ],
                                        "Inner Unique": true,
                                        "Hash Cond": "(mk.movie_id = t.id)",
                                        "Workers": [
                                            {
                                                "Worker Number": 0,
                                                "Actual Startup Time": 130.088,
                                                "Actual Total Time": 214.096,
                                                "Actual Rows": 520,
                                                "Actual Loops": 1
                                            },
                                            {
                                                "Worker Number": 1,
                                                "Actual Startup Time": 130.521,
                                                "Actual Total Time": 213.528,
                                                "Actual Rows": 532,
                                                "Actual Loops": 1
                                            },
                                            {
                                                "Worker Number": 2,
                                                "Actual Startup Time": 130.642,
                                                "Actual Total Time": 215.253,
                                                "Actual Rows": 517,
                                                "Actual Loops": 1
                                            }
                                        ],
                                        "Plans": [
                                            {
                                                "Node Type": "Seq Scan",
                                                "Parent Relationship": "Outer",
                                                "Parallel Aware": true,
                                                "Relation Name": "movie_keyword",
                                                "Schema": "public",
                                                "Alias": "mk",
                                                "Startup Cost": 0.0,
                                                "Total Cost": 42695.65,
                                                "Plan Rows": 11140,
                                                "Plan Width": 4,
                                                "Actual Startup Time": 0.333,
                                                "Actual Total Time": 88.992,
                                                "Actual Rows": 8678,
                                                "Actual Loops": 4,
                                                "Output": [
                                                    "mk.id",
                                                    "mk.movie_id",
                                                    "mk.keyword_id"
                                                ],
                                                "Filter": "(mk.keyword_id = 2488)",
                                                "Rows Removed by Filter": 1122305,
                                                "Workers": [
                                                    {
                                                        "Worker Number": 0,
                                                        "Actual Startup Time": 0.194,
                                                        "Actual Total Time": 82.808,
                                                        "Actual Rows": 6894,
                                                        "Actual Loops": 1
                                                    },
                                                    {
                                                        "Worker Number": 1,
                                                        "Actual Startup Time": 0.275,
                                                        "Actual Total Time": 82.504,
                                                        "Actual Rows": 6814,
                                                        "Actual Loops": 1
                                                    },
                                                    {
                                                        "Worker Number": 2,
                                                        "Actual Startup Time": 0.07,
                                                        "Actual Total Time": 83.615,
                                                        "Actual Rows": 6906,
                                                        "Actual Loops": 1
                                                    }
                                                ]
                                            },
                                            {
                                                "Node Type": "Hash",
                                                "Parent Relationship": "Inner",
                                                "Parallel Aware": true,
                                                "Startup Cost": 43899.01,
                                                "Total Cost": 43899.01,
                                                "Plan Rows": 78186,
                                                "Plan Width": 4,
                                                "Actual Startup Time": 126.13,
                                                "Actual Total Time": 126.131,
                                                "Actual Rows": 77384,
                                                "Actual Loops": 4,
                                                "Output": [
                                                    "t.id"
                                                ],
                                                "Hash Buckets": 524288,
                                                "Original Hash Buckets": 524288,
                                                "Hash Batches": 1,
                                                "Original Hash Batches": 1,
                                                "Peak Memory Usage": 16288,
                                                "Workers": [
                                                    {
                                                        "Worker Number": 0,
                                                        "Actual Startup Time": 125.706,
                                                        "Actual Total Time": 125.707,
                                                        "Actual Rows": 68854,
                                                        "Actual Loops": 1
                                                    },
                                                    {
                                                        "Worker Number": 1,
                                                        "Actual Startup Time": 126.144,
                                                        "Actual Total Time": 126.145,
                                                        "Actual Rows": 74318,
                                                        "Actual Loops": 1
                                                    },
                                                    {
                                                        "Worker Number": 2,
                                                        "Actual Startup Time": 126.294,
                                                        "Actual Total Time": 126.295,
                                                        "Actual Rows": 68827,
                                                        "Actual Loops": 1
                                                    }
                                                ],
                                                "Plans": [
                                                    {
                                                        "Node Type": "Seq Scan",
                                                        "Parent Relationship": "Outer",
                                                        "Parallel Aware": true,
                                                        "Relation Name": "title",
                                                        "Schema": "public",
                                                        "Alias": "t",
                                                        "Startup Cost": 0.0,
                                                        "Total Cost": 43899.01,
                                                        "Plan Rows": 78186,
                                                        "Plan Width": 4,
                                                        "Actual Startup Time": 0.062,
                                                        "Actual Total Time": 97.599,
                                                        "Actual Rows": 77384,
                                                        "Actual Loops": 4,
                                                        "Output": [
                                                            "t.id"
                                                        ],
                                                        "Filter": "(t.production_year < 1966)",
                                                        "Rows Removed by Filter": 554694,
                                                        "Workers": [
                                                            {
                                                                "Worker Number": 0,
                                                                "Actual Startup Time": 0.075,
                                                                "Actual Total Time": 98.395,
                                                                "Actual Rows": 68854,
                                                                "Actual Loops": 1
                                                            },
                                                            {
                                                                "Worker Number": 1,
                                                                "Actual Startup Time": 0.074,
                                                                "Actual Total Time": 98.264,
                                                                "Actual Rows": 74318,
                                                                "Actual Loops": 1
                                                            },
                                                            {
                                                                "Worker Number": 2,
                                                                "Actual Startup Time": 0.081,
                                                                "Actual Total Time": 98.864,
                                                                "Actual Rows": 68827,
                                                                "Actual Loops": 1
                                                            }
                                                        ]
                                                    }
                                                ]
                                            }
                                        ]
                                    },
                                    {
                                        "Node Type": "Index Only Scan",
                                        "Parent Relationship": "Inner",
                                        "Parallel Aware": false,
                                        "Scan Direction": "Forward",
                                        "Index Name": "movie_id_cast_info",
                                        "Relation Name": "cast_info",
                                        "Schema": "public",
                                        "Alias": "ci",
                                        "Startup Cost": 0.56,
                                        "Total Cost": 6.13,
                                        "Plan Rows": 38,
                                        "Plan Width": 4,
                                        "Actual Startup Time": 0.011,
                                        "Actual Total Time": 0.086,
                                        "Actual Rows": 24,
                                        "Actual Loops": 2665,
                                        "Output": [
                                            "ci.movie_id"
                                        ],
                                        "Index Cond": "(ci.movie_id = t.id)",
                                        "Rows Removed by Index Recheck": 0,
                                        "Heap Fetches": 63607,
                                        "Workers": [
                                            {
                                                "Worker Number": 0,
                                                "Actual Startup Time": 0.015,
                                                "Actual Total Time": 0.122,
                                                "Actual Rows": 23,
                                                "Actual Loops": 520
                                            },
                                            {
                                                "Worker Number": 1,
                                                "Actual Startup Time": 0.014,
                                                "Actual Total Time": 0.121,
                                                "Actual Rows": 24,
                                                "Actual Loops": 532
                                            },
                                            {
                                                "Worker Number": 2,
                                                "Actual Startup Time": 0.014,
                                                "Actual Total Time": 0.121,
                                                "Actual Rows": 24,
                                                "Actual Loops": 517
                                            }
                                        ]
                                    }
                                ]
                            }
                        ]
                    }
                ]
            }
        ]
    },
    "Planning Time": 1.532,
    "Triggers": [],
    "Execution Time": 329.963
}