{
  "Plan": {
    "Node Type": "Aggregate",
    "Strategy": "Plain",
    "Partial Mode": "Finalize",
    "Parallel Aware": false,
    "Startup Cost": 332608.2,
    "Total Cost": 332608.21,
    "Plan Rows": 1,
    "Plan Width": 8,
    "Actual Startup Time": 926.88,
    "Actual Total Time": 957.027,
    "Actual Rows": 1,
    "Actual Loops": 1,
    "Plans": [
      {
        "Node Type": "Gather",
        "Parent Relationship": "Outer",
        "Parallel Aware": false,
        "Startup Cost": 332608.08,
        "Total Cost": 332608.19,
        "Plan Rows": 1,
        "Plan Width": 8,
        "Actual Startup Time": 924.505,
        "Actual Total Time": 957.017,
        "Actual Rows": 2,
        "Actual Loops": 1,
        "Workers Planned": 1,
        "Workers Launched": 1,
        "Single Copy": false,
        "Plans": [
          {
            "Node Type": "Aggregate",
            "Strategy": "Plain",
            "Partial Mode": "Partial",
            "Parent Relationship": "Outer",
            "Parallel Aware": false,
            "Startup Cost": 331608.08,
            "Total Cost": 331608.09,
            "Plan Rows": 1,
            "Plan Width": 8,
            "Actual Startup Time": 918.816,
            "Actual Total Time": 918.821,
            "Actual Rows": 1,
            "Actual Loops": 2,
            "Plans": [
              {
                "Node Type": "Nested Loop",
                "Parent Relationship": "Outer",
                "Parallel Aware": false,
                "Join Type": "Inner",
                "Startup Cost": 65822.02,
                "Total Cost": 331195.64,
                "Plan Rows": 164976,
                "Plan Width": 0,
                "Actual Startup Time": 317.389,
                "Actual Total Time": 912.53,
                "Actual Rows": 111403,
                "Actual Loops": 2,
                "Inner Unique": false,
                "Join Filter": "(t.id = mc.movie_id)",
                "Rows Removed by Join Filter": 0,
                "Plans": [
                  {
                    "Node Type": "Hash Join",
                    "Parent Relationship": "Outer",
                    "Parallel Aware": true,
                    "Join Type": "Inner",
                    "Startup Cost": 65821.59,
                    "Total Cost": 125584.35,
                    "Plan Rows": 314861,
                    "Plan Width": 8,
                    "Actual Startup Time": 317.295,
                    "Actual Total Time": 594.227,
                    "Actual Rows": 136862,
                    "Actual Loops": 2,
                    "Inner Unique": true,
                    "Hash Cond": "(mk.movie_id = t.id)",
                    "Plans": [
                      {
                        "Node Type": "Seq Scan",
                        "Parent Relationship": "Outer",
                        "Parallel Aware": true,
                        "Relation Name": "movie_keyword",
                        "Alias": "mk",
                        "Startup Cost": 0.0,
                        "Total Cost": 57718.19,
                        "Plan Rows": 778881,
                        "Plan Width": 4,
                        "Actual Startup Time": 1.482,
                        "Actual Total Time": 171.446,
                        "Actual Rows": 664862,
                        "Actual Loops": 2,
                        "Filter": "(keyword_id > 12951)",
                        "Rows Removed by Filter": 1597102
                      },
                      {
                        "Node Type": "Hash",
                        "Parent Relationship": "Inner",
                        "Parallel Aware": true,
                        "Startup Cost": 58306.47,
                        "Total Cost": 58306.47,
                        "Plan Rows": 601210,
                        "Plan Width": 4,
                        "Actual Startup Time": 308.569,
                        "Actual Total Time": 308.57,
                        "Actual Rows": 478628,
                        "Actual Loops": 2,
                        "Hash Buckets": 1048576,
                        "Original Hash Buckets": 1048576,
                        "Hash Batches": 1,
                        "Original Hash Batches": 1,
                        "Peak Memory Usage": 45664,
                        "Plans": [
                          {
                            "Node Type": "Seq Scan",
                            "Parent Relationship": "Outer",
                            "Parallel Aware": true,
                            "Relation Name": "title",
                            "Alias": "t",
                            "Startup Cost": 0.0,
                            "Total Cost": 58306.47,
                            "Plan Rows": 601210,
                            "Plan Width": 4,
                            "Actual Startup Time": 0.047,
                            "Actual Total Time": 168.185,
                            "Actual Rows": 478628,
                            "Actual Loops": 2,
                            "Filter": "((kind_id > 3) AND (production_year < 2007))",
                            "Rows Removed by Filter": 785528
                          }
                        ]
                      }
                    ]
                  },
                  {
                    "Node Type": "Index Scan",
                    "Parent Relationship": "Inner",
                    "Parallel Aware": false,
                    "Scan Direction": "Forward",
                    "Index Name": "movie_id_movie_companies",
                    "Relation Name": "movie_companies",
                    "Alias": "mc",
                    "Startup Cost": 0.43,
                    "Total Cost": 0.62,
                    "Plan Rows": 3,
                    "Plan Width": 4,
                    "Actual Startup Time": 0.002,
                    "Actual Total Time": 0.002,
                    "Actual Rows": 1,
                    "Actual Loops": 273723,
                    "Index Cond": "(movie_id = mk.movie_id)",
                    "Rows Removed by Index Recheck": 0,
                    "Filter": "(company_type_id > 1)",
                    "Rows Removed by Filter": 1
                  }
                ]
              }
            ]
          }
        ]
      }
    ]
  },
  "Planning Time": 0.712,
  "Triggers": [],
  "Execution Time": 957.098
}