{
  "Plan": {
    "Node Type": "Aggregate",
    "Strategy": "Plain",
    "Partial Mode": "Finalize",
    "Parallel Aware": false,
    "Startup Cost": 462569.65,
    "Total Cost": 462569.66,
    "Plan Rows": 1,
    "Plan Width": 8,
    "Actual Startup Time": 1653.838,
    "Actual Total Time": 1681.982,
    "Actual Rows": 1,
    "Actual Loops": 1,
    "Plans": [
      {
        "Node Type": "Gather",
        "Parent Relationship": "Outer",
        "Parallel Aware": false,
        "Startup Cost": 462569.53,
        "Total Cost": 462569.64,
        "Plan Rows": 1,
        "Plan Width": 8,
        "Actual Startup Time": 1653.171,
        "Actual Total Time": 1681.97,
        "Actual Rows": 2,
        "Actual Loops": 1,
        "Workers Planned": 1,
        "Workers Launched": 1,
        "Single Copy": false,
        "Plans": [
          {
            "Node Type": "Aggregate",
            "Strategy": "Plain",
            "Partial Mode": "Partial",
            "Parent Relationship": "Outer",
            "Parallel Aware": false,
            "Startup Cost": 461569.53,
            "Total Cost": 461569.54,
            "Plan Rows": 1,
            "Plan Width": 8,
            "Actual Startup Time": 1647.274,
            "Actual Total Time": 1647.438,
            "Actual Rows": 1,
            "Actual Loops": 2,
            "Plans": [
              {
                "Node Type": "Hash Join",
                "Parent Relationship": "Outer",
                "Parallel Aware": true,
                "Join Type": "Inner",
                "Startup Cost": 58891.12,
                "Total Cost": 461394.92,
                "Plan Rows": 69846,
                "Plan Width": 0,
                "Actual Startup Time": 179.697,
                "Actual Total Time": 1640.258,
                "Actual Rows": 151748,
                "Actual Loops": 2,
                "Inner Unique": true,
                "Hash Cond": "(ci.movie_id = t.id)",
                "Plans": [
                  {
                    "Node Type": "Index Scan",
                    "Parent Relationship": "Outer",
                    "Parallel Aware": true,
                    "Scan Direction": "Forward",
                    "Index Name": "role_id_cast_info",
                    "Relation Name": "cast_info",
                    "Alias": "ci",
                    "Startup Cost": 0.56,
                    "Total Cost": 396668.75,
                    "Plan Rows": 2223086,
                    "Plan Width": 4,
                    "Actual Startup Time": 0.166,
                    "Actual Total Time": 920.744,
                    "Actual Rows": 3943782,
                    "Actual Loops": 2,
                    "Index Cond": "(role_id > 3)",
                    "Rows Removed by Index Recheck": 0,
                    "Filter": "(person_id > 2604721)",
                    "Rows Removed by Filter": 2113042
                  },
                  {
                    "Node Type": "Hash",
                    "Parent Relationship": "Inner",
                    "Parallel Aware": true,
                    "Startup Cost": 58306.47,
                    "Total Cost": 58306.47,
                    "Plan Rows": 46727,
                    "Plan Width": 4,
                    "Actual Startup Time": 177.185,
                    "Actual Total Time": 177.186,
                    "Actual Rows": 91908,
                    "Actual Loops": 2,
                    "Hash Buckets": 262144,
                    "Original Hash Buckets": 131072,
                    "Hash Batches": 1,
                    "Original Hash Batches": 1,
                    "Peak Memory Usage": 10272,
                    "Plans": [
                      {
                        "Node Type": "Seq Scan",
                        "Parent Relationship": "Outer",
                        "Parallel Aware": true,
                        "Relation Name": "title",
                        "Alias": "t",
                        "Startup Cost": 0.0,
                        "Total Cost": 58306.47,
                        "Plan Rows": 46727,
                        "Plan Width": 4,
                        "Actual Startup Time": 0.229,
                        "Actual Total Time": 148.682,
                        "Actual Rows": 91908,
                        "Actual Loops": 2,
                        "Filter": "((kind_id < 7) AND (production_year < 1957))",
                        "Rows Removed by Filter": 1172248
                      }
                    ]
                  }
                ]
              }
            ]
          }
        ]
      }
    ]
  },
  "Planning Time": 0.505,
  "Triggers": [],
  "Execution Time": 1682.064
}