[
  {
    "Plan": {
      "Node Type": "Aggregate",
      "Strategy": "Plain",
      "Partial Mode": "Finalize",
      "Parallel Aware": false,
      "Startup Cost": 383707.62,
      "Total Cost": 383707.63,
      "Plan Rows": 1,
      "Plan Width": 8,
      "Actual Startup Time": 1175.741,
      "Actual Total Time": 1225.66,
      "Actual Rows": 1,
      "Actual Loops": 1,
      "Plans": [
        {
          "Node Type": "Gather",
          "Parent Relationship": "Outer",
          "Parallel Aware": false,
          "Startup Cost": 383707.0,
          "Total Cost": 383707.61,
          "Plan Rows": 6,
          "Plan Width": 8,
          "Actual Startup Time": 1166.058,
          "Actual Total Time": 1225.639,
          "Actual Rows": 7,
          "Actual Loops": 1,
          "Workers Planned": 6,
          "Workers Launched": 6,
          "Single Copy": false,
          "Plans": [
            {
              "Node Type": "Aggregate",
              "Strategy": "Plain",
              "Partial Mode": "Partial",
              "Parent Relationship": "Outer",
              "Parallel Aware": false,
              "Startup Cost": 382707.0,
              "Total Cost": 382707.01,
              "Plan Rows": 1,
              "Plan Width": 8,
              "Actual Startup Time": 1156.141,
              "Actual Total Time": 1156.144,
              "Actual Rows": 1,
              "Actual Loops": 7,
              "Plans": [
                {
                  "Node Type": "Hash Join",
                  "Parent Relationship": "Outer",
                  "Parallel Aware": true,
                  "Join Type": "Inner",
                  "Startup Cost": 48789.34,
                  "Total Cost": 381079.73,
                  "Plan Rows": 650906,
                  "Plan Width": 0,
                  "Actual Startup Time": 161.879,
                  "Actual Total Time": 1130.203,
                  "Actual Rows": 569131,
                  "Actual Loops": 7,
                  "Inner Unique": true,
                  "Hash Cond": "(ci.movie_id = t.id)",
                  "Plans": [
                    {
                      "Node Type": "Seq Scan",
                      "Parent Relationship": "Outer",
                      "Parallel Aware": true,
                      "Relation Name": "cast_info",
                      "Alias": "ci",
                      "Startup Cost": 0.0,
                      "Total Cost": 328211.39,
                      "Plan Rows": 1553902,
                      "Plan Width": 4,
                      "Actual Startup Time": 0.039,
                      "Actual Total Time": 547.705,
                      "Actual Rows": 1339700,
                      "Actual Loops": 7,
                      "Filter": "(person_id < 923124)",
                      "Rows Removed by Filter": 3838064
                    },
                    {
                      "Node Type": "Hash",
                      "Parent Relationship": "Inner",
                      "Parallel Aware": true,
                      "Startup Cost": 45479.59,
                      "Total Cost": 45479.59,
                      "Plan Rows": 264780,
                      "Plan Width": 4,
                      "Actual Startup Time": 158.676,
                      "Actual Total Time": 158.677,
                      "Actual Rows": 164135,
                      "Actual Loops": 7,
                      "Hash Buckets": 2097152,
                      "Original Hash Buckets": 2097152,
                      "Hash Batches": 1,
                      "Original Hash Batches": 1,
                      "Peak Memory Usage": 61440,
                      "Plans": [
                        {
                          "Node Type": "Seq Scan",
                          "Parent Relationship": "Outer",
                          "Parallel Aware": true,
                          "Relation Name": "title",
                          "Alias": "t",
                          "Startup Cost": 0.0,
                          "Total Cost": 45479.59,
                          "Plan Rows": 264780,
                          "Plan Width": 4,
                          "Actual Startup Time": 0.041,
                          "Actual Total Time": 80.114,
                          "Actual Rows": 164135,
                          "Actual Loops": 7,
                          "Filter": "((production_year > 1991) AND (kind_id = 7))",
                          "Rows Removed by Filter": 197052
                        }
                      ]
                    }
                  ]
                }
              ]
            }
          ]
        }
      ]
    },
    "Planning Time": 0.493,
    "Triggers": [],
    "Execution Time": 1225.71
  }
]