[
  {
    "Plan": {
      "Node Type": "Aggregate",
      "Strategy": "Plain",
      "Partial Mode": "Finalize",
      "Parallel Aware": false,
      "Startup Cost": 45621.81,
      "Total Cost": 45621.82,
      "Plan Rows": 1,
      "Plan Width": 8,
      "Actual Startup Time": 190.597,
      "Actual Total Time": 203.213,
      "Actual Rows": 1,
      "Actual Loops": 1,
      "Plans": [
        {
          "Node Type": "Gather",
          "Parent Relationship": "Outer",
          "Parallel Aware": false,
          "Startup Cost": 45621.5,
          "Total Cost": 45621.81,
          "Plan Rows": 3,
          "Plan Width": 8,
          "Actual Startup Time": 190.308,
          "Actual Total Time": 203.196,
          "Actual Rows": 4,
          "Actual Loops": 1,
          "Workers Planned": 3,
          "Workers Launched": 3,
          "Single Copy": false,
          "Plans": [
            {
              "Node Type": "Aggregate",
              "Strategy": "Plain",
              "Partial Mode": "Partial",
              "Parent Relationship": "Outer",
              "Parallel Aware": false,
              "Startup Cost": 44621.5,
              "Total Cost": 44621.51,
              "Plan Rows": 1,
              "Plan Width": 8,
              "Actual Startup Time": 181.172,
              "Actual Total Time": 181.175,
              "Actual Rows": 1,
              "Actual Loops": 4,
              "Plans": [
                {
                  "Node Type": "Seq Scan",
                  "Parent Relationship": "Outer",
                  "Parallel Aware": true,
                  "Relation Name": "movie_keyword",
                  "Alias": "mk",
                  "Startup Cost": 0.0,
                  "Total Cost": 42695.65,
                  "Plan Rows": 770337,
                  "Plan Width": 0,
                  "Actual Startup Time": 0.065,
                  "Actual Total Time": 144.766,
                  "Actual Rows": 600392,
                  "Actual Loops": 4,
                  "Filter": "(keyword_id < 5593)",
                  "Rows Removed by Filter": 530590
                }
              ]
            }
          ]
        }
      ]
    },
    "Planning Time": 0.176,
    "Triggers": [],
    "Execution Time": 203.919
  }
]