{
    "Plan": {
        "Node Type": "Aggregate",
        "Strategy": "Plain",
        "Partial Mode": "Simple",
        "Parallel Aware": false,
        "Startup Cost": 50001400356.91,
        "Total Cost": 50001400356.92,
        "Plan Rows": 1,
        "Plan Width": 96,
        "Actual Startup Time": 3801.475,
        "Actual Total Time": 3820.905,
        "Actual Rows": 1,
        "Actual Loops": 1,
        "Output": [
            "min(cn.name)",
            "min((lt.link)::text)",
            "min(t.title)"
        ],
        "Plans": [
            {
                "Node Type": "Nested Loop",
                "Parent Relationship": "Outer",
                "Parallel Aware": false,
                "Join Type": "Inner",
                "Startup Cost": 50001400335.65,
                "Total Cost": 50001400356.9,
                "Plan Rows": 1,
                "Plan Width": 48,
                "Actual Startup Time": 3800.749,
                "Actual Total Time": 3820.828,
                "Actual Rows": 152,
                "Actual Loops": 1,
                "Output": [
                    "cn.name",
                    "lt.link",
                    "t.title"
                ],
                "Inner Unique": true,
                "Plans": [
                    {
                        "Node Type": "Nested Loop",
                        "Parent Relationship": "Outer",
                        "Parallel Aware": false,
                        "Join Type": "Inner",
                        "Startup Cost": 40001400335.51,
                        "Total Cost": 40001400348.73,
                        "Plan Rows": 1,
                        "Plan Width": 40,
                        "Actual Startup Time": 3800.736,
                        "Actual Total Time": 3820.265,
                        "Actual Rows": 152,
                        "Actual Loops": 1,
                        "Output": [
                            "cn.name",
                            "ml.link_type_id",
                            "t.title"
                        ],
                        "Inner Unique": false,
                        "Join Filter": "(t.id = ml.movie_id)",
                        "Rows Removed by Join Filter": 0,
                        "Plans": [
                            {
                                "Node Type": "Nested Loop",
                                "Parent Relationship": "Outer",
                                "Parallel Aware": false,
                                "Join Type": "Inner",
                                "Startup Cost": 30001400335.18,
                                "Total Cost": 30001400344.28,
                                "Plan Rows": 1,
                                "Plan Width": 56,
                                "Actual Startup Time": 3800.514,
                                "Actual Total Time": 3820.11,
                                "Actual Rows": 19,
                                "Actual Loops": 1,
                                "Output": [
                                    "cc.movie_id",
                                    "mc.movie_id",
                                    "cn.name",
                                    "mi.movie_id",
                                    "mk.movie_id",
                                    "t.title",
                                    "t.id"
                                ],
                                "Inner Unique": true,
                                "Plans": [
                                    {
                                        "Node Type": "Hash Join",
                                        "Parent Relationship": "Outer",
                                        "Parallel Aware": false,
                                        "Join Type": "Inner",
                                        "Startup Cost": 20001400335.04,
                                        "Total Cost": 20001400336.11,
                                        "Plan Rows": 1,
                                        "Plan Width": 60,
                                        "Actual Startup Time": 3800.489,
                                        "Actual Total Time": 3819.925,
                                        "Actual Rows": 41,
                                        "Actual Loops": 1,
                                        "Output": [
                                            "cc.movie_id",
                                            "cc.status_id",
                                            "mc.movie_id",
                                            "cn.name",
                                            "mi.movie_id",
                                            "mk.movie_id",
                                            "t.title",
                                            "t.id"
                                        ],
                                        "Inner Unique": false,
                                        "Hash Cond": "(cct1.id = cc.subject_id)",
                                        "Plans": [
                                            {
                                                "Node Type": "Seq Scan",
                                                "Parent Relationship": "Outer",
                                                "Parallel Aware": false,
                                                "Relation Name": "comp_cast_type",
                                                "Schema": "public",
                                                "Alias": "cct1",
                                                "Startup Cost": 0.0,
                                                "Total Cost": 1.05,
                                                "Plan Rows": 2,
                                                "Plan Width": 4,
                                                "Actual Startup Time": 0.011,
                                                "Actual Total Time": 0.014,
                                                "Actual Rows": 2,
                                                "Actual Loops": 1,
                                                "Output": [
                                                    "cct1.id",
                                                    "cct1.kind"
                                                ],
                                                "Filter": "((cct1.kind)::text = ANY ('{complete,cast}'::text[]))",
                                                "Rows Removed by Filter": 2
                                            },
                                            {
                                                "Node Type": "Hash",
                                                "Parent Relationship": "Inner",
                                                "Parallel Aware": false,
                                                "Startup Cost": 20001400335.03,
                                                "Total Cost": 20001400335.03,
                                                "Plan Rows": 1,
                                                "Plan Width": 64,
                                                "Actual Startup Time": 3800.467,
                                                "Actual Total Time": 3819.89,
                                                "Actual Rows": 60,
                                                "Actual Loops": 1,
                                                "Output": [
                                                    "cc.movie_id",
                                                    "cc.subject_id",
                                                    "cc.status_id",
                                                    "mc.movie_id",
                                                    "cn.name",
                                                    "mi.movie_id",
                                                    "mk.movie_id",
                                                    "t.title",
                                                    "t.id"
                                                ],
                                                "Hash Buckets": 1024,
                                                "Original Hash Buckets": 1024,
                                                "Hash Batches": 1,
                                                "Original Hash Batches": 1,
                                                "Peak Memory Usage": 15,
                                                "Plans": [
                                                    {
                                                        "Node Type": "Hash Join",
                                                        "Parent Relationship": "Outer",
                                                        "Parallel Aware": false,
                                                        "Join Type": "Inner",
                                                        "Startup Cost": 20001349447.48,
                                                        "Total Cost": 20001400335.03,
                                                        "Plan Rows": 1,
                                                        "Plan Width": 64,
                                                        "Actual Startup Time": 3708.949,
                                                        "Actual Total Time": 3819.864,
                                                        "Actual Rows": 60,
                                                        "Actual Loops": 1,
                                                        "Output": [
                                                            "cc.movie_id",
                                                            "cc.subject_id",
                                                            "cc.status_id",
                                                            "mc.movie_id",
                                                            "cn.name",
                                                            "mi.movie_id",
                                                            "mk.movie_id",
                                                            "t.title",
                                                            "t.id"
                                                        ],
                                                        "Inner Unique": true,
                                                        "Hash Cond": "(mk.keyword_id = k.id)",
                                                        "Plans": [
                                                            {
                                                                "Node Type": "Hash Join",
                                                                "Parent Relationship": "Outer",
                                                                "Parallel Aware": false,
                                                                "Join Type": "Inner",
                                                                "Startup Cost": 20001344104.54,
                                                                "Total Cost": 20001394981.94,
                                                                "Plan Rows": 3866,
                                                                "Plan Width": 68,
                                                                "Actual Startup Time": 3655.377,
                                                                "Actual Total Time": 3765.822,
                                                                "Actual Rows": 24993,
                                                                "Actual Loops": 1,
                                                                "Output": [
                                                                    "cc.movie_id",
                                                                    "cc.subject_id",
                                                                    "cc.status_id",
                                                                    "mc.movie_id",
                                                                    "cn.name",
                                                                    "mi.movie_id",
                                                                    "mk.movie_id",
                                                                    "mk.keyword_id",
                                                                    "t.title",
                                                                    "t.id"
                                                                ],
                                                                "Inner Unique": false,
                                                                "Hash Cond": "(t.id = mk.movie_id)",
                                                                "Plans": [
                                                                    {
                                                                        "Node Type": "Gather",
                                                                        "Parent Relationship": "Outer",
                                                                        "Parallel Aware": false,
                                                                        "Startup Cost": 1000.0,
                                                                        "Total Cost": 48480.81,
                                                                        "Plan Rows": 35818,
                                                                        "Plan Width": 21,
                                                                        "Actual Startup Time": 0.448,
                                                                        "Actual Total Time": 92.452,
                                                                        "Actual Rows": 38955,
                                                                        "Actual Loops": 1,
                                                                        "Output": [
                                                                            "t.title",
                                                                            "t.id"
                                                                        ],
                                                                        "Workers Planned": 4,
                                                                        "Workers Launched": 4,
                                                                        "Single Copy": false,
                                                                        "Plans": [
                                                                            {
                                                                                "Node Type": "Seq Scan",
                                                                                "Parent Relationship": "Outer",
                                                                                "Parallel Aware": true,
                                                                                "Relation Name": "title",
                                                                                "Schema": "public",
                                                                                "Alias": "t",
                                                                                "Startup Cost": 0.0,
                                                                                "Total Cost": 43899.01,
                                                                                "Plan Rows": 8954,
                                                                                "Plan Width": 21,
                                                                                "Actual Startup Time": 0.118,
                                                                                "Actual Total Time": 103.41,
                                                                                "Actual Rows": 7791,
                                                                                "Actual Loops": 5,
                                                                                "Output": [
                                                                                    "t.title",
                                                                                    "t.id"
                                                                                ],
                                                                                "Filter": "(t.production_year = 1997)",
                                                                                "Rows Removed by Filter": 497871,
                                                                                "Workers": [
                                                                                    {
                                                                                        "Worker Number": 0,
                                                                                        "Actual Startup Time": 0.071,
                                                                                        "Actual Total Time": 111.981,
                                                                                        "Actual Rows": 7338,
                                                                                        "Actual Loops": 1
                                                                                    },
                                                                                    {
                                                                                        "Worker Number": 1,
                                                                                        "Actual Startup Time": 0.188,
                                                                                        "Actual Total Time": 111.722,
                                                                                        "Actual Rows": 5955,
                                                                                        "Actual Loops": 1
                                                                                    },
                                                                                    {
                                                                                        "Worker Number": 2,
                                                                                        "Actual Startup Time": 0.093,
                                                                                        "Actual Total Time": 110.809,
                                                                                        "Actual Rows": 7411,
                                                                                        "Actual Loops": 1
                                                                                    },
                                                                                    {
                                                                                        "Worker Number": 3,
                                                                                        "Actual Startup Time": 0.226,
                                                                                        "Actual Total Time": 110.878,
                                                                                        "Actual Rows": 6375,
                                                                                        "Actual Loops": 1
                                                                                    }
                                                                                ]
                                                                            }
                                                                        ]
                                                                    },
                                                                    {
                                                                        "Node Type": "Hash",
                                                                        "Parent Relationship": "Inner",
                                                                        "Parallel Aware": false,
                                                                        "Startup Cost": 20001339693.53,
                                                                        "Total Cost": 20001339693.53,
                                                                        "Plan Rows": 272881,
                                                                        "Plan Width": 47,
                                                                        "Actual Startup Time": 3654.331,
                                                                        "Actual Total Time": 3660.749,
                                                                        "Actual Rows": 891893,
                                                                        "Actual Loops": 1,
                                                                        "Output": [
                                                                            "cc.movie_id",
                                                                            "cc.subject_id",
                                                                            "cc.status_id",
                                                                            "mc.movie_id",
                                                                            "cn.name",
                                                                            "mi.movie_id",
                                                                            "mk.movie_id",
                                                                            "mk.keyword_id"
                                                                        ],
                                                                        "Hash Buckets": 1048576,
                                                                        "Original Hash Buckets": 524288,
                                                                        "Hash Batches": 1,
                                                                        "Original Hash Batches": 1,
                                                                        "Peak Memory Usage": 79293,
                                                                        "Plans": [
                                                                            {
                                                                                "Node Type": "Hash Join",
                                                                                "Parent Relationship": "Outer",
                                                                                "Parallel Aware": false,
                                                                                "Join Type": "Inner",
                                                                                "Startup Cost": 20001279917.43,
                                                                                "Total Cost": 20001339693.53,
                                                                                "Plan Rows": 272881,
                                                                                "Plan Width": 47,
                                                                                "Actual Startup Time": 3361.617,
                                                                                "Actual Total Time": 3512.873,
                                                                                "Actual Rows": 891893,
                                                                                "Actual Loops": 1,
                                                                                "Output": [
                                                                                    "cc.movie_id",
                                                                                    "cc.subject_id",
                                                                                    "cc.status_id",
                                                                                    "mc.movie_id",
                                                                                    "cn.name",
                                                                                    "mi.movie_id",
                                                                                    "mk.movie_id",
                                                                                    "mk.keyword_id"
                                                                                ],
                                                                                "Inner Unique": false,
                                                                                "Hash Cond": "(cc.movie_id = mk.movie_id)",
                                                                                "Plans": [
                                                                                    {
                                                                                        "Node Type": "Seq Scan",
                                                                                        "Parent Relationship": "Outer",
                                                                                        "Parallel Aware": false,
                                                                                        "Relation Name": "complete_cast",
                                                                                        "Schema": "public",
                                                                                        "Alias": "cc",
                                                                                        "Startup Cost": 0.0,
                                                                                        "Total Cost": 2081.86,
                                                                                        "Plan Rows": 135086,
                                                                                        "Plan Width": 12,
                                                                                        "Actual Startup Time": 0.014,
                                                                                        "Actual Total Time": 9.076,
                                                                                        "Actual Rows": 135086,
                                                                                        "Actual Loops": 1,
                                                                                        "Output": [
                                                                                            "cc.id",
                                                                                            "cc.movie_id",
                                                                                            "cc.subject_id",
                                                                                            "cc.status_id"
                                                                                        ]
                                                                                    },
                                                                                    {
                                                                                        "Node Type": "Hash",
                                                                                        "Parent Relationship": "Inner",
                                                                                        "Parallel Aware": false,
                                                                                        "Startup Cost": 20001267695.28,
                                                                                        "Total Cost": 20001267695.28,
                                                                                        "Plan Rows": 977772,
                                                                                        "Plan Width": 35,
                                                                                        "Actual Startup Time": 3360.572,
                                                                                        "Actual Total Time": 3366.988,
                                                                                        "Actual Rows": 1180568,
                                                                                        "Actual Loops": 1,
                                                                                        "Output": [
                                                                                            "cn.name",
                                                                                            "mc.movie_id",
                                                                                            "mi.movie_id",
                                                                                            "mk.movie_id",
                                                                                            "mk.keyword_id"
                                                                                        ],
                                                                                        "Hash Buckets": 2097152,
                                                                                        "Original Hash Buckets": 1048576,
                                                                                        "Hash Batches": 1,
                                                                                        "Original Hash Batches": 1,
                                                                                        "Peak Memory Usage": 95967,
                                                                                        "Plans": [
                                                                                            {
                                                                                                "Node Type": "Merge Join",
                                                                                                "Parent Relationship": "Outer",
                                                                                                "Parallel Aware": false,
                                                                                                "Join Type": "Inner",
                                                                                                "Startup Cost": 20001234774.93,
                                                                                                "Total Cost": 20001267695.28,
                                                                                                "Plan Rows": 977772,
                                                                                                "Plan Width": 35,
                                                                                                "Actual Startup Time": 2675.133,
                                                                                                "Actual Total Time": 3179.884,
                                                                                                "Actual Rows": 1180568,
                                                                                                "Actual Loops": 1,
                                                                                                "Output": [
                                                                                                    "cn.name",
                                                                                                    "mc.movie_id",
                                                                                                    "mi.movie_id",
                                                                                                    "mk.movie_id",
                                                                                                    "mk.keyword_id"
                                                                                                ],
                                                                                                "Inner Unique": false,
                                                                                                "Merge Cond": "(mc.movie_id = mk.movie_id)",
                                                                                                "Plans": [
                                                                                                    {
                                                                                                        "Node Type": "Sort",
                                                                                                        "Parent Relationship": "Outer",
                                                                                                        "Parallel Aware": false,
                                                                                                        "Startup Cost": 10000664980.45,
                                                                                                        "Total Cost": 10000665241.99,
                                                                                                        "Plan Rows": 104617,
                                                                                                        "Plan Width": 27,
                                                                                                        "Actual Startup Time": 1623.253,
                                                                                                        "Actual Total Time": 1634.232,
                                                                                                        "Actual Rows": 102374,
                                                                                                        "Actual Loops": 1,
                                                                                                        "Output": [
                                                                                                            "cn.name",
                                                                                                            "mc.movie_id",
                                                                                                            "mi.movie_id"
                                                                                                        ],
                                                                                                        "Sort Key": [
                                                                                                            "mc.movie_id"
                                                                                                        ],
                                                                                                        "Sort Method": "quicksort",
                                                                                                        "Sort Space Used": 11184,
                                                                                                        "Sort Space Type": "Memory",
                                                                                                        "Plans": [
                                                                                                            {
                                                                                                                "Node Type": "Gather",
                                                                                                                "Parent Relationship": "Outer",
                                                                                                                "Parallel Aware": false,
                                                                                                                "Startup Cost": 10000221421.16,
                                                                                                                "Total Cost": 10000656258.13,
                                                                                                                "Plan Rows": 104617,
                                                                                                                "Plan Width": 27,
                                                                                                                "Actual Startup Time": 1072.463,
                                                                                                                "Actual Total Time": 1593.888,
                                                                                                                "Actual Rows": 102374,
                                                                                                                "Actual Loops": 1,
                                                                                                                "Output": [
                                                                                                                    "cn.name",
                                                                                                                    "mc.movie_id",
                                                                                                                    "mi.movie_id"
                                                                                                                ],
                                                                                                                "Workers Planned": 3,
                                                                                                                "Workers Launched": 3,
                                                                                                                "Single Copy": false,
                                                                                                                "Plans": [
                                                                                                                    {
                                                                                                                        "Node Type": "Hash Join",
                                                                                                                        "Parent Relationship": "Outer",
                                                                                                                        "Parallel Aware": true,
                                                                                                                        "Join Type": "Inner",
                                                                                                                        "Startup Cost": 10000220421.16,
                                                                                                                        "Total Cost": 10000644796.43,
                                                                                                                        "Plan Rows": 33747,
                                                                                                                        "Plan Width": 27,
                                                                                                                        "Actual Startup Time": 1063.632,
                                                                                                                        "Actual Total Time": 1564.913,
                                                                                                                        "Actual Rows": 25594,
                                                                                                                        "Actual Loops": 4,
                                                                                                                        "Output": [
                                                                                                                            "cn.name",
                                                                                                                            "mc.movie_id",
                                                                                                                            "mi.movie_id"
                                                                                                                        ],
                                                                                                                        "Inner Unique": false,
                                                                                                                        "Hash Cond": "(mc.movie_id = mi.movie_id)",
                                                                                                                        "Workers": [
                                                                                                                            {
                                                                                                                                "Worker Number": 0,
                                                                                                                                "Actual Startup Time": 1060.087,
                                                                                                                                "Actual Total Time": 1566.942,
                                                                                                                                "Actual Rows": 25817,
                                                                                                                                "Actual Loops": 1
                                                                                                                            },
                                                                                                                            {
                                                                                                                                "Worker Number": 1,
                                                                                                                                "Actual Startup Time": 1061.107,
                                                                                                                                "Actual Total Time": 1572.196,
                                                                                                                                "Actual Rows": 26479,
                                                                                                                                "Actual Loops": 1
                                                                                                                            },
                                                                                                                            {
                                                                                                                                "Worker Number": 2,
                                                                                                                                "Actual Startup Time": 1061.279,
                                                                                                                                "Actual Total Time": 1571.758,
                                                                                                                                "Actual Rows": 27211,
                                                                                                                                "Actual Loops": 1
                                                                                                                            }
                                                                                                                        ],
                                                                                                                        "Plans": [
                                                                                                                            {
                                                                                                                                "Node Type": "Nested Loop",
                                                                                                                                "Parent Relationship": "Outer",
                                                                                                                                "Parallel Aware": false,
                                                                                                                                "Join Type": "Inner",
                                                                                                                                "Startup Cost": 10000012309.23,
                                                                                                                                "Total Cost": 10000406765.0,
                                                                                                                                "Plan Rows": 22031,
                                                                                                                                "Plan Width": 23,
                                                                                                                                "Actual Startup Time": 133.804,
                                                                                                                                "Actual Total Time": 593.315,
                                                                                                                                "Actual Rows": 56064,
                                                                                                                                "Actual Loops": 4,
                                                                                                                                "Output": [
                                                                                                                                    "cn.name",
                                                                                                                                    "mc.movie_id"
                                                                                                                                ],
                                                                                                                                "Inner Unique": true,
                                                                                                                                "Workers": [
                                                                                                                                    {
                                                                                                                                        "Worker Number": 0,
                                                                                                                                        "Actual Startup Time": 133.777,
                                                                                                                                        "Actual Total Time": 597.163,
                                                                                                                                        "Actual Rows": 56125,
                                                                                                                                        "Actual Loops": 1
                                                                                                                                    },
                                                                                                                                    {
                                                                                                                                        "Worker Number": 1,
                                                                                                                                        "Actual Startup Time": 133.868,
                                                                                                                                        "Actual Total Time": 602.865,
                                                                                                                                        "Actual Rows": 57913,
                                                                                                                                        "Actual Loops": 1
                                                                                                                                    },
                                                                                                                                    {
                                                                                                                                        "Worker Number": 2,
                                                                                                                                        "Actual Startup Time": 133.821,
                                                                                                                                        "Actual Total Time": 602.618,
                                                                                                                                        "Actual Rows": 58787,
                                                                                                                                        "Actual Loops": 1
                                                                                                                                    }
                                                                                                                                ],
                                                                                                                                "Plans": [
                                                                                                                                    {
                                                                                                                                        "Node Type": "Hash Join",
                                                                                                                                        "Parent Relationship": "Outer",
                                                                                                                                        "Parallel Aware": true,
                                                                                                                                        "Join Type": "Inner",
                                                                                                                                        "Startup Cost": 12309.09,
                                                                                                                                        "Total Cost": 40587.19,
                                                                                                                                        "Plan Rows": 88124,
                                                                                                                                        "Plan Width": 27,
                                                                                                                                        "Actual Startup Time": 62.414,
                                                                                                                                        "Actual Total Time": 236.667,
                                                                                                                                        "Actual Rows": 60219,
                                                                                                                                        "Actual Loops": 4,
                                                                                                                                        "Output": [
                                                                                                                                            "cn.name",
                                                                                                                                            "mc.movie_id",
                                                                                                                                            "mc.company_type_id"
                                                                                                                                        ],
                                                                                                                                        "Inner Unique": true,
                                                                                                                                        "Hash Cond": "(mc.company_id = cn.id)",
                                                                                                                                        "Workers": [
                                                                                                                                            {
                                                                                                                                                "Worker Number": 0,
                                                                                                                                                "Actual Startup Time": 62.414,
                                                                                                                                                "Actual Total Time": 241.318,
                                                                                                                                                "Actual Rows": 60063,
                                                                                                                                                "Actual Loops": 1
                                                                                                                                            },
                                                                                                                                            {
                                                                                                                                                "Worker Number": 1,
                                                                                                                                                "Actual Startup Time": 62.588,
                                                                                                                                                "Actual Total Time": 241.963,
                                                                                                                                                "Actual Rows": 62047,
                                                                                                                                                "Actual Loops": 1
                                                                                                                                            },
                                                                                                                                            {
                                                                                                                                                "Worker Number": 2,
                                                                                                                                                "Actual Startup Time": 62.263,
                                                                                                                                                "Actual Total Time": 245.956,
                                                                                                                                                "Actual Rows": 62941,
                                                                                                                                                "Actual Loops": 1
                                                                                                                                            }
                                                                                                                                        ],
                                                                                                                                        "Plans": [
                                                                                                                                            {
                                                                                                                                                "Node Type": "Seq Scan",
                                                                                                                                                "Parent Relationship": "Outer",
                                                                                                                                                "Parallel Aware": true,
                                                                                                                                                "Relation Name": "movie_companies",
                                                                                                                                                "Schema": "public",
                                                                                                                                                "Alias": "mc",
                                                                                                                                                "Startup Cost": 0.0,
                                                                                                                                                "Total Cost": 27206.55,
                                                                                                                                                "Plan Rows": 408203,
                                                                                                                                                "Plan Width": 12,
                                                                                                                                                "Actual Startup Time": 0.055,
                                                                                                                                                "Actual Total Time": 101.558,
                                                                                                                                                "Actual Rows": 317997,
                                                                                                                                                "Actual Loops": 4,
                                                                                                                                                "Output": [
                                                                                                                                                    "mc.id",
                                                                                                                                                    "mc.movie_id",
                                                                                                                                                    "mc.company_id",
                                                                                                                                                    "mc.company_type_id",
                                                                                                                                                    "mc.note"
                                                                                                                                                ],
                                                                                                                                                "Filter": "(mc.note IS NULL)",
                                                                                                                                                "Rows Removed by Filter": 334285,
                                                                                                                                                "Workers": [
                                                                                                                                                    {
                                                                                                                                                        "Worker Number": 0,
                                                                                                                                                        "Actual Startup Time": 0.116,
                                                                                                                                                        "Actual Total Time": 104.934,
                                                                                                                                                        "Actual Rows": 309036,
                                                                                                                                                        "Actual Loops": 1
                                                                                                                                                    },
                                                                                                                                                    {
                                                                                                                                                        "Worker Number": 1,
                                                                                                                                                        "Actual Startup Time": 0.035,
                                                                                                                                                        "Actual Total Time": 105.146,
                                                                                                                                                        "Actual Rows": 324364,
                                                                                                                                                        "Actual Loops": 1
                                                                                                                                                    },
                                                                                                                                                    {
                                                                                                                                                        "Worker Number": 2,
                                                                                                                                                        "Actual Startup Time": 0.038,
                                                                                                                                                        "Actual Total Time": 107.082,
                                                                                                                                                        "Actual Rows": 343735,
                                                                                                                                                        "Actual Loops": 1
                                                                                                                                                    }
                                                                                                                                                ]
                                                                                                                                            },
                                                                                                                                            {
                                                                                                                                                "Node Type": "Hash",
                                                                                                                                                "Parent Relationship": "Inner",
                                                                                                                                                "Parallel Aware": true,
                                                                                                                                                "Startup Cost": 11936.07,
                                                                                                                                                "Total Cost": 11936.07,
                                                                                                                                                "Plan Rows": 29842,
                                                                                                                                                "Plan Width": 23,
                                                                                                                                                "Actual Startup Time": 61.855,
                                                                                                                                                "Actual Total Time": 61.856,
                                                                                                                                                "Actual Rows": 12076,
                                                                                                                                                "Actual Loops": 4,
                                                                                                                                                "Output": [
                                                                                                                                                    "cn.name",
                                                                                                                                                    "cn.id"
                                                                                                                                                ],
                                                                                                                                                "Hash Buckets": 65536,
                                                                                                                                                "Original Hash Buckets": 65536,
                                                                                                                                                "Hash Batches": 1,
                                                                                                                                                "Original Hash Batches": 1,
                                                                                                                                                "Peak Memory Usage": 3328,
                                                                                                                                                "Workers": [
                                                                                                                                                    {
                                                                                                                                                        "Worker Number": 0,
                                                                                                                                                        "Actual Startup Time": 61.896,
                                                                                                                                                        "Actual Total Time": 61.896,
                                                                                                                                                        "Actual Rows": 10688,
                                                                                                                                                        "Actual Loops": 1
                                                                                                                                                    },
                                                                                                                                                    {
                                                                                                                                                        "Worker Number": 1,
                                                                                                                                                        "Actual Startup Time": 61.669,
                                                                                                                                                        "Actual Total Time": 61.669,
                                                                                                                                                        "Actual Rows": 12568,
                                                                                                                                                        "Actual Loops": 1
                                                                                                                                                    },
                                                                                                                                                    {
                                                                                                                                                        "Worker Number": 2,
                                                                                                                                                        "Actual Startup Time": 61.881,
                                                                                                                                                        "Actual Total Time": 61.881,
                                                                                                                                                        "Actual Rows": 12493,
                                                                                                                                                        "Actual Loops": 1
                                                                                                                                                    }
                                                                                                                                                ],
                                                                                                                                                "Plans": [
                                                                                                                                                    {
                                                                                                                                                        "Node Type": "Index Scan",
                                                                                                                                                        "Parent Relationship": "Outer",
                                                                                                                                                        "Parallel Aware": true,
                                                                                                                                                        "Scan Direction": "Forward",
                                                                                                                                                        "Index Name": "company_name_pkey",
                                                                                                                                                        "Relation Name": "company_name",
                                                                                                                                                        "Schema": "public",
                                                                                                                                                        "Alias": "cn",
                                                                                                                                                        "Startup Cost": 0.42,
                                                                                                                                                        "Total Cost": 11936.07,
                                                                                                                                                        "Plan Rows": 29842,
                                                                                                                                                        "Plan Width": 23,
                                                                                                                                                        "Actual Startup Time": 0.423,
                                                                                                                                                        "Actual Total Time": 54.492,
                                                                                                                                                        "Actual Rows": 12076,
                                                                                                                                                        "Actual Loops": 4,
                                                                                                                                                        "Output": [
                                                                                                                                                            "cn.name",
                                                                                                                                                            "cn.id"
                                                                                                                                                        ],
                                                                                                                                                        "Filter": "(((cn.country_code)::text <> '[pl]'::text) AND ((cn.name ~~ '%Film%'::text) OR (cn.name ~~ '%Warner%'::text)))",
                                                                                                                                                        "Rows Removed by Filter": 46674,
                                                                                                                                                        "Workers": [
                                                                                                                                                            {
                                                                                                                                                                "Worker Number": 0,
                                                                                                                                                                "Actual Startup Time": 0.998,
                                                                                                                                                                "Actual Total Time": 54.862,
                                                                                                                                                                "Actual Rows": 10688,
                                                                                                                                                                "Actual Loops": 1
                                                                                                                                                            },
                                                                                                                                                            {
                                                                                                                                                                "Worker Number": 1,
                                                                                                                                                                "Actual Startup Time": 0.194,
                                                                                                                                                                "Actual Total Time": 54.035,
                                                                                                                                                                "Actual Rows": 12568,
                                                                                                                                                                "Actual Loops": 1
                                                                                                                                                            },
                                                                                                                                                            {
                                                                                                                                                                "Worker Number": 2,
                                                                                                                                                                "Actual Startup Time": 0.282,
                                                                                                                                                                "Actual Total Time": 55.51,
                                                                                                                                                                "Actual Rows": 12493,
                                                                                                                                                                "Actual Loops": 1
                                                                                                                                                            }
                                                                                                                                                        ]
                                                                                                                                                    }
                                                                                                                                                ]
                                                                                                                                            }
                                                                                                                                        ]
                                                                                                                                    },
                                                                                                                                    {
                                                                                                                                        "Node Type": "Bitmap Heap Scan",
                                                                                                                                        "Parent Relationship": "Inner",
                                                                                                                                        "Parallel Aware": false,
                                                                                                                                        "Relation Name": "company_type",
                                                                                                                                        "Schema": "public",
                                                                                                                                        "Alias": "ct",
                                                                                                                                        "Startup Cost": 0.14,
                                                                                                                                        "Total Cost": 4.15,
                                                                                                                                        "Plan Rows": 1,
                                                                                                                                        "Plan Width": 4,
                                                                                                                                        "Actual Startup Time": 0.003,
                                                                                                                                        "Actual Total Time": 0.003,
                                                                                                                                        "Actual Rows": 1,
                                                                                                                                        "Actual Loops": 240875,
                                                                                                                                        "Output": [
                                                                                                                                            "ct.id",
                                                                                                                                            "ct.kind"
                                                                                                                                        ],
                                                                                                                                        "Recheck Cond": "(ct.id = mc.company_type_id)",
                                                                                                                                        "Rows Removed by Index Recheck": 0,
                                                                                                                                        "Filter": "((ct.kind)::text = 'production companies'::text)",
                                                                                                                                        "Rows Removed by Filter": 0,
                                                                                                                                        "Exact Heap Blocks": 55824,
                                                                                                                                        "Lossy Heap Blocks": 0,
                                                                                                                                        "Workers": [
                                                                                                                                            {
                                                                                                                                                "Worker Number": 0,
                                                                                                                                                "Actual Startup Time": 0.003,
                                                                                                                                                "Actual Total Time": 0.003,
                                                                                                                                                "Actual Rows": 1,
                                                                                                                                                "Actual Loops": 60063
                                                                                                                                            },
                                                                                                                                            {
                                                                                                                                                "Worker Number": 1,
                                                                                                                                                "Actual Startup Time": 0.003,
                                                                                                                                                "Actual Total Time": 0.003,
                                                                                                                                                "Actual Rows": 1,
                                                                                                                                                "Actual Loops": 62047
                                                                                                                                            },
                                                                                                                                            {
                                                                                                                                                "Worker Number": 2,
                                                                                                                                                "Actual Startup Time": 0.003,
                                                                                                                                                "Actual Total Time": 0.003,
                                                                                                                                                "Actual Rows": 1,
                                                                                                                                                "Actual Loops": 62941
                                                                                                                                            }
                                                                                                                                        ],
                                                                                                                                        "Plans": [
                                                                                                                                            {
                                                                                                                                                "Node Type": "Bitmap Index Scan",
                                                                                                                                                "Parent Relationship": "Outer",
                                                                                                                                                "Parallel Aware": false,
                                                                                                                                                "Index Name": "company_type_pkey",
                                                                                                                                                "Startup Cost": 0.0,
                                                                                                                                                "Total Cost": 0.14,
                                                                                                                                                "Plan Rows": 1,
                                                                                                                                                "Plan Width": 0,
                                                                                                                                                "Actual Startup Time": 0.002,
                                                                                                                                                "Actual Total Time": 0.002,
                                                                                                                                                "Actual Rows": 1,
                                                                                                                                                "Actual Loops": 240875,
                                                                                                                                                "Index Cond": "(ct.id = mc.company_type_id)",
                                                                                                                                                "Workers": [
                                                                                                                                                    {
                                                                                                                                                        "Worker Number": 0,
                                                                                                                                                        "Actual Startup Time": 0.002,
                                                                                                                                                        "Actual Total Time": 0.002,
                                                                                                                                                        "Actual Rows": 1,
                                                                                                                                                        "Actual Loops": 60063
                                                                                                                                                    },
                                                                                                                                                    {
                                                                                                                                                        "Worker Number": 1,
                                                                                                                                                        "Actual Startup Time": 0.001,
                                                                                                                                                        "Actual Total Time": 0.001,
                                                                                                                                                        "Actual Rows": 1,
                                                                                                                                                        "Actual Loops": 62047
                                                                                                                                                    },
                                                                                                                                                    {
                                                                                                                                                        "Worker Number": 2,
                                                                                                                                                        "Actual Startup Time": 0.001,
                                                                                                                                                        "Actual Total Time": 0.001,
                                                                                                                                                        "Actual Rows": 1,
                                                                                                                                                        "Actual Loops": 62941
                                                                                                                                                    }
                                                                                                                                                ]
                                                                                                                                            }
                                                                                                                                        ]
                                                                                                                                    }
                                                                                                                                ]
                                                                                                                            },
                                                                                                                            {
                                                                                                                                "Node Type": "Hash",
                                                                                                                                "Parent Relationship": "Inner",
                                                                                                                                "Parallel Aware": true,
                                                                                                                                "Startup Cost": 206258.29,
                                                                                                                                "Total Cost": 206258.29,
                                                                                                                                "Plan Rows": 148292,
                                                                                                                                "Plan Width": 4,
                                                                                                                                "Actual Startup Time": 926.523,
                                                                                                                                "Actual Total Time": 926.523,
                                                                                                                                "Actual Rows": 199478,
                                                                                                                                "Actual Loops": 4,
                                                                                                                                "Output": [
                                                                                                                                    "mi.movie_id"
                                                                                                                                ],
                                                                                                                                "Hash Buckets": 1048576,
                                                                                                                                "Original Hash Buckets": 1048576,
                                                                                                                                "Hash Batches": 1,
                                                                                                                                "Original Hash Batches": 1,
                                                                                                                                "Peak Memory Usage": 39488,
                                                                                                                                "Workers": [
                                                                                                                                    {
                                                                                                                                        "Worker Number": 0,
                                                                                                                                        "Actual Startup Time": 925.577,
                                                                                                                                        "Actual Total Time": 925.578,
                                                                                                                                        "Actual Rows": 175078,
                                                                                                                                        "Actual Loops": 1
                                                                                                                                    },
                                                                                                                                    {
                                                                                                                                        "Worker Number": 1,
                                                                                                                                        "Actual Startup Time": 926.516,
                                                                                                                                        "Actual Total Time": 926.517,
                                                                                                                                        "Actual Rows": 189997,
                                                                                                                                        "Actual Loops": 1
                                                                                                                                    },
                                                                                                                                    {
                                                                                                                                        "Worker Number": 2,
                                                                                                                                        "Actual Startup Time": 926.7,
                                                                                                                                        "Actual Total Time": 926.701,
                                                                                                                                        "Actual Rows": 190032,
                                                                                                                                        "Actual Loops": 1
                                                                                                                                    }
                                                                                                                                ],
                                                                                                                                "Plans": [
                                                                                                                                    {
                                                                                                                                        "Node Type": "Seq Scan",
                                                                                                                                        "Parent Relationship": "Outer",
                                                                                                                                        "Parallel Aware": true,
                                                                                                                                        "Relation Name": "movie_info",
                                                                                                                                        "Schema": "public",
                                                                                                                                        "Alias": "mi",
                                                                                                                                        "Startup Cost": 0.0,
                                                                                                                                        "Total Cost": 206258.29,
                                                                                                                                        "Plan Rows": 148292,
                                                                                                                                        "Plan Width": 4,
                                                                                                                                        "Actual Startup Time": 0.068,
                                                                                                                                        "Actual Total Time": 847.506,
                                                                                                                                        "Actual Rows": 199478,
                                                                                                                                        "Actual Loops": 4,
                                                                                                                                        "Output": [
                                                                                                                                            "mi.movie_id"
                                                                                                                                        ],
                                                                                                                                        "Filter": "(mi.info = ANY ('{Sweden,English,Norwegian,Norway:15}'::text[]))",
                                                                                                                                        "Rows Removed by Filter": 3509452,
                                                                                                                                        "Workers": [
                                                                                                                                            {
                                                                                                                                                "Worker Number": 0,
                                                                                                                                                "Actual Startup Time": 0.094,
                                                                                                                                                "Actual Total Time": 845.695,
                                                                                                                                                "Actual Rows": 175078,
                                                                                                                                                "Actual Loops": 1
                                                                                                                                            },
                                                                                                                                            {
                                                                                                                                                "Worker Number": 1,
                                                                                                                                                "Actual Startup Time": 0.085,
                                                                                                                                                "Actual Total Time": 850.747,
                                                                                                                                                "Actual Rows": 189997,
                                                                                                                                                "Actual Loops": 1
                                                                                                                                            },
                                                                                                                                            {
                                                                                                                                                "Worker Number": 2,
                                                                                                                                                "Actual Startup Time": 0.078,
                                                                                                                                                "Actual Total Time": 849.945,
                                                                                                                                                "Actual Rows": 190032,
                                                                                                                                                "Actual Loops": 1
                                                                                                                                            }
                                                                                                                                        ]
                                                                                                                                    }
                                                                                                                                ]
                                                                                                                            }
                                                                                                                        ]
                                                                                                                    }
                                                                                                                ]
                                                                                                            }
                                                                                                        ]
                                                                                                    },
                                                                                                    {
                                                                                                        "Node Type": "Sort",
                                                                                                        "Parent Relationship": "Inner",
                                                                                                        "Parallel Aware": false,
                                                                                                        "Startup Cost": 10000569794.43,
                                                                                                        "Total Cost": 10000581104.25,
                                                                                                        "Plan Rows": 4523930,
                                                                                                        "Plan Width": 8,
                                                                                                        "Actual Startup Time": 1051.865,
                                                                                                        "Actual Total Time": 1231.411,
                                                                                                        "Actual Rows": 4982963,
                                                                                                        "Actual Loops": 1,
                                                                                                        "Output": [
                                                                                                            "mk.movie_id",
                                                                                                            "mk.keyword_id"
                                                                                                        ],
                                                                                                        "Sort Key": [
                                                                                                            "mk.movie_id"
                                                                                                        ],
                                                                                                        "Sort Method": "quicksort",
                                                                                                        "Sort Space Used": 408668,
                                                                                                        "Sort Space Type": "Memory",
                                                                                                        "Plans": [
                                                                                                            {
                                                                                                                "Node Type": "Seq Scan",
                                                                                                                "Parent Relationship": "Outer",
                                                                                                                "Parallel Aware": false,
                                                                                                                "Relation Name": "movie_keyword",
                                                                                                                "Schema": "public",
                                                                                                                "Alias": "mk",
                                                                                                                "Startup Cost": 10000000000.0,
                                                                                                                "Total Cost": 10000069693.3,
                                                                                                                "Plan Rows": 4523930,
                                                                                                                "Plan Width": 8,
                                                                                                                "Actual Startup Time": 0.017,
                                                                                                                "Actual Total Time": 391.93,
                                                                                                                "Actual Rows": 4523930,
                                                                                                                "Actual Loops": 1,
                                                                                                                "Output": [
                                                                                                                    "mk.movie_id",
                                                                                                                    "mk.keyword_id"
                                                                                                                ]
                                                                                                            }
                                                                                                        ]
                                                                                                    }
                                                                                                ]
                                                                                            }
                                                                                        ]
                                                                                    }
                                                                                ]
                                                                            }
                                                                        ]
                                                                    }
                                                                ]
                                                            },
                                                            {
                                                                "Node Type": "Hash",
                                                                "Parent Relationship": "Inner",
                                                                "Parallel Aware": false,
                                                                "Startup Cost": 5342.92,
                                                                "Total Cost": 5342.92,
                                                                "Plan Rows": 1,
                                                                "Plan Width": 4,
                                                                "Actual Startup Time": 52.749,
                                                                "Actual Total Time": 52.75,
                                                                "Actual Rows": 1,
                                                                "Actual Loops": 1,
                                                                "Output": [
                                                                    "k.id"
                                                                ],
                                                                "Hash Buckets": 1024,
                                                                "Original Hash Buckets": 1024,
                                                                "Hash Batches": 1,
                                                                "Original Hash Batches": 1,
                                                                "Peak Memory Usage": 9,
                                                                "Plans": [
                                                                    {
                                                                        "Node Type": "Index Scan",
                                                                        "Parent Relationship": "Outer",
                                                                        "Parallel Aware": false,
                                                                        "Scan Direction": "Forward",
                                                                        "Index Name": "keyword_pkey",
                                                                        "Relation Name": "keyword",
                                                                        "Schema": "public",
                                                                        "Alias": "k",
                                                                        "Startup Cost": 0.42,
                                                                        "Total Cost": 5342.92,
                                                                        "Plan Rows": 1,
                                                                        "Plan Width": 4,
                                                                        "Actual Startup Time": 0.309,
                                                                        "Actual Total Time": 52.746,
                                                                        "Actual Rows": 1,
                                                                        "Actual Loops": 1,
                                                                        "Output": [
                                                                            "k.id"
                                                                        ],
                                                                        "Filter": "(k.keyword = 'sequel'::text)",
                                                                        "Rows Removed by Filter": 134169
                                                                    }
                                                                ]
                                                            }
                                                        ]
                                                    }
                                                ]
                                            }
                                        ]
                                    },
                                    {
                                        "Node Type": "Bitmap Heap Scan",
                                        "Parent Relationship": "Inner",
                                        "Parallel Aware": false,
                                        "Relation Name": "comp_cast_type",
                                        "Schema": "public",
                                        "Alias": "cct2",
                                        "Startup Cost": 0.14,
                                        "Total Cost": 4.15,
                                        "Plan Rows": 1,
                                        "Plan Width": 4,
                                        "Actual Startup Time": 0.002,
                                        "Actual Total Time": 0.002,
                                        "Actual Rows": 0,
                                        "Actual Loops": 41,
                                        "Output": [
                                            "cct2.id",
                                            "cct2.kind"
                                        ],
                                        "Recheck Cond": "(cct2.id = cc.status_id)",
                                        "Rows Removed by Index Recheck": 0,
                                        "Filter": "((cct2.kind)::text = 'complete'::text)",
                                        "Rows Removed by Filter": 1,
                                        "Exact Heap Blocks": 41,
                                        "Lossy Heap Blocks": 0,
                                        "Plans": [
                                            {
                                                "Node Type": "Bitmap Index Scan",
                                                "Parent Relationship": "Outer",
                                                "Parallel Aware": false,
                                                "Index Name": "comp_cast_type_pkey",
                                                "Startup Cost": 0.0,
                                                "Total Cost": 0.14,
                                                "Plan Rows": 1,
                                                "Plan Width": 0,
                                                "Actual Startup Time": 0.001,
                                                "Actual Total Time": 0.001,
                                                "Actual Rows": 1,
                                                "Actual Loops": 41,
                                                "Index Cond": "(cct2.id = cc.status_id)"
                                            }
                                        ]
                                    }
                                ]
                            },
                            {
                                "Node Type": "Bitmap Heap Scan",
                                "Parent Relationship": "Inner",
                                "Parallel Aware": false,
                                "Relation Name": "movie_link",
                                "Schema": "public",
                                "Alias": "ml",
                                "Startup Cost": 0.33,
                                "Total Cost": 4.39,
                                "Plan Rows": 5,
                                "Plan Width": 8,
                                "Actual Startup Time": 0.004,
                                "Actual Total Time": 0.005,
                                "Actual Rows": 8,
                                "Actual Loops": 19,
                                "Output": [
                                    "ml.id",
                                    "ml.movie_id",
                                    "ml.linked_movie_id",
                                    "ml.link_type_id"
                                ],
                                "Recheck Cond": "(ml.movie_id = mk.movie_id)",
                                "Rows Removed by Index Recheck": 0,
                                "Exact Heap Blocks": 8,
                                "Lossy Heap Blocks": 0,
                                "Plans": [
                                    {
                                        "Node Type": "Bitmap Index Scan",
                                        "Parent Relationship": "Outer",
                                        "Parallel Aware": false,
                                        "Index Name": "movie_id_movie_link",
                                        "Startup Cost": 0.0,
                                        "Total Cost": 0.33,
                                        "Plan Rows": 5,
                                        "Plan Width": 0,
                                        "Actual Startup Time": 0.003,
                                        "Actual Total Time": 0.003,
                                        "Actual Rows": 8,
                                        "Actual Loops": 19,
                                        "Index Cond": "(ml.movie_id = mk.movie_id)"
                                    }
                                ]
                            }
                        ]
                    },
                    {
                        "Node Type": "Bitmap Heap Scan",
                        "Parent Relationship": "Inner",
                        "Parallel Aware": false,
                        "Relation Name": "link_type",
                        "Schema": "public",
                        "Alias": "lt",
                        "Startup Cost": 0.15,
                        "Total Cost": 4.16,
                        "Plan Rows": 1,
                        "Plan Width": 16,
                        "Actual Startup Time": 0.002,
                        "Actual Total Time": 0.002,
                        "Actual Rows": 1,
                        "Actual Loops": 152,
                        "Output": [
                            "lt.id",
                            "lt.link"
                        ],
                        "Recheck Cond": "(lt.id = ml.link_type_id)",
                        "Rows Removed by Index Recheck": 0,
                        "Filter": "((lt.link)::text ~~ '%follow%'::text)",
                        "Rows Removed by Filter": 0,
                        "Exact Heap Blocks": 152,
                        "Lossy Heap Blocks": 0,
                        "Plans": [
                            {
                                "Node Type": "Bitmap Index Scan",
                                "Parent Relationship": "Outer",
                                "Parallel Aware": false,
                                "Index Name": "link_type_pkey",
                                "Startup Cost": 0.0,
                                "Total Cost": 0.15,
                                "Plan Rows": 1,
                                "Plan Width": 0,
                                "Actual Startup Time": 0.001,
                                "Actual Total Time": 0.001,
                                "Actual Rows": 1,
                                "Actual Loops": 152,
                                "Index Cond": "(lt.id = ml.link_type_id)"
                            }
                        ]
                    }
                ]
            }
        ]
    },
    "Planning Time": 47.976,
    "Triggers": [],
    "Execution Time": 3822.609
}