{
  "Plan": {
    "Node Type": "Aggregate",
    "Strategy": "Plain",
    "Partial Mode": "Finalize",
    "Parallel Aware": false,
    "Startup Cost": 93845.58,
    "Total Cost": 93845.59,
    "Plan Rows": 1,
    "Plan Width": 8,
    "Actual Startup Time": 317.278,
    "Actual Total Time": 330.177,
    "Actual Rows": 1,
    "Actual Loops": 1,
    "Plans": [
      {
        "Node Type": "Gather",
        "Parent Relationship": "Outer",
        "Parallel Aware": false,
        "Startup Cost": 93845.47,
        "Total Cost": 93845.58,
        "Plan Rows": 1,
        "Plan Width": 8,
        "Actual Startup Time": 317.164,
        "Actual Total Time": 330.161,
        "Actual Rows": 2,
        "Actual Loops": 1,
        "Workers Planned": 1,
        "Workers Launched": 1,
        "Single Copy": false,
        "Plans": [
          {
            "Node Type": "Aggregate",
            "Strategy": "Plain",
            "Partial Mode": "Partial",
            "Parent Relationship": "Outer",
            "Parallel Aware": false,
            "Startup Cost": 92845.47,
            "Total Cost": 92845.48,
            "Plan Rows": 1,
            "Plan Width": 8,
            "Actual Startup Time": 314.018,
            "Actual Total Time": 314.02,
            "Actual Rows": 1,
            "Actual Loops": 2,
            "Plans": [
              {
                "Node Type": "Hash Join",
                "Parent Relationship": "Outer",
                "Parallel Aware": true,
                "Join Type": "Inner",
                "Startup Cost": 54663.36,
                "Total Cost": 92830.0,
                "Plan Rows": 6190,
                "Plan Width": 0,
                "Actual Startup Time": 124.343,
                "Actual Total Time": 313.627,
                "Actual Rows": 7704,
                "Actual Loops": 2,
                "Inner Unique": true,
                "Hash Cond": "(mc.movie_id = t.id)",
                "Plans": [
                  {
                    "Node Type": "Seq Scan",
                    "Parent Relationship": "Outer",
                    "Parallel Aware": true,
                    "Relation Name": "movie_companies",
                    "Alias": "mc",
                    "Startup Cost": 0.0,
                    "Total Cost": 34137.82,
                    "Plan Rows": 1534782,
                    "Plan Width": 4,
                    "Actual Startup Time": 0.011,
                    "Actual Total Time": 92.507,
                    "Actual Rows": 1304564,
                    "Actual Loops": 2
                  },
                  {
                    "Node Type": "Hash",
                    "Parent Relationship": "Inner",
                    "Parallel Aware": true,
                    "Startup Cost": 54588.39,
                    "Total Cost": 54588.39,
                    "Plan Rows": 5998,
                    "Plan Width": 4,
                    "Actual Startup Time": 122.753,
                    "Actual Total Time": 122.754,
                    "Actual Rows": 4884,
                    "Actual Loops": 2,
                    "Hash Buckets": 16384,
                    "Original Hash Buckets": 16384,
                    "Hash Batches": 1,
                    "Original Hash Batches": 1,
                    "Peak Memory Usage": 544,
                    "Plans": [
                      {
                        "Node Type": "Seq Scan",
                        "Parent Relationship": "Outer",
                        "Parallel Aware": true,
                        "Relation Name": "title",
                        "Alias": "t",
                        "Startup Cost": 0.0,
                        "Total Cost": 54588.39,
                        "Plan Rows": 5998,
                        "Plan Width": 4,
                        "Actual Startup Time": 0.269,
                        "Actual Total Time": 120.859,
                        "Actual Rows": 4884,
                        "Actual Loops": 2,
                        "Filter": "(production_year = 1958)",
                        "Rows Removed by Filter": 1259272
                      }
                    ]
                  }
                ]
              }
            ]
          }
        ]
      }
    ]
  },
  "Planning Time": 0.338,
  "Triggers": [],
  "Execution Time": 330.237
}