[
  {
    "Plan": {
      "Node Type": "Aggregate",
      "Strategy": "Plain",
      "Partial Mode": "Finalize",
      "Parallel Aware": false,
      "Startup Cost": 415136.56,
      "Total Cost": 415136.57,
      "Plan Rows": 1,
      "Plan Width": 8,
      "Actual Startup Time": 922.085,
      "Actual Total Time": 945.881,
      "Actual Rows": 1,
      "Actual Loops": 1,
      "Plans": [
        {
          "Node Type": "Gather",
          "Parent Relationship": "Outer",
          "Parallel Aware": false,
          "Startup Cost": 415136.24,
          "Total Cost": 415136.55,
          "Plan Rows": 3,
          "Plan Width": 8,
          "Actual Startup Time": 912.483,
          "Actual Total Time": 945.87,
          "Actual Rows": 4,
          "Actual Loops": 1,
          "Workers Planned": 3,
          "Workers Launched": 3,
          "Single Copy": false,
          "Plans": [
            {
              "Node Type": "Aggregate",
              "Strategy": "Plain",
              "Partial Mode": "Partial",
              "Parent Relationship": "Outer",
              "Parallel Aware": false,
              "Startup Cost": 414136.24,
              "Total Cost": 414136.25,
              "Plan Rows": 1,
              "Plan Width": 8,
              "Actual Startup Time": 902.976,
              "Actual Total Time": 903.475,
              "Actual Rows": 1,
              "Actual Loops": 4,
              "Plans": [
                {
                  "Node Type": "Hash Join",
                  "Parent Relationship": "Outer",
                  "Parallel Aware": true,
                  "Join Type": "Inner",
                  "Startup Cost": 368839.53,
                  "Total Cost": 413730.89,
                  "Plan Rows": 162140,
                  "Plan Width": 0,
                  "Actual Startup Time": 731.455,
                  "Actual Total Time": 898.098,
                  "Actual Rows": 131656,
                  "Actual Loops": 4,
                  "Inner Unique": false,
                  "Hash Cond": "(mk.movie_id = t.id)",
                  "Plans": [
                    {
                      "Node Type": "Seq Scan",
                      "Parent Relationship": "Outer",
                      "Parallel Aware": true,
                      "Relation Name": "movie_keyword",
                      "Alias": "mk",
                      "Startup Cost": 0.0,
                      "Total Cost": 42695.65,
                      "Plan Rows": 513460,
                      "Plan Width": 4,
                      "Actual Startup Time": 0.034,
                      "Actual Total Time": 96.895,
                      "Actual Rows": 401547,
                      "Actual Loops": 4,
                      "Filter": "(keyword_id < 2488)",
                      "Rows Removed by Filter": 729435
                    },
                    {
                      "Node Type": "Hash",
                      "Parent Relationship": "Inner",
                      "Parallel Aware": true,
                      "Startup Cost": 367176.23,
                      "Total Cost": 367176.23,
                      "Plan Rows": 133064,
                      "Plan Width": 8,
                      "Actual Startup Time": 726.399,
                      "Actual Total Time": 726.896,
                      "Actual Rows": 253540,
                      "Actual Loops": 4,
                      "Hash Buckets": 1048576,
                      "Original Hash Buckets": 1048576,
                      "Hash Batches": 1,
                      "Original Hash Batches": 1,
                      "Peak Memory Usage": 47904,
                      "Plans": [
                        {
                          "Node Type": "Hash Join",
                          "Parent Relationship": "Outer",
                          "Parallel Aware": true,
                          "Join Type": "Inner",
                          "Startup Cost": 107140.82,
                          "Total Cost": 367176.23,
                          "Plan Rows": 133064,
                          "Plan Width": 8,
                          "Actual Startup Time": 317.563,
                          "Actual Total Time": 639.643,
                          "Actual Rows": 253540,
                          "Actual Loops": 4,
                          "Inner Unique": true,
                          "Hash Cond": "(ci.movie_id = t.id)",
                          "Plans": [
                            {
                              "Node Type": "Bitmap Heap Scan",
                              "Parent Relationship": "Outer",
                              "Parallel Aware": true,
                              "Relation Name": "cast_info",
                              "Alias": "ci",
                              "Startup Cost": 58012.96,
                              "Total Cost": 317292.02,
                              "Plan Rows": 288132,
                              "Plan Width": 4,
                              "Actual Startup Time": 95.237,
                              "Actual Total Time": 223.327,
                              "Actual Rows": 629596,
                              "Actual Loops": 4,
                              "Recheck Cond": "(person_id > 3571429)",
                              "Rows Removed by Index Recheck": 0,
                              "Filter": "(role_id > 1)",
                              "Rows Removed by Filter": 0,
                              "Exact Heap Blocks": 9844,
                              "Lossy Heap Blocks": 0,
                              "Plans": [
                                {
                                  "Node Type": "Bitmap Index Scan",
                                  "Parent Relationship": "Outer",
                                  "Parallel Aware": false,
                                  "Index Name": "person_id_cast_info",
                                  "Startup Cost": 0.0,
                                  "Total Cost": 57580.76,
                                  "Plan Rows": 2636826,
                                  "Plan Width": 0,
                                  "Actual Startup Time": 89.269,
                                  "Actual Total Time": 89.27,
                                  "Actual Rows": 2518383,
                                  "Actual Loops": 1,
                                  "Index Cond": "(person_id > 3571429)"
                                }
                              ]
                            },
                            {
                              "Node Type": "Hash",
                              "Parent Relationship": "Inner",
                              "Parallel Aware": true,
                              "Startup Cost": 45479.1,
                              "Total Cost": 45479.1,
                              "Plan Rows": 291901,
                              "Plan Width": 4,
                              "Actual Startup Time": 217.679,
                              "Actual Total Time": 217.68,
                              "Actual Rows": 282226,
                              "Actual Loops": 4,
                              "Hash Buckets": 2097152,
                              "Original Hash Buckets": 2097152,
                              "Hash Batches": 1,
                              "Original Hash Batches": 1,
                              "Peak Memory Usage": 60608,
                              "Plans": [
                                {
                                  "Node Type": "Seq Scan",
                                  "Parent Relationship": "Outer",
                                  "Parallel Aware": true,
                                  "Relation Name": "title",
                                  "Alias": "t",
                                  "Startup Cost": 0.0,
                                  "Total Cost": 45479.1,
                                  "Plan Rows": 291901,
                                  "Plan Width": 4,
                                  "Actual Startup Time": 0.051,
                                  "Actual Total Time": 106.273,
                                  "Actual Rows": 282226,
                                  "Actual Loops": 4,
                                  "Filter": "((production_year < 2010) AND (kind_id = 7))",
                                  "Rows Removed by Filter": 349852
                                }
                              ]
                            }
                          ]
                        }
                      ]
                    }
                  ]
                }
              ]
            }
          ]
        }
      ]
    },
    "Planning Time": 1.402,
    "Triggers": [],
    "Execution Time": 945.99
  }
]