[
    {
        "Bao": {
            "Bao prediction": "NaN",
            "Bao recommended hint": "(no hint)"
        }
    },
    {
        "Plan": {
            "Node Type": "Aggregate",
            "Strategy": "Plain",
            "Partial Mode": "Simple",
            "Parallel Aware": false,
            "Startup Cost": 28895.45,
            "Total Cost": 28895.46,
            "Plan Rows": 1,
            "Plan Width": 8,
            "Actual Startup Time": 76.65,
            "Actual Total Time": 76.652,
            "Actual Rows": 1,
            "Actual Loops": 1,
            "Output": [
                "count(*)"
            ],
            "Plans": [
                {
                    "Node Type": "Bitmap Heap Scan",
                    "Parent Relationship": "Outer",
                    "Parallel Aware": false,
                    "Relation Name": "movie_keyword",
                    "Schema": "public",
                    "Alias": "mk",
                    "Startup Cost": 2602.54,
                    "Total Cost": 28588.96,
                    "Plan Rows": 122594,
                    "Plan Width": 0,
                    "Actual Startup Time": 22.392,
                    "Actual Total Time": 69.005,
                    "Actual Rows": 115349,
                    "Actual Loops": 1,
                    "Recheck Cond": "(mk.keyword_id > 79015)",
                    "Rows Removed by Index Recheck": 0,
                    "Exact Heap Blocks": 18053,
                    "Lossy Heap Blocks": 0,
                    "Plans": [
                        {
                            "Node Type": "Bitmap Index Scan",
                            "Parent Relationship": "Outer",
                            "Parallel Aware": false,
                            "Index Name": "keyword_id_movie_keyword",
                            "Startup Cost": 0.0,
                            "Total Cost": 2571.89,
                            "Plan Rows": 122594,
                            "Plan Width": 0,
                            "Actual Startup Time": 17.399,
                            "Actual Total Time": 17.399,
                            "Actual Rows": 115349,
                            "Actual Loops": 1,
                            "Index Cond": "(mk.keyword_id > 79015)"
                        }
                    ]
                }
            ]
        },
        "Planning Time": 203.415,
        "Triggers": [],
        "Execution Time": 76.718
    }
]