{
  "Plan": {
    "Node Type": "Aggregate",
    "Strategy": "Plain",
    "Partial Mode": "Finalize",
    "Parallel Aware": false,
    "Startup Cost": 723829.82,
    "Total Cost": 723829.83,
    "Plan Rows": 1,
    "Plan Width": 8,
    "Actual Startup Time": 5048.853,
    "Actual Total Time": 5119.26,
    "Actual Rows": 1,
    "Actual Loops": 1,
    "Plans": [
      {
        "Node Type": "Gather",
        "Parent Relationship": "Outer",
        "Parallel Aware": false,
        "Startup Cost": 723829.71,
        "Total Cost": 723829.82,
        "Plan Rows": 1,
        "Plan Width": 8,
        "Actual Startup Time": 5044.131,
        "Actual Total Time": 5119.248,
        "Actual Rows": 2,
        "Actual Loops": 1,
        "Workers Planned": 1,
        "Workers Launched": 1,
        "Single Copy": false,
        "Plans": [
          {
            "Node Type": "Aggregate",
            "Strategy": "Plain",
            "Partial Mode": "Partial",
            "Parent Relationship": "Outer",
            "Parallel Aware": false,
            "Startup Cost": 722829.71,
            "Total Cost": 722829.72,
            "Plan Rows": 1,
            "Plan Width": 8,
            "Actual Startup Time": 5038.276,
            "Actual Total Time": 5038.876,
            "Actual Rows": 1,
            "Actual Loops": 2,
            "Plans": [
              {
                "Node Type": "Hash Join",
                "Parent Relationship": "Outer",
                "Parallel Aware": true,
                "Join Type": "Inner",
                "Startup Cost": 126956.32,
                "Total Cost": 707868.02,
                "Plan Rows": 5984675,
                "Plan Width": 0,
                "Actual Startup Time": 732.851,
                "Actual Total Time": 4847.41,
                "Actual Rows": 4768378,
                "Actual Loops": 2,
                "Inner Unique": false,
                "Hash Cond": "(ci.movie_id = t.id)",
                "Plans": [
                  {
                    "Node Type": "Seq Scan",
                    "Parent Relationship": "Outer",
                    "Parallel Aware": true,
                    "Relation Name": "cast_info",
                    "Alias": "ci",
                    "Startup Cost": 0.0,
                    "Total Cost": 465792.95,
                    "Plan Rows": 21310595,
                    "Plan Width": 4,
                    "Actual Startup Time": 0.015,
                    "Actual Total Time": 1331.387,
                    "Actual Rows": 18122172,
                    "Actual Loops": 2
                  },
                  {
                    "Node Type": "Hash",
                    "Parent Relationship": "Inner",
                    "Parallel Aware": true,
                    "Startup Cost": 121735.56,
                    "Total Cost": 121735.56,
                    "Plan Rows": 417661,
                    "Plan Width": 8,
                    "Actual Startup Time": 724.097,
                    "Actual Total Time": 724.695,
                    "Actual Rows": 189562,
                    "Actual Loops": 2,
                    "Hash Buckets": 1048576,
                    "Original Hash Buckets": 1048576,
                    "Hash Batches": 1,
                    "Original Hash Batches": 1,
                    "Peak Memory Usage": 23040,
                    "Plans": [
                      {
                        "Node Type": "Hash Join",
                        "Parent Relationship": "Outer",
                        "Parallel Aware": true,
                        "Join Type": "Inner",
                        "Startup Cost": 88717.91,
                        "Total Cost": 121735.56,
                        "Plan Rows": 417661,
                        "Plan Width": 8,
                        "Actual Startup Time": 478.221,
                        "Actual Total Time": 678.973,
                        "Actual Rows": 189562,
                        "Actual Loops": 2,
                        "Inner Unique": true,
                        "Hash Cond": "(mk.movie_id = t.id)",
                        "Plans": [
                          {
                            "Node Type": "Bitmap Heap Scan",
                            "Parent Relationship": "Outer",
                            "Parallel Aware": true,
                            "Relation Name": "movie_keyword",
                            "Alias": "mk",
                            "Startup Cost": 20416.01,
                            "Total Cost": 51947.41,
                            "Plan Rows": 566192,
                            "Plan Width": 4,
                            "Actual Startup Time": 56.134,
                            "Actual Total Time": 145.053,
                            "Actual Rows": 483107,
                            "Actual Loops": 2,
                            "Recheck Cond": "(keyword_id < 910)",
                            "Rows Removed by Index Recheck": 0,
                            "Exact Heap Blocks": 13251,
                            "Lossy Heap Blocks": 0,
                            "Plans": [
                              {
                                "Node Type": "Bitmap Index Scan",
                                "Parent Relationship": "Outer",
                                "Parallel Aware": false,
                                "Index Name": "keyword_id_movie_keyword",
                                "Startup Cost": 0.0,
                                "Total Cost": 20175.38,
                                "Plan Rows": 962526,
                                "Plan Width": 0,
                                "Actual Startup Time": 52.472,
                                "Actual Total Time": 52.472,
                                "Actual Rows": 966214,
                                "Actual Loops": 1,
                                "Index Cond": "(keyword_id < 910)"
                              }
                            ]
                          },
                          {
                            "Node Type": "Hash",
                            "Parent Relationship": "Inner",
                            "Parallel Aware": true,
                            "Startup Cost": 54588.39,
                            "Total Cost": 54588.39,
                            "Plan Rows": 1097081,
                            "Plan Width": 4,
                            "Actual Startup Time": 412.697,
                            "Actual Total Time": 412.697,
                            "Actual Rows": 932744,
                            "Actual Loops": 2,
                            "Hash Buckets": 2097152,
                            "Original Hash Buckets": 2097152,
                            "Hash Batches": 1,
                            "Original Hash Batches": 1,
                            "Peak Memory Usage": 89376,
                            "Plans": [
                              {
                                "Node Type": "Seq Scan",
                                "Parent Relationship": "Outer",
                                "Parallel Aware": true,
                                "Relation Name": "title",
                                "Alias": "t",
                                "Startup Cost": 0.0,
                                "Total Cost": 54588.39,
                                "Plan Rows": 1097081,
                                "Plan Width": 4,
                                "Actual Startup Time": 0.035,
                                "Actual Total Time": 168.105,
                                "Actual Rows": 932744,
                                "Actual Loops": 2,
                                "Filter": "(kind_id > 1)",
                                "Rows Removed by Filter": 331412
                              }
                            ]
                          }
                        ]
                      }
                    ]
                  }
                ]
              }
            ]
          }
        ]
      }
    ]
  },
  "Planning Time": 1.014,
  "Triggers": [],
  "Execution Time": 5119.379
}