[
  {
    "Plan": {
      "Node Type": "Aggregate",
      "Strategy": "Plain",
      "Partial Mode": "Finalize",
      "Parallel Aware": false,
      "Startup Cost": 97155.09,
      "Total Cost": 97155.1,
      "Plan Rows": 1,
      "Plan Width": 8,
      "Actual Startup Time": 427.397,
      "Actual Total Time": 443.893,
      "Actual Rows": 1,
      "Actual Loops": 1,
      "Plans": [
        {
          "Node Type": "Gather",
          "Parent Relationship": "Outer",
          "Parallel Aware": false,
          "Startup Cost": 97154.77,
          "Total Cost": 97155.08,
          "Plan Rows": 3,
          "Plan Width": 8,
          "Actual Startup Time": 425.283,
          "Actual Total Time": 443.88,
          "Actual Rows": 4,
          "Actual Loops": 1,
          "Workers Planned": 3,
          "Workers Launched": 3,
          "Single Copy": false,
          "Plans": [
            {
              "Node Type": "Aggregate",
              "Strategy": "Plain",
              "Partial Mode": "Partial",
              "Parent Relationship": "Outer",
              "Parallel Aware": false,
              "Startup Cost": 96154.77,
              "Total Cost": 96154.78,
              "Plan Rows": 1,
              "Plan Width": 8,
              "Actual Startup Time": 416.415,
              "Actual Total Time": 416.63,
              "Actual Rows": 1,
              "Actual Loops": 4,
              "Plans": [
                {
                  "Node Type": "Hash Join",
                  "Parent Relationship": "Outer",
                  "Parallel Aware": true,
                  "Join Type": "Inner",
                  "Startup Cost": 65601.9,
                  "Total Cost": 96074.71,
                  "Plan Rows": 32026,
                  "Plan Width": 0,
                  "Actual Startup Time": 324.779,
                  "Actual Total Time": 415.052,
                  "Actual Rows": 35932,
                  "Actual Loops": 4,
                  "Inner Unique": false,
                  "Hash Cond": "(mc.movie_id = t.id)",
                  "Plans": [
                    {
                      "Node Type": "Seq Scan",
                      "Parent Relationship": "Outer",
                      "Parallel Aware": true,
                      "Relation Name": "movie_companies",
                      "Alias": "mc",
                      "Startup Cost": 0.0,
                      "Total Cost": 29310.68,
                      "Plan Rows": 288548,
                      "Plan Width": 4,
                      "Actual Startup Time": 10.032,
                      "Actual Total Time": 61.103,
                      "Actual Rows": 227032,
                      "Actual Loops": 4,
                      "Filter": "(company_id > 20926)",
                      "Rows Removed by Filter": 425250
                    },
                    {
                      "Node Type": "Hash",
                      "Parent Relationship": "Inner",
                      "Parallel Aware": true,
                      "Startup Cost": 64724.97,
                      "Total Cost": 64724.97,
                      "Plan Rows": 70154,
                      "Plan Width": 8,
                      "Actual Startup Time": 311.36,
                      "Actual Total Time": 311.574,
                      "Actual Rows": 58000,
                      "Actual Loops": 4,
                      "Hash Buckets": 524288,
                      "Original Hash Buckets": 524288,
                      "Hash Batches": 1,
                      "Original Hash Batches": 1,
                      "Peak Memory Usage": 13216,
                      "Plans": [
                        {
                          "Node Type": "Hash Join",
                          "Parent Relationship": "Outer",
                          "Parallel Aware": true,
                          "Join Type": "Inner",
                          "Startup Cost": 17490.54,
                          "Total Cost": 64724.97,
                          "Plan Rows": 70154,
                          "Plan Width": 8,
                          "Actual Startup Time": 93.616,
                          "Actual Total Time": 290.599,
                          "Actual Rows": 58000,
                          "Actual Loops": 4,
                          "Inner Unique": false,
                          "Hash Cond": "(t.id = mi_idx.movie_id)",
                          "Plans": [
                            {
                              "Node Type": "Seq Scan",
                              "Parent Relationship": "Outer",
                              "Parallel Aware": true,
                              "Relation Name": "title",
                              "Alias": "t",
                              "Startup Cost": 0.0,
                              "Total Cost": 45479.1,
                              "Plan Rows": 390139,
                              "Plan Width": 4,
                              "Actual Startup Time": 0.012,
                              "Actual Total Time": 93.725,
                              "Actual Rows": 417495,
                              "Actual Loops": 4,
                              "Filter": "((kind_id > 1) AND (production_year > 1968))",
                              "Rows Removed by Filter": 214583
                            },
                            {
                              "Node Type": "Hash",
                              "Parent Relationship": "Inner",
                              "Parallel Aware": true,
                              "Startup Cost": 15122.68,
                              "Total Cost": 15122.68,
                              "Plan Rows": 189429,
                              "Plan Width": 4,
                              "Actual Startup Time": 91.698,
                              "Actual Total Time": 91.7,
                              "Actual Rows": 114981,
                              "Actual Loops": 4,
                              "Hash Buckets": 524288,
                              "Original Hash Buckets": 524288,
                              "Hash Batches": 1,
                              "Original Hash Batches": 1,
                              "Peak Memory Usage": 22144,
                              "Plans": [
                                {
                                  "Node Type": "Seq Scan",
                                  "Parent Relationship": "Outer",
                                  "Parallel Aware": true,
                                  "Relation Name": "movie_info_idx",
                                  "Alias": "mi_idx",
                                  "Startup Cost": 0.0,
                                  "Total Cost": 15122.68,
                                  "Plan Rows": 189429,
                                  "Plan Width": 4,
                                  "Actual Startup Time": 0.073,
                                  "Actual Total Time": 45.092,
                                  "Actual Rows": 114981,
                                  "Actual Loops": 4,
                                  "Filter": "(info_type_id = 99)",
                                  "Rows Removed by Filter": 230028
                                }
                              ]
                            }
                          ]
                        }
                      ]
                    }
                  ]
                }
              ]
            }
          ]
        }
      ]
    },
    "Planning Time": 1.551,
    "Triggers": [],
    "Execution Time": 444.0
  }
]