[
  {
    "Plan": {
      "Node Type": "Aggregate",
      "Strategy": "Plain",
      "Partial Mode": "Finalize",
      "Parallel Aware": false,
      "Startup Cost": 74547.62,
      "Total Cost": 74547.63,
      "Plan Rows": 1,
      "Plan Width": 8,
      "Actual Startup Time": 496.068,
      "Actual Total Time": 519.18,
      "Actual Rows": 1,
      "Actual Loops": 1,
      "Plans": [
        {
          "Node Type": "Gather",
          "Parent Relationship": "Outer",
          "Parallel Aware": false,
          "Startup Cost": 74547.3,
          "Total Cost": 74547.61,
          "Plan Rows": 3,
          "Plan Width": 8,
          "Actual Startup Time": 480.826,
          "Actual Total Time": 519.169,
          "Actual Rows": 4,
          "Actual Loops": 1,
          "Workers Planned": 3,
          "Workers Launched": 3,
          "Single Copy": false,
          "Plans": [
            {
              "Node Type": "Aggregate",
              "Strategy": "Plain",
              "Partial Mode": "Partial",
              "Parent Relationship": "Outer",
              "Parallel Aware": false,
              "Startup Cost": 73547.3,
              "Total Cost": 73547.31,
              "Plan Rows": 1,
              "Plan Width": 8,
              "Actual Startup Time": 467.134,
              "Actual Total Time": 467.139,
              "Actual Rows": 1,
              "Actual Loops": 4,
              "Plans": [
                {
                  "Node Type": "Hash Join",
                  "Parent Relationship": "Outer",
                  "Parallel Aware": true,
                  "Join Type": "Inner",
                  "Startup Cost": 53814.27,
                  "Total Cost": 73413.54,
                  "Plan Rows": 53505,
                  "Plan Width": 0,
                  "Actual Startup Time": 407.846,
                  "Actual Total Time": 464.688,
                  "Actual Rows": 40719,
                  "Actual Loops": 4,
                  "Inner Unique": true,
                  "Hash Cond": "(mc.movie_id = t.id)",
                  "Plans": [
                    {
                      "Node Type": "Bitmap Heap Scan",
                      "Parent Relationship": "Outer",
                      "Parallel Aware": true,
                      "Relation Name": "movie_companies",
                      "Alias": "mc",
                      "Startup Cost": 3593.89,
                      "Total Cost": 23052.71,
                      "Plan Rows": 53505,
                      "Plan Width": 4,
                      "Actual Startup Time": 11.712,
                      "Actual Total Time": 35.637,
                      "Actual Rows": 40719,
                      "Actual Loops": 4,
                      "Recheck Cond": "(company_id < 31)",
                      "Rows Removed by Index Recheck": 0,
                      "Exact Heap Blocks": 4629,
                      "Lossy Heap Blocks": 0,
                      "Plans": [
                        {
                          "Node Type": "Bitmap Index Scan",
                          "Parent Relationship": "Outer",
                          "Parallel Aware": false,
                          "Index Name": "company_id_movie_companies",
                          "Startup Cost": 0.0,
                          "Total Cost": 3552.42,
                          "Plan Rows": 165866,
                          "Plan Width": 0,
                          "Actual Startup Time": 8.937,
                          "Actual Total Time": 8.938,
                          "Actual Rows": 162876,
                          "Actual Loops": 1,
                          "Index Cond": "(company_id < 31)"
                        }
                      ]
                    },
                    {
                      "Node Type": "Hash",
                      "Parent Relationship": "Inner",
                      "Parallel Aware": true,
                      "Startup Cost": 42319.06,
                      "Total Cost": 42319.06,
                      "Plan Rows": 632106,
                      "Plan Width": 4,
                      "Actual Startup Time": 386.206,
                      "Actual Total Time": 386.207,
                      "Actual Rows": 632078,
                      "Actual Loops": 4,
                      "Hash Buckets": 4194304,
                      "Original Hash Buckets": 4194304,
                      "Hash Batches": 1,
                      "Original Hash Batches": 1,
                      "Peak Memory Usage": 131744,
                      "Plans": [
                        {
                          "Node Type": "Seq Scan",
                          "Parent Relationship": "Outer",
                          "Parallel Aware": true,
                          "Relation Name": "title",
                          "Alias": "t",
                          "Startup Cost": 0.0,
                          "Total Cost": 42319.06,
                          "Plan Rows": 632106,
                          "Plan Width": 4,
                          "Actual Startup Time": 0.053,
                          "Actual Total Time": 112.379,
                          "Actual Rows": 632078,
                          "Actual Loops": 4
                        }
                      ]
                    }
                  ]
                }
              ]
            }
          ]
        }
      ]
    },
    "Planning Time": 0.613,
    "Triggers": [],
    "Execution Time": 519.264
  }
]