[
  {
    "Plan": {
      "Node Type": "Aggregate",
      "Strategy": "Plain",
      "Partial Mode": "Finalize",
      "Parallel Aware": false,
      "Startup Cost": 33371.99,
      "Total Cost": 33372.0,
      "Plan Rows": 1,
      "Plan Width": 8,
      "Actual Startup Time": 92.99,
      "Actual Total Time": 98.147,
      "Actual Rows": 1,
      "Actual Loops": 1,
      "Plans": [
        {
          "Node Type": "Gather",
          "Parent Relationship": "Outer",
          "Parallel Aware": false,
          "Startup Cost": 33371.67,
          "Total Cost": 33371.98,
          "Plan Rows": 3,
          "Plan Width": 8,
          "Actual Startup Time": 92.759,
          "Actual Total Time": 98.139,
          "Actual Rows": 4,
          "Actual Loops": 1,
          "Workers Planned": 3,
          "Workers Launched": 3,
          "Single Copy": false,
          "Plans": [
            {
              "Node Type": "Aggregate",
              "Strategy": "Plain",
              "Partial Mode": "Partial",
              "Parent Relationship": "Outer",
              "Parallel Aware": false,
              "Startup Cost": 32371.67,
              "Total Cost": 32371.68,
              "Plan Rows": 1,
              "Plan Width": 8,
              "Actual Startup Time": 87.751,
              "Actual Total Time": 87.753,
              "Actual Rows": 1,
              "Actual Loops": 4,
              "Plans": [
                {
                  "Node Type": "Seq Scan",
                  "Parent Relationship": "Outer",
                  "Parallel Aware": true,
                  "Relation Name": "movie_companies",
                  "Alias": "mc",
                  "Startup Cost": 0.0,
                  "Total Cost": 31414.82,
                  "Plan Rows": 382740,
                  "Plan Width": 0,
                  "Actual Startup Time": 0.034,
                  "Actual Total Time": 73.855,
                  "Actual Rows": 279209,
                  "Actual Loops": 4,
                  "Filter": "((company_id > 52) AND (company_type_id < 2))",
                  "Rows Removed by Filter": 373073
                }
              ]
            }
          ]
        }
      ]
    },
    "Planning Time": 0.137,
    "Triggers": [],
    "Execution Time": 98.184
  }
]