{
  "Plan": {
    "Node Type": "Aggregate",
    "Strategy": "Plain",
    "Partial Mode": "Finalize",
    "Parallel Aware": false,
    "Startup Cost": 101042.81,
    "Total Cost": 101042.82,
    "Plan Rows": 1,
    "Plan Width": 8,
    "Actual Startup Time": 512.326,
    "Actual Total Time": 562.411,
    "Actual Rows": 1,
    "Actual Loops": 1,
    "Plans": [
      {
        "Node Type": "Gather",
        "Parent Relationship": "Outer",
        "Parallel Aware": false,
        "Startup Cost": 101042.7,
        "Total Cost": 101042.81,
        "Plan Rows": 1,
        "Plan Width": 8,
        "Actual Startup Time": 512.213,
        "Actual Total Time": 562.403,
        "Actual Rows": 2,
        "Actual Loops": 1,
        "Workers Planned": 1,
        "Workers Launched": 1,
        "Single Copy": false,
        "Plans": [
          {
            "Node Type": "Aggregate",
            "Strategy": "Plain",
            "Partial Mode": "Partial",
            "Parent Relationship": "Outer",
            "Parallel Aware": false,
            "Startup Cost": 100042.7,
            "Total Cost": 100042.71,
            "Plan Rows": 1,
            "Plan Width": 8,
            "Actual Startup Time": 505.978,
            "Actual Total Time": 505.98,
            "Actual Rows": 1,
            "Actual Loops": 2,
            "Plans": [
              {
                "Node Type": "Nested Loop",
                "Parent Relationship": "Outer",
                "Parallel Aware": false,
                "Join Type": "Inner",
                "Startup Cost": 1.0,
                "Total Cost": 99922.61,
                "Plan Rows": 48038,
                "Plan Width": 0,
                "Actual Startup Time": 0.836,
                "Actual Total Time": 487.195,
                "Actual Rows": 408536,
                "Actual Loops": 2,
                "Inner Unique": false,
                "Join Filter": "(t.id = ci.movie_id)",
                "Rows Removed by Join Filter": 0,
                "Plans": [
                  {
                    "Node Type": "Nested Loop",
                    "Parent Relationship": "Outer",
                    "Parallel Aware": false,
                    "Join Type": "Inner",
                    "Startup Cost": 0.43,
                    "Total Cost": 88330.91,
                    "Plan Rows": 6122,
                    "Plan Width": 8,
                    "Actual Startup Time": 0.671,
                    "Actual Total Time": 155.924,
                    "Actual Rows": 16278,
                    "Actual Loops": 2,
                    "Inner Unique": false,
                    "Plans": [
                      {
                        "Node Type": "Seq Scan",
                        "Parent Relationship": "Outer",
                        "Parallel Aware": true,
                        "Relation Name": "title",
                        "Alias": "t",
                        "Startup Cost": 0.0,
                        "Total Cost": 58306.47,
                        "Plan Rows": 3421,
                        "Plan Width": 4,
                        "Actual Startup Time": 0.315,
                        "Actual Total Time": 126.646,
                        "Actual Rows": 3438,
                        "Actual Loops": 2,
                        "Filter": "((kind_id < 7) AND (production_year = 1982))",
                        "Rows Removed by Filter": 1260718
                      },
                      {
                        "Node Type": "Index Only Scan",
                        "Parent Relationship": "Inner",
                        "Parallel Aware": false,
                        "Scan Direction": "Forward",
                        "Index Name": "movie_id_movie_keyword",
                        "Relation Name": "movie_keyword",
                        "Alias": "mk",
                        "Startup Cost": 0.43,
                        "Total Cost": 8.33,
                        "Plan Rows": 45,
                        "Plan Width": 4,
                        "Actual Startup Time": 0.007,
                        "Actual Total Time": 0.008,
                        "Actual Rows": 5,
                        "Actual Loops": 6875,
                        "Index Cond": "(movie_id = t.id)",
                        "Rows Removed by Index Recheck": 0,
                        "Heap Fetches": 32557
                      }
                    ]
                  },
                  {
                    "Node Type": "Index Scan",
                    "Parent Relationship": "Inner",
                    "Parallel Aware": false,
                    "Scan Direction": "Forward",
                    "Index Name": "movie_id_cast_info",
                    "Relation Name": "cast_info",
                    "Alias": "ci",
                    "Startup Cost": 0.56,
                    "Total Cost": 1.64,
                    "Plan Rows": 20,
                    "Plan Width": 4,
                    "Actual Startup Time": 0.003,
                    "Actual Total Time": 0.018,
                    "Actual Rows": 25,
                    "Actual Loops": 32557,
                    "Index Cond": "(movie_id = mk.movie_id)",
                    "Rows Removed by Index Recheck": 0,
                    "Filter": "(role_id < 3)",
                    "Rows Removed by Filter": 15
                  }
                ]
              }
            ]
          }
        ]
      }
    ]
  },
  "Planning Time": 1.042,
  "Triggers": [],
  "Execution Time": 562.512
}