[
  {
    "Plan": {
      "Node Type": "Aggregate",
      "Strategy": "Plain",
      "Partial Mode": "Finalize",
      "Parallel Aware": false,
      "Startup Cost": 347507.75,
      "Total Cost": 347507.76,
      "Plan Rows": 1,
      "Plan Width": 8,
      "Actual Startup Time": 695.764,
      "Actual Total Time": 745.501,
      "Actual Rows": 1,
      "Actual Loops": 1,
      "Plans": [
        {
          "Node Type": "Gather",
          "Parent Relationship": "Outer",
          "Parallel Aware": false,
          "Startup Cost": 347507.13,
          "Total Cost": 347507.74,
          "Plan Rows": 6,
          "Plan Width": 8,
          "Actual Startup Time": 695.541,
          "Actual Total Time": 745.487,
          "Actual Rows": 7,
          "Actual Loops": 1,
          "Workers Planned": 6,
          "Workers Launched": 6,
          "Single Copy": false,
          "Plans": [
            {
              "Node Type": "Aggregate",
              "Strategy": "Plain",
              "Partial Mode": "Partial",
              "Parent Relationship": "Outer",
              "Parallel Aware": false,
              "Startup Cost": 346507.13,
              "Total Cost": 346507.14,
              "Plan Rows": 1,
              "Plan Width": 8,
              "Actual Startup Time": 686.336,
              "Actual Total Time": 686.338,
              "Actual Rows": 1,
              "Actual Loops": 7,
              "Plans": [
                {
                  "Node Type": "Seq Scan",
                  "Parent Relationship": "Outer",
                  "Parallel Aware": true,
                  "Relation Name": "cast_info",
                  "Alias": "ci",
                  "Startup Cost": 0.0,
                  "Total Cost": 343316.27,
                  "Plan Rows": 1276343,
                  "Plan Width": 0,
                  "Actual Startup Time": 371.584,
                  "Actual Total Time": 645.907,
                  "Actual Rows": 767117,
                  "Actual Loops": 7,
                  "Filter": "((person_id > 2822613) AND (role_id < 10))",
                  "Rows Removed by Filter": 4410647
                }
              ]
            }
          ]
        }
      ]
    },
    "Planning Time": 0.132,
    "Triggers": [],
    "Execution Time": 745.552
  }
]