[
  {
    "Plan": {
      "Node Type": "Aggregate",
      "Strategy": "Plain",
      "Partial Mode": "Finalize",
      "Parallel Aware": false,
      "Startup Cost": 273407.69,
      "Total Cost": 273407.7,
      "Plan Rows": 1,
      "Plan Width": 8,
      "Actual Startup Time": 55.807,
      "Actual Total Time": 59.925,
      "Actual Rows": 1,
      "Actual Loops": 1,
      "Plans": [
        {
          "Node Type": "Gather",
          "Parent Relationship": "Outer",
          "Parallel Aware": false,
          "Startup Cost": 273407.17,
          "Total Cost": 273407.68,
          "Plan Rows": 5,
          "Plan Width": 8,
          "Actual Startup Time": 55.618,
          "Actual Total Time": 59.918,
          "Actual Rows": 6,
          "Actual Loops": 1,
          "Workers Planned": 5,
          "Workers Launched": 5,
          "Single Copy": false,
          "Plans": [
            {
              "Node Type": "Aggregate",
              "Strategy": "Plain",
              "Partial Mode": "Partial",
              "Parent Relationship": "Outer",
              "Parallel Aware": false,
              "Startup Cost": 272407.17,
              "Total Cost": 272407.18,
              "Plan Rows": 1,
              "Plan Width": 8,
              "Actual Startup Time": 48.289,
              "Actual Total Time": 48.29,
              "Actual Rows": 1,
              "Actual Loops": 6,
              "Plans": [
                {
                  "Node Type": "Bitmap Heap Scan",
                  "Parent Relationship": "Outer",
                  "Parallel Aware": true,
                  "Relation Name": "cast_info",
                  "Alias": "ci",
                  "Startup Cost": 6395.76,
                  "Total Cost": 272312.76,
                  "Plan Rows": 37765,
                  "Plan Width": 0,
                  "Actual Startup Time": 20.917,
                  "Actual Total Time": 44.323,
                  "Actual Rows": 44687,
                  "Actual Loops": 6,
                  "Recheck Cond": "(person_id > 4014148)",
                  "Rows Removed by Index Recheck": 0,
                  "Filter": "(role_id > 1)",
                  "Rows Removed by Filter": 0,
                  "Exact Heap Blocks": 1379,
                  "Lossy Heap Blocks": 0,
                  "Plans": [
                    {
                      "Node Type": "Bitmap Index Scan",
                      "Parent Relationship": "Outer",
                      "Parallel Aware": false,
                      "Index Name": "person_id_cast_info",
                      "Startup Cost": 0.0,
                      "Total Cost": 6348.55,
                      "Plan Rows": 290665,
                      "Plan Width": 0,
                      "Actual Startup Time": 26.507,
                      "Actual Total Time": 26.508,
                      "Actual Rows": 268124,
                      "Actual Loops": 1,
                      "Index Cond": "(person_id > 4014148)"
                    }
                  ]
                }
              ]
            }
          ]
        }
      ]
    },
    "Planning Time": 0.331,
    "Triggers": [],
    "Execution Time": 59.997
  }
]