[
  {
    "Plan": {
      "Node Type": "Aggregate",
      "Strategy": "Plain",
      "Partial Mode": "Finalize",
      "Parallel Aware": false,
      "Startup Cost": 437718.7,
      "Total Cost": 437718.71,
      "Plan Rows": 1,
      "Plan Width": 8,
      "Actual Startup Time": 2072.518,
      "Actual Total Time": 2139.923,
      "Actual Rows": 1,
      "Actual Loops": 1,
      "Plans": [
        {
          "Node Type": "Gather",
          "Parent Relationship": "Outer",
          "Parallel Aware": false,
          "Startup Cost": 437718.08,
          "Total Cost": 437718.69,
          "Plan Rows": 6,
          "Plan Width": 8,
          "Actual Startup Time": 2066.871,
          "Actual Total Time": 2139.915,
          "Actual Rows": 7,
          "Actual Loops": 1,
          "Workers Planned": 6,
          "Workers Launched": 6,
          "Single Copy": false,
          "Plans": [
            {
              "Node Type": "Aggregate",
              "Strategy": "Plain",
              "Partial Mode": "Partial",
              "Parent Relationship": "Outer",
              "Parallel Aware": false,
              "Startup Cost": 436718.08,
              "Total Cost": 436718.09,
              "Plan Rows": 1,
              "Plan Width": 8,
              "Actual Startup Time": 2050.162,
              "Actual Total Time": 2050.168,
              "Actual Rows": 1,
              "Actual Loops": 7,
              "Plans": [
                {
                  "Node Type": "Hash Join",
                  "Parent Relationship": "Outer",
                  "Parallel Aware": true,
                  "Join Type": "Inner",
                  "Startup Cost": 85374.2,
                  "Total Cost": 432549.75,
                  "Plan Rows": 1667333,
                  "Plan Width": 0,
                  "Actual Startup Time": 533.811,
                  "Actual Total Time": 1911.599,
                  "Actual Rows": 3435836,
                  "Actual Loops": 7,
                  "Inner Unique": false,
                  "Hash Cond": "(ci.movie_id = t.id)",
                  "Plans": [
                    {
                      "Node Type": "Seq Scan",
                      "Parent Relationship": "Outer",
                      "Parallel Aware": true,
                      "Relation Name": "cast_info",
                      "Alias": "ci",
                      "Startup Cost": 0.0,
                      "Total Cost": 328162.03,
                      "Plan Rows": 3958715,
                      "Plan Width": 4,
                      "Actual Startup Time": 193.239,
                      "Actual Total Time": 647.471,
                      "Actual Rows": 3367665,
                      "Actual Loops": 7,
                      "Filter": "(role_id > 1)",
                      "Rows Removed by Filter": 1810098
                    },
                    {
                      "Node Type": "Hash",
                      "Parent Relationship": "Inner",
                      "Parallel Aware": true,
                      "Startup Cost": 82046.49,
                      "Total Cost": 82046.49,
                      "Plan Rows": 266217,
                      "Plan Width": 8,
                      "Actual Startup Time": 335.726,
                      "Actual Total Time": 335.73,
                      "Actual Rows": 134048,
                      "Actual Loops": 7,
                      "Hash Buckets": 2097152,
                      "Original Hash Buckets": 2097152,
                      "Hash Batches": 1,
                      "Original Hash Batches": 1,
                      "Peak Memory Usage": 53152,
                      "Plans": [
                        {
                          "Node Type": "Hash Join",
                          "Parent Relationship": "Outer",
                          "Parallel Aware": true,
                          "Join Type": "Inner",
                          "Startup Cost": 35708.63,
                          "Total Cost": 82046.49,
                          "Plan Rows": 266217,
                          "Plan Width": 8,
                          "Actual Startup Time": 121.643,
                          "Actual Total Time": 284.133,
                          "Actual Rows": 134048,
                          "Actual Loops": 7,
                          "Inner Unique": false,
                          "Hash Cond": "(t.id = mc.movie_id)",
                          "Plans": [
                            {
                              "Node Type": "Seq Scan",
                              "Parent Relationship": "Outer",
                              "Parallel Aware": true,
                              "Relation Name": "title",
                              "Alias": "t",
                              "Startup Cost": 0.0,
                              "Total Cost": 42318.73,
                              "Plan Rows": 632073,
                              "Plan Width": 4,
                              "Actual Startup Time": 0.017,
                              "Actual Total Time": 53.889,
                              "Actual Rows": 361187,
                              "Actual Loops": 7
                            },
                            {
                              "Node Type": "Hash",
                              "Parent Relationship": "Inner",
                              "Parallel Aware": true,
                              "Startup Cost": 31414.82,
                              "Total Cost": 31414.82,
                              "Plan Rows": 343505,
                              "Plan Width": 4,
                              "Actual Startup Time": 119.355,
                              "Actual Total Time": 119.356,
                              "Actual Rows": 134048,
                              "Actual Loops": 7,
                              "Hash Buckets": 2097152,
                              "Original Hash Buckets": 2097152,
                              "Hash Batches": 1,
                              "Original Hash Batches": 1,
                              "Peak Memory Usage": 53184,
                              "Plans": [
                                {
                                  "Node Type": "Seq Scan",
                                  "Parent Relationship": "Outer",
                                  "Parallel Aware": true,
                                  "Relation Name": "movie_companies",
                                  "Alias": "mc",
                                  "Startup Cost": 0.0,
                                  "Total Cost": 31414.82,
                                  "Plan Rows": 343505,
                                  "Plan Width": 4,
                                  "Actual Startup Time": 0.109,
                                  "Actual Total Time": 57.432,
                                  "Actual Rows": 134048,
                                  "Actual Loops": 7,
                                  "Filter": "((company_id > 329) AND (company_type_id < 2))",
                                  "Rows Removed by Filter": 238685
                                }
                              ]
                            }
                          ]
                        }
                      ]
                    }
                  ]
                }
              ]
            }
          ]
        }
      ]
    },
    "Planning Time": 1.447,
    "Triggers": [],
    "Execution Time": 2140.033
  }
]