{
  "Plan": {
    "Node Type": "Aggregate",
    "Strategy": "Plain",
    "Partial Mode": "Finalize",
    "Parallel Aware": false,
    "Startup Cost": 675061.86,
    "Total Cost": 675061.87,
    "Plan Rows": 1,
    "Plan Width": 8,
    "Actual Startup Time": 4282.046,
    "Actual Total Time": 4337.082,
    "Actual Rows": 1,
    "Actual Loops": 1,
    "Plans": [
      {
        "Node Type": "Gather",
        "Parent Relationship": "Outer",
        "Parallel Aware": false,
        "Startup Cost": 675061.74,
        "Total Cost": 675061.85,
        "Plan Rows": 1,
        "Plan Width": 8,
        "Actual Startup Time": 4280.1,
        "Actual Total Time": 4337.065,
        "Actual Rows": 2,
        "Actual Loops": 1,
        "Workers Planned": 1,
        "Workers Launched": 1,
        "Single Copy": false,
        "Plans": [
          {
            "Node Type": "Aggregate",
            "Strategy": "Plain",
            "Partial Mode": "Partial",
            "Parent Relationship": "Outer",
            "Parallel Aware": false,
            "Startup Cost": 674061.74,
            "Total Cost": 674061.75,
            "Plan Rows": 1,
            "Plan Width": 8,
            "Actual Startup Time": 4276.642,
            "Actual Total Time": 4276.96,
            "Actual Rows": 1,
            "Actual Loops": 2,
            "Plans": [
              {
                "Node Type": "Hash Join",
                "Parent Relationship": "Outer",
                "Parallel Aware": true,
                "Join Type": "Inner",
                "Startup Cost": 586428.08,
                "Total Cost": 672480.49,
                "Plan Rows": 632502,
                "Plan Width": 0,
                "Actual Startup Time": 3583.711,
                "Actual Total Time": 4154.754,
                "Actual Rows": 2999040,
                "Actual Loops": 2,
                "Inner Unique": false,
                "Hash Cond": "(mk.movie_id = t.id)",
                "Plans": [
                  {
                    "Node Type": "Seq Scan",
                    "Parent Relationship": "Outer",
                    "Parallel Aware": true,
                    "Relation Name": "movie_keyword",
                    "Alias": "mk",
                    "Startup Cost": 0.0,
                    "Total Cost": 57718.19,
                    "Plan Rows": 1969089,
                    "Plan Width": 4,
                    "Actual Startup Time": 0.015,
                    "Actual Total Time": 192.743,
                    "Actual Rows": 1670520,
                    "Actual Loops": 2,
                    "Filter": "(keyword_id < 15750)",
                    "Rows Removed by Filter": 591446
                  },
                  {
                    "Node Type": "Hash",
                    "Parent Relationship": "Inner",
                    "Parallel Aware": true,
                    "Startup Cost": 580456.56,
                    "Total Cost": 580456.56,
                    "Plan Rows": 477722,
                    "Plan Width": 8,
                    "Actual Startup Time": 3575.88,
                    "Actual Total Time": 3576.189,
                    "Actual Rows": 379914,
                    "Actual Loops": 2,
                    "Hash Buckets": 1048576,
                    "Original Hash Buckets": 1048576,
                    "Hash Batches": 1,
                    "Original Hash Batches": 1,
                    "Peak Memory Usage": 37952,
                    "Plans": [
                      {
                        "Node Type": "Hash Join",
                        "Parent Relationship": "Outer",
                        "Parallel Aware": true,
                        "Join Type": "Inner",
                        "Startup Cost": 58723.21,
                        "Total Cost": 580456.56,
                        "Plan Rows": 477722,
                        "Plan Width": 8,
                        "Actual Startup Time": 145.92,
                        "Actual Total Time": 3441.25,
                        "Actual Rows": 379914,
                        "Actual Loops": 2,
                        "Inner Unique": true,
                        "Hash Cond": "(ci.movie_id = t.id)",
                        "Plans": [
                          {
                            "Node Type": "Seq Scan",
                            "Parent Relationship": "Outer",
                            "Parallel Aware": true,
                            "Relation Name": "cast_info",
                            "Alias": "ci",
                            "Startup Cost": 0.0,
                            "Total Cost": 465792.95,
                            "Plan Rows": 21310595,
                            "Plan Width": 4,
                            "Actual Startup Time": 0.013,
                            "Actual Total Time": 1355.939,
                            "Actual Rows": 18122172,
                            "Actual Loops": 2
                          },
                          {
                            "Node Type": "Hash",
                            "Parent Relationship": "Inner",
                            "Parallel Aware": true,
                            "Startup Cost": 58306.47,
                            "Total Cost": 58306.47,
                            "Plan Rows": 33339,
                            "Plan Width": 4,
                            "Actual Startup Time": 145.594,
                            "Actual Total Time": 145.596,
                            "Actual Rows": 24538,
                            "Actual Loops": 2,
                            "Hash Buckets": 65536,
                            "Original Hash Buckets": 65536,
                            "Hash Batches": 1,
                            "Original Hash Batches": 1,
                            "Peak Memory Usage": 2464,
                            "Plans": [
                              {
                                "Node Type": "Seq Scan",
                                "Parent Relationship": "Outer",
                                "Parallel Aware": true,
                                "Relation Name": "title",
                                "Alias": "t",
                                "Startup Cost": 0.0,
                                "Total Cost": 58306.47,
                                "Plan Rows": 33339,
                                "Plan Width": 4,
                                "Actual Startup Time": 0.225,
                                "Actual Total Time": 137.233,
                                "Actual Rows": 24538,
                                "Actual Loops": 2,
                                "Filter": "((kind_id < 7) AND (production_year = 2010))",
                                "Rows Removed by Filter": 1239618
                              }
                            ]
                          }
                        ]
                      }
                    ]
                  }
                ]
              }
            ]
          }
        ]
      }
    ]
  },
  "Planning Time": 0.609,
  "Triggers": [],
  "Execution Time": 4337.177
}