{
  "Plan": {
    "Node Type": "Aggregate",
    "Strategy": "Plain",
    "Partial Mode": "Finalize",
    "Parallel Aware": false,
    "Startup Cost": 987610.43,
    "Total Cost": 987610.44,
    "Plan Rows": 1,
    "Plan Width": 8,
    "Actual Startup Time": 3861.629,
    "Actual Total Time": 3967.569,
    "Actual Rows": 1,
    "Actual Loops": 1,
    "Plans": [
      {
        "Node Type": "Gather",
        "Parent Relationship": "Outer",
        "Parallel Aware": false,
        "Startup Cost": 987610.32,
        "Total Cost": 987610.43,
        "Plan Rows": 1,
        "Plan Width": 8,
        "Actual Startup Time": 3861.144,
        "Actual Total Time": 3967.558,
        "Actual Rows": 2,
        "Actual Loops": 1,
        "Workers Planned": 1,
        "Workers Launched": 1,
        "Single Copy": false,
        "Plans": [
          {
            "Node Type": "Aggregate",
            "Strategy": "Plain",
            "Partial Mode": "Partial",
            "Parent Relationship": "Outer",
            "Parallel Aware": false,
            "Startup Cost": 986610.32,
            "Total Cost": 986610.33,
            "Plan Rows": 1,
            "Plan Width": 8,
            "Actual Startup Time": 3855.333,
            "Actual Total Time": 3855.339,
            "Actual Rows": 1,
            "Actual Loops": 2,
            "Plans": [
              {
                "Node Type": "Hash Join",
                "Parent Relationship": "Outer",
                "Parallel Aware": true,
                "Join Type": "Inner",
                "Startup Cost": 622115.77,
                "Total Cost": 978087.64,
                "Plan Rows": 3409074,
                "Plan Width": 0,
                "Actual Startup Time": 2631.665,
                "Actual Total Time": 3854.961,
                "Actual Rows": 6283,
                "Actual Loops": 2,
                "Inner Unique": false,
                "Hash Cond": "(mi.movie_id = t.id)",
                "Plans": [
                  {
                    "Node Type": "Seq Scan",
                    "Parent Relationship": "Outer",
                    "Parallel Aware": true,
                    "Relation Name": "movie_info",
                    "Alias": "mi",
                    "Startup Cost": 0.0,
                    "Total Cost": 248955.74,
                    "Plan Rows": 8696274,
                    "Plan Width": 4,
                    "Actual Startup Time": 0.011,
                    "Actual Total Time": 598.854,
                    "Actual Rows": 7417860,
                    "Actual Loops": 2
                  },
                  {
                    "Node Type": "Hash",
                    "Parent Relationship": "Inner",
                    "Parallel Aware": true,
                    "Startup Cost": 614828.05,
                    "Total Cost": 614828.05,
                    "Plan Rows": 583018,
                    "Plan Width": 8,
                    "Actual Startup Time": 2614.863,
                    "Actual Total Time": 2614.867,
                    "Actual Rows": 942,
                    "Actual Loops": 2,
                    "Hash Buckets": 1048576,
                    "Original Hash Buckets": 1048576,
                    "Hash Batches": 1,
                    "Original Hash Batches": 1,
                    "Peak Memory Usage": 8288,
                    "Plans": [
                      {
                        "Node Type": "Hash Join",
                        "Parent Relationship": "Outer",
                        "Parallel Aware": true,
                        "Join Type": "Inner",
                        "Startup Cost": 59082.21,
                        "Total Cost": 614828.05,
                        "Plan Rows": 583018,
                        "Plan Width": 8,
                        "Actual Startup Time": 619.748,
                        "Actual Total Time": 2610.544,
                        "Actual Rows": 942,
                        "Actual Loops": 2,
                        "Inner Unique": true,
                        "Hash Cond": "(ci.movie_id = t.id)",
                        "Plans": [
                          {
                            "Node Type": "Seq Scan",
                            "Parent Relationship": "Outer",
                            "Parallel Aware": true,
                            "Relation Name": "cast_info",
                            "Alias": "ci",
                            "Startup Cost": 0.0,
                            "Total Cost": 519069.44,
                            "Plan Rows": 13971936,
                            "Plan Width": 4,
                            "Actual Startup Time": 476.813,
                            "Actual Total Time": 1724.253,
                            "Actual Rows": 11786828,
                            "Actual Loops": 2,
                            "Filter": "(role_id > 1)",
                            "Rows Removed by Filter": 6335344
                          },
                          {
                            "Node Type": "Hash",
                            "Parent Relationship": "Inner",
                            "Parallel Aware": true,
                            "Startup Cost": 58306.47,
                            "Total Cost": 58306.47,
                            "Plan Rows": 62059,
                            "Plan Width": 4,
                            "Actual Startup Time": 134.757,
                            "Actual Total Time": 134.758,
                            "Actual Rows": 178,
                            "Actual Loops": 2,
                            "Hash Buckets": 131072,
                            "Original Hash Buckets": 131072,
                            "Hash Batches": 1,
                            "Original Hash Batches": 1,
                            "Peak Memory Usage": 1088,
                            "Plans": [
                              {
                                "Node Type": "Seq Scan",
                                "Parent Relationship": "Outer",
                                "Parallel Aware": true,
                                "Relation Name": "title",
                                "Alias": "t",
                                "Startup Cost": 0.0,
                                "Total Cost": 58306.47,
                                "Plan Rows": 62059,
                                "Plan Width": 4,
                                "Actual Startup Time": 10.667,
                                "Actual Total Time": 133.83,
                                "Actual Rows": 178,
                                "Actual Loops": 2,
                                "Filter": "((kind_id > 1) AND (production_year < 1942))",
                                "Rows Removed by Filter": 1263978
                              }
                            ]
                          }
                        ]
                      }
                    ]
                  }
                ]
              }
            ]
          }
        ]
      }
    ]
  },
  "Planning Time": 0.985,
  "Triggers": [],
  "Execution Time": 3967.673
}