{
  "Plan": {
    "Node Type": "Aggregate",
    "Strategy": "Plain",
    "Partial Mode": "Finalize",
    "Parallel Aware": false,
    "Startup Cost": 595369.73,
    "Total Cost": 595369.74,
    "Plan Rows": 1,
    "Plan Width": 8,
    "Actual Startup Time": 1573.045,
    "Actual Total Time": 1659.886,
    "Actual Rows": 1,
    "Actual Loops": 1,
    "Plans": [
      {
        "Node Type": "Gather",
        "Parent Relationship": "Outer",
        "Parallel Aware": false,
        "Startup Cost": 595369.62,
        "Total Cost": 595369.73,
        "Plan Rows": 1,
        "Plan Width": 8,
        "Actual Startup Time": 1570.889,
        "Actual Total Time": 1659.877,
        "Actual Rows": 2,
        "Actual Loops": 1,
        "Workers Planned": 1,
        "Workers Launched": 1,
        "Single Copy": false,
        "Plans": [
          {
            "Node Type": "Aggregate",
            "Strategy": "Plain",
            "Partial Mode": "Partial",
            "Parent Relationship": "Outer",
            "Parallel Aware": false,
            "Startup Cost": 594369.62,
            "Total Cost": 594369.63,
            "Plan Rows": 1,
            "Plan Width": 8,
            "Actual Startup Time": 1564.903,
            "Actual Total Time": 1564.907,
            "Actual Rows": 1,
            "Actual Loops": 2,
            "Plans": [
              {
                "Node Type": "Nested Loop",
                "Parent Relationship": "Outer",
                "Parallel Aware": false,
                "Join Type": "Inner",
                "Startup Cost": 82296.13,
                "Total Cost": 589339.91,
                "Plan Rows": 2011882,
                "Plan Width": 0,
                "Actual Startup Time": 309.955,
                "Actual Total Time": 1505.739,
                "Actual Rows": 1327394,
                "Actual Loops": 2,
                "Inner Unique": false,
                "Join Filter": "(t.id = ci.movie_id)",
                "Rows Removed by Join Filter": 0,
                "Plans": [
                  {
                    "Node Type": "Hash Join",
                    "Parent Relationship": "Outer",
                    "Parallel Aware": true,
                    "Join Type": "Inner",
                    "Startup Cost": 82295.57,
                    "Total Cost": 114738.32,
                    "Plan Rows": 140406,
                    "Plan Width": 8,
                    "Actual Startup Time": 309.889,
                    "Actual Total Time": 484.624,
                    "Actual Rows": 47085,
                    "Actual Loops": 2,
                    "Inner Unique": true,
                    "Hash Cond": "(mk.movie_id = t.id)",
                    "Plans": [
                      {
                        "Node Type": "Bitmap Heap Scan",
                        "Parent Relationship": "Outer",
                        "Parallel Aware": true,
                        "Relation Name": "movie_keyword",
                        "Alias": "mk",
                        "Startup Cost": 19047.24,
                        "Total Cost": 50103.51,
                        "Plan Rows": 528182,
                        "Plan Width": 4,
                        "Actual Startup Time": 51.702,
                        "Actual Total Time": 133.201,
                        "Actual Rows": 453007,
                        "Actual Loops": 2,
                        "Recheck Cond": "(keyword_id < 865)",
                        "Rows Removed by Index Recheck": 0,
                        "Exact Heap Blocks": 13062,
                        "Lossy Heap Blocks": 0,
                        "Plans": [
                          {
                            "Node Type": "Bitmap Index Scan",
                            "Parent Relationship": "Outer",
                            "Parallel Aware": false,
                            "Index Name": "keyword_id_movie_keyword",
                            "Startup Cost": 0.0,
                            "Total Cost": 18822.76,
                            "Plan Rows": 897910,
                            "Plan Width": 0,
                            "Actual Startup Time": 48.074,
                            "Actual Total Time": 48.075,
                            "Actual Rows": 906014,
                            "Actual Loops": 1,
                            "Index Cond": "(keyword_id < 865)"
                          }
                        ]
                      },
                      {
                        "Node Type": "Hash",
                        "Parent Relationship": "Inner",
                        "Parallel Aware": true,
                        "Startup Cost": 58306.47,
                        "Total Cost": 58306.47,
                        "Plan Rows": 395349,
                        "Plan Width": 4,
                        "Actual Startup Time": 249.319,
                        "Actual Total Time": 249.32,
                        "Actual Rows": 352163,
                        "Actual Loops": 2,
                        "Hash Buckets": 1048576,
                        "Original Hash Buckets": 1048576,
                        "Hash Batches": 1,
                        "Original Hash Batches": 1,
                        "Peak Memory Usage": 35776,
                        "Plans": [
                          {
                            "Node Type": "Seq Scan",
                            "Parent Relationship": "Outer",
                            "Parallel Aware": true,
                            "Relation Name": "title",
                            "Alias": "t",
                            "Startup Cost": 0.0,
                            "Total Cost": 58306.47,
                            "Plan Rows": 395349,
                            "Plan Width": 4,
                            "Actual Startup Time": 0.031,
                            "Actual Total Time": 158.751,
                            "Actual Rows": 352163,
                            "Actual Loops": 2,
                            "Filter": "((kind_id > 1) AND (production_year > 2006))",
                            "Rows Removed by Filter": 911993
                          }
                        ]
                      }
                    ]
                  },
                  {
                    "Node Type": "Index Only Scan",
                    "Parent Relationship": "Inner",
                    "Parallel Aware": false,
                    "Scan Direction": "Forward",
                    "Index Name": "movie_id_cast_info",
                    "Relation Name": "cast_info",
                    "Alias": "ci",
                    "Startup Cost": 0.56,
                    "Total Cost": 2.92,
                    "Plan Rows": 37,
                    "Plan Width": 4,
                    "Actual Startup Time": 0.004,
                    "Actual Total Time": 0.019,
                    "Actual Rows": 28,
                    "Actual Loops": 94170,
                    "Index Cond": "(movie_id = mk.movie_id)",
                    "Rows Removed by Index Recheck": 0,
                    "Heap Fetches": 2654788
                  }
                ]
              }
            ]
          }
        ]
      }
    ]
  },
  "Planning Time": 0.995,
  "Triggers": [],
  "Execution Time": 1660.014
}