{
  "Plan": {
    "Node Type": "Aggregate",
    "Strategy": "Plain",
    "Partial Mode": "Finalize",
    "Parallel Aware": false,
    "Startup Cost": 787321.59,
    "Total Cost": 787321.6,
    "Plan Rows": 1,
    "Plan Width": 32,
    "Actual Startup Time": 3745.019,
    "Actual Total Time": 3805.12,
    "Actual Rows": 1,
    "Actual Loops": 1,
    "Plans": [
      {
        "Node Type": "Gather",
        "Parent Relationship": "Outer",
        "Parallel Aware": false,
        "Startup Cost": 787321.47,
        "Total Cost": 787321.58,
        "Plan Rows": 1,
        "Plan Width": 32,
        "Actual Startup Time": 3703.647,
        "Actual Total Time": 3805.104,
        "Actual Rows": 2,
        "Actual Loops": 1,
        "Workers Planned": 1,
        "Workers Launched": 1,
        "Single Copy": false,
        "Plans": [
          {
            "Node Type": "Aggregate",
            "Strategy": "Plain",
            "Partial Mode": "Partial",
            "Parent Relationship": "Outer",
            "Parallel Aware": false,
            "Startup Cost": 786321.47,
            "Total Cost": 786321.48,
            "Plan Rows": 1,
            "Plan Width": 32,
            "Actual Startup Time": 3710.505,
            "Actual Total Time": 3710.838,
            "Actual Rows": 1,
            "Actual Loops": 2,
            "Plans": [
              {
                "Node Type": "Hash Join",
                "Parent Relationship": "Outer",
                "Parallel Aware": false,
                "Join Type": "Inner",
                "Startup Cost": 775044.03,
                "Total Cost": 786299.74,
                "Plan Rows": 8694,
                "Plan Width": 17,
                "Actual Startup Time": 3558.603,
                "Actual Total Time": 3710.739,
                "Actual Rows": 650,
                "Actual Loops": 2,
                "Inner Unique": true,
                "Hash Cond": "(mc.company_type_id = ct.id)",
                "Plans": [
                  {
                    "Node Type": "Hash Join",
                    "Parent Relationship": "Outer",
                    "Parallel Aware": true,
                    "Join Type": "Inner",
                    "Startup Cost": 775042.97,
                    "Total Cost": 786110.67,
                    "Plan Rows": 34777,
                    "Plan Width": 21,
                    "Actual Startup Time": 3558.239,
                    "Actual Total Time": 3706.807,
                    "Actual Rows": 71518,
                    "Actual Loops": 2,
                    "Inner Unique": false,
                    "Hash Cond": "(t.id = mc.movie_id)",
                    "Plans": [
                      {
                        "Node Type": "Merge Join",
                        "Parent Relationship": "Outer",
                        "Parallel Aware": false,
                        "Join Type": "Inner",
                        "Startup Cost": 731966.53,
                        "Total Cost": 739634.78,
                        "Plan Rows": 511180,
                        "Plan Width": 25,
                        "Actual Startup Time": 3275.058,
                        "Actual Total Time": 3343.382,
                        "Actual Rows": 427123,
                        "Actual Loops": 2,
                        "Inner Unique": true,
                        "Merge Cond": "(mi.info_type_id = it.id)",
                        "Plans": [
                          {
                            "Node Type": "Sort",
                            "Parent Relationship": "Outer",
                            "Parallel Aware": false,
                            "Startup Cost": 731960.54,
                            "Total Cost": 733238.49,
                            "Plan Rows": 511180,
                            "Plan Width": 29,
                            "Actual Startup Time": 3274.98,
                            "Actual Total Time": 3293.053,
                            "Actual Rows": 427123,
                            "Actual Loops": 2,
                            "Sort Key": [
                              "mi.info_type_id"
                            ],
                            "Sort Method": "quicksort",
                            "Sort Space Used": 68870,
                            "Sort Space Type": "Memory",
                            "Workers": [
                              {
                                "Worker Number": 0,
                                "Sort Method": "quicksort",
                                "Sort Space Used": 38738,
                                "Sort Space Type": "Memory"
                              }
                            ],
                            "Plans": [
                              {
                                "Node Type": "Merge Join",
                                "Parent Relationship": "Outer",
                                "Parallel Aware": false,
                                "Join Type": "Inner",
                                "Startup Cost": 666504.47,
                                "Total Cost": 683491.81,
                                "Plan Rows": 511180,
                                "Plan Width": 29,
                                "Actual Startup Time": 2707.0,
                                "Actual Total Time": 3180.897,
                                "Actual Rows": 427123,
                                "Actual Loops": 2,
                                "Inner Unique": true,
                                "Merge Cond": "(mi.movie_id = t.id)",
                                "Plans": [
                                  {
                                    "Node Type": "Sort",
                                    "Parent Relationship": "Outer",
                                    "Parallel Aware": false,
                                    "Startup Cost": 441325.04,
                                    "Total Cost": 443431.63,
                                    "Plan Rows": 842636,
                                    "Plan Width": 8,
                                    "Actual Startup Time": 1968.339,
                                    "Actual Total Time": 2006.92,
                                    "Actual Rows": 743456,
                                    "Actual Loops": 2,
                                    "Sort Key": [
                                      "mi.movie_id"
                                    ],
                                    "Sort Method": "quicksort",
                                    "Sort Space Used": 68020,
                                    "Sort Space Type": "Memory",
                                    "Workers": [
                                      {
                                        "Worker Number": 0,
                                        "Sort Method": "quicksort",
                                        "Sort Space Used": 50832,
                                        "Sort Space Type": "Memory"
                                      }
                                    ],
                                    "Plans": [
                                      {
                                        "Node Type": "Seq Scan",
                                        "Parent Relationship": "Outer",
                                        "Parallel Aware": true,
                                        "Relation Name": "movie_info",
                                        "Alias": "mi",
                                        "Startup Cost": 0.0,
                                        "Total Cost": 358390.48,
                                        "Plan Rows": 842636,
                                        "Plan Width": 8,
                                        "Actual Startup Time": 0.021,
                                        "Actual Total Time": 1813.777,
                                        "Actual Rows": 743456,
                                        "Actual Loops": 2,
                                        "Filter": "(info = ANY ('{Germany,German,English,Danish,Swedish,Norwegian,Denmark,USA,Bulgaria,America}'::text[]))",
                                        "Rows Removed by Filter": 6674404
                                      }
                                    ]
                                  },
                                  {
                                    "Node Type": "Sort",
                                    "Parent Relationship": "Inner",
                                    "Parallel Aware": false,
                                    "Startup Cost": 225179.04,
                                    "Total Cost": 229013.33,
                                    "Plan Rows": 1533716,
                                    "Plan Width": 21,
                                    "Actual Startup Time": 738.645,
                                    "Actual Total Time": 933.878,
                                    "Actual Rows": 1531231,
                                    "Actual Loops": 2,
                                    "Sort Key": [
                                      "t.id"
                                    ],
                                    "Sort Method": "quicksort",
                                    "Sort Space Used": 155821,
                                    "Sort Space Type": "Memory",
                                    "Workers": [
                                      {
                                        "Worker Number": 0,
                                        "Sort Method": "quicksort",
                                        "Sort Space Used": 155821,
                                        "Sort Space Type": "Memory"
                                      }
                                    ],
                                    "Plans": [
                                      {
                                        "Node Type": "Seq Scan",
                                        "Parent Relationship": "Outer",
                                        "Parallel Aware": false,
                                        "Relation Name": "title",
                                        "Alias": "t",
                                        "Startup Cost": 0.0,
                                        "Total Cost": 67600.46,
                                        "Plan Rows": 1533716,
                                        "Plan Width": 21,
                                        "Actual Startup Time": 0.033,
                                        "Actual Total Time": 297.958,
                                        "Actual Rows": 1531613,
                                        "Actual Loops": 2,
                                        "Filter": "(production_year > 1997)",
                                        "Rows Removed by Filter": 996699
                                      }
                                    ]
                                  }
                                ]
                              }
                            ]
                          },
                          {
                            "Node Type": "Sort",
                            "Parent Relationship": "Inner",
                            "Parallel Aware": false,
                            "Startup Cost": 5.98,
                            "Total Cost": 6.27,
                            "Plan Rows": 113,
                            "Plan Width": 4,
                            "Actual Startup Time": 0.07,
                            "Actual Total Time": 0.076,
                            "Actual Rows": 57,
                            "Actual Loops": 2,
                            "Sort Key": [
                              "it.id"
                            ],
                            "Sort Method": "quicksort",
                            "Sort Space Used": 30,
                            "Sort Space Type": "Memory",
                            "Workers": [
                              {
                                "Worker Number": 0,
                                "Sort Method": "quicksort",
                                "Sort Space Used": 30,
                                "Sort Space Type": "Memory"
                              }
                            ],
                            "Plans": [
                              {
                                "Node Type": "Seq Scan",
                                "Parent Relationship": "Outer",
                                "Parallel Aware": false,
                                "Relation Name": "info_type",
                                "Alias": "it",
                                "Startup Cost": 0.0,
                                "Total Cost": 2.13,
                                "Plan Rows": 113,
                                "Plan Width": 4,
                                "Actual Startup Time": 0.041,
                                "Actual Total Time": 0.05,
                                "Actual Rows": 113,
                                "Actual Loops": 2
                              }
                            ]
                          }
                        ]
                      },
                      {
                        "Node Type": "Hash",
                        "Parent Relationship": "Inner",
                        "Parallel Aware": true,
                        "Startup Cost": 41811.73,
                        "Total Cost": 41811.73,
                        "Plan Rows": 101177,
                        "Plan Width": 8,
                        "Actual Startup Time": 279.626,
                        "Actual Total Time": 279.627,
                        "Actual Rows": 147814,
                        "Actual Loops": 2,
                        "Hash Buckets": 524288,
                        "Original Hash Buckets": 262144,
                        "Hash Batches": 1,
                        "Original Hash Batches": 1,
                        "Peak Memory Usage": 17728,
                        "Plans": [
                          {
                            "Node Type": "Seq Scan",
                            "Parent Relationship": "Outer",
                            "Parallel Aware": true,
                            "Relation Name": "movie_companies",
                            "Alias": "mc",
                            "Startup Cost": 0.0,
                            "Total Cost": 41811.73,
                            "Plan Rows": 101177,
                            "Plan Width": 8,
                            "Actual Startup Time": 0.103,
                            "Actual Total Time": 226.563,
                            "Actual Rows": 147814,
                            "Actual Loops": 2,
                            "Filter": "((note !~~ '%(TV)%'::text) AND (note ~~ '%(USA)%'::text))",
                            "Rows Removed by Filter": 1156750
                          }
                        ]
                      }
                    ]
                  },
                  {
                    "Node Type": "Hash",
                    "Parent Relationship": "Inner",
                    "Parallel Aware": false,
                    "Startup Cost": 1.05,
                    "Total Cost": 1.05,
                    "Plan Rows": 1,
                    "Plan Width": 4,
                    "Actual Startup Time": 0.079,
                    "Actual Total Time": 0.08,
                    "Actual Rows": 1,
                    "Actual Loops": 2,
                    "Hash Buckets": 1024,
                    "Original Hash Buckets": 1024,
                    "Hash Batches": 1,
                    "Original Hash Batches": 1,
                    "Peak Memory Usage": 9,
                    "Plans": [
                      {
                        "Node Type": "Seq Scan",
                        "Parent Relationship": "Outer",
                        "Parallel Aware": false,
                        "Relation Name": "company_type",
                        "Alias": "ct",
                        "Startup Cost": 0.0,
                        "Total Cost": 1.05,
                        "Plan Rows": 1,
                        "Plan Width": 4,
                        "Actual Startup Time": 0.059,
                        "Actual Total Time": 0.062,
                        "Actual Rows": 1,
                        "Actual Loops": 2,
                        "Filter": "((kind)::text = 'production companies'::text)",
                        "Rows Removed by Filter": 3
                      }
                    ]
                  }
                ]
              }
            ]
          }
        ]
      }
    ]
  },
  "Planning Time": 1.654,
  "Triggers": [],
  "Execution Time": 3805.325
}