[
  {
    "Plan": {
      "Node Type": "Aggregate",
      "Strategy": "Plain",
      "Partial Mode": "Finalize",
      "Parallel Aware": false,
      "Startup Cost": 45279.39,
      "Total Cost": 45279.4,
      "Plan Rows": 1,
      "Plan Width": 8,
      "Actual Startup Time": 98.317,
      "Actual Total Time": 109.577,
      "Actual Rows": 1,
      "Actual Loops": 1,
      "Plans": [
        {
          "Node Type": "Gather",
          "Parent Relationship": "Outer",
          "Parallel Aware": false,
          "Startup Cost": 45278.97,
          "Total Cost": 45279.38,
          "Plan Rows": 4,
          "Plan Width": 8,
          "Actual Startup Time": 98.03,
          "Actual Total Time": 109.567,
          "Actual Rows": 5,
          "Actual Loops": 1,
          "Workers Planned": 4,
          "Workers Launched": 4,
          "Single Copy": false,
          "Plans": [
            {
              "Node Type": "Aggregate",
              "Strategy": "Plain",
              "Partial Mode": "Partial",
              "Parent Relationship": "Outer",
              "Parallel Aware": false,
              "Startup Cost": 44278.97,
              "Total Cost": 44278.98,
              "Plan Rows": 1,
              "Plan Width": 8,
              "Actual Startup Time": 91.47,
              "Actual Total Time": 91.471,
              "Actual Rows": 1,
              "Actual Loops": 5,
              "Plans": [
                {
                  "Node Type": "Seq Scan",
                  "Parent Relationship": "Outer",
                  "Parallel Aware": true,
                  "Relation Name": "title",
                  "Alias": "t",
                  "Startup Cost": 0.0,
                  "Total Cost": 43899.32,
                  "Plan Rows": 151860,
                  "Plan Width": 0,
                  "Actual Startup Time": 0.044,
                  "Actual Total Time": 84.807,
                  "Actual Rows": 124570,
                  "Actual Loops": 5,
                  "Filter": "(production_year < 1987)",
                  "Rows Removed by Filter": 381092
                }
              ]
            }
          ]
        }
      ]
    },
    "Planning Time": 0.084,
    "Triggers": [],
    "Execution Time": 109.609
  }
]