[
  {
    "Plan": {
      "Node Type": "Aggregate",
      "Strategy": "Plain",
      "Partial Mode": "Finalize",
      "Parallel Aware": false,
      "Startup Cost": 45285.5,
      "Total Cost": 45285.51,
      "Plan Rows": 1,
      "Plan Width": 8,
      "Actual Startup Time": 98.614,
      "Actual Total Time": 110.8,
      "Actual Rows": 1,
      "Actual Loops": 1,
      "Plans": [
        {
          "Node Type": "Gather",
          "Parent Relationship": "Outer",
          "Parallel Aware": false,
          "Startup Cost": 45285.08,
          "Total Cost": 45285.49,
          "Plan Rows": 4,
          "Plan Width": 8,
          "Actual Startup Time": 98.494,
          "Actual Total Time": 110.79,
          "Actual Rows": 5,
          "Actual Loops": 1,
          "Workers Planned": 4,
          "Workers Launched": 4,
          "Single Copy": false,
          "Plans": [
            {
              "Node Type": "Aggregate",
              "Strategy": "Plain",
              "Partial Mode": "Partial",
              "Parent Relationship": "Outer",
              "Parallel Aware": false,
              "Startup Cost": 44285.08,
              "Total Cost": 44285.09,
              "Plan Rows": 1,
              "Plan Width": 8,
              "Actual Startup Time": 91.034,
              "Actual Total Time": 91.035,
              "Actual Rows": 1,
              "Actual Loops": 5,
              "Plans": [
                {
                  "Node Type": "Seq Scan",
                  "Parent Relationship": "Outer",
                  "Parallel Aware": true,
                  "Relation Name": "title",
                  "Alias": "t",
                  "Startup Cost": 0.0,
                  "Total Cost": 43898.92,
                  "Plan Rows": 154467,
                  "Plan Width": 0,
                  "Actual Startup Time": 0.037,
                  "Actual Total Time": 84.62,
                  "Actual Rows": 124570,
                  "Actual Loops": 5,
                  "Filter": "(production_year < 1987)",
                  "Rows Removed by Filter": 381092
                }
              ]
            }
          ]
        }
      ]
    },
    "Planning Time": 0.134,
    "Triggers": [],
    "Execution Time": 110.853
  }
]