{
  "Plan": {
    "Node Type": "Aggregate",
    "Strategy": "Plain",
    "Partial Mode": "Finalize",
    "Parallel Aware": false,
    "Startup Cost": 79392.85,
    "Total Cost": 79392.86,
    "Plan Rows": 1,
    "Plan Width": 8,
    "Actual Startup Time": 303.773,
    "Actual Total Time": 318.905,
    "Actual Rows": 1,
    "Actual Loops": 1,
    "Plans": [
      {
        "Node Type": "Gather",
        "Parent Relationship": "Outer",
        "Parallel Aware": false,
        "Startup Cost": 79392.74,
        "Total Cost": 79392.85,
        "Plan Rows": 1,
        "Plan Width": 8,
        "Actual Startup Time": 303.053,
        "Actual Total Time": 318.897,
        "Actual Rows": 2,
        "Actual Loops": 1,
        "Workers Planned": 1,
        "Workers Launched": 1,
        "Single Copy": false,
        "Plans": [
          {
            "Node Type": "Aggregate",
            "Strategy": "Plain",
            "Partial Mode": "Partial",
            "Parent Relationship": "Outer",
            "Parallel Aware": false,
            "Startup Cost": 78392.74,
            "Total Cost": 78392.75,
            "Plan Rows": 1,
            "Plan Width": 8,
            "Actual Startup Time": 297.408,
            "Actual Total Time": 297.412,
            "Actual Rows": 1,
            "Actual Loops": 2,
            "Plans": [
              {
                "Node Type": "Hash Join",
                "Parent Relationship": "Outer",
                "Parallel Aware": true,
                "Join Type": "Inner",
                "Startup Cost": 59553.16,
                "Total Cost": 78347.28,
                "Plan Rows": 18185,
                "Plan Width": 0,
                "Actual Startup Time": 196.356,
                "Actual Total Time": 296.959,
                "Actual Rows": 7102,
                "Actual Loops": 2,
                "Inner Unique": true,
                "Hash Cond": "(mi_idx.movie_id = t.id)",
                "Plans": [
                  {
                    "Node Type": "Seq Scan",
                    "Parent Relationship": "Outer",
                    "Parallel Aware": true,
                    "Relation Name": "movie_info_idx",
                    "Alias": "mi_idx",
                    "Startup Cost": 0.0,
                    "Total Cost": 18082.32,
                    "Plan Rows": 271164,
                    "Plan Width": 4,
                    "Actual Startup Time": 0.023,
                    "Actual Total Time": 60.86,
                    "Actual Rows": 230092,
                    "Actual Loops": 2,
                    "Filter": "(info_type_id > 100)",
                    "Rows Removed by Filter": 459925
                  },
                  {
                    "Node Type": "Hash",
                    "Parent Relationship": "Inner",
                    "Parallel Aware": true,
                    "Startup Cost": 58306.47,
                    "Total Cost": 58306.47,
                    "Plan Rows": 99735,
                    "Plan Width": 4,
                    "Actual Startup Time": 192.645,
                    "Actual Total Time": 192.646,
                    "Actual Rows": 85034,
                    "Actual Loops": 2,
                    "Hash Buckets": 262144,
                    "Original Hash Buckets": 262144,
                    "Hash Batches": 1,
                    "Original Hash Batches": 1,
                    "Peak Memory Usage": 8736,
                    "Plans": [
                      {
                        "Node Type": "Seq Scan",
                        "Parent Relationship": "Outer",
                        "Parallel Aware": true,
                        "Relation Name": "title",
                        "Alias": "t",
                        "Startup Cost": 0.0,
                        "Total Cost": 58306.47,
                        "Plan Rows": 99735,
                        "Plan Width": 4,
                        "Actual Startup Time": 0.032,
                        "Actual Total Time": 166.125,
                        "Actual Rows": 85034,
                        "Actual Loops": 2,
                        "Filter": "((kind_id > 1) AND (production_year > 2011))",
                        "Rows Removed by Filter": 1179122
                      }
                    ]
                  }
                ]
              }
            ]
          }
        ]
      }
    ]
  },
  "Planning Time": 0.451,
  "Triggers": [],
  "Execution Time": 318.976
}