[
  {
    "Plan": {
      "Node Type": "Aggregate",
      "Strategy": "Plain",
      "Partial Mode": "Finalize",
      "Parallel Aware": false,
      "Startup Cost": 45088.84,
      "Total Cost": 45088.85,
      "Plan Rows": 1,
      "Plan Width": 8,
      "Actual Startup Time": 132.628,
      "Actual Total Time": 142.475,
      "Actual Rows": 1,
      "Actual Loops": 1,
      "Plans": [
        {
          "Node Type": "Gather",
          "Parent Relationship": "Outer",
          "Parallel Aware": false,
          "Startup Cost": 45088.52,
          "Total Cost": 45088.83,
          "Plan Rows": 3,
          "Plan Width": 8,
          "Actual Startup Time": 132.338,
          "Actual Total Time": 142.467,
          "Actual Rows": 4,
          "Actual Loops": 1,
          "Workers Planned": 3,
          "Workers Launched": 3,
          "Single Copy": false,
          "Plans": [
            {
              "Node Type": "Aggregate",
              "Strategy": "Plain",
              "Partial Mode": "Partial",
              "Parent Relationship": "Outer",
              "Parallel Aware": false,
              "Startup Cost": 44088.52,
              "Total Cost": 44088.53,
              "Plan Rows": 1,
              "Plan Width": 8,
              "Actual Startup Time": 127.036,
              "Actual Total Time": 127.037,
              "Actual Rows": 1,
              "Actual Loops": 4,
              "Plans": [
                {
                  "Node Type": "Seq Scan",
                  "Parent Relationship": "Outer",
                  "Parallel Aware": true,
                  "Relation Name": "movie_keyword",
                  "Alias": "mk",
                  "Startup Cost": 0.0,
                  "Total Cost": 42695.65,
                  "Plan Rows": 557147,
                  "Plan Width": 0,
                  "Actual Startup Time": 0.04,
                  "Actual Total Time": 106.849,
                  "Actual Rows": 433958,
                  "Actual Loops": 4,
                  "Filter": "(keyword_id < 2837)",
                  "Rows Removed by Filter": 697025
                }
              ]
            }
          ]
        }
      ]
    },
    "Planning Time": 0.114,
    "Triggers": [],
    "Execution Time": 142.512
  }
]