{
    "Plan": {
        "Node Type": "Aggregate",
        "Strategy": "Plain",
        "Partial Mode": "Finalize",
        "Parallel Aware": false,
        "Startup Cost": 252721.16,
        "Total Cost": 252721.17,
        "Plan Rows": 1,
        "Plan Width": 8,
        "Actual Startup Time": 498.822,
        "Actual Total Time": 537.491,
        "Actual Rows": 1,
        "Actual Loops": 1,
        "Output": [
            "count(*)"
        ],
        "Plans": [
            {
                "Node Type": "Gather",
                "Parent Relationship": "Outer",
                "Parallel Aware": false,
                "Startup Cost": 252720.74,
                "Total Cost": 252721.15,
                "Plan Rows": 4,
                "Plan Width": 8,
                "Actual Startup Time": 497.588,
                "Actual Total Time": 537.48,
                "Actual Rows": 5,
                "Actual Loops": 1,
                "Output": [
                    "(PARTIAL count(*))"
                ],
                "Workers Planned": 4,
                "Workers Launched": 4,
                "Single Copy": false,
                "Plans": [
                    {
                        "Node Type": "Aggregate",
                        "Strategy": "Plain",
                        "Partial Mode": "Partial",
                        "Parent Relationship": "Outer",
                        "Parallel Aware": false,
                        "Startup Cost": 251720.74,
                        "Total Cost": 251720.75,
                        "Plan Rows": 1,
                        "Plan Width": 8,
                        "Actual Startup Time": 487.216,
                        "Actual Total Time": 487.219,
                        "Actual Rows": 1,
                        "Actual Loops": 5,
                        "Output": [
                            "PARTIAL count(*)"
                        ],
                        "Workers": [
                            {
                                "Worker Number": 0,
                                "Actual Startup Time": 484.605,
                                "Actual Total Time": 484.609,
                                "Actual Rows": 1,
                                "Actual Loops": 1
                            },
                            {
                                "Worker Number": 1,
                                "Actual Startup Time": 484.738,
                                "Actual Total Time": 484.742,
                                "Actual Rows": 1,
                                "Actual Loops": 1
                            },
                            {
                                "Worker Number": 2,
                                "Actual Startup Time": 484.698,
                                "Actual Total Time": 484.701,
                                "Actual Rows": 1,
                                "Actual Loops": 1
                            },
                            {
                                "Worker Number": 3,
                                "Actual Startup Time": 485.253,
                                "Actual Total Time": 485.256,
                                "Actual Rows": 1,
                                "Actual Loops": 1
                            }
                        ],
                        "Plans": [
                            {
                                "Node Type": "Hash Join",
                                "Parent Relationship": "Outer",
                                "Parallel Aware": true,
                                "Join Type": "Inner",
                                "Startup Cost": 202325.64,
                                "Total Cost": 251267.45,
                                "Plan Rows": 181318,
                                "Plan Width": 0,
                                "Actual Startup Time": 332.523,
                                "Actual Total Time": 487.165,
                                "Actual Rows": 184,
                                "Actual Loops": 5,
                                "Inner Unique": false,
                                "Hash Cond": "(t.id = ci.movie_id)",
                                "Workers": [
                                    {
                                        "Worker Number": 0,
                                        "Actual Startup Time": 330.128,
                                        "Actual Total Time": 484.555,
                                        "Actual Rows": 158,
                                        "Actual Loops": 1
                                    },
                                    {
                                        "Worker Number": 1,
                                        "Actual Startup Time": 334.072,
                                        "Actual Total Time": 484.686,
                                        "Actual Rows": 156,
                                        "Actual Loops": 1
                                    },
                                    {
                                        "Worker Number": 2,
                                        "Actual Startup Time": 329.555,
                                        "Actual Total Time": 484.644,
                                        "Actual Rows": 150,
                                        "Actual Loops": 1
                                    },
                                    {
                                        "Worker Number": 3,
                                        "Actual Startup Time": 328.445,
                                        "Actual Total Time": 485.201,
                                        "Actual Rows": 203,
                                        "Actual Loops": 1
                                    }
                                ],
                                "Plans": [
                                    {
                                        "Node Type": "Seq Scan",
                                        "Parent Relationship": "Outer",
                                        "Parallel Aware": true,
                                        "Relation Name": "title",
                                        "Schema": "public",
                                        "Alias": "t",
                                        "Startup Cost": 0.0,
                                        "Total Cost": 42318.81,
                                        "Plan Rows": 632080,
                                        "Plan Width": 4,
                                        "Actual Startup Time": 0.022,
                                        "Actual Total Time": 76.639,
                                        "Actual Rows": 505662,
                                        "Actual Loops": 5,
                                        "Output": [
                                            "t.id",
                                            "t.title",
                                            "t.imdb_index",
                                            "t.kind_id",
                                            "t.production_year",
                                            "t.imdb_id",
                                            "t.phonetic_code",
                                            "t.episode_of_id",
                                            "t.season_nr",
                                            "t.episode_nr",
                                            "t.series_years",
                                            "t.md5sum"
                                        ],
                                        "Workers": [
                                            {
                                                "Worker Number": 0,
                                                "Actual Startup Time": 0.023,
                                                "Actual Total Time": 80.08,
                                                "Actual Rows": 428890,
                                                "Actual Loops": 1
                                            },
                                            {
                                                "Worker Number": 1,
                                                "Actual Startup Time": 0.026,
                                                "Actual Total Time": 79.441,
                                                "Actual Rows": 407701,
                                                "Actual Loops": 1
                                            },
                                            {
                                                "Worker Number": 2,
                                                "Actual Startup Time": 0.03,
                                                "Actual Total Time": 79.9,
                                                "Actual Rows": 414696,
                                                "Actual Loops": 1
                                            },
                                            {
                                                "Worker Number": 3,
                                                "Actual Startup Time": 0.024,
                                                "Actual Total Time": 77.995,
                                                "Actual Rows": 552727,
                                                "Actual Loops": 1
                                            }
                                        ]
                                    },
                                    {
                                        "Node Type": "Hash",
                                        "Parent Relationship": "Inner",
                                        "Parallel Aware": true,
                                        "Startup Cost": 200814.65,
                                        "Total Cost": 200814.65,
                                        "Plan Rows": 120879,
                                        "Plan Width": 4,
                                        "Actual Startup Time": 325.975,
                                        "Actual Total Time": 325.976,
                                        "Actual Rows": 184,
                                        "Actual Loops": 5,
                                        "Output": [
                                            "ci.movie_id"
                                        ],
                                        "Hash Buckets": 1048576,
                                        "Original Hash Buckets": 1048576,
                                        "Hash Batches": 1,
                                        "Original Hash Batches": 1,
                                        "Peak Memory Usage": 8352,
                                        "Workers": [
                                            {
                                                "Worker Number": 0,
                                                "Actual Startup Time": 327.103,
                                                "Actual Total Time": 327.104,
                                                "Actual Rows": 33,
                                                "Actual Loops": 1
                                            },
                                            {
                                                "Worker Number": 1,
                                                "Actual Startup Time": 327.235,
                                                "Actual Total Time": 327.236,
                                                "Actual Rows": 120,
                                                "Actual Loops": 1
                                            },
                                            {
                                                "Worker Number": 2,
                                                "Actual Startup Time": 327.167,
                                                "Actual Total Time": 327.168,
                                                "Actual Rows": 121,
                                                "Actual Loops": 1
                                            },
                                            {
                                                "Worker Number": 3,
                                                "Actual Startup Time": 327.713,
                                                "Actual Total Time": 327.714,
                                                "Actual Rows": 328,
                                                "Actual Loops": 1
                                            }
                                        ],
                                        "Plans": [
                                            {
                                                "Node Type": "Index Scan",
                                                "Parent Relationship": "Outer",
                                                "Parallel Aware": true,
                                                "Scan Direction": "Forward",
                                                "Index Name": "role_id_cast_info",
                                                "Relation Name": "cast_info",
                                                "Schema": "public",
                                                "Alias": "ci",
                                                "Startup Cost": 0.56,
                                                "Total Cost": 200814.65,
                                                "Plan Rows": 120879,
                                                "Plan Width": 4,
                                                "Actual Startup Time": 7.525,
                                                "Actual Total Time": 319.868,
                                                "Actual Rows": 184,
                                                "Actual Loops": 5,
                                                "Output": [
                                                    "ci.movie_id"
                                                ],
                                                "Index Cond": "(ci.role_id = 2)",
                                                "Rows Removed by Index Recheck": 0,
                                                "Filter": "(ci.person_id < 342267)",
                                                "Rows Removed by Filter": 1490211,
                                                "Workers": [
                                                    {
                                                        "Worker Number": 0,
                                                        "Actual Startup Time": 2.836,
                                                        "Actual Total Time": 320.109,
                                                        "Actual Rows": 33,
                                                        "Actual Loops": 1
                                                    },
                                                    {
                                                        "Worker Number": 1,
                                                        "Actual Startup Time": 0.28,
                                                        "Actual Total Time": 319.774,
                                                        "Actual Rows": 120,
                                                        "Actual Loops": 1
                                                    },
                                                    {
                                                        "Worker Number": 2,
                                                        "Actual Startup Time": 13.293,
                                                        "Actual Total Time": 319.528,
                                                        "Actual Rows": 121,
                                                        "Actual Loops": 1
                                                    },
                                                    {
                                                        "Worker Number": 3,
                                                        "Actual Startup Time": 12.711,
                                                        "Actual Total Time": 319.565,
                                                        "Actual Rows": 328,
                                                        "Actual Loops": 1
                                                    }
                                                ]
                                            }
                                        ]
                                    }
                                ]
                            }
                        ]
                    }
                ]
            }
        ]
    },
    "Planning Time": 0.735,
    "Triggers": [],
    "Execution Time": 537.577
}