[
  {
    "Plan": {
      "Node Type": "Aggregate",
      "Strategy": "Plain",
      "Partial Mode": "Finalize",
      "Parallel Aware": false,
      "Startup Cost": 46526.07,
      "Total Cost": 46526.08,
      "Plan Rows": 1,
      "Plan Width": 8,
      "Actual Startup Time": 90.399,
      "Actual Total Time": 101.152,
      "Actual Rows": 1,
      "Actual Loops": 1,
      "Plans": [
        {
          "Node Type": "Gather",
          "Parent Relationship": "Outer",
          "Parallel Aware": false,
          "Startup Cost": 46525.65,
          "Total Cost": 46526.06,
          "Plan Rows": 4,
          "Plan Width": 8,
          "Actual Startup Time": 90.258,
          "Actual Total Time": 101.142,
          "Actual Rows": 5,
          "Actual Loops": 1,
          "Workers Planned": 4,
          "Workers Launched": 4,
          "Single Copy": false,
          "Plans": [
            {
              "Node Type": "Aggregate",
              "Strategy": "Plain",
              "Partial Mode": "Partial",
              "Parent Relationship": "Outer",
              "Parallel Aware": false,
              "Startup Cost": 45525.65,
              "Total Cost": 45525.66,
              "Plan Rows": 1,
              "Plan Width": 8,
              "Actual Startup Time": 82.091,
              "Actual Total Time": 82.093,
              "Actual Rows": 1,
              "Actual Loops": 5,
              "Plans": [
                {
                  "Node Type": "Seq Scan",
                  "Parent Relationship": "Outer",
                  "Parallel Aware": true,
                  "Relation Name": "title",
                  "Alias": "t",
                  "Startup Cost": 0.0,
                  "Total Cost": 45479.1,
                  "Plan Rows": 18622,
                  "Plan Width": 0,
                  "Actual Startup Time": 64.533,
                  "Actual Total Time": 82.085,
                  "Actual Rows": 1,
                  "Actual Loops": 5,
                  "Filter": "((production_year < 1933) AND (kind_id = 7))",
                  "Rows Removed by Filter": 505662
                }
              ]
            }
          ]
        }
      ]
    },
    "Planning Time": 0.198,
    "Triggers": [],
    "Execution Time": 101.217
  }
]