{
  "Plan": {
    "Node Type": "Aggregate",
    "Strategy": "Plain",
    "Partial Mode": "Finalize",
    "Parallel Aware": false,
    "Startup Cost": 518540.75,
    "Total Cost": 518540.76,
    "Plan Rows": 1,
    "Plan Width": 8,
    "Actual Startup Time": 1614.244,
    "Actual Total Time": 1638.441,
    "Actual Rows": 1,
    "Actual Loops": 1,
    "Plans": [
      {
        "Node Type": "Gather",
        "Parent Relationship": "Outer",
        "Parallel Aware": false,
        "Startup Cost": 518540.64,
        "Total Cost": 518540.75,
        "Plan Rows": 1,
        "Plan Width": 8,
        "Actual Startup Time": 1612.03,
        "Actual Total Time": 1638.431,
        "Actual Rows": 2,
        "Actual Loops": 1,
        "Workers Planned": 1,
        "Workers Launched": 1,
        "Single Copy": false,
        "Plans": [
          {
            "Node Type": "Aggregate",
            "Strategy": "Plain",
            "Partial Mode": "Partial",
            "Parent Relationship": "Outer",
            "Parallel Aware": false,
            "Startup Cost": 517540.64,
            "Total Cost": 517540.65,
            "Plan Rows": 1,
            "Plan Width": 8,
            "Actual Startup Time": 1606.201,
            "Actual Total Time": 1606.205,
            "Actual Rows": 1,
            "Actual Loops": 2,
            "Plans": [
              {
                "Node Type": "Hash Join",
                "Parent Relationship": "Outer",
                "Parallel Aware": true,
                "Join Type": "Inner",
                "Startup Cost": 203565.13,
                "Total Cost": 514993.56,
                "Plan Rows": 1018832,
                "Plan Width": 0,
                "Actual Startup Time": 516.71,
                "Actual Total Time": 1566.786,
                "Actual Rows": 965829,
                "Actual Loops": 2,
                "Inner Unique": true,
                "Hash Cond": "(ci.movie_id = t.id)",
                "Plans": [
                  {
                    "Node Type": "Bitmap Heap Scan",
                    "Parent Relationship": "Outer",
                    "Parallel Aware": true,
                    "Relation Name": "cast_info",
                    "Alias": "ci",
                    "Startup Cost": 145824.7,
                    "Total Cost": 447058.32,
                    "Plan Rows": 3883729,
                    "Plan Width": 4,
                    "Actual Startup Time": 338.98,
                    "Actual Total Time": 687.499,
                    "Actual Rows": 3218703,
                    "Actual Loops": 2,
                    "Recheck Cond": "(person_id > 3011788)",
                    "Rows Removed by Index Recheck": 0,
                    "Exact Heap Blocks": 44655,
                    "Lossy Heap Blocks": 0,
                    "Plans": [
                      {
                        "Node Type": "Bitmap Index Scan",
                        "Parent Relationship": "Outer",
                        "Parallel Aware": false,
                        "Index Name": "person_id_cast_info",
                        "Startup Cost": 0.0,
                        "Total Cost": 144174.11,
                        "Plan Rows": 6602340,
                        "Plan Width": 0,
                        "Actual Startup Time": 324.274,
                        "Actual Total Time": 324.275,
                        "Actual Rows": 6437406,
                        "Actual Loops": 1,
                        "Index Cond": "(person_id > 3011788)"
                      }
                    ]
                  },
                  {
                    "Node Type": "Hash",
                    "Parent Relationship": "Inner",
                    "Parallel Aware": true,
                    "Startup Cost": 52863.55,
                    "Total Cost": 52863.55,
                    "Plan Rows": 390151,
                    "Plan Width": 4,
                    "Actual Startup Time": 168.299,
                    "Actual Total Time": 168.3,
                    "Actual Rows": 331412,
                    "Actual Loops": 2,
                    "Hash Buckets": 1048576,
                    "Original Hash Buckets": 1048576,
                    "Hash Batches": 1,
                    "Original Hash Batches": 1,
                    "Peak Memory Usage": 34144,
                    "Plans": [
                      {
                        "Node Type": "Bitmap Heap Scan",
                        "Parent Relationship": "Outer",
                        "Parallel Aware": true,
                        "Relation Name": "title",
                        "Alias": "t",
                        "Startup Cost": 11988.66,
                        "Total Cost": 52863.55,
                        "Plan Rows": 390151,
                        "Plan Width": 4,
                        "Actual Startup Time": 31.616,
                        "Actual Total Time": 92.193,
                        "Actual Rows": 331412,
                        "Actual Loops": 2,
                        "Recheck Cond": "(kind_id = 1)",
                        "Rows Removed by Index Recheck": 0,
                        "Exact Heap Blocks": 7808,
                        "Lossy Heap Blocks": 0,
                        "Plans": [
                          {
                            "Node Type": "Bitmap Index Scan",
                            "Parent Relationship": "Outer",
                            "Parallel Aware": false,
                            "Index Name": "kind_id_title",
                            "Startup Cost": 0.0,
                            "Total Cost": 11822.85,
                            "Plan Rows": 663256,
                            "Plan Width": 0,
                            "Actual Startup Time": 29.637,
                            "Actual Total Time": 29.637,
                            "Actual Rows": 662825,
                            "Actual Loops": 1,
                            "Index Cond": "(kind_id = 1)"
                          }
                        ]
                      }
                    ]
                  }
                ]
              }
            ]
          }
        ]
      }
    ]
  },
  "Planning Time": 0.706,
  "Triggers": [],
  "Execution Time": 1638.544
}