{
  "Plan": {
    "Node Type": "Aggregate",
    "Strategy": "Plain",
    "Partial Mode": "Finalize",
    "Parallel Aware": false,
    "Startup Cost": 312420.58,
    "Total Cost": 312420.59,
    "Plan Rows": 1,
    "Plan Width": 8,
    "Actual Startup Time": 1678.908,
    "Actual Total Time": 1728.82,
    "Actual Rows": 1,
    "Actual Loops": 1,
    "Plans": [
      {
        "Node Type": "Gather",
        "Parent Relationship": "Outer",
        "Parallel Aware": false,
        "Startup Cost": 312420.47,
        "Total Cost": 312420.58,
        "Plan Rows": 1,
        "Plan Width": 8,
        "Actual Startup Time": 1678.603,
        "Actual Total Time": 1728.81,
        "Actual Rows": 2,
        "Actual Loops": 1,
        "Workers Planned": 1,
        "Workers Launched": 1,
        "Single Copy": false,
        "Plans": [
          {
            "Node Type": "Aggregate",
            "Strategy": "Plain",
            "Partial Mode": "Partial",
            "Parent Relationship": "Outer",
            "Parallel Aware": false,
            "Startup Cost": 311420.47,
            "Total Cost": 311420.48,
            "Plan Rows": 1,
            "Plan Width": 8,
            "Actual Startup Time": 1672.284,
            "Actual Total Time": 1672.289,
            "Actual Rows": 1,
            "Actual Loops": 2,
            "Plans": [
              {
                "Node Type": "Hash Join",
                "Parent Relationship": "Outer",
                "Parallel Aware": true,
                "Join Type": "Inner",
                "Startup Cost": 39435.4,
                "Total Cost": 311218.89,
                "Plan Rows": 80631,
                "Plan Width": 0,
                "Actual Startup Time": 81.183,
                "Actual Total Time": 1672.183,
                "Actual Rows": 352,
                "Actual Loops": 2,
                "Inner Unique": true,
                "Hash Cond": "(mi.movie_id = t.id)",
                "Plans": [
                  {
                    "Node Type": "Seq Scan",
                    "Parent Relationship": "Outer",
                    "Parallel Aware": true,
                    "Relation Name": "movie_info",
                    "Alias": "mi",
                    "Startup Cost": 0.0,
                    "Total Cost": 248955.74,
                    "Plan Rows": 8696274,
                    "Plan Width": 4,
                    "Actual Startup Time": 0.012,
                    "Actual Total Time": 874.656,
                    "Actual Rows": 7417860,
                    "Actual Loops": 2
                  },
                  {
                    "Node Type": "Hash",
                    "Parent Relationship": "Inner",
                    "Parallel Aware": true,
                    "Startup Cost": 39263.04,
                    "Total Cost": 39263.04,
                    "Plan Rows": 13789,
                    "Plan Width": 4,
                    "Actual Startup Time": 55.86,
                    "Actual Total Time": 55.861,
                    "Actual Rows": 48,
                    "Actual Loops": 2,
                    "Hash Buckets": 32768,
                    "Original Hash Buckets": 32768,
                    "Hash Batches": 1,
                    "Original Hash Batches": 1,
                    "Peak Memory Usage": 320,
                    "Plans": [
                      {
                        "Node Type": "Bitmap Heap Scan",
                        "Parent Relationship": "Outer",
                        "Parallel Aware": true,
                        "Relation Name": "title",
                        "Alias": "t",
                        "Startup Cost": 2186.8,
                        "Total Cost": 39263.04,
                        "Plan Rows": 13789,
                        "Plan Width": 4,
                        "Actual Startup Time": 23.92,
                        "Actual Total Time": 55.73,
                        "Actual Rows": 48,
                        "Actual Loops": 2,
                        "Recheck Cond": "(kind_id = 4)",
                        "Rows Removed by Index Recheck": 0,
                        "Filter": "(production_year < 1979)",
                        "Rows Removed by Filter": 59069,
                        "Exact Heap Blocks": 10363,
                        "Lossy Heap Blocks": 0,
                        "Plans": [
                          {
                            "Node Type": "Bitmap Index Scan",
                            "Parent Relationship": "Outer",
                            "Parallel Aware": false,
                            "Index Name": "kind_id_title",
                            "Startup Cost": 0.0,
                            "Total Cost": 2180.94,
                            "Plan Rows": 122201,
                            "Plan Width": 0,
                            "Actual Startup Time": 17.678,
                            "Actual Total Time": 17.678,
                            "Actual Rows": 118234,
                            "Actual Loops": 1,
                            "Index Cond": "(kind_id = 4)"
                          }
                        ]
                      }
                    ]
                  }
                ]
              }
            ]
          }
        ]
      }
    ]
  },
  "Planning Time": 0.669,
  "Triggers": [],
  "Execution Time": 1728.929
}