[
    {
        "Bao": {
            "Bao prediction": 644.776,
            "Bao recommended hint": "SET enable_mergejoin TO off; "
        }
    },
    {
        "Plan": {
            "Node Type": "Aggregate",
            "Strategy": "Plain",
            "Partial Mode": "Finalize",
            "Parallel Aware": false,
            "Startup Cost": 25204.7,
            "Total Cost": 25204.71,
            "Plan Rows": 1,
            "Plan Width": 8,
            "Actual Startup Time": 78.097,
            "Actual Total Time": 82.898,
            "Actual Rows": 1,
            "Actual Loops": 1,
            "Output": [
                "count(*)"
            ],
            "Plans": [
                {
                    "Node Type": "Gather",
                    "Parent Relationship": "Outer",
                    "Parallel Aware": false,
                    "Startup Cost": 25204.38,
                    "Total Cost": 25204.69,
                    "Plan Rows": 3,
                    "Plan Width": 8,
                    "Actual Startup Time": 77.775,
                    "Actual Total Time": 82.889,
                    "Actual Rows": 4,
                    "Actual Loops": 1,
                    "Output": [
                        "(PARTIAL count(*))"
                    ],
                    "Workers Planned": 3,
                    "Workers Launched": 3,
                    "Single Copy": false,
                    "Plans": [
                        {
                            "Node Type": "Aggregate",
                            "Strategy": "Plain",
                            "Partial Mode": "Partial",
                            "Parent Relationship": "Outer",
                            "Parallel Aware": false,
                            "Startup Cost": 24204.38,
                            "Total Cost": 24204.39,
                            "Plan Rows": 1,
                            "Plan Width": 8,
                            "Actual Startup Time": 69.623,
                            "Actual Total Time": 69.624,
                            "Actual Rows": 1,
                            "Actual Loops": 4,
                            "Output": [
                                "PARTIAL count(*)"
                            ],
                            "Workers": [
                                {
                                    "Worker Number": 0,
                                    "Actual Startup Time": 66.787,
                                    "Actual Total Time": 66.788,
                                    "Actual Rows": 1,
                                    "Actual Loops": 1
                                },
                                {
                                    "Worker Number": 1,
                                    "Actual Startup Time": 66.952,
                                    "Actual Total Time": 66.954,
                                    "Actual Rows": 1,
                                    "Actual Loops": 1
                                },
                                {
                                    "Worker Number": 2,
                                    "Actual Startup Time": 67.548,
                                    "Actual Total Time": 67.549,
                                    "Actual Rows": 1,
                                    "Actual Loops": 1
                                }
                            ],
                            "Plans": [
                                {
                                    "Node Type": "Bitmap Heap Scan",
                                    "Parent Relationship": "Outer",
                                    "Parallel Aware": true,
                                    "Relation Name": "movie_companies",
                                    "Schema": "public",
                                    "Alias": "mc",
                                    "Startup Cost": 4353.61,
                                    "Total Cost": 24121.31,
                                    "Plan Rows": 33231,
                                    "Plan Width": 0,
                                    "Actual Startup Time": 58.089,
                                    "Actual Total Time": 68.8,
                                    "Actual Rows": 10504,
                                    "Actual Loops": 4,
                                    "Recheck Cond": "(mc.company_id < 67)",
                                    "Rows Removed by Index Recheck": 0,
                                    "Filter": "(mc.company_type_id > 1)",
                                    "Rows Removed by Filter": 40319,
                                    "Exact Heap Blocks": 8863,
                                    "Lossy Heap Blocks": 0,
                                    "Workers": [
                                        {
                                            "Worker Number": 0,
                                            "Actual Startup Time": 55.261,
                                            "Actual Total Time": 66.062,
                                            "Actual Rows": 7926,
                                            "Actual Loops": 1
                                        },
                                        {
                                            "Worker Number": 1,
                                            "Actual Startup Time": 55.413,
                                            "Actual Total Time": 66.199,
                                            "Actual Rows": 9359,
                                            "Actual Loops": 1
                                        },
                                        {
                                            "Worker Number": 2,
                                            "Actual Startup Time": 56.018,
                                            "Actual Total Time": 66.834,
                                            "Actual Rows": 8301,
                                            "Actual Loops": 1
                                        }
                                    ],
                                    "Plans": [
                                        {
                                            "Node Type": "Bitmap Index Scan",
                                            "Parent Relationship": "Outer",
                                            "Parallel Aware": false,
                                            "Index Name": "company_id_movie_companies",
                                            "Startup Cost": 0.0,
                                            "Total Cost": 4327.86,
                                            "Plan Rows": 202057,
                                            "Plan Width": 0,
                                            "Actual Startup Time": 28.719,
                                            "Actual Total Time": 28.719,
                                            "Actual Rows": 203291,
                                            "Actual Loops": 1,
                                            "Index Cond": "(mc.company_id < 67)"
                                        }
                                    ]
                                }
                            ]
                        }
                    ]
                }
            ]
        },
        "Planning Time": 539.758,
        "Triggers": [],
        "Execution Time": 82.994
    }
]