[
  {
    "Plan": {
      "Node Type": "Aggregate",
      "Strategy": "Plain",
      "Partial Mode": "Finalize",
      "Parallel Aware": false,
      "Startup Cost": 25052.67,
      "Total Cost": 25052.68,
      "Plan Rows": 1,
      "Plan Width": 8,
      "Actual Startup Time": 156.538,
      "Actual Total Time": 192.612,
      "Actual Rows": 1,
      "Actual Loops": 1,
      "Plans": [
        {
          "Node Type": "Gather",
          "Parent Relationship": "Outer",
          "Parallel Aware": false,
          "Startup Cost": 25052.45,
          "Total Cost": 25052.66,
          "Plan Rows": 2,
          "Plan Width": 8,
          "Actual Startup Time": 156.151,
          "Actual Total Time": 192.603,
          "Actual Rows": 3,
          "Actual Loops": 1,
          "Workers Planned": 2,
          "Workers Launched": 2,
          "Single Copy": false,
          "Plans": [
            {
              "Node Type": "Aggregate",
              "Strategy": "Plain",
              "Partial Mode": "Partial",
              "Parent Relationship": "Outer",
              "Parallel Aware": false,
              "Startup Cost": 24052.45,
              "Total Cost": 24052.46,
              "Plan Rows": 1,
              "Plan Width": 8,
              "Actual Startup Time": 151.848,
              "Actual Total Time": 151.85,
              "Actual Rows": 1,
              "Actual Loops": 3,
              "Plans": [
                {
                  "Node Type": "Nested Loop",
                  "Parent Relationship": "Outer",
                  "Parallel Aware": false,
                  "Join Type": "Inner",
                  "Startup Cost": 81.74,
                  "Total Cost": 23997.9,
                  "Plan Rows": 21823,
                  "Plan Width": 0,
                  "Actual Startup Time": 0.877,
                  "Actual Total Time": 147.224,
                  "Actual Rows": 66330,
                  "Actual Loops": 3,
                  "Inner Unique": false,
                  "Plans": [
                    {
                      "Node Type": "Nested Loop",
                      "Parent Relationship": "Outer",
                      "Parallel Aware": false,
                      "Join Type": "Inner",
                      "Startup Cost": 81.17,
                      "Total Cost": 20751.37,
                      "Plan Rows": 1522,
                      "Plan Width": 8,
                      "Actual Startup Time": 0.752,
                      "Actual Total Time": 9.657,
                      "Actual Rows": 920,
                      "Actual Loops": 3,
                      "Inner Unique": true,
                      "Plans": [
                        {
                          "Node Type": "Bitmap Heap Scan",
                          "Parent Relationship": "Outer",
                          "Parallel Aware": true,
                          "Relation Name": "movie_companies",
                          "Alias": "mc",
                          "Startup Cost": 80.74,
                          "Total Cost": 9214.2,
                          "Plan Rows": 1522,
                          "Plan Width": 4,
                          "Actual Startup Time": 0.642,
                          "Actual Total Time": 2.626,
                          "Actual Rows": 920,
                          "Actual Loops": 3,
                          "Recheck Cond": "(company_id = 31)",
                          "Rows Removed by Index Recheck": 0,
                          "Exact Heap Blocks": 846,
                          "Lossy Heap Blocks": 0,
                          "Plans": [
                            {
                              "Node Type": "Bitmap Index Scan",
                              "Parent Relationship": "Outer",
                              "Parallel Aware": false,
                              "Index Name": "company_id_movie_companies",
                              "Startup Cost": 0.0,
                              "Total Cost": 79.83,
                              "Plan Rows": 3653,
                              "Plan Width": 0,
                              "Actual Startup Time": 1.455,
                              "Actual Total Time": 1.456,
                              "Actual Rows": 2760,
                              "Actual Loops": 1,
                              "Index Cond": "(company_id = 31)"
                            }
                          ]
                        },
                        {
                          "Node Type": "Index Only Scan",
                          "Parent Relationship": "Inner",
                          "Parallel Aware": false,
                          "Scan Direction": "Forward",
                          "Index Name": "title_pkey",
                          "Relation Name": "title",
                          "Alias": "t",
                          "Startup Cost": 0.43,
                          "Total Cost": 7.58,
                          "Plan Rows": 1,
                          "Plan Width": 4,
                          "Actual Startup Time": 0.007,
                          "Actual Total Time": 0.007,
                          "Actual Rows": 1,
                          "Actual Loops": 2760,
                          "Index Cond": "(id = mc.movie_id)",
                          "Rows Removed by Index Recheck": 0,
                          "Heap Fetches": 2760
                        }
                      ]
                    },
                    {
                      "Node Type": "Index Only Scan",
                      "Parent Relationship": "Inner",
                      "Parallel Aware": false,
                      "Scan Direction": "Forward",
                      "Index Name": "movie_id_cast_info",
                      "Relation Name": "cast_info",
                      "Alias": "ci",
                      "Startup Cost": 0.56,
                      "Total Cost": 1.78,
                      "Plan Rows": 35,
                      "Plan Width": 4,
                      "Actual Startup Time": 0.011,
                      "Actual Total Time": 0.143,
                      "Actual Rows": 72,
                      "Actual Loops": 2760,
                      "Index Cond": "(movie_id = t.id)",
                      "Rows Removed by Index Recheck": 0,
                      "Heap Fetches": 198990
                    }
                  ]
                }
              ]
            }
          ]
        }
      ]
    },
    "Planning Time": 0.816,
    "Triggers": [],
    "Execution Time": 192.687
  }
]