[
  {
    "Plan": {
      "Node Type": "Aggregate",
      "Strategy": "Plain",
      "Partial Mode": "Finalize",
      "Parallel Aware": false,
      "Startup Cost": 355591.19,
      "Total Cost": 355591.2,
      "Plan Rows": 1,
      "Plan Width": 8,
      "Actual Startup Time": 871.017,
      "Actual Total Time": 935.837,
      "Actual Rows": 1,
      "Actual Loops": 1,
      "Plans": [
        {
          "Node Type": "Gather",
          "Parent Relationship": "Outer",
          "Parallel Aware": false,
          "Startup Cost": 355590.56,
          "Total Cost": 355591.17,
          "Plan Rows": 6,
          "Plan Width": 8,
          "Actual Startup Time": 870.888,
          "Actual Total Time": 935.827,
          "Actual Rows": 7,
          "Actual Loops": 1,
          "Workers Planned": 6,
          "Workers Launched": 6,
          "Single Copy": false,
          "Plans": [
            {
              "Node Type": "Aggregate",
              "Strategy": "Plain",
              "Partial Mode": "Partial",
              "Parent Relationship": "Outer",
              "Parallel Aware": false,
              "Startup Cost": 354590.56,
              "Total Cost": 354590.57,
              "Plan Rows": 1,
              "Plan Width": 8,
              "Actual Startup Time": 861.585,
              "Actual Total Time": 861.586,
              "Actual Rows": 1,
              "Actual Loops": 7,
              "Plans": [
                {
                  "Node Type": "Seq Scan",
                  "Parent Relationship": "Outer",
                  "Parallel Aware": true,
                  "Relation Name": "cast_info",
                  "Alias": "ci",
                  "Startup Cost": 0.0,
                  "Total Cost": 343257.03,
                  "Plan Rows": 4533413,
                  "Plan Width": 0,
                  "Actual Startup Time": 0.051,
                  "Actual Total Time": 699.394,
                  "Actual Rows": 3965433,
                  "Actual Loops": 7,
                  "Filter": "((person_id < 3956824) AND (role_id < 6))",
                  "Rows Removed by Filter": 1212331
                }
              ]
            }
          ]
        }
      ]
    },
    "Planning Time": 0.313,
    "Triggers": [],
    "Execution Time": 935.911
  }
]