[
  {
    "Plan": {
      "Node Type": "Aggregate",
      "Strategy": "Plain",
      "Partial Mode": "Finalize",
      "Parallel Aware": false,
      "Startup Cost": 79801.68,
      "Total Cost": 79801.69,
      "Plan Rows": 1,
      "Plan Width": 8,
      "Actual Startup Time": 368.872,
      "Actual Total Time": 384.57,
      "Actual Rows": 1,
      "Actual Loops": 1,
      "Plans": [
        {
          "Node Type": "Gather",
          "Parent Relationship": "Outer",
          "Parallel Aware": false,
          "Startup Cost": 79801.36,
          "Total Cost": 79801.67,
          "Plan Rows": 3,
          "Plan Width": 8,
          "Actual Startup Time": 366.812,
          "Actual Total Time": 384.554,
          "Actual Rows": 4,
          "Actual Loops": 1,
          "Workers Planned": 3,
          "Workers Launched": 3,
          "Single Copy": false,
          "Plans": [
            {
              "Node Type": "Aggregate",
              "Strategy": "Plain",
              "Partial Mode": "Partial",
              "Parent Relationship": "Outer",
              "Parallel Aware": false,
              "Startup Cost": 78801.36,
              "Total Cost": 78801.37,
              "Plan Rows": 1,
              "Plan Width": 8,
              "Actual Startup Time": 358.746,
              "Actual Total Time": 358.75,
              "Actual Rows": 1,
              "Actual Loops": 4,
              "Plans": [
                {
                  "Node Type": "Hash Join",
                  "Parent Relationship": "Outer",
                  "Parallel Aware": true,
                  "Join Type": "Inner",
                  "Startup Cost": 47363.62,
                  "Total Cost": 78407.62,
                  "Plan Rows": 157497,
                  "Plan Width": 0,
                  "Actual Startup Time": 164.67,
                  "Actual Total Time": 351.091,
                  "Actual Rows": 172092,
                  "Actual Loops": 4,
                  "Inner Unique": true,
                  "Hash Cond": "(mc.movie_id = t.id)",
                  "Plans": [
                    {
                      "Node Type": "Seq Scan",
                      "Parent Relationship": "Outer",
                      "Parallel Aware": true,
                      "Relation Name": "movie_companies",
                      "Alias": "mc",
                      "Startup Cost": 0.0,
                      "Total Cost": 29310.68,
                      "Plan Rows": 660310,
                      "Plan Width": 4,
                      "Actual Startup Time": 0.018,
                      "Actual Total Time": 74.438,
                      "Actual Rows": 507364,
                      "Actual Loops": 4,
                      "Filter": "(company_id < 71079)",
                      "Rows Removed by Filter": 144918
                    },
                    {
                      "Node Type": "Hash",
                      "Parent Relationship": "Inner",
                      "Parallel Aware": true,
                      "Startup Cost": 45479.1,
                      "Total Cost": 45479.1,
                      "Plan Rows": 150762,
                      "Plan Width": 4,
                      "Actual Startup Time": 159.617,
                      "Actual Total Time": 159.618,
                      "Actual Rows": 126852,
                      "Actual Loops": 4,
                      "Hash Buckets": 1048576,
                      "Original Hash Buckets": 1048576,
                      "Hash Batches": 1,
                      "Original Hash Batches": 1,
                      "Peak Memory Usage": 28128,
                      "Plans": [
                        {
                          "Node Type": "Seq Scan",
                          "Parent Relationship": "Outer",
                          "Parallel Aware": true,
                          "Relation Name": "title",
                          "Alias": "t",
                          "Startup Cost": 0.0,
                          "Total Cost": 45479.1,
                          "Plan Rows": 150762,
                          "Plan Width": 4,
                          "Actual Startup Time": 0.044,
                          "Actual Total Time": 106.919,
                          "Actual Rows": 126852,
                          "Actual Loops": 4,
                          "Filter": "((kind_id < 7) AND (production_year > 1997))",
                          "Rows Removed by Filter": 505226
                        }
                      ]
                    }
                  ]
                }
              ]
            }
          ]
        }
      ]
    },
    "Planning Time": 0.637,
    "Triggers": [],
    "Execution Time": 384.642
  }
]