[
  {
    "Bao": {
      "Bao prediction": 1678.019,
      "Bao recommended hint": "SET enable_nestloop TO off; SET enable_mergejoin TO off; SET enable_indexscan TO off; "
    }
  },
  {
    "Plan": {
      "Node Type": "Aggregate",
      "Strategy": "Plain",
      "Partial Mode": "Simple",
      "Parallel Aware": false,
      "Startup Cost": 547732.48,
      "Total Cost": 547732.49,
      "Plan Rows": 1,
      "Plan Width": 128,
      "Actual Startup Time": 1173.87,
      "Actual Total Time": 1250.589,
      "Actual Rows": 1,
      "Actual Loops": 1,
      "Plans": [
        {
          "Node Type": "Gather",
          "Parent Relationship": "Outer",
          "Parallel Aware": false,
          "Startup Cost": 501765.19,
          "Total Cost": 547732.47,
          "Plan Rows": 1,
          "Plan Width": 64,
          "Actual Startup Time": 1120.461,
          "Actual Total Time": 1250.553,
          "Actual Rows": 40,
          "Actual Loops": 1,
          "Workers Planned": 4,
          "Workers Launched": 4,
          "Single Copy": false,
          "Plans": [
            {
              "Node Type": "Hash Join",
              "Parent Relationship": "Outer",
              "Parallel Aware": true,
              "Join Type": "Inner",
              "Startup Cost": 500765.19,
              "Total Cost": 546732.37,
              "Plan Rows": 1,
              "Plan Width": 64,
              "Actual Startup Time": 1116.752,
              "Actual Total Time": 1162.651,
              "Actual Rows": 8,
              "Actual Loops": 5,
              "Inner Unique": false,
              "Hash Cond": "(t.id = ci.movie_id)",
              "Plans": [
                {
                  "Node Type": "Seq Scan",
                  "Parent Relationship": "Outer",
                  "Parallel Aware": true,
                  "Relation Name": "title",
                  "Alias": "t",
                  "Startup Cost": 0.0,
                  "Total Cost": 45477.29,
                  "Plan Rows": 130635,
                  "Plan Width": 21,
                  "Actual Startup Time": 0.008,
                  "Actual Total Time": 72.37,
                  "Actual Rows": 102565,
                  "Actual Loops": 5,
                  "Filter": "((production_year >= 2007) AND (production_year <= 2010))",
                  "Rows Removed by Filter": 403097
                },
                {
                  "Node Type": "Hash",
                  "Parent Relationship": "Inner",
                  "Parallel Aware": true,
                  "Startup Cost": 500765.17,
                  "Total Cost": 500765.17,
                  "Plan Rows": 1,
                  "Plan Width": 55,
                  "Actual Startup Time": 1081.941,
                  "Actual Total Time": 1081.957,
                  "Actual Rows": 19,
                  "Actual Loops": 5,
                  "Hash Buckets": 1024,
                  "Original Hash Buckets": 1024,
                  "Hash Batches": 1,
                  "Original Hash Batches": 1,
                  "Peak Memory Usage": 168,
                  "Plans": [
                    {
                      "Node Type": "Hash Join",
                      "Parent Relationship": "Outer",
                      "Parallel Aware": true,
                      "Join Type": "Inner",
                      "Startup Cost": 495855.52,
                      "Total Cost": 500765.17,
                      "Plan Rows": 1,
                      "Plan Width": 55,
                      "Actual Startup Time": 1073.529,
                      "Actual Total Time": 1081.858,
                      "Actual Rows": 19,
                      "Actual Loops": 5,
                      "Inner Unique": false,
                      "Hash Cond": "(cn.id = mc.company_id)",
                      "Plans": [
                        {
                          "Node Type": "Seq Scan",
                          "Parent Relationship": "Outer",
                          "Parallel Aware": true,
                          "Relation Name": "company_name",
                          "Alias": "cn",
                          "Startup Cost": 0.0,
                          "Total Cost": 4722.92,
                          "Plan Rows": 49792,
                          "Plan Width": 4,
                          "Actual Startup Time": 0.015,
                          "Actual Total Time": 7.703,
                          "Actual Rows": 16969,
                          "Actual Loops": 5,
                          "Filter": "((country_code)::text = '[us]'::text)",
                          "Rows Removed by Filter": 30031
                        },
                        {
                          "Node Type": "Hash",
                          "Parent Relationship": "Inner",
                          "Parallel Aware": true,
                          "Startup Cost": 495855.51,
                          "Total Cost": 495855.51,
                          "Plan Rows": 1,
                          "Plan Width": 59,
                          "Actual Startup Time": 1072.96,
                          "Actual Total Time": 1072.975,
                          "Actual Rows": 19,
                          "Actual Loops": 5,
                          "Hash Buckets": 1024,
                          "Original Hash Buckets": 1024,
                          "Hash Batches": 1,
                          "Original Hash Batches": 1,
                          "Peak Memory Usage": 168,
                          "Plans": [
                            {
                              "Node Type": "Hash Join",
                              "Parent Relationship": "Outer",
                              "Parallel Aware": true,
                              "Join Type": "Inner",
                              "Startup Cost": 462215.07,
                              "Total Cost": 495855.51,
                              "Plan Rows": 1,
                              "Plan Width": 59,
                              "Actual Startup Time": 1003.958,
                              "Actual Total Time": 1072.896,
                              "Actual Rows": 19,
                              "Actual Loops": 5,
                              "Inner Unique": false,
                              "Hash Cond": "(mc.movie_id = ci.movie_id)",
                              "Plans": [
                                {
                                  "Node Type": "Seq Scan",
                                  "Parent Relationship": "Outer",
                                  "Parallel Aware": true,
                                  "Relation Name": "movie_companies",
                                  "Alias": "mc",
                                  "Startup Cost": 0.0,
                                  "Total Cost": 33518.95,
                                  "Plan Rows": 32394,
                                  "Plan Width": 8,
                                  "Actual Startup Time": 0.016,
                                  "Actual Total Time": 76.73,
                                  "Actual Rows": 39704,
                                  "Actual Loops": 5,
                                  "Filter": "((note ~~ '%(200%)%'::text) AND ((note ~~ '%(USA)%'::text) OR (note ~~ '%(worldwide)%'::text)))",
                                  "Rows Removed by Filter": 482122
                                },
                                {
                                  "Node Type": "Hash",
                                  "Parent Relationship": "Inner",
                                  "Parallel Aware": true,
                                  "Startup Cost": 462215.06,
                                  "Total Cost": 462215.06,
                                  "Plan Rows": 1,
                                  "Plan Width": 51,
                                  "Actual Startup Time": 992.993,
                                  "Actual Total Time": 993.005,
                                  "Actual Rows": 47,
                                  "Actual Loops": 5,
                                  "Hash Buckets": 1024,
                                  "Original Hash Buckets": 1024,
                                  "Hash Batches": 1,
                                  "Original Hash Batches": 1,
                                  "Peak Memory Usage": 168,
                                  "Plans": [
                                    {
                                      "Node Type": "Hash Join",
                                      "Parent Relationship": "Outer",
                                      "Parallel Aware": true,
                                      "Join Type": "Inner",
                                      "Startup Cost": 414972.15,
                                      "Total Cost": 462215.06,
                                      "Plan Rows": 1,
                                      "Plan Width": 51,
                                      "Actual Startup Time": 882.372,
                                      "Actual Total Time": 992.928,
                                      "Actual Rows": 47,
                                      "Actual Loops": 5,
                                      "Inner Unique": false,
                                      "Hash Cond": "(chn.id = ci.person_role_id)",
                                      "Plans": [
                                        {
                                          "Node Type": "Seq Scan",
                                          "Parent Relationship": "Outer",
                                          "Parallel Aware": true,
                                          "Relation Name": "char_name",
                                          "Alias": "chn",
                                          "Startup Cost": 0.0,
                                          "Total Cost": 44298.83,
                                          "Plan Rows": 785084,
                                          "Plan Width": 20,
                                          "Actual Startup Time": 0.009,
                                          "Actual Total Time": 68.61,
                                          "Actual Rows": 628068,
                                          "Actual Loops": 5
                                        },
                                        {
                                          "Node Type": "Hash",
                                          "Parent Relationship": "Inner",
                                          "Parallel Aware": true,
                                          "Startup Cost": 414972.13,
                                          "Total Cost": 414972.13,
                                          "Plan Rows": 1,
                                          "Plan Width": 39,
                                          "Actual Startup Time": 881.781,
                                          "Actual Total Time": 881.79,
                                          "Actual Rows": 53,
                                          "Actual Loops": 5,
                                          "Hash Buckets": 1024,
                                          "Original Hash Buckets": 1024,
                                          "Hash Batches": 1,
                                          "Original Hash Batches": 1,
                                          "Peak Memory Usage": 168,
                                          "Plans": [
                                            {
                                              "Node Type": "Hash Join",
                                              "Parent Relationship": "Outer",
                                              "Parallel Aware": false,
                                              "Join Type": "Inner",
                                              "Startup Cost": 86309.1,
                                              "Total Cost": 414972.13,
                                              "Plan Rows": 1,
                                              "Plan Width": 39,
                                              "Actual Startup Time": 459.14,
                                              "Actual Total Time": 881.705,
                                              "Actual Rows": 53,
                                              "Actual Loops": 5,
                                              "Inner Unique": true,
                                              "Hash Cond": "(ci.role_id = rt.id)",
                                              "Plans": [
                                                {
                                                  "Node Type": "Hash Join",
                                                  "Parent Relationship": "Outer",
                                                  "Parallel Aware": true,
                                                  "Join Type": "Inner",
                                                  "Startup Cost": 86307.93,
                                                  "Total Cost": 414970.96,
                                                  "Plan Rows": 6,
                                                  "Plan Width": 43,
                                                  "Actual Startup Time": 459.03,
                                                  "Actual Total Time": 881.573,
                                                  "Actual Rows": 53,
                                                  "Actual Loops": 5,
                                                  "Inner Unique": false,
                                                  "Hash Cond": "(ci.person_id = n.id)",
                                                  "Plans": [
                                                    {
                                                      "Node Type": "Seq Scan",
                                                      "Parent Relationship": "Outer",
                                                      "Parallel Aware": true,
                                                      "Relation Name": "cast_info",
                                                      "Alias": "ci",
                                                      "Startup Cost": 0.0,
                                                      "Total Cost": 328230.15,
                                                      "Plan Rows": 115430,
                                                      "Plan Width": 16,
                                                      "Actual Startup Time": 0.017,
                                                      "Actual Total Time": 644.516,
                                                      "Actual Rows": 142766,
                                                      "Actual Loops": 5,
                                                      "Filter": "(note = '(voice)'::text)",
                                                      "Rows Removed by Filter": 7106103
                                                    },
                                                    {
                                                      "Node Type": "Hash",
                                                      "Parent Relationship": "Inner",
                                                      "Parallel Aware": true,
                                                      "Startup Cost": 86307.85,
                                                      "Total Cost": 86307.85,
                                                      "Plan Rows": 7,
                                                      "Plan Width": 39,
                                                      "Actual Startup Time": 223.759,
                                                      "Actual Total Time": 223.764,
                                                      "Actual Rows": 259,
                                                      "Actual Loops": 5,
                                                      "Hash Buckets": 1024,
                                                      "Original Hash Buckets": 1024,
                                                      "Hash Batches": 1,
                                                      "Original Hash Batches": 1,
                                                      "Peak Memory Usage": 168,
                                                      "Plans": [
                                                        {
                                                          "Node Type": "Hash Join",
                                                          "Parent Relationship": "Outer",
                                                          "Parallel Aware": true,
                                                          "Join Type": "Inner",
                                                          "Startup Cost": 71241.05,
                                                          "Total Cost": 86307.85,
                                                          "Plan Rows": 7,
                                                          "Plan Width": 39,
                                                          "Actual Startup Time": 184.354,
                                                          "Actual Total Time": 223.563,
                                                          "Actual Rows": 259,
                                                          "Actual Loops": 5,
                                                          "Inner Unique": true,
                                                          "Hash Cond": "(an.person_id = n.id)",
                                                          "Plans": [
                                                            {
                                                              "Node Type": "Seq Scan",
                                                              "Parent Relationship": "Outer",
                                                              "Parallel Aware": true,
                                                              "Relation Name": "aka_name",
                                                              "Alias": "an",
                                                              "Startup Cost": 0.0,
                                                              "Total Cost": 14303.56,
                                                              "Plan Rows": 290756,
                                                              "Plan Width": 20,
                                                              "Actual Startup Time": 0.022,
                                                              "Actual Total Time": 21.7,
                                                              "Actual Rows": 180269,
                                                              "Actual Loops": 5
                                                            },
                                                            {
                                                              "Node Type": "Hash",
                                                              "Parent Relationship": "Inner",
                                                              "Parallel Aware": true,
                                                              "Startup Cost": 71240.75,
                                                              "Total Cost": 71240.75,
                                                              "Plan Rows": 24,
                                                              "Plan Width": 19,
                                                              "Actual Startup Time": 183.655,
                                                              "Actual Total Time": 183.656,
                                                              "Actual Rows": 1082,
                                                              "Actual Loops": 5,
                                                              "Hash Buckets": 4096,
                                                              "Original Hash Buckets": 1024,
                                                              "Hash Batches": 1,
                                                              "Original Hash Batches": 1,
                                                              "Peak Memory Usage": 440,
                                                              "Plans": [
                                                                {
                                                                  "Node Type": "Seq Scan",
                                                                  "Parent Relationship": "Outer",
                                                                  "Parallel Aware": true,
                                                                  "Relation Name": "name",
                                                                  "Alias": "n",
                                                                  "Startup Cost": 0.0,
                                                                  "Total Cost": 71240.75,
                                                                  "Plan Rows": 24,
                                                                  "Plan Width": 19,
                                                                  "Actual Startup Time": 73.723,
                                                                  "Actual Total Time": 159.746,
                                                                  "Actual Rows": 1082,
                                                                  "Actual Loops": 5,
                                                                  "Filter": "((name ~~ '%Angel%'::text) AND ((gender)::text = 'f'::text))",
                                                                  "Rows Removed by Filter": 832416
                                                                }
                                                              ]
                                                            }
                                                          ]
                                                        }
                                                      ]
                                                    }
                                                  ]
                                                },
                                                {
                                                  "Node Type": "Hash",
                                                  "Parent Relationship": "Inner",
                                                  "Parallel Aware": false,
                                                  "Startup Cost": 1.15,
                                                  "Total Cost": 1.15,
                                                  "Plan Rows": 1,
                                                  "Plan Width": 4,
                                                  "Actual Startup Time": 0.067,
                                                  "Actual Total Time": 0.068,
                                                  "Actual Rows": 1,
                                                  "Actual Loops": 5,
                                                  "Hash Buckets": 1024,
                                                  "Original Hash Buckets": 1024,
                                                  "Hash Batches": 1,
                                                  "Original Hash Batches": 1,
                                                  "Peak Memory Usage": 9,
                                                  "Plans": [
                                                    {
                                                      "Node Type": "Seq Scan",
                                                      "Parent Relationship": "Outer",
                                                      "Parallel Aware": false,
                                                      "Relation Name": "role_type",
                                                      "Alias": "rt",
                                                      "Startup Cost": 0.0,
                                                      "Total Cost": 1.15,
                                                      "Plan Rows": 1,
                                                      "Plan Width": 4,
                                                      "Actual Startup Time": 0.049,
                                                      "Actual Total Time": 0.054,
                                                      "Actual Rows": 1,
                                                      "Actual Loops": 5,
                                                      "Filter": "((role)::text = 'actress'::text)",
                                                      "Rows Removed by Filter": 11
                                                    }
                                                  ]
                                                }
                                              ]
                                            }
                                          ]
                                        }
                                      ]
                                    }
                                  ]
                                }
                              ]
                            }
                          ]
                        }
                      ]
                    }
                  ]
                }
              ]
            }
          ]
        }
      ]
    },
    "Planning Time": 383.932,
    "Triggers": [],
    "Execution Time": 1251.054
  }
]