{
  "Plan": {
    "Node Type": "Aggregate",
    "Strategy": "Plain",
    "Partial Mode": "Finalize",
    "Parallel Aware": false,
    "Startup Cost": 532690.44,
    "Total Cost": 532690.45,
    "Plan Rows": 1,
    "Plan Width": 8,
    "Actual Startup Time": 1736.956,
    "Actual Total Time": 1757.443,
    "Actual Rows": 1,
    "Actual Loops": 1,
    "Plans": [
      {
        "Node Type": "Gather",
        "Parent Relationship": "Outer",
        "Parallel Aware": false,
        "Startup Cost": 532690.33,
        "Total Cost": 532690.44,
        "Plan Rows": 1,
        "Plan Width": 8,
        "Actual Startup Time": 1618.729,
        "Actual Total Time": 1757.427,
        "Actual Rows": 2,
        "Actual Loops": 1,
        "Workers Planned": 1,
        "Workers Launched": 1,
        "Single Copy": false,
        "Plans": [
          {
            "Node Type": "Aggregate",
            "Strategy": "Plain",
            "Partial Mode": "Partial",
            "Parent Relationship": "Outer",
            "Parallel Aware": false,
            "Startup Cost": 531690.33,
            "Total Cost": 531690.34,
            "Plan Rows": 1,
            "Plan Width": 8,
            "Actual Startup Time": 1666.056,
            "Actual Total Time": 1666.065,
            "Actual Rows": 1,
            "Actual Loops": 2,
            "Plans": [
              {
                "Node Type": "Merge Join",
                "Parent Relationship": "Outer",
                "Parallel Aware": false,
                "Join Type": "Inner",
                "Startup Cost": 520557.92,
                "Total Cost": 531136.42,
                "Plan Rows": 221566,
                "Plan Width": 0,
                "Actual Startup Time": 1517.788,
                "Actual Total Time": 1655.782,
                "Actual Rows": 260551,
                "Actual Loops": 2,
                "Inner Unique": false,
                "Merge Cond": "(mi.movie_id = t.id)",
                "Plans": [
                  {
                    "Node Type": "Sort",
                    "Parent Relationship": "Outer",
                    "Parallel Aware": false,
                    "Startup Cost": 336622.19,
                    "Total Cost": 339647.05,
                    "Plan Rows": 1209942,
                    "Plan Width": 4,
                    "Actual Startup Time": 421.522,
                    "Actual Total Time": 457.212,
                    "Actual Rows": 1045170,
                    "Actual Loops": 2,
                    "Sort Key": [
                      "mi.movie_id"
                    ],
                    "Sort Method": "quicksort",
                    "Sort Space Used": 104321,
                    "Sort Space Type": "Memory",
                    "Workers": [
                      {
                        "Worker Number": 0,
                        "Sort Method": "quicksort",
                        "Sort Space Used": 67426,
                        "Sort Space Type": "Memory"
                      }
                    ],
                    "Plans": [
                      {
                        "Node Type": "Bitmap Heap Scan",
                        "Parent Relationship": "Outer",
                        "Parallel Aware": true,
                        "Relation Name": "movie_info",
                        "Alias": "mi",
                        "Startup Cost": 37261.42,
                        "Total Cost": 214378.69,
                        "Plan Rows": 1209942,
                        "Plan Width": 4,
                        "Actual Startup Time": 75.967,
                        "Actual Total Time": 201.653,
                        "Actual Rows": 1045534,
                        "Actual Loops": 2,
                        "Recheck Cond": "(info_type_id < 3)",
                        "Rows Removed by Index Recheck": 0,
                        "Exact Heap Blocks": 7544,
                        "Lossy Heap Blocks": 0,
                        "Plans": [
                          {
                            "Node Type": "Bitmap Index Scan",
                            "Parent Relationship": "Outer",
                            "Parallel Aware": false,
                            "Index Name": "info_type_id_movie_info",
                            "Startup Cost": 0.0,
                            "Total Cost": 36747.19,
                            "Plan Rows": 2056901,
                            "Plan Width": 0,
                            "Actual Startup Time": 79.69,
                            "Actual Total Time": 79.691,
                            "Actual Rows": 2091068,
                            "Actual Loops": 1,
                            "Index Cond": "(info_type_id < 3)"
                          }
                        ]
                      }
                    ]
                  },
                  {
                    "Node Type": "Sort",
                    "Parent Relationship": "Inner",
                    "Parallel Aware": false,
                    "Startup Cost": 183935.68,
                    "Total Cost": 185093.14,
                    "Plan Rows": 462984,
                    "Plan Width": 8,
                    "Actual Startup Time": 1096.254,
                    "Actual Total Time": 1111.179,
                    "Actual Rows": 448084,
                    "Actual Loops": 2,
                    "Sort Key": [
                      "t.id"
                    ],
                    "Sort Method": "quicksort",
                    "Sort Space Used": 30426,
                    "Sort Space Type": "Memory",
                    "Workers": [
                      {
                        "Worker Number": 0,
                        "Sort Method": "quicksort",
                        "Sort Space Used": 30426,
                        "Sort Space Type": "Memory"
                      }
                    ],
                    "Plans": [
                      {
                        "Node Type": "Hash Join",
                        "Parent Relationship": "Outer",
                        "Parallel Aware": false,
                        "Join Type": "Inner",
                        "Startup Cost": 109554.9,
                        "Total Cost": 140367.49,
                        "Plan Rows": 462984,
                        "Plan Width": 8,
                        "Actual Startup Time": 645.836,
                        "Actual Total Time": 1011.993,
                        "Actual Rows": 386936,
                        "Actual Loops": 2,
                        "Inner Unique": true,
                        "Hash Cond": "(mc.movie_id = t.id)",
                        "Plans": [
                          {
                            "Node Type": "Bitmap Heap Scan",
                            "Parent Relationship": "Outer",
                            "Parallel Aware": false,
                            "Relation Name": "movie_companies",
                            "Alias": "mc",
                            "Startup Cost": 17224.77,
                            "Total Cost": 45950.79,
                            "Plan Rows": 794882,
                            "Plan Width": 4,
                            "Actual Startup Time": 35.318,
                            "Actual Total Time": 145.558,
                            "Actual Rows": 783881,
                            "Actual Loops": 2,
                            "Recheck Cond": "(company_id < 1705)",
                            "Rows Removed by Index Recheck": 0,
                            "Exact Heap Blocks": 18601,
                            "Lossy Heap Blocks": 0,
                            "Plans": [
                              {
                                "Node Type": "Bitmap Index Scan",
                                "Parent Relationship": "Outer",
                                "Parallel Aware": false,
                                "Index Name": "company_id_movie_companies",
                                "Startup Cost": 0.0,
                                "Total Cost": 17026.04,
                                "Plan Rows": 794882,
                                "Plan Width": 0,
                                "Actual Startup Time": 32.983,
                                "Actual Total Time": 32.983,
                                "Actual Rows": 783881,
                                "Actual Loops": 2,
                                "Index Cond": "(company_id < 1705)"
                              }
                            ]
                          },
                          {
                            "Node Type": "Hash",
                            "Parent Relationship": "Inner",
                            "Parallel Aware": false,
                            "Startup Cost": 73922.39,
                            "Total Cost": 73922.39,
                            "Plan Rows": 1472619,
                            "Plan Width": 4,
                            "Actual Startup Time": 605.534,
                            "Actual Total Time": 605.536,
                            "Actual Rows": 1451272,
                            "Actual Loops": 2,
                            "Hash Buckets": 2097152,
                            "Original Hash Buckets": 2097152,
                            "Hash Batches": 1,
                            "Original Hash Batches": 1,
                            "Peak Memory Usage": 67406,
                            "Plans": [
                              {
                                "Node Type": "Seq Scan",
                                "Parent Relationship": "Outer",
                                "Parallel Aware": false,
                                "Relation Name": "title",
                                "Alias": "t",
                                "Startup Cost": 0.0,
                                "Total Cost": 73922.39,
                                "Plan Rows": 1472619,
                                "Plan Width": 4,
                                "Actual Startup Time": 0.035,
                                "Actual Total Time": 296.227,
                                "Actual Rows": 1451272,
                                "Actual Loops": 2,
                                "Filter": "((kind_id > 3) AND (production_year < 2012))",
                                "Rows Removed by Filter": 1077040
                              }
                            ]
                          }
                        ]
                      }
                    ]
                  }
                ]
              }
            ]
          }
        ]
      }
    ]
  },
  "Planning Time": 1.083,
  "Triggers": [],
  "Execution Time": 1766.886
}