{
  "Plan": {
    "Node Type": "Aggregate",
    "Strategy": "Plain",
    "Partial Mode": "Finalize",
    "Parallel Aware": false,
    "Startup Cost": 146727.96,
    "Total Cost": 146727.97,
    "Plan Rows": 1,
    "Plan Width": 8,
    "Actual Startup Time": 703.68,
    "Actual Total Time": 723.546,
    "Actual Rows": 1,
    "Actual Loops": 1,
    "Plans": [
      {
        "Node Type": "Gather",
        "Parent Relationship": "Outer",
        "Parallel Aware": false,
        "Startup Cost": 146727.84,
        "Total Cost": 146727.95,
        "Plan Rows": 1,
        "Plan Width": 8,
        "Actual Startup Time": 702.88,
        "Actual Total Time": 723.536,
        "Actual Rows": 2,
        "Actual Loops": 1,
        "Workers Planned": 1,
        "Workers Launched": 1,
        "Single Copy": false,
        "Plans": [
          {
            "Node Type": "Aggregate",
            "Strategy": "Plain",
            "Partial Mode": "Partial",
            "Parent Relationship": "Outer",
            "Parallel Aware": false,
            "Startup Cost": 145727.84,
            "Total Cost": 145727.85,
            "Plan Rows": 1,
            "Plan Width": 8,
            "Actual Startup Time": 696.703,
            "Actual Total Time": 696.867,
            "Actual Rows": 1,
            "Actual Loops": 2,
            "Plans": [
              {
                "Node Type": "Hash Join",
                "Parent Relationship": "Outer",
                "Parallel Aware": true,
                "Join Type": "Inner",
                "Startup Cost": 84113.65,
                "Total Cost": 145557.97,
                "Plan Rows": 67951,
                "Plan Width": 0,
                "Actual Startup Time": 363.997,
                "Actual Total Time": 689.29,
                "Actual Rows": 195810,
                "Actual Loops": 2,
                "Inner Unique": false,
                "Hash Cond": "(mk.movie_id = t.id)",
                "Plans": [
                  {
                    "Node Type": "Seq Scan",
                    "Parent Relationship": "Outer",
                    "Parallel Aware": true,
                    "Relation Name": "movie_keyword",
                    "Alias": "mk",
                    "Startup Cost": 0.0,
                    "Total Cost": 51065.35,
                    "Plan Rows": 2661135,
                    "Plan Width": 4,
                    "Actual Startup Time": 0.015,
                    "Actual Total Time": 148.645,
                    "Actual Rows": 2261965,
                    "Actual Loops": 2
                  },
                  {
                    "Node Type": "Hash",
                    "Parent Relationship": "Inner",
                    "Parallel Aware": true,
                    "Startup Cost": 83638.95,
                    "Total Cost": 83638.95,
                    "Plan Rows": 37976,
                    "Plan Width": 8,
                    "Actual Startup Time": 362.512,
                    "Actual Total Time": 362.674,
                    "Actual Rows": 55633,
                    "Actual Loops": 2,
                    "Hash Buckets": 131072,
                    "Original Hash Buckets": 65536,
                    "Hash Batches": 1,
                    "Original Hash Batches": 1,
                    "Peak Memory Usage": 5920,
                    "Plans": [
                      {
                        "Node Type": "Hash Join",
                        "Parent Relationship": "Outer",
                        "Parallel Aware": true,
                        "Join Type": "Inner",
                        "Startup Cost": 23250.05,
                        "Total Cost": 83638.95,
                        "Plan Rows": 37976,
                        "Plan Width": 8,
                        "Actual Startup Time": 65.725,
                        "Actual Total Time": 348.313,
                        "Actual Rows": 55633,
                        "Actual Loops": 2,
                        "Inner Unique": false,
                        "Hash Cond": "(t.id = mc.movie_id)",
                        "Plans": [
                          {
                            "Node Type": "Seq Scan",
                            "Parent Relationship": "Outer",
                            "Parallel Aware": true,
                            "Relation Name": "title",
                            "Alias": "t",
                            "Startup Cost": 0.0,
                            "Total Cost": 50870.31,
                            "Plan Rows": 1487231,
                            "Plan Width": 4,
                            "Actual Startup Time": 0.009,
                            "Actual Total Time": 116.821,
                            "Actual Rows": 1264156,
                            "Actual Loops": 2
                          },
                          {
                            "Node Type": "Hash",
                            "Parent Relationship": "Inner",
                            "Parallel Aware": true,
                            "Startup Cost": 22775.35,
                            "Total Cost": 22775.35,
                            "Plan Rows": 37976,
                            "Plan Width": 4,
                            "Actual Startup Time": 64.917,
                            "Actual Total Time": 64.918,
                            "Actual Rows": 55633,
                            "Actual Loops": 2,
                            "Hash Buckets": 131072,
                            "Original Hash Buckets": 65536,
                            "Hash Batches": 1,
                            "Original Hash Batches": 1,
                            "Peak Memory Usage": 5920,
                            "Plans": [
                              {
                                "Node Type": "Bitmap Heap Scan",
                                "Parent Relationship": "Outer",
                                "Parallel Aware": true,
                                "Relation Name": "movie_companies",
                                "Alias": "mc",
                                "Startup Cost": 2828.17,
                                "Total Cost": 22775.35,
                                "Plan Rows": 37976,
                                "Plan Width": 4,
                                "Actual Startup Time": 15.085,
                                "Actual Total Time": 47.982,
                                "Actual Rows": 55633,
                                "Actual Loops": 2,
                                "Recheck Cond": "(company_id < 27)",
                                "Rows Removed by Index Recheck": 0,
                                "Filter": "(company_type_id = 1)",
                                "Rows Removed by Filter": 11770,
                                "Exact Heap Blocks": 7989,
                                "Lossy Heap Blocks": 0,
                                "Plans": [
                                  {
                                    "Node Type": "Bitmap Index Scan",
                                    "Parent Relationship": "Outer",
                                    "Parallel Aware": false,
                                    "Index Name": "company_id_movie_companies",
                                    "Startup Cost": 0.0,
                                    "Total Cost": 2812.03,
                                    "Plan Rows": 131147,
                                    "Plan Width": 0,
                                    "Actual Startup Time": 15.609,
                                    "Actual Total Time": 15.609,
                                    "Actual Rows": 134807,
                                    "Actual Loops": 1,
                                    "Index Cond": "(company_id < 27)"
                                  }
                                ]
                              }
                            ]
                          }
                        ]
                      }
                    ]
                  }
                ]
              }
            ]
          }
        ]
      }
    ]
  },
  "Planning Time": 1.123,
  "Triggers": [],
  "Execution Time": 723.649
}