{
  "Plan": {
    "Node Type": "Aggregate",
    "Strategy": "Plain",
    "Partial Mode": "Finalize",
    "Parallel Aware": false,
    "Startup Cost": 164569.62,
    "Total Cost": 164569.63,
    "Plan Rows": 1,
    "Plan Width": 8,
    "Actual Startup Time": 1660.586,
    "Actual Total Time": 1682.393,
    "Actual Rows": 1,
    "Actual Loops": 1,
    "Plans": [
      {
        "Node Type": "Gather",
        "Parent Relationship": "Outer",
        "Parallel Aware": false,
        "Startup Cost": 164569.51,
        "Total Cost": 164569.62,
        "Plan Rows": 1,
        "Plan Width": 8,
        "Actual Startup Time": 1655.695,
        "Actual Total Time": 1682.382,
        "Actual Rows": 2,
        "Actual Loops": 1,
        "Workers Planned": 1,
        "Workers Launched": 1,
        "Single Copy": false,
        "Plans": [
          {
            "Node Type": "Aggregate",
            "Strategy": "Plain",
            "Partial Mode": "Partial",
            "Parent Relationship": "Outer",
            "Parallel Aware": false,
            "Startup Cost": 163569.51,
            "Total Cost": 163569.52,
            "Plan Rows": 1,
            "Plan Width": 8,
            "Actual Startup Time": 1651.362,
            "Actual Total Time": 1652.435,
            "Actual Rows": 1,
            "Actual Loops": 2,
            "Plans": [
              {
                "Node Type": "Hash Join",
                "Parent Relationship": "Outer",
                "Parallel Aware": true,
                "Join Type": "Inner",
                "Startup Cost": 120020.25,
                "Total Cost": 163203.26,
                "Plan Rows": 146500,
                "Plan Width": 0,
                "Actual Startup Time": 858.47,
                "Actual Total Time": 1470.701,
                "Actual Rows": 3558158,
                "Actual Loops": 2,
                "Inner Unique": false,
                "Hash Cond": "(mc.movie_id = t.id)",
                "Plans": [
                  {
                    "Node Type": "Seq Scan",
                    "Parent Relationship": "Outer",
                    "Parallel Aware": true,
                    "Relation Name": "movie_companies",
                    "Alias": "mc",
                    "Startup Cost": 0.0,
                    "Total Cost": 37974.77,
                    "Plan Rows": 1159061,
                    "Plan Width": 4,
                    "Actual Startup Time": 0.018,
                    "Actual Total Time": 155.346,
                    "Actual Rows": 978453,
                    "Actual Loops": 2,
                    "Filter": "(company_id < 54433)",
                    "Rows Removed by Filter": 326112
                  },
                  {
                    "Node Type": "Hash",
                    "Parent Relationship": "Inner",
                    "Parallel Aware": true,
                    "Startup Cost": 117670.51,
                    "Total Cost": 117670.51,
                    "Plan Rows": 187979,
                    "Plan Width": 8,
                    "Actual Startup Time": 852.803,
                    "Actual Total Time": 853.875,
                    "Actual Rows": 540908,
                    "Actual Loops": 2,
                    "Hash Buckets": 2097152,
                    "Original Hash Buckets": 524288,
                    "Hash Batches": 1,
                    "Original Hash Batches": 1,
                    "Peak Memory Usage": 71040,
                    "Plans": [
                      {
                        "Node Type": "Hash Join",
                        "Parent Relationship": "Outer",
                        "Parallel Aware": true,
                        "Join Type": "Inner",
                        "Startup Cost": 59619.67,
                        "Total Cost": 117670.51,
                        "Plan Rows": 187979,
                        "Plan Width": 8,
                        "Actual Startup Time": 209.314,
                        "Actual Total Time": 698.677,
                        "Actual Rows": 540908,
                        "Actual Loops": 2,
                        "Inner Unique": true,
                        "Hash Cond": "(mk.movie_id = t.id)",
                        "Plans": [
                          {
                            "Node Type": "Seq Scan",
                            "Parent Relationship": "Outer",
                            "Parallel Aware": true,
                            "Relation Name": "movie_keyword",
                            "Alias": "mk",
                            "Startup Cost": 0.0,
                            "Total Cost": 51065.35,
                            "Plan Rows": 2661135,
                            "Plan Width": 4,
                            "Actual Startup Time": 0.011,
                            "Actual Total Time": 207.48,
                            "Actual Rows": 2261965,
                            "Actual Loops": 2
                          },
                          {
                            "Node Type": "Hash",
                            "Parent Relationship": "Inner",
                            "Parallel Aware": true,
                            "Startup Cost": 58306.47,
                            "Total Cost": 58306.47,
                            "Plan Rows": 105056,
                            "Plan Width": 4,
                            "Actual Startup Time": 207.447,
                            "Actual Total Time": 207.448,
                            "Actual Rows": 144112,
                            "Actual Loops": 2,
                            "Hash Buckets": 524288,
                            "Original Hash Buckets": 262144,
                            "Hash Batches": 1,
                            "Original Hash Batches": 1,
                            "Peak Memory Usage": 17472,
                            "Plans": [
                              {
                                "Node Type": "Seq Scan",
                                "Parent Relationship": "Outer",
                                "Parallel Aware": true,
                                "Relation Name": "title",
                                "Alias": "t",
                                "Startup Cost": 0.0,
                                "Total Cost": 58306.47,
                                "Plan Rows": 105056,
                                "Plan Width": 4,
                                "Actual Startup Time": 0.074,
                                "Actual Total Time": 161.345,
                                "Actual Rows": 144112,
                                "Actual Loops": 2,
                                "Filter": "((kind_id < 7) AND (production_year < 1977))",
                                "Rows Removed by Filter": 1120044
                              }
                            ]
                          }
                        ]
                      }
                    ]
                  }
                ]
              }
            ]
          }
        ]
      }
    ]
  },
  "Planning Time": 0.81,
  "Triggers": [],
  "Execution Time": 1682.467
}