{
  "Plan": {
    "Node Type": "Aggregate",
    "Strategy": "Plain",
    "Partial Mode": "Finalize",
    "Parallel Aware": false,
    "Startup Cost": 653254.34,
    "Total Cost": 653254.35,
    "Plan Rows": 1,
    "Plan Width": 8,
    "Actual Startup Time": 4262.319,
    "Actual Total Time": 4320.685,
    "Actual Rows": 1,
    "Actual Loops": 1,
    "Plans": [
      {
        "Node Type": "Gather",
        "Parent Relationship": "Outer",
        "Parallel Aware": false,
        "Startup Cost": 653254.23,
        "Total Cost": 653254.34,
        "Plan Rows": 1,
        "Plan Width": 8,
        "Actual Startup Time": 4258.473,
        "Actual Total Time": 4320.676,
        "Actual Rows": 2,
        "Actual Loops": 1,
        "Workers Planned": 1,
        "Workers Launched": 1,
        "Single Copy": false,
        "Plans": [
          {
            "Node Type": "Aggregate",
            "Strategy": "Plain",
            "Partial Mode": "Partial",
            "Parent Relationship": "Outer",
            "Parallel Aware": false,
            "Startup Cost": 652254.23,
            "Total Cost": 652254.24,
            "Plan Rows": 1,
            "Plan Width": 8,
            "Actual Startup Time": 4246.223,
            "Actual Total Time": 4246.472,
            "Actual Rows": 1,
            "Actual Loops": 2,
            "Plans": [
              {
                "Node Type": "Hash Join",
                "Parent Relationship": "Outer",
                "Parallel Aware": true,
                "Join Type": "Inner",
                "Startup Cost": 98294.3,
                "Total Cost": 649793.03,
                "Plan Rows": 984481,
                "Plan Width": 0,
                "Actual Startup Time": 602.886,
                "Actual Total Time": 4108.202,
                "Actual Rows": 3278828,
                "Actual Loops": 2,
                "Inner Unique": false,
                "Hash Cond": "(ci.movie_id = t.id)",
                "Plans": [
                  {
                    "Node Type": "Seq Scan",
                    "Parent Relationship": "Outer",
                    "Parallel Aware": true,
                    "Relation Name": "cast_info",
                    "Alias": "ci",
                    "Startup Cost": 0.0,
                    "Total Cost": 465792.95,
                    "Plan Rows": 21310595,
                    "Plan Width": 4,
                    "Actual Startup Time": 0.015,
                    "Actual Total Time": 1319.434,
                    "Actual Rows": 18122172,
                    "Actual Loops": 2
                  },
                  {
                    "Node Type": "Hash",
                    "Parent Relationship": "Inner",
                    "Parallel Aware": true,
                    "Startup Cost": 97435.49,
                    "Total Cost": 97435.49,
                    "Plan Rows": 68705,
                    "Plan Width": 8,
                    "Actual Startup Time": 600.454,
                    "Actual Total Time": 600.701,
                    "Actual Rows": 57665,
                    "Actual Loops": 2,
                    "Hash Buckets": 131072,
                    "Original Hash Buckets": 131072,
                    "Hash Batches": 1,
                    "Original Hash Batches": 1,
                    "Peak Memory Usage": 5568,
                    "Plans": [
                      {
                        "Node Type": "Hash Join",
                        "Parent Relationship": "Outer",
                        "Parallel Aware": true,
                        "Join Type": "Inner",
                        "Startup Cost": 71942.32,
                        "Total Cost": 97435.49,
                        "Plan Rows": 68705,
                        "Plan Width": 8,
                        "Actual Startup Time": 539.117,
                        "Actual Total Time": 589.968,
                        "Actual Rows": 57665,
                        "Actual Loops": 2,
                        "Inner Unique": true,
                        "Hash Cond": "(mk.movie_id = t.id)",
                        "Plans": [
                          {
                            "Node Type": "Bitmap Heap Scan",
                            "Parent Relationship": "Outer",
                            "Parallel Aware": true,
                            "Relation Name": "movie_keyword",
                            "Alias": "mk",
                            "Startup Cost": 2481.62,
                            "Total Cost": 27794.44,
                            "Plan Rows": 68705,
                            "Plan Width": 4,
                            "Actual Startup Time": 9.284,
                            "Actual Total Time": 40.952,
                            "Actual Rows": 57665,
                            "Actual Loops": 2,
                            "Recheck Cond": "(keyword_id > 79021)",
                            "Rows Removed by Index Recheck": 0,
                            "Exact Heap Blocks": 10546,
                            "Lossy Heap Blocks": 0,
                            "Plans": [
                              {
                                "Node Type": "Bitmap Index Scan",
                                "Parent Relationship": "Outer",
                                "Parallel Aware": false,
                                "Index Name": "keyword_id_movie_keyword",
                                "Startup Cost": 0.0,
                                "Total Cost": 2452.42,
                                "Plan Rows": 116799,
                                "Plan Width": 0,
                                "Actual Startup Time": 6.622,
                                "Actual Total Time": 6.622,
                                "Actual Rows": 115330,
                                "Actual Loops": 1,
                                "Index Cond": "(keyword_id > 79021)"
                              }
                            ]
                          },
                          {
                            "Node Type": "Hash",
                            "Parent Relationship": "Inner",
                            "Parallel Aware": true,
                            "Startup Cost": 50870.31,
                            "Total Cost": 50870.31,
                            "Plan Rows": 1487231,
                            "Plan Width": 4,
                            "Actual Startup Time": 511.196,
                            "Actual Total Time": 511.197,
                            "Actual Rows": 1264156,
                            "Actual Loops": 2,
                            "Hash Buckets": 4194304,
                            "Original Hash Buckets": 4194304,
                            "Hash Batches": 1,
                            "Original Hash Batches": 1,
                            "Peak Memory Usage": 131712,
                            "Plans": [
                              {
                                "Node Type": "Seq Scan",
                                "Parent Relationship": "Outer",
                                "Parallel Aware": true,
                                "Relation Name": "title",
                                "Alias": "t",
                                "Startup Cost": 0.0,
                                "Total Cost": 50870.31,
                                "Plan Rows": 1487231,
                                "Plan Width": 4,
                                "Actual Startup Time": 0.038,
                                "Actual Total Time": 150.167,
                                "Actual Rows": 1264156,
                                "Actual Loops": 2
                              }
                            ]
                          }
                        ]
                      }
                    ]
                  }
                ]
              }
            ]
          }
        ]
      }
    ]
  },
  "Planning Time": 1.041,
  "Triggers": [],
  "Execution Time": 4320.797
}