[
    {
        "Bao": {
            "Bao prediction": "NaN",
            "Bao recommended hint": "(no hint)"
        }
    },
    {
        "Plan": {
            "Node Type": "Aggregate",
            "Strategy": "Plain",
            "Partial Mode": "Simple",
            "Parallel Aware": false,
            "Startup Cost": 9026.21,
            "Total Cost": 9026.22,
            "Plan Rows": 1,
            "Plan Width": 8,
            "Actual Startup Time": 4.678,
            "Actual Total Time": 4.679,
            "Actual Rows": 1,
            "Actual Loops": 1,
            "Output": [
                "count(*)"
            ],
            "Plans": [
                {
                    "Node Type": "Index Scan",
                    "Parent Relationship": "Outer",
                    "Parallel Aware": false,
                    "Scan Direction": "Forward",
                    "Index Name": "company_id_movie_companies",
                    "Relation Name": "movie_companies",
                    "Schema": "public",
                    "Alias": "mc",
                    "Startup Cost": 0.43,
                    "Total Cost": 9021.45,
                    "Plan Rows": 1907,
                    "Plan Width": 0,
                    "Actual Startup Time": 4.553,
                    "Actual Total Time": 4.663,
                    "Actual Rows": 46,
                    "Actual Loops": 1,
                    "Output": [
                        "id",
                        "movie_id",
                        "company_id",
                        "company_type_id",
                        "note"
                    ],
                    "Index Cond": "(mc.company_id = 52)",
                    "Rows Removed by Index Recheck": 0,
                    "Filter": "(mc.company_type_id = 2)",
                    "Rows Removed by Filter": 4496
                }
            ]
        },
        "Planning Time": 320.868,
        "Triggers": [],
        "Execution Time": 4.771
    }
]