[
  {
    "Plan": {
      "Node Type": "Aggregate",
      "Strategy": "Plain",
      "Partial Mode": "Finalize",
      "Parallel Aware": false,
      "Startup Cost": 46480.0,
      "Total Cost": 46480.01,
      "Plan Rows": 1,
      "Plan Width": 8,
      "Actual Startup Time": 93.721,
      "Actual Total Time": 105.88,
      "Actual Rows": 1,
      "Actual Loops": 1,
      "Plans": [
        {
          "Node Type": "Gather",
          "Parent Relationship": "Outer",
          "Parallel Aware": false,
          "Startup Cost": 46479.58,
          "Total Cost": 46479.99,
          "Plan Rows": 4,
          "Plan Width": 8,
          "Actual Startup Time": 93.471,
          "Actual Total Time": 105.872,
          "Actual Rows": 5,
          "Actual Loops": 1,
          "Workers Planned": 4,
          "Workers Launched": 4,
          "Single Copy": false,
          "Plans": [
            {
              "Node Type": "Aggregate",
              "Strategy": "Plain",
              "Partial Mode": "Partial",
              "Parent Relationship": "Outer",
              "Parallel Aware": false,
              "Startup Cost": 45479.58,
              "Total Cost": 45479.59,
              "Plan Rows": 1,
              "Plan Width": 8,
              "Actual Startup Time": 84.142,
              "Actual Total Time": 84.143,
              "Actual Rows": 1,
              "Actual Loops": 5,
              "Plans": [
                {
                  "Node Type": "Seq Scan",
                  "Parent Relationship": "Outer",
                  "Parallel Aware": true,
                  "Relation Name": "title",
                  "Alias": "t",
                  "Startup Cost": 0.0,
                  "Total Cost": 45479.1,
                  "Plan Rows": 192,
                  "Plan Width": 0,
                  "Actual Startup Time": 56.695,
                  "Actual Total Time": 84.061,
                  "Actual Rows": 643,
                  "Actual Loops": 5,
                  "Filter": "((kind_id < 2) AND (production_year > 2013))",
                  "Rows Removed by Filter": 505019
                }
              ]
            }
          ]
        }
      ]
    },
    "Planning Time": 0.183,
    "Triggers": [],
    "Execution Time": 105.938
  }
]