{
    "Plan": {
        "Node Type": "Aggregate",
        "Strategy": "Plain",
        "Partial Mode": "Finalize",
        "Parallel Aware": false,
        "Startup Cost": 75422.25,
        "Total Cost": 75422.26,
        "Plan Rows": 1,
        "Plan Width": 8,
        "Actual Startup Time": 211.175,
        "Actual Total Time": 228.024,
        "Actual Rows": 1,
        "Actual Loops": 1,
        "Output": [
            "count(*)"
        ],
        "Plans": [
            {
                "Node Type": "Gather",
                "Parent Relationship": "Outer",
                "Parallel Aware": false,
                "Startup Cost": 75421.94,
                "Total Cost": 75422.25,
                "Plan Rows": 3,
                "Plan Width": 8,
                "Actual Startup Time": 210.871,
                "Actual Total Time": 228.015,
                "Actual Rows": 4,
                "Actual Loops": 1,
                "Output": [
                    "(PARTIAL count(*))"
                ],
                "Workers Planned": 3,
                "Workers Launched": 3,
                "Single Copy": false,
                "Plans": [
                    {
                        "Node Type": "Aggregate",
                        "Strategy": "Plain",
                        "Partial Mode": "Partial",
                        "Parent Relationship": "Outer",
                        "Parallel Aware": false,
                        "Startup Cost": 74421.94,
                        "Total Cost": 74421.95,
                        "Plan Rows": 1,
                        "Plan Width": 8,
                        "Actual Startup Time": 201.992,
                        "Actual Total Time": 201.995,
                        "Actual Rows": 1,
                        "Actual Loops": 4,
                        "Output": [
                            "PARTIAL count(*)"
                        ],
                        "Workers": [
                            {
                                "Worker Number": 0,
                                "Actual Startup Time": 199.053,
                                "Actual Total Time": 199.056,
                                "Actual Rows": 1,
                                "Actual Loops": 1
                            },
                            {
                                "Worker Number": 1,
                                "Actual Startup Time": 198.938,
                                "Actual Total Time": 198.941,
                                "Actual Rows": 1,
                                "Actual Loops": 1
                            },
                            {
                                "Worker Number": 2,
                                "Actual Startup Time": 199.711,
                                "Actual Total Time": 199.713,
                                "Actual Rows": 1,
                                "Actual Loops": 1
                            }
                        ],
                        "Plans": [
                            {
                                "Node Type": "Hash Join",
                                "Parent Relationship": "Outer",
                                "Parallel Aware": true,
                                "Join Type": "Inner",
                                "Startup Cost": 43974.59,
                                "Total Cost": 74411.67,
                                "Plan Rows": 4105,
                                "Plan Width": 0,
                                "Actual Startup Time": 133.604,
                                "Actual Total Time": 201.768,
                                "Actual Rows": 3265,
                                "Actual Loops": 4,
                                "Inner Unique": true,
                                "Hash Cond": "(mc.movie_id = t.id)",
                                "Workers": [
                                    {
                                        "Worker Number": 0,
                                        "Actual Startup Time": 130.948,
                                        "Actual Total Time": 198.823,
                                        "Actual Rows": 3684,
                                        "Actual Loops": 1
                                    },
                                    {
                                        "Worker Number": 1,
                                        "Actual Startup Time": 130.538,
                                        "Actual Total Time": 198.684,
                                        "Actual Rows": 2350,
                                        "Actual Loops": 1
                                    },
                                    {
                                        "Worker Number": 2,
                                        "Actual Startup Time": 131.157,
                                        "Actual Total Time": 199.492,
                                        "Actual Rows": 3365,
                                        "Actual Loops": 1
                                    }
                                ],
                                "Plans": [
                                    {
                                        "Node Type": "Seq Scan",
                                        "Parent Relationship": "Outer",
                                        "Parallel Aware": true,
                                        "Relation Name": "movie_companies",
                                        "Schema": "public",
                                        "Alias": "mc",
                                        "Startup Cost": 0.0,
                                        "Total Cost": 29310.68,
                                        "Plan Rows": 429104,
                                        "Plan Width": 4,
                                        "Actual Startup Time": 30.183,
                                        "Actual Total Time": 68.291,
                                        "Actual Rows": 333721,
                                        "Actual Loops": 4,
                                        "Output": [
                                            "mc.id",
                                            "mc.movie_id",
                                            "mc.company_id",
                                            "mc.company_type_id",
                                            "mc.note"
                                        ],
                                        "Filter": "(mc.company_type_id > 1)",
                                        "Rows Removed by Filter": 318562,
                                        "Workers": [
                                            {
                                                "Worker Number": 0,
                                                "Actual Startup Time": 30.165,
                                                "Actual Total Time": 68.219,
                                                "Actual Rows": 368070,
                                                "Actual Loops": 1
                                            },
                                            {
                                                "Worker Number": 1,
                                                "Actual Startup Time": 30.22,
                                                "Actual Total Time": 68.518,
                                                "Actual Rows": 218148,
                                                "Actual Loops": 1
                                            },
                                            {
                                                "Worker Number": 2,
                                                "Actual Startup Time": 30.187,
                                                "Actual Total Time": 68.219,
                                                "Actual Rows": 365819,
                                                "Actual Loops": 1
                                            }
                                        ]
                                    },
                                    {
                                        "Node Type": "Hash",
                                        "Parent Relationship": "Inner",
                                        "Parallel Aware": true,
                                        "Startup Cost": 43899.01,
                                        "Total Cost": 43899.01,
                                        "Plan Rows": 6047,
                                        "Plan Width": 4,
                                        "Actual Startup Time": 102.004,
                                        "Actual Total Time": 102.005,
                                        "Actual Rows": 5950,
                                        "Actual Loops": 4,
                                        "Output": [
                                            "t.id"
                                        ],
                                        "Hash Buckets": 32768,
                                        "Original Hash Buckets": 32768,
                                        "Hash Batches": 1,
                                        "Original Hash Batches": 1,
                                        "Peak Memory Usage": 1248,
                                        "Workers": [
                                            {
                                                "Worker Number": 0,
                                                "Actual Startup Time": 99.518,
                                                "Actual Total Time": 99.519,
                                                "Actual Rows": 5703,
                                                "Actual Loops": 1
                                            },
                                            {
                                                "Worker Number": 1,
                                                "Actual Startup Time": 99.385,
                                                "Actual Total Time": 99.386,
                                                "Actual Rows": 4091,
                                                "Actual Loops": 1
                                            },
                                            {
                                                "Worker Number": 2,
                                                "Actual Startup Time": 100.09,
                                                "Actual Total Time": 100.091,
                                                "Actual Rows": 5648,
                                                "Actual Loops": 1
                                            }
                                        ],
                                        "Plans": [
                                            {
                                                "Node Type": "Seq Scan",
                                                "Parent Relationship": "Outer",
                                                "Parallel Aware": true,
                                                "Relation Name": "title",
                                                "Schema": "public",
                                                "Alias": "t",
                                                "Startup Cost": 0.0,
                                                "Total Cost": 43899.01,
                                                "Plan Rows": 6047,
                                                "Plan Width": 4,
                                                "Actual Startup Time": 0.093,
                                                "Actual Total Time": 98.606,
                                                "Actual Rows": 5950,
                                                "Actual Loops": 4,
                                                "Output": [
                                                    "t.id"
                                                ],
                                                "Filter": "(t.production_year = 1991)",
                                                "Rows Removed by Filter": 626128,
                                                "Workers": [
                                                    {
                                                        "Worker Number": 0,
                                                        "Actual Startup Time": 0.072,
                                                        "Actual Total Time": 96.165,
                                                        "Actual Rows": 5703,
                                                        "Actual Loops": 1
                                                    },
                                                    {
                                                        "Worker Number": 1,
                                                        "Actual Startup Time": 0.198,
                                                        "Actual Total Time": 96.012,
                                                        "Actual Rows": 4091,
                                                        "Actual Loops": 1
                                                    },
                                                    {
                                                        "Worker Number": 2,
                                                        "Actual Startup Time": 0.061,
                                                        "Actual Total Time": 96.71,
                                                        "Actual Rows": 5648,
                                                        "Actual Loops": 1
                                                    }
                                                ]
                                            }
                                        ]
                                    }
                                ]
                            }
                        ]
                    }
                ]
            }
        ]
    },
    "Planning Time": 0.63,
    "Triggers": [],
    "Execution Time": 228.099
}