{
  "Plan": {
    "Node Type": "Aggregate",
    "Strategy": "Plain",
    "Partial Mode": "Finalize",
    "Parallel Aware": false,
    "Startup Cost": 1459387.33,
    "Total Cost": 1459387.34,
    "Plan Rows": 1,
    "Plan Width": 8,
    "Actual Startup Time": 9944.201,
    "Actual Total Time": 9952.333,
    "Actual Rows": 1,
    "Actual Loops": 1,
    "Plans": [
      {
        "Node Type": "Gather",
        "Parent Relationship": "Outer",
        "Parallel Aware": false,
        "Startup Cost": 1459387.22,
        "Total Cost": 1459387.33,
        "Plan Rows": 1,
        "Plan Width": 8,
        "Actual Startup Time": 9944.191,
        "Actual Total Time": 9952.326,
        "Actual Rows": 2,
        "Actual Loops": 1,
        "Workers Planned": 1,
        "Workers Launched": 1,
        "Single Copy": false,
        "Plans": [
          {
            "Node Type": "Aggregate",
            "Strategy": "Plain",
            "Partial Mode": "Partial",
            "Parent Relationship": "Outer",
            "Parallel Aware": false,
            "Startup Cost": 1458387.22,
            "Total Cost": 1458387.23,
            "Plan Rows": 1,
            "Plan Width": 8,
            "Actual Startup Time": 9652.789,
            "Actual Total Time": 9652.797,
            "Actual Rows": 1,
            "Actual Loops": 2,
            "Plans": [
              {
                "Node Type": "Merge Join",
                "Parent Relationship": "Outer",
                "Parallel Aware": false,
                "Join Type": "Inner",
                "Startup Cost": 1366663.15,
                "Total Cost": 1448122.7,
                "Plan Rows": 4105805,
                "Plan Width": 0,
                "Actual Startup Time": 6185.088,
                "Actual Total Time": 9040.937,
                "Actual Rows": 14570328,
                "Actual Loops": 2,
                "Inner Unique": false,
                "Merge Cond": "(t.id = mc.movie_id)",
                "Plans": [
                  {
                    "Node Type": "Sort",
                    "Parent Relationship": "Outer",
                    "Parallel Aware": false,
                    "Startup Cost": 1043711.75,
                    "Total Cost": 1053658.25,
                    "Plan Rows": 3978599,
                    "Plan Width": 8,
                    "Actual Startup Time": 5411.751,
                    "Actual Total Time": 6049.697,
                    "Actual Rows": 3696461,
                    "Actual Loops": 2,
                    "Sort Key": [
                      "t.id"
                    ],
                    "Sort Method": "quicksort",
                    "Sort Space Used": 284945,
                    "Sort Space Type": "Memory",
                    "Workers": [
                      {
                        "Worker Number": 0,
                        "Sort Method": "quicksort",
                        "Sort Space Used": 258217,
                        "Sort Space Type": "Memory"
                      }
                    ],
                    "Plans": [
                      {
                        "Node Type": "Hash Join",
                        "Parent Relationship": "Outer",
                        "Parallel Aware": true,
                        "Join Type": "Inner",
                        "Startup Cost": 61878.3,
                        "Total Cost": 607581.13,
                        "Plan Rows": 3978599,
                        "Plan Width": 8,
                        "Actual Startup Time": 307.464,
                        "Actual Total Time": 4391.754,
                        "Actual Rows": 3696562,
                        "Actual Loops": 2,
                        "Inner Unique": true,
                        "Hash Cond": "(ci.movie_id = t.id)",
                        "Plans": [
                          {
                            "Node Type": "Seq Scan",
                            "Parent Relationship": "Outer",
                            "Parallel Aware": true,
                            "Relation Name": "cast_info",
                            "Alias": "ci",
                            "Startup Cost": 0.0,
                            "Total Cost": 519069.44,
                            "Plan Rows": 10146036,
                            "Plan Width": 4,
                            "Actual Startup Time": 0.016,
                            "Actual Total Time": 1518.645,
                            "Actual Rows": 8663516,
                            "Actual Loops": 2,
                            "Filter": "(person_id < 1711604)",
                            "Rows Removed by Filter": 9458656
                          },
                          {
                            "Node Type": "Hash",
                            "Parent Relationship": "Inner",
                            "Parallel Aware": true,
                            "Startup Cost": 54588.39,
                            "Total Cost": 54588.39,
                            "Plan Rows": 583193,
                            "Plan Width": 4,
                            "Actual Startup Time": 298.473,
                            "Actual Total Time": 298.475,
                            "Actual Rows": 492524,
                            "Actual Loops": 2,
                            "Hash Buckets": 1048576,
                            "Original Hash Buckets": 1048576,
                            "Hash Batches": 1,
                            "Original Hash Batches": 1,
                            "Peak Memory Usage": 46784,
                            "Plans": [
                              {
                                "Node Type": "Seq Scan",
                                "Parent Relationship": "Outer",
                                "Parallel Aware": true,
                                "Relation Name": "title",
                                "Alias": "t",
                                "Startup Cost": 0.0,
                                "Total Cost": 54588.39,
                                "Plan Rows": 583193,
                                "Plan Width": 4,
                                "Actual Startup Time": 0.034,
                                "Actual Total Time": 173.382,
                                "Actual Rows": 492524,
                                "Actual Loops": 2,
                                "Filter": "(kind_id < 7)",
                                "Rows Removed by Filter": 771632
                              }
                            ]
                          }
                        ]
                      }
                    ]
                  },
                  {
                    "Node Type": "Sort",
                    "Parent Relationship": "Inner",
                    "Parallel Aware": false,
                    "Startup Cost": 322951.0,
                    "Total Cost": 329473.82,
                    "Plan Rows": 2609129,
                    "Plan Width": 4,
                    "Actual Startup Time": 773.322,
                    "Actual Total Time": 1340.734,
                    "Actual Rows": 15629048,
                    "Actual Loops": 2,
                    "Sort Key": [
                      "mc.movie_id"
                    ],
                    "Sort Method": "quicksort",
                    "Sort Space Used": 220607,
                    "Sort Space Type": "Memory",
                    "Workers": [
                      {
                        "Worker Number": 0,
                        "Sort Method": "quicksort",
                        "Sort Space Used": 220607,
                        "Sort Space Type": "Memory"
                      }
                    ],
                    "Plans": [
                      {
                        "Node Type": "Seq Scan",
                        "Parent Relationship": "Outer",
                        "Parallel Aware": false,
                        "Relation Name": "movie_companies",
                        "Alias": "mc",
                        "Startup Cost": 0.0,
                        "Total Cost": 44881.29,
                        "Plan Rows": 2609129,
                        "Plan Width": 4,
                        "Actual Startup Time": 0.038,
                        "Actual Total Time": 241.588,
                        "Actual Rows": 2609129,
                        "Actual Loops": 2
                      }
                    ]
                  }
                ]
              }
            ]
          }
        ]
      }
    ]
  },
  "Planning Time": 1.083,
  "Triggers": [],
  "Execution Time": 9978.076
}