[
  {
    "Plan": {
      "Node Type": "Aggregate",
      "Strategy": "Plain",
      "Partial Mode": "Finalize",
      "Parallel Aware": false,
      "Startup Cost": 311700.42,
      "Total Cost": 311700.43,
      "Plan Rows": 1,
      "Plan Width": 8,
      "Actual Startup Time": 1339.837,
      "Actual Total Time": 1403.6,
      "Actual Rows": 1,
      "Actual Loops": 1,
      "Plans": [
        {
          "Node Type": "Gather",
          "Parent Relationship": "Outer",
          "Parallel Aware": false,
          "Startup Cost": 311699.9,
          "Total Cost": 311700.41,
          "Plan Rows": 5,
          "Plan Width": 8,
          "Actual Startup Time": 1322.934,
          "Actual Total Time": 1403.582,
          "Actual Rows": 6,
          "Actual Loops": 1,
          "Workers Planned": 5,
          "Workers Launched": 5,
          "Single Copy": false,
          "Plans": [
            {
              "Node Type": "Aggregate",
              "Strategy": "Plain",
              "Partial Mode": "Partial",
              "Parent Relationship": "Outer",
              "Parallel Aware": false,
              "Startup Cost": 310699.9,
              "Total Cost": 310699.91,
              "Plan Rows": 1,
              "Plan Width": 8,
              "Actual Startup Time": 1308.58,
              "Actual Total Time": 1308.977,
              "Actual Rows": 1,
              "Actual Loops": 6,
              "Plans": [
                {
                  "Node Type": "Hash Join",
                  "Parent Relationship": "Outer",
                  "Parallel Aware": true,
                  "Join Type": "Inner",
                  "Startup Cost": 99250.68,
                  "Total Cost": 308458.82,
                  "Plan Rows": 896430,
                  "Plan Width": 0,
                  "Actual Startup Time": 484.79,
                  "Actual Total Time": 1270.667,
                  "Actual Rows": 612113,
                  "Actual Loops": 6,
                  "Inner Unique": false,
                  "Hash Cond": "(mi.movie_id = t.id)",
                  "Plans": [
                    {
                      "Node Type": "Seq Scan",
                      "Parent Relationship": "Outer",
                      "Parallel Aware": true,
                      "Relation Name": "movie_info",
                      "Alias": "mi",
                      "Startup Cost": 0.0,
                      "Total Cost": 199108.24,
                      "Plan Rows": 1922185,
                      "Plan Width": 4,
                      "Actual Startup Time": 0.044,
                      "Actual Total Time": 444.927,
                      "Actual Rows": 1594192,
                      "Actual Loops": 6,
                      "Filter": "(info_type_id < 16)",
                      "Rows Removed by Filter": 878428
                    },
                    {
                      "Node Type": "Hash",
                      "Parent Relationship": "Inner",
                      "Parallel Aware": true,
                      "Startup Cost": 94496.02,
                      "Total Cost": 94496.02,
                      "Plan Rows": 380373,
                      "Plan Width": 8,
                      "Actual Startup Time": 478.659,
                      "Actual Total Time": 479.054,
                      "Actual Rows": 77769,
                      "Actual Loops": 6,
                      "Hash Buckets": 2097152,
                      "Original Hash Buckets": 2097152,
                      "Hash Batches": 1,
                      "Original Hash Batches": 1,
                      "Peak Memory Usage": 34752,
                      "Plans": [
                        {
                          "Node Type": "Hash Join",
                          "Parent Relationship": "Outer",
                          "Parallel Aware": true,
                          "Join Type": "Inner",
                          "Startup Cost": 50088.69,
                          "Total Cost": 94496.02,
                          "Plan Rows": 380373,
                          "Plan Width": 8,
                          "Actual Startup Time": 259.39,
                          "Actual Total Time": 430.482,
                          "Actual Rows": 77769,
                          "Actual Loops": 6,
                          "Inner Unique": true,
                          "Hash Cond": "(mk.movie_id = t.id)",
                          "Plans": [
                            {
                              "Node Type": "Seq Scan",
                              "Parent Relationship": "Outer",
                              "Parallel Aware": true,
                              "Relation Name": "movie_keyword",
                              "Alias": "mk",
                              "Startup Cost": 0.0,
                              "Total Cost": 42695.65,
                              "Plan Rows": 652067,
                              "Plan Width": 4,
                              "Actual Startup Time": 0.041,
                              "Actual Total Time": 100.116,
                              "Actual Rows": 337086,
                              "Actual Loops": 6,
                              "Filter": "(keyword_id < 3624)",
                              "Rows Removed by Filter": 416903
                            },
                            {
                              "Node Type": "Hash",
                              "Parent Relationship": "Inner",
                              "Parallel Aware": true,
                              "Startup Cost": 45479.59,
                              "Total Cost": 45479.59,
                              "Plan Rows": 368728,
                              "Plan Width": 4,
                              "Actual Startup Time": 255.928,
                              "Actual Total Time": 255.929,
                              "Actual Rows": 241879,
                              "Actual Loops": 6,
                              "Hash Buckets": 2097152,
                              "Original Hash Buckets": 2097152,
                              "Hash Batches": 1,
                              "Original Hash Batches": 1,
                              "Peak Memory Usage": 73248,
                              "Plans": [
                                {
                                  "Node Type": "Seq Scan",
                                  "Parent Relationship": "Outer",
                                  "Parallel Aware": true,
                                  "Relation Name": "title",
                                  "Alias": "t",
                                  "Startup Cost": 0.0,
                                  "Total Cost": 45479.59,
                                  "Plan Rows": 368728,
                                  "Plan Width": 4,
                                  "Actual Startup Time": 0.073,
                                  "Actual Total Time": 113.438,
                                  "Actual Rows": 241879,
                                  "Actual Loops": 6,
                                  "Filter": "((kind_id > 3) AND (production_year < 2012))",
                                  "Rows Removed by Filter": 179507
                                }
                              ]
                            }
                          ]
                        }
                      ]
                    }
                  ]
                }
              ]
            }
          ]
        }
      ]
    },
    "Planning Time": 1.68,
    "Triggers": [],
    "Execution Time": 1403.702
  }
]