[
  {
    "Plan": {
      "Node Type": "Aggregate",
      "Strategy": "Plain",
      "Partial Mode": "Finalize",
      "Parallel Aware": false,
      "Startup Cost": 33167.79,
      "Total Cost": 33167.8,
      "Plan Rows": 1,
      "Plan Width": 8,
      "Actual Startup Time": 102.178,
      "Actual Total Time": 109.485,
      "Actual Rows": 1,
      "Actual Loops": 1,
      "Plans": [
        {
          "Node Type": "Gather",
          "Parent Relationship": "Outer",
          "Parallel Aware": false,
          "Startup Cost": 33167.48,
          "Total Cost": 33167.79,
          "Plan Rows": 3,
          "Plan Width": 8,
          "Actual Startup Time": 102.047,
          "Actual Total Time": 109.476,
          "Actual Rows": 4,
          "Actual Loops": 1,
          "Workers Planned": 3,
          "Workers Launched": 3,
          "Single Copy": false,
          "Plans": [
            {
              "Node Type": "Aggregate",
              "Strategy": "Plain",
              "Partial Mode": "Partial",
              "Parent Relationship": "Outer",
              "Parallel Aware": false,
              "Startup Cost": 32167.48,
              "Total Cost": 32167.49,
              "Plan Rows": 1,
              "Plan Width": 8,
              "Actual Startup Time": 93.155,
              "Actual Total Time": 93.156,
              "Actual Rows": 1,
              "Actual Loops": 4,
              "Plans": [
                {
                  "Node Type": "Seq Scan",
                  "Parent Relationship": "Outer",
                  "Parallel Aware": true,
                  "Relation Name": "movie_companies",
                  "Alias": "mc",
                  "Startup Cost": 0.0,
                  "Total Cost": 31414.82,
                  "Plan Rows": 301063,
                  "Plan Width": 0,
                  "Actual Startup Time": 0.849,
                  "Actual Total Time": 83.271,
                  "Actual Rows": 193123,
                  "Actual Loops": 4,
                  "Filter": "((company_id > 1347) AND (company_type_id = 1))",
                  "Rows Removed by Filter": 459160
                }
              ]
            }
          ]
        }
      ]
    },
    "Planning Time": 0.266,
    "Triggers": [],
    "Execution Time": 109.545
  }
]