[
  {
    "Plan": {
      "Node Type": "Aggregate",
      "Strategy": "Plain",
      "Partial Mode": "Finalize",
      "Parallel Aware": false,
      "Startup Cost": 33007.71,
      "Total Cost": 33007.72,
      "Plan Rows": 1,
      "Plan Width": 8,
      "Actual Startup Time": 101.054,
      "Actual Total Time": 109.159,
      "Actual Rows": 1,
      "Actual Loops": 1,
      "Plans": [
        {
          "Node Type": "Gather",
          "Parent Relationship": "Outer",
          "Parallel Aware": false,
          "Startup Cost": 33007.39,
          "Total Cost": 33007.7,
          "Plan Rows": 3,
          "Plan Width": 8,
          "Actual Startup Time": 100.886,
          "Actual Total Time": 109.148,
          "Actual Rows": 4,
          "Actual Loops": 1,
          "Workers Planned": 3,
          "Workers Launched": 3,
          "Single Copy": false,
          "Plans": [
            {
              "Node Type": "Aggregate",
              "Strategy": "Plain",
              "Partial Mode": "Partial",
              "Parent Relationship": "Outer",
              "Parallel Aware": false,
              "Startup Cost": 32007.39,
              "Total Cost": 32007.4,
              "Plan Rows": 1,
              "Plan Width": 8,
              "Actual Startup Time": 95.47,
              "Actual Total Time": 95.471,
              "Actual Rows": 1,
              "Actual Loops": 4,
              "Plans": [
                {
                  "Node Type": "Seq Scan",
                  "Parent Relationship": "Outer",
                  "Parallel Aware": true,
                  "Relation Name": "movie_companies",
                  "Alias": "mc",
                  "Startup Cost": 0.0,
                  "Total Cost": 31414.82,
                  "Plan Rows": 237028,
                  "Plan Width": 0,
                  "Actual Startup Time": 0.036,
                  "Actual Total Time": 81.548,
                  "Actual Rows": 256068,
                  "Actual Loops": 4,
                  "Filter": "((company_id < 14060) AND (company_type_id = 1))",
                  "Rows Removed by Filter": 396214
                }
              ]
            }
          ]
        }
      ]
    },
    "Planning Time": 0.108,
    "Triggers": [],
    "Execution Time": 109.19
  }
]