[
  {
    "Plan": {
      "Node Type": "Aggregate",
      "Strategy": "Plain",
      "Partial Mode": "Finalize",
      "Parallel Aware": false,
      "Startup Cost": 46418.36,
      "Total Cost": 46418.37,
      "Plan Rows": 1,
      "Plan Width": 8,
      "Actual Startup Time": 174.169,
      "Actual Total Time": 184.257,
      "Actual Rows": 1,
      "Actual Loops": 1,
      "Plans": [
        {
          "Node Type": "Gather",
          "Parent Relationship": "Outer",
          "Parallel Aware": false,
          "Startup Cost": 46418.05,
          "Total Cost": 46418.36,
          "Plan Rows": 3,
          "Plan Width": 8,
          "Actual Startup Time": 174.024,
          "Actual Total Time": 184.247,
          "Actual Rows": 4,
          "Actual Loops": 1,
          "Workers Planned": 3,
          "Workers Launched": 3,
          "Single Copy": false,
          "Plans": [
            {
              "Node Type": "Aggregate",
              "Strategy": "Plain",
              "Partial Mode": "Partial",
              "Parent Relationship": "Outer",
              "Parallel Aware": false,
              "Startup Cost": 45418.05,
              "Total Cost": 45418.06,
              "Plan Rows": 1,
              "Plan Width": 8,
              "Actual Startup Time": 170.113,
              "Actual Total Time": 170.114,
              "Actual Rows": 1,
              "Actual Loops": 4,
              "Plans": [
                {
                  "Node Type": "Seq Scan",
                  "Parent Relationship": "Outer",
                  "Parallel Aware": true,
                  "Relation Name": "movie_keyword",
                  "Alias": "mk",
                  "Startup Cost": 0.0,
                  "Total Cost": 42695.65,
                  "Plan Rows": 1088957,
                  "Plan Width": 0,
                  "Actual Startup Time": 0.033,
                  "Actual Total Time": 128.652,
                  "Actual Rows": 843450,
                  "Actual Loops": 4,
                  "Filter": "(keyword_id < 16190)",
                  "Rows Removed by Filter": 287533
                }
              ]
            }
          ]
        }
      ]
    },
    "Planning Time": 0.163,
    "Triggers": [],
    "Execution Time": 184.31
  }
]