{
  "Plan": {
    "Node Type": "Aggregate",
    "Strategy": "Plain",
    "Partial Mode": "Finalize",
    "Parallel Aware": false,
    "Startup Cost": 120017.51,
    "Total Cost": 120017.52,
    "Plan Rows": 1,
    "Plan Width": 8,
    "Actual Startup Time": 526.469,
    "Actual Total Time": 543.745,
    "Actual Rows": 1,
    "Actual Loops": 1,
    "Plans": [
      {
        "Node Type": "Gather",
        "Parent Relationship": "Outer",
        "Parallel Aware": false,
        "Startup Cost": 120017.4,
        "Total Cost": 120017.51,
        "Plan Rows": 1,
        "Plan Width": 8,
        "Actual Startup Time": 525.818,
        "Actual Total Time": 543.738,
        "Actual Rows": 2,
        "Actual Loops": 1,
        "Workers Planned": 1,
        "Workers Launched": 1,
        "Single Copy": false,
        "Plans": [
          {
            "Node Type": "Aggregate",
            "Strategy": "Plain",
            "Partial Mode": "Partial",
            "Parent Relationship": "Outer",
            "Parallel Aware": false,
            "Startup Cost": 119017.4,
            "Total Cost": 119017.41,
            "Plan Rows": 1,
            "Plan Width": 8,
            "Actual Startup Time": 520.238,
            "Actual Total Time": 520.241,
            "Actual Rows": 1,
            "Actual Loops": 2,
            "Plans": [
              {
                "Node Type": "Hash Join",
                "Parent Relationship": "Outer",
                "Parallel Aware": true,
                "Join Type": "Inner",
                "Startup Cost": 60265.49,
                "Total Cost": 118316.34,
                "Plan Rows": 280426,
                "Plan Width": 0,
                "Actual Startup Time": 174.269,
                "Actual Total Time": 509.367,
                "Actual Rows": 278794,
                "Actual Loops": 2,
                "Inner Unique": true,
                "Hash Cond": "(mk.movie_id = t.id)",
                "Plans": [
                  {
                    "Node Type": "Seq Scan",
                    "Parent Relationship": "Outer",
                    "Parallel Aware": true,
                    "Relation Name": "movie_keyword",
                    "Alias": "mk",
                    "Startup Cost": 0.0,
                    "Total Cost": 51065.35,
                    "Plan Rows": 2661135,
                    "Plan Width": 4,
                    "Actual Startup Time": 0.013,
                    "Actual Total Time": 149.871,
                    "Actual Rows": 2261965,
                    "Actual Loops": 2
                  },
                  {
                    "Node Type": "Hash",
                    "Parent Relationship": "Inner",
                    "Parallel Aware": true,
                    "Startup Cost": 58306.47,
                    "Total Cost": 58306.47,
                    "Plan Rows": 156722,
                    "Plan Width": 4,
                    "Actual Startup Time": 168.868,
                    "Actual Total Time": 168.869,
                    "Actual Rows": 113492,
                    "Actual Loops": 2,
                    "Hash Buckets": 524288,
                    "Original Hash Buckets": 524288,
                    "Hash Batches": 1,
                    "Original Hash Batches": 1,
                    "Peak Memory Usage": 12992,
                    "Plans": [
                      {
                        "Node Type": "Seq Scan",
                        "Parent Relationship": "Outer",
                        "Parallel Aware": true,
                        "Relation Name": "title",
                        "Alias": "t",
                        "Startup Cost": 0.0,
                        "Total Cost": 58306.47,
                        "Plan Rows": 156722,
                        "Plan Width": 4,
                        "Actual Startup Time": 0.05,
                        "Actual Total Time": 140.45,
                        "Actual Rows": 113492,
                        "Actual Loops": 2,
                        "Filter": "((kind_id < 4) AND (production_year > 2007))",
                        "Rows Removed by Filter": 1150664
                      }
                    ]
                  }
                ]
              }
            ]
          }
        ]
      }
    ]
  },
  "Planning Time": 0.705,
  "Triggers": [],
  "Execution Time": 543.812
}