[
  {
    "Plan": {
      "Node Type": "Aggregate",
      "Strategy": "Plain",
      "Partial Mode": "Finalize",
      "Parallel Aware": false,
      "Startup Cost": 32269.82,
      "Total Cost": 32269.83,
      "Plan Rows": 1,
      "Plan Width": 8,
      "Actual Startup Time": 129.74,
      "Actual Total Time": 137.667,
      "Actual Rows": 1,
      "Actual Loops": 1,
      "Plans": [
        {
          "Node Type": "Gather",
          "Parent Relationship": "Outer",
          "Parallel Aware": false,
          "Startup Cost": 32269.5,
          "Total Cost": 32269.81,
          "Plan Rows": 3,
          "Plan Width": 8,
          "Actual Startup Time": 129.66,
          "Actual Total Time": 137.658,
          "Actual Rows": 4,
          "Actual Loops": 1,
          "Workers Planned": 3,
          "Workers Launched": 3,
          "Single Copy": false,
          "Plans": [
            {
              "Node Type": "Aggregate",
              "Strategy": "Plain",
              "Partial Mode": "Partial",
              "Parent Relationship": "Outer",
              "Parallel Aware": false,
              "Startup Cost": 31269.5,
              "Total Cost": 31269.51,
              "Plan Rows": 1,
              "Plan Width": 8,
              "Actual Startup Time": 121.758,
              "Actual Total Time": 121.759,
              "Actual Rows": 1,
              "Actual Loops": 4,
              "Plans": [
                {
                  "Node Type": "Seq Scan",
                  "Parent Relationship": "Outer",
                  "Parallel Aware": true,
                  "Relation Name": "movie_companies",
                  "Alias": "mc",
                  "Startup Cost": 0.0,
                  "Total Cost": 29310.68,
                  "Plan Rows": 783529,
                  "Plan Width": 0,
                  "Actual Startup Time": 0.044,
                  "Actual Total Time": 89.408,
                  "Actual Rows": 608312,
                  "Actual Loops": 4,
                  "Filter": "(company_id < 121725)",
                  "Rows Removed by Filter": 43970
                }
              ]
            }
          ]
        }
      ]
    },
    "Planning Time": 0.241,
    "Triggers": [],
    "Execution Time": 137.725
  }
]