[
  {
    "Plan": {
      "Node Type": "Aggregate",
      "Strategy": "Plain",
      "Partial Mode": "Finalize",
      "Parallel Aware": false,
      "Startup Cost": 163480.38,
      "Total Cost": 163480.39,
      "Plan Rows": 1,
      "Plan Width": 8,
      "Actual Startup Time": 120.482,
      "Actual Total Time": 138.076,
      "Actual Rows": 1,
      "Actual Loops": 1,
      "Plans": [
        {
          "Node Type": "Gather",
          "Parent Relationship": "Outer",
          "Parallel Aware": false,
          "Startup Cost": 163479.96,
          "Total Cost": 163480.37,
          "Plan Rows": 4,
          "Plan Width": 8,
          "Actual Startup Time": 120.367,
          "Actual Total Time": 138.068,
          "Actual Rows": 5,
          "Actual Loops": 1,
          "Workers Planned": 4,
          "Workers Launched": 4,
          "Single Copy": false,
          "Plans": [
            {
              "Node Type": "Aggregate",
              "Strategy": "Plain",
              "Partial Mode": "Partial",
              "Parent Relationship": "Outer",
              "Parallel Aware": false,
              "Startup Cost": 162479.96,
              "Total Cost": 162479.97,
              "Plan Rows": 1,
              "Plan Width": 8,
              "Actual Startup Time": 110.627,
              "Actual Total Time": 110.628,
              "Actual Rows": 1,
              "Actual Loops": 5,
              "Plans": [
                {
                  "Node Type": "Nested Loop",
                  "Parent Relationship": "Outer",
                  "Parallel Aware": false,
                  "Join Type": "Inner",
                  "Startup Cost": 0.43,
                  "Total Cost": 162464.56,
                  "Plan Rows": 6160,
                  "Plan Width": 0,
                  "Actual Startup Time": 0.868,
                  "Actual Total Time": 109.846,
                  "Actual Rows": 9182,
                  "Actual Loops": 5,
                  "Inner Unique": false,
                  "Plans": [
                    {
                      "Node Type": "Seq Scan",
                      "Parent Relationship": "Outer",
                      "Parallel Aware": true,
                      "Relation Name": "title",
                      "Alias": "t",
                      "Startup Cost": 0.0,
                      "Total Cost": 43898.92,
                      "Plan Rows": 1054,
                      "Plan Width": 4,
                      "Actual Startup Time": 0.637,
                      "Actual Total Time": 75.343,
                      "Actual Rows": 953,
                      "Actual Loops": 5,
                      "Filter": "(production_year = 1950)",
                      "Rows Removed by Filter": 504710
                    },
                    {
                      "Node Type": "Index Only Scan",
                      "Parent Relationship": "Inner",
                      "Parallel Aware": false,
                      "Scan Direction": "Forward",
                      "Index Name": "movie_id_movie_info",
                      "Relation Name": "movie_info",
                      "Alias": "mi",
                      "Startup Cost": 0.43,
                      "Total Cost": 112.07,
                      "Plan Rows": 42,
                      "Plan Width": 4,
                      "Actual Startup Time": 0.014,
                      "Actual Total Time": 0.035,
                      "Actual Rows": 10,
                      "Actual Loops": 4763,
                      "Index Cond": "(movie_id = t.id)",
                      "Rows Removed by Index Recheck": 0,
                      "Heap Fetches": 45910
                    }
                  ]
                }
              ]
            }
          ]
        }
      ]
    },
    "Planning Time": 0.587,
    "Triggers": [],
    "Execution Time": 138.223
  }
]