[
  {
    "Plan": {
      "Node Type": "Aggregate",
      "Strategy": "Plain",
      "Partial Mode": "Finalize",
      "Parallel Aware": false,
      "Startup Cost": 45085.79,
      "Total Cost": 45085.8,
      "Plan Rows": 1,
      "Plan Width": 64,
      "Actual Startup Time": 320.871,
      "Actual Total Time": 343.821,
      "Actual Rows": 1,
      "Actual Loops": 1,
      "Plans": [
        {
          "Node Type": "Gather",
          "Parent Relationship": "Outer",
          "Parallel Aware": false,
          "Startup Cost": 45085.46,
          "Total Cost": 45085.77,
          "Plan Rows": 3,
          "Plan Width": 64,
          "Actual Startup Time": 320.005,
          "Actual Total Time": 343.808,
          "Actual Rows": 4,
          "Actual Loops": 1,
          "Workers Planned": 3,
          "Workers Launched": 3,
          "Single Copy": false,
          "Plans": [
            {
              "Node Type": "Aggregate",
              "Strategy": "Plain",
              "Partial Mode": "Partial",
              "Parent Relationship": "Outer",
              "Parallel Aware": false,
              "Startup Cost": 44085.46,
              "Total Cost": 44085.47,
              "Plan Rows": 1,
              "Plan Width": 64,
              "Actual Startup Time": 308.41,
              "Actual Total Time": 308.42,
              "Actual Rows": 1,
              "Actual Loops": 4,
              "Plans": [
                {
                  "Node Type": "Nested Loop",
                  "Parent Relationship": "Outer",
                  "Parallel Aware": false,
                  "Join Type": "Inner",
                  "Startup Cost": 5349.81,
                  "Total Cost": 44085.44,
                  "Plan Rows": 4,
                  "Plan Width": 60,
                  "Actual Startup Time": 308.403,
                  "Actual Total Time": 308.412,
                  "Actual Rows": 0,
                  "Actual Loops": 4,
                  "Inner Unique": true,
                  "Plans": [
                    {
                      "Node Type": "Nested Loop",
                      "Parent Relationship": "Outer",
                      "Parallel Aware": false,
                      "Join Type": "Inner",
                      "Startup Cost": 5349.39,
                      "Total Cost": 44083.69,
                      "Plan Rows": 4,
                      "Plan Width": 64,
                      "Actual Startup Time": 308.402,
                      "Actual Total Time": 308.411,
                      "Actual Rows": 0,
                      "Actual Loops": 4,
                      "Inner Unique": false,
                      "Plans": [
                        {
                          "Node Type": "Nested Loop",
                          "Parent Relationship": "Outer",
                          "Parallel Aware": false,
                          "Join Type": "Inner",
                          "Startup Cost": 5348.95,
                          "Total Cost": 44081.8,
                          "Plan Rows": 1,
                          "Plan Width": 76,
                          "Actual Startup Time": 308.401,
                          "Actual Total Time": 308.407,
                          "Actual Rows": 0,
                          "Actual Loops": 4,
                          "Inner Unique": true,
                          "Plans": [
                            {
                              "Node Type": "Nested Loop",
                              "Parent Relationship": "Outer",
                              "Parallel Aware": false,
                              "Join Type": "Inner",
                              "Startup Cost": 5348.81,
                              "Total Cost": 44081.52,
                              "Plan Rows": 1,
                              "Plan Width": 80,
                              "Actual Startup Time": 308.4,
                              "Actual Total Time": 308.406,
                              "Actual Rows": 0,
                              "Actual Loops": 4,
                              "Inner Unique": true,
                              "Plans": [
                                {
                                  "Node Type": "Nested Loop",
                                  "Parent Relationship": "Outer",
                                  "Parallel Aware": false,
                                  "Join Type": "Inner",
                                  "Startup Cost": 5348.68,
                                  "Total Cost": 44081.36,
                                  "Plan Rows": 1,
                                  "Plan Width": 84,
                                  "Actual Startup Time": 308.399,
                                  "Actual Total Time": 308.404,
                                  "Actual Rows": 0,
                                  "Actual Loops": 4,
                                  "Inner Unique": false,
                                  "Plans": [
                                    {
                                      "Node Type": "Nested Loop",
                                      "Parent Relationship": "Outer",
                                      "Parallel Aware": false,
                                      "Join Type": "Inner",
                                      "Startup Cost": 5348.25,
                                      "Total Cost": 42731.97,
                                      "Plan Rows": 607,
                                      "Plan Width": 33,
                                      "Actual Startup Time": 35.775,
                                      "Actual Total Time": 241.231,
                                      "Actual Rows": 2066,
                                      "Actual Loops": 4,
                                      "Inner Unique": true,
                                      "Plans": [
                                        {
                                          "Node Type": "Nested Loop",
                                          "Parent Relationship": "Outer",
                                          "Parallel Aware": false,
                                          "Join Type": "Inner",
                                          "Startup Cost": 5347.82,
                                          "Total Cost": 41254.08,
                                          "Plan Rows": 1559,
                                          "Plan Width": 12,
                                          "Actual Startup Time": 30.509,
                                          "Actual Total Time": 214.071,
                                          "Actual Rows": 3425,
                                          "Actual Loops": 4,
                                          "Inner Unique": false,
                                          "Plans": [
                                            {
                                              "Node Type": "Hash Join",
                                              "Parent Relationship": "Outer",
                                              "Parallel Aware": true,
                                              "Join Type": "Inner",
                                              "Startup Cost": 5347.39,
                                              "Total Cost": 36777.46,
                                              "Plan Rows": 2099,
                                              "Plan Width": 8,
                                              "Actual Startup Time": 29.854,
                                              "Actual Total Time": 175.69,
                                              "Actual Rows": 10959,
                                              "Actual Loops": 4,
                                              "Inner Unique": true,
                                              "Hash Cond": "(mc.company_id = cn.id)",
                                              "Plans": [
                                                {
                                                  "Node Type": "Seq Scan",
                                                  "Parent Relationship": "Outer",
                                                  "Parallel Aware": true,
                                                  "Relation Name": "movie_companies",
                                                  "Alias": "mc",
                                                  "Startup Cost": 0.0,
                                                  "Total Cost": 31414.82,
                                                  "Plan Rows": 5807,
                                                  "Plan Width": 12,
                                                  "Actual Startup Time": 0.044,
                                                  "Actual Total Time": 139.798,
                                                  "Actual Rows": 15416,
                                                  "Actual Loops": 4,
                                                  "Filter": "((note ~~ '%(200%)%'::text) AND (note ~~ '%(worldwide)%'::text))",
                                                  "Rows Removed by Filter": 636866
                                                },
                                                {
                                                  "Node Type": "Hash",
                                                  "Parent Relationship": "Inner",
                                                  "Parallel Aware": true,
                                                  "Startup Cost": 4722.92,
                                                  "Total Cost": 4722.92,
                                                  "Plan Rows": 49958,
                                                  "Plan Width": 4,
                                                  "Actual Startup Time": 28.943,
                                                  "Actual Total Time": 28.944,
                                                  "Actual Rows": 21211,
                                                  "Actual Loops": 4,
                                                  "Hash Buckets": 131072,
                                                  "Original Hash Buckets": 131072,
                                                  "Hash Batches": 1,
                                                  "Original Hash Batches": 1,
                                                  "Peak Memory Usage": 4384,
                                                  "Plans": [
                                                    {
                                                      "Node Type": "Seq Scan",
                                                      "Parent Relationship": "Outer",
                                                      "Parallel Aware": true,
                                                      "Relation Name": "company_name",
                                                      "Alias": "cn",
                                                      "Startup Cost": 0.0,
                                                      "Total Cost": 4722.92,
                                                      "Plan Rows": 49958,
                                                      "Plan Width": 4,
                                                      "Actual Startup Time": 0.061,
                                                      "Actual Total Time": 21.029,
                                                      "Actual Rows": 21211,
                                                      "Actual Loops": 4,
                                                      "Filter": "((country_code)::text = '[us]'::text)",
                                                      "Rows Removed by Filter": 37538
                                                    }
                                                  ]
                                                }
                                              ]
                                            },
                                            {
                                              "Node Type": "Index Only Scan",
                                              "Parent Relationship": "Inner",
                                              "Parallel Aware": false,
                                              "Scan Direction": "Forward",
                                              "Index Name": "movie_id_aka_title",
                                              "Relation Name": "aka_title",
                                              "Alias": "at",
                                              "Startup Cost": 0.42,
                                              "Total Cost": 2.11,
                                              "Plan Rows": 2,
                                              "Plan Width": 4,
                                              "Actual Startup Time": 0.003,
                                              "Actual Total Time": 0.003,
                                              "Actual Rows": 0,
                                              "Actual Loops": 43837,
                                              "Index Cond": "(movie_id = mc.movie_id)",
                                              "Rows Removed by Index Recheck": 0,
                                              "Heap Fetches": 13699
                                            }
                                          ]
                                        },
                                        {
                                          "Node Type": "Index Scan",
                                          "Parent Relationship": "Inner",
                                          "Parallel Aware": false,
                                          "Scan Direction": "Forward",
                                          "Index Name": "title_pkey",
                                          "Relation Name": "title",
                                          "Alias": "t",
                                          "Startup Cost": 0.43,
                                          "Total Cost": 0.95,
                                          "Plan Rows": 1,
                                          "Plan Width": 21,
                                          "Actual Startup Time": 0.007,
                                          "Actual Total Time": 0.007,
                                          "Actual Rows": 1,
                                          "Actual Loops": 13699,
                                          "Index Cond": "(id = at.movie_id)",
                                          "Rows Removed by Index Recheck": 0,
                                          "Filter": "(production_year < 1999)",
                                          "Rows Removed by Filter": 0
                                        }
                                      ]
                                    },
                                    {
                                      "Node Type": "Index Scan",
                                      "Parent Relationship": "Inner",
                                      "Parallel Aware": false,
                                      "Scan Direction": "Forward",
                                      "Index Name": "movie_id_movie_info",
                                      "Relation Name": "movie_info",
                                      "Alias": "mi",
                                      "Startup Cost": 0.43,
                                      "Total Cost": 2.21,
                                      "Plan Rows": 1,
                                      "Plan Width": 51,
                                      "Actual Startup Time": 0.032,
                                      "Actual Total Time": 0.032,
                                      "Actual Rows": 0,
                                      "Actual Loops": 8262,
                                      "Index Cond": "(movie_id = t.id)",
                                      "Rows Removed by Index Recheck": 0,
                                      "Filter": "((note ~~ '%internet%'::text) AND (info ~~ 'USA:% 200%'::text))",
                                      "Rows Removed by Filter": 54
                                    }
                                  ]
                                },
                                {
                                  "Node Type": "Index Only Scan",
                                  "Parent Relationship": "Inner",
                                  "Parallel Aware": false,
                                  "Scan Direction": "Forward",
                                  "Index Name": "company_type_pkey",
                                  "Relation Name": "company_type",
                                  "Alias": "ct",
                                  "Startup Cost": 0.13,
                                  "Total Cost": 0.15,
                                  "Plan Rows": 1,
                                  "Plan Width": 4,
                                  "Actual Startup Time": 0.0,
                                  "Actual Total Time": 0.0,
                                  "Actual Rows": 0,
                                  "Actual Loops": 0,
                                  "Index Cond": "(id = mc.company_type_id)",
                                  "Rows Removed by Index Recheck": 0,
                                  "Heap Fetches": 0
                                }
                              ]
                            },
                            {
                              "Node Type": "Index Scan",
                              "Parent Relationship": "Inner",
                              "Parallel Aware": false,
                              "Scan Direction": "Forward",
                              "Index Name": "info_type_pkey",
                              "Relation Name": "info_type",
                              "Alias": "it1",
                              "Startup Cost": 0.14,
                              "Total Cost": 0.21,
                              "Plan Rows": 1,
                              "Plan Width": 4,
                              "Actual Startup Time": 0.0,
                              "Actual Total Time": 0.0,
                              "Actual Rows": 0,
                              "Actual Loops": 0,
                              "Index Cond": "(id = mi.info_type_id)",
                              "Rows Removed by Index Recheck": 0,
                              "Filter": "((info)::text = 'release dates'::text)",
                              "Rows Removed by Filter": 0
                            }
                          ]
                        },
                        {
                          "Node Type": "Index Scan",
                          "Parent Relationship": "Inner",
                          "Parallel Aware": false,
                          "Scan Direction": "Forward",
                          "Index Name": "movie_id_movie_keyword",
                          "Relation Name": "movie_keyword",
                          "Alias": "mk",
                          "Startup Cost": 0.43,
                          "Total Cost": 1.42,
                          "Plan Rows": 46,
                          "Plan Width": 8,
                          "Actual Startup Time": 0.0,
                          "Actual Total Time": 0.0,
                          "Actual Rows": 0,
                          "Actual Loops": 0,
                          "Index Cond": "(movie_id = t.id)",
                          "Rows Removed by Index Recheck": 0
                        }
                      ]
                    },
                    {
                      "Node Type": "Index Only Scan",
                      "Parent Relationship": "Inner",
                      "Parallel Aware": false,
                      "Scan Direction": "Forward",
                      "Index Name": "keyword_pkey",
                      "Relation Name": "keyword",
                      "Alias": "k",
                      "Startup Cost": 0.42,
                      "Total Cost": 0.44,
                      "Plan Rows": 1,
                      "Plan Width": 4,
                      "Actual Startup Time": 0.0,
                      "Actual Total Time": 0.0,
                      "Actual Rows": 0,
                      "Actual Loops": 0,
                      "Index Cond": "(id = mk.keyword_id)",
                      "Rows Removed by Index Recheck": 0,
                      "Heap Fetches": 0
                    }
                  ]
                }
              ]
            }
          ]
        }
      ]
    },
    "Planning Time": 27.839,
    "Triggers": [],
    "Execution Time": 344.174
  }
]