{
  "Plan": {
    "Node Type": "Aggregate",
    "Strategy": "Plain",
    "Partial Mode": "Finalize",
    "Parallel Aware": false,
    "Startup Cost": 126895.47,
    "Total Cost": 126895.48,
    "Plan Rows": 1,
    "Plan Width": 8,
    "Actual Startup Time": 836.049,
    "Actual Total Time": 853.004,
    "Actual Rows": 1,
    "Actual Loops": 1,
    "Plans": [
      {
        "Node Type": "Gather",
        "Parent Relationship": "Outer",
        "Parallel Aware": false,
        "Startup Cost": 126895.36,
        "Total Cost": 126895.47,
        "Plan Rows": 1,
        "Plan Width": 8,
        "Actual Startup Time": 834.152,
        "Actual Total Time": 852.997,
        "Actual Rows": 2,
        "Actual Loops": 1,
        "Workers Planned": 1,
        "Workers Launched": 1,
        "Single Copy": false,
        "Plans": [
          {
            "Node Type": "Aggregate",
            "Strategy": "Plain",
            "Partial Mode": "Partial",
            "Parent Relationship": "Outer",
            "Parallel Aware": false,
            "Startup Cost": 125895.36,
            "Total Cost": 125895.37,
            "Plan Rows": 1,
            "Plan Width": 8,
            "Actual Startup Time": 828.305,
            "Actual Total Time": 828.309,
            "Actual Rows": 1,
            "Actual Loops": 2,
            "Plans": [
              {
                "Node Type": "Hash Join",
                "Parent Relationship": "Outer",
                "Parallel Aware": true,
                "Join Type": "Inner",
                "Startup Cost": 65330.77,
                "Total Cost": 123381.61,
                "Plan Rows": 1005498,
                "Plan Width": 0,
                "Actual Startup Time": 276.342,
                "Actual Total Time": 752.391,
                "Actual Rows": 1928535,
                "Actual Loops": 2,
                "Inner Unique": true,
                "Hash Cond": "(mk.movie_id = t.id)",
                "Plans": [
                  {
                    "Node Type": "Seq Scan",
                    "Parent Relationship": "Outer",
                    "Parallel Aware": true,
                    "Relation Name": "movie_keyword",
                    "Alias": "mk",
                    "Startup Cost": 0.0,
                    "Total Cost": 51065.35,
                    "Plan Rows": 2661135,
                    "Plan Width": 4,
                    "Actual Startup Time": 0.012,
                    "Actual Total Time": 149.172,
                    "Actual Rows": 2261965,
                    "Actual Loops": 2
                  },
                  {
                    "Node Type": "Hash",
                    "Parent Relationship": "Inner",
                    "Parallel Aware": true,
                    "Startup Cost": 58306.47,
                    "Total Cost": 58306.47,
                    "Plan Rows": 561944,
                    "Plan Width": 4,
                    "Actual Startup Time": 267.039,
                    "Actual Total Time": 267.04,
                    "Actual Rows": 476636,
                    "Actual Loops": 2,
                    "Hash Buckets": 1048576,
                    "Original Hash Buckets": 1048576,
                    "Hash Batches": 1,
                    "Original Hash Batches": 1,
                    "Peak Memory Usage": 45536,
                    "Plans": [
                      {
                        "Node Type": "Seq Scan",
                        "Parent Relationship": "Outer",
                        "Parallel Aware": true,
                        "Relation Name": "title",
                        "Alias": "t",
                        "Startup Cost": 0.0,
                        "Total Cost": 58306.47,
                        "Plan Rows": 561944,
                        "Plan Width": 4,
                        "Actual Startup Time": 0.051,
                        "Actual Total Time": 158.886,
                        "Actual Rows": 476636,
                        "Actual Loops": 2,
                        "Filter": "((kind_id < 7) AND (production_year > 1909))",
                        "Rows Removed by Filter": 787520
                      }
                    ]
                  }
                ]
              }
            ]
          }
        ]
      }
    ]
  },
  "Planning Time": 0.376,
  "Triggers": [],
  "Execution Time": 853.06
}