{
  "Plan": {
    "Node Type": "Aggregate",
    "Strategy": "Plain",
    "Partial Mode": "Finalize",
    "Parallel Aware": false,
    "Startup Cost": 114171.52,
    "Total Cost": 114171.53,
    "Plan Rows": 1,
    "Plan Width": 8,
    "Actual Startup Time": 890.454,
    "Actual Total Time": 903.823,
    "Actual Rows": 1,
    "Actual Loops": 1,
    "Plans": [
      {
        "Node Type": "Gather",
        "Parent Relationship": "Outer",
        "Parallel Aware": false,
        "Startup Cost": 114171.41,
        "Total Cost": 114171.52,
        "Plan Rows": 1,
        "Plan Width": 8,
        "Actual Startup Time": 887.331,
        "Actual Total Time": 903.815,
        "Actual Rows": 2,
        "Actual Loops": 1,
        "Workers Planned": 1,
        "Workers Launched": 1,
        "Single Copy": false,
        "Plans": [
          {
            "Node Type": "Aggregate",
            "Strategy": "Plain",
            "Partial Mode": "Partial",
            "Parent Relationship": "Outer",
            "Parallel Aware": false,
            "Startup Cost": 113171.41,
            "Total Cost": 113171.42,
            "Plan Rows": 1,
            "Plan Width": 8,
            "Actual Startup Time": 881.219,
            "Actual Total Time": 881.224,
            "Actual Rows": 1,
            "Actual Loops": 2,
            "Plans": [
              {
                "Node Type": "Hash Join",
                "Parent Relationship": "Outer",
                "Parallel Aware": true,
                "Join Type": "Inner",
                "Startup Cost": 48512.46,
                "Total Cost": 111831.26,
                "Plan Rows": 536059,
                "Plan Width": 0,
                "Actual Startup Time": 324.108,
                "Actual Total Time": 858.697,
                "Actual Rows": 550840,
                "Actual Loops": 2,
                "Inner Unique": false,
                "Hash Cond": "(t.id = mc.movie_id)",
                "Plans": [
                  {
                    "Node Type": "Seq Scan",
                    "Parent Relationship": "Outer",
                    "Parallel Aware": true,
                    "Relation Name": "title",
                    "Alias": "t",
                    "Startup Cost": 0.0,
                    "Total Cost": 50870.31,
                    "Plan Rows": 1487231,
                    "Plan Width": 4,
                    "Actual Startup Time": 0.011,
                    "Actual Total Time": 123.406,
                    "Actual Rows": 1264156,
                    "Actual Loops": 2
                  },
                  {
                    "Node Type": "Hash",
                    "Parent Relationship": "Inner",
                    "Parallel Aware": true,
                    "Startup Cost": 41811.73,
                    "Total Cost": 41811.73,
                    "Plan Rows": 536059,
                    "Plan Width": 4,
                    "Actual Startup Time": 314.586,
                    "Actual Total Time": 314.587,
                    "Actual Rows": 550840,
                    "Actual Loops": 2,
                    "Hash Buckets": 2097152,
                    "Original Hash Buckets": 1048576,
                    "Hash Batches": 1,
                    "Original Hash Batches": 1,
                    "Peak Memory Usage": 67712,
                    "Plans": [
                      {
                        "Node Type": "Seq Scan",
                        "Parent Relationship": "Outer",
                        "Parallel Aware": true,
                        "Relation Name": "movie_companies",
                        "Alias": "mc",
                        "Startup Cost": 0.0,
                        "Total Cost": 41811.73,
                        "Plan Rows": 536059,
                        "Plan Width": 4,
                        "Actual Startup Time": 66.714,
                        "Actual Total Time": 144.566,
                        "Actual Rows": 550840,
                        "Actual Loops": 2,
                        "Filter": "((company_id > 1830) AND (company_type_id = 2))",
                        "Rows Removed by Filter": 753725
                      }
                    ]
                  }
                ]
              }
            ]
          }
        ]
      }
    ]
  },
  "Planning Time": 0.695,
  "Triggers": [],
  "Execution Time": 903.892
}