[
  {
    "Plan": {
      "Node Type": "Aggregate",
      "Strategy": "Plain",
      "Partial Mode": "Finalize",
      "Parallel Aware": false,
      "Startup Cost": 79628.85,
      "Total Cost": 79628.86,
      "Plan Rows": 1,
      "Plan Width": 8,
      "Actual Startup Time": 215.647,
      "Actual Total Time": 222.403,
      "Actual Rows": 1,
      "Actual Loops": 1,
      "Plans": [
        {
          "Node Type": "Gather",
          "Parent Relationship": "Outer",
          "Parallel Aware": false,
          "Startup Cost": 79628.53,
          "Total Cost": 79628.84,
          "Plan Rows": 3,
          "Plan Width": 8,
          "Actual Startup Time": 213.843,
          "Actual Total Time": 222.396,
          "Actual Rows": 4,
          "Actual Loops": 1,
          "Workers Planned": 3,
          "Workers Launched": 3,
          "Single Copy": false,
          "Plans": [
            {
              "Node Type": "Aggregate",
              "Strategy": "Plain",
              "Partial Mode": "Partial",
              "Parent Relationship": "Outer",
              "Parallel Aware": false,
              "Startup Cost": 78628.53,
              "Total Cost": 78628.54,
              "Plan Rows": 1,
              "Plan Width": 8,
              "Actual Startup Time": 210.794,
              "Actual Total Time": 210.86,
              "Actual Rows": 1,
              "Actual Loops": 4,
              "Plans": [
                {
                  "Node Type": "Hash Join",
                  "Parent Relationship": "Outer",
                  "Parallel Aware": true,
                  "Join Type": "Inner",
                  "Startup Cost": 46296.48,
                  "Total Cost": 78546.28,
                  "Plan Rows": 32903,
                  "Plan Width": 0,
                  "Actual Startup Time": 112.443,
                  "Actual Total Time": 207.208,
                  "Actual Rows": 86464,
                  "Actual Loops": 4,
                  "Inner Unique": true,
                  "Hash Cond": "(mc.movie_id = t.id)",
                  "Plans": [
                    {
                      "Node Type": "Seq Scan",
                      "Parent Relationship": "Outer",
                      "Parallel Aware": true,
                      "Relation Name": "movie_companies",
                      "Alias": "mc",
                      "Startup Cost": 0.0,
                      "Total Cost": 31414.82,
                      "Plan Rows": 318086,
                      "Plan Width": 4,
                      "Actual Startup Time": 0.148,
                      "Actual Total Time": 58.593,
                      "Actual Rows": 211519,
                      "Actual Loops": 4,
                      "Filter": "((company_id > 685) AND (company_type_id = 1))",
                      "Rows Removed by Filter": 440763
                    },
                    {
                      "Node Type": "Hash",
                      "Parent Relationship": "Inner",
                      "Parallel Aware": true,
                      "Startup Cost": 45479.21,
                      "Total Cost": 45479.21,
                      "Plan Rows": 65382,
                      "Plan Width": 4,
                      "Actual Startup Time": 111.259,
                      "Actual Total Time": 111.26,
                      "Actual Rows": 93486,
                      "Actual Loops": 4,
                      "Hash Buckets": 524288,
                      "Original Hash Buckets": 262144,
                      "Hash Batches": 1,
                      "Original Hash Batches": 1,
                      "Peak Memory Usage": 20832,
                      "Plans": [
                        {
                          "Node Type": "Seq Scan",
                          "Parent Relationship": "Outer",
                          "Parallel Aware": true,
                          "Relation Name": "title",
                          "Alias": "t",
                          "Startup Cost": 0.0,
                          "Total Cost": 45479.21,
                          "Plan Rows": 65382,
                          "Plan Width": 4,
                          "Actual Startup Time": 0.021,
                          "Actual Total Time": 78.222,
                          "Actual Rows": 93486,
                          "Actual Loops": 4,
                          "Filter": "((kind_id < 7) AND (production_year < 1989))",
                          "Rows Removed by Filter": 538592
                        }
                      ]
                    }
                  ]
                }
              ]
            }
          ]
        }
      ]
    },
    "Planning Time": 0.196,
    "Triggers": [],
    "Execution Time": 222.427
  }
]