{
  "Plan": {
    "Node Type": "Aggregate",
    "Strategy": "Plain",
    "Partial Mode": "Finalize",
    "Parallel Aware": false,
    "Startup Cost": 102035.96,
    "Total Cost": 102035.97,
    "Plan Rows": 1,
    "Plan Width": 8,
    "Actual Startup Time": 733.702,
    "Actual Total Time": 752.915,
    "Actual Rows": 1,
    "Actual Loops": 1,
    "Plans": [
      {
        "Node Type": "Gather",
        "Parent Relationship": "Outer",
        "Parallel Aware": false,
        "Startup Cost": 102035.85,
        "Total Cost": 102035.96,
        "Plan Rows": 1,
        "Plan Width": 8,
        "Actual Startup Time": 728.614,
        "Actual Total Time": 752.908,
        "Actual Rows": 2,
        "Actual Loops": 1,
        "Workers Planned": 1,
        "Workers Launched": 1,
        "Single Copy": false,
        "Plans": [
          {
            "Node Type": "Aggregate",
            "Strategy": "Plain",
            "Partial Mode": "Partial",
            "Parent Relationship": "Outer",
            "Parallel Aware": false,
            "Startup Cost": 101035.85,
            "Total Cost": 101035.86,
            "Plan Rows": 1,
            "Plan Width": 8,
            "Actual Startup Time": 714.68,
            "Actual Total Time": 714.684,
            "Actual Rows": 1,
            "Actual Loops": 2,
            "Plans": [
              {
                "Node Type": "Hash Join",
                "Parent Relationship": "Outer",
                "Parallel Aware": true,
                "Join Type": "Inner",
                "Startup Cost": 74244.41,
                "Total Cost": 100704.3,
                "Plan Rows": 132621,
                "Plan Width": 0,
                "Actual Startup Time": 621.445,
                "Actual Total Time": 708.379,
                "Actual Rows": 108006,
                "Actual Loops": 2,
                "Inner Unique": true,
                "Hash Cond": "(mk.movie_id = t.id)",
                "Plans": [
                  {
                    "Node Type": "Bitmap Heap Scan",
                    "Parent Relationship": "Outer",
                    "Parallel Aware": true,
                    "Relation Name": "movie_keyword",
                    "Alias": "mk",
                    "Startup Cost": 4783.71,
                    "Total Cost": 30895.47,
                    "Plan Rows": 132621,
                    "Plan Width": 4,
                    "Actual Startup Time": 24.083,
                    "Actual Total Time": 73.899,
                    "Actual Rows": 108006,
                    "Actual Loops": 2,
                    "Recheck Cond": "(keyword_id > 65439)",
                    "Rows Removed by Index Recheck": 0,
                    "Exact Heap Blocks": 13210,
                    "Lossy Heap Blocks": 0,
                    "Plans": [
                      {
                        "Node Type": "Bitmap Index Scan",
                        "Parent Relationship": "Outer",
                        "Parallel Aware": false,
                        "Index Name": "keyword_id_movie_keyword",
                        "Startup Cost": 0.0,
                        "Total Cost": 4727.35,
                        "Plan Rows": 225455,
                        "Plan Width": 0,
                        "Actual Startup Time": 19.221,
                        "Actual Total Time": 19.221,
                        "Actual Rows": 216011,
                        "Actual Loops": 1,
                        "Index Cond": "(keyword_id > 65439)"
                      }
                    ]
                  },
                  {
                    "Node Type": "Hash",
                    "Parent Relationship": "Inner",
                    "Parallel Aware": true,
                    "Startup Cost": 50870.31,
                    "Total Cost": 50870.31,
                    "Plan Rows": 1487231,
                    "Plan Width": 4,
                    "Actual Startup Time": 574.616,
                    "Actual Total Time": 574.617,
                    "Actual Rows": 1264156,
                    "Actual Loops": 2,
                    "Hash Buckets": 4194304,
                    "Original Hash Buckets": 4194304,
                    "Hash Batches": 1,
                    "Original Hash Batches": 1,
                    "Peak Memory Usage": 131712,
                    "Plans": [
                      {
                        "Node Type": "Seq Scan",
                        "Parent Relationship": "Outer",
                        "Parallel Aware": true,
                        "Relation Name": "title",
                        "Alias": "t",
                        "Startup Cost": 0.0,
                        "Total Cost": 50870.31,
                        "Plan Rows": 1487231,
                        "Plan Width": 4,
                        "Actual Startup Time": 0.018,
                        "Actual Total Time": 186.478,
                        "Actual Rows": 1264156,
                        "Actual Loops": 2
                      }
                    ]
                  }
                ]
              }
            ]
          }
        ]
      }
    ]
  },
  "Planning Time": 0.673,
  "Triggers": [],
  "Execution Time": 753.004
}