[
  {
    "Plan": {
      "Node Type": "Aggregate",
      "Strategy": "Plain",
      "Partial Mode": "Finalize",
      "Parallel Aware": false,
      "Startup Cost": 33093.51,
      "Total Cost": 33093.52,
      "Plan Rows": 1,
      "Plan Width": 8,
      "Actual Startup Time": 92.18,
      "Actual Total Time": 101.996,
      "Actual Rows": 1,
      "Actual Loops": 1,
      "Plans": [
        {
          "Node Type": "Gather",
          "Parent Relationship": "Outer",
          "Parallel Aware": false,
          "Startup Cost": 33093.19,
          "Total Cost": 33093.5,
          "Plan Rows": 3,
          "Plan Width": 8,
          "Actual Startup Time": 92.078,
          "Actual Total Time": 101.988,
          "Actual Rows": 4,
          "Actual Loops": 1,
          "Workers Planned": 3,
          "Workers Launched": 3,
          "Single Copy": false,
          "Plans": [
            {
              "Node Type": "Aggregate",
              "Strategy": "Plain",
              "Partial Mode": "Partial",
              "Parent Relationship": "Outer",
              "Parallel Aware": false,
              "Startup Cost": 32093.19,
              "Total Cost": 32093.2,
              "Plan Rows": 1,
              "Plan Width": 8,
              "Actual Startup Time": 86.851,
              "Actual Total Time": 86.853,
              "Actual Rows": 1,
              "Actual Loops": 4,
              "Plans": [
                {
                  "Node Type": "Seq Scan",
                  "Parent Relationship": "Outer",
                  "Parallel Aware": true,
                  "Relation Name": "movie_companies",
                  "Alias": "mc",
                  "Startup Cost": 0.0,
                  "Total Cost": 31414.82,
                  "Plan Rows": 271350,
                  "Plan Width": 0,
                  "Actual Startup Time": 42.796,
                  "Actual Total Time": 79.949,
                  "Actual Rows": 133494,
                  "Actual Loops": 4,
                  "Filter": "((company_id < 18409) AND (company_type_id > 1))",
                  "Rows Removed by Filter": 518788
                }
              ]
            }
          ]
        }
      ]
    },
    "Planning Time": 0.095,
    "Triggers": [],
    "Execution Time": 102.026
  }
]