[
  {
    "Plan": {
      "Node Type": "Aggregate",
      "Strategy": "Plain",
      "Partial Mode": "Finalize",
      "Parallel Aware": false,
      "Startup Cost": 79427.54,
      "Total Cost": 79427.55,
      "Plan Rows": 1,
      "Plan Width": 8,
      "Actual Startup Time": 124.251,
      "Actual Total Time": 131.987,
      "Actual Rows": 1,
      "Actual Loops": 1,
      "Plans": [
        {
          "Node Type": "Gather",
          "Parent Relationship": "Outer",
          "Parallel Aware": false,
          "Startup Cost": 79427.02,
          "Total Cost": 79427.53,
          "Plan Rows": 5,
          "Plan Width": 8,
          "Actual Startup Time": 124.16,
          "Actual Total Time": 131.967,
          "Actual Rows": 6,
          "Actual Loops": 1,
          "Workers Planned": 5,
          "Workers Launched": 5,
          "Single Copy": false,
          "Plans": [
            {
              "Node Type": "Aggregate",
              "Strategy": "Plain",
              "Partial Mode": "Partial",
              "Parent Relationship": "Outer",
              "Parallel Aware": false,
              "Startup Cost": 78427.02,
              "Total Cost": 78427.03,
              "Plan Rows": 1,
              "Plan Width": 8,
              "Actual Startup Time": 114.873,
              "Actual Total Time": 114.874,
              "Actual Rows": 1,
              "Actual Loops": 6,
              "Plans": [
                {
                  "Node Type": "Index Scan",
                  "Parent Relationship": "Outer",
                  "Parallel Aware": true,
                  "Scan Direction": "Forward",
                  "Index Name": "role_id_cast_info",
                  "Relation Name": "cast_info",
                  "Alias": "ci",
                  "Startup Cost": 0.56,
                  "Total Cost": 77740.85,
                  "Plan Rows": 274467,
                  "Plan Width": 0,
                  "Actual Startup Time": 0.178,
                  "Actual Total Time": 104.277,
                  "Actual Rows": 202514,
                  "Actual Loops": 6,
                  "Index Cond": "(role_id = 4)",
                  "Rows Removed by Index Recheck": 0,
                  "Filter": "(person_id < 1732715)",
                  "Rows Removed by Filter": 252310
                }
              ]
            }
          ]
        }
      ]
    },
    "Planning Time": 0.23,
    "Triggers": [],
    "Execution Time": 132.046
  }
]