[
  {
    "Plan": {
      "Node Type": "Aggregate",
      "Strategy": "Plain",
      "Partial Mode": "Finalize",
      "Parallel Aware": false,
      "Startup Cost": 44407.58,
      "Total Cost": 44407.59,
      "Plan Rows": 1,
      "Plan Width": 8,
      "Actual Startup Time": 106.91,
      "Actual Total Time": 114.529,
      "Actual Rows": 1,
      "Actual Loops": 1,
      "Plans": [
        {
          "Node Type": "Gather",
          "Parent Relationship": "Outer",
          "Parallel Aware": false,
          "Startup Cost": 44407.26,
          "Total Cost": 44407.57,
          "Plan Rows": 3,
          "Plan Width": 8,
          "Actual Startup Time": 106.797,
          "Actual Total Time": 114.52,
          "Actual Rows": 4,
          "Actual Loops": 1,
          "Workers Planned": 3,
          "Workers Launched": 3,
          "Single Copy": false,
          "Plans": [
            {
              "Node Type": "Aggregate",
              "Strategy": "Plain",
              "Partial Mode": "Partial",
              "Parent Relationship": "Outer",
              "Parallel Aware": false,
              "Startup Cost": 43407.26,
              "Total Cost": 43407.27,
              "Plan Rows": 1,
              "Plan Width": 8,
              "Actual Startup Time": 102.598,
              "Actual Total Time": 102.599,
              "Actual Rows": 1,
              "Actual Loops": 4,
              "Plans": [
                {
                  "Node Type": "Seq Scan",
                  "Parent Relationship": "Outer",
                  "Parallel Aware": true,
                  "Relation Name": "movie_keyword",
                  "Alias": "mk",
                  "Startup Cost": 0.0,
                  "Total Cost": 42695.65,
                  "Plan Rows": 284643,
                  "Plan Width": 0,
                  "Actual Startup Time": 0.031,
                  "Actual Total Time": 92.055,
                  "Actual Rows": 224147,
                  "Actual Loops": 4,
                  "Filter": "(keyword_id < 848)",
                  "Rows Removed by Filter": 906836
                }
              ]
            }
          ]
        }
      ]
    },
    "Planning Time": 0.187,
    "Triggers": [],
    "Execution Time": 114.586
  }
]