{
    "Plan": {
        "Node Type": "Aggregate",
        "Strategy": "Plain",
        "Partial Mode": "Finalize",
        "Parallel Aware": false,
        "Startup Cost": 244545.36,
        "Total Cost": 244545.37,
        "Plan Rows": 1,
        "Plan Width": 8,
        "Actual Startup Time": 393.492,
        "Actual Total Time": 433.669,
        "Actual Rows": 1,
        "Actual Loops": 1,
        "Output": [
            "count(*)"
        ],
        "Plans": [
            {
                "Node Type": "Gather",
                "Parent Relationship": "Outer",
                "Parallel Aware": false,
                "Startup Cost": 244544.83,
                "Total Cost": 244545.34,
                "Plan Rows": 5,
                "Plan Width": 8,
                "Actual Startup Time": 392.767,
                "Actual Total Time": 433.659,
                "Actual Rows": 6,
                "Actual Loops": 1,
                "Output": [
                    "(PARTIAL count(*))"
                ],
                "Workers Planned": 5,
                "Workers Launched": 5,
                "Single Copy": false,
                "Plans": [
                    {
                        "Node Type": "Aggregate",
                        "Strategy": "Plain",
                        "Partial Mode": "Partial",
                        "Parent Relationship": "Outer",
                        "Parallel Aware": false,
                        "Startup Cost": 243544.83,
                        "Total Cost": 243544.84,
                        "Plan Rows": 1,
                        "Plan Width": 8,
                        "Actual Startup Time": 382.943,
                        "Actual Total Time": 382.946,
                        "Actual Rows": 1,
                        "Actual Loops": 6,
                        "Output": [
                            "PARTIAL count(*)"
                        ],
                        "Workers": [
                            {
                                "Worker Number": 0,
                                "Actual Startup Time": 380.173,
                                "Actual Total Time": 380.176,
                                "Actual Rows": 1,
                                "Actual Loops": 1
                            },
                            {
                                "Worker Number": 1,
                                "Actual Startup Time": 380.358,
                                "Actual Total Time": 380.36,
                                "Actual Rows": 1,
                                "Actual Loops": 1
                            },
                            {
                                "Worker Number": 2,
                                "Actual Startup Time": 380.873,
                                "Actual Total Time": 380.876,
                                "Actual Rows": 1,
                                "Actual Loops": 1
                            },
                            {
                                "Worker Number": 3,
                                "Actual Startup Time": 382.026,
                                "Actual Total Time": 382.029,
                                "Actual Rows": 1,
                                "Actual Loops": 1
                            },
                            {
                                "Worker Number": 4,
                                "Actual Startup Time": 382.324,
                                "Actual Total Time": 382.326,
                                "Actual Rows": 1,
                                "Actual Loops": 1
                            }
                        ],
                        "Plans": [
                            {
                                "Node Type": "Hash Join",
                                "Parent Relationship": "Outer",
                                "Parallel Aware": true,
                                "Join Type": "Inner",
                                "Startup Cost": 44254.01,
                                "Total Cost": 243528.01,
                                "Plan Rows": 6731,
                                "Plan Width": 0,
                                "Actual Startup Time": 120.208,
                                "Actual Total Time": 382.811,
                                "Actual Rows": 2034,
                                "Actual Loops": 6,
                                "Inner Unique": true,
                                "Hash Cond": "(mi.movie_id = t.id)",
                                "Workers": [
                                    {
                                        "Worker Number": 0,
                                        "Actual Startup Time": 117.54,
                                        "Actual Total Time": 380.022,
                                        "Actual Rows": 1382,
                                        "Actual Loops": 1
                                    },
                                    {
                                        "Worker Number": 1,
                                        "Actual Startup Time": 117.56,
                                        "Actual Total Time": 380.226,
                                        "Actual Rows": 2089,
                                        "Actual Loops": 1
                                    },
                                    {
                                        "Worker Number": 2,
                                        "Actual Startup Time": 118.117,
                                        "Actual Total Time": 380.752,
                                        "Actual Rows": 1883,
                                        "Actual Loops": 1
                                    },
                                    {
                                        "Worker Number": 3,
                                        "Actual Startup Time": 119.39,
                                        "Actual Total Time": 381.896,
                                        "Actual Rows": 2048,
                                        "Actual Loops": 1
                                    },
                                    {
                                        "Worker Number": 4,
                                        "Actual Startup Time": 119.432,
                                        "Actual Total Time": 382.189,
                                        "Actual Rows": 2215,
                                        "Actual Loops": 1
                                    }
                                ],
                                "Plans": [
                                    {
                                        "Node Type": "Seq Scan",
                                        "Parent Relationship": "Outer",
                                        "Parallel Aware": true,
                                        "Relation Name": "movie_info",
                                        "Schema": "public",
                                        "Alias": "mi",
                                        "Startup Cost": 0.0,
                                        "Total Cost": 198880.74,
                                        "Plan Rows": 149814,
                                        "Plan Width": 4,
                                        "Actual Startup Time": 27.559,
                                        "Actual Total Time": 282.134,
                                        "Actual Rows": 133690,
                                        "Actual Loops": 6,
                                        "Output": [
                                            "mi.id",
                                            "mi.movie_id",
                                            "mi.info_type_id",
                                            "mi.info",
                                            "mi.note"
                                        ],
                                        "Filter": "(mi.info_type_id < 2)",
                                        "Rows Removed by Filter": 2338930,
                                        "Workers": [
                                            {
                                                "Worker Number": 0,
                                                "Actual Startup Time": 27.585,
                                                "Actual Total Time": 282.819,
                                                "Actual Rows": 91870,
                                                "Actual Loops": 1
                                            },
                                            {
                                                "Worker Number": 1,
                                                "Actual Startup Time": 27.579,
                                                "Actual Total Time": 282.116,
                                                "Actual Rows": 138964,
                                                "Actual Loops": 1
                                            },
                                            {
                                                "Worker Number": 2,
                                                "Actual Startup Time": 27.471,
                                                "Actual Total Time": 281.202,
                                                "Actual Rows": 120905,
                                                "Actual Loops": 1
                                            },
                                            {
                                                "Worker Number": 3,
                                                "Actual Startup Time": 27.577,
                                                "Actual Total Time": 282.267,
                                                "Actual Rows": 139776,
                                                "Actual Loops": 1
                                            },
                                            {
                                                "Worker Number": 4,
                                                "Actual Startup Time": 27.561,
                                                "Actual Total Time": 282.186,
                                                "Actual Rows": 137484,
                                                "Actual Loops": 1
                                            }
                                        ]
                                    },
                                    {
                                        "Node Type": "Hash",
                                        "Parent Relationship": "Inner",
                                        "Parallel Aware": true,
                                        "Startup Cost": 43899.01,
                                        "Total Cost": 43899.01,
                                        "Plan Rows": 28400,
                                        "Plan Width": 4,
                                        "Actual Startup Time": 79.958,
                                        "Actual Total Time": 79.959,
                                        "Actual Rows": 18752,
                                        "Actual Loops": 6,
                                        "Output": [
                                            "t.id"
                                        ],
                                        "Hash Buckets": 131072,
                                        "Original Hash Buckets": 131072,
                                        "Hash Batches": 1,
                                        "Original Hash Batches": 1,
                                        "Peak Memory Usage": 5536,
                                        "Workers": [
                                            {
                                                "Worker Number": 0,
                                                "Actual Startup Time": 78.184,
                                                "Actual Total Time": 78.185,
                                                "Actual Rows": 12973,
                                                "Actual Loops": 1
                                            },
                                            {
                                                "Worker Number": 1,
                                                "Actual Startup Time": 78.314,
                                                "Actual Total Time": 78.315,
                                                "Actual Rows": 19449,
                                                "Actual Loops": 1
                                            },
                                            {
                                                "Worker Number": 2,
                                                "Actual Startup Time": 78.879,
                                                "Actual Total Time": 78.88,
                                                "Actual Rows": 16712,
                                                "Actual Loops": 1
                                            },
                                            {
                                                "Worker Number": 3,
                                                "Actual Startup Time": 80.05,
                                                "Actual Total Time": 80.051,
                                                "Actual Rows": 19016,
                                                "Actual Loops": 1
                                            },
                                            {
                                                "Worker Number": 4,
                                                "Actual Startup Time": 80.231,
                                                "Actual Total Time": 80.232,
                                                "Actual Rows": 18900,
                                                "Actual Loops": 1
                                            }
                                        ],
                                        "Plans": [
                                            {
                                                "Node Type": "Seq Scan",
                                                "Parent Relationship": "Outer",
                                                "Parallel Aware": true,
                                                "Relation Name": "title",
                                                "Schema": "public",
                                                "Alias": "t",
                                                "Startup Cost": 0.0,
                                                "Total Cost": 43899.01,
                                                "Plan Rows": 28400,
                                                "Plan Width": 4,
                                                "Actual Startup Time": 45.517,
                                                "Actual Total Time": 73.421,
                                                "Actual Rows": 18752,
                                                "Actual Loops": 6,
                                                "Output": [
                                                    "t.id"
                                                ],
                                                "Filter": "(t.production_year < 1929)",
                                                "Rows Removed by Filter": 402633,
                                                "Workers": [
                                                    {
                                                        "Worker Number": 0,
                                                        "Actual Startup Time": 47.978,
                                                        "Actual Total Time": 71.563,
                                                        "Actual Rows": 12973,
                                                        "Actual Loops": 1
                                                    },
                                                    {
                                                        "Worker Number": 1,
                                                        "Actual Startup Time": 50.486,
                                                        "Actual Total Time": 72.554,
                                                        "Actual Rows": 19449,
                                                        "Actual Loops": 1
                                                    },
                                                    {
                                                        "Worker Number": 2,
                                                        "Actual Startup Time": 48.018,
                                                        "Actual Total Time": 71.592,
                                                        "Actual Rows": 16712,
                                                        "Actual Loops": 1
                                                    },
                                                    {
                                                        "Worker Number": 3,
                                                        "Actual Startup Time": 52.227,
                                                        "Actual Total Time": 73.757,
                                                        "Actual Rows": 19016,
                                                        "Actual Loops": 1
                                                    },
                                                    {
                                                        "Worker Number": 4,
                                                        "Actual Startup Time": 35.713,
                                                        "Actual Total Time": 74.069,
                                                        "Actual Rows": 18900,
                                                        "Actual Loops": 1
                                                    }
                                                ]
                                            }
                                        ]
                                    }
                                ]
                            }
                        ]
                    }
                ]
            }
        ]
    },
    "Planning Time": 0.845,
    "Triggers": [],
    "Execution Time": 433.751
}