[
  {
    "Plan": {
      "Node Type": "Aggregate",
      "Strategy": "Plain",
      "Partial Mode": "Finalize",
      "Parallel Aware": false,
      "Startup Cost": 352437.64,
      "Total Cost": 352437.65,
      "Plan Rows": 1,
      "Plan Width": 8,
      "Actual Startup Time": 894.527,
      "Actual Total Time": 945.506,
      "Actual Rows": 1,
      "Actual Loops": 1,
      "Plans": [
        {
          "Node Type": "Gather",
          "Parent Relationship": "Outer",
          "Parallel Aware": false,
          "Startup Cost": 352437.02,
          "Total Cost": 352437.62,
          "Plan Rows": 6,
          "Plan Width": 8,
          "Actual Startup Time": 894.314,
          "Actual Total Time": 945.489,
          "Actual Rows": 7,
          "Actual Loops": 1,
          "Workers Planned": 6,
          "Workers Launched": 6,
          "Single Copy": false,
          "Plans": [
            {
              "Node Type": "Aggregate",
              "Strategy": "Plain",
              "Partial Mode": "Partial",
              "Parent Relationship": "Outer",
              "Parallel Aware": false,
              "Startup Cost": 351437.02,
              "Total Cost": 351437.03,
              "Plan Rows": 1,
              "Plan Width": 8,
              "Actual Startup Time": 886.849,
              "Actual Total Time": 886.851,
              "Actual Rows": 1,
              "Actual Loops": 7,
              "Plans": [
                {
                  "Node Type": "Seq Scan",
                  "Parent Relationship": "Outer",
                  "Parallel Aware": true,
                  "Relation Name": "cast_info",
                  "Alias": "ci",
                  "Startup Cost": 0.0,
                  "Total Cost": 343316.27,
                  "Plan Rows": 3248298,
                  "Plan Width": 0,
                  "Actual Startup Time": 147.096,
                  "Actual Total Time": 748.641,
                  "Actual Rows": 2597967,
                  "Actual Loops": 7,
                  "Filter": "((person_id > 1066007) AND (role_id < 6))",
                  "Rows Removed by Filter": 2579797
                }
              ]
            }
          ]
        }
      ]
    },
    "Planning Time": 0.194,
    "Triggers": [],
    "Execution Time": 945.57
  }
]