[
  {
    "Plan": {
      "Node Type": "Aggregate",
      "Strategy": "Plain",
      "Partial Mode": "Finalize",
      "Parallel Aware": false,
      "Startup Cost": 352329.56,
      "Total Cost": 352329.57,
      "Plan Rows": 1,
      "Plan Width": 8,
      "Actual Startup Time": 900.462,
      "Actual Total Time": 954.41,
      "Actual Rows": 1,
      "Actual Loops": 1,
      "Plans": [
        {
          "Node Type": "Gather",
          "Parent Relationship": "Outer",
          "Parallel Aware": false,
          "Startup Cost": 352328.93,
          "Total Cost": 352329.54,
          "Plan Rows": 6,
          "Plan Width": 8,
          "Actual Startup Time": 900.351,
          "Actual Total Time": 954.399,
          "Actual Rows": 7,
          "Actual Loops": 1,
          "Workers Planned": 6,
          "Workers Launched": 6,
          "Single Copy": false,
          "Plans": [
            {
              "Node Type": "Aggregate",
              "Strategy": "Plain",
              "Partial Mode": "Partial",
              "Parent Relationship": "Outer",
              "Parallel Aware": false,
              "Startup Cost": 351328.93,
              "Total Cost": 351328.95,
              "Plan Rows": 1,
              "Plan Width": 8,
              "Actual Startup Time": 890.937,
              "Actual Total Time": 890.938,
              "Actual Rows": 1,
              "Actual Loops": 7,
              "Plans": [
                {
                  "Node Type": "Seq Scan",
                  "Parent Relationship": "Outer",
                  "Parallel Aware": true,
                  "Relation Name": "cast_info",
                  "Alias": "ci",
                  "Startup Cost": 0.0,
                  "Total Cost": 343257.03,
                  "Plan Rows": 3228762,
                  "Plan Width": 0,
                  "Actual Startup Time": 151.9,
                  "Actual Total Time": 762.873,
                  "Actual Rows": 2597967,
                  "Actual Loops": 7,
                  "Filter": "((person_id > 1066007) AND (role_id < 6))",
                  "Rows Removed by Filter": 2579797
                }
              ]
            }
          ]
        }
      ]
    },
    "Planning Time": 0.198,
    "Triggers": [],
    "Execution Time": 954.481
  }
]