[
    {
        "Bao": {
            "Bao prediction": "NaN",
            "Bao recommended hint": "(no hint)"
        }
    },
    {
        "Plan": {
            "Node Type": "Aggregate",
            "Strategy": "Plain",
            "Partial Mode": "Simple",
            "Parallel Aware": false,
            "Startup Cost": 15289.09,
            "Total Cost": 15289.1,
            "Plan Rows": 1,
            "Plan Width": 8,
            "Actual Startup Time": 6.549,
            "Actual Total Time": 6.551,
            "Actual Rows": 1,
            "Actual Loops": 1,
            "Output": [
                "count(*)"
            ],
            "Plans": [
                {
                    "Node Type": "Bitmap Heap Scan",
                    "Parent Relationship": "Outer",
                    "Parallel Aware": false,
                    "Relation Name": "movie_companies",
                    "Schema": "public",
                    "Alias": "mc",
                    "Startup Cost": 184.11,
                    "Total Cost": 15278.45,
                    "Plan Rows": 4257,
                    "Plan Width": 0,
                    "Actual Startup Time": 2.827,
                    "Actual Total Time": 6.31,
                    "Actual Rows": 4675,
                    "Actual Loops": 1,
                    "Recheck Cond": "(mc.company_id = 225)",
                    "Rows Removed by Index Recheck": 0,
                    "Filter": "(mc.company_type_id = 2)",
                    "Rows Removed by Filter": 4350,
                    "Exact Heap Blocks": 3053,
                    "Lossy Heap Blocks": 0,
                    "Plans": [
                        {
                            "Node Type": "Bitmap Index Scan",
                            "Parent Relationship": "Outer",
                            "Parallel Aware": false,
                            "Index Name": "company_id_movie_companies",
                            "Startup Cost": 0.0,
                            "Total Cost": 183.05,
                            "Plan Rows": 8349,
                            "Plan Width": 0,
                            "Actual Startup Time": 0.528,
                            "Actual Total Time": 0.529,
                            "Actual Rows": 9025,
                            "Actual Loops": 1,
                            "Index Cond": "(mc.company_id = 225)"
                        }
                    ]
                }
            ]
        },
        "Planning Time": 223.945,
        "Triggers": [],
        "Execution Time": 6.589
    }
]