[
  {
    "Plan": {
      "Node Type": "Aggregate",
      "Strategy": "Plain",
      "Partial Mode": "Finalize",
      "Parallel Aware": false,
      "Startup Cost": 78398.16,
      "Total Cost": 78398.17,
      "Plan Rows": 1,
      "Plan Width": 8,
      "Actual Startup Time": 183.105,
      "Actual Total Time": 206.964,
      "Actual Rows": 1,
      "Actual Loops": 1,
      "Plans": [
        {
          "Node Type": "Gather",
          "Parent Relationship": "Outer",
          "Parallel Aware": false,
          "Startup Cost": 78397.84,
          "Total Cost": 78398.15,
          "Plan Rows": 3,
          "Plan Width": 8,
          "Actual Startup Time": 181.975,
          "Actual Total Time": 206.951,
          "Actual Rows": 4,
          "Actual Loops": 1,
          "Workers Planned": 3,
          "Workers Launched": 3,
          "Single Copy": false,
          "Plans": [
            {
              "Node Type": "Aggregate",
              "Strategy": "Plain",
              "Partial Mode": "Partial",
              "Parent Relationship": "Outer",
              "Parallel Aware": false,
              "Startup Cost": 77397.84,
              "Total Cost": 77397.85,
              "Plan Rows": 1,
              "Plan Width": 8,
              "Actual Startup Time": 172.303,
              "Actual Total Time": 172.307,
              "Actual Rows": 1,
              "Actual Loops": 4,
              "Plans": [
                {
                  "Node Type": "Nested Loop",
                  "Parent Relationship": "Outer",
                  "Parallel Aware": false,
                  "Join Type": "Inner",
                  "Startup Cost": 44969.52,
                  "Total Cost": 77388.16,
                  "Plan Rows": 3874,
                  "Plan Width": 0,
                  "Actual Startup Time": 117.327,
                  "Actual Total Time": 171.614,
                  "Actual Rows": 6187,
                  "Actual Loops": 4,
                  "Inner Unique": false,
                  "Plans": [
                    {
                      "Node Type": "Hash Join",
                      "Parent Relationship": "Outer",
                      "Parallel Aware": true,
                      "Join Type": "Inner",
                      "Startup Cost": 44968.96,
                      "Total Cost": 70553.54,
                      "Plan Rows": 357,
                      "Plan Width": 8,
                      "Actual Startup Time": 117.225,
                      "Actual Total Time": 131.955,
                      "Actual Rows": 304,
                      "Actual Loops": 4,
                      "Inner Unique": true,
                      "Hash Cond": "(mk.movie_id = t.id)",
                      "Plans": [
                        {
                          "Node Type": "Bitmap Heap Scan",
                          "Parent Relationship": "Outer",
                          "Parallel Aware": true,
                          "Relation Name": "movie_keyword",
                          "Alias": "mk",
                          "Startup Cost": 851.3,
                          "Total Cost": 26401.92,
                          "Plan Rows": 12939,
                          "Plan Width": 4,
                          "Actual Startup Time": 5.857,
                          "Actual Total Time": 17.266,
                          "Actual Rows": 10460,
                          "Actual Loops": 4,
                          "Recheck Cond": "(keyword_id = 117)",
                          "Rows Removed by Index Recheck": 0,
                          "Exact Heap Blocks": 5681,
                          "Lossy Heap Blocks": 0,
                          "Plans": [
                            {
                              "Node Type": "Bitmap Index Scan",
                              "Parent Relationship": "Outer",
                              "Parallel Aware": false,
                              "Index Name": "keyword_id_movie_keyword",
                              "Startup Cost": 0.0,
                              "Total Cost": 841.27,
                              "Plan Rows": 40112,
                              "Plan Width": 0,
                              "Actual Startup Time": 4.213,
                              "Actual Total Time": 4.214,
                              "Actual Rows": 41840,
                              "Actual Loops": 1,
                              "Index Cond": "(keyword_id = 117)"
                            }
                          ]
                        },
                        {
                          "Node Type": "Hash",
                          "Parent Relationship": "Inner",
                          "Parallel Aware": true,
                          "Startup Cost": 43899.32,
                          "Total Cost": 43899.32,
                          "Plan Rows": 17467,
                          "Plan Width": 4,
                          "Actual Startup Time": 109.284,
                          "Actual Total Time": 109.285,
                          "Actual Rows": 16944,
                          "Actual Loops": 4,
                          "Hash Buckets": 131072,
                          "Original Hash Buckets": 131072,
                          "Hash Batches": 1,
                          "Original Hash Batches": 1,
                          "Peak Memory Usage": 3744,
                          "Plans": [
                            {
                              "Node Type": "Seq Scan",
                              "Parent Relationship": "Outer",
                              "Parallel Aware": true,
                              "Relation Name": "title",
                              "Alias": "t",
                              "Startup Cost": 0.0,
                              "Total Cost": 43899.32,
                              "Plan Rows": 17467,
                              "Plan Width": 4,
                              "Actual Startup Time": 0.058,
                              "Actual Total Time": 101.13,
                              "Actual Rows": 16944,
                              "Actual Loops": 4,
                              "Filter": "(production_year = 2003)",
                              "Rows Removed by Filter": 615134
                            }
                          ]
                        }
                      ]
                    },
                    {
                      "Node Type": "Index Scan",
                      "Parent Relationship": "Inner",
                      "Parallel Aware": false,
                      "Scan Direction": "Forward",
                      "Index Name": "movie_id_cast_info",
                      "Relation Name": "cast_info",
                      "Alias": "ci",
                      "Startup Cost": 0.56,
                      "Total Cost": 18.88,
                      "Plan Rows": 26,
                      "Plan Width": 4,
                      "Actual Startup Time": 0.016,
                      "Actual Total Time": 0.127,
                      "Actual Rows": 20,
                      "Actual Loops": 1217,
                      "Index Cond": "(movie_id = t.id)",
                      "Rows Removed by Index Recheck": 0,
                      "Filter": "(person_id < 2817084)",
                      "Rows Removed by Filter": 8
                    }
                  ]
                }
              ]
            }
          ]
        }
      ]
    },
    "Planning Time": 1.283,
    "Triggers": [],
    "Execution Time": 207.082
  }
]