[
  {
    "Plan": {
      "Node Type": "Aggregate",
      "Strategy": "Plain",
      "Partial Mode": "Finalize",
      "Parallel Aware": false,
      "Startup Cost": 31920.03,
      "Total Cost": 31920.04,
      "Plan Rows": 1,
      "Plan Width": 8,
      "Actual Startup Time": 120.913,
      "Actual Total Time": 128.938,
      "Actual Rows": 1,
      "Actual Loops": 1,
      "Plans": [
        {
          "Node Type": "Gather",
          "Parent Relationship": "Outer",
          "Parallel Aware": false,
          "Startup Cost": 31919.71,
          "Total Cost": 31920.02,
          "Plan Rows": 3,
          "Plan Width": 8,
          "Actual Startup Time": 120.762,
          "Actual Total Time": 128.927,
          "Actual Rows": 4,
          "Actual Loops": 1,
          "Workers Planned": 3,
          "Workers Launched": 3,
          "Single Copy": false,
          "Plans": [
            {
              "Node Type": "Aggregate",
              "Strategy": "Plain",
              "Partial Mode": "Partial",
              "Parent Relationship": "Outer",
              "Parallel Aware": false,
              "Startup Cost": 30919.71,
              "Total Cost": 30919.72,
              "Plan Rows": 1,
              "Plan Width": 8,
              "Actual Startup Time": 115.301,
              "Actual Total Time": 115.302,
              "Actual Rows": 1,
              "Actual Loops": 4,
              "Plans": [
                {
                  "Node Type": "Seq Scan",
                  "Parent Relationship": "Outer",
                  "Parallel Aware": true,
                  "Relation Name": "movie_companies",
                  "Alias": "mc",
                  "Startup Cost": 0.0,
                  "Total Cost": 29310.68,
                  "Plan Rows": 643611,
                  "Plan Width": 0,
                  "Actual Startup Time": 0.025,
                  "Actual Total Time": 87.849,
                  "Actual Rows": 500002,
                  "Actual Loops": 4,
                  "Filter": "(company_id < 65237)",
                  "Rows Removed by Filter": 152280
                }
              ]
            }
          ]
        }
      ]
    },
    "Planning Time": 0.196,
    "Triggers": [],
    "Execution Time": 128.996
  }
]