[
  {
    "Plan": {
      "Node Type": "Aggregate",
      "Strategy": "Plain",
      "Partial Mode": "Finalize",
      "Parallel Aware": false,
      "Startup Cost": 84145.09,
      "Total Cost": 84145.1,
      "Plan Rows": 1,
      "Plan Width": 8,
      "Actual Startup Time": 496.073,
      "Actual Total Time": 510.639,
      "Actual Rows": 1,
      "Actual Loops": 1,
      "Plans": [
        {
          "Node Type": "Gather",
          "Parent Relationship": "Outer",
          "Parallel Aware": false,
          "Startup Cost": 84144.77,
          "Total Cost": 84145.08,
          "Plan Rows": 3,
          "Plan Width": 8,
          "Actual Startup Time": 486.716,
          "Actual Total Time": 510.628,
          "Actual Rows": 4,
          "Actual Loops": 1,
          "Workers Planned": 3,
          "Workers Launched": 3,
          "Single Copy": false,
          "Plans": [
            {
              "Node Type": "Aggregate",
              "Strategy": "Plain",
              "Partial Mode": "Partial",
              "Parent Relationship": "Outer",
              "Parallel Aware": false,
              "Startup Cost": 83144.77,
              "Total Cost": 83144.78,
              "Plan Rows": 1,
              "Plan Width": 8,
              "Actual Startup Time": 474.775,
              "Actual Total Time": 474.778,
              "Actual Rows": 1,
              "Actual Loops": 4,
              "Plans": [
                {
                  "Node Type": "Hash Join",
                  "Parent Relationship": "Outer",
                  "Parallel Aware": true,
                  "Join Type": "Inner",
                  "Startup Cost": 51133.02,
                  "Total Cost": 82050.02,
                  "Plan Rows": 437900,
                  "Plan Width": 0,
                  "Actual Startup Time": 266.58,
                  "Actual Total Time": 465.355,
                  "Actual Rows": 243430,
                  "Actual Loops": 4,
                  "Inner Unique": true,
                  "Hash Cond": "(mc.movie_id = t.id)",
                  "Plans": [
                    {
                      "Node Type": "Seq Scan",
                      "Parent Relationship": "Outer",
                      "Parallel Aware": true,
                      "Relation Name": "movie_companies",
                      "Alias": "mc",
                      "Startup Cost": 0.0,
                      "Total Cost": 29310.68,
                      "Plan Rows": 611931,
                      "Plan Width": 4,
                      "Actual Startup Time": 0.019,
                      "Actual Total Time": 66.768,
                      "Actual Rows": 470690,
                      "Actual Loops": 4,
                      "Filter": "(company_id < 41178)",
                      "Rows Removed by Filter": 181593
                    },
                    {
                      "Node Type": "Hash",
                      "Parent Relationship": "Inner",
                      "Parallel Aware": true,
                      "Startup Cost": 45479.1,
                      "Total Cost": 45479.1,
                      "Plan Rows": 452314,
                      "Plan Width": 4,
                      "Actual Startup Time": 258.971,
                      "Actual Total Time": 258.972,
                      "Actual Rows": 449977,
                      "Actual Loops": 4,
                      "Hash Buckets": 2097152,
                      "Original Hash Buckets": 2097152,
                      "Hash Batches": 1,
                      "Original Hash Batches": 1,
                      "Peak Memory Usage": 86880,
                      "Plans": [
                        {
                          "Node Type": "Seq Scan",
                          "Parent Relationship": "Outer",
                          "Parallel Aware": true,
                          "Relation Name": "title",
                          "Alias": "t",
                          "Startup Cost": 0.0,
                          "Total Cost": 45479.1,
                          "Plan Rows": 452314,
                          "Plan Width": 4,
                          "Actual Startup Time": 0.033,
                          "Actual Total Time": 107.941,
                          "Actual Rows": 449977,
                          "Actual Loops": 4,
                          "Filter": "((kind_id > 1) AND (production_year > 1899))",
                          "Rows Removed by Filter": 182101
                        }
                      ]
                    }
                  ]
                }
              ]
            }
          ]
        }
      ]
    },
    "Planning Time": 0.657,
    "Triggers": [],
    "Execution Time": 510.707
  }
]