[
  {
    "Plan": {
      "Node Type": "Aggregate",
      "Strategy": "Plain",
      "Partial Mode": "Finalize",
      "Parallel Aware": false,
      "Startup Cost": 76511.51,
      "Total Cost": 76511.52,
      "Plan Rows": 1,
      "Plan Width": 8,
      "Actual Startup Time": 286.542,
      "Actual Total Time": 304.494,
      "Actual Rows": 1,
      "Actual Loops": 1,
      "Plans": [
        {
          "Node Type": "Gather",
          "Parent Relationship": "Outer",
          "Parallel Aware": false,
          "Startup Cost": 76511.19,
          "Total Cost": 76511.5,
          "Plan Rows": 3,
          "Plan Width": 8,
          "Actual Startup Time": 285.383,
          "Actual Total Time": 304.473,
          "Actual Rows": 4,
          "Actual Loops": 1,
          "Workers Planned": 3,
          "Workers Launched": 3,
          "Single Copy": false,
          "Plans": [
            {
              "Node Type": "Aggregate",
              "Strategy": "Plain",
              "Partial Mode": "Partial",
              "Parent Relationship": "Outer",
              "Parallel Aware": false,
              "Startup Cost": 75511.19,
              "Total Cost": 75511.2,
              "Plan Rows": 1,
              "Plan Width": 8,
              "Actual Startup Time": 277.874,
              "Actual Total Time": 277.877,
              "Actual Rows": 1,
              "Actual Loops": 4,
              "Plans": [
                {
                  "Node Type": "Hash Join",
                  "Parent Relationship": "Outer",
                  "Parallel Aware": true,
                  "Join Type": "Inner",
                  "Startup Cost": 45965.71,
                  "Total Cost": 75381.6,
                  "Plan Rows": 51837,
                  "Plan Width": 0,
                  "Actual Startup Time": 123.76,
                  "Actual Total Time": 272.123,
                  "Actual Rows": 137109,
                  "Actual Loops": 4,
                  "Inner Unique": true,
                  "Hash Cond": "(mc.movie_id = t.id)",
                  "Plans": [
                    {
                      "Node Type": "Seq Scan",
                      "Parent Relationship": "Outer",
                      "Parallel Aware": true,
                      "Relation Name": "movie_companies",
                      "Alias": "mc",
                      "Startup Cost": 0.0,
                      "Total Cost": 27206.55,
                      "Plan Rows": 841655,
                      "Plan Width": 4,
                      "Actual Startup Time": 0.028,
                      "Actual Total Time": 56.227,
                      "Actual Rows": 652282,
                      "Actual Loops": 4
                    },
                    {
                      "Node Type": "Hash",
                      "Parent Relationship": "Inner",
                      "Parallel Aware": true,
                      "Startup Cost": 45479.1,
                      "Total Cost": 45479.1,
                      "Plan Rows": 38929,
                      "Plan Width": 4,
                      "Actual Startup Time": 121.296,
                      "Actual Total Time": 121.297,
                      "Actual Rows": 66009,
                      "Actual Loops": 4,
                      "Hash Buckets": 524288,
                      "Original Hash Buckets": 262144,
                      "Hash Batches": 1,
                      "Original Hash Batches": 1,
                      "Peak Memory Usage": 16544,
                      "Plans": [
                        {
                          "Node Type": "Seq Scan",
                          "Parent Relationship": "Outer",
                          "Parallel Aware": true,
                          "Relation Name": "title",
                          "Alias": "t",
                          "Startup Cost": 0.0,
                          "Total Cost": 45479.1,
                          "Plan Rows": 38929,
                          "Plan Width": 4,
                          "Actual Startup Time": 0.224,
                          "Actual Total Time": 93.743,
                          "Actual Rows": 66009,
                          "Actual Loops": 4,
                          "Filter": "((kind_id < 7) AND (production_year < 1973))",
                          "Rows Removed by Filter": 566069
                        }
                      ]
                    }
                  ]
                }
              ]
            }
          ]
        }
      ]
    },
    "Planning Time": 0.634,
    "Triggers": [],
    "Execution Time": 304.565
  }
]