[
  {
    "Plan": {
      "Node Type": "Aggregate",
      "Strategy": "Plain",
      "Partial Mode": "Finalize",
      "Parallel Aware": false,
      "Startup Cost": 24457.73,
      "Total Cost": 24457.74,
      "Plan Rows": 1,
      "Plan Width": 8,
      "Actual Startup Time": 48.293,
      "Actual Total Time": 52.207,
      "Actual Rows": 1,
      "Actual Loops": 1,
      "Plans": [
        {
          "Node Type": "Gather",
          "Parent Relationship": "Outer",
          "Parallel Aware": false,
          "Startup Cost": 24457.41,
          "Total Cost": 24457.72,
          "Plan Rows": 3,
          "Plan Width": 8,
          "Actual Startup Time": 48.11,
          "Actual Total Time": 52.201,
          "Actual Rows": 4,
          "Actual Loops": 1,
          "Workers Planned": 3,
          "Workers Launched": 3,
          "Single Copy": false,
          "Plans": [
            {
              "Node Type": "Aggregate",
              "Strategy": "Plain",
              "Partial Mode": "Partial",
              "Parent Relationship": "Outer",
              "Parallel Aware": false,
              "Startup Cost": 23457.41,
              "Total Cost": 23457.42,
              "Plan Rows": 1,
              "Plan Width": 8,
              "Actual Startup Time": 43.738,
              "Actual Total Time": 43.739,
              "Actual Rows": 1,
              "Actual Loops": 4,
              "Plans": [
                {
                  "Node Type": "Bitmap Heap Scan",
                  "Parent Relationship": "Outer",
                  "Parallel Aware": true,
                  "Relation Name": "movie_companies",
                  "Alias": "mc",
                  "Startup Cost": 3816.04,
                  "Total Cost": 23315.52,
                  "Plan Rows": 56758,
                  "Plan Width": 0,
                  "Actual Startup Time": 19.735,
                  "Actual Total Time": 40.429,
                  "Actual Rows": 43029,
                  "Actual Loops": 4,
                  "Recheck Cond": "(company_id > 123054)",
                  "Rows Removed by Index Recheck": 0,
                  "Exact Heap Blocks": 1843,
                  "Lossy Heap Blocks": 0,
                  "Plans": [
                    {
                      "Node Type": "Bitmap Index Scan",
                      "Parent Relationship": "Outer",
                      "Parallel Aware": false,
                      "Index Name": "company_id_movie_companies",
                      "Startup Cost": 0.0,
                      "Total Cost": 3772.05,
                      "Plan Rows": 175950,
                      "Plan Width": 0,
                      "Actual Startup Time": 21.843,
                      "Actual Total Time": 21.843,
                      "Actual Rows": 172115,
                      "Actual Loops": 1,
                      "Index Cond": "(company_id > 123054)"
                    }
                  ]
                }
              ]
            }
          ]
        }
      ]
    },
    "Planning Time": 0.163,
    "Triggers": [],
    "Execution Time": 52.27
  }
]