[
  {
    "Plan": {
      "Node Type": "Aggregate",
      "Strategy": "Plain",
      "Partial Mode": "Finalize",
      "Parallel Aware": false,
      "Startup Cost": 24472.92,
      "Total Cost": 24472.93,
      "Plan Rows": 1,
      "Plan Width": 8,
      "Actual Startup Time": 53.316,
      "Actual Total Time": 57.512,
      "Actual Rows": 1,
      "Actual Loops": 1,
      "Plans": [
        {
          "Node Type": "Gather",
          "Parent Relationship": "Outer",
          "Parallel Aware": false,
          "Startup Cost": 24472.6,
          "Total Cost": 24472.91,
          "Plan Rows": 3,
          "Plan Width": 8,
          "Actual Startup Time": 53.097,
          "Actual Total Time": 57.506,
          "Actual Rows": 4,
          "Actual Loops": 1,
          "Workers Planned": 3,
          "Workers Launched": 3,
          "Single Copy": false,
          "Plans": [
            {
              "Node Type": "Aggregate",
              "Strategy": "Plain",
              "Partial Mode": "Partial",
              "Parent Relationship": "Outer",
              "Parallel Aware": false,
              "Startup Cost": 23472.6,
              "Total Cost": 23472.61,
              "Plan Rows": 1,
              "Plan Width": 8,
              "Actual Startup Time": 46.966,
              "Actual Total Time": 46.97,
              "Actual Rows": 1,
              "Actual Loops": 4,
              "Plans": [
                {
                  "Node Type": "Bitmap Heap Scan",
                  "Parent Relationship": "Outer",
                  "Parallel Aware": true,
                  "Relation Name": "movie_companies",
                  "Alias": "mc",
                  "Startup Cost": 3828.47,
                  "Total Cost": 23330.25,
                  "Plan Rows": 56942,
                  "Plan Width": 0,
                  "Actual Startup Time": 16.65,
                  "Actual Total Time": 43.239,
                  "Actual Rows": 43029,
                  "Actual Loops": 4,
                  "Recheck Cond": "(company_id > 123054)",
                  "Rows Removed by Index Recheck": 0,
                  "Exact Heap Blocks": 2489,
                  "Lossy Heap Blocks": 0,
                  "Plans": [
                    {
                      "Node Type": "Bitmap Index Scan",
                      "Parent Relationship": "Outer",
                      "Parallel Aware": false,
                      "Index Name": "company_id_movie_companies",
                      "Startup Cost": 0.0,
                      "Total Cost": 3784.34,
                      "Plan Rows": 176521,
                      "Plan Width": 0,
                      "Actual Startup Time": 20.784,
                      "Actual Total Time": 20.784,
                      "Actual Rows": 172115,
                      "Actual Loops": 1,
                      "Index Cond": "(company_id > 123054)"
                    }
                  ]
                }
              ]
            }
          ]
        }
      ]
    },
    "Planning Time": 0.184,
    "Triggers": [],
    "Execution Time": 57.583
  }
]