[
    {
        "Bao": {
            "Bao prediction": "NaN",
            "Bao recommended hint": "(no hint)"
        }
    },
    {
        "Plan": {
            "Node Type": "Aggregate",
            "Strategy": "Plain",
            "Partial Mode": "Finalize",
            "Parallel Aware": false,
            "Startup Cost": 433606.71,
            "Total Cost": 433606.72,
            "Plan Rows": 1,
            "Plan Width": 8,
            "Actual Startup Time": 1505.202,
            "Actual Total Time": 1532.622,
            "Actual Rows": 1,
            "Actual Loops": 1,
            "Output": [
                "count(*)"
            ],
            "Plans": [
                {
                    "Node Type": "Gather",
                    "Parent Relationship": "Outer",
                    "Parallel Aware": false,
                    "Startup Cost": 433606.09,
                    "Total Cost": 433606.7,
                    "Plan Rows": 6,
                    "Plan Width": 8,
                    "Actual Startup Time": 1496.054,
                    "Actual Total Time": 1532.611,
                    "Actual Rows": 7,
                    "Actual Loops": 1,
                    "Output": [
                        "(PARTIAL count(*))"
                    ],
                    "Workers Planned": 6,
                    "Workers Launched": 6,
                    "Single Copy": false,
                    "Plans": [
                        {
                            "Node Type": "Aggregate",
                            "Strategy": "Plain",
                            "Partial Mode": "Partial",
                            "Parent Relationship": "Outer",
                            "Parallel Aware": false,
                            "Startup Cost": 432606.09,
                            "Total Cost": 432606.1,
                            "Plan Rows": 1,
                            "Plan Width": 8,
                            "Actual Startup Time": 1484.965,
                            "Actual Total Time": 1485.216,
                            "Actual Rows": 1,
                            "Actual Loops": 7,
                            "Output": [
                                "PARTIAL count(*)"
                            ],
                            "Workers": [
                                {
                                    "Worker Number": 0,
                                    "Actual Startup Time": 1482.442,
                                    "Actual Total Time": 1482.446,
                                    "Actual Rows": 1,
                                    "Actual Loops": 1
                                },
                                {
                                    "Worker Number": 1,
                                    "Actual Startup Time": 1482.622,
                                    "Actual Total Time": 1482.628,
                                    "Actual Rows": 1,
                                    "Actual Loops": 1
                                },
                                {
                                    "Worker Number": 2,
                                    "Actual Startup Time": 1482.879,
                                    "Actual Total Time": 1482.885,
                                    "Actual Rows": 1,
                                    "Actual Loops": 1
                                },
                                {
                                    "Worker Number": 3,
                                    "Actual Startup Time": 1482.973,
                                    "Actual Total Time": 1482.978,
                                    "Actual Rows": 1,
                                    "Actual Loops": 1
                                },
                                {
                                    "Worker Number": 4,
                                    "Actual Startup Time": 1483.521,
                                    "Actual Total Time": 1483.527,
                                    "Actual Rows": 1,
                                    "Actual Loops": 1
                                },
                                {
                                    "Worker Number": 5,
                                    "Actual Startup Time": 1484.902,
                                    "Actual Total Time": 1484.907,
                                    "Actual Rows": 1,
                                    "Actual Loops": 1
                                }
                            ],
                            "Plans": [
                                {
                                    "Node Type": "Hash Join",
                                    "Parent Relationship": "Outer",
                                    "Parallel Aware": true,
                                    "Join Type": "Inner",
                                    "Startup Cost": 82865.17,
                                    "Total Cost": 429305.42,
                                    "Plan Rows": 1320266,
                                    "Plan Width": 0,
                                    "Actual Startup Time": 425.459,
                                    "Actual Total Time": 1421.351,
                                    "Actual Rows": 1477701,
                                    "Actual Loops": 7,
                                    "Inner Unique": false,
                                    "Hash Cond": "(ci.movie_id = t.id)",
                                    "Workers": [
                                        {
                                            "Worker Number": 0,
                                            "Actual Startup Time": 423.053,
                                            "Actual Total Time": 1420.462,
                                            "Actual Rows": 1418654,
                                            "Actual Loops": 1
                                        },
                                        {
                                            "Worker Number": 1,
                                            "Actual Startup Time": 423.249,
                                            "Actual Total Time": 1420.201,
                                            "Actual Rows": 1429917,
                                            "Actual Loops": 1
                                        },
                                        {
                                            "Worker Number": 2,
                                            "Actual Startup Time": 423.518,
                                            "Actual Total Time": 1419.86,
                                            "Actual Rows": 1443738,
                                            "Actual Loops": 1
                                        },
                                        {
                                            "Worker Number": 3,
                                            "Actual Startup Time": 423.568,
                                            "Actual Total Time": 1420.941,
                                            "Actual Rows": 1419487,
                                            "Actual Loops": 1
                                        },
                                        {
                                            "Worker Number": 4,
                                            "Actual Startup Time": 424.144,
                                            "Actual Total Time": 1419.01,
                                            "Actual Rows": 1465799,
                                            "Actual Loops": 1
                                        },
                                        {
                                            "Worker Number": 5,
                                            "Actual Startup Time": 424.654,
                                            "Actual Total Time": 1420.011,
                                            "Actual Rows": 1474368,
                                            "Actual Loops": 1
                                        }
                                    ],
                                    "Plans": [
                                        {
                                            "Node Type": "Seq Scan",
                                            "Parent Relationship": "Outer",
                                            "Parallel Aware": true,
                                            "Relation Name": "cast_info",
                                            "Schema": "public",
                                            "Alias": "ci",
                                            "Startup Cost": 0.0,
                                            "Total Cost": 328213.62,
                                            "Plan Rows": 3724724,
                                            "Plan Width": 4,
                                            "Actual Startup Time": 125.765,
                                            "Actual Total Time": 521.34,
                                            "Actual Rows": 3194934,
                                            "Actual Loops": 7,
                                            "Output": [
                                                "ci.id",
                                                "ci.person_id",
                                                "ci.movie_id",
                                                "ci.person_role_id",
                                                "ci.note",
                                                "ci.nr_order",
                                                "ci.role_id"
                                            ],
                                            "Filter": "(ci.person_id > 1367346)",
                                            "Rows Removed by Filter": 1982830,
                                            "Workers": [
                                                {
                                                    "Worker Number": 0,
                                                    "Actual Startup Time": 125.772,
                                                    "Actual Total Time": 524.962,
                                                    "Actual Rows": 3075106,
                                                    "Actual Loops": 1
                                                },
                                                {
                                                    "Worker Number": 1,
                                                    "Actual Startup Time": 125.767,
                                                    "Actual Total Time": 528.223,
                                                    "Actual Rows": 3113791,
                                                    "Actual Loops": 1
                                                },
                                                {
                                                    "Worker Number": 2,
                                                    "Actual Startup Time": 125.782,
                                                    "Actual Total Time": 524.868,
                                                    "Actual Rows": 3075518,
                                                    "Actual Loops": 1
                                                },
                                                {
                                                    "Worker Number": 3,
                                                    "Actual Startup Time": 125.76,
                                                    "Actual Total Time": 526.037,
                                                    "Actual Rows": 3092448,
                                                    "Actual Loops": 1
                                                },
                                                {
                                                    "Worker Number": 4,
                                                    "Actual Startup Time": 125.713,
                                                    "Actual Total Time": 532.246,
                                                    "Actual Rows": 3189675,
                                                    "Actual Loops": 1
                                                },
                                                {
                                                    "Worker Number": 5,
                                                    "Actual Startup Time": 125.785,
                                                    "Actual Total Time": 530.929,
                                                    "Actual Rows": 3182819,
                                                    "Actual Loops": 1
                                                }
                                            ]
                                        },
                                        {
                                            "Node Type": "Hash",
                                            "Parent Relationship": "Inner",
                                            "Parallel Aware": true,
                                            "Startup Cost": 79251.51,
                                            "Total Cost": 79251.51,
                                            "Plan Rows": 289093,
                                            "Plan Width": 8,
                                            "Actual Startup Time": 297.393,
                                            "Actual Total Time": 297.642,
                                            "Actual Rows": 74155,
                                            "Actual Loops": 7,
                                            "Output": [
                                                "t.id",
                                                "mc.movie_id"
                                            ],
                                            "Hash Buckets": 1048576,
                                            "Original Hash Buckets": 1048576,
                                            "Hash Batches": 1,
                                            "Original Hash Batches": 1,
                                            "Peak Memory Usage": 28608,
                                            "Workers": [
                                                {
                                                    "Worker Number": 0,
                                                    "Actual Startup Time": 296.534,
                                                    "Actual Total Time": 296.537,
                                                    "Actual Rows": 74876,
                                                    "Actual Loops": 1
                                                },
                                                {
                                                    "Worker Number": 1,
                                                    "Actual Startup Time": 296.707,
                                                    "Actual Total Time": 296.711,
                                                    "Actual Rows": 75086,
                                                    "Actual Loops": 1
                                                },
                                                {
                                                    "Worker Number": 2,
                                                    "Actual Startup Time": 296.938,
                                                    "Actual Total Time": 296.942,
                                                    "Actual Rows": 73568,
                                                    "Actual Loops": 1
                                                },
                                                {
                                                    "Worker Number": 3,
                                                    "Actual Startup Time": 297.039,
                                                    "Actual Total Time": 297.043,
                                                    "Actual Rows": 73649,
                                                    "Actual Loops": 1
                                                },
                                                {
                                                    "Worker Number": 4,
                                                    "Actual Startup Time": 297.509,
                                                    "Actual Total Time": 297.513,
                                                    "Actual Rows": 72013,
                                                    "Actual Loops": 1
                                                },
                                                {
                                                    "Worker Number": 5,
                                                    "Actual Startup Time": 298.131,
                                                    "Actual Total Time": 298.134,
                                                    "Actual Rows": 72407,
                                                    "Actual Loops": 1
                                                }
                                            ],
                                            "Plans": [
                                                {
                                                    "Node Type": "Hash Join",
                                                    "Parent Relationship": "Outer",
                                                    "Parallel Aware": true,
                                                    "Join Type": "Inner",
                                                    "Startup Cost": 48689.12,
                                                    "Total Cost": 79251.51,
                                                    "Plan Rows": 289093,
                                                    "Plan Width": 8,
                                                    "Actual Startup Time": 170.81,
                                                    "Actual Total Time": 272.865,
                                                    "Actual Rows": 74155,
                                                    "Actual Loops": 7,
                                                    "Output": [
                                                        "t.id",
                                                        "mc.movie_id"
                                                    ],
                                                    "Inner Unique": true,
                                                    "Hash Cond": "(mc.movie_id = t.id)",
                                                    "Workers": [
                                                        {
                                                            "Worker Number": 0,
                                                            "Actual Startup Time": 169.901,
                                                            "Actual Total Time": 271.432,
                                                            "Actual Rows": 74876,
                                                            "Actual Loops": 1
                                                        },
                                                        {
                                                            "Worker Number": 1,
                                                            "Actual Startup Time": 170.135,
                                                            "Actual Total Time": 272.151,
                                                            "Actual Rows": 75086,
                                                            "Actual Loops": 1
                                                        },
                                                        {
                                                            "Worker Number": 2,
                                                            "Actual Startup Time": 170.372,
                                                            "Actual Total Time": 272.325,
                                                            "Actual Rows": 73568,
                                                            "Actual Loops": 1
                                                        },
                                                        {
                                                            "Worker Number": 3,
                                                            "Actual Startup Time": 170.456,
                                                            "Actual Total Time": 272.056,
                                                            "Actual Rows": 73649,
                                                            "Actual Loops": 1
                                                        },
                                                        {
                                                            "Worker Number": 4,
                                                            "Actual Startup Time": 171.039,
                                                            "Actual Total Time": 273.454,
                                                            "Actual Rows": 72013,
                                                            "Actual Loops": 1
                                                        },
                                                        {
                                                            "Worker Number": 5,
                                                            "Actual Startup Time": 171.561,
                                                            "Actual Total Time": 273.023,
                                                            "Actual Rows": 72407,
                                                            "Actual Loops": 1
                                                        }
                                                    ],
                                                    "Plans": [
                                                        {
                                                            "Node Type": "Seq Scan",
                                                            "Parent Relationship": "Outer",
                                                            "Parallel Aware": true,
                                                            "Relation Name": "movie_companies",
                                                            "Schema": "public",
                                                            "Alias": "mc",
                                                            "Startup Cost": 0.0,
                                                            "Total Cost": 29310.68,
                                                            "Plan Rows": 476842,
                                                            "Plan Width": 4,
                                                            "Actual Startup Time": 0.028,
                                                            "Actual Total Time": 40.536,
                                                            "Actual Rows": 210169,
                                                            "Actual Loops": 7,
                                                            "Output": [
                                                                "mc.id",
                                                                "mc.movie_id",
                                                                "mc.company_id",
                                                                "mc.company_type_id",
                                                                "mc.note"
                                                            ],
                                                            "Filter": "(mc.company_id < 13413)",
                                                            "Rows Removed by Filter": 162563,
                                                            "Workers": [
                                                                {
                                                                    "Worker Number": 0,
                                                                    "Actual Startup Time": 0.032,
                                                                    "Actual Total Time": 41.38,
                                                                    "Actual Rows": 206046,
                                                                    "Actual Loops": 1
                                                                },
                                                                {
                                                                    "Worker Number": 1,
                                                                    "Actual Startup Time": 0.033,
                                                                    "Actual Total Time": 41.686,
                                                                    "Actual Rows": 209155,
                                                                    "Actual Loops": 1
                                                                },
                                                                {
                                                                    "Worker Number": 2,
                                                                    "Actual Startup Time": 0.03,
                                                                    "Actual Total Time": 41.538,
                                                                    "Actual Rows": 207041,
                                                                    "Actual Loops": 1
                                                                },
                                                                {
                                                                    "Worker Number": 3,
                                                                    "Actual Startup Time": 0.027,
                                                                    "Actual Total Time": 41.379,
                                                                    "Actual Rows": 206225,
                                                                    "Actual Loops": 1
                                                                },
                                                                {
                                                                    "Worker Number": 4,
                                                                    "Actual Startup Time": 0.03,
                                                                    "Actual Total Time": 41.401,
                                                                    "Actual Rows": 203627,
                                                                    "Actual Loops": 1
                                                                },
                                                                {
                                                                    "Worker Number": 5,
                                                                    "Actual Startup Time": 0.033,
                                                                    "Actual Total Time": 41.205,
                                                                    "Actual Rows": 204557,
                                                                    "Actual Loops": 1
                                                                }
                                                            ]
                                                        },
                                                        {
                                                            "Node Type": "Hash",
                                                            "Parent Relationship": "Inner",
                                                            "Parallel Aware": true,
                                                            "Startup Cost": 43899.01,
                                                            "Total Cost": 43899.01,
                                                            "Plan Rows": 383209,
                                                            "Plan Width": 4,
                                                            "Actual Startup Time": 168.823,
                                                            "Actual Total Time": 168.824,
                                                            "Actual Rows": 220466,
                                                            "Actual Loops": 7,
                                                            "Output": [
                                                                "t.id"
                                                            ],
                                                            "Hash Buckets": 2097152,
                                                            "Original Hash Buckets": 2097152,
                                                            "Hash Batches": 1,
                                                            "Original Hash Batches": 1,
                                                            "Peak Memory Usage": 76832,
                                                            "Workers": [
                                                                {
                                                                    "Worker Number": 0,
                                                                    "Actual Startup Time": 169.607,
                                                                    "Actual Total Time": 169.608,
                                                                    "Actual Rows": 210652,
                                                                    "Actual Loops": 1
                                                                },
                                                                {
                                                                    "Worker Number": 1,
                                                                    "Actual Startup Time": 169.833,
                                                                    "Actual Total Time": 169.835,
                                                                    "Actual Rows": 206554,
                                                                    "Actual Loops": 1
                                                                },
                                                                {
                                                                    "Worker Number": 2,
                                                                    "Actual Startup Time": 170.081,
                                                                    "Actual Total Time": 170.082,
                                                                    "Actual Rows": 207731,
                                                                    "Actual Loops": 1
                                                                },
                                                                {
                                                                    "Worker Number": 3,
                                                                    "Actual Startup Time": 170.162,
                                                                    "Actual Total Time": 170.164,
                                                                    "Actual Rows": 213418,
                                                                    "Actual Loops": 1
                                                                },
                                                                {
                                                                    "Worker Number": 4,
                                                                    "Actual Startup Time": 170.783,
                                                                    "Actual Total Time": 170.785,
                                                                    "Actual Rows": 202426,
                                                                    "Actual Loops": 1
                                                                },
                                                                {
                                                                    "Worker Number": 5,
                                                                    "Actual Startup Time": 171.305,
                                                                    "Actual Total Time": 171.307,
                                                                    "Actual Rows": 193321,
                                                                    "Actual Loops": 1
                                                                }
                                                            ],
                                                            "Plans": [
                                                                {
                                                                    "Node Type": "Seq Scan",
                                                                    "Parent Relationship": "Outer",
                                                                    "Parallel Aware": true,
                                                                    "Relation Name": "title",
                                                                    "Schema": "public",
                                                                    "Alias": "t",
                                                                    "Startup Cost": 0.0,
                                                                    "Total Cost": 43899.01,
                                                                    "Plan Rows": 383209,
                                                                    "Plan Width": 4,
                                                                    "Actual Startup Time": 0.054,
                                                                    "Actual Total Time": 69.183,
                                                                    "Actual Rows": 220466,
                                                                    "Actual Loops": 7,
                                                                    "Output": [
                                                                        "t.id"
                                                                    ],
                                                                    "Filter": "(t.kind_id = 7)",
                                                                    "Rows Removed by Filter": 140721,
                                                                    "Workers": [
                                                                        {
                                                                            "Worker Number": 0,
                                                                            "Actual Startup Time": 0.071,
                                                                            "Actual Total Time": 70.078,
                                                                            "Actual Rows": 210652,
                                                                            "Actual Loops": 1
                                                                        },
                                                                        {
                                                                            "Worker Number": 1,
                                                                            "Actual Startup Time": 0.064,
                                                                            "Actual Total Time": 70.082,
                                                                            "Actual Rows": 206554,
                                                                            "Actual Loops": 1
                                                                        },
                                                                        {
                                                                            "Worker Number": 2,
                                                                            "Actual Startup Time": 0.065,
                                                                            "Actual Total Time": 69.59,
                                                                            "Actual Rows": 207731,
                                                                            "Actual Loops": 1
                                                                        },
                                                                        {
                                                                            "Worker Number": 3,
                                                                            "Actual Startup Time": 0.047,
                                                                            "Actual Total Time": 70.492,
                                                                            "Actual Rows": 213418,
                                                                            "Actual Loops": 1
                                                                        },
                                                                        {
                                                                            "Worker Number": 4,
                                                                            "Actual Startup Time": 0.048,
                                                                            "Actual Total Time": 72.279,
                                                                            "Actual Rows": 202426,
                                                                            "Actual Loops": 1
                                                                        },
                                                                        {
                                                                            "Worker Number": 5,
                                                                            "Actual Startup Time": 0.067,
                                                                            "Actual Total Time": 71.39,
                                                                            "Actual Rows": 193321,
                                                                            "Actual Loops": 1
                                                                        }
                                                                    ]
                                                                }
                                                            ]
                                                        }
                                                    ]
                                                }
                                            ]
                                        }
                                    ]
                                }
                            ]
                        }
                    ]
                }
            ]
        },
        "Planning Time": 181.55,
        "Triggers": [],
        "Execution Time": 1532.742
    }
]