{
    "Plan": {
        "Node Type": "Aggregate",
        "Strategy": "Plain",
        "Partial Mode": "Finalize",
        "Parallel Aware": false,
        "Startup Cost": 485538.42,
        "Total Cost": 485538.43,
        "Plan Rows": 1,
        "Plan Width": 8,
        "Actual Startup Time": 3341.813,
        "Actual Total Time": 3411.58,
        "Actual Rows": 1,
        "Actual Loops": 1,
        "Output": [
            "count(*)"
        ],
        "Plans": [
            {
                "Node Type": "Gather",
                "Parent Relationship": "Outer",
                "Parallel Aware": false,
                "Startup Cost": 485537.79,
                "Total Cost": 485538.4,
                "Plan Rows": 6,
                "Plan Width": 8,
                "Actual Startup Time": 3337.718,
                "Actual Total Time": 3411.568,
                "Actual Rows": 7,
                "Actual Loops": 1,
                "Output": [
                    "(PARTIAL count(*))"
                ],
                "Workers Planned": 6,
                "Workers Launched": 6,
                "Single Copy": false,
                "Plans": [
                    {
                        "Node Type": "Aggregate",
                        "Strategy": "Plain",
                        "Partial Mode": "Partial",
                        "Parent Relationship": "Outer",
                        "Parallel Aware": false,
                        "Startup Cost": 484537.79,
                        "Total Cost": 484537.8,
                        "Plan Rows": 1,
                        "Plan Width": 8,
                        "Actual Startup Time": 3326.228,
                        "Actual Total Time": 3326.233,
                        "Actual Rows": 1,
                        "Actual Loops": 7,
                        "Output": [
                            "PARTIAL count(*)"
                        ],
                        "Workers": [
                            {
                                "Worker Number": 0,
                                "Actual Startup Time": 3324.026,
                                "Actual Total Time": 3324.031,
                                "Actual Rows": 1,
                                "Actual Loops": 1
                            },
                            {
                                "Worker Number": 1,
                                "Actual Startup Time": 3323.607,
                                "Actual Total Time": 3323.611,
                                "Actual Rows": 1,
                                "Actual Loops": 1
                            },
                            {
                                "Worker Number": 2,
                                "Actual Startup Time": 3323.604,
                                "Actual Total Time": 3323.609,
                                "Actual Rows": 1,
                                "Actual Loops": 1
                            },
                            {
                                "Worker Number": 3,
                                "Actual Startup Time": 3325.009,
                                "Actual Total Time": 3325.013,
                                "Actual Rows": 1,
                                "Actual Loops": 1
                            },
                            {
                                "Worker Number": 4,
                                "Actual Startup Time": 3325.292,
                                "Actual Total Time": 3325.298,
                                "Actual Rows": 1,
                                "Actual Loops": 1
                            },
                            {
                                "Worker Number": 5,
                                "Actual Startup Time": 3325.299,
                                "Actual Total Time": 3325.304,
                                "Actual Rows": 1,
                                "Actual Loops": 1
                            }
                        ],
                        "Plans": [
                            {
                                "Node Type": "Nested Loop",
                                "Parent Relationship": "Outer",
                                "Parallel Aware": false,
                                "Join Type": "Inner",
                                "Startup Cost": 46675.93,
                                "Total Cost": 483949.22,
                                "Plan Rows": 235428,
                                "Plan Width": 0,
                                "Actual Startup Time": 104.927,
                                "Actual Total Time": 3202.245,
                                "Actual Rows": 2577935,
                                "Actual Loops": 7,
                                "Inner Unique": false,
                                "Join Filter": "(t.id = mi.movie_id)",
                                "Rows Removed by Join Filter": 0,
                                "Workers": [
                                    {
                                        "Worker Number": 0,
                                        "Actual Startup Time": 102.42,
                                        "Actual Total Time": 3204.47,
                                        "Actual Rows": 2200934,
                                        "Actual Loops": 1
                                    },
                                    {
                                        "Worker Number": 1,
                                        "Actual Startup Time": 102.436,
                                        "Actual Total Time": 3206.778,
                                        "Actual Rows": 2159866,
                                        "Actual Loops": 1
                                    },
                                    {
                                        "Worker Number": 2,
                                        "Actual Startup Time": 102.209,
                                        "Actual Total Time": 3217.499,
                                        "Actual Rows": 2470613,
                                        "Actual Loops": 1
                                    },
                                    {
                                        "Worker Number": 3,
                                        "Actual Startup Time": 103.891,
                                        "Actual Total Time": 3182.434,
                                        "Actual Rows": 2378187,
                                        "Actual Loops": 1
                                    },
                                    {
                                        "Worker Number": 4,
                                        "Actual Startup Time": 103.991,
                                        "Actual Total Time": 3201.449,
                                        "Actual Rows": 3012433,
                                        "Actual Loops": 1
                                    },
                                    {
                                        "Worker Number": 5,
                                        "Actual Startup Time": 104.06,
                                        "Actual Total Time": 3194.566,
                                        "Actual Rows": 2702649,
                                        "Actual Loops": 1
                                    }
                                ],
                                "Plans": [
                                    {
                                        "Node Type": "Hash Join",
                                        "Parent Relationship": "Outer",
                                        "Parallel Aware": true,
                                        "Join Type": "Inner",
                                        "Startup Cost": 46675.5,
                                        "Total Cost": 390232.84,
                                        "Plan Rows": 42864,
                                        "Plan Width": 8,
                                        "Actual Startup Time": 104.825,
                                        "Actual Total Time": 727.507,
                                        "Actual Rows": 113646,
                                        "Actual Loops": 7,
                                        "Output": [
                                            "t.id",
                                            "ci.movie_id"
                                        ],
                                        "Inner Unique": true,
                                        "Hash Cond": "(ci.movie_id = t.id)",
                                        "Workers": [
                                            {
                                                "Worker Number": 0,
                                                "Actual Startup Time": 102.291,
                                                "Actual Total Time": 703.185,
                                                "Actual Rows": 97452,
                                                "Actual Loops": 1
                                            },
                                            {
                                                "Worker Number": 1,
                                                "Actual Startup Time": 102.325,
                                                "Actual Total Time": 718.945,
                                                "Actual Rows": 96051,
                                                "Actual Loops": 1
                                            },
                                            {
                                                "Worker Number": 2,
                                                "Actual Startup Time": 102.098,
                                                "Actual Total Time": 712.609,
                                                "Actual Rows": 108648,
                                                "Actual Loops": 1
                                            },
                                            {
                                                "Worker Number": 3,
                                                "Actual Startup Time": 103.76,
                                                "Actual Total Time": 731.463,
                                                "Actual Rows": 104435,
                                                "Actual Loops": 1
                                            },
                                            {
                                                "Worker Number": 4,
                                                "Actual Startup Time": 103.877,
                                                "Actual Total Time": 749.266,
                                                "Actual Rows": 128023,
                                                "Actual Loops": 1
                                            },
                                            {
                                                "Worker Number": 5,
                                                "Actual Startup Time": 103.963,
                                                "Actual Total Time": 740.699,
                                                "Actual Rows": 122304,
                                                "Actual Loops": 1
                                            }
                                        ],
                                        "Plans": [
                                            {
                                                "Node Type": "Index Scan",
                                                "Parent Relationship": "Outer",
                                                "Parallel Aware": true,
                                                "Scan Direction": "Forward",
                                                "Index Name": "role_id_cast_info",
                                                "Relation Name": "cast_info",
                                                "Schema": "public",
                                                "Alias": "ci",
                                                "Startup Cost": 0.56,
                                                "Total Cost": 342814.42,
                                                "Plan Rows": 283231,
                                                "Plan Width": 4,
                                                "Actual Startup Time": 0.24,
                                                "Actual Total Time": 399.371,
                                                "Actual Rows": 508427,
                                                "Actual Loops": 7,
                                                "Output": [
                                                    "ci.id",
                                                    "ci.person_id",
                                                    "ci.movie_id",
                                                    "ci.person_role_id",
                                                    "ci.note",
                                                    "ci.nr_order",
                                                    "ci.role_id"
                                                ],
                                                "Index Cond": "(ci.role_id = 1)",
                                                "Rows Removed by Index Recheck": 0,
                                                "Filter": "(ci.person_id < 478546)",
                                                "Rows Removed by Filter": 1301672,
                                                "Workers": [
                                                    {
                                                        "Worker Number": 0,
                                                        "Actual Startup Time": 0.328,
                                                        "Actual Total Time": 395.559,
                                                        "Actual Rows": 420421,
                                                        "Actual Loops": 1
                                                    },
                                                    {
                                                        "Worker Number": 1,
                                                        "Actual Startup Time": 0.093,
                                                        "Actual Total Time": 400.312,
                                                        "Actual Rows": 444990,
                                                        "Actual Loops": 1
                                                    },
                                                    {
                                                        "Worker Number": 2,
                                                        "Actual Startup Time": 0.152,
                                                        "Actual Total Time": 396.816,
                                                        "Actual Rows": 478921,
                                                        "Actual Loops": 1
                                                    },
                                                    {
                                                        "Worker Number": 3,
                                                        "Actual Startup Time": 0.378,
                                                        "Actual Total Time": 411.28,
                                                        "Actual Rows": 455910,
                                                        "Actual Loops": 1
                                                    },
                                                    {
                                                        "Worker Number": 4,
                                                        "Actual Startup Time": 0.227,
                                                        "Actual Total Time": 411.027,
                                                        "Actual Rows": 590304,
                                                        "Actual Loops": 1
                                                    },
                                                    {
                                                        "Worker Number": 5,
                                                        "Actual Startup Time": 0.267,
                                                        "Actual Total Time": 408.127,
                                                        "Actual Rows": 537420,
                                                        "Actual Loops": 1
                                                    }
                                                ]
                                            },
                                            {
                                                "Node Type": "Hash",
                                                "Parent Relationship": "Inner",
                                                "Parallel Aware": true,
                                                "Startup Cost": 45479.21,
                                                "Total Cost": 45479.21,
                                                "Plan Rows": 95658,
                                                "Plan Width": 4,
                                                "Actual Startup Time": 102.213,
                                                "Actual Total Time": 102.214,
                                                "Actual Rows": 69260,
                                                "Actual Loops": 7,
                                                "Output": [
                                                    "t.id"
                                                ],
                                                "Hash Buckets": 524288,
                                                "Original Hash Buckets": 524288,
                                                "Hash Batches": 1,
                                                "Original Hash Batches": 1,
                                                "Peak Memory Usage": 23200,
                                                "Workers": [
                                                    {
                                                        "Worker Number": 0,
                                                        "Actual Startup Time": 101.494,
                                                        "Actual Total Time": 101.495,
                                                        "Actual Rows": 52459,
                                                        "Actual Loops": 1
                                                    },
                                                    {
                                                        "Worker Number": 1,
                                                        "Actual Startup Time": 101.493,
                                                        "Actual Total Time": 101.494,
                                                        "Actual Rows": 52632,
                                                        "Actual Loops": 1
                                                    },
                                                    {
                                                        "Worker Number": 2,
                                                        "Actual Startup Time": 101.5,
                                                        "Actual Total Time": 101.502,
                                                        "Actual Rows": 69635,
                                                        "Actual Loops": 1
                                                    },
                                                    {
                                                        "Worker Number": 3,
                                                        "Actual Startup Time": 102.972,
                                                        "Actual Total Time": 102.973,
                                                        "Actual Rows": 55433,
                                                        "Actual Loops": 1
                                                    },
                                                    {
                                                        "Worker Number": 4,
                                                        "Actual Startup Time": 103.167,
                                                        "Actual Total Time": 103.168,
                                                        "Actual Rows": 79017,
                                                        "Actual Loops": 1
                                                    },
                                                    {
                                                        "Worker Number": 5,
                                                        "Actual Startup Time": 103.178,
                                                        "Actual Total Time": 103.18,
                                                        "Actual Rows": 79080,
                                                        "Actual Loops": 1
                                                    }
                                                ],
                                                "Plans": [
                                                    {
                                                        "Node Type": "Seq Scan",
                                                        "Parent Relationship": "Outer",
                                                        "Parallel Aware": true,
                                                        "Relation Name": "title",
                                                        "Schema": "public",
                                                        "Alias": "t",
                                                        "Startup Cost": 0.0,
                                                        "Total Cost": 45479.21,
                                                        "Plan Rows": 95658,
                                                        "Plan Width": 4,
                                                        "Actual Startup Time": 0.083,
                                                        "Actual Total Time": 74.466,
                                                        "Actual Rows": 69260,
                                                        "Actual Loops": 7,
                                                        "Output": [
                                                            "t.id"
                                                        ],
                                                        "Filter": "((t.kind_id < 7) AND (t.production_year < 1999))",
                                                        "Rows Removed by Filter": 291927,
                                                        "Workers": [
                                                            {
                                                                "Worker Number": 0,
                                                                "Actual Startup Time": 0.079,
                                                                "Actual Total Time": 74.926,
                                                                "Actual Rows": 52459,
                                                                "Actual Loops": 1
                                                            },
                                                            {
                                                                "Worker Number": 1,
                                                                "Actual Startup Time": 0.077,
                                                                "Actual Total Time": 75.366,
                                                                "Actual Rows": 52632,
                                                                "Actual Loops": 1
                                                            },
                                                            {
                                                                "Worker Number": 2,
                                                                "Actual Startup Time": 0.066,
                                                                "Actual Total Time": 74.445,
                                                                "Actual Rows": 69635,
                                                                "Actual Loops": 1
                                                            },
                                                            {
                                                                "Worker Number": 3,
                                                                "Actual Startup Time": 0.081,
                                                                "Actual Total Time": 74.906,
                                                                "Actual Rows": 55433,
                                                                "Actual Loops": 1
                                                            },
                                                            {
                                                                "Worker Number": 4,
                                                                "Actual Startup Time": 0.075,
                                                                "Actual Total Time": 74.63,
                                                                "Actual Rows": 79017,
                                                                "Actual Loops": 1
                                                            },
                                                            {
                                                                "Worker Number": 5,
                                                                "Actual Startup Time": 0.16,
                                                                "Actual Total Time": 74.503,
                                                                "Actual Rows": 79080,
                                                                "Actual Loops": 1
                                                            }
                                                        ]
                                                    }
                                                ]
                                            }
                                        ]
                                    },
                                    {
                                        "Node Type": "Index Scan",
                                        "Parent Relationship": "Inner",
                                        "Parallel Aware": false,
                                        "Scan Direction": "Forward",
                                        "Index Name": "movie_id_movie_info",
                                        "Relation Name": "movie_info",
                                        "Schema": "public",
                                        "Alias": "mi",
                                        "Startup Cost": 0.43,
                                        "Total Cost": 1.72,
                                        "Plan Rows": 37,
                                        "Plan Width": 4,
                                        "Actual Startup Time": 0.005,
                                        "Actual Total Time": 0.019,
                                        "Actual Rows": 23,
                                        "Actual Loops": 795524,
                                        "Output": [
                                            "mi.id",
                                            "mi.movie_id",
                                            "mi.info_type_id",
                                            "mi.info",
                                            "mi.note"
                                        ],
                                        "Index Cond": "(mi.movie_id = ci.movie_id)",
                                        "Rows Removed by Index Recheck": 0,
                                        "Filter": "(mi.info_type_id < 98)",
                                        "Rows Removed by Filter": 2,
                                        "Workers": [
                                            {
                                                "Worker Number": 0,
                                                "Actual Startup Time": 0.007,
                                                "Actual Total Time": 0.023,
                                                "Actual Rows": 23,
                                                "Actual Loops": 97452
                                            },
                                            {
                                                "Worker Number": 1,
                                                "Actual Startup Time": 0.007,
                                                "Actual Total Time": 0.023,
                                                "Actual Rows": 22,
                                                "Actual Loops": 96051
                                            },
                                            {
                                                "Worker Number": 2,
                                                "Actual Startup Time": 0.006,
                                                "Actual Total Time": 0.021,
                                                "Actual Rows": 23,
                                                "Actual Loops": 108648
                                            },
                                            {
                                                "Worker Number": 3,
                                                "Actual Startup Time": 0.006,
                                                "Actual Total Time": 0.021,
                                                "Actual Rows": 23,
                                                "Actual Loops": 104435
                                            },
                                            {
                                                "Worker Number": 4,
                                                "Actual Startup Time": 0.005,
                                                "Actual Total Time": 0.017,
                                                "Actual Rows": 24,
                                                "Actual Loops": 128023
                                            },
                                            {
                                                "Worker Number": 5,
                                                "Actual Startup Time": 0.005,
                                                "Actual Total Time": 0.018,
                                                "Actual Rows": 22,
                                                "Actual Loops": 122304
                                            }
                                        ]
                                    }
                                ]
                            }
                        ]
                    }
                ]
            }
        ]
    },
    "Planning Time": 1.562,
    "Triggers": [],
    "Execution Time": 3411.799
}