[
  {
    "Plan": {
      "Node Type": "Aggregate",
      "Strategy": "Plain",
      "Partial Mode": "Finalize",
      "Parallel Aware": false,
      "Startup Cost": 340806.21,
      "Total Cost": 340806.22,
      "Plan Rows": 1,
      "Plan Width": 8,
      "Actual Startup Time": 799.331,
      "Actual Total Time": 857.171,
      "Actual Rows": 1,
      "Actual Loops": 1,
      "Plans": [
        {
          "Node Type": "Gather",
          "Parent Relationship": "Outer",
          "Parallel Aware": false,
          "Startup Cost": 340805.58,
          "Total Cost": 340806.19,
          "Plan Rows": 6,
          "Plan Width": 8,
          "Actual Startup Time": 799.19,
          "Actual Total Time": 857.16,
          "Actual Rows": 7,
          "Actual Loops": 1,
          "Workers Planned": 6,
          "Workers Launched": 6,
          "Single Copy": false,
          "Plans": [
            {
              "Node Type": "Aggregate",
              "Strategy": "Plain",
              "Partial Mode": "Partial",
              "Parent Relationship": "Outer",
              "Parallel Aware": false,
              "Startup Cost": 339805.58,
              "Total Cost": 339805.59,
              "Plan Rows": 1,
              "Plan Width": 8,
              "Actual Startup Time": 789.577,
              "Actual Total Time": 789.578,
              "Actual Rows": 1,
              "Actual Loops": 7,
              "Plans": [
                {
                  "Node Type": "Seq Scan",
                  "Parent Relationship": "Outer",
                  "Parallel Aware": true,
                  "Relation Name": "cast_info",
                  "Alias": "ci",
                  "Startup Cost": 0.0,
                  "Total Cost": 328162.03,
                  "Plan Rows": 4657422,
                  "Plan Width": 0,
                  "Actual Startup Time": 0.052,
                  "Actual Total Time": 618.527,
                  "Actual Rows": 4007164,
                  "Actual Loops": 7,
                  "Filter": "(person_id < 2862741)",
                  "Rows Removed by Filter": 1170600
                }
              ]
            }
          ]
        }
      ]
    },
    "Planning Time": 0.12,
    "Triggers": [],
    "Execution Time": 857.226
  }
]