[
  {
    "Plan": {
      "Node Type": "Aggregate",
      "Strategy": "Plain",
      "Partial Mode": "Finalize",
      "Parallel Aware": false,
      "Startup Cost": 55790.14,
      "Total Cost": 55790.15,
      "Plan Rows": 1,
      "Plan Width": 8,
      "Actual Startup Time": 99.572,
      "Actual Total Time": 112.288,
      "Actual Rows": 1,
      "Actual Loops": 1,
      "Plans": [
        {
          "Node Type": "Gather",
          "Parent Relationship": "Outer",
          "Parallel Aware": false,
          "Startup Cost": 55789.72,
          "Total Cost": 55790.13,
          "Plan Rows": 4,
          "Plan Width": 8,
          "Actual Startup Time": 99.399,
          "Actual Total Time": 112.281,
          "Actual Rows": 5,
          "Actual Loops": 1,
          "Workers Planned": 4,
          "Workers Launched": 4,
          "Single Copy": false,
          "Plans": [
            {
              "Node Type": "Aggregate",
              "Strategy": "Plain",
              "Partial Mode": "Partial",
              "Parent Relationship": "Outer",
              "Parallel Aware": false,
              "Startup Cost": 54789.72,
              "Total Cost": 54789.73,
              "Plan Rows": 1,
              "Plan Width": 8,
              "Actual Startup Time": 90.311,
              "Actual Total Time": 90.312,
              "Actual Rows": 1,
              "Actual Loops": 5,
              "Plans": [
                {
                  "Node Type": "Nested Loop",
                  "Parent Relationship": "Outer",
                  "Parallel Aware": false,
                  "Join Type": "Inner",
                  "Startup Cost": 0.43,
                  "Total Cost": 54785.12,
                  "Plan Rows": 1838,
                  "Plan Width": 0,
                  "Actual Startup Time": 3.023,
                  "Actual Total Time": 90.144,
                  "Actual Rows": 2924,
                  "Actual Loops": 5,
                  "Inner Unique": false,
                  "Plans": [
                    {
                      "Node Type": "Seq Scan",
                      "Parent Relationship": "Outer",
                      "Parallel Aware": true,
                      "Relation Name": "title",
                      "Alias": "t",
                      "Startup Cost": 0.0,
                      "Total Cost": 45479.59,
                      "Plan Rows": 1028,
                      "Plan Width": 4,
                      "Actual Startup Time": 1.145,
                      "Actual Total Time": 79.078,
                      "Actual Rows": 767,
                      "Actual Loops": 5,
                      "Filter": "((kind_id < 7) AND (production_year = 1959))",
                      "Rows Removed by Filter": 504895
                    },
                    {
                      "Node Type": "Index Only Scan",
                      "Parent Relationship": "Inner",
                      "Parallel Aware": false,
                      "Scan Direction": "Forward",
                      "Index Name": "movie_id_movie_keyword",
                      "Relation Name": "movie_keyword",
                      "Alias": "mk",
                      "Startup Cost": 0.43,
                      "Total Cost": 8.59,
                      "Plan Rows": 46,
                      "Plan Width": 4,
                      "Actual Startup Time": 0.013,
                      "Actual Total Time": 0.014,
                      "Actual Rows": 4,
                      "Actual Loops": 3835,
                      "Index Cond": "(movie_id = t.id)",
                      "Rows Removed by Index Recheck": 0,
                      "Heap Fetches": 14622
                    }
                  ]
                }
              ]
            }
          ]
        }
      ]
    },
    "Planning Time": 0.307,
    "Triggers": [],
    "Execution Time": 112.329
  }
]