{
  "Plan": {
    "Node Type": "Aggregate",
    "Strategy": "Plain",
    "Partial Mode": "Finalize",
    "Parallel Aware": false,
    "Startup Cost": 93069.72,
    "Total Cost": 93069.73,
    "Plan Rows": 1,
    "Plan Width": 8,
    "Actual Startup Time": 252.448,
    "Actual Total Time": 269.65,
    "Actual Rows": 1,
    "Actual Loops": 1,
    "Plans": [
      {
        "Node Type": "Gather",
        "Parent Relationship": "Outer",
        "Parallel Aware": false,
        "Startup Cost": 93069.61,
        "Total Cost": 93069.72,
        "Plan Rows": 1,
        "Plan Width": 8,
        "Actual Startup Time": 252.067,
        "Actual Total Time": 269.642,
        "Actual Rows": 2,
        "Actual Loops": 1,
        "Workers Planned": 1,
        "Workers Launched": 1,
        "Single Copy": false,
        "Plans": [
          {
            "Node Type": "Aggregate",
            "Strategy": "Plain",
            "Partial Mode": "Partial",
            "Parent Relationship": "Outer",
            "Parallel Aware": false,
            "Startup Cost": 92069.61,
            "Total Cost": 92069.62,
            "Plan Rows": 1,
            "Plan Width": 8,
            "Actual Startup Time": 246.069,
            "Actual Total Time": 246.073,
            "Actual Rows": 1,
            "Actual Loops": 2,
            "Plans": [
              {
                "Node Type": "Hash Join",
                "Parent Relationship": "Outer",
                "Parallel Aware": true,
                "Join Type": "Inner",
                "Startup Cost": 63775.39,
                "Total Cost": 92068.57,
                "Plan Rows": 415,
                "Plan Width": 0,
                "Actual Startup Time": 176.125,
                "Actual Total Time": 246.036,
                "Actual Rows": 178,
                "Actual Loops": 2,
                "Inner Unique": true,
                "Hash Cond": "(mk.movie_id = t.id)",
                "Plans": [
                  {
                    "Node Type": "Bitmap Heap Scan",
                    "Parent Relationship": "Outer",
                    "Parallel Aware": true,
                    "Relation Name": "movie_keyword",
                    "Alias": "mk",
                    "Startup Cost": 9156.64,
                    "Total Cost": 36783.52,
                    "Plan Rows": 253830,
                    "Plan Width": 4,
                    "Actual Startup Time": 29.74,
                    "Actual Total Time": 94.36,
                    "Actual Rows": 210170,
                    "Actual Loops": 2,
                    "Recheck Cond": "(keyword_id > 41472)",
                    "Rows Removed by Index Recheck": 0,
                    "Exact Heap Blocks": 12822,
                    "Lossy Heap Blocks": 0,
                    "Plans": [
                      {
                        "Node Type": "Bitmap Index Scan",
                        "Parent Relationship": "Outer",
                        "Parallel Aware": false,
                        "Index Name": "keyword_id_movie_keyword",
                        "Startup Cost": 0.0,
                        "Total Cost": 9048.77,
                        "Plan Rows": 431511,
                        "Plan Width": 0,
                        "Actual Startup Time": 26.355,
                        "Actual Total Time": 26.356,
                        "Actual Rows": 420340,
                        "Actual Loops": 1,
                        "Index Cond": "(keyword_id > 41472)"
                      }
                    ]
                  },
                  {
                    "Node Type": "Hash",
                    "Parent Relationship": "Inner",
                    "Parallel Aware": true,
                    "Startup Cost": 54588.39,
                    "Total Cost": 54588.39,
                    "Plan Rows": 2429,
                    "Plan Width": 4,
                    "Actual Startup Time": 131.397,
                    "Actual Total Time": 131.398,
                    "Actual Rows": 1890,
                    "Actual Loops": 2,
                    "Hash Buckets": 8192,
                    "Original Hash Buckets": 8192,
                    "Hash Batches": 1,
                    "Original Hash Batches": 1,
                    "Peak Memory Usage": 256,
                    "Plans": [
                      {
                        "Node Type": "Seq Scan",
                        "Parent Relationship": "Outer",
                        "Parallel Aware": true,
                        "Relation Name": "title",
                        "Alias": "t",
                        "Startup Cost": 0.0,
                        "Total Cost": 54588.39,
                        "Plan Rows": 2429,
                        "Plan Width": 4,
                        "Actual Startup Time": 89.847,
                        "Actual Total Time": 130.701,
                        "Actual Rows": 1890,
                        "Actual Loops": 2,
                        "Filter": "(production_year = 1918)",
                        "Rows Removed by Filter": 1262266
                      }
                    ]
                  }
                ]
              }
            ]
          }
        ]
      }
    ]
  },
  "Planning Time": 0.679,
  "Triggers": [],
  "Execution Time": 269.744
}