[
  {
    "Plan": {
      "Node Type": "Aggregate",
      "Strategy": "Plain",
      "Partial Mode": "Finalize",
      "Parallel Aware": false,
      "Startup Cost": 45243.23,
      "Total Cost": 45243.24,
      "Plan Rows": 1,
      "Plan Width": 8,
      "Actual Startup Time": 124.355,
      "Actual Total Time": 137.53,
      "Actual Rows": 1,
      "Actual Loops": 1,
      "Plans": [
        {
          "Node Type": "Gather",
          "Parent Relationship": "Outer",
          "Parallel Aware": false,
          "Startup Cost": 45242.91,
          "Total Cost": 45243.22,
          "Plan Rows": 3,
          "Plan Width": 8,
          "Actual Startup Time": 124.237,
          "Actual Total Time": 137.521,
          "Actual Rows": 4,
          "Actual Loops": 1,
          "Workers Planned": 3,
          "Workers Launched": 3,
          "Single Copy": false,
          "Plans": [
            {
              "Node Type": "Aggregate",
              "Strategy": "Plain",
              "Partial Mode": "Partial",
              "Parent Relationship": "Outer",
              "Parallel Aware": false,
              "Startup Cost": 44242.91,
              "Total Cost": 44242.92,
              "Plan Rows": 1,
              "Plan Width": 8,
              "Actual Startup Time": 120.751,
              "Actual Total Time": 120.752,
              "Actual Rows": 1,
              "Actual Loops": 4,
              "Plans": [
                {
                  "Node Type": "Seq Scan",
                  "Parent Relationship": "Outer",
                  "Parallel Aware": true,
                  "Relation Name": "movie_keyword",
                  "Alias": "mk",
                  "Startup Cost": 0.0,
                  "Total Cost": 42695.65,
                  "Plan Rows": 618904,
                  "Plan Width": 0,
                  "Actual Startup Time": 0.772,
                  "Actual Total Time": 100.211,
                  "Actual Rows": 476412,
                  "Actual Loops": 4,
                  "Filter": "(keyword_id > 7087)",
                  "Rows Removed by Filter": 654570
                }
              ]
            }
          ]
        }
      ]
    },
    "Planning Time": 0.125,
    "Triggers": [],
    "Execution Time": 137.567
  }
]