[
  {
    "Plan": {
      "Node Type": "Aggregate",
      "Strategy": "Plain",
      "Partial Mode": "Finalize",
      "Parallel Aware": false,
      "Startup Cost": 120182.26,
      "Total Cost": 120182.27,
      "Plan Rows": 1,
      "Plan Width": 8,
      "Actual Startup Time": 194.157,
      "Actual Total Time": 211.703,
      "Actual Rows": 1,
      "Actual Loops": 1,
      "Plans": [
        {
          "Node Type": "Gather",
          "Parent Relationship": "Outer",
          "Parallel Aware": false,
          "Startup Cost": 120181.74,
          "Total Cost": 120182.25,
          "Plan Rows": 5,
          "Plan Width": 8,
          "Actual Startup Time": 194.001,
          "Actual Total Time": 211.69,
          "Actual Rows": 6,
          "Actual Loops": 1,
          "Workers Planned": 5,
          "Workers Launched": 5,
          "Single Copy": false,
          "Plans": [
            {
              "Node Type": "Aggregate",
              "Strategy": "Plain",
              "Partial Mode": "Partial",
              "Parent Relationship": "Outer",
              "Parallel Aware": false,
              "Startup Cost": 119181.74,
              "Total Cost": 119181.75,
              "Plan Rows": 1,
              "Plan Width": 8,
              "Actual Startup Time": 187.227,
              "Actual Total Time": 187.229,
              "Actual Rows": 1,
              "Actual Loops": 6,
              "Plans": [
                {
                  "Node Type": "Index Scan",
                  "Parent Relationship": "Outer",
                  "Parallel Aware": true,
                  "Scan Direction": "Forward",
                  "Index Name": "role_id_cast_info",
                  "Relation Name": "cast_info",
                  "Alias": "ci",
                  "Startup Cost": 0.56,
                  "Total Cost": 118067.1,
                  "Plan Rows": 445853,
                  "Plan Width": 0,
                  "Actual Startup Time": 0.148,
                  "Actual Total Time": 179.4,
                  "Actual Rows": 121827,
                  "Actual Loops": 6,
                  "Index Cond": "(role_id = 10)",
                  "Rows Removed by Index Recheck": 0,
                  "Filter": "(person_id < 1880639)",
                  "Rows Removed by Filter": 598676
                }
              ]
            }
          ]
        }
      ]
    },
    "Planning Time": 0.201,
    "Triggers": [],
    "Execution Time": 211.766
  }
]