{
  "Plan": {
    "Node Type": "Aggregate",
    "Strategy": "Plain",
    "Partial Mode": "Finalize",
    "Parallel Aware": false,
    "Startup Cost": 111248.65,
    "Total Cost": 111248.66,
    "Plan Rows": 1,
    "Plan Width": 8,
    "Actual Startup Time": 744.489,
    "Actual Total Time": 760.355,
    "Actual Rows": 1,
    "Actual Loops": 1,
    "Plans": [
      {
        "Node Type": "Gather",
        "Parent Relationship": "Outer",
        "Parallel Aware": false,
        "Startup Cost": 111248.54,
        "Total Cost": 111248.65,
        "Plan Rows": 1,
        "Plan Width": 8,
        "Actual Startup Time": 741.913,
        "Actual Total Time": 760.345,
        "Actual Rows": 2,
        "Actual Loops": 1,
        "Workers Planned": 1,
        "Workers Launched": 1,
        "Single Copy": false,
        "Plans": [
          {
            "Node Type": "Aggregate",
            "Strategy": "Plain",
            "Partial Mode": "Partial",
            "Parent Relationship": "Outer",
            "Parallel Aware": false,
            "Startup Cost": 110248.54,
            "Total Cost": 110248.55,
            "Plan Rows": 1,
            "Plan Width": 8,
            "Actual Startup Time": 737.017,
            "Actual Total Time": 737.021,
            "Actual Rows": 1,
            "Actual Loops": 2,
            "Plans": [
              {
                "Node Type": "Hash Join",
                "Parent Relationship": "Outer",
                "Parallel Aware": true,
                "Join Type": "Inner",
                "Startup Cost": 45222.67,
                "Total Cost": 108798.96,
                "Plan Rows": 579832,
                "Plan Width": 0,
                "Actual Startup Time": 242.864,
                "Actual Total Time": 716.588,
                "Actual Rows": 498890,
                "Actual Loops": 2,
                "Inner Unique": false,
                "Hash Cond": "(t.id = mc.movie_id)",
                "Plans": [
                  {
                    "Node Type": "Seq Scan",
                    "Parent Relationship": "Outer",
                    "Parallel Aware": true,
                    "Relation Name": "title",
                    "Alias": "t",
                    "Startup Cost": 0.0,
                    "Total Cost": 50870.31,
                    "Plan Rows": 1487231,
                    "Plan Width": 4,
                    "Actual Startup Time": 0.009,
                    "Actual Total Time": 118.345,
                    "Actual Rows": 1264156,
                    "Actual Loops": 2
                  },
                  {
                    "Node Type": "Hash",
                    "Parent Relationship": "Inner",
                    "Parallel Aware": true,
                    "Startup Cost": 37974.77,
                    "Total Cost": 37974.77,
                    "Plan Rows": 579832,
                    "Plan Width": 4,
                    "Actual Startup Time": 233.523,
                    "Actual Total Time": 233.524,
                    "Actual Rows": 498890,
                    "Actual Loops": 2,
                    "Hash Buckets": 1048576,
                    "Original Hash Buckets": 1048576,
                    "Hash Batches": 1,
                    "Original Hash Batches": 1,
                    "Peak Memory Usage": 47232,
                    "Plans": [
                      {
                        "Node Type": "Seq Scan",
                        "Parent Relationship": "Outer",
                        "Parallel Aware": true,
                        "Relation Name": "movie_companies",
                        "Alias": "mc",
                        "Startup Cost": 0.0,
                        "Total Cost": 37974.77,
                        "Plan Rows": 579832,
                        "Plan Width": 4,
                        "Actual Startup Time": 30.34,
                        "Actual Total Time": 131.836,
                        "Actual Rows": 498890,
                        "Actual Loops": 2,
                        "Filter": "(company_id > 16749)",
                        "Rows Removed by Filter": 805674
                      }
                    ]
                  }
                ]
              }
            ]
          }
        ]
      }
    ]
  },
  "Planning Time": 0.666,
  "Triggers": [],
  "Execution Time": 760.422
}