[
  {
    "Plan": {
      "Node Type": "Aggregate",
      "Strategy": "Plain",
      "Partial Mode": "Finalize",
      "Parallel Aware": false,
      "Startup Cost": 239911.91,
      "Total Cost": 239911.92,
      "Plan Rows": 1,
      "Plan Width": 8,
      "Actual Startup Time": 409.109,
      "Actual Total Time": 421.858,
      "Actual Rows": 1,
      "Actual Loops": 1,
      "Plans": [
        {
          "Node Type": "Gather",
          "Parent Relationship": "Outer",
          "Parallel Aware": false,
          "Startup Cost": 239911.38,
          "Total Cost": 239911.89,
          "Plan Rows": 5,
          "Plan Width": 8,
          "Actual Startup Time": 403.332,
          "Actual Total Time": 421.848,
          "Actual Rows": 6,
          "Actual Loops": 1,
          "Workers Planned": 5,
          "Workers Launched": 5,
          "Single Copy": false,
          "Plans": [
            {
              "Node Type": "Aggregate",
              "Strategy": "Plain",
              "Partial Mode": "Partial",
              "Parent Relationship": "Outer",
              "Parallel Aware": false,
              "Startup Cost": 238911.38,
              "Total Cost": 238911.39,
              "Plan Rows": 1,
              "Plan Width": 8,
              "Actual Startup Time": 391.34,
              "Actual Total Time": 391.344,
              "Actual Rows": 1,
              "Actual Loops": 6,
              "Plans": [
                {
                  "Node Type": "Hash Join",
                  "Parent Relationship": "Outer",
                  "Parallel Aware": true,
                  "Join Type": "Inner",
                  "Startup Cost": 72602.99,
                  "Total Cost": 238462.83,
                  "Plan Rows": 179421,
                  "Plan Width": 0,
                  "Actual Startup Time": 265.056,
                  "Actual Total Time": 385.812,
                  "Actual Rows": 97827,
                  "Actual Loops": 6,
                  "Inner Unique": true,
                  "Hash Cond": "(mi.movie_id = t.id)",
                  "Plans": [
                    {
                      "Node Type": "Bitmap Heap Scan",
                      "Parent Relationship": "Outer",
                      "Parallel Aware": true,
                      "Relation Name": "movie_info",
                      "Alias": "mi",
                      "Startup Cost": 23159.21,
                      "Total Cost": 188347.95,
                      "Plan Rows": 255659,
                      "Plan Width": 4,
                      "Actual Startup Time": 62.191,
                      "Actual Total Time": 93.86,
                      "Actual Rows": 216498,
                      "Actual Loops": 6,
                      "Recheck Cond": "(info_type_id = 4)",
                      "Rows Removed by Index Recheck": 0,
                      "Exact Heap Blocks": 1632,
                      "Lossy Heap Blocks": 0,
                      "Plans": [
                        {
                          "Node Type": "Bitmap Index Scan",
                          "Parent Relationship": "Outer",
                          "Parallel Aware": false,
                          "Index Name": "info_type_id_movie_info",
                          "Startup Cost": 0.0,
                          "Total Cost": 22839.64,
                          "Plan Rows": 1278294,
                          "Plan Width": 0,
                          "Actual Startup Time": 60.099,
                          "Actual Total Time": 60.099,
                          "Actual Rows": 1298989,
                          "Actual Loops": 1,
                          "Index Cond": "(info_type_id = 4)"
                        }
                      ]
                    },
                    {
                      "Node Type": "Hash",
                      "Parent Relationship": "Inner",
                      "Parallel Aware": true,
                      "Startup Cost": 43898.92,
                      "Total Cost": 43898.92,
                      "Plan Rows": 443589,
                      "Plan Width": 4,
                      "Actual Startup Time": 198.364,
                      "Actual Total Time": 198.364,
                      "Actual Rows": 295772,
                      "Actual Loops": 6,
                      "Hash Buckets": 2097152,
                      "Original Hash Buckets": 2097152,
                      "Hash Batches": 1,
                      "Original Hash Batches": 1,
                      "Peak Memory Usage": 85920,
                      "Plans": [
                        {
                          "Node Type": "Seq Scan",
                          "Parent Relationship": "Outer",
                          "Parallel Aware": true,
                          "Relation Name": "title",
                          "Alias": "t",
                          "Startup Cost": 0.0,
                          "Total Cost": 43898.92,
                          "Plan Rows": 443589,
                          "Plan Width": 4,
                          "Actual Startup Time": 0.037,
                          "Actual Total Time": 84.3,
                          "Actual Rows": 295772,
                          "Actual Loops": 6,
                          "Filter": "(kind_id > 2)",
                          "Rows Removed by Filter": 125613
                        }
                      ]
                    }
                  ]
                }
              ]
            }
          ]
        }
      ]
    },
    "Planning Time": 0.572,
    "Triggers": [],
    "Execution Time": 421.918
  }
]