[
  {
    "Plan": {
      "Node Type": "Aggregate",
      "Strategy": "Plain",
      "Partial Mode": "Finalize",
      "Parallel Aware": false,
      "Startup Cost": 342945.65,
      "Total Cost": 342945.66,
      "Plan Rows": 1,
      "Plan Width": 8,
      "Actual Startup Time": 1103.565,
      "Actual Total Time": 1155.722,
      "Actual Rows": 1,
      "Actual Loops": 1,
      "Plans": [
        {
          "Node Type": "Gather",
          "Parent Relationship": "Outer",
          "Parallel Aware": false,
          "Startup Cost": 342945.02,
          "Total Cost": 342945.63,
          "Plan Rows": 6,
          "Plan Width": 8,
          "Actual Startup Time": 1103.421,
          "Actual Total Time": 1155.711,
          "Actual Rows": 7,
          "Actual Loops": 1,
          "Workers Planned": 6,
          "Workers Launched": 6,
          "Single Copy": false,
          "Plans": [
            {
              "Node Type": "Aggregate",
              "Strategy": "Plain",
              "Partial Mode": "Partial",
              "Parent Relationship": "Outer",
              "Parallel Aware": false,
              "Startup Cost": 341945.02,
              "Total Cost": 341945.03,
              "Plan Rows": 1,
              "Plan Width": 8,
              "Actual Startup Time": 1095.746,
              "Actual Total Time": 1095.747,
              "Actual Rows": 1,
              "Actual Loops": 7,
              "Plans": [
                {
                  "Node Type": "Seq Scan",
                  "Parent Relationship": "Outer",
                  "Parallel Aware": true,
                  "Relation Name": "cast_info",
                  "Alias": "ci",
                  "Startup Cost": 0.0,
                  "Total Cost": 328211.39,
                  "Plan Rows": 5493452,
                  "Plan Width": 0,
                  "Actual Startup Time": 56.241,
                  "Actual Total Time": 802.762,
                  "Actual Rows": 4691061,
                  "Actual Loops": 7,
                  "Filter": "(person_id > 327550)",
                  "Rows Removed by Filter": 486703
                }
              ]
            }
          ]
        }
      ]
    },
    "Planning Time": 0.082,
    "Triggers": [],
    "Execution Time": 1155.767
  }
]