[
  {
    "Plan": {
      "Node Type": "Aggregate",
      "Strategy": "Plain",
      "Partial Mode": "Finalize",
      "Parallel Aware": false,
      "Startup Cost": 243919.26,
      "Total Cost": 243919.27,
      "Plan Rows": 1,
      "Plan Width": 8,
      "Actual Startup Time": 146.179,
      "Actual Total Time": 165.035,
      "Actual Rows": 1,
      "Actual Loops": 1,
      "Plans": [
        {
          "Node Type": "Gather",
          "Parent Relationship": "Outer",
          "Parallel Aware": false,
          "Startup Cost": 243918.84,
          "Total Cost": 243919.25,
          "Plan Rows": 4,
          "Plan Width": 8,
          "Actual Startup Time": 145.891,
          "Actual Total Time": 165.027,
          "Actual Rows": 5,
          "Actual Loops": 1,
          "Workers Planned": 4,
          "Workers Launched": 4,
          "Single Copy": false,
          "Plans": [
            {
              "Node Type": "Aggregate",
              "Strategy": "Plain",
              "Partial Mode": "Partial",
              "Parent Relationship": "Outer",
              "Parallel Aware": false,
              "Startup Cost": 242918.84,
              "Total Cost": 242918.85,
              "Plan Rows": 1,
              "Plan Width": 8,
              "Actual Startup Time": 135.724,
              "Actual Total Time": 135.726,
              "Actual Rows": 1,
              "Actual Loops": 5,
              "Plans": [
                {
                  "Node Type": "Nested Loop",
                  "Parent Relationship": "Outer",
                  "Parallel Aware": false,
                  "Join Type": "Inner",
                  "Startup Cost": 0.43,
                  "Total Cost": 242846.7,
                  "Plan Rows": 28855,
                  "Plan Width": 0,
                  "Actual Startup Time": 0.421,
                  "Actual Total Time": 135.003,
                  "Actual Rows": 8275,
                  "Actual Loops": 5,
                  "Inner Unique": false,
                  "Plans": [
                    {
                      "Node Type": "Seq Scan",
                      "Parent Relationship": "Outer",
                      "Parallel Aware": true,
                      "Relation Name": "title",
                      "Alias": "t",
                      "Startup Cost": 0.0,
                      "Total Cost": 45479.59,
                      "Plan Rows": 8069,
                      "Plan Width": 4,
                      "Actual Startup Time": 0.07,
                      "Actual Total Time": 75.833,
                      "Actual Rows": 6955,
                      "Actual Loops": 5,
                      "Filter": "((kind_id = 7) AND (production_year = 1999))",
                      "Rows Removed by Filter": 498708
                    },
                    {
                      "Node Type": "Index Scan",
                      "Parent Relationship": "Inner",
                      "Parallel Aware": false,
                      "Scan Direction": "Forward",
                      "Index Name": "movie_id_movie_info",
                      "Relation Name": "movie_info",
                      "Alias": "mi",
                      "Startup Cost": 0.43,
                      "Total Cost": 24.21,
                      "Plan Rows": 25,
                      "Plan Width": 4,
                      "Actual Startup Time": 0.006,
                      "Actual Total Time": 0.008,
                      "Actual Rows": 1,
                      "Actual Loops": 34773,
                      "Index Cond": "(movie_id = t.id)",
                      "Rows Removed by Index Recheck": 0,
                      "Filter": "(info_type_id < 15)",
                      "Rows Removed by Filter": 1
                    }
                  ]
                }
              ]
            }
          ]
        }
      ]
    },
    "Planning Time": 0.719,
    "Triggers": [],
    "Execution Time": 165.107
  }
]