[
  {
    "Plan": {
      "Node Type": "Aggregate",
      "Strategy": "Plain",
      "Partial Mode": "Finalize",
      "Parallel Aware": false,
      "Startup Cost": 343846.89,
      "Total Cost": 343846.9,
      "Plan Rows": 1,
      "Plan Width": 8,
      "Actual Startup Time": 1166.296,
      "Actual Total Time": 1225.907,
      "Actual Rows": 1,
      "Actual Loops": 1,
      "Plans": [
        {
          "Node Type": "Gather",
          "Parent Relationship": "Outer",
          "Parallel Aware": false,
          "Startup Cost": 343846.27,
          "Total Cost": 343846.88,
          "Plan Rows": 6,
          "Plan Width": 8,
          "Actual Startup Time": 1166.05,
          "Actual Total Time": 1225.896,
          "Actual Rows": 7,
          "Actual Loops": 1,
          "Workers Planned": 6,
          "Workers Launched": 6,
          "Single Copy": false,
          "Plans": [
            {
              "Node Type": "Aggregate",
              "Strategy": "Plain",
              "Partial Mode": "Partial",
              "Parent Relationship": "Outer",
              "Parallel Aware": false,
              "Startup Cost": 342846.27,
              "Total Cost": 342846.28,
              "Plan Rows": 1,
              "Plan Width": 8,
              "Actual Startup Time": 1158.525,
              "Actual Total Time": 1158.526,
              "Actual Rows": 1,
              "Actual Loops": 7,
              "Plans": [
                {
                  "Node Type": "Seq Scan",
                  "Parent Relationship": "Outer",
                  "Parallel Aware": true,
                  "Relation Name": "cast_info",
                  "Alias": "ci",
                  "Startup Cost": 0.0,
                  "Total Cost": 328211.39,
                  "Plan Rows": 5853950,
                  "Plan Width": 0,
                  "Actual Startup Time": 0.046,
                  "Actual Total Time": 853.591,
                  "Actual Rows": 5024197,
                  "Actual Loops": 7,
                  "Filter": "(person_id < 3854102)",
                  "Rows Removed by Filter": 153566
                }
              ]
            }
          ]
        }
      ]
    },
    "Planning Time": 0.21,
    "Triggers": [],
    "Execution Time": 1225.983
  }
]