[
    {
        "Bao": {
            "Bao prediction": "NaN",
            "Bao recommended hint": "(no hint)"
        }
    },
    {
        "Plan": {
            "Node Type": "Aggregate",
            "Strategy": "Plain",
            "Partial Mode": "Finalize",
            "Parallel Aware": false,
            "Startup Cost": 32793.37,
            "Total Cost": 32793.38,
            "Plan Rows": 1,
            "Plan Width": 8,
            "Actual Startup Time": 88.878,
            "Actual Total Time": 92.58,
            "Actual Rows": 1,
            "Actual Loops": 1,
            "Output": [
                "count(*)"
            ],
            "Plans": [
                {
                    "Node Type": "Gather",
                    "Parent Relationship": "Outer",
                    "Parallel Aware": false,
                    "Startup Cost": 32793.05,
                    "Total Cost": 32793.36,
                    "Plan Rows": 3,
                    "Plan Width": 8,
                    "Actual Startup Time": 88.791,
                    "Actual Total Time": 92.574,
                    "Actual Rows": 4,
                    "Actual Loops": 1,
                    "Output": [
                        "(PARTIAL count(*))"
                    ],
                    "Workers Planned": 3,
                    "Workers Launched": 3,
                    "Single Copy": false,
                    "Plans": [
                        {
                            "Node Type": "Aggregate",
                            "Strategy": "Plain",
                            "Partial Mode": "Partial",
                            "Parent Relationship": "Outer",
                            "Parallel Aware": false,
                            "Startup Cost": 31793.05,
                            "Total Cost": 31793.06,
                            "Plan Rows": 1,
                            "Plan Width": 8,
                            "Actual Startup Time": 80.855,
                            "Actual Total Time": 80.856,
                            "Actual Rows": 1,
                            "Actual Loops": 4,
                            "Output": [
                                "PARTIAL count(*)"
                            ],
                            "Workers": [
                                {
                                    "Worker Number": 0,
                                    "Actual Startup Time": 78.172,
                                    "Actual Total Time": 78.173,
                                    "Actual Rows": 1,
                                    "Actual Loops": 1
                                },
                                {
                                    "Worker Number": 1,
                                    "Actual Startup Time": 78.361,
                                    "Actual Total Time": 78.363,
                                    "Actual Rows": 1,
                                    "Actual Loops": 1
                                },
                                {
                                    "Worker Number": 2,
                                    "Actual Startup Time": 78.375,
                                    "Actual Total Time": 78.376,
                                    "Actual Rows": 1,
                                    "Actual Loops": 1
                                }
                            ],
                            "Plans": [
                                {
                                    "Node Type": "Seq Scan",
                                    "Parent Relationship": "Outer",
                                    "Parallel Aware": true,
                                    "Relation Name": "movie_companies",
                                    "Schema": "public",
                                    "Alias": "mc",
                                    "Startup Cost": 0.0,
                                    "Total Cost": 31414.82,
                                    "Plan Rows": 151294,
                                    "Plan Width": 0,
                                    "Actual Startup Time": 40.703,
                                    "Actual Total Time": 72.659,
                                    "Actual Rows": 197350,
                                    "Actual Loops": 4,
                                    "Output": [
                                        "id",
                                        "movie_id",
                                        "company_id",
                                        "company_type_id",
                                        "note"
                                    ],
                                    "Filter": "((mc.company_id > 19876) AND (mc.company_type_id = 2))",
                                    "Rows Removed by Filter": 454932,
                                    "Workers": [
                                        {
                                            "Worker Number": 0,
                                            "Actual Startup Time": 38.013,
                                            "Actual Total Time": 70.087,
                                            "Actual Rows": 189387,
                                            "Actual Loops": 1
                                        },
                                        {
                                            "Worker Number": 1,
                                            "Actual Startup Time": 38.218,
                                            "Actual Total Time": 70.353,
                                            "Actual Rows": 188123,
                                            "Actual Loops": 1
                                        },
                                        {
                                            "Worker Number": 2,
                                            "Actual Startup Time": 38.225,
                                            "Actual Total Time": 70.362,
                                            "Actual Rows": 187300,
                                            "Actual Loops": 1
                                        }
                                    ]
                                }
                            ]
                        }
                    ]
                }
            ]
        },
        "Planning Time": 186.701,
        "Triggers": [],
        "Execution Time": 92.629
    }
]