{
  "Plan": {
    "Node Type": "Aggregate",
    "Strategy": "Plain",
    "Partial Mode": "Finalize",
    "Parallel Aware": false,
    "Startup Cost": 392696.84,
    "Total Cost": 392696.85,
    "Plan Rows": 1,
    "Plan Width": 8,
    "Actual Startup Time": 3413.755,
    "Actual Total Time": 3468.962,
    "Actual Rows": 1,
    "Actual Loops": 1,
    "Plans": [
      {
        "Node Type": "Gather",
        "Parent Relationship": "Outer",
        "Parallel Aware": false,
        "Startup Cost": 392696.73,
        "Total Cost": 392696.84,
        "Plan Rows": 1,
        "Plan Width": 8,
        "Actual Startup Time": 3410.762,
        "Actual Total Time": 3468.954,
        "Actual Rows": 2,
        "Actual Loops": 1,
        "Workers Planned": 1,
        "Workers Launched": 1,
        "Single Copy": false,
        "Plans": [
          {
            "Node Type": "Aggregate",
            "Strategy": "Plain",
            "Partial Mode": "Partial",
            "Parent Relationship": "Outer",
            "Parallel Aware": false,
            "Startup Cost": 391696.73,
            "Total Cost": 391696.74,
            "Plan Rows": 1,
            "Plan Width": 8,
            "Actual Startup Time": 3404.238,
            "Actual Total Time": 3404.244,
            "Actual Rows": 1,
            "Actual Loops": 2,
            "Plans": [
              {
                "Node Type": "Hash Join",
                "Parent Relationship": "Outer",
                "Parallel Aware": true,
                "Join Type": "Inner",
                "Startup Cost": 103315.74,
                "Total Cost": 389664.41,
                "Plan Rows": 812928,
                "Plan Width": 0,
                "Actual Startup Time": 590.437,
                "Actual Total Time": 2994.409,
                "Actual Rows": 10175266,
                "Actual Loops": 2,
                "Inner Unique": false,
                "Hash Cond": "(mi.movie_id = t.id)",
                "Plans": [
                  {
                    "Node Type": "Seq Scan",
                    "Parent Relationship": "Outer",
                    "Parallel Aware": true,
                    "Relation Name": "movie_info",
                    "Alias": "mi",
                    "Startup Cost": 0.0,
                    "Total Cost": 248955.74,
                    "Plan Rows": 8696274,
                    "Plan Width": 4,
                    "Actual Startup Time": 0.018,
                    "Actual Total Time": 618.371,
                    "Actual Rows": 7417860,
                    "Actual Loops": 2
                  },
                  {
                    "Node Type": "Hash",
                    "Parent Relationship": "Inner",
                    "Parallel Aware": true,
                    "Startup Cost": 101577.91,
                    "Total Cost": 101577.91,
                    "Plan Rows": 139026,
                    "Plan Width": 8,
                    "Actual Startup Time": 585.179,
                    "Actual Total Time": 585.182,
                    "Actual Rows": 340770,
                    "Actual Loops": 2,
                    "Hash Buckets": 1048576,
                    "Original Hash Buckets": 262144,
                    "Hash Batches": 1,
                    "Original Hash Batches": 1,
                    "Peak Memory Usage": 41024,
                    "Plans": [
                      {
                        "Node Type": "Hash Join",
                        "Parent Relationship": "Outer",
                        "Parallel Aware": true,
                        "Join Type": "Inner",
                        "Startup Cost": 60476.04,
                        "Total Cost": 101577.91,
                        "Plan Rows": 139026,
                        "Plan Width": 8,
                        "Actual Startup Time": 197.997,
                        "Actual Total Time": 500.81,
                        "Actual Rows": 340770,
                        "Actual Loops": 2,
                        "Inner Unique": true,
                        "Hash Cond": "(mc.movie_id = t.id)",
                        "Plans": [
                          {
                            "Node Type": "Seq Scan",
                            "Parent Relationship": "Outer",
                            "Parallel Aware": true,
                            "Relation Name": "movie_companies",
                            "Alias": "mc",
                            "Startup Cost": 0.0,
                            "Total Cost": 37974.77,
                            "Plan Rows": 1191275,
                            "Plan Width": 4,
                            "Actual Startup Time": 0.015,
                            "Actual Total Time": 127.89,
                            "Actual Rows": 1005688,
                            "Actual Loops": 2,
                            "Filter": "(company_id < 68473)",
                            "Rows Removed by Filter": 298877
                          },
                          {
                            "Node Type": "Hash",
                            "Parent Relationship": "Inner",
                            "Parallel Aware": true,
                            "Startup Cost": 58306.47,
                            "Total Cost": 58306.47,
                            "Plan Rows": 173566,
                            "Plan Width": 4,
                            "Actual Startup Time": 193.534,
                            "Actual Total Time": 193.534,
                            "Actual Rows": 205845,
                            "Actual Loops": 2,
                            "Hash Buckets": 524288,
                            "Original Hash Buckets": 524288,
                            "Hash Batches": 1,
                            "Original Hash Batches": 1,
                            "Peak Memory Usage": 20224,
                            "Plans": [
                              {
                                "Node Type": "Seq Scan",
                                "Parent Relationship": "Outer",
                                "Parallel Aware": true,
                                "Relation Name": "title",
                                "Alias": "t",
                                "Startup Cost": 0.0,
                                "Total Cost": 58306.47,
                                "Plan Rows": 173566,
                                "Plan Width": 4,
                                "Actual Startup Time": 0.042,
                                "Actual Total Time": 148.128,
                                "Actual Rows": 205845,
                                "Actual Loops": 2,
                                "Filter": "((kind_id < 7) AND (production_year < 1993))",
                                "Rows Removed by Filter": 1058311
                              }
                            ]
                          }
                        ]
                      }
                    ]
                  }
                ]
              }
            ]
          }
        ]
      }
    ]
  },
  "Planning Time": 1.03,
  "Triggers": [],
  "Execution Time": 3469.054
}