{
  "Plan": {
    "Node Type": "Aggregate",
    "Strategy": "Plain",
    "Partial Mode": "Finalize",
    "Parallel Aware": false,
    "Startup Cost": 98031.85,
    "Total Cost": 98031.86,
    "Plan Rows": 1,
    "Plan Width": 8,
    "Actual Startup Time": 365.695,
    "Actual Total Time": 381.202,
    "Actual Rows": 1,
    "Actual Loops": 1,
    "Plans": [
      {
        "Node Type": "Gather",
        "Parent Relationship": "Outer",
        "Parallel Aware": false,
        "Startup Cost": 98031.73,
        "Total Cost": 98031.84,
        "Plan Rows": 1,
        "Plan Width": 8,
        "Actual Startup Time": 365.207,
        "Actual Total Time": 381.195,
        "Actual Rows": 2,
        "Actual Loops": 1,
        "Workers Planned": 1,
        "Workers Launched": 1,
        "Single Copy": false,
        "Plans": [
          {
            "Node Type": "Aggregate",
            "Strategy": "Plain",
            "Partial Mode": "Partial",
            "Parent Relationship": "Outer",
            "Parallel Aware": false,
            "Startup Cost": 97031.73,
            "Total Cost": 97031.74,
            "Plan Rows": 1,
            "Plan Width": 8,
            "Actual Startup Time": 362.052,
            "Actual Total Time": 362.055,
            "Actual Rows": 1,
            "Actual Loops": 2,
            "Plans": [
              {
                "Node Type": "Hash Join",
                "Parent Relationship": "Outer",
                "Parallel Aware": true,
                "Join Type": "Inner",
                "Startup Cost": 58769.53,
                "Total Cost": 96936.16,
                "Plan Rows": 38229,
                "Plan Width": 0,
                "Actual Startup Time": 146.638,
                "Actual Total Time": 360.99,
                "Actual Rows": 22528,
                "Actual Loops": 2,
                "Inner Unique": true,
                "Hash Cond": "(mc.movie_id = t.id)",
                "Plans": [
                  {
                    "Node Type": "Seq Scan",
                    "Parent Relationship": "Outer",
                    "Parallel Aware": true,
                    "Relation Name": "movie_companies",
                    "Alias": "mc",
                    "Startup Cost": 0.0,
                    "Total Cost": 34137.82,
                    "Plan Rows": 1534782,
                    "Plan Width": 4,
                    "Actual Startup Time": 0.012,
                    "Actual Total Time": 94.041,
                    "Actual Rows": 1304564,
                    "Actual Loops": 2
                  },
                  {
                    "Node Type": "Hash",
                    "Parent Relationship": "Inner",
                    "Parallel Aware": true,
                    "Startup Cost": 58306.47,
                    "Total Cost": 58306.47,
                    "Plan Rows": 37045,
                    "Plan Width": 4,
                    "Actual Startup Time": 145.86,
                    "Actual Total Time": 145.861,
                    "Actual Rows": 35772,
                    "Actual Loops": 2,
                    "Hash Buckets": 131072,
                    "Original Hash Buckets": 65536,
                    "Hash Batches": 1,
                    "Original Hash Batches": 1,
                    "Peak Memory Usage": 4384,
                    "Plans": [
                      {
                        "Node Type": "Seq Scan",
                        "Parent Relationship": "Outer",
                        "Parallel Aware": true,
                        "Relation Name": "title",
                        "Alias": "t",
                        "Startup Cost": 0.0,
                        "Total Cost": 58306.47,
                        "Plan Rows": 37045,
                        "Plan Width": 4,
                        "Actual Startup Time": 0.023,
                        "Actual Total Time": 133.9,
                        "Actual Rows": 35772,
                        "Actual Loops": 2,
                        "Filter": "((kind_id > 1) AND (production_year = 2004))",
                        "Rows Removed by Filter": 1228384
                      }
                    ]
                  }
                ]
              }
            ]
          }
        ]
      }
    ]
  },
  "Planning Time": 0.292,
  "Triggers": [],
  "Execution Time": 381.25
}