[
  {
    "Plan": {
      "Node Type": "Aggregate",
      "Strategy": "Plain",
      "Partial Mode": "Finalize",
      "Parallel Aware": false,
      "Startup Cost": 246814.56,
      "Total Cost": 246814.57,
      "Plan Rows": 1,
      "Plan Width": 8,
      "Actual Startup Time": 804.783,
      "Actual Total Time": 847.384,
      "Actual Rows": 1,
      "Actual Loops": 1,
      "Plans": [
        {
          "Node Type": "Gather",
          "Parent Relationship": "Outer",
          "Parallel Aware": false,
          "Startup Cost": 246814.03,
          "Total Cost": 246814.54,
          "Plan Rows": 5,
          "Plan Width": 8,
          "Actual Startup Time": 801.386,
          "Actual Total Time": 847.375,
          "Actual Rows": 6,
          "Actual Loops": 1,
          "Workers Planned": 5,
          "Workers Launched": 5,
          "Single Copy": false,
          "Plans": [
            {
              "Node Type": "Aggregate",
              "Strategy": "Plain",
              "Partial Mode": "Partial",
              "Parent Relationship": "Outer",
              "Parallel Aware": false,
              "Startup Cost": 245814.03,
              "Total Cost": 245814.04,
              "Plan Rows": 1,
              "Plan Width": 8,
              "Actual Startup Time": 791.407,
              "Actual Total Time": 791.41,
              "Actual Rows": 1,
              "Actual Loops": 6,
              "Plans": [
                {
                  "Node Type": "Hash Join",
                  "Parent Relationship": "Outer",
                  "Parallel Aware": true,
                  "Join Type": "Inner",
                  "Startup Cost": 46002.55,
                  "Total Cost": 245324.31,
                  "Plan Rows": 195888,
                  "Plan Width": 0,
                  "Actual Startup Time": 107.315,
                  "Actual Total Time": 767.691,
                  "Actual Rows": 526008,
                  "Actual Loops": 6,
                  "Inner Unique": true,
                  "Hash Cond": "(mi.movie_id = t.id)",
                  "Plans": [
                    {
                      "Node Type": "Seq Scan",
                      "Parent Relationship": "Outer",
                      "Parallel Aware": true,
                      "Relation Name": "movie_info",
                      "Alias": "mi",
                      "Startup Cost": 0.0,
                      "Total Cost": 191560.33,
                      "Plan Rows": 2956733,
                      "Plan Width": 4,
                      "Actual Startup Time": 0.027,
                      "Actual Total Time": 294.977,
                      "Actual Rows": 2472620,
                      "Actual Loops": 6
                    },
                    {
                      "Node Type": "Hash",
                      "Parent Relationship": "Inner",
                      "Parallel Aware": true,
                      "Startup Cost": 45479.1,
                      "Total Cost": 45479.1,
                      "Plan Rows": 41876,
                      "Plan Width": 4,
                      "Actual Startup Time": 104.595,
                      "Actual Total Time": 104.596,
                      "Actual Rows": 45972,
                      "Actual Loops": 6,
                      "Hash Buckets": 524288,
                      "Original Hash Buckets": 262144,
                      "Hash Batches": 1,
                      "Original Hash Batches": 1,
                      "Peak Memory Usage": 16992,
                      "Plans": [
                        {
                          "Node Type": "Seq Scan",
                          "Parent Relationship": "Outer",
                          "Parallel Aware": true,
                          "Relation Name": "title",
                          "Alias": "t",
                          "Startup Cost": 0.0,
                          "Total Cost": 45479.1,
                          "Plan Rows": 41876,
                          "Plan Width": 4,
                          "Actual Startup Time": 0.083,
                          "Actual Total Time": 80.071,
                          "Actual Rows": 45972,
                          "Actual Loops": 6,
                          "Filter": "((kind_id < 7) AND (production_year < 1975))",
                          "Rows Removed by Filter": 375414
                        }
                      ]
                    }
                  ]
                }
              ]
            }
          ]
        }
      ]
    },
    "Planning Time": 0.51,
    "Triggers": [],
    "Execution Time": 847.454
  }
]