[
  {
    "Plan": {
      "Node Type": "Aggregate",
      "Strategy": "Plain",
      "Partial Mode": "Finalize",
      "Parallel Aware": false,
      "Startup Cost": 205388.43,
      "Total Cost": 205388.44,
      "Plan Rows": 1,
      "Plan Width": 8,
      "Actual Startup Time": 390.375,
      "Actual Total Time": 414.247,
      "Actual Rows": 1,
      "Actual Loops": 1,
      "Plans": [
        {
          "Node Type": "Gather",
          "Parent Relationship": "Outer",
          "Parallel Aware": false,
          "Startup Cost": 205387.81,
          "Total Cost": 205388.42,
          "Plan Rows": 6,
          "Plan Width": 8,
          "Actual Startup Time": 390.17,
          "Actual Total Time": 414.236,
          "Actual Rows": 7,
          "Actual Loops": 1,
          "Workers Planned": 6,
          "Workers Launched": 6,
          "Single Copy": false,
          "Plans": [
            {
              "Node Type": "Aggregate",
              "Strategy": "Plain",
              "Partial Mode": "Partial",
              "Parent Relationship": "Outer",
              "Parallel Aware": false,
              "Startup Cost": 204387.81,
              "Total Cost": 204387.82,
              "Plan Rows": 1,
              "Plan Width": 8,
              "Actual Startup Time": 379.124,
              "Actual Total Time": 379.126,
              "Actual Rows": 1,
              "Actual Loops": 7,
              "Plans": [
                {
                  "Node Type": "Index Scan",
                  "Parent Relationship": "Outer",
                  "Parallel Aware": true,
                  "Scan Direction": "Forward",
                  "Index Name": "role_id_cast_info",
                  "Relation Name": "cast_info",
                  "Alias": "ci",
                  "Startup Cost": 0.56,
                  "Total Cost": 201884.69,
                  "Plan Rows": 1001247,
                  "Plan Width": 0,
                  "Actual Startup Time": 0.213,
                  "Actual Total Time": 311.571,
                  "Actual Rows": 1064568,
                  "Actual Loops": 7,
                  "Index Cond": "(role_id = 2)",
                  "Rows Removed by Index Recheck": 0,
                  "Filter": "(person_id < 2949098)",
                  "Rows Removed by Filter": 0
                }
              ]
            }
          ]
        }
      ]
    },
    "Planning Time": 0.241,
    "Triggers": [],
    "Execution Time": 414.319
  }
]