[
  {
    "Plan": {
      "Node Type": "Aggregate",
      "Strategy": "Plain",
      "Partial Mode": "Finalize",
      "Parallel Aware": false,
      "Startup Cost": 56244.23,
      "Total Cost": 56244.24,
      "Plan Rows": 1,
      "Plan Width": 8,
      "Actual Startup Time": 103.155,
      "Actual Total Time": 116.411,
      "Actual Rows": 1,
      "Actual Loops": 1,
      "Plans": [
        {
          "Node Type": "Gather",
          "Parent Relationship": "Outer",
          "Parallel Aware": false,
          "Startup Cost": 56243.81,
          "Total Cost": 56244.22,
          "Plan Rows": 4,
          "Plan Width": 8,
          "Actual Startup Time": 102.854,
          "Actual Total Time": 116.404,
          "Actual Rows": 5,
          "Actual Loops": 1,
          "Workers Planned": 4,
          "Workers Launched": 4,
          "Single Copy": false,
          "Plans": [
            {
              "Node Type": "Aggregate",
              "Strategy": "Plain",
              "Partial Mode": "Partial",
              "Parent Relationship": "Outer",
              "Parallel Aware": false,
              "Startup Cost": 55243.81,
              "Total Cost": 55243.82,
              "Plan Rows": 1,
              "Plan Width": 8,
              "Actual Startup Time": 92.9,
              "Actual Total Time": 92.902,
              "Actual Rows": 1,
              "Actual Loops": 5,
              "Plans": [
                {
                  "Node Type": "Nested Loop",
                  "Parent Relationship": "Outer",
                  "Parallel Aware": false,
                  "Join Type": "Inner",
                  "Startup Cost": 0.43,
                  "Total Cost": 55240.82,
                  "Plan Rows": 1196,
                  "Plan Width": 0,
                  "Actual Startup Time": 4.036,
                  "Actual Total Time": 92.746,
                  "Actual Rows": 2475,
                  "Actual Loops": 5,
                  "Inner Unique": false,
                  "Plans": [
                    {
                      "Node Type": "Seq Scan",
                      "Parent Relationship": "Outer",
                      "Parallel Aware": true,
                      "Relation Name": "title",
                      "Alias": "t",
                      "Startup Cost": 0.0,
                      "Total Cost": 45479.1,
                      "Plan Rows": 1093,
                      "Plan Width": 4,
                      "Actual Startup Time": 1.4,
                      "Actual Total Time": 80.327,
                      "Actual Rows": 922,
                      "Actual Loops": 5,
                      "Filter": "((kind_id < 3) AND (production_year = 1967))",
                      "Rows Removed by Filter": 504740
                    },
                    {
                      "Node Type": "Index Scan",
                      "Parent Relationship": "Inner",
                      "Parallel Aware": false,
                      "Scan Direction": "Forward",
                      "Index Name": "movie_id_movie_keyword",
                      "Relation Name": "movie_keyword",
                      "Alias": "mk",
                      "Startup Cost": 0.43,
                      "Total Cost": 8.65,
                      "Plan Rows": 28,
                      "Plan Width": 4,
                      "Actual Startup Time": 0.012,
                      "Actual Total Time": 0.013,
                      "Actual Rows": 3,
                      "Actual Loops": 4611,
                      "Index Cond": "(movie_id = t.id)",
                      "Rows Removed by Index Recheck": 0,
                      "Filter": "(keyword_id < 7877)",
                      "Rows Removed by Filter": 2
                    }
                  ]
                }
              ]
            }
          ]
        }
      ]
    },
    "Planning Time": 0.541,
    "Triggers": [],
    "Execution Time": 116.473
  }
]