[
  {
    "Plan": {
      "Node Type": "Aggregate",
      "Strategy": "Plain",
      "Partial Mode": "Finalize",
      "Parallel Aware": false,
      "Startup Cost": 27786.81,
      "Total Cost": 27786.82,
      "Plan Rows": 1,
      "Plan Width": 8,
      "Actual Startup Time": 34.969,
      "Actual Total Time": 39.396,
      "Actual Rows": 1,
      "Actual Loops": 1,
      "Plans": [
        {
          "Node Type": "Gather",
          "Parent Relationship": "Outer",
          "Parallel Aware": false,
          "Startup Cost": 27786.59,
          "Total Cost": 27786.8,
          "Plan Rows": 2,
          "Plan Width": 8,
          "Actual Startup Time": 34.871,
          "Actual Total Time": 39.391,
          "Actual Rows": 3,
          "Actual Loops": 1,
          "Workers Planned": 2,
          "Workers Launched": 2,
          "Single Copy": false,
          "Plans": [
            {
              "Node Type": "Aggregate",
              "Strategy": "Plain",
              "Partial Mode": "Partial",
              "Parent Relationship": "Outer",
              "Parallel Aware": false,
              "Startup Cost": 26786.59,
              "Total Cost": 26786.6,
              "Plan Rows": 1,
              "Plan Width": 8,
              "Actual Startup Time": 29.896,
              "Actual Total Time": 29.897,
              "Actual Rows": 1,
              "Actual Loops": 3,
              "Plans": [
                {
                  "Node Type": "Nested Loop",
                  "Parent Relationship": "Outer",
                  "Parallel Aware": false,
                  "Join Type": "Inner",
                  "Startup Cost": 106.36,
                  "Total Cost": 26783.87,
                  "Plan Rows": 1088,
                  "Plan Width": 0,
                  "Actual Startup Time": 1.879,
                  "Actual Total Time": 29.783,
                  "Actual Rows": 865,
                  "Actual Loops": 3,
                  "Inner Unique": false,
                  "Plans": [
                    {
                      "Node Type": "Nested Loop",
                      "Parent Relationship": "Outer",
                      "Parallel Aware": false,
                      "Join Type": "Inner",
                      "Startup Cost": 105.93,
                      "Total Cost": 25722.75,
                      "Plan Rows": 1993,
                      "Plan Width": 8,
                      "Actual Startup Time": 1.437,
                      "Actual Total Time": 20.737,
                      "Actual Rows": 1610,
                      "Actual Loops": 3,
                      "Inner Unique": true,
                      "Plans": [
                        {
                          "Node Type": "Bitmap Heap Scan",
                          "Parent Relationship": "Outer",
                          "Parallel Aware": true,
                          "Relation Name": "movie_companies",
                          "Alias": "mc",
                          "Startup Cost": 105.5,
                          "Total Cost": 11053.63,
                          "Plan Rows": 1993,
                          "Plan Width": 4,
                          "Actual Startup Time": 1.307,
                          "Actual Total Time": 6.433,
                          "Actual Rows": 1610,
                          "Actual Loops": 3,
                          "Recheck Cond": "(company_id = 11149)",
                          "Rows Removed by Index Recheck": 0,
                          "Exact Heap Blocks": 1877,
                          "Lossy Heap Blocks": 0,
                          "Plans": [
                            {
                              "Node Type": "Bitmap Index Scan",
                              "Parent Relationship": "Outer",
                              "Parallel Aware": false,
                              "Index Name": "company_id_movie_companies",
                              "Startup Cost": 0.0,
                              "Total Cost": 104.3,
                              "Plan Rows": 4783,
                              "Plan Width": 0,
                              "Actual Startup Time": 2.983,
                              "Actual Total Time": 2.984,
                              "Actual Rows": 4831,
                              "Actual Loops": 1,
                              "Index Cond": "(company_id = 11149)"
                            }
                          ]
                        },
                        {
                          "Node Type": "Index Only Scan",
                          "Parent Relationship": "Inner",
                          "Parallel Aware": false,
                          "Scan Direction": "Forward",
                          "Index Name": "title_pkey",
                          "Relation Name": "title",
                          "Alias": "t",
                          "Startup Cost": 0.43,
                          "Total Cost": 7.36,
                          "Plan Rows": 1,
                          "Plan Width": 4,
                          "Actual Startup Time": 0.008,
                          "Actual Total Time": 0.008,
                          "Actual Rows": 1,
                          "Actual Loops": 4831,
                          "Index Cond": "(id = mc.movie_id)",
                          "Rows Removed by Index Recheck": 0,
                          "Heap Fetches": 4831
                        }
                      ]
                    },
                    {
                      "Node Type": "Index Only Scan",
                      "Parent Relationship": "Inner",
                      "Parallel Aware": false,
                      "Scan Direction": "Forward",
                      "Index Name": "movie_id_movie_info_idx",
                      "Relation Name": "movie_info_idx",
                      "Alias": "mi_idx",
                      "Startup Cost": 0.43,
                      "Total Cost": 0.5,
                      "Plan Rows": 3,
                      "Plan Width": 4,
                      "Actual Startup Time": 0.005,
                      "Actual Total Time": 0.005,
                      "Actual Rows": 1,
                      "Actual Loops": 4831,
                      "Index Cond": "(movie_id = t.id)",
                      "Rows Removed by Index Recheck": 0,
                      "Heap Fetches": 2595
                    }
                  ]
                }
              ]
            }
          ]
        }
      ]
    },
    "Planning Time": 0.844,
    "Triggers": [],
    "Execution Time": 39.458
  }
]