{
    "Plan": {
        "Node Type": "Aggregate",
        "Strategy": "Plain",
        "Partial Mode": "Simple",
        "Parallel Aware": false,
        "Startup Cost": 50000717378.99,
        "Total Cost": 50000717379.0,
        "Plan Rows": 1,
        "Plan Width": 128,
        "Actual Startup Time": 3848.952,
        "Actual Total Time": 3848.976,
        "Actual Rows": 1,
        "Actual Loops": 1,
        "Output": [
            "min(chn.name)",
            "min(mi_idx.info)",
            "min(n.name)",
            "min(t.title)"
        ],
        "Plans": [
            {
                "Node Type": "Nested Loop",
                "Parent Relationship": "Outer",
                "Parallel Aware": false,
                "Join Type": "Inner",
                "Startup Cost": 50000716742.93,
                "Total Cost": 50000717378.98,
                "Plan Rows": 1,
                "Plan Width": 53,
                "Actual Startup Time": 3758.875,
                "Actual Total Time": 3847.661,
                "Actual Rows": 3534,
                "Actual Loops": 1,
                "Output": [
                    "chn.name",
                    "mi_idx.info",
                    "n.name",
                    "t.title"
                ],
                "Inner Unique": true,
                "Plans": [
                    {
                        "Node Type": "Nested Loop",
                        "Parent Relationship": "Outer",
                        "Parallel Aware": false,
                        "Join Type": "Inner",
                        "Startup Cost": 40000716742.79,
                        "Total Cost": 40000717370.82,
                        "Plan Rows": 1,
                        "Plan Width": 57,
                        "Actual Startup Time": 3758.85,
                        "Actual Total Time": 3831.734,
                        "Actual Rows": 3534,
                        "Actual Loops": 1,
                        "Output": [
                            "cc.status_id",
                            "chn.name",
                            "mi_idx.info",
                            "n.name",
                            "t.title"
                        ],
                        "Inner Unique": true,
                        "Plans": [
                            {
                                "Node Type": "Merge Join",
                                "Parent Relationship": "Outer",
                                "Parallel Aware": false,
                                "Join Type": "Inner",
                                "Startup Cost": 40000716742.36,
                                "Total Cost": 40000717370.36,
                                "Plan Rows": 1,
                                "Plan Width": 46,
                                "Actual Startup Time": 3758.796,
                                "Actual Total Time": 3805.353,
                                "Actual Rows": 3534,
                                "Actual Loops": 1,
                                "Output": [
                                    "cc.status_id",
                                    "ci.person_id",
                                    "chn.name",
                                    "mi_idx.info",
                                    "t.title"
                                ],
                                "Inner Unique": false,
                                "Merge Cond": "(chn.id = ci.person_role_id)",
                                "Plans": [
                                    {
                                        "Node Type": "Sort",
                                        "Parent Relationship": "Outer",
                                        "Parallel Aware": false,
                                        "Startup Cost": 10000094188.4,
                                        "Total Cost": 10000094502.39,
                                        "Plan Rows": 125596,
                                        "Plan Width": 20,
                                        "Actual Startup Time": 1040.917,
                                        "Actual Total Time": 1059.845,
                                        "Actual Rows": 180135,
                                        "Actual Loops": 1,
                                        "Output": [
                                            "chn.name",
                                            "chn.id"
                                        ],
                                        "Sort Key": [
                                            "chn.id"
                                        ],
                                        "Sort Method": "quicksort",
                                        "Sort Space Used": 19675,
                                        "Sort Space Type": "Memory",
                                        "Plans": [
                                            {
                                                "Node Type": "Seq Scan",
                                                "Parent Relationship": "Outer",
                                                "Parallel Aware": false,
                                                "Relation Name": "char_name",
                                                "Schema": "public",
                                                "Alias": "chn",
                                                "Startup Cost": 10000000000.0,
                                                "Total Cost": 10000083551.41,
                                                "Plan Rows": 125596,
                                                "Plan Width": 20,
                                                "Actual Startup Time": 0.027,
                                                "Actual Total Time": 961.524,
                                                "Actual Rows": 180152,
                                                "Actual Loops": 1,
                                                "Output": [
                                                    "chn.name",
                                                    "chn.id"
                                                ],
                                                "Filter": "((chn.name IS NOT NULL) AND ((chn.name ~~ '%man%'::text) OR (chn.name ~~ '%Man%'::text)))",
                                                "Rows Removed by Filter": 2960187
                                            }
                                        ]
                                    },
                                    {
                                        "Node Type": "Sort",
                                        "Parent Relationship": "Inner",
                                        "Parallel Aware": false,
                                        "Startup Cost": 30000622553.96,
                                        "Total Cost": 30000622553.97,
                                        "Plan Rows": 1,
                                        "Plan Width": 34,
                                        "Actual Startup Time": 2717.713,
                                        "Actual Total Time": 2725.444,
                                        "Actual Rows": 49301,
                                        "Actual Loops": 1,
                                        "Output": [
                                            "cc.status_id",
                                            "ci.person_role_id",
                                            "ci.person_id",
                                            "mi_idx.info",
                                            "t.title"
                                        ],
                                        "Sort Key": [
                                            "ci.person_role_id"
                                        ],
                                        "Sort Method": "quicksort",
                                        "Sort Space Used": 13384,
                                        "Sort Space Type": "Memory",
                                        "Plans": [
                                            {
                                                "Node Type": "Merge Join",
                                                "Parent Relationship": "Outer",
                                                "Parallel Aware": false,
                                                "Join Type": "Inner",
                                                "Startup Cost": 30000622541.86,
                                                "Total Cost": 30000622553.95,
                                                "Plan Rows": 1,
                                                "Plan Width": 34,
                                                "Actual Startup Time": 2674.273,
                                                "Actual Total Time": 2693.159,
                                                "Actual Rows": 126238,
                                                "Actual Loops": 1,
                                                "Output": [
                                                    "cc.status_id",
                                                    "ci.person_role_id",
                                                    "ci.person_id",
                                                    "mi_idx.info",
                                                    "t.title"
                                                ],
                                                "Inner Unique": false,
                                                "Merge Cond": "(cct1.id = cc.subject_id)",
                                                "Plans": [
                                                    {
                                                        "Node Type": "Index Scan",
                                                        "Parent Relationship": "Outer",
                                                        "Parallel Aware": false,
                                                        "Scan Direction": "Forward",
                                                        "Index Name": "comp_cast_type_pkey",
                                                        "Relation Name": "comp_cast_type",
                                                        "Schema": "public",
                                                        "Alias": "cct1",
                                                        "Startup Cost": 0.13,
                                                        "Total Cost": 12.2,
                                                        "Plan Rows": 1,
                                                        "Plan Width": 4,
                                                        "Actual Startup Time": 0.033,
                                                        "Actual Total Time": 0.044,
                                                        "Actual Rows": 1,
                                                        "Actual Loops": 1,
                                                        "Output": [
                                                            "cct1.id",
                                                            "cct1.kind"
                                                        ],
                                                        "Filter": "((cct1.kind)::text = 'cast'::text)",
                                                        "Rows Removed by Filter": 3
                                                    },
                                                    {
                                                        "Node Type": "Sort",
                                                        "Parent Relationship": "Inner",
                                                        "Parallel Aware": false,
                                                        "Startup Cost": 30000622541.73,
                                                        "Total Cost": 30000622541.74,
                                                        "Plan Rows": 1,
                                                        "Plan Width": 38,
                                                        "Actual Startup Time": 2674.234,
                                                        "Actual Total Time": 2678.896,
                                                        "Actual Rows": 126239,
                                                        "Actual Loops": 1,
                                                        "Output": [
                                                            "cc.subject_id",
                                                            "cc.status_id",
                                                            "ci.person_role_id",
                                                            "ci.person_id",
                                                            "mi_idx.info",
                                                            "t.title"
                                                        ],
                                                        "Sort Key": [
                                                            "cc.subject_id"
                                                        ],
                                                        "Sort Method": "quicksort",
                                                        "Sort Space Used": 19275,
                                                        "Sort Space Type": "Memory",
                                                        "Plans": [
                                                            {
                                                                "Node Type": "Nested Loop",
                                                                "Parent Relationship": "Outer",
                                                                "Parallel Aware": false,
                                                                "Join Type": "Inner",
                                                                "Startup Cost": 30000615550.38,
                                                                "Total Cost": 30000622541.72,
                                                                "Plan Rows": 1,
                                                                "Plan Width": 38,
                                                                "Actual Startup Time": 2378.683,
                                                                "Actual Total Time": 2641.06,
                                                                "Actual Rows": 158577,
                                                                "Actual Loops": 1,
                                                                "Output": [
                                                                    "cc.subject_id",
                                                                    "cc.status_id",
                                                                    "ci.person_role_id",
                                                                    "ci.person_id",
                                                                    "mi_idx.info",
                                                                    "t.title"
                                                                ],
                                                                "Inner Unique": false,
                                                                "Join Filter": "(t.id = ci.movie_id)",
                                                                "Rows Removed by Join Filter": 0,
                                                                "Plans": [
                                                                    {
                                                                        "Node Type": "Merge Join",
                                                                        "Parent Relationship": "Outer",
                                                                        "Parallel Aware": false,
                                                                        "Join Type": "Inner",
                                                                        "Startup Cost": 20000615549.41,
                                                                        "Total Cost": 20000622535.8,
                                                                        "Plan Rows": 1,
                                                                        "Plan Width": 46,
                                                                        "Actual Startup Time": 2378.601,
                                                                        "Actual Total Time": 2399.999,
                                                                        "Actual Rows": 940,
                                                                        "Actual Loops": 1,
                                                                        "Output": [
                                                                            "cc.movie_id",
                                                                            "cc.subject_id",
                                                                            "cc.status_id",
                                                                            "mi_idx.info",
                                                                            "mi_idx.movie_id",
                                                                            "mk.movie_id",
                                                                            "t.title",
                                                                            "t.id"
                                                                        ],
                                                                        "Inner Unique": false,
                                                                        "Merge Cond": "(cc.movie_id = t.id)",
                                                                        "Plans": [
                                                                            {
                                                                                "Node Type": "Index Scan",
                                                                                "Parent Relationship": "Outer",
                                                                                "Parallel Aware": false,
                                                                                "Scan Direction": "Forward",
                                                                                "Index Name": "movie_id_complete_cast",
                                                                                "Relation Name": "complete_cast",
                                                                                "Schema": "public",
                                                                                "Alias": "cc",
                                                                                "Startup Cost": 0.42,
                                                                                "Total Cost": 6651.09,
                                                                                "Plan Rows": 135086,
                                                                                "Plan Width": 12,
                                                                                "Actual Startup Time": 0.025,
                                                                                "Actual Total Time": 30.935,
                                                                                "Actual Rows": 132405,
                                                                                "Actual Loops": 1,
                                                                                "Output": [
                                                                                    "cc.id",
                                                                                    "cc.movie_id",
                                                                                    "cc.subject_id",
                                                                                    "cc.status_id"
                                                                                ]
                                                                            },
                                                                            {
                                                                                "Node Type": "Sort",
                                                                                "Parent Relationship": "Inner",
                                                                                "Parallel Aware": false,
                                                                                "Startup Cost": 20000615548.99,
                                                                                "Total Cost": 20000615549.0,
                                                                                "Plan Rows": 1,
                                                                                "Plan Width": 34,
                                                                                "Actual Startup Time": 2360.036,
                                                                                "Actual Total Time": 2360.506,
                                                                                "Actual Rows": 2078,
                                                                                "Actual Loops": 1,
                                                                                "Output": [
                                                                                    "mi_idx.info",
                                                                                    "mi_idx.movie_id",
                                                                                    "mk.movie_id",
                                                                                    "t.title",
                                                                                    "t.id"
                                                                                ],
                                                                                "Sort Key": [
                                                                                    "mi_idx.movie_id"
                                                                                ],
                                                                                "Sort Method": "quicksort",
                                                                                "Sort Space Used": 203,
                                                                                "Sort Space Type": "Memory",
                                                                                "Plans": [
                                                                                    {
                                                                                        "Node Type": "Merge Join",
                                                                                        "Parent Relationship": "Outer",
                                                                                        "Parallel Aware": false,
                                                                                        "Join Type": "Inner",
                                                                                        "Startup Cost": 20000615542.72,
                                                                                        "Total Cost": 20000615548.98,
                                                                                        "Plan Rows": 1,
                                                                                        "Plan Width": 34,
                                                                                        "Actual Startup Time": 2338.866,
                                                                                        "Actual Total Time": 2359.573,
                                                                                        "Actual Rows": 1899,
                                                                                        "Actual Loops": 1,
                                                                                        "Output": [
                                                                                            "mi_idx.info",
                                                                                            "mi_idx.movie_id",
                                                                                            "mk.movie_id",
                                                                                            "t.title",
                                                                                            "t.id"
                                                                                        ],
                                                                                        "Inner Unique": false,
                                                                                        "Merge Cond": "(k.id = mk.keyword_id)",
                                                                                        "Plans": [
                                                                                            {
                                                                                                "Node Type": "Sort",
                                                                                                "Parent Relationship": "Outer",
                                                                                                "Parallel Aware": false,
                                                                                                "Startup Cost": 3967.99,
                                                                                                "Total Cost": 3968.02,
                                                                                                "Plan Rows": 10,
                                                                                                "Plan Width": 4,
                                                                                                "Actual Startup Time": 39.06,
                                                                                                "Actual Total Time": 39.065,
                                                                                                "Actual Rows": 9,
                                                                                                "Actual Loops": 1,
                                                                                                "Output": [
                                                                                                    "k.id"
                                                                                                ],
                                                                                                "Sort Key": [
                                                                                                    "k.id"
                                                                                                ],
                                                                                                "Sort Method": "quicksort",
                                                                                                "Sort Space Used": 25,
                                                                                                "Sort Space Type": "Memory",
                                                                                                "Plans": [
                                                                                                    {
                                                                                                        "Node Type": "Seq Scan",
                                                                                                        "Parent Relationship": "Outer",
                                                                                                        "Parallel Aware": false,
                                                                                                        "Relation Name": "keyword",
                                                                                                        "Schema": "public",
                                                                                                        "Alias": "k",
                                                                                                        "Startup Cost": 0.0,
                                                                                                        "Total Cost": 3967.82,
                                                                                                        "Plan Rows": 10,
                                                                                                        "Plan Width": 4,
                                                                                                        "Actual Startup Time": 0.076,
                                                                                                        "Actual Total Time": 39.053,
                                                                                                        "Actual Rows": 9,
                                                                                                        "Actual Loops": 1,
                                                                                                        "Output": [
                                                                                                            "k.id"
                                                                                                        ],
                                                                                                        "Filter": "(k.keyword = ANY ('{tv-special,martial-arts,blood,fight,based-on-comic,violence,murder-in-title,marvel-comics,gore,hospital}'::text[]))",
                                                                                                        "Rows Removed by Filter": 134161
                                                                                                    }
                                                                                                ]
                                                                                            },
                                                                                            {
                                                                                                "Node Type": "Sort",
                                                                                                "Parent Relationship": "Inner",
                                                                                                "Parallel Aware": false,
                                                                                                "Startup Cost": 20000611574.72,
                                                                                                "Total Cost": 20000611577.83,
                                                                                                "Plan Rows": 1241,
                                                                                                "Plan Width": 38,
                                                                                                "Actual Startup Time": 2295.317,
                                                                                                "Actual Total Time": 2309.861,
                                                                                                "Actual Rows": 119590,
                                                                                                "Actual Loops": 1,
                                                                                                "Output": [
                                                                                                    "mi_idx.info",
                                                                                                    "mi_idx.movie_id",
                                                                                                    "mk.movie_id",
                                                                                                    "mk.keyword_id",
                                                                                                    "t.title",
                                                                                                    "t.id"
                                                                                                ],
                                                                                                "Sort Key": [
                                                                                                    "mk.keyword_id"
                                                                                                ],
                                                                                                "Sort Method": "quicksort",
                                                                                                "Sort Space Used": 23046,
                                                                                                "Sort Space Type": "Memory",
                                                                                                "Plans": [
                                                                                                    {
                                                                                                        "Node Type": "Merge Join",
                                                                                                        "Parent Relationship": "Outer",
                                                                                                        "Parallel Aware": false,
                                                                                                        "Join Type": "Inner",
                                                                                                        "Startup Cost": 20000611373.25,
                                                                                                        "Total Cost": 20000611510.95,
                                                                                                        "Plan Rows": 1241,
                                                                                                        "Plan Width": 38,
                                                                                                        "Actual Startup Time": 2196.61,
                                                                                                        "Actual Total Time": 2243.701,
                                                                                                        "Actual Rows": 199813,
                                                                                                        "Actual Loops": 1,
                                                                                                        "Output": [
                                                                                                            "mi_idx.info",
                                                                                                            "mi_idx.movie_id",
                                                                                                            "mk.movie_id",
                                                                                                            "mk.keyword_id",
                                                                                                            "t.title",
                                                                                                            "t.id"
                                                                                                        ],
                                                                                                        "Inner Unique": false,
                                                                                                        "Merge Cond": "(mi_idx.info_type_id = it2.id)",
                                                                                                        "Plans": [
                                                                                                            {
                                                                                                                "Node Type": "Sort",
                                                                                                                "Parent Relationship": "Outer",
                                                                                                                "Parallel Aware": false,
                                                                                                                "Startup Cost": 20000611370.22,
                                                                                                                "Total Cost": 20000611437.88,
                                                                                                                "Plan Rows": 27063,
                                                                                                                "Plan Width": 42,
                                                                                                                "Actual Startup Time": 2184.04,
                                                                                                                "Actual Total Time": 2195.835,
                                                                                                                "Actual Rows": 332848,
                                                                                                                "Actual Loops": 1,
                                                                                                                "Output": [
                                                                                                                    "t.title",
                                                                                                                    "t.id",
                                                                                                                    "mi_idx.info",
                                                                                                                    "mi_idx.movie_id",
                                                                                                                    "mi_idx.info_type_id",
                                                                                                                    "mk.movie_id",
                                                                                                                    "mk.keyword_id"
                                                                                                                ],
                                                                                                                "Sort Key": [
                                                                                                                    "mi_idx.info_type_id"
                                                                                                                ],
                                                                                                                "Sort Method": "quicksort",
                                                                                                                "Sort Space Used": 41785,
                                                                                                                "Sort Space Type": "Memory",
                                                                                                                "Plans": [
                                                                                                                    {
                                                                                                                        "Node Type": "Hash Join",
                                                                                                                        "Parent Relationship": "Outer",
                                                                                                                        "Parallel Aware": false,
                                                                                                                        "Join Type": "Inner",
                                                                                                                        "Startup Cost": 20000583194.17,
                                                                                                                        "Total Cost": 20000609377.84,
                                                                                                                        "Plan Rows": 27063,
                                                                                                                        "Plan Width": 42,
                                                                                                                        "Actual Startup Time": 1978.736,
                                                                                                                        "Actual Total Time": 2118.623,
                                                                                                                        "Actual Rows": 333559,
                                                                                                                        "Actual Loops": 1,
                                                                                                                        "Output": [
                                                                                                                            "t.title",
                                                                                                                            "t.id",
                                                                                                                            "mi_idx.info",
                                                                                                                            "mi_idx.movie_id",
                                                                                                                            "mi_idx.info_type_id",
                                                                                                                            "mk.movie_id",
                                                                                                                            "mk.keyword_id"
                                                                                                                        ],
                                                                                                                        "Inner Unique": false,
                                                                                                                        "Hash Cond": "(mi_idx.movie_id = t.id)",
                                                                                                                        "Plans": [
                                                                                                                            {
                                                                                                                                "Node Type": "Seq Scan",
                                                                                                                                "Parent Relationship": "Outer",
                                                                                                                                "Parallel Aware": false,
                                                                                                                                "Relation Name": "movie_info_idx",
                                                                                                                                "Schema": "public",
                                                                                                                                "Alias": "mi_idx",
                                                                                                                                "Startup Cost": 10000000000.0,
                                                                                                                                "Total Cost": 10000025185.44,
                                                                                                                                "Plan Rows": 194028,
                                                                                                                                "Plan Width": 13,
                                                                                                                                "Actual Startup Time": 0.024,
                                                                                                                                "Actual Total Time": 138.29,
                                                                                                                                "Actual Rows": 192839,
                                                                                                                                "Actual Loops": 1,
                                                                                                                                "Output": [
                                                                                                                                    "mi_idx.id",
                                                                                                                                    "mi_idx.movie_id",
                                                                                                                                    "mi_idx.info_type_id",
                                                                                                                                    "mi_idx.info",
                                                                                                                                    "mi_idx.note"
                                                                                                                                ],
                                                                                                                                "Filter": "(mi_idx.info > '7.0'::text)",
                                                                                                                                "Rows Removed by Filter": 1187196
                                                                                                                            },
                                                                                                                            {
                                                                                                                                "Node Type": "Hash",
                                                                                                                                "Parent Relationship": "Inner",
                                                                                                                                "Parallel Aware": false,
                                                                                                                                "Startup Cost": 10000578786.12,
                                                                                                                                "Total Cost": 10000578786.12,
                                                                                                                                "Plan Rows": 352644,
                                                                                                                                "Plan Width": 29,
                                                                                                                                "Actual Startup Time": 1902.222,
                                                                                                                                "Actual Total Time": 1902.227,
                                                                                                                                "Actual Rows": 1053171,
                                                                                                                                "Actual Loops": 1,
                                                                                                                                "Output": [
                                                                                                                                    "t.title",
                                                                                                                                    "t.id",
                                                                                                                                    "mk.movie_id",
                                                                                                                                    "mk.keyword_id"
                                                                                                                                ],
                                                                                                                                "Hash Buckets": 2097152,
                                                                                                                                "Original Hash Buckets": 524288,
                                                                                                                                "Hash Batches": 1,
                                                                                                                                "Original Hash Batches": 1,
                                                                                                                                "Peak Memory Usage": 80301,
                                                                                                                                "Plans": [
                                                                                                                                    {
                                                                                                                                        "Node Type": "Nested Loop",
                                                                                                                                        "Parent Relationship": "Outer",
                                                                                                                                        "Parallel Aware": false,
                                                                                                                                        "Join Type": "Inner",
                                                                                                                                        "Startup Cost": 10000208293.04,
                                                                                                                                        "Total Cost": 10000578786.12,
                                                                                                                                        "Plan Rows": 352644,
                                                                                                                                        "Plan Width": 29,
                                                                                                                                        "Actual Startup Time": 853.832,
                                                                                                                                        "Actual Total Time": 1723.281,
                                                                                                                                        "Actual Rows": 1053171,
                                                                                                                                        "Actual Loops": 1,
                                                                                                                                        "Output": [
                                                                                                                                            "t.title",
                                                                                                                                            "t.id",
                                                                                                                                            "mk.movie_id",
                                                                                                                                            "mk.keyword_id"
                                                                                                                                        ],
                                                                                                                                        "Inner Unique": false,
                                                                                                                                        "Plans": [
                                                                                                                                            {
                                                                                                                                                "Node Type": "Merge Join",
                                                                                                                                                "Parent Relationship": "Outer",
                                                                                                                                                "Parallel Aware": false,
                                                                                                                                                "Join Type": "Inner",
                                                                                                                                                "Startup Cost": 10000208292.61,
                                                                                                                                                "Total Cost": 10000218146.85,
                                                                                                                                                "Plan Rows": 197085,
                                                                                                                                                "Plan Width": 21,
                                                                                                                                                "Actual Startup Time": 853.766,
                                                                                                                                                "Actual Total Time": 946.049,
                                                                                                                                                "Actual Rows": 274015,
                                                                                                                                                "Actual Loops": 1,
                                                                                                                                                "Output": [
                                                                                                                                                    "t.title",
                                                                                                                                                    "t.id"
                                                                                                                                                ],
                                                                                                                                                "Inner Unique": false,
                                                                                                                                                "Merge Cond": "(t.kind_id = kt.id)",
                                                                                                                                                "Plans": [
                                                                                                                                                    {
                                                                                                                                                        "Node Type": "Sort",
                                                                                                                                                        "Parent Relationship": "Outer",
                                                                                                                                                        "Parallel Aware": false,
                                                                                                                                                        "Startup Cost": 208291.51,
                                                                                                                                                        "Total Cost": 211740.49,
                                                                                                                                                        "Plan Rows": 1379592,
                                                                                                                                                        "Plan Width": 25,
                                                                                                                                                        "Actual Startup Time": 853.708,
                                                                                                                                                        "Actual Total Time": 886.091,
                                                                                                                                                        "Actual Rows": 274016,
                                                                                                                                                        "Actual Loops": 1,
                                                                                                                                                        "Output": [
                                                                                                                                                            "t.title",
                                                                                                                                                            "t.kind_id",
                                                                                                                                                            "t.id"
                                                                                                                                                        ],
                                                                                                                                                        "Sort Key": [
                                                                                                                                                            "t.kind_id"
                                                                                                                                                        ],
                                                                                                                                                        "Sort Method": "quicksort",
                                                                                                                                                        "Sort Space Used": 153732,
                                                                                                                                                        "Sort Space Type": "Memory",
                                                                                                                                                        "Plans": [
                                                                                                                                                            {
                                                                                                                                                                "Node Type": "Seq Scan",
                                                                                                                                                                "Parent Relationship": "Outer",
                                                                                                                                                                "Parallel Aware": false,
                                                                                                                                                                "Relation Name": "title",
                                                                                                                                                                "Schema": "public",
                                                                                                                                                                "Alias": "t",
                                                                                                                                                                "Startup Cost": 0.0,
                                                                                                                                                                "Total Cost": 67602.02,
                                                                                                                                                                "Plan Rows": 1379592,
                                                                                                                                                                "Plan Width": 25,
                                                                                                                                                                "Actual Startup Time": 0.022,
                                                                                                                                                                "Actual Total Time": 512.354,
                                                                                                                                                                "Actual Rows": 1381453,
                                                                                                                                                                "Actual Loops": 1,
                                                                                                                                                                "Output": [
                                                                                                                                                                    "t.title",
                                                                                                                                                                    "t.kind_id",
                                                                                                                                                                    "t.id"
                                                                                                                                                                ],
                                                                                                                                                                "Filter": "(t.production_year > 2000)",
                                                                                                                                                                "Rows Removed by Filter": 1146859
                                                                                                                                                            }
                                                                                                                                                        ]
                                                                                                                                                    },
                                                                                                                                                    {
                                                                                                                                                        "Node Type": "Materialize",
                                                                                                                                                        "Parent Relationship": "Inner",
                                                                                                                                                        "Parallel Aware": false,
                                                                                                                                                        "Startup Cost": 10000000001.1,
                                                                                                                                                        "Total Cost": 10000000001.1,
                                                                                                                                                        "Plan Rows": 1,
                                                                                                                                                        "Plan Width": 4,
                                                                                                                                                        "Actual Startup Time": 0.051,
                                                                                                                                                        "Actual Total Time": 8.389,
                                                                                                                                                        "Actual Rows": 1,
                                                                                                                                                        "Actual Loops": 1,
                                                                                                                                                        "Output": [
                                                                                                                                                            "kt.id"
                                                                                                                                                        ],
                                                                                                                                                        "Plans": [
                                                                                                                                                            {
                                                                                                                                                                "Node Type": "Sort",
                                                                                                                                                                "Parent Relationship": "Outer",
                                                                                                                                                                "Parallel Aware": false,
                                                                                                                                                                "Startup Cost": 10000000001.1,
                                                                                                                                                                "Total Cost": 10000000001.1,
                                                                                                                                                                "Plan Rows": 1,
                                                                                                                                                                "Plan Width": 4,
                                                                                                                                                                "Actual Startup Time": 0.046,
                                                                                                                                                                "Actual Total Time": 0.047,
                                                                                                                                                                "Actual Rows": 1,
                                                                                                                                                                "Actual Loops": 1,
                                                                                                                                                                "Output": [
                                                                                                                                                                    "kt.id"
                                                                                                                                                                ],
                                                                                                                                                                "Sort Key": [
                                                                                                                                                                    "kt.id"
                                                                                                                                                                ],
                                                                                                                                                                "Sort Method": "quicksort",
                                                                                                                                                                "Sort Space Used": 25,
                                                                                                                                                                "Sort Space Type": "Memory",
                                                                                                                                                                "Plans": [
                                                                                                                                                                    {
                                                                                                                                                                        "Node Type": "Seq Scan",
                                                                                                                                                                        "Parent Relationship": "Outer",
                                                                                                                                                                        "Parallel Aware": false,
                                                                                                                                                                        "Relation Name": "kind_type",
                                                                                                                                                                        "Schema": "public",
                                                                                                                                                                        "Alias": "kt",
                                                                                                                                                                        "Startup Cost": 10000000000.0,
                                                                                                                                                                        "Total Cost": 10000000001.09,
                                                                                                                                                                        "Plan Rows": 1,
                                                                                                                                                                        "Plan Width": 4,
                                                                                                                                                                        "Actual Startup Time": 0.036,
                                                                                                                                                                        "Actual Total Time": 0.037,
                                                                                                                                                                        "Actual Rows": 1,
                                                                                                                                                                        "Actual Loops": 1,
                                                                                                                                                                        "Output": [
                                                                                                                                                                            "kt.id"
                                                                                                                                                                        ],
                                                                                                                                                                        "Filter": "((kt.kind)::text = 'movie'::text)",
                                                                                                                                                                        "Rows Removed by Filter": 6
                                                                                                                                                                    }
                                                                                                                                                                ]
                                                                                                                                                            }
                                                                                                                                                        ]
                                                                                                                                                    }
                                                                                                                                                ]
                                                                                                                                            },
                                                                                                                                            {
                                                                                                                                                "Node Type": "Index Scan",
                                                                                                                                                "Parent Relationship": "Inner",
                                                                                                                                                "Parallel Aware": false,
                                                                                                                                                "Scan Direction": "Forward",
                                                                                                                                                "Index Name": "movie_id_movie_keyword",
                                                                                                                                                "Relation Name": "movie_keyword",
                                                                                                                                                "Schema": "public",
                                                                                                                                                "Alias": "mk",
                                                                                                                                                "Startup Cost": 0.43,
                                                                                                                                                "Total Cost": 1.37,
                                                                                                                                                "Plan Rows": 46,
                                                                                                                                                "Plan Width": 8,
                                                                                                                                                "Actual Startup Time": 0.002,
                                                                                                                                                "Actual Total Time": 0.002,
                                                                                                                                                "Actual Rows": 4,
                                                                                                                                                "Actual Loops": 274015,
                                                                                                                                                "Output": [
                                                                                                                                                    "mk.id",
                                                                                                                                                    "mk.movie_id",
                                                                                                                                                    "mk.keyword_id"
                                                                                                                                                ],
                                                                                                                                                "Index Cond": "(mk.movie_id = t.id)",
                                                                                                                                                "Rows Removed by Index Recheck": 0
                                                                                                                                            }
                                                                                                                                        ]
                                                                                                                                    }
                                                                                                                                ]
                                                                                                                            }
                                                                                                                        ]
                                                                                                                    }
                                                                                                                ]
                                                                                                            },
                                                                                                            {
                                                                                                                "Node Type": "Sort",
                                                                                                                "Parent Relationship": "Inner",
                                                                                                                "Parallel Aware": false,
                                                                                                                "Startup Cost": 2.42,
                                                                                                                "Total Cost": 2.43,
                                                                                                                "Plan Rows": 1,
                                                                                                                "Plan Width": 4,
                                                                                                                "Actual Startup Time": 0.034,
                                                                                                                "Actual Total Time": 6.896,
                                                                                                                "Actual Rows": 1,
                                                                                                                "Actual Loops": 1,
                                                                                                                "Output": [
                                                                                                                    "it2.id"
                                                                                                                ],
                                                                                                                "Sort Key": [
                                                                                                                    "it2.id"
                                                                                                                ],
                                                                                                                "Sort Method": "quicksort",
                                                                                                                "Sort Space Used": 25,
                                                                                                                "Sort Space Type": "Memory",
                                                                                                                "Plans": [
                                                                                                                    {
                                                                                                                        "Node Type": "Seq Scan",
                                                                                                                        "Parent Relationship": "Outer",
                                                                                                                        "Parallel Aware": false,
                                                                                                                        "Relation Name": "info_type",
                                                                                                                        "Schema": "public",
                                                                                                                        "Alias": "it2",
                                                                                                                        "Startup Cost": 0.0,
                                                                                                                        "Total Cost": 2.41,
                                                                                                                        "Plan Rows": 1,
                                                                                                                        "Plan Width": 4,
                                                                                                                        "Actual Startup Time": 0.022,
                                                                                                                        "Actual Total Time": 0.023,
                                                                                                                        "Actual Rows": 1,
                                                                                                                        "Actual Loops": 1,
                                                                                                                        "Output": [
                                                                                                                            "it2.id"
                                                                                                                        ],
                                                                                                                        "Filter": "((it2.info)::text = 'rating'::text)",
                                                                                                                        "Rows Removed by Filter": 112
                                                                                                                    }
                                                                                                                ]
                                                                                                            }
                                                                                                        ]
                                                                                                    }
                                                                                                ]
                                                                                            }
                                                                                        ]
                                                                                    }
                                                                                ]
                                                                            }
                                                                        ]
                                                                    },
                                                                    {
                                                                        "Node Type": "Bitmap Heap Scan",
                                                                        "Parent Relationship": "Inner",
                                                                        "Parallel Aware": false,
                                                                        "Relation Name": "cast_info",
                                                                        "Schema": "public",
                                                                        "Alias": "ci",
                                                                        "Startup Cost": 0.97,
                                                                        "Total Cost": 5.45,
                                                                        "Plan Rows": 38,
                                                                        "Plan Width": 12,
                                                                        "Actual Startup Time": 0.024,
                                                                        "Actual Total Time": 0.233,
                                                                        "Actual Rows": 169,
                                                                        "Actual Loops": 940,
                                                                        "Output": [
                                                                            "ci.id",
                                                                            "ci.person_id",
                                                                            "ci.movie_id",
                                                                            "ci.person_role_id",
                                                                            "ci.note",
                                                                            "ci.nr_order",
                                                                            "ci.role_id"
                                                                        ],
                                                                        "Recheck Cond": "(ci.movie_id = mk.movie_id)",
                                                                        "Rows Removed by Index Recheck": 0,
                                                                        "Exact Heap Blocks": 153836,
                                                                        "Lossy Heap Blocks": 0,
                                                                        "Plans": [
                                                                            {
                                                                                "Node Type": "Bitmap Index Scan",
                                                                                "Parent Relationship": "Outer",
                                                                                "Parallel Aware": false,
                                                                                "Index Name": "movie_id_cast_info",
                                                                                "Startup Cost": 0.0,
                                                                                "Total Cost": 0.97,
                                                                                "Plan Rows": 38,
                                                                                "Plan Width": 0,
                                                                                "Actual Startup Time": 0.014,
                                                                                "Actual Total Time": 0.014,
                                                                                "Actual Rows": 169,
                                                                                "Actual Loops": 940,
                                                                                "Index Cond": "(ci.movie_id = mk.movie_id)"
                                                                            }
                                                                        ]
                                                                    }
                                                                ]
                                                            }
                                                        ]
                                                    }
                                                ]
                                            }
                                        ]
                                    }
                                ]
                            },
                            {
                                "Node Type": "Index Scan",
                                "Parent Relationship": "Inner",
                                "Parallel Aware": false,
                                "Scan Direction": "Forward",
                                "Index Name": "name_pkey",
                                "Relation Name": "name",
                                "Schema": "public",
                                "Alias": "n",
                                "Startup Cost": 0.43,
                                "Total Cost": 0.46,
                                "Plan Rows": 1,
                                "Plan Width": 19,
                                "Actual Startup Time": 0.007,
                                "Actual Total Time": 0.007,
                                "Actual Rows": 1,
                                "Actual Loops": 3534,
                                "Output": [
                                    "n.id",
                                    "n.name",
                                    "n.imdb_index",
                                    "n.imdb_id",
                                    "n.gender",
                                    "n.name_pcode_cf",
                                    "n.name_pcode_nf",
                                    "n.surname_pcode",
                                    "n.md5sum"
                                ],
                                "Index Cond": "(n.id = ci.person_id)",
                                "Rows Removed by Index Recheck": 0
                            }
                        ]
                    },
                    {
                        "Node Type": "Bitmap Heap Scan",
                        "Parent Relationship": "Inner",
                        "Parallel Aware": false,
                        "Relation Name": "comp_cast_type",
                        "Schema": "public",
                        "Alias": "cct2",
                        "Startup Cost": 0.14,
                        "Total Cost": 4.15,
                        "Plan Rows": 1,
                        "Plan Width": 4,
                        "Actual Startup Time": 0.002,
                        "Actual Total Time": 0.002,
                        "Actual Rows": 1,
                        "Actual Loops": 3534,
                        "Output": [
                            "cct2.id",
                            "cct2.kind"
                        ],
                        "Recheck Cond": "(cct2.id = cc.status_id)",
                        "Rows Removed by Index Recheck": 0,
                        "Filter": "((cct2.kind)::text ~~ '%complete%'::text)",
                        "Rows Removed by Filter": 0,
                        "Exact Heap Blocks": 3534,
                        "Lossy Heap Blocks": 0,
                        "Plans": [
                            {
                                "Node Type": "Bitmap Index Scan",
                                "Parent Relationship": "Outer",
                                "Parallel Aware": false,
                                "Index Name": "comp_cast_type_pkey",
                                "Startup Cost": 0.0,
                                "Total Cost": 0.14,
                                "Plan Rows": 1,
                                "Plan Width": 0,
                                "Actual Startup Time": 0.001,
                                "Actual Total Time": 0.001,
                                "Actual Rows": 1,
                                "Actual Loops": 3534,
                                "Index Cond": "(cct2.id = cc.status_id)"
                            }
                        ]
                    }
                ]
            }
        ]
    },
    "Planning Time": 41.668,
    "Triggers": [],
    "Execution Time": 3849.853
}