[
  {
    "Plan": {
      "Node Type": "Aggregate",
      "Strategy": "Plain",
      "Partial Mode": "Finalize",
      "Parallel Aware": false,
      "Startup Cost": 95759.91,
      "Total Cost": 95759.92,
      "Plan Rows": 1,
      "Plan Width": 8,
      "Actual Startup Time": 225.717,
      "Actual Total Time": 245.374,
      "Actual Rows": 1,
      "Actual Loops": 1,
      "Plans": [
        {
          "Node Type": "Gather",
          "Parent Relationship": "Outer",
          "Parallel Aware": false,
          "Startup Cost": 95759.49,
          "Total Cost": 95759.9,
          "Plan Rows": 4,
          "Plan Width": 8,
          "Actual Startup Time": 225.31,
          "Actual Total Time": 245.365,
          "Actual Rows": 5,
          "Actual Loops": 1,
          "Workers Planned": 4,
          "Workers Launched": 4,
          "Single Copy": false,
          "Plans": [
            {
              "Node Type": "Aggregate",
              "Strategy": "Plain",
              "Partial Mode": "Partial",
              "Parent Relationship": "Outer",
              "Parallel Aware": false,
              "Startup Cost": 94759.49,
              "Total Cost": 94759.5,
              "Plan Rows": 1,
              "Plan Width": 8,
              "Actual Startup Time": 219.272,
              "Actual Total Time": 219.275,
              "Actual Rows": 1,
              "Actual Loops": 5,
              "Plans": [
                {
                  "Node Type": "Hash Join",
                  "Parent Relationship": "Outer",
                  "Parallel Aware": true,
                  "Join Type": "Inner",
                  "Startup Cost": 45595.64,
                  "Total Cost": 94743.42,
                  "Plan Rows": 6429,
                  "Plan Width": 0,
                  "Actual Startup Time": 94.714,
                  "Actual Total Time": 219.015,
                  "Actual Rows": 3641,
                  "Actual Loops": 5,
                  "Inner Unique": true,
                  "Hash Cond": "(ci.movie_id = t.id)",
                  "Plans": [
                    {
                      "Node Type": "Index Scan",
                      "Parent Relationship": "Outer",
                      "Parallel Aware": true,
                      "Scan Direction": "Forward",
                      "Index Name": "role_id_cast_info",
                      "Relation Name": "cast_info",
                      "Alias": "ci",
                      "Startup Cost": 0.56,
                      "Total Cost": 47993.72,
                      "Plan Rows": 439854,
                      "Plan Width": 4,
                      "Actual Startup Time": 0.262,
                      "Actual Total Time": 75.008,
                      "Actual Rows": 340709,
                      "Actual Loops": 5,
                      "Index Cond": "(role_id = 8)",
                      "Rows Removed by Index Recheck": 0
                    },
                    {
                      "Node Type": "Hash",
                      "Parent Relationship": "Inner",
                      "Parallel Aware": true,
                      "Startup Cost": 45479.59,
                      "Total Cost": 45479.59,
                      "Plan Rows": 9239,
                      "Plan Width": 4,
                      "Actual Startup Time": 93.622,
                      "Actual Total Time": 93.623,
                      "Actual Rows": 8387,
                      "Actual Loops": 5,
                      "Hash Buckets": 65536,
                      "Original Hash Buckets": 65536,
                      "Hash Batches": 1,
                      "Original Hash Batches": 1,
                      "Peak Memory Usage": 2208,
                      "Plans": [
                        {
                          "Node Type": "Seq Scan",
                          "Parent Relationship": "Outer",
                          "Parallel Aware": true,
                          "Relation Name": "title",
                          "Alias": "t",
                          "Startup Cost": 0.0,
                          "Total Cost": 45479.59,
                          "Plan Rows": 9239,
                          "Plan Width": 4,
                          "Actual Startup Time": 0.035,
                          "Actual Total Time": 89.466,
                          "Actual Rows": 8387,
                          "Actual Loops": 5,
                          "Filter": "((kind_id = 7) AND (production_year = 2002))",
                          "Rows Removed by Filter": 497275
                        }
                      ]
                    }
                  ]
                }
              ]
            }
          ]
        }
      ]
    },
    "Planning Time": 0.356,
    "Triggers": [],
    "Execution Time": 245.434
  }
]