[
  {
    "Plan": {
      "Node Type": "Aggregate",
      "Strategy": "Plain",
      "Partial Mode": "Simple",
      "Parallel Aware": false,
      "Startup Cost": 127655.43,
      "Total Cost": 127655.44,
      "Plan Rows": 1,
      "Plan Width": 96,
      "Actual Startup Time": 949.514,
      "Actual Total Time": 971.199,
      "Actual Rows": 1,
      "Actual Loops": 1,
      "Plans": [
        {
          "Node Type": "Hash Join",
          "Parent Relationship": "Outer",
          "Parallel Aware": false,
          "Join Type": "Inner",
          "Startup Cost": 99123.79,
          "Total Cost": 127655.42,
          "Plan Rows": 1,
          "Plan Width": 48,
          "Actual Startup Time": 833.822,
          "Actual Total Time": 971.127,
          "Actual Rows": 310,
          "Actual Loops": 1,
          "Inner Unique": false,
          "Hash Cond": "(t.id = ml.movie_id)",
          "Plans": [
            {
              "Node Type": "Gather",
              "Parent Relationship": "Outer",
              "Parallel Aware": false,
              "Startup Cost": 98541.49,
              "Total Cost": 127073.06,
              "Plan Rows": 1,
              "Plan Width": 48,
              "Actual Startup Time": 821.46,
              "Actual Total Time": 958.34,
              "Actual Rows": 1292,
              "Actual Loops": 1,
              "Workers Planned": 3,
              "Workers Launched": 3,
              "Single Copy": false,
              "Plans": [
                {
                  "Node Type": "Hash Join",
                  "Parent Relationship": "Outer",
                  "Parallel Aware": false,
                  "Join Type": "Inner",
                  "Startup Cost": 97541.49,
                  "Total Cost": 126072.96,
                  "Plan Rows": 1,
                  "Plan Width": 48,
                  "Actual Startup Time": 812.533,
                  "Actual Total Time": 926.0,
                  "Actual Rows": 323,
                  "Actual Loops": 4,
                  "Inner Unique": true,
                  "Hash Cond": "(mc.company_type_id = ct.id)",
                  "Plans": [
                    {
                      "Node Type": "Hash Join",
                      "Parent Relationship": "Outer",
                      "Parallel Aware": true,
                      "Join Type": "Inner",
                      "Startup Cost": 97540.42,
                      "Total Cost": 126071.89,
                      "Plan Rows": 2,
                      "Plan Width": 52,
                      "Actual Startup Time": 743.258,
                      "Actual Total Time": 924.903,
                      "Actual Rows": 374,
                      "Actual Loops": 4,
                      "Inner Unique": false,
                      "Hash Cond": "(mc.movie_id = t.id)",
                      "Plans": [
                        {
                          "Node Type": "Hash Join",
                          "Parent Relationship": "Outer",
                          "Parallel Aware": true,
                          "Join Type": "Inner",
                          "Startup Cost": 5694.86,
                          "Total Cost": 33976.72,
                          "Plan Rows": 66562,
                          "Plan Width": 27,
                          "Actual Startup Time": 33.224,
                          "Actual Total Time": 213.799,
                          "Actual Rows": 60219,
                          "Actual Loops": 4,
                          "Inner Unique": true,
                          "Hash Cond": "(mc.company_id = cn.id)",
                          "Plans": [
                            {
                              "Node Type": "Seq Scan",
                              "Parent Relationship": "Outer",
                              "Parallel Aware": true,
                              "Relation Name": "movie_companies",
                              "Alias": "mc",
                              "Startup Cost": 0.0,
                              "Total Cost": 27206.55,
                              "Plan Rows": 409633,
                              "Plan Width": 12,
                              "Actual Startup Time": 0.054,
                              "Actual Total Time": 127.186,
                              "Actual Rows": 317997,
                              "Actual Loops": 4,
                              "Filter": "(note IS NULL)",
                              "Rows Removed by Filter": 334285
                            },
                            {
                              "Node Type": "Hash",
                              "Parent Relationship": "Inner",
                              "Parallel Aware": true,
                              "Startup Cost": 5414.09,
                              "Total Cost": 5414.09,
                              "Plan Rows": 22462,
                              "Plan Width": 23,
                              "Actual Startup Time": 32.419,
                              "Actual Total Time": 32.42,
                              "Actual Rows": 12076,
                              "Actual Loops": 4,
                              "Hash Buckets": 65536,
                              "Original Hash Buckets": 65536,
                              "Hash Batches": 1,
                              "Original Hash Batches": 1,
                              "Peak Memory Usage": 3328,
                              "Plans": [
                                {
                                  "Node Type": "Seq Scan",
                                  "Parent Relationship": "Outer",
                                  "Parallel Aware": true,
                                  "Relation Name": "company_name",
                                  "Alias": "cn",
                                  "Startup Cost": 0.0,
                                  "Total Cost": 5414.09,
                                  "Plan Rows": 22462,
                                  "Plan Width": 23,
                                  "Actual Startup Time": 0.045,
                                  "Actual Total Time": 25.658,
                                  "Actual Rows": 12076,
                                  "Actual Loops": 4,
                                  "Filter": "(((country_code)::text <> '[pl]'::text) AND ((name ~~ '%Film%'::text) OR (name ~~ '%Warner%'::text)))",
                                  "Rows Removed by Filter": 46674
                                }
                              ]
                            }
                          ]
                        },
                        {
                          "Node Type": "Hash",
                          "Parent Relationship": "Inner",
                          "Parallel Aware": true,
                          "Startup Cost": 91845.52,
                          "Total Cost": 91845.52,
                          "Plan Rows": 3,
                          "Plan Width": 25,
                          "Actual Startup Time": 701.363,
                          "Actual Total Time": 701.374,
                          "Actual Rows": 1385,
                          "Actual Loops": 4,
                          "Hash Buckets": 8192,
                          "Original Hash Buckets": 1024,
                          "Hash Batches": 1,
                          "Original Hash Batches": 1,
                          "Peak Memory Usage": 568,
                          "Plans": [
                            {
                              "Node Type": "Hash Join",
                              "Parent Relationship": "Outer",
                              "Parallel Aware": true,
                              "Join Type": "Inner",
                              "Startup Cost": 45504.47,
                              "Total Cost": 91845.52,
                              "Plan Rows": 3,
                              "Plan Width": 25,
                              "Actual Startup Time": 407.854,
                              "Actual Total Time": 659.995,
                              "Actual Rows": 1385,
                              "Actual Loops": 4,
                              "Inner Unique": false,
                              "Hash Cond": "(t.id = mk.movie_id)",
                              "Plans": [
                                {
                                  "Node Type": "Seq Scan",
                                  "Parent Relationship": "Outer",
                                  "Parallel Aware": true,
                                  "Relation Name": "title",
                                  "Alias": "t",
                                  "Startup Cost": 0.0,
                                  "Total Cost": 45478.94,
                                  "Plan Rows": 229894,
                                  "Plan Width": 21,
                                  "Actual Startup Time": 0.031,
                                  "Actual Total Time": 209.112,
                                  "Actual Rows": 227645,
                                  "Actual Loops": 4,
                                  "Filter": "((production_year >= 1950) AND (production_year <= 2000))",
                                  "Rows Removed by Filter": 404433
                                },
                                {
                                  "Node Type": "Hash",
                                  "Parent Relationship": "Inner",
                                  "Parallel Aware": true,
                                  "Startup Cost": 45504.33,
                                  "Total Cost": 45504.33,
                                  "Plan Rows": 11,
                                  "Plan Width": 4,
                                  "Actual Startup Time": 406.26,
                                  "Actual Total Time": 406.266,
                                  "Actual Rows": 2636,
                                  "Actual Loops": 4,
                                  "Hash Buckets": 8192,
                                  "Original Hash Buckets": 1024,
                                  "Hash Batches": 1,
                                  "Original Hash Batches": 1,
                                  "Peak Memory Usage": 568,
                                  "Plans": [
                                    {
                                      "Node Type": "Hash Join",
                                      "Parent Relationship": "Outer",
                                      "Parallel Aware": false,
                                      "Join Type": "Inner",
                                      "Startup Cost": 2626.14,
                                      "Total Cost": 45504.33,
                                      "Plan Rows": 11,
                                      "Plan Width": 4,
                                      "Actual Startup Time": 32.11,
                                      "Actual Total Time": 338.868,
                                      "Actual Rows": 2636,
                                      "Actual Loops": 4,
                                      "Inner Unique": true,
                                      "Hash Cond": "(mk.keyword_id = k.id)",
                                      "Plans": [
                                        {
                                          "Node Type": "Seq Scan",
                                          "Parent Relationship": "Outer",
                                          "Parallel Aware": true,
                                          "Relation Name": "movie_keyword",
                                          "Alias": "mk",
                                          "Startup Cost": 0.0,
                                          "Total Cost": 39047.32,
                                          "Plan Rows": 1459332,
                                          "Plan Width": 8,
                                          "Actual Startup Time": 0.061,
                                          "Actual Total Time": 188.537,
                                          "Actual Rows": 1130982,
                                          "Actual Loops": 4
                                        },
                                        {
                                          "Node Type": "Hash",
                                          "Parent Relationship": "Inner",
                                          "Parallel Aware": false,
                                          "Startup Cost": 2626.12,
                                          "Total Cost": 2626.12,
                                          "Plan Rows": 1,
                                          "Plan Width": 4,
                                          "Actual Startup Time": 31.67,
                                          "Actual Total Time": 31.672,
                                          "Actual Rows": 1,
                                          "Actual Loops": 4,
                                          "Hash Buckets": 1024,
                                          "Original Hash Buckets": 1024,
                                          "Hash Batches": 1,
                                          "Original Hash Batches": 1,
                                          "Peak Memory Usage": 9,
                                          "Plans": [
                                            {
                                              "Node Type": "Seq Scan",
                                              "Parent Relationship": "Outer",
                                              "Parallel Aware": false,
                                              "Relation Name": "keyword",
                                              "Alias": "k",
                                              "Startup Cost": 0.0,
                                              "Total Cost": 2626.12,
                                              "Plan Rows": 1,
                                              "Plan Width": 4,
                                              "Actual Startup Time": 2.963,
                                              "Actual Total Time": 31.654,
                                              "Actual Rows": 1,
                                              "Actual Loops": 4,
                                              "Filter": "(keyword = 'sequel'::text)",
                                              "Rows Removed by Filter": 134169
                                            }
                                          ]
                                        }
                                      ]
                                    }
                                  ]
                                }
                              ]
                            }
                          ]
                        }
                      ]
                    },
                    {
                      "Node Type": "Hash",
                      "Parent Relationship": "Inner",
                      "Parallel Aware": false,
                      "Startup Cost": 1.05,
                      "Total Cost": 1.05,
                      "Plan Rows": 1,
                      "Plan Width": 4,
                      "Actual Startup Time": 0.093,
                      "Actual Total Time": 0.094,
                      "Actual Rows": 1,
                      "Actual Loops": 4,
                      "Hash Buckets": 1024,
                      "Original Hash Buckets": 1024,
                      "Hash Batches": 1,
                      "Original Hash Batches": 1,
                      "Peak Memory Usage": 9,
                      "Plans": [
                        {
                          "Node Type": "Seq Scan",
                          "Parent Relationship": "Outer",
                          "Parallel Aware": false,
                          "Relation Name": "company_type",
                          "Alias": "ct",
                          "Startup Cost": 0.0,
                          "Total Cost": 1.05,
                          "Plan Rows": 1,
                          "Plan Width": 4,
                          "Actual Startup Time": 0.062,
                          "Actual Total Time": 0.065,
                          "Actual Rows": 1,
                          "Actual Loops": 4,
                          "Filter": "((kind)::text = 'production companies'::text)",
                          "Rows Removed by Filter": 3
                        }
                      ]
                    }
                  ]
                }
              ]
            },
            {
              "Node Type": "Hash",
              "Parent Relationship": "Inner",
              "Parallel Aware": false,
              "Startup Cost": 561.48,
              "Total Cost": 561.48,
              "Plan Rows": 1666,
              "Plan Width": 16,
              "Actual Startup Time": 12.305,
              "Actual Total Time": 12.31,
              "Actual Rows": 2315,
              "Actual Loops": 1,
              "Hash Buckets": 4096,
              "Original Hash Buckets": 2048,
              "Hash Batches": 1,
              "Original Hash Batches": 1,
              "Peak Memory Usage": 136,
              "Plans": [
                {
                  "Node Type": "Hash Join",
                  "Parent Relationship": "Outer",
                  "Parallel Aware": false,
                  "Join Type": "Inner",
                  "Startup Cost": 1.24,
                  "Total Cost": 561.48,
                  "Plan Rows": 1666,
                  "Plan Width": 16,
                  "Actual Startup Time": 0.119,
                  "Actual Total Time": 11.543,
                  "Actual Rows": 2315,
                  "Actual Loops": 1,
                  "Inner Unique": true,
                  "Hash Cond": "(ml.link_type_id = lt.id)",
                  "Plans": [
                    {
                      "Node Type": "Seq Scan",
                      "Parent Relationship": "Outer",
                      "Parallel Aware": false,
                      "Relation Name": "movie_link",
                      "Alias": "ml",
                      "Startup Cost": 0.0,
                      "Total Cost": 462.97,
                      "Plan Rows": 29997,
                      "Plan Width": 8,
                      "Actual Startup Time": 0.045,
                      "Actual Total Time": 6.586,
                      "Actual Rows": 29997,
                      "Actual Loops": 1
                    },
                    {
                      "Node Type": "Hash",
                      "Parent Relationship": "Inner",
                      "Parallel Aware": false,
                      "Startup Cost": 1.23,
                      "Total Cost": 1.23,
                      "Plan Rows": 1,
                      "Plan Width": 16,
                      "Actual Startup Time": 0.037,
                      "Actual Total Time": 0.038,
                      "Actual Rows": 2,
                      "Actual Loops": 1,
                      "Hash Buckets": 1024,
                      "Original Hash Buckets": 1024,
                      "Hash Batches": 1,
                      "Original Hash Batches": 1,
                      "Peak Memory Usage": 9,
                      "Plans": [
                        {
                          "Node Type": "Seq Scan",
                          "Parent Relationship": "Outer",
                          "Parallel Aware": false,
                          "Relation Name": "link_type",
                          "Alias": "lt",
                          "Startup Cost": 0.0,
                          "Total Cost": 1.23,
                          "Plan Rows": 1,
                          "Plan Width": 16,
                          "Actual Startup Time": 0.025,
                          "Actual Total Time": 0.03,
                          "Actual Rows": 2,
                          "Actual Loops": 1,
                          "Filter": "((link)::text ~~ '%follow%'::text)",
                          "Rows Removed by Filter": 16
                        }
                      ]
                    }
                  ]
                }
              ]
            }
          ]
        }
      ]
    },
    "Planning Time": 7.178,
    "Triggers": [],
    "Execution Time": 971.616
  }
]