[
  {
    "Plan": {
      "Node Type": "Aggregate",
      "Strategy": "Plain",
      "Partial Mode": "Finalize",
      "Parallel Aware": false,
      "Startup Cost": 199461.27,
      "Total Cost": 199461.28,
      "Plan Rows": 1,
      "Plan Width": 8,
      "Actual Startup Time": 130.884,
      "Actual Total Time": 150.232,
      "Actual Rows": 1,
      "Actual Loops": 1,
      "Plans": [
        {
          "Node Type": "Gather",
          "Parent Relationship": "Outer",
          "Parallel Aware": false,
          "Startup Cost": 199460.85,
          "Total Cost": 199461.26,
          "Plan Rows": 4,
          "Plan Width": 8,
          "Actual Startup Time": 130.662,
          "Actual Total Time": 150.222,
          "Actual Rows": 5,
          "Actual Loops": 1,
          "Workers Planned": 4,
          "Workers Launched": 4,
          "Single Copy": false,
          "Plans": [
            {
              "Node Type": "Aggregate",
              "Strategy": "Plain",
              "Partial Mode": "Partial",
              "Parent Relationship": "Outer",
              "Parallel Aware": false,
              "Startup Cost": 198460.85,
              "Total Cost": 198460.86,
              "Plan Rows": 1,
              "Plan Width": 8,
              "Actual Startup Time": 121.176,
              "Actual Total Time": 121.178,
              "Actual Rows": 1,
              "Actual Loops": 5,
              "Plans": [
                {
                  "Node Type": "Nested Loop",
                  "Parent Relationship": "Outer",
                  "Parallel Aware": false,
                  "Join Type": "Inner",
                  "Startup Cost": 0.43,
                  "Total Cost": 198437.13,
                  "Plan Rows": 9486,
                  "Plan Width": 0,
                  "Actual Startup Time": 0.631,
                  "Actual Total Time": 119.95,
                  "Actual Rows": 14714,
                  "Actual Loops": 5,
                  "Inner Unique": false,
                  "Plans": [
                    {
                      "Node Type": "Seq Scan",
                      "Parent Relationship": "Outer",
                      "Parallel Aware": true,
                      "Relation Name": "title",
                      "Alias": "t",
                      "Startup Cost": 0.0,
                      "Total Cost": 43898.92,
                      "Plan Rows": 1622,
                      "Plan Width": 4,
                      "Actual Startup Time": 0.416,
                      "Actual Total Time": 74.041,
                      "Actual Rows": 1601,
                      "Actual Loops": 5,
                      "Filter": "(production_year = 1955)",
                      "Rows Removed by Filter": 504061
                    },
                    {
                      "Node Type": "Index Only Scan",
                      "Parent Relationship": "Inner",
                      "Parallel Aware": false,
                      "Scan Direction": "Forward",
                      "Index Name": "movie_id_movie_info",
                      "Relation Name": "movie_info",
                      "Alias": "mi",
                      "Startup Cost": 0.43,
                      "Total Cost": 94.86,
                      "Plan Rows": 42,
                      "Plan Width": 4,
                      "Actual Startup Time": 0.011,
                      "Actual Total Time": 0.027,
                      "Actual Rows": 9,
                      "Actual Loops": 8007,
                      "Index Cond": "(movie_id = t.id)",
                      "Rows Removed by Index Recheck": 0,
                      "Heap Fetches": 73568
                    }
                  ]
                }
              ]
            }
          ]
        }
      ]
    },
    "Planning Time": 0.603,
    "Triggers": [],
    "Execution Time": 150.31
  }
]