[
  {
    "Plan": {
      "Node Type": "Aggregate",
      "Strategy": "Plain",
      "Partial Mode": "Finalize",
      "Parallel Aware": false,
      "Startup Cost": 25814.68,
      "Total Cost": 25814.69,
      "Plan Rows": 1,
      "Plan Width": 8,
      "Actual Startup Time": 68.401,
      "Actual Total Time": 74.452,
      "Actual Rows": 1,
      "Actual Loops": 1,
      "Plans": [
        {
          "Node Type": "Gather",
          "Parent Relationship": "Outer",
          "Parallel Aware": false,
          "Startup Cost": 25814.36,
          "Total Cost": 25814.67,
          "Plan Rows": 3,
          "Plan Width": 8,
          "Actual Startup Time": 68.156,
          "Actual Total Time": 74.446,
          "Actual Rows": 4,
          "Actual Loops": 1,
          "Workers Planned": 3,
          "Workers Launched": 3,
          "Single Copy": false,
          "Plans": [
            {
              "Node Type": "Aggregate",
              "Strategy": "Plain",
              "Partial Mode": "Partial",
              "Parent Relationship": "Outer",
              "Parallel Aware": false,
              "Startup Cost": 24814.36,
              "Total Cost": 24814.37,
              "Plan Rows": 1,
              "Plan Width": 8,
              "Actual Startup Time": 61.111,
              "Actual Total Time": 61.113,
              "Actual Rows": 1,
              "Actual Loops": 4,
              "Plans": [
                {
                  "Node Type": "Bitmap Heap Scan",
                  "Parent Relationship": "Outer",
                  "Parallel Aware": true,
                  "Relation Name": "movie_companies",
                  "Alias": "mc",
                  "Startup Cost": 4925.09,
                  "Total Cost": 24631.15,
                  "Plan Rows": 73285,
                  "Plan Width": 0,
                  "Actual Startup Time": 16.209,
                  "Actual Total Time": 57.184,
                  "Actual Rows": 56859,
                  "Actual Loops": 4,
                  "Recheck Cond": "(company_id < 84)",
                  "Rows Removed by Index Recheck": 0,
                  "Exact Heap Blocks": 10188,
                  "Lossy Heap Blocks": 0,
                  "Plans": [
                    {
                      "Node Type": "Bitmap Index Scan",
                      "Parent Relationship": "Outer",
                      "Parallel Aware": false,
                      "Index Name": "company_id_movie_companies",
                      "Startup Cost": 0.0,
                      "Total Cost": 4868.3,
                      "Plan Rows": 227182,
                      "Plan Width": 0,
                      "Actual Startup Time": 18.682,
                      "Actual Total Time": 18.682,
                      "Actual Rows": 227437,
                      "Actual Loops": 1,
                      "Index Cond": "(company_id < 84)"
                    }
                  ]
                }
              ]
            }
          ]
        }
      ]
    },
    "Planning Time": 0.099,
    "Triggers": [],
    "Execution Time": 74.492
  }
]