{
    "Plan": {
        "Node Type": "Aggregate",
        "Strategy": "Plain",
        "Partial Mode": "Finalize",
        "Parallel Aware": false,
        "Startup Cost": 512016.49,
        "Total Cost": 512016.5,
        "Plan Rows": 1,
        "Plan Width": 8,
        "Actual Startup Time": 1941.953,
        "Actual Total Time": 2013.597,
        "Actual Rows": 1,
        "Actual Loops": 1,
        "Output": [
            "count(*)"
        ],
        "Plans": [
            {
                "Node Type": "Gather",
                "Parent Relationship": "Outer",
                "Parallel Aware": false,
                "Startup Cost": 512015.86,
                "Total Cost": 512016.47,
                "Plan Rows": 6,
                "Plan Width": 8,
                "Actual Startup Time": 1904.619,
                "Actual Total Time": 2013.579,
                "Actual Rows": 7,
                "Actual Loops": 1,
                "Output": [
                    "(PARTIAL count(*))"
                ],
                "Workers Planned": 6,
                "Workers Launched": 6,
                "Single Copy": false,
                "Plans": [
                    {
                        "Node Type": "Aggregate",
                        "Strategy": "Plain",
                        "Partial Mode": "Partial",
                        "Parent Relationship": "Outer",
                        "Parallel Aware": false,
                        "Startup Cost": 511015.86,
                        "Total Cost": 511015.87,
                        "Plan Rows": 1,
                        "Plan Width": 8,
                        "Actual Startup Time": 1890.175,
                        "Actual Total Time": 1890.738,
                        "Actual Rows": 1,
                        "Actual Loops": 7,
                        "Output": [
                            "PARTIAL count(*)"
                        ],
                        "Workers": [
                            {
                                "Worker Number": 0,
                                "Actual Startup Time": 1887.664,
                                "Actual Total Time": 1887.669,
                                "Actual Rows": 1,
                                "Actual Loops": 1
                            },
                            {
                                "Worker Number": 1,
                                "Actual Startup Time": 1887.55,
                                "Actual Total Time": 1887.557,
                                "Actual Rows": 1,
                                "Actual Loops": 1
                            },
                            {
                                "Worker Number": 2,
                                "Actual Startup Time": 1887.539,
                                "Actual Total Time": 1887.544,
                                "Actual Rows": 1,
                                "Actual Loops": 1
                            },
                            {
                                "Worker Number": 3,
                                "Actual Startup Time": 1887.548,
                                "Actual Total Time": 1887.554,
                                "Actual Rows": 1,
                                "Actual Loops": 1
                            },
                            {
                                "Worker Number": 4,
                                "Actual Startup Time": 1887.697,
                                "Actual Total Time": 1887.702,
                                "Actual Rows": 1,
                                "Actual Loops": 1
                            },
                            {
                                "Worker Number": 5,
                                "Actual Startup Time": 1889.635,
                                "Actual Total Time": 1889.641,
                                "Actual Rows": 1,
                                "Actual Loops": 1
                            }
                        ],
                        "Plans": [
                            {
                                "Node Type": "Hash Join",
                                "Parent Relationship": "Outer",
                                "Parallel Aware": true,
                                "Join Type": "Inner",
                                "Startup Cost": 253490.14,
                                "Total Cost": 508776.52,
                                "Plan Rows": 895738,
                                "Plan Width": 0,
                                "Actual Startup Time": 818.471,
                                "Actual Total Time": 1803.902,
                                "Actual Rows": 1378645,
                                "Actual Loops": 7,
                                "Inner Unique": false,
                                "Hash Cond": "(ci.movie_id = t.id)",
                                "Workers": [
                                    {
                                        "Worker Number": 0,
                                        "Actual Startup Time": 816.027,
                                        "Actual Total Time": 1801.519,
                                        "Actual Rows": 1381046,
                                        "Actual Loops": 1
                                    },
                                    {
                                        "Worker Number": 1,
                                        "Actual Startup Time": 816.266,
                                        "Actual Total Time": 1801.161,
                                        "Actual Rows": 1384636,
                                        "Actual Loops": 1
                                    },
                                    {
                                        "Worker Number": 2,
                                        "Actual Startup Time": 816.278,
                                        "Actual Total Time": 1805.469,
                                        "Actual Rows": 1314772,
                                        "Actual Loops": 1
                                    },
                                    {
                                        "Worker Number": 3,
                                        "Actual Startup Time": 816.021,
                                        "Actual Total Time": 1806.495,
                                        "Actual Rows": 1273792,
                                        "Actual Loops": 1
                                    },
                                    {
                                        "Worker Number": 4,
                                        "Actual Startup Time": 816.382,
                                        "Actual Total Time": 1801.028,
                                        "Actual Rows": 1386124,
                                        "Actual Loops": 1
                                    },
                                    {
                                        "Worker Number": 5,
                                        "Actual Startup Time": 816.186,
                                        "Actual Total Time": 1803.754,
                                        "Actual Rows": 1365979,
                                        "Actual Loops": 1
                                    }
                                ],
                                "Plans": [
                                    {
                                        "Node Type": "Index Scan",
                                        "Parent Relationship": "Outer",
                                        "Parallel Aware": true,
                                        "Scan Direction": "Forward",
                                        "Index Name": "role_id_cast_info",
                                        "Relation Name": "cast_info",
                                        "Schema": "public",
                                        "Alias": "ci",
                                        "Startup Cost": 0.56,
                                        "Total Cost": 247642.15,
                                        "Plan Rows": 1560883,
                                        "Plan Width": 4,
                                        "Actual Startup Time": 0.333,
                                        "Actual Total Time": 368.982,
                                        "Actual Rows": 1340672,
                                        "Actual Loops": 7,
                                        "Output": [
                                            "ci.id",
                                            "ci.person_id",
                                            "ci.movie_id",
                                            "ci.person_role_id",
                                            "ci.note",
                                            "ci.nr_order",
                                            "ci.role_id"
                                        ],
                                        "Index Cond": "(ci.role_id > 4)",
                                        "Rows Removed by Index Recheck": 0,
                                        "Workers": [
                                            {
                                                "Worker Number": 0,
                                                "Actual Startup Time": 0.178,
                                                "Actual Total Time": 381.203,
                                                "Actual Rows": 1350097,
                                                "Actual Loops": 1
                                            },
                                            {
                                                "Worker Number": 1,
                                                "Actual Startup Time": 0.421,
                                                "Actual Total Time": 380.96,
                                                "Actual Rows": 1346691,
                                                "Actual Loops": 1
                                            },
                                            {
                                                "Worker Number": 2,
                                                "Actual Startup Time": 0.542,
                                                "Actual Total Time": 369.691,
                                                "Actual Rows": 1269596,
                                                "Actual Loops": 1
                                            },
                                            {
                                                "Worker Number": 3,
                                                "Actual Startup Time": 0.287,
                                                "Actual Total Time": 373.235,
                                                "Actual Rows": 1253866,
                                                "Actual Loops": 1
                                            },
                                            {
                                                "Worker Number": 4,
                                                "Actual Startup Time": 0.381,
                                                "Actual Total Time": 378.884,
                                                "Actual Rows": 1336092,
                                                "Actual Loops": 1
                                            },
                                            {
                                                "Worker Number": 5,
                                                "Actual Startup Time": 0.219,
                                                "Actual Total Time": 382.345,
                                                "Actual Rows": 1336376,
                                                "Actual Loops": 1
                                            }
                                        ]
                                    },
                                    {
                                        "Node Type": "Hash",
                                        "Parent Relationship": "Inner",
                                        "Parallel Aware": true,
                                        "Startup Cost": 249862.28,
                                        "Total Cost": 249862.28,
                                        "Plan Rows": 290184,
                                        "Plan Width": 8,
                                        "Actual Startup Time": 813.645,
                                        "Actual Total Time": 814.206,
                                        "Actual Rows": 200272,
                                        "Actual Loops": 7,
                                        "Output": [
                                            "t.id",
                                            "mi.movie_id"
                                        ],
                                        "Hash Buckets": 2097152,
                                        "Original Hash Buckets": 2097152,
                                        "Hash Batches": 1,
                                        "Original Hash Batches": 1,
                                        "Peak Memory Usage": 71296,
                                        "Workers": [
                                            {
                                                "Worker Number": 0,
                                                "Actual Startup Time": 815.422,
                                                "Actual Total Time": 815.425,
                                                "Actual Rows": 200100,
                                                "Actual Loops": 1
                                            },
                                            {
                                                "Worker Number": 1,
                                                "Actual Startup Time": 815.255,
                                                "Actual Total Time": 815.26,
                                                "Actual Rows": 200383,
                                                "Actual Loops": 1
                                            },
                                            {
                                                "Worker Number": 2,
                                                "Actual Startup Time": 815.257,
                                                "Actual Total Time": 815.261,
                                                "Actual Rows": 187474,
                                                "Actual Loops": 1
                                            },
                                            {
                                                "Worker Number": 3,
                                                "Actual Startup Time": 815.278,
                                                "Actual Total Time": 815.283,
                                                "Actual Rows": 175838,
                                                "Actual Loops": 1
                                            },
                                            {
                                                "Worker Number": 4,
                                                "Actual Startup Time": 815.542,
                                                "Actual Total Time": 815.545,
                                                "Actual Rows": 199943,
                                                "Actual Loops": 1
                                            },
                                            {
                                                "Worker Number": 5,
                                                "Actual Startup Time": 815.566,
                                                "Actual Total Time": 815.57,
                                                "Actual Rows": 220657,
                                                "Actual Loops": 1
                                            }
                                        ],
                                        "Plans": [
                                            {
                                                "Node Type": "Hash Join",
                                                "Parent Relationship": "Outer",
                                                "Parallel Aware": true,
                                                "Join Type": "Inner",
                                                "Startup Cost": 50219.81,
                                                "Total Cost": 249862.28,
                                                "Plan Rows": 290184,
                                                "Plan Width": 8,
                                                "Actual Startup Time": 346.69,
                                                "Actual Total Time": 728.521,
                                                "Actual Rows": 200272,
                                                "Actual Loops": 7,
                                                "Output": [
                                                    "t.id",
                                                    "mi.movie_id"
                                                ],
                                                "Inner Unique": true,
                                                "Hash Cond": "(mi.movie_id = t.id)",
                                                "Workers": [
                                                    {
                                                        "Worker Number": 0,
                                                        "Actual Startup Time": 346.704,
                                                        "Actual Total Time": 727.713,
                                                        "Actual Rows": 200100,
                                                        "Actual Loops": 1
                                                    },
                                                    {
                                                        "Worker Number": 1,
                                                        "Actual Startup Time": 346.696,
                                                        "Actual Total Time": 730.055,
                                                        "Actual Rows": 200383,
                                                        "Actual Loops": 1
                                                    },
                                                    {
                                                        "Worker Number": 2,
                                                        "Actual Startup Time": 346.689,
                                                        "Actual Total Time": 728.358,
                                                        "Actual Rows": 187474,
                                                        "Actual Loops": 1
                                                    },
                                                    {
                                                        "Worker Number": 3,
                                                        "Actual Startup Time": 346.667,
                                                        "Actual Total Time": 728.141,
                                                        "Actual Rows": 175838,
                                                        "Actual Loops": 1
                                                    },
                                                    {
                                                        "Worker Number": 4,
                                                        "Actual Startup Time": 346.659,
                                                        "Actual Total Time": 727.85,
                                                        "Actual Rows": 199943,
                                                        "Actual Loops": 1
                                                    },
                                                    {
                                                        "Worker Number": 5,
                                                        "Actual Startup Time": 346.618,
                                                        "Actual Total Time": 727.462,
                                                        "Actual Rows": 220657,
                                                        "Actual Loops": 1
                                                    }
                                                ],
                                                "Plans": [
                                                    {
                                                        "Node Type": "Seq Scan",
                                                        "Parent Relationship": "Outer",
                                                        "Parallel Aware": true,
                                                        "Relation Name": "movie_info",
                                                        "Schema": "public",
                                                        "Alias": "mi",
                                                        "Startup Cost": 0.0,
                                                        "Total Cost": 198880.74,
                                                        "Plan Rows": 290184,
                                                        "Plan Width": 4,
                                                        "Actual Startup Time": 55.006,
                                                        "Actual Total Time": 361.009,
                                                        "Actual Rows": 200272,
                                                        "Actual Loops": 7,
                                                        "Output": [
                                                            "mi.id",
                                                            "mi.movie_id",
                                                            "mi.info_type_id",
                                                            "mi.info",
                                                            "mi.note"
                                                        ],
                                                        "Filter": "(mi.info_type_id = 7)",
                                                        "Rows Removed by Filter": 1919117,
                                                        "Workers": [
                                                            {
                                                                "Worker Number": 0,
                                                                "Actual Startup Time": 55.039,
                                                                "Actual Total Time": 361.974,
                                                                "Actual Rows": 200100,
                                                                "Actual Loops": 1
                                                            },
                                                            {
                                                                "Worker Number": 1,
                                                                "Actual Startup Time": 55.019,
                                                                "Actual Total Time": 361.844,
                                                                "Actual Rows": 200383,
                                                                "Actual Loops": 1
                                                            },
                                                            {
                                                                "Worker Number": 2,
                                                                "Actual Startup Time": 54.963,
                                                                "Actual Total Time": 361.29,
                                                                "Actual Rows": 187474,
                                                                "Actual Loops": 1
                                                            },
                                                            {
                                                                "Worker Number": 3,
                                                                "Actual Startup Time": 54.929,
                                                                "Actual Total Time": 361.41,
                                                                "Actual Rows": 175838,
                                                                "Actual Loops": 1
                                                            },
                                                            {
                                                                "Worker Number": 4,
                                                                "Actual Startup Time": 55.026,
                                                                "Actual Total Time": 361.986,
                                                                "Actual Rows": 199943,
                                                                "Actual Loops": 1
                                                            },
                                                            {
                                                                "Worker Number": 5,
                                                                "Actual Startup Time": 55.031,
                                                                "Actual Total Time": 361.342,
                                                                "Actual Rows": 220657,
                                                                "Actual Loops": 1
                                                            }
                                                        ]
                                                    },
                                                    {
                                                        "Node Type": "Hash",
                                                        "Parent Relationship": "Inner",
                                                        "Parallel Aware": true,
                                                        "Startup Cost": 42318.81,
                                                        "Total Cost": 42318.81,
                                                        "Plan Rows": 632080,
                                                        "Plan Width": 4,
                                                        "Actual Startup Time": 286.967,
                                                        "Actual Total Time": 286.968,
                                                        "Actual Rows": 361187,
                                                        "Actual Loops": 7,
                                                        "Output": [
                                                            "t.id"
                                                        ],
                                                        "Hash Buckets": 4194304,
                                                        "Original Hash Buckets": 4194304,
                                                        "Hash Batches": 1,
                                                        "Original Hash Batches": 1,
                                                        "Peak Memory Usage": 131776,
                                                        "Workers": [
                                                            {
                                                                "Worker Number": 0,
                                                                "Actual Startup Time": 291.583,
                                                                "Actual Total Time": 291.584,
                                                                "Actual Rows": 344685,
                                                                "Actual Loops": 1
                                                            },
                                                            {
                                                                "Worker Number": 1,
                                                                "Actual Startup Time": 291.569,
                                                                "Actual Total Time": 291.57,
                                                                "Actual Rows": 344552,
                                                                "Actual Loops": 1
                                                            },
                                                            {
                                                                "Worker Number": 2,
                                                                "Actual Startup Time": 291.393,
                                                                "Actual Total Time": 291.394,
                                                                "Actual Rows": 311200,
                                                                "Actual Loops": 1
                                                            },
                                                            {
                                                                "Worker Number": 3,
                                                                "Actual Startup Time": 291.433,
                                                                "Actual Total Time": 291.435,
                                                                "Actual Rows": 299277,
                                                                "Actual Loops": 1
                                                            },
                                                            {
                                                                "Worker Number": 4,
                                                                "Actual Startup Time": 291.537,
                                                                "Actual Total Time": 291.539,
                                                                "Actual Rows": 338506,
                                                                "Actual Loops": 1
                                                            },
                                                            {
                                                                "Worker Number": 5,
                                                                "Actual Startup Time": 291.474,
                                                                "Actual Total Time": 291.475,
                                                                "Actual Rows": 444804,
                                                                "Actual Loops": 1
                                                            }
                                                        ],
                                                        "Plans": [
                                                            {
                                                                "Node Type": "Seq Scan",
                                                                "Parent Relationship": "Outer",
                                                                "Parallel Aware": true,
                                                                "Relation Name": "title",
                                                                "Schema": "public",
                                                                "Alias": "t",
                                                                "Startup Cost": 0.0,
                                                                "Total Cost": 42318.81,
                                                                "Plan Rows": 632080,
                                                                "Plan Width": 4,
                                                                "Actual Startup Time": 0.07,
                                                                "Actual Total Time": 84.42,
                                                                "Actual Rows": 361187,
                                                                "Actual Loops": 7,
                                                                "Output": [
                                                                    "t.id"
                                                                ],
                                                                "Workers": [
                                                                    {
                                                                        "Worker Number": 0,
                                                                        "Actual Startup Time": 0.076,
                                                                        "Actual Total Time": 88.49,
                                                                        "Actual Rows": 344685,
                                                                        "Actual Loops": 1
                                                                    },
                                                                    {
                                                                        "Worker Number": 1,
                                                                        "Actual Startup Time": 0.075,
                                                                        "Actual Total Time": 88.334,
                                                                        "Actual Rows": 344552,
                                                                        "Actual Loops": 1
                                                                    },
                                                                    {
                                                                        "Worker Number": 2,
                                                                        "Actual Startup Time": 0.075,
                                                                        "Actual Total Time": 85.338,
                                                                        "Actual Rows": 311200,
                                                                        "Actual Loops": 1
                                                                    },
                                                                    {
                                                                        "Worker Number": 3,
                                                                        "Actual Startup Time": 0.078,
                                                                        "Actual Total Time": 85.502,
                                                                        "Actual Rows": 299277,
                                                                        "Actual Loops": 1
                                                                    },
                                                                    {
                                                                        "Worker Number": 4,
                                                                        "Actual Startup Time": 0.093,
                                                                        "Actual Total Time": 87.479,
                                                                        "Actual Rows": 338506,
                                                                        "Actual Loops": 1
                                                                    },
                                                                    {
                                                                        "Worker Number": 5,
                                                                        "Actual Startup Time": 0.073,
                                                                        "Actual Total Time": 84.161,
                                                                        "Actual Rows": 444804,
                                                                        "Actual Loops": 1
                                                                    }
                                                                ]
                                                            }
                                                        ]
                                                    }
                                                ]
                                            }
                                        ]
                                    }
                                ]
                            }
                        ]
                    }
                ]
            }
        ]
    },
    "Planning Time": 1.45,
    "Triggers": [],
    "Execution Time": 2013.706
}