[
  {
    "Plan": {
      "Node Type": "Aggregate",
      "Strategy": "Plain",
      "Partial Mode": "Finalize",
      "Parallel Aware": false,
      "Startup Cost": 343705.72,
      "Total Cost": 343705.73,
      "Plan Rows": 1,
      "Plan Width": 8,
      "Actual Startup Time": 423.352,
      "Actual Total Time": 438.198,
      "Actual Rows": 1,
      "Actual Loops": 1,
      "Plans": [
        {
          "Node Type": "Gather",
          "Parent Relationship": "Outer",
          "Parallel Aware": false,
          "Startup Cost": 343705.09,
          "Total Cost": 343705.7,
          "Plan Rows": 6,
          "Plan Width": 8,
          "Actual Startup Time": 422.551,
          "Actual Total Time": 438.189,
          "Actual Rows": 7,
          "Actual Loops": 1,
          "Workers Planned": 6,
          "Workers Launched": 6,
          "Single Copy": false,
          "Plans": [
            {
              "Node Type": "Aggregate",
              "Strategy": "Plain",
              "Partial Mode": "Partial",
              "Parent Relationship": "Outer",
              "Parallel Aware": false,
              "Startup Cost": 342705.09,
              "Total Cost": 342705.1,
              "Plan Rows": 1,
              "Plan Width": 8,
              "Actual Startup Time": 413.592,
              "Actual Total Time": 413.594,
              "Actual Rows": 1,
              "Actual Loops": 7,
              "Plans": [
                {
                  "Node Type": "Bitmap Heap Scan",
                  "Parent Relationship": "Outer",
                  "Parallel Aware": true,
                  "Relation Name": "cast_info",
                  "Alias": "ci",
                  "Startup Cost": 80195.52,
                  "Total Cost": 342016.44,
                  "Plan Rows": 275459,
                  "Plan Width": 0,
                  "Actual Startup Time": 230.109,
                  "Actual Total Time": 390.699,
                  "Actual Rows": 499663,
                  "Actual Loops": 7,
                  "Recheck Cond": "(person_id > 3424209)",
                  "Rows Removed by Index Recheck": 0,
                  "Filter": "(role_id > 2)",
                  "Rows Removed by Filter": 0,
                  "Exact Heap Blocks": 9490,
                  "Lossy Heap Blocks": 0,
                  "Plans": [
                    {
                      "Node Type": "Bitmap Index Scan",
                      "Parent Relationship": "Outer",
                      "Parallel Aware": false,
                      "Index Name": "person_id_cast_info",
                      "Startup Cost": 0.0,
                      "Total Cost": 79782.33,
                      "Plan Rows": 3653569,
                      "Plan Width": 0,
                      "Actual Startup Time": 228.819,
                      "Actual Total Time": 228.819,
                      "Actual Rows": 3497639,
                      "Actual Loops": 1,
                      "Index Cond": "(person_id > 3424209)"
                    }
                  ]
                }
              ]
            }
          ]
        }
      ]
    },
    "Planning Time": 0.156,
    "Triggers": [],
    "Execution Time": 438.251
  }
]