[
  {
    "Plan": {
      "Node Type": "Aggregate",
      "Strategy": "Plain",
      "Partial Mode": "Finalize",
      "Parallel Aware": false,
      "Startup Cost": 332544.57,
      "Total Cost": 332544.58,
      "Plan Rows": 1,
      "Plan Width": 8,
      "Actual Startup Time": 670.525,
      "Actual Total Time": 721.309,
      "Actual Rows": 1,
      "Actual Loops": 1,
      "Plans": [
        {
          "Node Type": "Gather",
          "Parent Relationship": "Outer",
          "Parallel Aware": false,
          "Startup Cost": 332543.94,
          "Total Cost": 332544.55,
          "Plan Rows": 6,
          "Plan Width": 8,
          "Actual Startup Time": 670.315,
          "Actual Total Time": 721.296,
          "Actual Rows": 7,
          "Actual Loops": 1,
          "Workers Planned": 6,
          "Workers Launched": 6,
          "Single Copy": false,
          "Plans": [
            {
              "Node Type": "Aggregate",
              "Strategy": "Plain",
              "Partial Mode": "Partial",
              "Parent Relationship": "Outer",
              "Parallel Aware": false,
              "Startup Cost": 331543.94,
              "Total Cost": 331543.95,
              "Plan Rows": 1,
              "Plan Width": 8,
              "Actual Startup Time": 662.619,
              "Actual Total Time": 662.622,
              "Actual Rows": 1,
              "Actual Loops": 7,
              "Plans": [
                {
                  "Node Type": "Seq Scan",
                  "Parent Relationship": "Outer",
                  "Parallel Aware": true,
                  "Relation Name": "cast_info",
                  "Alias": "ci",
                  "Startup Cost": 0.0,
                  "Total Cost": 328211.39,
                  "Plan Rows": 1333020,
                  "Plan Width": 0,
                  "Actual Startup Time": 356.859,
                  "Actual Total Time": 604.168,
                  "Actual Rows": 1135297,
                  "Actual Loops": 7,
                  "Filter": "(person_id > 2884720)",
                  "Rows Removed by Filter": 4042467
                }
              ]
            }
          ]
        }
      ]
    },
    "Planning Time": 0.094,
    "Triggers": [],
    "Execution Time": 721.358
  }
]