[
  {
    "Plan": {
      "Node Type": "Aggregate",
      "Strategy": "Plain",
      "Partial Mode": "Finalize",
      "Parallel Aware": false,
      "Startup Cost": 57681.22,
      "Total Cost": 57681.23,
      "Plan Rows": 1,
      "Plan Width": 8,
      "Actual Startup Time": 174.592,
      "Actual Total Time": 180.164,
      "Actual Rows": 1,
      "Actual Loops": 1,
      "Plans": [
        {
          "Node Type": "Gather",
          "Parent Relationship": "Outer",
          "Parallel Aware": false,
          "Startup Cost": 57680.9,
          "Total Cost": 57681.21,
          "Plan Rows": 3,
          "Plan Width": 8,
          "Actual Startup Time": 171.668,
          "Actual Total Time": 180.158,
          "Actual Rows": 4,
          "Actual Loops": 1,
          "Workers Planned": 3,
          "Workers Launched": 3,
          "Single Copy": false,
          "Plans": [
            {
              "Node Type": "Aggregate",
              "Strategy": "Plain",
              "Partial Mode": "Partial",
              "Parent Relationship": "Outer",
              "Parallel Aware": false,
              "Startup Cost": 56680.9,
              "Total Cost": 56680.91,
              "Plan Rows": 1,
              "Plan Width": 8,
              "Actual Startup Time": 168.129,
              "Actual Total Time": 168.131,
              "Actual Rows": 1,
              "Actual Loops": 4,
              "Plans": [
                {
                  "Node Type": "Hash Join",
                  "Parent Relationship": "Outer",
                  "Parallel Aware": true,
                  "Join Type": "Inner",
                  "Startup Cost": 47857.1,
                  "Total Cost": 56655.32,
                  "Plan Rows": 10230,
                  "Plan Width": 0,
                  "Actual Startup Time": 149.683,
                  "Actual Total Time": 167.963,
                  "Actual Rows": 3576,
                  "Actual Loops": 4,
                  "Inner Unique": true,
                  "Hash Cond": "(ci.movie_id = t.id)",
                  "Plans": [
                    {
                      "Node Type": "Index Scan",
                      "Parent Relationship": "Outer",
                      "Parallel Aware": true,
                      "Scan Direction": "Forward",
                      "Index Name": "role_id_cast_info",
                      "Relation Name": "cast_info",
                      "Alias": "ci",
                      "Startup Cost": 0.56,
                      "Total Cost": 8709.54,
                      "Plan Rows": 34000,
                      "Plan Width": 4,
                      "Actual Startup Time": 0.135,
                      "Actual Total Time": 12.177,
                      "Actual Rows": 12376,
                      "Actual Loops": 4,
                      "Index Cond": "(role_id > 10)",
                      "Rows Removed by Index Recheck": 0,
                      "Filter": "(person_id < 1248019)",
                      "Rows Removed by Filter": 66653
                    },
                    {
                      "Node Type": "Hash",
                      "Parent Relationship": "Inner",
                      "Parallel Aware": true,
                      "Startup Cost": 45479.21,
                      "Total Cost": 45479.21,
                      "Plan Rows": 190186,
                      "Plan Width": 4,
                      "Actual Startup Time": 147.14,
                      "Actual Total Time": 147.14,
                      "Actual Rows": 210002,
                      "Actual Loops": 4,
                      "Hash Buckets": 1048576,
                      "Original Hash Buckets": 1048576,
                      "Hash Batches": 1,
                      "Original Hash Batches": 1,
                      "Peak Memory Usage": 41120,
                      "Plans": [
                        {
                          "Node Type": "Seq Scan",
                          "Parent Relationship": "Outer",
                          "Parallel Aware": true,
                          "Relation Name": "title",
                          "Alias": "t",
                          "Startup Cost": 0.0,
                          "Total Cost": 45479.21,
                          "Plan Rows": 190186,
                          "Plan Width": 4,
                          "Actual Startup Time": 0.014,
                          "Actual Total Time": 85.127,
                          "Actual Rows": 210002,
                          "Actual Loops": 4,
                          "Filter": "((production_year > 2002) AND (kind_id = 7))",
                          "Rows Removed by Filter": 422076
                        }
                      ]
                    }
                  ]
                }
              ]
            }
          ]
        }
      ]
    },
    "Planning Time": 0.271,
    "Triggers": [],
    "Execution Time": 180.2
  }
]