[
  {
    "Plan": {
      "Node Type": "Aggregate",
      "Strategy": "Plain",
      "Partial Mode": "Finalize",
      "Parallel Aware": false,
      "Startup Cost": 33160.09,
      "Total Cost": 33160.1,
      "Plan Rows": 1,
      "Plan Width": 8,
      "Actual Startup Time": 109.396,
      "Actual Total Time": 119.165,
      "Actual Rows": 1,
      "Actual Loops": 1,
      "Plans": [
        {
          "Node Type": "Gather",
          "Parent Relationship": "Outer",
          "Parallel Aware": false,
          "Startup Cost": 33159.78,
          "Total Cost": 33160.09,
          "Plan Rows": 3,
          "Plan Width": 8,
          "Actual Startup Time": 109.282,
          "Actual Total Time": 119.155,
          "Actual Rows": 4,
          "Actual Loops": 1,
          "Workers Planned": 3,
          "Workers Launched": 3,
          "Single Copy": false,
          "Plans": [
            {
              "Node Type": "Aggregate",
              "Strategy": "Plain",
              "Partial Mode": "Partial",
              "Parent Relationship": "Outer",
              "Parallel Aware": false,
              "Startup Cost": 32159.78,
              "Total Cost": 32159.79,
              "Plan Rows": 1,
              "Plan Width": 8,
              "Actual Startup Time": 100.354,
              "Actual Total Time": 100.356,
              "Actual Rows": 1,
              "Actual Loops": 4,
              "Plans": [
                {
                  "Node Type": "Seq Scan",
                  "Parent Relationship": "Outer",
                  "Parallel Aware": true,
                  "Relation Name": "movie_companies",
                  "Alias": "mc",
                  "Startup Cost": 0.0,
                  "Total Cost": 31414.82,
                  "Plan Rows": 297983,
                  "Plan Width": 0,
                  "Actual Startup Time": 52.545,
                  "Actual Total Time": 92.507,
                  "Actual Rows": 152690,
                  "Actual Loops": 4,
                  "Filter": "((company_id < 31524) AND (company_type_id = 2))",
                  "Rows Removed by Filter": 499592
                }
              ]
            }
          ]
        }
      ]
    },
    "Planning Time": 0.129,
    "Triggers": [],
    "Execution Time": 119.205
  }
]