[
  {
    "Plan": {
      "Node Type": "Aggregate",
      "Strategy": "Plain",
      "Partial Mode": "Finalize",
      "Parallel Aware": false,
      "Startup Cost": 33642.42,
      "Total Cost": 33642.43,
      "Plan Rows": 1,
      "Plan Width": 8,
      "Actual Startup Time": 121.973,
      "Actual Total Time": 126.872,
      "Actual Rows": 1,
      "Actual Loops": 1,
      "Plans": [
        {
          "Node Type": "Gather",
          "Parent Relationship": "Outer",
          "Parallel Aware": false,
          "Startup Cost": 33642.2,
          "Total Cost": 33642.41,
          "Plan Rows": 2,
          "Plan Width": 8,
          "Actual Startup Time": 121.785,
          "Actual Total Time": 126.863,
          "Actual Rows": 3,
          "Actual Loops": 1,
          "Workers Planned": 2,
          "Workers Launched": 2,
          "Single Copy": false,
          "Plans": [
            {
              "Node Type": "Aggregate",
              "Strategy": "Plain",
              "Partial Mode": "Partial",
              "Parent Relationship": "Outer",
              "Parallel Aware": false,
              "Startup Cost": 32642.2,
              "Total Cost": 32642.21,
              "Plan Rows": 1,
              "Plan Width": 8,
              "Actual Startup Time": 113.439,
              "Actual Total Time": 113.44,
              "Actual Rows": 1,
              "Actual Loops": 3,
              "Plans": [
                {
                  "Node Type": "Nested Loop",
                  "Parent Relationship": "Outer",
                  "Parallel Aware": false,
                  "Join Type": "Inner",
                  "Startup Cost": 132.78,
                  "Total Cost": 32641.65,
                  "Plan Rows": 222,
                  "Plan Width": 0,
                  "Actual Startup Time": 101.455,
                  "Actual Total Time": 113.43,
                  "Actual Rows": 2,
                  "Actual Loops": 3,
                  "Inner Unique": true,
                  "Plans": [
                    {
                      "Node Type": "Bitmap Heap Scan",
                      "Parent Relationship": "Outer",
                      "Parallel Aware": true,
                      "Relation Name": "movie_keyword",
                      "Alias": "mk",
                      "Startup Cost": 132.35,
                      "Total Cost": 14320.78,
                      "Plan Rows": 2576,
                      "Plan Width": 4,
                      "Actual Startup Time": 83.404,
                      "Actual Total Time": 91.179,
                      "Actual Rows": 1307,
                      "Actual Loops": 3,
                      "Recheck Cond": "(keyword_id = 3658)",
                      "Rows Removed by Index Recheck": 0,
                      "Exact Heap Blocks": 1744,
                      "Lossy Heap Blocks": 0,
                      "Plans": [
                        {
                          "Node Type": "Bitmap Index Scan",
                          "Parent Relationship": "Outer",
                          "Parallel Aware": false,
                          "Index Name": "keyword_id_movie_keyword",
                          "Startup Cost": 0.0,
                          "Total Cost": 130.81,
                          "Plan Rows": 6183,
                          "Plan Width": 0,
                          "Actual Startup Time": 89.621,
                          "Actual Total Time": 89.621,
                          "Actual Rows": 3922,
                          "Actual Loops": 1,
                          "Index Cond": "(keyword_id = 3658)"
                        }
                      ]
                    },
                    {
                      "Node Type": "Index Scan",
                      "Parent Relationship": "Inner",
                      "Parallel Aware": false,
                      "Scan Direction": "Forward",
                      "Index Name": "title_pkey",
                      "Relation Name": "title",
                      "Alias": "t",
                      "Startup Cost": 0.43,
                      "Total Cost": 7.11,
                      "Plan Rows": 1,
                      "Plan Width": 4,
                      "Actual Startup Time": 0.016,
                      "Actual Total Time": 0.016,
                      "Actual Rows": 0,
                      "Actual Loops": 3922,
                      "Index Cond": "(id = mk.movie_id)",
                      "Rows Removed by Index Recheck": 0,
                      "Filter": "(production_year < 1959)",
                      "Rows Removed by Filter": 1
                    }
                  ]
                }
              ]
            }
          ]
        }
      ]
    },
    "Planning Time": 0.678,
    "Triggers": [],
    "Execution Time": 126.978
  }
]