[
    {
        "Bao": {
            "Bao prediction": 657.138,
            "Bao recommended hint": "(no hint)"
        }
    },
    {
        "Plan": {
            "Node Type": "Aggregate",
            "Strategy": "Plain",
            "Partial Mode": "Finalize",
            "Parallel Aware": false,
            "Startup Cost": 28285.23,
            "Total Cost": 28285.24,
            "Plan Rows": 1,
            "Plan Width": 8,
            "Actual Startup Time": 73.645,
            "Actual Total Time": 77.122,
            "Actual Rows": 1,
            "Actual Loops": 1,
            "Output": [
                "count(*)"
            ],
            "Plans": [
                {
                    "Node Type": "Gather",
                    "Parent Relationship": "Outer",
                    "Parallel Aware": false,
                    "Startup Cost": 28284.91,
                    "Total Cost": 28285.22,
                    "Plan Rows": 3,
                    "Plan Width": 8,
                    "Actual Startup Time": 73.465,
                    "Actual Total Time": 77.116,
                    "Actual Rows": 4,
                    "Actual Loops": 1,
                    "Output": [
                        "(PARTIAL count(*))"
                    ],
                    "Workers Planned": 3,
                    "Workers Launched": 3,
                    "Single Copy": false,
                    "Plans": [
                        {
                            "Node Type": "Aggregate",
                            "Strategy": "Plain",
                            "Partial Mode": "Partial",
                            "Parent Relationship": "Outer",
                            "Parallel Aware": false,
                            "Startup Cost": 27284.91,
                            "Total Cost": 27284.92,
                            "Plan Rows": 1,
                            "Plan Width": 8,
                            "Actual Startup Time": 65.374,
                            "Actual Total Time": 65.375,
                            "Actual Rows": 1,
                            "Actual Loops": 4,
                            "Output": [
                                "PARTIAL count(*)"
                            ],
                            "Workers": [
                                {
                                    "Worker Number": 0,
                                    "Actual Startup Time": 62.618,
                                    "Actual Total Time": 62.619,
                                    "Actual Rows": 1,
                                    "Actual Loops": 1
                                },
                                {
                                    "Worker Number": 1,
                                    "Actual Startup Time": 62.501,
                                    "Actual Total Time": 62.502,
                                    "Actual Rows": 1,
                                    "Actual Loops": 1
                                },
                                {
                                    "Worker Number": 2,
                                    "Actual Startup Time": 63.463,
                                    "Actual Total Time": 63.464,
                                    "Actual Rows": 1,
                                    "Actual Loops": 1
                                }
                            ],
                            "Plans": [
                                {
                                    "Node Type": "Bitmap Heap Scan",
                                    "Parent Relationship": "Outer",
                                    "Parallel Aware": true,
                                    "Relation Name": "movie_companies",
                                    "Schema": "public",
                                    "Alias": "mc",
                                    "Startup Cost": 6944.18,
                                    "Total Cost": 27026.46,
                                    "Plan Rows": 103382,
                                    "Plan Width": 0,
                                    "Actual Startup Time": 27.671,
                                    "Actual Total Time": 59.362,
                                    "Actual Rows": 81664,
                                    "Actual Loops": 4,
                                    "Recheck Cond": "(mc.company_id > 91353)",
                                    "Rows Removed by Index Recheck": 0,
                                    "Exact Heap Blocks": 2873,
                                    "Lossy Heap Blocks": 0,
                                    "Workers": [
                                        {
                                            "Worker Number": 0,
                                            "Actual Startup Time": 25.004,
                                            "Actual Total Time": 57.111,
                                            "Actual Rows": 44005,
                                            "Actual Loops": 1
                                        },
                                        {
                                            "Worker Number": 1,
                                            "Actual Startup Time": 25.046,
                                            "Actual Total Time": 57.162,
                                            "Actual Rows": 44432,
                                            "Actual Loops": 1
                                        },
                                        {
                                            "Worker Number": 2,
                                            "Actual Startup Time": 25.71,
                                            "Actual Total Time": 58.178,
                                            "Actual Rows": 42391,
                                            "Actual Loops": 1
                                        }
                                    ],
                                    "Plans": [
                                        {
                                            "Node Type": "Bitmap Index Scan",
                                            "Parent Relationship": "Outer",
                                            "Parallel Aware": false,
                                            "Index Name": "company_id_movie_companies",
                                            "Startup Cost": 0.0,
                                            "Total Cost": 6864.06,
                                            "Plan Rows": 320484,
                                            "Plan Width": 0,
                                            "Actual Startup Time": 34.034,
                                            "Actual Total Time": 34.035,
                                            "Actual Rows": 326657,
                                            "Actual Loops": 1,
                                            "Index Cond": "(mc.company_id > 91353)"
                                        }
                                    ]
                                }
                            ]
                        }
                    ]
                }
            ]
        },
        "Planning Time": 434.313,
        "Triggers": [],
        "Execution Time": 77.214
    }
]