{
  "Plan": {
    "Node Type": "Aggregate",
    "Strategy": "Plain",
    "Partial Mode": "Simple",
    "Parallel Aware": false,
    "Startup Cost": 1913.22,
    "Total Cost": 1913.23,
    "Plan Rows": 1,
    "Plan Width": 8,
    "Actual Startup Time": 2.786,
    "Actual Total Time": 2.789,
    "Actual Rows": 1,
    "Actual Loops": 1,
    "Plans": [
      {
        "Node Type": "Nested Loop",
        "Parent Relationship": "Outer",
        "Parallel Aware": false,
        "Join Type": "Inner",
        "Startup Cost": 0.99,
        "Total Cost": 1913.12,
        "Plan Rows": 40,
        "Plan Width": 0,
        "Actual Startup Time": 0.746,
        "Actual Total Time": 2.756,
        "Actual Rows": 98,
        "Actual Loops": 1,
        "Inner Unique": true,
        "Plans": [
          {
            "Node Type": "Index Scan",
            "Parent Relationship": "Outer",
            "Parallel Aware": false,
            "Scan Direction": "Forward",
            "Index Name": "person_id_cast_info",
            "Relation Name": "cast_info",
            "Alias": "ci",
            "Startup Cost": 0.56,
            "Total Cost": 1059.67,
            "Plan Rows": 101,
            "Plan Width": 4,
            "Actual Startup Time": 0.713,
            "Actual Total Time": 0.845,
            "Actual Rows": 182,
            "Actual Loops": 1,
            "Index Cond": "(person_id = 1818939)",
            "Rows Removed by Index Recheck": 0,
            "Filter": "(role_id = 2)",
            "Rows Removed by Filter": 2
          },
          {
            "Node Type": "Index Scan",
            "Parent Relationship": "Inner",
            "Parallel Aware": false,
            "Scan Direction": "Forward",
            "Index Name": "title_pkey",
            "Relation Name": "title",
            "Alias": "t",
            "Startup Cost": 0.43,
            "Total Cost": 8.45,
            "Plan Rows": 1,
            "Plan Width": 4,
            "Actual Startup Time": 0.01,
            "Actual Total Time": 0.01,
            "Actual Rows": 1,
            "Actual Loops": 182,
            "Index Cond": "(id = ci.movie_id)",
            "Rows Removed by Index Recheck": 0,
            "Filter": "(kind_id < 7)",
            "Rows Removed by Filter": 0
          }
        ]
      }
    ]
  },
  "Planning Time": 0.512,
  "Triggers": [],
  "Execution Time": 2.86
}