{
  "Plan": {
    "Node Type": "Aggregate",
    "Strategy": "Plain",
    "Partial Mode": "Finalize",
    "Parallel Aware": false,
    "Startup Cost": 87221.89,
    "Total Cost": 87221.9,
    "Plan Rows": 1,
    "Plan Width": 8,
    "Actual Startup Time": 329.059,
    "Actual Total Time": 339.046,
    "Actual Rows": 1,
    "Actual Loops": 1,
    "Plans": [
      {
        "Node Type": "Gather",
        "Parent Relationship": "Outer",
        "Parallel Aware": false,
        "Startup Cost": 87221.78,
        "Total Cost": 87221.89,
        "Plan Rows": 1,
        "Plan Width": 8,
        "Actual Startup Time": 328.552,
        "Actual Total Time": 339.037,
        "Actual Rows": 2,
        "Actual Loops": 1,
        "Workers Planned": 1,
        "Workers Launched": 1,
        "Single Copy": false,
        "Plans": [
          {
            "Node Type": "Aggregate",
            "Strategy": "Plain",
            "Partial Mode": "Partial",
            "Parent Relationship": "Outer",
            "Parallel Aware": false,
            "Startup Cost": 86221.78,
            "Total Cost": 86221.79,
            "Plan Rows": 1,
            "Plan Width": 8,
            "Actual Startup Time": 322.465,
            "Actual Total Time": 322.469,
            "Actual Rows": 1,
            "Actual Loops": 2,
            "Plans": [
              {
                "Node Type": "Hash Join",
                "Parent Relationship": "Outer",
                "Parallel Aware": true,
                "Join Type": "Inner",
                "Startup Cost": 25822.77,
                "Total Cost": 86060.62,
                "Plan Rows": 64464,
                "Plan Width": 0,
                "Actual Startup Time": 229.673,
                "Actual Total Time": 320.223,
                "Actual Rows": 52597,
                "Actual Loops": 2,
                "Inner Unique": false,
                "Hash Cond": "(t.id = mc.movie_id)",
                "Plans": [
                  {
                    "Node Type": "Seq Scan",
                    "Parent Relationship": "Outer",
                    "Parallel Aware": true,
                    "Relation Name": "title",
                    "Alias": "t",
                    "Startup Cost": 0.0,
                    "Total Cost": 54588.39,
                    "Plan Rows": 843241,
                    "Plan Width": 4,
                    "Actual Startup Time": 0.011,
                    "Actual Total Time": 142.163,
                    "Actual Rows": 721649,
                    "Actual Loops": 2,
                    "Filter": "(production_year < 2006)",
                    "Rows Removed by Filter": 542507
                  },
                  {
                    "Node Type": "Hash",
                    "Parent Relationship": "Inner",
                    "Parallel Aware": true,
                    "Startup Cost": 24401.57,
                    "Total Cost": 24401.57,
                    "Plan Rows": 113696,
                    "Plan Width": 4,
                    "Actual Startup Time": 69.565,
                    "Actual Total Time": 69.566,
                    "Actual Rows": 93889,
                    "Actual Loops": 2,
                    "Hash Buckets": 262144,
                    "Original Hash Buckets": 262144,
                    "Hash Batches": 1,
                    "Original Hash Batches": 1,
                    "Peak Memory Usage": 9408,
                    "Plans": [
                      {
                        "Node Type": "Bitmap Heap Scan",
                        "Parent Relationship": "Outer",
                        "Parallel Aware": true,
                        "Relation Name": "movie_companies",
                        "Alias": "mc",
                        "Startup Cost": 4190.37,
                        "Total Cost": 24401.57,
                        "Plan Rows": 113696,
                        "Plan Width": 4,
                        "Actual Startup Time": 18.114,
                        "Actual Total Time": 47.776,
                        "Actual Rows": 93889,
                        "Actual Loops": 2,
                        "Recheck Cond": "(company_id > 117461)",
                        "Rows Removed by Index Recheck": 0,
                        "Exact Heap Blocks": 3077,
                        "Lossy Heap Blocks": 0,
                        "Plans": [
                          {
                            "Node Type": "Bitmap Index Scan",
                            "Parent Relationship": "Outer",
                            "Parallel Aware": false,
                            "Index Name": "company_id_movie_companies",
                            "Startup Cost": 0.0,
                            "Total Cost": 4142.05,
                            "Plan Rows": 193283,
                            "Plan Width": 0,
                            "Actual Startup Time": 19.449,
                            "Actual Total Time": 19.449,
                            "Actual Rows": 187778,
                            "Actual Loops": 1,
                            "Index Cond": "(company_id > 117461)"
                          }
                        ]
                      }
                    ]
                  }
                ]
              }
            ]
          }
        ]
      }
    ]
  },
  "Planning Time": 0.453,
  "Triggers": [],
  "Execution Time": 339.139
}