[
    {
        "Bao": {
            "Bao prediction": "NaN",
            "Bao recommended hint": "(no hint)"
        }
    },
    {
        "Plan": {
            "Node Type": "Aggregate",
            "Strategy": "Plain",
            "Partial Mode": "Simple",
            "Parallel Aware": false,
            "Startup Cost": 26262.69,
            "Total Cost": 26262.7,
            "Plan Rows": 1,
            "Plan Width": 8,
            "Actual Startup Time": 16.803,
            "Actual Total Time": 16.804,
            "Actual Rows": 1,
            "Actual Loops": 1,
            "Output": [
                "count(*)"
            ],
            "Plans": [
                {
                    "Node Type": "Bitmap Heap Scan",
                    "Parent Relationship": "Outer",
                    "Parallel Aware": false,
                    "Relation Name": "movie_keyword",
                    "Schema": "public",
                    "Alias": "mk",
                    "Startup Cost": 534.22,
                    "Total Cost": 26200.18,
                    "Plan Rows": 25005,
                    "Plan Width": 0,
                    "Actual Startup Time": 3.163,
                    "Actual Total Time": 15.53,
                    "Actual Rows": 21425,
                    "Actual Loops": 1,
                    "Recheck Cond": "(mk.keyword_id > 116298)",
                    "Rows Removed by Index Recheck": 0,
                    "Exact Heap Blocks": 6447,
                    "Lossy Heap Blocks": 0,
                    "Plans": [
                        {
                            "Node Type": "Bitmap Index Scan",
                            "Parent Relationship": "Outer",
                            "Parallel Aware": false,
                            "Index Name": "keyword_id_movie_keyword",
                            "Startup Cost": 0.0,
                            "Total Cost": 527.97,
                            "Plan Rows": 25005,
                            "Plan Width": 0,
                            "Actual Startup Time": 2.177,
                            "Actual Total Time": 2.178,
                            "Actual Rows": 21425,
                            "Actual Loops": 1,
                            "Index Cond": "(mk.keyword_id > 116298)"
                        }
                    ]
                }
            ]
        },
        "Planning Time": 177.875,
        "Triggers": [],
        "Execution Time": 16.848
    }
]