[
  {
    "Plan": {
      "Node Type": "Aggregate",
      "Strategy": "Plain",
      "Partial Mode": "Finalize",
      "Parallel Aware": false,
      "Startup Cost": 75982.29,
      "Total Cost": 75982.3,
      "Plan Rows": 1,
      "Plan Width": 8,
      "Actual Startup Time": 196.489,
      "Actual Total Time": 205.355,
      "Actual Rows": 1,
      "Actual Loops": 1,
      "Plans": [
        {
          "Node Type": "Gather",
          "Parent Relationship": "Outer",
          "Parallel Aware": false,
          "Startup Cost": 75981.87,
          "Total Cost": 75982.28,
          "Plan Rows": 4,
          "Plan Width": 8,
          "Actual Startup Time": 193.948,
          "Actual Total Time": 205.347,
          "Actual Rows": 5,
          "Actual Loops": 1,
          "Workers Planned": 4,
          "Workers Launched": 4,
          "Single Copy": false,
          "Plans": [
            {
              "Node Type": "Aggregate",
              "Strategy": "Plain",
              "Partial Mode": "Partial",
              "Parent Relationship": "Outer",
              "Parallel Aware": false,
              "Startup Cost": 74981.87,
              "Total Cost": 74981.88,
              "Plan Rows": 1,
              "Plan Width": 8,
              "Actual Startup Time": 190.856,
              "Actual Total Time": 190.915,
              "Actual Rows": 1,
              "Actual Loops": 5,
              "Plans": [
                {
                  "Node Type": "Hash Join",
                  "Parent Relationship": "Outer",
                  "Parallel Aware": true,
                  "Join Type": "Inner",
                  "Startup Cost": 29007.85,
                  "Total Cost": 74912.46,
                  "Plan Rows": 27763,
                  "Plan Width": 0,
                  "Actual Startup Time": 107.596,
                  "Actual Total Time": 190.635,
                  "Actual Rows": 4639,
                  "Actual Loops": 5,
                  "Inner Unique": false,
                  "Hash Cond": "(t.id = mc.movie_id)",
                  "Plans": [
                    {
                      "Node Type": "Seq Scan",
                      "Parent Relationship": "Outer",
                      "Parallel Aware": true,
                      "Relation Name": "title",
                      "Alias": "t",
                      "Startup Cost": 0.0,
                      "Total Cost": 43899.01,
                      "Plan Rows": 383209,
                      "Plan Width": 4,
                      "Actual Startup Time": 0.009,
                      "Actual Total Time": 65.702,
                      "Actual Rows": 308653,
                      "Actual Loops": 5,
                      "Filter": "(kind_id = 7)",
                      "Rows Removed by Filter": 197010
                    },
                    {
                      "Node Type": "Hash",
                      "Parent Relationship": "Inner",
                      "Parallel Aware": true,
                      "Startup Cost": 28269.25,
                      "Total Cost": 28269.25,
                      "Plan Rows": 59088,
                      "Plan Width": 4,
                      "Actual Startup Time": 75.846,
                      "Actual Total Time": 75.847,
                      "Actual Rows": 72879,
                      "Actual Loops": 5,
                      "Hash Buckets": 524288,
                      "Original Hash Buckets": 262144,
                      "Hash Batches": 1,
                      "Original Hash Batches": 1,
                      "Peak Memory Usage": 20512,
                      "Plans": [
                        {
                          "Node Type": "Bitmap Heap Scan",
                          "Parent Relationship": "Outer",
                          "Parallel Aware": true,
                          "Relation Name": "movie_companies",
                          "Alias": "mc",
                          "Startup Cost": 7740.81,
                          "Total Cost": 28269.25,
                          "Plan Rows": 59088,
                          "Plan Width": 4,
                          "Actual Startup Time": 21.933,
                          "Actual Total Time": 47.051,
                          "Actual Rows": 72879,
                          "Actual Loops": 5,
                          "Recheck Cond": "(company_id > 86199)",
                          "Rows Removed by Index Recheck": 0,
                          "Filter": "(company_type_id > 1)",
                          "Rows Removed by Filter": 0,
                          "Exact Heap Blocks": 1717,
                          "Lossy Heap Blocks": 0,
                          "Plans": [
                            {
                              "Node Type": "Bitmap Index Scan",
                              "Parent Relationship": "Outer",
                              "Parallel Aware": false,
                              "Index Name": "company_id_movie_companies",
                              "Startup Cost": 0.0,
                              "Total Cost": 7695.02,
                              "Plan Rows": 359278,
                              "Plan Width": 0,
                              "Actual Startup Time": 21.319,
                              "Actual Total Time": 21.319,
                              "Actual Rows": 364393,
                              "Actual Loops": 1,
                              "Index Cond": "(company_id > 86199)"
                            }
                          ]
                        }
                      ]
                    }
                  ]
                }
              ]
            }
          ]
        }
      ]
    },
    "Planning Time": 0.248,
    "Triggers": [],
    "Execution Time": 205.396
  }
]