{
    "Plan": {
        "Node Type": "Aggregate",
        "Strategy": "Plain",
        "Partial Mode": "Finalize",
        "Parallel Aware": false,
        "Startup Cost": 84325.99,
        "Total Cost": 84326.0,
        "Plan Rows": 1,
        "Plan Width": 8,
        "Actual Startup Time": 265.201,
        "Actual Total Time": 285.911,
        "Actual Rows": 1,
        "Actual Loops": 1,
        "Output": [
            "count(*)"
        ],
        "Plans": [
            {
                "Node Type": "Gather",
                "Parent Relationship": "Outer",
                "Parallel Aware": false,
                "Startup Cost": 84325.78,
                "Total Cost": 84325.99,
                "Plan Rows": 2,
                "Plan Width": 8,
                "Actual Startup Time": 264.588,
                "Actual Total Time": 285.905,
                "Actual Rows": 3,
                "Actual Loops": 1,
                "Output": [
                    "(PARTIAL count(*))"
                ],
                "Workers Planned": 2,
                "Workers Launched": 2,
                "Single Copy": false,
                "Plans": [
                    {
                        "Node Type": "Aggregate",
                        "Strategy": "Plain",
                        "Partial Mode": "Partial",
                        "Parent Relationship": "Outer",
                        "Parallel Aware": false,
                        "Startup Cost": 83325.78,
                        "Total Cost": 83325.79,
                        "Plan Rows": 1,
                        "Plan Width": 8,
                        "Actual Startup Time": 255.905,
                        "Actual Total Time": 255.909,
                        "Actual Rows": 1,
                        "Actual Loops": 3,
                        "Output": [
                            "PARTIAL count(*)"
                        ],
                        "Workers": [
                            {
                                "Worker Number": 0,
                                "Actual Startup Time": 251.722,
                                "Actual Total Time": 251.726,
                                "Actual Rows": 1,
                                "Actual Loops": 1
                            },
                            {
                                "Worker Number": 1,
                                "Actual Startup Time": 252.371,
                                "Actual Total Time": 252.376,
                                "Actual Rows": 1,
                                "Actual Loops": 1
                            }
                        ],
                        "Plans": [
                            {
                                "Node Type": "Hash Join",
                                "Parent Relationship": "Outer",
                                "Parallel Aware": true,
                                "Join Type": "Inner",
                                "Startup Cost": 74188.29,
                                "Total Cost": 83325.75,
                                "Plan Rows": 10,
                                "Plan Width": 0,
                                "Actual Startup Time": 255.11,
                                "Actual Total Time": 255.902,
                                "Actual Rows": 0,
                                "Actual Loops": 3,
                                "Inner Unique": true,
                                "Hash Cond": "(mc.movie_id = t.id)",
                                "Workers": [
                                    {
                                        "Worker Number": 0,
                                        "Actual Startup Time": 251.716,
                                        "Actual Total Time": 251.719,
                                        "Actual Rows": 0,
                                        "Actual Loops": 1
                                    },
                                    {
                                        "Worker Number": 1,
                                        "Actual Startup Time": 252.366,
                                        "Actual Total Time": 252.37,
                                        "Actual Rows": 0,
                                        "Actual Loops": 1
                                    }
                                ],
                                "Plans": [
                                    {
                                        "Node Type": "Bitmap Heap Scan",
                                        "Parent Relationship": "Outer",
                                        "Parallel Aware": true,
                                        "Relation Name": "movie_companies",
                                        "Schema": "public",
                                        "Alias": "mc",
                                        "Startup Cost": 80.74,
                                        "Total Cost": 9214.2,
                                        "Plan Rows": 1522,
                                        "Plan Width": 4,
                                        "Actual Startup Time": 0.764,
                                        "Actual Total Time": 3.287,
                                        "Actual Rows": 1057,
                                        "Actual Loops": 3,
                                        "Output": [
                                            "mc.id",
                                            "mc.movie_id",
                                            "mc.company_id",
                                            "mc.company_type_id",
                                            "mc.note"
                                        ],
                                        "Recheck Cond": "(mc.company_id = 137)",
                                        "Rows Removed by Index Recheck": 0,
                                        "Exact Heap Blocks": 321,
                                        "Lossy Heap Blocks": 0,
                                        "Workers": [
                                            {
                                                "Worker Number": 0,
                                                "Actual Startup Time": 0.822,
                                                "Actual Total Time": 3.29,
                                                "Actual Rows": 781,
                                                "Actual Loops": 1
                                            },
                                            {
                                                "Worker Number": 1,
                                                "Actual Startup Time": 0.67,
                                                "Actual Total Time": 3.27,
                                                "Actual Rows": 1114,
                                                "Actual Loops": 1
                                            }
                                        ],
                                        "Plans": [
                                            {
                                                "Node Type": "Bitmap Index Scan",
                                                "Parent Relationship": "Outer",
                                                "Parallel Aware": false,
                                                "Index Name": "company_id_movie_companies",
                                                "Startup Cost": 0.0,
                                                "Total Cost": 79.83,
                                                "Plan Rows": 3653,
                                                "Plan Width": 0,
                                                "Actual Startup Time": 0.512,
                                                "Actual Total Time": 0.513,
                                                "Actual Rows": 3172,
                                                "Actual Loops": 1,
                                                "Index Cond": "(mc.company_id = 137)",
                                                "Workers": [
                                                    {
                                                        "Worker Number": 1,
                                                        "Actual Startup Time": 0.512,
                                                        "Actual Total Time": 0.513,
                                                        "Actual Rows": 3172,
                                                        "Actual Loops": 1
                                                    }
                                                ]
                                            }
                                        ]
                                    },
                                    {
                                        "Node Type": "Hash",
                                        "Parent Relationship": "Inner",
                                        "Parallel Aware": true,
                                        "Startup Cost": 74054.82,
                                        "Total Cost": 74054.82,
                                        "Plan Rows": 4219,
                                        "Plan Width": 4,
                                        "Actual Startup Time": 251.35,
                                        "Actual Total Time": 251.351,
                                        "Actual Rows": 5880,
                                        "Actual Loops": 3,
                                        "Output": [
                                            "t.id"
                                        ],
                                        "Hash Buckets": 32768,
                                        "Original Hash Buckets": 32768,
                                        "Hash Batches": 1,
                                        "Original Hash Batches": 1,
                                        "Peak Memory Usage": 992,
                                        "Workers": [
                                            {
                                                "Worker Number": 0,
                                                "Actual Startup Time": 247.646,
                                                "Actual Total Time": 247.647,
                                                "Actual Rows": 4457,
                                                "Actual Loops": 1
                                            },
                                            {
                                                "Worker Number": 1,
                                                "Actual Startup Time": 248.245,
                                                "Actual Total Time": 248.246,
                                                "Actual Rows": 4802,
                                                "Actual Loops": 1
                                            }
                                        ],
                                        "Plans": [
                                            {
                                                "Node Type": "Bitmap Heap Scan",
                                                "Parent Relationship": "Outer",
                                                "Parallel Aware": true,
                                                "Relation Name": "title",
                                                "Schema": "public",
                                                "Alias": "t",
                                                "Startup Cost": 31442.09,
                                                "Total Cost": 74054.82,
                                                "Plan Rows": 4219,
                                                "Plan Width": 4,
                                                "Actual Startup Time": 77.182,
                                                "Actual Total Time": 247.367,
                                                "Actual Rows": 5880,
                                                "Actual Loops": 3,
                                                "Output": [
                                                    "t.id"
                                                ],
                                                "Recheck Cond": "(t.kind_id > 2)",
                                                "Rows Removed by Index Recheck": 0,
                                                "Filter": "(t.production_year = 1991)",
                                                "Rows Removed by Filter": 585665,
                                                "Exact Heap Blocks": 17048,
                                                "Lossy Heap Blocks": 0,
                                                "Workers": [
                                                    {
                                                        "Worker Number": 0,
                                                        "Actual Startup Time": 73.558,
                                                        "Actual Total Time": 243.675,
                                                        "Actual Rows": 4457,
                                                        "Actual Loops": 1
                                                    },
                                                    {
                                                        "Worker Number": 1,
                                                        "Actual Startup Time": 74.291,
                                                        "Actual Total Time": 244.223,
                                                        "Actual Rows": 4802,
                                                        "Actual Loops": 1
                                                    }
                                                ],
                                                "Plans": [
                                                    {
                                                        "Node Type": "Bitmap Index Scan",
                                                        "Parent Relationship": "Outer",
                                                        "Parallel Aware": false,
                                                        "Index Name": "kind_id_title",
                                                        "Startup Cost": 0.0,
                                                        "Total Cost": 31437.88,
                                                        "Plan Rows": 1763926,
                                                        "Plan Width": 0,
                                                        "Actual Startup Time": 77.945,
                                                        "Actual Total Time": 77.945,
                                                        "Actual Rows": 1774635,
                                                        "Actual Loops": 1,
                                                        "Index Cond": "(t.kind_id > 2)"
                                                    }
                                                ]
                                            }
                                        ]
                                    }
                                ]
                            }
                        ]
                    }
                ]
            }
        ]
    },
    "Planning Time": 2.324,
    "Triggers": [],
    "Execution Time": 286.319
}