[
  {
    "Plan": {
      "Node Type": "Aggregate",
      "Strategy": "Plain",
      "Partial Mode": "Finalize",
      "Parallel Aware": false,
      "Startup Cost": 47145.66,
      "Total Cost": 47145.67,
      "Plan Rows": 1,
      "Plan Width": 8,
      "Actual Startup Time": 10.198,
      "Actual Total Time": 12.109,
      "Actual Rows": 1,
      "Actual Loops": 1,
      "Plans": [
        {
          "Node Type": "Gather",
          "Parent Relationship": "Outer",
          "Parallel Aware": false,
          "Startup Cost": 47145.45,
          "Total Cost": 47145.66,
          "Plan Rows": 2,
          "Plan Width": 8,
          "Actual Startup Time": 8.879,
          "Actual Total Time": 12.105,
          "Actual Rows": 3,
          "Actual Loops": 1,
          "Workers Planned": 2,
          "Workers Launched": 2,
          "Single Copy": false,
          "Plans": [
            {
              "Node Type": "Aggregate",
              "Strategy": "Plain",
              "Partial Mode": "Partial",
              "Parent Relationship": "Outer",
              "Parallel Aware": false,
              "Startup Cost": 46145.45,
              "Total Cost": 46145.46,
              "Plan Rows": 1,
              "Plan Width": 8,
              "Actual Startup Time": 6.565,
              "Actual Total Time": 6.566,
              "Actual Rows": 1,
              "Actual Loops": 3,
              "Plans": [
                {
                  "Node Type": "Nested Loop",
                  "Parent Relationship": "Outer",
                  "Parallel Aware": false,
                  "Join Type": "Inner",
                  "Startup Cost": 161.18,
                  "Total Cost": 46145.26,
                  "Plan Rows": 75,
                  "Plan Width": 0,
                  "Actual Startup Time": 3.178,
                  "Actual Total Time": 6.562,
                  "Actual Rows": 2,
                  "Actual Loops": 3,
                  "Inner Unique": true,
                  "Plans": [
                    {
                      "Node Type": "Bitmap Heap Scan",
                      "Parent Relationship": "Outer",
                      "Parallel Aware": true,
                      "Relation Name": "cast_info",
                      "Alias": "ci",
                      "Startup Cost": 160.75,
                      "Total Cost": 25183.84,
                      "Plan Rows": 3021,
                      "Plan Width": 4,
                      "Actual Startup Time": 0.293,
                      "Actual Total Time": 0.463,
                      "Actual Rows": 1203,
                      "Actual Loops": 3,
                      "Recheck Cond": "(person_id = 254557)",
                      "Rows Removed by Index Recheck": 0,
                      "Exact Heap Blocks": 18,
                      "Lossy Heap Blocks": 0,
                      "Plans": [
                        {
                          "Node Type": "Bitmap Index Scan",
                          "Parent Relationship": "Outer",
                          "Parallel Aware": false,
                          "Index Name": "person_id_cast_info",
                          "Startup Cost": 0.0,
                          "Total Cost": 158.94,
                          "Plan Rows": 7250,
                          "Plan Width": 0,
                          "Actual Startup Time": 0.77,
                          "Actual Total Time": 0.77,
                          "Actual Rows": 3610,
                          "Actual Loops": 1,
                          "Index Cond": "(person_id = 254557)"
                        }
                      ]
                    },
                    {
                      "Node Type": "Index Scan",
                      "Parent Relationship": "Inner",
                      "Parallel Aware": false,
                      "Scan Direction": "Forward",
                      "Index Name": "title_pkey",
                      "Relation Name": "title",
                      "Alias": "t",
                      "Startup Cost": 0.43,
                      "Total Cost": 6.94,
                      "Plan Rows": 1,
                      "Plan Width": 4,
                      "Actual Startup Time": 0.005,
                      "Actual Total Time": 0.005,
                      "Actual Rows": 0,
                      "Actual Loops": 3610,
                      "Index Cond": "(id = ci.movie_id)",
                      "Rows Removed by Index Recheck": 0,
                      "Filter": "((production_year > 1994) AND (kind_id = 2))",
                      "Rows Removed by Filter": 1
                    }
                  ]
                }
              ]
            }
          ]
        }
      ]
    },
    "Planning Time": 0.239,
    "Triggers": [],
    "Execution Time": 12.144
  }
]