[
  {
    "Plan": {
      "Node Type": "Aggregate",
      "Strategy": "Plain",
      "Partial Mode": "Finalize",
      "Parallel Aware": false,
      "Startup Cost": 217665.28,
      "Total Cost": 217665.29,
      "Plan Rows": 1,
      "Plan Width": 8,
      "Actual Startup Time": 126.592,
      "Actual Total Time": 144.318,
      "Actual Rows": 1,
      "Actual Loops": 1,
      "Plans": [
        {
          "Node Type": "Gather",
          "Parent Relationship": "Outer",
          "Parallel Aware": false,
          "Startup Cost": 217664.86,
          "Total Cost": 217665.27,
          "Plan Rows": 4,
          "Plan Width": 8,
          "Actual Startup Time": 126.44,
          "Actual Total Time": 144.309,
          "Actual Rows": 5,
          "Actual Loops": 1,
          "Workers Planned": 4,
          "Workers Launched": 4,
          "Single Copy": false,
          "Plans": [
            {
              "Node Type": "Aggregate",
              "Strategy": "Plain",
              "Partial Mode": "Partial",
              "Parent Relationship": "Outer",
              "Parallel Aware": false,
              "Startup Cost": 216664.86,
              "Total Cost": 216664.87,
              "Plan Rows": 1,
              "Plan Width": 8,
              "Actual Startup Time": 116.995,
              "Actual Total Time": 116.998,
              "Actual Rows": 1,
              "Actual Loops": 5,
              "Plans": [
                {
                  "Node Type": "Nested Loop",
                  "Parent Relationship": "Outer",
                  "Parallel Aware": false,
                  "Join Type": "Inner",
                  "Startup Cost": 0.43,
                  "Total Cost": 216633.04,
                  "Plan Rows": 12731,
                  "Plan Width": 0,
                  "Actual Startup Time": 0.42,
                  "Actual Total Time": 116.324,
                  "Actual Rows": 6007,
                  "Actual Loops": 5,
                  "Inner Unique": false,
                  "Plans": [
                    {
                      "Node Type": "Seq Scan",
                      "Parent Relationship": "Outer",
                      "Parallel Aware": true,
                      "Relation Name": "title",
                      "Alias": "t",
                      "Startup Cost": 0.0,
                      "Total Cost": 45479.1,
                      "Plan Rows": 2177,
                      "Plan Width": 4,
                      "Actual Startup Time": 0.204,
                      "Actual Total Time": 88.909,
                      "Actual Rows": 1754,
                      "Actual Loops": 5,
                      "Filter": "((kind_id = 7) AND (production_year = 1970))",
                      "Rows Removed by Filter": 503909
                    },
                    {
                      "Node Type": "Index Only Scan",
                      "Parent Relationship": "Inner",
                      "Parallel Aware": false,
                      "Scan Direction": "Forward",
                      "Index Name": "movie_id_movie_info",
                      "Relation Name": "movie_info",
                      "Alias": "mi",
                      "Startup Cost": 0.43,
                      "Total Cost": 78.2,
                      "Plan Rows": 42,
                      "Plan Width": 4,
                      "Actual Startup Time": 0.009,
                      "Actual Total Time": 0.015,
                      "Actual Rows": 3,
                      "Actual Loops": 8768,
                      "Index Cond": "(movie_id = t.id)",
                      "Rows Removed by Index Recheck": 0,
                      "Heap Fetches": 30035
                    }
                  ]
                }
              ]
            }
          ]
        }
      ]
    },
    "Planning Time": 0.629,
    "Triggers": [],
    "Execution Time": 144.392
  }
]