[
  {
    "Plan": {
      "Node Type": "Aggregate",
      "Strategy": "Plain",
      "Partial Mode": "Finalize",
      "Parallel Aware": false,
      "Startup Cost": 44317.81,
      "Total Cost": 44317.82,
      "Plan Rows": 1,
      "Plan Width": 8,
      "Actual Startup Time": 116.101,
      "Actual Total Time": 126.842,
      "Actual Rows": 1,
      "Actual Loops": 1,
      "Plans": [
        {
          "Node Type": "Gather",
          "Parent Relationship": "Outer",
          "Parallel Aware": false,
          "Startup Cost": 44317.49,
          "Total Cost": 44317.8,
          "Plan Rows": 3,
          "Plan Width": 8,
          "Actual Startup Time": 115.965,
          "Actual Total Time": 126.833,
          "Actual Rows": 4,
          "Actual Loops": 1,
          "Workers Planned": 3,
          "Workers Launched": 3,
          "Single Copy": false,
          "Plans": [
            {
              "Node Type": "Aggregate",
              "Strategy": "Plain",
              "Partial Mode": "Partial",
              "Parent Relationship": "Outer",
              "Parallel Aware": false,
              "Startup Cost": 43317.49,
              "Total Cost": 43317.5,
              "Plan Rows": 1,
              "Plan Width": 8,
              "Actual Startup Time": 111.56,
              "Actual Total Time": 111.561,
              "Actual Rows": 1,
              "Actual Loops": 4,
              "Plans": [
                {
                  "Node Type": "Seq Scan",
                  "Parent Relationship": "Outer",
                  "Parallel Aware": true,
                  "Relation Name": "movie_keyword",
                  "Alias": "mk",
                  "Startup Cost": 0.0,
                  "Total Cost": 42695.65,
                  "Plan Rows": 248734,
                  "Plan Width": 0,
                  "Actual Startup Time": 0.033,
                  "Actual Total Time": 101.338,
                  "Actual Rows": 195550,
                  "Actual Loops": 4,
                  "Filter": "(keyword_id < 748)",
                  "Rows Removed by Filter": 935433
                }
              ]
            }
          ]
        }
      ]
    },
    "Planning Time": 0.162,
    "Triggers": [],
    "Execution Time": 126.901
  }
]