[
  {
    "Plan": {
      "Node Type": "Aggregate",
      "Strategy": "Plain",
      "Partial Mode": "Finalize",
      "Parallel Aware": false,
      "Startup Cost": 45895.79,
      "Total Cost": 45895.8,
      "Plan Rows": 1,
      "Plan Width": 8,
      "Actual Startup Time": 150.784,
      "Actual Total Time": 160.971,
      "Actual Rows": 1,
      "Actual Loops": 1,
      "Plans": [
        {
          "Node Type": "Gather",
          "Parent Relationship": "Outer",
          "Parallel Aware": false,
          "Startup Cost": 45895.48,
          "Total Cost": 45895.79,
          "Plan Rows": 3,
          "Plan Width": 8,
          "Actual Startup Time": 150.647,
          "Actual Total Time": 160.961,
          "Actual Rows": 4,
          "Actual Loops": 1,
          "Workers Planned": 3,
          "Workers Launched": 3,
          "Single Copy": false,
          "Plans": [
            {
              "Node Type": "Aggregate",
              "Strategy": "Plain",
              "Partial Mode": "Partial",
              "Parent Relationship": "Outer",
              "Parallel Aware": false,
              "Startup Cost": 44895.48,
              "Total Cost": 44895.49,
              "Plan Rows": 1,
              "Plan Width": 8,
              "Actual Startup Time": 145.435,
              "Actual Total Time": 145.436,
              "Actual Rows": 1,
              "Actual Loops": 4,
              "Plans": [
                {
                  "Node Type": "Seq Scan",
                  "Parent Relationship": "Outer",
                  "Parallel Aware": true,
                  "Relation Name": "movie_keyword",
                  "Alias": "mk",
                  "Startup Cost": 0.0,
                  "Total Cost": 42695.65,
                  "Plan Rows": 879929,
                  "Plan Width": 0,
                  "Actual Startup Time": 0.334,
                  "Actual Total Time": 114.589,
                  "Actual Rows": 680834,
                  "Actual Loops": 4,
                  "Filter": "(keyword_id > 2909)",
                  "Rows Removed by Filter": 450149
                }
              ]
            }
          ]
        }
      ]
    },
    "Planning Time": 0.153,
    "Triggers": [],
    "Execution Time": 161.017
  }
]