[
  {
    "Plan": {
      "Node Type": "Aggregate",
      "Strategy": "Plain",
      "Partial Mode": "Finalize",
      "Parallel Aware": false,
      "Startup Cost": 189198.18,
      "Total Cost": 189198.19,
      "Plan Rows": 1,
      "Plan Width": 8,
      "Actual Startup Time": 2012.996,
      "Actual Total Time": 2056.507,
      "Actual Rows": 1,
      "Actual Loops": 1,
      "Plans": [
        {
          "Node Type": "Gather",
          "Parent Relationship": "Outer",
          "Parallel Aware": false,
          "Startup Cost": 189197.97,
          "Total Cost": 189198.18,
          "Plan Rows": 2,
          "Plan Width": 8,
          "Actual Startup Time": 1989.955,
          "Actual Total Time": 2056.496,
          "Actual Rows": 3,
          "Actual Loops": 1,
          "Workers Planned": 2,
          "Workers Launched": 2,
          "Single Copy": false,
          "Plans": [
            {
              "Node Type": "Aggregate",
              "Strategy": "Plain",
              "Partial Mode": "Partial",
              "Parent Relationship": "Outer",
              "Parallel Aware": false,
              "Startup Cost": 188197.97,
              "Total Cost": 188197.98,
              "Plan Rows": 1,
              "Plan Width": 8,
              "Actual Startup Time": 1982.499,
              "Actual Total Time": 1984.737,
              "Actual Rows": 1,
              "Actual Loops": 3,
              "Plans": [
                {
                  "Node Type": "Hash Join",
                  "Parent Relationship": "Outer",
                  "Parallel Aware": true,
                  "Join Type": "Inner",
                  "Startup Cost": 171283.29,
                  "Total Cost": 188005.72,
                  "Plan Rows": 76899,
                  "Plan Width": 0,
                  "Actual Startup Time": 1680.121,
                  "Actual Total Time": 1937.433,
                  "Actual Rows": 829998,
                  "Actual Loops": 3,
                  "Inner Unique": false,
                  "Hash Cond": "(mi_idx.movie_id = t.id)",
                  "Plans": [
                    {
                      "Node Type": "Seq Scan",
                      "Parent Relationship": "Outer",
                      "Parallel Aware": true,
                      "Relation Name": "movie_info_idx",
                      "Alias": "mi_idx",
                      "Startup Cost": 0.0,
                      "Total Cost": 15122.68,
                      "Plan Rows": 385585,
                      "Plan Width": 4,
                      "Actual Startup Time": 0.032,
                      "Actual Total Time": 56.457,
                      "Actual Rows": 306703,
                      "Actual Loops": 3,
                      "Filter": "(info_type_id > 99)",
                      "Rows Removed by Filter": 153308
                    },
                    {
                      "Node Type": "Hash",
                      "Parent Relationship": "Inner",
                      "Parallel Aware": true,
                      "Startup Cost": 170022.73,
                      "Total Cost": 170022.73,
                      "Plan Rows": 100845,
                      "Plan Width": 8,
                      "Actual Startup Time": 1676.388,
                      "Actual Total Time": 1678.624,
                      "Actual Rows": 802992,
                      "Actual Loops": 3,
                      "Hash Buckets": 4194304,
                      "Original Hash Buckets": 524288,
                      "Hash Batches": 1,
                      "Original Hash Batches": 1,
                      "Peak Memory Usage": 155712,
                      "Plans": [
                        {
                          "Node Type": "Hash Join",
                          "Parent Relationship": "Outer",
                          "Parallel Aware": true,
                          "Join Type": "Inner",
                          "Startup Cost": 50060.36,
                          "Total Cost": 170022.73,
                          "Plan Rows": 100845,
                          "Plan Width": 8,
                          "Actual Startup Time": 444.454,
                          "Actual Total Time": 1262.145,
                          "Actual Rows": 802992,
                          "Actual Loops": 3,
                          "Inner Unique": true,
                          "Hash Cond": "(ci.movie_id = t.id)",
                          "Plans": [
                            {
                              "Node Type": "Index Scan",
                              "Parent Relationship": "Outer",
                              "Parallel Aware": true,
                              "Scan Direction": "Forward",
                              "Index Name": "role_id_cast_info",
                              "Relation Name": "cast_info",
                              "Alias": "ci",
                              "Startup Cost": 0.56,
                              "Total Cost": 119623.46,
                              "Plan Rows": 129327,
                              "Plan Width": 4,
                              "Actual Startup Time": 0.27,
                              "Actual Total Time": 328.59,
                              "Actual Rows": 847738,
                              "Actual Loops": 3,
                              "Index Cond": "(role_id = 10)",
                              "Rows Removed by Index Recheck": 0,
                              "Filter": "(person_id > 3144177)",
                              "Rows Removed by Filter": 593268
                            },
                            {
                              "Node Type": "Hash",
                              "Parent Relationship": "Inner",
                              "Parallel Aware": true,
                              "Startup Cost": 43898.92,
                              "Total Cost": 43898.92,
                              "Plan Rows": 492870,
                              "Plan Width": 4,
                              "Actual Startup Time": 436.678,
                              "Actual Total Time": 436.679,
                              "Actual Rows": 654063,
                              "Actual Loops": 3,
                              "Hash Buckets": 2097152,
                              "Original Hash Buckets": 2097152,
                              "Hash Batches": 1,
                              "Original Hash Batches": 1,
                              "Peak Memory Usage": 93184,
                              "Plans": [
                                {
                                  "Node Type": "Seq Scan",
                                  "Parent Relationship": "Outer",
                                  "Parallel Aware": true,
                                  "Relation Name": "title",
                                  "Alias": "t",
                                  "Startup Cost": 0.0,
                                  "Total Cost": 43898.92,
                                  "Plan Rows": 492870,
                                  "Plan Width": 4,
                                  "Actual Startup Time": 0.04,
                                  "Actual Total Time": 172.799,
                                  "Actual Rows": 654063,
                                  "Actual Loops": 3,
                                  "Filter": "(production_year > 1978)",
                                  "Rows Removed by Filter": 188708
                                }
                              ]
                            }
                          ]
                        }
                      ]
                    }
                  ]
                }
              ]
            }
          ]
        }
      ]
    },
    "Planning Time": 1.403,
    "Triggers": [],
    "Execution Time": 2056.603
  }
]