[
  {
    "Plan": {
      "Node Type": "Aggregate",
      "Strategy": "Plain",
      "Partial Mode": "Finalize",
      "Parallel Aware": false,
      "Startup Cost": 101569.77,
      "Total Cost": 101569.78,
      "Plan Rows": 1,
      "Plan Width": 8,
      "Actual Startup Time": 608.156,
      "Actual Total Time": 623.746,
      "Actual Rows": 1,
      "Actual Loops": 1,
      "Plans": [
        {
          "Node Type": "Gather",
          "Parent Relationship": "Outer",
          "Parallel Aware": false,
          "Startup Cost": 101569.56,
          "Total Cost": 101569.77,
          "Plan Rows": 2,
          "Plan Width": 8,
          "Actual Startup Time": 604.555,
          "Actual Total Time": 623.739,
          "Actual Rows": 3,
          "Actual Loops": 1,
          "Workers Planned": 2,
          "Workers Launched": 2,
          "Single Copy": false,
          "Plans": [
            {
              "Node Type": "Aggregate",
              "Strategy": "Plain",
              "Partial Mode": "Partial",
              "Parent Relationship": "Outer",
              "Parallel Aware": false,
              "Startup Cost": 100569.56,
              "Total Cost": 100569.57,
              "Plan Rows": 1,
              "Plan Width": 8,
              "Actual Startup Time": 596.253,
              "Actual Total Time": 596.259,
              "Actual Rows": 1,
              "Actual Loops": 3,
              "Plans": [
                {
                  "Node Type": "Hash Join",
                  "Parent Relationship": "Outer",
                  "Parallel Aware": true,
                  "Join Type": "Inner",
                  "Startup Cost": 83379.89,
                  "Total Cost": 100259.03,
                  "Plan Rows": 124209,
                  "Plan Width": 0,
                  "Actual Startup Time": 491.451,
                  "Actual Total Time": 590.576,
                  "Actual Rows": 138322,
                  "Actual Loops": 3,
                  "Inner Unique": false,
                  "Hash Cond": "(mi_idx.movie_id = t.id)",
                  "Plans": [
                    {
                      "Node Type": "Seq Scan",
                      "Parent Relationship": "Outer",
                      "Parallel Aware": true,
                      "Relation Name": "movie_info_idx",
                      "Alias": "mi_idx",
                      "Startup Cost": 0.0,
                      "Total Cost": 15122.68,
                      "Plan Rows": 385585,
                      "Plan Width": 4,
                      "Actual Startup Time": 0.05,
                      "Actual Total Time": 41.864,
                      "Actual Rows": 306703,
                      "Actual Loops": 3,
                      "Filter": "(info_type_id > 99)",
                      "Rows Removed by Filter": 153308
                    },
                    {
                      "Node Type": "Hash",
                      "Parent Relationship": "Inner",
                      "Parallel Aware": true,
                      "Startup Cost": 80834.76,
                      "Total Cost": 80834.76,
                      "Plan Rows": 203610,
                      "Plan Width": 8,
                      "Actual Startup Time": 484.692,
                      "Actual Total Time": 484.696,
                      "Actual Rows": 169720,
                      "Actual Loops": 3,
                      "Hash Buckets": 1048576,
                      "Original Hash Buckets": 1048576,
                      "Hash Batches": 1,
                      "Original Hash Batches": 1,
                      "Peak Memory Usage": 28192,
                      "Plans": [
                        {
                          "Node Type": "Hash Join",
                          "Parent Relationship": "Outer",
                          "Parallel Aware": true,
                          "Join Type": "Inner",
                          "Startup Cost": 34698.86,
                          "Total Cost": 80834.76,
                          "Plan Rows": 203610,
                          "Plan Width": 8,
                          "Actual Startup Time": 149.495,
                          "Actual Total Time": 427.927,
                          "Actual Rows": 169720,
                          "Actual Loops": 3,
                          "Inner Unique": false,
                          "Hash Cond": "(t.id = mc.movie_id)",
                          "Plans": [
                            {
                              "Node Type": "Seq Scan",
                              "Parent Relationship": "Outer",
                              "Parallel Aware": true,
                              "Relation Name": "title",
                              "Alias": "t",
                              "Startup Cost": 0.0,
                              "Total Cost": 42318.73,
                              "Plan Rows": 632073,
                              "Plan Width": 4,
                              "Actual Startup Time": 0.011,
                              "Actual Total Time": 90.87,
                              "Actual Rows": 842771,
                              "Actual Loops": 3
                            },
                            {
                              "Node Type": "Hash",
                              "Parent Relationship": "Inner",
                              "Parallel Aware": true,
                              "Startup Cost": 31414.82,
                              "Total Cost": 31414.82,
                              "Plan Rows": 262723,
                              "Plan Width": 4,
                              "Actual Startup Time": 146.171,
                              "Actual Total Time": 146.173,
                              "Actual Rows": 169720,
                              "Actual Loops": 3,
                              "Hash Buckets": 1048576,
                              "Original Hash Buckets": 1048576,
                              "Hash Batches": 1,
                              "Original Hash Batches": 1,
                              "Peak Memory Usage": 28192,
                              "Plans": [
                                {
                                  "Node Type": "Seq Scan",
                                  "Parent Relationship": "Outer",
                                  "Parallel Aware": true,
                                  "Relation Name": "movie_companies",
                                  "Alias": "mc",
                                  "Startup Cost": 0.0,
                                  "Total Cost": 31414.82,
                                  "Plan Rows": 262723,
                                  "Plan Width": 4,
                                  "Actual Startup Time": 54.118,
                                  "Actual Total Time": 96.667,
                                  "Actual Rows": 169720,
                                  "Actual Loops": 3,
                                  "Filter": "((company_id < 16138) AND (company_type_id = 2))",
                                  "Rows Removed by Filter": 699990
                                }
                              ]
                            }
                          ]
                        }
                      ]
                    }
                  ]
                }
              ]
            }
          ]
        }
      ]
    },
    "Planning Time": 1.456,
    "Triggers": [],
    "Execution Time": 623.828
  }
]