[
  {
    "Plan": {
      "Node Type": "Aggregate",
      "Strategy": "Plain",
      "Partial Mode": "Finalize",
      "Parallel Aware": false,
      "Startup Cost": 125775.21,
      "Total Cost": 125775.22,
      "Plan Rows": 1,
      "Plan Width": 8,
      "Actual Startup Time": 480.001,
      "Actual Total Time": 503.563,
      "Actual Rows": 1,
      "Actual Loops": 1,
      "Plans": [
        {
          "Node Type": "Gather",
          "Parent Relationship": "Outer",
          "Parallel Aware": false,
          "Startup Cost": 125774.89,
          "Total Cost": 125775.2,
          "Plan Rows": 3,
          "Plan Width": 8,
          "Actual Startup Time": 478.366,
          "Actual Total Time": 503.553,
          "Actual Rows": 4,
          "Actual Loops": 1,
          "Workers Planned": 3,
          "Workers Launched": 3,
          "Single Copy": false,
          "Plans": [
            {
              "Node Type": "Aggregate",
              "Strategy": "Plain",
              "Partial Mode": "Partial",
              "Parent Relationship": "Outer",
              "Parallel Aware": false,
              "Startup Cost": 124774.89,
              "Total Cost": 124774.9,
              "Plan Rows": 1,
              "Plan Width": 8,
              "Actual Startup Time": 469.289,
              "Actual Total Time": 469.417,
              "Actual Rows": 1,
              "Actual Loops": 4,
              "Plans": [
                {
                  "Node Type": "Hash Join",
                  "Parent Relationship": "Outer",
                  "Parallel Aware": true,
                  "Join Type": "Inner",
                  "Startup Cost": 79361.01,
                  "Total Cost": 124327.86,
                  "Plan Rows": 178813,
                  "Plan Width": 0,
                  "Actual Startup Time": 279.392,
                  "Actual Total Time": 462.492,
                  "Actual Rows": 177361,
                  "Actual Loops": 4,
                  "Inner Unique": false,
                  "Hash Cond": "(mk.movie_id = t.id)",
                  "Plans": [
                    {
                      "Node Type": "Seq Scan",
                      "Parent Relationship": "Outer",
                      "Parallel Aware": true,
                      "Relation Name": "movie_keyword",
                      "Alias": "mk",
                      "Startup Cost": 0.0,
                      "Total Cost": 39047.32,
                      "Plan Rows": 1459332,
                      "Plan Width": 4,
                      "Actual Startup Time": 0.026,
                      "Actual Total Time": 83.976,
                      "Actual Rows": 1130982,
                      "Actual Loops": 4
                    },
                    {
                      "Node Type": "Hash",
                      "Parent Relationship": "Inner",
                      "Parallel Aware": true,
                      "Startup Cost": 78392.91,
                      "Total Cost": 78392.91,
                      "Plan Rows": 77448,
                      "Plan Width": 8,
                      "Actual Startup Time": 275.784,
                      "Actual Total Time": 275.911,
                      "Actual Rows": 42397,
                      "Actual Loops": 4,
                      "Hash Buckets": 524288,
                      "Original Hash Buckets": 524288,
                      "Hash Batches": 1,
                      "Original Hash Batches": 1,
                      "Peak Memory Usage": 10816,
                      "Plans": [
                        {
                          "Node Type": "Hash Join",
                          "Parent Relationship": "Outer",
                          "Parallel Aware": true,
                          "Join Type": "Inner",
                          "Startup Cost": 32663.98,
                          "Total Cost": 78392.91,
                          "Plan Rows": 77448,
                          "Plan Width": 8,
                          "Actual Startup Time": 96.571,
                          "Actual Total Time": 260.452,
                          "Actual Rows": 42397,
                          "Actual Loops": 4,
                          "Inner Unique": false,
                          "Hash Cond": "(t.id = mc.movie_id)",
                          "Plans": [
                            {
                              "Node Type": "Seq Scan",
                              "Parent Relationship": "Outer",
                              "Parallel Aware": true,
                              "Relation Name": "title",
                              "Alias": "t",
                              "Startup Cost": 0.0,
                              "Total Cost": 42318.73,
                              "Plan Rows": 632073,
                              "Plan Width": 4,
                              "Actual Startup Time": 0.014,
                              "Actual Total Time": 71.599,
                              "Actual Rows": 632078,
                              "Actual Loops": 4
                            },
                            {
                              "Node Type": "Hash",
                              "Parent Relationship": "Inner",
                              "Parallel Aware": true,
                              "Startup Cost": 31414.82,
                              "Total Cost": 31414.82,
                              "Plan Rows": 99933,
                              "Plan Width": 4,
                              "Actual Startup Time": 94.859,
                              "Actual Total Time": 94.861,
                              "Actual Rows": 42397,
                              "Actual Loops": 4,
                              "Hash Buckets": 524288,
                              "Original Hash Buckets": 524288,
                              "Hash Batches": 1,
                              "Original Hash Batches": 1,
                              "Peak Memory Usage": 10816,
                              "Plans": [
                                {
                                  "Node Type": "Seq Scan",
                                  "Parent Relationship": "Outer",
                                  "Parallel Aware": true,
                                  "Relation Name": "movie_companies",
                                  "Alias": "mc",
                                  "Startup Cost": 0.0,
                                  "Total Cost": 31414.82,
                                  "Plan Rows": 99933,
                                  "Plan Width": 4,
                                  "Actual Startup Time": 49.399,
                                  "Actual Total Time": 77.652,
                                  "Actual Rows": 42397,
                                  "Actual Loops": 4,
                                  "Filter": "((company_id < 707) AND (company_type_id = 2))",
                                  "Rows Removed by Filter": 609885
                                }
                              ]
                            }
                          ]
                        }
                      ]
                    }
                  ]
                }
              ]
            }
          ]
        }
      ]
    },
    "Planning Time": 1.421,
    "Triggers": [],
    "Execution Time": 503.646
  }
]