[
  {
    "Plan": {
      "Node Type": "Aggregate",
      "Strategy": "Plain",
      "Partial Mode": "Finalize",
      "Parallel Aware": false,
      "Startup Cost": 340174.3,
      "Total Cost": 340174.31,
      "Plan Rows": 1,
      "Plan Width": 8,
      "Actual Startup Time": 446.288,
      "Actual Total Time": 468.816,
      "Actual Rows": 1,
      "Actual Loops": 1,
      "Plans": [
        {
          "Node Type": "Gather",
          "Parent Relationship": "Outer",
          "Parallel Aware": false,
          "Startup Cost": 340173.68,
          "Total Cost": 340174.29,
          "Plan Rows": 6,
          "Plan Width": 8,
          "Actual Startup Time": 446.184,
          "Actual Total Time": 468.807,
          "Actual Rows": 7,
          "Actual Loops": 1,
          "Workers Planned": 6,
          "Workers Launched": 6,
          "Single Copy": false,
          "Plans": [
            {
              "Node Type": "Aggregate",
              "Strategy": "Plain",
              "Partial Mode": "Partial",
              "Parent Relationship": "Outer",
              "Parallel Aware": false,
              "Startup Cost": 339173.68,
              "Total Cost": 339173.69,
              "Plan Rows": 1,
              "Plan Width": 8,
              "Actual Startup Time": 434.984,
              "Actual Total Time": 434.985,
              "Actual Rows": 1,
              "Actual Loops": 7,
              "Plans": [
                {
                  "Node Type": "Index Scan",
                  "Parent Relationship": "Outer",
                  "Parallel Aware": true,
                  "Scan Direction": "Forward",
                  "Index Name": "role_id_cast_info",
                  "Relation Name": "cast_info",
                  "Alias": "ci",
                  "Startup Cost": 0.56,
                  "Total Cost": 335235.55,
                  "Plan Rows": 1575252,
                  "Plan Width": 0,
                  "Actual Startup Time": 198.217,
                  "Actual Total Time": 391.799,
                  "Actual Rows": 891679,
                  "Actual Loops": 7,
                  "Index Cond": "(role_id = 1)",
                  "Rows Removed by Index Recheck": 0,
                  "Filter": "(person_id > 877622)",
                  "Rows Removed by Filter": 918419
                }
              ]
            }
          ]
        }
      ]
    },
    "Planning Time": 0.2,
    "Triggers": [],
    "Execution Time": 468.876
  }
]