[
  {
    "Plan": {
      "Node Type": "Aggregate",
      "Strategy": "Plain",
      "Partial Mode": "Finalize",
      "Parallel Aware": false,
      "Startup Cost": 26540.62,
      "Total Cost": 26540.63,
      "Plan Rows": 1,
      "Plan Width": 8,
      "Actual Startup Time": 63.754,
      "Actual Total Time": 68.085,
      "Actual Rows": 1,
      "Actual Loops": 1,
      "Plans": [
        {
          "Node Type": "Gather",
          "Parent Relationship": "Outer",
          "Parallel Aware": false,
          "Startup Cost": 26540.2,
          "Total Cost": 26540.61,
          "Plan Rows": 4,
          "Plan Width": 8,
          "Actual Startup Time": 63.687,
          "Actual Total Time": 68.077,
          "Actual Rows": 5,
          "Actual Loops": 1,
          "Workers Planned": 4,
          "Workers Launched": 4,
          "Single Copy": false,
          "Plans": [
            {
              "Node Type": "Aggregate",
              "Strategy": "Plain",
              "Partial Mode": "Partial",
              "Parent Relationship": "Outer",
              "Parallel Aware": false,
              "Startup Cost": 25540.2,
              "Total Cost": 25540.21,
              "Plan Rows": 1,
              "Plan Width": 8,
              "Actual Startup Time": 54.519,
              "Actual Total Time": 54.52,
              "Actual Rows": 1,
              "Actual Loops": 5,
              "Plans": [
                {
                  "Node Type": "Index Scan",
                  "Parent Relationship": "Outer",
                  "Parallel Aware": true,
                  "Scan Direction": "Forward",
                  "Index Name": "role_id_cast_info",
                  "Relation Name": "cast_info",
                  "Alias": "ci",
                  "Startup Cost": 0.56,
                  "Total Cost": 25284.63,
                  "Plan Rows": 102228,
                  "Plan Width": 0,
                  "Actual Startup Time": 0.181,
                  "Actual Total Time": 51.127,
                  "Actual Rows": 44496,
                  "Actual Loops": 5,
                  "Index Cond": "(role_id = 5)",
                  "Rows Removed by Index Recheck": 0,
                  "Filter": "(person_id < 1620273)",
                  "Rows Removed by Filter": 135182
                }
              ]
            }
          ]
        }
      ]
    },
    "Planning Time": 0.247,
    "Triggers": [],
    "Execution Time": 68.154
  }
]