{
    "Plan": {
        "Node Type": "Aggregate",
        "Strategy": "Plain",
        "Partial Mode": "Finalize",
        "Parallel Aware": false,
        "Startup Cost": 111891.82,
        "Total Cost": 111891.83,
        "Plan Rows": 1,
        "Plan Width": 8,
        "Actual Startup Time": 676.232,
        "Actual Total Time": 702.799,
        "Actual Rows": 1,
        "Actual Loops": 1,
        "Output": [
            "count(*)"
        ],
        "Plans": [
            {
                "Node Type": "Gather",
                "Parent Relationship": "Outer",
                "Parallel Aware": false,
                "Startup Cost": 111891.5,
                "Total Cost": 111891.81,
                "Plan Rows": 3,
                "Plan Width": 8,
                "Actual Startup Time": 672.62,
                "Actual Total Time": 702.788,
                "Actual Rows": 4,
                "Actual Loops": 1,
                "Output": [
                    "(PARTIAL count(*))"
                ],
                "Workers Planned": 3,
                "Workers Launched": 3,
                "Single Copy": false,
                "Plans": [
                    {
                        "Node Type": "Aggregate",
                        "Strategy": "Plain",
                        "Partial Mode": "Partial",
                        "Parent Relationship": "Outer",
                        "Parallel Aware": false,
                        "Startup Cost": 110891.5,
                        "Total Cost": 110891.51,
                        "Plan Rows": 1,
                        "Plan Width": 8,
                        "Actual Startup Time": 663.501,
                        "Actual Total Time": 663.65,
                        "Actual Rows": 1,
                        "Actual Loops": 4,
                        "Output": [
                            "PARTIAL count(*)"
                        ],
                        "Workers": [
                            {
                                "Worker Number": 0,
                                "Actual Startup Time": 660.421,
                                "Actual Total Time": 660.426,
                                "Actual Rows": 1,
                                "Actual Loops": 1
                            },
                            {
                                "Worker Number": 1,
                                "Actual Startup Time": 660.794,
                                "Actual Total Time": 660.8,
                                "Actual Rows": 1,
                                "Actual Loops": 1
                            },
                            {
                                "Worker Number": 2,
                                "Actual Startup Time": 660.921,
                                "Actual Total Time": 660.926,
                                "Actual Rows": 1,
                                "Actual Loops": 1
                            }
                        ],
                        "Plans": [
                            {
                                "Node Type": "Hash Join",
                                "Parent Relationship": "Outer",
                                "Parallel Aware": true,
                                "Join Type": "Inner",
                                "Startup Cost": 63476.08,
                                "Total Cost": 110502.35,
                                "Plan Rows": 155663,
                                "Plan Width": 0,
                                "Actual Startup Time": 338.83,
                                "Actual Total Time": 626.682,
                                "Actual Rows": 756548,
                                "Actual Loops": 4,
                                "Inner Unique": false,
                                "Hash Cond": "(mk.movie_id = t.id)",
                                "Workers": [
                                    {
                                        "Worker Number": 0,
                                        "Actual Startup Time": 335.827,
                                        "Actual Total Time": 625.202,
                                        "Actual Rows": 900969,
                                        "Actual Loops": 1
                                    },
                                    {
                                        "Worker Number": 1,
                                        "Actual Startup Time": 335.708,
                                        "Actual Total Time": 624.861,
                                        "Actual Rows": 576106,
                                        "Actual Loops": 1
                                    },
                                    {
                                        "Worker Number": 2,
                                        "Actual Startup Time": 336.388,
                                        "Actual Total Time": 625.851,
                                        "Actual Rows": 888631,
                                        "Actual Loops": 1
                                    }
                                ],
                                "Plans": [
                                    {
                                        "Node Type": "Seq Scan",
                                        "Parent Relationship": "Outer",
                                        "Parallel Aware": true,
                                        "Relation Name": "movie_keyword",
                                        "Schema": "public",
                                        "Alias": "mk",
                                        "Startup Cost": 0.0,
                                        "Total Cost": 42695.65,
                                        "Plan Rows": 981873,
                                        "Plan Width": 4,
                                        "Actual Startup Time": 0.12,
                                        "Actual Total Time": 142.136,
                                        "Actual Rows": 760868,
                                        "Actual Loops": 4,
                                        "Output": [
                                            "mk.id",
                                            "mk.movie_id",
                                            "mk.keyword_id"
                                        ],
                                        "Filter": "(mk.keyword_id > 2109)",
                                        "Rows Removed by Filter": 370115,
                                        "Workers": [
                                            {
                                                "Worker Number": 0,
                                                "Actual Startup Time": 0.135,
                                                "Actual Total Time": 147.855,
                                                "Actual Rows": 902870,
                                                "Actual Loops": 1
                                            },
                                            {
                                                "Worker Number": 1,
                                                "Actual Startup Time": 0.138,
                                                "Actual Total Time": 146.313,
                                                "Actual Rows": 566715,
                                                "Actual Loops": 1
                                            },
                                            {
                                                "Worker Number": 2,
                                                "Actual Startup Time": 0.151,
                                                "Actual Total Time": 147.969,
                                                "Actual Rows": 893444,
                                                "Actual Loops": 1
                                            }
                                        ]
                                    },
                                    {
                                        "Node Type": "Hash",
                                        "Parent Relationship": "Inner",
                                        "Parallel Aware": true,
                                        "Startup Cost": 61388.42,
                                        "Total Cost": 61388.42,
                                        "Plan Rows": 167013,
                                        "Plan Width": 8,
                                        "Actual Startup Time": 335.042,
                                        "Actual Total Time": 335.189,
                                        "Actual Rows": 121599,
                                        "Actual Loops": 4,
                                        "Output": [
                                            "t.id",
                                            "mi_idx.movie_id"
                                        ],
                                        "Hash Buckets": 524288,
                                        "Original Hash Buckets": 524288,
                                        "Hash Batches": 1,
                                        "Original Hash Batches": 1,
                                        "Peak Memory Usage": 23168,
                                        "Workers": [
                                            {
                                                "Worker Number": 0,
                                                "Actual Startup Time": 335.091,
                                                "Actual Total Time": 335.094,
                                                "Actual Rows": 145312,
                                                "Actual Loops": 1
                                            },
                                            {
                                                "Worker Number": 1,
                                                "Actual Startup Time": 334.76,
                                                "Actual Total Time": 334.764,
                                                "Actual Rows": 91149,
                                                "Actual Loops": 1
                                            },
                                            {
                                                "Worker Number": 2,
                                                "Actual Startup Time": 335.625,
                                                "Actual Total Time": 335.628,
                                                "Actual Rows": 143148,
                                                "Actual Loops": 1
                                            }
                                        ],
                                        "Plans": [
                                            {
                                                "Node Type": "Hash Join",
                                                "Parent Relationship": "Outer",
                                                "Parallel Aware": true,
                                                "Join Type": "Inner",
                                                "Startup Cost": 46193.86,
                                                "Total Cost": 61388.42,
                                                "Plan Rows": 167013,
                                                "Plan Width": 8,
                                                "Actual Startup Time": 197.717,
                                                "Actual Total Time": 303.589,
                                                "Actual Rows": 121599,
                                                "Actual Loops": 4,
                                                "Output": [
                                                    "t.id",
                                                    "mi_idx.movie_id"
                                                ],
                                                "Inner Unique": true,
                                                "Hash Cond": "(mi_idx.movie_id = t.id)",
                                                "Workers": [
                                                    {
                                                        "Worker Number": 0,
                                                        "Actual Startup Time": 197.624,
                                                        "Actual Total Time": 303.362,
                                                        "Actual Rows": 145312,
                                                        "Actual Loops": 1
                                                    },
                                                    {
                                                        "Worker Number": 1,
                                                        "Actual Startup Time": 197.639,
                                                        "Actual Total Time": 303.597,
                                                        "Actual Rows": 91149,
                                                        "Actual Loops": 1
                                                    },
                                                    {
                                                        "Worker Number": 2,
                                                        "Actual Startup Time": 197.65,
                                                        "Actual Total Time": 303.449,
                                                        "Actual Rows": 143148,
                                                        "Actual Loops": 1
                                                    }
                                                ],
                                                "Plans": [
                                                    {
                                                        "Node Type": "Seq Scan",
                                                        "Parent Relationship": "Outer",
                                                        "Parallel Aware": true,
                                                        "Relation Name": "movie_info_idx",
                                                        "Schema": "public",
                                                        "Alias": "mi_idx",
                                                        "Startup Cost": 0.0,
                                                        "Total Cost": 13685.15,
                                                        "Plan Rows": 575015,
                                                        "Plan Width": 4,
                                                        "Actual Startup Time": 0.015,
                                                        "Actual Total Time": 32.621,
                                                        "Actual Rows": 345009,
                                                        "Actual Loops": 4,
                                                        "Output": [
                                                            "mi_idx.id",
                                                            "mi_idx.movie_id",
                                                            "mi_idx.info_type_id",
                                                            "mi_idx.info",
                                                            "mi_idx.note"
                                                        ],
                                                        "Workers": [
                                                            {
                                                                "Worker Number": 0,
                                                                "Actual Startup Time": 0.02,
                                                                "Actual Total Time": 32.573,
                                                                "Actual Rows": 415333,
                                                                "Actual Loops": 1
                                                            },
                                                            {
                                                                "Worker Number": 1,
                                                                "Actual Startup Time": 0.016,
                                                                "Actual Total Time": 34.486,
                                                                "Actual Rows": 256205,
                                                                "Actual Loops": 1
                                                            },
                                                            {
                                                                "Worker Number": 2,
                                                                "Actual Startup Time": 0.012,
                                                                "Actual Total Time": 32.407,
                                                                "Actual Rows": 408650,
                                                                "Actual Loops": 1
                                                            }
                                                        ]
                                                    },
                                                    {
                                                        "Node Type": "Hash",
                                                        "Parent Relationship": "Inner",
                                                        "Parallel Aware": true,
                                                        "Startup Cost": 43899.01,
                                                        "Total Cost": 43899.01,
                                                        "Plan Rows": 183588,
                                                        "Plan Width": 4,
                                                        "Actual Startup Time": 194.269,
                                                        "Actual Total Time": 194.27,
                                                        "Actual Rows": 182746,
                                                        "Actual Loops": 4,
                                                        "Output": [
                                                            "t.id"
                                                        ],
                                                        "Hash Buckets": 1048576,
                                                        "Original Hash Buckets": 1048576,
                                                        "Hash Batches": 1,
                                                        "Original Hash Batches": 1,
                                                        "Peak Memory Usage": 36832,
                                                        "Workers": [
                                                            {
                                                                "Worker Number": 0,
                                                                "Actual Startup Time": 197.485,
                                                                "Actual Total Time": 197.486,
                                                                "Actual Rows": 203394,
                                                                "Actual Loops": 1
                                                            },
                                                            {
                                                                "Worker Number": 1,
                                                                "Actual Startup Time": 197.324,
                                                                "Actual Total Time": 197.325,
                                                                "Actual Rows": 128951,
                                                                "Actual Loops": 1
                                                            },
                                                            {
                                                                "Worker Number": 2,
                                                                "Actual Startup Time": 197.36,
                                                                "Actual Total Time": 197.361,
                                                                "Actual Rows": 199196,
                                                                "Actual Loops": 1
                                                            }
                                                        ],
                                                        "Plans": [
                                                            {
                                                                "Node Type": "Seq Scan",
                                                                "Parent Relationship": "Outer",
                                                                "Parallel Aware": true,
                                                                "Relation Name": "title",
                                                                "Schema": "public",
                                                                "Alias": "t",
                                                                "Startup Cost": 0.0,
                                                                "Total Cost": 43899.01,
                                                                "Plan Rows": 183588,
                                                                "Plan Width": 4,
                                                                "Actual Startup Time": 0.074,
                                                                "Actual Total Time": 115.215,
                                                                "Actual Rows": 182746,
                                                                "Actual Loops": 4,
                                                                "Output": [
                                                                    "t.id"
                                                                ],
                                                                "Filter": "(t.production_year < 1992)",
                                                                "Rows Removed by Filter": 449332,
                                                                "Workers": [
                                                                    {
                                                                        "Worker Number": 0,
                                                                        "Actual Startup Time": 0.091,
                                                                        "Actual Total Time": 116.391,
                                                                        "Actual Rows": 203394,
                                                                        "Actual Loops": 1
                                                                    },
                                                                    {
                                                                        "Worker Number": 1,
                                                                        "Actual Startup Time": 0.097,
                                                                        "Actual Total Time": 118.22,
                                                                        "Actual Rows": 128951,
                                                                        "Actual Loops": 1
                                                                    },
                                                                    {
                                                                        "Worker Number": 2,
                                                                        "Actual Startup Time": 0.092,
                                                                        "Actual Total Time": 116.26,
                                                                        "Actual Rows": 199196,
                                                                        "Actual Loops": 1
                                                                    }
                                                                ]
                                                            }
                                                        ]
                                                    }
                                                ]
                                            }
                                        ]
                                    }
                                ]
                            }
                        ]
                    }
                ]
            }
        ]
    },
    "Planning Time": 1.4,
    "Triggers": [],
    "Execution Time": 702.885
}