[
  {
    "Plan": {
      "Node Type": "Aggregate",
      "Strategy": "Plain",
      "Partial Mode": "Simple",
      "Parallel Aware": false,
      "Startup Cost": 28122.67,
      "Total Cost": 28122.68,
      "Plan Rows": 1,
      "Plan Width": 8,
      "Actual Startup Time": 79.897,
      "Actual Total Time": 79.898,
      "Actual Rows": 1,
      "Actual Loops": 1,
      "Plans": [
        {
          "Node Type": "Bitmap Heap Scan",
          "Parent Relationship": "Outer",
          "Parallel Aware": false,
          "Relation Name": "movie_keyword",
          "Alias": "mk",
          "Startup Cost": 2149.39,
          "Total Cost": 27869.45,
          "Plan Rows": 101285,
          "Plan Width": 0,
          "Actual Startup Time": 27.545,
          "Actual Total Time": 74.587,
          "Actual Rows": 116146,
          "Actual Loops": 1,
          "Recheck Cond": "(keyword_id < 111)",
          "Rows Removed by Index Recheck": 0,
          "Exact Heap Blocks": 22479,
          "Lossy Heap Blocks": 0,
          "Plans": [
            {
              "Node Type": "Bitmap Index Scan",
              "Parent Relationship": "Outer",
              "Parallel Aware": false,
              "Index Name": "keyword_id_movie_keyword",
              "Startup Cost": 0.0,
              "Total Cost": 2124.07,
              "Plan Rows": 101285,
              "Plan Width": 0,
              "Actual Startup Time": 21.771,
              "Actual Total Time": 21.771,
              "Actual Rows": 116146,
              "Actual Loops": 1,
              "Index Cond": "(keyword_id < 111)"
            }
          ]
        }
      ]
    },
    "Planning Time": 0.151,
    "Triggers": [],
    "Execution Time": 79.953
  }
]