[
  {
    "Plan": {
      "Node Type": "Aggregate",
      "Strategy": "Plain",
      "Partial Mode": "Finalize",
      "Parallel Aware": false,
      "Startup Cost": 47334.35,
      "Total Cost": 47334.36,
      "Plan Rows": 1,
      "Plan Width": 8,
      "Actual Startup Time": 54.186,
      "Actual Total Time": 62.48,
      "Actual Rows": 1,
      "Actual Loops": 1,
      "Plans": [
        {
          "Node Type": "Gather",
          "Parent Relationship": "Outer",
          "Parallel Aware": false,
          "Startup Cost": 47334.03,
          "Total Cost": 47334.34,
          "Plan Rows": 3,
          "Plan Width": 8,
          "Actual Startup Time": 54.115,
          "Actual Total Time": 62.473,
          "Actual Rows": 4,
          "Actual Loops": 1,
          "Workers Planned": 3,
          "Workers Launched": 3,
          "Single Copy": false,
          "Plans": [
            {
              "Node Type": "Aggregate",
              "Strategy": "Plain",
              "Partial Mode": "Partial",
              "Parent Relationship": "Outer",
              "Parallel Aware": false,
              "Startup Cost": 46334.03,
              "Total Cost": 46334.04,
              "Plan Rows": 1,
              "Plan Width": 8,
              "Actual Startup Time": 45.777,
              "Actual Total Time": 45.778,
              "Actual Rows": 1,
              "Actual Loops": 4,
              "Plans": [
                {
                  "Node Type": "Nested Loop",
                  "Parent Relationship": "Outer",
                  "Parallel Aware": false,
                  "Join Type": "Inner",
                  "Startup Cost": 257.62,
                  "Total Cost": 46331.87,
                  "Plan Rows": 865,
                  "Plan Width": 0,
                  "Actual Startup Time": 4.394,
                  "Actual Total Time": 45.569,
                  "Actual Rows": 2307,
                  "Actual Loops": 4,
                  "Inner Unique": false,
                  "Plans": [
                    {
                      "Node Type": "Nested Loop",
                      "Parent Relationship": "Outer",
                      "Parallel Aware": false,
                      "Join Type": "Inner",
                      "Startup Cost": 257.19,
                      "Total Cost": 44807.52,
                      "Plan Rows": 148,
                      "Plan Width": 8,
                      "Actual Startup Time": 4.236,
                      "Actual Total Time": 39.907,
                      "Actual Rows": 73,
                      "Actual Loops": 4,
                      "Inner Unique": true,
                      "Plans": [
                        {
                          "Node Type": "Bitmap Heap Scan",
                          "Parent Relationship": "Outer",
                          "Parallel Aware": true,
                          "Relation Name": "movie_keyword",
                          "Alias": "mk",
                          "Startup Cost": 256.76,
                          "Total Cost": 20636.31,
                          "Plan Rows": 3843,
                          "Plan Width": 4,
                          "Actual Startup Time": 2.584,
                          "Actual Total Time": 12.392,
                          "Actual Rows": 2636,
                          "Actual Loops": 4,
                          "Recheck Cond": "(keyword_id = 398)",
                          "Rows Removed by Index Recheck": 0,
                          "Exact Heap Blocks": 3329,
                          "Lossy Heap Blocks": 0,
                          "Plans": [
                            {
                              "Node Type": "Bitmap Index Scan",
                              "Parent Relationship": "Outer",
                              "Parallel Aware": false,
                              "Index Name": "keyword_id_movie_keyword",
                              "Startup Cost": 0.0,
                              "Total Cost": 253.78,
                              "Plan Rows": 11913,
                              "Plan Width": 0,
                              "Actual Startup Time": 6.67,
                              "Actual Total Time": 6.67,
                              "Actual Rows": 10544,
                              "Actual Loops": 1,
                              "Index Cond": "(keyword_id = 398)"
                            }
                          ]
                        },
                        {
                          "Node Type": "Index Scan",
                          "Parent Relationship": "Inner",
                          "Parallel Aware": false,
                          "Scan Direction": "Forward",
                          "Index Name": "title_pkey",
                          "Relation Name": "title",
                          "Alias": "t",
                          "Startup Cost": 0.43,
                          "Total Cost": 6.29,
                          "Plan Rows": 1,
                          "Plan Width": 4,
                          "Actual Startup Time": 0.01,
                          "Actual Total Time": 0.01,
                          "Actual Rows": 0,
                          "Actual Loops": 10544,
                          "Index Cond": "(id = mk.movie_id)",
                          "Rows Removed by Index Recheck": 0,
                          "Filter": "(production_year = 2005)",
                          "Rows Removed by Filter": 1
                        }
                      ]
                    },
                    {
                      "Node Type": "Index Only Scan",
                      "Parent Relationship": "Inner",
                      "Parallel Aware": false,
                      "Scan Direction": "Forward",
                      "Index Name": "movie_id_movie_info",
                      "Relation Name": "movie_info",
                      "Alias": "mi",
                      "Startup Cost": 0.43,
                      "Total Cost": 9.88,
                      "Plan Rows": 42,
                      "Plan Width": 4,
                      "Actual Startup Time": 0.022,
                      "Actual Total Time": 0.073,
                      "Actual Rows": 32,
                      "Actual Loops": 292,
                      "Index Cond": "(movie_id = t.id)",
                      "Rows Removed by Index Recheck": 0,
                      "Heap Fetches": 9229
                    }
                  ]
                }
              ]
            }
          ]
        }
      ]
    },
    "Planning Time": 1.389,
    "Triggers": [],
    "Execution Time": 62.595
  }
]