[
  {
    "Plan": {
      "Node Type": "Aggregate",
      "Strategy": "Plain",
      "Partial Mode": "Finalize",
      "Parallel Aware": false,
      "Startup Cost": 66539.13,
      "Total Cost": 66539.14,
      "Plan Rows": 1,
      "Plan Width": 8,
      "Actual Startup Time": 67.318,
      "Actual Total Time": 77.244,
      "Actual Rows": 1,
      "Actual Loops": 1,
      "Plans": [
        {
          "Node Type": "Gather",
          "Parent Relationship": "Outer",
          "Parallel Aware": false,
          "Startup Cost": 66538.82,
          "Total Cost": 66539.13,
          "Plan Rows": 3,
          "Plan Width": 8,
          "Actual Startup Time": 67.159,
          "Actual Total Time": 77.236,
          "Actual Rows": 4,
          "Actual Loops": 1,
          "Workers Planned": 3,
          "Workers Launched": 3,
          "Single Copy": false,
          "Plans": [
            {
              "Node Type": "Aggregate",
              "Strategy": "Plain",
              "Partial Mode": "Partial",
              "Parent Relationship": "Outer",
              "Parallel Aware": false,
              "Startup Cost": 65538.82,
              "Total Cost": 65538.83,
              "Plan Rows": 1,
              "Plan Width": 8,
              "Actual Startup Time": 63.565,
              "Actual Total Time": 63.567,
              "Actual Rows": 1,
              "Actual Loops": 4,
              "Plans": [
                {
                  "Node Type": "Nested Loop",
                  "Parent Relationship": "Outer",
                  "Parallel Aware": false,
                  "Join Type": "Inner",
                  "Startup Cost": 225.18,
                  "Total Cost": 65531.83,
                  "Plan Rows": 2795,
                  "Plan Width": 0,
                  "Actual Startup Time": 2.88,
                  "Actual Total Time": 62.117,
                  "Actual Rows": 23976,
                  "Actual Loops": 4,
                  "Inner Unique": false,
                  "Plans": [
                    {
                      "Node Type": "Nested Loop",
                      "Parent Relationship": "Outer",
                      "Parallel Aware": false,
                      "Join Type": "Inner",
                      "Startup Cost": 224.75,
                      "Total Cost": 63118.13,
                      "Plan Rows": 3991,
                      "Plan Width": 8,
                      "Actual Startup Time": 2.763,
                      "Actual Total Time": 29.649,
                      "Actual Rows": 4635,
                      "Actual Loops": 4,
                      "Inner Unique": true,
                      "Plans": [
                        {
                          "Node Type": "Bitmap Heap Scan",
                          "Parent Relationship": "Outer",
                          "Parallel Aware": true,
                          "Relation Name": "movie_info",
                          "Alias": "mi",
                          "Startup Cost": 224.32,
                          "Total Cost": 38245.51,
                          "Plan Rows": 3991,
                          "Plan Width": 4,
                          "Actual Startup Time": 2.683,
                          "Actual Total Time": 5.734,
                          "Actual Rows": 4635,
                          "Actual Loops": 4,
                          "Recheck Cond": "(info_type_id = 90)",
                          "Rows Removed by Index Recheck": 0,
                          "Exact Heap Blocks": 822,
                          "Lossy Heap Blocks": 0,
                          "Plans": [
                            {
                              "Node Type": "Bitmap Index Scan",
                              "Parent Relationship": "Outer",
                              "Parallel Aware": false,
                              "Index Name": "info_type_id_movie_info",
                              "Startup Cost": 0.0,
                              "Total Cost": 221.22,
                              "Plan Rows": 12372,
                              "Plan Width": 0,
                              "Actual Startup Time": 4.891,
                              "Actual Total Time": 4.891,
                              "Actual Rows": 18539,
                              "Actual Loops": 1,
                              "Index Cond": "(info_type_id = 90)"
                            }
                          ]
                        },
                        {
                          "Node Type": "Index Only Scan",
                          "Parent Relationship": "Inner",
                          "Parallel Aware": false,
                          "Scan Direction": "Forward",
                          "Index Name": "title_pkey",
                          "Relation Name": "title",
                          "Alias": "t",
                          "Startup Cost": 0.43,
                          "Total Cost": 6.23,
                          "Plan Rows": 1,
                          "Plan Width": 4,
                          "Actual Startup Time": 0.005,
                          "Actual Total Time": 0.005,
                          "Actual Rows": 1,
                          "Actual Loops": 18539,
                          "Index Cond": "(id = mi.movie_id)",
                          "Rows Removed by Index Recheck": 0,
                          "Heap Fetches": 18539
                        }
                      ]
                    },
                    {
                      "Node Type": "Index Scan",
                      "Parent Relationship": "Inner",
                      "Parallel Aware": false,
                      "Scan Direction": "Forward",
                      "Index Name": "movie_id_movie_companies",
                      "Relation Name": "movie_companies",
                      "Alias": "mc",
                      "Startup Cost": 0.43,
                      "Total Cost": 0.57,
                      "Plan Rows": 3,
                      "Plan Width": 4,
                      "Actual Startup Time": 0.004,
                      "Actual Total Time": 0.006,
                      "Actual Rows": 5,
                      "Actual Loops": 18539,
                      "Index Cond": "(movie_id = t.id)",
                      "Rows Removed by Index Recheck": 0,
                      "Filter": "(company_id < 27608)",
                      "Rows Removed by Filter": 1
                    }
                  ]
                }
              ]
            }
          ]
        }
      ]
    },
    "Planning Time": 0.972,
    "Triggers": [],
    "Execution Time": 77.312
  }
]