[
  {
    "Plan": {
      "Node Type": "Aggregate",
      "Strategy": "Plain",
      "Partial Mode": "Finalize",
      "Parallel Aware": false,
      "Startup Cost": 246056.01,
      "Total Cost": 246056.02,
      "Plan Rows": 1,
      "Plan Width": 8,
      "Actual Startup Time": 682.636,
      "Actual Total Time": 727.973,
      "Actual Rows": 1,
      "Actual Loops": 1,
      "Plans": [
        {
          "Node Type": "Gather",
          "Parent Relationship": "Outer",
          "Parallel Aware": false,
          "Startup Cost": 246055.48,
          "Total Cost": 246055.99,
          "Plan Rows": 5,
          "Plan Width": 8,
          "Actual Startup Time": 682.275,
          "Actual Total Time": 727.964,
          "Actual Rows": 6,
          "Actual Loops": 1,
          "Workers Planned": 5,
          "Workers Launched": 5,
          "Single Copy": false,
          "Plans": [
            {
              "Node Type": "Aggregate",
              "Strategy": "Plain",
              "Partial Mode": "Partial",
              "Parent Relationship": "Outer",
              "Parallel Aware": false,
              "Startup Cost": 245055.48,
              "Total Cost": 245055.49,
              "Plan Rows": 1,
              "Plan Width": 8,
              "Actual Startup Time": 672.181,
              "Actual Total Time": 672.186,
              "Actual Rows": 1,
              "Actual Loops": 6,
              "Plans": [
                {
                  "Node Type": "Hash Join",
                  "Parent Relationship": "Outer",
                  "Parallel Aware": true,
                  "Join Type": "Inner",
                  "Startup Cost": 45610.65,
                  "Total Cost": 244932.41,
                  "Plan Rows": 49228,
                  "Plan Width": 0,
                  "Actual Startup Time": 85.267,
                  "Actual Total Time": 668.395,
                  "Actual Rows": 55806,
                  "Actual Loops": 6,
                  "Inner Unique": true,
                  "Hash Cond": "(mi.movie_id = t.id)",
                  "Plans": [
                    {
                      "Node Type": "Seq Scan",
                      "Parent Relationship": "Outer",
                      "Parallel Aware": true,
                      "Relation Name": "movie_info",
                      "Alias": "mi",
                      "Startup Cost": 0.0,
                      "Total Cost": 191560.33,
                      "Plan Rows": 2956733,
                      "Plan Width": 4,
                      "Actual Startup Time": 0.029,
                      "Actual Total Time": 322.542,
                      "Actual Rows": 2472620,
                      "Actual Loops": 6
                    },
                    {
                      "Node Type": "Hash",
                      "Parent Relationship": "Inner",
                      "Parallel Aware": true,
                      "Startup Cost": 45479.1,
                      "Total Cost": 45479.1,
                      "Plan Rows": 10524,
                      "Plan Width": 4,
                      "Actual Startup Time": 83.379,
                      "Actual Total Time": 83.38,
                      "Actual Rows": 4328,
                      "Actual Loops": 6,
                      "Hash Buckets": 65536,
                      "Original Hash Buckets": 65536,
                      "Hash Batches": 1,
                      "Original Hash Batches": 1,
                      "Peak Memory Usage": 1632,
                      "Plans": [
                        {
                          "Node Type": "Seq Scan",
                          "Parent Relationship": "Outer",
                          "Parallel Aware": true,
                          "Relation Name": "title",
                          "Alias": "t",
                          "Startup Cost": 0.0,
                          "Total Cost": 45479.1,
                          "Plan Rows": 10524,
                          "Plan Width": 4,
                          "Actual Startup Time": 0.233,
                          "Actual Total Time": 80.946,
                          "Actual Rows": 4328,
                          "Actual Loops": 6,
                          "Filter": "((kind_id < 4) AND (production_year = 2007))",
                          "Rows Removed by Filter": 417057
                        }
                      ]
                    }
                  ]
                }
              ]
            }
          ]
        }
      ]
    },
    "Planning Time": 0.617,
    "Triggers": [],
    "Execution Time": 728.05
  }
]