[
    {
        "Bao": {
            "Bao prediction": "NaN",
            "Bao recommended hint": "(no hint)"
        }
    },
    {
        "Plan": {
            "Node Type": "Aggregate",
            "Strategy": "Plain",
            "Partial Mode": "Simple",
            "Parallel Aware": false,
            "Startup Cost": 3048.2,
            "Total Cost": 3048.21,
            "Plan Rows": 1,
            "Plan Width": 8,
            "Actual Startup Time": 0.311,
            "Actual Total Time": 0.313,
            "Actual Rows": 1,
            "Actual Loops": 1,
            "Output": [
                "count(*)"
            ],
            "Plans": [
                {
                    "Node Type": "Nested Loop",
                    "Parent Relationship": "Outer",
                    "Parallel Aware": false,
                    "Join Type": "Inner",
                    "Startup Cost": 1.42,
                    "Total Cost": 3048.02,
                    "Plan Rows": 72,
                    "Plan Width": 0,
                    "Actual Startup Time": 0.167,
                    "Actual Total Time": 0.307,
                    "Actual Rows": 3,
                    "Actual Loops": 1,
                    "Inner Unique": false,
                    "Plans": [
                        {
                            "Node Type": "Nested Loop",
                            "Parent Relationship": "Outer",
                            "Parallel Aware": false,
                            "Join Type": "Inner",
                            "Startup Cost": 0.99,
                            "Total Cost": 2915.38,
                            "Plan Rows": 223,
                            "Plan Width": 8,
                            "Actual Startup Time": 0.136,
                            "Actual Total Time": 0.19,
                            "Actual Rows": 5,
                            "Actual Loops": 1,
                            "Output": [
                                "t.id",
                                "ci.movie_id"
                            ],
                            "Inner Unique": true,
                            "Plans": [
                                {
                                    "Node Type": "Index Scan",
                                    "Parent Relationship": "Outer",
                                    "Parallel Aware": false,
                                    "Scan Direction": "Forward",
                                    "Index Name": "person_id_cast_info",
                                    "Relation Name": "cast_info",
                                    "Schema": "public",
                                    "Alias": "ci",
                                    "Startup Cost": 0.56,
                                    "Total Cost": 1039.59,
                                    "Plan Rows": 223,
                                    "Plan Width": 4,
                                    "Actual Startup Time": 0.095,
                                    "Actual Total Time": 0.101,
                                    "Actual Rows": 5,
                                    "Actual Loops": 1,
                                    "Output": [
                                        "ci.id",
                                        "ci.person_id",
                                        "ci.movie_id",
                                        "ci.person_role_id",
                                        "ci.note",
                                        "ci.nr_order",
                                        "ci.role_id"
                                    ],
                                    "Index Cond": "(ci.person_id = 1123582)",
                                    "Rows Removed by Index Recheck": 0,
                                    "Filter": "(ci.role_id > 2)",
                                    "Rows Removed by Filter": 79
                                },
                                {
                                    "Node Type": "Index Only Scan",
                                    "Parent Relationship": "Inner",
                                    "Parallel Aware": false,
                                    "Scan Direction": "Forward",
                                    "Index Name": "title_pkey",
                                    "Relation Name": "title",
                                    "Schema": "public",
                                    "Alias": "t",
                                    "Startup Cost": 0.43,
                                    "Total Cost": 8.41,
                                    "Plan Rows": 1,
                                    "Plan Width": 4,
                                    "Actual Startup Time": 0.016,
                                    "Actual Total Time": 0.016,
                                    "Actual Rows": 1,
                                    "Actual Loops": 5,
                                    "Output": [
                                        "t.id"
                                    ],
                                    "Index Cond": "(t.id = ci.movie_id)",
                                    "Rows Removed by Index Recheck": 0,
                                    "Heap Fetches": 5
                                }
                            ]
                        },
                        {
                            "Node Type": "Index Scan",
                            "Parent Relationship": "Inner",
                            "Parallel Aware": false,
                            "Scan Direction": "Forward",
                            "Index Name": "movie_id_movie_companies",
                            "Relation Name": "movie_companies",
                            "Schema": "public",
                            "Alias": "mc",
                            "Startup Cost": 0.43,
                            "Total Cost": 0.57,
                            "Plan Rows": 2,
                            "Plan Width": 4,
                            "Actual Startup Time": 0.022,
                            "Actual Total Time": 0.022,
                            "Actual Rows": 1,
                            "Actual Loops": 5,
                            "Output": [
                                "mc.id",
                                "mc.movie_id",
                                "mc.company_id",
                                "mc.company_type_id",
                                "mc.note"
                            ],
                            "Index Cond": "(mc.movie_id = t.id)",
                            "Rows Removed by Index Recheck": 0,
                            "Filter": "(mc.company_id > 28339)",
                            "Rows Removed by Filter": 1
                        }
                    ]
                }
            ]
        },
        "Planning Time": 271.469,
        "Triggers": [],
        "Execution Time": 0.409
    }
]