[
  {
    "Plan": {
      "Node Type": "Aggregate",
      "Strategy": "Plain",
      "Partial Mode": "Simple",
      "Parallel Aware": false,
      "Startup Cost": 20920.59,
      "Total Cost": 20920.6,
      "Plan Rows": 1,
      "Plan Width": 8,
      "Actual Startup Time": 34.548,
      "Actual Total Time": 34.549,
      "Actual Rows": 1,
      "Actual Loops": 1,
      "Plans": [
        {
          "Node Type": "Bitmap Heap Scan",
          "Parent Relationship": "Outer",
          "Parallel Aware": false,
          "Relation Name": "movie_companies",
          "Alias": "mc",
          "Startup Cost": 1213.96,
          "Total Cost": 20848.64,
          "Plan Rows": 28779,
          "Plan Width": 0,
          "Actual Startup Time": 7.441,
          "Actual Total Time": 29.254,
          "Actual Rows": 55528,
          "Actual Loops": 1,
          "Recheck Cond": "(company_id > 187154)",
          "Rows Removed by Index Recheck": 0,
          "Filter": "(company_type_id = 2)",
          "Rows Removed by Filter": 0,
          "Exact Heap Blocks": 2028,
          "Lossy Heap Blocks": 0,
          "Plans": [
            {
              "Node Type": "Bitmap Index Scan",
              "Parent Relationship": "Outer",
              "Parallel Aware": false,
              "Index Name": "company_id_movie_companies",
              "Startup Cost": 0.0,
              "Total Cost": 1206.77,
              "Plan Rows": 56312,
              "Plan Width": 0,
              "Actual Startup Time": 6.6,
              "Actual Total Time": 6.601,
              "Actual Rows": 55528,
              "Actual Loops": 1,
              "Index Cond": "(company_id > 187154)"
            }
          ]
        }
      ]
    },
    "Planning Time": 0.217,
    "Triggers": [],
    "Execution Time": 34.611
  }
]