[
  {
    "Plan": {
      "Node Type": "Aggregate",
      "Strategy": "Plain",
      "Partial Mode": "Finalize",
      "Parallel Aware": false,
      "Startup Cost": 40811.48,
      "Total Cost": 40811.49,
      "Plan Rows": 1,
      "Plan Width": 8,
      "Actual Startup Time": 143.326,
      "Actual Total Time": 152.893,
      "Actual Rows": 1,
      "Actual Loops": 1,
      "Plans": [
        {
          "Node Type": "Gather",
          "Parent Relationship": "Outer",
          "Parallel Aware": false,
          "Startup Cost": 40811.16,
          "Total Cost": 40811.47,
          "Plan Rows": 3,
          "Plan Width": 8,
          "Actual Startup Time": 143.115,
          "Actual Total Time": 152.884,
          "Actual Rows": 4,
          "Actual Loops": 1,
          "Workers Planned": 3,
          "Workers Launched": 3,
          "Single Copy": false,
          "Plans": [
            {
              "Node Type": "Aggregate",
              "Strategy": "Plain",
              "Partial Mode": "Partial",
              "Parent Relationship": "Outer",
              "Parallel Aware": false,
              "Startup Cost": 39811.16,
              "Total Cost": 39811.17,
              "Plan Rows": 1,
              "Plan Width": 8,
              "Actual Startup Time": 136.176,
              "Actual Total Time": 136.177,
              "Actual Rows": 1,
              "Actual Loops": 4,
              "Plans": [
                {
                  "Node Type": "Bitmap Heap Scan",
                  "Parent Relationship": "Outer",
                  "Parallel Aware": true,
                  "Relation Name": "movie_keyword",
                  "Alias": "mk",
                  "Startup Cost": 12504.86,
                  "Total Cost": 39335.78,
                  "Plan Rows": 190153,
                  "Plan Width": 0,
                  "Actual Startup Time": 49.973,
                  "Actual Total Time": 127.433,
                  "Actual Rows": 150762,
                  "Actual Loops": 4,
                  "Recheck Cond": "(keyword_id < 449)",
                  "Rows Removed by Index Recheck": 0,
                  "Exact Heap Blocks": 10717,
                  "Lossy Heap Blocks": 0,
                  "Plans": [
                    {
                      "Node Type": "Bitmap Index Scan",
                      "Parent Relationship": "Outer",
                      "Parallel Aware": false,
                      "Index Name": "keyword_id_movie_keyword",
                      "Startup Cost": 0.0,
                      "Total Cost": 12357.5,
                      "Plan Rows": 589475,
                      "Plan Width": 0,
                      "Actual Startup Time": 52.544,
                      "Actual Total Time": 52.544,
                      "Actual Rows": 603050,
                      "Actual Loops": 1,
                      "Index Cond": "(keyword_id < 449)"
                    }
                  ]
                }
              ]
            }
          ]
        }
      ]
    },
    "Planning Time": 0.158,
    "Triggers": [],
    "Execution Time": 152.958
  }
]