{
  "Plan": {
    "Node Type": "Aggregate",
    "Strategy": "Plain",
    "Partial Mode": "Finalize",
    "Parallel Aware": false,
    "Startup Cost": 89372.28,
    "Total Cost": 89372.29,
    "Plan Rows": 1,
    "Plan Width": 8,
    "Actual Startup Time": 206.646,
    "Actual Total Time": 222.815,
    "Actual Rows": 1,
    "Actual Loops": 1,
    "Plans": [
      {
        "Node Type": "Gather",
        "Parent Relationship": "Outer",
        "Parallel Aware": false,
        "Startup Cost": 89372.17,
        "Total Cost": 89372.28,
        "Plan Rows": 1,
        "Plan Width": 8,
        "Actual Startup Time": 205.962,
        "Actual Total Time": 222.808,
        "Actual Rows": 2,
        "Actual Loops": 1,
        "Workers Planned": 1,
        "Workers Launched": 1,
        "Single Copy": false,
        "Plans": [
          {
            "Node Type": "Aggregate",
            "Strategy": "Plain",
            "Partial Mode": "Partial",
            "Parent Relationship": "Outer",
            "Parallel Aware": false,
            "Startup Cost": 88372.17,
            "Total Cost": 88372.18,
            "Plan Rows": 1,
            "Plan Width": 8,
            "Actual Startup Time": 199.717,
            "Actual Total Time": 199.721,
            "Actual Rows": 1,
            "Actual Loops": 2,
            "Plans": [
              {
                "Node Type": "Nested Loop",
                "Parent Relationship": "Outer",
                "Parallel Aware": false,
                "Join Type": "Inner",
                "Startup Cost": 60959.17,
                "Total Cost": 88368.78,
                "Plan Rows": 1356,
                "Plan Width": 0,
                "Actual Startup Time": 167.385,
                "Actual Total Time": 199.714,
                "Actual Rows": 4,
                "Actual Loops": 2,
                "Inner Unique": false,
                "Plans": [
                  {
                    "Node Type": "Hash Join",
                    "Parent Relationship": "Outer",
                    "Parallel Aware": true,
                    "Join Type": "Inner",
                    "Startup Cost": 60958.74,
                    "Total Cost": 86092.96,
                    "Plan Rows": 2485,
                    "Plan Width": 8,
                    "Actual Startup Time": 166.618,
                    "Actual Total Time": 199.562,
                    "Actual Rows": 10,
                    "Actual Loops": 2,
                    "Inner Unique": true,
                    "Hash Cond": "(mk.movie_id = t.id)",
                    "Plans": [
                      {
                        "Node Type": "Bitmap Heap Scan",
                        "Parent Relationship": "Outer",
                        "Parallel Aware": true,
                        "Relation Name": "movie_keyword",
                        "Alias": "mk",
                        "Startup Cost": 1624.95,
                        "Total Cost": 26641.11,
                        "Plan Rows": 44973,
                        "Plan Width": 4,
                        "Actual Startup Time": 8.515,
                        "Actual Total Time": 32.721,
                        "Actual Rows": 36248,
                        "Actual Loops": 2,
                        "Recheck Cond": "(keyword_id = 335)",
                        "Rows Removed by Index Recheck": 0,
                        "Exact Heap Blocks": 10603,
                        "Lossy Heap Blocks": 0,
                        "Plans": [
                          {
                            "Node Type": "Bitmap Index Scan",
                            "Parent Relationship": "Outer",
                            "Parallel Aware": false,
                            "Index Name": "keyword_id_movie_keyword",
                            "Startup Cost": 0.0,
                            "Total Cost": 1605.84,
                            "Plan Rows": 76454,
                            "Plan Width": 0,
                            "Actual Startup Time": 6.18,
                            "Actual Total Time": 6.18,
                            "Actual Rows": 72496,
                            "Actual Loops": 1,
                            "Index Cond": "(keyword_id = 335)"
                          }
                        ]
                      },
                      {
                        "Node Type": "Hash",
                        "Parent Relationship": "Inner",
                        "Parallel Aware": true,
                        "Startup Cost": 58306.47,
                        "Total Cost": 58306.47,
                        "Plan Rows": 82186,
                        "Plan Width": 4,
                        "Actual Startup Time": 154.274,
                        "Actual Total Time": 154.275,
                        "Actual Rows": 75330,
                        "Actual Loops": 2,
                        "Hash Buckets": 262144,
                        "Original Hash Buckets": 262144,
                        "Hash Batches": 1,
                        "Original Hash Batches": 1,
                        "Peak Memory Usage": 8000,
                        "Plans": [
                          {
                            "Node Type": "Seq Scan",
                            "Parent Relationship": "Outer",
                            "Parallel Aware": true,
                            "Relation Name": "title",
                            "Alias": "t",
                            "Startup Cost": 0.0,
                            "Total Cost": 58306.47,
                            "Plan Rows": 82186,
                            "Plan Width": 4,
                            "Actual Startup Time": 0.035,
                            "Actual Total Time": 135.252,
                            "Actual Rows": 75330,
                            "Actual Loops": 2,
                            "Filter": "((production_year > 2011) AND (kind_id = 7))",
                            "Rows Removed by Filter": 1188826
                          }
                        ]
                      }
                    ]
                  },
                  {
                    "Node Type": "Index Only Scan",
                    "Parent Relationship": "Inner",
                    "Parallel Aware": false,
                    "Scan Direction": "Forward",
                    "Index Name": "movie_id_movie_info_idx",
                    "Relation Name": "movie_info_idx",
                    "Alias": "mi_idx",
                    "Startup Cost": 0.43,
                    "Total Cost": 0.89,
                    "Plan Rows": 3,
                    "Plan Width": 4,
                    "Actual Startup Time": 0.015,
                    "Actual Total Time": 0.015,
                    "Actual Rows": 0,
                    "Actual Loops": 19,
                    "Index Cond": "(movie_id = t.id)",
                    "Rows Removed by Index Recheck": 0,
                    "Heap Fetches": 9
                  }
                ]
              }
            ]
          }
        ]
      }
    ]
  },
  "Planning Time": 0.888,
  "Triggers": [],
  "Execution Time": 222.913
}