[
  {
    "Plan": {
      "Node Type": "Aggregate",
      "Strategy": "Plain",
      "Partial Mode": "Finalize",
      "Parallel Aware": false,
      "Startup Cost": 133049.59,
      "Total Cost": 133049.6,
      "Plan Rows": 1,
      "Plan Width": 8,
      "Actual Startup Time": 1232.361,
      "Actual Total Time": 1253.128,
      "Actual Rows": 1,
      "Actual Loops": 1,
      "Plans": [
        {
          "Node Type": "Gather",
          "Parent Relationship": "Outer",
          "Parallel Aware": false,
          "Startup Cost": 133049.28,
          "Total Cost": 133049.59,
          "Plan Rows": 3,
          "Plan Width": 8,
          "Actual Startup Time": 1226.72,
          "Actual Total Time": 1253.118,
          "Actual Rows": 4,
          "Actual Loops": 1,
          "Workers Planned": 3,
          "Workers Launched": 3,
          "Single Copy": false,
          "Plans": [
            {
              "Node Type": "Aggregate",
              "Strategy": "Plain",
              "Partial Mode": "Partial",
              "Parent Relationship": "Outer",
              "Parallel Aware": false,
              "Startup Cost": 132049.28,
              "Total Cost": 132049.29,
              "Plan Rows": 1,
              "Plan Width": 8,
              "Actual Startup Time": 1217.742,
              "Actual Total Time": 1217.883,
              "Actual Rows": 1,
              "Actual Loops": 4,
              "Plans": [
                {
                  "Node Type": "Hash Join",
                  "Parent Relationship": "Outer",
                  "Parallel Aware": true,
                  "Join Type": "Inner",
                  "Startup Cost": 84700.42,
                  "Total Cost": 130634.76,
                  "Plan Rows": 565807,
                  "Plan Width": 0,
                  "Actual Startup Time": 463.409,
                  "Actual Total Time": 1015.604,
                  "Actual Rows": 5364572,
                  "Actual Loops": 4,
                  "Inner Unique": false,
                  "Hash Cond": "(mk.movie_id = t.id)",
                  "Plans": [
                    {
                      "Node Type": "Seq Scan",
                      "Parent Relationship": "Outer",
                      "Parallel Aware": true,
                      "Relation Name": "movie_keyword",
                      "Alias": "mk",
                      "Startup Cost": 0.0,
                      "Total Cost": 39047.32,
                      "Plan Rows": 1459332,
                      "Plan Width": 4,
                      "Actual Startup Time": 0.031,
                      "Actual Total Time": 85.535,
                      "Actual Rows": 1130982,
                      "Actual Loops": 4
                    },
                    {
                      "Node Type": "Hash",
                      "Parent Relationship": "Inner",
                      "Parallel Aware": true,
                      "Startup Cost": 81637.11,
                      "Total Cost": 81637.11,
                      "Plan Rows": 245065,
                      "Plan Width": 8,
                      "Actual Startup Time": 457.142,
                      "Actual Total Time": 457.282,
                      "Actual Rows": 207903,
                      "Actual Loops": 4,
                      "Hash Buckets": 1048576,
                      "Original Hash Buckets": 1048576,
                      "Hash Batches": 1,
                      "Original Hash Batches": 1,
                      "Peak Memory Usage": 40768,
                      "Plans": [
                        {
                          "Node Type": "Hash Join",
                          "Parent Relationship": "Outer",
                          "Parallel Aware": true,
                          "Join Type": "Inner",
                          "Startup Cost": 35367.48,
                          "Total Cost": 81637.11,
                          "Plan Rows": 245065,
                          "Plan Width": 8,
                          "Actual Startup Time": 149.902,
                          "Actual Total Time": 395.568,
                          "Actual Rows": 207903,
                          "Actual Loops": 4,
                          "Inner Unique": false,
                          "Hash Cond": "(t.id = mc.movie_id)",
                          "Plans": [
                            {
                              "Node Type": "Seq Scan",
                              "Parent Relationship": "Outer",
                              "Parallel Aware": true,
                              "Relation Name": "title",
                              "Alias": "t",
                              "Startup Cost": 0.0,
                              "Total Cost": 42318.73,
                              "Plan Rows": 632073,
                              "Plan Width": 4,
                              "Actual Startup Time": 0.01,
                              "Actual Total Time": 74.494,
                              "Actual Rows": 632078,
                              "Actual Loops": 4
                            },
                            {
                              "Node Type": "Hash",
                              "Parent Relationship": "Inner",
                              "Parallel Aware": true,
                              "Startup Cost": 31414.82,
                              "Total Cost": 31414.82,
                              "Plan Rows": 316213,
                              "Plan Width": 4,
                              "Actual Startup Time": 147.089,
                              "Actual Total Time": 147.09,
                              "Actual Rows": 207903,
                              "Actual Loops": 4,
                              "Hash Buckets": 1048576,
                              "Original Hash Buckets": 1048576,
                              "Hash Batches": 1,
                              "Original Hash Batches": 1,
                              "Peak Memory Usage": 40768,
                              "Plans": [
                                {
                                  "Node Type": "Seq Scan",
                                  "Parent Relationship": "Outer",
                                  "Parallel Aware": true,
                                  "Relation Name": "movie_companies",
                                  "Alias": "mc",
                                  "Startup Cost": 0.0,
                                  "Total Cost": 31414.82,
                                  "Plan Rows": 316213,
                                  "Plan Width": 4,
                                  "Actual Startup Time": 0.565,
                                  "Actual Total Time": 82.479,
                                  "Actual Rows": 207903,
                                  "Actual Loops": 4,
                                  "Filter": "((company_id > 741) AND (company_type_id = 1))",
                                  "Rows Removed by Filter": 444379
                                }
                              ]
                            }
                          ]
                        }
                      ]
                    }
                  ]
                }
              ]
            }
          ]
        }
      ]
    },
    "Planning Time": 1.43,
    "Triggers": [],
    "Execution Time": 1253.212
  }
]