[
    {
        "Bao": {
            "Bao prediction": "NaN",
            "Bao recommended hint": "(no hint)"
        }
    },
    {
        "Plan": {
            "Node Type": "Aggregate",
            "Strategy": "Plain",
            "Partial Mode": "Finalize",
            "Parallel Aware": false,
            "Startup Cost": 32928.86,
            "Total Cost": 32928.87,
            "Plan Rows": 1,
            "Plan Width": 8,
            "Actual Startup Time": 83.446,
            "Actual Total Time": 89.404,
            "Actual Rows": 1,
            "Actual Loops": 1,
            "Output": [
                "count(*)"
            ],
            "Plans": [
                {
                    "Node Type": "Gather",
                    "Parent Relationship": "Outer",
                    "Parallel Aware": false,
                    "Startup Cost": 32928.54,
                    "Total Cost": 32928.85,
                    "Plan Rows": 3,
                    "Plan Width": 8,
                    "Actual Startup Time": 83.381,
                    "Actual Total Time": 89.398,
                    "Actual Rows": 4,
                    "Actual Loops": 1,
                    "Output": [
                        "(PARTIAL count(*))"
                    ],
                    "Workers Planned": 3,
                    "Workers Launched": 3,
                    "Single Copy": false,
                    "Plans": [
                        {
                            "Node Type": "Aggregate",
                            "Strategy": "Plain",
                            "Partial Mode": "Partial",
                            "Parent Relationship": "Outer",
                            "Parallel Aware": false,
                            "Startup Cost": 31928.54,
                            "Total Cost": 31928.55,
                            "Plan Rows": 1,
                            "Plan Width": 8,
                            "Actual Startup Time": 75.352,
                            "Actual Total Time": 75.353,
                            "Actual Rows": 1,
                            "Actual Loops": 4,
                            "Output": [
                                "PARTIAL count(*)"
                            ],
                            "Workers": [
                                {
                                    "Worker Number": 0,
                                    "Actual Startup Time": 72.599,
                                    "Actual Total Time": 72.6,
                                    "Actual Rows": 1,
                                    "Actual Loops": 1
                                },
                                {
                                    "Worker Number": 1,
                                    "Actual Startup Time": 72.628,
                                    "Actual Total Time": 72.628,
                                    "Actual Rows": 1,
                                    "Actual Loops": 1
                                },
                                {
                                    "Worker Number": 2,
                                    "Actual Startup Time": 73.083,
                                    "Actual Total Time": 73.085,
                                    "Actual Rows": 1,
                                    "Actual Loops": 1
                                }
                            ],
                            "Plans": [
                                {
                                    "Node Type": "Seq Scan",
                                    "Parent Relationship": "Outer",
                                    "Parallel Aware": true,
                                    "Relation Name": "movie_companies",
                                    "Schema": "public",
                                    "Alias": "mc",
                                    "Startup Cost": 0.0,
                                    "Total Cost": 31414.82,
                                    "Plan Rows": 205488,
                                    "Plan Width": 0,
                                    "Actual Startup Time": 16.21,
                                    "Actual Total Time": 70.138,
                                    "Actual Rows": 99311,
                                    "Actual Loops": 4,
                                    "Output": [
                                        "id",
                                        "movie_id",
                                        "company_id",
                                        "company_type_id",
                                        "note"
                                    ],
                                    "Filter": "((mc.company_id > 11312) AND (mc.company_type_id = 1))",
                                    "Rows Removed by Filter": 552971,
                                    "Workers": [
                                        {
                                            "Worker Number": 0,
                                            "Actual Startup Time": 13.46,
                                            "Actual Total Time": 67.652,
                                            "Actual Rows": 85330,
                                            "Actual Loops": 1
                                        },
                                        {
                                            "Worker Number": 1,
                                            "Actual Startup Time": 13.488,
                                            "Actual Total Time": 67.871,
                                            "Actual Rows": 75997,
                                            "Actual Loops": 1
                                        },
                                        {
                                            "Worker Number": 2,
                                            "Actual Startup Time": 13.945,
                                            "Actual Total Time": 68.1,
                                            "Actual Rows": 85126,
                                            "Actual Loops": 1
                                        }
                                    ]
                                }
                            ]
                        }
                    ]
                }
            ]
        },
        "Planning Time": 213.467,
        "Triggers": [],
        "Execution Time": 89.449
    }
]