[
    {
        "Bao": {
            "Bao prediction": "NaN",
            "Bao recommended hint": "(no hint)"
        }
    },
    {
        "Plan": {
            "Node Type": "Aggregate",
            "Strategy": "Plain",
            "Partial Mode": "Finalize",
            "Parallel Aware": false,
            "Startup Cost": 270222.41,
            "Total Cost": 270222.42,
            "Plan Rows": 1,
            "Plan Width": 8,
            "Actual Startup Time": 563.586,
            "Actual Total Time": 575.787,
            "Actual Rows": 1,
            "Actual Loops": 1,
            "Output": [
                "count(*)"
            ],
            "Plans": [
                {
                    "Node Type": "Gather",
                    "Parent Relationship": "Outer",
                    "Parallel Aware": false,
                    "Startup Cost": 270221.88,
                    "Total Cost": 270222.39,
                    "Plan Rows": 5,
                    "Plan Width": 8,
                    "Actual Startup Time": 557.688,
                    "Actual Total Time": 575.767,
                    "Actual Rows": 6,
                    "Actual Loops": 1,
                    "Output": [
                        "(PARTIAL count(*))"
                    ],
                    "Workers Planned": 5,
                    "Workers Launched": 5,
                    "Single Copy": false,
                    "Plans": [
                        {
                            "Node Type": "Aggregate",
                            "Strategy": "Plain",
                            "Partial Mode": "Partial",
                            "Parent Relationship": "Outer",
                            "Parallel Aware": false,
                            "Startup Cost": 269221.88,
                            "Total Cost": 269221.89,
                            "Plan Rows": 1,
                            "Plan Width": 8,
                            "Actual Startup Time": 547.513,
                            "Actual Total Time": 547.519,
                            "Actual Rows": 1,
                            "Actual Loops": 6,
                            "Output": [
                                "PARTIAL count(*)"
                            ],
                            "Workers": [
                                {
                                    "Worker Number": 0,
                                    "Actual Startup Time": 544.932,
                                    "Actual Total Time": 544.94,
                                    "Actual Rows": 1,
                                    "Actual Loops": 1
                                },
                                {
                                    "Worker Number": 1,
                                    "Actual Startup Time": 545.694,
                                    "Actual Total Time": 545.7,
                                    "Actual Rows": 1,
                                    "Actual Loops": 1
                                },
                                {
                                    "Worker Number": 2,
                                    "Actual Startup Time": 545.312,
                                    "Actual Total Time": 545.318,
                                    "Actual Rows": 1,
                                    "Actual Loops": 1
                                },
                                {
                                    "Worker Number": 3,
                                    "Actual Startup Time": 545.851,
                                    "Actual Total Time": 545.857,
                                    "Actual Rows": 1,
                                    "Actual Loops": 1
                                },
                                {
                                    "Worker Number": 4,
                                    "Actual Startup Time": 546.01,
                                    "Actual Total Time": 546.016,
                                    "Actual Rows": 1,
                                    "Actual Loops": 1
                                }
                            ],
                            "Plans": [
                                {
                                    "Node Type": "Hash Join",
                                    "Parent Relationship": "Outer",
                                    "Parallel Aware": true,
                                    "Join Type": "Inner",
                                    "Startup Cost": 102885.96,
                                    "Total Cost": 269043.71,
                                    "Plan Rows": 71268,
                                    "Plan Width": 0,
                                    "Actual Startup Time": 434.179,
                                    "Actual Total Time": 541.434,
                                    "Actual Rows": 117198,
                                    "Actual Loops": 6,
                                    "Inner Unique": false,
                                    "Hash Cond": "(mi.movie_id = t.id)",
                                    "Workers": [
                                        {
                                            "Worker Number": 0,
                                            "Actual Startup Time": 431.836,
                                            "Actual Total Time": 538.421,
                                            "Actual Rows": 87632,
                                            "Actual Loops": 1
                                        },
                                        {
                                            "Worker Number": 1,
                                            "Actual Startup Time": 432.279,
                                            "Actual Total Time": 539.674,
                                            "Actual Rows": 115085,
                                            "Actual Loops": 1
                                        },
                                        {
                                            "Worker Number": 2,
                                            "Actual Startup Time": 431.782,
                                            "Actual Total Time": 539.239,
                                            "Actual Rows": 113825,
                                            "Actual Loops": 1
                                        },
                                        {
                                            "Worker Number": 3,
                                            "Actual Startup Time": 432.59,
                                            "Actual Total Time": 539.899,
                                            "Actual Rows": 120506,
                                            "Actual Loops": 1
                                        },
                                        {
                                            "Worker Number": 4,
                                            "Actual Startup Time": 432.392,
                                            "Actual Total Time": 540.485,
                                            "Actual Rows": 135604,
                                            "Actual Loops": 1
                                        }
                                    ],
                                    "Plans": [
                                        {
                                            "Node Type": "Bitmap Heap Scan",
                                            "Parent Relationship": "Outer",
                                            "Parallel Aware": true,
                                            "Relation Name": "movie_info",
                                            "Schema": "public",
                                            "Alias": "mi",
                                            "Startup Cost": 22246.9,
                                            "Total Cost": 187306.49,
                                            "Plan Rows": 245328,
                                            "Plan Width": 4,
                                            "Actual Startup Time": 93.26,
                                            "Actual Total Time": 124.309,
                                            "Actual Rows": 216498,
                                            "Actual Loops": 6,
                                            "Output": [
                                                "mi.id",
                                                "mi.movie_id",
                                                "mi.info_type_id",
                                                "mi.info",
                                                "mi.note"
                                            ],
                                            "Recheck Cond": "(mi.info_type_id = 4)",
                                            "Rows Removed by Index Recheck": 0,
                                            "Exact Heap Blocks": 1529,
                                            "Lossy Heap Blocks": 0,
                                            "Workers": [
                                                {
                                                    "Worker Number": 0,
                                                    "Actual Startup Time": 93.226,
                                                    "Actual Total Time": 125.681,
                                                    "Actual Rows": 161590,
                                                    "Actual Loops": 1
                                                },
                                                {
                                                    "Worker Number": 1,
                                                    "Actual Startup Time": 93.184,
                                                    "Actual Total Time": 124.466,
                                                    "Actual Rows": 208569,
                                                    "Actual Loops": 1
                                                },
                                                {
                                                    "Worker Number": 2,
                                                    "Actual Startup Time": 93.548,
                                                    "Actual Total Time": 124.824,
                                                    "Actual Rows": 206997,
                                                    "Actual Loops": 1
                                                },
                                                {
                                                    "Worker Number": 3,
                                                    "Actual Startup Time": 93.288,
                                                    "Actual Total Time": 125.492,
                                                    "Actual Rows": 219263,
                                                    "Actual Loops": 1
                                                },
                                                {
                                                    "Worker Number": 4,
                                                    "Actual Startup Time": 92.901,
                                                    "Actual Total Time": 123.596,
                                                    "Actual Rows": 265582,
                                                    "Actual Loops": 1
                                                }
                                            ],
                                            "Plans": [
                                                {
                                                    "Node Type": "Bitmap Index Scan",
                                                    "Parent Relationship": "Outer",
                                                    "Parallel Aware": false,
                                                    "Index Name": "info_type_id_movie_info",
                                                    "Startup Cost": 0.0,
                                                    "Total Cost": 21940.24,
                                                    "Plan Rows": 1226640,
                                                    "Plan Width": 0,
                                                    "Actual Startup Time": 91.685,
                                                    "Actual Total Time": 91.685,
                                                    "Actual Rows": 1298989,
                                                    "Actual Loops": 1,
                                                    "Index Cond": "(mi.info_type_id = 4)",
                                                    "Workers": [
                                                        {
                                                            "Worker Number": 4,
                                                            "Actual Startup Time": 91.685,
                                                            "Actual Total Time": 91.685,
                                                            "Actual Rows": 1298989,
                                                            "Actual Loops": 1
                                                        }
                                                    ]
                                                }
                                            ]
                                        },
                                        {
                                            "Node Type": "Hash",
                                            "Parent Relationship": "Inner",
                                            "Parallel Aware": true,
                                            "Startup Cost": 78343.82,
                                            "Total Cost": 78343.82,
                                            "Plan Rows": 183620,
                                            "Plan Width": 8,
                                            "Actual Startup Time": 335.8,
                                            "Actual Total Time": 335.804,
                                            "Actual Rows": 122617,
                                            "Actual Loops": 6,
                                            "Output": [
                                                "t.id",
                                                "mc.movie_id"
                                            ],
                                            "Hash Buckets": 1048576,
                                            "Original Hash Buckets": 1048576,
                                            "Hash Batches": 1,
                                            "Original Hash Batches": 1,
                                            "Peak Memory Usage": 37088,
                                            "Workers": [
                                                {
                                                    "Worker Number": 0,
                                                    "Actual Startup Time": 335.013,
                                                    "Actual Total Time": 335.018,
                                                    "Actual Rows": 91033,
                                                    "Actual Loops": 1
                                                },
                                                {
                                                    "Worker Number": 1,
                                                    "Actual Startup Time": 335.352,
                                                    "Actual Total Time": 335.356,
                                                    "Actual Rows": 125235,
                                                    "Actual Loops": 1
                                                },
                                                {
                                                    "Worker Number": 2,
                                                    "Actual Startup Time": 335.393,
                                                    "Actual Total Time": 335.398,
                                                    "Actual Rows": 125805,
                                                    "Actual Loops": 1
                                                },
                                                {
                                                    "Worker Number": 3,
                                                    "Actual Startup Time": 335.761,
                                                    "Actual Total Time": 335.765,
                                                    "Actual Rows": 127023,
                                                    "Actual Loops": 1
                                                },
                                                {
                                                    "Worker Number": 4,
                                                    "Actual Startup Time": 336.006,
                                                    "Actual Total Time": 336.01,
                                                    "Actual Rows": 127830,
                                                    "Actual Loops": 1
                                                }
                                            ],
                                            "Plans": [
                                                {
                                                    "Node Type": "Hash Join",
                                                    "Parent Relationship": "Outer",
                                                    "Parallel Aware": true,
                                                    "Join Type": "Inner",
                                                    "Startup Cost": 32272.29,
                                                    "Total Cost": 78343.82,
                                                    "Plan Rows": 183620,
                                                    "Plan Width": 8,
                                                    "Actual Startup Time": 111.543,
                                                    "Actual Total Time": 293.789,
                                                    "Actual Rows": 122617,
                                                    "Actual Loops": 6,
                                                    "Output": [
                                                        "t.id",
                                                        "mc.movie_id"
                                                    ],
                                                    "Inner Unique": false,
                                                    "Hash Cond": "(t.id = mc.movie_id)",
                                                    "Workers": [
                                                        {
                                                            "Worker Number": 0,
                                                            "Actual Startup Time": 110.641,
                                                            "Actual Total Time": 293.037,
                                                            "Actual Rows": 91033,
                                                            "Actual Loops": 1
                                                        },
                                                        {
                                                            "Worker Number": 1,
                                                            "Actual Startup Time": 111.05,
                                                            "Actual Total Time": 291.812,
                                                            "Actual Rows": 125235,
                                                            "Actual Loops": 1
                                                        },
                                                        {
                                                            "Worker Number": 2,
                                                            "Actual Startup Time": 111.149,
                                                            "Actual Total Time": 293.586,
                                                            "Actual Rows": 125805,
                                                            "Actual Loops": 1
                                                        },
                                                        {
                                                            "Worker Number": 3,
                                                            "Actual Startup Time": 111.684,
                                                            "Actual Total Time": 294.671,
                                                            "Actual Rows": 127023,
                                                            "Actual Loops": 1
                                                        },
                                                        {
                                                            "Worker Number": 4,
                                                            "Actual Startup Time": 111.717,
                                                            "Actual Total Time": 294.648,
                                                            "Actual Rows": 127830,
                                                            "Actual Loops": 1
                                                        }
                                                    ],
                                                    "Plans": [
                                                        {
                                                            "Node Type": "Seq Scan",
                                                            "Parent Relationship": "Outer",
                                                            "Parallel Aware": true,
                                                            "Relation Name": "title",
                                                            "Schema": "public",
                                                            "Alias": "t",
                                                            "Startup Cost": 0.0,
                                                            "Total Cost": 42318.81,
                                                            "Plan Rows": 632080,
                                                            "Plan Width": 4,
                                                            "Actual Startup Time": 0.012,
                                                            "Actual Total Time": 54.552,
                                                            "Actual Rows": 421385,
                                                            "Actual Loops": 6,
                                                            "Output": [
                                                                "t.id",
                                                                "t.title",
                                                                "t.imdb_index",
                                                                "t.kind_id",
                                                                "t.production_year",
                                                                "t.imdb_id",
                                                                "t.phonetic_code",
                                                                "t.episode_of_id",
                                                                "t.season_nr",
                                                                "t.episode_nr",
                                                                "t.series_years",
                                                                "t.md5sum"
                                                            ],
                                                            "Workers": [
                                                                {
                                                                    "Worker Number": 0,
                                                                    "Actual Startup Time": 0.014,
                                                                    "Actual Total Time": 60.91,
                                                                    "Actual Rows": 307490,
                                                                    "Actual Loops": 1
                                                                },
                                                                {
                                                                    "Worker Number": 1,
                                                                    "Actual Startup Time": 0.01,
                                                                    "Actual Total Time": 54.289,
                                                                    "Actual Rows": 427634,
                                                                    "Actual Loops": 1
                                                                },
                                                                {
                                                                    "Worker Number": 2,
                                                                    "Actual Startup Time": 0.02,
                                                                    "Actual Total Time": 54.771,
                                                                    "Actual Rows": 431353,
                                                                    "Actual Loops": 1
                                                                },
                                                                {
                                                                    "Worker Number": 3,
                                                                    "Actual Startup Time": 0.016,
                                                                    "Actual Total Time": 56.584,
                                                                    "Actual Rows": 436176,
                                                                    "Actual Loops": 1
                                                                },
                                                                {
                                                                    "Worker Number": 4,
                                                                    "Actual Startup Time": 0.006,
                                                                    "Actual Total Time": 56.382,
                                                                    "Actual Rows": 438533,
                                                                    "Actual Loops": 1
                                                                }
                                                            ]
                                                        },
                                                        {
                                                            "Node Type": "Hash",
                                                            "Parent Relationship": "Inner",
                                                            "Parallel Aware": true,
                                                            "Startup Cost": 29310.68,
                                                            "Total Cost": 29310.68,
                                                            "Plan Rows": 236929,
                                                            "Plan Width": 4,
                                                            "Actual Startup Time": 110.14,
                                                            "Actual Total Time": 110.141,
                                                            "Actual Rows": 122617,
                                                            "Actual Loops": 6,
                                                            "Output": [
                                                                "mc.movie_id"
                                                            ],
                                                            "Hash Buckets": 1048576,
                                                            "Original Hash Buckets": 1048576,
                                                            "Hash Batches": 1,
                                                            "Original Hash Batches": 1,
                                                            "Peak Memory Usage": 37088,
                                                            "Workers": [
                                                                {
                                                                    "Worker Number": 0,
                                                                    "Actual Startup Time": 110.543,
                                                                    "Actual Total Time": 110.544,
                                                                    "Actual Rows": 86062,
                                                                    "Actual Loops": 1
                                                                },
                                                                {
                                                                    "Worker Number": 1,
                                                                    "Actual Startup Time": 110.812,
                                                                    "Actual Total Time": 110.814,
                                                                    "Actual Rows": 121074,
                                                                    "Actual Loops": 1
                                                                },
                                                                {
                                                                    "Worker Number": 2,
                                                                    "Actual Startup Time": 110.864,
                                                                    "Actual Total Time": 110.865,
                                                                    "Actual Rows": 120717,
                                                                    "Actual Loops": 1
                                                                },
                                                                {
                                                                    "Worker Number": 3,
                                                                    "Actual Startup Time": 111.414,
                                                                    "Actual Total Time": 111.416,
                                                                    "Actual Rows": 128146,
                                                                    "Actual Loops": 1
                                                                },
                                                                {
                                                                    "Worker Number": 4,
                                                                    "Actual Startup Time": 111.563,
                                                                    "Actual Total Time": 111.565,
                                                                    "Actual Rows": 128251,
                                                                    "Actual Loops": 1
                                                                }
                                                            ],
                                                            "Plans": [
                                                                {
                                                                    "Node Type": "Seq Scan",
                                                                    "Parent Relationship": "Outer",
                                                                    "Parallel Aware": true,
                                                                    "Relation Name": "movie_companies",
                                                                    "Schema": "public",
                                                                    "Alias": "mc",
                                                                    "Startup Cost": 0.0,
                                                                    "Total Cost": 29310.68,
                                                                    "Plan Rows": 236929,
                                                                    "Plan Width": 4,
                                                                    "Actual Startup Time": 21.739,
                                                                    "Actual Total Time": 62.804,
                                                                    "Actual Rows": 122617,
                                                                    "Actual Loops": 6,
                                                                    "Output": [
                                                                        "mc.movie_id"
                                                                    ],
                                                                    "Filter": "(mc.company_id > 39577)",
                                                                    "Rows Removed by Filter": 312238,
                                                                    "Workers": [
                                                                        {
                                                                            "Worker Number": 0,
                                                                            "Actual Startup Time": 21.666,
                                                                            "Actual Total Time": 64.07,
                                                                            "Actual Rows": 86062,
                                                                            "Actual Loops": 1
                                                                        },
                                                                        {
                                                                            "Worker Number": 1,
                                                                            "Actual Startup Time": 21.686,
                                                                            "Actual Total Time": 62.631,
                                                                            "Actual Rows": 121074,
                                                                            "Actual Loops": 1
                                                                        },
                                                                        {
                                                                            "Worker Number": 2,
                                                                            "Actual Startup Time": 21.71,
                                                                            "Actual Total Time": 62.425,
                                                                            "Actual Rows": 120717,
                                                                            "Actual Loops": 1
                                                                        },
                                                                        {
                                                                            "Worker Number": 3,
                                                                            "Actual Startup Time": 21.754,
                                                                            "Actual Total Time": 63.938,
                                                                            "Actual Rows": 128146,
                                                                            "Actual Loops": 1
                                                                        },
                                                                        {
                                                                            "Worker Number": 4,
                                                                            "Actual Startup Time": 21.769,
                                                                            "Actual Total Time": 63.606,
                                                                            "Actual Rows": 128251,
                                                                            "Actual Loops": 1
                                                                        }
                                                                    ]
                                                                }
                                                            ]
                                                        }
                                                    ]
                                                }
                                            ]
                                        }
                                    ]
                                }
                            ]
                        }
                    ]
                }
            ]
        },
        "Planning Time": 200.135,
        "Triggers": [],
        "Execution Time": 575.863
    }
]