[
  {
    "Plan": {
      "Node Type": "Aggregate",
      "Strategy": "Plain",
      "Partial Mode": "Finalize",
      "Parallel Aware": false,
      "Startup Cost": 46307.18,
      "Total Cost": 46307.19,
      "Plan Rows": 1,
      "Plan Width": 8,
      "Actual Startup Time": 163.665,
      "Actual Total Time": 171.382,
      "Actual Rows": 1,
      "Actual Loops": 1,
      "Plans": [
        {
          "Node Type": "Gather",
          "Parent Relationship": "Outer",
          "Parallel Aware": false,
          "Startup Cost": 46306.87,
          "Total Cost": 46307.18,
          "Plan Rows": 3,
          "Plan Width": 8,
          "Actual Startup Time": 163.546,
          "Actual Total Time": 171.375,
          "Actual Rows": 4,
          "Actual Loops": 1,
          "Workers Planned": 3,
          "Workers Launched": 3,
          "Single Copy": false,
          "Plans": [
            {
              "Node Type": "Aggregate",
              "Strategy": "Plain",
              "Partial Mode": "Partial",
              "Parent Relationship": "Outer",
              "Parallel Aware": false,
              "Startup Cost": 45306.87,
              "Total Cost": 45306.88,
              "Plan Rows": 1,
              "Plan Width": 8,
              "Actual Startup Time": 155.594,
              "Actual Total Time": 155.595,
              "Actual Rows": 1,
              "Actual Loops": 4,
              "Plans": [
                {
                  "Node Type": "Seq Scan",
                  "Parent Relationship": "Outer",
                  "Parallel Aware": true,
                  "Relation Name": "movie_keyword",
                  "Alias": "mk",
                  "Startup Cost": 0.0,
                  "Total Cost": 42695.65,
                  "Plan Rows": 1044485,
                  "Plan Width": 0,
                  "Actual Startup Time": 0.059,
                  "Actual Total Time": 116.906,
                  "Actual Rows": 807177,
                  "Actual Loops": 4,
                  "Filter": "(keyword_id < 13641)",
                  "Rows Removed by Filter": 323805
                }
              ]
            }
          ]
        }
      ]
    },
    "Planning Time": 0.177,
    "Triggers": [],
    "Execution Time": 171.436
  }
]