[
  {
    "Plan": {
      "Node Type": "Aggregate",
      "Strategy": "Plain",
      "Partial Mode": "Finalize",
      "Parallel Aware": false,
      "Startup Cost": 92823.8,
      "Total Cost": 92823.81,
      "Plan Rows": 1,
      "Plan Width": 8,
      "Actual Startup Time": 272.514,
      "Actual Total Time": 291.433,
      "Actual Rows": 1,
      "Actual Loops": 1,
      "Plans": [
        {
          "Node Type": "Gather",
          "Parent Relationship": "Outer",
          "Parallel Aware": false,
          "Startup Cost": 92823.48,
          "Total Cost": 92823.79,
          "Plan Rows": 3,
          "Plan Width": 8,
          "Actual Startup Time": 271.99,
          "Actual Total Time": 291.423,
          "Actual Rows": 4,
          "Actual Loops": 1,
          "Workers Planned": 3,
          "Workers Launched": 3,
          "Single Copy": false,
          "Plans": [
            {
              "Node Type": "Aggregate",
              "Strategy": "Plain",
              "Partial Mode": "Partial",
              "Parent Relationship": "Outer",
              "Parallel Aware": false,
              "Startup Cost": 91823.48,
              "Total Cost": 91823.49,
              "Plan Rows": 1,
              "Plan Width": 8,
              "Actual Startup Time": 263.386,
              "Actual Total Time": 263.391,
              "Actual Rows": 1,
              "Actual Loops": 4,
              "Plans": [
                {
                  "Node Type": "Hash Join",
                  "Parent Relationship": "Outer",
                  "Parallel Aware": true,
                  "Join Type": "Inner",
                  "Startup Cost": 45937.91,
                  "Total Cost": 91656.3,
                  "Plan Rows": 66870,
                  "Plan Width": 0,
                  "Actual Startup Time": 102.54,
                  "Actual Total Time": 263.077,
                  "Actual Rows": 7490,
                  "Actual Loops": 4,
                  "Inner Unique": true,
                  "Hash Cond": "(mk.movie_id = t.id)",
                  "Plans": [
                    {
                      "Node Type": "Seq Scan",
                      "Parent Relationship": "Outer",
                      "Parallel Aware": true,
                      "Relation Name": "movie_keyword",
                      "Alias": "mk",
                      "Startup Cost": 0.0,
                      "Total Cost": 42695.65,
                      "Plan Rows": 1151520,
                      "Plan Width": 4,
                      "Actual Startup Time": 0.061,
                      "Actual Total Time": 106.13,
                      "Actual Rows": 891490,
                      "Actual Loops": 4,
                      "Filter": "(keyword_id > 895)",
                      "Rows Removed by Filter": 239492
                    },
                    {
                      "Node Type": "Hash",
                      "Parent Relationship": "Inner",
                      "Parallel Aware": true,
                      "Startup Cost": 45479.1,
                      "Total Cost": 45479.1,
                      "Plan Rows": 36705,
                      "Plan Width": 4,
                      "Actual Startup Time": 99.624,
                      "Actual Total Time": 99.627,
                      "Actual Rows": 13356,
                      "Actual Loops": 4,
                      "Hash Buckets": 262144,
                      "Original Hash Buckets": 262144,
                      "Hash Batches": 1,
                      "Original Hash Batches": 1,
                      "Peak Memory Usage": 4192,
                      "Plans": [
                        {
                          "Node Type": "Seq Scan",
                          "Parent Relationship": "Outer",
                          "Parallel Aware": true,
                          "Relation Name": "title",
                          "Alias": "t",
                          "Startup Cost": 0.0,
                          "Total Cost": 45479.1,
                          "Plan Rows": 36705,
                          "Plan Width": 4,
                          "Actual Startup Time": 0.055,
                          "Actual Total Time": 92.77,
                          "Actual Rows": 13356,
                          "Actual Loops": 4,
                          "Filter": "((production_year < 1961) AND (kind_id = 7))",
                          "Rows Removed by Filter": 618722
                        }
                      ]
                    }
                  ]
                }
              ]
            }
          ]
        }
      ]
    },
    "Planning Time": 0.62,
    "Triggers": [],
    "Execution Time": 291.501
  }
]