[
    {
        "Bao": {
            "Bao prediction": "NaN",
            "Bao recommended hint": "(no hint)"
        }
    },
    {
        "Plan": {
            "Node Type": "Aggregate",
            "Strategy": "Plain",
            "Partial Mode": "Finalize",
            "Parallel Aware": false,
            "Startup Cost": 32078.16,
            "Total Cost": 32078.17,
            "Plan Rows": 1,
            "Plan Width": 8,
            "Actual Startup Time": 83.451,
            "Actual Total Time": 90.026,
            "Actual Rows": 1,
            "Actual Loops": 1,
            "Output": [
                "count(*)"
            ],
            "Plans": [
                {
                    "Node Type": "Gather",
                    "Parent Relationship": "Outer",
                    "Parallel Aware": false,
                    "Startup Cost": 32077.84,
                    "Total Cost": 32078.15,
                    "Plan Rows": 3,
                    "Plan Width": 8,
                    "Actual Startup Time": 83.231,
                    "Actual Total Time": 90.009,
                    "Actual Rows": 4,
                    "Actual Loops": 1,
                    "Output": [
                        "(PARTIAL count(*))"
                    ],
                    "Workers Planned": 3,
                    "Workers Launched": 3,
                    "Single Copy": false,
                    "Plans": [
                        {
                            "Node Type": "Aggregate",
                            "Strategy": "Plain",
                            "Partial Mode": "Partial",
                            "Parent Relationship": "Outer",
                            "Parallel Aware": false,
                            "Startup Cost": 31077.84,
                            "Total Cost": 31077.85,
                            "Plan Rows": 1,
                            "Plan Width": 8,
                            "Actual Startup Time": 74.769,
                            "Actual Total Time": 74.771,
                            "Actual Rows": 1,
                            "Actual Loops": 4,
                            "Output": [
                                "PARTIAL count(*)"
                            ],
                            "Workers": [
                                {
                                    "Worker Number": 0,
                                    "Actual Startup Time": 71.89,
                                    "Actual Total Time": 71.892,
                                    "Actual Rows": 1,
                                    "Actual Loops": 1
                                },
                                {
                                    "Worker Number": 1,
                                    "Actual Startup Time": 72.03,
                                    "Actual Total Time": 72.032,
                                    "Actual Rows": 1,
                                    "Actual Loops": 1
                                },
                                {
                                    "Worker Number": 2,
                                    "Actual Startup Time": 72.207,
                                    "Actual Total Time": 72.208,
                                    "Actual Rows": 1,
                                    "Actual Loops": 1
                                }
                            ],
                            "Plans": [
                                {
                                    "Node Type": "Bitmap Heap Scan",
                                    "Parent Relationship": "Outer",
                                    "Parallel Aware": true,
                                    "Relation Name": "movie_keyword",
                                    "Schema": "public",
                                    "Alias": "mk",
                                    "Startup Cost": 5394.09,
                                    "Total Cost": 30872.88,
                                    "Plan Rows": 81984,
                                    "Plan Width": 0,
                                    "Actual Startup Time": 15.938,
                                    "Actual Total Time": 70.839,
                                    "Actual Rows": 62297,
                                    "Actual Loops": 4,
                                    "Recheck Cond": "(mk.keyword_id > 60547)",
                                    "Rows Removed by Index Recheck": 0,
                                    "Exact Heap Blocks": 10783,
                                    "Lossy Heap Blocks": 0,
                                    "Workers": [
                                        {
                                            "Worker Number": 0,
                                            "Actual Startup Time": 13.222,
                                            "Actual Total Time": 68.453,
                                            "Actual Rows": 40820,
                                            "Actual Loops": 1
                                        },
                                        {
                                            "Worker Number": 1,
                                            "Actual Startup Time": 13.33,
                                            "Actual Total Time": 68.444,
                                            "Actual Rows": 42543,
                                            "Actual Loops": 1
                                        },
                                        {
                                            "Worker Number": 2,
                                            "Actual Startup Time": 13.37,
                                            "Actual Total Time": 68.978,
                                            "Actual Rows": 39809,
                                            "Actual Loops": 1
                                        }
                                    ],
                                    "Plans": [
                                        {
                                            "Node Type": "Bitmap Index Scan",
                                            "Parent Relationship": "Outer",
                                            "Parallel Aware": false,
                                            "Index Name": "keyword_id_movie_keyword",
                                            "Startup Cost": 0.0,
                                            "Total Cost": 5330.55,
                                            "Plan Rows": 254149,
                                            "Plan Width": 0,
                                            "Actual Startup Time": 20.441,
                                            "Actual Total Time": 20.442,
                                            "Actual Rows": 249189,
                                            "Actual Loops": 1,
                                            "Index Cond": "(mk.keyword_id > 60547)"
                                        }
                                    ]
                                }
                            ]
                        }
                    ]
                }
            ]
        },
        "Planning Time": 202.938,
        "Triggers": [],
        "Execution Time": 90.085
    }
]