[
  {
    "Plan": {
      "Node Type": "Aggregate",
      "Strategy": "Plain",
      "Partial Mode": "Finalize",
      "Parallel Aware": false,
      "Startup Cost": 46600.24,
      "Total Cost": 46600.25,
      "Plan Rows": 1,
      "Plan Width": 8,
      "Actual Startup Time": 170.731,
      "Actual Total Time": 181.131,
      "Actual Rows": 1,
      "Actual Loops": 1,
      "Plans": [
        {
          "Node Type": "Gather",
          "Parent Relationship": "Outer",
          "Parallel Aware": false,
          "Startup Cost": 46599.92,
          "Total Cost": 46600.23,
          "Plan Rows": 3,
          "Plan Width": 8,
          "Actual Startup Time": 170.569,
          "Actual Total Time": 181.123,
          "Actual Rows": 4,
          "Actual Loops": 1,
          "Workers Planned": 3,
          "Workers Launched": 3,
          "Single Copy": false,
          "Plans": [
            {
              "Node Type": "Aggregate",
              "Strategy": "Plain",
              "Partial Mode": "Partial",
              "Parent Relationship": "Outer",
              "Parallel Aware": false,
              "Startup Cost": 45599.92,
              "Total Cost": 45599.93,
              "Plan Rows": 1,
              "Plan Width": 8,
              "Actual Startup Time": 164.741,
              "Actual Total Time": 164.742,
              "Actual Rows": 1,
              "Actual Loops": 4,
              "Plans": [
                {
                  "Node Type": "Seq Scan",
                  "Parent Relationship": "Outer",
                  "Parallel Aware": true,
                  "Relation Name": "movie_keyword",
                  "Alias": "mk",
                  "Startup Cost": 0.0,
                  "Total Cost": 42695.65,
                  "Plan Rows": 1161706,
                  "Plan Width": 0,
                  "Actual Startup Time": 0.09,
                  "Actual Total Time": 123.197,
                  "Actual Rows": 898323,
                  "Actual Loops": 4,
                  "Filter": "(keyword_id > 870)",
                  "Rows Removed by Filter": 232660
                }
              ]
            }
          ]
        }
      ]
    },
    "Planning Time": 0.124,
    "Triggers": [],
    "Execution Time": 181.169
  }
]