[
  {
    "Plan": {
      "Node Type": "Aggregate",
      "Strategy": "Plain",
      "Partial Mode": "Finalize",
      "Parallel Aware": false,
      "Startup Cost": 79287.37,
      "Total Cost": 79287.38,
      "Plan Rows": 1,
      "Plan Width": 8,
      "Actual Startup Time": 320.093,
      "Actual Total Time": 335.341,
      "Actual Rows": 1,
      "Actual Loops": 1,
      "Plans": [
        {
          "Node Type": "Gather",
          "Parent Relationship": "Outer",
          "Parallel Aware": false,
          "Startup Cost": 79286.95,
          "Total Cost": 79287.36,
          "Plan Rows": 4,
          "Plan Width": 8,
          "Actual Startup Time": 316.288,
          "Actual Total Time": 335.334,
          "Actual Rows": 5,
          "Actual Loops": 1,
          "Workers Planned": 4,
          "Workers Launched": 4,
          "Single Copy": false,
          "Plans": [
            {
              "Node Type": "Aggregate",
              "Strategy": "Plain",
              "Partial Mode": "Partial",
              "Parent Relationship": "Outer",
              "Parallel Aware": false,
              "Startup Cost": 78286.95,
              "Total Cost": 78286.96,
              "Plan Rows": 1,
              "Plan Width": 8,
              "Actual Startup Time": 306.245,
              "Actual Total Time": 306.248,
              "Actual Rows": 1,
              "Actual Loops": 5,
              "Plans": [
                {
                  "Node Type": "Hash Join",
                  "Parent Relationship": "Outer",
                  "Parallel Aware": true,
                  "Join Type": "Inner",
                  "Startup Cost": 32442.89,
                  "Total Cost": 78127.6,
                  "Plan Rows": 63741,
                  "Plan Width": 0,
                  "Actual Startup Time": 112.182,
                  "Actual Total Time": 301.292,
                  "Actual Rows": 102196,
                  "Actual Loops": 5,
                  "Inner Unique": false,
                  "Hash Cond": "(t.id = mc.movie_id)",
                  "Plans": [
                    {
                      "Node Type": "Seq Scan",
                      "Parent Relationship": "Outer",
                      "Parallel Aware": true,
                      "Relation Name": "title",
                      "Alias": "t",
                      "Startup Cost": 0.0,
                      "Total Cost": 42318.73,
                      "Plan Rows": 632073,
                      "Plan Width": 4,
                      "Actual Startup Time": 0.011,
                      "Actual Total Time": 66.362,
                      "Actual Rows": 505662,
                      "Actual Loops": 5
                    },
                    {
                      "Node Type": "Hash",
                      "Parent Relationship": "Inner",
                      "Parallel Aware": true,
                      "Startup Cost": 31414.82,
                      "Total Cost": 31414.82,
                      "Plan Rows": 82246,
                      "Plan Width": 4,
                      "Actual Startup Time": 109.84,
                      "Actual Total Time": 109.841,
                      "Actual Rows": 102196,
                      "Actual Loops": 5,
                      "Hash Buckets": 524288,
                      "Original Hash Buckets": 262144,
                      "Hash Batches": 1,
                      "Original Hash Batches": 1,
                      "Peak Memory Usage": 26208,
                      "Plans": [
                        {
                          "Node Type": "Seq Scan",
                          "Parent Relationship": "Outer",
                          "Parallel Aware": true,
                          "Relation Name": "movie_companies",
                          "Alias": "mc",
                          "Startup Cost": 0.0,
                          "Total Cost": 31414.82,
                          "Plan Rows": 82246,
                          "Plan Width": 4,
                          "Actual Startup Time": 41.516,
                          "Actual Total Time": 71.432,
                          "Actual Rows": 102196,
                          "Actual Loops": 5,
                          "Filter": "((company_id > 73705) AND (company_type_id > 1))",
                          "Rows Removed by Filter": 419629
                        }
                      ]
                    }
                  ]
                }
              ]
            }
          ]
        }
      ]
    },
    "Planning Time": 0.651,
    "Triggers": [],
    "Execution Time": 335.412
  }
]