[
  {
    "Plan": {
      "Node Type": "Aggregate",
      "Strategy": "Plain",
      "Partial Mode": "Finalize",
      "Parallel Aware": false,
      "Startup Cost": 239637.34,
      "Total Cost": 239637.35,
      "Plan Rows": 1,
      "Plan Width": 8,
      "Actual Startup Time": 648.43,
      "Actual Total Time": 690.097,
      "Actual Rows": 1,
      "Actual Loops": 1,
      "Plans": [
        {
          "Node Type": "Gather",
          "Parent Relationship": "Outer",
          "Parallel Aware": false,
          "Startup Cost": 239636.82,
          "Total Cost": 239637.33,
          "Plan Rows": 5,
          "Plan Width": 8,
          "Actual Startup Time": 647.347,
          "Actual Total Time": 690.088,
          "Actual Rows": 6,
          "Actual Loops": 1,
          "Workers Planned": 5,
          "Workers Launched": 5,
          "Single Copy": false,
          "Plans": [
            {
              "Node Type": "Aggregate",
              "Strategy": "Plain",
              "Partial Mode": "Partial",
              "Parent Relationship": "Outer",
              "Parallel Aware": false,
              "Startup Cost": 238636.82,
              "Total Cost": 238636.83,
              "Plan Rows": 1,
              "Plan Width": 8,
              "Actual Startup Time": 636.909,
              "Actual Total Time": 636.912,
              "Actual Rows": 1,
              "Actual Loops": 6,
              "Plans": [
                {
                  "Node Type": "Hash Join",
                  "Parent Relationship": "Outer",
                  "Parallel Aware": true,
                  "Join Type": "Inner",
                  "Startup Cost": 39000.41,
                  "Total Cost": 238322.17,
                  "Plan Rows": 125857,
                  "Plan Width": 0,
                  "Actual Startup Time": 68.632,
                  "Actual Total Time": 630.676,
                  "Actual Rows": 138882,
                  "Actual Loops": 6,
                  "Inner Unique": true,
                  "Hash Cond": "(mi.movie_id = t.id)",
                  "Plans": [
                    {
                      "Node Type": "Seq Scan",
                      "Parent Relationship": "Outer",
                      "Parallel Aware": true,
                      "Relation Name": "movie_info",
                      "Alias": "mi",
                      "Startup Cost": 0.0,
                      "Total Cost": 191560.33,
                      "Plan Rows": 2956733,
                      "Plan Width": 4,
                      "Actual Startup Time": 0.028,
                      "Actual Total Time": 284.425,
                      "Actual Rows": 2472620,
                      "Actual Loops": 6
                    },
                    {
                      "Node Type": "Hash",
                      "Parent Relationship": "Inner",
                      "Parallel Aware": true,
                      "Startup Cost": 38664.1,
                      "Total Cost": 38664.1,
                      "Plan Rows": 26905,
                      "Plan Width": 4,
                      "Actual Startup Time": 57.532,
                      "Actual Total Time": 57.533,
                      "Actual Rows": 18598,
                      "Actual Loops": 6,
                      "Hash Buckets": 131072,
                      "Original Hash Buckets": 131072,
                      "Hash Batches": 1,
                      "Original Hash Batches": 1,
                      "Peak Memory Usage": 5440,
                      "Plans": [
                        {
                          "Node Type": "Bitmap Heap Scan",
                          "Parent Relationship": "Outer",
                          "Parallel Aware": true,
                          "Relation Name": "title",
                          "Alias": "t",
                          "Startup Cost": 2207.84,
                          "Total Cost": 38664.1,
                          "Plan Rows": 26905,
                          "Plan Width": 4,
                          "Actual Startup Time": 13.911,
                          "Actual Total Time": 48.951,
                          "Actual Rows": 18598,
                          "Actual Loops": 6,
                          "Recheck Cond": "(kind_id = 4)",
                          "Rows Removed by Index Recheck": 0,
                          "Filter": "(production_year < 2012)",
                          "Rows Removed by Filter": 1108,
                          "Exact Heap Blocks": 5576,
                          "Lossy Heap Blocks": 0,
                          "Plans": [
                            {
                              "Node Type": "Bitmap Index Scan",
                              "Parent Relationship": "Outer",
                              "Parallel Aware": false,
                              "Index Name": "kind_id_title",
                              "Startup Cost": 0.0,
                              "Total Cost": 2180.94,
                              "Plan Rows": 122201,
                              "Plan Width": 0,
                              "Actual Startup Time": 14.118,
                              "Actual Total Time": 14.118,
                              "Actual Rows": 118234,
                              "Actual Loops": 1,
                              "Index Cond": "(kind_id = 4)"
                            }
                          ]
                        }
                      ]
                    }
                  ]
                }
              ]
            }
          ]
        }
      ]
    },
    "Planning Time": 0.624,
    "Triggers": [],
    "Execution Time": 690.218
  }
]