[
  {
    "Plan": {
      "Node Type": "Aggregate",
      "Strategy": "Plain",
      "Partial Mode": "Finalize",
      "Parallel Aware": false,
      "Startup Cost": 318571.5,
      "Total Cost": 318571.51,
      "Plan Rows": 1,
      "Plan Width": 8,
      "Actual Startup Time": 207.178,
      "Actual Total Time": 245.798,
      "Actual Rows": 1,
      "Actual Loops": 1,
      "Plans": [
        {
          "Node Type": "Gather",
          "Parent Relationship": "Outer",
          "Parallel Aware": false,
          "Startup Cost": 318571.08,
          "Total Cost": 318571.49,
          "Plan Rows": 4,
          "Plan Width": 8,
          "Actual Startup Time": 206.563,
          "Actual Total Time": 245.789,
          "Actual Rows": 5,
          "Actual Loops": 1,
          "Workers Planned": 4,
          "Workers Launched": 4,
          "Single Copy": false,
          "Plans": [
            {
              "Node Type": "Aggregate",
              "Strategy": "Plain",
              "Partial Mode": "Partial",
              "Parent Relationship": "Outer",
              "Parallel Aware": false,
              "Startup Cost": 317571.08,
              "Total Cost": 317571.09,
              "Plan Rows": 1,
              "Plan Width": 8,
              "Actual Startup Time": 197.707,
              "Actual Total Time": 197.708,
              "Actual Rows": 1,
              "Actual Loops": 5,
              "Plans": [
                {
                  "Node Type": "Nested Loop",
                  "Parent Relationship": "Outer",
                  "Parallel Aware": false,
                  "Join Type": "Inner",
                  "Startup Cost": 0.56,
                  "Total Cost": 317442.78,
                  "Plan Rows": 51320,
                  "Plan Width": 0,
                  "Actual Startup Time": 57.651,
                  "Actual Total Time": 195.166,
                  "Actual Rows": 30432,
                  "Actual Loops": 5,
                  "Inner Unique": false,
                  "Plans": [
                    {
                      "Node Type": "Seq Scan",
                      "Parent Relationship": "Outer",
                      "Parallel Aware": true,
                      "Relation Name": "title",
                      "Alias": "t",
                      "Startup Cost": 0.0,
                      "Total Cost": 45479.1,
                      "Plan Rows": 3582,
                      "Plan Width": 4,
                      "Actual Startup Time": 57.549,
                      "Actual Total Time": 79.868,
                      "Actual Rows": 1516,
                      "Actual Loops": 5,
                      "Filter": "((kind_id < 2) AND (production_year = 1999))",
                      "Rows Removed by Filter": 504147
                    },
                    {
                      "Node Type": "Index Only Scan",
                      "Parent Relationship": "Inner",
                      "Parallel Aware": false,
                      "Scan Direction": "Forward",
                      "Index Name": "movie_id_cast_info",
                      "Relation Name": "cast_info",
                      "Alias": "ci",
                      "Startup Cost": 0.56,
                      "Total Cost": 75.56,
                      "Plan Rows": 37,
                      "Plan Width": 4,
                      "Actual Startup Time": 0.011,
                      "Actual Total Time": 0.074,
                      "Actual Rows": 20,
                      "Actual Loops": 7578,
                      "Index Cond": "(movie_id = t.id)",
                      "Rows Removed by Index Recheck": 0,
                      "Heap Fetches": 152162
                    }
                  ]
                }
              ]
            }
          ]
        }
      ]
    },
    "Planning Time": 0.595,
    "Triggers": [],
    "Execution Time": 245.877
  }
]