{
    "Plan": {
        "Node Type": "Aggregate",
        "Strategy": "Plain",
        "Partial Mode": "Finalize",
        "Parallel Aware": false,
        "Startup Cost": 45140.45,
        "Total Cost": 45140.46,
        "Plan Rows": 1,
        "Plan Width": 8,
        "Actual Startup Time": 145.157,
        "Actual Total Time": 162.714,
        "Actual Rows": 1,
        "Actual Loops": 1,
        "Output": [
            "count(*)"
        ],
        "Plans": [
            {
                "Node Type": "Gather",
                "Parent Relationship": "Outer",
                "Parallel Aware": false,
                "Startup Cost": 45140.03,
                "Total Cost": 45140.44,
                "Plan Rows": 4,
                "Plan Width": 8,
                "Actual Startup Time": 145.009,
                "Actual Total Time": 162.702,
                "Actual Rows": 5,
                "Actual Loops": 1,
                "Output": [
                    "(PARTIAL count(*))"
                ],
                "Workers Planned": 4,
                "Workers Launched": 4,
                "Single Copy": false,
                "Plans": [
                    {
                        "Node Type": "Aggregate",
                        "Strategy": "Plain",
                        "Partial Mode": "Partial",
                        "Parent Relationship": "Outer",
                        "Parallel Aware": false,
                        "Startup Cost": 44140.03,
                        "Total Cost": 44140.04,
                        "Plan Rows": 1,
                        "Plan Width": 8,
                        "Actual Startup Time": 135.431,
                        "Actual Total Time": 135.432,
                        "Actual Rows": 1,
                        "Actual Loops": 5,
                        "Output": [
                            "PARTIAL count(*)"
                        ],
                        "Workers": [
                            {
                                "Worker Number": 0,
                                "Actual Startup Time": 133.117,
                                "Actual Total Time": 133.118,
                                "Actual Rows": 1,
                                "Actual Loops": 1
                            },
                            {
                                "Worker Number": 1,
                                "Actual Startup Time": 133.116,
                                "Actual Total Time": 133.118,
                                "Actual Rows": 1,
                                "Actual Loops": 1
                            },
                            {
                                "Worker Number": 2,
                                "Actual Startup Time": 133.367,
                                "Actual Total Time": 133.369,
                                "Actual Rows": 1,
                                "Actual Loops": 1
                            },
                            {
                                "Worker Number": 3,
                                "Actual Startup Time": 133.504,
                                "Actual Total Time": 133.506,
                                "Actual Rows": 1,
                                "Actual Loops": 1
                            }
                        ],
                        "Plans": [
                            {
                                "Node Type": "Seq Scan",
                                "Parent Relationship": "Outer",
                                "Parallel Aware": true,
                                "Relation Name": "title",
                                "Schema": "public",
                                "Alias": "t",
                                "Startup Cost": 0.0,
                                "Total Cost": 43899.01,
                                "Plan Rows": 96408,
                                "Plan Width": 0,
                                "Actual Startup Time": 0.086,
                                "Actual Total Time": 129.014,
                                "Actual Rows": 76286,
                                "Actual Loops": 5,
                                "Output": [
                                    "id",
                                    "title",
                                    "imdb_index",
                                    "kind_id",
                                    "production_year",
                                    "imdb_id",
                                    "phonetic_code",
                                    "episode_of_id",
                                    "season_nr",
                                    "episode_nr",
                                    "series_years",
                                    "md5sum"
                                ],
                                "Filter": "(t.production_year < 1971)",
                                "Rows Removed by Filter": 429376,
                                "Workers": [
                                    {
                                        "Worker Number": 0,
                                        "Actual Startup Time": 0.073,
                                        "Actual Total Time": 126.661,
                                        "Actual Rows": 80278,
                                        "Actual Loops": 1
                                    },
                                    {
                                        "Worker Number": 1,
                                        "Actual Startup Time": 0.07,
                                        "Actual Total Time": 126.59,
                                        "Actual Rows": 80240,
                                        "Actual Loops": 1
                                    },
                                    {
                                        "Worker Number": 2,
                                        "Actual Startup Time": 0.08,
                                        "Actual Total Time": 127.185,
                                        "Actual Rows": 60204,
                                        "Actual Loops": 1
                                    },
                                    {
                                        "Worker Number": 3,
                                        "Actual Startup Time": 0.112,
                                        "Actual Total Time": 127.017,
                                        "Actual Rows": 79617,
                                        "Actual Loops": 1
                                    }
                                ]
                            }
                        ]
                    }
                ]
            }
        ]
    },
    "Planning Time": 1.296,
    "Triggers": [],
    "Execution Time": 162.945
}