[
  {
    "Plan": {
      "Node Type": "Aggregate",
      "Strategy": "Plain",
      "Partial Mode": "Finalize",
      "Parallel Aware": false,
      "Startup Cost": 326817.74,
      "Total Cost": 326817.75,
      "Plan Rows": 1,
      "Plan Width": 8,
      "Actual Startup Time": 228.674,
      "Actual Total Time": 240.759,
      "Actual Rows": 1,
      "Actual Loops": 1,
      "Plans": [
        {
          "Node Type": "Gather",
          "Parent Relationship": "Outer",
          "Parallel Aware": false,
          "Startup Cost": 326817.12,
          "Total Cost": 326817.73,
          "Plan Rows": 6,
          "Plan Width": 8,
          "Actual Startup Time": 227.714,
          "Actual Total Time": 240.744,
          "Actual Rows": 7,
          "Actual Loops": 1,
          "Workers Planned": 6,
          "Workers Launched": 6,
          "Single Copy": false,
          "Plans": [
            {
              "Node Type": "Aggregate",
              "Strategy": "Plain",
              "Partial Mode": "Partial",
              "Parent Relationship": "Outer",
              "Parallel Aware": false,
              "Startup Cost": 325817.12,
              "Total Cost": 325817.13,
              "Plan Rows": 1,
              "Plan Width": 8,
              "Actual Startup Time": 220.162,
              "Actual Total Time": 220.165,
              "Actual Rows": 1,
              "Actual Loops": 7,
              "Plans": [
                {
                  "Node Type": "Bitmap Heap Scan",
                  "Parent Relationship": "Outer",
                  "Parallel Aware": true,
                  "Relation Name": "cast_info",
                  "Alias": "ci",
                  "Startup Cost": 64947.07,
                  "Total Cost": 325017.68,
                  "Plan Rows": 319776,
                  "Plan Width": 0,
                  "Actual Startup Time": 173.164,
                  "Actual Total Time": 214.841,
                  "Actual Rows": 122056,
                  "Actual Loops": 7,
                  "Recheck Cond": "(person_id < 296142)",
                  "Rows Removed by Index Recheck": 0,
                  "Filter": "(role_id > 1)",
                  "Rows Removed by Filter": 313897,
                  "Exact Heap Blocks": 7742,
                  "Lossy Heap Blocks": 0,
                  "Plans": [
                    {
                      "Node Type": "Bitmap Index Scan",
                      "Parent Relationship": "Outer",
                      "Parallel Aware": false,
                      "Index Name": "person_id_cast_info",
                      "Startup Cost": 0.0,
                      "Total Cost": 64467.4,
                      "Plan Rows": 2953445,
                      "Plan Width": 0,
                      "Actual Startup Time": 103.649,
                      "Actual Total Time": 103.649,
                      "Actual Rows": 3051669,
                      "Actual Loops": 1,
                      "Index Cond": "(person_id < 296142)"
                    }
                  ]
                }
              ]
            }
          ]
        }
      ]
    },
    "Planning Time": 0.117,
    "Triggers": [],
    "Execution Time": 240.802
  }
]