[
  {
    "Plan": {
      "Node Type": "Aggregate",
      "Strategy": "Plain",
      "Partial Mode": "Finalize",
      "Parallel Aware": false,
      "Startup Cost": 45687.95,
      "Total Cost": 45687.96,
      "Plan Rows": 1,
      "Plan Width": 8,
      "Actual Startup Time": 150.929,
      "Actual Total Time": 160.442,
      "Actual Rows": 1,
      "Actual Loops": 1,
      "Plans": [
        {
          "Node Type": "Gather",
          "Parent Relationship": "Outer",
          "Parallel Aware": false,
          "Startup Cost": 45687.63,
          "Total Cost": 45687.94,
          "Plan Rows": 3,
          "Plan Width": 8,
          "Actual Startup Time": 150.808,
          "Actual Total Time": 160.434,
          "Actual Rows": 4,
          "Actual Loops": 1,
          "Workers Planned": 3,
          "Workers Launched": 3,
          "Single Copy": false,
          "Plans": [
            {
              "Node Type": "Aggregate",
              "Strategy": "Plain",
              "Partial Mode": "Partial",
              "Parent Relationship": "Outer",
              "Parallel Aware": false,
              "Startup Cost": 44687.63,
              "Total Cost": 44687.64,
              "Plan Rows": 1,
              "Plan Width": 8,
              "Actual Startup Time": 143.887,
              "Actual Total Time": 143.888,
              "Actual Rows": 1,
              "Actual Loops": 4,
              "Plans": [
                {
                  "Node Type": "Seq Scan",
                  "Parent Relationship": "Outer",
                  "Parallel Aware": true,
                  "Relation Name": "movie_keyword",
                  "Alias": "mk",
                  "Startup Cost": 0.0,
                  "Total Cost": 42695.65,
                  "Plan Rows": 796792,
                  "Plan Width": 0,
                  "Actual Startup Time": 0.056,
                  "Actual Total Time": 115.593,
                  "Actual Rows": 617911,
                  "Actual Loops": 4,
                  "Filter": "(keyword_id < 5961)",
                  "Rows Removed by Filter": 513071
                }
              ]
            }
          ]
        }
      ]
    },
    "Planning Time": 0.155,
    "Triggers": [],
    "Execution Time": 160.492
  }
]