[
  {
    "Plan": {
      "Node Type": "Aggregate",
      "Strategy": "Plain",
      "Partial Mode": "Finalize",
      "Parallel Aware": false,
      "Startup Cost": 434921.42,
      "Total Cost": 434921.43,
      "Plan Rows": 1,
      "Plan Width": 8,
      "Actual Startup Time": 2960.257,
      "Actual Total Time": 3025.976,
      "Actual Rows": 1,
      "Actual Loops": 1,
      "Plans": [
        {
          "Node Type": "Gather",
          "Parent Relationship": "Outer",
          "Parallel Aware": false,
          "Startup Cost": 434920.8,
          "Total Cost": 434921.41,
          "Plan Rows": 6,
          "Plan Width": 8,
          "Actual Startup Time": 2942.699,
          "Actual Total Time": 3025.962,
          "Actual Rows": 7,
          "Actual Loops": 1,
          "Workers Planned": 6,
          "Workers Launched": 6,
          "Single Copy": false,
          "Plans": [
            {
              "Node Type": "Aggregate",
              "Strategy": "Plain",
              "Partial Mode": "Partial",
              "Parent Relationship": "Outer",
              "Parallel Aware": false,
              "Startup Cost": 433920.8,
              "Total Cost": 433920.81,
              "Plan Rows": 1,
              "Plan Width": 8,
              "Actual Startup Time": 2928.24,
              "Actual Total Time": 2928.632,
              "Actual Rows": 1,
              "Actual Loops": 7,
              "Plans": [
                {
                  "Node Type": "Hash Join",
                  "Parent Relationship": "Outer",
                  "Parallel Aware": true,
                  "Join Type": "Inner",
                  "Startup Cost": 84160.58,
                  "Total Cost": 426895.45,
                  "Plan Rows": 2810140,
                  "Plan Width": 0,
                  "Actual Startup Time": 421.44,
                  "Actual Total Time": 2734.928,
                  "Actual Rows": 4504023,
                  "Actual Loops": 7,
                  "Inner Unique": false,
                  "Hash Cond": "(ci.movie_id = t.id)",
                  "Plans": [
                    {
                      "Node Type": "Seq Scan",
                      "Parent Relationship": "Outer",
                      "Parallel Aware": true,
                      "Relation Name": "cast_info",
                      "Alias": "ci",
                      "Startup Cost": 0.0,
                      "Total Cost": 313067.02,
                      "Plan Rows": 6038002,
                      "Plan Width": 4,
                      "Actual Startup Time": 0.02,
                      "Actual Total Time": 546.928,
                      "Actual Rows": 5177763,
                      "Actual Loops": 7
                    },
                    {
                      "Node Type": "Hash",
                      "Parent Relationship": "Inner",
                      "Parallel Aware": true,
                      "Startup Cost": 80483.43,
                      "Total Cost": 80483.43,
                      "Plan Rows": 294172,
                      "Plan Width": 8,
                      "Actual Startup Time": 416.721,
                      "Actual Total Time": 417.112,
                      "Actual Rows": 168351,
                      "Actual Loops": 7,
                      "Hash Buckets": 2097152,
                      "Original Hash Buckets": 2097152,
                      "Hash Batches": 1,
                      "Original Hash Batches": 1,
                      "Peak Memory Usage": 62592,
                      "Plans": [
                        {
                          "Node Type": "Hash Join",
                          "Parent Relationship": "Outer",
                          "Parallel Aware": true,
                          "Join Type": "Inner",
                          "Startup Cost": 34055.39,
                          "Total Cost": 80483.43,
                          "Plan Rows": 294172,
                          "Plan Width": 8,
                          "Actual Startup Time": 140.129,
                          "Actual Total Time": 341.964,
                          "Actual Rows": 168351,
                          "Actual Loops": 7,
                          "Inner Unique": false,
                          "Hash Cond": "(t.id = mc.movie_id)",
                          "Plans": [
                            {
                              "Node Type": "Seq Scan",
                              "Parent Relationship": "Outer",
                              "Parallel Aware": true,
                              "Relation Name": "title",
                              "Alias": "t",
                              "Startup Cost": 0.0,
                              "Total Cost": 42318.73,
                              "Plan Rows": 632073,
                              "Plan Width": 4,
                              "Actual Startup Time": 0.013,
                              "Actual Total Time": 58.229,
                              "Actual Rows": 361187,
                              "Actual Loops": 7
                            },
                            {
                              "Node Type": "Hash",
                              "Parent Relationship": "Inner",
                              "Parallel Aware": true,
                              "Startup Cost": 29310.68,
                              "Total Cost": 29310.68,
                              "Plan Rows": 379577,
                              "Plan Width": 4,
                              "Actual Startup Time": 138.13,
                              "Actual Total Time": 138.132,
                              "Actual Rows": 168351,
                              "Actual Loops": 7,
                              "Hash Buckets": 2097152,
                              "Original Hash Buckets": 2097152,
                              "Hash Batches": 1,
                              "Original Hash Batches": 1,
                              "Peak Memory Usage": 62592,
                              "Plans": [
                                {
                                  "Node Type": "Seq Scan",
                                  "Parent Relationship": "Outer",
                                  "Parallel Aware": true,
                                  "Relation Name": "movie_companies",
                                  "Alias": "mc",
                                  "Startup Cost": 0.0,
                                  "Total Cost": 29310.68,
                                  "Plan Rows": 379577,
                                  "Plan Width": 4,
                                  "Actual Startup Time": 14.828,
                                  "Actual Total Time": 63.523,
                                  "Actual Rows": 168351,
                                  "Actual Loops": 7,
                                  "Filter": "(company_id > 12662)",
                                  "Rows Removed by Filter": 204382
                                }
                              ]
                            }
                          ]
                        }
                      ]
                    }
                  ]
                }
              ]
            }
          ]
        }
      ]
    },
    "Planning Time": 1.459,
    "Triggers": [],
    "Execution Time": 3026.095
  }
]