[
  {
    "Plan": {
      "Node Type": "Aggregate",
      "Strategy": "Plain",
      "Partial Mode": "Finalize",
      "Parallel Aware": false,
      "Startup Cost": 342255.2,
      "Total Cost": 342255.21,
      "Plan Rows": 1,
      "Plan Width": 8,
      "Actual Startup Time": 871.451,
      "Actual Total Time": 930.12,
      "Actual Rows": 1,
      "Actual Loops": 1,
      "Plans": [
        {
          "Node Type": "Gather",
          "Parent Relationship": "Outer",
          "Parallel Aware": false,
          "Startup Cost": 342254.58,
          "Total Cost": 342255.19,
          "Plan Rows": 6,
          "Plan Width": 8,
          "Actual Startup Time": 871.37,
          "Actual Total Time": 930.111,
          "Actual Rows": 7,
          "Actual Loops": 1,
          "Workers Planned": 6,
          "Workers Launched": 6,
          "Single Copy": false,
          "Plans": [
            {
              "Node Type": "Aggregate",
              "Strategy": "Plain",
              "Partial Mode": "Partial",
              "Parent Relationship": "Outer",
              "Parallel Aware": false,
              "Startup Cost": 341254.58,
              "Total Cost": 341254.59,
              "Plan Rows": 1,
              "Plan Width": 8,
              "Actual Startup Time": 861.31,
              "Actual Total Time": 861.31,
              "Actual Rows": 1,
              "Actual Loops": 7,
              "Plans": [
                {
                  "Node Type": "Seq Scan",
                  "Parent Relationship": "Outer",
                  "Parallel Aware": true,
                  "Relation Name": "cast_info",
                  "Alias": "ci",
                  "Startup Cost": 0.0,
                  "Total Cost": 328162.03,
                  "Plan Rows": 5237021,
                  "Plan Width": 0,
                  "Actual Startup Time": 0.052,
                  "Actual Total Time": 657.733,
                  "Actual Rows": 4519495,
                  "Actual Loops": 7,
                  "Filter": "(person_id < 3223589)",
                  "Rows Removed by Filter": 658268
                }
              ]
            }
          ]
        }
      ]
    },
    "Planning Time": 0.126,
    "Triggers": [],
    "Execution Time": 930.21
  }
]