[
  {
    "Plan": {
      "Node Type": "Aggregate",
      "Strategy": "Plain",
      "Partial Mode": "Finalize",
      "Parallel Aware": false,
      "Startup Cost": 339592.3,
      "Total Cost": 339592.31,
      "Plan Rows": 1,
      "Plan Width": 8,
      "Actual Startup Time": 897.627,
      "Actual Total Time": 946.302,
      "Actual Rows": 1,
      "Actual Loops": 1,
      "Plans": [
        {
          "Node Type": "Gather",
          "Parent Relationship": "Outer",
          "Parallel Aware": false,
          "Startup Cost": 339591.68,
          "Total Cost": 339592.29,
          "Plan Rows": 6,
          "Plan Width": 8,
          "Actual Startup Time": 897.414,
          "Actual Total Time": 946.288,
          "Actual Rows": 7,
          "Actual Loops": 1,
          "Workers Planned": 6,
          "Workers Launched": 6,
          "Single Copy": false,
          "Plans": [
            {
              "Node Type": "Aggregate",
              "Strategy": "Plain",
              "Partial Mode": "Partial",
              "Parent Relationship": "Outer",
              "Parallel Aware": false,
              "Startup Cost": 338591.68,
              "Total Cost": 338591.69,
              "Plan Rows": 1,
              "Plan Width": 8,
              "Actual Startup Time": 887.344,
              "Actual Total Time": 887.345,
              "Actual Rows": 1,
              "Actual Loops": 7,
              "Plans": [
                {
                  "Node Type": "Seq Scan",
                  "Parent Relationship": "Outer",
                  "Parallel Aware": true,
                  "Relation Name": "cast_info",
                  "Alias": "ci",
                  "Startup Cost": 0.0,
                  "Total Cost": 328211.39,
                  "Plan Rows": 4152114,
                  "Plan Width": 0,
                  "Actual Startup Time": 149.544,
                  "Actual Total Time": 693.259,
                  "Actual Rows": 3546250,
                  "Actual Loops": 7,
                  "Filter": "(person_id > 1122394)",
                  "Rows Removed by Filter": 1631514
                }
              ]
            }
          ]
        }
      ]
    },
    "Planning Time": 0.233,
    "Triggers": [],
    "Execution Time": 946.379
  }
]