[
  {
    "Plan": {
      "Node Type": "Aggregate",
      "Strategy": "Plain",
      "Partial Mode": "Finalize",
      "Parallel Aware": false,
      "Startup Cost": 296419.46,
      "Total Cost": 296419.47,
      "Plan Rows": 1,
      "Plan Width": 8,
      "Actual Startup Time": 1526.483,
      "Actual Total Time": 1584.488,
      "Actual Rows": 1,
      "Actual Loops": 1,
      "Plans": [
        {
          "Node Type": "Gather",
          "Parent Relationship": "Outer",
          "Parallel Aware": false,
          "Startup Cost": 296419.14,
          "Total Cost": 296419.45,
          "Plan Rows": 3,
          "Plan Width": 8,
          "Actual Startup Time": 1522.979,
          "Actual Total Time": 1584.479,
          "Actual Rows": 4,
          "Actual Loops": 1,
          "Workers Planned": 3,
          "Workers Launched": 3,
          "Single Copy": false,
          "Plans": [
            {
              "Node Type": "Aggregate",
              "Strategy": "Plain",
              "Partial Mode": "Partial",
              "Parent Relationship": "Outer",
              "Parallel Aware": false,
              "Startup Cost": 295419.14,
              "Total Cost": 295419.15,
              "Plan Rows": 1,
              "Plan Width": 8,
              "Actual Startup Time": 1517.896,
              "Actual Total Time": 1518.073,
              "Actual Rows": 1,
              "Actual Loops": 4,
              "Plans": [
                {
                  "Node Type": "Hash Join",
                  "Parent Relationship": "Outer",
                  "Parallel Aware": true,
                  "Join Type": "Inner",
                  "Startup Cost": 247276.35,
                  "Total Cost": 295096.1,
                  "Plan Rows": 129215,
                  "Plan Width": 0,
                  "Actual Startup Time": 733.437,
                  "Actual Total Time": 1281.437,
                  "Actual Rows": 5357865,
                  "Actual Loops": 4,
                  "Inner Unique": false,
                  "Hash Cond": "(mk.movie_id = t.id)",
                  "Plans": [
                    {
                      "Node Type": "Seq Scan",
                      "Parent Relationship": "Outer",
                      "Parallel Aware": true,
                      "Relation Name": "movie_keyword",
                      "Alias": "mk",
                      "Startup Cost": 0.0,
                      "Total Cost": 42695.65,
                      "Plan Rows": 1297512,
                      "Plan Width": 4,
                      "Actual Startup Time": 0.046,
                      "Actual Total Time": 111.936,
                      "Actual Rows": 1005486,
                      "Actual Loops": 4,
                      "Filter": "(keyword_id > 359)",
                      "Rows Removed by Filter": 125496
                    },
                    {
                      "Node Type": "Hash",
                      "Parent Relationship": "Inner",
                      "Parallel Aware": true,
                      "Startup Cost": 246646.85,
                      "Total Cost": 246646.85,
                      "Plan Rows": 50360,
                      "Plan Width": 8,
                      "Actual Startup Time": 693.674,
                      "Actual Total Time": 693.849,
                      "Actual Rows": 141055,
                      "Actual Loops": 4,
                      "Hash Buckets": 1048576,
                      "Original Hash Buckets": 262144,
                      "Hash Batches": 1,
                      "Original Hash Batches": 1,
                      "Peak Memory Usage": 36448,
                      "Plans": [
                        {
                          "Node Type": "Hash Join",
                          "Parent Relationship": "Outer",
                          "Parallel Aware": true,
                          "Join Type": "Inner",
                          "Startup Cost": 46385.05,
                          "Total Cost": 246646.85,
                          "Plan Rows": 50360,
                          "Plan Width": 8,
                          "Actual Startup Time": 161.616,
                          "Actual Total Time": 630.873,
                          "Actual Rows": 141055,
                          "Actual Loops": 4,
                          "Inner Unique": true,
                          "Hash Cond": "(mi.movie_id = t.id)",
                          "Plans": [
                            {
                              "Node Type": "Seq Scan",
                              "Parent Relationship": "Outer",
                              "Parallel Aware": true,
                              "Relation Name": "movie_info",
                              "Alias": "mi",
                              "Startup Cost": 0.0,
                              "Total Cost": 199108.24,
                              "Plan Rows": 439450,
                              "Plan Width": 4,
                              "Actual Startup Time": 22.07,
                              "Actual Total Time": 415.31,
                              "Actual Rows": 558462,
                              "Actual Loops": 4,
                              "Filter": "(info_type_id > 16)",
                              "Rows Removed by Filter": 3150468
                            },
                            {
                              "Node Type": "Hash",
                              "Parent Relationship": "Inner",
                              "Parallel Aware": true,
                              "Startup Cost": 45479.59,
                              "Total Cost": 45479.59,
                              "Plan Rows": 72437,
                              "Plan Width": 4,
                              "Actual Startup Time": 120.475,
                              "Actual Total Time": 120.476,
                              "Actual Rows": 57935,
                              "Actual Loops": 4,
                              "Hash Buckets": 524288,
                              "Original Hash Buckets": 524288,
                              "Hash Batches": 1,
                              "Original Hash Batches": 1,
                              "Peak Memory Usage": 13248,
                              "Plans": [
                                {
                                  "Node Type": "Seq Scan",
                                  "Parent Relationship": "Outer",
                                  "Parallel Aware": true,
                                  "Relation Name": "title",
                                  "Alias": "t",
                                  "Startup Cost": 0.0,
                                  "Total Cost": 45479.59,
                                  "Plan Rows": 72437,
                                  "Plan Width": 4,
                                  "Actual Startup Time": 42.215,
                                  "Actual Total Time": 97.331,
                                  "Actual Rows": 57935,
                                  "Actual Loops": 4,
                                  "Filter": "((production_year > 2004) AND (kind_id = 1))",
                                  "Rows Removed by Filter": 574143
                                }
                              ]
                            }
                          ]
                        }
                      ]
                    }
                  ]
                }
              ]
            }
          ]
        }
      ]
    },
    "Planning Time": 0.551,
    "Triggers": [],
    "Execution Time": 1584.551
  }
]