[
  {
    "Plan": {
      "Node Type": "Aggregate",
      "Strategy": "Plain",
      "Partial Mode": "Finalize",
      "Parallel Aware": false,
      "Startup Cost": 46789.25,
      "Total Cost": 46789.26,
      "Plan Rows": 1,
      "Plan Width": 8,
      "Actual Startup Time": 101.587,
      "Actual Total Time": 111.535,
      "Actual Rows": 1,
      "Actual Loops": 1,
      "Plans": [
        {
          "Node Type": "Gather",
          "Parent Relationship": "Outer",
          "Parallel Aware": false,
          "Startup Cost": 46788.83,
          "Total Cost": 46789.24,
          "Plan Rows": 4,
          "Plan Width": 8,
          "Actual Startup Time": 101.293,
          "Actual Total Time": 111.528,
          "Actual Rows": 5,
          "Actual Loops": 1,
          "Workers Planned": 4,
          "Workers Launched": 4,
          "Single Copy": false,
          "Plans": [
            {
              "Node Type": "Aggregate",
              "Strategy": "Plain",
              "Partial Mode": "Partial",
              "Parent Relationship": "Outer",
              "Parallel Aware": false,
              "Startup Cost": 45788.83,
              "Total Cost": 45788.84,
              "Plan Rows": 1,
              "Plan Width": 8,
              "Actual Startup Time": 93.528,
              "Actual Total Time": 93.529,
              "Actual Rows": 1,
              "Actual Loops": 5,
              "Plans": [
                {
                  "Node Type": "Seq Scan",
                  "Parent Relationship": "Outer",
                  "Parallel Aware": true,
                  "Relation Name": "title",
                  "Alias": "t",
                  "Startup Cost": 0.0,
                  "Total Cost": 45479.59,
                  "Plan Rows": 123697,
                  "Plan Width": 0,
                  "Actual Startup Time": 0.058,
                  "Actual Total Time": 88.602,
                  "Actual Rows": 73716,
                  "Actual Loops": 5,
                  "Filter": "((kind_id > 1) AND (production_year < 1990))",
                  "Rows Removed by Filter": 431946
                }
              ]
            }
          ]
        }
      ]
    },
    "Planning Time": 0.057,
    "Triggers": [],
    "Execution Time": 111.563
  }
]