[
  {
    "Plan": {
      "Node Type": "Aggregate",
      "Strategy": "Plain",
      "Partial Mode": "Finalize",
      "Parallel Aware": false,
      "Startup Cost": 45672.19,
      "Total Cost": 45672.2,
      "Plan Rows": 1,
      "Plan Width": 8,
      "Actual Startup Time": 149.264,
      "Actual Total Time": 156.688,
      "Actual Rows": 1,
      "Actual Loops": 1,
      "Plans": [
        {
          "Node Type": "Gather",
          "Parent Relationship": "Outer",
          "Parallel Aware": false,
          "Startup Cost": 45671.87,
          "Total Cost": 45672.18,
          "Plan Rows": 3,
          "Plan Width": 8,
          "Actual Startup Time": 149.159,
          "Actual Total Time": 156.68,
          "Actual Rows": 4,
          "Actual Loops": 1,
          "Workers Planned": 3,
          "Workers Launched": 3,
          "Single Copy": false,
          "Plans": [
            {
              "Node Type": "Aggregate",
              "Strategy": "Plain",
              "Partial Mode": "Partial",
              "Parent Relationship": "Outer",
              "Parallel Aware": false,
              "Startup Cost": 44671.87,
              "Total Cost": 44671.88,
              "Plan Rows": 1,
              "Plan Width": 8,
              "Actual Startup Time": 142.446,
              "Actual Total Time": 142.447,
              "Actual Rows": 1,
              "Actual Loops": 4,
              "Plans": [
                {
                  "Node Type": "Seq Scan",
                  "Parent Relationship": "Outer",
                  "Parallel Aware": true,
                  "Relation Name": "movie_keyword",
                  "Alias": "mk",
                  "Startup Cost": 0.0,
                  "Total Cost": 42695.65,
                  "Plan Rows": 790486,
                  "Plan Width": 0,
                  "Actual Startup Time": 0.052,
                  "Actual Total Time": 115.281,
                  "Actual Rows": 612967,
                  "Actual Loops": 4,
                  "Filter": "(keyword_id < 5863)",
                  "Rows Removed by Filter": 518016
                }
              ]
            }
          ]
        }
      ]
    },
    "Planning Time": 0.133,
    "Triggers": [],
    "Execution Time": 156.728
  }
]