[
  {
    "Plan": {
      "Node Type": "Aggregate",
      "Strategy": "Plain",
      "Partial Mode": "Finalize",
      "Parallel Aware": false,
      "Startup Cost": 94130.66,
      "Total Cost": 94130.67,
      "Plan Rows": 1,
      "Plan Width": 8,
      "Actual Startup Time": 378.108,
      "Actual Total Time": 393.614,
      "Actual Rows": 1,
      "Actual Loops": 1,
      "Plans": [
        {
          "Node Type": "Gather",
          "Parent Relationship": "Outer",
          "Parallel Aware": false,
          "Startup Cost": 94130.35,
          "Total Cost": 94130.66,
          "Plan Rows": 3,
          "Plan Width": 8,
          "Actual Startup Time": 371.56,
          "Actual Total Time": 393.603,
          "Actual Rows": 4,
          "Actual Loops": 1,
          "Workers Planned": 3,
          "Workers Launched": 3,
          "Single Copy": false,
          "Plans": [
            {
              "Node Type": "Aggregate",
              "Strategy": "Plain",
              "Partial Mode": "Partial",
              "Parent Relationship": "Outer",
              "Parallel Aware": false,
              "Startup Cost": 93130.35,
              "Total Cost": 93130.36,
              "Plan Rows": 1,
              "Plan Width": 8,
              "Actual Startup Time": 359.399,
              "Actual Total Time": 359.403,
              "Actual Rows": 1,
              "Actual Loops": 4,
              "Plans": [
                {
                  "Node Type": "Hash Join",
                  "Parent Relationship": "Outer",
                  "Parallel Aware": true,
                  "Join Type": "Inner",
                  "Startup Cost": 49082.62,
                  "Total Cost": 92720.9,
                  "Plan Rows": 163779,
                  "Plan Width": 0,
                  "Actual Startup Time": 222.785,
                  "Actual Total Time": 358.229,
                  "Actual Rows": 27952,
                  "Actual Loops": 4,
                  "Inner Unique": true,
                  "Hash Cond": "(mk.movie_id = t.id)",
                  "Plans": [
                    {
                      "Node Type": "Seq Scan",
                      "Parent Relationship": "Outer",
                      "Parallel Aware": true,
                      "Relation Name": "movie_keyword",
                      "Alias": "mk",
                      "Startup Cost": 0.0,
                      "Total Cost": 42695.65,
                      "Plan Rows": 359094,
                      "Plan Width": 4,
                      "Actual Startup Time": 0.027,
                      "Actual Total Time": 89.246,
                      "Actual Rows": 280244,
                      "Actual Loops": 4,
                      "Filter": "(keyword_id < 1198)",
                      "Rows Removed by Filter": 850739
                    },
                    {
                      "Node Type": "Hash",
                      "Parent Relationship": "Inner",
                      "Parallel Aware": true,
                      "Startup Cost": 45479.1,
                      "Total Cost": 45479.1,
                      "Plan Rows": 288282,
                      "Plan Width": 4,
                      "Actual Startup Time": 214.935,
                      "Actual Total Time": 214.936,
                      "Actual Rows": 311132,
                      "Actual Loops": 4,
                      "Hash Buckets": 2097152,
                      "Original Hash Buckets": 2097152,
                      "Hash Batches": 1,
                      "Original Hash Batches": 1,
                      "Peak Memory Usage": 65120,
                      "Plans": [
                        {
                          "Node Type": "Seq Scan",
                          "Parent Relationship": "Outer",
                          "Parallel Aware": true,
                          "Relation Name": "title",
                          "Alias": "t",
                          "Startup Cost": 0.0,
                          "Total Cost": 45479.1,
                          "Plan Rows": 288282,
                          "Plan Width": 4,
                          "Actual Startup Time": 0.037,
                          "Actual Total Time": 103.643,
                          "Actual Rows": 311132,
                          "Actual Loops": 4,
                          "Filter": "((production_year > 1983) AND (kind_id = 7))",
                          "Rows Removed by Filter": 320946
                        }
                      ]
                    }
                  ]
                }
              ]
            }
          ]
        }
      ]
    },
    "Planning Time": 0.624,
    "Triggers": [],
    "Execution Time": 393.682
  }
]