[
  {
    "Plan": {
      "Node Type": "Aggregate",
      "Strategy": "Plain",
      "Partial Mode": "Finalize",
      "Parallel Aware": false,
      "Startup Cost": 252106.47,
      "Total Cost": 252106.48,
      "Plan Rows": 1,
      "Plan Width": 8,
      "Actual Startup Time": 974.975,
      "Actual Total Time": 1014.165,
      "Actual Rows": 1,
      "Actual Loops": 1,
      "Plans": [
        {
          "Node Type": "Gather",
          "Parent Relationship": "Outer",
          "Parallel Aware": false,
          "Startup Cost": 252105.94,
          "Total Cost": 252106.45,
          "Plan Rows": 5,
          "Plan Width": 8,
          "Actual Startup Time": 969.316,
          "Actual Total Time": 1014.143,
          "Actual Rows": 6,
          "Actual Loops": 1,
          "Workers Planned": 5,
          "Workers Launched": 5,
          "Single Copy": false,
          "Plans": [
            {
              "Node Type": "Aggregate",
              "Strategy": "Plain",
              "Partial Mode": "Partial",
              "Parent Relationship": "Outer",
              "Parallel Aware": false,
              "Startup Cost": 251105.94,
              "Total Cost": 251105.95,
              "Plan Rows": 1,
              "Plan Width": 8,
              "Actual Startup Time": 961.575,
              "Actual Total Time": 961.579,
              "Actual Rows": 1,
              "Actual Loops": 6,
              "Plans": [
                {
                  "Node Type": "Hash Join",
                  "Parent Relationship": "Outer",
                  "Parallel Aware": true,
                  "Join Type": "Inner",
                  "Startup Cost": 46733.62,
                  "Total Cost": 249765.51,
                  "Plan Rows": 536173,
                  "Plan Width": 0,
                  "Actual Startup Time": 197.759,
                  "Actual Total Time": 929.541,
                  "Actual Rows": 514113,
                  "Actual Loops": 6,
                  "Inner Unique": true,
                  "Hash Cond": "(mi.movie_id = t.id)",
                  "Plans": [
                    {
                      "Node Type": "Seq Scan",
                      "Parent Relationship": "Outer",
                      "Parallel Aware": true,
                      "Relation Name": "movie_info",
                      "Alias": "mi",
                      "Startup Cost": 0.0,
                      "Total Cost": 199108.24,
                      "Plan Rows": 1494718,
                      "Plan Width": 4,
                      "Actual Startup Time": 18.793,
                      "Actual Total Time": 395.702,
                      "Actual Rows": 1258142,
                      "Actual Loops": 6,
                      "Filter": "(info_type_id > 7)",
                      "Rows Removed by Filter": 1214478
                    },
                    {
                      "Node Type": "Hash",
                      "Parent Relationship": "Inner",
                      "Parallel Aware": true,
                      "Startup Cost": 43899.32,
                      "Total Cost": 43899.32,
                      "Plan Rows": 226744,
                      "Plan Width": 4,
                      "Actual Startup Time": 176.443,
                      "Actual Total Time": 176.445,
                      "Actual Rows": 154101,
                      "Actual Loops": 6,
                      "Hash Buckets": 1048576,
                      "Original Hash Buckets": 1048576,
                      "Hash Batches": 1,
                      "Original Hash Batches": 1,
                      "Peak Memory Usage": 44448,
                      "Plans": [
                        {
                          "Node Type": "Seq Scan",
                          "Parent Relationship": "Outer",
                          "Parallel Aware": true,
                          "Relation Name": "title",
                          "Alias": "t",
                          "Startup Cost": 0.0,
                          "Total Cost": 43899.32,
                          "Plan Rows": 226744,
                          "Plan Width": 4,
                          "Actual Startup Time": 0.034,
                          "Actual Total Time": 102.245,
                          "Actual Rows": 154101,
                          "Actual Loops": 6,
                          "Filter": "(production_year < 1998)",
                          "Rows Removed by Filter": 267284
                        }
                      ]
                    }
                  ]
                }
              ]
            }
          ]
        }
      ]
    },
    "Planning Time": 0.324,
    "Triggers": [],
    "Execution Time": 1014.221
  }
]