[
    {
        "Bao": {
            "Bao prediction": "NaN",
            "Bao recommended hint": "(no hint)"
        }
    },
    {
        "Plan": {
            "Node Type": "Aggregate",
            "Strategy": "Plain",
            "Partial Mode": "Finalize",
            "Parallel Aware": false,
            "Startup Cost": 33335.36,
            "Total Cost": 33335.37,
            "Plan Rows": 1,
            "Plan Width": 8,
            "Actual Startup Time": 115.55,
            "Actual Total Time": 120.971,
            "Actual Rows": 1,
            "Actual Loops": 1,
            "Output": [
                "count(*)"
            ],
            "Plans": [
                {
                    "Node Type": "Gather",
                    "Parent Relationship": "Outer",
                    "Parallel Aware": false,
                    "Startup Cost": 33335.04,
                    "Total Cost": 33335.35,
                    "Plan Rows": 3,
                    "Plan Width": 8,
                    "Actual Startup Time": 115.44,
                    "Actual Total Time": 120.963,
                    "Actual Rows": 4,
                    "Actual Loops": 1,
                    "Output": [
                        "(PARTIAL count(*))"
                    ],
                    "Workers Planned": 3,
                    "Workers Launched": 3,
                    "Single Copy": false,
                    "Plans": [
                        {
                            "Node Type": "Aggregate",
                            "Strategy": "Plain",
                            "Partial Mode": "Partial",
                            "Parent Relationship": "Outer",
                            "Parallel Aware": false,
                            "Startup Cost": 32335.04,
                            "Total Cost": 32335.05,
                            "Plan Rows": 1,
                            "Plan Width": 8,
                            "Actual Startup Time": 107.256,
                            "Actual Total Time": 107.257,
                            "Actual Rows": 1,
                            "Actual Loops": 4,
                            "Output": [
                                "PARTIAL count(*)"
                            ],
                            "Workers": [
                                {
                                    "Worker Number": 0,
                                    "Actual Startup Time": 104.326,
                                    "Actual Total Time": 104.327,
                                    "Actual Rows": 1,
                                    "Actual Loops": 1
                                },
                                {
                                    "Worker Number": 1,
                                    "Actual Startup Time": 104.673,
                                    "Actual Total Time": 104.675,
                                    "Actual Rows": 1,
                                    "Actual Loops": 1
                                },
                                {
                                    "Worker Number": 2,
                                    "Actual Startup Time": 105.093,
                                    "Actual Total Time": 105.095,
                                    "Actual Rows": 1,
                                    "Actual Loops": 1
                                }
                            ],
                            "Plans": [
                                {
                                    "Node Type": "Seq Scan",
                                    "Parent Relationship": "Outer",
                                    "Parallel Aware": true,
                                    "Relation Name": "movie_companies",
                                    "Schema": "public",
                                    "Alias": "mc",
                                    "Startup Cost": 0.0,
                                    "Total Cost": 31414.82,
                                    "Plan Rows": 368088,
                                    "Plan Width": 0,
                                    "Actual Startup Time": 49.481,
                                    "Actual Total Time": 91.626,
                                    "Actual Rows": 312555,
                                    "Actual Loops": 4,
                                    "Output": [
                                        "id",
                                        "movie_id",
                                        "company_id",
                                        "company_type_id",
                                        "note"
                                    ],
                                    "Filter": "((mc.company_id > 196) AND (mc.company_type_id > 1))",
                                    "Rows Removed by Filter": 339728,
                                    "Workers": [
                                        {
                                            "Worker Number": 0,
                                            "Actual Startup Time": 46.559,
                                            "Actual Total Time": 88.84,
                                            "Actual Rows": 236851,
                                            "Actual Loops": 1
                                        },
                                        {
                                            "Worker Number": 1,
                                            "Actual Startup Time": 46.89,
                                            "Actual Total Time": 89.633,
                                            "Actual Rows": 374131,
                                            "Actual Loops": 1
                                        },
                                        {
                                            "Worker Number": 2,
                                            "Actual Startup Time": 47.317,
                                            "Actual Total Time": 89.729,
                                            "Actual Rows": 363552,
                                            "Actual Loops": 1
                                        }
                                    ]
                                }
                            ]
                        }
                    ]
                }
            ]
        },
        "Planning Time": 275.899,
        "Triggers": [],
        "Execution Time": 121.04
    }
]