[
  {
    "Plan": {
      "Node Type": "Aggregate",
      "Strategy": "Plain",
      "Partial Mode": "Finalize",
      "Parallel Aware": false,
      "Startup Cost": 332415.39,
      "Total Cost": 332415.4,
      "Plan Rows": 1,
      "Plan Width": 8,
      "Actual Startup Time": 602.656,
      "Actual Total Time": 660.29,
      "Actual Rows": 1,
      "Actual Loops": 1,
      "Plans": [
        {
          "Node Type": "Gather",
          "Parent Relationship": "Outer",
          "Parallel Aware": false,
          "Startup Cost": 332414.76,
          "Total Cost": 332415.37,
          "Plan Rows": 6,
          "Plan Width": 8,
          "Actual Startup Time": 602.554,
          "Actual Total Time": 660.278,
          "Actual Rows": 7,
          "Actual Loops": 1,
          "Workers Planned": 6,
          "Workers Launched": 6,
          "Single Copy": false,
          "Plans": [
            {
              "Node Type": "Aggregate",
              "Strategy": "Plain",
              "Partial Mode": "Partial",
              "Parent Relationship": "Outer",
              "Parallel Aware": false,
              "Startup Cost": 331414.76,
              "Total Cost": 331414.77,
              "Plan Rows": 1,
              "Plan Width": 8,
              "Actual Startup Time": 592.065,
              "Actual Total Time": 592.066,
              "Actual Rows": 1,
              "Actual Loops": 7,
              "Plans": [
                {
                  "Node Type": "Seq Scan",
                  "Parent Relationship": "Outer",
                  "Parallel Aware": true,
                  "Relation Name": "cast_info",
                  "Alias": "ci",
                  "Startup Cost": 0.0,
                  "Total Cost": 328162.03,
                  "Plan Rows": 1301095,
                  "Plan Width": 0,
                  "Actual Startup Time": 324.535,
                  "Actual Total Time": 546.358,
                  "Actual Rows": 1106078,
                  "Actual Loops": 7,
                  "Filter": "(person_id > 2903099)",
                  "Rows Removed by Filter": 4071685
                }
              ]
            }
          ]
        }
      ]
    },
    "Planning Time": 0.179,
    "Triggers": [],
    "Execution Time": 660.359
  }
]