[
  {
    "Plan": {
      "Node Type": "Aggregate",
      "Strategy": "Plain",
      "Partial Mode": "Finalize",
      "Parallel Aware": false,
      "Startup Cost": 268153.77,
      "Total Cost": 268153.78,
      "Plan Rows": 1,
      "Plan Width": 8,
      "Actual Startup Time": 452.434,
      "Actual Total Time": 469.894,
      "Actual Rows": 1,
      "Actual Loops": 1,
      "Plans": [
        {
          "Node Type": "Gather",
          "Parent Relationship": "Outer",
          "Parallel Aware": false,
          "Startup Cost": 268153.46,
          "Total Cost": 268153.77,
          "Plan Rows": 3,
          "Plan Width": 8,
          "Actual Startup Time": 445.884,
          "Actual Total Time": 469.885,
          "Actual Rows": 4,
          "Actual Loops": 1,
          "Workers Planned": 3,
          "Workers Launched": 3,
          "Single Copy": false,
          "Plans": [
            {
              "Node Type": "Aggregate",
              "Strategy": "Plain",
              "Partial Mode": "Partial",
              "Parent Relationship": "Outer",
              "Parallel Aware": false,
              "Startup Cost": 267153.46,
              "Total Cost": 267153.47,
              "Plan Rows": 1,
              "Plan Width": 8,
              "Actual Startup Time": 439.564,
              "Actual Total Time": 439.572,
              "Actual Rows": 1,
              "Actual Loops": 4,
              "Plans": [
                {
                  "Node Type": "Hash Join",
                  "Parent Relationship": "Outer",
                  "Parallel Aware": true,
                  "Join Type": "Inner",
                  "Startup Cost": 220259.21,
                  "Total Cost": 266965.55,
                  "Plan Rows": 75163,
                  "Plan Width": 0,
                  "Actual Startup Time": 276.204,
                  "Actual Total Time": 439.46,
                  "Actual Rows": 2017,
                  "Actual Loops": 4,
                  "Inner Unique": false,
                  "Hash Cond": "(mk.movie_id = t.id)",
                  "Plans": [
                    {
                      "Node Type": "Seq Scan",
                      "Parent Relationship": "Outer",
                      "Parallel Aware": true,
                      "Relation Name": "movie_keyword",
                      "Alias": "mk",
                      "Startup Cost": 0.0,
                      "Total Cost": 42695.65,
                      "Plan Rows": 1029428,
                      "Plan Width": 4,
                      "Actual Startup Time": 0.294,
                      "Actual Total Time": 114.545,
                      "Actual Rows": 795786,
                      "Actual Loops": 4,
                      "Filter": "(keyword_id > 1748)",
                      "Rows Removed by Filter": 335196
                    },
                    {
                      "Node Type": "Hash",
                      "Parent Relationship": "Inner",
                      "Parallel Aware": true,
                      "Startup Cost": 219797.69,
                      "Total Cost": 219797.69,
                      "Plan Rows": 36922,
                      "Plan Width": 8,
                      "Actual Startup Time": 273.896,
                      "Actual Total Time": 273.902,
                      "Actual Rows": 392,
                      "Actual Loops": 4,
                      "Hash Buckets": 262144,
                      "Original Hash Buckets": 262144,
                      "Hash Batches": 1,
                      "Original Hash Batches": 1,
                      "Peak Memory Usage": 2176,
                      "Plans": [
                        {
                          "Node Type": "Hash Join",
                          "Parent Relationship": "Outer",
                          "Parallel Aware": true,
                          "Join Type": "Inner",
                          "Startup Cost": 56536.44,
                          "Total Cost": 219797.69,
                          "Plan Rows": 36922,
                          "Plan Width": 8,
                          "Actual Startup Time": 240.291,
                          "Actual Total Time": 272.867,
                          "Actual Rows": 392,
                          "Actual Loops": 4,
                          "Inner Unique": true,
                          "Hash Cond": "(mi.movie_id = t.id)",
                          "Plans": [
                            {
                              "Node Type": "Bitmap Heap Scan",
                              "Parent Relationship": "Outer",
                              "Parallel Aware": true,
                              "Relation Name": "movie_info",
                              "Alias": "mi",
                              "Startup Cost": 7577.65,
                              "Total Cost": 170618.78,
                              "Plan Rows": 83851,
                              "Plan Width": 4,
                              "Actual Startup Time": 14.066,
                              "Actual Total Time": 32.223,
                              "Actual Rows": 107163,
                              "Actual Loops": 4,
                              "Recheck Cond": "(info_type_id > 104)",
                              "Rows Removed by Index Recheck": 0,
                              "Exact Heap Blocks": 1581,
                              "Lossy Heap Blocks": 0,
                              "Plans": [
                                {
                                  "Node Type": "Bitmap Index Scan",
                                  "Parent Relationship": "Outer",
                                  "Parallel Aware": false,
                                  "Index Name": "info_type_id_movie_info",
                                  "Startup Cost": 0.0,
                                  "Total Cost": 7472.83,
                                  "Plan Rows": 419253,
                                  "Plan Width": 0,
                                  "Actual Startup Time": 13.28,
                                  "Actual Total Time": 13.28,
                                  "Actual Rows": 428651,
                                  "Actual Loops": 1,
                                  "Index Cond": "(info_type_id > 104)"
                                }
                              ]
                            },
                            {
                              "Node Type": "Hash",
                              "Parent Relationship": "Inner",
                              "Parallel Aware": true,
                              "Startup Cost": 45479.59,
                              "Total Cost": 45479.59,
                              "Plan Rows": 278337,
                              "Plan Width": 4,
                              "Actual Startup Time": 215.236,
                              "Actual Total Time": 215.236,
                              "Actual Rows": 300272,
                              "Actual Loops": 4,
                              "Hash Buckets": 2097152,
                              "Original Hash Buckets": 2097152,
                              "Hash Batches": 1,
                              "Original Hash Batches": 1,
                              "Peak Memory Usage": 63456,
                              "Plans": [
                                {
                                  "Node Type": "Seq Scan",
                                  "Parent Relationship": "Outer",
                                  "Parallel Aware": true,
                                  "Relation Name": "title",
                                  "Alias": "t",
                                  "Startup Cost": 0.0,
                                  "Total Cost": 45479.59,
                                  "Plan Rows": 278337,
                                  "Plan Width": 4,
                                  "Actual Startup Time": 0.032,
                                  "Actual Total Time": 107.934,
                                  "Actual Rows": 300272,
                                  "Actual Loops": 4,
                                  "Filter": "((production_year > 1987) AND (kind_id = 7))",
                                  "Rows Removed by Filter": 331806
                                }
                              ]
                            }
                          ]
                        }
                      ]
                    }
                  ]
                }
              ]
            }
          ]
        }
      ]
    },
    "Planning Time": 0.514,
    "Triggers": [],
    "Execution Time": 469.946
  }
]