[
    {
        "Bao": {
            "Bao prediction": "NaN",
            "Bao recommended hint": "(no hint)"
        }
    },
    {
        "Plan": {
            "Node Type": "Aggregate",
            "Strategy": "Plain",
            "Partial Mode": "Simple",
            "Parallel Aware": false,
            "Startup Cost": 21687.52,
            "Total Cost": 21687.53,
            "Plan Rows": 1,
            "Plan Width": 8,
            "Actual Startup Time": 23.809,
            "Actual Total Time": 23.81,
            "Actual Rows": 1,
            "Actual Loops": 1,
            "Output": [
                "count(*)"
            ],
            "Plans": [
                {
                    "Node Type": "Bitmap Heap Scan",
                    "Parent Relationship": "Outer",
                    "Parallel Aware": false,
                    "Relation Name": "movie_companies",
                    "Schema": "public",
                    "Alias": "mc",
                    "Startup Cost": 1712.63,
                    "Total Cost": 21490.04,
                    "Plan Rows": 78993,
                    "Plan Width": 0,
                    "Actual Startup Time": 4.828,
                    "Actual Total Time": 19.831,
                    "Actual Rows": 80997,
                    "Actual Loops": 1,
                    "Recheck Cond": "(mc.company_id > 169417)",
                    "Rows Removed by Index Recheck": 0,
                    "Exact Heap Blocks": 2753,
                    "Lossy Heap Blocks": 0,
                    "Plans": [
                        {
                            "Node Type": "Bitmap Index Scan",
                            "Parent Relationship": "Outer",
                            "Parallel Aware": false,
                            "Index Name": "company_id_movie_companies",
                            "Startup Cost": 0.0,
                            "Total Cost": 1692.88,
                            "Plan Rows": 78993,
                            "Plan Width": 0,
                            "Actual Startup Time": 4.389,
                            "Actual Total Time": 4.389,
                            "Actual Rows": 80997,
                            "Actual Loops": 1,
                            "Index Cond": "(mc.company_id > 169417)"
                        }
                    ]
                }
            ]
        },
        "Planning Time": 281.352,
        "Triggers": [],
        "Execution Time": 23.854
    }
]