[
  {
    "Plan": {
      "Node Type": "Aggregate",
      "Strategy": "Plain",
      "Partial Mode": "Finalize",
      "Parallel Aware": false,
      "Startup Cost": 202260.11,
      "Total Cost": 202260.12,
      "Plan Rows": 1,
      "Plan Width": 8,
      "Actual Startup Time": 225.855,
      "Actual Total Time": 235.999,
      "Actual Rows": 1,
      "Actual Loops": 1,
      "Plans": [
        {
          "Node Type": "Gather",
          "Parent Relationship": "Outer",
          "Parallel Aware": false,
          "Startup Cost": 202259.49,
          "Total Cost": 202260.1,
          "Plan Rows": 6,
          "Plan Width": 8,
          "Actual Startup Time": 225.699,
          "Actual Total Time": 235.991,
          "Actual Rows": 7,
          "Actual Loops": 1,
          "Workers Planned": 6,
          "Workers Launched": 6,
          "Single Copy": false,
          "Plans": [
            {
              "Node Type": "Aggregate",
              "Strategy": "Plain",
              "Partial Mode": "Partial",
              "Parent Relationship": "Outer",
              "Parallel Aware": false,
              "Startup Cost": 201259.49,
              "Total Cost": 201259.5,
              "Plan Rows": 1,
              "Plan Width": 8,
              "Actual Startup Time": 219.183,
              "Actual Total Time": 219.184,
              "Actual Rows": 1,
              "Actual Loops": 7,
              "Plans": [
                {
                  "Node Type": "Index Scan",
                  "Parent Relationship": "Outer",
                  "Parallel Aware": true,
                  "Scan Direction": "Forward",
                  "Index Name": "role_id_cast_info",
                  "Relation Name": "cast_info",
                  "Alias": "ci",
                  "Startup Cost": 0.56,
                  "Total Cost": 200814.65,
                  "Plan Rows": 177934,
                  "Plan Width": 0,
                  "Actual Startup Time": 11.022,
                  "Actual Total Time": 219.159,
                  "Actual Rows": 185,
                  "Actual Loops": 7,
                  "Index Cond": "(role_id = 2)",
                  "Rows Removed by Index Recheck": 0,
                  "Filter": "(person_id < 510567)",
                  "Rows Removed by Filter": 1064383
                }
              ]
            }
          ]
        }
      ]
    },
    "Planning Time": 0.058,
    "Triggers": [],
    "Execution Time": 236.027
  }
]