[
  {
    "Plan": {
      "Node Type": "Aggregate",
      "Strategy": "Plain",
      "Partial Mode": "Finalize",
      "Parallel Aware": false,
      "Startup Cost": 199311.66,
      "Total Cost": 199311.67,
      "Plan Rows": 1,
      "Plan Width": 8,
      "Actual Startup Time": 238.909,
      "Actual Total Time": 254.171,
      "Actual Rows": 1,
      "Actual Loops": 1,
      "Plans": [
        {
          "Node Type": "Gather",
          "Parent Relationship": "Outer",
          "Parallel Aware": false,
          "Startup Cost": 199311.04,
          "Total Cost": 199311.65,
          "Plan Rows": 6,
          "Plan Width": 8,
          "Actual Startup Time": 238.822,
          "Actual Total Time": 254.163,
          "Actual Rows": 7,
          "Actual Loops": 1,
          "Workers Planned": 6,
          "Workers Launched": 6,
          "Single Copy": false,
          "Plans": [
            {
              "Node Type": "Aggregate",
              "Strategy": "Plain",
              "Partial Mode": "Partial",
              "Parent Relationship": "Outer",
              "Parallel Aware": false,
              "Startup Cost": 198311.04,
              "Total Cost": 198311.05,
              "Plan Rows": 1,
              "Plan Width": 8,
              "Actual Startup Time": 227.909,
              "Actual Total Time": 227.91,
              "Actual Rows": 1,
              "Actual Loops": 7,
              "Plans": [
                {
                  "Node Type": "Index Scan",
                  "Parent Relationship": "Outer",
                  "Parallel Aware": true,
                  "Scan Direction": "Forward",
                  "Index Name": "role_id_cast_info",
                  "Relation Name": "cast_info",
                  "Alias": "ci",
                  "Startup Cost": 0.56,
                  "Total Cost": 197877.72,
                  "Plan Rows": 173326,
                  "Plan Width": 0,
                  "Actual Startup Time": 15.584,
                  "Actual Total Time": 227.886,
                  "Actual Rows": 185,
                  "Actual Loops": 7,
                  "Index Cond": "(role_id = 2)",
                  "Rows Removed by Index Recheck": 0,
                  "Filter": "(person_id < 510567)",
                  "Rows Removed by Filter": 1064383
                }
              ]
            }
          ]
        }
      ]
    },
    "Planning Time": 0.216,
    "Triggers": [],
    "Execution Time": 254.233
  }
]