[
  {
    "Plan": {
      "Node Type": "Aggregate",
      "Strategy": "Plain",
      "Partial Mode": "Finalize",
      "Parallel Aware": false,
      "Startup Cost": 332199.66,
      "Total Cost": 332199.67,
      "Plan Rows": 1,
      "Plan Width": 8,
      "Actual Startup Time": 578.916,
      "Actual Total Time": 620.576,
      "Actual Rows": 1,
      "Actual Loops": 1,
      "Plans": [
        {
          "Node Type": "Gather",
          "Parent Relationship": "Outer",
          "Parallel Aware": false,
          "Startup Cost": 332199.03,
          "Total Cost": 332199.64,
          "Plan Rows": 6,
          "Plan Width": 8,
          "Actual Startup Time": 578.721,
          "Actual Total Time": 620.562,
          "Actual Rows": 7,
          "Actual Loops": 1,
          "Workers Planned": 6,
          "Workers Launched": 6,
          "Single Copy": false,
          "Plans": [
            {
              "Node Type": "Aggregate",
              "Strategy": "Plain",
              "Partial Mode": "Partial",
              "Parent Relationship": "Outer",
              "Parallel Aware": false,
              "Startup Cost": 331199.03,
              "Total Cost": 331199.04,
              "Plan Rows": 1,
              "Plan Width": 8,
              "Actual Startup Time": 568.277,
              "Actual Total Time": 568.279,
              "Actual Rows": 1,
              "Actual Loops": 7,
              "Plans": [
                {
                  "Node Type": "Seq Scan",
                  "Parent Relationship": "Outer",
                  "Parallel Aware": true,
                  "Relation Name": "cast_info",
                  "Alias": "ci",
                  "Startup Cost": 0.0,
                  "Total Cost": 328211.39,
                  "Plan Rows": 1195057,
                  "Plan Width": 0,
                  "Actual Startup Time": 322.852,
                  "Actual Total Time": 522.932,
                  "Actual Rows": 1010203,
                  "Actual Loops": 7,
                  "Filter": "(person_id > 2958919)",
                  "Rows Removed by Filter": 4167560
                }
              ]
            }
          ]
        }
      ]
    },
    "Planning Time": 0.199,
    "Triggers": [],
    "Execution Time": 620.65
  }
]