{
  "Plan": {
    "Node Type": "Aggregate",
    "Strategy": "Plain",
    "Partial Mode": "Finalize",
    "Parallel Aware": false,
    "Startup Cost": 118948.13,
    "Total Cost": 118948.14,
    "Plan Rows": 1,
    "Plan Width": 8,
    "Actual Startup Time": 556.78,
    "Actual Total Time": 575.609,
    "Actual Rows": 1,
    "Actual Loops": 1,
    "Plans": [
      {
        "Node Type": "Gather",
        "Parent Relationship": "Outer",
        "Parallel Aware": false,
        "Startup Cost": 118948.02,
        "Total Cost": 118948.13,
        "Plan Rows": 1,
        "Plan Width": 8,
        "Actual Startup Time": 554.481,
        "Actual Total Time": 575.602,
        "Actual Rows": 2,
        "Actual Loops": 1,
        "Workers Planned": 1,
        "Workers Launched": 1,
        "Single Copy": false,
        "Plans": [
          {
            "Node Type": "Aggregate",
            "Strategy": "Plain",
            "Partial Mode": "Partial",
            "Parent Relationship": "Outer",
            "Parallel Aware": false,
            "Startup Cost": 117948.02,
            "Total Cost": 117948.03,
            "Plan Rows": 1,
            "Plan Width": 8,
            "Actual Startup Time": 546.391,
            "Actual Total Time": 546.395,
            "Actual Rows": 1,
            "Actual Loops": 2,
            "Plans": [
              {
                "Node Type": "Hash Join",
                "Parent Relationship": "Outer",
                "Parallel Aware": true,
                "Join Type": "Inner",
                "Startup Cost": 85584.64,
                "Total Cost": 117305.05,
                "Plan Rows": 257189,
                "Plan Width": 0,
                "Actual Startup Time": 391.337,
                "Actual Total Time": 543.172,
                "Actual Rows": 60159,
                "Actual Loops": 2,
                "Inner Unique": true,
                "Hash Cond": "(mk.movie_id = t.id)",
                "Plans": [
                  {
                    "Node Type": "Bitmap Heap Scan",
                    "Parent Relationship": "Outer",
                    "Parallel Aware": true,
                    "Relation Name": "movie_keyword",
                    "Alias": "mk",
                    "Startup Cost": 17326.01,
                    "Total Cost": 47785.31,
                    "Plan Rows": 480424,
                    "Plan Width": 4,
                    "Actual Startup Time": 44.904,
                    "Actual Total Time": 129.434,
                    "Actual Rows": 403144,
                    "Actual Loops": 2,
                    "Recheck Cond": "(keyword_id > 22975)",
                    "Rows Removed by Index Recheck": 0,
                    "Exact Heap Blocks": 13691,
                    "Lossy Heap Blocks": 0,
                    "Plans": [
                      {
                        "Node Type": "Bitmap Index Scan",
                        "Parent Relationship": "Outer",
                        "Parallel Aware": false,
                        "Index Name": "keyword_id_movie_keyword",
                        "Startup Cost": 0.0,
                        "Total Cost": 17121.83,
                        "Plan Rows": 816720,
                        "Plan Width": 0,
                        "Actual Startup Time": 41.41,
                        "Actual Total Time": 41.41,
                        "Actual Rows": 806289,
                        "Actual Loops": 1,
                        "Index Cond": "(keyword_id > 22975)"
                      }
                    ]
                  },
                  {
                    "Node Type": "Hash",
                    "Parent Relationship": "Inner",
                    "Parallel Aware": true,
                    "Startup Cost": 58306.47,
                    "Total Cost": 58306.47,
                    "Plan Rows": 796173,
                    "Plan Width": 4,
                    "Actual Startup Time": 331.66,
                    "Actual Total Time": 331.661,
                    "Actual Rows": 663890,
                    "Actual Loops": 2,
                    "Hash Buckets": 2097152,
                    "Original Hash Buckets": 2097152,
                    "Hash Batches": 1,
                    "Original Hash Batches": 1,
                    "Peak Memory Usage": 68352,
                    "Plans": [
                      {
                        "Node Type": "Seq Scan",
                        "Parent Relationship": "Outer",
                        "Parallel Aware": true,
                        "Relation Name": "title",
                        "Alias": "t",
                        "Startup Cost": 0.0,
                        "Total Cost": 58306.47,
                        "Plan Rows": 796173,
                        "Plan Width": 4,
                        "Actual Startup Time": 0.041,
                        "Actual Total Time": 162.887,
                        "Actual Rows": 663890,
                        "Actual Loops": 2,
                        "Filter": "((production_year < 2012) AND (kind_id = 7))",
                        "Rows Removed by Filter": 600266
                      }
                    ]
                  }
                ]
              }
            ]
          }
        ]
      }
    ]
  },
  "Planning Time": 0.629,
  "Triggers": [],
  "Execution Time": 575.696
}