{
  "Plan": {
    "Node Type": "Aggregate",
    "Strategy": "Plain",
    "Partial Mode": "Finalize",
    "Parallel Aware": false,
    "Startup Cost": 593341.73,
    "Total Cost": 593341.74,
    "Plan Rows": 1,
    "Plan Width": 8,
    "Actual Startup Time": 3233.285,
    "Actual Total Time": 3272.275,
    "Actual Rows": 1,
    "Actual Loops": 1,
    "Plans": [
      {
        "Node Type": "Gather",
        "Parent Relationship": "Outer",
        "Parallel Aware": false,
        "Startup Cost": 593341.62,
        "Total Cost": 593341.73,
        "Plan Rows": 1,
        "Plan Width": 8,
        "Actual Startup Time": 3231.398,
        "Actual Total Time": 3272.265,
        "Actual Rows": 2,
        "Actual Loops": 1,
        "Workers Planned": 1,
        "Workers Launched": 1,
        "Single Copy": false,
        "Plans": [
          {
            "Node Type": "Aggregate",
            "Strategy": "Plain",
            "Partial Mode": "Partial",
            "Parent Relationship": "Outer",
            "Parallel Aware": false,
            "Startup Cost": 592341.62,
            "Total Cost": 592341.63,
            "Plan Rows": 1,
            "Plan Width": 8,
            "Actual Startup Time": 3225.696,
            "Actual Total Time": 3225.699,
            "Actual Rows": 1,
            "Actual Loops": 2,
            "Plans": [
              {
                "Node Type": "Hash Join",
                "Parent Relationship": "Outer",
                "Parallel Aware": true,
                "Join Type": "Inner",
                "Startup Cost": 58435.81,
                "Total Cost": 586371.01,
                "Plan Rows": 2388244,
                "Plan Width": 0,
                "Actual Startup Time": 171.99,
                "Actual Total Time": 3130.372,
                "Actual Rows": 2247347,
                "Actual Loops": 2,
                "Inner Unique": true,
                "Hash Cond": "(ci.movie_id = t.id)",
                "Plans": [
                  {
                    "Node Type": "Index Scan",
                    "Parent Relationship": "Outer",
                    "Parallel Aware": true,
                    "Scan Direction": "Forward",
                    "Index Name": "role_id_cast_info",
                    "Relation Name": "cast_info",
                    "Alias": "ci",
                    "Startup Cost": 0.56,
                    "Total Cost": 502630.18,
                    "Plan Rows": 9640203,
                    "Plan Width": 4,
                    "Actual Startup Time": 0.051,
                    "Actual Total Time": 1097.142,
                    "Actual Rows": 8060842,
                    "Actual Loops": 2,
                    "Index Cond": "(role_id > 2)",
                    "Rows Removed by Index Recheck": 0
                  },
                  {
                    "Node Type": "Hash",
                    "Parent Relationship": "Inner",
                    "Parallel Aware": true,
                    "Startup Cost": 53829.7,
                    "Total Cost": 53829.7,
                    "Plan Rows": 368444,
                    "Plan Width": 4,
                    "Actual Startup Time": 166.52,
                    "Actual Total Time": 166.522,
                    "Actual Rows": 317145,
                    "Actual Loops": 2,
                    "Hash Buckets": 1048576,
                    "Original Hash Buckets": 1048576,
                    "Hash Batches": 1,
                    "Original Hash Batches": 1,
                    "Peak Memory Usage": 33056,
                    "Plans": [
                      {
                        "Node Type": "Bitmap Heap Scan",
                        "Parent Relationship": "Outer",
                        "Parallel Aware": true,
                        "Relation Name": "title",
                        "Alias": "t",
                        "Startup Cost": 11979.44,
                        "Total Cost": 53829.7,
                        "Plan Rows": 368444,
                        "Plan Width": 4,
                        "Actual Startup Time": 24.398,
                        "Actual Total Time": 94.89,
                        "Actual Rows": 317145,
                        "Actual Loops": 2,
                        "Recheck Cond": "(kind_id = 1)",
                        "Rows Removed by Index Recheck": 0,
                        "Filter": "(production_year < 2013)",
                        "Rows Removed by Filter": 14268,
                        "Exact Heap Blocks": 7661,
                        "Lossy Heap Blocks": 0,
                        "Plans": [
                          {
                            "Node Type": "Bitmap Index Scan",
                            "Parent Relationship": "Outer",
                            "Parallel Aware": false,
                            "Index Name": "kind_id_title",
                            "Startup Cost": 0.0,
                            "Total Cost": 11822.85,
                            "Plan Rows": 663256,
                            "Plan Width": 0,
                            "Actual Startup Time": 23.172,
                            "Actual Total Time": 23.172,
                            "Actual Rows": 662825,
                            "Actual Loops": 1,
                            "Index Cond": "(kind_id = 1)"
                          }
                        ]
                      }
                    ]
                  }
                ]
              }
            ]
          }
        ]
      }
    ]
  },
  "Planning Time": 0.364,
  "Triggers": [],
  "Execution Time": 3272.337
}