[
  {
    "Plan": {
      "Node Type": "Aggregate",
      "Strategy": "Plain",
      "Partial Mode": "Finalize",
      "Parallel Aware": false,
      "Startup Cost": 45434.74,
      "Total Cost": 45434.75,
      "Plan Rows": 1,
      "Plan Width": 8,
      "Actual Startup Time": 142.259,
      "Actual Total Time": 152.362,
      "Actual Rows": 1,
      "Actual Loops": 1,
      "Plans": [
        {
          "Node Type": "Gather",
          "Parent Relationship": "Outer",
          "Parallel Aware": false,
          "Startup Cost": 45434.43,
          "Total Cost": 45434.74,
          "Plan Rows": 3,
          "Plan Width": 8,
          "Actual Startup Time": 142.111,
          "Actual Total Time": 152.351,
          "Actual Rows": 4,
          "Actual Loops": 1,
          "Workers Planned": 3,
          "Workers Launched": 3,
          "Single Copy": false,
          "Plans": [
            {
              "Node Type": "Aggregate",
              "Strategy": "Plain",
              "Partial Mode": "Partial",
              "Parent Relationship": "Outer",
              "Parallel Aware": false,
              "Startup Cost": 44434.43,
              "Total Cost": 44434.44,
              "Plan Rows": 1,
              "Plan Width": 8,
              "Actual Startup Time": 136.475,
              "Actual Total Time": 136.476,
              "Actual Rows": 1,
              "Actual Loops": 4,
              "Plans": [
                {
                  "Node Type": "Seq Scan",
                  "Parent Relationship": "Outer",
                  "Parallel Aware": true,
                  "Relation Name": "movie_keyword",
                  "Alias": "mk",
                  "Startup Cost": 0.0,
                  "Total Cost": 42695.65,
                  "Plan Rows": 695509,
                  "Plan Width": 0,
                  "Actual Startup Time": 0.04,
                  "Actual Total Time": 111.25,
                  "Actual Rows": 542581,
                  "Actual Loops": 4,
                  "Filter": "(keyword_id < 4208)",
                  "Rows Removed by Filter": 588402
                }
              ]
            }
          ]
        }
      ]
    },
    "Planning Time": 0.132,
    "Triggers": [],
    "Execution Time": 152.404
  }
]