[
  {
    "Plan": {
      "Node Type": "Aggregate",
      "Strategy": "Plain",
      "Partial Mode": "Finalize",
      "Parallel Aware": false,
      "Startup Cost": 45443.29,
      "Total Cost": 45443.3,
      "Plan Rows": 1,
      "Plan Width": 8,
      "Actual Startup Time": 152.125,
      "Actual Total Time": 159.074,
      "Actual Rows": 1,
      "Actual Loops": 1,
      "Plans": [
        {
          "Node Type": "Gather",
          "Parent Relationship": "Outer",
          "Parallel Aware": false,
          "Startup Cost": 45442.97,
          "Total Cost": 45443.28,
          "Plan Rows": 3,
          "Plan Width": 8,
          "Actual Startup Time": 151.99,
          "Actual Total Time": 159.065,
          "Actual Rows": 4,
          "Actual Loops": 1,
          "Workers Planned": 3,
          "Workers Launched": 3,
          "Single Copy": false,
          "Plans": [
            {
              "Node Type": "Aggregate",
              "Strategy": "Plain",
              "Partial Mode": "Partial",
              "Parent Relationship": "Outer",
              "Parallel Aware": false,
              "Startup Cost": 44442.97,
              "Total Cost": 44442.98,
              "Plan Rows": 1,
              "Plan Width": 8,
              "Actual Startup Time": 145.98,
              "Actual Total Time": 145.981,
              "Actual Rows": 1,
              "Actual Loops": 4,
              "Plans": [
                {
                  "Node Type": "Seq Scan",
                  "Parent Relationship": "Outer",
                  "Parallel Aware": true,
                  "Relation Name": "movie_keyword",
                  "Alias": "mk",
                  "Startup Cost": 0.0,
                  "Total Cost": 42695.65,
                  "Plan Rows": 698927,
                  "Plan Width": 0,
                  "Actual Startup Time": 0.044,
                  "Actual Total Time": 118.906,
                  "Actual Rows": 542581,
                  "Actual Loops": 4,
                  "Filter": "(keyword_id < 4208)",
                  "Rows Removed by Filter": 588402
                }
              ]
            }
          ]
        }
      ]
    },
    "Planning Time": 0.112,
    "Triggers": [],
    "Execution Time": 159.111
  }
]