[
  {
    "Plan": {
      "Node Type": "Aggregate",
      "Strategy": "Plain",
      "Partial Mode": "Finalize",
      "Parallel Aware": false,
      "Startup Cost": 47088.25,
      "Total Cost": 47088.26,
      "Plan Rows": 1,
      "Plan Width": 8,
      "Actual Startup Time": 125.558,
      "Actual Total Time": 139.514,
      "Actual Rows": 1,
      "Actual Loops": 1,
      "Plans": [
        {
          "Node Type": "Gather",
          "Parent Relationship": "Outer",
          "Parallel Aware": false,
          "Startup Cost": 47087.83,
          "Total Cost": 47088.24,
          "Plan Rows": 4,
          "Plan Width": 8,
          "Actual Startup Time": 125.364,
          "Actual Total Time": 139.501,
          "Actual Rows": 5,
          "Actual Loops": 1,
          "Workers Planned": 4,
          "Workers Launched": 4,
          "Single Copy": false,
          "Plans": [
            {
              "Node Type": "Aggregate",
              "Strategy": "Plain",
              "Partial Mode": "Partial",
              "Parent Relationship": "Outer",
              "Parallel Aware": false,
              "Startup Cost": 46087.83,
              "Total Cost": 46087.84,
              "Plan Rows": 1,
              "Plan Width": 8,
              "Actual Startup Time": 115.991,
              "Actual Total Time": 115.992,
              "Actual Rows": 1,
              "Actual Loops": 5,
              "Plans": [
                {
                  "Node Type": "Seq Scan",
                  "Parent Relationship": "Outer",
                  "Parallel Aware": true,
                  "Relation Name": "title",
                  "Alias": "t",
                  "Startup Cost": 0.0,
                  "Total Cost": 45479.59,
                  "Plan Rows": 243297,
                  "Plan Width": 0,
                  "Actual Startup Time": 0.058,
                  "Actual Total Time": 102.81,
                  "Actual Rows": 211649,
                  "Actual Loops": 5,
                  "Filter": "((kind_id > 2) AND (production_year > 2000))",
                  "Rows Removed by Filter": 294013
                }
              ]
            }
          ]
        }
      ]
    },
    "Planning Time": 0.121,
    "Triggers": [],
    "Execution Time": 139.562
  }
]