{
  "Plan": {
    "Node Type": "Aggregate",
    "Strategy": "Plain",
    "Partial Mode": "Finalize",
    "Parallel Aware": false,
    "Startup Cost": 1159277.36,
    "Total Cost": 1159277.37,
    "Plan Rows": 1,
    "Plan Width": 8,
    "Actual Startup Time": 22946.799,
    "Actual Total Time": 23170.569,
    "Actual Rows": 1,
    "Actual Loops": 1,
    "Plans": [
      {
        "Node Type": "Gather",
        "Parent Relationship": "Outer",
        "Parallel Aware": false,
        "Startup Cost": 1159277.25,
        "Total Cost": 1159277.36,
        "Plan Rows": 1,
        "Plan Width": 8,
        "Actual Startup Time": 22927.273,
        "Actual Total Time": 23170.56,
        "Actual Rows": 2,
        "Actual Loops": 1,
        "Workers Planned": 1,
        "Workers Launched": 1,
        "Single Copy": false,
        "Plans": [
          {
            "Node Type": "Aggregate",
            "Strategy": "Plain",
            "Partial Mode": "Partial",
            "Parent Relationship": "Outer",
            "Parallel Aware": false,
            "Startup Cost": 1158277.25,
            "Total Cost": 1158277.26,
            "Plan Rows": 1,
            "Plan Width": 8,
            "Actual Startup Time": 22881.559,
            "Actual Total Time": 22881.566,
            "Actual Rows": 1,
            "Actual Loops": 2,
            "Plans": [
              {
                "Node Type": "Hash Join",
                "Parent Relationship": "Outer",
                "Parallel Aware": true,
                "Join Type": "Inner",
                "Startup Cost": 869198.13,
                "Total Cost": 1103118.72,
                "Plan Rows": 22063412,
                "Plan Width": 0,
                "Actual Startup Time": 15917.26,
                "Actual Total Time": 20752.191,
                "Actual Rows": 52311552,
                "Actual Loops": 2,
                "Inner Unique": false,
                "Hash Cond": "(mk.movie_id = t.id)",
                "Plans": [
                  {
                    "Node Type": "Seq Scan",
                    "Parent Relationship": "Outer",
                    "Parallel Aware": true,
                    "Relation Name": "movie_keyword",
                    "Alias": "mk",
                    "Startup Cost": 0.0,
                    "Total Cost": 57718.19,
                    "Plan Rows": 1768291,
                    "Plan Width": 4,
                    "Actual Startup Time": 0.014,
                    "Actual Total Time": 209.474,
                    "Actual Rows": 1499504,
                    "Actual Loops": 2,
                    "Filter": "(keyword_id < 10532)",
                    "Rows Removed by Filter": 762462
                  },
                  {
                    "Node Type": "Hash",
                    "Parent Relationship": "Inner",
                    "Parallel Aware": true,
                    "Startup Cost": 637241.18,
                    "Total Cost": 637241.18,
                    "Plan Rows": 18556556,
                    "Plan Width": 8,
                    "Actual Startup Time": 15820.783,
                    "Actual Total Time": 15820.788,
                    "Actual Rows": 15802604,
                    "Actual Loops": 2,
                    "Hash Buckets": 33554432,
                    "Original Hash Buckets": 33554432,
                    "Hash Batches": 1,
                    "Original Hash Batches": 1,
                    "Peak Memory Usage": 1498560,
                    "Plans": [
                      {
                        "Node Type": "Hash Join",
                        "Parent Relationship": "Outer",
                        "Parallel Aware": true,
                        "Join Type": "Inner",
                        "Startup Cost": 69460.7,
                        "Total Cost": 637241.18,
                        "Plan Rows": 18556556,
                        "Plan Width": 8,
                        "Actual Startup Time": 540.303,
                        "Actual Total Time": 10038.646,
                        "Actual Rows": 15802604,
                        "Actual Loops": 2,
                        "Inner Unique": true,
                        "Hash Cond": "(ci.movie_id = t.id)",
                        "Plans": [
                          {
                            "Node Type": "Seq Scan",
                            "Parent Relationship": "Outer",
                            "Parallel Aware": true,
                            "Relation Name": "cast_info",
                            "Alias": "ci",
                            "Startup Cost": 0.0,
                            "Total Cost": 519069.44,
                            "Plan Rows": 18556556,
                            "Plan Width": 4,
                            "Actual Startup Time": 0.017,
                            "Actual Total Time": 2200.814,
                            "Actual Rows": 15802604,
                            "Actual Loops": 2,
                            "Filter": "(role_id < 10)",
                            "Rows Removed by Filter": 2319568
                          },
                          {
                            "Node Type": "Hash",
                            "Parent Relationship": "Inner",
                            "Parallel Aware": true,
                            "Startup Cost": 50870.31,
                            "Total Cost": 50870.31,
                            "Plan Rows": 1487231,
                            "Plan Width": 4,
                            "Actual Startup Time": 529.415,
                            "Actual Total Time": 529.416,
                            "Actual Rows": 1264156,
                            "Actual Loops": 2,
                            "Hash Buckets": 4194304,
                            "Original Hash Buckets": 4194304,
                            "Hash Batches": 1,
                            "Original Hash Batches": 1,
                            "Peak Memory Usage": 131680,
                            "Plans": [
                              {
                                "Node Type": "Seq Scan",
                                "Parent Relationship": "Outer",
                                "Parallel Aware": true,
                                "Relation Name": "title",
                                "Alias": "t",
                                "Startup Cost": 0.0,
                                "Total Cost": 50870.31,
                                "Plan Rows": 1487231,
                                "Plan Width": 4,
                                "Actual Startup Time": 0.054,
                                "Actual Total Time": 157.859,
                                "Actual Rows": 1264156,
                                "Actual Loops": 2
                              }
                            ]
                          }
                        ]
                      }
                    ]
                  }
                ]
              }
            ]
          }
        ]
      }
    ]
  },
  "Planning Time": 0.537,
  "Triggers": [],
  "Execution Time": 23170.629
}