[
  {
    "Plan": {
      "Node Type": "Aggregate",
      "Strategy": "Plain",
      "Partial Mode": "Simple",
      "Parallel Aware": false,
      "Startup Cost": 1943.02,
      "Total Cost": 1943.03,
      "Plan Rows": 1,
      "Plan Width": 8,
      "Actual Startup Time": 0.334,
      "Actual Total Time": 0.335,
      "Actual Rows": 1,
      "Actual Loops": 1,
      "Plans": [
        {
          "Node Type": "Nested Loop",
          "Parent Relationship": "Outer",
          "Parallel Aware": false,
          "Join Type": "Inner",
          "Startup Cost": 1.43,
          "Total Cost": 1942.81,
          "Plan Rows": 83,
          "Plan Width": 0,
          "Actual Startup Time": 0.215,
          "Actual Total Time": 0.33,
          "Actual Rows": 15,
          "Actual Loops": 1,
          "Inner Unique": false,
          "Plans": [
            {
              "Node Type": "Nested Loop",
              "Parent Relationship": "Outer",
              "Parallel Aware": false,
              "Join Type": "Inner",
              "Startup Cost": 0.99,
              "Total Cost": 1857.42,
              "Plan Rows": 35,
              "Plan Width": 8,
              "Actual Startup Time": 0.182,
              "Actual Total Time": 0.204,
              "Actual Rows": 3,
              "Actual Loops": 1,
              "Inner Unique": true,
              "Plans": [
                {
                  "Node Type": "Index Scan",
                  "Parent Relationship": "Outer",
                  "Parallel Aware": false,
                  "Scan Direction": "Forward",
                  "Index Name": "person_id_cast_info",
                  "Relation Name": "cast_info",
                  "Alias": "ci",
                  "Startup Cost": 0.56,
                  "Total Cost": 987.07,
                  "Plan Rows": 103,
                  "Plan Width": 4,
                  "Actual Startup Time": 0.168,
                  "Actual Total Time": 0.172,
                  "Actual Rows": 3,
                  "Actual Loops": 1,
                  "Index Cond": "(person_id = 2768986)",
                  "Rows Removed by Index Recheck": 0,
                  "Filter": "(role_id > 6)",
                  "Rows Removed by Filter": 9
                },
                {
                  "Node Type": "Index Scan",
                  "Parent Relationship": "Inner",
                  "Parallel Aware": false,
                  "Scan Direction": "Forward",
                  "Index Name": "title_pkey",
                  "Relation Name": "title",
                  "Alias": "t",
                  "Startup Cost": 0.43,
                  "Total Cost": 8.45,
                  "Plan Rows": 1,
                  "Plan Width": 4,
                  "Actual Startup Time": 0.009,
                  "Actual Total Time": 0.01,
                  "Actual Rows": 1,
                  "Actual Loops": 3,
                  "Index Cond": "(id = ci.movie_id)",
                  "Rows Removed by Index Recheck": 0,
                  "Filter": "(kind_id < 4)",
                  "Rows Removed by Filter": 0
                }
              ]
            },
            {
              "Node Type": "Index Scan",
              "Parent Relationship": "Inner",
              "Parallel Aware": false,
              "Scan Direction": "Forward",
              "Index Name": "movie_id_movie_info",
              "Relation Name": "movie_info",
              "Alias": "mi",
              "Startup Cost": 0.43,
              "Total Cost": 2.27,
              "Plan Rows": 17,
              "Plan Width": 4,
              "Actual Startup Time": 0.017,
              "Actual Total Time": 0.041,
              "Actual Rows": 5,
              "Actual Loops": 3,
              "Index Cond": "(movie_id = t.id)",
              "Rows Removed by Index Recheck": 0,
              "Filter": "(info_type_id < 7)",
              "Rows Removed by Filter": 6
            }
          ]
        }
      ]
    },
    "Planning Time": 0.572,
    "Triggers": [],
    "Execution Time": 0.365
  }
]