{
  "Plan": {
    "Node Type": "Aggregate",
    "Strategy": "Plain",
    "Partial Mode": "Finalize",
    "Parallel Aware": false,
    "Startup Cost": 87494.89,
    "Total Cost": 87494.9,
    "Plan Rows": 1,
    "Plan Width": 8,
    "Actual Startup Time": 591.754,
    "Actual Total Time": 603.877,
    "Actual Rows": 1,
    "Actual Loops": 1,
    "Plans": [
      {
        "Node Type": "Gather",
        "Parent Relationship": "Outer",
        "Parallel Aware": false,
        "Startup Cost": 87494.78,
        "Total Cost": 87494.89,
        "Plan Rows": 1,
        "Plan Width": 8,
        "Actual Startup Time": 588.45,
        "Actual Total Time": 603.868,
        "Actual Rows": 2,
        "Actual Loops": 1,
        "Workers Planned": 1,
        "Workers Launched": 1,
        "Single Copy": false,
        "Plans": [
          {
            "Node Type": "Aggregate",
            "Strategy": "Plain",
            "Partial Mode": "Partial",
            "Parent Relationship": "Outer",
            "Parallel Aware": false,
            "Startup Cost": 86494.78,
            "Total Cost": 86494.79,
            "Plan Rows": 1,
            "Plan Width": 8,
            "Actual Startup Time": 581.868,
            "Actual Total Time": 581.872,
            "Actual Rows": 1,
            "Actual Loops": 2,
            "Plans": [
              {
                "Node Type": "Hash Join",
                "Parent Relationship": "Outer",
                "Parallel Aware": true,
                "Join Type": "Inner",
                "Startup Cost": 67326.32,
                "Total Cost": 85510.11,
                "Plan Rows": 393869,
                "Plan Width": 0,
                "Actual Startup Time": 395.909,
                "Actual Total Time": 574.154,
                "Actual Rows": 190221,
                "Actual Loops": 2,
                "Inner Unique": true,
                "Hash Cond": "(mi_idx.movie_id = t.id)",
                "Plans": [
                  {
                    "Node Type": "Seq Scan",
                    "Parent Relationship": "Outer",
                    "Parallel Aware": true,
                    "Relation Name": "movie_info_idx",
                    "Alias": "mi_idx",
                    "Startup Cost": 0.0,
                    "Total Cost": 16052.85,
                    "Plan Rows": 811785,
                    "Plan Width": 4,
                    "Actual Startup Time": 0.018,
                    "Actual Total Time": 50.73,
                    "Actual Rows": 690018,
                    "Actual Loops": 2
                  },
                  {
                    "Node Type": "Hash",
                    "Parent Relationship": "Inner",
                    "Parallel Aware": true,
                    "Startup Cost": 58306.47,
                    "Total Cost": 58306.47,
                    "Plan Rows": 721588,
                    "Plan Width": 4,
                    "Actual Startup Time": 383.102,
                    "Actual Total Time": 383.104,
                    "Actual Rows": 656557,
                    "Actual Loops": 2,
                    "Hash Buckets": 2097152,
                    "Original Hash Buckets": 2097152,
                    "Hash Batches": 1,
                    "Original Hash Batches": 1,
                    "Peak Memory Usage": 67808,
                    "Plans": [
                      {
                        "Node Type": "Seq Scan",
                        "Parent Relationship": "Outer",
                        "Parallel Aware": true,
                        "Relation Name": "title",
                        "Alias": "t",
                        "Startup Cost": 0.0,
                        "Total Cost": 58306.47,
                        "Plan Rows": 721588,
                        "Plan Width": 4,
                        "Actual Startup Time": 0.029,
                        "Actual Total Time": 173.605,
                        "Actual Rows": 656557,
                        "Actual Loops": 2,
                        "Filter": "((kind_id > 4) AND (production_year > 1976))",
                        "Rows Removed by Filter": 607599
                      }
                    ]
                  }
                ]
              }
            ]
          }
        ]
      }
    ]
  },
  "Planning Time": 0.385,
  "Triggers": [],
  "Execution Time": 603.946
}