{
  "Plan": {
    "Node Type": "Aggregate",
    "Strategy": "Plain",
    "Partial Mode": "Finalize",
    "Parallel Aware": false,
    "Startup Cost": 836659.14,
    "Total Cost": 836659.15,
    "Plan Rows": 1,
    "Plan Width": 8,
    "Actual Startup Time": 11572.939,
    "Actual Total Time": 11647.945,
    "Actual Rows": 1,
    "Actual Loops": 1,
    "Plans": [
      {
        "Node Type": "Gather",
        "Parent Relationship": "Outer",
        "Parallel Aware": false,
        "Startup Cost": 836659.02,
        "Total Cost": 836659.13,
        "Plan Rows": 1,
        "Plan Width": 8,
        "Actual Startup Time": 11563.71,
        "Actual Total Time": 11647.933,
        "Actual Rows": 2,
        "Actual Loops": 1,
        "Workers Planned": 1,
        "Workers Launched": 1,
        "Single Copy": false,
        "Plans": [
          {
            "Node Type": "Aggregate",
            "Strategy": "Plain",
            "Partial Mode": "Partial",
            "Parent Relationship": "Outer",
            "Parallel Aware": false,
            "Startup Cost": 835659.02,
            "Total Cost": 835659.03,
            "Plan Rows": 1,
            "Plan Width": 8,
            "Actual Startup Time": 11553.128,
            "Actual Total Time": 11554.915,
            "Actual Rows": 1,
            "Actual Loops": 2,
            "Plans": [
              {
                "Node Type": "Hash Join",
                "Parent Relationship": "Outer",
                "Parallel Aware": true,
                "Join Type": "Inner",
                "Startup Cost": 124607.77,
                "Total Cost": 797842.95,
                "Plan Rows": 15126431,
                "Plan Width": 0,
                "Actual Startup Time": 1476.197,
                "Actual Total Time": 10458.07,
                "Actual Rows": 26663236,
                "Actual Loops": 2,
                "Inner Unique": false,
                "Hash Cond": "(ci.movie_id = t.id)",
                "Plans": [
                  {
                    "Node Type": "Seq Scan",
                    "Parent Relationship": "Outer",
                    "Parallel Aware": true,
                    "Relation Name": "cast_info",
                    "Alias": "ci",
                    "Startup Cost": 0.0,
                    "Total Cost": 519069.44,
                    "Plan Rows": 17383121,
                    "Plan Width": 4,
                    "Actual Startup Time": 0.02,
                    "Actual Total Time": 1705.851,
                    "Actual Rows": 14864433,
                    "Actual Loops": 2,
                    "Filter": "(person_id < 3005462)",
                    "Rows Removed by Filter": 3257739
                  },
                  {
                    "Node Type": "Hash",
                    "Parent Relationship": "Inner",
                    "Parallel Aware": true,
                    "Startup Cost": 108430.8,
                    "Total Cost": 108430.8,
                    "Plan Rows": 1294158,
                    "Plan Width": 8,
                    "Actual Startup Time": 1455.581,
                    "Actual Total Time": 1457.365,
                    "Actual Rows": 982418,
                    "Actual Loops": 2,
                    "Hash Buckets": 4194304,
                    "Original Hash Buckets": 4194304,
                    "Hash Batches": 1,
                    "Original Hash Batches": 1,
                    "Peak Memory Usage": 109664,
                    "Plans": [
                      {
                        "Node Type": "Hash Join",
                        "Parent Relationship": "Outer",
                        "Parallel Aware": true,
                        "Join Type": "Inner",
                        "Startup Cost": 70264.16,
                        "Total Cost": 108430.8,
                        "Plan Rows": 1294158,
                        "Plan Width": 8,
                        "Actual Startup Time": 571.075,
                        "Actual Total Time": 1160.571,
                        "Actual Rows": 982418,
                        "Actual Loops": 2,
                        "Inner Unique": true,
                        "Hash Cond": "(mc.movie_id = t.id)",
                        "Plans": [
                          {
                            "Node Type": "Seq Scan",
                            "Parent Relationship": "Outer",
                            "Parallel Aware": true,
                            "Relation Name": "movie_companies",
                            "Alias": "mc",
                            "Startup Cost": 0.0,
                            "Total Cost": 34137.82,
                            "Plan Rows": 1534782,
                            "Plan Width": 4,
                            "Actual Startup Time": 0.015,
                            "Actual Total Time": 120.802,
                            "Actual Rows": 1304564,
                            "Actual Loops": 2
                          },
                          {
                            "Node Type": "Hash",
                            "Parent Relationship": "Inner",
                            "Parallel Aware": true,
                            "Startup Cost": 54588.39,
                            "Total Cost": 54588.39,
                            "Plan Rows": 1254062,
                            "Plan Width": 4,
                            "Actual Startup Time": 559.869,
                            "Actual Total Time": 559.87,
                            "Actual Rows": 1059186,
                            "Actual Loops": 2,
                            "Hash Buckets": 4194304,
                            "Original Hash Buckets": 4194304,
                            "Hash Batches": 1,
                            "Original Hash Batches": 1,
                            "Peak Memory Usage": 115648,
                            "Plans": [
                              {
                                "Node Type": "Seq Scan",
                                "Parent Relationship": "Outer",
                                "Parallel Aware": true,
                                "Relation Name": "title",
                                "Alias": "t",
                                "Startup Cost": 0.0,
                                "Total Cost": 54588.39,
                                "Plan Rows": 1254062,
                                "Plan Width": 4,
                                "Actual Startup Time": 0.038,
                                "Actual Total Time": 207.729,
                                "Actual Rows": 1059186,
                                "Actual Loops": 2,
                                "Filter": "(production_year > 1967)",
                                "Rows Removed by Filter": 204970
                              }
                            ]
                          }
                        ]
                      }
                    ]
                  }
                ]
              }
            ]
          }
        ]
      }
    ]
  },
  "Planning Time": 0.957,
  "Triggers": [],
  "Execution Time": 11648.034
}