[
  {
    "Plan": {
      "Node Type": "Aggregate",
      "Strategy": "Plain",
      "Partial Mode": "Finalize",
      "Parallel Aware": false,
      "Startup Cost": 96221.29,
      "Total Cost": 96221.3,
      "Plan Rows": 1,
      "Plan Width": 8,
      "Actual Startup Time": 282.906,
      "Actual Total Time": 304.857,
      "Actual Rows": 1,
      "Actual Loops": 1,
      "Plans": [
        {
          "Node Type": "Gather",
          "Parent Relationship": "Outer",
          "Parallel Aware": false,
          "Startup Cost": 96220.87,
          "Total Cost": 96221.28,
          "Plan Rows": 4,
          "Plan Width": 8,
          "Actual Startup Time": 281.774,
          "Actual Total Time": 304.849,
          "Actual Rows": 5,
          "Actual Loops": 1,
          "Workers Planned": 4,
          "Workers Launched": 4,
          "Single Copy": false,
          "Plans": [
            {
              "Node Type": "Aggregate",
              "Strategy": "Plain",
              "Partial Mode": "Partial",
              "Parent Relationship": "Outer",
              "Parallel Aware": false,
              "Startup Cost": 95220.87,
              "Total Cost": 95220.88,
              "Plan Rows": 1,
              "Plan Width": 8,
              "Actual Startup Time": 271.528,
              "Actual Total Time": 271.534,
              "Actual Rows": 1,
              "Actual Loops": 5,
              "Plans": [
                {
                  "Node Type": "Nested Loop",
                  "Parent Relationship": "Outer",
                  "Parallel Aware": false,
                  "Join Type": "Inner",
                  "Startup Cost": 25968.44,
                  "Total Cost": 95170.67,
                  "Plan Rows": 20079,
                  "Plan Width": 0,
                  "Actual Startup Time": 133.708,
                  "Actual Total Time": 263.099,
                  "Actual Rows": 190687,
                  "Actual Loops": 5,
                  "Inner Unique": false,
                  "Plans": [
                    {
                      "Node Type": "Hash Join",
                      "Parent Relationship": "Outer",
                      "Parallel Aware": true,
                      "Join Type": "Inner",
                      "Startup Cost": 25968.01,
                      "Total Cost": 72070.97,
                      "Plan Rows": 11222,
                      "Plan Width": 8,
                      "Actual Startup Time": 133.501,
                      "Actual Total Time": 188.235,
                      "Actual Rows": 3482,
                      "Actual Loops": 5,
                      "Inner Unique": false,
                      "Hash Cond": "(t.id = mc.movie_id)",
                      "Plans": [
                        {
                          "Node Type": "Seq Scan",
                          "Parent Relationship": "Outer",
                          "Parallel Aware": true,
                          "Relation Name": "title",
                          "Alias": "t",
                          "Startup Cost": 0.0,
                          "Total Cost": 45479.1,
                          "Plan Rows": 117532,
                          "Plan Width": 4,
                          "Actual Startup Time": 40.29,
                          "Actual Total Time": 74.796,
                          "Actual Rows": 99205,
                          "Actual Loops": 5,
                          "Filter": "((production_year < 2009) AND (kind_id = 1))",
                          "Rows Removed by Filter": 406457
                        },
                        {
                          "Node Type": "Hash",
                          "Parent Relationship": "Inner",
                          "Parallel Aware": true,
                          "Startup Cost": 24994.63,
                          "Total Cost": 24994.63,
                          "Plan Rows": 77870,
                          "Plan Width": 4,
                          "Actual Startup Time": 85.543,
                          "Actual Total Time": 85.547,
                          "Actual Rows": 47913,
                          "Actual Loops": 5,
                          "Hash Buckets": 262144,
                          "Original Hash Buckets": 262144,
                          "Hash Batches": 1,
                          "Original Hash Batches": 1,
                          "Peak Memory Usage": 11520,
                          "Plans": [
                            {
                              "Node Type": "Bitmap Heap Scan",
                              "Parent Relationship": "Outer",
                              "Parallel Aware": true,
                              "Relation Name": "movie_companies",
                              "Alias": "mc",
                              "Startup Cost": 5231.26,
                              "Total Cost": 24994.63,
                              "Plan Rows": 77870,
                              "Plan Width": 4,
                              "Actual Startup Time": 24.88,
                              "Actual Total Time": 65.664,
                              "Actual Rows": 47913,
                              "Actual Loops": 5,
                              "Recheck Cond": "(company_id < 97)",
                              "Rows Removed by Index Recheck": 0,
                              "Exact Heap Blocks": 7244,
                              "Lossy Heap Blocks": 0,
                              "Plans": [
                                {
                                  "Node Type": "Bitmap Index Scan",
                                  "Parent Relationship": "Outer",
                                  "Parallel Aware": false,
                                  "Index Name": "company_id_movie_companies",
                                  "Startup Cost": 0.0,
                                  "Total Cost": 5170.91,
                                  "Plan Rows": 241397,
                                  "Plan Width": 0,
                                  "Actual Startup Time": 23.703,
                                  "Actual Total Time": 23.704,
                                  "Actual Rows": 239564,
                                  "Actual Loops": 1,
                                  "Index Cond": "(company_id < 97)"
                                }
                              ]
                            }
                          ]
                        }
                      ]
                    },
                    {
                      "Node Type": "Index Only Scan",
                      "Parent Relationship": "Inner",
                      "Parallel Aware": false,
                      "Scan Direction": "Forward",
                      "Index Name": "movie_id_movie_keyword",
                      "Relation Name": "movie_keyword",
                      "Alias": "mk",
                      "Startup Cost": 0.43,
                      "Total Cost": 1.61,
                      "Plan Rows": 45,
                      "Plan Width": 4,
                      "Actual Startup Time": 0.009,
                      "Actual Total Time": 0.017,
                      "Actual Rows": 55,
                      "Actual Loops": 17408,
                      "Index Cond": "(movie_id = t.id)",
                      "Rows Removed by Index Recheck": 0,
                      "Heap Fetches": 953437
                    }
                  ]
                }
              ]
            }
          ]
        }
      ]
    },
    "Planning Time": 1.487,
    "Triggers": [],
    "Execution Time": 304.966
  }
]