[
  {
    "Plan": {
      "Node Type": "Aggregate",
      "Strategy": "Plain",
      "Partial Mode": "Finalize",
      "Parallel Aware": false,
      "Startup Cost": 102859.65,
      "Total Cost": 102859.66,
      "Plan Rows": 1,
      "Plan Width": 8,
      "Actual Startup Time": 391.408,
      "Actual Total Time": 405.299,
      "Actual Rows": 1,
      "Actual Loops": 1,
      "Plans": [
        {
          "Node Type": "Gather",
          "Parent Relationship": "Outer",
          "Parallel Aware": false,
          "Startup Cost": 102859.33,
          "Total Cost": 102859.64,
          "Plan Rows": 3,
          "Plan Width": 8,
          "Actual Startup Time": 387.685,
          "Actual Total Time": 405.286,
          "Actual Rows": 4,
          "Actual Loops": 1,
          "Workers Planned": 3,
          "Workers Launched": 3,
          "Single Copy": false,
          "Plans": [
            {
              "Node Type": "Aggregate",
              "Strategy": "Plain",
              "Partial Mode": "Partial",
              "Parent Relationship": "Outer",
              "Parallel Aware": false,
              "Startup Cost": 101859.33,
              "Total Cost": 101859.34,
              "Plan Rows": 1,
              "Plan Width": 8,
              "Actual Startup Time": 380.241,
              "Actual Total Time": 380.391,
              "Actual Rows": 1,
              "Actual Loops": 4,
              "Plans": [
                {
                  "Node Type": "Hash Join",
                  "Parent Relationship": "Outer",
                  "Parallel Aware": true,
                  "Join Type": "Inner",
                  "Startup Cost": 69168.57,
                  "Total Cost": 101793.08,
                  "Plan Rows": 26498,
                  "Plan Width": 0,
                  "Actual Startup Time": 278.158,
                  "Actual Total Time": 377.946,
                  "Actual Rows": 53451,
                  "Actual Loops": 4,
                  "Inner Unique": false,
                  "Hash Cond": "(mc.movie_id = t.id)",
                  "Plans": [
                    {
                      "Node Type": "Seq Scan",
                      "Parent Relationship": "Outer",
                      "Parallel Aware": true,
                      "Relation Name": "movie_companies",
                      "Alias": "mc",
                      "Startup Cost": 0.0,
                      "Total Cost": 31414.82,
                      "Plan Rows": 304920,
                      "Plan Width": 4,
                      "Actual Startup Time": 0.272,
                      "Actual Total Time": 65.998,
                      "Actual Rows": 198648,
                      "Actual Loops": 4,
                      "Filter": "((company_id > 1063) AND (company_type_id < 2))",
                      "Rows Removed by Filter": 453634
                    },
                    {
                      "Node Type": "Hash",
                      "Parent Relationship": "Inner",
                      "Parallel Aware": true,
                      "Startup Cost": 68481.92,
                      "Total Cost": 68481.92,
                      "Plan Rows": 54932,
                      "Plan Width": 8,
                      "Actual Startup Time": 276.565,
                      "Actual Total Time": 276.712,
                      "Actual Rows": 54151,
                      "Actual Loops": 4,
                      "Hash Buckets": 262144,
                      "Original Hash Buckets": 262144,
                      "Hash Batches": 1,
                      "Original Hash Batches": 1,
                      "Peak Memory Usage": 10592,
                      "Plans": [
                        {
                          "Node Type": "Hash Join",
                          "Parent Relationship": "Outer",
                          "Parallel Aware": true,
                          "Join Type": "Inner",
                          "Startup Cost": 46063.65,
                          "Total Cost": 68481.92,
                          "Plan Rows": 54932,
                          "Plan Width": 8,
                          "Actual Startup Time": 166.944,
                          "Actual Total Time": 258.824,
                          "Actual Rows": 54151,
                          "Actual Loops": 4,
                          "Inner Unique": true,
                          "Hash Cond": "(ci.movie_id = t.id)",
                          "Plans": [
                            {
                              "Node Type": "Index Scan",
                              "Parent Relationship": "Outer",
                              "Parallel Aware": true,
                              "Scan Direction": "Forward",
                              "Index Name": "role_id_cast_info",
                              "Relation Name": "cast_info",
                              "Alias": "ci",
                              "Startup Cost": 0.56,
                              "Total Cost": 21892.28,
                              "Plan Rows": 200593,
                              "Plan Width": 4,
                              "Actual Startup Time": 0.103,
                              "Actual Total Time": 31.512,
                              "Actual Rows": 193418,
                              "Actual Loops": 4,
                              "Index Cond": "(role_id = 6)",
                              "Rows Removed by Index Recheck": 0
                            },
                            {
                              "Node Type": "Hash",
                              "Parent Relationship": "Inner",
                              "Parallel Aware": true,
                              "Startup Cost": 43899.32,
                              "Total Cost": 43899.32,
                              "Plan Rows": 173101,
                              "Plan Width": 4,
                              "Actual Startup Time": 164.064,
                              "Actual Total Time": 164.066,
                              "Actual Rows": 176796,
                              "Actual Loops": 4,
                              "Hash Buckets": 1048576,
                              "Original Hash Buckets": 1048576,
                              "Hash Batches": 1,
                              "Original Hash Batches": 1,
                              "Peak Memory Usage": 35904,
                              "Plans": [
                                {
                                  "Node Type": "Seq Scan",
                                  "Parent Relationship": "Outer",
                                  "Parallel Aware": true,
                                  "Relation Name": "title",
                                  "Alias": "t",
                                  "Startup Cost": 0.0,
                                  "Total Cost": 43899.32,
                                  "Plan Rows": 173101,
                                  "Plan Width": 4,
                                  "Actual Startup Time": 0.078,
                                  "Actual Total Time": 96.351,
                                  "Actual Rows": 176796,
                                  "Actual Loops": 4,
                                  "Filter": "(production_year < 1991)",
                                  "Rows Removed by Filter": 455282
                                }
                              ]
                            }
                          ]
                        }
                      ]
                    }
                  ]
                }
              ]
            }
          ]
        }
      ]
    },
    "Planning Time": 0.879,
    "Triggers": [],
    "Execution Time": 405.359
  }
]