[
  {
    "Plan": {
      "Node Type": "Aggregate",
      "Strategy": "Plain",
      "Partial Mode": "Finalize",
      "Parallel Aware": false,
      "Startup Cost": 32728.55,
      "Total Cost": 32728.56,
      "Plan Rows": 1,
      "Plan Width": 8,
      "Actual Startup Time": 80.409,
      "Actual Total Time": 89.145,
      "Actual Rows": 1,
      "Actual Loops": 1,
      "Plans": [
        {
          "Node Type": "Gather",
          "Parent Relationship": "Outer",
          "Parallel Aware": false,
          "Startup Cost": 32728.23,
          "Total Cost": 32728.54,
          "Plan Rows": 3,
          "Plan Width": 8,
          "Actual Startup Time": 80.329,
          "Actual Total Time": 89.137,
          "Actual Rows": 4,
          "Actual Loops": 1,
          "Workers Planned": 3,
          "Workers Launched": 3,
          "Single Copy": false,
          "Plans": [
            {
              "Node Type": "Aggregate",
              "Strategy": "Plain",
              "Partial Mode": "Partial",
              "Parent Relationship": "Outer",
              "Parallel Aware": false,
              "Startup Cost": 31728.23,
              "Total Cost": 31728.24,
              "Plan Rows": 1,
              "Plan Width": 8,
              "Actual Startup Time": 76.565,
              "Actual Total Time": 76.566,
              "Actual Rows": 1,
              "Actual Loops": 4,
              "Plans": [
                {
                  "Node Type": "Seq Scan",
                  "Parent Relationship": "Outer",
                  "Parallel Aware": true,
                  "Relation Name": "movie_companies",
                  "Alias": "mc",
                  "Startup Cost": 0.0,
                  "Total Cost": 31414.82,
                  "Plan Rows": 125364,
                  "Plan Width": 0,
                  "Actual Startup Time": 0.019,
                  "Actual Total Time": 69.012,
                  "Actual Rows": 140031,
                  "Actual Loops": 4,
                  "Filter": "((company_id < 1710) AND (company_type_id < 2))",
                  "Rows Removed by Filter": 512252
                }
              ]
            }
          ]
        }
      ]
    },
    "Planning Time": 0.214,
    "Triggers": [],
    "Execution Time": 89.196
  }
]