[
    {
        "Bao": {
            "Bao prediction": "NaN",
            "Bao recommended hint": "(no hint)"
        }
    },
    {
        "Plan": {
            "Node Type": "Aggregate",
            "Strategy": "Plain",
            "Partial Mode": "Finalize",
            "Parallel Aware": false,
            "Startup Cost": 520937.23,
            "Total Cost": 520937.24,
            "Plan Rows": 1,
            "Plan Width": 8,
            "Actual Startup Time": 648.221,
            "Actual Total Time": 683.501,
            "Actual Rows": 1,
            "Actual Loops": 1,
            "Output": [
                "count(*)"
            ],
            "Plans": [
                {
                    "Node Type": "Gather",
                    "Parent Relationship": "Outer",
                    "Parallel Aware": false,
                    "Startup Cost": 520936.61,
                    "Total Cost": 520937.22,
                    "Plan Rows": 6,
                    "Plan Width": 8,
                    "Actual Startup Time": 615.519,
                    "Actual Total Time": 683.492,
                    "Actual Rows": 7,
                    "Actual Loops": 1,
                    "Output": [
                        "(PARTIAL count(*))"
                    ],
                    "Workers Planned": 6,
                    "Workers Launched": 6,
                    "Single Copy": false,
                    "Plans": [
                        {
                            "Node Type": "Aggregate",
                            "Strategy": "Plain",
                            "Partial Mode": "Partial",
                            "Parent Relationship": "Outer",
                            "Parallel Aware": false,
                            "Startup Cost": 519936.61,
                            "Total Cost": 519936.62,
                            "Plan Rows": 1,
                            "Plan Width": 8,
                            "Actual Startup Time": 604.568,
                            "Actual Total Time": 604.7,
                            "Actual Rows": 1,
                            "Actual Loops": 7,
                            "Output": [
                                "PARTIAL count(*)"
                            ],
                            "Workers": [
                                {
                                    "Worker Number": 0,
                                    "Actual Startup Time": 601.677,
                                    "Actual Total Time": 601.695,
                                    "Actual Rows": 1,
                                    "Actual Loops": 1
                                },
                                {
                                    "Worker Number": 1,
                                    "Actual Startup Time": 602.311,
                                    "Actual Total Time": 602.317,
                                    "Actual Rows": 1,
                                    "Actual Loops": 1
                                },
                                {
                                    "Worker Number": 2,
                                    "Actual Startup Time": 602.737,
                                    "Actual Total Time": 602.742,
                                    "Actual Rows": 1,
                                    "Actual Loops": 1
                                },
                                {
                                    "Worker Number": 3,
                                    "Actual Startup Time": 602.896,
                                    "Actual Total Time": 602.902,
                                    "Actual Rows": 1,
                                    "Actual Loops": 1
                                },
                                {
                                    "Worker Number": 4,
                                    "Actual Startup Time": 603.52,
                                    "Actual Total Time": 603.525,
                                    "Actual Rows": 1,
                                    "Actual Loops": 1
                                },
                                {
                                    "Worker Number": 5,
                                    "Actual Startup Time": 603.849,
                                    "Actual Total Time": 603.855,
                                    "Actual Rows": 1,
                                    "Actual Loops": 1
                                }
                            ],
                            "Plans": [
                                {
                                    "Node Type": "Hash Join",
                                    "Parent Relationship": "Outer",
                                    "Parallel Aware": true,
                                    "Join Type": "Inner",
                                    "Startup Cost": 262467.22,
                                    "Total Cost": 519777.28,
                                    "Plan Rows": 63730,
                                    "Plan Width": 0,
                                    "Actual Startup Time": 477.835,
                                    "Actual Total Time": 599.348,
                                    "Actual Rows": 93729,
                                    "Actual Loops": 7,
                                    "Inner Unique": false,
                                    "Hash Cond": "(ci.movie_id = t.id)",
                                    "Workers": [
                                        {
                                            "Worker Number": 0,
                                            "Actual Startup Time": 474.973,
                                            "Actual Total Time": 596.084,
                                            "Actual Rows": 73252,
                                            "Actual Loops": 1
                                        },
                                        {
                                            "Worker Number": 1,
                                            "Actual Startup Time": 475.409,
                                            "Actual Total Time": 596.932,
                                            "Actual Rows": 98304,
                                            "Actual Loops": 1
                                        },
                                        {
                                            "Worker Number": 2,
                                            "Actual Startup Time": 475.546,
                                            "Actual Total Time": 597.769,
                                            "Actual Rows": 118067,
                                            "Actual Loops": 1
                                        },
                                        {
                                            "Worker Number": 3,
                                            "Actual Startup Time": 476.594,
                                            "Actual Total Time": 597.277,
                                            "Actual Rows": 73850,
                                            "Actual Loops": 1
                                        },
                                        {
                                            "Worker Number": 4,
                                            "Actual Startup Time": 476.332,
                                            "Actual Total Time": 598.329,
                                            "Actual Rows": 96236,
                                            "Actual Loops": 1
                                        },
                                        {
                                            "Worker Number": 5,
                                            "Actual Startup Time": 477.64,
                                            "Actual Total Time": 598.683,
                                            "Actual Rows": 95667,
                                            "Actual Loops": 1
                                        }
                                    ],
                                    "Plans": [
                                        {
                                            "Node Type": "Bitmap Heap Scan",
                                            "Parent Relationship": "Outer",
                                            "Parallel Aware": true,
                                            "Relation Name": "cast_info",
                                            "Schema": "public",
                                            "Alias": "ci",
                                            "Startup Cost": 32530.08,
                                            "Total Cost": 288906.03,
                                            "Plan Rows": 215107,
                                            "Plan Width": 4,
                                            "Actual Startup Time": 73.496,
                                            "Actual Total Time": 126.793,
                                            "Actual Rows": 204022,
                                            "Actual Loops": 7,
                                            "Output": [
                                                "ci.id",
                                                "ci.person_id",
                                                "ci.movie_id",
                                                "ci.person_role_id",
                                                "ci.note",
                                                "ci.nr_order",
                                                "ci.role_id"
                                            ],
                                            "Recheck Cond": "(ci.person_id < 149696)",
                                            "Rows Removed by Index Recheck": 0,
                                            "Filter": "(ci.role_id < 10)",
                                            "Rows Removed by Filter": 8700,
                                            "Exact Heap Blocks": 2697,
                                            "Lossy Heap Blocks": 0,
                                            "Workers": [
                                                {
                                                    "Worker Number": 0,
                                                    "Actual Startup Time": 73.232,
                                                    "Actual Total Time": 128.618,
                                                    "Actual Rows": 162494,
                                                    "Actual Loops": 1
                                                },
                                                {
                                                    "Worker Number": 1,
                                                    "Actual Startup Time": 73.257,
                                                    "Actual Total Time": 126.82,
                                                    "Actual Rows": 210804,
                                                    "Actual Loops": 1
                                                },
                                                {
                                                    "Worker Number": 2,
                                                    "Actual Startup Time": 73.119,
                                                    "Actual Total Time": 124.587,
                                                    "Actual Rows": 258097,
                                                    "Actual Loops": 1
                                                },
                                                {
                                                    "Worker Number": 3,
                                                    "Actual Startup Time": 73.852,
                                                    "Actual Total Time": 129.207,
                                                    "Actual Rows": 158054,
                                                    "Actual Loops": 1
                                                },
                                                {
                                                    "Worker Number": 4,
                                                    "Actual Startup Time": 73.299,
                                                    "Actual Total Time": 127.065,
                                                    "Actual Rows": 209374,
                                                    "Actual Loops": 1
                                                },
                                                {
                                                    "Worker Number": 5,
                                                    "Actual Startup Time": 74.082,
                                                    "Actual Total Time": 127.568,
                                                    "Actual Rows": 206105,
                                                    "Actual Loops": 1
                                                }
                                            ],
                                            "Plans": [
                                                {
                                                    "Node Type": "Bitmap Index Scan",
                                                    "Parent Relationship": "Outer",
                                                    "Parallel Aware": false,
                                                    "Index Name": "person_id_cast_info",
                                                    "Startup Cost": 0.0,
                                                    "Total Cost": 32207.41,
                                                    "Plan Rows": 1475580,
                                                    "Plan Width": 0,
                                                    "Actual Startup Time": 70.786,
                                                    "Actual Total Time": 70.786,
                                                    "Actual Rows": 1489054,
                                                    "Actual Loops": 1,
                                                    "Index Cond": "(ci.person_id < 149696)",
                                                    "Workers": [
                                                        {
                                                            "Worker Number": 2,
                                                            "Actual Startup Time": 70.786,
                                                            "Actual Total Time": 70.786,
                                                            "Actual Rows": 1489054,
                                                            "Actual Loops": 1
                                                        }
                                                    ]
                                                }
                                            ]
                                        },
                                        {
                                            "Node Type": "Hash",
                                            "Parent Relationship": "Inner",
                                            "Parallel Aware": true,
                                            "Startup Cost": 228064.47,
                                            "Total Cost": 228064.47,
                                            "Plan Rows": 149814,
                                            "Plan Width": 8,
                                            "Actual Startup Time": 402.187,
                                            "Actual Total Time": 402.315,
                                            "Actual Rows": 114591,
                                            "Actual Loops": 7,
                                            "Output": [
                                                "t.id",
                                                "mi.movie_id"
                                            ],
                                            "Hash Buckets": 1048576,
                                            "Original Hash Buckets": 1048576,
                                            "Hash Batches": 1,
                                            "Original Hash Batches": 1,
                                            "Peak Memory Usage": 39680,
                                            "Workers": [
                                                {
                                                    "Worker Number": 0,
                                                    "Actual Startup Time": 400.849,
                                                    "Actual Total Time": 400.854,
                                                    "Actual Rows": 95283,
                                                    "Actual Loops": 1
                                                },
                                                {
                                                    "Worker Number": 1,
                                                    "Actual Startup Time": 401.541,
                                                    "Actual Total Time": 401.545,
                                                    "Actual Rows": 121299,
                                                    "Actual Loops": 1
                                                },
                                                {
                                                    "Worker Number": 2,
                                                    "Actual Startup Time": 402.066,
                                                    "Actual Total Time": 402.07,
                                                    "Actual Rows": 134599,
                                                    "Actual Loops": 1
                                                },
                                                {
                                                    "Worker Number": 3,
                                                    "Actual Startup Time": 402.173,
                                                    "Actual Total Time": 402.177,
                                                    "Actual Rows": 93778,
                                                    "Actual Loops": 1
                                                },
                                                {
                                                    "Worker Number": 4,
                                                    "Actual Startup Time": 402.244,
                                                    "Actual Total Time": 402.247,
                                                    "Actual Rows": 121337,
                                                    "Actual Loops": 1
                                                },
                                                {
                                                    "Worker Number": 5,
                                                    "Actual Startup Time": 403.114,
                                                    "Actual Total Time": 403.118,
                                                    "Actual Rows": 115686,
                                                    "Actual Loops": 1
                                                }
                                            ],
                                            "Plans": [
                                                {
                                                    "Node Type": "Hash Join",
                                                    "Parent Relationship": "Outer",
                                                    "Parallel Aware": true,
                                                    "Join Type": "Inner",
                                                    "Startup Cost": 63805.53,
                                                    "Total Cost": 228064.47,
                                                    "Plan Rows": 149814,
                                                    "Plan Width": 8,
                                                    "Actual Startup Time": 276.621,
                                                    "Actual Total Time": 352.956,
                                                    "Actual Rows": 114591,
                                                    "Actual Loops": 7,
                                                    "Output": [
                                                        "t.id",
                                                        "mi.movie_id"
                                                    ],
                                                    "Inner Unique": true,
                                                    "Hash Cond": "(mi.movie_id = t.id)",
                                                    "Workers": [
                                                        {
                                                            "Worker Number": 0,
                                                            "Actual Startup Time": 275.338,
                                                            "Actual Total Time": 353.158,
                                                            "Actual Rows": 95283,
                                                            "Actual Loops": 1
                                                        },
                                                        {
                                                            "Worker Number": 1,
                                                            "Actual Startup Time": 275.902,
                                                            "Actual Total Time": 351.956,
                                                            "Actual Rows": 121299,
                                                            "Actual Loops": 1
                                                        },
                                                        {
                                                            "Worker Number": 2,
                                                            "Actual Startup Time": 276.213,
                                                            "Actual Total Time": 352.269,
                                                            "Actual Rows": 134599,
                                                            "Actual Loops": 1
                                                        },
                                                        {
                                                            "Worker Number": 3,
                                                            "Actual Startup Time": 276.72,
                                                            "Actual Total Time": 352.439,
                                                            "Actual Rows": 93778,
                                                            "Actual Loops": 1
                                                        },
                                                        {
                                                            "Worker Number": 4,
                                                            "Actual Startup Time": 276.599,
                                                            "Actual Total Time": 352.761,
                                                            "Actual Rows": 121337,
                                                            "Actual Loops": 1
                                                        },
                                                        {
                                                            "Worker Number": 5,
                                                            "Actual Startup Time": 277.623,
                                                            "Actual Total Time": 353.266,
                                                            "Actual Rows": 115686,
                                                            "Actual Loops": 1
                                                        }
                                                    ],
                                                    "Plans": [
                                                        {
                                                            "Node Type": "Bitmap Heap Scan",
                                                            "Parent Relationship": "Outer",
                                                            "Parallel Aware": true,
                                                            "Relation Name": "movie_info",
                                                            "Schema": "public",
                                                            "Alias": "mi",
                                                            "Startup Cost": 13585.73,
                                                            "Total Cost": 177451.4,
                                                            "Plan Rows": 149814,
                                                            "Plan Width": 4,
                                                            "Actual Startup Time": 32.56,
                                                            "Actual Total Time": 48.361,
                                                            "Actual Rows": 114591,
                                                            "Actual Loops": 7,
                                                            "Output": [
                                                                "mi.id",
                                                                "mi.movie_id",
                                                                "mi.info_type_id",
                                                                "mi.info",
                                                                "mi.note"
                                                            ],
                                                            "Recheck Cond": "(mi.info_type_id < 2)",
                                                            "Rows Removed by Index Recheck": 0,
                                                            "Exact Heap Blocks": 727,
                                                            "Lossy Heap Blocks": 0,
                                                            "Workers": [
                                                                {
                                                                    "Worker Number": 0,
                                                                    "Actual Startup Time": 32.493,
                                                                    "Actual Total Time": 49.471,
                                                                    "Actual Rows": 95283,
                                                                    "Actual Loops": 1
                                                                },
                                                                {
                                                                    "Worker Number": 1,
                                                                    "Actual Startup Time": 32.458,
                                                                    "Actual Total Time": 47.954,
                                                                    "Actual Rows": 121299,
                                                                    "Actual Loops": 1
                                                                },
                                                                {
                                                                    "Worker Number": 2,
                                                                    "Actual Startup Time": 32.44,
                                                                    "Actual Total Time": 47.76,
                                                                    "Actual Rows": 134599,
                                                                    "Actual Loops": 1
                                                                },
                                                                {
                                                                    "Worker Number": 3,
                                                                    "Actual Startup Time": 32.683,
                                                                    "Actual Total Time": 50.132,
                                                                    "Actual Rows": 93778,
                                                                    "Actual Loops": 1
                                                                },
                                                                {
                                                                    "Worker Number": 4,
                                                                    "Actual Startup Time": 32.446,
                                                                    "Actual Total Time": 47.926,
                                                                    "Actual Rows": 121337,
                                                                    "Actual Loops": 1
                                                                },
                                                                {
                                                                    "Worker Number": 5,
                                                                    "Actual Startup Time": 32.706,
                                                                    "Actual Total Time": 48.678,
                                                                    "Actual Rows": 115686,
                                                                    "Actual Loops": 1
                                                                }
                                                            ],
                                                            "Plans": [
                                                                {
                                                                    "Node Type": "Bitmap Index Scan",
                                                                    "Parent Relationship": "Outer",
                                                                    "Parallel Aware": false,
                                                                    "Index Name": "info_type_id_movie_info",
                                                                    "Startup Cost": 0.0,
                                                                    "Total Cost": 13398.46,
                                                                    "Plan Rows": 749070,
                                                                    "Plan Width": 0,
                                                                    "Actual Startup Time": 31.739,
                                                                    "Actual Total Time": 31.74,
                                                                    "Actual Rows": 802140,
                                                                    "Actual Loops": 1,
                                                                    "Index Cond": "(mi.info_type_id < 2)",
                                                                    "Workers": [
                                                                        {
                                                                            "Worker Number": 2,
                                                                            "Actual Startup Time": 31.739,
                                                                            "Actual Total Time": 31.74,
                                                                            "Actual Rows": 802140,
                                                                            "Actual Loops": 1
                                                                        }
                                                                    ]
                                                                }
                                                            ]
                                                        },
                                                        {
                                                            "Node Type": "Hash",
                                                            "Parent Relationship": "Inner",
                                                            "Parallel Aware": true,
                                                            "Startup Cost": 42318.81,
                                                            "Total Cost": 42318.81,
                                                            "Plan Rows": 632080,
                                                            "Plan Width": 4,
                                                            "Actual Startup Time": 240.333,
                                                            "Actual Total Time": 240.334,
                                                            "Actual Rows": 361187,
                                                            "Actual Loops": 7,
                                                            "Output": [
                                                                "t.id"
                                                            ],
                                                            "Hash Buckets": 4194304,
                                                            "Original Hash Buckets": 4194304,
                                                            "Hash Batches": 1,
                                                            "Original Hash Batches": 1,
                                                            "Peak Memory Usage": 131776,
                                                            "Workers": [
                                                                {
                                                                    "Worker Number": 0,
                                                                    "Actual Startup Time": 242.529,
                                                                    "Actual Total Time": 242.53,
                                                                    "Actual Rows": 276737,
                                                                    "Actual Loops": 1
                                                                },
                                                                {
                                                                    "Worker Number": 1,
                                                                    "Actual Startup Time": 243.13,
                                                                    "Actual Total Time": 243.13,
                                                                    "Actual Rows": 367144,
                                                                    "Actual Loops": 1
                                                                },
                                                                {
                                                                    "Worker Number": 2,
                                                                    "Actual Startup Time": 243.697,
                                                                    "Actual Total Time": 243.698,
                                                                    "Actual Rows": 374462,
                                                                    "Actual Loops": 1
                                                                },
                                                                {
                                                                    "Worker Number": 3,
                                                                    "Actual Startup Time": 243.707,
                                                                    "Actual Total Time": 243.708,
                                                                    "Actual Rows": 274805,
                                                                    "Actual Loops": 1
                                                                },
                                                                {
                                                                    "Worker Number": 4,
                                                                    "Actual Startup Time": 243.848,
                                                                    "Actual Total Time": 243.849,
                                                                    "Actual Rows": 370204,
                                                                    "Actual Loops": 1
                                                                },
                                                                {
                                                                    "Worker Number": 5,
                                                                    "Actual Startup Time": 244.757,
                                                                    "Actual Total Time": 244.758,
                                                                    "Actual Rows": 363341,
                                                                    "Actual Loops": 1
                                                                }
                                                            ],
                                                            "Plans": [
                                                                {
                                                                    "Node Type": "Seq Scan",
                                                                    "Parent Relationship": "Outer",
                                                                    "Parallel Aware": true,
                                                                    "Relation Name": "title",
                                                                    "Schema": "public",
                                                                    "Alias": "t",
                                                                    "Startup Cost": 0.0,
                                                                    "Total Cost": 42318.81,
                                                                    "Plan Rows": 632080,
                                                                    "Plan Width": 4,
                                                                    "Actual Startup Time": 0.044,
                                                                    "Actual Total Time": 66.435,
                                                                    "Actual Rows": 361187,
                                                                    "Actual Loops": 7,
                                                                    "Output": [
                                                                        "t.id"
                                                                    ],
                                                                    "Workers": [
                                                                        {
                                                                            "Worker Number": 0,
                                                                            "Actual Startup Time": 0.044,
                                                                            "Actual Total Time": 70.899,
                                                                            "Actual Rows": 276737,
                                                                            "Actual Loops": 1
                                                                        },
                                                                        {
                                                                            "Worker Number": 1,
                                                                            "Actual Startup Time": 0.053,
                                                                            "Actual Total Time": 65.928,
                                                                            "Actual Rows": 367144,
                                                                            "Actual Loops": 1
                                                                        },
                                                                        {
                                                                            "Worker Number": 2,
                                                                            "Actual Startup Time": 0.052,
                                                                            "Actual Total Time": 66.867,
                                                                            "Actual Rows": 374462,
                                                                            "Actual Loops": 1
                                                                        },
                                                                        {
                                                                            "Worker Number": 3,
                                                                            "Actual Startup Time": 0.037,
                                                                            "Actual Total Time": 73.245,
                                                                            "Actual Rows": 274805,
                                                                            "Actual Loops": 1
                                                                        },
                                                                        {
                                                                            "Worker Number": 4,
                                                                            "Actual Startup Time": 0.067,
                                                                            "Actual Total Time": 65.918,
                                                                            "Actual Rows": 370204,
                                                                            "Actual Loops": 1
                                                                        },
                                                                        {
                                                                            "Worker Number": 5,
                                                                            "Actual Startup Time": 0.041,
                                                                            "Actual Total Time": 67.903,
                                                                            "Actual Rows": 363341,
                                                                            "Actual Loops": 1
                                                                        }
                                                                    ]
                                                                }
                                                            ]
                                                        }
                                                    ]
                                                }
                                            ]
                                        }
                                    ]
                                }
                            ]
                        }
                    ]
                }
            ]
        },
        "Planning Time": 198.177,
        "Triggers": [],
        "Execution Time": 683.652
    }
]