[
  {
    "Plan": {
      "Node Type": "Aggregate",
      "Strategy": "Plain",
      "Partial Mode": "Finalize",
      "Parallel Aware": false,
      "Startup Cost": 295248.01,
      "Total Cost": 295248.02,
      "Plan Rows": 1,
      "Plan Width": 8,
      "Actual Startup Time": 153.903,
      "Actual Total Time": 161.459,
      "Actual Rows": 1,
      "Actual Loops": 1,
      "Plans": [
        {
          "Node Type": "Gather",
          "Parent Relationship": "Outer",
          "Parallel Aware": false,
          "Startup Cost": 295247.38,
          "Total Cost": 295247.99,
          "Plan Rows": 6,
          "Plan Width": 8,
          "Actual Startup Time": 153.179,
          "Actual Total Time": 161.453,
          "Actual Rows": 7,
          "Actual Loops": 1,
          "Workers Planned": 6,
          "Workers Launched": 6,
          "Single Copy": false,
          "Plans": [
            {
              "Node Type": "Aggregate",
              "Strategy": "Plain",
              "Partial Mode": "Partial",
              "Parent Relationship": "Outer",
              "Parallel Aware": false,
              "Startup Cost": 294247.38,
              "Total Cost": 294247.39,
              "Plan Rows": 1,
              "Plan Width": 8,
              "Actual Startup Time": 144.06,
              "Actual Total Time": 144.062,
              "Actual Rows": 1,
              "Actual Loops": 7,
              "Plans": [
                {
                  "Node Type": "Bitmap Heap Scan",
                  "Parent Relationship": "Outer",
                  "Parallel Aware": true,
                  "Relation Name": "cast_info",
                  "Alias": "ci",
                  "Startup Cost": 37083.22,
                  "Total Cost": 294000.37,
                  "Plan Rows": 98807,
                  "Plan Width": 0,
                  "Actual Startup Time": 52.853,
                  "Actual Total Time": 132.553,
                  "Actual Rows": 178315,
                  "Actual Loops": 7,
                  "Recheck Cond": "(person_id < 173612)",
                  "Rows Removed by Index Recheck": 0,
                  "Filter": "(role_id < 2)",
                  "Rows Removed by Filter": 70400,
                  "Exact Heap Blocks": 4749,
                  "Lossy Heap Blocks": 0,
                  "Plans": [
                    {
                      "Node Type": "Bitmap Index Scan",
                      "Parent Relationship": "Outer",
                      "Parallel Aware": false,
                      "Index Name": "person_id_cast_info",
                      "Startup Cost": 0.0,
                      "Total Cost": 36935.01,
                      "Plan Rows": 1692059,
                      "Plan Width": 0,
                      "Actual Startup Time": 58.091,
                      "Actual Total Time": 58.091,
                      "Actual Rows": 1741005,
                      "Actual Loops": 1,
                      "Index Cond": "(person_id < 173612)"
                    }
                  ]
                }
              ]
            }
          ]
        }
      ]
    },
    "Planning Time": 0.077,
    "Triggers": [],
    "Execution Time": 161.493
  }
]