[
  {
    "Plan": {
      "Node Type": "Aggregate",
      "Strategy": "Plain",
      "Partial Mode": "Finalize",
      "Parallel Aware": false,
      "Startup Cost": 295983.85,
      "Total Cost": 295983.86,
      "Plan Rows": 1,
      "Plan Width": 8,
      "Actual Startup Time": 198.416,
      "Actual Total Time": 207.579,
      "Actual Rows": 1,
      "Actual Loops": 1,
      "Plans": [
        {
          "Node Type": "Gather",
          "Parent Relationship": "Outer",
          "Parallel Aware": false,
          "Startup Cost": 295983.23,
          "Total Cost": 295983.84,
          "Plan Rows": 6,
          "Plan Width": 8,
          "Actual Startup Time": 197.876,
          "Actual Total Time": 207.568,
          "Actual Rows": 7,
          "Actual Loops": 1,
          "Workers Planned": 6,
          "Workers Launched": 6,
          "Single Copy": false,
          "Plans": [
            {
              "Node Type": "Aggregate",
              "Strategy": "Plain",
              "Partial Mode": "Partial",
              "Parent Relationship": "Outer",
              "Parallel Aware": false,
              "Startup Cost": 294983.23,
              "Total Cost": 294983.24,
              "Plan Rows": 1,
              "Plan Width": 8,
              "Actual Startup Time": 187.854,
              "Actual Total Time": 187.855,
              "Actual Rows": 1,
              "Actual Loops": 7,
              "Plans": [
                {
                  "Node Type": "Bitmap Heap Scan",
                  "Parent Relationship": "Outer",
                  "Parallel Aware": true,
                  "Relation Name": "cast_info",
                  "Alias": "ci",
                  "Startup Cost": 37745.09,
                  "Total Cost": 294736.19,
                  "Plan Rows": 98813,
                  "Plan Width": 0,
                  "Actual Startup Time": 94.508,
                  "Actual Total Time": 176.023,
                  "Actual Rows": 178315,
                  "Actual Loops": 7,
                  "Recheck Cond": "(person_id < 173612)",
                  "Rows Removed by Index Recheck": 0,
                  "Filter": "(role_id < 2)",
                  "Rows Removed by Filter": 70400,
                  "Exact Heap Blocks": 3262,
                  "Lossy Heap Blocks": 0,
                  "Plans": [
                    {
                      "Node Type": "Bitmap Index Scan",
                      "Parent Relationship": "Outer",
                      "Parallel Aware": false,
                      "Index Name": "person_id_cast_info",
                      "Startup Cost": 0.0,
                      "Total Cost": 37596.87,
                      "Plan Rows": 1721641,
                      "Plan Width": 0,
                      "Actual Startup Time": 98.826,
                      "Actual Total Time": 98.827,
                      "Actual Rows": 1741005,
                      "Actual Loops": 1,
                      "Index Cond": "(person_id < 173612)"
                    }
                  ]
                }
              ]
            }
          ]
        }
      ]
    },
    "Planning Time": 0.239,
    "Triggers": [],
    "Execution Time": 207.663
  }
]