[
    {
        "Bao": {
            "Bao prediction": 39.711,
            "Bao recommended hint": "(no hint)"
        }
    },
    {
        "Plan": {
            "Node Type": "Aggregate",
            "Strategy": "Plain",
            "Partial Mode": "Simple",
            "Parallel Aware": false,
            "Startup Cost": 3860.34,
            "Total Cost": 3860.35,
            "Plan Rows": 1,
            "Plan Width": 192,
            "Actual Startup Time": 256.152,
            "Actual Total Time": 256.165,
            "Actual Rows": 1,
            "Actual Loops": 1,
            "Output": [
                "min(cn1.name)",
                "min(cn2.name)",
                "min(mi_idx1.info)",
                "min(mi_idx2.info)",
                "min(t1.title)",
                "min(t2.title)"
            ],
            "Plans": [
                {
                    "Node Type": "Nested Loop",
                    "Parent Relationship": "Outer",
                    "Parallel Aware": false,
                    "Join Type": "Inner",
                    "Startup Cost": 878.29,
                    "Total Cost": 3860.32,
                    "Plan Rows": 1,
                    "Plan Width": 82,
                    "Actual Startup Time": 66.264,
                    "Actual Total Time": 256.121,
                    "Actual Rows": 84,
                    "Actual Loops": 1,
                    "Output": [
                        "cn1.name",
                        "cn2.name",
                        "mi_idx1.info",
                        "mi_idx2.info",
                        "t1.title",
                        "t2.title"
                    ],
                    "Inner Unique": true,
                    "Plans": [
                        {
                            "Node Type": "Nested Loop",
                            "Parent Relationship": "Outer",
                            "Parallel Aware": false,
                            "Join Type": "Inner",
                            "Startup Cost": 878.16,
                            "Total Cost": 3860.15,
                            "Plan Rows": 1,
                            "Plan Width": 86,
                            "Actual Startup Time": 25.248,
                            "Actual Total Time": 240.762,
                            "Actual Rows": 20185,
                            "Actual Loops": 1,
                            "Output": [
                                "cn1.name",
                                "mi_idx1.info",
                                "mi_idx2.info",
                                "cn2.name",
                                "t1.title",
                                "t2.title",
                                "t2.kind_id"
                            ],
                            "Inner Unique": true,
                            "Plans": [
                                {
                                    "Node Type": "Nested Loop",
                                    "Parent Relationship": "Outer",
                                    "Parallel Aware": false,
                                    "Join Type": "Inner",
                                    "Startup Cost": 877.74,
                                    "Total Cost": 3859.71,
                                    "Plan Rows": 1,
                                    "Plan Width": 71,
                                    "Actual Startup Time": 25.203,
                                    "Actual Total Time": 205.133,
                                    "Actual Rows": 20185,
                                    "Actual Loops": 1,
                                    "Output": [
                                        "cn1.name",
                                        "mi_idx1.info",
                                        "mi_idx2.info",
                                        "mc2.company_id",
                                        "t1.title",
                                        "t2.title",
                                        "t2.kind_id"
                                    ],
                                    "Inner Unique": false,
                                    "Plans": [
                                        {
                                            "Node Type": "Nested Loop",
                                            "Parent Relationship": "Outer",
                                            "Parallel Aware": false,
                                            "Join Type": "Inner",
                                            "Startup Cost": 877.31,
                                            "Total Cost": 3859.05,
                                            "Plan Rows": 1,
                                            "Plan Width": 79,
                                            "Actual Startup Time": 24.724,
                                            "Actual Total Time": 181.789,
                                            "Actual Rows": 3678,
                                            "Actual Loops": 1,
                                            "Output": [
                                                "cn1.name",
                                                "mi_idx1.info",
                                                "mi_idx2.info",
                                                "mi_idx2.movie_id",
                                                "ml.linked_movie_id",
                                                "t1.title",
                                                "t2.title",
                                                "t2.id",
                                                "t2.kind_id"
                                            ],
                                            "Inner Unique": true,
                                            "Plans": [
                                                {
                                                    "Node Type": "Nested Loop",
                                                    "Parent Relationship": "Outer",
                                                    "Parallel Aware": false,
                                                    "Join Type": "Inner",
                                                    "Startup Cost": 876.89,
                                                    "Total Cost": 3858.61,
                                                    "Plan Rows": 1,
                                                    "Plan Width": 64,
                                                    "Actual Startup Time": 22.012,
                                                    "Actual Total Time": 138.993,
                                                    "Actual Rows": 29896,
                                                    "Actual Loops": 1,
                                                    "Output": [
                                                        "mi_idx1.info",
                                                        "mc1.company_id",
                                                        "mi_idx2.info",
                                                        "mi_idx2.movie_id",
                                                        "ml.linked_movie_id",
                                                        "t1.title",
                                                        "t2.title",
                                                        "t2.id",
                                                        "t2.kind_id"
                                                    ],
                                                    "Inner Unique": false,
                                                    "Plans": [
                                                        {
                                                            "Node Type": "Nested Loop",
                                                            "Parent Relationship": "Outer",
                                                            "Parallel Aware": false,
                                                            "Join Type": "Inner",
                                                            "Startup Cost": 876.46,
                                                            "Total Cost": 3857.99,
                                                            "Plan Rows": 1,
                                                            "Plan Width": 72,
                                                            "Actual Startup Time": 21.99,
                                                            "Actual Total Time": 124.844,
                                                            "Actual Rows": 2153,
                                                            "Actual Loops": 1,
                                                            "Output": [
                                                                "mi_idx1.info",
                                                                "mi_idx1.movie_id",
                                                                "mi_idx2.info",
                                                                "mi_idx2.movie_id",
                                                                "ml.movie_id",
                                                                "ml.linked_movie_id",
                                                                "t1.title",
                                                                "t1.id",
                                                                "t2.title",
                                                                "t2.id",
                                                                "t2.kind_id"
                                                            ],
                                                            "Inner Unique": true,
                                                            "Join Filter": "(ml.linked_movie_id = t2.id)",
                                                            "Rows Removed by Join Filter": 0,
                                                            "Plans": [
                                                                {
                                                                    "Node Type": "Hash Join",
                                                                    "Parent Relationship": "Outer",
                                                                    "Parallel Aware": false,
                                                                    "Join Type": "Inner",
                                                                    "Startup Cost": 876.03,
                                                                    "Total Cost": 3857.39,
                                                                    "Plan Rows": 1,
                                                                    "Plan Width": 47,
                                                                    "Actual Startup Time": 21.908,
                                                                    "Actual Total Time": 96.695,
                                                                    "Actual Rows": 3020,
                                                                    "Actual Loops": 1,
                                                                    "Output": [
                                                                        "mi_idx1.info",
                                                                        "mi_idx1.movie_id",
                                                                        "mi_idx2.info",
                                                                        "mi_idx2.movie_id",
                                                                        "ml.movie_id",
                                                                        "ml.linked_movie_id",
                                                                        "t1.title",
                                                                        "t1.id"
                                                                    ],
                                                                    "Inner Unique": true,
                                                                    "Hash Cond": "(mi_idx2.info_type_id = it2.id)",
                                                                    "Plans": [
                                                                        {
                                                                            "Node Type": "Nested Loop",
                                                                            "Parent Relationship": "Outer",
                                                                            "Parallel Aware": false,
                                                                            "Join Type": "Inner",
                                                                            "Startup Cost": 873.61,
                                                                            "Total Cost": 3854.82,
                                                                            "Plan Rows": 54,
                                                                            "Plan Width": 51,
                                                                            "Actual Startup Time": 21.751,
                                                                            "Actual Total Time": 94.762,
                                                                            "Actual Rows": 11336,
                                                                            "Actual Loops": 1,
                                                                            "Output": [
                                                                                "mi_idx1.info",
                                                                                "mi_idx1.movie_id",
                                                                                "ml.movie_id",
                                                                                "ml.linked_movie_id",
                                                                                "mi_idx2.info",
                                                                                "mi_idx2.info_type_id",
                                                                                "mi_idx2.movie_id",
                                                                                "t1.title",
                                                                                "t1.id"
                                                                            ],
                                                                            "Inner Unique": false,
                                                                            "Plans": [
                                                                                {
                                                                                    "Node Type": "Hash Join",
                                                                                    "Parent Relationship": "Outer",
                                                                                    "Parallel Aware": false,
                                                                                    "Join Type": "Inner",
                                                                                    "Startup Cost": 873.18,
                                                                                    "Total Cost": 3809.07,
                                                                                    "Plan Rows": 19,
                                                                                    "Plan Width": 38,
                                                                                    "Actual Startup Time": 21.633,
                                                                                    "Actual Total Time": 54.257,
                                                                                    "Actual Rows": 6103,
                                                                                    "Actual Loops": 1,
                                                                                    "Output": [
                                                                                        "mi_idx1.info",
                                                                                        "mi_idx1.movie_id",
                                                                                        "ml.movie_id",
                                                                                        "ml.linked_movie_id",
                                                                                        "t1.title",
                                                                                        "t1.id"
                                                                                    ],
                                                                                    "Inner Unique": true,
                                                                                    "Hash Cond": "(t1.kind_id = kt1.id)",
                                                                                    "Plans": [
                                                                                        {
                                                                                            "Node Type": "Nested Loop",
                                                                                            "Parent Relationship": "Outer",
                                                                                            "Parallel Aware": false,
                                                                                            "Join Type": "Inner",
                                                                                            "Startup Cost": 872.08,
                                                                                            "Total Cost": 3807.4,
                                                                                            "Plan Rows": 136,
                                                                                            "Plan Width": 42,
                                                                                            "Actual Startup Time": 21.552,
                                                                                            "Actual Total Time": 52.826,
                                                                                            "Actual Rows": 6298,
                                                                                            "Actual Loops": 1,
                                                                                            "Output": [
                                                                                                "mi_idx1.info",
                                                                                                "mi_idx1.movie_id",
                                                                                                "ml.movie_id",
                                                                                                "ml.linked_movie_id",
                                                                                                "t1.title",
                                                                                                "t1.id",
                                                                                                "t1.kind_id"
                                                                                            ],
                                                                                            "Inner Unique": true,
                                                                                            "Join Filter": "(ml.movie_id = t1.id)",
                                                                                            "Rows Removed by Join Filter": 0,
                                                                                            "Plans": [
                                                                                                {
                                                                                                    "Node Type": "Hash Join",
                                                                                                    "Parent Relationship": "Outer",
                                                                                                    "Parallel Aware": false,
                                                                                                    "Join Type": "Inner",
                                                                                                    "Startup Cost": 871.65,
                                                                                                    "Total Cost": 3727.11,
                                                                                                    "Plan Rows": 136,
                                                                                                    "Plan Width": 17,
                                                                                                    "Actual Startup Time": 21.482,
                                                                                                    "Actual Total Time": 38.131,
                                                                                                    "Actual Rows": 6298,
                                                                                                    "Actual Loops": 1,
                                                                                                    "Output": [
                                                                                                        "mi_idx1.info",
                                                                                                        "mi_idx1.movie_id",
                                                                                                        "ml.movie_id",
                                                                                                        "ml.linked_movie_id"
                                                                                                    ],
                                                                                                    "Inner Unique": true,
                                                                                                    "Hash Cond": "(mi_idx1.info_type_id = it1.id)",
                                                                                                    "Plans": [
                                                                                                        {
                                                                                                            "Node Type": "Merge Join",
                                                                                                            "Parent Relationship": "Outer",
                                                                                                            "Parallel Aware": false,
                                                                                                            "Join Type": "Inner",
                                                                                                            "Startup Cost": 869.22,
                                                                                                            "Total Cost": 3682.64,
                                                                                                            "Plan Rows": 15435,
                                                                                                            "Plan Width": 21,
                                                                                                            "Actual Startup Time": 21.367,
                                                                                                            "Actual Total Time": 35.973,
                                                                                                            "Actual Rows": 18894,
                                                                                                            "Actual Loops": 1,
                                                                                                            "Output": [
                                                                                                                "ml.movie_id",
                                                                                                                "ml.linked_movie_id",
                                                                                                                "mi_idx1.info",
                                                                                                                "mi_idx1.info_type_id",
                                                                                                                "mi_idx1.movie_id"
                                                                                                            ],
                                                                                                            "Inner Unique": false,
                                                                                                            "Merge Cond": "(mi_idx1.movie_id = ml.movie_id)",
                                                                                                            "Plans": [
                                                                                                                {
                                                                                                                    "Node Type": "Index Scan",
                                                                                                                    "Parent Relationship": "Outer",
                                                                                                                    "Parallel Aware": false,
                                                                                                                    "Scan Direction": "Forward",
                                                                                                                    "Index Name": "movie_id_movie_info_idx",
                                                                                                                    "Relation Name": "movie_info_idx",
                                                                                                                    "Schema": "public",
                                                                                                                    "Alias": "mi_idx1",
                                                                                                                    "Startup Cost": 0.43,
                                                                                                                    "Total Cost": 53621.69,
                                                                                                                    "Plan Rows": 1380035,
                                                                                                                    "Plan Width": 13,
                                                                                                                    "Actual Startup Time": 0.044,
                                                                                                                    "Actual Total Time": 7.27,
                                                                                                                    "Actual Rows": 55234,
                                                                                                                    "Actual Loops": 1,
                                                                                                                    "Output": [
                                                                                                                        "mi_idx1.id",
                                                                                                                        "mi_idx1.movie_id",
                                                                                                                        "mi_idx1.info_type_id",
                                                                                                                        "mi_idx1.info",
                                                                                                                        "mi_idx1.note"
                                                                                                                    ]
                                                                                                                },
                                                                                                                {
                                                                                                                    "Node Type": "Sort",
                                                                                                                    "Parent Relationship": "Inner",
                                                                                                                    "Parallel Aware": false,
                                                                                                                    "Startup Cost": 868.72,
                                                                                                                    "Total Cost": 881.22,
                                                                                                                    "Plan Rows": 5000,
                                                                                                                    "Plan Width": 8,
                                                                                                                    "Actual Startup Time": 21.31,
                                                                                                                    "Actual Total Time": 22.431,
                                                                                                                    "Actual Rows": 19087,
                                                                                                                    "Actual Loops": 1,
                                                                                                                    "Output": [
                                                                                                                        "ml.movie_id",
                                                                                                                        "ml.linked_movie_id"
                                                                                                                    ],
                                                                                                                    "Sort Key": [
                                                                                                                        "ml.movie_id"
                                                                                                                    ],
                                                                                                                    "Sort Method": "quicksort",
                                                                                                                    "Sort Space Used": 497,
                                                                                                                    "Sort Space Type": "Memory",
                                                                                                                    "Plans": [
                                                                                                                        {
                                                                                                                            "Node Type": "Hash Join",
                                                                                                                            "Parent Relationship": "Outer",
                                                                                                                            "Parallel Aware": false,
                                                                                                                            "Join Type": "Inner",
                                                                                                                            "Startup Cost": 1.29,
                                                                                                                            "Total Cost": 561.53,
                                                                                                                            "Plan Rows": 5000,
                                                                                                                            "Plan Width": 8,
                                                                                                                            "Actual Startup Time": 0.117,
                                                                                                                            "Actual Total Time": 17.547,
                                                                                                                            "Actual Rows": 6491,
                                                                                                                            "Actual Loops": 1,
                                                                                                                            "Output": [
                                                                                                                                "ml.movie_id",
                                                                                                                                "ml.linked_movie_id"
                                                                                                                            ],
                                                                                                                            "Inner Unique": true,
                                                                                                                            "Hash Cond": "(ml.link_type_id = lt.id)",
                                                                                                                            "Plans": [
                                                                                                                                {
                                                                                                                                    "Node Type": "Seq Scan",
                                                                                                                                    "Parent Relationship": "Outer",
                                                                                                                                    "Parallel Aware": false,
                                                                                                                                    "Relation Name": "movie_link",
                                                                                                                                    "Schema": "public",
                                                                                                                                    "Alias": "ml",
                                                                                                                                    "Startup Cost": 0.0,
                                                                                                                                    "Total Cost": 462.97,
                                                                                                                                    "Plan Rows": 29997,
                                                                                                                                    "Plan Width": 12,
                                                                                                                                    "Actual Startup Time": 0.019,
                                                                                                                                    "Actual Total Time": 8.339,
                                                                                                                                    "Actual Rows": 29997,
                                                                                                                                    "Actual Loops": 1,
                                                                                                                                    "Output": [
                                                                                                                                        "ml.id",
                                                                                                                                        "ml.movie_id",
                                                                                                                                        "ml.linked_movie_id",
                                                                                                                                        "ml.link_type_id"
                                                                                                                                    ]
                                                                                                                                },
                                                                                                                                {
                                                                                                                                    "Node Type": "Hash",
                                                                                                                                    "Parent Relationship": "Inner",
                                                                                                                                    "Parallel Aware": false,
                                                                                                                                    "Startup Cost": 1.25,
                                                                                                                                    "Total Cost": 1.25,
                                                                                                                                    "Plan Rows": 3,
                                                                                                                                    "Plan Width": 4,
                                                                                                                                    "Actual Startup Time": 0.047,
                                                                                                                                    "Actual Total Time": 0.049,
                                                                                                                                    "Actual Rows": 3,
                                                                                                                                    "Actual Loops": 1,
                                                                                                                                    "Output": [
                                                                                                                                        "lt.id"
                                                                                                                                    ],
                                                                                                                                    "Hash Buckets": 1024,
                                                                                                                                    "Original Hash Buckets": 1024,
                                                                                                                                    "Hash Batches": 1,
                                                                                                                                    "Original Hash Batches": 1,
                                                                                                                                    "Peak Memory Usage": 9,
                                                                                                                                    "Plans": [
                                                                                                                                        {
                                                                                                                                            "Node Type": "Seq Scan",
                                                                                                                                            "Parent Relationship": "Outer",
                                                                                                                                            "Parallel Aware": false,
                                                                                                                                            "Relation Name": "link_type",
                                                                                                                                            "Schema": "public",
                                                                                                                                            "Alias": "lt",
                                                                                                                                            "Startup Cost": 0.0,
                                                                                                                                            "Total Cost": 1.25,
                                                                                                                                            "Plan Rows": 3,
                                                                                                                                            "Plan Width": 4,
                                                                                                                                            "Actual Startup Time": 0.018,
                                                                                                                                            "Actual Total Time": 0.029,
                                                                                                                                            "Actual Rows": 3,
                                                                                                                                            "Actual Loops": 1,
                                                                                                                                            "Output": [
                                                                                                                                                "lt.id"
                                                                                                                                            ],
                                                                                                                                            "Filter": "((lt.link)::text = ANY ('{\"spoofed in\",\"referenced in\",\"remake of\"}'::text[]))",
                                                                                                                                            "Rows Removed by Filter": 15
                                                                                                                                        }
                                                                                                                                    ]
                                                                                                                                }
                                                                                                                            ]
                                                                                                                        }
                                                                                                                    ]
                                                                                                                }
                                                                                                            ]
                                                                                                        },
                                                                                                        {
                                                                                                            "Node Type": "Hash",
                                                                                                            "Parent Relationship": "Inner",
                                                                                                            "Parallel Aware": false,
                                                                                                            "Startup Cost": 2.41,
                                                                                                            "Total Cost": 2.41,
                                                                                                            "Plan Rows": 1,
                                                                                                            "Plan Width": 4,
                                                                                                            "Actual Startup Time": 0.048,
                                                                                                            "Actual Total Time": 0.048,
                                                                                                            "Actual Rows": 1,
                                                                                                            "Actual Loops": 1,
                                                                                                            "Output": [
                                                                                                                "it1.id"
                                                                                                            ],
                                                                                                            "Hash Buckets": 1024,
                                                                                                            "Original Hash Buckets": 1024,
                                                                                                            "Hash Batches": 1,
                                                                                                            "Original Hash Batches": 1,
                                                                                                            "Peak Memory Usage": 9,
                                                                                                            "Plans": [
                                                                                                                {
                                                                                                                    "Node Type": "Seq Scan",
                                                                                                                    "Parent Relationship": "Outer",
                                                                                                                    "Parallel Aware": false,
                                                                                                                    "Relation Name": "info_type",
                                                                                                                    "Schema": "public",
                                                                                                                    "Alias": "it1",
                                                                                                                    "Startup Cost": 0.0,
                                                                                                                    "Total Cost": 2.41,
                                                                                                                    "Plan Rows": 1,
                                                                                                                    "Plan Width": 4,
                                                                                                                    "Actual Startup Time": 0.032,
                                                                                                                    "Actual Total Time": 0.037,
                                                                                                                    "Actual Rows": 1,
                                                                                                                    "Actual Loops": 1,
                                                                                                                    "Output": [
                                                                                                                        "it1.id"
                                                                                                                    ],
                                                                                                                    "Filter": "((it1.info)::text = 'rating'::text COLLATE \"C\")",
                                                                                                                    "Rows Removed by Filter": 112
                                                                                                                }
                                                                                                            ]
                                                                                                        }
                                                                                                    ]
                                                                                                },
                                                                                                {
                                                                                                    "Node Type": "Index Scan",
                                                                                                    "Parent Relationship": "Inner",
                                                                                                    "Parallel Aware": false,
                                                                                                    "Scan Direction": "Forward",
                                                                                                    "Index Name": "title_pkey",
                                                                                                    "Relation Name": "title",
                                                                                                    "Schema": "public",
                                                                                                    "Alias": "t1",
                                                                                                    "Startup Cost": 0.43,
                                                                                                    "Total Cost": 0.58,
                                                                                                    "Plan Rows": 1,
                                                                                                    "Plan Width": 25,
                                                                                                    "Actual Startup Time": 0.002,
                                                                                                    "Actual Total Time": 0.002,
                                                                                                    "Actual Rows": 1,
                                                                                                    "Actual Loops": 6298,
                                                                                                    "Output": [
                                                                                                        "t1.id",
                                                                                                        "t1.title",
                                                                                                        "t1.imdb_index",
                                                                                                        "t1.kind_id",
                                                                                                        "t1.production_year",
                                                                                                        "t1.imdb_id",
                                                                                                        "t1.phonetic_code",
                                                                                                        "t1.episode_of_id",
                                                                                                        "t1.season_nr",
                                                                                                        "t1.episode_nr",
                                                                                                        "t1.series_years",
                                                                                                        "t1.md5sum"
                                                                                                    ],
                                                                                                    "Index Cond": "(t1.id = mi_idx1.movie_id)",
                                                                                                    "Rows Removed by Index Recheck": 0
                                                                                                }
                                                                                            ]
                                                                                        },
                                                                                        {
                                                                                            "Node Type": "Hash",
                                                                                            "Parent Relationship": "Inner",
                                                                                            "Parallel Aware": false,
                                                                                            "Startup Cost": 1.09,
                                                                                            "Total Cost": 1.09,
                                                                                            "Plan Rows": 1,
                                                                                            "Plan Width": 4,
                                                                                            "Actual Startup Time": 0.028,
                                                                                            "Actual Total Time": 0.029,
                                                                                            "Actual Rows": 1,
                                                                                            "Actual Loops": 1,
                                                                                            "Output": [
                                                                                                "kt1.id"
                                                                                            ],
                                                                                            "Hash Buckets": 1024,
                                                                                            "Original Hash Buckets": 1024,
                                                                                            "Hash Batches": 1,
                                                                                            "Original Hash Batches": 1,
                                                                                            "Peak Memory Usage": 9,
                                                                                            "Plans": [
                                                                                                {
                                                                                                    "Node Type": "Seq Scan",
                                                                                                    "Parent Relationship": "Outer",
                                                                                                    "Parallel Aware": false,
                                                                                                    "Relation Name": "kind_type",
                                                                                                    "Schema": "public",
                                                                                                    "Alias": "kt1",
                                                                                                    "Startup Cost": 0.0,
                                                                                                    "Total Cost": 1.09,
                                                                                                    "Plan Rows": 1,
                                                                                                    "Plan Width": 4,
                                                                                                    "Actual Startup Time": 0.014,
                                                                                                    "Actual Total Time": 0.017,
                                                                                                    "Actual Rows": 1,
                                                                                                    "Actual Loops": 1,
                                                                                                    "Output": [
                                                                                                        "kt1.id"
                                                                                                    ],
                                                                                                    "Filter": "((kt1.kind)::text = 'tv series'::text COLLATE \"C\")",
                                                                                                    "Rows Removed by Filter": 6
                                                                                                }
                                                                                            ]
                                                                                        }
                                                                                    ]
                                                                                },
                                                                                {
                                                                                    "Node Type": "Index Scan",
                                                                                    "Parent Relationship": "Inner",
                                                                                    "Parallel Aware": false,
                                                                                    "Scan Direction": "Forward",
                                                                                    "Index Name": "movie_id_movie_info_idx",
                                                                                    "Relation Name": "movie_info_idx",
                                                                                    "Schema": "public",
                                                                                    "Alias": "mi_idx2",
                                                                                    "Startup Cost": 0.43,
                                                                                    "Total Cost": 2.38,
                                                                                    "Plan Rows": 3,
                                                                                    "Plan Width": 13,
                                                                                    "Actual Startup Time": 0.006,
                                                                                    "Actual Total Time": 0.006,
                                                                                    "Actual Rows": 2,
                                                                                    "Actual Loops": 6103,
                                                                                    "Output": [
                                                                                        "mi_idx2.id",
                                                                                        "mi_idx2.movie_id",
                                                                                        "mi_idx2.info_type_id",
                                                                                        "mi_idx2.info",
                                                                                        "mi_idx2.note"
                                                                                    ],
                                                                                    "Index Cond": "(mi_idx2.movie_id = ml.linked_movie_id)",
                                                                                    "Rows Removed by Index Recheck": 0,
                                                                                    "Filter": "(mi_idx2.info < '7.6'::text)",
                                                                                    "Rows Removed by Filter": 0
                                                                                }
                                                                            ]
                                                                        },
                                                                        {
                                                                            "Node Type": "Hash",
                                                                            "Parent Relationship": "Inner",
                                                                            "Parallel Aware": false,
                                                                            "Startup Cost": 2.41,
                                                                            "Total Cost": 2.41,
                                                                            "Plan Rows": 1,
                                                                            "Plan Width": 4,
                                                                            "Actual Startup Time": 0.073,
                                                                            "Actual Total Time": 0.073,
                                                                            "Actual Rows": 1,
                                                                            "Actual Loops": 1,
                                                                            "Output": [
                                                                                "it2.id"
                                                                            ],
                                                                            "Hash Buckets": 1024,
                                                                            "Original Hash Buckets": 1024,
                                                                            "Hash Batches": 1,
                                                                            "Original Hash Batches": 1,
                                                                            "Peak Memory Usage": 9,
                                                                            "Plans": [
                                                                                {
                                                                                    "Node Type": "Seq Scan",
                                                                                    "Parent Relationship": "Outer",
                                                                                    "Parallel Aware": false,
                                                                                    "Relation Name": "info_type",
                                                                                    "Schema": "public",
                                                                                    "Alias": "it2",
                                                                                    "Startup Cost": 0.0,
                                                                                    "Total Cost": 2.41,
                                                                                    "Plan Rows": 1,
                                                                                    "Plan Width": 4,
                                                                                    "Actual Startup Time": 0.052,
                                                                                    "Actual Total Time": 0.057,
                                                                                    "Actual Rows": 1,
                                                                                    "Actual Loops": 1,
                                                                                    "Output": [
                                                                                        "it2.id"
                                                                                    ],
                                                                                    "Filter": "((it2.info)::text = 'rating'::text COLLATE \"C\")",
                                                                                    "Rows Removed by Filter": 112
                                                                                }
                                                                            ]
                                                                        }
                                                                    ]
                                                                },
                                                                {
                                                                    "Node Type": "Index Scan",
                                                                    "Parent Relationship": "Inner",
                                                                    "Parallel Aware": false,
                                                                    "Scan Direction": "Forward",
                                                                    "Index Name": "title_pkey",
                                                                    "Relation Name": "title",
                                                                    "Schema": "public",
                                                                    "Alias": "t2",
                                                                    "Startup Cost": 0.43,
                                                                    "Total Cost": 0.6,
                                                                    "Plan Rows": 1,
                                                                    "Plan Width": 25,
                                                                    "Actual Startup Time": 0.009,
                                                                    "Actual Total Time": 0.009,
                                                                    "Actual Rows": 1,
                                                                    "Actual Loops": 3020,
                                                                    "Output": [
                                                                        "t2.id",
                                                                        "t2.title",
                                                                        "t2.imdb_index",
                                                                        "t2.kind_id",
                                                                        "t2.production_year",
                                                                        "t2.imdb_id",
                                                                        "t2.phonetic_code",
                                                                        "t2.episode_of_id",
                                                                        "t2.season_nr",
                                                                        "t2.episode_nr",
                                                                        "t2.series_years",
                                                                        "t2.md5sum"
                                                                    ],
                                                                    "Index Cond": "(t2.id = mi_idx2.movie_id)",
                                                                    "Rows Removed by Index Recheck": 0,
                                                                    "Filter": "((t2.production_year >= 1993) AND (t2.production_year <= 2010))",
                                                                    "Rows Removed by Filter": 0
                                                                }
                                                            ]
                                                        },
                                                        {
                                                            "Node Type": "Index Scan",
                                                            "Parent Relationship": "Inner",
                                                            "Parallel Aware": false,
                                                            "Scan Direction": "Forward",
                                                            "Index Name": "movie_id_movie_companies",
                                                            "Relation Name": "movie_companies",
                                                            "Schema": "public",
                                                            "Alias": "mc1",
                                                            "Startup Cost": 0.43,
                                                            "Total Cost": 0.56,
                                                            "Plan Rows": 5,
                                                            "Plan Width": 8,
                                                            "Actual Startup Time": 0.003,
                                                            "Actual Total Time": 0.005,
                                                            "Actual Rows": 14,
                                                            "Actual Loops": 2153,
                                                            "Output": [
                                                                "mc1.id",
                                                                "mc1.movie_id",
                                                                "mc1.company_id",
                                                                "mc1.company_type_id",
                                                                "mc1.note"
                                                            ],
                                                            "Index Cond": "(mc1.movie_id = t1.id)",
                                                            "Rows Removed by Index Recheck": 0
                                                        }
                                                    ]
                                                },
                                                {
                                                    "Node Type": "Index Scan",
                                                    "Parent Relationship": "Inner",
                                                    "Parallel Aware": false,
                                                    "Scan Direction": "Forward",
                                                    "Index Name": "company_name_pkey",
                                                    "Relation Name": "company_name",
                                                    "Schema": "public",
                                                    "Alias": "cn1",
                                                    "Startup Cost": 0.42,
                                                    "Total Cost": 0.45,
                                                    "Plan Rows": 1,
                                                    "Plan Width": 23,
                                                    "Actual Startup Time": 0.001,
                                                    "Actual Total Time": 0.001,
                                                    "Actual Rows": 0,
                                                    "Actual Loops": 29896,
                                                    "Output": [
                                                        "cn1.id",
                                                        "cn1.name",
                                                        "cn1.country_code",
                                                        "cn1.imdb_id",
                                                        "cn1.name_pcode_nf",
                                                        "cn1.name_pcode_sf",
                                                        "cn1.md5sum"
                                                    ],
                                                    "Index Cond": "(cn1.id = mc1.company_id)",
                                                    "Rows Removed by Index Recheck": 0,
                                                    "Filter": "((cn1.country_code)::text = '[nl]'::text)",
                                                    "Rows Removed by Filter": 1
                                                }
                                            ]
                                        },
                                        {
                                            "Node Type": "Index Scan",
                                            "Parent Relationship": "Inner",
                                            "Parallel Aware": false,
                                            "Scan Direction": "Forward",
                                            "Index Name": "movie_id_movie_companies",
                                            "Relation Name": "movie_companies",
                                            "Schema": "public",
                                            "Alias": "mc2",
                                            "Startup Cost": 0.43,
                                            "Total Cost": 0.6,
                                            "Plan Rows": 5,
                                            "Plan Width": 8,
                                            "Actual Startup Time": 0.004,
                                            "Actual Total Time": 0.006,
                                            "Actual Rows": 5,
                                            "Actual Loops": 3678,
                                            "Output": [
                                                "mc2.id",
                                                "mc2.movie_id",
                                                "mc2.company_id",
                                                "mc2.company_type_id",
                                                "mc2.note"
                                            ],
                                            "Index Cond": "(mc2.movie_id = t2.id)",
                                            "Rows Removed by Index Recheck": 0
                                        }
                                    ]
                                },
                                {
                                    "Node Type": "Index Scan",
                                    "Parent Relationship": "Inner",
                                    "Parallel Aware": false,
                                    "Scan Direction": "Forward",
                                    "Index Name": "company_name_pkey",
                                    "Relation Name": "company_name",
                                    "Schema": "public",
                                    "Alias": "cn2",
                                    "Startup Cost": 0.42,
                                    "Total Cost": 0.44,
                                    "Plan Rows": 1,
                                    "Plan Width": 23,
                                    "Actual Startup Time": 0.002,
                                    "Actual Total Time": 0.002,
                                    "Actual Rows": 1,
                                    "Actual Loops": 20185,
                                    "Output": [
                                        "cn2.id",
                                        "cn2.name",
                                        "cn2.country_code",
                                        "cn2.imdb_id",
                                        "cn2.name_pcode_nf",
                                        "cn2.name_pcode_sf",
                                        "cn2.md5sum"
                                    ],
                                    "Index Cond": "(cn2.id = mc2.company_id)",
                                    "Rows Removed by Index Recheck": 0
                                }
                            ]
                        },
                        {
                            "Node Type": "Index Scan",
                            "Parent Relationship": "Inner",
                            "Parallel Aware": false,
                            "Scan Direction": "Forward",
                            "Index Name": "kind_type_pkey",
                            "Relation Name": "kind_type",
                            "Schema": "public",
                            "Alias": "kt2",
                            "Startup Cost": 0.13,
                            "Total Cost": 0.15,
                            "Plan Rows": 1,
                            "Plan Width": 4,
                            "Actual Startup Time": 0.001,
                            "Actual Total Time": 0.001,
                            "Actual Rows": 0,
                            "Actual Loops": 20185,
                            "Output": [
                                "kt2.id",
                                "kt2.kind"
                            ],
                            "Index Cond": "(kt2.id = t2.kind_id)",
                            "Rows Removed by Index Recheck": 0,
                            "Filter": "((kt2.kind)::text = 'tv series'::text COLLATE \"C\")",
                            "Rows Removed by Filter": 1
                        }
                    ]
                }
            ]
        },
        "Planning Time": 2089.769,
        "Triggers": [],
        "Execution Time": 257.489
    }
]