[
  {
    "Plan": {
      "Node Type": "Aggregate",
      "Strategy": "Plain",
      "Partial Mode": "Finalize",
      "Parallel Aware": false,
      "Startup Cost": 78592.37,
      "Total Cost": 78592.38,
      "Plan Rows": 1,
      "Plan Width": 8,
      "Actual Startup Time": 309.294,
      "Actual Total Time": 326.289,
      "Actual Rows": 1,
      "Actual Loops": 1,
      "Plans": [
        {
          "Node Type": "Gather",
          "Parent Relationship": "Outer",
          "Parallel Aware": false,
          "Startup Cost": 78592.06,
          "Total Cost": 78592.37,
          "Plan Rows": 3,
          "Plan Width": 8,
          "Actual Startup Time": 307.513,
          "Actual Total Time": 326.281,
          "Actual Rows": 4,
          "Actual Loops": 1,
          "Workers Planned": 3,
          "Workers Launched": 3,
          "Single Copy": false,
          "Plans": [
            {
              "Node Type": "Aggregate",
              "Strategy": "Plain",
              "Partial Mode": "Partial",
              "Parent Relationship": "Outer",
              "Parallel Aware": false,
              "Startup Cost": 77592.06,
              "Total Cost": 77592.07,
              "Plan Rows": 1,
              "Plan Width": 8,
              "Actual Startup Time": 298.699,
              "Actual Total Time": 298.702,
              "Actual Rows": 1,
              "Actual Loops": 4,
              "Plans": [
                {
                  "Node Type": "Hash Join",
                  "Parent Relationship": "Outer",
                  "Parallel Aware": true,
                  "Join Type": "Inner",
                  "Startup Cost": 46616.44,
                  "Total Cost": 77391.32,
                  "Plan Rows": 80294,
                  "Plan Width": 0,
                  "Actual Startup Time": 149.662,
                  "Actual Total Time": 293.323,
                  "Actual Rows": 105507,
                  "Actual Loops": 4,
                  "Inner Unique": true,
                  "Hash Cond": "(mc.movie_id = t.id)",
                  "Plans": [
                    {
                      "Node Type": "Seq Scan",
                      "Parent Relationship": "Outer",
                      "Parallel Aware": true,
                      "Relation Name": "movie_companies",
                      "Alias": "mc",
                      "Startup Cost": 0.0,
                      "Total Cost": 29310.68,
                      "Plan Rows": 557792,
                      "Plan Width": 4,
                      "Actual Startup Time": 0.994,
                      "Actual Total Time": 81.651,
                      "Actual Rows": 433626,
                      "Actual Loops": 4,
                      "Filter": "(company_id > 2561)",
                      "Rows Removed by Filter": 218657
                    },
                    {
                      "Node Type": "Hash",
                      "Parent Relationship": "Inner",
                      "Parallel Aware": true,
                      "Startup Cost": 45479.1,
                      "Total Cost": 45479.1,
                      "Plan Rows": 90987,
                      "Plan Width": 4,
                      "Actual Startup Time": 131.685,
                      "Actual Total Time": 131.686,
                      "Actual Rows": 68504,
                      "Actual Loops": 4,
                      "Hash Buckets": 524288,
                      "Original Hash Buckets": 524288,
                      "Hash Batches": 1,
                      "Original Hash Batches": 1,
                      "Peak Memory Usage": 14880,
                      "Plans": [
                        {
                          "Node Type": "Seq Scan",
                          "Parent Relationship": "Outer",
                          "Parallel Aware": true,
                          "Relation Name": "title",
                          "Alias": "t",
                          "Startup Cost": 0.0,
                          "Total Cost": 45479.1,
                          "Plan Rows": 90987,
                          "Plan Width": 4,
                          "Actual Startup Time": 48.401,
                          "Actual Total Time": 107.289,
                          "Actual Rows": 68504,
                          "Actual Loops": 4,
                          "Filter": "((kind_id < 2) AND (production_year > 2000))",
                          "Rows Removed by Filter": 563574
                        }
                      ]
                    }
                  ]
                }
              ]
            }
          ]
        }
      ]
    },
    "Planning Time": 0.65,
    "Triggers": [],
    "Execution Time": 326.358
  }
]