[
  {
    "Plan": {
      "Node Type": "Aggregate",
      "Strategy": "Plain",
      "Partial Mode": "Finalize",
      "Parallel Aware": false,
      "Startup Cost": 381547.29,
      "Total Cost": 381547.3,
      "Plan Rows": 1,
      "Plan Width": 8,
      "Actual Startup Time": 1068.644,
      "Actual Total Time": 1129.321,
      "Actual Rows": 1,
      "Actual Loops": 1,
      "Plans": [
        {
          "Node Type": "Gather",
          "Parent Relationship": "Outer",
          "Parallel Aware": false,
          "Startup Cost": 381546.67,
          "Total Cost": 381547.28,
          "Plan Rows": 6,
          "Plan Width": 8,
          "Actual Startup Time": 1065.112,
          "Actual Total Time": 1129.312,
          "Actual Rows": 7,
          "Actual Loops": 1,
          "Workers Planned": 6,
          "Workers Launched": 6,
          "Single Copy": false,
          "Plans": [
            {
              "Node Type": "Aggregate",
              "Strategy": "Plain",
              "Partial Mode": "Partial",
              "Parent Relationship": "Outer",
              "Parallel Aware": false,
              "Startup Cost": 380546.67,
              "Total Cost": 380546.68,
              "Plan Rows": 1,
              "Plan Width": 8,
              "Actual Startup Time": 1054.112,
              "Actual Total Time": 1054.115,
              "Actual Rows": 1,
              "Actual Loops": 7,
              "Plans": [
                {
                  "Node Type": "Hash Join",
                  "Parent Relationship": "Outer",
                  "Parallel Aware": true,
                  "Join Type": "Inner",
                  "Startup Cost": 45121.09,
                  "Total Cost": 379614.0,
                  "Plan Rows": 373069,
                  "Plan Width": 0,
                  "Actual Startup Time": 322.822,
                  "Actual Total Time": 1036.587,
                  "Actual Rows": 386061,
                  "Actual Loops": 7,
                  "Inner Unique": true,
                  "Hash Cond": "(ci.movie_id = t.id)",
                  "Plans": [
                    {
                      "Node Type": "Seq Scan",
                      "Parent Relationship": "Outer",
                      "Parallel Aware": true,
                      "Relation Name": "cast_info",
                      "Alias": "ci",
                      "Startup Cost": 0.0,
                      "Total Cost": 328162.03,
                      "Plan Rows": 2411760,
                      "Plan Width": 4,
                      "Actual Startup Time": 218.813,
                      "Actual Total Time": 550.614,
                      "Actual Rows": 2058784,
                      "Actual Loops": 7,
                      "Filter": "(person_id > 2219720)",
                      "Rows Removed by Filter": 3118980
                    },
                    {
                      "Node Type": "Hash",
                      "Parent Relationship": "Inner",
                      "Parallel Aware": true,
                      "Startup Cost": 43898.92,
                      "Total Cost": 43898.92,
                      "Plan Rows": 97774,
                      "Plan Width": 4,
                      "Actual Startup Time": 101.397,
                      "Actual Total Time": 101.398,
                      "Actual Rows": 55952,
                      "Actual Loops": 7,
                      "Hash Buckets": 524288,
                      "Original Hash Buckets": 524288,
                      "Hash Batches": 1,
                      "Original Hash Batches": 1,
                      "Peak Memory Usage": 19520,
                      "Plans": [
                        {
                          "Node Type": "Seq Scan",
                          "Parent Relationship": "Outer",
                          "Parallel Aware": true,
                          "Relation Name": "title",
                          "Alias": "t",
                          "Startup Cost": 0.0,
                          "Total Cost": 43898.92,
                          "Plan Rows": 97774,
                          "Plan Width": 4,
                          "Actual Startup Time": 0.047,
                          "Actual Total Time": 73.789,
                          "Actual Rows": 55952,
                          "Actual Loops": 7,
                          "Filter": "(production_year > 2010)",
                          "Rows Removed by Filter": 305235
                        }
                      ]
                    }
                  ]
                }
              ]
            }
          ]
        }
      ]
    },
    "Planning Time": 0.539,
    "Triggers": [],
    "Execution Time": 1129.406
  }
]