{
  "Plan": {
    "Node Type": "Aggregate",
    "Strategy": "Plain",
    "Partial Mode": "Finalize",
    "Parallel Aware": false,
    "Startup Cost": 162684.2,
    "Total Cost": 162684.21,
    "Plan Rows": 1,
    "Plan Width": 8,
    "Actual Startup Time": 593.526,
    "Actual Total Time": 615.207,
    "Actual Rows": 1,
    "Actual Loops": 1,
    "Plans": [
      {
        "Node Type": "Gather",
        "Parent Relationship": "Outer",
        "Parallel Aware": false,
        "Startup Cost": 162684.08,
        "Total Cost": 162684.19,
        "Plan Rows": 1,
        "Plan Width": 8,
        "Actual Startup Time": 592.891,
        "Actual Total Time": 615.2,
        "Actual Rows": 2,
        "Actual Loops": 1,
        "Workers Planned": 1,
        "Workers Launched": 1,
        "Single Copy": false,
        "Plans": [
          {
            "Node Type": "Aggregate",
            "Strategy": "Plain",
            "Partial Mode": "Partial",
            "Parent Relationship": "Outer",
            "Parallel Aware": false,
            "Startup Cost": 161684.08,
            "Total Cost": 161684.09,
            "Plan Rows": 1,
            "Plan Width": 8,
            "Actual Startup Time": 587.127,
            "Actual Total Time": 587.132,
            "Actual Rows": 1,
            "Actual Loops": 2,
            "Plans": [
              {
                "Node Type": "Hash Join",
                "Parent Relationship": "Outer",
                "Parallel Aware": true,
                "Join Type": "Inner",
                "Startup Cost": 118796.47,
                "Total Cost": 161633.27,
                "Plan Rows": 20324,
                "Plan Width": 0,
                "Actual Startup Time": 526.219,
                "Actual Total Time": 586.754,
                "Actual Rows": 8858,
                "Actual Loops": 2,
                "Inner Unique": false,
                "Hash Cond": "(mc.movie_id = t.id)",
                "Plans": [
                  {
                    "Node Type": "Seq Scan",
                    "Parent Relationship": "Outer",
                    "Parallel Aware": true,
                    "Relation Name": "movie_companies",
                    "Alias": "mc",
                    "Startup Cost": 0.0,
                    "Total Cost": 41811.73,
                    "Plan Rows": 241473,
                    "Plan Width": 4,
                    "Actual Startup Time": 47.84,
                    "Actual Total Time": 95.802,
                    "Actual Rows": 116290,
                    "Actual Loops": 2,
                    "Filter": "((company_id < 1774) AND (company_type_id = 2))",
                    "Rows Removed by Filter": 1188274
                  },
                  {
                    "Node Type": "Hash",
                    "Parent Relationship": "Inner",
                    "Parallel Aware": true,
                    "Startup Cost": 117231.77,
                    "Total Cost": 117231.77,
                    "Plan Rows": 125176,
                    "Plan Width": 8,
                    "Actual Startup Time": 474.744,
                    "Actual Total Time": 474.747,
                    "Actual Rows": 34862,
                    "Actual Loops": 2,
                    "Hash Buckets": 262144,
                    "Original Hash Buckets": 262144,
                    "Hash Batches": 1,
                    "Original Hash Batches": 1,
                    "Peak Memory Usage": 4800,
                    "Plans": [
                      {
                        "Node Type": "Hash Join",
                        "Parent Relationship": "Outer",
                        "Parallel Aware": true,
                        "Join Type": "Inner",
                        "Startup Cost": 59180.93,
                        "Total Cost": 117231.77,
                        "Plan Rows": 125176,
                        "Plan Width": 8,
                        "Actual Startup Time": 154.533,
                        "Actual Total Time": 468.313,
                        "Actual Rows": 34862,
                        "Actual Loops": 2,
                        "Inner Unique": true,
                        "Hash Cond": "(mk.movie_id = t.id)",
                        "Plans": [
                          {
                            "Node Type": "Seq Scan",
                            "Parent Relationship": "Outer",
                            "Parallel Aware": true,
                            "Relation Name": "movie_keyword",
                            "Alias": "mk",
                            "Startup Cost": 0.0,
                            "Total Cost": 51065.35,
                            "Plan Rows": 2661135,
                            "Plan Width": 4,
                            "Actual Startup Time": 0.01,
                            "Actual Total Time": 147.981,
                            "Actual Rows": 2261965,
                            "Actual Loops": 2
                          },
                          {
                            "Node Type": "Hash",
                            "Parent Relationship": "Inner",
                            "Parallel Aware": true,
                            "Startup Cost": 58306.47,
                            "Total Cost": 58306.47,
                            "Plan Rows": 69957,
                            "Plan Width": 4,
                            "Actual Startup Time": 153.283,
                            "Actual Total Time": 153.284,
                            "Actual Rows": 61303,
                            "Actual Loops": 2,
                            "Hash Buckets": 131072,
                            "Original Hash Buckets": 131072,
                            "Hash Batches": 1,
                            "Original Hash Batches": 1,
                            "Peak Memory Usage": 5856,
                            "Plans": [
                              {
                                "Node Type": "Seq Scan",
                                "Parent Relationship": "Outer",
                                "Parallel Aware": true,
                                "Relation Name": "title",
                                "Alias": "t",
                                "Startup Cost": 0.0,
                                "Total Cost": 58306.47,
                                "Plan Rows": 69957,
                                "Plan Width": 4,
                                "Actual Startup Time": 0.028,
                                "Actual Total Time": 138.673,
                                "Actual Rows": 61303,
                                "Actual Loops": 2,
                                "Filter": "((kind_id > 1) AND (production_year = 2011))",
                                "Rows Removed by Filter": 1202853
                              }
                            ]
                          }
                        ]
                      }
                    ]
                  }
                ]
              }
            ]
          }
        ]
      }
    ]
  },
  "Planning Time": 1.054,
  "Triggers": [],
  "Execution Time": 615.287
}