{
  "Plan": {
    "Node Type": "Aggregate",
    "Strategy": "Plain",
    "Partial Mode": "Finalize",
    "Parallel Aware": false,
    "Startup Cost": 464920.75,
    "Total Cost": 464920.76,
    "Plan Rows": 1,
    "Plan Width": 8,
    "Actual Startup Time": 2320.348,
    "Actual Total Time": 2342.878,
    "Actual Rows": 1,
    "Actual Loops": 1,
    "Plans": [
      {
        "Node Type": "Gather",
        "Parent Relationship": "Outer",
        "Parallel Aware": false,
        "Startup Cost": 464920.64,
        "Total Cost": 464920.75,
        "Plan Rows": 1,
        "Plan Width": 8,
        "Actual Startup Time": 2316.602,
        "Actual Total Time": 2342.87,
        "Actual Rows": 2,
        "Actual Loops": 1,
        "Workers Planned": 1,
        "Workers Launched": 1,
        "Single Copy": false,
        "Plans": [
          {
            "Node Type": "Aggregate",
            "Strategy": "Plain",
            "Partial Mode": "Partial",
            "Parent Relationship": "Outer",
            "Parallel Aware": false,
            "Startup Cost": 463920.64,
            "Total Cost": 463920.65,
            "Plan Rows": 1,
            "Plan Width": 8,
            "Actual Startup Time": 2304.064,
            "Actual Total Time": 2304.068,
            "Actual Rows": 1,
            "Actual Loops": 2,
            "Plans": [
              {
                "Node Type": "Hash Join",
                "Parent Relationship": "Outer",
                "Parallel Aware": true,
                "Join Type": "Inner",
                "Startup Cost": 165944.04,
                "Total Cost": 457496.59,
                "Plan Rows": 2569622,
                "Plan Width": 0,
                "Actual Startup Time": 875.371,
                "Actual Total Time": 2198.776,
                "Actual Rows": 2233100,
                "Actual Loops": 2,
                "Inner Unique": true,
                "Hash Cond": "(ci.movie_id = t.id)",
                "Plans": [
                  {
                    "Node Type": "Bitmap Heap Scan",
                    "Parent Relationship": "Outer",
                    "Parallel Aware": true,
                    "Relation Name": "cast_info",
                    "Alias": "ci",
                    "Startup Cost": 96483.34,
                    "Total Cost": 381290.62,
                    "Plan Rows": 2569622,
                    "Plan Width": 4,
                    "Actual Startup Time": 264.72,
                    "Actual Total Time": 520.363,
                    "Actual Rows": 2233100,
                    "Actual Loops": 2,
                    "Recheck Cond": "(person_id < 431633)",
                    "Rows Removed by Index Recheck": 0,
                    "Exact Heap Blocks": 22551,
                    "Lossy Heap Blocks": 0,
                    "Plans": [
                      {
                        "Node Type": "Bitmap Index Scan",
                        "Parent Relationship": "Outer",
                        "Parallel Aware": false,
                        "Index Name": "person_id_cast_info",
                        "Startup Cost": 0.0,
                        "Total Cost": 95391.25,
                        "Plan Rows": 4368358,
                        "Plan Width": 0,
                        "Actual Startup Time": 252.642,
                        "Actual Total Time": 252.642,
                        "Actual Rows": 4466201,
                        "Actual Loops": 1,
                        "Index Cond": "(person_id < 431633)"
                      }
                    ]
                  },
                  {
                    "Node Type": "Hash",
                    "Parent Relationship": "Inner",
                    "Parallel Aware": true,
                    "Startup Cost": 50870.31,
                    "Total Cost": 50870.31,
                    "Plan Rows": 1487231,
                    "Plan Width": 4,
                    "Actual Startup Time": 588.049,
                    "Actual Total Time": 588.05,
                    "Actual Rows": 1264156,
                    "Actual Loops": 2,
                    "Hash Buckets": 4194304,
                    "Original Hash Buckets": 4194304,
                    "Hash Batches": 1,
                    "Original Hash Batches": 1,
                    "Peak Memory Usage": 131680,
                    "Plans": [
                      {
                        "Node Type": "Seq Scan",
                        "Parent Relationship": "Outer",
                        "Parallel Aware": true,
                        "Relation Name": "title",
                        "Alias": "t",
                        "Startup Cost": 0.0,
                        "Total Cost": 50870.31,
                        "Plan Rows": 1487231,
                        "Plan Width": 4,
                        "Actual Startup Time": 0.05,
                        "Actual Total Time": 183.104,
                        "Actual Rows": 1264156,
                        "Actual Loops": 2
                      }
                    ]
                  }
                ]
              }
            ]
          }
        ]
      }
    ]
  },
  "Planning Time": 0.684,
  "Triggers": [],
  "Execution Time": 2342.971
}