{
  "Plan": {
    "Node Type": "Aggregate",
    "Strategy": "Plain",
    "Partial Mode": "Finalize",
    "Parallel Aware": false,
    "Startup Cost": 339936.03,
    "Total Cost": 339936.04,
    "Plan Rows": 1,
    "Plan Width": 8,
    "Actual Startup Time": 1274.902,
    "Actual Total Time": 1325.18,
    "Actual Rows": 1,
    "Actual Loops": 1,
    "Plans": [
      {
        "Node Type": "Gather",
        "Parent Relationship": "Outer",
        "Parallel Aware": false,
        "Startup Cost": 339935.92,
        "Total Cost": 339936.03,
        "Plan Rows": 1,
        "Plan Width": 8,
        "Actual Startup Time": 1274.172,
        "Actual Total Time": 1325.17,
        "Actual Rows": 2,
        "Actual Loops": 1,
        "Workers Planned": 1,
        "Workers Launched": 1,
        "Single Copy": false,
        "Plans": [
          {
            "Node Type": "Aggregate",
            "Strategy": "Plain",
            "Partial Mode": "Partial",
            "Parent Relationship": "Outer",
            "Parallel Aware": false,
            "Startup Cost": 338935.92,
            "Total Cost": 338935.93,
            "Plan Rows": 1,
            "Plan Width": 8,
            "Actual Startup Time": 1268.475,
            "Actual Total Time": 1268.479,
            "Actual Rows": 1,
            "Actual Loops": 2,
            "Plans": [
              {
                "Node Type": "Hash Join",
                "Parent Relationship": "Outer",
                "Parallel Aware": true,
                "Join Type": "Inner",
                "Startup Cost": 55771.98,
                "Total Cost": 338223.17,
                "Plan Rows": 285099,
                "Plan Width": 0,
                "Actual Startup Time": 199.889,
                "Actual Total Time": 1260.596,
                "Actual Rows": 182442,
                "Actual Loops": 2,
                "Inner Unique": true,
                "Hash Cond": "(mi.movie_id = t.id)",
                "Plans": [
                  {
                    "Node Type": "Seq Scan",
                    "Parent Relationship": "Outer",
                    "Parallel Aware": true,
                    "Relation Name": "movie_info",
                    "Alias": "mi",
                    "Startup Cost": 0.0,
                    "Total Cost": 270696.42,
                    "Plan Rows": 4478001,
                    "Plan Width": 4,
                    "Actual Startup Time": 34.214,
                    "Actual Total Time": 683.854,
                    "Actual Rows": 3774428,
                    "Actual Loops": 2,
                    "Filter": "(info_type_id > 7)",
                    "Rows Removed by Filter": 3643432
                  },
                  {
                    "Node Type": "Hash",
                    "Parent Relationship": "Inner",
                    "Parallel Aware": true,
                    "Startup Cost": 54588.39,
                    "Total Cost": 54588.39,
                    "Plan Rows": 94687,
                    "Plan Width": 4,
                    "Actual Startup Time": 161.855,
                    "Actual Total Time": 161.857,
                    "Actual Rows": 82154,
                    "Actual Loops": 2,
                    "Hash Buckets": 262144,
                    "Original Hash Buckets": 262144,
                    "Hash Batches": 1,
                    "Original Hash Batches": 1,
                    "Peak Memory Usage": 8480,
                    "Plans": [
                      {
                        "Node Type": "Seq Scan",
                        "Parent Relationship": "Outer",
                        "Parallel Aware": true,
                        "Relation Name": "title",
                        "Alias": "t",
                        "Startup Cost": 0.0,
                        "Total Cost": 54588.39,
                        "Plan Rows": 94687,
                        "Plan Width": 4,
                        "Actual Startup Time": 0.033,
                        "Actual Total Time": 138.49,
                        "Actual Rows": 82154,
                        "Actual Loops": 2,
                        "Filter": "(production_year = 2012)",
                        "Rows Removed by Filter": 1182002
                      }
                    ]
                  }
                ]
              }
            ]
          }
        ]
      }
    ]
  },
  "Planning Time": 0.385,
  "Triggers": [],
  "Execution Time": 1325.258
}