[
  {
    "Plan": {
      "Node Type": "Aggregate",
      "Strategy": "Plain",
      "Partial Mode": "Finalize",
      "Parallel Aware": false,
      "Startup Cost": 44056.37,
      "Total Cost": 44056.38,
      "Plan Rows": 1,
      "Plan Width": 8,
      "Actual Startup Time": 181.46,
      "Actual Total Time": 191.94,
      "Actual Rows": 1,
      "Actual Loops": 1,
      "Plans": [
        {
          "Node Type": "Gather",
          "Parent Relationship": "Outer",
          "Parallel Aware": false,
          "Startup Cost": 44056.05,
          "Total Cost": 44056.36,
          "Plan Rows": 3,
          "Plan Width": 8,
          "Actual Startup Time": 181.021,
          "Actual Total Time": 191.928,
          "Actual Rows": 4,
          "Actual Loops": 1,
          "Workers Planned": 3,
          "Workers Launched": 3,
          "Single Copy": false,
          "Plans": [
            {
              "Node Type": "Aggregate",
              "Strategy": "Plain",
              "Partial Mode": "Partial",
              "Parent Relationship": "Outer",
              "Parallel Aware": false,
              "Startup Cost": 43056.05,
              "Total Cost": 43056.06,
              "Plan Rows": 1,
              "Plan Width": 8,
              "Actual Startup Time": 171.931,
              "Actual Total Time": 171.933,
              "Actual Rows": 1,
              "Actual Loops": 4,
              "Plans": [
                {
                  "Node Type": "Bitmap Heap Scan",
                  "Parent Relationship": "Outer",
                  "Parallel Aware": true,
                  "Relation Name": "movie_keyword",
                  "Alias": "mk",
                  "Startup Cost": 15146.72,
                  "Total Cost": 42480.17,
                  "Plan Rows": 230355,
                  "Plan Width": 0,
                  "Actual Startup Time": 70.756,
                  "Actual Total Time": 159.793,
                  "Actual Rows": 178015,
                  "Actual Loops": 4,
                  "Recheck Cond": "(keyword_id > 26524)",
                  "Rows Removed by Index Recheck": 0,
                  "Exact Heap Blocks": 7353,
                  "Lossy Heap Blocks": 0,
                  "Plans": [
                    {
                      "Node Type": "Bitmap Index Scan",
                      "Parent Relationship": "Outer",
                      "Parallel Aware": false,
                      "Index Name": "keyword_id_movie_keyword",
                      "Startup Cost": 0.0,
                      "Total Cost": 14968.2,
                      "Plan Rows": 714102,
                      "Plan Width": 0,
                      "Actual Startup Time": 73.429,
                      "Actual Total Time": 73.43,
                      "Actual Rows": 712061,
                      "Actual Loops": 1,
                      "Index Cond": "(keyword_id > 26524)"
                    }
                  ]
                }
              ]
            }
          ]
        }
      ]
    },
    "Planning Time": 0.164,
    "Triggers": [],
    "Execution Time": 192.011
  }
]