[
  {
    "Plan": {
      "Node Type": "Aggregate",
      "Strategy": "Plain",
      "Partial Mode": "Finalize",
      "Parallel Aware": false,
      "Startup Cost": 349466.86,
      "Total Cost": 349466.87,
      "Plan Rows": 1,
      "Plan Width": 8,
      "Actual Startup Time": 847.617,
      "Actual Total Time": 906.509,
      "Actual Rows": 1,
      "Actual Loops": 1,
      "Plans": [
        {
          "Node Type": "Gather",
          "Parent Relationship": "Outer",
          "Parallel Aware": false,
          "Startup Cost": 349466.23,
          "Total Cost": 349466.84,
          "Plan Rows": 6,
          "Plan Width": 8,
          "Actual Startup Time": 847.2,
          "Actual Total Time": 906.493,
          "Actual Rows": 7,
          "Actual Loops": 1,
          "Workers Planned": 6,
          "Workers Launched": 6,
          "Single Copy": false,
          "Plans": [
            {
              "Node Type": "Aggregate",
              "Strategy": "Plain",
              "Partial Mode": "Partial",
              "Parent Relationship": "Outer",
              "Parallel Aware": false,
              "Startup Cost": 348466.23,
              "Total Cost": 348466.24,
              "Plan Rows": 1,
              "Plan Width": 8,
              "Actual Startup Time": 839.467,
              "Actual Total Time": 839.469,
              "Actual Rows": 1,
              "Actual Loops": 7,
              "Plans": [
                {
                  "Node Type": "Seq Scan",
                  "Parent Relationship": "Outer",
                  "Parallel Aware": true,
                  "Relation Name": "cast_info",
                  "Alias": "ci",
                  "Startup Cost": 0.0,
                  "Total Cost": 343316.27,
                  "Plan Rows": 2059985,
                  "Plan Width": 0,
                  "Actual Startup Time": 214.306,
                  "Actual Total Time": 711.329,
                  "Actual Rows": 2674268,
                  "Actual Loops": 7,
                  "Filter": "((person_id > 1717196) AND (role_id > 1))",
                  "Rows Removed by Filter": 2503495
                }
              ]
            }
          ]
        }
      ]
    },
    "Planning Time": 0.192,
    "Triggers": [],
    "Execution Time": 906.576
  }
]