[
  {
    "Plan": {
      "Node Type": "Aggregate",
      "Strategy": "Plain",
      "Partial Mode": "Finalize",
      "Parallel Aware": false,
      "Startup Cost": 349427.64,
      "Total Cost": 349427.65,
      "Plan Rows": 1,
      "Plan Width": 8,
      "Actual Startup Time": 770.278,
      "Actual Total Time": 837.055,
      "Actual Rows": 1,
      "Actual Loops": 1,
      "Plans": [
        {
          "Node Type": "Gather",
          "Parent Relationship": "Outer",
          "Parallel Aware": false,
          "Startup Cost": 349427.01,
          "Total Cost": 349427.62,
          "Plan Rows": 6,
          "Plan Width": 8,
          "Actual Startup Time": 770.133,
          "Actual Total Time": 837.041,
          "Actual Rows": 7,
          "Actual Loops": 1,
          "Workers Planned": 6,
          "Workers Launched": 6,
          "Single Copy": false,
          "Plans": [
            {
              "Node Type": "Aggregate",
              "Strategy": "Plain",
              "Partial Mode": "Partial",
              "Parent Relationship": "Outer",
              "Parallel Aware": false,
              "Startup Cost": 348427.01,
              "Total Cost": 348427.02,
              "Plan Rows": 1,
              "Plan Width": 8,
              "Actual Startup Time": 760.085,
              "Actual Total Time": 760.086,
              "Actual Rows": 1,
              "Actual Loops": 7,
              "Plans": [
                {
                  "Node Type": "Seq Scan",
                  "Parent Relationship": "Outer",
                  "Parallel Aware": true,
                  "Relation Name": "cast_info",
                  "Alias": "ci",
                  "Startup Cost": 0.0,
                  "Total Cost": 343257.03,
                  "Plan Rows": 2067993,
                  "Plan Width": 0,
                  "Actual Startup Time": 209.429,
                  "Actual Total Time": 654.245,
                  "Actual Rows": 2674268,
                  "Actual Loops": 7,
                  "Filter": "((person_id > 1717196) AND (role_id > 1))",
                  "Rows Removed by Filter": 2503495
                }
              ]
            }
          ]
        }
      ]
    },
    "Planning Time": 0.23,
    "Triggers": [],
    "Execution Time": 837.134
  }
]