{
  "Plan": {
    "Node Type": "Aggregate",
    "Strategy": "Plain",
    "Partial Mode": "Finalize",
    "Parallel Aware": false,
    "Startup Cost": 80638.95,
    "Total Cost": 80638.96,
    "Plan Rows": 1,
    "Plan Width": 8,
    "Actual Startup Time": 234.122,
    "Actual Total Time": 243.607,
    "Actual Rows": 1,
    "Actual Loops": 1,
    "Plans": [
      {
        "Node Type": "Gather",
        "Parent Relationship": "Outer",
        "Parallel Aware": false,
        "Startup Cost": 80638.83,
        "Total Cost": 80638.94,
        "Plan Rows": 1,
        "Plan Width": 8,
        "Actual Startup Time": 233.952,
        "Actual Total Time": 243.598,
        "Actual Rows": 2,
        "Actual Loops": 1,
        "Workers Planned": 1,
        "Workers Launched": 1,
        "Single Copy": false,
        "Plans": [
          {
            "Node Type": "Aggregate",
            "Strategy": "Plain",
            "Partial Mode": "Partial",
            "Parent Relationship": "Outer",
            "Parallel Aware": false,
            "Startup Cost": 79638.83,
            "Total Cost": 79638.84,
            "Plan Rows": 1,
            "Plan Width": 8,
            "Actual Startup Time": 228.016,
            "Actual Total Time": 228.019,
            "Actual Rows": 1,
            "Actual Loops": 2,
            "Plans": [
              {
                "Node Type": "Hash Join",
                "Parent Relationship": "Outer",
                "Parallel Aware": true,
                "Join Type": "Inner",
                "Startup Cost": 38843.36,
                "Total Cost": 79622.13,
                "Plan Rows": 6681,
                "Plan Width": 0,
                "Actual Startup Time": 86.562,
                "Actual Total Time": 227.681,
                "Actual Rows": 5849,
                "Actual Loops": 2,
                "Inner Unique": true,
                "Hash Cond": "(mc.movie_id = t.id)",
                "Plans": [
                  {
                    "Node Type": "Seq Scan",
                    "Parent Relationship": "Outer",
                    "Parallel Aware": true,
                    "Relation Name": "movie_companies",
                    "Alias": "mc",
                    "Startup Cost": 0.0,
                    "Total Cost": 37974.77,
                    "Plan Rows": 1068189,
                    "Plan Width": 4,
                    "Actual Startup Time": 0.02,
                    "Actual Total Time": 116.655,
                    "Actual Rows": 900710,
                    "Actual Loops": 2,
                    "Filter": "(company_id < 29558)",
                    "Rows Removed by Filter": 403855
                  },
                  {
                    "Node Type": "Hash",
                    "Parent Relationship": "Inner",
                    "Parallel Aware": true,
                    "Startup Cost": 38727.09,
                    "Total Cost": 38727.09,
                    "Plan Rows": 9302,
                    "Plan Width": 4,
                    "Actual Startup Time": 50.536,
                    "Actual Total Time": 50.538,
                    "Actual Rows": 4138,
                    "Actual Loops": 2,
                    "Hash Buckets": 16384,
                    "Original Hash Buckets": 16384,
                    "Hash Batches": 1,
                    "Original Hash Batches": 1,
                    "Peak Memory Usage": 512,
                    "Plans": [
                      {
                        "Node Type": "Bitmap Heap Scan",
                        "Parent Relationship": "Outer",
                        "Parallel Aware": true,
                        "Relation Name": "title",
                        "Alias": "t",
                        "Startup Cost": 1827.09,
                        "Total Cost": 38727.09,
                        "Plan Rows": 9302,
                        "Plan Width": 4,
                        "Actual Startup Time": 16.628,
                        "Actual Total Time": 49.233,
                        "Actual Rows": 4138,
                        "Actual Loops": 2,
                        "Recheck Cond": "(kind_id = 3)",
                        "Rows Removed by Index Recheck": 0,
                        "Filter": "(production_year > 2010)",
                        "Rows Removed by Filter": 46130,
                        "Exact Heap Blocks": 11448,
                        "Lossy Heap Blocks": 0,
                        "Plans": [
                          {
                            "Node Type": "Bitmap Index Scan",
                            "Parent Relationship": "Outer",
                            "Parallel Aware": false,
                            "Index Name": "kind_id_title",
                            "Startup Cost": 0.0,
                            "Total Cost": 1823.13,
                            "Plan Rows": 102227,
                            "Plan Width": 0,
                            "Actual Startup Time": 16.511,
                            "Actual Total Time": 16.511,
                            "Actual Rows": 100537,
                            "Actual Loops": 1,
                            "Index Cond": "(kind_id = 3)"
                          }
                        ]
                      }
                    ]
                  }
                ]
              }
            ]
          }
        ]
      }
    ]
  },
  "Planning Time": 0.508,
  "Triggers": [],
  "Execution Time": 243.699
}