[
  {
    "Plan": {
      "Node Type": "Aggregate",
      "Strategy": "Plain",
      "Partial Mode": "Finalize",
      "Parallel Aware": false,
      "Startup Cost": 231906.46,
      "Total Cost": 231906.47,
      "Plan Rows": 1,
      "Plan Width": 8,
      "Actual Startup Time": 212.318,
      "Actual Total Time": 224.248,
      "Actual Rows": 1,
      "Actual Loops": 1,
      "Plans": [
        {
          "Node Type": "Gather",
          "Parent Relationship": "Outer",
          "Parallel Aware": false,
          "Startup Cost": 231905.94,
          "Total Cost": 231906.45,
          "Plan Rows": 5,
          "Plan Width": 8,
          "Actual Startup Time": 208.258,
          "Actual Total Time": 224.239,
          "Actual Rows": 6,
          "Actual Loops": 1,
          "Workers Planned": 5,
          "Workers Launched": 5,
          "Single Copy": false,
          "Plans": [
            {
              "Node Type": "Aggregate",
              "Strategy": "Plain",
              "Partial Mode": "Partial",
              "Parent Relationship": "Outer",
              "Parallel Aware": false,
              "Startup Cost": 230905.94,
              "Total Cost": 230905.95,
              "Plan Rows": 1,
              "Plan Width": 8,
              "Actual Startup Time": 198.413,
              "Actual Total Time": 198.417,
              "Actual Rows": 1,
              "Actual Loops": 6,
              "Plans": [
                {
                  "Node Type": "Nested Loop",
                  "Parent Relationship": "Outer",
                  "Parallel Aware": false,
                  "Join Type": "Inner",
                  "Startup Cost": 55401.56,
                  "Total Cost": 230878.98,
                  "Plan Rows": 10784,
                  "Plan Width": 0,
                  "Actual Startup Time": 184.03,
                  "Actual Total Time": 198.379,
                  "Actual Rows": 316,
                  "Actual Loops": 6,
                  "Inner Unique": false,
                  "Plans": [
                    {
                      "Node Type": "Hash Join",
                      "Parent Relationship": "Outer",
                      "Parallel Aware": true,
                      "Join Type": "Inner",
                      "Startup Cost": 55401.13,
                      "Total Cost": 218766.96,
                      "Plan Rows": 19758,
                      "Plan Width": 8,
                      "Actual Startup Time": 183.926,
                      "Actual Total Time": 195.577,
                      "Actual Rows": 388,
                      "Actual Loops": 6,
                      "Inner Unique": true,
                      "Hash Cond": "(mi.movie_id = t.id)",
                      "Plans": [
                        {
                          "Node Type": "Bitmap Heap Scan",
                          "Parent Relationship": "Outer",
                          "Parallel Aware": true,
                          "Relation Name": "movie_info",
                          "Alias": "mi",
                          "Startup Cost": 8201.59,
                          "Total Cost": 171329.16,
                          "Plan Rows": 90765,
                          "Plan Width": 4,
                          "Actual Startup Time": 16.34,
                          "Actual Total Time": 33.708,
                          "Actual Rows": 77606,
                          "Actual Loops": 6,
                          "Recheck Cond": "(info_type_id > 103)",
                          "Rows Removed by Index Recheck": 0,
                          "Exact Heap Blocks": 1101,
                          "Lossy Heap Blocks": 0,
                          "Plans": [
                            {
                              "Node Type": "Bitmap Index Scan",
                              "Parent Relationship": "Outer",
                              "Parallel Aware": false,
                              "Index Name": "info_type_id_movie_info",
                              "Startup Cost": 0.0,
                              "Total Cost": 8088.14,
                              "Plan Rows": 453827,
                              "Plan Width": 0,
                              "Actual Startup Time": 15.461,
                              "Actual Total Time": 15.462,
                              "Actual Rows": 465636,
                              "Actual Loops": 1,
                              "Index Cond": "(info_type_id > 103)"
                            }
                          ]
                        },
                        {
                          "Node Type": "Hash",
                          "Parent Relationship": "Inner",
                          "Parallel Aware": true,
                          "Startup Cost": 45479.59,
                          "Total Cost": 45479.59,
                          "Plan Rows": 137596,
                          "Plan Width": 4,
                          "Actual Startup Time": 142.267,
                          "Actual Total Time": 142.268,
                          "Actual Rows": 100400,
                          "Actual Loops": 6,
                          "Hash Buckets": 1048576,
                          "Original Hash Buckets": 1048576,
                          "Hash Batches": 1,
                          "Original Hash Batches": 1,
                          "Peak Memory Usage": 31872,
                          "Plans": [
                            {
                              "Node Type": "Seq Scan",
                              "Parent Relationship": "Outer",
                              "Parallel Aware": true,
                              "Relation Name": "title",
                              "Alias": "t",
                              "Startup Cost": 0.0,
                              "Total Cost": 45479.59,
                              "Plan Rows": 137596,
                              "Plan Width": 4,
                              "Actual Startup Time": 0.038,
                              "Actual Total Time": 91.225,
                              "Actual Rows": 100400,
                              "Actual Loops": 6,
                              "Filter": "((production_year > 2006) AND (kind_id = 7))",
                              "Rows Removed by Filter": 320985
                            }
                          ]
                        }
                      ]
                    },
                    {
                      "Node Type": "Index Only Scan",
                      "Parent Relationship": "Inner",
                      "Parallel Aware": false,
                      "Scan Direction": "Forward",
                      "Index Name": "movie_id_movie_info_idx",
                      "Relation Name": "movie_info_idx",
                      "Alias": "mi_idx",
                      "Startup Cost": 0.43,
                      "Total Cost": 0.58,
                      "Plan Rows": 3,
                      "Plan Width": 4,
                      "Actual Startup Time": 0.007,
                      "Actual Total Time": 0.007,
                      "Actual Rows": 1,
                      "Actual Loops": 2330,
                      "Index Cond": "(movie_id = t.id)",
                      "Rows Removed by Index Recheck": 0,
                      "Heap Fetches": 1899
                    }
                  ]
                }
              ]
            }
          ]
        }
      ]
    },
    "Planning Time": 1.409,
    "Triggers": [],
    "Execution Time": 224.354
  }
]