[
  {
    "Plan": {
      "Node Type": "Aggregate",
      "Strategy": "Plain",
      "Partial Mode": "Finalize",
      "Parallel Aware": false,
      "Startup Cost": 233611.8,
      "Total Cost": 233611.81,
      "Plan Rows": 1,
      "Plan Width": 8,
      "Actual Startup Time": 198.514,
      "Actual Total Time": 210.948,
      "Actual Rows": 1,
      "Actual Loops": 1,
      "Plans": [
        {
          "Node Type": "Gather",
          "Parent Relationship": "Outer",
          "Parallel Aware": false,
          "Startup Cost": 233611.28,
          "Total Cost": 233611.79,
          "Plan Rows": 5,
          "Plan Width": 8,
          "Actual Startup Time": 192.971,
          "Actual Total Time": 210.939,
          "Actual Rows": 6,
          "Actual Loops": 1,
          "Workers Planned": 5,
          "Workers Launched": 5,
          "Single Copy": false,
          "Plans": [
            {
              "Node Type": "Aggregate",
              "Strategy": "Plain",
              "Partial Mode": "Partial",
              "Parent Relationship": "Outer",
              "Parallel Aware": false,
              "Startup Cost": 232611.28,
              "Total Cost": 232611.29,
              "Plan Rows": 1,
              "Plan Width": 8,
              "Actual Startup Time": 181.875,
              "Actual Total Time": 181.878,
              "Actual Rows": 1,
              "Actual Loops": 6,
              "Plans": [
                {
                  "Node Type": "Nested Loop",
                  "Parent Relationship": "Outer",
                  "Parallel Aware": false,
                  "Join Type": "Inner",
                  "Startup Cost": 56039.79,
                  "Total Cost": 232582.14,
                  "Plan Rows": 11655,
                  "Plan Width": 0,
                  "Actual Startup Time": 169.12,
                  "Actual Total Time": 181.847,
                  "Actual Rows": 316,
                  "Actual Loops": 6,
                  "Inner Unique": false,
                  "Plans": [
                    {
                      "Node Type": "Hash Join",
                      "Parent Relationship": "Outer",
                      "Parallel Aware": true,
                      "Join Type": "Inner",
                      "Startup Cost": 56039.36,
                      "Total Cost": 219506.65,
                      "Plan Rows": 21352,
                      "Plan Width": 8,
                      "Actual Startup Time": 169.006,
                      "Actual Total Time": 179.481,
                      "Actual Rows": 388,
                      "Actual Loops": 6,
                      "Inner Unique": true,
                      "Hash Cond": "(mi.movie_id = t.id)",
                      "Plans": [
                        {
                          "Node Type": "Bitmap Heap Scan",
                          "Parent Relationship": "Outer",
                          "Parallel Aware": true,
                          "Relation Name": "movie_info",
                          "Alias": "mi",
                          "Startup Cost": 8829.54,
                          "Total Cost": 172040.96,
                          "Plan Rows": 97474,
                          "Plan Width": 4,
                          "Actual Startup Time": 15.933,
                          "Actual Total Time": 32.486,
                          "Actual Rows": 77606,
                          "Actual Loops": 6,
                          "Recheck Cond": "(info_type_id > 103)",
                          "Rows Removed by Index Recheck": 0,
                          "Exact Heap Blocks": 1260,
                          "Lossy Heap Blocks": 0,
                          "Plans": [
                            {
                              "Node Type": "Bitmap Index Scan",
                              "Parent Relationship": "Outer",
                              "Parallel Aware": false,
                              "Index Name": "info_type_id_movie_info",
                              "Startup Cost": 0.0,
                              "Total Cost": 8707.69,
                              "Plan Rows": 487368,
                              "Plan Width": 0,
                              "Actual Startup Time": 15.124,
                              "Actual Total Time": 15.125,
                              "Actual Rows": 465636,
                              "Actual Loops": 1,
                              "Index Cond": "(info_type_id > 103)"
                            }
                          ]
                        },
                        {
                          "Node Type": "Hash",
                          "Parent Relationship": "Inner",
                          "Parallel Aware": true,
                          "Startup Cost": 45479.1,
                          "Total Cost": 45479.1,
                          "Plan Rows": 138458,
                          "Plan Width": 4,
                          "Actual Startup Time": 128.336,
                          "Actual Total Time": 128.337,
                          "Actual Rows": 100400,
                          "Actual Loops": 6,
                          "Hash Buckets": 1048576,
                          "Original Hash Buckets": 1048576,
                          "Hash Batches": 1,
                          "Original Hash Batches": 1,
                          "Peak Memory Usage": 31840,
                          "Plans": [
                            {
                              "Node Type": "Seq Scan",
                              "Parent Relationship": "Outer",
                              "Parallel Aware": true,
                              "Relation Name": "title",
                              "Alias": "t",
                              "Startup Cost": 0.0,
                              "Total Cost": 45479.1,
                              "Plan Rows": 138458,
                              "Plan Width": 4,
                              "Actual Startup Time": 0.044,
                              "Actual Total Time": 81.245,
                              "Actual Rows": 100400,
                              "Actual Loops": 6,
                              "Filter": "((production_year > 2006) AND (kind_id = 7))",
                              "Rows Removed by Filter": 320985
                            }
                          ]
                        }
                      ]
                    },
                    {
                      "Node Type": "Index Only Scan",
                      "Parent Relationship": "Inner",
                      "Parallel Aware": false,
                      "Scan Direction": "Forward",
                      "Index Name": "movie_id_movie_info_idx",
                      "Relation Name": "movie_info_idx",
                      "Alias": "mi_idx",
                      "Startup Cost": 0.43,
                      "Total Cost": 0.58,
                      "Plan Rows": 3,
                      "Plan Width": 4,
                      "Actual Startup Time": 0.006,
                      "Actual Total Time": 0.006,
                      "Actual Rows": 1,
                      "Actual Loops": 2330,
                      "Index Cond": "(movie_id = t.id)",
                      "Rows Removed by Index Recheck": 0,
                      "Heap Fetches": 1899
                    }
                  ]
                }
              ]
            }
          ]
        }
      ]
    },
    "Planning Time": 1.413,
    "Triggers": [],
    "Execution Time": 211.055
  }
]