{
  "Plan": {
    "Node Type": "Aggregate",
    "Strategy": "Plain",
    "Partial Mode": "Finalize",
    "Parallel Aware": false,
    "Startup Cost": 113093.67,
    "Total Cost": 113093.68,
    "Plan Rows": 1,
    "Plan Width": 8,
    "Actual Startup Time": 588.802,
    "Actual Total Time": 604.363,
    "Actual Rows": 1,
    "Actual Loops": 1,
    "Plans": [
      {
        "Node Type": "Gather",
        "Parent Relationship": "Outer",
        "Parallel Aware": false,
        "Startup Cost": 113093.56,
        "Total Cost": 113093.67,
        "Plan Rows": 1,
        "Plan Width": 8,
        "Actual Startup Time": 587.411,
        "Actual Total Time": 604.357,
        "Actual Rows": 2,
        "Actual Loops": 1,
        "Workers Planned": 1,
        "Workers Launched": 1,
        "Single Copy": false,
        "Plans": [
          {
            "Node Type": "Aggregate",
            "Strategy": "Plain",
            "Partial Mode": "Partial",
            "Parent Relationship": "Outer",
            "Parallel Aware": false,
            "Startup Cost": 112093.56,
            "Total Cost": 112093.57,
            "Plan Rows": 1,
            "Plan Width": 8,
            "Actual Startup Time": 582.356,
            "Actual Total Time": 582.36,
            "Actual Rows": 1,
            "Actual Loops": 2,
            "Plans": [
              {
                "Node Type": "Hash Join",
                "Parent Relationship": "Outer",
                "Parallel Aware": true,
                "Join Type": "Inner",
                "Startup Cost": 47867.28,
                "Total Cost": 110882.45,
                "Plan Rows": 484444,
                "Plan Width": 0,
                "Actual Startup Time": 195.519,
                "Actual Total Time": 571.858,
                "Actual Rows": 258052,
                "Actual Loops": 2,
                "Inner Unique": false,
                "Hash Cond": "(t.id = mc.movie_id)",
                "Plans": [
                  {
                    "Node Type": "Seq Scan",
                    "Parent Relationship": "Outer",
                    "Parallel Aware": true,
                    "Relation Name": "title",
                    "Alias": "t",
                    "Startup Cost": 0.0,
                    "Total Cost": 50870.31,
                    "Plan Rows": 1487231,
                    "Plan Width": 4,
                    "Actual Startup Time": 0.013,
                    "Actual Total Time": 115.717,
                    "Actual Rows": 1264156,
                    "Actual Loops": 2
                  },
                  {
                    "Node Type": "Hash",
                    "Parent Relationship": "Inner",
                    "Parallel Aware": true,
                    "Startup Cost": 41811.73,
                    "Total Cost": 41811.73,
                    "Plan Rows": 484444,
                    "Plan Width": 4,
                    "Actual Startup Time": 186.376,
                    "Actual Total Time": 186.377,
                    "Actual Rows": 258052,
                    "Actual Loops": 2,
                    "Hash Buckets": 1048576,
                    "Original Hash Buckets": 1048576,
                    "Hash Batches": 1,
                    "Original Hash Batches": 1,
                    "Peak Memory Usage": 28416,
                    "Plans": [
                      {
                        "Node Type": "Seq Scan",
                        "Parent Relationship": "Outer",
                        "Parallel Aware": true,
                        "Relation Name": "movie_companies",
                        "Alias": "mc",
                        "Startup Cost": 0.0,
                        "Total Cost": 41811.73,
                        "Plan Rows": 484444,
                        "Plan Width": 4,
                        "Actual Startup Time": 65.57,
                        "Actual Total Time": 126.806,
                        "Actual Rows": 258052,
                        "Actual Loops": 2,
                        "Filter": "((company_id < 16708) AND (company_type_id = 2))",
                        "Rows Removed by Filter": 1046512
                      }
                    ]
                  }
                ]
              }
            ]
          }
        ]
      }
    ]
  },
  "Planning Time": 0.704,
  "Triggers": [],
  "Execution Time": 604.432
}