[
  {
    "Plan": {
      "Node Type": "Aggregate",
      "Strategy": "Plain",
      "Partial Mode": "Finalize",
      "Parallel Aware": false,
      "Startup Cost": 44401.34,
      "Total Cost": 44401.35,
      "Plan Rows": 1,
      "Plan Width": 8,
      "Actual Startup Time": 120.659,
      "Actual Total Time": 130.387,
      "Actual Rows": 1,
      "Actual Loops": 1,
      "Plans": [
        {
          "Node Type": "Gather",
          "Parent Relationship": "Outer",
          "Parallel Aware": false,
          "Startup Cost": 44401.02,
          "Total Cost": 44401.33,
          "Plan Rows": 3,
          "Plan Width": 8,
          "Actual Startup Time": 120.528,
          "Actual Total Time": 130.379,
          "Actual Rows": 4,
          "Actual Loops": 1,
          "Workers Planned": 3,
          "Workers Launched": 3,
          "Single Copy": false,
          "Plans": [
            {
              "Node Type": "Aggregate",
              "Strategy": "Plain",
              "Partial Mode": "Partial",
              "Parent Relationship": "Outer",
              "Parallel Aware": false,
              "Startup Cost": 43401.02,
              "Total Cost": 43401.03,
              "Plan Rows": 1,
              "Plan Width": 8,
              "Actual Startup Time": 114.172,
              "Actual Total Time": 114.173,
              "Actual Rows": 1,
              "Actual Loops": 4,
              "Plans": [
                {
                  "Node Type": "Seq Scan",
                  "Parent Relationship": "Outer",
                  "Parallel Aware": true,
                  "Relation Name": "movie_keyword",
                  "Alias": "mk",
                  "Startup Cost": 0.0,
                  "Total Cost": 42695.65,
                  "Plan Rows": 282147,
                  "Plan Width": 0,
                  "Actual Startup Time": 4.759,
                  "Actual Total Time": 103.477,
                  "Actual Rows": 218208,
                  "Actual Loops": 4,
                  "Filter": "(keyword_id > 21159)",
                  "Rows Removed by Filter": 912775
                }
              ]
            }
          ]
        }
      ]
    },
    "Planning Time": 0.182,
    "Triggers": [],
    "Execution Time": 130.443
  }
]