[
  {
    "Plan": {
      "Node Type": "Aggregate",
      "Strategy": "Plain",
      "Partial Mode": "Finalize",
      "Parallel Aware": false,
      "Startup Cost": 105394.9,
      "Total Cost": 105394.91,
      "Plan Rows": 1,
      "Plan Width": 8,
      "Actual Startup Time": 477.78,
      "Actual Total Time": 499.366,
      "Actual Rows": 1,
      "Actual Loops": 1,
      "Plans": [
        {
          "Node Type": "Gather",
          "Parent Relationship": "Outer",
          "Parallel Aware": false,
          "Startup Cost": 105394.48,
          "Total Cost": 105394.89,
          "Plan Rows": 4,
          "Plan Width": 8,
          "Actual Startup Time": 476.162,
          "Actual Total Time": 499.353,
          "Actual Rows": 5,
          "Actual Loops": 1,
          "Workers Planned": 4,
          "Workers Launched": 4,
          "Single Copy": false,
          "Plans": [
            {
              "Node Type": "Aggregate",
              "Strategy": "Plain",
              "Partial Mode": "Partial",
              "Parent Relationship": "Outer",
              "Parallel Aware": false,
              "Startup Cost": 104394.48,
              "Total Cost": 104394.49,
              "Plan Rows": 1,
              "Plan Width": 8,
              "Actual Startup Time": 465.954,
              "Actual Total Time": 465.959,
              "Actual Rows": 1,
              "Actual Loops": 5,
              "Plans": [
                {
                  "Node Type": "Nested Loop",
                  "Parent Relationship": "Outer",
                  "Parallel Aware": false,
                  "Join Type": "Inner",
                  "Startup Cost": 23346.81,
                  "Total Cost": 104303.56,
                  "Plan Rows": 36369,
                  "Plan Width": 0,
                  "Actual Startup Time": 176.39,
                  "Actual Total Time": 450.744,
                  "Actual Rows": 252507,
                  "Actual Loops": 5,
                  "Inner Unique": false,
                  "Plans": [
                    {
                      "Node Type": "Hash Join",
                      "Parent Relationship": "Outer",
                      "Parallel Aware": true,
                      "Join Type": "Inner",
                      "Startup Cost": 23346.38,
                      "Total Cost": 68891.05,
                      "Plan Rows": 20326,
                      "Plan Width": 8,
                      "Actual Startup Time": 175.156,
                      "Actual Total Time": 248.13,
                      "Actual Rows": 31346,
                      "Actual Loops": 5,
                      "Inner Unique": false,
                      "Hash Cond": "(t.id = mc.movie_id)",
                      "Plans": [
                        {
                          "Node Type": "Seq Scan",
                          "Parent Relationship": "Outer",
                          "Parallel Aware": true,
                          "Relation Name": "title",
                          "Alias": "t",
                          "Startup Cost": 0.0,
                          "Total Cost": 42318.73,
                          "Plan Rows": 632073,
                          "Plan Width": 4,
                          "Actual Startup Time": 0.012,
                          "Actual Total Time": 81.44,
                          "Actual Rows": 505662,
                          "Actual Loops": 5
                        },
                        {
                          "Node Type": "Hash",
                          "Parent Relationship": "Inner",
                          "Parallel Aware": true,
                          "Startup Cost": 23018.54,
                          "Total Cost": 23018.54,
                          "Plan Rows": 26227,
                          "Plan Width": 4,
                          "Actual Startup Time": 56.963,
                          "Actual Total Time": 56.965,
                          "Actual Rows": 31346,
                          "Actual Loops": 5,
                          "Hash Buckets": 262144,
                          "Original Hash Buckets": 131072,
                          "Hash Batches": 1,
                          "Original Hash Batches": 1,
                          "Peak Memory Usage": 9312,
                          "Plans": [
                            {
                              "Node Type": "Bitmap Heap Scan",
                              "Parent Relationship": "Outer",
                              "Parallel Aware": true,
                              "Relation Name": "movie_companies",
                              "Alias": "mc",
                              "Startup Cost": 3453.72,
                              "Total Cost": 23018.54,
                              "Plan Rows": 26227,
                              "Plan Width": 4,
                              "Actual Startup Time": 12.912,
                              "Actual Total Time": 37.093,
                              "Actual Rows": 31346,
                              "Actual Loops": 5,
                              "Recheck Cond": "(company_id > 129194)",
                              "Rows Removed by Index Recheck": 0,
                              "Filter": "(company_type_id > 1)",
                              "Rows Removed by Filter": 0,
                              "Exact Heap Blocks": 1474,
                              "Lossy Heap Blocks": 0,
                              "Plans": [
                                {
                                  "Node Type": "Bitmap Index Scan",
                                  "Parent Relationship": "Outer",
                                  "Parallel Aware": false,
                                  "Index Name": "company_id_movie_companies",
                                  "Startup Cost": 0.0,
                                  "Total Cost": 3433.4,
                                  "Plan Rows": 160129,
                                  "Plan Width": 0,
                                  "Actual Startup Time": 16.523,
                                  "Actual Total Time": 16.523,
                                  "Actual Rows": 156732,
                                  "Actual Loops": 1,
                                  "Index Cond": "(company_id > 129194)"
                                }
                              ]
                            }
                          ]
                        }
                      ]
                    },
                    {
                      "Node Type": "Index Only Scan",
                      "Parent Relationship": "Inner",
                      "Parallel Aware": false,
                      "Scan Direction": "Forward",
                      "Index Name": "movie_id_movie_keyword",
                      "Relation Name": "movie_keyword",
                      "Alias": "mk",
                      "Startup Cost": 0.43,
                      "Total Cost": 1.29,
                      "Plan Rows": 45,
                      "Plan Width": 4,
                      "Actual Startup Time": 0.004,
                      "Actual Total Time": 0.005,
                      "Actual Rows": 8,
                      "Actual Loops": 156732,
                      "Index Cond": "(movie_id = t.id)",
                      "Rows Removed by Index Recheck": 0,
                      "Heap Fetches": 1262536
                    }
                  ]
                }
              ]
            }
          ]
        }
      ]
    },
    "Planning Time": 1.482,
    "Triggers": [],
    "Execution Time": 499.485
  }
]