[
    {
        "Bao": {
            "Bao prediction": "NaN",
            "Bao recommended hint": "(no hint)"
        }
    },
    {
        "Plan": {
            "Node Type": "Aggregate",
            "Strategy": "Plain",
            "Partial Mode": "Finalize",
            "Parallel Aware": false,
            "Startup Cost": 348955.42,
            "Total Cost": 348955.43,
            "Plan Rows": 1,
            "Plan Width": 8,
            "Actual Startup Time": 617.204,
            "Actual Total Time": 646.185,
            "Actual Rows": 1,
            "Actual Loops": 1,
            "Output": [
                "count(*)"
            ],
            "Plans": [
                {
                    "Node Type": "Gather",
                    "Parent Relationship": "Outer",
                    "Parallel Aware": false,
                    "Startup Cost": 348954.8,
                    "Total Cost": 348955.41,
                    "Plan Rows": 6,
                    "Plan Width": 8,
                    "Actual Startup Time": 617.111,
                    "Actual Total Time": 646.177,
                    "Actual Rows": 7,
                    "Actual Loops": 1,
                    "Output": [
                        "(PARTIAL count(*))"
                    ],
                    "Workers Planned": 6,
                    "Workers Launched": 6,
                    "Single Copy": false,
                    "Plans": [
                        {
                            "Node Type": "Aggregate",
                            "Strategy": "Plain",
                            "Partial Mode": "Partial",
                            "Parent Relationship": "Outer",
                            "Parallel Aware": false,
                            "Startup Cost": 347954.8,
                            "Total Cost": 347954.81,
                            "Plan Rows": 1,
                            "Plan Width": 8,
                            "Actual Startup Time": 607.499,
                            "Actual Total Time": 607.5,
                            "Actual Rows": 1,
                            "Actual Loops": 7,
                            "Output": [
                                "PARTIAL count(*)"
                            ],
                            "Workers": [
                                {
                                    "Worker Number": 0,
                                    "Actual Startup Time": 605.403,
                                    "Actual Total Time": 605.404,
                                    "Actual Rows": 1,
                                    "Actual Loops": 1
                                },
                                {
                                    "Worker Number": 1,
                                    "Actual Startup Time": 605.447,
                                    "Actual Total Time": 605.447,
                                    "Actual Rows": 1,
                                    "Actual Loops": 1
                                },
                                {
                                    "Worker Number": 2,
                                    "Actual Startup Time": 605.89,
                                    "Actual Total Time": 605.891,
                                    "Actual Rows": 1,
                                    "Actual Loops": 1
                                },
                                {
                                    "Worker Number": 3,
                                    "Actual Startup Time": 606.173,
                                    "Actual Total Time": 606.174,
                                    "Actual Rows": 1,
                                    "Actual Loops": 1
                                },
                                {
                                    "Worker Number": 4,
                                    "Actual Startup Time": 606.415,
                                    "Actual Total Time": 606.416,
                                    "Actual Rows": 1,
                                    "Actual Loops": 1
                                },
                                {
                                    "Worker Number": 5,
                                    "Actual Startup Time": 606.537,
                                    "Actual Total Time": 606.538,
                                    "Actual Rows": 1,
                                    "Actual Loops": 1
                                }
                            ],
                            "Plans": [
                                {
                                    "Node Type": "Seq Scan",
                                    "Parent Relationship": "Outer",
                                    "Parallel Aware": true,
                                    "Relation Name": "cast_info",
                                    "Schema": "public",
                                    "Alias": "ci",
                                    "Startup Cost": 0.0,
                                    "Total Cost": 343318.94,
                                    "Plan Rows": 1854343,
                                    "Plan Width": 0,
                                    "Actual Startup Time": 211.261,
                                    "Actual Total Time": 576.686,
                                    "Actual Rows": 681278,
                                    "Actual Loops": 7,
                                    "Output": [
                                        "id",
                                        "person_id",
                                        "movie_id",
                                        "person_role_id",
                                        "note",
                                        "nr_order",
                                        "role_id"
                                    ],
                                    "Filter": "((ci.person_id < 1687770) AND (ci.role_id > 1))",
                                    "Rows Removed by Filter": 4496485,
                                    "Workers": [
                                        {
                                            "Worker Number": 0,
                                            "Actual Startup Time": 209.277,
                                            "Actual Total Time": 575.141,
                                            "Actual Rows": 686155,
                                            "Actual Loops": 1
                                        },
                                        {
                                            "Worker Number": 1,
                                            "Actual Startup Time": 207.992,
                                            "Actual Total Time": 576.058,
                                            "Actual Rows": 672619,
                                            "Actual Loops": 1
                                        },
                                        {
                                            "Worker Number": 2,
                                            "Actual Startup Time": 214.271,
                                            "Actual Total Time": 574.104,
                                            "Actual Rows": 463857,
                                            "Actual Loops": 1
                                        },
                                        {
                                            "Worker Number": 3,
                                            "Actual Startup Time": 208.813,
                                            "Actual Total Time": 576.57,
                                            "Actual Rows": 686254,
                                            "Actual Loops": 1
                                        },
                                        {
                                            "Worker Number": 4,
                                            "Actual Startup Time": 210.167,
                                            "Actual Total Time": 576.689,
                                            "Actual Rows": 691774,
                                            "Actual Loops": 1
                                        },
                                        {
                                            "Worker Number": 5,
                                            "Actual Startup Time": 208.908,
                                            "Actual Total Time": 576.851,
                                            "Actual Rows": 683278,
                                            "Actual Loops": 1
                                        }
                                    ]
                                }
                            ]
                        }
                    ]
                }
            ]
        },
        "Planning Time": 219.02,
        "Triggers": [],
        "Execution Time": 646.242
    }
]