{
  "Plan": {
    "Node Type": "Aggregate",
    "Strategy": "Plain",
    "Partial Mode": "Simple",
    "Parallel Aware": false,
    "Startup Cost": 91073.71,
    "Total Cost": 91073.72,
    "Plan Rows": 1,
    "Plan Width": 96,
    "Actual Startup Time": 7594.772,
    "Actual Total Time": 7600.683,
    "Actual Rows": 1,
    "Actual Loops": 1,
    "Plans": [
      {
        "Node Type": "Gather",
        "Parent Relationship": "Outer",
        "Parallel Aware": false,
        "Startup Cost": 22925.28,
        "Total Cost": 91073.71,
        "Plan Rows": 1,
        "Plan Width": 66,
        "Actual Startup Time": 465.341,
        "Actual Total Time": 7583.224,
        "Actual Rows": 85482,
        "Actual Loops": 1,
        "Workers Planned": 1,
        "Workers Launched": 0,
        "Single Copy": false,
        "Plans": [
          {
            "Node Type": "Hash Join",
            "Parent Relationship": "Outer",
            "Parallel Aware": false,
            "Join Type": "Inner",
            "Startup Cost": 21925.28,
            "Total Cost": 90073.61,
            "Plan Rows": 1,
            "Plan Width": 66,
            "Actual Startup Time": 464.313,
            "Actual Total Time": 7567.83,
            "Actual Rows": 85482,
            "Actual Loops": 1,
            "Inner Unique": true,
            "Hash Cond": "(mi.info_type_id = it1.id)",
            "Plans": [
              {
                "Node Type": "Nested Loop",
                "Parent Relationship": "Outer",
                "Parallel Aware": false,
                "Join Type": "Inner",
                "Startup Cost": 21922.86,
                "Total Cost": 90070.94,
                "Plan Rows": 89,
                "Plan Width": 70,
                "Actual Startup Time": 464.243,
                "Actual Total Time": 7550.369,
                "Actual Rows": 86060,
                "Actual Loops": 1,
                "Inner Unique": true,
                "Plans": [
                  {
                    "Node Type": "Nested Loop",
                    "Parent Relationship": "Outer",
                    "Parallel Aware": false,
                    "Join Type": "Inner",
                    "Startup Cost": 21922.43,
                    "Total Cost": 89905.41,
                    "Plan Rows": 323,
                    "Plan Width": 74,
                    "Actual Startup Time": 463.85,
                    "Actual Total Time": 6706.346,
                    "Actual Rows": 178446,
                    "Actual Loops": 1,
                    "Inner Unique": false,
                    "Plans": [
                      {
                        "Node Type": "Nested Loop",
                        "Parent Relationship": "Outer",
                        "Parallel Aware": false,
                        "Join Type": "Inner",
                        "Startup Cost": 21921.86,
                        "Total Cost": 89473.09,
                        "Plan Rows": 181,
                        "Plan Width": 82,
                        "Actual Startup Time": 463.726,
                        "Actual Total Time": 4038.802,
                        "Actual Rows": 44472,
                        "Actual Loops": 1,
                        "Inner Unique": false,
                        "Plans": [
                          {
                            "Node Type": "Hash Join",
                            "Parent Relationship": "Outer",
                            "Parallel Aware": false,
                            "Join Type": "Inner",
                            "Startup Cost": 21921.43,
                            "Total Cost": 86480.14,
                            "Plan Rows": 1685,
                            "Plan Width": 31,
                            "Actual Startup Time": 462.876,
                            "Actual Total Time": 1602.01,
                            "Actual Rows": 198978,
                            "Actual Loops": 1,
                            "Inner Unique": true,
                            "Hash Cond": "(mi_idx.info_type_id = it2.id)",
                            "Plans": [
                              {
                                "Node Type": "Hash Join",
                                "Parent Relationship": "Outer",
                                "Parallel Aware": true,
                                "Join Type": "Inner",
                                "Startup Cost": 21919.0,
                                "Total Cost": 85959.02,
                                "Plan Rows": 190457,
                                "Plan Width": 35,
                                "Actual Startup Time": 462.825,
                                "Actual Total Time": 1558.518,
                                "Actual Rows": 296078,
                                "Actual Loops": 1,
                                "Inner Unique": false,
                                "Hash Cond": "(t.id = mi_idx.movie_id)",
                                "Plans": [
                                  {
                                    "Node Type": "Seq Scan",
                                    "Parent Relationship": "Outer",
                                    "Parallel Aware": true,
                                    "Relation Name": "title",
                                    "Alias": "t",
                                    "Startup Cost": 0.0,
                                    "Total Cost": 58305.62,
                                    "Plan Rows": 922812,
                                    "Plan Width": 21,
                                    "Actual Startup Time": 0.009,
                                    "Actual Total Time": 368.209,
                                    "Actual Rows": 1567053,
                                    "Actual Loops": 1,
                                    "Filter": "((production_year >= 1997) AND (production_year <= 2013))",
                                    "Rows Removed by Filter": 961259
                                  },
                                  {
                                    "Node Type": "Hash",
                                    "Parent Relationship": "Inner",
                                    "Parallel Aware": true,
                                    "Startup Cost": 18082.32,
                                    "Total Cost": 18082.32,
                                    "Plan Rows": 306935,
                                    "Plan Width": 14,
                                    "Actual Startup Time": 451.598,
                                    "Actual Total Time": 451.599,
                                    "Actual Rows": 526276,
                                    "Actual Loops": 1,
                                    "Hash Buckets": 1048576,
                                    "Original Hash Buckets": 524288,
                                    "Hash Batches": 1,
                                    "Original Hash Batches": 1,
                                    "Peak Memory Usage": 37088,
                                    "Plans": [
                                      {
                                        "Node Type": "Seq Scan",
                                        "Parent Relationship": "Outer",
                                        "Parallel Aware": true,
                                        "Relation Name": "movie_info_idx",
                                        "Alias": "mi_idx",
                                        "Startup Cost": 0.0,
                                        "Total Cost": 18082.32,
                                        "Plan Rows": 306935,
                                        "Plan Width": 14,
                                        "Actual Startup Time": 0.031,
                                        "Actual Total Time": 243.162,
                                        "Actual Rows": 526276,
                                        "Actual Loops": 1,
                                        "Filter": "(info > '5'::text)",
                                        "Rows Removed by Filter": 853759
                                      }
                                    ]
                                  }
                                ]
                              },
                              {
                                "Node Type": "Hash",
                                "Parent Relationship": "Inner",
                                "Parallel Aware": false,
                                "Startup Cost": 2.41,
                                "Total Cost": 2.41,
                                "Plan Rows": 1,
                                "Plan Width": 4,
                                "Actual Startup Time": 0.041,
                                "Actual Total Time": 0.042,
                                "Actual Rows": 1,
                                "Actual Loops": 1,
                                "Hash Buckets": 1024,
                                "Original Hash Buckets": 1024,
                                "Hash Batches": 1,
                                "Original Hash Batches": 1,
                                "Peak Memory Usage": 9,
                                "Plans": [
                                  {
                                    "Node Type": "Seq Scan",
                                    "Parent Relationship": "Outer",
                                    "Parallel Aware": false,
                                    "Relation Name": "info_type",
                                    "Alias": "it2",
                                    "Startup Cost": 0.0,
                                    "Total Cost": 2.41,
                                    "Plan Rows": 1,
                                    "Plan Width": 4,
                                    "Actual Startup Time": 0.033,
                                    "Actual Total Time": 0.037,
                                    "Actual Rows": 1,
                                    "Actual Loops": 1,
                                    "Filter": "((info)::text = 'rating'::text)",
                                    "Rows Removed by Filter": 112
                                  }
                                ]
                              }
                            ]
                          },
                          {
                            "Node Type": "Index Scan",
                            "Parent Relationship": "Inner",
                            "Parallel Aware": false,
                            "Scan Direction": "Forward",
                            "Index Name": "movie_id_movie_info",
                            "Relation Name": "movie_info",
                            "Alias": "mi",
                            "Startup Cost": 0.43,
                            "Total Cost": 1.77,
                            "Plan Rows": 1,
                            "Plan Width": 51,
                            "Actual Startup Time": 0.012,
                            "Actual Total Time": 0.012,
                            "Actual Rows": 0,
                            "Actual Loops": 198978,
                            "Index Cond": "(movie_id = t.id)",
                            "Rows Removed by Index Recheck": 0,
                            "Filter": "((note IS NULL) AND (info = ANY ('{Family,Drama}'::text[])))",
                            "Rows Removed by Filter": 15
                          }
                        ]
                      },
                      {
                        "Node Type": "Index Scan",
                        "Parent Relationship": "Inner",
                        "Parallel Aware": false,
                        "Scan Direction": "Forward",
                        "Index Name": "movie_id_cast_info",
                        "Relation Name": "cast_info",
                        "Alias": "ci",
                        "Startup Cost": 0.56,
                        "Total Cost": 2.35,
                        "Plan Rows": 4,
                        "Plan Width": 8,
                        "Actual Startup Time": 0.026,
                        "Actual Total Time": 0.059,
                        "Actual Rows": 4,
                        "Actual Loops": 44472,
                        "Index Cond": "(movie_id = t.id)",
                        "Rows Removed by Index Recheck": 0,
                        "Filter": "(note = ANY ('{(writer),(uncredited),\"(executive producer)\",(producer),(voice)}'::text[]))",
                        "Rows Removed by Filter": 33
                      }
                    ]
                  },
                  {
                    "Node Type": "Index Scan",
                    "Parent Relationship": "Inner",
                    "Parallel Aware": false,
                    "Scan Direction": "Forward",
                    "Index Name": "name_pkey",
                    "Relation Name": "name",
                    "Alias": "n",
                    "Startup Cost": 0.43,
                    "Total Cost": 0.51,
                    "Plan Rows": 1,
                    "Plan Width": 4,
                    "Actual Startup Time": 0.005,
                    "Actual Total Time": 0.005,
                    "Actual Rows": 0,
                    "Actual Loops": 178446,
                    "Index Cond": "(id = ci.person_id)",
                    "Rows Removed by Index Recheck": 0,
                    "Filter": "((gender IS NOT NULL) AND ((gender)::text = 'm'::text))",
                    "Rows Removed by Filter": 1
                  }
                ]
              },
              {
                "Node Type": "Hash",
                "Parent Relationship": "Inner",
                "Parallel Aware": false,
                "Startup Cost": 2.41,
                "Total Cost": 2.41,
                "Plan Rows": 1,
                "Plan Width": 4,
                "Actual Startup Time": 0.054,
                "Actual Total Time": 0.055,
                "Actual Rows": 1,
                "Actual Loops": 1,
                "Hash Buckets": 1024,
                "Original Hash Buckets": 1024,
                "Hash Batches": 1,
                "Original Hash Batches": 1,
                "Peak Memory Usage": 9,
                "Plans": [
                  {
                    "Node Type": "Seq Scan",
                    "Parent Relationship": "Outer",
                    "Parallel Aware": false,
                    "Relation Name": "info_type",
                    "Alias": "it1",
                    "Startup Cost": 0.0,
                    "Total Cost": 2.41,
                    "Plan Rows": 1,
                    "Plan Width": 4,
                    "Actual Startup Time": 0.026,
                    "Actual Total Time": 0.047,
                    "Actual Rows": 1,
                    "Actual Loops": 1,
                    "Filter": "((info)::text = 'genres'::text)",
                    "Rows Removed by Filter": 112
                  }
                ]
              }
            ]
          }
        ]
      }
    ]
  },
  "Planning Time": 2.466,
  "Triggers": [],
  "Execution Time": 7600.832
}