{
  "Plan": {
    "Node Type": "Aggregate",
    "Strategy": "Plain",
    "Partial Mode": "Finalize",
    "Parallel Aware": false,
    "Startup Cost": 436230.67,
    "Total Cost": 436230.68,
    "Plan Rows": 1,
    "Plan Width": 8,
    "Actual Startup Time": 1586.365,
    "Actual Total Time": 1612.518,
    "Actual Rows": 1,
    "Actual Loops": 1,
    "Plans": [
      {
        "Node Type": "Gather",
        "Parent Relationship": "Outer",
        "Parallel Aware": false,
        "Startup Cost": 436230.56,
        "Total Cost": 436230.67,
        "Plan Rows": 1,
        "Plan Width": 8,
        "Actual Startup Time": 1579.284,
        "Actual Total Time": 1612.507,
        "Actual Rows": 2,
        "Actual Loops": 1,
        "Workers Planned": 1,
        "Workers Launched": 1,
        "Single Copy": false,
        "Plans": [
          {
            "Node Type": "Aggregate",
            "Strategy": "Plain",
            "Partial Mode": "Partial",
            "Parent Relationship": "Outer",
            "Parallel Aware": false,
            "Startup Cost": 435230.56,
            "Total Cost": 435230.57,
            "Plan Rows": 1,
            "Plan Width": 8,
            "Actual Startup Time": 1573.445,
            "Actual Total Time": 1575.07,
            "Actual Rows": 1,
            "Actual Loops": 2,
            "Plans": [
              {
                "Node Type": "Hash Join",
                "Parent Relationship": "Outer",
                "Parallel Aware": true,
                "Join Type": "Inner",
                "Startup Cost": 161017.59,
                "Total Cost": 434158.83,
                "Plan Rows": 428691,
                "Plan Width": 0,
                "Actual Startup Time": 1074.547,
                "Actual Total Time": 1521.348,
                "Actual Rows": 1228977,
                "Actual Loops": 2,
                "Inner Unique": false,
                "Hash Cond": "(ci.movie_id = t.id)",
                "Plans": [
                  {
                    "Node Type": "Bitmap Heap Scan",
                    "Parent Relationship": "Outer",
                    "Parallel Aware": true,
                    "Relation Name": "cast_info",
                    "Alias": "ci",
                    "Startup Cost": 41435.7,
                    "Total Cost": 307916.95,
                    "Plan Rows": 1103540,
                    "Plan Width": 4,
                    "Actual Startup Time": 84.252,
                    "Actual Total Time": 184.878,
                    "Actual Rows": 948170,
                    "Actual Loops": 2,
                    "Recheck Cond": "(person_id < 186641)",
                    "Rows Removed by Index Recheck": 0,
                    "Exact Heap Blocks": 10583,
                    "Lossy Heap Blocks": 0,
                    "Plans": [
                      {
                        "Node Type": "Bitmap Index Scan",
                        "Parent Relationship": "Outer",
                        "Parallel Aware": false,
                        "Index Name": "person_id_cast_info",
                        "Startup Cost": 0.0,
                        "Total Cost": 40966.7,
                        "Plan Rows": 1876018,
                        "Plan Width": 0,
                        "Actual Startup Time": 81.251,
                        "Actual Total Time": 81.252,
                        "Actual Rows": 1896341,
                        "Actual Loops": 1,
                        "Index Cond": "(person_id < 186641)"
                      }
                    ]
                  },
                  {
                    "Node Type": "Hash",
                    "Parent Relationship": "Inner",
                    "Parallel Aware": true,
                    "Startup Cost": 112360.12,
                    "Total Cost": 112360.12,
                    "Plan Rows": 577742,
                    "Plan Width": 8,
                    "Actual Startup Time": 979.864,
                    "Actual Total Time": 981.486,
                    "Actual Rows": 631182,
                    "Actual Loops": 2,
                    "Hash Buckets": 2097152,
                    "Original Hash Buckets": 1048576,
                    "Hash Batches": 1,
                    "Original Hash Batches": 1,
                    "Peak Memory Usage": 73984,
                    "Plans": [
                      {
                        "Node Type": "Hash Join",
                        "Parent Relationship": "Outer",
                        "Parallel Aware": true,
                        "Join Type": "Inner",
                        "Startup Cost": 48796.13,
                        "Total Cost": 112360.12,
                        "Plan Rows": 577742,
                        "Plan Width": 8,
                        "Actual Startup Time": 291.906,
                        "Actual Total Time": 808.429,
                        "Actual Rows": 631182,
                        "Actual Loops": 2,
                        "Inner Unique": false,
                        "Hash Cond": "(t.id = mc.movie_id)",
                        "Plans": [
                          {
                            "Node Type": "Seq Scan",
                            "Parent Relationship": "Outer",
                            "Parallel Aware": true,
                            "Relation Name": "title",
                            "Alias": "t",
                            "Startup Cost": 0.0,
                            "Total Cost": 50870.31,
                            "Plan Rows": 1487231,
                            "Plan Width": 4,
                            "Actual Startup Time": 0.01,
                            "Actual Total Time": 123.598,
                            "Actual Rows": 1264156,
                            "Actual Loops": 2
                          },
                          {
                            "Node Type": "Hash",
                            "Parent Relationship": "Inner",
                            "Parallel Aware": true,
                            "Startup Cost": 41574.35,
                            "Total Cost": 41574.35,
                            "Plan Rows": 577742,
                            "Plan Width": 4,
                            "Actual Startup Time": 286.326,
                            "Actual Total Time": 286.327,
                            "Actual Rows": 631182,
                            "Actual Loops": 2,
                            "Hash Buckets": 2097152,
                            "Original Hash Buckets": 1048576,
                            "Hash Batches": 1,
                            "Original Hash Batches": 1,
                            "Peak Memory Usage": 73984,
                            "Plans": [
                              {
                                "Node Type": "Index Scan",
                                "Parent Relationship": "Outer",
                                "Parallel Aware": true,
                                "Scan Direction": "Forward",
                                "Index Name": "company_type_id_movie_companies",
                                "Relation Name": "movie_companies",
                                "Alias": "mc",
                                "Startup Cost": 0.43,
                                "Total Cost": 41574.35,
                                "Plan Rows": 577742,
                                "Plan Width": 4,
                                "Actual Startup Time": 0.115,
                                "Actual Total Time": 132.965,
                                "Actual Rows": 631182,
                                "Actual Loops": 2,
                                "Index Cond": "(company_type_id = 1)",
                                "Rows Removed by Index Recheck": 0,
                                "Filter": "(company_id < 60533)",
                                "Rows Removed by Filter": 5942
                              }
                            ]
                          }
                        ]
                      }
                    ]
                  }
                ]
              }
            ]
          }
        ]
      }
    ]
  },
  "Planning Time": 1.03,
  "Triggers": [],
  "Execution Time": 1612.63
}