{
  "Plan": {
    "Node Type": "Aggregate",
    "Strategy": "Plain",
    "Partial Mode": "Finalize",
    "Parallel Aware": false,
    "Startup Cost": 136527.1,
    "Total Cost": 136527.11,
    "Plan Rows": 1,
    "Plan Width": 8,
    "Actual Startup Time": 861.851,
    "Actual Total Time": 876.963,
    "Actual Rows": 1,
    "Actual Loops": 1,
    "Plans": [
      {
        "Node Type": "Gather",
        "Parent Relationship": "Outer",
        "Parallel Aware": false,
        "Startup Cost": 136526.99,
        "Total Cost": 136527.1,
        "Plan Rows": 1,
        "Plan Width": 8,
        "Actual Startup Time": 858.345,
        "Actual Total Time": 876.955,
        "Actual Rows": 2,
        "Actual Loops": 1,
        "Workers Planned": 1,
        "Workers Launched": 1,
        "Single Copy": false,
        "Plans": [
          {
            "Node Type": "Aggregate",
            "Strategy": "Plain",
            "Partial Mode": "Partial",
            "Parent Relationship": "Outer",
            "Parallel Aware": false,
            "Startup Cost": 135526.99,
            "Total Cost": 135527.0,
            "Plan Rows": 1,
            "Plan Width": 8,
            "Actual Startup Time": 851.651,
            "Actual Total Time": 851.658,
            "Actual Rows": 1,
            "Actual Loops": 2,
            "Plans": [
              {
                "Node Type": "Hash Join",
                "Parent Relationship": "Outer",
                "Parallel Aware": true,
                "Join Type": "Inner",
                "Startup Cost": 102721.38,
                "Total Cost": 135320.35,
                "Plan Rows": 82655,
                "Plan Width": 0,
                "Actual Startup Time": 614.889,
                "Actual Total Time": 824.687,
                "Actual Rows": 603203,
                "Actual Loops": 2,
                "Inner Unique": false,
                "Hash Cond": "(mk.movie_id = t.id)",
                "Plans": [
                  {
                    "Node Type": "Bitmap Heap Scan",
                    "Parent Relationship": "Outer",
                    "Parallel Aware": true,
                    "Relation Name": "movie_keyword",
                    "Alias": "mk",
                    "Startup Cost": 16997.93,
                    "Total Cost": 47343.3,
                    "Plan Rows": 471309,
                    "Plan Width": 4,
                    "Actual Startup Time": 44.577,
                    "Actual Total Time": 138.987,
                    "Actual Rows": 404912,
                    "Actual Loops": 2,
                    "Recheck Cond": "(keyword_id < 784)",
                    "Rows Removed by Index Recheck": 0,
                    "Exact Heap Blocks": 13956,
                    "Lossy Heap Blocks": 0,
                    "Plans": [
                      {
                        "Node Type": "Bitmap Index Scan",
                        "Parent Relationship": "Outer",
                        "Parallel Aware": false,
                        "Index Name": "keyword_id_movie_keyword",
                        "Startup Cost": 0.0,
                        "Total Cost": 16797.63,
                        "Plan Rows": 801226,
                        "Plan Width": 0,
                        "Actual Startup Time": 40.986,
                        "Actual Total Time": 40.987,
                        "Actual Rows": 809825,
                        "Actual Loops": 1,
                        "Index Cond": "(keyword_id < 784)"
                      }
                    ]
                  },
                  {
                    "Node Type": "Hash",
                    "Parent Relationship": "Inner",
                    "Parallel Aware": true,
                    "Startup Cost": 82463.19,
                    "Total Cost": 82463.19,
                    "Plan Rows": 260820,
                    "Plan Width": 8,
                    "Actual Startup Time": 564.78,
                    "Actual Total Time": 564.785,
                    "Actual Rows": 382775,
                    "Actual Loops": 2,
                    "Hash Buckets": 1048576,
                    "Original Hash Buckets": 524288,
                    "Hash Batches": 1,
                    "Original Hash Batches": 1,
                    "Peak Memory Usage": 42240,
                    "Plans": [
                      {
                        "Node Type": "Hash Join",
                        "Parent Relationship": "Outer",
                        "Parallel Aware": true,
                        "Join Type": "Inner",
                        "Startup Cost": 64279.41,
                        "Total Cost": 82463.19,
                        "Plan Rows": 260820,
                        "Plan Width": 8,
                        "Actual Startup Time": 277.045,
                        "Actual Total Time": 474.15,
                        "Actual Rows": 382775,
                        "Actual Loops": 2,
                        "Inner Unique": true,
                        "Hash Cond": "(mi_idx.movie_id = t.id)",
                        "Plans": [
                          {
                            "Node Type": "Seq Scan",
                            "Parent Relationship": "Outer",
                            "Parallel Aware": true,
                            "Relation Name": "movie_info_idx",
                            "Alias": "mi_idx",
                            "Startup Cost": 0.0,
                            "Total Cost": 16052.85,
                            "Plan Rows": 811785,
                            "Plan Width": 4,
                            "Actual Startup Time": 0.019,
                            "Actual Total Time": 53.9,
                            "Actual Rows": 690018,
                            "Actual Loops": 2
                          },
                          {
                            "Node Type": "Hash",
                            "Parent Relationship": "Inner",
                            "Parallel Aware": true,
                            "Startup Cost": 58306.47,
                            "Total Cost": 58306.47,
                            "Plan Rows": 477835,
                            "Plan Width": 4,
                            "Actual Startup Time": 270.779,
                            "Actual Total Time": 270.78,
                            "Actual Rows": 359865,
                            "Actual Loops": 2,
                            "Hash Buckets": 1048576,
                            "Original Hash Buckets": 1048576,
                            "Hash Batches": 1,
                            "Original Hash Batches": 1,
                            "Peak Memory Usage": 36384,
                            "Plans": [
                              {
                                "Node Type": "Seq Scan",
                                "Parent Relationship": "Outer",
                                "Parallel Aware": true,
                                "Relation Name": "title",
                                "Alias": "t",
                                "Startup Cost": 0.0,
                                "Total Cost": 58306.47,
                                "Plan Rows": 477835,
                                "Plan Width": 4,
                                "Actual Startup Time": 0.039,
                                "Actual Total Time": 160.237,
                                "Actual Rows": 359865,
                                "Actual Loops": 2,
                                "Filter": "((kind_id < 7) AND (production_year > 1971))",
                                "Rows Removed by Filter": 904291
                              }
                            ]
                          }
                        ]
                      }
                    ]
                  }
                ]
              }
            ]
          }
        ]
      }
    ]
  },
  "Planning Time": 1.022,
  "Triggers": [],
  "Execution Time": 877.062
}