[
  {
    "Plan": {
      "Node Type": "Aggregate",
      "Strategy": "Plain",
      "Partial Mode": "Finalize",
      "Parallel Aware": false,
      "Startup Cost": 347419.08,
      "Total Cost": 347419.09,
      "Plan Rows": 1,
      "Plan Width": 8,
      "Actual Startup Time": 756.042,
      "Actual Total Time": 802.837,
      "Actual Rows": 1,
      "Actual Loops": 1,
      "Plans": [
        {
          "Node Type": "Gather",
          "Parent Relationship": "Outer",
          "Parallel Aware": false,
          "Startup Cost": 347418.46,
          "Total Cost": 347419.07,
          "Plan Rows": 6,
          "Plan Width": 8,
          "Actual Startup Time": 755.842,
          "Actual Total Time": 802.825,
          "Actual Rows": 7,
          "Actual Loops": 1,
          "Workers Planned": 6,
          "Workers Launched": 6,
          "Single Copy": false,
          "Plans": [
            {
              "Node Type": "Aggregate",
              "Strategy": "Plain",
              "Partial Mode": "Partial",
              "Parent Relationship": "Outer",
              "Parallel Aware": false,
              "Startup Cost": 346418.46,
              "Total Cost": 346418.47,
              "Plan Rows": 1,
              "Plan Width": 8,
              "Actual Startup Time": 748.87,
              "Actual Total Time": 748.872,
              "Actual Rows": 1,
              "Actual Loops": 7,
              "Plans": [
                {
                  "Node Type": "Seq Scan",
                  "Parent Relationship": "Outer",
                  "Parallel Aware": true,
                  "Relation Name": "cast_info",
                  "Alias": "ci",
                  "Startup Cost": 0.0,
                  "Total Cost": 343316.27,
                  "Plan Rows": 1240874,
                  "Plan Width": 0,
                  "Actual Startup Time": 357.709,
                  "Actual Total Time": 673.22,
                  "Actual Rows": 1566433,
                  "Actual Loops": 7,
                  "Filter": "((person_id > 1967323) AND (role_id > 2))",
                  "Rows Removed by Filter": 3611330
                }
              ]
            }
          ]
        }
      ]
    },
    "Planning Time": 0.251,
    "Triggers": [],
    "Execution Time": 802.908
  }
]