{
  "Plan": {
    "Node Type": "Aggregate",
    "Strategy": "Plain",
    "Partial Mode": "Simple",
    "Parallel Aware": false,
    "Startup Cost": 3801.91,
    "Total Cost": 3801.92,
    "Plan Rows": 1,
    "Plan Width": 8,
    "Actual Startup Time": 330.426,
    "Actual Total Time": 330.436,
    "Actual Rows": 1,
    "Actual Loops": 1,
    "Plans": [
      {
        "Node Type": "Nested Loop",
        "Parent Relationship": "Outer",
        "Parallel Aware": false,
        "Join Type": "Inner",
        "Startup Cost": 15.65,
        "Total Cost": 3801.91,
        "Plan Rows": 1,
        "Plan Width": 0,
        "Actual Startup Time": 4.459,
        "Actual Total Time": 330.248,
        "Actual Rows": 1620,
        "Actual Loops": 1,
        "Inner Unique": true,
        "Plans": [
          {
            "Node Type": "Nested Loop",
            "Parent Relationship": "Outer",
            "Parallel Aware": false,
            "Join Type": "Inner",
            "Startup Cost": 15.52,
            "Total Cost": 3801.73,
            "Plan Rows": 1,
            "Plan Width": 4,
            "Actual Startup Time": 4.449,
            "Actual Total Time": 328.685,
            "Actual Rows": 1620,
            "Actual Loops": 1,
            "Inner Unique": true,
            "Plans": [
              {
                "Node Type": "Nested Loop",
                "Parent Relationship": "Outer",
                "Parallel Aware": false,
                "Join Type": "Inner",
                "Startup Cost": 15.1,
                "Total Cost": 3801.29,
                "Plan Rows": 1,
                "Plan Width": 8,
                "Actual Startup Time": 4.432,
                "Actual Total Time": 319.386,
                "Actual Rows": 7128,
                "Actual Loops": 1,
                "Inner Unique": false,
                "Join Filter": "(n.id = an.person_id)",
                "Rows Removed by Join Filter": 0,
                "Plans": [
                  {
                    "Node Type": "Nested Loop",
                    "Parent Relationship": "Outer",
                    "Parallel Aware": false,
                    "Join Type": "Inner",
                    "Startup Cost": 14.67,
                    "Total Cost": 3800.78,
                    "Plan Rows": 1,
                    "Plan Width": 20,
                    "Actual Startup Time": 4.41,
                    "Actual Total Time": 314.105,
                    "Actual Rows": 2376,
                    "Actual Loops": 1,
                    "Inner Unique": true,
                    "Plans": [
                      {
                        "Node Type": "Nested Loop",
                        "Parent Relationship": "Outer",
                        "Parallel Aware": false,
                        "Join Type": "Inner",
                        "Startup Cost": 14.53,
                        "Total Cost": 3800.6,
                        "Plan Rows": 1,
                        "Plan Width": 24,
                        "Actual Startup Time": 4.043,
                        "Actual Total Time": 308.181,
                        "Actual Rows": 7172,
                        "Actual Loops": 1,
                        "Inner Unique": true,
                        "Plans": [
                          {
                            "Node Type": "Nested Loop",
                            "Parent Relationship": "Outer",
                            "Parallel Aware": false,
                            "Join Type": "Inner",
                            "Startup Cost": 14.39,
                            "Total Cost": 3800.42,
                            "Plan Rows": 1,
                            "Plan Width": 28,
                            "Actual Startup Time": 4.029,
                            "Actual Total Time": 301.54,
                            "Actual Rows": 7172,
                            "Actual Loops": 1,
                            "Inner Unique": false,
                            "Plans": [
                              {
                                "Node Type": "Nested Loop",
                                "Parent Relationship": "Outer",
                                "Parallel Aware": false,
                                "Join Type": "Inner",
                                "Startup Cost": 13.95,
                                "Total Cost": 3798.89,
                                "Plan Rows": 1,
                                "Plan Width": 44,
                                "Actual Startup Time": 3.964,
                                "Actual Total Time": 24.331,
                                "Actual Rows": 3586,
                                "Actual Loops": 1,
                                "Inner Unique": true,
                                "Plans": [
                                  {
                                    "Node Type": "Nested Loop",
                                    "Parent Relationship": "Outer",
                                    "Parallel Aware": false,
                                    "Join Type": "Inner",
                                    "Startup Cost": 13.52,
                                    "Total Cost": 3797.97,
                                    "Plan Rows": 1,
                                    "Plan Width": 48,
                                    "Actual Startup Time": 3.943,
                                    "Actual Total Time": 18.859,
                                    "Actual Rows": 3586,
                                    "Actual Loops": 1,
                                    "Inner Unique": false,
                                    "Join Filter": "(n.id = pi.person_id)",
                                    "Rows Removed by Join Filter": 0,
                                    "Plans": [
                                      {
                                        "Node Type": "Nested Loop",
                                        "Parent Relationship": "Outer",
                                        "Parallel Aware": false,
                                        "Join Type": "Inner",
                                        "Startup Cost": 13.09,
                                        "Total Cost": 3796.52,
                                        "Plan Rows": 1,
                                        "Plan Width": 40,
                                        "Actual Startup Time": 3.879,
                                        "Actual Total Time": 17.616,
                                        "Actual Rows": 22,
                                        "Actual Loops": 1,
                                        "Inner Unique": true,
                                        "Plans": [
                                          {
                                            "Node Type": "Nested Loop",
                                            "Parent Relationship": "Outer",
                                            "Parallel Aware": false,
                                            "Join Type": "Inner",
                                            "Startup Cost": 12.66,
                                            "Total Cost": 3795.73,
                                            "Plan Rows": 1,
                                            "Plan Width": 36,
                                            "Actual Startup Time": 3.532,
                                            "Actual Total Time": 15.722,
                                            "Actual Rows": 836,
                                            "Actual Loops": 1,
                                            "Inner Unique": false,
                                            "Plans": [
                                              {
                                                "Node Type": "Nested Loop",
                                                "Parent Relationship": "Outer",
                                                "Parallel Aware": false,
                                                "Join Type": "Inner",
                                                "Startup Cost": 12.1,
                                                "Total Cost": 3794.09,
                                                "Plan Rows": 1,
                                                "Plan Width": 20,
                                                "Actual Startup Time": 3.492,
                                                "Actual Total Time": 12.641,
                                                "Actual Rows": 22,
                                                "Actual Loops": 1,
                                                "Inner Unique": true,
                                                "Join Filter": "(cc.subject_id = cct1.id)",
                                                "Rows Removed by Join Filter": 0,
                                                "Plans": [
                                                  {
                                                    "Node Type": "Nested Loop",
                                                    "Parent Relationship": "Outer",
                                                    "Parallel Aware": false,
                                                    "Join Type": "Inner",
                                                    "Startup Cost": 12.1,
                                                    "Total Cost": 3793.03,
                                                    "Plan Rows": 1,
                                                    "Plan Width": 24,
                                                    "Actual Startup Time": 3.474,
                                                    "Actual Total Time": 12.535,
                                                    "Actual Rows": 22,
                                                    "Actual Loops": 1,
                                                    "Inner Unique": false,
                                                    "Plans": [
                                                      {
                                                        "Node Type": "Nested Loop",
                                                        "Parent Relationship": "Outer",
                                                        "Parallel Aware": false,
                                                        "Join Type": "Inner",
                                                        "Startup Cost": 11.67,
                                                        "Total Cost": 3792.44,
                                                        "Plan Rows": 1,
                                                        "Plan Width": 16,
                                                        "Actual Startup Time": 3.454,
                                                        "Actual Total Time": 12.494,
                                                        "Actual Rows": 1,
                                                        "Actual Loops": 1,
                                                        "Inner Unique": true,
                                                        "Plans": [
                                                          {
                                                            "Node Type": "Nested Loop",
                                                            "Parent Relationship": "Outer",
                                                            "Parallel Aware": false,
                                                            "Join Type": "Inner",
                                                            "Startup Cost": 11.24,
                                                            "Total Cost": 3786.49,
                                                            "Plan Rows": 12,
                                                            "Plan Width": 12,
                                                            "Actual Startup Time": 1.119,
                                                            "Actual Total Time": 12.246,
                                                            "Actual Rows": 25,
                                                            "Actual Loops": 1,
                                                            "Inner Unique": false,
                                                            "Join Filter": "(cc.status_id = cct2.id)",
                                                            "Rows Removed by Join Filter": 65,
                                                            "Plans": [
                                                              {
                                                                "Node Type": "Seq Scan",
                                                                "Parent Relationship": "Outer",
                                                                "Parallel Aware": false,
                                                                "Relation Name": "comp_cast_type",
                                                                "Alias": "cct2",
                                                                "Startup Cost": 0.0,
                                                                "Total Cost": 1.05,
                                                                "Plan Rows": 1,
                                                                "Plan Width": 4,
                                                                "Actual Startup Time": 0.022,
                                                                "Actual Total Time": 0.023,
                                                                "Actual Rows": 1,
                                                                "Actual Loops": 1,
                                                                "Filter": "((kind)::text = 'complete+verified'::text)",
                                                                "Rows Removed by Filter": 3
                                                              },
                                                              {
                                                                "Node Type": "Nested Loop",
                                                                "Parent Relationship": "Inner",
                                                                "Parallel Aware": false,
                                                                "Join Type": "Inner",
                                                                "Startup Cost": 11.24,
                                                                "Total Cost": 3784.87,
                                                                "Plan Rows": 46,
                                                                "Plan Width": 16,
                                                                "Actual Startup Time": 0.544,
                                                                "Actual Total Time": 12.197,
                                                                "Actual Rows": 90,
                                                                "Actual Loops": 1,
                                                                "Inner Unique": false,
                                                                "Plans": [
                                                                  {
                                                                    "Node Type": "Nested Loop",
                                                                    "Parent Relationship": "Outer",
                                                                    "Parallel Aware": false,
                                                                    "Join Type": "Inner",
                                                                    "Startup Cost": 10.82,
                                                                    "Total Cost": 3768.68,
                                                                    "Plan Rows": 34,
                                                                    "Plan Width": 4,
                                                                    "Actual Startup Time": 0.356,
                                                                    "Actual Total Time": 10.115,
                                                                    "Actual Rows": 414,
                                                                    "Actual Loops": 1,
                                                                    "Inner Unique": false,
                                                                    "Plans": [
                                                                      {
                                                                        "Node Type": "Seq Scan",
                                                                        "Parent Relationship": "Outer",
                                                                        "Parallel Aware": false,
                                                                        "Relation Name": "keyword",
                                                                        "Alias": "k",
                                                                        "Startup Cost": 0.0,
                                                                        "Total Cost": 2626.12,
                                                                        "Plan Rows": 1,
                                                                        "Plan Width": 4,
                                                                        "Actual Startup Time": 0.096,
                                                                        "Actual Total Time": 8.66,
                                                                        "Actual Rows": 1,
                                                                        "Actual Loops": 1,
                                                                        "Filter": "(keyword = 'computer-animation'::text)",
                                                                        "Rows Removed by Filter": 134169
                                                                      },
                                                                      {
                                                                        "Node Type": "Bitmap Heap Scan",
                                                                        "Parent Relationship": "Inner",
                                                                        "Parallel Aware": false,
                                                                        "Relation Name": "movie_keyword",
                                                                        "Alias": "mk",
                                                                        "Startup Cost": 10.82,
                                                                        "Total Cost": 1139.48,
                                                                        "Plan Rows": 308,
                                                                        "Plan Width": 8,
                                                                        "Actual Startup Time": 0.248,
                                                                        "Actual Total Time": 1.353,
                                                                        "Actual Rows": 414,
                                                                        "Actual Loops": 1,
                                                                        "Recheck Cond": "(keyword_id = k.id)",
                                                                        "Rows Removed by Index Recheck": 0,
                                                                        "Exact Heap Blocks": 358,
                                                                        "Lossy Heap Blocks": 0,
                                                                        "Plans": [
                                                                          {
                                                                            "Node Type": "Bitmap Index Scan",
                                                                            "Parent Relationship": "Outer",
                                                                            "Parallel Aware": false,
                                                                            "Index Name": "keyword_id_movie_keyword",
                                                                            "Startup Cost": 0.0,
                                                                            "Total Cost": 10.74,
                                                                            "Plan Rows": 308,
                                                                            "Plan Width": 0,
                                                                            "Actual Startup Time": 0.124,
                                                                            "Actual Total Time": 0.124,
                                                                            "Actual Rows": 414,
                                                                            "Actual Loops": 1,
                                                                            "Index Cond": "(keyword_id = k.id)"
                                                                          }
                                                                        ]
                                                                      }
                                                                    ]
                                                                  },
                                                                  {
                                                                    "Node Type": "Index Scan",
                                                                    "Parent Relationship": "Inner",
                                                                    "Parallel Aware": false,
                                                                    "Scan Direction": "Forward",
                                                                    "Index Name": "movie_id_complete_cast",
                                                                    "Relation Name": "complete_cast",
                                                                    "Alias": "cc",
                                                                    "Startup Cost": 0.42,
                                                                    "Total Cost": 0.46,
                                                                    "Plan Rows": 2,
                                                                    "Plan Width": 12,
                                                                    "Actual Startup Time": 0.004,
                                                                    "Actual Total Time": 0.005,
                                                                    "Actual Rows": 0,
                                                                    "Actual Loops": 414,
                                                                    "Index Cond": "(movie_id = mk.movie_id)",
                                                                    "Rows Removed by Index Recheck": 0
                                                                  }
                                                                ]
                                                              }
                                                            ]
                                                          },
                                                          {
                                                            "Node Type": "Index Scan",
                                                            "Parent Relationship": "Inner",
                                                            "Parallel Aware": false,
                                                            "Scan Direction": "Forward",
                                                            "Index Name": "title_pkey",
                                                            "Relation Name": "title",
                                                            "Alias": "t",
                                                            "Startup Cost": 0.43,
                                                            "Total Cost": 0.49,
                                                            "Plan Rows": 1,
                                                            "Plan Width": 4,
                                                            "Actual Startup Time": 0.009,
                                                            "Actual Total Time": 0.009,
                                                            "Actual Rows": 0,
                                                            "Actual Loops": 25,
                                                            "Index Cond": "(id = mk.movie_id)",
                                                            "Rows Removed by Index Recheck": 0,
                                                            "Filter": "((production_year >= 1995) AND (production_year <= 2013) AND (title = 'Shrek 2'::text))",
                                                            "Rows Removed by Filter": 1
                                                          }
                                                        ]
                                                      },
                                                      {
                                                        "Node Type": "Index Scan",
                                                        "Parent Relationship": "Inner",
                                                        "Parallel Aware": false,
                                                        "Scan Direction": "Forward",
                                                        "Index Name": "movie_id_movie_companies",
                                                        "Relation Name": "movie_companies",
                                                        "Alias": "mc",
                                                        "Startup Cost": 0.43,
                                                        "Total Cost": 0.54,
                                                        "Plan Rows": 5,
                                                        "Plan Width": 8,
                                                        "Actual Startup Time": 0.017,
                                                        "Actual Total Time": 0.031,
                                                        "Actual Rows": 22,
                                                        "Actual Loops": 1,
                                                        "Index Cond": "(movie_id = mk.movie_id)",
                                                        "Rows Removed by Index Recheck": 0
                                                      }
                                                    ]
                                                  },
                                                  {
                                                    "Node Type": "Seq Scan",
                                                    "Parent Relationship": "Inner",
                                                    "Parallel Aware": false,
                                                    "Relation Name": "comp_cast_type",
                                                    "Alias": "cct1",
                                                    "Startup Cost": 0.0,
                                                    "Total Cost": 1.05,
                                                    "Plan Rows": 1,
                                                    "Plan Width": 4,
                                                    "Actual Startup Time": 0.002,
                                                    "Actual Total Time": 0.002,
                                                    "Actual Rows": 1,
                                                    "Actual Loops": 22,
                                                    "Filter": "((kind)::text = 'cast'::text)",
                                                    "Rows Removed by Filter": 0
                                                  }
                                                ]
                                              },
                                              {
                                                "Node Type": "Index Scan",
                                                "Parent Relationship": "Inner",
                                                "Parallel Aware": false,
                                                "Scan Direction": "Forward",
                                                "Index Name": "movie_id_cast_info",
                                                "Relation Name": "cast_info",
                                                "Alias": "ci",
                                                "Startup Cost": 0.56,
                                                "Total Cost": 1.63,
                                                "Plan Rows": 1,
                                                "Plan Width": 16,
                                                "Actual Startup Time": 0.007,
                                                "Actual Total Time": 0.135,
                                                "Actual Rows": 38,
                                                "Actual Loops": 22,
                                                "Index Cond": "(movie_id = mk.movie_id)",
                                                "Rows Removed by Index Recheck": 0,
                                                "Filter": "(note = ANY ('{(voice),\"(voice) (uncredited)\",\"(voice: English version)\"}'::text[]))",
                                                "Rows Removed by Filter": 191
                                              }
                                            ]
                                          },
                                          {
                                            "Node Type": "Index Scan",
                                            "Parent Relationship": "Inner",
                                            "Parallel Aware": false,
                                            "Scan Direction": "Forward",
                                            "Index Name": "name_pkey",
                                            "Relation Name": "name",
                                            "Alias": "n",
                                            "Startup Cost": 0.43,
                                            "Total Cost": 0.78,
                                            "Plan Rows": 1,
                                            "Plan Width": 4,
                                            "Actual Startup Time": 0.002,
                                            "Actual Total Time": 0.002,
                                            "Actual Rows": 0,
                                            "Actual Loops": 836,
                                            "Index Cond": "(id = ci.person_id)",
                                            "Rows Removed by Index Recheck": 0,
                                            "Filter": "((name ~~ '%An%'::text) AND ((gender)::text = 'f'::text))",
                                            "Rows Removed by Filter": 1
                                          }
                                        ]
                                      },
                                      {
                                        "Node Type": "Index Scan",
                                        "Parent Relationship": "Inner",
                                        "Parallel Aware": false,
                                        "Scan Direction": "Forward",
                                        "Index Name": "person_id_person_info",
                                        "Relation Name": "person_info",
                                        "Alias": "pi",
                                        "Startup Cost": 0.43,
                                        "Total Cost": 1.16,
                                        "Plan Rows": 24,
                                        "Plan Width": 8,
                                        "Actual Startup Time": 0.007,
                                        "Actual Total Time": 0.029,
                                        "Actual Rows": 163,
                                        "Actual Loops": 22,
                                        "Index Cond": "(person_id = ci.person_id)",
                                        "Rows Removed by Index Recheck": 0
                                      }
                                    ]
                                  },
                                  {
                                    "Node Type": "Index Scan",
                                    "Parent Relationship": "Inner",
                                    "Parallel Aware": false,
                                    "Scan Direction": "Forward",
                                    "Index Name": "char_name_pkey",
                                    "Relation Name": "char_name",
                                    "Alias": "chn",
                                    "Startup Cost": 0.43,
                                    "Total Cost": 0.67,
                                    "Plan Rows": 1,
                                    "Plan Width": 4,
                                    "Actual Startup Time": 0.001,
                                    "Actual Total Time": 0.001,
                                    "Actual Rows": 1,
                                    "Actual Loops": 3586,
                                    "Index Cond": "(id = ci.person_role_id)",
                                    "Rows Removed by Index Recheck": 0,
                                    "Filter": "(name = 'Queen'::text)",
                                    "Rows Removed by Filter": 0
                                  }
                                ]
                              },
                              {
                                "Node Type": "Index Scan",
                                "Parent Relationship": "Inner",
                                "Parallel Aware": false,
                                "Scan Direction": "Forward",
                                "Index Name": "movie_id_movie_info",
                                "Relation Name": "movie_info",
                                "Alias": "mi",
                                "Startup Cost": 0.43,
                                "Total Cost": 1.5,
                                "Plan Rows": 2,
                                "Plan Width": 8,
                                "Actual Startup Time": 0.008,
                                "Actual Total Time": 0.077,
                                "Actual Rows": 2,
                                "Actual Loops": 3586,
                                "Index Cond": "(movie_id = mk.movie_id)",
                                "Rows Removed by Index Recheck": 0,
                                "Filter": "((info IS NOT NULL) AND ((info ~~ 'Japan:%200%'::text) OR (info ~~ 'USA:%200%'::text)))",
                                "Rows Removed by Filter": 455
                              }
                            ]
                          },
                          {
                            "Node Type": "Index Scan",
                            "Parent Relationship": "Inner",
                            "Parallel Aware": false,
                            "Scan Direction": "Forward",
                            "Index Name": "info_type_pkey",
                            "Relation Name": "info_type",
                            "Alias": "it",
                            "Startup Cost": 0.14,
                            "Total Cost": 0.16,
                            "Plan Rows": 1,
                            "Plan Width": 4,
                            "Actual Startup Time": 0.001,
                            "Actual Total Time": 0.001,
                            "Actual Rows": 1,
                            "Actual Loops": 7172,
                            "Index Cond": "(id = mi.info_type_id)",
                            "Rows Removed by Index Recheck": 0,
                            "Filter": "((info)::text = 'release dates'::text)",
                            "Rows Removed by Filter": 0
                          }
                        ]
                      },
                      {
                        "Node Type": "Index Scan",
                        "Parent Relationship": "Inner",
                        "Parallel Aware": false,
                        "Scan Direction": "Forward",
                        "Index Name": "info_type_pkey",
                        "Relation Name": "info_type",
                        "Alias": "it3",
                        "Startup Cost": 0.14,
                        "Total Cost": 0.16,
                        "Plan Rows": 1,
                        "Plan Width": 4,
                        "Actual Startup Time": 0.001,
                        "Actual Total Time": 0.001,
                        "Actual Rows": 0,
                        "Actual Loops": 7172,
                        "Index Cond": "(id = pi.info_type_id)",
                        "Rows Removed by Index Recheck": 0,
                        "Filter": "((info)::text = 'trivia'::text)",
                        "Rows Removed by Filter": 1
                      }
                    ]
                  },
                  {
                    "Node Type": "Index Only Scan",
                    "Parent Relationship": "Inner",
                    "Parallel Aware": false,
                    "Scan Direction": "Forward",
                    "Index Name": "person_id_aka_name",
                    "Relation Name": "aka_name",
                    "Alias": "an",
                    "Startup Cost": 0.42,
                    "Total Cost": 0.48,
                    "Plan Rows": 2,
                    "Plan Width": 4,
                    "Actual Startup Time": 0.001,
                    "Actual Total Time": 0.002,
                    "Actual Rows": 3,
                    "Actual Loops": 2376,
                    "Index Cond": "(person_id = pi.person_id)",
                    "Rows Removed by Index Recheck": 0,
                    "Heap Fetches": 7128
                  }
                ]
              },
              {
                "Node Type": "Index Scan",
                "Parent Relationship": "Inner",
                "Parallel Aware": false,
                "Scan Direction": "Forward",
                "Index Name": "company_name_pkey",
                "Relation Name": "company_name",
                "Alias": "cn",
                "Startup Cost": 0.42,
                "Total Cost": 0.45,
                "Plan Rows": 1,
                "Plan Width": 4,
                "Actual Startup Time": 0.001,
                "Actual Total Time": 0.001,
                "Actual Rows": 0,
                "Actual Loops": 7128,
                "Index Cond": "(id = mc.company_id)",
                "Rows Removed by Index Recheck": 0,
                "Filter": "((country_code)::text = '[us]'::text)",
                "Rows Removed by Filter": 1
              }
            ]
          },
          {
            "Node Type": "Index Scan",
            "Parent Relationship": "Inner",
            "Parallel Aware": false,
            "Scan Direction": "Forward",
            "Index Name": "role_type_pkey",
            "Relation Name": "role_type",
            "Alias": "rt",
            "Startup Cost": 0.14,
            "Total Cost": 0.16,
            "Plan Rows": 1,
            "Plan Width": 4,
            "Actual Startup Time": 0.001,
            "Actual Total Time": 0.001,
            "Actual Rows": 1,
            "Actual Loops": 1620,
            "Index Cond": "(id = ci.role_id)",
            "Rows Removed by Index Recheck": 0,
            "Filter": "((role)::text = 'actress'::text)",
            "Rows Removed by Filter": 0
          }
        ]
      }
    ]
  },
  "Planning Time": 6.424,
  "Triggers": [],
  "Execution Time": 330.773
}