{
  "Plan": {
    "Node Type": "Aggregate",
    "Strategy": "Plain",
    "Partial Mode": "Finalize",
    "Parallel Aware": false,
    "Startup Cost": 406627.67,
    "Total Cost": 406627.68,
    "Plan Rows": 1,
    "Plan Width": 8,
    "Actual Startup Time": 2046.589,
    "Actual Total Time": 2101.779,
    "Actual Rows": 1,
    "Actual Loops": 1,
    "Plans": [
      {
        "Node Type": "Gather",
        "Parent Relationship": "Outer",
        "Parallel Aware": false,
        "Startup Cost": 406627.56,
        "Total Cost": 406627.67,
        "Plan Rows": 1,
        "Plan Width": 8,
        "Actual Startup Time": 2045.532,
        "Actual Total Time": 2101.769,
        "Actual Rows": 2,
        "Actual Loops": 1,
        "Workers Planned": 1,
        "Workers Launched": 1,
        "Single Copy": false,
        "Plans": [
          {
            "Node Type": "Aggregate",
            "Strategy": "Plain",
            "Partial Mode": "Partial",
            "Parent Relationship": "Outer",
            "Parallel Aware": false,
            "Startup Cost": 405627.56,
            "Total Cost": 405627.57,
            "Plan Rows": 1,
            "Plan Width": 8,
            "Actual Startup Time": 2042.245,
            "Actual Total Time": 2042.249,
            "Actual Rows": 1,
            "Actual Loops": 2,
            "Plans": [
              {
                "Node Type": "Nested Loop",
                "Parent Relationship": "Outer",
                "Parallel Aware": false,
                "Join Type": "Inner",
                "Startup Cost": 21470.73,
                "Total Cost": 404103.09,
                "Plan Rows": 609788,
                "Plan Width": 0,
                "Actual Startup Time": 118.306,
                "Actual Total Time": 2017.13,
                "Actual Rows": 513761,
                "Actual Loops": 2,
                "Inner Unique": false,
                "Plans": [
                  {
                    "Node Type": "Hash Join",
                    "Parent Relationship": "Outer",
                    "Parallel Aware": true,
                    "Join Type": "Inner",
                    "Startup Cost": 21470.17,
                    "Total Cost": 83131.86,
                    "Plan Rows": 100699,
                    "Plan Width": 8,
                    "Actual Startup Time": 118.169,
                    "Actual Total Time": 417.582,
                    "Actual Rows": 48358,
                    "Actual Loops": 2,
                    "Inner Unique": false,
                    "Hash Cond": "(t.id = mi_idx.movie_id)",
                    "Plans": [
                      {
                        "Node Type": "Seq Scan",
                        "Parent Relationship": "Outer",
                        "Parallel Aware": true,
                        "Relation Name": "title",
                        "Alias": "t",
                        "Startup Cost": 0.0,
                        "Total Cost": 58306.47,
                        "Plan Rows": 552576,
                        "Plan Width": 4,
                        "Actual Startup Time": 0.01,
                        "Actual Total Time": 139.826,
                        "Actual Rows": 438018,
                        "Actual Loops": 2,
                        "Filter": "((production_year < 2007) AND (kind_id = 7))",
                        "Rows Removed by Filter": 826138
                      },
                      {
                        "Node Type": "Hash",
                        "Parent Relationship": "Inner",
                        "Parallel Aware": true,
                        "Startup Cost": 18082.32,
                        "Total Cost": 18082.32,
                        "Plan Rows": 271028,
                        "Plan Width": 4,
                        "Actual Startup Time": 114.258,
                        "Actual Total Time": 114.26,
                        "Actual Rows": 229962,
                        "Actual Loops": 2,
                        "Hash Buckets": 524288,
                        "Original Hash Buckets": 524288,
                        "Hash Batches": 1,
                        "Original Hash Batches": 1,
                        "Peak Memory Usage": 22144,
                        "Plans": [
                          {
                            "Node Type": "Seq Scan",
                            "Parent Relationship": "Outer",
                            "Parallel Aware": true,
                            "Relation Name": "movie_info_idx",
                            "Alias": "mi_idx",
                            "Startup Cost": 0.0,
                            "Total Cost": 18082.32,
                            "Plan Rows": 271028,
                            "Plan Width": 4,
                            "Actual Startup Time": 0.035,
                            "Actual Total Time": 66.951,
                            "Actual Rows": 229962,
                            "Actual Loops": 2,
                            "Filter": "(info_type_id = 101)",
                            "Rows Removed by Filter": 460055
                          }
                        ]
                      }
                    ]
                  },
                  {
                    "Node Type": "Index Scan",
                    "Parent Relationship": "Inner",
                    "Parallel Aware": false,
                    "Scan Direction": "Forward",
                    "Index Name": "movie_id_cast_info",
                    "Relation Name": "cast_info",
                    "Alias": "ci",
                    "Startup Cost": 0.56,
                    "Total Cost": 3.03,
                    "Plan Rows": 16,
                    "Plan Width": 4,
                    "Actual Startup Time": 0.015,
                    "Actual Total Time": 0.032,
                    "Actual Rows": 11,
                    "Actual Loops": 96715,
                    "Index Cond": "(movie_id = t.id)",
                    "Rows Removed by Index Recheck": 0,
                    "Filter": "((person_id < 2395781) AND (role_id > 1))",
                    "Rows Removed by Filter": 22
                  }
                ]
              }
            ]
          }
        ]
      }
    ]
  },
  "Planning Time": 0.682,
  "Triggers": [],
  "Execution Time": 2101.858
}