[
  {
    "Plan": {
      "Node Type": "Aggregate",
      "Strategy": "Plain",
      "Partial Mode": "Finalize",
      "Parallel Aware": false,
      "Startup Cost": 31035.27,
      "Total Cost": 31035.28,
      "Plan Rows": 1,
      "Plan Width": 8,
      "Actual Startup Time": 94.195,
      "Actual Total Time": 102.437,
      "Actual Rows": 1,
      "Actual Loops": 1,
      "Plans": [
        {
          "Node Type": "Gather",
          "Parent Relationship": "Outer",
          "Parallel Aware": false,
          "Startup Cost": 31034.95,
          "Total Cost": 31035.26,
          "Plan Rows": 3,
          "Plan Width": 8,
          "Actual Startup Time": 94.088,
          "Actual Total Time": 102.428,
          "Actual Rows": 4,
          "Actual Loops": 1,
          "Workers Planned": 3,
          "Workers Launched": 3,
          "Single Copy": false,
          "Plans": [
            {
              "Node Type": "Aggregate",
              "Strategy": "Plain",
              "Partial Mode": "Partial",
              "Parent Relationship": "Outer",
              "Parallel Aware": false,
              "Startup Cost": 30034.95,
              "Total Cost": 30034.96,
              "Plan Rows": 1,
              "Plan Width": 8,
              "Actual Startup Time": 87.628,
              "Actual Total Time": 87.629,
              "Actual Rows": 1,
              "Actual Loops": 4,
              "Plans": [
                {
                  "Node Type": "Seq Scan",
                  "Parent Relationship": "Outer",
                  "Parallel Aware": true,
                  "Relation Name": "movie_companies",
                  "Alias": "mc",
                  "Startup Cost": 0.0,
                  "Total Cost": 29310.68,
                  "Plan Rows": 289709,
                  "Plan Width": 0,
                  "Actual Startup Time": 0.044,
                  "Actual Total Time": 74.161,
                  "Actual Rows": 224176,
                  "Actual Loops": 4,
                  "Filter": "(company_id < 2840)",
                  "Rows Removed by Filter": 428106
                }
              ]
            }
          ]
        }
      ]
    },
    "Planning Time": 0.166,
    "Triggers": [],
    "Execution Time": 102.486
  }
]