[
  {
    "Plan": {
      "Node Type": "Aggregate",
      "Strategy": "Plain",
      "Partial Mode": "Finalize",
      "Parallel Aware": false,
      "Startup Cost": 32746.95,
      "Total Cost": 32746.96,
      "Plan Rows": 1,
      "Plan Width": 8,
      "Actual Startup Time": 101.214,
      "Actual Total Time": 108.342,
      "Actual Rows": 1,
      "Actual Loops": 1,
      "Plans": [
        {
          "Node Type": "Gather",
          "Parent Relationship": "Outer",
          "Parallel Aware": false,
          "Startup Cost": 32746.63,
          "Total Cost": 32746.94,
          "Plan Rows": 3,
          "Plan Width": 8,
          "Actual Startup Time": 101.091,
          "Actual Total Time": 108.333,
          "Actual Rows": 4,
          "Actual Loops": 1,
          "Workers Planned": 3,
          "Workers Launched": 3,
          "Single Copy": false,
          "Plans": [
            {
              "Node Type": "Aggregate",
              "Strategy": "Plain",
              "Partial Mode": "Partial",
              "Parent Relationship": "Outer",
              "Parallel Aware": false,
              "Startup Cost": 31746.63,
              "Total Cost": 31746.64,
              "Plan Rows": 1,
              "Plan Width": 8,
              "Actual Startup Time": 92.187,
              "Actual Total Time": 92.189,
              "Actual Rows": 1,
              "Actual Loops": 4,
              "Plans": [
                {
                  "Node Type": "Seq Scan",
                  "Parent Relationship": "Outer",
                  "Parallel Aware": true,
                  "Relation Name": "movie_companies",
                  "Alias": "mc",
                  "Startup Cost": 0.0,
                  "Total Cost": 31414.82,
                  "Plan Rows": 132724,
                  "Plan Width": 0,
                  "Actual Startup Time": 0.042,
                  "Actual Total Time": 81.188,
                  "Actual Rows": 147066,
                  "Actual Loops": 4,
                  "Filter": "((company_id < 2064) AND (company_type_id < 2))",
                  "Rows Removed by Filter": 505217
                }
              ]
            }
          ]
        }
      ]
    },
    "Planning Time": 0.181,
    "Triggers": [],
    "Execution Time": 108.402
  }
]