[
  {
    "Plan": {
      "Node Type": "Aggregate",
      "Strategy": "Plain",
      "Partial Mode": "Finalize",
      "Parallel Aware": false,
      "Startup Cost": 98474.84,
      "Total Cost": 98474.85,
      "Plan Rows": 1,
      "Plan Width": 8,
      "Actual Startup Time": 114.316,
      "Actual Total Time": 129.483,
      "Actual Rows": 1,
      "Actual Loops": 1,
      "Plans": [
        {
          "Node Type": "Gather",
          "Parent Relationship": "Outer",
          "Parallel Aware": false,
          "Startup Cost": 98474.42,
          "Total Cost": 98474.83,
          "Plan Rows": 4,
          "Plan Width": 8,
          "Actual Startup Time": 114.152,
          "Actual Total Time": 129.473,
          "Actual Rows": 5,
          "Actual Loops": 1,
          "Workers Planned": 4,
          "Workers Launched": 4,
          "Single Copy": false,
          "Plans": [
            {
              "Node Type": "Aggregate",
              "Strategy": "Plain",
              "Partial Mode": "Partial",
              "Parent Relationship": "Outer",
              "Parallel Aware": false,
              "Startup Cost": 97474.42,
              "Total Cost": 97474.43,
              "Plan Rows": 1,
              "Plan Width": 8,
              "Actual Startup Time": 106.62,
              "Actual Total Time": 106.621,
              "Actual Rows": 1,
              "Actual Loops": 5,
              "Plans": [
                {
                  "Node Type": "Nested Loop",
                  "Parent Relationship": "Outer",
                  "Parallel Aware": false,
                  "Join Type": "Inner",
                  "Startup Cost": 0.43,
                  "Total Cost": 97471.62,
                  "Plan Rows": 1121,
                  "Plan Width": 0,
                  "Actual Startup Time": 61.859,
                  "Actual Total Time": 106.476,
                  "Actual Rows": 840,
                  "Actual Loops": 5,
                  "Inner Unique": false,
                  "Plans": [
                    {
                      "Node Type": "Seq Scan",
                      "Parent Relationship": "Outer",
                      "Parallel Aware": true,
                      "Relation Name": "title",
                      "Alias": "t",
                      "Startup Cost": 0.0,
                      "Total Cost": 43899.32,
                      "Plan Rows": 379,
                      "Plan Width": 4,
                      "Actual Startup Time": 61.704,
                      "Actual Total Time": 89.625,
                      "Actual Rows": 349,
                      "Actual Loops": 5,
                      "Filter": "(production_year = 1901)",
                      "Rows Removed by Filter": 505313
                    },
                    {
                      "Node Type": "Index Scan",
                      "Parent Relationship": "Inner",
                      "Parallel Aware": false,
                      "Scan Direction": "Forward",
                      "Index Name": "movie_id_movie_info",
                      "Relation Name": "movie_info",
                      "Alias": "mi",
                      "Startup Cost": 0.43,
                      "Total Cost": 141.14,
                      "Plan Rows": 21,
                      "Plan Width": 4,
                      "Actual Startup Time": 0.027,
                      "Actual Total Time": 0.047,
                      "Actual Rows": 2,
                      "Actual Loops": 1747,
                      "Index Cond": "(movie_id = t.id)",
                      "Rows Removed by Index Recheck": 0,
                      "Filter": "(info_type_id > 7)",
                      "Rows Removed by Filter": 6
                    }
                  ]
                }
              ]
            }
          ]
        }
      ]
    },
    "Planning Time": 0.703,
    "Triggers": [],
    "Execution Time": 129.566
  }
]