[
  {
    "Plan": {
      "Node Type": "Aggregate",
      "Strategy": "Plain",
      "Partial Mode": "Finalize",
      "Parallel Aware": false,
      "Startup Cost": 107951.09,
      "Total Cost": 107951.1,
      "Plan Rows": 1,
      "Plan Width": 8,
      "Actual Startup Time": 107.519,
      "Actual Total Time": 124.044,
      "Actual Rows": 1,
      "Actual Loops": 1,
      "Plans": [
        {
          "Node Type": "Gather",
          "Parent Relationship": "Outer",
          "Parallel Aware": false,
          "Startup Cost": 107950.67,
          "Total Cost": 107951.08,
          "Plan Rows": 4,
          "Plan Width": 8,
          "Actual Startup Time": 107.381,
          "Actual Total Time": 124.037,
          "Actual Rows": 5,
          "Actual Loops": 1,
          "Workers Planned": 4,
          "Workers Launched": 4,
          "Single Copy": false,
          "Plans": [
            {
              "Node Type": "Aggregate",
              "Strategy": "Plain",
              "Partial Mode": "Partial",
              "Parent Relationship": "Outer",
              "Parallel Aware": false,
              "Startup Cost": 106950.67,
              "Total Cost": 106950.68,
              "Plan Rows": 1,
              "Plan Width": 8,
              "Actual Startup Time": 98.384,
              "Actual Total Time": 98.385,
              "Actual Rows": 1,
              "Actual Loops": 5,
              "Plans": [
                {
                  "Node Type": "Nested Loop",
                  "Parent Relationship": "Outer",
                  "Parallel Aware": false,
                  "Join Type": "Inner",
                  "Startup Cost": 0.43,
                  "Total Cost": 106947.27,
                  "Plan Rows": 1362,
                  "Plan Width": 0,
                  "Actual Startup Time": 60.898,
                  "Actual Total Time": 98.276,
                  "Actual Rows": 840,
                  "Actual Loops": 5,
                  "Inner Unique": false,
                  "Plans": [
                    {
                      "Node Type": "Seq Scan",
                      "Parent Relationship": "Outer",
                      "Parallel Aware": true,
                      "Relation Name": "title",
                      "Alias": "t",
                      "Startup Cost": 0.0,
                      "Total Cost": 43898.92,
                      "Plan Rows": 452,
                      "Plan Width": 4,
                      "Actual Startup Time": 60.771,
                      "Actual Total Time": 83.818,
                      "Actual Rows": 349,
                      "Actual Loops": 5,
                      "Filter": "(production_year = 1901)",
                      "Rows Removed by Filter": 505313
                    },
                    {
                      "Node Type": "Index Scan",
                      "Parent Relationship": "Inner",
                      "Parallel Aware": false,
                      "Scan Direction": "Forward",
                      "Index Name": "movie_id_movie_info",
                      "Relation Name": "movie_info",
                      "Alias": "mi",
                      "Startup Cost": 0.43,
                      "Total Cost": 139.27,
                      "Plan Rows": 22,
                      "Plan Width": 4,
                      "Actual Startup Time": 0.024,
                      "Actual Total Time": 0.041,
                      "Actual Rows": 2,
                      "Actual Loops": 1747,
                      "Index Cond": "(movie_id = t.id)",
                      "Rows Removed by Index Recheck": 0,
                      "Filter": "(info_type_id > 7)",
                      "Rows Removed by Filter": 6
                    }
                  ]
                }
              ]
            }
          ]
        }
      ]
    },
    "Planning Time": 0.582,
    "Triggers": [],
    "Execution Time": 124.114
  }
]