[
  {
    "Plan": {
      "Node Type": "Aggregate",
      "Strategy": "Plain",
      "Partial Mode": "Finalize",
      "Parallel Aware": false,
      "Startup Cost": 356655.13,
      "Total Cost": 356655.14,
      "Plan Rows": 1,
      "Plan Width": 8,
      "Actual Startup Time": 975.061,
      "Actual Total Time": 1036.117,
      "Actual Rows": 1,
      "Actual Loops": 1,
      "Plans": [
        {
          "Node Type": "Gather",
          "Parent Relationship": "Outer",
          "Parallel Aware": false,
          "Startup Cost": 356654.5,
          "Total Cost": 356655.11,
          "Plan Rows": 6,
          "Plan Width": 8,
          "Actual Startup Time": 974.952,
          "Actual Total Time": 1036.105,
          "Actual Rows": 7,
          "Actual Loops": 1,
          "Workers Planned": 6,
          "Workers Launched": 6,
          "Single Copy": false,
          "Plans": [
            {
              "Node Type": "Aggregate",
              "Strategy": "Plain",
              "Partial Mode": "Partial",
              "Parent Relationship": "Outer",
              "Parallel Aware": false,
              "Startup Cost": 355654.5,
              "Total Cost": 355654.51,
              "Plan Rows": 1,
              "Plan Width": 8,
              "Actual Startup Time": 964.773,
              "Actual Total Time": 964.774,
              "Actual Rows": 1,
              "Actual Loops": 7,
              "Plans": [
                {
                  "Node Type": "Seq Scan",
                  "Parent Relationship": "Outer",
                  "Parallel Aware": true,
                  "Relation Name": "cast_info",
                  "Alias": "ci",
                  "Startup Cost": 0.0,
                  "Total Cost": 343257.03,
                  "Plan Rows": 4958990,
                  "Plan Width": 0,
                  "Actual Startup Time": 0.056,
                  "Actual Total Time": 765.234,
                  "Actual Rows": 4515030,
                  "Actual Loops": 7,
                  "Filter": "((person_id < 3673152) AND (role_id < 10))",
                  "Rows Removed by Filter": 662734
                }
              ]
            }
          ]
        }
      ]
    },
    "Planning Time": 0.231,
    "Triggers": [],
    "Execution Time": 1036.195
  }
]