[
  {
    "Plan": {
      "Node Type": "Aggregate",
      "Strategy": "Plain",
      "Partial Mode": "Finalize",
      "Parallel Aware": false,
      "Startup Cost": 82159.43,
      "Total Cost": 82159.44,
      "Plan Rows": 1,
      "Plan Width": 8,
      "Actual Startup Time": 324.653,
      "Actual Total Time": 342.279,
      "Actual Rows": 1,
      "Actual Loops": 1,
      "Plans": [
        {
          "Node Type": "Gather",
          "Parent Relationship": "Outer",
          "Parallel Aware": false,
          "Startup Cost": 82159.01,
          "Total Cost": 82159.42,
          "Plan Rows": 4,
          "Plan Width": 8,
          "Actual Startup Time": 323.681,
          "Actual Total Time": 342.27,
          "Actual Rows": 5,
          "Actual Loops": 1,
          "Workers Planned": 4,
          "Workers Launched": 4,
          "Single Copy": false,
          "Plans": [
            {
              "Node Type": "Aggregate",
              "Strategy": "Plain",
              "Partial Mode": "Partial",
              "Parent Relationship": "Outer",
              "Parallel Aware": false,
              "Startup Cost": 81159.01,
              "Total Cost": 81159.02,
              "Plan Rows": 1,
              "Plan Width": 8,
              "Actual Startup Time": 313.506,
              "Actual Total Time": 313.569,
              "Actual Rows": 1,
              "Actual Loops": 5,
              "Plans": [
                {
                  "Node Type": "Nested Loop",
                  "Parent Relationship": "Outer",
                  "Parallel Aware": false,
                  "Join Type": "Inner",
                  "Startup Cost": 23763.94,
                  "Total Cost": 81128.73,
                  "Plan Rows": 12112,
                  "Plan Width": 0,
                  "Actual Startup Time": 158.623,
                  "Actual Total Time": 311.005,
                  "Actual Rows": 49557,
                  "Actual Loops": 5,
                  "Inner Unique": false,
                  "Plans": [
                    {
                      "Node Type": "Hash Join",
                      "Parent Relationship": "Outer",
                      "Parallel Aware": true,
                      "Join Type": "Inner",
                      "Startup Cost": 23763.51,
                      "Total Cost": 69314.19,
                      "Plan Rows": 22190,
                      "Plan Width": 8,
                      "Actual Startup Time": 157.077,
                      "Actual Total Time": 214.921,
                      "Actual Rows": 34092,
                      "Actual Loops": 5,
                      "Inner Unique": false,
                      "Hash Cond": "(t.id = mc.movie_id)",
                      "Plans": [
                        {
                          "Node Type": "Seq Scan",
                          "Parent Relationship": "Outer",
                          "Parallel Aware": true,
                          "Relation Name": "title",
                          "Alias": "t",
                          "Startup Cost": 0.0,
                          "Total Cost": 42318.73,
                          "Plan Rows": 632073,
                          "Plan Width": 4,
                          "Actual Startup Time": 0.014,
                          "Actual Total Time": 68.936,
                          "Actual Rows": 505662,
                          "Actual Loops": 5
                        },
                        {
                          "Node Type": "Hash",
                          "Parent Relationship": "Inner",
                          "Parallel Aware": true,
                          "Startup Cost": 23405.61,
                          "Total Cost": 23405.61,
                          "Plan Rows": 28632,
                          "Plan Width": 4,
                          "Actual Startup Time": 58.428,
                          "Actual Total Time": 58.43,
                          "Actual Rows": 34092,
                          "Actual Loops": 5,
                          "Hash Buckets": 262144,
                          "Original Hash Buckets": 131072,
                          "Hash Batches": 1,
                          "Original Hash Batches": 1,
                          "Peak Memory Usage": 9824,
                          "Plans": [
                            {
                              "Node Type": "Bitmap Heap Scan",
                              "Parent Relationship": "Outer",
                              "Parallel Aware": true,
                              "Relation Name": "movie_companies",
                              "Alias": "mc",
                              "Startup Cost": 3769.73,
                              "Total Cost": 23405.61,
                              "Plan Rows": 28632,
                              "Plan Width": 4,
                              "Actual Startup Time": 13.578,
                              "Actual Total Time": 38.397,
                              "Actual Rows": 34092,
                              "Actual Loops": 5,
                              "Recheck Cond": "(company_id > 123693)",
                              "Rows Removed by Index Recheck": 0,
                              "Filter": "(company_type_id = 2)",
                              "Rows Removed by Filter": 0,
                              "Exact Heap Blocks": 1695,
                              "Lossy Heap Blocks": 0,
                              "Plans": [
                                {
                                  "Node Type": "Bitmap Index Scan",
                                  "Parent Relationship": "Outer",
                                  "Parallel Aware": false,
                                  "Index Name": "company_id_movie_companies",
                                  "Startup Cost": 0.0,
                                  "Total Cost": 3747.54,
                                  "Plan Rows": 174815,
                                  "Plan Width": 0,
                                  "Actual Startup Time": 17.299,
                                  "Actual Total Time": 17.3,
                                  "Actual Rows": 170462,
                                  "Actual Loops": 1,
                                  "Index Cond": "(company_id > 123693)"
                                }
                              ]
                            }
                          ]
                        }
                      ]
                    },
                    {
                      "Node Type": "Index Only Scan",
                      "Parent Relationship": "Inner",
                      "Parallel Aware": false,
                      "Scan Direction": "Forward",
                      "Index Name": "movie_id_movie_info_idx",
                      "Relation Name": "movie_info_idx",
                      "Alias": "mi_idx",
                      "Startup Cost": 0.43,
                      "Total Cost": 0.5,
                      "Plan Rows": 3,
                      "Plan Width": 4,
                      "Actual Startup Time": 0.002,
                      "Actual Total Time": 0.003,
                      "Actual Rows": 1,
                      "Actual Loops": 170462,
                      "Index Cond": "(movie_id = t.id)",
                      "Rows Removed by Index Recheck": 0,
                      "Heap Fetches": 247783
                    }
                  ]
                }
              ]
            }
          ]
        }
      ]
    },
    "Planning Time": 1.393,
    "Triggers": [],
    "Execution Time": 342.388
  }
]