[
  {
    "Plan": {
      "Node Type": "Aggregate",
      "Strategy": "Plain",
      "Partial Mode": "Finalize",
      "Parallel Aware": false,
      "Startup Cost": 239705.03,
      "Total Cost": 239705.04,
      "Plan Rows": 1,
      "Plan Width": 8,
      "Actual Startup Time": 1088.469,
      "Actual Total Time": 1137.786,
      "Actual Rows": 1,
      "Actual Loops": 1,
      "Plans": [
        {
          "Node Type": "Gather",
          "Parent Relationship": "Outer",
          "Parallel Aware": false,
          "Startup Cost": 239704.51,
          "Total Cost": 239705.02,
          "Plan Rows": 5,
          "Plan Width": 8,
          "Actual Startup Time": 1087.105,
          "Actual Total Time": 1137.743,
          "Actual Rows": 6,
          "Actual Loops": 1,
          "Workers Planned": 5,
          "Workers Launched": 5,
          "Single Copy": false,
          "Plans": [
            {
              "Node Type": "Aggregate",
              "Strategy": "Plain",
              "Partial Mode": "Partial",
              "Parent Relationship": "Outer",
              "Parallel Aware": false,
              "Startup Cost": 238704.51,
              "Total Cost": 238704.52,
              "Plan Rows": 1,
              "Plan Width": 8,
              "Actual Startup Time": 1075.95,
              "Actual Total Time": 1075.954,
              "Actual Rows": 1,
              "Actual Loops": 6,
              "Plans": [
                {
                  "Node Type": "Hash Join",
                  "Parent Relationship": "Outer",
                  "Parallel Aware": true,
                  "Join Type": "Inner",
                  "Startup Cost": 39036.68,
                  "Total Cost": 238358.45,
                  "Plan Rows": 138424,
                  "Plan Width": 0,
                  "Actual Startup Time": 108.544,
                  "Actual Total Time": 1062.937,
                  "Actual Rows": 146862,
                  "Actual Loops": 6,
                  "Inner Unique": true,
                  "Hash Cond": "(mi.movie_id = t.id)",
                  "Plans": [
                    {
                      "Node Type": "Seq Scan",
                      "Parent Relationship": "Outer",
                      "Parallel Aware": true,
                      "Relation Name": "movie_info",
                      "Alias": "mi",
                      "Startup Cost": 0.0,
                      "Total Cost": 191560.33,
                      "Plan Rows": 2956733,
                      "Plan Width": 4,
                      "Actual Startup Time": 0.037,
                      "Actual Total Time": 474.915,
                      "Actual Rows": 2472620,
                      "Actual Loops": 6
                    },
                    {
                      "Node Type": "Hash",
                      "Parent Relationship": "Inner",
                      "Parallel Aware": true,
                      "Startup Cost": 38666.78,
                      "Total Cost": 38666.78,
                      "Plan Rows": 29592,
                      "Plan Width": 4,
                      "Actual Startup Time": 91.025,
                      "Actual Total Time": 91.027,
                      "Actual Rows": 19653,
                      "Actual Loops": 6,
                      "Hash Buckets": 131072,
                      "Original Hash Buckets": 131072,
                      "Hash Batches": 1,
                      "Original Hash Batches": 1,
                      "Peak Memory Usage": 5760,
                      "Plans": [
                        {
                          "Node Type": "Bitmap Heap Scan",
                          "Parent Relationship": "Outer",
                          "Parallel Aware": true,
                          "Relation Name": "title",
                          "Alias": "t",
                          "Startup Cost": 2210.53,
                          "Total Cost": 38666.78,
                          "Plan Rows": 29592,
                          "Plan Width": 4,
                          "Actual Startup Time": 17.527,
                          "Actual Total Time": 67.873,
                          "Actual Rows": 19653,
                          "Actual Loops": 6,
                          "Recheck Cond": "(kind_id = 4)",
                          "Rows Removed by Index Recheck": 0,
                          "Filter": "(production_year > 1901)",
                          "Rows Removed by Filter": 52,
                          "Exact Heap Blocks": 4225,
                          "Lossy Heap Blocks": 0,
                          "Plans": [
                            {
                              "Node Type": "Bitmap Index Scan",
                              "Parent Relationship": "Outer",
                              "Parallel Aware": false,
                              "Index Name": "kind_id_title",
                              "Startup Cost": 0.0,
                              "Total Cost": 2180.94,
                              "Plan Rows": 122201,
                              "Plan Width": 0,
                              "Actual Startup Time": 17.06,
                              "Actual Total Time": 17.06,
                              "Actual Rows": 118234,
                              "Actual Loops": 1,
                              "Index Cond": "(kind_id = 4)"
                            }
                          ]
                        }
                      ]
                    }
                  ]
                }
              ]
            }
          ]
        }
      ]
    },
    "Planning Time": 0.651,
    "Triggers": [],
    "Execution Time": 1137.92
  }
]