[
  {
    "Plan": {
      "Node Type": "Aggregate",
      "Strategy": "Plain",
      "Partial Mode": "Finalize",
      "Parallel Aware": false,
      "Startup Cost": 134716.72,
      "Total Cost": 134716.73,
      "Plan Rows": 1,
      "Plan Width": 8,
      "Actual Startup Time": 1143.788,
      "Actual Total Time": 1166.067,
      "Actual Rows": 1,
      "Actual Loops": 1,
      "Plans": [
        {
          "Node Type": "Gather",
          "Parent Relationship": "Outer",
          "Parallel Aware": false,
          "Startup Cost": 134716.41,
          "Total Cost": 134716.72,
          "Plan Rows": 3,
          "Plan Width": 8,
          "Actual Startup Time": 1132.637,
          "Actual Total Time": 1166.058,
          "Actual Rows": 4,
          "Actual Loops": 1,
          "Workers Planned": 3,
          "Workers Launched": 3,
          "Single Copy": false,
          "Plans": [
            {
              "Node Type": "Aggregate",
              "Strategy": "Plain",
              "Partial Mode": "Partial",
              "Parent Relationship": "Outer",
              "Parallel Aware": false,
              "Startup Cost": 133716.41,
              "Total Cost": 133716.42,
              "Plan Rows": 1,
              "Plan Width": 8,
              "Actual Startup Time": 1119.399,
              "Actual Total Time": 1119.406,
              "Actual Rows": 1,
              "Actual Loops": 4,
              "Plans": [
                {
                  "Node Type": "Hash Join",
                  "Parent Relationship": "Outer",
                  "Parallel Aware": true,
                  "Join Type": "Inner",
                  "Startup Cost": 85924.1,
                  "Total Cost": 132080.16,
                  "Plan Rows": 654498,
                  "Plan Width": 0,
                  "Actual Startup Time": 649.91,
                  "Actual Total Time": 1032.201,
                  "Actual Rows": 2022401,
                  "Actual Loops": 4,
                  "Inner Unique": false,
                  "Hash Cond": "(mk.movie_id = t.id)",
                  "Plans": [
                    {
                      "Node Type": "Seq Scan",
                      "Parent Relationship": "Outer",
                      "Parallel Aware": true,
                      "Relation Name": "movie_keyword",
                      "Alias": "mk",
                      "Startup Cost": 0.0,
                      "Total Cost": 39047.32,
                      "Plan Rows": 1459332,
                      "Plan Width": 4,
                      "Actual Startup Time": 0.047,
                      "Actual Total Time": 95.923,
                      "Actual Rows": 1130982,
                      "Actual Loops": 4
                    },
                    {
                      "Node Type": "Hash",
                      "Parent Relationship": "Inner",
                      "Parallel Aware": true,
                      "Startup Cost": 82380.62,
                      "Total Cost": 82380.62,
                      "Plan Rows": 283479,
                      "Plan Width": 8,
                      "Actual Startup Time": 641.973,
                      "Actual Total Time": 641.977,
                      "Actual Rows": 312156,
                      "Actual Loops": 4,
                      "Hash Buckets": 2097152,
                      "Original Hash Buckets": 2097152,
                      "Hash Batches": 1,
                      "Original Hash Batches": 1,
                      "Peak Memory Usage": 65312,
                      "Plans": [
                        {
                          "Node Type": "Hash Join",
                          "Parent Relationship": "Outer",
                          "Parallel Aware": true,
                          "Join Type": "Inner",
                          "Startup Cost": 35987.07,
                          "Total Cost": 82380.62,
                          "Plan Rows": 283479,
                          "Plan Width": 8,
                          "Actual Startup Time": 201.435,
                          "Actual Total Time": 527.443,
                          "Actual Rows": 312156,
                          "Actual Loops": 4,
                          "Inner Unique": false,
                          "Hash Cond": "(t.id = mc.movie_id)",
                          "Plans": [
                            {
                              "Node Type": "Seq Scan",
                              "Parent Relationship": "Outer",
                              "Parallel Aware": true,
                              "Relation Name": "title",
                              "Alias": "t",
                              "Startup Cost": 0.0,
                              "Total Cost": 42318.73,
                              "Plan Rows": 632073,
                              "Plan Width": 4,
                              "Actual Startup Time": 0.015,
                              "Actual Total Time": 82.719,
                              "Actual Rows": 632078,
                              "Actual Loops": 4
                            },
                            {
                              "Node Type": "Hash",
                              "Parent Relationship": "Inner",
                              "Parallel Aware": true,
                              "Startup Cost": 31414.82,
                              "Total Cost": 31414.82,
                              "Plan Rows": 365780,
                              "Plan Width": 4,
                              "Actual Startup Time": 197.857,
                              "Actual Total Time": 197.859,
                              "Actual Rows": 312156,
                              "Actual Loops": 4,
                              "Hash Buckets": 2097152,
                              "Original Hash Buckets": 2097152,
                              "Hash Batches": 1,
                              "Original Hash Batches": 1,
                              "Peak Memory Usage": 65312,
                              "Plans": [
                                {
                                  "Node Type": "Seq Scan",
                                  "Parent Relationship": "Outer",
                                  "Parallel Aware": true,
                                  "Relation Name": "movie_companies",
                                  "Alias": "mc",
                                  "Startup Cost": 0.0,
                                  "Total Cost": 31414.82,
                                  "Plan Rows": 365780,
                                  "Plan Width": 4,
                                  "Actual Startup Time": 49.145,
                                  "Actual Total Time": 96.907,
                                  "Actual Rows": 312156,
                                  "Actual Loops": 4,
                                  "Filter": "((company_id > 212) AND (company_type_id = 2))",
                                  "Rows Removed by Filter": 340126
                                }
                              ]
                            }
                          ]
                        }
                      ]
                    }
                  ]
                }
              ]
            }
          ]
        }
      ]
    },
    "Planning Time": 1.404,
    "Triggers": [],
    "Execution Time": 1166.158
  }
]