[
  {
    "Plan": {
      "Node Type": "Aggregate",
      "Strategy": "Plain",
      "Partial Mode": "Finalize",
      "Parallel Aware": false,
      "Startup Cost": 32819.0,
      "Total Cost": 32819.01,
      "Plan Rows": 1,
      "Plan Width": 8,
      "Actual Startup Time": 87.198,
      "Actual Total Time": 95.507,
      "Actual Rows": 1,
      "Actual Loops": 1,
      "Plans": [
        {
          "Node Type": "Gather",
          "Parent Relationship": "Outer",
          "Parallel Aware": false,
          "Startup Cost": 32818.68,
          "Total Cost": 32818.99,
          "Plan Rows": 3,
          "Plan Width": 8,
          "Actual Startup Time": 87.062,
          "Actual Total Time": 95.499,
          "Actual Rows": 4,
          "Actual Loops": 1,
          "Workers Planned": 3,
          "Workers Launched": 3,
          "Single Copy": false,
          "Plans": [
            {
              "Node Type": "Aggregate",
              "Strategy": "Plain",
              "Partial Mode": "Partial",
              "Parent Relationship": "Outer",
              "Parallel Aware": false,
              "Startup Cost": 31818.68,
              "Total Cost": 31818.69,
              "Plan Rows": 1,
              "Plan Width": 8,
              "Actual Startup Time": 79.673,
              "Actual Total Time": 79.674,
              "Actual Rows": 1,
              "Actual Loops": 4,
              "Plans": [
                {
                  "Node Type": "Seq Scan",
                  "Parent Relationship": "Outer",
                  "Parallel Aware": true,
                  "Relation Name": "movie_companies",
                  "Alias": "mc",
                  "Startup Cost": 0.0,
                  "Total Cost": 31414.82,
                  "Plan Rows": 161546,
                  "Plan Width": 0,
                  "Actual Startup Time": 24.461,
                  "Actual Total Time": 77.175,
                  "Actual Rows": 49761,
                  "Actual Loops": 4,
                  "Filter": "((company_id > 15648) AND (company_type_id = 1))",
                  "Rows Removed by Filter": 602522
                }
              ]
            }
          ]
        }
      ]
    },
    "Planning Time": 0.217,
    "Triggers": [],
    "Execution Time": 95.559
  }
]