[
  {
    "Plan": {
      "Node Type": "Aggregate",
      "Strategy": "Plain",
      "Partial Mode": "Finalize",
      "Parallel Aware": false,
      "Startup Cost": 111655.42,
      "Total Cost": 111655.43,
      "Plan Rows": 1,
      "Plan Width": 8,
      "Actual Startup Time": 478.077,
      "Actual Total Time": 498.565,
      "Actual Rows": 1,
      "Actual Loops": 1,
      "Plans": [
        {
          "Node Type": "Gather",
          "Parent Relationship": "Outer",
          "Parallel Aware": false,
          "Startup Cost": 111655.1,
          "Total Cost": 111655.41,
          "Plan Rows": 3,
          "Plan Width": 8,
          "Actual Startup Time": 475.226,
          "Actual Total Time": 498.547,
          "Actual Rows": 4,
          "Actual Loops": 1,
          "Workers Planned": 3,
          "Workers Launched": 3,
          "Single Copy": false,
          "Plans": [
            {
              "Node Type": "Aggregate",
              "Strategy": "Plain",
              "Partial Mode": "Partial",
              "Parent Relationship": "Outer",
              "Parallel Aware": false,
              "Startup Cost": 110655.1,
              "Total Cost": 110655.11,
              "Plan Rows": 1,
              "Plan Width": 8,
              "Actual Startup Time": 464.88,
              "Actual Total Time": 464.955,
              "Actual Rows": 1,
              "Actual Loops": 4,
              "Plans": [
                {
                  "Node Type": "Hash Join",
                  "Parent Relationship": "Outer",
                  "Parallel Aware": true,
                  "Join Type": "Inner",
                  "Startup Cost": 62666.13,
                  "Total Cost": 110429.63,
                  "Plan Rows": 90186,
                  "Plan Width": 0,
                  "Actual Startup Time": 253.327,
                  "Actual Total Time": 442.743,
                  "Actual Rows": 512972,
                  "Actual Loops": 4,
                  "Inner Unique": false,
                  "Hash Cond": "(mk.movie_id = t.id)",
                  "Plans": [
                    {
                      "Node Type": "Seq Scan",
                      "Parent Relationship": "Outer",
                      "Parallel Aware": true,
                      "Relation Name": "movie_keyword",
                      "Alias": "mk",
                      "Startup Cost": 0.0,
                      "Total Cost": 42695.65,
                      "Plan Rows": 1251218,
                      "Plan Width": 4,
                      "Actual Startup Time": 0.053,
                      "Actual Total Time": 114.859,
                      "Actual Rows": 967307,
                      "Actual Loops": 4,
                      "Filter": "(keyword_id > 500)",
                      "Rows Removed by Filter": 163676
                    },
                    {
                      "Node Type": "Hash",
                      "Parent Relationship": "Inner",
                      "Parallel Aware": true,
                      "Startup Cost": 61716.98,
                      "Total Cost": 61716.98,
                      "Plan Rows": 75932,
                      "Plan Width": 8,
                      "Actual Startup Time": 215.363,
                      "Actual Total Time": 215.436,
                      "Actual Rows": 57849,
                      "Actual Loops": 4,
                      "Hash Buckets": 262144,
                      "Original Hash Buckets": 262144,
                      "Hash Batches": 1,
                      "Original Hash Batches": 1,
                      "Peak Memory Usage": 11168,
                      "Plans": [
                        {
                          "Node Type": "Hash Join",
                          "Parent Relationship": "Outer",
                          "Parallel Aware": true,
                          "Join Type": "Inner",
                          "Startup Cost": 46522.42,
                          "Total Cost": 61716.98,
                          "Plan Rows": 75932,
                          "Plan Width": 8,
                          "Actual Startup Time": 153.471,
                          "Actual Total Time": 201.795,
                          "Actual Rows": 57849,
                          "Actual Loops": 4,
                          "Inner Unique": true,
                          "Hash Cond": "(mi_idx.movie_id = t.id)",
                          "Plans": [
                            {
                              "Node Type": "Seq Scan",
                              "Parent Relationship": "Outer",
                              "Parallel Aware": true,
                              "Relation Name": "movie_info_idx",
                              "Alias": "mi_idx",
                              "Startup Cost": 0.0,
                              "Total Cost": 13685.15,
                              "Plan Rows": 575015,
                              "Plan Width": 4,
                              "Actual Startup Time": 0.024,
                              "Actual Total Time": 30.319,
                              "Actual Rows": 345009,
                              "Actual Loops": 4
                            },
                            {
                              "Node Type": "Hash",
                              "Parent Relationship": "Inner",
                              "Parallel Aware": true,
                              "Startup Cost": 45479.1,
                              "Total Cost": 45479.1,
                              "Plan Rows": 83466,
                              "Plan Width": 4,
                              "Actual Startup Time": 124.333,
                              "Actual Total Time": 124.334,
                              "Actual Rows": 63893,
                              "Actual Loops": 4,
                              "Hash Buckets": 524288,
                              "Original Hash Buckets": 524288,
                              "Hash Batches": 1,
                              "Original Hash Batches": 1,
                              "Peak Memory Usage": 14176,
                              "Plans": [
                                {
                                  "Node Type": "Seq Scan",
                                  "Parent Relationship": "Outer",
                                  "Parallel Aware": true,
                                  "Relation Name": "title",
                                  "Alias": "t",
                                  "Startup Cost": 0.0,
                                  "Total Cost": 45479.1,
                                  "Plan Rows": 83466,
                                  "Plan Width": 4,
                                  "Actual Startup Time": 49.247,
                                  "Actual Total Time": 103.028,
                                  "Actual Rows": 63893,
                                  "Actual Loops": 4,
                                  "Filter": "((production_year > 2002) AND (kind_id = 1))",
                                  "Rows Removed by Filter": 568185
                                }
                              ]
                            }
                          ]
                        }
                      ]
                    }
                  ]
                }
              ]
            }
          ]
        }
      ]
    },
    "Planning Time": 1.356,
    "Triggers": [],
    "Execution Time": 498.648
  }
]