[
  {
    "Plan": {
      "Node Type": "Aggregate",
      "Strategy": "Plain",
      "Partial Mode": "Finalize",
      "Parallel Aware": false,
      "Startup Cost": 70814.48,
      "Total Cost": 70814.49,
      "Plan Rows": 1,
      "Plan Width": 8,
      "Actual Startup Time": 151.683,
      "Actual Total Time": 164.997,
      "Actual Rows": 1,
      "Actual Loops": 1,
      "Plans": [
        {
          "Node Type": "Gather",
          "Parent Relationship": "Outer",
          "Parallel Aware": false,
          "Startup Cost": 70814.17,
          "Total Cost": 70814.48,
          "Plan Rows": 3,
          "Plan Width": 8,
          "Actual Startup Time": 151.343,
          "Actual Total Time": 164.989,
          "Actual Rows": 4,
          "Actual Loops": 1,
          "Workers Planned": 3,
          "Workers Launched": 3,
          "Single Copy": false,
          "Plans": [
            {
              "Node Type": "Aggregate",
              "Strategy": "Plain",
              "Partial Mode": "Partial",
              "Parent Relationship": "Outer",
              "Parallel Aware": false,
              "Startup Cost": 69814.17,
              "Total Cost": 69814.18,
              "Plan Rows": 1,
              "Plan Width": 8,
              "Actual Startup Time": 141.79,
              "Actual Total Time": 141.793,
              "Actual Rows": 1,
              "Actual Loops": 4,
              "Plans": [
                {
                  "Node Type": "Hash Join",
                  "Parent Relationship": "Outer",
                  "Parallel Aware": true,
                  "Join Type": "Inner",
                  "Startup Cost": 38166.49,
                  "Total Cost": 69811.23,
                  "Plan Rows": 1175,
                  "Plan Width": 0,
                  "Actual Startup Time": 96.702,
                  "Actual Total Time": 141.643,
                  "Actual Rows": 2929,
                  "Actual Loops": 4,
                  "Inner Unique": true,
                  "Hash Cond": "(mc.movie_id = t.id)",
                  "Plans": [
                    {
                      "Node Type": "Seq Scan",
                      "Parent Relationship": "Outer",
                      "Parallel Aware": true,
                      "Relation Name": "movie_companies",
                      "Alias": "mc",
                      "Startup Cost": 0.0,
                      "Total Cost": 31414.82,
                      "Plan Rows": 87589,
                      "Plan Width": 4,
                      "Actual Startup Time": 29.666,
                      "Actual Total Time": 61.306,
                      "Actual Rows": 132348,
                      "Actual Loops": 4,
                      "Filter": "((company_id > 72776) AND (company_type_id > 1))",
                      "Rows Removed by Filter": 519935
                    },
                    {
                      "Node Type": "Hash",
                      "Parent Relationship": "Inner",
                      "Parallel Aware": true,
                      "Startup Cost": 38060.44,
                      "Total Cost": 38060.44,
                      "Plan Rows": 8484,
                      "Plan Width": 4,
                      "Actual Startup Time": 65.649,
                      "Actual Total Time": 65.65,
                      "Actual Rows": 7457,
                      "Actual Loops": 4,
                      "Hash Buckets": 65536,
                      "Original Hash Buckets": 65536,
                      "Hash Batches": 1,
                      "Original Hash Batches": 1,
                      "Peak Memory Usage": 1728,
                      "Plans": [
                        {
                          "Node Type": "Bitmap Heap Scan",
                          "Parent Relationship": "Outer",
                          "Parallel Aware": true,
                          "Relation Name": "title",
                          "Alias": "t",
                          "Startup Cost": 1705.93,
                          "Total Cost": 38060.44,
                          "Plan Rows": 8484,
                          "Plan Width": 4,
                          "Actual Startup Time": 15.572,
                          "Actual Total Time": 62.603,
                          "Actual Rows": 7457,
                          "Actual Loops": 4,
                          "Recheck Cond": "(kind_id = 2)",
                          "Rows Removed by Index Recheck": 0,
                          "Filter": "(production_year > 2006)",
                          "Rows Removed by Filter": 15256,
                          "Exact Heap Blocks": 15249,
                          "Lossy Heap Blocks": 0,
                          "Plans": [
                            {
                              "Node Type": "Bitmap Index Scan",
                              "Parent Relationship": "Outer",
                              "Parallel Aware": false,
                              "Index Name": "kind_id_title",
                              "Startup Cost": 0.0,
                              "Total Cost": 1697.45,
                              "Plan Rows": 95069,
                              "Plan Width": 0,
                              "Actual Startup Time": 15.499,
                              "Actual Total Time": 15.499,
                              "Actual Rows": 90852,
                              "Actual Loops": 1,
                              "Index Cond": "(kind_id = 2)"
                            }
                          ]
                        }
                      ]
                    }
                  ]
                }
              ]
            }
          ]
        }
      ]
    },
    "Planning Time": 0.61,
    "Triggers": [],
    "Execution Time": 165.079
  }
]