[
  {
    "Plan": {
      "Node Type": "Aggregate",
      "Strategy": "Plain",
      "Partial Mode": "Finalize",
      "Parallel Aware": false,
      "Startup Cost": 70705.81,
      "Total Cost": 70705.82,
      "Plan Rows": 1,
      "Plan Width": 8,
      "Actual Startup Time": 162.08,
      "Actual Total Time": 174.209,
      "Actual Rows": 1,
      "Actual Loops": 1,
      "Plans": [
        {
          "Node Type": "Gather",
          "Parent Relationship": "Outer",
          "Parallel Aware": false,
          "Startup Cost": 70705.49,
          "Total Cost": 70705.8,
          "Plan Rows": 3,
          "Plan Width": 8,
          "Actual Startup Time": 161.778,
          "Actual Total Time": 174.188,
          "Actual Rows": 4,
          "Actual Loops": 1,
          "Workers Planned": 3,
          "Workers Launched": 3,
          "Single Copy": false,
          "Plans": [
            {
              "Node Type": "Aggregate",
              "Strategy": "Plain",
              "Partial Mode": "Partial",
              "Parent Relationship": "Outer",
              "Parallel Aware": false,
              "Startup Cost": 69705.49,
              "Total Cost": 69705.5,
              "Plan Rows": 1,
              "Plan Width": 8,
              "Actual Startup Time": 152.647,
              "Actual Total Time": 152.653,
              "Actual Rows": 1,
              "Actual Loops": 4,
              "Plans": [
                {
                  "Node Type": "Hash Join",
                  "Parent Relationship": "Outer",
                  "Parallel Aware": true,
                  "Join Type": "Inner",
                  "Startup Cost": 38064.89,
                  "Total Cost": 69702.75,
                  "Plan Rows": 1098,
                  "Plan Width": 0,
                  "Actual Startup Time": 103.567,
                  "Actual Total Time": 152.488,
                  "Actual Rows": 2929,
                  "Actual Loops": 4,
                  "Inner Unique": true,
                  "Hash Cond": "(mc.movie_id = t.id)",
                  "Plans": [
                    {
                      "Node Type": "Seq Scan",
                      "Parent Relationship": "Outer",
                      "Parallel Aware": true,
                      "Relation Name": "movie_companies",
                      "Alias": "mc",
                      "Startup Cost": 0.0,
                      "Total Cost": 31414.82,
                      "Plan Rows": 84970,
                      "Plan Width": 4,
                      "Actual Startup Time": 31.461,
                      "Actual Total Time": 65.368,
                      "Actual Rows": 132348,
                      "Actual Loops": 4,
                      "Filter": "((company_id > 72776) AND (company_type_id > 1))",
                      "Rows Removed by Filter": 519935
                    },
                    {
                      "Node Type": "Hash",
                      "Parent Relationship": "Inner",
                      "Parallel Aware": true,
                      "Startup Cost": 37962.76,
                      "Total Cost": 37962.76,
                      "Plan Rows": 8170,
                      "Plan Width": 4,
                      "Actual Startup Time": 70.983,
                      "Actual Total Time": 70.984,
                      "Actual Rows": 7457,
                      "Actual Loops": 4,
                      "Hash Buckets": 32768,
                      "Original Hash Buckets": 32768,
                      "Hash Batches": 1,
                      "Original Hash Batches": 1,
                      "Peak Memory Usage": 1472,
                      "Plans": [
                        {
                          "Node Type": "Bitmap Heap Scan",
                          "Parent Relationship": "Outer",
                          "Parallel Aware": true,
                          "Relation Name": "title",
                          "Alias": "t",
                          "Startup Cost": 1624.71,
                          "Total Cost": 37962.76,
                          "Plan Rows": 8170,
                          "Plan Width": 4,
                          "Actual Startup Time": 18.923,
                          "Actual Total Time": 67.356,
                          "Actual Rows": 7457,
                          "Actual Loops": 4,
                          "Recheck Cond": "(kind_id = 2)",
                          "Rows Removed by Index Recheck": 0,
                          "Filter": "(production_year > 2006)",
                          "Rows Removed by Filter": 15256,
                          "Exact Heap Blocks": 13597,
                          "Lossy Heap Blocks": 0,
                          "Plans": [
                            {
                              "Node Type": "Bitmap Index Scan",
                              "Parent Relationship": "Outer",
                              "Parallel Aware": false,
                              "Index Name": "kind_id_title",
                              "Startup Cost": 0.0,
                              "Total Cost": 1616.54,
                              "Plan Rows": 90681,
                              "Plan Width": 0,
                              "Actual Startup Time": 18.058,
                              "Actual Total Time": 18.058,
                              "Actual Rows": 90852,
                              "Actual Loops": 1,
                              "Index Cond": "(kind_id = 2)"
                            }
                          ]
                        }
                      ]
                    }
                  ]
                }
              ]
            }
          ]
        }
      ]
    },
    "Planning Time": 0.689,
    "Triggers": [],
    "Execution Time": 174.301
  }
]