{
  "Plan": {
    "Node Type": "Aggregate",
    "Strategy": "Plain",
    "Partial Mode": "Finalize",
    "Parallel Aware": false,
    "Startup Cost": 354339.83,
    "Total Cost": 354339.84,
    "Plan Rows": 1,
    "Plan Width": 8,
    "Actual Startup Time": 2417.911,
    "Actual Total Time": 2455.933,
    "Actual Rows": 1,
    "Actual Loops": 1,
    "Plans": [
      {
        "Node Type": "Gather",
        "Parent Relationship": "Outer",
        "Parallel Aware": false,
        "Startup Cost": 354339.72,
        "Total Cost": 354339.83,
        "Plan Rows": 1,
        "Plan Width": 8,
        "Actual Startup Time": 2415.747,
        "Actual Total Time": 2455.919,
        "Actual Rows": 2,
        "Actual Loops": 1,
        "Workers Planned": 1,
        "Workers Launched": 1,
        "Single Copy": false,
        "Plans": [
          {
            "Node Type": "Aggregate",
            "Strategy": "Plain",
            "Partial Mode": "Partial",
            "Parent Relationship": "Outer",
            "Parallel Aware": false,
            "Startup Cost": 353339.72,
            "Total Cost": 353339.73,
            "Plan Rows": 1,
            "Plan Width": 8,
            "Actual Startup Time": 2407.758,
            "Actual Total Time": 2407.764,
            "Actual Rows": 1,
            "Actual Loops": 2,
            "Plans": [
              {
                "Node Type": "Hash Join",
                "Parent Relationship": "Outer",
                "Parallel Aware": true,
                "Join Type": "Inner",
                "Startup Cost": 67635.13,
                "Total Cost": 347327.2,
                "Plan Rows": 2405006,
                "Plan Width": 0,
                "Actual Startup Time": 535.647,
                "Actual Total Time": 2357.191,
                "Actual Rows": 1035391,
                "Actual Loops": 2,
                "Inner Unique": true,
                "Hash Cond": "(mi.movie_id = t.id)",
                "Plans": [
                  {
                    "Node Type": "Seq Scan",
                    "Parent Relationship": "Outer",
                    "Parallel Aware": true,
                    "Relation Name": "movie_info",
                    "Alias": "mi",
                    "Startup Cost": 0.0,
                    "Total Cost": 270696.42,
                    "Plan Rows": 3426912,
                    "Plan Width": 4,
                    "Actual Startup Time": 0.015,
                    "Actual Total Time": 845.622,
                    "Actual Rows": 2942482,
                    "Actual Loops": 2,
                    "Filter": "(info_type_id < 7)",
                    "Rows Removed by Filter": 4475378
                  },
                  {
                    "Node Type": "Hash",
                    "Parent Relationship": "Inner",
                    "Parallel Aware": true,
                    "Startup Cost": 54588.39,
                    "Total Cost": 54588.39,
                    "Plan Rows": 1043739,
                    "Plan Width": 4,
                    "Actual Startup Time": 520.984,
                    "Actual Total Time": 520.985,
                    "Actual Rows": 887318,
                    "Actual Loops": 2,
                    "Hash Buckets": 2097152,
                    "Original Hash Buckets": 2097152,
                    "Hash Batches": 1,
                    "Original Hash Batches": 1,
                    "Peak Memory Usage": 85856,
                    "Plans": [
                      {
                        "Node Type": "Seq Scan",
                        "Parent Relationship": "Outer",
                        "Parallel Aware": true,
                        "Relation Name": "title",
                        "Alias": "t",
                        "Startup Cost": 0.0,
                        "Total Cost": 54588.39,
                        "Plan Rows": 1043739,
                        "Plan Width": 4,
                        "Actual Startup Time": 0.03,
                        "Actual Total Time": 209.479,
                        "Actual Rows": 887318,
                        "Actual Loops": 2,
                        "Filter": "(kind_id > 2)",
                        "Rows Removed by Filter": 376838
                      }
                    ]
                  }
                ]
              }
            ]
          }
        ]
      }
    ]
  },
  "Planning Time": 0.635,
  "Triggers": [],
  "Execution Time": 2456.037
}