[
  {
    "Plan": {
      "Node Type": "Aggregate",
      "Strategy": "Plain",
      "Partial Mode": "Finalize",
      "Parallel Aware": false,
      "Startup Cost": 80624.23,
      "Total Cost": 80624.24,
      "Plan Rows": 1,
      "Plan Width": 8,
      "Actual Startup Time": 373.929,
      "Actual Total Time": 389.41,
      "Actual Rows": 1,
      "Actual Loops": 1,
      "Plans": [
        {
          "Node Type": "Gather",
          "Parent Relationship": "Outer",
          "Parallel Aware": false,
          "Startup Cost": 80623.81,
          "Total Cost": 80624.22,
          "Plan Rows": 4,
          "Plan Width": 8,
          "Actual Startup Time": 367.889,
          "Actual Total Time": 389.4,
          "Actual Rows": 5,
          "Actual Loops": 1,
          "Workers Planned": 4,
          "Workers Launched": 4,
          "Single Copy": false,
          "Plans": [
            {
              "Node Type": "Aggregate",
              "Strategy": "Plain",
              "Partial Mode": "Partial",
              "Parent Relationship": "Outer",
              "Parallel Aware": false,
              "Startup Cost": 79623.81,
              "Total Cost": 79623.82,
              "Plan Rows": 1,
              "Plan Width": 8,
              "Actual Startup Time": 358.295,
              "Actual Total Time": 358.298,
              "Actual Rows": 1,
              "Actual Loops": 5,
              "Plans": [
                {
                  "Node Type": "Hash Join",
                  "Parent Relationship": "Outer",
                  "Parallel Aware": true,
                  "Join Type": "Inner",
                  "Startup Cost": 32878.23,
                  "Total Cost": 79070.84,
                  "Plan Rows": 221188,
                  "Plan Width": 0,
                  "Actual Startup Time": 135.846,
                  "Actual Total Time": 350.878,
                  "Actual Rows": 176207,
                  "Actual Loops": 5,
                  "Inner Unique": false,
                  "Hash Cond": "(t.id = mc.movie_id)",
                  "Plans": [
                    {
                      "Node Type": "Seq Scan",
                      "Parent Relationship": "Outer",
                      "Parallel Aware": true,
                      "Relation Name": "title",
                      "Alias": "t",
                      "Startup Cost": 0.0,
                      "Total Cost": 42318.73,
                      "Plan Rows": 632073,
                      "Plan Width": 4,
                      "Actual Startup Time": 0.011,
                      "Actual Total Time": 64.245,
                      "Actual Rows": 505662,
                      "Actual Loops": 5
                    },
                    {
                      "Node Type": "Hash",
                      "Parent Relationship": "Inner",
                      "Parallel Aware": true,
                      "Startup Cost": 29310.68,
                      "Total Cost": 29310.68,
                      "Plan Rows": 285404,
                      "Plan Width": 4,
                      "Actual Startup Time": 131.614,
                      "Actual Total Time": 131.615,
                      "Actual Rows": 176207,
                      "Actual Loops": 5,
                      "Hash Buckets": 1048576,
                      "Original Hash Buckets": 1048576,
                      "Hash Batches": 1,
                      "Original Hash Batches": 1,
                      "Peak Memory Usage": 42752,
                      "Plans": [
                        {
                          "Node Type": "Seq Scan",
                          "Parent Relationship": "Outer",
                          "Parallel Aware": true,
                          "Relation Name": "movie_companies",
                          "Alias": "mc",
                          "Startup Cost": 0.0,
                          "Total Cost": 29310.68,
                          "Plan Rows": 285404,
                          "Plan Width": 4,
                          "Actual Startup Time": 0.05,
                          "Actual Total Time": 65.334,
                          "Actual Rows": 176207,
                          "Actual Loops": 5,
                          "Filter": "(company_id < 2623)",
                          "Rows Removed by Filter": 345619
                        }
                      ]
                    }
                  ]
                }
              ]
            }
          ]
        }
      ]
    },
    "Planning Time": 0.636,
    "Triggers": [],
    "Execution Time": 389.481
  }
]