{
  "Plan": {
    "Node Type": "Aggregate",
    "Strategy": "Plain",
    "Partial Mode": "Finalize",
    "Parallel Aware": false,
    "Startup Cost": 600150.17,
    "Total Cost": 600150.18,
    "Plan Rows": 1,
    "Plan Width": 8,
    "Actual Startup Time": 1863.75,
    "Actual Total Time": 1897.665,
    "Actual Rows": 1,
    "Actual Loops": 1,
    "Plans": [
      {
        "Node Type": "Gather",
        "Parent Relationship": "Outer",
        "Parallel Aware": false,
        "Startup Cost": 600150.06,
        "Total Cost": 600150.17,
        "Plan Rows": 1,
        "Plan Width": 8,
        "Actual Startup Time": 1862.712,
        "Actual Total Time": 1897.653,
        "Actual Rows": 2,
        "Actual Loops": 1,
        "Workers Planned": 1,
        "Workers Launched": 1,
        "Single Copy": false,
        "Plans": [
          {
            "Node Type": "Aggregate",
            "Strategy": "Plain",
            "Partial Mode": "Partial",
            "Parent Relationship": "Outer",
            "Parallel Aware": false,
            "Startup Cost": 599150.06,
            "Total Cost": 599150.07,
            "Plan Rows": 1,
            "Plan Width": 8,
            "Actual Startup Time": 1858.95,
            "Actual Total Time": 1859.121,
            "Actual Rows": 1,
            "Actual Loops": 2,
            "Plans": [
              {
                "Node Type": "Hash Join",
                "Parent Relationship": "Outer",
                "Parallel Aware": true,
                "Join Type": "Inner",
                "Startup Cost": 55025.53,
                "Total Cost": 598058.15,
                "Plan Rows": 436761,
                "Plan Width": 0,
                "Actual Startup Time": 147.075,
                "Actual Total Time": 1844.704,
                "Actual Rows": 299366,
                "Actual Loops": 2,
                "Inner Unique": true,
                "Hash Cond": "(ci.movie_id = t.id)",
                "Plans": [
                  {
                    "Node Type": "Index Scan",
                    "Parent Relationship": "Outer",
                    "Parallel Aware": true,
                    "Scan Direction": "Forward",
                    "Index Name": "role_id_cast_info",
                    "Relation Name": "cast_info",
                    "Alias": "ci",
                    "Startup Cost": 0.56,
                    "Total Cost": 526730.69,
                    "Plan Rows": 6210469,
                    "Plan Width": 4,
                    "Actual Startup Time": 0.206,
                    "Actual Total Time": 1133.507,
                    "Actual Rows": 2816679,
                    "Actual Loops": 2,
                    "Index Cond": "(role_id > 2)",
                    "Rows Removed by Index Recheck": 0,
                    "Filter": "(person_id < 2394363)",
                    "Rows Removed by Filter": 5244162
                  },
                  {
                    "Node Type": "Hash",
                    "Parent Relationship": "Inner",
                    "Parallel Aware": true,
                    "Startup Cost": 53717.56,
                    "Total Cost": 53717.56,
                    "Plan Rows": 104592,
                    "Plan Width": 4,
                    "Actual Startup Time": 144.231,
                    "Actual Total Time": 144.232,
                    "Actual Rows": 157782,
                    "Actual Loops": 2,
                    "Hash Buckets": 524288,
                    "Original Hash Buckets": 262144,
                    "Hash Batches": 1,
                    "Original Hash Batches": 1,
                    "Peak Memory Usage": 18528,
                    "Plans": [
                      {
                        "Node Type": "Bitmap Heap Scan",
                        "Parent Relationship": "Outer",
                        "Parallel Aware": true,
                        "Relation Name": "title",
                        "Alias": "t",
                        "Startup Cost": 11867.3,
                        "Total Cost": 53717.56,
                        "Plan Rows": 104592,
                        "Plan Width": 4,
                        "Actual Startup Time": 37.843,
                        "Actual Total Time": 104.661,
                        "Actual Rows": 157782,
                        "Actual Loops": 2,
                        "Recheck Cond": "(kind_id < 2)",
                        "Rows Removed by Index Recheck": 0,
                        "Filter": "(production_year < 1990)",
                        "Rows Removed by Filter": 173630,
                        "Exact Heap Blocks": 8016,
                        "Lossy Heap Blocks": 0,
                        "Plans": [
                          {
                            "Node Type": "Bitmap Index Scan",
                            "Parent Relationship": "Outer",
                            "Parallel Aware": false,
                            "Index Name": "kind_id_title",
                            "Startup Cost": 0.0,
                            "Total Cost": 11822.85,
                            "Plan Rows": 663256,
                            "Plan Width": 0,
                            "Actual Startup Time": 37.011,
                            "Actual Total Time": 37.011,
                            "Actual Rows": 662825,
                            "Actual Loops": 1,
                            "Index Cond": "(kind_id < 2)"
                          }
                        ]
                      }
                    ]
                  }
                ]
              }
            ]
          }
        ]
      }
    ]
  },
  "Planning Time": 0.565,
  "Triggers": [],
  "Execution Time": 1897.754
}