[
  {
    "Plan": {
      "Node Type": "Aggregate",
      "Strategy": "Plain",
      "Partial Mode": "Finalize",
      "Parallel Aware": false,
      "Startup Cost": 45394.68,
      "Total Cost": 45394.69,
      "Plan Rows": 1,
      "Plan Width": 8,
      "Actual Startup Time": 148.741,
      "Actual Total Time": 158.01,
      "Actual Rows": 1,
      "Actual Loops": 1,
      "Plans": [
        {
          "Node Type": "Gather",
          "Parent Relationship": "Outer",
          "Parallel Aware": false,
          "Startup Cost": 45394.37,
          "Total Cost": 45394.68,
          "Plan Rows": 3,
          "Plan Width": 8,
          "Actual Startup Time": 148.655,
          "Actual Total Time": 158.002,
          "Actual Rows": 4,
          "Actual Loops": 1,
          "Workers Planned": 3,
          "Workers Launched": 3,
          "Single Copy": false,
          "Plans": [
            {
              "Node Type": "Aggregate",
              "Strategy": "Plain",
              "Partial Mode": "Partial",
              "Parent Relationship": "Outer",
              "Parallel Aware": false,
              "Startup Cost": 44394.37,
              "Total Cost": 44394.38,
              "Plan Rows": 1,
              "Plan Width": 8,
              "Actual Startup Time": 143.75,
              "Actual Total Time": 143.751,
              "Actual Rows": 1,
              "Actual Loops": 4,
              "Plans": [
                {
                  "Node Type": "Seq Scan",
                  "Parent Relationship": "Outer",
                  "Parallel Aware": true,
                  "Relation Name": "movie_keyword",
                  "Alias": "mk",
                  "Startup Cost": 0.0,
                  "Total Cost": 42695.65,
                  "Plan Rows": 679485,
                  "Plan Width": 0,
                  "Actual Startup Time": 0.836,
                  "Actual Total Time": 117.533,
                  "Actual Rows": 525898,
                  "Actual Loops": 4,
                  "Filter": "(keyword_id > 5706)",
                  "Rows Removed by Filter": 605084
                }
              ]
            }
          ]
        }
      ]
    },
    "Planning Time": 0.189,
    "Triggers": [],
    "Execution Time": 158.067
  }
]