[
  {
    "Plan": {
      "Node Type": "Aggregate",
      "Strategy": "Plain",
      "Partial Mode": "Finalize",
      "Parallel Aware": false,
      "Startup Cost": 31356.62,
      "Total Cost": 31356.63,
      "Plan Rows": 1,
      "Plan Width": 8,
      "Actual Startup Time": 111.354,
      "Actual Total Time": 118.949,
      "Actual Rows": 1,
      "Actual Loops": 1,
      "Plans": [
        {
          "Node Type": "Gather",
          "Parent Relationship": "Outer",
          "Parallel Aware": false,
          "Startup Cost": 31356.3,
          "Total Cost": 31356.61,
          "Plan Rows": 3,
          "Plan Width": 8,
          "Actual Startup Time": 111.244,
          "Actual Total Time": 118.934,
          "Actual Rows": 4,
          "Actual Loops": 1,
          "Workers Planned": 3,
          "Workers Launched": 3,
          "Single Copy": false,
          "Plans": [
            {
              "Node Type": "Aggregate",
              "Strategy": "Plain",
              "Partial Mode": "Partial",
              "Parent Relationship": "Outer",
              "Parallel Aware": false,
              "Startup Cost": 30356.3,
              "Total Cost": 30356.31,
              "Plan Rows": 1,
              "Plan Width": 8,
              "Actual Startup Time": 102.74,
              "Actual Total Time": 102.741,
              "Actual Rows": 1,
              "Actual Loops": 4,
              "Plans": [
                {
                  "Node Type": "Seq Scan",
                  "Parent Relationship": "Outer",
                  "Parallel Aware": true,
                  "Relation Name": "movie_companies",
                  "Alias": "mc",
                  "Startup Cost": 0.0,
                  "Total Cost": 29310.68,
                  "Plan Rows": 418249,
                  "Plan Width": 0,
                  "Actual Startup Time": 20.143,
                  "Actual Total Time": 86.743,
                  "Actual Rows": 321366,
                  "Actual Loops": 4,
                  "Filter": "(company_id > 11382)",
                  "Rows Removed by Filter": 330916
                }
              ]
            }
          ]
        }
      ]
    },
    "Planning Time": 0.131,
    "Triggers": [],
    "Execution Time": 118.989
  }
]