[
  {
    "Plan": {
      "Node Type": "Aggregate",
      "Strategy": "Plain",
      "Partial Mode": "Finalize",
      "Parallel Aware": false,
      "Startup Cost": 66260.1,
      "Total Cost": 66260.11,
      "Plan Rows": 1,
      "Plan Width": 8,
      "Actual Startup Time": 111.365,
      "Actual Total Time": 126.409,
      "Actual Rows": 1,
      "Actual Loops": 1,
      "Plans": [
        {
          "Node Type": "Gather",
          "Parent Relationship": "Outer",
          "Parallel Aware": false,
          "Startup Cost": 66259.68,
          "Total Cost": 66260.09,
          "Plan Rows": 4,
          "Plan Width": 8,
          "Actual Startup Time": 111.248,
          "Actual Total Time": 126.401,
          "Actual Rows": 5,
          "Actual Loops": 1,
          "Workers Planned": 4,
          "Workers Launched": 4,
          "Single Copy": false,
          "Plans": [
            {
              "Node Type": "Aggregate",
              "Strategy": "Plain",
              "Partial Mode": "Partial",
              "Parent Relationship": "Outer",
              "Parallel Aware": false,
              "Startup Cost": 65259.68,
              "Total Cost": 65259.69,
              "Plan Rows": 1,
              "Plan Width": 8,
              "Actual Startup Time": 101.269,
              "Actual Total Time": 101.27,
              "Actual Rows": 1,
              "Actual Loops": 5,
              "Plans": [
                {
                  "Node Type": "Nested Loop",
                  "Parent Relationship": "Outer",
                  "Parallel Aware": false,
                  "Join Type": "Inner",
                  "Startup Cost": 0.43,
                  "Total Cost": 65250.81,
                  "Plan Rows": 3549,
                  "Plan Width": 0,
                  "Actual Startup Time": 61.173,
                  "Actual Total Time": 100.926,
                  "Actual Rows": 6717,
                  "Actual Loops": 5,
                  "Inner Unique": false,
                  "Plans": [
                    {
                      "Node Type": "Seq Scan",
                      "Parent Relationship": "Outer",
                      "Parallel Aware": true,
                      "Relation Name": "title",
                      "Alias": "t",
                      "Startup Cost": 0.0,
                      "Total Cost": 45479.1,
                      "Plan Rows": 2371,
                      "Plan Width": 4,
                      "Actual Startup Time": 60.702,
                      "Actual Total Time": 86.67,
                      "Actual Rows": 1117,
                      "Actual Loops": 5,
                      "Filter": "((kind_id = 1) AND (production_year = 1995))",
                      "Rows Removed by Filter": 504545
                    },
                    {
                      "Node Type": "Index Scan",
                      "Parent Relationship": "Inner",
                      "Parallel Aware": false,
                      "Scan Direction": "Forward",
                      "Index Name": "movie_id_movie_keyword",
                      "Relation Name": "movie_keyword",
                      "Alias": "mk",
                      "Startup Cost": 0.43,
                      "Total Cost": 7.96,
                      "Plan Rows": 38,
                      "Plan Width": 4,
                      "Actual Startup Time": 0.011,
                      "Actual Total Time": 0.012,
                      "Actual Rows": 6,
                      "Actual Loops": 5587,
                      "Index Cond": "(movie_id = t.id)",
                      "Rows Removed by Index Recheck": 0,
                      "Filter": "(keyword_id < 25708)",
                      "Rows Removed by Filter": 1
                    }
                  ]
                }
              ]
            }
          ]
        }
      ]
    },
    "Planning Time": 0.701,
    "Triggers": [],
    "Execution Time": 126.48
  }
]