{
  "Plan": {
    "Node Type": "Aggregate",
    "Strategy": "Plain",
    "Partial Mode": "Finalize",
    "Parallel Aware": false,
    "Startup Cost": 200319.74,
    "Total Cost": 200319.75,
    "Plan Rows": 1,
    "Plan Width": 8,
    "Actual Startup Time": 1255.303,
    "Actual Total Time": 1285.656,
    "Actual Rows": 1,
    "Actual Loops": 1,
    "Plans": [
      {
        "Node Type": "Gather",
        "Parent Relationship": "Outer",
        "Parallel Aware": false,
        "Startup Cost": 200319.62,
        "Total Cost": 200319.73,
        "Plan Rows": 1,
        "Plan Width": 8,
        "Actual Startup Time": 1247.282,
        "Actual Total Time": 1285.648,
        "Actual Rows": 2,
        "Actual Loops": 1,
        "Workers Planned": 1,
        "Workers Launched": 1,
        "Single Copy": false,
        "Plans": [
          {
            "Node Type": "Aggregate",
            "Strategy": "Plain",
            "Partial Mode": "Partial",
            "Parent Relationship": "Outer",
            "Parallel Aware": false,
            "Startup Cost": 199319.62,
            "Total Cost": 199319.63,
            "Plan Rows": 1,
            "Plan Width": 8,
            "Actual Startup Time": 1234.451,
            "Actual Total Time": 1235.835,
            "Actual Rows": 1,
            "Actual Loops": 2,
            "Plans": [
              {
                "Node Type": "Hash Join",
                "Parent Relationship": "Outer",
                "Parallel Aware": true,
                "Join Type": "Inner",
                "Startup Cost": 146924.55,
                "Total Cost": 199296.49,
                "Plan Rows": 9255,
                "Plan Width": 0,
                "Actual Startup Time": 1207.944,
                "Actual Total Time": 1228.389,
                "Actual Rows": 176720,
                "Actual Loops": 2,
                "Inner Unique": false,
                "Hash Cond": "(mi.movie_id = t.id)",
                "Plans": [
                  {
                    "Node Type": "Bitmap Heap Scan",
                    "Parent Relationship": "Outer",
                    "Parallel Aware": true,
                    "Relation Name": "movie_info",
                    "Alias": "mi",
                    "Startup Cost": 333.74,
                    "Total Cost": 52611.02,
                    "Plan Rows": 10725,
                    "Plan Width": 4,
                    "Actual Startup Time": 0.457,
                    "Actual Total Time": 1.399,
                    "Actual Rows": 6849,
                    "Actual Loops": 2,
                    "Recheck Cond": "(info_type_id = 97)",
                    "Rows Removed by Index Recheck": 0,
                    "Exact Heap Blocks": 86,
                    "Lossy Heap Blocks": 0,
                    "Plans": [
                      {
                        "Node Type": "Bitmap Index Scan",
                        "Parent Relationship": "Outer",
                        "Parallel Aware": false,
                        "Index Name": "info_type_id_movie_info",
                        "Startup Cost": 0.0,
                        "Total Cost": 329.18,
                        "Plan Rows": 18233,
                        "Plan Width": 0,
                        "Actual Startup Time": 0.446,
                        "Actual Total Time": 0.446,
                        "Actual Rows": 13698,
                        "Actual Loops": 1,
                        "Index Cond": "(info_type_id = 97)"
                      }
                    ]
                  },
                  {
                    "Node Type": "Hash",
                    "Parent Relationship": "Inner",
                    "Parallel Aware": true,
                    "Startup Cost": 130547.91,
                    "Total Cost": 130547.91,
                    "Plan Rows": 1283432,
                    "Plan Width": 8,
                    "Actual Startup Time": 1184.968,
                    "Actual Total Time": 1186.35,
                    "Actual Rows": 1092129,
                    "Actual Loops": 2,
                    "Hash Buckets": 4194304,
                    "Original Hash Buckets": 4194304,
                    "Hash Batches": 1,
                    "Original Hash Batches": 1,
                    "Peak Memory Usage": 118240,
                    "Plans": [
                      {
                        "Node Type": "Hash Join",
                        "Parent Relationship": "Outer",
                        "Parallel Aware": true,
                        "Join Type": "Inner",
                        "Startup Cost": 69460.7,
                        "Total Cost": 130547.91,
                        "Plan Rows": 1283432,
                        "Plan Width": 8,
                        "Actual Startup Time": 545.68,
                        "Actual Total Time": 969.445,
                        "Actual Rows": 1092129,
                        "Actual Loops": 2,
                        "Inner Unique": true,
                        "Hash Cond": "(mk.movie_id = t.id)",
                        "Plans": [
                          {
                            "Node Type": "Seq Scan",
                            "Parent Relationship": "Outer",
                            "Parallel Aware": true,
                            "Relation Name": "movie_keyword",
                            "Alias": "mk",
                            "Startup Cost": 0.0,
                            "Total Cost": 57718.19,
                            "Plan Rows": 1283432,
                            "Plan Width": 4,
                            "Actual Startup Time": 0.013,
                            "Actual Total Time": 195.161,
                            "Actual Rows": 1092129,
                            "Actual Loops": 2,
                            "Filter": "(keyword_id < 4333)",
                            "Rows Removed by Filter": 1169836
                          },
                          {
                            "Node Type": "Hash",
                            "Parent Relationship": "Inner",
                            "Parallel Aware": true,
                            "Startup Cost": 50870.31,
                            "Total Cost": 50870.31,
                            "Plan Rows": 1487231,
                            "Plan Width": 4,
                            "Actual Startup Time": 532.357,
                            "Actual Total Time": 532.358,
                            "Actual Rows": 1264156,
                            "Actual Loops": 2,
                            "Hash Buckets": 4194304,
                            "Original Hash Buckets": 4194304,
                            "Hash Batches": 1,
                            "Original Hash Batches": 1,
                            "Peak Memory Usage": 131712,
                            "Plans": [
                              {
                                "Node Type": "Seq Scan",
                                "Parent Relationship": "Outer",
                                "Parallel Aware": true,
                                "Relation Name": "title",
                                "Alias": "t",
                                "Startup Cost": 0.0,
                                "Total Cost": 50870.31,
                                "Plan Rows": 1487231,
                                "Plan Width": 4,
                                "Actual Startup Time": 0.026,
                                "Actual Total Time": 152.285,
                                "Actual Rows": 1264156,
                                "Actual Loops": 2
                              }
                            ]
                          }
                        ]
                      }
                    ]
                  }
                ]
              }
            ]
          }
        ]
      }
    ]
  },
  "Planning Time": 0.936,
  "Triggers": [],
  "Execution Time": 1285.762
}