[
  {
    "Plan": {
      "Node Type": "Aggregate",
      "Strategy": "Plain",
      "Partial Mode": "Finalize",
      "Parallel Aware": false,
      "Startup Cost": 338520.6,
      "Total Cost": 338520.61,
      "Plan Rows": 1,
      "Plan Width": 8,
      "Actual Startup Time": 773.989,
      "Actual Total Time": 820.335,
      "Actual Rows": 1,
      "Actual Loops": 1,
      "Plans": [
        {
          "Node Type": "Gather",
          "Parent Relationship": "Outer",
          "Parallel Aware": false,
          "Startup Cost": 338519.98,
          "Total Cost": 338520.59,
          "Plan Rows": 6,
          "Plan Width": 8,
          "Actual Startup Time": 773.846,
          "Actual Total Time": 820.326,
          "Actual Rows": 7,
          "Actual Loops": 1,
          "Workers Planned": 6,
          "Workers Launched": 6,
          "Single Copy": false,
          "Plans": [
            {
              "Node Type": "Aggregate",
              "Strategy": "Plain",
              "Partial Mode": "Partial",
              "Parent Relationship": "Outer",
              "Parallel Aware": false,
              "Startup Cost": 337519.98,
              "Total Cost": 337519.99,
              "Plan Rows": 1,
              "Plan Width": 8,
              "Actual Startup Time": 766.621,
              "Actual Total Time": 766.622,
              "Actual Rows": 1,
              "Actual Loops": 7,
              "Plans": [
                {
                  "Node Type": "Seq Scan",
                  "Parent Relationship": "Outer",
                  "Parallel Aware": true,
                  "Relation Name": "cast_info",
                  "Alias": "ci",
                  "Startup Cost": 0.0,
                  "Total Cost": 328211.39,
                  "Plan Rows": 3723435,
                  "Plan Width": 0,
                  "Actual Startup Time": 162.79,
                  "Actual Total Time": 611.443,
                  "Actual Rows": 3169871,
                  "Actual Loops": 7,
                  "Filter": "(person_id > 1384858)",
                  "Rows Removed by Filter": 2007892
                }
              ]
            }
          ]
        }
      ]
    },
    "Planning Time": 0.085,
    "Triggers": [],
    "Execution Time": 820.375
  }
]