{
  "Plan": {
    "Node Type": "Aggregate",
    "Strategy": "Plain",
    "Partial Mode": "Finalize",
    "Parallel Aware": false,
    "Startup Cost": 119008.23,
    "Total Cost": 119008.24,
    "Plan Rows": 1,
    "Plan Width": 8,
    "Actual Startup Time": 499.575,
    "Actual Total Time": 516.67,
    "Actual Rows": 1,
    "Actual Loops": 1,
    "Plans": [
      {
        "Node Type": "Gather",
        "Parent Relationship": "Outer",
        "Parallel Aware": false,
        "Startup Cost": 119008.12,
        "Total Cost": 119008.23,
        "Plan Rows": 1,
        "Plan Width": 8,
        "Actual Startup Time": 498.725,
        "Actual Total Time": 516.661,
        "Actual Rows": 2,
        "Actual Loops": 1,
        "Workers Planned": 1,
        "Workers Launched": 1,
        "Single Copy": false,
        "Plans": [
          {
            "Node Type": "Aggregate",
            "Strategy": "Plain",
            "Partial Mode": "Partial",
            "Parent Relationship": "Outer",
            "Parallel Aware": false,
            "Startup Cost": 118008.12,
            "Total Cost": 118008.13,
            "Plan Rows": 1,
            "Plan Width": 8,
            "Actual Startup Time": 492.691,
            "Actual Total Time": 492.85,
            "Actual Rows": 1,
            "Actual Loops": 2,
            "Plans": [
              {
                "Node Type": "Hash Join",
                "Parent Relationship": "Outer",
                "Parallel Aware": true,
                "Join Type": "Inner",
                "Startup Cost": 98698.46,
                "Total Cost": 117941.17,
                "Plan Rows": 26781,
                "Plan Width": 0,
                "Actual Startup Time": 407.856,
                "Actual Total Time": 491.603,
                "Actual Rows": 28680,
                "Actual Loops": 2,
                "Inner Unique": false,
                "Hash Cond": "(mi_idx.movie_id = t.id)",
                "Plans": [
                  {
                    "Node Type": "Seq Scan",
                    "Parent Relationship": "Outer",
                    "Parallel Aware": true,
                    "Relation Name": "movie_info_idx",
                    "Alias": "mi_idx",
                    "Startup Cost": 0.0,
                    "Total Cost": 18082.32,
                    "Plan Rows": 267429,
                    "Plan Width": 4,
                    "Actual Startup Time": 0.036,
                    "Actual Total Time": 50.896,
                    "Actual Rows": 229962,
                    "Actual Loops": 2,
                    "Filter": "(info_type_id < 100)",
                    "Rows Removed by Filter": 460055
                  },
                  {
                    "Node Type": "Hash",
                    "Parent Relationship": "Inner",
                    "Parallel Aware": true,
                    "Startup Cost": 96836.81,
                    "Total Cost": 96836.81,
                    "Plan Rows": 148932,
                    "Plan Width": 8,
                    "Actual Startup Time": 404.389,
                    "Actual Total Time": 404.546,
                    "Actual Rows": 66934,
                    "Actual Loops": 2,
                    "Hash Buckets": 262144,
                    "Original Hash Buckets": 262144,
                    "Hash Batches": 1,
                    "Original Hash Batches": 1,
                    "Peak Memory Usage": 7328,
                    "Plans": [
                      {
                        "Node Type": "Hash Join",
                        "Parent Relationship": "Outer",
                        "Parallel Aware": true,
                        "Join Type": "Inner",
                        "Startup Cost": 35795.23,
                        "Total Cost": 96836.81,
                        "Plan Rows": 148932,
                        "Plan Width": 8,
                        "Actual Startup Time": 114.321,
                        "Actual Total Time": 386.653,
                        "Actual Rows": 66934,
                        "Actual Loops": 2,
                        "Inner Unique": false,
                        "Hash Cond": "(t.id = mc.movie_id)",
                        "Plans": [
                          {
                            "Node Type": "Seq Scan",
                            "Parent Relationship": "Outer",
                            "Parallel Aware": true,
                            "Relation Name": "title",
                            "Alias": "t",
                            "Startup Cost": 0.0,
                            "Total Cost": 50870.31,
                            "Plan Rows": 1487231,
                            "Plan Width": 4,
                            "Actual Startup Time": 0.01,
                            "Actual Total Time": 113.808,
                            "Actual Rows": 1264156,
                            "Actual Loops": 2
                          },
                          {
                            "Node Type": "Hash",
                            "Parent Relationship": "Inner",
                            "Parallel Aware": true,
                            "Startup Cost": 33933.58,
                            "Total Cost": 33933.58,
                            "Plan Rows": 148932,
                            "Plan Width": 4,
                            "Actual Startup Time": 112.074,
                            "Actual Total Time": 112.076,
                            "Actual Rows": 66934,
                            "Actual Loops": 2,
                            "Hash Buckets": 262144,
                            "Original Hash Buckets": 262144,
                            "Hash Batches": 1,
                            "Original Hash Batches": 1,
                            "Peak Memory Usage": 7328,
                            "Plans": [
                              {
                                "Node Type": "Bitmap Heap Scan",
                                "Parent Relationship": "Outer",
                                "Parallel Aware": true,
                                "Relation Name": "movie_companies",
                                "Alias": "mc",
                                "Startup Cost": 10743.66,
                                "Total Cost": 33933.58,
                                "Plan Rows": 148932,
                                "Plan Width": 4,
                                "Actual Startup Time": 80.186,
                                "Actual Total Time": 99.614,
                                "Actual Rows": 66934,
                                "Actual Loops": 2,
                                "Recheck Cond": "(company_id < 438)",
                                "Rows Removed by Index Recheck": 0,
                                "Filter": "(company_type_id > 1)",
                                "Rows Removed by Filter": 180807,
                                "Exact Heap Blocks": 13676,
                                "Lossy Heap Blocks": 0,
                                "Plans": [
                                  {
                                    "Node Type": "Bitmap Index Scan",
                                    "Parent Relationship": "Outer",
                                    "Parallel Aware": false,
                                    "Index Name": "company_id_movie_companies",
                                    "Startup Cost": 0.0,
                                    "Total Cost": 10680.36,
                                    "Plan Rows": 498658,
                                    "Plan Width": 0,
                                    "Actual Startup Time": 36.659,
                                    "Actual Total Time": 36.659,
                                    "Actual Rows": 495481,
                                    "Actual Loops": 1,
                                    "Index Cond": "(company_id < 438)"
                                  }
                                ]
                              }
                            ]
                          }
                        ]
                      }
                    ]
                  }
                ]
              }
            ]
          }
        ]
      }
    ]
  },
  "Planning Time": 0.936,
  "Triggers": [],
  "Execution Time": 516.772
}