[
  {
    "Plan": {
      "Node Type": "Aggregate",
      "Strategy": "Plain",
      "Partial Mode": "Finalize",
      "Parallel Aware": false,
      "Startup Cost": 96973.61,
      "Total Cost": 96973.62,
      "Plan Rows": 1,
      "Plan Width": 8,
      "Actual Startup Time": 454.761,
      "Actual Total Time": 472.799,
      "Actual Rows": 1,
      "Actual Loops": 1,
      "Plans": [
        {
          "Node Type": "Gather",
          "Parent Relationship": "Outer",
          "Parallel Aware": false,
          "Startup Cost": 96973.3,
          "Total Cost": 96973.61,
          "Plan Rows": 3,
          "Plan Width": 8,
          "Actual Startup Time": 448.681,
          "Actual Total Time": 472.789,
          "Actual Rows": 4,
          "Actual Loops": 1,
          "Workers Planned": 3,
          "Workers Launched": 3,
          "Single Copy": false,
          "Plans": [
            {
              "Node Type": "Aggregate",
              "Strategy": "Plain",
              "Partial Mode": "Partial",
              "Parent Relationship": "Outer",
              "Parallel Aware": false,
              "Startup Cost": 95973.3,
              "Total Cost": 95973.31,
              "Plan Rows": 1,
              "Plan Width": 8,
              "Actual Startup Time": 438.294,
              "Actual Total Time": 438.297,
              "Actual Rows": 1,
              "Actual Loops": 4,
              "Plans": [
                {
                  "Node Type": "Hash Join",
                  "Parent Relationship": "Outer",
                  "Parallel Aware": true,
                  "Join Type": "Inner",
                  "Startup Cost": 48868.29,
                  "Total Cost": 94694.4,
                  "Plan Rows": 511560,
                  "Plan Width": 0,
                  "Actual Startup Time": 216.45,
                  "Actual Total Time": 428.979,
                  "Actual Rows": 200474,
                  "Actual Loops": 4,
                  "Inner Unique": true,
                  "Hash Cond": "(mk.movie_id = t.id)",
                  "Plans": [
                    {
                      "Node Type": "Seq Scan",
                      "Parent Relationship": "Outer",
                      "Parallel Aware": true,
                      "Relation Name": "movie_keyword",
                      "Alias": "mk",
                      "Startup Cost": 0.0,
                      "Total Cost": 42695.65,
                      "Plan Rows": 1192555,
                      "Plan Width": 4,
                      "Actual Startup Time": 0.063,
                      "Actual Total Time": 117.168,
                      "Actual Rows": 921496,
                      "Actual Loops": 4,
                      "Filter": "(keyword_id > 797)",
                      "Rows Removed by Filter": 209486
                    },
                    {
                      "Node Type": "Hash",
                      "Parent Relationship": "Inner",
                      "Parallel Aware": true,
                      "Startup Cost": 45479.1,
                      "Total Cost": 45479.1,
                      "Plan Rows": 271135,
                      "Plan Width": 4,
                      "Actual Startup Time": 208.736,
                      "Actual Total Time": 208.737,
                      "Actual Rows": 258688,
                      "Actual Loops": 4,
                      "Hash Buckets": 2097152,
                      "Original Hash Buckets": 2097152,
                      "Hash Batches": 1,
                      "Original Hash Batches": 1,
                      "Peak Memory Usage": 56928,
                      "Plans": [
                        {
                          "Node Type": "Seq Scan",
                          "Parent Relationship": "Outer",
                          "Parallel Aware": true,
                          "Relation Name": "title",
                          "Alias": "t",
                          "Startup Cost": 0.0,
                          "Total Cost": 45479.1,
                          "Plan Rows": 271135,
                          "Plan Width": 4,
                          "Actual Startup Time": 0.036,
                          "Actual Total Time": 111.281,
                          "Actual Rows": 258688,
                          "Actual Loops": 4,
                          "Filter": "((kind_id > 2) AND (production_year < 2007))",
                          "Rows Removed by Filter": 373390
                        }
                      ]
                    }
                  ]
                }
              ]
            }
          ]
        }
      ]
    },
    "Planning Time": 0.673,
    "Triggers": [],
    "Execution Time": 472.867
  }
]