{
  "Plan": {
    "Node Type": "Aggregate",
    "Strategy": "Plain",
    "Partial Mode": "Finalize",
    "Parallel Aware": false,
    "Startup Cost": 76805.3,
    "Total Cost": 76805.31,
    "Plan Rows": 1,
    "Plan Width": 8,
    "Actual Startup Time": 274.991,
    "Actual Total Time": 299.382,
    "Actual Rows": 1,
    "Actual Loops": 1,
    "Plans": [
      {
        "Node Type": "Gather",
        "Parent Relationship": "Outer",
        "Parallel Aware": false,
        "Startup Cost": 76805.19,
        "Total Cost": 76805.3,
        "Plan Rows": 1,
        "Plan Width": 8,
        "Actual Startup Time": 274.81,
        "Actual Total Time": 299.374,
        "Actual Rows": 2,
        "Actual Loops": 1,
        "Workers Planned": 1,
        "Workers Launched": 1,
        "Single Copy": false,
        "Plans": [
          {
            "Node Type": "Aggregate",
            "Strategy": "Plain",
            "Partial Mode": "Partial",
            "Parent Relationship": "Outer",
            "Parallel Aware": false,
            "Startup Cost": 75805.19,
            "Total Cost": 75805.2,
            "Plan Rows": 1,
            "Plan Width": 8,
            "Actual Startup Time": 268.815,
            "Actual Total Time": 268.819,
            "Actual Rows": 1,
            "Actual Loops": 2,
            "Plans": [
              {
                "Node Type": "Nested Loop",
                "Parent Relationship": "Outer",
                "Parallel Aware": false,
                "Join Type": "Inner",
                "Startup Cost": 26274.29,
                "Total Cost": 75746.33,
                "Plan Rows": 23544,
                "Plan Width": 0,
                "Actual Startup Time": 115.568,
                "Actual Total Time": 265.297,
                "Actual Rows": 73474,
                "Actual Loops": 2,
                "Inner Unique": false,
                "Join Filter": "(t.id = mi.movie_id)",
                "Rows Removed by Join Filter": 0,
                "Plans": [
                  {
                    "Node Type": "Hash Join",
                    "Parent Relationship": "Outer",
                    "Parallel Aware": true,
                    "Join Type": "Inner",
                    "Startup Cost": 26273.85,
                    "Total Cost": 66294.18,
                    "Plan Rows": 4026,
                    "Plan Width": 8,
                    "Actual Startup Time": 115.496,
                    "Actual Total Time": 187.254,
                    "Actual Rows": 6636,
                    "Actual Loops": 2,
                    "Inner Unique": true,
                    "Hash Cond": "(mc.movie_id = t.id)",
                    "Plans": [
                      {
                        "Node Type": "Seq Scan",
                        "Parent Relationship": "Outer",
                        "Parallel Aware": true,
                        "Relation Name": "movie_companies",
                        "Alias": "mc",
                        "Startup Cost": 0.0,
                        "Total Cost": 37974.77,
                        "Plan Rows": 779260,
                        "Plan Width": 4,
                        "Actual Startup Time": 48.925,
                        "Actual Total Time": 110.905,
                        "Actual Rows": 667442,
                        "Actual Loops": 2,
                        "Filter": "(company_type_id = 2)",
                        "Rows Removed by Filter": 637123
                      },
                      {
                        "Node Type": "Hash",
                        "Parent Relationship": "Inner",
                        "Parallel Aware": true,
                        "Startup Cost": 26177.8,
                        "Total Cost": 26177.8,
                        "Plan Rows": 7684,
                        "Plan Width": 4,
                        "Actual Startup Time": 25.237,
                        "Actual Total Time": 25.238,
                        "Actual Rows": 6300,
                        "Actual Loops": 2,
                        "Hash Buckets": 16384,
                        "Original Hash Buckets": 16384,
                        "Hash Batches": 1,
                        "Original Hash Batches": 1,
                        "Peak Memory Usage": 640,
                        "Plans": [
                          {
                            "Node Type": "Bitmap Heap Scan",
                            "Parent Relationship": "Outer",
                            "Parallel Aware": true,
                            "Relation Name": "title",
                            "Alias": "t",
                            "Startup Cost": 237.67,
                            "Total Cost": 26177.8,
                            "Plan Rows": 7684,
                            "Plan Width": 4,
                            "Actual Startup Time": 4.975,
                            "Actual Total Time": 22.904,
                            "Actual Rows": 6300,
                            "Actual Loops": 2,
                            "Recheck Cond": "(kind_id = 6)",
                            "Rows Removed by Index Recheck": 0,
                            "Exact Heap Blocks": 7061,
                            "Lossy Heap Blocks": 0,
                            "Plans": [
                              {
                                "Node Type": "Bitmap Index Scan",
                                "Parent Relationship": "Outer",
                                "Parallel Aware": false,
                                "Index Name": "kind_id_title",
                                "Startup Cost": 0.0,
                                "Total Cost": 234.4,
                                "Plan Rows": 13063,
                                "Plan Width": 0,
                                "Actual Startup Time": 6.173,
                                "Actual Total Time": 6.174,
                                "Actual Rows": 12600,
                                "Actual Loops": 1,
                                "Index Cond": "(kind_id = 6)"
                              }
                            ]
                          }
                        ]
                      }
                    ]
                  },
                  {
                    "Node Type": "Index Only Scan",
                    "Parent Relationship": "Inner",
                    "Parallel Aware": false,
                    "Scan Direction": "Forward",
                    "Index Name": "movie_id_movie_info",
                    "Relation Name": "movie_info",
                    "Alias": "mi",
                    "Startup Cost": 0.43,
                    "Total Cost": 1.82,
                    "Plan Rows": 42,
                    "Plan Width": 4,
                    "Actual Startup Time": 0.004,
                    "Actual Total Time": 0.011,
                    "Actual Rows": 11,
                    "Actual Loops": 13271,
                    "Index Cond": "(movie_id = mc.movie_id)",
                    "Rows Removed by Index Recheck": 0,
                    "Heap Fetches": 146947
                  }
                ]
              }
            ]
          }
        ]
      }
    ]
  },
  "Planning Time": 1.009,
  "Triggers": [],
  "Execution Time": 299.49
}