[
  {
    "Plan": {
      "Node Type": "Aggregate",
      "Strategy": "Plain",
      "Partial Mode": "Finalize",
      "Parallel Aware": false,
      "Startup Cost": 221798.92,
      "Total Cost": 221798.93,
      "Plan Rows": 1,
      "Plan Width": 8,
      "Actual Startup Time": 312.383,
      "Actual Total Time": 325.002,
      "Actual Rows": 1,
      "Actual Loops": 1,
      "Plans": [
        {
          "Node Type": "Gather",
          "Parent Relationship": "Outer",
          "Parallel Aware": false,
          "Startup Cost": 221798.4,
          "Total Cost": 221798.91,
          "Plan Rows": 5,
          "Plan Width": 8,
          "Actual Startup Time": 297.835,
          "Actual Total Time": 324.992,
          "Actual Rows": 6,
          "Actual Loops": 1,
          "Workers Planned": 5,
          "Workers Launched": 5,
          "Single Copy": false,
          "Plans": [
            {
              "Node Type": "Aggregate",
              "Strategy": "Plain",
              "Partial Mode": "Partial",
              "Parent Relationship": "Outer",
              "Parallel Aware": false,
              "Startup Cost": 220798.4,
              "Total Cost": 220798.41,
              "Plan Rows": 1,
              "Plan Width": 8,
              "Actual Startup Time": 283.181,
              "Actual Total Time": 283.184,
              "Actual Rows": 1,
              "Actual Loops": 6,
              "Plans": [
                {
                  "Node Type": "Hash Join",
                  "Parent Relationship": "Outer",
                  "Parallel Aware": true,
                  "Join Type": "Inner",
                  "Startup Cost": 57237.12,
                  "Total Cost": 220655.22,
                  "Plan Rows": 57274,
                  "Plan Width": 0,
                  "Actual Startup Time": 230.224,
                  "Actual Total Time": 281.618,
                  "Actual Rows": 21256,
                  "Actual Loops": 6,
                  "Inner Unique": true,
                  "Hash Cond": "(mi.movie_id = t.id)",
                  "Plans": [
                    {
                      "Node Type": "Bitmap Heap Scan",
                      "Parent Relationship": "Outer",
                      "Parallel Aware": true,
                      "Relation Name": "movie_info",
                      "Alias": "mi",
                      "Startup Cost": 8535.51,
                      "Total Cost": 171706.27,
                      "Plan Rows": 94221,
                      "Plan Width": 4,
                      "Actual Startup Time": 27.396,
                      "Actual Total Time": 40.361,
                      "Actual Rows": 79074,
                      "Actual Loops": 6,
                      "Recheck Cond": "(info_type_id = 6)",
                      "Rows Removed by Index Recheck": 0,
                      "Exact Heap Blocks": 616,
                      "Lossy Heap Blocks": 0,
                      "Plans": [
                        {
                          "Node Type": "Bitmap Index Scan",
                          "Parent Relationship": "Outer",
                          "Parallel Aware": false,
                          "Index Name": "info_type_id_movie_info",
                          "Startup Cost": 0.0,
                          "Total Cost": 8417.73,
                          "Plan Rows": 471106,
                          "Plan Width": 0,
                          "Actual Startup Time": 26.57,
                          "Actual Total Time": 26.571,
                          "Actual Rows": 474443,
                          "Actual Loops": 1,
                          "Index Cond": "(info_type_id = 6)"
                        }
                      ]
                    },
                    {
                      "Node Type": "Hash",
                      "Parent Relationship": "Inner",
                      "Parallel Aware": true,
                      "Startup Cost": 43898.92,
                      "Total Cost": 43898.92,
                      "Plan Rows": 384216,
                      "Plan Width": 4,
                      "Actual Startup Time": 197.553,
                      "Actual Total Time": 197.554,
                      "Actual Rows": 257211,
                      "Actual Loops": 6,
                      "Hash Buckets": 2097152,
                      "Original Hash Buckets": 2097152,
                      "Hash Batches": 1,
                      "Original Hash Batches": 1,
                      "Peak Memory Usage": 76864,
                      "Plans": [
                        {
                          "Node Type": "Seq Scan",
                          "Parent Relationship": "Outer",
                          "Parallel Aware": true,
                          "Relation Name": "title",
                          "Alias": "t",
                          "Startup Cost": 0.0,
                          "Total Cost": 43898.92,
                          "Plan Rows": 384216,
                          "Plan Width": 4,
                          "Actual Startup Time": 0.062,
                          "Actual Total Time": 82.113,
                          "Actual Rows": 257211,
                          "Actual Loops": 6,
                          "Filter": "(kind_id = 7)",
                          "Rows Removed by Filter": 164175
                        }
                      ]
                    }
                  ]
                }
              ]
            }
          ]
        }
      ]
    },
    "Planning Time": 0.63,
    "Triggers": [],
    "Execution Time": 325.099
  }
]