[
    {
        "Bao": {
            "Bao prediction": "NaN",
            "Bao recommended hint": "(no hint)"
        }
    },
    {
        "Plan": {
            "Node Type": "Aggregate",
            "Strategy": "Plain",
            "Partial Mode": "Simple",
            "Parallel Aware": false,
            "Startup Cost": 27497.18,
            "Total Cost": 27497.19,
            "Plan Rows": 1,
            "Plan Width": 8,
            "Actual Startup Time": 64.23,
            "Actual Total Time": 64.231,
            "Actual Rows": 1,
            "Actual Loops": 1,
            "Output": [
                "count(*)"
            ],
            "Plans": [
                {
                    "Node Type": "Bitmap Heap Scan",
                    "Parent Relationship": "Outer",
                    "Parallel Aware": false,
                    "Relation Name": "movie_keyword",
                    "Schema": "public",
                    "Alias": "mk",
                    "Startup Cost": 1783.35,
                    "Total Cost": 27287.21,
                    "Plan Rows": 83989,
                    "Plan Width": 0,
                    "Actual Startup Time": 14.678,
                    "Actual Total Time": 58.974,
                    "Actual Rows": 81533,
                    "Actual Loops": 1,
                    "Recheck Cond": "(mk.keyword_id < 71)",
                    "Rows Removed by Index Recheck": 0,
                    "Exact Heap Blocks": 20175,
                    "Lossy Heap Blocks": 0,
                    "Plans": [
                        {
                            "Node Type": "Bitmap Index Scan",
                            "Parent Relationship": "Outer",
                            "Parallel Aware": false,
                            "Index Name": "keyword_id_movie_keyword",
                            "Startup Cost": 0.0,
                            "Total Cost": 1762.35,
                            "Plan Rows": 83989,
                            "Plan Width": 0,
                            "Actual Startup Time": 9.408,
                            "Actual Total Time": 9.409,
                            "Actual Rows": 81533,
                            "Actual Loops": 1,
                            "Index Cond": "(mk.keyword_id < 71)"
                        }
                    ]
                }
            ]
        },
        "Planning Time": 295.484,
        "Triggers": [],
        "Execution Time": 64.319
    }
]