[
    {
        "Bao": {
            "Bao prediction": "NaN",
            "Bao recommended hint": "(no hint)"
        }
    },
    {
        "Plan": {
            "Node Type": "Aggregate",
            "Strategy": "Plain",
            "Partial Mode": "Finalize",
            "Parallel Aware": false,
            "Startup Cost": 9709.85,
            "Total Cost": 9709.86,
            "Plan Rows": 1,
            "Plan Width": 8,
            "Actual Startup Time": 41.04,
            "Actual Total Time": 42.978,
            "Actual Rows": 1,
            "Actual Loops": 1,
            "Output": [
                "count(*)"
            ],
            "Plans": [
                {
                    "Node Type": "Gather",
                    "Parent Relationship": "Outer",
                    "Parallel Aware": false,
                    "Startup Cost": 9709.53,
                    "Total Cost": 9709.84,
                    "Plan Rows": 3,
                    "Plan Width": 8,
                    "Actual Startup Time": 40.921,
                    "Actual Total Time": 42.972,
                    "Actual Rows": 4,
                    "Actual Loops": 1,
                    "Output": [
                        "(PARTIAL count(*))"
                    ],
                    "Workers Planned": 3,
                    "Workers Launched": 3,
                    "Single Copy": false,
                    "Plans": [
                        {
                            "Node Type": "Aggregate",
                            "Strategy": "Plain",
                            "Partial Mode": "Partial",
                            "Parent Relationship": "Outer",
                            "Parallel Aware": false,
                            "Startup Cost": 8709.53,
                            "Total Cost": 8709.54,
                            "Plan Rows": 1,
                            "Plan Width": 8,
                            "Actual Startup Time": 32.747,
                            "Actual Total Time": 32.748,
                            "Actual Rows": 1,
                            "Actual Loops": 4,
                            "Output": [
                                "PARTIAL count(*)"
                            ],
                            "Workers": [
                                {
                                    "Worker Number": 0,
                                    "Actual Startup Time": 29.931,
                                    "Actual Total Time": 29.932,
                                    "Actual Rows": 1,
                                    "Actual Loops": 1
                                },
                                {
                                    "Worker Number": 1,
                                    "Actual Startup Time": 30.027,
                                    "Actual Total Time": 30.027,
                                    "Actual Rows": 1,
                                    "Actual Loops": 1
                                },
                                {
                                    "Worker Number": 2,
                                    "Actual Startup Time": 30.353,
                                    "Actual Total Time": 30.354,
                                    "Actual Rows": 1,
                                    "Actual Loops": 1
                                }
                            ],
                            "Plans": [
                                {
                                    "Node Type": "Index Only Scan",
                                    "Parent Relationship": "Outer",
                                    "Parallel Aware": true,
                                    "Scan Direction": "Forward",
                                    "Index Name": "role_id_cast_info",
                                    "Relation Name": "cast_info",
                                    "Schema": "public",
                                    "Alias": "ci",
                                    "Startup Cost": 0.56,
                                    "Total Cost": 8465.9,
                                    "Plan Rows": 97454,
                                    "Plan Width": 0,
                                    "Actual Startup Time": 0.158,
                                    "Actual Total Time": 26.915,
                                    "Actual Rows": 79030,
                                    "Actual Loops": 4,
                                    "Output": [
                                        "role_id"
                                    ],
                                    "Index Cond": "(ci.role_id = 11)",
                                    "Rows Removed by Index Recheck": 0,
                                    "Heap Fetches": 316118,
                                    "Workers": [
                                        {
                                            "Worker Number": 0,
                                            "Actual Startup Time": 0.21,
                                            "Actual Total Time": 24.699,
                                            "Actual Rows": 48360,
                                            "Actual Loops": 1
                                        },
                                        {
                                            "Worker Number": 1,
                                            "Actual Startup Time": 0.204,
                                            "Actual Total Time": 24.82,
                                            "Actual Rows": 48360,
                                            "Actual Loops": 1
                                        },
                                        {
                                            "Worker Number": 2,
                                            "Actual Startup Time": 0.182,
                                            "Actual Total Time": 25.085,
                                            "Actual Rows": 49920,
                                            "Actual Loops": 1
                                        }
                                    ]
                                }
                            ]
                        }
                    ]
                }
            ]
        },
        "Planning Time": 181.191,
        "Triggers": [],
        "Execution Time": 43.021
    }
]