[
  {
    "Plan": {
      "Node Type": "Aggregate",
      "Strategy": "Plain",
      "Partial Mode": "Finalize",
      "Parallel Aware": false,
      "Startup Cost": 334974.28,
      "Total Cost": 334974.29,
      "Plan Rows": 1,
      "Plan Width": 8,
      "Actual Startup Time": 672.377,
      "Actual Total Time": 731.805,
      "Actual Rows": 1,
      "Actual Loops": 1,
      "Plans": [
        {
          "Node Type": "Gather",
          "Parent Relationship": "Outer",
          "Parallel Aware": false,
          "Startup Cost": 334973.65,
          "Total Cost": 334974.26,
          "Plan Rows": 6,
          "Plan Width": 8,
          "Actual Startup Time": 672.244,
          "Actual Total Time": 731.787,
          "Actual Rows": 7,
          "Actual Loops": 1,
          "Workers Planned": 6,
          "Workers Launched": 6,
          "Single Copy": false,
          "Plans": [
            {
              "Node Type": "Aggregate",
              "Strategy": "Plain",
              "Partial Mode": "Partial",
              "Parent Relationship": "Outer",
              "Parallel Aware": false,
              "Startup Cost": 333973.65,
              "Total Cost": 333973.66,
              "Plan Rows": 1,
              "Plan Width": 8,
              "Actual Startup Time": 661.867,
              "Actual Total Time": 661.868,
              "Actual Rows": 1,
              "Actual Loops": 7,
              "Plans": [
                {
                  "Node Type": "Seq Scan",
                  "Parent Relationship": "Outer",
                  "Parallel Aware": true,
                  "Relation Name": "cast_info",
                  "Alias": "ci",
                  "Startup Cost": 0.0,
                  "Total Cost": 328162.03,
                  "Plan Rows": 2324650,
                  "Plan Width": 0,
                  "Actual Startup Time": 0.055,
                  "Actual Total Time": 573.33,
                  "Actual Rows": 1993459,
                  "Actual Loops": 7,
                  "Filter": "(person_id < 1375355)",
                  "Rows Removed by Filter": 3184304
                }
              ]
            }
          ]
        }
      ]
    },
    "Planning Time": 0.175,
    "Triggers": [],
    "Execution Time": 731.876
  }
]