[
  {
    "Plan": {
      "Node Type": "Aggregate",
      "Strategy": "Plain",
      "Partial Mode": "Finalize",
      "Parallel Aware": false,
      "Startup Cost": 286864.98,
      "Total Cost": 286864.99,
      "Plan Rows": 1,
      "Plan Width": 8,
      "Actual Startup Time": 1263.874,
      "Actual Total Time": 1312.893,
      "Actual Rows": 1,
      "Actual Loops": 1,
      "Plans": [
        {
          "Node Type": "Gather",
          "Parent Relationship": "Outer",
          "Parallel Aware": false,
          "Startup Cost": 286864.45,
          "Total Cost": 286864.96,
          "Plan Rows": 5,
          "Plan Width": 8,
          "Actual Startup Time": 1253.895,
          "Actual Total Time": 1312.855,
          "Actual Rows": 6,
          "Actual Loops": 1,
          "Workers Planned": 5,
          "Workers Launched": 5,
          "Single Copy": false,
          "Plans": [
            {
              "Node Type": "Aggregate",
              "Strategy": "Plain",
              "Partial Mode": "Partial",
              "Parent Relationship": "Outer",
              "Parallel Aware": false,
              "Startup Cost": 285864.45,
              "Total Cost": 285864.46,
              "Plan Rows": 1,
              "Plan Width": 8,
              "Actual Startup Time": 1243.83,
              "Actual Total Time": 1243.926,
              "Actual Rows": 1,
              "Actual Loops": 6,
              "Plans": [
                {
                  "Node Type": "Hash Join",
                  "Parent Relationship": "Outer",
                  "Parallel Aware": true,
                  "Join Type": "Inner",
                  "Startup Cost": 79412.02,
                  "Total Cost": 285070.16,
                  "Plan Rows": 317718,
                  "Plan Width": 0,
                  "Actual Startup Time": 416.554,
                  "Actual Total Time": 1179.665,
                  "Actual Rows": 1172961,
                  "Actual Loops": 6,
                  "Inner Unique": false,
                  "Hash Cond": "(mi.movie_id = t.id)",
                  "Plans": [
                    {
                      "Node Type": "Seq Scan",
                      "Parent Relationship": "Outer",
                      "Parallel Aware": true,
                      "Relation Name": "movie_info",
                      "Alias": "mi",
                      "Startup Cost": 0.0,
                      "Total Cost": 199108.24,
                      "Plan Rows": 1473332,
                      "Plan Width": 4,
                      "Actual Startup Time": 0.054,
                      "Actual Total Time": 398.618,
                      "Actual Rows": 1214478,
                      "Actual Loops": 6,
                      "Filter": "(info_type_id < 8)",
                      "Rows Removed by Filter": 1258142
                    },
                    {
                      "Node Type": "Hash",
                      "Parent Relationship": "Inner",
                      "Parallel Aware": true,
                      "Startup Cost": 77213.46,
                      "Total Cost": 77213.46,
                      "Plan Rows": 175885,
                      "Plan Width": 8,
                      "Actual Startup Time": 411.269,
                      "Actual Total Time": 411.363,
                      "Actual Rows": 128524,
                      "Actual Loops": 6,
                      "Hash Buckets": 1048576,
                      "Original Hash Buckets": 1048576,
                      "Hash Batches": 1,
                      "Original Hash Batches": 1,
                      "Peak Memory Usage": 38432,
                      "Plans": [
                        {
                          "Node Type": "Hash Join",
                          "Parent Relationship": "Outer",
                          "Parallel Aware": true,
                          "Join Type": "Inner",
                          "Startup Cost": 46500.12,
                          "Total Cost": 77213.46,
                          "Plan Rows": 175885,
                          "Plan Width": 8,
                          "Actual Startup Time": 183.282,
                          "Actual Total Time": 347.226,
                          "Actual Rows": 128524,
                          "Actual Loops": 6,
                          "Inner Unique": true,
                          "Hash Cond": "(mc.movie_id = t.id)",
                          "Plans": [
                            {
                              "Node Type": "Seq Scan",
                              "Parent Relationship": "Outer",
                              "Parallel Aware": true,
                              "Relation Name": "movie_companies",
                              "Alias": "mc",
                              "Startup Cost": 0.0,
                              "Total Cost": 29310.68,
                              "Plan Rows": 534345,
                              "Plan Width": 4,
                              "Actual Startup Time": 1.427,
                              "Actual Total Time": 68.429,
                              "Actual Rows": 276307,
                              "Actual Loops": 6,
                              "Filter": "(company_id > 3747)",
                              "Rows Removed by Filter": 158548
                            },
                            {
                              "Node Type": "Hash",
                              "Parent Relationship": "Inner",
                              "Parallel Aware": true,
                              "Startup Cost": 43899.32,
                              "Total Cost": 43899.32,
                              "Plan Rows": 208064,
                              "Plan Width": 4,
                              "Actual Startup Time": 180.004,
                              "Actual Total Time": 180.006,
                              "Actual Rows": 141524,
                              "Actual Loops": 6,
                              "Hash Buckets": 1048576,
                              "Original Hash Buckets": 1048576,
                              "Hash Batches": 1,
                              "Original Hash Batches": 1,
                              "Peak Memory Usage": 41536,
                              "Plans": [
                                {
                                  "Node Type": "Seq Scan",
                                  "Parent Relationship": "Outer",
                                  "Parallel Aware": true,
                                  "Relation Name": "title",
                                  "Alias": "t",
                                  "Startup Cost": 0.0,
                                  "Total Cost": 43899.32,
                                  "Plan Rows": 208064,
                                  "Plan Width": 4,
                                  "Actual Startup Time": 0.055,
                                  "Actual Total Time": 100.263,
                                  "Actual Rows": 141524,
                                  "Actual Loops": 6,
                                  "Filter": "(production_year < 1996)",
                                  "Rows Removed by Filter": 279862
                                }
                              ]
                            }
                          ]
                        }
                      ]
                    }
                  ]
                }
              ]
            }
          ]
        }
      ]
    },
    "Planning Time": 1.253,
    "Triggers": [],
    "Execution Time": 1312.971
  }
]