{
  "Plan": {
    "Node Type": "Aggregate",
    "Strategy": "Plain",
    "Partial Mode": "Finalize",
    "Parallel Aware": false,
    "Startup Cost": 1200214.39,
    "Total Cost": 1200214.4,
    "Plan Rows": 1,
    "Plan Width": 8,
    "Actual Startup Time": 9835.087,
    "Actual Total Time": 9906.296,
    "Actual Rows": 1,
    "Actual Loops": 1,
    "Plans": [
      {
        "Node Type": "Gather",
        "Parent Relationship": "Outer",
        "Parallel Aware": false,
        "Startup Cost": 1200214.28,
        "Total Cost": 1200214.39,
        "Plan Rows": 1,
        "Plan Width": 8,
        "Actual Startup Time": 9831.953,
        "Actual Total Time": 9906.289,
        "Actual Rows": 2,
        "Actual Loops": 1,
        "Workers Planned": 1,
        "Workers Launched": 1,
        "Single Copy": false,
        "Plans": [
          {
            "Node Type": "Aggregate",
            "Strategy": "Plain",
            "Partial Mode": "Partial",
            "Parent Relationship": "Outer",
            "Parallel Aware": false,
            "Startup Cost": 1199214.28,
            "Total Cost": 1199214.29,
            "Plan Rows": 1,
            "Plan Width": 8,
            "Actual Startup Time": 9823.424,
            "Actual Total Time": 9823.428,
            "Actual Rows": 1,
            "Actual Loops": 2,
            "Plans": [
              {
                "Node Type": "Nested Loop",
                "Parent Relationship": "Outer",
                "Parallel Aware": false,
                "Join Type": "Inner",
                "Startup Cost": 65951.85,
                "Total Cost": 1191963.83,
                "Plan Rows": 2900181,
                "Plan Width": 0,
                "Actual Startup Time": 452.633,
                "Actual Total Time": 8694.098,
                "Actual Rows": 25805762,
                "Actual Loops": 2,
                "Inner Unique": false,
                "Plans": [
                  {
                    "Node Type": "Hash Join",
                    "Parent Relationship": "Outer",
                    "Parallel Aware": true,
                    "Join Type": "Inner",
                    "Startup Cost": 65951.41,
                    "Total Cost": 125799.68,
                    "Plan Rows": 495987,
                    "Plan Width": 8,
                    "Actual Startup Time": 452.558,
                    "Actual Total Time": 852.051,
                    "Actual Rows": 532411,
                    "Actual Loops": 2,
                    "Inner Unique": true,
                    "Hash Cond": "(mk.movie_id = t.id)",
                    "Plans": [
                      {
                        "Node Type": "Seq Scan",
                        "Parent Relationship": "Outer",
                        "Parallel Aware": true,
                        "Relation Name": "movie_keyword",
                        "Alias": "mk",
                        "Startup Cost": 0.0,
                        "Total Cost": 57718.19,
                        "Plan Rows": 811456,
                        "Plan Width": 4,
                        "Actual Startup Time": 0.016,
                        "Actual Total Time": 197.073,
                        "Actual Rows": 693546,
                        "Actual Loops": 2,
                        "Filter": "(keyword_id < 1876)",
                        "Rows Removed by Filter": 1568418
                      },
                      {
                        "Node Type": "Hash",
                        "Parent Relationship": "Inner",
                        "Parallel Aware": true,
                        "Startup Cost": 54588.39,
                        "Total Cost": 54588.39,
                        "Plan Rows": 909042,
                        "Plan Width": 4,
                        "Actual Startup Time": 437.847,
                        "Actual Total Time": 437.848,
                        "Actual Rows": 775864,
                        "Actual Loops": 2,
                        "Hash Buckets": 2097152,
                        "Original Hash Buckets": 2097152,
                        "Hash Batches": 1,
                        "Original Hash Batches": 1,
                        "Peak Memory Usage": 77120,
                        "Plans": [
                          {
                            "Node Type": "Seq Scan",
                            "Parent Relationship": "Outer",
                            "Parallel Aware": true,
                            "Relation Name": "title",
                            "Alias": "t",
                            "Startup Cost": 0.0,
                            "Total Cost": 54588.39,
                            "Plan Rows": 909042,
                            "Plan Width": 4,
                            "Actual Startup Time": 0.028,
                            "Actual Total Time": 195.788,
                            "Actual Rows": 775864,
                            "Actual Loops": 2,
                            "Filter": "(production_year < 2007)",
                            "Rows Removed by Filter": 488292
                          }
                        ]
                      }
                    ]
                  },
                  {
                    "Node Type": "Index Only Scan",
                    "Parent Relationship": "Inner",
                    "Parallel Aware": false,
                    "Scan Direction": "Forward",
                    "Index Name": "movie_id_movie_info",
                    "Relation Name": "movie_info",
                    "Alias": "mi",
                    "Startup Cost": 0.43,
                    "Total Cost": 1.73,
                    "Plan Rows": 42,
                    "Plan Width": 4,
                    "Actual Startup Time": 0.003,
                    "Actual Total Time": 0.011,
                    "Actual Rows": 48,
                    "Actual Loops": 1064822,
                    "Index Cond": "(movie_id = t.id)",
                    "Rows Removed by Index Recheck": 0,
                    "Heap Fetches": 51611524
                  }
                ]
              }
            ]
          }
        ]
      }
    ]
  },
  "Planning Time": 1.039,
  "Triggers": [],
  "Execution Time": 9906.399
}