[
  {
    "Plan": {
      "Node Type": "Aggregate",
      "Strategy": "Plain",
      "Partial Mode": "Finalize",
      "Parallel Aware": false,
      "Startup Cost": 222430.76,
      "Total Cost": 222430.77,
      "Plan Rows": 1,
      "Plan Width": 8,
      "Actual Startup Time": 397.226,
      "Actual Total Time": 413.627,
      "Actual Rows": 1,
      "Actual Loops": 1,
      "Plans": [
        {
          "Node Type": "Gather",
          "Parent Relationship": "Outer",
          "Parallel Aware": false,
          "Startup Cost": 222430.24,
          "Total Cost": 222430.75,
          "Plan Rows": 5,
          "Plan Width": 8,
          "Actual Startup Time": 386.112,
          "Actual Total Time": 413.616,
          "Actual Rows": 6,
          "Actual Loops": 1,
          "Workers Planned": 5,
          "Workers Launched": 5,
          "Single Copy": false,
          "Plans": [
            {
              "Node Type": "Aggregate",
              "Strategy": "Plain",
              "Partial Mode": "Partial",
              "Parent Relationship": "Outer",
              "Parallel Aware": false,
              "Startup Cost": 221430.24,
              "Total Cost": 221430.25,
              "Plan Rows": 1,
              "Plan Width": 8,
              "Actual Startup Time": 363.985,
              "Actual Total Time": 363.989,
              "Actual Rows": 1,
              "Actual Loops": 6,
              "Plans": [
                {
                  "Node Type": "Hash Join",
                  "Parent Relationship": "Outer",
                  "Parallel Aware": true,
                  "Join Type": "Inner",
                  "Startup Cost": 58139.17,
                  "Total Cost": 221253.41,
                  "Plan Rows": 70730,
                  "Plan Width": 0,
                  "Actual Startup Time": 309.494,
                  "Actual Total Time": 360.683,
                  "Actual Rows": 59984,
                  "Actual Loops": 6,
                  "Inner Unique": true,
                  "Hash Cond": "(mi.movie_id = t.id)",
                  "Plans": [
                    {
                      "Node Type": "Bitmap Heap Scan",
                      "Parent Relationship": "Outer",
                      "Parallel Aware": true,
                      "Relation Name": "movie_info",
                      "Alias": "mi",
                      "Startup Cost": 6701.03,
                      "Total Cost": 169620.68,
                      "Plan Rows": 74132,
                      "Plan Width": 4,
                      "Actual Startup Time": 22.465,
                      "Actual Total Time": 44.102,
                      "Actual Rows": 61370,
                      "Actual Loops": 6,
                      "Recheck Cond": "(info_type_id = 17)",
                      "Rows Removed by Index Recheck": 0,
                      "Exact Heap Blocks": 2040,
                      "Lossy Heap Blocks": 0,
                      "Plans": [
                        {
                          "Node Type": "Bitmap Index Scan",
                          "Parent Relationship": "Outer",
                          "Parallel Aware": false,
                          "Index Name": "info_type_id_movie_info",
                          "Startup Cost": 0.0,
                          "Total Cost": 6608.37,
                          "Plan Rows": 370658,
                          "Plan Width": 0,
                          "Actual Startup Time": 20.801,
                          "Actual Total Time": 20.802,
                          "Actual Rows": 368218,
                          "Actual Loops": 1,
                          "Index Cond": "(info_type_id = 17)"
                        }
                      ]
                    },
                    {
                      "Node Type": "Hash",
                      "Parent Relationship": "Inner",
                      "Parallel Aware": true,
                      "Startup Cost": 43899.32,
                      "Total Cost": 43899.32,
                      "Plan Rows": 603105,
                      "Plan Width": 4,
                      "Actual Startup Time": 278.94,
                      "Actual Total Time": 278.941,
                      "Actual Rows": 402233,
                      "Actual Loops": 6,
                      "Hash Buckets": 4194304,
                      "Original Hash Buckets": 4194304,
                      "Hash Batches": 1,
                      "Original Hash Batches": 1,
                      "Peak Memory Usage": 127296,
                      "Plans": [
                        {
                          "Node Type": "Seq Scan",
                          "Parent Relationship": "Outer",
                          "Parallel Aware": true,
                          "Relation Name": "title",
                          "Alias": "t",
                          "Startup Cost": 0.0,
                          "Total Cost": 43899.32,
                          "Plan Rows": 603105,
                          "Plan Width": 4,
                          "Actual Startup Time": 0.052,
                          "Actual Total Time": 89.232,
                          "Actual Rows": 402233,
                          "Actual Loops": 6,
                          "Filter": "(production_year > 1912)",
                          "Rows Removed by Filter": 19152
                        }
                      ]
                    }
                  ]
                }
              ]
            }
          ]
        }
      ]
    },
    "Planning Time": 0.613,
    "Triggers": [],
    "Execution Time": 413.715
  }
]