{
  "Plan": {
    "Node Type": "Aggregate",
    "Strategy": "Plain",
    "Partial Mode": "Finalize",
    "Parallel Aware": false,
    "Startup Cost": 69105.33,
    "Total Cost": 69105.34,
    "Plan Rows": 1,
    "Plan Width": 8,
    "Actual Startup Time": 154.205,
    "Actual Total Time": 166.643,
    "Actual Rows": 1,
    "Actual Loops": 1,
    "Plans": [
      {
        "Node Type": "Gather",
        "Parent Relationship": "Outer",
        "Parallel Aware": false,
        "Startup Cost": 69105.22,
        "Total Cost": 69105.33,
        "Plan Rows": 1,
        "Plan Width": 8,
        "Actual Startup Time": 154.079,
        "Actual Total Time": 166.635,
        "Actual Rows": 2,
        "Actual Loops": 1,
        "Workers Planned": 1,
        "Workers Launched": 1,
        "Single Copy": false,
        "Plans": [
          {
            "Node Type": "Aggregate",
            "Strategy": "Plain",
            "Partial Mode": "Partial",
            "Parent Relationship": "Outer",
            "Parallel Aware": false,
            "Startup Cost": 68105.22,
            "Total Cost": 68105.23,
            "Plan Rows": 1,
            "Plan Width": 8,
            "Actual Startup Time": 148.061,
            "Actual Total Time": 148.063,
            "Actual Rows": 1,
            "Actual Loops": 2,
            "Plans": [
              {
                "Node Type": "Nested Loop",
                "Parent Relationship": "Outer",
                "Parallel Aware": false,
                "Join Type": "Inner",
                "Startup Cost": 0.43,
                "Total Cost": 68103.42,
                "Plan Rows": 721,
                "Plan Width": 0,
                "Actual Startup Time": 92.834,
                "Actual Total Time": 148.022,
                "Actual Rows": 345,
                "Actual Loops": 2,
                "Inner Unique": false,
                "Plans": [
                  {
                    "Node Type": "Seq Scan",
                    "Parent Relationship": "Outer",
                    "Parallel Aware": true,
                    "Relation Name": "title",
                    "Alias": "t",
                    "Startup Cost": 0.0,
                    "Total Cost": 58306.47,
                    "Plan Rows": 1322,
                    "Plan Width": 4,
                    "Actual Startup Time": 91.686,
                    "Actual Total Time": 135.939,
                    "Actual Rows": 2918,
                    "Actual Loops": 2,
                    "Filter": "((kind_id < 7) AND (production_year = 1916))",
                    "Rows Removed by Filter": 1261238
                  },
                  {
                    "Node Type": "Index Only Scan",
                    "Parent Relationship": "Inner",
                    "Parallel Aware": false,
                    "Scan Direction": "Forward",
                    "Index Name": "movie_id_movie_info_idx",
                    "Relation Name": "movie_info_idx",
                    "Alias": "mi_idx",
                    "Startup Cost": 0.43,
                    "Total Cost": 7.38,
                    "Plan Rows": 3,
                    "Plan Width": 4,
                    "Actual Startup Time": 0.004,
                    "Actual Total Time": 0.004,
                    "Actual Rows": 0,
                    "Actual Loops": 5835,
                    "Index Cond": "(movie_id = t.id)",
                    "Rows Removed by Index Recheck": 0,
                    "Heap Fetches": 690
                  }
                ]
              }
            ]
          }
        ]
      }
    ]
  },
  "Planning Time": 0.448,
  "Triggers": [],
  "Execution Time": 166.715
}