[
  {
    "Plan": {
      "Node Type": "Aggregate",
      "Strategy": "Plain",
      "Partial Mode": "Finalize",
      "Parallel Aware": false,
      "Startup Cost": 32953.07,
      "Total Cost": 32953.08,
      "Plan Rows": 1,
      "Plan Width": 8,
      "Actual Startup Time": 98.013,
      "Actual Total Time": 105.503,
      "Actual Rows": 1,
      "Actual Loops": 1,
      "Plans": [
        {
          "Node Type": "Gather",
          "Parent Relationship": "Outer",
          "Parallel Aware": false,
          "Startup Cost": 32952.75,
          "Total Cost": 32953.06,
          "Plan Rows": 3,
          "Plan Width": 8,
          "Actual Startup Time": 97.852,
          "Actual Total Time": 105.493,
          "Actual Rows": 4,
          "Actual Loops": 1,
          "Workers Planned": 3,
          "Workers Launched": 3,
          "Single Copy": false,
          "Plans": [
            {
              "Node Type": "Aggregate",
              "Strategy": "Plain",
              "Partial Mode": "Partial",
              "Parent Relationship": "Outer",
              "Parallel Aware": false,
              "Startup Cost": 31952.75,
              "Total Cost": 31952.76,
              "Plan Rows": 1,
              "Plan Width": 8,
              "Actual Startup Time": 93.006,
              "Actual Total Time": 93.007,
              "Actual Rows": 1,
              "Actual Loops": 4,
              "Plans": [
                {
                  "Node Type": "Seq Scan",
                  "Parent Relationship": "Outer",
                  "Parallel Aware": true,
                  "Relation Name": "movie_companies",
                  "Alias": "mc",
                  "Startup Cost": 0.0,
                  "Total Cost": 31414.82,
                  "Plan Rows": 215172,
                  "Plan Width": 0,
                  "Actual Startup Time": 45.361,
                  "Actual Total Time": 82.845,
                  "Actual Rows": 226492,
                  "Actual Loops": 4,
                  "Filter": "((company_id > 11359) AND (company_type_id > 1))",
                  "Rows Removed by Filter": 425790
                }
              ]
            }
          ]
        }
      ]
    },
    "Planning Time": 0.177,
    "Triggers": [],
    "Execution Time": 105.554
  }
]