[
  {
    "Plan": {
      "Node Type": "Aggregate",
      "Strategy": "Plain",
      "Partial Mode": "Finalize",
      "Parallel Aware": false,
      "Startup Cost": 31688.24,
      "Total Cost": 31688.25,
      "Plan Rows": 1,
      "Plan Width": 8,
      "Actual Startup Time": 87.928,
      "Actual Total Time": 94.118,
      "Actual Rows": 1,
      "Actual Loops": 1,
      "Plans": [
        {
          "Node Type": "Gather",
          "Parent Relationship": "Outer",
          "Parallel Aware": false,
          "Startup Cost": 31687.92,
          "Total Cost": 31688.23,
          "Plan Rows": 3,
          "Plan Width": 8,
          "Actual Startup Time": 87.789,
          "Actual Total Time": 94.108,
          "Actual Rows": 4,
          "Actual Loops": 1,
          "Workers Planned": 3,
          "Workers Launched": 3,
          "Single Copy": false,
          "Plans": [
            {
              "Node Type": "Aggregate",
              "Strategy": "Plain",
              "Partial Mode": "Partial",
              "Parent Relationship": "Outer",
              "Parallel Aware": false,
              "Startup Cost": 30687.92,
              "Total Cost": 30687.93,
              "Plan Rows": 1,
              "Plan Width": 8,
              "Actual Startup Time": 84.858,
              "Actual Total Time": 84.859,
              "Actual Rows": 1,
              "Actual Loops": 4,
              "Plans": [
                {
                  "Node Type": "Seq Scan",
                  "Parent Relationship": "Outer",
                  "Parallel Aware": true,
                  "Relation Name": "movie_companies",
                  "Alias": "mc",
                  "Startup Cost": 0.0,
                  "Total Cost": 29310.68,
                  "Plan Rows": 550897,
                  "Plan Width": 0,
                  "Actual Startup Time": 1.075,
                  "Actual Total Time": 67.008,
                  "Actual Rows": 427080,
                  "Actual Loops": 4,
                  "Filter": "(company_id > 2887)",
                  "Rows Removed by Filter": 225203
                }
              ]
            }
          ]
        }
      ]
    },
    "Planning Time": 0.099,
    "Triggers": [],
    "Execution Time": 94.15
  }
]