[
  {
    "Plan": {
      "Node Type": "Aggregate",
      "Strategy": "Plain",
      "Partial Mode": "Finalize",
      "Parallel Aware": false,
      "Startup Cost": 266263.89,
      "Total Cost": 266263.9,
      "Plan Rows": 1,
      "Plan Width": 8,
      "Actual Startup Time": 178.98,
      "Actual Total Time": 210.105,
      "Actual Rows": 1,
      "Actual Loops": 1,
      "Plans": [
        {
          "Node Type": "Gather",
          "Parent Relationship": "Outer",
          "Parallel Aware": false,
          "Startup Cost": 266263.47,
          "Total Cost": 266263.88,
          "Plan Rows": 4,
          "Plan Width": 8,
          "Actual Startup Time": 178.602,
          "Actual Total Time": 210.096,
          "Actual Rows": 5,
          "Actual Loops": 1,
          "Workers Planned": 4,
          "Workers Launched": 4,
          "Single Copy": false,
          "Plans": [
            {
              "Node Type": "Aggregate",
              "Strategy": "Plain",
              "Partial Mode": "Partial",
              "Parent Relationship": "Outer",
              "Parallel Aware": false,
              "Startup Cost": 265263.47,
              "Total Cost": 265263.48,
              "Plan Rows": 1,
              "Plan Width": 8,
              "Actual Startup Time": 168.823,
              "Actual Total Time": 168.824,
              "Actual Rows": 1,
              "Actual Loops": 5,
              "Plans": [
                {
                  "Node Type": "Nested Loop",
                  "Parent Relationship": "Outer",
                  "Parallel Aware": false,
                  "Join Type": "Inner",
                  "Startup Cost": 0.56,
                  "Total Cost": 265258.07,
                  "Plan Rows": 2161,
                  "Plan Width": 0,
                  "Actual Startup Time": 1.165,
                  "Actual Total Time": 168.484,
                  "Actual Rows": 2995,
                  "Actual Loops": 5,
                  "Inner Unique": false,
                  "Plans": [
                    {
                      "Node Type": "Seq Scan",
                      "Parent Relationship": "Outer",
                      "Parallel Aware": true,
                      "Relation Name": "title",
                      "Alias": "t",
                      "Startup Cost": 0.0,
                      "Total Cost": 43898.92,
                      "Plan Rows": 2402,
                      "Plan Width": 4,
                      "Actual Startup Time": 0.134,
                      "Actual Total Time": 63.518,
                      "Actual Rows": 2062,
                      "Actual Loops": 5,
                      "Filter": "(production_year = 1962)",
                      "Rows Removed by Filter": 503601
                    },
                    {
                      "Node Type": "Index Scan",
                      "Parent Relationship": "Inner",
                      "Parallel Aware": false,
                      "Scan Direction": "Forward",
                      "Index Name": "movie_id_cast_info",
                      "Relation Name": "cast_info",
                      "Alias": "ci",
                      "Startup Cost": 0.56,
                      "Total Cost": 92.14,
                      "Plan Rows": 2,
                      "Plan Width": 4,
                      "Actual Startup Time": 0.019,
                      "Actual Total Time": 0.05,
                      "Actual Rows": 1,
                      "Actual Loops": 10308,
                      "Index Cond": "(movie_id = t.id)",
                      "Rows Removed by Index Recheck": 0,
                      "Filter": "((person_id < 411455) AND (role_id < 3))",
                      "Rows Removed by Filter": 11
                    }
                  ]
                }
              ]
            }
          ]
        }
      ]
    },
    "Planning Time": 0.639,
    "Triggers": [],
    "Execution Time": 210.196
  }
]