[
  {
    "Plan": {
      "Node Type": "Aggregate",
      "Strategy": "Plain",
      "Partial Mode": "Finalize",
      "Parallel Aware": false,
      "Startup Cost": 344306.29,
      "Total Cost": 344306.3,
      "Plan Rows": 1,
      "Plan Width": 8,
      "Actual Startup Time": 994.007,
      "Actual Total Time": 1042.973,
      "Actual Rows": 1,
      "Actual Loops": 1,
      "Plans": [
        {
          "Node Type": "Gather",
          "Parent Relationship": "Outer",
          "Parallel Aware": false,
          "Startup Cost": 344305.66,
          "Total Cost": 344306.27,
          "Plan Rows": 6,
          "Plan Width": 8,
          "Actual Startup Time": 993.85,
          "Actual Total Time": 1042.961,
          "Actual Rows": 7,
          "Actual Loops": 1,
          "Workers Planned": 6,
          "Workers Launched": 6,
          "Single Copy": false,
          "Plans": [
            {
              "Node Type": "Aggregate",
              "Strategy": "Plain",
              "Partial Mode": "Partial",
              "Parent Relationship": "Outer",
              "Parallel Aware": false,
              "Startup Cost": 343305.66,
              "Total Cost": 343305.67,
              "Plan Rows": 1,
              "Plan Width": 8,
              "Actual Startup Time": 984.577,
              "Actual Total Time": 984.579,
              "Actual Rows": 1,
              "Actual Loops": 7,
              "Plans": [
                {
                  "Node Type": "Seq Scan",
                  "Parent Relationship": "Outer",
                  "Parallel Aware": true,
                  "Relation Name": "cast_info",
                  "Alias": "ci",
                  "Startup Cost": 0.0,
                  "Total Cost": 328211.39,
                  "Plan Rows": 6037709,
                  "Plan Width": 0,
                  "Actual Startup Time": 0.468,
                  "Actual Total Time": 712.599,
                  "Actual Rows": 5174833,
                  "Actual Loops": 7,
                  "Filter": "(person_id > 3049)",
                  "Rows Removed by Filter": 2930
                }
              ]
            }
          ]
        }
      ]
    },
    "Planning Time": 0.187,
    "Triggers": [],
    "Execution Time": 1043.034
  }
]