[
  {
    "Plan": {
      "Node Type": "Aggregate",
      "Strategy": "Plain",
      "Partial Mode": "Finalize",
      "Parallel Aware": false,
      "Startup Cost": 306161.36,
      "Total Cost": 306161.37,
      "Plan Rows": 1,
      "Plan Width": 8,
      "Actual Startup Time": 659.426,
      "Actual Total Time": 682.294,
      "Actual Rows": 1,
      "Actual Loops": 1,
      "Plans": [
        {
          "Node Type": "Gather",
          "Parent Relationship": "Outer",
          "Parallel Aware": false,
          "Startup Cost": 306160.73,
          "Total Cost": 306161.34,
          "Plan Rows": 6,
          "Plan Width": 8,
          "Actual Startup Time": 654.776,
          "Actual Total Time": 682.283,
          "Actual Rows": 7,
          "Actual Loops": 1,
          "Workers Planned": 6,
          "Workers Launched": 6,
          "Single Copy": false,
          "Plans": [
            {
              "Node Type": "Aggregate",
              "Strategy": "Plain",
              "Partial Mode": "Partial",
              "Parent Relationship": "Outer",
              "Parallel Aware": false,
              "Startup Cost": 305160.73,
              "Total Cost": 305160.74,
              "Plan Rows": 1,
              "Plan Width": 8,
              "Actual Startup Time": 643.865,
              "Actual Total Time": 643.868,
              "Actual Rows": 1,
              "Actual Loops": 7,
              "Plans": [
                {
                  "Node Type": "Hash Join",
                  "Parent Relationship": "Outer",
                  "Parallel Aware": true,
                  "Join Type": "Inner",
                  "Startup Cost": 46726.86,
                  "Total Cost": 304723.21,
                  "Plan Rows": 175010,
                  "Plan Width": 0,
                  "Actual Startup Time": 112.05,
                  "Actual Total Time": 635.267,
                  "Actual Rows": 192559,
                  "Actual Loops": 7,
                  "Inner Unique": true,
                  "Hash Cond": "(ci.movie_id = t.id)",
                  "Plans": [
                    {
                      "Node Type": "Index Scan",
                      "Parent Relationship": "Outer",
                      "Parallel Aware": true,
                      "Scan Direction": "Forward",
                      "Index Name": "role_id_cast_info",
                      "Relation Name": "cast_info",
                      "Alias": "ci",
                      "Startup Cost": 0.56,
                      "Total Cost": 255086.64,
                      "Plan Rows": 1108673,
                      "Plan Width": 4,
                      "Actual Startup Time": 0.186,
                      "Actual Total Time": 268.582,
                      "Actual Rows": 1136803,
                      "Actual Loops": 7,
                      "Index Cond": "(role_id > 4)",
                      "Rows Removed by Index Recheck": 0,
                      "Filter": "(person_id > 1066464)",
                      "Rows Removed by Filter": 203868
                    },
                    {
                      "Node Type": "Hash",
                      "Parent Relationship": "Inner",
                      "Parallel Aware": true,
                      "Startup Cost": 45479.1,
                      "Total Cost": 45479.1,
                      "Plan Rows": 99776,
                      "Plan Width": 4,
                      "Actual Startup Time": 109.542,
                      "Actual Total Time": 109.543,
                      "Actual Rows": 71516,
                      "Actual Loops": 7,
                      "Hash Buckets": 524288,
                      "Original Hash Buckets": 524288,
                      "Hash Batches": 1,
                      "Original Hash Batches": 1,
                      "Peak Memory Usage": 23776,
                      "Plans": [
                        {
                          "Node Type": "Seq Scan",
                          "Parent Relationship": "Outer",
                          "Parallel Aware": true,
                          "Relation Name": "title",
                          "Alias": "t",
                          "Startup Cost": 0.0,
                          "Total Cost": 45479.1,
                          "Plan Rows": 99776,
                          "Plan Width": 4,
                          "Actual Startup Time": 0.046,
                          "Actual Total Time": 78.141,
                          "Actual Rows": 71516,
                          "Actual Loops": 7,
                          "Filter": "((kind_id < 7) AND (production_year < 2000))",
                          "Rows Removed by Filter": 289672
                        }
                      ]
                    }
                  ]
                }
              ]
            }
          ]
        }
      ]
    },
    "Planning Time": 0.616,
    "Triggers": [],
    "Execution Time": 682.38
  }
]