[
  {
    "Plan": {
      "Node Type": "Aggregate",
      "Strategy": "Plain",
      "Partial Mode": "Finalize",
      "Parallel Aware": false,
      "Startup Cost": 114120.9,
      "Total Cost": 114120.91,
      "Plan Rows": 1,
      "Plan Width": 8,
      "Actual Startup Time": 505.434,
      "Actual Total Time": 523.367,
      "Actual Rows": 1,
      "Actual Loops": 1,
      "Plans": [
        {
          "Node Type": "Gather",
          "Parent Relationship": "Outer",
          "Parallel Aware": false,
          "Startup Cost": 114120.58,
          "Total Cost": 114120.89,
          "Plan Rows": 3,
          "Plan Width": 8,
          "Actual Startup Time": 499.806,
          "Actual Total Time": 523.36,
          "Actual Rows": 4,
          "Actual Loops": 1,
          "Workers Planned": 3,
          "Workers Launched": 3,
          "Single Copy": false,
          "Plans": [
            {
              "Node Type": "Aggregate",
              "Strategy": "Plain",
              "Partial Mode": "Partial",
              "Parent Relationship": "Outer",
              "Parallel Aware": false,
              "Startup Cost": 113120.58,
              "Total Cost": 113120.59,
              "Plan Rows": 1,
              "Plan Width": 8,
              "Actual Startup Time": 490.4,
              "Actual Total Time": 490.405,
              "Actual Rows": 1,
              "Actual Loops": 4,
              "Plans": [
                {
                  "Node Type": "Hash Join",
                  "Parent Relationship": "Outer",
                  "Parallel Aware": true,
                  "Join Type": "Inner",
                  "Startup Cost": 65626.1,
                  "Total Cost": 112814.14,
                  "Plan Rows": 122575,
                  "Plan Width": 0,
                  "Actual Startup Time": 302.036,
                  "Actual Total Time": 485.94,
                  "Actual Rows": 99055,
                  "Actual Loops": 4,
                  "Inner Unique": false,
                  "Hash Cond": "(mk.movie_id = t.id)",
                  "Plans": [
                    {
                      "Node Type": "Seq Scan",
                      "Parent Relationship": "Outer",
                      "Parallel Aware": true,
                      "Relation Name": "movie_keyword",
                      "Alias": "mk",
                      "Startup Cost": 0.0,
                      "Total Cost": 42695.65,
                      "Plan Rows": 1061775,
                      "Plan Width": 4,
                      "Actual Startup Time": 0.027,
                      "Actual Total Time": 115.149,
                      "Actual Rows": 821245,
                      "Actual Loops": 4,
                      "Filter": "(keyword_id < 14604)",
                      "Rows Removed by Filter": 309737
                    },
                    {
                      "Node Type": "Hash",
                      "Parent Relationship": "Inner",
                      "Parallel Aware": true,
                      "Startup Cost": 64105.92,
                      "Total Cost": 64105.92,
                      "Plan Rows": 121615,
                      "Plan Width": 8,
                      "Actual Startup Time": 298.457,
                      "Actual Total Time": 298.46,
                      "Actual Rows": 38901,
                      "Actual Loops": 4,
                      "Hash Buckets": 524288,
                      "Original Hash Buckets": 524288,
                      "Hash Batches": 1,
                      "Original Hash Batches": 1,
                      "Peak Memory Usage": 10272,
                      "Plans": [
                        {
                          "Node Type": "Hash Join",
                          "Parent Relationship": "Outer",
                          "Parallel Aware": true,
                          "Join Type": "Inner",
                          "Startup Cost": 47971.07,
                          "Total Cost": 64105.92,
                          "Plan Rows": 121615,
                          "Plan Width": 8,
                          "Actual Startup Time": 205.097,
                          "Actual Total Time": 288.432,
                          "Actual Rows": 38901,
                          "Actual Loops": 4,
                          "Inner Unique": true,
                          "Hash Cond": "(mi_idx.movie_id = t.id)",
                          "Plans": [
                            {
                              "Node Type": "Seq Scan",
                              "Parent Relationship": "Outer",
                              "Parallel Aware": true,
                              "Relation Name": "movie_info_idx",
                              "Alias": "mi_idx",
                              "Startup Cost": 0.0,
                              "Total Cost": 15122.68,
                              "Plan Rows": 385585,
                              "Plan Width": 4,
                              "Actual Startup Time": 0.028,
                              "Actual Total Time": 35.545,
                              "Actual Rows": 230028,
                              "Actual Loops": 4,
                              "Filter": "(info_type_id > 99)",
                              "Rows Removed by Filter": 114981
                            },
                            {
                              "Node Type": "Hash",
                              "Parent Relationship": "Inner",
                              "Parallel Aware": true,
                              "Startup Cost": 45479.1,
                              "Total Cost": 45479.1,
                              "Plan Rows": 199358,
                              "Plan Width": 4,
                              "Actual Startup Time": 201.588,
                              "Actual Total Time": 201.589,
                              "Actual Rows": 218110,
                              "Actual Loops": 4,
                              "Hash Buckets": 1048576,
                              "Original Hash Buckets": 1048576,
                              "Hash Batches": 1,
                              "Original Hash Batches": 1,
                              "Peak Memory Usage": 42400,
                              "Plans": [
                                {
                                  "Node Type": "Seq Scan",
                                  "Parent Relationship": "Outer",
                                  "Parallel Aware": true,
                                  "Relation Name": "title",
                                  "Alias": "t",
                                  "Startup Cost": 0.0,
                                  "Total Cost": 45479.1,
                                  "Plan Rows": 199358,
                                  "Plan Width": 4,
                                  "Actual Startup Time": 0.048,
                                  "Actual Total Time": 113.54,
                                  "Actual Rows": 218110,
                                  "Actual Loops": 4,
                                  "Filter": "((kind_id > 3) AND (production_year > 2003))",
                                  "Rows Removed by Filter": 413968
                                }
                              ]
                            }
                          ]
                        }
                      ]
                    }
                  ]
                }
              ]
            }
          ]
        }
      ]
    },
    "Planning Time": 1.317,
    "Triggers": [],
    "Execution Time": 523.447
  }
]