[
  {
    "Plan": {
      "Node Type": "Aggregate",
      "Strategy": "Plain",
      "Partial Mode": "Finalize",
      "Parallel Aware": false,
      "Startup Cost": 33480.02,
      "Total Cost": 33480.03,
      "Plan Rows": 1,
      "Plan Width": 8,
      "Actual Startup Time": 109.798,
      "Actual Total Time": 120.627,
      "Actual Rows": 1,
      "Actual Loops": 1,
      "Plans": [
        {
          "Node Type": "Gather",
          "Parent Relationship": "Outer",
          "Parallel Aware": false,
          "Startup Cost": 33479.7,
          "Total Cost": 33480.01,
          "Plan Rows": 3,
          "Plan Width": 8,
          "Actual Startup Time": 109.63,
          "Actual Total Time": 120.617,
          "Actual Rows": 4,
          "Actual Loops": 1,
          "Workers Planned": 3,
          "Workers Launched": 3,
          "Single Copy": false,
          "Plans": [
            {
              "Node Type": "Aggregate",
              "Strategy": "Plain",
              "Partial Mode": "Partial",
              "Parent Relationship": "Outer",
              "Parallel Aware": false,
              "Startup Cost": 32479.7,
              "Total Cost": 32479.71,
              "Plan Rows": 1,
              "Plan Width": 8,
              "Actual Startup Time": 105.568,
              "Actual Total Time": 105.569,
              "Actual Rows": 1,
              "Actual Loops": 4,
              "Plans": [
                {
                  "Node Type": "Seq Scan",
                  "Parent Relationship": "Outer",
                  "Parallel Aware": true,
                  "Relation Name": "movie_companies",
                  "Alias": "mc",
                  "Startup Cost": 0.0,
                  "Total Cost": 31414.82,
                  "Plan Rows": 425954,
                  "Plan Width": 0,
                  "Actual Startup Time": 44.67,
                  "Actual Total Time": 89.044,
                  "Actual Rows": 327618,
                  "Actual Loops": 4,
                  "Filter": "((company_id < 212505) AND (company_type_id = 2))",
                  "Rows Removed by Filter": 324664
                }
              ]
            }
          ]
        }
      ]
    },
    "Planning Time": 0.227,
    "Triggers": [],
    "Execution Time": 120.668
  }
]