{
  "Plan": {
    "Node Type": "Aggregate",
    "Strategy": "Plain",
    "Partial Mode": "Finalize",
    "Parallel Aware": false,
    "Startup Cost": 973292.88,
    "Total Cost": 973292.89,
    "Plan Rows": 1,
    "Plan Width": 8,
    "Actual Startup Time": 13157.434,
    "Actual Total Time": 13233.846,
    "Actual Rows": 1,
    "Actual Loops": 1,
    "Plans": [
      {
        "Node Type": "Gather",
        "Parent Relationship": "Outer",
        "Parallel Aware": false,
        "Startup Cost": 973292.77,
        "Total Cost": 973292.88,
        "Plan Rows": 1,
        "Plan Width": 8,
        "Actual Startup Time": 13148.295,
        "Actual Total Time": 13233.834,
        "Actual Rows": 2,
        "Actual Loops": 1,
        "Workers Planned": 1,
        "Workers Launched": 1,
        "Single Copy": false,
        "Plans": [
          {
            "Node Type": "Aggregate",
            "Strategy": "Plain",
            "Partial Mode": "Partial",
            "Parent Relationship": "Outer",
            "Parallel Aware": false,
            "Startup Cost": 972292.77,
            "Total Cost": 972292.78,
            "Plan Rows": 1,
            "Plan Width": 8,
            "Actual Startup Time": 13136.449,
            "Actual Total Time": 13137.671,
            "Actual Rows": 1,
            "Actual Loops": 2,
            "Plans": [
              {
                "Node Type": "Hash Join",
                "Parent Relationship": "Outer",
                "Parallel Aware": true,
                "Join Type": "Inner",
                "Startup Cost": 588430.42,
                "Total Cost": 945025.59,
                "Plan Rows": 10906873,
                "Plan Width": 0,
                "Actual Startup Time": 3398.703,
                "Actual Total Time": 11154.605,
                "Actual Rows": 47533496,
                "Actual Loops": 2,
                "Inner Unique": false,
                "Hash Cond": "(mi.movie_id = t.id)",
                "Plans": [
                  {
                    "Node Type": "Seq Scan",
                    "Parent Relationship": "Outer",
                    "Parallel Aware": true,
                    "Relation Name": "movie_info",
                    "Alias": "mi",
                    "Startup Cost": 0.0,
                    "Total Cost": 248955.74,
                    "Plan Rows": 8696274,
                    "Plan Width": 4,
                    "Actual Startup Time": 0.018,
                    "Actual Total Time": 678.988,
                    "Actual Rows": 7417860,
                    "Actual Loops": 2
                  },
                  {
                    "Node Type": "Hash",
                    "Parent Relationship": "Inner",
                    "Parallel Aware": true,
                    "Startup Cost": 565114.35,
                    "Total Cost": 565114.35,
                    "Plan Rows": 1865286,
                    "Plan Width": 8,
                    "Actual Startup Time": 3374.177,
                    "Actual Total Time": 3375.398,
                    "Actual Rows": 1638256,
                    "Actual Loops": 2,
                    "Hash Buckets": 4194304,
                    "Original Hash Buckets": 4194304,
                    "Hash Batches": 1,
                    "Original Hash Batches": 1,
                    "Peak Memory Usage": 160960,
                    "Plans": [
                      {
                        "Node Type": "Hash Join",
                        "Parent Relationship": "Outer",
                        "Parallel Aware": true,
                        "Join Type": "Inner",
                        "Startup Cost": 240481.25,
                        "Total Cost": 565114.35,
                        "Plan Rows": 1865286,
                        "Plan Width": 8,
                        "Actual Startup Time": 924.237,
                        "Actual Total Time": 2825.413,
                        "Actual Rows": 1638256,
                        "Actual Loops": 2,
                        "Inner Unique": true,
                        "Hash Cond": "(ci.movie_id = t.id)",
                        "Plans": [
                          {
                            "Node Type": "Bitmap Heap Scan",
                            "Parent Relationship": "Outer",
                            "Parallel Aware": true,
                            "Relation Name": "cast_info",
                            "Alias": "ci",
                            "Startup Cost": 178602.95,
                            "Total Cost": 490749.51,
                            "Plan Rows": 4756765,
                            "Plan Width": 4,
                            "Actual Startup Time": 613.049,
                            "Actual Total Time": 1099.066,
                            "Actual Rows": 4002782,
                            "Actual Loops": 2,
                            "Recheck Cond": "(person_id > 2879282)",
                            "Rows Removed by Index Recheck": 0,
                            "Exact Heap Blocks": 51819,
                            "Lossy Heap Blocks": 0,
                            "Plans": [
                              {
                                "Node Type": "Bitmap Index Scan",
                                "Parent Relationship": "Outer",
                                "Parallel Aware": false,
                                "Index Name": "person_id_cast_info",
                                "Startup Cost": 0.0,
                                "Total Cost": 176581.32,
                                "Plan Rows": 8086501,
                                "Plan Width": 0,
                                "Actual Startup Time": 586.824,
                                "Actual Total Time": 586.824,
                                "Actual Rows": 8005563,
                                "Actual Loops": 1,
                                "Index Cond": "(person_id > 2879282)"
                              }
                            ]
                          },
                          {
                            "Node Type": "Hash",
                            "Parent Relationship": "Inner",
                            "Parallel Aware": true,
                            "Startup Cost": 54588.39,
                            "Total Cost": 54588.39,
                            "Plan Rows": 583193,
                            "Plan Width": 4,
                            "Actual Startup Time": 308.129,
                            "Actual Total Time": 308.131,
                            "Actual Rows": 492524,
                            "Actual Loops": 2,
                            "Hash Buckets": 1048576,
                            "Original Hash Buckets": 1048576,
                            "Hash Batches": 1,
                            "Original Hash Batches": 1,
                            "Peak Memory Usage": 46752,
                            "Plans": [
                              {
                                "Node Type": "Seq Scan",
                                "Parent Relationship": "Outer",
                                "Parallel Aware": true,
                                "Relation Name": "title",
                                "Alias": "t",
                                "Startup Cost": 0.0,
                                "Total Cost": 54588.39,
                                "Plan Rows": 583193,
                                "Plan Width": 4,
                                "Actual Startup Time": 0.031,
                                "Actual Total Time": 172.776,
                                "Actual Rows": 492524,
                                "Actual Loops": 2,
                                "Filter": "(kind_id < 7)",
                                "Rows Removed by Filter": 771632
                              }
                            ]
                          }
                        ]
                      }
                    ]
                  }
                ]
              }
            ]
          }
        ]
      }
    ]
  },
  "Planning Time": 1.086,
  "Triggers": [],
  "Execution Time": 13233.968
}