[
  {
    "Plan": {
      "Node Type": "Aggregate",
      "Strategy": "Plain",
      "Partial Mode": "Finalize",
      "Parallel Aware": false,
      "Startup Cost": 75847.71,
      "Total Cost": 75847.72,
      "Plan Rows": 1,
      "Plan Width": 8,
      "Actual Startup Time": 175.33,
      "Actual Total Time": 188.562,
      "Actual Rows": 1,
      "Actual Loops": 1,
      "Plans": [
        {
          "Node Type": "Gather",
          "Parent Relationship": "Outer",
          "Parallel Aware": false,
          "Startup Cost": 75847.4,
          "Total Cost": 75847.71,
          "Plan Rows": 3,
          "Plan Width": 8,
          "Actual Startup Time": 174.869,
          "Actual Total Time": 188.548,
          "Actual Rows": 4,
          "Actual Loops": 1,
          "Workers Planned": 3,
          "Workers Launched": 3,
          "Single Copy": false,
          "Plans": [
            {
              "Node Type": "Aggregate",
              "Strategy": "Plain",
              "Partial Mode": "Partial",
              "Parent Relationship": "Outer",
              "Parallel Aware": false,
              "Startup Cost": 74847.4,
              "Total Cost": 74847.41,
              "Plan Rows": 1,
              "Plan Width": 8,
              "Actual Startup Time": 165.515,
              "Actual Total Time": 165.518,
              "Actual Rows": 1,
              "Actual Loops": 4,
              "Plans": [
                {
                  "Node Type": "Hash Join",
                  "Parent Relationship": "Outer",
                  "Parallel Aware": true,
                  "Join Type": "Inner",
                  "Startup Cost": 54170.02,
                  "Total Cost": 74832.83,
                  "Plan Rows": 5825,
                  "Plan Width": 0,
                  "Actual Startup Time": 126.9,
                  "Actual Total Time": 165.372,
                  "Actual Rows": 1516,
                  "Actual Loops": 4,
                  "Inner Unique": true,
                  "Hash Cond": "(mc.movie_id = t.id)",
                  "Plans": [
                    {
                      "Node Type": "Bitmap Heap Scan",
                      "Parent Relationship": "Outer",
                      "Parallel Aware": true,
                      "Relation Name": "movie_companies",
                      "Alias": "mc",
                      "Startup Cost": 8319.27,
                      "Total Cost": 28657.05,
                      "Plan Rows": 123823,
                      "Plan Width": 4,
                      "Actual Startup Time": 17.762,
                      "Actual Total Time": 38.578,
                      "Actual Rows": 97674,
                      "Actual Loops": 4,
                      "Recheck Cond": "(company_id > 83216)",
                      "Rows Removed by Index Recheck": 0,
                      "Exact Heap Blocks": 2051,
                      "Lossy Heap Blocks": 0,
                      "Plans": [
                        {
                          "Node Type": "Bitmap Index Scan",
                          "Parent Relationship": "Outer",
                          "Parallel Aware": false,
                          "Index Name": "company_id_movie_companies",
                          "Startup Cost": 0.0,
                          "Total Cost": 8223.31,
                          "Plan Rows": 383850,
                          "Plan Width": 0,
                          "Actual Startup Time": 16.826,
                          "Actual Total Time": 16.826,
                          "Actual Rows": 390696,
                          "Actual Loops": 1,
                          "Index Cond": "(company_id > 83216)"
                        }
                      ]
                    },
                    {
                      "Node Type": "Hash",
                      "Parent Relationship": "Inner",
                      "Parallel Aware": true,
                      "Startup Cost": 45479.1,
                      "Total Cost": 45479.1,
                      "Plan Rows": 29732,
                      "Plan Width": 4,
                      "Actual Startup Time": 107.058,
                      "Actual Total Time": 107.059,
                      "Actual Rows": 30652,
                      "Actual Loops": 4,
                      "Hash Buckets": 131072,
                      "Original Hash Buckets": 131072,
                      "Hash Batches": 1,
                      "Original Hash Batches": 1,
                      "Peak Memory Usage": 5888,
                      "Plans": [
                        {
                          "Node Type": "Seq Scan",
                          "Parent Relationship": "Outer",
                          "Parallel Aware": true,
                          "Relation Name": "title",
                          "Alias": "t",
                          "Startup Cost": 0.0,
                          "Total Cost": 45479.1,
                          "Plan Rows": 29732,
                          "Plan Width": 4,
                          "Actual Startup Time": 0.044,
                          "Actual Total Time": 95.909,
                          "Actual Rows": 30652,
                          "Actual Loops": 4,
                          "Filter": "((kind_id > 1) AND (production_year = 2011))",
                          "Rows Removed by Filter": 601426
                        }
                      ]
                    }
                  ]
                }
              ]
            }
          ]
        }
      ]
    },
    "Planning Time": 0.744,
    "Triggers": [],
    "Execution Time": 188.657
  }
]