[
  {
    "Plan": {
      "Node Type": "Aggregate",
      "Strategy": "Plain",
      "Partial Mode": "Finalize",
      "Parallel Aware": false,
      "Startup Cost": 61846.86,
      "Total Cost": 61846.87,
      "Plan Rows": 1,
      "Plan Width": 8,
      "Actual Startup Time": 344.151,
      "Actual Total Time": 374.066,
      "Actual Rows": 1,
      "Actual Loops": 1,
      "Plans": [
        {
          "Node Type": "Gather",
          "Parent Relationship": "Outer",
          "Parallel Aware": false,
          "Startup Cost": 61846.65,
          "Total Cost": 61846.86,
          "Plan Rows": 2,
          "Plan Width": 8,
          "Actual Startup Time": 342.6,
          "Actual Total Time": 374.052,
          "Actual Rows": 3,
          "Actual Loops": 1,
          "Workers Planned": 2,
          "Workers Launched": 2,
          "Single Copy": false,
          "Plans": [
            {
              "Node Type": "Aggregate",
              "Strategy": "Plain",
              "Partial Mode": "Partial",
              "Parent Relationship": "Outer",
              "Parallel Aware": false,
              "Startup Cost": 60846.65,
              "Total Cost": 60846.66,
              "Plan Rows": 1,
              "Plan Width": 8,
              "Actual Startup Time": 338.725,
              "Actual Total Time": 338.829,
              "Actual Rows": 1,
              "Actual Loops": 3,
              "Plans": [
                {
                  "Node Type": "Hash Join",
                  "Parent Relationship": "Outer",
                  "Parallel Aware": true,
                  "Join Type": "Inner",
                  "Startup Cost": 45625.54,
                  "Total Cost": 60820.1,
                  "Plan Rows": 10621,
                  "Plan Width": 0,
                  "Actual Startup Time": 242.06,
                  "Actual Total Time": 337.741,
                  "Actual Rows": 14079,
                  "Actual Loops": 3,
                  "Inner Unique": true,
                  "Hash Cond": "(mi_idx.movie_id = t.id)",
                  "Plans": [
                    {
                      "Node Type": "Seq Scan",
                      "Parent Relationship": "Outer",
                      "Parallel Aware": true,
                      "Relation Name": "movie_info_idx",
                      "Alias": "mi_idx",
                      "Startup Cost": 0.0,
                      "Total Cost": 13685.15,
                      "Plan Rows": 575015,
                      "Plan Width": 4,
                      "Actual Startup Time": 0.021,
                      "Actual Total Time": 68.753,
                      "Actual Rows": 460012,
                      "Actual Loops": 3
                    },
                    {
                      "Node Type": "Hash",
                      "Parent Relationship": "Inner",
                      "Parallel Aware": true,
                      "Startup Cost": 45479.59,
                      "Total Cost": 45479.59,
                      "Plan Rows": 11676,
                      "Plan Width": 4,
                      "Actual Startup Time": 181.02,
                      "Actual Total Time": 181.026,
                      "Actual Rows": 43440,
                      "Actual Loops": 3,
                      "Hash Buckets": 131072,
                      "Original Hash Buckets": 65536,
                      "Hash Batches": 1,
                      "Original Hash Batches": 1,
                      "Peak Memory Usage": 6656,
                      "Plans": [
                        {
                          "Node Type": "Seq Scan",
                          "Parent Relationship": "Outer",
                          "Parallel Aware": true,
                          "Relation Name": "title",
                          "Alias": "t",
                          "Startup Cost": 0.0,
                          "Total Cost": 45479.59,
                          "Plan Rows": 11676,
                          "Plan Width": 4,
                          "Actual Startup Time": 83.579,
                          "Actual Total Time": 156.65,
                          "Actual Rows": 43440,
                          "Actual Loops": 3,
                          "Filter": "((kind_id < 7) AND (production_year < 1936))",
                          "Rows Removed by Filter": 799330
                        }
                      ]
                    }
                  ]
                }
              ]
            }
          ]
        }
      ]
    },
    "Planning Time": 0.403,
    "Triggers": [],
    "Execution Time": 374.124
  }
]