[
  {
    "Plan": {
      "Node Type": "Aggregate",
      "Strategy": "Plain",
      "Partial Mode": "Simple",
      "Parallel Aware": false,
      "Startup Cost": 5016.75,
      "Total Cost": 5016.76,
      "Plan Rows": 1,
      "Plan Width": 8,
      "Actual Startup Time": 1.824,
      "Actual Total Time": 1.826,
      "Actual Rows": 1,
      "Actual Loops": 1,
      "Plans": [
        {
          "Node Type": "Nested Loop",
          "Parent Relationship": "Outer",
          "Parallel Aware": false,
          "Join Type": "Inner",
          "Startup Cost": 0.99,
          "Total Cost": 5015.66,
          "Plan Rows": 439,
          "Plan Width": 0,
          "Actual Startup Time": 0.935,
          "Actual Total Time": 1.81,
          "Actual Rows": 48,
          "Actual Loops": 1,
          "Inner Unique": true,
          "Plans": [
            {
              "Node Type": "Index Scan",
              "Parent Relationship": "Outer",
              "Parallel Aware": false,
              "Scan Direction": "Forward",
              "Index Name": "person_id_cast_info",
              "Relation Name": "cast_info",
              "Alias": "ci",
              "Startup Cost": 0.56,
              "Total Cost": 985.86,
              "Plan Rows": 484,
              "Plan Width": 4,
              "Actual Startup Time": 0.864,
              "Actual Total Time": 0.906,
              "Actual Rows": 111,
              "Actual Loops": 1,
              "Index Cond": "(person_id = 2278066)",
              "Rows Removed by Index Recheck": 0
            },
            {
              "Node Type": "Index Scan",
              "Parent Relationship": "Inner",
              "Parallel Aware": false,
              "Scan Direction": "Forward",
              "Index Name": "title_pkey",
              "Relation Name": "title",
              "Alias": "t",
              "Startup Cost": 0.43,
              "Total Cost": 8.33,
              "Plan Rows": 1,
              "Plan Width": 4,
              "Actual Startup Time": 0.008,
              "Actual Total Time": 0.008,
              "Actual Rows": 0,
              "Actual Loops": 111,
              "Index Cond": "(id = ci.movie_id)",
              "Rows Removed by Index Recheck": 0,
              "Filter": "(production_year > 1951)",
              "Rows Removed by Filter": 1
            }
          ]
        }
      ]
    },
    "Planning Time": 0.421,
    "Triggers": [],
    "Execution Time": 1.869
  }
]