{
  "Plan": {
    "Node Type": "Aggregate",
    "Strategy": "Plain",
    "Partial Mode": "Finalize",
    "Parallel Aware": false,
    "Startup Cost": 223075.16,
    "Total Cost": 223075.17,
    "Plan Rows": 1,
    "Plan Width": 32,
    "Actual Startup Time": 2743.34,
    "Actual Total Time": 2784.256,
    "Actual Rows": 1,
    "Actual Loops": 1,
    "Plans": [
      {
        "Node Type": "Gather",
        "Parent Relationship": "Outer",
        "Parallel Aware": false,
        "Startup Cost": 223074.74,
        "Total Cost": 223075.15,
        "Plan Rows": 4,
        "Plan Width": 32,
        "Actual Startup Time": 2711.711,
        "Actual Total Time": 2784.214,
        "Actual Rows": 5,
        "Actual Loops": 1,
        "Workers Planned": 4,
        "Workers Launched": 4,
        "Single Copy": false,
        "Plans": [
          {
            "Node Type": "Aggregate",
            "Strategy": "Plain",
            "Partial Mode": "Partial",
            "Parent Relationship": "Outer",
            "Parallel Aware": false,
            "Startup Cost": 222074.74,
            "Total Cost": 222074.75,
            "Plan Rows": 1,
            "Plan Width": 32,
            "Actual Startup Time": 2700.737,
            "Actual Total Time": 2700.75,
            "Actual Rows": 1,
            "Actual Loops": 5,
            "Plans": [
              {
                "Node Type": "Hash Join",
                "Parent Relationship": "Outer",
                "Parallel Aware": true,
                "Join Type": "Inner",
                "Startup Cost": 172044.06,
                "Total Cost": 222074.7,
                "Plan Rows": 16,
                "Plan Width": 17,
                "Actual Startup Time": 2250.243,
                "Actual Total Time": 2698.969,
                "Actual Rows": 13663,
                "Actual Loops": 5,
                "Inner Unique": true,
                "Hash Cond": "(mc.company_id = cn.id)",
                "Plans": [
                  {
                    "Node Type": "Hash Join",
                    "Parent Relationship": "Outer",
                    "Parallel Aware": false,
                    "Join Type": "Inner",
                    "Startup Cost": 166689.29,
                    "Total Cost": 216719.83,
                    "Plan Rows": 42,
                    "Plan Width": 21,
                    "Actual Startup Time": 2219.976,
                    "Actual Total Time": 2659.204,
                    "Actual Rows": 29710,
                    "Actual Loops": 5,
                    "Inner Unique": false,
                    "Hash Cond": "(mc.movie_id = mk.movie_id)",
                    "Plans": [
                      {
                        "Node Type": "Hash Join",
                        "Parent Relationship": "Outer",
                        "Parallel Aware": true,
                        "Join Type": "Inner",
                        "Startup Cost": 37727.23,
                        "Total Cost": 85311.28,
                        "Plan Rows": 652282,
                        "Plan Width": 29,
                        "Actual Startup Time": 372.523,
                        "Actual Total Time": 745.836,
                        "Actual Rows": 521826,
                        "Actual Loops": 5,
                        "Inner Unique": false,
                        "Hash Cond": "(t.id = mc.movie_id)",
                        "Plans": [
                          {
                            "Node Type": "Seq Scan",
                            "Parent Relationship": "Outer",
                            "Parallel Aware": true,
                            "Relation Name": "title",
                            "Alias": "t",
                            "Startup Cost": 0.0,
                            "Total Cost": 42319.27,
                            "Plan Rows": 632127,
                            "Plan Width": 21,
                            "Actual Startup Time": 0.049,
                            "Actual Total Time": 88.175,
                            "Actual Rows": 505662,
                            "Actual Loops": 5
                          },
                          {
                            "Node Type": "Hash",
                            "Parent Relationship": "Inner",
                            "Parallel Aware": true,
                            "Startup Cost": 27206.55,
                            "Total Cost": 27206.55,
                            "Plan Rows": 841655,
                            "Plan Width": 8,
                            "Actual Startup Time": 364.14,
                            "Actual Total Time": 364.142,
                            "Actual Rows": 521826,
                            "Actual Loops": 5,
                            "Hash Buckets": 4194304,
                            "Original Hash Buckets": 4194304,
                            "Hash Batches": 1,
                            "Original Hash Batches": 1,
                            "Peak Memory Usage": 134880,
                            "Plans": [
                              {
                                "Node Type": "Seq Scan",
                                "Parent Relationship": "Outer",
                                "Parallel Aware": true,
                                "Relation Name": "movie_companies",
                                "Alias": "mc",
                                "Startup Cost": 0.0,
                                "Total Cost": 27206.55,
                                "Plan Rows": 841655,
                                "Plan Width": 8,
                                "Actual Startup Time": 0.056,
                                "Actual Total Time": 105.797,
                                "Actual Rows": 521826,
                                "Actual Loops": 5
                              }
                            ]
                          }
                        ]
                      },
                      {
                        "Node Type": "Hash",
                        "Parent Relationship": "Inner",
                        "Parallel Aware": false,
                        "Startup Cost": 128961.63,
                        "Total Cost": 128961.63,
                        "Plan Rows": 34,
                        "Plan Width": 4,
                        "Actual Startup Time": 1846.936,
                        "Actual Total Time": 1846.939,
                        "Actual Rows": 41840,
                        "Actual Loops": 5,
                        "Hash Buckets": 65536,
                        "Original Hash Buckets": 1024,
                        "Hash Batches": 1,
                        "Original Hash Batches": 1,
                        "Peak Memory Usage": 1983,
                        "Plans": [
                          {
                            "Node Type": "Hash Join",
                            "Parent Relationship": "Outer",
                            "Parallel Aware": false,
                            "Join Type": "Inner",
                            "Startup Cost": 126242.43,
                            "Total Cost": 128961.63,
                            "Plan Rows": 34,
                            "Plan Width": 4,
                            "Actual Startup Time": 1817.056,
                            "Actual Total Time": 1839.315,
                            "Actual Rows": 41840,
                            "Actual Loops": 5,
                            "Inner Unique": false,
                            "Hash Cond": "(k.id = mk.keyword_id)",
                            "Plans": [
                              {
                                "Node Type": "Seq Scan",
                                "Parent Relationship": "Outer",
                                "Parallel Aware": false,
                                "Relation Name": "keyword",
                                "Alias": "k",
                                "Startup Cost": 0.0,
                                "Total Cost": 2626.12,
                                "Plan Rows": 1,
                                "Plan Width": 4,
                                "Actual Startup Time": 0.619,
                                "Actual Total Time": 12.531,
                                "Actual Rows": 1,
                                "Actual Loops": 5,
                                "Filter": "(keyword = 'character-name-in-title'::text)",
                                "Rows Removed by Filter": 134169
                              },
                              {
                                "Node Type": "Hash",
                                "Parent Relationship": "Inner",
                                "Parallel Aware": false,
                                "Startup Cost": 69693.3,
                                "Total Cost": 69693.3,
                                "Plan Rows": 4523930,
                                "Plan Width": 8,
                                "Actual Startup Time": 1706.645,
                                "Actual Total Time": 1706.646,
                                "Actual Rows": 4523930,
                                "Actual Loops": 5,
                                "Hash Buckets": 8388608,
                                "Original Hash Buckets": 8388608,
                                "Hash Batches": 1,
                                "Original Hash Batches": 1,
                                "Peak Memory Usage": 242253,
                                "Plans": [
                                  {
                                    "Node Type": "Seq Scan",
                                    "Parent Relationship": "Outer",
                                    "Parallel Aware": false,
                                    "Relation Name": "movie_keyword",
                                    "Alias": "mk",
                                    "Startup Cost": 0.0,
                                    "Total Cost": 69693.3,
                                    "Plan Rows": 4523930,
                                    "Plan Width": 8,
                                    "Actual Startup Time": 0.114,
                                    "Actual Total Time": 602.384,
                                    "Actual Rows": 4523930,
                                    "Actual Loops": 5
                                  }
                                ]
                              }
                            ]
                          }
                        ]
                      }
                    ]
                  },
                  {
                    "Node Type": "Hash",
                    "Parent Relationship": "Inner",
                    "Parallel Aware": true,
                    "Startup Cost": 4722.92,
                    "Total Cost": 4722.92,
                    "Plan Rows": 50548,
                    "Plan Width": 4,
                    "Actual Startup Time": 28.24,
                    "Actual Total Time": 28.242,
                    "Actual Rows": 16969,
                    "Actual Loops": 5,
                    "Hash Buckets": 131072,
                    "Original Hash Buckets": 131072,
                    "Hash Batches": 1,
                    "Original Hash Batches": 1,
                    "Peak Memory Usage": 4416,
                    "Plans": [
                      {
                        "Node Type": "Seq Scan",
                        "Parent Relationship": "Outer",
                        "Parallel Aware": true,
                        "Relation Name": "company_name",
                        "Alias": "cn",
                        "Startup Cost": 0.0,
                        "Total Cost": 4722.92,
                        "Plan Rows": 50548,
                        "Plan Width": 4,
                        "Actual Startup Time": 0.072,
                        "Actual Total Time": 19.004,
                        "Actual Rows": 16969,
                        "Actual Loops": 5,
                        "Filter": "((country_code)::text = '[us]'::text)",
                        "Rows Removed by Filter": 30031
                      }
                    ]
                  }
                ]
              }
            ]
          }
        ]
      }
    ]
  },
  "Planning Time": 5.635,
  "Triggers": [],
  "Execution Time": 2792.363
}