[
    {
        "Bao": {
            "Bao prediction": "NaN",
            "Bao recommended hint": "(no hint)"
        }
    },
    {
        "Plan": {
            "Node Type": "Aggregate",
            "Strategy": "Plain",
            "Partial Mode": "Simple",
            "Parallel Aware": false,
            "Startup Cost": 17563.42,
            "Total Cost": 17563.43,
            "Plan Rows": 1,
            "Plan Width": 8,
            "Actual Startup Time": 12.004,
            "Actual Total Time": 12.005,
            "Actual Rows": 1,
            "Actual Loops": 1,
            "Output": [
                "count(*)"
            ],
            "Plans": [
                {
                    "Node Type": "Bitmap Heap Scan",
                    "Parent Relationship": "Outer",
                    "Parallel Aware": false,
                    "Relation Name": "movie_keyword",
                    "Schema": "public",
                    "Alias": "mk",
                    "Startup Cost": 183.04,
                    "Total Cost": 17541.93,
                    "Plan Rows": 8595,
                    "Plan Width": 0,
                    "Actual Startup Time": 1.957,
                    "Actual Total Time": 11.408,
                    "Actual Rows": 7692,
                    "Actual Loops": 1,
                    "Recheck Cond": "(mk.keyword_id = 186)",
                    "Rows Removed by Index Recheck": 0,
                    "Exact Heap Blocks": 5376,
                    "Lossy Heap Blocks": 0,
                    "Plans": [
                        {
                            "Node Type": "Bitmap Index Scan",
                            "Parent Relationship": "Outer",
                            "Parallel Aware": false,
                            "Index Name": "keyword_id_movie_keyword",
                            "Startup Cost": 0.0,
                            "Total Cost": 180.89,
                            "Plan Rows": 8595,
                            "Plan Width": 0,
                            "Actual Startup Time": 1.038,
                            "Actual Total Time": 1.038,
                            "Actual Rows": 7692,
                            "Actual Loops": 1,
                            "Index Cond": "(mk.keyword_id = 186)"
                        }
                    ]
                }
            ]
        },
        "Planning Time": 302.296,
        "Triggers": [],
        "Execution Time": 12.061
    }
]