{
  "Plan": {
    "Node Type": "Aggregate",
    "Strategy": "Plain",
    "Partial Mode": "Finalize",
    "Parallel Aware": false,
    "Startup Cost": 121381.43,
    "Total Cost": 121381.44,
    "Plan Rows": 1,
    "Plan Width": 8,
    "Actual Startup Time": 584.598,
    "Actual Total Time": 601.461,
    "Actual Rows": 1,
    "Actual Loops": 1,
    "Plans": [
      {
        "Node Type": "Gather",
        "Parent Relationship": "Outer",
        "Parallel Aware": false,
        "Startup Cost": 121381.32,
        "Total Cost": 121381.43,
        "Plan Rows": 1,
        "Plan Width": 8,
        "Actual Startup Time": 583.841,
        "Actual Total Time": 601.453,
        "Actual Rows": 2,
        "Actual Loops": 1,
        "Workers Planned": 1,
        "Workers Launched": 1,
        "Single Copy": false,
        "Plans": [
          {
            "Node Type": "Aggregate",
            "Strategy": "Plain",
            "Partial Mode": "Partial",
            "Parent Relationship": "Outer",
            "Parallel Aware": false,
            "Startup Cost": 120381.32,
            "Total Cost": 120381.33,
            "Plan Rows": 1,
            "Plan Width": 8,
            "Actual Startup Time": 578.061,
            "Actual Total Time": 578.065,
            "Actual Rows": 1,
            "Actual Loops": 2,
            "Plans": [
              {
                "Node Type": "Hash Join",
                "Parent Relationship": "Outer",
                "Parallel Aware": true,
                "Join Type": "Inner",
                "Startup Cost": 57508.25,
                "Total Cost": 119710.57,
                "Plan Rows": 268300,
                "Plan Width": 0,
                "Actual Startup Time": 217.339,
                "Actual Total Time": 564.907,
                "Actual Rows": 338984,
                "Actual Loops": 2,
                "Inner Unique": true,
                "Hash Cond": "(mk.movie_id = t.id)",
                "Plans": [
                  {
                    "Node Type": "Seq Scan",
                    "Parent Relationship": "Outer",
                    "Parallel Aware": true,
                    "Relation Name": "movie_keyword",
                    "Alias": "mk",
                    "Startup Cost": 0.0,
                    "Total Cost": 57718.19,
                    "Plan Rows": 1708233,
                    "Plan Width": 4,
                    "Actual Startup Time": 0.021,
                    "Actual Total Time": 195.241,
                    "Actual Rows": 1449179,
                    "Actual Loops": 2,
                    "Filter": "(keyword_id < 9215)",
                    "Rows Removed by Filter": 812786
                  },
                  {
                    "Node Type": "Hash",
                    "Parent Relationship": "Inner",
                    "Parallel Aware": true,
                    "Startup Cost": 54588.39,
                    "Total Cost": 54588.39,
                    "Plan Rows": 233589,
                    "Plan Width": 4,
                    "Actual Startup Time": 211.295,
                    "Actual Total Time": 211.296,
                    "Actual Rows": 204748,
                    "Actual Loops": 2,
                    "Hash Buckets": 524288,
                    "Original Hash Buckets": 524288,
                    "Hash Batches": 1,
                    "Original Hash Batches": 1,
                    "Peak Memory Usage": 20128,
                    "Plans": [
                      {
                        "Node Type": "Seq Scan",
                        "Parent Relationship": "Outer",
                        "Parallel Aware": true,
                        "Relation Name": "title",
                        "Alias": "t",
                        "Startup Cost": 0.0,
                        "Total Cost": 54588.39,
                        "Plan Rows": 233589,
                        "Plan Width": 4,
                        "Actual Startup Time": 0.052,
                        "Actual Total Time": 149.807,
                        "Actual Rows": 204748,
                        "Actual Loops": 2,
                        "Filter": "(production_year < 1973)",
                        "Rows Removed by Filter": 1059408
                      }
                    ]
                  }
                ]
              }
            ]
          }
        ]
      }
    ]
  },
  "Planning Time": 0.414,
  "Triggers": [],
  "Execution Time": 601.527
}