[
  {
    "Plan": {
      "Node Type": "Aggregate",
      "Strategy": "Plain",
      "Partial Mode": "Finalize",
      "Parallel Aware": false,
      "Startup Cost": 45224.97,
      "Total Cost": 45224.98,
      "Plan Rows": 1,
      "Plan Width": 8,
      "Actual Startup Time": 148.915,
      "Actual Total Time": 159.442,
      "Actual Rows": 1,
      "Actual Loops": 1,
      "Plans": [
        {
          "Node Type": "Gather",
          "Parent Relationship": "Outer",
          "Parallel Aware": false,
          "Startup Cost": 45224.65,
          "Total Cost": 45224.96,
          "Plan Rows": 3,
          "Plan Width": 8,
          "Actual Startup Time": 148.764,
          "Actual Total Time": 159.432,
          "Actual Rows": 4,
          "Actual Loops": 1,
          "Workers Planned": 3,
          "Workers Launched": 3,
          "Single Copy": false,
          "Plans": [
            {
              "Node Type": "Aggregate",
              "Strategy": "Plain",
              "Partial Mode": "Partial",
              "Parent Relationship": "Outer",
              "Parallel Aware": false,
              "Startup Cost": 44224.65,
              "Total Cost": 44224.66,
              "Plan Rows": 1,
              "Plan Width": 8,
              "Actual Startup Time": 143.147,
              "Actual Total Time": 143.148,
              "Actual Rows": 1,
              "Actual Loops": 4,
              "Plans": [
                {
                  "Node Type": "Seq Scan",
                  "Parent Relationship": "Outer",
                  "Parallel Aware": true,
                  "Relation Name": "movie_keyword",
                  "Alias": "mk",
                  "Startup Cost": 0.0,
                  "Total Cost": 42695.65,
                  "Plan Rows": 611598,
                  "Plan Width": 0,
                  "Actual Startup Time": 0.411,
                  "Actual Total Time": 118.62,
                  "Actual Rows": 470121,
                  "Actual Loops": 4,
                  "Filter": "(keyword_id > 7282)",
                  "Rows Removed by Filter": 660862
                }
              ]
            }
          ]
        }
      ]
    },
    "Planning Time": 0.183,
    "Triggers": [],
    "Execution Time": 159.498
  }
]