[
  {
    "Plan": {
      "Node Type": "Aggregate",
      "Strategy": "Plain",
      "Partial Mode": "Finalize",
      "Parallel Aware": false,
      "Startup Cost": 380580.7,
      "Total Cost": 380580.71,
      "Plan Rows": 1,
      "Plan Width": 8,
      "Actual Startup Time": 1841.789,
      "Actual Total Time": 1884.953,
      "Actual Rows": 1,
      "Actual Loops": 1,
      "Plans": [
        {
          "Node Type": "Gather",
          "Parent Relationship": "Outer",
          "Parallel Aware": false,
          "Startup Cost": 380580.07,
          "Total Cost": 380580.68,
          "Plan Rows": 6,
          "Plan Width": 8,
          "Actual Startup Time": 1838.954,
          "Actual Total Time": 1884.945,
          "Actual Rows": 7,
          "Actual Loops": 1,
          "Workers Planned": 6,
          "Workers Launched": 6,
          "Single Copy": false,
          "Plans": [
            {
              "Node Type": "Aggregate",
              "Strategy": "Plain",
              "Partial Mode": "Partial",
              "Parent Relationship": "Outer",
              "Parallel Aware": false,
              "Startup Cost": 379580.07,
              "Total Cost": 379580.08,
              "Plan Rows": 1,
              "Plan Width": 8,
              "Actual Startup Time": 1830.466,
              "Actual Total Time": 1830.469,
              "Actual Rows": 1,
              "Actual Loops": 7,
              "Plans": [
                {
                  "Node Type": "Hash Join",
                  "Parent Relationship": "Outer",
                  "Parallel Aware": true,
                  "Join Type": "Inner",
                  "Startup Cost": 47242.76,
                  "Total Cost": 376209.42,
                  "Plan Rows": 1348262,
                  "Plan Width": 0,
                  "Actual Startup Time": 103.7,
                  "Actual Total Time": 1767.852,
                  "Actual Rows": 1150096,
                  "Actual Loops": 7,
                  "Inner Unique": true,
                  "Hash Cond": "(ci.movie_id = t.id)",
                  "Plans": [
                    {
                      "Node Type": "Seq Scan",
                      "Parent Relationship": "Outer",
                      "Parallel Aware": true,
                      "Relation Name": "cast_info",
                      "Alias": "ci",
                      "Startup Cost": 0.0,
                      "Total Cost": 313106.51,
                      "Plan Rows": 6041951,
                      "Plan Width": 4,
                      "Actual Startup Time": 0.035,
                      "Actual Total Time": 579.02,
                      "Actual Rows": 5177763,
                      "Actual Loops": 7
                    },
                    {
                      "Node Type": "Hash",
                      "Parent Relationship": "Inner",
                      "Parallel Aware": true,
                      "Startup Cost": 45479.59,
                      "Total Cost": 45479.59,
                      "Plan Rows": 141054,
                      "Plan Width": 4,
                      "Actual Startup Time": 101.64,
                      "Actual Total Time": 101.641,
                      "Actual Rows": 63794,
                      "Actual Loops": 7,
                      "Hash Buckets": 1048576,
                      "Original Hash Buckets": 1048576,
                      "Hash Batches": 1,
                      "Original Hash Batches": 1,
                      "Peak Memory Usage": 25760,
                      "Plans": [
                        {
                          "Node Type": "Seq Scan",
                          "Parent Relationship": "Outer",
                          "Parallel Aware": true,
                          "Relation Name": "title",
                          "Alias": "t",
                          "Startup Cost": 0.0,
                          "Total Cost": 45479.59,
                          "Plan Rows": 141054,
                          "Plan Width": 4,
                          "Actual Startup Time": 35.226,
                          "Actual Total Time": 73.105,
                          "Actual Rows": 63794,
                          "Actual Loops": 7,
                          "Filter": "((production_year > 1965) AND (kind_id = 1))",
                          "Rows Removed by Filter": 297393
                        }
                      ]
                    }
                  ]
                }
              ]
            }
          ]
        }
      ]
    },
    "Planning Time": 0.27,
    "Triggers": [],
    "Execution Time": 1884.999
  }
]