[
  {
    "Plan": {
      "Node Type": "Aggregate",
      "Strategy": "Plain",
      "Partial Mode": "Finalize",
      "Parallel Aware": false,
      "Startup Cost": 92333.38,
      "Total Cost": 92333.39,
      "Plan Rows": 1,
      "Plan Width": 8,
      "Actual Startup Time": 352.07,
      "Actual Total Time": 366.503,
      "Actual Rows": 1,
      "Actual Loops": 1,
      "Plans": [
        {
          "Node Type": "Gather",
          "Parent Relationship": "Outer",
          "Parallel Aware": false,
          "Startup Cost": 92333.06,
          "Total Cost": 92333.37,
          "Plan Rows": 3,
          "Plan Width": 8,
          "Actual Startup Time": 348.505,
          "Actual Total Time": 366.483,
          "Actual Rows": 4,
          "Actual Loops": 1,
          "Workers Planned": 3,
          "Workers Launched": 3,
          "Single Copy": false,
          "Plans": [
            {
              "Node Type": "Aggregate",
              "Strategy": "Plain",
              "Partial Mode": "Partial",
              "Parent Relationship": "Outer",
              "Parallel Aware": false,
              "Startup Cost": 91333.06,
              "Total Cost": 91333.07,
              "Plan Rows": 1,
              "Plan Width": 8,
              "Actual Startup Time": 342.659,
              "Actual Total Time": 342.663,
              "Actual Rows": 1,
              "Actual Loops": 4,
              "Plans": [
                {
                  "Node Type": "Hash Join",
                  "Parent Relationship": "Outer",
                  "Parallel Aware": true,
                  "Join Type": "Inner",
                  "Startup Cost": 47057.15,
                  "Total Cost": 90897.4,
                  "Plan Rows": 174266,
                  "Plan Width": 0,
                  "Actual Startup Time": 180.656,
                  "Actual Total Time": 337.707,
                  "Actual Rows": 97808,
                  "Actual Loops": 4,
                  "Inner Unique": true,
                  "Hash Cond": "(mk.movie_id = t.id)",
                  "Plans": [
                    {
                      "Node Type": "Seq Scan",
                      "Parent Relationship": "Outer",
                      "Parallel Aware": true,
                      "Relation Name": "movie_keyword",
                      "Alias": "mk",
                      "Startup Cost": 0.0,
                      "Total Cost": 42695.65,
                      "Plan Rows": 436038,
                      "Plan Width": 4,
                      "Actual Startup Time": 0.869,
                      "Actual Total Time": 100.635,
                      "Actual Rows": 337474,
                      "Actual Loops": 4,
                      "Filter": "(keyword_id > 12544)",
                      "Rows Removed by Filter": 793508
                    },
                    {
                      "Node Type": "Hash",
                      "Parent Relationship": "Inner",
                      "Parallel Aware": true,
                      "Startup Cost": 43899.32,
                      "Total Cost": 43899.32,
                      "Plan Rows": 252626,
                      "Plan Width": 4,
                      "Actual Startup Time": 176.651,
                      "Actual Total Time": 176.652,
                      "Actual Rows": 253230,
                      "Actual Loops": 4,
                      "Hash Buckets": 1048576,
                      "Original Hash Buckets": 1048576,
                      "Hash Batches": 1,
                      "Original Hash Batches": 1,
                      "Peak Memory Usage": 47904,
                      "Plans": [
                        {
                          "Node Type": "Seq Scan",
                          "Parent Relationship": "Outer",
                          "Parallel Aware": true,
                          "Relation Name": "title",
                          "Alias": "t",
                          "Startup Cost": 0.0,
                          "Total Cost": 43899.32,
                          "Plan Rows": 252626,
                          "Plan Width": 4,
                          "Actual Startup Time": 0.027,
                          "Actual Total Time": 102.461,
                          "Actual Rows": 253230,
                          "Actual Loops": 4,
                          "Filter": "(production_year > 2005)",
                          "Rows Removed by Filter": 378848
                        }
                      ]
                    }
                  ]
                }
              ]
            }
          ]
        }
      ]
    },
    "Planning Time": 0.234,
    "Triggers": [],
    "Execution Time": 366.537
  }
]