[
  {
    "Plan": {
      "Node Type": "Aggregate",
      "Strategy": "Plain",
      "Partial Mode": "Finalize",
      "Parallel Aware": false,
      "Startup Cost": 153091.52,
      "Total Cost": 153091.53,
      "Plan Rows": 1,
      "Plan Width": 8,
      "Actual Startup Time": 96.849,
      "Actual Total Time": 110.075,
      "Actual Rows": 1,
      "Actual Loops": 1,
      "Plans": [
        {
          "Node Type": "Gather",
          "Parent Relationship": "Outer",
          "Parallel Aware": false,
          "Startup Cost": 153091.1,
          "Total Cost": 153091.51,
          "Plan Rows": 4,
          "Plan Width": 8,
          "Actual Startup Time": 96.63,
          "Actual Total Time": 110.068,
          "Actual Rows": 5,
          "Actual Loops": 1,
          "Workers Planned": 4,
          "Workers Launched": 4,
          "Single Copy": false,
          "Plans": [
            {
              "Node Type": "Aggregate",
              "Strategy": "Plain",
              "Partial Mode": "Partial",
              "Parent Relationship": "Outer",
              "Parallel Aware": false,
              "Startup Cost": 152091.1,
              "Total Cost": 152091.11,
              "Plan Rows": 1,
              "Plan Width": 8,
              "Actual Startup Time": 90.504,
              "Actual Total Time": 90.508,
              "Actual Rows": 1,
              "Actual Loops": 5,
              "Plans": [
                {
                  "Node Type": "Hash Join",
                  "Parent Relationship": "Outer",
                  "Parallel Aware": true,
                  "Join Type": "Inner",
                  "Startup Cost": 44867.07,
                  "Total Cost": 152090.91,
                  "Plan Rows": 74,
                  "Plan Width": 0,
                  "Actual Startup Time": 82.626,
                  "Actual Total Time": 90.492,
                  "Actual Rows": 48,
                  "Actual Loops": 5,
                  "Inner Unique": true,
                  "Hash Cond": "(mi.movie_id = t.id)",
                  "Plans": [
                    {
                      "Node Type": "Bitmap Heap Scan",
                      "Parent Relationship": "Outer",
                      "Parallel Aware": true,
                      "Relation Name": "movie_info",
                      "Alias": "mi",
                      "Startup Cost": 921.93,
                      "Total Cost": 108112.45,
                      "Plan Rows": 12693,
                      "Plan Width": 4,
                      "Actual Startup Time": 3.08,
                      "Actual Total Time": 10.074,
                      "Actual Rows": 10053,
                      "Actual Loops": 5,
                      "Recheck Cond": "(info_type_id > 107)",
                      "Rows Removed by Index Recheck": 0,
                      "Exact Heap Blocks": 1630,
                      "Lossy Heap Blocks": 0,
                      "Plans": [
                        {
                          "Node Type": "Bitmap Index Scan",
                          "Parent Relationship": "Outer",
                          "Parallel Aware": false,
                          "Index Name": "info_type_id_movie_info",
                          "Startup Cost": 0.0,
                          "Total Cost": 909.23,
                          "Plan Rows": 50773,
                          "Plan Width": 0,
                          "Actual Startup Time": 2.381,
                          "Actual Total Time": 2.381,
                          "Actual Rows": 50267,
                          "Actual Loops": 1,
                          "Index Cond": "(info_type_id > 107)"
                        }
                      ]
                    },
                    {
                      "Node Type": "Hash",
                      "Parent Relationship": "Inner",
                      "Parallel Aware": true,
                      "Startup Cost": 43899.32,
                      "Total Cost": 43899.32,
                      "Plan Rows": 3666,
                      "Plan Width": 4,
                      "Actual Startup Time": 78.21,
                      "Actual Total Time": 78.211,
                      "Actual Rows": 2742,
                      "Actual Loops": 5,
                      "Hash Buckets": 16384,
                      "Original Hash Buckets": 16384,
                      "Hash Batches": 1,
                      "Original Hash Batches": 1,
                      "Peak Memory Usage": 736,
                      "Plans": [
                        {
                          "Node Type": "Seq Scan",
                          "Parent Relationship": "Outer",
                          "Parallel Aware": true,
                          "Relation Name": "title",
                          "Alias": "t",
                          "Startup Cost": 0.0,
                          "Total Cost": 43899.32,
                          "Plan Rows": 3666,
                          "Plan Width": 4,
                          "Actual Startup Time": 0.166,
                          "Actual Total Time": 76.74,
                          "Actual Rows": 2742,
                          "Actual Loops": 5,
                          "Filter": "(production_year = 1966)",
                          "Rows Removed by Filter": 502920
                        }
                      ]
                    }
                  ]
                }
              ]
            }
          ]
        }
      ]
    },
    "Planning Time": 0.792,
    "Triggers": [],
    "Execution Time": 110.161
  }
]