[
  {
    "Plan": {
      "Node Type": "Aggregate",
      "Strategy": "Plain",
      "Partial Mode": "Finalize",
      "Parallel Aware": false,
      "Startup Cost": 122833.69,
      "Total Cost": 122833.7,
      "Plan Rows": 1,
      "Plan Width": 8,
      "Actual Startup Time": 418.802,
      "Actual Total Time": 440.713,
      "Actual Rows": 1,
      "Actual Loops": 1,
      "Plans": [
        {
          "Node Type": "Gather",
          "Parent Relationship": "Outer",
          "Parallel Aware": false,
          "Startup Cost": 122833.37,
          "Total Cost": 122833.68,
          "Plan Rows": 3,
          "Plan Width": 8,
          "Actual Startup Time": 416.877,
          "Actual Total Time": 440.7,
          "Actual Rows": 4,
          "Actual Loops": 1,
          "Workers Planned": 3,
          "Workers Launched": 3,
          "Single Copy": false,
          "Plans": [
            {
              "Node Type": "Aggregate",
              "Strategy": "Plain",
              "Partial Mode": "Partial",
              "Parent Relationship": "Outer",
              "Parallel Aware": false,
              "Startup Cost": 121833.37,
              "Total Cost": 121833.38,
              "Plan Rows": 1,
              "Plan Width": 8,
              "Actual Startup Time": 411.416,
              "Actual Total Time": 411.544,
              "Actual Rows": 1,
              "Actual Loops": 4,
              "Plans": [
                {
                  "Node Type": "Hash Join",
                  "Parent Relationship": "Outer",
                  "Parallel Aware": true,
                  "Join Type": "Inner",
                  "Startup Cost": 90191.68,
                  "Total Cost": 121735.03,
                  "Plan Rows": 39338,
                  "Plan Width": 0,
                  "Actual Startup Time": 284.212,
                  "Actual Total Time": 404.417,
                  "Actual Rows": 159934,
                  "Actual Loops": 4,
                  "Inner Unique": false,
                  "Hash Cond": "(mc.movie_id = t.id)",
                  "Plans": [
                    {
                      "Node Type": "Seq Scan",
                      "Parent Relationship": "Outer",
                      "Parallel Aware": true,
                      "Relation Name": "movie_companies",
                      "Alias": "mc",
                      "Startup Cost": 0.0,
                      "Total Cost": 29310.68,
                      "Plan Rows": 561538,
                      "Plan Width": 4,
                      "Actual Startup Time": 0.017,
                      "Actual Total Time": 70.164,
                      "Actual Rows": 437680,
                      "Actual Loops": 4,
                      "Filter": "(company_id < 24467)",
                      "Rows Removed by Filter": 214602
                    },
                    {
                      "Node Type": "Hash",
                      "Parent Relationship": "Inner",
                      "Parallel Aware": true,
                      "Startup Cost": 89477.47,
                      "Total Cost": 89477.47,
                      "Plan Rows": 57137,
                      "Plan Width": 8,
                      "Actual Startup Time": 281.953,
                      "Actual Total Time": 282.08,
                      "Actual Rows": 24089,
                      "Actual Loops": 4,
                      "Hash Buckets": 262144,
                      "Original Hash Buckets": 262144,
                      "Hash Batches": 1,
                      "Original Hash Batches": 1,
                      "Peak Memory Usage": 5888,
                      "Plans": [
                        {
                          "Node Type": "Hash Join",
                          "Parent Relationship": "Outer",
                          "Parallel Aware": true,
                          "Join Type": "Inner",
                          "Startup Cost": 44396.05,
                          "Total Cost": 89477.47,
                          "Plan Rows": 57137,
                          "Plan Width": 8,
                          "Actual Startup Time": 107.135,
                          "Actual Total Time": 276.09,
                          "Actual Rows": 24089,
                          "Actual Loops": 4,
                          "Inner Unique": true,
                          "Hash Cond": "(mk.movie_id = t.id)",
                          "Plans": [
                            {
                              "Node Type": "Seq Scan",
                              "Parent Relationship": "Outer",
                              "Parallel Aware": true,
                              "Relation Name": "movie_keyword",
                              "Alias": "mk",
                              "Startup Cost": 0.0,
                              "Total Cost": 42695.65,
                              "Plan Rows": 908864,
                              "Plan Width": 4,
                              "Actual Startup Time": 0.194,
                              "Actual Total Time": 109.644,
                              "Actual Rows": 704346,
                              "Actual Loops": 4,
                              "Filter": "(keyword_id > 2682)",
                              "Rows Removed by Filter": 426637
                            },
                            {
                              "Node Type": "Hash",
                              "Parent Relationship": "Inner",
                              "Parallel Aware": true,
                              "Startup Cost": 43899.32,
                              "Total Cost": 43899.32,
                              "Plan Rows": 39738,
                              "Plan Width": 4,
                              "Actual Startup Time": 106.058,
                              "Actual Total Time": 106.06,
                              "Actual Rows": 40004,
                              "Actual Loops": 4,
                              "Hash Buckets": 262144,
                              "Original Hash Buckets": 262144,
                              "Hash Batches": 1,
                              "Original Hash Batches": 1,
                              "Peak Memory Usage": 8384,
                              "Plans": [
                                {
                                  "Node Type": "Seq Scan",
                                  "Parent Relationship": "Outer",
                                  "Parallel Aware": true,
                                  "Relation Name": "title",
                                  "Alias": "t",
                                  "Startup Cost": 0.0,
                                  "Total Cost": 43899.32,
                                  "Plan Rows": 39738,
                                  "Plan Width": 4,
                                  "Actual Startup Time": 0.044,
                                  "Actual Total Time": 91.567,
                                  "Actual Rows": 40004,
                                  "Actual Loops": 4,
                                  "Filter": "(production_year = 2011)",
                                  "Rows Removed by Filter": 592074
                                }
                              ]
                            }
                          ]
                        }
                      ]
                    }
                  ]
                }
              ]
            }
          ]
        }
      ]
    },
    "Planning Time": 1.047,
    "Triggers": [],
    "Execution Time": 440.776
  }
]