[
  {
    "Plan": {
      "Node Type": "Aggregate",
      "Strategy": "Plain",
      "Partial Mode": "Finalize",
      "Parallel Aware": false,
      "Startup Cost": 46684.59,
      "Total Cost": 46684.6,
      "Plan Rows": 1,
      "Plan Width": 8,
      "Actual Startup Time": 108.925,
      "Actual Total Time": 122.847,
      "Actual Rows": 1,
      "Actual Loops": 1,
      "Plans": [
        {
          "Node Type": "Gather",
          "Parent Relationship": "Outer",
          "Parallel Aware": false,
          "Startup Cost": 46684.17,
          "Total Cost": 46684.58,
          "Plan Rows": 4,
          "Plan Width": 8,
          "Actual Startup Time": 108.694,
          "Actual Total Time": 122.839,
          "Actual Rows": 5,
          "Actual Loops": 1,
          "Workers Planned": 4,
          "Workers Launched": 4,
          "Single Copy": false,
          "Plans": [
            {
              "Node Type": "Aggregate",
              "Strategy": "Plain",
              "Partial Mode": "Partial",
              "Parent Relationship": "Outer",
              "Parallel Aware": false,
              "Startup Cost": 45684.17,
              "Total Cost": 45684.18,
              "Plan Rows": 1,
              "Plan Width": 8,
              "Actual Startup Time": 99.428,
              "Actual Total Time": 99.429,
              "Actual Rows": 1,
              "Actual Loops": 5,
              "Plans": [
                {
                  "Node Type": "Seq Scan",
                  "Parent Relationship": "Outer",
                  "Parallel Aware": true,
                  "Relation Name": "title",
                  "Alias": "t",
                  "Startup Cost": 0.0,
                  "Total Cost": 45479.1,
                  "Plan Rows": 82028,
                  "Plan Width": 0,
                  "Actual Startup Time": 58.966,
                  "Actual Total Time": 95.537,
                  "Actual Rows": 82304,
                  "Actual Loops": 5,
                  "Filter": "((production_year < 2004) AND (kind_id = 1))",
                  "Rows Removed by Filter": 423358
                }
              ]
            }
          ]
        }
      ]
    },
    "Planning Time": 0.19,
    "Triggers": [],
    "Execution Time": 122.907
  }
]