[
    {
        "Bao": {
            "Bao prediction": 1906.645,
            "Bao recommended hint": "(no hint)"
        }
    },
    {
        "Plan": {
            "Node Type": "Aggregate",
            "Strategy": "Plain",
            "Partial Mode": "Finalize",
            "Parallel Aware": false,
            "Startup Cost": 197140.05,
            "Total Cost": 197140.06,
            "Plan Rows": 1,
            "Plan Width": 128,
            "Actual Startup Time": 13920.292,
            "Actual Total Time": 14093.033,
            "Actual Rows": 1,
            "Actual Loops": 1,
            "Output": [
                "min(an.name)",
                "min(chn.name)",
                "min(n.name)",
                "min(t.title)"
            ],
            "Plans": [
                {
                    "Node Type": "Gather",
                    "Parent Relationship": "Outer",
                    "Parallel Aware": false,
                    "Startup Cost": 197139.71,
                    "Total Cost": 197140.02,
                    "Plan Rows": 3,
                    "Plan Width": 128,
                    "Actual Startup Time": 13899.144,
                    "Actual Total Time": 14092.881,
                    "Actual Rows": 4,
                    "Actual Loops": 1,
                    "Output": [
                        "(PARTIAL min(an.name))",
                        "(PARTIAL min(chn.name))",
                        "(PARTIAL min(n.name))",
                        "(PARTIAL min(t.title))"
                    ],
                    "Workers Planned": 3,
                    "Workers Launched": 3,
                    "Single Copy": false,
                    "Plans": [
                        {
                            "Node Type": "Aggregate",
                            "Strategy": "Plain",
                            "Partial Mode": "Partial",
                            "Parent Relationship": "Outer",
                            "Parallel Aware": false,
                            "Startup Cost": 196139.71,
                            "Total Cost": 196139.72,
                            "Plan Rows": 1,
                            "Plan Width": 128,
                            "Actual Startup Time": 13847.463,
                            "Actual Total Time": 13847.559,
                            "Actual Rows": 1,
                            "Actual Loops": 4,
                            "Output": [
                                "PARTIAL min(an.name)",
                                "PARTIAL min(chn.name)",
                                "PARTIAL min(n.name)",
                                "PARTIAL min(t.title)"
                            ],
                            "Workers": [
                                {
                                    "Worker Number": 0,
                                    "Actual Startup Time": 13832.98,
                                    "Actual Total Time": 13833.11,
                                    "Actual Rows": 1,
                                    "Actual Loops": 1
                                },
                                {
                                    "Worker Number": 1,
                                    "Actual Startup Time": 13835.625,
                                    "Actual Total Time": 13835.701,
                                    "Actual Rows": 1,
                                    "Actual Loops": 1
                                },
                                {
                                    "Worker Number": 2,
                                    "Actual Startup Time": 13833.1,
                                    "Actual Total Time": 13833.175,
                                    "Actual Rows": 1,
                                    "Actual Loops": 1
                                }
                            ],
                            "Plans": [
                                {
                                    "Node Type": "Nested Loop",
                                    "Parent Relationship": "Outer",
                                    "Parallel Aware": false,
                                    "Join Type": "Inner",
                                    "Startup Cost": 138079.33,
                                    "Total Cost": 196018.45,
                                    "Plan Rows": 12126,
                                    "Plan Width": 64,
                                    "Actual Startup Time": 7738.403,
                                    "Actual Total Time": 13824.739,
                                    "Actual Rows": 120770,
                                    "Actual Loops": 4,
                                    "Output": [
                                        "an.name",
                                        "chn.name",
                                        "n.name",
                                        "t.title"
                                    ],
                                    "Inner Unique": false,
                                    "Workers": [
                                        {
                                            "Worker Number": 0,
                                            "Actual Startup Time": 7723.3,
                                            "Actual Total Time": 13810.61,
                                            "Actual Rows": 104367,
                                            "Actual Loops": 1
                                        },
                                        {
                                            "Worker Number": 1,
                                            "Actual Startup Time": 7722.648,
                                            "Actual Total Time": 13814.769,
                                            "Actual Rows": 116850,
                                            "Actual Loops": 1
                                        },
                                        {
                                            "Worker Number": 2,
                                            "Actual Startup Time": 7721.689,
                                            "Actual Total Time": 13813.3,
                                            "Actual Rows": 112261,
                                            "Actual Loops": 1
                                        }
                                    ],
                                    "Plans": [
                                        {
                                            "Node Type": "Nested Loop",
                                            "Parent Relationship": "Outer",
                                            "Parallel Aware": false,
                                            "Join Type": "Inner",
                                            "Startup Cost": 138078.91,
                                            "Total Cost": 193286.66,
                                            "Plan Rows": 5035,
                                            "Plan Width": 56,
                                            "Actual Startup Time": 7736.306,
                                            "Actual Total Time": 13191.79,
                                            "Actual Rows": 43392,
                                            "Actual Loops": 4,
                                            "Output": [
                                                "chn.name",
                                                "ci.person_id",
                                                "n.name",
                                                "n.id",
                                                "t.title"
                                            ],
                                            "Inner Unique": true,
                                            "Join Filter": "(ci.movie_id = t.id)",
                                            "Rows Removed by Join Filter": 0,
                                            "Workers": [
                                                {
                                                    "Worker Number": 0,
                                                    "Actual Startup Time": 7722.979,
                                                    "Actual Total Time": 13173.497,
                                                    "Actual Rows": 37446,
                                                    "Actual Loops": 1
                                                },
                                                {
                                                    "Worker Number": 1,
                                                    "Actual Startup Time": 7722.084,
                                                    "Actual Total Time": 13201.596,
                                                    "Actual Rows": 44213,
                                                    "Actual Loops": 1
                                                },
                                                {
                                                    "Worker Number": 2,
                                                    "Actual Startup Time": 7721.266,
                                                    "Actual Total Time": 13171.993,
                                                    "Actual Rows": 40807,
                                                    "Actual Loops": 1
                                                }
                                            ],
                                            "Plans": [
                                                {
                                                    "Node Type": "Nested Loop",
                                                    "Parent Relationship": "Outer",
                                                    "Parallel Aware": false,
                                                    "Join Type": "Inner",
                                                    "Startup Cost": 138078.48,
                                                    "Total Cost": 190623.2,
                                                    "Plan Rows": 5035,
                                                    "Plan Width": 47,
                                                    "Actual Startup Time": 7736.034,
                                                    "Actual Total Time": 12409.384,
                                                    "Actual Rows": 43392,
                                                    "Actual Loops": 4,
                                                    "Output": [
                                                        "chn.name",
                                                        "ci.movie_id",
                                                        "ci.person_id",
                                                        "mc.movie_id",
                                                        "n.name",
                                                        "n.id"
                                                    ],
                                                    "Inner Unique": true,
                                                    "Workers": [
                                                        {
                                                            "Worker Number": 0,
                                                            "Actual Startup Time": 7722.8,
                                                            "Actual Total Time": 12373.682,
                                                            "Actual Rows": 37446,
                                                            "Actual Loops": 1
                                                        },
                                                        {
                                                            "Worker Number": 1,
                                                            "Actual Startup Time": 7721.932,
                                                            "Actual Total Time": 12359.994,
                                                            "Actual Rows": 44213,
                                                            "Actual Loops": 1
                                                        },
                                                        {
                                                            "Worker Number": 2,
                                                            "Actual Startup Time": 7720.819,
                                                            "Actual Total Time": 12393.491,
                                                            "Actual Rows": 40807,
                                                            "Actual Loops": 1
                                                        }
                                                    ],
                                                    "Plans": [
                                                        {
                                                            "Node Type": "Nested Loop",
                                                            "Parent Relationship": "Outer",
                                                            "Parallel Aware": false,
                                                            "Join Type": "Inner",
                                                            "Startup Cost": 138078.05,
                                                            "Total Cost": 187228.2,
                                                            "Plan Rows": 5035,
                                                            "Plan Width": 35,
                                                            "Actual Startup Time": 7735.683,
                                                            "Actual Total Time": 10951.909,
                                                            "Actual Rows": 47366,
                                                            "Actual Loops": 4,
                                                            "Output": [
                                                                "ci.movie_id",
                                                                "ci.person_id",
                                                                "ci.person_role_id",
                                                                "mc.movie_id",
                                                                "n.name",
                                                                "n.id"
                                                            ],
                                                            "Inner Unique": true,
                                                            "Workers": [
                                                                {
                                                                    "Worker Number": 0,
                                                                    "Actual Startup Time": 7722.42,
                                                                    "Actual Total Time": 10942.237,
                                                                    "Actual Rows": 41093,
                                                                    "Actual Loops": 1
                                                                },
                                                                {
                                                                    "Worker Number": 1,
                                                                    "Actual Startup Time": 7721.617,
                                                                    "Actual Total Time": 10793.033,
                                                                    "Actual Rows": 47839,
                                                                    "Actual Loops": 1
                                                                },
                                                                {
                                                                    "Worker Number": 2,
                                                                    "Actual Startup Time": 7720.406,
                                                                    "Actual Total Time": 10899.745,
                                                                    "Actual Rows": 45852,
                                                                    "Actual Loops": 1
                                                                }
                                                            ],
                                                            "Plans": [
                                                                {
                                                                    "Node Type": "Hash Join",
                                                                    "Parent Relationship": "Outer",
                                                                    "Parallel Aware": false,
                                                                    "Join Type": "Inner",
                                                                    "Startup Cost": 138077.62,
                                                                    "Total Cost": 169604.86,
                                                                    "Plan Rows": 22425,
                                                                    "Plan Width": 16,
                                                                    "Actual Startup Time": 7735.264,
                                                                    "Actual Total Time": 9546.302,
                                                                    "Actual Rows": 47388,
                                                                    "Actual Loops": 4,
                                                                    "Output": [
                                                                        "ci.movie_id",
                                                                        "ci.person_id",
                                                                        "ci.person_role_id",
                                                                        "mc.movie_id"
                                                                    ],
                                                                    "Inner Unique": false,
                                                                    "Hash Cond": "(mc.movie_id = ci.movie_id)",
                                                                    "Workers": [
                                                                        {
                                                                            "Worker Number": 0,
                                                                            "Actual Startup Time": 7722.023,
                                                                            "Actual Total Time": 9532.096,
                                                                            "Actual Rows": 41117,
                                                                            "Actual Loops": 1
                                                                        },
                                                                        {
                                                                            "Worker Number": 1,
                                                                            "Actual Startup Time": 7721.251,
                                                                            "Actual Total Time": 9395.855,
                                                                            "Actual Rows": 47866,
                                                                            "Actual Loops": 1
                                                                        },
                                                                        {
                                                                            "Worker Number": 2,
                                                                            "Actual Startup Time": 7719.826,
                                                                            "Actual Total Time": 9437.578,
                                                                            "Actual Rows": 45869,
                                                                            "Actual Loops": 1
                                                                        }
                                                                    ],
                                                                    "Plans": [
                                                                        {
                                                                            "Node Type": "Hash Join",
                                                                            "Parent Relationship": "Outer",
                                                                            "Parallel Aware": true,
                                                                            "Join Type": "Inner",
                                                                            "Startup Cost": 5342.78,
                                                                            "Total Cost": 34758.72,
                                                                            "Plan Rows": 301929,
                                                                            "Plan Width": 4,
                                                                            "Actual Startup Time": 122.89,
                                                                            "Actual Total Time": 911.441,
                                                                            "Actual Rows": 288450,
                                                                            "Actual Loops": 4,
                                                                            "Output": [
                                                                                "mc.movie_id"
                                                                            ],
                                                                            "Inner Unique": true,
                                                                            "Hash Cond": "(mc.company_id = cn.id)",
                                                                            "Workers": [
                                                                                {
                                                                                    "Worker Number": 0,
                                                                                    "Actual Startup Time": 109.508,
                                                                                    "Actual Total Time": 936.48,
                                                                                    "Actual Rows": 260371,
                                                                                    "Actual Loops": 1
                                                                                },
                                                                                {
                                                                                    "Worker Number": 1,
                                                                                    "Actual Startup Time": 109.442,
                                                                                    "Actual Total Time": 837.755,
                                                                                    "Actual Rows": 283651,
                                                                                    "Actual Loops": 1
                                                                                },
                                                                                {
                                                                                    "Worker Number": 2,
                                                                                    "Actual Startup Time": 109.538,
                                                                                    "Actual Total Time": 896.86,
                                                                                    "Actual Rows": 301321,
                                                                                    "Actual Loops": 1
                                                                                }
                                                                            ],
                                                                            "Plans": [
                                                                                {
                                                                                    "Node Type": "Seq Scan",
                                                                                    "Parent Relationship": "Outer",
                                                                                    "Parallel Aware": true,
                                                                                    "Relation Name": "movie_companies",
                                                                                    "Schema": "public",
                                                                                    "Alias": "mc",
                                                                                    "Startup Cost": 0.0,
                                                                                    "Total Cost": 27206.55,
                                                                                    "Plan Rows": 841655,
                                                                                    "Plan Width": 8,
                                                                                    "Actual Startup Time": 0.222,
                                                                                    "Actual Total Time": 468.019,
                                                                                    "Actual Rows": 652282,
                                                                                    "Actual Loops": 4,
                                                                                    "Output": [
                                                                                        "mc.id",
                                                                                        "mc.movie_id",
                                                                                        "mc.company_id",
                                                                                        "mc.company_type_id",
                                                                                        "mc.note"
                                                                                    ],
                                                                                    "Workers": [
                                                                                        {
                                                                                            "Worker Number": 0,
                                                                                            "Actual Startup Time": 0.287,
                                                                                            "Actual Total Time": 505.361,
                                                                                            "Actual Rows": 597945,
                                                                                            "Actual Loops": 1
                                                                                        },
                                                                                        {
                                                                                            "Worker Number": 1,
                                                                                            "Actual Startup Time": 0.263,
                                                                                            "Actual Total Time": 434.173,
                                                                                            "Actual Rows": 632861,
                                                                                            "Actual Loops": 1
                                                                                        },
                                                                                        {
                                                                                            "Worker Number": 2,
                                                                                            "Actual Startup Time": 0.267,
                                                                                            "Actual Total Time": 474.707,
                                                                                            "Actual Rows": 659893,
                                                                                            "Actual Loops": 1
                                                                                        }
                                                                                    ]
                                                                                },
                                                                                {
                                                                                    "Node Type": "Hash",
                                                                                    "Parent Relationship": "Inner",
                                                                                    "Parallel Aware": true,
                                                                                    "Startup Cost": 4722.92,
                                                                                    "Total Cost": 4722.92,
                                                                                    "Plan Rows": 49589,
                                                                                    "Plan Width": 4,
                                                                                    "Actual Startup Time": 114.058,
                                                                                    "Actual Total Time": 114.075,
                                                                                    "Actual Rows": 21211,
                                                                                    "Actual Loops": 4,
                                                                                    "Output": [
                                                                                        "cn.id"
                                                                                    ],
                                                                                    "Hash Buckets": 131072,
                                                                                    "Original Hash Buckets": 131072,
                                                                                    "Hash Batches": 1,
                                                                                    "Original Hash Batches": 1,
                                                                                    "Peak Memory Usage": 4416,
                                                                                    "Workers": [
                                                                                        {
                                                                                            "Worker Number": 0,
                                                                                            "Actual Startup Time": 107.914,
                                                                                            "Actual Total Time": 107.964,
                                                                                            "Actual Rows": 16880,
                                                                                            "Actual Loops": 1
                                                                                        },
                                                                                        {
                                                                                            "Worker Number": 1,
                                                                                            "Actual Startup Time": 107.923,
                                                                                            "Actual Total Time": 107.924,
                                                                                            "Actual Rows": 18513,
                                                                                            "Actual Loops": 1
                                                                                        },
                                                                                        {
                                                                                            "Worker Number": 2,
                                                                                            "Actual Startup Time": 107.918,
                                                                                            "Actual Total Time": 107.919,
                                                                                            "Actual Rows": 22244,
                                                                                            "Actual Loops": 1
                                                                                        }
                                                                                    ],
                                                                                    "Plans": [
                                                                                        {
                                                                                            "Node Type": "Seq Scan",
                                                                                            "Parent Relationship": "Outer",
                                                                                            "Parallel Aware": true,
                                                                                            "Relation Name": "company_name",
                                                                                            "Schema": "public",
                                                                                            "Alias": "cn",
                                                                                            "Startup Cost": 0.0,
                                                                                            "Total Cost": 4722.92,
                                                                                            "Plan Rows": 49589,
                                                                                            "Plan Width": 4,
                                                                                            "Actual Startup Time": 0.395,
                                                                                            "Actual Total Time": 85.388,
                                                                                            "Actual Rows": 21211,
                                                                                            "Actual Loops": 4,
                                                                                            "Output": [
                                                                                                "cn.id"
                                                                                            ],
                                                                                            "Filter": "((cn.country_code)::text = '[us]'::text)",
                                                                                            "Rows Removed by Filter": 37538,
                                                                                            "Workers": [
                                                                                                {
                                                                                                    "Worker Number": 0,
                                                                                                    "Actual Startup Time": 0.201,
                                                                                                    "Actual Total Time": 75.641,
                                                                                                    "Actual Rows": 16880,
                                                                                                    "Actual Loops": 1
                                                                                                },
                                                                                                {
                                                                                                    "Worker Number": 1,
                                                                                                    "Actual Startup Time": 0.172,
                                                                                                    "Actual Total Time": 81.878,
                                                                                                    "Actual Rows": 18513,
                                                                                                    "Actual Loops": 1
                                                                                                },
                                                                                                {
                                                                                                    "Worker Number": 2,
                                                                                                    "Actual Startup Time": 0.601,
                                                                                                    "Actual Total Time": 84.987,
                                                                                                    "Actual Rows": 22244,
                                                                                                    "Actual Loops": 1
                                                                                                }
                                                                                            ]
                                                                                        }
                                                                                    ]
                                                                                }
                                                                            ]
                                                                        },
                                                                        {
                                                                            "Node Type": "Hash",
                                                                            "Parent Relationship": "Inner",
                                                                            "Parallel Aware": false,
                                                                            "Startup Cost": 131858.72,
                                                                            "Total Cost": 131858.72,
                                                                            "Plan Rows": 70089,
                                                                            "Plan Width": 12,
                                                                            "Actual Startup Time": 7606.836,
                                                                            "Actual Total Time": 7606.858,
                                                                            "Actual Rows": 276166,
                                                                            "Actual Loops": 4,
                                                                            "Output": [
                                                                                "ci.movie_id",
                                                                                "ci.person_id",
                                                                                "ci.person_role_id"
                                                                            ],
                                                                            "Hash Buckets": 524288,
                                                                            "Original Hash Buckets": 131072,
                                                                            "Hash Batches": 1,
                                                                            "Original Hash Batches": 1,
                                                                            "Peak Memory Usage": 15883,
                                                                            "Workers": [
                                                                                {
                                                                                    "Worker Number": 0,
                                                                                    "Actual Startup Time": 7606.523,
                                                                                    "Actual Total Time": 7606.526,
                                                                                    "Actual Rows": 276166,
                                                                                    "Actual Loops": 1
                                                                                },
                                                                                {
                                                                                    "Worker Number": 1,
                                                                                    "Actual Startup Time": 7604.805,
                                                                                    "Actual Total Time": 7604.828,
                                                                                    "Actual Rows": 276166,
                                                                                    "Actual Loops": 1
                                                                                },
                                                                                {
                                                                                    "Worker Number": 2,
                                                                                    "Actual Startup Time": 7605.154,
                                                                                    "Actual Total Time": 7605.172,
                                                                                    "Actual Rows": 276166,
                                                                                    "Actual Loops": 1
                                                                                }
                                                                            ],
                                                                            "Plans": [
                                                                                {
                                                                                    "Node Type": "Nested Loop",
                                                                                    "Parent Relationship": "Outer",
                                                                                    "Parallel Aware": false,
                                                                                    "Join Type": "Inner",
                                                                                    "Startup Cost": 0.56,
                                                                                    "Total Cost": 131858.72,
                                                                                    "Plan Rows": 70089,
                                                                                    "Plan Width": 12,
                                                                                    "Actual Startup Time": 1.15,
                                                                                    "Actual Total Time": 7162.767,
                                                                                    "Actual Rows": 276166,
                                                                                    "Actual Loops": 4,
                                                                                    "Output": [
                                                                                        "ci.movie_id",
                                                                                        "ci.person_id",
                                                                                        "ci.person_role_id"
                                                                                    ],
                                                                                    "Inner Unique": false,
                                                                                    "Workers": [
                                                                                        {
                                                                                            "Worker Number": 0,
                                                                                            "Actual Startup Time": 0.912,
                                                                                            "Actual Total Time": 7129.037,
                                                                                            "Actual Rows": 276166,
                                                                                            "Actual Loops": 1
                                                                                        },
                                                                                        {
                                                                                            "Worker Number": 1,
                                                                                            "Actual Startup Time": 0.875,
                                                                                            "Actual Total Time": 7108.927,
                                                                                            "Actual Rows": 276166,
                                                                                            "Actual Loops": 1
                                                                                        },
                                                                                        {
                                                                                            "Worker Number": 2,
                                                                                            "Actual Startup Time": 1.261,
                                                                                            "Actual Total Time": 7169.959,
                                                                                            "Actual Rows": 276166,
                                                                                            "Actual Loops": 1
                                                                                        }
                                                                                    ],
                                                                                    "Plans": [
                                                                                        {
                                                                                            "Node Type": "Seq Scan",
                                                                                            "Parent Relationship": "Outer",
                                                                                            "Parallel Aware": false,
                                                                                            "Relation Name": "role_type",
                                                                                            "Schema": "public",
                                                                                            "Alias": "rt",
                                                                                            "Startup Cost": 0.0,
                                                                                            "Total Cost": 1.15,
                                                                                            "Plan Rows": 1,
                                                                                            "Plan Width": 4,
                                                                                            "Actual Startup Time": 0.214,
                                                                                            "Actual Total Time": 0.284,
                                                                                            "Actual Rows": 1,
                                                                                            "Actual Loops": 4,
                                                                                            "Output": [
                                                                                                "rt.id",
                                                                                                "rt.role"
                                                                                            ],
                                                                                            "Filter": "((rt.role)::text = 'actress'::text)",
                                                                                            "Rows Removed by Filter": 11,
                                                                                            "Workers": [
                                                                                                {
                                                                                                    "Worker Number": 0,
                                                                                                    "Actual Startup Time": 0.134,
                                                                                                    "Actual Total Time": 0.193,
                                                                                                    "Actual Rows": 1,
                                                                                                    "Actual Loops": 1
                                                                                                },
                                                                                                {
                                                                                                    "Worker Number": 1,
                                                                                                    "Actual Startup Time": 0.147,
                                                                                                    "Actual Total Time": 0.232,
                                                                                                    "Actual Rows": 1,
                                                                                                    "Actual Loops": 1
                                                                                                },
                                                                                                {
                                                                                                    "Worker Number": 2,
                                                                                                    "Actual Startup Time": 0.341,
                                                                                                    "Actual Total Time": 0.419,
                                                                                                    "Actual Rows": 1,
                                                                                                    "Actual Loops": 1
                                                                                                }
                                                                                            ]
                                                                                        },
                                                                                        {
                                                                                            "Node Type": "Index Scan",
                                                                                            "Parent Relationship": "Inner",
                                                                                            "Parallel Aware": false,
                                                                                            "Scan Direction": "Forward",
                                                                                            "Index Name": "role_id_cast_info",
                                                                                            "Relation Name": "cast_info",
                                                                                            "Schema": "public",
                                                                                            "Alias": "ci",
                                                                                            "Startup Cost": 0.56,
                                                                                            "Total Cost": 131092.97,
                                                                                            "Plan Rows": 76460,
                                                                                            "Plan Width": 16,
                                                                                            "Actual Startup Time": 0.889,
                                                                                            "Actual Total Time": 7129.993,
                                                                                            "Actual Rows": 276166,
                                                                                            "Actual Loops": 4,
                                                                                            "Output": [
                                                                                                "ci.id",
                                                                                                "ci.person_id",
                                                                                                "ci.movie_id",
                                                                                                "ci.person_role_id",
                                                                                                "ci.note",
                                                                                                "ci.nr_order",
                                                                                                "ci.role_id"
                                                                                            ],
                                                                                            "Index Cond": "(ci.role_id = rt.id)",
                                                                                            "Rows Removed by Index Recheck": 0,
                                                                                            "Filter": "(ci.note = ANY ('{(voice),\"(voice: Japanese version)\",\"(voice) (uncredited)\",\"(voice: English version)\"}'::text[]))",
                                                                                            "Rows Removed by Filter": 7175807,
                                                                                            "Workers": [
                                                                                                {
                                                                                                    "Worker Number": 0,
                                                                                                    "Actual Startup Time": 0.736,
                                                                                                    "Actual Total Time": 7092.042,
                                                                                                    "Actual Rows": 276166,
                                                                                                    "Actual Loops": 1
                                                                                                },
                                                                                                {
                                                                                                    "Worker Number": 1,
                                                                                                    "Actual Startup Time": 0.699,
                                                                                                    "Actual Total Time": 7069.818,
                                                                                                    "Actual Rows": 276166,
                                                                                                    "Actual Loops": 1
                                                                                                },
                                                                                                {
                                                                                                    "Worker Number": 2,
                                                                                                    "Actual Startup Time": 0.849,
                                                                                                    "Actual Total Time": 7140.291,
                                                                                                    "Actual Rows": 276166,
                                                                                                    "Actual Loops": 1
                                                                                                }
                                                                                            ]
                                                                                        }
                                                                                    ]
                                                                                }
                                                                            ]
                                                                        }
                                                                    ]
                                                                },
                                                                {
                                                                    "Node Type": "Index Scan",
                                                                    "Parent Relationship": "Inner",
                                                                    "Parallel Aware": false,
                                                                    "Scan Direction": "Forward",
                                                                    "Index Name": "name_pkey",
                                                                    "Relation Name": "name",
                                                                    "Schema": "public",
                                                                    "Alias": "n",
                                                                    "Startup Cost": 0.43,
                                                                    "Total Cost": 0.79,
                                                                    "Plan Rows": 1,
                                                                    "Plan Width": 19,
                                                                    "Actual Startup Time": 0.029,
                                                                    "Actual Total Time": 0.029,
                                                                    "Actual Rows": 1,
                                                                    "Actual Loops": 189554,
                                                                    "Output": [
                                                                        "n.id",
                                                                        "n.name",
                                                                        "n.imdb_index",
                                                                        "n.imdb_id",
                                                                        "n.gender",
                                                                        "n.name_pcode_cf",
                                                                        "n.name_pcode_nf",
                                                                        "n.surname_pcode",
                                                                        "n.md5sum"
                                                                    ],
                                                                    "Index Cond": "(n.id = ci.person_id)",
                                                                    "Rows Removed by Index Recheck": 0,
                                                                    "Filter": "((n.gender)::text = 'f'::text)",
                                                                    "Rows Removed by Filter": 0,
                                                                    "Workers": [
                                                                        {
                                                                            "Worker Number": 0,
                                                                            "Actual Startup Time": 0.034,
                                                                            "Actual Total Time": 0.034,
                                                                            "Actual Rows": 1,
                                                                            "Actual Loops": 41117
                                                                        },
                                                                        {
                                                                            "Worker Number": 1,
                                                                            "Actual Startup Time": 0.029,
                                                                            "Actual Total Time": 0.029,
                                                                            "Actual Rows": 1,
                                                                            "Actual Loops": 47866
                                                                        },
                                                                        {
                                                                            "Worker Number": 2,
                                                                            "Actual Startup Time": 0.031,
                                                                            "Actual Total Time": 0.031,
                                                                            "Actual Rows": 1,
                                                                            "Actual Loops": 45869
                                                                        }
                                                                    ]
                                                                }
                                                            ]
                                                        },
                                                        {
                                                            "Node Type": "Index Scan",
                                                            "Parent Relationship": "Inner",
                                                            "Parallel Aware": false,
                                                            "Scan Direction": "Forward",
                                                            "Index Name": "char_name_pkey",
                                                            "Relation Name": "char_name",
                                                            "Schema": "public",
                                                            "Alias": "chn",
                                                            "Startup Cost": 0.43,
                                                            "Total Cost": 0.67,
                                                            "Plan Rows": 1,
                                                            "Plan Width": 20,
                                                            "Actual Startup Time": 0.03,
                                                            "Actual Total Time": 0.03,
                                                            "Actual Rows": 1,
                                                            "Actual Loops": 189464,
                                                            "Output": [
                                                                "chn.id",
                                                                "chn.name",
                                                                "chn.imdb_index",
                                                                "chn.imdb_id",
                                                                "chn.name_pcode_nf",
                                                                "chn.surname_pcode",
                                                                "chn.md5sum"
                                                            ],
                                                            "Index Cond": "(chn.id = ci.person_role_id)",
                                                            "Rows Removed by Index Recheck": 0,
                                                            "Workers": [
                                                                {
                                                                    "Worker Number": 0,
                                                                    "Actual Startup Time": 0.034,
                                                                    "Actual Total Time": 0.034,
                                                                    "Actual Rows": 1,
                                                                    "Actual Loops": 41093
                                                                },
                                                                {
                                                                    "Worker Number": 1,
                                                                    "Actual Startup Time": 0.032,
                                                                    "Actual Total Time": 0.032,
                                                                    "Actual Rows": 1,
                                                                    "Actual Loops": 47839
                                                                },
                                                                {
                                                                    "Worker Number": 2,
                                                                    "Actual Startup Time": 0.032,
                                                                    "Actual Total Time": 0.032,
                                                                    "Actual Rows": 1,
                                                                    "Actual Loops": 45852
                                                                }
                                                            ]
                                                        }
                                                    ]
                                                },
                                                {
                                                    "Node Type": "Index Scan",
                                                    "Parent Relationship": "Inner",
                                                    "Parallel Aware": false,
                                                    "Scan Direction": "Forward",
                                                    "Index Name": "title_pkey",
                                                    "Relation Name": "title",
                                                    "Schema": "public",
                                                    "Alias": "t",
                                                    "Startup Cost": 0.43,
                                                    "Total Cost": 0.52,
                                                    "Plan Rows": 1,
                                                    "Plan Width": 21,
                                                    "Actual Startup Time": 0.017,
                                                    "Actual Total Time": 0.017,
                                                    "Actual Rows": 1,
                                                    "Actual Loops": 173567,
                                                    "Output": [
                                                        "t.id",
                                                        "t.title",
                                                        "t.imdb_index",
                                                        "t.kind_id",
                                                        "t.production_year",
                                                        "t.imdb_id",
                                                        "t.phonetic_code",
                                                        "t.episode_of_id",
                                                        "t.season_nr",
                                                        "t.episode_nr",
                                                        "t.series_years",
                                                        "t.md5sum"
                                                    ],
                                                    "Index Cond": "(t.id = mc.movie_id)",
                                                    "Rows Removed by Index Recheck": 0,
                                                    "Workers": [
                                                        {
                                                            "Worker Number": 0,
                                                            "Actual Startup Time": 0.02,
                                                            "Actual Total Time": 0.02,
                                                            "Actual Rows": 1,
                                                            "Actual Loops": 37446
                                                        },
                                                        {
                                                            "Worker Number": 1,
                                                            "Actual Startup Time": 0.018,
                                                            "Actual Total Time": 0.018,
                                                            "Actual Rows": 1,
                                                            "Actual Loops": 44213
                                                        },
                                                        {
                                                            "Worker Number": 2,
                                                            "Actual Startup Time": 0.018,
                                                            "Actual Total Time": 0.018,
                                                            "Actual Rows": 1,
                                                            "Actual Loops": 40807
                                                        }
                                                    ]
                                                }
                                            ]
                                        },
                                        {
                                            "Node Type": "Index Scan",
                                            "Parent Relationship": "Inner",
                                            "Parallel Aware": false,
                                            "Scan Direction": "Forward",
                                            "Index Name": "person_id_aka_name",
                                            "Relation Name": "aka_name",
                                            "Schema": "public",
                                            "Alias": "an",
                                            "Startup Cost": 0.42,
                                            "Total Cost": 0.52,
                                            "Plan Rows": 2,
                                            "Plan Width": 20,
                                            "Actual Startup Time": 0.012,
                                            "Actual Total Time": 0.014,
                                            "Actual Rows": 3,
                                            "Actual Loops": 173567,
                                            "Output": [
                                                "an.id",
                                                "an.person_id",
                                                "an.name",
                                                "an.imdb_index",
                                                "an.name_pcode_cf",
                                                "an.name_pcode_nf",
                                                "an.surname_pcode",
                                                "an.md5sum"
                                            ],
                                            "Index Cond": "(an.person_id = n.id)",
                                            "Rows Removed by Index Recheck": 0,
                                            "Workers": [
                                                {
                                                    "Worker Number": 0,
                                                    "Actual Startup Time": 0.014,
                                                    "Actual Total Time": 0.016,
                                                    "Actual Rows": 3,
                                                    "Actual Loops": 37446
                                                },
                                                {
                                                    "Worker Number": 1,
                                                    "Actual Startup Time": 0.012,
                                                    "Actual Total Time": 0.013,
                                                    "Actual Rows": 3,
                                                    "Actual Loops": 44213
                                                },
                                                {
                                                    "Worker Number": 2,
                                                    "Actual Startup Time": 0.013,
                                                    "Actual Total Time": 0.015,
                                                    "Actual Rows": 3,
                                                    "Actual Loops": 40807
                                                }
                                            ]
                                        }
                                    ]
                                }
                            ]
                        }
                    ]
                }
            ]
        },
        "Planning Time": 1068.203,
        "Triggers": [],
        "Execution Time": 14103.959
    }
]