[
  {
    "Plan": {
      "Node Type": "Aggregate",
      "Strategy": "Plain",
      "Partial Mode": "Finalize",
      "Parallel Aware": false,
      "Startup Cost": 45710.61,
      "Total Cost": 45710.62,
      "Plan Rows": 1,
      "Plan Width": 8,
      "Actual Startup Time": 161.971,
      "Actual Total Time": 171.915,
      "Actual Rows": 1,
      "Actual Loops": 1,
      "Plans": [
        {
          "Node Type": "Gather",
          "Parent Relationship": "Outer",
          "Parallel Aware": false,
          "Startup Cost": 45710.29,
          "Total Cost": 45710.6,
          "Plan Rows": 3,
          "Plan Width": 8,
          "Actual Startup Time": 161.844,
          "Actual Total Time": 171.906,
          "Actual Rows": 4,
          "Actual Loops": 1,
          "Workers Planned": 3,
          "Workers Launched": 3,
          "Single Copy": false,
          "Plans": [
            {
              "Node Type": "Aggregate",
              "Strategy": "Plain",
              "Partial Mode": "Partial",
              "Parent Relationship": "Outer",
              "Parallel Aware": false,
              "Startup Cost": 44710.29,
              "Total Cost": 44710.3,
              "Plan Rows": 1,
              "Plan Width": 8,
              "Actual Startup Time": 155.048,
              "Actual Total Time": 155.049,
              "Actual Rows": 1,
              "Actual Loops": 4,
              "Plans": [
                {
                  "Node Type": "Seq Scan",
                  "Parent Relationship": "Outer",
                  "Parallel Aware": true,
                  "Relation Name": "movie_keyword",
                  "Alias": "mk",
                  "Startup Cost": 0.0,
                  "Total Cost": 42695.65,
                  "Plan Rows": 805856,
                  "Plan Width": 0,
                  "Actual Startup Time": 0.046,
                  "Actual Total Time": 124.984,
                  "Actual Rows": 625619,
                  "Actual Loops": 4,
                  "Filter": "(keyword_id < 6122)",
                  "Rows Removed by Filter": 505363
                }
              ]
            }
          ]
        }
      ]
    },
    "Planning Time": 0.184,
    "Triggers": [],
    "Execution Time": 171.97
  }
]