[
  {
    "Plan": {
      "Node Type": "Aggregate",
      "Strategy": "Plain",
      "Partial Mode": "Finalize",
      "Parallel Aware": false,
      "Startup Cost": 27265.81,
      "Total Cost": 27265.82,
      "Plan Rows": 1,
      "Plan Width": 8,
      "Actual Startup Time": 75.521,
      "Actual Total Time": 80.069,
      "Actual Rows": 1,
      "Actual Loops": 1,
      "Plans": [
        {
          "Node Type": "Gather",
          "Parent Relationship": "Outer",
          "Parallel Aware": false,
          "Startup Cost": 27265.49,
          "Total Cost": 27265.8,
          "Plan Rows": 3,
          "Plan Width": 8,
          "Actual Startup Time": 75.369,
          "Actual Total Time": 80.061,
          "Actual Rows": 4,
          "Actual Loops": 1,
          "Workers Planned": 3,
          "Workers Launched": 3,
          "Single Copy": false,
          "Plans": [
            {
              "Node Type": "Aggregate",
              "Strategy": "Plain",
              "Partial Mode": "Partial",
              "Parent Relationship": "Outer",
              "Parallel Aware": false,
              "Startup Cost": 26265.49,
              "Total Cost": 26265.5,
              "Plan Rows": 1,
              "Plan Width": 8,
              "Actual Startup Time": 66.279,
              "Actual Total Time": 66.28,
              "Actual Rows": 1,
              "Actual Loops": 4,
              "Plans": [
                {
                  "Node Type": "Bitmap Heap Scan",
                  "Parent Relationship": "Outer",
                  "Parallel Aware": true,
                  "Relation Name": "movie_companies",
                  "Alias": "mc",
                  "Startup Cost": 6011.7,
                  "Total Cost": 26151.28,
                  "Plan Rows": 45682,
                  "Plan Width": 0,
                  "Actual Startup Time": 24.545,
                  "Actual Total Time": 60.491,
                  "Actual Rows": 69340,
                  "Actual Loops": 4,
                  "Recheck Cond": "(company_id > 96316)",
                  "Rows Removed by Index Recheck": 0,
                  "Filter": "(company_type_id > 1)",
                  "Rows Removed by Filter": 0,
                  "Exact Heap Blocks": 2019,
                  "Lossy Heap Blocks": 0,
                  "Plans": [
                    {
                      "Node Type": "Bitmap Index Scan",
                      "Parent Relationship": "Outer",
                      "Parallel Aware": false,
                      "Index Name": "company_id_movie_companies",
                      "Startup Cost": 0.0,
                      "Total Cost": 5976.29,
                      "Plan Rows": 278915,
                      "Plan Width": 0,
                      "Actual Startup Time": 31.754,
                      "Actual Total Time": 31.754,
                      "Actual Rows": 277358,
                      "Actual Loops": 1,
                      "Index Cond": "(company_id > 96316)"
                    }
                  ]
                }
              ]
            }
          ]
        }
      ]
    },
    "Planning Time": 0.194,
    "Triggers": [],
    "Execution Time": 80.186
  }
]