{
  "Plan": {
    "Node Type": "Aggregate",
    "Strategy": "Plain",
    "Partial Mode": "Finalize",
    "Parallel Aware": false,
    "Startup Cost": 119225.23,
    "Total Cost": 119225.24,
    "Plan Rows": 1,
    "Plan Width": 8,
    "Actual Startup Time": 774.008,
    "Actual Total Time": 790.806,
    "Actual Rows": 1,
    "Actual Loops": 1,
    "Plans": [
      {
        "Node Type": "Gather",
        "Parent Relationship": "Outer",
        "Parallel Aware": false,
        "Startup Cost": 119225.11,
        "Total Cost": 119225.22,
        "Plan Rows": 1,
        "Plan Width": 8,
        "Actual Startup Time": 772.568,
        "Actual Total Time": 790.798,
        "Actual Rows": 2,
        "Actual Loops": 1,
        "Workers Planned": 1,
        "Workers Launched": 1,
        "Single Copy": false,
        "Plans": [
          {
            "Node Type": "Aggregate",
            "Strategy": "Plain",
            "Partial Mode": "Partial",
            "Parent Relationship": "Outer",
            "Parallel Aware": false,
            "Startup Cost": 118225.11,
            "Total Cost": 118225.12,
            "Plan Rows": 1,
            "Plan Width": 8,
            "Actual Startup Time": 766.544,
            "Actual Total Time": 766.547,
            "Actual Rows": 1,
            "Actual Loops": 2,
            "Plans": [
              {
                "Node Type": "Hash Join",
                "Parent Relationship": "Outer",
                "Parallel Aware": true,
                "Join Type": "Inner",
                "Startup Cost": 58702.11,
                "Total Cost": 116752.96,
                "Plan Rows": 588862,
                "Plan Width": 0,
                "Actual Startup Time": 267.19,
                "Actual Total Time": 731.814,
                "Actual Rows": 709904,
                "Actual Loops": 2,
                "Inner Unique": true,
                "Hash Cond": "(mk.movie_id = t.id)",
                "Plans": [
                  {
                    "Node Type": "Seq Scan",
                    "Parent Relationship": "Outer",
                    "Parallel Aware": true,
                    "Relation Name": "movie_keyword",
                    "Alias": "mk",
                    "Startup Cost": 0.0,
                    "Total Cost": 51065.35,
                    "Plan Rows": 2661135,
                    "Plan Width": 4,
                    "Actual Startup Time": 0.014,
                    "Actual Total Time": 179.75,
                    "Actual Rows": 2261965,
                    "Actual Loops": 2
                  },
                  {
                    "Node Type": "Hash",
                    "Parent Relationship": "Inner",
                    "Parallel Aware": true,
                    "Startup Cost": 54588.39,
                    "Total Cost": 54588.39,
                    "Plan Rows": 329098,
                    "Plan Width": 4,
                    "Actual Startup Time": 257.806,
                    "Actual Total Time": 257.807,
                    "Actual Rows": 284224,
                    "Actual Loops": 2,
                    "Hash Buckets": 1048576,
                    "Original Hash Buckets": 1048576,
                    "Hash Batches": 1,
                    "Original Hash Batches": 1,
                    "Peak Memory Usage": 30464,
                    "Plans": [
                      {
                        "Node Type": "Seq Scan",
                        "Parent Relationship": "Outer",
                        "Parallel Aware": true,
                        "Relation Name": "title",
                        "Alias": "t",
                        "Startup Cost": 0.0,
                        "Total Cost": 54588.39,
                        "Plan Rows": 329098,
                        "Plan Width": 4,
                        "Actual Startup Time": 0.036,
                        "Actual Total Time": 169.29,
                        "Actual Rows": 284224,
                        "Actual Loops": 2,
                        "Filter": "(production_year < 1984)",
                        "Rows Removed by Filter": 979932
                      }
                    ]
                  }
                ]
              }
            ]
          }
        ]
      }
    ]
  },
  "Planning Time": 0.566,
  "Triggers": [],
  "Execution Time": 790.875
}