[
  {
    "Plan": {
      "Node Type": "Aggregate",
      "Strategy": "Plain",
      "Partial Mode": "Finalize",
      "Parallel Aware": false,
      "Startup Cost": 87927.85,
      "Total Cost": 87927.86,
      "Plan Rows": 1,
      "Plan Width": 8,
      "Actual Startup Time": 363.178,
      "Actual Total Time": 381.038,
      "Actual Rows": 1,
      "Actual Loops": 1,
      "Plans": [
        {
          "Node Type": "Gather",
          "Parent Relationship": "Outer",
          "Parallel Aware": false,
          "Startup Cost": 87927.43,
          "Total Cost": 87927.84,
          "Plan Rows": 4,
          "Plan Width": 8,
          "Actual Startup Time": 361.71,
          "Actual Total Time": 381.028,
          "Actual Rows": 5,
          "Actual Loops": 1,
          "Workers Planned": 4,
          "Workers Launched": 4,
          "Single Copy": false,
          "Plans": [
            {
              "Node Type": "Aggregate",
              "Strategy": "Plain",
              "Partial Mode": "Partial",
              "Parent Relationship": "Outer",
              "Parallel Aware": false,
              "Startup Cost": 86927.43,
              "Total Cost": 86927.44,
              "Plan Rows": 1,
              "Plan Width": 8,
              "Actual Startup Time": 351.374,
              "Actual Total Time": 351.378,
              "Actual Rows": 1,
              "Actual Loops": 5,
              "Plans": [
                {
                  "Node Type": "Nested Loop",
                  "Parent Relationship": "Outer",
                  "Parallel Aware": false,
                  "Join Type": "Inner",
                  "Startup Cost": 28994.55,
                  "Total Cost": 86917.18,
                  "Plan Rows": 4102,
                  "Plan Width": 0,
                  "Actual Startup Time": 128.027,
                  "Actual Total Time": 349.58,
                  "Actual Rows": 26406,
                  "Actual Loops": 5,
                  "Inner Unique": false,
                  "Plans": [
                    {
                      "Node Type": "Hash Join",
                      "Parent Relationship": "Outer",
                      "Parallel Aware": true,
                      "Join Type": "Inner",
                      "Startup Cost": 28994.12,
                      "Total Cost": 73794.72,
                      "Plan Rows": 22509,
                      "Plan Width": 8,
                      "Actual Startup Time": 127.812,
                      "Actual Total Time": 208.545,
                      "Actual Rows": 56679,
                      "Actual Loops": 5,
                      "Inner Unique": false,
                      "Hash Cond": "(t.id = mc.movie_id)",
                      "Plans": [
                        {
                          "Node Type": "Seq Scan",
                          "Parent Relationship": "Outer",
                          "Parallel Aware": true,
                          "Relation Name": "title",
                          "Alias": "t",
                          "Startup Cost": 0.0,
                          "Total Cost": 43898.92,
                          "Plan Rows": 165814,
                          "Plan Width": 4,
                          "Actual Startup Time": 30.425,
                          "Actual Total Time": 72.3,
                          "Actual Rows": 132565,
                          "Actual Loops": 5,
                          "Filter": "(kind_id = 1)",
                          "Rows Removed by Filter": 373097
                        },
                        {
                          "Node Type": "Hash",
                          "Parent Relationship": "Inner",
                          "Parallel Aware": true,
                          "Startup Cost": 27610.21,
                          "Total Cost": 27610.21,
                          "Plan Rows": 110713,
                          "Plan Width": 4,
                          "Actual Startup Time": 87.011,
                          "Actual Total Time": 87.013,
                          "Actual Rows": 69032,
                          "Actual Loops": 5,
                          "Hash Buckets": 524288,
                          "Original Hash Buckets": 524288,
                          "Hash Batches": 1,
                          "Original Hash Batches": 1,
                          "Peak Memory Usage": 17696,
                          "Plans": [
                            {
                              "Node Type": "Bitmap Heap Scan",
                              "Parent Relationship": "Outer",
                              "Parallel Aware": true,
                              "Relation Name": "movie_companies",
                              "Alias": "mc",
                              "Startup Cost": 7436.3,
                              "Total Cost": 27610.21,
                              "Plan Rows": 110713,
                              "Plan Width": 4,
                              "Actual Startup Time": 29.553,
                              "Actual Total Time": 58.21,
                              "Actual Rows": 69032,
                              "Actual Loops": 5,
                              "Recheck Cond": "(company_id > 88773)",
                              "Rows Removed by Index Recheck": 0,
                              "Exact Heap Blocks": 2006,
                              "Lossy Heap Blocks": 0,
                              "Plans": [
                                {
                                  "Node Type": "Bitmap Index Scan",
                                  "Parent Relationship": "Outer",
                                  "Parallel Aware": false,
                                  "Index Name": "company_id_movie_companies",
                                  "Startup Cost": 0.0,
                                  "Total Cost": 7350.5,
                                  "Plan Rows": 343209,
                                  "Plan Width": 0,
                                  "Actual Startup Time": 28.506,
                                  "Actual Total Time": 28.507,
                                  "Actual Rows": 345161,
                                  "Actual Loops": 1,
                                  "Index Cond": "(company_id > 88773)"
                                }
                              ]
                            }
                          ]
                        }
                      ]
                    },
                    {
                      "Node Type": "Index Scan",
                      "Parent Relationship": "Inner",
                      "Parallel Aware": false,
                      "Scan Direction": "Forward",
                      "Index Name": "movie_id_movie_info_idx",
                      "Relation Name": "movie_info_idx",
                      "Alias": "mi_idx",
                      "Startup Cost": 0.43,
                      "Total Cost": 0.57,
                      "Plan Rows": 1,
                      "Plan Width": 4,
                      "Actual Startup Time": 0.002,
                      "Actual Total Time": 0.002,
                      "Actual Rows": 0,
                      "Actual Loops": 283396,
                      "Index Cond": "(movie_id = t.id)",
                      "Rows Removed by Index Recheck": 0,
                      "Filter": "(info_type_id = 101)",
                      "Rows Removed by Filter": 1
                    }
                  ]
                }
              ]
            }
          ]
        }
      ]
    },
    "Planning Time": 1.515,
    "Triggers": [],
    "Execution Time": 381.154
  }
]