[
  {
    "Plan": {
      "Node Type": "Aggregate",
      "Strategy": "Plain",
      "Partial Mode": "Finalize",
      "Parallel Aware": false,
      "Startup Cost": 79994.45,
      "Total Cost": 79994.46,
      "Plan Rows": 1,
      "Plan Width": 8,
      "Actual Startup Time": 267.704,
      "Actual Total Time": 282.388,
      "Actual Rows": 1,
      "Actual Loops": 1,
      "Plans": [
        {
          "Node Type": "Gather",
          "Parent Relationship": "Outer",
          "Parallel Aware": false,
          "Startup Cost": 79994.13,
          "Total Cost": 79994.44,
          "Plan Rows": 3,
          "Plan Width": 8,
          "Actual Startup Time": 264.682,
          "Actual Total Time": 282.376,
          "Actual Rows": 4,
          "Actual Loops": 1,
          "Workers Planned": 3,
          "Workers Launched": 3,
          "Single Copy": false,
          "Plans": [
            {
              "Node Type": "Aggregate",
              "Strategy": "Plain",
              "Partial Mode": "Partial",
              "Parent Relationship": "Outer",
              "Parallel Aware": false,
              "Startup Cost": 78994.13,
              "Total Cost": 78994.14,
              "Plan Rows": 1,
              "Plan Width": 8,
              "Actual Startup Time": 256.924,
              "Actual Total Time": 256.928,
              "Actual Rows": 1,
              "Actual Loops": 4,
              "Plans": [
                {
                  "Node Type": "Hash Join",
                  "Parent Relationship": "Outer",
                  "Parallel Aware": true,
                  "Join Type": "Inner",
                  "Startup Cost": 53143.88,
                  "Total Cost": 78943.06,
                  "Plan Rows": 20431,
                  "Plan Width": 0,
                  "Actual Startup Time": 194.196,
                  "Actual Total Time": 253.976,
                  "Actual Rows": 50677,
                  "Actual Loops": 4,
                  "Inner Unique": true,
                  "Hash Cond": "(mk.movie_id = t.id)",
                  "Plans": [
                    {
                      "Node Type": "Bitmap Heap Scan",
                      "Parent Relationship": "Outer",
                      "Parallel Aware": true,
                      "Relation Name": "movie_keyword",
                      "Alias": "mk",
                      "Startup Cost": 5849.15,
                      "Total Cost": 31414.87,
                      "Plan Rows": 88937,
                      "Plan Width": 4,
                      "Actual Startup Time": 21.378,
                      "Actual Total Time": 64.339,
                      "Actual Rows": 70578,
                      "Actual Loops": 4,
                      "Recheck Cond": "(keyword_id > 56661)",
                      "Rows Removed by Index Recheck": 0,
                      "Exact Heap Blocks": 7912,
                      "Lossy Heap Blocks": 0,
                      "Plans": [
                        {
                          "Node Type": "Bitmap Index Scan",
                          "Parent Relationship": "Outer",
                          "Parallel Aware": false,
                          "Index Name": "keyword_id_movie_keyword",
                          "Startup Cost": 0.0,
                          "Total Cost": 5780.23,
                          "Plan Rows": 275706,
                          "Plan Width": 0,
                          "Actual Startup Time": 18.167,
                          "Actual Total Time": 18.168,
                          "Actual Rows": 282310,
                          "Actual Loops": 1,
                          "Index Cond": "(keyword_id > 56661)"
                        }
                      ]
                    },
                    {
                      "Node Type": "Hash",
                      "Parent Relationship": "Inner",
                      "Parallel Aware": true,
                      "Startup Cost": 45479.59,
                      "Total Cost": 45479.59,
                      "Plan Rows": 145211,
                      "Plan Width": 4,
                      "Actual Startup Time": 161.238,
                      "Actual Total Time": 161.239,
                      "Actual Rows": 148682,
                      "Actual Loops": 4,
                      "Hash Buckets": 1048576,
                      "Original Hash Buckets": 1048576,
                      "Hash Batches": 1,
                      "Original Hash Batches": 1,
                      "Peak Memory Usage": 31552,
                      "Plans": [
                        {
                          "Node Type": "Seq Scan",
                          "Parent Relationship": "Outer",
                          "Parallel Aware": true,
                          "Relation Name": "title",
                          "Alias": "t",
                          "Startup Cost": 0.0,
                          "Total Cost": 45479.59,
                          "Plan Rows": 145211,
                          "Plan Width": 4,
                          "Actual Startup Time": 57.458,
                          "Actual Total Time": 106.84,
                          "Actual Rows": 148682,
                          "Actual Loops": 4,
                          "Filter": "((production_year < 2012) AND (kind_id = 1))",
                          "Rows Removed by Filter": 483396
                        }
                      ]
                    }
                  ]
                }
              ]
            }
          ]
        }
      ]
    },
    "Planning Time": 0.722,
    "Triggers": [],
    "Execution Time": 282.484
  }
]