[
  {
    "Plan": {
      "Node Type": "Aggregate",
      "Strategy": "Plain",
      "Partial Mode": "Finalize",
      "Parallel Aware": false,
      "Startup Cost": 80245.64,
      "Total Cost": 80245.65,
      "Plan Rows": 1,
      "Plan Width": 8,
      "Actual Startup Time": 255.749,
      "Actual Total Time": 271.072,
      "Actual Rows": 1,
      "Actual Loops": 1,
      "Plans": [
        {
          "Node Type": "Gather",
          "Parent Relationship": "Outer",
          "Parallel Aware": false,
          "Startup Cost": 80245.32,
          "Total Cost": 80245.63,
          "Plan Rows": 3,
          "Plan Width": 8,
          "Actual Startup Time": 252.068,
          "Actual Total Time": 271.062,
          "Actual Rows": 4,
          "Actual Loops": 1,
          "Workers Planned": 3,
          "Workers Launched": 3,
          "Single Copy": false,
          "Plans": [
            {
              "Node Type": "Aggregate",
              "Strategy": "Plain",
              "Partial Mode": "Partial",
              "Parent Relationship": "Outer",
              "Parallel Aware": false,
              "Startup Cost": 79245.32,
              "Total Cost": 79245.33,
              "Plan Rows": 1,
              "Plan Width": 8,
              "Actual Startup Time": 242.853,
              "Actual Total Time": 242.857,
              "Actual Rows": 1,
              "Actual Loops": 4,
              "Plans": [
                {
                  "Node Type": "Hash Join",
                  "Parent Relationship": "Outer",
                  "Parallel Aware": true,
                  "Join Type": "Inner",
                  "Startup Cost": 53348.47,
                  "Total Cost": 79192.25,
                  "Plan Rows": 21229,
                  "Plan Width": 0,
                  "Actual Startup Time": 184.738,
                  "Actual Total Time": 240.382,
                  "Actual Rows": 50677,
                  "Actual Loops": 4,
                  "Inner Unique": true,
                  "Hash Cond": "(mk.movie_id = t.id)",
                  "Plans": [
                    {
                      "Node Type": "Bitmap Heap Scan",
                      "Parent Relationship": "Outer",
                      "Parallel Aware": true,
                      "Relation Name": "movie_keyword",
                      "Alias": "mk",
                      "Startup Cost": 6044.0,
                      "Total Cost": 31646.57,
                      "Plan Rows": 91886,
                      "Plan Width": 4,
                      "Actual Startup Time": 20.344,
                      "Actual Total Time": 62.614,
                      "Actual Rows": 70578,
                      "Actual Loops": 4,
                      "Recheck Cond": "(keyword_id > 56661)",
                      "Rows Removed by Index Recheck": 0,
                      "Exact Heap Blocks": 7446,
                      "Lossy Heap Blocks": 0,
                      "Plans": [
                        {
                          "Node Type": "Bitmap Index Scan",
                          "Parent Relationship": "Outer",
                          "Parallel Aware": false,
                          "Index Name": "keyword_id_movie_keyword",
                          "Startup Cost": 0.0,
                          "Total Cost": 5972.78,
                          "Plan Rows": 284847,
                          "Plan Width": 0,
                          "Actual Startup Time": 17.05,
                          "Actual Total Time": 17.05,
                          "Actual Rows": 282310,
                          "Actual Loops": 1,
                          "Index Cond": "(keyword_id > 56661)"
                        }
                      ]
                    },
                    {
                      "Node Type": "Hash",
                      "Parent Relationship": "Inner",
                      "Parallel Aware": true,
                      "Startup Cost": 45479.1,
                      "Total Cost": 45479.1,
                      "Plan Rows": 146030,
                      "Plan Width": 4,
                      "Actual Startup Time": 152.896,
                      "Actual Total Time": 152.896,
                      "Actual Rows": 148682,
                      "Actual Loops": 4,
                      "Hash Buckets": 1048576,
                      "Original Hash Buckets": 1048576,
                      "Hash Batches": 1,
                      "Original Hash Batches": 1,
                      "Peak Memory Usage": 31552,
                      "Plans": [
                        {
                          "Node Type": "Seq Scan",
                          "Parent Relationship": "Outer",
                          "Parallel Aware": true,
                          "Relation Name": "title",
                          "Alias": "t",
                          "Startup Cost": 0.0,
                          "Total Cost": 45479.1,
                          "Plan Rows": 146030,
                          "Plan Width": 4,
                          "Actual Startup Time": 61.88,
                          "Actual Total Time": 103.508,
                          "Actual Rows": 148682,
                          "Actual Loops": 4,
                          "Filter": "((production_year < 2012) AND (kind_id = 1))",
                          "Rows Removed by Filter": 483396
                        }
                      ]
                    }
                  ]
                }
              ]
            }
          ]
        }
      ]
    },
    "Planning Time": 0.646,
    "Triggers": [],
    "Execution Time": 271.161
  }
]