[
  {
    "Plan": {
      "Node Type": "Aggregate",
      "Strategy": "Plain",
      "Partial Mode": "Finalize",
      "Parallel Aware": false,
      "Startup Cost": 91258.75,
      "Total Cost": 91258.76,
      "Plan Rows": 1,
      "Plan Width": 8,
      "Actual Startup Time": 375.062,
      "Actual Total Time": 389.888,
      "Actual Rows": 1,
      "Actual Loops": 1,
      "Plans": [
        {
          "Node Type": "Gather",
          "Parent Relationship": "Outer",
          "Parallel Aware": false,
          "Startup Cost": 91258.43,
          "Total Cost": 91258.74,
          "Plan Rows": 3,
          "Plan Width": 8,
          "Actual Startup Time": 369.742,
          "Actual Total Time": 389.881,
          "Actual Rows": 4,
          "Actual Loops": 1,
          "Workers Planned": 3,
          "Workers Launched": 3,
          "Single Copy": false,
          "Plans": [
            {
              "Node Type": "Aggregate",
              "Strategy": "Plain",
              "Partial Mode": "Partial",
              "Parent Relationship": "Outer",
              "Parallel Aware": false,
              "Startup Cost": 90258.43,
              "Total Cost": 90258.44,
              "Plan Rows": 1,
              "Plan Width": 8,
              "Actual Startup Time": 360.002,
              "Actual Total Time": 360.005,
              "Actual Rows": 1,
              "Actual Loops": 4,
              "Plans": [
                {
                  "Node Type": "Hash Join",
                  "Parent Relationship": "Outer",
                  "Parallel Aware": true,
                  "Join Type": "Inner",
                  "Startup Cost": 62104.66,
                  "Total Cost": 90033.22,
                  "Plan Rows": 90082,
                  "Plan Width": 0,
                  "Actual Startup Time": 240.568,
                  "Actual Total Time": 353.474,
                  "Actual Rows": 147512,
                  "Actual Loops": 4,
                  "Inner Unique": true,
                  "Hash Cond": "(mk.movie_id = t.id)",
                  "Plans": [
                    {
                      "Node Type": "Bitmap Heap Scan",
                      "Parent Relationship": "Outer",
                      "Parallel Aware": true,
                      "Relation Name": "movie_keyword",
                      "Alias": "mk",
                      "Startup Cost": 15107.53,
                      "Total Cost": 42433.07,
                      "Plan Rows": 229723,
                      "Plan Width": 4,
                      "Actual Startup Time": 45.849,
                      "Actual Total Time": 110.772,
                      "Actual Rows": 175732,
                      "Actual Loops": 4,
                      "Recheck Cond": "(keyword_id > 26823)",
                      "Rows Removed by Index Recheck": 0,
                      "Exact Heap Blocks": 6531,
                      "Lossy Heap Blocks": 0,
                      "Plans": [
                        {
                          "Node Type": "Bitmap Index Scan",
                          "Parent Relationship": "Outer",
                          "Parallel Aware": false,
                          "Index Name": "keyword_id_movie_keyword",
                          "Startup Cost": 0.0,
                          "Total Cost": 14929.5,
                          "Plan Rows": 712142,
                          "Plan Width": 0,
                          "Actual Startup Time": 42.178,
                          "Actual Total Time": 42.179,
                          "Actual Rows": 702927,
                          "Actual Loops": 1,
                          "Index Cond": "(keyword_id > 26823)"
                        }
                      ]
                    },
                    {
                      "Node Type": "Hash",
                      "Parent Relationship": "Inner",
                      "Parallel Aware": true,
                      "Startup Cost": 43898.92,
                      "Total Cost": 43898.92,
                      "Plan Rows": 247857,
                      "Plan Width": 4,
                      "Actual Startup Time": 189.553,
                      "Actual Total Time": 189.554,
                      "Actual Rows": 246262,
                      "Actual Loops": 4,
                      "Hash Buckets": 1048576,
                      "Original Hash Buckets": 1048576,
                      "Hash Batches": 1,
                      "Original Hash Batches": 1,
                      "Peak Memory Usage": 46816,
                      "Plans": [
                        {
                          "Node Type": "Seq Scan",
                          "Parent Relationship": "Outer",
                          "Parallel Aware": true,
                          "Relation Name": "title",
                          "Alias": "t",
                          "Startup Cost": 0.0,
                          "Total Cost": 43898.92,
                          "Plan Rows": 247857,
                          "Plan Width": 4,
                          "Actual Startup Time": 0.039,
                          "Actual Total Time": 103.199,
                          "Actual Rows": 246262,
                          "Actual Loops": 4,
                          "Filter": "(kind_id < 7)",
                          "Rows Removed by Filter": 385816
                        }
                      ]
                    }
                  ]
                }
              ]
            }
          ]
        }
      ]
    },
    "Planning Time": 0.623,
    "Triggers": [],
    "Execution Time": 389.977
  }
]