{
    "Plan": {
        "Node Type": "Aggregate",
        "Strategy": "Plain",
        "Partial Mode": "Finalize",
        "Parallel Aware": false,
        "Startup Cost": 102261.9,
        "Total Cost": 102261.91,
        "Plan Rows": 1,
        "Plan Width": 8,
        "Actual Startup Time": 444.651,
        "Actual Total Time": 485.232,
        "Actual Rows": 1,
        "Actual Loops": 1,
        "Output": [
            "count(*)"
        ],
        "Plans": [
            {
                "Node Type": "Gather",
                "Parent Relationship": "Outer",
                "Parallel Aware": false,
                "Startup Cost": 102261.58,
                "Total Cost": 102261.89,
                "Plan Rows": 3,
                "Plan Width": 8,
                "Actual Startup Time": 444.625,
                "Actual Total Time": 485.223,
                "Actual Rows": 4,
                "Actual Loops": 1,
                "Output": [
                    "(PARTIAL count(*))"
                ],
                "Workers Planned": 3,
                "Workers Launched": 3,
                "Single Copy": false,
                "Plans": [
                    {
                        "Node Type": "Aggregate",
                        "Strategy": "Plain",
                        "Partial Mode": "Partial",
                        "Parent Relationship": "Outer",
                        "Parallel Aware": false,
                        "Startup Cost": 101261.58,
                        "Total Cost": 101261.59,
                        "Plan Rows": 1,
                        "Plan Width": 8,
                        "Actual Startup Time": 435.116,
                        "Actual Total Time": 435.119,
                        "Actual Rows": 1,
                        "Actual Loops": 4,
                        "Output": [
                            "PARTIAL count(*)"
                        ],
                        "Workers": [
                            {
                                "Worker Number": 0,
                                "Actual Startup Time": 431.835,
                                "Actual Total Time": 431.838,
                                "Actual Rows": 1,
                                "Actual Loops": 1
                            },
                            {
                                "Worker Number": 1,
                                "Actual Startup Time": 432.444,
                                "Actual Total Time": 432.446,
                                "Actual Rows": 1,
                                "Actual Loops": 1
                            },
                            {
                                "Worker Number": 2,
                                "Actual Startup Time": 432.359,
                                "Actual Total Time": 432.362,
                                "Actual Rows": 1,
                                "Actual Loops": 1
                            }
                        ],
                        "Plans": [
                            {
                                "Node Type": "Nested Loop",
                                "Parent Relationship": "Outer",
                                "Parallel Aware": false,
                                "Join Type": "Inner",
                                "Startup Cost": 45628.76,
                                "Total Cost": 101254.9,
                                "Plan Rows": 2673,
                                "Plan Width": 0,
                                "Actual Startup Time": 111.723,
                                "Actual Total Time": 433.848,
                                "Actual Rows": 10039,
                                "Actual Loops": 4,
                                "Inner Unique": false,
                                "Join Filter": "(t.id = mi.movie_id)",
                                "Rows Removed by Join Filter": 0,
                                "Workers": [
                                    {
                                        "Worker Number": 0,
                                        "Actual Startup Time": 108.677,
                                        "Actual Total Time": 430.711,
                                        "Actual Rows": 11830,
                                        "Actual Loops": 1
                                    },
                                    {
                                        "Worker Number": 1,
                                        "Actual Startup Time": 109.087,
                                        "Actual Total Time": 431.23,
                                        "Actual Rows": 8214,
                                        "Actual Loops": 1
                                    },
                                    {
                                        "Worker Number": 2,
                                        "Actual Startup Time": 109.1,
                                        "Actual Total Time": 431.155,
                                        "Actual Rows": 7769,
                                        "Actual Loops": 1
                                    }
                                ],
                                "Plans": [
                                    {
                                        "Node Type": "Hash Join",
                                        "Parent Relationship": "Outer",
                                        "Parallel Aware": true,
                                        "Join Type": "Inner",
                                        "Startup Cost": 45628.32,
                                        "Total Cost": 89090.21,
                                        "Plan Rows": 5509,
                                        "Plan Width": 8,
                                        "Actual Startup Time": 111.556,
                                        "Actual Total Time": 268.363,
                                        "Actual Rows": 7776,
                                        "Actual Loops": 4,
                                        "Output": [
                                            "t.id",
                                            "mk.movie_id"
                                        ],
                                        "Inner Unique": true,
                                        "Hash Cond": "(mk.movie_id = t.id)",
                                        "Workers": [
                                            {
                                                "Worker Number": 0,
                                                "Actual Startup Time": 108.477,
                                                "Actual Total Time": 263.39,
                                                "Actual Rows": 9351,
                                                "Actual Loops": 1
                                            },
                                            {
                                                "Worker Number": 1,
                                                "Actual Startup Time": 108.857,
                                                "Actual Total Time": 259.035,
                                                "Actual Rows": 6142,
                                                "Actual Loops": 1
                                            },
                                            {
                                                "Worker Number": 2,
                                                "Actual Startup Time": 108.902,
                                                "Actual Total Time": 258.888,
                                                "Actual Rows": 6037,
                                                "Actual Loops": 1
                                            }
                                        ],
                                        "Plans": [
                                            {
                                                "Node Type": "Seq Scan",
                                                "Parent Relationship": "Outer",
                                                "Parallel Aware": true,
                                                "Relation Name": "movie_keyword",
                                                "Schema": "public",
                                                "Alias": "mk",
                                                "Startup Cost": 0.0,
                                                "Total Cost": 42695.65,
                                                "Plan Rows": 291901,
                                                "Plan Width": 4,
                                                "Actual Startup Time": 0.016,
                                                "Actual Total Time": 127.006,
                                                "Actual Rows": 225976,
                                                "Actual Loops": 4,
                                                "Output": [
                                                    "mk.id",
                                                    "mk.movie_id",
                                                    "mk.keyword_id"
                                                ],
                                                "Filter": "(mk.keyword_id < 858)",
                                                "Rows Removed by Filter": 905006,
                                                "Workers": [
                                                    {
                                                        "Worker Number": 0,
                                                        "Actual Startup Time": 0.018,
                                                        "Actual Total Time": 126.429,
                                                        "Actual Rows": 275252,
                                                        "Actual Loops": 1
                                                    },
                                                    {
                                                        "Worker Number": 1,
                                                        "Actual Startup Time": 0.019,
                                                        "Actual Total Time": 122.99,
                                                        "Actual Rows": 176864,
                                                        "Actual Loops": 1
                                                    },
                                                    {
                                                        "Worker Number": 2,
                                                        "Actual Startup Time": 0.019,
                                                        "Actual Total Time": 122.64,
                                                        "Actual Rows": 176166,
                                                        "Actual Loops": 1
                                                    }
                                                ]
                                            },
                                            {
                                                "Node Type": "Hash",
                                                "Parent Relationship": "Inner",
                                                "Parallel Aware": true,
                                                "Startup Cost": 45479.21,
                                                "Total Cost": 45479.21,
                                                "Plan Rows": 11929,
                                                "Plan Width": 4,
                                                "Actual Startup Time": 110.699,
                                                "Actual Total Time": 110.699,
                                                "Actual Rows": 9688,
                                                "Actual Loops": 4,
                                                "Output": [
                                                    "t.id"
                                                ],
                                                "Hash Buckets": 65536,
                                                "Original Hash Buckets": 65536,
                                                "Hash Batches": 1,
                                                "Original Hash Batches": 1,
                                                "Peak Memory Usage": 2080,
                                                "Workers": [
                                                    {
                                                        "Worker Number": 0,
                                                        "Actual Startup Time": 107.933,
                                                        "Actual Total Time": 107.933,
                                                        "Actual Rows": 11499,
                                                        "Actual Loops": 1
                                                    },
                                                    {
                                                        "Worker Number": 1,
                                                        "Actual Startup Time": 108.183,
                                                        "Actual Total Time": 108.184,
                                                        "Actual Rows": 8095,
                                                        "Actual Loops": 1
                                                    },
                                                    {
                                                        "Worker Number": 2,
                                                        "Actual Startup Time": 108.367,
                                                        "Actual Total Time": 108.368,
                                                        "Actual Rows": 7975,
                                                        "Actual Loops": 1
                                                    }
                                                ],
                                                "Plans": [
                                                    {
                                                        "Node Type": "Seq Scan",
                                                        "Parent Relationship": "Outer",
                                                        "Parallel Aware": true,
                                                        "Relation Name": "title",
                                                        "Schema": "public",
                                                        "Alias": "t",
                                                        "Startup Cost": 0.0,
                                                        "Total Cost": 45479.21,
                                                        "Plan Rows": 11929,
                                                        "Plan Width": 4,
                                                        "Actual Startup Time": 0.282,
                                                        "Actual Total Time": 106.649,
                                                        "Actual Rows": 9688,
                                                        "Actual Loops": 4,
                                                        "Output": [
                                                            "t.id"
                                                        ],
                                                        "Filter": "((t.kind_id < 7) AND (t.production_year = 2008))",
                                                        "Rows Removed by Filter": 622390,
                                                        "Workers": [
                                                            {
                                                                "Worker Number": 0,
                                                                "Actual Startup Time": 0.13,
                                                                "Actual Total Time": 103.854,
                                                                "Actual Rows": 11499,
                                                                "Actual Loops": 1
                                                            },
                                                            {
                                                                "Worker Number": 1,
                                                                "Actual Startup Time": 0.591,
                                                                "Actual Total Time": 103.878,
                                                                "Actual Rows": 8095,
                                                                "Actual Loops": 1
                                                            },
                                                            {
                                                                "Worker Number": 2,
                                                                "Actual Startup Time": 0.271,
                                                                "Actual Total Time": 104.421,
                                                                "Actual Rows": 7975,
                                                                "Actual Loops": 1
                                                            }
                                                        ]
                                                    }
                                                ]
                                            }
                                        ]
                                    },
                                    {
                                        "Node Type": "Index Scan",
                                        "Parent Relationship": "Inner",
                                        "Parallel Aware": false,
                                        "Scan Direction": "Forward",
                                        "Index Name": "movie_id_movie_info",
                                        "Relation Name": "movie_info",
                                        "Schema": "public",
                                        "Alias": "mi",
                                        "Startup Cost": 0.43,
                                        "Total Cost": 2.17,
                                        "Plan Rows": 3,
                                        "Plan Width": 4,
                                        "Actual Startup Time": 0.006,
                                        "Actual Total Time": 0.021,
                                        "Actual Rows": 1,
                                        "Actual Loops": 31106,
                                        "Output": [
                                            "mi.id",
                                            "mi.movie_id",
                                            "mi.info_type_id",
                                            "mi.info",
                                            "mi.note"
                                        ],
                                        "Index Cond": "(mi.movie_id = mk.movie_id)",
                                        "Rows Removed by Index Recheck": 0,
                                        "Filter": "(mi.info_type_id = 4)",
                                        "Rows Removed by Filter": 48,
                                        "Workers": [
                                            {
                                                "Worker Number": 0,
                                                "Actual Startup Time": 0.005,
                                                "Actual Total Time": 0.017,
                                                "Actual Rows": 1,
                                                "Actual Loops": 9351
                                            },
                                            {
                                                "Worker Number": 1,
                                                "Actual Startup Time": 0.008,
                                                "Actual Total Time": 0.027,
                                                "Actual Rows": 1,
                                                "Actual Loops": 6142
                                            },
                                            {
                                                "Worker Number": 2,
                                                "Actual Startup Time": 0.008,
                                                "Actual Total Time": 0.028,
                                                "Actual Rows": 1,
                                                "Actual Loops": 6037
                                            }
                                        ]
                                    }
                                ]
                            }
                        ]
                    }
                ]
            }
        ]
    },
    "Planning Time": 1.519,
    "Triggers": [],
    "Execution Time": 485.336
}