[
  {
    "Plan": {
      "Node Type": "Aggregate",
      "Strategy": "Plain",
      "Partial Mode": "Finalize",
      "Parallel Aware": false,
      "Startup Cost": 31250.23,
      "Total Cost": 31250.24,
      "Plan Rows": 1,
      "Plan Width": 8,
      "Actual Startup Time": 104.527,
      "Actual Total Time": 113.077,
      "Actual Rows": 1,
      "Actual Loops": 1,
      "Plans": [
        {
          "Node Type": "Gather",
          "Parent Relationship": "Outer",
          "Parallel Aware": false,
          "Startup Cost": 31249.91,
          "Total Cost": 31250.22,
          "Plan Rows": 3,
          "Plan Width": 8,
          "Actual Startup Time": 104.398,
          "Actual Total Time": 113.07,
          "Actual Rows": 4,
          "Actual Loops": 1,
          "Workers Planned": 3,
          "Workers Launched": 3,
          "Single Copy": false,
          "Plans": [
            {
              "Node Type": "Aggregate",
              "Strategy": "Plain",
              "Partial Mode": "Partial",
              "Parent Relationship": "Outer",
              "Parallel Aware": false,
              "Startup Cost": 30249.91,
              "Total Cost": 30249.92,
              "Plan Rows": 1,
              "Plan Width": 8,
              "Actual Startup Time": 95.561,
              "Actual Total Time": 95.563,
              "Actual Rows": 1,
              "Actual Loops": 4,
              "Plans": [
                {
                  "Node Type": "Seq Scan",
                  "Parent Relationship": "Outer",
                  "Parallel Aware": true,
                  "Relation Name": "movie_companies",
                  "Alias": "mc",
                  "Startup Cost": 0.0,
                  "Total Cost": 29310.68,
                  "Plan Rows": 375692,
                  "Plan Width": 0,
                  "Actual Startup Time": 0.062,
                  "Actual Total Time": 77.916,
                  "Actual Rows": 293942,
                  "Actual Loops": 4,
                  "Filter": "(company_id < 10005)",
                  "Rows Removed by Filter": 358340
                }
              ]
            }
          ]
        }
      ]
    },
    "Planning Time": 0.194,
    "Triggers": [],
    "Execution Time": 113.134
  }
]