{
  "Plan": {
    "Node Type": "Aggregate",
    "Strategy": "Plain",
    "Partial Mode": "Finalize",
    "Parallel Aware": false,
    "Startup Cost": 103622.62,
    "Total Cost": 103622.63,
    "Plan Rows": 1,
    "Plan Width": 8,
    "Actual Startup Time": 586.921,
    "Actual Total Time": 599.949,
    "Actual Rows": 1,
    "Actual Loops": 1,
    "Plans": [
      {
        "Node Type": "Gather",
        "Parent Relationship": "Outer",
        "Parallel Aware": false,
        "Startup Cost": 103622.51,
        "Total Cost": 103622.62,
        "Plan Rows": 1,
        "Plan Width": 8,
        "Actual Startup Time": 584.921,
        "Actual Total Time": 599.94,
        "Actual Rows": 2,
        "Actual Loops": 1,
        "Workers Planned": 1,
        "Workers Launched": 1,
        "Single Copy": false,
        "Plans": [
          {
            "Node Type": "Aggregate",
            "Strategy": "Plain",
            "Partial Mode": "Partial",
            "Parent Relationship": "Outer",
            "Parallel Aware": false,
            "Startup Cost": 102622.51,
            "Total Cost": 102622.52,
            "Plan Rows": 1,
            "Plan Width": 8,
            "Actual Startup Time": 579.057,
            "Actual Total Time": 579.061,
            "Actual Rows": 1,
            "Actual Loops": 2,
            "Plans": [
              {
                "Node Type": "Hash Join",
                "Parent Relationship": "Outer",
                "Parallel Aware": true,
                "Join Type": "Inner",
                "Startup Cost": 37650.13,
                "Total Cost": 102220.97,
                "Plan Rows": 160616,
                "Plan Width": 0,
                "Actual Startup Time": 177.949,
                "Actual Total Time": 567.268,
                "Actual Rows": 278540,
                "Actual Loops": 2,
                "Inner Unique": false,
                "Hash Cond": "(t.id = mc.movie_id)",
                "Plans": [
                  {
                    "Node Type": "Seq Scan",
                    "Parent Relationship": "Outer",
                    "Parallel Aware": true,
                    "Relation Name": "title",
                    "Alias": "t",
                    "Startup Cost": 0.0,
                    "Total Cost": 54588.39,
                    "Plan Rows": 1446024,
                    "Plan Width": 4,
                    "Actual Startup Time": 0.012,
                    "Actual Total Time": 153.281,
                    "Actual Rows": 1228109,
                    "Actual Loops": 2,
                    "Filter": "(production_year > 0)",
                    "Rows Removed by Filter": 36047
                  },
                  {
                    "Node Type": "Hash",
                    "Parent Relationship": "Inner",
                    "Parallel Aware": true,
                    "Startup Cost": 35585.21,
                    "Total Cost": 35585.21,
                    "Plan Rows": 165193,
                    "Plan Width": 4,
                    "Actual Startup Time": 172.578,
                    "Actual Total Time": 172.579,
                    "Actual Rows": 283626,
                    "Actual Loops": 2,
                    "Hash Buckets": 1048576,
                    "Original Hash Buckets": 524288,
                    "Hash Batches": 1,
                    "Original Hash Batches": 1,
                    "Peak Memory Usage": 34528,
                    "Plans": [
                      {
                        "Node Type": "Bitmap Heap Scan",
                        "Parent Relationship": "Outer",
                        "Parallel Aware": true,
                        "Relation Name": "movie_companies",
                        "Alias": "mc",
                        "Startup Cost": 11914.9,
                        "Total Cost": 35585.21,
                        "Plan Rows": 165193,
                        "Plan Width": 4,
                        "Actual Startup Time": 48.002,
                        "Actual Total Time": 104.356,
                        "Actual Rows": 283626,
                        "Actual Loops": 2,
                        "Recheck Cond": "(company_id > 71447)",
                        "Rows Removed by Index Recheck": 0,
                        "Filter": "(company_type_id = 2)",
                        "Rows Removed by Filter": 0,
                        "Exact Heap Blocks": 4538,
                        "Lossy Heap Blocks": 0,
                        "Plans": [
                          {
                            "Node Type": "Bitmap Index Scan",
                            "Parent Relationship": "Outer",
                            "Parallel Aware": false,
                            "Index Name": "company_id_movie_companies",
                            "Startup Cost": 0.0,
                            "Total Cost": 11844.69,
                            "Plan Rows": 553102,
                            "Plan Width": 0,
                            "Actual Startup Time": 47.271,
                            "Actual Total Time": 47.272,
                            "Actual Rows": 567252,
                            "Actual Loops": 1,
                            "Index Cond": "(company_id > 71447)"
                          }
                        ]
                      }
                    ]
                  }
                ]
              }
            ]
          }
        ]
      }
    ]
  },
  "Planning Time": 0.479,
  "Triggers": [],
  "Execution Time": 600.045
}