[
  {
    "Plan": {
      "Node Type": "Aggregate",
      "Strategy": "Plain",
      "Partial Mode": "Finalize",
      "Parallel Aware": false,
      "Startup Cost": 31990.72,
      "Total Cost": 31990.73,
      "Plan Rows": 1,
      "Plan Width": 8,
      "Actual Startup Time": 115.844,
      "Actual Total Time": 121.81,
      "Actual Rows": 1,
      "Actual Loops": 1,
      "Plans": [
        {
          "Node Type": "Gather",
          "Parent Relationship": "Outer",
          "Parallel Aware": false,
          "Startup Cost": 31990.4,
          "Total Cost": 31990.71,
          "Plan Rows": 3,
          "Plan Width": 8,
          "Actual Startup Time": 115.72,
          "Actual Total Time": 121.803,
          "Actual Rows": 4,
          "Actual Loops": 1,
          "Workers Planned": 3,
          "Workers Launched": 3,
          "Single Copy": false,
          "Plans": [
            {
              "Node Type": "Aggregate",
              "Strategy": "Plain",
              "Partial Mode": "Partial",
              "Parent Relationship": "Outer",
              "Parallel Aware": false,
              "Startup Cost": 30990.4,
              "Total Cost": 30990.41,
              "Plan Rows": 1,
              "Plan Width": 8,
              "Actual Startup Time": 107.867,
              "Actual Total Time": 107.868,
              "Actual Rows": 1,
              "Actual Loops": 4,
              "Plans": [
                {
                  "Node Type": "Seq Scan",
                  "Parent Relationship": "Outer",
                  "Parallel Aware": true,
                  "Relation Name": "movie_companies",
                  "Alias": "mc",
                  "Startup Cost": 0.0,
                  "Total Cost": 29310.68,
                  "Plan Rows": 671889,
                  "Plan Width": 0,
                  "Actual Startup Time": 0.041,
                  "Actual Total Time": 81.392,
                  "Actual Rows": 518546,
                  "Actual Loops": 4,
                  "Filter": "(company_id < 72433)",
                  "Rows Removed by Filter": 133736
                }
              ]
            }
          ]
        }
      ]
    },
    "Planning Time": 0.178,
    "Triggers": [],
    "Execution Time": 121.86
  }
]