{
  "Plan": {
    "Node Type": "Aggregate",
    "Strategy": "Plain",
    "Partial Mode": "Finalize",
    "Parallel Aware": false,
    "Startup Cost": 735619.9,
    "Total Cost": 735619.91,
    "Plan Rows": 1,
    "Plan Width": 8,
    "Actual Startup Time": 5198.874,
    "Actual Total Time": 5242.526,
    "Actual Rows": 1,
    "Actual Loops": 1,
    "Plans": [
      {
        "Node Type": "Gather",
        "Parent Relationship": "Outer",
        "Parallel Aware": false,
        "Startup Cost": 735619.79,
        "Total Cost": 735619.9,
        "Plan Rows": 1,
        "Plan Width": 8,
        "Actual Startup Time": 5195.536,
        "Actual Total Time": 5242.519,
        "Actual Rows": 2,
        "Actual Loops": 1,
        "Workers Planned": 1,
        "Workers Launched": 1,
        "Single Copy": false,
        "Plans": [
          {
            "Node Type": "Aggregate",
            "Strategy": "Plain",
            "Partial Mode": "Partial",
            "Parent Relationship": "Outer",
            "Parallel Aware": false,
            "Startup Cost": 734619.79,
            "Total Cost": 734619.8,
            "Plan Rows": 1,
            "Plan Width": 8,
            "Actual Startup Time": 5188.963,
            "Actual Total Time": 5188.969,
            "Actual Rows": 1,
            "Actual Loops": 2,
            "Plans": [
              {
                "Node Type": "Hash Join",
                "Parent Relationship": "Outer",
                "Parallel Aware": true,
                "Join Type": "Inner",
                "Startup Cost": 429852.96,
                "Total Cost": 727700.47,
                "Plan Rows": 2767726,
                "Plan Width": 0,
                "Actual Startup Time": 1126.098,
                "Actual Total Time": 4602.396,
                "Actual Rows": 14887647,
                "Actual Loops": 2,
                "Inner Unique": false,
                "Hash Cond": "(mi.movie_id = t.id)",
                "Plans": [
                  {
                    "Node Type": "Seq Scan",
                    "Parent Relationship": "Outer",
                    "Parallel Aware": true,
                    "Relation Name": "movie_info",
                    "Alias": "mi",
                    "Startup Cost": 0.0,
                    "Total Cost": 248955.74,
                    "Plan Rows": 8696274,
                    "Plan Width": 4,
                    "Actual Startup Time": 0.016,
                    "Actual Total Time": 667.172,
                    "Actual Rows": 7417860,
                    "Actual Loops": 2
                  },
                  {
                    "Node Type": "Hash",
                    "Parent Relationship": "Inner",
                    "Parallel Aware": true,
                    "Startup Cost": 423936.27,
                    "Total Cost": 423936.27,
                    "Plan Rows": 473335,
                    "Plan Width": 8,
                    "Actual Startup Time": 1079.459,
                    "Actual Total Time": 1079.464,
                    "Actual Rows": 522074,
                    "Actual Loops": 2,
                    "Hash Buckets": 1048576,
                    "Original Hash Buckets": 1048576,
                    "Hash Batches": 1,
                    "Original Hash Batches": 1,
                    "Peak Memory Usage": 49088,
                    "Plans": [
                      {
                        "Node Type": "Hash Join",
                        "Parent Relationship": "Outer",
                        "Parallel Aware": true,
                        "Join Type": "Inner",
                        "Startup Cost": 135431.25,
                        "Total Cost": 423936.27,
                        "Plan Rows": 473335,
                        "Plan Width": 8,
                        "Actual Startup Time": 302.695,
                        "Actual Total Time": 943.818,
                        "Actual Rows": 522074,
                        "Actual Loops": 2,
                        "Inner Unique": true,
                        "Hash Cond": "(ci.movie_id = t.id)",
                        "Plans": [
                          {
                            "Node Type": "Bitmap Heap Scan",
                            "Parent Relationship": "Outer",
                            "Parallel Aware": true,
                            "Relation Name": "cast_info",
                            "Alias": "ci",
                            "Startup Cost": 77690.81,
                            "Total Cost": 361459.47,
                            "Plan Rows": 1804325,
                            "Plan Width": 4,
                            "Actual Startup Time": 133.454,
                            "Actual Total Time": 380.214,
                            "Actual Rows": 1744053,
                            "Actual Loops": 2,
                            "Recheck Cond": "(person_id < 348830)",
                            "Rows Removed by Index Recheck": 0,
                            "Filter": "(role_id < 10)",
                            "Rows Removed by Filter": 77768,
                            "Exact Heap Blocks": 20124,
                            "Lossy Heap Blocks": 0,
                            "Plans": [
                              {
                                "Node Type": "Bitmap Index Scan",
                                "Parent Relationship": "Outer",
                                "Parallel Aware": false,
                                "Index Name": "person_id_cast_info",
                                "Startup Cost": 0.0,
                                "Total Cost": 76923.98,
                                "Plan Rows": 3522588,
                                "Plan Width": 0,
                                "Actual Startup Time": 127.262,
                                "Actual Total Time": 127.262,
                                "Actual Rows": 3643643,
                                "Actual Loops": 1,
                                "Index Cond": "(person_id < 348830)"
                              }
                            ]
                          },
                          {
                            "Node Type": "Hash",
                            "Parent Relationship": "Inner",
                            "Parallel Aware": true,
                            "Startup Cost": 52863.55,
                            "Total Cost": 52863.55,
                            "Plan Rows": 390151,
                            "Plan Width": 4,
                            "Actual Startup Time": 163.85,
                            "Actual Total Time": 163.851,
                            "Actual Rows": 331412,
                            "Actual Loops": 2,
                            "Hash Buckets": 1048576,
                            "Original Hash Buckets": 1048576,
                            "Hash Batches": 1,
                            "Original Hash Batches": 1,
                            "Peak Memory Usage": 34176,
                            "Plans": [
                              {
                                "Node Type": "Bitmap Heap Scan",
                                "Parent Relationship": "Outer",
                                "Parallel Aware": true,
                                "Relation Name": "title",
                                "Alias": "t",
                                "Startup Cost": 11988.66,
                                "Total Cost": 52863.55,
                                "Plan Rows": 390151,
                                "Plan Width": 4,
                                "Actual Startup Time": 25.178,
                                "Actual Total Time": 85.492,
                                "Actual Rows": 331412,
                                "Actual Loops": 2,
                                "Recheck Cond": "(kind_id = 1)",
                                "Rows Removed by Index Recheck": 0,
                                "Exact Heap Blocks": 7834,
                                "Lossy Heap Blocks": 0,
                                "Plans": [
                                  {
                                    "Node Type": "Bitmap Index Scan",
                                    "Parent Relationship": "Outer",
                                    "Parallel Aware": false,
                                    "Index Name": "kind_id_title",
                                    "Startup Cost": 0.0,
                                    "Total Cost": 11822.85,
                                    "Plan Rows": 663256,
                                    "Plan Width": 0,
                                    "Actual Startup Time": 23.296,
                                    "Actual Total Time": 23.296,
                                    "Actual Rows": 662825,
                                    "Actual Loops": 1,
                                    "Index Cond": "(kind_id = 1)"
                                  }
                                ]
                              }
                            ]
                          }
                        ]
                      }
                    ]
                  }
                ]
              }
            ]
          }
        ]
      }
    ]
  },
  "Planning Time": 0.984,
  "Triggers": [],
  "Execution Time": 5242.683
}