[
  {
    "Plan": {
      "Node Type": "Aggregate",
      "Strategy": "Plain",
      "Partial Mode": "Finalize",
      "Parallel Aware": false,
      "Startup Cost": 108810.72,
      "Total Cost": 108810.73,
      "Plan Rows": 1,
      "Plan Width": 8,
      "Actual Startup Time": 859.271,
      "Actual Total Time": 878.676,
      "Actual Rows": 1,
      "Actual Loops": 1,
      "Plans": [
        {
          "Node Type": "Gather",
          "Parent Relationship": "Outer",
          "Parallel Aware": false,
          "Startup Cost": 108810.51,
          "Total Cost": 108810.72,
          "Plan Rows": 2,
          "Plan Width": 8,
          "Actual Startup Time": 849.694,
          "Actual Total Time": 878.665,
          "Actual Rows": 3,
          "Actual Loops": 1,
          "Workers Planned": 2,
          "Workers Launched": 2,
          "Single Copy": false,
          "Plans": [
            {
              "Node Type": "Aggregate",
              "Strategy": "Plain",
              "Partial Mode": "Partial",
              "Parent Relationship": "Outer",
              "Parallel Aware": false,
              "Startup Cost": 107810.51,
              "Total Cost": 107810.52,
              "Plan Rows": 1,
              "Plan Width": 8,
              "Actual Startup Time": 842.391,
              "Actual Total Time": 842.545,
              "Actual Rows": 1,
              "Actual Loops": 3,
              "Plans": [
                {
                  "Node Type": "Hash Join",
                  "Parent Relationship": "Outer",
                  "Parallel Aware": true,
                  "Join Type": "Inner",
                  "Startup Cost": 91252.4,
                  "Total Cost": 107497.6,
                  "Plan Rows": 125161,
                  "Plan Width": 0,
                  "Actual Startup Time": 697.81,
                  "Actual Total Time": 826.403,
                  "Actual Rows": 378246,
                  "Actual Loops": 3,
                  "Inner Unique": false,
                  "Hash Cond": "(mi_idx.movie_id = t.id)",
                  "Plans": [
                    {
                      "Node Type": "Seq Scan",
                      "Parent Relationship": "Outer",
                      "Parallel Aware": true,
                      "Relation Name": "movie_info_idx",
                      "Alias": "mi_idx",
                      "Startup Cost": 0.0,
                      "Total Cost": 13685.15,
                      "Plan Rows": 575015,
                      "Plan Width": 4,
                      "Actual Startup Time": 0.017,
                      "Actual Total Time": 39.44,
                      "Actual Rows": 460012,
                      "Actual Loops": 3
                    },
                    {
                      "Node Type": "Hash",
                      "Parent Relationship": "Inner",
                      "Parallel Aware": true,
                      "Startup Cost": 89033.24,
                      "Total Cost": 89033.24,
                      "Plan Rows": 177533,
                      "Plan Width": 8,
                      "Actual Startup Time": 693.18,
                      "Actual Total Time": 693.332,
                      "Actual Rows": 185242,
                      "Actual Loops": 3,
                      "Hash Buckets": 1048576,
                      "Original Hash Buckets": 1048576,
                      "Hash Batches": 1,
                      "Original Hash Batches": 1,
                      "Peak Memory Usage": 29984,
                      "Plans": [
                        {
                          "Node Type": "Hash Join",
                          "Parent Relationship": "Outer",
                          "Parallel Aware": true,
                          "Join Type": "Inner",
                          "Startup Cost": 61894.05,
                          "Total Cost": 89033.24,
                          "Plan Rows": 177533,
                          "Plan Width": 8,
                          "Actual Startup Time": 506.801,
                          "Actual Total Time": 641.717,
                          "Actual Rows": 185242,
                          "Actual Loops": 3,
                          "Inner Unique": true,
                          "Hash Cond": "(mk.movie_id = t.id)",
                          "Plans": [
                            {
                              "Node Type": "Bitmap Heap Scan",
                              "Parent Relationship": "Outer",
                              "Parallel Aware": true,
                              "Relation Name": "movie_keyword",
                              "Alias": "mk",
                              "Startup Cost": 11673.67,
                              "Total Cost": 38346.83,
                              "Plan Rows": 177533,
                              "Plan Width": 4,
                              "Actual Startup Time": 31.233,
                              "Actual Total Time": 94.95,
                              "Actual Rows": 185242,
                              "Actual Loops": 3,
                              "Recheck Cond": "(keyword_id < 398)",
                              "Rows Removed by Index Recheck": 0,
                              "Exact Heap Blocks": 8375,
                              "Lossy Heap Blocks": 0,
                              "Plans": [
                                {
                                  "Node Type": "Bitmap Index Scan",
                                  "Parent Relationship": "Outer",
                                  "Parallel Aware": false,
                                  "Index Name": "keyword_id_movie_keyword",
                                  "Startup Cost": 0.0,
                                  "Total Cost": 11536.08,
                                  "Plan Rows": 550353,
                                  "Plan Width": 0,
                                  "Actual Startup Time": 27.657,
                                  "Actual Total Time": 27.657,
                                  "Actual Rows": 555726,
                                  "Actual Loops": 1,
                                  "Index Cond": "(keyword_id < 398)"
                                }
                              ]
                            },
                            {
                              "Node Type": "Hash",
                              "Parent Relationship": "Inner",
                              "Parallel Aware": true,
                              "Startup Cost": 42319.06,
                              "Total Cost": 42319.06,
                              "Plan Rows": 632106,
                              "Plan Width": 4,
                              "Actual Startup Time": 463.475,
                              "Actual Total Time": 463.476,
                              "Actual Rows": 842771,
                              "Actual Loops": 3,
                              "Hash Buckets": 4194304,
                              "Original Hash Buckets": 4194304,
                              "Hash Batches": 1,
                              "Original Hash Batches": 1,
                              "Peak Memory Usage": 131744,
                              "Plans": [
                                {
                                  "Node Type": "Seq Scan",
                                  "Parent Relationship": "Outer",
                                  "Parallel Aware": true,
                                  "Relation Name": "title",
                                  "Alias": "t",
                                  "Startup Cost": 0.0,
                                  "Total Cost": 42319.06,
                                  "Plan Rows": 632106,
                                  "Plan Width": 4,
                                  "Actual Startup Time": 0.055,
                                  "Actual Total Time": 132.506,
                                  "Actual Rows": 842771,
                                  "Actual Loops": 3
                                }
                              ]
                            }
                          ]
                        }
                      ]
                    }
                  ]
                }
              ]
            }
          ]
        }
      ]
    },
    "Planning Time": 0.436,
    "Triggers": [],
    "Execution Time": 878.733
  }
]