[
  {
    "Plan": {
      "Node Type": "Aggregate",
      "Strategy": "Plain",
      "Partial Mode": "Finalize",
      "Parallel Aware": false,
      "Startup Cost": 412533.18,
      "Total Cost": 412533.19,
      "Plan Rows": 1,
      "Plan Width": 8,
      "Actual Startup Time": 1550.501,
      "Actual Total Time": 1580.343,
      "Actual Rows": 1,
      "Actual Loops": 1,
      "Plans": [
        {
          "Node Type": "Gather",
          "Parent Relationship": "Outer",
          "Parallel Aware": false,
          "Startup Cost": 412532.55,
          "Total Cost": 412533.16,
          "Plan Rows": 6,
          "Plan Width": 8,
          "Actual Startup Time": 1541.213,
          "Actual Total Time": 1580.325,
          "Actual Rows": 7,
          "Actual Loops": 1,
          "Workers Planned": 6,
          "Workers Launched": 6,
          "Single Copy": false,
          "Plans": [
            {
              "Node Type": "Aggregate",
              "Strategy": "Plain",
              "Partial Mode": "Partial",
              "Parent Relationship": "Outer",
              "Parallel Aware": false,
              "Startup Cost": 411532.55,
              "Total Cost": 411532.56,
              "Plan Rows": 1,
              "Plan Width": 8,
              "Actual Startup Time": 1532.056,
              "Actual Total Time": 1532.28,
              "Actual Rows": 1,
              "Actual Loops": 7,
              "Plans": [
                {
                  "Node Type": "Hash Join",
                  "Parent Relationship": "Outer",
                  "Parallel Aware": true,
                  "Join Type": "Inner",
                  "Startup Cost": 68448.64,
                  "Total Cost": 409101.41,
                  "Plan Rows": 972455,
                  "Plan Width": 0,
                  "Actual Startup Time": 583.169,
                  "Actual Total Time": 1453.038,
                  "Actual Rows": 1849380,
                  "Actual Loops": 7,
                  "Inner Unique": false,
                  "Hash Cond": "(ci.movie_id = t.id)",
                  "Plans": [
                    {
                      "Node Type": "Seq Scan",
                      "Parent Relationship": "Outer",
                      "Parallel Aware": true,
                      "Relation Name": "cast_info",
                      "Alias": "ci",
                      "Startup Cost": 0.0,
                      "Total Cost": 328213.62,
                      "Plan Rows": 2668808,
                      "Plan Width": 4,
                      "Actual Startup Time": 296.343,
                      "Actual Total Time": 592.752,
                      "Actual Rows": 2303098,
                      "Actual Loops": 7,
                      "Filter": "(role_id > 2)",
                      "Rows Removed by Filter": 2874666
                    },
                    {
                      "Node Type": "Hash",
                      "Parent Relationship": "Inner",
                      "Parallel Aware": true,
                      "Startup Cost": 65569.69,
                      "Total Cost": 65569.69,
                      "Plan Rows": 230316,
                      "Plan Width": 8,
                      "Actual Startup Time": 283.94,
                      "Actual Total Time": 284.162,
                      "Actual Rows": 131407,
                      "Actual Loops": 7,
                      "Hash Buckets": 1048576,
                      "Original Hash Buckets": 1048576,
                      "Hash Batches": 1,
                      "Original Hash Batches": 1,
                      "Peak Memory Usage": 44320,
                      "Plans": [
                        {
                          "Node Type": "Hash Join",
                          "Parent Relationship": "Outer",
                          "Parallel Aware": true,
                          "Join Type": "Inner",
                          "Startup Cost": 19920.93,
                          "Total Cost": 65569.69,
                          "Plan Rows": 230316,
                          "Plan Width": 8,
                          "Actual Startup Time": 91.851,
                          "Actual Total Time": 243.718,
                          "Actual Rows": 131407,
                          "Actual Loops": 7,
                          "Inner Unique": false,
                          "Hash Cond": "(t.id = mi_idx.movie_id)",
                          "Plans": [
                            {
                              "Node Type": "Seq Scan",
                              "Parent Relationship": "Outer",
                              "Parallel Aware": true,
                              "Relation Name": "title",
                              "Alias": "t",
                              "Startup Cost": 0.0,
                              "Total Cost": 42318.81,
                              "Plan Rows": 632080,
                              "Plan Width": 4,
                              "Actual Startup Time": 0.012,
                              "Actual Total Time": 48.518,
                              "Actual Rows": 361187,
                              "Actual Loops": 7
                            },
                            {
                              "Node Type": "Hash",
                              "Parent Relationship": "Inner",
                              "Parallel Aware": true,
                              "Startup Cost": 15122.68,
                              "Total Cost": 15122.68,
                              "Plan Rows": 383860,
                              "Plan Width": 4,
                              "Actual Startup Time": 90.445,
                              "Actual Total Time": 90.446,
                              "Actual Rows": 131407,
                              "Actual Loops": 7,
                              "Hash Buckets": 1048576,
                              "Original Hash Buckets": 1048576,
                              "Hash Batches": 1,
                              "Original Hash Batches": 1,
                              "Peak Memory Usage": 44288,
                              "Plans": [
                                {
                                  "Node Type": "Seq Scan",
                                  "Parent Relationship": "Outer",
                                  "Parallel Aware": true,
                                  "Relation Name": "movie_info_idx",
                                  "Alias": "mi_idx",
                                  "Startup Cost": 0.0,
                                  "Total Cost": 15122.68,
                                  "Plan Rows": 383860,
                                  "Plan Width": 4,
                                  "Actual Startup Time": 0.059,
                                  "Actual Total Time": 36.219,
                                  "Actual Rows": 131407,
                                  "Actual Loops": 7,
                                  "Filter": "(info_type_id < 101)",
                                  "Rows Removed by Filter": 65741
                                }
                              ]
                            }
                          ]
                        }
                      ]
                    }
                  ]
                }
              ]
            }
          ]
        }
      ]
    },
    "Planning Time": 0.749,
    "Triggers": [],
    "Execution Time": 1580.403
  }
]