{
  "Plan": {
    "Node Type": "Aggregate",
    "Strategy": "Plain",
    "Partial Mode": "Finalize",
    "Parallel Aware": false,
    "Startup Cost": 304464.82,
    "Total Cost": 304464.83,
    "Plan Rows": 1,
    "Plan Width": 8,
    "Actual Startup Time": 1881.589,
    "Actual Total Time": 1913.912,
    "Actual Rows": 1,
    "Actual Loops": 1,
    "Plans": [
      {
        "Node Type": "Gather",
        "Parent Relationship": "Outer",
        "Parallel Aware": false,
        "Startup Cost": 304464.7,
        "Total Cost": 304464.81,
        "Plan Rows": 1,
        "Plan Width": 8,
        "Actual Startup Time": 1870.318,
        "Actual Total Time": 1913.903,
        "Actual Rows": 2,
        "Actual Loops": 1,
        "Workers Planned": 1,
        "Workers Launched": 1,
        "Single Copy": false,
        "Plans": [
          {
            "Node Type": "Aggregate",
            "Strategy": "Plain",
            "Partial Mode": "Partial",
            "Parent Relationship": "Outer",
            "Parallel Aware": false,
            "Startup Cost": 303464.7,
            "Total Cost": 303464.71,
            "Plan Rows": 1,
            "Plan Width": 8,
            "Actual Startup Time": 1865.358,
            "Actual Total Time": 1867.692,
            "Actual Rows": 1,
            "Actual Loops": 2,
            "Plans": [
              {
                "Node Type": "Hash Join",
                "Parent Relationship": "Outer",
                "Parallel Aware": true,
                "Join Type": "Inner",
                "Startup Cost": 130710.66,
                "Total Cost": 303356.14,
                "Plan Rows": 43425,
                "Plan Width": 0,
                "Actual Startup Time": 1220.243,
                "Actual Total Time": 1639.103,
                "Actual Rows": 4806866,
                "Actual Loops": 2,
                "Inner Unique": false,
                "Hash Cond": "(mi.movie_id = t.id)",
                "Plans": [
                  {
                    "Node Type": "Bitmap Heap Scan",
                    "Parent Relationship": "Outer",
                    "Parallel Aware": true,
                    "Relation Name": "movie_info",
                    "Alias": "mi",
                    "Startup Cost": 3607.36,
                    "Total Cost": 175558.24,
                    "Plan Rows": 117110,
                    "Plan Width": 4,
                    "Actual Startup Time": 10.462,
                    "Actual Total Time": 28.828,
                    "Actual Rows": 90056,
                    "Actual Loops": 2,
                    "Recheck Cond": "(info_type_id = 13)",
                    "Rows Removed by Index Recheck": 0,
                    "Exact Heap Blocks": 3692,
                    "Lossy Heap Blocks": 0,
                    "Plans": [
                      {
                        "Node Type": "Bitmap Index Scan",
                        "Parent Relationship": "Outer",
                        "Parallel Aware": false,
                        "Index Name": "info_type_id_movie_info",
                        "Startup Cost": 0.0,
                        "Total Cost": 3557.59,
                        "Plan Rows": 199087,
                        "Plan Width": 0,
                        "Actual Startup Time": 9.697,
                        "Actual Total Time": 9.698,
                        "Actual Rows": 180112,
                        "Actual Loops": 1,
                        "Index Cond": "(info_type_id = 13)"
                      }
                    ]
                  },
                  {
                    "Node Type": "Hash",
                    "Parent Relationship": "Inner",
                    "Parallel Aware": true,
                    "Startup Cost": 120209.86,
                    "Total Cost": 120209.86,
                    "Plan Rows": 551475,
                    "Plan Width": 8,
                    "Actual Startup Time": 1200.8,
                    "Actual Total Time": 1203.131,
                    "Actual Rows": 1372690,
                    "Actual Loops": 2,
                    "Hash Buckets": 4194304,
                    "Original Hash Buckets": 1048576,
                    "Hash Batches": 1,
                    "Original Hash Batches": 1,
                    "Peak Memory Usage": 164768,
                    "Plans": [
                      {
                        "Node Type": "Hash Join",
                        "Parent Relationship": "Outer",
                        "Parallel Aware": true,
                        "Join Type": "Inner",
                        "Startup Cost": 62159.02,
                        "Total Cost": 120209.86,
                        "Plan Rows": 551475,
                        "Plan Width": 8,
                        "Actual Startup Time": 272.416,
                        "Actual Total Time": 852.909,
                        "Actual Rows": 1372690,
                        "Actual Loops": 2,
                        "Inner Unique": true,
                        "Hash Cond": "(mk.movie_id = t.id)",
                        "Plans": [
                          {
                            "Node Type": "Seq Scan",
                            "Parent Relationship": "Outer",
                            "Parallel Aware": true,
                            "Relation Name": "movie_keyword",
                            "Alias": "mk",
                            "Startup Cost": 0.0,
                            "Total Cost": 51065.35,
                            "Plan Rows": 2661135,
                            "Plan Width": 4,
                            "Actual Startup Time": 0.016,
                            "Actual Total Time": 189.26,
                            "Actual Rows": 2261965,
                            "Actual Loops": 2
                          },
                          {
                            "Node Type": "Hash",
                            "Parent Relationship": "Inner",
                            "Parallel Aware": true,
                            "Startup Cost": 58306.47,
                            "Total Cost": 58306.47,
                            "Plan Rows": 308204,
                            "Plan Width": 4,
                            "Actual Startup Time": 269.407,
                            "Actual Total Time": 269.408,
                            "Actual Rows": 304766,
                            "Actual Loops": 2,
                            "Hash Buckets": 1048576,
                            "Original Hash Buckets": 524288,
                            "Hash Batches": 1,
                            "Original Hash Batches": 1,
                            "Peak Memory Usage": 36160,
                            "Plans": [
                              {
                                "Node Type": "Seq Scan",
                                "Parent Relationship": "Outer",
                                "Parallel Aware": true,
                                "Relation Name": "title",
                                "Alias": "t",
                                "Startup Cost": 0.0,
                                "Total Cost": 58306.47,
                                "Plan Rows": 308204,
                                "Plan Width": 4,
                                "Actual Startup Time": 0.039,
                                "Actual Total Time": 174.893,
                                "Actual Rows": 304766,
                                "Actual Loops": 2,
                                "Filter": "((kind_id < 7) AND (production_year < 2005))",
                                "Rows Removed by Filter": 959390
                              }
                            ]
                          }
                        ]
                      }
                    ]
                  }
                ]
              }
            ]
          }
        ]
      }
    ]
  },
  "Planning Time": 0.935,
  "Triggers": [],
  "Execution Time": 1914.011
}