{
  "Plan": {
    "Node Type": "Aggregate",
    "Strategy": "Plain",
    "Partial Mode": "Finalize",
    "Parallel Aware": false,
    "Startup Cost": 667294.55,
    "Total Cost": 667294.56,
    "Plan Rows": 1,
    "Plan Width": 8,
    "Actual Startup Time": 8032.884,
    "Actual Total Time": 8099.72,
    "Actual Rows": 1,
    "Actual Loops": 1,
    "Plans": [
      {
        "Node Type": "Gather",
        "Parent Relationship": "Outer",
        "Parallel Aware": false,
        "Startup Cost": 667294.44,
        "Total Cost": 667294.55,
        "Plan Rows": 1,
        "Plan Width": 8,
        "Actual Startup Time": 8028.46,
        "Actual Total Time": 8099.712,
        "Actual Rows": 2,
        "Actual Loops": 1,
        "Workers Planned": 1,
        "Workers Launched": 1,
        "Single Copy": false,
        "Plans": [
          {
            "Node Type": "Aggregate",
            "Strategy": "Plain",
            "Partial Mode": "Partial",
            "Parent Relationship": "Outer",
            "Parallel Aware": false,
            "Startup Cost": 666294.44,
            "Total Cost": 666294.45,
            "Plan Rows": 1,
            "Plan Width": 8,
            "Actual Startup Time": 8018.003,
            "Actual Total Time": 8018.007,
            "Actual Rows": 1,
            "Actual Loops": 2,
            "Plans": [
              {
                "Node Type": "Hash Join",
                "Parent Relationship": "Outer",
                "Parallel Aware": true,
                "Join Type": "Inner",
                "Startup Cost": 69460.7,
                "Total Cost": 628360.67,
                "Plan Rows": 15173509,
                "Plan Width": 0,
                "Actual Startup Time": 871.637,
                "Actual Total Time": 7475.278,
                "Actual Rows": 12883532,
                "Actual Loops": 2,
                "Inner Unique": true,
                "Hash Cond": "(ci.movie_id = t.id)",
                "Plans": [
                  {
                    "Node Type": "Seq Scan",
                    "Parent Relationship": "Outer",
                    "Parallel Aware": true,
                    "Relation Name": "cast_info",
                    "Alias": "ci",
                    "Startup Cost": 0.0,
                    "Total Cost": 519069.44,
                    "Plan Rows": 15173509,
                    "Plan Width": 4,
                    "Actual Startup Time": 281.258,
                    "Actual Total Time": 1656.756,
                    "Actual Rows": 12883532,
                    "Actual Loops": 2,
                    "Filter": "(person_id > 1029114)",
                    "Rows Removed by Filter": 5238640
                  },
                  {
                    "Node Type": "Hash",
                    "Parent Relationship": "Inner",
                    "Parallel Aware": true,
                    "Startup Cost": 50870.31,
                    "Total Cost": 50870.31,
                    "Plan Rows": 1487231,
                    "Plan Width": 4,
                    "Actual Startup Time": 570.725,
                    "Actual Total Time": 570.726,
                    "Actual Rows": 1264156,
                    "Actual Loops": 2,
                    "Hash Buckets": 4194304,
                    "Original Hash Buckets": 4194304,
                    "Hash Batches": 1,
                    "Original Hash Batches": 1,
                    "Peak Memory Usage": 131712,
                    "Plans": [
                      {
                        "Node Type": "Seq Scan",
                        "Parent Relationship": "Outer",
                        "Parallel Aware": true,
                        "Relation Name": "title",
                        "Alias": "t",
                        "Startup Cost": 0.0,
                        "Total Cost": 50870.31,
                        "Plan Rows": 1487231,
                        "Plan Width": 4,
                        "Actual Startup Time": 0.023,
                        "Actual Total Time": 179.091,
                        "Actual Rows": 1264156,
                        "Actual Loops": 2
                      }
                    ]
                  }
                ]
              }
            ]
          }
        ]
      }
    ]
  },
  "Planning Time": 0.376,
  "Triggers": [],
  "Execution Time": 8099.78
}