[
  {
    "Plan": {
      "Node Type": "Aggregate",
      "Strategy": "Plain",
      "Partial Mode": "Finalize",
      "Parallel Aware": false,
      "Startup Cost": 333679.02,
      "Total Cost": 333679.03,
      "Plan Rows": 1,
      "Plan Width": 8,
      "Actual Startup Time": 827.069,
      "Actual Total Time": 904.726,
      "Actual Rows": 1,
      "Actual Loops": 1,
      "Plans": [
        {
          "Node Type": "Gather",
          "Parent Relationship": "Outer",
          "Parallel Aware": false,
          "Startup Cost": 333678.39,
          "Total Cost": 333679.0,
          "Plan Rows": 6,
          "Plan Width": 8,
          "Actual Startup Time": 826.796,
          "Actual Total Time": 904.707,
          "Actual Rows": 7,
          "Actual Loops": 1,
          "Workers Planned": 6,
          "Workers Launched": 6,
          "Single Copy": false,
          "Plans": [
            {
              "Node Type": "Aggregate",
              "Strategy": "Plain",
              "Partial Mode": "Partial",
              "Parent Relationship": "Outer",
              "Parallel Aware": false,
              "Startup Cost": 332678.39,
              "Total Cost": 332678.4,
              "Plan Rows": 1,
              "Plan Width": 8,
              "Actual Startup Time": 818.135,
              "Actual Total Time": 818.136,
              "Actual Rows": 1,
              "Actual Loops": 7,
              "Plans": [
                {
                  "Node Type": "Seq Scan",
                  "Parent Relationship": "Outer",
                  "Parallel Aware": true,
                  "Relation Name": "cast_info",
                  "Alias": "ci",
                  "Startup Cost": 0.0,
                  "Total Cost": 328211.39,
                  "Plan Rows": 1786801,
                  "Plan Width": 0,
                  "Actual Startup Time": 0.055,
                  "Actual Total Time": 729.746,
                  "Actual Rows": 1537080,
                  "Actual Loops": 7,
                  "Filter": "(person_id < 1055959)",
                  "Rows Removed by Filter": 3640684
                }
              ]
            }
          ]
        }
      ]
    },
    "Planning Time": 0.234,
    "Triggers": [],
    "Execution Time": 904.805
  }
]