[
  {
    "Plan": {
      "Node Type": "Aggregate",
      "Strategy": "Plain",
      "Partial Mode": "Finalize",
      "Parallel Aware": false,
      "Startup Cost": 333633.04,
      "Total Cost": 333633.05,
      "Plan Rows": 1,
      "Plan Width": 8,
      "Actual Startup Time": 690.529,
      "Actual Total Time": 743.207,
      "Actual Rows": 1,
      "Actual Loops": 1,
      "Plans": [
        {
          "Node Type": "Gather",
          "Parent Relationship": "Outer",
          "Parallel Aware": false,
          "Startup Cost": 333632.41,
          "Total Cost": 333633.02,
          "Plan Rows": 6,
          "Plan Width": 8,
          "Actual Startup Time": 690.413,
          "Actual Total Time": 743.195,
          "Actual Rows": 7,
          "Actual Loops": 1,
          "Workers Planned": 6,
          "Workers Launched": 6,
          "Single Copy": false,
          "Plans": [
            {
              "Node Type": "Aggregate",
              "Strategy": "Plain",
              "Partial Mode": "Partial",
              "Parent Relationship": "Outer",
              "Parallel Aware": false,
              "Startup Cost": 332632.41,
              "Total Cost": 332632.42,
              "Plan Rows": 1,
              "Plan Width": 8,
              "Actual Startup Time": 681.108,
              "Actual Total Time": 681.109,
              "Actual Rows": 1,
              "Actual Loops": 7,
              "Plans": [
                {
                  "Node Type": "Seq Scan",
                  "Parent Relationship": "Outer",
                  "Parallel Aware": true,
                  "Relation Name": "cast_info",
                  "Alias": "ci",
                  "Startup Cost": 0.0,
                  "Total Cost": 328162.03,
                  "Plan Rows": 1788154,
                  "Plan Width": 0,
                  "Actual Startup Time": 0.048,
                  "Actual Total Time": 600.999,
                  "Actual Rows": 1537080,
                  "Actual Loops": 7,
                  "Filter": "(person_id < 1055959)",
                  "Rows Removed by Filter": 3640684
                }
              ]
            }
          ]
        }
      ]
    },
    "Planning Time": 0.166,
    "Triggers": [],
    "Execution Time": 743.269
  }
]