[
  {
    "Plan": {
      "Node Type": "Aggregate",
      "Strategy": "Plain",
      "Partial Mode": "Finalize",
      "Parallel Aware": false,
      "Startup Cost": 33714.35,
      "Total Cost": 33714.36,
      "Plan Rows": 1,
      "Plan Width": 8,
      "Actual Startup Time": 105.299,
      "Actual Total Time": 113.022,
      "Actual Rows": 1,
      "Actual Loops": 1,
      "Plans": [
        {
          "Node Type": "Gather",
          "Parent Relationship": "Outer",
          "Parallel Aware": false,
          "Startup Cost": 33714.03,
          "Total Cost": 33714.34,
          "Plan Rows": 3,
          "Plan Width": 8,
          "Actual Startup Time": 105.013,
          "Actual Total Time": 113.015,
          "Actual Rows": 4,
          "Actual Loops": 1,
          "Workers Planned": 3,
          "Workers Launched": 3,
          "Single Copy": false,
          "Plans": [
            {
              "Node Type": "Aggregate",
              "Strategy": "Plain",
              "Partial Mode": "Partial",
              "Parent Relationship": "Outer",
              "Parallel Aware": false,
              "Startup Cost": 32714.03,
              "Total Cost": 32714.04,
              "Plan Rows": 1,
              "Plan Width": 8,
              "Actual Startup Time": 98.476,
              "Actual Total Time": 98.477,
              "Actual Rows": 1,
              "Actual Loops": 4,
              "Plans": [
                {
                  "Node Type": "Bitmap Heap Scan",
                  "Parent Relationship": "Outer",
                  "Parallel Aware": true,
                  "Relation Name": "movie_keyword",
                  "Alias": "mk",
                  "Startup Cost": 6725.79,
                  "Total Cost": 32458.33,
                  "Plan Rows": 102283,
                  "Plan Width": 0,
                  "Actual Startup Time": 31.805,
                  "Actual Total Time": 93.838,
                  "Actual Rows": 77887,
                  "Actual Loops": 4,
                  "Recheck Cond": "(keyword_id > 52391)",
                  "Rows Removed by Index Recheck": 0,
                  "Exact Heap Blocks": 10624,
                  "Lossy Heap Blocks": 0,
                  "Plans": [
                    {
                      "Node Type": "Bitmap Index Scan",
                      "Parent Relationship": "Outer",
                      "Parallel Aware": false,
                      "Index Name": "keyword_id_movie_keyword",
                      "Startup Cost": 0.0,
                      "Total Cost": 6646.52,
                      "Plan Rows": 317078,
                      "Plan Width": 0,
                      "Actual Startup Time": 34.49,
                      "Actual Total Time": 34.49,
                      "Actual Rows": 311548,
                      "Actual Loops": 1,
                      "Index Cond": "(keyword_id > 52391)"
                    }
                  ]
                }
              ]
            }
          ]
        }
      ]
    },
    "Planning Time": 0.192,
    "Triggers": [],
    "Execution Time": 113.097
  }
]