[
  {
    "Plan": {
      "Node Type": "Aggregate",
      "Strategy": "Plain",
      "Partial Mode": "Finalize",
      "Parallel Aware": false,
      "Startup Cost": 127230.09,
      "Total Cost": 127230.1,
      "Plan Rows": 1,
      "Plan Width": 8,
      "Actual Startup Time": 1274.96,
      "Actual Total Time": 1299.168,
      "Actual Rows": 1,
      "Actual Loops": 1,
      "Plans": [
        {
          "Node Type": "Gather",
          "Parent Relationship": "Outer",
          "Parallel Aware": false,
          "Startup Cost": 127229.78,
          "Total Cost": 127230.09,
          "Plan Rows": 3,
          "Plan Width": 8,
          "Actual Startup Time": 1252.677,
          "Actual Total Time": 1299.151,
          "Actual Rows": 4,
          "Actual Loops": 1,
          "Workers Planned": 3,
          "Workers Launched": 3,
          "Single Copy": false,
          "Plans": [
            {
              "Node Type": "Aggregate",
              "Strategy": "Plain",
              "Partial Mode": "Partial",
              "Parent Relationship": "Outer",
              "Parallel Aware": false,
              "Startup Cost": 126229.78,
              "Total Cost": 126229.79,
              "Plan Rows": 1,
              "Plan Width": 8,
              "Actual Startup Time": 1226.897,
              "Actual Total Time": 1226.904,
              "Actual Rows": 1,
              "Actual Loops": 4,
              "Plans": [
                {
                  "Node Type": "Hash Join",
                  "Parent Relationship": "Outer",
                  "Parallel Aware": true,
                  "Join Type": "Inner",
                  "Startup Cost": 80471.35,
                  "Total Cost": 125688.98,
                  "Plan Rows": 216320,
                  "Plan Width": 0,
                  "Actual Startup Time": 948.594,
                  "Actual Total Time": 1191.925,
                  "Actual Rows": 747859,
                  "Actual Loops": 4,
                  "Inner Unique": false,
                  "Hash Cond": "(mk.movie_id = t.id)",
                  "Plans": [
                    {
                      "Node Type": "Seq Scan",
                      "Parent Relationship": "Outer",
                      "Parallel Aware": true,
                      "Relation Name": "movie_keyword",
                      "Alias": "mk",
                      "Startup Cost": 0.0,
                      "Total Cost": 39047.32,
                      "Plan Rows": 1459332,
                      "Plan Width": 4,
                      "Actual Startup Time": 0.058,
                      "Actual Total Time": 96.53,
                      "Actual Rows": 1130982,
                      "Actual Loops": 4
                    },
                    {
                      "Node Type": "Hash",
                      "Parent Relationship": "Inner",
                      "Parallel Aware": true,
                      "Startup Cost": 78960.09,
                      "Total Cost": 78960.09,
                      "Plan Rows": 120901,
                      "Plan Width": 8,
                      "Actual Startup Time": 920.002,
                      "Actual Total Time": 920.007,
                      "Actual Rows": 93412,
                      "Actual Loops": 4,
                      "Hash Buckets": 524288,
                      "Original Hash Buckets": 524288,
                      "Hash Batches": 1,
                      "Original Hash Batches": 1,
                      "Peak Memory Usage": 18784,
                      "Plans": [
                        {
                          "Node Type": "Hash Join",
                          "Parent Relationship": "Outer",
                          "Parallel Aware": true,
                          "Join Type": "Inner",
                          "Startup Cost": 58341.46,
                          "Total Cost": 78960.09,
                          "Plan Rows": 120901,
                          "Plan Width": 8,
                          "Actual Startup Time": 780.839,
                          "Actual Total Time": 859.496,
                          "Actual Rows": 93412,
                          "Actual Loops": 4,
                          "Inner Unique": true,
                          "Hash Cond": "(mc.movie_id = t.id)",
                          "Plans": [
                            {
                              "Node Type": "Bitmap Heap Scan",
                              "Parent Relationship": "Outer",
                              "Parallel Aware": true,
                              "Relation Name": "movie_companies",
                              "Alias": "mc",
                              "Startup Cost": 8121.08,
                              "Total Cost": 28422.34,
                              "Plan Rows": 120901,
                              "Plan Width": 4,
                              "Actual Startup Time": 192.106,
                              "Actual Total Time": 216.744,
                              "Actual Rows": 93412,
                              "Actual Loops": 4,
                              "Recheck Cond": "(company_id > 85116)",
                              "Rows Removed by Index Recheck": 0,
                              "Exact Heap Blocks": 1294,
                              "Lossy Heap Blocks": 0,
                              "Plans": [
                                {
                                  "Node Type": "Bitmap Index Scan",
                                  "Parent Relationship": "Outer",
                                  "Parallel Aware": false,
                                  "Index Name": "company_id_movie_companies",
                                  "Startup Cost": 0.0,
                                  "Total Cost": 8027.38,
                                  "Plan Rows": 374793,
                                  "Plan Width": 0,
                                  "Actual Startup Time": 191.095,
                                  "Actual Total Time": 191.096,
                                  "Actual Rows": 373646,
                                  "Actual Loops": 1,
                                  "Index Cond": "(company_id > 85116)"
                                }
                              ]
                            },
                            {
                              "Node Type": "Hash",
                              "Parent Relationship": "Inner",
                              "Parallel Aware": true,
                              "Startup Cost": 42319.06,
                              "Total Cost": 42319.06,
                              "Plan Rows": 632106,
                              "Plan Width": 4,
                              "Actual Startup Time": 568.178,
                              "Actual Total Time": 568.179,
                              "Actual Rows": 632078,
                              "Actual Loops": 4,
                              "Hash Buckets": 4194304,
                              "Original Hash Buckets": 4194304,
                              "Hash Batches": 1,
                              "Original Hash Batches": 1,
                              "Peak Memory Usage": 131744,
                              "Plans": [
                                {
                                  "Node Type": "Seq Scan",
                                  "Parent Relationship": "Outer",
                                  "Parallel Aware": true,
                                  "Relation Name": "title",
                                  "Alias": "t",
                                  "Startup Cost": 0.0,
                                  "Total Cost": 42319.06,
                                  "Plan Rows": 632106,
                                  "Plan Width": 4,
                                  "Actual Startup Time": 0.056,
                                  "Actual Total Time": 125.367,
                                  "Actual Rows": 632078,
                                  "Actual Loops": 4
                                }
                              ]
                            }
                          ]
                        }
                      ]
                    }
                  ]
                }
              ]
            }
          ]
        }
      ]
    },
    "Planning Time": 1.5,
    "Triggers": [],
    "Execution Time": 1299.334
  }
]