[
  {
    "Plan": {
      "Node Type": "Aggregate",
      "Strategy": "Plain",
      "Partial Mode": "Finalize",
      "Parallel Aware": false,
      "Startup Cost": 123329.05,
      "Total Cost": 123329.06,
      "Plan Rows": 1,
      "Plan Width": 8,
      "Actual Startup Time": 668.797,
      "Actual Total Time": 686.68,
      "Actual Rows": 1,
      "Actual Loops": 1,
      "Plans": [
        {
          "Node Type": "Gather",
          "Parent Relationship": "Outer",
          "Parallel Aware": false,
          "Startup Cost": 123328.74,
          "Total Cost": 123329.05,
          "Plan Rows": 3,
          "Plan Width": 8,
          "Actual Startup Time": 665.744,
          "Actual Total Time": 686.669,
          "Actual Rows": 4,
          "Actual Loops": 1,
          "Workers Planned": 3,
          "Workers Launched": 3,
          "Single Copy": false,
          "Plans": [
            {
              "Node Type": "Aggregate",
              "Strategy": "Plain",
              "Partial Mode": "Partial",
              "Parent Relationship": "Outer",
              "Parallel Aware": false,
              "Startup Cost": 122328.74,
              "Total Cost": 122328.75,
              "Plan Rows": 1,
              "Plan Width": 8,
              "Actual Startup Time": 656.165,
              "Actual Total Time": 656.324,
              "Actual Rows": 1,
              "Actual Loops": 4,
              "Plans": [
                {
                  "Node Type": "Hash Join",
                  "Parent Relationship": "Outer",
                  "Parallel Aware": true,
                  "Join Type": "Inner",
                  "Startup Cost": 76739.88,
                  "Total Cost": 121794.22,
                  "Plan Rows": 213808,
                  "Plan Width": 0,
                  "Actual Startup Time": 387.702,
                  "Actual Total Time": 624.333,
                  "Actual Rows": 747859,
                  "Actual Loops": 4,
                  "Inner Unique": false,
                  "Hash Cond": "(mk.movie_id = t.id)",
                  "Plans": [
                    {
                      "Node Type": "Seq Scan",
                      "Parent Relationship": "Outer",
                      "Parallel Aware": true,
                      "Relation Name": "movie_keyword",
                      "Alias": "mk",
                      "Startup Cost": 0.0,
                      "Total Cost": 39047.32,
                      "Plan Rows": 1459332,
                      "Plan Width": 4,
                      "Actual Startup Time": 0.055,
                      "Actual Total Time": 93.07,
                      "Actual Rows": 1130982,
                      "Actual Loops": 4
                    },
                    {
                      "Node Type": "Hash",
                      "Parent Relationship": "Inner",
                      "Parallel Aware": true,
                      "Startup Cost": 75582.3,
                      "Total Cost": 75582.3,
                      "Plan Rows": 92606,
                      "Plan Width": 8,
                      "Actual Startup Time": 358.838,
                      "Actual Total Time": 358.995,
                      "Actual Rows": 93412,
                      "Actual Loops": 4,
                      "Hash Buckets": 524288,
                      "Original Hash Buckets": 524288,
                      "Hash Batches": 1,
                      "Original Hash Batches": 1,
                      "Peak Memory Usage": 18784,
                      "Plans": [
                        {
                          "Node Type": "Hash Join",
                          "Parent Relationship": "Outer",
                          "Parallel Aware": true,
                          "Join Type": "Inner",
                          "Startup Cost": 29804.48,
                          "Total Cost": 75582.3,
                          "Plan Rows": 92606,
                          "Plan Width": 8,
                          "Actual Startup Time": 130.558,
                          "Actual Total Time": 327.53,
                          "Actual Rows": 93412,
                          "Actual Loops": 4,
                          "Inner Unique": false,
                          "Hash Cond": "(t.id = mc.movie_id)",
                          "Plans": [
                            {
                              "Node Type": "Seq Scan",
                              "Parent Relationship": "Outer",
                              "Parallel Aware": true,
                              "Relation Name": "title",
                              "Alias": "t",
                              "Startup Cost": 0.0,
                              "Total Cost": 42318.73,
                              "Plan Rows": 632073,
                              "Plan Width": 4,
                              "Actual Startup Time": 0.013,
                              "Actual Total Time": 79.855,
                              "Actual Rows": 632078,
                              "Actual Loops": 4
                            },
                            {
                              "Node Type": "Hash",
                              "Parent Relationship": "Inner",
                              "Parallel Aware": true,
                              "Startup Cost": 28310.84,
                              "Total Cost": 28310.84,
                              "Plan Rows": 119491,
                              "Plan Width": 4,
                              "Actual Startup Time": 106.145,
                              "Actual Total Time": 106.147,
                              "Actual Rows": 93412,
                              "Actual Loops": 4,
                              "Hash Buckets": 524288,
                              "Original Hash Buckets": 524288,
                              "Hash Batches": 1,
                              "Original Hash Batches": 1,
                              "Peak Memory Usage": 18784,
                              "Plans": [
                                {
                                  "Node Type": "Bitmap Heap Scan",
                                  "Parent Relationship": "Outer",
                                  "Parallel Aware": true,
                                  "Relation Name": "movie_companies",
                                  "Alias": "mc",
                                  "Startup Cost": 8027.2,
                                  "Total Cost": 28310.84,
                                  "Plan Rows": 119491,
                                  "Plan Width": 4,
                                  "Actual Startup Time": 29.934,
                                  "Actual Total Time": 64.926,
                                  "Actual Rows": 93412,
                                  "Actual Loops": 4,
                                  "Recheck Cond": "(company_id > 85116)",
                                  "Rows Removed by Index Recheck": 0,
                                  "Exact Heap Blocks": 1995,
                                  "Lossy Heap Blocks": 0,
                                  "Plans": [
                                    {
                                      "Node Type": "Bitmap Index Scan",
                                      "Parent Relationship": "Outer",
                                      "Parallel Aware": false,
                                      "Index Name": "company_id_movie_companies",
                                      "Startup Cost": 0.0,
                                      "Total Cost": 7934.6,
                                      "Plan Rows": 370422,
                                      "Plan Width": 0,
                                      "Actual Startup Time": 28.578,
                                      "Actual Total Time": 28.579,
                                      "Actual Rows": 373646,
                                      "Actual Loops": 1,
                                      "Index Cond": "(company_id > 85116)"
                                    }
                                  ]
                                }
                              ]
                            }
                          ]
                        }
                      ]
                    }
                  ]
                }
              ]
            }
          ]
        }
      ]
    },
    "Planning Time": 1.416,
    "Triggers": [],
    "Execution Time": 686.794
  }
]