{
  "Plan": {
    "Node Type": "Aggregate",
    "Strategy": "Plain",
    "Partial Mode": "Finalize",
    "Parallel Aware": false,
    "Startup Cost": 407354.98,
    "Total Cost": 407354.99,
    "Plan Rows": 1,
    "Plan Width": 8,
    "Actual Startup Time": 3178.095,
    "Actual Total Time": 3219.3,
    "Actual Rows": 1,
    "Actual Loops": 1,
    "Plans": [
      {
        "Node Type": "Gather",
        "Parent Relationship": "Outer",
        "Parallel Aware": false,
        "Startup Cost": 407354.86,
        "Total Cost": 407354.97,
        "Plan Rows": 1,
        "Plan Width": 8,
        "Actual Startup Time": 3175.652,
        "Actual Total Time": 3219.291,
        "Actual Rows": 2,
        "Actual Loops": 1,
        "Workers Planned": 1,
        "Workers Launched": 1,
        "Single Copy": false,
        "Plans": [
          {
            "Node Type": "Aggregate",
            "Strategy": "Plain",
            "Partial Mode": "Partial",
            "Parent Relationship": "Outer",
            "Parallel Aware": false,
            "Startup Cost": 406354.86,
            "Total Cost": 406354.87,
            "Plan Rows": 1,
            "Plan Width": 8,
            "Actual Startup Time": 3171.254,
            "Actual Total Time": 3171.536,
            "Actual Rows": 1,
            "Actual Loops": 2,
            "Plans": [
              {
                "Node Type": "Hash Join",
                "Parent Relationship": "Outer",
                "Parallel Aware": true,
                "Join Type": "Inner",
                "Startup Cost": 107405.61,
                "Total Cost": 401170.61,
                "Plan Rows": 2073701,
                "Plan Width": 0,
                "Actual Startup Time": 668.502,
                "Actual Total Time": 2914.569,
                "Actual Rows": 6386566,
                "Actual Loops": 2,
                "Inner Unique": false,
                "Hash Cond": "(mi.movie_id = t.id)",
                "Plans": [
                  {
                    "Node Type": "Seq Scan",
                    "Parent Relationship": "Outer",
                    "Parallel Aware": true,
                    "Relation Name": "movie_info",
                    "Alias": "mi",
                    "Startup Cost": 0.0,
                    "Total Cost": 248955.74,
                    "Plan Rows": 8696274,
                    "Plan Width": 4,
                    "Actual Startup Time": 0.014,
                    "Actual Total Time": 604.453,
                    "Actual Rows": 7417860,
                    "Actual Loops": 2
                  },
                  {
                    "Node Type": "Hash",
                    "Parent Relationship": "Inner",
                    "Parallel Aware": true,
                    "Startup Cost": 102972.57,
                    "Total Cost": 102972.57,
                    "Plan Rows": 354643,
                    "Plan Width": 8,
                    "Actual Startup Time": 662.584,
                    "Actual Total Time": 662.865,
                    "Actual Rows": 297956,
                    "Actual Loops": 2,
                    "Hash Buckets": 1048576,
                    "Original Hash Buckets": 1048576,
                    "Hash Batches": 1,
                    "Original Hash Batches": 1,
                    "Peak Memory Usage": 31552,
                    "Plans": [
                      {
                        "Node Type": "Hash Join",
                        "Parent Relationship": "Outer",
                        "Parallel Aware": true,
                        "Join Type": "Inner",
                        "Startup Cost": 40720.93,
                        "Total Cost": 102972.57,
                        "Plan Rows": 354643,
                        "Plan Width": 8,
                        "Actual Startup Time": 166.561,
                        "Actual Total Time": 585.861,
                        "Actual Rows": 297956,
                        "Actual Loops": 2,
                        "Inner Unique": false,
                        "Hash Cond": "(t.id = mc.movie_id)",
                        "Plans": [
                          {
                            "Node Type": "Seq Scan",
                            "Parent Relationship": "Outer",
                            "Parallel Aware": true,
                            "Relation Name": "title",
                            "Alias": "t",
                            "Startup Cost": 0.0,
                            "Total Cost": 50870.31,
                            "Plan Rows": 1487231,
                            "Plan Width": 4,
                            "Actual Startup Time": 0.012,
                            "Actual Total Time": 116.942,
                            "Actual Rows": 1264156,
                            "Actual Loops": 2
                          },
                          {
                            "Node Type": "Hash",
                            "Parent Relationship": "Inner",
                            "Parallel Aware": true,
                            "Startup Cost": 36287.89,
                            "Total Cost": 36287.89,
                            "Plan Rows": 354643,
                            "Plan Width": 4,
                            "Actual Startup Time": 162.275,
                            "Actual Total Time": 162.276,
                            "Actual Rows": 297956,
                            "Actual Loops": 2,
                            "Hash Buckets": 1048576,
                            "Original Hash Buckets": 1048576,
                            "Hash Batches": 1,
                            "Original Hash Batches": 1,
                            "Peak Memory Usage": 31552,
                            "Plans": [
                              {
                                "Node Type": "Bitmap Heap Scan",
                                "Parent Relationship": "Outer",
                                "Parallel Aware": true,
                                "Relation Name": "movie_companies",
                                "Alias": "mc",
                                "Startup Cost": 13064.85,
                                "Total Cost": 36287.89,
                                "Plan Rows": 354643,
                                "Plan Width": 4,
                                "Actual Startup Time": 27.579,
                                "Actual Total Time": 93.442,
                                "Actual Rows": 297956,
                                "Actual Loops": 2,
                                "Recheck Cond": "(company_id < 687)",
                                "Rows Removed by Index Recheck": 0,
                                "Exact Heap Blocks": 10876,
                                "Lossy Heap Blocks": 0,
                                "Plans": [
                                  {
                                    "Node Type": "Bitmap Index Scan",
                                    "Parent Relationship": "Outer",
                                    "Parallel Aware": false,
                                    "Index Name": "company_id_movie_companies",
                                    "Startup Cost": 0.0,
                                    "Total Cost": 12914.13,
                                    "Plan Rows": 602893,
                                    "Plan Width": 0,
                                    "Actual Startup Time": 24.84,
                                    "Actual Total Time": 24.84,
                                    "Actual Rows": 595912,
                                    "Actual Loops": 1,
                                    "Index Cond": "(company_id < 687)"
                                  }
                                ]
                              }
                            ]
                          }
                        ]
                      }
                    ]
                  }
                ]
              }
            ]
          }
        ]
      }
    ]
  },
  "Planning Time": 0.297,
  "Triggers": [],
  "Execution Time": 3219.37
}