[
  {
    "Plan": {
      "Node Type": "Aggregate",
      "Strategy": "Plain",
      "Partial Mode": "Finalize",
      "Parallel Aware": false,
      "Startup Cost": 377661.58,
      "Total Cost": 377661.59,
      "Plan Rows": 1,
      "Plan Width": 8,
      "Actual Startup Time": 913.616,
      "Actual Total Time": 939.008,
      "Actual Rows": 1,
      "Actual Loops": 1,
      "Plans": [
        {
          "Node Type": "Gather",
          "Parent Relationship": "Outer",
          "Parallel Aware": false,
          "Startup Cost": 377661.26,
          "Total Cost": 377661.57,
          "Plan Rows": 3,
          "Plan Width": 8,
          "Actual Startup Time": 904.114,
          "Actual Total Time": 938.999,
          "Actual Rows": 4,
          "Actual Loops": 1,
          "Workers Planned": 3,
          "Workers Launched": 3,
          "Single Copy": false,
          "Plans": [
            {
              "Node Type": "Aggregate",
              "Strategy": "Plain",
              "Partial Mode": "Partial",
              "Parent Relationship": "Outer",
              "Parallel Aware": false,
              "Startup Cost": 376661.26,
              "Total Cost": 376661.27,
              "Plan Rows": 1,
              "Plan Width": 8,
              "Actual Startup Time": 898.151,
              "Actual Total Time": 898.347,
              "Actual Rows": 1,
              "Actual Loops": 4,
              "Plans": [
                {
                  "Node Type": "Hash Join",
                  "Parent Relationship": "Outer",
                  "Parallel Aware": true,
                  "Join Type": "Inner",
                  "Startup Cost": 331717.55,
                  "Total Cost": 376406.93,
                  "Plan Rows": 101734,
                  "Plan Width": 0,
                  "Actual Startup Time": 501.667,
                  "Actual Total Time": 833.21,
                  "Actual Rows": 1310633,
                  "Actual Loops": 4,
                  "Inner Unique": false,
                  "Hash Cond": "(mk.movie_id = t.id)",
                  "Plans": [
                    {
                      "Node Type": "Seq Scan",
                      "Parent Relationship": "Outer",
                      "Parallel Aware": true,
                      "Relation Name": "movie_keyword",
                      "Alias": "mk",
                      "Startup Cost": 0.0,
                      "Total Cost": 39047.32,
                      "Plan Rows": 1459332,
                      "Plan Width": 4,
                      "Actual Startup Time": 0.029,
                      "Actual Total Time": 98.235,
                      "Actual Rows": 1130982,
                      "Actual Loops": 4
                    },
                    {
                      "Node Type": "Hash",
                      "Parent Relationship": "Inner",
                      "Parallel Aware": true,
                      "Startup Cost": 331350.34,
                      "Total Cost": 331350.34,
                      "Plan Rows": 29377,
                      "Plan Width": 8,
                      "Actual Startup Time": 500.443,
                      "Actual Total Time": 500.637,
                      "Actual Rows": 102347,
                      "Actual Loops": 4,
                      "Hash Buckets": 524288,
                      "Original Hash Buckets": 262144,
                      "Hash Batches": 1,
                      "Original Hash Batches": 1,
                      "Peak Memory Usage": 22240,
                      "Plans": [
                        {
                          "Node Type": "Hash Join",
                          "Parent Relationship": "Outer",
                          "Parallel Aware": true,
                          "Join Type": "Inner",
                          "Startup Cost": 75242.18,
                          "Total Cost": 331350.34,
                          "Plan Rows": 29377,
                          "Plan Width": 8,
                          "Actual Startup Time": 273.223,
                          "Actual Total Time": 450.111,
                          "Actual Rows": 102347,
                          "Actual Loops": 4,
                          "Inner Unique": true,
                          "Hash Cond": "(ci.movie_id = t.id)",
                          "Plans": [
                            {
                              "Node Type": "Bitmap Heap Scan",
                              "Parent Relationship": "Outer",
                              "Parallel Aware": true,
                              "Relation Name": "cast_info",
                              "Alias": "ci",
                              "Startup Cost": 28260.04,
                              "Total Cost": 284170.55,
                              "Plan Rows": 75294,
                              "Plan Width": 4,
                              "Actual Startup Time": 84.887,
                              "Actual Total Time": 162.358,
                              "Actual Rows": 240631,
                              "Actual Loops": 4,
                              "Recheck Cond": "(person_id < 133690)",
                              "Rows Removed by Index Recheck": 0,
                              "Filter": "(role_id < 2)",
                              "Rows Removed by Filter": 94628,
                              "Exact Heap Blocks": 5555,
                              "Lossy Heap Blocks": 0,
                              "Plans": [
                                {
                                  "Node Type": "Bitmap Index Scan",
                                  "Parent Relationship": "Outer",
                                  "Parallel Aware": false,
                                  "Index Name": "person_id_cast_info",
                                  "Startup Cost": 0.0,
                                  "Total Cost": 28147.09,
                                  "Plan Rows": 1289404,
                                  "Plan Width": 0,
                                  "Actual Startup Time": 81.455,
                                  "Actual Total Time": 81.456,
                                  "Actual Rows": 1341034,
                                  "Actual Loops": 1,
                                  "Index Cond": "(person_id < 133690)"
                                }
                              ]
                            },
                            {
                              "Node Type": "Hash",
                              "Parent Relationship": "Inner",
                              "Parallel Aware": true,
                              "Startup Cost": 43899.32,
                              "Total Cost": 43899.32,
                              "Plan Rows": 246626,
                              "Plan Width": 4,
                              "Actual Startup Time": 186.131,
                              "Actual Total Time": 186.132,
                              "Actual Rows": 246262,
                              "Actual Loops": 4,
                              "Hash Buckets": 1048576,
                              "Original Hash Buckets": 1048576,
                              "Hash Batches": 1,
                              "Original Hash Batches": 1,
                              "Peak Memory Usage": 46816,
                              "Plans": [
                                {
                                  "Node Type": "Seq Scan",
                                  "Parent Relationship": "Outer",
                                  "Parallel Aware": true,
                                  "Relation Name": "title",
                                  "Alias": "t",
                                  "Startup Cost": 0.0,
                                  "Total Cost": 43899.32,
                                  "Plan Rows": 246626,
                                  "Plan Width": 4,
                                  "Actual Startup Time": 0.036,
                                  "Actual Total Time": 103.782,
                                  "Actual Rows": 246262,
                                  "Actual Loops": 4,
                                  "Filter": "(kind_id < 7)",
                                  "Rows Removed by Filter": 385816
                                }
                              ]
                            }
                          ]
                        }
                      ]
                    }
                  ]
                }
              ]
            }
          ]
        }
      ]
    },
    "Planning Time": 0.486,
    "Triggers": [],
    "Execution Time": 939.063
  }
]