[
  {
    "Plan": {
      "Node Type": "Aggregate",
      "Strategy": "Plain",
      "Partial Mode": "Finalize",
      "Parallel Aware": false,
      "Startup Cost": 46483.52,
      "Total Cost": 46483.53,
      "Plan Rows": 1,
      "Plan Width": 8,
      "Actual Startup Time": 101.572,
      "Actual Total Time": 113.659,
      "Actual Rows": 1,
      "Actual Loops": 1,
      "Plans": [
        {
          "Node Type": "Gather",
          "Parent Relationship": "Outer",
          "Parallel Aware": false,
          "Startup Cost": 46483.1,
          "Total Cost": 46483.51,
          "Plan Rows": 4,
          "Plan Width": 8,
          "Actual Startup Time": 101.429,
          "Actual Total Time": 113.649,
          "Actual Rows": 5,
          "Actual Loops": 1,
          "Workers Planned": 4,
          "Workers Launched": 4,
          "Single Copy": false,
          "Plans": [
            {
              "Node Type": "Aggregate",
              "Strategy": "Plain",
              "Partial Mode": "Partial",
              "Parent Relationship": "Outer",
              "Parallel Aware": false,
              "Startup Cost": 45483.1,
              "Total Cost": 45483.11,
              "Plan Rows": 1,
              "Plan Width": 8,
              "Actual Startup Time": 92.496,
              "Actual Total Time": 92.498,
              "Actual Rows": 1,
              "Actual Loops": 5,
              "Plans": [
                {
                  "Node Type": "Seq Scan",
                  "Parent Relationship": "Outer",
                  "Parallel Aware": true,
                  "Relation Name": "title",
                  "Alias": "t",
                  "Startup Cost": 0.0,
                  "Total Cost": 45479.1,
                  "Plan Rows": 1601,
                  "Plan Width": 0,
                  "Actual Startup Time": 0.292,
                  "Actual Total Time": 92.298,
                  "Actual Rows": 1140,
                  "Actual Loops": 5,
                  "Filter": "((kind_id > 1) AND (production_year = 1956))",
                  "Rows Removed by Filter": 504522
                }
              ]
            }
          ]
        }
      ]
    },
    "Planning Time": 0.185,
    "Triggers": [],
    "Execution Time": 113.73
  }
]