[
  {
    "Plan": {
      "Node Type": "Aggregate",
      "Strategy": "Plain",
      "Partial Mode": "Finalize",
      "Parallel Aware": false,
      "Startup Cost": 72545.47,
      "Total Cost": 72545.48,
      "Plan Rows": 1,
      "Plan Width": 8,
      "Actual Startup Time": 188.444,
      "Actual Total Time": 202.662,
      "Actual Rows": 1,
      "Actual Loops": 1,
      "Plans": [
        {
          "Node Type": "Gather",
          "Parent Relationship": "Outer",
          "Parallel Aware": false,
          "Startup Cost": 72545.15,
          "Total Cost": 72545.46,
          "Plan Rows": 3,
          "Plan Width": 8,
          "Actual Startup Time": 185.744,
          "Actual Total Time": 202.653,
          "Actual Rows": 4,
          "Actual Loops": 1,
          "Workers Planned": 3,
          "Workers Launched": 3,
          "Single Copy": false,
          "Plans": [
            {
              "Node Type": "Aggregate",
              "Strategy": "Plain",
              "Partial Mode": "Partial",
              "Parent Relationship": "Outer",
              "Parallel Aware": false,
              "Startup Cost": 71545.15,
              "Total Cost": 71545.16,
              "Plan Rows": 1,
              "Plan Width": 8,
              "Actual Startup Time": 176.623,
              "Actual Total Time": 176.628,
              "Actual Rows": 1,
              "Actual Loops": 4,
              "Plans": [
                {
                  "Node Type": "Hash Join",
                  "Parent Relationship": "Outer",
                  "Parallel Aware": true,
                  "Join Type": "Inner",
                  "Startup Cost": 46769.77,
                  "Total Cost": 71535.27,
                  "Plan Rows": 3951,
                  "Plan Width": 0,
                  "Actual Startup Time": 149.448,
                  "Actual Total Time": 176.291,
                  "Actual Rows": 4472,
                  "Actual Loops": 4,
                  "Inner Unique": true,
                  "Hash Cond": "(mk.movie_id = t.id)",
                  "Plans": [
                    {
                      "Node Type": "Bitmap Heap Scan",
                      "Parent Relationship": "Outer",
                      "Parallel Aware": true,
                      "Relation Name": "movie_keyword",
                      "Alias": "mk",
                      "Startup Cost": 1355.24,
                      "Total Cost": 26066.68,
                      "Plan Rows": 20595,
                      "Plan Width": 4,
                      "Actual Startup Time": 9.143,
                      "Actual Total Time": 30.46,
                      "Actual Rows": 15694,
                      "Actual Loops": 4,
                      "Recheck Cond": "(keyword_id > 94029)",
                      "Rows Removed by Index Recheck": 0,
                      "Exact Heap Blocks": 5712,
                      "Lossy Heap Blocks": 0,
                      "Plans": [
                        {
                          "Node Type": "Bitmap Index Scan",
                          "Parent Relationship": "Outer",
                          "Parallel Aware": false,
                          "Index Name": "keyword_id_movie_keyword",
                          "Startup Cost": 0.0,
                          "Total Cost": 1339.28,
                          "Plan Rows": 63846,
                          "Plan Width": 0,
                          "Actual Startup Time": 6.885,
                          "Actual Total Time": 6.885,
                          "Actual Rows": 62777,
                          "Actual Loops": 1,
                          "Index Cond": "(keyword_id > 94029)"
                        }
                      ]
                    },
                    {
                      "Node Type": "Hash",
                      "Parent Relationship": "Inner",
                      "Parallel Aware": true,
                      "Startup Cost": 43898.92,
                      "Total Cost": 43898.92,
                      "Plan Rows": 121249,
                      "Plan Width": 4,
                      "Actual Startup Time": 137.039,
                      "Actual Total Time": 137.042,
                      "Actual Rows": 123507,
                      "Actual Loops": 4,
                      "Hash Buckets": 524288,
                      "Original Hash Buckets": 524288,
                      "Hash Batches": 1,
                      "Original Hash Batches": 1,
                      "Peak Memory Usage": 23488,
                      "Plans": [
                        {
                          "Node Type": "Seq Scan",
                          "Parent Relationship": "Outer",
                          "Parallel Aware": true,
                          "Relation Name": "title",
                          "Alias": "t",
                          "Startup Cost": 0.0,
                          "Total Cost": 43898.92,
                          "Plan Rows": 121249,
                          "Plan Width": 4,
                          "Actual Startup Time": 0.032,
                          "Actual Total Time": 97.029,
                          "Actual Rows": 123507,
                          "Actual Loops": 4,
                          "Filter": "(production_year < 1979)",
                          "Rows Removed by Filter": 508571
                        }
                      ]
                    }
                  ]
                }
              ]
            }
          ]
        }
      ]
    },
    "Planning Time": 0.687,
    "Triggers": [],
    "Execution Time": 202.759
  }
]