[
  {
    "Plan": {
      "Node Type": "Aggregate",
      "Strategy": "Plain",
      "Partial Mode": "Simple",
      "Parallel Aware": false,
      "Startup Cost": 329013.85,
      "Total Cost": 329013.86,
      "Plan Rows": 1,
      "Plan Width": 64,
      "Actual Startup Time": 3490.934,
      "Actual Total Time": 3491.299,
      "Actual Rows": 1,
      "Actual Loops": 1,
      "Plans": [
        {
          "Node Type": "Gather",
          "Parent Relationship": "Outer",
          "Parallel Aware": false,
          "Startup Cost": 328992.08,
          "Total Cost": 329013.84,
          "Plan Rows": 2,
          "Plan Width": 23,
          "Actual Startup Time": 3452.934,
          "Actual Total Time": 3491.121,
          "Actual Rows": 740,
          "Actual Loops": 1,
          "Workers Planned": 4,
          "Workers Launched": 4,
          "Single Copy": false,
          "Plans": [
            {
              "Node Type": "Merge Join",
              "Parent Relationship": "Outer",
              "Parallel Aware": false,
              "Join Type": "Inner",
              "Startup Cost": 327992.08,
              "Total Cost": 328013.64,
              "Plan Rows": 1,
              "Plan Width": 23,
              "Actual Startup Time": 2919.998,
              "Actual Total Time": 2960.186,
              "Actual Rows": 148,
              "Actual Loops": 5,
              "Inner Unique": true,
              "Merge Cond": "(mk.keyword_id = k.id)",
              "Plans": [
                {
                  "Node Type": "Sort",
                  "Parent Relationship": "Outer",
                  "Parallel Aware": false,
                  "Startup Cost": 325365.65,
                  "Total Cost": 325376.43,
                  "Plan Rows": 4310,
                  "Plan Width": 27,
                  "Actual Startup Time": 2887.436,
                  "Actual Total Time": 2918.251,
                  "Actual Rows": 139301,
                  "Actual Loops": 5,
                  "Sort Key": [
                    "mk.keyword_id"
                  ],
                  "Sort Method": "quicksort",
                  "Sort Space Used": 11642,
                  "Sort Space Type": "Memory",
                  "Workers": [
                    {
                      "Worker Number": 0,
                      "Sort Method": "quicksort",
                      "Sort Space Used": 18911,
                      "Sort Space Type": "Memory"
                    },
                    {
                      "Worker Number": 1,
                      "Sort Method": "quicksort",
                      "Sort Space Used": 18590,
                      "Sort Space Type": "Memory"
                    },
                    {
                      "Worker Number": 2,
                      "Sort Method": "quicksort",
                      "Sort Space Used": 12198,
                      "Sort Space Type": "Memory"
                    },
                    {
                      "Worker Number": 3,
                      "Sort Method": "quicksort",
                      "Sort Space Used": 16127,
                      "Sort Space Type": "Memory"
                    }
                  ],
                  "Plans": [
                    {
                      "Node Type": "Merge Join",
                      "Parent Relationship": "Outer",
                      "Parallel Aware": false,
                      "Join Type": "Inner",
                      "Startup Cost": 135361.9,
                      "Total Cost": 325105.47,
                      "Plan Rows": 4310,
                      "Plan Width": 27,
                      "Actual Startup Time": 1179.62,
                      "Actual Total Time": 2824.777,
                      "Actual Rows": 139530,
                      "Actual Loops": 5,
                      "Inner Unique": false,
                      "Merge Cond": "(t.id = mk.movie_id)",
                      "Plans": [
                        {
                          "Node Type": "Merge Join",
                          "Parent Relationship": "Outer",
                          "Parallel Aware": false,
                          "Join Type": "Inner",
                          "Startup Cost": 135361.47,
                          "Total Cost": 136629.61,
                          "Plan Rows": 452,
                          "Plan Width": 31,
                          "Actual Startup Time": 1179.414,
                          "Actual Total Time": 1324.373,
                          "Actual Rows": 21204,
                          "Actual Loops": 5,
                          "Inner Unique": false,
                          "Merge Cond": "(t.id = mi_idx.movie_id)",
                          "Plans": [
                            {
                              "Node Type": "Sort",
                              "Parent Relationship": "Outer",
                              "Parallel Aware": false,
                              "Startup Cost": 66155.97,
                              "Total Cost": 66776.91,
                              "Plan Rows": 248376,
                              "Plan Width": 21,
                              "Actual Startup Time": 415.926,
                              "Actual Total Time": 468.844,
                              "Actual Rows": 202532,
                              "Actual Loops": 5,
                              "Sort Key": [
                                "t.id"
                              ],
                              "Sort Method": "quicksort",
                              "Sort Space Used": 17860,
                              "Sort Space Type": "Memory",
                              "Workers": [
                                {
                                  "Worker Number": 0,
                                  "Sort Method": "quicksort",
                                  "Sort Space Used": 22615,
                                  "Sort Space Type": "Memory"
                                },
                                {
                                  "Worker Number": 1,
                                  "Sort Method": "quicksort",
                                  "Sort Space Used": 22734,
                                  "Sort Space Type": "Memory"
                                },
                                {
                                  "Worker Number": 2,
                                  "Sort Method": "quicksort",
                                  "Sort Space Used": 18105,
                                  "Sort Space Type": "Memory"
                                },
                                {
                                  "Worker Number": 3,
                                  "Sort Method": "quicksort",
                                  "Sort Space Used": 19634,
                                  "Sort Space Type": "Memory"
                                }
                              ],
                              "Plans": [
                                {
                                  "Node Type": "Seq Scan",
                                  "Parent Relationship": "Outer",
                                  "Parallel Aware": true,
                                  "Relation Name": "title",
                                  "Alias": "t",
                                  "Startup Cost": 0.0,
                                  "Total Cost": 43898.79,
                                  "Plan Rows": 248376,
                                  "Plan Width": 21,
                                  "Actual Startup Time": 0.1,
                                  "Actual Total Time": 295.328,
                                  "Actual Rows": 202584,
                                  "Actual Loops": 5,
                                  "Filter": "(production_year > 2005)",
                                  "Rows Removed by Filter": 303078
                                }
                              ]
                            },
                            {
                              "Node Type": "Sort",
                              "Parent Relationship": "Inner",
                              "Parallel Aware": false,
                              "Startup Cost": 69205.5,
                              "Total Cost": 69217.0,
                              "Plan Rows": 4600,
                              "Plan Width": 10,
                              "Actual Startup Time": 763.453,
                              "Actual Total Time": 789.957,
                              "Actual Rows": 352990,
                              "Actual Loops": 5,
                              "Sort Key": [
                                "mi_idx.movie_id"
                              ],
                              "Sort Method": "quicksort",
                              "Sort Space Used": 28835,
                              "Sort Space Type": "Memory",
                              "Workers": [
                                {
                                  "Worker Number": 0,
                                  "Sort Method": "quicksort",
                                  "Sort Space Used": 28835,
                                  "Sort Space Type": "Memory"
                                },
                                {
                                  "Worker Number": 1,
                                  "Sort Method": "quicksort",
                                  "Sort Space Used": 28835,
                                  "Sort Space Type": "Memory"
                                },
                                {
                                  "Worker Number": 2,
                                  "Sort Method": "quicksort",
                                  "Sort Space Used": 28835,
                                  "Sort Space Type": "Memory"
                                },
                                {
                                  "Worker Number": 3,
                                  "Sort Method": "quicksort",
                                  "Sort Space Used": 28835,
                                  "Sort Space Type": "Memory"
                                }
                              ],
                              "Plans": [
                                {
                                  "Node Type": "Merge Join",
                                  "Parent Relationship": "Outer",
                                  "Parallel Aware": false,
                                  "Join Type": "Inner",
                                  "Startup Cost": 2.86,
                                  "Total Cost": 68925.65,
                                  "Plan Rows": 4600,
                                  "Plan Width": 10,
                                  "Actual Startup Time": 409.445,
                                  "Actual Total Time": 621.438,
                                  "Actual Rows": 352990,
                                  "Actual Loops": 5,
                                  "Inner Unique": true,
                                  "Merge Cond": "(mi_idx.info_type_id = it.id)",
                                  "Plans": [
                                    {
                                      "Node Type": "Index Scan",
                                      "Parent Relationship": "Outer",
                                      "Parallel Aware": false,
                                      "Scan Direction": "Forward",
                                      "Index Name": "info_type_id_movie_info_idx",
                                      "Relation Name": "movie_info_idx",
                                      "Alias": "mi_idx",
                                      "Startup Cost": 0.43,
                                      "Total Cost": 67577.66,
                                      "Plan Rows": 519824,
                                      "Plan Width": 14,
                                      "Actual Startup Time": 0.334,
                                      "Actual Total Time": 557.797,
                                      "Actual Rows": 517625,
                                      "Actual Loops": 5,
                                      "Filter": "(info > '5.0'::text)",
                                      "Rows Removed by Filter": 862156
                                    },
                                    {
                                      "Node Type": "Sort",
                                      "Parent Relationship": "Inner",
                                      "Parallel Aware": false,
                                      "Startup Cost": 2.42,
                                      "Total Cost": 2.43,
                                      "Plan Rows": 1,
                                      "Plan Width": 4,
                                      "Actual Startup Time": 0.089,
                                      "Actual Total Time": 0.093,
                                      "Actual Rows": 1,
                                      "Actual Loops": 5,
                                      "Sort Key": [
                                        "it.id"
                                      ],
                                      "Sort Method": "quicksort",
                                      "Sort Space Used": 25,
                                      "Sort Space Type": "Memory",
                                      "Workers": [
                                        {
                                          "Worker Number": 0,
                                          "Sort Method": "quicksort",
                                          "Sort Space Used": 25,
                                          "Sort Space Type": "Memory"
                                        },
                                        {
                                          "Worker Number": 1,
                                          "Sort Method": "quicksort",
                                          "Sort Space Used": 25,
                                          "Sort Space Type": "Memory"
                                        },
                                        {
                                          "Worker Number": 2,
                                          "Sort Method": "quicksort",
                                          "Sort Space Used": 25,
                                          "Sort Space Type": "Memory"
                                        },
                                        {
                                          "Worker Number": 3,
                                          "Sort Method": "quicksort",
                                          "Sort Space Used": 25,
                                          "Sort Space Type": "Memory"
                                        }
                                      ],
                                      "Plans": [
                                        {
                                          "Node Type": "Seq Scan",
                                          "Parent Relationship": "Outer",
                                          "Parallel Aware": false,
                                          "Relation Name": "info_type",
                                          "Alias": "it",
                                          "Startup Cost": 0.0,
                                          "Total Cost": 2.41,
                                          "Plan Rows": 1,
                                          "Plan Width": 4,
                                          "Actual Startup Time": 0.076,
                                          "Actual Total Time": 0.077,
                                          "Actual Rows": 1,
                                          "Actual Loops": 5,
                                          "Filter": "((info)::text = 'rating'::text)",
                                          "Rows Removed by Filter": 112
                                        }
                                      ]
                                    }
                                  ]
                                }
                              ]
                            }
                          ]
                        },
                        {
                          "Node Type": "Index Scan",
                          "Parent Relationship": "Inner",
                          "Parallel Aware": false,
                          "Scan Direction": "Forward",
                          "Index Name": "movie_id_movie_keyword",
                          "Relation Name": "movie_keyword",
                          "Alias": "mk",
                          "Startup Cost": 0.43,
                          "Total Cost": 177156.82,
                          "Plan Rows": 4523930,
                          "Plan Width": 8,
                          "Actual Startup Time": 0.098,
                          "Actual Total Time": 1149.553,
                          "Actual Rows": 4523817,
                          "Actual Loops": 5
                        }
                      ]
                    }
                  ]
                },
                {
                  "Node Type": "Sort",
                  "Parent Relationship": "Inner",
                  "Parallel Aware": false,
                  "Startup Cost": 2626.37,
                  "Total Cost": 2626.4,
                  "Plan Rows": 13,
                  "Plan Width": 4,
                  "Actual Startup Time": 28.073,
                  "Actual Total Time": 28.08,
                  "Actual Rows": 30,
                  "Actual Loops": 5,
                  "Sort Key": [
                    "k.id"
                  ],
                  "Sort Method": "quicksort",
                  "Sort Space Used": 26,
                  "Sort Space Type": "Memory",
                  "Workers": [
                    {
                      "Worker Number": 0,
                      "Sort Method": "quicksort",
                      "Sort Space Used": 26,
                      "Sort Space Type": "Memory"
                    },
                    {
                      "Worker Number": 1,
                      "Sort Method": "quicksort",
                      "Sort Space Used": 26,
                      "Sort Space Type": "Memory"
                    },
                    {
                      "Worker Number": 2,
                      "Sort Method": "quicksort",
                      "Sort Space Used": 26,
                      "Sort Space Type": "Memory"
                    },
                    {
                      "Worker Number": 3,
                      "Sort Method": "quicksort",
                      "Sort Space Used": 26,
                      "Sort Space Type": "Memory"
                    }
                  ],
                  "Plans": [
                    {
                      "Node Type": "Seq Scan",
                      "Parent Relationship": "Outer",
                      "Parallel Aware": false,
                      "Relation Name": "keyword",
                      "Alias": "k",
                      "Startup Cost": 0.0,
                      "Total Cost": 2626.12,
                      "Plan Rows": 13,
                      "Plan Width": 4,
                      "Actual Startup Time": 1.562,
                      "Actual Total Time": 28.03,
                      "Actual Rows": 30,
                      "Actual Loops": 5,
                      "Filter": "(keyword ~~ '%sequel%'::text)",
                      "Rows Removed by Filter": 134140
                    }
                  ]
                }
              ]
            }
          ]
        }
      ]
    },
    "Planning Time": 5.942,
    "Triggers": [],
    "Execution Time": 3497.841
  }
]