[
  {
    "Plan": {
      "Node Type": "Aggregate",
      "Strategy": "Plain",
      "Partial Mode": "Finalize",
      "Parallel Aware": false,
      "Startup Cost": 393883.26,
      "Total Cost": 393883.27,
      "Plan Rows": 1,
      "Plan Width": 8,
      "Actual Startup Time": 875.819,
      "Actual Total Time": 937.152,
      "Actual Rows": 1,
      "Actual Loops": 1,
      "Plans": [
        {
          "Node Type": "Gather",
          "Parent Relationship": "Outer",
          "Parallel Aware": false,
          "Startup Cost": 393882.63,
          "Total Cost": 393883.24,
          "Plan Rows": 6,
          "Plan Width": 8,
          "Actual Startup Time": 874.861,
          "Actual Total Time": 937.14,
          "Actual Rows": 7,
          "Actual Loops": 1,
          "Workers Planned": 6,
          "Workers Launched": 6,
          "Single Copy": false,
          "Plans": [
            {
              "Node Type": "Aggregate",
              "Strategy": "Plain",
              "Partial Mode": "Partial",
              "Parent Relationship": "Outer",
              "Parallel Aware": false,
              "Startup Cost": 392882.63,
              "Total Cost": 392882.64,
              "Plan Rows": 1,
              "Plan Width": 8,
              "Actual Startup Time": 864.13,
              "Actual Total Time": 864.134,
              "Actual Rows": 1,
              "Actual Loops": 7,
              "Plans": [
                {
                  "Node Type": "Hash Join",
                  "Parent Relationship": "Outer",
                  "Parallel Aware": true,
                  "Join Type": "Inner",
                  "Startup Cost": 44281.87,
                  "Total Cost": 392646.84,
                  "Plan Rows": 94315,
                  "Plan Width": 0,
                  "Actual Startup Time": 242.729,
                  "Actual Total Time": 862.826,
                  "Actual Rows": 26439,
                  "Actual Loops": 7,
                  "Inner Unique": true,
                  "Hash Cond": "(ci.movie_id = t.id)",
                  "Plans": [
                    {
                      "Node Type": "Seq Scan",
                      "Parent Relationship": "Outer",
                      "Parallel Aware": true,
                      "Relation Name": "cast_info",
                      "Alias": "ci",
                      "Startup Cost": 0.0,
                      "Total Cost": 343257.03,
                      "Plan Rows": 1945881,
                      "Plan Width": 4,
                      "Actual Startup Time": 163.302,
                      "Actual Total Time": 607.286,
                      "Actual Rows": 1341667,
                      "Actual Loops": 7,
                      "Filter": "((person_id > 1469501) AND (role_id < 3))",
                      "Rows Removed by Filter": 3836096
                    },
                    {
                      "Node Type": "Hash",
                      "Parent Relationship": "Inner",
                      "Parallel Aware": true,
                      "Startup Cost": 43898.92,
                      "Total Cost": 43898.92,
                      "Plan Rows": 30636,
                      "Plan Width": 4,
                      "Actual Startup Time": 77.327,
                      "Actual Total Time": 77.328,
                      "Actual Rows": 17562,
                      "Actual Loops": 7,
                      "Hash Buckets": 131072,
                      "Original Hash Buckets": 131072,
                      "Hash Batches": 1,
                      "Original Hash Batches": 1,
                      "Peak Memory Usage": 5952,
                      "Plans": [
                        {
                          "Node Type": "Seq Scan",
                          "Parent Relationship": "Outer",
                          "Parallel Aware": true,
                          "Relation Name": "title",
                          "Alias": "t",
                          "Startup Cost": 0.0,
                          "Total Cost": 43898.92,
                          "Plan Rows": 30636,
                          "Plan Width": 4,
                          "Actual Startup Time": 43.526,
                          "Actual Total Time": 70.506,
                          "Actual Rows": 17562,
                          "Actual Loops": 7,
                          "Filter": "(production_year < 1933)",
                          "Rows Removed by Filter": 343626
                        }
                      ]
                    }
                  ]
                }
              ]
            }
          ]
        }
      ]
    },
    "Planning Time": 0.657,
    "Triggers": [],
    "Execution Time": 937.237
  }
]