[
  {
    "Plan": {
      "Node Type": "Aggregate",
      "Strategy": "Plain",
      "Partial Mode": "Finalize",
      "Parallel Aware": false,
      "Startup Cost": 286242.71,
      "Total Cost": 286242.72,
      "Plan Rows": 1,
      "Plan Width": 8,
      "Actual Startup Time": 672.541,
      "Actual Total Time": 696.756,
      "Actual Rows": 1,
      "Actual Loops": 1,
      "Plans": [
        {
          "Node Type": "Gather",
          "Parent Relationship": "Outer",
          "Parallel Aware": false,
          "Startup Cost": 286242.4,
          "Total Cost": 286242.71,
          "Plan Rows": 3,
          "Plan Width": 8,
          "Actual Startup Time": 661.827,
          "Actual Total Time": 696.746,
          "Actual Rows": 4,
          "Actual Loops": 1,
          "Workers Planned": 3,
          "Workers Launched": 3,
          "Single Copy": false,
          "Plans": [
            {
              "Node Type": "Aggregate",
              "Strategy": "Plain",
              "Partial Mode": "Partial",
              "Parent Relationship": "Outer",
              "Parallel Aware": false,
              "Startup Cost": 285242.4,
              "Total Cost": 285242.41,
              "Plan Rows": 1,
              "Plan Width": 8,
              "Actual Startup Time": 652.21,
              "Actual Total Time": 652.216,
              "Actual Rows": 1,
              "Actual Loops": 4,
              "Plans": [
                {
                  "Node Type": "Hash Join",
                  "Parent Relationship": "Outer",
                  "Parallel Aware": true,
                  "Join Type": "Inner",
                  "Startup Cost": 238766.56,
                  "Total Cost": 284155.72,
                  "Plan Rows": 434671,
                  "Plan Width": 0,
                  "Actual Startup Time": 467.648,
                  "Actual Total Time": 646.984,
                  "Actual Rows": 133230,
                  "Actual Loops": 4,
                  "Inner Unique": false,
                  "Hash Cond": "(mk.movie_id = t.id)",
                  "Plans": [
                    {
                      "Node Type": "Seq Scan",
                      "Parent Relationship": "Outer",
                      "Parallel Aware": true,
                      "Relation Name": "movie_keyword",
                      "Alias": "mk",
                      "Startup Cost": 0.0,
                      "Total Cost": 39047.32,
                      "Plan Rows": 1459332,
                      "Plan Width": 4,
                      "Actual Startup Time": 0.024,
                      "Actual Total Time": 85.835,
                      "Actual Rows": 1130982,
                      "Actual Loops": 4
                    },
                    {
                      "Node Type": "Hash",
                      "Parent Relationship": "Inner",
                      "Parallel Aware": true,
                      "Startup Cost": 236883.89,
                      "Total Cost": 236883.89,
                      "Plan Rows": 150614,
                      "Plan Width": 8,
                      "Actual Startup Time": 462.621,
                      "Actual Total Time": 462.625,
                      "Actual Rows": 36437,
                      "Actual Loops": 4,
                      "Hash Buckets": 1048576,
                      "Original Hash Buckets": 1048576,
                      "Hash Batches": 1,
                      "Original Hash Batches": 1,
                      "Peak Memory Usage": 13952,
                      "Plans": [
                        {
                          "Node Type": "Hash Join",
                          "Parent Relationship": "Outer",
                          "Parallel Aware": true,
                          "Join Type": "Inner",
                          "Startup Cost": 71143.3,
                          "Total Cost": 236883.89,
                          "Plan Rows": 150614,
                          "Plan Width": 8,
                          "Actual Startup Time": 304.417,
                          "Actual Total Time": 445.803,
                          "Actual Rows": 36437,
                          "Actual Loops": 4,
                          "Inner Unique": true,
                          "Hash Cond": "(mi.movie_id = t.id)",
                          "Plans": [
                            {
                              "Node Type": "Bitmap Heap Scan",
                              "Parent Relationship": "Outer",
                              "Parallel Aware": true,
                              "Relation Name": "movie_info",
                              "Alias": "mi",
                              "Startup Cost": 22441.69,
                              "Total Cost": 187531.86,
                              "Plan Rows": 247774,
                              "Plan Width": 4,
                              "Actual Startup Time": 50.102,
                              "Actual Total Time": 125.13,
                              "Actual Rows": 300092,
                              "Actual Loops": 4,
                              "Recheck Cond": "(info_type_id > 35)",
                              "Rows Removed by Index Recheck": 0,
                              "Exact Heap Blocks": 10720,
                              "Lossy Heap Blocks": 0,
                              "Plans": [
                                {
                                  "Node Type": "Bitmap Index Scan",
                                  "Parent Relationship": "Outer",
                                  "Parallel Aware": false,
                                  "Index Name": "info_type_id_movie_info",
                                  "Startup Cost": 0.0,
                                  "Total Cost": 22131.97,
                                  "Plan Rows": 1238871,
                                  "Plan Width": 0,
                                  "Actual Startup Time": 43.912,
                                  "Actual Total Time": 43.913,
                                  "Actual Rows": 1200370,
                                  "Actual Loops": 1,
                                  "Index Cond": "(info_type_id > 35)"
                                }
                              ]
                            },
                            {
                              "Node Type": "Hash",
                              "Parent Relationship": "Inner",
                              "Parallel Aware": true,
                              "Startup Cost": 43898.92,
                              "Total Cost": 43898.92,
                              "Plan Rows": 384216,
                              "Plan Width": 4,
                              "Actual Startup Time": 239.188,
                              "Actual Total Time": 239.189,
                              "Actual Rows": 385816,
                              "Actual Loops": 4,
                              "Hash Buckets": 2097152,
                              "Original Hash Buckets": 2097152,
                              "Hash Batches": 1,
                              "Original Hash Batches": 1,
                              "Peak Memory Usage": 76800,
                              "Plans": [
                                {
                                  "Node Type": "Seq Scan",
                                  "Parent Relationship": "Outer",
                                  "Parallel Aware": true,
                                  "Relation Name": "title",
                                  "Alias": "t",
                                  "Startup Cost": 0.0,
                                  "Total Cost": 43898.92,
                                  "Plan Rows": 384216,
                                  "Plan Width": 4,
                                  "Actual Startup Time": 0.044,
                                  "Actual Total Time": 99.469,
                                  "Actual Rows": 385816,
                                  "Actual Loops": 4,
                                  "Filter": "(kind_id = 7)",
                                  "Rows Removed by Filter": 246262
                                }
                              ]
                            }
                          ]
                        }
                      ]
                    }
                  ]
                }
              ]
            }
          ]
        }
      ]
    },
    "Planning Time": 1.222,
    "Triggers": [],
    "Execution Time": 696.87
  }
]