{
  "Plan": {
    "Node Type": "Aggregate",
    "Strategy": "Plain",
    "Partial Mode": "Finalize",
    "Parallel Aware": false,
    "Startup Cost": 317852.37,
    "Total Cost": 317852.38,
    "Plan Rows": 1,
    "Plan Width": 8,
    "Actual Startup Time": 1282.768,
    "Actual Total Time": 1306.965,
    "Actual Rows": 1,
    "Actual Loops": 1,
    "Plans": [
      {
        "Node Type": "Gather",
        "Parent Relationship": "Outer",
        "Parallel Aware": false,
        "Startup Cost": 317852.25,
        "Total Cost": 317852.36,
        "Plan Rows": 1,
        "Plan Width": 8,
        "Actual Startup Time": 1275.07,
        "Actual Total Time": 1306.958,
        "Actual Rows": 2,
        "Actual Loops": 1,
        "Workers Planned": 1,
        "Workers Launched": 1,
        "Single Copy": false,
        "Plans": [
          {
            "Node Type": "Aggregate",
            "Strategy": "Plain",
            "Partial Mode": "Partial",
            "Parent Relationship": "Outer",
            "Parallel Aware": false,
            "Startup Cost": 316852.25,
            "Total Cost": 316852.26,
            "Plan Rows": 1,
            "Plan Width": 8,
            "Actual Startup Time": 1268.252,
            "Actual Total Time": 1268.259,
            "Actual Rows": 1,
            "Actual Loops": 2,
            "Plans": [
              {
                "Node Type": "Hash Join",
                "Parent Relationship": "Outer",
                "Parallel Aware": true,
                "Join Type": "Inner",
                "Startup Cost": 145998.6,
                "Total Cost": 316479.89,
                "Plan Rows": 148945,
                "Plan Width": 0,
                "Actual Startup Time": 1005.259,
                "Actual Total Time": 1215.841,
                "Actual Rows": 1294994,
                "Actual Loops": 2,
                "Inner Unique": false,
                "Hash Cond": "(mi.movie_id = t.id)",
                "Plans": [
                  {
                    "Node Type": "Bitmap Heap Scan",
                    "Parent Relationship": "Outer",
                    "Parallel Aware": true,
                    "Relation Name": "movie_info",
                    "Alias": "mi",
                    "Startup Cost": 14428.12,
                    "Total Cost": 182276.62,
                    "Plan Rows": 468439,
                    "Plan Width": 4,
                    "Actual Startup Time": 25.942,
                    "Actual Total Time": 61.389,
                    "Actual Rows": 401070,
                    "Actual Loops": 2,
                    "Recheck Cond": "(info_type_id = 1)",
                    "Rows Removed by Index Recheck": 0,
                    "Exact Heap Blocks": 2382,
                    "Lossy Heap Blocks": 0,
                    "Plans": [
                      {
                        "Node Type": "Bitmap Index Scan",
                        "Parent Relationship": "Outer",
                        "Parallel Aware": false,
                        "Index Name": "info_type_id_movie_info",
                        "Startup Cost": 0.0,
                        "Total Cost": 14229.04,
                        "Plan Rows": 796347,
                        "Plan Width": 0,
                        "Actual Startup Time": 25.281,
                        "Actual Total Time": 25.282,
                        "Actual Rows": 802140,
                        "Actual Loops": 1,
                        "Index Cond": "(info_type_id = 1)"
                      }
                    ]
                  },
                  {
                    "Node Type": "Hash",
                    "Parent Relationship": "Inner",
                    "Parallel Aware": true,
                    "Startup Cost": 125659.45,
                    "Total Cost": 125659.45,
                    "Plan Rows": 472882,
                    "Plan Width": 8,
                    "Actual Startup Time": 969.957,
                    "Actual Total Time": 969.961,
                    "Actual Rows": 1140102,
                    "Actual Loops": 2,
                    "Hash Buckets": 4194304,
                    "Original Hash Buckets": 1048576,
                    "Hash Batches": 1,
                    "Original Hash Batches": 1,
                    "Peak Memory Usage": 146592,
                    "Plans": [
                      {
                        "Node Type": "Hash Join",
                        "Parent Relationship": "Outer",
                        "Parallel Aware": true,
                        "Join Type": "Inner",
                        "Startup Cost": 62762.29,
                        "Total Cost": 125659.45,
                        "Plan Rows": 472882,
                        "Plan Width": 8,
                        "Actual Startup Time": 243.445,
                        "Actual Total Time": 700.67,
                        "Actual Rows": 1140102,
                        "Actual Loops": 2,
                        "Inner Unique": true,
                        "Hash Cond": "(mk.movie_id = t.id)",
                        "Plans": [
                          {
                            "Node Type": "Seq Scan",
                            "Parent Relationship": "Outer",
                            "Parallel Aware": true,
                            "Relation Name": "movie_keyword",
                            "Alias": "mk",
                            "Startup Cost": 0.0,
                            "Total Cost": 57718.19,
                            "Plan Rows": 1972936,
                            "Plan Width": 4,
                            "Actual Startup Time": 0.015,
                            "Actual Total Time": 208.79,
                            "Actual Rows": 1673022,
                            "Actual Loops": 2,
                            "Filter": "(keyword_id < 15855)",
                            "Rows Removed by Filter": 588942
                          },
                          {
                            "Node Type": "Hash",
                            "Parent Relationship": "Inner",
                            "Parallel Aware": true,
                            "Startup Cost": 58306.47,
                            "Total Cost": 58306.47,
                            "Plan Rows": 356466,
                            "Plan Width": 4,
                            "Actual Startup Time": 237.79,
                            "Actual Total Time": 237.791,
                            "Actual Rows": 337845,
                            "Actual Loops": 2,
                            "Hash Buckets": 1048576,
                            "Original Hash Buckets": 1048576,
                            "Hash Batches": 1,
                            "Original Hash Batches": 1,
                            "Peak Memory Usage": 34656,
                            "Plans": [
                              {
                                "Node Type": "Seq Scan",
                                "Parent Relationship": "Outer",
                                "Parallel Aware": true,
                                "Relation Name": "title",
                                "Alias": "t",
                                "Startup Cost": 0.0,
                                "Total Cost": 58306.47,
                                "Plan Rows": 356466,
                                "Plan Width": 4,
                                "Actual Startup Time": 0.037,
                                "Actual Total Time": 153.977,
                                "Actual Rows": 337845,
                                "Actual Loops": 2,
                                "Filter": "((kind_id < 7) AND (production_year < 2007))",
                                "Rows Removed by Filter": 926311
                              }
                            ]
                          }
                        ]
                      }
                    ]
                  }
                ]
              }
            ]
          }
        ]
      }
    ]
  },
  "Planning Time": 1.018,
  "Triggers": [],
  "Execution Time": 1307.091
}