[
  {
    "Plan": {
      "Node Type": "Aggregate",
      "Strategy": "Plain",
      "Partial Mode": "Finalize",
      "Parallel Aware": false,
      "Startup Cost": 335917.82,
      "Total Cost": 335917.83,
      "Plan Rows": 1,
      "Plan Width": 8,
      "Actual Startup Time": 683.052,
      "Actual Total Time": 745.433,
      "Actual Rows": 1,
      "Actual Loops": 1,
      "Plans": [
        {
          "Node Type": "Gather",
          "Parent Relationship": "Outer",
          "Parallel Aware": false,
          "Startup Cost": 335917.19,
          "Total Cost": 335917.8,
          "Plan Rows": 6,
          "Plan Width": 8,
          "Actual Startup Time": 682.873,
          "Actual Total Time": 745.423,
          "Actual Rows": 7,
          "Actual Loops": 1,
          "Workers Planned": 6,
          "Workers Launched": 6,
          "Single Copy": false,
          "Plans": [
            {
              "Node Type": "Aggregate",
              "Strategy": "Plain",
              "Partial Mode": "Partial",
              "Parent Relationship": "Outer",
              "Parallel Aware": false,
              "Startup Cost": 334917.19,
              "Total Cost": 334917.2,
              "Plan Rows": 1,
              "Plan Width": 8,
              "Actual Startup Time": 675.743,
              "Actual Total Time": 675.745,
              "Actual Rows": 1,
              "Actual Loops": 7,
              "Plans": [
                {
                  "Node Type": "Seq Scan",
                  "Parent Relationship": "Outer",
                  "Parallel Aware": true,
                  "Relation Name": "cast_info",
                  "Alias": "ci",
                  "Startup Cost": 0.0,
                  "Total Cost": 328211.39,
                  "Plan Rows": 2682321,
                  "Plan Width": 0,
                  "Actual Startup Time": 216.373,
                  "Actual Total Time": 573.773,
                  "Actual Rows": 2260175,
                  "Actual Loops": 7,
                  "Filter": "(person_id > 2054504)",
                  "Rows Removed by Filter": 2917588
                }
              ]
            }
          ]
        }
      ]
    },
    "Planning Time": 0.063,
    "Triggers": [],
    "Execution Time": 745.474
  }
]