[
  {
    "Plan": {
      "Node Type": "Aggregate",
      "Strategy": "Plain",
      "Partial Mode": "Finalize",
      "Parallel Aware": false,
      "Startup Cost": 92530.36,
      "Total Cost": 92530.37,
      "Plan Rows": 1,
      "Plan Width": 8,
      "Actual Startup Time": 341.084,
      "Actual Total Time": 356.163,
      "Actual Rows": 1,
      "Actual Loops": 1,
      "Plans": [
        {
          "Node Type": "Gather",
          "Parent Relationship": "Outer",
          "Parallel Aware": false,
          "Startup Cost": 92530.04,
          "Total Cost": 92530.35,
          "Plan Rows": 3,
          "Plan Width": 8,
          "Actual Startup Time": 339.327,
          "Actual Total Time": 356.153,
          "Actual Rows": 4,
          "Actual Loops": 1,
          "Workers Planned": 3,
          "Workers Launched": 3,
          "Single Copy": false,
          "Plans": [
            {
              "Node Type": "Aggregate",
              "Strategy": "Plain",
              "Partial Mode": "Partial",
              "Parent Relationship": "Outer",
              "Parallel Aware": false,
              "Startup Cost": 91530.04,
              "Total Cost": 91530.05,
              "Plan Rows": 1,
              "Plan Width": 8,
              "Actual Startup Time": 332.266,
              "Actual Total Time": 332.271,
              "Actual Rows": 1,
              "Actual Loops": 4,
              "Plans": [
                {
                  "Node Type": "Hash Join",
                  "Parent Relationship": "Outer",
                  "Parallel Aware": true,
                  "Join Type": "Inner",
                  "Startup Cost": 47078.39,
                  "Total Cost": 91246.32,
                  "Plan Rows": 113490,
                  "Plan Width": 0,
                  "Actual Startup Time": 153.154,
                  "Actual Total Time": 330.394,
                  "Actual Rows": 33380,
                  "Actual Loops": 4,
                  "Inner Unique": true,
                  "Hash Cond": "(mk.movie_id = t.id)",
                  "Plans": [
                    {
                      "Node Type": "Seq Scan",
                      "Parent Relationship": "Outer",
                      "Parallel Aware": true,
                      "Relation Name": "movie_keyword",
                      "Alias": "mk",
                      "Startup Cost": 0.0,
                      "Total Cost": 42695.65,
                      "Plan Rows": 560868,
                      "Plan Width": 4,
                      "Actual Startup Time": 0.535,
                      "Actual Total Time": 119.991,
                      "Actual Rows": 432138,
                      "Actual Loops": 4,
                      "Filter": "(keyword_id > 8190)",
                      "Rows Removed by Filter": 698844
                    },
                    {
                      "Node Type": "Hash",
                      "Parent Relationship": "Inner",
                      "Parallel Aware": true,
                      "Startup Cost": 45479.59,
                      "Total Cost": 45479.59,
                      "Plan Rows": 127904,
                      "Plan Width": 4,
                      "Actual Startup Time": 149.188,
                      "Actual Total Time": 149.189,
                      "Actual Rows": 96540,
                      "Actual Loops": 4,
                      "Hash Buckets": 524288,
                      "Original Hash Buckets": 524288,
                      "Hash Batches": 1,
                      "Original Hash Batches": 1,
                      "Peak Memory Usage": 19264,
                      "Plans": [
                        {
                          "Node Type": "Seq Scan",
                          "Parent Relationship": "Outer",
                          "Parallel Aware": true,
                          "Relation Name": "title",
                          "Alias": "t",
                          "Startup Cost": 0.0,
                          "Total Cost": 45479.59,
                          "Plan Rows": 127904,
                          "Plan Width": 4,
                          "Actual Startup Time": 0.043,
                          "Actual Total Time": 109.483,
                          "Actual Rows": 96540,
                          "Actual Loops": 4,
                          "Filter": "((kind_id > 1) AND (production_year < 1991))",
                          "Rows Removed by Filter": 535538
                        }
                      ]
                    }
                  ]
                }
              ]
            }
          ]
        }
      ]
    },
    "Planning Time": 0.522,
    "Triggers": [],
    "Execution Time": 356.222
  }
]