[
  {
    "Plan": {
      "Node Type": "Aggregate",
      "Strategy": "Plain",
      "Partial Mode": "Simple",
      "Parallel Aware": false,
      "Startup Cost": 20711.83,
      "Total Cost": 20711.84,
      "Plan Rows": 1,
      "Plan Width": 8,
      "Actual Startup Time": 11.092,
      "Actual Total Time": 11.093,
      "Actual Rows": 1,
      "Actual Loops": 1,
      "Plans": [
        {
          "Node Type": "Bitmap Heap Scan",
          "Parent Relationship": "Outer",
          "Parallel Aware": false,
          "Relation Name": "movie_companies",
          "Alias": "mc",
          "Startup Cost": 648.99,
          "Total Cost": 20673.63,
          "Plan Rows": 15278,
          "Plan Width": 0,
          "Actual Startup Time": 1.473,
          "Actual Total Time": 9.185,
          "Actual Rows": 31604,
          "Actual Loops": 1,
          "Recheck Cond": "(company_id > 206360)",
          "Rows Removed by Index Recheck": 0,
          "Filter": "(company_type_id > 1)",
          "Rows Removed by Filter": 0,
          "Exact Heap Blocks": 1279,
          "Lossy Heap Blocks": 0,
          "Plans": [
            {
              "Node Type": "Bitmap Index Scan",
              "Parent Relationship": "Outer",
              "Parallel Aware": false,
              "Index Name": "company_id_movie_companies",
              "Startup Cost": 0.0,
              "Total Cost": 645.17,
              "Plan Rows": 29966,
              "Plan Width": 0,
              "Actual Startup Time": 1.308,
              "Actual Total Time": 1.308,
              "Actual Rows": 31604,
              "Actual Loops": 1,
              "Index Cond": "(company_id > 206360)"
            }
          ]
        }
      ]
    },
    "Planning Time": 0.098,
    "Triggers": [],
    "Execution Time": 11.118
  }
]