[
  {
    "Plan": {
      "Node Type": "Aggregate",
      "Strategy": "Plain",
      "Partial Mode": "Simple",
      "Parallel Aware": false,
      "Startup Cost": 20499.07,
      "Total Cost": 20499.08,
      "Plan Rows": 1,
      "Plan Width": 8,
      "Actual Startup Time": 23.975,
      "Actual Total Time": 23.977,
      "Actual Rows": 1,
      "Actual Loops": 1,
      "Plans": [
        {
          "Node Type": "Bitmap Heap Scan",
          "Parent Relationship": "Outer",
          "Parallel Aware": false,
          "Relation Name": "movie_companies",
          "Alias": "mc",
          "Startup Cost": 735.39,
          "Total Cost": 20455.98,
          "Plan Rows": 17239,
          "Plan Width": 0,
          "Actual Startup Time": 4.321,
          "Actual Total Time": 20.178,
          "Actual Rows": 31604,
          "Actual Loops": 1,
          "Recheck Cond": "(company_id > 206360)",
          "Rows Removed by Index Recheck": 0,
          "Filter": "(company_type_id > 1)",
          "Rows Removed by Filter": 0,
          "Exact Heap Blocks": 1279,
          "Lossy Heap Blocks": 0,
          "Plans": [
            {
              "Node Type": "Bitmap Index Scan",
              "Parent Relationship": "Outer",
              "Parallel Aware": false,
              "Index Name": "company_id_movie_companies",
              "Startup Cost": 0.0,
              "Total Cost": 731.08,
              "Plan Rows": 33954,
              "Plan Width": 0,
              "Actual Startup Time": 3.816,
              "Actual Total Time": 3.816,
              "Actual Rows": 31604,
              "Actual Loops": 1,
              "Index Cond": "(company_id > 206360)"
            }
          ]
        }
      ]
    },
    "Planning Time": 0.289,
    "Triggers": [],
    "Execution Time": 24.037
  }
]