[
  {
    "Plan": {
      "Node Type": "Aggregate",
      "Strategy": "Plain",
      "Partial Mode": "Finalize",
      "Parallel Aware": false,
      "Startup Cost": 83428.28,
      "Total Cost": 83428.29,
      "Plan Rows": 1,
      "Plan Width": 8,
      "Actual Startup Time": 236.317,
      "Actual Total Time": 252.251,
      "Actual Rows": 1,
      "Actual Loops": 1,
      "Plans": [
        {
          "Node Type": "Gather",
          "Parent Relationship": "Outer",
          "Parallel Aware": false,
          "Startup Cost": 83427.96,
          "Total Cost": 83428.27,
          "Plan Rows": 3,
          "Plan Width": 8,
          "Actual Startup Time": 235.429,
          "Actual Total Time": 252.244,
          "Actual Rows": 4,
          "Actual Loops": 1,
          "Workers Planned": 3,
          "Workers Launched": 3,
          "Single Copy": false,
          "Plans": [
            {
              "Node Type": "Aggregate",
              "Strategy": "Plain",
              "Partial Mode": "Partial",
              "Parent Relationship": "Outer",
              "Parallel Aware": false,
              "Startup Cost": 82427.96,
              "Total Cost": 82427.97,
              "Plan Rows": 1,
              "Plan Width": 8,
              "Actual Startup Time": 226.483,
              "Actual Total Time": 226.487,
              "Actual Rows": 1,
              "Actual Loops": 4,
              "Plans": [
                {
                  "Node Type": "Nested Loop",
                  "Parent Relationship": "Outer",
                  "Parallel Aware": false,
                  "Join Type": "Inner",
                  "Startup Cost": 50308.83,
                  "Total Cost": 82411.71,
                  "Plan Rows": 6499,
                  "Plan Width": 0,
                  "Actual Startup Time": 120.701,
                  "Actual Total Time": 224.703,
                  "Actual Rows": 32892,
                  "Actual Loops": 4,
                  "Inner Unique": false,
                  "Join Filter": "(t.id = mc.movie_id)",
                  "Rows Removed by Join Filter": 0,
                  "Plans": [
                    {
                      "Node Type": "Hash Join",
                      "Parent Relationship": "Outer",
                      "Parallel Aware": true,
                      "Join Type": "Inner",
                      "Startup Cost": 50308.4,
                      "Total Cost": 77477.08,
                      "Plan Rows": 6298,
                      "Plan Width": 8,
                      "Actual Startup Time": 120.563,
                      "Actual Total Time": 177.361,
                      "Actual Rows": 9408,
                      "Actual Loops": 4,
                      "Inner Unique": true,
                      "Hash Cond": "(mk.movie_id = t.id)",
                      "Plans": [
                        {
                          "Node Type": "Bitmap Heap Scan",
                          "Parent Relationship": "Outer",
                          "Parallel Aware": true,
                          "Relation Name": "movie_keyword",
                          "Alias": "mk",
                          "Startup Cost": 11804.5,
                          "Total Cost": 38502.03,
                          "Plan Rows": 179483,
                          "Plan Width": 4,
                          "Actual Startup Time": 36.778,
                          "Actual Total Time": 92.641,
                          "Actual Rows": 142574,
                          "Actual Loops": 4,
                          "Recheck Cond": "(keyword_id < 405)",
                          "Rows Removed by Index Recheck": 0,
                          "Exact Heap Blocks": 9266,
                          "Lossy Heap Blocks": 0,
                          "Plans": [
                            {
                              "Node Type": "Bitmap Index Scan",
                              "Parent Relationship": "Outer",
                              "Parallel Aware": false,
                              "Index Name": "keyword_id_movie_keyword",
                              "Startup Cost": 0.0,
                              "Total Cost": 11665.4,
                              "Plan Rows": 556396,
                              "Plan Width": 0,
                              "Actual Startup Time": 33.066,
                              "Actual Total Time": 33.066,
                              "Actual Rows": 570298,
                              "Actual Loops": 1,
                              "Index Cond": "(keyword_id < 405)"
                            }
                          ]
                        },
                        {
                          "Node Type": "Hash",
                          "Parent Relationship": "Inner",
                          "Parallel Aware": true,
                          "Startup Cost": 38226.66,
                          "Total Cost": 38226.66,
                          "Plan Rows": 22179,
                          "Plan Width": 4,
                          "Actual Startup Time": 58.514,
                          "Actual Total Time": 58.516,
                          "Actual Rows": 23957,
                          "Actual Loops": 4,
                          "Hash Buckets": 131072,
                          "Original Hash Buckets": 131072,
                          "Hash Batches": 1,
                          "Original Hash Batches": 1,
                          "Peak Memory Usage": 4864,
                          "Plans": [
                            {
                              "Node Type": "Bitmap Heap Scan",
                              "Parent Relationship": "Outer",
                              "Parallel Aware": true,
                              "Relation Name": "title",
                              "Alias": "t",
                              "Startup Cost": 1845.31,
                              "Total Cost": 38226.66,
                              "Plan Rows": 22179,
                              "Plan Width": 4,
                              "Actual Startup Time": 15.777,
                              "Actual Total Time": 49.741,
                              "Actual Rows": 23957,
                              "Actual Loops": 4,
                              "Recheck Cond": "(kind_id = 3)",
                              "Rows Removed by Index Recheck": 0,
                              "Filter": "(production_year > 1962)",
                              "Rows Removed by Filter": 1178,
                              "Exact Heap Blocks": 7584,
                              "Lossy Heap Blocks": 0,
                              "Plans": [
                                {
                                  "Node Type": "Bitmap Index Scan",
                                  "Parent Relationship": "Outer",
                                  "Parallel Aware": false,
                                  "Index Name": "kind_id_title",
                                  "Startup Cost": 0.0,
                                  "Total Cost": 1823.13,
                                  "Plan Rows": 102227,
                                  "Plan Width": 0,
                                  "Actual Startup Time": 15.413,
                                  "Actual Total Time": 15.414,
                                  "Actual Rows": 100537,
                                  "Actual Loops": 1,
                                  "Index Cond": "(kind_id = 3)"
                                }
                              ]
                            }
                          ]
                        }
                      ]
                    },
                    {
                      "Node Type": "Index Only Scan",
                      "Parent Relationship": "Inner",
                      "Parallel Aware": false,
                      "Scan Direction": "Forward",
                      "Index Name": "movie_id_movie_companies",
                      "Relation Name": "movie_companies",
                      "Alias": "mc",
                      "Startup Cost": 0.43,
                      "Total Cost": 0.72,
                      "Plan Rows": 5,
                      "Plan Width": 4,
                      "Actual Startup Time": 0.003,
                      "Actual Total Time": 0.004,
                      "Actual Rows": 3,
                      "Actual Loops": 37630,
                      "Index Cond": "(movie_id = mk.movie_id)",
                      "Rows Removed by Index Recheck": 0,
                      "Heap Fetches": 131567
                    }
                  ]
                }
              ]
            }
          ]
        }
      ]
    },
    "Planning Time": 1.409,
    "Triggers": [],
    "Execution Time": 252.366
  }
]