{
  "Plan": {
    "Node Type": "Aggregate",
    "Strategy": "Plain",
    "Partial Mode": "Finalize",
    "Parallel Aware": false,
    "Startup Cost": 67361.01,
    "Total Cost": 67361.02,
    "Plan Rows": 1,
    "Plan Width": 8,
    "Actual Startup Time": 153.025,
    "Actual Total Time": 182.354,
    "Actual Rows": 1,
    "Actual Loops": 1,
    "Plans": [
      {
        "Node Type": "Gather",
        "Parent Relationship": "Outer",
        "Parallel Aware": false,
        "Startup Cost": 67360.9,
        "Total Cost": 67361.01,
        "Plan Rows": 1,
        "Plan Width": 8,
        "Actual Startup Time": 152.733,
        "Actual Total Time": 182.346,
        "Actual Rows": 2,
        "Actual Loops": 1,
        "Workers Planned": 1,
        "Workers Launched": 1,
        "Single Copy": false,
        "Plans": [
          {
            "Node Type": "Aggregate",
            "Strategy": "Plain",
            "Partial Mode": "Partial",
            "Parent Relationship": "Outer",
            "Parallel Aware": false,
            "Startup Cost": 66360.9,
            "Total Cost": 66360.91,
            "Plan Rows": 1,
            "Plan Width": 8,
            "Actual Startup Time": 146.573,
            "Actual Total Time": 146.576,
            "Actual Rows": 1,
            "Actual Loops": 2,
            "Plans": [
              {
                "Node Type": "Nested Loop",
                "Parent Relationship": "Outer",
                "Parallel Aware": false,
                "Join Type": "Inner",
                "Startup Cost": 244.95,
                "Total Cost": 66359.11,
                "Plan Rows": 714,
                "Plan Width": 0,
                "Actual Startup Time": 12.77,
                "Actual Total Time": 146.134,
                "Actual Rows": 5095,
                "Actual Loops": 2,
                "Inner Unique": false,
                "Plans": [
                  {
                    "Node Type": "Nested Loop",
                    "Parent Relationship": "Outer",
                    "Parallel Aware": false,
                    "Join Type": "Inner",
                    "Startup Cost": 244.51,
                    "Total Cost": 62537.71,
                    "Plan Rows": 1176,
                    "Plan Width": 8,
                    "Actual Startup Time": 12.47,
                    "Actual Total Time": 50.904,
                    "Actual Rows": 1888,
                    "Actual Loops": 2,
                    "Inner Unique": true,
                    "Plans": [
                      {
                        "Node Type": "Bitmap Heap Scan",
                        "Parent Relationship": "Outer",
                        "Parallel Aware": true,
                        "Relation Name": "movie_keyword",
                        "Alias": "mk",
                        "Startup Cost": 244.08,
                        "Total Cost": 20181.0,
                        "Plan Rows": 6653,
                        "Plan Width": 4,
                        "Actual Startup Time": 6.508,
                        "Actual Total Time": 19.025,
                        "Actual Rows": 4613,
                        "Actual Loops": 2,
                        "Recheck Cond": "(keyword_id = 875)",
                        "Rows Removed by Index Recheck": 0,
                        "Exact Heap Blocks": 5735,
                        "Lossy Heap Blocks": 0,
                        "Plans": [
                          {
                            "Node Type": "Bitmap Index Scan",
                            "Parent Relationship": "Outer",
                            "Parallel Aware": false,
                            "Index Name": "keyword_id_movie_keyword",
                            "Startup Cost": 0.0,
                            "Total Cost": 241.26,
                            "Plan Rows": 11310,
                            "Plan Width": 0,
                            "Actual Startup Time": 8.293,
                            "Actual Total Time": 8.294,
                            "Actual Rows": 9226,
                            "Actual Loops": 1,
                            "Index Cond": "(keyword_id = 875)"
                          }
                        ]
                      },
                      {
                        "Node Type": "Index Scan",
                        "Parent Relationship": "Inner",
                        "Parallel Aware": false,
                        "Scan Direction": "Forward",
                        "Index Name": "title_pkey",
                        "Relation Name": "title",
                        "Alias": "t",
                        "Startup Cost": 0.43,
                        "Total Cost": 6.37,
                        "Plan Rows": 1,
                        "Plan Width": 4,
                        "Actual Startup Time": 0.006,
                        "Actual Total Time": 0.006,
                        "Actual Rows": 0,
                        "Actual Loops": 9226,
                        "Index Cond": "(id = mk.movie_id)",
                        "Rows Removed by Index Recheck": 0,
                        "Filter": "((kind_id < 2) AND (production_year > 1992))",
                        "Rows Removed by Filter": 1
                      }
                    ]
                  },
                  {
                    "Node Type": "Index Scan",
                    "Parent Relationship": "Inner",
                    "Parallel Aware": false,
                    "Scan Direction": "Forward",
                    "Index Name": "movie_id_movie_info",
                    "Relation Name": "movie_info",
                    "Alias": "mi",
                    "Startup Cost": 0.43,
                    "Total Cost": 3.21,
                    "Plan Rows": 4,
                    "Plan Width": 4,
                    "Actual Startup Time": 0.049,
                    "Actual Total Time": 0.05,
                    "Actual Rows": 3,
                    "Actual Loops": 3776,
                    "Index Cond": "(movie_id = t.id)",
                    "Rows Removed by Index Recheck": 0,
                    "Filter": "(info_type_id = 3)",
                    "Rows Removed by Filter": 84
                  }
                ]
              }
            ]
          }
        ]
      }
    ]
  },
  "Planning Time": 1.025,
  "Triggers": [],
  "Execution Time": 182.461
}