[
  {
    "Plan": {
      "Node Type": "Aggregate",
      "Strategy": "Plain",
      "Partial Mode": "Finalize",
      "Parallel Aware": false,
      "Startup Cost": 76761.46,
      "Total Cost": 76761.47,
      "Plan Rows": 1,
      "Plan Width": 8,
      "Actual Startup Time": 182.518,
      "Actual Total Time": 197.876,
      "Actual Rows": 1,
      "Actual Loops": 1,
      "Plans": [
        {
          "Node Type": "Gather",
          "Parent Relationship": "Outer",
          "Parallel Aware": false,
          "Startup Cost": 76761.14,
          "Total Cost": 76761.45,
          "Plan Rows": 3,
          "Plan Width": 8,
          "Actual Startup Time": 182.158,
          "Actual Total Time": 197.869,
          "Actual Rows": 4,
          "Actual Loops": 1,
          "Workers Planned": 3,
          "Workers Launched": 3,
          "Single Copy": false,
          "Plans": [
            {
              "Node Type": "Aggregate",
              "Strategy": "Plain",
              "Partial Mode": "Partial",
              "Parent Relationship": "Outer",
              "Parallel Aware": false,
              "Startup Cost": 75761.14,
              "Total Cost": 75761.15,
              "Plan Rows": 1,
              "Plan Width": 8,
              "Actual Startup Time": 175.572,
              "Actual Total Time": 175.575,
              "Actual Rows": 1,
              "Actual Loops": 4,
              "Plans": [
                {
                  "Node Type": "Hash Join",
                  "Parent Relationship": "Outer",
                  "Parallel Aware": true,
                  "Join Type": "Inner",
                  "Startup Cost": 44088.7,
                  "Total Cost": 75755.39,
                  "Plan Rows": 2300,
                  "Plan Width": 0,
                  "Actual Startup Time": 125.86,
                  "Actual Total Time": 175.379,
                  "Actual Rows": 3169,
                  "Actual Loops": 4,
                  "Inner Unique": true,
                  "Hash Cond": "(mc.movie_id = t.id)",
                  "Plans": [
                    {
                      "Node Type": "Seq Scan",
                      "Parent Relationship": "Outer",
                      "Parallel Aware": true,
                      "Relation Name": "movie_companies",
                      "Alias": "mc",
                      "Startup Cost": 0.0,
                      "Total Cost": 31414.82,
                      "Plan Rows": 95953,
                      "Plan Width": 4,
                      "Actual Startup Time": 29.594,
                      "Actual Total Time": 61.625,
                      "Actual Rows": 145144,
                      "Actual Loops": 4,
                      "Filter": "((company_id > 71047) AND (company_type_id = 2))",
                      "Rows Removed by Filter": 507138
                    },
                    {
                      "Node Type": "Hash",
                      "Parent Relationship": "Inner",
                      "Parallel Aware": true,
                      "Startup Cost": 43899.32,
                      "Total Cost": 43899.32,
                      "Plan Rows": 15150,
                      "Plan Width": 4,
                      "Actual Startup Time": 95.508,
                      "Actual Total Time": 95.508,
                      "Actual Rows": 15642,
                      "Actual Loops": 4,
                      "Hash Buckets": 65536,
                      "Original Hash Buckets": 65536,
                      "Hash Batches": 1,
                      "Original Hash Batches": 1,
                      "Peak Memory Usage": 3008,
                      "Plans": [
                        {
                          "Node Type": "Seq Scan",
                          "Parent Relationship": "Outer",
                          "Parallel Aware": true,
                          "Relation Name": "title",
                          "Alias": "t",
                          "Startup Cost": 0.0,
                          "Total Cost": 43899.32,
                          "Plan Rows": 15150,
                          "Plan Width": 4,
                          "Actual Startup Time": 0.043,
                          "Actual Total Time": 89.113,
                          "Actual Rows": 15642,
                          "Actual Loops": 4,
                          "Filter": "(production_year = 2002)",
                          "Rows Removed by Filter": 616436
                        }
                      ]
                    }
                  ]
                }
              ]
            }
          ]
        }
      ]
    },
    "Planning Time": 0.256,
    "Triggers": [],
    "Execution Time": 197.909
  }
]