[
  {
    "Plan": {
      "Node Type": "Aggregate",
      "Strategy": "Plain",
      "Partial Mode": "Finalize",
      "Parallel Aware": false,
      "Startup Cost": 130704.64,
      "Total Cost": 130704.65,
      "Plan Rows": 1,
      "Plan Width": 8,
      "Actual Startup Time": 778.306,
      "Actual Total Time": 799.537,
      "Actual Rows": 1,
      "Actual Loops": 1,
      "Plans": [
        {
          "Node Type": "Gather",
          "Parent Relationship": "Outer",
          "Parallel Aware": false,
          "Startup Cost": 130704.32,
          "Total Cost": 130704.63,
          "Plan Rows": 3,
          "Plan Width": 8,
          "Actual Startup Time": 772.716,
          "Actual Total Time": 799.529,
          "Actual Rows": 4,
          "Actual Loops": 1,
          "Workers Planned": 3,
          "Workers Launched": 3,
          "Single Copy": false,
          "Plans": [
            {
              "Node Type": "Aggregate",
              "Strategy": "Plain",
              "Partial Mode": "Partial",
              "Parent Relationship": "Outer",
              "Parallel Aware": false,
              "Startup Cost": 129704.32,
              "Total Cost": 129704.33,
              "Plan Rows": 1,
              "Plan Width": 8,
              "Actual Startup Time": 763.044,
              "Actual Total Time": 763.05,
              "Actual Rows": 1,
              "Actual Loops": 4,
              "Plans": [
                {
                  "Node Type": "Hash Join",
                  "Parent Relationship": "Outer",
                  "Parallel Aware": true,
                  "Join Type": "Inner",
                  "Startup Cost": 79839.46,
                  "Total Cost": 128806.03,
                  "Plan Rows": 359316,
                  "Plan Width": 0,
                  "Actual Startup Time": 441.161,
                  "Actual Total Time": 721.522,
                  "Actual Rows": 1069891,
                  "Actual Loops": 4,
                  "Inner Unique": false,
                  "Hash Cond": "(mk.movie_id = t.id)",
                  "Plans": [
                    {
                      "Node Type": "Seq Scan",
                      "Parent Relationship": "Outer",
                      "Parallel Aware": true,
                      "Relation Name": "movie_keyword",
                      "Alias": "mk",
                      "Startup Cost": 0.0,
                      "Total Cost": 42695.65,
                      "Plan Rows": 1432699,
                      "Plan Width": 4,
                      "Actual Startup Time": 0.031,
                      "Actual Total Time": 111.048,
                      "Actual Rows": 1110744,
                      "Actual Loops": 4,
                      "Filter": "(keyword_id < 87523)",
                      "Rows Removed by Filter": 20239
                    },
                    {
                      "Node Type": "Hash",
                      "Parent Relationship": "Inner",
                      "Parallel Aware": true,
                      "Startup Cost": 77857.94,
                      "Total Cost": 77857.94,
                      "Plan Rows": 158522,
                      "Plan Width": 8,
                      "Actual Startup Time": 436.017,
                      "Actual Total Time": 436.02,
                      "Actual Rows": 161654,
                      "Actual Loops": 4,
                      "Hash Buckets": 1048576,
                      "Original Hash Buckets": 1048576,
                      "Hash Batches": 1,
                      "Original Hash Batches": 1,
                      "Peak Memory Usage": 33536,
                      "Plans": [
                        {
                          "Node Type": "Hash Join",
                          "Parent Relationship": "Outer",
                          "Parallel Aware": true,
                          "Join Type": "Inner",
                          "Startup Cost": 31867.48,
                          "Total Cost": 77857.94,
                          "Plan Rows": 158522,
                          "Plan Width": 8,
                          "Actual Startup Time": 137.868,
                          "Actual Total Time": 380.27,
                          "Actual Rows": 161654,
                          "Actual Loops": 4,
                          "Inner Unique": false,
                          "Hash Cond": "(t.id = mc.movie_id)",
                          "Plans": [
                            {
                              "Node Type": "Seq Scan",
                              "Parent Relationship": "Outer",
                              "Parallel Aware": true,
                              "Relation Name": "title",
                              "Alias": "t",
                              "Startup Cost": 0.0,
                              "Total Cost": 42318.73,
                              "Plan Rows": 632073,
                              "Plan Width": 4,
                              "Actual Startup Time": 0.019,
                              "Actual Total Time": 75.473,
                              "Actual Rows": 632078,
                              "Actual Loops": 4
                            },
                            {
                              "Node Type": "Hash",
                              "Parent Relationship": "Inner",
                              "Parallel Aware": true,
                              "Startup Cost": 29310.68,
                              "Total Cost": 29310.68,
                              "Plan Rows": 204544,
                              "Plan Width": 4,
                              "Actual Startup Time": 135.263,
                              "Actual Total Time": 135.264,
                              "Actual Rows": 161654,
                              "Actual Loops": 4,
                              "Hash Buckets": 1048576,
                              "Original Hash Buckets": 1048576,
                              "Hash Batches": 1,
                              "Original Hash Batches": 1,
                              "Peak Memory Usage": 33600,
                              "Plans": [
                                {
                                  "Node Type": "Seq Scan",
                                  "Parent Relationship": "Outer",
                                  "Parallel Aware": true,
                                  "Relation Name": "movie_companies",
                                  "Alias": "mc",
                                  "Startup Cost": 0.0,
                                  "Total Cost": 29310.68,
                                  "Plan Rows": 204544,
                                  "Plan Width": 4,
                                  "Actual Startup Time": 37.024,
                                  "Actual Total Time": 81.196,
                                  "Actual Rows": 161654,
                                  "Actual Loops": 4,
                                  "Filter": "(company_id > 55566)",
                                  "Rows Removed by Filter": 490628
                                }
                              ]
                            }
                          ]
                        }
                      ]
                    }
                  ]
                }
              ]
            }
          ]
        }
      ]
    },
    "Planning Time": 1.375,
    "Triggers": [],
    "Execution Time": 799.629
  }
]