[
    {
        "Bao": {
            "Bao prediction": "NaN",
            "Bao recommended hint": "(no hint)"
        }
    },
    {
        "Plan": {
            "Node Type": "Aggregate",
            "Strategy": "Plain",
            "Partial Mode": "Finalize",
            "Parallel Aware": false,
            "Startup Cost": 69905.79,
            "Total Cost": 69905.8,
            "Plan Rows": 1,
            "Plan Width": 8,
            "Actual Startup Time": 192.107,
            "Actual Total Time": 200.813,
            "Actual Rows": 1,
            "Actual Loops": 1,
            "Output": [
                "count(*)"
            ],
            "Plans": [
                {
                    "Node Type": "Gather",
                    "Parent Relationship": "Outer",
                    "Parallel Aware": false,
                    "Startup Cost": 69905.37,
                    "Total Cost": 69905.78,
                    "Plan Rows": 4,
                    "Plan Width": 8,
                    "Actual Startup Time": 190.724,
                    "Actual Total Time": 200.804,
                    "Actual Rows": 5,
                    "Actual Loops": 1,
                    "Output": [
                        "(PARTIAL count(*))"
                    ],
                    "Workers Planned": 4,
                    "Workers Launched": 4,
                    "Single Copy": false,
                    "Plans": [
                        {
                            "Node Type": "Aggregate",
                            "Strategy": "Plain",
                            "Partial Mode": "Partial",
                            "Parent Relationship": "Outer",
                            "Parallel Aware": false,
                            "Startup Cost": 68905.37,
                            "Total Cost": 68905.38,
                            "Plan Rows": 1,
                            "Plan Width": 8,
                            "Actual Startup Time": 181.184,
                            "Actual Total Time": 181.188,
                            "Actual Rows": 1,
                            "Actual Loops": 5,
                            "Output": [
                                "PARTIAL count(*)"
                            ],
                            "Workers": [
                                {
                                    "Worker Number": 0,
                                    "Actual Startup Time": 178.304,
                                    "Actual Total Time": 178.307,
                                    "Actual Rows": 1,
                                    "Actual Loops": 1
                                },
                                {
                                    "Worker Number": 1,
                                    "Actual Startup Time": 178.718,
                                    "Actual Total Time": 178.721,
                                    "Actual Rows": 1,
                                    "Actual Loops": 1
                                },
                                {
                                    "Worker Number": 2,
                                    "Actual Startup Time": 179.062,
                                    "Actual Total Time": 179.066,
                                    "Actual Rows": 1,
                                    "Actual Loops": 1
                                },
                                {
                                    "Worker Number": 3,
                                    "Actual Startup Time": 179.448,
                                    "Actual Total Time": 179.451,
                                    "Actual Rows": 1,
                                    "Actual Loops": 1
                                }
                            ],
                            "Plans": [
                                {
                                    "Node Type": "Hash Join",
                                    "Parent Relationship": "Outer",
                                    "Parallel Aware": true,
                                    "Join Type": "Inner",
                                    "Startup Cost": 23213.37,
                                    "Total Cost": 68812.46,
                                    "Plan Rows": 37164,
                                    "Plan Width": 0,
                                    "Actual Startup Time": 132.618,
                                    "Actual Total Time": 179.692,
                                    "Actual Rows": 30255,
                                    "Actual Loops": 5,
                                    "Inner Unique": false,
                                    "Hash Cond": "(t.id = mc.movie_id)",
                                    "Workers": [
                                        {
                                            "Worker Number": 0,
                                            "Actual Startup Time": 130.011,
                                            "Actual Total Time": 176.764,
                                            "Actual Rows": 19851,
                                            "Actual Loops": 1
                                        },
                                        {
                                            "Worker Number": 1,
                                            "Actual Startup Time": 131.428,
                                            "Actual Total Time": 177.305,
                                            "Actual Rows": 30288,
                                            "Actual Loops": 1
                                        },
                                        {
                                            "Worker Number": 2,
                                            "Actual Startup Time": 128.332,
                                            "Actual Total Time": 177.648,
                                            "Actual Rows": 30533,
                                            "Actual Loops": 1
                                        },
                                        {
                                            "Worker Number": 3,
                                            "Actual Startup Time": 131.892,
                                            "Actual Total Time": 178.044,
                                            "Actual Rows": 29689,
                                            "Actual Loops": 1
                                        }
                                    ],
                                    "Plans": [
                                        {
                                            "Node Type": "Seq Scan",
                                            "Parent Relationship": "Outer",
                                            "Parallel Aware": true,
                                            "Relation Name": "title",
                                            "Schema": "public",
                                            "Alias": "t",
                                            "Startup Cost": 0.0,
                                            "Total Cost": 42318.81,
                                            "Plan Rows": 632080,
                                            "Plan Width": 4,
                                            "Actual Startup Time": 0.013,
                                            "Actual Total Time": 62.796,
                                            "Actual Rows": 505662,
                                            "Actual Loops": 5,
                                            "Output": [
                                                "t.id",
                                                "t.title",
                                                "t.imdb_index",
                                                "t.kind_id",
                                                "t.production_year",
                                                "t.imdb_id",
                                                "t.phonetic_code",
                                                "t.episode_of_id",
                                                "t.season_nr",
                                                "t.episode_nr",
                                                "t.series_years",
                                                "t.md5sum"
                                            ],
                                            "Workers": [
                                                {
                                                    "Worker Number": 0,
                                                    "Actual Startup Time": 0.016,
                                                    "Actual Total Time": 66.082,
                                                    "Actual Rows": 337957,
                                                    "Actual Loops": 1
                                                },
                                                {
                                                    "Worker Number": 1,
                                                    "Actual Startup Time": 0.012,
                                                    "Actual Total Time": 63.95,
                                                    "Actual Rows": 492854,
                                                    "Actual Loops": 1
                                                },
                                                {
                                                    "Worker Number": 2,
                                                    "Actual Startup Time": 0.016,
                                                    "Actual Total Time": 63.968,
                                                    "Actual Rows": 514865,
                                                    "Actual Loops": 1
                                                },
                                                {
                                                    "Worker Number": 3,
                                                    "Actual Startup Time": 0.018,
                                                    "Actual Total Time": 64.168,
                                                    "Actual Rows": 484585,
                                                    "Actual Loops": 1
                                                }
                                            ]
                                        },
                                        {
                                            "Node Type": "Hash",
                                            "Parent Relationship": "Inner",
                                            "Parallel Aware": true,
                                            "Startup Cost": 22613.95,
                                            "Total Cost": 22613.95,
                                            "Plan Rows": 47954,
                                            "Plan Width": 4,
                                            "Actual Startup Time": 42.885,
                                            "Actual Total Time": 42.886,
                                            "Actual Rows": 30255,
                                            "Actual Loops": 5,
                                            "Output": [
                                                "mc.movie_id"
                                            ],
                                            "Hash Buckets": 262144,
                                            "Original Hash Buckets": 262144,
                                            "Hash Batches": 1,
                                            "Original Hash Batches": 1,
                                            "Peak Memory Usage": 8064,
                                            "Workers": [
                                                {
                                                    "Worker Number": 0,
                                                    "Actual Startup Time": 40.84,
                                                    "Actual Total Time": 40.841,
                                                    "Actual Rows": 19812,
                                                    "Actual Loops": 1
                                                },
                                                {
                                                    "Worker Number": 1,
                                                    "Actual Startup Time": 41.341,
                                                    "Actual Total Time": 41.343,
                                                    "Actual Rows": 18242,
                                                    "Actual Loops": 1
                                                },
                                                {
                                                    "Worker Number": 2,
                                                    "Actual Startup Time": 41.566,
                                                    "Actual Total Time": 41.567,
                                                    "Actual Rows": 20114,
                                                    "Actual Loops": 1
                                                },
                                                {
                                                    "Worker Number": 3,
                                                    "Actual Startup Time": 41.911,
                                                    "Actual Total Time": 41.912,
                                                    "Actual Rows": 18078,
                                                    "Actual Loops": 1
                                                }
                                            ],
                                            "Plans": [
                                                {
                                                    "Node Type": "Bitmap Heap Scan",
                                                    "Parent Relationship": "Outer",
                                                    "Parallel Aware": true,
                                                    "Relation Name": "movie_companies",
                                                    "Schema": "public",
                                                    "Alias": "mc",
                                                    "Startup Cost": 3224.52,
                                                    "Total Cost": 22613.95,
                                                    "Plan Rows": 47954,
                                                    "Plan Width": 4,
                                                    "Actual Startup Time": 8.609,
                                                    "Actual Total Time": 30.272,
                                                    "Actual Rows": 30255,
                                                    "Actual Loops": 5,
                                                    "Output": [
                                                        "mc.movie_id"
                                                    ],
                                                    "Recheck Cond": "(mc.company_id > 131517)",
                                                    "Rows Removed by Index Recheck": 0,
                                                    "Exact Heap Blocks": 1957,
                                                    "Lossy Heap Blocks": 0,
                                                    "Workers": [
                                                        {
                                                            "Worker Number": 0,
                                                            "Actual Startup Time": 6.659,
                                                            "Actual Total Time": 29.192,
                                                            "Actual Rows": 19812,
                                                            "Actual Loops": 1
                                                        },
                                                        {
                                                            "Worker Number": 1,
                                                            "Actual Startup Time": 7.118,
                                                            "Actual Total Time": 29.588,
                                                            "Actual Rows": 18242,
                                                            "Actual Loops": 1
                                                        },
                                                        {
                                                            "Worker Number": 2,
                                                            "Actual Startup Time": 7.272,
                                                            "Actual Total Time": 30.179,
                                                            "Actual Rows": 20114,
                                                            "Actual Loops": 1
                                                        },
                                                        {
                                                            "Worker Number": 3,
                                                            "Actual Startup Time": 7.612,
                                                            "Actual Total Time": 30.127,
                                                            "Actual Rows": 18078,
                                                            "Actual Loops": 1
                                                        }
                                                    ],
                                                    "Plans": [
                                                        {
                                                            "Node Type": "Bitmap Index Scan",
                                                            "Parent Relationship": "Outer",
                                                            "Parallel Aware": false,
                                                            "Index Name": "company_id_movie_companies",
                                                            "Startup Cost": 0.0,
                                                            "Total Cost": 3187.36,
                                                            "Plan Rows": 148657,
                                                            "Plan Width": 0,
                                                            "Actual Startup Time": 13.72,
                                                            "Actual Total Time": 13.72,
                                                            "Actual Rows": 151273,
                                                            "Actual Loops": 1,
                                                            "Index Cond": "(mc.company_id > 131517)"
                                                        }
                                                    ]
                                                }
                                            ]
                                        }
                                    ]
                                }
                            ]
                        }
                    ]
                }
            ]
        },
        "Planning Time": 188.234,
        "Triggers": [],
        "Execution Time": 200.877
    }
]