[
  {
    "Plan": {
      "Node Type": "Aggregate",
      "Strategy": "Plain",
      "Partial Mode": "Finalize",
      "Parallel Aware": false,
      "Startup Cost": 345870.24,
      "Total Cost": 345870.25,
      "Plan Rows": 1,
      "Plan Width": 8,
      "Actual Startup Time": 679.374,
      "Actual Total Time": 738.277,
      "Actual Rows": 1,
      "Actual Loops": 1,
      "Plans": [
        {
          "Node Type": "Gather",
          "Parent Relationship": "Outer",
          "Parallel Aware": false,
          "Startup Cost": 345869.62,
          "Total Cost": 345870.23,
          "Plan Rows": 6,
          "Plan Width": 8,
          "Actual Startup Time": 679.074,
          "Actual Total Time": 738.259,
          "Actual Rows": 7,
          "Actual Loops": 1,
          "Workers Planned": 6,
          "Workers Launched": 6,
          "Single Copy": false,
          "Plans": [
            {
              "Node Type": "Aggregate",
              "Strategy": "Plain",
              "Partial Mode": "Partial",
              "Parent Relationship": "Outer",
              "Parallel Aware": false,
              "Startup Cost": 344869.62,
              "Total Cost": 344869.63,
              "Plan Rows": 1,
              "Plan Width": 8,
              "Actual Startup Time": 672.622,
              "Actual Total Time": 672.624,
              "Actual Rows": 1,
              "Actual Loops": 7,
              "Plans": [
                {
                  "Node Type": "Seq Scan",
                  "Parent Relationship": "Outer",
                  "Parallel Aware": true,
                  "Relation Name": "cast_info",
                  "Alias": "ci",
                  "Startup Cost": 0.0,
                  "Total Cost": 343316.27,
                  "Plan Rows": 621339,
                  "Plan Width": 0,
                  "Actual Startup Time": 497.074,
                  "Actual Total Time": 663.141,
                  "Actual Rows": 166641,
                  "Actual Loops": 7,
                  "Filter": "((person_id > 3260426) AND (role_id < 9))",
                  "Rows Removed by Filter": 5011122
                }
              ]
            }
          ]
        }
      ]
    },
    "Planning Time": 0.111,
    "Triggers": [],
    "Execution Time": 738.322
  }
]