[
    {
        "Bao": {
            "Bao prediction": "NaN",
            "Bao recommended hint": "(no hint)"
        }
    },
    {
        "Plan": {
            "Node Type": "Aggregate",
            "Strategy": "Plain",
            "Partial Mode": "Finalize",
            "Parallel Aware": false,
            "Startup Cost": 23906.51,
            "Total Cost": 23906.52,
            "Plan Rows": 1,
            "Plan Width": 8,
            "Actual Startup Time": 56.858,
            "Actual Total Time": 60.883,
            "Actual Rows": 1,
            "Actual Loops": 1,
            "Output": [
                "count(*)"
            ],
            "Plans": [
                {
                    "Node Type": "Gather",
                    "Parent Relationship": "Outer",
                    "Parallel Aware": false,
                    "Startup Cost": 23906.09,
                    "Total Cost": 23906.5,
                    "Plan Rows": 4,
                    "Plan Width": 8,
                    "Actual Startup Time": 56.77,
                    "Actual Total Time": 60.877,
                    "Actual Rows": 5,
                    "Actual Loops": 1,
                    "Output": [
                        "(PARTIAL count(*))"
                    ],
                    "Workers Planned": 4,
                    "Workers Launched": 4,
                    "Single Copy": false,
                    "Plans": [
                        {
                            "Node Type": "Aggregate",
                            "Strategy": "Plain",
                            "Partial Mode": "Partial",
                            "Parent Relationship": "Outer",
                            "Parallel Aware": false,
                            "Startup Cost": 22906.09,
                            "Total Cost": 22906.1,
                            "Plan Rows": 1,
                            "Plan Width": 8,
                            "Actual Startup Time": 47.65,
                            "Actual Total Time": 47.651,
                            "Actual Rows": 1,
                            "Actual Loops": 5,
                            "Output": [
                                "PARTIAL count(*)"
                            ],
                            "Workers": [
                                {
                                    "Worker Number": 0,
                                    "Actual Startup Time": 45.027,
                                    "Actual Total Time": 45.028,
                                    "Actual Rows": 1,
                                    "Actual Loops": 1
                                },
                                {
                                    "Worker Number": 1,
                                    "Actual Startup Time": 45.058,
                                    "Actual Total Time": 45.059,
                                    "Actual Rows": 1,
                                    "Actual Loops": 1
                                },
                                {
                                    "Worker Number": 2,
                                    "Actual Startup Time": 45.802,
                                    "Actual Total Time": 45.803,
                                    "Actual Rows": 1,
                                    "Actual Loops": 1
                                },
                                {
                                    "Worker Number": 3,
                                    "Actual Startup Time": 45.954,
                                    "Actual Total Time": 45.955,
                                    "Actual Rows": 1,
                                    "Actual Loops": 1
                                }
                            ],
                            "Plans": [
                                {
                                    "Node Type": "Index Scan",
                                    "Parent Relationship": "Outer",
                                    "Parallel Aware": true,
                                    "Scan Direction": "Forward",
                                    "Index Name": "role_id_cast_info",
                                    "Relation Name": "cast_info",
                                    "Schema": "public",
                                    "Alias": "ci",
                                    "Startup Cost": 0.56,
                                    "Total Cost": 22594.04,
                                    "Plan Rows": 124817,
                                    "Plan Width": 0,
                                    "Actual Startup Time": 0.171,
                                    "Actual Total Time": 43.145,
                                    "Actual Rows": 61069,
                                    "Actual Loops": 5,
                                    "Output": [
                                        "id",
                                        "person_id",
                                        "movie_id",
                                        "person_role_id",
                                        "note",
                                        "nr_order",
                                        "role_id"
                                    ],
                                    "Index Cond": "(ci.role_id = 6)",
                                    "Rows Removed by Index Recheck": 0,
                                    "Filter": "(ci.person_id < 2268531)",
                                    "Rows Removed by Filter": 93666,
                                    "Workers": [
                                        {
                                            "Worker Number": 0,
                                            "Actual Startup Time": 0.344,
                                            "Actual Total Time": 40.69,
                                            "Actual Rows": 45487,
                                            "Actual Loops": 1
                                        },
                                        {
                                            "Worker Number": 1,
                                            "Actual Startup Time": 0.141,
                                            "Actual Total Time": 41.11,
                                            "Actual Rows": 43691,
                                            "Actual Loops": 1
                                        },
                                        {
                                            "Worker Number": 2,
                                            "Actual Startup Time": 0.17,
                                            "Actual Total Time": 41.329,
                                            "Actual Rows": 47390,
                                            "Actual Loops": 1
                                        },
                                        {
                                            "Worker Number": 3,
                                            "Actual Startup Time": 0.161,
                                            "Actual Total Time": 41.799,
                                            "Actual Rows": 45042,
                                            "Actual Loops": 1
                                        }
                                    ]
                                }
                            ]
                        }
                    ]
                }
            ]
        },
        "Planning Time": 262.923,
        "Triggers": [],
        "Execution Time": 60.941
    }
]