[
  {
    "Plan": {
      "Node Type": "Aggregate",
      "Strategy": "Plain",
      "Partial Mode": "Finalize",
      "Parallel Aware": false,
      "Startup Cost": 334789.46,
      "Total Cost": 334789.47,
      "Plan Rows": 1,
      "Plan Width": 8,
      "Actual Startup Time": 679.004,
      "Actual Total Time": 730.692,
      "Actual Rows": 1,
      "Actual Loops": 1,
      "Plans": [
        {
          "Node Type": "Gather",
          "Parent Relationship": "Outer",
          "Parallel Aware": false,
          "Startup Cost": 334788.83,
          "Total Cost": 334789.44,
          "Plan Rows": 6,
          "Plan Width": 8,
          "Actual Startup Time": 678.85,
          "Actual Total Time": 730.678,
          "Actual Rows": 7,
          "Actual Loops": 1,
          "Workers Planned": 6,
          "Workers Launched": 6,
          "Single Copy": false,
          "Plans": [
            {
              "Node Type": "Aggregate",
              "Strategy": "Plain",
              "Partial Mode": "Partial",
              "Parent Relationship": "Outer",
              "Parallel Aware": false,
              "Startup Cost": 333788.83,
              "Total Cost": 333788.84,
              "Plan Rows": 1,
              "Plan Width": 8,
              "Actual Startup Time": 670.32,
              "Actual Total Time": 670.321,
              "Actual Rows": 1,
              "Actual Loops": 7,
              "Plans": [
                {
                  "Node Type": "Seq Scan",
                  "Parent Relationship": "Outer",
                  "Parallel Aware": true,
                  "Relation Name": "cast_info",
                  "Alias": "ci",
                  "Startup Cost": 0.0,
                  "Total Cost": 328211.39,
                  "Plan Rows": 2230977,
                  "Plan Width": 0,
                  "Actual Startup Time": 0.051,
                  "Actual Total Time": 576.303,
                  "Actual Rows": 1928731,
                  "Actual Loops": 7,
                  "Filter": "(person_id < 1330953)",
                  "Rows Removed by Filter": 3249033
                }
              ]
            }
          ]
        }
      ]
    },
    "Planning Time": 0.131,
    "Triggers": [],
    "Execution Time": 730.742
  }
]