[
  {
    "Plan": {
      "Node Type": "Aggregate",
      "Strategy": "Plain",
      "Partial Mode": "Finalize",
      "Parallel Aware": false,
      "Startup Cost": 334788.15,
      "Total Cost": 334788.16,
      "Plan Rows": 1,
      "Plan Width": 8,
      "Actual Startup Time": 660.582,
      "Actual Total Time": 714.035,
      "Actual Rows": 1,
      "Actual Loops": 1,
      "Plans": [
        {
          "Node Type": "Gather",
          "Parent Relationship": "Outer",
          "Parallel Aware": false,
          "Startup Cost": 334787.53,
          "Total Cost": 334788.14,
          "Plan Rows": 6,
          "Plan Width": 8,
          "Actual Startup Time": 660.467,
          "Actual Total Time": 714.024,
          "Actual Rows": 7,
          "Actual Loops": 1,
          "Workers Planned": 6,
          "Workers Launched": 6,
          "Single Copy": false,
          "Plans": [
            {
              "Node Type": "Aggregate",
              "Strategy": "Plain",
              "Partial Mode": "Partial",
              "Parent Relationship": "Outer",
              "Parallel Aware": false,
              "Startup Cost": 333787.53,
              "Total Cost": 333787.54,
              "Plan Rows": 1,
              "Plan Width": 8,
              "Actual Startup Time": 651.908,
              "Actual Total Time": 651.909,
              "Actual Rows": 1,
              "Actual Loops": 7,
              "Plans": [
                {
                  "Node Type": "Seq Scan",
                  "Parent Relationship": "Outer",
                  "Parallel Aware": true,
                  "Relation Name": "cast_info",
                  "Alias": "ci",
                  "Startup Cost": 0.0,
                  "Total Cost": 328162.03,
                  "Plan Rows": 2250200,
                  "Plan Width": 0,
                  "Actual Startup Time": 0.044,
                  "Actual Total Time": 566.832,
                  "Actual Rows": 1928731,
                  "Actual Loops": 7,
                  "Filter": "(person_id < 1330953)",
                  "Rows Removed by Filter": 3249033
                }
              ]
            }
          ]
        }
      ]
    },
    "Planning Time": 0.196,
    "Triggers": [],
    "Execution Time": 714.111
  }
]