[
    {
        "Bao": {
            "Bao prediction": "NaN",
            "Bao recommended hint": "(no hint)"
        }
    },
    {
        "Plan": {
            "Node Type": "Aggregate",
            "Strategy": "Plain",
            "Partial Mode": "Finalize",
            "Parallel Aware": false,
            "Startup Cost": 42073.04,
            "Total Cost": 42073.05,
            "Plan Rows": 1,
            "Plan Width": 8,
            "Actual Startup Time": 129.334,
            "Actual Total Time": 136.796,
            "Actual Rows": 1,
            "Actual Loops": 1,
            "Output": [
                "count(*)"
            ],
            "Plans": [
                {
                    "Node Type": "Gather",
                    "Parent Relationship": "Outer",
                    "Parallel Aware": false,
                    "Startup Cost": 42072.72,
                    "Total Cost": 42073.03,
                    "Plan Rows": 3,
                    "Plan Width": 8,
                    "Actual Startup Time": 128.92,
                    "Actual Total Time": 136.787,
                    "Actual Rows": 4,
                    "Actual Loops": 1,
                    "Output": [
                        "(PARTIAL count(*))"
                    ],
                    "Workers Planned": 3,
                    "Workers Launched": 3,
                    "Single Copy": false,
                    "Plans": [
                        {
                            "Node Type": "Aggregate",
                            "Strategy": "Plain",
                            "Partial Mode": "Partial",
                            "Parent Relationship": "Outer",
                            "Parallel Aware": false,
                            "Startup Cost": 41072.72,
                            "Total Cost": 41072.73,
                            "Plan Rows": 1,
                            "Plan Width": 8,
                            "Actual Startup Time": 120.36,
                            "Actual Total Time": 120.362,
                            "Actual Rows": 1,
                            "Actual Loops": 4,
                            "Output": [
                                "PARTIAL count(*)"
                            ],
                            "Workers": [
                                {
                                    "Worker Number": 0,
                                    "Actual Startup Time": 117.201,
                                    "Actual Total Time": 117.203,
                                    "Actual Rows": 1,
                                    "Actual Loops": 1
                                },
                                {
                                    "Worker Number": 1,
                                    "Actual Startup Time": 117.701,
                                    "Actual Total Time": 117.703,
                                    "Actual Rows": 1,
                                    "Actual Loops": 1
                                },
                                {
                                    "Worker Number": 2,
                                    "Actual Startup Time": 117.888,
                                    "Actual Total Time": 117.889,
                                    "Actual Rows": 1,
                                    "Actual Loops": 1
                                }
                            ],
                            "Plans": [
                                {
                                    "Node Type": "Bitmap Heap Scan",
                                    "Parent Relationship": "Outer",
                                    "Parallel Aware": true,
                                    "Relation Name": "movie_keyword",
                                    "Schema": "public",
                                    "Alias": "mk",
                                    "Startup Cost": 13532.13,
                                    "Total Cost": 40558.29,
                                    "Plan Rows": 205773,
                                    "Plan Width": 0,
                                    "Actual Startup Time": 34.388,
                                    "Actual Total Time": 111.637,
                                    "Actual Rows": 155159,
                                    "Actual Loops": 4,
                                    "Recheck Cond": "(mk.keyword_id > 29382)",
                                    "Rows Removed by Index Recheck": 0,
                                    "Exact Heap Blocks": 9983,
                                    "Lossy Heap Blocks": 0,
                                    "Workers": [
                                        {
                                            "Worker Number": 0,
                                            "Actual Startup Time": 31.247,
                                            "Actual Total Time": 109.241,
                                            "Actual Rows": 90228,
                                            "Actual Loops": 1
                                        },
                                        {
                                            "Worker Number": 1,
                                            "Actual Startup Time": 31.929,
                                            "Actual Total Time": 109.642,
                                            "Actual Rows": 134523,
                                            "Actual Loops": 1
                                        },
                                        {
                                            "Worker Number": 2,
                                            "Actual Startup Time": 32.003,
                                            "Actual Total Time": 109.906,
                                            "Actual Rows": 132094,
                                            "Actual Loops": 1
                                        }
                                    ],
                                    "Plans": [
                                        {
                                            "Node Type": "Bitmap Index Scan",
                                            "Parent Relationship": "Outer",
                                            "Parallel Aware": false,
                                            "Index Name": "keyword_id_movie_keyword",
                                            "Startup Cost": 0.0,
                                            "Total Cost": 13372.65,
                                            "Plan Rows": 637896,
                                            "Plan Width": 0,
                                            "Actual Startup Time": 38.977,
                                            "Actual Total Time": 38.978,
                                            "Actual Rows": 620636,
                                            "Actual Loops": 1,
                                            "Index Cond": "(mk.keyword_id > 29382)"
                                        }
                                    ]
                                }
                            ]
                        }
                    ]
                }
            ]
        },
        "Planning Time": 191.051,
        "Triggers": [],
        "Execution Time": 136.845
    }
]