[
  {
    "Plan": {
      "Node Type": "Aggregate",
      "Strategy": "Plain",
      "Partial Mode": "Finalize",
      "Parallel Aware": false,
      "Startup Cost": 90531.95,
      "Total Cost": 90531.96,
      "Plan Rows": 1,
      "Plan Width": 8,
      "Actual Startup Time": 349.284,
      "Actual Total Time": 386.845,
      "Actual Rows": 1,
      "Actual Loops": 1,
      "Plans": [
        {
          "Node Type": "Gather",
          "Parent Relationship": "Outer",
          "Parallel Aware": false,
          "Startup Cost": 90531.63,
          "Total Cost": 90531.94,
          "Plan Rows": 3,
          "Plan Width": 8,
          "Actual Startup Time": 349.084,
          "Actual Total Time": 386.835,
          "Actual Rows": 4,
          "Actual Loops": 1,
          "Workers Planned": 3,
          "Workers Launched": 3,
          "Single Copy": false,
          "Plans": [
            {
              "Node Type": "Aggregate",
              "Strategy": "Plain",
              "Partial Mode": "Partial",
              "Parent Relationship": "Outer",
              "Parallel Aware": false,
              "Startup Cost": 89531.63,
              "Total Cost": 89531.64,
              "Plan Rows": 1,
              "Plan Width": 8,
              "Actual Startup Time": 340.135,
              "Actual Total Time": 340.138,
              "Actual Rows": 1,
              "Actual Loops": 4,
              "Plans": [
                {
                  "Node Type": "Nested Loop",
                  "Parent Relationship": "Outer",
                  "Parallel Aware": false,
                  "Join Type": "Inner",
                  "Startup Cost": 45563.91,
                  "Total Cost": 89530.36,
                  "Plan Rows": 506,
                  "Plan Width": 0,
                  "Actual Startup Time": 92.434,
                  "Actual Total Time": 339.885,
                  "Actual Rows": 2497,
                  "Actual Loops": 4,
                  "Inner Unique": false,
                  "Join Filter": "(t.id = mi.movie_id)",
                  "Rows Removed by Join Filter": 0,
                  "Plans": [
                    {
                      "Node Type": "Hash Join",
                      "Parent Relationship": "Outer",
                      "Parallel Aware": true,
                      "Join Type": "Inner",
                      "Startup Cost": 45563.47,
                      "Total Cost": 74979.36,
                      "Plan Rows": 8988,
                      "Plan Width": 8,
                      "Actual Startup Time": 91.345,
                      "Actual Total Time": 208.45,
                      "Actual Rows": 10080,
                      "Actual Loops": 4,
                      "Inner Unique": true,
                      "Hash Cond": "(mc.movie_id = t.id)",
                      "Plans": [
                        {
                          "Node Type": "Seq Scan",
                          "Parent Relationship": "Outer",
                          "Parallel Aware": true,
                          "Relation Name": "movie_companies",
                          "Alias": "mc",
                          "Startup Cost": 0.0,
                          "Total Cost": 27206.55,
                          "Plan Rows": 841655,
                          "Plan Width": 4,
                          "Actual Startup Time": 0.015,
                          "Actual Total Time": 51.799,
                          "Actual Rows": 652282,
                          "Actual Loops": 4
                        },
                        {
                          "Node Type": "Hash",
                          "Parent Relationship": "Inner",
                          "Parallel Aware": true,
                          "Startup Cost": 45479.1,
                          "Total Cost": 45479.1,
                          "Plan Rows": 6750,
                          "Plan Width": 4,
                          "Actual Startup Time": 90.046,
                          "Actual Total Time": 90.047,
                          "Actual Rows": 6771,
                          "Actual Loops": 4,
                          "Hash Buckets": 32768,
                          "Original Hash Buckets": 32768,
                          "Hash Batches": 1,
                          "Original Hash Batches": 1,
                          "Peak Memory Usage": 1376,
                          "Plans": [
                            {
                              "Node Type": "Seq Scan",
                              "Parent Relationship": "Outer",
                              "Parallel Aware": true,
                              "Relation Name": "title",
                              "Alias": "t",
                              "Startup Cost": 0.0,
                              "Total Cost": 45479.1,
                              "Plan Rows": 6750,
                              "Plan Width": 4,
                              "Actual Startup Time": 0.464,
                              "Actual Total Time": 87.747,
                              "Actual Rows": 6771,
                              "Actual Loops": 4,
                              "Filter": "((kind_id < 7) AND (production_year > 2012))",
                              "Rows Removed by Filter": 625307
                            }
                          ]
                        }
                      ]
                    },
                    {
                      "Node Type": "Index Scan",
                      "Parent Relationship": "Inner",
                      "Parallel Aware": false,
                      "Scan Direction": "Forward",
                      "Index Name": "movie_id_movie_info",
                      "Relation Name": "movie_info",
                      "Alias": "mi",
                      "Startup Cost": 0.43,
                      "Total Cost": 1.61,
                      "Plan Rows": 1,
                      "Plan Width": 4,
                      "Actual Startup Time": 0.011,
                      "Actual Total Time": 0.013,
                      "Actual Rows": 0,
                      "Actual Loops": 40318,
                      "Index Cond": "(movie_id = mc.movie_id)",
                      "Rows Removed by Index Recheck": 0,
                      "Filter": "(info_type_id = 9)",
                      "Rows Removed by Filter": 13
                    }
                  ]
                }
              ]
            }
          ]
        }
      ]
    },
    "Planning Time": 1.502,
    "Triggers": [],
    "Execution Time": 386.955
  }
]