{
    "Plan": {
        "Node Type": "Aggregate",
        "Strategy": "Plain",
        "Partial Mode": "Finalize",
        "Parallel Aware": false,
        "Startup Cost": 252489.51,
        "Total Cost": 252489.52,
        "Plan Rows": 1,
        "Plan Width": 8,
        "Actual Startup Time": 715.852,
        "Actual Total Time": 756.348,
        "Actual Rows": 1,
        "Actual Loops": 1,
        "Output": [
            "count(*)"
        ],
        "Plans": [
            {
                "Node Type": "Gather",
                "Parent Relationship": "Outer",
                "Parallel Aware": false,
                "Startup Cost": 252488.99,
                "Total Cost": 252489.5,
                "Plan Rows": 5,
                "Plan Width": 8,
                "Actual Startup Time": 713.649,
                "Actual Total Time": 756.335,
                "Actual Rows": 6,
                "Actual Loops": 1,
                "Output": [
                    "(PARTIAL count(*))"
                ],
                "Workers Planned": 5,
                "Workers Launched": 5,
                "Single Copy": false,
                "Plans": [
                    {
                        "Node Type": "Aggregate",
                        "Strategy": "Plain",
                        "Partial Mode": "Partial",
                        "Parent Relationship": "Outer",
                        "Parallel Aware": false,
                        "Startup Cost": 251488.99,
                        "Total Cost": 251489.0,
                        "Plan Rows": 1,
                        "Plan Width": 8,
                        "Actual Startup Time": 703.363,
                        "Actual Total Time": 703.366,
                        "Actual Rows": 1,
                        "Actual Loops": 6,
                        "Output": [
                            "PARTIAL count(*)"
                        ],
                        "Workers": [
                            {
                                "Worker Number": 0,
                                "Actual Startup Time": 701.456,
                                "Actual Total Time": 701.459,
                                "Actual Rows": 1,
                                "Actual Loops": 1
                            },
                            {
                                "Worker Number": 1,
                                "Actual Startup Time": 701.193,
                                "Actual Total Time": 701.195,
                                "Actual Rows": 1,
                                "Actual Loops": 1
                            },
                            {
                                "Worker Number": 2,
                                "Actual Startup Time": 701.281,
                                "Actual Total Time": 701.284,
                                "Actual Rows": 1,
                                "Actual Loops": 1
                            },
                            {
                                "Worker Number": 3,
                                "Actual Startup Time": 701.747,
                                "Actual Total Time": 701.749,
                                "Actual Rows": 1,
                                "Actual Loops": 1
                            },
                            {
                                "Worker Number": 4,
                                "Actual Startup Time": 701.746,
                                "Actual Total Time": 701.748,
                                "Actual Rows": 1,
                                "Actual Loops": 1
                            }
                        ],
                        "Plans": [
                            {
                                "Node Type": "Hash Join",
                                "Parent Relationship": "Outer",
                                "Parallel Aware": true,
                                "Join Type": "Inner",
                                "Startup Cost": 47027.83,
                                "Total Cost": 250611.16,
                                "Plan Rows": 351133,
                                "Plan Width": 0,
                                "Actual Startup Time": 134.639,
                                "Actual Total Time": 683.073,
                                "Actual Rows": 469979,
                                "Actual Loops": 6,
                                "Inner Unique": true,
                                "Hash Cond": "(mi.movie_id = t.id)",
                                "Workers": [
                                    {
                                        "Worker Number": 0,
                                        "Actual Startup Time": 132.445,
                                        "Actual Total Time": 680.121,
                                        "Actual Rows": 324179,
                                        "Actual Loops": 1
                                    },
                                    {
                                        "Worker Number": 1,
                                        "Actual Startup Time": 132.514,
                                        "Actual Total Time": 681.515,
                                        "Actual Rows": 493327,
                                        "Actual Loops": 1
                                    },
                                    {
                                        "Worker Number": 2,
                                        "Actual Startup Time": 132.622,
                                        "Actual Total Time": 682.742,
                                        "Actual Rows": 462265,
                                        "Actual Loops": 1
                                    },
                                    {
                                        "Worker Number": 3,
                                        "Actual Startup Time": 133.084,
                                        "Actual Total Time": 681.983,
                                        "Actual Rows": 496663,
                                        "Actual Loops": 1
                                    },
                                    {
                                        "Worker Number": 4,
                                        "Actual Startup Time": 133.059,
                                        "Actual Total Time": 682.223,
                                        "Actual Rows": 488089,
                                        "Actual Loops": 1
                                    }
                                ],
                                "Plans": [
                                    {
                                        "Node Type": "Seq Scan",
                                        "Parent Relationship": "Outer",
                                        "Parallel Aware": true,
                                        "Relation Name": "movie_info",
                                        "Schema": "public",
                                        "Alias": "mi",
                                        "Startup Cost": 0.0,
                                        "Total Cost": 198880.74,
                                        "Plan Rows": 1791457,
                                        "Plan Width": 4,
                                        "Actual Startup Time": 15.48,
                                        "Actual Total Time": 326.027,
                                        "Actual Rows": 1491793,
                                        "Actual Loops": 6,
                                        "Output": [
                                            "mi.id",
                                            "mi.movie_id",
                                            "mi.info_type_id",
                                            "mi.info",
                                            "mi.note"
                                        ],
                                        "Filter": "(mi.info_type_id > 6)",
                                        "Rows Removed by Filter": 980827,
                                        "Workers": [
                                            {
                                                "Worker Number": 0,
                                                "Actual Startup Time": 15.482,
                                                "Actual Total Time": 336.956,
                                                "Actual Rows": 1042140,
                                                "Actual Loops": 1
                                            },
                                            {
                                                "Worker Number": 1,
                                                "Actual Startup Time": 15.475,
                                                "Actual Total Time": 329.176,
                                                "Actual Rows": 1565582,
                                                "Actual Loops": 1
                                            },
                                            {
                                                "Worker Number": 2,
                                                "Actual Startup Time": 15.479,
                                                "Actual Total Time": 333.894,
                                                "Actual Rows": 1449229,
                                                "Actual Loops": 1
                                            },
                                            {
                                                "Worker Number": 3,
                                                "Actual Startup Time": 15.479,
                                                "Actual Total Time": 330.605,
                                                "Actual Rows": 1583217,
                                                "Actual Loops": 1
                                            },
                                            {
                                                "Worker Number": 4,
                                                "Actual Startup Time": 15.49,
                                                "Actual Total Time": 329.387,
                                                "Actual Rows": 1551227,
                                                "Actual Loops": 1
                                            }
                                        ]
                                    },
                                    {
                                        "Node Type": "Hash",
                                        "Parent Relationship": "Inner",
                                        "Parallel Aware": true,
                                        "Startup Cost": 45479.21,
                                        "Total Cost": 45479.21,
                                        "Plan Rows": 123890,
                                        "Plan Width": 4,
                                        "Actual Startup Time": 102.702,
                                        "Actual Total Time": 102.703,
                                        "Actual Rows": 60777,
                                        "Actual Loops": 6,
                                        "Output": [
                                            "t.id"
                                        ],
                                        "Hash Buckets": 524288,
                                        "Original Hash Buckets": 524288,
                                        "Hash Batches": 1,
                                        "Original Hash Batches": 1,
                                        "Peak Memory Usage": 18464,
                                        "Workers": [
                                            {
                                                "Worker Number": 0,
                                                "Actual Startup Time": 102.496,
                                                "Actual Total Time": 102.497,
                                                "Actual Rows": 45049,
                                                "Actual Loops": 1
                                            },
                                            {
                                                "Worker Number": 1,
                                                "Actual Startup Time": 102.582,
                                                "Actual Total Time": 102.583,
                                                "Actual Rows": 63915,
                                                "Actual Loops": 1
                                            },
                                            {
                                                "Worker Number": 2,
                                                "Actual Startup Time": 102.662,
                                                "Actual Total Time": 102.663,
                                                "Actual Rows": 58650,
                                                "Actual Loops": 1
                                            },
                                            {
                                                "Worker Number": 3,
                                                "Actual Startup Time": 103.105,
                                                "Actual Total Time": 103.106,
                                                "Actual Rows": 63466,
                                                "Actual Loops": 1
                                            },
                                            {
                                                "Worker Number": 4,
                                                "Actual Startup Time": 103.107,
                                                "Actual Total Time": 103.108,
                                                "Actual Rows": 63240,
                                                "Actual Loops": 1
                                            }
                                        ],
                                        "Plans": [
                                            {
                                                "Node Type": "Seq Scan",
                                                "Parent Relationship": "Outer",
                                                "Parallel Aware": true,
                                                "Relation Name": "title",
                                                "Schema": "public",
                                                "Alias": "t",
                                                "Startup Cost": 0.0,
                                                "Total Cost": 45479.21,
                                                "Plan Rows": 123890,
                                                "Plan Width": 4,
                                                "Actual Startup Time": 42.568,
                                                "Actual Total Time": 79.428,
                                                "Actual Rows": 60777,
                                                "Actual Loops": 6,
                                                "Output": [
                                                    "t.id"
                                                ],
                                                "Filter": "((t.production_year > 1984) AND (t.kind_id = 1))",
                                                "Rows Removed by Filter": 360608,
                                                "Workers": [
                                                    {
                                                        "Worker Number": 0,
                                                        "Actual Startup Time": 49.717,
                                                        "Actual Total Time": 80.768,
                                                        "Actual Rows": 45049,
                                                        "Actual Loops": 1
                                                    },
                                                    {
                                                        "Worker Number": 1,
                                                        "Actual Startup Time": 7.124,
                                                        "Actual Total Time": 79.38,
                                                        "Actual Rows": 63915,
                                                        "Actual Loops": 1
                                                    },
                                                    {
                                                        "Worker Number": 2,
                                                        "Actual Startup Time": 49.534,
                                                        "Actual Total Time": 79.676,
                                                        "Actual Rows": 58650,
                                                        "Actual Loops": 1
                                                    },
                                                    {
                                                        "Worker Number": 3,
                                                        "Actual Startup Time": 49.596,
                                                        "Actual Total Time": 79.336,
                                                        "Actual Rows": 63466,
                                                        "Actual Loops": 1
                                                    },
                                                    {
                                                        "Worker Number": 4,
                                                        "Actual Startup Time": 49.74,
                                                        "Actual Total Time": 79.475,
                                                        "Actual Rows": 63240,
                                                        "Actual Loops": 1
                                                    }
                                                ]
                                            }
                                        ]
                                    }
                                ]
                            }
                        ]
                    }
                ]
            }
        ]
    },
    "Planning Time": 0.812,
    "Triggers": [],
    "Execution Time": 756.433
}