[
  {
    "Plan": {
      "Node Type": "Aggregate",
      "Strategy": "Plain",
      "Partial Mode": "Finalize",
      "Parallel Aware": false,
      "Startup Cost": 16177.77,
      "Total Cost": 16177.78,
      "Plan Rows": 1,
      "Plan Width": 8,
      "Actual Startup Time": 12.555,
      "Actual Total Time": 14.568,
      "Actual Rows": 1,
      "Actual Loops": 1,
      "Plans": [
        {
          "Node Type": "Gather",
          "Parent Relationship": "Outer",
          "Parallel Aware": false,
          "Startup Cost": 16177.66,
          "Total Cost": 16177.77,
          "Plan Rows": 1,
          "Plan Width": 8,
          "Actual Startup Time": 12.356,
          "Actual Total Time": 14.563,
          "Actual Rows": 2,
          "Actual Loops": 1,
          "Workers Planned": 1,
          "Workers Launched": 1,
          "Single Copy": false,
          "Plans": [
            {
              "Node Type": "Aggregate",
              "Strategy": "Plain",
              "Partial Mode": "Partial",
              "Parent Relationship": "Outer",
              "Parallel Aware": false,
              "Startup Cost": 15177.66,
              "Total Cost": 15177.67,
              "Plan Rows": 1,
              "Plan Width": 8,
              "Actual Startup Time": 6.627,
              "Actual Total Time": 6.629,
              "Actual Rows": 1,
              "Actual Loops": 2,
              "Plans": [
                {
                  "Node Type": "Nested Loop",
                  "Parent Relationship": "Outer",
                  "Parallel Aware": false,
                  "Join Type": "Inner",
                  "Startup Cost": 67.83,
                  "Total Cost": 15177.27,
                  "Plan Rows": 156,
                  "Plan Width": 0,
                  "Actual Startup Time": 1.045,
                  "Actual Total Time": 6.569,
                  "Actual Rows": 430,
                  "Actual Loops": 2,
                  "Inner Unique": true,
                  "Join Filter": "(mc.movie_id = t.id)",
                  "Rows Removed by Join Filter": 0,
                  "Plans": [
                    {
                      "Node Type": "Nested Loop",
                      "Parent Relationship": "Outer",
                      "Parallel Aware": false,
                      "Join Type": "Inner",
                      "Startup Cost": 67.4,
                      "Total Cost": 14519.13,
                      "Plan Rows": 776,
                      "Plan Width": 8,
                      "Actual Startup Time": 1.038,
                      "Actual Total Time": 4.901,
                      "Actual Rows": 430,
                      "Actual Loops": 2,
                      "Inner Unique": false,
                      "Plans": [
                        {
                          "Node Type": "Bitmap Heap Scan",
                          "Parent Relationship": "Outer",
                          "Parallel Aware": true,
                          "Relation Name": "movie_companies",
                          "Alias": "mc",
                          "Startup Cost": 66.97,
                          "Total Cost": 7918.68,
                          "Plan Rows": 851,
                          "Plan Width": 4,
                          "Actual Startup Time": 1.026,
                          "Actual Total Time": 2.491,
                          "Actual Rows": 884,
                          "Actual Loops": 2,
                          "Recheck Cond": "(company_id = 329)",
                          "Rows Removed by Index Recheck": 0,
                          "Filter": "(company_type_id = 1)",
                          "Rows Removed by Filter": 1008,
                          "Exact Heap Blocks": 1393,
                          "Lossy Heap Blocks": 0,
                          "Plans": [
                            {
                              "Node Type": "Bitmap Index Scan",
                              "Parent Relationship": "Outer",
                              "Parallel Aware": false,
                              "Index Name": "company_id_movie_companies",
                              "Startup Cost": 0.0,
                              "Total Cost": 66.61,
                              "Plan Rows": 2957,
                              "Plan Width": 0,
                              "Actual Startup Time": 0.8,
                              "Actual Total Time": 0.801,
                              "Actual Rows": 3783,
                              "Actual Loops": 1,
                              "Index Cond": "(company_id = 329)"
                            }
                          ]
                        },
                        {
                          "Node Type": "Index Scan",
                          "Parent Relationship": "Inner",
                          "Parallel Aware": false,
                          "Scan Direction": "Forward",
                          "Index Name": "movie_id_movie_info_idx",
                          "Relation Name": "movie_info_idx",
                          "Alias": "mi_idx",
                          "Startup Cost": 0.43,
                          "Total Cost": 7.75,
                          "Plan Rows": 1,
                          "Plan Width": 4,
                          "Actual Startup Time": 0.002,
                          "Actual Total Time": 0.002,
                          "Actual Rows": 0,
                          "Actual Loops": 1768,
                          "Index Cond": "(movie_id = mc.movie_id)",
                          "Rows Removed by Index Recheck": 0,
                          "Filter": "(info_type_id = 101)",
                          "Rows Removed by Filter": 1
                        }
                      ]
                    },
                    {
                      "Node Type": "Index Only Scan",
                      "Parent Relationship": "Inner",
                      "Parallel Aware": false,
                      "Scan Direction": "Forward",
                      "Index Name": "title_pkey",
                      "Relation Name": "title",
                      "Alias": "t",
                      "Startup Cost": 0.43,
                      "Total Cost": 0.84,
                      "Plan Rows": 1,
                      "Plan Width": 4,
                      "Actual Startup Time": 0.004,
                      "Actual Total Time": 0.004,
                      "Actual Rows": 1,
                      "Actual Loops": 859,
                      "Index Cond": "(id = mi_idx.movie_id)",
                      "Rows Removed by Index Recheck": 0,
                      "Heap Fetches": 859
                    }
                  ]
                }
              ]
            }
          ]
        }
      ]
    },
    "Planning Time": 0.438,
    "Triggers": [],
    "Execution Time": 14.608
  }
]