[
  {
    "Plan": {
      "Node Type": "Aggregate",
      "Strategy": "Plain",
      "Partial Mode": "Finalize",
      "Parallel Aware": false,
      "Startup Cost": 46351.73,
      "Total Cost": 46351.74,
      "Plan Rows": 1,
      "Plan Width": 8,
      "Actual Startup Time": 177.936,
      "Actual Total Time": 188.655,
      "Actual Rows": 1,
      "Actual Loops": 1,
      "Plans": [
        {
          "Node Type": "Gather",
          "Parent Relationship": "Outer",
          "Parallel Aware": false,
          "Startup Cost": 46351.41,
          "Total Cost": 46351.72,
          "Plan Rows": 3,
          "Plan Width": 8,
          "Actual Startup Time": 177.787,
          "Actual Total Time": 188.646,
          "Actual Rows": 4,
          "Actual Loops": 1,
          "Workers Planned": 3,
          "Workers Launched": 3,
          "Single Copy": false,
          "Plans": [
            {
              "Node Type": "Aggregate",
              "Strategy": "Plain",
              "Partial Mode": "Partial",
              "Parent Relationship": "Outer",
              "Parallel Aware": false,
              "Startup Cost": 45351.41,
              "Total Cost": 45351.42,
              "Plan Rows": 1,
              "Plan Width": 8,
              "Actual Startup Time": 169.349,
              "Actual Total Time": 169.35,
              "Actual Rows": 1,
              "Actual Loops": 4,
              "Plans": [
                {
                  "Node Type": "Seq Scan",
                  "Parent Relationship": "Outer",
                  "Parallel Aware": true,
                  "Relation Name": "movie_keyword",
                  "Alias": "mk",
                  "Startup Cost": 0.0,
                  "Total Cost": 42695.65,
                  "Plan Rows": 1062303,
                  "Plan Width": 0,
                  "Actual Startup Time": 0.063,
                  "Actual Total Time": 130.555,
                  "Actual Rows": 821796,
                  "Actual Loops": 4,
                  "Filter": "(keyword_id < 14634)",
                  "Rows Removed by Filter": 309186
                }
              ]
            }
          ]
        }
      ]
    },
    "Planning Time": 0.184,
    "Triggers": [],
    "Execution Time": 188.713
  }
]