[
  {
    "Plan": {
      "Node Type": "Aggregate",
      "Strategy": "Plain",
      "Partial Mode": "Finalize",
      "Parallel Aware": false,
      "Startup Cost": 467147.54,
      "Total Cost": 467147.55,
      "Plan Rows": 1,
      "Plan Width": 8,
      "Actual Startup Time": 3632.028,
      "Actual Total Time": 3708.39,
      "Actual Rows": 1,
      "Actual Loops": 1,
      "Plans": [
        {
          "Node Type": "Gather",
          "Parent Relationship": "Outer",
          "Parallel Aware": false,
          "Startup Cost": 467146.92,
          "Total Cost": 467147.53,
          "Plan Rows": 6,
          "Plan Width": 8,
          "Actual Startup Time": 3605.6,
          "Actual Total Time": 3708.374,
          "Actual Rows": 7,
          "Actual Loops": 1,
          "Workers Planned": 6,
          "Workers Launched": 6,
          "Single Copy": false,
          "Plans": [
            {
              "Node Type": "Aggregate",
              "Strategy": "Plain",
              "Partial Mode": "Partial",
              "Parent Relationship": "Outer",
              "Parallel Aware": false,
              "Startup Cost": 466146.92,
              "Total Cost": 466146.93,
              "Plan Rows": 1,
              "Plan Width": 8,
              "Actual Startup Time": 3585.263,
              "Actual Total Time": 3585.922,
              "Actual Rows": 1,
              "Actual Loops": 7,
              "Plans": [
                {
                  "Node Type": "Hash Join",
                  "Parent Relationship": "Outer",
                  "Parallel Aware": true,
                  "Join Type": "Inner",
                  "Startup Cost": 109057.26,
                  "Total Cost": 462121.85,
                  "Plan Rows": 1610028,
                  "Plan Width": 0,
                  "Actual Startup Time": 1218.523,
                  "Actual Total Time": 3147.843,
                  "Actual Rows": 7219283,
                  "Actual Loops": 7,
                  "Inner Unique": false,
                  "Hash Cond": "(ci.movie_id = t.id)",
                  "Plans": [
                    {
                      "Node Type": "Seq Scan",
                      "Parent Relationship": "Outer",
                      "Parallel Aware": true,
                      "Relation Name": "cast_info",
                      "Alias": "ci",
                      "Startup Cost": 0.0,
                      "Total Cost": 343257.03,
                      "Plan Rows": 1230378,
                      "Plan Width": 4,
                      "Actual Startup Time": 412.822,
                      "Actual Total Time": 895.512,
                      "Actual Rows": 1596102,
                      "Actual Loops": 7,
                      "Filter": "((person_id > 2584586) AND (role_id > 1))",
                      "Rows Removed by Filter": 3581661
                    },
                    {
                      "Node Type": "Hash",
                      "Parent Relationship": "Inner",
                      "Parallel Aware": true,
                      "Startup Cost": 95716.8,
                      "Total Cost": 95716.8,
                      "Plan Rows": 1067237,
                      "Plan Width": 8,
                      "Actual Startup Time": 798.917,
                      "Actual Total Time": 799.574,
                      "Actual Rows": 471820,
                      "Actual Loops": 7,
                      "Hash Buckets": 4194304,
                      "Original Hash Buckets": 4194304,
                      "Hash Batches": 1,
                      "Original Hash Batches": 1,
                      "Peak Memory Usage": 162112,
                      "Plans": [
                        {
                          "Node Type": "Hash Join",
                          "Parent Relationship": "Outer",
                          "Parallel Aware": true,
                          "Join Type": "Inner",
                          "Startup Cost": 50219.64,
                          "Total Cost": 95716.8,
                          "Plan Rows": 1067237,
                          "Plan Width": 8,
                          "Actual Startup Time": 325.434,
                          "Actual Total Time": 570.021,
                          "Actual Rows": 471820,
                          "Actual Loops": 7,
                          "Inner Unique": true,
                          "Hash Cond": "(mk.movie_id = t.id)",
                          "Plans": [
                            {
                              "Node Type": "Seq Scan",
                              "Parent Relationship": "Outer",
                              "Parallel Aware": true,
                              "Relation Name": "movie_keyword",
                              "Alias": "mk",
                              "Startup Cost": 0.0,
                              "Total Cost": 42695.65,
                              "Plan Rows": 1067237,
                              "Plan Width": 4,
                              "Actual Startup Time": 0.048,
                              "Actual Total Time": 109.875,
                              "Actual Rows": 471820,
                              "Actual Loops": 7,
                              "Filter": "(keyword_id < 14914)",
                              "Rows Removed by Filter": 174456
                            },
                            {
                              "Node Type": "Hash",
                              "Parent Relationship": "Inner",
                              "Parallel Aware": true,
                              "Startup Cost": 42318.73,
                              "Total Cost": 42318.73,
                              "Plan Rows": 632073,
                              "Plan Width": 4,
                              "Actual Startup Time": 320.666,
                              "Actual Total Time": 320.667,
                              "Actual Rows": 361187,
                              "Actual Loops": 7,
                              "Hash Buckets": 4194304,
                              "Original Hash Buckets": 4194304,
                              "Hash Batches": 1,
                              "Original Hash Batches": 1,
                              "Peak Memory Usage": 131776,
                              "Plans": [
                                {
                                  "Node Type": "Seq Scan",
                                  "Parent Relationship": "Outer",
                                  "Parallel Aware": true,
                                  "Relation Name": "title",
                                  "Alias": "t",
                                  "Startup Cost": 0.0,
                                  "Total Cost": 42318.73,
                                  "Plan Rows": 632073,
                                  "Plan Width": 4,
                                  "Actual Startup Time": 0.055,
                                  "Actual Total Time": 91.036,
                                  "Actual Rows": 361187,
                                  "Actual Loops": 7
                                }
                              ]
                            }
                          ]
                        }
                      ]
                    }
                  ]
                }
              ]
            }
          ]
        }
      ]
    },
    "Planning Time": 1.381,
    "Triggers": [],
    "Execution Time": 3708.484
  }
]