[
  {
    "Plan": {
      "Node Type": "Aggregate",
      "Strategy": "Plain",
      "Partial Mode": "Finalize",
      "Parallel Aware": false,
      "Startup Cost": 45492.26,
      "Total Cost": 45492.27,
      "Plan Rows": 1,
      "Plan Width": 8,
      "Actual Startup Time": 162.989,
      "Actual Total Time": 173.395,
      "Actual Rows": 1,
      "Actual Loops": 1,
      "Plans": [
        {
          "Node Type": "Gather",
          "Parent Relationship": "Outer",
          "Parallel Aware": false,
          "Startup Cost": 45491.94,
          "Total Cost": 45492.25,
          "Plan Rows": 3,
          "Plan Width": 8,
          "Actual Startup Time": 162.882,
          "Actual Total Time": 173.387,
          "Actual Rows": 4,
          "Actual Loops": 1,
          "Workers Planned": 3,
          "Workers Launched": 3,
          "Single Copy": false,
          "Plans": [
            {
              "Node Type": "Aggregate",
              "Strategy": "Plain",
              "Partial Mode": "Partial",
              "Parent Relationship": "Outer",
              "Parallel Aware": false,
              "Startup Cost": 44491.94,
              "Total Cost": 44491.95,
              "Plan Rows": 1,
              "Plan Width": 8,
              "Actual Startup Time": 155.544,
              "Actual Total Time": 155.545,
              "Actual Rows": 1,
              "Actual Loops": 4,
              "Plans": [
                {
                  "Node Type": "Seq Scan",
                  "Parent Relationship": "Outer",
                  "Parallel Aware": true,
                  "Relation Name": "movie_keyword",
                  "Alias": "mk",
                  "Startup Cost": 0.0,
                  "Total Cost": 42695.65,
                  "Plan Rows": 718516,
                  "Plan Width": 0,
                  "Actual Startup Time": 0.734,
                  "Actual Total Time": 126.719,
                  "Actual Rows": 556782,
                  "Actual Loops": 4,
                  "Filter": "(keyword_id > 4918)",
                  "Rows Removed by Filter": 574200
                }
              ]
            }
          ]
        }
      ]
    },
    "Planning Time": 0.175,
    "Triggers": [],
    "Execution Time": 173.448
  }
]