[
  {
    "Plan": {
      "Node Type": "Aggregate",
      "Strategy": "Plain",
      "Partial Mode": "Finalize",
      "Parallel Aware": false,
      "Startup Cost": 343761.34,
      "Total Cost": 343761.35,
      "Plan Rows": 1,
      "Plan Width": 8,
      "Actual Startup Time": 942.671,
      "Actual Total Time": 986.464,
      "Actual Rows": 1,
      "Actual Loops": 1,
      "Plans": [
        {
          "Node Type": "Gather",
          "Parent Relationship": "Outer",
          "Parallel Aware": false,
          "Startup Cost": 343760.72,
          "Total Cost": 343761.33,
          "Plan Rows": 6,
          "Plan Width": 8,
          "Actual Startup Time": 942.361,
          "Actual Total Time": 986.444,
          "Actual Rows": 7,
          "Actual Loops": 1,
          "Workers Planned": 6,
          "Workers Launched": 6,
          "Single Copy": false,
          "Plans": [
            {
              "Node Type": "Aggregate",
              "Strategy": "Plain",
              "Partial Mode": "Partial",
              "Parent Relationship": "Outer",
              "Parallel Aware": false,
              "Startup Cost": 342760.72,
              "Total Cost": 342760.73,
              "Plan Rows": 1,
              "Plan Width": 8,
              "Actual Startup Time": 932.315,
              "Actual Total Time": 932.316,
              "Actual Rows": 1,
              "Actual Loops": 7,
              "Plans": [
                {
                  "Node Type": "Seq Scan",
                  "Parent Relationship": "Outer",
                  "Parallel Aware": true,
                  "Relation Name": "cast_info",
                  "Alias": "ci",
                  "Startup Cost": 0.0,
                  "Total Cost": 328211.39,
                  "Plan Rows": 5819730,
                  "Plan Width": 0,
                  "Actual Startup Time": 25.082,
                  "Actual Total Time": 684.256,
                  "Actual Rows": 4980899,
                  "Actual Loops": 7,
                  "Filter": "(person_id > 137861)",
                  "Rows Removed by Filter": 196865
                }
              ]
            }
          ]
        }
      ]
    },
    "Planning Time": 0.081,
    "Triggers": [],
    "Execution Time": 986.503
  }
]