{
  "Plan": {
    "Node Type": "Aggregate",
    "Strategy": "Plain",
    "Partial Mode": "Finalize",
    "Parallel Aware": false,
    "Startup Cost": 201708.83,
    "Total Cost": 201708.84,
    "Plan Rows": 1,
    "Plan Width": 8,
    "Actual Startup Time": 141.517,
    "Actual Total Time": 153.591,
    "Actual Rows": 1,
    "Actual Loops": 1,
    "Plans": [
      {
        "Node Type": "Gather",
        "Parent Relationship": "Outer",
        "Parallel Aware": false,
        "Startup Cost": 201708.72,
        "Total Cost": 201708.83,
        "Plan Rows": 1,
        "Plan Width": 8,
        "Actual Startup Time": 141.39,
        "Actual Total Time": 153.583,
        "Actual Rows": 2,
        "Actual Loops": 1,
        "Workers Planned": 1,
        "Workers Launched": 1,
        "Single Copy": false,
        "Plans": [
          {
            "Node Type": "Aggregate",
            "Strategy": "Plain",
            "Partial Mode": "Partial",
            "Parent Relationship": "Outer",
            "Parallel Aware": false,
            "Startup Cost": 200708.72,
            "Total Cost": 200708.73,
            "Plan Rows": 1,
            "Plan Width": 8,
            "Actual Startup Time": 135.311,
            "Actual Total Time": 135.313,
            "Actual Rows": 1,
            "Actual Loops": 2,
            "Plans": [
              {
                "Node Type": "Nested Loop",
                "Parent Relationship": "Outer",
                "Parallel Aware": false,
                "Join Type": "Inner",
                "Startup Cost": 0.56,
                "Total Cost": 200703.22,
                "Plan Rows": 2201,
                "Plan Width": 0,
                "Actual Startup Time": 9.317,
                "Actual Total Time": 135.287,
                "Actual Rows": 128,
                "Actual Loops": 2,
                "Inner Unique": false,
                "Plans": [
                  {
                    "Node Type": "Seq Scan",
                    "Parent Relationship": "Outer",
                    "Parallel Aware": true,
                    "Relation Name": "title",
                    "Alias": "t",
                    "Startup Cost": 0.0,
                    "Total Cost": 58306.47,
                    "Plan Rows": 1044,
                    "Plan Width": 4,
                    "Actual Startup Time": 3.669,
                    "Actual Total Time": 131.724,
                    "Actual Rows": 68,
                    "Actual Loops": 2,
                    "Filter": "((production_year > 2013) AND (kind_id = 7))",
                    "Rows Removed by Filter": 1264088
                  },
                  {
                    "Node Type": "Index Scan",
                    "Parent Relationship": "Inner",
                    "Parallel Aware": false,
                    "Scan Direction": "Forward",
                    "Index Name": "movie_id_cast_info",
                    "Relation Name": "cast_info",
                    "Alias": "ci",
                    "Startup Cost": 0.56,
                    "Total Cost": 136.35,
                    "Plan Rows": 5,
                    "Plan Width": 4,
                    "Actual Startup Time": 0.037,
                    "Actual Total Time": 0.051,
                    "Actual Rows": 2,
                    "Actual Loops": 137,
                    "Index Cond": "(movie_id = t.id)",
                    "Rows Removed by Index Recheck": 0,
                    "Filter": "((person_id < 2722557) AND (role_id = 2))",
                    "Rows Removed by Filter": 8
                  }
                ]
              }
            ]
          }
        ]
      }
    ]
  },
  "Planning Time": 0.577,
  "Triggers": [],
  "Execution Time": 153.666
}