[
    {
        "Bao": {
            "Bao prediction": "NaN",
            "Bao recommended hint": "(no hint)"
        }
    },
    {
        "Plan": {
            "Node Type": "Aggregate",
            "Strategy": "Plain",
            "Partial Mode": "Finalize",
            "Parallel Aware": false,
            "Startup Cost": 26761.31,
            "Total Cost": 26761.32,
            "Plan Rows": 1,
            "Plan Width": 8,
            "Actual Startup Time": 93.722,
            "Actual Total Time": 99.014,
            "Actual Rows": 1,
            "Actual Loops": 1,
            "Output": [
                "count(*)"
            ],
            "Plans": [
                {
                    "Node Type": "Gather",
                    "Parent Relationship": "Outer",
                    "Parallel Aware": false,
                    "Startup Cost": 26760.99,
                    "Total Cost": 26761.3,
                    "Plan Rows": 3,
                    "Plan Width": 8,
                    "Actual Startup Time": 93.498,
                    "Actual Total Time": 99.007,
                    "Actual Rows": 4,
                    "Actual Loops": 1,
                    "Output": [
                        "(PARTIAL count(*))"
                    ],
                    "Workers Planned": 3,
                    "Workers Launched": 3,
                    "Single Copy": false,
                    "Plans": [
                        {
                            "Node Type": "Aggregate",
                            "Strategy": "Plain",
                            "Partial Mode": "Partial",
                            "Parent Relationship": "Outer",
                            "Parallel Aware": false,
                            "Startup Cost": 25760.99,
                            "Total Cost": 25761.0,
                            "Plan Rows": 1,
                            "Plan Width": 8,
                            "Actual Startup Time": 84.797,
                            "Actual Total Time": 84.799,
                            "Actual Rows": 1,
                            "Actual Loops": 4,
                            "Output": [
                                "PARTIAL count(*)"
                            ],
                            "Workers": [
                                {
                                    "Worker Number": 0,
                                    "Actual Startup Time": 81.715,
                                    "Actual Total Time": 81.717,
                                    "Actual Rows": 1,
                                    "Actual Loops": 1
                                },
                                {
                                    "Worker Number": 1,
                                    "Actual Startup Time": 82.086,
                                    "Actual Total Time": 82.088,
                                    "Actual Rows": 1,
                                    "Actual Loops": 1
                                },
                                {
                                    "Worker Number": 2,
                                    "Actual Startup Time": 82.426,
                                    "Actual Total Time": 82.428,
                                    "Actual Rows": 1,
                                    "Actual Loops": 1
                                }
                            ],
                            "Plans": [
                                {
                                    "Node Type": "Bitmap Heap Scan",
                                    "Parent Relationship": "Outer",
                                    "Parallel Aware": true,
                                    "Relation Name": "movie_companies",
                                    "Schema": "public",
                                    "Alias": "mc",
                                    "Startup Cost": 5608.58,
                                    "Total Cost": 25658.09,
                                    "Plan Rows": 41158,
                                    "Plan Width": 0,
                                    "Actual Startup Time": 35.34,
                                    "Actual Total Time": 80.952,
                                    "Actual Rows": 49700,
                                    "Actual Loops": 4,
                                    "Recheck Cond": "(mc.company_id < 130)",
                                    "Rows Removed by Index Recheck": 0,
                                    "Filter": "(mc.company_type_id < 2)",
                                    "Rows Removed by Filter": 15066,
                                    "Exact Heap Blocks": 9958,
                                    "Lossy Heap Blocks": 0,
                                    "Workers": [
                                        {
                                            "Worker Number": 0,
                                            "Actual Startup Time": 32.378,
                                            "Actual Total Time": 78.408,
                                            "Actual Rows": 21769,
                                            "Actual Loops": 1
                                        },
                                        {
                                            "Worker Number": 1,
                                            "Actual Startup Time": 32.611,
                                            "Actual Total Time": 78.724,
                                            "Actual Rows": 23813,
                                            "Actual Loops": 1
                                        },
                                        {
                                            "Worker Number": 2,
                                            "Actual Startup Time": 33.158,
                                            "Actual Total Time": 79.163,
                                            "Actual Rows": 21505,
                                            "Actual Loops": 1
                                        }
                                    ],
                                    "Plans": [
                                        {
                                            "Node Type": "Bitmap Index Scan",
                                            "Parent Relationship": "Outer",
                                            "Parallel Aware": false,
                                            "Index Name": "company_id_movie_companies",
                                            "Startup Cost": 0.0,
                                            "Total Cost": 5576.68,
                                            "Plan Rows": 260300,
                                            "Plan Width": 0,
                                            "Actual Startup Time": 39.786,
                                            "Actual Total Time": 39.786,
                                            "Actual Rows": 259064,
                                            "Actual Loops": 1,
                                            "Index Cond": "(mc.company_id < 130)"
                                        }
                                    ]
                                }
                            ]
                        }
                    ]
                }
            ]
        },
        "Planning Time": 229.764,
        "Triggers": [],
        "Execution Time": 99.103
    }
]