[
  {
    "Plan": {
      "Node Type": "Aggregate",
      "Strategy": "Plain",
      "Partial Mode": "Finalize",
      "Parallel Aware": false,
      "Startup Cost": 33436.97,
      "Total Cost": 33436.98,
      "Plan Rows": 1,
      "Plan Width": 8,
      "Actual Startup Time": 99.359,
      "Actual Total Time": 106.715,
      "Actual Rows": 1,
      "Actual Loops": 1,
      "Plans": [
        {
          "Node Type": "Gather",
          "Parent Relationship": "Outer",
          "Parallel Aware": false,
          "Startup Cost": 33436.65,
          "Total Cost": 33436.96,
          "Plan Rows": 3,
          "Plan Width": 8,
          "Actual Startup Time": 99.217,
          "Actual Total Time": 106.698,
          "Actual Rows": 4,
          "Actual Loops": 1,
          "Workers Planned": 3,
          "Workers Launched": 3,
          "Single Copy": false,
          "Plans": [
            {
              "Node Type": "Aggregate",
              "Strategy": "Plain",
              "Partial Mode": "Partial",
              "Parent Relationship": "Outer",
              "Parallel Aware": false,
              "Startup Cost": 32436.65,
              "Total Cost": 32436.66,
              "Plan Rows": 1,
              "Plan Width": 8,
              "Actual Startup Time": 95.064,
              "Actual Total Time": 95.066,
              "Actual Rows": 1,
              "Actual Loops": 4,
              "Plans": [
                {
                  "Node Type": "Seq Scan",
                  "Parent Relationship": "Outer",
                  "Parallel Aware": true,
                  "Relation Name": "movie_companies",
                  "Alias": "mc",
                  "Startup Cost": 0.0,
                  "Total Cost": 31414.82,
                  "Plan Rows": 408732,
                  "Plan Width": 0,
                  "Actual Startup Time": 41.517,
                  "Actual Total Time": 81.308,
                  "Actual Rows": 301984,
                  "Actual Loops": 4,
                  "Filter": "((company_id < 142763) AND (company_type_id > 1))",
                  "Rows Removed by Filter": 350298
                }
              ]
            }
          ]
        }
      ]
    },
    "Planning Time": 0.213,
    "Triggers": [],
    "Execution Time": 106.77
  }
]