{
  "Plan": {
    "Node Type": "Aggregate",
    "Strategy": "Plain",
    "Partial Mode": "Finalize",
    "Parallel Aware": false,
    "Startup Cost": 146777.35,
    "Total Cost": 146777.36,
    "Plan Rows": 1,
    "Plan Width": 8,
    "Actual Startup Time": 453.393,
    "Actual Total Time": 495.003,
    "Actual Rows": 1,
    "Actual Loops": 1,
    "Plans": [
      {
        "Node Type": "Gather",
        "Parent Relationship": "Outer",
        "Parallel Aware": false,
        "Startup Cost": 146777.24,
        "Total Cost": 146777.35,
        "Plan Rows": 1,
        "Plan Width": 8,
        "Actual Startup Time": 452.817,
        "Actual Total Time": 494.995,
        "Actual Rows": 2,
        "Actual Loops": 1,
        "Workers Planned": 1,
        "Workers Launched": 1,
        "Single Copy": false,
        "Plans": [
          {
            "Node Type": "Aggregate",
            "Strategy": "Plain",
            "Partial Mode": "Partial",
            "Parent Relationship": "Outer",
            "Parallel Aware": false,
            "Startup Cost": 145777.24,
            "Total Cost": 145777.25,
            "Plan Rows": 1,
            "Plan Width": 8,
            "Actual Startup Time": 446.754,
            "Actual Total Time": 446.759,
            "Actual Rows": 1,
            "Actual Loops": 2,
            "Plans": [
              {
                "Node Type": "Nested Loop",
                "Parent Relationship": "Outer",
                "Parallel Aware": false,
                "Join Type": "Inner",
                "Startup Cost": 68500.48,
                "Total Cost": 145614.51,
                "Plan Rows": 65091,
                "Plan Width": 0,
                "Actual Startup Time": 183.557,
                "Actual Total Time": 440.406,
                "Actual Rows": 134800,
                "Actual Loops": 2,
                "Inner Unique": false,
                "Join Filter": "(t.id = mi.movie_id)",
                "Rows Removed by Join Filter": 0,
                "Plans": [
                  {
                    "Node Type": "Hash Join",
                    "Parent Relationship": "Outer",
                    "Parallel Aware": true,
                    "Join Type": "Inner",
                    "Startup Cost": 68500.05,
                    "Total Cost": 92627.37,
                    "Plan Rows": 17350,
                    "Plan Width": 8,
                    "Actual Startup Time": 183.479,
                    "Actual Total Time": 280.581,
                    "Actual Rows": 11852,
                    "Actual Loops": 2,
                    "Inner Unique": true,
                    "Hash Cond": "(mc.movie_id = t.id)",
                    "Plans": [
                      {
                        "Node Type": "Bitmap Heap Scan",
                        "Parent Relationship": "Outer",
                        "Parallel Aware": true,
                        "Relation Name": "movie_companies",
                        "Alias": "mc",
                        "Startup Cost": 12997.63,
                        "Total Cost": 36198.64,
                        "Plan Rows": 352881,
                        "Plan Width": 4,
                        "Actual Startup Time": 28.571,
                        "Actual Total Time": 78.109,
                        "Actual Rows": 296733,
                        "Actual Loops": 2,
                        "Recheck Cond": "(company_id < 686)",
                        "Rows Removed by Index Recheck": 0,
                        "Exact Heap Blocks": 11872,
                        "Lossy Heap Blocks": 0,
                        "Plans": [
                          {
                            "Node Type": "Bitmap Index Scan",
                            "Parent Relationship": "Outer",
                            "Parallel Aware": false,
                            "Index Name": "company_id_movie_companies",
                            "Startup Cost": 0.0,
                            "Total Cost": 12847.66,
                            "Plan Rows": 599897,
                            "Plan Width": 0,
                            "Actual Startup Time": 25.845,
                            "Actual Total Time": 25.845,
                            "Actual Rows": 593466,
                            "Actual Loops": 1,
                            "Index Cond": "(company_id < 686)"
                          }
                        ]
                      },
                      {
                        "Node Type": "Hash",
                        "Parent Relationship": "Inner",
                        "Parallel Aware": true,
                        "Startup Cost": 54588.39,
                        "Total Cost": 54588.39,
                        "Plan Rows": 73122,
                        "Plan Width": 4,
                        "Actual Startup Time": 152.57,
                        "Actual Total Time": 152.57,
                        "Actual Rows": 59782,
                        "Actual Loops": 2,
                        "Hash Buckets": 131072,
                        "Original Hash Buckets": 131072,
                        "Hash Batches": 1,
                        "Original Hash Batches": 1,
                        "Peak Memory Usage": 5728,
                        "Plans": [
                          {
                            "Node Type": "Seq Scan",
                            "Parent Relationship": "Outer",
                            "Parallel Aware": true,
                            "Relation Name": "title",
                            "Alias": "t",
                            "Startup Cost": 0.0,
                            "Total Cost": 54588.39,
                            "Plan Rows": 73122,
                            "Plan Width": 4,
                            "Actual Startup Time": 0.044,
                            "Actual Total Time": 136.544,
                            "Actual Rows": 59782,
                            "Actual Loops": 2,
                            "Filter": "(production_year = 2007)",
                            "Rows Removed by Filter": 1204374
                          }
                        ]
                      }
                    ]
                  },
                  {
                    "Node Type": "Index Scan",
                    "Parent Relationship": "Inner",
                    "Parallel Aware": false,
                    "Scan Direction": "Forward",
                    "Index Name": "movie_id_movie_info",
                    "Relation Name": "movie_info",
                    "Alias": "mi",
                    "Startup Cost": 0.43,
                    "Total Cost": 2.72,
                    "Plan Rows": 27,
                    "Plan Width": 4,
                    "Actual Startup Time": 0.004,
                    "Actual Total Time": 0.012,
                    "Actual Rows": 11,
                    "Actual Loops": 23704,
                    "Index Cond": "(movie_id = mc.movie_id)",
                    "Rows Removed by Index Recheck": 0,
                    "Filter": "(info_type_id < 16)",
                    "Rows Removed by Filter": 10
                  }
                ]
              }
            ]
          }
        ]
      }
    ]
  },
  "Planning Time": 1.033,
  "Triggers": [],
  "Execution Time": 495.121
}