[
  {
    "Plan": {
      "Node Type": "Aggregate",
      "Strategy": "Plain",
      "Partial Mode": "Finalize",
      "Parallel Aware": false,
      "Startup Cost": 32359.91,
      "Total Cost": 32359.92,
      "Plan Rows": 1,
      "Plan Width": 8,
      "Actual Startup Time": 118.813,
      "Actual Total Time": 126.302,
      "Actual Rows": 1,
      "Actual Loops": 1,
      "Plans": [
        {
          "Node Type": "Gather",
          "Parent Relationship": "Outer",
          "Parallel Aware": false,
          "Startup Cost": 32359.59,
          "Total Cost": 32359.9,
          "Plan Rows": 3,
          "Plan Width": 8,
          "Actual Startup Time": 118.712,
          "Actual Total Time": 126.295,
          "Actual Rows": 4,
          "Actual Loops": 1,
          "Workers Planned": 3,
          "Workers Launched": 3,
          "Single Copy": false,
          "Plans": [
            {
              "Node Type": "Aggregate",
              "Strategy": "Plain",
              "Partial Mode": "Partial",
              "Parent Relationship": "Outer",
              "Parallel Aware": false,
              "Startup Cost": 31359.59,
              "Total Cost": 31359.6,
              "Plan Rows": 1,
              "Plan Width": 8,
              "Actual Startup Time": 111.696,
              "Actual Total Time": 111.697,
              "Actual Rows": 1,
              "Actual Loops": 4,
              "Plans": [
                {
                  "Node Type": "Seq Scan",
                  "Parent Relationship": "Outer",
                  "Parallel Aware": true,
                  "Relation Name": "movie_companies",
                  "Alias": "mc",
                  "Startup Cost": 0.0,
                  "Total Cost": 29310.68,
                  "Plan Rows": 819565,
                  "Plan Width": 0,
                  "Actual Startup Time": 0.042,
                  "Actual Total Time": 82.556,
                  "Actual Rows": 635936,
                  "Actual Loops": 4,
                  "Filter": "(company_id < 179886)",
                  "Rows Removed by Filter": 16346
                }
              ]
            }
          ]
        }
      ]
    },
    "Planning Time": 0.228,
    "Triggers": [],
    "Execution Time": 126.36
  }
]