[
  {
    "Plan": {
      "Node Type": "Aggregate",
      "Strategy": "Plain",
      "Partial Mode": "Finalize",
      "Parallel Aware": false,
      "Startup Cost": 80437.09,
      "Total Cost": 80437.1,
      "Plan Rows": 1,
      "Plan Width": 8,
      "Actual Startup Time": 250.977,
      "Actual Total Time": 265.608,
      "Actual Rows": 1,
      "Actual Loops": 1,
      "Plans": [
        {
          "Node Type": "Gather",
          "Parent Relationship": "Outer",
          "Parallel Aware": false,
          "Startup Cost": 80436.67,
          "Total Cost": 80437.08,
          "Plan Rows": 4,
          "Plan Width": 8,
          "Actual Startup Time": 247.164,
          "Actual Total Time": 265.598,
          "Actual Rows": 5,
          "Actual Loops": 1,
          "Workers Planned": 4,
          "Workers Launched": 4,
          "Single Copy": false,
          "Plans": [
            {
              "Node Type": "Aggregate",
              "Strategy": "Plain",
              "Partial Mode": "Partial",
              "Parent Relationship": "Outer",
              "Parallel Aware": false,
              "Startup Cost": 79436.67,
              "Total Cost": 79436.68,
              "Plan Rows": 1,
              "Plan Width": 8,
              "Actual Startup Time": 237.46,
              "Actual Total Time": 237.463,
              "Actual Rows": 1,
              "Actual Loops": 5,
              "Plans": [
                {
                  "Node Type": "Hash Join",
                  "Parent Relationship": "Outer",
                  "Parallel Aware": true,
                  "Join Type": "Inner",
                  "Startup Cost": 32705.87,
                  "Total Cost": 79367.45,
                  "Plan Rows": 27688,
                  "Plan Width": 0,
                  "Actual Startup Time": 105.691,
                  "Actual Total Time": 236.127,
                  "Actual Rows": 24614,
                  "Actual Loops": 5,
                  "Inner Unique": false,
                  "Hash Cond": "(t.id = mc.movie_id)",
                  "Plans": [
                    {
                      "Node Type": "Seq Scan",
                      "Parent Relationship": "Outer",
                      "Parallel Aware": true,
                      "Relation Name": "title",
                      "Alias": "t",
                      "Startup Cost": 0.0,
                      "Total Cost": 45479.1,
                      "Plan Rows": 218634,
                      "Plan Width": 4,
                      "Actual Startup Time": 0.016,
                      "Actual Total Time": 80.402,
                      "Actual Rows": 191460,
                      "Actual Loops": 5,
                      "Filter": "((production_year > 1999) AND (kind_id = 7))",
                      "Rows Removed by Filter": 314203
                    },
                    {
                      "Node Type": "Hash",
                      "Parent Relationship": "Inner",
                      "Parallel Aware": true,
                      "Startup Cost": 31414.82,
                      "Total Cost": 31414.82,
                      "Plan Rows": 103284,
                      "Plan Width": 4,
                      "Actual Startup Time": 102.517,
                      "Actual Total Time": 102.518,
                      "Actual Rows": 93258,
                      "Actual Loops": 5,
                      "Hash Buckets": 524288,
                      "Original Hash Buckets": 524288,
                      "Hash Batches": 1,
                      "Original Hash Batches": 1,
                      "Peak Memory Usage": 22400,
                      "Plans": [
                        {
                          "Node Type": "Seq Scan",
                          "Parent Relationship": "Outer",
                          "Parallel Aware": true,
                          "Relation Name": "movie_companies",
                          "Alias": "mc",
                          "Startup Cost": 0.0,
                          "Total Cost": 31414.82,
                          "Plan Rows": 103284,
                          "Plan Width": 4,
                          "Actual Startup Time": 0.051,
                          "Actual Total Time": 65.631,
                          "Actual Rows": 93258,
                          "Actual Loops": 5,
                          "Filter": "((company_id < 874) AND (company_type_id = 1))",
                          "Rows Removed by Filter": 428567
                        }
                      ]
                    }
                  ]
                }
              ]
            }
          ]
        }
      ]
    },
    "Planning Time": 0.707,
    "Triggers": [],
    "Execution Time": 265.678
  }
]