[
  {
    "Plan": {
      "Node Type": "Aggregate",
      "Strategy": "Plain",
      "Partial Mode": "Finalize",
      "Parallel Aware": false,
      "Startup Cost": 57211.1,
      "Total Cost": 57211.11,
      "Plan Rows": 1,
      "Plan Width": 8,
      "Actual Startup Time": 112.705,
      "Actual Total Time": 120.041,
      "Actual Rows": 1,
      "Actual Loops": 1,
      "Plans": [
        {
          "Node Type": "Gather",
          "Parent Relationship": "Outer",
          "Parallel Aware": false,
          "Startup Cost": 57210.78,
          "Total Cost": 57211.09,
          "Plan Rows": 3,
          "Plan Width": 8,
          "Actual Startup Time": 111.991,
          "Actual Total Time": 120.033,
          "Actual Rows": 4,
          "Actual Loops": 1,
          "Workers Planned": 3,
          "Workers Launched": 3,
          "Single Copy": false,
          "Plans": [
            {
              "Node Type": "Aggregate",
              "Strategy": "Plain",
              "Partial Mode": "Partial",
              "Parent Relationship": "Outer",
              "Parallel Aware": false,
              "Startup Cost": 56210.78,
              "Total Cost": 56210.79,
              "Plan Rows": 1,
              "Plan Width": 8,
              "Actual Startup Time": 102.549,
              "Actual Total Time": 102.553,
              "Actual Rows": 1,
              "Actual Loops": 4,
              "Plans": [
                {
                  "Node Type": "Nested Loop",
                  "Parent Relationship": "Outer",
                  "Parallel Aware": false,
                  "Join Type": "Inner",
                  "Startup Cost": 24438.56,
                  "Total Cost": 56208.95,
                  "Plan Rows": 730,
                  "Plan Width": 0,
                  "Actual Startup Time": 67.192,
                  "Actual Total Time": 102.179,
                  "Actual Rows": 3212,
                  "Actual Loops": 4,
                  "Inner Unique": true,
                  "Plans": [
                    {
                      "Node Type": "Hash Join",
                      "Parent Relationship": "Outer",
                      "Parallel Aware": true,
                      "Join Type": "Inner",
                      "Startup Cost": 24438.13,
                      "Total Cost": 50360.0,
                      "Plan Rows": 3803,
                      "Plan Width": 8,
                      "Actual Startup Time": 67.118,
                      "Actual Total Time": 83.226,
                      "Actual Rows": 3212,
                      "Actual Loops": 4,
                      "Inner Unique": false,
                      "Hash Cond": "(mk.movie_id = mc.movie_id)",
                      "Plans": [
                        {
                          "Node Type": "Bitmap Heap Scan",
                          "Parent Relationship": "Outer",
                          "Parallel Aware": true,
                          "Relation Name": "movie_keyword",
                          "Alias": "mk",
                          "Startup Cost": 737.23,
                          "Total Cost": 26590.89,
                          "Plan Rows": 11188,
                          "Plan Width": 4,
                          "Actual Startup Time": 9.315,
                          "Actual Total Time": 26.438,
                          "Actual Rows": 8678,
                          "Actual Loops": 4,
                          "Recheck Cond": "(keyword_id = 2488)",
                          "Rows Removed by Index Recheck": 0,
                          "Exact Heap Blocks": 7189,
                          "Lossy Heap Blocks": 0,
                          "Plans": [
                            {
                              "Node Type": "Bitmap Index Scan",
                              "Parent Relationship": "Outer",
                              "Parallel Aware": false,
                              "Index Name": "keyword_id_movie_keyword",
                              "Startup Cost": 0.0,
                              "Total Cost": 728.55,
                              "Plan Rows": 34683,
                              "Plan Width": 0,
                              "Actual Startup Time": 7.095,
                              "Actual Total Time": 7.096,
                              "Actual Rows": 34710,
                              "Actual Loops": 1,
                              "Index Cond": "(keyword_id = 2488)"
                            }
                          ]
                        },
                        {
                          "Node Type": "Hash",
                          "Parent Relationship": "Inner",
                          "Parallel Aware": true,
                          "Startup Cost": 23035.3,
                          "Total Cost": 23035.3,
                          "Plan Rows": 53248,
                          "Plan Width": 4,
                          "Actual Startup Time": 50.745,
                          "Actual Total Time": 50.746,
                          "Actual Rows": 40271,
                          "Actual Loops": 4,
                          "Hash Buckets": 262144,
                          "Original Hash Buckets": 262144,
                          "Hash Batches": 1,
                          "Original Hash Batches": 1,
                          "Peak Memory Usage": 8416,
                          "Plans": [
                            {
                              "Node Type": "Bitmap Heap Scan",
                              "Parent Relationship": "Outer",
                              "Parallel Aware": true,
                              "Relation Name": "movie_companies",
                              "Alias": "mc",
                              "Startup Cost": 3579.71,
                              "Total Cost": 23035.3,
                              "Plan Rows": 53248,
                              "Plan Width": 4,
                              "Actual Startup Time": 12.958,
                              "Actual Total Time": 35.539,
                              "Actual Rows": 40271,
                              "Actual Loops": 4,
                              "Recheck Cond": "(company_id > 127344)",
                              "Rows Removed by Index Recheck": 0,
                              "Exact Heap Blocks": 2106,
                              "Lossy Heap Blocks": 0,
                              "Plans": [
                                {
                                  "Node Type": "Bitmap Index Scan",
                                  "Parent Relationship": "Outer",
                                  "Parallel Aware": false,
                                  "Index Name": "company_id_movie_companies",
                                  "Startup Cost": 0.0,
                                  "Total Cost": 3538.44,
                                  "Plan Rows": 165068,
                                  "Plan Width": 0,
                                  "Actual Startup Time": 14.872,
                                  "Actual Total Time": 14.872,
                                  "Actual Rows": 161085,
                                  "Actual Loops": 1,
                                  "Index Cond": "(company_id > 127344)"
                                }
                              ]
                            }
                          ]
                        }
                      ]
                    },
                    {
                      "Node Type": "Index Only Scan",
                      "Parent Relationship": "Inner",
                      "Parallel Aware": false,
                      "Scan Direction": "Forward",
                      "Index Name": "title_pkey",
                      "Relation Name": "title",
                      "Alias": "t",
                      "Startup Cost": 0.43,
                      "Total Cost": 1.54,
                      "Plan Rows": 1,
                      "Plan Width": 4,
                      "Actual Startup Time": 0.005,
                      "Actual Total Time": 0.005,
                      "Actual Rows": 1,
                      "Actual Loops": 12848,
                      "Index Cond": "(id = mc.movie_id)",
                      "Rows Removed by Index Recheck": 0,
                      "Heap Fetches": 12848
                    }
                  ]
                }
              ]
            }
          ]
        }
      ]
    },
    "Planning Time": 1.434,
    "Triggers": [],
    "Execution Time": 120.156
  }
]