[
  {
    "Plan": {
      "Node Type": "Aggregate",
      "Strategy": "Plain",
      "Partial Mode": "Finalize",
      "Parallel Aware": false,
      "Startup Cost": 471221.64,
      "Total Cost": 471221.65,
      "Plan Rows": 1,
      "Plan Width": 8,
      "Actual Startup Time": 2000.999,
      "Actual Total Time": 2066.029,
      "Actual Rows": 1,
      "Actual Loops": 1,
      "Plans": [
        {
          "Node Type": "Gather",
          "Parent Relationship": "Outer",
          "Parallel Aware": false,
          "Startup Cost": 471221.01,
          "Total Cost": 471221.62,
          "Plan Rows": 6,
          "Plan Width": 8,
          "Actual Startup Time": 1986.638,
          "Actual Total Time": 2066.017,
          "Actual Rows": 7,
          "Actual Loops": 1,
          "Workers Planned": 6,
          "Workers Launched": 6,
          "Single Copy": false,
          "Plans": [
            {
              "Node Type": "Aggregate",
              "Strategy": "Plain",
              "Partial Mode": "Partial",
              "Parent Relationship": "Outer",
              "Parallel Aware": false,
              "Startup Cost": 470221.01,
              "Total Cost": 470221.02,
              "Plan Rows": 1,
              "Plan Width": 8,
              "Actual Startup Time": 1971.399,
              "Actual Total Time": 1971.697,
              "Actual Rows": 1,
              "Actual Loops": 7,
              "Plans": [
                {
                  "Node Type": "Hash Join",
                  "Parent Relationship": "Outer",
                  "Parallel Aware": true,
                  "Join Type": "Inner",
                  "Startup Cost": 100543.35,
                  "Total Cost": 461900.55,
                  "Plan Rows": 3328185,
                  "Plan Width": 0,
                  "Actual Startup Time": 342.794,
                  "Actual Total Time": 1883.394,
                  "Actual Rows": 1963693,
                  "Actual Loops": 7,
                  "Inner Unique": false,
                  "Hash Cond": "(ci.movie_id = t.id)",
                  "Plans": [
                    {
                      "Node Type": "Seq Scan",
                      "Parent Relationship": "Outer",
                      "Parallel Aware": true,
                      "Relation Name": "cast_info",
                      "Alias": "ci",
                      "Startup Cost": 0.0,
                      "Total Cost": 328162.03,
                      "Plan Rows": 5989090,
                      "Plan Width": 4,
                      "Actual Startup Time": 3.097,
                      "Actual Total Time": 670.074,
                      "Actual Rows": 5135548,
                      "Actual Loops": 7,
                      "Filter": "(person_id > 34437)",
                      "Rows Removed by Filter": 42215
                    },
                    {
                      "Node Type": "Hash",
                      "Parent Relationship": "Inner",
                      "Parallel Aware": true,
                      "Startup Cost": 94878.05,
                      "Total Cost": 94878.05,
                      "Plan Rows": 453224,
                      "Plan Width": 8,
                      "Actual Startup Time": 334.687,
                      "Actual Total Time": 334.982,
                      "Actual Rows": 57941,
                      "Actual Loops": 7,
                      "Hash Buckets": 2097152,
                      "Original Hash Buckets": 2097152,
                      "Hash Batches": 1,
                      "Original Hash Batches": 1,
                      "Peak Memory Usage": 32384,
                      "Plans": [
                        {
                          "Node Type": "Hash Join",
                          "Parent Relationship": "Outer",
                          "Parallel Aware": true,
                          "Join Type": "Inner",
                          "Startup Cost": 50184.9,
                          "Total Cost": 94878.05,
                          "Plan Rows": 453224,
                          "Plan Width": 8,
                          "Actual Startup Time": 190.442,
                          "Actual Total Time": 310.038,
                          "Actual Rows": 57941,
                          "Actual Loops": 7,
                          "Inner Unique": true,
                          "Hash Cond": "(mk.movie_id = t.id)",
                          "Plans": [
                            {
                              "Node Type": "Seq Scan",
                              "Parent Relationship": "Outer",
                              "Parallel Aware": true,
                              "Relation Name": "movie_keyword",
                              "Alias": "mk",
                              "Startup Cost": 0.0,
                              "Total Cost": 42695.65,
                              "Plan Rows": 760951,
                              "Plan Width": 4,
                              "Actual Startup Time": 0.213,
                              "Actual Total Time": 72.255,
                              "Actual Rows": 336598,
                              "Actual Loops": 7,
                              "Filter": "(keyword_id > 4192)",
                              "Rows Removed by Filter": 309678
                            },
                            {
                              "Node Type": "Hash",
                              "Parent Relationship": "Inner",
                              "Parallel Aware": true,
                              "Startup Cost": 45479.1,
                              "Total Cost": 45479.1,
                              "Plan Rows": 376464,
                              "Plan Width": 4,
                              "Actual Startup Time": 187.953,
                              "Actual Total Time": 187.954,
                              "Actual Rows": 212982,
                              "Actual Loops": 7,
                              "Hash Buckets": 2097152,
                              "Original Hash Buckets": 2097152,
                              "Hash Batches": 1,
                              "Original Hash Batches": 1,
                              "Peak Memory Usage": 74816,
                              "Plans": [
                                {
                                  "Node Type": "Seq Scan",
                                  "Parent Relationship": "Outer",
                                  "Parallel Aware": true,
                                  "Relation Name": "title",
                                  "Alias": "t",
                                  "Startup Cost": 0.0,
                                  "Total Cost": 45479.1,
                                  "Plan Rows": 376464,
                                  "Plan Width": 4,
                                  "Actual Startup Time": 0.049,
                                  "Actual Total Time": 80.91,
                                  "Actual Rows": 212982,
                                  "Actual Loops": 7,
                                  "Filter": "((kind_id > 4) AND (production_year > 1897))",
                                  "Rows Removed by Filter": 148205
                                }
                              ]
                            }
                          ]
                        }
                      ]
                    }
                  ]
                }
              ]
            }
          ]
        }
      ]
    },
    "Planning Time": 1.343,
    "Triggers": [],
    "Execution Time": 2066.132
  }
]