{
  "Plan": {
    "Node Type": "Aggregate",
    "Strategy": "Plain",
    "Partial Mode": "Finalize",
    "Parallel Aware": false,
    "Startup Cost": 95294.11,
    "Total Cost": 95294.12,
    "Plan Rows": 1,
    "Plan Width": 8,
    "Actual Startup Time": 463.035,
    "Actual Total Time": 478.989,
    "Actual Rows": 1,
    "Actual Loops": 1,
    "Plans": [
      {
        "Node Type": "Gather",
        "Parent Relationship": "Outer",
        "Parallel Aware": false,
        "Startup Cost": 95293.99,
        "Total Cost": 95294.1,
        "Plan Rows": 1,
        "Plan Width": 8,
        "Actual Startup Time": 462.038,
        "Actual Total Time": 478.981,
        "Actual Rows": 2,
        "Actual Loops": 1,
        "Workers Planned": 1,
        "Workers Launched": 1,
        "Single Copy": false,
        "Plans": [
          {
            "Node Type": "Aggregate",
            "Strategy": "Plain",
            "Partial Mode": "Partial",
            "Parent Relationship": "Outer",
            "Parallel Aware": false,
            "Startup Cost": 94293.99,
            "Total Cost": 94294.0,
            "Plan Rows": 1,
            "Plan Width": 8,
            "Actual Startup Time": 458.068,
            "Actual Total Time": 458.072,
            "Actual Rows": 1,
            "Actual Loops": 2,
            "Plans": [
              {
                "Node Type": "Hash Join",
                "Parent Relationship": "Outer",
                "Parallel Aware": true,
                "Join Type": "Inner",
                "Startup Cost": 33106.14,
                "Total Cost": 93989.08,
                "Plan Rows": 121964,
                "Plan Width": 0,
                "Actual Startup Time": 133.312,
                "Actual Total Time": 450.88,
                "Actual Rows": 160553,
                "Actual Loops": 2,
                "Inner Unique": false,
                "Hash Cond": "(t.id = mc.movie_id)",
                "Plans": [
                  {
                    "Node Type": "Seq Scan",
                    "Parent Relationship": "Outer",
                    "Parallel Aware": true,
                    "Relation Name": "title",
                    "Alias": "t",
                    "Startup Cost": 0.0,
                    "Total Cost": 50870.31,
                    "Plan Rows": 1487231,
                    "Plan Width": 4,
                    "Actual Startup Time": 0.01,
                    "Actual Total Time": 116.376,
                    "Actual Rows": 1264156,
                    "Actual Loops": 2
                  },
                  {
                    "Node Type": "Hash",
                    "Parent Relationship": "Inner",
                    "Parallel Aware": true,
                    "Startup Cost": 31581.59,
                    "Total Cost": 31581.59,
                    "Plan Rows": 121964,
                    "Plan Width": 4,
                    "Actual Startup Time": 130.63,
                    "Actual Total Time": 130.631,
                    "Actual Rows": 160553,
                    "Actual Loops": 2,
                    "Hash Buckets": 524288,
                    "Original Hash Buckets": 262144,
                    "Hash Batches": 1,
                    "Original Hash Batches": 1,
                    "Peak Memory Usage": 18752,
                    "Plans": [
                      {
                        "Node Type": "Bitmap Heap Scan",
                        "Parent Relationship": "Outer",
                        "Parallel Aware": true,
                        "Relation Name": "movie_companies",
                        "Alias": "mc",
                        "Startup Cost": 9075.2,
                        "Total Cost": 31581.59,
                        "Plan Rows": 121964,
                        "Plan Width": 4,
                        "Actual Startup Time": 32.528,
                        "Actual Total Time": 92.277,
                        "Actual Rows": 160553,
                        "Actual Loops": 2,
                        "Recheck Cond": "(company_id < 293)",
                        "Rows Removed by Index Recheck": 0,
                        "Filter": "(company_type_id < 2)",
                        "Rows Removed by Filter": 49352,
                        "Exact Heap Blocks": 11937,
                        "Lossy Heap Blocks": 0,
                        "Plans": [
                          {
                            "Node Type": "Bitmap Index Scan",
                            "Parent Relationship": "Outer",
                            "Parallel Aware": false,
                            "Index Name": "company_id_movie_companies",
                            "Startup Cost": 0.0,
                            "Total Cost": 9023.36,
                            "Plan Rows": 421191,
                            "Plan Width": 0,
                            "Actual Startup Time": 30.519,
                            "Actual Total Time": 30.519,
                            "Actual Rows": 419809,
                            "Actual Loops": 1,
                            "Index Cond": "(company_id < 293)"
                          }
                        ]
                      }
                    ]
                  }
                ]
              }
            ]
          }
        ]
      }
    ]
  },
  "Planning Time": 0.747,
  "Triggers": [],
  "Execution Time": 479.067
}