{
  "Plan": {
    "Node Type": "Aggregate",
    "Strategy": "Plain",
    "Partial Mode": "Finalize",
    "Parallel Aware": false,
    "Startup Cost": 795775.43,
    "Total Cost": 795775.44,
    "Plan Rows": 1,
    "Plan Width": 8,
    "Actual Startup Time": 6313.568,
    "Actual Total Time": 6386.374,
    "Actual Rows": 1,
    "Actual Loops": 1,
    "Plans": [
      {
        "Node Type": "Gather",
        "Parent Relationship": "Outer",
        "Parallel Aware": false,
        "Startup Cost": 795775.32,
        "Total Cost": 795775.43,
        "Plan Rows": 1,
        "Plan Width": 8,
        "Actual Startup Time": 6296.778,
        "Actual Total Time": 6386.361,
        "Actual Rows": 2,
        "Actual Loops": 1,
        "Workers Planned": 1,
        "Workers Launched": 1,
        "Single Copy": false,
        "Plans": [
          {
            "Node Type": "Aggregate",
            "Strategy": "Plain",
            "Partial Mode": "Partial",
            "Parent Relationship": "Outer",
            "Parallel Aware": false,
            "Startup Cost": 794775.32,
            "Total Cost": 794775.33,
            "Plan Rows": 1,
            "Plan Width": 8,
            "Actual Startup Time": 6279.5,
            "Actual Total Time": 6282.363,
            "Actual Rows": 1,
            "Actual Loops": 2,
            "Plans": [
              {
                "Node Type": "Hash Join",
                "Parent Relationship": "Outer",
                "Parallel Aware": true,
                "Join Type": "Inner",
                "Startup Cost": 660949.07,
                "Total Cost": 776044.78,
                "Plan Rows": 7492214,
                "Plan Width": 0,
                "Actual Startup Time": 5371.105,
                "Actual Total Time": 6112.223,
                "Actual Rows": 4445098,
                "Actual Loops": 2,
                "Inner Unique": false,
                "Hash Cond": "(mk.movie_id = t.id)",
                "Plans": [
                  {
                    "Node Type": "Seq Scan",
                    "Parent Relationship": "Outer",
                    "Parallel Aware": true,
                    "Relation Name": "movie_keyword",
                    "Alias": "mk",
                    "Startup Cost": 0.0,
                    "Total Cost": 51065.35,
                    "Plan Rows": 2661135,
                    "Plan Width": 4,
                    "Actual Startup Time": 0.015,
                    "Actual Total Time": 160.929,
                    "Actual Rows": 2261965,
                    "Actual Loops": 2
                  },
                  {
                    "Node Type": "Hash",
                    "Parent Relationship": "Inner",
                    "Parallel Aware": true,
                    "Startup Cost": 608609.31,
                    "Total Cost": 608609.31,
                    "Plan Rows": 4187181,
                    "Plan Width": 8,
                    "Actual Startup Time": 5337.263,
                    "Actual Total Time": 5340.123,
                    "Actual Rows": 4004029,
                    "Actual Loops": 2,
                    "Hash Buckets": 8388608,
                    "Original Hash Buckets": 8388608,
                    "Hash Batches": 1,
                    "Original Hash Batches": 1,
                    "Peak Memory Usage": 378848,
                    "Plans": [
                      {
                        "Node Type": "Hash Join",
                        "Parent Relationship": "Outer",
                        "Parallel Aware": true,
                        "Join Type": "Inner",
                        "Startup Cost": 67634.49,
                        "Total Cost": 608609.31,
                        "Plan Rows": 4187181,
                        "Plan Width": 8,
                        "Actual Startup Time": 879.22,
                        "Actual Total Time": 4119.413,
                        "Actual Rows": 4004029,
                        "Actual Loops": 2,
                        "Inner Unique": true,
                        "Hash Cond": "(ci.movie_id = t.id)",
                        "Plans": [
                          {
                            "Node Type": "Seq Scan",
                            "Parent Relationship": "Outer",
                            "Parallel Aware": true,
                            "Relation Name": "cast_info",
                            "Alias": "ci",
                            "Startup Cost": 0.0,
                            "Total Cost": 519069.44,
                            "Plan Rows": 8344891,
                            "Plan Width": 4,
                            "Actual Startup Time": 535.461,
                            "Actual Total Time": 1449.429,
                            "Actual Rows": 7076273,
                            "Actual Loops": 2,
                            "Filter": "(person_id > 2250170)",
                            "Rows Removed by Filter": 11045899
                          },
                          {
                            "Node Type": "Hash",
                            "Parent Relationship": "Inner",
                            "Parallel Aware": true,
                            "Startup Cost": 58306.47,
                            "Total Cost": 58306.47,
                            "Plan Rows": 746242,
                            "Plan Width": 4,
                            "Actual Startup Time": 337.677,
                            "Actual Total Time": 337.678,
                            "Actual Rows": 674442,
                            "Actual Loops": 2,
                            "Hash Buckets": 2097152,
                            "Original Hash Buckets": 2097152,
                            "Hash Batches": 1,
                            "Original Hash Batches": 1,
                            "Peak Memory Usage": 69184,
                            "Plans": [
                              {
                                "Node Type": "Seq Scan",
                                "Parent Relationship": "Outer",
                                "Parallel Aware": true,
                                "Relation Name": "title",
                                "Alias": "t",
                                "Startup Cost": 0.0,
                                "Total Cost": 58306.47,
                                "Plan Rows": 746242,
                                "Plan Width": 4,
                                "Actual Startup Time": 0.031,
                                "Actual Total Time": 171.951,
                                "Actual Rows": 674442,
                                "Actual Loops": 2,
                                "Filter": "((production_year > 1970) AND (kind_id = 7))",
                                "Rows Removed by Filter": 589714
                              }
                            ]
                          }
                        ]
                      }
                    ]
                  }
                ]
              }
            ]
          }
        ]
      }
    ]
  },
  "Planning Time": 1.099,
  "Triggers": [],
  "Execution Time": 6386.459
}