{
    "Plan": {
        "Node Type": "Aggregate",
        "Strategy": "Plain",
        "Partial Mode": "Finalize",
        "Parallel Aware": false,
        "Startup Cost": 129457.81,
        "Total Cost": 129457.82,
        "Plan Rows": 1,
        "Plan Width": 8,
        "Actual Startup Time": 1066.738,
        "Actual Total Time": 1095.08,
        "Actual Rows": 1,
        "Actual Loops": 1,
        "Output": [
            "count(*)"
        ],
        "Plans": [
            {
                "Node Type": "Gather",
                "Parent Relationship": "Outer",
                "Parallel Aware": false,
                "Startup Cost": 129457.49,
                "Total Cost": 129457.8,
                "Plan Rows": 3,
                "Plan Width": 8,
                "Actual Startup Time": 1058.496,
                "Actual Total Time": 1095.066,
                "Actual Rows": 4,
                "Actual Loops": 1,
                "Output": [
                    "(PARTIAL count(*))"
                ],
                "Workers Planned": 3,
                "Workers Launched": 3,
                "Single Copy": false,
                "Plans": [
                    {
                        "Node Type": "Aggregate",
                        "Strategy": "Plain",
                        "Partial Mode": "Partial",
                        "Parent Relationship": "Outer",
                        "Parallel Aware": false,
                        "Startup Cost": 128457.49,
                        "Total Cost": 128457.5,
                        "Plan Rows": 1,
                        "Plan Width": 8,
                        "Actual Startup Time": 1049.425,
                        "Actual Total Time": 1050.145,
                        "Actual Rows": 1,
                        "Actual Loops": 4,
                        "Output": [
                            "PARTIAL count(*)"
                        ],
                        "Workers": [
                            {
                                "Worker Number": 0,
                                "Actual Startup Time": 1047.446,
                                "Actual Total Time": 1047.452,
                                "Actual Rows": 1,
                                "Actual Loops": 1
                            },
                            {
                                "Worker Number": 1,
                                "Actual Startup Time": 1046.022,
                                "Actual Total Time": 1046.027,
                                "Actual Rows": 1,
                                "Actual Loops": 1
                            },
                            {
                                "Worker Number": 2,
                                "Actual Startup Time": 1046.492,
                                "Actual Total Time": 1046.497,
                                "Actual Rows": 1,
                                "Actual Loops": 1
                            }
                        ],
                        "Plans": [
                            {
                                "Node Type": "Hash Join",
                                "Parent Relationship": "Outer",
                                "Parallel Aware": true,
                                "Join Type": "Inner",
                                "Startup Cost": 82394.32,
                                "Total Cost": 127783.63,
                                "Plan Rows": 269544,
                                "Plan Width": 0,
                                "Actual Startup Time": 472.214,
                                "Actual Total Time": 925.869,
                                "Actual Rows": 2605866,
                                "Actual Loops": 4,
                                "Inner Unique": false,
                                "Hash Cond": "(mk.movie_id = t.id)",
                                "Workers": [
                                    {
                                        "Worker Number": 0,
                                        "Actual Startup Time": 469.097,
                                        "Actual Total Time": 923.291,
                                        "Actual Rows": 2031304,
                                        "Actual Loops": 1
                                    },
                                    {
                                        "Worker Number": 1,
                                        "Actual Startup Time": 469.165,
                                        "Actual Total Time": 925.833,
                                        "Actual Rows": 3184863,
                                        "Actual Loops": 1
                                    },
                                    {
                                        "Worker Number": 2,
                                        "Actual Startup Time": 469.672,
                                        "Actual Total Time": 927.982,
                                        "Actual Rows": 3073167,
                                        "Actual Loops": 1
                                    }
                                ],
                                "Plans": [
                                    {
                                        "Node Type": "Seq Scan",
                                        "Parent Relationship": "Outer",
                                        "Parallel Aware": true,
                                        "Relation Name": "movie_keyword",
                                        "Schema": "public",
                                        "Alias": "mk",
                                        "Startup Cost": 0.0,
                                        "Total Cost": 39047.32,
                                        "Plan Rows": 1459332,
                                        "Plan Width": 4,
                                        "Actual Startup Time": 0.018,
                                        "Actual Total Time": 117.463,
                                        "Actual Rows": 1130982,
                                        "Actual Loops": 4,
                                        "Output": [
                                            "mk.id",
                                            "mk.movie_id",
                                            "mk.keyword_id"
                                        ],
                                        "Workers": [
                                            {
                                                "Worker Number": 0,
                                                "Actual Startup Time": 0.027,
                                                "Actual Total Time": 121.603,
                                                "Actual Rows": 884855,
                                                "Actual Loops": 1
                                            },
                                            {
                                                "Worker Number": 1,
                                                "Actual Startup Time": 0.021,
                                                "Actual Total Time": 127.099,
                                                "Actual Rows": 1378805,
                                                "Actual Loops": 1
                                            },
                                            {
                                                "Worker Number": 2,
                                                "Actual Startup Time": 0.013,
                                                "Actual Total Time": 127.583,
                                                "Actual Rows": 1312760,
                                                "Actual Loops": 1
                                            }
                                        ]
                                    },
                                    {
                                        "Node Type": "Hash",
                                        "Parent Relationship": "Inner",
                                        "Parallel Aware": true,
                                        "Startup Cost": 80511.29,
                                        "Total Cost": 80511.29,
                                        "Plan Rows": 150642,
                                        "Plan Width": 8,
                                        "Actual Startup Time": 461.629,
                                        "Actual Total Time": 462.347,
                                        "Actual Rows": 110866,
                                        "Actual Loops": 4,
                                        "Output": [
                                            "t.id",
                                            "mc.movie_id"
                                        ],
                                        "Hash Buckets": 524288,
                                        "Original Hash Buckets": 524288,
                                        "Hash Batches": 1,
                                        "Original Hash Batches": 1,
                                        "Peak Memory Usage": 21536,
                                        "Workers": [
                                            {
                                                "Worker Number": 0,
                                                "Actual Startup Time": 461.401,
                                                "Actual Total Time": 461.406,
                                                "Actual Rows": 92817,
                                                "Actual Loops": 1
                                            },
                                            {
                                                "Worker Number": 1,
                                                "Actual Startup Time": 461.366,
                                                "Actual Total Time": 461.37,
                                                "Actual Rows": 130163,
                                                "Actual Loops": 1
                                            },
                                            {
                                                "Worker Number": 2,
                                                "Actual Startup Time": 461.823,
                                                "Actual Total Time": 461.827,
                                                "Actual Rows": 119484,
                                                "Actual Loops": 1
                                            }
                                        ],
                                        "Plans": [
                                            {
                                                "Node Type": "Hash Join",
                                                "Parent Relationship": "Outer",
                                                "Parallel Aware": true,
                                                "Join Type": "Inner",
                                                "Startup Cost": 48402.76,
                                                "Total Cost": 80511.29,
                                                "Plan Rows": 150642,
                                                "Plan Width": 8,
                                                "Actual Startup Time": 298.158,
                                                "Actual Total Time": 427.568,
                                                "Actual Rows": 110866,
                                                "Actual Loops": 4,
                                                "Output": [
                                                    "t.id",
                                                    "mc.movie_id"
                                                ],
                                                "Inner Unique": true,
                                                "Hash Cond": "(mc.movie_id = t.id)",
                                                "Workers": [
                                                    {
                                                        "Worker Number": 0,
                                                        "Actual Startup Time": 297.849,
                                                        "Actual Total Time": 426.693,
                                                        "Actual Rows": 92817,
                                                        "Actual Loops": 1
                                                    },
                                                    {
                                                        "Worker Number": 1,
                                                        "Actual Startup Time": 297.844,
                                                        "Actual Total Time": 426.841,
                                                        "Actual Rows": 130163,
                                                        "Actual Loops": 1
                                                    },
                                                    {
                                                        "Worker Number": 2,
                                                        "Actual Startup Time": 298.425,
                                                        "Actual Total Time": 427.621,
                                                        "Actual Rows": 119484,
                                                        "Actual Loops": 1
                                                    }
                                                ],
                                                "Plans": [
                                                    {
                                                        "Node Type": "Seq Scan",
                                                        "Parent Relationship": "Outer",
                                                        "Parallel Aware": true,
                                                        "Relation Name": "movie_companies",
                                                        "Schema": "public",
                                                        "Alias": "mc",
                                                        "Startup Cost": 0.0,
                                                        "Total Cost": 31414.82,
                                                        "Plan Rows": 264273,
                                                        "Plan Width": 4,
                                                        "Actual Startup Time": 1.549,
                                                        "Actual Total Time": 74.788,
                                                        "Actual Rows": 153215,
                                                        "Actual Loops": 4,
                                                        "Output": [
                                                            "mc.id",
                                                            "mc.movie_id",
                                                            "mc.company_id",
                                                            "mc.company_type_id",
                                                            "mc.note"
                                                        ],
                                                        "Filter": "((mc.company_id > 3425) AND (mc.company_type_id = 1))",
                                                        "Rows Removed by Filter": 499067,
                                                        "Workers": [
                                                            {
                                                                "Worker Number": 0,
                                                                "Actual Startup Time": 1.542,
                                                                "Actual Total Time": 77.395,
                                                                "Actual Rows": 128510,
                                                                "Actual Loops": 1
                                                            },
                                                            {
                                                                "Worker Number": 1,
                                                                "Actual Startup Time": 1.548,
                                                                "Actual Total Time": 75.02,
                                                                "Actual Rows": 180825,
                                                                "Actual Loops": 1
                                                            },
                                                            {
                                                                "Worker Number": 2,
                                                                "Actual Startup Time": 1.563,
                                                                "Actual Total Time": 73.106,
                                                                "Actual Rows": 164634,
                                                                "Actual Loops": 1
                                                            }
                                                        ]
                                                    },
                                                    {
                                                        "Node Type": "Hash",
                                                        "Parent Relationship": "Inner",
                                                        "Parallel Aware": true,
                                                        "Startup Cost": 43899.01,
                                                        "Total Cost": 43899.01,
                                                        "Plan Rows": 360300,
                                                        "Plan Width": 4,
                                                        "Actual Startup Time": 289.572,
                                                        "Actual Total Time": 289.573,
                                                        "Actual Rows": 360824,
                                                        "Actual Loops": 4,
                                                        "Output": [
                                                            "t.id"
                                                        ],
                                                        "Hash Buckets": 2097152,
                                                        "Original Hash Buckets": 2097152,
                                                        "Hash Batches": 1,
                                                        "Original Hash Batches": 1,
                                                        "Peak Memory Usage": 72864,
                                                        "Workers": [
                                                            {
                                                                "Worker Number": 0,
                                                                "Actual Startup Time": 296.229,
                                                                "Actual Total Time": 296.23,
                                                                "Actual Rows": 298548,
                                                                "Actual Loops": 1
                                                            },
                                                            {
                                                                "Worker Number": 1,
                                                                "Actual Startup Time": 296.213,
                                                                "Actual Total Time": 296.214,
                                                                "Actual Rows": 407098,
                                                                "Actual Loops": 1
                                                            },
                                                            {
                                                                "Worker Number": 2,
                                                                "Actual Startup Time": 296.787,
                                                                "Actual Total Time": 296.789,
                                                                "Actual Rows": 358934,
                                                                "Actual Loops": 1
                                                            }
                                                        ],
                                                        "Plans": [
                                                            {
                                                                "Node Type": "Seq Scan",
                                                                "Parent Relationship": "Outer",
                                                                "Parallel Aware": true,
                                                                "Relation Name": "title",
                                                                "Schema": "public",
                                                                "Alias": "t",
                                                                "Startup Cost": 0.0,
                                                                "Total Cost": 43899.01,
                                                                "Plan Rows": 360300,
                                                                "Plan Width": 4,
                                                                "Actual Startup Time": 0.078,
                                                                "Actual Total Time": 127.448,
                                                                "Actual Rows": 360824,
                                                                "Actual Loops": 4,
                                                                "Output": [
                                                                    "t.id"
                                                                ],
                                                                "Filter": "(t.production_year < 2006)",
                                                                "Rows Removed by Filter": 271254,
                                                                "Workers": [
                                                                    {
                                                                        "Worker Number": 0,
                                                                        "Actual Startup Time": 0.097,
                                                                        "Actual Total Time": 134.963,
                                                                        "Actual Rows": 298548,
                                                                        "Actual Loops": 1
                                                                    },
                                                                    {
                                                                        "Worker Number": 1,
                                                                        "Actual Startup Time": 0.091,
                                                                        "Actual Total Time": 129.471,
                                                                        "Actual Rows": 407098,
                                                                        "Actual Loops": 1
                                                                    },
                                                                    {
                                                                        "Worker Number": 2,
                                                                        "Actual Startup Time": 0.103,
                                                                        "Actual Total Time": 125.605,
                                                                        "Actual Rows": 358934,
                                                                        "Actual Loops": 1
                                                                    }
                                                                ]
                                                            }
                                                        ]
                                                    }
                                                ]
                                            }
                                        ]
                                    }
                                ]
                            }
                        ]
                    }
                ]
            }
        ]
    },
    "Planning Time": 1.641,
    "Triggers": [],
    "Execution Time": 1095.171
}