[
  {
    "Plan": {
      "Node Type": "Aggregate",
      "Strategy": "Plain",
      "Partial Mode": "Finalize",
      "Parallel Aware": false,
      "Startup Cost": 32663.89,
      "Total Cost": 32663.9,
      "Plan Rows": 1,
      "Plan Width": 8,
      "Actual Startup Time": 60.646,
      "Actual Total Time": 66.396,
      "Actual Rows": 1,
      "Actual Loops": 1,
      "Plans": [
        {
          "Node Type": "Gather",
          "Parent Relationship": "Outer",
          "Parallel Aware": false,
          "Startup Cost": 32663.57,
          "Total Cost": 32663.88,
          "Plan Rows": 3,
          "Plan Width": 8,
          "Actual Startup Time": 60.576,
          "Actual Total Time": 66.391,
          "Actual Rows": 4,
          "Actual Loops": 1,
          "Workers Planned": 3,
          "Workers Launched": 3,
          "Single Copy": false,
          "Plans": [
            {
              "Node Type": "Aggregate",
              "Strategy": "Plain",
              "Partial Mode": "Partial",
              "Parent Relationship": "Outer",
              "Parallel Aware": false,
              "Startup Cost": 31663.57,
              "Total Cost": 31663.58,
              "Plan Rows": 1,
              "Plan Width": 8,
              "Actual Startup Time": 57.401,
              "Actual Total Time": 57.402,
              "Actual Rows": 1,
              "Actual Loops": 4,
              "Plans": [
                {
                  "Node Type": "Seq Scan",
                  "Parent Relationship": "Outer",
                  "Parallel Aware": true,
                  "Relation Name": "movie_companies",
                  "Alias": "mc",
                  "Startup Cost": 0.0,
                  "Total Cost": 31414.82,
                  "Plan Rows": 99502,
                  "Plan Width": 0,
                  "Actual Startup Time": 25.069,
                  "Actual Total Time": 57.245,
                  "Actual Rows": 3096,
                  "Actual Loops": 4,
                  "Filter": "((company_id > 60122) AND (company_type_id < 2))",
                  "Rows Removed by Filter": 649186
                }
              ]
            }
          ]
        }
      ]
    },
    "Planning Time": 0.085,
    "Triggers": [],
    "Execution Time": 66.42
  }
]