[
  {
    "Plan": {
      "Node Type": "Aggregate",
      "Strategy": "Plain",
      "Partial Mode": "Finalize",
      "Parallel Aware": false,
      "Startup Cost": 32659.52,
      "Total Cost": 32659.53,
      "Plan Rows": 1,
      "Plan Width": 8,
      "Actual Startup Time": 88.309,
      "Actual Total Time": 96.204,
      "Actual Rows": 1,
      "Actual Loops": 1,
      "Plans": [
        {
          "Node Type": "Gather",
          "Parent Relationship": "Outer",
          "Parallel Aware": false,
          "Startup Cost": 32659.2,
          "Total Cost": 32659.51,
          "Plan Rows": 3,
          "Plan Width": 8,
          "Actual Startup Time": 88.202,
          "Actual Total Time": 96.195,
          "Actual Rows": 4,
          "Actual Loops": 1,
          "Workers Planned": 3,
          "Workers Launched": 3,
          "Single Copy": false,
          "Plans": [
            {
              "Node Type": "Aggregate",
              "Strategy": "Plain",
              "Partial Mode": "Partial",
              "Parent Relationship": "Outer",
              "Parallel Aware": false,
              "Startup Cost": 31659.2,
              "Total Cost": 31659.21,
              "Plan Rows": 1,
              "Plan Width": 8,
              "Actual Startup Time": 79.513,
              "Actual Total Time": 79.514,
              "Actual Rows": 1,
              "Actual Loops": 4,
              "Plans": [
                {
                  "Node Type": "Seq Scan",
                  "Parent Relationship": "Outer",
                  "Parallel Aware": true,
                  "Relation Name": "movie_companies",
                  "Alias": "mc",
                  "Startup Cost": 0.0,
                  "Total Cost": 31414.82,
                  "Plan Rows": 97754,
                  "Plan Width": 0,
                  "Actual Startup Time": 42.49,
                  "Actual Total Time": 79.331,
                  "Actual Rows": 3096,
                  "Actual Loops": 4,
                  "Filter": "((company_id > 60122) AND (company_type_id < 2))",
                  "Rows Removed by Filter": 649186
                }
              ]
            }
          ]
        }
      ]
    },
    "Planning Time": 0.213,
    "Triggers": [],
    "Execution Time": 96.264
  }
]