[
  {
    "Plan": {
      "Node Type": "Aggregate",
      "Strategy": "Plain",
      "Partial Mode": "Finalize",
      "Parallel Aware": false,
      "Startup Cost": 127614.17,
      "Total Cost": 127614.18,
      "Plan Rows": 1,
      "Plan Width": 8,
      "Actual Startup Time": 708.669,
      "Actual Total Time": 728.214,
      "Actual Rows": 1,
      "Actual Loops": 1,
      "Plans": [
        {
          "Node Type": "Gather",
          "Parent Relationship": "Outer",
          "Parallel Aware": false,
          "Startup Cost": 127613.86,
          "Total Cost": 127614.17,
          "Plan Rows": 3,
          "Plan Width": 8,
          "Actual Startup Time": 701.307,
          "Actual Total Time": 728.203,
          "Actual Rows": 4,
          "Actual Loops": 1,
          "Workers Planned": 3,
          "Workers Launched": 3,
          "Single Copy": false,
          "Plans": [
            {
              "Node Type": "Aggregate",
              "Strategy": "Plain",
              "Partial Mode": "Partial",
              "Parent Relationship": "Outer",
              "Parallel Aware": false,
              "Startup Cost": 126613.86,
              "Total Cost": 126613.87,
              "Plan Rows": 1,
              "Plan Width": 8,
              "Actual Startup Time": 693.169,
              "Actual Total Time": 693.488,
              "Actual Rows": 1,
              "Actual Loops": 4,
              "Plans": [
                {
                  "Node Type": "Hash Join",
                  "Parent Relationship": "Outer",
                  "Parallel Aware": true,
                  "Join Type": "Inner",
                  "Startup Cost": 82050.09,
                  "Total Cost": 126376.1,
                  "Plan Rows": 95101,
                  "Plan Width": 0,
                  "Actual Startup Time": 502.566,
                  "Actual Total Time": 678.43,
                  "Actual Rows": 373605,
                  "Actual Loops": 4,
                  "Inner Unique": false,
                  "Hash Cond": "(mk.movie_id = t.id)",
                  "Plans": [
                    {
                      "Node Type": "Seq Scan",
                      "Parent Relationship": "Outer",
                      "Parallel Aware": true,
                      "Relation Name": "movie_keyword",
                      "Alias": "mk",
                      "Startup Cost": 0.0,
                      "Total Cost": 42695.65,
                      "Plan Rows": 371362,
                      "Plan Width": 4,
                      "Actual Startup Time": 0.069,
                      "Actual Total Time": 95.366,
                      "Actual Rows": 289965,
                      "Actual Loops": 4,
                      "Filter": "(keyword_id < 1382)",
                      "Rows Removed by Filter": 841017
                    },
                    {
                      "Node Type": "Hash",
                      "Parent Relationship": "Inner",
                      "Parallel Aware": true,
                      "Startup Cost": 80026.78,
                      "Total Cost": 80026.78,
                      "Plan Rows": 161865,
                      "Plan Width": 8,
                      "Actual Startup Time": 497.302,
                      "Actual Total Time": 497.619,
                      "Actual Rows": 224617,
                      "Actual Loops": 4,
                      "Hash Buckets": 1048576,
                      "Original Hash Buckets": 1048576,
                      "Hash Batches": 1,
                      "Original Hash Batches": 1,
                      "Peak Memory Usage": 43392,
                      "Plans": [
                        {
                          "Node Type": "Hash Join",
                          "Parent Relationship": "Outer",
                          "Parallel Aware": true,
                          "Join Type": "Inner",
                          "Startup Cost": 34025.54,
                          "Total Cost": 80026.78,
                          "Plan Rows": 161865,
                          "Plan Width": 8,
                          "Actual Startup Time": 158.708,
                          "Actual Total Time": 425.598,
                          "Actual Rows": 224617,
                          "Actual Loops": 4,
                          "Inner Unique": false,
                          "Hash Cond": "(t.id = mc.movie_id)",
                          "Plans": [
                            {
                              "Node Type": "Seq Scan",
                              "Parent Relationship": "Outer",
                              "Parallel Aware": true,
                              "Relation Name": "title",
                              "Alias": "t",
                              "Startup Cost": 0.0,
                              "Total Cost": 42318.73,
                              "Plan Rows": 632073,
                              "Plan Width": 4,
                              "Actual Startup Time": 0.011,
                              "Actual Total Time": 76.52,
                              "Actual Rows": 632078,
                              "Actual Loops": 4
                            },
                            {
                              "Node Type": "Hash",
                              "Parent Relationship": "Inner",
                              "Parallel Aware": true,
                              "Startup Cost": 31414.82,
                              "Total Cost": 31414.82,
                              "Plan Rows": 208858,
                              "Plan Width": 4,
                              "Actual Startup Time": 156.044,
                              "Actual Total Time": 156.045,
                              "Actual Rows": 224617,
                              "Actual Loops": 4,
                              "Hash Buckets": 1048576,
                              "Original Hash Buckets": 1048576,
                              "Hash Batches": 1,
                              "Original Hash Batches": 1,
                              "Peak Memory Usage": 43392,
                              "Plans": [
                                {
                                  "Node Type": "Seq Scan",
                                  "Parent Relationship": "Outer",
                                  "Parallel Aware": true,
                                  "Relation Name": "movie_companies",
                                  "Alias": "mc",
                                  "Startup Cost": 0.0,
                                  "Total Cost": 31414.82,
                                  "Plan Rows": 208858,
                                  "Plan Width": 4,
                                  "Actual Startup Time": 49.496,
                                  "Actual Total Time": 88.748,
                                  "Actual Rows": 224617,
                                  "Actual Loops": 4,
                                  "Filter": "((company_id > 11402) AND (company_type_id = 2))",
                                  "Rows Removed by Filter": 427665
                                }
                              ]
                            }
                          ]
                        }
                      ]
                    }
                  ]
                }
              ]
            }
          ]
        }
      ]
    },
    "Planning Time": 1.532,
    "Triggers": [],
    "Execution Time": 728.303
  }
]