[
    {
        "Bao": {
            "Bao prediction": "NaN",
            "Bao recommended hint": "(no hint)"
        }
    },
    {
        "Plan": {
            "Node Type": "Aggregate",
            "Strategy": "Plain",
            "Partial Mode": "Finalize",
            "Parallel Aware": false,
            "Startup Cost": 426343.94,
            "Total Cost": 426343.95,
            "Plan Rows": 1,
            "Plan Width": 8,
            "Actual Startup Time": 3097.973,
            "Actual Total Time": 3153.011,
            "Actual Rows": 1,
            "Actual Loops": 1,
            "Output": [
                "count(*)"
            ],
            "Plans": [
                {
                    "Node Type": "Gather",
                    "Parent Relationship": "Outer",
                    "Parallel Aware": false,
                    "Startup Cost": 426343.42,
                    "Total Cost": 426343.93,
                    "Plan Rows": 5,
                    "Plan Width": 8,
                    "Actual Startup Time": 3092.762,
                    "Actual Total Time": 3153.001,
                    "Actual Rows": 6,
                    "Actual Loops": 1,
                    "Output": [
                        "(PARTIAL count(*))"
                    ],
                    "Workers Planned": 5,
                    "Workers Launched": 5,
                    "Single Copy": false,
                    "Plans": [
                        {
                            "Node Type": "Aggregate",
                            "Strategy": "Plain",
                            "Partial Mode": "Partial",
                            "Parent Relationship": "Outer",
                            "Parallel Aware": false,
                            "Startup Cost": 425343.42,
                            "Total Cost": 425343.43,
                            "Plan Rows": 1,
                            "Plan Width": 8,
                            "Actual Startup Time": 3082.812,
                            "Actual Total Time": 3082.815,
                            "Actual Rows": 1,
                            "Actual Loops": 6,
                            "Output": [
                                "PARTIAL count(*)"
                            ],
                            "Workers": [
                                {
                                    "Worker Number": 0,
                                    "Actual Startup Time": 3081.867,
                                    "Actual Total Time": 3081.87,
                                    "Actual Rows": 1,
                                    "Actual Loops": 1
                                },
                                {
                                    "Worker Number": 1,
                                    "Actual Startup Time": 3079.859,
                                    "Actual Total Time": 3079.862,
                                    "Actual Rows": 1,
                                    "Actual Loops": 1
                                },
                                {
                                    "Worker Number": 2,
                                    "Actual Startup Time": 3080.182,
                                    "Actual Total Time": 3080.184,
                                    "Actual Rows": 1,
                                    "Actual Loops": 1
                                },
                                {
                                    "Worker Number": 3,
                                    "Actual Startup Time": 3081.359,
                                    "Actual Total Time": 3081.361,
                                    "Actual Rows": 1,
                                    "Actual Loops": 1
                                },
                                {
                                    "Worker Number": 4,
                                    "Actual Startup Time": 3081.456,
                                    "Actual Total Time": 3081.459,
                                    "Actual Rows": 1,
                                    "Actual Loops": 1
                                }
                            ],
                            "Plans": [
                                {
                                    "Node Type": "Nested Loop",
                                    "Parent Relationship": "Outer",
                                    "Parallel Aware": false,
                                    "Join Type": "Inner",
                                    "Startup Cost": 95065.82,
                                    "Total Cost": 423294.28,
                                    "Plan Rows": 819655,
                                    "Plan Width": 0,
                                    "Actual Startup Time": 326.669,
                                    "Actual Total Time": 2993.526,
                                    "Actual Rows": 1876432,
                                    "Actual Loops": 6,
                                    "Inner Unique": false,
                                    "Workers": [
                                        {
                                            "Worker Number": 0,
                                            "Actual Startup Time": 419.51,
                                            "Actual Total Time": 2992.295,
                                            "Actual Rows": 1642912,
                                            "Actual Loops": 1
                                        },
                                        {
                                            "Worker Number": 1,
                                            "Actual Startup Time": 419.44,
                                            "Actual Total Time": 2990.426,
                                            "Actual Rows": 1674561,
                                            "Actual Loops": 1
                                        },
                                        {
                                            "Worker Number": 2,
                                            "Actual Startup Time": 285.553,
                                            "Actual Total Time": 2992.127,
                                            "Actual Rows": 1960719,
                                            "Actual Loops": 1
                                        },
                                        {
                                            "Worker Number": 3,
                                            "Actual Startup Time": 286.957,
                                            "Actual Total Time": 2995.195,
                                            "Actual Rows": 1895218,
                                            "Actual Loops": 1
                                        },
                                        {
                                            "Worker Number": 4,
                                            "Actual Startup Time": 287.074,
                                            "Actual Total Time": 2993.496,
                                            "Actual Rows": 1941164,
                                            "Actual Loops": 1
                                        }
                                    ],
                                    "Plans": [
                                        {
                                            "Node Type": "Merge Join",
                                            "Parent Relationship": "Outer",
                                            "Parallel Aware": false,
                                            "Join Type": "Inner",
                                            "Startup Cost": 95065.25,
                                            "Total Cost": 190163.1,
                                            "Plan Rows": 109421,
                                            "Plan Width": 8,
                                            "Actual Startup Time": 326.559,
                                            "Actual Total Time": 712.378,
                                            "Actual Rows": 91251,
                                            "Actual Loops": 6,
                                            "Output": [
                                                "t.id",
                                                "mk.movie_id"
                                            ],
                                            "Inner Unique": false,
                                            "Merge Cond": "(t.id = mk.movie_id)",
                                            "Workers": [
                                                {
                                                    "Worker Number": 0,
                                                    "Actual Startup Time": 419.197,
                                                    "Actual Total Time": 773.826,
                                                    "Actual Rows": 77669,
                                                    "Actual Loops": 1
                                                },
                                                {
                                                    "Worker Number": 1,
                                                    "Actual Startup Time": 419.358,
                                                    "Actual Total Time": 768.603,
                                                    "Actual Rows": 79229,
                                                    "Actual Loops": 1
                                                },
                                                {
                                                    "Worker Number": 2,
                                                    "Actual Startup Time": 285.487,
                                                    "Actual Total Time": 673.322,
                                                    "Actual Rows": 95735,
                                                    "Actual Loops": 1
                                                },
                                                {
                                                    "Worker Number": 3,
                                                    "Actual Startup Time": 286.896,
                                                    "Actual Total Time": 689.418,
                                                    "Actual Rows": 93472,
                                                    "Actual Loops": 1
                                                },
                                                {
                                                    "Worker Number": 4,
                                                    "Actual Startup Time": 287.004,
                                                    "Actual Total Time": 680.162,
                                                    "Actual Rows": 93693,
                                                    "Actual Loops": 1
                                                }
                                            ],
                                            "Plans": [
                                                {
                                                    "Node Type": "Index Only Scan",
                                                    "Parent Relationship": "Outer",
                                                    "Parallel Aware": true,
                                                    "Scan Direction": "Forward",
                                                    "Index Name": "title_pkey",
                                                    "Relation Name": "title",
                                                    "Schema": "public",
                                                    "Alias": "t",
                                                    "Startup Cost": 0.43,
                                                    "Total Cost": 90115.52,
                                                    "Plan Rows": 505664,
                                                    "Plan Width": 4,
                                                    "Actual Startup Time": 0.135,
                                                    "Actual Total Time": 290.918,
                                                    "Actual Rows": 420965,
                                                    "Actual Loops": 6,
                                                    "Output": [
                                                        "t.id"
                                                    ],
                                                    "Heap Fetches": 2525791,
                                                    "Workers": [
                                                        {
                                                            "Worker Number": 0,
                                                            "Actual Startup Time": 0.153,
                                                            "Actual Total Time": 252.465,
                                                            "Actual Rows": 304720,
                                                            "Actual Loops": 1
                                                        },
                                                        {
                                                            "Worker Number": 1,
                                                            "Actual Startup Time": 0.144,
                                                            "Actual Total Time": 248.485,
                                                            "Actual Rows": 300442,
                                                            "Actual Loops": 1
                                                        },
                                                        {
                                                            "Worker Number": 2,
                                                            "Actual Startup Time": 0.152,
                                                            "Actual Total Time": 296.819,
                                                            "Actual Rows": 448508,
                                                            "Actual Loops": 1
                                                        },
                                                        {
                                                            "Worker Number": 3,
                                                            "Actual Startup Time": 0.18,
                                                            "Actual Total Time": 311.51,
                                                            "Actual Rows": 450162,
                                                            "Actual Loops": 1
                                                        },
                                                        {
                                                            "Worker Number": 4,
                                                            "Actual Startup Time": 0.152,
                                                            "Actual Total Time": 303.044,
                                                            "Actual Rows": 445747,
                                                            "Actual Loops": 1
                                                        }
                                                    ]
                                                },
                                                {
                                                    "Node Type": "Sort",
                                                    "Parent Relationship": "Inner",
                                                    "Parallel Aware": false,
                                                    "Startup Cost": 95044.4,
                                                    "Total Cost": 96412.17,
                                                    "Plan Rows": 547105,
                                                    "Plan Width": 4,
                                                    "Actual Startup Time": 326.256,
                                                    "Actual Total Time": 355.993,
                                                    "Actual Rows": 547506,
                                                    "Actual Loops": 6,
                                                    "Output": [
                                                        "mk.movie_id"
                                                    ],
                                                    "Sort Key": [
                                                        "mk.movie_id"
                                                    ],
                                                    "Sort Method": "quicksort",
                                                    "Sort Space Used": 50241,
                                                    "Sort Space Type": "Memory",
                                                    "Workers": [
                                                        {
                                                            "Worker Number": 0,
                                                            "Actual Startup Time": 418.737,
                                                            "Actual Total Time": 451.581,
                                                            "Actual Rows": 547506,
                                                            "Actual Loops": 1
                                                        },
                                                        {
                                                            "Worker Number": 1,
                                                            "Actual Startup Time": 418.899,
                                                            "Actual Total Time": 451.525,
                                                            "Actual Rows": 547506,
                                                            "Actual Loops": 1
                                                        },
                                                        {
                                                            "Worker Number": 2,
                                                            "Actual Startup Time": 285.2,
                                                            "Actual Total Time": 313.733,
                                                            "Actual Rows": 547506,
                                                            "Actual Loops": 1
                                                        },
                                                        {
                                                            "Worker Number": 3,
                                                            "Actual Startup Time": 286.569,
                                                            "Actual Total Time": 315.061,
                                                            "Actual Rows": 547506,
                                                            "Actual Loops": 1
                                                        },
                                                        {
                                                            "Worker Number": 4,
                                                            "Actual Startup Time": 286.763,
                                                            "Actual Total Time": 314.969,
                                                            "Actual Rows": 547506,
                                                            "Actual Loops": 1
                                                        }
                                                    ],
                                                    "Plans": [
                                                        {
                                                            "Node Type": "Bitmap Heap Scan",
                                                            "Parent Relationship": "Outer",
                                                            "Parallel Aware": false,
                                                            "Relation Name": "movie_keyword",
                                                            "Schema": "public",
                                                            "Alias": "mk",
                                                            "Startup Cost": 11608.5,
                                                            "Total Cost": 42901.31,
                                                            "Plan Rows": 547105,
                                                            "Plan Width": 4,
                                                            "Actual Startup Time": 59.979,
                                                            "Actual Total Time": 200.635,
                                                            "Actual Rows": 547506,
                                                            "Actual Loops": 6,
                                                            "Output": [
                                                                "mk.movie_id"
                                                            ],
                                                            "Recheck Cond": "(mk.keyword_id < 394)",
                                                            "Rows Removed by Index Recheck": 0,
                                                            "Exact Heap Blocks": 24274,
                                                            "Lossy Heap Blocks": 0,
                                                            "Workers": [
                                                                {
                                                                    "Worker Number": 0,
                                                                    "Actual Startup Time": 70.22,
                                                                    "Actual Total Time": 254.781,
                                                                    "Actual Rows": 547506,
                                                                    "Actual Loops": 1
                                                                },
                                                                {
                                                                    "Worker Number": 1,
                                                                    "Actual Startup Time": 70.378,
                                                                    "Actual Total Time": 254.479,
                                                                    "Actual Rows": 547506,
                                                                    "Actual Loops": 1
                                                                },
                                                                {
                                                                    "Worker Number": 2,
                                                                    "Actual Startup Time": 58.286,
                                                                    "Actual Total Time": 180.889,
                                                                    "Actual Rows": 547506,
                                                                    "Actual Loops": 1
                                                                },
                                                                {
                                                                    "Worker Number": 3,
                                                                    "Actual Startup Time": 59.349,
                                                                    "Actual Total Time": 181.37,
                                                                    "Actual Rows": 547506,
                                                                    "Actual Loops": 1
                                                                },
                                                                {
                                                                    "Worker Number": 4,
                                                                    "Actual Startup Time": 59.647,
                                                                    "Actual Total Time": 181.472,
                                                                    "Actual Rows": 547506,
                                                                    "Actual Loops": 1
                                                                }
                                                            ],
                                                            "Plans": [
                                                                {
                                                                    "Node Type": "Bitmap Index Scan",
                                                                    "Parent Relationship": "Outer",
                                                                    "Parallel Aware": false,
                                                                    "Index Name": "keyword_id_movie_keyword",
                                                                    "Startup Cost": 0.0,
                                                                    "Total Cost": 11471.72,
                                                                    "Plan Rows": 547105,
                                                                    "Plan Width": 0,
                                                                    "Actual Startup Time": 56.402,
                                                                    "Actual Total Time": 56.403,
                                                                    "Actual Rows": 547506,
                                                                    "Actual Loops": 6,
                                                                    "Index Cond": "(mk.keyword_id < 394)",
                                                                    "Workers": [
                                                                        {
                                                                            "Worker Number": 0,
                                                                            "Actual Startup Time": 65.423,
                                                                            "Actual Total Time": 65.423,
                                                                            "Actual Rows": 547506,
                                                                            "Actual Loops": 1
                                                                        },
                                                                        {
                                                                            "Worker Number": 1,
                                                                            "Actual Startup Time": 65.609,
                                                                            "Actual Total Time": 65.609,
                                                                            "Actual Rows": 547506,
                                                                            "Actual Loops": 1
                                                                        },
                                                                        {
                                                                            "Worker Number": 2,
                                                                            "Actual Startup Time": 55.33,
                                                                            "Actual Total Time": 55.33,
                                                                            "Actual Rows": 547506,
                                                                            "Actual Loops": 1
                                                                        },
                                                                        {
                                                                            "Worker Number": 3,
                                                                            "Actual Startup Time": 56.362,
                                                                            "Actual Total Time": 56.362,
                                                                            "Actual Rows": 547506,
                                                                            "Actual Loops": 1
                                                                        },
                                                                        {
                                                                            "Worker Number": 4,
                                                                            "Actual Startup Time": 56.668,
                                                                            "Actual Total Time": 56.668,
                                                                            "Actual Rows": 547506,
                                                                            "Actual Loops": 1
                                                                        }
                                                                    ]
                                                                }
                                                            ]
                                                        }
                                                    ]
                                                }
                                            ]
                                        },
                                        {
                                            "Node Type": "Index Scan",
                                            "Parent Relationship": "Inner",
                                            "Parallel Aware": false,
                                            "Scan Direction": "Forward",
                                            "Index Name": "movie_id_cast_info",
                                            "Relation Name": "cast_info",
                                            "Schema": "public",
                                            "Alias": "ci",
                                            "Startup Cost": 0.56,
                                            "Total Cost": 1.93,
                                            "Plan Rows": 20,
                                            "Plan Width": 4,
                                            "Actual Startup Time": 0.004,
                                            "Actual Total Time": 0.023,
                                            "Actual Rows": 21,
                                            "Actual Loops": 547506,
                                            "Output": [
                                                "ci.id",
                                                "ci.person_id",
                                                "ci.movie_id",
                                                "ci.person_role_id",
                                                "ci.note",
                                                "ci.nr_order",
                                                "ci.role_id"
                                            ],
                                            "Index Cond": "(ci.movie_id = t.id)",
                                            "Rows Removed by Index Recheck": 0,
                                            "Filter": "(ci.person_id < 1878073)",
                                            "Rows Removed by Filter": 18,
                                            "Workers": [
                                                {
                                                    "Worker Number": 0,
                                                    "Actual Startup Time": 0.004,
                                                    "Actual Total Time": 0.027,
                                                    "Actual Rows": 21,
                                                    "Actual Loops": 77669
                                                },
                                                {
                                                    "Worker Number": 1,
                                                    "Actual Startup Time": 0.004,
                                                    "Actual Total Time": 0.026,
                                                    "Actual Rows": 21,
                                                    "Actual Loops": 79229
                                                },
                                                {
                                                    "Worker Number": 2,
                                                    "Actual Startup Time": 0.004,
                                                    "Actual Total Time": 0.023,
                                                    "Actual Rows": 20,
                                                    "Actual Loops": 95735
                                                },
                                                {
                                                    "Worker Number": 3,
                                                    "Actual Startup Time": 0.004,
                                                    "Actual Total Time": 0.023,
                                                    "Actual Rows": 20,
                                                    "Actual Loops": 93472
                                                },
                                                {
                                                    "Worker Number": 4,
                                                    "Actual Startup Time": 0.004,
                                                    "Actual Total Time": 0.023,
                                                    "Actual Rows": 21,
                                                    "Actual Loops": 93693
                                                }
                                            ]
                                        }
                                    ]
                                }
                            ]
                        }
                    ]
                }
            ]
        },
        "Planning Time": 219.558,
        "Triggers": [],
        "Execution Time": 3161.897
    }
]