{
  "Plan": {
    "Node Type": "Aggregate",
    "Strategy": "Plain",
    "Partial Mode": "Finalize",
    "Parallel Aware": false,
    "Startup Cost": 66491.9,
    "Total Cost": 66491.91,
    "Plan Rows": 1,
    "Plan Width": 8,
    "Actual Startup Time": 149.862,
    "Actual Total Time": 162.919,
    "Actual Rows": 1,
    "Actual Loops": 1,
    "Plans": [
      {
        "Node Type": "Gather",
        "Parent Relationship": "Outer",
        "Parallel Aware": false,
        "Startup Cost": 66491.79,
        "Total Cost": 66491.9,
        "Plan Rows": 1,
        "Plan Width": 8,
        "Actual Startup Time": 149.763,
        "Actual Total Time": 162.913,
        "Actual Rows": 2,
        "Actual Loops": 1,
        "Workers Planned": 1,
        "Workers Launched": 1,
        "Single Copy": false,
        "Plans": [
          {
            "Node Type": "Aggregate",
            "Strategy": "Plain",
            "Partial Mode": "Partial",
            "Parent Relationship": "Outer",
            "Parallel Aware": false,
            "Startup Cost": 65491.79,
            "Total Cost": 65491.8,
            "Plan Rows": 1,
            "Plan Width": 8,
            "Actual Startup Time": 143.911,
            "Actual Total Time": 143.912,
            "Actual Rows": 1,
            "Actual Loops": 2,
            "Plans": [
              {
                "Node Type": "Nested Loop",
                "Parent Relationship": "Outer",
                "Parallel Aware": false,
                "Join Type": "Inner",
                "Startup Cost": 0.43,
                "Total Cost": 65490.94,
                "Plan Rows": 342,
                "Plan Width": 0,
                "Actual Startup Time": 4.245,
                "Actual Total Time": 143.817,
                "Actual Rows": 1054,
                "Actual Loops": 2,
                "Inner Unique": false,
                "Plans": [
                  {
                    "Node Type": "Seq Scan",
                    "Parent Relationship": "Outer",
                    "Parallel Aware": true,
                    "Relation Name": "title",
                    "Alias": "t",
                    "Startup Cost": 0.0,
                    "Total Cost": 58306.47,
                    "Plan Rows": 933,
                    "Plan Width": 4,
                    "Actual Startup Time": 1.381,
                    "Actual Total Time": 135.737,
                    "Actual Rows": 1326,
                    "Actual Loops": 2,
                    "Filter": "((kind_id < 7) AND (production_year = 1949))",
                    "Rows Removed by Filter": 1262830
                  },
                  {
                    "Node Type": "Index Scan",
                    "Parent Relationship": "Inner",
                    "Parallel Aware": false,
                    "Scan Direction": "Forward",
                    "Index Name": "movie_id_movie_info_idx",
                    "Relation Name": "movie_info_idx",
                    "Alias": "mi_idx",
                    "Startup Cost": 0.43,
                    "Total Cost": 7.68,
                    "Plan Rows": 2,
                    "Plan Width": 4,
                    "Actual Startup Time": 0.006,
                    "Actual Total Time": 0.006,
                    "Actual Rows": 1,
                    "Actual Loops": 2651,
                    "Index Cond": "(movie_id = t.id)",
                    "Rows Removed by Index Recheck": 0,
                    "Filter": "(info_type_id > 99)",
                    "Rows Removed by Filter": 0
                  }
                ]
              }
            ]
          }
        ]
      }
    ]
  },
  "Planning Time": 0.456,
  "Triggers": [],
  "Execution Time": 162.991
}