[
  {
    "Plan": {
      "Node Type": "Aggregate",
      "Strategy": "Plain",
      "Partial Mode": "Finalize",
      "Parallel Aware": false,
      "Startup Cost": 430603.18,
      "Total Cost": 430603.19,
      "Plan Rows": 1,
      "Plan Width": 8,
      "Actual Startup Time": 1569.481,
      "Actual Total Time": 1636.256,
      "Actual Rows": 1,
      "Actual Loops": 1,
      "Plans": [
        {
          "Node Type": "Gather",
          "Parent Relationship": "Outer",
          "Parallel Aware": false,
          "Startup Cost": 430602.55,
          "Total Cost": 430603.16,
          "Plan Rows": 6,
          "Plan Width": 8,
          "Actual Startup Time": 1553.653,
          "Actual Total Time": 1636.242,
          "Actual Rows": 7,
          "Actual Loops": 1,
          "Workers Planned": 6,
          "Workers Launched": 6,
          "Single Copy": false,
          "Plans": [
            {
              "Node Type": "Aggregate",
              "Strategy": "Plain",
              "Partial Mode": "Partial",
              "Parent Relationship": "Outer",
              "Parallel Aware": false,
              "Startup Cost": 429602.55,
              "Total Cost": 429602.56,
              "Plan Rows": 1,
              "Plan Width": 8,
              "Actual Startup Time": 1537.79,
              "Actual Total Time": 1538.118,
              "Actual Rows": 1,
              "Actual Loops": 7,
              "Plans": [
                {
                  "Node Type": "Hash Join",
                  "Parent Relationship": "Outer",
                  "Parallel Aware": true,
                  "Join Type": "Inner",
                  "Startup Cost": 86740.85,
                  "Total Cost": 426372.36,
                  "Plan Rows": 1292076,
                  "Plan Width": 0,
                  "Actual Startup Time": 682.602,
                  "Actual Total Time": 1480.684,
                  "Actual Rows": 1349453,
                  "Actual Loops": 7,
                  "Inner Unique": false,
                  "Hash Cond": "(ci.movie_id = t.id)",
                  "Plans": [
                    {
                      "Node Type": "Seq Scan",
                      "Parent Relationship": "Outer",
                      "Parallel Aware": true,
                      "Relation Name": "cast_info",
                      "Alias": "ci",
                      "Startup Cost": 0.0,
                      "Total Cost": 328162.03,
                      "Plan Rows": 1947066,
                      "Plan Width": 4,
                      "Actual Startup Time": 264.675,
                      "Actual Total Time": 555.96,
                      "Actual Rows": 1659933,
                      "Actual Loops": 7,
                      "Filter": "(person_id > 2532520)",
                      "Rows Removed by Filter": 3517831
                    },
                    {
                      "Node Type": "Hash",
                      "Parent Relationship": "Inner",
                      "Parallel Aware": true,
                      "Startup Cost": 79975.61,
                      "Total Cost": 79975.61,
                      "Plan Rows": 541219,
                      "Plan Width": 8,
                      "Actual Startup Time": 412.898,
                      "Actual Total Time": 413.224,
                      "Actual Rows": 127575,
                      "Actual Loops": 7,
                      "Hash Buckets": 2097152,
                      "Original Hash Buckets": 2097152,
                      "Hash Batches": 1,
                      "Original Hash Batches": 1,
                      "Peak Memory Usage": 51424,
                      "Plans": [
                        {
                          "Node Type": "Hash Join",
                          "Parent Relationship": "Outer",
                          "Parallel Aware": true,
                          "Join Type": "Inner",
                          "Startup Cost": 50559.72,
                          "Total Cost": 79975.61,
                          "Plan Rows": 541219,
                          "Plan Width": 8,
                          "Actual Startup Time": 202.712,
                          "Actual Total Time": 357.328,
                          "Actual Rows": 127575,
                          "Actual Loops": 7,
                          "Inner Unique": true,
                          "Hash Cond": "(mc.movie_id = t.id)",
                          "Plans": [
                            {
                              "Node Type": "Seq Scan",
                              "Parent Relationship": "Outer",
                              "Parallel Aware": true,
                              "Relation Name": "movie_companies",
                              "Alias": "mc",
                              "Startup Cost": 0.0,
                              "Total Cost": 27206.55,
                              "Plan Rows": 841655,
                              "Plan Width": 4,
                              "Actual Startup Time": 0.024,
                              "Actual Total Time": 40.459,
                              "Actual Rows": 372733,
                              "Actual Loops": 7
                            },
                            {
                              "Node Type": "Hash",
                              "Parent Relationship": "Inner",
                              "Parallel Aware": true,
                              "Startup Cost": 45479.1,
                              "Total Cost": 45479.1,
                              "Plan Rows": 406450,
                              "Plan Width": 4,
                              "Actual Startup Time": 200.084,
                              "Actual Total Time": 200.086,
                              "Actual Rows": 229828,
                              "Actual Loops": 7,
                              "Hash Buckets": 2097152,
                              "Original Hash Buckets": 2097152,
                              "Hash Batches": 1,
                              "Original Hash Batches": 1,
                              "Peak Memory Usage": 79424,
                              "Plans": [
                                {
                                  "Node Type": "Seq Scan",
                                  "Parent Relationship": "Outer",
                                  "Parallel Aware": true,
                                  "Relation Name": "title",
                                  "Alias": "t",
                                  "Startup Cost": 0.0,
                                  "Total Cost": 45479.1,
                                  "Plan Rows": 406450,
                                  "Plan Width": 4,
                                  "Actual Startup Time": 0.05,
                                  "Actual Total Time": 83.745,
                                  "Actual Rows": 229828,
                                  "Actual Loops": 7,
                                  "Filter": "((kind_id > 3) AND (production_year > 0))",
                                  "Rows Removed by Filter": 131360
                                }
                              ]
                            }
                          ]
                        }
                      ]
                    }
                  ]
                }
              ]
            }
          ]
        }
      ]
    },
    "Planning Time": 1.448,
    "Triggers": [],
    "Execution Time": 1636.36
  }
]