[
  {
    "Plan": {
      "Node Type": "Aggregate",
      "Strategy": "Plain",
      "Partial Mode": "Finalize",
      "Parallel Aware": false,
      "Startup Cost": 457686.13,
      "Total Cost": 457686.14,
      "Plan Rows": 1,
      "Plan Width": 8,
      "Actual Startup Time": 1525.691,
      "Actual Total Time": 1595.595,
      "Actual Rows": 1,
      "Actual Loops": 1,
      "Plans": [
        {
          "Node Type": "Gather",
          "Parent Relationship": "Outer",
          "Parallel Aware": false,
          "Startup Cost": 457685.51,
          "Total Cost": 457686.12,
          "Plan Rows": 6,
          "Plan Width": 8,
          "Actual Startup Time": 1503.08,
          "Actual Total Time": 1595.583,
          "Actual Rows": 7,
          "Actual Loops": 1,
          "Workers Planned": 6,
          "Workers Launched": 6,
          "Single Copy": false,
          "Plans": [
            {
              "Node Type": "Aggregate",
              "Strategy": "Plain",
              "Partial Mode": "Partial",
              "Parent Relationship": "Outer",
              "Parallel Aware": false,
              "Startup Cost": 456685.51,
              "Total Cost": 456685.52,
              "Plan Rows": 1,
              "Plan Width": 8,
              "Actual Startup Time": 1488.043,
              "Actual Total Time": 1488.337,
              "Actual Rows": 1,
              "Actual Loops": 7,
              "Plans": [
                {
                  "Node Type": "Hash Join",
                  "Parent Relationship": "Outer",
                  "Parallel Aware": true,
                  "Join Type": "Inner",
                  "Startup Cost": 98535.32,
                  "Total Cost": 454017.79,
                  "Plan Rows": 1067086,
                  "Plan Width": 0,
                  "Actual Startup Time": 621.611,
                  "Actual Total Time": 1416.901,
                  "Actual Rows": 1791942,
                  "Actual Loops": 7,
                  "Inner Unique": false,
                  "Hash Cond": "(ci.movie_id = t.id)",
                  "Plans": [
                    {
                      "Node Type": "Seq Scan",
                      "Parent Relationship": "Outer",
                      "Parallel Aware": true,
                      "Relation Name": "cast_info",
                      "Alias": "ci",
                      "Startup Cost": 0.0,
                      "Total Cost": 343257.03,
                      "Plan Rows": 2342192,
                      "Plan Width": 4,
                      "Actual Startup Time": 202.213,
                      "Actual Total Time": 590.293,
                      "Actual Rows": 1256629,
                      "Actual Loops": 7,
                      "Filter": "((person_id < 2175738) AND (role_id > 1))",
                      "Rows Removed by Filter": 3921134
                    },
                    {
                      "Node Type": "Hash",
                      "Parent Relationship": "Inner",
                      "Parallel Aware": true,
                      "Startup Cost": 93890.67,
                      "Total Cost": 93890.67,
                      "Plan Rows": 371572,
                      "Plan Width": 8,
                      "Actual Startup Time": 414.625,
                      "Actual Total Time": 414.916,
                      "Actual Rows": 165129,
                      "Actual Loops": 7,
                      "Hash Buckets": 2097152,
                      "Original Hash Buckets": 2097152,
                      "Hash Batches": 1,
                      "Original Hash Batches": 1,
                      "Peak Memory Usage": 61728,
                      "Plans": [
                        {
                          "Node Type": "Hash Join",
                          "Parent Relationship": "Outer",
                          "Parallel Aware": true,
                          "Join Type": "Inner",
                          "Startup Cost": 50219.64,
                          "Total Cost": 93890.67,
                          "Plan Rows": 371572,
                          "Plan Width": 8,
                          "Actual Startup Time": 250.386,
                          "Actual Total Time": 356.449,
                          "Actual Rows": 165129,
                          "Actual Loops": 7,
                          "Inner Unique": true,
                          "Hash Cond": "(mk.movie_id = t.id)",
                          "Plans": [
                            {
                              "Node Type": "Seq Scan",
                              "Parent Relationship": "Outer",
                              "Parallel Aware": true,
                              "Relation Name": "movie_keyword",
                              "Alias": "mk",
                              "Startup Cost": 0.0,
                              "Total Cost": 42695.65,
                              "Plan Rows": 371572,
                              "Plan Width": 4,
                              "Actual Startup Time": 0.796,
                              "Actual Total Time": 62.878,
                              "Actual Rows": 165129,
                              "Actual Loops": 7,
                              "Filter": "(keyword_id > 16141)",
                              "Rows Removed by Filter": 481147
                            },
                            {
                              "Node Type": "Hash",
                              "Parent Relationship": "Inner",
                              "Parallel Aware": true,
                              "Startup Cost": 42318.73,
                              "Total Cost": 42318.73,
                              "Plan Rows": 632073,
                              "Plan Width": 4,
                              "Actual Startup Time": 245.625,
                              "Actual Total Time": 245.626,
                              "Actual Rows": 361187,
                              "Actual Loops": 7,
                              "Hash Buckets": 4194304,
                              "Original Hash Buckets": 4194304,
                              "Hash Batches": 1,
                              "Original Hash Batches": 1,
                              "Peak Memory Usage": 131776,
                              "Plans": [
                                {
                                  "Node Type": "Seq Scan",
                                  "Parent Relationship": "Outer",
                                  "Parallel Aware": true,
                                  "Relation Name": "title",
                                  "Alias": "t",
                                  "Startup Cost": 0.0,
                                  "Total Cost": 42318.73,
                                  "Plan Rows": 632073,
                                  "Plan Width": 4,
                                  "Actual Startup Time": 0.053,
                                  "Actual Total Time": 69.65,
                                  "Actual Rows": 361187,
                                  "Actual Loops": 7
                                }
                              ]
                            }
                          ]
                        }
                      ]
                    }
                  ]
                }
              ]
            }
          ]
        }
      ]
    },
    "Planning Time": 1.4,
    "Triggers": [],
    "Execution Time": 1595.7
  }
]