[
  {
    "Plan": {
      "Node Type": "Aggregate",
      "Strategy": "Plain",
      "Partial Mode": "Finalize",
      "Parallel Aware": false,
      "Startup Cost": 32645.24,
      "Total Cost": 32645.25,
      "Plan Rows": 1,
      "Plan Width": 8,
      "Actual Startup Time": 88.126,
      "Actual Total Time": 95.534,
      "Actual Rows": 1,
      "Actual Loops": 1,
      "Plans": [
        {
          "Node Type": "Gather",
          "Parent Relationship": "Outer",
          "Parallel Aware": false,
          "Startup Cost": 32644.92,
          "Total Cost": 32645.23,
          "Plan Rows": 3,
          "Plan Width": 8,
          "Actual Startup Time": 87.951,
          "Actual Total Time": 95.524,
          "Actual Rows": 4,
          "Actual Loops": 1,
          "Workers Planned": 3,
          "Workers Launched": 3,
          "Single Copy": false,
          "Plans": [
            {
              "Node Type": "Aggregate",
              "Strategy": "Plain",
              "Partial Mode": "Partial",
              "Parent Relationship": "Outer",
              "Parallel Aware": false,
              "Startup Cost": 31644.92,
              "Total Cost": 31644.93,
              "Plan Rows": 1,
              "Plan Width": 8,
              "Actual Startup Time": 80.854,
              "Actual Total Time": 80.856,
              "Actual Rows": 1,
              "Actual Loops": 4,
              "Plans": [
                {
                  "Node Type": "Seq Scan",
                  "Parent Relationship": "Outer",
                  "Parallel Aware": true,
                  "Relation Name": "movie_companies",
                  "Alias": "mc",
                  "Startup Cost": 0.0,
                  "Total Cost": 31414.82,
                  "Plan Rows": 92042,
                  "Plan Width": 0,
                  "Actual Startup Time": 0.034,
                  "Actual Total Time": 72.894,
                  "Actual Rows": 104558,
                  "Actual Loops": 4,
                  "Filter": "((company_id < 629) AND (company_type_id < 2))",
                  "Rows Removed by Filter": 547725
                }
              ]
            }
          ]
        }
      ]
    },
    "Planning Time": 0.116,
    "Triggers": [],
    "Execution Time": 95.565
  }
]