[
    {
        "Bao": {
            "Bao prediction": "NaN",
            "Bao recommended hint": "(no hint)"
        }
    },
    {
        "Plan": {
            "Node Type": "Aggregate",
            "Strategy": "Plain",
            "Partial Mode": "Finalize",
            "Parallel Aware": false,
            "Startup Cost": 217564.3,
            "Total Cost": 217564.31,
            "Plan Rows": 1,
            "Plan Width": 8,
            "Actual Startup Time": 269.25,
            "Actual Total Time": 278.678,
            "Actual Rows": 1,
            "Actual Loops": 1,
            "Output": [
                "count(*)"
            ],
            "Plans": [
                {
                    "Node Type": "Gather",
                    "Parent Relationship": "Outer",
                    "Parallel Aware": false,
                    "Startup Cost": 217563.78,
                    "Total Cost": 217564.29,
                    "Plan Rows": 5,
                    "Plan Width": 8,
                    "Actual Startup Time": 263.574,
                    "Actual Total Time": 278.668,
                    "Actual Rows": 6,
                    "Actual Loops": 1,
                    "Output": [
                        "(PARTIAL count(*))"
                    ],
                    "Workers Planned": 5,
                    "Workers Launched": 5,
                    "Single Copy": false,
                    "Plans": [
                        {
                            "Node Type": "Aggregate",
                            "Strategy": "Plain",
                            "Partial Mode": "Partial",
                            "Parent Relationship": "Outer",
                            "Parallel Aware": false,
                            "Startup Cost": 216563.78,
                            "Total Cost": 216563.79,
                            "Plan Rows": 1,
                            "Plan Width": 8,
                            "Actual Startup Time": 249.381,
                            "Actual Total Time": 249.385,
                            "Actual Rows": 1,
                            "Actual Loops": 6,
                            "Output": [
                                "PARTIAL count(*)"
                            ],
                            "Workers": [
                                {
                                    "Worker Number": 0,
                                    "Actual Startup Time": 246.569,
                                    "Actual Total Time": 246.572,
                                    "Actual Rows": 1,
                                    "Actual Loops": 1
                                },
                                {
                                    "Worker Number": 1,
                                    "Actual Startup Time": 247.191,
                                    "Actual Total Time": 247.194,
                                    "Actual Rows": 1,
                                    "Actual Loops": 1
                                },
                                {
                                    "Worker Number": 2,
                                    "Actual Startup Time": 246.474,
                                    "Actual Total Time": 246.478,
                                    "Actual Rows": 1,
                                    "Actual Loops": 1
                                },
                                {
                                    "Worker Number": 3,
                                    "Actual Startup Time": 246.59,
                                    "Actual Total Time": 246.594,
                                    "Actual Rows": 1,
                                    "Actual Loops": 1
                                },
                                {
                                    "Worker Number": 4,
                                    "Actual Startup Time": 246.604,
                                    "Actual Total Time": 246.607,
                                    "Actual Rows": 1,
                                    "Actual Loops": 1
                                }
                            ],
                            "Plans": [
                                {
                                    "Node Type": "Hash Join",
                                    "Parent Relationship": "Outer",
                                    "Parallel Aware": true,
                                    "Join Type": "Inner",
                                    "Startup Cost": 53462.61,
                                    "Total Cost": 216491.12,
                                    "Plan Rows": 29065,
                                    "Plan Width": 0,
                                    "Actual Startup Time": 189.348,
                                    "Actual Total Time": 247.827,
                                    "Actual Rows": 22763,
                                    "Actual Loops": 6,
                                    "Inner Unique": true,
                                    "Hash Cond": "(mi.movie_id = t.id)",
                                    "Workers": [
                                        {
                                            "Worker Number": 0,
                                            "Actual Startup Time": 186.597,
                                            "Actual Total Time": 244.979,
                                            "Actual Rows": 22555,
                                            "Actual Loops": 1
                                        },
                                        {
                                            "Worker Number": 1,
                                            "Actual Startup Time": 186.581,
                                            "Actual Total Time": 245.737,
                                            "Actual Rows": 19545,
                                            "Actual Loops": 1
                                        },
                                        {
                                            "Worker Number": 2,
                                            "Actual Startup Time": 186.393,
                                            "Actual Total Time": 245.142,
                                            "Actual Rows": 23217,
                                            "Actual Loops": 1
                                        },
                                        {
                                            "Worker Number": 3,
                                            "Actual Startup Time": 186.72,
                                            "Actual Total Time": 244.84,
                                            "Actual Rows": 17860,
                                            "Actual Loops": 1
                                        },
                                        {
                                            "Worker Number": 4,
                                            "Actual Startup Time": 186.865,
                                            "Actual Total Time": 245.027,
                                            "Actual Rows": 21634,
                                            "Actual Loops": 1
                                        }
                                    ],
                                    "Plans": [
                                        {
                                            "Node Type": "Bitmap Heap Scan",
                                            "Parent Relationship": "Outer",
                                            "Parallel Aware": true,
                                            "Relation Name": "movie_info",
                                            "Schema": "public",
                                            "Alias": "mi",
                                            "Startup Cost": 6209.4,
                                            "Total Cost": 169058.19,
                                            "Plan Rows": 68464,
                                            "Plan Width": 4,
                                            "Actual Startup Time": 22.183,
                                            "Actual Total Time": 56.114,
                                            "Actual Rows": 54810,
                                            "Actual Loops": 6,
                                            "Output": [
                                                "mi.id",
                                                "mi.movie_id",
                                                "mi.info_type_id",
                                                "mi.info",
                                                "mi.note"
                                            ],
                                            "Recheck Cond": "(mi.info_type_id = 98)",
                                            "Rows Removed by Index Recheck": 0,
                                            "Exact Heap Blocks": 5729,
                                            "Lossy Heap Blocks": 0,
                                            "Workers": [
                                                {
                                                    "Worker Number": 0,
                                                    "Actual Startup Time": 22.143,
                                                    "Actual Total Time": 56.866,
                                                    "Actual Rows": 53318,
                                                    "Actual Loops": 1
                                                },
                                                {
                                                    "Worker Number": 1,
                                                    "Actual Startup Time": 22.119,
                                                    "Actual Total Time": 58.112,
                                                    "Actual Rows": 47172,
                                                    "Actual Loops": 1
                                                },
                                                {
                                                    "Worker Number": 2,
                                                    "Actual Startup Time": 22.118,
                                                    "Actual Total Time": 57.995,
                                                    "Actual Rows": 56329,
                                                    "Actual Loops": 1
                                                },
                                                {
                                                    "Worker Number": 3,
                                                    "Actual Startup Time": 22.203,
                                                    "Actual Total Time": 57.519,
                                                    "Actual Rows": 43021,
                                                    "Actual Loops": 1
                                                },
                                                {
                                                    "Worker Number": 4,
                                                    "Actual Startup Time": 22.358,
                                                    "Actual Total Time": 57.098,
                                                    "Actual Rows": 52489,
                                                    "Actual Loops": 1
                                                }
                                            ],
                                            "Plans": [
                                                {
                                                    "Node Type": "Bitmap Index Scan",
                                                    "Parent Relationship": "Outer",
                                                    "Parallel Aware": false,
                                                    "Index Name": "info_type_id_movie_info",
                                                    "Startup Cost": 0.0,
                                                    "Total Cost": 6123.82,
                                                    "Plan Rows": 342318,
                                                    "Plan Width": 0,
                                                    "Actual Startup Time": 18.48,
                                                    "Actual Total Time": 18.481,
                                                    "Actual Rows": 328857,
                                                    "Actual Loops": 1,
                                                    "Index Cond": "(mi.info_type_id = 98)",
                                                    "Workers": [
                                                        {
                                                            "Worker Number": 2,
                                                            "Actual Startup Time": 18.48,
                                                            "Actual Total Time": 18.481,
                                                            "Actual Rows": 328857,
                                                            "Actual Loops": 1
                                                        }
                                                    ]
                                                }
                                            ]
                                        },
                                        {
                                            "Node Type": "Hash",
                                            "Parent Relationship": "Inner",
                                            "Parallel Aware": true,
                                            "Startup Cost": 43899.01,
                                            "Total Cost": 43899.01,
                                            "Plan Rows": 268336,
                                            "Plan Width": 4,
                                            "Actual Startup Time": 161.81,
                                            "Actual Total Time": 161.811,
                                            "Actual Rows": 179128,
                                            "Actual Loops": 6,
                                            "Output": [
                                                "t.id"
                                            ],
                                            "Hash Buckets": 2097152,
                                            "Original Hash Buckets": 2097152,
                                            "Hash Batches": 1,
                                            "Original Hash Batches": 1,
                                            "Peak Memory Usage": 58560,
                                            "Workers": [
                                                {
                                                    "Worker Number": 0,
                                                    "Actual Startup Time": 163.785,
                                                    "Actual Total Time": 163.785,
                                                    "Actual Rows": 176710,
                                                    "Actual Loops": 1
                                                },
                                                {
                                                    "Worker Number": 1,
                                                    "Actual Startup Time": 163.865,
                                                    "Actual Total Time": 163.866,
                                                    "Actual Rows": 172755,
                                                    "Actual Loops": 1
                                                },
                                                {
                                                    "Worker Number": 2,
                                                    "Actual Startup Time": 163.825,
                                                    "Actual Total Time": 163.826,
                                                    "Actual Rows": 167352,
                                                    "Actual Loops": 1
                                                },
                                                {
                                                    "Worker Number": 3,
                                                    "Actual Startup Time": 163.802,
                                                    "Actual Total Time": 163.803,
                                                    "Actual Rows": 129510,
                                                    "Actual Loops": 1
                                                },
                                                {
                                                    "Worker Number": 4,
                                                    "Actual Startup Time": 163.795,
                                                    "Actual Total Time": 163.796,
                                                    "Actual Rows": 171803,
                                                    "Actual Loops": 1
                                                }
                                            ],
                                            "Plans": [
                                                {
                                                    "Node Type": "Seq Scan",
                                                    "Parent Relationship": "Outer",
                                                    "Parallel Aware": true,
                                                    "Relation Name": "title",
                                                    "Schema": "public",
                                                    "Alias": "t",
                                                    "Startup Cost": 0.0,
                                                    "Total Cost": 43899.01,
                                                    "Plan Rows": 268336,
                                                    "Plan Width": 4,
                                                    "Actual Startup Time": 0.044,
                                                    "Actual Total Time": 80.979,
                                                    "Actual Rows": 179128,
                                                    "Actual Loops": 6,
                                                    "Output": [
                                                        "t.id"
                                                    ],
                                                    "Filter": "(t.production_year < 2001)",
                                                    "Rows Removed by Filter": 242258,
                                                    "Workers": [
                                                        {
                                                            "Worker Number": 0,
                                                            "Actual Startup Time": 0.055,
                                                            "Actual Total Time": 82.903,
                                                            "Actual Rows": 176710,
                                                            "Actual Loops": 1
                                                        },
                                                        {
                                                            "Worker Number": 1,
                                                            "Actual Startup Time": 0.047,
                                                            "Actual Total Time": 80.954,
                                                            "Actual Rows": 172755,
                                                            "Actual Loops": 1
                                                        },
                                                        {
                                                            "Worker Number": 2,
                                                            "Actual Startup Time": 0.052,
                                                            "Actual Total Time": 80.611,
                                                            "Actual Rows": 167352,
                                                            "Actual Loops": 1
                                                        },
                                                        {
                                                            "Worker Number": 3,
                                                            "Actual Startup Time": 0.048,
                                                            "Actual Total Time": 85.397,
                                                            "Actual Rows": 129510,
                                                            "Actual Loops": 1
                                                        },
                                                        {
                                                            "Worker Number": 4,
                                                            "Actual Startup Time": 0.047,
                                                            "Actual Total Time": 83.777,
                                                            "Actual Rows": 171803,
                                                            "Actual Loops": 1
                                                        }
                                                    ]
                                                }
                                            ]
                                        }
                                    ]
                                }
                            ]
                        }
                    ]
                }
            ]
        },
        "Planning Time": 220.128,
        "Triggers": [],
        "Execution Time": 278.782
    }
]