{
  "Plan": {
    "Node Type": "Aggregate",
    "Strategy": "Plain",
    "Partial Mode": "Simple",
    "Parallel Aware": false,
    "Startup Cost": 189449.57,
    "Total Cost": 189449.58,
    "Plan Rows": 1,
    "Plan Width": 64,
    "Actual Startup Time": 554.371,
    "Actual Total Time": 579.596,
    "Actual Rows": 1,
    "Actual Loops": 1,
    "Plans": [
      {
        "Node Type": "Gather",
        "Parent Relationship": "Outer",
        "Parallel Aware": false,
        "Startup Cost": 127611.61,
        "Total Cost": 189449.57,
        "Plan Rows": 1,
        "Plan Width": 23,
        "Actual Startup Time": 244.635,
        "Actual Total Time": 579.563,
        "Actual Rows": 57,
        "Actual Loops": 1,
        "Workers Planned": 1,
        "Workers Launched": 1,
        "Single Copy": false,
        "Plans": [
          {
            "Node Type": "Nested Loop",
            "Parent Relationship": "Outer",
            "Parallel Aware": false,
            "Join Type": "Inner",
            "Startup Cost": 126611.61,
            "Total Cost": 188449.47,
            "Plan Rows": 1,
            "Plan Width": 23,
            "Actual Startup Time": 239.172,
            "Actual Total Time": 546.604,
            "Actual Rows": 28,
            "Actual Loops": 2,
            "Inner Unique": true,
            "Plans": [
              {
                "Node Type": "Nested Loop",
                "Parent Relationship": "Outer",
                "Parallel Aware": false,
                "Join Type": "Inner",
                "Startup Cost": 126611.47,
                "Total Cost": 188449.28,
                "Plan Rows": 1,
                "Plan Width": 27,
                "Actual Startup Time": 239.162,
                "Actual Total Time": 546.544,
                "Actual Rows": 28,
                "Actual Loops": 2,
                "Inner Unique": false,
                "Join Filter": "(t.id = mi.movie_id)",
                "Rows Removed by Join Filter": 0,
                "Plans": [
                  {
                    "Node Type": "Nested Loop",
                    "Parent Relationship": "Outer",
                    "Parallel Aware": false,
                    "Join Type": "Inner",
                    "Startup Cost": 126611.04,
                    "Total Cost": 188447.45,
                    "Plan Rows": 1,
                    "Plan Width": 35,
                    "Actual Startup Time": 239.055,
                    "Actual Total Time": 544.184,
                    "Actual Rows": 40,
                    "Actual Loops": 2,
                    "Inner Unique": true,
                    "Plans": [
                      {
                        "Node Type": "Hash Join",
                        "Parent Relationship": "Outer",
                        "Parallel Aware": false,
                        "Join Type": "Inner",
                        "Startup Cost": 126610.89,
                        "Total Cost": 188446.94,
                        "Plan Rows": 3,
                        "Plan Width": 39,
                        "Actual Startup Time": 239.025,
                        "Actual Total Time": 543.838,
                        "Actual Rows": 170,
                        "Actual Loops": 2,
                        "Inner Unique": true,
                        "Hash Cond": "(mk.keyword_id = k.id)",
                        "Plans": [
                          {
                            "Node Type": "Hash Join",
                            "Parent Relationship": "Outer",
                            "Parallel Aware": true,
                            "Join Type": "Inner",
                            "Startup Cost": 123649.29,
                            "Total Cost": 185241.13,
                            "Plan Rows": 93028,
                            "Plan Width": 43,
                            "Actual Startup Time": 203.327,
                            "Actual Total Time": 508.314,
                            "Actual Rows": 29898,
                            "Actual Loops": 2,
                            "Inner Unique": false,
                            "Hash Cond": "(mk.movie_id = t.id)",
                            "Plans": [
                              {
                                "Node Type": "Seq Scan",
                                "Parent Relationship": "Outer",
                                "Parallel Aware": true,
                                "Relation Name": "movie_keyword",
                                "Alias": "mk",
                                "Startup Cost": 0.0,
                                "Total Cost": 51065.35,
                                "Plan Rows": 2661135,
                                "Plan Width": 8,
                                "Actual Startup Time": 0.018,
                                "Actual Total Time": 156.72,
                                "Actual Rows": 2261965,
                                "Actual Loops": 2
                              },
                              {
                                "Node Type": "Hash",
                                "Parent Relationship": "Inner",
                                "Parallel Aware": true,
                                "Startup Cost": 122999.43,
                                "Total Cost": 122999.43,
                                "Plan Rows": 51989,
                                "Plan Width": 35,
                                "Actual Startup Time": 202.463,
                                "Actual Total Time": 202.468,
                                "Actual Rows": 11358,
                                "Actual Loops": 2,
                                "Hash Buckets": 131072,
                                "Original Hash Buckets": 131072,
                                "Hash Batches": 1,
                                "Original Hash Batches": 1,
                                "Peak Memory Usage": 2688,
                                "Plans": [
                                  {
                                    "Node Type": "Nested Loop",
                                    "Parent Relationship": "Outer",
                                    "Parallel Aware": false,
                                    "Join Type": "Inner",
                                    "Startup Cost": 1.54,
                                    "Total Cost": 122999.43,
                                    "Plan Rows": 51989,
                                    "Plan Width": 35,
                                    "Actual Startup Time": 0.199,
                                    "Actual Total Time": 197.696,
                                    "Actual Rows": 11358,
                                    "Actual Loops": 2,
                                    "Inner Unique": false,
                                    "Plans": [
                                      {
                                        "Node Type": "Hash Join",
                                        "Parent Relationship": "Outer",
                                        "Parallel Aware": false,
                                        "Join Type": "Inner",
                                        "Startup Cost": 1.11,
                                        "Total Cost": 56220.54,
                                        "Plan Rows": 110627,
                                        "Plan Width": 21,
                                        "Actual Startup Time": 0.077,
                                        "Actual Total Time": 158.857,
                                        "Actual Rows": 11774,
                                        "Actual Loops": 2,
                                        "Inner Unique": true,
                                        "Hash Cond": "(t.kind_id = kt.id)",
                                        "Plans": [
                                          {
                                            "Node Type": "Seq Scan",
                                            "Parent Relationship": "Outer",
                                            "Parallel Aware": true,
                                            "Relation Name": "title",
                                            "Alias": "t",
                                            "Startup Cost": 0.0,
                                            "Total Cost": 54587.68,
                                            "Plan Rows": 387194,
                                            "Plan Width": 25,
                                            "Actual Startup Time": 0.016,
                                            "Actual Total Time": 139.412,
                                            "Actual Rows": 331032,
                                            "Actual Loops": 2,
                                            "Filter": "(production_year > 2008)",
                                            "Rows Removed by Filter": 933124
                                          },
                                          {
                                            "Node Type": "Hash",
                                            "Parent Relationship": "Inner",
                                            "Parallel Aware": false,
                                            "Startup Cost": 1.09,
                                            "Total Cost": 1.09,
                                            "Plan Rows": 2,
                                            "Plan Width": 4,
                                            "Actual Startup Time": 0.02,
                                            "Actual Total Time": 0.022,
                                            "Actual Rows": 2,
                                            "Actual Loops": 2,
                                            "Hash Buckets": 1024,
                                            "Original Hash Buckets": 1024,
                                            "Hash Batches": 1,
                                            "Original Hash Batches": 1,
                                            "Peak Memory Usage": 9,
                                            "Plans": [
                                              {
                                                "Node Type": "Seq Scan",
                                                "Parent Relationship": "Outer",
                                                "Parallel Aware": false,
                                                "Relation Name": "kind_type",
                                                "Alias": "kt",
                                                "Startup Cost": 0.0,
                                                "Total Cost": 1.09,
                                                "Plan Rows": 2,
                                                "Plan Width": 4,
                                                "Actual Startup Time": 0.014,
                                                "Actual Total Time": 0.016,
                                                "Actual Rows": 2,
                                                "Actual Loops": 2,
                                                "Filter": "((kind)::text = ANY ('{\"video game\",\"tv series\"}'::text[]))",
                                                "Rows Removed by Filter": 5
                                              }
                                            ]
                                          }
                                        ]
                                      },
                                      {
                                        "Node Type": "Index Scan",
                                        "Parent Relationship": "Inner",
                                        "Parallel Aware": false,
                                        "Scan Direction": "Forward",
                                        "Index Name": "movie_id_movie_info_idx",
                                        "Relation Name": "movie_info_idx",
                                        "Alias": "mi_idx",
                                        "Startup Cost": 0.43,
                                        "Total Cost": 0.57,
                                        "Plan Rows": 3,
                                        "Plan Width": 14,
                                        "Actual Startup Time": 0.003,
                                        "Actual Total Time": 0.003,
                                        "Actual Rows": 1,
                                        "Actual Loops": 23547,
                                        "Index Cond": "(movie_id = t.id)",
                                        "Rows Removed by Index Recheck": 0,
                                        "Filter": "(info < '7.1'::text)",
                                        "Rows Removed by Filter": 0
                                      }
                                    ]
                                  }
                                ]
                              }
                            ]
                          },
                          {
                            "Node Type": "Hash",
                            "Parent Relationship": "Inner",
                            "Parallel Aware": false,
                            "Startup Cost": 2961.55,
                            "Total Cost": 2961.55,
                            "Plan Rows": 4,
                            "Plan Width": 4,
                            "Actual Startup Time": 33.603,
                            "Actual Total Time": 33.604,
                            "Actual Rows": 3,
                            "Actual Loops": 2,
                            "Hash Buckets": 1024,
                            "Original Hash Buckets": 1024,
                            "Hash Batches": 1,
                            "Original Hash Batches": 1,
                            "Peak Memory Usage": 9,
                            "Plans": [
                              {
                                "Node Type": "Seq Scan",
                                "Parent Relationship": "Outer",
                                "Parallel Aware": false,
                                "Relation Name": "keyword",
                                "Alias": "k",
                                "Startup Cost": 0.0,
                                "Total Cost": 2961.55,
                                "Plan Rows": 4,
                                "Plan Width": 4,
                                "Actual Startup Time": 0.278,
                                "Actual Total Time": 33.579,
                                "Actual Rows": 3,
                                "Actual Loops": 2,
                                "Filter": "((keyword IS NOT NULL) AND (keyword = ANY ('{violence,based-on-comic,violence,father}'::text[])))",
                                "Rows Removed by Filter": 134167
                              }
                            ]
                          }
                        ]
                      },
                      {
                        "Node Type": "Index Scan",
                        "Parent Relationship": "Inner",
                        "Parallel Aware": false,
                        "Scan Direction": "Forward",
                        "Index Name": "info_type_pkey",
                        "Relation Name": "info_type",
                        "Alias": "it2",
                        "Startup Cost": 0.14,
                        "Total Cost": 0.16,
                        "Plan Rows": 1,
                        "Plan Width": 4,
                        "Actual Startup Time": 0.001,
                        "Actual Total Time": 0.001,
                        "Actual Rows": 0,
                        "Actual Loops": 339,
                        "Index Cond": "(id = mi_idx.info_type_id)",
                        "Rows Removed by Index Recheck": 0,
                        "Filter": "((info)::text = 'rating'::text)",
                        "Rows Removed by Filter": 1
                      }
                    ]
                  },
                  {
                    "Node Type": "Index Scan",
                    "Parent Relationship": "Inner",
                    "Parallel Aware": false,
                    "Scan Direction": "Forward",
                    "Index Name": "movie_id_movie_info",
                    "Relation Name": "movie_info",
                    "Alias": "mi",
                    "Startup Cost": 0.43,
                    "Total Cost": 1.8,
                    "Plan Rows": 3,
                    "Plan Width": 8,
                    "Actual Startup Time": 0.052,
                    "Actual Total Time": 0.057,
                    "Actual Rows": 1,
                    "Actual Loops": 81,
                    "Index Cond": "(movie_id = mk.movie_id)",
                    "Rows Removed by Index Recheck": 0,
                    "Filter": "(info = ANY ('{Sweden,America,Swedish,American,Bulgaria,Denish,USA,Norway,Norwegian,USA}'::text[]))",
                    "Rows Removed by Filter": 13
                  }
                ]
              },
              {
                "Node Type": "Index Scan",
                "Parent Relationship": "Inner",
                "Parallel Aware": false,
                "Scan Direction": "Forward",
                "Index Name": "info_type_pkey",
                "Relation Name": "info_type",
                "Alias": "it1",
                "Startup Cost": 0.14,
                "Total Cost": 0.16,
                "Plan Rows": 1,
                "Plan Width": 4,
                "Actual Startup Time": 0.001,
                "Actual Total Time": 0.001,
                "Actual Rows": 1,
                "Actual Loops": 57,
                "Index Cond": "(id = mi.info_type_id)",
                "Rows Removed by Index Recheck": 0,
                "Filter": "((info)::text = 'countries'::text)",
                "Rows Removed by Filter": 0
              }
            ]
          }
        ]
      }
    ]
  },
  "Planning Time": 2.42,
  "Triggers": [],
  "Execution Time": 579.748
}