{
  "Plan": {
    "Node Type": "Aggregate",
    "Strategy": "Plain",
    "Partial Mode": "Finalize",
    "Parallel Aware": false,
    "Startup Cost": 1403990.29,
    "Total Cost": 1403990.3,
    "Plan Rows": 1,
    "Plan Width": 8,
    "Actual Startup Time": 20703.295,
    "Actual Total Time": 20815.708,
    "Actual Rows": 1,
    "Actual Loops": 1,
    "Plans": [
      {
        "Node Type": "Gather",
        "Parent Relationship": "Outer",
        "Parallel Aware": false,
        "Startup Cost": 1403990.18,
        "Total Cost": 1403990.29,
        "Plan Rows": 1,
        "Plan Width": 8,
        "Actual Startup Time": 20675.668,
        "Actual Total Time": 20815.694,
        "Actual Rows": 2,
        "Actual Loops": 1,
        "Workers Planned": 1,
        "Workers Launched": 1,
        "Single Copy": false,
        "Plans": [
          {
            "Node Type": "Aggregate",
            "Strategy": "Plain",
            "Partial Mode": "Partial",
            "Parent Relationship": "Outer",
            "Parallel Aware": false,
            "Startup Cost": 1402990.18,
            "Total Cost": 1402990.19,
            "Plan Rows": 1,
            "Plan Width": 8,
            "Actual Startup Time": 20651.669,
            "Actual Total Time": 20654.869,
            "Actual Rows": 1,
            "Actual Loops": 2,
            "Plans": [
              {
                "Node Type": "Hash Join",
                "Parent Relationship": "Outer",
                "Parallel Aware": true,
                "Join Type": "Inner",
                "Startup Cost": 454374.41,
                "Total Cost": 1316245.28,
                "Plan Rows": 34697959,
                "Plan Width": 0,
                "Actual Startup Time": 5288.082,
                "Actual Total Time": 18012.146,
                "Actual Rows": 63855984,
                "Actual Loops": 2,
                "Inner Unique": false,
                "Hash Cond": "(ci.movie_id = t.id)",
                "Plans": [
                  {
                    "Node Type": "Seq Scan",
                    "Parent Relationship": "Outer",
                    "Parallel Aware": true,
                    "Relation Name": "cast_info",
                    "Alias": "ci",
                    "Startup Cost": 0.0,
                    "Total Cost": 572345.93,
                    "Plan Rows": 6833545,
                    "Plan Width": 4,
                    "Actual Startup Time": 0.022,
                    "Actual Total Time": 1673.368,
                    "Actual Rows": 6534537,
                    "Actual Loops": 2,
                    "Filter": "((person_id < 1362298) AND (role_id < 9))",
                    "Rows Removed by Filter": 11587635
                  },
                  {
                    "Node Type": "Hash",
                    "Parent Relationship": "Inner",
                    "Parallel Aware": true,
                    "Startup Cost": 359979.98,
                    "Total Cost": 359979.98,
                    "Plan Rows": 7551554,
                    "Plan Width": 8,
                    "Actual Startup Time": 5232.749,
                    "Actual Total Time": 5235.948,
                    "Actual Rows": 6485044,
                    "Actual Loops": 2,
                    "Hash Buckets": 16777216,
                    "Original Hash Buckets": 16777216,
                    "Hash Batches": 1,
                    "Original Hash Batches": 1,
                    "Peak Memory Usage": 638496,
                    "Plans": [
                      {
                        "Node Type": "Hash Join",
                        "Parent Relationship": "Outer",
                        "Parallel Aware": true,
                        "Join Type": "Inner",
                        "Startup Cost": 69460.7,
                        "Total Cost": 359979.98,
                        "Plan Rows": 7551554,
                        "Plan Width": 8,
                        "Actual Startup Time": 497.481,
                        "Actual Total Time": 3402.151,
                        "Actual Rows": 6485044,
                        "Actual Loops": 2,
                        "Inner Unique": true,
                        "Hash Cond": "(mi.movie_id = t.id)",
                        "Plans": [
                          {
                            "Node Type": "Seq Scan",
                            "Parent Relationship": "Outer",
                            "Parallel Aware": true,
                            "Relation Name": "movie_info",
                            "Alias": "mi",
                            "Startup Cost": 0.0,
                            "Total Cost": 270696.42,
                            "Plan Rows": 7551554,
                            "Plan Width": 4,
                            "Actual Startup Time": 0.013,
                            "Actual Total Time": 840.334,
                            "Actual Rows": 6485044,
                            "Actual Loops": 2,
                            "Filter": "(info_type_id < 18)",
                            "Rows Removed by Filter": 932816
                          },
                          {
                            "Node Type": "Hash",
                            "Parent Relationship": "Inner",
                            "Parallel Aware": true,
                            "Startup Cost": 50870.31,
                            "Total Cost": 50870.31,
                            "Plan Rows": 1487231,
                            "Plan Width": 4,
                            "Actual Startup Time": 486.393,
                            "Actual Total Time": 486.394,
                            "Actual Rows": 1264156,
                            "Actual Loops": 2,
                            "Hash Buckets": 4194304,
                            "Original Hash Buckets": 4194304,
                            "Hash Batches": 1,
                            "Original Hash Batches": 1,
                            "Peak Memory Usage": 131712,
                            "Plans": [
                              {
                                "Node Type": "Seq Scan",
                                "Parent Relationship": "Outer",
                                "Parallel Aware": true,
                                "Relation Name": "title",
                                "Alias": "t",
                                "Startup Cost": 0.0,
                                "Total Cost": 50870.31,
                                "Plan Rows": 1487231,
                                "Plan Width": 4,
                                "Actual Startup Time": 0.052,
                                "Actual Total Time": 155.482,
                                "Actual Rows": 1264156,
                                "Actual Loops": 2
                              }
                            ]
                          }
                        ]
                      }
                    ]
                  }
                ]
              }
            ]
          }
        ]
      }
    ]
  },
  "Planning Time": 1.06,
  "Triggers": [],
  "Execution Time": 20815.797
}