[
  {
    "Plan": {
      "Node Type": "Aggregate",
      "Strategy": "Plain",
      "Partial Mode": "Finalize",
      "Parallel Aware": false,
      "Startup Cost": 345702.61,
      "Total Cost": 345702.62,
      "Plan Rows": 1,
      "Plan Width": 8,
      "Actual Startup Time": 606.968,
      "Actual Total Time": 662.48,
      "Actual Rows": 1,
      "Actual Loops": 1,
      "Plans": [
        {
          "Node Type": "Gather",
          "Parent Relationship": "Outer",
          "Parallel Aware": false,
          "Startup Cost": 345701.98,
          "Total Cost": 345702.59,
          "Plan Rows": 6,
          "Plan Width": 8,
          "Actual Startup Time": 606.845,
          "Actual Total Time": 662.468,
          "Actual Rows": 7,
          "Actual Loops": 1,
          "Workers Planned": 6,
          "Workers Launched": 6,
          "Single Copy": false,
          "Plans": [
            {
              "Node Type": "Aggregate",
              "Strategy": "Plain",
              "Partial Mode": "Partial",
              "Parent Relationship": "Outer",
              "Parallel Aware": false,
              "Startup Cost": 344701.98,
              "Total Cost": 344701.99,
              "Plan Rows": 1,
              "Plan Width": 8,
              "Actual Startup Time": 598.752,
              "Actual Total Time": 598.755,
              "Actual Rows": 1,
              "Actual Loops": 7,
              "Plans": [
                {
                  "Node Type": "Seq Scan",
                  "Parent Relationship": "Outer",
                  "Parallel Aware": true,
                  "Relation Name": "cast_info",
                  "Alias": "ci",
                  "Startup Cost": 0.0,
                  "Total Cost": 343257.03,
                  "Plan Rows": 577982,
                  "Plan Width": 0,
                  "Actual Startup Time": 223.26,
                  "Actual Total Time": 589.208,
                  "Actual Rows": 216450,
                  "Actual Loops": 7,
                  "Filter": "((person_id < 527187) AND (role_id > 1))",
                  "Rows Removed by Filter": 4961313
                }
              ]
            }
          ]
        }
      ]
    },
    "Planning Time": 0.252,
    "Triggers": [],
    "Execution Time": 662.553
  }
]