{
    "Plan": {
        "Node Type": "Aggregate",
        "Strategy": "Plain",
        "Partial Mode": "Finalize",
        "Parallel Aware": false,
        "Startup Cost": 396054.6,
        "Total Cost": 396054.61,
        "Plan Rows": 1,
        "Plan Width": 8,
        "Actual Startup Time": 1099.578,
        "Actual Total Time": 1154.021,
        "Actual Rows": 1,
        "Actual Loops": 1,
        "Output": [
            "count(*)"
        ],
        "Plans": [
            {
                "Node Type": "Gather",
                "Parent Relationship": "Outer",
                "Parallel Aware": false,
                "Startup Cost": 396053.97,
                "Total Cost": 396054.58,
                "Plan Rows": 6,
                "Plan Width": 8,
                "Actual Startup Time": 1090.871,
                "Actual Total Time": 1154.009,
                "Actual Rows": 7,
                "Actual Loops": 1,
                "Output": [
                    "(PARTIAL count(*))"
                ],
                "Workers Planned": 6,
                "Workers Launched": 6,
                "Single Copy": false,
                "Plans": [
                    {
                        "Node Type": "Aggregate",
                        "Strategy": "Plain",
                        "Partial Mode": "Partial",
                        "Parent Relationship": "Outer",
                        "Parallel Aware": false,
                        "Startup Cost": 395053.97,
                        "Total Cost": 395053.98,
                        "Plan Rows": 1,
                        "Plan Width": 8,
                        "Actual Startup Time": 1080.12,
                        "Actual Total Time": 1080.123,
                        "Actual Rows": 1,
                        "Actual Loops": 7,
                        "Output": [
                            "PARTIAL count(*)"
                        ],
                        "Workers": [
                            {
                                "Worker Number": 0,
                                "Actual Startup Time": 1078.023,
                                "Actual Total Time": 1078.026,
                                "Actual Rows": 1,
                                "Actual Loops": 1
                            },
                            {
                                "Worker Number": 1,
                                "Actual Startup Time": 1079.05,
                                "Actual Total Time": 1079.052,
                                "Actual Rows": 1,
                                "Actual Loops": 1
                            },
                            {
                                "Worker Number": 2,
                                "Actual Startup Time": 1078.26,
                                "Actual Total Time": 1078.263,
                                "Actual Rows": 1,
                                "Actual Loops": 1
                            },
                            {
                                "Worker Number": 3,
                                "Actual Startup Time": 1078.438,
                                "Actual Total Time": 1078.44,
                                "Actual Rows": 1,
                                "Actual Loops": 1
                            },
                            {
                                "Worker Number": 4,
                                "Actual Startup Time": 1078.431,
                                "Actual Total Time": 1078.434,
                                "Actual Rows": 1,
                                "Actual Loops": 1
                            },
                            {
                                "Worker Number": 5,
                                "Actual Startup Time": 1078.651,
                                "Actual Total Time": 1078.653,
                                "Actual Rows": 1,
                                "Actual Loops": 1
                            }
                        ],
                        "Plans": [
                            {
                                "Node Type": "Hash Join",
                                "Parent Relationship": "Outer",
                                "Parallel Aware": true,
                                "Join Type": "Inner",
                                "Startup Cost": 47009.89,
                                "Total Cost": 393765.34,
                                "Plan Rows": 515453,
                                "Plan Width": 0,
                                "Actual Startup Time": 508.165,
                                "Actual Total Time": 1063.992,
                                "Actual Rows": 296056,
                                "Actual Loops": 7,
                                "Inner Unique": true,
                                "Hash Cond": "(ci.movie_id = t.id)",
                                "Workers": [
                                    {
                                        "Worker Number": 0,
                                        "Actual Startup Time": 506.171,
                                        "Actual Total Time": 1060.834,
                                        "Actual Rows": 254181,
                                        "Actual Loops": 1
                                    },
                                    {
                                        "Worker Number": 1,
                                        "Actual Startup Time": 506.415,
                                        "Actual Total Time": 1062.307,
                                        "Actual Rows": 251591,
                                        "Actual Loops": 1
                                    },
                                    {
                                        "Worker Number": 2,
                                        "Actual Startup Time": 506.423,
                                        "Actual Total Time": 1060.856,
                                        "Actual Rows": 256974,
                                        "Actual Loops": 1
                                    },
                                    {
                                        "Worker Number": 3,
                                        "Actual Startup Time": 506.596,
                                        "Actual Total Time": 1062.731,
                                        "Actual Rows": 231935,
                                        "Actual Loops": 1
                                    },
                                    {
                                        "Worker Number": 4,
                                        "Actual Startup Time": 506.593,
                                        "Actual Total Time": 1064.64,
                                        "Actual Rows": 323779,
                                        "Actual Loops": 1
                                    },
                                    {
                                        "Worker Number": 5,
                                        "Actual Startup Time": 506.795,
                                        "Actual Total Time": 1063.523,
                                        "Actual Rows": 349978,
                                        "Actual Loops": 1
                                    }
                                ],
                                "Plans": [
                                    {
                                        "Node Type": "Seq Scan",
                                        "Parent Relationship": "Outer",
                                        "Parallel Aware": true,
                                        "Relation Name": "cast_info",
                                        "Schema": "public",
                                        "Alias": "ci",
                                        "Startup Cost": 0.0,
                                        "Total Cost": 343318.94,
                                        "Plan Rows": 1309141,
                                        "Plan Width": 4,
                                        "Actual Startup Time": 362.042,
                                        "Actual Total Time": 666.541,
                                        "Actual Rows": 702655,
                                        "Actual Loops": 7,
                                        "Output": [
                                            "ci.id",
                                            "ci.person_id",
                                            "ci.movie_id",
                                            "ci.person_role_id",
                                            "ci.note",
                                            "ci.nr_order",
                                            "ci.role_id"
                                        ],
                                        "Filter": "((ci.person_id < 1751350) AND (ci.role_id > 2))",
                                        "Rows Removed by Filter": 4475108,
                                        "Workers": [
                                            {
                                                "Worker Number": 0,
                                                "Actual Startup Time": 362.041,
                                                "Actual Total Time": 679.7,
                                                "Actual Rows": 604718,
                                                "Actual Loops": 1
                                            },
                                            {
                                                "Worker Number": 1,
                                                "Actual Startup Time": 362.062,
                                                "Actual Total Time": 677.853,
                                                "Actual Rows": 603586,
                                                "Actual Loops": 1
                                            },
                                            {
                                                "Worker Number": 2,
                                                "Actual Startup Time": 362.054,
                                                "Actual Total Time": 680.337,
                                                "Actual Rows": 608650,
                                                "Actual Loops": 1
                                            },
                                            {
                                                "Worker Number": 3,
                                                "Actual Startup Time": 362.005,
                                                "Actual Total Time": 669.361,
                                                "Actual Rows": 557036,
                                                "Actual Loops": 1
                                            },
                                            {
                                                "Worker Number": 4,
                                                "Actual Startup Time": 362.059,
                                                "Actual Total Time": 652.223,
                                                "Actual Rows": 764172,
                                                "Actual Loops": 1
                                            },
                                            {
                                                "Worker Number": 5,
                                                "Actual Startup Time": 362.037,
                                                "Actual Total Time": 664.064,
                                                "Actual Rows": 825353,
                                                "Actual Loops": 1
                                            }
                                        ]
                                    },
                                    {
                                        "Node Type": "Hash",
                                        "Parent Relationship": "Inner",
                                        "Parallel Aware": true,
                                        "Startup Cost": 43899.01,
                                        "Total Cost": 43899.01,
                                        "Plan Rows": 248871,
                                        "Plan Width": 4,
                                        "Actual Startup Time": 142.85,
                                        "Actual Total Time": 142.851,
                                        "Actual Rows": 140721,
                                        "Actual Loops": 7,
                                        "Output": [
                                            "t.id"
                                        ],
                                        "Hash Buckets": 1048576,
                                        "Original Hash Buckets": 1048576,
                                        "Hash Batches": 1,
                                        "Original Hash Batches": 1,
                                        "Peak Memory Usage": 46816,
                                        "Workers": [
                                            {
                                                "Worker Number": 0,
                                                "Actual Startup Time": 143.524,
                                                "Actual Total Time": 143.525,
                                                "Actual Rows": 118575,
                                                "Actual Loops": 1
                                            },
                                            {
                                                "Worker Number": 1,
                                                "Actual Startup Time": 143.685,
                                                "Actual Total Time": 143.686,
                                                "Actual Rows": 118814,
                                                "Actual Loops": 1
                                            },
                                            {
                                                "Worker Number": 2,
                                                "Actual Startup Time": 143.687,
                                                "Actual Total Time": 143.689,
                                                "Actual Rows": 120771,
                                                "Actual Loops": 1
                                            },
                                            {
                                                "Worker Number": 3,
                                                "Actual Startup Time": 143.803,
                                                "Actual Total Time": 143.804,
                                                "Actual Rows": 108988,
                                                "Actual Loops": 1
                                            },
                                            {
                                                "Worker Number": 4,
                                                "Actual Startup Time": 143.8,
                                                "Actual Total Time": 143.801,
                                                "Actual Rows": 147863,
                                                "Actual Loops": 1
                                            },
                                            {
                                                "Worker Number": 5,
                                                "Actual Startup Time": 144.098,
                                                "Actual Total Time": 144.099,
                                                "Actual Rows": 163227,
                                                "Actual Loops": 1
                                            }
                                        ],
                                        "Plans": [
                                            {
                                                "Node Type": "Seq Scan",
                                                "Parent Relationship": "Outer",
                                                "Parallel Aware": true,
                                                "Relation Name": "title",
                                                "Schema": "public",
                                                "Alias": "t",
                                                "Startup Cost": 0.0,
                                                "Total Cost": 43899.01,
                                                "Plan Rows": 248871,
                                                "Plan Width": 4,
                                                "Actual Startup Time": 0.071,
                                                "Actual Total Time": 79.698,
                                                "Actual Rows": 140721,
                                                "Actual Loops": 7,
                                                "Output": [
                                                    "t.id"
                                                ],
                                                "Filter": "(t.kind_id < 7)",
                                                "Rows Removed by Filter": 220466,
                                                "Workers": [
                                                    {
                                                        "Worker Number": 0,
                                                        "Actual Startup Time": 0.086,
                                                        "Actual Total Time": 80.874,
                                                        "Actual Rows": 118575,
                                                        "Actual Loops": 1
                                                    },
                                                    {
                                                        "Worker Number": 1,
                                                        "Actual Startup Time": 0.092,
                                                        "Actual Total Time": 81.116,
                                                        "Actual Rows": 118814,
                                                        "Actual Loops": 1
                                                    },
                                                    {
                                                        "Worker Number": 2,
                                                        "Actual Startup Time": 0.089,
                                                        "Actual Total Time": 81.523,
                                                        "Actual Rows": 120771,
                                                        "Actual Loops": 1
                                                    },
                                                    {
                                                        "Worker Number": 3,
                                                        "Actual Startup Time": 0.077,
                                                        "Actual Total Time": 80.343,
                                                        "Actual Rows": 108988,
                                                        "Actual Loops": 1
                                                    },
                                                    {
                                                        "Worker Number": 4,
                                                        "Actual Startup Time": 0.072,
                                                        "Actual Total Time": 78.712,
                                                        "Actual Rows": 147863,
                                                        "Actual Loops": 1
                                                    },
                                                    {
                                                        "Worker Number": 5,
                                                        "Actual Startup Time": 0.065,
                                                        "Actual Total Time": 80.11,
                                                        "Actual Rows": 163227,
                                                        "Actual Loops": 1
                                                    }
                                                ]
                                            }
                                        ]
                                    }
                                ]
                            }
                        ]
                    }
                ]
            }
        ]
    },
    "Planning Time": 0.8,
    "Triggers": [],
    "Execution Time": 1154.11
}