[
  {
    "Plan": {
      "Node Type": "Aggregate",
      "Strategy": "Plain",
      "Partial Mode": "Finalize",
      "Parallel Aware": false,
      "Startup Cost": 146342.22,
      "Total Cost": 146342.23,
      "Plan Rows": 1,
      "Plan Width": 8,
      "Actual Startup Time": 521.433,
      "Actual Total Time": 538.401,
      "Actual Rows": 1,
      "Actual Loops": 1,
      "Plans": [
        {
          "Node Type": "Gather",
          "Parent Relationship": "Outer",
          "Parallel Aware": false,
          "Startup Cost": 146342.1,
          "Total Cost": 146342.21,
          "Plan Rows": 1,
          "Plan Width": 8,
          "Actual Startup Time": 517.751,
          "Actual Total Time": 538.39,
          "Actual Rows": 2,
          "Actual Loops": 1,
          "Workers Planned": 1,
          "Workers Launched": 1,
          "Single Copy": false,
          "Plans": [
            {
              "Node Type": "Aggregate",
              "Strategy": "Plain",
              "Partial Mode": "Partial",
              "Parent Relationship": "Outer",
              "Parallel Aware": false,
              "Startup Cost": 145342.1,
              "Total Cost": 145342.11,
              "Plan Rows": 1,
              "Plan Width": 8,
              "Actual Startup Time": 510.004,
              "Actual Total Time": 510.008,
              "Actual Rows": 1,
              "Actual Loops": 2,
              "Plans": [
                {
                  "Node Type": "Nested Loop",
                  "Parent Relationship": "Outer",
                  "Parallel Aware": false,
                  "Join Type": "Inner",
                  "Startup Cost": 50394.58,
                  "Total Cost": 145314.18,
                  "Plan Rows": 11168,
                  "Plan Width": 0,
                  "Actual Startup Time": 476.363,
                  "Actual Total Time": 509.374,
                  "Actual Rows": 8422,
                  "Actual Loops": 2,
                  "Inner Unique": false,
                  "Plans": [
                    {
                      "Node Type": "Hash Join",
                      "Parent Relationship": "Outer",
                      "Parallel Aware": true,
                      "Join Type": "Inner",
                      "Startup Cost": 50394.15,
                      "Total Cost": 138393.44,
                      "Plan Rows": 10822,
                      "Plan Width": 8,
                      "Actual Startup Time": 476.257,
                      "Actual Total Time": 489.684,
                      "Actual Rows": 4400,
                      "Actual Loops": 2,
                      "Inner Unique": true,
                      "Hash Cond": "(ci.movie_id = t.id)",
                      "Plans": [
                        {
                          "Node Type": "Index Scan",
                          "Parent Relationship": "Outer",
                          "Parallel Aware": true,
                          "Scan Direction": "Forward",
                          "Index Name": "person_id_cast_info",
                          "Relation Name": "cast_info",
                          "Alias": "ci",
                          "Startup Cost": 0.56,
                          "Total Cost": 87954.19,
                          "Plan Rows": 17398,
                          "Plan Width": 4,
                          "Actual Startup Time": 0.062,
                          "Actual Total Time": 5.835,
                          "Actual Rows": 6584,
                          "Actual Loops": 2,
                          "Index Cond": "(person_id < 5461)",
                          "Rows Removed by Index Recheck": 0,
                          "Filter": "(role_id > 1)",
                          "Rows Removed by Filter": 15260
                        },
                        {
                          "Node Type": "Hash",
                          "Parent Relationship": "Inner",
                          "Parallel Aware": true,
                          "Startup Cost": 45479.1,
                          "Total Cost": 45479.1,
                          "Plan Rows": 393159,
                          "Plan Width": 4,
                          "Actual Startup Time": 461.944,
                          "Actual Total Time": 461.945,
                          "Actual Rows": 839829,
                          "Actual Loops": 2,
                          "Hash Buckets": 2097152,
                          "Original Hash Buckets": 2097152,
                          "Hash Batches": 1,
                          "Original Hash Batches": 1,
                          "Peak Memory Usage": 82144,
                          "Plans": [
                            {
                              "Node Type": "Seq Scan",
                              "Parent Relationship": "Outer",
                              "Parallel Aware": true,
                              "Relation Name": "title",
                              "Alias": "t",
                              "Startup Cost": 0.0,
                              "Total Cost": 45479.1,
                              "Plan Rows": 393159,
                              "Plan Width": 4,
                              "Actual Startup Time": 0.055,
                              "Actual Total Time": 207.347,
                              "Actual Rows": 839829,
                              "Actual Loops": 2,
                              "Filter": "((kind_id > 1) AND (production_year > 1967))",
                              "Rows Removed by Filter": 424327
                            }
                          ]
                        }
                      ]
                    },
                    {
                      "Node Type": "Index Only Scan",
                      "Parent Relationship": "Inner",
                      "Parallel Aware": false,
                      "Scan Direction": "Forward",
                      "Index Name": "movie_id_movie_companies",
                      "Relation Name": "movie_companies",
                      "Alias": "mc",
                      "Startup Cost": 0.43,
                      "Total Cost": 0.59,
                      "Plan Rows": 5,
                      "Plan Width": 4,
                      "Actual Startup Time": 0.003,
                      "Actual Total Time": 0.004,
                      "Actual Rows": 2,
                      "Actual Loops": 8799,
                      "Index Cond": "(movie_id = t.id)",
                      "Rows Removed by Index Recheck": 0,
                      "Heap Fetches": 16844
                    }
                  ]
                }
              ]
            }
          ]
        }
      ]
    },
    "Planning Time": 1.502,
    "Triggers": [],
    "Execution Time": 538.495
  }
]