[
  {
    "Plan": {
      "Node Type": "Aggregate",
      "Strategy": "Plain",
      "Partial Mode": "Finalize",
      "Parallel Aware": false,
      "Startup Cost": 125482.69,
      "Total Cost": 125482.7,
      "Plan Rows": 1,
      "Plan Width": 8,
      "Actual Startup Time": 644.475,
      "Actual Total Time": 663.26,
      "Actual Rows": 1,
      "Actual Loops": 1,
      "Plans": [
        {
          "Node Type": "Gather",
          "Parent Relationship": "Outer",
          "Parallel Aware": false,
          "Startup Cost": 125482.37,
          "Total Cost": 125482.68,
          "Plan Rows": 3,
          "Plan Width": 8,
          "Actual Startup Time": 641.525,
          "Actual Total Time": 663.251,
          "Actual Rows": 4,
          "Actual Loops": 1,
          "Workers Planned": 3,
          "Workers Launched": 3,
          "Single Copy": false,
          "Plans": [
            {
              "Node Type": "Aggregate",
              "Strategy": "Plain",
              "Partial Mode": "Partial",
              "Parent Relationship": "Outer",
              "Parallel Aware": false,
              "Startup Cost": 124482.37,
              "Total Cost": 124482.38,
              "Plan Rows": 1,
              "Plan Width": 8,
              "Actual Startup Time": 632.845,
              "Actual Total Time": 632.949,
              "Actual Rows": 1,
              "Actual Loops": 4,
              "Plans": [
                {
                  "Node Type": "Hash Join",
                  "Parent Relationship": "Outer",
                  "Parallel Aware": true,
                  "Join Type": "Inner",
                  "Startup Cost": 79245.67,
                  "Total Cost": 124311.17,
                  "Plan Rows": 68482,
                  "Plan Width": 0,
                  "Actual Startup Time": 397.658,
                  "Actual Total Time": 608.066,
                  "Actual Rows": 501108,
                  "Actual Loops": 4,
                  "Inner Unique": false,
                  "Hash Cond": "(mk.movie_id = t.id)",
                  "Plans": [
                    {
                      "Node Type": "Seq Scan",
                      "Parent Relationship": "Outer",
                      "Parallel Aware": true,
                      "Relation Name": "movie_keyword",
                      "Alias": "mk",
                      "Startup Cost": 0.0,
                      "Total Cost": 42695.65,
                      "Plan Rows": 586306,
                      "Plan Width": 4,
                      "Actual Startup Time": 0.484,
                      "Actual Total Time": 113.2,
                      "Actual Rows": 456592,
                      "Actual Loops": 4,
                      "Filter": "(keyword_id > 7633)",
                      "Rows Removed by Filter": 674390
                    },
                    {
                      "Node Type": "Hash",
                      "Parent Relationship": "Inner",
                      "Parallel Aware": true,
                      "Startup Cost": 78322.83,
                      "Total Cost": 78322.83,
                      "Plan Rows": 73827,
                      "Plan Width": 8,
                      "Actual Startup Time": 393.817,
                      "Actual Total Time": 393.919,
                      "Actual Rows": 107042,
                      "Actual Loops": 4,
                      "Hash Buckets": 524288,
                      "Original Hash Buckets": 524288,
                      "Hash Batches": 1,
                      "Original Hash Batches": 1,
                      "Peak Memory Usage": 20896,
                      "Plans": [
                        {
                          "Node Type": "Hash Join",
                          "Parent Relationship": "Outer",
                          "Parallel Aware": true,
                          "Join Type": "Inner",
                          "Startup Cost": 32605.58,
                          "Total Cost": 78322.83,
                          "Plan Rows": 73827,
                          "Plan Width": 8,
                          "Actual Startup Time": 121.576,
                          "Actual Total Time": 358.847,
                          "Actual Rows": 107042,
                          "Actual Loops": 4,
                          "Inner Unique": false,
                          "Hash Cond": "(t.id = mc.movie_id)",
                          "Plans": [
                            {
                              "Node Type": "Seq Scan",
                              "Parent Relationship": "Outer",
                              "Parallel Aware": true,
                              "Relation Name": "title",
                              "Alias": "t",
                              "Startup Cost": 0.0,
                              "Total Cost": 42318.73,
                              "Plan Rows": 632073,
                              "Plan Width": 4,
                              "Actual Startup Time": 0.012,
                              "Actual Total Time": 83.552,
                              "Actual Rows": 632078,
                              "Actual Loops": 4
                            },
                            {
                              "Node Type": "Hash",
                              "Parent Relationship": "Inner",
                              "Parallel Aware": true,
                              "Startup Cost": 31414.82,
                              "Total Cost": 31414.82,
                              "Plan Rows": 95261,
                              "Plan Width": 4,
                              "Actual Startup Time": 119.712,
                              "Actual Total Time": 119.713,
                              "Actual Rows": 107042,
                              "Actual Loops": 4,
                              "Hash Buckets": 524288,
                              "Original Hash Buckets": 524288,
                              "Hash Batches": 1,
                              "Original Hash Batches": 1,
                              "Peak Memory Usage": 20896,
                              "Plans": [
                                {
                                  "Node Type": "Seq Scan",
                                  "Parent Relationship": "Outer",
                                  "Parallel Aware": true,
                                  "Relation Name": "movie_companies",
                                  "Alias": "mc",
                                  "Startup Cost": 0.0,
                                  "Total Cost": 31414.82,
                                  "Plan Rows": 95261,
                                  "Plan Width": 4,
                                  "Actual Startup Time": 0.06,
                                  "Actual Total Time": 80.213,
                                  "Actual Rows": 107042,
                                  "Actual Loops": 4,
                                  "Filter": "((company_id < 686) AND (company_type_id < 2))",
                                  "Rows Removed by Filter": 545240
                                }
                              ]
                            }
                          ]
                        }
                      ]
                    }
                  ]
                }
              ]
            }
          ]
        }
      ]
    },
    "Planning Time": 1.414,
    "Triggers": [],
    "Execution Time": 663.341
  }
]