{
    "Plan": {
        "Node Type": "Aggregate",
        "Strategy": "Plain",
        "Partial Mode": "Finalize",
        "Parallel Aware": false,
        "Startup Cost": 449622.4,
        "Total Cost": 449622.41,
        "Plan Rows": 1,
        "Plan Width": 8,
        "Actual Startup Time": 2306.182,
        "Actual Total Time": 2357.702,
        "Actual Rows": 1,
        "Actual Loops": 1,
        "Output": [
            "count(*)"
        ],
        "Plans": [
            {
                "Node Type": "Gather",
                "Parent Relationship": "Outer",
                "Parallel Aware": false,
                "Startup Cost": 449621.77,
                "Total Cost": 449622.38,
                "Plan Rows": 6,
                "Plan Width": 8,
                "Actual Startup Time": 2294.247,
                "Actual Total Time": 2357.693,
                "Actual Rows": 7,
                "Actual Loops": 1,
                "Output": [
                    "(PARTIAL count(*))"
                ],
                "Workers Planned": 6,
                "Workers Launched": 6,
                "Single Copy": false,
                "Plans": [
                    {
                        "Node Type": "Aggregate",
                        "Strategy": "Plain",
                        "Partial Mode": "Partial",
                        "Parent Relationship": "Outer",
                        "Parallel Aware": false,
                        "Startup Cost": 448621.77,
                        "Total Cost": 448621.78,
                        "Plan Rows": 1,
                        "Plan Width": 8,
                        "Actual Startup Time": 2278.068,
                        "Actual Total Time": 2278.073,
                        "Actual Rows": 1,
                        "Actual Loops": 7,
                        "Output": [
                            "PARTIAL count(*)"
                        ],
                        "Workers": [
                            {
                                "Worker Number": 0,
                                "Actual Startup Time": 2275.432,
                                "Actual Total Time": 2275.436,
                                "Actual Rows": 1,
                                "Actual Loops": 1
                            },
                            {
                                "Worker Number": 1,
                                "Actual Startup Time": 2275.491,
                                "Actual Total Time": 2275.496,
                                "Actual Rows": 1,
                                "Actual Loops": 1
                            },
                            {
                                "Worker Number": 2,
                                "Actual Startup Time": 2275.664,
                                "Actual Total Time": 2275.67,
                                "Actual Rows": 1,
                                "Actual Loops": 1
                            },
                            {
                                "Worker Number": 3,
                                "Actual Startup Time": 2275.551,
                                "Actual Total Time": 2275.557,
                                "Actual Rows": 1,
                                "Actual Loops": 1
                            },
                            {
                                "Worker Number": 4,
                                "Actual Startup Time": 2275.53,
                                "Actual Total Time": 2275.534,
                                "Actual Rows": 1,
                                "Actual Loops": 1
                            },
                            {
                                "Worker Number": 5,
                                "Actual Startup Time": 2275.516,
                                "Actual Total Time": 2275.521,
                                "Actual Rows": 1,
                                "Actual Loops": 1
                            }
                        ],
                        "Plans": [
                            {
                                "Node Type": "Hash Join",
                                "Parent Relationship": "Outer",
                                "Parallel Aware": true,
                                "Join Type": "Inner",
                                "Startup Cost": 96254.16,
                                "Total Cost": 444485.62,
                                "Plan Rows": 1654462,
                                "Plan Width": 0,
                                "Actual Startup Time": 579.062,
                                "Actual Total Time": 2087.924,
                                "Actual Rows": 4228260,
                                "Actual Loops": 7,
                                "Inner Unique": false,
                                "Hash Cond": "(ci.movie_id = t.id)",
                                "Workers": [
                                    {
                                        "Worker Number": 0,
                                        "Actual Startup Time": 576.714,
                                        "Actual Total Time": 2086.602,
                                        "Actual Rows": 3366170,
                                        "Actual Loops": 1
                                    },
                                    {
                                        "Worker Number": 1,
                                        "Actual Startup Time": 576.634,
                                        "Actual Total Time": 2079.315,
                                        "Actual Rows": 3372643,
                                        "Actual Loops": 1
                                    },
                                    {
                                        "Worker Number": 2,
                                        "Actual Startup Time": 576.769,
                                        "Actual Total Time": 2082.11,
                                        "Actual Rows": 3156026,
                                        "Actual Loops": 1
                                    },
                                    {
                                        "Worker Number": 3,
                                        "Actual Startup Time": 576.74,
                                        "Actual Total Time": 2090.134,
                                        "Actual Rows": 4904742,
                                        "Actual Loops": 1
                                    },
                                    {
                                        "Worker Number": 4,
                                        "Actual Startup Time": 576.669,
                                        "Actual Total Time": 2093.036,
                                        "Actual Rows": 4825469,
                                        "Actual Loops": 1
                                    },
                                    {
                                        "Worker Number": 5,
                                        "Actual Startup Time": 576.703,
                                        "Actual Total Time": 2091.108,
                                        "Actual Rows": 4880052,
                                        "Actual Loops": 1
                                    }
                                ],
                                "Plans": [
                                    {
                                        "Node Type": "Seq Scan",
                                        "Parent Relationship": "Outer",
                                        "Parallel Aware": true,
                                        "Relation Name": "cast_info",
                                        "Schema": "public",
                                        "Alias": "ci",
                                        "Startup Cost": 0.0,
                                        "Total Cost": 328213.62,
                                        "Plan Rows": 3914897,
                                        "Plan Width": 4,
                                        "Actual Startup Time": 210.828,
                                        "Actual Total Time": 715.902,
                                        "Actual Rows": 3367665,
                                        "Actual Loops": 7,
                                        "Output": [
                                            "ci.id",
                                            "ci.person_id",
                                            "ci.movie_id",
                                            "ci.person_role_id",
                                            "ci.note",
                                            "ci.nr_order",
                                            "ci.role_id"
                                        ],
                                        "Filter": "(ci.role_id > 1)",
                                        "Rows Removed by Filter": 1810098,
                                        "Workers": [
                                            {
                                                "Worker Number": 0,
                                                "Actual Startup Time": 210.8,
                                                "Actual Total Time": 731.612,
                                                "Actual Rows": 2611035,
                                                "Actual Loops": 1
                                            },
                                            {
                                                "Worker Number": 1,
                                                "Actual Startup Time": 210.838,
                                                "Actual Total Time": 722.926,
                                                "Actual Rows": 2569961,
                                                "Actual Loops": 1
                                            },
                                            {
                                                "Worker Number": 2,
                                                "Actual Startup Time": 210.84,
                                                "Actual Total Time": 728.283,
                                                "Actual Rows": 2495841,
                                                "Actual Loops": 1
                                            },
                                            {
                                                "Worker Number": 3,
                                                "Actual Startup Time": 210.824,
                                                "Actual Total Time": 722.1,
                                                "Actual Rows": 3896704,
                                                "Actual Loops": 1
                                            },
                                            {
                                                "Worker Number": 4,
                                                "Actual Startup Time": 210.817,
                                                "Actual Total Time": 721.938,
                                                "Actual Rows": 3899543,
                                                "Actual Loops": 1
                                            },
                                            {
                                                "Worker Number": 5,
                                                "Actual Startup Time": 210.849,
                                                "Actual Total Time": 720.437,
                                                "Actual Rows": 3929344,
                                                "Actual Loops": 1
                                            }
                                        ]
                                    },
                                    {
                                        "Node Type": "Hash",
                                        "Parent Relationship": "Inner",
                                        "Parallel Aware": true,
                                        "Startup Cost": 91945.75,
                                        "Total Cost": 91945.75,
                                        "Plan Rows": 344673,
                                        "Plan Width": 8,
                                        "Actual Startup Time": 363.419,
                                        "Actual Total Time": 363.423,
                                        "Actual Rows": 205597,
                                        "Actual Loops": 7,
                                        "Output": [
                                            "t.id",
                                            "mk.movie_id"
                                        ],
                                        "Hash Buckets": 2097152,
                                        "Original Hash Buckets": 2097152,
                                        "Hash Batches": 1,
                                        "Original Hash Batches": 1,
                                        "Peak Memory Usage": 72800,
                                        "Workers": [
                                            {
                                                "Worker Number": 0,
                                                "Actual Startup Time": 364.994,
                                                "Actual Total Time": 364.996,
                                                "Actual Rows": 153215,
                                                "Actual Loops": 1
                                            },
                                            {
                                                "Worker Number": 1,
                                                "Actual Startup Time": 365.023,
                                                "Actual Total Time": 365.025,
                                                "Actual Rows": 149163,
                                                "Actual Loops": 1
                                            },
                                            {
                                                "Worker Number": 2,
                                                "Actual Startup Time": 365.33,
                                                "Actual Total Time": 365.334,
                                                "Actual Rows": 153303,
                                                "Actual Loops": 1
                                            },
                                            {
                                                "Worker Number": 3,
                                                "Actual Startup Time": 365.226,
                                                "Actual Total Time": 365.229,
                                                "Actual Rows": 236926,
                                                "Actual Loops": 1
                                            },
                                            {
                                                "Worker Number": 4,
                                                "Actual Startup Time": 365.132,
                                                "Actual Total Time": 365.135,
                                                "Actual Rows": 237210,
                                                "Actual Loops": 1
                                            },
                                            {
                                                "Worker Number": 5,
                                                "Actual Startup Time": 365.104,
                                                "Actual Total Time": 365.108,
                                                "Actual Rows": 236675,
                                                "Actual Loops": 1
                                            }
                                        ],
                                        "Plans": [
                                            {
                                                "Node Type": "Hash Join",
                                                "Parent Relationship": "Outer",
                                                "Parallel Aware": true,
                                                "Join Type": "Inner",
                                                "Startup Cost": 46674.46,
                                                "Total Cost": 91945.75,
                                                "Plan Rows": 344673,
                                                "Plan Width": 8,
                                                "Actual Startup Time": 141.523,
                                                "Actual Total Time": 295.495,
                                                "Actual Rows": 205597,
                                                "Actual Loops": 7,
                                                "Output": [
                                                    "t.id",
                                                    "mk.movie_id"
                                                ],
                                                "Inner Unique": true,
                                                "Hash Cond": "(mk.movie_id = t.id)",
                                                "Workers": [
                                                    {
                                                        "Worker Number": 0,
                                                        "Actual Startup Time": 141.493,
                                                        "Actual Total Time": 295.579,
                                                        "Actual Rows": 153215,
                                                        "Actual Loops": 1
                                                    },
                                                    {
                                                        "Worker Number": 1,
                                                        "Actual Startup Time": 141.477,
                                                        "Actual Total Time": 296.312,
                                                        "Actual Rows": 149163,
                                                        "Actual Loops": 1
                                                    },
                                                    {
                                                        "Worker Number": 2,
                                                        "Actual Startup Time": 141.491,
                                                        "Actual Total Time": 294.716,
                                                        "Actual Rows": 153303,
                                                        "Actual Loops": 1
                                                    },
                                                    {
                                                        "Worker Number": 3,
                                                        "Actual Startup Time": 141.519,
                                                        "Actual Total Time": 296.371,
                                                        "Actual Rows": 236926,
                                                        "Actual Loops": 1
                                                    },
                                                    {
                                                        "Worker Number": 4,
                                                        "Actual Startup Time": 141.51,
                                                        "Actual Total Time": 296.166,
                                                        "Actual Rows": 237210,
                                                        "Actual Loops": 1
                                                    },
                                                    {
                                                        "Worker Number": 5,
                                                        "Actual Startup Time": 141.555,
                                                        "Actual Total Time": 296.232,
                                                        "Actual Rows": 236675,
                                                        "Actual Loops": 1
                                                    }
                                                ],
                                                "Plans": [
                                                    {
                                                        "Node Type": "Seq Scan",
                                                        "Parent Relationship": "Outer",
                                                        "Parallel Aware": true,
                                                        "Relation Name": "movie_keyword",
                                                        "Schema": "public",
                                                        "Alias": "mk",
                                                        "Startup Cost": 0.0,
                                                        "Total Cost": 42695.65,
                                                        "Plan Rows": 981195,
                                                        "Plan Width": 4,
                                                        "Actual Startup Time": 0.091,
                                                        "Actual Total Time": 86.499,
                                                        "Actual Rows": 434622,
                                                        "Actual Loops": 7,
                                                        "Output": [
                                                            "mk.id",
                                                            "mk.movie_id",
                                                            "mk.keyword_id"
                                                        ],
                                                        "Filter": "(mk.keyword_id > 2114)",
                                                        "Rows Removed by Filter": 211654,
                                                        "Workers": [
                                                            {
                                                                "Worker Number": 0,
                                                                "Actual Startup Time": 0.088,
                                                                "Actual Total Time": 87.787,
                                                                "Actual Rows": 314190,
                                                                "Actual Loops": 1
                                                            },
                                                            {
                                                                "Worker Number": 1,
                                                                "Actual Startup Time": 0.108,
                                                                "Actual Total Time": 88.982,
                                                                "Actual Rows": 321689,
                                                                "Actual Loops": 1
                                                            },
                                                            {
                                                                "Worker Number": 2,
                                                                "Actual Startup Time": 0.103,
                                                                "Actual Total Time": 87.334,
                                                                "Actual Rows": 314058,
                                                                "Actual Loops": 1
                                                            },
                                                            {
                                                                "Worker Number": 3,
                                                                "Actual Startup Time": 0.076,
                                                                "Actual Total Time": 88.383,
                                                                "Actual Rows": 502484,
                                                                "Actual Loops": 1
                                                            },
                                                            {
                                                                "Worker Number": 4,
                                                                "Actual Startup Time": 0.073,
                                                                "Actual Total Time": 88.035,
                                                                "Actual Rows": 500937,
                                                                "Actual Loops": 1
                                                            },
                                                            {
                                                                "Worker Number": 5,
                                                                "Actual Startup Time": 0.101,
                                                                "Actual Total Time": 88.593,
                                                                "Actual Rows": 502817,
                                                                "Actual Loops": 1
                                                            }
                                                        ]
                                                    },
                                                    {
                                                        "Node Type": "Hash",
                                                        "Parent Relationship": "Inner",
                                                        "Parallel Aware": true,
                                                        "Startup Cost": 43899.01,
                                                        "Total Cost": 43899.01,
                                                        "Plan Rows": 222036,
                                                        "Plan Width": 4,
                                                        "Actual Startup Time": 140.19,
                                                        "Actual Total Time": 140.191,
                                                        "Actual Rows": 126521,
                                                        "Actual Loops": 7,
                                                        "Output": [
                                                            "t.id"
                                                        ],
                                                        "Hash Buckets": 1048576,
                                                        "Original Hash Buckets": 1048576,
                                                        "Hash Batches": 1,
                                                        "Original Hash Batches": 1,
                                                        "Peak Memory Usage": 42976,
                                                        "Workers": [
                                                            {
                                                                "Worker Number": 0,
                                                                "Actual Startup Time": 141.268,
                                                                "Actual Total Time": 141.269,
                                                                "Actual Rows": 90972,
                                                                "Actual Loops": 1
                                                            },
                                                            {
                                                                "Worker Number": 1,
                                                                "Actual Startup Time": 141.227,
                                                                "Actual Total Time": 141.228,
                                                                "Actual Rows": 91180,
                                                                "Actual Loops": 1
                                                            },
                                                            {
                                                                "Worker Number": 2,
                                                                "Actual Startup Time": 141.28,
                                                                "Actual Total Time": 141.281,
                                                                "Actual Rows": 92219,
                                                                "Actual Loops": 1
                                                            },
                                                            {
                                                                "Worker Number": 3,
                                                                "Actual Startup Time": 141.245,
                                                                "Actual Total Time": 141.246,
                                                                "Actual Rows": 136724,
                                                                "Actual Loops": 1
                                                            },
                                                            {
                                                                "Worker Number": 4,
                                                                "Actual Startup Time": 141.243,
                                                                "Actual Total Time": 141.244,
                                                                "Actual Rows": 130496,
                                                                "Actual Loops": 1
                                                            },
                                                            {
                                                                "Worker Number": 5,
                                                                "Actual Startup Time": 141.226,
                                                                "Actual Total Time": 141.227,
                                                                "Actual Rows": 132733,
                                                                "Actual Loops": 1
                                                            }
                                                        ],
                                                        "Plans": [
                                                            {
                                                                "Node Type": "Seq Scan",
                                                                "Parent Relationship": "Outer",
                                                                "Parallel Aware": true,
                                                                "Relation Name": "title",
                                                                "Schema": "public",
                                                                "Alias": "t",
                                                                "Startup Cost": 0.0,
                                                                "Total Cost": 43899.01,
                                                                "Plan Rows": 222036,
                                                                "Plan Width": 4,
                                                                "Actual Startup Time": 0.068,
                                                                "Actual Total Time": 79.689,
                                                                "Actual Rows": 126521,
                                                                "Actual Loops": 7,
                                                                "Output": [
                                                                    "t.id"
                                                                ],
                                                                "Filter": "(t.production_year < 1997)",
                                                                "Rows Removed by Filter": 234666,
                                                                "Workers": [
                                                                    {
                                                                        "Worker Number": 0,
                                                                        "Actual Startup Time": 0.078,
                                                                        "Actual Total Time": 80.801,
                                                                        "Actual Rows": 90972,
                                                                        "Actual Loops": 1
                                                                    },
                                                                    {
                                                                        "Worker Number": 1,
                                                                        "Actual Startup Time": 0.074,
                                                                        "Actual Total Time": 80.652,
                                                                        "Actual Rows": 91180,
                                                                        "Actual Loops": 1
                                                                    },
                                                                    {
                                                                        "Worker Number": 2,
                                                                        "Actual Startup Time": 0.09,
                                                                        "Actual Total Time": 81.284,
                                                                        "Actual Rows": 92219,
                                                                        "Actual Loops": 1
                                                                    },
                                                                    {
                                                                        "Worker Number": 3,
                                                                        "Actual Startup Time": 0.067,
                                                                        "Actual Total Time": 81.444,
                                                                        "Actual Rows": 136724,
                                                                        "Actual Loops": 1
                                                                    },
                                                                    {
                                                                        "Worker Number": 4,
                                                                        "Actual Startup Time": 0.074,
                                                                        "Actual Total Time": 80.854,
                                                                        "Actual Rows": 130496,
                                                                        "Actual Loops": 1
                                                                    },
                                                                    {
                                                                        "Worker Number": 5,
                                                                        "Actual Startup Time": 0.076,
                                                                        "Actual Total Time": 80.952,
                                                                        "Actual Rows": 132733,
                                                                        "Actual Loops": 1
                                                                    }
                                                                ]
                                                            }
                                                        ]
                                                    }
                                                ]
                                            }
                                        ]
                                    }
                                ]
                            }
                        ]
                    }
                ]
            }
        ]
    },
    "Planning Time": 1.452,
    "Triggers": [],
    "Execution Time": 2357.802
}