[
  {
    "Plan": {
      "Node Type": "Aggregate",
      "Strategy": "Plain",
      "Partial Mode": "Finalize",
      "Parallel Aware": false,
      "Startup Cost": 340820.29,
      "Total Cost": 340820.3,
      "Plan Rows": 1,
      "Plan Width": 8,
      "Actual Startup Time": 933.798,
      "Actual Total Time": 1004.076,
      "Actual Rows": 1,
      "Actual Loops": 1,
      "Plans": [
        {
          "Node Type": "Gather",
          "Parent Relationship": "Outer",
          "Parallel Aware": false,
          "Startup Cost": 340819.67,
          "Total Cost": 340820.28,
          "Plan Rows": 6,
          "Plan Width": 8,
          "Actual Startup Time": 933.672,
          "Actual Total Time": 1004.063,
          "Actual Rows": 7,
          "Actual Loops": 1,
          "Workers Planned": 6,
          "Workers Launched": 6,
          "Single Copy": false,
          "Plans": [
            {
              "Node Type": "Aggregate",
              "Strategy": "Plain",
              "Partial Mode": "Partial",
              "Parent Relationship": "Outer",
              "Parallel Aware": false,
              "Startup Cost": 339819.67,
              "Total Cost": 339819.68,
              "Plan Rows": 1,
              "Plan Width": 8,
              "Actual Startup Time": 924.733,
              "Actual Total Time": 924.735,
              "Actual Rows": 1,
              "Actual Loops": 7,
              "Plans": [
                {
                  "Node Type": "Seq Scan",
                  "Parent Relationship": "Outer",
                  "Parallel Aware": true,
                  "Relation Name": "cast_info",
                  "Alias": "ci",
                  "Startup Cost": 0.0,
                  "Total Cost": 328162.03,
                  "Plan Rows": 4663057,
                  "Plan Width": 0,
                  "Actual Startup Time": 0.044,
                  "Actual Total Time": 718.926,
                  "Actual Rows": 4011987,
                  "Actual Loops": 7,
                  "Filter": "(person_id < 2865594)",
                  "Rows Removed by Filter": 1165777
                }
              ]
            }
          ]
        }
      ]
    },
    "Planning Time": 0.193,
    "Triggers": [],
    "Execution Time": 1004.145
  }
]