[
  {
    "Plan": {
      "Node Type": "Aggregate",
      "Strategy": "Plain",
      "Partial Mode": "Finalize",
      "Parallel Aware": false,
      "Startup Cost": 91431.84,
      "Total Cost": 91431.85,
      "Plan Rows": 1,
      "Plan Width": 8,
      "Actual Startup Time": 350.248,
      "Actual Total Time": 367.688,
      "Actual Rows": 1,
      "Actual Loops": 1,
      "Plans": [
        {
          "Node Type": "Gather",
          "Parent Relationship": "Outer",
          "Parallel Aware": false,
          "Startup Cost": 91431.53,
          "Total Cost": 91431.84,
          "Plan Rows": 3,
          "Plan Width": 8,
          "Actual Startup Time": 349.012,
          "Actual Total Time": 367.681,
          "Actual Rows": 4,
          "Actual Loops": 1,
          "Workers Planned": 3,
          "Workers Launched": 3,
          "Single Copy": false,
          "Plans": [
            {
              "Node Type": "Aggregate",
              "Strategy": "Plain",
              "Partial Mode": "Partial",
              "Parent Relationship": "Outer",
              "Parallel Aware": false,
              "Startup Cost": 90431.53,
              "Total Cost": 90431.54,
              "Plan Rows": 1,
              "Plan Width": 8,
              "Actual Startup Time": 340.398,
              "Actual Total Time": 340.4,
              "Actual Rows": 1,
              "Actual Loops": 4,
              "Plans": [
                {
                  "Node Type": "Hash Join",
                  "Parent Relationship": "Outer",
                  "Parallel Aware": true,
                  "Join Type": "Inner",
                  "Startup Cost": 46898.17,
                  "Total Cost": 89776.25,
                  "Plan Rows": 262109,
                  "Plan Width": 0,
                  "Actual Startup Time": 161.826,
                  "Actual Total Time": 326.043,
                  "Actual Rows": 360508,
                  "Actual Loops": 4,
                  "Inner Unique": true,
                  "Hash Cond": "(mk.movie_id = t.id)",
                  "Plans": [
                    {
                      "Node Type": "Seq Scan",
                      "Parent Relationship": "Outer",
                      "Parallel Aware": true,
                      "Relation Name": "movie_keyword",
                      "Alias": "mk",
                      "Startup Cost": 0.0,
                      "Total Cost": 39047.32,
                      "Plan Rows": 1459332,
                      "Plan Width": 4,
                      "Actual Startup Time": 0.023,
                      "Actual Total Time": 84.236,
                      "Actual Rows": 1130982,
                      "Actual Loops": 4
                    },
                    {
                      "Node Type": "Hash",
                      "Parent Relationship": "Inner",
                      "Parallel Aware": true,
                      "Startup Cost": 45479.1,
                      "Total Cost": 45479.1,
                      "Plan Rows": 113526,
                      "Plan Width": 4,
                      "Actual Startup Time": 124.197,
                      "Actual Total Time": 124.198,
                      "Actual Rows": 82570,
                      "Actual Loops": 4,
                      "Hash Buckets": 524288,
                      "Original Hash Buckets": 524288,
                      "Hash Batches": 1,
                      "Original Hash Batches": 1,
                      "Peak Memory Usage": 17056,
                      "Plans": [
                        {
                          "Node Type": "Seq Scan",
                          "Parent Relationship": "Outer",
                          "Parallel Aware": true,
                          "Relation Name": "title",
                          "Alias": "t",
                          "Startup Cost": 0.0,
                          "Total Cost": 45479.1,
                          "Plan Rows": 113526,
                          "Plan Width": 4,
                          "Actual Startup Time": 48.07,
                          "Actual Total Time": 100.657,
                          "Actual Rows": 82570,
                          "Actual Loops": 4,
                          "Filter": "((production_year > 1991) AND (kind_id = 1))",
                          "Rows Removed by Filter": 549508
                        }
                      ]
                    }
                  ]
                }
              ]
            }
          ]
        }
      ]
    },
    "Planning Time": 0.616,
    "Triggers": [],
    "Execution Time": 367.757
  }
]