[
  {
    "Plan": {
      "Node Type": "Aggregate",
      "Strategy": "Plain",
      "Partial Mode": "Finalize",
      "Parallel Aware": false,
      "Startup Cost": 111106.11,
      "Total Cost": 111106.12,
      "Plan Rows": 1,
      "Plan Width": 8,
      "Actual Startup Time": 655.35,
      "Actual Total Time": 674.153,
      "Actual Rows": 1,
      "Actual Loops": 1,
      "Plans": [
        {
          "Node Type": "Gather",
          "Parent Relationship": "Outer",
          "Parallel Aware": false,
          "Startup Cost": 111105.79,
          "Total Cost": 111106.1,
          "Plan Rows": 3,
          "Plan Width": 8,
          "Actual Startup Time": 652.508,
          "Actual Total Time": 674.146,
          "Actual Rows": 4,
          "Actual Loops": 1,
          "Workers Planned": 3,
          "Workers Launched": 3,
          "Single Copy": false,
          "Plans": [
            {
              "Node Type": "Aggregate",
              "Strategy": "Plain",
              "Partial Mode": "Partial",
              "Parent Relationship": "Outer",
              "Parallel Aware": false,
              "Startup Cost": 110105.79,
              "Total Cost": 110105.8,
              "Plan Rows": 1,
              "Plan Width": 8,
              "Actual Startup Time": 643.057,
              "Actual Total Time": 643.063,
              "Actual Rows": 1,
              "Actual Loops": 4,
              "Plans": [
                {
                  "Node Type": "Hash Join",
                  "Parent Relationship": "Outer",
                  "Parallel Aware": true,
                  "Join Type": "Inner",
                  "Startup Cost": 64307.17,
                  "Total Cost": 109626.24,
                  "Plan Rows": 191821,
                  "Plan Width": 0,
                  "Actual Startup Time": 305.478,
                  "Actual Total Time": 571.748,
                  "Actual Rows": 1739749,
                  "Actual Loops": 4,
                  "Inner Unique": false,
                  "Hash Cond": "(mk.movie_id = t.id)",
                  "Plans": [
                    {
                      "Node Type": "Seq Scan",
                      "Parent Relationship": "Outer",
                      "Parallel Aware": true,
                      "Relation Name": "movie_keyword",
                      "Alias": "mk",
                      "Startup Cost": 0.0,
                      "Total Cost": 39047.32,
                      "Plan Rows": 1459332,
                      "Plan Width": 4,
                      "Actual Startup Time": 0.023,
                      "Actual Total Time": 82.873,
                      "Actual Rows": 1130982,
                      "Actual Loops": 4
                    },
                    {
                      "Node Type": "Hash",
                      "Parent Relationship": "Inner",
                      "Parallel Aware": true,
                      "Startup Cost": 62576.3,
                      "Total Cost": 62576.3,
                      "Plan Rows": 138470,
                      "Plan Width": 8,
                      "Actual Startup Time": 270.081,
                      "Actual Total Time": 270.085,
                      "Actual Rows": 144513,
                      "Actual Loops": 4,
                      "Hash Buckets": 1048576,
                      "Original Hash Buckets": 524288,
                      "Hash Batches": 1,
                      "Original Hash Batches": 1,
                      "Peak Memory Usage": 34944,
                      "Plans": [
                        {
                          "Node Type": "Hash Join",
                          "Parent Relationship": "Outer",
                          "Parallel Aware": true,
                          "Join Type": "Inner",
                          "Startup Cost": 47381.74,
                          "Total Cost": 62576.3,
                          "Plan Rows": 138470,
                          "Plan Width": 8,
                          "Actual Startup Time": 171.359,
                          "Actual Total Time": 228.683,
                          "Actual Rows": 144513,
                          "Actual Loops": 4,
                          "Inner Unique": true,
                          "Hash Cond": "(mi_idx.movie_id = t.id)",
                          "Plans": [
                            {
                              "Node Type": "Seq Scan",
                              "Parent Relationship": "Outer",
                              "Parallel Aware": true,
                              "Relation Name": "movie_info_idx",
                              "Alias": "mi_idx",
                              "Startup Cost": 0.0,
                              "Total Cost": 13685.15,
                              "Plan Rows": 575015,
                              "Plan Width": 4,
                              "Actual Startup Time": 0.022,
                              "Actual Total Time": 27.238,
                              "Actual Rows": 345009,
                              "Actual Loops": 4
                            },
                            {
                              "Node Type": "Hash",
                              "Parent Relationship": "Inner",
                              "Parallel Aware": true,
                              "Startup Cost": 45479.1,
                              "Total Cost": 45479.1,
                              "Plan Rows": 152211,
                              "Plan Width": 4,
                              "Actual Startup Time": 142.491,
                              "Actual Total Time": 142.492,
                              "Actual Rows": 129471,
                              "Actual Loops": 4,
                              "Hash Buckets": 1048576,
                              "Original Hash Buckets": 1048576,
                              "Hash Batches": 1,
                              "Original Hash Batches": 1,
                              "Peak Memory Usage": 28512,
                              "Plans": [
                                {
                                  "Node Type": "Seq Scan",
                                  "Parent Relationship": "Outer",
                                  "Parallel Aware": true,
                                  "Relation Name": "title",
                                  "Alias": "t",
                                  "Startup Cost": 0.0,
                                  "Total Cost": 45479.1,
                                  "Plan Rows": 152211,
                                  "Plan Width": 4,
                                  "Actual Startup Time": 47.08,
                                  "Actual Total Time": 99.61,
                                  "Actual Rows": 129471,
                                  "Actual Loops": 4,
                                  "Filter": "((production_year > 1938) AND (kind_id = 1))",
                                  "Rows Removed by Filter": 502607
                                }
                              ]
                            }
                          ]
                        }
                      ]
                    }
                  ]
                }
              ]
            }
          ]
        }
      ]
    },
    "Planning Time": 1.313,
    "Triggers": [],
    "Execution Time": 674.247
  }
]