{
  "Plan": {
    "Node Type": "Aggregate",
    "Strategy": "Plain",
    "Partial Mode": "Finalize",
    "Parallel Aware": false,
    "Startup Cost": 126934.2,
    "Total Cost": 126934.21,
    "Plan Rows": 1,
    "Plan Width": 8,
    "Actual Startup Time": 648.727,
    "Actual Total Time": 664.752,
    "Actual Rows": 1,
    "Actual Loops": 1,
    "Plans": [
      {
        "Node Type": "Gather",
        "Parent Relationship": "Outer",
        "Parallel Aware": false,
        "Startup Cost": 126934.09,
        "Total Cost": 126934.2,
        "Plan Rows": 1,
        "Plan Width": 8,
        "Actual Startup Time": 647.23,
        "Actual Total Time": 664.745,
        "Actual Rows": 2,
        "Actual Loops": 1,
        "Workers Planned": 1,
        "Workers Launched": 1,
        "Single Copy": false,
        "Plans": [
          {
            "Node Type": "Aggregate",
            "Strategy": "Plain",
            "Partial Mode": "Partial",
            "Parent Relationship": "Outer",
            "Parallel Aware": false,
            "Startup Cost": 125934.09,
            "Total Cost": 125934.1,
            "Plan Rows": 1,
            "Plan Width": 8,
            "Actual Startup Time": 642.254,
            "Actual Total Time": 642.258,
            "Actual Rows": 1,
            "Actual Loops": 2,
            "Plans": [
              {
                "Node Type": "Hash Join",
                "Parent Relationship": "Outer",
                "Parallel Aware": true,
                "Join Type": "Inner",
                "Startup Cost": 61910.04,
                "Total Cost": 124951.38,
                "Plan Rows": 393083,
                "Plan Width": 0,
                "Actual Startup Time": 232.058,
                "Actual Total Time": 636.278,
                "Actual Rows": 113762,
                "Actual Loops": 2,
                "Inner Unique": true,
                "Hash Cond": "(mk.movie_id = t.id)",
                "Plans": [
                  {
                    "Node Type": "Seq Scan",
                    "Parent Relationship": "Outer",
                    "Parallel Aware": true,
                    "Relation Name": "movie_keyword",
                    "Alias": "mk",
                    "Startup Cost": 0.0,
                    "Total Cost": 57718.19,
                    "Plan Rows": 2027862,
                    "Plan Width": 4,
                    "Actual Startup Time": 0.016,
                    "Actual Total Time": 226.852,
                    "Actual Rows": 1724219,
                    "Actual Loops": 2,
                    "Filter": "(keyword_id < 16430)",
                    "Rows Removed by Filter": 537746
                  },
                  {
                    "Node Type": "Hash",
                    "Parent Relationship": "Inner",
                    "Parallel Aware": true,
                    "Startup Cost": 58306.47,
                    "Total Cost": 58306.47,
                    "Plan Rows": 288286,
                    "Plan Width": 4,
                    "Actual Startup Time": 227.778,
                    "Actual Total Time": 227.779,
                    "Actual Rows": 250890,
                    "Actual Loops": 2,
                    "Hash Buckets": 524288,
                    "Original Hash Buckets": 524288,
                    "Hash Batches": 1,
                    "Original Hash Batches": 1,
                    "Peak Memory Usage": 23744,
                    "Plans": [
                      {
                        "Node Type": "Seq Scan",
                        "Parent Relationship": "Outer",
                        "Parallel Aware": true,
                        "Relation Name": "title",
                        "Alias": "t",
                        "Startup Cost": 0.0,
                        "Total Cost": 58306.47,
                        "Plan Rows": 288286,
                        "Plan Width": 4,
                        "Actual Startup Time": 0.027,
                        "Actual Total Time": 164.135,
                        "Actual Rows": 250890,
                        "Actual Loops": 2,
                        "Filter": "((kind_id > 1) AND (production_year > 2008))",
                        "Rows Removed by Filter": 1013266
                      }
                    ]
                  }
                ]
              }
            ]
          }
        ]
      }
    ]
  },
  "Planning Time": 0.249,
  "Triggers": [],
  "Execution Time": 664.785
}