[
  {
    "Plan": {
      "Node Type": "Aggregate",
      "Strategy": "Plain",
      "Partial Mode": "Finalize",
      "Parallel Aware": false,
      "Startup Cost": 80254.71,
      "Total Cost": 80254.72,
      "Plan Rows": 1,
      "Plan Width": 8,
      "Actual Startup Time": 380.67,
      "Actual Total Time": 398.027,
      "Actual Rows": 1,
      "Actual Loops": 1,
      "Plans": [
        {
          "Node Type": "Gather",
          "Parent Relationship": "Outer",
          "Parallel Aware": false,
          "Startup Cost": 80254.4,
          "Total Cost": 80254.71,
          "Plan Rows": 3,
          "Plan Width": 8,
          "Actual Startup Time": 370.779,
          "Actual Total Time": 398.018,
          "Actual Rows": 4,
          "Actual Loops": 1,
          "Workers Planned": 3,
          "Workers Launched": 3,
          "Single Copy": false,
          "Plans": [
            {
              "Node Type": "Aggregate",
              "Strategy": "Plain",
              "Partial Mode": "Partial",
              "Parent Relationship": "Outer",
              "Parallel Aware": false,
              "Startup Cost": 79254.4,
              "Total Cost": 79254.41,
              "Plan Rows": 1,
              "Plan Width": 8,
              "Actual Startup Time": 362.839,
              "Actual Total Time": 362.842,
              "Actual Rows": 1,
              "Actual Loops": 4,
              "Plans": [
                {
                  "Node Type": "Hash Join",
                  "Parent Relationship": "Outer",
                  "Parallel Aware": true,
                  "Join Type": "Inner",
                  "Startup Cost": 47231.36,
                  "Total Cost": 79080.12,
                  "Plan Rows": 69712,
                  "Plan Width": 0,
                  "Actual Startup Time": 230.915,
                  "Actual Total Time": 357.891,
                  "Actual Rows": 97756,
                  "Actual Loops": 4,
                  "Inner Unique": true,
                  "Hash Cond": "(mc.movie_id = t.id)",
                  "Plans": [
                    {
                      "Node Type": "Seq Scan",
                      "Parent Relationship": "Outer",
                      "Parallel Aware": true,
                      "Relation Name": "movie_companies",
                      "Alias": "mc",
                      "Startup Cost": 0.0,
                      "Total Cost": 31414.82,
                      "Plan Rows": 165310,
                      "Plan Width": 4,
                      "Actual Startup Time": 0.012,
                      "Actual Total Time": 73.943,
                      "Actual Rows": 181750,
                      "Actual Loops": 4,
                      "Filter": "((company_id < 6194) AND (company_type_id = 1))",
                      "Rows Removed by Filter": 470533
                    },
                    {
                      "Node Type": "Hash",
                      "Parent Relationship": "Inner",
                      "Parallel Aware": true,
                      "Startup Cost": 43899.32,
                      "Total Cost": 43899.32,
                      "Plan Rows": 266563,
                      "Plan Width": 4,
                      "Actual Startup Time": 225.677,
                      "Actual Total Time": 225.678,
                      "Actual Rows": 268691,
                      "Actual Loops": 4,
                      "Hash Buckets": 2097152,
                      "Original Hash Buckets": 2097152,
                      "Hash Batches": 1,
                      "Original Hash Batches": 1,
                      "Peak Memory Usage": 58528,
                      "Plans": [
                        {
                          "Node Type": "Seq Scan",
                          "Parent Relationship": "Outer",
                          "Parallel Aware": true,
                          "Relation Name": "title",
                          "Alias": "t",
                          "Startup Cost": 0.0,
                          "Total Cost": 43899.32,
                          "Plan Rows": 266563,
                          "Plan Width": 4,
                          "Actual Startup Time": 0.037,
                          "Actual Total Time": 116.615,
                          "Actual Rows": 268691,
                          "Actual Loops": 4,
                          "Filter": "(production_year < 2001)",
                          "Rows Removed by Filter": 363387
                        }
                      ]
                    }
                  ]
                }
              ]
            }
          ]
        }
      ]
    },
    "Planning Time": 0.301,
    "Triggers": [],
    "Execution Time": 398.08
  }
]