{
  "Plan": {
    "Node Type": "Aggregate",
    "Strategy": "Plain",
    "Partial Mode": "Finalize",
    "Parallel Aware": false,
    "Startup Cost": 466402.76,
    "Total Cost": 466402.77,
    "Plan Rows": 1,
    "Plan Width": 8,
    "Actual Startup Time": 6955.322,
    "Actual Total Time": 7006.915,
    "Actual Rows": 1,
    "Actual Loops": 1,
    "Plans": [
      {
        "Node Type": "Gather",
        "Parent Relationship": "Outer",
        "Parallel Aware": false,
        "Startup Cost": 466402.65,
        "Total Cost": 466402.76,
        "Plan Rows": 1,
        "Plan Width": 8,
        "Actual Startup Time": 6952.805,
        "Actual Total Time": 7006.906,
        "Actual Rows": 2,
        "Actual Loops": 1,
        "Workers Planned": 1,
        "Workers Launched": 1,
        "Single Copy": false,
        "Plans": [
          {
            "Node Type": "Aggregate",
            "Strategy": "Plain",
            "Partial Mode": "Partial",
            "Parent Relationship": "Outer",
            "Parallel Aware": false,
            "Startup Cost": 465402.65,
            "Total Cost": 465402.66,
            "Plan Rows": 1,
            "Plan Width": 8,
            "Actual Startup Time": 6947.312,
            "Actual Total Time": 6947.316,
            "Actual Rows": 1,
            "Actual Loops": 2,
            "Plans": [
              {
                "Node Type": "Nested Loop",
                "Parent Relationship": "Outer",
                "Parallel Aware": false,
                "Join Type": "Inner",
                "Startup Cost": 79452.2,
                "Total Cost": 463517.69,
                "Plan Rows": 753984,
                "Plan Width": 0,
                "Actual Startup Time": 389.415,
                "Actual Total Time": 6225.681,
                "Actual Rows": 17455189,
                "Actual Loops": 2,
                "Inner Unique": false,
                "Plans": [
                  {
                    "Node Type": "Hash Join",
                    "Parent Relationship": "Outer",
                    "Parallel Aware": true,
                    "Join Type": "Inner",
                    "Startup Cost": 79451.77,
                    "Total Cost": 110452.29,
                    "Plan Rows": 128946,
                    "Plan Width": 8,
                    "Actual Startup Time": 389.271,
                    "Actual Total Time": 594.405,
                    "Actual Rows": 270778,
                    "Actual Loops": 2,
                    "Inner Unique": true,
                    "Hash Cond": "(mk.movie_id = t.id)",
                    "Plans": [
                      {
                        "Node Type": "Bitmap Heap Scan",
                        "Parent Relationship": "Outer",
                        "Parallel Aware": true,
                        "Relation Name": "movie_keyword",
                        "Alias": "mk",
                        "Startup Cost": 15606.94,
                        "Total Cost": 45471.28,
                        "Plan Rows": 432828,
                        "Plan Width": 4,
                        "Actual Startup Time": 64.069,
                        "Actual Total Time": 154.554,
                        "Actual Rows": 362585,
                        "Actual Loops": 2,
                        "Recheck Cond": "(keyword_id > 25863)",
                        "Rows Removed by Index Recheck": 0,
                        "Exact Heap Blocks": 11472,
                        "Lossy Heap Blocks": 0,
                        "Plans": [
                          {
                            "Node Type": "Bitmap Index Scan",
                            "Parent Relationship": "Outer",
                            "Parallel Aware": false,
                            "Index Name": "keyword_id_movie_keyword",
                            "Startup Cost": 0.0,
                            "Total Cost": 15422.99,
                            "Plan Rows": 735807,
                            "Plan Width": 0,
                            "Actual Startup Time": 58.244,
                            "Actual Total Time": 58.245,
                            "Actual Rows": 725170,
                            "Actual Loops": 1,
                            "Index Cond": "(keyword_id > 25863)"
                          }
                        ]
                      },
                      {
                        "Node Type": "Hash",
                        "Parent Relationship": "Inner",
                        "Parallel Aware": true,
                        "Startup Cost": 58306.47,
                        "Total Cost": 58306.47,
                        "Plan Rows": 443069,
                        "Plan Width": 4,
                        "Actual Startup Time": 316.291,
                        "Actual Total Time": 316.291,
                        "Actual Rows": 396972,
                        "Actual Loops": 2,
                        "Hash Buckets": 1048576,
                        "Original Hash Buckets": 1048576,
                        "Hash Batches": 1,
                        "Original Hash Batches": 1,
                        "Peak Memory Usage": 39264,
                        "Plans": [
                          {
                            "Node Type": "Seq Scan",
                            "Parent Relationship": "Outer",
                            "Parallel Aware": true,
                            "Relation Name": "title",
                            "Alias": "t",
                            "Startup Cost": 0.0,
                            "Total Cost": 58306.47,
                            "Plan Rows": 443069,
                            "Plan Width": 4,
                            "Actual Startup Time": 0.037,
                            "Actual Total Time": 184.715,
                            "Actual Rows": 396972,
                            "Actual Loops": 2,
                            "Filter": "((kind_id < 7) AND (production_year < 2010))",
                            "Rows Removed by Filter": 867184
                          }
                        ]
                      }
                    ]
                  },
                  {
                    "Node Type": "Index Only Scan",
                    "Parent Relationship": "Inner",
                    "Parallel Aware": false,
                    "Scan Direction": "Forward",
                    "Index Name": "movie_id_movie_info",
                    "Relation Name": "movie_info",
                    "Alias": "mi",
                    "Startup Cost": 0.43,
                    "Total Cost": 2.32,
                    "Plan Rows": 42,
                    "Plan Width": 4,
                    "Actual Startup Time": 0.004,
                    "Actual Total Time": 0.016,
                    "Actual Rows": 64,
                    "Actual Loops": 541556,
                    "Index Cond": "(movie_id = t.id)",
                    "Rows Removed by Index Recheck": 0,
                    "Heap Fetches": 34910378
                  }
                ]
              }
            ]
          }
        ]
      }
    ]
  },
  "Planning Time": 1.037,
  "Triggers": [],
  "Execution Time": 7007.037
}