{
  "Plan": {
    "Node Type": "Aggregate",
    "Strategy": "Plain",
    "Partial Mode": "Finalize",
    "Parallel Aware": false,
    "Startup Cost": 752258.85,
    "Total Cost": 752258.86,
    "Plan Rows": 1,
    "Plan Width": 8,
    "Actual Startup Time": 7571.086,
    "Actual Total Time": 7633.131,
    "Actual Rows": 1,
    "Actual Loops": 1,
    "Plans": [
      {
        "Node Type": "Gather",
        "Parent Relationship": "Outer",
        "Parallel Aware": false,
        "Startup Cost": 752258.73,
        "Total Cost": 752258.84,
        "Plan Rows": 1,
        "Plan Width": 8,
        "Actual Startup Time": 7568.44,
        "Actual Total Time": 7633.121,
        "Actual Rows": 2,
        "Actual Loops": 1,
        "Workers Planned": 1,
        "Workers Launched": 1,
        "Single Copy": false,
        "Plans": [
          {
            "Node Type": "Aggregate",
            "Strategy": "Plain",
            "Partial Mode": "Partial",
            "Parent Relationship": "Outer",
            "Parallel Aware": false,
            "Startup Cost": 751258.73,
            "Total Cost": 751258.74,
            "Plan Rows": 1,
            "Plan Width": 8,
            "Actual Startup Time": 7562.832,
            "Actual Total Time": 7562.994,
            "Actual Rows": 1,
            "Actual Loops": 2,
            "Plans": [
              {
                "Node Type": "Hash Join",
                "Parent Relationship": "Outer",
                "Parallel Aware": true,
                "Join Type": "Inner",
                "Startup Cost": 124138.34,
                "Total Cost": 739171.96,
                "Plan Rows": 4834710,
                "Plan Width": 0,
                "Actual Startup Time": 764.786,
                "Actual Total Time": 6427.841,
                "Actual Rows": 27752104,
                "Actual Loops": 2,
                "Inner Unique": false,
                "Hash Cond": "(ci.movie_id = t.id)",
                "Plans": [
                  {
                    "Node Type": "Seq Scan",
                    "Parent Relationship": "Outer",
                    "Parallel Aware": true,
                    "Relation Name": "cast_info",
                    "Alias": "ci",
                    "Startup Cost": 0.0,
                    "Total Cost": 519069.44,
                    "Plan Rows": 18006598,
                    "Plan Width": 4,
                    "Actual Startup Time": 125.784,
                    "Actual Total Time": 1593.412,
                    "Actual Rows": 15242340,
                    "Actual Loops": 2,
                    "Filter": "(person_id > 558271)",
                    "Rows Removed by Filter": 2879832
                  },
                  {
                    "Node Type": "Hash",
                    "Parent Relationship": "Inner",
                    "Parallel Aware": true,
                    "Startup Cost": 119146.89,
                    "Total Cost": 119146.89,
                    "Plan Rows": 399316,
                    "Plan Width": 8,
                    "Actual Startup Time": 629.955,
                    "Actual Total Time": 630.115,
                    "Actual Rows": 445949,
                    "Actual Loops": 2,
                    "Hash Buckets": 1048576,
                    "Original Hash Buckets": 1048576,
                    "Hash Batches": 1,
                    "Original Hash Batches": 1,
                    "Peak Memory Usage": 43136,
                    "Plans": [
                      {
                        "Node Type": "Hash Join",
                        "Parent Relationship": "Outer",
                        "Parallel Aware": true,
                        "Join Type": "Inner",
                        "Startup Cost": 61096.04,
                        "Total Cost": 119146.89,
                        "Plan Rows": 399316,
                        "Plan Width": 8,
                        "Actual Startup Time": 182.956,
                        "Actual Total Time": 551.789,
                        "Actual Rows": 445949,
                        "Actual Loops": 2,
                        "Inner Unique": true,
                        "Hash Cond": "(mk.movie_id = t.id)",
                        "Plans": [
                          {
                            "Node Type": "Seq Scan",
                            "Parent Relationship": "Outer",
                            "Parallel Aware": true,
                            "Relation Name": "movie_keyword",
                            "Alias": "mk",
                            "Startup Cost": 0.0,
                            "Total Cost": 51065.35,
                            "Plan Rows": 2661135,
                            "Plan Width": 4,
                            "Actual Startup Time": 0.012,
                            "Actual Total Time": 149.846,
                            "Actual Rows": 2261965,
                            "Actual Loops": 2
                          },
                          {
                            "Node Type": "Hash",
                            "Parent Relationship": "Inner",
                            "Parallel Aware": true,
                            "Startup Cost": 58306.47,
                            "Total Cost": 58306.47,
                            "Plan Rows": 223166,
                            "Plan Width": 4,
                            "Actual Startup Time": 180.056,
                            "Actual Total Time": 180.057,
                            "Actual Rows": 150061,
                            "Actual Loops": 2,
                            "Hash Buckets": 524288,
                            "Original Hash Buckets": 524288,
                            "Hash Batches": 1,
                            "Original Hash Batches": 1,
                            "Peak Memory Usage": 15872,
                            "Plans": [
                              {
                                "Node Type": "Seq Scan",
                                "Parent Relationship": "Outer",
                                "Parallel Aware": true,
                                "Relation Name": "title",
                                "Alias": "t",
                                "Startup Cost": 0.0,
                                "Total Cost": 58306.47,
                                "Plan Rows": 223166,
                                "Plan Width": 4,
                                "Actual Startup Time": 0.05,
                                "Actual Total Time": 140.473,
                                "Actual Rows": 150061,
                                "Actual Loops": 2,
                                "Filter": "((kind_id < 4) AND (production_year > 2004))",
                                "Rows Removed by Filter": 1114095
                              }
                            ]
                          }
                        ]
                      }
                    ]
                  }
                ]
              }
            ]
          }
        ]
      }
    ]
  },
  "Planning Time": 1.005,
  "Triggers": [],
  "Execution Time": 7633.235
}