[
  {
    "Plan": {
      "Node Type": "Aggregate",
      "Strategy": "Plain",
      "Partial Mode": "Finalize",
      "Parallel Aware": false,
      "Startup Cost": 78073.94,
      "Total Cost": 78073.95,
      "Plan Rows": 1,
      "Plan Width": 8,
      "Actual Startup Time": 331.827,
      "Actual Total Time": 346.937,
      "Actual Rows": 1,
      "Actual Loops": 1,
      "Plans": [
        {
          "Node Type": "Gather",
          "Parent Relationship": "Outer",
          "Parallel Aware": false,
          "Startup Cost": 78073.62,
          "Total Cost": 78073.93,
          "Plan Rows": 3,
          "Plan Width": 8,
          "Actual Startup Time": 322.963,
          "Actual Total Time": 346.917,
          "Actual Rows": 4,
          "Actual Loops": 1,
          "Workers Planned": 3,
          "Workers Launched": 3,
          "Single Copy": false,
          "Plans": [
            {
              "Node Type": "Aggregate",
              "Strategy": "Plain",
              "Partial Mode": "Partial",
              "Parent Relationship": "Outer",
              "Parallel Aware": false,
              "Startup Cost": 77073.62,
              "Total Cost": 77073.63,
              "Plan Rows": 1,
              "Plan Width": 8,
              "Actual Startup Time": 313.821,
              "Actual Total Time": 313.828,
              "Actual Rows": 1,
              "Actual Loops": 4,
              "Plans": [
                {
                  "Node Type": "Nested Loop",
                  "Parent Relationship": "Outer",
                  "Parallel Aware": false,
                  "Join Type": "Inner",
                  "Startup Cost": 50943.51,
                  "Total Cost": 77056.71,
                  "Plan Rows": 6764,
                  "Plan Width": 0,
                  "Actual Startup Time": 236.725,
                  "Actual Total Time": 312.783,
                  "Actual Rows": 16614,
                  "Actual Loops": 4,
                  "Inner Unique": false,
                  "Plans": [
                    {
                      "Node Type": "Hash Join",
                      "Parent Relationship": "Outer",
                      "Parallel Aware": true,
                      "Join Type": "Inner",
                      "Startup Cost": 50943.08,
                      "Total Cost": 70137.16,
                      "Plan Rows": 12393,
                      "Plan Width": 8,
                      "Actual Startup Time": 236.411,
                      "Actual Total Time": 268.229,
                      "Actual Rows": 16253,
                      "Actual Loops": 4,
                      "Inner Unique": true,
                      "Hash Cond": "(mc.movie_id = t.id)",
                      "Plans": [
                        {
                          "Node Type": "Bitmap Heap Scan",
                          "Parent Relationship": "Outer",
                          "Parallel Aware": true,
                          "Relation Name": "movie_companies",
                          "Alias": "mc",
                          "Startup Cost": 1798.29,
                          "Total Cost": 20922.25,
                          "Plan Rows": 26716,
                          "Plan Width": 4,
                          "Actual Startup Time": 5.5,
                          "Actual Total Time": 20.971,
                          "Actual Rows": 21018,
                          "Actual Loops": 4,
                          "Recheck Cond": "(company_id < 19)",
                          "Rows Removed by Index Recheck": 0,
                          "Exact Heap Blocks": 3187,
                          "Lossy Heap Blocks": 0,
                          "Plans": [
                            {
                              "Node Type": "Bitmap Index Scan",
                              "Parent Relationship": "Outer",
                              "Parallel Aware": false,
                              "Index Name": "company_id_movie_companies",
                              "Startup Cost": 0.0,
                              "Total Cost": 1777.59,
                              "Plan Rows": 82821,
                              "Plan Width": 0,
                              "Actual Startup Time": 4.223,
                              "Actual Total Time": 4.223,
                              "Actual Rows": 84071,
                              "Actual Loops": 1,
                              "Index Cond": "(company_id < 19)"
                            }
                          ]
                        },
                        {
                          "Node Type": "Hash",
                          "Parent Relationship": "Inner",
                          "Parallel Aware": true,
                          "Startup Cost": 45479.59,
                          "Total Cost": 45479.59,
                          "Plan Rows": 293216,
                          "Plan Width": 4,
                          "Actual Startup Time": 226.475,
                          "Actual Total Time": 226.477,
                          "Actual Rows": 282226,
                          "Actual Loops": 4,
                          "Hash Buckets": 2097152,
                          "Original Hash Buckets": 2097152,
                          "Hash Batches": 1,
                          "Original Hash Batches": 1,
                          "Peak Memory Usage": 60576,
                          "Plans": [
                            {
                              "Node Type": "Seq Scan",
                              "Parent Relationship": "Outer",
                              "Parallel Aware": true,
                              "Relation Name": "title",
                              "Alias": "t",
                              "Startup Cost": 0.0,
                              "Total Cost": 45479.59,
                              "Plan Rows": 293216,
                              "Plan Width": 4,
                              "Actual Startup Time": 0.044,
                              "Actual Total Time": 116.869,
                              "Actual Rows": 282226,
                              "Actual Loops": 4,
                              "Filter": "((production_year < 2010) AND (kind_id = 7))",
                              "Rows Removed by Filter": 349852
                            }
                          ]
                        }
                      ]
                    },
                    {
                      "Node Type": "Index Only Scan",
                      "Parent Relationship": "Inner",
                      "Parallel Aware": false,
                      "Scan Direction": "Forward",
                      "Index Name": "movie_id_movie_info_idx",
                      "Relation Name": "movie_info_idx",
                      "Alias": "mi_idx",
                      "Startup Cost": 0.43,
                      "Total Cost": 0.53,
                      "Plan Rows": 3,
                      "Plan Width": 4,
                      "Actual Startup Time": 0.002,
                      "Actual Total Time": 0.002,
                      "Actual Rows": 1,
                      "Actual Loops": 65012,
                      "Index Cond": "(movie_id = t.id)",
                      "Rows Removed by Index Recheck": 0,
                      "Heap Fetches": 66456
                    }
                  ]
                }
              ]
            }
          ]
        }
      ]
    },
    "Planning Time": 0.538,
    "Triggers": [],
    "Execution Time": 346.993
  }
]