[
  {
    "Plan": {
      "Node Type": "Aggregate",
      "Strategy": "Plain",
      "Partial Mode": "Finalize",
      "Parallel Aware": false,
      "Startup Cost": 78064.0,
      "Total Cost": 78064.01,
      "Plan Rows": 1,
      "Plan Width": 8,
      "Actual Startup Time": 289.511,
      "Actual Total Time": 312.677,
      "Actual Rows": 1,
      "Actual Loops": 1,
      "Plans": [
        {
          "Node Type": "Gather",
          "Parent Relationship": "Outer",
          "Parallel Aware": false,
          "Startup Cost": 78063.68,
          "Total Cost": 78063.99,
          "Plan Rows": 3,
          "Plan Width": 8,
          "Actual Startup Time": 287.957,
          "Actual Total Time": 312.668,
          "Actual Rows": 4,
          "Actual Loops": 1,
          "Workers Planned": 3,
          "Workers Launched": 3,
          "Single Copy": false,
          "Plans": [
            {
              "Node Type": "Aggregate",
              "Strategy": "Plain",
              "Partial Mode": "Partial",
              "Parent Relationship": "Outer",
              "Parallel Aware": false,
              "Startup Cost": 77063.68,
              "Total Cost": 77063.69,
              "Plan Rows": 1,
              "Plan Width": 8,
              "Actual Startup Time": 280.772,
              "Actual Total Time": 280.776,
              "Actual Rows": 1,
              "Actual Loops": 4,
              "Plans": [
                {
                  "Node Type": "Hash Join",
                  "Parent Relationship": "Outer",
                  "Parallel Aware": true,
                  "Join Type": "Inner",
                  "Startup Cost": 44616.0,
                  "Total Cost": 76981.55,
                  "Plan Rows": 32852,
                  "Plan Width": 0,
                  "Actual Startup Time": 176.834,
                  "Actual Total Time": 279.302,
                  "Actual Rows": 24417,
                  "Actual Loops": 4,
                  "Inner Unique": true,
                  "Hash Cond": "(mc.movie_id = t.id)",
                  "Plans": [
                    {
                      "Node Type": "Seq Scan",
                      "Parent Relationship": "Outer",
                      "Parallel Aware": true,
                      "Relation Name": "movie_companies",
                      "Alias": "mc",
                      "Startup Cost": 0.0,
                      "Total Cost": 31414.82,
                      "Plan Rows": 362186,
                      "Plan Width": 4,
                      "Actual Startup Time": 38.328,
                      "Actual Total Time": 86.757,
                      "Actual Rows": 310018,
                      "Actual Loops": 4,
                      "Filter": "((company_id > 258) AND (company_type_id = 2))",
                      "Rows Removed by Filter": 342264
                    },
                    {
                      "Node Type": "Hash",
                      "Parent Relationship": "Inner",
                      "Parallel Aware": true,
                      "Startup Cost": 43899.32,
                      "Total Cost": 43899.32,
                      "Plan Rows": 57334,
                      "Plan Width": 4,
                      "Actual Startup Time": 136.23,
                      "Actual Total Time": 136.231,
                      "Actual Rows": 57912,
                      "Actual Loops": 4,
                      "Hash Buckets": 262144,
                      "Original Hash Buckets": 262144,
                      "Hash Batches": 1,
                      "Original Hash Batches": 1,
                      "Peak Memory Usage": 11168,
                      "Plans": [
                        {
                          "Node Type": "Seq Scan",
                          "Parent Relationship": "Outer",
                          "Parallel Aware": true,
                          "Relation Name": "title",
                          "Alias": "t",
                          "Startup Cost": 0.0,
                          "Total Cost": 43899.32,
                          "Plan Rows": 57334,
                          "Plan Width": 4,
                          "Actual Startup Time": 0.047,
                          "Actual Total Time": 111.238,
                          "Actual Rows": 57912,
                          "Actual Loops": 4,
                          "Filter": "(production_year > 2011)",
                          "Rows Removed by Filter": 574166
                        }
                      ]
                    }
                  ]
                }
              ]
            }
          ]
        }
      ]
    },
    "Planning Time": 0.666,
    "Triggers": [],
    "Execution Time": 312.744
  }
]