[
  {
    "Plan": {
      "Node Type": "Aggregate",
      "Strategy": "Plain",
      "Partial Mode": "Finalize",
      "Parallel Aware": false,
      "Startup Cost": 404018.05,
      "Total Cost": 404018.06,
      "Plan Rows": 1,
      "Plan Width": 8,
      "Actual Startup Time": 2846.593,
      "Actual Total Time": 2904.964,
      "Actual Rows": 1,
      "Actual Loops": 1,
      "Plans": [
        {
          "Node Type": "Gather",
          "Parent Relationship": "Outer",
          "Parallel Aware": false,
          "Startup Cost": 404017.42,
          "Total Cost": 404018.03,
          "Plan Rows": 6,
          "Plan Width": 8,
          "Actual Startup Time": 2838.357,
          "Actual Total Time": 2904.942,
          "Actual Rows": 7,
          "Actual Loops": 1,
          "Workers Planned": 6,
          "Workers Launched": 6,
          "Single Copy": false,
          "Plans": [
            {
              "Node Type": "Aggregate",
              "Strategy": "Plain",
              "Partial Mode": "Partial",
              "Parent Relationship": "Outer",
              "Parallel Aware": false,
              "Startup Cost": 403017.42,
              "Total Cost": 403017.43,
              "Plan Rows": 1,
              "Plan Width": 8,
              "Actual Startup Time": 2822.797,
              "Actual Total Time": 2822.8,
              "Actual Rows": 1,
              "Actual Loops": 7,
              "Plans": [
                {
                  "Node Type": "Hash Join",
                  "Parent Relationship": "Outer",
                  "Parallel Aware": true,
                  "Join Type": "Inner",
                  "Startup Cost": 49644.57,
                  "Total Cost": 392701.47,
                  "Plan Rows": 4126381,
                  "Plan Width": 0,
                  "Actual Startup Time": 203.178,
                  "Actual Total Time": 2660.878,
                  "Actual Rows": 3746282,
                  "Actual Loops": 7,
                  "Inner Unique": true,
                  "Hash Cond": "(ci.movie_id = t.id)",
                  "Plans": [
                    {
                      "Node Type": "Seq Scan",
                      "Parent Relationship": "Outer",
                      "Parallel Aware": true,
                      "Relation Name": "cast_info",
                      "Alias": "ci",
                      "Startup Cost": 0.0,
                      "Total Cost": 328162.03,
                      "Plan Rows": 5674232,
                      "Plan Width": 4,
                      "Actual Startup Time": 0.024,
                      "Actual Total Time": 639.187,
                      "Actual Rows": 4878803,
                      "Actual Loops": 7,
                      "Filter": "(person_id < 3653103)",
                      "Rows Removed by Filter": 298961
                    },
                    {
                      "Node Type": "Hash",
                      "Parent Relationship": "Inner",
                      "Parallel Aware": true,
                      "Startup Cost": 43898.92,
                      "Total Cost": 43898.92,
                      "Plan Rows": 459652,
                      "Plan Width": 4,
                      "Actual Startup Time": 198.258,
                      "Actual Total Time": 198.259,
                      "Actual Rows": 261910,
                      "Actual Loops": 7,
                      "Hash Buckets": 2097152,
                      "Original Hash Buckets": 2097152,
                      "Hash Batches": 1,
                      "Original Hash Batches": 1,
                      "Peak Memory Usage": 88224,
                      "Plans": [
                        {
                          "Node Type": "Seq Scan",
                          "Parent Relationship": "Outer",
                          "Parallel Aware": true,
                          "Relation Name": "title",
                          "Alias": "t",
                          "Startup Cost": 0.0,
                          "Total Cost": 43898.92,
                          "Plan Rows": 459652,
                          "Plan Width": 4,
                          "Actual Startup Time": 0.047,
                          "Actual Total Time": 80.253,
                          "Actual Rows": 261910,
                          "Actual Loops": 7,
                          "Filter": "(production_year > 1986)",
                          "Rows Removed by Filter": 99278
                        }
                      ]
                    }
                  ]
                }
              ]
            }
          ]
        }
      ]
    },
    "Planning Time": 0.531,
    "Triggers": [],
    "Execution Time": 2905.049
  }
]