[
  {
    "Plan": {
      "Node Type": "Aggregate",
      "Strategy": "Plain",
      "Partial Mode": "Finalize",
      "Parallel Aware": false,
      "Startup Cost": 124425.61,
      "Total Cost": 124425.62,
      "Plan Rows": 1,
      "Plan Width": 8,
      "Actual Startup Time": 707.269,
      "Actual Total Time": 727.617,
      "Actual Rows": 1,
      "Actual Loops": 1,
      "Plans": [
        {
          "Node Type": "Gather",
          "Parent Relationship": "Outer",
          "Parallel Aware": false,
          "Startup Cost": 124425.3,
          "Total Cost": 124425.61,
          "Plan Rows": 3,
          "Plan Width": 8,
          "Actual Startup Time": 702.783,
          "Actual Total Time": 727.607,
          "Actual Rows": 4,
          "Actual Loops": 1,
          "Workers Planned": 3,
          "Workers Launched": 3,
          "Single Copy": false,
          "Plans": [
            {
              "Node Type": "Aggregate",
              "Strategy": "Plain",
              "Partial Mode": "Partial",
              "Parent Relationship": "Outer",
              "Parallel Aware": false,
              "Startup Cost": 123425.3,
              "Total Cost": 123425.31,
              "Plan Rows": 1,
              "Plan Width": 8,
              "Actual Startup Time": 695.64,
              "Actual Total Time": 695.958,
              "Actual Rows": 1,
              "Actual Loops": 4,
              "Plans": [
                {
                  "Node Type": "Hash Join",
                  "Parent Relationship": "Outer",
                  "Parallel Aware": true,
                  "Join Type": "Inner",
                  "Startup Cost": 92714.45,
                  "Total Cost": 123273.31,
                  "Plan Rows": 60796,
                  "Plan Width": 0,
                  "Actual Startup Time": 392.009,
                  "Actual Total Time": 637.152,
                  "Actual Rows": 1492378,
                  "Actual Loops": 4,
                  "Inner Unique": false,
                  "Hash Cond": "(mc.movie_id = t.id)",
                  "Plans": [
                    {
                      "Node Type": "Seq Scan",
                      "Parent Relationship": "Outer",
                      "Parallel Aware": true,
                      "Relation Name": "movie_companies",
                      "Alias": "mc",
                      "Startup Cost": 0.0,
                      "Total Cost": 27206.55,
                      "Plan Rows": 841655,
                      "Plan Width": 4,
                      "Actual Startup Time": 0.02,
                      "Actual Total Time": 55.178,
                      "Actual Rows": 652282,
                      "Actual Loops": 4
                    },
                    {
                      "Node Type": "Hash",
                      "Parent Relationship": "Inner",
                      "Parallel Aware": true,
                      "Startup Cost": 91978.01,
                      "Total Cost": 91978.01,
                      "Plan Rows": 58915,
                      "Plan Width": 8,
                      "Actual Startup Time": 389.311,
                      "Actual Total Time": 389.628,
                      "Actual Rows": 207276,
                      "Actual Loops": 4,
                      "Hash Buckets": 1048576,
                      "Original Hash Buckets": 262144,
                      "Hash Batches": 1,
                      "Original Hash Batches": 1,
                      "Peak Memory Usage": 46848,
                      "Plans": [
                        {
                          "Node Type": "Hash Join",
                          "Parent Relationship": "Outer",
                          "Parallel Aware": true,
                          "Join Type": "Inner",
                          "Startup Cost": 45833.94,
                          "Total Cost": 91978.01,
                          "Plan Rows": 58915,
                          "Plan Width": 8,
                          "Actual Startup Time": 119.462,
                          "Actual Total Time": 323.977,
                          "Actual Rows": 207276,
                          "Actual Loops": 4,
                          "Inner Unique": true,
                          "Hash Cond": "(mk.movie_id = t.id)",
                          "Plans": [
                            {
                              "Node Type": "Seq Scan",
                              "Parent Relationship": "Outer",
                              "Parallel Aware": true,
                              "Relation Name": "movie_keyword",
                              "Alias": "mk",
                              "Startup Cost": 0.0,
                              "Total Cost": 42695.65,
                              "Plan Rows": 1313679,
                              "Plan Width": 4,
                              "Actual Startup Time": 0.036,
                              "Actual Total Time": 110.34,
                              "Actual Rows": 1017650,
                              "Actual Loops": 4,
                              "Filter": "(keyword_id > 347)",
                              "Rows Removed by Filter": 113332
                            },
                            {
                              "Node Type": "Hash",
                              "Parent Relationship": "Inner",
                              "Parallel Aware": true,
                              "Startup Cost": 45479.59,
                              "Total Cost": 45479.59,
                              "Plan Rows": 28348,
                              "Plan Width": 4,
                              "Actual Startup Time": 118.725,
                              "Actual Total Time": 118.726,
                              "Actual Rows": 61146,
                              "Actual Loops": 4,
                              "Hash Buckets": 262144,
                              "Original Hash Buckets": 131072,
                              "Hash Batches": 1,
                              "Original Hash Batches": 1,
                              "Peak Memory Usage": 12704,
                              "Plans": [
                                {
                                  "Node Type": "Seq Scan",
                                  "Parent Relationship": "Outer",
                                  "Parallel Aware": true,
                                  "Relation Name": "title",
                                  "Alias": "t",
                                  "Startup Cost": 0.0,
                                  "Total Cost": 45479.59,
                                  "Plan Rows": 28348,
                                  "Plan Width": 4,
                                  "Actual Startup Time": 0.147,
                                  "Actual Total Time": 94.391,
                                  "Actual Rows": 61146,
                                  "Actual Loops": 4,
                                  "Filter": "((kind_id < 3) AND (production_year < 1972))",
                                  "Rows Removed by Filter": 570932
                                }
                              ]
                            }
                          ]
                        }
                      ]
                    }
                  ]
                }
              ]
            }
          ]
        }
      ]
    },
    "Planning Time": 0.895,
    "Triggers": [],
    "Execution Time": 727.682
  }
]