{
  "Plan": {
    "Node Type": "Aggregate",
    "Strategy": "Plain",
    "Partial Mode": "Finalize",
    "Parallel Aware": false,
    "Startup Cost": 52291.67,
    "Total Cost": 52291.68,
    "Plan Rows": 1,
    "Plan Width": 8,
    "Actual Startup Time": 63.81,
    "Actual Total Time": 72.637,
    "Actual Rows": 1,
    "Actual Loops": 1,
    "Plans": [
      {
        "Node Type": "Gather",
        "Parent Relationship": "Outer",
        "Parallel Aware": false,
        "Startup Cost": 52291.56,
        "Total Cost": 52291.67,
        "Plan Rows": 1,
        "Plan Width": 8,
        "Actual Startup Time": 63.673,
        "Actual Total Time": 72.631,
        "Actual Rows": 2,
        "Actual Loops": 1,
        "Workers Planned": 1,
        "Workers Launched": 1,
        "Single Copy": false,
        "Plans": [
          {
            "Node Type": "Aggregate",
            "Strategy": "Plain",
            "Partial Mode": "Partial",
            "Parent Relationship": "Outer",
            "Parallel Aware": false,
            "Startup Cost": 51291.56,
            "Total Cost": 51291.57,
            "Plan Rows": 1,
            "Plan Width": 8,
            "Actual Startup Time": 57.062,
            "Actual Total Time": 57.064,
            "Actual Rows": 1,
            "Actual Loops": 2,
            "Plans": [
              {
                "Node Type": "Nested Loop",
                "Parent Relationship": "Outer",
                "Parallel Aware": false,
                "Join Type": "Inner",
                "Startup Cost": 177.71,
                "Total Cost": 51291.47,
                "Plan Rows": 36,
                "Plan Width": 0,
                "Actual Startup Time": 24.574,
                "Actual Total Time": 57.021,
                "Actual Rows": 398,
                "Actual Loops": 2,
                "Inner Unique": false,
                "Join Filter": "(t.id = ci.movie_id)",
                "Rows Removed by Join Filter": 0,
                "Plans": [
                  {
                    "Node Type": "Nested Loop",
                    "Parent Relationship": "Outer",
                    "Parallel Aware": false,
                    "Join Type": "Inner",
                    "Startup Cost": 177.14,
                    "Total Cost": 50220.34,
                    "Plan Rows": 11,
                    "Plan Width": 8,
                    "Actual Startup Time": 24.159,
                    "Actual Total Time": 51.123,
                    "Actual Rows": 32,
                    "Actual Loops": 2,
                    "Inner Unique": true,
                    "Plans": [
                      {
                        "Node Type": "Bitmap Heap Scan",
                        "Parent Relationship": "Outer",
                        "Parallel Aware": true,
                        "Relation Name": "movie_keyword",
                        "Alias": "mk",
                        "Startup Cost": 176.71,
                        "Total Cost": 17147.94,
                        "Plan Rows": 4879,
                        "Plan Width": 4,
                        "Actual Startup Time": 6.519,
                        "Actual Total Time": 20.591,
                        "Actual Rows": 4819,
                        "Actual Loops": 2,
                        "Recheck Cond": "(keyword_id = 236)",
                        "Rows Removed by Index Recheck": 0,
                        "Exact Heap Blocks": 6551,
                        "Lossy Heap Blocks": 0,
                        "Plans": [
                          {
                            "Node Type": "Bitmap Index Scan",
                            "Parent Relationship": "Outer",
                            "Parallel Aware": false,
                            "Index Name": "keyword_id_movie_keyword",
                            "Startup Cost": 0.0,
                            "Total Cost": 174.64,
                            "Plan Rows": 8294,
                            "Plan Width": 0,
                            "Actual Startup Time": 7.152,
                            "Actual Total Time": 7.152,
                            "Actual Rows": 9638,
                            "Actual Loops": 1,
                            "Index Cond": "(keyword_id = 236)"
                          }
                        ]
                      },
                      {
                        "Node Type": "Index Scan",
                        "Parent Relationship": "Inner",
                        "Parallel Aware": false,
                        "Scan Direction": "Forward",
                        "Index Name": "title_pkey",
                        "Relation Name": "title",
                        "Alias": "t",
                        "Startup Cost": 0.43,
                        "Total Cost": 6.78,
                        "Plan Rows": 1,
                        "Plan Width": 4,
                        "Actual Startup Time": 0.006,
                        "Actual Total Time": 0.006,
                        "Actual Rows": 0,
                        "Actual Loops": 9638,
                        "Index Cond": "(id = mk.movie_id)",
                        "Rows Removed by Index Recheck": 0,
                        "Filter": "((kind_id = 1) AND (production_year = 1986))",
                        "Rows Removed by Filter": 1
                      }
                    ]
                  },
                  {
                    "Node Type": "Index Scan",
                    "Parent Relationship": "Inner",
                    "Parallel Aware": false,
                    "Scan Direction": "Forward",
                    "Index Name": "movie_id_cast_info",
                    "Relation Name": "cast_info",
                    "Alias": "ci",
                    "Startup Cost": 0.56,
                    "Total Cost": 97.26,
                    "Plan Rows": 9,
                    "Plan Width": 4,
                    "Actual Startup Time": 0.146,
                    "Actual Total Time": 0.182,
                    "Actual Rows": 12,
                    "Actual Loops": 64,
                    "Index Cond": "(movie_id = mk.movie_id)",
                    "Rows Removed by Index Recheck": 0,
                    "Filter": "(role_id > 5)",
                    "Rows Removed by Filter": 39
                  }
                ]
              }
            ]
          }
        ]
      }
    ]
  },
  "Planning Time": 1.064,
  "Triggers": [],
  "Execution Time": 72.738
}