[
  {
    "Plan": {
      "Node Type": "Aggregate",
      "Strategy": "Plain",
      "Partial Mode": "Finalize",
      "Parallel Aware": false,
      "Startup Cost": 354131.69,
      "Total Cost": 354131.7,
      "Plan Rows": 1,
      "Plan Width": 8,
      "Actual Startup Time": 850.566,
      "Actual Total Time": 896.912,
      "Actual Rows": 1,
      "Actual Loops": 1,
      "Plans": [
        {
          "Node Type": "Gather",
          "Parent Relationship": "Outer",
          "Parallel Aware": false,
          "Startup Cost": 354131.07,
          "Total Cost": 354131.68,
          "Plan Rows": 6,
          "Plan Width": 8,
          "Actual Startup Time": 850.391,
          "Actual Total Time": 896.898,
          "Actual Rows": 7,
          "Actual Loops": 1,
          "Workers Planned": 6,
          "Workers Launched": 6,
          "Single Copy": false,
          "Plans": [
            {
              "Node Type": "Aggregate",
              "Strategy": "Plain",
              "Partial Mode": "Partial",
              "Parent Relationship": "Outer",
              "Parallel Aware": false,
              "Startup Cost": 353131.07,
              "Total Cost": 353131.08,
              "Plan Rows": 1,
              "Plan Width": 8,
              "Actual Startup Time": 843.976,
              "Actual Total Time": 843.979,
              "Actual Rows": 1,
              "Actual Loops": 7,
              "Plans": [
                {
                  "Node Type": "Seq Scan",
                  "Parent Relationship": "Outer",
                  "Parallel Aware": true,
                  "Relation Name": "cast_info",
                  "Alias": "ci",
                  "Startup Cost": 0.0,
                  "Total Cost": 343316.27,
                  "Plan Rows": 3925919,
                  "Plan Width": 0,
                  "Actual Startup Time": 82.779,
                  "Actual Total Time": 695.942,
                  "Actual Rows": 3254905,
                  "Actual Loops": 7,
                  "Filter": "((person_id > 546878) AND (role_id < 6))",
                  "Rows Removed by Filter": 1922858
                }
              ]
            }
          ]
        }
      ]
    },
    "Planning Time": 0.262,
    "Triggers": [],
    "Execution Time": 896.986
  }
]