[
    {
        "Bao": {
            "Bao prediction": "NaN",
            "Bao recommended hint": "(no hint)"
        }
    },
    {
        "Plan": {
            "Node Type": "Aggregate",
            "Strategy": "Plain",
            "Partial Mode": "Finalize",
            "Parallel Aware": false,
            "Startup Cost": 32855.84,
            "Total Cost": 32855.85,
            "Plan Rows": 1,
            "Plan Width": 8,
            "Actual Startup Time": 86.667,
            "Actual Total Time": 91.365,
            "Actual Rows": 1,
            "Actual Loops": 1,
            "Output": [
                "count(*)"
            ],
            "Plans": [
                {
                    "Node Type": "Gather",
                    "Parent Relationship": "Outer",
                    "Parallel Aware": false,
                    "Startup Cost": 32855.52,
                    "Total Cost": 32855.83,
                    "Plan Rows": 3,
                    "Plan Width": 8,
                    "Actual Startup Time": 86.568,
                    "Actual Total Time": 91.356,
                    "Actual Rows": 4,
                    "Actual Loops": 1,
                    "Output": [
                        "(PARTIAL count(*))"
                    ],
                    "Workers Planned": 3,
                    "Workers Launched": 3,
                    "Single Copy": false,
                    "Plans": [
                        {
                            "Node Type": "Aggregate",
                            "Strategy": "Plain",
                            "Partial Mode": "Partial",
                            "Parent Relationship": "Outer",
                            "Parallel Aware": false,
                            "Startup Cost": 31855.52,
                            "Total Cost": 31855.53,
                            "Plan Rows": 1,
                            "Plan Width": 8,
                            "Actual Startup Time": 78.203,
                            "Actual Total Time": 78.204,
                            "Actual Rows": 1,
                            "Actual Loops": 4,
                            "Output": [
                                "PARTIAL count(*)"
                            ],
                            "Workers": [
                                {
                                    "Worker Number": 0,
                                    "Actual Startup Time": 75.395,
                                    "Actual Total Time": 75.396,
                                    "Actual Rows": 1,
                                    "Actual Loops": 1
                                },
                                {
                                    "Worker Number": 1,
                                    "Actual Startup Time": 75.578,
                                    "Actual Total Time": 75.579,
                                    "Actual Rows": 1,
                                    "Actual Loops": 1
                                },
                                {
                                    "Worker Number": 2,
                                    "Actual Startup Time": 75.893,
                                    "Actual Total Time": 75.894,
                                    "Actual Rows": 1,
                                    "Actual Loops": 1
                                }
                            ],
                            "Plans": [
                                {
                                    "Node Type": "Seq Scan",
                                    "Parent Relationship": "Outer",
                                    "Parallel Aware": true,
                                    "Relation Name": "movie_companies",
                                    "Schema": "public",
                                    "Alias": "mc",
                                    "Startup Cost": 0.0,
                                    "Total Cost": 31414.82,
                                    "Plan Rows": 176281,
                                    "Plan Width": 0,
                                    "Actual Startup Time": 47.049,
                                    "Actual Total Time": 74.717,
                                    "Actual Rows": 83289,
                                    "Actual Loops": 4,
                                    "Output": [
                                        "id",
                                        "movie_id",
                                        "company_id",
                                        "company_type_id",
                                        "note"
                                    ],
                                    "Filter": "((mc.company_id < 6626) AND (mc.company_type_id > 1))",
                                    "Rows Removed by Filter": 568994,
                                    "Workers": [
                                        {
                                            "Worker Number": 0,
                                            "Actual Startup Time": 44.238,
                                            "Actual Total Time": 71.983,
                                            "Actual Rows": 79634,
                                            "Actual Loops": 1
                                        },
                                        {
                                            "Worker Number": 1,
                                            "Actual Startup Time": 44.413,
                                            "Actual Total Time": 72.244,
                                            "Actual Rows": 79421,
                                            "Actual Loops": 1
                                        },
                                        {
                                            "Worker Number": 2,
                                            "Actual Startup Time": 44.747,
                                            "Actual Total Time": 72.507,
                                            "Actual Rows": 78635,
                                            "Actual Loops": 1
                                        }
                                    ]
                                }
                            ]
                        }
                    ]
                }
            ]
        },
        "Planning Time": 244.843,
        "Triggers": [],
        "Execution Time": 91.477
    }
]