[
  {
    "Plan": {
      "Node Type": "Aggregate",
      "Strategy": "Plain",
      "Partial Mode": "Finalize",
      "Parallel Aware": false,
      "Startup Cost": 472021.1,
      "Total Cost": 472021.11,
      "Plan Rows": 1,
      "Plan Width": 8,
      "Actual Startup Time": 4321.858,
      "Actual Total Time": 4391.94,
      "Actual Rows": 1,
      "Actual Loops": 1,
      "Plans": [
        {
          "Node Type": "Gather",
          "Parent Relationship": "Outer",
          "Parallel Aware": false,
          "Startup Cost": 472020.47,
          "Total Cost": 472021.08,
          "Plan Rows": 6,
          "Plan Width": 8,
          "Actual Startup Time": 4292.16,
          "Actual Total Time": 4391.929,
          "Actual Rows": 7,
          "Actual Loops": 1,
          "Workers Planned": 6,
          "Workers Launched": 6,
          "Single Copy": false,
          "Plans": [
            {
              "Node Type": "Aggregate",
              "Strategy": "Plain",
              "Partial Mode": "Partial",
              "Parent Relationship": "Outer",
              "Parallel Aware": false,
              "Startup Cost": 471020.47,
              "Total Cost": 471020.48,
              "Plan Rows": 1,
              "Plan Width": 8,
              "Actual Startup Time": 4268.254,
              "Actual Total Time": 4268.26,
              "Actual Rows": 1,
              "Actual Loops": 7,
              "Plans": [
                {
                  "Node Type": "Hash Join",
                  "Parent Relationship": "Outer",
                  "Parallel Aware": true,
                  "Join Type": "Inner",
                  "Startup Cost": 104386.42,
                  "Total Cost": 457518.22,
                  "Plan Rows": 5400902,
                  "Plan Width": 0,
                  "Actual Startup Time": 489.527,
                  "Actual Total Time": 3568.503,
                  "Actual Rows": 16166069,
                  "Actual Loops": 7,
                  "Inner Unique": false,
                  "Hash Cond": "(ci.movie_id = t.id)",
                  "Plans": [
                    {
                      "Node Type": "Seq Scan",
                      "Parent Relationship": "Outer",
                      "Parallel Aware": true,
                      "Relation Name": "cast_info",
                      "Alias": "ci",
                      "Startup Cost": 0.0,
                      "Total Cost": 313067.02,
                      "Plan Rows": 6038002,
                      "Plan Width": 4,
                      "Actual Startup Time": 0.02,
                      "Actual Total Time": 538.25,
                      "Actual Rows": 5177763,
                      "Actual Loops": 7
                    },
                    {
                      "Node Type": "Hash",
                      "Parent Relationship": "Inner",
                      "Parallel Aware": true,
                      "Startup Cost": 95267.38,
                      "Total Cost": 95267.38,
                      "Plan Rows": 729523,
                      "Plan Width": 8,
                      "Actual Startup Time": 482.703,
                      "Actual Total Time": 482.707,
                      "Actual Rows": 297210,
                      "Actual Loops": 7,
                      "Hash Buckets": 4194304,
                      "Original Hash Buckets": 4194304,
                      "Hash Batches": 1,
                      "Original Hash Batches": 1,
                      "Peak Memory Usage": 114304,
                      "Plans": [
                        {
                          "Node Type": "Hash Join",
                          "Parent Relationship": "Outer",
                          "Parallel Aware": true,
                          "Join Type": "Inner",
                          "Startup Cost": 50152.14,
                          "Total Cost": 95267.38,
                          "Plan Rows": 729523,
                          "Plan Width": 8,
                          "Actual Startup Time": 217.169,
                          "Actual Total Time": 378.377,
                          "Actual Rows": 297210,
                          "Actual Loops": 7,
                          "Inner Unique": true,
                          "Hash Cond": "(mk.movie_id = t.id)",
                          "Plans": [
                            {
                              "Node Type": "Seq Scan",
                              "Parent Relationship": "Outer",
                              "Parallel Aware": true,
                              "Relation Name": "movie_keyword",
                              "Alias": "mk",
                              "Startup Cost": 0.0,
                              "Total Cost": 42695.65,
                              "Plan Rows": 921748,
                              "Plan Width": 4,
                              "Actual Startup Time": 0.136,
                              "Actual Total Time": 81.026,
                              "Actual Rows": 405431,
                              "Actual Loops": 7,
                              "Filter": "(keyword_id > 2616)",
                              "Rows Removed by Filter": 240845
                            },
                            {
                              "Node Type": "Hash",
                              "Parent Relationship": "Inner",
                              "Parallel Aware": true,
                              "Startup Cost": 43898.92,
                              "Total Cost": 43898.92,
                              "Plan Rows": 500258,
                              "Plan Width": 4,
                              "Actual Startup Time": 215.294,
                              "Actual Total Time": 215.295,
                              "Actual Rows": 284379,
                              "Actual Loops": 7,
                              "Hash Buckets": 2097152,
                              "Original Hash Buckets": 2097152,
                              "Hash Batches": 1,
                              "Original Hash Batches": 1,
                              "Peak Memory Usage": 94336,
                              "Plans": [
                                {
                                  "Node Type": "Seq Scan",
                                  "Parent Relationship": "Outer",
                                  "Parallel Aware": true,
                                  "Relation Name": "title",
                                  "Alias": "t",
                                  "Startup Cost": 0.0,
                                  "Total Cost": 43898.92,
                                  "Plan Rows": 500258,
                                  "Plan Width": 4,
                                  "Actual Startup Time": 0.049,
                                  "Actual Total Time": 83.599,
                                  "Actual Rows": 284379,
                                  "Actual Loops": 7,
                                  "Filter": "(production_year > 1976)",
                                  "Rows Removed by Filter": 76808
                                }
                              ]
                            }
                          ]
                        }
                      ]
                    }
                  ]
                }
              ]
            }
          ]
        }
      ]
    },
    "Planning Time": 1.246,
    "Triggers": [],
    "Execution Time": 4392.034
  }
]