[
  {
    "Plan": {
      "Node Type": "Aggregate",
      "Strategy": "Plain",
      "Partial Mode": "Finalize",
      "Parallel Aware": false,
      "Startup Cost": 44377.44,
      "Total Cost": 44377.45,
      "Plan Rows": 1,
      "Plan Width": 8,
      "Actual Startup Time": 121.961,
      "Actual Total Time": 131.698,
      "Actual Rows": 1,
      "Actual Loops": 1,
      "Plans": [
        {
          "Node Type": "Gather",
          "Parent Relationship": "Outer",
          "Parallel Aware": false,
          "Startup Cost": 44377.12,
          "Total Cost": 44377.43,
          "Plan Rows": 3,
          "Plan Width": 8,
          "Actual Startup Time": 121.854,
          "Actual Total Time": 131.689,
          "Actual Rows": 4,
          "Actual Loops": 1,
          "Workers Planned": 3,
          "Workers Launched": 3,
          "Single Copy": false,
          "Plans": [
            {
              "Node Type": "Aggregate",
              "Strategy": "Plain",
              "Partial Mode": "Partial",
              "Parent Relationship": "Outer",
              "Parallel Aware": false,
              "Startup Cost": 43377.12,
              "Total Cost": 43377.13,
              "Plan Rows": 1,
              "Plan Width": 8,
              "Actual Startup Time": 116.893,
              "Actual Total Time": 116.894,
              "Actual Rows": 1,
              "Actual Loops": 4,
              "Plans": [
                {
                  "Node Type": "Seq Scan",
                  "Parent Relationship": "Outer",
                  "Parallel Aware": true,
                  "Relation Name": "movie_keyword",
                  "Alias": "mk",
                  "Startup Cost": 0.0,
                  "Total Cost": 42695.65,
                  "Plan Rows": 272588,
                  "Plan Width": 0,
                  "Actual Startup Time": 3.907,
                  "Actual Total Time": 105.75,
                  "Actual Rows": 209158,
                  "Actual Loops": 4,
                  "Filter": "(keyword_id > 21997)",
                  "Rows Removed by Filter": 921824
                }
              ]
            }
          ]
        }
      ]
    },
    "Planning Time": 0.152,
    "Triggers": [],
    "Execution Time": 131.739
  }
]