[
  {
    "Plan": {
      "Node Type": "Aggregate",
      "Strategy": "Plain",
      "Partial Mode": "Finalize",
      "Parallel Aware": false,
      "Startup Cost": 76085.55,
      "Total Cost": 76085.56,
      "Plan Rows": 1,
      "Plan Width": 8,
      "Actual Startup Time": 251.229,
      "Actual Total Time": 268.354,
      "Actual Rows": 1,
      "Actual Loops": 1,
      "Plans": [
        {
          "Node Type": "Gather",
          "Parent Relationship": "Outer",
          "Parallel Aware": false,
          "Startup Cost": 76085.24,
          "Total Cost": 76085.55,
          "Plan Rows": 3,
          "Plan Width": 8,
          "Actual Startup Time": 250.894,
          "Actual Total Time": 268.343,
          "Actual Rows": 4,
          "Actual Loops": 1,
          "Workers Planned": 3,
          "Workers Launched": 3,
          "Single Copy": false,
          "Plans": [
            {
              "Node Type": "Aggregate",
              "Strategy": "Plain",
              "Partial Mode": "Partial",
              "Parent Relationship": "Outer",
              "Parallel Aware": false,
              "Startup Cost": 75085.24,
              "Total Cost": 75085.25,
              "Plan Rows": 1,
              "Plan Width": 8,
              "Actual Startup Time": 241.261,
              "Actual Total Time": 241.264,
              "Actual Rows": 1,
              "Actual Loops": 4,
              "Plans": [
                {
                  "Node Type": "Hash Join",
                  "Parent Relationship": "Outer",
                  "Parallel Aware": true,
                  "Join Type": "Inner",
                  "Startup Cost": 45629.34,
                  "Total Cost": 75045.23,
                  "Plan Rows": 16004,
                  "Plan Width": 0,
                  "Actual Startup Time": 115.256,
                  "Actual Total Time": 240.456,
                  "Actual Rows": 15642,
                  "Actual Loops": 4,
                  "Inner Unique": true,
                  "Hash Cond": "(mc.movie_id = t.id)",
                  "Plans": [
                    {
                      "Node Type": "Seq Scan",
                      "Parent Relationship": "Outer",
                      "Parallel Aware": true,
                      "Relation Name": "movie_companies",
                      "Alias": "mc",
                      "Startup Cost": 0.0,
                      "Total Cost": 27206.55,
                      "Plan Rows": 841655,
                      "Plan Width": 4,
                      "Actual Startup Time": 0.018,
                      "Actual Total Time": 59.679,
                      "Actual Rows": 652282,
                      "Actual Loops": 4
                    },
                    {
                      "Node Type": "Hash",
                      "Parent Relationship": "Inner",
                      "Parallel Aware": true,
                      "Startup Cost": 45479.1,
                      "Total Cost": 45479.1,
                      "Plan Rows": 12019,
                      "Plan Width": 4,
                      "Actual Startup Time": 113.808,
                      "Actual Total Time": 113.809,
                      "Actual Rows": 10691,
                      "Actual Loops": 4,
                      "Hash Buckets": 65536,
                      "Original Hash Buckets": 65536,
                      "Hash Batches": 1,
                      "Original Hash Batches": 1,
                      "Peak Memory Usage": 2240,
                      "Plans": [
                        {
                          "Node Type": "Seq Scan",
                          "Parent Relationship": "Outer",
                          "Parallel Aware": true,
                          "Relation Name": "title",
                          "Alias": "t",
                          "Startup Cost": 0.0,
                          "Total Cost": 45479.1,
                          "Plan Rows": 12019,
                          "Plan Width": 4,
                          "Actual Startup Time": 0.277,
                          "Actual Total Time": 109.384,
                          "Actual Rows": 10691,
                          "Actual Loops": 4,
                          "Filter": "((kind_id < 3) AND (production_year = 2011))",
                          "Rows Removed by Filter": 621387
                        }
                      ]
                    }
                  ]
                }
              ]
            }
          ]
        }
      ]
    },
    "Planning Time": 0.58,
    "Triggers": [],
    "Execution Time": 268.424
  }
]