[
  {
    "Plan": {
      "Node Type": "Aggregate",
      "Strategy": "Plain",
      "Partial Mode": "Finalize",
      "Parallel Aware": false,
      "Startup Cost": 391015.27,
      "Total Cost": 391015.28,
      "Plan Rows": 1,
      "Plan Width": 8,
      "Actual Startup Time": 1391.448,
      "Actual Total Time": 1422.022,
      "Actual Rows": 1,
      "Actual Loops": 1,
      "Plans": [
        {
          "Node Type": "Gather",
          "Parent Relationship": "Outer",
          "Parallel Aware": false,
          "Startup Cost": 391014.64,
          "Total Cost": 391015.25,
          "Plan Rows": 6,
          "Plan Width": 8,
          "Actual Startup Time": 1386.243,
          "Actual Total Time": 1422.003,
          "Actual Rows": 7,
          "Actual Loops": 1,
          "Workers Planned": 6,
          "Workers Launched": 6,
          "Single Copy": false,
          "Plans": [
            {
              "Node Type": "Aggregate",
              "Strategy": "Plain",
              "Partial Mode": "Partial",
              "Parent Relationship": "Outer",
              "Parallel Aware": false,
              "Startup Cost": 390014.64,
              "Total Cost": 390014.65,
              "Plan Rows": 1,
              "Plan Width": 8,
              "Actual Startup Time": 1379.076,
              "Actual Total Time": 1379.079,
              "Actual Rows": 1,
              "Actual Loops": 7,
              "Plans": [
                {
                  "Node Type": "Hash Join",
                  "Parent Relationship": "Outer",
                  "Parallel Aware": true,
                  "Join Type": "Inner",
                  "Startup Cost": 45550.96,
                  "Total Cost": 387316.18,
                  "Plan Rows": 1079383,
                  "Plan Width": 0,
                  "Actual Startup Time": 135.789,
                  "Actual Total Time": 1343.999,
                  "Actual Rows": 713870,
                  "Actual Loops": 7,
                  "Inner Unique": true,
                  "Hash Cond": "(ci.movie_id = t.id)",
                  "Plans": [
                    {
                      "Node Type": "Seq Scan",
                      "Parent Relationship": "Outer",
                      "Parallel Aware": true,
                      "Relation Name": "cast_info",
                      "Alias": "ci",
                      "Startup Cost": 0.0,
                      "Total Cost": 328213.62,
                      "Plan Rows": 5162510,
                      "Plan Width": 4,
                      "Actual Startup Time": 45.341,
                      "Actual Total Time": 556.749,
                      "Actual Rows": 4405627,
                      "Actual Loops": 7,
                      "Filter": "(person_id > 521514)",
                      "Rows Removed by Filter": 772136
                    },
                    {
                      "Node Type": "Hash",
                      "Parent Relationship": "Inner",
                      "Parallel Aware": true,
                      "Startup Cost": 43899.01,
                      "Total Cost": 43899.01,
                      "Plan Rows": 132156,
                      "Plan Width": 4,
                      "Actual Startup Time": 88.593,
                      "Actual Total Time": 88.594,
                      "Actual Rows": 74819,
                      "Actual Loops": 7,
                      "Hash Buckets": 1048576,
                      "Original Hash Buckets": 1048576,
                      "Hash Batches": 1,
                      "Original Hash Batches": 1,
                      "Peak Memory Usage": 28800,
                      "Plans": [
                        {
                          "Node Type": "Seq Scan",
                          "Parent Relationship": "Outer",
                          "Parallel Aware": true,
                          "Relation Name": "title",
                          "Alias": "t",
                          "Startup Cost": 0.0,
                          "Total Cost": 43899.01,
                          "Plan Rows": 132156,
                          "Plan Width": 4,
                          "Actual Startup Time": 0.031,
                          "Actual Total Time": 59.466,
                          "Actual Rows": 74819,
                          "Actual Loops": 7,
                          "Filter": "(production_year < 1981)",
                          "Rows Removed by Filter": 286368
                        }
                      ]
                    }
                  ]
                }
              ]
            }
          ]
        }
      ]
    },
    "Planning Time": 0.225,
    "Triggers": [],
    "Execution Time": 1422.06
  }
]