[
  {
    "Plan": {
      "Node Type": "Aggregate",
      "Strategy": "Plain",
      "Partial Mode": "Finalize",
      "Parallel Aware": false,
      "Startup Cost": 345754.94,
      "Total Cost": 345754.95,
      "Plan Rows": 1,
      "Plan Width": 8,
      "Actual Startup Time": 619.052,
      "Actual Total Time": 659.651,
      "Actual Rows": 1,
      "Actual Loops": 1,
      "Plans": [
        {
          "Node Type": "Gather",
          "Parent Relationship": "Outer",
          "Parallel Aware": false,
          "Startup Cost": 345754.32,
          "Total Cost": 345754.92,
          "Plan Rows": 6,
          "Plan Width": 8,
          "Actual Startup Time": 615.804,
          "Actual Total Time": 659.627,
          "Actual Rows": 7,
          "Actual Loops": 1,
          "Workers Planned": 6,
          "Workers Launched": 6,
          "Single Copy": false,
          "Plans": [
            {
              "Node Type": "Aggregate",
              "Strategy": "Plain",
              "Partial Mode": "Partial",
              "Parent Relationship": "Outer",
              "Parallel Aware": false,
              "Startup Cost": 344754.32,
              "Total Cost": 344754.33,
              "Plan Rows": 1,
              "Plan Width": 8,
              "Actual Startup Time": 606.611,
              "Actual Total Time": 606.612,
              "Actual Rows": 1,
              "Actual Loops": 7,
              "Plans": [
                {
                  "Node Type": "Seq Scan",
                  "Parent Relationship": "Outer",
                  "Parallel Aware": true,
                  "Relation Name": "cast_info",
                  "Alias": "ci",
                  "Startup Cost": 0.0,
                  "Total Cost": 343316.27,
                  "Plan Rows": 575218,
                  "Plan Width": 0,
                  "Actual Startup Time": 329.612,
                  "Actual Total Time": 592.044,
                  "Actual Rows": 314085,
                  "Actual Loops": 7,
                  "Filter": "((person_id < 772996) AND (role_id > 2))",
                  "Rows Removed by Filter": 4863678
                }
              ]
            }
          ]
        }
      ]
    },
    "Planning Time": 0.229,
    "Triggers": [],
    "Execution Time": 659.725
  }
]