[
  {
    "Plan": {
      "Node Type": "Aggregate",
      "Strategy": "Plain",
      "Partial Mode": "Finalize",
      "Parallel Aware": false,
      "Startup Cost": 125444.8,
      "Total Cost": 125444.81,
      "Plan Rows": 1,
      "Plan Width": 8,
      "Actual Startup Time": 683.376,
      "Actual Total Time": 703.774,
      "Actual Rows": 1,
      "Actual Loops": 1,
      "Plans": [
        {
          "Node Type": "Gather",
          "Parent Relationship": "Outer",
          "Parallel Aware": false,
          "Startup Cost": 125444.48,
          "Total Cost": 125444.79,
          "Plan Rows": 3,
          "Plan Width": 8,
          "Actual Startup Time": 677.834,
          "Actual Total Time": 703.763,
          "Actual Rows": 4,
          "Actual Loops": 1,
          "Workers Planned": 3,
          "Workers Launched": 3,
          "Single Copy": false,
          "Plans": [
            {
              "Node Type": "Aggregate",
              "Strategy": "Plain",
              "Partial Mode": "Partial",
              "Parent Relationship": "Outer",
              "Parallel Aware": false,
              "Startup Cost": 124444.48,
              "Total Cost": 124444.49,
              "Plan Rows": 1,
              "Plan Width": 8,
              "Actual Startup Time": 670.25,
              "Actual Total Time": 670.576,
              "Actual Rows": 1,
              "Actual Loops": 4,
              "Plans": [
                {
                  "Node Type": "Hash Join",
                  "Parent Relationship": "Outer",
                  "Parallel Aware": true,
                  "Join Type": "Inner",
                  "Startup Cost": 78599.15,
                  "Total Cost": 123865.74,
                  "Plan Rows": 231497,
                  "Plan Width": 0,
                  "Actual Startup Time": 390.064,
                  "Actual Total Time": 638.43,
                  "Actual Rows": 703648,
                  "Actual Loops": 4,
                  "Inner Unique": false,
                  "Hash Cond": "(mk.movie_id = t.id)",
                  "Plans": [
                    {
                      "Node Type": "Seq Scan",
                      "Parent Relationship": "Outer",
                      "Parallel Aware": true,
                      "Relation Name": "movie_keyword",
                      "Alias": "mk",
                      "Startup Cost": 0.0,
                      "Total Cost": 39047.32,
                      "Plan Rows": 1459332,
                      "Plan Width": 4,
                      "Actual Startup Time": 0.035,
                      "Actual Total Time": 91.812,
                      "Actual Rows": 1130982,
                      "Actual Loops": 4
                    },
                    {
                      "Node Type": "Hash",
                      "Parent Relationship": "Inner",
                      "Parallel Aware": true,
                      "Startup Cost": 76981.85,
                      "Total Cost": 76981.85,
                      "Plan Rows": 129384,
                      "Plan Width": 8,
                      "Actual Startup Time": 387.244,
                      "Actual Total Time": 387.566,
                      "Actual Rows": 85678,
                      "Actual Loops": 4,
                      "Hash Buckets": 524288,
                      "Original Hash Buckets": 524288,
                      "Hash Batches": 1,
                      "Original Hash Batches": 1,
                      "Peak Memory Usage": 17568,
                      "Plans": [
                        {
                          "Node Type": "Hash Join",
                          "Parent Relationship": "Outer",
                          "Parallel Aware": true,
                          "Join Type": "Inner",
                          "Startup Cost": 46719.68,
                          "Total Cost": 76981.85,
                          "Plan Rows": 129384,
                          "Plan Width": 8,
                          "Actual Startup Time": 213.956,
                          "Actual Total Time": 360.46,
                          "Actual Rows": 85678,
                          "Actual Loops": 4,
                          "Inner Unique": true,
                          "Hash Cond": "(mc.movie_id = t.id)",
                          "Plans": [
                            {
                              "Node Type": "Seq Scan",
                              "Parent Relationship": "Outer",
                              "Parallel Aware": true,
                              "Relation Name": "movie_companies",
                              "Alias": "mc",
                              "Startup Cost": 0.0,
                              "Total Cost": 29310.68,
                              "Plan Rows": 362472,
                              "Plan Width": 4,
                              "Actual Startup Time": 10.353,
                              "Actual Total Time": 72.491,
                              "Actual Rows": 279400,
                              "Actual Loops": 4,
                              "Filter": "(company_id > 13791)",
                              "Rows Removed by Filter": 372882
                            },
                            {
                              "Node Type": "Hash",
                              "Parent Relationship": "Inner",
                              "Parallel Aware": true,
                              "Startup Cost": 43899.32,
                              "Total Cost": 43899.32,
                              "Plan Rows": 225629,
                              "Plan Width": 4,
                              "Actual Startup Time": 200.909,
                              "Actual Total Time": 200.91,
                              "Actual Rows": 226123,
                              "Actual Loops": 4,
                              "Hash Buckets": 1048576,
                              "Original Hash Buckets": 1048576,
                              "Hash Batches": 1,
                              "Original Hash Batches": 1,
                              "Peak Memory Usage": 43648,
                              "Plans": [
                                {
                                  "Node Type": "Seq Scan",
                                  "Parent Relationship": "Outer",
                                  "Parallel Aware": true,
                                  "Relation Name": "title",
                                  "Alias": "t",
                                  "Startup Cost": 0.0,
                                  "Total Cost": 43899.32,
                                  "Plan Rows": 225629,
                                  "Plan Width": 4,
                                  "Actual Startup Time": 0.058,
                                  "Actual Total Time": 110.551,
                                  "Actual Rows": 226123,
                                  "Actual Loops": 4,
                                  "Filter": "(production_year > 2006)",
                                  "Rows Removed by Filter": 405955
                                }
                              ]
                            }
                          ]
                        }
                      ]
                    }
                  ]
                }
              ]
            }
          ]
        }
      ]
    },
    "Planning Time": 0.949,
    "Triggers": [],
    "Execution Time": 703.842
  }
]