[
  {
    "Plan": {
      "Node Type": "Aggregate",
      "Strategy": "Plain",
      "Partial Mode": "Finalize",
      "Parallel Aware": false,
      "Startup Cost": 81231.37,
      "Total Cost": 81231.38,
      "Plan Rows": 1,
      "Plan Width": 8,
      "Actual Startup Time": 310.645,
      "Actual Total Time": 326.081,
      "Actual Rows": 1,
      "Actual Loops": 1,
      "Plans": [
        {
          "Node Type": "Gather",
          "Parent Relationship": "Outer",
          "Parallel Aware": false,
          "Startup Cost": 81230.95,
          "Total Cost": 81231.36,
          "Plan Rows": 4,
          "Plan Width": 8,
          "Actual Startup Time": 307.317,
          "Actual Total Time": 326.071,
          "Actual Rows": 5,
          "Actual Loops": 1,
          "Workers Planned": 4,
          "Workers Launched": 4,
          "Single Copy": false,
          "Plans": [
            {
              "Node Type": "Aggregate",
              "Strategy": "Plain",
              "Partial Mode": "Partial",
              "Parent Relationship": "Outer",
              "Parallel Aware": false,
              "Startup Cost": 80230.95,
              "Total Cost": 80230.96,
              "Plan Rows": 1,
              "Plan Width": 8,
              "Actual Startup Time": 297.455,
              "Actual Total Time": 297.458,
              "Actual Rows": 1,
              "Actual Loops": 5,
              "Plans": [
                {
                  "Node Type": "Hash Join",
                  "Parent Relationship": "Outer",
                  "Parallel Aware": true,
                  "Join Type": "Inner",
                  "Startup Cost": 33879.17,
                  "Total Cost": 79998.76,
                  "Plan Rows": 92876,
                  "Plan Width": 0,
                  "Actual Startup Time": 139.353,
                  "Actual Total Time": 295.643,
                  "Actual Rows": 39701,
                  "Actual Loops": 5,
                  "Inner Unique": false,
                  "Hash Cond": "(t.id = mc.movie_id)",
                  "Plans": [
                    {
                      "Node Type": "Seq Scan",
                      "Parent Relationship": "Outer",
                      "Parallel Aware": true,
                      "Relation Name": "title",
                      "Alias": "t",
                      "Startup Cost": 0.0,
                      "Total Cost": 43898.92,
                      "Plan Rows": 384216,
                      "Plan Width": 4,
                      "Actual Startup Time": 0.014,
                      "Actual Total Time": 73.222,
                      "Actual Rows": 308653,
                      "Actual Loops": 5,
                      "Filter": "(kind_id = 7)",
                      "Rows Removed by Filter": 197010
                    },
                    {
                      "Node Type": "Hash",
                      "Parent Relationship": "Inner",
                      "Parallel Aware": true,
                      "Startup Cost": 31414.82,
                      "Total Cost": 31414.82,
                      "Plan Rows": 197148,
                      "Plan Width": 4,
                      "Actual Startup Time": 134.964,
                      "Actual Total Time": 134.965,
                      "Actual Rows": 176793,
                      "Actual Loops": 5,
                      "Hash Buckets": 1048576,
                      "Original Hash Buckets": 1048576,
                      "Hash Batches": 1,
                      "Original Hash Batches": 1,
                      "Peak Memory Usage": 42848,
                      "Plans": [
                        {
                          "Node Type": "Seq Scan",
                          "Parent Relationship": "Outer",
                          "Parallel Aware": true,
                          "Relation Name": "movie_companies",
                          "Alias": "mc",
                          "Startup Cost": 0.0,
                          "Total Cost": 31414.82,
                          "Plan Rows": 197148,
                          "Plan Width": 4,
                          "Actual Startup Time": 45.306,
                          "Actual Total Time": 77.562,
                          "Actual Rows": 176793,
                          "Actual Loops": 5,
                          "Filter": "((company_id > 12234) AND (company_type_id > 1))",
                          "Rows Removed by Filter": 345033
                        }
                      ]
                    }
                  ]
                }
              ]
            }
          ]
        }
      ]
    },
    "Planning Time": 0.684,
    "Triggers": [],
    "Execution Time": 326.152
  }
]