[
  {
    "Plan": {
      "Node Type": "Aggregate",
      "Strategy": "Plain",
      "Partial Mode": "Finalize",
      "Parallel Aware": false,
      "Startup Cost": 219176.32,
      "Total Cost": 219176.33,
      "Plan Rows": 1,
      "Plan Width": 8,
      "Actual Startup Time": 158.434,
      "Actual Total Time": 170.594,
      "Actual Rows": 1,
      "Actual Loops": 1,
      "Plans": [
        {
          "Node Type": "Gather",
          "Parent Relationship": "Outer",
          "Parallel Aware": false,
          "Startup Cost": 219175.79,
          "Total Cost": 219176.3,
          "Plan Rows": 5,
          "Plan Width": 8,
          "Actual Startup Time": 156.42,
          "Actual Total Time": 170.585,
          "Actual Rows": 6,
          "Actual Loops": 1,
          "Workers Planned": 5,
          "Workers Launched": 5,
          "Single Copy": false,
          "Plans": [
            {
              "Node Type": "Aggregate",
              "Strategy": "Plain",
              "Partial Mode": "Partial",
              "Parent Relationship": "Outer",
              "Parallel Aware": false,
              "Startup Cost": 218175.79,
              "Total Cost": 218175.8,
              "Plan Rows": 1,
              "Plan Width": 8,
              "Actual Startup Time": 147.875,
              "Actual Total Time": 147.879,
              "Actual Rows": 1,
              "Actual Loops": 6,
              "Plans": [
                {
                  "Node Type": "Hash Join",
                  "Parent Relationship": "Outer",
                  "Parallel Aware": true,
                  "Join Type": "Inner",
                  "Startup Cost": 51993.79,
                  "Total Cost": 218154.0,
                  "Plan Rows": 8717,
                  "Plan Width": 0,
                  "Actual Startup Time": 146.438,
                  "Actual Total Time": 147.871,
                  "Actual Rows": 15,
                  "Actual Loops": 6,
                  "Inner Unique": true,
                  "Hash Cond": "(mi.movie_id = t.id)",
                  "Plans": [
                    {
                      "Node Type": "Bitmap Heap Scan",
                      "Parent Relationship": "Outer",
                      "Parallel Aware": true,
                      "Relation Name": "movie_info",
                      "Alias": "mi",
                      "Startup Cost": 5351.18,
                      "Total Cost": 171355.94,
                      "Plan Rows": 59219,
                      "Plan Width": 4,
                      "Actual Startup Time": 13.741,
                      "Actual Total Time": 27.064,
                      "Actual Rows": 51131,
                      "Actual Loops": 6,
                      "Recheck Cond": "(info_type_id > 105)",
                      "Rows Removed by Index Recheck": 0,
                      "Exact Heap Blocks": 974,
                      "Lossy Heap Blocks": 0,
                      "Plans": [
                        {
                          "Node Type": "Bitmap Index Scan",
                          "Parent Relationship": "Outer",
                          "Parallel Aware": false,
                          "Index Name": "info_type_id_movie_info",
                          "Startup Cost": 0.0,
                          "Total Cost": 5277.15,
                          "Plan Rows": 296096,
                          "Plan Width": 0,
                          "Actual Startup Time": 13.063,
                          "Actual Total Time": 13.063,
                          "Actual Rows": 306788,
                          "Actual Loops": 1,
                          "Index Cond": "(info_type_id > 105)"
                        }
                      ]
                    },
                    {
                      "Node Type": "Hash",
                      "Parent Relationship": "Inner",
                      "Parallel Aware": true,
                      "Startup Cost": 45479.59,
                      "Total Cost": 45479.59,
                      "Plan Rows": 93042,
                      "Plan Width": 4,
                      "Actual Startup Time": 111.884,
                      "Actual Total Time": 111.885,
                      "Actual Rows": 63927,
                      "Actual Loops": 6,
                      "Hash Buckets": 524288,
                      "Original Hash Buckets": 524288,
                      "Hash Batches": 1,
                      "Original Hash Batches": 1,
                      "Peak Memory Usage": 19200,
                      "Plans": [
                        {
                          "Node Type": "Seq Scan",
                          "Parent Relationship": "Outer",
                          "Parallel Aware": true,
                          "Relation Name": "title",
                          "Alias": "t",
                          "Startup Cost": 0.0,
                          "Total Cost": 45479.59,
                          "Plan Rows": 93042,
                          "Plan Width": 4,
                          "Actual Startup Time": 0.04,
                          "Actual Total Time": 84.257,
                          "Actual Rows": 63927,
                          "Actual Loops": 6,
                          "Filter": "((kind_id > 2) AND (production_year > 2009))",
                          "Rows Removed by Filter": 357458
                        }
                      ]
                    }
                  ]
                }
              ]
            }
          ]
        }
      ]
    },
    "Planning Time": 0.314,
    "Triggers": [],
    "Execution Time": 170.645
  }
]