[
    {
        "Bao": {
            "Bao prediction": "NaN",
            "Bao recommended hint": "(no hint)"
        }
    },
    {
        "Plan": {
            "Node Type": "Aggregate",
            "Strategy": "Plain",
            "Partial Mode": "Finalize",
            "Parallel Aware": false,
            "Startup Cost": 348403.5,
            "Total Cost": 348403.51,
            "Plan Rows": 1,
            "Plan Width": 8,
            "Actual Startup Time": 669.948,
            "Actual Total Time": 695.072,
            "Actual Rows": 1,
            "Actual Loops": 1,
            "Output": [
                "count(*)"
            ],
            "Plans": [
                {
                    "Node Type": "Gather",
                    "Parent Relationship": "Outer",
                    "Parallel Aware": false,
                    "Startup Cost": 348402.88,
                    "Total Cost": 348403.48,
                    "Plan Rows": 6,
                    "Plan Width": 8,
                    "Actual Startup Time": 669.86,
                    "Actual Total Time": 695.064,
                    "Actual Rows": 7,
                    "Actual Loops": 1,
                    "Output": [
                        "(PARTIAL count(*))"
                    ],
                    "Workers Planned": 6,
                    "Workers Launched": 6,
                    "Single Copy": false,
                    "Plans": [
                        {
                            "Node Type": "Aggregate",
                            "Strategy": "Plain",
                            "Partial Mode": "Partial",
                            "Parent Relationship": "Outer",
                            "Parallel Aware": false,
                            "Startup Cost": 347402.88,
                            "Total Cost": 347402.89,
                            "Plan Rows": 1,
                            "Plan Width": 8,
                            "Actual Startup Time": 659.902,
                            "Actual Total Time": 659.903,
                            "Actual Rows": 1,
                            "Actual Loops": 7,
                            "Output": [
                                "PARTIAL count(*)"
                            ],
                            "Workers": [
                                {
                                    "Worker Number": 0,
                                    "Actual Startup Time": 657.056,
                                    "Actual Total Time": 657.057,
                                    "Actual Rows": 1,
                                    "Actual Loops": 1
                                },
                                {
                                    "Worker Number": 1,
                                    "Actual Startup Time": 657.668,
                                    "Actual Total Time": 657.669,
                                    "Actual Rows": 1,
                                    "Actual Loops": 1
                                },
                                {
                                    "Worker Number": 2,
                                    "Actual Startup Time": 657.755,
                                    "Actual Total Time": 657.757,
                                    "Actual Rows": 1,
                                    "Actual Loops": 1
                                },
                                {
                                    "Worker Number": 3,
                                    "Actual Startup Time": 658.679,
                                    "Actual Total Time": 658.679,
                                    "Actual Rows": 1,
                                    "Actual Loops": 1
                                },
                                {
                                    "Worker Number": 4,
                                    "Actual Startup Time": 659.035,
                                    "Actual Total Time": 659.036,
                                    "Actual Rows": 1,
                                    "Actual Loops": 1
                                },
                                {
                                    "Worker Number": 5,
                                    "Actual Startup Time": 659.58,
                                    "Actual Total Time": 659.581,
                                    "Actual Rows": 1,
                                    "Actual Loops": 1
                                }
                            ],
                            "Plans": [
                                {
                                    "Node Type": "Seq Scan",
                                    "Parent Relationship": "Outer",
                                    "Parallel Aware": true,
                                    "Relation Name": "cast_info",
                                    "Schema": "public",
                                    "Alias": "ci",
                                    "Startup Cost": 0.0,
                                    "Total Cost": 343318.94,
                                    "Plan Rows": 1633574,
                                    "Plan Width": 0,
                                    "Actual Startup Time": 304.29,
                                    "Actual Total Time": 583.921,
                                    "Actual Rows": 1747706,
                                    "Actual Loops": 7,
                                    "Output": [
                                        "id",
                                        "person_id",
                                        "movie_id",
                                        "person_role_id",
                                        "note",
                                        "nr_order",
                                        "role_id"
                                    ],
                                    "Filter": "((ci.person_id > 1382817) AND (ci.role_id > 2))",
                                    "Rows Removed by Filter": 3430057,
                                    "Workers": [
                                        {
                                            "Worker Number": 0,
                                            "Actual Startup Time": 301.456,
                                            "Actual Total Time": 582.84,
                                            "Actual Rows": 1116996,
                                            "Actual Loops": 1
                                        },
                                        {
                                            "Worker Number": 1,
                                            "Actual Startup Time": 302.059,
                                            "Actual Total Time": 582.484,
                                            "Actual Rows": 1783999,
                                            "Actual Loops": 1
                                        },
                                        {
                                            "Worker Number": 2,
                                            "Actual Startup Time": 302.148,
                                            "Actual Total Time": 582.306,
                                            "Actual Rows": 1790105,
                                            "Actual Loops": 1
                                        },
                                        {
                                            "Worker Number": 3,
                                            "Actual Startup Time": 303.065,
                                            "Actual Total Time": 583.547,
                                            "Actual Rows": 1785299,
                                            "Actual Loops": 1
                                        },
                                        {
                                            "Worker Number": 4,
                                            "Actual Startup Time": 303.409,
                                            "Actual Total Time": 583.781,
                                            "Actual Rows": 1789637,
                                            "Actual Loops": 1
                                        },
                                        {
                                            "Worker Number": 5,
                                            "Actual Startup Time": 303.968,
                                            "Actual Total Time": 584.106,
                                            "Actual Rows": 1792224,
                                            "Actual Loops": 1
                                        }
                                    ]
                                }
                            ]
                        }
                    ]
                }
            ]
        },
        "Planning Time": 189.306,
        "Triggers": [],
        "Execution Time": 695.112
    }
]