[
  {
    "Plan": {
      "Node Type": "Aggregate",
      "Strategy": "Plain",
      "Partial Mode": "Finalize",
      "Parallel Aware": false,
      "Startup Cost": 741364.02,
      "Total Cost": 741364.03,
      "Plan Rows": 1,
      "Plan Width": 8,
      "Actual Startup Time": 12345.802,
      "Actual Total Time": 12459.073,
      "Actual Rows": 1,
      "Actual Loops": 1,
      "Plans": [
        {
          "Node Type": "Gather",
          "Parent Relationship": "Outer",
          "Parallel Aware": false,
          "Startup Cost": 741363.4,
          "Total Cost": 741364.01,
          "Plan Rows": 6,
          "Plan Width": 8,
          "Actual Startup Time": 12230.709,
          "Actual Total Time": 12459.059,
          "Actual Rows": 7,
          "Actual Loops": 1,
          "Workers Planned": 6,
          "Workers Launched": 6,
          "Single Copy": false,
          "Plans": [
            {
              "Node Type": "Aggregate",
              "Strategy": "Plain",
              "Partial Mode": "Partial",
              "Parent Relationship": "Outer",
              "Parallel Aware": false,
              "Startup Cost": 740363.4,
              "Total Cost": 740363.41,
              "Plan Rows": 1,
              "Plan Width": 8,
              "Actual Startup Time": 12166.944,
              "Actual Total Time": 12166.951,
              "Actual Rows": 1,
              "Actual Loops": 7,
              "Plans": [
                {
                  "Node Type": "Hash Join",
                  "Parent Relationship": "Outer",
                  "Parallel Aware": true,
                  "Join Type": "Inner",
                  "Startup Cost": 286639.98,
                  "Total Cost": 684352.6,
                  "Plan Rows": 22404317,
                  "Plan Width": 0,
                  "Actual Startup Time": 2311.28,
                  "Actual Total Time": 10459.695,
                  "Actual Rows": 42820785,
                  "Actual Loops": 7,
                  "Inner Unique": false,
                  "Hash Cond": "(ci.movie_id = t.id)",
                  "Plans": [
                    {
                      "Node Type": "Seq Scan",
                      "Parent Relationship": "Outer",
                      "Parallel Aware": true,
                      "Relation Name": "cast_info",
                      "Alias": "ci",
                      "Startup Cost": 0.0,
                      "Total Cost": 328162.03,
                      "Plan Rows": 3958715,
                      "Plan Width": 4,
                      "Actual Startup Time": 184.808,
                      "Actual Total Time": 664.057,
                      "Actual Rows": 3367665,
                      "Actual Loops": 7,
                      "Filter": "(role_id > 1)",
                      "Rows Removed by Filter": 1810098
                    },
                    {
                      "Node Type": "Hash",
                      "Parent Relationship": "Inner",
                      "Parallel Aware": true,
                      "Startup Cost": 250867.84,
                      "Total Cost": 250867.84,
                      "Plan Rows": 2861771,
                      "Plan Width": 8,
                      "Actual Startup Time": 2109.536,
                      "Actual Total Time": 2109.541,
                      "Actual Rows": 2097631,
                      "Actual Loops": 7,
                      "Hash Buckets": 16777216,
                      "Original Hash Buckets": 16777216,
                      "Hash Batches": 1,
                      "Original Hash Batches": 1,
                      "Peak Memory Usage": 705632,
                      "Plans": [
                        {
                          "Node Type": "Hash Join",
                          "Parent Relationship": "Outer",
                          "Parallel Aware": true,
                          "Join Type": "Inner",
                          "Startup Cost": 51546.08,
                          "Total Cost": 250867.84,
                          "Plan Rows": 2861771,
                          "Plan Width": 8,
                          "Actual Startup Time": 238.038,
                          "Actual Total Time": 1290.251,
                          "Actual Rows": 2097631,
                          "Actual Loops": 7,
                          "Inner Unique": true,
                          "Hash Cond": "(mi.movie_id = t.id)",
                          "Plans": [
                            {
                              "Node Type": "Seq Scan",
                              "Parent Relationship": "Outer",
                              "Parallel Aware": true,
                              "Relation Name": "movie_info",
                              "Alias": "mi",
                              "Startup Cost": 0.0,
                              "Total Cost": 191560.33,
                              "Plan Rows": 2956733,
                              "Plan Width": 4,
                              "Actual Startup Time": 0.023,
                              "Actual Total Time": 270.881,
                              "Actual Rows": 2119389,
                              "Actual Loops": 7
                            },
                            {
                              "Node Type": "Hash",
                              "Parent Relationship": "Inner",
                              "Parallel Aware": true,
                              "Startup Cost": 43898.92,
                              "Total Cost": 43898.92,
                              "Plan Rows": 611773,
                              "Plan Width": 4,
                              "Actual Startup Time": 234.686,
                              "Actual Total Time": 234.687,
                              "Actual Rows": 349283,
                              "Actual Loops": 7,
                              "Hash Buckets": 4194304,
                              "Original Hash Buckets": 4194304,
                              "Hash Batches": 1,
                              "Original Hash Batches": 1,
                              "Peak Memory Usage": 128512,
                              "Plans": [
                                {
                                  "Node Type": "Seq Scan",
                                  "Parent Relationship": "Outer",
                                  "Parallel Aware": true,
                                  "Relation Name": "title",
                                  "Alias": "t",
                                  "Startup Cost": 0.0,
                                  "Total Cost": 43898.92,
                                  "Plan Rows": 611773,
                                  "Plan Width": 4,
                                  "Actual Startup Time": 0.043,
                                  "Actual Total Time": 76.281,
                                  "Actual Rows": 349283,
                                  "Actual Loops": 7,
                                  "Filter": "(production_year > 1902)",
                                  "Rows Removed by Filter": 11904
                                }
                              ]
                            }
                          ]
                        }
                      ]
                    }
                  ]
                }
              ]
            }
          ]
        }
      ]
    },
    "Planning Time": 1.295,
    "Triggers": [],
    "Execution Time": 12459.165
  }
]