[
  {
    "Plan": {
      "Node Type": "Aggregate",
      "Strategy": "Plain",
      "Partial Mode": "Finalize",
      "Parallel Aware": false,
      "Startup Cost": 45491.83,
      "Total Cost": 45491.84,
      "Plan Rows": 1,
      "Plan Width": 8,
      "Actual Startup Time": 158.777,
      "Actual Total Time": 167.748,
      "Actual Rows": 1,
      "Actual Loops": 1,
      "Plans": [
        {
          "Node Type": "Gather",
          "Parent Relationship": "Outer",
          "Parallel Aware": false,
          "Startup Cost": 45491.51,
          "Total Cost": 45491.82,
          "Plan Rows": 3,
          "Plan Width": 8,
          "Actual Startup Time": 158.641,
          "Actual Total Time": 167.739,
          "Actual Rows": 4,
          "Actual Loops": 1,
          "Workers Planned": 3,
          "Workers Launched": 3,
          "Single Copy": false,
          "Plans": [
            {
              "Node Type": "Aggregate",
              "Strategy": "Plain",
              "Partial Mode": "Partial",
              "Parent Relationship": "Outer",
              "Parallel Aware": false,
              "Startup Cost": 44491.51,
              "Total Cost": 44491.52,
              "Plan Rows": 1,
              "Plan Width": 8,
              "Actual Startup Time": 150.841,
              "Actual Total Time": 150.842,
              "Actual Rows": 1,
              "Actual Loops": 4,
              "Plans": [
                {
                  "Node Type": "Seq Scan",
                  "Parent Relationship": "Outer",
                  "Parallel Aware": true,
                  "Relation Name": "movie_keyword",
                  "Alias": "mk",
                  "Startup Cost": 0.0,
                  "Total Cost": 42695.65,
                  "Plan Rows": 718342,
                  "Plan Width": 0,
                  "Actual Startup Time": 0.056,
                  "Actual Total Time": 123.205,
                  "Actual Rows": 557669,
                  "Actual Loops": 4,
                  "Filter": "(keyword_id < 4590)",
                  "Rows Removed by Filter": 573313
                }
              ]
            }
          ]
        }
      ]
    },
    "Planning Time": 0.154,
    "Triggers": [],
    "Execution Time": 167.796
  }
]