[
  {
    "Plan": {
      "Node Type": "Aggregate",
      "Strategy": "Plain",
      "Partial Mode": "Finalize",
      "Parallel Aware": false,
      "Startup Cost": 32962.48,
      "Total Cost": 32962.49,
      "Plan Rows": 1,
      "Plan Width": 8,
      "Actual Startup Time": 106.547,
      "Actual Total Time": 114.946,
      "Actual Rows": 1,
      "Actual Loops": 1,
      "Plans": [
        {
          "Node Type": "Gather",
          "Parent Relationship": "Outer",
          "Parallel Aware": false,
          "Startup Cost": 32962.16,
          "Total Cost": 32962.47,
          "Plan Rows": 3,
          "Plan Width": 8,
          "Actual Startup Time": 106.445,
          "Actual Total Time": 114.936,
          "Actual Rows": 4,
          "Actual Loops": 1,
          "Workers Planned": 3,
          "Workers Launched": 3,
          "Single Copy": false,
          "Plans": [
            {
              "Node Type": "Aggregate",
              "Strategy": "Plain",
              "Partial Mode": "Partial",
              "Parent Relationship": "Outer",
              "Parallel Aware": false,
              "Startup Cost": 31962.16,
              "Total Cost": 31962.17,
              "Plan Rows": 1,
              "Plan Width": 8,
              "Actual Startup Time": 97.968,
              "Actual Total Time": 97.969,
              "Actual Rows": 1,
              "Actual Loops": 4,
              "Plans": [
                {
                  "Node Type": "Seq Scan",
                  "Parent Relationship": "Outer",
                  "Parallel Aware": true,
                  "Relation Name": "movie_companies",
                  "Alias": "mc",
                  "Startup Cost": 0.0,
                  "Total Cost": 31414.82,
                  "Plan Rows": 218938,
                  "Plan Width": 0,
                  "Actual Startup Time": 48.441,
                  "Actual Total Time": 87.032,
                  "Actual Rows": 228000,
                  "Actual Loops": 4,
                  "Filter": "((company_id > 11263) AND (company_type_id > 1))",
                  "Rows Removed by Filter": 424282
                }
              ]
            }
          ]
        }
      ]
    },
    "Planning Time": 0.124,
    "Triggers": [],
    "Execution Time": 114.991
  }
]