[
  {
    "Plan": {
      "Node Type": "Aggregate",
      "Strategy": "Plain",
      "Partial Mode": "Finalize",
      "Parallel Aware": false,
      "Startup Cost": 32950.91,
      "Total Cost": 32950.92,
      "Plan Rows": 1,
      "Plan Width": 8,
      "Actual Startup Time": 103.249,
      "Actual Total Time": 111.079,
      "Actual Rows": 1,
      "Actual Loops": 1,
      "Plans": [
        {
          "Node Type": "Gather",
          "Parent Relationship": "Outer",
          "Parallel Aware": false,
          "Startup Cost": 32950.59,
          "Total Cost": 32950.9,
          "Plan Rows": 3,
          "Plan Width": 8,
          "Actual Startup Time": 103.119,
          "Actual Total Time": 111.072,
          "Actual Rows": 4,
          "Actual Loops": 1,
          "Workers Planned": 3,
          "Workers Launched": 3,
          "Single Copy": false,
          "Plans": [
            {
              "Node Type": "Aggregate",
              "Strategy": "Plain",
              "Partial Mode": "Partial",
              "Parent Relationship": "Outer",
              "Parallel Aware": false,
              "Startup Cost": 31950.59,
              "Total Cost": 31950.6,
              "Plan Rows": 1,
              "Plan Width": 8,
              "Actual Startup Time": 94.394,
              "Actual Total Time": 94.395,
              "Actual Rows": 1,
              "Actual Loops": 4,
              "Plans": [
                {
                  "Node Type": "Seq Scan",
                  "Parent Relationship": "Outer",
                  "Parallel Aware": true,
                  "Relation Name": "movie_companies",
                  "Alias": "mc",
                  "Startup Cost": 0.0,
                  "Total Cost": 31414.82,
                  "Plan Rows": 214310,
                  "Plan Width": 0,
                  "Actual Startup Time": 50.442,
                  "Actual Total Time": 85.259,
                  "Actual Rows": 228000,
                  "Actual Loops": 4,
                  "Filter": "((company_id > 11263) AND (company_type_id > 1))",
                  "Rows Removed by Filter": 424282
                }
              ]
            }
          ]
        }
      ]
    },
    "Planning Time": 0.215,
    "Triggers": [],
    "Execution Time": 111.135
  }
]