[
  {
    "Plan": {
      "Node Type": "Aggregate",
      "Strategy": "Plain",
      "Partial Mode": "Simple",
      "Parallel Aware": false,
      "Startup Cost": 19871.05,
      "Total Cost": 19871.06,
      "Plan Rows": 1,
      "Plan Width": 8,
      "Actual Startup Time": 12.6,
      "Actual Total Time": 12.602,
      "Actual Rows": 1,
      "Actual Loops": 1,
      "Plans": [
        {
          "Node Type": "Bitmap Heap Scan",
          "Parent Relationship": "Outer",
          "Parallel Aware": false,
          "Relation Name": "movie_companies",
          "Alias": "mc",
          "Startup Cost": 384.71,
          "Total Cost": 19827.09,
          "Plan Rows": 17585,
          "Plan Width": 0,
          "Actual Startup Time": 2.385,
          "Actual Total Time": 10.215,
          "Actual Rows": 16138,
          "Actual Loops": 1,
          "Recheck Cond": "(company_id > 219790)",
          "Rows Removed by Index Recheck": 0,
          "Exact Heap Blocks": 711,
          "Lossy Heap Blocks": 0,
          "Plans": [
            {
              "Node Type": "Bitmap Index Scan",
              "Parent Relationship": "Outer",
              "Parallel Aware": false,
              "Index Name": "company_id_movie_companies",
              "Startup Cost": 0.0,
              "Total Cost": 380.32,
              "Plan Rows": 17585,
              "Plan Width": 0,
              "Actual Startup Time": 2.119,
              "Actual Total Time": 2.119,
              "Actual Rows": 16138,
              "Actual Loops": 1,
              "Index Cond": "(company_id > 219790)"
            }
          ]
        }
      ]
    },
    "Planning Time": 0.262,
    "Triggers": [],
    "Execution Time": 12.665
  }
]