[
  {
    "Plan": {
      "Node Type": "Aggregate",
      "Strategy": "Plain",
      "Partial Mode": "Finalize",
      "Parallel Aware": false,
      "Startup Cost": 44929.93,
      "Total Cost": 44929.94,
      "Plan Rows": 1,
      "Plan Width": 8,
      "Actual Startup Time": 85.989,
      "Actual Total Time": 97.368,
      "Actual Rows": 1,
      "Actual Loops": 1,
      "Plans": [
        {
          "Node Type": "Gather",
          "Parent Relationship": "Outer",
          "Parallel Aware": false,
          "Startup Cost": 44929.51,
          "Total Cost": 44929.92,
          "Plan Rows": 4,
          "Plan Width": 8,
          "Actual Startup Time": 85.641,
          "Actual Total Time": 97.361,
          "Actual Rows": 5,
          "Actual Loops": 1,
          "Workers Planned": 4,
          "Workers Launched": 4,
          "Single Copy": false,
          "Plans": [
            {
              "Node Type": "Aggregate",
              "Strategy": "Plain",
              "Partial Mode": "Partial",
              "Parent Relationship": "Outer",
              "Parallel Aware": false,
              "Startup Cost": 43929.51,
              "Total Cost": 43929.52,
              "Plan Rows": 1,
              "Plan Width": 8,
              "Actual Startup Time": 78.515,
              "Actual Total Time": 78.517,
              "Actual Rows": 1,
              "Actual Loops": 5,
              "Plans": [
                {
                  "Node Type": "Seq Scan",
                  "Parent Relationship": "Outer",
                  "Parallel Aware": true,
                  "Relation Name": "title",
                  "Alias": "t",
                  "Startup Cost": 0.0,
                  "Total Cost": 43898.92,
                  "Plan Rows": 12236,
                  "Plan Width": 0,
                  "Actual Startup Time": 49.643,
                  "Actual Total Time": 77.938,
                  "Actual Rows": 10344,
                  "Actual Loops": 5,
                  "Filter": "(production_year < 1914)",
                  "Rows Removed by Filter": 495318
                }
              ]
            }
          ]
        }
      ]
    },
    "Planning Time": 0.1,
    "Triggers": [],
    "Execution Time": 97.409
  }
]