[
  {
    "Plan": {
      "Node Type": "Aggregate",
      "Strategy": "Plain",
      "Partial Mode": "Finalize",
      "Parallel Aware": false,
      "Startup Cost": 39408.74,
      "Total Cost": 39408.75,
      "Plan Rows": 1,
      "Plan Width": 8,
      "Actual Startup Time": 123.126,
      "Actual Total Time": 131.267,
      "Actual Rows": 1,
      "Actual Loops": 1,
      "Plans": [
        {
          "Node Type": "Gather",
          "Parent Relationship": "Outer",
          "Parallel Aware": false,
          "Startup Cost": 39408.42,
          "Total Cost": 39408.73,
          "Plan Rows": 3,
          "Plan Width": 8,
          "Actual Startup Time": 122.871,
          "Actual Total Time": 131.26,
          "Actual Rows": 4,
          "Actual Loops": 1,
          "Workers Planned": 3,
          "Workers Launched": 3,
          "Single Copy": false,
          "Plans": [
            {
              "Node Type": "Aggregate",
              "Strategy": "Plain",
              "Partial Mode": "Partial",
              "Parent Relationship": "Outer",
              "Parallel Aware": false,
              "Startup Cost": 38408.42,
              "Total Cost": 38408.43,
              "Plan Rows": 1,
              "Plan Width": 8,
              "Actual Startup Time": 119.448,
              "Actual Total Time": 119.449,
              "Actual Rows": 1,
              "Actual Loops": 4,
              "Plans": [
                {
                  "Node Type": "Bitmap Heap Scan",
                  "Parent Relationship": "Outer",
                  "Parallel Aware": true,
                  "Relation Name": "movie_keyword",
                  "Alias": "mk",
                  "Startup Cost": 11363.01,
                  "Total Cost": 37976.52,
                  "Plan Rows": 172761,
                  "Plan Width": 0,
                  "Actual Startup Time": 42.687,
                  "Actual Total Time": 112.084,
                  "Actual Rows": 134418,
                  "Actual Loops": 4,
                  "Recheck Cond": "(keyword_id > 34187)",
                  "Rows Removed by Index Recheck": 0,
                  "Exact Heap Blocks": 10308,
                  "Lossy Heap Blocks": 0,
                  "Plans": [
                    {
                      "Node Type": "Bitmap Index Scan",
                      "Parent Relationship": "Outer",
                      "Parallel Aware": false,
                      "Index Name": "keyword_id_movie_keyword",
                      "Startup Cost": 0.0,
                      "Total Cost": 11229.12,
                      "Plan Rows": 535558,
                      "Plan Width": 0,
                      "Actual Startup Time": 42.202,
                      "Actual Total Time": 42.203,
                      "Actual Rows": 537674,
                      "Actual Loops": 1,
                      "Index Cond": "(keyword_id > 34187)"
                    }
                  ]
                }
              ]
            }
          ]
        }
      ]
    },
    "Planning Time": 0.103,
    "Triggers": [],
    "Execution Time": 131.312
  }
]