[
  {
    "Plan": {
      "Node Type": "Aggregate",
      "Strategy": "Plain",
      "Partial Mode": "Finalize",
      "Parallel Aware": false,
      "Startup Cost": 39772.61,
      "Total Cost": 39772.62,
      "Plan Rows": 1,
      "Plan Width": 8,
      "Actual Startup Time": 124.625,
      "Actual Total Time": 130.55,
      "Actual Rows": 1,
      "Actual Loops": 1,
      "Plans": [
        {
          "Node Type": "Gather",
          "Parent Relationship": "Outer",
          "Parallel Aware": false,
          "Startup Cost": 39772.29,
          "Total Cost": 39772.6,
          "Plan Rows": 3,
          "Plan Width": 8,
          "Actual Startup Time": 124.411,
          "Actual Total Time": 130.541,
          "Actual Rows": 4,
          "Actual Loops": 1,
          "Workers Planned": 3,
          "Workers Launched": 3,
          "Single Copy": false,
          "Plans": [
            {
              "Node Type": "Aggregate",
              "Strategy": "Plain",
              "Partial Mode": "Partial",
              "Parent Relationship": "Outer",
              "Parallel Aware": false,
              "Startup Cost": 38772.29,
              "Total Cost": 38772.3,
              "Plan Rows": 1,
              "Plan Width": 8,
              "Actual Startup Time": 119.525,
              "Actual Total Time": 119.528,
              "Actual Rows": 1,
              "Actual Loops": 4,
              "Plans": [
                {
                  "Node Type": "Bitmap Heap Scan",
                  "Parent Relationship": "Outer",
                  "Parallel Aware": true,
                  "Relation Name": "movie_keyword",
                  "Alias": "mk",
                  "Startup Cost": 11659.28,
                  "Total Cost": 38329.12,
                  "Plan Rows": 177267,
                  "Plan Width": 0,
                  "Actual Startup Time": 41.135,
                  "Actual Total Time": 111.855,
                  "Actual Rows": 134418,
                  "Actual Loops": 4,
                  "Recheck Cond": "(keyword_id > 34187)",
                  "Rows Removed by Index Recheck": 0,
                  "Exact Heap Blocks": 10081,
                  "Lossy Heap Blocks": 0,
                  "Plans": [
                    {
                      "Node Type": "Bitmap Index Scan",
                      "Parent Relationship": "Outer",
                      "Parallel Aware": false,
                      "Index Name": "keyword_id_movie_keyword",
                      "Startup Cost": 0.0,
                      "Total Cost": 11521.9,
                      "Plan Rows": 549529,
                      "Plan Width": 0,
                      "Actual Startup Time": 41.999,
                      "Actual Total Time": 41.999,
                      "Actual Rows": 537674,
                      "Actual Loops": 1,
                      "Index Cond": "(keyword_id > 34187)"
                    }
                  ]
                }
              ]
            }
          ]
        }
      ]
    },
    "Planning Time": 0.176,
    "Triggers": [],
    "Execution Time": 130.623
  }
]