[
    {
        "Bao": {
            "Bao prediction": "NaN",
            "Bao recommended hint": "(no hint)"
        }
    },
    {
        "Plan": {
            "Node Type": "Aggregate",
            "Strategy": "Plain",
            "Partial Mode": "Finalize",
            "Parallel Aware": false,
            "Startup Cost": 345530.93,
            "Total Cost": 345530.94,
            "Plan Rows": 1,
            "Plan Width": 8,
            "Actual Startup Time": 356.569,
            "Actual Total Time": 366.38,
            "Actual Rows": 1,
            "Actual Loops": 1,
            "Output": [
                "count(*)"
            ],
            "Plans": [
                {
                    "Node Type": "Gather",
                    "Parent Relationship": "Outer",
                    "Parallel Aware": false,
                    "Startup Cost": 345530.3,
                    "Total Cost": 345530.91,
                    "Plan Rows": 6,
                    "Plan Width": 8,
                    "Actual Startup Time": 352.196,
                    "Actual Total Time": 366.372,
                    "Actual Rows": 7,
                    "Actual Loops": 1,
                    "Output": [
                        "(PARTIAL count(*))"
                    ],
                    "Workers Planned": 6,
                    "Workers Launched": 6,
                    "Single Copy": false,
                    "Plans": [
                        {
                            "Node Type": "Aggregate",
                            "Strategy": "Plain",
                            "Partial Mode": "Partial",
                            "Parent Relationship": "Outer",
                            "Parallel Aware": false,
                            "Startup Cost": 344530.3,
                            "Total Cost": 344530.31,
                            "Plan Rows": 1,
                            "Plan Width": 8,
                            "Actual Startup Time": 341.558,
                            "Actual Total Time": 341.561,
                            "Actual Rows": 1,
                            "Actual Loops": 7,
                            "Output": [
                                "PARTIAL count(*)"
                            ],
                            "Workers": [
                                {
                                    "Worker Number": 0,
                                    "Actual Startup Time": 339.515,
                                    "Actual Total Time": 339.519,
                                    "Actual Rows": 1,
                                    "Actual Loops": 1
                                },
                                {
                                    "Worker Number": 1,
                                    "Actual Startup Time": 339.383,
                                    "Actual Total Time": 339.388,
                                    "Actual Rows": 1,
                                    "Actual Loops": 1
                                },
                                {
                                    "Worker Number": 2,
                                    "Actual Startup Time": 339.727,
                                    "Actual Total Time": 339.731,
                                    "Actual Rows": 1,
                                    "Actual Loops": 1
                                },
                                {
                                    "Worker Number": 3,
                                    "Actual Startup Time": 339.773,
                                    "Actual Total Time": 339.776,
                                    "Actual Rows": 1,
                                    "Actual Loops": 1
                                },
                                {
                                    "Worker Number": 4,
                                    "Actual Startup Time": 340.216,
                                    "Actual Total Time": 340.219,
                                    "Actual Rows": 1,
                                    "Actual Loops": 1
                                },
                                {
                                    "Worker Number": 5,
                                    "Actual Startup Time": 340.579,
                                    "Actual Total Time": 340.582,
                                    "Actual Rows": 1,
                                    "Actual Loops": 1
                                }
                            ],
                            "Plans": [
                                {
                                    "Node Type": "Hash Join",
                                    "Parent Relationship": "Outer",
                                    "Parallel Aware": true,
                                    "Join Type": "Inner",
                                    "Startup Cost": 86949.1,
                                    "Total Cost": 344388.43,
                                    "Plan Rows": 56751,
                                    "Plan Width": 0,
                                    "Actual Startup Time": 195.976,
                                    "Actual Total Time": 340.652,
                                    "Actual Rows": 11442,
                                    "Actual Loops": 7,
                                    "Inner Unique": true,
                                    "Hash Cond": "(ci.movie_id = t.id)",
                                    "Workers": [
                                        {
                                            "Worker Number": 0,
                                            "Actual Startup Time": 192.727,
                                            "Actual Total Time": 338.517,
                                            "Actual Rows": 8612,
                                            "Actual Loops": 1
                                        },
                                        {
                                            "Worker Number": 1,
                                            "Actual Startup Time": 193.417,
                                            "Actual Total Time": 338.4,
                                            "Actual Rows": 8674,
                                            "Actual Loops": 1
                                        },
                                        {
                                            "Worker Number": 2,
                                            "Actual Startup Time": 193.241,
                                            "Actual Total Time": 338.901,
                                            "Actual Rows": 13115,
                                            "Actual Loops": 1
                                        },
                                        {
                                            "Worker Number": 3,
                                            "Actual Startup Time": 193.655,
                                            "Actual Total Time": 338.856,
                                            "Actual Rows": 11996,
                                            "Actual Loops": 1
                                        },
                                        {
                                            "Worker Number": 4,
                                            "Actual Startup Time": 197.63,
                                            "Actual Total Time": 339.325,
                                            "Actual Rows": 12095,
                                            "Actual Loops": 1
                                        },
                                        {
                                            "Worker Number": 5,
                                            "Actual Startup Time": 195.659,
                                            "Actual Total Time": 339.683,
                                            "Actual Rows": 11890,
                                            "Actual Loops": 1
                                        }
                                    ],
                                    "Plans": [
                                        {
                                            "Node Type": "Bitmap Heap Scan",
                                            "Parent Relationship": "Outer",
                                            "Parallel Aware": true,
                                            "Relation Name": "cast_info",
                                            "Schema": "public",
                                            "Alias": "ci",
                                            "Startup Cost": 41623.02,
                                            "Total Cost": 298237.56,
                                            "Plan Rows": 314203,
                                            "Plan Width": 4,
                                            "Actual Startup Time": 94.321,
                                            "Actual Total Time": 169.122,
                                            "Actual Rows": 284178,
                                            "Actual Loops": 7,
                                            "Output": [
                                                "ci.id",
                                                "ci.person_id",
                                                "ci.movie_id",
                                                "ci.person_role_id",
                                                "ci.note",
                                                "ci.nr_order",
                                                "ci.role_id"
                                            ],
                                            "Recheck Cond": "(ci.person_id > 3670959)",
                                            "Rows Removed by Index Recheck": 0,
                                            "Exact Heap Blocks": 5177,
                                            "Lossy Heap Blocks": 0,
                                            "Workers": [
                                                {
                                                    "Worker Number": 0,
                                                    "Actual Startup Time": 94.199,
                                                    "Actual Total Time": 170.663,
                                                    "Actual Rows": 215497,
                                                    "Actual Loops": 1
                                                },
                                                {
                                                    "Worker Number": 1,
                                                    "Actual Startup Time": 94.295,
                                                    "Actual Total Time": 171.306,
                                                    "Actual Rows": 221276,
                                                    "Actual Loops": 1
                                                },
                                                {
                                                    "Worker Number": 2,
                                                    "Actual Startup Time": 94.081,
                                                    "Actual Total Time": 168.407,
                                                    "Actual Rows": 328057,
                                                    "Actual Loops": 1
                                                },
                                                {
                                                    "Worker Number": 3,
                                                    "Actual Startup Time": 94.532,
                                                    "Actual Total Time": 170.731,
                                                    "Actual Rows": 282895,
                                                    "Actual Loops": 1
                                                },
                                                {
                                                    "Worker Number": 4,
                                                    "Actual Startup Time": 94.467,
                                                    "Actual Total Time": 170.18,
                                                    "Actual Rows": 299834,
                                                    "Actual Loops": 1
                                                },
                                                {
                                                    "Worker Number": 5,
                                                    "Actual Startup Time": 94.403,
                                                    "Actual Total Time": 169.951,
                                                    "Actual Rows": 285039,
                                                    "Actual Loops": 1
                                                }
                                            ],
                                            "Plans": [
                                                {
                                                    "Node Type": "Bitmap Index Scan",
                                                    "Parent Relationship": "Outer",
                                                    "Parallel Aware": false,
                                                    "Index Name": "person_id_cast_info",
                                                    "Startup Cost": 0.0,
                                                    "Total Cost": 41151.72,
                                                    "Plan Rows": 1885220,
                                                    "Plan Width": 0,
                                                    "Actual Startup Time": 89.473,
                                                    "Actual Total Time": 89.474,
                                                    "Actual Rows": 1989246,
                                                    "Actual Loops": 1,
                                                    "Index Cond": "(ci.person_id > 3670959)",
                                                    "Workers": [
                                                        {
                                                            "Worker Number": 2,
                                                            "Actual Startup Time": 89.473,
                                                            "Actual Total Time": 89.474,
                                                            "Actual Rows": 1989246,
                                                            "Actual Loops": 1
                                                        }
                                                    ]
                                                }
                                            ]
                                        },
                                        {
                                            "Node Type": "Hash",
                                            "Parent Relationship": "Inner",
                                            "Parallel Aware": true,
                                            "Startup Cost": 43899.01,
                                            "Total Cost": 43899.01,
                                            "Plan Rows": 114166,
                                            "Plan Width": 4,
                                            "Actual Startup Time": 99.062,
                                            "Actual Total Time": 99.063,
                                            "Actual Rows": 64510,
                                            "Actual Loops": 7,
                                            "Output": [
                                                "t.id"
                                            ],
                                            "Hash Buckets": 524288,
                                            "Original Hash Buckets": 524288,
                                            "Hash Batches": 1,
                                            "Original Hash Batches": 1,
                                            "Peak Memory Usage": 21888,
                                            "Workers": [
                                                {
                                                    "Worker Number": 0,
                                                    "Actual Startup Time": 97.685,
                                                    "Actual Total Time": 97.685,
                                                    "Actual Rows": 45356,
                                                    "Actual Loops": 1
                                                },
                                                {
                                                    "Worker Number": 1,
                                                    "Actual Startup Time": 97.932,
                                                    "Actual Total Time": 97.933,
                                                    "Actual Rows": 47547,
                                                    "Actual Loops": 1
                                                },
                                                {
                                                    "Worker Number": 2,
                                                    "Actual Startup Time": 98.472,
                                                    "Actual Total Time": 98.474,
                                                    "Actual Rows": 61469,
                                                    "Actual Loops": 1
                                                },
                                                {
                                                    "Worker Number": 3,
                                                    "Actual Startup Time": 98.404,
                                                    "Actual Total Time": 98.405,
                                                    "Actual Rows": 61201,
                                                    "Actual Loops": 1
                                                },
                                                {
                                                    "Worker Number": 4,
                                                    "Actual Startup Time": 98.756,
                                                    "Actual Total Time": 98.756,
                                                    "Actual Rows": 64520,
                                                    "Actual Loops": 1
                                                },
                                                {
                                                    "Worker Number": 5,
                                                    "Actual Startup Time": 99.152,
                                                    "Actual Total Time": 99.153,
                                                    "Actual Rows": 60595,
                                                    "Actual Loops": 1
                                                }
                                            ],
                                            "Plans": [
                                                {
                                                    "Node Type": "Seq Scan",
                                                    "Parent Relationship": "Outer",
                                                    "Parallel Aware": true,
                                                    "Relation Name": "title",
                                                    "Schema": "public",
                                                    "Alias": "t",
                                                    "Startup Cost": 0.0,
                                                    "Total Cost": 43899.01,
                                                    "Plan Rows": 114166,
                                                    "Plan Width": 4,
                                                    "Actual Startup Time": 0.041,
                                                    "Actual Total Time": 72.356,
                                                    "Actual Rows": 64510,
                                                    "Actual Loops": 7,
                                                    "Output": [
                                                        "t.id"
                                                    ],
                                                    "Filter": "(t.production_year < 1976)",
                                                    "Rows Removed by Filter": 296678,
                                                    "Workers": [
                                                        {
                                                            "Worker Number": 0,
                                                            "Actual Startup Time": 0.047,
                                                            "Actual Total Time": 72.355,
                                                            "Actual Rows": 45356,
                                                            "Actual Loops": 1
                                                        },
                                                        {
                                                            "Worker Number": 1,
                                                            "Actual Startup Time": 0.047,
                                                            "Actual Total Time": 73.763,
                                                            "Actual Rows": 47547,
                                                            "Actual Loops": 1
                                                        },
                                                        {
                                                            "Worker Number": 2,
                                                            "Actual Startup Time": 0.048,
                                                            "Actual Total Time": 73.471,
                                                            "Actual Rows": 61469,
                                                            "Actual Loops": 1
                                                        },
                                                        {
                                                            "Worker Number": 3,
                                                            "Actual Startup Time": 0.043,
                                                            "Actual Total Time": 72.262,
                                                            "Actual Rows": 61201,
                                                            "Actual Loops": 1
                                                        },
                                                        {
                                                            "Worker Number": 4,
                                                            "Actual Startup Time": 0.055,
                                                            "Actual Total Time": 72.838,
                                                            "Actual Rows": 64520,
                                                            "Actual Loops": 1
                                                        },
                                                        {
                                                            "Worker Number": 5,
                                                            "Actual Startup Time": 0.035,
                                                            "Actual Total Time": 72.547,
                                                            "Actual Rows": 60595,
                                                            "Actual Loops": 1
                                                        }
                                                    ]
                                                }
                                            ]
                                        }
                                    ]
                                }
                            ]
                        }
                    ]
                }
            ]
        },
        "Planning Time": 235.6,
        "Triggers": [],
        "Execution Time": 366.453
    }
]