[
  {
    "Plan": {
      "Node Type": "Aggregate",
      "Strategy": "Plain",
      "Partial Mode": "Finalize",
      "Parallel Aware": false,
      "Startup Cost": 32673.19,
      "Total Cost": 32673.2,
      "Plan Rows": 1,
      "Plan Width": 8,
      "Actual Startup Time": 84.175,
      "Actual Total Time": 91.83,
      "Actual Rows": 1,
      "Actual Loops": 1,
      "Plans": [
        {
          "Node Type": "Gather",
          "Parent Relationship": "Outer",
          "Parallel Aware": false,
          "Startup Cost": 32672.87,
          "Total Cost": 32673.18,
          "Plan Rows": 3,
          "Plan Width": 8,
          "Actual Startup Time": 84.06,
          "Actual Total Time": 91.821,
          "Actual Rows": 4,
          "Actual Loops": 1,
          "Workers Planned": 3,
          "Workers Launched": 3,
          "Single Copy": false,
          "Plans": [
            {
              "Node Type": "Aggregate",
              "Strategy": "Plain",
              "Partial Mode": "Partial",
              "Parent Relationship": "Outer",
              "Parallel Aware": false,
              "Startup Cost": 31672.87,
              "Total Cost": 31672.88,
              "Plan Rows": 1,
              "Plan Width": 8,
              "Actual Startup Time": 76.707,
              "Actual Total Time": 76.708,
              "Actual Rows": 1,
              "Actual Loops": 4,
              "Plans": [
                {
                  "Node Type": "Seq Scan",
                  "Parent Relationship": "Outer",
                  "Parallel Aware": true,
                  "Relation Name": "movie_companies",
                  "Alias": "mc",
                  "Startup Cost": 0.0,
                  "Total Cost": 31414.82,
                  "Plan Rows": 103220,
                  "Plan Width": 0,
                  "Actual Startup Time": 47.365,
                  "Actual Total Time": 74.902,
                  "Actual Rows": 43774,
                  "Actual Loops": 4,
                  "Filter": "((company_id < 809) AND (company_type_id = 2))",
                  "Rows Removed by Filter": 608509
                }
              ]
            }
          ]
        }
      ]
    },
    "Planning Time": 0.146,
    "Triggers": [],
    "Execution Time": 91.87
  }
]