{
  "Plan": {
    "Node Type": "Aggregate",
    "Strategy": "Plain",
    "Partial Mode": "Finalize",
    "Parallel Aware": false,
    "Startup Cost": 428158.46,
    "Total Cost": 428158.47,
    "Plan Rows": 1,
    "Plan Width": 8,
    "Actual Startup Time": 1514.473,
    "Actual Total Time": 1535.317,
    "Actual Rows": 1,
    "Actual Loops": 1,
    "Plans": [
      {
        "Node Type": "Gather",
        "Parent Relationship": "Outer",
        "Parallel Aware": false,
        "Startup Cost": 428158.35,
        "Total Cost": 428158.46,
        "Plan Rows": 1,
        "Plan Width": 8,
        "Actual Startup Time": 1510.343,
        "Actual Total Time": 1535.311,
        "Actual Rows": 2,
        "Actual Loops": 1,
        "Workers Planned": 1,
        "Workers Launched": 1,
        "Single Copy": false,
        "Plans": [
          {
            "Node Type": "Aggregate",
            "Strategy": "Plain",
            "Partial Mode": "Partial",
            "Parent Relationship": "Outer",
            "Parallel Aware": false,
            "Startup Cost": 427158.35,
            "Total Cost": 427158.36,
            "Plan Rows": 1,
            "Plan Width": 8,
            "Actual Startup Time": 1499.247,
            "Actual Total Time": 1499.255,
            "Actual Rows": 1,
            "Actual Loops": 2,
            "Plans": [
              {
                "Node Type": "Hash Join",
                "Parent Relationship": "Outer",
                "Parallel Aware": true,
                "Join Type": "Inner",
                "Startup Cost": 140925.43,
                "Total Cost": 422400.06,
                "Plan Rows": 1903314,
                "Plan Width": 0,
                "Actual Startup Time": 634.477,
                "Actual Total Time": 1434.106,
                "Actual Rows": 1561302,
                "Actual Loops": 2,
                "Inner Unique": true,
                "Hash Cond": "(ci.movie_id = t.id)",
                "Plans": [
                  {
                    "Node Type": "Bitmap Heap Scan",
                    "Parent Relationship": "Outer",
                    "Parallel Aware": true,
                    "Relation Name": "cast_info",
                    "Alias": "ci",
                    "Startup Cost": 71464.73,
                    "Total Cost": 347943.15,
                    "Plan Rows": 1903314,
                    "Plan Width": 4,
                    "Actual Startup Time": 108.702,
                    "Actual Total Time": 285.897,
                    "Actual Rows": 1561302,
                    "Actual Loops": 2,
                    "Recheck Cond": "(person_id > 3486365)",
                    "Rows Removed by Index Recheck": 0,
                    "Exact Heap Blocks": 23065,
                    "Lossy Heap Blocks": 0,
                    "Plans": [
                      {
                        "Node Type": "Bitmap Index Scan",
                        "Parent Relationship": "Outer",
                        "Parallel Aware": false,
                        "Index Name": "person_id_cast_info",
                        "Startup Cost": 0.0,
                        "Total Cost": 70655.82,
                        "Plan Rows": 3235634,
                        "Plan Width": 0,
                        "Actual Startup Time": 101.537,
                        "Actual Total Time": 101.537,
                        "Actual Rows": 3122603,
                        "Actual Loops": 1,
                        "Index Cond": "(person_id > 3486365)"
                      }
                    ]
                  },
                  {
                    "Node Type": "Hash",
                    "Parent Relationship": "Inner",
                    "Parallel Aware": true,
                    "Startup Cost": 50870.31,
                    "Total Cost": 50870.31,
                    "Plan Rows": 1487231,
                    "Plan Width": 4,
                    "Actual Startup Time": 506.083,
                    "Actual Total Time": 506.084,
                    "Actual Rows": 1264156,
                    "Actual Loops": 2,
                    "Hash Buckets": 4194304,
                    "Original Hash Buckets": 4194304,
                    "Hash Batches": 1,
                    "Original Hash Batches": 1,
                    "Peak Memory Usage": 131680,
                    "Plans": [
                      {
                        "Node Type": "Seq Scan",
                        "Parent Relationship": "Outer",
                        "Parallel Aware": true,
                        "Relation Name": "title",
                        "Alias": "t",
                        "Startup Cost": 0.0,
                        "Total Cost": 50870.31,
                        "Plan Rows": 1487231,
                        "Plan Width": 4,
                        "Actual Startup Time": 0.019,
                        "Actual Total Time": 153.025,
                        "Actual Rows": 1264156,
                        "Actual Loops": 2
                      }
                    ]
                  }
                ]
              }
            ]
          }
        ]
      }
    ]
  },
  "Planning Time": 0.593,
  "Triggers": [],
  "Execution Time": 1535.402
}