[
  {
    "Plan": {
      "Node Type": "Aggregate",
      "Strategy": "Plain",
      "Partial Mode": "Finalize",
      "Parallel Aware": false,
      "Startup Cost": 307201.38,
      "Total Cost": 307201.39,
      "Plan Rows": 1,
      "Plan Width": 32,
      "Actual Startup Time": 1086.955,
      "Actual Total Time": 1144.805,
      "Actual Rows": 1,
      "Actual Loops": 1,
      "Plans": [
        {
          "Node Type": "Gather",
          "Parent Relationship": "Outer",
          "Parallel Aware": false,
          "Startup Cost": 307200.86,
          "Total Cost": 307201.37,
          "Plan Rows": 5,
          "Plan Width": 32,
          "Actual Startup Time": 1086.691,
          "Actual Total Time": 1144.792,
          "Actual Rows": 6,
          "Actual Loops": 1,
          "Workers Planned": 5,
          "Workers Launched": 5,
          "Single Copy": false,
          "Plans": [
            {
              "Node Type": "Aggregate",
              "Strategy": "Plain",
              "Partial Mode": "Partial",
              "Parent Relationship": "Outer",
              "Parallel Aware": false,
              "Startup Cost": 306200.86,
              "Total Cost": 306200.87,
              "Plan Rows": 1,
              "Plan Width": 32,
              "Actual Startup Time": 1076.333,
              "Actual Total Time": 1076.349,
              "Actual Rows": 1,
              "Actual Loops": 6,
              "Plans": [
                {
                  "Node Type": "Hash Join",
                  "Parent Relationship": "Outer",
                  "Parallel Aware": false,
                  "Join Type": "Inner",
                  "Startup Cost": 76700.45,
                  "Total Cost": 306185.86,
                  "Plan Rows": 5997,
                  "Plan Width": 17,
                  "Actual Startup Time": 220.118,
                  "Actual Total Time": 1076.321,
                  "Actual Rows": 53,
                  "Actual Loops": 6,
                  "Inner Unique": true,
                  "Hash Cond": "(mi.info_type_id = it.id)",
                  "Plans": [
                    {
                      "Node Type": "Hash Join",
                      "Parent Relationship": "Outer",
                      "Parallel Aware": true,
                      "Join Type": "Inner",
                      "Startup Cost": 76696.91,
                      "Total Cost": 306165.99,
                      "Plan Rows": 5997,
                      "Plan Width": 21,
                      "Actual Startup Time": 219.407,
                      "Actual Total Time": 1075.587,
                      "Actual Rows": 53,
                      "Actual Loops": 6,
                      "Inner Unique": false,
                      "Hash Cond": "(mi.movie_id = t.id)",
                      "Plans": [
                        {
                          "Node Type": "Seq Scan",
                          "Parent Relationship": "Outer",
                          "Parallel Aware": true,
                          "Relation Name": "movie_info",
                          "Alias": "mi",
                          "Startup Cost": 0.0,
                          "Total Cost": 228768.14,
                          "Plan Rows": 186162,
                          "Plan Width": 8,
                          "Actual Startup Time": 0.042,
                          "Actual Total Time": 849.104,
                          "Actual Rows": 155689,
                          "Actual Loops": 6,
                          "Filter": "(info = ANY ('{Denmark,Bulgaria,Norwegian,German,Germany,American,America,Swedish,English,Danish}'::text[]))",
                          "Rows Removed by Filter": 2316931
                        },
                        {
                          "Node Type": "Hash",
                          "Parent Relationship": "Inner",
                          "Parallel Aware": true,
                          "Startup Cost": 76648.81,
                          "Total Cost": 76648.81,
                          "Plan Rows": 3848,
                          "Plan Width": 25,
                          "Actual Startup Time": 212.081,
                          "Actual Total Time": 212.094,
                          "Actual Rows": 62,
                          "Actual Loops": 6,
                          "Hash Buckets": 16384,
                          "Original Hash Buckets": 16384,
                          "Hash Batches": 1,
                          "Original Hash Batches": 1,
                          "Peak Memory Usage": 320,
                          "Plans": [
                            {
                              "Node Type": "Hash Join",
                              "Parent Relationship": "Outer",
                              "Parallel Aware": true,
                              "Join Type": "Inner",
                              "Startup Cost": 31889.23,
                              "Total Cost": 76648.81,
                              "Plan Rows": 3848,
                              "Plan Width": 25,
                              "Actual Startup Time": 125.657,
                              "Actual Total Time": 211.76,
                              "Actual Rows": 62,
                              "Actual Loops": 6,
                              "Inner Unique": false,
                              "Hash Cond": "(t.id = mc.movie_id)",
                              "Plans": [
                                {
                                  "Node Type": "Seq Scan",
                                  "Parent Relationship": "Outer",
                                  "Parallel Aware": true,
                                  "Relation Name": "title",
                                  "Alias": "t",
                                  "Startup Cost": 0.0,
                                  "Total Cost": 43898.62,
                                  "Plan Rows": 226281,
                                  "Plan Width": 21,
                                  "Actual Startup Time": 0.018,
                                  "Actual Total Time": 83.868,
                                  "Actual Rows": 150748,
                                  "Actual Loops": 6,
                                  "Filter": "(production_year > 2006)",
                                  "Rows Removed by Filter": 270637
                                },
                                {
                                  "Node Type": "Hash",
                                  "Parent Relationship": "Inner",
                                  "Parallel Aware": true,
                                  "Startup Cost": 31715.84,
                                  "Total Cost": 31715.84,
                                  "Plan Rows": 13871,
                                  "Plan Width": 4,
                                  "Actual Startup Time": 111.151,
                                  "Actual Total Time": 111.159,
                                  "Actual Rows": 133,
                                  "Actual Loops": 6,
                                  "Hash Buckets": 65536,
                                  "Original Hash Buckets": 65536,
                                  "Hash Batches": 1,
                                  "Original Hash Batches": 1,
                                  "Peak Memory Usage": 704,
                                  "Plans": [
                                    {
                                      "Node Type": "Hash Join",
                                      "Parent Relationship": "Outer",
                                      "Parallel Aware": false,
                                      "Join Type": "Inner",
                                      "Startup Cost": 1.06,
                                      "Total Cost": 31715.84,
                                      "Plan Rows": 13871,
                                      "Plan Width": 4,
                                      "Actual Startup Time": 82.884,
                                      "Actual Total Time": 110.988,
                                      "Actual Rows": 133,
                                      "Actual Loops": 6,
                                      "Inner Unique": true,
                                      "Hash Cond": "(mc.company_type_id = ct.id)",
                                      "Plans": [
                                        {
                                          "Node Type": "Seq Scan",
                                          "Parent Relationship": "Outer",
                                          "Parallel Aware": true,
                                          "Relation Name": "movie_companies",
                                          "Alias": "mc",
                                          "Startup Cost": 0.0,
                                          "Total Cost": 31414.82,
                                          "Plan Rows": 55484,
                                          "Plan Width": 8,
                                          "Actual Startup Time": 0.089,
                                          "Actual Total Time": 106.407,
                                          "Actual Rows": 49271,
                                          "Actual Loops": 6,
                                          "Filter": "((note !~~ '%(TV)%'::text) AND (note ~~ '%(USA)%'::text))",
                                          "Rows Removed by Filter": 385584
                                        },
                                        {
                                          "Node Type": "Hash",
                                          "Parent Relationship": "Inner",
                                          "Parallel Aware": false,
                                          "Startup Cost": 1.05,
                                          "Total Cost": 1.05,
                                          "Plan Rows": 1,
                                          "Plan Width": 4,
                                          "Actual Startup Time": 0.076,
                                          "Actual Total Time": 0.077,
                                          "Actual Rows": 1,
                                          "Actual Loops": 6,
                                          "Hash Buckets": 1024,
                                          "Original Hash Buckets": 1024,
                                          "Hash Batches": 1,
                                          "Original Hash Batches": 1,
                                          "Peak Memory Usage": 9,
                                          "Plans": [
                                            {
                                              "Node Type": "Seq Scan",
                                              "Parent Relationship": "Outer",
                                              "Parallel Aware": false,
                                              "Relation Name": "company_type",
                                              "Alias": "ct",
                                              "Startup Cost": 0.0,
                                              "Total Cost": 1.05,
                                              "Plan Rows": 1,
                                              "Plan Width": 4,
                                              "Actual Startup Time": 0.06,
                                              "Actual Total Time": 0.062,
                                              "Actual Rows": 1,
                                              "Actual Loops": 6,
                                              "Filter": "((kind)::text = 'production companies'::text)",
                                              "Rows Removed by Filter": 3
                                            }
                                          ]
                                        }
                                      ]
                                    }
                                  ]
                                }
                              ]
                            }
                          ]
                        }
                      ]
                    },
                    {
                      "Node Type": "Hash",
                      "Parent Relationship": "Inner",
                      "Parallel Aware": false,
                      "Startup Cost": 2.13,
                      "Total Cost": 2.13,
                      "Plan Rows": 113,
                      "Plan Width": 4,
                      "Actual Startup Time": 0.161,
                      "Actual Total Time": 0.162,
                      "Actual Rows": 113,
                      "Actual Loops": 6,
                      "Hash Buckets": 1024,
                      "Original Hash Buckets": 1024,
                      "Hash Batches": 1,
                      "Original Hash Batches": 1,
                      "Peak Memory Usage": 12,
                      "Plans": [
                        {
                          "Node Type": "Seq Scan",
                          "Parent Relationship": "Outer",
                          "Parallel Aware": false,
                          "Relation Name": "info_type",
                          "Alias": "it",
                          "Startup Cost": 0.0,
                          "Total Cost": 2.13,
                          "Plan Rows": 113,
                          "Plan Width": 4,
                          "Actual Startup Time": 0.076,
                          "Actual Total Time": 0.102,
                          "Actual Rows": 113,
                          "Actual Loops": 6
                        }
                      ]
                    }
                  ]
                }
              ]
            }
          ]
        }
      ]
    },
    "Planning Time": 5.037,
    "Triggers": [],
    "Execution Time": 1145.333
  }
]