{
  "Plan": {
    "Node Type": "Aggregate",
    "Strategy": "Plain",
    "Partial Mode": "Finalize",
    "Parallel Aware": false,
    "Startup Cost": 413575.08,
    "Total Cost": 413575.09,
    "Plan Rows": 1,
    "Plan Width": 8,
    "Actual Startup Time": 1717.743,
    "Actual Total Time": 1773.276,
    "Actual Rows": 1,
    "Actual Loops": 1,
    "Plans": [
      {
        "Node Type": "Gather",
        "Parent Relationship": "Outer",
        "Parallel Aware": false,
        "Startup Cost": 413574.97,
        "Total Cost": 413575.08,
        "Plan Rows": 1,
        "Plan Width": 8,
        "Actual Startup Time": 1716.705,
        "Actual Total Time": 1773.268,
        "Actual Rows": 2,
        "Actual Loops": 1,
        "Workers Planned": 1,
        "Workers Launched": 1,
        "Single Copy": false,
        "Plans": [
          {
            "Node Type": "Aggregate",
            "Strategy": "Plain",
            "Partial Mode": "Partial",
            "Parent Relationship": "Outer",
            "Parallel Aware": false,
            "Startup Cost": 412574.97,
            "Total Cost": 412574.98,
            "Plan Rows": 1,
            "Plan Width": 8,
            "Actual Startup Time": 1710.473,
            "Actual Total Time": 1710.479,
            "Actual Rows": 1,
            "Actual Loops": 2,
            "Plans": [
              {
                "Node Type": "Hash Join",
                "Parent Relationship": "Outer",
                "Parallel Aware": true,
                "Join Type": "Inner",
                "Startup Cost": 123592.48,
                "Total Cost": 410363.27,
                "Plan Rows": 884681,
                "Plan Width": 0,
                "Actual Startup Time": 470.855,
                "Actual Total Time": 1697.211,
                "Actual Rows": 319958,
                "Actual Loops": 2,
                "Inner Unique": false,
                "Hash Cond": "(mi.movie_id = t.id)",
                "Plans": [
                  {
                    "Node Type": "Seq Scan",
                    "Parent Relationship": "Outer",
                    "Parallel Aware": true,
                    "Relation Name": "movie_info",
                    "Alias": "mi",
                    "Startup Cost": 0.0,
                    "Total Cost": 248955.74,
                    "Plan Rows": 8696274,
                    "Plan Width": 4,
                    "Actual Startup Time": 0.017,
                    "Actual Total Time": 608.694,
                    "Actual Rows": 7417860,
                    "Actual Loops": 2
                  },
                  {
                    "Node Type": "Hash",
                    "Parent Relationship": "Inner",
                    "Parallel Aware": true,
                    "Startup Cost": 121701.26,
                    "Total Cost": 121701.26,
                    "Plan Rows": 151298,
                    "Plan Width": 8,
                    "Actual Startup Time": 466.573,
                    "Actual Total Time": 466.577,
                    "Actual Rows": 33698,
                    "Actual Loops": 2,
                    "Hash Buckets": 262144,
                    "Original Hash Buckets": 262144,
                    "Hash Batches": 1,
                    "Original Hash Batches": 1,
                    "Peak Memory Usage": 4704,
                    "Plans": [
                      {
                        "Node Type": "Hash Join",
                        "Parent Relationship": "Outer",
                        "Parallel Aware": true,
                        "Join Type": "Inner",
                        "Startup Cost": 60324.64,
                        "Total Cost": 121701.26,
                        "Plan Rows": 151298,
                        "Plan Width": 8,
                        "Actual Startup Time": 187.18,
                        "Actual Total Time": 459.756,
                        "Actual Rows": 33698,
                        "Actual Loops": 2,
                        "Inner Unique": true,
                        "Hash Cond": "(mk.movie_id = t.id)",
                        "Plans": [
                          {
                            "Node Type": "Seq Scan",
                            "Parent Relationship": "Outer",
                            "Parallel Aware": true,
                            "Relation Name": "movie_keyword",
                            "Alias": "mk",
                            "Startup Cost": 0.0,
                            "Total Cost": 57718.19,
                            "Plan Rows": 1393681,
                            "Plan Width": 4,
                            "Actual Startup Time": 0.348,
                            "Actual Total Time": 178.482,
                            "Actual Rows": 1182038,
                            "Actual Loops": 2,
                            "Filter": "(keyword_id > 4107)",
                            "Rows Removed by Filter": 1079927
                          },
                          {
                            "Node Type": "Hash",
                            "Parent Relationship": "Inner",
                            "Parallel Aware": true,
                            "Startup Cost": 58306.47,
                            "Total Cost": 58306.47,
                            "Plan Rows": 161454,
                            "Plan Width": 4,
                            "Actual Startup Time": 182.584,
                            "Actual Total Time": 182.585,
                            "Actual Rows": 139736,
                            "Actual Loops": 2,
                            "Hash Buckets": 524288,
                            "Original Hash Buckets": 524288,
                            "Hash Batches": 1,
                            "Original Hash Batches": 1,
                            "Peak Memory Usage": 15072,
                            "Plans": [
                              {
                                "Node Type": "Seq Scan",
                                "Parent Relationship": "Outer",
                                "Parallel Aware": true,
                                "Relation Name": "title",
                                "Alias": "t",
                                "Startup Cost": 0.0,
                                "Total Cost": 58306.47,
                                "Plan Rows": 161454,
                                "Plan Width": 4,
                                "Actual Startup Time": 0.029,
                                "Actual Total Time": 144.773,
                                "Actual Rows": 139736,
                                "Actual Loops": 2,
                                "Filter": "((kind_id > 2) AND (production_year > 2010))",
                                "Rows Removed by Filter": 1124420
                              }
                            ]
                          }
                        ]
                      }
                    ]
                  }
                ]
              }
            ]
          }
        ]
      }
    ]
  },
  "Planning Time": 0.965,
  "Triggers": [],
  "Execution Time": 1773.374
}