[
  {
    "Plan": {
      "Node Type": "Aggregate",
      "Strategy": "Plain",
      "Partial Mode": "Finalize",
      "Parallel Aware": false,
      "Startup Cost": 231504.65,
      "Total Cost": 231504.66,
      "Plan Rows": 1,
      "Plan Width": 8,
      "Actual Startup Time": 241.465,
      "Actual Total Time": 256.996,
      "Actual Rows": 1,
      "Actual Loops": 1,
      "Plans": [
        {
          "Node Type": "Gather",
          "Parent Relationship": "Outer",
          "Parallel Aware": false,
          "Startup Cost": 231504.13,
          "Total Cost": 231504.64,
          "Plan Rows": 5,
          "Plan Width": 8,
          "Actual Startup Time": 238.887,
          "Actual Total Time": 256.978,
          "Actual Rows": 6,
          "Actual Loops": 1,
          "Workers Planned": 5,
          "Workers Launched": 5,
          "Single Copy": false,
          "Plans": [
            {
              "Node Type": "Aggregate",
              "Strategy": "Plain",
              "Partial Mode": "Partial",
              "Parent Relationship": "Outer",
              "Parallel Aware": false,
              "Startup Cost": 230504.13,
              "Total Cost": 230504.14,
              "Plan Rows": 1,
              "Plan Width": 8,
              "Actual Startup Time": 229.512,
              "Actual Total Time": 229.518,
              "Actual Rows": 1,
              "Actual Loops": 6,
              "Plans": [
                {
                  "Node Type": "Nested Loop",
                  "Parent Relationship": "Outer",
                  "Parallel Aware": false,
                  "Join Type": "Inner",
                  "Startup Cost": 55000.44,
                  "Total Cost": 230478.16,
                  "Plan Rows": 10389,
                  "Plan Width": 0,
                  "Actual Startup Time": 148.985,
                  "Actual Total Time": 228.256,
                  "Actual Rows": 18052,
                  "Actual Loops": 6,
                  "Inner Unique": false,
                  "Join Filter": "(t.id = mi_idx.movie_id)",
                  "Rows Removed by Join Filter": 0,
                  "Plans": [
                    {
                      "Node Type": "Hash Join",
                      "Parent Relationship": "Outer",
                      "Parallel Aware": true,
                      "Join Type": "Inner",
                      "Startup Cost": 55000.02,
                      "Total Cost": 218616.34,
                      "Plan Rows": 19035,
                      "Plan Width": 8,
                      "Actual Startup Time": 148.811,
                      "Actual Total Time": 184.591,
                      "Actual Rows": 8426,
                      "Actual Loops": 6,
                      "Inner Unique": true,
                      "Hash Cond": "(mi.movie_id = t.id)",
                      "Plans": [
                        {
                          "Node Type": "Bitmap Heap Scan",
                          "Parent Relationship": "Outer",
                          "Parallel Aware": true,
                          "Relation Name": "movie_info",
                          "Alias": "mi",
                          "Startup Cost": 9699.36,
                          "Total Cost": 173033.94,
                          "Plan Rows": 107327,
                          "Plan Width": 4,
                          "Actual Startup Time": 28.604,
                          "Actual Total Time": 44.519,
                          "Actual Rows": 90561,
                          "Actual Loops": 6,
                          "Recheck Cond": "(info_type_id > 98)",
                          "Rows Removed by Index Recheck": 0,
                          "Exact Heap Blocks": 1287,
                          "Lossy Heap Blocks": 0,
                          "Plans": [
                            {
                              "Node Type": "Bitmap Index Scan",
                              "Parent Relationship": "Outer",
                              "Parallel Aware": false,
                              "Index Name": "info_type_id_movie_info",
                              "Startup Cost": 0.0,
                              "Total Cost": 9565.2,
                              "Plan Rows": 536635,
                              "Plan Width": 0,
                              "Actual Startup Time": 27.638,
                              "Actual Total Time": 27.638,
                              "Actual Rows": 543367,
                              "Actual Loops": 1,
                              "Index Cond": "(info_type_id > 98)"
                            }
                          ]
                        },
                        {
                          "Node Type": "Hash",
                          "Parent Relationship": "Inner",
                          "Parallel Aware": true,
                          "Startup Cost": 43899.32,
                          "Total Cost": 43899.32,
                          "Plan Rows": 112107,
                          "Plan Width": 4,
                          "Actual Startup Time": 118.116,
                          "Actual Total Time": 118.117,
                          "Actual Rows": 77594,
                          "Actual Loops": 6,
                          "Hash Buckets": 524288,
                          "Original Hash Buckets": 524288,
                          "Hash Batches": 1,
                          "Original Hash Batches": 1,
                          "Peak Memory Usage": 22432,
                          "Plans": [
                            {
                              "Node Type": "Seq Scan",
                              "Parent Relationship": "Outer",
                              "Parallel Aware": true,
                              "Relation Name": "title",
                              "Alias": "t",
                              "Startup Cost": 0.0,
                              "Total Cost": 43899.32,
                              "Plan Rows": 112107,
                              "Plan Width": 4,
                              "Actual Startup Time": 0.042,
                              "Actual Total Time": 82.853,
                              "Actual Rows": 77594,
                              "Actual Loops": 6,
                              "Filter": "(production_year < 1977)",
                              "Rows Removed by Filter": 343792
                            }
                          ]
                        }
                      ]
                    },
                    {
                      "Node Type": "Index Only Scan",
                      "Parent Relationship": "Inner",
                      "Parallel Aware": false,
                      "Scan Direction": "Forward",
                      "Index Name": "movie_id_movie_info_idx",
                      "Relation Name": "movie_info_idx",
                      "Alias": "mi_idx",
                      "Startup Cost": 0.43,
                      "Total Cost": 0.59,
                      "Plan Rows": 3,
                      "Plan Width": 4,
                      "Actual Startup Time": 0.004,
                      "Actual Total Time": 0.005,
                      "Actual Rows": 2,
                      "Actual Loops": 50557,
                      "Index Cond": "(movie_id = mi.movie_id)",
                      "Rows Removed by Index Recheck": 0,
                      "Heap Fetches": 108315
                    }
                  ]
                }
              ]
            }
          ]
        }
      ]
    },
    "Planning Time": 0.97,
    "Triggers": [],
    "Execution Time": 257.08
  }
]