[
  {
    "Plan": {
      "Node Type": "Aggregate",
      "Strategy": "Plain",
      "Partial Mode": "Finalize",
      "Parallel Aware": false,
      "Startup Cost": 346147.67,
      "Total Cost": 346147.68,
      "Plan Rows": 1,
      "Plan Width": 8,
      "Actual Startup Time": 586.22,
      "Actual Total Time": 641.498,
      "Actual Rows": 1,
      "Actual Loops": 1,
      "Plans": [
        {
          "Node Type": "Gather",
          "Parent Relationship": "Outer",
          "Parallel Aware": false,
          "Startup Cost": 346147.05,
          "Total Cost": 346147.66,
          "Plan Rows": 6,
          "Plan Width": 8,
          "Actual Startup Time": 586.086,
          "Actual Total Time": 641.489,
          "Actual Rows": 7,
          "Actual Loops": 1,
          "Workers Planned": 6,
          "Workers Launched": 6,
          "Single Copy": false,
          "Plans": [
            {
              "Node Type": "Aggregate",
              "Strategy": "Plain",
              "Partial Mode": "Partial",
              "Parent Relationship": "Outer",
              "Parallel Aware": false,
              "Startup Cost": 345147.05,
              "Total Cost": 345147.06,
              "Plan Rows": 1,
              "Plan Width": 8,
              "Actual Startup Time": 577.655,
              "Actual Total Time": 577.656,
              "Actual Rows": 1,
              "Actual Loops": 7,
              "Plans": [
                {
                  "Node Type": "Seq Scan",
                  "Parent Relationship": "Outer",
                  "Parallel Aware": true,
                  "Relation Name": "cast_info",
                  "Alias": "ci",
                  "Startup Cost": 0.0,
                  "Total Cost": 343257.03,
                  "Plan Rows": 756007,
                  "Plan Width": 0,
                  "Actual Startup Time": 389.242,
                  "Actual Total Time": 567.647,
                  "Actual Rows": 251895,
                  "Actual Loops": 7,
                  "Filter": "((person_id > 3100142) AND (role_id < 8))",
                  "Rows Removed by Filter": 4925868
                }
              ]
            }
          ]
        }
      ]
    },
    "Planning Time": 0.269,
    "Triggers": [],
    "Execution Time": 641.573
  }
]