[
  {
    "Plan": {
      "Node Type": "Aggregate",
      "Strategy": "Plain",
      "Partial Mode": "Finalize",
      "Parallel Aware": false,
      "Startup Cost": 31534.1,
      "Total Cost": 31534.11,
      "Plan Rows": 1,
      "Plan Width": 8,
      "Actual Startup Time": 102.693,
      "Actual Total Time": 110.604,
      "Actual Rows": 1,
      "Actual Loops": 1,
      "Plans": [
        {
          "Node Type": "Gather",
          "Parent Relationship": "Outer",
          "Parallel Aware": false,
          "Startup Cost": 31533.79,
          "Total Cost": 31534.1,
          "Plan Rows": 3,
          "Plan Width": 8,
          "Actual Startup Time": 102.586,
          "Actual Total Time": 110.597,
          "Actual Rows": 4,
          "Actual Loops": 1,
          "Workers Planned": 3,
          "Workers Launched": 3,
          "Single Copy": false,
          "Plans": [
            {
              "Node Type": "Aggregate",
              "Strategy": "Plain",
              "Partial Mode": "Partial",
              "Parent Relationship": "Outer",
              "Parallel Aware": false,
              "Startup Cost": 30533.79,
              "Total Cost": 30533.8,
              "Plan Rows": 1,
              "Plan Width": 8,
              "Actual Startup Time": 95.97,
              "Actual Total Time": 95.971,
              "Actual Rows": 1,
              "Actual Loops": 4,
              "Plans": [
                {
                  "Node Type": "Seq Scan",
                  "Parent Relationship": "Outer",
                  "Parallel Aware": true,
                  "Relation Name": "movie_companies",
                  "Alias": "mc",
                  "Startup Cost": 0.0,
                  "Total Cost": 29310.68,
                  "Plan Rows": 489242,
                  "Plan Width": 0,
                  "Actual Startup Time": 0.04,
                  "Actual Total Time": 76.317,
                  "Actual Rows": 377576,
                  "Actual Loops": 4,
                  "Filter": "(company_id < 14070)",
                  "Rows Removed by Filter": 274707
                }
              ]
            }
          ]
        }
      ]
    },
    "Planning Time": 0.186,
    "Triggers": [],
    "Execution Time": 110.659
  }
]