[
    {
        "Bao": {
            "Bao prediction": 466.373,
            "Bao recommended hint": "(no hint)"
        }
    },
    {
        "Plan": {
            "Node Type": "Aggregate",
            "Strategy": "Plain",
            "Partial Mode": "Finalize",
            "Parallel Aware": false,
            "Startup Cost": 44786.56,
            "Total Cost": 44786.57,
            "Plan Rows": 1,
            "Plan Width": 8,
            "Actual Startup Time": 156.515,
            "Actual Total Time": 163.885,
            "Actual Rows": 1,
            "Actual Loops": 1,
            "Output": [
                "count(*)"
            ],
            "Plans": [
                {
                    "Node Type": "Gather",
                    "Parent Relationship": "Outer",
                    "Parallel Aware": false,
                    "Startup Cost": 44786.24,
                    "Total Cost": 44786.55,
                    "Plan Rows": 3,
                    "Plan Width": 8,
                    "Actual Startup Time": 156.399,
                    "Actual Total Time": 163.877,
                    "Actual Rows": 4,
                    "Actual Loops": 1,
                    "Output": [
                        "(PARTIAL count(*))"
                    ],
                    "Workers Planned": 3,
                    "Workers Launched": 3,
                    "Single Copy": false,
                    "Plans": [
                        {
                            "Node Type": "Aggregate",
                            "Strategy": "Plain",
                            "Partial Mode": "Partial",
                            "Parent Relationship": "Outer",
                            "Parallel Aware": false,
                            "Startup Cost": 43786.24,
                            "Total Cost": 43786.25,
                            "Plan Rows": 1,
                            "Plan Width": 8,
                            "Actual Startup Time": 148.583,
                            "Actual Total Time": 148.584,
                            "Actual Rows": 1,
                            "Actual Loops": 4,
                            "Output": [
                                "PARTIAL count(*)"
                            ],
                            "Workers": [
                                {
                                    "Worker Number": 0,
                                    "Actual Startup Time": 146.074,
                                    "Actual Total Time": 146.075,
                                    "Actual Rows": 1,
                                    "Actual Loops": 1
                                },
                                {
                                    "Worker Number": 1,
                                    "Actual Startup Time": 146.071,
                                    "Actual Total Time": 146.072,
                                    "Actual Rows": 1,
                                    "Actual Loops": 1
                                },
                                {
                                    "Worker Number": 2,
                                    "Actual Startup Time": 146.388,
                                    "Actual Total Time": 146.389,
                                    "Actual Rows": 1,
                                    "Actual Loops": 1
                                }
                            ],
                            "Plans": [
                                {
                                    "Node Type": "Seq Scan",
                                    "Parent Relationship": "Outer",
                                    "Parallel Aware": true,
                                    "Relation Name": "movie_keyword",
                                    "Schema": "public",
                                    "Alias": "mk",
                                    "Startup Cost": 0.0,
                                    "Total Cost": 42695.65,
                                    "Plan Rows": 436235,
                                    "Plan Width": 0,
                                    "Actual Startup Time": 2.164,
                                    "Actual Total Time": 126.7,
                                    "Actual Rows": 331651,
                                    "Actual Loops": 4,
                                    "Output": [
                                        "id",
                                        "movie_id",
                                        "keyword_id"
                                    ],
                                    "Filter": "(mk.keyword_id > 13021)",
                                    "Rows Removed by Filter": 799332,
                                    "Workers": [
                                        {
                                            "Worker Number": 0,
                                            "Actual Startup Time": 0.067,
                                            "Actual Total Time": 124.795,
                                            "Actual Rows": 275061,
                                            "Actual Loops": 1
                                        },
                                        {
                                            "Worker Number": 1,
                                            "Actual Startup Time": 0.058,
                                            "Actual Total Time": 124.735,
                                            "Actual Rows": 275202,
                                            "Actual Loops": 1
                                        },
                                        {
                                            "Worker Number": 2,
                                            "Actual Startup Time": 0.059,
                                            "Actual Total Time": 125.078,
                                            "Actual Rows": 274248,
                                            "Actual Loops": 1
                                        }
                                    ]
                                }
                            ]
                        }
                    ]
                }
            ]
        },
        "Planning Time": 954.875,
        "Triggers": [],
        "Execution Time": 163.961
    }
]