[
  {
    "Plan": {
      "Node Type": "Aggregate",
      "Strategy": "Plain",
      "Partial Mode": "Finalize",
      "Parallel Aware": false,
      "Startup Cost": 30960.97,
      "Total Cost": 30960.98,
      "Plan Rows": 1,
      "Plan Width": 8,
      "Actual Startup Time": 90.618,
      "Actual Total Time": 98.665,
      "Actual Rows": 1,
      "Actual Loops": 1,
      "Plans": [
        {
          "Node Type": "Gather",
          "Parent Relationship": "Outer",
          "Parallel Aware": false,
          "Startup Cost": 30960.65,
          "Total Cost": 30960.96,
          "Plan Rows": 3,
          "Plan Width": 8,
          "Actual Startup Time": 90.5,
          "Actual Total Time": 98.656,
          "Actual Rows": 4,
          "Actual Loops": 1,
          "Workers Planned": 3,
          "Workers Launched": 3,
          "Single Copy": false,
          "Plans": [
            {
              "Node Type": "Aggregate",
              "Strategy": "Plain",
              "Partial Mode": "Partial",
              "Parent Relationship": "Outer",
              "Parallel Aware": false,
              "Startup Cost": 29960.65,
              "Total Cost": 29960.66,
              "Plan Rows": 1,
              "Plan Width": 8,
              "Actual Startup Time": 84.7,
              "Actual Total Time": 84.701,
              "Actual Rows": 1,
              "Actual Loops": 4,
              "Plans": [
                {
                  "Node Type": "Seq Scan",
                  "Parent Relationship": "Outer",
                  "Parallel Aware": true,
                  "Relation Name": "movie_companies",
                  "Alias": "mc",
                  "Startup Cost": 0.0,
                  "Total Cost": 29310.68,
                  "Plan Rows": 259989,
                  "Plan Width": 0,
                  "Actual Startup Time": 0.033,
                  "Actual Total Time": 72.462,
                  "Actual Rows": 200094,
                  "Actual Loops": 4,
                  "Filter": "(company_id < 1749)",
                  "Rows Removed by Filter": 452188
                }
              ]
            }
          ]
        }
      ]
    },
    "Planning Time": 0.166,
    "Triggers": [],
    "Execution Time": 98.713
  }
]