[
  {
    "Plan": {
      "Node Type": "Aggregate",
      "Strategy": "Plain",
      "Partial Mode": "Finalize",
      "Parallel Aware": false,
      "Startup Cost": 59214.38,
      "Total Cost": 59214.39,
      "Plan Rows": 1,
      "Plan Width": 8,
      "Actual Startup Time": 329.854,
      "Actual Total Time": 342.03,
      "Actual Rows": 1,
      "Actual Loops": 1,
      "Plans": [
        {
          "Node Type": "Gather",
          "Parent Relationship": "Outer",
          "Parallel Aware": false,
          "Startup Cost": 59214.07,
          "Total Cost": 59214.38,
          "Plan Rows": 3,
          "Plan Width": 8,
          "Actual Startup Time": 323.568,
          "Actual Total Time": 342.019,
          "Actual Rows": 4,
          "Actual Loops": 1,
          "Workers Planned": 3,
          "Workers Launched": 3,
          "Single Copy": false,
          "Plans": [
            {
              "Node Type": "Aggregate",
              "Strategy": "Plain",
              "Partial Mode": "Partial",
              "Parent Relationship": "Outer",
              "Parallel Aware": false,
              "Startup Cost": 58214.07,
              "Total Cost": 58214.08,
              "Plan Rows": 1,
              "Plan Width": 8,
              "Actual Startup Time": 314.224,
              "Actual Total Time": 314.228,
              "Actual Rows": 1,
              "Actual Loops": 4,
              "Plans": [
                {
                  "Node Type": "Hash Join",
                  "Parent Relationship": "Outer",
                  "Parallel Aware": true,
                  "Join Type": "Inner",
                  "Startup Cost": 48758.94,
                  "Total Cost": 58079.63,
                  "Plan Rows": 53774,
                  "Plan Width": 0,
                  "Actual Startup Time": 277.409,
                  "Actual Total Time": 313.401,
                  "Actual Rows": 14593,
                  "Actual Loops": 4,
                  "Inner Unique": true,
                  "Hash Cond": "(ci.movie_id = t.id)",
                  "Plans": [
                    {
                      "Node Type": "Index Scan",
                      "Parent Relationship": "Outer",
                      "Parallel Aware": true,
                      "Scan Direction": "Forward",
                      "Index Name": "role_id_cast_info",
                      "Relation Name": "cast_info",
                      "Alias": "ci",
                      "Startup Cost": 0.56,
                      "Total Cost": 9091.72,
                      "Plan Rows": 87442,
                      "Plan Width": 4,
                      "Actual Startup Time": 0.119,
                      "Actual Total Time": 17.17,
                      "Actual Rows": 28252,
                      "Actual Loops": 4,
                      "Index Cond": "(role_id > 10)",
                      "Rows Removed by Index Recheck": 0,
                      "Filter": "(person_id < 3162435)",
                      "Rows Removed by Filter": 50778
                    },
                    {
                      "Node Type": "Hash",
                      "Parent Relationship": "Inner",
                      "Parallel Aware": true,
                      "Startup Cost": 43899.32,
                      "Total Cost": 43899.32,
                      "Plan Rows": 388724,
                      "Plan Width": 4,
                      "Actual Startup Time": 270.927,
                      "Actual Total Time": 270.928,
                      "Actual Rows": 388966,
                      "Actual Loops": 4,
                      "Hash Buckets": 2097152,
                      "Original Hash Buckets": 2097152,
                      "Hash Batches": 1,
                      "Original Hash Batches": 1,
                      "Peak Memory Usage": 77312,
                      "Plans": [
                        {
                          "Node Type": "Seq Scan",
                          "Parent Relationship": "Outer",
                          "Parallel Aware": true,
                          "Relation Name": "title",
                          "Alias": "t",
                          "Startup Cost": 0.0,
                          "Total Cost": 43899.32,
                          "Plan Rows": 388724,
                          "Plan Width": 4,
                          "Actual Startup Time": 0.056,
                          "Actual Total Time": 113.316,
                          "Actual Rows": 388966,
                          "Actual Loops": 4,
                          "Filter": "(kind_id > 4)",
                          "Rows Removed by Filter": 243112
                        }
                      ]
                    }
                  ]
                }
              ]
            }
          ]
        }
      ]
    },
    "Planning Time": 0.36,
    "Triggers": [],
    "Execution Time": 342.077
  }
]