{
    "Plan": {
        "Node Type": "Aggregate",
        "Strategy": "Plain",
        "Partial Mode": "Simple",
        "Parallel Aware": false,
        "Startup Cost": 70145610036.03,
        "Total Cost": 70145610036.04,
        "Plan Rows": 1,
        "Plan Width": 96,
        "Actual Startup Time": 12927.241,
        "Actual Total Time": 13082.588,
        "Actual Rows": 1,
        "Actual Loops": 1,
        "Output": [
            "min(chn.name)",
            "min(n.name)",
            "min(t.title)"
        ],
        "Plans": [
            {
                "Node Type": "Nested Loop",
                "Parent Relationship": "Outer",
                "Parallel Aware": false,
                "Join Type": "Inner",
                "Startup Cost": 70145604963.37,
                "Total Cost": 70145610036.02,
                "Plan Rows": 1,
                "Plan Width": 48,
                "Actual Startup Time": 12872.859,
                "Actual Total Time": 13082.57,
                "Actual Rows": 5,
                "Actual Loops": 1,
                "Output": [
                    "chn.name",
                    "n.name",
                    "t.title"
                ],
                "Inner Unique": true,
                "Join Filter": "(ci.person_id = n.id)",
                "Rows Removed by Join Filter": 0,
                "Plans": [
                    {
                        "Node Type": "Gather",
                        "Parent Relationship": "Outer",
                        "Parallel Aware": false,
                        "Startup Cost": 60145604962.87,
                        "Total Cost": 60145610031.48,
                        "Plan Rows": 1,
                        "Plan Width": 41,
                        "Actual Startup Time": 12872.806,
                        "Actual Total Time": 13082.441,
                        "Actual Rows": 11,
                        "Actual Loops": 1,
                        "Output": [
                            "an.person_id",
                            "ci.person_id",
                            "chn.name",
                            "t.title"
                        ],
                        "Workers Planned": 1,
                        "Workers Launched": 1,
                        "Single Copy": false,
                        "Plans": [
                            {
                                "Node Type": "Hash Join",
                                "Parent Relationship": "Outer",
                                "Parallel Aware": true,
                                "Join Type": "Inner",
                                "Startup Cost": 60145603962.87,
                                "Total Cost": 60145609031.38,
                                "Plan Rows": 1,
                                "Plan Width": 41,
                                "Actual Startup Time": 12870.978,
                                "Actual Total Time": 12876.804,
                                "Actual Rows": 6,
                                "Actual Loops": 2,
                                "Output": [
                                    "an.person_id",
                                    "ci.person_id",
                                    "chn.name",
                                    "t.title"
                                ],
                                "Inner Unique": false,
                                "Hash Cond": "(cn.id = mc.company_id)",
                                "Workers": [
                                    {
                                        "Worker Number": 0,
                                        "Actual Startup Time": 12869.875,
                                        "Actual Total Time": 12869.904,
                                        "Actual Rows": 0,
                                        "Actual Loops": 1
                                    }
                                ],
                                "Plans": [
                                    {
                                        "Node Type": "Seq Scan",
                                        "Parent Relationship": "Outer",
                                        "Parallel Aware": true,
                                        "Relation Name": "company_name",
                                        "Schema": "public",
                                        "Alias": "cn",
                                        "Startup Cost": 0.0,
                                        "Total Cost": 5068.5,
                                        "Plan Rows": 1,
                                        "Plan Width": 4,
                                        "Actual Startup Time": 8.287,
                                        "Actual Total Time": 14.071,
                                        "Actual Rows": 0,
                                        "Actual Loops": 2,
                                        "Output": [
                                            "cn.id",
                                            "cn.name",
                                            "cn.country_code",
                                            "cn.imdb_id",
                                            "cn.name_pcode_nf",
                                            "cn.name_pcode_sf",
                                            "cn.md5sum"
                                        ],
                                        "Filter": "(((cn.country_code)::text = '[us]'::text) AND (cn.name = 'NBC Universal Television'::text))",
                                        "Rows Removed by Filter": 117498,
                                        "Workers": [
                                            {
                                                "Worker Number": 0,
                                                "Actual Startup Time": 14.194,
                                                "Actual Total Time": 14.195,
                                                "Actual Rows": 0,
                                                "Actual Loops": 1
                                            }
                                        ]
                                    },
                                    {
                                        "Node Type": "Hash",
                                        "Parent Relationship": "Inner",
                                        "Parallel Aware": true,
                                        "Startup Cost": 60145603962.85,
                                        "Total Cost": 60145603962.85,
                                        "Plan Rows": 1,
                                        "Plan Width": 45,
                                        "Actual Startup Time": 12862.045,
                                        "Actual Total Time": 12862.083,
                                        "Actual Rows": 11,
                                        "Actual Loops": 2,
                                        "Output": [
                                            "an.person_id",
                                            "ci.person_id",
                                            "chn.name",
                                            "mc.company_id",
                                            "t.title"
                                        ],
                                        "Hash Buckets": 1024,
                                        "Original Hash Buckets": 1024,
                                        "Hash Batches": 1,
                                        "Original Hash Batches": 1,
                                        "Peak Memory Usage": 72,
                                        "Workers": [
                                            {
                                                "Worker Number": 0,
                                                "Actual Startup Time": 12855.038,
                                                "Actual Total Time": 12855.066,
                                                "Actual Rows": 8,
                                                "Actual Loops": 1
                                            }
                                        ],
                                        "Plans": [
                                            {
                                                "Node Type": "Merge Join",
                                                "Parent Relationship": "Outer",
                                                "Parallel Aware": false,
                                                "Join Type": "Inner",
                                                "Startup Cost": 60145603962.83,
                                                "Total Cost": 60145603962.85,
                                                "Plan Rows": 1,
                                                "Plan Width": 45,
                                                "Actual Startup Time": 12861.332,
                                                "Actual Total Time": 12861.373,
                                                "Actual Rows": 11,
                                                "Actual Loops": 2,
                                                "Output": [
                                                    "an.person_id",
                                                    "ci.person_id",
                                                    "chn.name",
                                                    "mc.company_id",
                                                    "t.title"
                                                ],
                                                "Inner Unique": false,
                                                "Merge Cond": "(ci.role_id = rt.id)",
                                                "Workers": [
                                                    {
                                                        "Worker Number": 0,
                                                        "Actual Startup Time": 12853.646,
                                                        "Actual Total Time": 12853.677,
                                                        "Actual Rows": 8,
                                                        "Actual Loops": 1
                                                    }
                                                ],
                                                "Plans": [
                                                    {
                                                        "Node Type": "Sort",
                                                        "Parent Relationship": "Outer",
                                                        "Parallel Aware": false,
                                                        "Startup Cost": 50145603961.67,
                                                        "Total Cost": 50145603961.67,
                                                        "Plan Rows": 1,
                                                        "Plan Width": 49,
                                                        "Actual Startup Time": 12861.279,
                                                        "Actual Total Time": 12861.317,
                                                        "Actual Rows": 55,
                                                        "Actual Loops": 2,
                                                        "Output": [
                                                            "an.person_id",
                                                            "ci.person_id",
                                                            "ci.role_id",
                                                            "chn.name",
                                                            "mc.company_id",
                                                            "t.title"
                                                        ],
                                                        "Sort Key": [
                                                            "ci.role_id"
                                                        ],
                                                        "Sort Method": "quicksort",
                                                        "Sort Space Used": 29,
                                                        "Sort Space Type": "Memory",
                                                        "Workers": [
                                                            {
                                                                "Worker Number": 0,
                                                                "Actual Startup Time": 12853.58,
                                                                "Actual Total Time": 12853.609,
                                                                "Actual Rows": 54,
                                                                "Actual Loops": 1
                                                            }
                                                        ],
                                                        "Plans": [
                                                            {
                                                                "Node Type": "Hash Join",
                                                                "Parent Relationship": "Outer",
                                                                "Parallel Aware": true,
                                                                "Join Type": "Inner",
                                                                "Startup Cost": 50142237217.57,
                                                                "Total Cost": 50145603961.66,
                                                                "Plan Rows": 1,
                                                                "Plan Width": 49,
                                                                "Actual Startup Time": 12491.915,
                                                                "Actual Total Time": 12861.229,
                                                                "Actual Rows": 55,
                                                                "Actual Loops": 2,
                                                                "Output": [
                                                                    "an.person_id",
                                                                    "ci.person_id",
                                                                    "ci.role_id",
                                                                    "chn.name",
                                                                    "mc.company_id",
                                                                    "t.title"
                                                                ],
                                                                "Inner Unique": false,
                                                                "Hash Cond": "(mc.movie_id = t.id)",
                                                                "Workers": [
                                                                    {
                                                                        "Worker Number": 0,
                                                                        "Actual Startup Time": 12463.068,
                                                                        "Actual Total Time": 12853.496,
                                                                        "Actual Rows": 54,
                                                                        "Actual Loops": 1
                                                                    }
                                                                ],
                                                                "Plans": [
                                                                    {
                                                                        "Node Type": "Hash Join",
                                                                        "Parent Relationship": "Outer",
                                                                        "Parallel Aware": true,
                                                                        "Join Type": "Inner",
                                                                        "Startup Cost": 20138318890.07,
                                                                        "Total Cost": 20141678859.78,
                                                                        "Plan Rows": 1806500,
                                                                        "Plan Width": 40,
                                                                        "Actual Startup Time": 4138.261,
                                                                        "Actual Total Time": 4491.317,
                                                                        "Actual Rows": 1702686,
                                                                        "Actual Loops": 2,
                                                                        "Output": [
                                                                            "an.person_id",
                                                                            "ci.movie_id",
                                                                            "ci.person_id",
                                                                            "ci.role_id",
                                                                            "chn.name",
                                                                            "mc.movie_id",
                                                                            "mc.company_id"
                                                                        ],
                                                                        "Inner Unique": false,
                                                                        "Hash Cond": "(an.person_id = ci.person_id)",
                                                                        "Workers": [
                                                                            {
                                                                                "Worker Number": 0,
                                                                                "Actual Startup Time": 4138.253,
                                                                                "Actual Total Time": 4488.498,
                                                                                "Actual Rows": 1698317,
                                                                                "Actual Loops": 1
                                                                            }
                                                                        ],
                                                                        "Plans": [
                                                                            {
                                                                                "Node Type": "Seq Scan",
                                                                                "Parent Relationship": "Outer",
                                                                                "Parallel Aware": true,
                                                                                "Relation Name": "aka_name",
                                                                                "Schema": "public",
                                                                                "Alias": "an",
                                                                                "Startup Cost": 10000000000.0,
                                                                                "Total Cost": 10000014303.56,
                                                                                "Plan Rows": 290756,
                                                                                "Plan Width": 4,
                                                                                "Actual Startup Time": 0.019,
                                                                                "Actual Total Time": 50.979,
                                                                                "Actual Rows": 450672,
                                                                                "Actual Loops": 2,
                                                                                "Output": [
                                                                                    "an.id",
                                                                                    "an.person_id",
                                                                                    "an.name",
                                                                                    "an.imdb_index",
                                                                                    "an.name_pcode_cf",
                                                                                    "an.name_pcode_nf",
                                                                                    "an.surname_pcode",
                                                                                    "an.md5sum"
                                                                                ],
                                                                                "Workers": [
                                                                                    {
                                                                                        "Worker Number": 0,
                                                                                        "Actual Startup Time": 0.021,
                                                                                        "Actual Total Time": 52.091,
                                                                                        "Actual Rows": 408910,
                                                                                        "Actual Loops": 1
                                                                                    }
                                                                                ]
                                                                            },
                                                                            {
                                                                                "Node Type": "Hash",
                                                                                "Parent Relationship": "Inner",
                                                                                "Parallel Aware": true,
                                                                                "Startup Cost": 10138311623.07,
                                                                                "Total Cost": 10138311623.07,
                                                                                "Plan Rows": 581360,
                                                                                "Plan Width": 36,
                                                                                "Actual Startup Time": 4115.5,
                                                                                "Actual Total Time": 4115.522,
                                                                                "Actual Rows": 702681,
                                                                                "Actual Loops": 2,
                                                                                "Output": [
                                                                                    "chn.name",
                                                                                    "ci.movie_id",
                                                                                    "ci.person_id",
                                                                                    "ci.role_id",
                                                                                    "mc.movie_id",
                                                                                    "mc.company_id"
                                                                                ],
                                                                                "Hash Buckets": 4194304,
                                                                                "Original Hash Buckets": 4194304,
                                                                                "Hash Batches": 1,
                                                                                "Original Hash Batches": 1,
                                                                                "Peak Memory Usage": 126432,
                                                                                "Workers": [
                                                                                    {
                                                                                        "Worker Number": 0,
                                                                                        "Actual Startup Time": 4092.989,
                                                                                        "Actual Total Time": 4093.006,
                                                                                        "Actual Rows": 662819,
                                                                                        "Actual Loops": 1
                                                                                    }
                                                                                ],
                                                                                "Plans": [
                                                                                    {
                                                                                        "Node Type": "Merge Join",
                                                                                        "Parent Relationship": "Outer",
                                                                                        "Parallel Aware": false,
                                                                                        "Join Type": "Inner",
                                                                                        "Startup Cost": 10138291712.5,
                                                                                        "Total Cost": 10138311623.07,
                                                                                        "Plan Rows": 581360,
                                                                                        "Plan Width": 36,
                                                                                        "Actual Startup Time": 3448.305,
                                                                                        "Actual Total Time": 3877.749,
                                                                                        "Actual Rows": 702681,
                                                                                        "Actual Loops": 2,
                                                                                        "Output": [
                                                                                            "chn.name",
                                                                                            "ci.movie_id",
                                                                                            "ci.person_id",
                                                                                            "ci.role_id",
                                                                                            "mc.movie_id",
                                                                                            "mc.company_id"
                                                                                        ],
                                                                                        "Inner Unique": false,
                                                                                        "Merge Cond": "(ci.movie_id = mc.movie_id)",
                                                                                        "Workers": [
                                                                                            {
                                                                                                "Worker Number": 0,
                                                                                                "Actual Startup Time": 3454.936,
                                                                                                "Actual Total Time": 3874.136,
                                                                                                "Actual Rows": 662819,
                                                                                                "Actual Loops": 1
                                                                                            }
                                                                                        ],
                                                                                        "Plans": [
                                                                                            {
                                                                                                "Node Type": "Sort",
                                                                                                "Parent Relationship": "Outer",
                                                                                                "Parallel Aware": false,
                                                                                                "Startup Cost": 137968761.5,
                                                                                                "Total Cost": 137969287.16,
                                                                                                "Plan Rows": 210266,
                                                                                                "Plan Width": 28,
                                                                                                "Actual Startup Time": 2589.075,
                                                                                                "Actual Total Time": 2654.246,
                                                                                                "Actual Rows": 400628,
                                                                                                "Actual Loops": 2,
                                                                                                "Output": [
                                                                                                    "chn.name",
                                                                                                    "ci.movie_id",
                                                                                                    "ci.person_id",
                                                                                                    "ci.role_id"
                                                                                                ],
                                                                                                "Sort Key": [
                                                                                                    "ci.movie_id"
                                                                                                ],
                                                                                                "Sort Method": "quicksort",
                                                                                                "Sort Space Used": 44943,
                                                                                                "Sort Space Type": "Memory",
                                                                                                "Workers": [
                                                                                                    {
                                                                                                        "Worker Number": 0,
                                                                                                        "Actual Startup Time": 2586.761,
                                                                                                        "Actual Total Time": 2649.822,
                                                                                                        "Actual Rows": 380478,
                                                                                                        "Actual Loops": 1
                                                                                                    }
                                                                                                ],
                                                                                                "Plans": [
                                                                                                    {
                                                                                                        "Node Type": "Hash Join",
                                                                                                        "Parent Relationship": "Outer",
                                                                                                        "Parallel Aware": true,
                                                                                                        "Join Type": "Inner",
                                                                                                        "Startup Cost": 345071.15,
                                                                                                        "Total Cost": 137950172.03,
                                                                                                        "Plan Rows": 210266,
                                                                                                        "Plan Width": 28,
                                                                                                        "Actual Startup Time": 1922.261,
                                                                                                        "Actual Total Time": 2465.17,
                                                                                                        "Actual Rows": 400630,
                                                                                                        "Actual Loops": 2,
                                                                                                        "Output": [
                                                                                                            "chn.name",
                                                                                                            "ci.movie_id",
                                                                                                            "ci.person_id",
                                                                                                            "ci.role_id"
                                                                                                        ],
                                                                                                        "Inner Unique": false,
                                                                                                        "Hash Cond": "(chn.id = ci.person_role_id)",
                                                                                                        "Workers": [
                                                                                                            {
                                                                                                                "Worker Number": 0,
                                                                                                                "Actual Startup Time": 1922.351,
                                                                                                                "Actual Total Time": 2467.01,
                                                                                                                "Actual Rows": 380481,
                                                                                                                "Actual Loops": 1
                                                                                                            }
                                                                                                        ],
                                                                                                        "Plans": [
                                                                                                            {
                                                                                                                "Node Type": "Seq Scan",
                                                                                                                "Parent Relationship": "Outer",
                                                                                                                "Parallel Aware": true,
                                                                                                                "Relation Name": "char_name",
                                                                                                                "Schema": "public",
                                                                                                                "Alias": "chn",
                                                                                                                "Startup Cost": 0.0,
                                                                                                                "Total Cost": 44298.57,
                                                                                                                "Plan Rows": 785057,
                                                                                                                "Plan Width": 20,
                                                                                                                "Actual Startup Time": 0.015,
                                                                                                                "Actual Total Time": 150.998,
                                                                                                                "Actual Rows": 1570170,
                                                                                                                "Actual Loops": 2,
                                                                                                                "Output": [
                                                                                                                    "chn.id",
                                                                                                                    "chn.name",
                                                                                                                    "chn.imdb_index",
                                                                                                                    "chn.imdb_id",
                                                                                                                    "chn.name_pcode_nf",
                                                                                                                    "chn.surname_pcode",
                                                                                                                    "chn.md5sum"
                                                                                                                ],
                                                                                                                "Workers": [
                                                                                                                    {
                                                                                                                        "Worker Number": 0,
                                                                                                                        "Actual Startup Time": 0.023,
                                                                                                                        "Actual Total Time": 160.55,
                                                                                                                        "Actual Rows": 1566988,
                                                                                                                        "Actual Loops": 1
                                                                                                                    }
                                                                                                                ]
                                                                                                            },
                                                                                                            {
                                                                                                                "Node Type": "Hash",
                                                                                                                "Parent Relationship": "Inner",
                                                                                                                "Parallel Aware": true,
                                                                                                                "Startup Cost": 343318.94,
                                                                                                                "Total Cost": 343318.94,
                                                                                                                "Plan Rows": 140177,
                                                                                                                "Plan Width": 16,
                                                                                                                "Actual Startup Time": 1918.966,
                                                                                                                "Actual Total Time": 1918.968,
                                                                                                                "Actual Rows": 433738,
                                                                                                                "Actual Loops": 2,
                                                                                                                "Output": [
                                                                                                                    "ci.movie_id",
                                                                                                                    "ci.person_id",
                                                                                                                    "ci.role_id",
                                                                                                                    "ci.person_role_id"
                                                                                                                ],
                                                                                                                "Hash Buckets": 1048576,
                                                                                                                "Original Hash Buckets": 1048576,
                                                                                                                "Hash Batches": 1,
                                                                                                                "Original Hash Batches": 1,
                                                                                                                "Peak Memory Usage": 45824,
                                                                                                                "Workers": [
                                                                                                                    {
                                                                                                                        "Worker Number": 0,
                                                                                                                        "Actual Startup Time": 1915.83,
                                                                                                                        "Actual Total Time": 1915.831,
                                                                                                                        "Actual Rows": 417910,
                                                                                                                        "Actual Loops": 1
                                                                                                                    }
                                                                                                                ],
                                                                                                                "Plans": [
                                                                                                                    {
                                                                                                                        "Node Type": "Seq Scan",
                                                                                                                        "Parent Relationship": "Outer",
                                                                                                                        "Parallel Aware": true,
                                                                                                                        "Relation Name": "cast_info",
                                                                                                                        "Schema": "public",
                                                                                                                        "Alias": "ci",
                                                                                                                        "Startup Cost": 0.0,
                                                                                                                        "Total Cost": 343318.94,
                                                                                                                        "Plan Rows": 140177,
                                                                                                                        "Plan Width": 16,
                                                                                                                        "Actual Startup Time": 0.041,
                                                                                                                        "Actual Total Time": 1801.52,
                                                                                                                        "Actual Rows": 433738,
                                                                                                                        "Actual Loops": 2,
                                                                                                                        "Output": [
                                                                                                                            "ci.movie_id",
                                                                                                                            "ci.person_id",
                                                                                                                            "ci.role_id",
                                                                                                                            "ci.person_role_id"
                                                                                                                        ],
                                                                                                                        "Filter": "(ci.note = ANY ('{(voice),\"(voice: Japanese version)\",\"(voice) (uncredited)\",\"(voice: English version)\"}'::text[]))",
                                                                                                                        "Rows Removed by Filter": 17688434,
                                                                                                                        "Workers": [
                                                                                                                            {
                                                                                                                                "Worker Number": 0,
                                                                                                                                "Actual Startup Time": 0.047,
                                                                                                                                "Actual Total Time": 1802.199,
                                                                                                                                "Actual Rows": 417910,
                                                                                                                                "Actual Loops": 1
                                                                                                                            }
                                                                                                                        ]
                                                                                                                    }
                                                                                                                ]
                                                                                                            }
                                                                                                        ]
                                                                                                    }
                                                                                                ]
                                                                                            },
                                                                                            {
                                                                                                "Node Type": "Sort",
                                                                                                "Parent Relationship": "Inner",
                                                                                                "Parallel Aware": false,
                                                                                                "Startup Cost": 10000322951.0,
                                                                                                "Total Cost": 10000329473.82,
                                                                                                "Plan Rows": 2609129,
                                                                                                "Plan Width": 8,
                                                                                                "Actual Startup Time": 859.195,
                                                                                                "Actual Total Time": 979.338,
                                                                                                "Actual Rows": 3146922,
                                                                                                "Actual Loops": 2,
                                                                                                "Output": [
                                                                                                    "mc.movie_id",
                                                                                                    "mc.company_id"
                                                                                                ],
                                                                                                "Sort Key": [
                                                                                                    "mc.movie_id"
                                                                                                ],
                                                                                                "Sort Method": "quicksort",
                                                                                                "Sort Space Used": 220607,
                                                                                                "Sort Space Type": "Memory",
                                                                                                "Workers": [
                                                                                                    {
                                                                                                        "Worker Number": 0,
                                                                                                        "Actual Startup Time": 868.151,
                                                                                                        "Actual Total Time": 986.443,
                                                                                                        "Actual Rows": 3128225,
                                                                                                        "Actual Loops": 1
                                                                                                    }
                                                                                                ],
                                                                                                "Plans": [
                                                                                                    {
                                                                                                        "Node Type": "Seq Scan",
                                                                                                        "Parent Relationship": "Outer",
                                                                                                        "Parallel Aware": false,
                                                                                                        "Relation Name": "movie_companies",
                                                                                                        "Schema": "public",
                                                                                                        "Alias": "mc",
                                                                                                        "Startup Cost": 10000000000.0,
                                                                                                        "Total Cost": 10000044881.29,
                                                                                                        "Plan Rows": 2609129,
                                                                                                        "Plan Width": 8,
                                                                                                        "Actual Startup Time": 0.032,
                                                                                                        "Actual Total Time": 273.299,
                                                                                                        "Actual Rows": 2609129,
                                                                                                        "Actual Loops": 2,
                                                                                                        "Output": [
                                                                                                            "mc.movie_id",
                                                                                                            "mc.company_id"
                                                                                                        ],
                                                                                                        "Workers": [
                                                                                                            {
                                                                                                                "Worker Number": 0,
                                                                                                                "Actual Startup Time": 0.047,
                                                                                                                "Actual Total Time": 273.605,
                                                                                                                "Actual Rows": 2609129,
                                                                                                                "Actual Loops": 1
                                                                                                            }
                                                                                                        ]
                                                                                                    }
                                                                                                ]
                                                                                            }
                                                                                        ]
                                                                                    }
                                                                                ]
                                                                            }
                                                                        ]
                                                                    },
                                                                    {
                                                                        "Node Type": "Hash",
                                                                        "Parent Relationship": "Inner",
                                                                        "Parallel Aware": true,
                                                                        "Startup Cost": 30003918327.49,
                                                                        "Total Cost": 30003918327.49,
                                                                        "Plan Rows": 1,
                                                                        "Plan Width": 29,
                                                                        "Actual Startup Time": 8286.183,
                                                                        "Actual Total Time": 8286.193,
                                                                        "Actual Rows": 0,
                                                                        "Actual Loops": 2,
                                                                        "Output": [
                                                                            "mi.movie_id",
                                                                            "mk.movie_id",
                                                                            "t.title",
                                                                            "t.id"
                                                                        ],
                                                                        "Hash Buckets": 1024,
                                                                        "Original Hash Buckets": 1024,
                                                                        "Hash Batches": 1,
                                                                        "Original Hash Batches": 1,
                                                                        "Peak Memory Usage": 40,
                                                                        "Workers": [
                                                                            {
                                                                                "Worker Number": 0,
                                                                                "Actual Startup Time": 8279.163,
                                                                                "Actual Total Time": 8279.17,
                                                                                "Actual Rows": 0,
                                                                                "Actual Loops": 1
                                                                            }
                                                                        ],
                                                                        "Plans": [
                                                                            {
                                                                                "Node Type": "Nested Loop",
                                                                                "Parent Relationship": "Outer",
                                                                                "Parallel Aware": false,
                                                                                "Join Type": "Inner",
                                                                                "Startup Cost": 30000780929.16,
                                                                                "Total Cost": 30003918327.49,
                                                                                "Plan Rows": 1,
                                                                                "Plan Width": 29,
                                                                                "Actual Startup Time": 6361.955,
                                                                                "Actual Total Time": 7684.166,
                                                                                "Actual Rows": 0,
                                                                                "Actual Loops": 2,
                                                                                "Output": [
                                                                                    "mi.movie_id",
                                                                                    "mk.movie_id",
                                                                                    "t.title",
                                                                                    "t.id"
                                                                                ],
                                                                                "Inner Unique": true,
                                                                                "Workers": [
                                                                                    {
                                                                                        "Worker Number": 0,
                                                                                        "Actual Startup Time": 7075.149,
                                                                                        "Actual Total Time": 7075.156,
                                                                                        "Actual Rows": 0,
                                                                                        "Actual Loops": 1
                                                                                    }
                                                                                ],
                                                                                "Plans": [
                                                                                    {
                                                                                        "Node Type": "Nested Loop",
                                                                                        "Parent Relationship": "Outer",
                                                                                        "Parallel Aware": false,
                                                                                        "Join Type": "Inner",
                                                                                        "Startup Cost": 30000780928.74,
                                                                                        "Total Cost": 30003918327.03,
                                                                                        "Plan Rows": 1,
                                                                                        "Plan Width": 33,
                                                                                        "Actual Startup Time": 5352.693,
                                                                                        "Actual Total Time": 7683.721,
                                                                                        "Actual Rows": 101,
                                                                                        "Actual Loops": 2,
                                                                                        "Output": [
                                                                                            "mi.movie_id",
                                                                                            "mk.movie_id",
                                                                                            "mk.keyword_id",
                                                                                            "t.title",
                                                                                            "t.id"
                                                                                        ],
                                                                                        "Inner Unique": true,
                                                                                        "Join Filter": "(mi.movie_id = t.id)",
                                                                                        "Rows Removed by Join Filter": 0,
                                                                                        "Workers": [
                                                                                            {
                                                                                                "Worker Number": 0,
                                                                                                "Actual Startup Time": 5057.924,
                                                                                                "Actual Total Time": 7074.733,
                                                                                                "Actual Rows": 88,
                                                                                                "Actual Loops": 1
                                                                                            }
                                                                                        ],
                                                                                        "Plans": [
                                                                                            {
                                                                                                "Node Type": "Nested Loop",
                                                                                                "Parent Relationship": "Outer",
                                                                                                "Parallel Aware": false,
                                                                                                "Join Type": "Inner",
                                                                                                "Startup Cost": 20000780928.3,
                                                                                                "Total Cost": 20003889060.36,
                                                                                                "Plan Rows": 6539,
                                                                                                "Plan Width": 12,
                                                                                                "Actual Startup Time": 2778.878,
                                                                                                "Actual Total Time": 5355.408,
                                                                                                "Actual Rows": 477418,
                                                                                                "Actual Loops": 2,
                                                                                                "Output": [
                                                                                                    "mi.movie_id",
                                                                                                    "mk.movie_id",
                                                                                                    "mk.keyword_id"
                                                                                                ],
                                                                                                "Inner Unique": true,
                                                                                                "Workers": [
                                                                                                    {
                                                                                                        "Worker Number": 0,
                                                                                                        "Actual Startup Time": 2801.557,
                                                                                                        "Actual Total Time": 5066.406,
                                                                                                        "Actual Rows": 415172,
                                                                                                        "Actual Loops": 1
                                                                                                    }
                                                                                                ],
                                                                                                "Plans": [
                                                                                                    {
                                                                                                        "Node Type": "Merge Join",
                                                                                                        "Parent Relationship": "Outer",
                                                                                                        "Parallel Aware": false,
                                                                                                        "Join Type": "Inner",
                                                                                                        "Startup Cost": 10000780928.15,
                                                                                                        "Total Cost": 10000811243.31,
                                                                                                        "Plan Rows": 738907,
                                                                                                        "Plan Width": 16,
                                                                                                        "Actual Startup Time": 2778.796,
                                                                                                        "Actual Total Time": 3345.763,
                                                                                                        "Actual Rows": 477426,
                                                                                                        "Actual Loops": 2,
                                                                                                        "Output": [
                                                                                                            "mi.movie_id",
                                                                                                            "mi.info_type_id",
                                                                                                            "mk.movie_id",
                                                                                                            "mk.keyword_id"
                                                                                                        ],
                                                                                                        "Inner Unique": false,
                                                                                                        "Merge Cond": "(mi.movie_id = mk.movie_id)",
                                                                                                        "Workers": [
                                                                                                            {
                                                                                                                "Worker Number": 0,
                                                                                                                "Actual Startup Time": 2801.44,
                                                                                                                "Actual Total Time": 3353.353,
                                                                                                                "Actual Rows": 415172,
                                                                                                                "Actual Loops": 1
                                                                                                            }
                                                                                                        ],
                                                                                                        "Plans": [
                                                                                                            {
                                                                                                                "Node Type": "Sort",
                                                                                                                "Parent Relationship": "Outer",
                                                                                                                "Parallel Aware": false,
                                                                                                                "Startup Cost": 211133.69,
                                                                                                                "Total Cost": 211286.97,
                                                                                                                "Plan Rows": 61311,
                                                                                                                "Plan Width": 8,
                                                                                                                "Actual Startup Time": 1526.65,
                                                                                                                "Actual Total Time": 1535.047,
                                                                                                                "Actual Rows": 150623,
                                                                                                                "Actual Loops": 2,
                                                                                                                "Output": [
                                                                                                                    "mi.movie_id",
                                                                                                                    "mi.info_type_id"
                                                                                                                ],
                                                                                                                "Sort Key": [
                                                                                                                    "mi.movie_id"
                                                                                                                ],
                                                                                                                "Sort Method": "quicksort",
                                                                                                                "Sort Space Used": 13955,
                                                                                                                "Sort Space Type": "Memory",
                                                                                                                "Workers": [
                                                                                                                    {
                                                                                                                        "Worker Number": 0,
                                                                                                                        "Actual Startup Time": 1517.583,
                                                                                                                        "Actual Total Time": 1525.229,
                                                                                                                        "Actual Rows": 134632,
                                                                                                                        "Actual Loops": 1
                                                                                                                    }
                                                                                                                ],
                                                                                                                "Plans": [
                                                                                                                    {
                                                                                                                        "Node Type": "Seq Scan",
                                                                                                                        "Parent Relationship": "Outer",
                                                                                                                        "Parallel Aware": true,
                                                                                                                        "Relation Name": "movie_info",
                                                                                                                        "Schema": "public",
                                                                                                                        "Alias": "mi",
                                                                                                                        "Startup Cost": 0.0,
                                                                                                                        "Total Cost": 206258.29,
                                                                                                                        "Plan Rows": 61311,
                                                                                                                        "Plan Width": 8,
                                                                                                                        "Actual Startup Time": 188.216,
                                                                                                                        "Actual Total Time": 1481.796,
                                                                                                                        "Actual Rows": 150624,
                                                                                                                        "Actual Loops": 2,
                                                                                                                        "Output": [
                                                                                                                            "mi.movie_id",
                                                                                                                            "mi.info_type_id"
                                                                                                                        ],
                                                                                                                        "Filter": "((mi.info IS NOT NULL) AND ((mi.info ~~ 'Japan:%201%'::text) OR (mi.info ~~ 'USA:%201%'::text)))",
                                                                                                                        "Rows Removed by Filter": 7267236,
                                                                                                                        "Workers": [
                                                                                                                            {
                                                                                                                                "Worker Number": 0,
                                                                                                                                "Actual Startup Time": 179.08,
                                                                                                                                "Actual Total Time": 1471.084,
                                                                                                                                "Actual Rows": 134633,
                                                                                                                                "Actual Loops": 1
                                                                                                                            }
                                                                                                                        ]
                                                                                                                    }
                                                                                                                ]
                                                                                                            },
                                                                                                            {
                                                                                                                "Node Type": "Sort",
                                                                                                                "Parent Relationship": "Inner",
                                                                                                                "Parallel Aware": false,
                                                                                                                "Startup Cost": 10000569794.43,
                                                                                                                "Total Cost": 10000581104.25,
                                                                                                                "Plan Rows": 4523930,
                                                                                                                "Plan Width": 8,
                                                                                                                "Actual Startup Time": 1252.127,
                                                                                                                "Actual Total Time": 1493.54,
                                                                                                                "Actual Rows": 4746628,
                                                                                                                "Actual Loops": 2,
                                                                                                                "Output": [
                                                                                                                    "mk.movie_id",
                                                                                                                    "mk.keyword_id"
                                                                                                                ],
                                                                                                                "Sort Key": [
                                                                                                                    "mk.movie_id"
                                                                                                                ],
                                                                                                                "Sort Method": "quicksort",
                                                                                                                "Sort Space Used": 408668,
                                                                                                                "Sort Space Type": "Memory",
                                                                                                                "Workers": [
                                                                                                                    {
                                                                                                                        "Worker Number": 0,
                                                                                                                        "Actual Startup Time": 1283.839,
                                                                                                                        "Actual Total Time": 1519.783,
                                                                                                                        "Actual Rows": 4713964,
                                                                                                                        "Actual Loops": 1
                                                                                                                    }
                                                                                                                ],
                                                                                                                "Plans": [
                                                                                                                    {
                                                                                                                        "Node Type": "Seq Scan",
                                                                                                                        "Parent Relationship": "Outer",
                                                                                                                        "Parallel Aware": false,
                                                                                                                        "Relation Name": "movie_keyword",
                                                                                                                        "Schema": "public",
                                                                                                                        "Alias": "mk",
                                                                                                                        "Startup Cost": 10000000000.0,
                                                                                                                        "Total Cost": 10000069693.3,
                                                                                                                        "Plan Rows": 4523930,
                                                                                                                        "Plan Width": 8,
                                                                                                                        "Actual Startup Time": 0.037,
                                                                                                                        "Actual Total Time": 423.982,
                                                                                                                        "Actual Rows": 4523930,
                                                                                                                        "Actual Loops": 2,
                                                                                                                        "Output": [
                                                                                                                            "mk.movie_id",
                                                                                                                            "mk.keyword_id"
                                                                                                                        ],
                                                                                                                        "Workers": [
                                                                                                                            {
                                                                                                                                "Worker Number": 0,
                                                                                                                                "Actual Startup Time": 0.053,
                                                                                                                                "Actual Total Time": 426.79,
                                                                                                                                "Actual Rows": 4523930,
                                                                                                                                "Actual Loops": 1
                                                                                                                            }
                                                                                                                        ]
                                                                                                                    }
                                                                                                                ]
                                                                                                            }
                                                                                                        ]
                                                                                                    },
                                                                                                    {
                                                                                                        "Node Type": "Bitmap Heap Scan",
                                                                                                        "Parent Relationship": "Inner",
                                                                                                        "Parallel Aware": false,
                                                                                                        "Relation Name": "info_type",
                                                                                                        "Schema": "public",
                                                                                                        "Alias": "it",
                                                                                                        "Startup Cost": 0.15,
                                                                                                        "Total Cost": 4.17,
                                                                                                        "Plan Rows": 1,
                                                                                                        "Plan Width": 4,
                                                                                                        "Actual Startup Time": 0.002,
                                                                                                        "Actual Total Time": 0.002,
                                                                                                        "Actual Rows": 1,
                                                                                                        "Actual Loops": 954852,
                                                                                                        "Output": [
                                                                                                            "it.id",
                                                                                                            "it.info"
                                                                                                        ],
                                                                                                        "Recheck Cond": "(it.id = mi.info_type_id)",
                                                                                                        "Rows Removed by Index Recheck": 0,
                                                                                                        "Filter": "((it.info)::text = 'release dates'::text)",
                                                                                                        "Rows Removed by Filter": 0,
                                                                                                        "Exact Heap Blocks": 539680,
                                                                                                        "Lossy Heap Blocks": 0,
                                                                                                        "Workers": [
                                                                                                            {
                                                                                                                "Worker Number": 0,
                                                                                                                "Actual Startup Time": 0.002,
                                                                                                                "Actual Total Time": 0.002,
                                                                                                                "Actual Rows": 1,
                                                                                                                "Actual Loops": 415172
                                                                                                            }
                                                                                                        ],
                                                                                                        "Plans": [
                                                                                                            {
                                                                                                                "Node Type": "Bitmap Index Scan",
                                                                                                                "Parent Relationship": "Outer",
                                                                                                                "Parallel Aware": false,
                                                                                                                "Index Name": "info_type_pkey",
                                                                                                                "Startup Cost": 0.0,
                                                                                                                "Total Cost": 0.15,
                                                                                                                "Plan Rows": 1,
                                                                                                                "Plan Width": 0,
                                                                                                                "Actual Startup Time": 0.001,
                                                                                                                "Actual Total Time": 0.001,
                                                                                                                "Actual Rows": 1,
                                                                                                                "Actual Loops": 954852,
                                                                                                                "Index Cond": "(it.id = mi.info_type_id)",
                                                                                                                "Workers": [
                                                                                                                    {
                                                                                                                        "Worker Number": 0,
                                                                                                                        "Actual Startup Time": 0.001,
                                                                                                                        "Actual Total Time": 0.001,
                                                                                                                        "Actual Rows": 1,
                                                                                                                        "Actual Loops": 415172
                                                                                                                    }
                                                                                                                ]
                                                                                                            }
                                                                                                        ]
                                                                                                    }
                                                                                                ]
                                                                                            },
                                                                                            {
                                                                                                "Node Type": "Bitmap Heap Scan",
                                                                                                "Parent Relationship": "Inner",
                                                                                                "Parallel Aware": false,
                                                                                                "Relation Name": "title",
                                                                                                "Schema": "public",
                                                                                                "Alias": "t",
                                                                                                "Startup Cost": 0.45,
                                                                                                "Total Cost": 4.46,
                                                                                                "Plan Rows": 1,
                                                                                                "Plan Width": 21,
                                                                                                "Actual Startup Time": 0.003,
                                                                                                "Actual Total Time": 0.003,
                                                                                                "Actual Rows": 0,
                                                                                                "Actual Loops": 954835,
                                                                                                "Output": [
                                                                                                    "t.id",
                                                                                                    "t.title",
                                                                                                    "t.imdb_index",
                                                                                                    "t.kind_id",
                                                                                                    "t.production_year",
                                                                                                    "t.imdb_id",
                                                                                                    "t.phonetic_code",
                                                                                                    "t.episode_of_id",
                                                                                                    "t.season_nr",
                                                                                                    "t.episode_nr",
                                                                                                    "t.series_years",
                                                                                                    "t.md5sum"
                                                                                                ],
                                                                                                "Recheck Cond": "(t.id = mk.movie_id)",
                                                                                                "Rows Removed by Index Recheck": 0,
                                                                                                "Filter": "((t.title ~~ 'Kung Fu Panda%'::text) AND (t.production_year > 2008))",
                                                                                                "Rows Removed by Filter": 1,
                                                                                                "Exact Heap Blocks": 539663,
                                                                                                "Lossy Heap Blocks": 0,
                                                                                                "Workers": [
                                                                                                    {
                                                                                                        "Worker Number": 0,
                                                                                                        "Actual Startup Time": 0.003,
                                                                                                        "Actual Total Time": 0.003,
                                                                                                        "Actual Rows": 0,
                                                                                                        "Actual Loops": 415172
                                                                                                    }
                                                                                                ],
                                                                                                "Plans": [
                                                                                                    {
                                                                                                        "Node Type": "Bitmap Index Scan",
                                                                                                        "Parent Relationship": "Outer",
                                                                                                        "Parallel Aware": false,
                                                                                                        "Index Name": "title_pkey",
                                                                                                        "Startup Cost": 0.0,
                                                                                                        "Total Cost": 0.45,
                                                                                                        "Plan Rows": 1,
                                                                                                        "Plan Width": 0,
                                                                                                        "Actual Startup Time": 0.002,
                                                                                                        "Actual Total Time": 0.002,
                                                                                                        "Actual Rows": 1,
                                                                                                        "Actual Loops": 954835,
                                                                                                        "Index Cond": "(t.id = mk.movie_id)",
                                                                                                        "Workers": [
                                                                                                            {
                                                                                                                "Worker Number": 0,
                                                                                                                "Actual Startup Time": 0.002,
                                                                                                                "Actual Total Time": 0.002,
                                                                                                                "Actual Rows": 1,
                                                                                                                "Actual Loops": 415172
                                                                                                            }
                                                                                                        ]
                                                                                                    }
                                                                                                ]
                                                                                            }
                                                                                        ]
                                                                                    },
                                                                                    {
                                                                                        "Node Type": "Index Scan",
                                                                                        "Parent Relationship": "Inner",
                                                                                        "Parallel Aware": false,
                                                                                        "Scan Direction": "Forward",
                                                                                        "Index Name": "keyword_pkey",
                                                                                        "Relation Name": "keyword",
                                                                                        "Schema": "public",
                                                                                        "Alias": "k",
                                                                                        "Startup Cost": 0.42,
                                                                                        "Total Cost": 0.44,
                                                                                        "Plan Rows": 1,
                                                                                        "Plan Width": 4,
                                                                                        "Actual Startup Time": 0.004,
                                                                                        "Actual Total Time": 0.004,
                                                                                        "Actual Rows": 0,
                                                                                        "Actual Loops": 202,
                                                                                        "Output": [
                                                                                            "k.id",
                                                                                            "k.keyword",
                                                                                            "k.phonetic_code"
                                                                                        ],
                                                                                        "Index Cond": "(k.id = mk.keyword_id)",
                                                                                        "Rows Removed by Index Recheck": 0,
                                                                                        "Filter": "(k.keyword = ANY ('{marvel-comics,web,tv-special,tough-girl}'::text[]))",
                                                                                        "Rows Removed by Filter": 1,
                                                                                        "Workers": [
                                                                                            {
                                                                                                "Worker Number": 0,
                                                                                                "Actual Startup Time": 0.004,
                                                                                                "Actual Total Time": 0.004,
                                                                                                "Actual Rows": 0,
                                                                                                "Actual Loops": 88
                                                                                            }
                                                                                        ]
                                                                                    }
                                                                                ]
                                                                            }
                                                                        ]
                                                                    }
                                                                ]
                                                            }
                                                        ]
                                                    },
                                                    {
                                                        "Node Type": "Sort",
                                                        "Parent Relationship": "Inner",
                                                        "Parallel Aware": false,
                                                        "Startup Cost": 10000000001.16,
                                                        "Total Cost": 10000000001.16,
                                                        "Plan Rows": 1,
                                                        "Plan Width": 4,
                                                        "Actual Startup Time": 0.04,
                                                        "Actual Total Time": 0.042,
                                                        "Actual Rows": 1,
                                                        "Actual Loops": 2,
                                                        "Output": [
                                                            "rt.id"
                                                        ],
                                                        "Sort Key": [
                                                            "rt.id"
                                                        ],
                                                        "Sort Method": "quicksort",
                                                        "Sort Space Used": 25,
                                                        "Sort Space Type": "Memory",
                                                        "Workers": [
                                                            {
                                                                "Worker Number": 0,
                                                                "Actual Startup Time": 0.054,
                                                                "Actual Total Time": 0.055,
                                                                "Actual Rows": 1,
                                                                "Actual Loops": 1
                                                            }
                                                        ],
                                                        "Plans": [
                                                            {
                                                                "Node Type": "Seq Scan",
                                                                "Parent Relationship": "Outer",
                                                                "Parallel Aware": false,
                                                                "Relation Name": "role_type",
                                                                "Schema": "public",
                                                                "Alias": "rt",
                                                                "Startup Cost": 10000000000.0,
                                                                "Total Cost": 10000000001.15,
                                                                "Plan Rows": 1,
                                                                "Plan Width": 4,
                                                                "Actual Startup Time": 0.028,
                                                                "Actual Total Time": 0.029,
                                                                "Actual Rows": 1,
                                                                "Actual Loops": 2,
                                                                "Output": [
                                                                    "rt.id"
                                                                ],
                                                                "Filter": "((rt.role)::text = 'actress'::text)",
                                                                "Rows Removed by Filter": 11,
                                                                "Workers": [
                                                                    {
                                                                        "Worker Number": 0,
                                                                        "Actual Startup Time": 0.041,
                                                                        "Actual Total Time": 0.042,
                                                                        "Actual Rows": 1,
                                                                        "Actual Loops": 1
                                                                    }
                                                                ]
                                                            }
                                                        ]
                                                    }
                                                ]
                                            }
                                        ]
                                    }
                                ]
                            }
                        ]
                    },
                    {
                        "Node Type": "Bitmap Heap Scan",
                        "Parent Relationship": "Inner",
                        "Parallel Aware": false,
                        "Relation Name": "name",
                        "Schema": "public",
                        "Alias": "n",
                        "Startup Cost": 0.5,
                        "Total Cost": 4.52,
                        "Plan Rows": 1,
                        "Plan Width": 19,
                        "Actual Startup Time": 0.008,
                        "Actual Total Time": 0.008,
                        "Actual Rows": 0,
                        "Actual Loops": 11,
                        "Output": [
                            "n.id",
                            "n.name",
                            "n.imdb_index",
                            "n.imdb_id",
                            "n.gender",
                            "n.name_pcode_cf",
                            "n.name_pcode_nf",
                            "n.surname_pcode",
                            "n.md5sum"
                        ],
                        "Recheck Cond": "(n.id = an.person_id)",
                        "Rows Removed by Index Recheck": 0,
                        "Filter": "((n.name ~~ '%An%'::text) AND ((n.gender)::text = 'f'::text))",
                        "Rows Removed by Filter": 1,
                        "Exact Heap Blocks": 11,
                        "Lossy Heap Blocks": 0,
                        "Plans": [
                            {
                                "Node Type": "Bitmap Index Scan",
                                "Parent Relationship": "Outer",
                                "Parallel Aware": false,
                                "Index Name": "name_pkey",
                                "Startup Cost": 0.0,
                                "Total Cost": 0.5,
                                "Plan Rows": 1,
                                "Plan Width": 0,
                                "Actual Startup Time": 0.005,
                                "Actual Total Time": 0.005,
                                "Actual Rows": 1,
                                "Actual Loops": 11,
                                "Index Cond": "(n.id = an.person_id)"
                            }
                        ]
                    }
                ]
            }
        ]
    },
    "Planning Time": 43.324,
    "Triggers": [],
    "Execution Time": 13121.991
}