{
  "Plan": {
    "Node Type": "Aggregate",
    "Strategy": "Plain",
    "Partial Mode": "Finalize",
    "Parallel Aware": false,
    "Startup Cost": 72988.35,
    "Total Cost": 72988.36,
    "Plan Rows": 1,
    "Plan Width": 8,
    "Actual Startup Time": 122.227,
    "Actual Total Time": 131.868,
    "Actual Rows": 1,
    "Actual Loops": 1,
    "Plans": [
      {
        "Node Type": "Gather",
        "Parent Relationship": "Outer",
        "Parallel Aware": false,
        "Startup Cost": 72988.23,
        "Total Cost": 72988.34,
        "Plan Rows": 1,
        "Plan Width": 8,
        "Actual Startup Time": 121.974,
        "Actual Total Time": 131.861,
        "Actual Rows": 2,
        "Actual Loops": 1,
        "Workers Planned": 1,
        "Workers Launched": 1,
        "Single Copy": false,
        "Plans": [
          {
            "Node Type": "Aggregate",
            "Strategy": "Plain",
            "Partial Mode": "Partial",
            "Parent Relationship": "Outer",
            "Parallel Aware": false,
            "Startup Cost": 71988.23,
            "Total Cost": 71988.24,
            "Plan Rows": 1,
            "Plan Width": 8,
            "Actual Startup Time": 115.928,
            "Actual Total Time": 115.93,
            "Actual Rows": 1,
            "Actual Loops": 2,
            "Plans": [
              {
                "Node Type": "Nested Loop",
                "Parent Relationship": "Outer",
                "Parallel Aware": false,
                "Join Type": "Inner",
                "Startup Cost": 11824.13,
                "Total Cost": 71979.27,
                "Plan Rows": 3584,
                "Plan Width": 0,
                "Actual Startup Time": 38.976,
                "Actual Total Time": 115.219,
                "Actual Rows": 12548,
                "Actual Loops": 2,
                "Inner Unique": false,
                "Plans": [
                  {
                    "Node Type": "Bitmap Heap Scan",
                    "Parent Relationship": "Outer",
                    "Parallel Aware": true,
                    "Relation Name": "title",
                    "Alias": "t",
                    "Startup Cost": 11823.7,
                    "Total Cost": 53673.96,
                    "Plan Rows": 2003,
                    "Plan Width": 4,
                    "Actual Startup Time": 38.711,
                    "Actual Total Time": 94.343,
                    "Actual Rows": 2186,
                    "Actual Loops": 2,
                    "Recheck Cond": "(kind_id = 1)",
                    "Rows Removed by Index Recheck": 0,
                    "Filter": "(production_year = 1975)",
                    "Rows Removed by Filter": 329227,
                    "Exact Heap Blocks": 10041,
                    "Lossy Heap Blocks": 0,
                    "Plans": [
                      {
                        "Node Type": "Bitmap Index Scan",
                        "Parent Relationship": "Outer",
                        "Parallel Aware": false,
                        "Index Name": "kind_id_title",
                        "Startup Cost": 0.0,
                        "Total Cost": 11822.85,
                        "Plan Rows": 663256,
                        "Plan Width": 0,
                        "Actual Startup Time": 41.857,
                        "Actual Total Time": 41.858,
                        "Actual Rows": 662825,
                        "Actual Loops": 1,
                        "Index Cond": "(kind_id = 1)"
                      }
                    ]
                  },
                  {
                    "Node Type": "Index Only Scan",
                    "Parent Relationship": "Inner",
                    "Parallel Aware": false,
                    "Scan Direction": "Forward",
                    "Index Name": "movie_id_movie_keyword",
                    "Relation Name": "movie_keyword",
                    "Alias": "mk",
                    "Startup Cost": 0.43,
                    "Total Cost": 8.69,
                    "Plan Rows": 45,
                    "Plan Width": 4,
                    "Actual Startup Time": 0.008,
                    "Actual Total Time": 0.009,
                    "Actual Rows": 6,
                    "Actual Loops": 4371,
                    "Index Cond": "(movie_id = t.id)",
                    "Rows Removed by Index Recheck": 0,
                    "Heap Fetches": 25096
                  }
                ]
              }
            ]
          }
        ]
      }
    ]
  },
  "Planning Time": 0.513,
  "Triggers": [],
  "Execution Time": 131.962
}