{
    "Plan": {
        "Node Type": "Aggregate",
        "Strategy": "Plain",
        "Partial Mode": "Simple",
        "Parallel Aware": false,
        "Startup Cost": 80002037305.15,
        "Total Cost": 80002037305.16,
        "Plan Rows": 1,
        "Plan Width": 8,
        "Actual Startup Time": 12720.604,
        "Actual Total Time": 12783.843,
        "Actual Rows": 1,
        "Actual Loops": 1,
        "Output": [
            "count(*)"
        ],
        "Plans": [
            {
                "Node Type": "Hash Join",
                "Parent Relationship": "Outer",
                "Parallel Aware": false,
                "Join Type": "Inner",
                "Startup Cost": 80002037305.06,
                "Total Cost": 80002037305.15,
                "Plan Rows": 1,
                "Plan Width": 0,
                "Actual Startup Time": 12720.6,
                "Actual Total Time": 12783.836,
                "Actual Rows": 0,
                "Actual Loops": 1,
                "Inner Unique": false,
                "Hash Cond": "(mc.company_id = cn.id)",
                "Plans": [
                    {
                        "Node Type": "Nested Loop",
                        "Parent Relationship": "Outer",
                        "Parallel Aware": false,
                        "Join Type": "Inner",
                        "Startup Cost": 70002030318.84,
                        "Total Cost": 70002030318.91,
                        "Plan Rows": 1,
                        "Plan Width": 4,
                        "Actual Startup Time": 12679.225,
                        "Actual Total Time": 12742.46,
                        "Actual Rows": 0,
                        "Actual Loops": 1,
                        "Output": [
                            "mc.company_id"
                        ],
                        "Inner Unique": true,
                        "Plans": [
                            {
                                "Node Type": "Merge Join",
                                "Parent Relationship": "Outer",
                                "Parallel Aware": false,
                                "Join Type": "Inner",
                                "Startup Cost": 70002030318.42,
                                "Total Cost": 70002030318.44,
                                "Plan Rows": 1,
                                "Plan Width": 8,
                                "Actual Startup Time": 12679.223,
                                "Actual Total Time": 12742.457,
                                "Actual Rows": 0,
                                "Actual Loops": 1,
                                "Output": [
                                    "mc.company_id",
                                    "mk.keyword_id"
                                ],
                                "Inner Unique": false,
                                "Merge Cond": "(pi.info_type_id = it3.id)",
                                "Plans": [
                                    {
                                        "Node Type": "Sort",
                                        "Parent Relationship": "Outer",
                                        "Parallel Aware": false,
                                        "Startup Cost": 60002030316.0,
                                        "Total Cost": 60002030316.0,
                                        "Plan Rows": 1,
                                        "Plan Width": 12,
                                        "Actual Startup Time": 12679.221,
                                        "Actual Total Time": 12742.453,
                                        "Actual Rows": 0,
                                        "Actual Loops": 1,
                                        "Output": [
                                            "mc.company_id",
                                            "mk.keyword_id",
                                            "pi.info_type_id"
                                        ],
                                        "Sort Key": [
                                            "pi.info_type_id"
                                        ],
                                        "Sort Method": "quicksort",
                                        "Sort Space Used": 25,
                                        "Sort Space Type": "Memory",
                                        "Plans": [
                                            {
                                                "Node Type": "Hash Join",
                                                "Parent Relationship": "Outer",
                                                "Parallel Aware": false,
                                                "Join Type": "Inner",
                                                "Startup Cost": 60001938516.59,
                                                "Total Cost": 60002030315.99,
                                                "Plan Rows": 1,
                                                "Plan Width": 12,
                                                "Actual Startup Time": 12679.208,
                                                "Actual Total Time": 12742.44,
                                                "Actual Rows": 0,
                                                "Actual Loops": 1,
                                                "Output": [
                                                    "mc.company_id",
                                                    "mk.keyword_id",
                                                    "pi.info_type_id"
                                                ],
                                                "Inner Unique": false,
                                                "Hash Cond": "(pi.person_id = n.id)",
                                                "Plans": [
                                                    {
                                                        "Node Type": "Seq Scan",
                                                        "Parent Relationship": "Outer",
                                                        "Parallel Aware": false,
                                                        "Relation Name": "person_info",
                                                        "Schema": "public",
                                                        "Alias": "pi",
                                                        "Startup Cost": 0.0,
                                                        "Total Cost": 80686.19,
                                                        "Plan Rows": 2963519,
                                                        "Plan Width": 8,
                                                        "Actual Startup Time": 0.012,
                                                        "Actual Total Time": 0.013,
                                                        "Actual Rows": 1,
                                                        "Actual Loops": 1,
                                                        "Output": [
                                                            "pi.id",
                                                            "pi.person_id",
                                                            "pi.info_type_id",
                                                            "pi.info",
                                                            "pi.note"
                                                        ]
                                                    },
                                                    {
                                                        "Node Type": "Hash",
                                                        "Parent Relationship": "Inner",
                                                        "Parallel Aware": false,
                                                        "Startup Cost": 60001938516.58,
                                                        "Total Cost": 60001938516.58,
                                                        "Plan Rows": 1,
                                                        "Plan Width": 20,
                                                        "Actual Startup Time": 12679.183,
                                                        "Actual Total Time": 12742.412,
                                                        "Actual Rows": 0,
                                                        "Actual Loops": 1,
                                                        "Output": [
                                                            "an.person_id",
                                                            "ci.person_id",
                                                            "mc.company_id",
                                                            "mk.keyword_id",
                                                            "n.id"
                                                        ],
                                                        "Hash Buckets": 1024,
                                                        "Original Hash Buckets": 1024,
                                                        "Hash Batches": 1,
                                                        "Original Hash Batches": 1,
                                                        "Peak Memory Usage": 8,
                                                        "Plans": [
                                                            {
                                                                "Node Type": "Merge Join",
                                                                "Parent Relationship": "Outer",
                                                                "Parallel Aware": false,
                                                                "Join Type": "Inner",
                                                                "Startup Cost": 60001936389.79,
                                                                "Total Cost": 60001938516.58,
                                                                "Plan Rows": 1,
                                                                "Plan Width": 20,
                                                                "Actual Startup Time": 12679.182,
                                                                "Actual Total Time": 12742.411,
                                                                "Actual Rows": 0,
                                                                "Actual Loops": 1,
                                                                "Output": [
                                                                    "an.person_id",
                                                                    "ci.person_id",
                                                                    "mc.company_id",
                                                                    "mk.keyword_id",
                                                                    "n.id"
                                                                ],
                                                                "Inner Unique": false,
                                                                "Merge Cond": "(mc.movie_id = t.id)",
                                                                "Plans": [
                                                                    {
                                                                        "Node Type": "Sort",
                                                                        "Parent Relationship": "Outer",
                                                                        "Parallel Aware": false,
                                                                        "Startup Cost": 20000690293.51,
                                                                        "Total Cost": 20000691356.9,
                                                                        "Plan Rows": 425355,
                                                                        "Plan Width": 20,
                                                                        "Actual Startup Time": 9573.841,
                                                                        "Actual Total Time": 9573.874,
                                                                        "Actual Rows": 1,
                                                                        "Actual Loops": 1,
                                                                        "Output": [
                                                                            "cc.movie_id",
                                                                            "mc.movie_id",
                                                                            "mc.company_id",
                                                                            "mk.movie_id",
                                                                            "mk.keyword_id"
                                                                        ],
                                                                        "Sort Key": [
                                                                            "cc.movie_id"
                                                                        ],
                                                                        "Sort Method": "quicksort",
                                                                        "Sort Space Used": 1344057,
                                                                        "Sort Space Type": "Memory",
                                                                        "Plans": [
                                                                            {
                                                                                "Node Type": "Merge Join",
                                                                                "Parent Relationship": "Outer",
                                                                                "Parallel Aware": false,
                                                                                "Join Type": "Inner",
                                                                                "Startup Cost": 20000637765.88,
                                                                                "Total Cost": 20000650526.42,
                                                                                "Plan Rows": 425355,
                                                                                "Plan Width": 20,
                                                                                "Actual Startup Time": 5778.727,
                                                                                "Actual Total Time": 7568.696,
                                                                                "Actual Rows": 12170764,
                                                                                "Actual Loops": 1,
                                                                                "Output": [
                                                                                    "cc.movie_id",
                                                                                    "mc.movie_id",
                                                                                    "mc.company_id",
                                                                                    "mk.movie_id",
                                                                                    "mk.keyword_id"
                                                                                ],
                                                                                "Inner Unique": false,
                                                                                "Merge Cond": "(cct1.id = cc.subject_id)",
                                                                                "Plans": [
                                                                                    {
                                                                                        "Node Type": "Sort",
                                                                                        "Parent Relationship": "Outer",
                                                                                        "Parallel Aware": false,
                                                                                        "Startup Cost": 1.06,
                                                                                        "Total Cost": 1.06,
                                                                                        "Plan Rows": 1,
                                                                                        "Plan Width": 4,
                                                                                        "Actual Startup Time": 0.013,
                                                                                        "Actual Total Time": 0.021,
                                                                                        "Actual Rows": 1,
                                                                                        "Actual Loops": 1,
                                                                                        "Output": [
                                                                                            "cct1.id"
                                                                                        ],
                                                                                        "Sort Key": [
                                                                                            "cct1.id"
                                                                                        ],
                                                                                        "Sort Method": "quicksort",
                                                                                        "Sort Space Used": 25,
                                                                                        "Sort Space Type": "Memory",
                                                                                        "Plans": [
                                                                                            {
                                                                                                "Node Type": "Seq Scan",
                                                                                                "Parent Relationship": "Outer",
                                                                                                "Parallel Aware": false,
                                                                                                "Relation Name": "comp_cast_type",
                                                                                                "Schema": "public",
                                                                                                "Alias": "cct1",
                                                                                                "Startup Cost": 0.0,
                                                                                                "Total Cost": 1.05,
                                                                                                "Plan Rows": 1,
                                                                                                "Plan Width": 4,
                                                                                                "Actual Startup Time": 0.008,
                                                                                                "Actual Total Time": 0.009,
                                                                                                "Actual Rows": 1,
                                                                                                "Actual Loops": 1,
                                                                                                "Output": [
                                                                                                    "cct1.id"
                                                                                                ],
                                                                                                "Filter": "((cct1.kind)::text = 'cast'::text)",
                                                                                                "Rows Removed by Filter": 3
                                                                                            }
                                                                                        ]
                                                                                    },
                                                                                    {
                                                                                        "Node Type": "Sort",
                                                                                        "Parent Relationship": "Inner",
                                                                                        "Parallel Aware": false,
                                                                                        "Startup Cost": 20000637764.82,
                                                                                        "Total Cost": 20000642018.33,
                                                                                        "Plan Rows": 1701403,
                                                                                        "Plan Width": 24,
                                                                                        "Actual Startup Time": 5778.703,
                                                                                        "Actual Total Time": 6234.021,
                                                                                        "Actual Rows": 12170765,
                                                                                        "Actual Loops": 1,
                                                                                        "Output": [
                                                                                            "cc.movie_id",
                                                                                            "cc.subject_id",
                                                                                            "mc.movie_id",
                                                                                            "mc.company_id",
                                                                                            "mk.movie_id",
                                                                                            "mk.keyword_id"
                                                                                        ],
                                                                                        "Sort Key": [
                                                                                            "cc.subject_id"
                                                                                        ],
                                                                                        "Sort Method": "quicksort",
                                                                                        "Sort Space Used": 1684332,
                                                                                        "Sort Space Type": "Memory",
                                                                                        "Plans": [
                                                                                            {
                                                                                                "Node Type": "Hash Join",
                                                                                                "Parent Relationship": "Outer",
                                                                                                "Parallel Aware": false,
                                                                                                "Join Type": "Inner",
                                                                                                "Startup Cost": 20000250528.34,
                                                                                                "Total Cost": 20000461684.13,
                                                                                                "Plan Rows": 1701403,
                                                                                                "Plan Width": 24,
                                                                                                "Actual Startup Time": 1038.274,
                                                                                                "Actual Total Time": 3500.093,
                                                                                                "Actual Rows": 16526281,
                                                                                                "Actual Loops": 1,
                                                                                                "Output": [
                                                                                                    "cc.movie_id",
                                                                                                    "cc.subject_id",
                                                                                                    "mc.movie_id",
                                                                                                    "mc.company_id",
                                                                                                    "mk.movie_id",
                                                                                                    "mk.keyword_id"
                                                                                                ],
                                                                                                "Inner Unique": false,
                                                                                                "Hash Cond": "(mk.movie_id = mc.movie_id)",
                                                                                                "Plans": [
                                                                                                    {
                                                                                                        "Node Type": "Index Scan",
                                                                                                        "Parent Relationship": "Outer",
                                                                                                        "Parallel Aware": false,
                                                                                                        "Scan Direction": "Forward",
                                                                                                        "Index Name": "movie_id_movie_keyword",
                                                                                                        "Relation Name": "movie_keyword",
                                                                                                        "Schema": "public",
                                                                                                        "Alias": "mk",
                                                                                                        "Startup Cost": 10000000000.43,
                                                                                                        "Total Cost": 10000177177.46,
                                                                                                        "Plan Rows": 4523930,
                                                                                                        "Plan Width": 8,
                                                                                                        "Actual Startup Time": 0.019,
                                                                                                        "Actual Total Time": 552.937,
                                                                                                        "Actual Rows": 4523930,
                                                                                                        "Actual Loops": 1,
                                                                                                        "Output": [
                                                                                                            "mk.id",
                                                                                                            "mk.movie_id",
                                                                                                            "mk.keyword_id"
                                                                                                        ]
                                                                                                    },
                                                                                                    {
                                                                                                        "Node Type": "Hash",
                                                                                                        "Parent Relationship": "Inner",
                                                                                                        "Parallel Aware": false,
                                                                                                        "Startup Cost": 10000248252.38,
                                                                                                        "Total Cost": 10000248252.38,
                                                                                                        "Plan Rows": 182042,
                                                                                                        "Plan Width": 16,
                                                                                                        "Actual Startup Time": 1037.802,
                                                                                                        "Actual Total Time": 1037.829,
                                                                                                        "Actual Rows": 227682,
                                                                                                        "Actual Loops": 1,
                                                                                                        "Output": [
                                                                                                            "cc.movie_id",
                                                                                                            "cc.subject_id",
                                                                                                            "mc.movie_id",
                                                                                                            "mc.company_id"
                                                                                                        ],
                                                                                                        "Hash Buckets": 262144,
                                                                                                        "Original Hash Buckets": 262144,
                                                                                                        "Hash Batches": 1,
                                                                                                        "Original Hash Batches": 1,
                                                                                                        "Peak Memory Usage": 12721,
                                                                                                        "Plans": [
                                                                                                            {
                                                                                                                "Node Type": "Merge Join",
                                                                                                                "Parent Relationship": "Outer",
                                                                                                                "Parallel Aware": false,
                                                                                                                "Join Type": "Inner",
                                                                                                                "Startup Cost": 10000242779.12,
                                                                                                                "Total Cost": 10000248252.38,
                                                                                                                "Plan Rows": 182042,
                                                                                                                "Plan Width": 16,
                                                                                                                "Actual Startup Time": 975.546,
                                                                                                                "Actual Total Time": 1010.926,
                                                                                                                "Actual Rows": 227682,
                                                                                                                "Actual Loops": 1,
                                                                                                                "Output": [
                                                                                                                    "cc.movie_id",
                                                                                                                    "cc.subject_id",
                                                                                                                    "mc.movie_id",
                                                                                                                    "mc.company_id"
                                                                                                                ],
                                                                                                                "Inner Unique": false,
                                                                                                                "Merge Cond": "(cct2.id = cc.status_id)",
                                                                                                                "Plans": [
                                                                                                                    {
                                                                                                                        "Node Type": "Index Scan",
                                                                                                                        "Parent Relationship": "Outer",
                                                                                                                        "Parallel Aware": false,
                                                                                                                        "Scan Direction": "Forward",
                                                                                                                        "Index Name": "comp_cast_type_pkey",
                                                                                                                        "Relation Name": "comp_cast_type",
                                                                                                                        "Schema": "public",
                                                                                                                        "Alias": "cct2",
                                                                                                                        "Startup Cost": 0.13,
                                                                                                                        "Total Cost": 12.2,
                                                                                                                        "Plan Rows": 1,
                                                                                                                        "Plan Width": 4,
                                                                                                                        "Actual Startup Time": 0.007,
                                                                                                                        "Actual Total Time": 0.013,
                                                                                                                        "Actual Rows": 1,
                                                                                                                        "Actual Loops": 1,
                                                                                                                        "Output": [
                                                                                                                            "cct2.id",
                                                                                                                            "cct2.kind"
                                                                                                                        ],
                                                                                                                        "Filter": "((cct2.kind)::text = 'complete+verified'::text)",
                                                                                                                        "Rows Removed by Filter": 3
                                                                                                                    },
                                                                                                                    {
                                                                                                                        "Node Type": "Sort",
                                                                                                                        "Parent Relationship": "Inner",
                                                                                                                        "Parallel Aware": false,
                                                                                                                        "Startup Cost": 10000242778.99,
                                                                                                                        "Total Cost": 10000244599.38,
                                                                                                                        "Plan Rows": 728158,
                                                                                                                        "Plan Width": 20,
                                                                                                                        "Actual Startup Time": 942.146,
                                                                                                                        "Actual Total Time": 966.209,
                                                                                                                        "Actual Rows": 612638,
                                                                                                                        "Actual Loops": 1,
                                                                                                                        "Output": [
                                                                                                                            "cc.movie_id",
                                                                                                                            "cc.subject_id",
                                                                                                                            "cc.status_id",
                                                                                                                            "mc.movie_id",
                                                                                                                            "mc.company_id"
                                                                                                                        ],
                                                                                                                        "Sort Key": [
                                                                                                                            "cc.status_id"
                                                                                                                        ],
                                                                                                                        "Sort Method": "quicksort",
                                                                                                                        "Sort Space Used": 72439,
                                                                                                                        "Sort Space Type": "Memory",
                                                                                                                        "Plans": [
                                                                                                                            {
                                                                                                                                "Node Type": "Merge Join",
                                                                                                                                "Parent Relationship": "Outer",
                                                                                                                                "Parallel Aware": false,
                                                                                                                                "Join Type": "Inner",
                                                                                                                                "Startup Cost": 10000013594.22,
                                                                                                                                "Total Cost": 10000171878.64,
                                                                                                                                "Plan Rows": 728158,
                                                                                                                                "Plan Width": 20,
                                                                                                                                "Actual Startup Time": 37.356,
                                                                                                                                "Actual Total Time": 857.651,
                                                                                                                                "Actual Rows": 612638,
                                                                                                                                "Actual Loops": 1,
                                                                                                                                "Output": [
                                                                                                                                    "cc.movie_id",
                                                                                                                                    "cc.subject_id",
                                                                                                                                    "cc.status_id",
                                                                                                                                    "mc.movie_id",
                                                                                                                                    "mc.company_id"
                                                                                                                                ],
                                                                                                                                "Inner Unique": false,
                                                                                                                                "Merge Cond": "(mc.movie_id = cc.movie_id)",
                                                                                                                                "Plans": [
                                                                                                                                    {
                                                                                                                                        "Node Type": "Index Scan",
                                                                                                                                        "Parent Relationship": "Outer",
                                                                                                                                        "Parallel Aware": false,
                                                                                                                                        "Scan Direction": "Forward",
                                                                                                                                        "Index Name": "movie_id_movie_companies",
                                                                                                                                        "Relation Name": "movie_companies",
                                                                                                                                        "Schema": "public",
                                                                                                                                        "Alias": "mc",
                                                                                                                                        "Startup Cost": 0.43,
                                                                                                                                        "Total Cost": 140849.93,
                                                                                                                                        "Plan Rows": 2609129,
                                                                                                                                        "Plan Width": 8,
                                                                                                                                        "Actual Startup Time": 0.014,
                                                                                                                                        "Actual Total Time": 544.806,
                                                                                                                                        "Actual Rows": 2609129,
                                                                                                                                        "Actual Loops": 1,
                                                                                                                                        "Output": [
                                                                                                                                            "mc.id",
                                                                                                                                            "mc.movie_id",
                                                                                                                                            "mc.company_id",
                                                                                                                                            "mc.company_type_id",
                                                                                                                                            "mc.note"
                                                                                                                                        ]
                                                                                                                                    },
                                                                                                                                    {
                                                                                                                                        "Node Type": "Sort",
                                                                                                                                        "Parent Relationship": "Inner",
                                                                                                                                        "Parallel Aware": false,
                                                                                                                                        "Startup Cost": 10000013593.56,
                                                                                                                                        "Total Cost": 10000013931.28,
                                                                                                                                        "Plan Rows": 135086,
                                                                                                                                        "Plan Width": 12,
                                                                                                                                        "Actual Startup Time": 37.277,
                                                                                                                                        "Actual Total Time": 66.066,
                                                                                                                                        "Actual Rows": 637639,
                                                                                                                                        "Actual Loops": 1,
                                                                                                                                        "Output": [
                                                                                                                                            "cc.movie_id",
                                                                                                                                            "cc.subject_id",
                                                                                                                                            "cc.status_id"
                                                                                                                                        ],
                                                                                                                                        "Sort Key": [
                                                                                                                                            "cc.movie_id"
                                                                                                                                        ],
                                                                                                                                        "Sort Method": "quicksort",
                                                                                                                                        "Sort Space Used": 12477,
                                                                                                                                        "Sort Space Type": "Memory",
                                                                                                                                        "Plans": [
                                                                                                                                            {
                                                                                                                                                "Node Type": "Seq Scan",
                                                                                                                                                "Parent Relationship": "Outer",
                                                                                                                                                "Parallel Aware": false,
                                                                                                                                                "Relation Name": "complete_cast",
                                                                                                                                                "Schema": "public",
                                                                                                                                                "Alias": "cc",
                                                                                                                                                "Startup Cost": 10000000000.0,
                                                                                                                                                "Total Cost": 10000002081.86,
                                                                                                                                                "Plan Rows": 135086,
                                                                                                                                                "Plan Width": 12,
                                                                                                                                                "Actual Startup Time": 0.012,
                                                                                                                                                "Actual Total Time": 13.229,
                                                                                                                                                "Actual Rows": 135086,
                                                                                                                                                "Actual Loops": 1,
                                                                                                                                                "Output": [
                                                                                                                                                    "cc.movie_id",
                                                                                                                                                    "cc.subject_id",
                                                                                                                                                    "cc.status_id"
                                                                                                                                                ]
                                                                                                                                            }
                                                                                                                                        ]
                                                                                                                                    }
                                                                                                                                ]
                                                                                                                            }
                                                                                                                        ]
                                                                                                                    }
                                                                                                                ]
                                                                                                            }
                                                                                                        ]
                                                                                                    }
                                                                                                ]
                                                                                            }
                                                                                        ]
                                                                                    }
                                                                                ]
                                                                            }
                                                                        ]
                                                                    },
                                                                    {
                                                                        "Node Type": "Sort",
                                                                        "Parent Relationship": "Inner",
                                                                        "Parallel Aware": false,
                                                                        "Startup Cost": 40001246096.28,
                                                                        "Total Cost": 40001246096.28,
                                                                        "Plan Rows": 1,
                                                                        "Plan Width": 24,
                                                                        "Actual Startup Time": 3105.335,
                                                                        "Actual Total Time": 3168.529,
                                                                        "Actual Rows": 0,
                                                                        "Actual Loops": 1,
                                                                        "Output": [
                                                                            "an.person_id",
                                                                            "ci.movie_id",
                                                                            "ci.person_id",
                                                                            "mi.movie_id",
                                                                            "n.id",
                                                                            "t.id"
                                                                        ],
                                                                        "Sort Key": [
                                                                            "ci.movie_id"
                                                                        ],
                                                                        "Sort Method": "quicksort",
                                                                        "Sort Space Used": 25,
                                                                        "Sort Space Type": "Memory",
                                                                        "Plans": [
                                                                            {
                                                                                "Node Type": "Hash Join",
                                                                                "Parent Relationship": "Outer",
                                                                                "Parallel Aware": false,
                                                                                "Join Type": "Inner",
                                                                                "Startup Cost": 40001246093.84,
                                                                                "Total Cost": 40001246096.27,
                                                                                "Plan Rows": 1,
                                                                                "Plan Width": 24,
                                                                                "Actual Startup Time": 3105.319,
                                                                                "Actual Total Time": 3168.512,
                                                                                "Actual Rows": 0,
                                                                                "Actual Loops": 1,
                                                                                "Output": [
                                                                                    "an.person_id",
                                                                                    "ci.movie_id",
                                                                                    "ci.person_id",
                                                                                    "mi.movie_id",
                                                                                    "n.id",
                                                                                    "t.id"
                                                                                ],
                                                                                "Inner Unique": false,
                                                                                "Hash Cond": "(it.id = mi.info_type_id)",
                                                                                "Plans": [
                                                                                    {
                                                                                        "Node Type": "Seq Scan",
                                                                                        "Parent Relationship": "Outer",
                                                                                        "Parallel Aware": false,
                                                                                        "Relation Name": "info_type",
                                                                                        "Schema": "public",
                                                                                        "Alias": "it",
                                                                                        "Startup Cost": 10000000000.0,
                                                                                        "Total Cost": 10000000002.41,
                                                                                        "Plan Rows": 1,
                                                                                        "Plan Width": 4,
                                                                                        "Actual Startup Time": 0.03,
                                                                                        "Actual Total Time": 0.03,
                                                                                        "Actual Rows": 1,
                                                                                        "Actual Loops": 1,
                                                                                        "Output": [
                                                                                            "it.id",
                                                                                            "it.info"
                                                                                        ],
                                                                                        "Filter": "((it.info)::text = 'release dates'::text)",
                                                                                        "Rows Removed by Filter": 15
                                                                                    },
                                                                                    {
                                                                                        "Node Type": "Hash",
                                                                                        "Parent Relationship": "Inner",
                                                                                        "Parallel Aware": false,
                                                                                        "Startup Cost": 30001246093.83,
                                                                                        "Total Cost": 30001246093.83,
                                                                                        "Plan Rows": 1,
                                                                                        "Plan Width": 28,
                                                                                        "Actual Startup Time": 3105.266,
                                                                                        "Actual Total Time": 3168.457,
                                                                                        "Actual Rows": 0,
                                                                                        "Actual Loops": 1,
                                                                                        "Output": [
                                                                                            "an.person_id",
                                                                                            "ci.movie_id",
                                                                                            "ci.person_id",
                                                                                            "mi.movie_id",
                                                                                            "mi.info_type_id",
                                                                                            "n.id",
                                                                                            "t.id"
                                                                                        ],
                                                                                        "Hash Buckets": 1024,
                                                                                        "Original Hash Buckets": 1024,
                                                                                        "Hash Batches": 1,
                                                                                        "Original Hash Batches": 1,
                                                                                        "Peak Memory Usage": 8,
                                                                                        "Plans": [
                                                                                            {
                                                                                                "Node Type": "Hash Join",
                                                                                                "Parent Relationship": "Outer",
                                                                                                "Parallel Aware": false,
                                                                                                "Join Type": "Inner",
                                                                                                "Startup Cost": 30001246089.71,
                                                                                                "Total Cost": 30001246093.83,
                                                                                                "Plan Rows": 1,
                                                                                                "Plan Width": 28,
                                                                                                "Actual Startup Time": 3105.265,
                                                                                                "Actual Total Time": 3168.456,
                                                                                                "Actual Rows": 0,
                                                                                                "Actual Loops": 1,
                                                                                                "Output": [
                                                                                                    "an.person_id",
                                                                                                    "ci.movie_id",
                                                                                                    "ci.person_id",
                                                                                                    "mi.movie_id",
                                                                                                    "mi.info_type_id",
                                                                                                    "n.id",
                                                                                                    "t.id"
                                                                                                ],
                                                                                                "Inner Unique": true,
                                                                                                "Hash Cond": "(ci.person_id = n.id)",
                                                                                                "Plans": [
                                                                                                    {
                                                                                                        "Node Type": "Nested Loop",
                                                                                                        "Parent Relationship": "Outer",
                                                                                                        "Parallel Aware": false,
                                                                                                        "Join Type": "Inner",
                                                                                                        "Startup Cost": 30001083743.91,
                                                                                                        "Total Cost": 30001083748.02,
                                                                                                        "Plan Rows": 1,
                                                                                                        "Plan Width": 24,
                                                                                                        "Actual Startup Time": 2370.958,
                                                                                                        "Actual Total Time": 2433.854,
                                                                                                        "Actual Rows": 3,
                                                                                                        "Actual Loops": 1,
                                                                                                        "Output": [
                                                                                                            "an.person_id",
                                                                                                            "ci.movie_id",
                                                                                                            "ci.person_id",
                                                                                                            "mi.movie_id",
                                                                                                            "mi.info_type_id",
                                                                                                            "t.id"
                                                                                                        ],
                                                                                                        "Inner Unique": false,
                                                                                                        "Plans": [
                                                                                                            {
                                                                                                                "Node Type": "Merge Join",
                                                                                                                "Parent Relationship": "Outer",
                                                                                                                "Parallel Aware": false,
                                                                                                                "Join Type": "Inner",
                                                                                                                "Startup Cost": 20001083743.45,
                                                                                                                "Total Cost": 20001083743.52,
                                                                                                                "Plan Rows": 1,
                                                                                                                "Plan Width": 20,
                                                                                                                "Actual Startup Time": 2370.862,
                                                                                                                "Actual Total Time": 2433.751,
                                                                                                                "Actual Rows": 1,
                                                                                                                "Actual Loops": 1,
                                                                                                                "Output": [
                                                                                                                    "ci.movie_id",
                                                                                                                    "ci.person_id",
                                                                                                                    "mi.movie_id",
                                                                                                                    "mi.info_type_id",
                                                                                                                    "t.id"
                                                                                                                ],
                                                                                                                "Inner Unique": false,
                                                                                                                "Merge Cond": "(t.id = mi.movie_id)",
                                                                                                                "Plans": [
                                                                                                                    {
                                                                                                                        "Node Type": "Sort",
                                                                                                                        "Parent Relationship": "Outer",
                                                                                                                        "Parallel Aware": false,
                                                                                                                        "Startup Cost": 48060.57,
                                                                                                                        "Total Cost": 48060.6,
                                                                                                                        "Plan Rows": 10,
                                                                                                                        "Plan Width": 4,
                                                                                                                        "Actual Startup Time": 124.289,
                                                                                                                        "Actual Total Time": 124.4,
                                                                                                                        "Actual Rows": 3,
                                                                                                                        "Actual Loops": 1,
                                                                                                                        "Output": [
                                                                                                                            "t.id"
                                                                                                                        ],
                                                                                                                        "Sort Key": [
                                                                                                                            "t.id"
                                                                                                                        ],
                                                                                                                        "Sort Method": "quicksort",
                                                                                                                        "Sort Space Used": 25,
                                                                                                                        "Sort Space Type": "Memory",
                                                                                                                        "Plans": [
                                                                                                                            {
                                                                                                                                "Node Type": "Gather",
                                                                                                                                "Parent Relationship": "Outer",
                                                                                                                                "Parallel Aware": false,
                                                                                                                                "Startup Cost": 1000.0,
                                                                                                                                "Total Cost": 48060.41,
                                                                                                                                "Plan Rows": 10,
                                                                                                                                "Plan Width": 4,
                                                                                                                                "Actual Startup Time": 11.748,
                                                                                                                                "Actual Total Time": 124.376,
                                                                                                                                "Actual Rows": 3,
                                                                                                                                "Actual Loops": 1,
                                                                                                                                "Output": [
                                                                                                                                    "t.id"
                                                                                                                                ],
                                                                                                                                "Workers Planned": 4,
                                                                                                                                "Workers Launched": 3,
                                                                                                                                "Single Copy": false,
                                                                                                                                "Plans": [
                                                                                                                                    {
                                                                                                                                        "Node Type": "Seq Scan",
                                                                                                                                        "Parent Relationship": "Outer",
                                                                                                                                        "Parallel Aware": true,
                                                                                                                                        "Relation Name": "title",
                                                                                                                                        "Schema": "public",
                                                                                                                                        "Alias": "t",
                                                                                                                                        "Startup Cost": 0.0,
                                                                                                                                        "Total Cost": 47059.41,
                                                                                                                                        "Plan Rows": 2,
                                                                                                                                        "Plan Width": 4,
                                                                                                                                        "Actual Startup Time": 85.217,
                                                                                                                                        "Actual Total Time": 116.157,
                                                                                                                                        "Actual Rows": 1,
                                                                                                                                        "Actual Loops": 4,
                                                                                                                                        "Output": [
                                                                                                                                            "t.id"
                                                                                                                                        ],
                                                                                                                                        "Filter": "((t.production_year >= 1995) AND (t.production_year <= 2012) AND (t.title = 'Shrek 2'::text))",
                                                                                                                                        "Rows Removed by Filter": 632077,
                                                                                                                                        "Workers": [
                                                                                                                                            {
                                                                                                                                                "Worker Number": 0,
                                                                                                                                                "Actual Startup Time": 113.469,
                                                                                                                                                "Actual Total Time": 113.47,
                                                                                                                                                "Actual Rows": 0,
                                                                                                                                                "Actual Loops": 1
                                                                                                                                            },
                                                                                                                                            {
                                                                                                                                                "Worker Number": 1,
                                                                                                                                                "Actual Startup Time": 113.618,
                                                                                                                                                "Actual Total Time": 113.619,
                                                                                                                                                "Actual Rows": 0,
                                                                                                                                                "Actual Loops": 1
                                                                                                                                            },
                                                                                                                                            {
                                                                                                                                                "Worker Number": 2,
                                                                                                                                                "Actual Startup Time": 102.407,
                                                                                                                                                "Actual Total Time": 113.75,
                                                                                                                                                "Actual Rows": 1,
                                                                                                                                                "Actual Loops": 1
                                                                                                                                            }
                                                                                                                                        ]
                                                                                                                                    }
                                                                                                                                ]
                                                                                                                            }
                                                                                                                        ]
                                                                                                                    },
                                                                                                                    {
                                                                                                                        "Node Type": "Sort",
                                                                                                                        "Parent Relationship": "Inner",
                                                                                                                        "Parallel Aware": false,
                                                                                                                        "Startup Cost": 20001035682.88,
                                                                                                                        "Total Cost": 20001035682.88,
                                                                                                                        "Plan Rows": 1,
                                                                                                                        "Plan Width": 16,
                                                                                                                        "Actual Startup Time": 2246.557,
                                                                                                                        "Actual Total Time": 2309.335,
                                                                                                                        "Actual Rows": 13,
                                                                                                                        "Actual Loops": 1,
                                                                                                                        "Output": [
                                                                                                                            "ci.movie_id",
                                                                                                                            "ci.person_id",
                                                                                                                            "mi.movie_id",
                                                                                                                            "mi.info_type_id"
                                                                                                                        ],
                                                                                                                        "Sort Key": [
                                                                                                                            "ci.movie_id"
                                                                                                                        ],
                                                                                                                        "Sort Method": "quicksort",
                                                                                                                        "Sort Space Used": 25,
                                                                                                                        "Sort Space Type": "Memory",
                                                                                                                        "Plans": [
                                                                                                                            {
                                                                                                                                "Node Type": "Merge Join",
                                                                                                                                "Parent Relationship": "Outer",
                                                                                                                                "Parallel Aware": false,
                                                                                                                                "Join Type": "Inner",
                                                                                                                                "Startup Cost": 20001035612.07,
                                                                                                                                "Total Cost": 20001035682.87,
                                                                                                                                "Plan Rows": 1,
                                                                                                                                "Plan Width": 16,
                                                                                                                                "Actual Startup Time": 2246.534,
                                                                                                                                "Actual Total Time": 2309.316,
                                                                                                                                "Actual Rows": 20,
                                                                                                                                "Actual Loops": 1,
                                                                                                                                "Output": [
                                                                                                                                    "ci.movie_id",
                                                                                                                                    "ci.person_id",
                                                                                                                                    "mi.movie_id",
                                                                                                                                    "mi.info_type_id"
                                                                                                                                ],
                                                                                                                                "Inner Unique": false,
                                                                                                                                "Merge Cond": "(chn.id = ci.person_role_id)",
                                                                                                                                "Plans": [
                                                                                                                                    {
                                                                                                                                        "Node Type": "Sort",
                                                                                                                                        "Parent Relationship": "Outer",
                                                                                                                                        "Parallel Aware": false,
                                                                                                                                        "Startup Cost": 10000075700.85,
                                                                                                                                        "Total Cost": 10000075700.85,
                                                                                                                                        "Plan Rows": 1,
                                                                                                                                        "Plan Width": 4,
                                                                                                                                        "Actual Startup Time": 258.195,
                                                                                                                                        "Actual Total Time": 258.196,
                                                                                                                                        "Actual Rows": 1,
                                                                                                                                        "Actual Loops": 1,
                                                                                                                                        "Output": [
                                                                                                                                            "chn.id"
                                                                                                                                        ],
                                                                                                                                        "Sort Key": [
                                                                                                                                            "chn.id"
                                                                                                                                        ],
                                                                                                                                        "Sort Method": "quicksort",
                                                                                                                                        "Sort Space Used": 25,
                                                                                                                                        "Sort Space Type": "Memory",
                                                                                                                                        "Plans": [
                                                                                                                                            {
                                                                                                                                                "Node Type": "Seq Scan",
                                                                                                                                                "Parent Relationship": "Outer",
                                                                                                                                                "Parallel Aware": false,
                                                                                                                                                "Relation Name": "char_name",
                                                                                                                                                "Schema": "public",
                                                                                                                                                "Alias": "chn",
                                                                                                                                                "Startup Cost": 10000000000.0,
                                                                                                                                                "Total Cost": 10000075700.84,
                                                                                                                                                "Plan Rows": 1,
                                                                                                                                                "Plan Width": 4,
                                                                                                                                                "Actual Startup Time": 14.552,
                                                                                                                                                "Actual Total Time": 258.186,
                                                                                                                                                "Actual Rows": 1,
                                                                                                                                                "Actual Loops": 1,
                                                                                                                                                "Output": [
                                                                                                                                                    "chn.id"
                                                                                                                                                ],
                                                                                                                                                "Filter": "(chn.name = 'Queen'::text)",
                                                                                                                                                "Rows Removed by Filter": 3140338
                                                                                                                                            }
                                                                                                                                        ]
                                                                                                                                    },
                                                                                                                                    {
                                                                                                                                        "Node Type": "Sort",
                                                                                                                                        "Parent Relationship": "Inner",
                                                                                                                                        "Parallel Aware": false,
                                                                                                                                        "Startup Cost": 10000959903.03,
                                                                                                                                        "Total Cost": 10000959984.05,
                                                                                                                                        "Plan Rows": 32406,
                                                                                                                                        "Plan Width": 20,
                                                                                                                                        "Actual Startup Time": 1984.555,
                                                                                                                                        "Actual Total Time": 2049.559,
                                                                                                                                        "Actual Rows": 19126,
                                                                                                                                        "Actual Loops": 1,
                                                                                                                                        "Output": [
                                                                                                                                            "ci.movie_id",
                                                                                                                                            "ci.person_id",
                                                                                                                                            "ci.person_role_id",
                                                                                                                                            "mi.movie_id",
                                                                                                                                            "mi.info_type_id"
                                                                                                                                        ],
                                                                                                                                        "Sort Key": [
                                                                                                                                            "ci.person_role_id"
                                                                                                                                        ],
                                                                                                                                        "Sort Method": "quicksort",
                                                                                                                                        "Sort Space Used": 8437,
                                                                                                                                        "Sort Space Type": "Memory",
                                                                                                                                        "Plans": [
                                                                                                                                            {
                                                                                                                                                "Node Type": "Gather",
                                                                                                                                                "Parent Relationship": "Outer",
                                                                                                                                                "Parallel Aware": false,
                                                                                                                                                "Startup Cost": 10000001001.7,
                                                                                                                                                "Total Cost": 10000957475.18,
                                                                                                                                                "Plan Rows": 32406,
                                                                                                                                                "Plan Width": 20,
                                                                                                                                                "Actual Startup Time": 581.013,
                                                                                                                                                "Actual Total Time": 2031.621,
                                                                                                                                                "Actual Rows": 70597,
                                                                                                                                                "Actual Loops": 1,
                                                                                                                                                "Output": [
                                                                                                                                                    "ci.movie_id",
                                                                                                                                                    "ci.person_id",
                                                                                                                                                    "ci.person_role_id",
                                                                                                                                                    "mi.movie_id",
                                                                                                                                                    "mi.info_type_id"
                                                                                                                                                ],
                                                                                                                                                "Workers Planned": 6,
                                                                                                                                                "Workers Launched": 6,
                                                                                                                                                "Single Copy": false,
                                                                                                                                                "Plans": [
                                                                                                                                                    {
                                                                                                                                                        "Node Type": "Nested Loop",
                                                                                                                                                        "Parent Relationship": "Outer",
                                                                                                                                                        "Parallel Aware": false,
                                                                                                                                                        "Join Type": "Inner",
                                                                                                                                                        "Startup Cost": 10000000001.7,
                                                                                                                                                        "Total Cost": 10000953234.58,
                                                                                                                                                        "Plan Rows": 5401,
                                                                                                                                                        "Plan Width": 20,
                                                                                                                                                        "Actual Startup Time": 570.672,
                                                                                                                                                        "Actual Total Time": 1941.188,
                                                                                                                                                        "Actual Rows": 10085,
                                                                                                                                                        "Actual Loops": 7,
                                                                                                                                                        "Output": [
                                                                                                                                                            "ci.movie_id",
                                                                                                                                                            "ci.person_id",
                                                                                                                                                            "ci.person_role_id",
                                                                                                                                                            "mi.movie_id",
                                                                                                                                                            "mi.info_type_id"
                                                                                                                                                        ],
                                                                                                                                                        "Inner Unique": false,
                                                                                                                                                        "Workers": [
                                                                                                                                                            {
                                                                                                                                                                "Worker Number": 0,
                                                                                                                                                                "Actual Startup Time": 568.152,
                                                                                                                                                                "Actual Total Time": 1935.309,
                                                                                                                                                                "Actual Rows": 9255,
                                                                                                                                                                "Actual Loops": 1
                                                                                                                                                            },
                                                                                                                                                            {
                                                                                                                                                                "Worker Number": 1,
                                                                                                                                                                "Actual Startup Time": 568.574,
                                                                                                                                                                "Actual Total Time": 1954.718,
                                                                                                                                                                "Actual Rows": 9717,
                                                                                                                                                                "Actual Loops": 1
                                                                                                                                                            },
                                                                                                                                                            {
                                                                                                                                                                "Worker Number": 2,
                                                                                                                                                                "Actual Startup Time": 569.141,
                                                                                                                                                                "Actual Total Time": 1938.294,
                                                                                                                                                                "Actual Rows": 9598,
                                                                                                                                                                "Actual Loops": 1
                                                                                                                                                            },
                                                                                                                                                            {
                                                                                                                                                                "Worker Number": 3,
                                                                                                                                                                "Actual Startup Time": 569.053,
                                                                                                                                                                "Actual Total Time": 1946.022,
                                                                                                                                                                "Actual Rows": 9413,
                                                                                                                                                                "Actual Loops": 1
                                                                                                                                                            },
                                                                                                                                                            {
                                                                                                                                                                "Worker Number": 4,
                                                                                                                                                                "Actual Startup Time": 569.425,
                                                                                                                                                                "Actual Total Time": 1928.467,
                                                                                                                                                                "Actual Rows": 8147,
                                                                                                                                                                "Actual Loops": 1
                                                                                                                                                            },
                                                                                                                                                            {
                                                                                                                                                                "Worker Number": 5,
                                                                                                                                                                "Actual Startup Time": 569.82,
                                                                                                                                                                "Actual Total Time": 1936.684,
                                                                                                                                                                "Actual Rows": 9764,
                                                                                                                                                                "Actual Loops": 1
                                                                                                                                                            }
                                                                                                                                                        ],
                                                                                                                                                        "Plans": [
                                                                                                                                                            {
                                                                                                                                                                "Node Type": "Merge Join",
                                                                                                                                                                "Parent Relationship": "Outer",
                                                                                                                                                                "Parallel Aware": false,
                                                                                                                                                                "Join Type": "Inner",
                                                                                                                                                                "Startup Cost": 0.7,
                                                                                                                                                                "Total Cost": 891082.51,
                                                                                                                                                                "Plan Rows": 11111,
                                                                                                                                                                "Plan Width": 12,
                                                                                                                                                                "Actual Startup Time": 570.137,
                                                                                                                                                                "Actual Total Time": 1265.929,
                                                                                                                                                                "Actual Rows": 37655,
                                                                                                                                                                "Actual Loops": 7,
                                                                                                                                                                "Output": [
                                                                                                                                                                    "ci.movie_id",
                                                                                                                                                                    "ci.person_id",
                                                                                                                                                                    "ci.person_role_id"
                                                                                                                                                                ],
                                                                                                                                                                "Inner Unique": true,
                                                                                                                                                                "Merge Cond": "(ci.role_id = rt.id)",
                                                                                                                                                                "Workers": [
                                                                                                                                                                    {
                                                                                                                                                                        "Worker Number": 0,
                                                                                                                                                                        "Actual Startup Time": 567.487,
                                                                                                                                                                        "Actual Total Time": 1249.536,
                                                                                                                                                                        "Actual Rows": 36253,
                                                                                                                                                                        "Actual Loops": 1
                                                                                                                                                                    },
                                                                                                                                                                    {
                                                                                                                                                                        "Worker Number": 1,
                                                                                                                                                                        "Actual Startup Time": 567.429,
                                                                                                                                                                        "Actual Total Time": 1263.829,
                                                                                                                                                                        "Actual Rows": 34368,
                                                                                                                                                                        "Actual Loops": 1
                                                                                                                                                                    },
                                                                                                                                                                    {
                                                                                                                                                                        "Worker Number": 2,
                                                                                                                                                                        "Actual Startup Time": 568.694,
                                                                                                                                                                        "Actual Total Time": 1257.753,
                                                                                                                                                                        "Actual Rows": 34264,
                                                                                                                                                                        "Actual Loops": 1
                                                                                                                                                                    },
                                                                                                                                                                    {
                                                                                                                                                                        "Worker Number": 3,
                                                                                                                                                                        "Actual Startup Time": 568.831,
                                                                                                                                                                        "Actual Total Time": 1268.788,
                                                                                                                                                                        "Actual Rows": 35119,
                                                                                                                                                                        "Actual Loops": 1
                                                                                                                                                                    },
                                                                                                                                                                    {
                                                                                                                                                                        "Worker Number": 4,
                                                                                                                                                                        "Actual Startup Time": 569.262,
                                                                                                                                                                        "Actual Total Time": 1248.492,
                                                                                                                                                                        "Actual Rows": 34865,
                                                                                                                                                                        "Actual Loops": 1
                                                                                                                                                                    },
                                                                                                                                                                    {
                                                                                                                                                                        "Worker Number": 5,
                                                                                                                                                                        "Actual Startup Time": 568.943,
                                                                                                                                                                        "Actual Total Time": 1257.773,
                                                                                                                                                                        "Actual Rows": 35050,
                                                                                                                                                                        "Actual Loops": 1
                                                                                                                                                                    }
                                                                                                                                                                ],
                                                                                                                                                                "Plans": [
                                                                                                                                                                    {
                                                                                                                                                                        "Node Type": "Index Scan",
                                                                                                                                                                        "Parent Relationship": "Outer",
                                                                                                                                                                        "Parallel Aware": true,
                                                                                                                                                                        "Scan Direction": "Forward",
                                                                                                                                                                        "Index Name": "role_id_cast_info",
                                                                                                                                                                        "Relation Name": "cast_info",
                                                                                                                                                                        "Schema": "public",
                                                                                                                                                                        "Alias": "ci",
                                                                                                                                                                        "Startup Cost": 0.56,
                                                                                                                                                                        "Total Cost": 890625.72,
                                                                                                                                                                        "Plan Rows": 133330,
                                                                                                                                                                        "Plan Width": 16,
                                                                                                                                                                        "Actual Startup Time": 0.306,
                                                                                                                                                                        "Actual Total Time": 1246.202,
                                                                                                                                                                        "Actual Rows": 119480,
                                                                                                                                                                        "Actual Loops": 7,
                                                                                                                                                                        "Output": [
                                                                                                                                                                            "ci.id",
                                                                                                                                                                            "ci.person_id",
                                                                                                                                                                            "ci.movie_id",
                                                                                                                                                                            "ci.person_role_id",
                                                                                                                                                                            "ci.note",
                                                                                                                                                                            "ci.nr_order",
                                                                                                                                                                            "ci.role_id"
                                                                                                                                                                        ],
                                                                                                                                                                        "Filter": "(ci.note = ANY ('{(voice),\"(voice) (uncredited)\",\"(voice: English version)\"}'::text[]))",
                                                                                                                                                                        "Rows Removed by Filter": 4078454,
                                                                                                                                                                        "Workers": [
                                                                                                                                                                            {
                                                                                                                                                                                "Worker Number": 0,
                                                                                                                                                                                "Actual Startup Time": 0.264,
                                                                                                                                                                                "Actual Total Time": 1229.302,
                                                                                                                                                                                "Actual Rows": 113818,
                                                                                                                                                                                "Actual Loops": 1
                                                                                                                                                                            },
                                                                                                                                                                            {
                                                                                                                                                                                "Worker Number": 1,
                                                                                                                                                                                "Actual Startup Time": 0.213,
                                                                                                                                                                                "Actual Total Time": 1244.382,
                                                                                                                                                                                "Actual Rows": 109407,
                                                                                                                                                                                "Actual Loops": 1
                                                                                                                                                                            },
                                                                                                                                                                            {
                                                                                                                                                                                "Worker Number": 2,
                                                                                                                                                                                "Actual Startup Time": 0.388,
                                                                                                                                                                                "Actual Total Time": 1237.934,
                                                                                                                                                                                "Actual Rows": 113758,
                                                                                                                                                                                "Actual Loops": 1
                                                                                                                                                                            },
                                                                                                                                                                            {
                                                                                                                                                                                "Worker Number": 3,
                                                                                                                                                                                "Actual Startup Time": 0.299,
                                                                                                                                                                                "Actual Total Time": 1249.089,
                                                                                                                                                                                "Actual Rows": 110984,
                                                                                                                                                                                "Actual Loops": 1
                                                                                                                                                                            },
                                                                                                                                                                            {
                                                                                                                                                                                "Worker Number": 4,
                                                                                                                                                                                "Actual Startup Time": 0.631,
                                                                                                                                                                                "Actual Total Time": 1228.846,
                                                                                                                                                                                "Actual Rows": 109414,
                                                                                                                                                                                "Actual Loops": 1
                                                                                                                                                                            },
                                                                                                                                                                            {
                                                                                                                                                                                "Worker Number": 5,
                                                                                                                                                                                "Actual Startup Time": 0.316,
                                                                                                                                                                                "Actual Total Time": 1237.778,
                                                                                                                                                                                "Actual Rows": 114723,
                                                                                                                                                                                "Actual Loops": 1
                                                                                                                                                                            }
                                                                                                                                                                        ]
                                                                                                                                                                    },
                                                                                                                                                                    {
                                                                                                                                                                        "Node Type": "Index Scan",
                                                                                                                                                                        "Parent Relationship": "Inner",
                                                                                                                                                                        "Parallel Aware": false,
                                                                                                                                                                        "Scan Direction": "Forward",
                                                                                                                                                                        "Index Name": "role_type_pkey",
                                                                                                                                                                        "Relation Name": "role_type",
                                                                                                                                                                        "Schema": "public",
                                                                                                                                                                        "Alias": "rt",
                                                                                                                                                                        "Startup Cost": 0.14,
                                                                                                                                                                        "Total Cost": 12.35,
                                                                                                                                                                        "Plan Rows": 1,
                                                                                                                                                                        "Plan Width": 4,
                                                                                                                                                                        "Actual Startup Time": 0.055,
                                                                                                                                                                        "Actual Total Time": 0.059,
                                                                                                                                                                        "Actual Rows": 1,
                                                                                                                                                                        "Actual Loops": 7,
                                                                                                                                                                        "Output": [
                                                                                                                                                                            "rt.id",
                                                                                                                                                                            "rt.role"
                                                                                                                                                                        ],
                                                                                                                                                                        "Filter": "((rt.role)::text = 'actress'::text)",
                                                                                                                                                                        "Rows Removed by Filter": 11,
                                                                                                                                                                        "Workers": [
                                                                                                                                                                            {
                                                                                                                                                                                "Worker Number": 0,
                                                                                                                                                                                "Actual Startup Time": 0.067,
                                                                                                                                                                                "Actual Total Time": 0.071,
                                                                                                                                                                                "Actual Rows": 1,
                                                                                                                                                                                "Actual Loops": 1
                                                                                                                                                                            },
                                                                                                                                                                            {
                                                                                                                                                                                "Worker Number": 1,
                                                                                                                                                                                "Actual Startup Time": 0.057,
                                                                                                                                                                                "Actual Total Time": 0.062,
                                                                                                                                                                                "Actual Rows": 1,
                                                                                                                                                                                "Actual Loops": 1
                                                                                                                                                                            },
                                                                                                                                                                            {
                                                                                                                                                                                "Worker Number": 2,
                                                                                                                                                                                "Actual Startup Time": 0.061,
                                                                                                                                                                                "Actual Total Time": 0.065,
                                                                                                                                                                                "Actual Rows": 1,
                                                                                                                                                                                "Actual Loops": 1
                                                                                                                                                                            },
                                                                                                                                                                            {
                                                                                                                                                                                "Worker Number": 3,
                                                                                                                                                                                "Actual Startup Time": 0.061,
                                                                                                                                                                                "Actual Total Time": 0.066,
                                                                                                                                                                                "Actual Rows": 1,
                                                                                                                                                                                "Actual Loops": 1
                                                                                                                                                                            },
                                                                                                                                                                            {
                                                                                                                                                                                "Worker Number": 4,
                                                                                                                                                                                "Actual Startup Time": 0.06,
                                                                                                                                                                                "Actual Total Time": 0.064,
                                                                                                                                                                                "Actual Rows": 1,
                                                                                                                                                                                "Actual Loops": 1
                                                                                                                                                                            },
                                                                                                                                                                            {
                                                                                                                                                                                "Worker Number": 5,
                                                                                                                                                                                "Actual Startup Time": 0.075,
                                                                                                                                                                                "Actual Total Time": 0.078,
                                                                                                                                                                                "Actual Rows": 1,
                                                                                                                                                                                "Actual Loops": 1
                                                                                                                                                                            }
                                                                                                                                                                        ]
                                                                                                                                                                    }
                                                                                                                                                                ]
                                                                                                                                                            },
                                                                                                                                                            {
                                                                                                                                                                "Node Type": "Bitmap Heap Scan",
                                                                                                                                                                "Parent Relationship": "Inner",
                                                                                                                                                                "Parallel Aware": false,
                                                                                                                                                                "Relation Name": "movie_info",
                                                                                                                                                                "Schema": "public",
                                                                                                                                                                "Alias": "mi",
                                                                                                                                                                "Startup Cost": 1.0,
                                                                                                                                                                "Total Cost": 5.58,
                                                                                                                                                                "Plan Rows": 1,
                                                                                                                                                                "Plan Width": 8,
                                                                                                                                                                "Actual Startup Time": 0.013,
                                                                                                                                                                "Actual Total Time": 0.015,
                                                                                                                                                                "Actual Rows": 0,
                                                                                                                                                                "Actual Loops": 263582,
                                                                                                                                                                "Output": [
                                                                                                                                                                    "mi.id",
                                                                                                                                                                    "mi.movie_id",
                                                                                                                                                                    "mi.info_type_id",
                                                                                                                                                                    "mi.info",
                                                                                                                                                                    "mi.note"
                                                                                                                                                                ],
                                                                                                                                                                "Recheck Cond": "(mi.movie_id = ci.movie_id)",
                                                                                                                                                                "Rows Removed by Index Recheck": 0,
                                                                                                                                                                "Filter": "(mi.info ~~ 'USA:%200%'::text)",
                                                                                                                                                                "Rows Removed by Filter": 10,
                                                                                                                                                                "Exact Heap Blocks": 230048,
                                                                                                                                                                "Lossy Heap Blocks": 0,
                                                                                                                                                                "Workers": [
                                                                                                                                                                    {
                                                                                                                                                                        "Worker Number": 0,
                                                                                                                                                                        "Actual Startup Time": 0.014,
                                                                                                                                                                        "Actual Total Time": 0.016,
                                                                                                                                                                        "Actual Rows": 0,
                                                                                                                                                                        "Actual Loops": 36253
                                                                                                                                                                    },
                                                                                                                                                                    {
                                                                                                                                                                        "Worker Number": 1,
                                                                                                                                                                        "Actual Startup Time": 0.015,
                                                                                                                                                                        "Actual Total Time": 0.017,
                                                                                                                                                                        "Actual Rows": 0,
                                                                                                                                                                        "Actual Loops": 34368
                                                                                                                                                                    },
                                                                                                                                                                    {
                                                                                                                                                                        "Worker Number": 2,
                                                                                                                                                                        "Actual Startup Time": 0.015,
                                                                                                                                                                        "Actual Total Time": 0.017,
                                                                                                                                                                        "Actual Rows": 0,
                                                                                                                                                                        "Actual Loops": 34264
                                                                                                                                                                    },
                                                                                                                                                                    {
                                                                                                                                                                        "Worker Number": 3,
                                                                                                                                                                        "Actual Startup Time": 0.014,
                                                                                                                                                                        "Actual Total Time": 0.017,
                                                                                                                                                                        "Actual Rows": 0,
                                                                                                                                                                        "Actual Loops": 35119
                                                                                                                                                                    },
                                                                                                                                                                    {
                                                                                                                                                                        "Worker Number": 4,
                                                                                                                                                                        "Actual Startup Time": 0.015,
                                                                                                                                                                        "Actual Total Time": 0.017,
                                                                                                                                                                        "Actual Rows": 0,
                                                                                                                                                                        "Actual Loops": 34865
                                                                                                                                                                    },
                                                                                                                                                                    {
                                                                                                                                                                        "Worker Number": 5,
                                                                                                                                                                        "Actual Startup Time": 0.014,
                                                                                                                                                                        "Actual Total Time": 0.017,
                                                                                                                                                                        "Actual Rows": 0,
                                                                                                                                                                        "Actual Loops": 35050
                                                                                                                                                                    }
                                                                                                                                                                ],
                                                                                                                                                                "Plans": [
                                                                                                                                                                    {
                                                                                                                                                                        "Node Type": "Bitmap Index Scan",
                                                                                                                                                                        "Parent Relationship": "Outer",
                                                                                                                                                                        "Parallel Aware": false,
                                                                                                                                                                        "Index Name": "movie_id_movie_info",
                                                                                                                                                                        "Startup Cost": 0.0,
                                                                                                                                                                        "Total Cost": 1.0,
                                                                                                                                                                        "Plan Rows": 39,
                                                                                                                                                                        "Plan Width": 0,
                                                                                                                                                                        "Actual Startup Time": 0.005,
                                                                                                                                                                        "Actual Total Time": 0.005,
                                                                                                                                                                        "Actual Rows": 11,
                                                                                                                                                                        "Actual Loops": 263582,
                                                                                                                                                                        "Index Cond": "(mi.movie_id = ci.movie_id)",
                                                                                                                                                                        "Workers": [
                                                                                                                                                                            {
                                                                                                                                                                                "Worker Number": 0,
                                                                                                                                                                                "Actual Startup Time": 0.006,
                                                                                                                                                                                "Actual Total Time": 0.006,
                                                                                                                                                                                "Actual Rows": 10,
                                                                                                                                                                                "Actual Loops": 36253
                                                                                                                                                                            },
                                                                                                                                                                            {
                                                                                                                                                                                "Worker Number": 1,
                                                                                                                                                                                "Actual Startup Time": 0.006,
                                                                                                                                                                                "Actual Total Time": 0.006,
                                                                                                                                                                                "Actual Rows": 10,
                                                                                                                                                                                "Actual Loops": 34368
                                                                                                                                                                            },
                                                                                                                                                                            {
                                                                                                                                                                                "Worker Number": 2,
                                                                                                                                                                                "Actual Startup Time": 0.006,
                                                                                                                                                                                "Actual Total Time": 0.006,
                                                                                                                                                                                "Actual Rows": 11,
                                                                                                                                                                                "Actual Loops": 34264
                                                                                                                                                                            },
                                                                                                                                                                            {
                                                                                                                                                                                "Worker Number": 3,
                                                                                                                                                                                "Actual Startup Time": 0.006,
                                                                                                                                                                                "Actual Total Time": 0.006,
                                                                                                                                                                                "Actual Rows": 10,
                                                                                                                                                                                "Actual Loops": 35119
                                                                                                                                                                            },
                                                                                                                                                                            {
                                                                                                                                                                                "Worker Number": 4,
                                                                                                                                                                                "Actual Startup Time": 0.006,
                                                                                                                                                                                "Actual Total Time": 0.006,
                                                                                                                                                                                "Actual Rows": 11,
                                                                                                                                                                                "Actual Loops": 34865
                                                                                                                                                                            },
                                                                                                                                                                            {
                                                                                                                                                                                "Worker Number": 5,
                                                                                                                                                                                "Actual Startup Time": 0.006,
                                                                                                                                                                                "Actual Total Time": 0.006,
                                                                                                                                                                                "Actual Rows": 10,
                                                                                                                                                                                "Actual Loops": 35050
                                                                                                                                                                            }
                                                                                                                                                                        ]
                                                                                                                                                                    }
                                                                                                                                                                ]
                                                                                                                                                            }
                                                                                                                                                        ]
                                                                                                                                                    }
                                                                                                                                                ]
                                                                                                                                            }
                                                                                                                                        ]
                                                                                                                                    }
                                                                                                                                ]
                                                                                                                            }
                                                                                                                        ]
                                                                                                                    }
                                                                                                                ]
                                                                                                            },
                                                                                                            {
                                                                                                                "Node Type": "Bitmap Heap Scan",
                                                                                                                "Parent Relationship": "Inner",
                                                                                                                "Parallel Aware": false,
                                                                                                                "Relation Name": "aka_name",
                                                                                                                "Schema": "public",
                                                                                                                "Alias": "an",
                                                                                                                "Startup Cost": 0.46,
                                                                                                                "Total Cost": 4.48,
                                                                                                                "Plan Rows": 2,
                                                                                                                "Plan Width": 4,
                                                                                                                "Actual Startup Time": 0.078,
                                                                                                                "Actual Total Time": 0.083,
                                                                                                                "Actual Rows": 3,
                                                                                                                "Actual Loops": 1,
                                                                                                                "Output": [
                                                                                                                    "an.id",
                                                                                                                    "an.person_id",
                                                                                                                    "an.name",
                                                                                                                    "an.imdb_index",
                                                                                                                    "an.name_pcode_cf",
                                                                                                                    "an.name_pcode_nf",
                                                                                                                    "an.surname_pcode",
                                                                                                                    "an.md5sum"
                                                                                                                ],
                                                                                                                "Recheck Cond": "(an.person_id = ci.person_id)",
                                                                                                                "Rows Removed by Index Recheck": 0,
                                                                                                                "Exact Heap Blocks": 2,
                                                                                                                "Lossy Heap Blocks": 0,
                                                                                                                "Plans": [
                                                                                                                    {
                                                                                                                        "Node Type": "Bitmap Index Scan",
                                                                                                                        "Parent Relationship": "Outer",
                                                                                                                        "Parallel Aware": false,
                                                                                                                        "Index Name": "person_id_aka_name",
                                                                                                                        "Startup Cost": 0.0,
                                                                                                                        "Total Cost": 0.46,
                                                                                                                        "Plan Rows": 2,
                                                                                                                        "Plan Width": 0,
                                                                                                                        "Actual Startup Time": 0.069,
                                                                                                                        "Actual Total Time": 0.07,
                                                                                                                        "Actual Rows": 3,
                                                                                                                        "Actual Loops": 1,
                                                                                                                        "Index Cond": "(an.person_id = ci.person_id)"
                                                                                                                    }
                                                                                                                ]
                                                                                                            }
                                                                                                        ]
                                                                                                    },
                                                                                                    {
                                                                                                        "Node Type": "Hash",
                                                                                                        "Parent Relationship": "Inner",
                                                                                                        "Parallel Aware": false,
                                                                                                        "Startup Cost": 161470.19,
                                                                                                        "Total Cost": 161470.19,
                                                                                                        "Plan Rows": 70049,
                                                                                                        "Plan Width": 4,
                                                                                                        "Actual Startup Time": 734.152,
                                                                                                        "Actual Total Time": 734.449,
                                                                                                        "Actual Rows": 55990,
                                                                                                        "Actual Loops": 1,
                                                                                                        "Output": [
                                                                                                            "n.id"
                                                                                                        ],
                                                                                                        "Hash Buckets": 131072,
                                                                                                        "Original Hash Buckets": 131072,
                                                                                                        "Hash Batches": 1,
                                                                                                        "Original Hash Batches": 1,
                                                                                                        "Peak Memory Usage": 2993,
                                                                                                        "Plans": [
                                                                                                            {
                                                                                                                "Node Type": "Gather Merge",
                                                                                                                "Parent Relationship": "Outer",
                                                                                                                "Parallel Aware": false,
                                                                                                                "Startup Cost": 1000.49,
                                                                                                                "Total Cost": 161470.19,
                                                                                                                "Plan Rows": 70049,
                                                                                                                "Plan Width": 4,
                                                                                                                "Actual Startup Time": 12.81,
                                                                                                                "Actual Total Time": 721.296,
                                                                                                                "Actual Rows": 55990,
                                                                                                                "Actual Loops": 1,
                                                                                                                "Output": [
                                                                                                                    "n.id"
                                                                                                                ],
                                                                                                                "Workers Planned": 4,
                                                                                                                "Workers Launched": 4,
                                                                                                                "Plans": [
                                                                                                                    {
                                                                                                                        "Node Type": "Index Scan",
                                                                                                                        "Parent Relationship": "Outer",
                                                                                                                        "Parallel Aware": true,
                                                                                                                        "Scan Direction": "Forward",
                                                                                                                        "Index Name": "name_pkey",
                                                                                                                        "Relation Name": "name",
                                                                                                                        "Schema": "public",
                                                                                                                        "Alias": "n",
                                                                                                                        "Startup Cost": 0.43,
                                                                                                                        "Total Cost": 152126.62,
                                                                                                                        "Plan Rows": 17512,
                                                                                                                        "Plan Width": 4,
                                                                                                                        "Actual Startup Time": 0.635,
                                                                                                                        "Actual Total Time": 654.887,
                                                                                                                        "Actual Rows": 11198,
                                                                                                                        "Actual Loops": 5,
                                                                                                                        "Output": [
                                                                                                                            "n.id"
                                                                                                                        ],
                                                                                                                        "Filter": "((n.name ~~ '%An%'::text) AND ((n.gender)::text = 'm'::text))",
                                                                                                                        "Rows Removed by Filter": 822300,
                                                                                                                        "Workers": [
                                                                                                                            {
                                                                                                                                "Worker Number": 0,
                                                                                                                                "Actual Startup Time": 0.457,
                                                                                                                                "Actual Total Time": 699.857,
                                                                                                                                "Actual Rows": 10528,
                                                                                                                                "Actual Loops": 1
                                                                                                                            },
                                                                                                                            {
                                                                                                                                "Worker Number": 1,
                                                                                                                                "Actual Startup Time": 1.08,
                                                                                                                                "Actual Total Time": 698.276,
                                                                                                                                "Actual Rows": 12459,
                                                                                                                                "Actual Loops": 1
                                                                                                                            },
                                                                                                                            {
                                                                                                                                "Worker Number": 2,
                                                                                                                                "Actual Startup Time": 0.879,
                                                                                                                                "Actual Total Time": 697.837,
                                                                                                                                "Actual Rows": 12784,
                                                                                                                                "Actual Loops": 1
                                                                                                                            },
                                                                                                                            {
                                                                                                                                "Worker Number": 3,
                                                                                                                                "Actual Startup Time": 0.687,
                                                                                                                                "Actual Total Time": 698.661,
                                                                                                                                "Actual Rows": 13114,
                                                                                                                                "Actual Loops": 1
                                                                                                                            }
                                                                                                                        ]
                                                                                                                    }
                                                                                                                ]
                                                                                                            }
                                                                                                        ]
                                                                                                    }
                                                                                                ]
                                                                                            }
                                                                                        ]
                                                                                    }
                                                                                ]
                                                                            }
                                                                        ]
                                                                    }
                                                                ]
                                                            }
                                                        ]
                                                    }
                                                ]
                                            }
                                        ]
                                    },
                                    {
                                        "Node Type": "Sort",
                                        "Parent Relationship": "Inner",
                                        "Parallel Aware": false,
                                        "Startup Cost": 10000000002.42,
                                        "Total Cost": 10000000002.43,
                                        "Plan Rows": 1,
                                        "Plan Width": 4,
                                        "Actual Startup Time": 0.0,
                                        "Actual Total Time": 0.0,
                                        "Actual Rows": 0,
                                        "Actual Loops": 0,
                                        "Output": [
                                            "it3.id"
                                        ],
                                        "Sort Key": [
                                            "it3.id"
                                        ],
                                        "Plans": [
                                            {
                                                "Node Type": "Seq Scan",
                                                "Parent Relationship": "Outer",
                                                "Parallel Aware": false,
                                                "Relation Name": "info_type",
                                                "Schema": "public",
                                                "Alias": "it3",
                                                "Startup Cost": 10000000000.0,
                                                "Total Cost": 10000000002.41,
                                                "Plan Rows": 1,
                                                "Plan Width": 4,
                                                "Actual Startup Time": 0.0,
                                                "Actual Total Time": 0.0,
                                                "Actual Rows": 0,
                                                "Actual Loops": 0,
                                                "Output": [
                                                    "it3.id"
                                                ],
                                                "Filter": "((it3.info)::text = 'height'::text)",
                                                "Rows Removed by Filter": 0
                                            }
                                        ]
                                    }
                                ]
                            },
                            {
                                "Node Type": "Index Scan",
                                "Parent Relationship": "Inner",
                                "Parallel Aware": false,
                                "Scan Direction": "Forward",
                                "Index Name": "keyword_pkey",
                                "Relation Name": "keyword",
                                "Schema": "public",
                                "Alias": "k",
                                "Startup Cost": 0.42,
                                "Total Cost": 0.44,
                                "Plan Rows": 1,
                                "Plan Width": 4,
                                "Actual Startup Time": 0.0,
                                "Actual Total Time": 0.0,
                                "Actual Rows": 0,
                                "Actual Loops": 0,
                                "Output": [
                                    "k.id",
                                    "k.keyword",
                                    "k.phonetic_code"
                                ],
                                "Index Cond": "(k.id = mk.keyword_id)",
                                "Rows Removed by Index Recheck": 0,
                                "Filter": "(k.keyword = 'computer-animation'::text)",
                                "Rows Removed by Filter": 0
                            }
                        ]
                    },
                    {
                        "Node Type": "Hash",
                        "Parent Relationship": "Inner",
                        "Parallel Aware": false,
                        "Startup Cost": 10000005932.46,
                        "Total Cost": 10000005932.46,
                        "Plan Rows": 84301,
                        "Plan Width": 4,
                        "Actual Startup Time": 41.206,
                        "Actual Total Time": 41.207,
                        "Actual Rows": 84843,
                        "Actual Loops": 1,
                        "Output": [
                            "cn.id"
                        ],
                        "Hash Buckets": 131072,
                        "Original Hash Buckets": 131072,
                        "Hash Batches": 1,
                        "Original Hash Batches": 1,
                        "Peak Memory Usage": 4007,
                        "Plans": [
                            {
                                "Node Type": "Seq Scan",
                                "Parent Relationship": "Outer",
                                "Parallel Aware": false,
                                "Relation Name": "company_name",
                                "Schema": "public",
                                "Alias": "cn",
                                "Startup Cost": 10000000000.0,
                                "Total Cost": 10000005932.46,
                                "Plan Rows": 84301,
                                "Plan Width": 4,
                                "Actual Startup Time": 0.021,
                                "Actual Total Time": 31.392,
                                "Actual Rows": 84843,
                                "Actual Loops": 1,
                                "Output": [
                                    "cn.id"
                                ],
                                "Filter": "((cn.country_code)::text = '[us]'::text)",
                                "Rows Removed by Filter": 150154
                            }
                        ]
                    }
                ]
            }
        ]
    },
    "Planning Time": 2158.051,
    "Triggers": [],
    "Execution Time": 12784.715
}