[
  {
    "Plan": {
      "Node Type": "Aggregate",
      "Strategy": "Plain",
      "Partial Mode": "Finalize",
      "Parallel Aware": false,
      "Startup Cost": 83033.25,
      "Total Cost": 83033.26,
      "Plan Rows": 1,
      "Plan Width": 8,
      "Actual Startup Time": 504.713,
      "Actual Total Time": 524.262,
      "Actual Rows": 1,
      "Actual Loops": 1,
      "Plans": [
        {
          "Node Type": "Gather",
          "Parent Relationship": "Outer",
          "Parallel Aware": false,
          "Startup Cost": 83032.93,
          "Total Cost": 83033.24,
          "Plan Rows": 3,
          "Plan Width": 8,
          "Actual Startup Time": 491.965,
          "Actual Total Time": 524.252,
          "Actual Rows": 4,
          "Actual Loops": 1,
          "Workers Planned": 3,
          "Workers Launched": 3,
          "Single Copy": false,
          "Plans": [
            {
              "Node Type": "Aggregate",
              "Strategy": "Plain",
              "Partial Mode": "Partial",
              "Parent Relationship": "Outer",
              "Parallel Aware": false,
              "Startup Cost": 82032.93,
              "Total Cost": 82032.94,
              "Plan Rows": 1,
              "Plan Width": 8,
              "Actual Startup Time": 472.389,
              "Actual Total Time": 472.393,
              "Actual Rows": 1,
              "Actual Loops": 4,
              "Plans": [
                {
                  "Node Type": "Hash Join",
                  "Parent Relationship": "Outer",
                  "Parallel Aware": true,
                  "Join Type": "Inner",
                  "Startup Cost": 60524.76,
                  "Total Cost": 81835.82,
                  "Plan Rows": 78844,
                  "Plan Width": 0,
                  "Actual Startup Time": 380.267,
                  "Actual Total Time": 466.234,
                  "Actual Rows": 119634,
                  "Actual Loops": 4,
                  "Inner Unique": true,
                  "Hash Cond": "(mc.movie_id = t.id)",
                  "Plans": [
                    {
                      "Node Type": "Bitmap Heap Scan",
                      "Parent Relationship": "Outer",
                      "Parallel Aware": true,
                      "Relation Name": "movie_companies",
                      "Alias": "mc",
                      "Startup Cost": 10304.38,
                      "Total Cost": 31408.47,
                      "Plan Rows": 78844,
                      "Plan Width": 4,
                      "Actual Startup Time": 23.837,
                      "Actual Total Time": 52.59,
                      "Actual Rows": 119634,
                      "Actual Loops": 4,
                      "Recheck Cond": "(company_id > 75436)",
                      "Rows Removed by Index Recheck": 0,
                      "Filter": "(company_type_id > 1)",
                      "Rows Removed by Filter": 0,
                      "Exact Heap Blocks": 1935,
                      "Lossy Heap Blocks": 0,
                      "Plans": [
                        {
                          "Node Type": "Bitmap Index Scan",
                          "Parent Relationship": "Outer",
                          "Parallel Aware": false,
                          "Index Name": "company_id_movie_companies",
                          "Startup Cost": 0.0,
                          "Total Cost": 10243.27,
                          "Plan Rows": 478246,
                          "Plan Width": 0,
                          "Actual Startup Time": 22.765,
                          "Actual Total Time": 22.766,
                          "Actual Rows": 478534,
                          "Actual Loops": 1,
                          "Index Cond": "(company_id > 75436)"
                        }
                      ]
                    },
                    {
                      "Node Type": "Hash",
                      "Parent Relationship": "Inner",
                      "Parallel Aware": true,
                      "Startup Cost": 42319.06,
                      "Total Cost": 42319.06,
                      "Plan Rows": 632106,
                      "Plan Width": 4,
                      "Actual Startup Time": 344.689,
                      "Actual Total Time": 344.69,
                      "Actual Rows": 632078,
                      "Actual Loops": 4,
                      "Hash Buckets": 4194304,
                      "Original Hash Buckets": 4194304,
                      "Hash Batches": 1,
                      "Original Hash Batches": 1,
                      "Peak Memory Usage": 131744,
                      "Plans": [
                        {
                          "Node Type": "Seq Scan",
                          "Parent Relationship": "Outer",
                          "Parallel Aware": true,
                          "Relation Name": "title",
                          "Alias": "t",
                          "Startup Cost": 0.0,
                          "Total Cost": 42319.06,
                          "Plan Rows": 632106,
                          "Plan Width": 4,
                          "Actual Startup Time": 0.043,
                          "Actual Total Time": 102.86,
                          "Actual Rows": 632078,
                          "Actual Loops": 4
                        }
                      ]
                    }
                  ]
                }
              ]
            }
          ]
        }
      ]
    },
    "Planning Time": 0.655,
    "Triggers": [],
    "Execution Time": 524.352
  }
]