[
    {
        "Bao": {
            "Bao prediction": "NaN",
            "Bao recommended hint": "(no hint)"
        }
    },
    {
        "Plan": {
            "Node Type": "Aggregate",
            "Strategy": "Plain",
            "Partial Mode": "Finalize",
            "Parallel Aware": false,
            "Startup Cost": 79561.15,
            "Total Cost": 79561.16,
            "Plan Rows": 1,
            "Plan Width": 8,
            "Actual Startup Time": 218.396,
            "Actual Total Time": 227.642,
            "Actual Rows": 1,
            "Actual Loops": 1,
            "Output": [
                "count(*)"
            ],
            "Plans": [
                {
                    "Node Type": "Gather",
                    "Parent Relationship": "Outer",
                    "Parallel Aware": false,
                    "Startup Cost": 79560.84,
                    "Total Cost": 79561.15,
                    "Plan Rows": 3,
                    "Plan Width": 8,
                    "Actual Startup Time": 217.226,
                    "Actual Total Time": 227.635,
                    "Actual Rows": 4,
                    "Actual Loops": 1,
                    "Output": [
                        "(PARTIAL count(*))"
                    ],
                    "Workers Planned": 3,
                    "Workers Launched": 3,
                    "Single Copy": false,
                    "Plans": [
                        {
                            "Node Type": "Aggregate",
                            "Strategy": "Plain",
                            "Partial Mode": "Partial",
                            "Parent Relationship": "Outer",
                            "Parallel Aware": false,
                            "Startup Cost": 78560.84,
                            "Total Cost": 78560.85,
                            "Plan Rows": 1,
                            "Plan Width": 8,
                            "Actual Startup Time": 208.976,
                            "Actual Total Time": 208.979,
                            "Actual Rows": 1,
                            "Actual Loops": 4,
                            "Output": [
                                "PARTIAL count(*)"
                            ],
                            "Workers": [
                                {
                                    "Worker Number": 0,
                                    "Actual Startup Time": 205.984,
                                    "Actual Total Time": 205.987,
                                    "Actual Rows": 1,
                                    "Actual Loops": 1
                                },
                                {
                                    "Worker Number": 1,
                                    "Actual Startup Time": 206.224,
                                    "Actual Total Time": 206.227,
                                    "Actual Rows": 1,
                                    "Actual Loops": 1
                                },
                                {
                                    "Worker Number": 2,
                                    "Actual Startup Time": 206.755,
                                    "Actual Total Time": 206.758,
                                    "Actual Rows": 1,
                                    "Actual Loops": 1
                                }
                            ],
                            "Plans": [
                                {
                                    "Node Type": "Hash Join",
                                    "Parent Relationship": "Outer",
                                    "Parallel Aware": true,
                                    "Join Type": "Inner",
                                    "Startup Cost": 46318.73,
                                    "Total Cost": 78484.81,
                                    "Plan Rows": 30410,
                                    "Plan Width": 0,
                                    "Actual Startup Time": 172.146,
                                    "Actual Total Time": 208.378,
                                    "Actual Rows": 10422,
                                    "Actual Loops": 4,
                                    "Inner Unique": true,
                                    "Hash Cond": "(mc.movie_id = t.id)",
                                    "Workers": [
                                        {
                                            "Worker Number": 0,
                                            "Actual Startup Time": 169.224,
                                            "Actual Total Time": 205.355,
                                            "Actual Rows": 7873,
                                            "Actual Loops": 1
                                        },
                                        {
                                            "Worker Number": 1,
                                            "Actual Startup Time": 169.43,
                                            "Actual Total Time": 205.628,
                                            "Actual Rows": 12231,
                                            "Actual Loops": 1
                                        },
                                        {
                                            "Worker Number": 2,
                                            "Actual Startup Time": 169.799,
                                            "Actual Total Time": 206.11,
                                            "Actual Rows": 8098,
                                            "Actual Loops": 1
                                        }
                                    ],
                                    "Plans": [
                                        {
                                            "Node Type": "Seq Scan",
                                            "Parent Relationship": "Outer",
                                            "Parallel Aware": true,
                                            "Relation Name": "movie_companies",
                                            "Schema": "public",
                                            "Alias": "mc",
                                            "Startup Cost": 0.0,
                                            "Total Cost": 31414.82,
                                            "Plan Rows": 286195,
                                            "Plan Width": 4,
                                            "Actual Startup Time": 31.203,
                                            "Actual Total Time": 67.785,
                                            "Actual Rows": 141944,
                                            "Actual Loops": 4,
                                            "Output": [
                                                "mc.id",
                                                "mc.movie_id",
                                                "mc.company_id",
                                                "mc.company_type_id",
                                                "mc.note"
                                            ],
                                            "Filter": "((mc.company_id < 23484) AND (mc.company_type_id = 2))",
                                            "Rows Removed by Filter": 510338,
                                            "Workers": [
                                                {
                                                    "Worker Number": 0,
                                                    "Actual Startup Time": 31.193,
                                                    "Actual Total Time": 69.271,
                                                    "Actual Rows": 110634,
                                                    "Actual Loops": 1
                                                },
                                                {
                                                    "Worker Number": 1,
                                                    "Actual Startup Time": 31.136,
                                                    "Actual Total Time": 67.153,
                                                    "Actual Rows": 166518,
                                                    "Actual Loops": 1
                                                },
                                                {
                                                    "Worker Number": 2,
                                                    "Actual Startup Time": 31.229,
                                                    "Actual Total Time": 69.256,
                                                    "Actual Rows": 111594,
                                                    "Actual Loops": 1
                                                }
                                            ]
                                        },
                                        {
                                            "Node Type": "Hash",
                                            "Parent Relationship": "Inner",
                                            "Parallel Aware": true,
                                            "Startup Cost": 45479.21,
                                            "Total Cost": 45479.21,
                                            "Plan Rows": 67162,
                                            "Plan Width": 4,
                                            "Actual Startup Time": 112.39,
                                            "Actual Total Time": 112.391,
                                            "Actual Rows": 54070,
                                            "Actual Loops": 4,
                                            "Output": [
                                                "t.id"
                                            ],
                                            "Hash Buckets": 524288,
                                            "Original Hash Buckets": 524288,
                                            "Hash Batches": 1,
                                            "Original Hash Batches": 1,
                                            "Peak Memory Usage": 12608,
                                            "Workers": [
                                                {
                                                    "Worker Number": 0,
                                                    "Actual Startup Time": 110.707,
                                                    "Actual Total Time": 110.708,
                                                    "Actual Rows": 40965,
                                                    "Actual Loops": 1
                                                },
                                                {
                                                    "Worker Number": 1,
                                                    "Actual Startup Time": 110.95,
                                                    "Actual Total Time": 110.951,
                                                    "Actual Rows": 62793,
                                                    "Actual Loops": 1
                                                },
                                                {
                                                    "Worker Number": 2,
                                                    "Actual Startup Time": 111.295,
                                                    "Actual Total Time": 111.296,
                                                    "Actual Rows": 42361,
                                                    "Actual Loops": 1
                                                }
                                            ],
                                            "Plans": [
                                                {
                                                    "Node Type": "Seq Scan",
                                                    "Parent Relationship": "Outer",
                                                    "Parallel Aware": true,
                                                    "Relation Name": "title",
                                                    "Schema": "public",
                                                    "Alias": "t",
                                                    "Startup Cost": 0.0,
                                                    "Total Cost": 45479.21,
                                                    "Plan Rows": 67162,
                                                    "Plan Width": 4,
                                                    "Actual Startup Time": 41.469,
                                                    "Actual Total Time": 93.814,
                                                    "Actual Rows": 54070,
                                                    "Actual Loops": 4,
                                                    "Output": [
                                                        "t.id"
                                                    ],
                                                    "Filter": "((t.production_year > 2005) AND (t.kind_id = 1))",
                                                    "Rows Removed by Filter": 578008,
                                                    "Workers": [
                                                        {
                                                            "Worker Number": 0,
                                                            "Actual Startup Time": 52.726,
                                                            "Actual Total Time": 93.294,
                                                            "Actual Rows": 40965,
                                                            "Actual Loops": 1
                                                        },
                                                        {
                                                            "Worker Number": 1,
                                                            "Actual Startup Time": 52.642,
                                                            "Actual Total Time": 91.86,
                                                            "Actual Rows": 62793,
                                                            "Actual Loops": 1
                                                        },
                                                        {
                                                            "Worker Number": 2,
                                                            "Actual Startup Time": 53.034,
                                                            "Actual Total Time": 94.357,
                                                            "Actual Rows": 42361,
                                                            "Actual Loops": 1
                                                        }
                                                    ]
                                                }
                                            ]
                                        }
                                    ]
                                }
                            ]
                        }
                    ]
                }
            ]
        },
        "Planning Time": 199.313,
        "Triggers": [],
        "Execution Time": 227.706
    }
]