{
  "Plan": {
    "Node Type": "Aggregate",
    "Strategy": "Plain",
    "Partial Mode": "Finalize",
    "Parallel Aware": false,
    "Startup Cost": 109966.01,
    "Total Cost": 109966.02,
    "Plan Rows": 1,
    "Plan Width": 8,
    "Actual Startup Time": 520.503,
    "Actual Total Time": 538.445,
    "Actual Rows": 1,
    "Actual Loops": 1,
    "Plans": [
      {
        "Node Type": "Gather",
        "Parent Relationship": "Outer",
        "Parallel Aware": false,
        "Startup Cost": 109965.9,
        "Total Cost": 109966.01,
        "Plan Rows": 1,
        "Plan Width": 8,
        "Actual Startup Time": 518.61,
        "Actual Total Time": 538.438,
        "Actual Rows": 2,
        "Actual Loops": 1,
        "Workers Planned": 1,
        "Workers Launched": 1,
        "Single Copy": false,
        "Plans": [
          {
            "Node Type": "Aggregate",
            "Strategy": "Plain",
            "Partial Mode": "Partial",
            "Parent Relationship": "Outer",
            "Parallel Aware": false,
            "Startup Cost": 108965.9,
            "Total Cost": 108965.91,
            "Plan Rows": 1,
            "Plan Width": 8,
            "Actual Startup Time": 512.532,
            "Actual Total Time": 512.536,
            "Actual Rows": 1,
            "Actual Loops": 2,
            "Plans": [
              {
                "Node Type": "Hash Join",
                "Parent Relationship": "Outer",
                "Parallel Aware": true,
                "Join Type": "Inner",
                "Startup Cost": 77259.05,
                "Total Cost": 108581.46,
                "Plan Rows": 153776,
                "Plan Width": 0,
                "Actual Startup Time": 310.733,
                "Actual Total Time": 500.528,
                "Actual Rows": 286734,
                "Actual Loops": 2,
                "Inner Unique": true,
                "Hash Cond": "(mk.movie_id = t.id)",
                "Plans": [
                  {
                    "Node Type": "Bitmap Heap Scan",
                    "Parent Relationship": "Outer",
                    "Parallel Aware": true,
                    "Relation Name": "movie_keyword",
                    "Alias": "mk",
                    "Startup Cost": 16375.33,
                    "Total Cost": 46505.71,
                    "Plan Rows": 454110,
                    "Plan Width": 4,
                    "Actual Startup Time": 47.292,
                    "Actual Total Time": 132.925,
                    "Actual Rows": 392234,
                    "Actual Loops": 2,
                    "Recheck Cond": "(keyword_id < 750)",
                    "Rows Removed by Index Recheck": 0,
                    "Exact Heap Blocks": 12222,
                    "Lossy Heap Blocks": 0,
                    "Plans": [
                      {
                        "Node Type": "Bitmap Index Scan",
                        "Parent Relationship": "Outer",
                        "Parallel Aware": false,
                        "Index Name": "keyword_id_movie_keyword",
                        "Startup Cost": 0.0,
                        "Total Cost": 16182.34,
                        "Plan Rows": 771987,
                        "Plan Width": 0,
                        "Actual Startup Time": 43.702,
                        "Actual Total Time": 43.703,
                        "Actual Rows": 784468,
                        "Actual Loops": 1,
                        "Index Cond": "(keyword_id < 750)"
                      }
                    ]
                  },
                  {
                    "Node Type": "Hash",
                    "Parent Relationship": "Inner",
                    "Parallel Aware": true,
                    "Startup Cost": 54588.39,
                    "Total Cost": 54588.39,
                    "Plan Rows": 503626,
                    "Plan Width": 4,
                    "Actual Startup Time": 254.364,
                    "Actual Total Time": 254.365,
                    "Actual Rows": 427107,
                    "Actual Loops": 2,
                    "Hash Buckets": 1048576,
                    "Original Hash Buckets": 1048576,
                    "Hash Batches": 1,
                    "Original Hash Batches": 1,
                    "Peak Memory Usage": 41632,
                    "Plans": [
                      {
                        "Node Type": "Seq Scan",
                        "Parent Relationship": "Outer",
                        "Parallel Aware": true,
                        "Relation Name": "title",
                        "Alias": "t",
                        "Startup Cost": 0.0,
                        "Total Cost": 54588.39,
                        "Plan Rows": 503626,
                        "Plan Width": 4,
                        "Actual Startup Time": 0.046,
                        "Actual Total Time": 152.712,
                        "Actual Rows": 427107,
                        "Actual Loops": 2,
                        "Filter": "(kind_id < 4)",
                        "Rows Removed by Filter": 837049
                      }
                    ]
                  }
                ]
              }
            ]
          }
        ]
      }
    ]
  },
  "Planning Time": 0.455,
  "Triggers": [],
  "Execution Time": 538.537
}