[
    {
        "Bao": {
            "Bao prediction": "NaN",
            "Bao recommended hint": "(no hint)"
        }
    },
    {
        "Plan": {
            "Node Type": "Aggregate",
            "Strategy": "Plain",
            "Partial Mode": "Finalize",
            "Parallel Aware": false,
            "Startup Cost": 93958.26,
            "Total Cost": 93958.27,
            "Plan Rows": 1,
            "Plan Width": 8,
            "Actual Startup Time": 272.181,
            "Actual Total Time": 293.352,
            "Actual Rows": 1,
            "Actual Loops": 1,
            "Output": [
                "count(*)"
            ],
            "Plans": [
                {
                    "Node Type": "Gather",
                    "Parent Relationship": "Outer",
                    "Parallel Aware": false,
                    "Startup Cost": 93957.94,
                    "Total Cost": 93958.25,
                    "Plan Rows": 3,
                    "Plan Width": 8,
                    "Actual Startup Time": 271.82,
                    "Actual Total Time": 293.343,
                    "Actual Rows": 4,
                    "Actual Loops": 1,
                    "Output": [
                        "(PARTIAL count(*))"
                    ],
                    "Workers Planned": 3,
                    "Workers Launched": 3,
                    "Single Copy": false,
                    "Plans": [
                        {
                            "Node Type": "Aggregate",
                            "Strategy": "Plain",
                            "Partial Mode": "Partial",
                            "Parent Relationship": "Outer",
                            "Parallel Aware": false,
                            "Startup Cost": 92957.94,
                            "Total Cost": 92957.95,
                            "Plan Rows": 1,
                            "Plan Width": 8,
                            "Actual Startup Time": 263.209,
                            "Actual Total Time": 263.212,
                            "Actual Rows": 1,
                            "Actual Loops": 4,
                            "Output": [
                                "PARTIAL count(*)"
                            ],
                            "Workers": [
                                {
                                    "Worker Number": 0,
                                    "Actual Startup Time": 260.213,
                                    "Actual Total Time": 260.216,
                                    "Actual Rows": 1,
                                    "Actual Loops": 1
                                },
                                {
                                    "Worker Number": 1,
                                    "Actual Startup Time": 260.623,
                                    "Actual Total Time": 260.626,
                                    "Actual Rows": 1,
                                    "Actual Loops": 1
                                },
                                {
                                    "Worker Number": 2,
                                    "Actual Startup Time": 260.539,
                                    "Actual Total Time": 260.543,
                                    "Actual Rows": 1,
                                    "Actual Loops": 1
                                }
                            ],
                            "Plans": [
                                {
                                    "Node Type": "Nested Loop",
                                    "Parent Relationship": "Outer",
                                    "Parallel Aware": false,
                                    "Join Type": "Inner",
                                    "Startup Cost": 44102.49,
                                    "Total Cost": 92870.9,
                                    "Plan Rows": 34816,
                                    "Plan Width": 0,
                                    "Actual Startup Time": 114.595,
                                    "Actual Total Time": 260.024,
                                    "Actual Rows": 60180,
                                    "Actual Loops": 4,
                                    "Inner Unique": false,
                                    "Join Filter": "(t.id = mi.movie_id)",
                                    "Rows Removed by Join Filter": 0,
                                    "Workers": [
                                        {
                                            "Worker Number": 0,
                                            "Actual Startup Time": 111.633,
                                            "Actual Total Time": 256.978,
                                            "Actual Rows": 53939,
                                            "Actual Loops": 1
                                        },
                                        {
                                            "Worker Number": 1,
                                            "Actual Startup Time": 111.896,
                                            "Actual Total Time": 257.747,
                                            "Actual Rows": 48707,
                                            "Actual Loops": 1
                                        },
                                        {
                                            "Worker Number": 2,
                                            "Actual Startup Time": 111.94,
                                            "Actual Total Time": 257.534,
                                            "Actual Rows": 49126,
                                            "Actual Loops": 1
                                        }
                                    ],
                                    "Plans": [
                                        {
                                            "Node Type": "Hash Join",
                                            "Parent Relationship": "Outer",
                                            "Parallel Aware": true,
                                            "Join Type": "Inner",
                                            "Startup Cost": 44102.06,
                                            "Total Cost": 76126.23,
                                            "Plan Rows": 5966,
                                            "Plan Width": 8,
                                            "Actual Startup Time": 114.529,
                                            "Actual Total Time": 175.505,
                                            "Actual Rows": 6150,
                                            "Actual Loops": 4,
                                            "Output": [
                                                "t.id",
                                                "mc.movie_id"
                                            ],
                                            "Inner Unique": true,
                                            "Hash Cond": "(mc.movie_id = t.id)",
                                            "Workers": [
                                                {
                                                    "Worker Number": 0,
                                                    "Actual Startup Time": 111.567,
                                                    "Actual Total Time": 167.864,
                                                    "Actual Rows": 5286,
                                                    "Actual Loops": 1
                                                },
                                                {
                                                    "Worker Number": 1,
                                                    "Actual Startup Time": 111.812,
                                                    "Actual Total Time": 166.165,
                                                    "Actual Rows": 5095,
                                                    "Actual Loops": 1
                                                },
                                                {
                                                    "Worker Number": 2,
                                                    "Actual Startup Time": 111.855,
                                                    "Actual Total Time": 168.908,
                                                    "Actual Rows": 5288,
                                                    "Actual Loops": 1
                                                }
                                            ],
                                            "Plans": [
                                                {
                                                    "Node Type": "Seq Scan",
                                                    "Parent Relationship": "Outer",
                                                    "Parallel Aware": true,
                                                    "Relation Name": "movie_companies",
                                                    "Schema": "public",
                                                    "Alias": "mc",
                                                    "Startup Cost": 0.0,
                                                    "Total Cost": 31414.82,
                                                    "Plan Rows": 232137,
                                                    "Plan Width": 4,
                                                    "Actual Startup Time": 27.294,
                                                    "Actual Total Time": 60.53,
                                                    "Actual Rows": 234962,
                                                    "Actual Loops": 4,
                                                    "Output": [
                                                        "mc.id",
                                                        "mc.movie_id",
                                                        "mc.company_id",
                                                        "mc.company_type_id",
                                                        "mc.note"
                                                    ],
                                                    "Filter": "((mc.company_id > 10584) AND (mc.company_type_id = 2))",
                                                    "Rows Removed by Filter": 417320,
                                                    "Workers": [
                                                        {
                                                            "Worker Number": 0,
                                                            "Actual Startup Time": 27.274,
                                                            "Actual Total Time": 57.944,
                                                            "Actual Rows": 205971,
                                                            "Actual Loops": 1
                                                        },
                                                        {
                                                            "Worker Number": 1,
                                                            "Actual Startup Time": 27.307,
                                                            "Actual Total Time": 56.734,
                                                            "Actual Rows": 191929,
                                                            "Actual Loops": 1
                                                        },
                                                        {
                                                            "Worker Number": 2,
                                                            "Actual Startup Time": 27.278,
                                                            "Actual Total Time": 58.395,
                                                            "Actual Rows": 209444,
                                                            "Actual Loops": 1
                                                        }
                                                    ]
                                                },
                                                {
                                                    "Node Type": "Hash",
                                                    "Parent Relationship": "Inner",
                                                    "Parallel Aware": true,
                                                    "Startup Cost": 43899.01,
                                                    "Total Cost": 43899.01,
                                                    "Plan Rows": 16244,
                                                    "Plan Width": 4,
                                                    "Actual Startup Time": 86.513,
                                                    "Actual Total Time": 86.514,
                                                    "Actual Rows": 15957,
                                                    "Actual Loops": 4,
                                                    "Output": [
                                                        "t.id"
                                                    ],
                                                    "Hash Buckets": 65536,
                                                    "Original Hash Buckets": 65536,
                                                    "Hash Batches": 1,
                                                    "Original Hash Batches": 1,
                                                    "Peak Memory Usage": 3072,
                                                    "Workers": [
                                                        {
                                                            "Worker Number": 0,
                                                            "Actual Startup Time": 83.631,
                                                            "Actual Total Time": 83.632,
                                                            "Actual Rows": 12555,
                                                            "Actual Loops": 1
                                                        },
                                                        {
                                                            "Worker Number": 1,
                                                            "Actual Startup Time": 83.87,
                                                            "Actual Total Time": 83.872,
                                                            "Actual Rows": 11270,
                                                            "Actual Loops": 1
                                                        },
                                                        {
                                                            "Worker Number": 2,
                                                            "Actual Startup Time": 83.864,
                                                            "Actual Total Time": 83.866,
                                                            "Actual Rows": 12442,
                                                            "Actual Loops": 1
                                                        }
                                                    ],
                                                    "Plans": [
                                                        {
                                                            "Node Type": "Seq Scan",
                                                            "Parent Relationship": "Outer",
                                                            "Parallel Aware": true,
                                                            "Relation Name": "title",
                                                            "Schema": "public",
                                                            "Alias": "t",
                                                            "Startup Cost": 0.0,
                                                            "Total Cost": 43899.01,
                                                            "Plan Rows": 16244,
                                                            "Plan Width": 4,
                                                            "Actual Startup Time": 0.052,
                                                            "Actual Total Time": 80.112,
                                                            "Actual Rows": 15957,
                                                            "Actual Loops": 4,
                                                            "Output": [
                                                                "t.id"
                                                            ],
                                                            "Filter": "(t.production_year = 2013)",
                                                            "Rows Removed by Filter": 616121,
                                                            "Workers": [
                                                                {
                                                                    "Worker Number": 0,
                                                                    "Actual Startup Time": 0.065,
                                                                    "Actual Total Time": 77.825,
                                                                    "Actual Rows": 12555,
                                                                    "Actual Loops": 1
                                                                },
                                                                {
                                                                    "Worker Number": 1,
                                                                    "Actual Startup Time": 0.06,
                                                                    "Actual Total Time": 77.035,
                                                                    "Actual Rows": 11270,
                                                                    "Actual Loops": 1
                                                                },
                                                                {
                                                                    "Worker Number": 2,
                                                                    "Actual Startup Time": 0.058,
                                                                    "Actual Total Time": 77.824,
                                                                    "Actual Rows": 12442,
                                                                    "Actual Loops": 1
                                                                }
                                                            ]
                                                        }
                                                    ]
                                                }
                                            ]
                                        },
                                        {
                                            "Node Type": "Index Only Scan",
                                            "Parent Relationship": "Inner",
                                            "Parallel Aware": false,
                                            "Scan Direction": "Forward",
                                            "Index Name": "movie_id_movie_info",
                                            "Relation Name": "movie_info",
                                            "Schema": "public",
                                            "Alias": "mi",
                                            "Startup Cost": 0.43,
                                            "Total Cost": 2.32,
                                            "Plan Rows": 39,
                                            "Plan Width": 4,
                                            "Actual Startup Time": 0.006,
                                            "Actual Total Time": 0.013,
                                            "Actual Rows": 10,
                                            "Actual Loops": 24602,
                                            "Output": [
                                                "mi.movie_id"
                                            ],
                                            "Index Cond": "(mi.movie_id = mc.movie_id)",
                                            "Rows Removed by Index Recheck": 0,
                                            "Heap Fetches": 240719,
                                            "Workers": [
                                                {
                                                    "Worker Number": 0,
                                                    "Actual Startup Time": 0.007,
                                                    "Actual Total Time": 0.016,
                                                    "Actual Rows": 10,
                                                    "Actual Loops": 5286
                                                },
                                                {
                                                    "Worker Number": 1,
                                                    "Actual Startup Time": 0.007,
                                                    "Actual Total Time": 0.017,
                                                    "Actual Rows": 10,
                                                    "Actual Loops": 5095
                                                },
                                                {
                                                    "Worker Number": 2,
                                                    "Actual Startup Time": 0.007,
                                                    "Actual Total Time": 0.015,
                                                    "Actual Rows": 9,
                                                    "Actual Loops": 5288
                                                }
                                            ]
                                        }
                                    ]
                                }
                            ]
                        }
                    ]
                }
            ]
        },
        "Planning Time": 180.618,
        "Triggers": [],
        "Execution Time": 293.423
    }
]