[
  {
    "Plan": {
      "Node Type": "Aggregate",
      "Strategy": "Plain",
      "Partial Mode": "Finalize",
      "Parallel Aware": false,
      "Startup Cost": 196313.39,
      "Total Cost": 196313.4,
      "Plan Rows": 1,
      "Plan Width": 8,
      "Actual Startup Time": 735.218,
      "Actual Total Time": 783.393,
      "Actual Rows": 1,
      "Actual Loops": 1,
      "Plans": [
        {
          "Node Type": "Gather",
          "Parent Relationship": "Outer",
          "Parallel Aware": false,
          "Startup Cost": 196313.07,
          "Total Cost": 196313.38,
          "Plan Rows": 3,
          "Plan Width": 8,
          "Actual Startup Time": 730.845,
          "Actual Total Time": 783.383,
          "Actual Rows": 4,
          "Actual Loops": 1,
          "Workers Planned": 3,
          "Workers Launched": 3,
          "Single Copy": false,
          "Plans": [
            {
              "Node Type": "Aggregate",
              "Strategy": "Plain",
              "Partial Mode": "Partial",
              "Parent Relationship": "Outer",
              "Parallel Aware": false,
              "Startup Cost": 195313.07,
              "Total Cost": 195313.08,
              "Plan Rows": 1,
              "Plan Width": 8,
              "Actual Startup Time": 723.729,
              "Actual Total Time": 723.734,
              "Actual Rows": 1,
              "Actual Loops": 4,
              "Plans": [
                {
                  "Node Type": "Nested Loop",
                  "Parent Relationship": "Outer",
                  "Parallel Aware": false,
                  "Join Type": "Inner",
                  "Startup Cost": 55551.25,
                  "Total Cost": 194624.18,
                  "Plan Rows": 275558,
                  "Plan Width": 0,
                  "Actual Startup Time": 249.67,
                  "Actual Total Time": 699.692,
                  "Actual Rows": 370192,
                  "Actual Loops": 4,
                  "Inner Unique": false,
                  "Plans": [
                    {
                      "Node Type": "Hash Join",
                      "Parent Relationship": "Outer",
                      "Parallel Aware": true,
                      "Join Type": "Inner",
                      "Startup Cost": 55550.81,
                      "Total Cost": 76329.38,
                      "Plan Rows": 46930,
                      "Plan Width": 8,
                      "Actual Startup Time": 249.546,
                      "Actual Total Time": 339.198,
                      "Actual Rows": 25777,
                      "Actual Loops": 4,
                      "Inner Unique": true,
                      "Hash Cond": "(mc.movie_id = t.id)",
                      "Plans": [
                        {
                          "Node Type": "Bitmap Heap Scan",
                          "Parent Relationship": "Outer",
                          "Parallel Aware": true,
                          "Relation Name": "movie_companies",
                          "Alias": "mc",
                          "Startup Cost": 8831.13,
                          "Total Cost": 29264.57,
                          "Plan Rows": 131475,
                          "Plan Width": 4,
                          "Actual Startup Time": 28.153,
                          "Actual Total Time": 65.616,
                          "Actual Rows": 100915,
                          "Actual Loops": 4,
                          "Recheck Cond": "(company_id < 258)",
                          "Rows Removed by Index Recheck": 0,
                          "Exact Heap Blocks": 7397,
                          "Lossy Heap Blocks": 0,
                          "Plans": [
                            {
                              "Node Type": "Bitmap Index Scan",
                              "Parent Relationship": "Outer",
                              "Parallel Aware": false,
                              "Index Name": "company_id_movie_companies",
                              "Startup Cost": 0.0,
                              "Total Cost": 8729.24,
                              "Plan Rows": 407574,
                              "Plan Width": 0,
                              "Actual Startup Time": 23.803,
                              "Actual Total Time": 23.804,
                              "Actual Rows": 403659,
                              "Actual Loops": 1,
                              "Index Cond": "(company_id < 258)"
                            }
                          ]
                        },
                        {
                          "Node Type": "Hash",
                          "Parent Relationship": "Inner",
                          "Parallel Aware": true,
                          "Startup Cost": 43899.32,
                          "Total Cost": 43899.32,
                          "Plan Rows": 225629,
                          "Plan Width": 4,
                          "Actual Startup Time": 217.68,
                          "Actual Total Time": 217.681,
                          "Actual Rows": 226123,
                          "Actual Loops": 4,
                          "Hash Buckets": 1048576,
                          "Original Hash Buckets": 1048576,
                          "Hash Batches": 1,
                          "Original Hash Batches": 1,
                          "Peak Memory Usage": 43648,
                          "Plans": [
                            {
                              "Node Type": "Seq Scan",
                              "Parent Relationship": "Outer",
                              "Parallel Aware": true,
                              "Relation Name": "title",
                              "Alias": "t",
                              "Startup Cost": 0.0,
                              "Total Cost": 43899.32,
                              "Plan Rows": 225629,
                              "Plan Width": 4,
                              "Actual Startup Time": 0.049,
                              "Actual Total Time": 123.205,
                              "Actual Rows": 226123,
                              "Actual Loops": 4,
                              "Filter": "(production_year > 2006)",
                              "Rows Removed by Filter": 405955
                            }
                          ]
                        }
                      ]
                    },
                    {
                      "Node Type": "Index Only Scan",
                      "Parent Relationship": "Inner",
                      "Parallel Aware": false,
                      "Scan Direction": "Forward",
                      "Index Name": "movie_id_movie_info",
                      "Relation Name": "movie_info",
                      "Alias": "mi",
                      "Startup Cost": 0.43,
                      "Total Cost": 2.11,
                      "Plan Rows": 41,
                      "Plan Width": 4,
                      "Actual Startup Time": 0.005,
                      "Actual Total Time": 0.012,
                      "Actual Rows": 14,
                      "Actual Loops": 103108,
                      "Index Cond": "(movie_id = t.id)",
                      "Rows Removed by Index Recheck": 0,
                      "Heap Fetches": 1480769
                    }
                  ]
                }
              ]
            }
          ]
        }
      ]
    },
    "Planning Time": 0.823,
    "Triggers": [],
    "Execution Time": 783.473
  }
]