[
  {
    "Plan": {
      "Node Type": "Aggregate",
      "Strategy": "Plain",
      "Partial Mode": "Finalize",
      "Parallel Aware": false,
      "Startup Cost": 170719.88,
      "Total Cost": 170719.89,
      "Plan Rows": 1,
      "Plan Width": 8,
      "Actual Startup Time": 542.158,
      "Actual Total Time": 593.723,
      "Actual Rows": 1,
      "Actual Loops": 1,
      "Plans": [
        {
          "Node Type": "Gather",
          "Parent Relationship": "Outer",
          "Parallel Aware": false,
          "Startup Cost": 170719.46,
          "Total Cost": 170719.87,
          "Plan Rows": 4,
          "Plan Width": 8,
          "Actual Startup Time": 539.021,
          "Actual Total Time": 593.715,
          "Actual Rows": 5,
          "Actual Loops": 1,
          "Workers Planned": 4,
          "Workers Launched": 4,
          "Single Copy": false,
          "Plans": [
            {
              "Node Type": "Aggregate",
              "Strategy": "Plain",
              "Partial Mode": "Partial",
              "Parent Relationship": "Outer",
              "Parallel Aware": false,
              "Startup Cost": 169719.46,
              "Total Cost": 169719.47,
              "Plan Rows": 1,
              "Plan Width": 8,
              "Actual Startup Time": 528.411,
              "Actual Total Time": 528.415,
              "Actual Rows": 1,
              "Actual Loops": 5,
              "Plans": [
                {
                  "Node Type": "Nested Loop",
                  "Parent Relationship": "Outer",
                  "Parallel Aware": false,
                  "Join Type": "Inner",
                  "Startup Cost": 30897.32,
                  "Total Cost": 169183.29,
                  "Plan Rows": 214468,
                  "Plan Width": 0,
                  "Actual Startup Time": 112.882,
                  "Actual Total Time": 513.374,
                  "Actual Rows": 296154,
                  "Actual Loops": 5,
                  "Inner Unique": false,
                  "Plans": [
                    {
                      "Node Type": "Hash Join",
                      "Parent Relationship": "Outer",
                      "Parallel Aware": true,
                      "Join Type": "Inner",
                      "Startup Cost": 30896.88,
                      "Total Cost": 76053.0,
                      "Plan Rows": 36678,
                      "Plan Width": 8,
                      "Actual Startup Time": 112.8,
                      "Actual Total Time": 249.315,
                      "Actual Rows": 20622,
                      "Actual Loops": 5,
                      "Inner Unique": false,
                      "Hash Cond": "(t.id = mc.movie_id)",
                      "Plans": [
                        {
                          "Node Type": "Seq Scan",
                          "Parent Relationship": "Outer",
                          "Parallel Aware": true,
                          "Relation Name": "title",
                          "Alias": "t",
                          "Startup Cost": 0.0,
                          "Total Cost": 43898.92,
                          "Plan Rows": 227776,
                          "Plan Width": 4,
                          "Actual Startup Time": 0.015,
                          "Actual Total Time": 73.126,
                          "Actual Rows": 180898,
                          "Actual Loops": 5,
                          "Filter": "(production_year > 2006)",
                          "Rows Removed by Filter": 324764
                        },
                        {
                          "Node Type": "Hash",
                          "Parent Relationship": "Inner",
                          "Parallel Aware": true,
                          "Startup Cost": 29255.26,
                          "Total Cost": 29255.26,
                          "Plan Rows": 131330,
                          "Plan Width": 4,
                          "Actual Startup Time": 109.92,
                          "Actual Total Time": 109.921,
                          "Actual Rows": 80732,
                          "Actual Loops": 5,
                          "Hash Buckets": 524288,
                          "Original Hash Buckets": 524288,
                          "Hash Batches": 1,
                          "Original Hash Batches": 1,
                          "Peak Memory Usage": 20000,
                          "Plans": [
                            {
                              "Node Type": "Bitmap Heap Scan",
                              "Parent Relationship": "Outer",
                              "Parallel Aware": true,
                              "Relation Name": "movie_companies",
                              "Alias": "mc",
                              "Startup Cost": 8823.63,
                              "Total Cost": 29255.26,
                              "Plan Rows": 131330,
                              "Plan Width": 4,
                              "Actual Startup Time": 30.393,
                              "Actual Total Time": 77.598,
                              "Actual Rows": 80732,
                              "Actual Loops": 5,
                              "Recheck Cond": "(company_id < 258)",
                              "Rows Removed by Index Recheck": 0,
                              "Exact Heap Blocks": 6547,
                              "Lossy Heap Blocks": 0,
                              "Plans": [
                                {
                                  "Node Type": "Bitmap Index Scan",
                                  "Parent Relationship": "Outer",
                                  "Parallel Aware": false,
                                  "Index Name": "company_id_movie_companies",
                                  "Startup Cost": 0.0,
                                  "Total Cost": 8721.85,
                                  "Plan Rows": 407123,
                                  "Plan Width": 0,
                                  "Actual Startup Time": 26.996,
                                  "Actual Total Time": 26.997,
                                  "Actual Rows": 403659,
                                  "Actual Loops": 1,
                                  "Index Cond": "(company_id < 258)"
                                }
                              ]
                            }
                          ]
                        }
                      ]
                    },
                    {
                      "Node Type": "Index Only Scan",
                      "Parent Relationship": "Inner",
                      "Parallel Aware": false,
                      "Scan Direction": "Forward",
                      "Index Name": "movie_id_movie_info",
                      "Relation Name": "movie_info",
                      "Alias": "mi",
                      "Startup Cost": 0.43,
                      "Total Cost": 2.12,
                      "Plan Rows": 42,
                      "Plan Width": 4,
                      "Actual Startup Time": 0.004,
                      "Actual Total Time": 0.011,
                      "Actual Rows": 14,
                      "Actual Loops": 103108,
                      "Index Cond": "(movie_id = t.id)",
                      "Rows Removed by Index Recheck": 0,
                      "Heap Fetches": 1480769
                    }
                  ]
                }
              ]
            }
          ]
        }
      ]
    },
    "Planning Time": 1.41,
    "Triggers": [],
    "Execution Time": 593.851
  }
]