[
  {
    "Plan": {
      "Node Type": "Aggregate",
      "Strategy": "Plain",
      "Partial Mode": "Finalize",
      "Parallel Aware": false,
      "Startup Cost": 161178.83,
      "Total Cost": 161178.84,
      "Plan Rows": 1,
      "Plan Width": 8,
      "Actual Startup Time": 1028.464,
      "Actual Total Time": 1085.376,
      "Actual Rows": 1,
      "Actual Loops": 1,
      "Plans": [
        {
          "Node Type": "Gather",
          "Parent Relationship": "Outer",
          "Parallel Aware": false,
          "Startup Cost": 161178.41,
          "Total Cost": 161178.82,
          "Plan Rows": 4,
          "Plan Width": 8,
          "Actual Startup Time": 1025.643,
          "Actual Total Time": 1085.367,
          "Actual Rows": 5,
          "Actual Loops": 1,
          "Workers Planned": 4,
          "Workers Launched": 4,
          "Single Copy": false,
          "Plans": [
            {
              "Node Type": "Aggregate",
              "Strategy": "Plain",
              "Partial Mode": "Partial",
              "Parent Relationship": "Outer",
              "Parallel Aware": false,
              "Startup Cost": 160178.41,
              "Total Cost": 160178.42,
              "Plan Rows": 1,
              "Plan Width": 8,
              "Actual Startup Time": 1015.365,
              "Actual Total Time": 1015.369,
              "Actual Rows": 1,
              "Actual Loops": 5,
              "Plans": [
                {
                  "Node Type": "Nested Loop",
                  "Parent Relationship": "Outer",
                  "Parallel Aware": false,
                  "Join Type": "Inner",
                  "Startup Cost": 28930.5,
                  "Total Cost": 159535.4,
                  "Plan Rows": 257206,
                  "Plan Width": 0,
                  "Actual Startup Time": 102.685,
                  "Actual Total Time": 970.633,
                  "Actual Rows": 1029178,
                  "Actual Loops": 5,
                  "Inner Unique": false,
                  "Plans": [
                    {
                      "Node Type": "Hash Join",
                      "Parent Relationship": "Outer",
                      "Parallel Aware": true,
                      "Join Type": "Inner",
                      "Startup Cost": 28930.07,
                      "Total Cost": 74551.06,
                      "Plan Rows": 43987,
                      "Plan Width": 8,
                      "Actual Startup Time": 102.609,
                      "Actual Total Time": 296.495,
                      "Actual Rows": 54640,
                      "Actual Loops": 5,
                      "Inner Unique": false,
                      "Hash Cond": "(t.id = mc.movie_id)",
                      "Plans": [
                        {
                          "Node Type": "Seq Scan",
                          "Parent Relationship": "Outer",
                          "Parallel Aware": true,
                          "Relation Name": "title",
                          "Alias": "t",
                          "Startup Cost": 0.0,
                          "Total Cost": 42318.73,
                          "Plan Rows": 632073,
                          "Plan Width": 4,
                          "Actual Startup Time": 0.011,
                          "Actual Total Time": 61.664,
                          "Actual Rows": 505662,
                          "Actual Loops": 5
                        },
                        {
                          "Node Type": "Hash",
                          "Parent Relationship": "Inner",
                          "Parallel Aware": true,
                          "Startup Cost": 28220.59,
                          "Total Cost": 28220.59,
                          "Plan Rows": 56758,
                          "Plan Width": 4,
                          "Actual Startup Time": 100.775,
                          "Actual Total Time": 100.776,
                          "Actual Rows": 54640,
                          "Actual Loops": 5,
                          "Hash Buckets": 524288,
                          "Original Hash Buckets": 262144,
                          "Hash Batches": 1,
                          "Original Hash Batches": 1,
                          "Peak Memory Usage": 16896,
                          "Plans": [
                            {
                              "Node Type": "Bitmap Heap Scan",
                              "Parent Relationship": "Outer",
                              "Parallel Aware": true,
                              "Relation Name": "movie_companies",
                              "Alias": "mc",
                              "Startup Cost": 7701.11,
                              "Total Cost": 28220.59,
                              "Plan Rows": 56758,
                              "Plan Width": 4,
                              "Actual Startup Time": 28.041,
                              "Actual Total Time": 73.368,
                              "Actual Rows": 54640,
                              "Actual Loops": 5,
                              "Recheck Cond": "(company_id < 168)",
                              "Rows Removed by Index Recheck": 0,
                              "Filter": "(company_type_id < 2)",
                              "Rows Removed by Filter": 15498,
                              "Exact Heap Blocks": 7032,
                              "Lossy Heap Blocks": 0,
                              "Plans": [
                                {
                                  "Node Type": "Bitmap Index Scan",
                                  "Parent Relationship": "Outer",
                                  "Parallel Aware": false,
                                  "Index Name": "company_id_movie_companies",
                                  "Startup Cost": 0.0,
                                  "Total Cost": 7657.12,
                                  "Plan Rows": 357426,
                                  "Plan Width": 0,
                                  "Actual Startup Time": 28.284,
                                  "Actual Total Time": 28.284,
                                  "Actual Rows": 350689,
                                  "Actual Loops": 1,
                                  "Index Cond": "(company_id < 168)"
                                }
                              ]
                            }
                          ]
                        }
                      ]
                    },
                    {
                      "Node Type": "Index Only Scan",
                      "Parent Relationship": "Inner",
                      "Parallel Aware": false,
                      "Scan Direction": "Forward",
                      "Index Name": "movie_id_movie_info",
                      "Relation Name": "movie_info",
                      "Alias": "mi",
                      "Startup Cost": 0.43,
                      "Total Cost": 1.51,
                      "Plan Rows": 42,
                      "Plan Width": 4,
                      "Actual Startup Time": 0.004,
                      "Actual Total Time": 0.011,
                      "Actual Rows": 19,
                      "Actual Loops": 273198,
                      "Index Cond": "(movie_id = t.id)",
                      "Rows Removed by Index Recheck": 0,
                      "Heap Fetches": 5145888
                    }
                  ]
                }
              ]
            }
          ]
        }
      ]
    },
    "Planning Time": 1.477,
    "Triggers": [],
    "Execution Time": 1085.507
  }
]