{
  "Plan": {
    "Node Type": "Aggregate",
    "Strategy": "Plain",
    "Partial Mode": "Finalize",
    "Parallel Aware": false,
    "Startup Cost": 86983.16,
    "Total Cost": 86983.17,
    "Plan Rows": 1,
    "Plan Width": 8,
    "Actual Startup Time": 33.926,
    "Actual Total Time": 38.99,
    "Actual Rows": 1,
    "Actual Loops": 1,
    "Plans": [
      {
        "Node Type": "Gather",
        "Parent Relationship": "Outer",
        "Parallel Aware": false,
        "Startup Cost": 86983.05,
        "Total Cost": 86983.16,
        "Plan Rows": 1,
        "Plan Width": 8,
        "Actual Startup Time": 33.774,
        "Actual Total Time": 38.983,
        "Actual Rows": 2,
        "Actual Loops": 1,
        "Workers Planned": 1,
        "Workers Launched": 1,
        "Single Copy": false,
        "Plans": [
          {
            "Node Type": "Aggregate",
            "Strategy": "Plain",
            "Partial Mode": "Partial",
            "Parent Relationship": "Outer",
            "Parallel Aware": false,
            "Startup Cost": 85983.05,
            "Total Cost": 85983.06,
            "Plan Rows": 1,
            "Plan Width": 8,
            "Actual Startup Time": 27.348,
            "Actual Total Time": 27.35,
            "Actual Rows": 1,
            "Actual Loops": 2,
            "Plans": [
              {
                "Node Type": "Nested Loop",
                "Parent Relationship": "Outer",
                "Parallel Aware": false,
                "Join Type": "Inner",
                "Startup Cost": 837.13,
                "Total Cost": 85977.79,
                "Plan Rows": 2104,
                "Plan Width": 0,
                "Actual Startup Time": 22.08,
                "Actual Total Time": 27.333,
                "Actual Rows": 67,
                "Actual Loops": 2,
                "Inner Unique": false,
                "Plans": [
                  {
                    "Node Type": "Nested Loop",
                    "Parent Relationship": "Outer",
                    "Parallel Aware": false,
                    "Join Type": "Inner",
                    "Startup Cost": 836.7,
                    "Total Cost": 82781.61,
                    "Plan Rows": 5786,
                    "Plan Width": 8,
                    "Actual Startup Time": 22.001,
                    "Actual Total Time": 26.502,
                    "Actual Rows": 58,
                    "Actual Loops": 2,
                    "Inner Unique": true,
                    "Plans": [
                      {
                        "Node Type": "Bitmap Heap Scan",
                        "Parent Relationship": "Outer",
                        "Parallel Aware": true,
                        "Relation Name": "movie_companies",
                        "Alias": "mc",
                        "Startup Cost": 836.27,
                        "Total Cost": 19968.53,
                        "Plan Rows": 11585,
                        "Plan Width": 4,
                        "Actual Startup Time": 21.808,
                        "Actual Total Time": 22.864,
                        "Actual Rows": 310,
                        "Actual Loops": 2,
                        "Recheck Cond": "(company_id = 160)",
                        "Rows Removed by Index Recheck": 0,
                        "Filter": "(company_type_id = 2)",
                        "Rows Removed by Filter": 17758,
                        "Exact Heap Blocks": 3821,
                        "Lossy Heap Blocks": 0,
                        "Plans": [
                          {
                            "Node Type": "Bitmap Index Scan",
                            "Parent Relationship": "Outer",
                            "Parallel Aware": false,
                            "Index Name": "company_id_movie_companies",
                            "Startup Cost": 0.0,
                            "Total Cost": 831.35,
                            "Plan Rows": 38789,
                            "Plan Width": 0,
                            "Actual Startup Time": 9.066,
                            "Actual Total Time": 9.067,
                            "Actual Rows": 36136,
                            "Actual Loops": 1,
                            "Index Cond": "(company_id = 160)"
                          }
                        ]
                      },
                      {
                        "Node Type": "Index Scan",
                        "Parent Relationship": "Inner",
                        "Parallel Aware": false,
                        "Scan Direction": "Forward",
                        "Index Name": "title_pkey",
                        "Relation Name": "title",
                        "Alias": "t",
                        "Startup Cost": 0.43,
                        "Total Cost": 5.42,
                        "Plan Rows": 1,
                        "Plan Width": 4,
                        "Actual Startup Time": 0.011,
                        "Actual Total Time": 0.011,
                        "Actual Rows": 0,
                        "Actual Loops": 619,
                        "Index Cond": "(id = mc.movie_id)",
                        "Rows Removed by Index Recheck": 0,
                        "Filter": "((kind_id > 2) AND (production_year > 1988))",
                        "Rows Removed by Filter": 1
                      }
                    ]
                  },
                  {
                    "Node Type": "Index Scan",
                    "Parent Relationship": "Inner",
                    "Parallel Aware": false,
                    "Scan Direction": "Forward",
                    "Index Name": "movie_id_movie_info_idx",
                    "Relation Name": "movie_info_idx",
                    "Alias": "mi_idx",
                    "Startup Cost": 0.43,
                    "Total Cost": 0.53,
                    "Plan Rows": 2,
                    "Plan Width": 4,
                    "Actual Startup Time": 0.013,
                    "Actual Total Time": 0.014,
                    "Actual Rows": 1,
                    "Actual Loops": 115,
                    "Index Cond": "(movie_id = t.id)",
                    "Rows Removed by Index Recheck": 0,
                    "Filter": "(info_type_id < 101)",
                    "Rows Removed by Filter": 1
                  }
                ]
              }
            ]
          }
        ]
      }
    ]
  },
  "Planning Time": 1.045,
  "Triggers": [],
  "Execution Time": 39.092
}