{
  "Plan": {
    "Node Type": "Aggregate",
    "Strategy": "Plain",
    "Partial Mode": "Finalize",
    "Parallel Aware": false,
    "Startup Cost": 211017.78,
    "Total Cost": 211017.79,
    "Plan Rows": 1,
    "Plan Width": 8,
    "Actual Startup Time": 152.82,
    "Actual Total Time": 170.837,
    "Actual Rows": 1,
    "Actual Loops": 1,
    "Plans": [
      {
        "Node Type": "Gather",
        "Parent Relationship": "Outer",
        "Parallel Aware": false,
        "Startup Cost": 211017.67,
        "Total Cost": 211017.78,
        "Plan Rows": 1,
        "Plan Width": 8,
        "Actual Startup Time": 152.72,
        "Actual Total Time": 170.831,
        "Actual Rows": 2,
        "Actual Loops": 1,
        "Workers Planned": 1,
        "Workers Launched": 1,
        "Single Copy": false,
        "Plans": [
          {
            "Node Type": "Aggregate",
            "Strategy": "Plain",
            "Partial Mode": "Partial",
            "Parent Relationship": "Outer",
            "Parallel Aware": false,
            "Startup Cost": 210017.67,
            "Total Cost": 210017.68,
            "Plan Rows": 1,
            "Plan Width": 8,
            "Actual Startup Time": 149.697,
            "Actual Total Time": 149.698,
            "Actual Rows": 1,
            "Actual Loops": 2,
            "Plans": [
              {
                "Node Type": "Nested Loop",
                "Parent Relationship": "Outer",
                "Parallel Aware": false,
                "Join Type": "Inner",
                "Startup Cost": 0.43,
                "Total Cost": 210001.22,
                "Plan Rows": 6580,
                "Plan Width": 0,
                "Actual Startup Time": 83.655,
                "Actual Total Time": 149.118,
                "Actual Rows": 8850,
                "Actual Loops": 2,
                "Inner Unique": false,
                "Plans": [
                  {
                    "Node Type": "Seq Scan",
                    "Parent Relationship": "Outer",
                    "Parallel Aware": true,
                    "Relation Name": "title",
                    "Alias": "t",
                    "Startup Cost": 0.0,
                    "Total Cost": 54588.39,
                    "Plan Rows": 1125,
                    "Plan Width": 4,
                    "Actual Startup Time": 83.576,
                    "Actual Total Time": 123.793,
                    "Actual Rows": 1172,
                    "Actual Loops": 2,
                    "Filter": "(production_year < 1898)",
                    "Rows Removed by Filter": 1262984
                  },
                  {
                    "Node Type": "Index Only Scan",
                    "Parent Relationship": "Inner",
                    "Parallel Aware": false,
                    "Scan Direction": "Forward",
                    "Index Name": "movie_id_movie_info",
                    "Relation Name": "movie_info",
                    "Alias": "mi",
                    "Startup Cost": 0.43,
                    "Total Cost": 137.72,
                    "Plan Rows": 42,
                    "Plan Width": 4,
                    "Actual Startup Time": 0.009,
                    "Actual Total Time": 0.021,
                    "Actual Rows": 8,
                    "Actual Loops": 2345,
                    "Index Cond": "(movie_id = t.id)",
                    "Rows Removed by Index Recheck": 0,
                    "Heap Fetches": 17699
                  }
                ]
              }
            ]
          }
        ]
      }
    ]
  },
  "Planning Time": 0.252,
  "Triggers": [],
  "Execution Time": 170.887
}