[
  {
    "Plan": {
      "Node Type": "Aggregate",
      "Strategy": "Plain",
      "Partial Mode": "Finalize",
      "Parallel Aware": false,
      "Startup Cost": 62982.21,
      "Total Cost": 62982.22,
      "Plan Rows": 1,
      "Plan Width": 8,
      "Actual Startup Time": 73.458,
      "Actual Total Time": 84.394,
      "Actual Rows": 1,
      "Actual Loops": 1,
      "Plans": [
        {
          "Node Type": "Gather",
          "Parent Relationship": "Outer",
          "Parallel Aware": false,
          "Startup Cost": 62981.89,
          "Total Cost": 62982.2,
          "Plan Rows": 3,
          "Plan Width": 8,
          "Actual Startup Time": 73.307,
          "Actual Total Time": 84.388,
          "Actual Rows": 4,
          "Actual Loops": 1,
          "Workers Planned": 3,
          "Workers Launched": 3,
          "Single Copy": false,
          "Plans": [
            {
              "Node Type": "Aggregate",
              "Strategy": "Plain",
              "Partial Mode": "Partial",
              "Parent Relationship": "Outer",
              "Parallel Aware": false,
              "Startup Cost": 61981.89,
              "Total Cost": 61981.9,
              "Plan Rows": 1,
              "Plan Width": 8,
              "Actual Startup Time": 69.919,
              "Actual Total Time": 69.922,
              "Actual Rows": 1,
              "Actual Loops": 4,
              "Plans": [
                {
                  "Node Type": "Nested Loop",
                  "Parent Relationship": "Outer",
                  "Parallel Aware": false,
                  "Join Type": "Inner",
                  "Startup Cost": 604.55,
                  "Total Cost": 61959.44,
                  "Plan Rows": 8978,
                  "Plan Width": 0,
                  "Actual Startup Time": 1.783,
                  "Actual Total Time": 68.929,
                  "Actual Rows": 6826,
                  "Actual Loops": 4,
                  "Inner Unique": true,
                  "Plans": [
                    {
                      "Node Type": "Bitmap Heap Scan",
                      "Parent Relationship": "Outer",
                      "Parallel Aware": true,
                      "Relation Name": "movie_companies",
                      "Alias": "mc",
                      "Startup Cost": 604.12,
                      "Total Cost": 20424.58,
                      "Plan Rows": 8978,
                      "Plan Width": 4,
                      "Actual Startup Time": 1.706,
                      "Actual Total Time": 11.722,
                      "Actual Rows": 6826,
                      "Actual Loops": 4,
                      "Recheck Cond": "(company_id = 27)",
                      "Rows Removed by Index Recheck": 0,
                      "Exact Heap Blocks": 2656,
                      "Lossy Heap Blocks": 0,
                      "Plans": [
                        {
                          "Node Type": "Bitmap Index Scan",
                          "Parent Relationship": "Outer",
                          "Parallel Aware": false,
                          "Index Name": "company_id_movie_companies",
                          "Startup Cost": 0.0,
                          "Total Cost": 597.16,
                          "Plan Rows": 27831,
                          "Plan Width": 0,
                          "Actual Startup Time": 3.508,
                          "Actual Total Time": 3.513,
                          "Actual Rows": 27303,
                          "Actual Loops": 1,
                          "Index Cond": "(company_id = 27)"
                        }
                      ]
                    },
                    {
                      "Node Type": "Index Only Scan",
                      "Parent Relationship": "Inner",
                      "Parallel Aware": false,
                      "Scan Direction": "Forward",
                      "Index Name": "title_pkey",
                      "Relation Name": "title",
                      "Alias": "t",
                      "Startup Cost": 0.43,
                      "Total Cost": 4.63,
                      "Plan Rows": 1,
                      "Plan Width": 4,
                      "Actual Startup Time": 0.008,
                      "Actual Total Time": 0.008,
                      "Actual Rows": 1,
                      "Actual Loops": 27303,
                      "Index Cond": "(id = mc.movie_id)",
                      "Rows Removed by Index Recheck": 0,
                      "Heap Fetches": 27303
                    }
                  ]
                }
              ]
            }
          ]
        }
      ]
    },
    "Planning Time": 0.251,
    "Triggers": [],
    "Execution Time": 84.435
  }
]