[
  {
    "Plan": {
      "Node Type": "Aggregate",
      "Strategy": "Plain",
      "Partial Mode": "Finalize",
      "Parallel Aware": false,
      "Startup Cost": 73198.48,
      "Total Cost": 73198.49,
      "Plan Rows": 1,
      "Plan Width": 8,
      "Actual Startup Time": 176.524,
      "Actual Total Time": 188.765,
      "Actual Rows": 1,
      "Actual Loops": 1,
      "Plans": [
        {
          "Node Type": "Gather",
          "Parent Relationship": "Outer",
          "Parallel Aware": false,
          "Startup Cost": 73198.17,
          "Total Cost": 73198.48,
          "Plan Rows": 3,
          "Plan Width": 8,
          "Actual Startup Time": 175.946,
          "Actual Total Time": 188.758,
          "Actual Rows": 4,
          "Actual Loops": 1,
          "Workers Planned": 3,
          "Workers Launched": 3,
          "Single Copy": false,
          "Plans": [
            {
              "Node Type": "Aggregate",
              "Strategy": "Plain",
              "Partial Mode": "Partial",
              "Parent Relationship": "Outer",
              "Parallel Aware": false,
              "Startup Cost": 72198.17,
              "Total Cost": 72198.18,
              "Plan Rows": 1,
              "Plan Width": 8,
              "Actual Startup Time": 166.803,
              "Actual Total Time": 166.806,
              "Actual Rows": 1,
              "Actual Loops": 4,
              "Plans": [
                {
                  "Node Type": "Hash Join",
                  "Parent Relationship": "Outer",
                  "Parallel Aware": true,
                  "Join Type": "Inner",
                  "Startup Cost": 51613.39,
                  "Total Cost": 72191.09,
                  "Plan Rows": 2829,
                  "Plan Width": 0,
                  "Actual Startup Time": 150.111,
                  "Actual Total Time": 166.757,
                  "Actual Rows": 547,
                  "Actual Loops": 4,
                  "Inner Unique": true,
                  "Hash Cond": "(mc.movie_id = t.id)",
                  "Plans": [
                    {
                      "Node Type": "Bitmap Heap Scan",
                      "Parent Relationship": "Outer",
                      "Parallel Aware": true,
                      "Relation Name": "movie_companies",
                      "Alias": "mc",
                      "Startup Cost": 7312.32,
                      "Total Cost": 27744.15,
                      "Plan Rows": 55574,
                      "Plan Width": 4,
                      "Actual Startup Time": 45.5,
                      "Actual Total Time": 57.085,
                      "Actual Rows": 17338,
                      "Actual Loops": 4,
                      "Recheck Cond": "(company_id < 166)",
                      "Rows Removed by Index Recheck": 0,
                      "Filter": "(company_type_id > 1)",
                      "Rows Removed by Filter": 66276,
                      "Exact Heap Blocks": 7015,
                      "Lossy Heap Blocks": 0,
                      "Plans": [
                        {
                          "Node Type": "Bitmap Index Scan",
                          "Parent Relationship": "Outer",
                          "Parallel Aware": false,
                          "Index Name": "company_id_movie_companies",
                          "Startup Cost": 0.0,
                          "Total Cost": 7269.26,
                          "Plan Rows": 339310,
                          "Plan Width": 0,
                          "Actual Startup Time": 16.938,
                          "Actual Total Time": 16.939,
                          "Actual Rows": 334457,
                          "Actual Loops": 1,
                          "Index Cond": "(company_id < 166)"
                        }
                      ]
                    },
                    {
                      "Node Type": "Hash",
                      "Parent Relationship": "Inner",
                      "Parallel Aware": true,
                      "Startup Cost": 43898.92,
                      "Total Cost": 43898.92,
                      "Plan Rows": 32172,
                      "Plan Width": 4,
                      "Actual Startup Time": 102.779,
                      "Actual Total Time": 102.78,
                      "Actual Rows": 32174,
                      "Actual Loops": 4,
                      "Hash Buckets": 131072,
                      "Original Hash Buckets": 131072,
                      "Hash Batches": 1,
                      "Original Hash Batches": 1,
                      "Peak Memory Usage": 6112,
                      "Plans": [
                        {
                          "Node Type": "Seq Scan",
                          "Parent Relationship": "Outer",
                          "Parallel Aware": true,
                          "Relation Name": "title",
                          "Alias": "t",
                          "Startup Cost": 0.0,
                          "Total Cost": 43898.92,
                          "Plan Rows": 32172,
                          "Plan Width": 4,
                          "Actual Startup Time": 0.052,
                          "Actual Total Time": 90.705,
                          "Actual Rows": 32174,
                          "Actual Loops": 4,
                          "Filter": "(production_year = 2009)",
                          "Rows Removed by Filter": 599904
                        }
                      ]
                    }
                  ]
                }
              ]
            }
          ]
        }
      ]
    },
    "Planning Time": 0.537,
    "Triggers": [],
    "Execution Time": 188.844
  }
]