[
  {
    "Plan": {
      "Node Type": "Aggregate",
      "Strategy": "Plain",
      "Partial Mode": "Finalize",
      "Parallel Aware": false,
      "Startup Cost": 252467.9,
      "Total Cost": 252467.91,
      "Plan Rows": 1,
      "Plan Width": 8,
      "Actual Startup Time": 675.159,
      "Actual Total Time": 717.32,
      "Actual Rows": 1,
      "Actual Loops": 1,
      "Plans": [
        {
          "Node Type": "Gather",
          "Parent Relationship": "Outer",
          "Parallel Aware": false,
          "Startup Cost": 252467.38,
          "Total Cost": 252467.89,
          "Plan Rows": 5,
          "Plan Width": 8,
          "Actual Startup Time": 664.302,
          "Actual Total Time": 717.307,
          "Actual Rows": 6,
          "Actual Loops": 1,
          "Workers Planned": 5,
          "Workers Launched": 5,
          "Single Copy": false,
          "Plans": [
            {
              "Node Type": "Aggregate",
              "Strategy": "Plain",
              "Partial Mode": "Partial",
              "Parent Relationship": "Outer",
              "Parallel Aware": false,
              "Startup Cost": 251467.38,
              "Total Cost": 251467.39,
              "Plan Rows": 1,
              "Plan Width": 8,
              "Actual Startup Time": 650.441,
              "Actual Total Time": 650.444,
              "Actual Rows": 1,
              "Actual Loops": 6,
              "Plans": [
                {
                  "Node Type": "Hash Join",
                  "Parent Relationship": "Outer",
                  "Parallel Aware": true,
                  "Join Type": "Inner",
                  "Startup Cost": 50353.24,
                  "Total Cost": 250521.36,
                  "Plan Rows": 378409,
                  "Plan Width": 0,
                  "Actual Startup Time": 247.772,
                  "Actual Total Time": 635.42,
                  "Actual Rows": 329346,
                  "Actual Loops": 6,
                  "Inner Unique": true,
                  "Hash Cond": "(mi.movie_id = t.id)",
                  "Plans": [
                    {
                      "Node Type": "Seq Scan",
                      "Parent Relationship": "Outer",
                      "Parallel Aware": true,
                      "Relation Name": "movie_info",
                      "Alias": "mi",
                      "Startup Cost": 0.0,
                      "Total Cost": 198952.16,
                      "Plan Rows": 463221,
                      "Plan Width": 4,
                      "Actual Startup Time": 16.086,
                      "Actual Total Time": 287.063,
                      "Actual Rows": 372308,
                      "Actual Loops": 6,
                      "Filter": "(info_type_id > 16)",
                      "Rows Removed by Filter": 2100312
                    },
                    {
                      "Node Type": "Hash",
                      "Parent Relationship": "Inner",
                      "Parallel Aware": true,
                      "Startup Cost": 43898.92,
                      "Total Cost": 43898.92,
                      "Plan Rows": 516346,
                      "Plan Width": 4,
                      "Actual Startup Time": 226.086,
                      "Actual Total Time": 226.087,
                      "Actual Rows": 344092,
                      "Actual Loops": 6,
                      "Hash Buckets": 2097152,
                      "Original Hash Buckets": 2097152,
                      "Hash Batches": 1,
                      "Original Hash Batches": 1,
                      "Peak Memory Usage": 97248,
                      "Plans": [
                        {
                          "Node Type": "Seq Scan",
                          "Parent Relationship": "Outer",
                          "Parallel Aware": true,
                          "Relation Name": "title",
                          "Alias": "t",
                          "Startup Cost": 0.0,
                          "Total Cost": 43898.92,
                          "Plan Rows": 516346,
                          "Plan Width": 4,
                          "Actual Startup Time": 0.04,
                          "Actual Total Time": 88.365,
                          "Actual Rows": 344092,
                          "Actual Loops": 6,
                          "Filter": "(production_year < 2011)",
                          "Rows Removed by Filter": 77293
                        }
                      ]
                    }
                  ]
                }
              ]
            }
          ]
        }
      ]
    },
    "Planning Time": 0.593,
    "Triggers": [],
    "Execution Time": 717.406
  }
]