[
  {
    "Plan": {
      "Node Type": "Aggregate",
      "Strategy": "Plain",
      "Partial Mode": "Finalize",
      "Parallel Aware": false,
      "Startup Cost": 46524.02,
      "Total Cost": 46524.03,
      "Plan Rows": 1,
      "Plan Width": 8,
      "Actual Startup Time": 123.579,
      "Actual Total Time": 142.055,
      "Actual Rows": 1,
      "Actual Loops": 1,
      "Plans": [
        {
          "Node Type": "Gather",
          "Parent Relationship": "Outer",
          "Parallel Aware": false,
          "Startup Cost": 46523.6,
          "Total Cost": 46524.01,
          "Plan Rows": 4,
          "Plan Width": 8,
          "Actual Startup Time": 123.352,
          "Actual Total Time": 142.042,
          "Actual Rows": 5,
          "Actual Loops": 1,
          "Workers Planned": 4,
          "Workers Launched": 4,
          "Single Copy": false,
          "Plans": [
            {
              "Node Type": "Aggregate",
              "Strategy": "Plain",
              "Partial Mode": "Partial",
              "Parent Relationship": "Outer",
              "Parallel Aware": false,
              "Startup Cost": 45523.6,
              "Total Cost": 45523.61,
              "Plan Rows": 1,
              "Plan Width": 8,
              "Actual Startup Time": 114.215,
              "Actual Total Time": 114.217,
              "Actual Rows": 1,
              "Actual Loops": 5,
              "Plans": [
                {
                  "Node Type": "Seq Scan",
                  "Parent Relationship": "Outer",
                  "Parallel Aware": true,
                  "Relation Name": "title",
                  "Alias": "t",
                  "Startup Cost": 0.0,
                  "Total Cost": 45479.59,
                  "Plan Rows": 17605,
                  "Plan Width": 0,
                  "Actual Startup Time": 64.461,
                  "Actual Total Time": 111.359,
                  "Actual Rows": 40461,
                  "Actual Loops": 5,
                  "Filter": "((production_year < 1964) AND (kind_id = 1))",
                  "Rows Removed by Filter": 465201
                }
              ]
            }
          ]
        }
      ]
    },
    "Planning Time": 0.131,
    "Triggers": [],
    "Execution Time": 142.101
  }
]