[
  {
    "Plan": {
      "Node Type": "Aggregate",
      "Strategy": "Plain",
      "Partial Mode": "Finalize",
      "Parallel Aware": false,
      "Startup Cost": 46524.2,
      "Total Cost": 46524.21,
      "Plan Rows": 1,
      "Plan Width": 8,
      "Actual Startup Time": 96.334,
      "Actual Total Time": 110.469,
      "Actual Rows": 1,
      "Actual Loops": 1,
      "Plans": [
        {
          "Node Type": "Gather",
          "Parent Relationship": "Outer",
          "Parallel Aware": false,
          "Startup Cost": 46523.78,
          "Total Cost": 46524.19,
          "Plan Rows": 4,
          "Plan Width": 8,
          "Actual Startup Time": 96.081,
          "Actual Total Time": 110.461,
          "Actual Rows": 5,
          "Actual Loops": 1,
          "Workers Planned": 4,
          "Workers Launched": 4,
          "Single Copy": false,
          "Plans": [
            {
              "Node Type": "Aggregate",
              "Strategy": "Plain",
              "Partial Mode": "Partial",
              "Parent Relationship": "Outer",
              "Parallel Aware": false,
              "Startup Cost": 45523.78,
              "Total Cost": 45523.79,
              "Plan Rows": 1,
              "Plan Width": 8,
              "Actual Startup Time": 86.936,
              "Actual Total Time": 86.937,
              "Actual Rows": 1,
              "Actual Loops": 5,
              "Plans": [
                {
                  "Node Type": "Seq Scan",
                  "Parent Relationship": "Outer",
                  "Parallel Aware": true,
                  "Relation Name": "title",
                  "Alias": "t",
                  "Startup Cost": 0.0,
                  "Total Cost": 45479.1,
                  "Plan Rows": 17874,
                  "Plan Width": 0,
                  "Actual Startup Time": 54.926,
                  "Actual Total Time": 85.137,
                  "Actual Rows": 40461,
                  "Actual Loops": 5,
                  "Filter": "((production_year < 1964) AND (kind_id = 1))",
                  "Rows Removed by Filter": 465201
                }
              ]
            }
          ]
        }
      ]
    },
    "Planning Time": 0.186,
    "Triggers": [],
    "Execution Time": 110.531
  }
]