[
    {
        "Bao": {
            "Bao prediction": "NaN",
            "Bao recommended hint": "(no hint)"
        }
    },
    {
        "Plan": {
            "Node Type": "Aggregate",
            "Strategy": "Plain",
            "Partial Mode": "Finalize",
            "Parallel Aware": false,
            "Startup Cost": 316972.83,
            "Total Cost": 316972.84,
            "Plan Rows": 1,
            "Plan Width": 8,
            "Actual Startup Time": 1395.242,
            "Actual Total Time": 1437.366,
            "Actual Rows": 1,
            "Actual Loops": 1,
            "Output": [
                "count(*)"
            ],
            "Plans": [
                {
                    "Node Type": "Gather",
                    "Parent Relationship": "Outer",
                    "Parallel Aware": false,
                    "Startup Cost": 316972.41,
                    "Total Cost": 316972.82,
                    "Plan Rows": 4,
                    "Plan Width": 8,
                    "Actual Startup Time": 1093.105,
                    "Actual Total Time": 1437.339,
                    "Actual Rows": 5,
                    "Actual Loops": 1,
                    "Output": [
                        "(PARTIAL count(*))"
                    ],
                    "Workers Planned": 4,
                    "Workers Launched": 4,
                    "Single Copy": false,
                    "Plans": [
                        {
                            "Node Type": "Aggregate",
                            "Strategy": "Plain",
                            "Partial Mode": "Partial",
                            "Parent Relationship": "Outer",
                            "Parallel Aware": false,
                            "Startup Cost": 315972.41,
                            "Total Cost": 315972.42,
                            "Plan Rows": 1,
                            "Plan Width": 8,
                            "Actual Startup Time": 1182.61,
                            "Actual Total Time": 1182.613,
                            "Actual Rows": 1,
                            "Actual Loops": 5,
                            "Output": [
                                "PARTIAL count(*)"
                            ],
                            "Workers": [
                                {
                                    "Worker Number": 0,
                                    "Actual Startup Time": 1382.326,
                                    "Actual Total Time": 1382.329,
                                    "Actual Rows": 1,
                                    "Actual Loops": 1
                                },
                                {
                                    "Worker Number": 1,
                                    "Actual Startup Time": 1275.456,
                                    "Actual Total Time": 1275.458,
                                    "Actual Rows": 1,
                                    "Actual Loops": 1
                                },
                                {
                                    "Worker Number": 2,
                                    "Actual Startup Time": 1081.206,
                                    "Actual Total Time": 1081.209,
                                    "Actual Rows": 1,
                                    "Actual Loops": 1
                                },
                                {
                                    "Worker Number": 3,
                                    "Actual Startup Time": 1081.482,
                                    "Actual Total Time": 1081.485,
                                    "Actual Rows": 1,
                                    "Actual Loops": 1
                                }
                            ],
                            "Plans": [
                                {
                                    "Node Type": "Nested Loop",
                                    "Parent Relationship": "Outer",
                                    "Parallel Aware": false,
                                    "Join Type": "Inner",
                                    "Startup Cost": 2.21,
                                    "Total Cost": 315627.5,
                                    "Plan Rows": 137964,
                                    "Plan Width": 0,
                                    "Actual Startup Time": 5.819,
                                    "Actual Total Time": 1171.121,
                                    "Actual Rows": 208114,
                                    "Actual Loops": 5,
                                    "Inner Unique": false,
                                    "Join Filter": "(t.id = ci.movie_id)",
                                    "Rows Removed by Join Filter": 0,
                                    "Workers": [
                                        {
                                            "Worker Number": 0,
                                            "Actual Startup Time": 3.297,
                                            "Actual Total Time": 1370.814,
                                            "Actual Rows": 133335,
                                            "Actual Loops": 1
                                        },
                                        {
                                            "Worker Number": 1,
                                            "Actual Startup Time": 5.662,
                                            "Actual Total Time": 1265.264,
                                            "Actual Rows": 194580,
                                            "Actual Loops": 1
                                        },
                                        {
                                            "Worker Number": 2,
                                            "Actual Startup Time": 9.932,
                                            "Actual Total Time": 1069.49,
                                            "Actual Rows": 222066,
                                            "Actual Loops": 1
                                        },
                                        {
                                            "Worker Number": 3,
                                            "Actual Startup Time": 9.941,
                                            "Actual Total Time": 1069.921,
                                            "Actual Rows": 219612,
                                            "Actual Loops": 1
                                        }
                                    ],
                                    "Plans": [
                                        {
                                            "Node Type": "Merge Join",
                                            "Parent Relationship": "Outer",
                                            "Parallel Aware": false,
                                            "Join Type": "Inner",
                                            "Startup Cost": 1.64,
                                            "Total Cost": 152471.01,
                                            "Plan Rows": 65016,
                                            "Plan Width": 8,
                                            "Actual Startup Time": 4.96,
                                            "Actual Total Time": 583.35,
                                            "Actual Rows": 23171,
                                            "Actual Loops": 5,
                                            "Output": [
                                                "t.id",
                                                "mi_idx.movie_id"
                                            ],
                                            "Inner Unique": false,
                                            "Merge Cond": "(t.id = mi_idx.movie_id)",
                                            "Workers": [
                                                {
                                                    "Worker Number": 0,
                                                    "Actual Startup Time": 2.766,
                                                    "Actual Total Time": 788.751,
                                                    "Actual Rows": 15852,
                                                    "Actual Loops": 1
                                                },
                                                {
                                                    "Worker Number": 1,
                                                    "Actual Startup Time": 5.081,
                                                    "Actual Total Time": 694.517,
                                                    "Actual Rows": 21966,
                                                    "Actual Loops": 1
                                                },
                                                {
                                                    "Worker Number": 2,
                                                    "Actual Startup Time": 7.549,
                                                    "Actual Total Time": 478.906,
                                                    "Actual Rows": 23529,
                                                    "Actual Loops": 1
                                                },
                                                {
                                                    "Worker Number": 3,
                                                    "Actual Startup Time": 9.232,
                                                    "Actual Total Time": 474.021,
                                                    "Actual Rows": 23562,
                                                    "Actual Loops": 1
                                                }
                                            ],
                                            "Plans": [
                                                {
                                                    "Node Type": "Index Scan",
                                                    "Parent Relationship": "Outer",
                                                    "Parallel Aware": true,
                                                    "Scan Direction": "Forward",
                                                    "Index Name": "title_pkey",
                                                    "Relation Name": "title",
                                                    "Schema": "public",
                                                    "Alias": "t",
                                                    "Startup Cost": 0.43,
                                                    "Total Cost": 94540.09,
                                                    "Plan Rows": 119115,
                                                    "Plan Width": 4,
                                                    "Actual Startup Time": 0.24,
                                                    "Actual Total Time": 332.449,
                                                    "Actual Rows": 103664,
                                                    "Actual Loops": 5,
                                                    "Output": [
                                                        "t.id",
                                                        "t.title",
                                                        "t.imdb_index",
                                                        "t.kind_id",
                                                        "t.production_year",
                                                        "t.imdb_id",
                                                        "t.phonetic_code",
                                                        "t.episode_of_id",
                                                        "t.season_nr",
                                                        "t.episode_nr",
                                                        "t.series_years",
                                                        "t.md5sum"
                                                    ],
                                                    "Filter": "((t.production_year > 2007) AND (t.kind_id = 7))",
                                                    "Rows Removed by Filter": 401908,
                                                    "Workers": [
                                                        {
                                                            "Worker Number": 0,
                                                            "Actual Startup Time": 0.416,
                                                            "Actual Total Time": 282.177,
                                                            "Actual Rows": 63082,
                                                            "Actual Loops": 1
                                                        },
                                                        {
                                                            "Worker Number": 1,
                                                            "Actual Startup Time": 0.506,
                                                            "Actual Total Time": 361.777,
                                                            "Actual Rows": 120450,
                                                            "Actual Loops": 1
                                                        },
                                                        {
                                                            "Worker Number": 2,
                                                            "Actual Startup Time": 0.141,
                                                            "Actual Total Time": 332.972,
                                                            "Actual Rows": 104935,
                                                            "Actual Loops": 1
                                                        },
                                                        {
                                                            "Worker Number": 3,
                                                            "Actual Startup Time": 0.087,
                                                            "Actual Total Time": 332.649,
                                                            "Actual Rows": 99516,
                                                            "Actual Loops": 1
                                                        }
                                                    ]
                                                },
                                                {
                                                    "Node Type": "Index Only Scan",
                                                    "Parent Relationship": "Inner",
                                                    "Parallel Aware": false,
                                                    "Scan Direction": "Forward",
                                                    "Index Name": "movie_id_movie_info_idx",
                                                    "Relation Name": "movie_info_idx",
                                                    "Schema": "public",
                                                    "Alias": "mi_idx",
                                                    "Startup Cost": 0.43,
                                                    "Total Cost": 53630.81,
                                                    "Plan Rows": 1380035,
                                                    "Plan Width": 4,
                                                    "Actual Startup Time": 0.204,
                                                    "Actual Total Time": 195.956,
                                                    "Actual Rows": 875113,
                                                    "Actual Loops": 5,
                                                    "Output": [
                                                        "mi_idx.movie_id"
                                                    ],
                                                    "Heap Fetches": 4375567,
                                                    "Workers": [
                                                        {
                                                            "Worker Number": 0,
                                                            "Actual Startup Time": 0.24,
                                                            "Actual Total Time": 398.932,
                                                            "Actual Rows": 1380035,
                                                            "Actual Loops": 1
                                                        },
                                                        {
                                                            "Worker Number": 1,
                                                            "Actual Startup Time": 0.264,
                                                            "Actual Total Time": 263.697,
                                                            "Actual Rows": 1380035,
                                                            "Actual Loops": 1
                                                        },
                                                        {
                                                            "Worker Number": 2,
                                                            "Actual Startup Time": 0.238,
                                                            "Actual Total Time": 113.275,
                                                            "Actual Rows": 538489,
                                                            "Actual Loops": 1
                                                        },
                                                        {
                                                            "Worker Number": 3,
                                                            "Actual Startup Time": 0.252,
                                                            "Actual Total Time": 109.586,
                                                            "Actual Rows": 538267,
                                                            "Actual Loops": 1
                                                        }
                                                    ]
                                                }
                                            ]
                                        },
                                        {
                                            "Node Type": "Index Scan",
                                            "Parent Relationship": "Inner",
                                            "Parallel Aware": false,
                                            "Scan Direction": "Forward",
                                            "Index Name": "movie_id_cast_info",
                                            "Relation Name": "cast_info",
                                            "Schema": "public",
                                            "Alias": "ci",
                                            "Startup Cost": 0.56,
                                            "Total Cost": 2.43,
                                            "Plan Rows": 6,
                                            "Plan Width": 4,
                                            "Actual Startup Time": 0.017,
                                            "Actual Total Time": 0.024,
                                            "Actual Rows": 9,
                                            "Actual Loops": 115854,
                                            "Output": [
                                                "ci.id",
                                                "ci.person_id",
                                                "ci.movie_id",
                                                "ci.person_role_id",
                                                "ci.note",
                                                "ci.nr_order",
                                                "ci.role_id"
                                            ],
                                            "Index Cond": "(ci.movie_id = mi_idx.movie_id)",
                                            "Rows Removed by Index Recheck": 0,
                                            "Filter": "(ci.person_id > 3127762)",
                                            "Rows Removed by Filter": 34,
                                            "Workers": [
                                                {
                                                    "Worker Number": 0,
                                                    "Actual Startup Time": 0.025,
                                                    "Actual Total Time": 0.035,
                                                    "Actual Rows": 8,
                                                    "Actual Loops": 15852
                                                },
                                                {
                                                    "Worker Number": 1,
                                                    "Actual Startup Time": 0.018,
                                                    "Actual Total Time": 0.025,
                                                    "Actual Rows": 9,
                                                    "Actual Loops": 21966
                                                },
                                                {
                                                    "Worker Number": 2,
                                                    "Actual Startup Time": 0.017,
                                                    "Actual Total Time": 0.024,
                                                    "Actual Rows": 9,
                                                    "Actual Loops": 23529
                                                },
                                                {
                                                    "Worker Number": 3,
                                                    "Actual Startup Time": 0.017,
                                                    "Actual Total Time": 0.024,
                                                    "Actual Rows": 9,
                                                    "Actual Loops": 23562
                                                }
                                            ]
                                        }
                                    ]
                                }
                            ]
                        }
                    ]
                }
            ]
        },
        "Planning Time": 193.481,
        "Triggers": [],
        "Execution Time": 1437.497
    }
]