[
  {
    "Plan": {
      "Node Type": "Aggregate",
      "Strategy": "Plain",
      "Partial Mode": "Finalize",
      "Parallel Aware": false,
      "Startup Cost": 63527.62,
      "Total Cost": 63527.63,
      "Plan Rows": 1,
      "Plan Width": 8,
      "Actual Startup Time": 250.86,
      "Actual Total Time": 264.45,
      "Actual Rows": 1,
      "Actual Loops": 1,
      "Plans": [
        {
          "Node Type": "Gather",
          "Parent Relationship": "Outer",
          "Parallel Aware": false,
          "Startup Cost": 63527.41,
          "Total Cost": 63527.62,
          "Plan Rows": 2,
          "Plan Width": 8,
          "Actual Startup Time": 249.386,
          "Actual Total Time": 264.44,
          "Actual Rows": 3,
          "Actual Loops": 1,
          "Workers Planned": 2,
          "Workers Launched": 2,
          "Single Copy": false,
          "Plans": [
            {
              "Node Type": "Aggregate",
              "Strategy": "Plain",
              "Partial Mode": "Partial",
              "Parent Relationship": "Outer",
              "Parallel Aware": false,
              "Startup Cost": 62527.41,
              "Total Cost": 62527.42,
              "Plan Rows": 1,
              "Plan Width": 8,
              "Actual Startup Time": 241.811,
              "Actual Total Time": 241.814,
              "Actual Rows": 1,
              "Actual Loops": 3,
              "Plans": [
                {
                  "Node Type": "Hash Join",
                  "Parent Relationship": "Outer",
                  "Parallel Aware": true,
                  "Join Type": "Inner",
                  "Startup Cost": 46293.24,
                  "Total Cost": 62428.08,
                  "Plan Rows": 39732,
                  "Plan Width": 0,
                  "Actual Startup Time": 149.882,
                  "Actual Total Time": 240.072,
                  "Actual Rows": 34599,
                  "Actual Loops": 3,
                  "Inner Unique": true,
                  "Hash Cond": "(mi_idx.movie_id = t.id)",
                  "Plans": [
                    {
                      "Node Type": "Seq Scan",
                      "Parent Relationship": "Outer",
                      "Parallel Aware": true,
                      "Relation Name": "movie_info_idx",
                      "Alias": "mi_idx",
                      "Startup Cost": 0.0,
                      "Total Cost": 15122.68,
                      "Plan Rows": 385585,
                      "Plan Width": 4,
                      "Actual Startup Time": 0.026,
                      "Actual Total Time": 47.228,
                      "Actual Rows": 306703,
                      "Actual Loops": 3,
                      "Filter": "(info_type_id > 99)",
                      "Rows Removed by Filter": 153308
                    },
                    {
                      "Node Type": "Hash",
                      "Parent Relationship": "Inner",
                      "Parallel Aware": true,
                      "Startup Cost": 45479.1,
                      "Total Cost": 45479.1,
                      "Plan Rows": 65131,
                      "Plan Width": 4,
                      "Actual Startup Time": 147.037,
                      "Actual Total Time": 147.038,
                      "Actual Rows": 75949,
                      "Actual Loops": 3,
                      "Hash Buckets": 262144,
                      "Original Hash Buckets": 262144,
                      "Hash Batches": 1,
                      "Original Hash Batches": 1,
                      "Peak Memory Usage": 11040,
                      "Plans": [
                        {
                          "Node Type": "Seq Scan",
                          "Parent Relationship": "Outer",
                          "Parallel Aware": true,
                          "Relation Name": "title",
                          "Alias": "t",
                          "Startup Cost": 0.0,
                          "Total Cost": 45479.1,
                          "Plan Rows": 65131,
                          "Plan Width": 4,
                          "Actual Startup Time": 0.067,
                          "Actual Total Time": 121.419,
                          "Actual Rows": 75949,
                          "Actual Loops": 3,
                          "Filter": "((kind_id < 7) AND (production_year > 2008))",
                          "Rows Removed by Filter": 766822
                        }
                      ]
                    }
                  ]
                }
              ]
            }
          ]
        }
      ]
    },
    "Planning Time": 0.6,
    "Triggers": [],
    "Execution Time": 264.52
  }
]