[
  {
    "Plan": {
      "Node Type": "Aggregate",
      "Strategy": "Plain",
      "Partial Mode": "Finalize",
      "Parallel Aware": false,
      "Startup Cost": 636340.9,
      "Total Cost": 636340.91,
      "Plan Rows": 1,
      "Plan Width": 8,
      "Actual Startup Time": 3024.529,
      "Actual Total Time": 3131.594,
      "Actual Rows": 1,
      "Actual Loops": 1,
      "Plans": [
        {
          "Node Type": "Gather",
          "Parent Relationship": "Outer",
          "Parallel Aware": false,
          "Startup Cost": 636340.38,
          "Total Cost": 636340.89,
          "Plan Rows": 5,
          "Plan Width": 8,
          "Actual Startup Time": 3005.804,
          "Actual Total Time": 3131.562,
          "Actual Rows": 6,
          "Actual Loops": 1,
          "Workers Planned": 5,
          "Workers Launched": 5,
          "Single Copy": false,
          "Plans": [
            {
              "Node Type": "Aggregate",
              "Strategy": "Plain",
              "Partial Mode": "Partial",
              "Parent Relationship": "Outer",
              "Parallel Aware": false,
              "Startup Cost": 635340.38,
              "Total Cost": 635340.39,
              "Plan Rows": 1,
              "Plan Width": 8,
              "Actual Startup Time": 2971.905,
              "Actual Total Time": 2972.475,
              "Actual Rows": 1,
              "Actual Loops": 6,
              "Plans": [
                {
                  "Node Type": "Hash Join",
                  "Parent Relationship": "Outer",
                  "Parallel Aware": true,
                  "Join Type": "Inner",
                  "Startup Cost": 407059.35,
                  "Total Cost": 620063.61,
                  "Plan Rows": 6110705,
                  "Plan Width": 0,
                  "Actual Startup Time": 1280.034,
                  "Actual Total Time": 2719.965,
                  "Actual Rows": 5909544,
                  "Actual Loops": 6,
                  "Inner Unique": false,
                  "Hash Cond": "(mi.movie_id = t.id)",
                  "Plans": [
                    {
                      "Node Type": "Seq Scan",
                      "Parent Relationship": "Outer",
                      "Parallel Aware": true,
                      "Relation Name": "movie_info",
                      "Alias": "mi",
                      "Startup Cost": 0.0,
                      "Total Cost": 191685.19,
                      "Plan Rows": 2969219,
                      "Plan Width": 4,
                      "Actual Startup Time": 0.065,
                      "Actual Total Time": 290.139,
                      "Actual Rows": 2472620,
                      "Actual Loops": 6
                    },
                    {
                      "Node Type": "Hash",
                      "Parent Relationship": "Inner",
                      "Parallel Aware": true,
                      "Startup Cost": 396218.65,
                      "Total Cost": 396218.65,
                      "Plan Rows": 867256,
                      "Plan Width": 8,
                      "Actual Startup Time": 1267.467,
                      "Actual Total Time": 1268.034,
                      "Actual Rows": 376571,
                      "Actual Loops": 6,
                      "Hash Buckets": 8388608,
                      "Original Hash Buckets": 8388608,
                      "Hash Batches": 1,
                      "Original Hash Batches": 1,
                      "Peak Memory Usage": 154016,
                      "Plans": [
                        {
                          "Node Type": "Hash Join",
                          "Parent Relationship": "Outer",
                          "Parallel Aware": true,
                          "Join Type": "Inner",
                          "Startup Cost": 49909.5,
                          "Total Cost": 396218.65,
                          "Plan Rows": 867256,
                          "Plan Width": 8,
                          "Actual Startup Time": 451.476,
                          "Actual Total Time": 1084.907,
                          "Actual Rows": 376571,
                          "Actual Loops": 6,
                          "Inner Unique": true,
                          "Hash Cond": "(ci.movie_id = t.id)",
                          "Plans": [
                            {
                              "Node Type": "Seq Scan",
                              "Parent Relationship": "Outer",
                              "Parallel Aware": true,
                              "Relation Name": "cast_info",
                              "Alias": "ci",
                              "Startup Cost": 0.0,
                              "Total Cost": 343316.27,
                              "Plan Rows": 1140145,
                              "Plan Width": 4,
                              "Actual Startup Time": 224.403,
                              "Actual Total Time": 637.19,
                              "Actual Rows": 491223,
                              "Actual Loops": 6,
                              "Filter": "((person_id < 1033615) AND (role_id > 1))",
                              "Rows Removed by Filter": 5549501
                            },
                            {
                              "Node Type": "Hash",
                              "Parent Relationship": "Inner",
                              "Parallel Aware": true,
                              "Startup Cost": 43899.32,
                              "Total Cost": 43899.32,
                              "Plan Rows": 480814,
                              "Plan Width": 4,
                              "Actual Startup Time": 222.509,
                              "Actual Total Time": 222.51,
                              "Actual Rows": 320475,
                              "Actual Loops": 6,
                              "Hash Buckets": 2097152,
                              "Original Hash Buckets": 2097152,
                              "Hash Batches": 1,
                              "Original Hash Batches": 1,
                              "Peak Memory Usage": 91712,
                              "Plans": [
                                {
                                  "Node Type": "Seq Scan",
                                  "Parent Relationship": "Outer",
                                  "Parallel Aware": true,
                                  "Relation Name": "title",
                                  "Alias": "t",
                                  "Startup Cost": 0.0,
                                  "Total Cost": 43899.32,
                                  "Plan Rows": 480814,
                                  "Plan Width": 4,
                                  "Actual Startup Time": 0.071,
                                  "Actual Total Time": 87.435,
                                  "Actual Rows": 320475,
                                  "Actual Loops": 6,
                                  "Filter": "(production_year < 2010)",
                                  "Rows Removed by Filter": 100910
                                }
                              ]
                            }
                          ]
                        }
                      ]
                    }
                  ]
                }
              ]
            }
          ]
        }
      ]
    },
    "Planning Time": 1.311,
    "Triggers": [],
    "Execution Time": 3131.694
  }
]