[
  {
    "Plan": {
      "Node Type": "Aggregate",
      "Strategy": "Plain",
      "Partial Mode": "Finalize",
      "Parallel Aware": false,
      "Startup Cost": 44644.65,
      "Total Cost": 44644.66,
      "Plan Rows": 1,
      "Plan Width": 8,
      "Actual Startup Time": 124.959,
      "Actual Total Time": 134.428,
      "Actual Rows": 1,
      "Actual Loops": 1,
      "Plans": [
        {
          "Node Type": "Gather",
          "Parent Relationship": "Outer",
          "Parallel Aware": false,
          "Startup Cost": 44644.33,
          "Total Cost": 44644.64,
          "Plan Rows": 3,
          "Plan Width": 8,
          "Actual Startup Time": 124.857,
          "Actual Total Time": 134.42,
          "Actual Rows": 4,
          "Actual Loops": 1,
          "Workers Planned": 3,
          "Workers Launched": 3,
          "Single Copy": false,
          "Plans": [
            {
              "Node Type": "Aggregate",
              "Strategy": "Plain",
              "Partial Mode": "Partial",
              "Parent Relationship": "Outer",
              "Parallel Aware": false,
              "Startup Cost": 43644.33,
              "Total Cost": 43644.34,
              "Plan Rows": 1,
              "Plan Width": 8,
              "Actual Startup Time": 118.43,
              "Actual Total Time": 118.431,
              "Actual Rows": 1,
              "Actual Loops": 4,
              "Plans": [
                {
                  "Node Type": "Seq Scan",
                  "Parent Relationship": "Outer",
                  "Parallel Aware": true,
                  "Relation Name": "movie_keyword",
                  "Alias": "mk",
                  "Startup Cost": 0.0,
                  "Total Cost": 42695.65,
                  "Plan Rows": 379470,
                  "Plan Width": 0,
                  "Actual Startup Time": 2.863,
                  "Actual Total Time": 104.262,
                  "Actual Rows": 295724,
                  "Actual Loops": 4,
                  "Filter": "(keyword_id > 15748)",
                  "Rows Removed by Filter": 835258
                }
              ]
            }
          ]
        }
      ]
    },
    "Planning Time": 0.179,
    "Triggers": [],
    "Execution Time": 134.483
  }
]