[
  {
    "Plan": {
      "Node Type": "Aggregate",
      "Strategy": "Plain",
      "Partial Mode": "Finalize",
      "Parallel Aware": false,
      "Startup Cost": 46543.35,
      "Total Cost": 46543.36,
      "Plan Rows": 1,
      "Plan Width": 8,
      "Actual Startup Time": 178.541,
      "Actual Total Time": 188.094,
      "Actual Rows": 1,
      "Actual Loops": 1,
      "Plans": [
        {
          "Node Type": "Gather",
          "Parent Relationship": "Outer",
          "Parallel Aware": false,
          "Startup Cost": 46543.03,
          "Total Cost": 46543.34,
          "Plan Rows": 3,
          "Plan Width": 8,
          "Actual Startup Time": 178.414,
          "Actual Total Time": 188.084,
          "Actual Rows": 4,
          "Actual Loops": 1,
          "Workers Planned": 3,
          "Workers Launched": 3,
          "Single Copy": false,
          "Plans": [
            {
              "Node Type": "Aggregate",
              "Strategy": "Plain",
              "Partial Mode": "Partial",
              "Parent Relationship": "Outer",
              "Parallel Aware": false,
              "Startup Cost": 45543.03,
              "Total Cost": 45543.04,
              "Plan Rows": 1,
              "Plan Width": 8,
              "Actual Startup Time": 171.994,
              "Actual Total Time": 171.995,
              "Actual Rows": 1,
              "Actual Loops": 4,
              "Plans": [
                {
                  "Node Type": "Seq Scan",
                  "Parent Relationship": "Outer",
                  "Parallel Aware": true,
                  "Relation Name": "movie_keyword",
                  "Alias": "mk",
                  "Startup Cost": 0.0,
                  "Total Cost": 42695.65,
                  "Plan Rows": 1138952,
                  "Plan Width": 0,
                  "Actual Startup Time": 0.051,
                  "Actual Total Time": 129.318,
                  "Actual Rows": 885345,
                  "Actual Loops": 4,
                  "Filter": "(keyword_id < 18856)",
                  "Rows Removed by Filter": 245638
                }
              ]
            }
          ]
        }
      ]
    },
    "Planning Time": 0.199,
    "Triggers": [],
    "Execution Time": 188.166
  }
]