[
  {
    "Plan": {
      "Node Type": "Aggregate",
      "Strategy": "Plain",
      "Partial Mode": "Finalize",
      "Parallel Aware": false,
      "Startup Cost": 246423.2,
      "Total Cost": 246423.21,
      "Plan Rows": 1,
      "Plan Width": 8,
      "Actual Startup Time": 929.962,
      "Actual Total Time": 980.088,
      "Actual Rows": 1,
      "Actual Loops": 1,
      "Plans": [
        {
          "Node Type": "Gather",
          "Parent Relationship": "Outer",
          "Parallel Aware": false,
          "Startup Cost": 246422.68,
          "Total Cost": 246423.19,
          "Plan Rows": 5,
          "Plan Width": 8,
          "Actual Startup Time": 927.714,
          "Actual Total Time": 980.078,
          "Actual Rows": 6,
          "Actual Loops": 1,
          "Workers Planned": 5,
          "Workers Launched": 5,
          "Single Copy": false,
          "Plans": [
            {
              "Node Type": "Aggregate",
              "Strategy": "Plain",
              "Partial Mode": "Partial",
              "Parent Relationship": "Outer",
              "Parallel Aware": false,
              "Startup Cost": 245422.68,
              "Total Cost": 245422.69,
              "Plan Rows": 1,
              "Plan Width": 8,
              "Actual Startup Time": 920.696,
              "Actual Total Time": 920.743,
              "Actual Rows": 1,
              "Actual Loops": 6,
              "Plans": [
                {
                  "Node Type": "Hash Join",
                  "Parent Relationship": "Outer",
                  "Parallel Aware": true,
                  "Join Type": "Inner",
                  "Startup Cost": 45718.66,
                  "Total Cost": 245198.07,
                  "Plan Rows": 89844,
                  "Plan Width": 0,
                  "Actual Startup Time": 118.41,
                  "Actual Total Time": 896.74,
                  "Actual Rows": 417600,
                  "Actual Loops": 6,
                  "Inner Unique": true,
                  "Hash Cond": "(mi.movie_id = t.id)",
                  "Plans": [
                    {
                      "Node Type": "Seq Scan",
                      "Parent Relationship": "Outer",
                      "Parallel Aware": true,
                      "Relation Name": "movie_info",
                      "Alias": "mi",
                      "Startup Cost": 0.0,
                      "Total Cost": 191685.19,
                      "Plan Rows": 2969219,
                      "Plan Width": 4,
                      "Actual Startup Time": 0.033,
                      "Actual Total Time": 360.238,
                      "Actual Rows": 2472620,
                      "Actual Loops": 6
                    },
                    {
                      "Node Type": "Hash",
                      "Parent Relationship": "Inner",
                      "Parallel Aware": true,
                      "Startup Cost": 45479.59,
                      "Total Cost": 45479.59,
                      "Plan Rows": 19126,
                      "Plan Width": 4,
                      "Actual Startup Time": 104.609,
                      "Actual Total Time": 104.611,
                      "Actual Rows": 34959,
                      "Actual Loops": 6,
                      "Hash Buckets": 262144,
                      "Original Hash Buckets": 131072,
                      "Hash Batches": 1,
                      "Original Hash Batches": 1,
                      "Peak Memory Usage": 11360,
                      "Plans": [
                        {
                          "Node Type": "Seq Scan",
                          "Parent Relationship": "Outer",
                          "Parallel Aware": true,
                          "Relation Name": "title",
                          "Alias": "t",
                          "Startup Cost": 0.0,
                          "Total Cost": 45479.59,
                          "Plan Rows": 19126,
                          "Plan Width": 4,
                          "Actual Startup Time": 47.934,
                          "Actual Total Time": 83.897,
                          "Actual Rows": 34959,
                          "Actual Loops": 6,
                          "Filter": "((production_year < 1966) AND (kind_id = 1))",
                          "Rows Removed by Filter": 386427
                        }
                      ]
                    }
                  ]
                }
              ]
            }
          ]
        }
      ]
    },
    "Planning Time": 0.631,
    "Triggers": [],
    "Execution Time": 980.171
  }
]