[
  {
    "Plan": {
      "Node Type": "Aggregate",
      "Strategy": "Plain",
      "Partial Mode": "Simple",
      "Parallel Aware": false,
      "Startup Cost": 1060.75,
      "Total Cost": 1060.76,
      "Plan Rows": 1,
      "Plan Width": 8,
      "Actual Startup Time": 1.061,
      "Actual Total Time": 1.063,
      "Actual Rows": 1,
      "Actual Loops": 1,
      "Plans": [
        {
          "Node Type": "Index Scan",
          "Parent Relationship": "Outer",
          "Parallel Aware": false,
          "Scan Direction": "Forward",
          "Index Name": "person_id_cast_info",
          "Relation Name": "cast_info",
          "Alias": "ci",
          "Startup Cost": 0.56,
          "Total Cost": 1059.67,
          "Plan Rows": 433,
          "Plan Width": 0,
          "Actual Startup Time": 0.905,
          "Actual Total Time": 1.025,
          "Actual Rows": 165,
          "Actual Loops": 1,
          "Index Cond": "(person_id = 1278396)",
          "Rows Removed by Index Recheck": 0,
          "Filter": "(role_id < 10)",
          "Rows Removed by Filter": 0
        }
      ]
    },
    "Planning Time": 0.224,
    "Triggers": [],
    "Execution Time": 1.118
  }
]