[
    {
        "Bao": {
            "Bao prediction": 1060.462,
            "Bao recommended hint": "(no hint)"
        }
    },
    {
        "Plan": {
            "Node Type": "Aggregate",
            "Strategy": "Plain",
            "Partial Mode": "Finalize",
            "Parallel Aware": false,
            "Startup Cost": 379183.7,
            "Total Cost": 379183.71,
            "Plan Rows": 1,
            "Plan Width": 8,
            "Actual Startup Time": 1195.723,
            "Actual Total Time": 1228.931,
            "Actual Rows": 1,
            "Actual Loops": 1,
            "Output": [
                "count(*)"
            ],
            "Plans": [
                {
                    "Node Type": "Gather",
                    "Parent Relationship": "Outer",
                    "Parallel Aware": false,
                    "Startup Cost": 379183.17,
                    "Total Cost": 379183.68,
                    "Plan Rows": 5,
                    "Plan Width": 8,
                    "Actual Startup Time": 1176.296,
                    "Actual Total Time": 1228.912,
                    "Actual Rows": 6,
                    "Actual Loops": 1,
                    "Output": [
                        "(PARTIAL count(*))"
                    ],
                    "Workers Planned": 5,
                    "Workers Launched": 5,
                    "Single Copy": false,
                    "Plans": [
                        {
                            "Node Type": "Aggregate",
                            "Strategy": "Plain",
                            "Partial Mode": "Partial",
                            "Parent Relationship": "Outer",
                            "Parallel Aware": false,
                            "Startup Cost": 378183.17,
                            "Total Cost": 378183.18,
                            "Plan Rows": 1,
                            "Plan Width": 8,
                            "Actual Startup Time": 1161.214,
                            "Actual Total Time": 1161.769,
                            "Actual Rows": 1,
                            "Actual Loops": 6,
                            "Output": [
                                "PARTIAL count(*)"
                            ],
                            "Workers": [
                                {
                                    "Worker Number": 0,
                                    "Actual Startup Time": 1157.17,
                                    "Actual Total Time": 1157.175,
                                    "Actual Rows": 1,
                                    "Actual Loops": 1
                                },
                                {
                                    "Worker Number": 1,
                                    "Actual Startup Time": 1160.552,
                                    "Actual Total Time": 1160.558,
                                    "Actual Rows": 1,
                                    "Actual Loops": 1
                                },
                                {
                                    "Worker Number": 2,
                                    "Actual Startup Time": 1157.32,
                                    "Actual Total Time": 1157.325,
                                    "Actual Rows": 1,
                                    "Actual Loops": 1
                                },
                                {
                                    "Worker Number": 3,
                                    "Actual Startup Time": 1158.474,
                                    "Actual Total Time": 1158.479,
                                    "Actual Rows": 1,
                                    "Actual Loops": 1
                                },
                                {
                                    "Worker Number": 4,
                                    "Actual Startup Time": 1158.578,
                                    "Actual Total Time": 1158.582,
                                    "Actual Rows": 1,
                                    "Actual Loops": 1
                                }
                            ],
                            "Plans": [
                                {
                                    "Node Type": "Hash Join",
                                    "Parent Relationship": "Outer",
                                    "Parallel Aware": true,
                                    "Join Type": "Inner",
                                    "Startup Cost": 250421.73,
                                    "Total Cost": 377419.21,
                                    "Plan Rows": 305587,
                                    "Plan Width": 0,
                                    "Actual Startup Time": 808.34,
                                    "Actual Total Time": 1117.68,
                                    "Actual Rows": 690629,
                                    "Actual Loops": 6,
                                    "Inner Unique": false,
                                    "Hash Cond": "(ci.movie_id = t.id)",
                                    "Workers": [
                                        {
                                            "Worker Number": 0,
                                            "Actual Startup Time": 804.386,
                                            "Actual Total Time": 1114.315,
                                            "Actual Rows": 898145,
                                            "Actual Loops": 1
                                        },
                                        {
                                            "Worker Number": 1,
                                            "Actual Startup Time": 805.883,
                                            "Actual Total Time": 1117.806,
                                            "Actual Rows": 610521,
                                            "Actual Loops": 1
                                        },
                                        {
                                            "Worker Number": 2,
                                            "Actual Startup Time": 804.434,
                                            "Actual Total Time": 1112.265,
                                            "Actual Rows": 648244,
                                            "Actual Loops": 1
                                        },
                                        {
                                            "Worker Number": 3,
                                            "Actual Startup Time": 806.116,
                                            "Actual Total Time": 1114.817,
                                            "Actual Rows": 628336,
                                            "Actual Loops": 1
                                        },
                                        {
                                            "Worker Number": 4,
                                            "Actual Startup Time": 805.866,
                                            "Actual Total Time": 1113.056,
                                            "Actual Rows": 657974,
                                            "Actual Loops": 1
                                        }
                                    ],
                                    "Plans": [
                                        {
                                            "Node Type": "Index Scan",
                                            "Parent Relationship": "Outer",
                                            "Parallel Aware": true,
                                            "Scan Direction": "Forward",
                                            "Index Name": "role_id_cast_info",
                                            "Relation Name": "cast_info",
                                            "Schema": "public",
                                            "Alias": "ci",
                                            "Startup Cost": 0.56,
                                            "Total Cost": 123935.38,
                                            "Plan Rows": 653733,
                                            "Plan Width": 4,
                                            "Actual Startup Time": 0.187,
                                            "Actual Total Time": 171.194,
                                            "Actual Rows": 180589,
                                            "Actual Loops": 6,
                                            "Output": [
                                                "ci.id",
                                                "ci.person_id",
                                                "ci.movie_id",
                                                "ci.person_role_id",
                                                "ci.note",
                                                "ci.nr_order",
                                                "ci.role_id"
                                            ],
                                            "Index Cond": "(ci.role_id > 9)",
                                            "Rows Removed by Index Recheck": 0,
                                            "Filter": "(ci.person_id < 2694239)",
                                            "Rows Removed by Filter": 592601,
                                            "Workers": [
                                                {
                                                    "Worker Number": 0,
                                                    "Actual Startup Time": 0.104,
                                                    "Actual Total Time": 170.283,
                                                    "Actual Rows": 229487,
                                                    "Actual Loops": 1
                                                },
                                                {
                                                    "Worker Number": 1,
                                                    "Actual Startup Time": 0.317,
                                                    "Actual Total Time": 176.208,
                                                    "Actual Rows": 162182,
                                                    "Actual Loops": 1
                                                },
                                                {
                                                    "Worker Number": 2,
                                                    "Actual Startup Time": 0.068,
                                                    "Actual Total Time": 173.046,
                                                    "Actual Rows": 166956,
                                                    "Actual Loops": 1
                                                },
                                                {
                                                    "Worker Number": 3,
                                                    "Actual Startup Time": 0.272,
                                                    "Actual Total Time": 173.954,
                                                    "Actual Rows": 167995,
                                                    "Actual Loops": 1
                                                },
                                                {
                                                    "Worker Number": 4,
                                                    "Actual Startup Time": 0.178,
                                                    "Actual Total Time": 171.043,
                                                    "Actual Rows": 168298,
                                                    "Actual Loops": 1
                                                }
                                            ]
                                        },
                                        {
                                            "Node Type": "Hash",
                                            "Parent Relationship": "Inner",
                                            "Parallel Aware": true,
                                            "Startup Cost": 247466.51,
                                            "Total Cost": 247466.51,
                                            "Plan Rows": 236372,
                                            "Plan Width": 8,
                                            "Actual Startup Time": 802.314,
                                            "Actual Total Time": 802.868,
                                            "Actual Rows": 232486,
                                            "Actual Loops": 6,
                                            "Output": [
                                                "t.id",
                                                "mi.movie_id"
                                            ],
                                            "Hash Buckets": 2097152,
                                            "Original Hash Buckets": 2097152,
                                            "Hash Batches": 1,
                                            "Original Hash Batches": 1,
                                            "Peak Memory Usage": 71040,
                                            "Workers": [
                                                {
                                                    "Worker Number": 0,
                                                    "Actual Startup Time": 803.707,
                                                    "Actual Total Time": 803.711,
                                                    "Actual Rows": 288782,
                                                    "Actual Loops": 1
                                                },
                                                {
                                                    "Worker Number": 1,
                                                    "Actual Startup Time": 805.044,
                                                    "Actual Total Time": 805.048,
                                                    "Actual Rows": 194385,
                                                    "Actual Loops": 1
                                                },
                                                {
                                                    "Worker Number": 2,
                                                    "Actual Startup Time": 803.627,
                                                    "Actual Total Time": 803.631,
                                                    "Actual Rows": 225427,
                                                    "Actual Loops": 1
                                                },
                                                {
                                                    "Worker Number": 3,
                                                    "Actual Startup Time": 805.064,
                                                    "Actual Total Time": 805.068,
                                                    "Actual Rows": 220637,
                                                    "Actual Loops": 1
                                                },
                                                {
                                                    "Worker Number": 4,
                                                    "Actual Startup Time": 805.246,
                                                    "Actual Total Time": 805.249,
                                                    "Actual Rows": 224897,
                                                    "Actual Loops": 1
                                                }
                                            ],
                                            "Plans": [
                                                {
                                                    "Node Type": "Hash Join",
                                                    "Parent Relationship": "Outer",
                                                    "Parallel Aware": true,
                                                    "Join Type": "Inner",
                                                    "Startup Cost": 47009.89,
                                                    "Total Cost": 247466.51,
                                                    "Plan Rows": 236372,
                                                    "Plan Width": 8,
                                                    "Actual Startup Time": 273.229,
                                                    "Actual Total Time": 705.067,
                                                    "Actual Rows": 232486,
                                                    "Actual Loops": 6,
                                                    "Output": [
                                                        "t.id",
                                                        "mi.movie_id"
                                                    ],
                                                    "Inner Unique": true,
                                                    "Hash Cond": "(mi.movie_id = t.id)",
                                                    "Workers": [
                                                        {
                                                            "Worker Number": 0,
                                                            "Actual Startup Time": 273.204,
                                                            "Actual Total Time": 703.861,
                                                            "Actual Rows": 288782,
                                                            "Actual Loops": 1
                                                        },
                                                        {
                                                            "Worker Number": 1,
                                                            "Actual Startup Time": 273.211,
                                                            "Actual Total Time": 706.131,
                                                            "Actual Rows": 194385,
                                                            "Actual Loops": 1
                                                        },
                                                        {
                                                            "Worker Number": 2,
                                                            "Actual Startup Time": 273.117,
                                                            "Actual Total Time": 705.849,
                                                            "Actual Rows": 225427,
                                                            "Actual Loops": 1
                                                        },
                                                        {
                                                            "Worker Number": 3,
                                                            "Actual Startup Time": 273.196,
                                                            "Actual Total Time": 705.128,
                                                            "Actual Rows": 220637,
                                                            "Actual Loops": 1
                                                        },
                                                        {
                                                            "Worker Number": 4,
                                                            "Actual Startup Time": 273.17,
                                                            "Actual Total Time": 703.11,
                                                            "Actual Rows": 224897,
                                                            "Actual Loops": 1
                                                        }
                                                    ],
                                                    "Plans": [
                                                        {
                                                            "Node Type": "Seq Scan",
                                                            "Parent Relationship": "Outer",
                                                            "Parallel Aware": true,
                                                            "Relation Name": "movie_info",
                                                            "Schema": "public",
                                                            "Alias": "mi",
                                                            "Startup Cost": 0.0,
                                                            "Total Cost": 198880.74,
                                                            "Plan Rows": 600336,
                                                            "Plan Width": 4,
                                                            "Actual Startup Time": 85.759,
                                                            "Actual Total Time": 363.919,
                                                            "Actual Rows": 506120,
                                                            "Actual Loops": 6,
                                                            "Output": [
                                                                "mi.id",
                                                                "mi.movie_id",
                                                                "mi.info_type_id",
                                                                "mi.info",
                                                                "mi.note"
                                                            ],
                                                            "Filter": "(mi.info_type_id = 16)",
                                                            "Rows Removed by Filter": 1966500,
                                                            "Workers": [
                                                                {
                                                                    "Worker Number": 0,
                                                                    "Actual Startup Time": 85.808,
                                                                    "Actual Total Time": 359.919,
                                                                    "Actual Rows": 627606,
                                                                    "Actual Loops": 1
                                                                },
                                                                {
                                                                    "Worker Number": 1,
                                                                    "Actual Startup Time": 85.662,
                                                                    "Actual Total Time": 367.711,
                                                                    "Actual Rows": 439298,
                                                                    "Actual Loops": 1
                                                                },
                                                                {
                                                                    "Worker Number": 2,
                                                                    "Actual Startup Time": 85.815,
                                                                    "Actual Total Time": 366.768,
                                                                    "Actual Rows": 488179,
                                                                    "Actual Loops": 1
                                                                },
                                                                {
                                                                    "Worker Number": 3,
                                                                    "Actual Startup Time": 85.648,
                                                                    "Actual Total Time": 366.815,
                                                                    "Actual Rows": 468048,
                                                                    "Actual Loops": 1
                                                                },
                                                                {
                                                                    "Worker Number": 4,
                                                                    "Actual Startup Time": 85.824,
                                                                    "Actual Total Time": 365.747,
                                                                    "Actual Rows": 479959,
                                                                    "Actual Loops": 1
                                                                }
                                                            ]
                                                        },
                                                        {
                                                            "Node Type": "Hash",
                                                            "Parent Relationship": "Inner",
                                                            "Parallel Aware": true,
                                                            "Startup Cost": 43899.01,
                                                            "Total Cost": 43899.01,
                                                            "Plan Rows": 248871,
                                                            "Plan Width": 4,
                                                            "Actual Startup Time": 185.83,
                                                            "Actual Total Time": 185.831,
                                                            "Actual Rows": 164175,
                                                            "Actual Loops": 6,
                                                            "Output": [
                                                                "t.id"
                                                            ],
                                                            "Hash Buckets": 1048576,
                                                            "Original Hash Buckets": 1048576,
                                                            "Hash Batches": 1,
                                                            "Original Hash Batches": 1,
                                                            "Peak Memory Usage": 46816,
                                                            "Workers": [
                                                                {
                                                                    "Worker Number": 0,
                                                                    "Actual Startup Time": 187.211,
                                                                    "Actual Total Time": 187.213,
                                                                    "Actual Rows": 115018,
                                                                    "Actual Loops": 1
                                                                },
                                                                {
                                                                    "Worker Number": 1,
                                                                    "Actual Startup Time": 187.214,
                                                                    "Actual Total Time": 187.215,
                                                                    "Actual Rows": 167271,
                                                                    "Actual Loops": 1
                                                                },
                                                                {
                                                                    "Worker Number": 2,
                                                                    "Actual Startup Time": 187.224,
                                                                    "Actual Total Time": 187.225,
                                                                    "Actual Rows": 142670,
                                                                    "Actual Loops": 1
                                                                },
                                                                {
                                                                    "Worker Number": 3,
                                                                    "Actual Startup Time": 187.235,
                                                                    "Actual Total Time": 187.236,
                                                                    "Actual Rows": 167578,
                                                                    "Actual Loops": 1
                                                                },
                                                                {
                                                                    "Worker Number": 4,
                                                                    "Actual Startup Time": 187.179,
                                                                    "Actual Total Time": 187.181,
                                                                    "Actual Rows": 176863,
                                                                    "Actual Loops": 1
                                                                }
                                                            ],
                                                            "Plans": [
                                                                {
                                                                    "Node Type": "Seq Scan",
                                                                    "Parent Relationship": "Outer",
                                                                    "Parallel Aware": true,
                                                                    "Relation Name": "title",
                                                                    "Schema": "public",
                                                                    "Alias": "t",
                                                                    "Startup Cost": 0.0,
                                                                    "Total Cost": 43899.01,
                                                                    "Plan Rows": 248871,
                                                                    "Plan Width": 4,
                                                                    "Actual Startup Time": 0.054,
                                                                    "Actual Total Time": 105.439,
                                                                    "Actual Rows": 164175,
                                                                    "Actual Loops": 6,
                                                                    "Output": [
                                                                        "t.id"
                                                                    ],
                                                                    "Filter": "(t.kind_id < 7)",
                                                                    "Rows Removed by Filter": 257211,
                                                                    "Workers": [
                                                                        {
                                                                            "Worker Number": 0,
                                                                            "Actual Startup Time": 0.079,
                                                                            "Actual Total Time": 110.452,
                                                                            "Actual Rows": 115018,
                                                                            "Actual Loops": 1
                                                                        },
                                                                        {
                                                                            "Worker Number": 1,
                                                                            "Actual Startup Time": 0.048,
                                                                            "Actual Total Time": 105.105,
                                                                            "Actual Rows": 167271,
                                                                            "Actual Loops": 1
                                                                        },
                                                                        {
                                                                            "Worker Number": 2,
                                                                            "Actual Startup Time": 0.068,
                                                                            "Actual Total Time": 108.281,
                                                                            "Actual Rows": 142670,
                                                                            "Actual Loops": 1
                                                                        },
                                                                        {
                                                                            "Worker Number": 3,
                                                                            "Actual Startup Time": 0.062,
                                                                            "Actual Total Time": 104.704,
                                                                            "Actual Rows": 167578,
                                                                            "Actual Loops": 1
                                                                        },
                                                                        {
                                                                            "Worker Number": 4,
                                                                            "Actual Startup Time": 0.052,
                                                                            "Actual Total Time": 105.13,
                                                                            "Actual Rows": 176863,
                                                                            "Actual Loops": 1
                                                                        }
                                                                    ]
                                                                }
                                                            ]
                                                        }
                                                    ]
                                                }
                                            ]
                                        }
                                    ]
                                }
                            ]
                        }
                    ]
                }
            ]
        },
        "Planning Time": 3168.615,
        "Triggers": [],
        "Execution Time": 1230.066
    }
]