[
  {
    "Plan": {
      "Node Type": "Aggregate",
      "Strategy": "Plain",
      "Partial Mode": "Finalize",
      "Parallel Aware": false,
      "Startup Cost": 294006.12,
      "Total Cost": 294006.13,
      "Plan Rows": 1,
      "Plan Width": 8,
      "Actual Startup Time": 1411.999,
      "Actual Total Time": 1462.452,
      "Actual Rows": 1,
      "Actual Loops": 1,
      "Plans": [
        {
          "Node Type": "Gather",
          "Parent Relationship": "Outer",
          "Parallel Aware": false,
          "Startup Cost": 294005.59,
          "Total Cost": 294006.1,
          "Plan Rows": 5,
          "Plan Width": 8,
          "Actual Startup Time": 1402.645,
          "Actual Total Time": 1462.44,
          "Actual Rows": 6,
          "Actual Loops": 1,
          "Workers Planned": 5,
          "Workers Launched": 5,
          "Single Copy": false,
          "Plans": [
            {
              "Node Type": "Aggregate",
              "Strategy": "Plain",
              "Partial Mode": "Partial",
              "Parent Relationship": "Outer",
              "Parallel Aware": false,
              "Startup Cost": 293005.59,
              "Total Cost": 293005.6,
              "Plan Rows": 1,
              "Plan Width": 8,
              "Actual Startup Time": 1392.006,
              "Actual Total Time": 1392.158,
              "Actual Rows": 1,
              "Actual Loops": 6,
              "Plans": [
                {
                  "Node Type": "Hash Join",
                  "Parent Relationship": "Outer",
                  "Parallel Aware": true,
                  "Join Type": "Inner",
                  "Startup Cost": 84657.3,
                  "Total Cost": 290155.49,
                  "Plan Rows": 1140042,
                  "Plan Width": 0,
                  "Actual Startup Time": 372.564,
                  "Actual Total Time": 1317.967,
                  "Actual Rows": 1547472,
                  "Actual Loops": 6,
                  "Inner Unique": false,
                  "Hash Cond": "(mi.movie_id = t.id)",
                  "Plans": [
                    {
                      "Node Type": "Seq Scan",
                      "Parent Relationship": "Outer",
                      "Parallel Aware": true,
                      "Relation Name": "movie_info",
                      "Alias": "mi",
                      "Startup Cost": 0.0,
                      "Total Cost": 191560.33,
                      "Plan Rows": 2956733,
                      "Plan Width": 4,
                      "Actual Startup Time": 0.018,
                      "Actual Total Time": 322.101,
                      "Actual Rows": 2472620,
                      "Actual Loops": 6
                    },
                    {
                      "Node Type": "Hash",
                      "Parent Relationship": "Inner",
                      "Parallel Aware": true,
                      "Startup Cost": 81610.9,
                      "Total Cost": 81610.9,
                      "Plan Rows": 243712,
                      "Plan Width": 8,
                      "Actual Startup Time": 367.746,
                      "Actual Total Time": 367.896,
                      "Actual Rows": 111014,
                      "Actual Loops": 6,
                      "Hash Buckets": 1048576,
                      "Original Hash Buckets": 1048576,
                      "Hash Batches": 1,
                      "Original Hash Batches": 1,
                      "Peak Memory Usage": 34336,
                      "Plans": [
                        {
                          "Node Type": "Hash Join",
                          "Parent Relationship": "Outer",
                          "Parallel Aware": true,
                          "Join Type": "Inner",
                          "Startup Cost": 35345.64,
                          "Total Cost": 81610.9,
                          "Plan Rows": 243712,
                          "Plan Width": 8,
                          "Actual Startup Time": 124.741,
                          "Actual Total Time": 319.655,
                          "Actual Rows": 111014,
                          "Actual Loops": 6,
                          "Inner Unique": false,
                          "Hash Cond": "(t.id = mc.movie_id)",
                          "Plans": [
                            {
                              "Node Type": "Seq Scan",
                              "Parent Relationship": "Outer",
                              "Parallel Aware": true,
                              "Relation Name": "title",
                              "Alias": "t",
                              "Startup Cost": 0.0,
                              "Total Cost": 42318.73,
                              "Plan Rows": 632073,
                              "Plan Width": 4,
                              "Actual Startup Time": 0.011,
                              "Actual Total Time": 64.023,
                              "Actual Rows": 421385,
                              "Actual Loops": 6
                            },
                            {
                              "Node Type": "Hash",
                              "Parent Relationship": "Inner",
                              "Parallel Aware": true,
                              "Startup Cost": 31414.82,
                              "Total Cost": 31414.82,
                              "Plan Rows": 314466,
                              "Plan Width": 4,
                              "Actual Startup Time": 122.875,
                              "Actual Total Time": 122.876,
                              "Actual Rows": 111014,
                              "Actual Loops": 6,
                              "Hash Buckets": 1048576,
                              "Original Hash Buckets": 1048576,
                              "Hash Batches": 1,
                              "Original Hash Batches": 1,
                              "Peak Memory Usage": 34336,
                              "Plans": [
                                {
                                  "Node Type": "Seq Scan",
                                  "Parent Relationship": "Outer",
                                  "Parallel Aware": true,
                                  "Relation Name": "movie_companies",
                                  "Alias": "mc",
                                  "Startup Cost": 0.0,
                                  "Total Cost": 31414.82,
                                  "Plan Rows": 314466,
                                  "Plan Width": 4,
                                  "Actual Startup Time": 42.809,
                                  "Actual Total Time": 72.185,
                                  "Actual Rows": 111014,
                                  "Actual Loops": 6,
                                  "Filter": "((company_id < 44832) AND (company_type_id = 2))",
                                  "Rows Removed by Filter": 323841
                                }
                              ]
                            }
                          ]
                        }
                      ]
                    }
                  ]
                }
              ]
            }
          ]
        }
      ]
    },
    "Planning Time": 1.401,
    "Triggers": [],
    "Execution Time": 1462.555
  }
]