[
  {
    "Plan": {
      "Node Type": "Aggregate",
      "Strategy": "Plain",
      "Partial Mode": "Finalize",
      "Parallel Aware": false,
      "Startup Cost": 90519.84,
      "Total Cost": 90519.85,
      "Plan Rows": 1,
      "Plan Width": 8,
      "Actual Startup Time": 308.608,
      "Actual Total Time": 332.322,
      "Actual Rows": 1,
      "Actual Loops": 1,
      "Plans": [
        {
          "Node Type": "Gather",
          "Parent Relationship": "Outer",
          "Parallel Aware": false,
          "Startup Cost": 90519.52,
          "Total Cost": 90519.83,
          "Plan Rows": 3,
          "Plan Width": 8,
          "Actual Startup Time": 306.47,
          "Actual Total Time": 332.312,
          "Actual Rows": 4,
          "Actual Loops": 1,
          "Workers Planned": 3,
          "Workers Launched": 3,
          "Single Copy": false,
          "Plans": [
            {
              "Node Type": "Aggregate",
              "Strategy": "Plain",
              "Partial Mode": "Partial",
              "Parent Relationship": "Outer",
              "Parallel Aware": false,
              "Startup Cost": 89519.52,
              "Total Cost": 89519.53,
              "Plan Rows": 1,
              "Plan Width": 8,
              "Actual Startup Time": 300.713,
              "Actual Total Time": 300.785,
              "Actual Rows": 1,
              "Actual Loops": 4,
              "Plans": [
                {
                  "Node Type": "Hash Join",
                  "Parent Relationship": "Outer",
                  "Parallel Aware": true,
                  "Join Type": "Inner",
                  "Startup Cost": 45811.17,
                  "Total Cost": 89480.6,
                  "Plan Rows": 15568,
                  "Plan Width": 0,
                  "Actual Startup Time": 164.613,
                  "Actual Total Time": 297.291,
                  "Actual Rows": 59930,
                  "Actual Loops": 4,
                  "Inner Unique": true,
                  "Hash Cond": "(mk.movie_id = t.id)",
                  "Plans": [
                    {
                      "Node Type": "Seq Scan",
                      "Parent Relationship": "Outer",
                      "Parallel Aware": true,
                      "Relation Name": "movie_keyword",
                      "Alias": "mk",
                      "Startup Cost": 0.0,
                      "Total Cost": 42695.65,
                      "Plan Rows": 370961,
                      "Plan Width": 4,
                      "Actual Startup Time": 1.46,
                      "Actual Total Time": 115.928,
                      "Actual Rows": 288519,
                      "Actual Loops": 4,
                      "Filter": "(keyword_id > 16154)",
                      "Rows Removed by Filter": 842464
                    },
                    {
                      "Node Type": "Hash",
                      "Parent Relationship": "Inner",
                      "Parallel Aware": true,
                      "Startup Cost": 45479.59,
                      "Total Cost": 45479.59,
                      "Plan Rows": 26527,
                      "Plan Width": 4,
                      "Actual Startup Time": 134.006,
                      "Actual Total Time": 134.007,
                      "Actual Rows": 61010,
                      "Actual Loops": 4,
                      "Hash Buckets": 262144,
                      "Original Hash Buckets": 131072,
                      "Hash Batches": 1,
                      "Original Hash Batches": 1,
                      "Peak Memory Usage": 12672,
                      "Plans": [
                        {
                          "Node Type": "Seq Scan",
                          "Parent Relationship": "Outer",
                          "Parallel Aware": true,
                          "Relation Name": "title",
                          "Alias": "t",
                          "Startup Cost": 0.0,
                          "Total Cost": 45479.59,
                          "Plan Rows": 26527,
                          "Plan Width": 4,
                          "Actual Startup Time": 58.968,
                          "Actual Total Time": 106.7,
                          "Actual Rows": 61010,
                          "Actual Loops": 4,
                          "Filter": "((production_year < 1974) AND (kind_id = 1))",
                          "Rows Removed by Filter": 571068
                        }
                      ]
                    }
                  ]
                }
              ]
            }
          ]
        }
      ]
    },
    "Planning Time": 0.317,
    "Triggers": [],
    "Execution Time": 332.372
  }
]