{
  "Plan": {
    "Node Type": "Aggregate",
    "Strategy": "Plain",
    "Partial Mode": "Finalize",
    "Parallel Aware": false,
    "Startup Cost": 248784.88,
    "Total Cost": 248784.89,
    "Plan Rows": 1,
    "Plan Width": 8,
    "Actual Startup Time": 588.962,
    "Actual Total Time": 617.6,
    "Actual Rows": 1,
    "Actual Loops": 1,
    "Plans": [
      {
        "Node Type": "Gather",
        "Parent Relationship": "Outer",
        "Parallel Aware": false,
        "Startup Cost": 248784.77,
        "Total Cost": 248784.88,
        "Plan Rows": 1,
        "Plan Width": 8,
        "Actual Startup Time": 588.125,
        "Actual Total Time": 617.558,
        "Actual Rows": 2,
        "Actual Loops": 1,
        "Workers Planned": 1,
        "Workers Launched": 1,
        "Single Copy": false,
        "Plans": [
          {
            "Node Type": "Aggregate",
            "Strategy": "Plain",
            "Partial Mode": "Partial",
            "Parent Relationship": "Outer",
            "Parallel Aware": false,
            "Startup Cost": 247784.77,
            "Total Cost": 247784.78,
            "Plan Rows": 1,
            "Plan Width": 8,
            "Actual Startup Time": 581.941,
            "Actual Total Time": 581.945,
            "Actual Rows": 1,
            "Actual Loops": 2,
            "Plans": [
              {
                "Node Type": "Nested Loop",
                "Parent Relationship": "Outer",
                "Parallel Aware": false,
                "Join Type": "Inner",
                "Startup Cost": 61311.59,
                "Total Cost": 247691.94,
                "Plan Rows": 37129,
                "Plan Width": 0,
                "Actual Startup Time": 239.156,
                "Actual Total Time": 578.767,
                "Actual Rows": 53040,
                "Actual Loops": 2,
                "Inner Unique": false,
                "Join Filter": "(t.id = mi.movie_id)",
                "Rows Removed by Join Filter": 0,
                "Plans": [
                  {
                    "Node Type": "Hash Join",
                    "Parent Relationship": "Outer",
                    "Parallel Aware": true,
                    "Join Type": "Inner",
                    "Startup Cost": 61311.16,
                    "Total Cost": 103864.09,
                    "Plan Rows": 45638,
                    "Plan Width": 8,
                    "Actual Startup Time": 238.94,
                    "Actual Total Time": 380.277,
                    "Actual Rows": 33462,
                    "Actual Loops": 2,
                    "Inner Unique": true,
                    "Hash Cond": "(mc.movie_id = t.id)",
                    "Plans": [
                      {
                        "Node Type": "Seq Scan",
                        "Parent Relationship": "Outer",
                        "Parallel Aware": true,
                        "Relation Name": "movie_companies",
                        "Alias": "mc",
                        "Startup Cost": 0.0,
                        "Total Cost": 41811.73,
                        "Plan Rows": 282367,
                        "Plan Width": 4,
                        "Actual Startup Time": 50.271,
                        "Actual Total Time": 113.419,
                        "Actual Rows": 400998,
                        "Actual Loops": 2,
                        "Filter": "((company_id > 18228) AND (company_type_id = 2))",
                        "Rows Removed by Filter": 903566
                      },
                      {
                        "Node Type": "Hash",
                        "Parent Relationship": "Inner",
                        "Parallel Aware": true,
                        "Startup Cost": 58306.47,
                        "Total Cost": 58306.47,
                        "Plan Rows": 240375,
                        "Plan Width": 4,
                        "Actual Startup Time": 182.667,
                        "Actual Total Time": 182.668,
                        "Actual Rows": 135132,
                        "Actual Loops": 2,
                        "Hash Buckets": 524288,
                        "Original Hash Buckets": 524288,
                        "Hash Batches": 1,
                        "Original Hash Batches": 1,
                        "Peak Memory Usage": 14688,
                        "Plans": [
                          {
                            "Node Type": "Seq Scan",
                            "Parent Relationship": "Outer",
                            "Parallel Aware": true,
                            "Relation Name": "title",
                            "Alias": "t",
                            "Startup Cost": 0.0,
                            "Total Cost": 58306.47,
                            "Plan Rows": 240375,
                            "Plan Width": 4,
                            "Actual Startup Time": 0.049,
                            "Actual Total Time": 146.593,
                            "Actual Rows": 135132,
                            "Actual Loops": 2,
                            "Filter": "((kind_id > 3) AND (production_year < 1987))",
                            "Rows Removed by Filter": 1129024
                          }
                        ]
                      }
                    ]
                  },
                  {
                    "Node Type": "Index Scan",
                    "Parent Relationship": "Inner",
                    "Parallel Aware": false,
                    "Scan Direction": "Forward",
                    "Index Name": "movie_id_movie_info",
                    "Relation Name": "movie_info",
                    "Alias": "mi",
                    "Startup Cost": 0.43,
                    "Total Cost": 3.08,
                    "Plan Rows": 6,
                    "Plan Width": 4,
                    "Actual Startup Time": 0.003,
                    "Actual Total Time": 0.006,
                    "Actual Rows": 2,
                    "Actual Loops": 66923,
                    "Index Cond": "(movie_id = mc.movie_id)",
                    "Rows Removed by Index Recheck": 0,
                    "Filter": "(info_type_id < 3)",
                    "Rows Removed by Filter": 8
                  }
                ]
              }
            ]
          }
        ]
      }
    ]
  },
  "Planning Time": 1.13,
  "Triggers": [],
  "Execution Time": 617.73
}