{
  "Plan": {
    "Node Type": "Aggregate",
    "Strategy": "Plain",
    "Partial Mode": "Simple",
    "Parallel Aware": false,
    "Startup Cost": 978582.31,
    "Total Cost": 978582.32,
    "Plan Rows": 1,
    "Plan Width": 128,
    "Actual Startup Time": 4150.725,
    "Actual Total Time": 4150.992,
    "Actual Rows": 1,
    "Actual Loops": 1,
    "Plans": [
      {
        "Node Type": "Nested Loop",
        "Parent Relationship": "Outer",
        "Parallel Aware": false,
        "Join Type": "Inner",
        "Startup Cost": 951671.76,
        "Total Cost": 978582.3,
        "Plan Rows": 1,
        "Plan Width": 81,
        "Actual Startup Time": 4045.188,
        "Actual Total Time": 4150.957,
        "Actual Rows": 56,
        "Actual Loops": 1,
        "Inner Unique": true,
        "Plans": [
          {
            "Node Type": "Hash Join",
            "Parent Relationship": "Outer",
            "Parallel Aware": false,
            "Join Type": "Inner",
            "Startup Cost": 951671.62,
            "Total Cost": 978582.11,
            "Plan Rows": 1,
            "Plan Width": 85,
            "Actual Startup Time": 4045.15,
            "Actual Total Time": 4150.756,
            "Actual Rows": 168,
            "Actual Loops": 1,
            "Inner Unique": false,
            "Hash Cond": "(mi_idx.movie_id = t.id)",
            "Plans": [
              {
                "Node Type": "Seq Scan",
                "Parent Relationship": "Outer",
                "Parallel Aware": false,
                "Relation Name": "movie_info_idx",
                "Alias": "mi_idx",
                "Startup Cost": 0.0,
                "Total Cost": 21735.35,
                "Plan Rows": 1380035,
                "Plan Width": 14,
                "Actual Startup Time": 0.019,
                "Actual Total Time": 96.613,
                "Actual Rows": 1380035,
                "Actual Loops": 1
              },
              {
                "Node Type": "Hash",
                "Parent Relationship": "Inner",
                "Parallel Aware": false,
                "Startup Cost": 951671.61,
                "Total Cost": 951671.61,
                "Plan Rows": 1,
                "Plan Width": 95,
                "Actual Startup Time": 3974.972,
                "Actual Total Time": 3975.235,
                "Actual Rows": 56,
                "Actual Loops": 1,
                "Hash Buckets": 1024,
                "Original Hash Buckets": 1024,
                "Hash Batches": 1,
                "Original Hash Batches": 1,
                "Peak Memory Usage": 14,
                "Plans": [
                  {
                    "Node Type": "Nested Loop",
                    "Parent Relationship": "Outer",
                    "Parallel Aware": false,
                    "Join Type": "Inner",
                    "Startup Cost": 772097.91,
                    "Total Cost": 951671.61,
                    "Plan Rows": 1,
                    "Plan Width": 95,
                    "Actual Startup Time": 3878.515,
                    "Actual Total Time": 3975.214,
                    "Actual Rows": 56,
                    "Actual Loops": 1,
                    "Inner Unique": false,
                    "Join Filter": "(mi.movie_id = t.id)",
                    "Rows Removed by Join Filter": 1296174,
                    "Plans": [
                      {
                        "Node Type": "Gather",
                        "Parent Relationship": "Outer",
                        "Parallel Aware": false,
                        "Startup Cost": 1000.0,
                        "Total Cost": 49680.16,
                        "Plan Rows": 406,
                        "Plan Width": 21,
                        "Actual Startup Time": 2.549,
                        "Actual Total Time": 2.822,
                        "Actual Rows": 295,
                        "Actual Loops": 1,
                        "Workers Planned": 4,
                        "Workers Launched": 4,
                        "Single Copy": false,
                        "Plans": [
                          {
                            "Node Type": "Seq Scan",
                            "Parent Relationship": "Outer",
                            "Parallel Aware": true,
                            "Relation Name": "title",
                            "Alias": "t",
                            "Startup Cost": 0.0,
                            "Total Cost": 48639.56,
                            "Plan Rows": 102,
                            "Plan Width": 21,
                            "Actual Startup Time": 15.29,
                            "Actual Total Time": 222.545,
                            "Actual Rows": 59,
                            "Actual Loops": 5,
                            "Filter": "((production_year < 2006) AND ((title ~~ '%Freddy%'::text) OR (title ~~ '%Jason%'::text) OR (title ~~ 'Saw%'::text)))",
                            "Rows Removed by Filter": 505603
                          }
                        ]
                      },
                      {
                        "Node Type": "Materialize",
                        "Parent Relationship": "Inner",
                        "Parallel Aware": false,
                        "Startup Cost": 771097.91,
                        "Total Cost": 901985.36,
                        "Plan Rows": 1,
                        "Plan Width": 74,
                        "Actual Startup Time": 9.506,
                        "Actual Total Time": 13.231,
                        "Actual Rows": 4394,
                        "Actual Loops": 295,
                        "Plans": [
                          {
                            "Node Type": "Nested Loop",
                            "Parent Relationship": "Outer",
                            "Parallel Aware": false,
                            "Join Type": "Inner",
                            "Startup Cost": 771097.91,
                            "Total Cost": 901985.36,
                            "Plan Rows": 1,
                            "Plan Width": 74,
                            "Actual Startup Time": 2804.261,
                            "Actual Total Time": 3858.989,
                            "Actual Rows": 4394,
                            "Actual Loops": 1,
                            "Inner Unique": false,
                            "Join Filter": "(mk.keyword_id = k.id)",
                            "Rows Removed by Join Filter": 1142808,
                            "Plans": [
                              {
                                "Node Type": "Seq Scan",
                                "Parent Relationship": "Outer",
                                "Parallel Aware": false,
                                "Relation Name": "keyword",
                                "Alias": "k",
                                "Startup Cost": 0.0,
                                "Total Cost": 3464.69,
                                "Plan Rows": 7,
                                "Plan Width": 4,
                                "Actual Startup Time": 0.619,
                                "Actual Total Time": 18.907,
                                "Actual Rows": 7,
                                "Actual Loops": 1,
                                "Filter": "(keyword = ANY ('{murder,violence,blood,gore,death,female-nudity,hospital}'::text[]))",
                                "Rows Removed by Filter": 134163
                              },
                              {
                                "Node Type": "Materialize",
                                "Parent Relationship": "Inner",
                                "Parallel Aware": false,
                                "Startup Cost": 771097.91,
                                "Total Cost": 898511.65,
                                "Plan Rows": 88,
                                "Plan Width": 78,
                                "Actual Startup Time": 400.484,
                                "Actual Total Time": 538.606,
                                "Actual Rows": 163886,
                                "Actual Loops": 7,
                                "Plans": [
                                  {
                                    "Node Type": "Hash Join",
                                    "Parent Relationship": "Outer",
                                    "Parallel Aware": false,
                                    "Join Type": "Inner",
                                    "Startup Cost": 771097.91,
                                    "Total Cost": 898511.21,
                                    "Plan Rows": 88,
                                    "Plan Width": 78,
                                    "Actual Startup Time": 2803.381,
                                    "Actual Total Time": 3670.284,
                                    "Actual Rows": 163886,
                                    "Actual Loops": 1,
                                    "Inner Unique": false,
                                    "Hash Cond": "(n.id = ci.person_id)",
                                    "Plans": [
                                      {
                                        "Node Type": "Seq Scan",
                                        "Parent Relationship": "Outer",
                                        "Parallel Aware": false,
                                        "Relation Name": "name",
                                        "Alias": "n",
                                        "Startup Cost": 0.0,
                                        "Total Cost": 107705.74,
                                        "Plan Rows": 1751705,
                                        "Plan Width": 19,
                                        "Actual Startup Time": 0.016,
                                        "Actual Total Time": 573.703,
                                        "Actual Rows": 1739579,
                                        "Actual Loops": 1,
                                        "Filter": "((gender)::text = 'm'::text)",
                                        "Rows Removed by Filter": 2427912
                                      },
                                      {
                                        "Node Type": "Hash",
                                        "Parent Relationship": "Inner",
                                        "Parallel Aware": false,
                                        "Startup Cost": 771095.3,
                                        "Total Cost": 771095.3,
                                        "Plan Rows": 209,
                                        "Plan Width": 67,
                                        "Actual Startup Time": 2801.963,
                                        "Actual Total Time": 2802.061,
                                        "Actual Rows": 240076,
                                        "Actual Loops": 1,
                                        "Hash Buckets": 262144,
                                        "Original Hash Buckets": 1024,
                                        "Hash Batches": 1,
                                        "Original Hash Batches": 1,
                                        "Peak Memory Usage": 17754,
                                        "Plans": [
                                          {
                                            "Node Type": "Nested Loop",
                                            "Parent Relationship": "Outer",
                                            "Parallel Aware": false,
                                            "Join Type": "Inner",
                                            "Startup Cost": 215432.48,
                                            "Total Cost": 771095.3,
                                            "Plan Rows": 209,
                                            "Plan Width": 67,
                                            "Actual Startup Time": 829.64,
                                            "Actual Total Time": 2742.027,
                                            "Actual Rows": 240076,
                                            "Actual Loops": 1,
                                            "Inner Unique": false,
                                            "Join Filter": "(mi.info_type_id = it1.id)",
                                            "Rows Removed by Join Filter": 50578,
                                            "Plans": [
                                              {
                                                "Node Type": "Seq Scan",
                                                "Parent Relationship": "Outer",
                                                "Parallel Aware": false,
                                                "Relation Name": "info_type",
                                                "Alias": "it1",
                                                "Startup Cost": 0.0,
                                                "Total Cost": 2.41,
                                                "Plan Rows": 1,
                                                "Plan Width": 4,
                                                "Actual Startup Time": 0.01,
                                                "Actual Total Time": 0.018,
                                                "Actual Rows": 1,
                                                "Actual Loops": 1,
                                                "Filter": "((info)::text = 'genres'::text)",
                                                "Rows Removed by Filter": 112
                                              },
                                              {
                                                "Node Type": "Nested Loop",
                                                "Parent Relationship": "Inner",
                                                "Parallel Aware": false,
                                                "Join Type": "Inner",
                                                "Startup Cost": 215432.48,
                                                "Total Cost": 770792.2,
                                                "Plan Rows": 24055,
                                                "Plan Width": 71,
                                                "Actual Startup Time": 829.623,
                                                "Actual Total Time": 2715.93,
                                                "Actual Rows": 290654,
                                                "Actual Loops": 1,
                                                "Inner Unique": false,
                                                "Join Filter": "(cc.status_id = cct2.id)",
                                                "Rows Removed by Join Filter": 234775,
                                                "Plans": [
                                                  {
                                                    "Node Type": "Seq Scan",
                                                    "Parent Relationship": "Outer",
                                                    "Parallel Aware": false,
                                                    "Relation Name": "comp_cast_type",
                                                    "Alias": "cct2",
                                                    "Startup Cost": 0.0,
                                                    "Total Cost": 1.05,
                                                    "Plan Rows": 1,
                                                    "Plan Width": 4,
                                                    "Actual Startup Time": 0.006,
                                                    "Actual Total Time": 0.009,
                                                    "Actual Rows": 1,
                                                    "Actual Loops": 1,
                                                    "Filter": "((kind)::text = 'complete+verified'::text)",
                                                    "Rows Removed by Filter": 3
                                                  },
                                                  {
                                                    "Node Type": "Merge Join",
                                                    "Parent Relationship": "Inner",
                                                    "Parallel Aware": false,
                                                    "Join Type": "Inner",
                                                    "Startup Cost": 215432.48,
                                                    "Total Cost": 769588.56,
                                                    "Plan Rows": 96207,
                                                    "Plan Width": 75,
                                                    "Actual Startup Time": 815.516,
                                                    "Actual Total Time": 2676.774,
                                                    "Actual Rows": 525429,
                                                    "Actual Loops": 1,
                                                    "Inner Unique": false,
                                                    "Merge Cond": "(mk.movie_id = mi.movie_id)",
                                                    "Plans": [
                                                      {
                                                        "Node Type": "Index Scan",
                                                        "Parent Relationship": "Outer",
                                                        "Parallel Aware": false,
                                                        "Scan Direction": "Forward",
                                                        "Index Name": "movie_id_movie_keyword",
                                                        "Relation Name": "movie_keyword",
                                                        "Alias": "mk",
                                                        "Startup Cost": 0.43,
                                                        "Total Cost": 177156.82,
                                                        "Plan Rows": 4523930,
                                                        "Plan Width": 8,
                                                        "Actual Startup Time": 0.027,
                                                        "Actual Total Time": 552.322,
                                                        "Actual Rows": 4522963,
                                                        "Actual Loops": 1
                                                      },
                                                      {
                                                        "Node Type": "Materialize",
                                                        "Parent Relationship": "Inner",
                                                        "Parallel Aware": false,
                                                        "Startup Cost": 215385.55,
                                                        "Total Cost": 579884.33,
                                                        "Plan Rows": 7843,
                                                        "Plan Width": 67,
                                                        "Actual Startup Time": 812.709,
                                                        "Actual Total Time": 1784.673,
                                                        "Actual Rows": 525837,
                                                        "Actual Loops": 1,
                                                        "Plans": [
                                                          {
                                                            "Node Type": "Nested Loop",
                                                            "Parent Relationship": "Outer",
                                                            "Parallel Aware": false,
                                                            "Join Type": "Inner",
                                                            "Startup Cost": 215385.55,
                                                            "Total Cost": 579864.72,
                                                            "Plan Rows": 7843,
                                                            "Plan Width": 67,
                                                            "Actual Startup Time": 812.706,
                                                            "Actual Total Time": 1763.029,
                                                            "Actual Rows": 9176,
                                                            "Actual Loops": 1,
                                                            "Inner Unique": true,
                                                            "Join Filter": "(cc.subject_id = cct1.id)",
                                                            "Rows Removed by Join Filter": 2335,
                                                            "Plans": [
                                                              {
                                                                "Node Type": "Nested Loop",
                                                                "Parent Relationship": "Outer",
                                                                "Parallel Aware": false,
                                                                "Join Type": "Inner",
                                                                "Startup Cost": 215385.55,
                                                                "Total Cost": 579432.28,
                                                                "Plan Rows": 15687,
                                                                "Plan Width": 71,
                                                                "Actual Startup Time": 812.683,
                                                                "Actual Total Time": 1760.462,
                                                                "Actual Rows": 9176,
                                                                "Actual Loops": 1,
                                                                "Inner Unique": false,
                                                                "Join Filter": "(mi.movie_id = ci.movie_id)",
                                                                "Rows Removed by Join Filter": 0,
                                                                "Plans": [
                                                                  {
                                                                    "Node Type": "Merge Join",
                                                                    "Parent Relationship": "Outer",
                                                                    "Parallel Aware": false,
                                                                    "Join Type": "Inner",
                                                                    "Startup Cost": 215384.98,
                                                                    "Total Cost": 222990.06,
                                                                    "Plan Rows": 30804,
                                                                    "Plan Width": 63,
                                                                    "Actual Startup Time": 812.061,
                                                                    "Actual Total Time": 874.672,
                                                                    "Actual Rows": 13659,
                                                                    "Actual Loops": 1,
                                                                    "Inner Unique": false,
                                                                    "Merge Cond": "(cc.movie_id = mi.movie_id)",
                                                                    "Plans": [
                                                                      {
                                                                        "Node Type": "Index Scan",
                                                                        "Parent Relationship": "Outer",
                                                                        "Parallel Aware": false,
                                                                        "Scan Direction": "Forward",
                                                                        "Index Name": "movie_id_complete_cast",
                                                                        "Relation Name": "complete_cast",
                                                                        "Alias": "cc",
                                                                        "Startup Cost": 0.42,
                                                                        "Total Cost": 6657.11,
                                                                        "Plan Rows": 135086,
                                                                        "Plan Width": 12,
                                                                        "Actual Startup Time": 0.016,
                                                                        "Actual Total Time": 39.203,
                                                                        "Actual Rows": 132440,
                                                                        "Actual Loops": 1
                                                                      },
                                                                      {
                                                                        "Node Type": "Sort",
                                                                        "Parent Relationship": "Inner",
                                                                        "Parallel Aware": false,
                                                                        "Startup Cost": 215384.54,
                                                                        "Total Cost": 215594.79,
                                                                        "Plan Rows": 84099,
                                                                        "Plan Width": 51,
                                                                        "Actual Startup Time": 811.937,
                                                                        "Actual Total Time": 818.634,
                                                                        "Actual Rows": 76678,
                                                                        "Actual Loops": 1,
                                                                        "Sort Key": [
                                                                          "mi.movie_id"
                                                                        ],
                                                                        "Sort Method": "quicksort",
                                                                        "Sort Space Used": 7817,
                                                                        "Sort Space Type": "Memory",
                                                                        "Plans": [
                                                                          {
                                                                            "Node Type": "Gather",
                                                                            "Parent Relationship": "Outer",
                                                                            "Parallel Aware": false,
                                                                            "Startup Cost": 1000.0,
                                                                            "Total Cost": 208505.33,
                                                                            "Plan Rows": 84099,
                                                                            "Plan Width": 51,
                                                                            "Actual Startup Time": 496.918,
                                                                            "Actual Total Time": 787.846,
                                                                            "Actual Rows": 73047,
                                                                            "Actual Loops": 1,
                                                                            "Workers Planned": 5,
                                                                            "Workers Launched": 3,
                                                                            "Single Copy": false,
                                                                            "Plans": [
                                                                              {
                                                                                "Node Type": "Seq Scan",
                                                                                "Parent Relationship": "Outer",
                                                                                "Parallel Aware": true,
                                                                                "Relation Name": "movie_info",
                                                                                "Alias": "mi",
                                                                                "Startup Cost": 0.0,
                                                                                "Total Cost": 199095.43,
                                                                                "Plan Rows": 16820,
                                                                                "Plan Width": 51,
                                                                                "Actual Startup Time": 487.712,
                                                                                "Actual Total Time": 780.272,
                                                                                "Actual Rows": 18262,
                                                                                "Actual Loops": 4,
                                                                                "Filter": "(info = ANY ('{Horror,Thriller}'::text[]))",
                                                                                "Rows Removed by Filter": 3690668
                                                                              }
                                                                            ]
                                                                          }
                                                                        ]
                                                                      }
                                                                    ]
                                                                  },
                                                                  {
                                                                    "Node Type": "Index Scan",
                                                                    "Parent Relationship": "Inner",
                                                                    "Parallel Aware": false,
                                                                    "Scan Direction": "Forward",
                                                                    "Index Name": "movie_id_cast_info",
                                                                    "Relation Name": "cast_info",
                                                                    "Alias": "ci",
                                                                    "Startup Cost": 0.56,
                                                                    "Total Cost": 11.56,
                                                                    "Plan Rows": 1,
                                                                    "Plan Width": 8,
                                                                    "Actual Startup Time": 0.051,
                                                                    "Actual Total Time": 0.065,
                                                                    "Actual Rows": 1,
                                                                    "Actual Loops": 13659,
                                                                    "Index Cond": "(movie_id = cc.movie_id)",
                                                                    "Rows Removed by Index Recheck": 0,
                                                                    "Filter": "(note = ANY ('{(writer),\"(head writer)\",\"(written by)\",(story),\"(story editor)\"}'::text[]))",
                                                                    "Rows Removed by Filter": 58
                                                                  }
                                                                ]
                                                              },
                                                              {
                                                                "Node Type": "Materialize",
                                                                "Parent Relationship": "Inner",
                                                                "Parallel Aware": false,
                                                                "Startup Cost": 0.0,
                                                                "Total Cost": 1.06,
                                                                "Plan Rows": 2,
                                                                "Plan Width": 4,
                                                                "Actual Startup Time": 0.0,
                                                                "Actual Total Time": 0.0,
                                                                "Actual Rows": 1,
                                                                "Actual Loops": 9176,
                                                                "Plans": [
                                                                  {
                                                                    "Node Type": "Seq Scan",
                                                                    "Parent Relationship": "Outer",
                                                                    "Parallel Aware": false,
                                                                    "Relation Name": "comp_cast_type",
                                                                    "Alias": "cct1",
                                                                    "Startup Cost": 0.0,
                                                                    "Total Cost": 1.05,
                                                                    "Plan Rows": 2,
                                                                    "Plan Width": 4,
                                                                    "Actual Startup Time": 0.012,
                                                                    "Actual Total Time": 0.016,
                                                                    "Actual Rows": 2,
                                                                    "Actual Loops": 1,
                                                                    "Filter": "((kind)::text = ANY ('{cast,crew}'::text[]))",
                                                                    "Rows Removed by Filter": 0
                                                                  }
                                                                ]
                                                              }
                                                            ]
                                                          }
                                                        ]
                                                      }
                                                    ]
                                                  }
                                                ]
                                              }
                                            ]
                                          }
                                        ]
                                      }
                                    ]
                                  }
                                ]
                              }
                            ]
                          }
                        ]
                      }
                    ]
                  }
                ]
              }
            ]
          },
          {
            "Node Type": "Index Scan",
            "Parent Relationship": "Inner",
            "Parallel Aware": false,
            "Scan Direction": "Forward",
            "Index Name": "info_type_pkey",
            "Relation Name": "info_type",
            "Alias": "it2",
            "Startup Cost": 0.14,
            "Total Cost": 0.16,
            "Plan Rows": 1,
            "Plan Width": 4,
            "Actual Startup Time": 0.001,
            "Actual Total Time": 0.001,
            "Actual Rows": 0,
            "Actual Loops": 168,
            "Index Cond": "(id = mi_idx.info_type_id)",
            "Rows Removed by Index Recheck": 0,
            "Filter": "((info)::text = 'votes'::text)",
            "Rows Removed by Filter": 1
          }
        ]
      }
    ]
  },
  "Planning Time": 32.096,
  "Triggers": [],
  "Execution Time": 4160.042
}