{
  "Plan": {
    "Node Type": "Aggregate",
    "Strategy": "Plain",
    "Partial Mode": "Simple",
    "Parallel Aware": false,
    "Startup Cost": 932149.14,
    "Total Cost": 932149.15,
    "Plan Rows": 1,
    "Plan Width": 128,
    "Actual Startup Time": 8227.494,
    "Actual Total Time": 8573.547,
    "Actual Rows": 1,
    "Actual Loops": 1,
    "Plans": [
      {
        "Node Type": "Hash Join",
        "Parent Relationship": "Outer",
        "Parallel Aware": false,
        "Join Type": "Inner",
        "Startup Cost": 932145.42,
        "Total Cost": 932149.13,
        "Plan Rows": 1,
        "Plan Width": 81,
        "Actual Startup Time": 8095.083,
        "Actual Total Time": 8572.83,
        "Actual Rows": 2825,
        "Actual Loops": 1,
        "Inner Unique": true,
        "Hash Cond": "(mk.keyword_id = k.id)",
        "Plans": [
          {
            "Node Type": "Hash Join",
            "Parent Relationship": "Outer",
            "Parallel Aware": false,
            "Join Type": "Inner",
            "Startup Cost": 928680.64,
            "Total Cost": 928684.32,
            "Plan Rows": 13,
            "Plan Width": 85,
            "Actual Startup Time": 8060.637,
            "Actual Total Time": 8528.522,
            "Actual Rows": 107406,
            "Actual Loops": 1,
            "Inner Unique": true,
            "Hash Cond": "(mi_idx.info_type_id = it2.id)",
            "Plans": [
              {
                "Node Type": "Hash Join",
                "Parent Relationship": "Outer",
                "Parallel Aware": false,
                "Join Type": "Inner",
                "Startup Cost": 928678.22,
                "Total Cost": 928681.79,
                "Plan Rows": 38,
                "Plan Width": 89,
                "Actual Startup Time": 8060.555,
                "Actual Total Time": 8487.621,
                "Actual Rows": 331264,
                "Actual Loops": 1,
                "Inner Unique": false,
                "Hash Cond": "(t.id = mi_idx.movie_id)",
                "Plans": [
                  {
                    "Node Type": "Hash Join",
                    "Parent Relationship": "Outer",
                    "Parallel Aware": false,
                    "Join Type": "Inner",
                    "Startup Cost": 889692.43,
                    "Total Cost": 889695.86,
                    "Plan Rows": 13,
                    "Plan Width": 99,
                    "Actual Startup Time": 7427.43,
                    "Actual Total Time": 7795.293,
                    "Actual Rows": 107442,
                    "Actual Loops": 1,
                    "Inner Unique": false,
                    "Hash Cond": "(it1.id = mi.info_type_id)",
                    "Plans": [
                      {
                        "Node Type": "Seq Scan",
                        "Parent Relationship": "Outer",
                        "Parallel Aware": false,
                        "Relation Name": "info_type",
                        "Alias": "it1",
                        "Startup Cost": 0.0,
                        "Total Cost": 2.41,
                        "Plan Rows": 1,
                        "Plan Width": 4,
                        "Actual Startup Time": 0.017,
                        "Actual Total Time": 0.032,
                        "Actual Rows": 1,
                        "Actual Loops": 1,
                        "Filter": "((info)::text = 'genres'::text)",
                        "Rows Removed by Filter": 112
                      },
                      {
                        "Node Type": "Hash",
                        "Parent Relationship": "Inner",
                        "Parallel Aware": false,
                        "Startup Cost": 889683.03,
                        "Total Cost": 889683.03,
                        "Plan Rows": 752,
                        "Plan Width": 103,
                        "Actual Startup Time": 7427.368,
                        "Actual Total Time": 7773.41,
                        "Actual Rows": 116171,
                        "Actual Loops": 1,
                        "Hash Buckets": 131072,
                        "Original Hash Buckets": 1024,
                        "Hash Batches": 1,
                        "Original Hash Batches": 1,
                        "Peak Memory Usage": 12255,
                        "Plans": [
                          {
                            "Node Type": "Gather",
                            "Parent Relationship": "Outer",
                            "Parallel Aware": false,
                            "Startup Cost": 675432.63,
                            "Total Cost": 889683.03,
                            "Plan Rows": 752,
                            "Plan Width": 103,
                            "Actual Startup Time": 6948.31,
                            "Actual Total Time": 7733.407,
                            "Actual Rows": 116171,
                            "Actual Loops": 1,
                            "Workers Planned": 5,
                            "Workers Launched": 5,
                            "Single Copy": false,
                            "Plans": [
                              {
                                "Node Type": "Hash Join",
                                "Parent Relationship": "Outer",
                                "Parallel Aware": true,
                                "Join Type": "Inner",
                                "Startup Cost": 674432.63,
                                "Total Cost": 888607.83,
                                "Plan Rows": 150,
                                "Plan Width": 103,
                                "Actual Startup Time": 6931.059,
                                "Actual Total Time": 7218.656,
                                "Actual Rows": 19362,
                                "Actual Loops": 6,
                                "Inner Unique": true,
                                "Hash Cond": "(ci.person_id = n.id)",
                                "Plans": [
                                  {
                                    "Node Type": "Hash Join",
                                    "Parent Relationship": "Outer",
                                    "Parallel Aware": true,
                                    "Join Type": "Inner",
                                    "Startup Cost": 595378.14,
                                    "Total Cost": 809552.94,
                                    "Plan Rows": 150,
                                    "Plan Width": 92,
                                    "Actual Startup Time": 6306.901,
                                    "Actual Total Time": 6587.635,
                                    "Actual Rows": 19362,
                                    "Actual Loops": 6,
                                    "Inner Unique": false,
                                    "Hash Cond": "(mi.movie_id = t.id)",
                                    "Plans": [
                                      {
                                        "Node Type": "Seq Scan",
                                        "Parent Relationship": "Outer",
                                        "Parallel Aware": true,
                                        "Relation Name": "movie_info",
                                        "Alias": "mi",
                                        "Startup Cost": 0.0,
                                        "Total Cost": 214032.77,
                                        "Plan Rows": 37842,
                                        "Plan Width": 51,
                                        "Actual Startup Time": 414.022,
                                        "Actual Total Time": 702.355,
                                        "Actual Rows": 31495,
                                        "Actual Loops": 6,
                                        "Filter": "(info = ANY ('{Horror,Action,Sci-Fi,Thriller,Crime,War}'::text[]))",
                                        "Rows Removed by Filter": 2441125
                                      },
                                      {
                                        "Node Type": "Hash",
                                        "Parent Relationship": "Inner",
                                        "Parallel Aware": true,
                                        "Startup Cost": 595367.61,
                                        "Total Cost": 595367.61,
                                        "Plan Rows": 842,
                                        "Plan Width": 41,
                                        "Actual Startup Time": 5823.767,
                                        "Actual Total Time": 5832.16,
                                        "Actual Rows": 11202,
                                        "Actual Loops": 6,
                                        "Hash Buckets": 131072,
                                        "Original Hash Buckets": 2048,
                                        "Hash Batches": 1,
                                        "Original Hash Batches": 1,
                                        "Peak Memory Usage": 6896,
                                        "Plans": [
                                          {
                                            "Node Type": "Hash Join",
                                            "Parent Relationship": "Outer",
                                            "Parallel Aware": true,
                                            "Join Type": "Inner",
                                            "Startup Cost": 588701.43,
                                            "Total Cost": 595367.61,
                                            "Plan Rows": 842,
                                            "Plan Width": 41,
                                            "Actual Startup Time": 5664.923,
                                            "Actual Total Time": 5701.862,
                                            "Actual Rows": 11202,
                                            "Actual Loops": 6,
                                            "Inner Unique": true,
                                            "Hash Cond": "(ci.movie_id = t.id)",
                                            "Plans": [
                                              {
                                                "Node Type": "Hash Join",
                                                "Parent Relationship": "Outer",
                                                "Parallel Aware": true,
                                                "Join Type": "Inner",
                                                "Startup Cost": 538480.57,
                                                "Total Cost": 545144.54,
                                                "Plan Rows": 842,
                                                "Plan Width": 20,
                                                "Actual Startup Time": 5246.244,
                                                "Actual Total Time": 5277.696,
                                                "Actual Rows": 11202,
                                                "Actual Loops": 6,
                                                "Inner Unique": false,
                                                "Hash Cond": "(cn.id = mc.company_id)",
                                                "Plans": [
                                                  {
                                                    "Node Type": "Seq Scan",
                                                    "Parent Relationship": "Outer",
                                                    "Parallel Aware": true,
                                                    "Relation Name": "company_name",
                                                    "Alias": "cn",
                                                    "Startup Cost": 0.0,
                                                    "Total Cost": 4722.92,
                                                    "Plan Rows": 14,
                                                    "Plan Width": 4,
                                                    "Actual Startup Time": 2.812,
                                                    "Actual Total Time": 6.078,
                                                    "Actual Rows": 2,
                                                    "Actual Loops": 6,
                                                    "Filter": "(name ~~ 'Lionsgate%'::text)",
                                                    "Rows Removed by Filter": 39164
                                                  },
                                                  {
                                                    "Node Type": "Hash",
                                                    "Parent Relationship": "Inner",
                                                    "Parallel Aware": true,
                                                    "Startup Cost": 479401.43,
                                                    "Total Cost": 479401.43,
                                                    "Plan Rows": 4726331,
                                                    "Plan Width": 24,
                                                    "Actual Startup Time": 5223.212,
                                                    "Actual Total Time": 5231.599,
                                                    "Actual Rows": 4146414,
                                                    "Actual Loops": 6,
                                                    "Hash Buckets": 33554432,
                                                    "Original Hash Buckets": 16777216,
                                                    "Hash Batches": 1,
                                                    "Original Hash Batches": 1,
                                                    "Peak Memory Usage": 1756512,
                                                    "Plans": [
                                                      {
                                                        "Node Type": "Hash Join",
                                                        "Parent Relationship": "Outer",
                                                        "Parallel Aware": true,
                                                        "Join Type": "Inner",
                                                        "Startup Cost": 397817.77,
                                                        "Total Cost": 479401.43,
                                                        "Plan Rows": 4726331,
                                                        "Plan Width": 24,
                                                        "Actual Startup Time": 1637.784,
                                                        "Actual Total Time": 2497.274,
                                                        "Actual Rows": 4146414,
                                                        "Actual Loops": 6,
                                                        "Inner Unique": false,
                                                        "Hash Cond": "(mk.movie_id = ci.movie_id)",
                                                        "Plans": [
                                                          {
                                                            "Node Type": "Seq Scan",
                                                            "Parent Relationship": "Outer",
                                                            "Parallel Aware": true,
                                                            "Relation Name": "movie_keyword",
                                                            "Alias": "mk",
                                                            "Startup Cost": 0.0,
                                                            "Total Cost": 39047.32,
                                                            "Plan Rows": 1459332,
                                                            "Plan Width": 8,
                                                            "Actual Startup Time": 0.02,
                                                            "Actual Total Time": 107.372,
                                                            "Actual Rows": 753988,
                                                            "Actual Loops": 6
                                                          },
                                                          {
                                                            "Node Type": "Hash",
                                                            "Parent Relationship": "Inner",
                                                            "Parallel Aware": true,
                                                            "Startup Cost": 391274.12,
                                                            "Total Cost": 391274.12,
                                                            "Plan Rows": 523492,
                                                            "Plan Width": 16,
                                                            "Actual Startup Time": 1634.163,
                                                            "Actual Total Time": 1642.548,
                                                            "Actual Rows": 259539,
                                                            "Actual Loops": 6,
                                                            "Hash Buckets": 4194304,
                                                            "Original Hash Buckets": 4194304,
                                                            "Hash Batches": 1,
                                                            "Original Hash Batches": 1,
                                                            "Peak Memory Usage": 105920,
                                                            "Plans": [
                                                              {
                                                                "Node Type": "Hash Join",
                                                                "Parent Relationship": "Outer",
                                                                "Parallel Aware": true,
                                                                "Join Type": "Inner",
                                                                "Startup Cost": 37727.23,
                                                                "Total Cost": 391274.12,
                                                                "Plan Rows": 523492,
                                                                "Plan Width": 16,
                                                                "Actual Startup Time": 424.197,
                                                                "Actual Total Time": 1486.295,
                                                                "Actual Rows": 259539,
                                                                "Actual Loops": 6,
                                                                "Inner Unique": false,
                                                                "Hash Cond": "(ci.movie_id = mc.movie_id)",
                                                                "Plans": [
                                                                  {
                                                                    "Node Type": "Seq Scan",
                                                                    "Parent Relationship": "Outer",
                                                                    "Parallel Aware": true,
                                                                    "Relation Name": "cast_info",
                                                                    "Alias": "ci",
                                                                    "Startup Cost": 0.0,
                                                                    "Total Cost": 350885.27,
                                                                    "Plan Rows": 194584,
                                                                    "Plan Width": 8,
                                                                    "Actual Startup Time": 122.623,
                                                                    "Actual Total Time": 1031.782,
                                                                    "Actual Rows": 207453,
                                                                    "Actual Loops": 6,
                                                                    "Filter": "(note = ANY ('{(writer),\"(head writer)\",\"(written by)\",(story),\"(story editor)\"}'::text[]))",
                                                                    "Rows Removed by Filter": 5833271
                                                                  },
                                                                  {
                                                                    "Node Type": "Hash",
                                                                    "Parent Relationship": "Inner",
                                                                    "Parallel Aware": true,
                                                                    "Startup Cost": 27206.55,
                                                                    "Total Cost": 27206.55,
                                                                    "Plan Rows": 841655,
                                                                    "Plan Width": 8,
                                                                    "Actual Startup Time": 284.023,
                                                                    "Actual Total Time": 284.024,
                                                                    "Actual Rows": 434855,
                                                                    "Actual Loops": 6,
                                                                    "Hash Buckets": 4194304,
                                                                    "Original Hash Buckets": 4194304,
                                                                    "Hash Batches": 1,
                                                                    "Original Hash Batches": 1,
                                                                    "Peak Memory Usage": 134880,
                                                                    "Plans": [
                                                                      {
                                                                        "Node Type": "Seq Scan",
                                                                        "Parent Relationship": "Outer",
                                                                        "Parallel Aware": true,
                                                                        "Relation Name": "movie_companies",
                                                                        "Alias": "mc",
                                                                        "Startup Cost": 0.0,
                                                                        "Total Cost": 27206.55,
                                                                        "Plan Rows": 841655,
                                                                        "Plan Width": 8,
                                                                        "Actual Startup Time": 0.068,
                                                                        "Actual Total Time": 85.179,
                                                                        "Actual Rows": 434855,
                                                                        "Actual Loops": 6
                                                                      }
                                                                    ]
                                                                  }
                                                                ]
                                                              }
                                                            ]
                                                          }
                                                        ]
                                                      }
                                                    ]
                                                  }
                                                ]
                                              },
                                              {
                                                "Node Type": "Hash",
                                                "Parent Relationship": "Inner",
                                                "Parallel Aware": true,
                                                "Startup Cost": 42319.27,
                                                "Total Cost": 42319.27,
                                                "Plan Rows": 632127,
                                                "Plan Width": 21,
                                                "Actual Startup Time": 411.598,
                                                "Actual Total Time": 411.599,
                                                "Actual Rows": 421385,
                                                "Actual Loops": 6,
                                                "Hash Buckets": 4194304,
                                                "Original Hash Buckets": 4194304,
                                                "Hash Batches": 1,
                                                "Original Hash Batches": 1,
                                                "Peak Memory Usage": 174848,
                                                "Plans": [
                                                  {
                                                    "Node Type": "Seq Scan",
                                                    "Parent Relationship": "Outer",
                                                    "Parallel Aware": true,
                                                    "Relation Name": "title",
                                                    "Alias": "t",
                                                    "Startup Cost": 0.0,
                                                    "Total Cost": 42319.27,
                                                    "Plan Rows": 632127,
                                                    "Plan Width": 21,
                                                    "Actual Startup Time": 0.038,
                                                    "Actual Total Time": 114.594,
                                                    "Actual Rows": 421385,
                                                    "Actual Loops": 6
                                                  }
                                                ]
                                              }
                                            ]
                                          }
                                        ]
                                      }
                                    ]
                                  },
                                  {
                                    "Node Type": "Hash",
                                    "Parent Relationship": "Inner",
                                    "Parallel Aware": true,
                                    "Startup Cost": 66031.44,
                                    "Total Cost": 66031.44,
                                    "Plan Rows": 1041844,
                                    "Plan Width": 19,
                                    "Actual Startup Time": 617.066,
                                    "Actual Total Time": 617.067,
                                    "Actual Rows": 694582,
                                    "Actual Loops": 6,
                                    "Hash Buckets": 4194304,
                                    "Original Hash Buckets": 4194304,
                                    "Hash Batches": 1,
                                    "Original Hash Batches": 1,
                                    "Peak Memory Usage": 259040,
                                    "Plans": [
                                      {
                                        "Node Type": "Seq Scan",
                                        "Parent Relationship": "Outer",
                                        "Parallel Aware": true,
                                        "Relation Name": "name",
                                        "Alias": "n",
                                        "Startup Cost": 0.0,
                                        "Total Cost": 66031.44,
                                        "Plan Rows": 1041844,
                                        "Plan Width": 19,
                                        "Actual Startup Time": 0.067,
                                        "Actual Total Time": 174.088,
                                        "Actual Rows": 694582,
                                        "Actual Loops": 6
                                      }
                                    ]
                                  }
                                ]
                              }
                            ]
                          }
                        ]
                      }
                    ]
                  },
                  {
                    "Node Type": "Hash",
                    "Parent Relationship": "Inner",
                    "Parallel Aware": false,
                    "Startup Cost": 21735.35,
                    "Total Cost": 21735.35,
                    "Plan Rows": 1380035,
                    "Plan Width": 14,
                    "Actual Startup Time": 621.824,
                    "Actual Total Time": 621.825,
                    "Actual Rows": 1380035,
                    "Actual Loops": 1,
                    "Hash Buckets": 2097152,
                    "Original Hash Buckets": 2097152,
                    "Hash Batches": 1,
                    "Original Hash Batches": 1,
                    "Peak Memory Usage": 79357,
                    "Plans": [
                      {
                        "Node Type": "Seq Scan",
                        "Parent Relationship": "Outer",
                        "Parallel Aware": false,
                        "Relation Name": "movie_info_idx",
                        "Alias": "mi_idx",
                        "Startup Cost": 0.0,
                        "Total Cost": 21735.35,
                        "Plan Rows": 1380035,
                        "Plan Width": 14,
                        "Actual Startup Time": 0.047,
                        "Actual Total Time": 236.054,
                        "Actual Rows": 1380035,
                        "Actual Loops": 1
                      }
                    ]
                  }
                ]
              },
              {
                "Node Type": "Hash",
                "Parent Relationship": "Inner",
                "Parallel Aware": false,
                "Startup Cost": 2.41,
                "Total Cost": 2.41,
                "Plan Rows": 1,
                "Plan Width": 4,
                "Actual Startup Time": 0.046,
                "Actual Total Time": 0.047,
                "Actual Rows": 1,
                "Actual Loops": 1,
                "Hash Buckets": 1024,
                "Original Hash Buckets": 1024,
                "Hash Batches": 1,
                "Original Hash Batches": 1,
                "Peak Memory Usage": 9,
                "Plans": [
                  {
                    "Node Type": "Seq Scan",
                    "Parent Relationship": "Outer",
                    "Parallel Aware": false,
                    "Relation Name": "info_type",
                    "Alias": "it2",
                    "Startup Cost": 0.0,
                    "Total Cost": 2.41,
                    "Plan Rows": 1,
                    "Plan Width": 4,
                    "Actual Startup Time": 0.038,
                    "Actual Total Time": 0.04,
                    "Actual Rows": 1,
                    "Actual Loops": 1,
                    "Filter": "((info)::text = 'votes'::text)",
                    "Rows Removed by Filter": 112
                  }
                ]
              }
            ]
          },
          {
            "Node Type": "Hash",
            "Parent Relationship": "Inner",
            "Parallel Aware": false,
            "Startup Cost": 3464.69,
            "Total Cost": 3464.69,
            "Plan Rows": 7,
            "Plan Width": 4,
            "Actual Startup Time": 34.139,
            "Actual Total Time": 34.14,
            "Actual Rows": 7,
            "Actual Loops": 1,
            "Hash Buckets": 1024,
            "Original Hash Buckets": 1024,
            "Hash Batches": 1,
            "Original Hash Batches": 1,
            "Peak Memory Usage": 9,
            "Plans": [
              {
                "Node Type": "Seq Scan",
                "Parent Relationship": "Outer",
                "Parallel Aware": false,
                "Relation Name": "keyword",
                "Alias": "k",
                "Startup Cost": 0.0,
                "Total Cost": 3464.69,
                "Plan Rows": 7,
                "Plan Width": 4,
                "Actual Startup Time": 1.055,
                "Actual Total Time": 34.127,
                "Actual Rows": 7,
                "Actual Loops": 1,
                "Filter": "(keyword = ANY ('{murder,violence,blood,gore,death,female-nudity,hospital}'::text[]))",
                "Rows Removed by Filter": 134163
              }
            ]
          }
        ]
      }
    ]
  },
  "Planning Time": 53.901,
  "Triggers": [],
  "Execution Time": 8576.648
}