[
  {
    "Plan": {
      "Node Type": "Aggregate",
      "Strategy": "Plain",
      "Partial Mode": "Finalize",
      "Parallel Aware": false,
      "Startup Cost": 31422.98,
      "Total Cost": 31422.99,
      "Plan Rows": 1,
      "Plan Width": 8,
      "Actual Startup Time": 107.492,
      "Actual Total Time": 115.403,
      "Actual Rows": 1,
      "Actual Loops": 1,
      "Plans": [
        {
          "Node Type": "Gather",
          "Parent Relationship": "Outer",
          "Parallel Aware": false,
          "Startup Cost": 31422.66,
          "Total Cost": 31422.97,
          "Plan Rows": 3,
          "Plan Width": 8,
          "Actual Startup Time": 107.385,
          "Actual Total Time": 115.395,
          "Actual Rows": 4,
          "Actual Loops": 1,
          "Workers Planned": 3,
          "Workers Launched": 3,
          "Single Copy": false,
          "Plans": [
            {
              "Node Type": "Aggregate",
              "Strategy": "Plain",
              "Partial Mode": "Partial",
              "Parent Relationship": "Outer",
              "Parallel Aware": false,
              "Startup Cost": 30422.66,
              "Total Cost": 30422.67,
              "Plan Rows": 1,
              "Plan Width": 8,
              "Actual Startup Time": 100.258,
              "Actual Total Time": 100.259,
              "Actual Rows": 1,
              "Actual Loops": 4,
              "Plans": [
                {
                  "Node Type": "Seq Scan",
                  "Parent Relationship": "Outer",
                  "Parallel Aware": true,
                  "Relation Name": "movie_companies",
                  "Alias": "mc",
                  "Startup Cost": 0.0,
                  "Total Cost": 29310.68,
                  "Plan Rows": 444792,
                  "Plan Width": 0,
                  "Actual Startup Time": 0.042,
                  "Actual Total Time": 80.958,
                  "Actual Rows": 344378,
                  "Actual Loops": 4,
                  "Filter": "(company_id < 11873)",
                  "Rows Removed by Filter": 307904
                }
              ]
            }
          ]
        }
      ]
    },
    "Planning Time": 0.197,
    "Triggers": [],
    "Execution Time": 115.46
  }
]