[
  {
    "Plan": {
      "Node Type": "Aggregate",
      "Strategy": "Plain",
      "Partial Mode": "Finalize",
      "Parallel Aware": false,
      "Startup Cost": 46881.05,
      "Total Cost": 46881.06,
      "Plan Rows": 1,
      "Plan Width": 8,
      "Actual Startup Time": 178.521,
      "Actual Total Time": 187.264,
      "Actual Rows": 1,
      "Actual Loops": 1,
      "Plans": [
        {
          "Node Type": "Gather",
          "Parent Relationship": "Outer",
          "Parallel Aware": false,
          "Startup Cost": 46880.74,
          "Total Cost": 46881.05,
          "Plan Rows": 3,
          "Plan Width": 8,
          "Actual Startup Time": 178.361,
          "Actual Total Time": 187.253,
          "Actual Rows": 4,
          "Actual Loops": 1,
          "Workers Planned": 3,
          "Workers Launched": 3,
          "Single Copy": false,
          "Plans": [
            {
              "Node Type": "Aggregate",
              "Strategy": "Plain",
              "Partial Mode": "Partial",
              "Parent Relationship": "Outer",
              "Parallel Aware": false,
              "Startup Cost": 45880.74,
              "Total Cost": 45880.75,
              "Plan Rows": 1,
              "Plan Width": 8,
              "Actual Startup Time": 172.169,
              "Actual Total Time": 172.171,
              "Actual Rows": 1,
              "Actual Loops": 4,
              "Plans": [
                {
                  "Node Type": "Seq Scan",
                  "Parent Relationship": "Outer",
                  "Parallel Aware": true,
                  "Relation Name": "movie_keyword",
                  "Alias": "mk",
                  "Startup Cost": 0.0,
                  "Total Cost": 42695.65,
                  "Plan Rows": 1274033,
                  "Plan Width": 0,
                  "Actual Startup Time": 0.051,
                  "Actual Total Time": 125.599,
                  "Actual Rows": 990350,
                  "Actual Loops": 4,
                  "Filter": "(keyword_id < 32636)",
                  "Rows Removed by Filter": 140632
                }
              ]
            }
          ]
        }
      ]
    },
    "Planning Time": 0.159,
    "Triggers": [],
    "Execution Time": 187.313
  }
]