[
    {
        "Bao": {
            "Bao prediction": 1310.485,
            "Bao recommended hint": "(no hint)"
        }
    },
    {
        "Plan": {
            "Node Type": "Aggregate",
            "Strategy": "Plain",
            "Partial Mode": "Finalize",
            "Parallel Aware": false,
            "Startup Cost": 557702.82,
            "Total Cost": 557702.83,
            "Plan Rows": 1,
            "Plan Width": 8,
            "Actual Startup Time": 1522.079,
            "Actual Total Time": 1555.112,
            "Actual Rows": 1,
            "Actual Loops": 1,
            "Output": [
                "count(*)"
            ],
            "Plans": [
                {
                    "Node Type": "Gather",
                    "Parent Relationship": "Outer",
                    "Parallel Aware": false,
                    "Startup Cost": 557702.3,
                    "Total Cost": 557702.81,
                    "Plan Rows": 5,
                    "Plan Width": 8,
                    "Actual Startup Time": 1503.931,
                    "Actual Total Time": 1555.1,
                    "Actual Rows": 6,
                    "Actual Loops": 1,
                    "Output": [
                        "(PARTIAL count(*))"
                    ],
                    "Workers Planned": 5,
                    "Workers Launched": 5,
                    "Single Copy": false,
                    "Plans": [
                        {
                            "Node Type": "Aggregate",
                            "Strategy": "Plain",
                            "Partial Mode": "Partial",
                            "Parent Relationship": "Outer",
                            "Parallel Aware": false,
                            "Startup Cost": 556702.3,
                            "Total Cost": 556702.31,
                            "Plan Rows": 1,
                            "Plan Width": 8,
                            "Actual Startup Time": 1489.414,
                            "Actual Total Time": 1489.728,
                            "Actual Rows": 1,
                            "Actual Loops": 6,
                            "Output": [
                                "PARTIAL count(*)"
                            ],
                            "Workers": [
                                {
                                    "Worker Number": 0,
                                    "Actual Startup Time": 1486.258,
                                    "Actual Total Time": 1486.263,
                                    "Actual Rows": 1,
                                    "Actual Loops": 1
                                },
                                {
                                    "Worker Number": 1,
                                    "Actual Startup Time": 1486.429,
                                    "Actual Total Time": 1486.434,
                                    "Actual Rows": 1,
                                    "Actual Loops": 1
                                },
                                {
                                    "Worker Number": 2,
                                    "Actual Startup Time": 1486.454,
                                    "Actual Total Time": 1486.46,
                                    "Actual Rows": 1,
                                    "Actual Loops": 1
                                },
                                {
                                    "Worker Number": 3,
                                    "Actual Startup Time": 1486.49,
                                    "Actual Total Time": 1486.494,
                                    "Actual Rows": 1,
                                    "Actual Loops": 1
                                },
                                {
                                    "Worker Number": 4,
                                    "Actual Startup Time": 1487.927,
                                    "Actual Total Time": 1487.932,
                                    "Actual Rows": 1,
                                    "Actual Loops": 1
                                }
                            ],
                            "Plans": [
                                {
                                    "Node Type": "Hash Join",
                                    "Parent Relationship": "Outer",
                                    "Parallel Aware": true,
                                    "Join Type": "Inner",
                                    "Startup Cost": 347361.99,
                                    "Total Cost": 554684.86,
                                    "Plan Rows": 806976,
                                    "Plan Width": 0,
                                    "Actual Startup Time": 652.965,
                                    "Actual Total Time": 1438.898,
                                    "Actual Rows": 818302,
                                    "Actual Loops": 6,
                                    "Inner Unique": false,
                                    "Hash Cond": "(mi.movie_id = t.id)",
                                    "Workers": [
                                        {
                                            "Worker Number": 0,
                                            "Actual Startup Time": 650.019,
                                            "Actual Total Time": 1436.172,
                                            "Actual Rows": 731199,
                                            "Actual Loops": 1
                                        },
                                        {
                                            "Worker Number": 1,
                                            "Actual Startup Time": 650.188,
                                            "Actual Total Time": 1434.293,
                                            "Actual Rows": 762253,
                                            "Actual Loops": 1
                                        },
                                        {
                                            "Worker Number": 2,
                                            "Actual Startup Time": 650.219,
                                            "Actual Total Time": 1434.671,
                                            "Actual Rows": 756508,
                                            "Actual Loops": 1
                                        },
                                        {
                                            "Worker Number": 3,
                                            "Actual Startup Time": 650.273,
                                            "Actual Total Time": 1433.81,
                                            "Actual Rows": 770605,
                                            "Actual Loops": 1
                                        },
                                        {
                                            "Worker Number": 4,
                                            "Actual Startup Time": 650.385,
                                            "Actual Total Time": 1436.463,
                                            "Actual Rows": 751753,
                                            "Actual Loops": 1
                                        }
                                    ],
                                    "Plans": [
                                        {
                                            "Node Type": "Seq Scan",
                                            "Parent Relationship": "Outer",
                                            "Parallel Aware": true,
                                            "Relation Name": "movie_info",
                                            "Schema": "public",
                                            "Alias": "mi",
                                            "Startup Cost": 0.0,
                                            "Total Cost": 198880.74,
                                            "Plan Rows": 1892579,
                                            "Plan Width": 4,
                                            "Actual Startup Time": 18.354,
                                            "Actual Total Time": 384.627,
                                            "Actual Rows": 1570867,
                                            "Actual Loops": 6,
                                            "Output": [
                                                "mi.id",
                                                "mi.movie_id",
                                                "mi.info_type_id",
                                                "mi.info",
                                                "mi.note"
                                            ],
                                            "Filter": "(mi.info_type_id > 5)",
                                            "Rows Removed by Filter": 901753,
                                            "Workers": [
                                                {
                                                    "Worker Number": 0,
                                                    "Actual Startup Time": 18.363,
                                                    "Actual Total Time": 394.928,
                                                    "Actual Rows": 1361635,
                                                    "Actual Loops": 1
                                                },
                                                {
                                                    "Worker Number": 1,
                                                    "Actual Startup Time": 18.291,
                                                    "Actual Total Time": 394.478,
                                                    "Actual Rows": 1445492,
                                                    "Actual Loops": 1
                                                },
                                                {
                                                    "Worker Number": 2,
                                                    "Actual Startup Time": 18.356,
                                                    "Actual Total Time": 395.269,
                                                    "Actual Rows": 1451162,
                                                    "Actual Loops": 1
                                                },
                                                {
                                                    "Worker Number": 3,
                                                    "Actual Startup Time": 18.362,
                                                    "Actual Total Time": 394.019,
                                                    "Actual Rows": 1444195,
                                                    "Actual Loops": 1
                                                },
                                                {
                                                    "Worker Number": 4,
                                                    "Actual Startup Time": 18.377,
                                                    "Actual Total Time": 395.677,
                                                    "Actual Rows": 1437144,
                                                    "Actual Loops": 1
                                                }
                                            ]
                                        },
                                        {
                                            "Node Type": "Hash",
                                            "Parent Relationship": "Inner",
                                            "Parallel Aware": true,
                                            "Startup Cost": 345116.05,
                                            "Total Cost": 345116.05,
                                            "Plan Rows": 179675,
                                            "Plan Width": 8,
                                            "Actual Startup Time": 629.217,
                                            "Actual Total Time": 629.529,
                                            "Actual Rows": 202198,
                                            "Actual Loops": 6,
                                            "Output": [
                                                "t.id",
                                                "ci.movie_id"
                                            ],
                                            "Hash Buckets": 2097152,
                                            "Original Hash Buckets": 2097152,
                                            "Hash Batches": 1,
                                            "Original Hash Batches": 1,
                                            "Peak Memory Usage": 63936,
                                            "Workers": [
                                                {
                                                    "Worker Number": 0,
                                                    "Actual Startup Time": 631.227,
                                                    "Actual Total Time": 631.23,
                                                    "Actual Rows": 170795,
                                                    "Actual Loops": 1
                                                },
                                                {
                                                    "Worker Number": 1,
                                                    "Actual Startup Time": 631.292,
                                                    "Actual Total Time": 631.296,
                                                    "Actual Rows": 202980,
                                                    "Actual Loops": 1
                                                },
                                                {
                                                    "Worker Number": 2,
                                                    "Actual Startup Time": 631.389,
                                                    "Actual Total Time": 631.393,
                                                    "Actual Rows": 193595,
                                                    "Actual Loops": 1
                                                },
                                                {
                                                    "Worker Number": 3,
                                                    "Actual Startup Time": 631.463,
                                                    "Actual Total Time": 631.466,
                                                    "Actual Rows": 192695,
                                                    "Actual Loops": 1
                                                },
                                                {
                                                    "Worker Number": 4,
                                                    "Actual Startup Time": 631.404,
                                                    "Actual Total Time": 631.407,
                                                    "Actual Rows": 192569,
                                                    "Actual Loops": 1
                                                }
                                            ],
                                            "Plans": [
                                                {
                                                    "Node Type": "Hash Join",
                                                    "Parent Relationship": "Outer",
                                                    "Parallel Aware": true,
                                                    "Join Type": "Inner",
                                                    "Startup Cost": 87946.56,
                                                    "Total Cost": 345116.05,
                                                    "Plan Rows": 179675,
                                                    "Plan Width": 8,
                                                    "Actual Startup Time": 323.505,
                                                    "Actual Total Time": 534.744,
                                                    "Actual Rows": 202198,
                                                    "Actual Loops": 6,
                                                    "Output": [
                                                        "t.id",
                                                        "ci.movie_id"
                                                    ],
                                                    "Inner Unique": true,
                                                    "Hash Cond": "(ci.movie_id = t.id)",
                                                    "Workers": [
                                                        {
                                                            "Worker Number": 0,
                                                            "Actual Startup Time": 323.414,
                                                            "Actual Total Time": 533.89,
                                                            "Actual Rows": 170795,
                                                            "Actual Loops": 1
                                                        },
                                                        {
                                                            "Worker Number": 1,
                                                            "Actual Startup Time": 323.154,
                                                            "Actual Total Time": 535.873,
                                                            "Actual Rows": 202980,
                                                            "Actual Loops": 1
                                                        },
                                                        {
                                                            "Worker Number": 2,
                                                            "Actual Startup Time": 323.796,
                                                            "Actual Total Time": 534.321,
                                                            "Actual Rows": 193595,
                                                            "Actual Loops": 1
                                                        },
                                                        {
                                                            "Worker Number": 3,
                                                            "Actual Startup Time": 323.658,
                                                            "Actual Total Time": 534.188,
                                                            "Actual Rows": 192695,
                                                            "Actual Loops": 1
                                                        },
                                                        {
                                                            "Worker Number": 4,
                                                            "Actual Startup Time": 323.38,
                                                            "Actual Total Time": 534.265,
                                                            "Actual Rows": 192569,
                                                            "Actual Loops": 1
                                                        }
                                                    ],
                                                    "Plans": [
                                                        {
                                                            "Node Type": "Bitmap Heap Scan",
                                                            "Parent Relationship": "Outer",
                                                            "Parallel Aware": true,
                                                            "Relation Name": "cast_info",
                                                            "Schema": "public",
                                                            "Alias": "ci",
                                                            "Startup Cost": 39257.44,
                                                            "Total Cost": 295648.98,
                                                            "Plan Rows": 296363,
                                                            "Plan Width": 4,
                                                            "Actual Startup Time": 115.497,
                                                            "Actual Total Time": 184.186,
                                                            "Actual Rows": 314026,
                                                            "Actual Loops": 6,
                                                            "Output": [
                                                                "ci.id",
                                                                "ci.person_id",
                                                                "ci.movie_id",
                                                                "ci.person_role_id",
                                                                "ci.note",
                                                                "ci.nr_order",
                                                                "ci.role_id"
                                                            ],
                                                            "Recheck Cond": "(ci.person_id > 3690841)",
                                                            "Rows Removed by Index Recheck": 0,
                                                            "Exact Heap Blocks": 5969,
                                                            "Lossy Heap Blocks": 0,
                                                            "Workers": [
                                                                {
                                                                    "Worker Number": 0,
                                                                    "Actual Startup Time": 115.467,
                                                                    "Actual Total Time": 189.151,
                                                                    "Actual Rows": 266023,
                                                                    "Actual Loops": 1
                                                                },
                                                                {
                                                                    "Worker Number": 1,
                                                                    "Actual Startup Time": 115.317,
                                                                    "Actual Total Time": 185.864,
                                                                    "Actual Rows": 313295,
                                                                    "Actual Loops": 1
                                                                },
                                                                {
                                                                    "Worker Number": 2,
                                                                    "Actual Startup Time": 115.517,
                                                                    "Actual Total Time": 185.756,
                                                                    "Actual Rows": 300517,
                                                                    "Actual Loops": 1
                                                                },
                                                                {
                                                                    "Worker Number": 3,
                                                                    "Actual Startup Time": 115.692,
                                                                    "Actual Total Time": 186.114,
                                                                    "Actual Rows": 300593,
                                                                    "Actual Loops": 1
                                                                },
                                                                {
                                                                    "Worker Number": 4,
                                                                    "Actual Startup Time": 115.425,
                                                                    "Actual Total Time": 185.828,
                                                                    "Actual Rows": 297500,
                                                                    "Actual Loops": 1
                                                                }
                                                            ],
                                                            "Plans": [
                                                                {
                                                                    "Node Type": "Bitmap Index Scan",
                                                                    "Parent Relationship": "Outer",
                                                                    "Parallel Aware": false,
                                                                    "Index Name": "person_id_cast_info",
                                                                    "Startup Cost": 0.0,
                                                                    "Total Cost": 38812.9,
                                                                    "Plan Rows": 1778178,
                                                                    "Plan Width": 0,
                                                                    "Actual Startup Time": 108.363,
                                                                    "Actual Total Time": 108.363,
                                                                    "Actual Rows": 1884154,
                                                                    "Actual Loops": 1,
                                                                    "Index Cond": "(ci.person_id > 3690841)",
                                                                    "Workers": [
                                                                        {
                                                                            "Worker Number": 1,
                                                                            "Actual Startup Time": 108.363,
                                                                            "Actual Total Time": 108.363,
                                                                            "Actual Rows": 1884154,
                                                                            "Actual Loops": 1
                                                                        }
                                                                    ]
                                                                }
                                                            ]
                                                        },
                                                        {
                                                            "Node Type": "Hash",
                                                            "Parent Relationship": "Inner",
                                                            "Parallel Aware": true,
                                                            "Startup Cost": 43899.01,
                                                            "Total Cost": 43899.01,
                                                            "Plan Rows": 383209,
                                                            "Plan Width": 4,
                                                            "Actual Startup Time": 205.229,
                                                            "Actual Total Time": 205.23,
                                                            "Actual Rows": 257211,
                                                            "Actual Loops": 6,
                                                            "Output": [
                                                                "t.id"
                                                            ],
                                                            "Hash Buckets": 2097152,
                                                            "Original Hash Buckets": 2097152,
                                                            "Hash Batches": 1,
                                                            "Original Hash Batches": 1,
                                                            "Peak Memory Usage": 76832,
                                                            "Workers": [
                                                                {
                                                                    "Worker Number": 0,
                                                                    "Actual Startup Time": 207.716,
                                                                    "Actual Total Time": 207.716,
                                                                    "Actual Rows": 265621,
                                                                    "Actual Loops": 1
                                                                },
                                                                {
                                                                    "Worker Number": 1,
                                                                    "Actual Startup Time": 207.717,
                                                                    "Actual Total Time": 207.718,
                                                                    "Actual Rows": 223882,
                                                                    "Actual Loops": 1
                                                                },
                                                                {
                                                                    "Worker Number": 2,
                                                                    "Actual Startup Time": 207.714,
                                                                    "Actual Total Time": 207.716,
                                                                    "Actual Rows": 222195,
                                                                    "Actual Loops": 1
                                                                },
                                                                {
                                                                    "Worker Number": 3,
                                                                    "Actual Startup Time": 207.666,
                                                                    "Actual Total Time": 207.667,
                                                                    "Actual Rows": 221606,
                                                                    "Actual Loops": 1
                                                                },
                                                                {
                                                                    "Worker Number": 4,
                                                                    "Actual Startup Time": 207.656,
                                                                    "Actual Total Time": 207.657,
                                                                    "Actual Rows": 221855,
                                                                    "Actual Loops": 1
                                                                }
                                                            ],
                                                            "Plans": [
                                                                {
                                                                    "Node Type": "Seq Scan",
                                                                    "Parent Relationship": "Outer",
                                                                    "Parallel Aware": true,
                                                                    "Relation Name": "title",
                                                                    "Schema": "public",
                                                                    "Alias": "t",
                                                                    "Startup Cost": 0.0,
                                                                    "Total Cost": 43899.01,
                                                                    "Plan Rows": 383209,
                                                                    "Plan Width": 4,
                                                                    "Actual Startup Time": 0.043,
                                                                    "Actual Total Time": 87.027,
                                                                    "Actual Rows": 257211,
                                                                    "Actual Loops": 6,
                                                                    "Output": [
                                                                        "t.id"
                                                                    ],
                                                                    "Filter": "(t.kind_id = 7)",
                                                                    "Rows Removed by Filter": 164175,
                                                                    "Workers": [
                                                                        {
                                                                            "Worker Number": 0,
                                                                            "Actual Startup Time": 0.039,
                                                                            "Actual Total Time": 83.169,
                                                                            "Actual Rows": 265621,
                                                                            "Actual Loops": 1
                                                                        },
                                                                        {
                                                                            "Worker Number": 1,
                                                                            "Actual Startup Time": 0.064,
                                                                            "Actual Total Time": 90.583,
                                                                            "Actual Rows": 223882,
                                                                            "Actual Loops": 1
                                                                        },
                                                                        {
                                                                            "Worker Number": 2,
                                                                            "Actual Startup Time": 0.039,
                                                                            "Actual Total Time": 90.183,
                                                                            "Actual Rows": 222195,
                                                                            "Actual Loops": 1
                                                                        },
                                                                        {
                                                                            "Worker Number": 3,
                                                                            "Actual Startup Time": 0.038,
                                                                            "Actual Total Time": 90.363,
                                                                            "Actual Rows": 221606,
                                                                            "Actual Loops": 1
                                                                        },
                                                                        {
                                                                            "Worker Number": 4,
                                                                            "Actual Startup Time": 0.067,
                                                                            "Actual Total Time": 90.257,
                                                                            "Actual Rows": 221855,
                                                                            "Actual Loops": 1
                                                                        }
                                                                    ]
                                                                }
                                                            ]
                                                        }
                                                    ]
                                                }
                                            ]
                                        }
                                    ]
                                }
                            ]
                        }
                    ]
                }
            ]
        },
        "Planning Time": 935.305,
        "Triggers": [],
        "Execution Time": 1555.263
    }
]