{
  "Plan": {
    "Node Type": "Aggregate",
    "Strategy": "Plain",
    "Partial Mode": "Finalize",
    "Parallel Aware": false,
    "Startup Cost": 104147.75,
    "Total Cost": 104147.76,
    "Plan Rows": 1,
    "Plan Width": 8,
    "Actual Startup Time": 575.637,
    "Actual Total Time": 589.082,
    "Actual Rows": 1,
    "Actual Loops": 1,
    "Plans": [
      {
        "Node Type": "Gather",
        "Parent Relationship": "Outer",
        "Parallel Aware": false,
        "Startup Cost": 104147.63,
        "Total Cost": 104147.74,
        "Plan Rows": 1,
        "Plan Width": 8,
        "Actual Startup Time": 571.801,
        "Actual Total Time": 589.074,
        "Actual Rows": 2,
        "Actual Loops": 1,
        "Workers Planned": 1,
        "Workers Launched": 1,
        "Single Copy": false,
        "Plans": [
          {
            "Node Type": "Aggregate",
            "Strategy": "Plain",
            "Partial Mode": "Partial",
            "Parent Relationship": "Outer",
            "Parallel Aware": false,
            "Startup Cost": 103147.63,
            "Total Cost": 103147.64,
            "Plan Rows": 1,
            "Plan Width": 8,
            "Actual Startup Time": 566.09,
            "Actual Total Time": 566.094,
            "Actual Rows": 1,
            "Actual Loops": 2,
            "Plans": [
              {
                "Node Type": "Hash Join",
                "Parent Relationship": "Outer",
                "Parallel Aware": true,
                "Join Type": "Inner",
                "Startup Cost": 75513.63,
                "Total Cost": 102791.31,
                "Plan Rows": 142531,
                "Plan Width": 0,
                "Actual Startup Time": 441.805,
                "Actual Total Time": 560.119,
                "Actual Rows": 110909,
                "Actual Loops": 2,
                "Inner Unique": true,
                "Hash Cond": "(mk.movie_id = t.id)",
                "Plans": [
                  {
                    "Node Type": "Bitmap Heap Scan",
                    "Parent Relationship": "Outer",
                    "Parallel Aware": true,
                    "Relation Name": "movie_keyword",
                    "Alias": "mk",
                    "Startup Cost": 6732.07,
                    "Total Cost": 33519.68,
                    "Plan Rows": 186689,
                    "Plan Width": 4,
                    "Actual Startup Time": 25.638,
                    "Actual Total Time": 82.427,
                    "Actual Rows": 167071,
                    "Actual Loops": 2,
                    "Recheck Cond": "(keyword_id < 275)",
                    "Rows Removed by Index Recheck": 0,
                    "Exact Heap Blocks": 13778,
                    "Lossy Heap Blocks": 0,
                    "Plans": [
                      {
                        "Node Type": "Bitmap Index Scan",
                        "Parent Relationship": "Outer",
                        "Parallel Aware": false,
                        "Index Name": "keyword_id_movie_keyword",
                        "Startup Cost": 0.0,
                        "Total Cost": 6652.72,
                        "Plan Rows": 317372,
                        "Plan Width": 0,
                        "Actual Startup Time": 22.037,
                        "Actual Total Time": 22.037,
                        "Actual Rows": 334142,
                        "Actual Loops": 1,
                        "Index Cond": "(keyword_id < 275)"
                      }
                    ]
                  },
                  {
                    "Node Type": "Hash",
                    "Parent Relationship": "Inner",
                    "Parallel Aware": true,
                    "Startup Cost": 54588.39,
                    "Total Cost": 54588.39,
                    "Plan Rows": 1135454,
                    "Plan Width": 4,
                    "Actual Startup Time": 404.02,
                    "Actual Total Time": 404.021,
                    "Actual Rows": 959014,
                    "Actual Loops": 2,
                    "Hash Buckets": 2097152,
                    "Original Hash Buckets": 2097152,
                    "Hash Batches": 1,
                    "Original Hash Batches": 1,
                    "Peak Memory Usage": 91456,
                    "Plans": [
                      {
                        "Node Type": "Seq Scan",
                        "Parent Relationship": "Outer",
                        "Parallel Aware": true,
                        "Relation Name": "title",
                        "Alias": "t",
                        "Startup Cost": 0.0,
                        "Total Cost": 54588.39,
                        "Plan Rows": 1135454,
                        "Plan Width": 4,
                        "Actual Startup Time": 0.027,
                        "Actual Total Time": 170.79,
                        "Actual Rows": 959014,
                        "Actual Loops": 2,
                        "Filter": "(production_year > 1981)",
                        "Rows Removed by Filter": 305142
                      }
                    ]
                  }
                ]
              }
            ]
          }
        ]
      }
    ]
  },
  "Planning Time": 0.404,
  "Triggers": [],
  "Execution Time": 589.142
}