[
  {
    "Plan": {
      "Node Type": "Aggregate",
      "Strategy": "Plain",
      "Partial Mode": "Simple",
      "Parallel Aware": false,
      "Startup Cost": 20729.82,
      "Total Cost": 20729.83,
      "Plan Rows": 1,
      "Plan Width": 8,
      "Actual Startup Time": 29.871,
      "Actual Total Time": 29.873,
      "Actual Rows": 1,
      "Actual Loops": 1,
      "Plans": [
        {
          "Node Type": "Bitmap Heap Scan",
          "Parent Relationship": "Outer",
          "Parallel Aware": false,
          "Relation Name": "movie_companies",
          "Alias": "mc",
          "Startup Cost": 604.12,
          "Total Cost": 20660.25,
          "Plan Rows": 27831,
          "Plan Width": 0,
          "Actual Startup Time": 8.918,
          "Actual Total Time": 27.385,
          "Actual Rows": 27303,
          "Actual Loops": 1,
          "Recheck Cond": "(company_id = 27)",
          "Rows Removed by Index Recheck": 0,
          "Exact Heap Blocks": 7072,
          "Lossy Heap Blocks": 0,
          "Plans": [
            {
              "Node Type": "Bitmap Index Scan",
              "Parent Relationship": "Outer",
              "Parallel Aware": false,
              "Index Name": "company_id_movie_companies",
              "Startup Cost": 0.0,
              "Total Cost": 597.16,
              "Plan Rows": 27831,
              "Plan Width": 0,
              "Actual Startup Time": 5.875,
              "Actual Total Time": 5.875,
              "Actual Rows": 27303,
              "Actual Loops": 1,
              "Index Cond": "(company_id = 27)"
            }
          ]
        }
      ]
    },
    "Planning Time": 0.107,
    "Triggers": [],
    "Execution Time": 29.913
  }
]