[
  {
    "Plan": {
      "Node Type": "Aggregate",
      "Strategy": "Plain",
      "Partial Mode": "Simple",
      "Parallel Aware": false,
      "Startup Cost": 20732.17,
      "Total Cost": 20732.18,
      "Plan Rows": 1,
      "Plan Width": 8,
      "Actual Startup Time": 32.416,
      "Actual Total Time": 32.418,
      "Actual Rows": 1,
      "Actual Loops": 1,
      "Plans": [
        {
          "Node Type": "Bitmap Heap Scan",
          "Parent Relationship": "Outer",
          "Parallel Aware": false,
          "Relation Name": "movie_companies",
          "Alias": "mc",
          "Startup Cost": 603.45,
          "Total Cost": 20662.81,
          "Plan Rows": 27744,
          "Plan Width": 0,
          "Actual Startup Time": 7.777,
          "Actual Total Time": 29.279,
          "Actual Rows": 27303,
          "Actual Loops": 1,
          "Recheck Cond": "(company_id = 27)",
          "Rows Removed by Index Recheck": 0,
          "Exact Heap Blocks": 7072,
          "Lossy Heap Blocks": 0,
          "Plans": [
            {
              "Node Type": "Bitmap Index Scan",
              "Parent Relationship": "Outer",
              "Parallel Aware": false,
              "Index Name": "company_id_movie_companies",
              "Startup Cost": 0.0,
              "Total Cost": 596.51,
              "Plan Rows": 27744,
              "Plan Width": 0,
              "Actual Startup Time": 4.482,
              "Actual Total Time": 4.483,
              "Actual Rows": 27303,
              "Actual Loops": 1,
              "Index Cond": "(company_id = 27)"
            }
          ]
        }
      ]
    },
    "Planning Time": 0.136,
    "Triggers": [],
    "Execution Time": 32.471
  }
]