{
  "Plan": {
    "Node Type": "Aggregate",
    "Strategy": "Plain",
    "Partial Mode": "Finalize",
    "Parallel Aware": false,
    "Startup Cost": 459272.72,
    "Total Cost": 459272.73,
    "Plan Rows": 1,
    "Plan Width": 8,
    "Actual Startup Time": 766.076,
    "Actual Total Time": 788.784,
    "Actual Rows": 1,
    "Actual Loops": 1,
    "Plans": [
      {
        "Node Type": "Gather",
        "Parent Relationship": "Outer",
        "Parallel Aware": false,
        "Startup Cost": 459272.6,
        "Total Cost": 459272.71,
        "Plan Rows": 1,
        "Plan Width": 8,
        "Actual Startup Time": 765.479,
        "Actual Total Time": 788.775,
        "Actual Rows": 2,
        "Actual Loops": 1,
        "Workers Planned": 1,
        "Workers Launched": 1,
        "Single Copy": false,
        "Plans": [
          {
            "Node Type": "Aggregate",
            "Strategy": "Plain",
            "Partial Mode": "Partial",
            "Parent Relationship": "Outer",
            "Parallel Aware": false,
            "Startup Cost": 458272.6,
            "Total Cost": 458272.61,
            "Plan Rows": 1,
            "Plan Width": 8,
            "Actual Startup Time": 759.865,
            "Actual Total Time": 759.87,
            "Actual Rows": 1,
            "Actual Loops": 2,
            "Plans": [
              {
                "Node Type": "Hash Join",
                "Parent Relationship": "Outer",
                "Parallel Aware": true,
                "Join Type": "Inner",
                "Startup Cost": 159163.95,
                "Total Cost": 458107.16,
                "Plan Rows": 66176,
                "Plan Width": 0,
                "Actual Startup Time": 322.532,
                "Actual Total Time": 758.481,
                "Actual Rows": 21863,
                "Actual Loops": 2,
                "Inner Unique": true,
                "Hash Cond": "(ci.movie_id = t.id)",
                "Plans": [
                  {
                    "Node Type": "Bitmap Heap Scan",
                    "Parent Relationship": "Outer",
                    "Parallel Aware": true,
                    "Relation Name": "cast_info",
                    "Alias": "ci",
                    "Startup Cost": 100329.51,
                    "Total Cost": 393156.08,
                    "Plan Rows": 2330146,
                    "Plan Width": 4,
                    "Actual Startup Time": 157.669,
                    "Actual Total Time": 487.22,
                    "Actual Rows": 845713,
                    "Actual Loops": 2,
                    "Recheck Cond": "(person_id > 3264809)",
                    "Rows Removed by Index Recheck": 0,
                    "Filter": "(role_id < 10)",
                    "Rows Removed by Filter": 1330940,
                    "Exact Heap Blocks": 40710,
                    "Lossy Heap Blocks": 0,
                    "Plans": [
                      {
                        "Node Type": "Bitmap Index Scan",
                        "Parent Relationship": "Outer",
                        "Parallel Aware": false,
                        "Index Name": "person_id_cast_info",
                        "Startup Cost": 0.0,
                        "Total Cost": 99339.2,
                        "Plan Rows": 4549151,
                        "Plan Width": 0,
                        "Actual Startup Time": 147.088,
                        "Actual Total Time": 147.088,
                        "Actual Rows": 4353307,
                        "Actual Loops": 1,
                        "Index Cond": "(person_id > 3264809)"
                      }
                    ]
                  },
                  {
                    "Node Type": "Hash",
                    "Parent Relationship": "Inner",
                    "Parallel Aware": true,
                    "Startup Cost": 58306.47,
                    "Total Cost": 58306.47,
                    "Plan Rows": 42238,
                    "Plan Width": 4,
                    "Actual Startup Time": 163.464,
                    "Actual Total Time": 163.465,
                    "Actual Rows": 39774,
                    "Actual Loops": 2,
                    "Hash Buckets": 131072,
                    "Original Hash Buckets": 131072,
                    "Hash Batches": 1,
                    "Original Hash Batches": 1,
                    "Peak Memory Usage": 4160,
                    "Plans": [
                      {
                        "Node Type": "Seq Scan",
                        "Parent Relationship": "Outer",
                        "Parallel Aware": true,
                        "Relation Name": "title",
                        "Alias": "t",
                        "Startup Cost": 0.0,
                        "Total Cost": 58306.47,
                        "Plan Rows": 42238,
                        "Plan Width": 4,
                        "Actual Startup Time": 0.033,
                        "Actual Total Time": 149.626,
                        "Actual Rows": 39774,
                        "Actual Loops": 2,
                        "Filter": "((kind_id > 1) AND (production_year = 2005))",
                        "Rows Removed by Filter": 1224382
                      }
                    ]
                  }
                ]
              }
            ]
          }
        ]
      }
    ]
  },
  "Planning Time": 0.257,
  "Triggers": [],
  "Execution Time": 788.84
}