[
  {
    "Plan": {
      "Node Type": "Aggregate",
      "Strategy": "Plain",
      "Partial Mode": "Finalize",
      "Parallel Aware": false,
      "Startup Cost": 389112.62,
      "Total Cost": 389112.63,
      "Plan Rows": 1,
      "Plan Width": 8,
      "Actual Startup Time": 1896.841,
      "Actual Total Time": 1952.545,
      "Actual Rows": 1,
      "Actual Loops": 1,
      "Plans": [
        {
          "Node Type": "Gather",
          "Parent Relationship": "Outer",
          "Parallel Aware": false,
          "Startup Cost": 389112.0,
          "Total Cost": 389112.61,
          "Plan Rows": 6,
          "Plan Width": 8,
          "Actual Startup Time": 1889.806,
          "Actual Total Time": 1952.53,
          "Actual Rows": 7,
          "Actual Loops": 1,
          "Workers Planned": 6,
          "Workers Launched": 6,
          "Single Copy": false,
          "Plans": [
            {
              "Node Type": "Aggregate",
              "Strategy": "Plain",
              "Partial Mode": "Partial",
              "Parent Relationship": "Outer",
              "Parallel Aware": false,
              "Startup Cost": 388112.0,
              "Total Cost": 388112.01,
              "Plan Rows": 1,
              "Plan Width": 8,
              "Actual Startup Time": 1878.873,
              "Actual Total Time": 1878.877,
              "Actual Rows": 1,
              "Actual Loops": 7,
              "Plans": [
                {
                  "Node Type": "Hash Join",
                  "Parent Relationship": "Outer",
                  "Parallel Aware": true,
                  "Join Type": "Inner",
                  "Startup Cost": 48100.26,
                  "Total Cost": 385279.3,
                  "Plan Rows": 1133081,
                  "Plan Width": 0,
                  "Actual Startup Time": 371.144,
                  "Actual Total Time": 1811.349,
                  "Actual Rows": 1202903,
                  "Actual Loops": 7,
                  "Inner Unique": true,
                  "Hash Cond": "(ci.movie_id = t.id)",
                  "Plans": [
                    {
                      "Node Type": "Seq Scan",
                      "Parent Relationship": "Outer",
                      "Parallel Aware": true,
                      "Relation Name": "cast_info",
                      "Alias": "ci",
                      "Startup Cost": 0.0,
                      "Total Cost": 328211.39,
                      "Plan Rows": 3416241,
                      "Plan Width": 4,
                      "Actual Startup Time": 187.199,
                      "Actual Total Time": 695.88,
                      "Actual Rows": 2901791,
                      "Actual Loops": 7,
                      "Filter": "(person_id > 1574737)",
                      "Rows Removed by Filter": 2275972
                    },
                    {
                      "Node Type": "Hash",
                      "Parent Relationship": "Inner",
                      "Parallel Aware": true,
                      "Startup Cost": 45479.59,
                      "Total Cost": 45479.59,
                      "Plan Rows": 209654,
                      "Plan Width": 4,
                      "Actual Startup Time": 180.282,
                      "Actual Total Time": 180.283,
                      "Actual Rows": 129559,
                      "Actual Loops": 7,
                      "Hash Buckets": 1048576,
                      "Original Hash Buckets": 1048576,
                      "Hash Batches": 1,
                      "Original Hash Batches": 1,
                      "Peak Memory Usage": 43808,
                      "Plans": [
                        {
                          "Node Type": "Seq Scan",
                          "Parent Relationship": "Outer",
                          "Parallel Aware": true,
                          "Relation Name": "title",
                          "Alias": "t",
                          "Startup Cost": 0.0,
                          "Total Cost": 45479.59,
                          "Plan Rows": 209654,
                          "Plan Width": 4,
                          "Actual Startup Time": 0.055,
                          "Actual Total Time": 98.945,
                          "Actual Rows": 129559,
                          "Actual Loops": 7,
                          "Filter": "((kind_id > 2) AND (production_year > 2003))",
                          "Rows Removed by Filter": 231628
                        }
                      ]
                    }
                  ]
                }
              ]
            }
          ]
        }
      ]
    },
    "Planning Time": 0.644,
    "Triggers": [],
    "Execution Time": 1952.631
  }
]