[
  {
    "Plan": {
      "Node Type": "Aggregate",
      "Strategy": "Plain",
      "Partial Mode": "Finalize",
      "Parallel Aware": false,
      "Startup Cost": 388992.39,
      "Total Cost": 388992.4,
      "Plan Rows": 1,
      "Plan Width": 8,
      "Actual Startup Time": 1530.731,
      "Actual Total Time": 1592.011,
      "Actual Rows": 1,
      "Actual Loops": 1,
      "Plans": [
        {
          "Node Type": "Gather",
          "Parent Relationship": "Outer",
          "Parallel Aware": false,
          "Startup Cost": 388991.76,
          "Total Cost": 388992.37,
          "Plan Rows": 6,
          "Plan Width": 8,
          "Actual Startup Time": 1523.486,
          "Actual Total Time": 1592.0,
          "Actual Rows": 7,
          "Actual Loops": 1,
          "Workers Planned": 6,
          "Workers Launched": 6,
          "Single Copy": false,
          "Plans": [
            {
              "Node Type": "Aggregate",
              "Strategy": "Plain",
              "Partial Mode": "Partial",
              "Parent Relationship": "Outer",
              "Parallel Aware": false,
              "Startup Cost": 387991.76,
              "Total Cost": 387991.77,
              "Plan Rows": 1,
              "Plan Width": 8,
              "Actual Startup Time": 1512.703,
              "Actual Total Time": 1512.706,
              "Actual Rows": 1,
              "Actual Loops": 7,
              "Plans": [
                {
                  "Node Type": "Hash Join",
                  "Parent Relationship": "Outer",
                  "Parallel Aware": true,
                  "Join Type": "Inner",
                  "Startup Cost": 48123.42,
                  "Total Cost": 385162.29,
                  "Plan Rows": 1131790,
                  "Plan Width": 0,
                  "Actual Startup Time": 285.77,
                  "Actual Total Time": 1459.609,
                  "Actual Rows": 1202903,
                  "Actual Loops": 7,
                  "Inner Unique": true,
                  "Hash Cond": "(ci.movie_id = t.id)",
                  "Plans": [
                    {
                      "Node Type": "Seq Scan",
                      "Parent Relationship": "Outer",
                      "Parallel Aware": true,
                      "Relation Name": "cast_info",
                      "Alias": "ci",
                      "Startup Cost": 0.0,
                      "Total Cost": 328162.03,
                      "Plan Rows": 3381649,
                      "Plan Width": 4,
                      "Actual Startup Time": 148.765,
                      "Actual Total Time": 564.534,
                      "Actual Rows": 2901791,
                      "Actual Loops": 7,
                      "Filter": "(person_id > 1574737)",
                      "Rows Removed by Filter": 2275972
                    },
                    {
                      "Node Type": "Hash",
                      "Parent Relationship": "Inner",
                      "Parallel Aware": true,
                      "Startup Cost": 45479.1,
                      "Total Cost": 45479.1,
                      "Plan Rows": 211546,
                      "Plan Width": 4,
                      "Actual Startup Time": 133.625,
                      "Actual Total Time": 133.626,
                      "Actual Rows": 129559,
                      "Actual Loops": 7,
                      "Hash Buckets": 1048576,
                      "Original Hash Buckets": 1048576,
                      "Hash Batches": 1,
                      "Original Hash Batches": 1,
                      "Peak Memory Usage": 43776,
                      "Plans": [
                        {
                          "Node Type": "Seq Scan",
                          "Parent Relationship": "Outer",
                          "Parallel Aware": true,
                          "Relation Name": "title",
                          "Alias": "t",
                          "Startup Cost": 0.0,
                          "Total Cost": 45479.1,
                          "Plan Rows": 211546,
                          "Plan Width": 4,
                          "Actual Startup Time": 0.036,
                          "Actual Total Time": 76.551,
                          "Actual Rows": 129559,
                          "Actual Loops": 7,
                          "Filter": "((kind_id > 2) AND (production_year > 2003))",
                          "Rows Removed by Filter": 231628
                        }
                      ]
                    }
                  ]
                }
              ]
            }
          ]
        }
      ]
    },
    "Planning Time": 0.636,
    "Triggers": [],
    "Execution Time": 1592.098
  }
]