[
  {
    "Plan": {
      "Node Type": "Aggregate",
      "Strategy": "Plain",
      "Partial Mode": "Finalize",
      "Parallel Aware": false,
      "Startup Cost": 76065.71,
      "Total Cost": 76065.72,
      "Plan Rows": 1,
      "Plan Width": 8,
      "Actual Startup Time": 195.208,
      "Actual Total Time": 211.732,
      "Actual Rows": 1,
      "Actual Loops": 1,
      "Plans": [
        {
          "Node Type": "Gather",
          "Parent Relationship": "Outer",
          "Parallel Aware": false,
          "Startup Cost": 76065.39,
          "Total Cost": 76065.7,
          "Plan Rows": 3,
          "Plan Width": 8,
          "Actual Startup Time": 193.136,
          "Actual Total Time": 211.723,
          "Actual Rows": 4,
          "Actual Loops": 1,
          "Workers Planned": 3,
          "Workers Launched": 3,
          "Single Copy": false,
          "Plans": [
            {
              "Node Type": "Aggregate",
              "Strategy": "Plain",
              "Partial Mode": "Partial",
              "Parent Relationship": "Outer",
              "Parallel Aware": false,
              "Startup Cost": 75065.39,
              "Total Cost": 75065.4,
              "Plan Rows": 1,
              "Plan Width": 8,
              "Actual Startup Time": 189.033,
              "Actual Total Time": 189.037,
              "Actual Rows": 1,
              "Actual Loops": 4,
              "Plans": [
                {
                  "Node Type": "Hash Join",
                  "Parent Relationship": "Outer",
                  "Parallel Aware": true,
                  "Join Type": "Inner",
                  "Startup Cost": 49740.26,
                  "Total Cost": 75056.18,
                  "Plan Rows": 3686,
                  "Plan Width": 0,
                  "Actual Startup Time": 138.799,
                  "Actual Total Time": 188.215,
                  "Actual Rows": 12787,
                  "Actual Loops": 4,
                  "Inner Unique": true,
                  "Hash Cond": "(mk.movie_id = t.id)",
                  "Plans": [
                    {
                      "Node Type": "Bitmap Heap Scan",
                      "Parent Relationship": "Outer",
                      "Parallel Aware": true,
                      "Relation Name": "movie_keyword",
                      "Alias": "mk",
                      "Startup Cost": 3749.52,
                      "Total Cost": 28915.85,
                      "Plan Rows": 56986,
                      "Plan Width": 4,
                      "Actual Startup Time": 14.251,
                      "Actual Total Time": 53.31,
                      "Actual Rows": 44245,
                      "Actual Loops": 4,
                      "Recheck Cond": "(keyword_id > 71745)",
                      "Rows Removed by Index Recheck": 0,
                      "Exact Heap Blocks": 6606,
                      "Lossy Heap Blocks": 0,
                      "Plans": [
                        {
                          "Node Type": "Bitmap Index Scan",
                          "Parent Relationship": "Outer",
                          "Parallel Aware": false,
                          "Index Name": "keyword_id_movie_keyword",
                          "Startup Cost": 0.0,
                          "Total Cost": 3705.36,
                          "Plan Rows": 176657,
                          "Plan Width": 0,
                          "Actual Startup Time": 11.297,
                          "Actual Total Time": 11.297,
                          "Actual Rows": 176980,
                          "Actual Loops": 1,
                          "Index Cond": "(keyword_id > 71745)"
                        }
                      ]
                    },
                    {
                      "Node Type": "Hash",
                      "Parent Relationship": "Inner",
                      "Parallel Aware": true,
                      "Startup Cost": 45479.59,
                      "Total Cost": 45479.59,
                      "Plan Rows": 40892,
                      "Plan Width": 4,
                      "Actual Startup Time": 122.927,
                      "Actual Total Time": 122.928,
                      "Actual Rows": 68957,
                      "Actual Loops": 4,
                      "Hash Buckets": 524288,
                      "Original Hash Buckets": 262144,
                      "Hash Batches": 1,
                      "Original Hash Batches": 1,
                      "Peak Memory Usage": 17024,
                      "Plans": [
                        {
                          "Node Type": "Seq Scan",
                          "Parent Relationship": "Outer",
                          "Parallel Aware": true,
                          "Relation Name": "title",
                          "Alias": "t",
                          "Startup Cost": 0.0,
                          "Total Cost": 45479.59,
                          "Plan Rows": 40892,
                          "Plan Width": 4,
                          "Actual Startup Time": 0.09,
                          "Actual Total Time": 92.808,
                          "Actual Rows": 68957,
                          "Actual Loops": 4,
                          "Filter": "((kind_id < 7) AND (production_year < 1975))",
                          "Rows Removed by Filter": 563121
                        }
                      ]
                    }
                  ]
                }
              ]
            }
          ]
        }
      ]
    },
    "Planning Time": 0.533,
    "Triggers": [],
    "Execution Time": 211.808
  }
]