[
  {
    "Plan": {
      "Node Type": "Aggregate",
      "Strategy": "Plain",
      "Partial Mode": "Finalize",
      "Parallel Aware": false,
      "Startup Cost": 76241.54,
      "Total Cost": 76241.55,
      "Plan Rows": 1,
      "Plan Width": 8,
      "Actual Startup Time": 190.899,
      "Actual Total Time": 206.084,
      "Actual Rows": 1,
      "Actual Loops": 1,
      "Plans": [
        {
          "Node Type": "Gather",
          "Parent Relationship": "Outer",
          "Parallel Aware": false,
          "Startup Cost": 76241.23,
          "Total Cost": 76241.54,
          "Plan Rows": 3,
          "Plan Width": 8,
          "Actual Startup Time": 189.588,
          "Actual Total Time": 206.074,
          "Actual Rows": 4,
          "Actual Loops": 1,
          "Workers Planned": 3,
          "Workers Launched": 3,
          "Single Copy": false,
          "Plans": [
            {
              "Node Type": "Aggregate",
              "Strategy": "Plain",
              "Partial Mode": "Partial",
              "Parent Relationship": "Outer",
              "Parallel Aware": false,
              "Startup Cost": 75241.23,
              "Total Cost": 75241.24,
              "Plan Rows": 1,
              "Plan Width": 8,
              "Actual Startup Time": 181.554,
              "Actual Total Time": 181.559,
              "Actual Rows": 1,
              "Actual Loops": 4,
              "Plans": [
                {
                  "Node Type": "Hash Join",
                  "Parent Relationship": "Outer",
                  "Parallel Aware": true,
                  "Join Type": "Inner",
                  "Startup Cost": 49884.84,
                  "Total Cost": 75231.45,
                  "Plan Rows": 3910,
                  "Plan Width": 0,
                  "Actual Startup Time": 136.998,
                  "Actual Total Time": 180.773,
                  "Actual Rows": 12787,
                  "Actual Loops": 4,
                  "Inner Unique": true,
                  "Hash Cond": "(mk.movie_id = t.id)",
                  "Plans": [
                    {
                      "Node Type": "Bitmap Heap Scan",
                      "Parent Relationship": "Outer",
                      "Parallel Aware": true,
                      "Relation Name": "movie_keyword",
                      "Alias": "mk",
                      "Startup Cost": 3882.29,
                      "Total Cost": 29073.98,
                      "Plan Rows": 59016,
                      "Plan Width": 4,
                      "Actual Startup Time": 13.461,
                      "Actual Total Time": 47.735,
                      "Actual Rows": 44245,
                      "Actual Loops": 4,
                      "Recheck Cond": "(keyword_id > 71745)",
                      "Rows Removed by Index Recheck": 0,
                      "Exact Heap Blocks": 7756,
                      "Lossy Heap Blocks": 0,
                      "Plans": [
                        {
                          "Node Type": "Bitmap Index Scan",
                          "Parent Relationship": "Outer",
                          "Parallel Aware": false,
                          "Index Name": "keyword_id_movie_keyword",
                          "Startup Cost": 0.0,
                          "Total Cost": 3836.55,
                          "Plan Rows": 182949,
                          "Plan Width": 0,
                          "Actual Startup Time": 10.401,
                          "Actual Total Time": 10.402,
                          "Actual Rows": 176980,
                          "Actual Loops": 1,
                          "Index Cond": "(keyword_id > 71745)"
                        }
                      ]
                    },
                    {
                      "Node Type": "Hash",
                      "Parent Relationship": "Inner",
                      "Parallel Aware": true,
                      "Startup Cost": 45479.1,
                      "Total Cost": 45479.1,
                      "Plan Rows": 41876,
                      "Plan Width": 4,
                      "Actual Startup Time": 121.274,
                      "Actual Total Time": 121.275,
                      "Actual Rows": 68957,
                      "Actual Loops": 4,
                      "Hash Buckets": 524288,
                      "Original Hash Buckets": 262144,
                      "Hash Batches": 1,
                      "Original Hash Batches": 1,
                      "Peak Memory Usage": 17024,
                      "Plans": [
                        {
                          "Node Type": "Seq Scan",
                          "Parent Relationship": "Outer",
                          "Parallel Aware": true,
                          "Relation Name": "title",
                          "Alias": "t",
                          "Startup Cost": 0.0,
                          "Total Cost": 45479.1,
                          "Plan Rows": 41876,
                          "Plan Width": 4,
                          "Actual Startup Time": 0.123,
                          "Actual Total Time": 95.42,
                          "Actual Rows": 68957,
                          "Actual Loops": 4,
                          "Filter": "((kind_id < 7) AND (production_year < 1975))",
                          "Rows Removed by Filter": 563121
                        }
                      ]
                    }
                  ]
                }
              ]
            }
          ]
        }
      ]
    },
    "Planning Time": 0.652,
    "Triggers": [],
    "Execution Time": 206.177
  }
]