[
  {
    "Plan": {
      "Node Type": "Aggregate",
      "Strategy": "Plain",
      "Partial Mode": "Finalize",
      "Parallel Aware": false,
      "Startup Cost": 47200.51,
      "Total Cost": 47200.52,
      "Plan Rows": 1,
      "Plan Width": 8,
      "Actual Startup Time": 178.867,
      "Actual Total Time": 185.553,
      "Actual Rows": 1,
      "Actual Loops": 1,
      "Plans": [
        {
          "Node Type": "Gather",
          "Parent Relationship": "Outer",
          "Parallel Aware": false,
          "Startup Cost": 47200.19,
          "Total Cost": 47200.5,
          "Plan Rows": 3,
          "Plan Width": 8,
          "Actual Startup Time": 178.751,
          "Actual Total Time": 185.545,
          "Actual Rows": 4,
          "Actual Loops": 1,
          "Workers Planned": 3,
          "Workers Launched": 3,
          "Single Copy": false,
          "Plans": [
            {
              "Node Type": "Aggregate",
              "Strategy": "Plain",
              "Partial Mode": "Partial",
              "Parent Relationship": "Outer",
              "Parallel Aware": false,
              "Startup Cost": 46200.19,
              "Total Cost": 46200.2,
              "Plan Rows": 1,
              "Plan Width": 8,
              "Actual Startup Time": 173.503,
              "Actual Total Time": 173.505,
              "Actual Rows": 1,
              "Actual Loops": 4,
              "Plans": [
                {
                  "Node Type": "Seq Scan",
                  "Parent Relationship": "Outer",
                  "Parallel Aware": true,
                  "Relation Name": "movie_keyword",
                  "Alias": "mk",
                  "Startup Cost": 0.0,
                  "Total Cost": 42695.65,
                  "Plan Rows": 1401815,
                  "Plan Width": 0,
                  "Actual Startup Time": 0.038,
                  "Actual Total Time": 123.232,
                  "Actual Rows": 1085753,
                  "Actual Loops": 4,
                  "Filter": "(keyword_id < 71635)",
                  "Rows Removed by Filter": 45230
                }
              ]
            }
          ]
        }
      ]
    },
    "Planning Time": 0.184,
    "Triggers": [],
    "Execution Time": 185.606
  }
]