{
    "Plan": {
        "Node Type": "Aggregate",
        "Strategy": "Plain",
        "Partial Mode": "Finalize",
        "Parallel Aware": false,
        "Startup Cost": 125656.46,
        "Total Cost": 125656.47,
        "Plan Rows": 1,
        "Plan Width": 8,
        "Actual Startup Time": 445.673,
        "Actual Total Time": 470.345,
        "Actual Rows": 1,
        "Actual Loops": 1,
        "Output": [
            "count(*)"
        ],
        "Plans": [
            {
                "Node Type": "Gather",
                "Parent Relationship": "Outer",
                "Parallel Aware": false,
                "Startup Cost": 125656.15,
                "Total Cost": 125656.46,
                "Plan Rows": 3,
                "Plan Width": 8,
                "Actual Startup Time": 444.754,
                "Actual Total Time": 470.335,
                "Actual Rows": 4,
                "Actual Loops": 1,
                "Output": [
                    "(PARTIAL count(*))"
                ],
                "Workers Planned": 3,
                "Workers Launched": 3,
                "Single Copy": false,
                "Plans": [
                    {
                        "Node Type": "Aggregate",
                        "Strategy": "Plain",
                        "Partial Mode": "Partial",
                        "Parent Relationship": "Outer",
                        "Parallel Aware": false,
                        "Startup Cost": 124656.15,
                        "Total Cost": 124656.16,
                        "Plan Rows": 1,
                        "Plan Width": 8,
                        "Actual Startup Time": 435.665,
                        "Actual Total Time": 435.775,
                        "Actual Rows": 1,
                        "Actual Loops": 4,
                        "Output": [
                            "PARTIAL count(*)"
                        ],
                        "Workers": [
                            {
                                "Worker Number": 0,
                                "Actual Startup Time": 432.882,
                                "Actual Total Time": 432.888,
                                "Actual Rows": 1,
                                "Actual Loops": 1
                            },
                            {
                                "Worker Number": 1,
                                "Actual Startup Time": 432.858,
                                "Actual Total Time": 432.862,
                                "Actual Rows": 1,
                                "Actual Loops": 1
                            },
                            {
                                "Worker Number": 2,
                                "Actual Startup Time": 433.009,
                                "Actual Total Time": 433.014,
                                "Actual Rows": 1,
                                "Actual Loops": 1
                            }
                        ],
                        "Plans": [
                            {
                                "Node Type": "Hash Join",
                                "Parent Relationship": "Outer",
                                "Parallel Aware": true,
                                "Join Type": "Inner",
                                "Startup Cost": 78903.73,
                                "Total Cost": 124476.63,
                                "Plan Rows": 71805,
                                "Plan Width": 0,
                                "Actual Startup Time": 264.59,
                                "Actual Total Time": 433.048,
                                "Actual Rows": 57968,
                                "Actual Loops": 4,
                                "Inner Unique": false,
                                "Hash Cond": "(mk.movie_id = t.id)",
                                "Workers": [
                                    {
                                        "Worker Number": 0,
                                        "Actual Startup Time": 261.484,
                                        "Actual Total Time": 429.984,
                                        "Actual Rows": 41416,
                                        "Actual Loops": 1
                                    },
                                    {
                                        "Worker Number": 1,
                                        "Actual Startup Time": 261.907,
                                        "Actual Total Time": 430.387,
                                        "Actual Rows": 56536,
                                        "Actual Loops": 1
                                    },
                                    {
                                        "Worker Number": 2,
                                        "Actual Startup Time": 262.053,
                                        "Actual Total Time": 430.471,
                                        "Actual Rows": 58106,
                                        "Actual Loops": 1
                                    }
                                ],
                                "Plans": [
                                    {
                                        "Node Type": "Seq Scan",
                                        "Parent Relationship": "Outer",
                                        "Parallel Aware": true,
                                        "Relation Name": "movie_keyword",
                                        "Schema": "public",
                                        "Alias": "mk",
                                        "Startup Cost": 0.0,
                                        "Total Cost": 42695.65,
                                        "Plan Rows": 719397,
                                        "Plan Width": 4,
                                        "Actual Startup Time": 0.251,
                                        "Actual Total Time": 117.202,
                                        "Actual Rows": 555163,
                                        "Actual Loops": 4,
                                        "Output": [
                                            "mk.id",
                                            "mk.movie_id",
                                            "mk.keyword_id"
                                        ],
                                        "Filter": "(mk.keyword_id > 4933)",
                                        "Rows Removed by Filter": 575819,
                                        "Workers": [
                                            {
                                                "Worker Number": 0,
                                                "Actual Startup Time": 0.279,
                                                "Actual Total Time": 118.53,
                                                "Actual Rows": 372529,
                                                "Actual Loops": 1
                                            },
                                            {
                                                "Worker Number": 1,
                                                "Actual Startup Time": 0.194,
                                                "Actual Total Time": 119.462,
                                                "Actual Rows": 568482,
                                                "Actual Loops": 1
                                            },
                                            {
                                                "Worker Number": 2,
                                                "Actual Startup Time": 0.271,
                                                "Actual Total Time": 119.402,
                                                "Actual Rows": 566155,
                                                "Actual Loops": 1
                                            }
                                        ]
                                    },
                                    {
                                        "Node Type": "Hash",
                                        "Parent Relationship": "Inner",
                                        "Parallel Aware": true,
                                        "Startup Cost": 78115.11,
                                        "Total Cost": 78115.11,
                                        "Plan Rows": 63090,
                                        "Plan Width": 8,
                                        "Actual Startup Time": 261.797,
                                        "Actual Total Time": 261.905,
                                        "Actual Rows": 32920,
                                        "Actual Loops": 4,
                                        "Output": [
                                            "t.id",
                                            "mc.movie_id"
                                        ],
                                        "Hash Buckets": 262144,
                                        "Original Hash Buckets": 262144,
                                        "Hash Batches": 1,
                                        "Original Hash Batches": 1,
                                        "Peak Memory Usage": 7296,
                                        "Workers": [
                                            {
                                                "Worker Number": 0,
                                                "Actual Startup Time": 260.528,
                                                "Actual Total Time": 260.531,
                                                "Actual Rows": 22541,
                                                "Actual Loops": 1
                                            },
                                            {
                                                "Worker Number": 1,
                                                "Actual Startup Time": 260.749,
                                                "Actual Total Time": 260.752,
                                                "Actual Rows": 33720,
                                                "Actual Loops": 1
                                            },
                                            {
                                                "Worker Number": 2,
                                                "Actual Startup Time": 261.009,
                                                "Actual Total Time": 261.013,
                                                "Actual Rows": 33662,
                                                "Actual Loops": 1
                                            }
                                        ],
                                        "Plans": [
                                            {
                                                "Node Type": "Hash Join",
                                                "Parent Relationship": "Outer",
                                                "Parallel Aware": true,
                                                "Join Type": "Inner",
                                                "Startup Cost": 32432.39,
                                                "Total Cost": 78115.11,
                                                "Plan Rows": 63090,
                                                "Plan Width": 8,
                                                "Actual Startup Time": 82.407,
                                                "Actual Total Time": 251.263,
                                                "Actual Rows": 32920,
                                                "Actual Loops": 4,
                                                "Output": [
                                                    "t.id",
                                                    "mc.movie_id"
                                                ],
                                                "Inner Unique": false,
                                                "Hash Cond": "(t.id = mc.movie_id)",
                                                "Workers": [
                                                    {
                                                        "Worker Number": 0,
                                                        "Actual Startup Time": 81.05,
                                                        "Actual Total Time": 249.859,
                                                        "Actual Rows": 22541,
                                                        "Actual Loops": 1
                                                    },
                                                    {
                                                        "Worker Number": 1,
                                                        "Actual Startup Time": 81.527,
                                                        "Actual Total Time": 249.628,
                                                        "Actual Rows": 33720,
                                                        "Actual Loops": 1
                                                    },
                                                    {
                                                        "Worker Number": 2,
                                                        "Actual Startup Time": 81.555,
                                                        "Actual Total Time": 250.977,
                                                        "Actual Rows": 33662,
                                                        "Actual Loops": 1
                                                    }
                                                ],
                                                "Plans": [
                                                    {
                                                        "Node Type": "Seq Scan",
                                                        "Parent Relationship": "Outer",
                                                        "Parallel Aware": true,
                                                        "Relation Name": "title",
                                                        "Schema": "public",
                                                        "Alias": "t",
                                                        "Startup Cost": 0.0,
                                                        "Total Cost": 42318.81,
                                                        "Plan Rows": 632080,
                                                        "Plan Width": 4,
                                                        "Actual Startup Time": 0.021,
                                                        "Actual Total Time": 77.028,
                                                        "Actual Rows": 632078,
                                                        "Actual Loops": 4,
                                                        "Output": [
                                                            "t.id",
                                                            "t.title",
                                                            "t.imdb_index",
                                                            "t.kind_id",
                                                            "t.production_year",
                                                            "t.imdb_id",
                                                            "t.phonetic_code",
                                                            "t.episode_of_id",
                                                            "t.season_nr",
                                                            "t.episode_nr",
                                                            "t.series_years",
                                                            "t.md5sum"
                                                        ],
                                                        "Workers": [
                                                            {
                                                                "Worker Number": 0,
                                                                "Actual Startup Time": 0.03,
                                                                "Actual Total Time": 80.102,
                                                                "Actual Rows": 437703,
                                                                "Actual Loops": 1
                                                            },
                                                            {
                                                                "Worker Number": 1,
                                                                "Actual Startup Time": 0.026,
                                                                "Actual Total Time": 79.088,
                                                                "Actual Rows": 643739,
                                                                "Actual Loops": 1
                                                            },
                                                            {
                                                                "Worker Number": 2,
                                                                "Actual Startup Time": 0.023,
                                                                "Actual Total Time": 79.625,
                                                                "Actual Rows": 644902,
                                                                "Actual Loops": 1
                                                            }
                                                        ]
                                                    },
                                                    {
                                                        "Node Type": "Hash",
                                                        "Parent Relationship": "Inner",
                                                        "Parallel Aware": true,
                                                        "Startup Cost": 31414.82,
                                                        "Total Cost": 31414.82,
                                                        "Plan Rows": 81406,
                                                        "Plan Width": 4,
                                                        "Actual Startup Time": 81.313,
                                                        "Actual Total Time": 81.314,
                                                        "Actual Rows": 32920,
                                                        "Actual Loops": 4,
                                                        "Output": [
                                                            "mc.movie_id"
                                                        ],
                                                        "Hash Buckets": 262144,
                                                        "Original Hash Buckets": 262144,
                                                        "Hash Batches": 1,
                                                        "Original Hash Batches": 1,
                                                        "Peak Memory Usage": 7264,
                                                        "Workers": [
                                                            {
                                                                "Worker Number": 0,
                                                                "Actual Startup Time": 80.897,
                                                                "Actual Total Time": 80.897,
                                                                "Actual Rows": 22557,
                                                                "Actual Loops": 1
                                                            },
                                                            {
                                                                "Worker Number": 1,
                                                                "Actual Startup Time": 81.278,
                                                                "Actual Total Time": 81.279,
                                                                "Actual Rows": 34810,
                                                                "Actual Loops": 1
                                                            },
                                                            {
                                                                "Worker Number": 2,
                                                                "Actual Startup Time": 81.419,
                                                                "Actual Total Time": 81.42,
                                                                "Actual Rows": 34903,
                                                                "Actual Loops": 1
                                                            }
                                                        ],
                                                        "Plans": [
                                                            {
                                                                "Node Type": "Seq Scan",
                                                                "Parent Relationship": "Outer",
                                                                "Parallel Aware": true,
                                                                "Relation Name": "movie_companies",
                                                                "Schema": "public",
                                                                "Alias": "mc",
                                                                "Startup Cost": 0.0,
                                                                "Total Cost": 31414.82,
                                                                "Plan Rows": 81406,
                                                                "Plan Width": 4,
                                                                "Actual Startup Time": 44.549,
                                                                "Actual Total Time": 72.615,
                                                                "Actual Rows": 32920,
                                                                "Actual Loops": 4,
                                                                "Output": [
                                                                    "mc.movie_id"
                                                                ],
                                                                "Filter": "((mc.company_id < 425) AND (mc.company_type_id = 2))",
                                                                "Rows Removed by Filter": 619362,
                                                                "Workers": [
                                                                    {
                                                                        "Worker Number": 0,
                                                                        "Actual Startup Time": 44.133,
                                                                        "Actual Total Time": 72.912,
                                                                        "Actual Rows": 22557,
                                                                        "Actual Loops": 1
                                                                    },
                                                                    {
                                                                        "Worker Number": 1,
                                                                        "Actual Startup Time": 44.523,
                                                                        "Actual Total Time": 72.818,
                                                                        "Actual Rows": 34810,
                                                                        "Actual Loops": 1
                                                                    },
                                                                    {
                                                                        "Worker Number": 2,
                                                                        "Actual Startup Time": 44.652,
                                                                        "Actual Total Time": 72.663,
                                                                        "Actual Rows": 34903,
                                                                        "Actual Loops": 1
                                                                    }
                                                                ]
                                                            }
                                                        ]
                                                    }
                                                ]
                                            }
                                        ]
                                    }
                                ]
                            }
                        ]
                    }
                ]
            }
        ]
    },
    "Planning Time": 1.618,
    "Triggers": [],
    "Execution Time": 470.433
}