[
  {
    "Plan": {
      "Node Type": "Aggregate",
      "Strategy": "Plain",
      "Partial Mode": "Finalize",
      "Parallel Aware": false,
      "Startup Cost": 148501.48,
      "Total Cost": 148501.49,
      "Plan Rows": 1,
      "Plan Width": 8,
      "Actual Startup Time": 97.965,
      "Actual Total Time": 114.801,
      "Actual Rows": 1,
      "Actual Loops": 1,
      "Plans": [
        {
          "Node Type": "Gather",
          "Parent Relationship": "Outer",
          "Parallel Aware": false,
          "Startup Cost": 148501.06,
          "Total Cost": 148501.47,
          "Plan Rows": 4,
          "Plan Width": 8,
          "Actual Startup Time": 97.673,
          "Actual Total Time": 114.79,
          "Actual Rows": 5,
          "Actual Loops": 1,
          "Workers Planned": 4,
          "Workers Launched": 4,
          "Single Copy": false,
          "Plans": [
            {
              "Node Type": "Aggregate",
              "Strategy": "Plain",
              "Partial Mode": "Partial",
              "Parent Relationship": "Outer",
              "Parallel Aware": false,
              "Startup Cost": 147501.06,
              "Total Cost": 147501.07,
              "Plan Rows": 1,
              "Plan Width": 8,
              "Actual Startup Time": 92.66,
              "Actual Total Time": 92.663,
              "Actual Rows": 1,
              "Actual Loops": 5,
              "Plans": [
                {
                  "Node Type": "Nested Loop",
                  "Parent Relationship": "Outer",
                  "Parallel Aware": false,
                  "Join Type": "Inner",
                  "Startup Cost": 0.43,
                  "Total Cost": 147500.56,
                  "Plan Rows": 199,
                  "Plan Width": 0,
                  "Actual Startup Time": 84.54,
                  "Actual Total Time": 92.652,
                  "Actual Rows": 1,
                  "Actual Loops": 5,
                  "Inner Unique": false,
                  "Plans": [
                    {
                      "Node Type": "Seq Scan",
                      "Parent Relationship": "Outer",
                      "Parallel Aware": true,
                      "Relation Name": "title",
                      "Alias": "t",
                      "Startup Cost": 0.0,
                      "Total Cost": 43899.32,
                      "Plan Rows": 885,
                      "Plan Width": 4,
                      "Actual Startup Time": 50.981,
                      "Actual Total Time": 71.609,
                      "Actual Rows": 683,
                      "Actual Loops": 5,
                      "Filter": "(production_year = 1909)",
                      "Rows Removed by Filter": 504979
                    },
                    {
                      "Node Type": "Index Scan",
                      "Parent Relationship": "Inner",
                      "Parallel Aware": false,
                      "Scan Direction": "Forward",
                      "Index Name": "movie_id_movie_info",
                      "Relation Name": "movie_info",
                      "Alias": "mi",
                      "Startup Cost": 0.43,
                      "Total Cost": 117.04,
                      "Plan Rows": 2,
                      "Plan Width": 4,
                      "Actual Startup Time": 0.03,
                      "Actual Total Time": 0.03,
                      "Actual Rows": 0,
                      "Actual Loops": 3417,
                      "Index Cond": "(movie_id = t.id)",
                      "Rows Removed by Index Recheck": 0,
                      "Filter": "(info_type_id = 15)",
                      "Rows Removed by Filter": 11
                    }
                  ]
                }
              ]
            }
          ]
        }
      ]
    },
    "Planning Time": 0.352,
    "Triggers": [],
    "Execution Time": 114.846
  }
]