[
    {
        "Bao": {
            "Bao prediction": "NaN",
            "Bao recommended hint": "(no hint)"
        }
    },
    {
        "Plan": {
            "Node Type": "Aggregate",
            "Strategy": "Plain",
            "Partial Mode": "Simple",
            "Parallel Aware": false,
            "Startup Cost": 28592.3,
            "Total Cost": 28592.31,
            "Plan Rows": 1,
            "Plan Width": 8,
            "Actual Startup Time": 49.853,
            "Actual Total Time": 49.855,
            "Actual Rows": 1,
            "Actual Loops": 1,
            "Output": [
                "count(*)"
            ],
            "Plans": [
                {
                    "Node Type": "Bitmap Heap Scan",
                    "Parent Relationship": "Outer",
                    "Parallel Aware": false,
                    "Relation Name": "movie_keyword",
                    "Schema": "public",
                    "Alias": "mk",
                    "Startup Cost": 2425.42,
                    "Total Cost": 28306.82,
                    "Plan Rows": 114192,
                    "Plan Width": 0,
                    "Actual Startup Time": 9.377,
                    "Actual Total Time": 45.212,
                    "Actual Rows": 108451,
                    "Actual Loops": 1,
                    "Recheck Cond": "(mk.keyword_id > 80452)",
                    "Rows Removed by Index Recheck": 0,
                    "Exact Heap Blocks": 17755,
                    "Lossy Heap Blocks": 0,
                    "Plans": [
                        {
                            "Node Type": "Bitmap Index Scan",
                            "Parent Relationship": "Outer",
                            "Parallel Aware": false,
                            "Index Name": "keyword_id_movie_keyword",
                            "Startup Cost": 0.0,
                            "Total Cost": 2396.87,
                            "Plan Rows": 114192,
                            "Plan Width": 0,
                            "Actual Startup Time": 6.802,
                            "Actual Total Time": 6.803,
                            "Actual Rows": 108451,
                            "Actual Loops": 1,
                            "Index Cond": "(mk.keyword_id > 80452)"
                        }
                    ]
                }
            ]
        },
        "Planning Time": 187.047,
        "Triggers": [],
        "Execution Time": 49.897
    }
]