[
  {
    "Plan": {
      "Node Type": "Aggregate",
      "Strategy": "Plain",
      "Partial Mode": "Finalize",
      "Parallel Aware": false,
      "Startup Cost": 401405.25,
      "Total Cost": 401405.26,
      "Plan Rows": 1,
      "Plan Width": 8,
      "Actual Startup Time": 2728.296,
      "Actual Total Time": 2790.266,
      "Actual Rows": 1,
      "Actual Loops": 1,
      "Plans": [
        {
          "Node Type": "Gather",
          "Parent Relationship": "Outer",
          "Parallel Aware": false,
          "Startup Cost": 401404.62,
          "Total Cost": 401405.23,
          "Plan Rows": 6,
          "Plan Width": 8,
          "Actual Startup Time": 2720.226,
          "Actual Total Time": 2790.253,
          "Actual Rows": 7,
          "Actual Loops": 1,
          "Workers Planned": 6,
          "Workers Launched": 6,
          "Single Copy": false,
          "Plans": [
            {
              "Node Type": "Aggregate",
              "Strategy": "Plain",
              "Partial Mode": "Partial",
              "Parent Relationship": "Outer",
              "Parallel Aware": false,
              "Startup Cost": 400404.62,
              "Total Cost": 400404.63,
              "Plan Rows": 1,
              "Plan Width": 8,
              "Actual Startup Time": 2704.498,
              "Actual Total Time": 2704.501,
              "Actual Rows": 1,
              "Actual Loops": 7,
              "Plans": [
                {
                  "Node Type": "Hash Join",
                  "Parent Relationship": "Outer",
                  "Parallel Aware": true,
                  "Join Type": "Inner",
                  "Startup Cost": 50053.15,
                  "Total Cost": 392518.42,
                  "Plan Rows": 3154479,
                  "Plan Width": 0,
                  "Actual Startup Time": 197.803,
                  "Actual Total Time": 2573.185,
                  "Actual Rows": 2660953,
                  "Actual Loops": 7,
                  "Inner Unique": true,
                  "Hash Cond": "(ci.movie_id = t.id)",
                  "Plans": [
                    {
                      "Node Type": "Seq Scan",
                      "Parent Relationship": "Outer",
                      "Parallel Aware": true,
                      "Relation Name": "cast_info",
                      "Alias": "ci",
                      "Startup Cost": 0.0,
                      "Total Cost": 328162.03,
                      "Plan Rows": 5448849,
                      "Plan Width": 4,
                      "Actual Startup Time": 0.026,
                      "Actual Total Time": 692.944,
                      "Actual Rows": 4695823,
                      "Actual Loops": 7,
                      "Filter": "(person_id < 3442299)",
                      "Rows Removed by Filter": 481940
                    },
                    {
                      "Node Type": "Hash",
                      "Parent Relationship": "Inner",
                      "Parallel Aware": true,
                      "Startup Cost": 45479.1,
                      "Total Cost": 45479.1,
                      "Plan Rows": 365924,
                      "Plan Width": 4,
                      "Actual Startup Time": 192.7,
                      "Actual Total Time": 192.701,
                      "Actual Rows": 207209,
                      "Actual Loops": 7,
                      "Hash Buckets": 2097152,
                      "Original Hash Buckets": 2097152,
                      "Hash Batches": 1,
                      "Original Hash Batches": 1,
                      "Peak Memory Usage": 73248,
                      "Plans": [
                        {
                          "Node Type": "Seq Scan",
                          "Parent Relationship": "Outer",
                          "Parallel Aware": true,
                          "Relation Name": "title",
                          "Alias": "t",
                          "Startup Cost": 0.0,
                          "Total Cost": 45479.1,
                          "Plan Rows": 365924,
                          "Plan Width": 4,
                          "Actual Startup Time": 0.043,
                          "Actual Total Time": 84.789,
                          "Actual Rows": 207209,
                          "Actual Loops": 7,
                          "Filter": "((kind_id > 4) AND (production_year < 2013))",
                          "Rows Removed by Filter": 153978
                        }
                      ]
                    }
                  ]
                }
              ]
            }
          ]
        }
      ]
    },
    "Planning Time": 0.649,
    "Triggers": [],
    "Execution Time": 2790.354
  }
]