{
  "Plan": {
    "Node Type": "Aggregate",
    "Strategy": "Plain",
    "Partial Mode": "Finalize",
    "Parallel Aware": false,
    "Startup Cost": 246770.94,
    "Total Cost": 246770.95,
    "Plan Rows": 1,
    "Plan Width": 8,
    "Actual Startup Time": 2539.473,
    "Actual Total Time": 2559.82,
    "Actual Rows": 1,
    "Actual Loops": 1,
    "Plans": [
      {
        "Node Type": "Gather",
        "Parent Relationship": "Outer",
        "Parallel Aware": false,
        "Startup Cost": 246770.83,
        "Total Cost": 246770.94,
        "Plan Rows": 1,
        "Plan Width": 8,
        "Actual Startup Time": 2538.441,
        "Actual Total Time": 2559.813,
        "Actual Rows": 2,
        "Actual Loops": 1,
        "Workers Planned": 1,
        "Workers Launched": 1,
        "Single Copy": false,
        "Plans": [
          {
            "Node Type": "Aggregate",
            "Strategy": "Plain",
            "Partial Mode": "Partial",
            "Parent Relationship": "Outer",
            "Parallel Aware": false,
            "Startup Cost": 245770.83,
            "Total Cost": 245770.84,
            "Plan Rows": 1,
            "Plan Width": 8,
            "Actual Startup Time": 2532.109,
            "Actual Total Time": 2532.113,
            "Actual Rows": 1,
            "Actual Loops": 2,
            "Plans": [
              {
                "Node Type": "Merge Join",
                "Parent Relationship": "Outer",
                "Parallel Aware": false,
                "Join Type": "Inner",
                "Startup Cost": 57200.87,
                "Total Cost": 245591.9,
                "Plan Rows": 71572,
                "Plan Width": 0,
                "Actual Startup Time": 295.3,
                "Actual Total Time": 2524.602,
                "Actual Rows": 143147,
                "Actual Loops": 2,
                "Inner Unique": false,
                "Merge Cond": "(mc.movie_id = t.id)",
                "Plans": [
                  {
                    "Node Type": "Sort",
                    "Parent Relationship": "Outer",
                    "Parallel Aware": false,
                    "Startup Cost": 57193.98,
                    "Total Cost": 57881.36,
                    "Plan Rows": 274951,
                    "Plan Width": 4,
                    "Actual Startup Time": 131.023,
                    "Actual Total Time": 146.958,
                    "Actual Rows": 237353,
                    "Actual Loops": 2,
                    "Sort Key": [
                      "mc.movie_id"
                    ],
                    "Sort Method": "quicksort",
                    "Sort Space Used": 26792,
                    "Sort Space Type": "Memory",
                    "Workers": [
                      {
                        "Worker Number": 0,
                        "Sort Method": "quicksort",
                        "Sort Space Used": 13893,
                        "Sort Space Type": "Memory"
                      }
                    ],
                    "Plans": [
                      {
                        "Node Type": "Bitmap Heap Scan",
                        "Parent Relationship": "Outer",
                        "Parallel Aware": true,
                        "Relation Name": "movie_companies",
                        "Alias": "mc",
                        "Startup Cost": 10126.9,
                        "Total Cost": 32353.79,
                        "Plan Rows": 274951,
                        "Plan Width": 4,
                        "Actual Startup Time": 35.119,
                        "Actual Total Time": 82.851,
                        "Actual Rows": 237353,
                        "Actual Loops": 2,
                        "Recheck Cond": "(company_id > 75665)",
                        "Rows Removed by Index Recheck": 0,
                        "Exact Heap Blocks": 4755,
                        "Lossy Heap Blocks": 0,
                        "Plans": [
                          {
                            "Node Type": "Bitmap Index Scan",
                            "Parent Relationship": "Outer",
                            "Parallel Aware": false,
                            "Index Name": "company_id_movie_companies",
                            "Startup Cost": 0.0,
                            "Total Cost": 10010.05,
                            "Plan Rows": 467416,
                            "Plan Width": 0,
                            "Actual Startup Time": 39.344,
                            "Actual Total Time": 39.345,
                            "Actual Rows": 474706,
                            "Actual Loops": 1,
                            "Index Cond": "(company_id > 75665)"
                          }
                        ]
                      }
                    ]
                  },
                  {
                    "Node Type": "Materialize",
                    "Parent Relationship": "Inner",
                    "Parallel Aware": false,
                    "Startup Cost": 3.24,
                    "Total Cost": 184850.83,
                    "Plan Rows": 658134,
                    "Plan Width": 8,
                    "Actual Startup Time": 0.081,
                    "Actual Total Time": 2309.102,
                    "Actual Rows": 584248,
                    "Actual Loops": 2,
                    "Plans": [
                      {
                        "Node Type": "Merge Join",
                        "Parent Relationship": "Outer",
                        "Parallel Aware": false,
                        "Join Type": "Inner",
                        "Startup Cost": 3.24,
                        "Total Cost": 183205.49,
                        "Plan Rows": 658134,
                        "Plan Width": 8,
                        "Actual Startup Time": 0.078,
                        "Actual Total Time": 2224.65,
                        "Actual Rows": 539714,
                        "Actual Loops": 2,
                        "Inner Unique": true,
                        "Merge Cond": "(mi_idx.movie_id = t.id)",
                        "Plans": [
                          {
                            "Node Type": "Index Only Scan",
                            "Parent Relationship": "Outer",
                            "Parallel Aware": false,
                            "Scan Direction": "Forward",
                            "Index Name": "movie_id_movie_info_idx",
                            "Relation Name": "movie_info_idx",
                            "Alias": "mi_idx",
                            "Startup Cost": 0.43,
                            "Total Cost": 53620.22,
                            "Plan Rows": 1380035,
                            "Plan Width": 4,
                            "Actual Startup Time": 0.042,
                            "Actual Total Time": 357.75,
                            "Actual Rows": 1380015,
                            "Actual Loops": 2,
                            "Heap Fetches": 2760030
                          },
                          {
                            "Node Type": "Index Scan",
                            "Parent Relationship": "Inner",
                            "Parallel Aware": false,
                            "Scan Direction": "Forward",
                            "Index Name": "title_pkey",
                            "Relation Name": "title",
                            "Alias": "t",
                            "Startup Cost": 0.43,
                            "Total Cost": 116660.7,
                            "Plan Rows": 1205734,
                            "Plan Width": 4,
                            "Actual Startup Time": 0.032,
                            "Actual Total Time": 1688.533,
                            "Actual Rows": 1192209,
                            "Actual Loops": 2,
                            "Filter": "(production_year > 2003)",
                            "Rows Removed by Filter": 1333565
                          }
                        ]
                      }
                    ]
                  }
                ]
              }
            ]
          }
        ]
      }
    ]
  },
  "Planning Time": 1.023,
  "Triggers": [],
  "Execution Time": 2559.937
}