[
    {
        "Bao": {
            "Bao prediction": "NaN",
            "Bao recommended hint": "(no hint)"
        }
    },
    {
        "Plan": {
            "Node Type": "Aggregate",
            "Strategy": "Plain",
            "Partial Mode": "Finalize",
            "Parallel Aware": false,
            "Startup Cost": 27141.27,
            "Total Cost": 27141.28,
            "Plan Rows": 1,
            "Plan Width": 8,
            "Actual Startup Time": 51.442,
            "Actual Total Time": 54.934,
            "Actual Rows": 1,
            "Actual Loops": 1,
            "Output": [
                "count(*)"
            ],
            "Plans": [
                {
                    "Node Type": "Gather",
                    "Parent Relationship": "Outer",
                    "Parallel Aware": false,
                    "Startup Cost": 27140.95,
                    "Total Cost": 27141.26,
                    "Plan Rows": 3,
                    "Plan Width": 8,
                    "Actual Startup Time": 51.268,
                    "Actual Total Time": 54.927,
                    "Actual Rows": 4,
                    "Actual Loops": 1,
                    "Output": [
                        "(PARTIAL count(*))"
                    ],
                    "Workers Planned": 3,
                    "Workers Launched": 3,
                    "Single Copy": false,
                    "Plans": [
                        {
                            "Node Type": "Aggregate",
                            "Strategy": "Plain",
                            "Partial Mode": "Partial",
                            "Parent Relationship": "Outer",
                            "Parallel Aware": false,
                            "Startup Cost": 26140.95,
                            "Total Cost": 26140.96,
                            "Plan Rows": 1,
                            "Plan Width": 8,
                            "Actual Startup Time": 42.766,
                            "Actual Total Time": 42.767,
                            "Actual Rows": 1,
                            "Actual Loops": 4,
                            "Output": [
                                "PARTIAL count(*)"
                            ],
                            "Workers": [
                                {
                                    "Worker Number": 0,
                                    "Actual Startup Time": 39.594,
                                    "Actual Total Time": 39.595,
                                    "Actual Rows": 1,
                                    "Actual Loops": 1
                                },
                                {
                                    "Worker Number": 1,
                                    "Actual Startup Time": 40.081,
                                    "Actual Total Time": 40.083,
                                    "Actual Rows": 1,
                                    "Actual Loops": 1
                                },
                                {
                                    "Worker Number": 2,
                                    "Actual Startup Time": 40.373,
                                    "Actual Total Time": 40.375,
                                    "Actual Rows": 1,
                                    "Actual Loops": 1
                                }
                            ],
                            "Plans": [
                                {
                                    "Node Type": "Bitmap Heap Scan",
                                    "Parent Relationship": "Outer",
                                    "Parallel Aware": true,
                                    "Relation Name": "movie_companies",
                                    "Schema": "public",
                                    "Alias": "mc",
                                    "Startup Cost": 6009.3,
                                    "Total Cost": 25917.34,
                                    "Plan Rows": 89443,
                                    "Plan Width": 0,
                                    "Actual Startup Time": 8.842,
                                    "Actual Total Time": 37.791,
                                    "Actual Rows": 70157,
                                    "Actual Loops": 4,
                                    "Recheck Cond": "(mc.company_id > 95855)",
                                    "Rows Removed by Index Recheck": 0,
                                    "Exact Heap Blocks": 2786,
                                    "Lossy Heap Blocks": 0,
                                    "Workers": [
                                        {
                                            "Worker Number": 0,
                                            "Actual Startup Time": 5.678,
                                            "Actual Total Time": 35.225,
                                            "Actual Rows": 37170,
                                            "Actual Loops": 1
                                        },
                                        {
                                            "Worker Number": 1,
                                            "Actual Startup Time": 6.324,
                                            "Actual Total Time": 35.662,
                                            "Actual Rows": 38740,
                                            "Actual Loops": 1
                                        },
                                        {
                                            "Worker Number": 2,
                                            "Actual Startup Time": 6.481,
                                            "Actual Total Time": 35.847,
                                            "Actual Rows": 39366,
                                            "Actual Loops": 1
                                        }
                                    ],
                                    "Plans": [
                                        {
                                            "Node Type": "Bitmap Index Scan",
                                            "Parent Relationship": "Outer",
                                            "Parallel Aware": false,
                                            "Index Name": "company_id_movie_companies",
                                            "Startup Cost": 0.0,
                                            "Total Cost": 5939.99,
                                            "Plan Rows": 277274,
                                            "Plan Width": 0,
                                            "Actual Startup Time": 16.172,
                                            "Actual Total Time": 16.173,
                                            "Actual Rows": 280629,
                                            "Actual Loops": 1,
                                            "Index Cond": "(mc.company_id > 95855)"
                                        }
                                    ]
                                }
                            ]
                        }
                    ]
                }
            ]
        },
        "Planning Time": 226.19,
        "Triggers": [],
        "Execution Time": 54.98
    }
]