[
    {
        "Bao": {
            "Bao prediction": "NaN",
            "Bao recommended hint": "(no hint)"
        }
    },
    {
        "Plan": {
            "Node Type": "Aggregate",
            "Strategy": "Plain",
            "Partial Mode": "Finalize",
            "Parallel Aware": false,
            "Startup Cost": 43219.41,
            "Total Cost": 43219.42,
            "Plan Rows": 1,
            "Plan Width": 8,
            "Actual Startup Time": 181.597,
            "Actual Total Time": 189.853,
            "Actual Rows": 1,
            "Actual Loops": 1,
            "Output": [
                "count(*)"
            ],
            "Plans": [
                {
                    "Node Type": "Gather",
                    "Parent Relationship": "Outer",
                    "Parallel Aware": false,
                    "Startup Cost": 43219.09,
                    "Total Cost": 43219.4,
                    "Plan Rows": 3,
                    "Plan Width": 8,
                    "Actual Startup Time": 181.298,
                    "Actual Total Time": 189.84,
                    "Actual Rows": 4,
                    "Actual Loops": 1,
                    "Output": [
                        "(PARTIAL count(*))"
                    ],
                    "Workers Planned": 3,
                    "Workers Launched": 3,
                    "Single Copy": false,
                    "Plans": [
                        {
                            "Node Type": "Aggregate",
                            "Strategy": "Plain",
                            "Partial Mode": "Partial",
                            "Parent Relationship": "Outer",
                            "Parallel Aware": false,
                            "Startup Cost": 42219.09,
                            "Total Cost": 42219.1,
                            "Plan Rows": 1,
                            "Plan Width": 8,
                            "Actual Startup Time": 171.686,
                            "Actual Total Time": 171.688,
                            "Actual Rows": 1,
                            "Actual Loops": 4,
                            "Output": [
                                "PARTIAL count(*)"
                            ],
                            "Workers": [
                                {
                                    "Worker Number": 0,
                                    "Actual Startup Time": 168.063,
                                    "Actual Total Time": 168.066,
                                    "Actual Rows": 1,
                                    "Actual Loops": 1
                                },
                                {
                                    "Worker Number": 1,
                                    "Actual Startup Time": 168.93,
                                    "Actual Total Time": 168.933,
                                    "Actual Rows": 1,
                                    "Actual Loops": 1
                                },
                                {
                                    "Worker Number": 2,
                                    "Actual Startup Time": 168.932,
                                    "Actual Total Time": 168.934,
                                    "Actual Rows": 1,
                                    "Actual Loops": 1
                                }
                            ],
                            "Plans": [
                                {
                                    "Node Type": "Bitmap Heap Scan",
                                    "Parent Relationship": "Outer",
                                    "Parallel Aware": true,
                                    "Relation Name": "movie_keyword",
                                    "Schema": "public",
                                    "Alias": "mk",
                                    "Startup Cost": 14465.41,
                                    "Total Cost": 41669.14,
                                    "Plan Rows": 219978,
                                    "Plan Width": 0,
                                    "Actual Startup Time": 65.891,
                                    "Actual Total Time": 160.759,
                                    "Actual Rows": 171578,
                                    "Actual Loops": 4,
                                    "Recheck Cond": "(mk.keyword_id < 569)",
                                    "Rows Removed by Index Recheck": 0,
                                    "Exact Heap Blocks": 7968,
                                    "Lossy Heap Blocks": 0,
                                    "Workers": [
                                        {
                                            "Worker Number": 0,
                                            "Actual Startup Time": 62.56,
                                            "Actual Total Time": 158.383,
                                            "Actual Rows": 117454,
                                            "Actual Loops": 1
                                        },
                                        {
                                            "Worker Number": 1,
                                            "Actual Startup Time": 63.177,
                                            "Actual Total Time": 159.118,
                                            "Actual Rows": 173540,
                                            "Actual Loops": 1
                                        },
                                        {
                                            "Worker Number": 2,
                                            "Actual Startup Time": 63.18,
                                            "Actual Total Time": 159.068,
                                            "Actual Rows": 173854,
                                            "Actual Loops": 1
                                        }
                                    ],
                                    "Plans": [
                                        {
                                            "Node Type": "Bitmap Index Scan",
                                            "Parent Relationship": "Outer",
                                            "Parallel Aware": false,
                                            "Index Name": "keyword_id_movie_keyword",
                                            "Startup Cost": 0.0,
                                            "Total Cost": 14294.93,
                                            "Plan Rows": 681933,
                                            "Plan Width": 0,
                                            "Actual Startup Time": 68.925,
                                            "Actual Total Time": 68.926,
                                            "Actual Rows": 686312,
                                            "Actual Loops": 1,
                                            "Index Cond": "(mk.keyword_id < 569)"
                                        }
                                    ]
                                }
                            ]
                        }
                    ]
                }
            ]
        },
        "Planning Time": 286.723,
        "Triggers": [],
        "Execution Time": 189.982
    }
]