[
  {
    "Plan": {
      "Node Type": "Aggregate",
      "Strategy": "Plain",
      "Partial Mode": "Finalize",
      "Parallel Aware": false,
      "Startup Cost": 439175.17,
      "Total Cost": 439175.18,
      "Plan Rows": 1,
      "Plan Width": 8,
      "Actual Startup Time": 1183.636,
      "Actual Total Time": 1217.462,
      "Actual Rows": 1,
      "Actual Loops": 1,
      "Plans": [
        {
          "Node Type": "Gather",
          "Parent Relationship": "Outer",
          "Parallel Aware": false,
          "Startup Cost": 439174.54,
          "Total Cost": 439175.15,
          "Plan Rows": 6,
          "Plan Width": 8,
          "Actual Startup Time": 1166.386,
          "Actual Total Time": 1217.451,
          "Actual Rows": 7,
          "Actual Loops": 1,
          "Workers Planned": 6,
          "Workers Launched": 6,
          "Single Copy": false,
          "Plans": [
            {
              "Node Type": "Aggregate",
              "Strategy": "Plain",
              "Partial Mode": "Partial",
              "Parent Relationship": "Outer",
              "Parallel Aware": false,
              "Startup Cost": 438174.54,
              "Total Cost": 438174.55,
              "Plan Rows": 1,
              "Plan Width": 8,
              "Actual Startup Time": 1154.879,
              "Actual Total Time": 1155.248,
              "Actual Rows": 1,
              "Actual Loops": 7,
              "Plans": [
                {
                  "Node Type": "Hash Join",
                  "Parent Relationship": "Outer",
                  "Parallel Aware": true,
                  "Join Type": "Inner",
                  "Startup Cost": 95714.77,
                  "Total Cost": 436414.53,
                  "Plan Rows": 704006,
                  "Plan Width": 0,
                  "Actual Startup Time": 378.812,
                  "Actual Total Time": 1092.546,
                  "Actual Rows": 1450382,
                  "Actual Loops": 7,
                  "Inner Unique": false,
                  "Hash Cond": "(ci.movie_id = t.id)",
                  "Plans": [
                    {
                      "Node Type": "Index Scan",
                      "Parent Relationship": "Outer",
                      "Parallel Aware": true,
                      "Scan Direction": "Forward",
                      "Index Name": "role_id_cast_info",
                      "Relation Name": "cast_info",
                      "Alias": "ci",
                      "Startup Cost": 0.56,
                      "Total Cost": 331632.96,
                      "Plan Rows": 1812365,
                      "Plan Width": 4,
                      "Actual Startup Time": 0.328,
                      "Actual Total Time": 343.862,
                      "Actual Rows": 1143604,
                      "Actual Loops": 7,
                      "Index Cond": "(role_id > 3)",
                      "Rows Removed by Index Recheck": 0,
                      "Filter": "(person_id < 3304520)",
                      "Rows Removed by Filter": 586917
                    },
                    {
                      "Node Type": "Hash",
                      "Parent Relationship": "Inner",
                      "Parallel Aware": true,
                      "Startup Cost": 91754.11,
                      "Total Cost": 91754.11,
                      "Plan Rows": 316808,
                      "Plan Width": 8,
                      "Actual Startup Time": 375.328,
                      "Actual Total Time": 375.696,
                      "Actual Rows": 189687,
                      "Actual Loops": 7,
                      "Hash Buckets": 2097152,
                      "Original Hash Buckets": 1048576,
                      "Hash Batches": 1,
                      "Original Hash Batches": 1,
                      "Peak Memory Usage": 76640,
                      "Plans": [
                        {
                          "Node Type": "Hash Join",
                          "Parent Relationship": "Outer",
                          "Parallel Aware": true,
                          "Join Type": "Inner",
                          "Startup Cost": 46769.59,
                          "Total Cost": 91754.11,
                          "Plan Rows": 316808,
                          "Plan Width": 8,
                          "Actual Startup Time": 151.409,
                          "Actual Total Time": 294.396,
                          "Actual Rows": 189687,
                          "Actual Loops": 7,
                          "Inner Unique": true,
                          "Hash Cond": "(mk.movie_id = t.id)",
                          "Plans": [
                            {
                              "Node Type": "Seq Scan",
                              "Parent Relationship": "Outer",
                              "Parallel Aware": true,
                              "Relation Name": "movie_keyword",
                              "Alias": "mk",
                              "Startup Cost": 0.0,
                              "Total Cost": 42695.65,
                              "Plan Rows": 871948,
                              "Plan Width": 4,
                              "Actual Startup Time": 0.032,
                              "Actual Total Time": 76.844,
                              "Actual Rows": 384604,
                              "Actual Loops": 7,
                              "Filter": "(keyword_id < 7618)",
                              "Rows Removed by Filter": 261672
                            },
                            {
                              "Node Type": "Hash",
                              "Parent Relationship": "Inner",
                              "Parallel Aware": true,
                              "Startup Cost": 43898.92,
                              "Total Cost": 43898.92,
                              "Plan Rows": 229654,
                              "Plan Width": 4,
                              "Actual Startup Time": 149.655,
                              "Actual Total Time": 149.656,
                              "Actual Rows": 132086,
                              "Actual Loops": 7,
                              "Hash Buckets": 1048576,
                              "Original Hash Buckets": 1048576,
                              "Hash Batches": 1,
                              "Original Hash Batches": 1,
                              "Peak Memory Usage": 44480,
                              "Plans": [
                                {
                                  "Node Type": "Seq Scan",
                                  "Parent Relationship": "Outer",
                                  "Parallel Aware": true,
                                  "Relation Name": "title",
                                  "Alias": "t",
                                  "Startup Cost": 0.0,
                                  "Total Cost": 43898.92,
                                  "Plan Rows": 229654,
                                  "Plan Width": 4,
                                  "Actual Startup Time": 0.047,
                                  "Actual Total Time": 81.265,
                                  "Actual Rows": 132086,
                                  "Actual Loops": 7,
                                  "Filter": "(production_year < 1998)",
                                  "Rows Removed by Filter": 229101
                                }
                              ]
                            }
                          ]
                        }
                      ]
                    }
                  ]
                }
              ]
            }
          ]
        }
      ]
    },
    "Planning Time": 1.441,
    "Triggers": [],
    "Execution Time": 1217.578
  }
]