[
  {
    "Plan": {
      "Node Type": "Aggregate",
      "Strategy": "Plain",
      "Partial Mode": "Finalize",
      "Parallel Aware": false,
      "Startup Cost": 352947.72,
      "Total Cost": 352947.73,
      "Plan Rows": 1,
      "Plan Width": 8,
      "Actual Startup Time": 875.017,
      "Actual Total Time": 918.9,
      "Actual Rows": 1,
      "Actual Loops": 1,
      "Plans": [
        {
          "Node Type": "Gather",
          "Parent Relationship": "Outer",
          "Parallel Aware": false,
          "Startup Cost": 352947.09,
          "Total Cost": 352947.7,
          "Plan Rows": 6,
          "Plan Width": 8,
          "Actual Startup Time": 874.839,
          "Actual Total Time": 918.886,
          "Actual Rows": 7,
          "Actual Loops": 1,
          "Workers Planned": 6,
          "Workers Launched": 6,
          "Single Copy": false,
          "Plans": [
            {
              "Node Type": "Aggregate",
              "Strategy": "Plain",
              "Partial Mode": "Partial",
              "Parent Relationship": "Outer",
              "Parallel Aware": false,
              "Startup Cost": 351947.09,
              "Total Cost": 351947.1,
              "Plan Rows": 1,
              "Plan Width": 8,
              "Actual Startup Time": 867.274,
              "Actual Total Time": 867.276,
              "Actual Rows": 1,
              "Actual Loops": 7,
              "Plans": [
                {
                  "Node Type": "Seq Scan",
                  "Parent Relationship": "Outer",
                  "Parallel Aware": true,
                  "Relation Name": "cast_info",
                  "Alias": "ci",
                  "Startup Cost": 0.0,
                  "Total Cost": 343316.27,
                  "Plan Rows": 3452328,
                  "Plan Width": 0,
                  "Actual Startup Time": 234.235,
                  "Actual Total Time": 727.13,
                  "Actual Rows": 2750098,
                  "Actual Loops": 7,
                  "Filter": "((person_id < 3270420) AND (role_id > 1))",
                  "Rows Removed by Filter": 2427666
                }
              ]
            }
          ]
        }
      ]
    },
    "Planning Time": 0.134,
    "Triggers": [],
    "Execution Time": 918.951
  }
]