[
  {
    "Plan": {
      "Node Type": "Aggregate",
      "Strategy": "Plain",
      "Partial Mode": "Finalize",
      "Parallel Aware": false,
      "Startup Cost": 53008.55,
      "Total Cost": 53008.56,
      "Plan Rows": 1,
      "Plan Width": 8,
      "Actual Startup Time": 105.838,
      "Actual Total Time": 120.503,
      "Actual Rows": 1,
      "Actual Loops": 1,
      "Plans": [
        {
          "Node Type": "Gather",
          "Parent Relationship": "Outer",
          "Parallel Aware": false,
          "Startup Cost": 53008.13,
          "Total Cost": 53008.54,
          "Plan Rows": 4,
          "Plan Width": 8,
          "Actual Startup Time": 105.658,
          "Actual Total Time": 120.494,
          "Actual Rows": 5,
          "Actual Loops": 1,
          "Workers Planned": 4,
          "Workers Launched": 4,
          "Single Copy": false,
          "Plans": [
            {
              "Node Type": "Aggregate",
              "Strategy": "Plain",
              "Partial Mode": "Partial",
              "Parent Relationship": "Outer",
              "Parallel Aware": false,
              "Startup Cost": 52008.13,
              "Total Cost": 52008.14,
              "Plan Rows": 1,
              "Plan Width": 8,
              "Actual Startup Time": 98.038,
              "Actual Total Time": 98.04,
              "Actual Rows": 1,
              "Actual Loops": 5,
              "Plans": [
                {
                  "Node Type": "Nested Loop",
                  "Parent Relationship": "Outer",
                  "Parallel Aware": false,
                  "Join Type": "Inner",
                  "Startup Cost": 0.86,
                  "Total Cost": 52007.79,
                  "Plan Rows": 135,
                  "Plan Width": 0,
                  "Actual Startup Time": 51.836,
                  "Actual Total Time": 98.014,
                  "Actual Rows": 114,
                  "Actual Loops": 5,
                  "Inner Unique": false,
                  "Join Filter": "(t.id = mc.movie_id)",
                  "Rows Removed by Join Filter": 0,
                  "Plans": [
                    {
                      "Node Type": "Nested Loop",
                      "Parent Relationship": "Outer",
                      "Parallel Aware": false,
                      "Join Type": "Inner",
                      "Startup Cost": 0.43,
                      "Total Cost": 51714.93,
                      "Plan Rows": 447,
                      "Plan Width": 8,
                      "Actual Startup Time": 30.817,
                      "Actual Total Time": 95.333,
                      "Actual Rows": 310,
                      "Actual Loops": 5,
                      "Inner Unique": false,
                      "Plans": [
                        {
                          "Node Type": "Seq Scan",
                          "Parent Relationship": "Outer",
                          "Parallel Aware": true,
                          "Relation Name": "title",
                          "Alias": "t",
                          "Startup Cost": 0.0,
                          "Total Cost": 43899.32,
                          "Plan Rows": 875,
                          "Plan Width": 4,
                          "Actual Startup Time": 2.52,
                          "Actual Total Time": 86.421,
                          "Actual Rows": 703,
                          "Actual Loops": 5,
                          "Filter": "(production_year > 2013)",
                          "Rows Removed by Filter": 504959
                        },
                        {
                          "Node Type": "Index Scan",
                          "Parent Relationship": "Inner",
                          "Parallel Aware": false,
                          "Scan Direction": "Forward",
                          "Index Name": "movie_id_movie_keyword",
                          "Relation Name": "movie_keyword",
                          "Alias": "mk",
                          "Startup Cost": 0.43,
                          "Total Cost": 8.8,
                          "Plan Rows": 13,
                          "Plan Width": 4,
                          "Actual Startup Time": 0.012,
                          "Actual Total Time": 0.012,
                          "Actual Rows": 0,
                          "Actual Loops": 3515,
                          "Index Cond": "(movie_id = t.id)",
                          "Rows Removed by Index Recheck": 0,
                          "Filter": "(keyword_id > 13699)",
                          "Rows Removed by Filter": 1
                        }
                      ]
                    },
                    {
                      "Node Type": "Index Scan",
                      "Parent Relationship": "Inner",
                      "Parallel Aware": false,
                      "Scan Direction": "Forward",
                      "Index Name": "movie_id_movie_companies",
                      "Relation Name": "movie_companies",
                      "Alias": "mc",
                      "Startup Cost": 0.43,
                      "Total Cost": 0.63,
                      "Plan Rows": 2,
                      "Plan Width": 4,
                      "Actual Startup Time": 0.008,
                      "Actual Total Time": 0.008,
                      "Actual Rows": 0,
                      "Actual Loops": 1550,
                      "Index Cond": "(movie_id = mk.movie_id)",
                      "Rows Removed by Index Recheck": 0,
                      "Filter": "((company_id < 15194) AND (company_type_id < 2))",
                      "Rows Removed by Filter": 2
                    }
                  ]
                }
              ]
            }
          ]
        }
      ]
    },
    "Planning Time": 1.305,
    "Triggers": [],
    "Execution Time": 120.576
  }
]