[
  {
    "Plan": {
      "Node Type": "Aggregate",
      "Strategy": "Plain",
      "Partial Mode": "Simple",
      "Parallel Aware": false,
      "Startup Cost": 16600.64,
      "Total Cost": 16600.65,
      "Plan Rows": 1,
      "Plan Width": 8,
      "Actual Startup Time": 4.532,
      "Actual Total Time": 4.533,
      "Actual Rows": 1,
      "Actual Loops": 1,
      "Plans": [
        {
          "Node Type": "Bitmap Heap Scan",
          "Parent Relationship": "Outer",
          "Parallel Aware": false,
          "Relation Name": "movie_companies",
          "Alias": "mc",
          "Startup Cost": 217.95,
          "Total Cost": 16575.64,
          "Plan Rows": 10002,
          "Plan Width": 0,
          "Actual Startup Time": 1.162,
          "Actual Total Time": 3.884,
          "Actual Rows": 8702,
          "Actual Loops": 1,
          "Recheck Cond": "(company_id = 596)",
          "Rows Removed by Index Recheck": 0,
          "Exact Heap Blocks": 821,
          "Lossy Heap Blocks": 0,
          "Plans": [
            {
              "Node Type": "Bitmap Index Scan",
              "Parent Relationship": "Outer",
              "Parallel Aware": false,
              "Index Name": "company_id_movie_companies",
              "Startup Cost": 0.0,
              "Total Cost": 215.44,
              "Plan Rows": 10002,
              "Plan Width": 0,
              "Actual Startup Time": 1.029,
              "Actual Total Time": 1.029,
              "Actual Rows": 8702,
              "Actual Loops": 1,
              "Index Cond": "(company_id = 596)"
            }
          ]
        }
      ]
    },
    "Planning Time": 0.095,
    "Triggers": [],
    "Execution Time": 4.565
  }
]