[
  {
    "Plan": {
      "Node Type": "Aggregate",
      "Strategy": "Plain",
      "Partial Mode": "Simple",
      "Parallel Aware": false,
      "Startup Cost": 15279.47,
      "Total Cost": 15279.48,
      "Plan Rows": 1,
      "Plan Width": 8,
      "Actual Startup Time": 8.437,
      "Actual Total Time": 8.44,
      "Actual Rows": 1,
      "Actual Loops": 1,
      "Plans": [
        {
          "Node Type": "Bitmap Heap Scan",
          "Parent Relationship": "Outer",
          "Parallel Aware": false,
          "Relation Name": "movie_companies",
          "Alias": "mc",
          "Startup Cost": 185.13,
          "Total Cost": 15258.6,
          "Plan Rows": 8349,
          "Plan Width": 0,
          "Actual Startup Time": 1.665,
          "Actual Total Time": 6.921,
          "Actual Rows": 8702,
          "Actual Loops": 1,
          "Recheck Cond": "(company_id = 596)",
          "Rows Removed by Index Recheck": 0,
          "Exact Heap Blocks": 821,
          "Lossy Heap Blocks": 0,
          "Plans": [
            {
              "Node Type": "Bitmap Index Scan",
              "Parent Relationship": "Outer",
              "Parallel Aware": false,
              "Index Name": "company_id_movie_companies",
              "Startup Cost": 0.0,
              "Total Cost": 183.05,
              "Plan Rows": 8349,
              "Plan Width": 0,
              "Actual Startup Time": 1.373,
              "Actual Total Time": 1.374,
              "Actual Rows": 8702,
              "Actual Loops": 1,
              "Index Cond": "(company_id = 596)"
            }
          ]
        }
      ]
    },
    "Planning Time": 0.188,
    "Triggers": [],
    "Execution Time": 8.508
  }
]