{
  "Plan": {
    "Node Type": "Aggregate",
    "Strategy": "Plain",
    "Partial Mode": "Finalize",
    "Parallel Aware": false,
    "Startup Cost": 736507.77,
    "Total Cost": 736507.78,
    "Plan Rows": 1,
    "Plan Width": 8,
    "Actual Startup Time": 4911.07,
    "Actual Total Time": 4966.647,
    "Actual Rows": 1,
    "Actual Loops": 1,
    "Plans": [
      {
        "Node Type": "Gather",
        "Parent Relationship": "Outer",
        "Parallel Aware": false,
        "Startup Cost": 736507.65,
        "Total Cost": 736507.76,
        "Plan Rows": 1,
        "Plan Width": 8,
        "Actual Startup Time": 4909.656,
        "Actual Total Time": 4966.635,
        "Actual Rows": 2,
        "Actual Loops": 1,
        "Workers Planned": 1,
        "Workers Launched": 1,
        "Single Copy": false,
        "Plans": [
          {
            "Node Type": "Aggregate",
            "Strategy": "Plain",
            "Partial Mode": "Partial",
            "Parent Relationship": "Outer",
            "Parallel Aware": false,
            "Startup Cost": 735507.65,
            "Total Cost": 735507.66,
            "Plan Rows": 1,
            "Plan Width": 8,
            "Actual Startup Time": 4906.353,
            "Actual Total Time": 4906.601,
            "Actual Rows": 1,
            "Actual Loops": 2,
            "Plans": [
              {
                "Node Type": "Hash Join",
                "Parent Relationship": "Outer",
                "Parallel Aware": true,
                "Join Type": "Inner",
                "Startup Cost": 109463.85,
                "Total Cost": 725899.42,
                "Plan Rows": 3843295,
                "Plan Width": 0,
                "Actual Startup Time": 629.612,
                "Actual Total Time": 4769.742,
                "Actual Rows": 3247581,
                "Actual Loops": 2,
                "Inner Unique": false,
                "Hash Cond": "(ci.movie_id = t.id)",
                "Plans": [
                  {
                    "Node Type": "Seq Scan",
                    "Parent Relationship": "Outer",
                    "Parallel Aware": true,
                    "Relation Name": "cast_info",
                    "Alias": "ci",
                    "Startup Cost": 0.0,
                    "Total Cost": 519069.44,
                    "Plan Rows": 19935612,
                    "Plan Width": 4,
                    "Actual Startup Time": 0.017,
                    "Actual Total Time": 1636.911,
                    "Actual Rows": 17001064,
                    "Actual Loops": 2,
                    "Filter": "(person_id < 3623661)",
                    "Rows Removed by Filter": 1121108
                  },
                  {
                    "Node Type": "Hash",
                    "Parent Relationship": "Inner",
                    "Parallel Aware": true,
                    "Startup Cost": 105879.9,
                    "Total Cost": 105879.9,
                    "Plan Rows": 286716,
                    "Plan Width": 8,
                    "Actual Startup Time": 625.072,
                    "Actual Total Time": 625.318,
                    "Actual Rows": 137264,
                    "Actual Loops": 2,
                    "Hash Buckets": 524288,
                    "Original Hash Buckets": 524288,
                    "Hash Batches": 1,
                    "Original Hash Batches": 1,
                    "Peak Memory Usage": 14880,
                    "Plans": [
                      {
                        "Node Type": "Hash Join",
                        "Parent Relationship": "Outer",
                        "Parallel Aware": true,
                        "Join Type": "Inner",
                        "Startup Cost": 43081.57,
                        "Total Cost": 105879.9,
                        "Plan Rows": 286716,
                        "Plan Width": 8,
                        "Actual Startup Time": 200.76,
                        "Actual Total Time": 585.296,
                        "Actual Rows": 137264,
                        "Actual Loops": 2,
                        "Inner Unique": false,
                        "Hash Cond": "(t.id = mc.movie_id)",
                        "Plans": [
                          {
                            "Node Type": "Seq Scan",
                            "Parent Relationship": "Outer",
                            "Parallel Aware": true,
                            "Relation Name": "title",
                            "Alias": "t",
                            "Startup Cost": 0.0,
                            "Total Cost": 54588.39,
                            "Plan Rows": 1043739,
                            "Plan Width": 4,
                            "Actual Startup Time": 0.01,
                            "Actual Total Time": 140.998,
                            "Actual Rows": 887318,
                            "Actual Loops": 2,
                            "Filter": "(kind_id > 2)",
                            "Rows Removed by Filter": 376838
                          },
                          {
                            "Node Type": "Hash",
                            "Parent Relationship": "Inner",
                            "Parallel Aware": true,
                            "Startup Cost": 37974.77,
                            "Total Cost": 37974.77,
                            "Plan Rows": 408544,
                            "Plan Width": 4,
                            "Actual Startup Time": 195.387,
                            "Actual Total Time": 195.388,
                            "Actual Rows": 355201,
                            "Actual Loops": 2,
                            "Hash Buckets": 1048576,
                            "Original Hash Buckets": 1048576,
                            "Hash Batches": 1,
                            "Original Hash Batches": 1,
                            "Peak Memory Usage": 36032,
                            "Plans": [
                              {
                                "Node Type": "Seq Scan",
                                "Parent Relationship": "Outer",
                                "Parallel Aware": true,
                                "Relation Name": "movie_companies",
                                "Alias": "mc",
                                "Startup Cost": 0.0,
                                "Total Cost": 37974.77,
                                "Plan Rows": 408544,
                                "Plan Width": 4,
                                "Actual Startup Time": 36.95,
                                "Actual Total Time": 117.724,
                                "Actual Rows": 355201,
                                "Actual Loops": 2,
                                "Filter": "(company_id > 43863)",
                                "Rows Removed by Filter": 949364
                              }
                            ]
                          }
                        ]
                      }
                    ]
                  }
                ]
              }
            ]
          }
        ]
      }
    ]
  },
  "Planning Time": 0.591,
  "Triggers": [],
  "Execution Time": 4966.718
}