[
  {
    "Plan": {
      "Node Type": "Aggregate",
      "Strategy": "Plain",
      "Partial Mode": "Finalize",
      "Parallel Aware": false,
      "Startup Cost": 333507.65,
      "Total Cost": 333507.66,
      "Plan Rows": 1,
      "Plan Width": 8,
      "Actual Startup Time": 6056.412,
      "Actual Total Time": 6105.743,
      "Actual Rows": 1,
      "Actual Loops": 1,
      "Plans": [
        {
          "Node Type": "Gather",
          "Parent Relationship": "Outer",
          "Parallel Aware": false,
          "Startup Cost": 333507.12,
          "Total Cost": 333507.63,
          "Plan Rows": 5,
          "Plan Width": 8,
          "Actual Startup Time": 6034.395,
          "Actual Total Time": 6105.734,
          "Actual Rows": 6,
          "Actual Loops": 1,
          "Workers Planned": 5,
          "Workers Launched": 5,
          "Single Copy": false,
          "Plans": [
            {
              "Node Type": "Aggregate",
              "Strategy": "Plain",
              "Partial Mode": "Partial",
              "Parent Relationship": "Outer",
              "Parallel Aware": false,
              "Startup Cost": 332507.12,
              "Total Cost": 332507.13,
              "Plan Rows": 1,
              "Plan Width": 8,
              "Actual Startup Time": 5990.959,
              "Actual Total Time": 5990.965,
              "Actual Rows": 1,
              "Actual Loops": 6,
              "Plans": [
                {
                  "Node Type": "Hash Join",
                  "Parent Relationship": "Outer",
                  "Parallel Aware": true,
                  "Join Type": "Inner",
                  "Startup Cost": 108686.49,
                  "Total Cost": 323337.73,
                  "Plan Rows": 3667758,
                  "Plan Width": 0,
                  "Actual Startup Time": 1036.482,
                  "Actual Total Time": 4458.065,
                  "Actual Rows": 27878473,
                  "Actual Loops": 6,
                  "Inner Unique": false,
                  "Hash Cond": "(mi.movie_id = t.id)",
                  "Plans": [
                    {
                      "Node Type": "Seq Scan",
                      "Parent Relationship": "Outer",
                      "Parallel Aware": true,
                      "Relation Name": "movie_info",
                      "Alias": "mi",
                      "Startup Cost": 0.0,
                      "Total Cost": 191685.19,
                      "Plan Rows": 2969219,
                      "Plan Width": 4,
                      "Actual Startup Time": 0.043,
                      "Actual Total Time": 358.295,
                      "Actual Rows": 2472620,
                      "Actual Loops": 6
                    },
                    {
                      "Node Type": "Hash",
                      "Parent Relationship": "Inner",
                      "Parallel Aware": true,
                      "Startup Cost": 96092.71,
                      "Total Cost": 96092.71,
                      "Plan Rows": 1007503,
                      "Plan Width": 8,
                      "Actual Startup Time": 1024.889,
                      "Actual Total Time": 1024.893,
                      "Actual Rows": 474483,
                      "Actual Loops": 6,
                      "Hash Buckets": 4194304,
                      "Original Hash Buckets": 4194304,
                      "Hash Batches": 1,
                      "Original Hash Batches": 1,
                      "Peak Memory Usage": 144256,
                      "Plans": [
                        {
                          "Node Type": "Hash Join",
                          "Parent Relationship": "Outer",
                          "Parallel Aware": true,
                          "Join Type": "Inner",
                          "Startup Cost": 49934.68,
                          "Total Cost": 96092.71,
                          "Plan Rows": 1007503,
                          "Plan Width": 8,
                          "Actual Startup Time": 445.463,
                          "Actual Total Time": 731.308,
                          "Actual Rows": 474483,
                          "Actual Loops": 6,
                          "Inner Unique": true,
                          "Hash Cond": "(mk.movie_id = t.id)",
                          "Plans": [
                            {
                              "Node Type": "Seq Scan",
                              "Parent Relationship": "Outer",
                              "Parallel Aware": true,
                              "Relation Name": "movie_keyword",
                              "Alias": "mk",
                              "Startup Cost": 0.0,
                              "Total Cost": 42695.65,
                              "Plan Rows": 1318993,
                              "Plan Width": 4,
                              "Actual Startup Time": 0.058,
                              "Actual Total Time": 129.736,
                              "Actual Rows": 681290,
                              "Actual Loops": 6,
                              "Filter": "(keyword_id > 335)",
                              "Rows Removed by Filter": 72698
                            },
                            {
                              "Node Type": "Hash",
                              "Parent Relationship": "Inner",
                              "Parallel Aware": true,
                              "Startup Cost": 43899.32,
                              "Total Cost": 43899.32,
                              "Plan Rows": 482829,
                              "Plan Width": 4,
                              "Actual Startup Time": 440.376,
                              "Actual Total Time": 440.377,
                              "Actual Rows": 319671,
                              "Actual Loops": 6,
                              "Hash Buckets": 2097152,
                              "Original Hash Buckets": 2097152,
                              "Hash Batches": 1,
                              "Original Hash Batches": 1,
                              "Peak Memory Usage": 91520,
                              "Plans": [
                                {
                                  "Node Type": "Seq Scan",
                                  "Parent Relationship": "Outer",
                                  "Parallel Aware": true,
                                  "Relation Name": "title",
                                  "Alias": "t",
                                  "Startup Cost": 0.0,
                                  "Total Cost": 43899.32,
                                  "Plan Rows": 482829,
                                  "Plan Width": 4,
                                  "Actual Startup Time": 0.064,
                                  "Actual Total Time": 127.367,
                                  "Actual Rows": 319671,
                                  "Actual Loops": 6,
                                  "Filter": "(production_year > 1981)",
                                  "Rows Removed by Filter": 101714
                                }
                              ]
                            }
                          ]
                        }
                      ]
                    }
                  ]
                }
              ]
            }
          ]
        }
      ]
    },
    "Planning Time": 0.638,
    "Triggers": [],
    "Execution Time": 6105.803
  }
]