[
  {
    "Plan": {
      "Node Type": "Aggregate",
      "Strategy": "Plain",
      "Partial Mode": "Finalize",
      "Parallel Aware": false,
      "Startup Cost": 278167.01,
      "Total Cost": 278167.02,
      "Plan Rows": 1,
      "Plan Width": 8,
      "Actual Startup Time": 1605.847,
      "Actual Total Time": 1688.102,
      "Actual Rows": 1,
      "Actual Loops": 1,
      "Plans": [
        {
          "Node Type": "Gather",
          "Parent Relationship": "Outer",
          "Parallel Aware": false,
          "Startup Cost": 278166.49,
          "Total Cost": 278167.0,
          "Plan Rows": 5,
          "Plan Width": 8,
          "Actual Startup Time": 1603.272,
          "Actual Total Time": 1688.079,
          "Actual Rows": 6,
          "Actual Loops": 1,
          "Workers Planned": 5,
          "Workers Launched": 5,
          "Single Copy": false,
          "Plans": [
            {
              "Node Type": "Aggregate",
              "Strategy": "Plain",
              "Partial Mode": "Partial",
              "Parent Relationship": "Outer",
              "Parallel Aware": false,
              "Startup Cost": 277166.49,
              "Total Cost": 277166.5,
              "Plan Rows": 1,
              "Plan Width": 8,
              "Actual Startup Time": 1595.828,
              "Actual Total Time": 1595.832,
              "Actual Rows": 1,
              "Actual Loops": 6,
              "Plans": [
                {
                  "Node Type": "Nested Loop",
                  "Parent Relationship": "Outer",
                  "Parallel Aware": false,
                  "Join Type": "Inner",
                  "Startup Cost": 53358.94,
                  "Total Cost": 277083.05,
                  "Plan Rows": 33374,
                  "Plan Width": 0,
                  "Actual Startup Time": 148.299,
                  "Actual Total Time": 1582.913,
                  "Actual Rows": 224501,
                  "Actual Loops": 6,
                  "Inner Unique": false,
                  "Plans": [
                    {
                      "Node Type": "Hash Join",
                      "Parent Relationship": "Outer",
                      "Parallel Aware": true,
                      "Join Type": "Inner",
                      "Startup Cost": 53358.37,
                      "Total Cost": 216472.61,
                      "Plan Rows": 11050,
                      "Plan Width": 8,
                      "Actual Startup Time": 147.586,
                      "Actual Total Time": 184.099,
                      "Actual Rows": 30464,
                      "Actual Loops": 6,
                      "Inner Unique": true,
                      "Hash Cond": "(mi.movie_id = t.id)",
                      "Plans": [
                        {
                          "Node Type": "Bitmap Heap Scan",
                          "Parent Relationship": "Outer",
                          "Parallel Aware": true,
                          "Relation Name": "movie_info",
                          "Alias": "mi",
                          "Startup Cost": 6701.03,
                          "Total Cost": 169620.68,
                          "Plan Rows": 74132,
                          "Plan Width": 4,
                          "Actual Startup Time": 19.913,
                          "Actual Total Time": 41.292,
                          "Actual Rows": 61370,
                          "Actual Loops": 6,
                          "Recheck Cond": "(info_type_id = 17)",
                          "Rows Removed by Index Recheck": 0,
                          "Exact Heap Blocks": 1842,
                          "Lossy Heap Blocks": 0,
                          "Plans": [
                            {
                              "Node Type": "Bitmap Index Scan",
                              "Parent Relationship": "Outer",
                              "Parallel Aware": false,
                              "Index Name": "info_type_id_movie_info",
                              "Startup Cost": 0.0,
                              "Total Cost": 6608.37,
                              "Plan Rows": 370658,
                              "Plan Width": 0,
                              "Actual Startup Time": 18.067,
                              "Actual Total Time": 18.068,
                              "Actual Rows": 368218,
                              "Actual Loops": 1,
                              "Index Cond": "(info_type_id = 17)"
                            }
                          ]
                        },
                        {
                          "Node Type": "Hash",
                          "Parent Relationship": "Inner",
                          "Parallel Aware": true,
                          "Startup Cost": 45479.59,
                          "Total Cost": 45479.59,
                          "Plan Rows": 94220,
                          "Plan Width": 4,
                          "Actual Startup Time": 118.284,
                          "Actual Total Time": 118.285,
                          "Actual Rows": 73338,
                          "Actual Loops": 6,
                          "Hash Buckets": 524288,
                          "Original Hash Buckets": 524288,
                          "Hash Batches": 1,
                          "Original Hash Batches": 1,
                          "Peak Memory Usage": 21408,
                          "Plans": [
                            {
                              "Node Type": "Seq Scan",
                              "Parent Relationship": "Outer",
                              "Parallel Aware": true,
                              "Relation Name": "title",
                              "Alias": "t",
                              "Startup Cost": 0.0,
                              "Total Cost": 45479.59,
                              "Plan Rows": 94220,
                              "Plan Width": 4,
                              "Actual Startup Time": 53.91,
                              "Actual Total Time": 88.171,
                              "Actual Rows": 73338,
                              "Actual Loops": 6,
                              "Filter": "((production_year < 2006) AND (kind_id = 1))",
                              "Rows Removed by Filter": 348047
                            }
                          ]
                        }
                      ]
                    },
                    {
                      "Node Type": "Index Scan",
                      "Parent Relationship": "Inner",
                      "Parallel Aware": false,
                      "Scan Direction": "Forward",
                      "Index Name": "movie_id_cast_info",
                      "Relation Name": "cast_info",
                      "Alias": "ci",
                      "Startup Cost": 0.56,
                      "Total Cost": 5.42,
                      "Plan Rows": 7,
                      "Plan Width": 4,
                      "Actual Startup Time": 0.029,
                      "Actual Total Time": 0.045,
                      "Actual Rows": 7,
                      "Actual Loops": 182783,
                      "Index Cond": "(movie_id = t.id)",
                      "Rows Removed by Index Recheck": 0,
                      "Filter": "((person_id < 1166737) AND (role_id > 1))",
                      "Rows Removed by Filter": 65
                    }
                  ]
                }
              ]
            }
          ]
        }
      ]
    },
    "Planning Time": 1.07,
    "Triggers": [],
    "Execution Time": 1688.228
  }
]