{
  "Plan": {
    "Node Type": "Aggregate",
    "Strategy": "Plain",
    "Partial Mode": "Finalize",
    "Parallel Aware": false,
    "Startup Cost": 81705.08,
    "Total Cost": 81705.09,
    "Plan Rows": 1,
    "Plan Width": 8,
    "Actual Startup Time": 431.147,
    "Actual Total Time": 441.545,
    "Actual Rows": 1,
    "Actual Loops": 1,
    "Plans": [
      {
        "Node Type": "Gather",
        "Parent Relationship": "Outer",
        "Parallel Aware": false,
        "Startup Cost": 81704.97,
        "Total Cost": 81705.08,
        "Plan Rows": 1,
        "Plan Width": 8,
        "Actual Startup Time": 430.478,
        "Actual Total Time": 441.537,
        "Actual Rows": 2,
        "Actual Loops": 1,
        "Workers Planned": 1,
        "Workers Launched": 1,
        "Single Copy": false,
        "Plans": [
          {
            "Node Type": "Aggregate",
            "Strategy": "Plain",
            "Partial Mode": "Partial",
            "Parent Relationship": "Outer",
            "Parallel Aware": false,
            "Startup Cost": 80704.97,
            "Total Cost": 80704.98,
            "Plan Rows": 1,
            "Plan Width": 8,
            "Actual Startup Time": 424.76,
            "Actual Total Time": 424.764,
            "Actual Rows": 1,
            "Actual Loops": 2,
            "Plans": [
              {
                "Node Type": "Hash Join",
                "Parent Relationship": "Outer",
                "Parallel Aware": true,
                "Join Type": "Inner",
                "Startup Cost": 62106.36,
                "Total Cost": 80290.14,
                "Plan Rows": 165929,
                "Plan Width": 0,
                "Actual Startup Time": 255.224,
                "Actual Total Time": 420.042,
                "Actual Rows": 92724,
                "Actual Loops": 2,
                "Inner Unique": true,
                "Hash Cond": "(mi_idx.movie_id = t.id)",
                "Plans": [
                  {
                    "Node Type": "Seq Scan",
                    "Parent Relationship": "Outer",
                    "Parallel Aware": true,
                    "Relation Name": "movie_info_idx",
                    "Alias": "mi_idx",
                    "Startup Cost": 0.0,
                    "Total Cost": 16052.85,
                    "Plan Rows": 811785,
                    "Plan Width": 4,
                    "Actual Startup Time": 0.018,
                    "Actual Total Time": 58.928,
                    "Actual Rows": 690018,
                    "Actual Loops": 2
                  },
                  {
                    "Node Type": "Hash",
                    "Parent Relationship": "Inner",
                    "Parallel Aware": true,
                    "Startup Cost": 58306.47,
                    "Total Cost": 58306.47,
                    "Plan Rows": 303991,
                    "Plan Width": 4,
                    "Actual Startup Time": 249.605,
                    "Actual Total Time": 249.606,
                    "Actual Rows": 193080,
                    "Actual Loops": 2,
                    "Hash Buckets": 524288,
                    "Original Hash Buckets": 524288,
                    "Hash Batches": 1,
                    "Original Hash Batches": 1,
                    "Peak Memory Usage": 19232,
                    "Plans": [
                      {
                        "Node Type": "Seq Scan",
                        "Parent Relationship": "Outer",
                        "Parallel Aware": true,
                        "Relation Name": "title",
                        "Alias": "t",
                        "Startup Cost": 0.0,
                        "Total Cost": 58306.47,
                        "Plan Rows": 303991,
                        "Plan Width": 4,
                        "Actual Startup Time": 0.029,
                        "Actual Total Time": 182.349,
                        "Actual Rows": 193080,
                        "Actual Loops": 2,
                        "Filter": "((kind_id > 1) AND (production_year < 1991))",
                        "Rows Removed by Filter": 1071076
                      }
                    ]
                  }
                ]
              }
            ]
          }
        ]
      }
    ]
  },
  "Planning Time": 0.412,
  "Triggers": [],
  "Execution Time": 441.613
}