[
    {
        "Bao": {
            "Bao prediction": "NaN",
            "Bao recommended hint": "(no hint)"
        }
    },
    {
        "Plan": {
            "Node Type": "Aggregate",
            "Strategy": "Plain",
            "Partial Mode": "Finalize",
            "Parallel Aware": false,
            "Startup Cost": 33344.52,
            "Total Cost": 33344.53,
            "Plan Rows": 1,
            "Plan Width": 8,
            "Actual Startup Time": 100.433,
            "Actual Total Time": 104.946,
            "Actual Rows": 1,
            "Actual Loops": 1,
            "Output": [
                "count(*)"
            ],
            "Plans": [
                {
                    "Node Type": "Gather",
                    "Parent Relationship": "Outer",
                    "Parallel Aware": false,
                    "Startup Cost": 33344.2,
                    "Total Cost": 33344.51,
                    "Plan Rows": 3,
                    "Plan Width": 8,
                    "Actual Startup Time": 100.366,
                    "Actual Total Time": 104.939,
                    "Actual Rows": 4,
                    "Actual Loops": 1,
                    "Output": [
                        "(PARTIAL count(*))"
                    ],
                    "Workers Planned": 3,
                    "Workers Launched": 3,
                    "Single Copy": false,
                    "Plans": [
                        {
                            "Node Type": "Aggregate",
                            "Strategy": "Plain",
                            "Partial Mode": "Partial",
                            "Parent Relationship": "Outer",
                            "Parallel Aware": false,
                            "Startup Cost": 32344.2,
                            "Total Cost": 32344.21,
                            "Plan Rows": 1,
                            "Plan Width": 8,
                            "Actual Startup Time": 93.737,
                            "Actual Total Time": 93.738,
                            "Actual Rows": 1,
                            "Actual Loops": 4,
                            "Output": [
                                "PARTIAL count(*)"
                            ],
                            "Workers": [
                                {
                                    "Worker Number": 0,
                                    "Actual Startup Time": 89.472,
                                    "Actual Total Time": 89.473,
                                    "Actual Rows": 1,
                                    "Actual Loops": 1
                                },
                                {
                                    "Worker Number": 1,
                                    "Actual Startup Time": 89.665,
                                    "Actual Total Time": 89.666,
                                    "Actual Rows": 1,
                                    "Actual Loops": 1
                                },
                                {
                                    "Worker Number": 2,
                                    "Actual Startup Time": 95.75,
                                    "Actual Total Time": 95.75,
                                    "Actual Rows": 1,
                                    "Actual Loops": 1
                                }
                            ],
                            "Plans": [
                                {
                                    "Node Type": "Seq Scan",
                                    "Parent Relationship": "Outer",
                                    "Parallel Aware": true,
                                    "Relation Name": "movie_companies",
                                    "Schema": "public",
                                    "Alias": "mc",
                                    "Startup Cost": 0.0,
                                    "Total Cost": 31414.82,
                                    "Plan Rows": 371753,
                                    "Plan Width": 0,
                                    "Actual Startup Time": 45.348,
                                    "Actual Total Time": 82.511,
                                    "Actual Rows": 244537,
                                    "Actual Loops": 4,
                                    "Output": [
                                        "id",
                                        "movie_id",
                                        "company_id",
                                        "company_type_id",
                                        "note"
                                    ],
                                    "Filter": "((mc.company_id < 87491) AND (mc.company_type_id > 1))",
                                    "Rows Removed by Filter": 407745,
                                    "Workers": [
                                        {
                                            "Worker Number": 0,
                                            "Actual Startup Time": 41.086,
                                            "Actual Total Time": 78.592,
                                            "Actual Rows": 259309,
                                            "Actual Loops": 1
                                        },
                                        {
                                            "Worker Number": 1,
                                            "Actual Startup Time": 41.281,
                                            "Actual Total Time": 79.152,
                                            "Actual Rows": 260518,
                                            "Actual Loops": 1
                                        },
                                        {
                                            "Worker Number": 2,
                                            "Actual Startup Time": 47.363,
                                            "Actual Total Time": 84.761,
                                            "Actual Rows": 260750,
                                            "Actual Loops": 1
                                        }
                                    ]
                                }
                            ]
                        }
                    ]
                }
            ]
        },
        "Planning Time": 267.217,
        "Triggers": [],
        "Execution Time": 105.021
    }
]