{
  "Plan": {
    "Node Type": "Aggregate",
    "Strategy": "Plain",
    "Partial Mode": "Finalize",
    "Parallel Aware": false,
    "Startup Cost": 643289.74,
    "Total Cost": 643289.75,
    "Plan Rows": 1,
    "Plan Width": 8,
    "Actual Startup Time": 4183.483,
    "Actual Total Time": 4251.371,
    "Actual Rows": 1,
    "Actual Loops": 1,
    "Plans": [
      {
        "Node Type": "Gather",
        "Parent Relationship": "Outer",
        "Parallel Aware": false,
        "Startup Cost": 643289.63,
        "Total Cost": 643289.74,
        "Plan Rows": 1,
        "Plan Width": 8,
        "Actual Startup Time": 4182.671,
        "Actual Total Time": 4251.362,
        "Actual Rows": 2,
        "Actual Loops": 1,
        "Workers Planned": 1,
        "Workers Launched": 1,
        "Single Copy": false,
        "Plans": [
          {
            "Node Type": "Aggregate",
            "Strategy": "Plain",
            "Partial Mode": "Partial",
            "Parent Relationship": "Outer",
            "Parallel Aware": false,
            "Startup Cost": 642289.63,
            "Total Cost": 642289.64,
            "Plan Rows": 1,
            "Plan Width": 8,
            "Actual Startup Time": 4176.28,
            "Actual Total Time": 4176.286,
            "Actual Rows": 1,
            "Actual Loops": 2,
            "Plans": [
              {
                "Node Type": "Hash Join",
                "Parent Relationship": "Outer",
                "Parallel Aware": true,
                "Join Type": "Inner",
                "Startup Cost": 87796.29,
                "Total Cost": 639669.33,
                "Plan Rows": 1048119,
                "Plan Width": 0,
                "Actual Startup Time": 363.685,
                "Actual Total Time": 4105.342,
                "Actual Rows": 1708712,
                "Actual Loops": 2,
                "Inner Unique": false,
                "Hash Cond": "(ci.movie_id = t.id)",
                "Plans": [
                  {
                    "Node Type": "Seq Scan",
                    "Parent Relationship": "Outer",
                    "Parallel Aware": true,
                    "Relation Name": "cast_info",
                    "Alias": "ci",
                    "Startup Cost": 0.0,
                    "Total Cost": 465792.95,
                    "Plan Rows": 21310595,
                    "Plan Width": 4,
                    "Actual Startup Time": 0.017,
                    "Actual Total Time": 1344.238,
                    "Actual Rows": 18122172,
                    "Actual Loops": 2
                  },
                  {
                    "Node Type": "Hash",
                    "Parent Relationship": "Inner",
                    "Parallel Aware": true,
                    "Startup Cost": 86881.96,
                    "Total Cost": 86881.96,
                    "Plan Rows": 73146,
                    "Plan Width": 8,
                    "Actual Startup Time": 361.292,
                    "Actual Total Time": 361.296,
                    "Actual Rows": 61575,
                    "Actual Loops": 2,
                    "Hash Buckets": 131072,
                    "Original Hash Buckets": 131072,
                    "Hash Batches": 1,
                    "Original Hash Batches": 1,
                    "Peak Memory Usage": 5856,
                    "Plans": [
                      {
                        "Node Type": "Hash Join",
                        "Parent Relationship": "Outer",
                        "Parallel Aware": true,
                        "Join Type": "Inner",
                        "Startup Cost": 24506.56,
                        "Total Cost": 86881.96,
                        "Plan Rows": 73146,
                        "Plan Width": 8,
                        "Actual Startup Time": 245.92,
                        "Actual Total Time": 348.056,
                        "Actual Rows": 61575,
                        "Actual Loops": 2,
                        "Inner Unique": false,
                        "Hash Cond": "(t.id = mc.movie_id)",
                        "Plans": [
                          {
                            "Node Type": "Seq Scan",
                            "Parent Relationship": "Outer",
                            "Parallel Aware": true,
                            "Relation Name": "title",
                            "Alias": "t",
                            "Startup Cost": 0.0,
                            "Total Cost": 54588.39,
                            "Plan Rows": 1177078,
                            "Plan Width": 4,
                            "Actual Startup Time": 0.012,
                            "Actual Total Time": 151.184,
                            "Actual Rows": 995328,
                            "Actual Loops": 2,
                            "Filter": "(production_year > 1976)",
                            "Rows Removed by Filter": 268828
                          },
                          {
                            "Node Type": "Hash",
                            "Parent Relationship": "Inner",
                            "Parallel Aware": true,
                            "Startup Cost": 23351.31,
                            "Total Cost": 23351.31,
                            "Plan Rows": 92420,
                            "Plan Width": 4,
                            "Actual Startup Time": 59.544,
                            "Actual Total Time": 59.545,
                            "Actual Rows": 76880,
                            "Actual Loops": 2,
                            "Hash Buckets": 262144,
                            "Original Hash Buckets": 262144,
                            "Hash Batches": 1,
                            "Original Hash Batches": 1,
                            "Peak Memory Usage": 8096,
                            "Plans": [
                              {
                                "Node Type": "Bitmap Heap Scan",
                                "Parent Relationship": "Outer",
                                "Parallel Aware": true,
                                "Relation Name": "movie_companies",
                                "Alias": "mc",
                                "Startup Cost": 3406.06,
                                "Total Cost": 23351.31,
                                "Plan Rows": 92420,
                                "Plan Width": 4,
                                "Actual Startup Time": 14.189,
                                "Actual Total Time": 40.734,
                                "Actual Rows": 76880,
                                "Actual Loops": 2,
                                "Recheck Cond": "(company_id > 130473)",
                                "Rows Removed by Index Recheck": 0,
                                "Exact Heap Blocks": 3010,
                                "Lossy Heap Blocks": 0,
                                "Plans": [
                                  {
                                    "Node Type": "Bitmap Index Scan",
                                    "Parent Relationship": "Outer",
                                    "Parallel Aware": false,
                                    "Index Name": "company_id_movie_companies",
                                    "Startup Cost": 0.0,
                                    "Total Cost": 3366.78,
                                    "Plan Rows": 157114,
                                    "Plan Width": 0,
                                    "Actual Startup Time": 14.5,
                                    "Actual Total Time": 14.5,
                                    "Actual Rows": 153760,
                                    "Actual Loops": 1,
                                    "Index Cond": "(company_id > 130473)"
                                  }
                                ]
                              }
                            ]
                          }
                        ]
                      }
                    ]
                  }
                ]
              }
            ]
          }
        ]
      }
    ]
  },
  "Planning Time": 0.877,
  "Triggers": [],
  "Execution Time": 4251.532
}