[
  {
    "Plan": {
      "Node Type": "Aggregate",
      "Strategy": "Plain",
      "Partial Mode": "Finalize",
      "Parallel Aware": false,
      "Startup Cost": 23285.48,
      "Total Cost": 23285.49,
      "Plan Rows": 1,
      "Plan Width": 8,
      "Actual Startup Time": 34.429,
      "Actual Total Time": 36.826,
      "Actual Rows": 1,
      "Actual Loops": 1,
      "Plans": [
        {
          "Node Type": "Gather",
          "Parent Relationship": "Outer",
          "Parallel Aware": false,
          "Startup Cost": 23285.16,
          "Total Cost": 23285.47,
          "Plan Rows": 3,
          "Plan Width": 8,
          "Actual Startup Time": 34.25,
          "Actual Total Time": 36.802,
          "Actual Rows": 4,
          "Actual Loops": 1,
          "Workers Planned": 3,
          "Workers Launched": 3,
          "Single Copy": false,
          "Plans": [
            {
              "Node Type": "Aggregate",
              "Strategy": "Plain",
              "Partial Mode": "Partial",
              "Parent Relationship": "Outer",
              "Parallel Aware": false,
              "Startup Cost": 22285.16,
              "Total Cost": 22285.17,
              "Plan Rows": 1,
              "Plan Width": 8,
              "Actual Startup Time": 27.234,
              "Actual Total Time": 27.236,
              "Actual Rows": 1,
              "Actual Loops": 4,
              "Plans": [
                {
                  "Node Type": "Bitmap Heap Scan",
                  "Parent Relationship": "Outer",
                  "Parallel Aware": true,
                  "Relation Name": "movie_companies",
                  "Alias": "mc",
                  "Startup Cost": 2810.71,
                  "Total Cost": 22231.44,
                  "Plan Rows": 21489,
                  "Plan Width": 0,
                  "Actual Startup Time": 5.109,
                  "Actual Total Time": 24.692,
                  "Actual Rows": 31884,
                  "Actual Loops": 4,
                  "Recheck Cond": "(company_id > 142475)",
                  "Rows Removed by Index Recheck": 0,
                  "Filter": "(company_type_id > 1)",
                  "Rows Removed by Filter": 0,
                  "Exact Heap Blocks": 1468,
                  "Lossy Heap Blocks": 0,
                  "Plans": [
                    {
                      "Node Type": "Bitmap Index Scan",
                      "Parent Relationship": "Outer",
                      "Parallel Aware": false,
                      "Index Name": "company_id_movie_companies",
                      "Startup Cost": 0.0,
                      "Total Cost": 2794.05,
                      "Plan Rows": 130350,
                      "Plan Width": 0,
                      "Actual Startup Time": 10.457,
                      "Actual Total Time": 10.457,
                      "Actual Rows": 127534,
                      "Actual Loops": 1,
                      "Index Cond": "(company_id > 142475)"
                    }
                  ]
                }
              ]
            }
          ]
        }
      ]
    },
    "Planning Time": 0.218,
    "Triggers": [],
    "Execution Time": 36.873
  }
]