[
  {
    "Plan": {
      "Node Type": "Aggregate",
      "Strategy": "Plain",
      "Partial Mode": "Finalize",
      "Parallel Aware": false,
      "Startup Cost": 320518.73,
      "Total Cost": 320518.74,
      "Plan Rows": 1,
      "Plan Width": 8,
      "Actual Startup Time": 212.59,
      "Actual Total Time": 254.158,
      "Actual Rows": 1,
      "Actual Loops": 1,
      "Plans": [
        {
          "Node Type": "Gather",
          "Parent Relationship": "Outer",
          "Parallel Aware": false,
          "Startup Cost": 320518.31,
          "Total Cost": 320518.72,
          "Plan Rows": 4,
          "Plan Width": 8,
          "Actual Startup Time": 211.747,
          "Actual Total Time": 254.148,
          "Actual Rows": 5,
          "Actual Loops": 1,
          "Workers Planned": 4,
          "Workers Launched": 4,
          "Single Copy": false,
          "Plans": [
            {
              "Node Type": "Aggregate",
              "Strategy": "Plain",
              "Partial Mode": "Partial",
              "Parent Relationship": "Outer",
              "Parallel Aware": false,
              "Startup Cost": 319518.31,
              "Total Cost": 319518.32,
              "Plan Rows": 1,
              "Plan Width": 8,
              "Actual Startup Time": 207.206,
              "Actual Total Time": 207.207,
              "Actual Rows": 1,
              "Actual Loops": 5,
              "Plans": [
                {
                  "Node Type": "Nested Loop",
                  "Parent Relationship": "Outer",
                  "Parallel Aware": false,
                  "Join Type": "Inner",
                  "Startup Cost": 0.56,
                  "Total Cost": 319374.75,
                  "Plan Rows": 57422,
                  "Plan Width": 0,
                  "Actual Startup Time": 50.395,
                  "Actual Total Time": 204.287,
                  "Actual Rows": 35786,
                  "Actual Loops": 5,
                  "Inner Unique": false,
                  "Plans": [
                    {
                      "Node Type": "Seq Scan",
                      "Parent Relationship": "Outer",
                      "Parallel Aware": true,
                      "Relation Name": "title",
                      "Alias": "t",
                      "Startup Cost": 0.0,
                      "Total Cost": 45479.59,
                      "Plan Rows": 4005,
                      "Plan Width": 4,
                      "Actual Startup Time": 50.282,
                      "Actual Total Time": 72.068,
                      "Actual Rows": 1748,
                      "Actual Loops": 5,
                      "Filter": "((kind_id = 1) AND (production_year = 2001))",
                      "Rows Removed by Filter": 503914
                    },
                    {
                      "Node Type": "Index Only Scan",
                      "Parent Relationship": "Inner",
                      "Parallel Aware": false,
                      "Scan Direction": "Forward",
                      "Index Name": "movie_id_cast_info",
                      "Relation Name": "cast_info",
                      "Alias": "ci",
                      "Startup Cost": 0.56,
                      "Total Cost": 68.04,
                      "Plan Rows": 35,
                      "Plan Width": 4,
                      "Actual Startup Time": 0.011,
                      "Actual Total Time": 0.073,
                      "Actual Rows": 20,
                      "Actual Loops": 8740,
                      "Index Cond": "(movie_id = t.id)",
                      "Rows Removed by Index Recheck": 0,
                      "Heap Fetches": 178931
                    }
                  ]
                }
              ]
            }
          ]
        }
      ]
    },
    "Planning Time": 0.62,
    "Triggers": [],
    "Execution Time": 254.249
  }
]