[
  {
    "Plan": {
      "Node Type": "Aggregate",
      "Strategy": "Plain",
      "Partial Mode": "Finalize",
      "Parallel Aware": false,
      "Startup Cost": 353084.15,
      "Total Cost": 353084.16,
      "Plan Rows": 1,
      "Plan Width": 8,
      "Actual Startup Time": 845.699,
      "Actual Total Time": 887.514,
      "Actual Rows": 1,
      "Actual Loops": 1,
      "Plans": [
        {
          "Node Type": "Gather",
          "Parent Relationship": "Outer",
          "Parallel Aware": false,
          "Startup Cost": 353083.52,
          "Total Cost": 353084.13,
          "Plan Rows": 6,
          "Plan Width": 8,
          "Actual Startup Time": 845.522,
          "Actual Total Time": 887.499,
          "Actual Rows": 7,
          "Actual Loops": 1,
          "Workers Planned": 6,
          "Workers Launched": 6,
          "Single Copy": false,
          "Plans": [
            {
              "Node Type": "Aggregate",
              "Strategy": "Plain",
              "Partial Mode": "Partial",
              "Parent Relationship": "Outer",
              "Parallel Aware": false,
              "Startup Cost": 352083.52,
              "Total Cost": 352083.53,
              "Plan Rows": 1,
              "Plan Width": 8,
              "Actual Startup Time": 837.889,
              "Actual Total Time": 837.89,
              "Actual Rows": 1,
              "Actual Loops": 7,
              "Plans": [
                {
                  "Node Type": "Seq Scan",
                  "Parent Relationship": "Outer",
                  "Parallel Aware": true,
                  "Relation Name": "cast_info",
                  "Alias": "ci",
                  "Startup Cost": 0.0,
                  "Total Cost": 343316.27,
                  "Plan Rows": 3506901,
                  "Plan Width": 0,
                  "Actual Startup Time": 224.607,
                  "Actual Total Time": 701.074,
                  "Actual Rows": 2818612,
                  "Actual Loops": 7,
                  "Filter": "((person_id < 3357759) AND (role_id > 1))",
                  "Rows Removed by Filter": 2359152
                }
              ]
            }
          ]
        }
      ]
    },
    "Planning Time": 0.23,
    "Triggers": [],
    "Execution Time": 887.582
  }
]