{
  "Plan": {
    "Node Type": "Aggregate",
    "Strategy": "Plain",
    "Partial Mode": "Finalize",
    "Parallel Aware": false,
    "Startup Cost": 339095.51,
    "Total Cost": 339095.52,
    "Plan Rows": 1,
    "Plan Width": 8,
    "Actual Startup Time": 984.026,
    "Actual Total Time": 1034.166,
    "Actual Rows": 1,
    "Actual Loops": 1,
    "Plans": [
      {
        "Node Type": "Gather",
        "Parent Relationship": "Outer",
        "Parallel Aware": false,
        "Startup Cost": 339095.39,
        "Total Cost": 339095.5,
        "Plan Rows": 1,
        "Plan Width": 8,
        "Actual Startup Time": 983.927,
        "Actual Total Time": 1034.158,
        "Actual Rows": 2,
        "Actual Loops": 1,
        "Workers Planned": 1,
        "Workers Launched": 1,
        "Single Copy": false,
        "Plans": [
          {
            "Node Type": "Aggregate",
            "Strategy": "Plain",
            "Partial Mode": "Partial",
            "Parent Relationship": "Outer",
            "Parallel Aware": false,
            "Startup Cost": 338095.39,
            "Total Cost": 338095.4,
            "Plan Rows": 1,
            "Plan Width": 8,
            "Actual Startup Time": 980.885,
            "Actual Total Time": 980.887,
            "Actual Rows": 1,
            "Actual Loops": 2,
            "Plans": [
              {
                "Node Type": "Hash Join",
                "Parent Relationship": "Outer",
                "Parallel Aware": true,
                "Join Type": "Inner",
                "Startup Cost": 58372.77,
                "Total Cost": 338064.84,
                "Plan Rows": 12221,
                "Plan Width": 0,
                "Actual Startup Time": 144.984,
                "Actual Total Time": 980.665,
                "Actual Rows": 4374,
                "Actual Loops": 2,
                "Inner Unique": true,
                "Hash Cond": "(mi.movie_id = t.id)",
                "Plans": [
                  {
                    "Node Type": "Seq Scan",
                    "Parent Relationship": "Outer",
                    "Parallel Aware": true,
                    "Relation Name": "movie_info",
                    "Alias": "mi",
                    "Startup Cost": 0.0,
                    "Total Cost": 270696.42,
                    "Plan Rows": 3426912,
                    "Plan Width": 4,
                    "Actual Startup Time": 0.012,
                    "Actual Total Time": 650.155,
                    "Actual Rows": 2942482,
                    "Actual Loops": 2,
                    "Filter": "(info_type_id < 7)",
                    "Rows Removed by Filter": 4475378
                  },
                  {
                    "Node Type": "Hash",
                    "Parent Relationship": "Inner",
                    "Parallel Aware": true,
                    "Startup Cost": 58306.47,
                    "Total Cost": 58306.47,
                    "Plan Rows": 5304,
                    "Plan Width": 4,
                    "Actual Startup Time": 142.678,
                    "Actual Total Time": 142.679,
                    "Actual Rows": 3911,
                    "Actual Loops": 2,
                    "Hash Buckets": 16384,
                    "Original Hash Buckets": 16384,
                    "Hash Batches": 1,
                    "Original Hash Batches": 1,
                    "Peak Memory Usage": 480,
                    "Plans": [
                      {
                        "Node Type": "Seq Scan",
                        "Parent Relationship": "Outer",
                        "Parallel Aware": true,
                        "Relation Name": "title",
                        "Alias": "t",
                        "Startup Cost": 0.0,
                        "Total Cost": 58306.47,
                        "Plan Rows": 5304,
                        "Plan Width": 4,
                        "Actual Startup Time": 0.209,
                        "Actual Total Time": 141.104,
                        "Actual Rows": 3911,
                        "Actual Loops": 2,
                        "Filter": "((kind_id = 7) AND (production_year = 1974))",
                        "Rows Removed by Filter": 1260245
                      }
                    ]
                  }
                ]
              }
            ]
          }
        ]
      }
    ]
  },
  "Planning Time": 0.466,
  "Triggers": [],
  "Execution Time": 1034.248
}