{
  "Plan": {
    "Node Type": "Aggregate",
    "Strategy": "Plain",
    "Partial Mode": "Finalize",
    "Parallel Aware": false,
    "Startup Cost": 65013.15,
    "Total Cost": 65013.16,
    "Plan Rows": 1,
    "Plan Width": 8,
    "Actual Startup Time": 96.401,
    "Actual Total Time": 107.042,
    "Actual Rows": 1,
    "Actual Loops": 1,
    "Plans": [
      {
        "Node Type": "Gather",
        "Parent Relationship": "Outer",
        "Parallel Aware": false,
        "Startup Cost": 65013.04,
        "Total Cost": 65013.15,
        "Plan Rows": 1,
        "Plan Width": 8,
        "Actual Startup Time": 96.144,
        "Actual Total Time": 107.035,
        "Actual Rows": 2,
        "Actual Loops": 1,
        "Workers Planned": 1,
        "Workers Launched": 1,
        "Single Copy": false,
        "Plans": [
          {
            "Node Type": "Aggregate",
            "Strategy": "Plain",
            "Partial Mode": "Partial",
            "Parent Relationship": "Outer",
            "Parallel Aware": false,
            "Startup Cost": 64013.04,
            "Total Cost": 64013.05,
            "Plan Rows": 1,
            "Plan Width": 8,
            "Actual Startup Time": 89.968,
            "Actual Total Time": 89.97,
            "Actual Rows": 1,
            "Actual Loops": 2,
            "Plans": [
              {
                "Node Type": "Nested Loop",
                "Parent Relationship": "Outer",
                "Parallel Aware": false,
                "Join Type": "Inner",
                "Startup Cost": 2182.55,
                "Total Cost": 64000.66,
                "Plan Rows": 4952,
                "Plan Width": 0,
                "Actual Startup Time": 17.983,
                "Actual Total Time": 88.828,
                "Actual Rows": 17993,
                "Actual Loops": 2,
                "Inner Unique": false,
                "Plans": [
                  {
                    "Node Type": "Bitmap Heap Scan",
                    "Parent Relationship": "Outer",
                    "Parallel Aware": true,
                    "Relation Name": "title",
                    "Alias": "t",
                    "Startup Cost": 2182.11,
                    "Total Cost": 39258.36,
                    "Plan Rows": 2768,
                    "Plan Width": 4,
                    "Actual Startup Time": 17.566,
                    "Actual Total Time": 49.786,
                    "Actual Rows": 4416,
                    "Actual Loops": 2,
                    "Recheck Cond": "(kind_id = 4)",
                    "Rows Removed by Index Recheck": 0,
                    "Filter": "(production_year = 2005)",
                    "Rows Removed by Filter": 54702,
                    "Exact Heap Blocks": 9379,
                    "Lossy Heap Blocks": 0,
                    "Plans": [
                      {
                        "Node Type": "Bitmap Index Scan",
                        "Parent Relationship": "Outer",
                        "Parallel Aware": false,
                        "Index Name": "kind_id_title",
                        "Startup Cost": 0.0,
                        "Total Cost": 2180.94,
                        "Plan Rows": 122201,
                        "Plan Width": 0,
                        "Actual Startup Time": 18.721,
                        "Actual Total Time": 18.722,
                        "Actual Rows": 118234,
                        "Actual Loops": 1,
                        "Index Cond": "(kind_id = 4)"
                      }
                    ]
                  },
                  {
                    "Node Type": "Index Only Scan",
                    "Parent Relationship": "Inner",
                    "Parallel Aware": false,
                    "Scan Direction": "Forward",
                    "Index Name": "movie_id_movie_keyword",
                    "Relation Name": "movie_keyword",
                    "Alias": "mk",
                    "Startup Cost": 0.43,
                    "Total Cost": 8.49,
                    "Plan Rows": 45,
                    "Plan Width": 4,
                    "Actual Startup Time": 0.007,
                    "Actual Total Time": 0.008,
                    "Actual Rows": 4,
                    "Actual Loops": 8831,
                    "Index Cond": "(movie_id = t.id)",
                    "Rows Removed by Index Recheck": 0,
                    "Heap Fetches": 35986
                  }
                ]
              }
            ]
          }
        ]
      }
    ]
  },
  "Planning Time": 0.496,
  "Triggers": [],
  "Execution Time": 107.156
}