[
  {
    "Plan": {
      "Node Type": "Aggregate",
      "Strategy": "Plain",
      "Partial Mode": "Finalize",
      "Parallel Aware": false,
      "Startup Cost": 174294.32,
      "Total Cost": 174294.33,
      "Plan Rows": 1,
      "Plan Width": 8,
      "Actual Startup Time": 854.794,
      "Actual Total Time": 877.687,
      "Actual Rows": 1,
      "Actual Loops": 1,
      "Plans": [
        {
          "Node Type": "Gather",
          "Parent Relationship": "Outer",
          "Parallel Aware": false,
          "Startup Cost": 174294.0,
          "Total Cost": 174294.31,
          "Plan Rows": 3,
          "Plan Width": 8,
          "Actual Startup Time": 849.344,
          "Actual Total Time": 877.677,
          "Actual Rows": 4,
          "Actual Loops": 1,
          "Workers Planned": 3,
          "Workers Launched": 3,
          "Single Copy": false,
          "Plans": [
            {
              "Node Type": "Aggregate",
              "Strategy": "Plain",
              "Partial Mode": "Partial",
              "Parent Relationship": "Outer",
              "Parallel Aware": false,
              "Startup Cost": 173294.0,
              "Total Cost": 173294.01,
              "Plan Rows": 1,
              "Plan Width": 8,
              "Actual Startup Time": 840.944,
              "Actual Total Time": 841.112,
              "Actual Rows": 1,
              "Actual Loops": 4,
              "Plans": [
                {
                  "Node Type": "Hash Join",
                  "Parent Relationship": "Outer",
                  "Parallel Aware": true,
                  "Join Type": "Inner",
                  "Startup Cost": 126964.79,
                  "Total Cost": 172288.78,
                  "Plan Rows": 402088,
                  "Plan Width": 0,
                  "Actual Startup Time": 533.74,
                  "Actual Total Time": 806.228,
                  "Actual Rows": 797455,
                  "Actual Loops": 4,
                  "Inner Unique": false,
                  "Hash Cond": "(mk.movie_id = t.id)",
                  "Plans": [
                    {
                      "Node Type": "Seq Scan",
                      "Parent Relationship": "Outer",
                      "Parallel Aware": true,
                      "Relation Name": "movie_keyword",
                      "Alias": "mk",
                      "Startup Cost": 0.0,
                      "Total Cost": 39047.32,
                      "Plan Rows": 1459332,
                      "Plan Width": 4,
                      "Actual Startup Time": 0.03,
                      "Actual Total Time": 93.432,
                      "Actual Rows": 1130982,
                      "Actual Loops": 4
                    },
                    {
                      "Node Type": "Hash",
                      "Parent Relationship": "Inner",
                      "Parallel Aware": true,
                      "Startup Cost": 125223.24,
                      "Total Cost": 125223.24,
                      "Plan Rows": 139324,
                      "Plan Width": 8,
                      "Actual Startup Time": 529.409,
                      "Actual Total Time": 529.575,
                      "Actual Rows": 132139,
                      "Actual Loops": 4,
                      "Hash Buckets": 1048576,
                      "Original Hash Buckets": 1048576,
                      "Hash Batches": 1,
                      "Original Hash Batches": 1,
                      "Peak Memory Usage": 28928,
                      "Plans": [
                        {
                          "Node Type": "Hash Join",
                          "Parent Relationship": "Outer",
                          "Parallel Aware": true,
                          "Join Type": "Inner",
                          "Startup Cost": 47411.73,
                          "Total Cost": 125223.24,
                          "Plan Rows": 139324,
                          "Plan Width": 8,
                          "Actual Startup Time": 169.216,
                          "Actual Total Time": 477.56,
                          "Actual Rows": 132139,
                          "Actual Loops": 4,
                          "Inner Unique": true,
                          "Hash Cond": "(ci.movie_id = t.id)",
                          "Plans": [
                            {
                              "Node Type": "Index Scan",
                              "Parent Relationship": "Outer",
                              "Parallel Aware": true,
                              "Scan Direction": "Forward",
                              "Index Name": "role_id_cast_info",
                              "Relation Name": "cast_info",
                              "Alias": "ci",
                              "Startup Cost": 0.56,
                              "Total Cost": 76316.49,
                              "Plan Rows": 569746,
                              "Plan Width": 4,
                              "Actual Startup Time": 0.198,
                              "Actual Total Time": 124.883,
                              "Actual Rows": 682236,
                              "Actual Loops": 4,
                              "Index Cond": "(role_id = 4)",
                              "Rows Removed by Index Recheck": 0
                            },
                            {
                              "Node Type": "Hash",
                              "Parent Relationship": "Inner",
                              "Parallel Aware": true,
                              "Startup Cost": 45479.1,
                              "Total Cost": 45479.1,
                              "Plan Rows": 154565,
                              "Plan Width": 4,
                              "Actual Startup Time": 166.583,
                              "Actual Total Time": 166.585,
                              "Actual Rows": 130094,
                              "Actual Loops": 4,
                              "Hash Buckets": 1048576,
                              "Original Hash Buckets": 1048576,
                              "Hash Batches": 1,
                              "Original Hash Batches": 1,
                              "Peak Memory Usage": 28608,
                              "Plans": [
                                {
                                  "Node Type": "Seq Scan",
                                  "Parent Relationship": "Outer",
                                  "Parallel Aware": true,
                                  "Relation Name": "title",
                                  "Alias": "t",
                                  "Startup Cost": 0.0,
                                  "Total Cost": 45479.1,
                                  "Plan Rows": 154565,
                                  "Plan Width": 4,
                                  "Actual Startup Time": 0.056,
                                  "Actual Total Time": 112.501,
                                  "Actual Rows": 130094,
                                  "Actual Loops": 4,
                                  "Filter": "((kind_id < 7) AND (production_year > 1996))",
                                  "Rows Removed by Filter": 501984
                                }
                              ]
                            }
                          ]
                        }
                      ]
                    }
                  ]
                }
              ]
            }
          ]
        }
      ]
    },
    "Planning Time": 0.832,
    "Triggers": [],
    "Execution Time": 877.76
  }
]