{
  "Plan": {
    "Node Type": "Aggregate",
    "Strategy": "Plain",
    "Partial Mode": "Finalize",
    "Parallel Aware": false,
    "Startup Cost": 112295.13,
    "Total Cost": 112295.14,
    "Plan Rows": 1,
    "Plan Width": 8,
    "Actual Startup Time": 480.122,
    "Actual Total Time": 496.595,
    "Actual Rows": 1,
    "Actual Loops": 1,
    "Plans": [
      {
        "Node Type": "Gather",
        "Parent Relationship": "Outer",
        "Parallel Aware": false,
        "Startup Cost": 112295.02,
        "Total Cost": 112295.13,
        "Plan Rows": 1,
        "Plan Width": 8,
        "Actual Startup Time": 478.142,
        "Actual Total Time": 496.587,
        "Actual Rows": 2,
        "Actual Loops": 1,
        "Workers Planned": 1,
        "Workers Launched": 1,
        "Single Copy": false,
        "Plans": [
          {
            "Node Type": "Aggregate",
            "Strategy": "Plain",
            "Partial Mode": "Partial",
            "Parent Relationship": "Outer",
            "Parallel Aware": false,
            "Startup Cost": 111295.02,
            "Total Cost": 111295.03,
            "Plan Rows": 1,
            "Plan Width": 8,
            "Actual Startup Time": 474.46,
            "Actual Total Time": 474.467,
            "Actual Rows": 1,
            "Actual Loops": 2,
            "Plans": [
              {
                "Node Type": "Hash Join",
                "Parent Relationship": "Outer",
                "Parallel Aware": true,
                "Join Type": "Inner",
                "Startup Cost": 79674.99,
                "Total Cost": 110989.29,
                "Plan Rows": 122291,
                "Plan Width": 0,
                "Actual Startup Time": 304.525,
                "Actual Total Time": 473.239,
                "Actual Rows": 19122,
                "Actual Loops": 2,
                "Inner Unique": true,
                "Hash Cond": "(mk.movie_id = t.id)",
                "Plans": [
                  {
                    "Node Type": "Bitmap Heap Scan",
                    "Parent Relationship": "Outer",
                    "Parallel Aware": true,
                    "Relation Name": "movie_keyword",
                    "Alias": "mk",
                    "Startup Cost": 16356.26,
                    "Total Cost": 46479.93,
                    "Plan Rows": 453574,
                    "Plan Width": 4,
                    "Actual Startup Time": 44.017,
                    "Actual Total Time": 138.24,
                    "Actual Rows": 391099,
                    "Actual Loops": 2,
                    "Recheck Cond": "(keyword_id < 748)",
                    "Rows Removed by Index Recheck": 0,
                    "Exact Heap Blocks": 15618,
                    "Lossy Heap Blocks": 0,
                    "Plans": [
                      {
                        "Node Type": "Bitmap Index Scan",
                        "Parent Relationship": "Outer",
                        "Parallel Aware": false,
                        "Index Name": "keyword_id_movie_keyword",
                        "Startup Cost": 0.0,
                        "Total Cost": 16163.5,
                        "Plan Rows": 771075,
                        "Plan Width": 0,
                        "Actual Startup Time": 40.377,
                        "Actual Total Time": 40.378,
                        "Actual Rows": 782198,
                        "Actual Loops": 1,
                        "Index Cond": "(keyword_id < 748)"
                      }
                    ]
                  },
                  {
                    "Node Type": "Hash",
                    "Parent Relationship": "Inner",
                    "Parallel Aware": true,
                    "Startup Cost": 58306.47,
                    "Total Cost": 58306.47,
                    "Plan Rows": 400981,
                    "Plan Width": 4,
                    "Actual Startup Time": 252.643,
                    "Actual Total Time": 252.644,
                    "Actual Rows": 298248,
                    "Actual Loops": 2,
                    "Hash Buckets": 1048576,
                    "Original Hash Buckets": 1048576,
                    "Hash Batches": 1,
                    "Original Hash Batches": 1,
                    "Peak Memory Usage": 31552,
                    "Plans": [
                      {
                        "Node Type": "Seq Scan",
                        "Parent Relationship": "Outer",
                        "Parallel Aware": true,
                        "Relation Name": "title",
                        "Alias": "t",
                        "Startup Cost": 0.0,
                        "Total Cost": 58306.47,
                        "Plan Rows": 400981,
                        "Plan Width": 4,
                        "Actual Startup Time": 0.021,
                        "Actual Total Time": 170.147,
                        "Actual Rows": 298248,
                        "Actual Loops": 2,
                        "Filter": "((production_year < 2002) AND (kind_id = 7))",
                        "Rows Removed by Filter": 965908
                      }
                    ]
                  }
                ]
              }
            ]
          }
        ]
      }
    ]
  },
  "Planning Time": 0.375,
  "Triggers": [],
  "Execution Time": 496.654
}