{
  "Plan": {
    "Node Type": "Aggregate",
    "Strategy": "Plain",
    "Partial Mode": "Finalize",
    "Parallel Aware": false,
    "Startup Cost": 106852.77,
    "Total Cost": 106852.78,
    "Plan Rows": 1,
    "Plan Width": 8,
    "Actual Startup Time": 623.639,
    "Actual Total Time": 635.148,
    "Actual Rows": 1,
    "Actual Loops": 1,
    "Plans": [
      {
        "Node Type": "Gather",
        "Parent Relationship": "Outer",
        "Parallel Aware": false,
        "Startup Cost": 106852.66,
        "Total Cost": 106852.77,
        "Plan Rows": 1,
        "Plan Width": 8,
        "Actual Startup Time": 622.346,
        "Actual Total Time": 635.14,
        "Actual Rows": 2,
        "Actual Loops": 1,
        "Workers Planned": 1,
        "Workers Launched": 1,
        "Single Copy": false,
        "Plans": [
          {
            "Node Type": "Aggregate",
            "Strategy": "Plain",
            "Partial Mode": "Partial",
            "Parent Relationship": "Outer",
            "Parallel Aware": false,
            "Startup Cost": 105852.66,
            "Total Cost": 105852.67,
            "Plan Rows": 1,
            "Plan Width": 8,
            "Actual Startup Time": 616.371,
            "Actual Total Time": 616.374,
            "Actual Rows": 1,
            "Actual Loops": 2,
            "Plans": [
              {
                "Node Type": "Hash Join",
                "Parent Relationship": "Outer",
                "Parallel Aware": true,
                "Join Type": "Inner",
                "Startup Cost": 42476.49,
                "Total Cost": 104895.09,
                "Plan Rows": 383027,
                "Plan Width": 0,
                "Actual Startup Time": 189.065,
                "Actual Total Time": 602.682,
                "Actual Rows": 331838,
                "Actual Loops": 2,
                "Inner Unique": false,
                "Hash Cond": "(t.id = mc.movie_id)",
                "Plans": [
                  {
                    "Node Type": "Seq Scan",
                    "Parent Relationship": "Outer",
                    "Parallel Aware": true,
                    "Relation Name": "title",
                    "Alias": "t",
                    "Startup Cost": 0.0,
                    "Total Cost": 50870.31,
                    "Plan Rows": 1487231,
                    "Plan Width": 4,
                    "Actual Startup Time": 0.01,
                    "Actual Total Time": 115.026,
                    "Actual Rows": 1264156,
                    "Actual Loops": 2
                  },
                  {
                    "Node Type": "Hash",
                    "Parent Relationship": "Inner",
                    "Parallel Aware": true,
                    "Startup Cost": 37688.65,
                    "Total Cost": 37688.65,
                    "Plan Rows": 383027,
                    "Plan Width": 4,
                    "Actual Startup Time": 180.122,
                    "Actual Total Time": 180.123,
                    "Actual Rows": 331838,
                    "Actual Loops": 2,
                    "Hash Buckets": 1048576,
                    "Original Hash Buckets": 1048576,
                    "Hash Batches": 1,
                    "Original Hash Batches": 1,
                    "Peak Memory Usage": 34176,
                    "Plans": [
                      {
                        "Node Type": "Bitmap Heap Scan",
                        "Parent Relationship": "Outer",
                        "Parallel Aware": true,
                        "Relation Name": "movie_companies",
                        "Alias": "mc",
                        "Startup Cost": 14110.81,
                        "Total Cost": 37688.65,
                        "Plan Rows": 383027,
                        "Plan Width": 4,
                        "Actual Startup Time": 46.827,
                        "Actual Total Time": 105.327,
                        "Actual Rows": 331838,
                        "Actual Loops": 2,
                        "Recheck Cond": "(company_id > 51853)",
                        "Rows Removed by Index Recheck": 0,
                        "Exact Heap Blocks": 7661,
                        "Lossy Heap Blocks": 0,
                        "Plans": [
                          {
                            "Node Type": "Bitmap Index Scan",
                            "Parent Relationship": "Outer",
                            "Parallel Aware": false,
                            "Index Name": "company_id_movie_companies",
                            "Startup Cost": 0.0,
                            "Total Cost": 13948.03,
                            "Plan Rows": 651146,
                            "Plan Width": 0,
                            "Actual Startup Time": 45.216,
                            "Actual Total Time": 45.216,
                            "Actual Rows": 663675,
                            "Actual Loops": 1,
                            "Index Cond": "(company_id > 51853)"
                          }
                        ]
                      }
                    ]
                  }
                ]
              }
            ]
          }
        ]
      }
    ]
  },
  "Planning Time": 0.721,
  "Triggers": [],
  "Execution Time": 635.24
}