{
  "Plan": {
    "Node Type": "Aggregate",
    "Strategy": "Plain",
    "Partial Mode": "Finalize",
    "Parallel Aware": false,
    "Startup Cost": 529447.75,
    "Total Cost": 529447.76,
    "Plan Rows": 1,
    "Plan Width": 8,
    "Actual Startup Time": 2447.768,
    "Actual Total Time": 2477.207,
    "Actual Rows": 1,
    "Actual Loops": 1,
    "Plans": [
      {
        "Node Type": "Gather",
        "Parent Relationship": "Outer",
        "Parallel Aware": false,
        "Startup Cost": 529447.64,
        "Total Cost": 529447.75,
        "Plan Rows": 1,
        "Plan Width": 8,
        "Actual Startup Time": 2441.333,
        "Actual Total Time": 2477.196,
        "Actual Rows": 2,
        "Actual Loops": 1,
        "Workers Planned": 1,
        "Workers Launched": 1,
        "Single Copy": false,
        "Plans": [
          {
            "Node Type": "Aggregate",
            "Strategy": "Plain",
            "Partial Mode": "Partial",
            "Parent Relationship": "Outer",
            "Parallel Aware": false,
            "Startup Cost": 528447.64,
            "Total Cost": 528447.65,
            "Plan Rows": 1,
            "Plan Width": 8,
            "Actual Startup Time": 2429.244,
            "Actual Total Time": 2429.248,
            "Actual Rows": 1,
            "Actual Loops": 2,
            "Plans": [
              {
                "Node Type": "Hash Join",
                "Parent Relationship": "Outer",
                "Parallel Aware": true,
                "Join Type": "Inner",
                "Startup Cost": 209857.22,
                "Total Cost": 519099.64,
                "Plan Rows": 3739200,
                "Plan Width": 0,
                "Actual Startup Time": 750.066,
                "Actual Total Time": 2301.603,
                "Actual Rows": 3095030,
                "Actual Loops": 2,
                "Inner Unique": true,
                "Hash Cond": "(ci.movie_id = t.id)",
                "Plans": [
                  {
                    "Node Type": "Bitmap Heap Scan",
                    "Parent Relationship": "Outer",
                    "Parallel Aware": true,
                    "Relation Name": "cast_info",
                    "Alias": "ci",
                    "Startup Cost": 140396.52,
                    "Total Cost": 439823.53,
                    "Plan Rows": 3739200,
                    "Plan Width": 4,
                    "Actual Startup Time": 236.89,
                    "Actual Total Time": 575.913,
                    "Actual Rows": 3095030,
                    "Actual Loops": 2,
                    "Recheck Cond": "(person_id > 3031919)",
                    "Rows Removed by Index Recheck": 0,
                    "Exact Heap Blocks": 41730,
                    "Lossy Heap Blocks": 0,
                    "Plans": [
                      {
                        "Node Type": "Bitmap Index Scan",
                        "Parent Relationship": "Outer",
                        "Parallel Aware": false,
                        "Index Name": "person_id_cast_info",
                        "Startup Cost": 0.0,
                        "Total Cost": 138807.36,
                        "Plan Rows": 6356640,
                        "Plan Width": 0,
                        "Actual Startup Time": 222.544,
                        "Actual Total Time": 222.545,
                        "Actual Rows": 6190061,
                        "Actual Loops": 1,
                        "Index Cond": "(person_id > 3031919)"
                      }
                    ]
                  },
                  {
                    "Node Type": "Hash",
                    "Parent Relationship": "Inner",
                    "Parallel Aware": true,
                    "Startup Cost": 50870.31,
                    "Total Cost": 50870.31,
                    "Plan Rows": 1487231,
                    "Plan Width": 4,
                    "Actual Startup Time": 491.515,
                    "Actual Total Time": 491.516,
                    "Actual Rows": 1264156,
                    "Actual Loops": 2,
                    "Hash Buckets": 4194304,
                    "Original Hash Buckets": 4194304,
                    "Hash Batches": 1,
                    "Original Hash Batches": 1,
                    "Peak Memory Usage": 131712,
                    "Plans": [
                      {
                        "Node Type": "Seq Scan",
                        "Parent Relationship": "Outer",
                        "Parallel Aware": true,
                        "Relation Name": "title",
                        "Alias": "t",
                        "Startup Cost": 0.0,
                        "Total Cost": 50870.31,
                        "Plan Rows": 1487231,
                        "Plan Width": 4,
                        "Actual Startup Time": 0.026,
                        "Actual Total Time": 150.232,
                        "Actual Rows": 1264156,
                        "Actual Loops": 2
                      }
                    ]
                  }
                ]
              }
            ]
          }
        ]
      }
    ]
  },
  "Planning Time": 0.717,
  "Triggers": [],
  "Execution Time": 2477.301
}