[
  {
    "Plan": {
      "Node Type": "Aggregate",
      "Strategy": "Plain",
      "Partial Mode": "Finalize",
      "Parallel Aware": false,
      "Startup Cost": 489399.33,
      "Total Cost": 489399.34,
      "Plan Rows": 1,
      "Plan Width": 96,
      "Actual Startup Time": 2463.279,
      "Actual Total Time": 2599.48,
      "Actual Rows": 1,
      "Actual Loops": 1,
      "Plans": [
        {
          "Node Type": "Gather",
          "Parent Relationship": "Outer",
          "Parallel Aware": false,
          "Startup Cost": 489398.89,
          "Total Cost": 489399.3,
          "Plan Rows": 4,
          "Plan Width": 96,
          "Actual Startup Time": 2462.742,
          "Actual Total Time": 2599.462,
          "Actual Rows": 5,
          "Actual Loops": 1,
          "Workers Planned": 4,
          "Workers Launched": 4,
          "Single Copy": false,
          "Plans": [
            {
              "Node Type": "Aggregate",
              "Strategy": "Plain",
              "Partial Mode": "Partial",
              "Parent Relationship": "Outer",
              "Parallel Aware": false,
              "Startup Cost": 488398.89,
              "Total Cost": 488398.9,
              "Plan Rows": 1,
              "Plan Width": 96,
              "Actual Startup Time": 2452.207,
              "Actual Total Time": 2452.221,
              "Actual Rows": 1,
              "Actual Loops": 5,
              "Plans": [
                {
                  "Node Type": "Hash Join",
                  "Parent Relationship": "Outer",
                  "Parallel Aware": true,
                  "Join Type": "Inner",
                  "Startup Cost": 443062.39,
                  "Total Cost": 488398.88,
                  "Plan Rows": 1,
                  "Plan Width": 48,
                  "Actual Startup Time": 2298.16,
                  "Actual Total Time": 2452.046,
                  "Actual Rows": 267,
                  "Actual Loops": 5,
                  "Inner Unique": false,
                  "Hash Cond": "(t.id = mk.movie_id)",
                  "Plans": [
                    {
                      "Node Type": "Seq Scan",
                      "Parent Relationship": "Outer",
                      "Parallel Aware": true,
                      "Relation Name": "title",
                      "Alias": "t",
                      "Startup Cost": 0.0,
                      "Total Cost": 43898.62,
                      "Plan Rows": 383429,
                      "Plan Width": 21,
                      "Actual Startup Time": 0.027,
                      "Actual Total Time": 113.146,
                      "Actual Rows": 306323,
                      "Actual Loops": 5,
                      "Filter": "(production_year > 1997)",
                      "Rows Removed by Filter": 199340
                    },
                    {
                      "Node Type": "Hash",
                      "Parent Relationship": "Inner",
                      "Parallel Aware": true,
                      "Startup Cost": 443062.38,
                      "Total Cost": 443062.38,
                      "Plan Rows": 1,
                      "Plan Width": 39,
                      "Actual Startup Time": 2293.847,
                      "Actual Total Time": 2293.859,
                      "Actual Rows": 530,
                      "Actual Loops": 5,
                      "Hash Buckets": 1024,
                      "Original Hash Buckets": 1024,
                      "Hash Batches": 1,
                      "Original Hash Batches": 1,
                      "Peak Memory Usage": 232,
                      "Plans": [
                        {
                          "Node Type": "Hash Join",
                          "Parent Relationship": "Outer",
                          "Parallel Aware": true,
                          "Join Type": "Inner",
                          "Startup Cost": 114141.35,
                          "Total Cost": 443062.38,
                          "Plan Rows": 1,
                          "Plan Width": 39,
                          "Actual Startup Time": 770.595,
                          "Actual Total Time": 2293.362,
                          "Actual Rows": 530,
                          "Actual Loops": 5,
                          "Inner Unique": false,
                          "Hash Cond": "(ci.movie_id = mk.movie_id)",
                          "Plans": [
                            {
                              "Node Type": "Hash Join",
                              "Parent Relationship": "Outer",
                              "Parallel Aware": true,
                              "Join Type": "Inner",
                              "Startup Cost": 68636.88,
                              "Total Cost": 397555.64,
                              "Plan Rows": 604,
                              "Plan Width": 19,
                              "Actual Startup Time": 385.193,
                              "Actual Total Time": 1976.434,
                              "Actual Rows": 19281,
                              "Actual Loops": 5,
                              "Inner Unique": true,
                              "Hash Cond": "(ci.person_id = n.id)",
                              "Plans": [
                                {
                                  "Node Type": "Seq Scan",
                                  "Parent Relationship": "Outer",
                                  "Parallel Aware": true,
                                  "Relation Name": "cast_info",
                                  "Alias": "ci",
                                  "Startup Cost": 0.0,
                                  "Total Cost": 313068.58,
                                  "Plan Rows": 6038158,
                                  "Plan Width": 8,
                                  "Actual Startup Time": 0.02,
                                  "Actual Total Time": 935.502,
                                  "Actual Rows": 7248869,
                                  "Actual Loops": 5
                                },
                                {
                                  "Node Type": "Hash",
                                  "Parent Relationship": "Inner",
                                  "Parallel Aware": true,
                                  "Startup Cost": 68635.58,
                                  "Total Cost": 68635.58,
                                  "Plan Rows": 104,
                                  "Plan Width": 19,
                                  "Actual Startup Time": 367.063,
                                  "Actual Total Time": 367.065,
                                  "Actual Rows": 2193,
                                  "Actual Loops": 5,
                                  "Hash Buckets": 16384,
                                  "Original Hash Buckets": 1024,
                                  "Hash Batches": 1,
                                  "Original Hash Batches": 1,
                                  "Peak Memory Usage": 984,
                                  "Plans": [
                                    {
                                      "Node Type": "Seq Scan",
                                      "Parent Relationship": "Outer",
                                      "Parallel Aware": true,
                                      "Relation Name": "name",
                                      "Alias": "n",
                                      "Startup Cost": 0.0,
                                      "Total Cost": 68635.58,
                                      "Plan Rows": 104,
                                      "Plan Width": 19,
                                      "Actual Startup Time": 0.892,
                                      "Actual Total Time": 183.621,
                                      "Actual Rows": 2193,
                                      "Actual Loops": 5,
                                      "Filter": "(name ~~ '%Jones,%'::text)",
                                      "Rows Removed by Filter": 831305
                                    }
                                  ]
                                }
                              ]
                            },
                            {
                              "Node Type": "Hash",
                              "Parent Relationship": "Inner",
                              "Parallel Aware": true,
                              "Startup Cost": 45504.33,
                              "Total Cost": 45504.33,
                              "Plan Rows": 11,
                              "Plan Width": 20,
                              "Actual Startup Time": 311.711,
                              "Actual Total Time": 311.714,
                              "Actual Rows": 3906,
                              "Actual Loops": 5,
                              "Hash Buckets": 32768,
                              "Original Hash Buckets": 1024,
                              "Hash Batches": 1,
                              "Original Hash Batches": 1,
                              "Peak Memory Usage": 1528,
                              "Plans": [
                                {
                                  "Node Type": "Hash Join",
                                  "Parent Relationship": "Outer",
                                  "Parallel Aware": false,
                                  "Join Type": "Inner",
                                  "Startup Cost": 2626.14,
                                  "Total Cost": 45504.33,
                                  "Plan Rows": 11,
                                  "Plan Width": 20,
                                  "Actual Startup Time": 27.105,
                                  "Actual Total Time": 233.585,
                                  "Actual Rows": 3906,
                                  "Actual Loops": 5,
                                  "Inner Unique": true,
                                  "Hash Cond": "(mk.keyword_id = k.id)",
                                  "Plans": [
                                    {
                                      "Node Type": "Seq Scan",
                                      "Parent Relationship": "Outer",
                                      "Parallel Aware": true,
                                      "Relation Name": "movie_keyword",
                                      "Alias": "mk",
                                      "Startup Cost": 0.0,
                                      "Total Cost": 39047.32,
                                      "Plan Rows": 1459332,
                                      "Plan Width": 8,
                                      "Actual Startup Time": 0.066,
                                      "Actual Total Time": 121.579,
                                      "Actual Rows": 904786,
                                      "Actual Loops": 5
                                    },
                                    {
                                      "Node Type": "Hash",
                                      "Parent Relationship": "Inner",
                                      "Parallel Aware": false,
                                      "Startup Cost": 2626.12,
                                      "Total Cost": 2626.12,
                                      "Plan Rows": 1,
                                      "Plan Width": 20,
                                      "Actual Startup Time": 26.811,
                                      "Actual Total Time": 26.811,
                                      "Actual Rows": 1,
                                      "Actual Loops": 5,
                                      "Hash Buckets": 1024,
                                      "Original Hash Buckets": 1024,
                                      "Hash Batches": 1,
                                      "Original Hash Batches": 1,
                                      "Peak Memory Usage": 9,
                                      "Plans": [
                                        {
                                          "Node Type": "Seq Scan",
                                          "Parent Relationship": "Outer",
                                          "Parallel Aware": false,
                                          "Relation Name": "keyword",
                                          "Alias": "k",
                                          "Startup Cost": 0.0,
                                          "Total Cost": 2626.12,
                                          "Plan Rows": 1,
                                          "Plan Width": 20,
                                          "Actual Startup Time": 2.745,
                                          "Actual Total Time": 26.791,
                                          "Actual Rows": 1,
                                          "Actual Loops": 5,
                                          "Filter": "(keyword = 'murder'::text)",
                                          "Rows Removed by Filter": 134169
                                        }
                                      ]
                                    }
                                  ]
                                }
                              ]
                            }
                          ]
                        }
                      ]
                    }
                  ]
                }
              ]
            }
          ]
        }
      ]
    },
    "Planning Time": 3.388,
    "Triggers": [],
    "Execution Time": 2599.799
  }
]