[
  {
    "Plan": {
      "Node Type": "Aggregate",
      "Strategy": "Plain",
      "Partial Mode": "Finalize",
      "Parallel Aware": false,
      "Startup Cost": 30144.36,
      "Total Cost": 30144.37,
      "Plan Rows": 1,
      "Plan Width": 8,
      "Actual Startup Time": 37.269,
      "Actual Total Time": 42.884,
      "Actual Rows": 1,
      "Actual Loops": 1,
      "Plans": [
        {
          "Node Type": "Gather",
          "Parent Relationship": "Outer",
          "Parallel Aware": false,
          "Startup Cost": 30144.14,
          "Total Cost": 30144.35,
          "Plan Rows": 2,
          "Plan Width": 8,
          "Actual Startup Time": 37.026,
          "Actual Total Time": 42.875,
          "Actual Rows": 3,
          "Actual Loops": 1,
          "Workers Planned": 2,
          "Workers Launched": 2,
          "Single Copy": false,
          "Plans": [
            {
              "Node Type": "Aggregate",
              "Strategy": "Plain",
              "Partial Mode": "Partial",
              "Parent Relationship": "Outer",
              "Parallel Aware": false,
              "Startup Cost": 29144.14,
              "Total Cost": 29144.15,
              "Plan Rows": 1,
              "Plan Width": 8,
              "Actual Startup Time": 28.742,
              "Actual Total Time": 28.747,
              "Actual Rows": 1,
              "Actual Loops": 3,
              "Plans": [
                {
                  "Node Type": "Nested Loop",
                  "Parent Relationship": "Outer",
                  "Parallel Aware": false,
                  "Join Type": "Inner",
                  "Startup Cost": 114.19,
                  "Total Cost": 29143.58,
                  "Plan Rows": 226,
                  "Plan Width": 0,
                  "Actual Startup Time": 17.516,
                  "Actual Total Time": 28.737,
                  "Actual Rows": 36,
                  "Actual Loops": 3,
                  "Inner Unique": false,
                  "Plans": [
                    {
                      "Node Type": "Nested Loop",
                      "Parent Relationship": "Outer",
                      "Parallel Aware": false,
                      "Join Type": "Inner",
                      "Startup Cost": 113.77,
                      "Total Cost": 28882.56,
                      "Plan Rows": 415,
                      "Plan Width": 8,
                      "Actual Startup Time": 17.488,
                      "Actual Total Time": 28.379,
                      "Actual Rows": 51,
                      "Actual Loops": 3,
                      "Inner Unique": true,
                      "Plans": [
                        {
                          "Node Type": "Bitmap Heap Scan",
                          "Parent Relationship": "Outer",
                          "Parallel Aware": true,
                          "Relation Name": "movie_keyword",
                          "Alias": "mk",
                          "Startup Cost": 113.34,
                          "Total Cost": 12888.65,
                          "Plan Rows": 2199,
                          "Plan Width": 4,
                          "Actual Startup Time": 1.074,
                          "Actual Total Time": 9.377,
                          "Actual Rows": 2109,
                          "Actual Loops": 3,
                          "Recheck Cond": "(keyword_id = 498)",
                          "Rows Removed by Index Recheck": 0,
                          "Exact Heap Blocks": 3896,
                          "Lossy Heap Blocks": 0,
                          "Plans": [
                            {
                              "Node Type": "Bitmap Index Scan",
                              "Parent Relationship": "Outer",
                              "Parallel Aware": false,
                              "Index Name": "keyword_id_movie_keyword",
                              "Startup Cost": 0.0,
                              "Total Cost": 112.02,
                              "Plan Rows": 5278,
                              "Plan Width": 0,
                              "Actual Startup Time": 1.683,
                              "Actual Total Time": 1.685,
                              "Actual Rows": 6326,
                              "Actual Loops": 1,
                              "Index Cond": "(keyword_id = 498)"
                            }
                          ]
                        },
                        {
                          "Node Type": "Index Scan",
                          "Parent Relationship": "Inner",
                          "Parallel Aware": false,
                          "Scan Direction": "Forward",
                          "Index Name": "title_pkey",
                          "Relation Name": "title",
                          "Alias": "t",
                          "Startup Cost": 0.43,
                          "Total Cost": 7.27,
                          "Plan Rows": 1,
                          "Plan Width": 4,
                          "Actual Startup Time": 0.009,
                          "Actual Total Time": 0.009,
                          "Actual Rows": 0,
                          "Actual Loops": 6326,
                          "Index Cond": "(id = mk.movie_id)",
                          "Rows Removed by Index Recheck": 0,
                          "Filter": "((production_year > 2007) AND (kind_id = 7))",
                          "Rows Removed by Filter": 1
                        }
                      ]
                    },
                    {
                      "Node Type": "Index Only Scan",
                      "Parent Relationship": "Inner",
                      "Parallel Aware": false,
                      "Scan Direction": "Forward",
                      "Index Name": "movie_id_movie_info_idx",
                      "Relation Name": "movie_info_idx",
                      "Alias": "mi_idx",
                      "Startup Cost": 0.43,
                      "Total Cost": 0.6,
                      "Plan Rows": 3,
                      "Plan Width": 4,
                      "Actual Startup Time": 0.006,
                      "Actual Total Time": 0.006,
                      "Actual Rows": 1,
                      "Actual Loops": 154,
                      "Index Cond": "(movie_id = t.id)",
                      "Rows Removed by Index Recheck": 0,
                      "Heap Fetches": 108
                    }
                  ]
                }
              ]
            }
          ]
        }
      ]
    },
    "Planning Time": 0.653,
    "Triggers": [],
    "Execution Time": 42.944
  }
]