[
  {
    "Plan": {
      "Node Type": "Aggregate",
      "Strategy": "Plain",
      "Partial Mode": "Finalize",
      "Parallel Aware": false,
      "Startup Cost": 45144.95,
      "Total Cost": 45144.96,
      "Plan Rows": 1,
      "Plan Width": 8,
      "Actual Startup Time": 135.194,
      "Actual Total Time": 144.516,
      "Actual Rows": 1,
      "Actual Loops": 1,
      "Plans": [
        {
          "Node Type": "Gather",
          "Parent Relationship": "Outer",
          "Parallel Aware": false,
          "Startup Cost": 45144.63,
          "Total Cost": 45144.94,
          "Plan Rows": 3,
          "Plan Width": 8,
          "Actual Startup Time": 135.097,
          "Actual Total Time": 144.508,
          "Actual Rows": 4,
          "Actual Loops": 1,
          "Workers Planned": 3,
          "Workers Launched": 3,
          "Single Copy": false,
          "Plans": [
            {
              "Node Type": "Aggregate",
              "Strategy": "Plain",
              "Partial Mode": "Partial",
              "Parent Relationship": "Outer",
              "Parallel Aware": false,
              "Startup Cost": 44144.63,
              "Total Cost": 44144.64,
              "Plan Rows": 1,
              "Plan Width": 8,
              "Actual Startup Time": 129.249,
              "Actual Total Time": 129.251,
              "Actual Rows": 1,
              "Actual Loops": 4,
              "Plans": [
                {
                  "Node Type": "Seq Scan",
                  "Parent Relationship": "Outer",
                  "Parallel Aware": true,
                  "Relation Name": "movie_keyword",
                  "Alias": "mk",
                  "Startup Cost": 0.0,
                  "Total Cost": 42695.65,
                  "Plan Rows": 579590,
                  "Plan Width": 0,
                  "Actual Startup Time": 0.049,
                  "Actual Total Time": 107.928,
                  "Actual Rows": 453265,
                  "Actual Loops": 4,
                  "Filter": "(keyword_id < 2950)",
                  "Rows Removed by Filter": 677718
                }
              ]
            }
          ]
        }
      ]
    },
    "Planning Time": 0.179,
    "Triggers": [],
    "Execution Time": 144.57
  }
]