[
  {
    "Plan": {
      "Node Type": "Aggregate",
      "Strategy": "Plain",
      "Partial Mode": "Finalize",
      "Parallel Aware": false,
      "Startup Cost": 338856.58,
      "Total Cost": 338856.59,
      "Plan Rows": 1,
      "Plan Width": 8,
      "Actual Startup Time": 780.231,
      "Actual Total Time": 825.82,
      "Actual Rows": 1,
      "Actual Loops": 1,
      "Plans": [
        {
          "Node Type": "Gather",
          "Parent Relationship": "Outer",
          "Parallel Aware": false,
          "Startup Cost": 338855.95,
          "Total Cost": 338856.56,
          "Plan Rows": 6,
          "Plan Width": 8,
          "Actual Startup Time": 780.024,
          "Actual Total Time": 825.806,
          "Actual Rows": 7,
          "Actual Loops": 1,
          "Workers Planned": 6,
          "Workers Launched": 6,
          "Single Copy": false,
          "Plans": [
            {
              "Node Type": "Aggregate",
              "Strategy": "Plain",
              "Partial Mode": "Partial",
              "Parent Relationship": "Outer",
              "Parallel Aware": false,
              "Startup Cost": 337855.95,
              "Total Cost": 337855.96,
              "Plan Rows": 1,
              "Plan Width": 8,
              "Actual Startup Time": 773.858,
              "Actual Total Time": 773.86,
              "Actual Rows": 1,
              "Actual Loops": 7,
              "Plans": [
                {
                  "Node Type": "Seq Scan",
                  "Parent Relationship": "Outer",
                  "Parallel Aware": true,
                  "Relation Name": "cast_info",
                  "Alias": "ci",
                  "Startup Cost": 0.0,
                  "Total Cost": 328211.39,
                  "Plan Rows": 3857824,
                  "Plan Width": 0,
                  "Actual Startup Time": 0.041,
                  "Actual Total Time": 611.937,
                  "Actual Rows": 3330021,
                  "Actual Loops": 7,
                  "Filter": "(person_id < 2384244)",
                  "Rows Removed by Filter": 1847742
                }
              ]
            }
          ]
        }
      ]
    },
    "Planning Time": 0.115,
    "Triggers": [],
    "Execution Time": 825.863
  }
]