[
  {
    "Plan": {
      "Node Type": "Aggregate",
      "Strategy": "Plain",
      "Partial Mode": "Finalize",
      "Parallel Aware": false,
      "Startup Cost": 338849.65,
      "Total Cost": 338849.66,
      "Plan Rows": 1,
      "Plan Width": 8,
      "Actual Startup Time": 751.288,
      "Actual Total Time": 809.833,
      "Actual Rows": 1,
      "Actual Loops": 1,
      "Plans": [
        {
          "Node Type": "Gather",
          "Parent Relationship": "Outer",
          "Parallel Aware": false,
          "Startup Cost": 338849.02,
          "Total Cost": 338849.63,
          "Plan Rows": 6,
          "Plan Width": 8,
          "Actual Startup Time": 751.171,
          "Actual Total Time": 809.821,
          "Actual Rows": 7,
          "Actual Loops": 1,
          "Workers Planned": 6,
          "Workers Launched": 6,
          "Single Copy": false,
          "Plans": [
            {
              "Node Type": "Aggregate",
              "Strategy": "Plain",
              "Partial Mode": "Partial",
              "Parent Relationship": "Outer",
              "Parallel Aware": false,
              "Startup Cost": 337849.02,
              "Total Cost": 337849.03,
              "Plan Rows": 1,
              "Plan Width": 8,
              "Actual Startup Time": 742.847,
              "Actual Total Time": 742.848,
              "Actual Rows": 1,
              "Actual Loops": 7,
              "Plans": [
                {
                  "Node Type": "Seq Scan",
                  "Parent Relationship": "Outer",
                  "Parallel Aware": true,
                  "Relation Name": "cast_info",
                  "Alias": "ci",
                  "Startup Cost": 0.0,
                  "Total Cost": 328162.03,
                  "Plan Rows": 3874798,
                  "Plan Width": 0,
                  "Actual Startup Time": 0.044,
                  "Actual Total Time": 595.152,
                  "Actual Rows": 3330021,
                  "Actual Loops": 7,
                  "Filter": "(person_id < 2384244)",
                  "Rows Removed by Filter": 1847742
                }
              ]
            }
          ]
        }
      ]
    },
    "Planning Time": 0.193,
    "Triggers": [],
    "Execution Time": 809.905
  }
]