[
  {
    "Plan": {
      "Node Type": "Aggregate",
      "Strategy": "Plain",
      "Partial Mode": "Finalize",
      "Parallel Aware": false,
      "Startup Cost": 83272.86,
      "Total Cost": 83272.87,
      "Plan Rows": 1,
      "Plan Width": 8,
      "Actual Startup Time": 383.939,
      "Actual Total Time": 447.605,
      "Actual Rows": 1,
      "Actual Loops": 1,
      "Plans": [
        {
          "Node Type": "Gather",
          "Parent Relationship": "Outer",
          "Parallel Aware": false,
          "Startup Cost": 83272.54,
          "Total Cost": 83272.85,
          "Plan Rows": 3,
          "Plan Width": 8,
          "Actual Startup Time": 383.649,
          "Actual Total Time": 447.594,
          "Actual Rows": 4,
          "Actual Loops": 1,
          "Workers Planned": 3,
          "Workers Launched": 3,
          "Single Copy": false,
          "Plans": [
            {
              "Node Type": "Aggregate",
              "Strategy": "Plain",
              "Partial Mode": "Partial",
              "Parent Relationship": "Outer",
              "Parallel Aware": false,
              "Startup Cost": 82272.54,
              "Total Cost": 82272.55,
              "Plan Rows": 1,
              "Plan Width": 8,
              "Actual Startup Time": 374.248,
              "Actual Total Time": 374.25,
              "Actual Rows": 1,
              "Actual Loops": 4,
              "Plans": [
                {
                  "Node Type": "Nested Loop",
                  "Parent Relationship": "Outer",
                  "Parallel Aware": false,
                  "Join Type": "Inner",
                  "Startup Cost": 272.01,
                  "Total Cost": 82237.82,
                  "Plan Rows": 13890,
                  "Plan Width": 0,
                  "Actual Startup Time": 3.821,
                  "Actual Total Time": 372.277,
                  "Actual Rows": 24638,
                  "Actual Loops": 4,
                  "Inner Unique": false,
                  "Plans": [
                    {
                      "Node Type": "Nested Loop",
                      "Parent Relationship": "Outer",
                      "Parallel Aware": false,
                      "Join Type": "Inner",
                      "Startup Cost": 271.44,
                      "Total Cost": 72792.35,
                      "Plan Rows": 4769,
                      "Plan Width": 8,
                      "Actual Startup Time": 2.567,
                      "Actual Total Time": 48.515,
                      "Actual Rows": 4151,
                      "Actual Loops": 4,
                      "Inner Unique": true,
                      "Plans": [
                        {
                          "Node Type": "Bitmap Heap Scan",
                          "Parent Relationship": "Outer",
                          "Parallel Aware": true,
                          "Relation Name": "movie_info",
                          "Alias": "mi",
                          "Startup Cost": 271.01,
                          "Total Cost": 44355.18,
                          "Plan Rows": 4769,
                          "Plan Width": 4,
                          "Actual Startup Time": 2.388,
                          "Actual Total Time": 8.195,
                          "Actual Rows": 4151,
                          "Actual Loops": 4,
                          "Recheck Cond": "(info_type_id = 102)",
                          "Rows Removed by Index Recheck": 0,
                          "Exact Heap Blocks": 1694,
                          "Lossy Heap Blocks": 0,
                          "Plans": [
                            {
                              "Node Type": "Bitmap Index Scan",
                              "Parent Relationship": "Outer",
                              "Parallel Aware": false,
                              "Index Name": "info_type_id_movie_info",
                              "Startup Cost": 0.0,
                              "Total Cost": 267.31,
                              "Plan Rows": 14784,
                              "Plan Width": 0,
                              "Actual Startup Time": 7.426,
                              "Actual Total Time": 7.427,
                              "Actual Rows": 16603,
                              "Actual Loops": 1,
                              "Index Cond": "(info_type_id = 102)"
                            }
                          ]
                        },
                        {
                          "Node Type": "Index Only Scan",
                          "Parent Relationship": "Inner",
                          "Parallel Aware": false,
                          "Scan Direction": "Forward",
                          "Index Name": "title_pkey",
                          "Relation Name": "title",
                          "Alias": "t",
                          "Startup Cost": 0.43,
                          "Total Cost": 5.96,
                          "Plan Rows": 1,
                          "Plan Width": 4,
                          "Actual Startup Time": 0.009,
                          "Actual Total Time": 0.009,
                          "Actual Rows": 1,
                          "Actual Loops": 16603,
                          "Index Cond": "(id = mi.movie_id)",
                          "Rows Removed by Index Recheck": 0,
                          "Heap Fetches": 16603
                        }
                      ]
                    },
                    {
                      "Node Type": "Index Scan",
                      "Parent Relationship": "Inner",
                      "Parallel Aware": false,
                      "Scan Direction": "Forward",
                      "Index Name": "movie_id_cast_info",
                      "Relation Name": "cast_info",
                      "Alias": "ci",
                      "Startup Cost": 0.56,
                      "Total Cost": 1.91,
                      "Plan Rows": 7,
                      "Plan Width": 4,
                      "Actual Startup Time": 0.038,
                      "Actual Total Time": 0.077,
                      "Actual Rows": 6,
                      "Actual Loops": 16603,
                      "Index Cond": "(movie_id = t.id)",
                      "Rows Removed by Index Recheck": 0,
                      "Filter": "(role_id = 2)",
                      "Rows Removed by Filter": 27
                    }
                  ]
                }
              ]
            }
          ]
        }
      ]
    },
    "Planning Time": 1.342,
    "Triggers": [],
    "Execution Time": 447.728
  }
]