[
  {
    "Plan": {
      "Node Type": "Aggregate",
      "Strategy": "Plain",
      "Partial Mode": "Finalize",
      "Parallel Aware": false,
      "Startup Cost": 339888.37,
      "Total Cost": 339888.38,
      "Plan Rows": 1,
      "Plan Width": 8,
      "Actual Startup Time": 1004.908,
      "Actual Total Time": 1054.851,
      "Actual Rows": 1,
      "Actual Loops": 1,
      "Plans": [
        {
          "Node Type": "Gather",
          "Parent Relationship": "Outer",
          "Parallel Aware": false,
          "Startup Cost": 339887.75,
          "Total Cost": 339888.36,
          "Plan Rows": 6,
          "Plan Width": 8,
          "Actual Startup Time": 1004.692,
          "Actual Total Time": 1054.837,
          "Actual Rows": 7,
          "Actual Loops": 1,
          "Workers Planned": 6,
          "Workers Launched": 6,
          "Single Copy": false,
          "Plans": [
            {
              "Node Type": "Aggregate",
              "Strategy": "Plain",
              "Partial Mode": "Partial",
              "Parent Relationship": "Outer",
              "Parallel Aware": false,
              "Startup Cost": 338887.75,
              "Total Cost": 338887.76,
              "Plan Rows": 1,
              "Plan Width": 8,
              "Actual Startup Time": 997.121,
              "Actual Total Time": 997.122,
              "Actual Rows": 1,
              "Actual Loops": 7,
              "Plans": [
                {
                  "Node Type": "Seq Scan",
                  "Parent Relationship": "Outer",
                  "Parallel Aware": true,
                  "Relation Name": "cast_info",
                  "Alias": "ci",
                  "Startup Cost": 0.0,
                  "Total Cost": 328211.39,
                  "Plan Rows": 4270542,
                  "Plan Width": 0,
                  "Actual Startup Time": 143.92,
                  "Actual Total Time": 766.551,
                  "Actual Rows": 3656955,
                  "Actual Loops": 7,
                  "Filter": "(person_id > 1044485)",
                  "Rows Removed by Filter": 1520809
                }
              ]
            }
          ]
        }
      ]
    },
    "Planning Time": 0.205,
    "Triggers": [],
    "Execution Time": 1054.926
  }
]