[
  {
    "Plan": {
      "Node Type": "Aggregate",
      "Strategy": "Plain",
      "Partial Mode": "Finalize",
      "Parallel Aware": false,
      "Startup Cost": 339838.2,
      "Total Cost": 339838.21,
      "Plan Rows": 1,
      "Plan Width": 8,
      "Actual Startup Time": 840.914,
      "Actual Total Time": 901.455,
      "Actual Rows": 1,
      "Actual Loops": 1,
      "Plans": [
        {
          "Node Type": "Gather",
          "Parent Relationship": "Outer",
          "Parallel Aware": false,
          "Startup Cost": 339837.58,
          "Total Cost": 339838.19,
          "Plan Rows": 6,
          "Plan Width": 8,
          "Actual Startup Time": 840.793,
          "Actual Total Time": 901.443,
          "Actual Rows": 7,
          "Actual Loops": 1,
          "Workers Planned": 6,
          "Workers Launched": 6,
          "Single Copy": false,
          "Plans": [
            {
              "Node Type": "Aggregate",
              "Strategy": "Plain",
              "Partial Mode": "Partial",
              "Parent Relationship": "Outer",
              "Parallel Aware": false,
              "Startup Cost": 338837.58,
              "Total Cost": 338837.59,
              "Plan Rows": 1,
              "Plan Width": 8,
              "Actual Startup Time": 831.654,
              "Actual Total Time": 831.655,
              "Actual Rows": 1,
              "Actual Loops": 7,
              "Plans": [
                {
                  "Node Type": "Seq Scan",
                  "Parent Relationship": "Outer",
                  "Parallel Aware": true,
                  "Relation Name": "cast_info",
                  "Alias": "ci",
                  "Startup Cost": 0.0,
                  "Total Cost": 328162.03,
                  "Plan Rows": 4270221,
                  "Plan Width": 0,
                  "Actual Startup Time": 128.017,
                  "Actual Total Time": 663.22,
                  "Actual Rows": 3656955,
                  "Actual Loops": 7,
                  "Filter": "(person_id > 1044485)",
                  "Rows Removed by Filter": 1520809
                }
              ]
            }
          ]
        }
      ]
    },
    "Planning Time": 0.205,
    "Triggers": [],
    "Execution Time": 901.532
  }
]