{
  "Plan": {
    "Node Type": "Aggregate",
    "Strategy": "Plain",
    "Partial Mode": "Finalize",
    "Parallel Aware": false,
    "Startup Cost": 113124.92,
    "Total Cost": 113124.93,
    "Plan Rows": 1,
    "Plan Width": 8,
    "Actual Startup Time": 353.574,
    "Actual Total Time": 370.877,
    "Actual Rows": 1,
    "Actual Loops": 1,
    "Plans": [
      {
        "Node Type": "Gather",
        "Parent Relationship": "Outer",
        "Parallel Aware": false,
        "Startup Cost": 113124.81,
        "Total Cost": 113124.92,
        "Plan Rows": 1,
        "Plan Width": 8,
        "Actual Startup Time": 353.353,
        "Actual Total Time": 370.87,
        "Actual Rows": 2,
        "Actual Loops": 1,
        "Workers Planned": 1,
        "Workers Launched": 1,
        "Single Copy": false,
        "Plans": [
          {
            "Node Type": "Aggregate",
            "Strategy": "Plain",
            "Partial Mode": "Partial",
            "Parent Relationship": "Outer",
            "Parallel Aware": false,
            "Startup Cost": 112124.81,
            "Total Cost": 112124.82,
            "Plan Rows": 1,
            "Plan Width": 8,
            "Actual Startup Time": 348.676,
            "Actual Total Time": 348.679,
            "Actual Rows": 1,
            "Actual Loops": 2,
            "Plans": [
              {
                "Node Type": "Nested Loop",
                "Parent Relationship": "Outer",
                "Parallel Aware": false,
                "Join Type": "Inner",
                "Startup Cost": 76489.34,
                "Total Cost": 112118.72,
                "Plan Rows": 2438,
                "Plan Width": 0,
                "Actual Startup Time": 183.323,
                "Actual Total Time": 347.563,
                "Actual Rows": 20407,
                "Actual Loops": 2,
                "Inner Unique": false,
                "Join Filter": "(t.id = mc.movie_id)",
                "Rows Removed by Join Filter": 0,
                "Plans": [
                  {
                    "Node Type": "Hash Join",
                    "Parent Relationship": "Outer",
                    "Parallel Aware": true,
                    "Join Type": "Inner",
                    "Startup Cost": 76488.91,
                    "Total Cost": 108488.86,
                    "Plan Rows": 5178,
                    "Plan Width": 8,
                    "Actual Startup Time": 183.208,
                    "Actual Total Time": 303.193,
                    "Actual Rows": 9827,
                    "Actual Loops": 2,
                    "Inner Unique": true,
                    "Hash Cond": "(mk.movie_id = t.id)",
                    "Plans": [
                      {
                        "Node Type": "Bitmap Heap Scan",
                        "Parent Relationship": "Outer",
                        "Parallel Aware": true,
                        "Relation Name": "movie_keyword",
                        "Alias": "mk",
                        "Startup Cost": 17989.51,
                        "Total Cost": 48679.83,
                        "Plan Rows": 498905,
                        "Plan Width": 4,
                        "Actual Startup Time": 47.657,
                        "Actual Total Time": 129.476,
                        "Actual Rows": 419667,
                        "Actual Loops": 2,
                        "Recheck Cond": "(keyword_id > 21891)",
                        "Rows Removed by Index Recheck": 0,
                        "Exact Heap Blocks": 14785,
                        "Lossy Heap Blocks": 0,
                        "Plans": [
                          {
                            "Node Type": "Bitmap Index Scan",
                            "Parent Relationship": "Outer",
                            "Parallel Aware": false,
                            "Index Name": "keyword_id_movie_keyword",
                            "Startup Cost": 0.0,
                            "Total Cost": 17777.47,
                            "Plan Rows": 848139,
                            "Plan Width": 0,
                            "Actual Startup Time": 44.017,
                            "Actual Total Time": 44.017,
                            "Actual Rows": 839334,
                            "Actual Loops": 1,
                            "Index Cond": "(keyword_id > 21891)"
                          }
                        ]
                      },
                      {
                        "Node Type": "Hash",
                        "Parent Relationship": "Inner",
                        "Parallel Aware": true,
                        "Startup Cost": 58306.47,
                        "Total Cost": 58306.47,
                        "Plan Rows": 15435,
                        "Plan Width": 4,
                        "Actual Startup Time": 133.766,
                        "Actual Total Time": 133.767,
                        "Actual Rows": 11963,
                        "Actual Loops": 2,
                        "Hash Buckets": 32768,
                        "Original Hash Buckets": 32768,
                        "Hash Batches": 1,
                        "Original Hash Batches": 1,
                        "Peak Memory Usage": 1248,
                        "Plans": [
                          {
                            "Node Type": "Seq Scan",
                            "Parent Relationship": "Outer",
                            "Parallel Aware": true,
                            "Relation Name": "title",
                            "Alias": "t",
                            "Startup Cost": 0.0,
                            "Total Cost": 58306.47,
                            "Plan Rows": 15435,
                            "Plan Width": 4,
                            "Actual Startup Time": 0.064,
                            "Actual Total Time": 130.341,
                            "Actual Rows": 11963,
                            "Actual Loops": 2,
                            "Filter": "((kind_id < 7) AND (production_year = 2003))",
                            "Rows Removed by Filter": 1252193
                          }
                        ]
                      }
                    ]
                  },
                  {
                    "Node Type": "Index Scan",
                    "Parent Relationship": "Inner",
                    "Parallel Aware": false,
                    "Scan Direction": "Forward",
                    "Index Name": "movie_id_movie_companies",
                    "Relation Name": "movie_companies",
                    "Alias": "mc",
                    "Startup Cost": 0.43,
                    "Total Cost": 0.68,
                    "Plan Rows": 2,
                    "Plan Width": 4,
                    "Actual Startup Time": 0.004,
                    "Actual Total Time": 0.004,
                    "Actual Rows": 2,
                    "Actual Loops": 19654,
                    "Index Cond": "(movie_id = mk.movie_id)",
                    "Rows Removed by Index Recheck": 0,
                    "Filter": "((company_id < 98869) AND (company_type_id = 2))",
                    "Rows Removed by Filter": 9
                  }
                ]
              }
            ]
          }
        ]
      }
    ]
  },
  "Planning Time": 0.975,
  "Triggers": [],
  "Execution Time": 370.98
}