{
  "Plan": {
    "Node Type": "Aggregate",
    "Strategy": "Plain",
    "Partial Mode": "Finalize",
    "Parallel Aware": false,
    "Startup Cost": 468173.74,
    "Total Cost": 468173.75,
    "Plan Rows": 1,
    "Plan Width": 8,
    "Actual Startup Time": 1047.807,
    "Actual Total Time": 1075.259,
    "Actual Rows": 1,
    "Actual Loops": 1,
    "Plans": [
      {
        "Node Type": "Gather",
        "Parent Relationship": "Outer",
        "Parallel Aware": false,
        "Startup Cost": 468173.63,
        "Total Cost": 468173.74,
        "Plan Rows": 1,
        "Plan Width": 8,
        "Actual Startup Time": 1046.67,
        "Actual Total Time": 1075.25,
        "Actual Rows": 2,
        "Actual Loops": 1,
        "Workers Planned": 1,
        "Workers Launched": 1,
        "Single Copy": false,
        "Plans": [
          {
            "Node Type": "Aggregate",
            "Strategy": "Plain",
            "Partial Mode": "Partial",
            "Parent Relationship": "Outer",
            "Parallel Aware": false,
            "Startup Cost": 467173.63,
            "Total Cost": 467173.64,
            "Plan Rows": 1,
            "Plan Width": 8,
            "Actual Startup Time": 1042.251,
            "Actual Total Time": 1042.257,
            "Actual Rows": 1,
            "Actual Loops": 2,
            "Plans": [
              {
                "Node Type": "Hash Join",
                "Parent Relationship": "Outer",
                "Parallel Aware": true,
                "Join Type": "Inner",
                "Startup Cost": 425973.86,
                "Total Cost": 467083.33,
                "Plan Rows": 36119,
                "Plan Width": 0,
                "Actual Startup Time": 907.004,
                "Actual Total Time": 1039.827,
                "Actual Rows": 55302,
                "Actual Loops": 2,
                "Inner Unique": false,
                "Hash Cond": "(mc.movie_id = t.id)",
                "Plans": [
                  {
                    "Node Type": "Seq Scan",
                    "Parent Relationship": "Outer",
                    "Parallel Aware": true,
                    "Relation Name": "movie_companies",
                    "Alias": "mc",
                    "Startup Cost": 0.0,
                    "Total Cost": 37974.77,
                    "Plan Rows": 779260,
                    "Plan Width": 4,
                    "Actual Startup Time": 45.52,
                    "Actual Total Time": 108.206,
                    "Actual Rows": 667442,
                    "Actual Loops": 2,
                    "Filter": "(company_type_id > 1)",
                    "Rows Removed by Filter": 637123
                  },
                  {
                    "Node Type": "Hash",
                    "Parent Relationship": "Inner",
                    "Parallel Aware": true,
                    "Startup Cost": 425112.19,
                    "Total Cost": 425112.19,
                    "Plan Rows": 68934,
                    "Plan Width": 8,
                    "Actual Startup Time": 859.344,
                    "Actual Total Time": 859.349,
                    "Actual Rows": 74581,
                    "Actual Loops": 2,
                    "Hash Buckets": 262144,
                    "Original Hash Buckets": 131072,
                    "Hash Batches": 1,
                    "Original Hash Batches": 1,
                    "Peak Memory Usage": 8960,
                    "Plans": [
                      {
                        "Node Type": "Hash Join",
                        "Parent Relationship": "Outer",
                        "Parallel Aware": true,
                        "Join Type": "Inner",
                        "Startup Cost": 136284.08,
                        "Total Cost": 425112.19,
                        "Plan Rows": 68934,
                        "Plan Width": 8,
                        "Actual Startup Time": 403.182,
                        "Actual Total Time": 839.558,
                        "Actual Rows": 74581,
                        "Actual Loops": 2,
                        "Inner Unique": true,
                        "Hash Cond": "(ci.movie_id = t.id)",
                        "Plans": [
                          {
                            "Node Type": "Bitmap Heap Scan",
                            "Parent Relationship": "Outer",
                            "Parallel Aware": true,
                            "Relation Name": "cast_info",
                            "Alias": "ci",
                            "Startup Cost": 80795.92,
                            "Total Cost": 365885.32,
                            "Plan Rows": 1424265,
                            "Plan Width": 4,
                            "Actual Startup Time": 249.091,
                            "Actual Total Time": 493.579,
                            "Actual Rows": 1515037,
                            "Actual Loops": 2,
                            "Recheck Cond": "(person_id < 364116)",
                            "Rows Removed by Index Recheck": 0,
                            "Filter": "(role_id < 4)",
                            "Rows Removed by Filter": 384273,
                            "Exact Heap Blocks": 21595,
                            "Lossy Heap Blocks": 0,
                            "Plans": [
                              {
                                "Node Type": "Bitmap Index Scan",
                                "Parent Relationship": "Outer",
                                "Parallel Aware": false,
                                "Index Name": "person_id_cast_info",
                                "Startup Cost": 0.0,
                                "Total Cost": 80190.6,
                                "Plan Rows": 3672272,
                                "Plan Width": 0,
                                "Actual Startup Time": 242.584,
                                "Actual Total Time": 242.584,
                                "Actual Rows": 3798620,
                                "Actual Loops": 1,
                                "Index Cond": "(person_id < 364116)"
                              }
                            ]
                          },
                          {
                            "Node Type": "Hash",
                            "Parent Relationship": "Inner",
                            "Parallel Aware": true,
                            "Startup Cost": 54588.39,
                            "Total Cost": 54588.39,
                            "Plan Rows": 71982,
                            "Plan Width": 4,
                            "Actual Startup Time": 152.787,
                            "Actual Total Time": 152.788,
                            "Actual Rows": 61430,
                            "Actual Loops": 2,
                            "Hash Buckets": 131072,
                            "Original Hash Buckets": 131072,
                            "Hash Batches": 1,
                            "Original Hash Batches": 1,
                            "Peak Memory Usage": 5856,
                            "Plans": [
                              {
                                "Node Type": "Seq Scan",
                                "Parent Relationship": "Outer",
                                "Parallel Aware": true,
                                "Relation Name": "title",
                                "Alias": "t",
                                "Startup Cost": 0.0,
                                "Total Cost": 54588.39,
                                "Plan Rows": 71982,
                                "Plan Width": 4,
                                "Actual Startup Time": 0.025,
                                "Actual Total Time": 135.627,
                                "Actual Rows": 61430,
                                "Actual Loops": 2,
                                "Filter": "(production_year = 2008)",
                                "Rows Removed by Filter": 1202726
                              }
                            ]
                          }
                        ]
                      }
                    ]
                  }
                ]
              }
            ]
          }
        ]
      }
    ]
  },
  "Planning Time": 1.087,
  "Triggers": [],
  "Execution Time": 1075.372
}