[
  {
    "Plan": {
      "Node Type": "Aggregate",
      "Strategy": "Plain",
      "Partial Mode": "Finalize",
      "Parallel Aware": false,
      "Startup Cost": 31859.81,
      "Total Cost": 31859.82,
      "Plan Rows": 1,
      "Plan Width": 8,
      "Actual Startup Time": 127.343,
      "Actual Total Time": 134.156,
      "Actual Rows": 1,
      "Actual Loops": 1,
      "Plans": [
        {
          "Node Type": "Gather",
          "Parent Relationship": "Outer",
          "Parallel Aware": false,
          "Startup Cost": 31859.49,
          "Total Cost": 31859.8,
          "Plan Rows": 3,
          "Plan Width": 8,
          "Actual Startup Time": 127.259,
          "Actual Total Time": 134.148,
          "Actual Rows": 4,
          "Actual Loops": 1,
          "Workers Planned": 3,
          "Workers Launched": 3,
          "Single Copy": false,
          "Plans": [
            {
              "Node Type": "Aggregate",
              "Strategy": "Plain",
              "Partial Mode": "Partial",
              "Parent Relationship": "Outer",
              "Parallel Aware": false,
              "Startup Cost": 30859.49,
              "Total Cost": 30859.5,
              "Plan Rows": 1,
              "Plan Width": 8,
              "Actual Startup Time": 118.739,
              "Actual Total Time": 118.739,
              "Actual Rows": 1,
              "Actual Loops": 4,
              "Plans": [
                {
                  "Node Type": "Seq Scan",
                  "Parent Relationship": "Outer",
                  "Parallel Aware": true,
                  "Relation Name": "movie_companies",
                  "Alias": "mc",
                  "Startup Cost": 0.0,
                  "Total Cost": 29310.68,
                  "Plan Rows": 619525,
                  "Plan Width": 0,
                  "Actual Startup Time": 0.756,
                  "Actual Total Time": 93.434,
                  "Actual Rows": 481651,
                  "Actual Loops": 4,
                  "Filter": "(company_id > 1190)",
                  "Rows Removed by Filter": 170631
                }
              ]
            }
          ]
        }
      ]
    },
    "Planning Time": 0.166,
    "Triggers": [],
    "Execution Time": 134.211
  }
]