[
  {
    "Plan": {
      "Node Type": "Aggregate",
      "Strategy": "Plain",
      "Partial Mode": "Finalize",
      "Parallel Aware": false,
      "Startup Cost": 345619.66,
      "Total Cost": 345619.67,
      "Plan Rows": 1,
      "Plan Width": 8,
      "Actual Startup Time": 664.656,
      "Actual Total Time": 723.813,
      "Actual Rows": 1,
      "Actual Loops": 1,
      "Plans": [
        {
          "Node Type": "Gather",
          "Parent Relationship": "Outer",
          "Parallel Aware": false,
          "Startup Cost": 345619.03,
          "Total Cost": 345619.64,
          "Plan Rows": 6,
          "Plan Width": 8,
          "Actual Startup Time": 664.542,
          "Actual Total Time": 723.802,
          "Actual Rows": 7,
          "Actual Loops": 1,
          "Workers Planned": 6,
          "Workers Launched": 6,
          "Single Copy": false,
          "Plans": [
            {
              "Node Type": "Aggregate",
              "Strategy": "Plain",
              "Partial Mode": "Partial",
              "Parent Relationship": "Outer",
              "Parallel Aware": false,
              "Startup Cost": 344619.03,
              "Total Cost": 344619.04,
              "Plan Rows": 1,
              "Plan Width": 8,
              "Actual Startup Time": 654.245,
              "Actual Total Time": 654.246,
              "Actual Rows": 1,
              "Actual Loops": 7,
              "Plans": [
                {
                  "Node Type": "Seq Scan",
                  "Parent Relationship": "Outer",
                  "Parallel Aware": true,
                  "Relation Name": "cast_info",
                  "Alias": "ci",
                  "Startup Cost": 0.0,
                  "Total Cost": 343257.03,
                  "Plan Rows": 544802,
                  "Plan Width": 0,
                  "Actual Startup Time": 361.313,
                  "Actual Total Time": 639.221,
                  "Actual Rows": 295207,
                  "Actual Loops": 7,
                  "Filter": "((person_id < 718182) AND (role_id > 2))",
                  "Rows Removed by Filter": 4882557
                }
              ]
            }
          ]
        }
      ]
    },
    "Planning Time": 0.175,
    "Triggers": [],
    "Execution Time": 723.875
  }
]