{
  "Plan": {
    "Node Type": "Aggregate",
    "Strategy": "Plain",
    "Partial Mode": "Finalize",
    "Parallel Aware": false,
    "Startup Cost": 199470.74,
    "Total Cost": 199470.75,
    "Plan Rows": 1,
    "Plan Width": 8,
    "Actual Startup Time": 2155.446,
    "Actual Total Time": 2187.014,
    "Actual Rows": 1,
    "Actual Loops": 1,
    "Plans": [
      {
        "Node Type": "Gather",
        "Parent Relationship": "Outer",
        "Parallel Aware": false,
        "Startup Cost": 199470.63,
        "Total Cost": 199470.74,
        "Plan Rows": 1,
        "Plan Width": 8,
        "Actual Startup Time": 2151.132,
        "Actual Total Time": 2187.007,
        "Actual Rows": 2,
        "Actual Loops": 1,
        "Workers Planned": 1,
        "Workers Launched": 1,
        "Single Copy": false,
        "Plans": [
          {
            "Node Type": "Aggregate",
            "Strategy": "Plain",
            "Partial Mode": "Partial",
            "Parent Relationship": "Outer",
            "Parallel Aware": false,
            "Startup Cost": 198470.63,
            "Total Cost": 198470.64,
            "Plan Rows": 1,
            "Plan Width": 8,
            "Actual Startup Time": 2142.371,
            "Actual Total Time": 2142.376,
            "Actual Rows": 1,
            "Actual Loops": 2,
            "Plans": [
              {
                "Node Type": "Hash Join",
                "Parent Relationship": "Outer",
                "Parallel Aware": true,
                "Join Type": "Inner",
                "Startup Cost": 119142.83,
                "Total Cost": 196066.91,
                "Plan Rows": 961488,
                "Plan Width": 0,
                "Actual Startup Time": 911.245,
                "Actual Total Time": 1904.395,
                "Actual Rows": 6030825,
                "Actual Loops": 2,
                "Inner Unique": false,
                "Hash Cond": "(t.id = mc.movie_id)",
                "Plans": [
                  {
                    "Node Type": "Hash Join",
                    "Parent Relationship": "Outer",
                    "Parallel Aware": true,
                    "Join Type": "Inner",
                    "Startup Cost": 69460.7,
                    "Total Cost": 131186.67,
                    "Plan Rows": 1526768,
                    "Plan Width": 8,
                    "Actual Startup Time": 546.787,
                    "Actual Total Time": 980.113,
                    "Actual Rows": 1295580,
                    "Actual Loops": 2,
                    "Inner Unique": true,
                    "Hash Cond": "(mk.movie_id = t.id)",
                    "Plans": [
                      {
                        "Node Type": "Seq Scan",
                        "Parent Relationship": "Outer",
                        "Parallel Aware": true,
                        "Relation Name": "movie_keyword",
                        "Alias": "mk",
                        "Startup Cost": 0.0,
                        "Total Cost": 57718.19,
                        "Plan Rows": 1526768,
                        "Plan Width": 4,
                        "Actual Startup Time": 0.361,
                        "Actual Total Time": 202.1,
                        "Actual Rows": 1295580,
                        "Actual Loops": 2,
                        "Filter": "(keyword_id > 3319)",
                        "Rows Removed by Filter": 966385
                      },
                      {
                        "Node Type": "Hash",
                        "Parent Relationship": "Inner",
                        "Parallel Aware": true,
                        "Startup Cost": 50870.31,
                        "Total Cost": 50870.31,
                        "Plan Rows": 1487231,
                        "Plan Width": 4,
                        "Actual Startup Time": 535.485,
                        "Actual Total Time": 535.486,
                        "Actual Rows": 1264156,
                        "Actual Loops": 2,
                        "Hash Buckets": 4194304,
                        "Original Hash Buckets": 4194304,
                        "Hash Batches": 1,
                        "Original Hash Batches": 1,
                        "Peak Memory Usage": 131680,
                        "Plans": [
                          {
                            "Node Type": "Seq Scan",
                            "Parent Relationship": "Outer",
                            "Parallel Aware": true,
                            "Relation Name": "title",
                            "Alias": "t",
                            "Startup Cost": 0.0,
                            "Total Cost": 50870.31,
                            "Plan Rows": 1487231,
                            "Plan Width": 4,
                            "Actual Startup Time": 0.025,
                            "Actual Total Time": 155.842,
                            "Actual Rows": 1264156,
                            "Actual Loops": 2
                          }
                        ]
                      }
                    ]
                  },
                  {
                    "Node Type": "Hash",
                    "Parent Relationship": "Inner",
                    "Parallel Aware": true,
                    "Startup Cost": 37974.77,
                    "Total Cost": 37974.77,
                    "Plan Rows": 936589,
                    "Plan Width": 4,
                    "Actual Startup Time": 349.903,
                    "Actual Total Time": 349.904,
                    "Actual Rows": 797029,
                    "Actual Loops": 2,
                    "Hash Buckets": 2097152,
                    "Original Hash Buckets": 2097152,
                    "Hash Batches": 1,
                    "Original Hash Batches": 1,
                    "Peak Memory Usage": 78752,
                    "Plans": [
                      {
                        "Node Type": "Seq Scan",
                        "Parent Relationship": "Outer",
                        "Parallel Aware": true,
                        "Relation Name": "movie_companies",
                        "Alias": "mc",
                        "Startup Cost": 0.0,
                        "Total Cost": 37974.77,
                        "Plan Rows": 936589,
                        "Plan Width": 4,
                        "Actual Startup Time": 7.943,
                        "Actual Total Time": 144.269,
                        "Actual Rows": 797029,
                        "Actual Loops": 2,
                        "Filter": "(company_id > 5197)",
                        "Rows Removed by Filter": 507536
                      }
                    ]
                  }
                ]
              }
            ]
          }
        ]
      }
    ]
  },
  "Planning Time": 0.884,
  "Triggers": [],
  "Execution Time": 2187.119
}