[
  {
    "Plan": {
      "Node Type": "Aggregate",
      "Strategy": "Plain",
      "Partial Mode": "Finalize",
      "Parallel Aware": false,
      "Startup Cost": 45495.94,
      "Total Cost": 45495.95,
      "Plan Rows": 1,
      "Plan Width": 8,
      "Actual Startup Time": 186.358,
      "Actual Total Time": 199.373,
      "Actual Rows": 1,
      "Actual Loops": 1,
      "Plans": [
        {
          "Node Type": "Gather",
          "Parent Relationship": "Outer",
          "Parallel Aware": false,
          "Startup Cost": 45495.63,
          "Total Cost": 45495.94,
          "Plan Rows": 3,
          "Plan Width": 8,
          "Actual Startup Time": 186.233,
          "Actual Total Time": 199.364,
          "Actual Rows": 4,
          "Actual Loops": 1,
          "Workers Planned": 3,
          "Workers Launched": 3,
          "Single Copy": false,
          "Plans": [
            {
              "Node Type": "Aggregate",
              "Strategy": "Plain",
              "Partial Mode": "Partial",
              "Parent Relationship": "Outer",
              "Parallel Aware": false,
              "Startup Cost": 44495.63,
              "Total Cost": 44495.64,
              "Plan Rows": 1,
              "Plan Width": 8,
              "Actual Startup Time": 180.501,
              "Actual Total Time": 180.502,
              "Actual Rows": 1,
              "Actual Loops": 4,
              "Plans": [
                {
                  "Node Type": "Seq Scan",
                  "Parent Relationship": "Outer",
                  "Parallel Aware": true,
                  "Relation Name": "movie_keyword",
                  "Alias": "mk",
                  "Startup Cost": 0.0,
                  "Total Cost": 42695.65,
                  "Plan Rows": 719989,
                  "Plan Width": 0,
                  "Actual Startup Time": 0.048,
                  "Actual Total Time": 145.713,
                  "Actual Rows": 559886,
                  "Actual Loops": 4,
                  "Filter": "(keyword_id < 4610)",
                  "Rows Removed by Filter": 571097
                }
              ]
            }
          ]
        }
      ]
    },
    "Planning Time": 0.157,
    "Triggers": [],
    "Execution Time": 199.421
  }
]