[
  {
    "Plan": {
      "Node Type": "Aggregate",
      "Strategy": "Plain",
      "Partial Mode": "Finalize",
      "Parallel Aware": false,
      "Startup Cost": 33149.18,
      "Total Cost": 33149.19,
      "Plan Rows": 1,
      "Plan Width": 8,
      "Actual Startup Time": 118.166,
      "Actual Total Time": 126.811,
      "Actual Rows": 1,
      "Actual Loops": 1,
      "Plans": [
        {
          "Node Type": "Gather",
          "Parent Relationship": "Outer",
          "Parallel Aware": false,
          "Startup Cost": 33148.86,
          "Total Cost": 33149.17,
          "Plan Rows": 3,
          "Plan Width": 8,
          "Actual Startup Time": 118.046,
          "Actual Total Time": 126.801,
          "Actual Rows": 4,
          "Actual Loops": 1,
          "Workers Planned": 3,
          "Workers Launched": 3,
          "Single Copy": false,
          "Plans": [
            {
              "Node Type": "Aggregate",
              "Strategy": "Plain",
              "Partial Mode": "Partial",
              "Parent Relationship": "Outer",
              "Parallel Aware": false,
              "Startup Cost": 32148.86,
              "Total Cost": 32148.87,
              "Plan Rows": 1,
              "Plan Width": 8,
              "Actual Startup Time": 109.444,
              "Actual Total Time": 109.445,
              "Actual Rows": 1,
              "Actual Loops": 4,
              "Plans": [
                {
                  "Node Type": "Seq Scan",
                  "Parent Relationship": "Outer",
                  "Parallel Aware": true,
                  "Relation Name": "movie_companies",
                  "Alias": "mc",
                  "Startup Cost": 0.0,
                  "Total Cost": 31414.82,
                  "Plan Rows": 293617,
                  "Plan Width": 0,
                  "Actual Startup Time": 0.037,
                  "Actual Total Time": 90.11,
                  "Actual Rows": 306460,
                  "Actual Loops": 4,
                  "Filter": "((company_id < 38515) AND (company_type_id = 1))",
                  "Rows Removed by Filter": 345822
                }
              ]
            }
          ]
        }
      ]
    },
    "Planning Time": 0.189,
    "Triggers": [],
    "Execution Time": 126.858
  }
]