[
  {
    "Plan": {
      "Node Type": "Aggregate",
      "Strategy": "Plain",
      "Partial Mode": "Finalize",
      "Parallel Aware": false,
      "Startup Cost": 30904.83,
      "Total Cost": 30904.84,
      "Plan Rows": 1,
      "Plan Width": 8,
      "Actual Startup Time": 97.753,
      "Actual Total Time": 105.377,
      "Actual Rows": 1,
      "Actual Loops": 1,
      "Plans": [
        {
          "Node Type": "Gather",
          "Parent Relationship": "Outer",
          "Parallel Aware": false,
          "Startup Cost": 30904.51,
          "Total Cost": 30904.82,
          "Plan Rows": 3,
          "Plan Width": 8,
          "Actual Startup Time": 97.618,
          "Actual Total Time": 105.358,
          "Actual Rows": 4,
          "Actual Loops": 1,
          "Workers Planned": 3,
          "Workers Launched": 3,
          "Single Copy": false,
          "Plans": [
            {
              "Node Type": "Aggregate",
              "Strategy": "Plain",
              "Partial Mode": "Partial",
              "Parent Relationship": "Outer",
              "Parallel Aware": false,
              "Startup Cost": 29904.51,
              "Total Cost": 29904.52,
              "Plan Rows": 1,
              "Plan Width": 8,
              "Actual Startup Time": 90.79,
              "Actual Total Time": 90.791,
              "Actual Rows": 1,
              "Actual Loops": 4,
              "Plans": [
                {
                  "Node Type": "Seq Scan",
                  "Parent Relationship": "Outer",
                  "Parallel Aware": true,
                  "Relation Name": "movie_companies",
                  "Alias": "mc",
                  "Startup Cost": 0.0,
                  "Total Cost": 29310.68,
                  "Plan Rows": 237532,
                  "Plan Width": 0,
                  "Actual Startup Time": 25.149,
                  "Actual Total Time": 81.408,
                  "Actual Rows": 182702,
                  "Actual Loops": 4,
                  "Filter": "(company_id > 40487)",
                  "Rows Removed by Filter": 469580
                }
              ]
            }
          ]
        }
      ]
    },
    "Planning Time": 0.108,
    "Triggers": [],
    "Execution Time": 105.411
  }
]