[
  {
    "Plan": {
      "Node Type": "Aggregate",
      "Strategy": "Plain",
      "Partial Mode": "Finalize",
      "Parallel Aware": false,
      "Startup Cost": 46952.94,
      "Total Cost": 46952.95,
      "Plan Rows": 1,
      "Plan Width": 8,
      "Actual Startup Time": 101.633,
      "Actual Total Time": 114.412,
      "Actual Rows": 1,
      "Actual Loops": 1,
      "Plans": [
        {
          "Node Type": "Gather",
          "Parent Relationship": "Outer",
          "Parallel Aware": false,
          "Startup Cost": 46952.52,
          "Total Cost": 46952.93,
          "Plan Rows": 4,
          "Plan Width": 8,
          "Actual Startup Time": 101.272,
          "Actual Total Time": 114.399,
          "Actual Rows": 5,
          "Actual Loops": 1,
          "Workers Planned": 4,
          "Workers Launched": 4,
          "Single Copy": false,
          "Plans": [
            {
              "Node Type": "Aggregate",
              "Strategy": "Plain",
              "Partial Mode": "Partial",
              "Parent Relationship": "Outer",
              "Parallel Aware": false,
              "Startup Cost": 45952.52,
              "Total Cost": 45952.53,
              "Plan Rows": 1,
              "Plan Width": 8,
              "Actual Startup Time": 95.683,
              "Actual Total Time": 95.685,
              "Actual Rows": 1,
              "Actual Loops": 5,
              "Plans": [
                {
                  "Node Type": "Seq Scan",
                  "Parent Relationship": "Outer",
                  "Parallel Aware": true,
                  "Relation Name": "title",
                  "Alias": "t",
                  "Startup Cost": 0.0,
                  "Total Cost": 45479.59,
                  "Plan Rows": 189174,
                  "Plan Width": 0,
                  "Actual Startup Time": 0.035,
                  "Actual Total Time": 89.205,
                  "Actual Rows": 131993,
                  "Actual Loops": 5,
                  "Filter": "((kind_id < 4) AND (production_year > 1957))",
                  "Rows Removed by Filter": 373670
                }
              ]
            }
          ]
        }
      ]
    },
    "Planning Time": 0.109,
    "Triggers": [],
    "Execution Time": 114.447
  }
]