[
  {
    "Plan": {
      "Node Type": "Aggregate",
      "Strategy": "Plain",
      "Partial Mode": "Finalize",
      "Parallel Aware": false,
      "Startup Cost": 46954.92,
      "Total Cost": 46954.93,
      "Plan Rows": 1,
      "Plan Width": 8,
      "Actual Startup Time": 108.089,
      "Actual Total Time": 122.067,
      "Actual Rows": 1,
      "Actual Loops": 1,
      "Plans": [
        {
          "Node Type": "Gather",
          "Parent Relationship": "Outer",
          "Parallel Aware": false,
          "Startup Cost": 46954.5,
          "Total Cost": 46954.91,
          "Plan Rows": 4,
          "Plan Width": 8,
          "Actual Startup Time": 107.943,
          "Actual Total Time": 122.058,
          "Actual Rows": 5,
          "Actual Loops": 1,
          "Workers Planned": 4,
          "Workers Launched": 4,
          "Single Copy": false,
          "Plans": [
            {
              "Node Type": "Aggregate",
              "Strategy": "Plain",
              "Partial Mode": "Partial",
              "Parent Relationship": "Outer",
              "Parallel Aware": false,
              "Startup Cost": 45954.5,
              "Total Cost": 45954.51,
              "Plan Rows": 1,
              "Plan Width": 8,
              "Actual Startup Time": 100.432,
              "Actual Total Time": 100.433,
              "Actual Rows": 1,
              "Actual Loops": 5,
              "Plans": [
                {
                  "Node Type": "Seq Scan",
                  "Parent Relationship": "Outer",
                  "Parallel Aware": true,
                  "Relation Name": "title",
                  "Alias": "t",
                  "Startup Cost": 0.0,
                  "Total Cost": 45479.1,
                  "Plan Rows": 190160,
                  "Plan Width": 0,
                  "Actual Startup Time": 0.036,
                  "Actual Total Time": 93.232,
                  "Actual Rows": 131993,
                  "Actual Loops": 5,
                  "Filter": "((kind_id < 4) AND (production_year > 1957))",
                  "Rows Removed by Filter": 373670
                }
              ]
            }
          ]
        }
      ]
    },
    "Planning Time": 0.184,
    "Triggers": [],
    "Execution Time": 122.128
  }
]