[
  {
    "Plan": {
      "Node Type": "Aggregate",
      "Strategy": "Plain",
      "Partial Mode": "Simple",
      "Parallel Aware": false,
      "Startup Cost": 923.6,
      "Total Cost": 923.61,
      "Plan Rows": 1,
      "Plan Width": 8,
      "Actual Startup Time": 6.495,
      "Actual Total Time": 6.497,
      "Actual Rows": 1,
      "Actual Loops": 1,
      "Plans": [
        {
          "Node Type": "Bitmap Heap Scan",
          "Parent Relationship": "Outer",
          "Parallel Aware": false,
          "Relation Name": "movie_keyword",
          "Alias": "mk",
          "Startup Cost": 6.35,
          "Total Cost": 922.98,
          "Plan Rows": 248,
          "Plan Width": 0,
          "Actual Startup Time": 3.017,
          "Actual Total Time": 6.267,
          "Actual Rows": 1228,
          "Actual Loops": 1,
          "Recheck Cond": "(keyword_id = 925)",
          "Rows Removed by Index Recheck": 0,
          "Exact Heap Blocks": 1010,
          "Lossy Heap Blocks": 0,
          "Plans": [
            {
              "Node Type": "Bitmap Index Scan",
              "Parent Relationship": "Outer",
              "Parallel Aware": false,
              "Index Name": "keyword_id_movie_keyword",
              "Startup Cost": 0.0,
              "Total Cost": 6.29,
              "Plan Rows": 248,
              "Plan Width": 0,
              "Actual Startup Time": 2.612,
              "Actual Total Time": 2.613,
              "Actual Rows": 1228,
              "Actual Loops": 1,
              "Index Cond": "(keyword_id = 925)"
            }
          ]
        }
      ]
    },
    "Planning Time": 0.198,
    "Triggers": [],
    "Execution Time": 6.567
  }
]