[
  {
    "Plan": {
      "Node Type": "Aggregate",
      "Strategy": "Plain",
      "Partial Mode": "Finalize",
      "Parallel Aware": false,
      "Startup Cost": 334665.47,
      "Total Cost": 334665.48,
      "Plan Rows": 1,
      "Plan Width": 8,
      "Actual Startup Time": 706.568,
      "Actual Total Time": 753.035,
      "Actual Rows": 1,
      "Actual Loops": 1,
      "Plans": [
        {
          "Node Type": "Gather",
          "Parent Relationship": "Outer",
          "Parallel Aware": false,
          "Startup Cost": 334664.85,
          "Total Cost": 334665.46,
          "Plan Rows": 6,
          "Plan Width": 8,
          "Actual Startup Time": 706.39,
          "Actual Total Time": 753.019,
          "Actual Rows": 7,
          "Actual Loops": 1,
          "Workers Planned": 6,
          "Workers Launched": 6,
          "Single Copy": false,
          "Plans": [
            {
              "Node Type": "Aggregate",
              "Strategy": "Plain",
              "Partial Mode": "Partial",
              "Parent Relationship": "Outer",
              "Parallel Aware": false,
              "Startup Cost": 333664.85,
              "Total Cost": 333664.86,
              "Plan Rows": 1,
              "Plan Width": 8,
              "Actual Startup Time": 700.362,
              "Actual Total Time": 700.364,
              "Actual Rows": 1,
              "Actual Loops": 7,
              "Plans": [
                {
                  "Node Type": "Seq Scan",
                  "Parent Relationship": "Outer",
                  "Parallel Aware": true,
                  "Relation Name": "cast_info",
                  "Alias": "ci",
                  "Startup Cost": 0.0,
                  "Total Cost": 328211.39,
                  "Plan Rows": 2181383,
                  "Plan Width": 0,
                  "Actual Startup Time": 0.039,
                  "Actual Total Time": 596.835,
                  "Actual Rows": 1881121,
                  "Actual Loops": 7,
                  "Filter": "(person_id < 1300213)",
                  "Rows Removed by Filter": 3296643
                }
              ]
            }
          ]
        }
      ]
    },
    "Planning Time": 0.179,
    "Triggers": [],
    "Execution Time": 753.099
  }
]