[
  {
    "Bao": {
      "Bao prediction": 153.255,
      "Bao recommended hint": "(no hint)"
    }
  },
  {
    "Plan": {
      "Node Type": "Hash Join",
      "Parallel Aware": false,
      "Join Type": "Inner",
      "Startup Cost": 19517.38,
      "Total Cost": 46150.01,
      "Plan Rows": 518519,
      "Plan Width": 40,
      "Actual Startup Time": 201.406,
      "Actual Total Time": 493.417,
      "Actual Rows": 521808,
      "Actual Loops": 1,
      "Inner Unique": true,
      "Hash Cond": "(mc.company_id = cn.id)",
      "Plans": [
        {
          "Node Type": "Bitmap Heap Scan",
          "Parent Relationship": "Outer",
          "Parallel Aware": false,
          "Relation Name": "movie_companies",
          "Alias": "mc",
          "Startup Cost": 11234.95,
          "Total Cost": 36506.44,
          "Plan Rows": 518519,
          "Plan Width": 40,
          "Actual Startup Time": 80.415,
          "Actual Total Time": 231.734,
          "Actual Rows": 521808,
          "Actual Loops": 1,
          "Recheck Cond": "(company_id < 476)",
          "Rows Removed by Index Recheck": 0,
          "Exact Heap Blocks": 18355,
          "Lossy Heap Blocks": 0,
          "Plans": [
            {
              "Node Type": "Bitmap Index Scan",
              "Parent Relationship": "Outer",
              "Parallel Aware": false,
              "Index Name": "company_id_movie_companies",
              "Startup Cost": 0.0,
              "Total Cost": 11105.32,
              "Plan Rows": 518519,
              "Plan Width": 0,
              "Actual Startup Time": 76.65,
              "Actual Total Time": 76.651,
              "Actual Rows": 521808,
              "Actual Loops": 1,
              "Index Cond": "(company_id < 476)"
            }
          ]
        },
        {
          "Node Type": "Hash",
          "Parent Relationship": "Inner",
          "Parallel Aware": false,
          "Startup Cost": 5344.97,
          "Total Cost": 5344.97,
          "Plan Rows": 234997,
          "Plan Width": 4,
          "Actual Startup Time": 118.998,
          "Actual Total Time": 119.0,
          "Actual Rows": 234997,
          "Actual Loops": 1,
          "Hash Buckets": 262144,
          "Original Hash Buckets": 262144,
          "Hash Batches": 1,
          "Original Hash Batches": 1,
          "Peak Memory Usage": 10310,
          "Plans": [
            {
              "Node Type": "Seq Scan",
              "Parent Relationship": "Outer",
              "Parallel Aware": false,
              "Relation Name": "company_name",
              "Alias": "cn",
              "Startup Cost": 0.0,
              "Total Cost": 5344.97,
              "Plan Rows": 234997,
              "Plan Width": 4,
              "Actual Startup Time": 0.057,
              "Actual Total Time": 57.255,
              "Actual Rows": 234997,
              "Actual Loops": 1
            }
          ]
        }
      ]
    },
    "Planning Time": 387.363,
    "Triggers": [],
    "Execution Time": 519.434
  }
]