[
  {
    "Plan": {
      "Node Type": "Aggregate",
      "Strategy": "Plain",
      "Partial Mode": "Finalize",
      "Parallel Aware": false,
      "Startup Cost": 27702.44,
      "Total Cost": 27702.45,
      "Plan Rows": 1,
      "Plan Width": 8,
      "Actual Startup Time": 65.532,
      "Actual Total Time": 76.258,
      "Actual Rows": 1,
      "Actual Loops": 1,
      "Plans": [
        {
          "Node Type": "Gather",
          "Parent Relationship": "Outer",
          "Parallel Aware": false,
          "Startup Cost": 27702.23,
          "Total Cost": 27702.44,
          "Plan Rows": 2,
          "Plan Width": 8,
          "Actual Startup Time": 65.38,
          "Actual Total Time": 76.251,
          "Actual Rows": 3,
          "Actual Loops": 1,
          "Workers Planned": 2,
          "Workers Launched": 2,
          "Single Copy": false,
          "Plans": [
            {
              "Node Type": "Aggregate",
              "Strategy": "Plain",
              "Partial Mode": "Partial",
              "Parent Relationship": "Outer",
              "Parallel Aware": false,
              "Startup Cost": 26702.23,
              "Total Cost": 26702.24,
              "Plan Rows": 1,
              "Plan Width": 8,
              "Actual Startup Time": 56.964,
              "Actual Total Time": 56.965,
              "Actual Rows": 1,
              "Actual Loops": 3,
              "Plans": [
                {
                  "Node Type": "Nested Loop",
                  "Parent Relationship": "Outer",
                  "Parallel Aware": false,
                  "Join Type": "Inner",
                  "Startup Cost": 100.35,
                  "Total Cost": 26698.98,
                  "Plan Rows": 1299,
                  "Plan Width": 0,
                  "Actual Startup Time": 2.723,
                  "Actual Total Time": 55.698,
                  "Actual Rows": 14815,
                  "Actual Loops": 3,
                  "Inner Unique": false,
                  "Plans": [
                    {
                      "Node Type": "Nested Loop",
                      "Parent Relationship": "Outer",
                      "Parallel Aware": false,
                      "Join Type": "Inner",
                      "Startup Cost": 99.92,
                      "Total Cost": 25540.1,
                      "Plan Rows": 1885,
                      "Plan Width": 8,
                      "Actual Startup Time": 2.396,
                      "Actual Total Time": 28.3,
                      "Actual Rows": 1567,
                      "Actual Loops": 3,
                      "Inner Unique": true,
                      "Plans": [
                        {
                          "Node Type": "Bitmap Heap Scan",
                          "Parent Relationship": "Outer",
                          "Parallel Aware": true,
                          "Relation Name": "movie_keyword",
                          "Alias": "mk",
                          "Startup Cost": 99.49,
                          "Total Cost": 11574.9,
                          "Plan Rows": 1885,
                          "Plan Width": 4,
                          "Actual Startup Time": 2.229,
                          "Actual Total Time": 10.483,
                          "Actual Rows": 1567,
                          "Actual Loops": 3,
                          "Recheck Cond": "(keyword_id = 275)",
                          "Rows Removed by Index Recheck": 0,
                          "Exact Heap Blocks": 2775,
                          "Lossy Heap Blocks": 0,
                          "Plans": [
                            {
                              "Node Type": "Bitmap Index Scan",
                              "Parent Relationship": "Outer",
                              "Parallel Aware": false,
                              "Index Name": "keyword_id_movie_keyword",
                              "Startup Cost": 0.0,
                              "Total Cost": 98.36,
                              "Plan Rows": 4524,
                              "Plan Width": 0,
                              "Actual Startup Time": 4.167,
                              "Actual Total Time": 4.167,
                              "Actual Rows": 4702,
                              "Actual Loops": 1,
                              "Index Cond": "(keyword_id = 275)"
                            }
                          ]
                        },
                        {
                          "Node Type": "Index Only Scan",
                          "Parent Relationship": "Inner",
                          "Parallel Aware": false,
                          "Scan Direction": "Forward",
                          "Index Name": "title_pkey",
                          "Relation Name": "title",
                          "Alias": "t",
                          "Startup Cost": 0.43,
                          "Total Cost": 7.41,
                          "Plan Rows": 1,
                          "Plan Width": 4,
                          "Actual Startup Time": 0.011,
                          "Actual Total Time": 0.011,
                          "Actual Rows": 1,
                          "Actual Loops": 4702,
                          "Index Cond": "(id = mk.movie_id)",
                          "Rows Removed by Index Recheck": 0,
                          "Heap Fetches": 4702
                        }
                      ]
                    },
                    {
                      "Node Type": "Index Scan",
                      "Parent Relationship": "Inner",
                      "Parallel Aware": false,
                      "Scan Direction": "Forward",
                      "Index Name": "movie_id_movie_companies",
                      "Relation Name": "movie_companies",
                      "Alias": "mc",
                      "Startup Cost": 0.43,
                      "Total Cost": 0.57,
                      "Plan Rows": 4,
                      "Plan Width": 4,
                      "Actual Startup Time": 0.01,
                      "Actual Total Time": 0.016,
                      "Actual Rows": 9,
                      "Actual Loops": 4702,
                      "Index Cond": "(movie_id = t.id)",
                      "Rows Removed by Index Recheck": 0,
                      "Filter": "(company_id < 22818)",
                      "Rows Removed by Filter": 2
                    }
                  ]
                }
              ]
            }
          ]
        }
      ]
    },
    "Planning Time": 1.397,
    "Triggers": [],
    "Execution Time": 76.352
  }
]