[
    {
        "Bao": {
            "Bao prediction": 464.559,
            "Bao recommended hint": "(no hint)"
        }
    },
    {
        "Plan": {
            "Node Type": "Aggregate",
            "Strategy": "Plain",
            "Partial Mode": "Finalize",
            "Parallel Aware": false,
            "Startup Cost": 33327.86,
            "Total Cost": 33327.87,
            "Plan Rows": 1,
            "Plan Width": 8,
            "Actual Startup Time": 126.699,
            "Actual Total Time": 134.719,
            "Actual Rows": 1,
            "Actual Loops": 1,
            "Output": [
                "count(*)"
            ],
            "Plans": [
                {
                    "Node Type": "Gather",
                    "Parent Relationship": "Outer",
                    "Parallel Aware": false,
                    "Startup Cost": 33327.54,
                    "Total Cost": 33327.85,
                    "Plan Rows": 3,
                    "Plan Width": 8,
                    "Actual Startup Time": 126.592,
                    "Actual Total Time": 134.706,
                    "Actual Rows": 4,
                    "Actual Loops": 1,
                    "Output": [
                        "(PARTIAL count(*))"
                    ],
                    "Workers Planned": 3,
                    "Workers Launched": 3,
                    "Single Copy": false,
                    "Plans": [
                        {
                            "Node Type": "Aggregate",
                            "Strategy": "Plain",
                            "Partial Mode": "Partial",
                            "Parent Relationship": "Outer",
                            "Parallel Aware": false,
                            "Startup Cost": 32327.54,
                            "Total Cost": 32327.55,
                            "Plan Rows": 1,
                            "Plan Width": 8,
                            "Actual Startup Time": 118.766,
                            "Actual Total Time": 118.767,
                            "Actual Rows": 1,
                            "Actual Loops": 4,
                            "Output": [
                                "PARTIAL count(*)"
                            ],
                            "Workers": [
                                {
                                    "Worker Number": 0,
                                    "Actual Startup Time": 115.975,
                                    "Actual Total Time": 115.976,
                                    "Actual Rows": 1,
                                    "Actual Loops": 1
                                },
                                {
                                    "Worker Number": 1,
                                    "Actual Startup Time": 116.529,
                                    "Actual Total Time": 116.53,
                                    "Actual Rows": 1,
                                    "Actual Loops": 1
                                },
                                {
                                    "Worker Number": 2,
                                    "Actual Startup Time": 116.568,
                                    "Actual Total Time": 116.569,
                                    "Actual Rows": 1,
                                    "Actual Loops": 1
                                }
                            ],
                            "Plans": [
                                {
                                    "Node Type": "Seq Scan",
                                    "Parent Relationship": "Outer",
                                    "Parallel Aware": true,
                                    "Relation Name": "movie_companies",
                                    "Schema": "public",
                                    "Alias": "mc",
                                    "Startup Cost": 0.0,
                                    "Total Cost": 31414.82,
                                    "Plan Rows": 365088,
                                    "Plan Width": 0,
                                    "Actual Startup Time": 52.413,
                                    "Actual Total Time": 103.466,
                                    "Actual Rows": 234778,
                                    "Actual Loops": 4,
                                    "Output": [
                                        "id",
                                        "movie_id",
                                        "company_id",
                                        "company_type_id",
                                        "note"
                                    ],
                                    "Filter": "((mc.company_id < 82736) AND (mc.company_type_id > 1))",
                                    "Rows Removed by Filter": 417505,
                                    "Workers": [
                                        {
                                            "Worker Number": 0,
                                            "Actual Startup Time": 49.634,
                                            "Actual Total Time": 101.063,
                                            "Actual Rows": 223925,
                                            "Actual Loops": 1
                                        },
                                        {
                                            "Worker Number": 1,
                                            "Actual Startup Time": 50.175,
                                            "Actual Total Time": 101.351,
                                            "Actual Rows": 231744,
                                            "Actual Loops": 1
                                        },
                                        {
                                            "Worker Number": 2,
                                            "Actual Startup Time": 50.216,
                                            "Actual Total Time": 101.248,
                                            "Actual Rows": 232541,
                                            "Actual Loops": 1
                                        }
                                    ]
                                }
                            ]
                        }
                    ]
                }
            ]
        },
        "Planning Time": 2554.071,
        "Triggers": [],
        "Execution Time": 134.82
    }
]