[
  {
    "Plan": {
      "Node Type": "Aggregate",
      "Strategy": "Plain",
      "Partial Mode": "Finalize",
      "Parallel Aware": false,
      "Startup Cost": 231794.05,
      "Total Cost": 231794.06,
      "Plan Rows": 1,
      "Plan Width": 8,
      "Actual Startup Time": 214.159,
      "Actual Total Time": 245.768,
      "Actual Rows": 1,
      "Actual Loops": 1,
      "Plans": [
        {
          "Node Type": "Gather",
          "Parent Relationship": "Outer",
          "Parallel Aware": false,
          "Startup Cost": 231793.63,
          "Total Cost": 231794.04,
          "Plan Rows": 4,
          "Plan Width": 8,
          "Actual Startup Time": 213.843,
          "Actual Total Time": 245.759,
          "Actual Rows": 5,
          "Actual Loops": 1,
          "Workers Planned": 4,
          "Workers Launched": 4,
          "Single Copy": false,
          "Plans": [
            {
              "Node Type": "Aggregate",
              "Strategy": "Plain",
              "Partial Mode": "Partial",
              "Parent Relationship": "Outer",
              "Parallel Aware": false,
              "Startup Cost": 230793.63,
              "Total Cost": 230793.64,
              "Plan Rows": 1,
              "Plan Width": 8,
              "Actual Startup Time": 204.872,
              "Actual Total Time": 204.873,
              "Actual Rows": 1,
              "Actual Loops": 5,
              "Plans": [
                {
                  "Node Type": "Nested Loop",
                  "Parent Relationship": "Outer",
                  "Parallel Aware": false,
                  "Join Type": "Inner",
                  "Startup Cost": 0.43,
                  "Total Cost": 230718.6,
                  "Plan Rows": 30014,
                  "Plan Width": 0,
                  "Actual Startup Time": 0.552,
                  "Actual Total Time": 201.527,
                  "Actual Rows": 42388,
                  "Actual Loops": 5,
                  "Inner Unique": false,
                  "Plans": [
                    {
                      "Node Type": "Seq Scan",
                      "Parent Relationship": "Outer",
                      "Parallel Aware": true,
                      "Relation Name": "title",
                      "Alias": "t",
                      "Startup Cost": 0.0,
                      "Total Cost": 45479.1,
                      "Plan Rows": 5133,
                      "Plan Width": 4,
                      "Actual Startup Time": 0.324,
                      "Actual Total Time": 79.361,
                      "Actual Rows": 4866,
                      "Actual Loops": 5,
                      "Filter": "((kind_id < 3) AND (production_year > 2012))",
                      "Rows Removed by Filter": 500796
                    },
                    {
                      "Node Type": "Index Only Scan",
                      "Parent Relationship": "Inner",
                      "Parallel Aware": false,
                      "Scan Direction": "Forward",
                      "Index Name": "movie_id_movie_info",
                      "Relation Name": "movie_info",
                      "Alias": "mi",
                      "Startup Cost": 0.43,
                      "Total Cost": 35.67,
                      "Plan Rows": 42,
                      "Plan Width": 4,
                      "Actual Startup Time": 0.01,
                      "Actual Total Time": 0.024,
                      "Actual Rows": 9,
                      "Actual Loops": 24331,
                      "Index Cond": "(movie_id = t.id)",
                      "Rows Removed by Index Recheck": 0,
                      "Heap Fetches": 211942
                    }
                  ]
                }
              ]
            }
          ]
        }
      ]
    },
    "Planning Time": 0.607,
    "Triggers": [],
    "Execution Time": 245.842
  }
]