[
  {
    "Plan": {
      "Node Type": "Aggregate",
      "Strategy": "Plain",
      "Partial Mode": "Finalize",
      "Parallel Aware": false,
      "Startup Cost": 197066.35,
      "Total Cost": 197066.36,
      "Plan Rows": 1,
      "Plan Width": 8,
      "Actual Startup Time": 147.328,
      "Actual Total Time": 160.762,
      "Actual Rows": 1,
      "Actual Loops": 1,
      "Plans": [
        {
          "Node Type": "Gather",
          "Parent Relationship": "Outer",
          "Parallel Aware": false,
          "Startup Cost": 197065.93,
          "Total Cost": 197066.34,
          "Plan Rows": 4,
          "Plan Width": 8,
          "Actual Startup Time": 144.362,
          "Actual Total Time": 160.753,
          "Actual Rows": 5,
          "Actual Loops": 1,
          "Workers Planned": 4,
          "Workers Launched": 4,
          "Single Copy": false,
          "Plans": [
            {
              "Node Type": "Aggregate",
              "Strategy": "Plain",
              "Partial Mode": "Partial",
              "Parent Relationship": "Outer",
              "Parallel Aware": false,
              "Startup Cost": 196065.93,
              "Total Cost": 196065.94,
              "Plan Rows": 1,
              "Plan Width": 8,
              "Actual Startup Time": 136.99,
              "Actual Total Time": 136.994,
              "Actual Rows": 1,
              "Actual Loops": 5,
              "Plans": [
                {
                  "Node Type": "Hash Join",
                  "Parent Relationship": "Outer",
                  "Parallel Aware": true,
                  "Join Type": "Inner",
                  "Startup Cost": 48564.58,
                  "Total Cost": 196055.75,
                  "Plan Rows": 4071,
                  "Plan Width": 0,
                  "Actual Startup Time": 130.357,
                  "Actual Total Time": 136.987,
                  "Actual Rows": 9,
                  "Actual Loops": 5,
                  "Inner Unique": true,
                  "Hash Cond": "(mi.movie_id = t.id)",
                  "Plans": [
                    {
                      "Node Type": "Bitmap Heap Scan",
                      "Parent Relationship": "Outer",
                      "Parallel Aware": true,
                      "Relation Name": "movie_info",
                      "Alias": "mi",
                      "Startup Cost": 1771.81,
                      "Total Cost": 149198.68,
                      "Plan Rows": 24496,
                      "Plan Width": 4,
                      "Actual Startup Time": 4.584,
                      "Actual Total Time": 13.237,
                      "Actual Rows": 21807,
                      "Actual Loops": 5,
                      "Recheck Cond": "(info_type_id = 106)",
                      "Rows Removed by Index Recheck": 0,
                      "Exact Heap Blocks": 1573,
                      "Lossy Heap Blocks": 0,
                      "Plans": [
                        {
                          "Node Type": "Bitmap Index Scan",
                          "Parent Relationship": "Outer",
                          "Parallel Aware": false,
                          "Index Name": "info_type_id_movie_info",
                          "Startup Cost": 0.0,
                          "Total Cost": 1747.32,
                          "Plan Rows": 97984,
                          "Plan Width": 0,
                          "Actual Startup Time": 3.869,
                          "Actual Total Time": 3.869,
                          "Actual Rows": 109034,
                          "Actual Loops": 1,
                          "Index Cond": "(info_type_id = 106)"
                        }
                      ]
                    },
                    {
                      "Node Type": "Hash",
                      "Parent Relationship": "Inner",
                      "Parallel Aware": true,
                      "Startup Cost": 45479.59,
                      "Total Cost": 45479.59,
                      "Plan Rows": 105055,
                      "Plan Width": 4,
                      "Actual Startup Time": 118.486,
                      "Actual Total Time": 118.487,
                      "Actual Rows": 58674,
                      "Actual Loops": 5,
                      "Hash Buckets": 524288,
                      "Original Hash Buckets": 524288,
                      "Hash Batches": 1,
                      "Original Hash Batches": 1,
                      "Peak Memory Usage": 15648,
                      "Plans": [
                        {
                          "Node Type": "Seq Scan",
                          "Parent Relationship": "Outer",
                          "Parallel Aware": true,
                          "Relation Name": "title",
                          "Alias": "t",
                          "Startup Cost": 0.0,
                          "Total Cost": 45479.59,
                          "Plan Rows": 105055,
                          "Plan Width": 4,
                          "Actual Startup Time": 0.039,
                          "Actual Total Time": 93.983,
                          "Actual Rows": 58674,
                          "Actual Loops": 5,
                          "Filter": "((kind_id > 1) AND (production_year < 1985))",
                          "Rows Removed by Filter": 446988
                        }
                      ]
                    }
                  ]
                }
              ]
            }
          ]
        }
      ]
    },
    "Planning Time": 0.367,
    "Triggers": [],
    "Execution Time": 160.824
  }
]