[
  {
    "Plan": {
      "Node Type": "Aggregate",
      "Strategy": "Plain",
      "Partial Mode": "Finalize",
      "Parallel Aware": false,
      "Startup Cost": 201106.15,
      "Total Cost": 201106.16,
      "Plan Rows": 1,
      "Plan Width": 8,
      "Actual Startup Time": 144.202,
      "Actual Total Time": 157.785,
      "Actual Rows": 1,
      "Actual Loops": 1,
      "Plans": [
        {
          "Node Type": "Gather",
          "Parent Relationship": "Outer",
          "Parallel Aware": false,
          "Startup Cost": 201105.73,
          "Total Cost": 201106.14,
          "Plan Rows": 4,
          "Plan Width": 8,
          "Actual Startup Time": 142.821,
          "Actual Total Time": 157.777,
          "Actual Rows": 5,
          "Actual Loops": 1,
          "Workers Planned": 4,
          "Workers Launched": 4,
          "Single Copy": false,
          "Plans": [
            {
              "Node Type": "Aggregate",
              "Strategy": "Plain",
              "Partial Mode": "Partial",
              "Parent Relationship": "Outer",
              "Parallel Aware": false,
              "Startup Cost": 200105.73,
              "Total Cost": 200105.74,
              "Plan Rows": 1,
              "Plan Width": 8,
              "Actual Startup Time": 132.376,
              "Actual Total Time": 132.38,
              "Actual Rows": 1,
              "Actual Loops": 5,
              "Plans": [
                {
                  "Node Type": "Hash Join",
                  "Parent Relationship": "Outer",
                  "Parallel Aware": true,
                  "Join Type": "Inner",
                  "Startup Cost": 48723.95,
                  "Total Cost": 200094.62,
                  "Plan Rows": 4442,
                  "Plan Width": 0,
                  "Actual Startup Time": 123.866,
                  "Actual Total Time": 132.372,
                  "Actual Rows": 9,
                  "Actual Loops": 5,
                  "Inner Unique": true,
                  "Hash Cond": "(mi.movie_id = t.id)",
                  "Plans": [
                    {
                      "Node Type": "Bitmap Heap Scan",
                      "Parent Relationship": "Outer",
                      "Parallel Aware": true,
                      "Relation Name": "movie_info",
                      "Alias": "mi",
                      "Startup Cost": 1913.73,
                      "Total Cost": 153215.19,
                      "Plan Rows": 26364,
                      "Plan Width": 4,
                      "Actual Startup Time": 4.927,
                      "Actual Total Time": 13.797,
                      "Actual Rows": 21807,
                      "Actual Loops": 5,
                      "Recheck Cond": "(info_type_id = 106)",
                      "Rows Removed by Index Recheck": 0,
                      "Exact Heap Blocks": 1309,
                      "Lossy Heap Blocks": 0,
                      "Plans": [
                        {
                          "Node Type": "Bitmap Index Scan",
                          "Parent Relationship": "Outer",
                          "Parallel Aware": false,
                          "Index Name": "info_type_id_movie_info",
                          "Startup Cost": 0.0,
                          "Total Cost": 1887.36,
                          "Plan Rows": 105457,
                          "Plan Width": 0,
                          "Actual Startup Time": 4.161,
                          "Actual Total Time": 4.162,
                          "Actual Rows": 109034,
                          "Actual Loops": 1,
                          "Index Cond": "(info_type_id = 106)"
                        }
                      ]
                    },
                    {
                      "Node Type": "Hash",
                      "Parent Relationship": "Inner",
                      "Parallel Aware": true,
                      "Startup Cost": 45479.1,
                      "Total Cost": 45479.1,
                      "Plan Rows": 106490,
                      "Plan Width": 4,
                      "Actual Startup Time": 112.945,
                      "Actual Total Time": 112.946,
                      "Actual Rows": 58674,
                      "Actual Loops": 5,
                      "Hash Buckets": 524288,
                      "Original Hash Buckets": 524288,
                      "Hash Batches": 1,
                      "Original Hash Batches": 1,
                      "Peak Memory Usage": 15648,
                      "Plans": [
                        {
                          "Node Type": "Seq Scan",
                          "Parent Relationship": "Outer",
                          "Parallel Aware": true,
                          "Relation Name": "title",
                          "Alias": "t",
                          "Startup Cost": 0.0,
                          "Total Cost": 45479.1,
                          "Plan Rows": 106490,
                          "Plan Width": 4,
                          "Actual Startup Time": 0.038,
                          "Actual Total Time": 89.363,
                          "Actual Rows": 58674,
                          "Actual Loops": 5,
                          "Filter": "((kind_id > 1) AND (production_year < 1985))",
                          "Rows Removed by Filter": 446988
                        }
                      ]
                    }
                  ]
                }
              ]
            }
          ]
        }
      ]
    },
    "Planning Time": 0.597,
    "Triggers": [],
    "Execution Time": 157.877
  }
]