[
  {
    "Plan": {
      "Node Type": "Aggregate",
      "Strategy": "Plain",
      "Partial Mode": "Finalize",
      "Parallel Aware": false,
      "Startup Cost": 86543.16,
      "Total Cost": 86543.17,
      "Plan Rows": 1,
      "Plan Width": 8,
      "Actual Startup Time": 234.48,
      "Actual Total Time": 253.733,
      "Actual Rows": 1,
      "Actual Loops": 1,
      "Plans": [
        {
          "Node Type": "Gather",
          "Parent Relationship": "Outer",
          "Parallel Aware": false,
          "Startup Cost": 86542.84,
          "Total Cost": 86543.15,
          "Plan Rows": 3,
          "Plan Width": 8,
          "Actual Startup Time": 233.88,
          "Actual Total Time": 253.723,
          "Actual Rows": 4,
          "Actual Loops": 1,
          "Workers Planned": 3,
          "Workers Launched": 3,
          "Single Copy": false,
          "Plans": [
            {
              "Node Type": "Aggregate",
              "Strategy": "Plain",
              "Partial Mode": "Partial",
              "Parent Relationship": "Outer",
              "Parallel Aware": false,
              "Startup Cost": 85542.84,
              "Total Cost": 85542.85,
              "Plan Rows": 1,
              "Plan Width": 8,
              "Actual Startup Time": 224.794,
              "Actual Total Time": 224.815,
              "Actual Rows": 1,
              "Actual Loops": 4,
              "Plans": [
                {
                  "Node Type": "Hash Join",
                  "Parent Relationship": "Outer",
                  "Parallel Aware": true,
                  "Join Type": "Inner",
                  "Startup Cost": 58230.82,
                  "Total Cost": 85516.97,
                  "Plan Rows": 10348,
                  "Plan Width": 0,
                  "Actual Startup Time": 140.28,
                  "Actual Total Time": 224.735,
                  "Actual Rows": 740,
                  "Actual Loops": 4,
                  "Inner Unique": true,
                  "Hash Cond": "(mk.movie_id = t.id)",
                  "Plans": [
                    {
                      "Node Type": "Bitmap Heap Scan",
                      "Parent Relationship": "Outer",
                      "Parallel Aware": true,
                      "Relation Name": "movie_keyword",
                      "Alias": "mk",
                      "Startup Cost": 12315.11,
                      "Total Cost": 39109.73,
                      "Plan Rows": 187250,
                      "Plan Width": 4,
                      "Actual Startup Time": 30.937,
                      "Actual Total Time": 92.435,
                      "Actual Rows": 147710,
                      "Actual Loops": 4,
                      "Recheck Cond": "(keyword_id < 430)",
                      "Rows Removed by Index Recheck": 0,
                      "Exact Heap Blocks": 9083,
                      "Lossy Heap Blocks": 0,
                      "Plans": [
                        {
                          "Node Type": "Bitmap Index Scan",
                          "Parent Relationship": "Outer",
                          "Parallel Aware": false,
                          "Index Name": "keyword_id_movie_keyword",
                          "Startup Cost": 0.0,
                          "Total Cost": 12169.99,
                          "Plan Rows": 580474,
                          "Plan Width": 0,
                          "Actual Startup Time": 27.324,
                          "Actual Total Time": 27.325,
                          "Actual Rows": 590840,
                          "Actual Loops": 1,
                          "Index Cond": "(keyword_id < 430)"
                        }
                      ]
                    },
                    {
                      "Node Type": "Hash",
                      "Parent Relationship": "Inner",
                      "Parallel Aware": true,
                      "Startup Cost": 45479.1,
                      "Total Cost": 45479.1,
                      "Plan Rows": 34929,
                      "Plan Width": 4,
                      "Actual Startup Time": 106.673,
                      "Actual Total Time": 106.674,
                      "Actual Rows": 37665,
                      "Actual Loops": 4,
                      "Hash Buckets": 262144,
                      "Original Hash Buckets": 262144,
                      "Hash Batches": 1,
                      "Original Hash Batches": 1,
                      "Peak Memory Usage": 8032,
                      "Plans": [
                        {
                          "Node Type": "Seq Scan",
                          "Parent Relationship": "Outer",
                          "Parallel Aware": true,
                          "Relation Name": "title",
                          "Alias": "t",
                          "Startup Cost": 0.0,
                          "Total Cost": 45479.1,
                          "Plan Rows": 34929,
                          "Plan Width": 4,
                          "Actual Startup Time": 0.043,
                          "Actual Total Time": 93.866,
                          "Actual Rows": 37665,
                          "Actual Loops": 4,
                          "Filter": "((production_year > 2011) AND (kind_id = 7))",
                          "Rows Removed by Filter": 594413
                        }
                      ]
                    }
                  ]
                }
              ]
            }
          ]
        }
      ]
    },
    "Planning Time": 0.618,
    "Triggers": [],
    "Execution Time": 253.881
  }
]