[
  {
    "Plan": {
      "Node Type": "Aggregate",
      "Strategy": "Plain",
      "Partial Mode": "Finalize",
      "Parallel Aware": false,
      "Startup Cost": 63993.2,
      "Total Cost": 63993.21,
      "Plan Rows": 1,
      "Plan Width": 8,
      "Actual Startup Time": 107.408,
      "Actual Total Time": 120.314,
      "Actual Rows": 1,
      "Actual Loops": 1,
      "Plans": [
        {
          "Node Type": "Gather",
          "Parent Relationship": "Outer",
          "Parallel Aware": false,
          "Startup Cost": 63992.78,
          "Total Cost": 63993.19,
          "Plan Rows": 4,
          "Plan Width": 8,
          "Actual Startup Time": 107.288,
          "Actual Total Time": 120.306,
          "Actual Rows": 5,
          "Actual Loops": 1,
          "Workers Planned": 4,
          "Workers Launched": 4,
          "Single Copy": false,
          "Plans": [
            {
              "Node Type": "Aggregate",
              "Strategy": "Plain",
              "Partial Mode": "Partial",
              "Parent Relationship": "Outer",
              "Parallel Aware": false,
              "Startup Cost": 62992.78,
              "Total Cost": 62992.79,
              "Plan Rows": 1,
              "Plan Width": 8,
              "Actual Startup Time": 97.868,
              "Actual Total Time": 97.869,
              "Actual Rows": 1,
              "Actual Loops": 5,
              "Plans": [
                {
                  "Node Type": "Nested Loop",
                  "Parent Relationship": "Outer",
                  "Parallel Aware": false,
                  "Join Type": "Inner",
                  "Startup Cost": 0.43,
                  "Total Cost": 62991.32,
                  "Plan Rows": 584,
                  "Plan Width": 0,
                  "Actual Startup Time": 28.031,
                  "Actual Total Time": 97.851,
                  "Actual Rows": 69,
                  "Actual Loops": 5,
                  "Inner Unique": false,
                  "Plans": [
                    {
                      "Node Type": "Seq Scan",
                      "Parent Relationship": "Outer",
                      "Parallel Aware": true,
                      "Relation Name": "title",
                      "Alias": "t",
                      "Startup Cost": 0.0,
                      "Total Cost": 45479.1,
                      "Plan Rows": 2152,
                      "Plan Width": 4,
                      "Actual Startup Time": 0.128,
                      "Actual Total Time": 87.933,
                      "Actual Rows": 1676,
                      "Actual Loops": 5,
                      "Filter": "((kind_id = 7) AND (production_year = 1979))",
                      "Rows Removed by Filter": 503987
                    },
                    {
                      "Node Type": "Index Scan",
                      "Parent Relationship": "Inner",
                      "Parallel Aware": false,
                      "Scan Direction": "Forward",
                      "Index Name": "movie_id_movie_keyword",
                      "Relation Name": "movie_keyword",
                      "Alias": "mk",
                      "Startup Cost": 0.43,
                      "Total Cost": 8.07,
                      "Plan Rows": 7,
                      "Plan Width": 4,
                      "Actual Startup Time": 0.005,
                      "Actual Total Time": 0.005,
                      "Actual Rows": 0,
                      "Actual Loops": 8378,
                      "Index Cond": "(movie_id = t.id)",
                      "Rows Removed by Index Recheck": 0,
                      "Filter": "(keyword_id > 27834)",
                      "Rows Removed by Filter": 0
                    }
                  ]
                }
              ]
            }
          ]
        }
      ]
    },
    "Planning Time": 0.67,
    "Triggers": [],
    "Execution Time": 120.389
  }
]