{
  "Plan": {
    "Node Type": "Aggregate",
    "Strategy": "Plain",
    "Partial Mode": "Simple",
    "Parallel Aware": false,
    "Startup Cost": 145180.66,
    "Total Cost": 145180.67,
    "Plan Rows": 1,
    "Plan Width": 64,
    "Actual Startup Time": 812.277,
    "Actual Total Time": 834.51,
    "Actual Rows": 1,
    "Actual Loops": 1,
    "Plans": [
      {
        "Node Type": "Gather",
        "Parent Relationship": "Outer",
        "Parallel Aware": false,
        "Startup Cost": 125328.51,
        "Total Cost": 145180.66,
        "Plan Rows": 1,
        "Plan Width": 23,
        "Actual Startup Time": 695.18,
        "Actual Total Time": 834.029,
        "Actual Rows": 4700,
        "Actual Loops": 1,
        "Workers Planned": 1,
        "Workers Launched": 1,
        "Single Copy": false,
        "Plans": [
          {
            "Node Type": "Hash Join",
            "Parent Relationship": "Outer",
            "Parallel Aware": false,
            "Join Type": "Inner",
            "Startup Cost": 124328.51,
            "Total Cost": 144180.56,
            "Plan Rows": 1,
            "Plan Width": 23,
            "Actual Startup Time": 688.681,
            "Actual Total Time": 804.761,
            "Actual Rows": 2350,
            "Actual Loops": 2,
            "Inner Unique": true,
            "Hash Cond": "(mi_idx.info_type_id = it.id)",
            "Plans": [
              {
                "Node Type": "Hash Join",
                "Parent Relationship": "Outer",
                "Parallel Aware": true,
                "Join Type": "Inner",
                "Startup Cost": 124326.09,
                "Total Cost": 144177.97,
                "Plan Rows": 57,
                "Plan Width": 27,
                "Actual Startup Time": 688.114,
                "Actual Total Time": 803.622,
                "Actual Rows": 4300,
                "Actual Loops": 2,
                "Inner Unique": false,
                "Hash Cond": "(mi_idx.movie_id = t.id)",
                "Plans": [
                  {
                    "Node Type": "Seq Scan",
                    "Parent Relationship": "Outer",
                    "Parallel Aware": true,
                    "Relation Name": "movie_info_idx",
                    "Alias": "mi_idx",
                    "Startup Cost": 0.0,
                    "Total Cost": 18082.32,
                    "Plan Rows": 471798,
                    "Plan Width": 14,
                    "Actual Startup Time": 0.024,
                    "Actual Total Time": 80.857,
                    "Actual Rows": 403182,
                    "Actual Loops": 2,
                    "Filter": "(info > '2.0'::text)",
                    "Rows Removed by Filter": 286835
                  },
                  {
                    "Node Type": "Hash",
                    "Parent Relationship": "Inner",
                    "Parallel Aware": true,
                    "Startup Cost": 124323.85,
                    "Total Cost": 124323.85,
                    "Plan Rows": 179,
                    "Plan Width": 25,
                    "Actual Startup Time": 687.081,
                    "Actual Total Time": 687.088,
                    "Actual Rows": 3937,
                    "Actual Loops": 2,
                    "Hash Buckets": 8192,
                    "Original Hash Buckets": 1024,
                    "Hash Batches": 1,
                    "Original Hash Batches": 1,
                    "Peak Memory Usage": 696,
                    "Plans": [
                      {
                        "Node Type": "Hash Join",
                        "Parent Relationship": "Outer",
                        "Parallel Aware": true,
                        "Join Type": "Inner",
                        "Startup Cost": 60680.57,
                        "Total Cost": 124323.85,
                        "Plan Rows": 179,
                        "Plan Width": 25,
                        "Actual Startup Time": 412.259,
                        "Actual Total Time": 673.837,
                        "Actual Rows": 3937,
                        "Actual Loops": 2,
                        "Inner Unique": false,
                        "Hash Cond": "(t.id = mk.movie_id)",
                        "Plans": [
                          {
                            "Node Type": "Seq Scan",
                            "Parent Relationship": "Outer",
                            "Parallel Aware": true,
                            "Relation Name": "title",
                            "Alias": "t",
                            "Startup Cost": 0.0,
                            "Total Cost": 54589.98,
                            "Plan Rows": 1034542,
                            "Plan Width": 21,
                            "Actual Startup Time": 0.009,
                            "Actual Total Time": 170.05,
                            "Actual Rows": 874516,
                            "Actual Loops": 2,
                            "Filter": "(production_year > 1990)",
                            "Rows Removed by Filter": 389640
                          },
                          {
                            "Node Type": "Hash",
                            "Parent Relationship": "Inner",
                            "Parallel Aware": true,
                            "Startup Cost": 60677.34,
                            "Total Cost": 60677.34,
                            "Plan Rows": 258,
                            "Plan Width": 4,
                            "Actual Startup Time": 411.583,
                            "Actual Total Time": 411.587,
                            "Actual Rows": 6476,
                            "Actual Loops": 2,
                            "Hash Buckets": 16384,
                            "Original Hash Buckets": 1024,
                            "Hash Batches": 1,
                            "Original Hash Batches": 1,
                            "Peak Memory Usage": 792,
                            "Plans": [
                              {
                                "Node Type": "Hash Join",
                                "Parent Relationship": "Outer",
                                "Parallel Aware": false,
                                "Join Type": "Inner",
                                "Startup Cost": 2626.29,
                                "Total Cost": 60677.34,
                                "Plan Rows": 258,
                                "Plan Width": 4,
                                "Actual Startup Time": 35.819,
                                "Actual Total Time": 389.992,
                                "Actual Rows": 6476,
                                "Actual Loops": 2,
                                "Inner Unique": true,
                                "Hash Cond": "(mk.keyword_id = k.id)",
                                "Plans": [
                                  {
                                    "Node Type": "Seq Scan",
                                    "Parent Relationship": "Outer",
                                    "Parallel Aware": true,
                                    "Relation Name": "movie_keyword",
                                    "Alias": "mk",
                                    "Startup Cost": 0.0,
                                    "Total Cost": 51065.35,
                                    "Plan Rows": 2661135,
                                    "Plan Width": 8,
                                    "Actual Startup Time": 0.053,
                                    "Actual Total Time": 181.385,
                                    "Actual Rows": 2261965,
                                    "Actual Loops": 2
                                  },
                                  {
                                    "Node Type": "Hash",
                                    "Parent Relationship": "Inner",
                                    "Parallel Aware": false,
                                    "Startup Cost": 2626.12,
                                    "Total Cost": 2626.12,
                                    "Plan Rows": 13,
                                    "Plan Width": 4,
                                    "Actual Startup Time": 35.63,
                                    "Actual Total Time": 35.631,
                                    "Actual Rows": 30,
                                    "Actual Loops": 2,
                                    "Hash Buckets": 1024,
                                    "Original Hash Buckets": 1024,
                                    "Hash Batches": 1,
                                    "Original Hash Batches": 1,
                                    "Peak Memory Usage": 10,
                                    "Plans": [
                                      {
                                        "Node Type": "Seq Scan",
                                        "Parent Relationship": "Outer",
                                        "Parallel Aware": false,
                                        "Relation Name": "keyword",
                                        "Alias": "k",
                                        "Startup Cost": 0.0,
                                        "Total Cost": 2626.12,
                                        "Plan Rows": 13,
                                        "Plan Width": 4,
                                        "Actual Startup Time": 3.326,
                                        "Actual Total Time": 35.594,
                                        "Actual Rows": 30,
                                        "Actual Loops": 2,
                                        "Filter": "(keyword ~~ '%sequel%'::text)",
                                        "Rows Removed by Filter": 134140
                                      }
                                    ]
                                  }
                                ]
                              }
                            ]
                          }
                        ]
                      }
                    ]
                  }
                ]
              },
              {
                "Node Type": "Hash",
                "Parent Relationship": "Inner",
                "Parallel Aware": false,
                "Startup Cost": 2.41,
                "Total Cost": 2.41,
                "Plan Rows": 1,
                "Plan Width": 4,
                "Actual Startup Time": 0.091,
                "Actual Total Time": 0.092,
                "Actual Rows": 1,
                "Actual Loops": 2,
                "Hash Buckets": 1024,
                "Original Hash Buckets": 1024,
                "Hash Batches": 1,
                "Original Hash Batches": 1,
                "Peak Memory Usage": 9,
                "Plans": [
                  {
                    "Node Type": "Seq Scan",
                    "Parent Relationship": "Outer",
                    "Parallel Aware": false,
                    "Relation Name": "info_type",
                    "Alias": "it",
                    "Startup Cost": 0.0,
                    "Total Cost": 2.41,
                    "Plan Rows": 1,
                    "Plan Width": 4,
                    "Actual Startup Time": 0.07,
                    "Actual Total Time": 0.075,
                    "Actual Rows": 1,
                    "Actual Loops": 2,
                    "Filter": "((info)::text = 'rating'::text)",
                    "Rows Removed by Filter": 112
                  }
                ]
              }
            ]
          }
        ]
      }
    ]
  },
  "Planning Time": 1.075,
  "Triggers": [],
  "Execution Time": 834.617
}