[
  {
    "Plan": {
      "Node Type": "Aggregate",
      "Strategy": "Plain",
      "Partial Mode": "Finalize",
      "Parallel Aware": false,
      "Startup Cost": 76717.88,
      "Total Cost": 76717.89,
      "Plan Rows": 1,
      "Plan Width": 8,
      "Actual Startup Time": 362.146,
      "Actual Total Time": 379.619,
      "Actual Rows": 1,
      "Actual Loops": 1,
      "Plans": [
        {
          "Node Type": "Gather",
          "Parent Relationship": "Outer",
          "Parallel Aware": false,
          "Startup Cost": 76717.56,
          "Total Cost": 76717.87,
          "Plan Rows": 3,
          "Plan Width": 8,
          "Actual Startup Time": 359.384,
          "Actual Total Time": 379.605,
          "Actual Rows": 4,
          "Actual Loops": 1,
          "Workers Planned": 3,
          "Workers Launched": 3,
          "Single Copy": false,
          "Plans": [
            {
              "Node Type": "Aggregate",
              "Strategy": "Plain",
              "Partial Mode": "Partial",
              "Parent Relationship": "Outer",
              "Parallel Aware": false,
              "Startup Cost": 75717.56,
              "Total Cost": 75717.57,
              "Plan Rows": 1,
              "Plan Width": 8,
              "Actual Startup Time": 350.16,
              "Actual Total Time": 350.234,
              "Actual Rows": 1,
              "Actual Loops": 4,
              "Plans": [
                {
                  "Node Type": "Hash Join",
                  "Parent Relationship": "Outer",
                  "Parallel Aware": true,
                  "Join Type": "Inner",
                  "Startup Cost": 46128.79,
                  "Total Cost": 75544.68,
                  "Plan Rows": 69154,
                  "Plan Width": 0,
                  "Actual Startup Time": 185.435,
                  "Actual Total Time": 341.19,
                  "Actual Rows": 179069,
                  "Actual Loops": 4,
                  "Inner Unique": true,
                  "Hash Cond": "(mc.movie_id = t.id)",
                  "Plans": [
                    {
                      "Node Type": "Seq Scan",
                      "Parent Relationship": "Outer",
                      "Parallel Aware": true,
                      "Relation Name": "movie_companies",
                      "Alias": "mc",
                      "Startup Cost": 0.0,
                      "Total Cost": 27206.55,
                      "Plan Rows": 841655,
                      "Plan Width": 4,
                      "Actual Startup Time": 0.008,
                      "Actual Total Time": 66.145,
                      "Actual Rows": 652282,
                      "Actual Loops": 4
                    },
                    {
                      "Node Type": "Hash",
                      "Parent Relationship": "Inner",
                      "Parallel Aware": true,
                      "Startup Cost": 45479.59,
                      "Total Cost": 45479.59,
                      "Plan Rows": 51936,
                      "Plan Width": 4,
                      "Actual Startup Time": 152.127,
                      "Actual Total Time": 152.127,
                      "Actual Rows": 85406,
                      "Actual Loops": 4,
                      "Hash Buckets": 524288,
                      "Original Hash Buckets": 262144,
                      "Hash Batches": 1,
                      "Original Hash Batches": 1,
                      "Peak Memory Usage": 19584,
                      "Plans": [
                        {
                          "Node Type": "Seq Scan",
                          "Parent Relationship": "Outer",
                          "Parallel Aware": true,
                          "Relation Name": "title",
                          "Alias": "t",
                          "Startup Cost": 0.0,
                          "Total Cost": 45479.59,
                          "Plan Rows": 51936,
                          "Plan Width": 4,
                          "Actual Startup Time": 65.431,
                          "Actual Total Time": 114.151,
                          "Actual Rows": 85406,
                          "Actual Loops": 4,
                          "Filter": "((production_year < 1995) AND (kind_id = 1))",
                          "Rows Removed by Filter": 546672
                        }
                      ]
                    }
                  ]
                }
              ]
            }
          ]
        }
      ]
    },
    "Planning Time": 0.641,
    "Triggers": [],
    "Execution Time": 379.686
  }
]