[
  {
    "Plan": {
      "Node Type": "Aggregate",
      "Strategy": "Plain",
      "Partial Mode": "Finalize",
      "Parallel Aware": false,
      "Startup Cost": 345656.85,
      "Total Cost": 345656.86,
      "Plan Rows": 1,
      "Plan Width": 8,
      "Actual Startup Time": 622.898,
      "Actual Total Time": 671.509,
      "Actual Rows": 1,
      "Actual Loops": 1,
      "Plans": [
        {
          "Node Type": "Gather",
          "Parent Relationship": "Outer",
          "Parallel Aware": false,
          "Startup Cost": 345656.22,
          "Total Cost": 345656.83,
          "Plan Rows": 6,
          "Plan Width": 8,
          "Actual Startup Time": 622.7,
          "Actual Total Time": 671.495,
          "Actual Rows": 7,
          "Actual Loops": 1,
          "Workers Planned": 6,
          "Workers Launched": 6,
          "Single Copy": false,
          "Plans": [
            {
              "Node Type": "Aggregate",
              "Strategy": "Plain",
              "Partial Mode": "Partial",
              "Parent Relationship": "Outer",
              "Parallel Aware": false,
              "Startup Cost": 344656.22,
              "Total Cost": 344656.23,
              "Plan Rows": 1,
              "Plan Width": 8,
              "Actual Startup Time": 616.185,
              "Actual Total Time": 616.186,
              "Actual Rows": 1,
              "Actual Loops": 7,
              "Plans": [
                {
                  "Node Type": "Seq Scan",
                  "Parent Relationship": "Outer",
                  "Parallel Aware": true,
                  "Relation Name": "cast_info",
                  "Alias": "ci",
                  "Startup Cost": 0.0,
                  "Total Cost": 343316.27,
                  "Plan Rows": 535981,
                  "Plan Width": 0,
                  "Actual Startup Time": 342.785,
                  "Actual Total Time": 602.468,
                  "Actual Rows": 294759,
                  "Actual Loops": 7,
                  "Filter": "((person_id < 716515) AND (role_id > 2))",
                  "Rows Removed by Filter": 4883005
                }
              ]
            }
          ]
        }
      ]
    },
    "Planning Time": 0.146,
    "Triggers": [],
    "Execution Time": 671.561
  }
]