[
  {
    "Plan": {
      "Node Type": "Aggregate",
      "Strategy": "Plain",
      "Partial Mode": "Finalize",
      "Parallel Aware": false,
      "Startup Cost": 345616.82,
      "Total Cost": 345616.83,
      "Plan Rows": 1,
      "Plan Width": 8,
      "Actual Startup Time": 681.388,
      "Actual Total Time": 738.496,
      "Actual Rows": 1,
      "Actual Loops": 1,
      "Plans": [
        {
          "Node Type": "Gather",
          "Parent Relationship": "Outer",
          "Parallel Aware": false,
          "Startup Cost": 345616.19,
          "Total Cost": 345616.8,
          "Plan Rows": 6,
          "Plan Width": 8,
          "Actual Startup Time": 681.25,
          "Actual Total Time": 738.485,
          "Actual Rows": 7,
          "Actual Loops": 1,
          "Workers Planned": 6,
          "Workers Launched": 6,
          "Single Copy": false,
          "Plans": [
            {
              "Node Type": "Aggregate",
              "Strategy": "Plain",
              "Partial Mode": "Partial",
              "Parent Relationship": "Outer",
              "Parallel Aware": false,
              "Startup Cost": 344616.19,
              "Total Cost": 344616.2,
              "Plan Rows": 1,
              "Plan Width": 8,
              "Actual Startup Time": 672.435,
              "Actual Total Time": 672.436,
              "Actual Rows": 1,
              "Actual Loops": 7,
              "Plans": [
                {
                  "Node Type": "Seq Scan",
                  "Parent Relationship": "Outer",
                  "Parallel Aware": true,
                  "Relation Name": "cast_info",
                  "Alias": "ci",
                  "Startup Cost": 0.0,
                  "Total Cost": 343257.03,
                  "Plan Rows": 543665,
                  "Plan Width": 0,
                  "Actual Startup Time": 368.237,
                  "Actual Total Time": 657.556,
                  "Actual Rows": 294759,
                  "Actual Loops": 7,
                  "Filter": "((person_id < 716515) AND (role_id > 2))",
                  "Rows Removed by Filter": 4883005
                }
              ]
            }
          ]
        }
      ]
    },
    "Planning Time": 0.259,
    "Triggers": [],
    "Execution Time": 738.573
  }
]