[
  {
    "Plan": {
      "Node Type": "Aggregate",
      "Strategy": "Plain",
      "Partial Mode": "Finalize",
      "Parallel Aware": false,
      "Startup Cost": 14672.2,
      "Total Cost": 14672.21,
      "Plan Rows": 1,
      "Plan Width": 8,
      "Actual Startup Time": 36.963,
      "Actual Total Time": 41.151,
      "Actual Rows": 1,
      "Actual Loops": 1,
      "Plans": [
        {
          "Node Type": "Gather",
          "Parent Relationship": "Outer",
          "Parallel Aware": false,
          "Startup Cost": 14672.09,
          "Total Cost": 14672.2,
          "Plan Rows": 1,
          "Plan Width": 8,
          "Actual Startup Time": 36.765,
          "Actual Total Time": 41.141,
          "Actual Rows": 2,
          "Actual Loops": 1,
          "Workers Planned": 1,
          "Workers Launched": 1,
          "Single Copy": false,
          "Plans": [
            {
              "Node Type": "Aggregate",
              "Strategy": "Plain",
              "Partial Mode": "Partial",
              "Parent Relationship": "Outer",
              "Parallel Aware": false,
              "Startup Cost": 13672.09,
              "Total Cost": 13672.1,
              "Plan Rows": 1,
              "Plan Width": 8,
              "Actual Startup Time": 30.929,
              "Actual Total Time": 30.932,
              "Actual Rows": 1,
              "Actual Loops": 2,
              "Plans": [
                {
                  "Node Type": "Nested Loop",
                  "Parent Relationship": "Outer",
                  "Parallel Aware": false,
                  "Join Type": "Inner",
                  "Startup Cost": 61.41,
                  "Total Cost": 13670.15,
                  "Plan Rows": 775,
                  "Plan Width": 0,
                  "Actual Startup Time": 14.554,
                  "Actual Total Time": 30.696,
                  "Actual Rows": 902,
                  "Actual Loops": 2,
                  "Inner Unique": true,
                  "Plans": [
                    {
                      "Node Type": "Bitmap Heap Scan",
                      "Parent Relationship": "Outer",
                      "Parallel Aware": true,
                      "Relation Name": "movie_companies",
                      "Alias": "mc",
                      "Startup Cost": 60.98,
                      "Total Cost": 7386.77,
                      "Plan Rows": 775,
                      "Plan Width": 4,
                      "Actual Startup Time": 14.396,
                      "Actual Total Time": 19.147,
                      "Actual Rows": 902,
                      "Actual Loops": 2,
                      "Recheck Cond": "(company_id = 1310)",
                      "Rows Removed by Index Recheck": 0,
                      "Filter": "(company_type_id < 2)",
                      "Rows Removed by Filter": 634,
                      "Exact Heap Blocks": 1104,
                      "Lossy Heap Blocks": 0,
                      "Plans": [
                        {
                          "Node Type": "Bitmap Index Scan",
                          "Parent Relationship": "Outer",
                          "Parallel Aware": false,
                          "Index Name": "company_id_movie_companies",
                          "Startup Cost": 0.0,
                          "Total Cost": 60.65,
                          "Plan Rows": 2696,
                          "Plan Width": 0,
                          "Actual Startup Time": 19.178,
                          "Actual Total Time": 19.178,
                          "Actual Rows": 3073,
                          "Actual Loops": 1,
                          "Index Cond": "(company_id = 1310)"
                        }
                      ]
                    },
                    {
                      "Node Type": "Index Only Scan",
                      "Parent Relationship": "Inner",
                      "Parallel Aware": false,
                      "Scan Direction": "Forward",
                      "Index Name": "title_pkey",
                      "Relation Name": "title",
                      "Alias": "t",
                      "Startup Cost": 0.43,
                      "Total Cost": 8.11,
                      "Plan Rows": 1,
                      "Plan Width": 4,
                      "Actual Startup Time": 0.012,
                      "Actual Total Time": 0.012,
                      "Actual Rows": 1,
                      "Actual Loops": 1804,
                      "Index Cond": "(id = mc.movie_id)",
                      "Rows Removed by Index Recheck": 0,
                      "Heap Fetches": 1804
                    }
                  ]
                }
              ]
            }
          ]
        }
      ]
    },
    "Planning Time": 0.424,
    "Triggers": [],
    "Execution Time": 41.217
  }
]