[
  {
    "Plan": {
      "Node Type": "Aggregate",
      "Strategy": "Plain",
      "Partial Mode": "Finalize",
      "Parallel Aware": false,
      "Startup Cost": 33478.02,
      "Total Cost": 33478.03,
      "Plan Rows": 1,
      "Plan Width": 8,
      "Actual Startup Time": 100.669,
      "Actual Total Time": 108.458,
      "Actual Rows": 1,
      "Actual Loops": 1,
      "Plans": [
        {
          "Node Type": "Gather",
          "Parent Relationship": "Outer",
          "Parallel Aware": false,
          "Startup Cost": 33477.71,
          "Total Cost": 33478.02,
          "Plan Rows": 3,
          "Plan Width": 8,
          "Actual Startup Time": 100.556,
          "Actual Total Time": 108.451,
          "Actual Rows": 4,
          "Actual Loops": 1,
          "Workers Planned": 3,
          "Workers Launched": 3,
          "Single Copy": false,
          "Plans": [
            {
              "Node Type": "Aggregate",
              "Strategy": "Plain",
              "Partial Mode": "Partial",
              "Parent Relationship": "Outer",
              "Parallel Aware": false,
              "Startup Cost": 32477.71,
              "Total Cost": 32477.72,
              "Plan Rows": 1,
              "Plan Width": 8,
              "Actual Startup Time": 93.808,
              "Actual Total Time": 93.809,
              "Actual Rows": 1,
              "Actual Loops": 4,
              "Plans": [
                {
                  "Node Type": "Seq Scan",
                  "Parent Relationship": "Outer",
                  "Parallel Aware": true,
                  "Relation Name": "movie_companies",
                  "Alias": "mc",
                  "Startup Cost": 0.0,
                  "Total Cost": 31414.82,
                  "Plan Rows": 425155,
                  "Plan Width": 0,
                  "Actual Startup Time": 43.894,
                  "Actual Total Time": 80.538,
                  "Actual Rows": 326372,
                  "Actual Loops": 4,
                  "Filter": "((company_id < 208211) AND (company_type_id = 2))",
                  "Rows Removed by Filter": 325910
                }
              ]
            }
          ]
        }
      ]
    },
    "Planning Time": 0.204,
    "Triggers": [],
    "Execution Time": 108.492
  }
]