[
  {
    "Plan": {
      "Node Type": "Aggregate",
      "Strategy": "Plain",
      "Partial Mode": "Finalize",
      "Parallel Aware": false,
      "Startup Cost": 46496.44,
      "Total Cost": 46496.45,
      "Plan Rows": 1,
      "Plan Width": 8,
      "Actual Startup Time": 158.763,
      "Actual Total Time": 168.066,
      "Actual Rows": 1,
      "Actual Loops": 1,
      "Plans": [
        {
          "Node Type": "Gather",
          "Parent Relationship": "Outer",
          "Parallel Aware": false,
          "Startup Cost": 46496.12,
          "Total Cost": 46496.43,
          "Plan Rows": 3,
          "Plan Width": 8,
          "Actual Startup Time": 158.591,
          "Actual Total Time": 168.058,
          "Actual Rows": 4,
          "Actual Loops": 1,
          "Workers Planned": 3,
          "Workers Launched": 3,
          "Single Copy": false,
          "Plans": [
            {
              "Node Type": "Aggregate",
              "Strategy": "Plain",
              "Partial Mode": "Partial",
              "Parent Relationship": "Outer",
              "Parallel Aware": false,
              "Startup Cost": 45496.12,
              "Total Cost": 45496.13,
              "Plan Rows": 1,
              "Plan Width": 8,
              "Actual Startup Time": 153.856,
              "Actual Total Time": 153.857,
              "Actual Rows": 1,
              "Actual Loops": 4,
              "Plans": [
                {
                  "Node Type": "Seq Scan",
                  "Parent Relationship": "Outer",
                  "Parallel Aware": true,
                  "Relation Name": "movie_keyword",
                  "Alias": "mk",
                  "Startup Cost": 0.0,
                  "Total Cost": 42695.65,
                  "Plan Rows": 1120188,
                  "Plan Width": 0,
                  "Actual Startup Time": 0.035,
                  "Actual Total Time": 115.82,
                  "Actual Rows": 868181,
                  "Actual Loops": 4,
                  "Filter": "(keyword_id < 16864)",
                  "Rows Removed by Filter": 262802
                }
              ]
            }
          ]
        }
      ]
    },
    "Planning Time": 0.15,
    "Triggers": [],
    "Execution Time": 168.114
  }
]