[
  {
    "Plan": {
      "Node Type": "Aggregate",
      "Strategy": "Plain",
      "Partial Mode": "Finalize",
      "Parallel Aware": false,
      "Startup Cost": 103241.98,
      "Total Cost": 103241.99,
      "Plan Rows": 1,
      "Plan Width": 8,
      "Actual Startup Time": 148.783,
      "Actual Total Time": 171.503,
      "Actual Rows": 1,
      "Actual Loops": 1,
      "Plans": [
        {
          "Node Type": "Gather",
          "Parent Relationship": "Outer",
          "Parallel Aware": false,
          "Startup Cost": 103241.56,
          "Total Cost": 103241.97,
          "Plan Rows": 4,
          "Plan Width": 8,
          "Actual Startup Time": 148.666,
          "Actual Total Time": 171.495,
          "Actual Rows": 5,
          "Actual Loops": 1,
          "Workers Planned": 4,
          "Workers Launched": 4,
          "Single Copy": false,
          "Plans": [
            {
              "Node Type": "Aggregate",
              "Strategy": "Plain",
              "Partial Mode": "Partial",
              "Parent Relationship": "Outer",
              "Parallel Aware": false,
              "Startup Cost": 102241.56,
              "Total Cost": 102241.57,
              "Plan Rows": 1,
              "Plan Width": 8,
              "Actual Startup Time": 137.298,
              "Actual Total Time": 137.3,
              "Actual Rows": 1,
              "Actual Loops": 5,
              "Plans": [
                {
                  "Node Type": "Nested Loop",
                  "Parent Relationship": "Outer",
                  "Parallel Aware": false,
                  "Join Type": "Inner",
                  "Startup Cost": 0.56,
                  "Total Cost": 102236.85,
                  "Plan Rows": 1884,
                  "Plan Width": 0,
                  "Actual Startup Time": 14.895,
                  "Actual Total Time": 137.048,
                  "Actual Rows": 2218,
                  "Actual Loops": 5,
                  "Inner Unique": false,
                  "Plans": [
                    {
                      "Node Type": "Seq Scan",
                      "Parent Relationship": "Outer",
                      "Parallel Aware": true,
                      "Relation Name": "title",
                      "Alias": "t",
                      "Startup Cost": 0.0,
                      "Total Cost": 45479.1,
                      "Plan Rows": 413,
                      "Plan Width": 4,
                      "Actual Startup Time": 5.2,
                      "Actual Total Time": 88.154,
                      "Actual Rows": 544,
                      "Actual Loops": 5,
                      "Filter": "((kind_id < 7) AND (production_year = 1950))",
                      "Rows Removed by Filter": 505118
                    },
                    {
                      "Node Type": "Index Scan",
                      "Parent Relationship": "Inner",
                      "Parallel Aware": false,
                      "Scan Direction": "Forward",
                      "Index Name": "movie_id_cast_info",
                      "Relation Name": "cast_info",
                      "Alias": "ci",
                      "Startup Cost": 0.56,
                      "Total Cost": 137.31,
                      "Plan Rows": 12,
                      "Plan Width": 4,
                      "Actual Startup Time": 0.067,
                      "Actual Total Time": 0.089,
                      "Actual Rows": 4,
                      "Actual Loops": 2720,
                      "Index Cond": "(movie_id = t.id)",
                      "Rows Removed by Index Recheck": 0,
                      "Filter": "(person_id > 2550841)",
                      "Rows Removed by Filter": 14
                    }
                  ]
                }
              ]
            }
          ]
        }
      ]
    },
    "Planning Time": 0.734,
    "Triggers": [],
    "Execution Time": 171.595
  }
]