[
    {
        "Bao": {
            "Bao prediction": 1028.781,
            "Bao recommended hint": "SET enable_nestloop TO off; "
        }
    },
    {
        "Plan": {
            "Node Type": "Aggregate",
            "Strategy": "Plain",
            "Partial Mode": "Finalize",
            "Parallel Aware": false,
            "Startup Cost": 114512.82,
            "Total Cost": 114512.83,
            "Plan Rows": 1,
            "Plan Width": 8,
            "Actual Startup Time": 342.628,
            "Actual Total Time": 358.378,
            "Actual Rows": 1,
            "Actual Loops": 1,
            "Output": [
                "count(*)"
            ],
            "Plans": [
                {
                    "Node Type": "Gather",
                    "Parent Relationship": "Outer",
                    "Parallel Aware": false,
                    "Startup Cost": 114512.5,
                    "Total Cost": 114512.81,
                    "Plan Rows": 3,
                    "Plan Width": 8,
                    "Actual Startup Time": 341.813,
                    "Actual Total Time": 358.358,
                    "Actual Rows": 4,
                    "Actual Loops": 1,
                    "Output": [
                        "(PARTIAL count(*))"
                    ],
                    "Workers Planned": 3,
                    "Workers Launched": 3,
                    "Single Copy": false,
                    "Plans": [
                        {
                            "Node Type": "Aggregate",
                            "Strategy": "Plain",
                            "Partial Mode": "Partial",
                            "Parent Relationship": "Outer",
                            "Parallel Aware": false,
                            "Startup Cost": 113512.5,
                            "Total Cost": 113512.51,
                            "Plan Rows": 1,
                            "Plan Width": 8,
                            "Actual Startup Time": 332.842,
                            "Actual Total Time": 332.848,
                            "Actual Rows": 1,
                            "Actual Loops": 4,
                            "Output": [
                                "PARTIAL count(*)"
                            ],
                            "Workers": [
                                {
                                    "Worker Number": 0,
                                    "Actual Startup Time": 330.017,
                                    "Actual Total Time": 330.022,
                                    "Actual Rows": 1,
                                    "Actual Loops": 1
                                },
                                {
                                    "Worker Number": 1,
                                    "Actual Startup Time": 329.983,
                                    "Actual Total Time": 329.988,
                                    "Actual Rows": 1,
                                    "Actual Loops": 1
                                },
                                {
                                    "Worker Number": 2,
                                    "Actual Startup Time": 330.442,
                                    "Actual Total Time": 330.448,
                                    "Actual Rows": 1,
                                    "Actual Loops": 1
                                }
                            ],
                            "Plans": [
                                {
                                    "Node Type": "Hash Join",
                                    "Parent Relationship": "Outer",
                                    "Parallel Aware": true,
                                    "Join Type": "Inner",
                                    "Startup Cost": 81649.84,
                                    "Total Cost": 113510.57,
                                    "Plan Rows": 771,
                                    "Plan Width": 0,
                                    "Actual Startup Time": 269.076,
                                    "Actual Total Time": 332.626,
                                    "Actual Rows": 2764,
                                    "Actual Loops": 4,
                                    "Inner Unique": false,
                                    "Hash Cond": "(mc.movie_id = t.id)",
                                    "Workers": [
                                        {
                                            "Worker Number": 0,
                                            "Actual Startup Time": 266.29,
                                            "Actual Total Time": 329.768,
                                            "Actual Rows": 3026,
                                            "Actual Loops": 1
                                        },
                                        {
                                            "Worker Number": 1,
                                            "Actual Startup Time": 266.186,
                                            "Actual Total Time": 329.759,
                                            "Actual Rows": 2803,
                                            "Actual Loops": 1
                                        },
                                        {
                                            "Worker Number": 2,
                                            "Actual Startup Time": 266.673,
                                            "Actual Total Time": 330.252,
                                            "Actual Rows": 2325,
                                            "Actual Loops": 1
                                        }
                                    ],
                                    "Plans": [
                                        {
                                            "Node Type": "Seq Scan",
                                            "Parent Relationship": "Outer",
                                            "Parallel Aware": true,
                                            "Relation Name": "movie_companies",
                                            "Schema": "public",
                                            "Alias": "mc",
                                            "Startup Cost": 0.0,
                                            "Total Cost": 31414.82,
                                            "Plan Rows": 118245,
                                            "Plan Width": 4,
                                            "Actual Startup Time": 36.972,
                                            "Actual Total Time": 84.212,
                                            "Actual Rows": 169754,
                                            "Actual Loops": 4,
                                            "Output": [
                                                "mc.id",
                                                "mc.movie_id",
                                                "mc.company_id",
                                                "mc.company_type_id",
                                                "mc.note"
                                            ],
                                            "Filter": "((mc.company_id > 42567) AND (mc.company_type_id > 1))",
                                            "Rows Removed by Filter": 482529,
                                            "Workers": [
                                                {
                                                    "Worker Number": 0,
                                                    "Actual Startup Time": 36.965,
                                                    "Actual Total Time": 84.659,
                                                    "Actual Rows": 163590,
                                                    "Actual Loops": 1
                                                },
                                                {
                                                    "Worker Number": 1,
                                                    "Actual Startup Time": 36.975,
                                                    "Actual Total Time": 84.463,
                                                    "Actual Rows": 164815,
                                                    "Actual Loops": 1
                                                },
                                                {
                                                    "Worker Number": 2,
                                                    "Actual Startup Time": 36.979,
                                                    "Actual Total Time": 84.745,
                                                    "Actual Rows": 164474,
                                                    "Actual Loops": 1
                                                }
                                            ]
                                        },
                                        {
                                            "Node Type": "Hash",
                                            "Parent Relationship": "Inner",
                                            "Parallel Aware": true,
                                            "Startup Cost": 81583.41,
                                            "Total Cost": 81583.41,
                                            "Plan Rows": 5315,
                                            "Plan Width": 8,
                                            "Actual Startup Time": 228.406,
                                            "Actual Total Time": 228.41,
                                            "Actual Rows": 3212,
                                            "Actual Loops": 4,
                                            "Output": [
                                                "t.id",
                                                "mk.movie_id"
                                            ],
                                            "Hash Buckets": 32768,
                                            "Original Hash Buckets": 32768,
                                            "Hash Batches": 1,
                                            "Original Hash Batches": 1,
                                            "Peak Memory Usage": 800,
                                            "Workers": [
                                                {
                                                    "Worker Number": 0,
                                                    "Actual Startup Time": 226.331,
                                                    "Actual Total Time": 226.336,
                                                    "Actual Rows": 2972,
                                                    "Actual Loops": 1
                                                },
                                                {
                                                    "Worker Number": 1,
                                                    "Actual Startup Time": 226.261,
                                                    "Actual Total Time": 226.265,
                                                    "Actual Rows": 3161,
                                                    "Actual Loops": 1
                                                },
                                                {
                                                    "Worker Number": 2,
                                                    "Actual Startup Time": 226.783,
                                                    "Actual Total Time": 226.787,
                                                    "Actual Rows": 3074,
                                                    "Actual Loops": 1
                                                }
                                            ],
                                            "Plans": [
                                                {
                                                    "Node Type": "Hash Join",
                                                    "Parent Relationship": "Outer",
                                                    "Parallel Aware": true,
                                                    "Join Type": "Inner",
                                                    "Startup Cost": 38176.55,
                                                    "Total Cost": 81583.41,
                                                    "Plan Rows": 5315,
                                                    "Plan Width": 8,
                                                    "Actual Startup Time": 80.936,
                                                    "Actual Total Time": 227.093,
                                                    "Actual Rows": 3212,
                                                    "Actual Loops": 4,
                                                    "Output": [
                                                        "t.id",
                                                        "mk.movie_id"
                                                    ],
                                                    "Inner Unique": true,
                                                    "Hash Cond": "(mk.movie_id = t.id)",
                                                    "Workers": [
                                                        {
                                                            "Worker Number": 0,
                                                            "Actual Startup Time": 78.865,
                                                            "Actual Total Time": 225.311,
                                                            "Actual Rows": 2972,
                                                            "Actual Loops": 1
                                                        },
                                                        {
                                                            "Worker Number": 1,
                                                            "Actual Startup Time": 78.869,
                                                            "Actual Total Time": 225.097,
                                                            "Actual Rows": 3161,
                                                            "Actual Loops": 1
                                                        },
                                                        {
                                                            "Worker Number": 2,
                                                            "Actual Startup Time": 79.176,
                                                            "Actual Total Time": 224.835,
                                                            "Actual Rows": 3074,
                                                            "Actual Loops": 1
                                                        }
                                                    ],
                                                    "Plans": [
                                                        {
                                                            "Node Type": "Seq Scan",
                                                            "Parent Relationship": "Outer",
                                                            "Parallel Aware": true,
                                                            "Relation Name": "movie_keyword",
                                                            "Schema": "public",
                                                            "Alias": "mk",
                                                            "Startup Cost": 0.0,
                                                            "Total Cost": 42695.65,
                                                            "Plan Rows": 270934,
                                                            "Plan Width": 4,
                                                            "Actual Startup Time": 2.18,
                                                            "Actual Total Time": 122.171,
                                                            "Actual Rows": 204997,
                                                            "Actual Loops": 4,
                                                            "Output": [
                                                                "mk.id",
                                                                "mk.movie_id",
                                                                "mk.keyword_id"
                                                            ],
                                                            "Filter": "(mk.keyword_id > 22371)",
                                                            "Rows Removed by Filter": 925986,
                                                            "Workers": [
                                                                {
                                                                    "Worker Number": 0,
                                                                    "Actual Startup Time": 2.18,
                                                                    "Actual Total Time": 122.982,
                                                                    "Actual Rows": 195233,
                                                                    "Actual Loops": 1
                                                                },
                                                                {
                                                                    "Worker Number": 1,
                                                                    "Actual Startup Time": 2.199,
                                                                    "Actual Total Time": 122.535,
                                                                    "Actual Rows": 196581,
                                                                    "Actual Loops": 1
                                                                },
                                                                {
                                                                    "Worker Number": 2,
                                                                    "Actual Startup Time": 2.169,
                                                                    "Actual Total Time": 122.183,
                                                                    "Actual Rows": 194527,
                                                                    "Actual Loops": 1
                                                                }
                                                            ]
                                                        },
                                                        {
                                                            "Node Type": "Hash",
                                                            "Parent Relationship": "Inner",
                                                            "Parallel Aware": true,
                                                            "Startup Cost": 38021.55,
                                                            "Total Cost": 38021.55,
                                                            "Plan Rows": 12400,
                                                            "Plan Width": 4,
                                                            "Actual Startup Time": 78.417,
                                                            "Actual Total Time": 78.418,
                                                            "Actual Rows": 13278,
                                                            "Actual Loops": 4,
                                                            "Output": [
                                                                "t.id"
                                                            ],
                                                            "Hash Buckets": 65536,
                                                            "Original Hash Buckets": 65536,
                                                            "Hash Batches": 1,
                                                            "Original Hash Batches": 1,
                                                            "Peak Memory Usage": 2624,
                                                            "Workers": [
                                                                {
                                                                    "Worker Number": 0,
                                                                    "Actual Startup Time": 76.532,
                                                                    "Actual Total Time": 76.534,
                                                                    "Actual Rows": 7831,
                                                                    "Actual Loops": 1
                                                                },
                                                                {
                                                                    "Worker Number": 1,
                                                                    "Actual Startup Time": 76.449,
                                                                    "Actual Total Time": 76.451,
                                                                    "Actual Rows": 8156,
                                                                    "Actual Loops": 1
                                                                },
                                                                {
                                                                    "Worker Number": 2,
                                                                    "Actual Startup Time": 76.941,
                                                                    "Actual Total Time": 76.942,
                                                                    "Actual Rows": 7867,
                                                                    "Actual Loops": 1
                                                                }
                                                            ],
                                                            "Plans": [
                                                                {
                                                                    "Node Type": "Bitmap Heap Scan",
                                                                    "Parent Relationship": "Outer",
                                                                    "Parallel Aware": true,
                                                                    "Relation Name": "title",
                                                                    "Schema": "public",
                                                                    "Alias": "t",
                                                                    "Startup Cost": 1674.64,
                                                                    "Total Cost": 38021.55,
                                                                    "Plan Rows": 12400,
                                                                    "Plan Width": 4,
                                                                    "Actual Startup Time": 22.079,
                                                                    "Actual Total Time": 72.448,
                                                                    "Actual Rows": 13278,
                                                                    "Actual Loops": 4,
                                                                    "Output": [
                                                                        "t.id"
                                                                    ],
                                                                    "Recheck Cond": "(t.kind_id = 2)",
                                                                    "Rows Removed by Index Recheck": 0,
                                                                    "Filter": "(t.production_year < 2005)",
                                                                    "Rows Removed by Filter": 9435,
                                                                    "Exact Heap Blocks": 13180,
                                                                    "Lossy Heap Blocks": 0,
                                                                    "Workers": [
                                                                        {
                                                                            "Worker Number": 0,
                                                                            "Actual Startup Time": 20.286,
                                                                            "Actual Total Time": 71.44,
                                                                            "Actual Rows": 7831,
                                                                            "Actual Loops": 1
                                                                        },
                                                                        {
                                                                            "Worker Number": 1,
                                                                            "Actual Startup Time": 20.266,
                                                                            "Actual Total Time": 71.361,
                                                                            "Actual Rows": 8156,
                                                                            "Actual Loops": 1
                                                                        },
                                                                        {
                                                                            "Worker Number": 2,
                                                                            "Actual Startup Time": 20.601,
                                                                            "Actual Total Time": 71.698,
                                                                            "Actual Rows": 7867,
                                                                            "Actual Loops": 1
                                                                        }
                                                                    ],
                                                                    "Plans": [
                                                                        {
                                                                            "Node Type": "Bitmap Index Scan",
                                                                            "Parent Relationship": "Outer",
                                                                            "Parallel Aware": false,
                                                                            "Index Name": "kind_id_title",
                                                                            "Startup Cost": 0.0,
                                                                            "Total Cost": 1662.25,
                                                                            "Plan Rows": 93042,
                                                                            "Plan Width": 0,
                                                                            "Actual Startup Time": 19.223,
                                                                            "Actual Total Time": 19.223,
                                                                            "Actual Rows": 90852,
                                                                            "Actual Loops": 1,
                                                                            "Index Cond": "(t.kind_id = 2)"
                                                                        }
                                                                    ]
                                                                }
                                                            ]
                                                        }
                                                    ]
                                                }
                                            ]
                                        }
                                    ]
                                }
                            ]
                        }
                    ]
                }
            ]
        },
        "Planning Time": 1169.28,
        "Triggers": [],
        "Execution Time": 358.54
    }
]