[
    {
        "Bao": {
            "Bao prediction": 1350.697,
            "Bao recommended hint": "(no hint)"
        }
    },
    {
        "Plan": {
            "Node Type": "Aggregate",
            "Strategy": "Plain",
            "Partial Mode": "Finalize",
            "Parallel Aware": false,
            "Startup Cost": 261662.42,
            "Total Cost": 261662.43,
            "Plan Rows": 1,
            "Plan Width": 8,
            "Actual Startup Time": 565.611,
            "Actual Total Time": 579.115,
            "Actual Rows": 1,
            "Actual Loops": 1,
            "Output": [
                "count(*)"
            ],
            "Plans": [
                {
                    "Node Type": "Gather",
                    "Parent Relationship": "Outer",
                    "Parallel Aware": false,
                    "Startup Cost": 261662.1,
                    "Total Cost": 261662.41,
                    "Plan Rows": 3,
                    "Plan Width": 8,
                    "Actual Startup Time": 558.492,
                    "Actual Total Time": 579.106,
                    "Actual Rows": 4,
                    "Actual Loops": 1,
                    "Output": [
                        "(PARTIAL count(*))"
                    ],
                    "Workers Planned": 3,
                    "Workers Launched": 3,
                    "Single Copy": false,
                    "Plans": [
                        {
                            "Node Type": "Aggregate",
                            "Strategy": "Plain",
                            "Partial Mode": "Partial",
                            "Parent Relationship": "Outer",
                            "Parallel Aware": false,
                            "Startup Cost": 260662.1,
                            "Total Cost": 260662.11,
                            "Plan Rows": 1,
                            "Plan Width": 8,
                            "Actual Startup Time": 549.642,
                            "Actual Total Time": 549.647,
                            "Actual Rows": 1,
                            "Actual Loops": 4,
                            "Output": [
                                "PARTIAL count(*)"
                            ],
                            "Workers": [
                                {
                                    "Worker Number": 0,
                                    "Actual Startup Time": 546.916,
                                    "Actual Total Time": 546.921,
                                    "Actual Rows": 1,
                                    "Actual Loops": 1
                                },
                                {
                                    "Worker Number": 1,
                                    "Actual Startup Time": 547.003,
                                    "Actual Total Time": 547.009,
                                    "Actual Rows": 1,
                                    "Actual Loops": 1
                                },
                                {
                                    "Worker Number": 2,
                                    "Actual Startup Time": 547.077,
                                    "Actual Total Time": 547.083,
                                    "Actual Rows": 1,
                                    "Actual Loops": 1
                                }
                            ],
                            "Plans": [
                                {
                                    "Node Type": "Hash Join",
                                    "Parent Relationship": "Outer",
                                    "Parallel Aware": true,
                                    "Join Type": "Inner",
                                    "Startup Cost": 227669.09,
                                    "Total Cost": 260506.63,
                                    "Plan Rows": 62189,
                                    "Plan Width": 0,
                                    "Actual Startup Time": 471.785,
                                    "Actual Total Time": 547.718,
                                    "Actual Rows": 32818,
                                    "Actual Loops": 4,
                                    "Inner Unique": false,
                                    "Hash Cond": "(mc.movie_id = t.id)",
                                    "Workers": [
                                        {
                                            "Worker Number": 0,
                                            "Actual Startup Time": 468.943,
                                            "Actual Total Time": 544.982,
                                            "Actual Rows": 29107,
                                            "Actual Loops": 1
                                        },
                                        {
                                            "Worker Number": 1,
                                            "Actual Startup Time": 469.146,
                                            "Actual Total Time": 545.004,
                                            "Actual Rows": 30095,
                                            "Actual Loops": 1
                                        },
                                        {
                                            "Worker Number": 2,
                                            "Actual Startup Time": 469.355,
                                            "Actual Total Time": 545.133,
                                            "Actual Rows": 28995,
                                            "Actual Loops": 1
                                        }
                                    ],
                                    "Plans": [
                                        {
                                            "Node Type": "Seq Scan",
                                            "Parent Relationship": "Outer",
                                            "Parallel Aware": true,
                                            "Relation Name": "movie_companies",
                                            "Schema": "public",
                                            "Alias": "mc",
                                            "Startup Cost": 0.0,
                                            "Total Cost": 31414.82,
                                            "Plan Rows": 346226,
                                            "Plan Width": 4,
                                            "Actual Startup Time": 32.989,
                                            "Actual Total Time": 76.363,
                                            "Actual Rows": 207488,
                                            "Actual Loops": 4,
                                            "Output": [
                                                "mc.id",
                                                "mc.movie_id",
                                                "mc.company_id",
                                                "mc.company_type_id",
                                                "mc.note"
                                            ],
                                            "Filter": "((mc.company_id < 73990) AND (mc.company_type_id > 1))",
                                            "Rows Removed by Filter": 444794,
                                            "Workers": [
                                                {
                                                    "Worker Number": 0,
                                                    "Actual Startup Time": 33.004,
                                                    "Actual Total Time": 76.92,
                                                    "Actual Rows": 179336,
                                                    "Actual Loops": 1
                                                },
                                                {
                                                    "Worker Number": 1,
                                                    "Actual Startup Time": 33.018,
                                                    "Actual Total Time": 76.829,
                                                    "Actual Rows": 180697,
                                                    "Actual Loops": 1
                                                },
                                                {
                                                    "Worker Number": 2,
                                                    "Actual Startup Time": 32.937,
                                                    "Actual Total Time": 76.591,
                                                    "Actual Rows": 178918,
                                                    "Actual Loops": 1
                                                }
                                            ]
                                        },
                                        {
                                            "Node Type": "Hash",
                                            "Parent Relationship": "Inner",
                                            "Parallel Aware": true,
                                            "Startup Cost": 226533.75,
                                            "Total Cost": 226533.75,
                                            "Plan Rows": 90827,
                                            "Plan Width": 8,
                                            "Actual Startup Time": 435.499,
                                            "Actual Total Time": 435.503,
                                            "Actual Rows": 42260,
                                            "Actual Loops": 4,
                                            "Output": [
                                                "t.id",
                                                "mi.movie_id"
                                            ],
                                            "Hash Buckets": 524288,
                                            "Original Hash Buckets": 524288,
                                            "Hash Batches": 1,
                                            "Original Hash Batches": 1,
                                            "Peak Memory Usage": 10752,
                                            "Workers": [
                                                {
                                                    "Worker Number": 0,
                                                    "Actual Startup Time": 435.504,
                                                    "Actual Total Time": 435.507,
                                                    "Actual Rows": 40044,
                                                    "Actual Loops": 1
                                                },
                                                {
                                                    "Worker Number": 1,
                                                    "Actual Startup Time": 435.719,
                                                    "Actual Total Time": 435.722,
                                                    "Actual Rows": 38249,
                                                    "Actual Loops": 1
                                                },
                                                {
                                                    "Worker Number": 2,
                                                    "Actual Startup Time": 435.663,
                                                    "Actual Total Time": 435.667,
                                                    "Actual Rows": 43474,
                                                    "Actual Loops": 1
                                                }
                                            ],
                                            "Plans": [
                                                {
                                                    "Node Type": "Hash Join",
                                                    "Parent Relationship": "Outer",
                                                    "Parallel Aware": true,
                                                    "Join Type": "Inner",
                                                    "Startup Cost": 62274.82,
                                                    "Total Cost": 226533.75,
                                                    "Plan Rows": 90827,
                                                    "Plan Width": 8,
                                                    "Actual Startup Time": 310.97,
                                                    "Actual Total Time": 419.572,
                                                    "Actual Rows": 42260,
                                                    "Actual Loops": 4,
                                                    "Output": [
                                                        "t.id",
                                                        "mi.movie_id"
                                                    ],
                                                    "Inner Unique": true,
                                                    "Hash Cond": "(mi.movie_id = t.id)",
                                                    "Workers": [
                                                        {
                                                            "Worker Number": 0,
                                                            "Actual Startup Time": 310.987,
                                                            "Actual Total Time": 419.032,
                                                            "Actual Rows": 40044,
                                                            "Actual Loops": 1
                                                        },
                                                        {
                                                            "Worker Number": 1,
                                                            "Actual Startup Time": 310.982,
                                                            "Actual Total Time": 418.939,
                                                            "Actual Rows": 38249,
                                                            "Actual Loops": 1
                                                        },
                                                        {
                                                            "Worker Number": 2,
                                                            "Actual Startup Time": 310.774,
                                                            "Actual Total Time": 420.066,
                                                            "Actual Rows": 43474,
                                                            "Actual Loops": 1
                                                        }
                                                    ],
                                                    "Plans": [
                                                        {
                                                            "Node Type": "Bitmap Heap Scan",
                                                            "Parent Relationship": "Outer",
                                                            "Parallel Aware": true,
                                                            "Relation Name": "movie_info",
                                                            "Schema": "public",
                                                            "Alias": "mi",
                                                            "Startup Cost": 13585.7,
                                                            "Total Cost": 177451.37,
                                                            "Plan Rows": 149813,
                                                            "Plan Width": 4,
                                                            "Actual Startup Time": 52.633,
                                                            "Actual Total Time": 78.987,
                                                            "Actual Rows": 200535,
                                                            "Actual Loops": 4,
                                                            "Output": [
                                                                "mi.id",
                                                                "mi.movie_id",
                                                                "mi.info_type_id",
                                                                "mi.info",
                                                                "mi.note"
                                                            ],
                                                            "Recheck Cond": "(mi.info_type_id = 1)",
                                                            "Rows Removed by Index Recheck": 0,
                                                            "Exact Heap Blocks": 1499,
                                                            "Lossy Heap Blocks": 0,
                                                            "Workers": [
                                                                {
                                                                    "Worker Number": 0,
                                                                    "Actual Startup Time": 52.736,
                                                                    "Actual Total Time": 79.93,
                                                                    "Actual Rows": 187213,
                                                                    "Actual Loops": 1
                                                                },
                                                                {
                                                                    "Worker Number": 1,
                                                                    "Actual Startup Time": 52.698,
                                                                    "Actual Total Time": 80.08,
                                                                    "Actual Rows": 184783,
                                                                    "Actual Loops": 1
                                                                },
                                                                {
                                                                    "Worker Number": 2,
                                                                    "Actual Startup Time": 52.438,
                                                                    "Actual Total Time": 80.305,
                                                                    "Actual Rows": 182855,
                                                                    "Actual Loops": 1
                                                                }
                                                            ],
                                                            "Plans": [
                                                                {
                                                                    "Node Type": "Bitmap Index Scan",
                                                                    "Parent Relationship": "Outer",
                                                                    "Parallel Aware": false,
                                                                    "Index Name": "info_type_id_movie_info",
                                                                    "Startup Cost": 0.0,
                                                                    "Total Cost": 13398.44,
                                                                    "Plan Rows": 749067,
                                                                    "Plan Width": 0,
                                                                    "Actual Startup Time": 51.101,
                                                                    "Actual Total Time": 51.101,
                                                                    "Actual Rows": 802140,
                                                                    "Actual Loops": 1,
                                                                    "Index Cond": "(mi.info_type_id = 1)",
                                                                    "Workers": [
                                                                        {
                                                                            "Worker Number": 2,
                                                                            "Actual Startup Time": 51.101,
                                                                            "Actual Total Time": 51.101,
                                                                            "Actual Rows": 802140,
                                                                            "Actual Loops": 1
                                                                        }
                                                                    ]
                                                                }
                                                            ]
                                                        },
                                                        {
                                                            "Node Type": "Hash",
                                                            "Parent Relationship": "Inner",
                                                            "Parallel Aware": true,
                                                            "Startup Cost": 43899.01,
                                                            "Total Cost": 43899.01,
                                                            "Plan Rows": 383209,
                                                            "Plan Width": 4,
                                                            "Actual Startup Time": 252.559,
                                                            "Actual Total Time": 252.56,
                                                            "Actual Rows": 385816,
                                                            "Actual Loops": 4,
                                                            "Output": [
                                                                "t.id"
                                                            ],
                                                            "Hash Buckets": 2097152,
                                                            "Original Hash Buckets": 2097152,
                                                            "Hash Batches": 1,
                                                            "Original Hash Batches": 1,
                                                            "Peak Memory Usage": 76832,
                                                            "Workers": [
                                                                {
                                                                    "Worker Number": 0,
                                                                    "Actual Startup Time": 258.146,
                                                                    "Actual Total Time": 258.147,
                                                                    "Actual Rows": 325194,
                                                                    "Actual Loops": 1
                                                                },
                                                                {
                                                                    "Worker Number": 1,
                                                                    "Actual Startup Time": 258.153,
                                                                    "Actual Total Time": 258.153,
                                                                    "Actual Rows": 328950,
                                                                    "Actual Loops": 1
                                                                },
                                                                {
                                                                    "Worker Number": 2,
                                                                    "Actual Startup Time": 258.25,
                                                                    "Actual Total Time": 258.251,
                                                                    "Actual Rows": 323527,
                                                                    "Actual Loops": 1
                                                                }
                                                            ],
                                                            "Plans": [
                                                                {
                                                                    "Node Type": "Seq Scan",
                                                                    "Parent Relationship": "Outer",
                                                                    "Parallel Aware": true,
                                                                    "Relation Name": "title",
                                                                    "Schema": "public",
                                                                    "Alias": "t",
                                                                    "Startup Cost": 0.0,
                                                                    "Total Cost": 43899.01,
                                                                    "Plan Rows": 383209,
                                                                    "Plan Width": 4,
                                                                    "Actual Startup Time": 0.038,
                                                                    "Actual Total Time": 109.076,
                                                                    "Actual Rows": 385816,
                                                                    "Actual Loops": 4,
                                                                    "Output": [
                                                                        "t.id"
                                                                    ],
                                                                    "Filter": "(t.kind_id = 7)",
                                                                    "Rows Removed by Filter": 246262,
                                                                    "Workers": [
                                                                        {
                                                                            "Worker Number": 0,
                                                                            "Actual Startup Time": 0.049,
                                                                            "Actual Total Time": 111.435,
                                                                            "Actual Rows": 325194,
                                                                            "Actual Loops": 1
                                                                        },
                                                                        {
                                                                            "Worker Number": 1,
                                                                            "Actual Startup Time": 0.047,
                                                                            "Actual Total Time": 112.335,
                                                                            "Actual Rows": 328950,
                                                                            "Actual Loops": 1
                                                                        },
                                                                        {
                                                                            "Worker Number": 2,
                                                                            "Actual Startup Time": 0.041,
                                                                            "Actual Total Time": 111.879,
                                                                            "Actual Rows": 323527,
                                                                            "Actual Loops": 1
                                                                        }
                                                                    ]
                                                                }
                                                            ]
                                                        }
                                                    ]
                                                }
                                            ]
                                        }
                                    ]
                                }
                            ]
                        }
                    ]
                }
            ]
        },
        "Planning Time": 1494.738,
        "Triggers": [],
        "Execution Time": 579.379
    }
]