[
  {
    "Plan": {
      "Node Type": "Aggregate",
      "Strategy": "Plain",
      "Partial Mode": "Finalize",
      "Parallel Aware": false,
      "Startup Cost": 43906.19,
      "Total Cost": 43906.2,
      "Plan Rows": 1,
      "Plan Width": 8,
      "Actual Startup Time": 174.324,
      "Actual Total Time": 183.444,
      "Actual Rows": 1,
      "Actual Loops": 1,
      "Plans": [
        {
          "Node Type": "Gather",
          "Parent Relationship": "Outer",
          "Parallel Aware": false,
          "Startup Cost": 43905.87,
          "Total Cost": 43906.18,
          "Plan Rows": 3,
          "Plan Width": 8,
          "Actual Startup Time": 174.084,
          "Actual Total Time": 183.434,
          "Actual Rows": 4,
          "Actual Loops": 1,
          "Workers Planned": 3,
          "Workers Launched": 3,
          "Single Copy": false,
          "Plans": [
            {
              "Node Type": "Aggregate",
              "Strategy": "Plain",
              "Partial Mode": "Partial",
              "Parent Relationship": "Outer",
              "Parallel Aware": false,
              "Startup Cost": 42905.87,
              "Total Cost": 42905.88,
              "Plan Rows": 1,
              "Plan Width": 8,
              "Actual Startup Time": 165.598,
              "Actual Total Time": 165.6,
              "Actual Rows": 1,
              "Actual Loops": 4,
              "Plans": [
                {
                  "Node Type": "Bitmap Heap Scan",
                  "Parent Relationship": "Outer",
                  "Parallel Aware": true,
                  "Relation Name": "movie_keyword",
                  "Alias": "mk",
                  "Startup Cost": 15025.05,
                  "Total Cost": 42334.73,
                  "Plan Rows": 228455,
                  "Plan Width": 0,
                  "Actual Startup Time": 70.364,
                  "Actual Total Time": 154.874,
                  "Actual Rows": 179323,
                  "Actual Loops": 4,
                  "Recheck Cond": "(keyword_id < 623)",
                  "Rows Removed by Index Recheck": 0,
                  "Exact Heap Blocks": 7451,
                  "Lossy Heap Blocks": 0,
                  "Plans": [
                    {
                      "Node Type": "Bitmap Index Scan",
                      "Parent Relationship": "Outer",
                      "Parallel Aware": false,
                      "Index Name": "keyword_id_movie_keyword",
                      "Startup Cost": 0.0,
                      "Total Cost": 14848.0,
                      "Plan Rows": 708209,
                      "Plan Width": 0,
                      "Actual Startup Time": 72.286,
                      "Actual Total Time": 72.287,
                      "Actual Rows": 717292,
                      "Actual Loops": 1,
                      "Index Cond": "(keyword_id < 623)"
                    }
                  ]
                }
              ]
            }
          ]
        }
      ]
    },
    "Planning Time": 0.181,
    "Triggers": [],
    "Execution Time": 183.504
  }
]