{
  "Plan": {
    "Node Type": "Aggregate",
    "Strategy": "Plain",
    "Partial Mode": "Finalize",
    "Parallel Aware": false,
    "Startup Cost": 177256.79,
    "Total Cost": 177256.8,
    "Plan Rows": 1,
    "Plan Width": 8,
    "Actual Startup Time": 1773.599,
    "Actual Total Time": 1802.82,
    "Actual Rows": 1,
    "Actual Loops": 1,
    "Plans": [
      {
        "Node Type": "Gather",
        "Parent Relationship": "Outer",
        "Parallel Aware": false,
        "Startup Cost": 177256.67,
        "Total Cost": 177256.78,
        "Plan Rows": 1,
        "Plan Width": 8,
        "Actual Startup Time": 1766.462,
        "Actual Total Time": 1802.809,
        "Actual Rows": 2,
        "Actual Loops": 1,
        "Workers Planned": 1,
        "Workers Launched": 1,
        "Single Copy": false,
        "Plans": [
          {
            "Node Type": "Aggregate",
            "Strategy": "Plain",
            "Partial Mode": "Partial",
            "Parent Relationship": "Outer",
            "Parallel Aware": false,
            "Startup Cost": 176256.67,
            "Total Cost": 176256.68,
            "Plan Rows": 1,
            "Plan Width": 8,
            "Actual Startup Time": 1758.978,
            "Actual Total Time": 1760.325,
            "Actual Rows": 1,
            "Actual Loops": 2,
            "Plans": [
              {
                "Node Type": "Hash Join",
                "Parent Relationship": "Outer",
                "Parallel Aware": true,
                "Join Type": "Inner",
                "Startup Cost": 98391.04,
                "Total Cost": 173126.03,
                "Plan Rows": 1252256,
                "Plan Width": 0,
                "Actual Startup Time": 902.65,
                "Actual Total Time": 1588.006,
                "Actual Rows": 4298663,
                "Actual Loops": 2,
                "Inner Unique": false,
                "Hash Cond": "(mk.movie_id = t.id)",
                "Plans": [
                  {
                    "Node Type": "Seq Scan",
                    "Parent Relationship": "Outer",
                    "Parallel Aware": true,
                    "Relation Name": "movie_keyword",
                    "Alias": "mk",
                    "Startup Cost": 0.0,
                    "Total Cost": 57718.19,
                    "Plan Rows": 2573491,
                    "Plan Width": 4,
                    "Actual Startup Time": 0.017,
                    "Actual Total Time": 203.033,
                    "Actual Rows": 2180084,
                    "Actual Loops": 2,
                    "Filter": "(keyword_id > 117)",
                    "Rows Removed by Filter": 81880
                  },
                  {
                    "Node Type": "Hash",
                    "Parent Relationship": "Inner",
                    "Parallel Aware": true,
                    "Startup Cost": 89344.99,
                    "Total Cost": 89344.99,
                    "Plan Rows": 723684,
                    "Plan Width": 8,
                    "Actual Startup Time": 887.184,
                    "Actual Total Time": 888.529,
                    "Actual Rows": 632894,
                    "Actual Loops": 2,
                    "Hash Buckets": 2097152,
                    "Original Hash Buckets": 2097152,
                    "Hash Batches": 1,
                    "Original Hash Batches": 1,
                    "Peak Memory Usage": 65920,
                    "Plans": [
                      {
                        "Node Type": "Hash Join",
                        "Parent Relationship": "Outer",
                        "Parallel Aware": true,
                        "Join Type": "Inner",
                        "Startup Cost": 71161.2,
                        "Total Cost": 89344.99,
                        "Plan Rows": 723684,
                        "Plan Width": 8,
                        "Actual Startup Time": 526.85,
                        "Actual Total Time": 749.931,
                        "Actual Rows": 632894,
                        "Actual Loops": 2,
                        "Inner Unique": true,
                        "Hash Cond": "(mi_idx.movie_id = t.id)",
                        "Plans": [
                          {
                            "Node Type": "Seq Scan",
                            "Parent Relationship": "Outer",
                            "Parallel Aware": true,
                            "Relation Name": "movie_info_idx",
                            "Alias": "mi_idx",
                            "Startup Cost": 0.0,
                            "Total Cost": 16052.85,
                            "Plan Rows": 811785,
                            "Plan Width": 4,
                            "Actual Startup Time": 0.024,
                            "Actual Total Time": 50.348,
                            "Actual Rows": 690018,
                            "Actual Loops": 2
                          },
                          {
                            "Node Type": "Hash",
                            "Parent Relationship": "Inner",
                            "Parallel Aware": true,
                            "Startup Cost": 54588.39,
                            "Total Cost": 54588.39,
                            "Plan Rows": 1325825,
                            "Plan Width": 4,
                            "Actual Startup Time": 513.285,
                            "Actual Total Time": 513.286,
                            "Actual Rows": 1122297,
                            "Actual Loops": 2,
                            "Hash Buckets": 4194304,
                            "Original Hash Buckets": 4194304,
                            "Hash Batches": 1,
                            "Original Hash Batches": 1,
                            "Peak Memory Usage": 120608,
                            "Plans": [
                              {
                                "Node Type": "Seq Scan",
                                "Parent Relationship": "Outer",
                                "Parallel Aware": true,
                                "Relation Name": "title",
                                "Alias": "t",
                                "Startup Cost": 0.0,
                                "Total Cost": 54588.39,
                                "Plan Rows": 1325825,
                                "Plan Width": 4,
                                "Actual Startup Time": 0.03,
                                "Actual Total Time": 181.665,
                                "Actual Rows": 1122297,
                                "Actual Loops": 2,
                                "Filter": "(production_year > 1956)",
                                "Rows Removed by Filter": 141859
                              }
                            ]
                          }
                        ]
                      }
                    ]
                  }
                ]
              }
            ]
          }
        ]
      }
    ]
  },
  "Planning Time": 0.849,
  "Triggers": [],
  "Execution Time": 1802.908
}