[
  {
    "Plan": {
      "Node Type": "Aggregate",
      "Strategy": "Plain",
      "Partial Mode": "Finalize",
      "Parallel Aware": false,
      "Startup Cost": 31874.77,
      "Total Cost": 31874.78,
      "Plan Rows": 1,
      "Plan Width": 8,
      "Actual Startup Time": 124.499,
      "Actual Total Time": 132.387,
      "Actual Rows": 1,
      "Actual Loops": 1,
      "Plans": [
        {
          "Node Type": "Gather",
          "Parent Relationship": "Outer",
          "Parallel Aware": false,
          "Startup Cost": 31874.45,
          "Total Cost": 31874.76,
          "Plan Rows": 3,
          "Plan Width": 8,
          "Actual Startup Time": 124.332,
          "Actual Total Time": 132.376,
          "Actual Rows": 4,
          "Actual Loops": 1,
          "Workers Planned": 3,
          "Workers Launched": 3,
          "Single Copy": false,
          "Plans": [
            {
              "Node Type": "Aggregate",
              "Strategy": "Plain",
              "Partial Mode": "Partial",
              "Parent Relationship": "Outer",
              "Parallel Aware": false,
              "Startup Cost": 30874.45,
              "Total Cost": 30874.46,
              "Plan Rows": 1,
              "Plan Width": 8,
              "Actual Startup Time": 116.412,
              "Actual Total Time": 116.413,
              "Actual Rows": 1,
              "Actual Loops": 4,
              "Plans": [
                {
                  "Node Type": "Seq Scan",
                  "Parent Relationship": "Outer",
                  "Parallel Aware": true,
                  "Relation Name": "movie_companies",
                  "Alias": "mc",
                  "Startup Cost": 0.0,
                  "Total Cost": 29310.68,
                  "Plan Rows": 625509,
                  "Plan Width": 0,
                  "Actual Startup Time": 0.032,
                  "Actual Total Time": 88.891,
                  "Actual Rows": 486305,
                  "Actual Loops": 4,
                  "Filter": "(company_id < 51792)",
                  "Rows Removed by Filter": 165977
                }
              ]
            }
          ]
        }
      ]
    },
    "Planning Time": 0.191,
    "Triggers": [],
    "Execution Time": 132.449
  }
]