{
  "Plan": {
    "Node Type": "Aggregate",
    "Strategy": "Plain",
    "Partial Mode": "Finalize",
    "Parallel Aware": false,
    "Startup Cost": 244074.24,
    "Total Cost": 244074.25,
    "Plan Rows": 1,
    "Plan Width": 8,
    "Actual Startup Time": 729.919,
    "Actual Total Time": 749.406,
    "Actual Rows": 1,
    "Actual Loops": 1,
    "Plans": [
      {
        "Node Type": "Gather",
        "Parent Relationship": "Outer",
        "Parallel Aware": false,
        "Startup Cost": 244074.13,
        "Total Cost": 244074.24,
        "Plan Rows": 1,
        "Plan Width": 8,
        "Actual Startup Time": 728.176,
        "Actual Total Time": 749.399,
        "Actual Rows": 2,
        "Actual Loops": 1,
        "Workers Planned": 1,
        "Workers Launched": 1,
        "Single Copy": false,
        "Plans": [
          {
            "Node Type": "Aggregate",
            "Strategy": "Plain",
            "Partial Mode": "Partial",
            "Parent Relationship": "Outer",
            "Parallel Aware": false,
            "Startup Cost": 243074.13,
            "Total Cost": 243074.14,
            "Plan Rows": 1,
            "Plan Width": 8,
            "Actual Startup Time": 722.003,
            "Actual Total Time": 722.006,
            "Actual Rows": 1,
            "Actual Loops": 2,
            "Plans": [
              {
                "Node Type": "Nested Loop",
                "Parent Relationship": "Outer",
                "Parallel Aware": false,
                "Join Type": "Inner",
                "Startup Cost": 63855.5,
                "Total Cost": 242449.04,
                "Plan Rows": 250037,
                "Plan Width": 0,
                "Actual Startup Time": 265.82,
                "Actual Total Time": 707.396,
                "Actual Rows": 321000,
                "Actual Loops": 2,
                "Inner Unique": false,
                "Join Filter": "(t.id = mc.movie_id)",
                "Rows Removed by Join Filter": 0,
                "Plans": [
                  {
                    "Node Type": "Hash Join",
                    "Parent Relationship": "Outer",
                    "Parallel Aware": true,
                    "Join Type": "Inner",
                    "Startup Cost": 63855.07,
                    "Total Cost": 82038.86,
                    "Plan Rows": 242291,
                    "Plan Width": 8,
                    "Actual Startup Time": 265.759,
                    "Actual Total Time": 429.205,
                    "Actual Rows": 128314,
                    "Actual Loops": 2,
                    "Inner Unique": true,
                    "Hash Cond": "(mi_idx.movie_id = t.id)",
                    "Plans": [
                      {
                        "Node Type": "Seq Scan",
                        "Parent Relationship": "Outer",
                        "Parallel Aware": true,
                        "Relation Name": "movie_info_idx",
                        "Alias": "mi_idx",
                        "Startup Cost": 0.0,
                        "Total Cost": 16052.85,
                        "Plan Rows": 811785,
                        "Plan Width": 4,
                        "Actual Startup Time": 0.018,
                        "Actual Total Time": 48.011,
                        "Actual Rows": 690018,
                        "Actual Loops": 2
                      },
                      {
                        "Node Type": "Hash",
                        "Parent Relationship": "Inner",
                        "Parallel Aware": true,
                        "Startup Cost": 58306.47,
                        "Total Cost": 58306.47,
                        "Plan Rows": 443888,
                        "Plan Width": 4,
                        "Actual Startup Time": 256.995,
                        "Actual Total Time": 256.996,
                        "Actual Rows": 398319,
                        "Actual Loops": 2,
                        "Hash Buckets": 1048576,
                        "Original Hash Buckets": 1048576,
                        "Hash Batches": 1,
                        "Original Hash Batches": 1,
                        "Peak Memory Usage": 39392,
                        "Plans": [
                          {
                            "Node Type": "Seq Scan",
                            "Parent Relationship": "Outer",
                            "Parallel Aware": true,
                            "Relation Name": "title",
                            "Alias": "t",
                            "Startup Cost": 0.0,
                            "Total Cost": 58306.47,
                            "Plan Rows": 443888,
                            "Plan Width": 4,
                            "Actual Startup Time": 0.027,
                            "Actual Total Time": 159.088,
                            "Actual Rows": 398319,
                            "Actual Loops": 2,
                            "Filter": "((kind_id > 1) AND (production_year > 2005))",
                            "Rows Removed by Filter": 865837
                          }
                        ]
                      }
                    ]
                  },
                  {
                    "Node Type": "Index Only Scan",
                    "Parent Relationship": "Inner",
                    "Parallel Aware": false,
                    "Scan Direction": "Forward",
                    "Index Name": "movie_id_movie_companies",
                    "Relation Name": "movie_companies",
                    "Alias": "mc",
                    "Startup Cost": 0.43,
                    "Total Cost": 0.6,
                    "Plan Rows": 5,
                    "Plan Width": 4,
                    "Actual Startup Time": 0.001,
                    "Actual Total Time": 0.002,
                    "Actual Rows": 3,
                    "Actual Loops": 256629,
                    "Index Cond": "(movie_id = mi_idx.movie_id)",
                    "Rows Removed by Index Recheck": 0,
                    "Heap Fetches": 642000
                  }
                ]
              }
            ]
          }
        ]
      }
    ]
  },
  "Planning Time": 1.15,
  "Triggers": [],
  "Execution Time": 749.486
}