[
    {
        "Bao": {
            "Bao prediction": 487.161,
            "Bao recommended hint": "(no hint)"
        }
    },
    {
        "Plan": {
            "Node Type": "Aggregate",
            "Strategy": "Plain",
            "Partial Mode": "Finalize",
            "Parallel Aware": false,
            "Startup Cost": 333937.82,
            "Total Cost": 333937.83,
            "Plan Rows": 1,
            "Plan Width": 8,
            "Actual Startup Time": 629.001,
            "Actual Total Time": 656.308,
            "Actual Rows": 1,
            "Actual Loops": 1,
            "Output": [
                "count(*)"
            ],
            "Plans": [
                {
                    "Node Type": "Gather",
                    "Parent Relationship": "Outer",
                    "Parallel Aware": false,
                    "Startup Cost": 333937.19,
                    "Total Cost": 333937.8,
                    "Plan Rows": 6,
                    "Plan Width": 8,
                    "Actual Startup Time": 628.896,
                    "Actual Total Time": 656.29,
                    "Actual Rows": 7,
                    "Actual Loops": 1,
                    "Output": [
                        "(PARTIAL count(*))"
                    ],
                    "Workers Planned": 6,
                    "Workers Launched": 6,
                    "Single Copy": false,
                    "Plans": [
                        {
                            "Node Type": "Aggregate",
                            "Strategy": "Plain",
                            "Partial Mode": "Partial",
                            "Parent Relationship": "Outer",
                            "Parallel Aware": false,
                            "Startup Cost": 332937.19,
                            "Total Cost": 332937.2,
                            "Plan Rows": 1,
                            "Plan Width": 8,
                            "Actual Startup Time": 619.73,
                            "Actual Total Time": 619.73,
                            "Actual Rows": 1,
                            "Actual Loops": 7,
                            "Output": [
                                "PARTIAL count(*)"
                            ],
                            "Workers": [
                                {
                                    "Worker Number": 0,
                                    "Actual Startup Time": 617.681,
                                    "Actual Total Time": 617.682,
                                    "Actual Rows": 1,
                                    "Actual Loops": 1
                                },
                                {
                                    "Worker Number": 1,
                                    "Actual Startup Time": 617.972,
                                    "Actual Total Time": 617.973,
                                    "Actual Rows": 1,
                                    "Actual Loops": 1
                                },
                                {
                                    "Worker Number": 2,
                                    "Actual Startup Time": 618.168,
                                    "Actual Total Time": 618.168,
                                    "Actual Rows": 1,
                                    "Actual Loops": 1
                                },
                                {
                                    "Worker Number": 3,
                                    "Actual Startup Time": 618.546,
                                    "Actual Total Time": 618.547,
                                    "Actual Rows": 1,
                                    "Actual Loops": 1
                                },
                                {
                                    "Worker Number": 4,
                                    "Actual Startup Time": 618.668,
                                    "Actual Total Time": 618.669,
                                    "Actual Rows": 1,
                                    "Actual Loops": 1
                                },
                                {
                                    "Worker Number": 5,
                                    "Actual Startup Time": 618.946,
                                    "Actual Total Time": 618.947,
                                    "Actual Rows": 1,
                                    "Actual Loops": 1
                                }
                            ],
                            "Plans": [
                                {
                                    "Node Type": "Seq Scan",
                                    "Parent Relationship": "Outer",
                                    "Parallel Aware": true,
                                    "Relation Name": "cast_info",
                                    "Schema": "public",
                                    "Alias": "ci",
                                    "Startup Cost": 0.0,
                                    "Total Cost": 328213.62,
                                    "Plan Rows": 1889430,
                                    "Plan Width": 0,
                                    "Actual Startup Time": 270.752,
                                    "Actual Total Time": 545.531,
                                    "Actual Rows": 1631825,
                                    "Actual Loops": 7,
                                    "Output": [
                                        "id",
                                        "person_id",
                                        "movie_id",
                                        "person_role_id",
                                        "note",
                                        "nr_order",
                                        "role_id"
                                    ],
                                    "Filter": "(ci.person_id > 2556337)",
                                    "Rows Removed by Filter": 3545939,
                                    "Workers": [
                                        {
                                            "Worker Number": 0,
                                            "Actual Startup Time": 268.717,
                                            "Actual Total Time": 542.582,
                                            "Actual Rows": 1133284,
                                            "Actual Loops": 1
                                        },
                                        {
                                            "Worker Number": 1,
                                            "Actual Startup Time": 268.986,
                                            "Actual Total Time": 547.351,
                                            "Actual Rows": 1731493,
                                            "Actual Loops": 1
                                        },
                                        {
                                            "Worker Number": 2,
                                            "Actual Startup Time": 269.189,
                                            "Actual Total Time": 545.011,
                                            "Actual Rows": 1684842,
                                            "Actual Loops": 1
                                        },
                                        {
                                            "Worker Number": 3,
                                            "Actual Startup Time": 269.573,
                                            "Actual Total Time": 548.054,
                                            "Actual Rows": 1726349,
                                            "Actual Loops": 1
                                        },
                                        {
                                            "Worker Number": 4,
                                            "Actual Startup Time": 269.696,
                                            "Actual Total Time": 548.356,
                                            "Actual Rows": 1726670,
                                            "Actual Loops": 1
                                        },
                                        {
                                            "Worker Number": 5,
                                            "Actual Startup Time": 269.963,
                                            "Actual Total Time": 543.64,
                                            "Actual Rows": 1133999,
                                            "Actual Loops": 1
                                        }
                                    ]
                                }
                            ]
                        }
                    ]
                }
            ]
        },
        "Planning Time": 505.54,
        "Triggers": [],
        "Execution Time": 656.389
    }
]