[
  {
    "Plan": {
      "Node Type": "Aggregate",
      "Strategy": "Plain",
      "Partial Mode": "Finalize",
      "Parallel Aware": false,
      "Startup Cost": 362252.83,
      "Total Cost": 362252.84,
      "Plan Rows": 1,
      "Plan Width": 8,
      "Actual Startup Time": 432.18,
      "Actual Total Time": 453.454,
      "Actual Rows": 1,
      "Actual Loops": 1,
      "Plans": [
        {
          "Node Type": "Gather",
          "Parent Relationship": "Outer",
          "Parallel Aware": false,
          "Startup Cost": 362252.31,
          "Total Cost": 362252.82,
          "Plan Rows": 5,
          "Plan Width": 8,
          "Actual Startup Time": 429.384,
          "Actual Total Time": 453.443,
          "Actual Rows": 6,
          "Actual Loops": 1,
          "Workers Planned": 5,
          "Workers Launched": 5,
          "Single Copy": false,
          "Plans": [
            {
              "Node Type": "Aggregate",
              "Strategy": "Plain",
              "Partial Mode": "Partial",
              "Parent Relationship": "Outer",
              "Parallel Aware": false,
              "Startup Cost": 361252.31,
              "Total Cost": 361252.32,
              "Plan Rows": 1,
              "Plan Width": 8,
              "Actual Startup Time": 420.075,
              "Actual Total Time": 420.08,
              "Actual Rows": 1,
              "Actual Loops": 6,
              "Plans": [
                {
                  "Node Type": "Nested Loop",
                  "Parent Relationship": "Outer",
                  "Parallel Aware": false,
                  "Join Type": "Inner",
                  "Startup Cost": 54985.01,
                  "Total Cost": 361156.89,
                  "Plan Rows": 38165,
                  "Plan Width": 0,
                  "Actual Startup Time": 160.269,
                  "Actual Total Time": 404.617,
                  "Actual Rows": 342816,
                  "Actual Loops": 6,
                  "Inner Unique": false,
                  "Plans": [
                    {
                      "Node Type": "Hash Join",
                      "Parent Relationship": "Outer",
                      "Parallel Aware": true,
                      "Join Type": "Inner",
                      "Startup Cost": 54984.57,
                      "Total Cost": 319049.06,
                      "Plan Rows": 21330,
                      "Plan Width": 8,
                      "Actual Startup Time": 160.009,
                      "Actual Total Time": 201.469,
                      "Actual Rows": 23120,
                      "Actual Loops": 6,
                      "Inner Unique": true,
                      "Hash Cond": "(ci.movie_id = t.id)",
                      "Plans": [
                        {
                          "Node Type": "Bitmap Heap Scan",
                          "Parent Relationship": "Outer",
                          "Parallel Aware": true,
                          "Relation Name": "cast_info",
                          "Alias": "ci",
                          "Startup Cost": 9022.22,
                          "Total Cost": 272872.25,
                          "Plan Rows": 81694,
                          "Plan Width": 4,
                          "Actual Startup Time": 22.558,
                          "Actual Total Time": 33.581,
                          "Actual Rows": 71779,
                          "Actual Loops": 6,
                          "Recheck Cond": "(person_id < 48656)",
                          "Rows Removed by Index Recheck": 0,
                          "Exact Heap Blocks": 903,
                          "Lossy Heap Blocks": 0,
                          "Plans": [
                            {
                              "Node Type": "Bitmap Index Scan",
                              "Parent Relationship": "Outer",
                              "Parallel Aware": false,
                              "Index Name": "person_id_cast_info",
                              "Startup Cost": 0.0,
                              "Total Cost": 8920.1,
                              "Plan Rows": 408471,
                              "Plan Width": 0,
                              "Actual Startup Time": 21.51,
                              "Actual Total Time": 21.511,
                              "Actual Rows": 430676,
                              "Actual Loops": 1,
                              "Index Cond": "(person_id < 48656)"
                            }
                          ]
                        },
                        {
                          "Node Type": "Hash",
                          "Parent Relationship": "Inner",
                          "Parallel Aware": true,
                          "Startup Cost": 43899.32,
                          "Total Cost": 43899.32,
                          "Plan Rows": 165043,
                          "Plan Width": 4,
                          "Actual Startup Time": 134.11,
                          "Actual Total Time": 134.111,
                          "Actual Rows": 110471,
                          "Actual Loops": 6,
                          "Hash Buckets": 1048576,
                          "Original Hash Buckets": 1048576,
                          "Hash Batches": 1,
                          "Original Hash Batches": 1,
                          "Peak Memory Usage": 34240,
                          "Plans": [
                            {
                              "Node Type": "Seq Scan",
                              "Parent Relationship": "Outer",
                              "Parallel Aware": true,
                              "Relation Name": "title",
                              "Alias": "t",
                              "Startup Cost": 0.0,
                              "Total Cost": 43899.32,
                              "Plan Rows": 165043,
                              "Plan Width": 4,
                              "Actual Startup Time": 45.388,
                              "Actual Total Time": 87.384,
                              "Actual Rows": 110471,
                              "Actual Loops": 6,
                              "Filter": "(kind_id = 1)",
                              "Rows Removed by Filter": 310914
                            }
                          ]
                        }
                      ]
                    },
                    {
                      "Node Type": "Index Only Scan",
                      "Parent Relationship": "Inner",
                      "Parallel Aware": false,
                      "Scan Direction": "Forward",
                      "Index Name": "movie_id_movie_keyword",
                      "Relation Name": "movie_keyword",
                      "Alias": "mk",
                      "Startup Cost": 0.43,
                      "Total Cost": 1.51,
                      "Plan Rows": 46,
                      "Plan Width": 4,
                      "Actual Startup Time": 0.005,
                      "Actual Total Time": 0.008,
                      "Actual Rows": 15,
                      "Actual Loops": 138721,
                      "Index Cond": "(movie_id = t.id)",
                      "Rows Removed by Index Recheck": 0,
                      "Heap Fetches": 2056897
                    }
                  ]
                }
              ]
            }
          ]
        }
      ]
    },
    "Planning Time": 1.035,
    "Triggers": [],
    "Execution Time": 453.542
  }
]