{
    "Plan": {
        "Node Type": "Aggregate",
        "Strategy": "Plain",
        "Partial Mode": "Finalize",
        "Parallel Aware": false,
        "Startup Cost": 78090.49,
        "Total Cost": 78090.5,
        "Plan Rows": 1,
        "Plan Width": 8,
        "Actual Startup Time": 245.804,
        "Actual Total Time": 259.713,
        "Actual Rows": 1,
        "Actual Loops": 1,
        "Output": [
            "count(*)"
        ],
        "Plans": [
            {
                "Node Type": "Gather",
                "Parent Relationship": "Outer",
                "Parallel Aware": false,
                "Startup Cost": 78090.17,
                "Total Cost": 78090.48,
                "Plan Rows": 3,
                "Plan Width": 8,
                "Actual Startup Time": 244.741,
                "Actual Total Time": 259.703,
                "Actual Rows": 4,
                "Actual Loops": 1,
                "Output": [
                    "(PARTIAL count(*))"
                ],
                "Workers Planned": 3,
                "Workers Launched": 3,
                "Single Copy": false,
                "Plans": [
                    {
                        "Node Type": "Aggregate",
                        "Strategy": "Plain",
                        "Partial Mode": "Partial",
                        "Parent Relationship": "Outer",
                        "Parallel Aware": false,
                        "Startup Cost": 77090.17,
                        "Total Cost": 77090.18,
                        "Plan Rows": 1,
                        "Plan Width": 8,
                        "Actual Startup Time": 236.108,
                        "Actual Total Time": 236.111,
                        "Actual Rows": 1,
                        "Actual Loops": 4,
                        "Output": [
                            "PARTIAL count(*)"
                        ],
                        "Workers": [
                            {
                                "Worker Number": 0,
                                "Actual Startup Time": 233.502,
                                "Actual Total Time": 233.504,
                                "Actual Rows": 1,
                                "Actual Loops": 1
                            },
                            {
                                "Worker Number": 1,
                                "Actual Startup Time": 233.434,
                                "Actual Total Time": 233.437,
                                "Actual Rows": 1,
                                "Actual Loops": 1
                            },
                            {
                                "Worker Number": 2,
                                "Actual Startup Time": 233.468,
                                "Actual Total Time": 233.471,
                                "Actual Rows": 1,
                                "Actual Loops": 1
                            }
                        ],
                        "Plans": [
                            {
                                "Node Type": "Hash Join",
                                "Parent Relationship": "Outer",
                                "Parallel Aware": true,
                                "Join Type": "Inner",
                                "Startup Cost": 44791.86,
                                "Total Cost": 77004.33,
                                "Plan Rows": 34338,
                                "Plan Width": 0,
                                "Actual Startup Time": 123.344,
                                "Actual Total Time": 233.196,
                                "Actual Rows": 71700,
                                "Actual Loops": 4,
                                "Inner Unique": true,
                                "Hash Cond": "(mc.movie_id = t.id)",
                                "Workers": [
                                    {
                                        "Worker Number": 0,
                                        "Actual Startup Time": 120.773,
                                        "Actual Total Time": 230.608,
                                        "Actual Rows": 71658,
                                        "Actual Loops": 1
                                    },
                                    {
                                        "Worker Number": 1,
                                        "Actual Startup Time": 120.724,
                                        "Actual Total Time": 230.539,
                                        "Actual Rows": 71069,
                                        "Actual Loops": 1
                                    },
                                    {
                                        "Worker Number": 2,
                                        "Actual Startup Time": 120.587,
                                        "Actual Total Time": 230.563,
                                        "Actual Rows": 71119,
                                        "Actual Loops": 1
                                    }
                                ],
                                "Plans": [
                                    {
                                        "Node Type": "Seq Scan",
                                        "Parent Relationship": "Outer",
                                        "Parallel Aware": true,
                                        "Relation Name": "movie_companies",
                                        "Schema": "public",
                                        "Alias": "mc",
                                        "Startup Cost": 0.0,
                                        "Total Cost": 31414.82,
                                        "Plan Rows": 303868,
                                        "Plan Width": 4,
                                        "Actual Startup Time": 0.02,
                                        "Actual Total Time": 64.729,
                                        "Actual Rows": 311188,
                                        "Actual Loops": 4,
                                        "Output": [
                                            "mc.id",
                                            "mc.movie_id",
                                            "mc.company_id",
                                            "mc.company_type_id",
                                            "mc.note"
                                        ],
                                        "Filter": "((mc.company_id < 48041) AND (mc.company_type_id < 2))",
                                        "Rows Removed by Filter": 341094,
                                        "Workers": [
                                            {
                                                "Worker Number": 0,
                                                "Actual Startup Time": 0.02,
                                                "Actual Total Time": 65.835,
                                                "Actual Rows": 311188,
                                                "Actual Loops": 1
                                            },
                                            {
                                                "Worker Number": 1,
                                                "Actual Startup Time": 0.031,
                                                "Actual Total Time": 65.627,
                                                "Actual Rows": 307677,
                                                "Actual Loops": 1
                                            },
                                            {
                                                "Worker Number": 2,
                                                "Actual Startup Time": 0.018,
                                                "Actual Total Time": 65.939,
                                                "Actual Rows": 310674,
                                                "Actual Loops": 1
                                            }
                                        ]
                                    },
                                    {
                                        "Node Type": "Hash",
                                        "Parent Relationship": "Inner",
                                        "Parallel Aware": true,
                                        "Startup Cost": 43899.01,
                                        "Total Cost": 43899.01,
                                        "Plan Rows": 71428,
                                        "Plan Width": 4,
                                        "Actual Startup Time": 119.57,
                                        "Actual Total Time": 119.571,
                                        "Actual Rows": 71264,
                                        "Actual Loops": 4,
                                        "Output": [
                                            "t.id"
                                        ],
                                        "Hash Buckets": 524288,
                                        "Original Hash Buckets": 524288,
                                        "Hash Batches": 1,
                                        "Original Hash Batches": 1,
                                        "Peak Memory Usage": 15328,
                                        "Workers": [
                                            {
                                                "Worker Number": 0,
                                                "Actual Startup Time": 119.809,
                                                "Actual Total Time": 119.81,
                                                "Actual Rows": 68058,
                                                "Actual Loops": 1
                                            },
                                            {
                                                "Worker Number": 1,
                                                "Actual Startup Time": 119.893,
                                                "Actual Total Time": 119.894,
                                                "Actual Rows": 67507,
                                                "Actual Loops": 1
                                            },
                                            {
                                                "Worker Number": 2,
                                                "Actual Startup Time": 119.91,
                                                "Actual Total Time": 119.911,
                                                "Actual Rows": 68478,
                                                "Actual Loops": 1
                                            }
                                        ],
                                        "Plans": [
                                            {
                                                "Node Type": "Seq Scan",
                                                "Parent Relationship": "Outer",
                                                "Parallel Aware": true,
                                                "Relation Name": "title",
                                                "Schema": "public",
                                                "Alias": "t",
                                                "Startup Cost": 0.0,
                                                "Total Cost": 43899.01,
                                                "Plan Rows": 71428,
                                                "Plan Width": 4,
                                                "Actual Startup Time": 0.065,
                                                "Actual Total Time": 95.047,
                                                "Actual Rows": 71264,
                                                "Actual Loops": 4,
                                                "Output": [
                                                    "t.id"
                                                ],
                                                "Filter": "(t.production_year < 1964)",
                                                "Rows Removed by Filter": 560814,
                                                "Workers": [
                                                    {
                                                        "Worker Number": 0,
                                                        "Actual Startup Time": 0.082,
                                                        "Actual Total Time": 95.442,
                                                        "Actual Rows": 68058,
                                                        "Actual Loops": 1
                                                    },
                                                    {
                                                        "Worker Number": 1,
                                                        "Actual Startup Time": 0.077,
                                                        "Actual Total Time": 95.682,
                                                        "Actual Rows": 67507,
                                                        "Actual Loops": 1
                                                    },
                                                    {
                                                        "Worker Number": 2,
                                                        "Actual Startup Time": 0.081,
                                                        "Actual Total Time": 95.497,
                                                        "Actual Rows": 68478,
                                                        "Actual Loops": 1
                                                    }
                                                ]
                                            }
                                        ]
                                    }
                                ]
                            }
                        ]
                    }
                ]
            }
        ]
    },
    "Planning Time": 0.773,
    "Triggers": [],
    "Execution Time": 259.831
}