[
  {
    "Plan": {
      "Node Type": "Aggregate",
      "Strategy": "Plain",
      "Partial Mode": "Finalize",
      "Parallel Aware": false,
      "Startup Cost": 145388.45,
      "Total Cost": 145388.46,
      "Plan Rows": 1,
      "Plan Width": 8,
      "Actual Startup Time": 115.773,
      "Actual Total Time": 134.763,
      "Actual Rows": 1,
      "Actual Loops": 1,
      "Plans": [
        {
          "Node Type": "Gather",
          "Parent Relationship": "Outer",
          "Parallel Aware": false,
          "Startup Cost": 145388.03,
          "Total Cost": 145388.44,
          "Plan Rows": 4,
          "Plan Width": 8,
          "Actual Startup Time": 115.666,
          "Actual Total Time": 134.756,
          "Actual Rows": 5,
          "Actual Loops": 1,
          "Workers Planned": 4,
          "Workers Launched": 4,
          "Single Copy": false,
          "Plans": [
            {
              "Node Type": "Aggregate",
              "Strategy": "Plain",
              "Partial Mode": "Partial",
              "Parent Relationship": "Outer",
              "Parallel Aware": false,
              "Startup Cost": 144388.03,
              "Total Cost": 144388.04,
              "Plan Rows": 1,
              "Plan Width": 8,
              "Actual Startup Time": 106.432,
              "Actual Total Time": 106.434,
              "Actual Rows": 1,
              "Actual Loops": 5,
              "Plans": [
                {
                  "Node Type": "Nested Loop",
                  "Parent Relationship": "Outer",
                  "Parallel Aware": false,
                  "Join Type": "Inner",
                  "Startup Cost": 0.56,
                  "Total Cost": 144359.34,
                  "Plan Rows": 11474,
                  "Plan Width": 0,
                  "Actual Startup Time": 58.678,
                  "Actual Total Time": 105.931,
                  "Actual Rows": 5425,
                  "Actual Loops": 5,
                  "Inner Unique": false,
                  "Plans": [
                    {
                      "Node Type": "Seq Scan",
                      "Parent Relationship": "Outer",
                      "Parallel Aware": true,
                      "Relation Name": "title",
                      "Alias": "t",
                      "Startup Cost": 0.0,
                      "Total Cost": 43898.92,
                      "Plan Rows": 801,
                      "Plan Width": 4,
                      "Actual Startup Time": 58.572,
                      "Actual Total Time": 78.258,
                      "Actual Rows": 555,
                      "Actual Loops": 5,
                      "Filter": "(production_year = 1928)",
                      "Rows Removed by Filter": 505108
                    },
                    {
                      "Node Type": "Index Only Scan",
                      "Parent Relationship": "Inner",
                      "Parallel Aware": false,
                      "Scan Direction": "Forward",
                      "Index Name": "movie_id_cast_info",
                      "Relation Name": "cast_info",
                      "Alias": "ci",
                      "Startup Cost": 0.56,
                      "Total Cost": 125.05,
                      "Plan Rows": 37,
                      "Plan Width": 4,
                      "Actual Startup Time": 0.013,
                      "Actual Total Time": 0.048,
                      "Actual Rows": 10,
                      "Actual Loops": 2773,
                      "Index Cond": "(movie_id = t.id)",
                      "Rows Removed by Index Recheck": 0,
                      "Heap Fetches": 27126
                    }
                  ]
                }
              ]
            }
          ]
        }
      ]
    },
    "Planning Time": 0.55,
    "Triggers": [],
    "Execution Time": 134.837
  }
]