[
  {
    "Plan": {
      "Node Type": "Aggregate",
      "Strategy": "Plain",
      "Partial Mode": "Finalize",
      "Parallel Aware": false,
      "Startup Cost": 31043.65,
      "Total Cost": 31043.66,
      "Plan Rows": 1,
      "Plan Width": 8,
      "Actual Startup Time": 75.28,
      "Actual Total Time": 84.485,
      "Actual Rows": 1,
      "Actual Loops": 1,
      "Plans": [
        {
          "Node Type": "Gather",
          "Parent Relationship": "Outer",
          "Parallel Aware": false,
          "Startup Cost": 31043.23,
          "Total Cost": 31043.64,
          "Plan Rows": 4,
          "Plan Width": 8,
          "Actual Startup Time": 75.117,
          "Actual Total Time": 84.468,
          "Actual Rows": 5,
          "Actual Loops": 1,
          "Workers Planned": 4,
          "Workers Launched": 4,
          "Single Copy": false,
          "Plans": [
            {
              "Node Type": "Aggregate",
              "Strategy": "Plain",
              "Partial Mode": "Partial",
              "Parent Relationship": "Outer",
              "Parallel Aware": false,
              "Startup Cost": 30043.23,
              "Total Cost": 30043.24,
              "Plan Rows": 1,
              "Plan Width": 8,
              "Actual Startup Time": 67.183,
              "Actual Total Time": 67.185,
              "Actual Rows": 1,
              "Actual Loops": 5,
              "Plans": [
                {
                  "Node Type": "Index Scan",
                  "Parent Relationship": "Outer",
                  "Parallel Aware": true,
                  "Scan Direction": "Forward",
                  "Index Name": "role_id_cast_info",
                  "Relation Name": "cast_info",
                  "Alias": "ci",
                  "Startup Cost": 0.56,
                  "Total Cost": 29878.05,
                  "Plan Rows": 66070,
                  "Plan Width": 0,
                  "Actual Startup Time": 0.223,
                  "Actual Total Time": 65.311,
                  "Actual Rows": 22851,
                  "Actual Loops": 5,
                  "Index Cond": "(role_id = 9)",
                  "Rows Removed by Index Recheck": 0,
                  "Filter": "(person_id < 883998)",
                  "Rows Removed by Filter": 195861
                }
              ]
            }
          ]
        }
      ]
    },
    "Planning Time": 0.148,
    "Triggers": [],
    "Execution Time": 84.53
  }
]