[
  {
    "Plan": {
      "Node Type": "Aggregate",
      "Strategy": "Plain",
      "Partial Mode": "Finalize",
      "Parallel Aware": false,
      "Startup Cost": 60149.5,
      "Total Cost": 60149.51,
      "Plan Rows": 1,
      "Plan Width": 8,
      "Actual Startup Time": 267.465,
      "Actual Total Time": 293.319,
      "Actual Rows": 1,
      "Actual Loops": 1,
      "Plans": [
        {
          "Node Type": "Gather",
          "Parent Relationship": "Outer",
          "Parallel Aware": false,
          "Startup Cost": 60149.29,
          "Total Cost": 60149.5,
          "Plan Rows": 2,
          "Plan Width": 8,
          "Actual Startup Time": 267.205,
          "Actual Total Time": 293.305,
          "Actual Rows": 3,
          "Actual Loops": 1,
          "Workers Planned": 2,
          "Workers Launched": 2,
          "Single Copy": false,
          "Plans": [
            {
              "Node Type": "Aggregate",
              "Strategy": "Plain",
              "Partial Mode": "Partial",
              "Parent Relationship": "Outer",
              "Parallel Aware": false,
              "Startup Cost": 59149.29,
              "Total Cost": 59149.3,
              "Plan Rows": 1,
              "Plan Width": 8,
              "Actual Startup Time": 259.714,
              "Actual Total Time": 259.719,
              "Actual Rows": 1,
              "Actual Loops": 3,
              "Plans": [
                {
                  "Node Type": "Hash Join",
                  "Parent Relationship": "Outer",
                  "Parallel Aware": true,
                  "Join Type": "Inner",
                  "Startup Cost": 43946.2,
                  "Total Cost": 59140.76,
                  "Plan Rows": 3412,
                  "Plan Width": 0,
                  "Actual Startup Time": 142.557,
                  "Actual Total Time": 259.353,
                  "Actual Rows": 4041,
                  "Actual Loops": 3,
                  "Inner Unique": true,
                  "Hash Cond": "(mi_idx.movie_id = t.id)",
                  "Plans": [
                    {
                      "Node Type": "Seq Scan",
                      "Parent Relationship": "Outer",
                      "Parallel Aware": true,
                      "Relation Name": "movie_info_idx",
                      "Alias": "mi_idx",
                      "Startup Cost": 0.0,
                      "Total Cost": 13685.15,
                      "Plan Rows": 575015,
                      "Plan Width": 4,
                      "Actual Startup Time": 0.014,
                      "Actual Total Time": 59.486,
                      "Actual Rows": 460012,
                      "Actual Loops": 3
                    },
                    {
                      "Node Type": "Hash",
                      "Parent Relationship": "Inner",
                      "Parallel Aware": true,
                      "Startup Cost": 43899.32,
                      "Total Cost": 43899.32,
                      "Plan Rows": 3750,
                      "Plan Width": 4,
                      "Actual Startup Time": 141.13,
                      "Actual Total Time": 141.132,
                      "Actual Rows": 5163,
                      "Actual Loops": 3,
                      "Hash Buckets": 16384,
                      "Original Hash Buckets": 16384,
                      "Hash Batches": 1,
                      "Original Hash Batches": 1,
                      "Peak Memory Usage": 800,
                      "Plans": [
                        {
                          "Node Type": "Seq Scan",
                          "Parent Relationship": "Outer",
                          "Parallel Aware": true,
                          "Relation Name": "title",
                          "Alias": "t",
                          "Startup Cost": 0.0,
                          "Total Cost": 43899.32,
                          "Plan Rows": 3750,
                          "Plan Width": 4,
                          "Actual Startup Time": 0.115,
                          "Actual Total Time": 137.999,
                          "Actual Rows": 5163,
                          "Actual Loops": 3,
                          "Filter": "(production_year = 1983)",
                          "Rows Removed by Filter": 837608
                        }
                      ]
                    }
                  ]
                }
              ]
            }
          ]
        }
      ]
    },
    "Planning Time": 0.285,
    "Triggers": [],
    "Execution Time": 293.387
  }
]