{
  "Plan": {
    "Node Type": "Aggregate",
    "Strategy": "Plain",
    "Partial Mode": "Finalize",
    "Parallel Aware": false,
    "Startup Cost": 761160.69,
    "Total Cost": 761160.7,
    "Plan Rows": 1,
    "Plan Width": 8,
    "Actual Startup Time": 2974.058,
    "Actual Total Time": 3008.216,
    "Actual Rows": 1,
    "Actual Loops": 1,
    "Plans": [
      {
        "Node Type": "Gather",
        "Parent Relationship": "Outer",
        "Parallel Aware": false,
        "Startup Cost": 761160.58,
        "Total Cost": 761160.69,
        "Plan Rows": 1,
        "Plan Width": 8,
        "Actual Startup Time": 2969.19,
        "Actual Total Time": 3008.203,
        "Actual Rows": 2,
        "Actual Loops": 1,
        "Workers Planned": 1,
        "Workers Launched": 1,
        "Single Copy": false,
        "Plans": [
          {
            "Node Type": "Aggregate",
            "Strategy": "Plain",
            "Partial Mode": "Partial",
            "Parent Relationship": "Outer",
            "Parallel Aware": false,
            "Startup Cost": 760160.58,
            "Total Cost": 760160.59,
            "Plan Rows": 1,
            "Plan Width": 8,
            "Actual Startup Time": 2963.016,
            "Actual Total Time": 2963.02,
            "Actual Rows": 1,
            "Actual Loops": 2,
            "Plans": [
              {
                "Node Type": "Merge Join",
                "Parent Relationship": "Outer",
                "Parallel Aware": false,
                "Join Type": "Inner",
                "Startup Cost": 606507.0,
                "Total Cost": 757687.96,
                "Plan Rows": 989045,
                "Plan Width": 0,
                "Actual Startup Time": 2389.569,
                "Actual Total Time": 2934.228,
                "Actual Rows": 704457,
                "Actual Loops": 2,
                "Inner Unique": false,
                "Merge Cond": "(mc.movie_id = t.id)",
                "Plans": [
                  {
                    "Node Type": "Index Only Scan",
                    "Parent Relationship": "Outer",
                    "Parallel Aware": true,
                    "Scan Direction": "Forward",
                    "Index Name": "movie_id_movie_companies",
                    "Relation Name": "movie_companies",
                    "Alias": "mc",
                    "Startup Cost": 0.43,
                    "Total Cost": 129315.97,
                    "Plan Rows": 1534782,
                    "Plan Width": 4,
                    "Actual Startup Time": 0.097,
                    "Actual Total Time": 337.477,
                    "Actual Rows": 1304160,
                    "Actual Loops": 2,
                    "Heap Fetches": 2608320
                  },
                  {
                    "Node Type": "Sort",
                    "Parent Relationship": "Inner",
                    "Parallel Aware": false,
                    "Startup Cost": 606506.41,
                    "Total Cost": 610579.62,
                    "Plan Rows": 1629284,
                    "Plan Width": 8,
                    "Actual Startup Time": 2389.406,
                    "Actual Total Time": 2434.94,
                    "Actual Rows": 1203879,
                    "Actual Loops": 2,
                    "Sort Key": [
                      "mi.movie_id"
                    ],
                    "Sort Method": "quicksort",
                    "Sort Space Used": 61558,
                    "Sort Space Type": "Memory",
                    "Workers": [
                      {
                        "Worker Number": 0,
                        "Sort Method": "quicksort",
                        "Sort Space Used": 61558,
                        "Sort Space Type": "Memory"
                      }
                    ],
                    "Plans": [
                      {
                        "Node Type": "Hash Join",
                        "Parent Relationship": "Outer",
                        "Parallel Aware": false,
                        "Join Type": "Inner",
                        "Startup Cost": 188290.97,
                        "Total Cost": 438398.46,
                        "Plan Rows": 1629284,
                        "Plan Width": 8,
                        "Actual Startup Time": 586.688,
                        "Actual Total Time": 2214.591,
                        "Actual Rows": 788935,
                        "Actual Loops": 2,
                        "Inner Unique": true,
                        "Hash Cond": "(mi.movie_id = t.id)",
                        "Plans": [
                          {
                            "Node Type": "Bitmap Heap Scan",
                            "Parent Relationship": "Outer",
                            "Parallel Aware": false,
                            "Relation Name": "movie_info",
                            "Alias": "mi",
                            "Startup Cost": 105530.0,
                            "Total Cost": 340344.87,
                            "Plan Rows": 5825750,
                            "Plan Width": 4,
                            "Actual Startup Time": 173.987,
                            "Actual Total Time": 639.388,
                            "Actual Rows": 5884963,
                            "Actual Loops": 2,
                            "Recheck Cond": "(info_type_id < 7)",
                            "Rows Removed by Index Recheck": 0,
                            "Exact Heap Blocks": 39951,
                            "Lossy Heap Blocks": 0,
                            "Plans": [
                              {
                                "Node Type": "Bitmap Index Scan",
                                "Parent Relationship": "Outer",
                                "Parallel Aware": false,
                                "Index Name": "info_type_id_movie_info",
                                "Startup Cost": 0.0,
                                "Total Cost": 104073.56,
                                "Plan Rows": 5825750,
                                "Plan Width": 0,
                                "Actual Startup Time": 168.511,
                                "Actual Total Time": 168.512,
                                "Actual Rows": 5884963,
                                "Actual Loops": 2,
                                "Index Cond": "(info_type_id < 7)"
                              }
                            ]
                          },
                          {
                            "Node Type": "Hash",
                            "Parent Relationship": "Inner",
                            "Parallel Aware": false,
                            "Startup Cost": 73922.39,
                            "Total Cost": 73922.39,
                            "Plan Rows": 707086,
                            "Plan Width": 4,
                            "Actual Startup Time": 405.4,
                            "Actual Total Time": 405.401,
                            "Actual Rows": 594428,
                            "Actual Loops": 2,
                            "Hash Buckets": 1048576,
                            "Original Hash Buckets": 1048576,
                            "Hash Batches": 1,
                            "Original Hash Batches": 1,
                            "Peak Memory Usage": 29090,
                            "Plans": [
                              {
                                "Node Type": "Seq Scan",
                                "Parent Relationship": "Outer",
                                "Parallel Aware": false,
                                "Relation Name": "title",
                                "Alias": "t",
                                "Startup Cost": 0.0,
                                "Total Cost": 73922.39,
                                "Plan Rows": 707086,
                                "Plan Width": 4,
                                "Actual Startup Time": 0.042,
                                "Actual Total Time": 268.99,
                                "Actual Rows": 594428,
                                "Actual Loops": 2,
                                "Filter": "((kind_id > 3) AND (production_year < 2001))",
                                "Rows Removed by Filter": 1933884
                              }
                            ]
                          }
                        ]
                      }
                    ]
                  }
                ]
              }
            ]
          }
        ]
      }
    ]
  },
  "Planning Time": 1.107,
  "Triggers": [],
  "Execution Time": 3018.288
}