[
  {
    "Plan": {
      "Node Type": "Aggregate",
      "Strategy": "Plain",
      "Partial Mode": "Simple",
      "Parallel Aware": false,
      "Startup Cost": 1135.31,
      "Total Cost": 1135.32,
      "Plan Rows": 1,
      "Plan Width": 8,
      "Actual Startup Time": 23.145,
      "Actual Total Time": 23.147,
      "Actual Rows": 1,
      "Actual Loops": 1,
      "Plans": [
        {
          "Node Type": "Nested Loop",
          "Parent Relationship": "Outer",
          "Parallel Aware": false,
          "Join Type": "Inner",
          "Startup Cost": 0.86,
          "Total Cost": 1135.31,
          "Plan Rows": 2,
          "Plan Width": 0,
          "Actual Startup Time": 1.911,
          "Actual Total Time": 23.094,
          "Actual Rows": 128,
          "Actual Loops": 1,
          "Inner Unique": true,
          "Plans": [
            {
              "Node Type": "Index Scan",
              "Parent Relationship": "Outer",
              "Parallel Aware": false,
              "Scan Direction": "Forward",
              "Index Name": "company_id_movie_companies",
              "Relation Name": "movie_companies",
              "Alias": "mc",
              "Startup Cost": 0.43,
              "Total Cost": 273.15,
              "Plan Rows": 102,
              "Plan Width": 4,
              "Actual Startup Time": 0.194,
              "Actual Total Time": 4.201,
              "Actual Rows": 2632,
              "Actual Loops": 1,
              "Index Cond": "(company_id = 17460)",
              "Rows Removed by Index Recheck": 0
            },
            {
              "Node Type": "Index Scan",
              "Parent Relationship": "Inner",
              "Parallel Aware": false,
              "Scan Direction": "Forward",
              "Index Name": "title_pkey",
              "Relation Name": "title",
              "Alias": "t",
              "Startup Cost": 0.43,
              "Total Cost": 8.45,
              "Plan Rows": 1,
              "Plan Width": 4,
              "Actual Startup Time": 0.007,
              "Actual Total Time": 0.007,
              "Actual Rows": 0,
              "Actual Loops": 2632,
              "Index Cond": "(id = mc.movie_id)",
              "Rows Removed by Index Recheck": 0,
              "Filter": "((kind_id < 3) AND (production_year = 2011))",
              "Rows Removed by Filter": 1
            }
          ]
        }
      ]
    },
    "Planning Time": 0.697,
    "Triggers": [],
    "Execution Time": 23.209
  }
]