[
  {
    "Plan": {
      "Node Type": "Aggregate",
      "Strategy": "Plain",
      "Partial Mode": "Finalize",
      "Parallel Aware": false,
      "Startup Cost": 32112.31,
      "Total Cost": 32112.32,
      "Plan Rows": 1,
      "Plan Width": 8,
      "Actual Startup Time": 135.816,
      "Actual Total Time": 143.997,
      "Actual Rows": 1,
      "Actual Loops": 1,
      "Plans": [
        {
          "Node Type": "Gather",
          "Parent Relationship": "Outer",
          "Parallel Aware": false,
          "Startup Cost": 32112.0,
          "Total Cost": 32112.31,
          "Plan Rows": 3,
          "Plan Width": 8,
          "Actual Startup Time": 135.7,
          "Actual Total Time": 143.988,
          "Actual Rows": 4,
          "Actual Loops": 1,
          "Workers Planned": 3,
          "Workers Launched": 3,
          "Single Copy": false,
          "Plans": [
            {
              "Node Type": "Aggregate",
              "Strategy": "Plain",
              "Partial Mode": "Partial",
              "Parent Relationship": "Outer",
              "Parallel Aware": false,
              "Startup Cost": 31112.0,
              "Total Cost": 31112.01,
              "Plan Rows": 1,
              "Plan Width": 8,
              "Actual Startup Time": 128.019,
              "Actual Total Time": 128.02,
              "Actual Rows": 1,
              "Actual Loops": 4,
              "Plans": [
                {
                  "Node Type": "Seq Scan",
                  "Parent Relationship": "Outer",
                  "Parallel Aware": true,
                  "Relation Name": "movie_companies",
                  "Alias": "mc",
                  "Startup Cost": 0.0,
                  "Total Cost": 29310.68,
                  "Plan Rows": 720526,
                  "Plan Width": 0,
                  "Actual Startup Time": 0.047,
                  "Actual Total Time": 95.136,
                  "Actual Rows": 557369,
                  "Actual Loops": 4,
                  "Filter": "(company_id < 84309)",
                  "Rows Removed by Filter": 94914
                }
              ]
            }
          ]
        }
      ]
    },
    "Planning Time": 0.185,
    "Triggers": [],
    "Execution Time": 144.061
  }
]