{
  "Plan": {
    "Node Type": "Aggregate",
    "Strategy": "Plain",
    "Partial Mode": "Finalize",
    "Parallel Aware": false,
    "Startup Cost": 337095.81,
    "Total Cost": 337095.82,
    "Plan Rows": 1,
    "Plan Width": 8,
    "Actual Startup Time": 1228.479,
    "Actual Total Time": 1275.202,
    "Actual Rows": 1,
    "Actual Loops": 1,
    "Plans": [
      {
        "Node Type": "Gather",
        "Parent Relationship": "Outer",
        "Parallel Aware": false,
        "Startup Cost": 337095.7,
        "Total Cost": 337095.81,
        "Plan Rows": 1,
        "Plan Width": 8,
        "Actual Startup Time": 1226.206,
        "Actual Total Time": 1275.193,
        "Actual Rows": 2,
        "Actual Loops": 1,
        "Workers Planned": 1,
        "Workers Launched": 1,
        "Single Copy": false,
        "Plans": [
          {
            "Node Type": "Aggregate",
            "Strategy": "Plain",
            "Partial Mode": "Partial",
            "Parent Relationship": "Outer",
            "Parallel Aware": false,
            "Startup Cost": 336095.7,
            "Total Cost": 336095.71,
            "Plan Rows": 1,
            "Plan Width": 8,
            "Actual Startup Time": 1222.113,
            "Actual Total Time": 1222.117,
            "Actual Rows": 1,
            "Actual Loops": 2,
            "Plans": [
              {
                "Node Type": "Nested Loop",
                "Parent Relationship": "Outer",
                "Parallel Aware": false,
                "Join Type": "Inner",
                "Startup Cost": 71098.87,
                "Total Cost": 335336.59,
                "Plan Rows": 303644,
                "Plan Width": 0,
                "Actual Startup Time": 303.915,
                "Actual Total Time": 1156.332,
                "Actual Rows": 1499382,
                "Actual Loops": 2,
                "Inner Unique": false,
                "Plans": [
                  {
                    "Node Type": "Hash Join",
                    "Parent Relationship": "Outer",
                    "Parallel Aware": true,
                    "Join Type": "Inner",
                    "Startup Cost": 71098.43,
                    "Total Cost": 99322.24,
                    "Plan Rows": 100846,
                    "Plan Width": 8,
                    "Actual Startup Time": 303.848,
                    "Actual Total Time": 434.723,
                    "Actual Rows": 55862,
                    "Actual Loops": 2,
                    "Inner Unique": true,
                    "Hash Cond": "(mk.movie_id = t.id)",
                    "Plans": [
                      {
                        "Node Type": "Bitmap Heap Scan",
                        "Parent Relationship": "Outer",
                        "Parallel Aware": true,
                        "Relation Name": "movie_keyword",
                        "Alias": "mk",
                        "Startup Cost": 8988.22,
                        "Total Cost": 36557.76,
                        "Plan Rows": 249244,
                        "Plan Width": 4,
                        "Actual Startup Time": 27.498,
                        "Actual Total Time": 85.854,
                        "Actual Rows": 219727,
                        "Actual Loops": 2,
                        "Recheck Cond": "(keyword_id < 341)",
                        "Rows Removed by Index Recheck": 0,
                        "Exact Heap Blocks": 13882,
                        "Lossy Heap Blocks": 0,
                        "Plans": [
                          {
                            "Node Type": "Bitmap Index Scan",
                            "Parent Relationship": "Outer",
                            "Parallel Aware": false,
                            "Index Name": "keyword_id_movie_keyword",
                            "Startup Cost": 0.0,
                            "Total Cost": 8882.29,
                            "Plan Rows": 423714,
                            "Plan Width": 0,
                            "Actual Startup Time": 23.895,
                            "Actual Total Time": 23.896,
                            "Actual Rows": 439454,
                            "Actual Loops": 1,
                            "Index Cond": "(keyword_id < 341)"
                          }
                        ]
                      },
                      {
                        "Node Type": "Hash",
                        "Parent Relationship": "Inner",
                        "Parallel Aware": true,
                        "Startup Cost": 54588.39,
                        "Total Cost": 54588.39,
                        "Plan Rows": 601746,
                        "Plan Width": 4,
                        "Actual Startup Time": 269.501,
                        "Actual Total Time": 269.502,
                        "Actual Rows": 506460,
                        "Actual Loops": 2,
                        "Hash Buckets": 1048576,
                        "Original Hash Buckets": 1048576,
                        "Hash Batches": 1,
                        "Original Hash Batches": 1,
                        "Peak Memory Usage": 47840,
                        "Plans": [
                          {
                            "Node Type": "Seq Scan",
                            "Parent Relationship": "Outer",
                            "Parallel Aware": true,
                            "Relation Name": "title",
                            "Alias": "t",
                            "Startup Cost": 0.0,
                            "Total Cost": 54588.39,
                            "Plan Rows": 601746,
                            "Plan Width": 4,
                            "Actual Startup Time": 0.027,
                            "Actual Total Time": 151.689,
                            "Actual Rows": 506460,
                            "Actual Loops": 2,
                            "Filter": "(production_year > 2005)",
                            "Rows Removed by Filter": 757696
                          }
                        ]
                      }
                    ]
                  },
                  {
                    "Node Type": "Index Scan",
                    "Parent Relationship": "Inner",
                    "Parallel Aware": false,
                    "Scan Direction": "Forward",
                    "Index Name": "movie_id_movie_info",
                    "Relation Name": "movie_info",
                    "Alias": "mi",
                    "Startup Cost": 0.43,
                    "Total Cost": 2.12,
                    "Plan Rows": 22,
                    "Plan Width": 4,
                    "Actual Startup Time": 0.003,
                    "Actual Total Time": 0.011,
                    "Actual Rows": 27,
                    "Actual Loops": 111724,
                    "Index Cond": "(movie_id = t.id)",
                    "Rows Removed by Index Recheck": 0,
                    "Filter": "(info_type_id > 7)",
                    "Rows Removed by Filter": 10
                  }
                ]
              }
            ]
          }
        ]
      }
    ]
  },
  "Planning Time": 0.577,
  "Triggers": [],
  "Execution Time": 1275.299
}