{
    "Plan": {
        "Node Type": "Aggregate",
        "Strategy": "Plain",
        "Partial Mode": "Finalize",
        "Parallel Aware": false,
        "Startup Cost": 248944.24,
        "Total Cost": 248944.25,
        "Plan Rows": 1,
        "Plan Width": 8,
        "Actual Startup Time": 630.507,
        "Actual Total Time": 675.479,
        "Actual Rows": 1,
        "Actual Loops": 1,
        "Output": [
            "count(*)"
        ],
        "Plans": [
            {
                "Node Type": "Gather",
                "Parent Relationship": "Outer",
                "Parallel Aware": false,
                "Startup Cost": 248943.72,
                "Total Cost": 248944.23,
                "Plan Rows": 5,
                "Plan Width": 8,
                "Actual Startup Time": 625.829,
                "Actual Total Time": 675.469,
                "Actual Rows": 6,
                "Actual Loops": 1,
                "Output": [
                    "(PARTIAL count(*))"
                ],
                "Workers Planned": 5,
                "Workers Launched": 5,
                "Single Copy": false,
                "Plans": [
                    {
                        "Node Type": "Aggregate",
                        "Strategy": "Plain",
                        "Partial Mode": "Partial",
                        "Parent Relationship": "Outer",
                        "Parallel Aware": false,
                        "Startup Cost": 247943.72,
                        "Total Cost": 247943.73,
                        "Plan Rows": 1,
                        "Plan Width": 8,
                        "Actual Startup Time": 615.429,
                        "Actual Total Time": 615.434,
                        "Actual Rows": 1,
                        "Actual Loops": 6,
                        "Output": [
                            "PARTIAL count(*)"
                        ],
                        "Workers": [
                            {
                                "Worker Number": 0,
                                "Actual Startup Time": 613.471,
                                "Actual Total Time": 613.474,
                                "Actual Rows": 1,
                                "Actual Loops": 1
                            },
                            {
                                "Worker Number": 1,
                                "Actual Startup Time": 613.043,
                                "Actual Total Time": 613.057,
                                "Actual Rows": 1,
                                "Actual Loops": 1
                            },
                            {
                                "Worker Number": 2,
                                "Actual Startup Time": 613.579,
                                "Actual Total Time": 613.582,
                                "Actual Rows": 1,
                                "Actual Loops": 1
                            },
                            {
                                "Worker Number": 3,
                                "Actual Startup Time": 613.828,
                                "Actual Total Time": 613.832,
                                "Actual Rows": 1,
                                "Actual Loops": 1
                            },
                            {
                                "Worker Number": 4,
                                "Actual Startup Time": 613.831,
                                "Actual Total Time": 613.834,
                                "Actual Rows": 1,
                                "Actual Loops": 1
                            }
                        ],
                        "Plans": [
                            {
                                "Node Type": "Hash Join",
                                "Parent Relationship": "Outer",
                                "Parallel Aware": true,
                                "Join Type": "Inner",
                                "Startup Cost": 46862.51,
                                "Total Cost": 247629.25,
                                "Plan Rows": 125790,
                                "Plan Width": 0,
                                "Actual Startup Time": 171.662,
                                "Actual Total Time": 603.689,
                                "Actual Rows": 239122,
                                "Actual Loops": 6,
                                "Inner Unique": true,
                                "Hash Cond": "(mi.movie_id = t.id)",
                                "Workers": [
                                    {
                                        "Worker Number": 0,
                                        "Actual Startup Time": 169.354,
                                        "Actual Total Time": 601.472,
                                        "Actual Rows": 188733,
                                        "Actual Loops": 1
                                    },
                                    {
                                        "Worker Number": 1,
                                        "Actual Startup Time": 169.342,
                                        "Actual Total Time": 600.951,
                                        "Actual Rows": 190707,
                                        "Actual Loops": 1
                                    },
                                    {
                                        "Worker Number": 2,
                                        "Actual Startup Time": 169.912,
                                        "Actual Total Time": 601.736,
                                        "Actual Rows": 185281,
                                        "Actual Loops": 1
                                    },
                                    {
                                        "Worker Number": 3,
                                        "Actual Startup Time": 170.113,
                                        "Actual Total Time": 602.911,
                                        "Actual Rows": 280852,
                                        "Actual Loops": 1
                                    },
                                    {
                                        "Worker Number": 4,
                                        "Actual Startup Time": 170.149,
                                        "Actual Total Time": 603.061,
                                        "Actual Rows": 277491,
                                        "Actual Loops": 1
                                    }
                                ],
                                "Plans": [
                                    {
                                        "Node Type": "Seq Scan",
                                        "Parent Relationship": "Outer",
                                        "Parallel Aware": true,
                                        "Relation Name": "movie_info",
                                        "Schema": "public",
                                        "Alias": "mi",
                                        "Startup Cost": 0.0,
                                        "Total Cost": 198880.74,
                                        "Plan Rows": 718477,
                                        "Plan Width": 4,
                                        "Actual Startup Time": 31.526,
                                        "Actual Total Time": 332.661,
                                        "Actual Rows": 604163,
                                        "Actual Loops": 6,
                                        "Output": [
                                            "mi.id",
                                            "mi.movie_id",
                                            "mi.info_type_id",
                                            "mi.info",
                                            "mi.note"
                                        ],
                                        "Filter": "(mi.info_type_id < 4)",
                                        "Rows Removed by Filter": 1868457,
                                        "Workers": [
                                            {
                                                "Worker Number": 0,
                                                "Actual Startup Time": 31.525,
                                                "Actual Total Time": 337.401,
                                                "Actual Rows": 486411,
                                                "Actual Loops": 1
                                            },
                                            {
                                                "Worker Number": 1,
                                                "Actual Startup Time": 31.53,
                                                "Actual Total Time": 337.455,
                                                "Actual Rows": 485473,
                                                "Actual Loops": 1
                                            },
                                            {
                                                "Worker Number": 2,
                                                "Actual Startup Time": 31.54,
                                                "Actual Total Time": 336.72,
                                                "Actual Rows": 471398,
                                                "Actual Loops": 1
                                            },
                                            {
                                                "Worker Number": 3,
                                                "Actual Startup Time": 31.519,
                                                "Actual Total Time": 331.212,
                                                "Actual Rows": 699939,
                                                "Actual Loops": 1
                                            },
                                            {
                                                "Worker Number": 4,
                                                "Actual Startup Time": 31.533,
                                                "Actual Total Time": 330.545,
                                                "Actual Rows": 694089,
                                                "Actual Loops": 1
                                            }
                                        ]
                                    },
                                    {
                                        "Node Type": "Hash",
                                        "Parent Relationship": "Inner",
                                        "Parallel Aware": true,
                                        "Startup Cost": 45479.21,
                                        "Total Cost": 45479.21,
                                        "Plan Rows": 110664,
                                        "Plan Width": 4,
                                        "Actual Startup Time": 119.571,
                                        "Actual Total Time": 119.574,
                                        "Actual Rows": 78986,
                                        "Actual Loops": 6,
                                        "Output": [
                                            "t.id"
                                        ],
                                        "Hash Buckets": 524288,
                                        "Original Hash Buckets": 524288,
                                        "Hash Batches": 1,
                                        "Original Hash Batches": 1,
                                        "Peak Memory Usage": 22752,
                                        "Workers": [
                                            {
                                                "Worker Number": 0,
                                                "Actual Startup Time": 119.378,
                                                "Actual Total Time": 119.378,
                                                "Actual Rows": 63808,
                                                "Actual Loops": 1
                                            },
                                            {
                                                "Worker Number": 1,
                                                "Actual Startup Time": 119.369,
                                                "Actual Total Time": 119.38,
                                                "Actual Rows": 64044,
                                                "Actual Loops": 1
                                            },
                                            {
                                                "Worker Number": 2,
                                                "Actual Startup Time": 119.824,
                                                "Actual Total Time": 119.825,
                                                "Actual Rows": 62724,
                                                "Actual Loops": 1
                                            },
                                            {
                                                "Worker Number": 3,
                                                "Actual Startup Time": 120.005,
                                                "Actual Total Time": 120.006,
                                                "Actual Rows": 89348,
                                                "Actual Loops": 1
                                            },
                                            {
                                                "Worker Number": 4,
                                                "Actual Startup Time": 120.104,
                                                "Actual Total Time": 120.105,
                                                "Actual Rows": 87687,
                                                "Actual Loops": 1
                                            }
                                        ],
                                        "Plans": [
                                            {
                                                "Node Type": "Seq Scan",
                                                "Parent Relationship": "Outer",
                                                "Parallel Aware": true,
                                                "Relation Name": "title",
                                                "Schema": "public",
                                                "Alias": "t",
                                                "Startup Cost": 0.0,
                                                "Total Cost": 45479.21,
                                                "Plan Rows": 110664,
                                                "Plan Width": 4,
                                                "Actual Startup Time": 52.169,
                                                "Actual Total Time": 86.675,
                                                "Actual Rows": 78986,
                                                "Actual Loops": 6,
                                                "Output": [
                                                    "t.id"
                                                ],
                                                "Filter": "((t.production_year < 2008) AND (t.kind_id = 1))",
                                                "Rows Removed by Filter": 342399,
                                                "Workers": [
                                                    {
                                                        "Worker Number": 0,
                                                        "Actual Startup Time": 52.372,
                                                        "Actual Total Time": 87.443,
                                                        "Actual Rows": 63808,
                                                        "Actual Loops": 1
                                                    },
                                                    {
                                                        "Worker Number": 1,
                                                        "Actual Startup Time": 52.027,
                                                        "Actual Total Time": 87.717,
                                                        "Actual Rows": 64044,
                                                        "Actual Loops": 1
                                                    },
                                                    {
                                                        "Worker Number": 2,
                                                        "Actual Startup Time": 52.247,
                                                        "Actual Total Time": 87.998,
                                                        "Actual Rows": 62724,
                                                        "Actual Loops": 1
                                                    },
                                                    {
                                                        "Worker Number": 3,
                                                        "Actual Startup Time": 51.992,
                                                        "Actual Total Time": 86.672,
                                                        "Actual Rows": 89348,
                                                        "Actual Loops": 1
                                                    },
                                                    {
                                                        "Worker Number": 4,
                                                        "Actual Startup Time": 52.168,
                                                        "Actual Total Time": 86.693,
                                                        "Actual Rows": 87687,
                                                        "Actual Loops": 1
                                                    }
                                                ]
                                            }
                                        ]
                                    }
                                ]
                            }
                        ]
                    }
                ]
            }
        ]
    },
    "Planning Time": 0.767,
    "Triggers": [],
    "Execution Time": 675.568
}