[
  {
    "Plan": {
      "Node Type": "Aggregate",
      "Strategy": "Plain",
      "Partial Mode": "Finalize",
      "Parallel Aware": false,
      "Startup Cost": 45096.8,
      "Total Cost": 45096.81,
      "Plan Rows": 1,
      "Plan Width": 8,
      "Actual Startup Time": 177.753,
      "Actual Total Time": 185.819,
      "Actual Rows": 1,
      "Actual Loops": 1,
      "Plans": [
        {
          "Node Type": "Gather",
          "Parent Relationship": "Outer",
          "Parallel Aware": false,
          "Startup Cost": 45096.49,
          "Total Cost": 45096.8,
          "Plan Rows": 3,
          "Plan Width": 8,
          "Actual Startup Time": 177.515,
          "Actual Total Time": 185.809,
          "Actual Rows": 4,
          "Actual Loops": 1,
          "Workers Planned": 3,
          "Workers Launched": 3,
          "Single Copy": false,
          "Plans": [
            {
              "Node Type": "Aggregate",
              "Strategy": "Plain",
              "Partial Mode": "Partial",
              "Parent Relationship": "Outer",
              "Parallel Aware": false,
              "Startup Cost": 44096.49,
              "Total Cost": 44096.5,
              "Plan Rows": 1,
              "Plan Width": 8,
              "Actual Startup Time": 169.18,
              "Actual Total Time": 169.181,
              "Actual Rows": 1,
              "Actual Loops": 4,
              "Plans": [
                {
                  "Node Type": "Seq Scan",
                  "Parent Relationship": "Outer",
                  "Parallel Aware": true,
                  "Relation Name": "movie_keyword",
                  "Alias": "mk",
                  "Startup Cost": 0.0,
                  "Total Cost": 42695.65,
                  "Plan Rows": 560333,
                  "Plan Width": 0,
                  "Actual Startup Time": 0.06,
                  "Actual Total Time": 140.714,
                  "Actual Rows": 436768,
                  "Actual Loops": 4,
                  "Filter": "(keyword_id < 2853)",
                  "Rows Removed by Filter": 694215
                }
              ]
            }
          ]
        }
      ]
    },
    "Planning Time": 0.182,
    "Triggers": [],
    "Execution Time": 185.879
  }
]