{
  "Plan": {
    "Node Type": "Aggregate",
    "Strategy": "Plain",
    "Partial Mode": "Finalize",
    "Parallel Aware": false,
    "Startup Cost": 584657.74,
    "Total Cost": 584657.75,
    "Plan Rows": 1,
    "Plan Width": 8,
    "Actual Startup Time": 3997.71,
    "Actual Total Time": 4064.491,
    "Actual Rows": 1,
    "Actual Loops": 1,
    "Plans": [
      {
        "Node Type": "Gather",
        "Parent Relationship": "Outer",
        "Parallel Aware": false,
        "Startup Cost": 584657.63,
        "Total Cost": 584657.74,
        "Plan Rows": 1,
        "Plan Width": 8,
        "Actual Startup Time": 3996.93,
        "Actual Total Time": 4064.479,
        "Actual Rows": 2,
        "Actual Loops": 1,
        "Workers Planned": 1,
        "Workers Launched": 1,
        "Single Copy": false,
        "Plans": [
          {
            "Node Type": "Aggregate",
            "Strategy": "Plain",
            "Partial Mode": "Partial",
            "Parent Relationship": "Outer",
            "Parallel Aware": false,
            "Startup Cost": 583657.63,
            "Total Cost": 583657.64,
            "Plan Rows": 1,
            "Plan Width": 8,
            "Actual Startup Time": 3991.477,
            "Actual Total Time": 3991.645,
            "Actual Rows": 1,
            "Actual Loops": 2,
            "Plans": [
              {
                "Node Type": "Hash Join",
                "Parent Relationship": "Outer",
                "Parallel Aware": true,
                "Join Type": "Inner",
                "Startup Cost": 59242.32,
                "Total Cost": 580975.67,
                "Plan Rows": 1072782,
                "Plan Width": 0,
                "Actual Startup Time": 171.529,
                "Actual Total Time": 3938.018,
                "Actual Rows": 1292183,
                "Actual Loops": 2,
                "Inner Unique": true,
                "Hash Cond": "(ci.movie_id = t.id)",
                "Plans": [
                  {
                    "Node Type": "Seq Scan",
                    "Parent Relationship": "Outer",
                    "Parallel Aware": true,
                    "Relation Name": "cast_info",
                    "Alias": "ci",
                    "Startup Cost": 0.0,
                    "Total Cost": 465792.95,
                    "Plan Rows": 21310595,
                    "Plan Width": 4,
                    "Actual Startup Time": 0.013,
                    "Actual Total Time": 1321.478,
                    "Actual Rows": 18122172,
                    "Actual Loops": 2
                  },
                  {
                    "Node Type": "Hash",
                    "Parent Relationship": "Inner",
                    "Parallel Aware": true,
                    "Startup Cost": 58306.47,
                    "Total Cost": 58306.47,
                    "Plan Rows": 74868,
                    "Plan Width": 4,
                    "Actual Startup Time": 168.99,
                    "Actual Total Time": 168.991,
                    "Actual Rows": 116846,
                    "Actual Loops": 2,
                    "Hash Buckets": 262144,
                    "Original Hash Buckets": 131072,
                    "Hash Batches": 1,
                    "Original Hash Batches": 1,
                    "Peak Memory Usage": 12256,
                    "Plans": [
                      {
                        "Node Type": "Seq Scan",
                        "Parent Relationship": "Outer",
                        "Parallel Aware": true,
                        "Relation Name": "title",
                        "Alias": "t",
                        "Startup Cost": 0.0,
                        "Total Cost": 58306.47,
                        "Plan Rows": 74868,
                        "Plan Width": 4,
                        "Actual Startup Time": 0.223,
                        "Actual Total Time": 142.618,
                        "Actual Rows": 116846,
                        "Actual Loops": 2,
                        "Filter": "((kind_id < 7) AND (production_year < 1968))",
                        "Rows Removed by Filter": 1147310
                      }
                    ]
                  }
                ]
              }
            ]
          }
        ]
      }
    ]
  },
  "Planning Time": 0.571,
  "Triggers": [],
  "Execution Time": 4064.575
}