[
  {
    "Plan": {
      "Node Type": "Aggregate",
      "Strategy": "Plain",
      "Partial Mode": "Finalize",
      "Parallel Aware": false,
      "Startup Cost": 31845.53,
      "Total Cost": 31845.54,
      "Plan Rows": 1,
      "Plan Width": 8,
      "Actual Startup Time": 114.608,
      "Actual Total Time": 122.395,
      "Actual Rows": 1,
      "Actual Loops": 1,
      "Plans": [
        {
          "Node Type": "Gather",
          "Parent Relationship": "Outer",
          "Parallel Aware": false,
          "Startup Cost": 31845.21,
          "Total Cost": 31845.52,
          "Plan Rows": 3,
          "Plan Width": 8,
          "Actual Startup Time": 114.48,
          "Actual Total Time": 122.387,
          "Actual Rows": 4,
          "Actual Loops": 1,
          "Workers Planned": 3,
          "Workers Launched": 3,
          "Single Copy": false,
          "Plans": [
            {
              "Node Type": "Aggregate",
              "Strategy": "Plain",
              "Partial Mode": "Partial",
              "Parent Relationship": "Outer",
              "Parallel Aware": false,
              "Startup Cost": 30845.21,
              "Total Cost": 30845.22,
              "Plan Rows": 1,
              "Plan Width": 8,
              "Actual Startup Time": 108.36,
              "Actual Total Time": 108.361,
              "Actual Rows": 1,
              "Actual Loops": 4,
              "Plans": [
                {
                  "Node Type": "Seq Scan",
                  "Parent Relationship": "Outer",
                  "Parallel Aware": true,
                  "Relation Name": "movie_companies",
                  "Alias": "mc",
                  "Startup Cost": 0.0,
                  "Total Cost": 29310.68,
                  "Plan Rows": 613811,
                  "Plan Width": 0,
                  "Actual Startup Time": 0.033,
                  "Actual Total Time": 83.639,
                  "Actual Rows": 472142,
                  "Actual Loops": 4,
                  "Filter": "(company_id < 42221)",
                  "Rows Removed by Filter": 180140
                }
              ]
            }
          ]
        }
      ]
    },
    "Planning Time": 0.12,
    "Triggers": [],
    "Execution Time": 122.433
  }
]