[
  {
    "Plan": {
      "Node Type": "Aggregate",
      "Strategy": "Plain",
      "Partial Mode": "Finalize",
      "Parallel Aware": false,
      "Startup Cost": 102945.31,
      "Total Cost": 102945.32,
      "Plan Rows": 1,
      "Plan Width": 8,
      "Actual Startup Time": 433.574,
      "Actual Total Time": 451.19,
      "Actual Rows": 1,
      "Actual Loops": 1,
      "Plans": [
        {
          "Node Type": "Gather",
          "Parent Relationship": "Outer",
          "Parallel Aware": false,
          "Startup Cost": 102945.1,
          "Total Cost": 102945.31,
          "Plan Rows": 2,
          "Plan Width": 8,
          "Actual Startup Time": 429.77,
          "Actual Total Time": 451.181,
          "Actual Rows": 3,
          "Actual Loops": 1,
          "Workers Planned": 2,
          "Workers Launched": 2,
          "Single Copy": false,
          "Plans": [
            {
              "Node Type": "Aggregate",
              "Strategy": "Plain",
              "Partial Mode": "Partial",
              "Parent Relationship": "Outer",
              "Parallel Aware": false,
              "Startup Cost": 101945.1,
              "Total Cost": 101945.11,
              "Plan Rows": 1,
              "Plan Width": 8,
              "Actual Startup Time": 421.691,
              "Actual Total Time": 421.696,
              "Actual Rows": 1,
              "Actual Loops": 3,
              "Plans": [
                {
                  "Node Type": "Hash Join",
                  "Parent Relationship": "Outer",
                  "Parallel Aware": true,
                  "Join Type": "Inner",
                  "Startup Cost": 86068.95,
                  "Total Cost": 101926.28,
                  "Plan Rows": 7528,
                  "Plan Width": 0,
                  "Actual Startup Time": 358.395,
                  "Actual Total Time": 418.341,
                  "Actual Rows": 81164,
                  "Actual Loops": 3,
                  "Inner Unique": false,
                  "Hash Cond": "(mi_idx.movie_id = t.id)",
                  "Plans": [
                    {
                      "Node Type": "Seq Scan",
                      "Parent Relationship": "Outer",
                      "Parallel Aware": true,
                      "Relation Name": "movie_info_idx",
                      "Alias": "mi_idx",
                      "Startup Cost": 0.0,
                      "Total Cost": 15122.68,
                      "Plan Rows": 189429,
                      "Plan Width": 4,
                      "Actual Startup Time": 0.028,
                      "Actual Total Time": 36.541,
                      "Actual Rows": 153308,
                      "Actual Loops": 3,
                      "Filter": "(info_type_id < 100)",
                      "Rows Removed by Filter": 306703
                    },
                    {
                      "Node Type": "Hash",
                      "Parent Relationship": "Inner",
                      "Parallel Aware": true,
                      "Startup Cost": 85663.77,
                      "Total Cost": 85663.77,
                      "Plan Rows": 32414,
                      "Plan Width": 8,
                      "Actual Startup Time": 350.619,
                      "Actual Total Time": 350.622,
                      "Actual Rows": 97685,
                      "Actual Loops": 3,
                      "Hash Buckets": 524288,
                      "Original Hash Buckets": 131072,
                      "Hash Batches": 1,
                      "Original Hash Batches": 1,
                      "Peak Memory Usage": 18688,
                      "Plans": [
                        {
                          "Node Type": "Hash Join",
                          "Parent Relationship": "Outer",
                          "Parallel Aware": true,
                          "Join Type": "Inner",
                          "Startup Cost": 58539.59,
                          "Total Cost": 85663.77,
                          "Plan Rows": 32414,
                          "Plan Width": 8,
                          "Actual Startup Time": 220.865,
                          "Actual Total Time": 321.502,
                          "Actual Rows": 97685,
                          "Actual Loops": 3,
                          "Inner Unique": true,
                          "Hash Cond": "(mk.movie_id = t.id)",
                          "Plans": [
                            {
                              "Node Type": "Bitmap Heap Scan",
                              "Parent Relationship": "Outer",
                              "Parallel Aware": true,
                              "Relation Name": "movie_keyword",
                              "Alias": "mk",
                              "Startup Cost": 11609.84,
                              "Total Cost": 38270.6,
                              "Plan Rows": 176541,
                              "Plan Width": 4,
                              "Actual Startup Time": 34.45,
                              "Actual Total Time": 96.526,
                              "Actual Rows": 177972,
                              "Actual Loops": 3,
                              "Recheck Cond": "(keyword_id > 34325)",
                              "Rows Removed by Index Recheck": 0,
                              "Exact Heap Blocks": 9755,
                              "Lossy Heap Blocks": 0,
                              "Plans": [
                                {
                                  "Node Type": "Bitmap Index Scan",
                                  "Parent Relationship": "Outer",
                                  "Parallel Aware": false,
                                  "Index Name": "keyword_id_movie_keyword",
                                  "Startup Cost": 0.0,
                                  "Total Cost": 11473.02,
                                  "Plan Rows": 547278,
                                  "Plan Width": 0,
                                  "Actual Startup Time": 30.899,
                                  "Actual Total Time": 30.899,
                                  "Actual Rows": 533915,
                                  "Actual Loops": 1,
                                  "Index Cond": "(keyword_id > 34325)"
                                }
                              ]
                            },
                            {
                              "Node Type": "Hash",
                              "Parent Relationship": "Inner",
                              "Parallel Aware": true,
                              "Startup Cost": 45479.1,
                              "Total Cost": 45479.1,
                              "Plan Rows": 116052,
                              "Plan Width": 4,
                              "Actual Startup Time": 183.44,
                              "Actual Total Time": 183.441,
                              "Actual Rows": 185831,
                              "Actual Loops": 3,
                              "Hash Buckets": 1048576,
                              "Original Hash Buckets": 524288,
                              "Hash Batches": 1,
                              "Original Hash Batches": 1,
                              "Peak Memory Usage": 34176,
                              "Plans": [
                                {
                                  "Node Type": "Seq Scan",
                                  "Parent Relationship": "Outer",
                                  "Parallel Aware": true,
                                  "Relation Name": "title",
                                  "Alias": "t",
                                  "Startup Cost": 0.0,
                                  "Total Cost": 45479.1,
                                  "Plan Rows": 116052,
                                  "Plan Width": 4,
                                  "Actual Startup Time": 0.055,
                                  "Actual Total Time": 117.529,
                                  "Actual Rows": 185831,
                                  "Actual Loops": 3,
                                  "Filter": "((kind_id < 7) AND (production_year < 2003))",
                                  "Rows Removed by Filter": 656940
                                }
                              ]
                            }
                          ]
                        }
                      ]
                    }
                  ]
                }
              ]
            }
          ]
        }
      ]
    },
    "Planning Time": 1.364,
    "Triggers": [],
    "Execution Time": 451.331
  }
]