[
  {
    "Plan": {
      "Node Type": "Aggregate",
      "Strategy": "Plain",
      "Partial Mode": "Finalize",
      "Parallel Aware": false,
      "Startup Cost": 349667.77,
      "Total Cost": 349667.78,
      "Plan Rows": 1,
      "Plan Width": 8,
      "Actual Startup Time": 834.329,
      "Actual Total Time": 895.904,
      "Actual Rows": 1,
      "Actual Loops": 1,
      "Plans": [
        {
          "Node Type": "Gather",
          "Parent Relationship": "Outer",
          "Parallel Aware": false,
          "Startup Cost": 349667.14,
          "Total Cost": 349667.75,
          "Plan Rows": 6,
          "Plan Width": 8,
          "Actual Startup Time": 834.232,
          "Actual Total Time": 895.892,
          "Actual Rows": 7,
          "Actual Loops": 1,
          "Workers Planned": 6,
          "Workers Launched": 6,
          "Single Copy": false,
          "Plans": [
            {
              "Node Type": "Aggregate",
              "Strategy": "Plain",
              "Partial Mode": "Partial",
              "Parent Relationship": "Outer",
              "Parallel Aware": false,
              "Startup Cost": 348667.14,
              "Total Cost": 348667.15,
              "Plan Rows": 1,
              "Plan Width": 8,
              "Actual Startup Time": 823.707,
              "Actual Total Time": 823.709,
              "Actual Rows": 1,
              "Actual Loops": 7,
              "Plans": [
                {
                  "Node Type": "Seq Scan",
                  "Parent Relationship": "Outer",
                  "Parallel Aware": true,
                  "Relation Name": "cast_info",
                  "Alias": "ci",
                  "Startup Cost": 0.0,
                  "Total Cost": 343257.03,
                  "Plan Rows": 2164046,
                  "Plan Width": 0,
                  "Actual Startup Time": 179.197,
                  "Actual Total Time": 745.365,
                  "Actual Rows": 1582438,
                  "Actual Loops": 7,
                  "Filter": "((person_id > 1232842) AND (role_id < 3))",
                  "Rows Removed by Filter": 3595325
                }
              ]
            }
          ]
        }
      ]
    },
    "Planning Time": 0.292,
    "Triggers": [],
    "Execution Time": 895.986
  }
]