{
  "Plan": {
    "Node Type": "Aggregate",
    "Strategy": "Plain",
    "Partial Mode": "Finalize",
    "Parallel Aware": false,
    "Startup Cost": 389842.01,
    "Total Cost": 389842.02,
    "Plan Rows": 1,
    "Plan Width": 8,
    "Actual Startup Time": 951.056,
    "Actual Total Time": 977.533,
    "Actual Rows": 1,
    "Actual Loops": 1,
    "Plans": [
      {
        "Node Type": "Gather",
        "Parent Relationship": "Outer",
        "Parallel Aware": false,
        "Startup Cost": 389841.9,
        "Total Cost": 389842.01,
        "Plan Rows": 1,
        "Plan Width": 8,
        "Actual Startup Time": 950.278,
        "Actual Total Time": 977.522,
        "Actual Rows": 2,
        "Actual Loops": 1,
        "Workers Planned": 1,
        "Workers Launched": 1,
        "Single Copy": false,
        "Plans": [
          {
            "Node Type": "Aggregate",
            "Strategy": "Plain",
            "Partial Mode": "Partial",
            "Parent Relationship": "Outer",
            "Parallel Aware": false,
            "Startup Cost": 388841.9,
            "Total Cost": 388841.91,
            "Plan Rows": 1,
            "Plan Width": 8,
            "Actual Startup Time": 944.06,
            "Actual Total Time": 944.064,
            "Actual Rows": 1,
            "Actual Loops": 2,
            "Plans": [
              {
                "Node Type": "Nested Loop",
                "Parent Relationship": "Outer",
                "Parallel Aware": false,
                "Join Type": "Inner",
                "Startup Cost": 43439.23,
                "Total Cost": 386923.7,
                "Plan Rows": 767282,
                "Plan Width": 0,
                "Actual Startup Time": 176.045,
                "Actual Total Time": 920.03,
                "Actual Rows": 414628,
                "Actual Loops": 2,
                "Inner Unique": false,
                "Plans": [
                  {
                    "Node Type": "Hash Join",
                    "Parent Relationship": "Outer",
                    "Parallel Aware": true,
                    "Join Type": "Inner",
                    "Startup Cost": 43438.79,
                    "Total Cost": 104449.3,
                    "Plan Rows": 131220,
                    "Plan Width": 8,
                    "Actual Startup Time": 175.978,
                    "Actual Total Time": 508.592,
                    "Actual Rows": 53770,
                    "Actual Loops": 2,
                    "Inner Unique": false,
                    "Hash Cond": "(t.id = mc.movie_id)",
                    "Plans": [
                      {
                        "Node Type": "Seq Scan",
                        "Parent Relationship": "Outer",
                        "Parallel Aware": true,
                        "Relation Name": "title",
                        "Alias": "t",
                        "Startup Cost": 0.0,
                        "Total Cost": 54588.39,
                        "Plan Rows": 904038,
                        "Plan Width": 4,
                        "Actual Startup Time": 0.014,
                        "Actual Total Time": 160.122,
                        "Actual Rows": 771632,
                        "Actual Loops": 2,
                        "Filter": "(kind_id = 7)",
                        "Rows Removed by Filter": 492524
                      },
                      {
                        "Node Type": "Hash",
                        "Parent Relationship": "Inner",
                        "Parallel Aware": true,
                        "Startup Cost": 40740.43,
                        "Total Cost": 40740.43,
                        "Plan Rows": 215869,
                        "Plan Width": 4,
                        "Actual Startup Time": 170.633,
                        "Actual Total Time": 170.635,
                        "Actual Rows": 104930,
                        "Actual Loops": 2,
                        "Hash Buckets": 524288,
                        "Original Hash Buckets": 524288,
                        "Hash Batches": 1,
                        "Original Hash Batches": 1,
                        "Peak Memory Usage": 12352,
                        "Plans": [
                          {
                            "Node Type": "Bitmap Heap Scan",
                            "Parent Relationship": "Outer",
                            "Parallel Aware": true,
                            "Relation Name": "movie_companies",
                            "Alias": "mc",
                            "Startup Cost": 15572.99,
                            "Total Cost": 40740.43,
                            "Plan Rows": 215869,
                            "Plan Width": 4,
                            "Actual Startup Time": 116.314,
                            "Actual Total Time": 145.543,
                            "Actual Rows": 104930,
                            "Actual Loops": 2,
                            "Recheck Cond": "(company_id < 1402)",
                            "Rows Removed by Index Recheck": 0,
                            "Filter": "(company_type_id = 2)",
                            "Rows Removed by Filter": 254794,
                            "Exact Heap Blocks": 10128,
                            "Lossy Heap Blocks": 0,
                            "Plans": [
                              {
                                "Node Type": "Bitmap Index Scan",
                                "Parent Relationship": "Outer",
                                "Parallel Aware": false,
                                "Index Name": "company_id_movie_companies",
                                "Startup Cost": 0.0,
                                "Total Cost": 15481.25,
                                "Plan Rows": 722776,
                                "Plan Width": 0,
                                "Actual Startup Time": 56.066,
                                "Actual Total Time": 56.066,
                                "Actual Rows": 719447,
                                "Actual Loops": 1,
                                "Index Cond": "(company_id < 1402)"
                              }
                            ]
                          }
                        ]
                      }
                    ]
                  },
                  {
                    "Node Type": "Index Only Scan",
                    "Parent Relationship": "Inner",
                    "Parallel Aware": false,
                    "Scan Direction": "Forward",
                    "Index Name": "movie_id_movie_info",
                    "Relation Name": "movie_info",
                    "Alias": "mi",
                    "Startup Cost": 0.43,
                    "Total Cost": 1.73,
                    "Plan Rows": 42,
                    "Plan Width": 4,
                    "Actual Startup Time": 0.003,
                    "Actual Total Time": 0.007,
                    "Actual Rows": 8,
                    "Actual Loops": 107541,
                    "Index Cond": "(movie_id = t.id)",
                    "Rows Removed by Index Recheck": 0,
                    "Heap Fetches": 829255
                  }
                ]
              }
            ]
          }
        ]
      }
    ]
  },
  "Planning Time": 0.98,
  "Triggers": [],
  "Execution Time": 977.647
}