[
  {
    "Plan": {
      "Node Type": "Aggregate",
      "Strategy": "Plain",
      "Partial Mode": "Finalize",
      "Parallel Aware": false,
      "Startup Cost": 220689.81,
      "Total Cost": 220689.82,
      "Plan Rows": 1,
      "Plan Width": 8,
      "Actual Startup Time": 2792.327,
      "Actual Total Time": 2875.238,
      "Actual Rows": 1,
      "Actual Loops": 1,
      "Plans": [
        {
          "Node Type": "Gather",
          "Parent Relationship": "Outer",
          "Parallel Aware": false,
          "Startup Cost": 220689.5,
          "Total Cost": 220689.81,
          "Plan Rows": 3,
          "Plan Width": 8,
          "Actual Startup Time": 2790.238,
          "Actual Total Time": 2875.223,
          "Actual Rows": 4,
          "Actual Loops": 1,
          "Workers Planned": 3,
          "Workers Launched": 3,
          "Single Copy": false,
          "Plans": [
            {
              "Node Type": "Aggregate",
              "Strategy": "Plain",
              "Partial Mode": "Partial",
              "Parent Relationship": "Outer",
              "Parallel Aware": false,
              "Startup Cost": 219689.5,
              "Total Cost": 219689.51,
              "Plan Rows": 1,
              "Plan Width": 8,
              "Actual Startup Time": 2783.565,
              "Actual Total Time": 2783.569,
              "Actual Rows": 1,
              "Actual Loops": 4,
              "Plans": [
                {
                  "Node Type": "Nested Loop",
                  "Parent Relationship": "Outer",
                  "Parallel Aware": false,
                  "Join Type": "Inner",
                  "Startup Cost": 46746.01,
                  "Total Cost": 218347.91,
                  "Plan Rows": 536636,
                  "Plan Width": 0,
                  "Actual Startup Time": 157.268,
                  "Actual Total Time": 2653.445,
                  "Actual Rows": 2662346,
                  "Actual Loops": 4,
                  "Inner Unique": false,
                  "Join Filter": "(t.id = ci.movie_id)",
                  "Rows Removed by Join Filter": 0,
                  "Plans": [
                    {
                      "Node Type": "Hash Join",
                      "Parent Relationship": "Outer",
                      "Parallel Aware": true,
                      "Join Type": "Inner",
                      "Startup Cost": 46745.45,
                      "Total Cost": 78773.52,
                      "Plan Rows": 37428,
                      "Plan Width": 8,
                      "Actual Startup Time": 157.121,
                      "Actual Total Time": 276.532,
                      "Actual Rows": 80726,
                      "Actual Loops": 4,
                      "Inner Unique": true,
                      "Hash Cond": "(mc.movie_id = t.id)",
                      "Plans": [
                        {
                          "Node Type": "Seq Scan",
                          "Parent Relationship": "Outer",
                          "Parallel Aware": true,
                          "Relation Name": "movie_companies",
                          "Alias": "mc",
                          "Startup Cost": 0.0,
                          "Total Cost": 31414.82,
                          "Plan Rows": 233622,
                          "Plan Width": 4,
                          "Actual Startup Time": 5.896,
                          "Actual Total Time": 72.745,
                          "Actual Rows": 126905,
                          "Actual Loops": 4,
                          "Filter": "((company_id > 8416) AND (company_type_id = 1))",
                          "Rows Removed by Filter": 525377
                        },
                        {
                          "Node Type": "Hash",
                          "Parent Relationship": "Inner",
                          "Parallel Aware": true,
                          "Startup Cost": 45479.59,
                          "Total Cost": 45479.59,
                          "Plan Rows": 101269,
                          "Plan Width": 4,
                          "Actual Startup Time": 142.727,
                          "Actual Total Time": 142.728,
                          "Actual Rows": 114036,
                          "Actual Loops": 4,
                          "Hash Buckets": 524288,
                          "Original Hash Buckets": 524288,
                          "Hash Batches": 1,
                          "Original Hash Batches": 1,
                          "Peak Memory Usage": 22016,
                          "Plans": [
                            {
                              "Node Type": "Seq Scan",
                              "Parent Relationship": "Outer",
                              "Parallel Aware": true,
                              "Relation Name": "title",
                              "Alias": "t",
                              "Startup Cost": 0.0,
                              "Total Cost": 45479.59,
                              "Plan Rows": 101269,
                              "Plan Width": 4,
                              "Actual Startup Time": 59.061,
                              "Actual Total Time": 104.058,
                              "Actual Rows": 114036,
                              "Actual Loops": 4,
                              "Filter": "((production_year < 2007) AND (kind_id = 1))",
                              "Rows Removed by Filter": 518042
                            }
                          ]
                        }
                      ]
                    },
                    {
                      "Node Type": "Index Only Scan",
                      "Parent Relationship": "Inner",
                      "Parallel Aware": false,
                      "Scan Direction": "Forward",
                      "Index Name": "movie_id_cast_info",
                      "Relation Name": "cast_info",
                      "Alias": "ci",
                      "Startup Cost": 0.56,
                      "Total Cost": 3.29,
                      "Plan Rows": 35,
                      "Plan Width": 4,
                      "Actual Startup Time": 0.004,
                      "Actual Total Time": 0.026,
                      "Actual Rows": 33,
                      "Actual Loops": 322902,
                      "Index Cond": "(movie_id = mc.movie_id)",
                      "Rows Removed by Index Recheck": 0,
                      "Heap Fetches": 10649383
                    }
                  ]
                }
              ]
            }
          ]
        }
      ]
    },
    "Planning Time": 1.543,
    "Triggers": [],
    "Execution Time": 2875.344
  }
]