{
  "Plan": {
    "Node Type": "Aggregate",
    "Strategy": "Plain",
    "Partial Mode": "Finalize",
    "Parallel Aware": false,
    "Startup Cost": 107659.62,
    "Total Cost": 107659.63,
    "Plan Rows": 1,
    "Plan Width": 8,
    "Actual Startup Time": 498.446,
    "Actual Total Time": 515.069,
    "Actual Rows": 1,
    "Actual Loops": 1,
    "Plans": [
      {
        "Node Type": "Gather",
        "Parent Relationship": "Outer",
        "Parallel Aware": false,
        "Startup Cost": 107659.51,
        "Total Cost": 107659.62,
        "Plan Rows": 1,
        "Plan Width": 8,
        "Actual Startup Time": 497.449,
        "Actual Total Time": 515.061,
        "Actual Rows": 2,
        "Actual Loops": 1,
        "Workers Planned": 1,
        "Workers Launched": 1,
        "Single Copy": false,
        "Plans": [
          {
            "Node Type": "Aggregate",
            "Strategy": "Plain",
            "Partial Mode": "Partial",
            "Parent Relationship": "Outer",
            "Parallel Aware": false,
            "Startup Cost": 106659.51,
            "Total Cost": 106659.52,
            "Plan Rows": 1,
            "Plan Width": 8,
            "Actual Startup Time": 491.008,
            "Actual Total Time": 491.015,
            "Actual Rows": 1,
            "Actual Loops": 2,
            "Plans": [
              {
                "Node Type": "Hash Join",
                "Parent Relationship": "Outer",
                "Parallel Aware": true,
                "Join Type": "Inner",
                "Startup Cost": 87400.07,
                "Total Cost": 106611.56,
                "Plan Rows": 19179,
                "Plan Width": 0,
                "Actual Startup Time": 403.148,
                "Actual Total Time": 489.293,
                "Actual Rows": 41876,
                "Actual Loops": 2,
                "Inner Unique": false,
                "Hash Cond": "(mi_idx.movie_id = t.id)",
                "Plans": [
                  {
                    "Node Type": "Seq Scan",
                    "Parent Relationship": "Outer",
                    "Parallel Aware": true,
                    "Relation Name": "movie_info_idx",
                    "Alias": "mi_idx",
                    "Startup Cost": 0.0,
                    "Total Cost": 18082.32,
                    "Plan Rows": 271028,
                    "Plan Width": 4,
                    "Actual Startup Time": 0.027,
                    "Actual Total Time": 49.61,
                    "Actual Rows": 229962,
                    "Actual Loops": 2,
                    "Filter": "(info_type_id = 101)",
                    "Rows Removed by Filter": 460055
                  },
                  {
                    "Node Type": "Hash",
                    "Parent Relationship": "Inner",
                    "Parallel Aware": true,
                    "Startup Cost": 86084.56,
                    "Total Cost": 86084.56,
                    "Plan Rows": 105241,
                    "Plan Width": 8,
                    "Actual Startup Time": 399.529,
                    "Actual Total Time": 399.533,
                    "Actual Rows": 90316,
                    "Actual Loops": 2,
                    "Hash Buckets": 262144,
                    "Original Hash Buckets": 262144,
                    "Hash Batches": 1,
                    "Original Hash Batches": 1,
                    "Peak Memory Usage": 9152,
                    "Plans": [
                      {
                        "Node Type": "Hash Join",
                        "Parent Relationship": "Outer",
                        "Parallel Aware": true,
                        "Join Type": "Inner",
                        "Startup Cost": 25299.99,
                        "Total Cost": 86084.56,
                        "Plan Rows": 105241,
                        "Plan Width": 8,
                        "Actual Startup Time": 81.424,
                        "Actual Total Time": 377.225,
                        "Actual Rows": 90316,
                        "Actual Loops": 2,
                        "Inner Unique": false,
                        "Hash Cond": "(t.id = mc.movie_id)",
                        "Plans": [
                          {
                            "Node Type": "Seq Scan",
                            "Parent Relationship": "Outer",
                            "Parallel Aware": true,
                            "Relation Name": "title",
                            "Alias": "t",
                            "Startup Cost": 0.0,
                            "Total Cost": 50870.31,
                            "Plan Rows": 1487231,
                            "Plan Width": 4,
                            "Actual Startup Time": 0.009,
                            "Actual Total Time": 117.629,
                            "Actual Rows": 1264156,
                            "Actual Loops": 2
                          },
                          {
                            "Node Type": "Hash",
                            "Parent Relationship": "Inner",
                            "Parallel Aware": true,
                            "Startup Cost": 23984.48,
                            "Total Cost": 23984.48,
                            "Plan Rows": 105241,
                            "Plan Width": 4,
                            "Actual Startup Time": 79.419,
                            "Actual Total Time": 79.42,
                            "Actual Rows": 90316,
                            "Actual Loops": 2,
                            "Hash Buckets": 262144,
                            "Original Hash Buckets": 262144,
                            "Hash Batches": 1,
                            "Original Hash Batches": 1,
                            "Peak Memory Usage": 9152,
                            "Plans": [
                              {
                                "Node Type": "Bitmap Heap Scan",
                                "Parent Relationship": "Outer",
                                "Parallel Aware": true,
                                "Relation Name": "movie_companies",
                                "Alias": "mc",
                                "Startup Cost": 3878.97,
                                "Total Cost": 23984.48,
                                "Plan Rows": 105241,
                                "Plan Width": 4,
                                "Actual Startup Time": 19.353,
                                "Actual Total Time": 59.538,
                                "Actual Rows": 90316,
                                "Actual Loops": 2,
                                "Recheck Cond": "(company_id < 36)",
                                "Rows Removed by Index Recheck": 0,
                                "Exact Heap Blocks": 10514,
                                "Lossy Heap Blocks": 0,
                                "Plans": [
                                  {
                                    "Node Type": "Bitmap Index Scan",
                                    "Parent Relationship": "Outer",
                                    "Parallel Aware": false,
                                    "Index Name": "company_id_movie_companies",
                                    "Startup Cost": 0.0,
                                    "Total Cost": 3834.25,
                                    "Plan Rows": 178909,
                                    "Plan Width": 0,
                                    "Actual Startup Time": 16.977,
                                    "Actual Total Time": 16.977,
                                    "Actual Rows": 180633,
                                    "Actual Loops": 1,
                                    "Index Cond": "(company_id < 36)"
                                  }
                                ]
                              }
                            ]
                          }
                        ]
                      }
                    ]
                  }
                ]
              }
            ]
          }
        ]
      }
    ]
  },
  "Planning Time": 1.008,
  "Triggers": [],
  "Execution Time": 515.174
}