[
  {
    "Plan": {
      "Node Type": "Aggregate",
      "Strategy": "Plain",
      "Partial Mode": "Finalize",
      "Parallel Aware": false,
      "Startup Cost": 254951.13,
      "Total Cost": 254951.14,
      "Plan Rows": 1,
      "Plan Width": 8,
      "Actual Startup Time": 1293.438,
      "Actual Total Time": 1339.377,
      "Actual Rows": 1,
      "Actual Loops": 1,
      "Plans": [
        {
          "Node Type": "Gather",
          "Parent Relationship": "Outer",
          "Parallel Aware": false,
          "Startup Cost": 254950.61,
          "Total Cost": 254951.12,
          "Plan Rows": 5,
          "Plan Width": 8,
          "Actual Startup Time": 1278.584,
          "Actual Total Time": 1339.359,
          "Actual Rows": 6,
          "Actual Loops": 1,
          "Workers Planned": 5,
          "Workers Launched": 5,
          "Single Copy": false,
          "Plans": [
            {
              "Node Type": "Aggregate",
              "Strategy": "Plain",
              "Partial Mode": "Partial",
              "Parent Relationship": "Outer",
              "Parallel Aware": false,
              "Startup Cost": 253950.61,
              "Total Cost": 253950.62,
              "Plan Rows": 1,
              "Plan Width": 8,
              "Actual Startup Time": 1268.379,
              "Actual Total Time": 1268.383,
              "Actual Rows": 1,
              "Actual Loops": 6,
              "Plans": [
                {
                  "Node Type": "Hash Join",
                  "Parent Relationship": "Outer",
                  "Parallel Aware": true,
                  "Join Type": "Inner",
                  "Startup Cost": 50115.71,
                  "Total Cost": 249595.12,
                  "Plan Rows": 1742196,
                  "Plan Width": 0,
                  "Actual Startup Time": 194.916,
                  "Actual Total Time": 1233.21,
                  "Actual Rows": 675310,
                  "Actual Loops": 6,
                  "Inner Unique": true,
                  "Hash Cond": "(mi.movie_id = t.id)",
                  "Plans": [
                    {
                      "Node Type": "Seq Scan",
                      "Parent Relationship": "Outer",
                      "Parallel Aware": true,
                      "Relation Name": "movie_info",
                      "Alias": "mi",
                      "Startup Cost": 0.0,
                      "Total Cost": 191685.19,
                      "Plan Rows": 2969219,
                      "Plan Width": 4,
                      "Actual Startup Time": 0.033,
                      "Actual Total Time": 332.041,
                      "Actual Rows": 2472620,
                      "Actual Loops": 6
                    },
                    {
                      "Node Type": "Hash",
                      "Parent Relationship": "Inner",
                      "Parallel Aware": true,
                      "Startup Cost": 45479.59,
                      "Total Cost": 45479.59,
                      "Plan Rows": 370890,
                      "Plan Width": 4,
                      "Actual Startup Time": 191.486,
                      "Actual Total Time": 191.487,
                      "Actual Rows": 248479,
                      "Actual Loops": 6,
                      "Hash Buckets": 2097152,
                      "Original Hash Buckets": 2097152,
                      "Hash Batches": 1,
                      "Original Hash Batches": 1,
                      "Peak Memory Usage": 74816,
                      "Plans": [
                        {
                          "Node Type": "Seq Scan",
                          "Parent Relationship": "Outer",
                          "Parallel Aware": true,
                          "Relation Name": "title",
                          "Alias": "t",
                          "Startup Cost": 0.0,
                          "Total Cost": 45479.59,
                          "Plan Rows": 370890,
                          "Plan Width": 4,
                          "Actual Startup Time": 0.045,
                          "Actual Total Time": 87.767,
                          "Actual Rows": 248479,
                          "Actual Loops": 6,
                          "Filter": "((kind_id > 4) AND (production_year > 1912))",
                          "Rows Removed by Filter": 172906
                        }
                      ]
                    }
                  ]
                }
              ]
            }
          ]
        }
      ]
    },
    "Planning Time": 0.231,
    "Triggers": [],
    "Execution Time": 1339.42
  }
]