{
  "Plan": {
    "Node Type": "Aggregate",
    "Strategy": "Plain",
    "Partial Mode": "Finalize",
    "Parallel Aware": false,
    "Startup Cost": 47079.14,
    "Total Cost": 47079.15,
    "Plan Rows": 1,
    "Plan Width": 8,
    "Actual Startup Time": 170.476,
    "Actual Total Time": 178.452,
    "Actual Rows": 1,
    "Actual Loops": 1,
    "Plans": [
      {
        "Node Type": "Gather",
        "Parent Relationship": "Outer",
        "Parallel Aware": false,
        "Startup Cost": 47079.02,
        "Total Cost": 47079.13,
        "Plan Rows": 1,
        "Plan Width": 8,
        "Actual Startup Time": 170.349,
        "Actual Total Time": 178.442,
        "Actual Rows": 2,
        "Actual Loops": 1,
        "Workers Planned": 1,
        "Workers Launched": 1,
        "Single Copy": false,
        "Plans": [
          {
            "Node Type": "Aggregate",
            "Strategy": "Plain",
            "Partial Mode": "Partial",
            "Parent Relationship": "Outer",
            "Parallel Aware": false,
            "Startup Cost": 46079.02,
            "Total Cost": 46079.03,
            "Plan Rows": 1,
            "Plan Width": 8,
            "Actual Startup Time": 164.159,
            "Actual Total Time": 164.164,
            "Actual Rows": 1,
            "Actual Loops": 2,
            "Plans": [
              {
                "Node Type": "Hash Join",
                "Parent Relationship": "Outer",
                "Parallel Aware": false,
                "Join Type": "Inner",
                "Startup Cost": 2738.53,
                "Total Cost": 46078.99,
                "Plan Rows": 15,
                "Plan Width": 0,
                "Actual Startup Time": 103.16,
                "Actual Total Time": 164.135,
                "Actual Rows": 260,
                "Actual Loops": 2,
                "Inner Unique": false,
                "Hash Cond": "(mc.movie_id = t.id)",
                "Plans": [
                  {
                    "Node Type": "Seq Scan",
                    "Parent Relationship": "Outer",
                    "Parallel Aware": true,
                    "Relation Name": "movie_companies",
                    "Alias": "mc",
                    "Startup Cost": 0.0,
                    "Total Cost": 41811.73,
                    "Plan Rows": 407622,
                    "Plan Width": 4,
                    "Actual Startup Time": 70.538,
                    "Actual Total Time": 136.057,
                    "Actual Rows": 466652,
                    "Actual Loops": 2,
                    "Filter": "((company_id > 11142) AND (company_type_id > 1))",
                    "Rows Removed by Filter": 837912
                  },
                  {
                    "Node Type": "Hash",
                    "Parent Relationship": "Inner",
                    "Parallel Aware": false,
                    "Startup Cost": 2737.4,
                    "Total Cost": 2737.4,
                    "Plan Rows": 90,
                    "Plan Width": 8,
                    "Actual Startup Time": 3.517,
                    "Actual Total Time": 3.52,
                    "Actual Rows": 260,
                    "Actual Loops": 2,
                    "Hash Buckets": 1024,
                    "Original Hash Buckets": 1024,
                    "Hash Batches": 1,
                    "Original Hash Batches": 1,
                    "Peak Memory Usage": 19,
                    "Plans": [
                      {
                        "Node Type": "Nested Loop",
                        "Parent Relationship": "Outer",
                        "Parallel Aware": false,
                        "Join Type": "Inner",
                        "Startup Cost": 6.64,
                        "Total Cost": 2737.4,
                        "Plan Rows": 90,
                        "Plan Width": 8,
                        "Actual Startup Time": 0.164,
                        "Actual Total Time": 3.428,
                        "Actual Rows": 260,
                        "Actual Loops": 2,
                        "Inner Unique": true,
                        "Plans": [
                          {
                            "Node Type": "Bitmap Heap Scan",
                            "Parent Relationship": "Outer",
                            "Parallel Aware": false,
                            "Relation Name": "movie_info_idx",
                            "Alias": "mi_idx",
                            "Startup Cost": 6.21,
                            "Total Cost": 801.9,
                            "Plan Rows": 230,
                            "Plan Width": 4,
                            "Actual Startup Time": 0.102,
                            "Actual Total Time": 0.142,
                            "Actual Rows": 260,
                            "Actual Loops": 2,
                            "Recheck Cond": "(info_type_id > 101)",
                            "Rows Removed by Index Recheck": 0,
                            "Exact Heap Blocks": 2,
                            "Lossy Heap Blocks": 0,
                            "Plans": [
                              {
                                "Node Type": "Bitmap Index Scan",
                                "Parent Relationship": "Outer",
                                "Parallel Aware": false,
                                "Index Name": "info_type_id_movie_info_idx",
                                "Startup Cost": 0.0,
                                "Total Cost": 6.15,
                                "Plan Rows": 230,
                                "Plan Width": 0,
                                "Actual Startup Time": 0.079,
                                "Actual Total Time": 0.079,
                                "Actual Rows": 260,
                                "Actual Loops": 2,
                                "Index Cond": "(info_type_id > 101)"
                              }
                            ]
                          },
                          {
                            "Node Type": "Index Scan",
                            "Parent Relationship": "Inner",
                            "Parallel Aware": false,
                            "Scan Direction": "Forward",
                            "Index Name": "title_pkey",
                            "Relation Name": "title",
                            "Alias": "t",
                            "Startup Cost": 0.43,
                            "Total Cost": 8.42,
                            "Plan Rows": 1,
                            "Plan Width": 4,
                            "Actual Startup Time": 0.012,
                            "Actual Total Time": 0.012,
                            "Actual Rows": 1,
                            "Actual Loops": 520,
                            "Index Cond": "(id = mi_idx.movie_id)",
                            "Rows Removed by Index Recheck": 0,
                            "Filter": "(kind_id < 7)",
                            "Rows Removed by Filter": 0
                          }
                        ]
                      }
                    ]
                  }
                ]
              }
            ]
          }
        ]
      }
    ]
  },
  "Planning Time": 0.789,
  "Triggers": [],
  "Execution Time": 178.547
}