[
  {
    "Plan": {
      "Node Type": "Aggregate",
      "Strategy": "Plain",
      "Partial Mode": "Finalize",
      "Parallel Aware": false,
      "Startup Cost": 92900.82,
      "Total Cost": 92900.83,
      "Plan Rows": 1,
      "Plan Width": 8,
      "Actual Startup Time": 361.824,
      "Actual Total Time": 379.571,
      "Actual Rows": 1,
      "Actual Loops": 1,
      "Plans": [
        {
          "Node Type": "Gather",
          "Parent Relationship": "Outer",
          "Parallel Aware": false,
          "Startup Cost": 92900.5,
          "Total Cost": 92900.81,
          "Plan Rows": 3,
          "Plan Width": 8,
          "Actual Startup Time": 357.069,
          "Actual Total Time": 379.56,
          "Actual Rows": 4,
          "Actual Loops": 1,
          "Workers Planned": 3,
          "Workers Launched": 3,
          "Single Copy": false,
          "Plans": [
            {
              "Node Type": "Aggregate",
              "Strategy": "Plain",
              "Partial Mode": "Partial",
              "Parent Relationship": "Outer",
              "Parallel Aware": false,
              "Startup Cost": 91900.5,
              "Total Cost": 91900.51,
              "Plan Rows": 1,
              "Plan Width": 8,
              "Actual Startup Time": 349.183,
              "Actual Total Time": 349.187,
              "Actual Rows": 1,
              "Actual Loops": 4,
              "Plans": [
                {
                  "Node Type": "Hash Join",
                  "Parent Relationship": "Outer",
                  "Parallel Aware": true,
                  "Join Type": "Inner",
                  "Startup Cost": 48131.84,
                  "Total Cost": 91640.57,
                  "Plan Rows": 103973,
                  "Plan Width": 0,
                  "Actual Startup Time": 189.552,
                  "Actual Total Time": 341.403,
                  "Actual Rows": 170278,
                  "Actual Loops": 4,
                  "Inner Unique": true,
                  "Hash Cond": "(mk.movie_id = t.id)",
                  "Plans": [
                    {
                      "Node Type": "Seq Scan",
                      "Parent Relationship": "Outer",
                      "Parallel Aware": true,
                      "Relation Name": "movie_keyword",
                      "Alias": "mk",
                      "Startup Cost": 0.0,
                      "Total Cost": 42695.65,
                      "Plan Rows": 309744,
                      "Plan Width": 4,
                      "Actual Startup Time": 0.035,
                      "Actual Total Time": 94.056,
                      "Actual Rows": 241554,
                      "Actual Loops": 4,
                      "Filter": "(keyword_id < 910)",
                      "Rows Removed by Filter": 889429
                    },
                    {
                      "Node Type": "Hash",
                      "Parent Relationship": "Inner",
                      "Parallel Aware": true,
                      "Startup Cost": 45479.59,
                      "Total Cost": 45479.59,
                      "Plan Rows": 212180,
                      "Plan Width": 4,
                      "Actual Startup Time": 184.357,
                      "Actual Total Time": 184.358,
                      "Actual Rows": 190100,
                      "Actual Loops": 4,
                      "Hash Buckets": 1048576,
                      "Original Hash Buckets": 1048576,
                      "Hash Batches": 1,
                      "Original Hash Batches": 1,
                      "Peak Memory Usage": 38016,
                      "Plans": [
                        {
                          "Node Type": "Seq Scan",
                          "Parent Relationship": "Outer",
                          "Parallel Aware": true,
                          "Relation Name": "title",
                          "Alias": "t",
                          "Startup Cost": 0.0,
                          "Total Cost": 45479.59,
                          "Plan Rows": 212180,
                          "Plan Width": 4,
                          "Actual Startup Time": 0.039,
                          "Actual Total Time": 108.976,
                          "Actual Rows": 190100,
                          "Actual Loops": 4,
                          "Filter": "((kind_id < 7) AND (production_year > 1964))",
                          "Rows Removed by Filter": 441978
                        }
                      ]
                    }
                  ]
                }
              ]
            }
          ]
        }
      ]
    },
    "Planning Time": 0.624,
    "Triggers": [],
    "Execution Time": 379.648
  }
]