[
  {
    "Plan": {
      "Node Type": "Aggregate",
      "Strategy": "Plain",
      "Partial Mode": "Finalize",
      "Parallel Aware": false,
      "Startup Cost": 39944.44,
      "Total Cost": 39944.45,
      "Plan Rows": 1,
      "Plan Width": 8,
      "Actual Startup Time": 54.557,
      "Actual Total Time": 61.811,
      "Actual Rows": 1,
      "Actual Loops": 1,
      "Plans": [
        {
          "Node Type": "Gather",
          "Parent Relationship": "Outer",
          "Parallel Aware": false,
          "Startup Cost": 39944.22,
          "Total Cost": 39944.43,
          "Plan Rows": 2,
          "Plan Width": 8,
          "Actual Startup Time": 54.309,
          "Actual Total Time": 61.805,
          "Actual Rows": 3,
          "Actual Loops": 1,
          "Workers Planned": 2,
          "Workers Launched": 2,
          "Single Copy": false,
          "Plans": [
            {
              "Node Type": "Aggregate",
              "Strategy": "Plain",
              "Partial Mode": "Partial",
              "Parent Relationship": "Outer",
              "Parallel Aware": false,
              "Startup Cost": 38944.22,
              "Total Cost": 38944.23,
              "Plan Rows": 1,
              "Plan Width": 8,
              "Actual Startup Time": 46.204,
              "Actual Total Time": 46.206,
              "Actual Rows": 1,
              "Actual Loops": 3,
              "Plans": [
                {
                  "Node Type": "Nested Loop",
                  "Parent Relationship": "Outer",
                  "Parallel Aware": false,
                  "Join Type": "Inner",
                  "Startup Cost": 169.63,
                  "Total Cost": 38943.71,
                  "Plan Rows": 205,
                  "Plan Width": 0,
                  "Actual Startup Time": 10.14,
                  "Actual Total Time": 46.179,
                  "Actual Rows": 79,
                  "Actual Loops": 3,
                  "Inner Unique": true,
                  "Plans": [
                    {
                      "Node Type": "Bitmap Heap Scan",
                      "Parent Relationship": "Outer",
                      "Parallel Aware": true,
                      "Relation Name": "movie_keyword",
                      "Alias": "mk",
                      "Startup Cost": 169.2,
                      "Total Cost": 16584.09,
                      "Plan Rows": 3267,
                      "Plan Width": 4,
                      "Actual Startup Time": 4.153,
                      "Actual Total Time": 16.652,
                      "Actual Rows": 3314,
                      "Actual Loops": 3,
                      "Recheck Cond": "(keyword_id = 56)",
                      "Rows Removed by Index Recheck": 0,
                      "Exact Heap Blocks": 5528,
                      "Lossy Heap Blocks": 0,
                      "Plans": [
                        {
                          "Node Type": "Bitmap Index Scan",
                          "Parent Relationship": "Outer",
                          "Parallel Aware": false,
                          "Index Name": "keyword_id_movie_keyword",
                          "Startup Cost": 0.0,
                          "Total Cost": 167.24,
                          "Plan Rows": 7841,
                          "Plan Width": 0,
                          "Actual Startup Time": 7.542,
                          "Actual Total Time": 7.542,
                          "Actual Rows": 9942,
                          "Actual Loops": 1,
                          "Index Cond": "(keyword_id = 56)"
                        }
                      ]
                    },
                    {
                      "Node Type": "Index Scan",
                      "Parent Relationship": "Inner",
                      "Parallel Aware": false,
                      "Scan Direction": "Forward",
                      "Index Name": "title_pkey",
                      "Relation Name": "title",
                      "Alias": "t",
                      "Startup Cost": 0.43,
                      "Total Cost": 6.84,
                      "Plan Rows": 1,
                      "Plan Width": 4,
                      "Actual Startup Time": 0.008,
                      "Actual Total Time": 0.008,
                      "Actual Rows": 0,
                      "Actual Loops": 9942,
                      "Index Cond": "(id = mk.movie_id)",
                      "Rows Removed by Index Recheck": 0,
                      "Filter": "(production_year = 2011)",
                      "Rows Removed by Filter": 1
                    }
                  ]
                }
              ]
            }
          ]
        }
      ]
    },
    "Planning Time": 0.653,
    "Triggers": [],
    "Execution Time": 61.903
  }
]