[
  {
    "Plan": {
      "Node Type": "Aggregate",
      "Strategy": "Plain",
      "Partial Mode": "Finalize",
      "Parallel Aware": false,
      "Startup Cost": 337966.93,
      "Total Cost": 337966.94,
      "Plan Rows": 1,
      "Plan Width": 8,
      "Actual Startup Time": 729.323,
      "Actual Total Time": 771.279,
      "Actual Rows": 1,
      "Actual Loops": 1,
      "Plans": [
        {
          "Node Type": "Gather",
          "Parent Relationship": "Outer",
          "Parallel Aware": false,
          "Startup Cost": 337966.3,
          "Total Cost": 337966.91,
          "Plan Rows": 6,
          "Plan Width": 8,
          "Actual Startup Time": 729.117,
          "Actual Total Time": 771.267,
          "Actual Rows": 7,
          "Actual Loops": 1,
          "Workers Planned": 6,
          "Workers Launched": 6,
          "Single Copy": false,
          "Plans": [
            {
              "Node Type": "Aggregate",
              "Strategy": "Plain",
              "Partial Mode": "Partial",
              "Parent Relationship": "Outer",
              "Parallel Aware": false,
              "Startup Cost": 336966.3,
              "Total Cost": 336966.31,
              "Plan Rows": 1,
              "Plan Width": 8,
              "Actual Startup Time": 720.461,
              "Actual Total Time": 720.462,
              "Actual Rows": 1,
              "Actual Loops": 7,
              "Plans": [
                {
                  "Node Type": "Seq Scan",
                  "Parent Relationship": "Outer",
                  "Parallel Aware": true,
                  "Relation Name": "cast_info",
                  "Alias": "ci",
                  "Startup Cost": 0.0,
                  "Total Cost": 328211.39,
                  "Plan Rows": 3501964,
                  "Plan Width": 0,
                  "Actual Startup Time": 0.057,
                  "Actual Total Time": 582.691,
                  "Actual Rows": 3041065,
                  "Actual Loops": 7,
                  "Filter": "(person_id < 2154522)",
                  "Rows Removed by Filter": 2136698
                }
              ]
            }
          ]
        }
      ]
    },
    "Planning Time": 0.096,
    "Triggers": [],
    "Execution Time": 771.324
  }
]