{
    "Plan": {
        "Node Type": "Aggregate",
        "Strategy": "Plain",
        "Partial Mode": "Simple",
        "Parallel Aware": false,
        "Startup Cost": 30005545791.95,
        "Total Cost": 30005545791.96,
        "Plan Rows": 1,
        "Plan Width": 96,
        "Actual Startup Time": 14938.134,
        "Actual Total Time": 14938.141,
        "Actual Rows": 1,
        "Actual Loops": 1,
        "Output": [
            "min(k.keyword)",
            "min(n.name)",
            "min(t.title)"
        ],
        "Plans": [
            {
                "Node Type": "Nested Loop",
                "Parent Relationship": "Outer",
                "Parallel Aware": false,
                "Join Type": "Inner",
                "Startup Cost": 30005543161.41,
                "Total Cost": 30005545791.95,
                "Plan Rows": 1,
                "Plan Width": 48,
                "Actual Startup Time": 14913.225,
                "Actual Total Time": 14937.636,
                "Actual Rows": 1250,
                "Actual Loops": 1,
                "Output": [
                    "k.keyword",
                    "n.name",
                    "t.title"
                ],
                "Inner Unique": true,
                "Join Filter": "(mk.movie_id = t.id)",
                "Rows Removed by Join Filter": 0,
                "Plans": [
                    {
                        "Node Type": "Hash Join",
                        "Parent Relationship": "Outer",
                        "Parallel Aware": false,
                        "Join Type": "Inner",
                        "Startup Cost": 20005543160.97,
                        "Total Cost": 20005545787.48,
                        "Plan Rows": 1,
                        "Plan Width": 39,
                        "Actual Startup Time": 14913.19,
                        "Actual Total Time": 14921.959,
                        "Actual Rows": 2407,
                        "Actual Loops": 1,
                        "Output": [
                            "ci.movie_id",
                            "mk.movie_id",
                            "k.keyword",
                            "n.name"
                        ],
                        "Inner Unique": false,
                        "Hash Cond": "(k.id = mk.keyword_id)",
                        "Plans": [
                            {
                                "Node Type": "Seq Scan",
                                "Parent Relationship": "Outer",
                                "Parallel Aware": false,
                                "Relation Name": "keyword",
                                "Schema": "public",
                                "Alias": "k",
                                "Startup Cost": 0.0,
                                "Total Cost": 2626.12,
                                "Plan Rows": 1,
                                "Plan Width": 20,
                                "Actual Startup Time": 0.857,
                                "Actual Total Time": 8.878,
                                "Actual Rows": 1,
                                "Actual Loops": 1,
                                "Output": [
                                    "k.id",
                                    "k.keyword",
                                    "k.phonetic_code"
                                ],
                                "Filter": "(k.keyword = 'death'::text)",
                                "Rows Removed by Filter": 134169
                            },
                            {
                                "Node Type": "Hash",
                                "Parent Relationship": "Inner",
                                "Parallel Aware": false,
                                "Startup Cost": 20005542943.6,
                                "Total Cost": 20005542943.6,
                                "Plan Rows": 17390,
                                "Plan Width": 27,
                                "Actual Startup Time": 14912.215,
                                "Actual Total Time": 14912.22,
                                "Actual Rows": 974696,
                                "Actual Loops": 1,
                                "Output": [
                                    "ci.movie_id",
                                    "mk.keyword_id",
                                    "mk.movie_id",
                                    "n.name"
                                ],
                                "Hash Buckets": 1048576,
                                "Original Hash Buckets": 32768,
                                "Hash Batches": 1,
                                "Original Hash Batches": 1,
                                "Peak Memory Usage": 64510,
                                "Plans": [
                                    {
                                        "Node Type": "Hash Join",
                                        "Parent Relationship": "Outer",
                                        "Parallel Aware": false,
                                        "Join Type": "Inner",
                                        "Startup Cost": 20005456111.68,
                                        "Total Cost": 20005542943.6,
                                        "Plan Rows": 17390,
                                        "Plan Width": 27,
                                        "Actual Startup Time": 14040.4,
                                        "Actual Total Time": 14759.488,
                                        "Actual Rows": 974696,
                                        "Actual Loops": 1,
                                        "Output": [
                                            "ci.movie_id",
                                            "mk.keyword_id",
                                            "mk.movie_id",
                                            "n.name"
                                        ],
                                        "Inner Unique": false,
                                        "Hash Cond": "(mk.movie_id = ci.movie_id)",
                                        "Plans": [
                                            {
                                                "Node Type": "Seq Scan",
                                                "Parent Relationship": "Outer",
                                                "Parallel Aware": false,
                                                "Relation Name": "movie_keyword",
                                                "Schema": "public",
                                                "Alias": "mk",
                                                "Startup Cost": 0.0,
                                                "Total Cost": 69693.3,
                                                "Plan Rows": 4523930,
                                                "Plan Width": 8,
                                                "Actual Startup Time": 0.036,
                                                "Actual Total Time": 288.48,
                                                "Actual Rows": 4523930,
                                                "Actual Loops": 1,
                                                "Output": [
                                                    "mk.id",
                                                    "mk.movie_id",
                                                    "mk.keyword_id"
                                                ]
                                            },
                                            {
                                                "Node Type": "Hash",
                                                "Parent Relationship": "Inner",
                                                "Parallel Aware": false,
                                                "Startup Cost": 20005456066.34,
                                                "Total Cost": 20005456066.34,
                                                "Plan Rows": 3627,
                                                "Plan Width": 19,
                                                "Actual Startup Time": 14040.345,
                                                "Actual Total Time": 14040.348,
                                                "Actual Rows": 135548,
                                                "Actual Loops": 1,
                                                "Output": [
                                                    "ci.movie_id",
                                                    "n.name"
                                                ],
                                                "Hash Buckets": 262144,
                                                "Original Hash Buckets": 4096,
                                                "Hash Batches": 1,
                                                "Original Hash Batches": 1,
                                                "Peak Memory Usage": 8812,
                                                "Plans": [
                                                    {
                                                        "Node Type": "Merge Join",
                                                        "Parent Relationship": "Outer",
                                                        "Parallel Aware": false,
                                                        "Join Type": "Inner",
                                                        "Startup Cost": 20005274764.17,
                                                        "Total Cost": 20005456066.34,
                                                        "Plan Rows": 3627,
                                                        "Plan Width": 19,
                                                        "Actual Startup Time": 10713.825,
                                                        "Actual Total Time": 14020.204,
                                                        "Actual Rows": 135548,
                                                        "Actual Loops": 1,
                                                        "Output": [
                                                            "ci.movie_id",
                                                            "n.name"
                                                        ],
                                                        "Inner Unique": false,
                                                        "Merge Cond": "(n.id = ci.person_id)",
                                                        "Plans": [
                                                            {
                                                                "Node Type": "Sort",
                                                                "Parent Relationship": "Outer",
                                                                "Parallel Aware": false,
                                                                "Startup Cost": 10000107725.51,
                                                                "Total Cost": 10000107726.55,
                                                                "Plan Rows": 417,
                                                                "Plan Width": 19,
                                                                "Actual Startup Time": 516.951,
                                                                "Actual Total Time": 518.673,
                                                                "Actual Rows": 16482,
                                                                "Actual Loops": 1,
                                                                "Output": [
                                                                    "n.name",
                                                                    "n.id"
                                                                ],
                                                                "Sort Key": [
                                                                    "n.id"
                                                                ],
                                                                "Sort Method": "quicksort",
                                                                "Sort Space Used": 1972,
                                                                "Sort Space Type": "Memory",
                                                                "Plans": [
                                                                    {
                                                                        "Node Type": "Seq Scan",
                                                                        "Parent Relationship": "Outer",
                                                                        "Parallel Aware": false,
                                                                        "Relation Name": "name",
                                                                        "Schema": "public",
                                                                        "Alias": "n",
                                                                        "Startup Cost": 10000000000.0,
                                                                        "Total Cost": 10000107707.36,
                                                                        "Plan Rows": 417,
                                                                        "Plan Width": 19,
                                                                        "Actual Startup Time": 0.471,
                                                                        "Actual Total Time": 512.888,
                                                                        "Actual Rows": 16957,
                                                                        "Actual Loops": 1,
                                                                        "Output": [
                                                                            "n.name",
                                                                            "n.id"
                                                                        ],
                                                                        "Filter": "(n.name ~~ '%Smith,%'::text)",
                                                                        "Rows Removed by Filter": 4150534
                                                                    }
                                                                ]
                                                            },
                                                            {
                                                                "Node Type": "Sort",
                                                                "Parent Relationship": "Inner",
                                                                "Parallel Aware": false,
                                                                "Startup Cost": 10005167038.66,
                                                                "Total Cost": 10005257670.6,
                                                                "Plan Rows": 36252776,
                                                                "Plan Width": 8,
                                                                "Actual Startup Time": 10196.817,
                                                                "Actual Total Time": 11679.891,
                                                                "Actual Rows": 36244344,
                                                                "Actual Loops": 1,
                                                                "Output": [
                                                                    "ci.movie_id",
                                                                    "ci.person_id"
                                                                ],
                                                                "Sort Key": [
                                                                    "ci.person_id"
                                                                ],
                                                                "Sort Method": "quicksort",
                                                                "Sort Space Used": 3097055,
                                                                "Sort Space Type": "Memory",
                                                                "Plans": [
                                                                    {
                                                                        "Node Type": "Seq Scan",
                                                                        "Parent Relationship": "Outer",
                                                                        "Parallel Aware": false,
                                                                        "Relation Name": "cast_info",
                                                                        "Schema": "public",
                                                                        "Alias": "ci",
                                                                        "Startup Cost": 10000000000.0,
                                                                        "Total Cost": 10000615214.76,
                                                                        "Plan Rows": 36252776,
                                                                        "Plan Width": 8,
                                                                        "Actual Startup Time": 0.027,
                                                                        "Actual Total Time": 3495.758,
                                                                        "Actual Rows": 36244344,
                                                                        "Actual Loops": 1,
                                                                        "Output": [
                                                                            "ci.movie_id",
                                                                            "ci.person_id"
                                                                        ]
                                                                    }
                                                                ]
                                                            }
                                                        ]
                                                    }
                                                ]
                                            }
                                        ]
                                    }
                                ]
                            }
                        ]
                    },
                    {
                        "Node Type": "Bitmap Heap Scan",
                        "Parent Relationship": "Inner",
                        "Parallel Aware": false,
                        "Relation Name": "title",
                        "Schema": "public",
                        "Alias": "t",
                        "Startup Cost": 0.44,
                        "Total Cost": 4.45,
                        "Plan Rows": 1,
                        "Plan Width": 21,
                        "Actual Startup Time": 0.005,
                        "Actual Total Time": 0.005,
                        "Actual Rows": 1,
                        "Actual Loops": 2407,
                        "Output": [
                            "t.id",
                            "t.title",
                            "t.imdb_index",
                            "t.kind_id",
                            "t.production_year",
                            "t.imdb_id",
                            "t.phonetic_code",
                            "t.episode_of_id",
                            "t.season_nr",
                            "t.episode_nr",
                            "t.series_years",
                            "t.md5sum"
                        ],
                        "Recheck Cond": "(t.id = ci.movie_id)",
                        "Rows Removed by Index Recheck": 0,
                        "Filter": "(t.production_year > 2003)",
                        "Rows Removed by Filter": 0,
                        "Exact Heap Blocks": 2407,
                        "Lossy Heap Blocks": 0,
                        "Plans": [
                            {
                                "Node Type": "Bitmap Index Scan",
                                "Parent Relationship": "Outer",
                                "Parallel Aware": false,
                                "Index Name": "title_pkey",
                                "Startup Cost": 0.0,
                                "Total Cost": 0.44,
                                "Plan Rows": 1,
                                "Plan Width": 0,
                                "Actual Startup Time": 0.003,
                                "Actual Total Time": 0.003,
                                "Actual Rows": 1,
                                "Actual Loops": 2407,
                                "Index Cond": "(t.id = ci.movie_id)"
                            }
                        ]
                    }
                ]
            }
        ]
    },
    "Planning Time": 1.808,
    "Triggers": [],
    "Execution Time": 14938.858
}