[
  {
    "Plan": {
      "Node Type": "Aggregate",
      "Strategy": "Plain",
      "Partial Mode": "Finalize",
      "Parallel Aware": false,
      "Startup Cost": 90829.62,
      "Total Cost": 90829.63,
      "Plan Rows": 1,
      "Plan Width": 8,
      "Actual Startup Time": 146.319,
      "Actual Total Time": 174.326,
      "Actual Rows": 1,
      "Actual Loops": 1,
      "Plans": [
        {
          "Node Type": "Gather",
          "Parent Relationship": "Outer",
          "Parallel Aware": false,
          "Startup Cost": 90829.2,
          "Total Cost": 90829.61,
          "Plan Rows": 4,
          "Plan Width": 8,
          "Actual Startup Time": 145.968,
          "Actual Total Time": 174.312,
          "Actual Rows": 5,
          "Actual Loops": 1,
          "Workers Planned": 4,
          "Workers Launched": 4,
          "Single Copy": false,
          "Plans": [
            {
              "Node Type": "Aggregate",
              "Strategy": "Plain",
              "Partial Mode": "Partial",
              "Parent Relationship": "Outer",
              "Parallel Aware": false,
              "Startup Cost": 89829.2,
              "Total Cost": 89829.21,
              "Plan Rows": 1,
              "Plan Width": 8,
              "Actual Startup Time": 135.86,
              "Actual Total Time": 135.864,
              "Actual Rows": 1,
              "Actual Loops": 5,
              "Plans": [
                {
                  "Node Type": "Nested Loop",
                  "Parent Relationship": "Outer",
                  "Parallel Aware": false,
                  "Join Type": "Inner",
                  "Startup Cost": 1.43,
                  "Total Cost": 89777.14,
                  "Plan Rows": 20822,
                  "Plan Width": 0,
                  "Actual Startup Time": 1.083,
                  "Actual Total Time": 135.212,
                  "Actual Rows": 6837,
                  "Actual Loops": 5,
                  "Inner Unique": false,
                  "Plans": [
                    {
                      "Node Type": "Nested Loop",
                      "Parent Relationship": "Outer",
                      "Parallel Aware": false,
                      "Join Type": "Inner",
                      "Startup Cost": 0.99,
                      "Total Cost": 73431.31,
                      "Plan Rows": 8546,
                      "Plan Width": 8,
                      "Actual Startup Time": 0.779,
                      "Actual Total Time": 92.829,
                      "Actual Rows": 2279,
                      "Actual Loops": 5,
                      "Inner Unique": true,
                      "Plans": [
                        {
                          "Node Type": "Index Scan",
                          "Parent Relationship": "Outer",
                          "Parallel Aware": true,
                          "Scan Direction": "Forward",
                          "Index Name": "role_id_cast_info",
                          "Relation Name": "cast_info",
                          "Alias": "ci",
                          "Startup Cost": 0.56,
                          "Total Cost": 29878.05,
                          "Plan Rows": 12186,
                          "Plan Width": 4,
                          "Actual Startup Time": 0.17,
                          "Actual Total Time": 50.696,
                          "Actual Rows": 4450,
                          "Actual Loops": 5,
                          "Index Cond": "(role_id = 9)",
                          "Rows Removed by Index Recheck": 0,
                          "Filter": "(person_id < 169400)",
                          "Rows Removed by Filter": 214261
                        },
                        {
                          "Node Type": "Index Scan",
                          "Parent Relationship": "Inner",
                          "Parallel Aware": false,
                          "Scan Direction": "Forward",
                          "Index Name": "title_pkey",
                          "Relation Name": "title",
                          "Alias": "t",
                          "Startup Cost": 0.43,
                          "Total Cost": 3.57,
                          "Plan Rows": 1,
                          "Plan Width": 4,
                          "Actual Startup Time": 0.009,
                          "Actual Total Time": 0.009,
                          "Actual Rows": 1,
                          "Actual Loops": 22251,
                          "Index Cond": "(id = ci.movie_id)",
                          "Rows Removed by Index Recheck": 0,
                          "Filter": "(kind_id > 2)",
                          "Rows Removed by Filter": 0
                        }
                      ]
                    },
                    {
                      "Node Type": "Index Scan",
                      "Parent Relationship": "Inner",
                      "Parallel Aware": false,
                      "Scan Direction": "Forward",
                      "Index Name": "movie_id_movie_info",
                      "Relation Name": "movie_info",
                      "Alias": "mi",
                      "Startup Cost": 0.43,
                      "Total Cost": 1.74,
                      "Plan Rows": 17,
                      "Plan Width": 4,
                      "Actual Startup Time": 0.01,
                      "Actual Total Time": 0.018,
                      "Actual Rows": 3,
                      "Actual Loops": 11395,
                      "Index Cond": "(movie_id = t.id)",
                      "Rows Removed by Index Recheck": 0,
                      "Filter": "(info_type_id > 8)",
                      "Rows Removed by Filter": 3
                    }
                  ]
                }
              ]
            }
          ]
        }
      ]
    },
    "Planning Time": 0.57,
    "Triggers": [],
    "Execution Time": 174.378
  }
]