[
  {
    "Plan": {
      "Node Type": "Aggregate",
      "Strategy": "Plain",
      "Partial Mode": "Finalize",
      "Parallel Aware": false,
      "Startup Cost": 89577.12,
      "Total Cost": 89577.13,
      "Plan Rows": 1,
      "Plan Width": 8,
      "Actual Startup Time": 258.619,
      "Actual Total Time": 277.871,
      "Actual Rows": 1,
      "Actual Loops": 1,
      "Plans": [
        {
          "Node Type": "Gather",
          "Parent Relationship": "Outer",
          "Parallel Aware": false,
          "Startup Cost": 89576.8,
          "Total Cost": 89577.11,
          "Plan Rows": 3,
          "Plan Width": 8,
          "Actual Startup Time": 258.289,
          "Actual Total Time": 277.863,
          "Actual Rows": 4,
          "Actual Loops": 1,
          "Workers Planned": 3,
          "Workers Launched": 3,
          "Single Copy": false,
          "Plans": [
            {
              "Node Type": "Aggregate",
              "Strategy": "Plain",
              "Partial Mode": "Partial",
              "Parent Relationship": "Outer",
              "Parallel Aware": false,
              "Startup Cost": 88576.8,
              "Total Cost": 88576.81,
              "Plan Rows": 1,
              "Plan Width": 8,
              "Actual Startup Time": 254.849,
              "Actual Total Time": 254.852,
              "Actual Rows": 1,
              "Actual Loops": 4,
              "Plans": [
                {
                  "Node Type": "Hash Join",
                  "Parent Relationship": "Outer",
                  "Parallel Aware": true,
                  "Join Type": "Inner",
                  "Startup Cost": 45629.5,
                  "Total Cost": 88507.58,
                  "Plan Rows": 27688,
                  "Plan Width": 0,
                  "Actual Startup Time": 88.876,
                  "Actual Total Time": 253.626,
                  "Actual Rows": 26845,
                  "Actual Loops": 4,
                  "Inner Unique": true,
                  "Hash Cond": "(mk.movie_id = t.id)",
                  "Plans": [
                    {
                      "Node Type": "Seq Scan",
                      "Parent Relationship": "Outer",
                      "Parallel Aware": true,
                      "Relation Name": "movie_keyword",
                      "Alias": "mk",
                      "Startup Cost": 0.0,
                      "Total Cost": 39047.32,
                      "Plan Rows": 1459332,
                      "Plan Width": 4,
                      "Actual Startup Time": 0.027,
                      "Actual Total Time": 84.911,
                      "Actual Rows": 1130982,
                      "Actual Loops": 4
                    },
                    {
                      "Node Type": "Hash",
                      "Parent Relationship": "Inner",
                      "Parallel Aware": true,
                      "Startup Cost": 45479.59,
                      "Total Cost": 45479.59,
                      "Plan Rows": 11993,
                      "Plan Width": 4,
                      "Actual Startup Time": 88.232,
                      "Actual Total Time": 88.233,
                      "Actual Rows": 10225,
                      "Actual Loops": 4,
                      "Hash Buckets": 65536,
                      "Original Hash Buckets": 65536,
                      "Hash Batches": 1,
                      "Original Hash Batches": 1,
                      "Peak Memory Usage": 2176,
                      "Plans": [
                        {
                          "Node Type": "Seq Scan",
                          "Parent Relationship": "Outer",
                          "Parallel Aware": true,
                          "Relation Name": "title",
                          "Alias": "t",
                          "Startup Cost": 0.0,
                          "Total Cost": 45479.59,
                          "Plan Rows": 11993,
                          "Plan Width": 4,
                          "Actual Startup Time": 0.092,
                          "Actual Total Time": 84.216,
                          "Actual Rows": 10225,
                          "Actual Loops": 4,
                          "Filter": "((kind_id < 4) AND (production_year = 2010))",
                          "Rows Removed by Filter": 621853
                        }
                      ]
                    }
                  ]
                }
              ]
            }
          ]
        }
      ]
    },
    "Planning Time": 0.315,
    "Triggers": [],
    "Execution Time": 277.914
  }
]