[
  {
    "Plan": {
      "Node Type": "Aggregate",
      "Strategy": "Plain",
      "Partial Mode": "Finalize",
      "Parallel Aware": false,
      "Startup Cost": 91472.6,
      "Total Cost": 91472.61,
      "Plan Rows": 1,
      "Plan Width": 8,
      "Actual Startup Time": 254.33,
      "Actual Total Time": 267.215,
      "Actual Rows": 1,
      "Actual Loops": 1,
      "Plans": [
        {
          "Node Type": "Gather",
          "Parent Relationship": "Outer",
          "Parallel Aware": false,
          "Startup Cost": 91472.28,
          "Total Cost": 91472.59,
          "Plan Rows": 3,
          "Plan Width": 8,
          "Actual Startup Time": 253.204,
          "Actual Total Time": 267.206,
          "Actual Rows": 4,
          "Actual Loops": 1,
          "Workers Planned": 3,
          "Workers Launched": 3,
          "Single Copy": false,
          "Plans": [
            {
              "Node Type": "Aggregate",
              "Strategy": "Plain",
              "Partial Mode": "Partial",
              "Parent Relationship": "Outer",
              "Parallel Aware": false,
              "Startup Cost": 90472.28,
              "Total Cost": 90472.29,
              "Plan Rows": 1,
              "Plan Width": 8,
              "Actual Startup Time": 245.554,
              "Actual Total Time": 245.557,
              "Actual Rows": 1,
              "Actual Loops": 4,
              "Plans": [
                {
                  "Node Type": "Hash Join",
                  "Parent Relationship": "Outer",
                  "Parallel Aware": true,
                  "Join Type": "Inner",
                  "Startup Cost": 46623.98,
                  "Total Cost": 90332.51,
                  "Plan Rows": 55907,
                  "Plan Width": 0,
                  "Actual Startup Time": 138.933,
                  "Actual Total Time": 242.335,
                  "Actual Rows": 66132,
                  "Actual Loops": 4,
                  "Inner Unique": true,
                  "Hash Cond": "(mk.movie_id = t.id)",
                  "Plans": [
                    {
                      "Node Type": "Seq Scan",
                      "Parent Relationship": "Outer",
                      "Parallel Aware": true,
                      "Relation Name": "movie_keyword",
                      "Alias": "mk",
                      "Startup Cost": 0.0,
                      "Total Cost": 42695.65,
                      "Plan Rows": 385858,
                      "Plan Width": 4,
                      "Actual Startup Time": 0.941,
                      "Actual Total Time": 89.215,
                      "Actual Rows": 292519,
                      "Actual Loops": 4,
                      "Filter": "(keyword_id > 15962)",
                      "Rows Removed by Filter": 838464
                    },
                    {
                      "Node Type": "Hash",
                      "Parent Relationship": "Inner",
                      "Parallel Aware": true,
                      "Startup Cost": 45479.21,
                      "Total Cost": 45479.21,
                      "Plan Rows": 91582,
                      "Plan Width": 4,
                      "Actual Startup Time": 114.354,
                      "Actual Total Time": 114.354,
                      "Actual Rows": 68504,
                      "Actual Loops": 4,
                      "Hash Buckets": 524288,
                      "Original Hash Buckets": 524288,
                      "Hash Batches": 1,
                      "Original Hash Batches": 1,
                      "Peak Memory Usage": 14880,
                      "Plans": [
                        {
                          "Node Type": "Seq Scan",
                          "Parent Relationship": "Outer",
                          "Parallel Aware": true,
                          "Relation Name": "title",
                          "Alias": "t",
                          "Startup Cost": 0.0,
                          "Total Cost": 45479.21,
                          "Plan Rows": 91582,
                          "Plan Width": 4,
                          "Actual Startup Time": 45.496,
                          "Actual Total Time": 93.413,
                          "Actual Rows": 68504,
                          "Actual Loops": 4,
                          "Filter": "((production_year > 2000) AND (kind_id = 1))",
                          "Rows Removed by Filter": 563574
                        }
                      ]
                    }
                  ]
                }
              ]
            }
          ]
        }
      ]
    },
    "Planning Time": 0.604,
    "Triggers": [],
    "Execution Time": 267.279
  }
]