[
    {
        "Bao": {
            "Bao prediction": "NaN",
            "Bao recommended hint": "(no hint)"
        }
    },
    {
        "Plan": {
            "Node Type": "Aggregate",
            "Strategy": "Plain",
            "Partial Mode": "Finalize",
            "Parallel Aware": false,
            "Startup Cost": 355701.91,
            "Total Cost": 355701.92,
            "Plan Rows": 1,
            "Plan Width": 8,
            "Actual Startup Time": 1014.21,
            "Actual Total Time": 1044.109,
            "Actual Rows": 1,
            "Actual Loops": 1,
            "Output": [
                "count(*)"
            ],
            "Plans": [
                {
                    "Node Type": "Gather",
                    "Parent Relationship": "Outer",
                    "Parallel Aware": false,
                    "Startup Cost": 355701.28,
                    "Total Cost": 355701.89,
                    "Plan Rows": 6,
                    "Plan Width": 8,
                    "Actual Startup Time": 1014.092,
                    "Actual Total Time": 1044.1,
                    "Actual Rows": 7,
                    "Actual Loops": 1,
                    "Output": [
                        "(PARTIAL count(*))"
                    ],
                    "Workers Planned": 6,
                    "Workers Launched": 6,
                    "Single Copy": false,
                    "Plans": [
                        {
                            "Node Type": "Aggregate",
                            "Strategy": "Plain",
                            "Partial Mode": "Partial",
                            "Parent Relationship": "Outer",
                            "Parallel Aware": false,
                            "Startup Cost": 354701.28,
                            "Total Cost": 354701.29,
                            "Plan Rows": 1,
                            "Plan Width": 8,
                            "Actual Startup Time": 1004.133,
                            "Actual Total Time": 1004.134,
                            "Actual Rows": 1,
                            "Actual Loops": 7,
                            "Output": [
                                "PARTIAL count(*)"
                            ],
                            "Workers": [
                                {
                                    "Worker Number": 0,
                                    "Actual Startup Time": 1000.262,
                                    "Actual Total Time": 1000.263,
                                    "Actual Rows": 1,
                                    "Actual Loops": 1
                                },
                                {
                                    "Worker Number": 1,
                                    "Actual Startup Time": 1002.784,
                                    "Actual Total Time": 1002.786,
                                    "Actual Rows": 1,
                                    "Actual Loops": 1
                                },
                                {
                                    "Worker Number": 2,
                                    "Actual Startup Time": 1003.672,
                                    "Actual Total Time": 1003.673,
                                    "Actual Rows": 1,
                                    "Actual Loops": 1
                                },
                                {
                                    "Worker Number": 3,
                                    "Actual Startup Time": 1000.29,
                                    "Actual Total Time": 1000.291,
                                    "Actual Rows": 1,
                                    "Actual Loops": 1
                                },
                                {
                                    "Worker Number": 4,
                                    "Actual Startup Time": 1004.076,
                                    "Actual Total Time": 1004.078,
                                    "Actual Rows": 1,
                                    "Actual Loops": 1
                                },
                                {
                                    "Worker Number": 5,
                                    "Actual Startup Time": 1004.078,
                                    "Actual Total Time": 1004.08,
                                    "Actual Rows": 1,
                                    "Actual Loops": 1
                                }
                            ],
                            "Plans": [
                                {
                                    "Node Type": "Seq Scan",
                                    "Parent Relationship": "Outer",
                                    "Parallel Aware": true,
                                    "Relation Name": "cast_info",
                                    "Schema": "public",
                                    "Alias": "ci",
                                    "Startup Cost": 0.0,
                                    "Total Cost": 343318.94,
                                    "Plan Rows": 4552938,
                                    "Plan Width": 0,
                                    "Actual Startup Time": 0.062,
                                    "Actual Total Time": 782.339,
                                    "Actual Rows": 4259007,
                                    "Actual Loops": 7,
                                    "Output": [
                                        "id",
                                        "person_id",
                                        "movie_id",
                                        "person_role_id",
                                        "note",
                                        "nr_order",
                                        "role_id"
                                    ],
                                    "Filter": "((ci.person_id < 3350494) AND (ci.role_id < 9))",
                                    "Rows Removed by Filter": 918756,
                                    "Workers": [
                                        {
                                            "Worker Number": 0,
                                            "Actual Startup Time": 0.075,
                                            "Actual Total Time": 781.872,
                                            "Actual Rows": 3084842,
                                            "Actual Loops": 1
                                        },
                                        {
                                            "Worker Number": 1,
                                            "Actual Startup Time": 0.065,
                                            "Actual Total Time": 782.709,
                                            "Actual Rows": 4281875,
                                            "Actual Loops": 1
                                        },
                                        {
                                            "Worker Number": 2,
                                            "Actual Startup Time": 0.058,
                                            "Actual Total Time": 787.561,
                                            "Actual Rows": 4495090,
                                            "Actual Loops": 1
                                        },
                                        {
                                            "Worker Number": 3,
                                            "Actual Startup Time": 0.1,
                                            "Actual Total Time": 781.964,
                                            "Actual Rows": 3146936,
                                            "Actual Loops": 1
                                        },
                                        {
                                            "Worker Number": 4,
                                            "Actual Startup Time": 0.061,
                                            "Actual Total Time": 787.103,
                                            "Actual Rows": 4574334,
                                            "Actual Loops": 1
                                        },
                                        {
                                            "Worker Number": 5,
                                            "Actual Startup Time": 0.062,
                                            "Actual Total Time": 786.553,
                                            "Actual Rows": 4588614,
                                            "Actual Loops": 1
                                        }
                                    ]
                                }
                            ]
                        }
                    ]
                }
            ]
        },
        "Planning Time": 187.814,
        "Triggers": [],
        "Execution Time": 1044.178
    }
]