[
  {
    "Plan": {
      "Node Type": "Aggregate",
      "Strategy": "Plain",
      "Partial Mode": "Finalize",
      "Parallel Aware": false,
      "Startup Cost": 45333.91,
      "Total Cost": 45333.92,
      "Plan Rows": 1,
      "Plan Width": 8,
      "Actual Startup Time": 153.679,
      "Actual Total Time": 164.223,
      "Actual Rows": 1,
      "Actual Loops": 1,
      "Plans": [
        {
          "Node Type": "Gather",
          "Parent Relationship": "Outer",
          "Parallel Aware": false,
          "Startup Cost": 45333.59,
          "Total Cost": 45333.9,
          "Plan Rows": 3,
          "Plan Width": 8,
          "Actual Startup Time": 153.456,
          "Actual Total Time": 164.214,
          "Actual Rows": 4,
          "Actual Loops": 1,
          "Workers Planned": 3,
          "Workers Launched": 3,
          "Single Copy": false,
          "Plans": [
            {
              "Node Type": "Aggregate",
              "Strategy": "Plain",
              "Partial Mode": "Partial",
              "Parent Relationship": "Outer",
              "Parallel Aware": false,
              "Startup Cost": 44333.59,
              "Total Cost": 44333.6,
              "Plan Rows": 1,
              "Plan Width": 8,
              "Actual Startup Time": 144.966,
              "Actual Total Time": 144.967,
              "Actual Rows": 1,
              "Actual Loops": 4,
              "Plans": [
                {
                  "Node Type": "Seq Scan",
                  "Parent Relationship": "Outer",
                  "Parallel Aware": true,
                  "Relation Name": "movie_keyword",
                  "Alias": "mk",
                  "Startup Cost": 0.0,
                  "Total Cost": 42695.65,
                  "Plan Rows": 655176,
                  "Plan Width": 0,
                  "Actual Startup Time": 0.631,
                  "Actual Total Time": 119.794,
                  "Actual Rows": 507008,
                  "Actual Loops": 4,
                  "Filter": "(keyword_id > 6088)",
                  "Rows Removed by Filter": 623974
                }
              ]
            }
          ]
        }
      ]
    },
    "Planning Time": 0.114,
    "Triggers": [],
    "Execution Time": 164.262
  }
]