{
  "Plan": {
    "Node Type": "Aggregate",
    "Strategy": "Plain",
    "Partial Mode": "Finalize",
    "Parallel Aware": false,
    "Startup Cost": 1905047.25,
    "Total Cost": 1905047.26,
    "Plan Rows": 1,
    "Plan Width": 8,
    "Actual Startup Time": 9450.307,
    "Actual Total Time": 9507.82,
    "Actual Rows": 1,
    "Actual Loops": 1,
    "Plans": [
      {
        "Node Type": "Gather",
        "Parent Relationship": "Outer",
        "Parallel Aware": false,
        "Startup Cost": 1905047.14,
        "Total Cost": 1905047.25,
        "Plan Rows": 1,
        "Plan Width": 8,
        "Actual Startup Time": 9420.465,
        "Actual Total Time": 9507.811,
        "Actual Rows": 2,
        "Actual Loops": 1,
        "Workers Planned": 1,
        "Workers Launched": 1,
        "Single Copy": false,
        "Plans": [
          {
            "Node Type": "Aggregate",
            "Strategy": "Plain",
            "Partial Mode": "Partial",
            "Parent Relationship": "Outer",
            "Parallel Aware": false,
            "Startup Cost": 1904047.14,
            "Total Cost": 1904047.15,
            "Plan Rows": 1,
            "Plan Width": 8,
            "Actual Startup Time": 9410.699,
            "Actual Total Time": 9410.707,
            "Actual Rows": 1,
            "Actual Loops": 2,
            "Plans": [
              {
                "Node Type": "Merge Join",
                "Parent Relationship": "Outer",
                "Parallel Aware": false,
                "Join Type": "Inner",
                "Startup Cost": 1838393.45,
                "Total Cost": 1900988.01,
                "Plan Rows": 1223653,
                "Plan Width": 0,
                "Actual Startup Time": 7454.926,
                "Actual Total Time": 9322.707,
                "Actual Rows": 2173144,
                "Actual Loops": 2,
                "Inner Unique": false,
                "Merge Cond": "(t.id = mi.movie_id)",
                "Plans": [
                  {
                    "Node Type": "Sort",
                    "Parent Relationship": "Outer",
                    "Parallel Aware": false,
                    "Startup Cost": 1633531.16,
                    "Total Cost": 1655668.17,
                    "Plan Rows": 8854804,
                    "Plan Width": 8,
                    "Actual Startup Time": 7288.931,
                    "Actual Total Time": 8322.133,
                    "Actual Rows": 7507855,
                    "Actual Loops": 2,
                    "Sort Key": [
                      "t.id"
                    ],
                    "Sort Method": "quicksort",
                    "Sort Space Used": 553411,
                    "Sort Space Type": "Memory",
                    "Workers": [
                      {
                        "Worker Number": 0,
                        "Sort Method": "quicksort",
                        "Sort Space Used": 543668,
                        "Sort Space Type": "Memory"
                      }
                    ],
                    "Plans": [
                      {
                        "Node Type": "Hash Join",
                        "Parent Relationship": "Outer",
                        "Parallel Aware": true,
                        "Join Type": "Inner",
                        "Startup Cost": 69460.7,
                        "Total Cost": 611774.05,
                        "Plan Rows": 8854804,
                        "Plan Width": 8,
                        "Actual Startup Time": 517.722,
                        "Actual Total Time": 5345.688,
                        "Actual Rows": 7507855,
                        "Actual Loops": 2,
                        "Inner Unique": true,
                        "Hash Cond": "(ci.movie_id = t.id)",
                        "Plans": [
                          {
                            "Node Type": "Seq Scan",
                            "Parent Relationship": "Outer",
                            "Parallel Aware": true,
                            "Relation Name": "cast_info",
                            "Alias": "ci",
                            "Startup Cost": 0.0,
                            "Total Cost": 519069.44,
                            "Plan Rows": 8854804,
                            "Plan Width": 4,
                            "Actual Startup Time": 0.015,
                            "Actual Total Time": 1433.384,
                            "Actual Rows": 7507855,
                            "Actual Loops": 2,
                            "Filter": "(person_id < 1481922)",
                            "Rows Removed by Filter": 10614317
                          },
                          {
                            "Node Type": "Hash",
                            "Parent Relationship": "Inner",
                            "Parallel Aware": true,
                            "Startup Cost": 50870.31,
                            "Total Cost": 50870.31,
                            "Plan Rows": 1487231,
                            "Plan Width": 4,
                            "Actual Startup Time": 501.152,
                            "Actual Total Time": 501.153,
                            "Actual Rows": 1264156,
                            "Actual Loops": 2,
                            "Hash Buckets": 4194304,
                            "Original Hash Buckets": 4194304,
                            "Hash Batches": 1,
                            "Original Hash Batches": 1,
                            "Peak Memory Usage": 131712,
                            "Plans": [
                              {
                                "Node Type": "Seq Scan",
                                "Parent Relationship": "Outer",
                                "Parallel Aware": true,
                                "Relation Name": "title",
                                "Alias": "t",
                                "Startup Cost": 0.0,
                                "Total Cost": 50870.31,
                                "Plan Rows": 1487231,
                                "Plan Width": 4,
                                "Actual Startup Time": 0.018,
                                "Actual Total Time": 149.785,
                                "Actual Rows": 1264156,
                                "Actual Loops": 2
                              }
                            ]
                          }
                        ]
                      }
                    ]
                  },
                  {
                    "Node Type": "Sort",
                    "Parent Relationship": "Inner",
                    "Parallel Aware": false,
                    "Startup Cost": 204861.4,
                    "Total Cost": 205734.87,
                    "Plan Rows": 349387,
                    "Plan Width": 4,
                    "Actual Startup Time": 165.939,
                    "Actual Total Time": 246.403,
                    "Actual Rows": 2219152,
                    "Actual Loops": 2,
                    "Sort Key": [
                      "mi.movie_id"
                    ],
                    "Sort Method": "quicksort",
                    "Sort Space Used": 27704,
                    "Sort Space Type": "Memory",
                    "Workers": [
                      {
                        "Worker Number": 0,
                        "Sort Method": "quicksort",
                        "Sort Space Used": 27704,
                        "Sort Space Type": "Memory"
                      }
                    ],
                    "Plans": [
                      {
                        "Node Type": "Bitmap Heap Scan",
                        "Parent Relationship": "Outer",
                        "Parallel Aware": false,
                        "Relation Name": "movie_info",
                        "Alias": "mi",
                        "Startup Cost": 6332.18,
                        "Total Cost": 172692.52,
                        "Plan Rows": 349387,
                        "Plan Width": 4,
                        "Actual Startup Time": 15.514,
                        "Actual Total Time": 100.109,
                        "Actual Rows": 328857,
                        "Actual Loops": 2,
                        "Recheck Cond": "(info_type_id = 98)",
                        "Rows Removed by Index Recheck": 0,
                        "Exact Heap Blocks": 24545,
                        "Lossy Heap Blocks": 0,
                        "Plans": [
                          {
                            "Node Type": "Bitmap Index Scan",
                            "Parent Relationship": "Outer",
                            "Parallel Aware": false,
                            "Index Name": "info_type_id_movie_info",
                            "Startup Cost": 0.0,
                            "Total Cost": 6244.84,
                            "Plan Rows": 349387,
                            "Plan Width": 0,
                            "Actual Startup Time": 12.491,
                            "Actual Total Time": 12.491,
                            "Actual Rows": 328857,
                            "Actual Loops": 2,
                            "Index Cond": "(info_type_id = 98)"
                          }
                        ]
                      }
                    ]
                  }
                ]
              }
            ]
          }
        ]
      }
    ]
  },
  "Planning Time": 0.622,
  "Triggers": [],
  "Execution Time": 9542.257
}