[
  {
    "Plan": {
      "Node Type": "Aggregate",
      "Strategy": "Plain",
      "Partial Mode": "Finalize",
      "Parallel Aware": false,
      "Startup Cost": 84598.81,
      "Total Cost": 84598.82,
      "Plan Rows": 1,
      "Plan Width": 8,
      "Actual Startup Time": 501.554,
      "Actual Total Time": 523.387,
      "Actual Rows": 1,
      "Actual Loops": 1,
      "Plans": [
        {
          "Node Type": "Gather",
          "Parent Relationship": "Outer",
          "Parallel Aware": false,
          "Startup Cost": 84598.49,
          "Total Cost": 84598.8,
          "Plan Rows": 3,
          "Plan Width": 8,
          "Actual Startup Time": 493.335,
          "Actual Total Time": 523.376,
          "Actual Rows": 4,
          "Actual Loops": 1,
          "Workers Planned": 3,
          "Workers Launched": 3,
          "Single Copy": false,
          "Plans": [
            {
              "Node Type": "Aggregate",
              "Strategy": "Plain",
              "Partial Mode": "Partial",
              "Parent Relationship": "Outer",
              "Parallel Aware": false,
              "Startup Cost": 83598.49,
              "Total Cost": 83598.5,
              "Plan Rows": 1,
              "Plan Width": 8,
              "Actual Startup Time": 473.891,
              "Actual Total Time": 473.896,
              "Actual Rows": 1,
              "Actual Loops": 4,
              "Plans": [
                {
                  "Node Type": "Hash Join",
                  "Parent Relationship": "Outer",
                  "Parallel Aware": true,
                  "Join Type": "Inner",
                  "Startup Cost": 57258.67,
                  "Total Cost": 83331.0,
                  "Plan Rows": 106997,
                  "Plan Width": 0,
                  "Actual Startup Time": 391.044,
                  "Actual Total Time": 469.503,
                  "Actual Rows": 80956,
                  "Actual Loops": 4,
                  "Inner Unique": true,
                  "Hash Cond": "(mk.movie_id = t.id)",
                  "Plans": [
                    {
                      "Node Type": "Bitmap Heap Scan",
                      "Parent Relationship": "Outer",
                      "Parallel Aware": true,
                      "Relation Name": "movie_keyword",
                      "Alias": "mk",
                      "Startup Cost": 7039.03,
                      "Total Cost": 32830.49,
                      "Plan Rows": 106997,
                      "Plan Width": 4,
                      "Actual Startup Time": 22.087,
                      "Actual Total Time": 69.994,
                      "Actual Rows": 80956,
                      "Actual Loops": 4,
                      "Recheck Cond": "(keyword_id > 50618)",
                      "Rows Removed by Index Recheck": 0,
                      "Exact Heap Blocks": 5291,
                      "Lossy Heap Blocks": 0,
                      "Plans": [
                        {
                          "Node Type": "Bitmap Index Scan",
                          "Parent Relationship": "Outer",
                          "Parallel Aware": false,
                          "Index Name": "keyword_id_movie_keyword",
                          "Startup Cost": 0.0,
                          "Total Cost": 6956.11,
                          "Plan Rows": 331690,
                          "Plan Width": 0,
                          "Actual Startup Time": 18.704,
                          "Actual Total Time": 18.705,
                          "Actual Rows": 323826,
                          "Actual Loops": 1,
                          "Index Cond": "(keyword_id > 50618)"
                        }
                      ]
                    },
                    {
                      "Node Type": "Hash",
                      "Parent Relationship": "Inner",
                      "Parallel Aware": true,
                      "Startup Cost": 42318.73,
                      "Total Cost": 42318.73,
                      "Plan Rows": 632073,
                      "Plan Width": 4,
                      "Actual Startup Time": 356.838,
                      "Actual Total Time": 356.839,
                      "Actual Rows": 632078,
                      "Actual Loops": 4,
                      "Hash Buckets": 4194304,
                      "Original Hash Buckets": 4194304,
                      "Hash Batches": 1,
                      "Original Hash Batches": 1,
                      "Peak Memory Usage": 131712,
                      "Plans": [
                        {
                          "Node Type": "Seq Scan",
                          "Parent Relationship": "Outer",
                          "Parallel Aware": true,
                          "Relation Name": "title",
                          "Alias": "t",
                          "Startup Cost": 0.0,
                          "Total Cost": 42318.73,
                          "Plan Rows": 632073,
                          "Plan Width": 4,
                          "Actual Startup Time": 0.039,
                          "Actual Total Time": 104.13,
                          "Actual Rows": 632078,
                          "Actual Loops": 4
                        }
                      ]
                    }
                  ]
                }
              ]
            }
          ]
        }
      ]
    },
    "Planning Time": 0.54,
    "Triggers": [],
    "Execution Time": 523.477
  }
]