[
  {
    "Plan": {
      "Node Type": "Aggregate",
      "Strategy": "Plain",
      "Partial Mode": "Finalize",
      "Parallel Aware": false,
      "Startup Cost": 338709.06,
      "Total Cost": 338709.07,
      "Plan Rows": 1,
      "Plan Width": 8,
      "Actual Startup Time": 906.947,
      "Actual Total Time": 967.996,
      "Actual Rows": 1,
      "Actual Loops": 1,
      "Plans": [
        {
          "Node Type": "Gather",
          "Parent Relationship": "Outer",
          "Parallel Aware": false,
          "Startup Cost": 338708.43,
          "Total Cost": 338709.04,
          "Plan Rows": 6,
          "Plan Width": 8,
          "Actual Startup Time": 906.807,
          "Actual Total Time": 967.986,
          "Actual Rows": 7,
          "Actual Loops": 1,
          "Workers Planned": 6,
          "Workers Launched": 6,
          "Single Copy": false,
          "Plans": [
            {
              "Node Type": "Aggregate",
              "Strategy": "Plain",
              "Partial Mode": "Partial",
              "Parent Relationship": "Outer",
              "Parallel Aware": false,
              "Startup Cost": 337708.43,
              "Total Cost": 337708.44,
              "Plan Rows": 1,
              "Plan Width": 8,
              "Actual Startup Time": 896.76,
              "Actual Total Time": 896.761,
              "Actual Rows": 1,
              "Actual Loops": 7,
              "Plans": [
                {
                  "Node Type": "Seq Scan",
                  "Parent Relationship": "Outer",
                  "Parallel Aware": true,
                  "Relation Name": "cast_info",
                  "Alias": "ci",
                  "Startup Cost": 0.0,
                  "Total Cost": 328162.03,
                  "Plan Rows": 3818562,
                  "Plan Width": 0,
                  "Actual Startup Time": 167.867,
                  "Actual Total Time": 725.383,
                  "Actual Rows": 3275012,
                  "Actual Loops": 7,
                  "Filter": "(person_id > 1313709)",
                  "Rows Removed by Filter": 1902752
                }
              ]
            }
          ]
        }
      ]
    },
    "Planning Time": 0.093,
    "Triggers": [],
    "Execution Time": 968.043
  }
]