[
  {
    "Plan": {
      "Node Type": "Aggregate",
      "Strategy": "Plain",
      "Partial Mode": "Finalize",
      "Parallel Aware": false,
      "Startup Cost": 32281.59,
      "Total Cost": 32281.6,
      "Plan Rows": 1,
      "Plan Width": 8,
      "Actual Startup Time": 151.747,
      "Actual Total Time": 160.183,
      "Actual Rows": 1,
      "Actual Loops": 1,
      "Plans": [
        {
          "Node Type": "Gather",
          "Parent Relationship": "Outer",
          "Parallel Aware": false,
          "Startup Cost": 32281.27,
          "Total Cost": 32281.58,
          "Plan Rows": 3,
          "Plan Width": 8,
          "Actual Startup Time": 151.603,
          "Actual Total Time": 160.172,
          "Actual Rows": 4,
          "Actual Loops": 1,
          "Workers Planned": 3,
          "Workers Launched": 3,
          "Single Copy": false,
          "Plans": [
            {
              "Node Type": "Aggregate",
              "Strategy": "Plain",
              "Partial Mode": "Partial",
              "Parent Relationship": "Outer",
              "Parallel Aware": false,
              "Startup Cost": 31281.27,
              "Total Cost": 31281.28,
              "Plan Rows": 1,
              "Plan Width": 8,
              "Actual Startup Time": 144.162,
              "Actual Total Time": 144.164,
              "Actual Rows": 1,
              "Actual Loops": 4,
              "Plans": [
                {
                  "Node Type": "Seq Scan",
                  "Parent Relationship": "Outer",
                  "Parallel Aware": true,
                  "Relation Name": "movie_companies",
                  "Alias": "mc",
                  "Startup Cost": 0.0,
                  "Total Cost": 29310.68,
                  "Plan Rows": 788236,
                  "Plan Width": 0,
                  "Actual Startup Time": 0.032,
                  "Actual Total Time": 105.518,
                  "Actual Rows": 611986,
                  "Actual Loops": 4,
                  "Filter": "(company_id < 127300)",
                  "Rows Removed by Filter": 40297
                }
              ]
            }
          ]
        }
      ]
    },
    "Planning Time": 0.169,
    "Triggers": [],
    "Execution Time": 160.236
  }
]