[
  {
    "Plan": {
      "Node Type": "Aggregate",
      "Strategy": "Plain",
      "Partial Mode": "Finalize",
      "Parallel Aware": false,
      "Startup Cost": 93839.44,
      "Total Cost": 93839.45,
      "Plan Rows": 1,
      "Plan Width": 8,
      "Actual Startup Time": 583.979,
      "Actual Total Time": 605.015,
      "Actual Rows": 1,
      "Actual Loops": 1,
      "Plans": [
        {
          "Node Type": "Gather",
          "Parent Relationship": "Outer",
          "Parallel Aware": false,
          "Startup Cost": 93839.13,
          "Total Cost": 93839.44,
          "Plan Rows": 3,
          "Plan Width": 8,
          "Actual Startup Time": 570.604,
          "Actual Total Time": 605.005,
          "Actual Rows": 4,
          "Actual Loops": 1,
          "Workers Planned": 3,
          "Workers Launched": 3,
          "Single Copy": false,
          "Plans": [
            {
              "Node Type": "Aggregate",
              "Strategy": "Plain",
              "Partial Mode": "Partial",
              "Parent Relationship": "Outer",
              "Parallel Aware": false,
              "Startup Cost": 92839.13,
              "Total Cost": 92839.14,
              "Plan Rows": 1,
              "Plan Width": 8,
              "Actual Startup Time": 551.419,
              "Actual Total Time": 551.424,
              "Actual Rows": 1,
              "Actual Loops": 4,
              "Plans": [
                {
                  "Node Type": "Hash Join",
                  "Parent Relationship": "Outer",
                  "Parallel Aware": true,
                  "Join Type": "Inner",
                  "Startup Cost": 64545.69,
                  "Total Cost": 92294.53,
                  "Plan Rows": 217840,
                  "Plan Width": 0,
                  "Actual Startup Time": 406.895,
                  "Actual Total Time": 542.721,
                  "Actual Rows": 170046,
                  "Actual Loops": 4,
                  "Inner Unique": true,
                  "Hash Cond": "(mk.movie_id = t.id)",
                  "Plans": [
                    {
                      "Node Type": "Bitmap Heap Scan",
                      "Parent Relationship": "Outer",
                      "Parallel Aware": true,
                      "Relation Name": "movie_keyword",
                      "Alias": "mk",
                      "Startup Cost": 14326.05,
                      "Total Cost": 41503.05,
                      "Plan Rows": 217840,
                      "Plan Width": 4,
                      "Actual Startup Time": 40.802,
                      "Actual Total Time": 106.583,
                      "Actual Rows": 170046,
                      "Actual Loops": 4,
                      "Recheck Cond": "(keyword_id < 561)",
                      "Rows Removed by Index Recheck": 0,
                      "Exact Heap Blocks": 7148,
                      "Lossy Heap Blocks": 0,
                      "Plans": [
                        {
                          "Node Type": "Bitmap Index Scan",
                          "Parent Relationship": "Outer",
                          "Parallel Aware": false,
                          "Index Name": "keyword_id_movie_keyword",
                          "Startup Cost": 0.0,
                          "Total Cost": 14157.22,
                          "Plan Rows": 675305,
                          "Plan Width": 0,
                          "Actual Startup Time": 37.1,
                          "Actual Total Time": 37.101,
                          "Actual Rows": 680183,
                          "Actual Loops": 1,
                          "Index Cond": "(keyword_id < 561)"
                        }
                      ]
                    },
                    {
                      "Node Type": "Hash",
                      "Parent Relationship": "Inner",
                      "Parallel Aware": true,
                      "Startup Cost": 42318.73,
                      "Total Cost": 42318.73,
                      "Plan Rows": 632073,
                      "Plan Width": 4,
                      "Actual Startup Time": 354.829,
                      "Actual Total Time": 354.83,
                      "Actual Rows": 632078,
                      "Actual Loops": 4,
                      "Hash Buckets": 4194304,
                      "Original Hash Buckets": 4194304,
                      "Hash Batches": 1,
                      "Original Hash Batches": 1,
                      "Peak Memory Usage": 131712,
                      "Plans": [
                        {
                          "Node Type": "Seq Scan",
                          "Parent Relationship": "Outer",
                          "Parallel Aware": true,
                          "Relation Name": "title",
                          "Alias": "t",
                          "Startup Cost": 0.0,
                          "Total Cost": 42318.73,
                          "Plan Rows": 632073,
                          "Plan Width": 4,
                          "Actual Startup Time": 0.037,
                          "Actual Total Time": 104.565,
                          "Actual Rows": 632078,
                          "Actual Loops": 4
                        }
                      ]
                    }
                  ]
                }
              ]
            }
          ]
        }
      ]
    },
    "Planning Time": 0.612,
    "Triggers": [],
    "Execution Time": 605.111
  }
]