[
  {
    "Plan": {
      "Node Type": "Aggregate",
      "Strategy": "Plain",
      "Partial Mode": "Finalize",
      "Parallel Aware": false,
      "Startup Cost": 30925.46,
      "Total Cost": 30925.47,
      "Plan Rows": 1,
      "Plan Width": 8,
      "Actual Startup Time": 97.439,
      "Actual Total Time": 106.667,
      "Actual Rows": 1,
      "Actual Loops": 1,
      "Plans": [
        {
          "Node Type": "Gather",
          "Parent Relationship": "Outer",
          "Parallel Aware": false,
          "Startup Cost": 30925.14,
          "Total Cost": 30925.45,
          "Plan Rows": 3,
          "Plan Width": 8,
          "Actual Startup Time": 97.236,
          "Actual Total Time": 106.658,
          "Actual Rows": 4,
          "Actual Loops": 1,
          "Workers Planned": 3,
          "Workers Launched": 3,
          "Single Copy": false,
          "Plans": [
            {
              "Node Type": "Aggregate",
              "Strategy": "Plain",
              "Partial Mode": "Partial",
              "Parent Relationship": "Outer",
              "Parallel Aware": false,
              "Startup Cost": 29925.14,
              "Total Cost": 29925.15,
              "Plan Rows": 1,
              "Plan Width": 8,
              "Actual Startup Time": 89.103,
              "Actual Total Time": 89.105,
              "Actual Rows": 1,
              "Actual Loops": 4,
              "Plans": [
                {
                  "Node Type": "Seq Scan",
                  "Parent Relationship": "Outer",
                  "Parallel Aware": true,
                  "Relation Name": "movie_companies",
                  "Alias": "mc",
                  "Startup Cost": 0.0,
                  "Total Cost": 29310.68,
                  "Plan Rows": 245785,
                  "Plan Width": 0,
                  "Actual Startup Time": 0.047,
                  "Actual Total Time": 76.061,
                  "Actual Rows": 188858,
                  "Actual Loops": 4,
                  "Filter": "(company_id < 1498)",
                  "Rows Removed by Filter": 463424
                }
              ]
            }
          ]
        }
      ]
    },
    "Planning Time": 0.172,
    "Triggers": [],
    "Execution Time": 106.719
  }
]