{
  "Plan": {
    "Node Type": "Aggregate",
    "Strategy": "Plain",
    "Partial Mode": "Finalize",
    "Parallel Aware": false,
    "Startup Cost": 110442.17,
    "Total Cost": 110442.18,
    "Plan Rows": 1,
    "Plan Width": 8,
    "Actual Startup Time": 565.859,
    "Actual Total Time": 576.712,
    "Actual Rows": 1,
    "Actual Loops": 1,
    "Plans": [
      {
        "Node Type": "Gather",
        "Parent Relationship": "Outer",
        "Parallel Aware": false,
        "Startup Cost": 110442.05,
        "Total Cost": 110442.16,
        "Plan Rows": 1,
        "Plan Width": 8,
        "Actual Startup Time": 564.527,
        "Actual Total Time": 576.703,
        "Actual Rows": 2,
        "Actual Loops": 1,
        "Workers Planned": 1,
        "Workers Launched": 1,
        "Single Copy": false,
        "Plans": [
          {
            "Node Type": "Aggregate",
            "Strategy": "Plain",
            "Partial Mode": "Partial",
            "Parent Relationship": "Outer",
            "Parallel Aware": false,
            "Startup Cost": 109442.05,
            "Total Cost": 109442.06,
            "Plan Rows": 1,
            "Plan Width": 8,
            "Actual Startup Time": 558.432,
            "Actual Total Time": 558.437,
            "Actual Rows": 1,
            "Actual Loops": 2,
            "Plans": [
              {
                "Node Type": "Hash Join",
                "Parent Relationship": "Outer",
                "Parallel Aware": false,
                "Join Type": "Inner",
                "Startup Cost": 36724.75,
                "Total Cost": 109441.01,
                "Plan Rows": 417,
                "Plan Width": 0,
                "Actual Startup Time": 211.293,
                "Actual Total Time": 558.42,
                "Actual Rows": 21,
                "Actual Loops": 2,
                "Inner Unique": false,
                "Hash Cond": "(t.id = ci.movie_id)",
                "Plans": [
                  {
                    "Node Type": "Hash Join",
                    "Parent Relationship": "Outer",
                    "Parallel Aware": true,
                    "Join Type": "Inner",
                    "Startup Cost": 21471.87,
                    "Total Cost": 83416.5,
                    "Plan Rows": 220871,
                    "Plan Width": 8,
                    "Actual Startup Time": 126.798,
                    "Actual Total Time": 526.729,
                    "Actual Rows": 189057,
                    "Actual Loops": 2,
                    "Inner Unique": false,
                    "Hash Cond": "(t.id = mi_idx.movie_id)",
                    "Plans": [
                      {
                        "Node Type": "Seq Scan",
                        "Parent Relationship": "Outer",
                        "Parallel Aware": true,
                        "Relation Name": "title",
                        "Alias": "t",
                        "Startup Cost": 0.0,
                        "Total Cost": 54588.39,
                        "Plan Rows": 1211398,
                        "Plan Width": 4,
                        "Actual Startup Time": 0.01,
                        "Actual Total Time": 160.752,
                        "Actual Rows": 1023362,
                        "Actual Loops": 2,
                        "Filter": "(production_year > 1972)",
                        "Rows Removed by Filter": 240794
                      },
                      {
                        "Node Type": "Hash",
                        "Parent Relationship": "Inner",
                        "Parallel Aware": true,
                        "Startup Cost": 18082.32,
                        "Total Cost": 18082.32,
                        "Plan Rows": 271164,
                        "Plan Width": 4,
                        "Actual Startup Time": 123.074,
                        "Actual Total Time": 123.075,
                        "Actual Rows": 230092,
                        "Actual Loops": 2,
                        "Hash Buckets": 524288,
                        "Original Hash Buckets": 524288,
                        "Hash Batches": 1,
                        "Original Hash Batches": 1,
                        "Peak Memory Usage": 22144,
                        "Plans": [
                          {
                            "Node Type": "Seq Scan",
                            "Parent Relationship": "Outer",
                            "Parallel Aware": true,
                            "Relation Name": "movie_info_idx",
                            "Alias": "mi_idx",
                            "Startup Cost": 0.0,
                            "Total Cost": 18082.32,
                            "Plan Rows": 271164,
                            "Plan Width": 4,
                            "Actual Startup Time": 0.028,
                            "Actual Total Time": 61.615,
                            "Actual Rows": 230092,
                            "Actual Loops": 2,
                            "Filter": "(info_type_id > 100)",
                            "Rows Removed by Filter": 459925
                          }
                        ]
                      }
                    ]
                  },
                  {
                    "Node Type": "Hash",
                    "Parent Relationship": "Inner",
                    "Parallel Aware": false,
                    "Startup Cost": 15193.17,
                    "Total Cost": 15193.17,
                    "Plan Rows": 4777,
                    "Plan Width": 4,
                    "Actual Startup Time": 11.218,
                    "Actual Total Time": 11.219,
                    "Actual Rows": 10249,
                    "Actual Loops": 2,
                    "Hash Buckets": 16384,
                    "Original Hash Buckets": 8192,
                    "Hash Batches": 1,
                    "Original Hash Batches": 1,
                    "Peak Memory Usage": 489,
                    "Plans": [
                      {
                        "Node Type": "Index Scan",
                        "Parent Relationship": "Outer",
                        "Parallel Aware": false,
                        "Scan Direction": "Forward",
                        "Index Name": "person_id_cast_info",
                        "Relation Name": "cast_info",
                        "Alias": "ci",
                        "Startup Cost": 0.56,
                        "Total Cost": 15193.17,
                        "Plan Rows": 4777,
                        "Plan Width": 4,
                        "Actual Startup Time": 0.252,
                        "Actual Total Time": 7.284,
                        "Actual Rows": 10249,
                        "Actual Loops": 2,
                        "Index Cond": "(person_id = 95397)",
                        "Rows Removed by Index Recheck": 0,
                        "Filter": "(role_id < 4)",
                        "Rows Removed by Filter": 0
                      }
                    ]
                  }
                ]
              }
            ]
          }
        ]
      }
    ]
  },
  "Planning Time": 0.89,
  "Triggers": [],
  "Execution Time": 576.801
}