{
    "Plan": {
        "Node Type": "Aggregate",
        "Strategy": "Plain",
        "Partial Mode": "Finalize",
        "Parallel Aware": false,
        "Startup Cost": 476744.82,
        "Total Cost": 476744.83,
        "Plan Rows": 1,
        "Plan Width": 8,
        "Actual Startup Time": 3880.512,
        "Actual Total Time": 3937.003,
        "Actual Rows": 1,
        "Actual Loops": 1,
        "Output": [
            "count(*)"
        ],
        "Plans": [
            {
                "Node Type": "Gather",
                "Parent Relationship": "Outer",
                "Parallel Aware": false,
                "Startup Cost": 476744.19,
                "Total Cost": 476744.8,
                "Plan Rows": 6,
                "Plan Width": 8,
                "Actual Startup Time": 3843.88,
                "Actual Total Time": 3936.992,
                "Actual Rows": 7,
                "Actual Loops": 1,
                "Output": [
                    "(PARTIAL count(*))"
                ],
                "Workers Planned": 6,
                "Workers Launched": 6,
                "Single Copy": false,
                "Plans": [
                    {
                        "Node Type": "Aggregate",
                        "Strategy": "Plain",
                        "Partial Mode": "Partial",
                        "Parent Relationship": "Outer",
                        "Parallel Aware": false,
                        "Startup Cost": 475744.19,
                        "Total Cost": 475744.2,
                        "Plan Rows": 1,
                        "Plan Width": 8,
                        "Actual Startup Time": 3814.675,
                        "Actual Total Time": 3814.682,
                        "Actual Rows": 1,
                        "Actual Loops": 7,
                        "Output": [
                            "PARTIAL count(*)"
                        ],
                        "Workers": [
                            {
                                "Worker Number": 0,
                                "Actual Startup Time": 3808.362,
                                "Actual Total Time": 3808.367,
                                "Actual Rows": 1,
                                "Actual Loops": 1
                            },
                            {
                                "Worker Number": 1,
                                "Actual Startup Time": 3808.404,
                                "Actual Total Time": 3808.409,
                                "Actual Rows": 1,
                                "Actual Loops": 1
                            },
                            {
                                "Worker Number": 2,
                                "Actual Startup Time": 3812.932,
                                "Actual Total Time": 3812.936,
                                "Actual Rows": 1,
                                "Actual Loops": 1
                            },
                            {
                                "Worker Number": 3,
                                "Actual Startup Time": 3808.602,
                                "Actual Total Time": 3808.609,
                                "Actual Rows": 1,
                                "Actual Loops": 1
                            },
                            {
                                "Worker Number": 4,
                                "Actual Startup Time": 3812.975,
                                "Actual Total Time": 3812.98,
                                "Actual Rows": 1,
                                "Actual Loops": 1
                            },
                            {
                                "Worker Number": 5,
                                "Actual Startup Time": 3808.562,
                                "Actual Total Time": 3808.567,
                                "Actual Rows": 1,
                                "Actual Loops": 1
                            }
                        ],
                        "Plans": [
                            {
                                "Node Type": "Hash Join",
                                "Parent Relationship": "Outer",
                                "Parallel Aware": true,
                                "Join Type": "Inner",
                                "Startup Cost": 108098.64,
                                "Total Cost": 463860.64,
                                "Plan Rows": 4753422,
                                "Plan Width": 0,
                                "Actual Startup Time": 917.396,
                                "Actual Total Time": 3236.539,
                                "Actual Rows": 14655205,
                                "Actual Loops": 7,
                                "Inner Unique": false,
                                "Hash Cond": "(ci.movie_id = t.id)",
                                "Workers": [
                                    {
                                        "Worker Number": 0,
                                        "Actual Startup Time": 913.604,
                                        "Actual Total Time": 3225.602,
                                        "Actual Rows": 15348921,
                                        "Actual Loops": 1
                                    },
                                    {
                                        "Worker Number": 1,
                                        "Actual Startup Time": 913.662,
                                        "Actual Total Time": 3232.063,
                                        "Actual Rows": 15177937,
                                        "Actual Loops": 1
                                    },
                                    {
                                        "Worker Number": 2,
                                        "Actual Startup Time": 913.669,
                                        "Actual Total Time": 3234.543,
                                        "Actual Rows": 15223657,
                                        "Actual Loops": 1
                                    },
                                    {
                                        "Worker Number": 3,
                                        "Actual Startup Time": 913.68,
                                        "Actual Total Time": 3256.213,
                                        "Actual Rows": 14513816,
                                        "Actual Loops": 1
                                    },
                                    {
                                        "Worker Number": 4,
                                        "Actual Startup Time": 913.684,
                                        "Actual Total Time": 3259.345,
                                        "Actual Rows": 14559390,
                                        "Actual Loops": 1
                                    },
                                    {
                                        "Worker Number": 5,
                                        "Actual Startup Time": 913.68,
                                        "Actual Total Time": 3251.46,
                                        "Actual Rows": 14507538,
                                        "Actual Loops": 1
                                    }
                                ],
                                "Plans": [
                                    {
                                        "Node Type": "Seq Scan",
                                        "Parent Relationship": "Outer",
                                        "Parallel Aware": true,
                                        "Relation Name": "cast_info",
                                        "Schema": "public",
                                        "Alias": "ci",
                                        "Startup Cost": 0.0,
                                        "Total Cost": 328213.62,
                                        "Plan Rows": 3257270,
                                        "Plan Width": 4,
                                        "Actual Startup Time": 161.621,
                                        "Actual Total Time": 569.341,
                                        "Actual Rows": 2799599,
                                        "Actual Loops": 7,
                                        "Output": [
                                            "ci.id",
                                            "ci.person_id",
                                            "ci.movie_id",
                                            "ci.person_role_id",
                                            "ci.note",
                                            "ci.nr_order",
                                            "ci.role_id"
                                        ],
                                        "Filter": "(ci.person_id > 1648490)",
                                        "Rows Removed by Filter": 2378164,
                                        "Workers": [
                                            {
                                                "Worker Number": 0,
                                                "Actual Startup Time": 161.577,
                                                "Actual Total Time": 582.073,
                                                "Actual Rows": 2972592,
                                                "Actual Loops": 1
                                            },
                                            {
                                                "Worker Number": 1,
                                                "Actual Startup Time": 161.631,
                                                "Actual Total Time": 579.651,
                                                "Actual Rows": 2938420,
                                                "Actual Loops": 1
                                            },
                                            {
                                                "Worker Number": 2,
                                                "Actual Startup Time": 161.618,
                                                "Actual Total Time": 579.485,
                                                "Actual Rows": 2933270,
                                                "Actual Loops": 1
                                            },
                                            {
                                                "Worker Number": 3,
                                                "Actual Startup Time": 161.629,
                                                "Actual Total Time": 582.076,
                                                "Actual Rows": 2796139,
                                                "Actual Loops": 1
                                            },
                                            {
                                                "Worker Number": 4,
                                                "Actual Startup Time": 161.622,
                                                "Actual Total Time": 580.328,
                                                "Actual Rows": 2765637,
                                                "Actual Loops": 1
                                            },
                                            {
                                                "Worker Number": 5,
                                                "Actual Startup Time": 161.633,
                                                "Actual Total Time": 581.537,
                                                "Actual Rows": 2739302,
                                                "Actual Loops": 1
                                            }
                                        ]
                                    },
                                    {
                                        "Node Type": "Hash",
                                        "Parent Relationship": "Inner",
                                        "Parallel Aware": true,
                                        "Startup Cost": 93221.02,
                                        "Total Cost": 93221.02,
                                        "Plan Rows": 1190209,
                                        "Plan Width": 8,
                                        "Actual Startup Time": 748.338,
                                        "Actual Total Time": 748.343,
                                        "Actual Rows": 600063,
                                        "Actual Loops": 7,
                                        "Output": [
                                            "t.id",
                                            "mk.movie_id"
                                        ],
                                        "Hash Buckets": 8388608,
                                        "Original Hash Buckets": 4194304,
                                        "Hash Batches": 1,
                                        "Original Hash Batches": 1,
                                        "Peak Memory Usage": 262816,
                                        "Workers": [
                                            {
                                                "Worker Number": 0,
                                                "Actual Startup Time": 751.114,
                                                "Actual Total Time": 751.117,
                                                "Actual Rows": 633330,
                                                "Actual Loops": 1
                                            },
                                            {
                                                "Worker Number": 1,
                                                "Actual Startup Time": 751.182,
                                                "Actual Total Time": 751.185,
                                                "Actual Rows": 631644,
                                                "Actual Loops": 1
                                            },
                                            {
                                                "Worker Number": 2,
                                                "Actual Startup Time": 751.389,
                                                "Actual Total Time": 751.392,
                                                "Actual Rows": 636530,
                                                "Actual Loops": 1
                                            },
                                            {
                                                "Worker Number": 3,
                                                "Actual Startup Time": 751.413,
                                                "Actual Total Time": 751.417,
                                                "Actual Rows": 609529,
                                                "Actual Loops": 1
                                            },
                                            {
                                                "Worker Number": 4,
                                                "Actual Startup Time": 751.386,
                                                "Actual Total Time": 751.39,
                                                "Actual Rows": 610253,
                                                "Actual Loops": 1
                                            },
                                            {
                                                "Worker Number": 5,
                                                "Actual Startup Time": 751.314,
                                                "Actual Total Time": 751.317,
                                                "Actual Rows": 594016,
                                                "Actual Loops": 1
                                            }
                                        ],
                                        "Plans": [
                                            {
                                                "Node Type": "Hash Join",
                                                "Parent Relationship": "Outer",
                                                "Parallel Aware": true,
                                                "Join Type": "Inner",
                                                "Startup Cost": 50342.94,
                                                "Total Cost": 93221.02,
                                                "Plan Rows": 1190209,
                                                "Plan Width": 8,
                                                "Actual Startup Time": 227.963,
                                                "Actual Total Time": 432.78,
                                                "Actual Rows": 600063,
                                                "Actual Loops": 7,
                                                "Output": [
                                                    "t.id",
                                                    "mk.movie_id"
                                                ],
                                                "Inner Unique": true,
                                                "Hash Cond": "(mk.movie_id = t.id)",
                                                "Workers": [
                                                    {
                                                        "Worker Number": 0,
                                                        "Actual Startup Time": 227.984,
                                                        "Actual Total Time": 432.818,
                                                        "Actual Rows": 633330,
                                                        "Actual Loops": 1
                                                    },
                                                    {
                                                        "Worker Number": 1,
                                                        "Actual Startup Time": 227.977,
                                                        "Actual Total Time": 432.674,
                                                        "Actual Rows": 631644,
                                                        "Actual Loops": 1
                                                    },
                                                    {
                                                        "Worker Number": 2,
                                                        "Actual Startup Time": 227.958,
                                                        "Actual Total Time": 432.864,
                                                        "Actual Rows": 636530,
                                                        "Actual Loops": 1
                                                    },
                                                    {
                                                        "Worker Number": 3,
                                                        "Actual Startup Time": 227.963,
                                                        "Actual Total Time": 433.546,
                                                        "Actual Rows": 609529,
                                                        "Actual Loops": 1
                                                    },
                                                    {
                                                        "Worker Number": 4,
                                                        "Actual Startup Time": 227.977,
                                                        "Actual Total Time": 433.973,
                                                        "Actual Rows": 610253,
                                                        "Actual Loops": 1
                                                    },
                                                    {
                                                        "Worker Number": 5,
                                                        "Actual Startup Time": 227.926,
                                                        "Actual Total Time": 433.647,
                                                        "Actual Rows": 594016,
                                                        "Actual Loops": 1
                                                    }
                                                ],
                                                "Plans": [
                                                    {
                                                        "Node Type": "Seq Scan",
                                                        "Parent Relationship": "Outer",
                                                        "Parallel Aware": true,
                                                        "Relation Name": "movie_keyword",
                                                        "Schema": "public",
                                                        "Alias": "mk",
                                                        "Startup Cost": 0.0,
                                                        "Total Cost": 39047.32,
                                                        "Plan Rows": 1459332,
                                                        "Plan Width": 4,
                                                        "Actual Startup Time": 0.023,
                                                        "Actual Total Time": 69.895,
                                                        "Actual Rows": 646276,
                                                        "Actual Loops": 7,
                                                        "Output": [
                                                            "mk.id",
                                                            "mk.movie_id",
                                                            "mk.keyword_id"
                                                        ],
                                                        "Workers": [
                                                            {
                                                                "Worker Number": 0,
                                                                "Actual Startup Time": 0.019,
                                                                "Actual Total Time": 72.249,
                                                                "Actual Rows": 680985,
                                                                "Actual Loops": 1
                                                            },
                                                            {
                                                                "Worker Number": 1,
                                                                "Actual Startup Time": 0.025,
                                                                "Actual Total Time": 72.372,
                                                                "Actual Rows": 678580,
                                                                "Actual Loops": 1
                                                            },
                                                            {
                                                                "Worker Number": 2,
                                                                "Actual Startup Time": 0.024,
                                                                "Actual Total Time": 71.988,
                                                                "Actual Rows": 685180,
                                                                "Actual Loops": 1
                                                            },
                                                            {
                                                                "Worker Number": 3,
                                                                "Actual Startup Time": 0.029,
                                                                "Actual Total Time": 72.472,
                                                                "Actual Rows": 657120,
                                                                "Actual Loops": 1
                                                            },
                                                            {
                                                                "Worker Number": 4,
                                                                "Actual Startup Time": 0.027,
                                                                "Actual Total Time": 72.724,
                                                                "Actual Rows": 659340,
                                                                "Actual Loops": 1
                                                            },
                                                            {
                                                                "Worker Number": 5,
                                                                "Actual Startup Time": 0.028,
                                                                "Actual Total Time": 72.252,
                                                                "Actual Rows": 640470,
                                                                "Actual Loops": 1
                                                            }
                                                        ]
                                                    },
                                                    {
                                                        "Node Type": "Hash",
                                                        "Parent Relationship": "Inner",
                                                        "Parallel Aware": true,
                                                        "Startup Cost": 43899.01,
                                                        "Total Cost": 43899.01,
                                                        "Plan Rows": 515515,
                                                        "Plan Width": 4,
                                                        "Actual Startup Time": 225.263,
                                                        "Actual Total Time": 225.265,
                                                        "Actual Rows": 294936,
                                                        "Actual Loops": 7,
                                                        "Output": [
                                                            "t.id"
                                                        ],
                                                        "Hash Buckets": 2097152,
                                                        "Original Hash Buckets": 2097152,
                                                        "Hash Batches": 1,
                                                        "Original Hash Batches": 1,
                                                        "Peak Memory Usage": 97280,
                                                        "Workers": [
                                                            {
                                                                "Worker Number": 0,
                                                                "Actual Startup Time": 227.688,
                                                                "Actual Total Time": 227.689,
                                                                "Actual Rows": 305978,
                                                                "Actual Loops": 1
                                                            },
                                                            {
                                                                "Worker Number": 1,
                                                                "Actual Startup Time": 227.726,
                                                                "Actual Total Time": 227.727,
                                                                "Actual Rows": 297843,
                                                                "Actual Loops": 1
                                                            },
                                                            {
                                                                "Worker Number": 2,
                                                                "Actual Startup Time": 227.668,
                                                                "Actual Total Time": 227.669,
                                                                "Actual Rows": 301243,
                                                                "Actual Loops": 1
                                                            },
                                                            {
                                                                "Worker Number": 3,
                                                                "Actual Startup Time": 227.675,
                                                                "Actual Total Time": 227.676,
                                                                "Actual Rows": 285335,
                                                                "Actual Loops": 1
                                                            },
                                                            {
                                                                "Worker Number": 4,
                                                                "Actual Startup Time": 227.662,
                                                                "Actual Total Time": 227.663,
                                                                "Actual Rows": 284336,
                                                                "Actual Loops": 1
                                                            },
                                                            {
                                                                "Worker Number": 5,
                                                                "Actual Startup Time": 227.627,
                                                                "Actual Total Time": 227.628,
                                                                "Actual Rows": 283776,
                                                                "Actual Loops": 1
                                                            }
                                                        ],
                                                        "Plans": [
                                                            {
                                                                "Node Type": "Seq Scan",
                                                                "Parent Relationship": "Outer",
                                                                "Parallel Aware": true,
                                                                "Relation Name": "title",
                                                                "Schema": "public",
                                                                "Alias": "t",
                                                                "Startup Cost": 0.0,
                                                                "Total Cost": 43899.01,
                                                                "Plan Rows": 515515,
                                                                "Plan Width": 4,
                                                                "Actual Startup Time": 0.08,
                                                                "Actual Total Time": 80.619,
                                                                "Actual Rows": 294936,
                                                                "Actual Loops": 7,
                                                                "Output": [
                                                                    "t.id"
                                                                ],
                                                                "Filter": "(t.production_year < 2011)",
                                                                "Rows Removed by Filter": 66251,
                                                                "Workers": [
                                                                    {
                                                                        "Worker Number": 0,
                                                                        "Actual Startup Time": 0.078,
                                                                        "Actual Total Time": 82.745,
                                                                        "Actual Rows": 305978,
                                                                        "Actual Loops": 1
                                                                    },
                                                                    {
                                                                        "Worker Number": 1,
                                                                        "Actual Startup Time": 0.093,
                                                                        "Actual Total Time": 81.766,
                                                                        "Actual Rows": 297843,
                                                                        "Actual Loops": 1
                                                                    },
                                                                    {
                                                                        "Worker Number": 2,
                                                                        "Actual Startup Time": 0.096,
                                                                        "Actual Total Time": 82.023,
                                                                        "Actual Rows": 301243,
                                                                        "Actual Loops": 1
                                                                    },
                                                                    {
                                                                        "Worker Number": 3,
                                                                        "Actual Startup Time": 0.094,
                                                                        "Actual Total Time": 81.71,
                                                                        "Actual Rows": 285335,
                                                                        "Actual Loops": 1
                                                                    },
                                                                    {
                                                                        "Worker Number": 4,
                                                                        "Actual Startup Time": 0.093,
                                                                        "Actual Total Time": 81.373,
                                                                        "Actual Rows": 284336,
                                                                        "Actual Loops": 1
                                                                    },
                                                                    {
                                                                        "Worker Number": 5,
                                                                        "Actual Startup Time": 0.088,
                                                                        "Actual Total Time": 82.162,
                                                                        "Actual Rows": 283776,
                                                                        "Actual Loops": 1
                                                                    }
                                                                ]
                                                            }
                                                        ]
                                                    }
                                                ]
                                            }
                                        ]
                                    }
                                ]
                            }
                        ]
                    }
                ]
            }
        ]
    },
    "Planning Time": 1.408,
    "Triggers": [],
    "Execution Time": 3937.094
}