{
  "Plan": {
    "Node Type": "Aggregate",
    "Strategy": "Plain",
    "Partial Mode": "Finalize",
    "Parallel Aware": false,
    "Startup Cost": 39291.25,
    "Total Cost": 39291.26,
    "Plan Rows": 1,
    "Plan Width": 8,
    "Actual Startup Time": 35.789,
    "Actual Total Time": 40.182,
    "Actual Rows": 1,
    "Actual Loops": 1,
    "Plans": [
      {
        "Node Type": "Gather",
        "Parent Relationship": "Outer",
        "Parallel Aware": false,
        "Startup Cost": 39291.14,
        "Total Cost": 39291.25,
        "Plan Rows": 1,
        "Plan Width": 8,
        "Actual Startup Time": 35.698,
        "Actual Total Time": 40.176,
        "Actual Rows": 2,
        "Actual Loops": 1,
        "Workers Planned": 1,
        "Workers Launched": 1,
        "Single Copy": false,
        "Plans": [
          {
            "Node Type": "Aggregate",
            "Strategy": "Plain",
            "Partial Mode": "Partial",
            "Parent Relationship": "Outer",
            "Parallel Aware": false,
            "Startup Cost": 38291.14,
            "Total Cost": 38291.15,
            "Plan Rows": 1,
            "Plan Width": 8,
            "Actual Startup Time": 29.698,
            "Actual Total Time": 29.7,
            "Actual Rows": 1,
            "Actual Loops": 2,
            "Plans": [
              {
                "Node Type": "Nested Loop",
                "Parent Relationship": "Outer",
                "Parallel Aware": false,
                "Join Type": "Inner",
                "Startup Cost": 91.06,
                "Total Cost": 38283.89,
                "Plan Rows": 2899,
                "Plan Width": 0,
                "Actual Startup Time": 1.917,
                "Actual Total Time": 29.219,
                "Actual Rows": 3071,
                "Actual Loops": 2,
                "Inner Unique": true,
                "Plans": [
                  {
                    "Node Type": "Bitmap Heap Scan",
                    "Parent Relationship": "Outer",
                    "Parallel Aware": true,
                    "Relation Name": "movie_info",
                    "Alias": "mi",
                    "Startup Cost": 90.63,
                    "Total Cost": 17025.37,
                    "Plan Rows": 2899,
                    "Plan Width": 4,
                    "Actual Startup Time": 1.742,
                    "Actual Total Time": 5.71,
                    "Actual Rows": 3071,
                    "Actual Loops": 2,
                    "Recheck Cond": "(info_type_id = 46)",
                    "Rows Removed by Index Recheck": 0,
                    "Exact Heap Blocks": 1130,
                    "Lossy Heap Blocks": 0,
                    "Plans": [
                      {
                        "Node Type": "Bitmap Index Scan",
                        "Parent Relationship": "Outer",
                        "Parallel Aware": false,
                        "Index Name": "info_type_id_movie_info",
                        "Startup Cost": 0.0,
                        "Total Cost": 89.4,
                        "Plan Rows": 4928,
                        "Plan Width": 0,
                        "Actual Startup Time": 2.679,
                        "Actual Total Time": 2.68,
                        "Actual Rows": 6142,
                        "Actual Loops": 1,
                        "Index Cond": "(info_type_id = 46)"
                      }
                    ]
                  },
                  {
                    "Node Type": "Index Only Scan",
                    "Parent Relationship": "Inner",
                    "Parallel Aware": false,
                    "Scan Direction": "Forward",
                    "Index Name": "title_pkey",
                    "Relation Name": "title",
                    "Alias": "t",
                    "Startup Cost": 0.43,
                    "Total Cost": 7.33,
                    "Plan Rows": 1,
                    "Plan Width": 4,
                    "Actual Startup Time": 0.007,
                    "Actual Total Time": 0.007,
                    "Actual Rows": 1,
                    "Actual Loops": 6142,
                    "Index Cond": "(id = mi.movie_id)",
                    "Rows Removed by Index Recheck": 0,
                    "Heap Fetches": 6142
                  }
                ]
              }
            ]
          }
        ]
      }
    ]
  },
  "Planning Time": 0.411,
  "Triggers": [],
  "Execution Time": 40.267
}