[
  {
    "Plan": {
      "Node Type": "Aggregate",
      "Strategy": "Plain",
      "Partial Mode": "Finalize",
      "Parallel Aware": false,
      "Startup Cost": 45256.81,
      "Total Cost": 45256.82,
      "Plan Rows": 1,
      "Plan Width": 8,
      "Actual Startup Time": 142.344,
      "Actual Total Time": 149.62,
      "Actual Rows": 1,
      "Actual Loops": 1,
      "Plans": [
        {
          "Node Type": "Gather",
          "Parent Relationship": "Outer",
          "Parallel Aware": false,
          "Startup Cost": 45256.49,
          "Total Cost": 45256.8,
          "Plan Rows": 3,
          "Plan Width": 8,
          "Actual Startup Time": 142.218,
          "Actual Total Time": 149.611,
          "Actual Rows": 4,
          "Actual Loops": 1,
          "Workers Planned": 3,
          "Workers Launched": 3,
          "Single Copy": false,
          "Plans": [
            {
              "Node Type": "Aggregate",
              "Strategy": "Plain",
              "Partial Mode": "Partial",
              "Parent Relationship": "Outer",
              "Parallel Aware": false,
              "Startup Cost": 44256.49,
              "Total Cost": 44256.5,
              "Plan Rows": 1,
              "Plan Width": 8,
              "Actual Startup Time": 134.108,
              "Actual Total Time": 134.109,
              "Actual Rows": 1,
              "Actual Loops": 4,
              "Plans": [
                {
                  "Node Type": "Seq Scan",
                  "Parent Relationship": "Outer",
                  "Parallel Aware": true,
                  "Relation Name": "movie_keyword",
                  "Alias": "mk",
                  "Startup Cost": 0.0,
                  "Total Cost": 42695.65,
                  "Plan Rows": 624334,
                  "Plan Width": 0,
                  "Actual Startup Time": 1.038,
                  "Actual Total Time": 110.956,
                  "Actual Rows": 484432,
                  "Actual Loops": 4,
                  "Filter": "(keyword_id > 6826)",
                  "Rows Removed by Filter": 646550
                }
              ]
            }
          ]
        }
      ]
    },
    "Planning Time": 0.157,
    "Triggers": [],
    "Execution Time": 149.67
  }
]