[
  {
    "Plan": {
      "Node Type": "Aggregate",
      "Strategy": "Plain",
      "Partial Mode": "Finalize",
      "Parallel Aware": false,
      "Startup Cost": 9736.53,
      "Total Cost": 9736.54,
      "Plan Rows": 1,
      "Plan Width": 8,
      "Actual Startup Time": 40.307,
      "Actual Total Time": 43.042,
      "Actual Rows": 1,
      "Actual Loops": 1,
      "Plans": [
        {
          "Node Type": "Gather",
          "Parent Relationship": "Outer",
          "Parallel Aware": false,
          "Startup Cost": 9736.21,
          "Total Cost": 9736.52,
          "Plan Rows": 3,
          "Plan Width": 8,
          "Actual Startup Time": 40.147,
          "Actual Total Time": 43.029,
          "Actual Rows": 4,
          "Actual Loops": 1,
          "Workers Planned": 3,
          "Workers Launched": 3,
          "Single Copy": false,
          "Plans": [
            {
              "Node Type": "Aggregate",
              "Strategy": "Plain",
              "Partial Mode": "Partial",
              "Parent Relationship": "Outer",
              "Parallel Aware": false,
              "Startup Cost": 8736.21,
              "Total Cost": 8736.22,
              "Plan Rows": 1,
              "Plan Width": 8,
              "Actual Startup Time": 31.331,
              "Actual Total Time": 31.332,
              "Actual Rows": 1,
              "Actual Loops": 4,
              "Plans": [
                {
                  "Node Type": "Index Scan",
                  "Parent Relationship": "Outer",
                  "Parallel Aware": true,
                  "Scan Direction": "Forward",
                  "Index Name": "role_id_cast_info",
                  "Relation Name": "cast_info",
                  "Alias": "ci",
                  "Startup Cost": 0.56,
                  "Total Cost": 8600.37,
                  "Plan Rows": 54336,
                  "Plan Width": 0,
                  "Actual Startup Time": 0.159,
                  "Actual Total Time": 29.319,
                  "Actual Rows": 18856,
                  "Actual Loops": 4,
                  "Index Cond": "(role_id = 11)",
                  "Rows Removed by Index Recheck": 0,
                  "Filter": "(person_id < 2061172)",
                  "Rows Removed by Filter": 60173
                }
              ]
            }
          ]
        }
      ]
    },
    "Planning Time": 0.204,
    "Triggers": [],
    "Execution Time": 43.098
  }
]