[
  {
    "Plan": {
      "Node Type": "Aggregate",
      "Strategy": "Plain",
      "Partial Mode": "Finalize",
      "Parallel Aware": false,
      "Startup Cost": 68183.87,
      "Total Cost": 68183.88,
      "Plan Rows": 1,
      "Plan Width": 8,
      "Actual Startup Time": 178.939,
      "Actual Total Time": 204.532,
      "Actual Rows": 1,
      "Actual Loops": 1,
      "Plans": [
        {
          "Node Type": "Gather",
          "Parent Relationship": "Outer",
          "Parallel Aware": false,
          "Startup Cost": 68183.55,
          "Total Cost": 68183.86,
          "Plan Rows": 3,
          "Plan Width": 8,
          "Actual Startup Time": 178.123,
          "Actual Total Time": 204.514,
          "Actual Rows": 4,
          "Actual Loops": 1,
          "Workers Planned": 3,
          "Workers Launched": 3,
          "Single Copy": false,
          "Plans": [
            {
              "Node Type": "Aggregate",
              "Strategy": "Plain",
              "Partial Mode": "Partial",
              "Parent Relationship": "Outer",
              "Parallel Aware": false,
              "Startup Cost": 67183.55,
              "Total Cost": 67183.56,
              "Plan Rows": 1,
              "Plan Width": 8,
              "Actual Startup Time": 173.577,
              "Actual Total Time": 173.582,
              "Actual Rows": 1,
              "Actual Loops": 4,
              "Plans": [
                {
                  "Node Type": "Nested Loop",
                  "Parent Relationship": "Outer",
                  "Parallel Aware": false,
                  "Join Type": "Inner",
                  "Startup Cost": 42564.06,
                  "Total Cost": 67175.35,
                  "Plan Rows": 3279,
                  "Plan Width": 0,
                  "Actual Startup Time": 67.766,
                  "Actual Total Time": 172.065,
                  "Actual Rows": 12542,
                  "Actual Loops": 4,
                  "Inner Unique": false,
                  "Join Filter": "(t.id = ci.movie_id)",
                  "Rows Removed by Join Filter": 0,
                  "Plans": [
                    {
                      "Node Type": "Hash Join",
                      "Parent Relationship": "Outer",
                      "Parallel Aware": true,
                      "Join Type": "Inner",
                      "Startup Cost": 42563.49,
                      "Total Cost": 62427.67,
                      "Plan Rows": 334,
                      "Plan Width": 8,
                      "Actual Startup Time": 67.661,
                      "Actual Total Time": 89.054,
                      "Actual Rows": 706,
                      "Actual Loops": 4,
                      "Inner Unique": true,
                      "Hash Cond": "(mc.movie_id = t.id)",
                      "Plans": [
                        {
                          "Node Type": "Bitmap Heap Scan",
                          "Parent Relationship": "Outer",
                          "Parallel Aware": true,
                          "Relation Name": "movie_companies",
                          "Alias": "mc",
                          "Startup Cost": 4390.76,
                          "Total Cost": 24166.76,
                          "Plan Rows": 33594,
                          "Plan Width": 4,
                          "Actual Startup Time": 12.995,
                          "Actual Total Time": 27.134,
                          "Actual Rows": 50030,
                          "Actual Loops": 4,
                          "Recheck Cond": "(company_id > 113375)",
                          "Rows Removed by Index Recheck": 0,
                          "Filter": "(company_type_id = 2)",
                          "Rows Removed by Filter": 0,
                          "Exact Heap Blocks": 2052,
                          "Lossy Heap Blocks": 0,
                          "Plans": [
                            {
                              "Node Type": "Bitmap Index Scan",
                              "Parent Relationship": "Outer",
                              "Parallel Aware": false,
                              "Index Name": "company_id_movie_companies",
                              "Startup Cost": 0.0,
                              "Total Cost": 4364.73,
                              "Plan Rows": 203773,
                              "Plan Width": 0,
                              "Actual Startup Time": 12.116,
                              "Actual Total Time": 12.116,
                              "Actual Rows": 200119,
                              "Actual Loops": 1,
                              "Index Cond": "(company_id > 113375)"
                            }
                          ]
                        },
                        {
                          "Node Type": "Hash",
                          "Parent Relationship": "Inner",
                          "Parallel Aware": true,
                          "Startup Cost": 38094.15,
                          "Total Cost": 38094.15,
                          "Plan Rows": 6286,
                          "Plan Width": 4,
                          "Actual Startup Time": 53.64,
                          "Actual Total Time": 53.642,
                          "Actual Rows": 3796,
                          "Actual Loops": 4,
                          "Hash Buckets": 32768,
                          "Original Hash Buckets": 32768,
                          "Hash Batches": 1,
                          "Original Hash Batches": 1,
                          "Peak Memory Usage": 896,
                          "Plans": [
                            {
                              "Node Type": "Bitmap Heap Scan",
                              "Parent Relationship": "Outer",
                              "Parallel Aware": true,
                              "Relation Name": "title",
                              "Alias": "t",
                              "Startup Cost": 1733.01,
                              "Total Cost": 38094.15,
                              "Plan Rows": 6286,
                              "Plan Width": 4,
                              "Actual Startup Time": 16.773,
                              "Actual Total Time": 51.309,
                              "Actual Rows": 3796,
                              "Actual Loops": 4,
                              "Recheck Cond": "(kind_id = 3)",
                              "Rows Removed by Index Recheck": 0,
                              "Filter": "(production_year > 2008)",
                              "Rows Removed by Filter": 21338,
                              "Exact Heap Blocks": 6589,
                              "Lossy Heap Blocks": 0,
                              "Plans": [
                                {
                                  "Node Type": "Bitmap Index Scan",
                                  "Parent Relationship": "Outer",
                                  "Parallel Aware": false,
                                  "Index Name": "kind_id_title",
                                  "Startup Cost": 0.0,
                                  "Total Cost": 1726.72,
                                  "Plan Rows": 96839,
                                  "Plan Width": 0,
                                  "Actual Startup Time": 14.333,
                                  "Actual Total Time": 14.333,
                                  "Actual Rows": 100537,
                                  "Actual Loops": 1,
                                  "Index Cond": "(kind_id = 3)"
                                }
                              ]
                            }
                          ]
                        }
                      ]
                    },
                    {
                      "Node Type": "Index Scan",
                      "Parent Relationship": "Inner",
                      "Parallel Aware": false,
                      "Scan Direction": "Forward",
                      "Index Name": "movie_id_cast_info",
                      "Relation Name": "cast_info",
                      "Alias": "ci",
                      "Startup Cost": 0.56,
                      "Total Cost": 13.91,
                      "Plan Rows": 24,
                      "Plan Width": 4,
                      "Actual Startup Time": 0.016,
                      "Actual Total Time": 0.114,
                      "Actual Rows": 18,
                      "Actual Loops": 2826,
                      "Index Cond": "(movie_id = mc.movie_id)",
                      "Rows Removed by Index Recheck": 0,
                      "Filter": "((person_id < 2901784) AND (role_id < 10))",
                      "Rows Removed by Filter": 8
                    }
                  ]
                }
              ]
            }
          ]
        }
      ]
    },
    "Planning Time": 1.495,
    "Triggers": [],
    "Execution Time": 204.661
  }
]