{
  "Plan": {
    "Node Type": "Aggregate",
    "Strategy": "Plain",
    "Partial Mode": "Finalize",
    "Parallel Aware": false,
    "Startup Cost": 786848.91,
    "Total Cost": 786848.92,
    "Plan Rows": 1,
    "Plan Width": 8,
    "Actual Startup Time": 4151.3,
    "Actual Total Time": 4197.332,
    "Actual Rows": 1,
    "Actual Loops": 1,
    "Plans": [
      {
        "Node Type": "Gather",
        "Parent Relationship": "Outer",
        "Parallel Aware": false,
        "Startup Cost": 786848.8,
        "Total Cost": 786848.91,
        "Plan Rows": 1,
        "Plan Width": 8,
        "Actual Startup Time": 4143.469,
        "Actual Total Time": 4197.323,
        "Actual Rows": 2,
        "Actual Loops": 1,
        "Workers Planned": 1,
        "Workers Launched": 1,
        "Single Copy": false,
        "Plans": [
          {
            "Node Type": "Aggregate",
            "Strategy": "Plain",
            "Partial Mode": "Partial",
            "Parent Relationship": "Outer",
            "Parallel Aware": false,
            "Startup Cost": 785848.8,
            "Total Cost": 785848.81,
            "Plan Rows": 1,
            "Plan Width": 8,
            "Actual Startup Time": 4126.836,
            "Actual Total Time": 4128.265,
            "Actual Rows": 1,
            "Actual Loops": 2,
            "Plans": [
              {
                "Node Type": "Hash Join",
                "Parent Relationship": "Outer",
                "Parallel Aware": true,
                "Join Type": "Inner",
                "Startup Cost": 456297.48,
                "Total Cost": 774110.29,
                "Plan Rows": 4695403,
                "Plan Width": 0,
                "Actual Startup Time": 3120.446,
                "Actual Total Time": 4008.03,
                "Actual Rows": 2891973,
                "Actual Loops": 2,
                "Inner Unique": false,
                "Hash Cond": "(ci.movie_id = t.id)",
                "Plans": [
                  {
                    "Node Type": "Bitmap Heap Scan",
                    "Parent Relationship": "Outer",
                    "Parallel Aware": true,
                    "Relation Name": "cast_info",
                    "Alias": "ci",
                    "Startup Cost": 75106.63,
                    "Total Cost": 352797.49,
                    "Plan Rows": 2000309,
                    "Plan Width": 4,
                    "Actual Startup Time": 110.792,
                    "Actual Total Time": 301.579,
                    "Actual Rows": 1628958,
                    "Actual Loops": 2,
                    "Recheck Cond": "(person_id > 3462056)",
                    "Rows Removed by Index Recheck": 0,
                    "Exact Heap Blocks": 25355,
                    "Lossy Heap Blocks": 0,
                    "Plans": [
                      {
                        "Node Type": "Bitmap Index Scan",
                        "Parent Relationship": "Outer",
                        "Parallel Aware": false,
                        "Index Name": "person_id_cast_info",
                        "Startup Cost": 0.0,
                        "Total Cost": 74256.5,
                        "Plan Rows": 3400525,
                        "Plan Width": 0,
                        "Actual Startup Time": 103.175,
                        "Actual Total Time": 103.176,
                        "Actual Rows": 3257916,
                        "Actual Loops": 1,
                        "Index Cond": "(person_id > 3462056)"
                      }
                    ]
                  },
                  {
                    "Node Type": "Hash",
                    "Parent Relationship": "Inner",
                    "Parallel Aware": true,
                    "Startup Cost": 337552.89,
                    "Total Cost": 337552.89,
                    "Plan Rows": 3491036,
                    "Plan Width": 8,
                    "Actual Startup Time": 2978.236,
                    "Actual Total Time": 2979.663,
                    "Actual Rows": 1447048,
                    "Actual Loops": 2,
                    "Hash Buckets": 8388608,
                    "Original Hash Buckets": 8388608,
                    "Hash Batches": 1,
                    "Original Hash Batches": 1,
                    "Peak Memory Usage": 178784,
                    "Plans": [
                      {
                        "Node Type": "Hash Join",
                        "Parent Relationship": "Outer",
                        "Parallel Aware": true,
                        "Join Type": "Inner",
                        "Startup Cost": 65769.41,
                        "Total Cost": 337552.89,
                        "Plan Rows": 3491036,
                        "Plan Width": 8,
                        "Actual Startup Time": 263.538,
                        "Actual Total Time": 2526.818,
                        "Actual Rows": 1447048,
                        "Actual Loops": 2,
                        "Inner Unique": true,
                        "Hash Cond": "(mi.movie_id = t.id)",
                        "Plans": [
                          {
                            "Node Type": "Seq Scan",
                            "Parent Relationship": "Outer",
                            "Parallel Aware": true,
                            "Relation Name": "movie_info",
                            "Alias": "mi",
                            "Startup Cost": 0.0,
                            "Total Cost": 248955.74,
                            "Plan Rows": 8696274,
                            "Plan Width": 4,
                            "Actual Startup Time": 0.013,
                            "Actual Total Time": 634.921,
                            "Actual Rows": 7417860,
                            "Actual Loops": 2
                          },
                          {
                            "Node Type": "Hash",
                            "Parent Relationship": "Inner",
                            "Parallel Aware": true,
                            "Startup Cost": 58306.47,
                            "Total Cost": 58306.47,
                            "Plan Rows": 597035,
                            "Plan Width": 4,
                            "Actual Startup Time": 260.684,
                            "Actual Total Time": 260.685,
                            "Actual Rows": 480056,
                            "Actual Loops": 2,
                            "Hash Buckets": 1048576,
                            "Original Hash Buckets": 1048576,
                            "Hash Batches": 1,
                            "Original Hash Batches": 1,
                            "Peak Memory Usage": 45792,
                            "Plans": [
                              {
                                "Node Type": "Seq Scan",
                                "Parent Relationship": "Outer",
                                "Parallel Aware": true,
                                "Relation Name": "title",
                                "Alias": "t",
                                "Startup Cost": 0.0,
                                "Total Cost": 58306.47,
                                "Plan Rows": 597035,
                                "Plan Width": 4,
                                "Actual Startup Time": 0.03,
                                "Actual Total Time": 154.307,
                                "Actual Rows": 480056,
                                "Actual Loops": 2,
                                "Filter": "((production_year < 2008) AND (kind_id = 7))",
                                "Rows Removed by Filter": 784100
                              }
                            ]
                          }
                        ]
                      }
                    ]
                  }
                ]
              }
            ]
          }
        ]
      }
    ]
  },
  "Planning Time": 1.05,
  "Triggers": [],
  "Execution Time": 4197.436
}