[
  {
    "Plan": {
      "Node Type": "Aggregate",
      "Strategy": "Plain",
      "Partial Mode": "Finalize",
      "Parallel Aware": false,
      "Startup Cost": 40774.07,
      "Total Cost": 40774.08,
      "Plan Rows": 1,
      "Plan Width": 8,
      "Actual Startup Time": 138.777,
      "Actual Total Time": 147.417,
      "Actual Rows": 1,
      "Actual Loops": 1,
      "Plans": [
        {
          "Node Type": "Gather",
          "Parent Relationship": "Outer",
          "Parallel Aware": false,
          "Startup Cost": 40773.75,
          "Total Cost": 40774.06,
          "Plan Rows": 3,
          "Plan Width": 8,
          "Actual Startup Time": 138.506,
          "Actual Total Time": 147.409,
          "Actual Rows": 4,
          "Actual Loops": 1,
          "Workers Planned": 3,
          "Workers Launched": 3,
          "Single Copy": false,
          "Plans": [
            {
              "Node Type": "Aggregate",
              "Strategy": "Plain",
              "Partial Mode": "Partial",
              "Parent Relationship": "Outer",
              "Parallel Aware": false,
              "Startup Cost": 39773.75,
              "Total Cost": 39773.76,
              "Plan Rows": 1,
              "Plan Width": 8,
              "Actual Startup Time": 132.066,
              "Actual Total Time": 132.068,
              "Actual Rows": 1,
              "Actual Loops": 4,
              "Plans": [
                {
                  "Node Type": "Bitmap Heap Scan",
                  "Parent Relationship": "Outer",
                  "Parallel Aware": true,
                  "Relation Name": "movie_keyword",
                  "Alias": "mk",
                  "Startup Cost": 12474.15,
                  "Total Cost": 39299.48,
                  "Plan Rows": 189707,
                  "Plan Width": 0,
                  "Actual Startup Time": 53.344,
                  "Actual Total Time": 124.08,
                  "Actual Rows": 144194,
                  "Actual Loops": 4,
                  "Recheck Cond": "(keyword_id > 31814)",
                  "Rows Removed by Index Recheck": 0,
                  "Exact Heap Blocks": 10257,
                  "Lossy Heap Blocks": 0,
                  "Plans": [
                    {
                      "Node Type": "Bitmap Index Scan",
                      "Parent Relationship": "Outer",
                      "Parallel Aware": false,
                      "Index Name": "keyword_id_movie_keyword",
                      "Startup Cost": 0.0,
                      "Total Cost": 12327.12,
                      "Plan Rows": 588092,
                      "Plan Width": 0,
                      "Actual Startup Time": 55.555,
                      "Actual Total Time": 55.556,
                      "Actual Rows": 576774,
                      "Actual Loops": 1,
                      "Index Cond": "(keyword_id > 31814)"
                    }
                  ]
                }
              ]
            }
          ]
        }
      ]
    },
    "Planning Time": 0.181,
    "Triggers": [],
    "Execution Time": 147.481
  }
]