[
  {
    "Plan": {
      "Node Type": "Aggregate",
      "Strategy": "Plain",
      "Partial Mode": "Finalize",
      "Parallel Aware": false,
      "Startup Cost": 334955.23,
      "Total Cost": 334955.24,
      "Plan Rows": 1,
      "Plan Width": 8,
      "Actual Startup Time": 721.851,
      "Actual Total Time": 769.635,
      "Actual Rows": 1,
      "Actual Loops": 1,
      "Plans": [
        {
          "Node Type": "Gather",
          "Parent Relationship": "Outer",
          "Parallel Aware": false,
          "Startup Cost": 334954.6,
          "Total Cost": 334955.21,
          "Plan Rows": 6,
          "Plan Width": 8,
          "Actual Startup Time": 721.515,
          "Actual Total Time": 769.622,
          "Actual Rows": 7,
          "Actual Loops": 1,
          "Workers Planned": 6,
          "Workers Launched": 6,
          "Single Copy": false,
          "Plans": [
            {
              "Node Type": "Aggregate",
              "Strategy": "Plain",
              "Partial Mode": "Partial",
              "Parent Relationship": "Outer",
              "Parallel Aware": false,
              "Startup Cost": 333954.6,
              "Total Cost": 333954.61,
              "Plan Rows": 1,
              "Plan Width": 8,
              "Actual Startup Time": 713.508,
              "Actual Total Time": 713.509,
              "Actual Rows": 1,
              "Actual Loops": 7,
              "Plans": [
                {
                  "Node Type": "Seq Scan",
                  "Parent Relationship": "Outer",
                  "Parallel Aware": true,
                  "Relation Name": "cast_info",
                  "Alias": "ci",
                  "Startup Cost": 0.0,
                  "Total Cost": 328211.39,
                  "Plan Rows": 2297285,
                  "Plan Width": 0,
                  "Actual Startup Time": 0.046,
                  "Actual Total Time": 608.63,
                  "Actual Rows": 1989774,
                  "Actual Loops": 7,
                  "Filter": "(person_id < 1372541)",
                  "Rows Removed by Filter": 3187989
                }
              ]
            }
          ]
        }
      ]
    },
    "Planning Time": 0.183,
    "Triggers": [],
    "Execution Time": 769.696
  }
]