[
  {
    "Plan": {
      "Node Type": "Aggregate",
      "Strategy": "Plain",
      "Partial Mode": "Finalize",
      "Parallel Aware": false,
      "Startup Cost": 46595.05,
      "Total Cost": 46595.06,
      "Plan Rows": 1,
      "Plan Width": 8,
      "Actual Startup Time": 105.487,
      "Actual Total Time": 117.15,
      "Actual Rows": 1,
      "Actual Loops": 1,
      "Plans": [
        {
          "Node Type": "Gather",
          "Parent Relationship": "Outer",
          "Parallel Aware": false,
          "Startup Cost": 46594.63,
          "Total Cost": 46595.04,
          "Plan Rows": 4,
          "Plan Width": 8,
          "Actual Startup Time": 105.226,
          "Actual Total Time": 117.142,
          "Actual Rows": 5,
          "Actual Loops": 1,
          "Workers Planned": 4,
          "Workers Launched": 4,
          "Single Copy": false,
          "Plans": [
            {
              "Node Type": "Aggregate",
              "Strategy": "Plain",
              "Partial Mode": "Partial",
              "Parent Relationship": "Outer",
              "Parallel Aware": false,
              "Startup Cost": 45594.63,
              "Total Cost": 45594.64,
              "Plan Rows": 1,
              "Plan Width": 8,
              "Actual Startup Time": 95.907,
              "Actual Total Time": 95.908,
              "Actual Rows": 1,
              "Actual Loops": 5,
              "Plans": [
                {
                  "Node Type": "Seq Scan",
                  "Parent Relationship": "Outer",
                  "Parallel Aware": true,
                  "Relation Name": "title",
                  "Alias": "t",
                  "Startup Cost": 0.0,
                  "Total Cost": 45479.1,
                  "Plan Rows": 46213,
                  "Plan Width": 0,
                  "Actual Startup Time": 0.163,
                  "Actual Total Time": 92.677,
                  "Actual Rows": 58863,
                  "Actual Loops": 5,
                  "Filter": "((kind_id < 7) AND (production_year < 1978))",
                  "Rows Removed by Filter": 446799
                }
              ]
            }
          ]
        }
      ]
    },
    "Planning Time": 0.17,
    "Triggers": [],
    "Execution Time": 117.208
  }
]