{
  "Plan": {
    "Node Type": "Aggregate",
    "Strategy": "Plain",
    "Partial Mode": "Finalize",
    "Parallel Aware": false,
    "Startup Cost": 371379.08,
    "Total Cost": 371379.09,
    "Plan Rows": 1,
    "Plan Width": 8,
    "Actual Startup Time": 1592.379,
    "Actual Total Time": 1644.221,
    "Actual Rows": 1,
    "Actual Loops": 1,
    "Plans": [
      {
        "Node Type": "Gather",
        "Parent Relationship": "Outer",
        "Parallel Aware": false,
        "Startup Cost": 371378.97,
        "Total Cost": 371379.08,
        "Plan Rows": 1,
        "Plan Width": 8,
        "Actual Startup Time": 1590.277,
        "Actual Total Time": 1644.21,
        "Actual Rows": 2,
        "Actual Loops": 1,
        "Workers Planned": 1,
        "Workers Launched": 1,
        "Single Copy": false,
        "Plans": [
          {
            "Node Type": "Aggregate",
            "Strategy": "Plain",
            "Partial Mode": "Partial",
            "Parent Relationship": "Outer",
            "Parallel Aware": false,
            "Startup Cost": 370378.97,
            "Total Cost": 370378.98,
            "Plan Rows": 1,
            "Plan Width": 8,
            "Actual Startup Time": 1584.677,
            "Actual Total Time": 1585.287,
            "Actual Rows": 1,
            "Actual Loops": 2,
            "Plans": [
              {
                "Node Type": "Hash Join",
                "Parent Relationship": "Outer",
                "Parallel Aware": true,
                "Join Type": "Inner",
                "Startup Cost": 84686.54,
                "Total Cost": 369392.31,
                "Plan Rows": 394665,
                "Plan Width": 0,
                "Actual Startup Time": 544.53,
                "Actual Total Time": 1547.639,
                "Actual Rows": 925500,
                "Actual Loops": 2,
                "Inner Unique": false,
                "Hash Cond": "(mi.movie_id = t.id)",
                "Plans": [
                  {
                    "Node Type": "Seq Scan",
                    "Parent Relationship": "Outer",
                    "Parallel Aware": true,
                    "Relation Name": "movie_info",
                    "Alias": "mi",
                    "Startup Cost": 0.0,
                    "Total Cost": 270696.42,
                    "Plan Rows": 3116745,
                    "Plan Width": 4,
                    "Actual Startup Time": 33.538,
                    "Actual Total Time": 646.826,
                    "Actual Rows": 2635284,
                    "Actual Loops": 2,
                    "Filter": "(info_type_id > 15)",
                    "Rows Removed by Filter": 4782576
                  },
                  {
                    "Node Type": "Hash",
                    "Parent Relationship": "Inner",
                    "Parallel Aware": true,
                    "Startup Cost": 82332.49,
                    "Total Cost": 82332.49,
                    "Plan Rows": 188324,
                    "Plan Width": 8,
                    "Actual Startup Time": 505.093,
                    "Actual Total Time": 505.701,
                    "Actual Rows": 151803,
                    "Actual Loops": 2,
                    "Hash Buckets": 524288,
                    "Original Hash Buckets": 524288,
                    "Hash Batches": 1,
                    "Original Hash Batches": 1,
                    "Peak Memory Usage": 16000,
                    "Plans": [
                      {
                        "Node Type": "Hash Join",
                        "Parent Relationship": "Outer",
                        "Parallel Aware": true,
                        "Join Type": "Inner",
                        "Startup Cost": 21471.87,
                        "Total Cost": 82332.49,
                        "Plan Rows": 188324,
                        "Plan Width": 8,
                        "Actual Startup Time": 120.638,
                        "Actual Total Time": 463.227,
                        "Actual Rows": 151803,
                        "Actual Loops": 2,
                        "Inner Unique": false,
                        "Hash Cond": "(t.id = mi_idx.movie_id)",
                        "Plans": [
                          {
                            "Node Type": "Seq Scan",
                            "Parent Relationship": "Outer",
                            "Parallel Aware": true,
                            "Relation Name": "title",
                            "Alias": "t",
                            "Startup Cost": 0.0,
                            "Total Cost": 54588.39,
                            "Plan Rows": 1032888,
                            "Plan Width": 4,
                            "Actual Startup Time": 0.01,
                            "Actual Total Time": 151.478,
                            "Actual Rows": 874516,
                            "Actual Loops": 2,
                            "Filter": "(production_year > 1990)",
                            "Rows Removed by Filter": 389640
                          },
                          {
                            "Node Type": "Hash",
                            "Parent Relationship": "Inner",
                            "Parallel Aware": true,
                            "Startup Cost": 18082.32,
                            "Total Cost": 18082.32,
                            "Plan Rows": 271164,
                            "Plan Width": 4,
                            "Actual Startup Time": 117.193,
                            "Actual Total Time": 117.194,
                            "Actual Rows": 230092,
                            "Actual Loops": 2,
                            "Hash Buckets": 524288,
                            "Original Hash Buckets": 524288,
                            "Hash Batches": 1,
                            "Original Hash Batches": 1,
                            "Peak Memory Usage": 22144,
                            "Plans": [
                              {
                                "Node Type": "Seq Scan",
                                "Parent Relationship": "Outer",
                                "Parallel Aware": true,
                                "Relation Name": "movie_info_idx",
                                "Alias": "mi_idx",
                                "Startup Cost": 0.0,
                                "Total Cost": 18082.32,
                                "Plan Rows": 271164,
                                "Plan Width": 4,
                                "Actual Startup Time": 0.057,
                                "Actual Total Time": 65.08,
                                "Actual Rows": 230092,
                                "Actual Loops": 2,
                                "Filter": "(info_type_id > 100)",
                                "Rows Removed by Filter": 459925
                              }
                            ]
                          }
                        ]
                      }
                    ]
                  }
                ]
              }
            ]
          }
        ]
      }
    ]
  },
  "Planning Time": 0.94,
  "Triggers": [],
  "Execution Time": 1644.314
}