[
  {
    "Plan": {
      "Node Type": "Aggregate",
      "Strategy": "Plain",
      "Partial Mode": "Finalize",
      "Parallel Aware": false,
      "Startup Cost": 47183.88,
      "Total Cost": 47183.89,
      "Plan Rows": 1,
      "Plan Width": 8,
      "Actual Startup Time": 111.152,
      "Actual Total Time": 123.351,
      "Actual Rows": 1,
      "Actual Loops": 1,
      "Plans": [
        {
          "Node Type": "Gather",
          "Parent Relationship": "Outer",
          "Parallel Aware": false,
          "Startup Cost": 47183.46,
          "Total Cost": 47183.87,
          "Plan Rows": 4,
          "Plan Width": 8,
          "Actual Startup Time": 111.016,
          "Actual Total Time": 123.342,
          "Actual Rows": 5,
          "Actual Loops": 1,
          "Workers Planned": 4,
          "Workers Launched": 4,
          "Single Copy": false,
          "Plans": [
            {
              "Node Type": "Aggregate",
              "Strategy": "Plain",
              "Partial Mode": "Partial",
              "Parent Relationship": "Outer",
              "Parallel Aware": false,
              "Startup Cost": 46183.46,
              "Total Cost": 46183.47,
              "Plan Rows": 1,
              "Plan Width": 8,
              "Actual Startup Time": 103.154,
              "Actual Total Time": 103.155,
              "Actual Rows": 1,
              "Actual Loops": 5,
              "Plans": [
                {
                  "Node Type": "Seq Scan",
                  "Parent Relationship": "Outer",
                  "Parallel Aware": true,
                  "Relation Name": "title",
                  "Alias": "t",
                  "Startup Cost": 0.0,
                  "Total Cost": 45479.1,
                  "Plan Rows": 281746,
                  "Plan Width": 0,
                  "Actual Startup Time": 0.036,
                  "Actual Total Time": 89.859,
                  "Actual Rows": 250160,
                  "Actual Loops": 5,
                  "Filter": "((kind_id > 3) AND (production_year > 1992))",
                  "Rows Removed by Filter": 255503
                }
              ]
            }
          ]
        }
      ]
    },
    "Planning Time": 0.184,
    "Triggers": [],
    "Execution Time": 123.413
  }
]