{
  "Plan": {
    "Node Type": "Aggregate",
    "Strategy": "Plain",
    "Partial Mode": "Finalize",
    "Parallel Aware": false,
    "Startup Cost": 163477.82,
    "Total Cost": 163477.83,
    "Plan Rows": 1,
    "Plan Width": 8,
    "Actual Startup Time": 826.25,
    "Actual Total Time": 843.689,
    "Actual Rows": 1,
    "Actual Loops": 1,
    "Plans": [
      {
        "Node Type": "Gather",
        "Parent Relationship": "Outer",
        "Parallel Aware": false,
        "Startup Cost": 163477.7,
        "Total Cost": 163477.81,
        "Plan Rows": 1,
        "Plan Width": 8,
        "Actual Startup Time": 825.467,
        "Actual Total Time": 843.683,
        "Actual Rows": 2,
        "Actual Loops": 1,
        "Workers Planned": 1,
        "Workers Launched": 1,
        "Single Copy": false,
        "Plans": [
          {
            "Node Type": "Aggregate",
            "Strategy": "Plain",
            "Partial Mode": "Partial",
            "Parent Relationship": "Outer",
            "Parallel Aware": false,
            "Startup Cost": 162477.7,
            "Total Cost": 162477.71,
            "Plan Rows": 1,
            "Plan Width": 8,
            "Actual Startup Time": 821.598,
            "Actual Total Time": 821.604,
            "Actual Rows": 1,
            "Actual Loops": 2,
            "Plans": [
              {
                "Node Type": "Hash Join",
                "Parent Relationship": "Outer",
                "Parallel Aware": true,
                "Join Type": "Inner",
                "Startup Cost": 94677.78,
                "Total Cost": 162161.76,
                "Plan Rows": 126379,
                "Plan Width": 0,
                "Actual Startup Time": 413.22,
                "Actual Total Time": 787.697,
                "Actual Rows": 841662,
                "Actual Loops": 2,
                "Inner Unique": false,
                "Hash Cond": "(mk.movie_id = t.id)",
                "Plans": [
                  {
                    "Node Type": "Seq Scan",
                    "Parent Relationship": "Outer",
                    "Parallel Aware": true,
                    "Relation Name": "movie_keyword",
                    "Alias": "mk",
                    "Startup Cost": 0.0,
                    "Total Cost": 57718.19,
                    "Plan Rows": 2405966,
                    "Plan Width": 4,
                    "Actual Startup Time": 0.016,
                    "Actual Total Time": 190.913,
                    "Actual Rows": 2050496,
                    "Actual Loops": 2,
                    "Filter": "(keyword_id < 41294)",
                    "Rows Removed by Filter": 211468
                  },
                  {
                    "Node Type": "Hash",
                    "Parent Relationship": "Inner",
                    "Parallel Aware": true,
                    "Startup Cost": 93701.27,
                    "Total Cost": 93701.27,
                    "Plan Rows": 78121,
                    "Plan Width": 8,
                    "Actual Startup Time": 409.957,
                    "Actual Total Time": 409.961,
                    "Actual Rows": 57662,
                    "Actual Loops": 2,
                    "Hash Buckets": 262144,
                    "Original Hash Buckets": 262144,
                    "Hash Batches": 1,
                    "Original Hash Batches": 1,
                    "Peak Memory Usage": 6592,
                    "Plans": [
                      {
                        "Node Type": "Hash Join",
                        "Parent Relationship": "Outer",
                        "Parallel Aware": true,
                        "Join Type": "Inner",
                        "Startup Cost": 55534.64,
                        "Total Cost": 93701.27,
                        "Plan Rows": 78121,
                        "Plan Width": 8,
                        "Actual Startup Time": 145.944,
                        "Actual Total Time": 395.806,
                        "Actual Rows": 57662,
                        "Actual Loops": 2,
                        "Inner Unique": true,
                        "Hash Cond": "(mc.movie_id = t.id)",
                        "Plans": [
                          {
                            "Node Type": "Seq Scan",
                            "Parent Relationship": "Outer",
                            "Parallel Aware": true,
                            "Relation Name": "movie_companies",
                            "Alias": "mc",
                            "Startup Cost": 0.0,
                            "Total Cost": 34137.82,
                            "Plan Rows": 1534782,
                            "Plan Width": 4,
                            "Actual Startup Time": 0.013,
                            "Actual Total Time": 98.78,
                            "Actual Rows": 1304564,
                            "Actual Loops": 2
                          },
                          {
                            "Node Type": "Hash",
                            "Parent Relationship": "Inner",
                            "Parallel Aware": true,
                            "Startup Cost": 54588.39,
                            "Total Cost": 54588.39,
                            "Plan Rows": 75700,
                            "Plan Width": 4,
                            "Actual Startup Time": 144.731,
                            "Actual Total Time": 144.732,
                            "Actual Rows": 64348,
                            "Actual Loops": 2,
                            "Hash Buckets": 131072,
                            "Original Hash Buckets": 131072,
                            "Hash Batches": 1,
                            "Original Hash Batches": 1,
                            "Peak Memory Usage": 6112,
                            "Plans": [
                              {
                                "Node Type": "Seq Scan",
                                "Parent Relationship": "Outer",
                                "Parallel Aware": true,
                                "Relation Name": "title",
                                "Alias": "t",
                                "Startup Cost": 0.0,
                                "Total Cost": 54588.39,
                                "Plan Rows": 75700,
                                "Plan Width": 4,
                                "Actual Startup Time": 0.026,
                                "Actual Total Time": 127.163,
                                "Actual Rows": 64348,
                                "Actual Loops": 2,
                                "Filter": "(production_year = 2009)",
                                "Rows Removed by Filter": 1199808
                              }
                            ]
                          }
                        ]
                      }
                    ]
                  }
                ]
              }
            ]
          }
        ]
      }
    ]
  },
  "Planning Time": 0.762,
  "Triggers": [],
  "Execution Time": 843.757
}