[
  {
    "Plan": {
      "Node Type": "Aggregate",
      "Strategy": "Plain",
      "Partial Mode": "Finalize",
      "Parallel Aware": false,
      "Startup Cost": 46735.53,
      "Total Cost": 46735.54,
      "Plan Rows": 1,
      "Plan Width": 8,
      "Actual Startup Time": 239.652,
      "Actual Total Time": 250.776,
      "Actual Rows": 1,
      "Actual Loops": 1,
      "Plans": [
        {
          "Node Type": "Gather",
          "Parent Relationship": "Outer",
          "Parallel Aware": false,
          "Startup Cost": 46735.21,
          "Total Cost": 46735.52,
          "Plan Rows": 3,
          "Plan Width": 8,
          "Actual Startup Time": 239.553,
          "Actual Total Time": 250.766,
          "Actual Rows": 4,
          "Actual Loops": 1,
          "Workers Planned": 3,
          "Workers Launched": 3,
          "Single Copy": false,
          "Plans": [
            {
              "Node Type": "Aggregate",
              "Strategy": "Plain",
              "Partial Mode": "Partial",
              "Parent Relationship": "Outer",
              "Parallel Aware": false,
              "Startup Cost": 45735.21,
              "Total Cost": 45735.22,
              "Plan Rows": 1,
              "Plan Width": 8,
              "Actual Startup Time": 232.288,
              "Actual Total Time": 232.289,
              "Actual Rows": 1,
              "Actual Loops": 4,
              "Plans": [
                {
                  "Node Type": "Seq Scan",
                  "Parent Relationship": "Outer",
                  "Parallel Aware": true,
                  "Relation Name": "movie_keyword",
                  "Alias": "mk",
                  "Startup Cost": 0.0,
                  "Total Cost": 42695.65,
                  "Plan Rows": 1215822,
                  "Plan Width": 0,
                  "Actual Startup Time": 0.056,
                  "Actual Total Time": 169.618,
                  "Actual Rows": 944742,
                  "Actual Loops": 4,
                  "Filter": "(keyword_id < 25174)",
                  "Rows Removed by Filter": 186240
                }
              ]
            }
          ]
        }
      ]
    },
    "Planning Time": 0.187,
    "Triggers": [],
    "Execution Time": 250.834
  }
]