[
    {
        "Bao": {
            "Bao prediction": "NaN",
            "Bao recommended hint": "(no hint)"
        }
    },
    {
        "Plan": {
            "Node Type": "Aggregate",
            "Strategy": "Plain",
            "Partial Mode": "Finalize",
            "Parallel Aware": false,
            "Startup Cost": 9827.74,
            "Total Cost": 9827.75,
            "Plan Rows": 1,
            "Plan Width": 8,
            "Actual Startup Time": 39.734,
            "Actual Total Time": 42.052,
            "Actual Rows": 1,
            "Actual Loops": 1,
            "Output": [
                "count(*)"
            ],
            "Plans": [
                {
                    "Node Type": "Gather",
                    "Parent Relationship": "Outer",
                    "Parallel Aware": false,
                    "Startup Cost": 9827.42,
                    "Total Cost": 9827.73,
                    "Plan Rows": 3,
                    "Plan Width": 8,
                    "Actual Startup Time": 39.583,
                    "Actual Total Time": 42.042,
                    "Actual Rows": 4,
                    "Actual Loops": 1,
                    "Output": [
                        "(PARTIAL count(*))"
                    ],
                    "Workers Planned": 3,
                    "Workers Launched": 3,
                    "Single Copy": false,
                    "Plans": [
                        {
                            "Node Type": "Aggregate",
                            "Strategy": "Plain",
                            "Partial Mode": "Partial",
                            "Parent Relationship": "Outer",
                            "Parallel Aware": false,
                            "Startup Cost": 8827.42,
                            "Total Cost": 8827.43,
                            "Plan Rows": 1,
                            "Plan Width": 8,
                            "Actual Startup Time": 31.136,
                            "Actual Total Time": 31.137,
                            "Actual Rows": 1,
                            "Actual Loops": 4,
                            "Output": [
                                "PARTIAL count(*)"
                            ],
                            "Workers": [
                                {
                                    "Worker Number": 0,
                                    "Actual Startup Time": 27.963,
                                    "Actual Total Time": 27.964,
                                    "Actual Rows": 1,
                                    "Actual Loops": 1
                                },
                                {
                                    "Worker Number": 1,
                                    "Actual Startup Time": 28.397,
                                    "Actual Total Time": 28.397,
                                    "Actual Rows": 1,
                                    "Actual Loops": 1
                                },
                                {
                                    "Worker Number": 2,
                                    "Actual Startup Time": 28.886,
                                    "Actual Total Time": 28.886,
                                    "Actual Rows": 1,
                                    "Actual Loops": 1
                                }
                            ],
                            "Plans": [
                                {
                                    "Node Type": "Index Scan",
                                    "Parent Relationship": "Outer",
                                    "Parallel Aware": true,
                                    "Scan Direction": "Forward",
                                    "Index Name": "role_id_cast_info",
                                    "Relation Name": "cast_info",
                                    "Schema": "public",
                                    "Alias": "ci",
                                    "Startup Cost": 0.56,
                                    "Total Cost": 8709.54,
                                    "Plan Rows": 47152,
                                    "Plan Width": 0,
                                    "Actual Startup Time": 0.123,
                                    "Actual Total Time": 26.445,
                                    "Actual Rows": 60794,
                                    "Actual Loops": 4,
                                    "Output": [
                                        "id",
                                        "person_id",
                                        "movie_id",
                                        "person_role_id",
                                        "note",
                                        "nr_order",
                                        "role_id"
                                    ],
                                    "Index Cond": "(ci.role_id > 10)",
                                    "Rows Removed by Index Recheck": 0,
                                    "Filter": "(ci.person_id > 1851778)",
                                    "Rows Removed by Filter": 18235,
                                    "Workers": [
                                        {
                                            "Worker Number": 0,
                                            "Actual Startup Time": 0.187,
                                            "Actual Total Time": 23.897,
                                            "Actual Rows": 41347,
                                            "Actual Loops": 1
                                        },
                                        {
                                            "Worker Number": 1,
                                            "Actual Startup Time": 0.11,
                                            "Actual Total Time": 24.445,
                                            "Actual Rows": 37097,
                                            "Actual Loops": 1
                                        },
                                        {
                                            "Worker Number": 2,
                                            "Actual Startup Time": 0.162,
                                            "Actual Total Time": 24.636,
                                            "Actual Rows": 37556,
                                            "Actual Loops": 1
                                        }
                                    ]
                                }
                            ]
                        }
                    ]
                }
            ]
        },
        "Planning Time": 180.441,
        "Triggers": [],
        "Execution Time": 42.097
    }
]