[
  {
    "Plan": {
      "Node Type": "Aggregate",
      "Strategy": "Plain",
      "Partial Mode": "Finalize",
      "Parallel Aware": false,
      "Startup Cost": 30528.84,
      "Total Cost": 30528.85,
      "Plan Rows": 1,
      "Plan Width": 8,
      "Actual Startup Time": 25.139,
      "Actual Total Time": 28.768,
      "Actual Rows": 1,
      "Actual Loops": 1,
      "Plans": [
        {
          "Node Type": "Gather",
          "Parent Relationship": "Outer",
          "Parallel Aware": false,
          "Startup Cost": 30528.63,
          "Total Cost": 30528.84,
          "Plan Rows": 2,
          "Plan Width": 8,
          "Actual Startup Time": 24.914,
          "Actual Total Time": 28.765,
          "Actual Rows": 3,
          "Actual Loops": 1,
          "Workers Planned": 2,
          "Workers Launched": 2,
          "Single Copy": false,
          "Plans": [
            {
              "Node Type": "Aggregate",
              "Strategy": "Plain",
              "Partial Mode": "Partial",
              "Parent Relationship": "Outer",
              "Parallel Aware": false,
              "Startup Cost": 29528.63,
              "Total Cost": 29528.64,
              "Plan Rows": 1,
              "Plan Width": 8,
              "Actual Startup Time": 20.214,
              "Actual Total Time": 20.216,
              "Actual Rows": 1,
              "Actual Loops": 3,
              "Plans": [
                {
                  "Node Type": "Nested Loop",
                  "Parent Relationship": "Outer",
                  "Parallel Aware": false,
                  "Join Type": "Inner",
                  "Startup Cost": 118.94,
                  "Total Cost": 29526.4,
                  "Plan Rows": 891,
                  "Plan Width": 0,
                  "Actual Startup Time": 0.814,
                  "Actual Total Time": 20.044,
                  "Actual Rows": 1630,
                  "Actual Loops": 3,
                  "Inner Unique": true,
                  "Plans": [
                    {
                      "Node Type": "Bitmap Heap Scan",
                      "Parent Relationship": "Outer",
                      "Parallel Aware": true,
                      "Relation Name": "movie_keyword",
                      "Alias": "mk",
                      "Startup Cost": 118.51,
                      "Total Cost": 13140.73,
                      "Plan Rows": 2262,
                      "Plan Width": 4,
                      "Actual Startup Time": 0.699,
                      "Actual Total Time": 7.02,
                      "Actual Rows": 1911,
                      "Actual Loops": 3,
                      "Recheck Cond": "(keyword_id = 249)",
                      "Rows Removed by Index Recheck": 0,
                      "Exact Heap Blocks": 4278,
                      "Lossy Heap Blocks": 0,
                      "Plans": [
                        {
                          "Node Type": "Bitmap Index Scan",
                          "Parent Relationship": "Outer",
                          "Parallel Aware": false,
                          "Index Name": "keyword_id_movie_keyword",
                          "Startup Cost": 0.0,
                          "Total Cost": 117.15,
                          "Plan Rows": 5429,
                          "Plan Width": 0,
                          "Actual Startup Time": 1.222,
                          "Actual Total Time": 1.222,
                          "Actual Rows": 5733,
                          "Actual Loops": 1,
                          "Index Cond": "(keyword_id = 249)"
                        }
                      ]
                    },
                    {
                      "Node Type": "Index Scan",
                      "Parent Relationship": "Inner",
                      "Parallel Aware": false,
                      "Scan Direction": "Forward",
                      "Index Name": "title_pkey",
                      "Relation Name": "title",
                      "Alias": "t",
                      "Startup Cost": 0.43,
                      "Total Cost": 7.24,
                      "Plan Rows": 1,
                      "Plan Width": 4,
                      "Actual Startup Time": 0.006,
                      "Actual Total Time": 0.006,
                      "Actual Rows": 1,
                      "Actual Loops": 5733,
                      "Index Cond": "(id = mk.movie_id)",
                      "Rows Removed by Index Recheck": 0,
                      "Filter": "(kind_id < 7)",
                      "Rows Removed by Filter": 0
                    }
                  ]
                }
              ]
            }
          ]
        }
      ]
    },
    "Planning Time": 0.139,
    "Triggers": [],
    "Execution Time": 28.791
  }
]