[
  {
    "Plan": {
      "Node Type": "Aggregate",
      "Strategy": "Plain",
      "Partial Mode": "Finalize",
      "Parallel Aware": false,
      "Startup Cost": 45510.81,
      "Total Cost": 45510.82,
      "Plan Rows": 1,
      "Plan Width": 8,
      "Actual Startup Time": 100.178,
      "Actual Total Time": 111.328,
      "Actual Rows": 1,
      "Actual Loops": 1,
      "Plans": [
        {
          "Node Type": "Gather",
          "Parent Relationship": "Outer",
          "Parallel Aware": false,
          "Startup Cost": 45510.39,
          "Total Cost": 45510.8,
          "Plan Rows": 4,
          "Plan Width": 8,
          "Actual Startup Time": 100.035,
          "Actual Total Time": 111.319,
          "Actual Rows": 5,
          "Actual Loops": 1,
          "Workers Planned": 4,
          "Workers Launched": 4,
          "Single Copy": false,
          "Plans": [
            {
              "Node Type": "Aggregate",
              "Strategy": "Plain",
              "Partial Mode": "Partial",
              "Parent Relationship": "Outer",
              "Parallel Aware": false,
              "Startup Cost": 44510.39,
              "Total Cost": 44510.4,
              "Plan Rows": 1,
              "Plan Width": 8,
              "Actual Startup Time": 92.713,
              "Actual Total Time": 92.714,
              "Actual Rows": 1,
              "Actual Loops": 5,
              "Plans": [
                {
                  "Node Type": "Seq Scan",
                  "Parent Relationship": "Outer",
                  "Parallel Aware": true,
                  "Relation Name": "title",
                  "Alias": "t",
                  "Startup Cost": 0.0,
                  "Total Cost": 43898.92,
                  "Plan Rows": 244591,
                  "Plan Width": 0,
                  "Actual Startup Time": 0.041,
                  "Actual Total Time": 84.39,
                  "Actual Rows": 194490,
                  "Actual Loops": 5,
                  "Filter": "(kind_id < 6)",
                  "Rows Removed by Filter": 311173
                }
              ]
            }
          ]
        }
      ]
    },
    "Planning Time": 0.152,
    "Triggers": [],
    "Execution Time": 111.379
  }
]