[
  {
    "Plan": {
      "Node Type": "Aggregate",
      "Strategy": "Plain",
      "Partial Mode": "Finalize",
      "Parallel Aware": false,
      "Startup Cost": 342167.36,
      "Total Cost": 342167.37,
      "Plan Rows": 1,
      "Plan Width": 8,
      "Actual Startup Time": 634.059,
      "Actual Total Time": 662.086,
      "Actual Rows": 1,
      "Actual Loops": 1,
      "Plans": [
        {
          "Node Type": "Gather",
          "Parent Relationship": "Outer",
          "Parallel Aware": false,
          "Startup Cost": 342166.84,
          "Total Cost": 342167.35,
          "Plan Rows": 5,
          "Plan Width": 8,
          "Actual Startup Time": 618.365,
          "Actual Total Time": 662.077,
          "Actual Rows": 6,
          "Actual Loops": 1,
          "Workers Planned": 5,
          "Workers Launched": 5,
          "Single Copy": false,
          "Plans": [
            {
              "Node Type": "Aggregate",
              "Strategy": "Plain",
              "Partial Mode": "Partial",
              "Parent Relationship": "Outer",
              "Parallel Aware": false,
              "Startup Cost": 341166.84,
              "Total Cost": 341166.85,
              "Plan Rows": 1,
              "Plan Width": 8,
              "Actual Startup Time": 613.914,
              "Actual Total Time": 614.019,
              "Actual Rows": 1,
              "Actual Loops": 6,
              "Plans": [
                {
                  "Node Type": "Hash Join",
                  "Parent Relationship": "Outer",
                  "Parallel Aware": true,
                  "Join Type": "Inner",
                  "Startup Cost": 229937.71,
                  "Total Cost": 340871.78,
                  "Plan Rows": 118024,
                  "Plan Width": 0,
                  "Actual Startup Time": 375.912,
                  "Actual Total Time": 606.305,
                  "Actual Rows": 170651,
                  "Actual Loops": 6,
                  "Inner Unique": false,
                  "Hash Cond": "(ci.movie_id = t.id)",
                  "Plans": [
                    {
                      "Node Type": "Index Scan",
                      "Parent Relationship": "Outer",
                      "Parallel Aware": true,
                      "Scan Direction": "Forward",
                      "Index Name": "role_id_cast_info",
                      "Relation Name": "cast_info",
                      "Alias": "ci",
                      "Startup Cost": 0.56,
                      "Total Cost": 109204.72,
                      "Plan Rows": 398365,
                      "Plan Width": 4,
                      "Actual Startup Time": 0.149,
                      "Actual Total Time": 115.431,
                      "Actual Rows": 438534,
                      "Actual Loops": 6,
                      "Index Cond": "(role_id = 3)",
                      "Rows Removed by Index Recheck": 0,
                      "Filter": "(person_id > 1796548)",
                      "Rows Removed by Filter": 229472
                    },
                    {
                      "Node Type": "Hash",
                      "Parent Relationship": "Inner",
                      "Parallel Aware": true,
                      "Startup Cost": 228064.47,
                      "Total Cost": 228064.47,
                      "Plan Rows": 149814,
                      "Plan Width": 8,
                      "Actual Startup Time": 374.001,
                      "Actual Total Time": 374.104,
                      "Actual Rows": 133690,
                      "Actual Loops": 6,
                      "Hash Buckets": 1048576,
                      "Original Hash Buckets": 1048576,
                      "Hash Batches": 1,
                      "Original Hash Batches": 1,
                      "Peak Memory Usage": 39712,
                      "Plans": [
                        {
                          "Node Type": "Hash Join",
                          "Parent Relationship": "Outer",
                          "Parallel Aware": true,
                          "Join Type": "Inner",
                          "Startup Cost": 63805.53,
                          "Total Cost": 228064.47,
                          "Plan Rows": 149814,
                          "Plan Width": 8,
                          "Actual Startup Time": 248.195,
                          "Actual Total Time": 324.908,
                          "Actual Rows": 133690,
                          "Actual Loops": 6,
                          "Inner Unique": true,
                          "Hash Cond": "(mi.movie_id = t.id)",
                          "Plans": [
                            {
                              "Node Type": "Bitmap Heap Scan",
                              "Parent Relationship": "Outer",
                              "Parallel Aware": true,
                              "Relation Name": "movie_info",
                              "Alias": "mi",
                              "Startup Cost": 13585.73,
                              "Total Cost": 177451.4,
                              "Plan Rows": 149814,
                              "Plan Width": 4,
                              "Actual Startup Time": 23.268,
                              "Actual Total Time": 38.743,
                              "Actual Rows": 133690,
                              "Actual Loops": 6,
                              "Recheck Cond": "(info_type_id < 2)",
                              "Rows Removed by Index Recheck": 0,
                              "Exact Heap Blocks": 795,
                              "Lossy Heap Blocks": 0,
                              "Plans": [
                                {
                                  "Node Type": "Bitmap Index Scan",
                                  "Parent Relationship": "Outer",
                                  "Parallel Aware": false,
                                  "Index Name": "info_type_id_movie_info",
                                  "Startup Cost": 0.0,
                                  "Total Cost": 13398.46,
                                  "Plan Rows": 749070,
                                  "Plan Width": 0,
                                  "Actual Startup Time": 22.529,
                                  "Actual Total Time": 22.53,
                                  "Actual Rows": 802140,
                                  "Actual Loops": 1,
                                  "Index Cond": "(info_type_id < 2)"
                                }
                              ]
                            },
                            {
                              "Node Type": "Hash",
                              "Parent Relationship": "Inner",
                              "Parallel Aware": true,
                              "Startup Cost": 42318.81,
                              "Total Cost": 42318.81,
                              "Plan Rows": 632080,
                              "Plan Width": 4,
                              "Actual Startup Time": 220.757,
                              "Actual Total Time": 220.758,
                              "Actual Rows": 421385,
                              "Actual Loops": 6,
                              "Hash Buckets": 4194304,
                              "Original Hash Buckets": 4194304,
                              "Hash Batches": 1,
                              "Original Hash Batches": 1,
                              "Peak Memory Usage": 131744,
                              "Plans": [
                                {
                                  "Node Type": "Seq Scan",
                                  "Parent Relationship": "Outer",
                                  "Parallel Aware": true,
                                  "Relation Name": "title",
                                  "Alias": "t",
                                  "Startup Cost": 0.0,
                                  "Total Cost": 42318.81,
                                  "Plan Rows": 632080,
                                  "Plan Width": 4,
                                  "Actual Startup Time": 0.016,
                                  "Actual Total Time": 60.303,
                                  "Actual Rows": 421385,
                                  "Actual Loops": 6
                                }
                              ]
                            }
                          ]
                        }
                      ]
                    }
                  ]
                }
              ]
            }
          ]
        }
      ]
    },
    "Planning Time": 0.524,
    "Triggers": [],
    "Execution Time": 662.135
  }
]