[
  {
    "Plan": {
      "Node Type": "Aggregate",
      "Strategy": "Plain",
      "Partial Mode": "Finalize",
      "Parallel Aware": false,
      "Startup Cost": 263785.26,
      "Total Cost": 263785.27,
      "Plan Rows": 1,
      "Plan Width": 8,
      "Actual Startup Time": 2174.243,
      "Actual Total Time": 2248.847,
      "Actual Rows": 1,
      "Actual Loops": 1,
      "Plans": [
        {
          "Node Type": "Gather",
          "Parent Relationship": "Outer",
          "Parallel Aware": false,
          "Startup Cost": 263784.94,
          "Total Cost": 263785.25,
          "Plan Rows": 3,
          "Plan Width": 8,
          "Actual Startup Time": 2174.235,
          "Actual Total Time": 2248.839,
          "Actual Rows": 4,
          "Actual Loops": 1,
          "Workers Planned": 3,
          "Workers Launched": 3,
          "Single Copy": false,
          "Plans": [
            {
              "Node Type": "Aggregate",
              "Strategy": "Plain",
              "Partial Mode": "Partial",
              "Parent Relationship": "Outer",
              "Parallel Aware": false,
              "Startup Cost": 262784.94,
              "Total Cost": 262784.95,
              "Plan Rows": 1,
              "Plan Width": 8,
              "Actual Startup Time": 2162.691,
              "Actual Total Time": 2162.694,
              "Actual Rows": 1,
              "Actual Loops": 4,
              "Plans": [
                {
                  "Node Type": "Nested Loop",
                  "Parent Relationship": "Outer",
                  "Parallel Aware": false,
                  "Join Type": "Inner",
                  "Startup Cost": 45953.6,
                  "Total Cost": 259650.55,
                  "Plan Rows": 1253756,
                  "Plan Width": 0,
                  "Actual Startup Time": 112.134,
                  "Actual Total Time": 2017.551,
                  "Actual Rows": 3439025,
                  "Actual Loops": 4,
                  "Inner Unique": false,
                  "Join Filter": "(t.id = ci.movie_id)",
                  "Rows Removed by Join Filter": 0,
                  "Plans": [
                    {
                      "Node Type": "Hash Join",
                      "Parent Relationship": "Outer",
                      "Parallel Aware": true,
                      "Join Type": "Inner",
                      "Startup Cost": 45953.04,
                      "Total Cost": 88831.12,
                      "Plan Rows": 87445,
                      "Plan Width": 8,
                      "Actual Startup Time": 112.046,
                      "Actual Total Time": 295.321,
                      "Actual Rows": 53792,
                      "Actual Loops": 4,
                      "Inner Unique": true,
                      "Hash Cond": "(mk.movie_id = t.id)",
                      "Plans": [
                        {
                          "Node Type": "Seq Scan",
                          "Parent Relationship": "Outer",
                          "Parallel Aware": true,
                          "Relation Name": "movie_keyword",
                          "Alias": "mk",
                          "Startup Cost": 0.0,
                          "Total Cost": 39047.32,
                          "Plan Rows": 1459332,
                          "Plan Width": 4,
                          "Actual Startup Time": 0.015,
                          "Actual Total Time": 80.642,
                          "Actual Rows": 1130982,
                          "Actual Loops": 4
                        },
                        {
                          "Node Type": "Hash",
                          "Parent Relationship": "Inner",
                          "Parallel Aware": true,
                          "Startup Cost": 45479.59,
                          "Total Cost": 45479.59,
                          "Plan Rows": 37876,
                          "Plan Width": 4,
                          "Actual Startup Time": 108.285,
                          "Actual Total Time": 108.286,
                          "Actual Rows": 33690,
                          "Actual Loops": 4,
                          "Hash Buckets": 262144,
                          "Original Hash Buckets": 262144,
                          "Hash Batches": 1,
                          "Original Hash Batches": 1,
                          "Peak Memory Usage": 7360,
                          "Plans": [
                            {
                              "Node Type": "Seq Scan",
                              "Parent Relationship": "Outer",
                              "Parallel Aware": true,
                              "Relation Name": "title",
                              "Alias": "t",
                              "Startup Cost": 0.0,
                              "Total Cost": 45479.59,
                              "Plan Rows": 37876,
                              "Plan Width": 4,
                              "Actual Startup Time": 0.118,
                              "Actual Total Time": 92.39,
                              "Actual Rows": 33690,
                              "Actual Loops": 4,
                              "Filter": "((kind_id < 7) AND (production_year > 2010))",
                              "Rows Removed by Filter": 598388
                            }
                          ]
                        }
                      ]
                    },
                    {
                      "Node Type": "Index Only Scan",
                      "Parent Relationship": "Inner",
                      "Parallel Aware": false,
                      "Scan Direction": "Forward",
                      "Index Name": "movie_id_cast_info",
                      "Relation Name": "cast_info",
                      "Alias": "ci",
                      "Startup Cost": 0.56,
                      "Total Cost": 1.52,
                      "Plan Rows": 35,
                      "Plan Width": 4,
                      "Actual Startup Time": 0.004,
                      "Actual Total Time": 0.027,
                      "Actual Rows": 64,
                      "Actual Loops": 215166,
                      "Index Cond": "(movie_id = mk.movie_id)",
                      "Rows Removed by Index Recheck": 0,
                      "Heap Fetches": 13756101
                    }
                  ]
                }
              ]
            }
          ]
        }
      ]
    },
    "Planning Time": 1.334,
    "Triggers": [],
    "Execution Time": 2248.958
  }
]