{
  "Plan": {
    "Node Type": "Aggregate",
    "Strategy": "Plain",
    "Partial Mode": "Finalize",
    "Parallel Aware": false,
    "Startup Cost": 699683.02,
    "Total Cost": 699683.03,
    "Plan Rows": 1,
    "Plan Width": 32,
    "Actual Startup Time": 4705.247,
    "Actual Total Time": 4707.652,
    "Actual Rows": 1,
    "Actual Loops": 1,
    "Plans": [
      {
        "Node Type": "Gather",
        "Parent Relationship": "Outer",
        "Parallel Aware": false,
        "Startup Cost": 699682.91,
        "Total Cost": 699683.02,
        "Plan Rows": 1,
        "Plan Width": 32,
        "Actual Startup Time": 4705.242,
        "Actual Total Time": 4707.646,
        "Actual Rows": 1,
        "Actual Loops": 1,
        "Workers Planned": 1,
        "Workers Launched": 0,
        "Single Copy": false,
        "Plans": [
          {
            "Node Type": "Aggregate",
            "Strategy": "Plain",
            "Partial Mode": "Partial",
            "Parent Relationship": "Outer",
            "Parallel Aware": false,
            "Startup Cost": 698682.91,
            "Total Cost": 698682.92,
            "Plan Rows": 1,
            "Plan Width": 32,
            "Actual Startup Time": 4704.722,
            "Actual Total Time": 4704.751,
            "Actual Rows": 1,
            "Actual Loops": 1,
            "Plans": [
              {
                "Node Type": "Hash Join",
                "Parent Relationship": "Outer",
                "Parallel Aware": false,
                "Join Type": "Inner",
                "Startup Cost": 692740.17,
                "Total Cost": 698671.45,
                "Plan Rows": 4581,
                "Plan Width": 17,
                "Actual Startup Time": 4554.512,
                "Actual Total Time": 4704.659,
                "Actual Rows": 629,
                "Actual Loops": 1,
                "Inner Unique": true,
                "Hash Cond": "(mc.company_type_id = ct.id)",
                "Plans": [
                  {
                    "Node Type": "Hash Join",
                    "Parent Relationship": "Outer",
                    "Parallel Aware": true,
                    "Join Type": "Inner",
                    "Startup Cost": 692739.11,
                    "Total Cost": 698571.32,
                    "Plan Rows": 18325,
                    "Plan Width": 21,
                    "Actual Startup Time": 4554.238,
                    "Actual Total Time": 4701.264,
                    "Actual Rows": 66725,
                    "Actual Loops": 1,
                    "Inner Unique": false,
                    "Hash Cond": "(t.id = mc.movie_id)",
                    "Plans": [
                      {
                        "Node Type": "Merge Join",
                        "Parent Relationship": "Outer",
                        "Parallel Aware": false,
                        "Join Type": "Inner",
                        "Startup Cost": 649662.67,
                        "Total Cost": 653703.6,
                        "Plan Rows": 269358,
                        "Plan Width": 25,
                        "Actual Startup Time": 4150.353,
                        "Actual Total Time": 4218.305,
                        "Actual Rows": 448158,
                        "Actual Loops": 1,
                        "Inner Unique": true,
                        "Merge Cond": "(mi.info_type_id = it.id)",
                        "Plans": [
                          {
                            "Node Type": "Sort",
                            "Parent Relationship": "Outer",
                            "Parallel Aware": false,
                            "Startup Cost": 649656.69,
                            "Total Cost": 650330.08,
                            "Plan Rows": 269358,
                            "Plan Width": 29,
                            "Actual Startup Time": 4150.297,
                            "Actual Total Time": 4167.562,
                            "Actual Rows": 448158,
                            "Actual Loops": 1,
                            "Sort Key": [
                              "mi.info_type_id"
                            ],
                            "Sort Method": "quicksort",
                            "Sort Space Used": 49318,
                            "Sort Space Type": "Memory",
                            "Plans": [
                              {
                                "Node Type": "Merge Join",
                                "Parent Relationship": "Outer",
                                "Parallel Aware": false,
                                "Join Type": "Inner",
                                "Startup Cost": 613309.89,
                                "Total Cost": 625361.72,
                                "Plan Rows": 269358,
                                "Plan Width": 29,
                                "Actual Startup Time": 3642.563,
                                "Actual Total Time": 4069.203,
                                "Actual Rows": 448158,
                                "Actual Loops": 1,
                                "Inner Unique": true,
                                "Merge Cond": "(mi.movie_id = t.id)",
                                "Plans": [
                                  {
                                    "Node Type": "Sort",
                                    "Parent Relationship": "Outer",
                                    "Parallel Aware": false,
                                    "Startup Cost": 405094.39,
                                    "Total Cost": 406329.05,
                                    "Plan Rows": 493862,
                                    "Plan Width": 8,
                                    "Actual Startup Time": 3015.674,
                                    "Actual Total Time": 3059.741,
                                    "Actual Rows": 869834,
                                    "Actual Loops": 1,
                                    "Sort Key": [
                                      "mi.movie_id"
                                    ],
                                    "Sort Method": "quicksort",
                                    "Sort Space Used": 65350,
                                    "Sort Space Type": "Memory",
                                    "Plans": [
                                      {
                                        "Node Type": "Seq Scan",
                                        "Parent Relationship": "Outer",
                                        "Parallel Aware": true,
                                        "Relation Name": "movie_info",
                                        "Alias": "mi",
                                        "Startup Cost": 0.0,
                                        "Total Cost": 358390.48,
                                        "Plan Rows": 493862,
                                        "Plan Width": 8,
                                        "Actual Startup Time": 0.011,
                                        "Actual Total Time": 2865.616,
                                        "Actual Rows": 869834,
                                        "Actual Loops": 1,
                                        "Filter": "(info = ANY ('{Sweden,America,Danish,English,Norway,Swedish,American,Germany,Bulgaria,Norwegian}'::text[]))",
                                        "Rows Removed by Filter": 13965886
                                      }
                                    ]
                                  },
                                  {
                                    "Node Type": "Sort",
                                    "Parent Relationship": "Inner",
                                    "Parallel Aware": false,
                                    "Startup Cost": 208215.15,
                                    "Total Cost": 211662.42,
                                    "Plan Rows": 1378907,
                                    "Plan Width": 21,
                                    "Actual Startup Time": 626.873,
                                    "Actual Total Time": 786.448,
                                    "Actual Rows": 1381129,
                                    "Actual Loops": 1,
                                    "Sort Key": [
                                      "t.id"
                                    ],
                                    "Sort Method": "quicksort",
                                    "Sort Space Used": 145245,
                                    "Sort Space Type": "Memory",
                                    "Plans": [
                                      {
                                        "Node Type": "Seq Scan",
                                        "Parent Relationship": "Outer",
                                        "Parallel Aware": false,
                                        "Relation Name": "title",
                                        "Alias": "t",
                                        "Startup Cost": 0.0,
                                        "Total Cost": 67600.46,
                                        "Plan Rows": 1378907,
                                        "Plan Width": 21,
                                        "Actual Startup Time": 0.017,
                                        "Actual Total Time": 266.961,
                                        "Actual Rows": 1381453,
                                        "Actual Loops": 1,
                                        "Filter": "(production_year > 2000)",
                                        "Rows Removed by Filter": 1146859
                                      }
                                    ]
                                  }
                                ]
                              }
                            ]
                          },
                          {
                            "Node Type": "Sort",
                            "Parent Relationship": "Inner",
                            "Parallel Aware": false,
                            "Startup Cost": 5.98,
                            "Total Cost": 6.27,
                            "Plan Rows": 113,
                            "Plan Width": 4,
                            "Actual Startup Time": 0.05,
                            "Actual Total Time": 0.053,
                            "Actual Rows": 18,
                            "Actual Loops": 1,
                            "Sort Key": [
                              "it.id"
                            ],
                            "Sort Method": "quicksort",
                            "Sort Space Used": 30,
                            "Sort Space Type": "Memory",
                            "Plans": [
                              {
                                "Node Type": "Seq Scan",
                                "Parent Relationship": "Outer",
                                "Parallel Aware": false,
                                "Relation Name": "info_type",
                                "Alias": "it",
                                "Startup Cost": 0.0,
                                "Total Cost": 2.13,
                                "Plan Rows": 113,
                                "Plan Width": 4,
                                "Actual Startup Time": 0.023,
                                "Actual Total Time": 0.031,
                                "Actual Rows": 113,
                                "Actual Loops": 1
                              }
                            ]
                          }
                        ]
                      },
                      {
                        "Node Type": "Hash",
                        "Parent Relationship": "Inner",
                        "Parallel Aware": true,
                        "Startup Cost": 41811.73,
                        "Total Cost": 41811.73,
                        "Plan Rows": 101177,
                        "Plan Width": 8,
                        "Actual Startup Time": 400.593,
                        "Actual Total Time": 400.594,
                        "Actual Rows": 295628,
                        "Actual Loops": 1,
                        "Hash Buckets": 524288,
                        "Original Hash Buckets": 262144,
                        "Hash Batches": 1,
                        "Original Hash Batches": 1,
                        "Peak Memory Usage": 17728,
                        "Plans": [
                          {
                            "Node Type": "Seq Scan",
                            "Parent Relationship": "Outer",
                            "Parallel Aware": true,
                            "Relation Name": "movie_companies",
                            "Alias": "mc",
                            "Startup Cost": 0.0,
                            "Total Cost": 41811.73,
                            "Plan Rows": 101177,
                            "Plan Width": 8,
                            "Actual Startup Time": 0.016,
                            "Actual Total Time": 334.134,
                            "Actual Rows": 295628,
                            "Actual Loops": 1,
                            "Filter": "((note !~~ '%(TV)%'::text) AND (note ~~ '%(USA)%'::text))",
                            "Rows Removed by Filter": 2313501
                          }
                        ]
                      }
                    ]
                  },
                  {
                    "Node Type": "Hash",
                    "Parent Relationship": "Inner",
                    "Parallel Aware": false,
                    "Startup Cost": 1.05,
                    "Total Cost": 1.05,
                    "Plan Rows": 1,
                    "Plan Width": 4,
                    "Actual Startup Time": 0.019,
                    "Actual Total Time": 0.02,
                    "Actual Rows": 1,
                    "Actual Loops": 1,
                    "Hash Buckets": 1024,
                    "Original Hash Buckets": 1024,
                    "Hash Batches": 1,
                    "Original Hash Batches": 1,
                    "Peak Memory Usage": 9,
                    "Plans": [
                      {
                        "Node Type": "Seq Scan",
                        "Parent Relationship": "Outer",
                        "Parallel Aware": false,
                        "Relation Name": "company_type",
                        "Alias": "ct",
                        "Startup Cost": 0.0,
                        "Total Cost": 1.05,
                        "Plan Rows": 1,
                        "Plan Width": 4,
                        "Actual Startup Time": 0.013,
                        "Actual Total Time": 0.015,
                        "Actual Rows": 1,
                        "Actual Loops": 1,
                        "Filter": "((kind)::text = 'production companies'::text)",
                        "Rows Removed by Filter": 3
                      }
                    ]
                  }
                ]
              }
            ]
          }
        ]
      }
    ]
  },
  "Planning Time": 1.084,
  "Triggers": [],
  "Execution Time": 4707.764
}