[
  {
    "Plan": {
      "Node Type": "Aggregate",
      "Strategy": "Plain",
      "Partial Mode": "Finalize",
      "Parallel Aware": false,
      "Startup Cost": 60157.77,
      "Total Cost": 60157.78,
      "Plan Rows": 1,
      "Plan Width": 8,
      "Actual Startup Time": 176.449,
      "Actual Total Time": 193.123,
      "Actual Rows": 1,
      "Actual Loops": 1,
      "Plans": [
        {
          "Node Type": "Gather",
          "Parent Relationship": "Outer",
          "Parallel Aware": false,
          "Startup Cost": 60157.56,
          "Total Cost": 60157.77,
          "Plan Rows": 2,
          "Plan Width": 8,
          "Actual Startup Time": 176.243,
          "Actual Total Time": 193.116,
          "Actual Rows": 3,
          "Actual Loops": 1,
          "Workers Planned": 2,
          "Workers Launched": 2,
          "Single Copy": false,
          "Plans": [
            {
              "Node Type": "Aggregate",
              "Strategy": "Plain",
              "Partial Mode": "Partial",
              "Parent Relationship": "Outer",
              "Parallel Aware": false,
              "Startup Cost": 59157.56,
              "Total Cost": 59157.57,
              "Plan Rows": 1,
              "Plan Width": 8,
              "Actual Startup Time": 173.118,
              "Actual Total Time": 173.121,
              "Actual Rows": 1,
              "Actual Loops": 3,
              "Plans": [
                {
                  "Node Type": "Hash Join",
                  "Parent Relationship": "Outer",
                  "Parallel Aware": true,
                  "Join Type": "Inner",
                  "Startup Cost": 43953.2,
                  "Total Cost": 59147.76,
                  "Plan Rows": 3920,
                  "Plan Width": 0,
                  "Actual Startup Time": 129.628,
                  "Actual Total Time": 172.993,
                  "Actual Rows": 2315,
                  "Actual Loops": 3,
                  "Inner Unique": true,
                  "Hash Cond": "(mi_idx.movie_id = t.id)",
                  "Plans": [
                    {
                      "Node Type": "Seq Scan",
                      "Parent Relationship": "Outer",
                      "Parallel Aware": true,
                      "Relation Name": "movie_info_idx",
                      "Alias": "mi_idx",
                      "Startup Cost": 0.0,
                      "Total Cost": 13685.15,
                      "Plan Rows": 575015,
                      "Plan Width": 4,
                      "Actual Startup Time": 0.011,
                      "Actual Total Time": 36.783,
                      "Actual Rows": 460012,
                      "Actual Loops": 3
                    },
                    {
                      "Node Type": "Hash",
                      "Parent Relationship": "Inner",
                      "Parallel Aware": true,
                      "Startup Cost": 43899.32,
                      "Total Cost": 43899.32,
                      "Plan Rows": 4310,
                      "Plan Width": 4,
                      "Actual Startup Time": 101.129,
                      "Actual Total Time": 101.13,
                      "Actual Rows": 5631,
                      "Actual Loops": 3,
                      "Hash Buckets": 32768,
                      "Original Hash Buckets": 32768,
                      "Hash Batches": 1,
                      "Original Hash Batches": 1,
                      "Peak Memory Usage": 960,
                      "Plans": [
                        {
                          "Node Type": "Seq Scan",
                          "Parent Relationship": "Outer",
                          "Parallel Aware": true,
                          "Relation Name": "title",
                          "Alias": "t",
                          "Startup Cost": 0.0,
                          "Total Cost": 43899.32,
                          "Plan Rows": 4310,
                          "Plan Width": 4,
                          "Actual Startup Time": 55.542,
                          "Actual Total Time": 98.963,
                          "Actual Rows": 5631,
                          "Actual Loops": 3,
                          "Filter": "(production_year < 1907)",
                          "Rows Removed by Filter": 837140
                        }
                      ]
                    }
                  ]
                }
              ]
            }
          ]
        }
      ]
    },
    "Planning Time": 0.316,
    "Triggers": [],
    "Execution Time": 193.168
  }
]