[
  {
    "Plan": {
      "Node Type": "Aggregate",
      "Strategy": "Plain",
      "Partial Mode": "Simple",
      "Parallel Aware": false,
      "Startup Cost": 6598.22,
      "Total Cost": 6598.23,
      "Plan Rows": 1,
      "Plan Width": 8,
      "Actual Startup Time": 2.34,
      "Actual Total Time": 2.341,
      "Actual Rows": 1,
      "Actual Loops": 1,
      "Plans": [
        {
          "Node Type": "Index Only Scan",
          "Parent Relationship": "Outer",
          "Parallel Aware": false,
          "Scan Direction": "Forward",
          "Index Name": "company_id_movie_companies",
          "Relation Name": "movie_companies",
          "Alias": "mc",
          "Startup Cost": 0.43,
          "Total Cost": 6591.48,
          "Plan Rows": 2696,
          "Plan Width": 0,
          "Actual Startup Time": 0.121,
          "Actual Total Time": 2.028,
          "Actual Rows": 2018,
          "Actual Loops": 1,
          "Index Cond": "(company_id = 436)",
          "Rows Removed by Index Recheck": 0,
          "Heap Fetches": 2018
        }
      ]
    },
    "Planning Time": 0.144,
    "Triggers": [],
    "Execution Time": 2.382
  }
]