[
  {
    "Plan": {
      "Node Type": "Aggregate",
      "Strategy": "Plain",
      "Partial Mode": "Finalize",
      "Parallel Aware": false,
      "Startup Cost": 33123.21,
      "Total Cost": 33123.22,
      "Plan Rows": 1,
      "Plan Width": 8,
      "Actual Startup Time": 99.22,
      "Actual Total Time": 107.143,
      "Actual Rows": 1,
      "Actual Loops": 1,
      "Plans": [
        {
          "Node Type": "Gather",
          "Parent Relationship": "Outer",
          "Parallel Aware": false,
          "Startup Cost": 33122.9,
          "Total Cost": 33123.21,
          "Plan Rows": 3,
          "Plan Width": 8,
          "Actual Startup Time": 99.122,
          "Actual Total Time": 107.133,
          "Actual Rows": 4,
          "Actual Loops": 1,
          "Workers Planned": 3,
          "Workers Launched": 3,
          "Single Copy": false,
          "Plans": [
            {
              "Node Type": "Aggregate",
              "Strategy": "Plain",
              "Partial Mode": "Partial",
              "Parent Relationship": "Outer",
              "Parallel Aware": false,
              "Startup Cost": 32122.9,
              "Total Cost": 32122.91,
              "Plan Rows": 1,
              "Plan Width": 8,
              "Actual Startup Time": 93.857,
              "Actual Total Time": 93.859,
              "Actual Rows": 1,
              "Actual Loops": 4,
              "Plans": [
                {
                  "Node Type": "Seq Scan",
                  "Parent Relationship": "Outer",
                  "Parallel Aware": true,
                  "Relation Name": "movie_companies",
                  "Alias": "mc",
                  "Startup Cost": 0.0,
                  "Total Cost": 31414.82,
                  "Plan Rows": 283231,
                  "Plan Width": 0,
                  "Actual Startup Time": 43.18,
                  "Actual Total Time": 81.552,
                  "Actual Rows": 268840,
                  "Actual Loops": 4,
                  "Filter": "((company_id > 2778) AND (company_type_id > 1))",
                  "Rows Removed by Filter": 383442
                }
              ]
            }
          ]
        }
      ]
    },
    "Planning Time": 0.134,
    "Triggers": [],
    "Execution Time": 107.188
  }
]