[
  {
    "Plan": {
      "Node Type": "Aggregate",
      "Strategy": "Plain",
      "Partial Mode": "Finalize",
      "Parallel Aware": false,
      "Startup Cost": 341739.63,
      "Total Cost": 341739.64,
      "Plan Rows": 1,
      "Plan Width": 8,
      "Actual Startup Time": 795.261,
      "Actual Total Time": 855.611,
      "Actual Rows": 1,
      "Actual Loops": 1,
      "Plans": [
        {
          "Node Type": "Gather",
          "Parent Relationship": "Outer",
          "Parallel Aware": false,
          "Startup Cost": 341739.0,
          "Total Cost": 341739.61,
          "Plan Rows": 6,
          "Plan Width": 8,
          "Actual Startup Time": 795.155,
          "Actual Total Time": 855.602,
          "Actual Rows": 7,
          "Actual Loops": 1,
          "Workers Planned": 6,
          "Workers Launched": 6,
          "Single Copy": false,
          "Plans": [
            {
              "Node Type": "Aggregate",
              "Strategy": "Plain",
              "Partial Mode": "Partial",
              "Parent Relationship": "Outer",
              "Parallel Aware": false,
              "Startup Cost": 340739.0,
              "Total Cost": 340739.01,
              "Plan Rows": 1,
              "Plan Width": 8,
              "Actual Startup Time": 789.551,
              "Actual Total Time": 789.552,
              "Actual Rows": 1,
              "Actual Loops": 7,
              "Plans": [
                {
                  "Node Type": "Seq Scan",
                  "Parent Relationship": "Outer",
                  "Parallel Aware": true,
                  "Relation Name": "cast_info",
                  "Alias": "ci",
                  "Startup Cost": 0.0,
                  "Total Cost": 328162.03,
                  "Plan Rows": 5030791,
                  "Plan Width": 0,
                  "Actual Startup Time": 0.035,
                  "Actual Total Time": 609.641,
                  "Actual Rows": 4342801,
                  "Actual Loops": 7,
                  "Filter": "(person_id < 3059727)",
                  "Rows Removed by Filter": 834962
                }
              ]
            }
          ]
        }
      ]
    },
    "Planning Time": 0.22,
    "Triggers": [],
    "Execution Time": 855.685
  }
]