[
    {
        "Bao": {
            "Bao prediction": "NaN",
            "Bao recommended hint": "(no hint)"
        }
    },
    {
        "Plan": {
            "Node Type": "Aggregate",
            "Strategy": "Plain",
            "Partial Mode": "Finalize",
            "Parallel Aware": false,
            "Startup Cost": 341783.27,
            "Total Cost": 341783.28,
            "Plan Rows": 1,
            "Plan Width": 8,
            "Actual Startup Time": 819.233,
            "Actual Total Time": 847.03,
            "Actual Rows": 1,
            "Actual Loops": 1,
            "Output": [
                "count(*)"
            ],
            "Plans": [
                {
                    "Node Type": "Gather",
                    "Parent Relationship": "Outer",
                    "Parallel Aware": false,
                    "Startup Cost": 341782.65,
                    "Total Cost": 341783.26,
                    "Plan Rows": 6,
                    "Plan Width": 8,
                    "Actual Startup Time": 819.143,
                    "Actual Total Time": 847.022,
                    "Actual Rows": 7,
                    "Actual Loops": 1,
                    "Output": [
                        "(PARTIAL count(*))"
                    ],
                    "Workers Planned": 6,
                    "Workers Launched": 6,
                    "Single Copy": false,
                    "Plans": [
                        {
                            "Node Type": "Aggregate",
                            "Strategy": "Plain",
                            "Partial Mode": "Partial",
                            "Parent Relationship": "Outer",
                            "Parallel Aware": false,
                            "Startup Cost": 340782.65,
                            "Total Cost": 340782.66,
                            "Plan Rows": 1,
                            "Plan Width": 8,
                            "Actual Startup Time": 809.154,
                            "Actual Total Time": 809.155,
                            "Actual Rows": 1,
                            "Actual Loops": 7,
                            "Output": [
                                "PARTIAL count(*)"
                            ],
                            "Workers": [
                                {
                                    "Worker Number": 0,
                                    "Actual Startup Time": 806.793,
                                    "Actual Total Time": 806.795,
                                    "Actual Rows": 1,
                                    "Actual Loops": 1
                                },
                                {
                                    "Worker Number": 1,
                                    "Actual Startup Time": 807.101,
                                    "Actual Total Time": 807.102,
                                    "Actual Rows": 1,
                                    "Actual Loops": 1
                                },
                                {
                                    "Worker Number": 2,
                                    "Actual Startup Time": 807.552,
                                    "Actual Total Time": 807.553,
                                    "Actual Rows": 1,
                                    "Actual Loops": 1
                                },
                                {
                                    "Worker Number": 3,
                                    "Actual Startup Time": 807.786,
                                    "Actual Total Time": 807.787,
                                    "Actual Rows": 1,
                                    "Actual Loops": 1
                                },
                                {
                                    "Worker Number": 4,
                                    "Actual Startup Time": 807.945,
                                    "Actual Total Time": 807.947,
                                    "Actual Rows": 1,
                                    "Actual Loops": 1
                                },
                                {
                                    "Worker Number": 5,
                                    "Actual Startup Time": 808.165,
                                    "Actual Total Time": 808.166,
                                    "Actual Rows": 1,
                                    "Actual Loops": 1
                                }
                            ],
                            "Plans": [
                                {
                                    "Node Type": "Seq Scan",
                                    "Parent Relationship": "Outer",
                                    "Parallel Aware": true,
                                    "Relation Name": "cast_info",
                                    "Schema": "public",
                                    "Alias": "ci",
                                    "Startup Cost": 0.0,
                                    "Total Cost": 328213.62,
                                    "Plan Rows": 5027612,
                                    "Plan Width": 0,
                                    "Actual Startup Time": 74.272,
                                    "Actual Total Time": 610.114,
                                    "Actual Rows": 4278144,
                                    "Actual Loops": 7,
                                    "Output": [
                                        "id",
                                        "person_id",
                                        "movie_id",
                                        "person_role_id",
                                        "note",
                                        "nr_order",
                                        "role_id"
                                    ],
                                    "Filter": "(ci.person_id > 607316)",
                                    "Rows Removed by Filter": 899619,
                                    "Workers": [
                                        {
                                            "Worker Number": 0,
                                            "Actual Startup Time": 71.918,
                                            "Actual Total Time": 610.706,
                                            "Actual Rows": 2976356,
                                            "Actual Loops": 1
                                        },
                                        {
                                            "Worker Number": 1,
                                            "Actual Startup Time": 72.213,
                                            "Actual Total Time": 611.741,
                                            "Actual Rows": 2967990,
                                            "Actual Loops": 1
                                        },
                                        {
                                            "Worker Number": 2,
                                            "Actual Startup Time": 72.667,
                                            "Actual Total Time": 617.667,
                                            "Actual Rows": 4588354,
                                            "Actual Loops": 1
                                        },
                                        {
                                            "Worker Number": 3,
                                            "Actual Startup Time": 72.906,
                                            "Actual Total Time": 618.558,
                                            "Actual Rows": 4571877,
                                            "Actual Loops": 1
                                        },
                                        {
                                            "Worker Number": 4,
                                            "Actual Startup Time": 73.069,
                                            "Actual Total Time": 618.257,
                                            "Actual Rows": 4585254,
                                            "Actual Loops": 1
                                        },
                                        {
                                            "Worker Number": 5,
                                            "Actual Startup Time": 73.292,
                                            "Actual Total Time": 617.602,
                                            "Actual Rows": 4711095,
                                            "Actual Loops": 1
                                        }
                                    ]
                                }
                            ]
                        }
                    ]
                }
            ]
        },
        "Planning Time": 182.874,
        "Triggers": [],
        "Execution Time": 847.084
    }
]