[
    {
        "Bao": {
            "Bao prediction": 1275.967,
            "Bao recommended hint": "(no hint)"
        }
    },
    {
        "Plan": {
            "Node Type": "Aggregate",
            "Strategy": "Plain",
            "Partial Mode": "Finalize",
            "Parallel Aware": false,
            "Startup Cost": 477668.5,
            "Total Cost": 477668.51,
            "Plan Rows": 1,
            "Plan Width": 8,
            "Actual Startup Time": 4130.567,
            "Actual Total Time": 4163.823,
            "Actual Rows": 1,
            "Actual Loops": 1,
            "Output": [
                "count(*)"
            ],
            "Plans": [
                {
                    "Node Type": "Gather",
                    "Parent Relationship": "Outer",
                    "Parallel Aware": false,
                    "Startup Cost": 477667.87,
                    "Total Cost": 477668.48,
                    "Plan Rows": 6,
                    "Plan Width": 8,
                    "Actual Startup Time": 4117.99,
                    "Actual Total Time": 4163.812,
                    "Actual Rows": 7,
                    "Actual Loops": 1,
                    "Output": [
                        "(PARTIAL count(*))"
                    ],
                    "Workers Planned": 6,
                    "Workers Launched": 6,
                    "Single Copy": false,
                    "Plans": [
                        {
                            "Node Type": "Aggregate",
                            "Strategy": "Plain",
                            "Partial Mode": "Partial",
                            "Parent Relationship": "Outer",
                            "Parallel Aware": false,
                            "Startup Cost": 476667.87,
                            "Total Cost": 476667.88,
                            "Plan Rows": 1,
                            "Plan Width": 8,
                            "Actual Startup Time": 4086.135,
                            "Actual Total Time": 4086.559,
                            "Actual Rows": 1,
                            "Actual Loops": 7,
                            "Output": [
                                "PARTIAL count(*)"
                            ],
                            "Workers": [
                                {
                                    "Worker Number": 0,
                                    "Actual Startup Time": 4071.761,
                                    "Actual Total Time": 4071.766,
                                    "Actual Rows": 1,
                                    "Actual Loops": 1
                                },
                                {
                                    "Worker Number": 1,
                                    "Actual Startup Time": 4097.645,
                                    "Actual Total Time": 4097.65,
                                    "Actual Rows": 1,
                                    "Actual Loops": 1
                                },
                                {
                                    "Worker Number": 2,
                                    "Actual Startup Time": 4072.564,
                                    "Actual Total Time": 4072.57,
                                    "Actual Rows": 1,
                                    "Actual Loops": 1
                                },
                                {
                                    "Worker Number": 3,
                                    "Actual Startup Time": 4074.25,
                                    "Actual Total Time": 4074.254,
                                    "Actual Rows": 1,
                                    "Actual Loops": 1
                                },
                                {
                                    "Worker Number": 4,
                                    "Actual Startup Time": 4072.395,
                                    "Actual Total Time": 4072.401,
                                    "Actual Rows": 1,
                                    "Actual Loops": 1
                                },
                                {
                                    "Worker Number": 5,
                                    "Actual Startup Time": 4097.548,
                                    "Actual Total Time": 4097.554,
                                    "Actual Rows": 1,
                                    "Actual Loops": 1
                                }
                            ],
                            "Plans": [
                                {
                                    "Node Type": "Hash Join",
                                    "Parent Relationship": "Outer",
                                    "Parallel Aware": true,
                                    "Join Type": "Inner",
                                    "Startup Cost": 101227.42,
                                    "Total Cost": 465724.2,
                                    "Plan Rows": 4377471,
                                    "Plan Width": 0,
                                    "Actual Startup Time": 567.073,
                                    "Actual Total Time": 3500.047,
                                    "Actual Rows": 11290804,
                                    "Actual Loops": 7,
                                    "Inner Unique": false,
                                    "Hash Cond": "(ci.movie_id = t.id)",
                                    "Workers": [
                                        {
                                            "Worker Number": 0,
                                            "Actual Startup Time": 552.997,
                                            "Actual Total Time": 3500.201,
                                            "Actual Rows": 11638258,
                                            "Actual Loops": 1
                                        },
                                        {
                                            "Worker Number": 1,
                                            "Actual Startup Time": 578.69,
                                            "Actual Total Time": 3511.286,
                                            "Actual Rows": 11709049,
                                            "Actual Loops": 1
                                        },
                                        {
                                            "Worker Number": 2,
                                            "Actual Startup Time": 553.705,
                                            "Actual Total Time": 3465.164,
                                            "Actual Rows": 9544410,
                                            "Actual Loops": 1
                                        },
                                        {
                                            "Worker Number": 3,
                                            "Actual Startup Time": 553.882,
                                            "Actual Total Time": 3490.391,
                                            "Actual Rows": 12303726,
                                            "Actual Loops": 1
                                        },
                                        {
                                            "Worker Number": 4,
                                            "Actual Startup Time": 553.5,
                                            "Actual Total Time": 3468.811,
                                            "Actual Rows": 9481644,
                                            "Actual Loops": 1
                                        },
                                        {
                                            "Worker Number": 5,
                                            "Actual Startup Time": 578.782,
                                            "Actual Total Time": 3519.931,
                                            "Actual Rows": 11555821,
                                            "Actual Loops": 1
                                        }
                                    ],
                                    "Plans": [
                                        {
                                            "Node Type": "Seq Scan",
                                            "Parent Relationship": "Outer",
                                            "Parallel Aware": true,
                                            "Relation Name": "cast_info",
                                            "Schema": "public",
                                            "Alias": "ci",
                                            "Startup Cost": 0.0,
                                            "Total Cost": 328213.62,
                                            "Plan Rows": 5909941,
                                            "Plan Width": 4,
                                            "Actual Startup Time": 13.197,
                                            "Actual Total Time": 744.027,
                                            "Actual Rows": 5061665,
                                            "Actual Loops": 7,
                                            "Output": [
                                                "ci.id",
                                                "ci.person_id",
                                                "ci.movie_id",
                                                "ci.person_role_id",
                                                "ci.note",
                                                "ci.nr_order",
                                                "ci.role_id"
                                            ],
                                            "Filter": "(ci.person_id > 85572)",
                                            "Rows Removed by Filter": 116099,
                                            "Workers": [
                                                {
                                                    "Worker Number": 0,
                                                    "Actual Startup Time": 13.176,
                                                    "Actual Total Time": 768.631,
                                                    "Actual Rows": 5131827,
                                                    "Actual Loops": 1
                                                },
                                                {
                                                    "Worker Number": 1,
                                                    "Actual Startup Time": 13.314,
                                                    "Actual Total Time": 747.796,
                                                    "Actual Rows": 5193225,
                                                    "Actual Loops": 1
                                                },
                                                {
                                                    "Worker Number": 2,
                                                    "Actual Startup Time": 13.214,
                                                    "Actual Total Time": 760.013,
                                                    "Actual Rows": 4380908,
                                                    "Actual Loops": 1
                                                },
                                                {
                                                    "Worker Number": 3,
                                                    "Actual Startup Time": 13.185,
                                                    "Actual Total Time": 740.737,
                                                    "Actual Rows": 5513323,
                                                    "Actual Loops": 1
                                                },
                                                {
                                                    "Worker Number": 4,
                                                    "Actual Startup Time": 13.188,
                                                    "Actual Total Time": 757.315,
                                                    "Actual Rows": 4352215,
                                                    "Actual Loops": 1
                                                },
                                                {
                                                    "Worker Number": 5,
                                                    "Actual Startup Time": 13.162,
                                                    "Actual Total Time": 770.568,
                                                    "Actual Rows": 5045617,
                                                    "Actual Loops": 1
                                                }
                                            ]
                                        },
                                        {
                                            "Node Type": "Hash",
                                            "Parent Relationship": "Inner",
                                            "Parallel Aware": true,
                                            "Startup Cost": 93676.13,
                                            "Total Cost": 93676.13,
                                            "Plan Rows": 604103,
                                            "Plan Width": 8,
                                            "Actual Startup Time": 548.125,
                                            "Actual Total Time": 548.547,
                                            "Actual Rows": 195698,
                                            "Actual Loops": 7,
                                            "Output": [
                                                "t.id",
                                                "mk.movie_id"
                                            ],
                                            "Hash Buckets": 2097152,
                                            "Original Hash Buckets": 2097152,
                                            "Hash Batches": 1,
                                            "Original Hash Batches": 1,
                                            "Peak Memory Usage": 70112,
                                            "Workers": [
                                                {
                                                    "Worker Number": 0,
                                                    "Actual Startup Time": 538.49,
                                                    "Actual Total Time": 538.493,
                                                    "Actual Rows": 186367,
                                                    "Actual Loops": 1
                                                },
                                                {
                                                    "Worker Number": 1,
                                                    "Actual Startup Time": 564.616,
                                                    "Actual Total Time": 564.62,
                                                    "Actual Rows": 196741,
                                                    "Actual Loops": 1
                                                },
                                                {
                                                    "Worker Number": 2,
                                                    "Actual Startup Time": 539.426,
                                                    "Actual Total Time": 539.43,
                                                    "Actual Rows": 195609,
                                                    "Actual Loops": 1
                                                },
                                                {
                                                    "Worker Number": 3,
                                                    "Actual Startup Time": 539.918,
                                                    "Actual Total Time": 539.921,
                                                    "Actual Rows": 196415,
                                                    "Actual Loops": 1
                                                },
                                                {
                                                    "Worker Number": 4,
                                                    "Actual Startup Time": 539.349,
                                                    "Actual Total Time": 539.353,
                                                    "Actual Rows": 195696,
                                                    "Actual Loops": 1
                                                },
                                                {
                                                    "Worker Number": 5,
                                                    "Actual Startup Time": 564.443,
                                                    "Actual Total Time": 564.448,
                                                    "Actual Rows": 187932,
                                                    "Actual Loops": 1
                                                }
                                            ],
                                            "Plans": [
                                                {
                                                    "Node Type": "Hash Join",
                                                    "Parent Relationship": "Outer",
                                                    "Parallel Aware": true,
                                                    "Join Type": "Inner",
                                                    "Startup Cost": 47352.58,
                                                    "Total Cost": 93676.13,
                                                    "Plan Rows": 604103,
                                                    "Plan Width": 8,
                                                    "Actual Startup Time": 240.357,
                                                    "Actual Total Time": 464.82,
                                                    "Actual Rows": 195698,
                                                    "Actual Loops": 7,
                                                    "Output": [
                                                        "t.id",
                                                        "mk.movie_id"
                                                    ],
                                                    "Inner Unique": true,
                                                    "Hash Cond": "(mk.movie_id = t.id)",
                                                    "Workers": [
                                                        {
                                                            "Worker Number": 0,
                                                            "Actual Startup Time": 234.742,
                                                            "Actual Total Time": 460.116,
                                                            "Actual Rows": 186367,
                                                            "Actual Loops": 1
                                                        },
                                                        {
                                                            "Worker Number": 1,
                                                            "Actual Startup Time": 246.528,
                                                            "Actual Total Time": 470.351,
                                                            "Actual Rows": 196741,
                                                            "Actual Loops": 1
                                                        },
                                                        {
                                                            "Worker Number": 2,
                                                            "Actual Startup Time": 235.767,
                                                            "Actual Total Time": 460.218,
                                                            "Actual Rows": 195609,
                                                            "Actual Loops": 1
                                                        },
                                                        {
                                                            "Worker Number": 3,
                                                            "Actual Startup Time": 236.178,
                                                            "Actual Total Time": 460.666,
                                                            "Actual Rows": 196415,
                                                            "Actual Loops": 1
                                                        },
                                                        {
                                                            "Worker Number": 4,
                                                            "Actual Startup Time": 235.581,
                                                            "Actual Total Time": 458.973,
                                                            "Actual Rows": 195696,
                                                            "Actual Loops": 1
                                                        },
                                                        {
                                                            "Worker Number": 5,
                                                            "Actual Startup Time": 246.666,
                                                            "Actual Total Time": 471.045,
                                                            "Actual Rows": 187932,
                                                            "Actual Loops": 1
                                                        }
                                                    ],
                                                    "Plans": [
                                                        {
                                                            "Node Type": "Seq Scan",
                                                            "Parent Relationship": "Outer",
                                                            "Parallel Aware": true,
                                                            "Relation Name": "movie_keyword",
                                                            "Schema": "public",
                                                            "Alias": "mk",
                                                            "Startup Cost": 0.0,
                                                            "Total Cost": 42695.65,
                                                            "Plan Rows": 1382052,
                                                            "Plan Width": 4,
                                                            "Actual Startup Time": 0.04,
                                                            "Actual Total Time": 112.085,
                                                            "Actual Rows": 612759,
                                                            "Actual Loops": 7,
                                                            "Output": [
                                                                "mk.id",
                                                                "mk.movie_id",
                                                                "mk.keyword_id"
                                                            ],
                                                            "Filter": "(mk.keyword_id > 186)",
                                                            "Rows Removed by Filter": 33517,
                                                            "Workers": [
                                                                {
                                                                    "Worker Number": 0,
                                                                    "Actual Startup Time": 0.04,
                                                                    "Actual Total Time": 114.621,
                                                                    "Actual Rows": 589371,
                                                                    "Actual Loops": 1
                                                                },
                                                                {
                                                                    "Worker Number": 1,
                                                                    "Actual Startup Time": 0.053,
                                                                    "Actual Total Time": 113.397,
                                                                    "Actual Rows": 607328,
                                                                    "Actual Loops": 1
                                                                },
                                                                {
                                                                    "Worker Number": 2,
                                                                    "Actual Startup Time": 0.045,
                                                                    "Actual Total Time": 113.059,
                                                                    "Actual Rows": 609548,
                                                                    "Actual Loops": 1
                                                                },
                                                                {
                                                                    "Worker Number": 3,
                                                                    "Actual Startup Time": 0.039,
                                                                    "Actual Total Time": 113.704,
                                                                    "Actual Rows": 613963,
                                                                    "Actual Loops": 1
                                                                },
                                                                {
                                                                    "Worker Number": 4,
                                                                    "Actual Startup Time": 0.038,
                                                                    "Actual Total Time": 112.817,
                                                                    "Actual Rows": 605056,
                                                                    "Actual Loops": 1
                                                                },
                                                                {
                                                                    "Worker Number": 5,
                                                                    "Actual Startup Time": 0.044,
                                                                    "Actual Total Time": 114.479,
                                                                    "Actual Rows": 599824,
                                                                    "Actual Loops": 1
                                                                }
                                                            ]
                                                        },
                                                        {
                                                            "Node Type": "Hash",
                                                            "Parent Relationship": "Inner",
                                                            "Parallel Aware": true,
                                                            "Startup Cost": 43899.01,
                                                            "Total Cost": 43899.01,
                                                            "Plan Rows": 276286,
                                                            "Plan Width": 4,
                                                            "Actual Startup Time": 236.745,
                                                            "Actual Total Time": 236.746,
                                                            "Actual Rows": 158275,
                                                            "Actual Loops": 7,
                                                            "Output": [
                                                                "t.id"
                                                            ],
                                                            "Hash Buckets": 2097152,
                                                            "Original Hash Buckets": 2097152,
                                                            "Hash Batches": 1,
                                                            "Original Hash Batches": 1,
                                                            "Peak Memory Usage": 59808,
                                                            "Workers": [
                                                                {
                                                                    "Worker Number": 0,
                                                                    "Actual Startup Time": 234.409,
                                                                    "Actual Total Time": 234.41,
                                                                    "Actual Rows": 145999,
                                                                    "Actual Loops": 1
                                                                },
                                                                {
                                                                    "Worker Number": 1,
                                                                    "Actual Startup Time": 246.361,
                                                                    "Actual Total Time": 246.362,
                                                                    "Actual Rows": 151595,
                                                                    "Actual Loops": 1
                                                                },
                                                                {
                                                                    "Worker Number": 2,
                                                                    "Actual Startup Time": 235.38,
                                                                    "Actual Total Time": 235.382,
                                                                    "Actual Rows": 153948,
                                                                    "Actual Loops": 1
                                                                },
                                                                {
                                                                    "Worker Number": 3,
                                                                    "Actual Startup Time": 235.858,
                                                                    "Actual Total Time": 235.859,
                                                                    "Actual Rows": 140542,
                                                                    "Actual Loops": 1
                                                                },
                                                                {
                                                                    "Worker Number": 4,
                                                                    "Actual Startup Time": 235.144,
                                                                    "Actual Total Time": 235.145,
                                                                    "Actual Rows": 151209,
                                                                    "Actual Loops": 1
                                                                },
                                                                {
                                                                    "Worker Number": 5,
                                                                    "Actual Startup Time": 246.231,
                                                                    "Actual Total Time": 246.233,
                                                                    "Actual Rows": 153759,
                                                                    "Actual Loops": 1
                                                                }
                                                            ],
                                                            "Plans": [
                                                                {
                                                                    "Node Type": "Seq Scan",
                                                                    "Parent Relationship": "Outer",
                                                                    "Parallel Aware": true,
                                                                    "Relation Name": "title",
                                                                    "Schema": "public",
                                                                    "Alias": "t",
                                                                    "Startup Cost": 0.0,
                                                                    "Total Cost": 43899.01,
                                                                    "Plan Rows": 276286,
                                                                    "Plan Width": 4,
                                                                    "Actual Startup Time": 0.064,
                                                                    "Actual Total Time": 108.817,
                                                                    "Actual Rows": 158275,
                                                                    "Actual Loops": 7,
                                                                    "Output": [
                                                                        "t.id"
                                                                    ],
                                                                    "Filter": "(t.production_year > 2004)",
                                                                    "Rows Removed by Filter": 202912,
                                                                    "Workers": [
                                                                        {
                                                                            "Worker Number": 0,
                                                                            "Actual Startup Time": 0.057,
                                                                            "Actual Total Time": 111.521,
                                                                            "Actual Rows": 145999,
                                                                            "Actual Loops": 1
                                                                        },
                                                                        {
                                                                            "Worker Number": 1,
                                                                            "Actual Startup Time": 0.082,
                                                                            "Actual Total Time": 110.755,
                                                                            "Actual Rows": 151595,
                                                                            "Actual Loops": 1
                                                                        },
                                                                        {
                                                                            "Worker Number": 2,
                                                                            "Actual Startup Time": 0.055,
                                                                            "Actual Total Time": 110.89,
                                                                            "Actual Rows": 153948,
                                                                            "Actual Loops": 1
                                                                        },
                                                                        {
                                                                            "Worker Number": 3,
                                                                            "Actual Startup Time": 0.073,
                                                                            "Actual Total Time": 112.055,
                                                                            "Actual Rows": 140542,
                                                                            "Actual Loops": 1
                                                                        },
                                                                        {
                                                                            "Worker Number": 4,
                                                                            "Actual Startup Time": 0.066,
                                                                            "Actual Total Time": 110.111,
                                                                            "Actual Rows": 151209,
                                                                            "Actual Loops": 1
                                                                        },
                                                                        {
                                                                            "Worker Number": 5,
                                                                            "Actual Startup Time": 0.079,
                                                                            "Actual Total Time": 111.882,
                                                                            "Actual Rows": 153759,
                                                                            "Actual Loops": 1
                                                                        }
                                                                    ]
                                                                }
                                                            ]
                                                        }
                                                    ]
                                                }
                                            ]
                                        }
                                    ]
                                }
                            ]
                        }
                    ]
                }
            ]
        },
        "Planning Time": 2001.964,
        "Triggers": [],
        "Execution Time": 4164.056
    }
]