[
  {
    "Plan": {
      "Node Type": "Aggregate",
      "Strategy": "Plain",
      "Partial Mode": "Finalize",
      "Parallel Aware": false,
      "Startup Cost": 351421.56,
      "Total Cost": 351421.57,
      "Plan Rows": 1,
      "Plan Width": 8,
      "Actual Startup Time": 713.591,
      "Actual Total Time": 768.189,
      "Actual Rows": 1,
      "Actual Loops": 1,
      "Plans": [
        {
          "Node Type": "Gather",
          "Parent Relationship": "Outer",
          "Parallel Aware": false,
          "Startup Cost": 351420.94,
          "Total Cost": 351421.55,
          "Plan Rows": 6,
          "Plan Width": 8,
          "Actual Startup Time": 713.452,
          "Actual Total Time": 768.18,
          "Actual Rows": 7,
          "Actual Loops": 1,
          "Workers Planned": 6,
          "Workers Launched": 6,
          "Single Copy": false,
          "Plans": [
            {
              "Node Type": "Aggregate",
              "Strategy": "Plain",
              "Partial Mode": "Partial",
              "Parent Relationship": "Outer",
              "Parallel Aware": false,
              "Startup Cost": 350420.94,
              "Total Cost": 350420.95,
              "Plan Rows": 1,
              "Plan Width": 8,
              "Actual Startup Time": 706.684,
              "Actual Total Time": 706.685,
              "Actual Rows": 1,
              "Actual Loops": 7,
              "Plans": [
                {
                  "Node Type": "Seq Scan",
                  "Parent Relationship": "Outer",
                  "Parallel Aware": true,
                  "Relation Name": "cast_info",
                  "Alias": "ci",
                  "Startup Cost": 0.0,
                  "Total Cost": 343257.03,
                  "Plan Rows": 2865563,
                  "Plan Width": 0,
                  "Actual Startup Time": 213.901,
                  "Actual Total Time": 629.398,
                  "Actual Rows": 1953954,
                  "Actual Loops": 7,
                  "Filter": "((person_id < 2723230) AND (role_id > 1))",
                  "Rows Removed by Filter": 3223809
                }
              ]
            }
          ]
        }
      ]
    },
    "Planning Time": 0.227,
    "Triggers": [],
    "Execution Time": 768.264
  }
]