[
  {
    "Plan": {
      "Node Type": "Aggregate",
      "Strategy": "Plain",
      "Partial Mode": "Finalize",
      "Parallel Aware": false,
      "Startup Cost": 92140.93,
      "Total Cost": 92140.94,
      "Plan Rows": 1,
      "Plan Width": 8,
      "Actual Startup Time": 414.907,
      "Actual Total Time": 431.313,
      "Actual Rows": 1,
      "Actual Loops": 1,
      "Plans": [
        {
          "Node Type": "Gather",
          "Parent Relationship": "Outer",
          "Parallel Aware": false,
          "Startup Cost": 92140.61,
          "Total Cost": 92140.92,
          "Plan Rows": 3,
          "Plan Width": 8,
          "Actual Startup Time": 411.795,
          "Actual Total Time": 431.303,
          "Actual Rows": 4,
          "Actual Loops": 1,
          "Workers Planned": 3,
          "Workers Launched": 3,
          "Single Copy": false,
          "Plans": [
            {
              "Node Type": "Aggregate",
              "Strategy": "Plain",
              "Partial Mode": "Partial",
              "Parent Relationship": "Outer",
              "Parallel Aware": false,
              "Startup Cost": 91140.61,
              "Total Cost": 91140.62,
              "Plan Rows": 1,
              "Plan Width": 8,
              "Actual Startup Time": 402.836,
              "Actual Total Time": 402.838,
              "Actual Rows": 1,
              "Actual Loops": 4,
              "Plans": [
                {
                  "Node Type": "Hash Join",
                  "Parent Relationship": "Outer",
                  "Parallel Aware": true,
                  "Join Type": "Inner",
                  "Startup Cost": 47383.26,
                  "Total Cost": 90261.34,
                  "Plan Rows": 351707,
                  "Plan Width": 0,
                  "Actual Startup Time": 186.802,
                  "Actual Total Time": 376.766,
                  "Actual Rows": 654007,
                  "Actual Loops": 4,
                  "Inner Unique": true,
                  "Hash Cond": "(mk.movie_id = t.id)",
                  "Plans": [
                    {
                      "Node Type": "Seq Scan",
                      "Parent Relationship": "Outer",
                      "Parallel Aware": true,
                      "Relation Name": "movie_keyword",
                      "Alias": "mk",
                      "Startup Cost": 0.0,
                      "Total Cost": 39047.32,
                      "Plan Rows": 1459332,
                      "Plan Width": 4,
                      "Actual Startup Time": 0.027,
                      "Actual Total Time": 85.274,
                      "Actual Rows": 1130982,
                      "Actual Loops": 4
                    },
                    {
                      "Node Type": "Hash",
                      "Parent Relationship": "Inner",
                      "Parallel Aware": true,
                      "Startup Cost": 45479.1,
                      "Total Cost": 45479.1,
                      "Plan Rows": 152333,
                      "Plan Width": 4,
                      "Actual Startup Time": 145.898,
                      "Actual Total Time": 145.898,
                      "Actual Rows": 130119,
                      "Actual Loops": 4,
                      "Hash Buckets": 1048576,
                      "Original Hash Buckets": 1048576,
                      "Hash Batches": 1,
                      "Original Hash Batches": 1,
                      "Peak Memory Usage": 28608,
                      "Plans": [
                        {
                          "Node Type": "Seq Scan",
                          "Parent Relationship": "Outer",
                          "Parallel Aware": true,
                          "Relation Name": "title",
                          "Alias": "t",
                          "Startup Cost": 0.0,
                          "Total Cost": 45479.1,
                          "Plan Rows": 152333,
                          "Plan Width": 4,
                          "Actual Startup Time": 47.258,
                          "Actual Total Time": 101.381,
                          "Actual Rows": 130119,
                          "Actual Loops": 4,
                          "Filter": "((kind_id < 2) AND (production_year > 1937))",
                          "Rows Removed by Filter": 501959
                        }
                      ]
                    }
                  ]
                }
              ]
            }
          ]
        }
      ]
    },
    "Planning Time": 0.61,
    "Triggers": [],
    "Execution Time": 431.381
  }
]