[
  {
    "Plan": {
      "Node Type": "Aggregate",
      "Strategy": "Plain",
      "Partial Mode": "Finalize",
      "Parallel Aware": false,
      "Startup Cost": 32241.73,
      "Total Cost": 32241.74,
      "Plan Rows": 1,
      "Plan Width": 8,
      "Actual Startup Time": 78.997,
      "Actual Total Time": 86.62,
      "Actual Rows": 1,
      "Actual Loops": 1,
      "Plans": [
        {
          "Node Type": "Gather",
          "Parent Relationship": "Outer",
          "Parallel Aware": false,
          "Startup Cost": 32241.41,
          "Total Cost": 32241.72,
          "Plan Rows": 3,
          "Plan Width": 8,
          "Actual Startup Time": 78.665,
          "Actual Total Time": 86.614,
          "Actual Rows": 4,
          "Actual Loops": 1,
          "Workers Planned": 3,
          "Workers Launched": 3,
          "Single Copy": false,
          "Plans": [
            {
              "Node Type": "Aggregate",
              "Strategy": "Plain",
              "Partial Mode": "Partial",
              "Parent Relationship": "Outer",
              "Parallel Aware": false,
              "Startup Cost": 31241.41,
              "Total Cost": 31241.42,
              "Plan Rows": 1,
              "Plan Width": 8,
              "Actual Startup Time": 73.375,
              "Actual Total Time": 73.377,
              "Actual Rows": 1,
              "Actual Loops": 4,
              "Plans": [
                {
                  "Node Type": "Bitmap Heap Scan",
                  "Parent Relationship": "Outer",
                  "Parallel Aware": true,
                  "Relation Name": "movie_keyword",
                  "Alias": "mk",
                  "Startup Cost": 5527.07,
                  "Total Cost": 31031.36,
                  "Plan Rows": 84023,
                  "Plan Width": 0,
                  "Actual Startup Time": 15.068,
                  "Actual Total Time": 69.741,
                  "Actual Rows": 63618,
                  "Actual Loops": 4,
                  "Recheck Cond": "(keyword_id < 224)",
                  "Rows Removed by Index Recheck": 0,
                  "Exact Heap Blocks": 11719,
                  "Lossy Heap Blocks": 0,
                  "Plans": [
                    {
                      "Node Type": "Bitmap Index Scan",
                      "Parent Relationship": "Outer",
                      "Parallel Aware": false,
                      "Index Name": "keyword_id_movie_keyword",
                      "Startup Cost": 0.0,
                      "Total Cost": 5461.96,
                      "Plan Rows": 260470,
                      "Plan Width": 0,
                      "Actual Startup Time": 16.183,
                      "Actual Total Time": 16.183,
                      "Actual Rows": 254471,
                      "Actual Loops": 1,
                      "Index Cond": "(keyword_id < 224)"
                    }
                  ]
                }
              ]
            }
          ]
        }
      ]
    },
    "Planning Time": 0.087,
    "Triggers": [],
    "Execution Time": 86.656
  }
]