[
  {
    "Plan": {
      "Node Type": "Aggregate",
      "Strategy": "Plain",
      "Partial Mode": "Finalize",
      "Parallel Aware": false,
      "Startup Cost": 31871.99,
      "Total Cost": 31872.0,
      "Plan Rows": 1,
      "Plan Width": 8,
      "Actual Startup Time": 92.467,
      "Actual Total Time": 101.186,
      "Actual Rows": 1,
      "Actual Loops": 1,
      "Plans": [
        {
          "Node Type": "Gather",
          "Parent Relationship": "Outer",
          "Parallel Aware": false,
          "Startup Cost": 31871.67,
          "Total Cost": 31871.98,
          "Plan Rows": 3,
          "Plan Width": 8,
          "Actual Startup Time": 92.185,
          "Actual Total Time": 101.178,
          "Actual Rows": 4,
          "Actual Loops": 1,
          "Workers Planned": 3,
          "Workers Launched": 3,
          "Single Copy": false,
          "Plans": [
            {
              "Node Type": "Aggregate",
              "Strategy": "Plain",
              "Partial Mode": "Partial",
              "Parent Relationship": "Outer",
              "Parallel Aware": false,
              "Startup Cost": 30871.67,
              "Total Cost": 30871.68,
              "Plan Rows": 1,
              "Plan Width": 8,
              "Actual Startup Time": 84.663,
              "Actual Total Time": 84.667,
              "Actual Rows": 1,
              "Actual Loops": 4,
              "Plans": [
                {
                  "Node Type": "Bitmap Heap Scan",
                  "Parent Relationship": "Outer",
                  "Parallel Aware": true,
                  "Relation Name": "movie_keyword",
                  "Alias": "mk",
                  "Startup Cost": 5225.65,
                  "Total Cost": 30673.0,
                  "Plan Rows": 79468,
                  "Plan Width": 0,
                  "Actual Startup Time": 19.349,
                  "Actual Total Time": 80.624,
                  "Actual Rows": 63618,
                  "Actual Loops": 4,
                  "Recheck Cond": "(keyword_id < 224)",
                  "Rows Removed by Index Recheck": 0,
                  "Exact Heap Blocks": 12143,
                  "Lossy Heap Blocks": 0,
                  "Plans": [
                    {
                      "Node Type": "Bitmap Index Scan",
                      "Parent Relationship": "Outer",
                      "Parallel Aware": false,
                      "Index Name": "keyword_id_movie_keyword",
                      "Startup Cost": 0.0,
                      "Total Cost": 5164.06,
                      "Plan Rows": 246351,
                      "Plan Width": 0,
                      "Actual Startup Time": 21.777,
                      "Actual Total Time": 21.777,
                      "Actual Rows": 254471,
                      "Actual Loops": 1,
                      "Index Cond": "(keyword_id < 224)"
                    }
                  ]
                }
              ]
            }
          ]
        }
      ]
    },
    "Planning Time": 0.114,
    "Triggers": [],
    "Execution Time": 101.244
  }
]