[
  {
    "Plan": {
      "Node Type": "Aggregate",
      "Strategy": "Plain",
      "Partial Mode": "Finalize",
      "Parallel Aware": false,
      "Startup Cost": 47281.06,
      "Total Cost": 47281.07,
      "Plan Rows": 1,
      "Plan Width": 8,
      "Actual Startup Time": 165.302,
      "Actual Total Time": 175.261,
      "Actual Rows": 1,
      "Actual Loops": 1,
      "Plans": [
        {
          "Node Type": "Gather",
          "Parent Relationship": "Outer",
          "Parallel Aware": false,
          "Startup Cost": 47280.74,
          "Total Cost": 47281.05,
          "Plan Rows": 3,
          "Plan Width": 8,
          "Actual Startup Time": 165.179,
          "Actual Total Time": 175.246,
          "Actual Rows": 4,
          "Actual Loops": 1,
          "Workers Planned": 3,
          "Workers Launched": 3,
          "Single Copy": false,
          "Plans": [
            {
              "Node Type": "Aggregate",
              "Strategy": "Plain",
              "Partial Mode": "Partial",
              "Parent Relationship": "Outer",
              "Parallel Aware": false,
              "Startup Cost": 46280.74,
              "Total Cost": 46280.75,
              "Plan Rows": 1,
              "Plan Width": 8,
              "Actual Startup Time": 161.758,
              "Actual Total Time": 161.76,
              "Actual Rows": 1,
              "Actual Loops": 4,
              "Plans": [
                {
                  "Node Type": "Seq Scan",
                  "Parent Relationship": "Outer",
                  "Parallel Aware": true,
                  "Relation Name": "movie_keyword",
                  "Alias": "mk",
                  "Startup Cost": 0.0,
                  "Total Cost": 42695.65,
                  "Plan Rows": 1434035,
                  "Plan Width": 0,
                  "Actual Startup Time": 0.028,
                  "Actual Total Time": 115.266,
                  "Actual Rows": 1111510,
                  "Actual Loops": 4,
                  "Filter": "(keyword_id < 88469)",
                  "Rows Removed by Filter": 19473
                }
              ]
            }
          ]
        }
      ]
    },
    "Planning Time": 0.111,
    "Triggers": [],
    "Execution Time": 175.296
  }
]