{
  "Plan": {
    "Node Type": "Aggregate",
    "Strategy": "Plain",
    "Partial Mode": "Finalize",
    "Parallel Aware": false,
    "Startup Cost": 71584.28,
    "Total Cost": 71584.29,
    "Plan Rows": 1,
    "Plan Width": 8,
    "Actual Startup Time": 150.198,
    "Actual Total Time": 163.033,
    "Actual Rows": 1,
    "Actual Loops": 1,
    "Plans": [
      {
        "Node Type": "Gather",
        "Parent Relationship": "Outer",
        "Parallel Aware": false,
        "Startup Cost": 71584.17,
        "Total Cost": 71584.28,
        "Plan Rows": 1,
        "Plan Width": 8,
        "Actual Startup Time": 150.072,
        "Actual Total Time": 163.026,
        "Actual Rows": 2,
        "Actual Loops": 1,
        "Workers Planned": 1,
        "Workers Launched": 1,
        "Single Copy": false,
        "Plans": [
          {
            "Node Type": "Aggregate",
            "Strategy": "Plain",
            "Partial Mode": "Partial",
            "Parent Relationship": "Outer",
            "Parallel Aware": false,
            "Startup Cost": 70584.17,
            "Total Cost": 70584.18,
            "Plan Rows": 1,
            "Plan Width": 8,
            "Actual Startup Time": 144.022,
            "Actual Total Time": 144.023,
            "Actual Rows": 1,
            "Actual Loops": 2,
            "Plans": [
              {
                "Node Type": "Nested Loop",
                "Parent Relationship": "Outer",
                "Parallel Aware": false,
                "Join Type": "Inner",
                "Startup Cost": 0.43,
                "Total Cost": 70580.92,
                "Plan Rows": 1299,
                "Plan Width": 0,
                "Actual Startup Time": 4.412,
                "Actual Total Time": 143.899,
                "Actual Rows": 1655,
                "Actual Loops": 2,
                "Inner Unique": false,
                "Plans": [
                  {
                    "Node Type": "Seq Scan",
                    "Parent Relationship": "Outer",
                    "Parallel Aware": true,
                    "Relation Name": "title",
                    "Alias": "t",
                    "Startup Cost": 0.0,
                    "Total Cost": 54588.39,
                    "Plan Rows": 2379,
                    "Plan Width": 4,
                    "Actual Startup Time": 1.654,
                    "Actual Total Time": 133.342,
                    "Actual Rows": 1924,
                    "Actual Loops": 2,
                    "Filter": "(production_year = 1949)",
                    "Rows Removed by Filter": 1262232
                  },
                  {
                    "Node Type": "Index Only Scan",
                    "Parent Relationship": "Inner",
                    "Parallel Aware": false,
                    "Scan Direction": "Forward",
                    "Index Name": "movie_id_movie_info_idx",
                    "Relation Name": "movie_info_idx",
                    "Alias": "mi_idx",
                    "Startup Cost": 0.43,
                    "Total Cost": 6.69,
                    "Plan Rows": 3,
                    "Plan Width": 4,
                    "Actual Startup Time": 0.005,
                    "Actual Total Time": 0.005,
                    "Actual Rows": 1,
                    "Actual Loops": 3847,
                    "Index Cond": "(movie_id = t.id)",
                    "Rows Removed by Index Recheck": 0,
                    "Heap Fetches": 3310
                  }
                ]
              }
            ]
          }
        ]
      }
    ]
  },
  "Planning Time": 0.409,
  "Triggers": [],
  "Execution Time": 163.101
}