[
  {
    "Plan": {
      "Node Type": "Aggregate",
      "Strategy": "Plain",
      "Partial Mode": "Finalize",
      "Parallel Aware": false,
      "Startup Cost": 131214.24,
      "Total Cost": 131214.25,
      "Plan Rows": 1,
      "Plan Width": 8,
      "Actual Startup Time": 112.317,
      "Actual Total Time": 128.688,
      "Actual Rows": 1,
      "Actual Loops": 1,
      "Plans": [
        {
          "Node Type": "Gather",
          "Parent Relationship": "Outer",
          "Parallel Aware": false,
          "Startup Cost": 131213.82,
          "Total Cost": 131214.23,
          "Plan Rows": 4,
          "Plan Width": 8,
          "Actual Startup Time": 111.998,
          "Actual Total Time": 128.68,
          "Actual Rows": 5,
          "Actual Loops": 1,
          "Workers Planned": 4,
          "Workers Launched": 4,
          "Single Copy": false,
          "Plans": [
            {
              "Node Type": "Aggregate",
              "Strategy": "Plain",
              "Partial Mode": "Partial",
              "Parent Relationship": "Outer",
              "Parallel Aware": false,
              "Startup Cost": 130213.82,
              "Total Cost": 130213.83,
              "Plan Rows": 1,
              "Plan Width": 8,
              "Actual Startup Time": 101.598,
              "Actual Total Time": 101.601,
              "Actual Rows": 1,
              "Actual Loops": 5,
              "Plans": [
                {
                  "Node Type": "Nested Loop",
                  "Parent Relationship": "Outer",
                  "Parallel Aware": false,
                  "Join Type": "Inner",
                  "Startup Cost": 699.19,
                  "Total Cost": 130211.19,
                  "Plan Rows": 1052,
                  "Plan Width": 0,
                  "Actual Startup Time": 35.727,
                  "Actual Total Time": 100.481,
                  "Actual Rows": 16086,
                  "Actual Loops": 5,
                  "Inner Unique": false,
                  "Plans": [
                    {
                      "Node Type": "Nested Loop",
                      "Parent Relationship": "Outer",
                      "Parallel Aware": false,
                      "Join Type": "Inner",
                      "Startup Cost": 698.76,
                      "Total Cost": 129201.92,
                      "Plan Rows": 1020,
                      "Plan Width": 8,
                      "Actual Startup Time": 35.644,
                      "Actual Total Time": 74.664,
                      "Actual Rows": 2124,
                      "Actual Loops": 5,
                      "Inner Unique": true,
                      "Plans": [
                        {
                          "Node Type": "Bitmap Heap Scan",
                          "Parent Relationship": "Outer",
                          "Parallel Aware": true,
                          "Relation Name": "movie_info",
                          "Alias": "mi",
                          "Startup Cost": 698.33,
                          "Total Cost": 90788.63,
                          "Plan Rows": 9610,
                          "Plan Width": 4,
                          "Actual Startup Time": 2.351,
                          "Actual Total Time": 10.045,
                          "Actual Rows": 7397,
                          "Actual Loops": 5,
                          "Recheck Cond": "(info_type_id = 104)",
                          "Rows Removed by Index Recheck": 0,
                          "Exact Heap Blocks": 2281,
                          "Lossy Heap Blocks": 0,
                          "Plans": [
                            {
                              "Node Type": "Bitmap Index Scan",
                              "Parent Relationship": "Outer",
                              "Parallel Aware": false,
                              "Index Name": "info_type_id_movie_info",
                              "Startup Cost": 0.0,
                              "Total Cost": 688.72,
                              "Plan Rows": 38438,
                              "Plan Width": 0,
                              "Actual Startup Time": 9.285,
                              "Actual Total Time": 9.285,
                              "Actual Rows": 36985,
                              "Actual Loops": 1,
                              "Index Cond": "(info_type_id = 104)"
                            }
                          ]
                        },
                        {
                          "Node Type": "Index Scan",
                          "Parent Relationship": "Inner",
                          "Parallel Aware": false,
                          "Scan Direction": "Forward",
                          "Index Name": "title_pkey",
                          "Relation Name": "title",
                          "Alias": "t",
                          "Startup Cost": 0.43,
                          "Total Cost": 4.0,
                          "Plan Rows": 1,
                          "Plan Width": 4,
                          "Actual Startup Time": 0.008,
                          "Actual Total Time": 0.008,
                          "Actual Rows": 0,
                          "Actual Loops": 36985,
                          "Index Cond": "(id = mi.movie_id)",
                          "Rows Removed by Index Recheck": 0,
                          "Filter": "((production_year > 2005) AND (kind_id = 1))",
                          "Rows Removed by Filter": 1
                        }
                      ]
                    },
                    {
                      "Node Type": "Index Only Scan",
                      "Parent Relationship": "Inner",
                      "Parallel Aware": false,
                      "Scan Direction": "Forward",
                      "Index Name": "movie_id_movie_companies",
                      "Relation Name": "movie_companies",
                      "Alias": "mc",
                      "Startup Cost": 0.43,
                      "Total Cost": 0.94,
                      "Plan Rows": 5,
                      "Plan Width": 4,
                      "Actual Startup Time": 0.008,
                      "Actual Total Time": 0.011,
                      "Actual Rows": 8,
                      "Actual Loops": 10618,
                      "Index Cond": "(movie_id = t.id)",
                      "Rows Removed by Index Recheck": 0,
                      "Heap Fetches": 80432
                    }
                  ]
                }
              ]
            }
          ]
        }
      ]
    },
    "Planning Time": 1.45,
    "Triggers": [],
    "Execution Time": 128.799
  }
]