[
  {
    "Plan": {
      "Node Type": "Aggregate",
      "Strategy": "Plain",
      "Partial Mode": "Finalize",
      "Parallel Aware": false,
      "Startup Cost": 76141.21,
      "Total Cost": 76141.22,
      "Plan Rows": 1,
      "Plan Width": 8,
      "Actual Startup Time": 220.326,
      "Actual Total Time": 236.691,
      "Actual Rows": 1,
      "Actual Loops": 1,
      "Plans": [
        {
          "Node Type": "Gather",
          "Parent Relationship": "Outer",
          "Parallel Aware": false,
          "Startup Cost": 76140.89,
          "Total Cost": 76141.2,
          "Plan Rows": 3,
          "Plan Width": 8,
          "Actual Startup Time": 219.813,
          "Actual Total Time": 236.682,
          "Actual Rows": 4,
          "Actual Loops": 1,
          "Workers Planned": 3,
          "Workers Launched": 3,
          "Single Copy": false,
          "Plans": [
            {
              "Node Type": "Aggregate",
              "Strategy": "Plain",
              "Partial Mode": "Partial",
              "Parent Relationship": "Outer",
              "Parallel Aware": false,
              "Startup Cost": 75140.89,
              "Total Cost": 75140.9,
              "Plan Rows": 1,
              "Plan Width": 8,
              "Actual Startup Time": 214.373,
              "Actual Total Time": 214.377,
              "Actual Rows": 1,
              "Actual Loops": 4,
              "Plans": [
                {
                  "Node Type": "Hash Join",
                  "Parent Relationship": "Outer",
                  "Parallel Aware": true,
                  "Join Type": "Inner",
                  "Startup Cost": 45673.39,
                  "Total Cost": 75089.28,
                  "Plan Rows": 20645,
                  "Plan Width": 0,
                  "Actual Startup Time": 91.511,
                  "Actual Total Time": 213.378,
                  "Actual Rows": 19840,
                  "Actual Loops": 4,
                  "Inner Unique": true,
                  "Hash Cond": "(mc.movie_id = t.id)",
                  "Plans": [
                    {
                      "Node Type": "Seq Scan",
                      "Parent Relationship": "Outer",
                      "Parallel Aware": true,
                      "Relation Name": "movie_companies",
                      "Alias": "mc",
                      "Startup Cost": 0.0,
                      "Total Cost": 27206.55,
                      "Plan Rows": 841655,
                      "Plan Width": 4,
                      "Actual Startup Time": 0.009,
                      "Actual Total Time": 55.191,
                      "Actual Rows": 652282,
                      "Actual Loops": 4
                    },
                    {
                      "Node Type": "Hash",
                      "Parent Relationship": "Inner",
                      "Parallel Aware": true,
                      "Startup Cost": 45479.59,
                      "Total Cost": 45479.59,
                      "Plan Rows": 15504,
                      "Plan Width": 4,
                      "Actual Startup Time": 90.736,
                      "Actual Total Time": 90.737,
                      "Actual Rows": 13442,
                      "Actual Loops": 4,
                      "Hash Buckets": 65536,
                      "Original Hash Buckets": 65536,
                      "Hash Batches": 1,
                      "Original Hash Batches": 1,
                      "Peak Memory Usage": 2688,
                      "Plans": [
                        {
                          "Node Type": "Seq Scan",
                          "Parent Relationship": "Outer",
                          "Parallel Aware": true,
                          "Relation Name": "title",
                          "Alias": "t",
                          "Startup Cost": 0.0,
                          "Total Cost": 45479.59,
                          "Plan Rows": 15504,
                          "Plan Width": 4,
                          "Actual Startup Time": 0.143,
                          "Actual Total Time": 85.626,
                          "Actual Rows": 13442,
                          "Actual Loops": 4,
                          "Filter": "((kind_id < 7) AND (production_year = 2011))",
                          "Rows Removed by Filter": 618636
                        }
                      ]
                    }
                  ]
                }
              ]
            }
          ]
        }
      ]
    },
    "Planning Time": 0.418,
    "Triggers": [],
    "Execution Time": 236.722
  }
]