[
  {
    "Plan": {
      "Node Type": "Aggregate",
      "Strategy": "Plain",
      "Partial Mode": "Finalize",
      "Parallel Aware": false,
      "Startup Cost": 207329.49,
      "Total Cost": 207329.5,
      "Plan Rows": 1,
      "Plan Width": 8,
      "Actual Startup Time": 512.98,
      "Actual Total Time": 549.632,
      "Actual Rows": 1,
      "Actual Loops": 1,
      "Plans": [
        {
          "Node Type": "Gather",
          "Parent Relationship": "Outer",
          "Parallel Aware": false,
          "Startup Cost": 207328.96,
          "Total Cost": 207329.48,
          "Plan Rows": 5,
          "Plan Width": 8,
          "Actual Startup Time": 512.866,
          "Actual Total Time": 549.622,
          "Actual Rows": 6,
          "Actual Loops": 1,
          "Workers Planned": 5,
          "Workers Launched": 5,
          "Single Copy": false,
          "Plans": [
            {
              "Node Type": "Aggregate",
              "Strategy": "Plain",
              "Partial Mode": "Partial",
              "Parent Relationship": "Outer",
              "Parallel Aware": false,
              "Startup Cost": 206328.96,
              "Total Cost": 206328.98,
              "Plan Rows": 1,
              "Plan Width": 8,
              "Actual Startup Time": 504.289,
              "Actual Total Time": 504.29,
              "Actual Rows": 1,
              "Actual Loops": 6,
              "Plans": [
                {
                  "Node Type": "Seq Scan",
                  "Parent Relationship": "Outer",
                  "Parallel Aware": true,
                  "Relation Name": "movie_info",
                  "Alias": "mi",
                  "Startup Cost": 0.0,
                  "Total Cost": 198952.16,
                  "Plan Rows": 2950721,
                  "Plan Width": 0,
                  "Actual Startup Time": 0.059,
                  "Actual Total Time": 387.301,
                  "Actual Rows": 2467590,
                  "Actual Loops": 6,
                  "Filter": "(info_type_id < 110)",
                  "Rows Removed by Filter": 5030
                }
              ]
            }
          ]
        }
      ]
    },
    "Planning Time": 0.169,
    "Triggers": [],
    "Execution Time": 549.693
  }
]