[
  {
    "Plan": {
      "Node Type": "Aggregate",
      "Strategy": "Plain",
      "Partial Mode": "Finalize",
      "Parallel Aware": false,
      "Startup Cost": 80163.48,
      "Total Cost": 80163.49,
      "Plan Rows": 1,
      "Plan Width": 8,
      "Actual Startup Time": 385.419,
      "Actual Total Time": 400.172,
      "Actual Rows": 1,
      "Actual Loops": 1,
      "Plans": [
        {
          "Node Type": "Gather",
          "Parent Relationship": "Outer",
          "Parallel Aware": false,
          "Startup Cost": 80163.16,
          "Total Cost": 80163.47,
          "Plan Rows": 3,
          "Plan Width": 8,
          "Actual Startup Time": 381.291,
          "Actual Total Time": 400.163,
          "Actual Rows": 4,
          "Actual Loops": 1,
          "Workers Planned": 3,
          "Workers Launched": 3,
          "Single Copy": false,
          "Plans": [
            {
              "Node Type": "Aggregate",
              "Strategy": "Plain",
              "Partial Mode": "Partial",
              "Parent Relationship": "Outer",
              "Parallel Aware": false,
              "Startup Cost": 79163.16,
              "Total Cost": 79163.17,
              "Plan Rows": 1,
              "Plan Width": 8,
              "Actual Startup Time": 372.682,
              "Actual Total Time": 372.685,
              "Actual Rows": 1,
              "Actual Loops": 4,
              "Plans": [
                {
                  "Node Type": "Hash Join",
                  "Parent Relationship": "Outer",
                  "Parallel Aware": true,
                  "Join Type": "Inner",
                  "Startup Cost": 47525.19,
                  "Total Cost": 78702.73,
                  "Plan Rows": 184174,
                  "Plan Width": 0,
                  "Actual Startup Time": 168.202,
                  "Actual Total Time": 360.467,
                  "Actual Rows": 302364,
                  "Actual Loops": 4,
                  "Inner Unique": true,
                  "Hash Cond": "(mc.movie_id = t.id)",
                  "Plans": [
                    {
                      "Node Type": "Seq Scan",
                      "Parent Relationship": "Outer",
                      "Parallel Aware": true,
                      "Relation Name": "movie_companies",
                      "Alias": "mc",
                      "Startup Cost": 0.0,
                      "Total Cost": 29310.68,
                      "Plan Rows": 711185,
                      "Plan Width": 4,
                      "Actual Startup Time": 0.019,
                      "Actual Total Time": 71.952,
                      "Actual Rows": 550217,
                      "Actual Loops": 4,
                      "Filter": "(company_id < 81241)",
                      "Rows Removed by Filter": 102065
                    },
                    {
                      "Node Type": "Hash",
                      "Parent Relationship": "Inner",
                      "Parallel Aware": true,
                      "Startup Cost": 45479.1,
                      "Total Cost": 45479.1,
                      "Plan Rows": 163687,
                      "Plan Width": 4,
                      "Actual Startup Time": 163.216,
                      "Actual Total Time": 163.217,
                      "Actual Rows": 177795,
                      "Actual Loops": 4,
                      "Hash Buckets": 1048576,
                      "Original Hash Buckets": 1048576,
                      "Hash Batches": 1,
                      "Original Hash Batches": 1,
                      "Peak Memory Usage": 36096,
                      "Plans": [
                        {
                          "Node Type": "Seq Scan",
                          "Parent Relationship": "Outer",
                          "Parallel Aware": true,
                          "Relation Name": "title",
                          "Alias": "t",
                          "Startup Cost": 0.0,
                          "Total Cost": 45479.1,
                          "Plan Rows": 163687,
                          "Plan Width": 4,
                          "Actual Startup Time": 0.046,
                          "Actual Total Time": 102.036,
                          "Actual Rows": 177795,
                          "Actual Loops": 4,
                          "Filter": "((kind_id < 7) AND (production_year < 2008))",
                          "Rows Removed by Filter": 454283
                        }
                      ]
                    }
                  ]
                }
              ]
            }
          ]
        }
      ]
    },
    "Planning Time": 0.646,
    "Triggers": [],
    "Execution Time": 400.239
  }
]