{
  "Plan": {
    "Node Type": "Aggregate",
    "Strategy": "Plain",
    "Partial Mode": "Simple",
    "Parallel Aware": false,
    "Startup Cost": 2223181.78,
    "Total Cost": 2223181.79,
    "Plan Rows": 1,
    "Plan Width": 96,
    "Actual Startup Time": 5261.269,
    "Actual Total Time": 5261.395,
    "Actual Rows": 1,
    "Actual Loops": 1,
    "Plans": [
      {
        "Node Type": "Merge Join",
        "Parent Relationship": "Outer",
        "Parallel Aware": false,
        "Join Type": "Inner",
        "Startup Cost": 2223168.54,
        "Total Cost": 2223181.77,
        "Plan Rows": 1,
        "Plan Width": 48,
        "Actual Startup Time": 5261.249,
        "Actual Total Time": 5261.376,
        "Actual Rows": 6,
        "Actual Loops": 1,
        "Inner Unique": false,
        "Merge Cond": "(k.id = mk.keyword_id)",
        "Plans": [
          {
            "Node Type": "Sort",
            "Parent Relationship": "Outer",
            "Parallel Aware": false,
            "Startup Cost": 2626.14,
            "Total Cost": 2626.14,
            "Plan Rows": 1,
            "Plan Width": 20,
            "Actual Startup Time": 60.428,
            "Actual Total Time": 60.43,
            "Actual Rows": 1,
            "Actual Loops": 1,
            "Sort Key": [
              "k.id"
            ],
            "Sort Method": "quicksort",
            "Sort Space Used": 25,
            "Sort Space Type": "Memory",
            "Plans": [
              {
                "Node Type": "Seq Scan",
                "Parent Relationship": "Outer",
                "Parallel Aware": false,
                "Relation Name": "keyword",
                "Alias": "k",
                "Startup Cost": 0.0,
                "Total Cost": 2626.12,
                "Plan Rows": 1,
                "Plan Width": 20,
                "Actual Startup Time": 1.738,
                "Actual Total Time": 60.389,
                "Actual Rows": 1,
                "Actual Loops": 1,
                "Filter": "(keyword = 'marvel-cinematic-universe'::text)",
                "Rows Removed by Filter": 134169
              }
            ]
          },
          {
            "Node Type": "Sort",
            "Parent Relationship": "Inner",
            "Parallel Aware": false,
            "Startup Cost": 2220542.36,
            "Total Cost": 2220548.99,
            "Plan Rows": 2651,
            "Plan Width": 36,
            "Actual Startup Time": 5200.694,
            "Actual Total Time": 5200.892,
            "Actual Rows": 666,
            "Actual Loops": 1,
            "Sort Key": [
              "mk.keyword_id"
            ],
            "Sort Method": "quicksort",
            "Sort Space Used": 158,
            "Sort Space Type": "Memory",
            "Plans": [
              {
                "Node Type": "Merge Join",
                "Parent Relationship": "Outer",
                "Parallel Aware": false,
                "Join Type": "Inner",
                "Startup Cost": 2029873.61,
                "Total Cost": 2220391.62,
                "Plan Rows": 2651,
                "Plan Width": 36,
                "Actual Startup Time": 4080.614,
                "Actual Total Time": 5200.417,
                "Actual Rows": 1194,
                "Actual Loops": 1,
                "Inner Unique": false,
                "Merge Cond": "(t.id = mk.movie_id)",
                "Plans": [
                  {
                    "Node Type": "Gather Merge",
                    "Parent Relationship": "Outer",
                    "Parallel Aware": false,
                    "Startup Cost": 2029873.17,
                    "Total Cost": 2031925.36,
                    "Plan Rows": 568,
                    "Plan Width": 40,
                    "Actual Startup Time": 3738.453,
                    "Actual Total Time": 3851.608,
                    "Actual Rows": 61,
                    "Actual Loops": 1,
                    "Workers Planned": 4,
                    "Workers Launched": 4,
                    "Plans": [
                      {
                        "Node Type": "Merge Join",
                        "Parent Relationship": "Outer",
                        "Parallel Aware": false,
                        "Join Type": "Inner",
                        "Startup Cost": 2028873.11,
                        "Total Cost": 2030857.64,
                        "Plan Rows": 142,
                        "Plan Width": 40,
                        "Actual Startup Time": 1596.91,
                        "Actual Total Time": 1619.511,
                        "Actual Rows": 12,
                        "Actual Loops": 5,
                        "Inner Unique": true,
                        "Merge Cond": "(ci.movie_id = t.id)",
                        "Plans": [
                          {
                            "Node Type": "Sort",
                            "Parent Relationship": "Outer",
                            "Parallel Aware": false,
                            "Startup Cost": 1924438.31,
                            "Total Cost": 1924440.57,
                            "Plan Rows": 907,
                            "Plan Width": 19,
                            "Actual Startup Time": 1358.928,
                            "Actual Total Time": 1358.952,
                            "Actual Rows": 97,
                            "Actual Loops": 5,
                            "Sort Key": [
                              "ci.movie_id"
                            ],
                            "Sort Method": "quicksort",
                            "Sort Space Used": 62,
                            "Sort Space Type": "Memory",
                            "Workers": [
                              {
                                "Worker Number": 0,
                                "Sort Method": "quicksort",
                                "Sort Space Used": 25,
                                "Sort Space Type": "Memory"
                              },
                              {
                                "Worker Number": 1,
                                "Sort Method": "quicksort",
                                "Sort Space Used": 25,
                                "Sort Space Type": "Memory"
                              },
                              {
                                "Worker Number": 2,
                                "Sort Method": "quicksort",
                                "Sort Space Used": 25,
                                "Sort Space Type": "Memory"
                              },
                              {
                                "Worker Number": 3,
                                "Sort Method": "quicksort",
                                "Sort Space Used": 25,
                                "Sort Space Type": "Memory"
                              }
                            ],
                            "Plans": [
                              {
                                "Node Type": "Merge Join",
                                "Parent Relationship": "Outer",
                                "Parallel Aware": false,
                                "Join Type": "Inner",
                                "Startup Cost": 35.69,
                                "Total Cost": 1924393.75,
                                "Plan Rows": 907,
                                "Plan Width": 19,
                                "Actual Startup Time": 1358.621,
                                "Actual Total Time": 1358.722,
                                "Actual Rows": 97,
                                "Actual Loops": 5,
                                "Inner Unique": false,
                                "Merge Cond": "(n.id = ci.person_id)",
                                "Plans": [
                                  {
                                    "Node Type": "Index Scan",
                                    "Parent Relationship": "Outer",
                                    "Parallel Aware": true,
                                    "Scan Direction": "Forward",
                                    "Index Name": "name_pkey",
                                    "Relation Name": "name",
                                    "Alias": "n",
                                    "Startup Cost": 0.43,
                                    "Total Cost": 149520.51,
                                    "Plan Rows": 104,
                                    "Plan Width": 19,
                                    "Actual Startup Time": 878.563,
                                    "Actual Total Time": 878.605,
                                    "Actual Rows": 0,
                                    "Actual Loops": 5,
                                    "Filter": "(name ~~ '%Downey%Robert%'::text)",
                                    "Rows Removed by Filter": 833498
                                  },
                                  {
                                    "Node Type": "Index Scan",
                                    "Parent Relationship": "Inner",
                                    "Parallel Aware": false,
                                    "Scan Direction": "Forward",
                                    "Index Name": "person_id_cast_info",
                                    "Relation Name": "cast_info",
                                    "Alias": "ci",
                                    "Startup Cost": 0.56,
                                    "Total Cost": 1688532.46,
                                    "Plan Rows": 36257824,
                                    "Plan Width": 8,
                                    "Actual Startup Time": 0.043,
                                    "Actual Total Time": 1985.835,
                                    "Actual Rows": 4303605,
                                    "Actual Loops": 1
                                  }
                                ]
                              }
                            ]
                          },
                          {
                            "Node Type": "Sort",
                            "Parent Relationship": "Inner",
                            "Parallel Aware": false,
                            "Startup Cost": 104434.76,
                            "Total Cost": 105425.06,
                            "Plan Rows": 396120,
                            "Plan Width": 21,
                            "Actual Startup Time": 1176.065,
                            "Actual Total Time": 1246.086,
                            "Actual Rows": 390900,
                            "Actual Loops": 1,
                            "Sort Key": [
                              "t.id"
                            ],
                            "Sort Method": "quicksort",
                            "Sort Space Used": 39792,
                            "Sort Space Type": "Memory",
                            "Plans": [
                              {
                                "Node Type": "Seq Scan",
                                "Parent Relationship": "Outer",
                                "Parallel Aware": false,
                                "Relation Name": "title",
                                "Alias": "t",
                                "Startup Cost": 0.0,
                                "Total Cost": 67604.36,
                                "Plan Rows": 396120,
                                "Plan Width": 21,
                                "Actual Startup Time": 0.045,
                                "Actual Total Time": 907.264,
                                "Actual Rows": 391666,
                                "Actual Loops": 1,
                                "Filter": "(production_year > 2010)",
                                "Rows Removed by Filter": 2136646
                              }
                            ]
                          }
                        ]
                      }
                    ]
                  },
                  {
                    "Node Type": "Index Scan",
                    "Parent Relationship": "Inner",
                    "Parallel Aware": false,
                    "Scan Direction": "Forward",
                    "Index Name": "movie_id_movie_keyword",
                    "Relation Name": "movie_keyword",
                    "Alias": "mk",
                    "Startup Cost": 0.43,
                    "Total Cost": 177148.48,
                    "Plan Rows": 4523930,
                    "Plan Width": 8,
                    "Actual Startup Time": 0.044,
                    "Actual Total Time": 1048.289,
                    "Actual Rows": 4217059,
                    "Actual Loops": 1
                  }
                ]
              }
            ]
          }
        ]
      }
    ]
  },
  "Planning Time": 13.333,
  "Triggers": [],
  "Execution Time": 5265.958
}