{
  "Plan": {
    "Node Type": "Aggregate",
    "Strategy": "Plain",
    "Partial Mode": "Finalize",
    "Parallel Aware": false,
    "Startup Cost": 513155.59,
    "Total Cost": 513155.6,
    "Plan Rows": 1,
    "Plan Width": 8,
    "Actual Startup Time": 4235.185,
    "Actual Total Time": 4258.747,
    "Actual Rows": 1,
    "Actual Loops": 1,
    "Plans": [
      {
        "Node Type": "Gather",
        "Parent Relationship": "Outer",
        "Parallel Aware": false,
        "Startup Cost": 513155.47,
        "Total Cost": 513155.58,
        "Plan Rows": 1,
        "Plan Width": 8,
        "Actual Startup Time": 4220.612,
        "Actual Total Time": 4258.736,
        "Actual Rows": 2,
        "Actual Loops": 1,
        "Workers Planned": 1,
        "Workers Launched": 1,
        "Single Copy": false,
        "Plans": [
          {
            "Node Type": "Aggregate",
            "Strategy": "Plain",
            "Partial Mode": "Partial",
            "Parent Relationship": "Outer",
            "Parallel Aware": false,
            "Startup Cost": 512155.47,
            "Total Cost": 512155.48,
            "Plan Rows": 1,
            "Plan Width": 8,
            "Actual Startup Time": 4214.785,
            "Actual Total Time": 4214.79,
            "Actual Rows": 1,
            "Actual Loops": 2,
            "Plans": [
              {
                "Node Type": "Merge Join",
                "Parent Relationship": "Outer",
                "Parallel Aware": false,
                "Join Type": "Inner",
                "Startup Cost": 365487.16,
                "Total Cost": 510525.35,
                "Plan Rows": 652051,
                "Plan Width": 0,
                "Actual Startup Time": 3150.985,
                "Actual Total Time": 4134.835,
                "Actual Rows": 2090238,
                "Actual Loops": 2,
                "Inner Unique": false,
                "Merge Cond": "(mc.movie_id = t.id)",
                "Plans": [
                  {
                    "Node Type": "Index Only Scan",
                    "Parent Relationship": "Outer",
                    "Parallel Aware": true,
                    "Scan Direction": "Forward",
                    "Index Name": "movie_id_movie_companies",
                    "Relation Name": "movie_companies",
                    "Alias": "mc",
                    "Startup Cost": 0.43,
                    "Total Cost": 129315.97,
                    "Plan Rows": 1534782,
                    "Plan Width": 4,
                    "Actual Startup Time": 0.094,
                    "Actual Total Time": 371.132,
                    "Actual Rows": 1304564,
                    "Actual Loops": 2,
                    "Heap Fetches": 2609129
                  },
                  {
                    "Node Type": "Sort",
                    "Parent Relationship": "Inner",
                    "Parallel Aware": false,
                    "Startup Cost": 365486.62,
                    "Total Cost": 368171.98,
                    "Plan Rows": 1074144,
                    "Plan Width": 8,
                    "Actual Startup Time": 3150.722,
                    "Actual Total Time": 3389.382,
                    "Actual Rows": 3835360,
                    "Actual Loops": 2,
                    "Sort Key": [
                      "t.id"
                    ],
                    "Sort Method": "quicksort",
                    "Sort Space Used": 209455,
                    "Sort Space Type": "Memory",
                    "Workers": [
                      {
                        "Worker Number": 0,
                        "Sort Method": "quicksort",
                        "Sort Space Used": 209455,
                        "Sort Space Type": "Memory"
                      }
                    ],
                    "Plans": [
                      {
                        "Node Type": "Hash Join",
                        "Parent Relationship": "Outer",
                        "Parallel Aware": false,
                        "Join Type": "Inner",
                        "Startup Cost": 88173.73,
                        "Total Cost": 257885.56,
                        "Plan Rows": 1074144,
                        "Plan Width": 8,
                        "Actual Startup Time": 577.282,
                        "Actual Total Time": 2583.207,
                        "Actual Rows": 2371212,
                        "Actual Loops": 2,
                        "Inner Unique": true,
                        "Hash Cond": "(ci.movie_id = t.id)",
                        "Plans": [
                          {
                            "Node Type": "Index Scan",
                            "Parent Relationship": "Outer",
                            "Parallel Aware": false,
                            "Scan Direction": "Forward",
                            "Index Name": "role_id_cast_info",
                            "Relation Name": "cast_info",
                            "Alias": "ci",
                            "Startup Cost": 0.56,
                            "Total Cost": 163459.35,
                            "Plan Rows": 2382108,
                            "Plan Width": 4,
                            "Actual Startup Time": 0.2,
                            "Actual Total Time": 686.473,
                            "Actual Rows": 3682176,
                            "Actual Loops": 2,
                            "Index Cond": "(role_id = 10)",
                            "Rows Removed by Index Recheck": 0,
                            "Filter": "(person_id > 1638046)",
                            "Rows Removed by Filter": 640842
                          },
                          {
                            "Node Type": "Hash",
                            "Parent Relationship": "Inner",
                            "Parallel Aware": false,
                            "Startup Cost": 73922.39,
                            "Total Cost": 73922.39,
                            "Plan Rows": 1140062,
                            "Plan Width": 4,
                            "Actual Startup Time": 565.682,
                            "Actual Total Time": 565.684,
                            "Actual Rows": 1234683,
                            "Actual Loops": 2,
                            "Hash Buckets": 2097152,
                            "Original Hash Buckets": 2097152,
                            "Hash Batches": 1,
                            "Original Hash Batches": 1,
                            "Peak Memory Usage": 59791,
                            "Plans": [
                              {
                                "Node Type": "Seq Scan",
                                "Parent Relationship": "Outer",
                                "Parallel Aware": false,
                                "Relation Name": "title",
                                "Alias": "t",
                                "Startup Cost": 0.0,
                                "Total Cost": 73922.39,
                                "Plan Rows": 1140062,
                                "Plan Width": 4,
                                "Actual Startup Time": 0.039,
                                "Actual Total Time": 285.49,
                                "Actual Rows": 1234683,
                                "Actual Loops": 2,
                                "Filter": "((kind_id > 4) AND (production_year > 1985))",
                                "Rows Removed by Filter": 1293629
                              }
                            ]
                          }
                        ]
                      }
                    ]
                  }
                ]
              }
            ]
          }
        ]
      }
    ]
  },
  "Planning Time": 1.157,
  "Triggers": [],
  "Execution Time": 4283.252
}