[
    {
        "Bao": {
            "Bao prediction": 515.418,
            "Bao recommended hint": "(no hint)"
        }
    },
    {
        "Plan": {
            "Node Type": "Aggregate",
            "Strategy": "Plain",
            "Partial Mode": "Finalize",
            "Parallel Aware": false,
            "Startup Cost": 87980.78,
            "Total Cost": 87980.79,
            "Plan Rows": 1,
            "Plan Width": 8,
            "Actual Startup Time": 266.684,
            "Actual Total Time": 280.167,
            "Actual Rows": 1,
            "Actual Loops": 1,
            "Output": [
                "count(*)"
            ],
            "Plans": [
                {
                    "Node Type": "Gather",
                    "Parent Relationship": "Outer",
                    "Parallel Aware": false,
                    "Startup Cost": 87980.46,
                    "Total Cost": 87980.77,
                    "Plan Rows": 3,
                    "Plan Width": 8,
                    "Actual Startup Time": 266.061,
                    "Actual Total Time": 280.158,
                    "Actual Rows": 4,
                    "Actual Loops": 1,
                    "Output": [
                        "(PARTIAL count(*))"
                    ],
                    "Workers Planned": 3,
                    "Workers Launched": 3,
                    "Single Copy": false,
                    "Plans": [
                        {
                            "Node Type": "Aggregate",
                            "Strategy": "Plain",
                            "Partial Mode": "Partial",
                            "Parent Relationship": "Outer",
                            "Parallel Aware": false,
                            "Startup Cost": 86980.46,
                            "Total Cost": 86980.47,
                            "Plan Rows": 1,
                            "Plan Width": 8,
                            "Actual Startup Time": 257.376,
                            "Actual Total Time": 257.38,
                            "Actual Rows": 1,
                            "Actual Loops": 4,
                            "Output": [
                                "PARTIAL count(*)"
                            ],
                            "Workers": [
                                {
                                    "Worker Number": 0,
                                    "Actual Startup Time": 254.593,
                                    "Actual Total Time": 254.597,
                                    "Actual Rows": 1,
                                    "Actual Loops": 1
                                },
                                {
                                    "Worker Number": 1,
                                    "Actual Startup Time": 254.636,
                                    "Actual Total Time": 254.639,
                                    "Actual Rows": 1,
                                    "Actual Loops": 1
                                },
                                {
                                    "Worker Number": 2,
                                    "Actual Startup Time": 254.965,
                                    "Actual Total Time": 254.969,
                                    "Actual Rows": 1,
                                    "Actual Loops": 1
                                }
                            ],
                            "Plans": [
                                {
                                    "Node Type": "Nested Loop",
                                    "Parent Relationship": "Outer",
                                    "Parallel Aware": false,
                                    "Join Type": "Inner",
                                    "Startup Cost": 57351.61,
                                    "Total Cost": 86972.75,
                                    "Plan Rows": 3083,
                                    "Plan Width": 0,
                                    "Actual Startup Time": 177.614,
                                    "Actual Total Time": 256.584,
                                    "Actual Rows": 11015,
                                    "Actual Loops": 4,
                                    "Inner Unique": false,
                                    "Join Filter": "(t.id = mc.movie_id)",
                                    "Rows Removed by Join Filter": 0,
                                    "Workers": [
                                        {
                                            "Worker Number": 0,
                                            "Actual Startup Time": 174.751,
                                            "Actual Total Time": 253.803,
                                            "Actual Rows": 9436,
                                            "Actual Loops": 1
                                        },
                                        {
                                            "Worker Number": 1,
                                            "Actual Startup Time": 174.84,
                                            "Actual Total Time": 253.969,
                                            "Actual Rows": 12432,
                                            "Actual Loops": 1
                                        },
                                        {
                                            "Worker Number": 2,
                                            "Actual Startup Time": 175.346,
                                            "Actual Total Time": 254.188,
                                            "Actual Rows": 9400,
                                            "Actual Loops": 1
                                        }
                                    ],
                                    "Plans": [
                                        {
                                            "Node Type": "Hash Join",
                                            "Parent Relationship": "Outer",
                                            "Parallel Aware": true,
                                            "Join Type": "Inner",
                                            "Startup Cost": 57351.18,
                                            "Total Cost": 84503.69,
                                            "Plan Rows": 3097,
                                            "Plan Width": 8,
                                            "Actual Startup Time": 177.5,
                                            "Actual Total Time": 241.3,
                                            "Actual Rows": 1276,
                                            "Actual Loops": 4,
                                            "Output": [
                                                "t.id",
                                                "mk.movie_id"
                                            ],
                                            "Inner Unique": true,
                                            "Hash Cond": "(mk.movie_id = t.id)",
                                            "Workers": [
                                                {
                                                    "Worker Number": 0,
                                                    "Actual Startup Time": 174.549,
                                                    "Actual Total Time": 237.203,
                                                    "Actual Rows": 1051,
                                                    "Actual Loops": 1
                                                },
                                                {
                                                    "Worker Number": 1,
                                                    "Actual Startup Time": 174.752,
                                                    "Actual Total Time": 237.355,
                                                    "Actual Rows": 1461,
                                                    "Actual Loops": 1
                                                },
                                                {
                                                    "Worker Number": 2,
                                                    "Actual Startup Time": 175.248,
                                                    "Actual Total Time": 237.791,
                                                    "Actual Rows": 1017,
                                                    "Actual Loops": 1
                                                }
                                            ],
                                            "Plans": [
                                                {
                                                    "Node Type": "Bitmap Heap Scan",
                                                    "Parent Relationship": "Outer",
                                                    "Parallel Aware": true,
                                                    "Relation Name": "movie_keyword",
                                                    "Schema": "public",
                                                    "Alias": "mk",
                                                    "Startup Cost": 11734.83,
                                                    "Total Cost": 38419.01,
                                                    "Plan Rows": 178414,
                                                    "Plan Width": 4,
                                                    "Actual Startup Time": 46.067,
                                                    "Actual Total Time": 111.597,
                                                    "Actual Rows": 138932,
                                                    "Actual Loops": 4,
                                                    "Output": [
                                                        "mk.id",
                                                        "mk.movie_id",
                                                        "mk.keyword_id"
                                                    ],
                                                    "Recheck Cond": "(mk.keyword_id < 398)",
                                                    "Rows Removed by Index Recheck": 0,
                                                    "Exact Heap Blocks": 7828,
                                                    "Lossy Heap Blocks": 0,
                                                    "Workers": [
                                                        {
                                                            "Worker Number": 0,
                                                            "Actual Startup Time": 46.111,
                                                            "Actual Total Time": 111.654,
                                                            "Actual Rows": 115026,
                                                            "Actual Loops": 1
                                                        },
                                                        {
                                                            "Worker Number": 1,
                                                            "Actual Startup Time": 46.076,
                                                            "Actual Total Time": 112.249,
                                                            "Actual Rows": 156823,
                                                            "Actual Loops": 1
                                                        },
                                                        {
                                                            "Worker Number": 2,
                                                            "Actual Startup Time": 46.22,
                                                            "Actual Total Time": 112.135,
                                                            "Actual Rows": 106268,
                                                            "Actual Loops": 1
                                                        }
                                                    ],
                                                    "Plans": [
                                                        {
                                                            "Node Type": "Bitmap Index Scan",
                                                            "Parent Relationship": "Outer",
                                                            "Parallel Aware": false,
                                                            "Index Name": "keyword_id_movie_keyword",
                                                            "Startup Cost": 0.0,
                                                            "Total Cost": 11596.56,
                                                            "Plan Rows": 553084,
                                                            "Plan Width": 0,
                                                            "Actual Startup Time": 40.2,
                                                            "Actual Total Time": 40.201,
                                                            "Actual Rows": 555726,
                                                            "Actual Loops": 1,
                                                            "Index Cond": "(mk.keyword_id < 398)"
                                                        }
                                                    ]
                                                },
                                                {
                                                    "Node Type": "Hash",
                                                    "Parent Relationship": "Inner",
                                                    "Parallel Aware": true,
                                                    "Startup Cost": 45479.21,
                                                    "Total Cost": 45479.21,
                                                    "Plan Rows": 10971,
                                                    "Plan Width": 4,
                                                    "Actual Startup Time": 105.719,
                                                    "Actual Total Time": 105.72,
                                                    "Actual Rows": 9890,
                                                    "Actual Loops": 4,
                                                    "Output": [
                                                        "t.id"
                                                    ],
                                                    "Hash Buckets": 65536,
                                                    "Original Hash Buckets": 65536,
                                                    "Hash Batches": 1,
                                                    "Original Hash Batches": 1,
                                                    "Peak Memory Usage": 2112,
                                                    "Workers": [
                                                        {
                                                            "Worker Number": 0,
                                                            "Actual Startup Time": 103.763,
                                                            "Actual Total Time": 103.764,
                                                            "Actual Rows": 7988,
                                                            "Actual Loops": 1
                                                        },
                                                        {
                                                            "Worker Number": 1,
                                                            "Actual Startup Time": 103.829,
                                                            "Actual Total Time": 103.829,
                                                            "Actual Rows": 12543,
                                                            "Actual Loops": 1
                                                        },
                                                        {
                                                            "Worker Number": 2,
                                                            "Actual Startup Time": 104.091,
                                                            "Actual Total Time": 104.092,
                                                            "Actual Rows": 7848,
                                                            "Actual Loops": 1
                                                        }
                                                    ],
                                                    "Plans": [
                                                        {
                                                            "Node Type": "Seq Scan",
                                                            "Parent Relationship": "Outer",
                                                            "Parallel Aware": true,
                                                            "Relation Name": "title",
                                                            "Schema": "public",
                                                            "Alias": "t",
                                                            "Startup Cost": 0.0,
                                                            "Total Cost": 45479.21,
                                                            "Plan Rows": 10971,
                                                            "Plan Width": 4,
                                                            "Actual Startup Time": 48.831,
                                                            "Actual Total Time": 101.89,
                                                            "Actual Rows": 9890,
                                                            "Actual Loops": 4,
                                                            "Output": [
                                                                "t.id"
                                                            ],
                                                            "Filter": "((t.kind_id = 1) AND (t.production_year = 2012))",
                                                            "Rows Removed by Filter": 622188,
                                                            "Workers": [
                                                                {
                                                                    "Worker Number": 0,
                                                                    "Actual Startup Time": 64.972,
                                                                    "Actual Total Time": 100.258,
                                                                    "Actual Rows": 7988,
                                                                    "Actual Loops": 1
                                                                },
                                                                {
                                                                    "Worker Number": 1,
                                                                    "Actual Startup Time": 5.283,
                                                                    "Actual Total Time": 100.25,
                                                                    "Actual Rows": 12543,
                                                                    "Actual Loops": 1
                                                                },
                                                                {
                                                                    "Worker Number": 2,
                                                                    "Actual Startup Time": 58.885,
                                                                    "Actual Total Time": 100.245,
                                                                    "Actual Rows": 7848,
                                                                    "Actual Loops": 1
                                                                }
                                                            ]
                                                        }
                                                    ]
                                                }
                                            ]
                                        },
                                        {
                                            "Node Type": "Index Scan",
                                            "Parent Relationship": "Inner",
                                            "Parallel Aware": false,
                                            "Scan Direction": "Forward",
                                            "Index Name": "movie_id_movie_companies",
                                            "Relation Name": "movie_companies",
                                            "Schema": "public",
                                            "Alias": "mc",
                                            "Startup Cost": 0.43,
                                            "Total Cost": 0.73,
                                            "Plan Rows": 5,
                                            "Plan Width": 4,
                                            "Actual Startup Time": 0.007,
                                            "Actual Total Time": 0.01,
                                            "Actual Rows": 9,
                                            "Actual Loops": 5103,
                                            "Output": [
                                                "mc.id",
                                                "mc.movie_id",
                                                "mc.company_id",
                                                "mc.company_type_id",
                                                "mc.note"
                                            ],
                                            "Index Cond": "(mc.movie_id = mk.movie_id)",
                                            "Rows Removed by Index Recheck": 0,
                                            "Filter": "(mc.company_id < 161251)",
                                            "Rows Removed by Filter": 0,
                                            "Workers": [
                                                {
                                                    "Worker Number": 0,
                                                    "Actual Startup Time": 0.01,
                                                    "Actual Total Time": 0.014,
                                                    "Actual Rows": 9,
                                                    "Actual Loops": 1051
                                                },
                                                {
                                                    "Worker Number": 1,
                                                    "Actual Startup Time": 0.008,
                                                    "Actual Total Time": 0.01,
                                                    "Actual Rows": 9,
                                                    "Actual Loops": 1461
                                                },
                                                {
                                                    "Worker Number": 2,
                                                    "Actual Startup Time": 0.01,
                                                    "Actual Total Time": 0.014,
                                                    "Actual Rows": 9,
                                                    "Actual Loops": 1017
                                                }
                                            ]
                                        }
                                    ]
                                }
                            ]
                        }
                    ]
                }
            ]
        },
        "Planning Time": 439.96,
        "Triggers": [],
        "Execution Time": 280.302
    }
]