{
  "Plan": {
    "Node Type": "Aggregate",
    "Strategy": "Plain",
    "Partial Mode": "Finalize",
    "Parallel Aware": false,
    "Startup Cost": 119252.77,
    "Total Cost": 119252.78,
    "Plan Rows": 1,
    "Plan Width": 8,
    "Actual Startup Time": 392.838,
    "Actual Total Time": 414.917,
    "Actual Rows": 1,
    "Actual Loops": 1,
    "Plans": [
      {
        "Node Type": "Gather",
        "Parent Relationship": "Outer",
        "Parallel Aware": false,
        "Startup Cost": 119252.65,
        "Total Cost": 119252.76,
        "Plan Rows": 1,
        "Plan Width": 8,
        "Actual Startup Time": 392.007,
        "Actual Total Time": 414.909,
        "Actual Rows": 2,
        "Actual Loops": 1,
        "Workers Planned": 1,
        "Workers Launched": 1,
        "Single Copy": false,
        "Plans": [
          {
            "Node Type": "Aggregate",
            "Strategy": "Plain",
            "Partial Mode": "Partial",
            "Parent Relationship": "Outer",
            "Parallel Aware": false,
            "Startup Cost": 118252.65,
            "Total Cost": 118252.66,
            "Plan Rows": 1,
            "Plan Width": 8,
            "Actual Startup Time": 385.824,
            "Actual Total Time": 385.828,
            "Actual Rows": 1,
            "Actual Loops": 2,
            "Plans": [
              {
                "Node Type": "Nested Loop",
                "Parent Relationship": "Outer",
                "Parallel Aware": false,
                "Join Type": "Inner",
                "Startup Cost": 70609.19,
                "Total Cost": 118212.16,
                "Plan Rows": 16198,
                "Plan Width": 0,
                "Actual Startup Time": 201.311,
                "Actual Total Time": 382.474,
                "Actual Rows": 67451,
                "Actual Loops": 2,
                "Inner Unique": false,
                "Join Filter": "(t.id = mi_idx.movie_id)",
                "Rows Removed by Join Filter": 0,
                "Plans": [
                  {
                    "Node Type": "Hash Join",
                    "Parent Relationship": "Outer",
                    "Parallel Aware": true,
                    "Join Type": "Inner",
                    "Startup Cost": 70608.76,
                    "Total Cost": 99418.58,
                    "Plan Rows": 29675,
                    "Plan Width": 8,
                    "Actual Startup Time": 200.779,
                    "Actual Total Time": 303.194,
                    "Actual Rows": 32740,
                    "Actual Loops": 2,
                    "Inner Unique": true,
                    "Hash Cond": "(mk.movie_id = t.id)",
                    "Plans": [
                      {
                        "Node Type": "Bitmap Heap Scan",
                        "Parent Relationship": "Outer",
                        "Parallel Aware": true,
                        "Relation Name": "movie_keyword",
                        "Alias": "mk",
                        "Startup Cost": 10386.68,
                        "Total Cost": 38440.53,
                        "Plan Rows": 287988,
                        "Plan Width": 4,
                        "Actual Startup Time": 32.479,
                        "Actual Total Time": 96.205,
                        "Actual Rows": 238252,
                        "Actual Loops": 2,
                        "Recheck Cond": "(keyword_id > 37481)",
                        "Rows Removed by Index Recheck": 0,
                        "Exact Heap Blocks": 13652,
                        "Lossy Heap Blocks": 0,
                        "Plans": [
                          {
                            "Node Type": "Bitmap Index Scan",
                            "Parent Relationship": "Outer",
                            "Parallel Aware": false,
                            "Index Name": "keyword_id_movie_keyword",
                            "Startup Cost": 0.0,
                            "Total Cost": 10264.28,
                            "Plan Rows": 489580,
                            "Plan Width": 0,
                            "Actual Startup Time": 29.057,
                            "Actual Total Time": 29.058,
                            "Actual Rows": 476505,
                            "Actual Loops": 1,
                            "Index Cond": "(keyword_id > 37481)"
                          }
                        ]
                      },
                      {
                        "Node Type": "Hash",
                        "Parent Relationship": "Inner",
                        "Parallel Aware": true,
                        "Startup Cost": 58306.47,
                        "Total Cost": 58306.47,
                        "Plan Rows": 153249,
                        "Plan Width": 4,
                        "Actual Startup Time": 164.855,
                        "Actual Total Time": 164.855,
                        "Actual Rows": 113924,
                        "Actual Loops": 2,
                        "Hash Buckets": 262144,
                        "Original Hash Buckets": 262144,
                        "Hash Batches": 1,
                        "Original Hash Batches": 1,
                        "Peak Memory Usage": 10976,
                        "Plans": [
                          {
                            "Node Type": "Seq Scan",
                            "Parent Relationship": "Outer",
                            "Parallel Aware": true,
                            "Relation Name": "title",
                            "Alias": "t",
                            "Startup Cost": 0.0,
                            "Total Cost": 58306.47,
                            "Plan Rows": 153249,
                            "Plan Width": 4,
                            "Actual Startup Time": 0.062,
                            "Actual Total Time": 139.343,
                            "Actual Rows": 113924,
                            "Actual Loops": 2,
                            "Filter": "((kind_id < 7) AND (production_year > 2008))",
                            "Rows Removed by Filter": 1150232
                          }
                        ]
                      }
                    ]
                  },
                  {
                    "Node Type": "Index Only Scan",
                    "Parent Relationship": "Inner",
                    "Parallel Aware": false,
                    "Scan Direction": "Forward",
                    "Index Name": "movie_id_movie_info_idx",
                    "Relation Name": "movie_info_idx",
                    "Alias": "mi_idx",
                    "Startup Cost": 0.43,
                    "Total Cost": 0.6,
                    "Plan Rows": 3,
                    "Plan Width": 4,
                    "Actual Startup Time": 0.002,
                    "Actual Total Time": 0.002,
                    "Actual Rows": 2,
                    "Actual Loops": 65480,
                    "Index Cond": "(movie_id = mk.movie_id)",
                    "Rows Removed by Index Recheck": 0,
                    "Heap Fetches": 134902
                  }
                ]
              }
            ]
          }
        ]
      }
    ]
  },
  "Planning Time": 1.012,
  "Triggers": [],
  "Execution Time": 415.03
}