{
  "Plan": {
    "Node Type": "Aggregate",
    "Strategy": "Plain",
    "Partial Mode": "Finalize",
    "Parallel Aware": false,
    "Startup Cost": 128130.59,
    "Total Cost": 128130.6,
    "Plan Rows": 1,
    "Plan Width": 8,
    "Actual Startup Time": 697.93,
    "Actual Total Time": 714.362,
    "Actual Rows": 1,
    "Actual Loops": 1,
    "Plans": [
      {
        "Node Type": "Gather",
        "Parent Relationship": "Outer",
        "Parallel Aware": false,
        "Startup Cost": 128130.47,
        "Total Cost": 128130.58,
        "Plan Rows": 1,
        "Plan Width": 8,
        "Actual Startup Time": 696.127,
        "Actual Total Time": 714.354,
        "Actual Rows": 2,
        "Actual Loops": 1,
        "Workers Planned": 1,
        "Workers Launched": 1,
        "Single Copy": false,
        "Plans": [
          {
            "Node Type": "Aggregate",
            "Strategy": "Plain",
            "Partial Mode": "Partial",
            "Parent Relationship": "Outer",
            "Parallel Aware": false,
            "Startup Cost": 127130.47,
            "Total Cost": 127130.48,
            "Plan Rows": 1,
            "Plan Width": 8,
            "Actual Startup Time": 690.663,
            "Actual Total Time": 690.667,
            "Actual Rows": 1,
            "Actual Loops": 2,
            "Plans": [
              {
                "Node Type": "Hash Join",
                "Parent Relationship": "Outer",
                "Parallel Aware": true,
                "Join Type": "Inner",
                "Startup Cost": 63668.62,
                "Total Cost": 125892.7,
                "Plan Rows": 495109,
                "Plan Width": 0,
                "Actual Startup Time": 266.488,
                "Actual Total Time": 659.135,
                "Actual Rows": 804348,
                "Actual Loops": 2,
                "Inner Unique": true,
                "Hash Cond": "(mk.movie_id = t.id)",
                "Plans": [
                  {
                    "Node Type": "Seq Scan",
                    "Parent Relationship": "Outer",
                    "Parallel Aware": true,
                    "Relation Name": "movie_keyword",
                    "Alias": "mk",
                    "Startup Cost": 0.0,
                    "Total Cost": 57718.19,
                    "Plan Rows": 1716526,
                    "Plan Width": 4,
                    "Actual Startup Time": 0.016,
                    "Actual Total Time": 197.841,
                    "Actual Rows": 1456790,
                    "Actual Loops": 2,
                    "Filter": "(keyword_id < 9427)",
                    "Rows Removed by Filter": 805175
                  },
                  {
                    "Node Type": "Hash",
                    "Parent Relationship": "Inner",
                    "Parallel Aware": true,
                    "Startup Cost": 58306.47,
                    "Total Cost": 58306.47,
                    "Plan Rows": 428972,
                    "Plan Width": 4,
                    "Actual Startup Time": 257.6,
                    "Actual Total Time": 257.601,
                    "Actual Rows": 314066,
                    "Actual Loops": 2,
                    "Hash Buckets": 1048576,
                    "Original Hash Buckets": 1048576,
                    "Hash Batches": 1,
                    "Original Hash Batches": 1,
                    "Peak Memory Usage": 32800,
                    "Plans": [
                      {
                        "Node Type": "Seq Scan",
                        "Parent Relationship": "Outer",
                        "Parallel Aware": true,
                        "Relation Name": "title",
                        "Alias": "t",
                        "Startup Cost": 0.0,
                        "Total Cost": 58306.47,
                        "Plan Rows": 428972,
                        "Plan Width": 4,
                        "Actual Startup Time": 0.033,
                        "Actual Total Time": 159.7,
                        "Actual Rows": 314066,
                        "Actual Loops": 2,
                        "Filter": "((kind_id < 7) AND (production_year > 1985))",
                        "Rows Removed by Filter": 950090
                      }
                    ]
                  }
                ]
              }
            ]
          }
        ]
      }
    ]
  },
  "Planning Time": 0.533,
  "Triggers": [],
  "Execution Time": 714.418
}