[
  {
    "Plan": {
      "Node Type": "Aggregate",
      "Strategy": "Plain",
      "Partial Mode": "Finalize",
      "Parallel Aware": false,
      "Startup Cost": 83172.9,
      "Total Cost": 83172.91,
      "Plan Rows": 1,
      "Plan Width": 8,
      "Actual Startup Time": 340.352,
      "Actual Total Time": 357.353,
      "Actual Rows": 1,
      "Actual Loops": 1,
      "Plans": [
        {
          "Node Type": "Gather",
          "Parent Relationship": "Outer",
          "Parallel Aware": false,
          "Startup Cost": 83172.48,
          "Total Cost": 83172.89,
          "Plan Rows": 4,
          "Plan Width": 8,
          "Actual Startup Time": 334.441,
          "Actual Total Time": 357.342,
          "Actual Rows": 5,
          "Actual Loops": 1,
          "Workers Planned": 4,
          "Workers Launched": 4,
          "Single Copy": false,
          "Plans": [
            {
              "Node Type": "Aggregate",
              "Strategy": "Plain",
              "Partial Mode": "Partial",
              "Parent Relationship": "Outer",
              "Parallel Aware": false,
              "Startup Cost": 82172.48,
              "Total Cost": 82172.49,
              "Plan Rows": 1,
              "Plan Width": 8,
              "Actual Startup Time": 324.973,
              "Actual Total Time": 324.976,
              "Actual Rows": 1,
              "Actual Loops": 5,
              "Plans": [
                {
                  "Node Type": "Hash Join",
                  "Parent Relationship": "Outer",
                  "Parallel Aware": true,
                  "Join Type": "Inner",
                  "Startup Cost": 35310.44,
                  "Total Cost": 81568.66,
                  "Plan Rows": 241528,
                  "Plan Width": 0,
                  "Actual Startup Time": 123.147,
                  "Actual Total Time": 318.749,
                  "Actual Rows": 130908,
                  "Actual Loops": 5,
                  "Inner Unique": false,
                  "Hash Cond": "(t.id = mc.movie_id)",
                  "Plans": [
                    {
                      "Node Type": "Seq Scan",
                      "Parent Relationship": "Outer",
                      "Parallel Aware": true,
                      "Relation Name": "title",
                      "Alias": "t",
                      "Startup Cost": 0.0,
                      "Total Cost": 42318.73,
                      "Plan Rows": 632073,
                      "Plan Width": 4,
                      "Actual Startup Time": 0.011,
                      "Actual Total Time": 65.619,
                      "Actual Rows": 505662,
                      "Actual Loops": 5
                    },
                    {
                      "Node Type": "Hash",
                      "Parent Relationship": "Inner",
                      "Parallel Aware": true,
                      "Startup Cost": 31414.82,
                      "Total Cost": 31414.82,
                      "Plan Rows": 311650,
                      "Plan Width": 4,
                      "Actual Startup Time": 118.999,
                      "Actual Total Time": 119.0,
                      "Actual Rows": 130908,
                      "Actual Loops": 5,
                      "Hash Buckets": 1048576,
                      "Original Hash Buckets": 1048576,
                      "Hash Batches": 1,
                      "Original Hash Batches": 1,
                      "Peak Memory Usage": 33888,
                      "Plans": [
                        {
                          "Node Type": "Seq Scan",
                          "Parent Relationship": "Outer",
                          "Parallel Aware": true,
                          "Relation Name": "movie_companies",
                          "Alias": "mc",
                          "Startup Cost": 0.0,
                          "Total Cost": 31414.82,
                          "Plan Rows": 311650,
                          "Plan Width": 4,
                          "Actual Startup Time": 44.942,
                          "Actual Total Time": 76.576,
                          "Actual Rows": 130908,
                          "Actual Loops": 5,
                          "Filter": "((company_id < 42218) AND (company_type_id > 1))",
                          "Rows Removed by Filter": 390918
                        }
                      ]
                    }
                  ]
                }
              ]
            }
          ]
        }
      ]
    },
    "Planning Time": 0.61,
    "Triggers": [],
    "Execution Time": 357.423
  }
]