[
  {
    "Plan": {
      "Node Type": "Aggregate",
      "Strategy": "Plain",
      "Partial Mode": "Finalize",
      "Parallel Aware": false,
      "Startup Cost": 46651.79,
      "Total Cost": 46651.8,
      "Plan Rows": 1,
      "Plan Width": 8,
      "Actual Startup Time": 163.115,
      "Actual Total Time": 173.071,
      "Actual Rows": 1,
      "Actual Loops": 1,
      "Plans": [
        {
          "Node Type": "Gather",
          "Parent Relationship": "Outer",
          "Parallel Aware": false,
          "Startup Cost": 46651.47,
          "Total Cost": 46651.78,
          "Plan Rows": 3,
          "Plan Width": 8,
          "Actual Startup Time": 163.021,
          "Actual Total Time": 173.064,
          "Actual Rows": 4,
          "Actual Loops": 1,
          "Workers Planned": 3,
          "Workers Launched": 3,
          "Single Copy": false,
          "Plans": [
            {
              "Node Type": "Aggregate",
              "Strategy": "Plain",
              "Partial Mode": "Partial",
              "Parent Relationship": "Outer",
              "Parallel Aware": false,
              "Startup Cost": 45651.47,
              "Total Cost": 45651.48,
              "Plan Rows": 1,
              "Plan Width": 8,
              "Actual Startup Time": 157.462,
              "Actual Total Time": 157.463,
              "Actual Rows": 1,
              "Actual Loops": 4,
              "Plans": [
                {
                  "Node Type": "Seq Scan",
                  "Parent Relationship": "Outer",
                  "Parallel Aware": true,
                  "Relation Name": "movie_keyword",
                  "Alias": "mk",
                  "Startup Cost": 0.0,
                  "Total Cost": 42695.65,
                  "Plan Rows": 1182328,
                  "Plan Width": 0,
                  "Actual Startup Time": 0.043,
                  "Actual Total Time": 117.576,
                  "Actual Rows": 918069,
                  "Actual Loops": 4,
                  "Filter": "(keyword_id < 21567)",
                  "Rows Removed by Filter": 212913
                }
              ]
            }
          ]
        }
      ]
    },
    "Planning Time": 0.149,
    "Triggers": [],
    "Execution Time": 173.116
  }
]