{
  "Plan": {
    "Node Type": "Aggregate",
    "Strategy": "Plain",
    "Partial Mode": "Simple",
    "Parallel Aware": false,
    "Startup Cost": 6423.79,
    "Total Cost": 6423.8,
    "Plan Rows": 1,
    "Plan Width": 96,
    "Actual Startup Time": 243.764,
    "Actual Total Time": 243.853,
    "Actual Rows": 1,
    "Actual Loops": 1,
    "Plans": [
      {
        "Node Type": "Nested Loop",
        "Parent Relationship": "Outer",
        "Parallel Aware": false,
        "Join Type": "Inner",
        "Startup Cost": 1004.27,
        "Total Cost": 6423.79,
        "Plan Rows": 1,
        "Plan Width": 48,
        "Actual Startup Time": 137.891,
        "Actual Total Time": 243.825,
        "Actual Rows": 45,
        "Actual Loops": 1,
        "Inner Unique": true,
        "Plans": [
          {
            "Node Type": "Nested Loop",
            "Parent Relationship": "Outer",
            "Parallel Aware": false,
            "Join Type": "Inner",
            "Startup Cost": 1004.14,
            "Total Cost": 6423.61,
            "Plan Rows": 1,
            "Plan Width": 52,
            "Actual Startup Time": 137.864,
            "Actual Total Time": 243.749,
            "Actual Rows": 45,
            "Actual Loops": 1,
            "Inner Unique": true,
            "Plans": [
              {
                "Node Type": "Nested Loop",
                "Parent Relationship": "Outer",
                "Parallel Aware": false,
                "Join Type": "Inner",
                "Startup Cost": 1003.71,
                "Total Cost": 6422.85,
                "Plan Rows": 1,
                "Plan Width": 45,
                "Actual Startup Time": 132.697,
                "Actual Total Time": 241.844,
                "Actual Rows": 636,
                "Actual Loops": 1,
                "Inner Unique": true,
                "Plans": [
                  {
                    "Node Type": "Nested Loop",
                    "Parent Relationship": "Outer",
                    "Parallel Aware": false,
                    "Join Type": "Inner",
                    "Startup Cost": 1003.29,
                    "Total Cost": 6422.4,
                    "Plan Rows": 1,
                    "Plan Width": 49,
                    "Actual Startup Time": 13.606,
                    "Actual Total Time": 223.711,
                    "Actual Rows": 13110,
                    "Actual Loops": 1,
                    "Inner Unique": true,
                    "Plans": [
                      {
                        "Node Type": "Nested Loop",
                        "Parent Relationship": "Outer",
                        "Parallel Aware": false,
                        "Join Type": "Inner",
                        "Startup Cost": 1003.15,
                        "Total Cost": 6422.21,
                        "Plan Rows": 1,
                        "Plan Width": 53,
                        "Actual Startup Time": 13.59,
                        "Actual Total Time": 212.188,
                        "Actual Rows": 13110,
                        "Actual Loops": 1,
                        "Inner Unique": false,
                        "Join Filter": "(t.id = mi.movie_id)",
                        "Rows Removed by Join Filter": 0,
                        "Plans": [
                          {
                            "Node Type": "Nested Loop",
                            "Parent Relationship": "Outer",
                            "Parallel Aware": false,
                            "Join Type": "Inner",
                            "Startup Cost": 1002.71,
                            "Total Cost": 6420.65,
                            "Plan Rows": 1,
                            "Plan Width": 65,
                            "Actual Startup Time": 13.442,
                            "Actual Total Time": 36.062,
                            "Actual Rows": 4750,
                            "Actual Loops": 1,
                            "Inner Unique": true,
                            "Plans": [
                              {
                                "Node Type": "Nested Loop",
                                "Parent Relationship": "Outer",
                                "Parallel Aware": false,
                                "Join Type": "Inner",
                                "Startup Cost": 1002.28,
                                "Total Cost": 6420.0,
                                "Plan Rows": 1,
                                "Plan Width": 53,
                                "Actual Startup Time": 13.38,
                                "Actual Total Time": 27.524,
                                "Actual Rows": 4855,
                                "Actual Loops": 1,
                                "Inner Unique": false,
                                "Plans": [
                                  {
                                    "Node Type": "Nested Loop",
                                    "Parent Relationship": "Outer",
                                    "Parallel Aware": false,
                                    "Join Type": "Inner",
                                    "Startup Cost": 1001.86,
                                    "Total Cost": 6419.45,
                                    "Plan Rows": 1,
                                    "Plan Width": 49,
                                    "Actual Startup Time": 13.299,
                                    "Actual Total Time": 21.612,
                                    "Actual Rows": 1841,
                                    "Actual Loops": 1,
                                    "Inner Unique": false,
                                    "Join Filter": "(t.id = ci.movie_id)",
                                    "Rows Removed by Join Filter": 0,
                                    "Plans": [
                                      {
                                        "Node Type": "Nested Loop",
                                        "Parent Relationship": "Outer",
                                        "Parallel Aware": false,
                                        "Join Type": "Inner",
                                        "Startup Cost": 1001.29,
                                        "Total Cost": 6417.7,
                                        "Plan Rows": 1,
                                        "Plan Width": 33,
                                        "Actual Startup Time": 11.523,
                                        "Actual Total Time": 14.401,
                                        "Actual Rows": 83,
                                        "Actual Loops": 1,
                                        "Inner Unique": false,
                                        "Join Filter": "(t.id = mk.movie_id)",
                                        "Rows Removed by Join Filter": 0,
                                        "Plans": [
                                          {
                                            "Node Type": "Gather",
                                            "Parent Relationship": "Outer",
                                            "Parallel Aware": false,
                                            "Startup Cost": 1000.86,
                                            "Total Cost": 6415.82,
                                            "Plan Rows": 1,
                                            "Plan Width": 25,
                                            "Actual Startup Time": 11.451,
                                            "Actual Total Time": 14.194,
                                            "Actual Rows": 4,
                                            "Actual Loops": 1,
                                            "Workers Planned": 1,
                                            "Workers Launched": 1,
                                            "Single Copy": false,
                                            "Plans": [
                                              {
                                                "Node Type": "Nested Loop",
                                                "Parent Relationship": "Outer",
                                                "Parallel Aware": false,
                                                "Join Type": "Inner",
                                                "Startup Cost": 0.86,
                                                "Total Cost": 5415.72,
                                                "Plan Rows": 1,
                                                "Plan Width": 25,
                                                "Actual Startup Time": 24.422,
                                                "Actual Total Time": 25.749,
                                                "Actual Rows": 2,
                                                "Actual Loops": 2,
                                                "Inner Unique": true,
                                                "Plans": [
                                                  {
                                                    "Node Type": "Nested Loop",
                                                    "Parent Relationship": "Outer",
                                                    "Parallel Aware": false,
                                                    "Join Type": "Inner",
                                                    "Startup Cost": 0.43,
                                                    "Total Cost": 5412.59,
                                                    "Plan Rows": 6,
                                                    "Plan Width": 4,
                                                    "Actual Startup Time": 24.01,
                                                    "Actual Total Time": 24.511,
                                                    "Actual Rows": 50,
                                                    "Actual Loops": 2,
                                                    "Inner Unique": false,
                                                    "Plans": [
                                                      {
                                                        "Node Type": "Seq Scan",
                                                        "Parent Relationship": "Outer",
                                                        "Parallel Aware": true,
                                                        "Relation Name": "company_name",
                                                        "Alias": "cn",
                                                        "Startup Cost": 0.0,
                                                        "Total Cost": 5068.5,
                                                        "Plan Rows": 1,
                                                        "Plan Width": 4,
                                                        "Actual Startup Time": 23.675,
                                                        "Actual Total Time": 23.681,
                                                        "Actual Rows": 0,
                                                        "Actual Loops": 2,
                                                        "Filter": "(((country_code)::text = '[us]'::text) AND (name = 'DreamWorks Animation'::text))",
                                                        "Rows Removed by Filter": 117498
                                                      },
                                                      {
                                                        "Node Type": "Index Scan",
                                                        "Parent Relationship": "Inner",
                                                        "Parallel Aware": false,
                                                        "Scan Direction": "Forward",
                                                        "Index Name": "company_id_movie_companies",
                                                        "Relation Name": "movie_companies",
                                                        "Alias": "mc",
                                                        "Startup Cost": 0.43,
                                                        "Total Cost": 342.79,
                                                        "Plan Rows": 130,
                                                        "Plan Width": 8,
                                                        "Actual Startup Time": 0.664,
                                                        "Actual Total Time": 1.627,
                                                        "Actual Rows": 99,
                                                        "Actual Loops": 1,
                                                        "Index Cond": "(company_id = cn.id)",
                                                        "Rows Removed by Index Recheck": 0
                                                      }
                                                    ]
                                                  },
                                                  {
                                                    "Node Type": "Index Scan",
                                                    "Parent Relationship": "Inner",
                                                    "Parallel Aware": false,
                                                    "Scan Direction": "Forward",
                                                    "Index Name": "title_pkey",
                                                    "Relation Name": "title",
                                                    "Alias": "t",
                                                    "Startup Cost": 0.43,
                                                    "Total Cost": 0.52,
                                                    "Plan Rows": 1,
                                                    "Plan Width": 21,
                                                    "Actual Startup Time": 0.024,
                                                    "Actual Total Time": 0.024,
                                                    "Actual Rows": 0,
                                                    "Actual Loops": 99,
                                                    "Index Cond": "(id = mc.movie_id)",
                                                    "Rows Removed by Index Recheck": 0,
                                                    "Filter": "((production_year > 2010) AND (title ~~ 'Kung Fu Panda%'::text))",
                                                    "Rows Removed by Filter": 1
                                                  }
                                                ]
                                              }
                                            ]
                                          },
                                          {
                                            "Node Type": "Index Scan",
                                            "Parent Relationship": "Inner",
                                            "Parallel Aware": false,
                                            "Scan Direction": "Forward",
                                            "Index Name": "movie_id_movie_keyword",
                                            "Relation Name": "movie_keyword",
                                            "Alias": "mk",
                                            "Startup Cost": 0.43,
                                            "Total Cost": 1.31,
                                            "Plan Rows": 46,
                                            "Plan Width": 8,
                                            "Actual Startup Time": 0.039,
                                            "Actual Total Time": 0.046,
                                            "Actual Rows": 21,
                                            "Actual Loops": 4,
                                            "Index Cond": "(movie_id = mc.movie_id)",
                                            "Rows Removed by Index Recheck": 0
                                          }
                                        ]
                                      },
                                      {
                                        "Node Type": "Index Scan",
                                        "Parent Relationship": "Inner",
                                        "Parallel Aware": false,
                                        "Scan Direction": "Forward",
                                        "Index Name": "movie_id_cast_info",
                                        "Relation Name": "cast_info",
                                        "Alias": "ci",
                                        "Startup Cost": 0.56,
                                        "Total Cost": 1.74,
                                        "Plan Rows": 1,
                                        "Plan Width": 16,
                                        "Actual Startup Time": 0.009,
                                        "Actual Total Time": 0.083,
                                        "Actual Rows": 22,
                                        "Actual Loops": 83,
                                        "Index Cond": "(movie_id = mk.movie_id)",
                                        "Rows Removed by Index Recheck": 0,
                                        "Filter": "(note = ANY ('{(voice),\"(voice: Japanese version)\",\"(voice) (uncredited)\",\"(voice: English version)\"}'::text[]))",
                                        "Rows Removed by Filter": 75
                                      }
                                    ]
                                  },
                                  {
                                    "Node Type": "Index Only Scan",
                                    "Parent Relationship": "Inner",
                                    "Parallel Aware": false,
                                    "Scan Direction": "Forward",
                                    "Index Name": "person_id_aka_name",
                                    "Relation Name": "aka_name",
                                    "Alias": "an",
                                    "Startup Cost": 0.42,
                                    "Total Cost": 0.52,
                                    "Plan Rows": 2,
                                    "Plan Width": 4,
                                    "Actual Startup Time": 0.002,
                                    "Actual Total Time": 0.003,
                                    "Actual Rows": 3,
                                    "Actual Loops": 1841,
                                    "Index Cond": "(person_id = ci.person_id)",
                                    "Rows Removed by Index Recheck": 0,
                                    "Heap Fetches": 4855
                                  }
                                ]
                              },
                              {
                                "Node Type": "Index Scan",
                                "Parent Relationship": "Inner",
                                "Parallel Aware": false,
                                "Scan Direction": "Forward",
                                "Index Name": "char_name_pkey",
                                "Relation Name": "char_name",
                                "Alias": "chn",
                                "Startup Cost": 0.43,
                                "Total Cost": 0.66,
                                "Plan Rows": 1,
                                "Plan Width": 20,
                                "Actual Startup Time": 0.001,
                                "Actual Total Time": 0.001,
                                "Actual Rows": 1,
                                "Actual Loops": 4855,
                                "Index Cond": "(id = ci.person_role_id)",
                                "Rows Removed by Index Recheck": 0
                              }
                            ]
                          },
                          {
                            "Node Type": "Index Scan",
                            "Parent Relationship": "Inner",
                            "Parallel Aware": false,
                            "Scan Direction": "Forward",
                            "Index Name": "movie_id_movie_info",
                            "Relation Name": "movie_info",
                            "Alias": "mi",
                            "Startup Cost": 0.43,
                            "Total Cost": 1.55,
                            "Plan Rows": 1,
                            "Plan Width": 8,
                            "Actual Startup Time": 0.006,
                            "Actual Total Time": 0.037,
                            "Actual Rows": 3,
                            "Actual Loops": 4750,
                            "Index Cond": "(movie_id = mk.movie_id)",
                            "Rows Removed by Index Recheck": 0,
                            "Filter": "((info IS NOT NULL) AND ((info ~~ 'Japan:%201%'::text) OR (info ~~ 'USA:%201%'::text)))",
                            "Rows Removed by Filter": 210
                          }
                        ]
                      },
                      {
                        "Node Type": "Index Scan",
                        "Parent Relationship": "Inner",
                        "Parallel Aware": false,
                        "Scan Direction": "Forward",
                        "Index Name": "info_type_pkey",
                        "Relation Name": "info_type",
                        "Alias": "it",
                        "Startup Cost": 0.14,
                        "Total Cost": 0.16,
                        "Plan Rows": 1,
                        "Plan Width": 4,
                        "Actual Startup Time": 0.001,
                        "Actual Total Time": 0.001,
                        "Actual Rows": 1,
                        "Actual Loops": 13110,
                        "Index Cond": "(id = mi.info_type_id)",
                        "Rows Removed by Index Recheck": 0,
                        "Filter": "((info)::text = 'release dates'::text)",
                        "Rows Removed by Filter": 0
                      }
                    ]
                  },
                  {
                    "Node Type": "Index Scan",
                    "Parent Relationship": "Inner",
                    "Parallel Aware": false,
                    "Scan Direction": "Forward",
                    "Index Name": "keyword_pkey",
                    "Relation Name": "keyword",
                    "Alias": "k",
                    "Startup Cost": 0.42,
                    "Total Cost": 0.44,
                    "Plan Rows": 1,
                    "Plan Width": 4,
                    "Actual Startup Time": 0.001,
                    "Actual Total Time": 0.001,
                    "Actual Rows": 0,
                    "Actual Loops": 13110,
                    "Index Cond": "(id = mk.keyword_id)",
                    "Rows Removed by Index Recheck": 0,
                    "Filter": "(keyword = ANY ('{hero,martial-arts,hand-to-hand-combat,computer-animated-movie}'::text[]))",
                    "Rows Removed by Filter": 1
                  }
                ]
              },
              {
                "Node Type": "Index Scan",
                "Parent Relationship": "Inner",
                "Parallel Aware": false,
                "Scan Direction": "Forward",
                "Index Name": "name_pkey",
                "Relation Name": "name",
                "Alias": "n",
                "Startup Cost": 0.43,
                "Total Cost": 0.76,
                "Plan Rows": 1,
                "Plan Width": 19,
                "Actual Startup Time": 0.003,
                "Actual Total Time": 0.003,
                "Actual Rows": 0,
                "Actual Loops": 636,
                "Index Cond": "(id = ci.person_id)",
                "Rows Removed by Index Recheck": 0,
                "Filter": "((name ~~ '%An%'::text) AND ((gender)::text = 'f'::text))",
                "Rows Removed by Filter": 1
              }
            ]
          },
          {
            "Node Type": "Index Scan",
            "Parent Relationship": "Inner",
            "Parallel Aware": false,
            "Scan Direction": "Forward",
            "Index Name": "role_type_pkey",
            "Relation Name": "role_type",
            "Alias": "rt",
            "Startup Cost": 0.14,
            "Total Cost": 0.16,
            "Plan Rows": 1,
            "Plan Width": 4,
            "Actual Startup Time": 0.001,
            "Actual Total Time": 0.001,
            "Actual Rows": 1,
            "Actual Loops": 45,
            "Index Cond": "(id = ci.role_id)",
            "Rows Removed by Index Recheck": 0,
            "Filter": "((role)::text = 'actress'::text)",
            "Rows Removed by Filter": 0
          }
        ]
      }
    ]
  },
  "Planning Time": 105.184,
  "Triggers": [],
  "Execution Time": 244.222
}