[
  {
    "Plan": {
      "Node Type": "Aggregate",
      "Strategy": "Plain",
      "Partial Mode": "Finalize",
      "Parallel Aware": false,
      "Startup Cost": 316829.26,
      "Total Cost": 316829.27,
      "Plan Rows": 1,
      "Plan Width": 8,
      "Actual Startup Time": 176.949,
      "Actual Total Time": 194.334,
      "Actual Rows": 1,
      "Actual Loops": 1,
      "Plans": [
        {
          "Node Type": "Gather",
          "Parent Relationship": "Outer",
          "Parallel Aware": false,
          "Startup Cost": 316828.64,
          "Total Cost": 316829.25,
          "Plan Rows": 6,
          "Plan Width": 8,
          "Actual Startup Time": 176.442,
          "Actual Total Time": 194.324,
          "Actual Rows": 7,
          "Actual Loops": 1,
          "Workers Planned": 6,
          "Workers Launched": 6,
          "Single Copy": false,
          "Plans": [
            {
              "Node Type": "Aggregate",
              "Strategy": "Plain",
              "Partial Mode": "Partial",
              "Parent Relationship": "Outer",
              "Parallel Aware": false,
              "Startup Cost": 315828.64,
              "Total Cost": 315828.65,
              "Plan Rows": 1,
              "Plan Width": 8,
              "Actual Startup Time": 166.676,
              "Actual Total Time": 166.678,
              "Actual Rows": 1,
              "Actual Loops": 7,
              "Plans": [
                {
                  "Node Type": "Nested Loop",
                  "Parent Relationship": "Outer",
                  "Parallel Aware": false,
                  "Join Type": "Inner",
                  "Startup Cost": 14539.39,
                  "Total Cost": 315734.5,
                  "Plan Rows": 37654,
                  "Plan Width": 0,
                  "Actual Startup Time": 64.133,
                  "Actual Total Time": 165.064,
                  "Actual Rows": 17762,
                  "Actual Loops": 7,
                  "Inner Unique": true,
                  "Plans": [
                    {
                      "Node Type": "Bitmap Heap Scan",
                      "Parent Relationship": "Outer",
                      "Parallel Aware": true,
                      "Relation Name": "cast_info",
                      "Alias": "ci",
                      "Startup Cost": 14538.96,
                      "Total Cost": 268883.94,
                      "Plan Rows": 37654,
                      "Plan Width": 4,
                      "Actual Startup Time": 63.999,
                      "Actual Total Time": 69.435,
                      "Actual Rows": 17762,
                      "Actual Loops": 7,
                      "Recheck Cond": "(person_id < 69027)",
                      "Rows Removed by Index Recheck": 0,
                      "Filter": "(role_id > 3)",
                      "Rows Removed by Filter": 74468,
                      "Exact Heap Blocks": 2598,
                      "Lossy Heap Blocks": 0,
                      "Plans": [
                        {
                          "Node Type": "Bitmap Index Scan",
                          "Parent Relationship": "Outer",
                          "Parallel Aware": false,
                          "Index Name": "person_id_cast_info",
                          "Startup Cost": 0.0,
                          "Total Cost": 14482.48,
                          "Plan Rows": 663189,
                          "Plan Width": 0,
                          "Actual Startup Time": 44.81,
                          "Actual Total Time": 44.811,
                          "Actual Rows": 645612,
                          "Actual Loops": 1,
                          "Index Cond": "(person_id < 69027)"
                        }
                      ]
                    },
                    {
                      "Node Type": "Index Only Scan",
                      "Parent Relationship": "Inner",
                      "Parallel Aware": false,
                      "Scan Direction": "Forward",
                      "Index Name": "title_pkey",
                      "Relation Name": "title",
                      "Alias": "t",
                      "Startup Cost": 0.43,
                      "Total Cost": 1.24,
                      "Plan Rows": 1,
                      "Plan Width": 4,
                      "Actual Startup Time": 0.005,
                      "Actual Total Time": 0.005,
                      "Actual Rows": 1,
                      "Actual Loops": 124335,
                      "Index Cond": "(id = ci.movie_id)",
                      "Rows Removed by Index Recheck": 0,
                      "Heap Fetches": 124335
                    }
                  ]
                }
              ]
            }
          ]
        }
      ]
    },
    "Planning Time": 0.687,
    "Triggers": [],
    "Execution Time": 194.422
  }
]