[
    {
        "Bao": {
            "Bao prediction": 441.453,
            "Bao recommended hint": "(no hint)"
        }
    },
    {
        "Plan": {
            "Node Type": "Aggregate",
            "Strategy": "Plain",
            "Partial Mode": "Finalize",
            "Parallel Aware": false,
            "Startup Cost": 30655.25,
            "Total Cost": 30655.26,
            "Plan Rows": 1,
            "Plan Width": 8,
            "Actual Startup Time": 100.374,
            "Actual Total Time": 107.439,
            "Actual Rows": 1,
            "Actual Loops": 1,
            "Output": [
                "count(*)"
            ],
            "Plans": [
                {
                    "Node Type": "Gather",
                    "Parent Relationship": "Outer",
                    "Parallel Aware": false,
                    "Startup Cost": 30654.94,
                    "Total Cost": 30655.25,
                    "Plan Rows": 3,
                    "Plan Width": 8,
                    "Actual Startup Time": 100.27,
                    "Actual Total Time": 107.432,
                    "Actual Rows": 4,
                    "Actual Loops": 1,
                    "Output": [
                        "(PARTIAL count(*))"
                    ],
                    "Workers Planned": 3,
                    "Workers Launched": 3,
                    "Single Copy": false,
                    "Plans": [
                        {
                            "Node Type": "Aggregate",
                            "Strategy": "Plain",
                            "Partial Mode": "Partial",
                            "Parent Relationship": "Outer",
                            "Parallel Aware": false,
                            "Startup Cost": 29654.94,
                            "Total Cost": 29654.95,
                            "Plan Rows": 1,
                            "Plan Width": 8,
                            "Actual Startup Time": 92.284,
                            "Actual Total Time": 92.285,
                            "Actual Rows": 1,
                            "Actual Loops": 4,
                            "Output": [
                                "PARTIAL count(*)"
                            ],
                            "Workers": [
                                {
                                    "Worker Number": 0,
                                    "Actual Startup Time": 90.552,
                                    "Actual Total Time": 90.553,
                                    "Actual Rows": 1,
                                    "Actual Loops": 1
                                },
                                {
                                    "Worker Number": 1,
                                    "Actual Startup Time": 90.256,
                                    "Actual Total Time": 90.258,
                                    "Actual Rows": 1,
                                    "Actual Loops": 1
                                },
                                {
                                    "Worker Number": 2,
                                    "Actual Startup Time": 89.86,
                                    "Actual Total Time": 89.861,
                                    "Actual Rows": 1,
                                    "Actual Loops": 1
                                }
                            ],
                            "Plans": [
                                {
                                    "Node Type": "Seq Scan",
                                    "Parent Relationship": "Outer",
                                    "Parallel Aware": true,
                                    "Relation Name": "movie_companies",
                                    "Schema": "public",
                                    "Alias": "mc",
                                    "Startup Cost": 0.0,
                                    "Total Cost": 29310.68,
                                    "Plan Rows": 137702,
                                    "Plan Width": 0,
                                    "Actual Startup Time": 52.579,
                                    "Actual Total Time": 86.004,
                                    "Actual Rows": 107962,
                                    "Actual Loops": 4,
                                    "Output": [
                                        "id",
                                        "movie_id",
                                        "company_id",
                                        "company_type_id",
                                        "note"
                                    ],
                                    "Filter": "(mc.company_id > 78957)",
                                    "Rows Removed by Filter": 544320,
                                    "Workers": [
                                        {
                                            "Worker Number": 0,
                                            "Actual Startup Time": 50.835,
                                            "Actual Total Time": 84.376,
                                            "Actual Rows": 88476,
                                            "Actual Loops": 1
                                        },
                                        {
                                            "Worker Number": 1,
                                            "Actual Startup Time": 50.552,
                                            "Actual Total Time": 84.101,
                                            "Actual Rows": 87936,
                                            "Actual Loops": 1
                                        },
                                        {
                                            "Worker Number": 2,
                                            "Actual Startup Time": 50.175,
                                            "Actual Total Time": 83.831,
                                            "Actual Rows": 86033,
                                            "Actual Loops": 1
                                        }
                                    ]
                                }
                            ]
                        }
                    ]
                }
            ]
        },
        "Planning Time": 813.815,
        "Triggers": [],
        "Execution Time": 107.525
    }
]