[
  {
    "Plan": {
      "Node Type": "Aggregate",
      "Strategy": "Plain",
      "Partial Mode": "Finalize",
      "Parallel Aware": false,
      "Startup Cost": 317794.43,
      "Total Cost": 317794.44,
      "Plan Rows": 1,
      "Plan Width": 8,
      "Actual Startup Time": 2695.066,
      "Actual Total Time": 2794.887,
      "Actual Rows": 1,
      "Actual Loops": 1,
      "Plans": [
        {
          "Node Type": "Gather",
          "Parent Relationship": "Outer",
          "Parallel Aware": false,
          "Startup Cost": 317793.91,
          "Total Cost": 317794.42,
          "Plan Rows": 5,
          "Plan Width": 8,
          "Actual Startup Time": 2691.992,
          "Actual Total Time": 2794.877,
          "Actual Rows": 6,
          "Actual Loops": 1,
          "Workers Planned": 5,
          "Workers Launched": 5,
          "Single Copy": false,
          "Plans": [
            {
              "Node Type": "Aggregate",
              "Strategy": "Plain",
              "Partial Mode": "Partial",
              "Parent Relationship": "Outer",
              "Parallel Aware": false,
              "Startup Cost": 316793.91,
              "Total Cost": 316793.92,
              "Plan Rows": 1,
              "Plan Width": 8,
              "Actual Startup Time": 2680.345,
              "Actual Total Time": 2680.347,
              "Actual Rows": 1,
              "Actual Loops": 6,
              "Plans": [
                {
                  "Node Type": "Nested Loop",
                  "Parent Relationship": "Outer",
                  "Parallel Aware": false,
                  "Join Type": "Inner",
                  "Startup Cost": 67823.81,
                  "Total Cost": 314714.84,
                  "Plan Rows": 831625,
                  "Plan Width": 0,
                  "Actual Startup Time": 220.52,
                  "Actual Total Time": 2580.251,
                  "Actual Rows": 2166170,
                  "Actual Loops": 6,
                  "Inner Unique": false,
                  "Plans": [
                    {
                      "Node Type": "Merge Join",
                      "Parent Relationship": "Outer",
                      "Parallel Aware": false,
                      "Join Type": "Inner",
                      "Startup Cost": 67823.25,
                      "Total Cost": 161513.71,
                      "Plan Rows": 68991,
                      "Plan Width": 8,
                      "Actual Startup Time": 220.424,
                      "Actual Total Time": 595.138,
                      "Actual Rows": 60615,
                      "Actual Loops": 6,
                      "Inner Unique": false,
                      "Merge Cond": "(t.id = mk.movie_id)",
                      "Plans": [
                        {
                          "Node Type": "Index Only Scan",
                          "Parent Relationship": "Outer",
                          "Parallel Aware": true,
                          "Scan Direction": "Forward",
                          "Index Name": "title_pkey",
                          "Relation Name": "title",
                          "Alias": "t",
                          "Startup Cost": 0.43,
                          "Total Cost": 90113.62,
                          "Plan Rows": 505659,
                          "Plan Width": 4,
                          "Actual Startup Time": 0.164,
                          "Actual Total Time": 307.908,
                          "Actual Rows": 420965,
                          "Actual Loops": 6,
                          "Heap Fetches": 2525791
                        },
                        {
                          "Node Type": "Sort",
                          "Parent Relationship": "Inner",
                          "Parallel Aware": false,
                          "Startup Cost": 67812.7,
                          "Total Cost": 68675.08,
                          "Plan Rows": 344954,
                          "Plan Width": 4,
                          "Actual Startup Time": 220.081,
                          "Actual Total Time": 239.389,
                          "Actual Rows": 363692,
                          "Actual Loops": 6,
                          "Sort Key": [
                            "mk.movie_id"
                          ],
                          "Sort Method": "quicksort",
                          "Sort Space Used": 29337,
                          "Sort Space Type": "Memory",
                          "Workers": [
                            {
                              "Worker Number": 0,
                              "Sort Method": "quicksort",
                              "Sort Space Used": 29337,
                              "Sort Space Type": "Memory"
                            },
                            {
                              "Worker Number": 1,
                              "Sort Method": "quicksort",
                              "Sort Space Used": 29337,
                              "Sort Space Type": "Memory"
                            },
                            {
                              "Worker Number": 2,
                              "Sort Method": "quicksort",
                              "Sort Space Used": 29337,
                              "Sort Space Type": "Memory"
                            },
                            {
                              "Worker Number": 3,
                              "Sort Method": "quicksort",
                              "Sort Space Used": 29337,
                              "Sort Space Type": "Memory"
                            },
                            {
                              "Worker Number": 4,
                              "Sort Method": "quicksort",
                              "Sort Space Used": 29337,
                              "Sort Space Type": "Memory"
                            }
                          ],
                          "Plans": [
                            {
                              "Node Type": "Bitmap Heap Scan",
                              "Parent Relationship": "Outer",
                              "Parallel Aware": false,
                              "Relation Name": "movie_keyword",
                              "Alias": "mk",
                              "Startup Cost": 7317.83,
                              "Total Cost": 36083.75,
                              "Plan Rows": 344954,
                              "Plan Width": 4,
                              "Actual Startup Time": 41.406,
                              "Actual Total Time": 147.622,
                              "Actual Rows": 363692,
                              "Actual Loops": 6,
                              "Recheck Cond": "(keyword_id < 335)",
                              "Rows Removed by Index Recheck": 0,
                              "Exact Heap Blocks": 24238,
                              "Lossy Heap Blocks": 0,
                              "Plans": [
                                {
                                  "Node Type": "Bitmap Index Scan",
                                  "Parent Relationship": "Outer",
                                  "Parallel Aware": false,
                                  "Index Name": "keyword_id_movie_keyword",
                                  "Startup Cost": 0.0,
                                  "Total Cost": 7231.59,
                                  "Plan Rows": 344954,
                                  "Plan Width": 0,
                                  "Actual Startup Time": 38.269,
                                  "Actual Total Time": 38.269,
                                  "Actual Rows": 363692,
                                  "Actual Loops": 6,
                                  "Index Cond": "(keyword_id < 335)"
                                }
                              ]
                            }
                          ]
                        }
                      ]
                    },
                    {
                      "Node Type": "Index Scan",
                      "Parent Relationship": "Inner",
                      "Parallel Aware": false,
                      "Scan Direction": "Forward",
                      "Index Name": "movie_id_cast_info",
                      "Relation Name": "cast_info",
                      "Alias": "ci",
                      "Startup Cost": 0.56,
                      "Total Cost": 1.91,
                      "Plan Rows": 31,
                      "Plan Width": 4,
                      "Actual Startup Time": 0.007,
                      "Actual Total Time": 0.03,
                      "Actual Rows": 36,
                      "Actual Loops": 363692,
                      "Index Cond": "(movie_id = t.id)",
                      "Rows Removed by Index Recheck": 0,
                      "Filter": "(person_id > 570827)",
                      "Rows Removed by Filter": 7
                    }
                  ]
                }
              ]
            }
          ]
        }
      ]
    },
    "Planning Time": 1.425,
    "Triggers": [],
    "Execution Time": 2800.62
  }
]