[
  {
    "Plan": {
      "Node Type": "Aggregate",
      "Strategy": "Plain",
      "Partial Mode": "Finalize",
      "Parallel Aware": false,
      "Startup Cost": 46482.69,
      "Total Cost": 46482.7,
      "Plan Rows": 1,
      "Plan Width": 8,
      "Actual Startup Time": 94.828,
      "Actual Total Time": 106.471,
      "Actual Rows": 1,
      "Actual Loops": 1,
      "Plans": [
        {
          "Node Type": "Gather",
          "Parent Relationship": "Outer",
          "Parallel Aware": false,
          "Startup Cost": 46482.27,
          "Total Cost": 46482.68,
          "Plan Rows": 4,
          "Plan Width": 8,
          "Actual Startup Time": 94.65,
          "Actual Total Time": 106.458,
          "Actual Rows": 5,
          "Actual Loops": 1,
          "Workers Planned": 4,
          "Workers Launched": 4,
          "Single Copy": false,
          "Plans": [
            {
              "Node Type": "Aggregate",
              "Strategy": "Plain",
              "Partial Mode": "Partial",
              "Parent Relationship": "Outer",
              "Parallel Aware": false,
              "Startup Cost": 45482.27,
              "Total Cost": 45482.28,
              "Plan Rows": 1,
              "Plan Width": 8,
              "Actual Startup Time": 90.128,
              "Actual Total Time": 90.13,
              "Actual Rows": 1,
              "Actual Loops": 5,
              "Plans": [
                {
                  "Node Type": "Seq Scan",
                  "Parent Relationship": "Outer",
                  "Parallel Aware": true,
                  "Relation Name": "title",
                  "Alias": "t",
                  "Startup Cost": 0.0,
                  "Total Cost": 45479.59,
                  "Plan Rows": 1072,
                  "Plan Width": 0,
                  "Actual Startup Time": 59.866,
                  "Actual Total Time": 89.88,
                  "Actual Rows": 2247,
                  "Actual Loops": 5,
                  "Filter": "((kind_id < 7) AND (production_year < 1903))",
                  "Rows Removed by Filter": 503416
                }
              ]
            }
          ]
        }
      ]
    },
    "Planning Time": 0.107,
    "Triggers": [],
    "Execution Time": 106.51
  }
]