[
  {
    "Plan": {
      "Node Type": "Aggregate",
      "Strategy": "Plain",
      "Partial Mode": "Finalize",
      "Parallel Aware": false,
      "Startup Cost": 46865.32,
      "Total Cost": 46865.33,
      "Plan Rows": 1,
      "Plan Width": 8,
      "Actual Startup Time": 186.105,
      "Actual Total Time": 195.531,
      "Actual Rows": 1,
      "Actual Loops": 1,
      "Plans": [
        {
          "Node Type": "Gather",
          "Parent Relationship": "Outer",
          "Parallel Aware": false,
          "Startup Cost": 46865.0,
          "Total Cost": 46865.31,
          "Plan Rows": 3,
          "Plan Width": 8,
          "Actual Startup Time": 185.971,
          "Actual Total Time": 195.522,
          "Actual Rows": 4,
          "Actual Loops": 1,
          "Workers Planned": 3,
          "Workers Launched": 3,
          "Single Copy": false,
          "Plans": [
            {
              "Node Type": "Aggregate",
              "Strategy": "Plain",
              "Partial Mode": "Partial",
              "Parent Relationship": "Outer",
              "Parallel Aware": false,
              "Startup Cost": 45865.0,
              "Total Cost": 45865.01,
              "Plan Rows": 1,
              "Plan Width": 8,
              "Actual Startup Time": 179.042,
              "Actual Total Time": 179.043,
              "Actual Rows": 1,
              "Actual Loops": 4,
              "Plans": [
                {
                  "Node Type": "Seq Scan",
                  "Parent Relationship": "Outer",
                  "Parallel Aware": true,
                  "Relation Name": "movie_keyword",
                  "Alias": "mk",
                  "Startup Cost": 0.0,
                  "Total Cost": 42695.65,
                  "Plan Rows": 1267739,
                  "Plan Width": 0,
                  "Actual Startup Time": 0.065,
                  "Actual Total Time": 131.101,
                  "Actual Rows": 985646,
                  "Actual Loops": 4,
                  "Filter": "(keyword_id < 31537)",
                  "Rows Removed by Filter": 145336
                }
              ]
            }
          ]
        }
      ]
    },
    "Planning Time": 0.186,
    "Triggers": [],
    "Execution Time": 195.589
  }
]