[
  {
    "Plan": {
      "Node Type": "Aggregate",
      "Strategy": "Plain",
      "Partial Mode": "Finalize",
      "Parallel Aware": false,
      "Startup Cost": 701367.79,
      "Total Cost": 701367.8,
      "Plan Rows": 1,
      "Plan Width": 8,
      "Actual Startup Time": 6399.42,
      "Actual Total Time": 6491.007,
      "Actual Rows": 1,
      "Actual Loops": 1,
      "Plans": [
        {
          "Node Type": "Gather",
          "Parent Relationship": "Outer",
          "Parallel Aware": false,
          "Startup Cost": 701367.16,
          "Total Cost": 701367.77,
          "Plan Rows": 6,
          "Plan Width": 8,
          "Actual Startup Time": 6365.007,
          "Actual Total Time": 6490.992,
          "Actual Rows": 7,
          "Actual Loops": 1,
          "Workers Planned": 6,
          "Workers Launched": 6,
          "Single Copy": false,
          "Plans": [
            {
              "Node Type": "Aggregate",
              "Strategy": "Plain",
              "Partial Mode": "Partial",
              "Parent Relationship": "Outer",
              "Parallel Aware": false,
              "Startup Cost": 700367.16,
              "Total Cost": 700367.17,
              "Plan Rows": 1,
              "Plan Width": 8,
              "Actual Startup Time": 6327.793,
              "Actual Total Time": 6328.731,
              "Actual Rows": 1,
              "Actual Loops": 7,
              "Plans": [
                {
                  "Node Type": "Hash Join",
                  "Parent Relationship": "Outer",
                  "Parallel Aware": true,
                  "Join Type": "Inner",
                  "Startup Cost": 269316.2,
                  "Total Cost": 658038.07,
                  "Plan Rows": 16931637,
                  "Plan Width": 0,
                  "Actual Startup Time": 2003.818,
                  "Actual Total Time": 5774.869,
                  "Actual Rows": 10968383,
                  "Actual Loops": 7,
                  "Inner Unique": false,
                  "Hash Cond": "(ci.movie_id = t.id)",
                  "Plans": [
                    {
                      "Node Type": "Seq Scan",
                      "Parent Relationship": "Outer",
                      "Parallel Aware": true,
                      "Relation Name": "cast_info",
                      "Alias": "ci",
                      "Startup Cost": 0.0,
                      "Total Cost": 328211.39,
                      "Plan Rows": 5329437,
                      "Plan Width": 4,
                      "Actual Startup Time": 0.032,
                      "Actual Total Time": 766.219,
                      "Actual Rows": 4574086,
                      "Actual Loops": 7,
                      "Filter": "(person_id < 3285557)",
                      "Rows Removed by Filter": 603678
                    },
                    {
                      "Node Type": "Hash",
                      "Parent Relationship": "Inner",
                      "Parallel Aware": true,
                      "Startup Cost": 249234.18,
                      "Total Cost": 249234.18,
                      "Plan Rows": 1606562,
                      "Plan Width": 8,
                      "Actual Startup Time": 1990.431,
                      "Actual Total Time": 1991.367,
                      "Actual Rows": 543699,
                      "Actual Loops": 7,
                      "Hash Buckets": 8388608,
                      "Original Hash Buckets": 8388608,
                      "Hash Batches": 1,
                      "Original Hash Batches": 1,
                      "Peak Memory Usage": 214496,
                      "Plans": [
                        {
                          "Node Type": "Hash Join",
                          "Parent Relationship": "Outer",
                          "Parallel Aware": true,
                          "Join Type": "Inner",
                          "Startup Cost": 49754.77,
                          "Total Cost": 249234.18,
                          "Plan Rows": 1606562,
                          "Plan Width": 8,
                          "Actual Startup Time": 235.013,
                          "Actual Total Time": 1555.729,
                          "Actual Rows": 543699,
                          "Actual Loops": 7,
                          "Inner Unique": true,
                          "Hash Cond": "(mi.movie_id = t.id)",
                          "Plans": [
                            {
                              "Node Type": "Seq Scan",
                              "Parent Relationship": "Outer",
                              "Parallel Aware": true,
                              "Relation Name": "movie_info",
                              "Alias": "mi",
                              "Startup Cost": 0.0,
                              "Total Cost": 191685.19,
                              "Plan Rows": 2969219,
                              "Plan Width": 4,
                              "Actual Startup Time": 0.043,
                              "Actual Total Time": 434.533,
                              "Actual Rows": 2119389,
                              "Actual Loops": 7
                            },
                            {
                              "Node Type": "Hash",
                              "Parent Relationship": "Inner",
                              "Parallel Aware": true,
                              "Startup Cost": 45479.59,
                              "Total Cost": 45479.59,
                              "Plan Rows": 342015,
                              "Plan Width": 4,
                              "Actual Startup Time": 231.883,
                              "Actual Total Time": 231.885,
                              "Actual Rows": 191384,
                              "Actual Loops": 7,
                              "Hash Buckets": 2097152,
                              "Original Hash Buckets": 2097152,
                              "Hash Batches": 1,
                              "Original Hash Batches": 1,
                              "Peak Memory Usage": 68896,
                              "Plans": [
                                {
                                  "Node Type": "Seq Scan",
                                  "Parent Relationship": "Outer",
                                  "Parallel Aware": true,
                                  "Relation Name": "title",
                                  "Alias": "t",
                                  "Startup Cost": 0.0,
                                  "Total Cost": 45479.59,
                                  "Plan Rows": 342015,
                                  "Plan Width": 4,
                                  "Actual Startup Time": 0.085,
                                  "Actual Total Time": 104.904,
                                  "Actual Rows": 191384,
                                  "Actual Loops": 7,
                                  "Filter": "((kind_id > 4) AND (production_year < 2012))",
                                  "Rows Removed by Filter": 169804
                                }
                              ]
                            }
                          ]
                        }
                      ]
                    }
                  ]
                }
              ]
            }
          ]
        }
      ]
    },
    "Planning Time": 0.611,
    "Triggers": [],
    "Execution Time": 6491.106
  }
]