[
  {
    "Plan": {
      "Node Type": "Aggregate",
      "Strategy": "Plain",
      "Partial Mode": "Finalize",
      "Parallel Aware": false,
      "Startup Cost": 45015.67,
      "Total Cost": 45015.68,
      "Plan Rows": 1,
      "Plan Width": 8,
      "Actual Startup Time": 130.891,
      "Actual Total Time": 137.441,
      "Actual Rows": 1,
      "Actual Loops": 1,
      "Plans": [
        {
          "Node Type": "Gather",
          "Parent Relationship": "Outer",
          "Parallel Aware": false,
          "Startup Cost": 45015.35,
          "Total Cost": 45015.66,
          "Plan Rows": 3,
          "Plan Width": 8,
          "Actual Startup Time": 130.665,
          "Actual Total Time": 137.43,
          "Actual Rows": 4,
          "Actual Loops": 1,
          "Workers Planned": 3,
          "Workers Launched": 3,
          "Single Copy": false,
          "Plans": [
            {
              "Node Type": "Aggregate",
              "Strategy": "Plain",
              "Partial Mode": "Partial",
              "Parent Relationship": "Outer",
              "Parallel Aware": false,
              "Startup Cost": 44015.35,
              "Total Cost": 44015.36,
              "Plan Rows": 1,
              "Plan Width": 8,
              "Actual Startup Time": 123.89,
              "Actual Total Time": 123.891,
              "Actual Rows": 1,
              "Actual Loops": 4,
              "Plans": [
                {
                  "Node Type": "Seq Scan",
                  "Parent Relationship": "Outer",
                  "Parallel Aware": true,
                  "Relation Name": "movie_keyword",
                  "Alias": "mk",
                  "Startup Cost": 0.0,
                  "Total Cost": 42695.65,
                  "Plan Rows": 527880,
                  "Plan Width": 0,
                  "Actual Startup Time": 0.411,
                  "Actual Total Time": 104.194,
                  "Actual Rows": 406290,
                  "Actual Loops": 4,
                  "Filter": "(keyword_id > 9218)",
                  "Rows Removed by Filter": 724692
                }
              ]
            }
          ]
        }
      ]
    },
    "Planning Time": 0.071,
    "Triggers": [],
    "Execution Time": 137.465
  }
]