[
  {
    "Plan": {
      "Node Type": "Aggregate",
      "Strategy": "Plain",
      "Partial Mode": "Finalize",
      "Parallel Aware": false,
      "Startup Cost": 129136.22,
      "Total Cost": 129136.23,
      "Plan Rows": 1,
      "Plan Width": 8,
      "Actual Startup Time": 712.864,
      "Actual Total Time": 734.944,
      "Actual Rows": 1,
      "Actual Loops": 1,
      "Plans": [
        {
          "Node Type": "Gather",
          "Parent Relationship": "Outer",
          "Parallel Aware": false,
          "Startup Cost": 129135.9,
          "Total Cost": 129136.21,
          "Plan Rows": 3,
          "Plan Width": 8,
          "Actual Startup Time": 700.208,
          "Actual Total Time": 734.933,
          "Actual Rows": 4,
          "Actual Loops": 1,
          "Workers Planned": 3,
          "Workers Launched": 3,
          "Single Copy": false,
          "Plans": [
            {
              "Node Type": "Aggregate",
              "Strategy": "Plain",
              "Partial Mode": "Partial",
              "Parent Relationship": "Outer",
              "Parallel Aware": false,
              "Startup Cost": 128135.9,
              "Total Cost": 128135.91,
              "Plan Rows": 1,
              "Plan Width": 8,
              "Actual Startup Time": 695.266,
              "Actual Total Time": 695.643,
              "Actual Rows": 1,
              "Actual Loops": 4,
              "Plans": [
                {
                  "Node Type": "Hash Join",
                  "Parent Relationship": "Outer",
                  "Parallel Aware": true,
                  "Join Type": "Inner",
                  "Startup Cost": 96204.18,
                  "Total Cost": 127450.86,
                  "Plan Rows": 274018,
                  "Plan Width": 0,
                  "Actual Startup Time": 511.675,
                  "Actual Total Time": 686.696,
                  "Actual Rows": 172475,
                  "Actual Loops": 4,
                  "Inner Unique": false,
                  "Hash Cond": "(mc.movie_id = t.id)",
                  "Plans": [
                    {
                      "Node Type": "Seq Scan",
                      "Parent Relationship": "Outer",
                      "Parallel Aware": true,
                      "Relation Name": "movie_companies",
                      "Alias": "mc",
                      "Startup Cost": 0.0,
                      "Total Cost": 27206.55,
                      "Plan Rows": 841655,
                      "Plan Width": 4,
                      "Actual Startup Time": 0.024,
                      "Actual Total Time": 65.719,
                      "Actual Rows": 652282,
                      "Actual Loops": 4
                    },
                    {
                      "Node Type": "Hash",
                      "Parent Relationship": "Inner",
                      "Parallel Aware": true,
                      "Startup Cost": 92884.9,
                      "Total Cost": 92884.9,
                      "Plan Rows": 265542,
                      "Plan Width": 8,
                      "Actual Startup Time": 508.303,
                      "Actual Total Time": 508.679,
                      "Actual Rows": 78003,
                      "Actual Loops": 4,
                      "Hash Buckets": 1048576,
                      "Original Hash Buckets": 1048576,
                      "Hash Batches": 1,
                      "Original Hash Batches": 1,
                      "Peak Memory Usage": 20480,
                      "Plans": [
                        {
                          "Node Type": "Hash Join",
                          "Parent Relationship": "Outer",
                          "Parallel Aware": true,
                          "Join Type": "Inner",
                          "Startup Cost": 49137.9,
                          "Total Cost": 92884.9,
                          "Plan Rows": 265542,
                          "Plan Width": 8,
                          "Actual Startup Time": 294.12,
                          "Actual Total Time": 476.42,
                          "Actual Rows": 78003,
                          "Actual Loops": 4,
                          "Inner Unique": true,
                          "Hash Cond": "(mk.movie_id = t.id)",
                          "Plans": [
                            {
                              "Node Type": "Seq Scan",
                              "Parent Relationship": "Outer",
                              "Parallel Aware": true,
                              "Relation Name": "movie_keyword",
                              "Alias": "mk",
                              "Startup Cost": 0.0,
                              "Total Cost": 42695.65,
                              "Plan Rows": 400515,
                              "Plan Width": 4,
                              "Actual Startup Time": 0.035,
                              "Actual Total Time": 111.006,
                              "Actual Rows": 312336,
                              "Actual Loops": 4,
                              "Filter": "(keyword_id < 1587)",
                              "Rows Removed by Filter": 818646
                            },
                            {
                              "Node Type": "Hash",
                              "Parent Relationship": "Inner",
                              "Parallel Aware": true,
                              "Startup Cost": 43899.32,
                              "Total Cost": 43899.32,
                              "Plan Rows": 419086,
                              "Plan Width": 4,
                              "Actual Startup Time": 290.16,
                              "Actual Total Time": 290.162,
                              "Actual Rows": 418524,
                              "Actual Loops": 4,
                              "Hash Buckets": 2097152,
                              "Original Hash Buckets": 2097152,
                              "Hash Batches": 1,
                              "Original Hash Batches": 1,
                              "Peak Memory Usage": 81952,
                              "Plans": [
                                {
                                  "Node Type": "Seq Scan",
                                  "Parent Relationship": "Outer",
                                  "Parallel Aware": true,
                                  "Relation Name": "title",
                                  "Alias": "t",
                                  "Startup Cost": 0.0,
                                  "Total Cost": 43899.32,
                                  "Plan Rows": 419086,
                                  "Plan Width": 4,
                                  "Actual Startup Time": 0.045,
                                  "Actual Total Time": 117.979,
                                  "Actual Rows": 418524,
                                  "Actual Loops": 4,
                                  "Filter": "(kind_id > 3)",
                                  "Rows Removed by Filter": 213554
                                }
                              ]
                            }
                          ]
                        }
                      ]
                    }
                  ]
                }
              ]
            }
          ]
        }
      ]
    },
    "Planning Time": 0.561,
    "Triggers": [],
    "Execution Time": 734.993
  }
]