[
  {
    "Plan": {
      "Node Type": "Aggregate",
      "Strategy": "Plain",
      "Partial Mode": "Finalize",
      "Parallel Aware": false,
      "Startup Cost": 43358.9,
      "Total Cost": 43358.91,
      "Plan Rows": 1,
      "Plan Width": 8,
      "Actual Startup Time": 145.363,
      "Actual Total Time": 155.671,
      "Actual Rows": 1,
      "Actual Loops": 1,
      "Plans": [
        {
          "Node Type": "Gather",
          "Parent Relationship": "Outer",
          "Parallel Aware": false,
          "Startup Cost": 43358.58,
          "Total Cost": 43358.89,
          "Plan Rows": 3,
          "Plan Width": 8,
          "Actual Startup Time": 145.077,
          "Actual Total Time": 155.662,
          "Actual Rows": 4,
          "Actual Loops": 1,
          "Workers Planned": 3,
          "Workers Launched": 3,
          "Single Copy": false,
          "Plans": [
            {
              "Node Type": "Aggregate",
              "Strategy": "Plain",
              "Partial Mode": "Partial",
              "Parent Relationship": "Outer",
              "Parallel Aware": false,
              "Startup Cost": 42358.58,
              "Total Cost": 42358.59,
              "Plan Rows": 1,
              "Plan Width": 8,
              "Actual Startup Time": 135.803,
              "Actual Total Time": 135.804,
              "Actual Rows": 1,
              "Actual Loops": 4,
              "Plans": [
                {
                  "Node Type": "Bitmap Heap Scan",
                  "Parent Relationship": "Outer",
                  "Parallel Aware": true,
                  "Relation Name": "movie_keyword",
                  "Alias": "mk",
                  "Startup Cost": 14578.96,
                  "Total Cost": 41804.31,
                  "Plan Rows": 221708,
                  "Plan Width": 0,
                  "Actual Startup Time": 39.765,
                  "Actual Total Time": 125.756,
                  "Actual Rows": 173584,
                  "Actual Loops": 4,
                  "Recheck Cond": "(keyword_id < 576)",
                  "Rows Removed by Index Recheck": 0,
                  "Exact Heap Blocks": 11001,
                  "Lossy Heap Blocks": 0,
                  "Plans": [
                    {
                      "Node Type": "Bitmap Index Scan",
                      "Parent Relationship": "Outer",
                      "Parallel Aware": false,
                      "Index Name": "keyword_id_movie_keyword",
                      "Startup Cost": 0.0,
                      "Total Cost": 14407.14,
                      "Plan Rows": 687294,
                      "Plan Width": 0,
                      "Actual Startup Time": 44.592,
                      "Actual Total Time": 44.592,
                      "Actual Rows": 694335,
                      "Actual Loops": 1,
                      "Index Cond": "(keyword_id < 576)"
                    }
                  ]
                }
              ]
            }
          ]
        }
      ]
    },
    "Planning Time": 0.17,
    "Triggers": [],
    "Execution Time": 155.744
  }
]