[
  {
    "Plan": {
      "Node Type": "Aggregate",
      "Strategy": "Plain",
      "Partial Mode": "Finalize",
      "Parallel Aware": false,
      "Startup Cost": 551632.43,
      "Total Cost": 551632.44,
      "Plan Rows": 1,
      "Plan Width": 8,
      "Actual Startup Time": 1654.588,
      "Actual Total Time": 1744.476,
      "Actual Rows": 1,
      "Actual Loops": 1,
      "Plans": [
        {
          "Node Type": "Gather",
          "Parent Relationship": "Outer",
          "Parallel Aware": false,
          "Startup Cost": 551631.91,
          "Total Cost": 551632.42,
          "Plan Rows": 5,
          "Plan Width": 8,
          "Actual Startup Time": 1633.101,
          "Actual Total Time": 1744.462,
          "Actual Rows": 6,
          "Actual Loops": 1,
          "Workers Planned": 5,
          "Workers Launched": 5,
          "Single Copy": false,
          "Plans": [
            {
              "Node Type": "Aggregate",
              "Strategy": "Plain",
              "Partial Mode": "Partial",
              "Parent Relationship": "Outer",
              "Parallel Aware": false,
              "Startup Cost": 550631.91,
              "Total Cost": 550631.92,
              "Plan Rows": 1,
              "Plan Width": 8,
              "Actual Startup Time": 1619.701,
              "Actual Total Time": 1619.712,
              "Actual Rows": 1,
              "Actual Loops": 6,
              "Plans": [
                {
                  "Node Type": "Hash Join",
                  "Parent Relationship": "Outer",
                  "Parallel Aware": true,
                  "Join Type": "Inner",
                  "Startup Cost": 346699.97,
                  "Total Cost": 549979.76,
                  "Plan Rows": 260860,
                  "Plan Width": 0,
                  "Actual Startup Time": 684.417,
                  "Actual Total Time": 1583.827,
                  "Actual Rows": 538270,
                  "Actual Loops": 6,
                  "Inner Unique": false,
                  "Hash Cond": "(mi.movie_id = t.id)",
                  "Plans": [
                    {
                      "Node Type": "Seq Scan",
                      "Parent Relationship": "Outer",
                      "Parallel Aware": true,
                      "Relation Name": "movie_info",
                      "Alias": "mi",
                      "Startup Cost": 0.0,
                      "Total Cost": 199108.24,
                      "Plan Rows": 996473,
                      "Plan Width": 4,
                      "Actual Startup Time": 0.065,
                      "Actual Total Time": 520.666,
                      "Actual Rows": 820661,
                      "Actual Loops": 6,
                      "Filter": "(info_type_id < 5)",
                      "Rows Removed by Filter": 1651959
                    },
                    {
                      "Node Type": "Hash",
                      "Parent Relationship": "Inner",
                      "Parallel Aware": true,
                      "Startup Cost": 345321.01,
                      "Total Cost": 345321.01,
                      "Plan Rows": 110317,
                      "Plan Width": 8,
                      "Actual Startup Time": 677.617,
                      "Actual Total Time": 677.625,
                      "Actual Rows": 98792,
                      "Actual Loops": 6,
                      "Hash Buckets": 1048576,
                      "Original Hash Buckets": 1048576,
                      "Hash Batches": 1,
                      "Original Hash Batches": 1,
                      "Peak Memory Usage": 31456,
                      "Plans": [
                        {
                          "Node Type": "Hash Join",
                          "Parent Relationship": "Outer",
                          "Parallel Aware": true,
                          "Join Type": "Inner",
                          "Startup Cost": 88099.75,
                          "Total Cost": 345321.01,
                          "Plan Rows": 110317,
                          "Plan Width": 8,
                          "Actual Startup Time": 305.591,
                          "Actual Total Time": 596.846,
                          "Actual Rows": 98792,
                          "Actual Loops": 6,
                          "Inner Unique": true,
                          "Hash Cond": "(ci.movie_id = t.id)",
                          "Plans": [
                            {
                              "Node Type": "Bitmap Heap Scan",
                              "Parent Relationship": "Outer",
                              "Parallel Aware": true,
                              "Relation Name": "cast_info",
                              "Alias": "ci",
                              "Startup Cost": 39712.59,
                              "Total Cost": 296146.91,
                              "Plan Rows": 299786,
                              "Plan Width": 4,
                              "Actual Startup Time": 88.217,
                              "Actual Total Time": 201.931,
                              "Actual Rows": 286762,
                              "Actual Loops": 6,
                              "Recheck Cond": "(person_id > 3720983)",
                              "Rows Removed by Index Recheck": 0,
                              "Exact Heap Blocks": 5002,
                              "Lossy Heap Blocks": 0,
                              "Plans": [
                                {
                                  "Node Type": "Bitmap Index Scan",
                                  "Parent Relationship": "Outer",
                                  "Parallel Aware": false,
                                  "Index Name": "person_id_cast_info",
                                  "Startup Cost": 0.0,
                                  "Total Cost": 39262.91,
                                  "Plan Rows": 1798713,
                                  "Plan Width": 0,
                                  "Actual Startup Time": 81.818,
                                  "Actual Total Time": 81.819,
                                  "Actual Rows": 1720570,
                                  "Actual Loops": 1,
                                  "Index Cond": "(person_id > 3720983)"
                                }
                              ]
                            },
                            {
                              "Node Type": "Hash",
                              "Parent Relationship": "Inner",
                              "Parallel Aware": true,
                              "Startup Cost": 45479.59,
                              "Total Cost": 45479.59,
                              "Plan Rows": 232606,
                              "Plan Width": 4,
                              "Actual Startup Time": 215.24,
                              "Actual Total Time": 215.242,
                              "Actual Rows": 158449,
                              "Actual Loops": 6,
                              "Hash Buckets": 1048576,
                              "Original Hash Buckets": 1048576,
                              "Hash Batches": 1,
                              "Original Hash Batches": 1,
                              "Peak Memory Usage": 45472,
                              "Plans": [
                                {
                                  "Node Type": "Seq Scan",
                                  "Parent Relationship": "Outer",
                                  "Parallel Aware": true,
                                  "Relation Name": "title",
                                  "Alias": "t",
                                  "Startup Cost": 0.0,
                                  "Total Cost": 45479.59,
                                  "Plan Rows": 232606,
                                  "Plan Width": 4,
                                  "Actual Startup Time": 0.085,
                                  "Actual Total Time": 117.188,
                                  "Actual Rows": 158449,
                                  "Actual Loops": 6,
                                  "Filter": "((kind_id < 7) AND (production_year < 2013))",
                                  "Rows Removed by Filter": 262936
                                }
                              ]
                            }
                          ]
                        }
                      ]
                    }
                  ]
                }
              ]
            }
          ]
        }
      ]
    },
    "Planning Time": 1.469,
    "Triggers": [],
    "Execution Time": 1744.62
  }
]