{
  "Plan": {
    "Node Type": "Aggregate",
    "Strategy": "Plain",
    "Partial Mode": "Finalize",
    "Parallel Aware": false,
    "Startup Cost": 229993.05,
    "Total Cost": 229993.06,
    "Plan Rows": 1,
    "Plan Width": 8,
    "Actual Startup Time": 1509.584,
    "Actual Total Time": 1533.196,
    "Actual Rows": 1,
    "Actual Loops": 1,
    "Plans": [
      {
        "Node Type": "Gather",
        "Parent Relationship": "Outer",
        "Parallel Aware": false,
        "Startup Cost": 229992.94,
        "Total Cost": 229993.05,
        "Plan Rows": 1,
        "Plan Width": 8,
        "Actual Startup Time": 1488.258,
        "Actual Total Time": 1533.184,
        "Actual Rows": 2,
        "Actual Loops": 1,
        "Workers Planned": 1,
        "Workers Launched": 1,
        "Single Copy": false,
        "Plans": [
          {
            "Node Type": "Aggregate",
            "Strategy": "Plain",
            "Partial Mode": "Partial",
            "Parent Relationship": "Outer",
            "Parallel Aware": false,
            "Startup Cost": 228992.94,
            "Total Cost": 228992.95,
            "Plan Rows": 1,
            "Plan Width": 8,
            "Actual Startup Time": 1487.96,
            "Actual Total Time": 1487.969,
            "Actual Rows": 1,
            "Actual Loops": 2,
            "Plans": [
              {
                "Node Type": "Merge Join",
                "Parent Relationship": "Outer",
                "Parallel Aware": false,
                "Join Type": "Inner",
                "Startup Cost": 224643.75,
                "Total Cost": 228988.74,
                "Plan Rows": 1679,
                "Plan Width": 0,
                "Actual Startup Time": 1286.016,
                "Actual Total Time": 1479.004,
                "Actual Rows": 180060,
                "Actual Loops": 2,
                "Inner Unique": false,
                "Merge Cond": "(t.id = mi.movie_id)",
                "Plans": [
                  {
                    "Node Type": "Sort",
                    "Parent Relationship": "Outer",
                    "Parallel Aware": false,
                    "Startup Cost": 207290.68,
                    "Total Cost": 209444.12,
                    "Plan Rows": 861378,
                    "Plan Width": 8,
                    "Actual Startup Time": 1279.391,
                    "Actual Total Time": 1351.014,
                    "Actual Rows": 1479398,
                    "Actual Loops": 2,
                    "Sort Key": [
                      "t.id"
                    ],
                    "Sort Method": "quicksort",
                    "Sort Space Used": 132673,
                    "Sort Space Type": "Memory",
                    "Workers": [
                      {
                        "Worker Number": 0,
                        "Sort Method": "quicksort",
                        "Sort Space Used": 104676,
                        "Sort Space Type": "Memory"
                      }
                    ],
                    "Plans": [
                      {
                        "Node Type": "Hash Join",
                        "Parent Relationship": "Outer",
                        "Parallel Aware": true,
                        "Join Type": "Inner",
                        "Startup Cost": 64323.96,
                        "Total Cost": 122374.8,
                        "Plan Rows": 861378,
                        "Plan Width": 8,
                        "Actual Startup Time": 318.07,
                        "Actual Total Time": 934.59,
                        "Actual Rows": 1483136,
                        "Actual Loops": 2,
                        "Inner Unique": true,
                        "Hash Cond": "(mk.movie_id = t.id)",
                        "Plans": [
                          {
                            "Node Type": "Seq Scan",
                            "Parent Relationship": "Outer",
                            "Parallel Aware": true,
                            "Relation Name": "movie_keyword",
                            "Alias": "mk",
                            "Startup Cost": 0.0,
                            "Total Cost": 51065.35,
                            "Plan Rows": 2661135,
                            "Plan Width": 4,
                            "Actual Startup Time": 0.025,
                            "Actual Total Time": 202.322,
                            "Actual Rows": 2261965,
                            "Actual Loops": 2
                          },
                          {
                            "Node Type": "Hash",
                            "Parent Relationship": "Inner",
                            "Parallel Aware": true,
                            "Startup Cost": 58306.47,
                            "Total Cost": 58306.47,
                            "Plan Rows": 481399,
                            "Plan Width": 4,
                            "Actual Startup Time": 308.756,
                            "Actual Total Time": 308.758,
                            "Actual Rows": 362952,
                            "Actual Loops": 2,
                            "Hash Buckets": 1048576,
                            "Original Hash Buckets": 1048576,
                            "Hash Batches": 1,
                            "Original Hash Batches": 1,
                            "Peak Memory Usage": 36640,
                            "Plans": [
                              {
                                "Node Type": "Seq Scan",
                                "Parent Relationship": "Outer",
                                "Parallel Aware": true,
                                "Relation Name": "title",
                                "Alias": "t",
                                "Startup Cost": 0.0,
                                "Total Cost": 58306.47,
                                "Plan Rows": 481399,
                                "Plan Width": 4,
                                "Actual Startup Time": 0.055,
                                "Actual Total Time": 185.779,
                                "Actual Rows": 362952,
                                "Actual Loops": 2,
                                "Filter": "((kind_id < 7) AND (production_year > 1970))",
                                "Rows Removed by Filter": 901204
                              }
                            ]
                          }
                        ]
                      }
                    ]
                  },
                  {
                    "Node Type": "Sort",
                    "Parent Relationship": "Inner",
                    "Parallel Aware": false,
                    "Startup Cost": 17352.99,
                    "Total Cost": 17365.31,
                    "Plan Rows": 4928,
                    "Plan Width": 4,
                    "Actual Startup Time": 6.321,
                    "Actual Total Time": 14.014,
                    "Actual Rows": 183300,
                    "Actual Loops": 2,
                    "Sort Key": [
                      "mi.movie_id"
                    ],
                    "Sort Method": "quicksort",
                    "Sort Space Used": 480,
                    "Sort Space Type": "Memory",
                    "Workers": [
                      {
                        "Worker Number": 0,
                        "Sort Method": "quicksort",
                        "Sort Space Used": 480,
                        "Sort Space Type": "Memory"
                      }
                    ],
                    "Plans": [
                      {
                        "Node Type": "Bitmap Heap Scan",
                        "Parent Relationship": "Outer",
                        "Parallel Aware": false,
                        "Relation Name": "movie_info",
                        "Alias": "mi",
                        "Startup Cost": 90.63,
                        "Total Cost": 17050.74,
                        "Plan Rows": 4928,
                        "Plan Width": 4,
                        "Actual Startup Time": 0.821,
                        "Actual Total Time": 4.839,
                        "Actual Rows": 6142,
                        "Actual Loops": 2,
                        "Recheck Cond": "(info_type_id = 46)",
                        "Rows Removed by Index Recheck": 0,
                        "Exact Heap Blocks": 1312,
                        "Lossy Heap Blocks": 0,
                        "Plans": [
                          {
                            "Node Type": "Bitmap Index Scan",
                            "Parent Relationship": "Outer",
                            "Parallel Aware": false,
                            "Index Name": "info_type_id_movie_info",
                            "Startup Cost": 0.0,
                            "Total Cost": 89.4,
                            "Plan Rows": 4928,
                            "Plan Width": 0,
                            "Actual Startup Time": 0.647,
                            "Actual Total Time": 0.647,
                            "Actual Rows": 6142,
                            "Actual Loops": 2,
                            "Index Cond": "(info_type_id = 46)"
                          }
                        ]
                      }
                    ]
                  }
                ]
              }
            ]
          }
        ]
      }
    ]
  },
  "Planning Time": 1.129,
  "Triggers": [],
  "Execution Time": 1549.227
}