[
  {
    "Plan": {
      "Node Type": "Aggregate",
      "Strategy": "Plain",
      "Partial Mode": "Finalize",
      "Parallel Aware": false,
      "Startup Cost": 30909.07,
      "Total Cost": 30909.08,
      "Plan Rows": 1,
      "Plan Width": 8,
      "Actual Startup Time": 97.854,
      "Actual Total Time": 105.418,
      "Actual Rows": 1,
      "Actual Loops": 1,
      "Plans": [
        {
          "Node Type": "Gather",
          "Parent Relationship": "Outer",
          "Parallel Aware": false,
          "Startup Cost": 30908.75,
          "Total Cost": 30909.06,
          "Plan Rows": 3,
          "Plan Width": 8,
          "Actual Startup Time": 97.596,
          "Actual Total Time": 105.409,
          "Actual Rows": 4,
          "Actual Loops": 1,
          "Workers Planned": 3,
          "Workers Launched": 3,
          "Single Copy": false,
          "Plans": [
            {
              "Node Type": "Aggregate",
              "Strategy": "Plain",
              "Partial Mode": "Partial",
              "Parent Relationship": "Outer",
              "Parallel Aware": false,
              "Startup Cost": 29908.75,
              "Total Cost": 29908.76,
              "Plan Rows": 1,
              "Plan Width": 8,
              "Actual Startup Time": 90.131,
              "Actual Total Time": 90.132,
              "Actual Rows": 1,
              "Actual Loops": 4,
              "Plans": [
                {
                  "Node Type": "Bitmap Heap Scan",
                  "Parent Relationship": "Outer",
                  "Parallel Aware": true,
                  "Relation Name": "movie_companies",
                  "Alias": "mc",
                  "Startup Cost": 8941.1,
                  "Total Cost": 29738.85,
                  "Plan Rows": 67960,
                  "Plan Width": 0,
                  "Actual Startup Time": 73.926,
                  "Actual Total Time": 88.868,
                  "Actual Rows": 24180,
                  "Actual Loops": 4,
                  "Recheck Cond": "(company_id < 276)",
                  "Rows Removed by Index Recheck": 0,
                  "Filter": "(company_type_id = 2)",
                  "Rows Removed by Filter": 79068,
                  "Exact Heap Blocks": 10149,
                  "Lossy Heap Blocks": 0,
                  "Plans": [
                    {
                      "Node Type": "Bitmap Index Scan",
                      "Parent Relationship": "Outer",
                      "Parallel Aware": false,
                      "Index Name": "company_id_movie_companies",
                      "Startup Cost": 0.0,
                      "Total Cost": 8888.44,
                      "Plan Rows": 414934,
                      "Plan Width": 0,
                      "Actual Startup Time": 39.011,
                      "Actual Total Time": 39.012,
                      "Actual Rows": 412991,
                      "Actual Loops": 1,
                      "Index Cond": "(company_id < 276)"
                    }
                  ]
                }
              ]
            }
          ]
        }
      ]
    },
    "Planning Time": 0.226,
    "Triggers": [],
    "Execution Time": 105.497
  }
]