[
  {
    "Plan": {
      "Node Type": "Aggregate",
      "Strategy": "Plain",
      "Partial Mode": "Finalize",
      "Parallel Aware": false,
      "Startup Cost": 32804.42,
      "Total Cost": 32804.43,
      "Plan Rows": 1,
      "Plan Width": 8,
      "Actual Startup Time": 88.195,
      "Actual Total Time": 93.955,
      "Actual Rows": 1,
      "Actual Loops": 1,
      "Plans": [
        {
          "Node Type": "Gather",
          "Parent Relationship": "Outer",
          "Parallel Aware": false,
          "Startup Cost": 32804.1,
          "Total Cost": 32804.41,
          "Plan Rows": 3,
          "Plan Width": 8,
          "Actual Startup Time": 88.07,
          "Actual Total Time": 93.946,
          "Actual Rows": 4,
          "Actual Loops": 1,
          "Workers Planned": 3,
          "Workers Launched": 3,
          "Single Copy": false,
          "Plans": [
            {
              "Node Type": "Aggregate",
              "Strategy": "Plain",
              "Partial Mode": "Partial",
              "Parent Relationship": "Outer",
              "Parallel Aware": false,
              "Startup Cost": 31804.1,
              "Total Cost": 31804.11,
              "Plan Rows": 1,
              "Plan Width": 8,
              "Actual Startup Time": 80.7,
              "Actual Total Time": 80.702,
              "Actual Rows": 1,
              "Actual Loops": 4,
              "Plans": [
                {
                  "Node Type": "Seq Scan",
                  "Parent Relationship": "Outer",
                  "Parallel Aware": true,
                  "Relation Name": "movie_companies",
                  "Alias": "mc",
                  "Startup Cost": 0.0,
                  "Total Cost": 31414.82,
                  "Plan Rows": 155713,
                  "Plan Width": 0,
                  "Actual Startup Time": 22.875,
                  "Actual Total Time": 78.39,
                  "Actual Rows": 42406,
                  "Actual Loops": 4,
                  "Filter": "((company_id > 17403) AND (company_type_id < 2))",
                  "Rows Removed by Filter": 609876
                }
              ]
            }
          ]
        }
      ]
    },
    "Planning Time": 0.224,
    "Triggers": [],
    "Execution Time": 94.019
  }
]