[
  {
    "Plan": {
      "Node Type": "Aggregate",
      "Strategy": "Plain",
      "Partial Mode": "Finalize",
      "Parallel Aware": false,
      "Startup Cost": 203897.35,
      "Total Cost": 203897.36,
      "Plan Rows": 1,
      "Plan Width": 8,
      "Actual Startup Time": 3329.778,
      "Actual Total Time": 3406.395,
      "Actual Rows": 1,
      "Actual Loops": 1,
      "Plans": [
        {
          "Node Type": "Gather",
          "Parent Relationship": "Outer",
          "Parallel Aware": false,
          "Startup Cost": 203897.03,
          "Total Cost": 203897.34,
          "Plan Rows": 3,
          "Plan Width": 8,
          "Actual Startup Time": 3319.514,
          "Actual Total Time": 3406.384,
          "Actual Rows": 4,
          "Actual Loops": 1,
          "Workers Planned": 3,
          "Workers Launched": 3,
          "Single Copy": false,
          "Plans": [
            {
              "Node Type": "Aggregate",
              "Strategy": "Plain",
              "Partial Mode": "Partial",
              "Parent Relationship": "Outer",
              "Parallel Aware": false,
              "Startup Cost": 202897.03,
              "Total Cost": 202897.04,
              "Plan Rows": 1,
              "Plan Width": 8,
              "Actual Startup Time": 3305.992,
              "Actual Total Time": 3305.996,
              "Actual Rows": 1,
              "Actual Loops": 4,
              "Plans": [
                {
                  "Node Type": "Nested Loop",
                  "Parent Relationship": "Outer",
                  "Parallel Aware": false,
                  "Join Type": "Inner",
                  "Startup Cost": 57726.22,
                  "Total Cost": 200838.75,
                  "Plan Rows": 823311,
                  "Plan Width": 0,
                  "Actual Startup Time": 425.944,
                  "Actual Total Time": 3179.903,
                  "Actual Rows": 2164192,
                  "Actual Loops": 4,
                  "Inner Unique": false,
                  "Plans": [
                    {
                      "Node Type": "Hash Join",
                      "Parent Relationship": "Outer",
                      "Parallel Aware": true,
                      "Join Type": "Inner",
                      "Startup Cost": 57725.66,
                      "Total Cost": 78351.77,
                      "Plan Rows": 57423,
                      "Plan Width": 8,
                      "Actual Startup Time": 425.789,
                      "Actual Total Time": 515.8,
                      "Actual Rows": 86723,
                      "Actual Loops": 4,
                      "Inner Unique": true,
                      "Hash Cond": "(mc.movie_id = t.id)",
                      "Plans": [
                        {
                          "Node Type": "Bitmap Heap Scan",
                          "Parent Relationship": "Outer",
                          "Parallel Aware": true,
                          "Relation Name": "movie_companies",
                          "Alias": "mc",
                          "Startup Cost": 7505.27,
                          "Total Cost": 27980.65,
                          "Plan Rows": 57423,
                          "Plan Width": 4,
                          "Actual Startup Time": 22.679,
                          "Actual Total Time": 48.679,
                          "Actual Rows": 86723,
                          "Actual Loops": 4,
                          "Recheck Cond": "(company_id > 88562)",
                          "Rows Removed by Index Recheck": 0,
                          "Filter": "(company_type_id = 2)",
                          "Rows Removed by Filter": 0,
                          "Exact Heap Blocks": 1258,
                          "Lossy Heap Blocks": 0,
                          "Plans": [
                            {
                              "Node Type": "Bitmap Index Scan",
                              "Parent Relationship": "Outer",
                              "Parallel Aware": false,
                              "Index Name": "company_id_movie_companies",
                              "Startup Cost": 0.0,
                              "Total Cost": 7460.77,
                              "Plan Rows": 348312,
                              "Plan Width": 0,
                              "Actual Startup Time": 21.493,
                              "Actual Total Time": 21.494,
                              "Actual Rows": 346891,
                              "Actual Loops": 1,
                              "Index Cond": "(company_id > 88562)"
                            }
                          ]
                        },
                        {
                          "Node Type": "Hash",
                          "Parent Relationship": "Inner",
                          "Parallel Aware": true,
                          "Startup Cost": 42319.06,
                          "Total Cost": 42319.06,
                          "Plan Rows": 632106,
                          "Plan Width": 4,
                          "Actual Startup Time": 392.993,
                          "Actual Total Time": 392.993,
                          "Actual Rows": 632078,
                          "Actual Loops": 4,
                          "Hash Buckets": 4194304,
                          "Original Hash Buckets": 4194304,
                          "Hash Batches": 1,
                          "Original Hash Batches": 1,
                          "Peak Memory Usage": 131744,
                          "Plans": [
                            {
                              "Node Type": "Seq Scan",
                              "Parent Relationship": "Outer",
                              "Parallel Aware": true,
                              "Relation Name": "title",
                              "Alias": "t",
                              "Startup Cost": 0.0,
                              "Total Cost": 42319.06,
                              "Plan Rows": 632106,
                              "Plan Width": 4,
                              "Actual Startup Time": 0.046,
                              "Actual Total Time": 114.958,
                              "Actual Rows": 632078,
                              "Actual Loops": 4
                            }
                          ]
                        }
                      ]
                    },
                    {
                      "Node Type": "Index Only Scan",
                      "Parent Relationship": "Inner",
                      "Parallel Aware": false,
                      "Scan Direction": "Forward",
                      "Index Name": "movie_id_cast_info",
                      "Relation Name": "cast_info",
                      "Alias": "ci",
                      "Startup Cost": 0.56,
                      "Total Cost": 1.78,
                      "Plan Rows": 35,
                      "Plan Width": 4,
                      "Actual Startup Time": 0.004,
                      "Actual Total Time": 0.028,
                      "Actual Rows": 25,
                      "Actual Loops": 346891,
                      "Index Cond": "(movie_id = t.id)",
                      "Rows Removed by Index Recheck": 0,
                      "Heap Fetches": 8656769
                    }
                  ]
                }
              ]
            }
          ]
        }
      ]
    },
    "Planning Time": 0.77,
    "Triggers": [],
    "Execution Time": 3406.479
  }
]