{
  "Plan": {
    "Node Type": "Aggregate",
    "Strategy": "Plain",
    "Partial Mode": "Finalize",
    "Parallel Aware": false,
    "Startup Cost": 687558.75,
    "Total Cost": 687558.76,
    "Plan Rows": 1,
    "Plan Width": 8,
    "Actual Startup Time": 9518.88,
    "Actual Total Time": 9585.853,
    "Actual Rows": 1,
    "Actual Loops": 1,
    "Plans": [
      {
        "Node Type": "Gather",
        "Parent Relationship": "Outer",
        "Parallel Aware": false,
        "Startup Cost": 687558.64,
        "Total Cost": 687558.75,
        "Plan Rows": 1,
        "Plan Width": 8,
        "Actual Startup Time": 9514.018,
        "Actual Total Time": 9585.845,
        "Actual Rows": 2,
        "Actual Loops": 1,
        "Workers Planned": 1,
        "Workers Launched": 1,
        "Single Copy": false,
        "Plans": [
          {
            "Node Type": "Aggregate",
            "Strategy": "Plain",
            "Partial Mode": "Partial",
            "Parent Relationship": "Outer",
            "Parallel Aware": false,
            "Startup Cost": 686558.64,
            "Total Cost": 686558.65,
            "Plan Rows": 1,
            "Plan Width": 8,
            "Actual Startup Time": 9501.618,
            "Actual Total Time": 9501.621,
            "Actual Rows": 1,
            "Actual Loops": 2,
            "Plans": [
              {
                "Node Type": "Hash Join",
                "Parent Relationship": "Outer",
                "Parallel Aware": true,
                "Join Type": "Inner",
                "Startup Cost": 69460.7,
                "Total Cost": 638739.9,
                "Plan Rows": 19127494,
                "Plan Width": 0,
                "Actual Startup Time": 614.085,
                "Actual Total Time": 8837.889,
                "Actual Rows": 16201120,
                "Actual Loops": 2,
                "Inner Unique": true,
                "Hash Cond": "(ci.movie_id = t.id)",
                "Plans": [
                  {
                    "Node Type": "Seq Scan",
                    "Parent Relationship": "Outer",
                    "Parallel Aware": true,
                    "Relation Name": "cast_info",
                    "Alias": "ci",
                    "Startup Cost": 0.0,
                    "Total Cost": 519069.44,
                    "Plan Rows": 19127494,
                    "Plan Width": 4,
                    "Actual Startup Time": 83.999,
                    "Actual Total Time": 1635.298,
                    "Actual Rows": 16201120,
                    "Actual Loops": 2,
                    "Filter": "(person_id > 368217)",
                    "Rows Removed by Filter": 1921052
                  },
                  {
                    "Node Type": "Hash",
                    "Parent Relationship": "Inner",
                    "Parallel Aware": true,
                    "Startup Cost": 50870.31,
                    "Total Cost": 50870.31,
                    "Plan Rows": 1487231,
                    "Plan Width": 4,
                    "Actual Startup Time": 508.305,
                    "Actual Total Time": 508.306,
                    "Actual Rows": 1264156,
                    "Actual Loops": 2,
                    "Hash Buckets": 4194304,
                    "Original Hash Buckets": 4194304,
                    "Hash Batches": 1,
                    "Original Hash Batches": 1,
                    "Peak Memory Usage": 131712,
                    "Plans": [
                      {
                        "Node Type": "Seq Scan",
                        "Parent Relationship": "Outer",
                        "Parallel Aware": true,
                        "Relation Name": "title",
                        "Alias": "t",
                        "Startup Cost": 0.0,
                        "Total Cost": 50870.31,
                        "Plan Rows": 1487231,
                        "Plan Width": 4,
                        "Actual Startup Time": 0.024,
                        "Actual Total Time": 148.978,
                        "Actual Rows": 1264156,
                        "Actual Loops": 2
                      }
                    ]
                  }
                ]
              }
            ]
          }
        ]
      }
    ]
  },
  "Planning Time": 0.644,
  "Triggers": [],
  "Execution Time": 9585.931
}