{
  "Plan": {
    "Node Type": "Aggregate",
    "Strategy": "Plain",
    "Partial Mode": "Finalize",
    "Parallel Aware": false,
    "Startup Cost": 44421.48,
    "Total Cost": 44421.49,
    "Plan Rows": 1,
    "Plan Width": 8,
    "Actual Startup Time": 56.455,
    "Actual Total Time": 62.005,
    "Actual Rows": 1,
    "Actual Loops": 1,
    "Plans": [
      {
        "Node Type": "Gather",
        "Parent Relationship": "Outer",
        "Parallel Aware": false,
        "Startup Cost": 44421.37,
        "Total Cost": 44421.48,
        "Plan Rows": 1,
        "Plan Width": 8,
        "Actual Startup Time": 56.225,
        "Actual Total Time": 61.999,
        "Actual Rows": 2,
        "Actual Loops": 1,
        "Workers Planned": 1,
        "Workers Launched": 1,
        "Single Copy": false,
        "Plans": [
          {
            "Node Type": "Aggregate",
            "Strategy": "Plain",
            "Partial Mode": "Partial",
            "Parent Relationship": "Outer",
            "Parallel Aware": false,
            "Startup Cost": 43421.37,
            "Total Cost": 43421.38,
            "Plan Rows": 1,
            "Plan Width": 8,
            "Actual Startup Time": 52.899,
            "Actual Total Time": 52.901,
            "Actual Rows": 1,
            "Actual Loops": 2,
            "Plans": [
              {
                "Node Type": "Nested Loop",
                "Parent Relationship": "Outer",
                "Parallel Aware": false,
                "Join Type": "Inner",
                "Startup Cost": 2181.55,
                "Total Cost": 43419.44,
                "Plan Rows": 772,
                "Plan Width": 0,
                "Actual Startup Time": 46.397,
                "Actual Total Time": 52.894,
                "Actual Rows": 44,
                "Actual Loops": 2,
                "Inner Unique": false,
                "Plans": [
                  {
                    "Node Type": "Bitmap Heap Scan",
                    "Parent Relationship": "Outer",
                    "Parallel Aware": true,
                    "Relation Name": "title",
                    "Alias": "t",
                    "Startup Cost": 2181.12,
                    "Total Cost": 39257.36,
                    "Plan Rows": 431,
                    "Plan Width": 4,
                    "Actual Startup Time": 43.277,
                    "Actual Total Time": 52.841,
                    "Actual Rows": 2,
                    "Actual Loops": 2,
                    "Recheck Cond": "(kind_id = 4)",
                    "Rows Removed by Index Recheck": 0,
                    "Filter": "(production_year = 1973)",
                    "Rows Removed by Filter": 59114,
                    "Exact Heap Blocks": 11274,
                    "Lossy Heap Blocks": 0,
                    "Plans": [
                      {
                        "Node Type": "Bitmap Index Scan",
                        "Parent Relationship": "Outer",
                        "Parallel Aware": false,
                        "Index Name": "kind_id_title",
                        "Startup Cost": 0.0,
                        "Total Cost": 2180.94,
                        "Plan Rows": 122201,
                        "Plan Width": 0,
                        "Actual Startup Time": 17.733,
                        "Actual Total Time": 17.733,
                        "Actual Rows": 118234,
                        "Actual Loops": 1,
                        "Index Cond": "(kind_id = 4)"
                      }
                    ]
                  },
                  {
                    "Node Type": "Index Only Scan",
                    "Parent Relationship": "Inner",
                    "Parallel Aware": false,
                    "Scan Direction": "Forward",
                    "Index Name": "movie_id_movie_keyword",
                    "Relation Name": "movie_keyword",
                    "Alias": "mk",
                    "Startup Cost": 0.43,
                    "Total Cost": 9.21,
                    "Plan Rows": 45,
                    "Plan Width": 4,
                    "Actual Startup Time": 0.014,
                    "Actual Total Time": 0.017,
                    "Actual Rows": 18,
                    "Actual Loops": 5,
                    "Index Cond": "(movie_id = t.id)",
                    "Rows Removed by Index Recheck": 0,
                    "Heap Fetches": 89
                  }
                ]
              }
            ]
          }
        ]
      }
    ]
  },
  "Planning Time": 0.381,
  "Triggers": [],
  "Execution Time": 62.093
}