[
  {
    "Plan": {
      "Node Type": "Aggregate",
      "Strategy": "Plain",
      "Partial Mode": "Finalize",
      "Parallel Aware": false,
      "Startup Cost": 45031.91,
      "Total Cost": 45031.92,
      "Plan Rows": 1,
      "Plan Width": 8,
      "Actual Startup Time": 138.034,
      "Actual Total Time": 148.766,
      "Actual Rows": 1,
      "Actual Loops": 1,
      "Plans": [
        {
          "Node Type": "Gather",
          "Parent Relationship": "Outer",
          "Parallel Aware": false,
          "Startup Cost": 45031.59,
          "Total Cost": 45031.9,
          "Plan Rows": 3,
          "Plan Width": 8,
          "Actual Startup Time": 137.905,
          "Actual Total Time": 148.757,
          "Actual Rows": 4,
          "Actual Loops": 1,
          "Workers Planned": 3,
          "Workers Launched": 3,
          "Single Copy": false,
          "Plans": [
            {
              "Node Type": "Aggregate",
              "Strategy": "Plain",
              "Partial Mode": "Partial",
              "Parent Relationship": "Outer",
              "Parallel Aware": false,
              "Startup Cost": 44031.59,
              "Total Cost": 44031.6,
              "Plan Rows": 1,
              "Plan Width": 8,
              "Actual Startup Time": 129.628,
              "Actual Total Time": 129.629,
              "Actual Rows": 1,
              "Actual Loops": 4,
              "Plans": [
                {
                  "Node Type": "Seq Scan",
                  "Parent Relationship": "Outer",
                  "Parallel Aware": true,
                  "Relation Name": "movie_keyword",
                  "Alias": "mk",
                  "Startup Cost": 0.0,
                  "Total Cost": 42695.65,
                  "Plan Rows": 534376,
                  "Plan Width": 0,
                  "Actual Startup Time": 0.06,
                  "Actual Total Time": 109.953,
                  "Actual Rows": 418443,
                  "Actual Loops": 4,
                  "Filter": "(keyword_id < 2565)",
                  "Rows Removed by Filter": 712540
                }
              ]
            }
          ]
        }
      ]
    },
    "Planning Time": 0.115,
    "Triggers": [],
    "Execution Time": 148.803
  }
]