[
    {
        "Bao": {
            "Bao prediction": 450.664,
            "Bao recommended hint": "SET enable_mergejoin TO off; SET enable_indexscan TO off; "
        }
    },
    {
        "Plan": {
            "Node Type": "Aggregate",
            "Strategy": "Plain",
            "Partial Mode": "Finalize",
            "Parallel Aware": false,
            "Startup Cost": 345112.97,
            "Total Cost": 345112.98,
            "Plan Rows": 1,
            "Plan Width": 8,
            "Actual Startup Time": 866.416,
            "Actual Total Time": 898.695,
            "Actual Rows": 1,
            "Actual Loops": 1,
            "Output": [
                "count(*)"
            ],
            "Plans": [
                {
                    "Node Type": "Gather",
                    "Parent Relationship": "Outer",
                    "Parallel Aware": false,
                    "Startup Cost": 345112.35,
                    "Total Cost": 345112.96,
                    "Plan Rows": 6,
                    "Plan Width": 8,
                    "Actual Startup Time": 866.349,
                    "Actual Total Time": 898.685,
                    "Actual Rows": 7,
                    "Actual Loops": 1,
                    "Output": [
                        "(PARTIAL count(*))"
                    ],
                    "Workers Planned": 6,
                    "Workers Launched": 6,
                    "Single Copy": false,
                    "Plans": [
                        {
                            "Node Type": "Aggregate",
                            "Strategy": "Plain",
                            "Partial Mode": "Partial",
                            "Parent Relationship": "Outer",
                            "Parallel Aware": false,
                            "Startup Cost": 344112.35,
                            "Total Cost": 344112.36,
                            "Plan Rows": 1,
                            "Plan Width": 8,
                            "Actual Startup Time": 856.691,
                            "Actual Total Time": 856.692,
                            "Actual Rows": 1,
                            "Actual Loops": 7,
                            "Output": [
                                "PARTIAL count(*)"
                            ],
                            "Workers": [
                                {
                                    "Worker Number": 0,
                                    "Actual Startup Time": 854.77,
                                    "Actual Total Time": 854.771,
                                    "Actual Rows": 1,
                                    "Actual Loops": 1
                                },
                                {
                                    "Worker Number": 1,
                                    "Actual Startup Time": 854.741,
                                    "Actual Total Time": 854.742,
                                    "Actual Rows": 1,
                                    "Actual Loops": 1
                                },
                                {
                                    "Worker Number": 2,
                                    "Actual Startup Time": 854.818,
                                    "Actual Total Time": 854.819,
                                    "Actual Rows": 1,
                                    "Actual Loops": 1
                                },
                                {
                                    "Worker Number": 3,
                                    "Actual Startup Time": 855.37,
                                    "Actual Total Time": 855.371,
                                    "Actual Rows": 1,
                                    "Actual Loops": 1
                                },
                                {
                                    "Worker Number": 4,
                                    "Actual Startup Time": 855.374,
                                    "Actual Total Time": 855.375,
                                    "Actual Rows": 1,
                                    "Actual Loops": 1
                                },
                                {
                                    "Worker Number": 5,
                                    "Actual Startup Time": 856.263,
                                    "Actual Total Time": 856.265,
                                    "Actual Rows": 1,
                                    "Actual Loops": 1
                                }
                            ],
                            "Plans": [
                                {
                                    "Node Type": "Seq Scan",
                                    "Parent Relationship": "Outer",
                                    "Parallel Aware": true,
                                    "Relation Name": "cast_info",
                                    "Schema": "public",
                                    "Alias": "ci",
                                    "Startup Cost": 0.0,
                                    "Total Cost": 343318.94,
                                    "Plan Rows": 317363,
                                    "Plan Width": 0,
                                    "Actual Startup Time": 616.663,
                                    "Actual Total Time": 808.753,
                                    "Actual Rows": 723949,
                                    "Actual Loops": 7,
                                    "Output": [
                                        "id",
                                        "person_id",
                                        "movie_id",
                                        "person_role_id",
                                        "note",
                                        "nr_order",
                                        "role_id"
                                    ],
                                    "Filter": "((ci.person_id > 2791766) AND (ci.role_id > 6))",
                                    "Rows Removed by Filter": 4453814,
                                    "Workers": [
                                        {
                                            "Worker Number": 0,
                                            "Actual Startup Time": 614.73,
                                            "Actual Total Time": 808.124,
                                            "Actual Rows": 698178,
                                            "Actual Loops": 1
                                        },
                                        {
                                            "Worker Number": 1,
                                            "Actual Startup Time": 614.726,
                                            "Actual Total Time": 808.013,
                                            "Actual Rows": 699892,
                                            "Actual Loops": 1
                                        },
                                        {
                                            "Worker Number": 2,
                                            "Actual Startup Time": 614.809,
                                            "Actual Total Time": 807.877,
                                            "Actual Rows": 700568,
                                            "Actual Loops": 1
                                        },
                                        {
                                            "Worker Number": 3,
                                            "Actual Startup Time": 615.324,
                                            "Actual Total Time": 808.783,
                                            "Actual Rows": 698079,
                                            "Actual Loops": 1
                                        },
                                        {
                                            "Worker Number": 4,
                                            "Actual Startup Time": 615.339,
                                            "Actual Total Time": 808.838,
                                            "Actual Rows": 696961,
                                            "Actual Loops": 1
                                        },
                                        {
                                            "Worker Number": 5,
                                            "Actual Startup Time": 616.259,
                                            "Actual Total Time": 809.064,
                                            "Actual Rows": 703994,
                                            "Actual Loops": 1
                                        }
                                    ]
                                }
                            ]
                        }
                    ]
                }
            ]
        },
        "Planning Time": 1313.136,
        "Triggers": [],
        "Execution Time": 898.8
    }
]