[
  {
    "Plan": {
      "Node Type": "Aggregate",
      "Strategy": "Plain",
      "Partial Mode": "Finalize",
      "Parallel Aware": false,
      "Startup Cost": 47174.33,
      "Total Cost": 47174.34,
      "Plan Rows": 1,
      "Plan Width": 8,
      "Actual Startup Time": 230.203,
      "Actual Total Time": 242.069,
      "Actual Rows": 1,
      "Actual Loops": 1,
      "Plans": [
        {
          "Node Type": "Gather",
          "Parent Relationship": "Outer",
          "Parallel Aware": false,
          "Startup Cost": 47174.01,
          "Total Cost": 47174.32,
          "Plan Rows": 3,
          "Plan Width": 8,
          "Actual Startup Time": 230.021,
          "Actual Total Time": 242.06,
          "Actual Rows": 4,
          "Actual Loops": 1,
          "Workers Planned": 3,
          "Workers Launched": 3,
          "Single Copy": false,
          "Plans": [
            {
              "Node Type": "Aggregate",
              "Strategy": "Plain",
              "Partial Mode": "Partial",
              "Parent Relationship": "Outer",
              "Parallel Aware": false,
              "Startup Cost": 46174.01,
              "Total Cost": 46174.02,
              "Plan Rows": 1,
              "Plan Width": 8,
              "Actual Startup Time": 224.419,
              "Actual Total Time": 224.421,
              "Actual Rows": 1,
              "Actual Loops": 4,
              "Plans": [
                {
                  "Node Type": "Seq Scan",
                  "Parent Relationship": "Outer",
                  "Parallel Aware": true,
                  "Relation Name": "movie_keyword",
                  "Alias": "mk",
                  "Startup Cost": 0.0,
                  "Total Cost": 42695.65,
                  "Plan Rows": 1391343,
                  "Plan Width": 0,
                  "Actual Startup Time": 0.044,
                  "Actual Total Time": 158.493,
                  "Actual Rows": 1077444,
                  "Actual Loops": 4,
                  "Filter": "(keyword_id < 65798)",
                  "Rows Removed by Filter": 53538
                }
              ]
            }
          ]
        }
      ]
    },
    "Planning Time": 0.106,
    "Triggers": [],
    "Execution Time": 242.11
  }
]