[
  {
    "Plan": {
      "Node Type": "Aggregate",
      "Strategy": "Plain",
      "Partial Mode": "Finalize",
      "Parallel Aware": false,
      "Startup Cost": 46441.74,
      "Total Cost": 46441.75,
      "Plan Rows": 1,
      "Plan Width": 8,
      "Actual Startup Time": 178.62,
      "Actual Total Time": 188.148,
      "Actual Rows": 1,
      "Actual Loops": 1,
      "Plans": [
        {
          "Node Type": "Gather",
          "Parent Relationship": "Outer",
          "Parallel Aware": false,
          "Startup Cost": 46441.42,
          "Total Cost": 46441.73,
          "Plan Rows": 3,
          "Plan Width": 8,
          "Actual Startup Time": 178.532,
          "Actual Total Time": 188.139,
          "Actual Rows": 4,
          "Actual Loops": 1,
          "Workers Planned": 3,
          "Workers Launched": 3,
          "Single Copy": false,
          "Plans": [
            {
              "Node Type": "Aggregate",
              "Strategy": "Plain",
              "Partial Mode": "Partial",
              "Parent Relationship": "Outer",
              "Parallel Aware": false,
              "Startup Cost": 45441.42,
              "Total Cost": 45441.43,
              "Plan Rows": 1,
              "Plan Width": 8,
              "Actual Startup Time": 169.857,
              "Actual Total Time": 169.858,
              "Actual Rows": 1,
              "Actual Loops": 4,
              "Plans": [
                {
                  "Node Type": "Seq Scan",
                  "Parent Relationship": "Outer",
                  "Parallel Aware": true,
                  "Relation Name": "movie_keyword",
                  "Alias": "mk",
                  "Startup Cost": 0.0,
                  "Total Cost": 42695.65,
                  "Plan Rows": 1098306,
                  "Plan Width": 0,
                  "Actual Startup Time": 0.168,
                  "Actual Total Time": 129.06,
                  "Actual Rows": 848340,
                  "Actual Loops": 4,
                  "Filter": "(keyword_id > 1226)",
                  "Rows Removed by Filter": 282642
                }
              ]
            }
          ]
        }
      ]
    },
    "Planning Time": 0.158,
    "Triggers": [],
    "Execution Time": 188.206
  }
]