{
  "Plan": {
    "Node Type": "Aggregate",
    "Strategy": "Plain",
    "Partial Mode": "Finalize",
    "Parallel Aware": false,
    "Startup Cost": 332458.34,
    "Total Cost": 332458.35,
    "Plan Rows": 1,
    "Plan Width": 8,
    "Actual Startup Time": 224.533,
    "Actual Total Time": 238.9,
    "Actual Rows": 1,
    "Actual Loops": 1,
    "Plans": [
      {
        "Node Type": "Gather",
        "Parent Relationship": "Outer",
        "Parallel Aware": false,
        "Startup Cost": 332458.23,
        "Total Cost": 332458.34,
        "Plan Rows": 1,
        "Plan Width": 8,
        "Actual Startup Time": 224.239,
        "Actual Total Time": 238.894,
        "Actual Rows": 2,
        "Actual Loops": 1,
        "Workers Planned": 1,
        "Workers Launched": 1,
        "Single Copy": false,
        "Plans": [
          {
            "Node Type": "Aggregate",
            "Strategy": "Plain",
            "Partial Mode": "Partial",
            "Parent Relationship": "Outer",
            "Parallel Aware": false,
            "Startup Cost": 331458.23,
            "Total Cost": 331458.24,
            "Plan Rows": 1,
            "Plan Width": 8,
            "Actual Startup Time": 218.367,
            "Actual Total Time": 218.371,
            "Actual Rows": 1,
            "Actual Loops": 2,
            "Plans": [
              {
                "Node Type": "Hash Join",
                "Parent Relationship": "Outer",
                "Parallel Aware": true,
                "Join Type": "Inner",
                "Startup Cost": 63260.73,
                "Total Cost": 331454.57,
                "Plan Rows": 1464,
                "Plan Width": 0,
                "Actual Startup Time": 167.1,
                "Actual Total Time": 218.208,
                "Actual Rows": 2112,
                "Actual Loops": 2,
                "Inner Unique": true,
                "Hash Cond": "(ci.movie_id = t.id)",
                "Plans": [
                  {
                    "Node Type": "Bitmap Heap Scan",
                    "Parent Relationship": "Outer",
                    "Parallel Aware": true,
                    "Relation Name": "cast_info",
                    "Alias": "ci",
                    "Startup Cost": 8489.53,
                    "Total Cost": 276292.76,
                    "Plan Rows": 148802,
                    "Plan Width": 4,
                    "Actual Startup Time": 12.382,
                    "Actual Total Time": 43.368,
                    "Actual Rows": 187622,
                    "Actual Loops": 2,
                    "Recheck Cond": "(person_id > 3992224)",
                    "Rows Removed by Index Recheck": 0,
                    "Filter": "(role_id > 1)",
                    "Rows Removed by Filter": 0,
                    "Exact Heap Blocks": 3249,
                    "Lossy Heap Blocks": 0,
                    "Plans": [
                      {
                        "Node Type": "Bitmap Index Scan",
                        "Parent Relationship": "Outer",
                        "Parallel Aware": false,
                        "Index Name": "person_id_cast_info",
                        "Startup Cost": 0.0,
                        "Total Cost": 8426.29,
                        "Plan Rows": 385830,
                        "Plan Width": 0,
                        "Actual Startup Time": 11.637,
                        "Actual Total Time": 11.637,
                        "Actual Rows": 375244,
                        "Actual Loops": 1,
                        "Index Cond": "(person_id > 3992224)"
                      }
                    ]
                  },
                  {
                    "Node Type": "Hash",
                    "Parent Relationship": "Inner",
                    "Parallel Aware": true,
                    "Startup Cost": 54588.39,
                    "Total Cost": 54588.39,
                    "Plan Rows": 14625,
                    "Plan Width": 4,
                    "Actual Startup Time": 153.519,
                    "Actual Total Time": 153.519,
                    "Actual Rows": 11900,
                    "Actual Loops": 2,
                    "Hash Buckets": 32768,
                    "Original Hash Buckets": 32768,
                    "Hash Batches": 1,
                    "Original Hash Batches": 1,
                    "Peak Memory Usage": 1216,
                    "Plans": [
                      {
                        "Node Type": "Seq Scan",
                        "Parent Relationship": "Outer",
                        "Parallel Aware": true,
                        "Relation Name": "title",
                        "Alias": "t",
                        "Startup Cost": 0.0,
                        "Total Cost": 54588.39,
                        "Plan Rows": 14625,
                        "Plan Width": 4,
                        "Actual Startup Time": 0.045,
                        "Actual Total Time": 148.489,
                        "Actual Rows": 11900,
                        "Actual Loops": 2,
                        "Filter": "(production_year = 1991)",
                        "Rows Removed by Filter": 1252256
                      }
                    ]
                  }
                ]
              }
            ]
          }
        ]
      }
    ]
  },
  "Planning Time": 0.46,
  "Triggers": [],
  "Execution Time": 238.981
}