[
    {
        "Bao": {
            "Bao prediction": "NaN",
            "Bao recommended hint": "(no hint)"
        }
    },
    {
        "Plan": {
            "Node Type": "Aggregate",
            "Strategy": "Plain",
            "Partial Mode": "Finalize",
            "Parallel Aware": false,
            "Startup Cost": 31263.88,
            "Total Cost": 31263.89,
            "Plan Rows": 1,
            "Plan Width": 8,
            "Actual Startup Time": 94.335,
            "Actual Total Time": 100.119,
            "Actual Rows": 1,
            "Actual Loops": 1,
            "Output": [
                "count(*)"
            ],
            "Plans": [
                {
                    "Node Type": "Gather",
                    "Parent Relationship": "Outer",
                    "Parallel Aware": false,
                    "Startup Cost": 31263.57,
                    "Total Cost": 31263.88,
                    "Plan Rows": 3,
                    "Plan Width": 8,
                    "Actual Startup Time": 94.268,
                    "Actual Total Time": 100.112,
                    "Actual Rows": 4,
                    "Actual Loops": 1,
                    "Output": [
                        "(PARTIAL count(*))"
                    ],
                    "Workers Planned": 3,
                    "Workers Launched": 3,
                    "Single Copy": false,
                    "Plans": [
                        {
                            "Node Type": "Aggregate",
                            "Strategy": "Plain",
                            "Partial Mode": "Partial",
                            "Parent Relationship": "Outer",
                            "Parallel Aware": false,
                            "Startup Cost": 30263.57,
                            "Total Cost": 30263.58,
                            "Plan Rows": 1,
                            "Plan Width": 8,
                            "Actual Startup Time": 86.257,
                            "Actual Total Time": 86.258,
                            "Actual Rows": 1,
                            "Actual Loops": 4,
                            "Output": [
                                "PARTIAL count(*)"
                            ],
                            "Workers": [
                                {
                                    "Worker Number": 0,
                                    "Actual Startup Time": 83.193,
                                    "Actual Total Time": 83.195,
                                    "Actual Rows": 1,
                                    "Actual Loops": 1
                                },
                                {
                                    "Worker Number": 1,
                                    "Actual Startup Time": 83.787,
                                    "Actual Total Time": 83.788,
                                    "Actual Rows": 1,
                                    "Actual Loops": 1
                                },
                                {
                                    "Worker Number": 2,
                                    "Actual Startup Time": 84.053,
                                    "Actual Total Time": 84.054,
                                    "Actual Rows": 1,
                                    "Actual Loops": 1
                                }
                            ],
                            "Plans": [
                                {
                                    "Node Type": "Seq Scan",
                                    "Parent Relationship": "Outer",
                                    "Parallel Aware": true,
                                    "Relation Name": "movie_companies",
                                    "Schema": "public",
                                    "Alias": "mc",
                                    "Startup Cost": 0.0,
                                    "Total Cost": 29310.68,
                                    "Plan Rows": 381154,
                                    "Plan Width": 0,
                                    "Actual Startup Time": 13.974,
                                    "Actual Total Time": 72.806,
                                    "Actual Rows": 297563,
                                    "Actual Loops": 4,
                                    "Output": [
                                        "id",
                                        "movie_id",
                                        "company_id",
                                        "company_type_id",
                                        "note"
                                    ],
                                    "Filter": "(mc.company_id > 12493)",
                                    "Rows Removed by Filter": 354719,
                                    "Workers": [
                                        {
                                            "Worker Number": 0,
                                            "Actual Startup Time": 10.918,
                                            "Actual Total Time": 70.325,
                                            "Actual Rows": 265953,
                                            "Actual Loops": 1
                                        },
                                        {
                                            "Worker Number": 1,
                                            "Actual Startup Time": 11.525,
                                            "Actual Total Time": 70.777,
                                            "Actual Rows": 268961,
                                            "Actual Loops": 1
                                        },
                                        {
                                            "Worker Number": 2,
                                            "Actual Startup Time": 11.766,
                                            "Actual Total Time": 71.113,
                                            "Actual Rows": 269293,
                                            "Actual Loops": 1
                                        }
                                    ]
                                }
                            ]
                        }
                    ]
                }
            ]
        },
        "Planning Time": 176.654,
        "Triggers": [],
        "Execution Time": 100.162
    }
]