[
    {
        "Bao": {
            "Bao prediction": "NaN",
            "Bao recommended hint": "(no hint)"
        }
    },
    {
        "Plan": {
            "Node Type": "Aggregate",
            "Strategy": "Plain",
            "Partial Mode": "Simple",
            "Parallel Aware": false,
            "Startup Cost": 27423.61,
            "Total Cost": 27423.62,
            "Plan Rows": 1,
            "Plan Width": 8,
            "Actual Startup Time": 42.455,
            "Actual Total Time": 42.456,
            "Actual Rows": 1,
            "Actual Loops": 1,
            "Output": [
                "count(*)"
            ],
            "Plans": [
                {
                    "Node Type": "Bitmap Heap Scan",
                    "Parent Relationship": "Outer",
                    "Parallel Aware": false,
                    "Relation Name": "movie_keyword",
                    "Schema": "public",
                    "Alias": "mk",
                    "Startup Cost": 1739.82,
                    "Total Cost": 27218.65,
                    "Plan Rows": 81986,
                    "Plan Width": 0,
                    "Actual Startup Time": 10.087,
                    "Actual Total Time": 38.706,
                    "Actual Rows": 76420,
                    "Actual Loops": 1,
                    "Recheck Cond": "(mk.keyword_id > 88888)",
                    "Rows Removed by Index Recheck": 0,
                    "Exact Heap Blocks": 15518,
                    "Lossy Heap Blocks": 0,
                    "Plans": [
                        {
                            "Node Type": "Bitmap Index Scan",
                            "Parent Relationship": "Outer",
                            "Parallel Aware": false,
                            "Index Name": "keyword_id_movie_keyword",
                            "Startup Cost": 0.0,
                            "Total Cost": 1719.33,
                            "Plan Rows": 81986,
                            "Plan Width": 0,
                            "Actual Startup Time": 7.123,
                            "Actual Total Time": 7.123,
                            "Actual Rows": 76420,
                            "Actual Loops": 1,
                            "Index Cond": "(mk.keyword_id > 88888)"
                        }
                    ]
                }
            ]
        },
        "Planning Time": 178.563,
        "Triggers": [],
        "Execution Time": 42.534
    }
]