[
  {
    "Plan": {
      "Node Type": "Aggregate",
      "Strategy": "Plain",
      "Partial Mode": "Finalize",
      "Parallel Aware": false,
      "Startup Cost": 46370.39,
      "Total Cost": 46370.4,
      "Plan Rows": 1,
      "Plan Width": 8,
      "Actual Startup Time": 250.863,
      "Actual Total Time": 269.525,
      "Actual Rows": 1,
      "Actual Loops": 1,
      "Plans": [
        {
          "Node Type": "Gather",
          "Parent Relationship": "Outer",
          "Parallel Aware": false,
          "Startup Cost": 46370.07,
          "Total Cost": 46370.38,
          "Plan Rows": 3,
          "Plan Width": 8,
          "Actual Startup Time": 250.57,
          "Actual Total Time": 269.508,
          "Actual Rows": 4,
          "Actual Loops": 1,
          "Workers Planned": 3,
          "Workers Launched": 3,
          "Single Copy": false,
          "Plans": [
            {
              "Node Type": "Aggregate",
              "Strategy": "Plain",
              "Partial Mode": "Partial",
              "Parent Relationship": "Outer",
              "Parallel Aware": false,
              "Startup Cost": 45370.07,
              "Total Cost": 45370.08,
              "Plan Rows": 1,
              "Plan Width": 8,
              "Actual Startup Time": 241.943,
              "Actual Total Time": 241.945,
              "Actual Rows": 1,
              "Actual Loops": 4,
              "Plans": [
                {
                  "Node Type": "Seq Scan",
                  "Parent Relationship": "Outer",
                  "Parallel Aware": true,
                  "Relation Name": "movie_keyword",
                  "Alias": "mk",
                  "Startup Cost": 0.0,
                  "Total Cost": 42695.65,
                  "Plan Rows": 1069767,
                  "Plan Width": 0,
                  "Actual Startup Time": 0.072,
                  "Actual Total Time": 187.514,
                  "Actual Rows": 828057,
                  "Actual Loops": 4,
                  "Filter": "(keyword_id < 15085)",
                  "Rows Removed by Filter": 302925
                }
              ]
            }
          ]
        }
      ]
    },
    "Planning Time": 0.205,
    "Triggers": [],
    "Execution Time": 269.592
  }
]