[
  {
    "Plan": {
      "Node Type": "Aggregate",
      "Strategy": "Plain",
      "Partial Mode": "Finalize",
      "Parallel Aware": false,
      "Startup Cost": 47023.99,
      "Total Cost": 47024.0,
      "Plan Rows": 1,
      "Plan Width": 8,
      "Actual Startup Time": 199.428,
      "Actual Total Time": 209.215,
      "Actual Rows": 1,
      "Actual Loops": 1,
      "Plans": [
        {
          "Node Type": "Gather",
          "Parent Relationship": "Outer",
          "Parallel Aware": false,
          "Startup Cost": 47023.68,
          "Total Cost": 47023.99,
          "Plan Rows": 3,
          "Plan Width": 8,
          "Actual Startup Time": 199.294,
          "Actual Total Time": 209.204,
          "Actual Rows": 4,
          "Actual Loops": 1,
          "Workers Planned": 3,
          "Workers Launched": 3,
          "Single Copy": false,
          "Plans": [
            {
              "Node Type": "Aggregate",
              "Strategy": "Plain",
              "Partial Mode": "Partial",
              "Parent Relationship": "Outer",
              "Parallel Aware": false,
              "Startup Cost": 46023.68,
              "Total Cost": 46023.69,
              "Plan Rows": 1,
              "Plan Width": 8,
              "Actual Startup Time": 191.977,
              "Actual Total Time": 191.979,
              "Actual Rows": 1,
              "Actual Loops": 4,
              "Plans": [
                {
                  "Node Type": "Seq Scan",
                  "Parent Relationship": "Outer",
                  "Parallel Aware": true,
                  "Relation Name": "movie_keyword",
                  "Alias": "mk",
                  "Startup Cost": 0.0,
                  "Total Cost": 42695.65,
                  "Plan Rows": 1331209,
                  "Plan Width": 0,
                  "Actual Startup Time": 0.049,
                  "Actual Total Time": 137.065,
                  "Actual Rows": 1031760,
                  "Actual Loops": 4,
                  "Filter": "(keyword_id < 43569)",
                  "Rows Removed by Filter": 99223
                }
              ]
            }
          ]
        }
      ]
    },
    "Planning Time": 0.19,
    "Triggers": [],
    "Execution Time": 209.27
  }
]