{
  "Plan": {
    "Node Type": "Aggregate",
    "Strategy": "Plain",
    "Partial Mode": "Simple",
    "Parallel Aware": false,
    "Startup Cost": 1432986.84,
    "Total Cost": 1432986.85,
    "Plan Rows": 1,
    "Plan Width": 32,
    "Actual Startup Time": 10752.488,
    "Actual Total Time": 10752.636,
    "Actual Rows": 1,
    "Actual Loops": 1,
    "Plans": [
      {
        "Node Type": "Merge Join",
        "Parent Relationship": "Outer",
        "Parallel Aware": false,
        "Join Type": "Inner",
        "Startup Cost": 1432986.78,
        "Total Cost": 1432986.84,
        "Plan Rows": 1,
        "Plan Width": 17,
        "Actual Startup Time": 10752.425,
        "Actual Total Time": 10752.625,
        "Actual Rows": 17,
        "Actual Loops": 1,
        "Inner Unique": true,
        "Merge Cond": "(mk.keyword_id = k.id)",
        "Plans": [
          {
            "Node Type": "Sort",
            "Parent Relationship": "Outer",
            "Parallel Aware": false,
            "Startup Cost": 1429354.26,
            "Total Cost": 1429354.26,
            "Plan Rows": 2,
            "Plan Width": 21,
            "Actual Startup Time": 10731.084,
            "Actual Total Time": 10731.263,
            "Actual Rows": 399,
            "Actual Loops": 1,
            "Sort Key": [
              "mk.keyword_id"
            ],
            "Sort Method": "quicksort",
            "Sort Space Used": 63,
            "Sort Space Type": "Memory",
            "Plans": [
              {
                "Node Type": "Merge Join",
                "Parent Relationship": "Outer",
                "Parallel Aware": false,
                "Join Type": "Inner",
                "Startup Cost": 1240896.3,
                "Total Cost": 1429354.25,
                "Plan Rows": 2,
                "Plan Width": 21,
                "Actual Startup Time": 10445.924,
                "Actual Total Time": 10731.087,
                "Actual Rows": 698,
                "Actual Loops": 1,
                "Inner Unique": false,
                "Merge Cond": "(mk.movie_id = ci.movie_id)",
                "Plans": [
                  {
                    "Node Type": "Index Scan",
                    "Parent Relationship": "Outer",
                    "Parallel Aware": false,
                    "Scan Direction": "Forward",
                    "Index Name": "movie_id_movie_keyword",
                    "Relation Name": "movie_keyword",
                    "Alias": "mk",
                    "Startup Cost": 0.43,
                    "Total Cost": 177148.48,
                    "Plan Rows": 4523930,
                    "Plan Width": 8,
                    "Actual Startup Time": 0.016,
                    "Actual Total Time": 457.485,
                    "Actual Rows": 3861770,
                    "Actual Loops": 1
                  },
                  {
                    "Node Type": "Materialize",
                    "Parent Relationship": "Inner",
                    "Parallel Aware": false,
                    "Startup Cost": 1240895.86,
                    "Total Cost": 1240895.87,
                    "Plan Rows": 1,
                    "Plan Width": 29,
                    "Actual Startup Time": 10048.821,
                    "Actual Total Time": 10049.001,
                    "Actual Rows": 528,
                    "Actual Loops": 1,
                    "Plans": [
                      {
                        "Node Type": "Sort",
                        "Parent Relationship": "Outer",
                        "Parallel Aware": false,
                        "Startup Cost": 1240895.86,
                        "Total Cost": 1240895.87,
                        "Plan Rows": 1,
                        "Plan Width": 29,
                        "Actual Startup Time": 10048.817,
                        "Actual Total Time": 10048.964,
                        "Actual Rows": 4,
                        "Actual Loops": 1,
                        "Sort Key": [
                          "ci.movie_id"
                        ],
                        "Sort Method": "quicksort",
                        "Sort Space Used": 25,
                        "Sort Space Type": "Memory",
                        "Plans": [
                          {
                            "Node Type": "Merge Join",
                            "Parent Relationship": "Outer",
                            "Parallel Aware": false,
                            "Join Type": "Inner",
                            "Startup Cost": 1240893.79,
                            "Total Cost": 1240895.85,
                            "Plan Rows": 1,
                            "Plan Width": 29,
                            "Actual Startup Time": 10048.799,
                            "Actual Total Time": 10048.946,
                            "Actual Rows": 4,
                            "Actual Loops": 1,
                            "Inner Unique": true,
                            "Merge Cond": "(ci.person_id = n.id)",
                            "Plans": [
                              {
                                "Node Type": "Sort",
                                "Parent Relationship": "Outer",
                                "Parallel Aware": false,
                                "Startup Cost": 1153578.46,
                                "Total Cost": 1153578.47,
                                "Plan Rows": 5,
                                "Plan Width": 33,
                                "Actual Startup Time": 9748.44,
                                "Actual Total Time": 9748.553,
                                "Actual Rows": 5,
                                "Actual Loops": 1,
                                "Sort Key": [
                                  "ci.person_id"
                                ],
                                "Sort Method": "quicksort",
                                "Sort Space Used": 25,
                                "Sort Space Type": "Memory",
                                "Plans": [
                                  {
                                    "Node Type": "Merge Join",
                                    "Parent Relationship": "Outer",
                                    "Parallel Aware": false,
                                    "Join Type": "Inner",
                                    "Startup Cost": 1153578.25,
                                    "Total Cost": 1153578.4,
                                    "Plan Rows": 5,
                                    "Plan Width": 33,
                                    "Actual Startup Time": 9748.433,
                                    "Actual Total Time": 9748.546,
                                    "Actual Rows": 8,
                                    "Actual Loops": 1,
                                    "Inner Unique": true,
                                    "Merge Cond": "(cc.status_id = cct2.id)",
                                    "Plans": [
                                      {
                                        "Node Type": "Sort",
                                        "Parent Relationship": "Outer",
                                        "Parallel Aware": false,
                                        "Startup Cost": 1153577.19,
                                        "Total Cost": 1153577.24,
                                        "Plan Rows": 20,
                                        "Plan Width": 37,
                                        "Actual Startup Time": 9748.423,
                                        "Actual Total Time": 9748.533,
                                        "Actual Rows": 8,
                                        "Actual Loops": 1,
                                        "Sort Key": [
                                          "cc.status_id"
                                        ],
                                        "Sort Method": "quicksort",
                                        "Sort Space Used": 25,
                                        "Sort Space Type": "Memory",
                                        "Plans": [
                                          {
                                            "Node Type": "Merge Join",
                                            "Parent Relationship": "Outer",
                                            "Parallel Aware": false,
                                            "Join Type": "Inner",
                                            "Startup Cost": 1153575.85,
                                            "Total Cost": 1153576.75,
                                            "Plan Rows": 20,
                                            "Plan Width": 37,
                                            "Actual Startup Time": 9748.414,
                                            "Actual Total Time": 9748.525,
                                            "Actual Rows": 8,
                                            "Actual Loops": 1,
                                            "Inner Unique": true,
                                            "Merge Cond": "(t.kind_id = kt.id)",
                                            "Plans": [
                                              {
                                                "Node Type": "Sort",
                                                "Parent Relationship": "Outer",
                                                "Parallel Aware": false,
                                                "Startup Cost": 1153574.75,
                                                "Total Cost": 1153575.1,
                                                "Plan Rows": 139,
                                                "Plan Width": 41,
                                                "Actual Startup Time": 9748.403,
                                                "Actual Total Time": 9748.511,
                                                "Actual Rows": 9,
                                                "Actual Loops": 1,
                                                "Sort Key": [
                                                  "t.kind_id"
                                                ],
                                                "Sort Method": "quicksort",
                                                "Sort Space Used": 26,
                                                "Sort Space Type": "Memory",
                                                "Plans": [
                                                  {
                                                    "Node Type": "Merge Join",
                                                    "Parent Relationship": "Outer",
                                                    "Parallel Aware": false,
                                                    "Join Type": "Inner",
                                                    "Startup Cost": 1153565.63,
                                                    "Total Cost": 1153569.81,
                                                    "Plan Rows": 139,
                                                    "Plan Width": 41,
                                                    "Actual Startup Time": 9748.392,
                                                    "Actual Total Time": 9748.503,
                                                    "Actual Rows": 13,
                                                    "Actual Loops": 1,
                                                    "Inner Unique": true,
                                                    "Merge Cond": "(cc.subject_id = cct1.id)",
                                                    "Plans": [
                                                      {
                                                        "Node Type": "Sort",
                                                        "Parent Relationship": "Outer",
                                                        "Parallel Aware": false,
                                                        "Startup Cost": 1153564.57,
                                                        "Total Cost": 1153565.96,
                                                        "Plan Rows": 555,
                                                        "Plan Width": 45,
                                                        "Actual Startup Time": 9748.352,
                                                        "Actual Total Time": 9748.459,
                                                        "Actual Rows": 14,
                                                        "Actual Loops": 1,
                                                        "Sort Key": [
                                                          "cc.subject_id"
                                                        ],
                                                        "Sort Method": "quicksort",
                                                        "Sort Space Used": 26,
                                                        "Sort Space Type": "Memory",
                                                        "Plans": [
                                                          {
                                                            "Node Type": "Merge Join",
                                                            "Parent Relationship": "Outer",
                                                            "Parallel Aware": false,
                                                            "Join Type": "Inner",
                                                            "Startup Cost": 1026573.61,
                                                            "Total Cost": 1153539.28,
                                                            "Plan Rows": 555,
                                                            "Plan Width": 45,
                                                            "Actual Startup Time": 8666.023,
                                                            "Actual Total Time": 9748.423,
                                                            "Actual Rows": 16,
                                                            "Actual Loops": 1,
                                                            "Inner Unique": true,
                                                            "Merge Cond": "(ci.movie_id = t.id)",
                                                            "Plans": [
                                                              {
                                                                "Node Type": "Merge Join",
                                                                "Parent Relationship": "Outer",
                                                                "Parallel Aware": false,
                                                                "Join Type": "Inner",
                                                                "Startup Cost": 1026570.32,
                                                                "Total Cost": 1033495.97,
                                                                "Plan Rows": 1010,
                                                                "Plan Width": 20,
                                                                "Actual Startup Time": 8580.104,
                                                                "Actual Total Time": 8619.718,
                                                                "Actual Rows": 28,
                                                                "Actual Loops": 1,
                                                                "Inner Unique": false,
                                                                "Merge Cond": "(cc.movie_id = ci.movie_id)",
                                                                "Plans": [
                                                                  {
                                                                    "Node Type": "Index Scan",
                                                                    "Parent Relationship": "Outer",
                                                                    "Parallel Aware": false,
                                                                    "Scan Direction": "Forward",
                                                                    "Index Name": "movie_id_complete_cast",
                                                                    "Relation Name": "complete_cast",
                                                                    "Alias": "cc",
                                                                    "Startup Cost": 0.42,
                                                                    "Total Cost": 6650.11,
                                                                    "Plan Rows": 135086,
                                                                    "Plan Width": 12,
                                                                    "Actual Startup Time": 0.013,
                                                                    "Actual Total Time": 32.774,
                                                                    "Actual Rows": 131460,
                                                                    "Actual Loops": 1
                                                                  },
                                                                  {
                                                                    "Node Type": "Sort",
                                                                    "Parent Relationship": "Inner",
                                                                    "Parallel Aware": false,
                                                                    "Startup Cost": 1026569.9,
                                                                    "Total Cost": 1026588.03,
                                                                    "Plan Rows": 7251,
                                                                    "Plan Width": 8,
                                                                    "Actual Startup Time": 8578.37,
                                                                    "Actual Total Time": 8578.538,
                                                                    "Actual Rows": 558,
                                                                    "Actual Loops": 1,
                                                                    "Sort Key": [
                                                                      "ci.movie_id"
                                                                    ],
                                                                    "Sort Method": "quicksort",
                                                                    "Sort Space Used": 51,
                                                                    "Sort Space Type": "Memory",
                                                                    "Plans": [
                                                                      {
                                                                        "Node Type": "Merge Join",
                                                                        "Parent Relationship": "Outer",
                                                                        "Parallel Aware": false,
                                                                        "Join Type": "Inner",
                                                                        "Startup Cost": 146565.87,
                                                                        "Total Cost": 1026104.96,
                                                                        "Plan Rows": 7251,
                                                                        "Plan Width": 8,
                                                                        "Actual Startup Time": 2459.723,
                                                                        "Actual Total Time": 8578.319,
                                                                        "Actual Rows": 556,
                                                                        "Actual Loops": 1,
                                                                        "Inner Unique": true,
                                                                        "Merge Cond": "(ci.person_role_id = chn.id)",
                                                                        "Plans": [
                                                                          {
                                                                            "Node Type": "Index Scan",
                                                                            "Parent Relationship": "Outer",
                                                                            "Parallel Aware": false,
                                                                            "Scan Direction": "Forward",
                                                                            "Index Name": "person_role_id_cast_info",
                                                                            "Relation Name": "cast_info",
                                                                            "Alias": "ci",
                                                                            "Startup Cost": 0.56,
                                                                            "Total Cost": 1870124.36,
                                                                            "Plan Rows": 36257824,
                                                                            "Plan Width": 12,
                                                                            "Actual Startup Time": 0.018,
                                                                            "Actual Total Time": 7052.83,
                                                                            "Actual Rows": 16788386,
                                                                            "Actual Loops": 1
                                                                          },
                                                                          {
                                                                            "Node Type": "Sort",
                                                                            "Parent Relationship": "Inner",
                                                                            "Parallel Aware": false,
                                                                            "Startup Cost": 69866.11,
                                                                            "Total Cost": 69867.68,
                                                                            "Plan Rows": 628,
                                                                            "Plan Width": 4,
                                                                            "Actual Startup Time": 402.838,
                                                                            "Actual Total Time": 402.957,
                                                                            "Actual Rows": 30,
                                                                            "Actual Loops": 1,
                                                                            "Sort Key": [
                                                                              "chn.id"
                                                                            ],
                                                                            "Sort Method": "quicksort",
                                                                            "Sort Space Used": 26,
                                                                            "Sort Space Type": "Memory",
                                                                            "Plans": [
                                                                              {
                                                                                "Node Type": "Gather",
                                                                                "Parent Relationship": "Outer",
                                                                                "Parallel Aware": false,
                                                                                "Startup Cost": 1000.0,
                                                                                "Total Cost": 69836.92,
                                                                                "Plan Rows": 628,
                                                                                "Plan Width": 4,
                                                                                "Actual Startup Time": 31.11,
                                                                                "Actual Total Time": 402.905,
                                                                                "Actual Rows": 30,
                                                                                "Actual Loops": 1,
                                                                                "Workers Planned": 1,
                                                                                "Workers Launched": 1,
                                                                                "Single Copy": false,
                                                                                "Plans": [
                                                                                  {
                                                                                    "Node Type": "Seq Scan",
                                                                                    "Parent Relationship": "Outer",
                                                                                    "Parallel Aware": true,
                                                                                    "Relation Name": "char_name",
                                                                                    "Alias": "chn",
                                                                                    "Startup Cost": 0.0,
                                                                                    "Total Cost": 68774.12,
                                                                                    "Plan Rows": 369,
                                                                                    "Plan Width": 4,
                                                                                    "Actual Startup Time": 24.974,
                                                                                    "Actual Total Time": 394.646,
                                                                                    "Actual Rows": 15,
                                                                                    "Actual Loops": 2,
                                                                                    "Filter": "((name !~~ '%Sherlock%'::text) AND ((name ~~ '%Tony%Stark%'::text) OR (name ~~ '%Iron%Man%'::text)))",
                                                                                    "Rows Removed by Filter": 1570154
                                                                                  }
                                                                                ]
                                                                              }
                                                                            ]
                                                                          }
                                                                        ]
                                                                      }
                                                                    ]
                                                                  }
                                                                ]
                                                              },
                                                              {
                                                                "Node Type": "Index Scan",
                                                                "Parent Relationship": "Inner",
                                                                "Parallel Aware": false,
                                                                "Scan Direction": "Forward",
                                                                "Index Name": "title_pkey",
                                                                "Relation Name": "title",
                                                                "Alias": "t",
                                                                "Startup Cost": 0.43,
                                                                "Total Cost": 116680.33,
                                                                "Plan Rows": 1389987,
                                                                "Plan Width": 25,
                                                                "Actual Startup Time": 0.021,
                                                                "Actual Total Time": 1063.298,
                                                                "Actual Rows": 1353702,
                                                                "Actual Loops": 1,
                                                                "Filter": "(production_year > 2000)",
                                                                "Rows Removed by Filter": 1111047
                                                              }
                                                            ]
                                                          }
                                                        ]
                                                      },
                                                      {
                                                        "Node Type": "Sort",
                                                        "Parent Relationship": "Inner",
                                                        "Parallel Aware": false,
                                                        "Startup Cost": 1.06,
                                                        "Total Cost": 1.06,
                                                        "Plan Rows": 1,
                                                        "Plan Width": 4,
                                                        "Actual Startup Time": 0.036,
                                                        "Actual Total Time": 0.037,
                                                        "Actual Rows": 1,
                                                        "Actual Loops": 1,
                                                        "Sort Key": [
                                                          "cct1.id"
                                                        ],
                                                        "Sort Method": "quicksort",
                                                        "Sort Space Used": 25,
                                                        "Sort Space Type": "Memory",
                                                        "Plans": [
                                                          {
                                                            "Node Type": "Seq Scan",
                                                            "Parent Relationship": "Outer",
                                                            "Parallel Aware": false,
                                                            "Relation Name": "comp_cast_type",
                                                            "Alias": "cct1",
                                                            "Startup Cost": 0.0,
                                                            "Total Cost": 1.05,
                                                            "Plan Rows": 1,
                                                            "Plan Width": 4,
                                                            "Actual Startup Time": 0.024,
                                                            "Actual Total Time": 0.025,
                                                            "Actual Rows": 1,
                                                            "Actual Loops": 1,
                                                            "Filter": "((kind)::text = 'cast'::text)",
                                                            "Rows Removed by Filter": 3
                                                          }
                                                        ]
                                                      }
                                                    ]
                                                  }
                                                ]
                                              },
                                              {
                                                "Node Type": "Sort",
                                                "Parent Relationship": "Inner",
                                                "Parallel Aware": false,
                                                "Startup Cost": 1.1,
                                                "Total Cost": 1.1,
                                                "Plan Rows": 1,
                                                "Plan Width": 4,
                                                "Actual Startup Time": 0.009,
                                                "Actual Total Time": 0.01,
                                                "Actual Rows": 1,
                                                "Actual Loops": 1,
                                                "Sort Key": [
                                                  "kt.id"
                                                ],
                                                "Sort Method": "quicksort",
                                                "Sort Space Used": 25,
                                                "Sort Space Type": "Memory",
                                                "Plans": [
                                                  {
                                                    "Node Type": "Seq Scan",
                                                    "Parent Relationship": "Outer",
                                                    "Parallel Aware": false,
                                                    "Relation Name": "kind_type",
                                                    "Alias": "kt",
                                                    "Startup Cost": 0.0,
                                                    "Total Cost": 1.09,
                                                    "Plan Rows": 1,
                                                    "Plan Width": 4,
                                                    "Actual Startup Time": 0.006,
                                                    "Actual Total Time": 0.007,
                                                    "Actual Rows": 1,
                                                    "Actual Loops": 1,
                                                    "Filter": "((kind)::text = 'movie'::text)",
                                                    "Rows Removed by Filter": 6
                                                  }
                                                ]
                                              }
                                            ]
                                          }
                                        ]
                                      },
                                      {
                                        "Node Type": "Sort",
                                        "Parent Relationship": "Inner",
                                        "Parallel Aware": false,
                                        "Startup Cost": 1.06,
                                        "Total Cost": 1.06,
                                        "Plan Rows": 1,
                                        "Plan Width": 4,
                                        "Actual Startup Time": 0.008,
                                        "Actual Total Time": 0.009,
                                        "Actual Rows": 2,
                                        "Actual Loops": 1,
                                        "Sort Key": [
                                          "cct2.id"
                                        ],
                                        "Sort Method": "quicksort",
                                        "Sort Space Used": 25,
                                        "Sort Space Type": "Memory",
                                        "Plans": [
                                          {
                                            "Node Type": "Seq Scan",
                                            "Parent Relationship": "Outer",
                                            "Parallel Aware": false,
                                            "Relation Name": "comp_cast_type",
                                            "Alias": "cct2",
                                            "Startup Cost": 0.0,
                                            "Total Cost": 1.05,
                                            "Plan Rows": 1,
                                            "Plan Width": 4,
                                            "Actual Startup Time": 0.005,
                                            "Actual Total Time": 0.006,
                                            "Actual Rows": 2,
                                            "Actual Loops": 1,
                                            "Filter": "((kind)::text ~~ '%complete%'::text)",
                                            "Rows Removed by Filter": 2
                                          }
                                        ]
                                      }
                                    ]
                                  }
                                ]
                              },
                              {
                                "Node Type": "Sort",
                                "Parent Relationship": "Inner",
                                "Parallel Aware": false,
                                "Startup Cost": 87315.33,
                                "Total Cost": 87316.37,
                                "Plan Rows": 417,
                                "Plan Width": 4,
                                "Actual Startup Time": 300.353,
                                "Actual Total Time": 300.384,
                                "Actual Rows": 2,
                                "Actual Loops": 1,
                                "Sort Key": [
                                  "n.id"
                                ],
                                "Sort Method": "quicksort",
                                "Sort Space Used": 25,
                                "Sort Space Type": "Memory",
                                "Plans": [
                                  {
                                    "Node Type": "Gather",
                                    "Parent Relationship": "Outer",
                                    "Parallel Aware": false,
                                    "Startup Cost": 1000.0,
                                    "Total Cost": 87297.18,
                                    "Plan Rows": 417,
                                    "Plan Width": 4,
                                    "Actual Startup Time": 37.92,
                                    "Actual Total Time": 300.37,
                                    "Actual Rows": 2,
                                    "Actual Loops": 1,
                                    "Workers Planned": 1,
                                    "Workers Launched": 1,
                                    "Single Copy": false,
                                    "Plans": [
                                      {
                                        "Node Type": "Seq Scan",
                                        "Parent Relationship": "Outer",
                                        "Parallel Aware": true,
                                        "Relation Name": "name",
                                        "Alias": "n",
                                        "Startup Cost": 0.0,
                                        "Total Cost": 86255.48,
                                        "Plan Rows": 245,
                                        "Plan Width": 4,
                                        "Actual Startup Time": 163.423,
                                        "Actual Total Time": 294.561,
                                        "Actual Rows": 1,
                                        "Actual Loops": 2,
                                        "Filter": "(name ~~ '%Downey%Robert%'::text)",
                                        "Rows Removed by Filter": 2083744
                                      }
                                    ]
                                  }
                                ]
                              }
                            ]
                          }
                        ]
                      }
                    ]
                  }
                ]
              }
            ]
          },
          {
            "Node Type": "Sort",
            "Parent Relationship": "Inner",
            "Parallel Aware": false,
            "Startup Cost": 3632.52,
            "Total Cost": 3632.54,
            "Plan Rows": 8,
            "Plan Width": 4,
            "Actual Startup Time": 21.327,
            "Actual Total Time": 21.329,
            "Actual Rows": 8,
            "Actual Loops": 1,
            "Sort Key": [
              "k.id"
            ],
            "Sort Method": "quicksort",
            "Sort Space Used": 25,
            "Sort Space Type": "Memory",
            "Plans": [
              {
                "Node Type": "Seq Scan",
                "Parent Relationship": "Outer",
                "Parallel Aware": false,
                "Relation Name": "keyword",
                "Alias": "k",
                "Startup Cost": 0.0,
                "Total Cost": 3632.4,
                "Plan Rows": 8,
                "Plan Width": 4,
                "Actual Startup Time": 0.095,
                "Actual Total Time": 21.317,
                "Actual Rows": 8,
                "Actual Loops": 1,
                "Filter": "(keyword = ANY ('{superhero,sequel,second-part,marvel-comics,based-on-comic,tv-special,fight,violence}'::text[]))",
                "Rows Removed by Filter": 134162
              }
            ]
          }
        ]
      }
    ]
  },
  "Planning Time": 3.517,
  "Triggers": [],
  "Execution Time": 10752.841
}