[
  {
    "Plan": {
      "Node Type": "Aggregate",
      "Strategy": "Plain",
      "Partial Mode": "Finalize",
      "Parallel Aware": false,
      "Startup Cost": 438814.99,
      "Total Cost": 438815.0,
      "Plan Rows": 1,
      "Plan Width": 8,
      "Actual Startup Time": 2337.399,
      "Actual Total Time": 2394.091,
      "Actual Rows": 1,
      "Actual Loops": 1,
      "Plans": [
        {
          "Node Type": "Gather",
          "Parent Relationship": "Outer",
          "Parallel Aware": false,
          "Startup Cost": 438814.36,
          "Total Cost": 438814.97,
          "Plan Rows": 6,
          "Plan Width": 8,
          "Actual Startup Time": 2325.053,
          "Actual Total Time": 2394.078,
          "Actual Rows": 7,
          "Actual Loops": 1,
          "Workers Planned": 6,
          "Workers Launched": 6,
          "Single Copy": false,
          "Plans": [
            {
              "Node Type": "Aggregate",
              "Strategy": "Plain",
              "Partial Mode": "Partial",
              "Parent Relationship": "Outer",
              "Parallel Aware": false,
              "Startup Cost": 437814.36,
              "Total Cost": 437814.37,
              "Plan Rows": 1,
              "Plan Width": 8,
              "Actual Startup Time": 2315.485,
              "Actual Total Time": 2315.867,
              "Actual Rows": 1,
              "Actual Loops": 7,
              "Plans": [
                {
                  "Node Type": "Hash Join",
                  "Parent Relationship": "Outer",
                  "Parallel Aware": true,
                  "Join Type": "Inner",
                  "Startup Cost": 94767.61,
                  "Total Cost": 434634.5,
                  "Plan Rows": 1271945,
                  "Plan Width": 0,
                  "Actual Startup Time": 380.534,
                  "Actual Total Time": 2132.65,
                  "Actual Rows": 4068281,
                  "Actual Loops": 7,
                  "Inner Unique": false,
                  "Hash Cond": "(ci.movie_id = t.id)",
                  "Plans": [
                    {
                      "Node Type": "Seq Scan",
                      "Parent Relationship": "Outer",
                      "Parallel Aware": true,
                      "Relation Name": "cast_info",
                      "Alias": "ci",
                      "Startup Cost": 0.0,
                      "Total Cost": 313106.51,
                      "Plan Rows": 6041951,
                      "Plan Width": 4,
                      "Actual Startup Time": 0.03,
                      "Actual Total Time": 568.264,
                      "Actual Rows": 5177763,
                      "Actual Loops": 7
                    },
                    {
                      "Node Type": "Hash",
                      "Parent Relationship": "Inner",
                      "Parallel Aware": true,
                      "Startup Cost": 92621.31,
                      "Total Cost": 92621.31,
                      "Plan Rows": 171704,
                      "Plan Width": 8,
                      "Actual Startup Time": 377.699,
                      "Actual Total Time": 378.079,
                      "Actual Rows": 87088,
                      "Actual Loops": 7,
                      "Hash Buckets": 1048576,
                      "Original Hash Buckets": 1048576,
                      "Hash Batches": 1,
                      "Original Hash Batches": 1,
                      "Peak Memory Usage": 32160,
                      "Plans": [
                        {
                          "Node Type": "Hash Join",
                          "Parent Relationship": "Outer",
                          "Parallel Aware": true,
                          "Join Type": "Inner",
                          "Startup Cost": 64753.12,
                          "Total Cost": 92621.31,
                          "Plan Rows": 171704,
                          "Plan Width": 8,
                          "Actual Startup Time": 260.25,
                          "Actual Total Time": 343.916,
                          "Actual Rows": 87088,
                          "Actual Loops": 7,
                          "Inner Unique": true,
                          "Hash Cond": "(mk.movie_id = t.id)",
                          "Plans": [
                            {
                              "Node Type": "Bitmap Heap Scan",
                              "Parent Relationship": "Outer",
                              "Parallel Aware": true,
                              "Relation Name": "movie_keyword",
                              "Alias": "mk",
                              "Startup Cost": 14843.63,
                              "Total Cost": 42119.27,
                              "Plan Rows": 225731,
                              "Plan Width": 4,
                              "Actual Startup Time": 45.673,
                              "Actual Total Time": 91.556,
                              "Actual Rows": 99638,
                              "Actual Loops": 7,
                              "Recheck Cond": "(keyword_id > 27030)",
                              "Rows Removed by Index Recheck": 0,
                              "Exact Heap Blocks": 3415,
                              "Lossy Heap Blocks": 0,
                              "Plans": [
                                {
                                  "Node Type": "Bitmap Index Scan",
                                  "Parent Relationship": "Outer",
                                  "Parallel Aware": false,
                                  "Index Name": "keyword_id_movie_keyword",
                                  "Startup Cost": 0.0,
                                  "Total Cost": 14668.68,
                                  "Plan Rows": 699767,
                                  "Plan Width": 0,
                                  "Actual Startup Time": 41.996,
                                  "Actual Total Time": 41.996,
                                  "Actual Rows": 697465,
                                  "Actual Loops": 1,
                                  "Index Cond": "(keyword_id > 27030)"
                                }
                              ]
                            },
                            {
                              "Node Type": "Hash",
                              "Parent Relationship": "Inner",
                              "Parallel Aware": true,
                              "Startup Cost": 43899.32,
                              "Total Cost": 43899.32,
                              "Plan Rows": 480814,
                              "Plan Width": 4,
                              "Actual Startup Time": 211.874,
                              "Actual Total Time": 211.875,
                              "Actual Rows": 274693,
                              "Actual Loops": 7,
                              "Hash Buckets": 2097152,
                              "Original Hash Buckets": 2097152,
                              "Hash Batches": 1,
                              "Original Hash Batches": 1,
                              "Peak Memory Usage": 91712,
                              "Plans": [
                                {
                                  "Node Type": "Seq Scan",
                                  "Parent Relationship": "Outer",
                                  "Parallel Aware": true,
                                  "Relation Name": "title",
                                  "Alias": "t",
                                  "Startup Cost": 0.0,
                                  "Total Cost": 43899.32,
                                  "Plan Rows": 480814,
                                  "Plan Width": 4,
                                  "Actual Startup Time": 0.044,
                                  "Actual Total Time": 80.06,
                                  "Actual Rows": 274693,
                                  "Actual Loops": 7,
                                  "Filter": "(production_year < 2010)",
                                  "Rows Removed by Filter": 86495
                                }
                              ]
                            }
                          ]
                        }
                      ]
                    }
                  ]
                }
              ]
            }
          ]
        }
      ]
    },
    "Planning Time": 1.057,
    "Triggers": [],
    "Execution Time": 2394.194
  }
]