[
  {
    "Plan": {
      "Node Type": "Aggregate",
      "Strategy": "Plain",
      "Partial Mode": "Finalize",
      "Parallel Aware": false,
      "Startup Cost": 252903.32,
      "Total Cost": 252903.33,
      "Plan Rows": 1,
      "Plan Width": 8,
      "Actual Startup Time": 707.117,
      "Actual Total Time": 723.021,
      "Actual Rows": 1,
      "Actual Loops": 1,
      "Plans": [
        {
          "Node Type": "Gather",
          "Parent Relationship": "Outer",
          "Parallel Aware": false,
          "Startup Cost": 252903.0,
          "Total Cost": 252903.31,
          "Plan Rows": 3,
          "Plan Width": 8,
          "Actual Startup Time": 700.005,
          "Actual Total Time": 723.013,
          "Actual Rows": 4,
          "Actual Loops": 1,
          "Workers Planned": 3,
          "Workers Launched": 3,
          "Single Copy": false,
          "Plans": [
            {
              "Node Type": "Aggregate",
              "Strategy": "Plain",
              "Partial Mode": "Partial",
              "Parent Relationship": "Outer",
              "Parallel Aware": false,
              "Startup Cost": 251903.0,
              "Total Cost": 251903.01,
              "Plan Rows": 1,
              "Plan Width": 8,
              "Actual Startup Time": 685.312,
              "Actual Total Time": 685.318,
              "Actual Rows": 1,
              "Actual Loops": 4,
              "Plans": [
                {
                  "Node Type": "Hash Join",
                  "Parent Relationship": "Outer",
                  "Parallel Aware": true,
                  "Join Type": "Inner",
                  "Startup Cost": 221164.83,
                  "Total Cost": 251694.44,
                  "Plan Rows": 83427,
                  "Plan Width": 0,
                  "Actual Startup Time": 374.632,
                  "Actual Total Time": 619.149,
                  "Actual Rows": 1575306,
                  "Actual Loops": 4,
                  "Inner Unique": false,
                  "Hash Cond": "(mc.movie_id = t.id)",
                  "Plans": [
                    {
                      "Node Type": "Seq Scan",
                      "Parent Relationship": "Outer",
                      "Parallel Aware": true,
                      "Relation Name": "movie_companies",
                      "Alias": "mc",
                      "Startup Cost": 0.0,
                      "Total Cost": 27206.55,
                      "Plan Rows": 841655,
                      "Plan Width": 4,
                      "Actual Startup Time": 0.02,
                      "Actual Total Time": 60.771,
                      "Actual Rows": 652282,
                      "Actual Loops": 4
                    },
                    {
                      "Node Type": "Hash",
                      "Parent Relationship": "Inner",
                      "Parallel Aware": true,
                      "Startup Cost": 220538.29,
                      "Total Cost": 220538.29,
                      "Plan Rows": 50123,
                      "Plan Width": 8,
                      "Actual Startup Time": 371.386,
                      "Actual Total Time": 371.39,
                      "Actual Rows": 74026,
                      "Actual Loops": 4,
                      "Hash Buckets": 524288,
                      "Original Hash Buckets": 262144,
                      "Hash Batches": 1,
                      "Original Hash Batches": 1,
                      "Peak Memory Usage": 17792,
                      "Plans": [
                        {
                          "Node Type": "Hash Join",
                          "Parent Relationship": "Outer",
                          "Parallel Aware": true,
                          "Join Type": "Inner",
                          "Startup Cost": 55905.63,
                          "Total Cost": 220538.29,
                          "Plan Rows": 50123,
                          "Plan Width": 8,
                          "Actual Startup Time": 311.815,
                          "Actual Total Time": 345.507,
                          "Actual Rows": 74026,
                          "Actual Loops": 4,
                          "Inner Unique": true,
                          "Hash Cond": "(mi.movie_id = t.id)",
                          "Plans": [
                            {
                              "Node Type": "Bitmap Heap Scan",
                              "Parent Relationship": "Outer",
                              "Parallel Aware": true,
                              "Relation Name": "movie_info",
                              "Alias": "mi",
                              "Startup Cost": 5618.66,
                              "Total Cost": 170088.58,
                              "Plan Rows": 61993,
                              "Plan Width": 4,
                              "Actual Startup Time": 9.412,
                              "Actual Total Time": 25.577,
                              "Actual Rows": 76697,
                              "Actual Loops": 4,
                              "Recheck Cond": "(info_type_id > 105)",
                              "Rows Removed by Index Recheck": 0,
                              "Exact Heap Blocks": 1667,
                              "Lossy Heap Blocks": 0,
                              "Plans": [
                                {
                                  "Node Type": "Bitmap Index Scan",
                                  "Parent Relationship": "Outer",
                                  "Parallel Aware": false,
                                  "Index Name": "info_type_id_movie_info",
                                  "Startup Cost": 0.0,
                                  "Total Cost": 5541.16,
                                  "Plan Rows": 309964,
                                  "Plan Width": 0,
                                  "Actual Startup Time": 8.789,
                                  "Actual Total Time": 8.789,
                                  "Actual Rows": 306788,
                                  "Actual Loops": 1,
                                  "Index Cond": "(info_type_id > 105)"
                                }
                              ]
                            },
                            {
                              "Node Type": "Hash",
                              "Parent Relationship": "Inner",
                              "Parallel Aware": true,
                              "Startup Cost": 43898.92,
                              "Total Cost": 43898.92,
                              "Plan Rows": 511045,
                              "Plan Width": 4,
                              "Actual Startup Time": 295.434,
                              "Actual Total Time": 295.435,
                              "Actual Rows": 508110,
                              "Actual Loops": 4,
                              "Hash Buckets": 2097152,
                              "Original Hash Buckets": 2097152,
                              "Hash Batches": 1,
                              "Original Hash Batches": 1,
                              "Peak Memory Usage": 95968,
                              "Plans": [
                                {
                                  "Node Type": "Seq Scan",
                                  "Parent Relationship": "Outer",
                                  "Parallel Aware": true,
                                  "Relation Name": "title",
                                  "Alias": "t",
                                  "Startup Cost": 0.0,
                                  "Total Cost": 43898.92,
                                  "Plan Rows": 511045,
                                  "Plan Width": 4,
                                  "Actual Startup Time": 0.036,
                                  "Actual Total Time": 116.926,
                                  "Actual Rows": 508110,
                                  "Actual Loops": 4,
                                  "Filter": "(production_year > 1973)",
                                  "Rows Removed by Filter": 123968
                                }
                              ]
                            }
                          ]
                        }
                      ]
                    }
                  ]
                }
              ]
            }
          ]
        }
      ]
    },
    "Planning Time": 1.128,
    "Triggers": [],
    "Execution Time": 723.137
  }
]