[
  {
    "Plan": {
      "Node Type": "Aggregate",
      "Strategy": "Plain",
      "Partial Mode": "Finalize",
      "Parallel Aware": false,
      "Startup Cost": 31981.3,
      "Total Cost": 31981.31,
      "Plan Rows": 1,
      "Plan Width": 8,
      "Actual Startup Time": 131.626,
      "Actual Total Time": 139.907,
      "Actual Rows": 1,
      "Actual Loops": 1,
      "Plans": [
        {
          "Node Type": "Gather",
          "Parent Relationship": "Outer",
          "Parallel Aware": false,
          "Startup Cost": 31980.99,
          "Total Cost": 31981.3,
          "Plan Rows": 3,
          "Plan Width": 8,
          "Actual Startup Time": 131.517,
          "Actual Total Time": 139.898,
          "Actual Rows": 4,
          "Actual Loops": 1,
          "Workers Planned": 3,
          "Workers Launched": 3,
          "Single Copy": false,
          "Plans": [
            {
              "Node Type": "Aggregate",
              "Strategy": "Plain",
              "Partial Mode": "Partial",
              "Parent Relationship": "Outer",
              "Parallel Aware": false,
              "Startup Cost": 30980.99,
              "Total Cost": 30981.0,
              "Plan Rows": 1,
              "Plan Width": 8,
              "Actual Startup Time": 115.369,
              "Actual Total Time": 115.37,
              "Actual Rows": 1,
              "Actual Loops": 4,
              "Plans": [
                {
                  "Node Type": "Seq Scan",
                  "Parent Relationship": "Outer",
                  "Parallel Aware": true,
                  "Relation Name": "movie_companies",
                  "Alias": "mc",
                  "Startup Cost": 0.0,
                  "Total Cost": 29310.68,
                  "Plan Rows": 668122,
                  "Plan Width": 0,
                  "Actual Startup Time": 0.047,
                  "Actual Total Time": 87.561,
                  "Actual Rows": 515136,
                  "Actual Loops": 4,
                  "Filter": "(company_id < 71909)",
                  "Rows Removed by Filter": 137146
                }
              ]
            }
          ]
        }
      ]
    },
    "Planning Time": 0.189,
    "Triggers": [],
    "Execution Time": 139.963
  }
]