{
  "Plan": {
    "Node Type": "Aggregate",
    "Strategy": "Plain",
    "Partial Mode": "Finalize",
    "Parallel Aware": false,
    "Startup Cost": 94239.56,
    "Total Cost": 94239.57,
    "Plan Rows": 1,
    "Plan Width": 8,
    "Actual Startup Time": 371.1,
    "Actual Total Time": 386.782,
    "Actual Rows": 1,
    "Actual Loops": 1,
    "Plans": [
      {
        "Node Type": "Gather",
        "Parent Relationship": "Outer",
        "Parallel Aware": false,
        "Startup Cost": 94239.45,
        "Total Cost": 94239.56,
        "Plan Rows": 1,
        "Plan Width": 8,
        "Actual Startup Time": 370.808,
        "Actual Total Time": 386.774,
        "Actual Rows": 2,
        "Actual Loops": 1,
        "Workers Planned": 1,
        "Workers Launched": 1,
        "Single Copy": false,
        "Plans": [
          {
            "Node Type": "Aggregate",
            "Strategy": "Plain",
            "Partial Mode": "Partial",
            "Parent Relationship": "Outer",
            "Parallel Aware": false,
            "Startup Cost": 93239.45,
            "Total Cost": 93239.46,
            "Plan Rows": 1,
            "Plan Width": 8,
            "Actual Startup Time": 365.114,
            "Actual Total Time": 365.118,
            "Actual Rows": 1,
            "Actual Loops": 2,
            "Plans": [
              {
                "Node Type": "Hash Join",
                "Parent Relationship": "Outer",
                "Parallel Aware": true,
                "Join Type": "Inner",
                "Startup Cost": 54989.94,
                "Total Cost": 93156.57,
                "Plan Rows": 33151,
                "Plan Width": 0,
                "Actual Startup Time": 144.535,
                "Actual Total Time": 364.148,
                "Actual Rows": 20819,
                "Actual Loops": 2,
                "Inner Unique": true,
                "Hash Cond": "(mc.movie_id = t.id)",
                "Plans": [
                  {
                    "Node Type": "Seq Scan",
                    "Parent Relationship": "Outer",
                    "Parallel Aware": true,
                    "Relation Name": "movie_companies",
                    "Alias": "mc",
                    "Startup Cost": 0.0,
                    "Total Cost": 34137.82,
                    "Plan Rows": 1534782,
                    "Plan Width": 4,
                    "Actual Startup Time": 0.013,
                    "Actual Total Time": 95.842,
                    "Actual Rows": 1304564,
                    "Actual Loops": 2
                  },
                  {
                    "Node Type": "Hash",
                    "Parent Relationship": "Inner",
                    "Parallel Aware": true,
                    "Startup Cost": 54588.39,
                    "Total Cost": 54588.39,
                    "Plan Rows": 32124,
                    "Plan Width": 4,
                    "Actual Startup Time": 142.94,
                    "Actual Total Time": 142.941,
                    "Actual Rows": 25282,
                    "Actual Loops": 2,
                    "Hash Buckets": 65536,
                    "Original Hash Buckets": 65536,
                    "Hash Batches": 1,
                    "Original Hash Batches": 1,
                    "Peak Memory Usage": 2496,
                    "Plans": [
                      {
                        "Node Type": "Seq Scan",
                        "Parent Relationship": "Outer",
                        "Parallel Aware": true,
                        "Relation Name": "title",
                        "Alias": "t",
                        "Startup Cost": 0.0,
                        "Total Cost": 54588.39,
                        "Plan Rows": 32124,
                        "Plan Width": 4,
                        "Actual Startup Time": 0.041,
                        "Actual Total Time": 134.711,
                        "Actual Rows": 25282,
                        "Actual Loops": 2,
                        "Filter": "(production_year = 1999)",
                        "Rows Removed by Filter": 1238874
                      }
                    ]
                  }
                ]
              }
            ]
          }
        ]
      }
    ]
  },
  "Planning Time": 0.415,
  "Triggers": [],
  "Execution Time": 386.852
}