[
  {
    "Plan": {
      "Node Type": "Aggregate",
      "Strategy": "Plain",
      "Partial Mode": "Finalize",
      "Parallel Aware": false,
      "Startup Cost": 47365.26,
      "Total Cost": 47365.27,
      "Plan Rows": 1,
      "Plan Width": 8,
      "Actual Startup Time": 124.426,
      "Actual Total Time": 138.671,
      "Actual Rows": 1,
      "Actual Loops": 1,
      "Plans": [
        {
          "Node Type": "Gather",
          "Parent Relationship": "Outer",
          "Parallel Aware": false,
          "Startup Cost": 47364.84,
          "Total Cost": 47365.25,
          "Plan Rows": 4,
          "Plan Width": 8,
          "Actual Startup Time": 124.134,
          "Actual Total Time": 138.651,
          "Actual Rows": 5,
          "Actual Loops": 1,
          "Workers Planned": 4,
          "Workers Launched": 4,
          "Single Copy": false,
          "Plans": [
            {
              "Node Type": "Aggregate",
              "Strategy": "Plain",
              "Partial Mode": "Partial",
              "Parent Relationship": "Outer",
              "Parallel Aware": false,
              "Startup Cost": 46364.84,
              "Total Cost": 46364.85,
              "Plan Rows": 1,
              "Plan Width": 8,
              "Actual Startup Time": 114.574,
              "Actual Total Time": 114.575,
              "Actual Rows": 1,
              "Actual Loops": 5,
              "Plans": [
                {
                  "Node Type": "Seq Scan",
                  "Parent Relationship": "Outer",
                  "Parallel Aware": true,
                  "Relation Name": "title",
                  "Alias": "t",
                  "Startup Cost": 0.0,
                  "Total Cost": 45479.59,
                  "Plan Rows": 354102,
                  "Plan Width": 0,
                  "Actual Startup Time": 0.061,
                  "Actual Total Time": 98.293,
                  "Actual Rows": 297780,
                  "Actual Loops": 5,
                  "Filter": "((kind_id > 4) AND (production_year > 1949))",
                  "Rows Removed by Filter": 207882
                }
              ]
            }
          ]
        }
      ]
    },
    "Planning Time": 0.14,
    "Triggers": [],
    "Execution Time": 138.721
  }
]