[
  {
    "Plan": {
      "Node Type": "Aggregate",
      "Strategy": "Plain",
      "Partial Mode": "Finalize",
      "Parallel Aware": false,
      "Startup Cost": 46752.03,
      "Total Cost": 46752.04,
      "Plan Rows": 1,
      "Plan Width": 8,
      "Actual Startup Time": 116.954,
      "Actual Total Time": 131.246,
      "Actual Rows": 1,
      "Actual Loops": 1,
      "Plans": [
        {
          "Node Type": "Gather",
          "Parent Relationship": "Outer",
          "Parallel Aware": false,
          "Startup Cost": 46751.61,
          "Total Cost": 46752.02,
          "Plan Rows": 4,
          "Plan Width": 8,
          "Actual Startup Time": 116.776,
          "Actual Total Time": 131.231,
          "Actual Rows": 5,
          "Actual Loops": 1,
          "Workers Planned": 4,
          "Workers Launched": 4,
          "Single Copy": false,
          "Plans": [
            {
              "Node Type": "Aggregate",
              "Strategy": "Plain",
              "Partial Mode": "Partial",
              "Parent Relationship": "Outer",
              "Parallel Aware": false,
              "Startup Cost": 45751.61,
              "Total Cost": 45751.62,
              "Plan Rows": 1,
              "Plan Width": 8,
              "Actual Startup Time": 108.153,
              "Actual Total Time": 108.155,
              "Actual Rows": 1,
              "Actual Loops": 5,
              "Plans": [
                {
                  "Node Type": "Seq Scan",
                  "Parent Relationship": "Outer",
                  "Parallel Aware": true,
                  "Relation Name": "title",
                  "Alias": "t",
                  "Startup Cost": 0.0,
                  "Total Cost": 45479.59,
                  "Plan Rows": 108808,
                  "Plan Width": 0,
                  "Actual Startup Time": 0.087,
                  "Actual Total Time": 101.586,
                  "Actual Rows": 92972,
                  "Actual Loops": 5,
                  "Filter": "((kind_id > 3) AND (production_year > 2008))",
                  "Rows Removed by Filter": 412691
                }
              ]
            }
          ]
        }
      ]
    },
    "Planning Time": 0.109,
    "Triggers": [],
    "Execution Time": 131.307
  }
]