[
    {
        "Bao": {
            "Bao prediction": "NaN",
            "Bao recommended hint": "(no hint)"
        }
    },
    {
        "Plan": {
            "Node Type": "Aggregate",
            "Strategy": "Plain",
            "Partial Mode": "Finalize",
            "Parallel Aware": false,
            "Startup Cost": 364974.49,
            "Total Cost": 364974.5,
            "Plan Rows": 1,
            "Plan Width": 8,
            "Actual Startup Time": 1602.789,
            "Actual Total Time": 1631.659,
            "Actual Rows": 1,
            "Actual Loops": 1,
            "Output": [
                "count(*)"
            ],
            "Plans": [
                {
                    "Node Type": "Gather",
                    "Parent Relationship": "Outer",
                    "Parallel Aware": false,
                    "Startup Cost": 364973.97,
                    "Total Cost": 364974.48,
                    "Plan Rows": 5,
                    "Plan Width": 8,
                    "Actual Startup Time": 1595.858,
                    "Actual Total Time": 1631.651,
                    "Actual Rows": 6,
                    "Actual Loops": 1,
                    "Output": [
                        "(PARTIAL count(*))"
                    ],
                    "Workers Planned": 5,
                    "Workers Launched": 5,
                    "Single Copy": false,
                    "Plans": [
                        {
                            "Node Type": "Aggregate",
                            "Strategy": "Plain",
                            "Partial Mode": "Partial",
                            "Parent Relationship": "Outer",
                            "Parallel Aware": false,
                            "Startup Cost": 363973.97,
                            "Total Cost": 363973.98,
                            "Plan Rows": 1,
                            "Plan Width": 8,
                            "Actual Startup Time": 1584.148,
                            "Actual Total Time": 1584.154,
                            "Actual Rows": 1,
                            "Actual Loops": 6,
                            "Output": [
                                "PARTIAL count(*)"
                            ],
                            "Workers": [
                                {
                                    "Worker Number": 0,
                                    "Actual Startup Time": 1579.724,
                                    "Actual Total Time": 1579.729,
                                    "Actual Rows": 1,
                                    "Actual Loops": 1
                                },
                                {
                                    "Worker Number": 1,
                                    "Actual Startup Time": 1580.0,
                                    "Actual Total Time": 1580.005,
                                    "Actual Rows": 1,
                                    "Actual Loops": 1
                                },
                                {
                                    "Worker Number": 2,
                                    "Actual Startup Time": 1583.075,
                                    "Actual Total Time": 1583.081,
                                    "Actual Rows": 1,
                                    "Actual Loops": 1
                                },
                                {
                                    "Worker Number": 3,
                                    "Actual Startup Time": 1583.113,
                                    "Actual Total Time": 1583.118,
                                    "Actual Rows": 1,
                                    "Actual Loops": 1
                                },
                                {
                                    "Worker Number": 4,
                                    "Actual Startup Time": 1583.5,
                                    "Actual Total Time": 1583.505,
                                    "Actual Rows": 1,
                                    "Actual Loops": 1
                                }
                            ],
                            "Plans": [
                                {
                                    "Node Type": "Hash Join",
                                    "Parent Relationship": "Outer",
                                    "Parallel Aware": true,
                                    "Join Type": "Inner",
                                    "Startup Cost": 156975.8,
                                    "Total Cost": 361513.6,
                                    "Plan Rows": 984149,
                                    "Plan Width": 0,
                                    "Actual Startup Time": 561.545,
                                    "Actual Total Time": 1522.107,
                                    "Actual Rows": 1378622,
                                    "Actual Loops": 6,
                                    "Inner Unique": false,
                                    "Hash Cond": "(mi.movie_id = t.id)",
                                    "Workers": [
                                        {
                                            "Worker Number": 0,
                                            "Actual Startup Time": 557.076,
                                            "Actual Total Time": 1520.479,
                                            "Actual Rows": 1411664,
                                            "Actual Loops": 1
                                        },
                                        {
                                            "Worker Number": 1,
                                            "Actual Startup Time": 557.4,
                                            "Actual Total Time": 1521.249,
                                            "Actual Rows": 1440043,
                                            "Actual Loops": 1
                                        },
                                        {
                                            "Worker Number": 2,
                                            "Actual Startup Time": 560.485,
                                            "Actual Total Time": 1514.335,
                                            "Actual Rows": 1029378,
                                            "Actual Loops": 1
                                        },
                                        {
                                            "Worker Number": 3,
                                            "Actual Startup Time": 560.783,
                                            "Actual Total Time": 1523.267,
                                            "Actual Rows": 1469967,
                                            "Actual Loops": 1
                                        },
                                        {
                                            "Worker Number": 4,
                                            "Actual Startup Time": 560.886,
                                            "Actual Total Time": 1524.917,
                                            "Actual Rows": 1391185,
                                            "Actual Loops": 1
                                        }
                                    ],
                                    "Plans": [
                                        {
                                            "Node Type": "Seq Scan",
                                            "Parent Relationship": "Outer",
                                            "Parallel Aware": true,
                                            "Relation Name": "movie_info",
                                            "Schema": "public",
                                            "Alias": "mi",
                                            "Startup Cost": 0.0,
                                            "Total Cost": 191503.19,
                                            "Plan Rows": 2951019,
                                            "Plan Width": 4,
                                            "Actual Startup Time": 0.027,
                                            "Actual Total Time": 284.716,
                                            "Actual Rows": 2472620,
                                            "Actual Loops": 6,
                                            "Output": [
                                                "mi.id",
                                                "mi.movie_id",
                                                "mi.info_type_id",
                                                "mi.info",
                                                "mi.note"
                                            ],
                                            "Workers": [
                                                {
                                                    "Worker Number": 0,
                                                    "Actual Startup Time": 0.03,
                                                    "Actual Total Time": 294.044,
                                                    "Actual Rows": 2496367,
                                                    "Actual Loops": 1
                                                },
                                                {
                                                    "Worker Number": 1,
                                                    "Actual Startup Time": 0.028,
                                                    "Actual Total Time": 288.039,
                                                    "Actual Rows": 2589431,
                                                    "Actual Loops": 1
                                                },
                                                {
                                                    "Worker Number": 2,
                                                    "Actual Startup Time": 0.033,
                                                    "Actual Total Time": 309.677,
                                                    "Actual Rows": 1837949,
                                                    "Actual Loops": 1
                                                },
                                                {
                                                    "Worker Number": 3,
                                                    "Actual Startup Time": 0.03,
                                                    "Actual Total Time": 288.875,
                                                    "Actual Rows": 2624630,
                                                    "Actual Loops": 1
                                                },
                                                {
                                                    "Worker Number": 4,
                                                    "Actual Startup Time": 0.031,
                                                    "Actual Total Time": 294.886,
                                                    "Actual Rows": 2501317,
                                                    "Actual Loops": 1
                                                }
                                            ]
                                        },
                                        {
                                            "Node Type": "Hash",
                                            "Parent Relationship": "Inner",
                                            "Parallel Aware": true,
                                            "Startup Cost": 154867.85,
                                            "Total Cost": 154867.85,
                                            "Plan Rows": 168636,
                                            "Plan Width": 8,
                                            "Actual Startup Time": 558.577,
                                            "Actual Total Time": 558.581,
                                            "Actual Rows": 194066,
                                            "Actual Loops": 6,
                                            "Output": [
                                                "t.id",
                                                "ci.movie_id"
                                            ],
                                            "Hash Buckets": 2097152,
                                            "Original Hash Buckets": 1048576,
                                            "Hash Batches": 1,
                                            "Original Hash Batches": 1,
                                            "Peak Memory Usage": 70208,
                                            "Workers": [
                                                {
                                                    "Worker Number": 0,
                                                    "Actual Startup Time": 555.793,
                                                    "Actual Total Time": 555.797,
                                                    "Actual Rows": 202809,
                                                    "Actual Loops": 1
                                                },
                                                {
                                                    "Worker Number": 1,
                                                    "Actual Startup Time": 556.111,
                                                    "Actual Total Time": 556.115,
                                                    "Actual Rows": 199675,
                                                    "Actual Loops": 1
                                                },
                                                {
                                                    "Worker Number": 2,
                                                    "Actual Startup Time": 559.082,
                                                    "Actual Total Time": 559.086,
                                                    "Actual Rows": 147909,
                                                    "Actual Loops": 1
                                                },
                                                {
                                                    "Worker Number": 3,
                                                    "Actual Startup Time": 559.208,
                                                    "Actual Total Time": 559.211,
                                                    "Actual Rows": 204399,
                                                    "Actual Loops": 1
                                                },
                                                {
                                                    "Worker Number": 4,
                                                    "Actual Startup Time": 559.628,
                                                    "Actual Total Time": 559.632,
                                                    "Actual Rows": 201709,
                                                    "Actual Loops": 1
                                                }
                                            ],
                                            "Plans": [
                                                {
                                                    "Node Type": "Hash Join",
                                                    "Parent Relationship": "Outer",
                                                    "Parallel Aware": true,
                                                    "Join Type": "Inner",
                                                    "Startup Cost": 45563.61,
                                                    "Total Cost": 154867.85,
                                                    "Plan Rows": 168636,
                                                    "Plan Width": 8,
                                                    "Actual Startup Time": 117.313,
                                                    "Actual Total Time": 457.098,
                                                    "Actual Rows": 194066,
                                                    "Actual Loops": 6,
                                                    "Output": [
                                                        "t.id",
                                                        "ci.movie_id"
                                                    ],
                                                    "Inner Unique": true,
                                                    "Hash Cond": "(ci.movie_id = t.id)",
                                                    "Workers": [
                                                        {
                                                            "Worker Number": 0,
                                                            "Actual Startup Time": 114.364,
                                                            "Actual Total Time": 454.354,
                                                            "Actual Rows": 202809,
                                                            "Actual Loops": 1
                                                        },
                                                        {
                                                            "Worker Number": 1,
                                                            "Actual Startup Time": 114.944,
                                                            "Actual Total Time": 453.018,
                                                            "Actual Rows": 199675,
                                                            "Actual Loops": 1
                                                        },
                                                        {
                                                            "Worker Number": 2,
                                                            "Actual Startup Time": 118.03,
                                                            "Actual Total Time": 461.979,
                                                            "Actual Rows": 147909,
                                                            "Actual Loops": 1
                                                        },
                                                        {
                                                            "Worker Number": 3,
                                                            "Actual Startup Time": 117.913,
                                                            "Actual Total Time": 456.633,
                                                            "Actual Rows": 204399,
                                                            "Actual Loops": 1
                                                        },
                                                        {
                                                            "Worker Number": 4,
                                                            "Actual Startup Time": 118.29,
                                                            "Actual Total Time": 458.336,
                                                            "Actual Rows": 201709,
                                                            "Actual Loops": 1
                                                        }
                                                    ],
                                                    "Plans": [
                                                        {
                                                            "Node Type": "Index Scan",
                                                            "Parent Relationship": "Outer",
                                                            "Parallel Aware": true,
                                                            "Scan Direction": "Forward",
                                                            "Index Name": "role_id_cast_info",
                                                            "Relation Name": "cast_info",
                                                            "Schema": "public",
                                                            "Alias": "ci",
                                                            "Startup Cost": 0.56,
                                                            "Total Cost": 107202.96,
                                                            "Plan Rows": 800703,
                                                            "Plan Width": 4,
                                                            "Actual Startup Time": 0.106,
                                                            "Actual Total Time": 154.802,
                                                            "Actual Rows": 668006,
                                                            "Actual Loops": 6,
                                                            "Output": [
                                                                "ci.id",
                                                                "ci.person_id",
                                                                "ci.movie_id",
                                                                "ci.person_role_id",
                                                                "ci.note",
                                                                "ci.nr_order",
                                                                "ci.role_id"
                                                            ],
                                                            "Index Cond": "(ci.role_id = 3)",
                                                            "Rows Removed by Index Recheck": 0,
                                                            "Workers": [
                                                                {
                                                                    "Worker Number": 0,
                                                                    "Actual Startup Time": 0.096,
                                                                    "Actual Total Time": 157.082,
                                                                    "Actual Rows": 701106,
                                                                    "Actual Loops": 1
                                                                },
                                                                {
                                                                    "Worker Number": 1,
                                                                    "Actual Startup Time": 0.137,
                                                                    "Actual Total Time": 151.093,
                                                                    "Actual Rows": 689546,
                                                                    "Actual Loops": 1
                                                                },
                                                                {
                                                                    "Worker Number": 2,
                                                                    "Actual Startup Time": 0.185,
                                                                    "Actual Total Time": 162.29,
                                                                    "Actual Rows": 507789,
                                                                    "Actual Loops": 1
                                                                },
                                                                {
                                                                    "Worker Number": 3,
                                                                    "Actual Startup Time": 0.086,
                                                                    "Actual Total Time": 152.873,
                                                                    "Actual Rows": 697735,
                                                                    "Actual Loops": 1
                                                                },
                                                                {
                                                                    "Worker Number": 4,
                                                                    "Actual Startup Time": 0.065,
                                                                    "Actual Total Time": 157.351,
                                                                    "Actual Rows": 702029,
                                                                    "Actual Loops": 1
                                                                }
                                                            ]
                                                        },
                                                        {
                                                            "Node Type": "Hash",
                                                            "Parent Relationship": "Inner",
                                                            "Parallel Aware": true,
                                                            "Startup Cost": 43899.01,
                                                            "Total Cost": 43899.01,
                                                            "Plan Rows": 133123,
                                                            "Plan Width": 4,
                                                            "Actual Startup Time": 115.879,
                                                            "Actual Total Time": 115.881,
                                                            "Actual Rows": 88895,
                                                            "Actual Loops": 6,
                                                            "Output": [
                                                                "t.id"
                                                            ],
                                                            "Hash Buckets": 1048576,
                                                            "Original Hash Buckets": 1048576,
                                                            "Hash Batches": 1,
                                                            "Original Hash Batches": 1,
                                                            "Peak Memory Usage": 29120,
                                                            "Workers": [
                                                                {
                                                                    "Worker Number": 0,
                                                                    "Actual Startup Time": 114.184,
                                                                    "Actual Total Time": 114.186,
                                                                    "Actual Rows": 82597,
                                                                    "Actual Loops": 1
                                                                },
                                                                {
                                                                    "Worker Number": 1,
                                                                    "Actual Startup Time": 114.462,
                                                                    "Actual Total Time": 114.463,
                                                                    "Actual Rows": 82749,
                                                                    "Actual Loops": 1
                                                                },
                                                                {
                                                                    "Worker Number": 2,
                                                                    "Actual Startup Time": 117.541,
                                                                    "Actual Total Time": 117.543,
                                                                    "Actual Rows": 62854,
                                                                    "Actual Loops": 1
                                                                },
                                                                {
                                                                    "Worker Number": 3,
                                                                    "Actual Startup Time": 117.581,
                                                                    "Actual Total Time": 117.583,
                                                                    "Actual Rows": 84101,
                                                                    "Actual Loops": 1
                                                                },
                                                                {
                                                                    "Worker Number": 4,
                                                                    "Actual Startup Time": 117.961,
                                                                    "Actual Total Time": 117.963,
                                                                    "Actual Rows": 78071,
                                                                    "Actual Loops": 1
                                                                }
                                                            ],
                                                            "Plans": [
                                                                {
                                                                    "Node Type": "Seq Scan",
                                                                    "Parent Relationship": "Outer",
                                                                    "Parallel Aware": true,
                                                                    "Relation Name": "title",
                                                                    "Schema": "public",
                                                                    "Alias": "t",
                                                                    "Startup Cost": 0.0,
                                                                    "Total Cost": 43899.01,
                                                                    "Plan Rows": 133123,
                                                                    "Plan Width": 4,
                                                                    "Actual Startup Time": 0.046,
                                                                    "Actual Total Time": 76.25,
                                                                    "Actual Rows": 88895,
                                                                    "Actual Loops": 6,
                                                                    "Output": [
                                                                        "t.id"
                                                                    ],
                                                                    "Filter": "(t.production_year > 2009)",
                                                                    "Rows Removed by Filter": 332490,
                                                                    "Workers": [
                                                                        {
                                                                            "Worker Number": 0,
                                                                            "Actual Startup Time": 0.028,
                                                                            "Actual Total Time": 78.652,
                                                                            "Actual Rows": 82597,
                                                                            "Actual Loops": 1
                                                                        },
                                                                        {
                                                                            "Worker Number": 1,
                                                                            "Actual Startup Time": 0.047,
                                                                            "Actual Total Time": 76.422,
                                                                            "Actual Rows": 82749,
                                                                            "Actual Loops": 1
                                                                        },
                                                                        {
                                                                            "Worker Number": 2,
                                                                            "Actual Startup Time": 0.058,
                                                                            "Actual Total Time": 79.039,
                                                                            "Actual Rows": 62854,
                                                                            "Actual Loops": 1
                                                                        },
                                                                        {
                                                                            "Worker Number": 3,
                                                                            "Actual Startup Time": 0.063,
                                                                            "Actual Total Time": 76.11,
                                                                            "Actual Rows": 84101,
                                                                            "Actual Loops": 1
                                                                        },
                                                                        {
                                                                            "Worker Number": 4,
                                                                            "Actual Startup Time": 0.064,
                                                                            "Actual Total Time": 77.592,
                                                                            "Actual Rows": 78071,
                                                                            "Actual Loops": 1
                                                                        }
                                                                    ]
                                                                }
                                                            ]
                                                        }
                                                    ]
                                                }
                                            ]
                                        }
                                    ]
                                }
                            ]
                        }
                    ]
                }
            ]
        },
        "Planning Time": 202.887,
        "Triggers": [],
        "Execution Time": 1631.743
    }
]