[
  {
    "Plan": {
      "Node Type": "Aggregate",
      "Strategy": "Plain",
      "Partial Mode": "Finalize",
      "Parallel Aware": false,
      "Startup Cost": 31880.66,
      "Total Cost": 31880.67,
      "Plan Rows": 1,
      "Plan Width": 8,
      "Actual Startup Time": 112.271,
      "Actual Total Time": 120.28,
      "Actual Rows": 1,
      "Actual Loops": 1,
      "Plans": [
        {
          "Node Type": "Gather",
          "Parent Relationship": "Outer",
          "Parallel Aware": false,
          "Startup Cost": 31880.35,
          "Total Cost": 31880.66,
          "Plan Rows": 3,
          "Plan Width": 8,
          "Actual Startup Time": 112.123,
          "Actual Total Time": 120.269,
          "Actual Rows": 4,
          "Actual Loops": 1,
          "Workers Planned": 3,
          "Workers Launched": 3,
          "Single Copy": false,
          "Plans": [
            {
              "Node Type": "Aggregate",
              "Strategy": "Plain",
              "Partial Mode": "Partial",
              "Parent Relationship": "Outer",
              "Parallel Aware": false,
              "Startup Cost": 30880.35,
              "Total Cost": 30880.36,
              "Plan Rows": 1,
              "Plan Width": 8,
              "Actual Startup Time": 107.519,
              "Actual Total Time": 107.52,
              "Actual Rows": 1,
              "Actual Loops": 4,
              "Plans": [
                {
                  "Node Type": "Seq Scan",
                  "Parent Relationship": "Outer",
                  "Parallel Aware": true,
                  "Relation Name": "movie_companies",
                  "Alias": "mc",
                  "Startup Cost": 0.0,
                  "Total Cost": 29310.68,
                  "Plan Rows": 627866,
                  "Plan Width": 0,
                  "Actual Startup Time": 0.036,
                  "Actual Total Time": 83.526,
                  "Actual Rows": 488312,
                  "Actual Loops": 4,
                  "Filter": "(company_id < 53385)",
                  "Rows Removed by Filter": 163970
                }
              ]
            }
          ]
        }
      ]
    },
    "Planning Time": 0.136,
    "Triggers": [],
    "Execution Time": 120.317
  }
]