[
  {
    "Plan": {
      "Node Type": "Aggregate",
      "Strategy": "Plain",
      "Partial Mode": "Finalize",
      "Parallel Aware": false,
      "Startup Cost": 51544.6,
      "Total Cost": 51544.61,
      "Plan Rows": 1,
      "Plan Width": 8,
      "Actual Startup Time": 96.77,
      "Actual Total Time": 111.05,
      "Actual Rows": 1,
      "Actual Loops": 1,
      "Plans": [
        {
          "Node Type": "Gather",
          "Parent Relationship": "Outer",
          "Parallel Aware": false,
          "Startup Cost": 51544.18,
          "Total Cost": 51544.59,
          "Plan Rows": 4,
          "Plan Width": 8,
          "Actual Startup Time": 96.67,
          "Actual Total Time": 111.043,
          "Actual Rows": 5,
          "Actual Loops": 1,
          "Workers Planned": 4,
          "Workers Launched": 4,
          "Single Copy": false,
          "Plans": [
            {
              "Node Type": "Aggregate",
              "Strategy": "Plain",
              "Partial Mode": "Partial",
              "Parent Relationship": "Outer",
              "Parallel Aware": false,
              "Startup Cost": 50544.18,
              "Total Cost": 50544.19,
              "Plan Rows": 1,
              "Plan Width": 8,
              "Actual Startup Time": 87.823,
              "Actual Total Time": 87.825,
              "Actual Rows": 1,
              "Actual Loops": 5,
              "Plans": [
                {
                  "Node Type": "Nested Loop",
                  "Parent Relationship": "Outer",
                  "Parallel Aware": false,
                  "Join Type": "Inner",
                  "Startup Cost": 0.43,
                  "Total Cost": 50542.62,
                  "Plan Rows": 624,
                  "Plan Width": 0,
                  "Actual Startup Time": 11.975,
                  "Actual Total Time": 87.773,
                  "Actual Rows": 571,
                  "Actual Loops": 5,
                  "Inner Unique": false,
                  "Plans": [
                    {
                      "Node Type": "Seq Scan",
                      "Parent Relationship": "Outer",
                      "Parallel Aware": true,
                      "Relation Name": "title",
                      "Alias": "t",
                      "Startup Cost": 0.0,
                      "Total Cost": 43898.92,
                      "Plan Rows": 730,
                      "Plan Width": 4,
                      "Actual Startup Time": 3.241,
                      "Actual Total Time": 81.384,
                      "Actual Rows": 703,
                      "Actual Loops": 5,
                      "Filter": "(production_year > 2013)",
                      "Rows Removed by Filter": 504959
                    },
                    {
                      "Node Type": "Index Scan",
                      "Parent Relationship": "Inner",
                      "Parallel Aware": false,
                      "Scan Direction": "Forward",
                      "Index Name": "movie_id_movie_keyword",
                      "Relation Name": "movie_keyword",
                      "Alias": "mk",
                      "Startup Cost": 0.43,
                      "Total Cost": 8.88,
                      "Plan Rows": 22,
                      "Plan Width": 4,
                      "Actual Startup Time": 0.008,
                      "Actual Total Time": 0.009,
                      "Actual Rows": 1,
                      "Actual Loops": 3515,
                      "Index Cond": "(movie_id = t.id)",
                      "Rows Removed by Index Recheck": 0,
                      "Filter": "(keyword_id < 4168)",
                      "Rows Removed by Filter": 1
                    }
                  ]
                }
              ]
            }
          ]
        }
      ]
    },
    "Planning Time": 0.567,
    "Triggers": [],
    "Execution Time": 111.115
  }
]