{
  "Plan": {
    "Node Type": "Aggregate",
    "Strategy": "Plain",
    "Partial Mode": "Finalize",
    "Parallel Aware": false,
    "Startup Cost": 441936.13,
    "Total Cost": 441936.14,
    "Plan Rows": 1,
    "Plan Width": 8,
    "Actual Startup Time": 2142.554,
    "Actual Total Time": 2143.04,
    "Actual Rows": 1,
    "Actual Loops": 1,
    "Plans": [
      {
        "Node Type": "Gather",
        "Parent Relationship": "Outer",
        "Parallel Aware": false,
        "Startup Cost": 441936.02,
        "Total Cost": 441936.13,
        "Plan Rows": 1,
        "Plan Width": 8,
        "Actual Startup Time": 2142.542,
        "Actual Total Time": 2143.033,
        "Actual Rows": 2,
        "Actual Loops": 1,
        "Workers Planned": 1,
        "Workers Launched": 1,
        "Single Copy": false,
        "Plans": [
          {
            "Node Type": "Aggregate",
            "Strategy": "Plain",
            "Partial Mode": "Partial",
            "Parent Relationship": "Outer",
            "Parallel Aware": false,
            "Startup Cost": 440936.02,
            "Total Cost": 440936.03,
            "Plan Rows": 1,
            "Plan Width": 8,
            "Actual Startup Time": 2032.554,
            "Actual Total Time": 2032.558,
            "Actual Rows": 1,
            "Actual Loops": 2,
            "Plans": [
              {
                "Node Type": "Nested Loop",
                "Parent Relationship": "Outer",
                "Parallel Aware": false,
                "Join Type": "Inner",
                "Startup Cost": 182323.52,
                "Total Cost": 439745.81,
                "Plan Rows": 476083,
                "Plan Width": 0,
                "Actual Startup Time": 517.593,
                "Actual Total Time": 1889.686,
                "Actual Rows": 3074752,
                "Actual Loops": 2,
                "Inner Unique": false,
                "Join Filter": "(t.id = mi.movie_id)",
                "Rows Removed by Join Filter": 0,
                "Plans": [
                  {
                    "Node Type": "Merge Join",
                    "Parent Relationship": "Outer",
                    "Parallel Aware": false,
                    "Join Type": "Inner",
                    "Startup Cost": 182323.09,
                    "Total Cost": 187783.58,
                    "Plan Rows": 81419,
                    "Plan Width": 8,
                    "Actual Startup Time": 517.482,
                    "Actual Total Time": 664.211,
                    "Actual Rows": 31216,
                    "Actual Loops": 2,
                    "Inner Unique": true,
                    "Merge Cond": "(mc.movie_id = t.id)",
                    "Plans": [
                      {
                        "Node Type": "Sort",
                        "Parent Relationship": "Outer",
                        "Parallel Aware": false,
                        "Startup Cost": 70287.77,
                        "Total Cost": 71196.37,
                        "Plan Rows": 363439,
                        "Plan Width": 4,
                        "Actual Startup Time": 199.722,
                        "Actual Total Time": 217.35,
                        "Actual Rows": 307582,
                        "Actual Loops": 2,
                        "Sort Key": [
                          "mc.movie_id"
                        ],
                        "Sort Method": "quicksort",
                        "Sort Space Used": 33711,
                        "Sort Space Type": "Memory",
                        "Workers": [
                          {
                            "Worker Number": 0,
                            "Sort Method": "quicksort",
                            "Sort Space Used": 13558,
                            "Sort Space Type": "Memory"
                          }
                        ],
                        "Plans": [
                          {
                            "Node Type": "Bitmap Heap Scan",
                            "Parent Relationship": "Outer",
                            "Parallel Aware": true,
                            "Relation Name": "movie_companies",
                            "Alias": "mc",
                            "Startup Cost": 13388.74,
                            "Total Cost": 36721.72,
                            "Plan Rows": 363439,
                            "Plan Width": 4,
                            "Actual Startup Time": 53.06,
                            "Actual Total Time": 133.818,
                            "Actual Rows": 307582,
                            "Actual Loops": 2,
                            "Recheck Cond": "(company_id < 742)",
                            "Rows Removed by Index Recheck": 0,
                            "Exact Heap Blocks": 13344,
                            "Lossy Heap Blocks": 0,
                            "Plans": [
                              {
                                "Node Type": "Bitmap Index Scan",
                                "Parent Relationship": "Outer",
                                "Parallel Aware": false,
                                "Index Name": "company_id_movie_companies",
                                "Startup Cost": 0.0,
                                "Total Cost": 13234.28,
                                "Plan Rows": 617846,
                                "Plan Width": 0,
                                "Actual Startup Time": 56.027,
                                "Actual Total Time": 56.028,
                                "Actual Rows": 615165,
                                "Actual Loops": 1,
                                "Index Cond": "(company_id < 742)"
                              }
                            ]
                          }
                        ]
                      },
                      {
                        "Node Type": "Sort",
                        "Parent Relationship": "Inner",
                        "Parallel Aware": false,
                        "Startup Cost": 112035.26,
                        "Total Cost": 113451.27,
                        "Plan Rows": 566403,
                        "Plan Width": 4,
                        "Actual Startup Time": 297.426,
                        "Actual Total Time": 380.628,
                        "Actual Rows": 445783,
                        "Actual Loops": 2,
                        "Sort Key": [
                          "t.id"
                        ],
                        "Sort Method": "quicksort",
                        "Sort Space Used": 33221,
                        "Sort Space Type": "Memory",
                        "Workers": [
                          {
                            "Worker Number": 0,
                            "Sort Method": "quicksort",
                            "Sort Space Used": 33221,
                            "Sort Space Type": "Memory"
                          }
                        ],
                        "Plans": [
                          {
                            "Node Type": "Bitmap Heap Scan",
                            "Parent Relationship": "Outer",
                            "Parallel Aware": false,
                            "Relation Name": "title",
                            "Alias": "t",
                            "Startup Cost": 11964.45,
                            "Total Cost": 57911.29,
                            "Plan Rows": 566403,
                            "Plan Width": 4,
                            "Actual Startup Time": 27.033,
                            "Actual Total Time": 156.145,
                            "Actual Rows": 446559,
                            "Actual Loops": 2,
                            "Recheck Cond": "(kind_id < 2)",
                            "Rows Removed by Index Recheck": 0,
                            "Filter": "(production_year > 1965)",
                            "Rows Removed by Filter": 216266,
                            "Exact Heap Blocks": 12863,
                            "Lossy Heap Blocks": 0,
                            "Plans": [
                              {
                                "Node Type": "Bitmap Index Scan",
                                "Parent Relationship": "Outer",
                                "Parallel Aware": false,
                                "Index Name": "kind_id_title",
                                "Startup Cost": 0.0,
                                "Total Cost": 11822.85,
                                "Plan Rows": 663256,
                                "Plan Width": 0,
                                "Actual Startup Time": 25.109,
                                "Actual Total Time": 25.109,
                                "Actual Rows": 662825,
                                "Actual Loops": 2,
                                "Index Cond": "(kind_id < 2)"
                              }
                            ]
                          }
                        ]
                      }
                    ]
                  },
                  {
                    "Node Type": "Index Only Scan",
                    "Parent Relationship": "Inner",
                    "Parallel Aware": false,
                    "Scan Direction": "Forward",
                    "Index Name": "movie_id_movie_info",
                    "Relation Name": "movie_info",
                    "Alias": "mi",
                    "Startup Cost": 0.43,
                    "Total Cost": 2.57,
                    "Plan Rows": 42,
                    "Plan Width": 4,
                    "Actual Startup Time": 0.007,
                    "Actual Total Time": 0.03,
                    "Actual Rows": 98,
                    "Actual Loops": 62433,
                    "Index Cond": "(movie_id = mc.movie_id)",
                    "Rows Removed by Index Recheck": 0,
                    "Heap Fetches": 6149503
                  }
                ]
              }
            ]
          }
        ]
      }
    ]
  },
  "Planning Time": 1.194,
  "Triggers": [],
  "Execution Time": 2145.597
}