{
    "Plan": {
        "Node Type": "Aggregate",
        "Strategy": "Plain",
        "Partial Mode": "Finalize",
        "Parallel Aware": false,
        "Startup Cost": 79855.77,
        "Total Cost": 79855.78,
        "Plan Rows": 1,
        "Plan Width": 8,
        "Actual Startup Time": 318.93,
        "Actual Total Time": 332.795,
        "Actual Rows": 1,
        "Actual Loops": 1,
        "Output": [
            "count(*)"
        ],
        "Plans": [
            {
                "Node Type": "Gather",
                "Parent Relationship": "Outer",
                "Parallel Aware": false,
                "Startup Cost": 79855.35,
                "Total Cost": 79855.76,
                "Plan Rows": 4,
                "Plan Width": 8,
                "Actual Startup Time": 314.402,
                "Actual Total Time": 332.785,
                "Actual Rows": 5,
                "Actual Loops": 1,
                "Output": [
                    "(PARTIAL count(*))"
                ],
                "Workers Planned": 4,
                "Workers Launched": 4,
                "Single Copy": false,
                "Plans": [
                    {
                        "Node Type": "Aggregate",
                        "Strategy": "Plain",
                        "Partial Mode": "Partial",
                        "Parent Relationship": "Outer",
                        "Parallel Aware": false,
                        "Startup Cost": 78855.35,
                        "Total Cost": 78855.36,
                        "Plan Rows": 1,
                        "Plan Width": 8,
                        "Actual Startup Time": 304.712,
                        "Actual Total Time": 304.812,
                        "Actual Rows": 1,
                        "Actual Loops": 5,
                        "Output": [
                            "PARTIAL count(*)"
                        ],
                        "Workers": [
                            {
                                "Worker Number": 0,
                                "Actual Startup Time": 302.195,
                                "Actual Total Time": 302.198,
                                "Actual Rows": 1,
                                "Actual Loops": 1
                            },
                            {
                                "Worker Number": 1,
                                "Actual Startup Time": 301.962,
                                "Actual Total Time": 301.965,
                                "Actual Rows": 1,
                                "Actual Loops": 1
                            },
                            {
                                "Worker Number": 2,
                                "Actual Startup Time": 303.19,
                                "Actual Total Time": 303.193,
                                "Actual Rows": 1,
                                "Actual Loops": 1
                            },
                            {
                                "Worker Number": 3,
                                "Actual Startup Time": 302.584,
                                "Actual Total Time": 302.587,
                                "Actual Rows": 1,
                                "Actual Loops": 1
                            }
                        ],
                        "Plans": [
                            {
                                "Node Type": "Hash Join",
                                "Parent Relationship": "Outer",
                                "Parallel Aware": true,
                                "Join Type": "Inner",
                                "Startup Cost": 33430.28,
                                "Total Cost": 78732.35,
                                "Plan Rows": 49200,
                                "Plan Width": 0,
                                "Actual Startup Time": 144.445,
                                "Actual Total Time": 299.222,
                                "Actual Rows": 123090,
                                "Actual Loops": 5,
                                "Inner Unique": false,
                                "Hash Cond": "(t.id = mc.movie_id)",
                                "Workers": [
                                    {
                                        "Worker Number": 0,
                                        "Actual Startup Time": 142.093,
                                        "Actual Total Time": 297.014,
                                        "Actual Rows": 125136,
                                        "Actual Loops": 1
                                    },
                                    {
                                        "Worker Number": 1,
                                        "Actual Startup Time": 141.803,
                                        "Actual Total Time": 296.59,
                                        "Actual Rows": 129896,
                                        "Actual Loops": 1
                                    },
                                    {
                                        "Worker Number": 2,
                                        "Actual Startup Time": 142.429,
                                        "Actual Total Time": 298.01,
                                        "Actual Rows": 123671,
                                        "Actual Loops": 1
                                    },
                                    {
                                        "Worker Number": 3,
                                        "Actual Startup Time": 142.442,
                                        "Actual Total Time": 296.334,
                                        "Actual Rows": 92138,
                                        "Actual Loops": 1
                                    }
                                ],
                                "Plans": [
                                    {
                                        "Node Type": "Seq Scan",
                                        "Parent Relationship": "Outer",
                                        "Parallel Aware": true,
                                        "Relation Name": "title",
                                        "Schema": "public",
                                        "Alias": "t",
                                        "Startup Cost": 0.0,
                                        "Total Cost": 43899.01,
                                        "Plan Rows": 248871,
                                        "Plan Width": 4,
                                        "Actual Startup Time": 0.025,
                                        "Actual Total Time": 74.07,
                                        "Actual Rows": 197010,
                                        "Actual Loops": 5,
                                        "Output": [
                                            "t.id",
                                            "t.title",
                                            "t.imdb_index",
                                            "t.kind_id",
                                            "t.production_year",
                                            "t.imdb_id",
                                            "t.phonetic_code",
                                            "t.episode_of_id",
                                            "t.season_nr",
                                            "t.episode_nr",
                                            "t.series_years",
                                            "t.md5sum"
                                        ],
                                        "Filter": "(t.kind_id < 7)",
                                        "Rows Removed by Filter": 308653,
                                        "Workers": [
                                            {
                                                "Worker Number": 0,
                                                "Actual Startup Time": 0.03,
                                                "Actual Total Time": 75.586,
                                                "Actual Rows": 198941,
                                                "Actual Loops": 1
                                            },
                                            {
                                                "Worker Number": 1,
                                                "Actual Startup Time": 0.023,
                                                "Actual Total Time": 75.031,
                                                "Actual Rows": 208603,
                                                "Actual Loops": 1
                                            },
                                            {
                                                "Worker Number": 2,
                                                "Actual Startup Time": 0.028,
                                                "Actual Total Time": 75.106,
                                                "Actual Rows": 197309,
                                                "Actual Loops": 1
                                            },
                                            {
                                                "Worker Number": 3,
                                                "Actual Startup Time": 0.036,
                                                "Actual Total Time": 78.047,
                                                "Actual Rows": 147265,
                                                "Actual Loops": 1
                                            }
                                        ]
                                    },
                                    {
                                        "Node Type": "Hash",
                                        "Parent Relationship": "Inner",
                                        "Parallel Aware": true,
                                        "Startup Cost": 31414.82,
                                        "Total Cost": 31414.82,
                                        "Plan Rows": 161237,
                                        "Plan Width": 4,
                                        "Actual Startup Time": 141.334,
                                        "Actual Total Time": 141.335,
                                        "Actual Rows": 162425,
                                        "Actual Loops": 5,
                                        "Output": [
                                            "mc.movie_id"
                                        ],
                                        "Hash Buckets": 1048576,
                                        "Original Hash Buckets": 524288,
                                        "Hash Batches": 1,
                                        "Original Hash Batches": 1,
                                        "Peak Memory Usage": 44160,
                                        "Workers": [
                                            {
                                                "Worker Number": 0,
                                                "Actual Startup Time": 141.481,
                                                "Actual Total Time": 141.482,
                                                "Actual Rows": 165283,
                                                "Actual Loops": 1
                                            },
                                            {
                                                "Worker Number": 1,
                                                "Actual Startup Time": 141.088,
                                                "Actual Total Time": 141.089,
                                                "Actual Rows": 174379,
                                                "Actual Loops": 1
                                            },
                                            {
                                                "Worker Number": 2,
                                                "Actual Startup Time": 141.81,
                                                "Actual Total Time": 141.811,
                                                "Actual Rows": 165261,
                                                "Actual Loops": 1
                                            },
                                            {
                                                "Worker Number": 3,
                                                "Actual Startup Time": 141.844,
                                                "Actual Total Time": 141.845,
                                                "Actual Rows": 118314,
                                                "Actual Loops": 1
                                            }
                                        ],
                                        "Plans": [
                                            {
                                                "Node Type": "Seq Scan",
                                                "Parent Relationship": "Outer",
                                                "Parallel Aware": true,
                                                "Relation Name": "movie_companies",
                                                "Schema": "public",
                                                "Alias": "mc",
                                                "Startup Cost": 0.0,
                                                "Total Cost": 31414.82,
                                                "Plan Rows": 161237,
                                                "Plan Width": 4,
                                                "Actual Startup Time": 43.561,
                                                "Actual Total Time": 77.457,
                                                "Actual Rows": 162425,
                                                "Actual Loops": 5,
                                                "Output": [
                                                    "mc.movie_id"
                                                ],
                                                "Filter": "((mc.company_id > 17292) AND (mc.company_type_id > 1))",
                                                "Rows Removed by Filter": 359401,
                                                "Workers": [
                                                    {
                                                        "Worker Number": 0,
                                                        "Actual Startup Time": 43.53,
                                                        "Actual Total Time": 78.338,
                                                        "Actual Rows": 165283,
                                                        "Actual Loops": 1
                                                    },
                                                    {
                                                        "Worker Number": 1,
                                                        "Actual Startup Time": 43.481,
                                                        "Actual Total Time": 76.823,
                                                        "Actual Rows": 174379,
                                                        "Actual Loops": 1
                                                    },
                                                    {
                                                        "Worker Number": 2,
                                                        "Actual Startup Time": 43.481,
                                                        "Actual Total Time": 77.892,
                                                        "Actual Rows": 165261,
                                                        "Actual Loops": 1
                                                    },
                                                    {
                                                        "Worker Number": 3,
                                                        "Actual Startup Time": 43.612,
                                                        "Actual Total Time": 79.7,
                                                        "Actual Rows": 118314,
                                                        "Actual Loops": 1
                                                    }
                                                ]
                                            }
                                        ]
                                    }
                                ]
                            }
                        ]
                    }
                ]
            }
        ]
    },
    "Planning Time": 0.745,
    "Triggers": [],
    "Execution Time": 332.868
}