[
  {
    "Plan": {
      "Node Type": "Aggregate",
      "Strategy": "Plain",
      "Partial Mode": "Finalize",
      "Parallel Aware": false,
      "Startup Cost": 44796.99,
      "Total Cost": 44797.0,
      "Plan Rows": 1,
      "Plan Width": 8,
      "Actual Startup Time": 134.313,
      "Actual Total Time": 144.127,
      "Actual Rows": 1,
      "Actual Loops": 1,
      "Plans": [
        {
          "Node Type": "Gather",
          "Parent Relationship": "Outer",
          "Parallel Aware": false,
          "Startup Cost": 44796.67,
          "Total Cost": 44796.98,
          "Plan Rows": 3,
          "Plan Width": 8,
          "Actual Startup Time": 134.172,
          "Actual Total Time": 144.118,
          "Actual Rows": 4,
          "Actual Loops": 1,
          "Workers Planned": 3,
          "Workers Launched": 3,
          "Single Copy": false,
          "Plans": [
            {
              "Node Type": "Aggregate",
              "Strategy": "Plain",
              "Partial Mode": "Partial",
              "Parent Relationship": "Outer",
              "Parallel Aware": false,
              "Startup Cost": 43796.67,
              "Total Cost": 43796.68,
              "Plan Rows": 1,
              "Plan Width": 8,
              "Actual Startup Time": 125.992,
              "Actual Total Time": 125.993,
              "Actual Rows": 1,
              "Actual Loops": 4,
              "Plans": [
                {
                  "Node Type": "Seq Scan",
                  "Parent Relationship": "Outer",
                  "Parallel Aware": true,
                  "Relation Name": "movie_keyword",
                  "Alias": "mk",
                  "Startup Cost": 0.0,
                  "Total Cost": 42695.65,
                  "Plan Rows": 440407,
                  "Plan Width": 0,
                  "Actual Startup Time": 0.062,
                  "Actual Total Time": 108.855,
                  "Actual Rows": 343957,
                  "Actual Loops": 4,
                  "Filter": "(keyword_id < 1825)",
                  "Rows Removed by Filter": 787026
                }
              ]
            }
          ]
        }
      ]
    },
    "Planning Time": 0.224,
    "Triggers": [],
    "Execution Time": 144.18
  }
]