{
    "Plan": {
        "Node Type": "Aggregate",
        "Strategy": "Plain",
        "Partial Mode": "Simple",
        "Parallel Aware": false,
        "Startup Cost": 20001418955.94,
        "Total Cost": 20001418955.95,
        "Plan Rows": 1,
        "Plan Width": 8,
        "Actual Startup Time": 7823.922,
        "Actual Total Time": 7823.925,
        "Actual Rows": 1,
        "Actual Loops": 1,
        "Output": [
            "count(*)"
        ],
        "Plans": [
            {
                "Node Type": "Nested Loop",
                "Parent Relationship": "Outer",
                "Parallel Aware": false,
                "Join Type": "Inner",
                "Startup Cost": 20000144650.06,
                "Total Cost": 20001411868.44,
                "Plan Rows": 2834999,
                "Plan Width": 0,
                "Actual Startup Time": 1526.342,
                "Actual Total Time": 7588.037,
                "Actual Rows": 5508268,
                "Actual Loops": 1,
                "Inner Unique": false,
                "Join Filter": "(t.id = ci.movie_id)",
                "Rows Removed by Join Filter": 0,
                "Plans": [
                    {
                        "Node Type": "Hash Join",
                        "Parent Relationship": "Outer",
                        "Parallel Aware": false,
                        "Join Type": "Inner",
                        "Startup Cost": 10000144648.79,
                        "Total Cost": 10000182782.29,
                        "Plan Rows": 197717,
                        "Plan Width": 8,
                        "Actual Startup Time": 1526.266,
                        "Actual Total Time": 1986.34,
                        "Actual Rows": 118438,
                        "Actual Loops": 1,
                        "Output": [
                            "t.id",
                            "mc.movie_id"
                        ],
                        "Inner Unique": true,
                        "Hash Cond": "(mc.movie_id = t.id)",
                        "Plans": [
                            {
                                "Node Type": "Bitmap Heap Scan",
                                "Parent Relationship": "Outer",
                                "Parallel Aware": false,
                                "Relation Name": "movie_companies",
                                "Schema": "public",
                                "Alias": "mc",
                                "Startup Cost": 23099.97,
                                "Total Cost": 57876.32,
                                "Plan Rows": 1278908,
                                "Plan Width": 4,
                                "Actual Startup Time": 62.165,
                                "Actual Total Time": 206.428,
                                "Actual Rows": 1274246,
                                "Actual Loops": 1,
                                "Output": [
                                    "mc.id",
                                    "mc.movie_id",
                                    "mc.company_id",
                                    "mc.company_type_id",
                                    "mc.note"
                                ],
                                "Recheck Cond": "(mc.company_type_id < 2)",
                                "Rows Removed by Index Recheck": 0,
                                "Exact Heap Blocks": 11177,
                                "Lossy Heap Blocks": 0,
                                "Plans": [
                                    {
                                        "Node Type": "Bitmap Index Scan",
                                        "Parent Relationship": "Outer",
                                        "Parallel Aware": false,
                                        "Index Name": "company_type_id_movie_companies",
                                        "Startup Cost": 0.0,
                                        "Total Cost": 22780.24,
                                        "Plan Rows": 1278908,
                                        "Plan Width": 0,
                                        "Actual Startup Time": 60.873,
                                        "Actual Total Time": 60.874,
                                        "Actual Rows": 1274246,
                                        "Actual Loops": 1,
                                        "Index Cond": "(mc.company_type_id < 2)"
                                    }
                                ]
                            },
                            {
                                "Node Type": "Hash",
                                "Parent Relationship": "Inner",
                                "Parallel Aware": false,
                                "Startup Cost": 10000116662.9,
                                "Total Cost": 10000116662.9,
                                "Plan Rows": 390874,
                                "Plan Width": 4,
                                "Actual Startup Time": 1462.009,
                                "Actual Total Time": 1462.01,
                                "Actual Rows": 391666,
                                "Actual Loops": 1,
                                "Output": [
                                    "t.id"
                                ],
                                "Hash Buckets": 524288,
                                "Original Hash Buckets": 524288,
                                "Hash Batches": 1,
                                "Original Hash Batches": 1,
                                "Peak Memory Usage": 17866,
                                "Plans": [
                                    {
                                        "Node Type": "Index Scan",
                                        "Parent Relationship": "Outer",
                                        "Parallel Aware": false,
                                        "Scan Direction": "Forward",
                                        "Index Name": "title_pkey",
                                        "Relation Name": "title",
                                        "Schema": "public",
                                        "Alias": "t",
                                        "Startup Cost": 10000000000.43,
                                        "Total Cost": 10000116662.9,
                                        "Plan Rows": 390874,
                                        "Plan Width": 4,
                                        "Actual Startup Time": 0.18,
                                        "Actual Total Time": 1358.509,
                                        "Actual Rows": 391666,
                                        "Actual Loops": 1,
                                        "Output": [
                                            "t.id"
                                        ],
                                        "Filter": "(t.production_year > 2010)",
                                        "Rows Removed by Filter": 2136646
                                    }
                                ]
                            }
                        ]
                    },
                    {
                        "Node Type": "Bitmap Heap Scan",
                        "Parent Relationship": "Inner",
                        "Parallel Aware": false,
                        "Relation Name": "cast_info",
                        "Schema": "public",
                        "Alias": "ci",
                        "Startup Cost": 1.27,
                        "Total Cost": 5.74,
                        "Plan Rows": 38,
                        "Plan Width": 4,
                        "Actual Startup Time": 0.01,
                        "Actual Total Time": 0.041,
                        "Actual Rows": 47,
                        "Actual Loops": 118438,
                        "Output": [
                            "ci.id",
                            "ci.person_id",
                            "ci.movie_id",
                            "ci.person_role_id",
                            "ci.note",
                            "ci.nr_order",
                            "ci.role_id"
                        ],
                        "Recheck Cond": "(ci.movie_id = mc.movie_id)",
                        "Rows Removed by Index Recheck": 0,
                        "Exact Heap Blocks": 5353465,
                        "Lossy Heap Blocks": 0,
                        "Plans": [
                            {
                                "Node Type": "Bitmap Index Scan",
                                "Parent Relationship": "Outer",
                                "Parallel Aware": false,
                                "Index Name": "movie_id_cast_info",
                                "Startup Cost": 0.0,
                                "Total Cost": 1.26,
                                "Plan Rows": 38,
                                "Plan Width": 0,
                                "Actual Startup Time": 0.006,
                                "Actual Total Time": 0.006,
                                "Actual Rows": 47,
                                "Actual Loops": 118438,
                                "Index Cond": "(ci.movie_id = mc.movie_id)"
                            }
                        ]
                    }
                ]
            }
        ]
    },
    "Planning Time": 3.541,
    "Triggers": [],
    "Execution Time": 7824.752
}