[
  {
    "Plan": {
      "Node Type": "Aggregate",
      "Strategy": "Plain",
      "Partial Mode": "Finalize",
      "Parallel Aware": false,
      "Startup Cost": 63259.88,
      "Total Cost": 63259.89,
      "Plan Rows": 1,
      "Plan Width": 8,
      "Actual Startup Time": 117.119,
      "Actual Total Time": 134.563,
      "Actual Rows": 1,
      "Actual Loops": 1,
      "Plans": [
        {
          "Node Type": "Gather",
          "Parent Relationship": "Outer",
          "Parallel Aware": false,
          "Startup Cost": 63259.46,
          "Total Cost": 63259.87,
          "Plan Rows": 4,
          "Plan Width": 8,
          "Actual Startup Time": 116.853,
          "Actual Total Time": 134.555,
          "Actual Rows": 5,
          "Actual Loops": 1,
          "Workers Planned": 4,
          "Workers Launched": 4,
          "Single Copy": false,
          "Plans": [
            {
              "Node Type": "Aggregate",
              "Strategy": "Plain",
              "Partial Mode": "Partial",
              "Parent Relationship": "Outer",
              "Parallel Aware": false,
              "Startup Cost": 62259.46,
              "Total Cost": 62259.47,
              "Plan Rows": 1,
              "Plan Width": 8,
              "Actual Startup Time": 110.685,
              "Actual Total Time": 110.687,
              "Actual Rows": 1,
              "Actual Loops": 5,
              "Plans": [
                {
                  "Node Type": "Nested Loop",
                  "Parent Relationship": "Outer",
                  "Parallel Aware": false,
                  "Join Type": "Inner",
                  "Startup Cost": 0.87,
                  "Total Cost": 62223.31,
                  "Plan Rows": 14461,
                  "Plan Width": 0,
                  "Actual Startup Time": 52.621,
                  "Actual Total Time": 110.059,
                  "Actual Rows": 10067,
                  "Actual Loops": 5,
                  "Inner Unique": false,
                  "Join Filter": "(t.id = mi.movie_id)",
                  "Rows Removed by Join Filter": 0,
                  "Plans": [
                    {
                      "Node Type": "Nested Loop",
                      "Parent Relationship": "Outer",
                      "Parallel Aware": false,
                      "Join Type": "Inner",
                      "Startup Cost": 0.43,
                      "Total Cost": 57651.6,
                      "Plan Rows": 2463,
                      "Plan Width": 8,
                      "Actual Startup Time": 52.514,
                      "Actual Total Time": 92.471,
                      "Actual Rows": 835,
                      "Actual Loops": 5,
                      "Inner Unique": false,
                      "Plans": [
                        {
                          "Node Type": "Seq Scan",
                          "Parent Relationship": "Outer",
                          "Parallel Aware": true,
                          "Relation Name": "title",
                          "Alias": "t",
                          "Startup Cost": 0.0,
                          "Total Cost": 45479.59,
                          "Plan Rows": 1376,
                          "Plan Width": 4,
                          "Actual Startup Time": 52.237,
                          "Actual Total Time": 76.559,
                          "Actual Rows": 2770,
                          "Actual Loops": 5,
                          "Filter": "((kind_id < 7) AND (production_year < 1904))",
                          "Rows Removed by Filter": 502892
                        },
                        {
                          "Node Type": "Index Only Scan",
                          "Parent Relationship": "Inner",
                          "Parallel Aware": false,
                          "Scan Direction": "Forward",
                          "Index Name": "movie_id_movie_keyword",
                          "Relation Name": "movie_keyword",
                          "Alias": "mk",
                          "Startup Cost": 0.43,
                          "Total Cost": 8.39,
                          "Plan Rows": 46,
                          "Plan Width": 4,
                          "Actual Startup Time": 0.005,
                          "Actual Total Time": 0.005,
                          "Actual Rows": 0,
                          "Actual Loops": 13851,
                          "Index Cond": "(movie_id = t.id)",
                          "Rows Removed by Index Recheck": 0,
                          "Heap Fetches": 4174
                        }
                      ]
                    },
                    {
                      "Node Type": "Index Only Scan",
                      "Parent Relationship": "Inner",
                      "Parallel Aware": false,
                      "Scan Direction": "Forward",
                      "Index Name": "movie_id_movie_info",
                      "Relation Name": "movie_info",
                      "Alias": "mi",
                      "Startup Cost": 0.43,
                      "Total Cost": 1.34,
                      "Plan Rows": 41,
                      "Plan Width": 4,
                      "Actual Startup Time": 0.007,
                      "Actual Total Time": 0.02,
                      "Actual Rows": 12,
                      "Actual Loops": 4174,
                      "Index Cond": "(movie_id = mk.movie_id)",
                      "Rows Removed by Index Recheck": 0,
                      "Heap Fetches": 50333
                    }
                  ]
                }
              ]
            }
          ]
        }
      ]
    },
    "Planning Time": 0.419,
    "Triggers": [],
    "Execution Time": 134.604
  }
]