[
  {
    "Plan": {
      "Node Type": "Aggregate",
      "Strategy": "Plain",
      "Partial Mode": "Finalize",
      "Parallel Aware": false,
      "Startup Cost": 656113.5,
      "Total Cost": 656113.51,
      "Plan Rows": 1,
      "Plan Width": 8,
      "Actual Startup Time": 13750.864,
      "Actual Total Time": 13859.157,
      "Actual Rows": 1,
      "Actual Loops": 1,
      "Plans": [
        {
          "Node Type": "Gather",
          "Parent Relationship": "Outer",
          "Parallel Aware": false,
          "Startup Cost": 656112.87,
          "Total Cost": 656113.48,
          "Plan Rows": 6,
          "Plan Width": 8,
          "Actual Startup Time": 13667.254,
          "Actual Total Time": 13859.126,
          "Actual Rows": 7,
          "Actual Loops": 1,
          "Workers Planned": 6,
          "Workers Launched": 6,
          "Single Copy": false,
          "Plans": [
            {
              "Node Type": "Aggregate",
              "Strategy": "Plain",
              "Partial Mode": "Partial",
              "Parent Relationship": "Outer",
              "Parallel Aware": false,
              "Startup Cost": 655112.87,
              "Total Cost": 655112.88,
              "Plan Rows": 1,
              "Plan Width": 8,
              "Actual Startup Time": 13636.632,
              "Actual Total Time": 13640.295,
              "Actual Rows": 1,
              "Actual Loops": 7,
              "Plans": [
                {
                  "Node Type": "Hash Join",
                  "Parent Relationship": "Outer",
                  "Parallel Aware": true,
                  "Join Type": "Inner",
                  "Startup Cost": 261227.31,
                  "Total Cost": 622792.85,
                  "Plan Rows": 12928009,
                  "Plan Width": 0,
                  "Actual Startup Time": 1873.203,
                  "Actual Total Time": 11430.092,
                  "Actual Rows": 52097093,
                  "Actual Loops": 7,
                  "Inner Unique": false,
                  "Hash Cond": "(ci.movie_id = t.id)",
                  "Plans": [
                    {
                      "Node Type": "Seq Scan",
                      "Parent Relationship": "Outer",
                      "Parallel Aware": true,
                      "Relation Name": "cast_info",
                      "Alias": "ci",
                      "Startup Cost": 0.0,
                      "Total Cost": 313067.02,
                      "Plan Rows": 6038002,
                      "Plan Width": 4,
                      "Actual Startup Time": 0.02,
                      "Actual Total Time": 544.709,
                      "Actual Rows": 5177763,
                      "Actual Loops": 7
                    },
                    {
                      "Node Type": "Hash",
                      "Parent Relationship": "Inner",
                      "Parallel Aware": true,
                      "Startup Cost": 247693.95,
                      "Total Cost": 247693.95,
                      "Plan Rows": 1082669,
                      "Plan Width": 8,
                      "Actual Startup Time": 1863.072,
                      "Actual Total Time": 1866.732,
                      "Actual Rows": 1397167,
                      "Actual Loops": 7,
                      "Hash Buckets": 16777216,
                      "Original Hash Buckets": 8388608,
                      "Hash Batches": 1,
                      "Original Hash Batches": 1,
                      "Peak Memory Usage": 579328,
                      "Plans": [
                        {
                          "Node Type": "Hash Join",
                          "Parent Relationship": "Outer",
                          "Parallel Aware": true,
                          "Join Type": "Inner",
                          "Startup Cost": 48372.19,
                          "Total Cost": 247693.95,
                          "Plan Rows": 1082669,
                          "Plan Width": 8,
                          "Actual Startup Time": 141.1,
                          "Actual Total Time": 1079.807,
                          "Actual Rows": 1397167,
                          "Actual Loops": 7,
                          "Inner Unique": true,
                          "Hash Cond": "(mi.movie_id = t.id)",
                          "Plans": [
                            {
                              "Node Type": "Seq Scan",
                              "Parent Relationship": "Outer",
                              "Parallel Aware": true,
                              "Relation Name": "movie_info",
                              "Alias": "mi",
                              "Startup Cost": 0.0,
                              "Total Cost": 191560.33,
                              "Plan Rows": 2956733,
                              "Plan Width": 4,
                              "Actual Startup Time": 0.026,
                              "Actual Total Time": 292.47,
                              "Actual Rows": 2119389,
                              "Actual Loops": 7
                            },
                            {
                              "Node Type": "Hash",
                              "Parent Relationship": "Inner",
                              "Parallel Aware": true,
                              "Startup Cost": 45479.1,
                              "Total Cost": 45479.1,
                              "Plan Rows": 231447,
                              "Plan Width": 4,
                              "Actual Startup Time": 138.604,
                              "Actual Total Time": 138.605,
                              "Actual Rows": 125600,
                              "Actual Loops": 7,
                              "Hash Buckets": 1048576,
                              "Original Hash Buckets": 1048576,
                              "Hash Batches": 1,
                              "Original Hash Batches": 1,
                              "Peak Memory Usage": 42688,
                              "Plans": [
                                {
                                  "Node Type": "Seq Scan",
                                  "Parent Relationship": "Outer",
                                  "Parallel Aware": true,
                                  "Relation Name": "title",
                                  "Alias": "t",
                                  "Startup Cost": 0.0,
                                  "Total Cost": 45479.1,
                                  "Plan Rows": 231447,
                                  "Plan Width": 4,
                                  "Actual Startup Time": 0.043,
                                  "Actual Total Time": 82.48,
                                  "Actual Rows": 125600,
                                  "Actual Loops": 7,
                                  "Filter": "((kind_id < 7) AND (production_year > 1923))",
                                  "Rows Removed by Filter": 235587
                                }
                              ]
                            }
                          ]
                        }
                      ]
                    }
                  ]
                }
              ]
            }
          ]
        }
      ]
    },
    "Planning Time": 1.296,
    "Triggers": [],
    "Execution Time": 13859.25
  }
]