[
  {
    "Plan": {
      "Node Type": "Aggregate",
      "Strategy": "Plain",
      "Partial Mode": "Finalize",
      "Parallel Aware": false,
      "Startup Cost": 29487.77,
      "Total Cost": 29487.78,
      "Plan Rows": 1,
      "Plan Width": 8,
      "Actual Startup Time": 84.354,
      "Actual Total Time": 89.484,
      "Actual Rows": 1,
      "Actual Loops": 1,
      "Plans": [
        {
          "Node Type": "Gather",
          "Parent Relationship": "Outer",
          "Parallel Aware": false,
          "Startup Cost": 29487.45,
          "Total Cost": 29487.76,
          "Plan Rows": 3,
          "Plan Width": 8,
          "Actual Startup Time": 84.016,
          "Actual Total Time": 89.475,
          "Actual Rows": 4,
          "Actual Loops": 1,
          "Workers Planned": 3,
          "Workers Launched": 3,
          "Single Copy": false,
          "Plans": [
            {
              "Node Type": "Aggregate",
              "Strategy": "Plain",
              "Partial Mode": "Partial",
              "Parent Relationship": "Outer",
              "Parallel Aware": false,
              "Startup Cost": 28487.45,
              "Total Cost": 28487.46,
              "Plan Rows": 1,
              "Plan Width": 8,
              "Actual Startup Time": 76.562,
              "Actual Total Time": 76.587,
              "Actual Rows": 1,
              "Actual Loops": 4,
              "Plans": [
                {
                  "Node Type": "Bitmap Heap Scan",
                  "Parent Relationship": "Outer",
                  "Parallel Aware": true,
                  "Relation Name": "movie_keyword",
                  "Alias": "mk",
                  "Startup Cost": 3284.31,
                  "Total Cost": 28362.6,
                  "Plan Rows": 49943,
                  "Plan Width": 0,
                  "Actual Startup Time": 26.175,
                  "Actual Total Time": 73.684,
                  "Actual Rows": 38444,
                  "Actual Loops": 4,
                  "Recheck Cond": "(keyword_id > 73462)",
                  "Rows Removed by Index Recheck": 0,
                  "Exact Heap Blocks": 11264,
                  "Lossy Heap Blocks": 0,
                  "Plans": [
                    {
                      "Node Type": "Bitmap Index Scan",
                      "Parent Relationship": "Outer",
                      "Parallel Aware": false,
                      "Index Name": "keyword_id_movie_keyword",
                      "Startup Cost": 0.0,
                      "Total Cost": 3245.6,
                      "Plan Rows": 154823,
                      "Plan Width": 0,
                      "Actual Startup Time": 27.325,
                      "Actual Total Time": 27.325,
                      "Actual Rows": 153777,
                      "Actual Loops": 1,
                      "Index Cond": "(keyword_id > 73462)"
                    }
                  ]
                }
              ]
            }
          ]
        }
      ]
    },
    "Planning Time": 0.184,
    "Triggers": [],
    "Execution Time": 89.566
  }
]