[
  {
    "Plan": {
      "Node Type": "Aggregate",
      "Strategy": "Plain",
      "Partial Mode": "Finalize",
      "Parallel Aware": false,
      "Startup Cost": 27776.91,
      "Total Cost": 27776.92,
      "Plan Rows": 1,
      "Plan Width": 8,
      "Actual Startup Time": 61.341,
      "Actual Total Time": 64.102,
      "Actual Rows": 1,
      "Actual Loops": 1,
      "Plans": [
        {
          "Node Type": "Gather",
          "Parent Relationship": "Outer",
          "Parallel Aware": false,
          "Startup Cost": 27776.6,
          "Total Cost": 27776.91,
          "Plan Rows": 3,
          "Plan Width": 8,
          "Actual Startup Time": 61.203,
          "Actual Total Time": 64.096,
          "Actual Rows": 4,
          "Actual Loops": 1,
          "Workers Planned": 3,
          "Workers Launched": 3,
          "Single Copy": false,
          "Plans": [
            {
              "Node Type": "Aggregate",
              "Strategy": "Plain",
              "Partial Mode": "Partial",
              "Parent Relationship": "Outer",
              "Parallel Aware": false,
              "Startup Cost": 26776.6,
              "Total Cost": 26776.61,
              "Plan Rows": 1,
              "Plan Width": 8,
              "Actual Startup Time": 56.585,
              "Actual Total Time": 56.586,
              "Actual Rows": 1,
              "Actual Loops": 4,
              "Plans": [
                {
                  "Node Type": "Bitmap Heap Scan",
                  "Parent Relationship": "Outer",
                  "Parallel Aware": true,
                  "Relation Name": "movie_companies",
                  "Alias": "mc",
                  "Startup Cost": 6421.7,
                  "Total Cost": 26653.76,
                  "Plan Rows": 49133,
                  "Plan Width": 0,
                  "Actual Startup Time": 17.358,
                  "Actual Total Time": 50.997,
                  "Actual Rows": 73119,
                  "Actual Loops": 4,
                  "Recheck Cond": "(company_id > 94820)",
                  "Rows Removed by Index Recheck": 0,
                  "Filter": "(company_type_id = 2)",
                  "Rows Removed by Filter": 0,
                  "Exact Heap Blocks": 2303,
                  "Lossy Heap Blocks": 0,
                  "Plans": [
                    {
                      "Node Type": "Bitmap Index Scan",
                      "Parent Relationship": "Outer",
                      "Parallel Aware": false,
                      "Index Name": "company_id_movie_companies",
                      "Startup Cost": 0.0,
                      "Total Cost": 6383.62,
                      "Plan Rows": 298026,
                      "Plan Width": 0,
                      "Actual Startup Time": 20.842,
                      "Actual Total Time": 20.843,
                      "Actual Rows": 292477,
                      "Actual Loops": 1,
                      "Index Cond": "(company_id > 94820)"
                    }
                  ]
                }
              ]
            }
          ]
        }
      ]
    },
    "Planning Time": 0.098,
    "Triggers": [],
    "Execution Time": 64.14
  }
]