[
  {
    "Plan": {
      "Node Type": "Aggregate",
      "Strategy": "Plain",
      "Partial Mode": "Finalize",
      "Parallel Aware": false,
      "Startup Cost": 213132.23,
      "Total Cost": 213132.24,
      "Plan Rows": 1,
      "Plan Width": 8,
      "Actual Startup Time": 1191.649,
      "Actual Total Time": 1225.854,
      "Actual Rows": 1,
      "Actual Loops": 1,
      "Plans": [
        {
          "Node Type": "Gather",
          "Parent Relationship": "Outer",
          "Parallel Aware": false,
          "Startup Cost": 213131.91,
          "Total Cost": 213132.22,
          "Plan Rows": 3,
          "Plan Width": 8,
          "Actual Startup Time": 1174.549,
          "Actual Total Time": 1225.843,
          "Actual Rows": 4,
          "Actual Loops": 1,
          "Workers Planned": 3,
          "Workers Launched": 3,
          "Single Copy": false,
          "Plans": [
            {
              "Node Type": "Aggregate",
              "Strategy": "Plain",
              "Partial Mode": "Partial",
              "Parent Relationship": "Outer",
              "Parallel Aware": false,
              "Startup Cost": 212131.91,
              "Total Cost": 212131.92,
              "Plan Rows": 1,
              "Plan Width": 8,
              "Actual Startup Time": 1165.601,
              "Actual Total Time": 1167.14,
              "Actual Rows": 1,
              "Actual Loops": 4,
              "Plans": [
                {
                  "Node Type": "Hash Join",
                  "Parent Relationship": "Outer",
                  "Parallel Aware": true,
                  "Join Type": "Inner",
                  "Startup Cost": 167984.64,
                  "Total Cost": 212012.78,
                  "Plan Rows": 47653,
                  "Plan Width": 0,
                  "Actual Startup Time": 1002.685,
                  "Actual Total Time": 1161.746,
                  "Actual Rows": 120182,
                  "Actual Loops": 4,
                  "Inner Unique": false,
                  "Hash Cond": "(mk.movie_id = t.id)",
                  "Plans": [
                    {
                      "Node Type": "Seq Scan",
                      "Parent Relationship": "Outer",
                      "Parallel Aware": true,
                      "Relation Name": "movie_keyword",
                      "Alias": "mk",
                      "Startup Cost": 0.0,
                      "Total Cost": 42695.65,
                      "Plan Rows": 329915,
                      "Plan Width": 4,
                      "Actual Startup Time": 0.05,
                      "Actual Total Time": 93.989,
                      "Actual Rows": 256039,
                      "Actual Loops": 4,
                      "Filter": "(keyword_id < 1002)",
                      "Rows Removed by Filter": 874944
                    },
                    {
                      "Node Type": "Hash",
                      "Parent Relationship": "Inner",
                      "Parallel Aware": true,
                      "Startup Cost": 167071.62,
                      "Total Cost": 167071.62,
                      "Plan Rows": 73041,
                      "Plan Width": 8,
                      "Actual Startup Time": 998.913,
                      "Actual Total Time": 1000.45,
                      "Actual Rows": 407537,
                      "Actual Loops": 4,
                      "Hash Buckets": 2097152,
                      "Original Hash Buckets": 524288,
                      "Hash Batches": 1,
                      "Original Hash Batches": 1,
                      "Peak Memory Usage": 92480,
                      "Plans": [
                        {
                          "Node Type": "Hash Join",
                          "Parent Relationship": "Outer",
                          "Parallel Aware": true,
                          "Join Type": "Inner",
                          "Startup Cost": 48504.1,
                          "Total Cost": 167071.62,
                          "Plan Rows": 73041,
                          "Plan Width": 8,
                          "Actual Startup Time": 285.544,
                          "Actual Total Time": 799.053,
                          "Actual Rows": 407537,
                          "Actual Loops": 4,
                          "Inner Unique": true,
                          "Hash Cond": "(ci.movie_id = t.id)",
                          "Plans": [
                            {
                              "Node Type": "Index Scan",
                              "Parent Relationship": "Outer",
                              "Parallel Aware": true,
                              "Scan Direction": "Forward",
                              "Index Name": "role_id_cast_info",
                              "Relation Name": "cast_info",
                              "Alias": "ci",
                              "Startup Cost": 0.56,
                              "Total Cost": 118067.1,
                              "Plan Rows": 190850,
                              "Plan Width": 4,
                              "Actual Startup Time": 0.25,
                              "Actual Total Time": 240.282,
                              "Actual Rows": 740267,
                              "Actual Loops": 4,
                              "Index Cond": "(role_id = 10)",
                              "Rows Removed by Index Recheck": 0,
                              "Filter": "(person_id > 2885281)",
                              "Rows Removed by Filter": 340488
                            },
                            {
                              "Node Type": "Hash",
                              "Parent Relationship": "Inner",
                              "Parallel Aware": true,
                              "Startup Cost": 45479.59,
                              "Total Cost": 45479.59,
                              "Plan Rows": 241916,
                              "Plan Width": 4,
                              "Actual Startup Time": 281.611,
                              "Actual Total Time": 281.612,
                              "Actual Rows": 262548,
                              "Actual Loops": 4,
                              "Hash Buckets": 2097152,
                              "Original Hash Buckets": 1048576,
                              "Hash Batches": 1,
                              "Original Hash Batches": 1,
                              "Peak Memory Usage": 65728,
                              "Plans": [
                                {
                                  "Node Type": "Seq Scan",
                                  "Parent Relationship": "Outer",
                                  "Parallel Aware": true,
                                  "Relation Name": "title",
                                  "Alias": "t",
                                  "Startup Cost": 0.0,
                                  "Total Cost": 45479.59,
                                  "Plan Rows": 241916,
                                  "Plan Width": 4,
                                  "Actual Startup Time": 0.057,
                                  "Actual Total Time": 114.445,
                                  "Actual Rows": 262548,
                                  "Actual Loops": 4,
                                  "Filter": "((production_year > 1996) AND (kind_id = 7))",
                                  "Rows Removed by Filter": 369530
                                }
                              ]
                            }
                          ]
                        }
                      ]
                    }
                  ]
                }
              ]
            }
          ]
        }
      ]
    },
    "Planning Time": 1.371,
    "Triggers": [],
    "Execution Time": 1225.945
  }
]