[
  {
    "Plan": {
      "Node Type": "Aggregate",
      "Strategy": "Plain",
      "Partial Mode": "Simple",
      "Parallel Aware": false,
      "Startup Cost": 1094116.38,
      "Total Cost": 1094116.39,
      "Plan Rows": 1,
      "Plan Width": 128,
      "Actual Startup Time": 6872.407,
      "Actual Total Time": 6872.766,
      "Actual Rows": 1,
      "Actual Loops": 1,
      "Plans": [
        {
          "Node Type": "Merge Join",
          "Parent Relationship": "Outer",
          "Parallel Aware": false,
          "Join Type": "Inner",
          "Startup Cost": 905952.55,
          "Total Cost": 1094116.37,
          "Plan Rows": 1,
          "Plan Width": 81,
          "Actual Startup Time": 6106.204,
          "Actual Total Time": 6872.728,
          "Actual Rows": 84,
          "Actual Loops": 1,
          "Inner Unique": false,
          "Merge Cond": "(n.id = ci.person_id)",
          "Plans": [
            {
              "Node Type": "Index Scan",
              "Parent Relationship": "Outer",
              "Parallel Aware": false,
              "Scan Direction": "Forward",
              "Index Name": "name_pkey",
              "Relation Name": "name",
              "Alias": "n",
              "Startup Cost": 0.43,
              "Total Cost": 188590.4,
              "Plan Rows": 1751705,
              "Plan Width": 19,
              "Actual Startup Time": 0.018,
              "Actual Total Time": 788.239,
              "Actual Rows": 1669247,
              "Actual Loops": 1,
              "Filter": "((gender)::text = 'm'::text)",
              "Rows Removed by Filter": 0
            },
            {
              "Node Type": "Sort",
              "Parent Relationship": "Inner",
              "Parallel Aware": false,
              "Startup Cost": 905928.76,
              "Total Cost": 905928.77,
              "Plan Rows": 1,
              "Plan Width": 70,
              "Actual Startup Time": 6003.334,
              "Actual Total Time": 6003.703,
              "Actual Rows": 84,
              "Actual Loops": 1,
              "Sort Key": [
                "ci.person_id"
              ],
              "Sort Method": "quicksort",
              "Sort Space Used": 31,
              "Sort Space Type": "Memory",
              "Plans": [
                {
                  "Node Type": "Merge Join",
                  "Parent Relationship": "Outer",
                  "Parallel Aware": false,
                  "Join Type": "Inner",
                  "Startup Cost": 902705.8,
                  "Total Cost": 905928.75,
                  "Plan Rows": 1,
                  "Plan Width": 70,
                  "Actual Startup Time": 5983.311,
                  "Actual Total Time": 6003.656,
                  "Actual Rows": 84,
                  "Actual Loops": 1,
                  "Inner Unique": true,
                  "Merge Cond": "(mi.movie_id = t.id)",
                  "Plans": [
                    {
                      "Node Type": "Merge Join",
                      "Parent Relationship": "Outer",
                      "Parallel Aware": false,
                      "Join Type": "Inner",
                      "Startup Cost": 853012.4,
                      "Total Cost": 856233.45,
                      "Plan Rows": 1,
                      "Plan Width": 73,
                      "Actual Startup Time": 5320.074,
                      "Actual Total Time": 5393.226,
                      "Actual Rows": 254,
                      "Actual Loops": 1,
                      "Inner Unique": false,
                      "Merge Cond": "(mi_idx.movie_id = mi.movie_id)",
                      "Plans": [
                        {
                          "Node Type": "Merge Join",
                          "Parent Relationship": "Outer",
                          "Parallel Aware": false,
                          "Join Type": "Inner",
                          "Startup Cost": 651538.48,
                          "Total Cost": 654755.8,
                          "Plan Rows": 1,
                          "Plan Width": 26,
                          "Actual Startup Time": 3625.503,
                          "Actual Total Time": 3698.564,
                          "Actual Rows": 276,
                          "Actual Loops": 1,
                          "Inner Unique": false,
                          "Merge Cond": "(mi_idx.movie_id = mk.movie_id)",
                          "Plans": [
                            {
                              "Node Type": "Gather Merge",
                              "Parent Relationship": "Outer",
                              "Parallel Aware": false,
                              "Startup Cost": 439793.19,
                              "Total Cost": 442969.81,
                              "Plan Rows": 16427,
                              "Plan Width": 18,
                              "Actual Startup Time": 2031.316,
                              "Actual Total Time": 2188.945,
                              "Actual Rows": 330625,
                              "Actual Loops": 1,
                              "Workers Planned": 6,
                              "Workers Launched": 6,
                              "Plans": [
                                {
                                  "Node Type": "Merge Join",
                                  "Parent Relationship": "Outer",
                                  "Parallel Aware": false,
                                  "Join Type": "Inner",
                                  "Startup Cost": 438793.09,
                                  "Total Cost": 439973.23,
                                  "Plan Rows": 2738,
                                  "Plan Width": 18,
                                  "Actual Startup Time": 1876.545,
                                  "Actual Total Time": 2007.178,
                                  "Actual Rows": 47574,
                                  "Actual Loops": 7,
                                  "Inner Unique": false,
                                  "Merge Cond": "(ci.movie_id = mi_idx.movie_id)",
                                  "Plans": [
                                    {
                                      "Node Type": "Sort",
                                      "Parent Relationship": "Outer",
                                      "Parallel Aware": false,
                                      "Startup Cost": 370261.84,
                                      "Total Cost": 370807.78,
                                      "Plan Rows": 218376,
                                      "Plan Width": 8,
                                      "Actual Startup Time": 1235.391,
                                      "Actual Total Time": 1256.707,
                                      "Actual Rows": 177650,
                                      "Actual Loops": 7,
                                      "Sort Key": [
                                        "ci.movie_id"
                                      ],
                                      "Sort Method": "quicksort",
                                      "Sort Space Used": 16732,
                                      "Sort Space Type": "Memory",
                                      "Workers": [
                                        {
                                          "Worker Number": 0,
                                          "Sort Method": "quicksort",
                                          "Sort Space Used": 13614,
                                          "Sort Space Type": "Memory"
                                        },
                                        {
                                          "Worker Number": 1,
                                          "Sort Method": "quicksort",
                                          "Sort Space Used": 13387,
                                          "Sort Space Type": "Memory"
                                        },
                                        {
                                          "Worker Number": 2,
                                          "Sort Method": "quicksort",
                                          "Sort Space Used": 13451,
                                          "Sort Space Type": "Memory"
                                        },
                                        {
                                          "Worker Number": 3,
                                          "Sort Method": "quicksort",
                                          "Sort Space Used": 13735,
                                          "Sort Space Type": "Memory"
                                        },
                                        {
                                          "Worker Number": 4,
                                          "Sort Method": "quicksort",
                                          "Sort Space Used": 13610,
                                          "Sort Space Type": "Memory"
                                        },
                                        {
                                          "Worker Number": 5,
                                          "Sort Method": "quicksort",
                                          "Sort Space Used": 16829,
                                          "Sort Space Type": "Memory"
                                        }
                                      ],
                                      "Plans": [
                                        {
                                          "Node Type": "Seq Scan",
                                          "Parent Relationship": "Outer",
                                          "Parallel Aware": true,
                                          "Relation Name": "cast_info",
                                          "Alias": "ci",
                                          "Startup Cost": 0.0,
                                          "Total Cost": 350895.76,
                                          "Plan Rows": 218376,
                                          "Plan Width": 8,
                                          "Actual Startup Time": 148.961,
                                          "Actual Total Time": 1168.306,
                                          "Actual Rows": 177817,
                                          "Actual Loops": 7,
                                          "Filter": "(note = ANY ('{(writer),\"(head writer)\",\"(written by)\",(story),\"(story editor)\"}'::text[]))",
                                          "Rows Removed by Filter": 4999947
                                        }
                                      ]
                                    },
                                    {
                                      "Node Type": "Sort",
                                      "Parent Relationship": "Inner",
                                      "Parallel Aware": false,
                                      "Startup Cost": 68531.25,
                                      "Total Cost": 68561.78,
                                      "Plan Rows": 12213,
                                      "Plan Width": 10,
                                      "Actual Startup Time": 641.13,
                                      "Actual Total Time": 672.964,
                                      "Actual Rows": 465987,
                                      "Actual Loops": 7,
                                      "Sort Key": [
                                        "mi_idx.movie_id"
                                      ],
                                      "Sort Method": "quicksort",
                                      "Sort Space Used": 33847,
                                      "Sort Space Type": "Memory",
                                      "Workers": [
                                        {
                                          "Worker Number": 0,
                                          "Sort Method": "quicksort",
                                          "Sort Space Used": 33847,
                                          "Sort Space Type": "Memory"
                                        },
                                        {
                                          "Worker Number": 1,
                                          "Sort Method": "quicksort",
                                          "Sort Space Used": 33847,
                                          "Sort Space Type": "Memory"
                                        },
                                        {
                                          "Worker Number": 2,
                                          "Sort Method": "quicksort",
                                          "Sort Space Used": 33847,
                                          "Sort Space Type": "Memory"
                                        },
                                        {
                                          "Worker Number": 3,
                                          "Sort Method": "quicksort",
                                          "Sort Space Used": 33847,
                                          "Sort Space Type": "Memory"
                                        },
                                        {
                                          "Worker Number": 4,
                                          "Sort Method": "quicksort",
                                          "Sort Space Used": 33847,
                                          "Sort Space Type": "Memory"
                                        },
                                        {
                                          "Worker Number": 5,
                                          "Sort Method": "quicksort",
                                          "Sort Space Used": 33847,
                                          "Sort Space Type": "Memory"
                                        }
                                      ],
                                      "Plans": [
                                        {
                                          "Node Type": "Merge Join",
                                          "Parent Relationship": "Outer",
                                          "Parallel Aware": false,
                                          "Join Type": "Inner",
                                          "Startup Cost": 2.86,
                                          "Total Cost": 67702.22,
                                          "Plan Rows": 12213,
                                          "Plan Width": 10,
                                          "Actual Startup Time": 254.971,
                                          "Actual Total Time": 486.079,
                                          "Actual Rows": 459925,
                                          "Actual Loops": 7,
                                          "Inner Unique": true,
                                          "Merge Cond": "(mi_idx.info_type_id = it2.id)",
                                          "Plans": [
                                            {
                                              "Node Type": "Index Scan",
                                              "Parent Relationship": "Outer",
                                              "Parallel Aware": false,
                                              "Scan Direction": "Forward",
                                              "Index Name": "info_type_id_movie_info_idx",
                                              "Relation Name": "movie_info_idx",
                                              "Alias": "mi_idx",
                                              "Startup Cost": 0.43,
                                              "Total Cost": 64127.57,
                                              "Plan Rows": 1380035,
                                              "Plan Width": 14,
                                              "Actual Startup Time": 0.07,
                                              "Actual Total Time": 359.875,
                                              "Actual Rows": 919851,
                                              "Actual Loops": 7
                                            },
                                            {
                                              "Node Type": "Sort",
                                              "Parent Relationship": "Inner",
                                              "Parallel Aware": false,
                                              "Startup Cost": 2.42,
                                              "Total Cost": 2.43,
                                              "Plan Rows": 1,
                                              "Plan Width": 4,
                                              "Actual Startup Time": 0.059,
                                              "Actual Total Time": 0.062,
                                              "Actual Rows": 1,
                                              "Actual Loops": 7,
                                              "Sort Key": [
                                                "it2.id"
                                              ],
                                              "Sort Method": "quicksort",
                                              "Sort Space Used": 25,
                                              "Sort Space Type": "Memory",
                                              "Workers": [
                                                {
                                                  "Worker Number": 0,
                                                  "Sort Method": "quicksort",
                                                  "Sort Space Used": 25,
                                                  "Sort Space Type": "Memory"
                                                },
                                                {
                                                  "Worker Number": 1,
                                                  "Sort Method": "quicksort",
                                                  "Sort Space Used": 25,
                                                  "Sort Space Type": "Memory"
                                                },
                                                {
                                                  "Worker Number": 2,
                                                  "Sort Method": "quicksort",
                                                  "Sort Space Used": 25,
                                                  "Sort Space Type": "Memory"
                                                },
                                                {
                                                  "Worker Number": 3,
                                                  "Sort Method": "quicksort",
                                                  "Sort Space Used": 25,
                                                  "Sort Space Type": "Memory"
                                                },
                                                {
                                                  "Worker Number": 4,
                                                  "Sort Method": "quicksort",
                                                  "Sort Space Used": 25,
                                                  "Sort Space Type": "Memory"
                                                },
                                                {
                                                  "Worker Number": 5,
                                                  "Sort Method": "quicksort",
                                                  "Sort Space Used": 25,
                                                  "Sort Space Type": "Memory"
                                                }
                                              ],
                                              "Plans": [
                                                {
                                                  "Node Type": "Seq Scan",
                                                  "Parent Relationship": "Outer",
                                                  "Parallel Aware": false,
                                                  "Relation Name": "info_type",
                                                  "Alias": "it2",
                                                  "Startup Cost": 0.0,
                                                  "Total Cost": 2.41,
                                                  "Plan Rows": 1,
                                                  "Plan Width": 4,
                                                  "Actual Startup Time": 0.052,
                                                  "Actual Total Time": 0.054,
                                                  "Actual Rows": 1,
                                                  "Actual Loops": 7,
                                                  "Filter": "((info)::text = 'votes'::text)",
                                                  "Rows Removed by Filter": 112
                                                }
                                              ]
                                            }
                                          ]
                                        }
                                      ]
                                    }
                                  ]
                                }
                              ]
                            },
                            {
                              "Node Type": "Sort",
                              "Parent Relationship": "Inner",
                              "Parallel Aware": false,
                              "Startup Cost": 211744.9,
                              "Total Cost": 211744.91,
                              "Plan Rows": 1,
                              "Plan Width": 8,
                              "Actual Startup Time": 1488.592,
                              "Actual Total Time": 1488.752,
                              "Actual Rows": 425,
                              "Actual Loops": 1,
                              "Sort Key": [
                                "mc.movie_id"
                              ],
                              "Sort Method": "quicksort",
                              "Sort Space Used": 39,
                              "Sort Space Type": "Memory",
                              "Plans": [
                                {
                                  "Node Type": "Merge Join",
                                  "Parent Relationship": "Outer",
                                  "Parallel Aware": false,
                                  "Join Type": "Inner",
                                  "Startup Cost": 211744.76,
                                  "Total Cost": 211744.89,
                                  "Plan Rows": 1,
                                  "Plan Width": 8,
                                  "Actual Startup Time": 1488.082,
                                  "Actual Total Time": 1488.623,
                                  "Actual Rows": 315,
                                  "Actual Loops": 1,
                                  "Inner Unique": true,
                                  "Merge Cond": "(mc.company_id = cn.id)",
                                  "Plans": [
                                    {
                                      "Node Type": "Sort",
                                      "Parent Relationship": "Outer",
                                      "Parallel Aware": false,
                                      "Startup Cost": 206019.02,
                                      "Total Cost": 206019.03,
                                      "Plan Rows": 1,
                                      "Plan Width": 12,
                                      "Actual Startup Time": 1446.65,
                                      "Actual Total Time": 1447.448,
                                      "Actual Rows": 12705,
                                      "Actual Loops": 1,
                                      "Sort Key": [
                                        "mc.company_id"
                                      ],
                                      "Sort Method": "quicksort",
                                      "Sort Space Used": 980,
                                      "Sort Space Type": "Memory",
                                      "Plans": [
                                        {
                                          "Node Type": "Gather",
                                          "Parent Relationship": "Outer",
                                          "Parallel Aware": false,
                                          "Startup Cost": 206017.49,
                                          "Total Cost": 206019.01,
                                          "Plan Rows": 1,
                                          "Plan Width": 12,
                                          "Actual Startup Time": 1420.47,
                                          "Actual Total Time": 1444.12,
                                          "Actual Rows": 12705,
                                          "Actual Loops": 1,
                                          "Workers Planned": 3,
                                          "Workers Launched": 1,
                                          "Single Copy": false,
                                          "Plans": [
                                            {
                                              "Node Type": "Merge Join",
                                              "Parent Relationship": "Outer",
                                              "Parallel Aware": false,
                                              "Join Type": "Inner",
                                              "Startup Cost": 205017.49,
                                              "Total Cost": 205018.91,
                                              "Plan Rows": 1,
                                              "Plan Width": 12,
                                              "Actual Startup Time": 1417.882,
                                              "Actual Total Time": 1428.687,
                                              "Actual Rows": 6352,
                                              "Actual Loops": 2,
                                              "Inner Unique": true,
                                              "Merge Cond": "(mk.keyword_id = k.id)",
                                              "Plans": [
                                                {
                                                  "Node Type": "Sort",
                                                  "Parent Relationship": "Outer",
                                                  "Parallel Aware": false,
                                                  "Startup Cost": 201552.7,
                                                  "Total Cost": 201553.39,
                                                  "Plan Rows": 276,
                                                  "Plan Width": 16,
                                                  "Actual Startup Time": 1386.593,
                                                  "Actual Total Time": 1393.642,
                                                  "Actual Rows": 55187,
                                                  "Actual Loops": 2,
                                                  "Sort Key": [
                                                    "mk.keyword_id"
                                                  ],
                                                  "Sort Method": "quicksort",
                                                  "Sort Space Used": 34371,
                                                  "Sort Space Type": "Memory",
                                                  "Workers": [
                                                    {
                                                      "Worker Number": 0,
                                                      "Sort Method": "quicksort",
                                                      "Sort Space Used": 25930,
                                                      "Sort Space Type": "Memory"
                                                    }
                                                  ],
                                                  "Plans": [
                                                    {
                                                      "Node Type": "Merge Join",
                                                      "Parent Relationship": "Outer",
                                                      "Parallel Aware": false,
                                                      "Join Type": "Inner",
                                                      "Startup Cost": 51407.55,
                                                      "Total Cost": 201541.51,
                                                      "Plan Rows": 276,
                                                      "Plan Width": 16,
                                                      "Actual Startup Time": 504.896,
                                                      "Actual Total Time": 1277.681,
                                                      "Actual Rows": 381056,
                                                      "Actual Loops": 2,
                                                      "Inner Unique": false,
                                                      "Merge Cond": "(mk.movie_id = mc.movie_id)",
                                                      "Plans": [
                                                        {
                                                          "Node Type": "Index Scan",
                                                          "Parent Relationship": "Outer",
                                                          "Parallel Aware": true,
                                                          "Scan Direction": "Forward",
                                                          "Index Name": "movie_id_movie_keyword",
                                                          "Relation Name": "movie_keyword",
                                                          "Alias": "mk",
                                                          "Startup Cost": 0.43,
                                                          "Total Cost": 146510.84,
                                                          "Plan Rows": 1459332,
                                                          "Plan Width": 8,
                                                          "Actual Startup Time": 0.094,
                                                          "Actual Total Time": 537.768,
                                                          "Actual Rows": 2261684,
                                                          "Actual Loops": 2
                                                        },
                                                        {
                                                          "Node Type": "Sort",
                                                          "Parent Relationship": "Inner",
                                                          "Parallel Aware": false,
                                                          "Startup Cost": 51407.11,
                                                          "Total Cost": 51407.34,
                                                          "Plan Rows": 92,
                                                          "Plan Width": 8,
                                                          "Actual Startup Time": 504.234,
                                                          "Actual Total Time": 522.115,
                                                          "Actual Rows": 385260,
                                                          "Actual Loops": 2,
                                                          "Sort Key": [
                                                            "mc.movie_id"
                                                          ],
                                                          "Sort Method": "quicksort",
                                                          "Sort Space Used": 566,
                                                          "Sort Space Type": "Memory",
                                                          "Workers": [
                                                            {
                                                              "Worker Number": 0,
                                                              "Sort Method": "quicksort",
                                                              "Sort Space Used": 566,
                                                              "Sort Space Type": "Memory"
                                                            }
                                                          ],
                                                          "Plans": [
                                                            {
                                                              "Node Type": "Seq Scan",
                                                              "Parent Relationship": "Outer",
                                                              "Parallel Aware": false,
                                                              "Relation Name": "movie_companies",
                                                              "Alias": "mc",
                                                              "Startup Cost": 0.0,
                                                              "Total Cost": 51404.11,
                                                              "Plan Rows": 92,
                                                              "Plan Width": 8,
                                                              "Actual Startup Time": 2.555,
                                                              "Actual Total Time": 500.846,
                                                              "Actual Rows": 7963,
                                                              "Actual Loops": 2,
                                                              "Filter": "(note ~~ '%(Blu-ray)%'::text)",
                                                              "Rows Removed by Filter": 2601166
                                                            }
                                                          ]
                                                        }
                                                      ]
                                                    }
                                                  ]
                                                },
                                                {
                                                  "Node Type": "Sort",
                                                  "Parent Relationship": "Inner",
                                                  "Parallel Aware": false,
                                                  "Startup Cost": 3464.79,
                                                  "Total Cost": 3464.8,
                                                  "Plan Rows": 7,
                                                  "Plan Width": 4,
                                                  "Actual Startup Time": 29.36,
                                                  "Actual Total Time": 29.362,
                                                  "Actual Rows": 7,
                                                  "Actual Loops": 2,
                                                  "Sort Key": [
                                                    "k.id"
                                                  ],
                                                  "Sort Method": "quicksort",
                                                  "Sort Space Used": 25,
                                                  "Sort Space Type": "Memory",
                                                  "Workers": [
                                                    {
                                                      "Worker Number": 0,
                                                      "Sort Method": "quicksort",
                                                      "Sort Space Used": 25,
                                                      "Sort Space Type": "Memory"
                                                    }
                                                  ],
                                                  "Plans": [
                                                    {
                                                      "Node Type": "Seq Scan",
                                                      "Parent Relationship": "Outer",
                                                      "Parallel Aware": false,
                                                      "Relation Name": "keyword",
                                                      "Alias": "k",
                                                      "Startup Cost": 0.0,
                                                      "Total Cost": 3464.69,
                                                      "Plan Rows": 7,
                                                      "Plan Width": 4,
                                                      "Actual Startup Time": 0.908,
                                                      "Actual Total Time": 29.34,
                                                      "Actual Rows": 7,
                                                      "Actual Loops": 2,
                                                      "Filter": "(keyword = ANY ('{murder,violence,blood,gore,death,female-nudity,hospital}'::text[]))",
                                                      "Rows Removed by Filter": 134163
                                                    }
                                                  ]
                                                }
                                              ]
                                            }
                                          ]
                                        }
                                      ]
                                    },
                                    {
                                      "Node Type": "Sort",
                                      "Parent Relationship": "Inner",
                                      "Parallel Aware": false,
                                      "Startup Cost": 5725.74,
                                      "Total Cost": 5725.8,
                                      "Plan Rows": 23,
                                      "Plan Width": 4,
                                      "Actual Startup Time": 40.289,
                                      "Actual Total Time": 40.33,
                                      "Actual Rows": 10,
                                      "Actual Loops": 1,
                                      "Sort Key": [
                                        "cn.id"
                                      ],
                                      "Sort Method": "quicksort",
                                      "Sort Space Used": 25,
                                      "Sort Space Type": "Memory",
                                      "Plans": [
                                        {
                                          "Node Type": "Gather",
                                          "Parent Relationship": "Outer",
                                          "Parallel Aware": false,
                                          "Startup Cost": 1000.0,
                                          "Total Cost": 5725.22,
                                          "Plan Rows": 23,
                                          "Plan Width": 4,
                                          "Actual Startup Time": 1.088,
                                          "Actual Total Time": 40.31,
                                          "Actual Rows": 10,
                                          "Actual Loops": 1,
                                          "Workers Planned": 1,
                                          "Workers Launched": 0,
                                          "Single Copy": false,
                                          "Plans": [
                                            {
                                              "Node Type": "Seq Scan",
                                              "Parent Relationship": "Outer",
                                              "Parallel Aware": true,
                                              "Relation Name": "company_name",
                                              "Alias": "cn",
                                              "Startup Cost": 0.0,
                                              "Total Cost": 4722.92,
                                              "Plan Rows": 14,
                                              "Plan Width": 4,
                                              "Actual Startup Time": 0.824,
                                              "Actual Total Time": 40.002,
                                              "Actual Rows": 10,
                                              "Actual Loops": 1,
                                              "Filter": "(name ~~ 'Lionsgate%'::text)",
                                              "Rows Removed by Filter": 234987
                                            }
                                          ]
                                        }
                                      ]
                                    }
                                  ]
                                }
                              ]
                            }
                          ]
                        },
                        {
                          "Node Type": "Sort",
                          "Parent Relationship": "Inner",
                          "Parallel Aware": false,
                          "Startup Cost": 201473.92,
                          "Total Cost": 201475.78,
                          "Plan Rows": 744,
                          "Plan Width": 47,
                          "Actual Startup Time": 1687.303,
                          "Actual Total Time": 1690.373,
                          "Actual Rows": 69859,
                          "Actual Loops": 1,
                          "Sort Key": [
                            "mi.movie_id"
                          ],
                          "Sort Method": "quicksort",
                          "Sort Space Used": 6460,
                          "Sort Space Type": "Memory",
                          "Plans": [
                            {
                              "Node Type": "Gather",
                              "Parent Relationship": "Outer",
                              "Parallel Aware": false,
                              "Startup Cost": 201278.44,
                              "Total Cost": 201438.44,
                              "Plan Rows": 744,
                              "Plan Width": 47,
                              "Actual Startup Time": 1643.836,
                              "Actual Total Time": 1669.865,
                              "Actual Rows": 72258,
                              "Actual Loops": 1,
                              "Workers Planned": 5,
                              "Workers Launched": 1,
                              "Single Copy": false,
                              "Plans": [
                                {
                                  "Node Type": "Merge Join",
                                  "Parent Relationship": "Outer",
                                  "Parallel Aware": false,
                                  "Join Type": "Inner",
                                  "Startup Cost": 200278.44,
                                  "Total Cost": 200364.04,
                                  "Plan Rows": 149,
                                  "Plan Width": 47,
                                  "Actual Startup Time": 1637.349,
                                  "Actual Total Time": 1644.866,
                                  "Actual Rows": 36129,
                                  "Actual Loops": 2,
                                  "Inner Unique": true,
                                  "Merge Cond": "(mi.info_type_id = it1.id)",
                                  "Plans": [
                                    {
                                      "Node Type": "Sort",
                                      "Parent Relationship": "Outer",
                                      "Parallel Aware": false,
                                      "Startup Cost": 200276.02,
                                      "Total Cost": 200318.07,
                                      "Plan Rows": 16820,
                                      "Plan Width": 51,
                                      "Actual Startup Time": 1637.232,
                                      "Actual Total Time": 1639.011,
                                      "Actual Rows": 36130,
                                      "Actual Loops": 2,
                                      "Sort Key": [
                                        "mi.info_type_id"
                                      ],
                                      "Sort Method": "quicksort",
                                      "Sort Space Used": 4404,
                                      "Sort Space Type": "Memory",
                                      "Workers": [
                                        {
                                          "Worker Number": 0,
                                          "Sort Method": "quicksort",
                                          "Sort Space Used": 2645,
                                          "Sort Space Type": "Memory"
                                        }
                                      ],
                                      "Plans": [
                                        {
                                          "Node Type": "Seq Scan",
                                          "Parent Relationship": "Outer",
                                          "Parallel Aware": true,
                                          "Relation Name": "movie_info",
                                          "Alias": "mi",
                                          "Startup Cost": 0.0,
                                          "Total Cost": 199095.43,
                                          "Plan Rows": 16820,
                                          "Plan Width": 51,
                                          "Actual Startup Time": 1046.632,
                                          "Actual Total Time": 1626.169,
                                          "Actual Rows": 36524,
                                          "Actual Loops": 2,
                                          "Filter": "(info = ANY ('{Horror,Thriller}'::text[]))",
                                          "Rows Removed by Filter": 7381336
                                        }
                                      ]
                                    },
                                    {
                                      "Node Type": "Sort",
                                      "Parent Relationship": "Inner",
                                      "Parallel Aware": false,
                                      "Startup Cost": 2.42,
                                      "Total Cost": 2.43,
                                      "Plan Rows": 1,
                                      "Plan Width": 4,
                                      "Actual Startup Time": 0.097,
                                      "Actual Total Time": 0.098,
                                      "Actual Rows": 1,
                                      "Actual Loops": 2,
                                      "Sort Key": [
                                        "it1.id"
                                      ],
                                      "Sort Method": "quicksort",
                                      "Sort Space Used": 25,
                                      "Sort Space Type": "Memory",
                                      "Workers": [
                                        {
                                          "Worker Number": 0,
                                          "Sort Method": "quicksort",
                                          "Sort Space Used": 25,
                                          "Sort Space Type": "Memory"
                                        }
                                      ],
                                      "Plans": [
                                        {
                                          "Node Type": "Seq Scan",
                                          "Parent Relationship": "Outer",
                                          "Parallel Aware": false,
                                          "Relation Name": "info_type",
                                          "Alias": "it1",
                                          "Startup Cost": 0.0,
                                          "Total Cost": 2.41,
                                          "Plan Rows": 1,
                                          "Plan Width": 4,
                                          "Actual Startup Time": 0.065,
                                          "Actual Total Time": 0.075,
                                          "Actual Rows": 1,
                                          "Actual Loops": 2,
                                          "Filter": "((info)::text = 'genres'::text)",
                                          "Rows Removed by Filter": 112
                                        }
                                      ]
                                    }
                                  ]
                                }
                              ]
                            }
                          ]
                        }
                      ]
                    },
                    {
                      "Node Type": "Sort",
                      "Parent Relationship": "Inner",
                      "Parallel Aware": false,
                      "Startup Cost": 49693.39,
                      "Total Cost": 49694.34,
                      "Plan Rows": 379,
                      "Plan Width": 21,
                      "Actual Startup Time": 610.276,
                      "Actual Total Time": 610.358,
                      "Actual Rows": 531,
                      "Actual Loops": 1,
                      "Sort Key": [
                        "t.id"
                      ],
                      "Sort Method": "quicksort",
                      "Sort Space Used": 70,
                      "Sort Space Type": "Memory",
                      "Plans": [
                        {
                          "Node Type": "Gather",
                          "Parent Relationship": "Outer",
                          "Parallel Aware": false,
                          "Startup Cost": 1000.0,
                          "Total Cost": 49677.16,
                          "Plan Rows": 379,
                          "Plan Width": 21,
                          "Actual Startup Time": 3.487,
                          "Actual Total Time": 609.904,
                          "Actual Rows": 533,
                          "Actual Loops": 1,
                          "Workers Planned": 4,
                          "Workers Launched": 0,
                          "Single Copy": false,
                          "Plans": [
                            {
                              "Node Type": "Seq Scan",
                              "Parent Relationship": "Outer",
                              "Parallel Aware": true,
                              "Relation Name": "title",
                              "Alias": "t",
                              "Startup Cost": 0.0,
                              "Total Cost": 48639.26,
                              "Plan Rows": 95,
                              "Plan Width": 21,
                              "Actual Startup Time": 3.01,
                              "Actual Total Time": 609.283,
                              "Actual Rows": 533,
                              "Actual Loops": 1,
                              "Filter": "((production_year > 2000) AND ((title ~~ '%Freddy%'::text) OR (title ~~ '%Jason%'::text) OR (title ~~ 'Saw%'::text)))",
                              "Rows Removed by Filter": 2527779
                            }
                          ]
                        }
                      ]
                    }
                  ]
                }
              ]
            }
          ]
        }
      ]
    },
    "Planning Time": 56.485,
    "Triggers": [],
    "Execution Time": 6877.582
  }
]