{
  "Plan": {
    "Node Type": "Aggregate",
    "Strategy": "Plain",
    "Partial Mode": "Simple",
    "Parallel Aware": false,
    "Startup Cost": 498303.09,
    "Total Cost": 498303.1,
    "Plan Rows": 1,
    "Plan Width": 8,
    "Actual Startup Time": 4553.416,
    "Actual Total Time": 4553.419,
    "Actual Rows": 1,
    "Actual Loops": 1,
    "Plans": [
      {
        "Node Type": "Hash Join",
        "Parent Relationship": "Outer",
        "Parallel Aware": false,
        "Join Type": "Inner",
        "Startup Cost": 497227.85,
        "Total Cost": 498300.48,
        "Plan Rows": 1042,
        "Plan Width": 0,
        "Actual Startup Time": 4553.285,
        "Actual Total Time": 4553.396,
        "Actual Rows": 411,
        "Actual Loops": 1,
        "Inner Unique": false,
        "Hash Cond": "(ci.movie_id = t.id)",
        "Plans": [
          {
            "Node Type": "Index Scan",
            "Parent Relationship": "Outer",
            "Parallel Aware": false,
            "Scan Direction": "Forward",
            "Index Name": "person_id_cast_info",
            "Relation Name": "cast_info",
            "Alias": "ci",
            "Startup Cost": 0.56,
            "Total Cost": 1058.43,
            "Plan Rows": 497,
            "Plan Width": 4,
            "Actual Startup Time": 0.174,
            "Actual Total Time": 0.187,
            "Actual Rows": 79,
            "Actual Loops": 1,
            "Index Cond": "(person_id = 2401575)",
            "Rows Removed by Index Recheck": 0
          },
          {
            "Node Type": "Hash",
            "Parent Relationship": "Inner",
            "Parallel Aware": false,
            "Startup Cost": 430996.46,
            "Total Cost": 430996.46,
            "Plan Rows": 5298466,
            "Plan Width": 8,
            "Actual Startup Time": 4501.373,
            "Actual Total Time": 4501.376,
            "Actual Rows": 5270569,
            "Actual Loops": 1,
            "Hash Buckets": 8388608,
            "Original Hash Buckets": 8388608,
            "Hash Batches": 1,
            "Original Hash Batches": 1,
            "Peak Memory Usage": 271418,
            "Plans": [
              {
                "Node Type": "Hash Join",
                "Parent Relationship": "Outer",
                "Parallel Aware": false,
                "Join Type": "Inner",
                "Startup Cost": 188864.14,
                "Total Cost": 430996.46,
                "Plan Rows": 5298466,
                "Plan Width": 8,
                "Actual Startup Time": 1027.764,
                "Actual Total Time": 3305.826,
                "Actual Rows": 5270569,
                "Actual Loops": 1,
                "Inner Unique": true,
                "Hash Cond": "(mi.movie_id = t.id)",
                "Plans": [
                  {
                    "Node Type": "Bitmap Heap Scan",
                    "Parent Relationship": "Outer",
                    "Parallel Aware": false,
                    "Relation Name": "movie_info",
                    "Alias": "mi",
                    "Startup Cost": 95979.55,
                    "Total Cost": 324203.37,
                    "Plan Rows": 5298466,
                    "Plan Width": 4,
                    "Actual Startup Time": 196.358,
                    "Actual Total Time": 732.997,
                    "Actual Rows": 5270569,
                    "Actual Loops": 1,
                    "Recheck Cond": "(info_type_id > 15)",
                    "Rows Removed by Index Recheck": 0,
                    "Exact Heap Blocks": 76450,
                    "Lossy Heap Blocks": 0,
                    "Plans": [
                      {
                        "Node Type": "Bitmap Index Scan",
                        "Parent Relationship": "Outer",
                        "Parallel Aware": false,
                        "Index Name": "info_type_id_movie_info",
                        "Startup Cost": 0.0,
                        "Total Cost": 94654.93,
                        "Plan Rows": 5298466,
                        "Plan Width": 0,
                        "Actual Startup Time": 185.188,
                        "Actual Total Time": 185.188,
                        "Actual Rows": 5270569,
                        "Actual Loops": 1,
                        "Index Cond": "(info_type_id > 15)"
                      }
                    ]
                  },
                  {
                    "Node Type": "Hash",
                    "Parent Relationship": "Inner",
                    "Parallel Aware": false,
                    "Startup Cost": 61280.93,
                    "Total Cost": 61280.93,
                    "Plan Rows": 2528293,
                    "Plan Width": 4,
                    "Actual Startup Time": 815.754,
                    "Actual Total Time": 815.754,
                    "Actual Rows": 2528312,
                    "Actual Loops": 1,
                    "Hash Buckets": 4194304,
                    "Original Hash Buckets": 4194304,
                    "Hash Batches": 1,
                    "Original Hash Batches": 1,
                    "Peak Memory Usage": 121654,
                    "Plans": [
                      {
                        "Node Type": "Seq Scan",
                        "Parent Relationship": "Outer",
                        "Parallel Aware": false,
                        "Relation Name": "title",
                        "Alias": "t",
                        "Startup Cost": 0.0,
                        "Total Cost": 61280.93,
                        "Plan Rows": 2528293,
                        "Plan Width": 4,
                        "Actual Startup Time": 0.019,
                        "Actual Total Time": 255.205,
                        "Actual Rows": 2528312,
                        "Actual Loops": 1
                      }
                    ]
                  }
                ]
              }
            ]
          }
        ]
      }
    ]
  },
  "Planning Time": 0.963,
  "Triggers": [],
  "Execution Time": 4573.272
}