[
  {
    "Plan": {
      "Node Type": "Aggregate",
      "Strategy": "Plain",
      "Partial Mode": "Finalize",
      "Parallel Aware": false,
      "Startup Cost": 338097.95,
      "Total Cost": 338097.96,
      "Plan Rows": 1,
      "Plan Width": 8,
      "Actual Startup Time": 848.783,
      "Actual Total Time": 911.617,
      "Actual Rows": 1,
      "Actual Loops": 1,
      "Plans": [
        {
          "Node Type": "Gather",
          "Parent Relationship": "Outer",
          "Parallel Aware": false,
          "Startup Cost": 338097.32,
          "Total Cost": 338097.93,
          "Plan Rows": 6,
          "Plan Width": 8,
          "Actual Startup Time": 848.659,
          "Actual Total Time": 911.604,
          "Actual Rows": 7,
          "Actual Loops": 1,
          "Workers Planned": 6,
          "Workers Launched": 6,
          "Single Copy": false,
          "Plans": [
            {
              "Node Type": "Aggregate",
              "Strategy": "Plain",
              "Partial Mode": "Partial",
              "Parent Relationship": "Outer",
              "Parallel Aware": false,
              "Startup Cost": 337097.32,
              "Total Cost": 337097.33,
              "Plan Rows": 1,
              "Plan Width": 8,
              "Actual Startup Time": 838.48,
              "Actual Total Time": 838.481,
              "Actual Rows": 1,
              "Actual Loops": 7,
              "Plans": [
                {
                  "Node Type": "Seq Scan",
                  "Parent Relationship": "Outer",
                  "Parallel Aware": true,
                  "Relation Name": "cast_info",
                  "Alias": "ci",
                  "Startup Cost": 0.0,
                  "Total Cost": 328162.03,
                  "Plan Rows": 3574119,
                  "Plan Width": 0,
                  "Actual Startup Time": 0.051,
                  "Actual Total Time": 681.562,
                  "Actual Rows": 3068443,
                  "Actual Loops": 7,
                  "Filter": "(person_id < 2177136)",
                  "Rows Removed by Filter": 2109321
                }
              ]
            }
          ]
        }
      ]
    },
    "Planning Time": 0.168,
    "Triggers": [],
    "Execution Time": 911.69
  }
]