[
  {
    "Plan": {
      "Node Type": "Aggregate",
      "Strategy": "Plain",
      "Partial Mode": "Finalize",
      "Parallel Aware": false,
      "Startup Cost": 204667.93,
      "Total Cost": 204667.94,
      "Plan Rows": 1,
      "Plan Width": 8,
      "Actual Startup Time": 372.48,
      "Actual Total Time": 403.004,
      "Actual Rows": 1,
      "Actual Loops": 1,
      "Plans": [
        {
          "Node Type": "Gather",
          "Parent Relationship": "Outer",
          "Parallel Aware": false,
          "Startup Cost": 204667.3,
          "Total Cost": 204667.91,
          "Plan Rows": 6,
          "Plan Width": 8,
          "Actual Startup Time": 372.352,
          "Actual Total Time": 402.986,
          "Actual Rows": 7,
          "Actual Loops": 1,
          "Workers Planned": 6,
          "Workers Launched": 6,
          "Single Copy": false,
          "Plans": [
            {
              "Node Type": "Aggregate",
              "Strategy": "Plain",
              "Partial Mode": "Partial",
              "Parent Relationship": "Outer",
              "Parallel Aware": false,
              "Startup Cost": 203667.3,
              "Total Cost": 203667.31,
              "Plan Rows": 1,
              "Plan Width": 8,
              "Actual Startup Time": 361.87,
              "Actual Total Time": 361.871,
              "Actual Rows": 1,
              "Actual Loops": 7,
              "Plans": [
                {
                  "Node Type": "Index Scan",
                  "Parent Relationship": "Outer",
                  "Parallel Aware": true,
                  "Scan Direction": "Forward",
                  "Index Name": "role_id_cast_info",
                  "Relation Name": "cast_info",
                  "Alias": "ci",
                  "Startup Cost": 0.56,
                  "Total Cost": 201884.69,
                  "Plan Rows": 713044,
                  "Plan Width": 0,
                  "Actual Startup Time": 0.308,
                  "Actual Total Time": 297.159,
                  "Actual Rows": 1064174,
                  "Actual Loops": 7,
                  "Index Cond": "(role_id = 2)",
                  "Rows Removed by Index Recheck": 0,
                  "Filter": "(person_id > 1558914)",
                  "Rows Removed by Filter": 394
                }
              ]
            }
          ]
        }
      ]
    },
    "Planning Time": 0.063,
    "Triggers": [],
    "Execution Time": 403.046
  }
]