[
  {
    "Plan": {
      "Node Type": "Aggregate",
      "Strategy": "Plain",
      "Partial Mode": "Finalize",
      "Parallel Aware": false,
      "Startup Cost": 79489.82,
      "Total Cost": 79489.83,
      "Plan Rows": 1,
      "Plan Width": 8,
      "Actual Startup Time": 341.905,
      "Actual Total Time": 357.285,
      "Actual Rows": 1,
      "Actual Loops": 1,
      "Plans": [
        {
          "Node Type": "Gather",
          "Parent Relationship": "Outer",
          "Parallel Aware": false,
          "Startup Cost": 79489.5,
          "Total Cost": 79489.81,
          "Plan Rows": 3,
          "Plan Width": 8,
          "Actual Startup Time": 340.639,
          "Actual Total Time": 357.266,
          "Actual Rows": 4,
          "Actual Loops": 1,
          "Workers Planned": 3,
          "Workers Launched": 3,
          "Single Copy": false,
          "Plans": [
            {
              "Node Type": "Aggregate",
              "Strategy": "Plain",
              "Partial Mode": "Partial",
              "Parent Relationship": "Outer",
              "Parallel Aware": false,
              "Startup Cost": 78489.5,
              "Total Cost": 78489.51,
              "Plan Rows": 1,
              "Plan Width": 8,
              "Actual Startup Time": 334.258,
              "Actual Total Time": 334.262,
              "Actual Rows": 1,
              "Actual Loops": 4,
              "Plans": [
                {
                  "Node Type": "Hash Join",
                  "Parent Relationship": "Outer",
                  "Parallel Aware": true,
                  "Join Type": "Inner",
                  "Startup Cost": 46717.61,
                  "Total Cost": 78169.91,
                  "Plan Rows": 127834,
                  "Plan Width": 0,
                  "Actual Startup Time": 149.524,
                  "Actual Total Time": 327.761,
                  "Actual Rows": 141732,
                  "Actual Loops": 4,
                  "Inner Unique": true,
                  "Hash Cond": "(mc.movie_id = t.id)",
                  "Plans": [
                    {
                      "Node Type": "Seq Scan",
                      "Parent Relationship": "Outer",
                      "Parallel Aware": true,
                      "Relation Name": "movie_companies",
                      "Alias": "mc",
                      "Startup Cost": 0.0,
                      "Total Cost": 29310.68,
                      "Plan Rows": 815856,
                      "Plan Width": 4,
                      "Actual Startup Time": 0.013,
                      "Actual Total Time": 79.934,
                      "Actual Rows": 632134,
                      "Actual Loops": 4,
                      "Filter": "(company_id > 11)",
                      "Rows Removed by Filter": 20149
                    },
                    {
                      "Node Type": "Hash",
                      "Parent Relationship": "Inner",
                      "Parallel Aware": true,
                      "Startup Cost": 45479.59,
                      "Total Cost": 45479.59,
                      "Plan Rows": 99042,
                      "Plan Width": 4,
                      "Actual Startup Time": 146.519,
                      "Actual Total Time": 146.52,
                      "Actual Rows": 77962,
                      "Actual Loops": 4,
                      "Hash Buckets": 524288,
                      "Original Hash Buckets": 524288,
                      "Hash Batches": 1,
                      "Original Hash Batches": 1,
                      "Peak Memory Usage": 16320,
                      "Plans": [
                        {
                          "Node Type": "Seq Scan",
                          "Parent Relationship": "Outer",
                          "Parallel Aware": true,
                          "Relation Name": "title",
                          "Alias": "t",
                          "Startup Cost": 0.0,
                          "Total Cost": 45479.59,
                          "Plan Rows": 99042,
                          "Plan Width": 4,
                          "Actual Startup Time": 0.036,
                          "Actual Total Time": 111.807,
                          "Actual Rows": 77962,
                          "Actual Loops": 4,
                          "Filter": "((kind_id < 3) AND (production_year > 2001))",
                          "Rows Removed by Filter": 554116
                        }
                      ]
                    }
                  ]
                }
              ]
            }
          ]
        }
      ]
    },
    "Planning Time": 0.616,
    "Triggers": [],
    "Execution Time": 357.348
  }
]