[
  {
    "Plan": {
      "Node Type": "Aggregate",
      "Strategy": "Plain",
      "Partial Mode": "Finalize",
      "Parallel Aware": false,
      "Startup Cost": 79499.27,
      "Total Cost": 79499.28,
      "Plan Rows": 1,
      "Plan Width": 8,
      "Actual Startup Time": 307.587,
      "Actual Total Time": 323.414,
      "Actual Rows": 1,
      "Actual Loops": 1,
      "Plans": [
        {
          "Node Type": "Gather",
          "Parent Relationship": "Outer",
          "Parallel Aware": false,
          "Startup Cost": 79498.95,
          "Total Cost": 79499.26,
          "Plan Rows": 3,
          "Plan Width": 8,
          "Actual Startup Time": 306.202,
          "Actual Total Time": 323.403,
          "Actual Rows": 4,
          "Actual Loops": 1,
          "Workers Planned": 3,
          "Workers Launched": 3,
          "Single Copy": false,
          "Plans": [
            {
              "Node Type": "Aggregate",
              "Strategy": "Plain",
              "Partial Mode": "Partial",
              "Parent Relationship": "Outer",
              "Parallel Aware": false,
              "Startup Cost": 78498.95,
              "Total Cost": 78498.96,
              "Plan Rows": 1,
              "Plan Width": 8,
              "Actual Startup Time": 297.474,
              "Actual Total Time": 297.477,
              "Actual Rows": 1,
              "Actual Loops": 4,
              "Plans": [
                {
                  "Node Type": "Hash Join",
                  "Parent Relationship": "Outer",
                  "Parallel Aware": true,
                  "Join Type": "Inner",
                  "Startup Cost": 46723.22,
                  "Total Cost": 78177.49,
                  "Plan Rows": 128586,
                  "Plan Width": 0,
                  "Actual Startup Time": 130.184,
                  "Actual Total Time": 291.632,
                  "Actual Rows": 141732,
                  "Actual Loops": 4,
                  "Inner Unique": true,
                  "Hash Cond": "(mc.movie_id = t.id)",
                  "Plans": [
                    {
                      "Node Type": "Seq Scan",
                      "Parent Relationship": "Outer",
                      "Parallel Aware": true,
                      "Relation Name": "movie_companies",
                      "Alias": "mc",
                      "Startup Cost": 0.0,
                      "Total Cost": 29310.68,
                      "Plan Rows": 816603,
                      "Plan Width": 4,
                      "Actual Startup Time": 0.02,
                      "Actual Total Time": 72.177,
                      "Actual Rows": 632134,
                      "Actual Loops": 4,
                      "Filter": "(company_id > 11)",
                      "Rows Removed by Filter": 20149
                    },
                    {
                      "Node Type": "Hash",
                      "Parent Relationship": "Inner",
                      "Parallel Aware": true,
                      "Startup Cost": 45479.1,
                      "Total Cost": 45479.1,
                      "Plan Rows": 99530,
                      "Plan Width": 4,
                      "Actual Startup Time": 126.709,
                      "Actual Total Time": 126.71,
                      "Actual Rows": 77962,
                      "Actual Loops": 4,
                      "Hash Buckets": 524288,
                      "Original Hash Buckets": 524288,
                      "Hash Batches": 1,
                      "Original Hash Batches": 1,
                      "Peak Memory Usage": 16384,
                      "Plans": [
                        {
                          "Node Type": "Seq Scan",
                          "Parent Relationship": "Outer",
                          "Parallel Aware": true,
                          "Relation Name": "title",
                          "Alias": "t",
                          "Startup Cost": 0.0,
                          "Total Cost": 45479.1,
                          "Plan Rows": 99530,
                          "Plan Width": 4,
                          "Actual Startup Time": 0.054,
                          "Actual Total Time": 98.648,
                          "Actual Rows": 77962,
                          "Actual Loops": 4,
                          "Filter": "((kind_id < 3) AND (production_year > 2001))",
                          "Rows Removed by Filter": 554116
                        }
                      ]
                    }
                  ]
                }
              ]
            }
          ]
        }
      ]
    },
    "Planning Time": 0.715,
    "Triggers": [],
    "Execution Time": 323.485
  }
]