[
  {
    "Plan": {
      "Node Type": "Aggregate",
      "Strategy": "Plain",
      "Partial Mode": "Finalize",
      "Parallel Aware": false,
      "Startup Cost": 46284.11,
      "Total Cost": 46284.12,
      "Plan Rows": 1,
      "Plan Width": 8,
      "Actual Startup Time": 123.636,
      "Actual Total Time": 136.356,
      "Actual Rows": 1,
      "Actual Loops": 1,
      "Plans": [
        {
          "Node Type": "Gather",
          "Parent Relationship": "Outer",
          "Parallel Aware": false,
          "Startup Cost": 46283.69,
          "Total Cost": 46284.1,
          "Plan Rows": 4,
          "Plan Width": 8,
          "Actual Startup Time": 123.338,
          "Actual Total Time": 136.342,
          "Actual Rows": 5,
          "Actual Loops": 1,
          "Workers Planned": 4,
          "Workers Launched": 4,
          "Single Copy": false,
          "Plans": [
            {
              "Node Type": "Aggregate",
              "Strategy": "Plain",
              "Partial Mode": "Partial",
              "Parent Relationship": "Outer",
              "Parallel Aware": false,
              "Startup Cost": 45283.69,
              "Total Cost": 45283.7,
              "Plan Rows": 1,
              "Plan Width": 8,
              "Actual Startup Time": 118.075,
              "Actual Total Time": 118.077,
              "Actual Rows": 1,
              "Actual Loops": 5,
              "Plans": [
                {
                  "Node Type": "Seq Scan",
                  "Parent Relationship": "Outer",
                  "Parallel Aware": true,
                  "Relation Name": "title",
                  "Alias": "t",
                  "Startup Cost": 0.0,
                  "Total Cost": 43899.32,
                  "Plan Rows": 553746,
                  "Plan Width": 0,
                  "Actual Startup Time": 0.032,
                  "Actual Total Time": 95.965,
                  "Actual Rows": 440739,
                  "Actual Loops": 5,
                  "Filter": "(production_year > 1960)",
                  "Rows Removed by Filter": 64923
                }
              ]
            }
          ]
        }
      ]
    },
    "Planning Time": 0.071,
    "Triggers": [],
    "Execution Time": 136.386
  }
]