[
  {
    "Plan": {
      "Node Type": "Aggregate",
      "Strategy": "Plain",
      "Partial Mode": "Finalize",
      "Parallel Aware": false,
      "Startup Cost": 367428.5,
      "Total Cost": 367428.51,
      "Plan Rows": 1,
      "Plan Width": 64,
      "Actual Startup Time": 8074.308,
      "Actual Total Time": 8198.933,
      "Actual Rows": 1,
      "Actual Loops": 1,
      "Plans": [
        {
          "Node Type": "Gather",
          "Parent Relationship": "Outer",
          "Parallel Aware": false,
          "Startup Cost": 367428.17,
          "Total Cost": 367428.48,
          "Plan Rows": 3,
          "Plan Width": 64,
          "Actual Startup Time": 8050.54,
          "Actual Total Time": 8198.895,
          "Actual Rows": 4,
          "Actual Loops": 1,
          "Workers Planned": 3,
          "Workers Launched": 3,
          "Single Copy": false,
          "Plans": [
            {
              "Node Type": "Aggregate",
              "Strategy": "Plain",
              "Partial Mode": "Partial",
              "Parent Relationship": "Outer",
              "Parallel Aware": false,
              "Startup Cost": 366428.17,
              "Total Cost": 366428.18,
              "Plan Rows": 1,
              "Plan Width": 64,
              "Actual Startup Time": 8025.844,
              "Actual Total Time": 8025.88,
              "Actual Rows": 1,
              "Actual Loops": 4,
              "Plans": [
                {
                  "Node Type": "Hash Join",
                  "Parent Relationship": "Outer",
                  "Parallel Aware": false,
                  "Join Type": "Inner",
                  "Startup Cost": 106439.43,
                  "Total Cost": 365527.0,
                  "Plan Rows": 180235,
                  "Plan Width": 33,
                  "Actual Startup Time": 6838.808,
                  "Actual Total Time": 8025.853,
                  "Actual Rows": 1,
                  "Actual Loops": 4,
                  "Inner Unique": true,
                  "Hash Cond": "(ci.role_id = rt.id)",
                  "Plans": [
                    {
                      "Node Type": "Hash Join",
                      "Parent Relationship": "Outer",
                      "Parallel Aware": true,
                      "Join Type": "Inner",
                      "Startup Cost": 106438.16,
                      "Total Cost": 364885.51,
                      "Plan Rows": 180235,
                      "Plan Width": 37,
                      "Actual Startup Time": 6838.236,
                      "Actual Total Time": 8025.274,
                      "Actual Rows": 1,
                      "Actual Loops": 4,
                      "Inner Unique": true,
                      "Hash Cond": "(ci.person_role_id = chn.id)",
                      "Plans": [
                        {
                          "Node Type": "Nested Loop",
                          "Parent Relationship": "Outer",
                          "Parallel Aware": false,
                          "Join Type": "Inner",
                          "Startup Cost": 52325.75,
                          "Total Cost": 310299.99,
                          "Plan Rows": 180235,
                          "Plan Width": 25,
                          "Actual Startup Time": 470.663,
                          "Actual Total Time": 7040.228,
                          "Actual Rows": 130905,
                          "Actual Loops": 4,
                          "Inner Unique": false,
                          "Join Filter": "(t.id = ci.movie_id)",
                          "Rows Removed by Join Filter": 0,
                          "Plans": [
                            {
                              "Node Type": "Hash Join",
                              "Parent Relationship": "Outer",
                              "Parallel Aware": false,
                              "Join Type": "Inner",
                              "Startup Cost": 52325.18,
                              "Total Cost": 83180.15,
                              "Plan Rows": 118487,
                              "Plan Width": 25,
                              "Actual Startup Time": 470.143,
                              "Actual Total Time": 1039.186,
                              "Actual Rows": 159573,
                              "Actual Loops": 4,
                              "Inner Unique": true,
                              "Hash Cond": "(mc.company_type_id = ct.id)",
                              "Plans": [
                                {
                                  "Node Type": "Hash Join",
                                  "Parent Relationship": "Outer",
                                  "Parallel Aware": true,
                                  "Join Type": "Inner",
                                  "Startup Cost": 52324.09,
                                  "Total Cost": 82538.48,
                                  "Plan Rows": 118487,
                                  "Plan Width": 29,
                                  "Actual Startup Time": 469.919,
                                  "Actual Total Time": 1005.144,
                                  "Actual Rows": 159573,
                                  "Actual Loops": 4,
                                  "Inner Unique": true,
                                  "Hash Cond": "(mc.movie_id = t.id)",
                                  "Plans": [
                                    {
                                      "Node Type": "Hash Join",
                                      "Parent Relationship": "Outer",
                                      "Parallel Aware": true,
                                      "Join Type": "Inner",
                                      "Startup Cost": 5347.39,
                                      "Total Cost": 34763.33,
                                      "Plan Rows": 304174,
                                      "Plan Width": 8,
                                      "Actual Startup Time": 28.822,
                                      "Actual Total Time": 354.473,
                                      "Actual Rows": 288450,
                                      "Actual Loops": 4,
                                      "Inner Unique": true,
                                      "Hash Cond": "(mc.company_id = cn.id)",
                                      "Plans": [
                                        {
                                          "Node Type": "Seq Scan",
                                          "Parent Relationship": "Outer",
                                          "Parallel Aware": true,
                                          "Relation Name": "movie_companies",
                                          "Alias": "mc",
                                          "Startup Cost": 0.0,
                                          "Total Cost": 27206.55,
                                          "Plan Rows": 841655,
                                          "Plan Width": 12,
                                          "Actual Startup Time": 0.038,
                                          "Actual Total Time": 111.185,
                                          "Actual Rows": 652282,
                                          "Actual Loops": 4
                                        },
                                        {
                                          "Node Type": "Hash",
                                          "Parent Relationship": "Inner",
                                          "Parallel Aware": true,
                                          "Startup Cost": 4722.92,
                                          "Total Cost": 4722.92,
                                          "Plan Rows": 49958,
                                          "Plan Width": 4,
                                          "Actual Startup Time": 28.261,
                                          "Actual Total Time": 28.262,
                                          "Actual Rows": 21211,
                                          "Actual Loops": 4,
                                          "Hash Buckets": 131072,
                                          "Original Hash Buckets": 131072,
                                          "Hash Batches": 1,
                                          "Original Hash Batches": 1,
                                          "Peak Memory Usage": 4384,
                                          "Plans": [
                                            {
                                              "Node Type": "Seq Scan",
                                              "Parent Relationship": "Outer",
                                              "Parallel Aware": true,
                                              "Relation Name": "company_name",
                                              "Alias": "cn",
                                              "Startup Cost": 0.0,
                                              "Total Cost": 4722.92,
                                              "Plan Rows": 49958,
                                              "Plan Width": 4,
                                              "Actual Startup Time": 0.063,
                                              "Actual Total Time": 20.037,
                                              "Actual Rows": 21211,
                                              "Actual Loops": 4,
                                              "Filter": "((country_code)::text = '[us]'::text)",
                                              "Rows Removed by Filter": 37538
                                            }
                                          ]
                                        }
                                      ]
                                    },
                                    {
                                      "Node Type": "Hash",
                                      "Parent Relationship": "Inner",
                                      "Parallel Aware": true,
                                      "Startup Cost": 43898.97,
                                      "Total Cost": 43898.97,
                                      "Plan Rows": 246218,
                                      "Plan Width": 21,
                                      "Actual Startup Time": 438.597,
                                      "Actual Total Time": 438.601,
                                      "Actual Rows": 242797,
                                      "Actual Loops": 4,
                                      "Hash Buckets": 1048576,
                                      "Original Hash Buckets": 1048576,
                                      "Hash Batches": 1,
                                      "Original Hash Batches": 1,
                                      "Peak Memory Usage": 63136,
                                      "Plans": [
                                        {
                                          "Node Type": "Seq Scan",
                                          "Parent Relationship": "Outer",
                                          "Parallel Aware": true,
                                          "Relation Name": "title",
                                          "Alias": "t",
                                          "Startup Cost": 0.0,
                                          "Total Cost": 43898.97,
                                          "Plan Rows": 246218,
                                          "Plan Width": 21,
                                          "Actual Startup Time": 0.076,
                                          "Actual Total Time": 251.131,
                                          "Actual Rows": 242797,
                                          "Actual Loops": 4,
                                          "Filter": "(production_year < 1999)",
                                          "Rows Removed by Filter": 389281
                                        }
                                      ]
                                    }
                                  ]
                                },
                                {
                                  "Node Type": "Hash",
                                  "Parent Relationship": "Inner",
                                  "Parallel Aware": false,
                                  "Startup Cost": 1.04,
                                  "Total Cost": 1.04,
                                  "Plan Rows": 4,
                                  "Plan Width": 4,
                                  "Actual Startup Time": 0.099,
                                  "Actual Total Time": 0.102,
                                  "Actual Rows": 4,
                                  "Actual Loops": 4,
                                  "Hash Buckets": 1024,
                                  "Original Hash Buckets": 1024,
                                  "Hash Batches": 1,
                                  "Original Hash Batches": 1,
                                  "Peak Memory Usage": 9,
                                  "Plans": [
                                    {
                                      "Node Type": "Seq Scan",
                                      "Parent Relationship": "Outer",
                                      "Parallel Aware": false,
                                      "Relation Name": "company_type",
                                      "Alias": "ct",
                                      "Startup Cost": 0.0,
                                      "Total Cost": 1.04,
                                      "Plan Rows": 4,
                                      "Plan Width": 4,
                                      "Actual Startup Time": 0.082,
                                      "Actual Total Time": 0.084,
                                      "Actual Rows": 4,
                                      "Actual Loops": 4
                                    }
                                  ]
                                }
                              ]
                            },
                            {
                              "Node Type": "Index Scan",
                              "Parent Relationship": "Inner",
                              "Parallel Aware": false,
                              "Scan Direction": "Forward",
                              "Index Name": "movie_id_cast_info",
                              "Relation Name": "cast_info",
                              "Alias": "ci",
                              "Startup Cost": 0.56,
                              "Total Cost": 1.89,
                              "Plan Rows": 2,
                              "Plan Width": 12,
                              "Actual Startup Time": 0.027,
                              "Actual Total Time": 0.037,
                              "Actual Rows": 1,
                              "Actual Loops": 638293,
                              "Index Cond": "(movie_id = mc.movie_id)",
                              "Rows Removed by Index Recheck": 0,
                              "Filter": "(note ~~ '%(producer)%'::text)",
                              "Rows Removed by Filter": 22
                            }
                          ]
                        },
                        {
                          "Node Type": "Hash",
                          "Parent Relationship": "Inner",
                          "Parallel Aware": true,
                          "Startup Cost": 44298.85,
                          "Total Cost": 44298.85,
                          "Plan Rows": 785085,
                          "Plan Width": 20,
                          "Actual Startup Time": 954.05,
                          "Actual Total Time": 954.051,
                          "Actual Rows": 785085,
                          "Actual Loops": 4,
                          "Hash Buckets": 4194304,
                          "Original Hash Buckets": 4194304,
                          "Hash Batches": 1,
                          "Original Hash Batches": 1,
                          "Peak Memory Usage": 205120,
                          "Plans": [
                            {
                              "Node Type": "Seq Scan",
                              "Parent Relationship": "Outer",
                              "Parallel Aware": true,
                              "Relation Name": "char_name",
                              "Alias": "chn",
                              "Startup Cost": 0.0,
                              "Total Cost": 44298.85,
                              "Plan Rows": 785085,
                              "Plan Width": 20,
                              "Actual Startup Time": 0.128,
                              "Actual Total Time": 325.635,
                              "Actual Rows": 785085,
                              "Actual Loops": 4
                            }
                          ]
                        }
                      ]
                    },
                    {
                      "Node Type": "Hash",
                      "Parent Relationship": "Inner",
                      "Parallel Aware": false,
                      "Startup Cost": 1.12,
                      "Total Cost": 1.12,
                      "Plan Rows": 12,
                      "Plan Width": 4,
                      "Actual Startup Time": 0.128,
                      "Actual Total Time": 0.131,
                      "Actual Rows": 12,
                      "Actual Loops": 4,
                      "Hash Buckets": 1024,
                      "Original Hash Buckets": 1024,
                      "Hash Batches": 1,
                      "Original Hash Batches": 1,
                      "Peak Memory Usage": 9,
                      "Plans": [
                        {
                          "Node Type": "Seq Scan",
                          "Parent Relationship": "Outer",
                          "Parallel Aware": false,
                          "Relation Name": "role_type",
                          "Alias": "rt",
                          "Startup Cost": 0.0,
                          "Total Cost": 1.12,
                          "Plan Rows": 12,
                          "Plan Width": 4,
                          "Actual Startup Time": 0.077,
                          "Actual Total Time": 0.085,
                          "Actual Rows": 12,
                          "Actual Loops": 4
                        }
                      ]
                    }
                  ]
                }
              ]
            }
          ]
        }
      ]
    },
    "Planning Time": 6.59,
    "Triggers": [],
    "Execution Time": 8199.407
  }
]