[
  {
    "Plan": {
      "Node Type": "Aggregate",
      "Strategy": "Plain",
      "Partial Mode": "Finalize",
      "Parallel Aware": false,
      "Startup Cost": 30949.08,
      "Total Cost": 30949.09,
      "Plan Rows": 1,
      "Plan Width": 8,
      "Actual Startup Time": 92.293,
      "Actual Total Time": 99.495,
      "Actual Rows": 1,
      "Actual Loops": 1,
      "Plans": [
        {
          "Node Type": "Gather",
          "Parent Relationship": "Outer",
          "Parallel Aware": false,
          "Startup Cost": 30948.76,
          "Total Cost": 30949.07,
          "Plan Rows": 3,
          "Plan Width": 8,
          "Actual Startup Time": 92.204,
          "Actual Total Time": 99.488,
          "Actual Rows": 4,
          "Actual Loops": 1,
          "Workers Planned": 3,
          "Workers Launched": 3,
          "Single Copy": false,
          "Plans": [
            {
              "Node Type": "Aggregate",
              "Strategy": "Plain",
              "Partial Mode": "Partial",
              "Parent Relationship": "Outer",
              "Parallel Aware": false,
              "Startup Cost": 29948.76,
              "Total Cost": 29948.77,
              "Plan Rows": 1,
              "Plan Width": 8,
              "Actual Startup Time": 84.72,
              "Actual Total Time": 84.721,
              "Actual Rows": 1,
              "Actual Loops": 4,
              "Plans": [
                {
                  "Node Type": "Seq Scan",
                  "Parent Relationship": "Outer",
                  "Parallel Aware": true,
                  "Relation Name": "movie_companies",
                  "Alias": "mc",
                  "Startup Cost": 0.0,
                  "Total Cost": 29310.68,
                  "Plan Rows": 255232,
                  "Plan Width": 0,
                  "Actual Startup Time": 25.665,
                  "Actual Total Time": 76.486,
                  "Actual Rows": 201414,
                  "Actual Loops": 4,
                  "Filter": "(company_id > 29787)",
                  "Rows Removed by Filter": 450868
                }
              ]
            }
          ]
        }
      ]
    },
    "Planning Time": 0.129,
    "Triggers": [],
    "Execution Time": 99.536
  }
]