{
  "Plan": {
    "Node Type": "Aggregate",
    "Strategy": "Plain",
    "Partial Mode": "Finalize",
    "Parallel Aware": false,
    "Startup Cost": 118202.83,
    "Total Cost": 118202.84,
    "Plan Rows": 1,
    "Plan Width": 8,
    "Actual Startup Time": 427.76,
    "Actual Total Time": 444.931,
    "Actual Rows": 1,
    "Actual Loops": 1,
    "Plans": [
      {
        "Node Type": "Gather",
        "Parent Relationship": "Outer",
        "Parallel Aware": false,
        "Startup Cost": 118202.72,
        "Total Cost": 118202.83,
        "Plan Rows": 1,
        "Plan Width": 8,
        "Actual Startup Time": 427.511,
        "Actual Total Time": 444.924,
        "Actual Rows": 2,
        "Actual Loops": 1,
        "Workers Planned": 1,
        "Workers Launched": 1,
        "Single Copy": false,
        "Plans": [
          {
            "Node Type": "Aggregate",
            "Strategy": "Plain",
            "Partial Mode": "Partial",
            "Parent Relationship": "Outer",
            "Parallel Aware": false,
            "Startup Cost": 117202.72,
            "Total Cost": 117202.73,
            "Plan Rows": 1,
            "Plan Width": 8,
            "Actual Startup Time": 421.832,
            "Actual Total Time": 421.835,
            "Actual Rows": 1,
            "Actual Loops": 2,
            "Plans": [
              {
                "Node Type": "Hash Join",
                "Parent Relationship": "Outer",
                "Parallel Aware": true,
                "Join Type": "Inner",
                "Startup Cost": 58929.07,
                "Total Cost": 116979.91,
                "Plan Rows": 89122,
                "Plan Width": 0,
                "Actual Startup Time": 298.026,
                "Actual Total Time": 421.822,
                "Actual Rows": 2,
                "Actual Loops": 2,
                "Inner Unique": true,
                "Hash Cond": "(mk.movie_id = t.id)",
                "Plans": [
                  {
                    "Node Type": "Seq Scan",
                    "Parent Relationship": "Outer",
                    "Parallel Aware": true,
                    "Relation Name": "movie_keyword",
                    "Alias": "mk",
                    "Startup Cost": 0.0,
                    "Total Cost": 51065.35,
                    "Plan Rows": 2661135,
                    "Plan Width": 4,
                    "Actual Startup Time": 0.011,
                    "Actual Total Time": 149.12,
                    "Actual Rows": 2261965,
                    "Actual Loops": 2
                  },
                  {
                    "Node Type": "Hash",
                    "Parent Relationship": "Inner",
                    "Parallel Aware": true,
                    "Startup Cost": 58306.47,
                    "Total Cost": 58306.47,
                    "Plan Rows": 49808,
                    "Plan Width": 4,
                    "Actual Startup Time": 132.112,
                    "Actual Total Time": 132.113,
                    "Actual Rows": 16,
                    "Actual Loops": 2,
                    "Hash Buckets": 131072,
                    "Original Hash Buckets": 131072,
                    "Hash Batches": 1,
                    "Original Hash Batches": 1,
                    "Peak Memory Usage": 1088,
                    "Plans": [
                      {
                        "Node Type": "Seq Scan",
                        "Parent Relationship": "Outer",
                        "Parallel Aware": true,
                        "Relation Name": "title",
                        "Alias": "t",
                        "Startup Cost": 0.0,
                        "Total Cost": 58306.47,
                        "Plan Rows": 49808,
                        "Plan Width": 4,
                        "Actual Startup Time": 36.377,
                        "Actual Total Time": 132.012,
                        "Actual Rows": 16,
                        "Actual Loops": 2,
                        "Filter": "((production_year < 1940) AND (kind_id = 7))",
                        "Rows Removed by Filter": 1264140
                      }
                    ]
                  }
                ]
              }
            ]
          }
        ]
      }
    ]
  },
  "Planning Time": 0.442,
  "Triggers": [],
  "Execution Time": 445.001
}