[
  {
    "Plan": {
      "Node Type": "Aggregate",
      "Strategy": "Plain",
      "Partial Mode": "Finalize",
      "Parallel Aware": false,
      "Startup Cost": 301564.62,
      "Total Cost": 301564.63,
      "Plan Rows": 1,
      "Plan Width": 8,
      "Actual Startup Time": 2508.996,
      "Actual Total Time": 2553.912,
      "Actual Rows": 1,
      "Actual Loops": 1,
      "Plans": [
        {
          "Node Type": "Gather",
          "Parent Relationship": "Outer",
          "Parallel Aware": false,
          "Startup Cost": 301564.09,
          "Total Cost": 301564.6,
          "Plan Rows": 5,
          "Plan Width": 8,
          "Actual Startup Time": 2489.479,
          "Actual Total Time": 2553.902,
          "Actual Rows": 6,
          "Actual Loops": 1,
          "Workers Planned": 5,
          "Workers Launched": 5,
          "Single Copy": false,
          "Plans": [
            {
              "Node Type": "Aggregate",
              "Strategy": "Plain",
              "Partial Mode": "Partial",
              "Parent Relationship": "Outer",
              "Parallel Aware": false,
              "Startup Cost": 300564.09,
              "Total Cost": 300564.1,
              "Plan Rows": 1,
              "Plan Width": 8,
              "Actual Startup Time": 2480.394,
              "Actual Total Time": 2480.782,
              "Actual Rows": 1,
              "Actual Loops": 6,
              "Plans": [
                {
                  "Node Type": "Hash Join",
                  "Parent Relationship": "Outer",
                  "Parallel Aware": true,
                  "Join Type": "Inner",
                  "Startup Cost": 87774.33,
                  "Total Cost": 296211.0,
                  "Plan Rows": 1741238,
                  "Plan Width": 0,
                  "Actual Startup Time": 580.962,
                  "Actual Total Time": 2105.195,
                  "Actual Rows": 7617196,
                  "Actual Loops": 6,
                  "Inner Unique": false,
                  "Hash Cond": "(mi.movie_id = t.id)",
                  "Plans": [
                    {
                      "Node Type": "Seq Scan",
                      "Parent Relationship": "Outer",
                      "Parallel Aware": true,
                      "Relation Name": "movie_info",
                      "Alias": "mi",
                      "Startup Cost": 0.0,
                      "Total Cost": 191685.19,
                      "Plan Rows": 2969219,
                      "Plan Width": 4,
                      "Actual Startup Time": 0.035,
                      "Actual Total Time": 313.316,
                      "Actual Rows": 2472620,
                      "Actual Loops": 6
                    },
                    {
                      "Node Type": "Hash",
                      "Parent Relationship": "Inner",
                      "Parallel Aware": true,
                      "Startup Cost": 81795.53,
                      "Total Cost": 81795.53,
                      "Plan Rows": 478304,
                      "Plan Width": 8,
                      "Actual Startup Time": 576.286,
                      "Actual Total Time": 576.672,
                      "Actual Rows": 229871,
                      "Actual Loops": 6,
                      "Hash Buckets": 2097152,
                      "Original Hash Buckets": 2097152,
                      "Hash Batches": 1,
                      "Original Hash Batches": 1,
                      "Peak Memory Usage": 70432,
                      "Plans": [
                        {
                          "Node Type": "Hash Join",
                          "Parent Relationship": "Outer",
                          "Parallel Aware": true,
                          "Join Type": "Inner",
                          "Startup Cost": 51108.82,
                          "Total Cost": 81795.53,
                          "Plan Rows": 478304,
                          "Plan Width": 8,
                          "Actual Startup Time": 301.89,
                          "Actual Total Time": 478.479,
                          "Actual Rows": 229871,
                          "Actual Loops": 6,
                          "Inner Unique": true,
                          "Hash Cond": "(mc.movie_id = t.id)",
                          "Plans": [
                            {
                              "Node Type": "Seq Scan",
                              "Parent Relationship": "Outer",
                              "Parallel Aware": true,
                              "Relation Name": "movie_companies",
                              "Alias": "mc",
                              "Startup Cost": 0.0,
                              "Total Cost": 29310.68,
                              "Plan Rows": 524202,
                              "Plan Width": 4,
                              "Actual Startup Time": 0.017,
                              "Actual Total Time": 61.653,
                              "Actual Rows": 272338,
                              "Actual Loops": 6,
                              "Filter": "(company_id < 17533)",
                              "Rows Removed by Filter": 162517
                            },
                            {
                              "Node Type": "Hash",
                              "Parent Relationship": "Inner",
                              "Parallel Aware": true,
                              "Startup Cost": 43899.32,
                              "Total Cost": 43899.32,
                              "Plan Rows": 576760,
                              "Plan Width": 4,
                              "Actual Startup Time": 297.163,
                              "Actual Total Time": 297.164,
                              "Actual Rows": 382647,
                              "Actual Loops": 6,
                              "Hash Buckets": 4194304,
                              "Original Hash Buckets": 4194304,
                              "Hash Batches": 1,
                              "Original Hash Batches": 1,
                              "Peak Memory Usage": 122720,
                              "Plans": [
                                {
                                  "Node Type": "Seq Scan",
                                  "Parent Relationship": "Outer",
                                  "Parallel Aware": true,
                                  "Relation Name": "title",
                                  "Alias": "t",
                                  "Startup Cost": 0.0,
                                  "Total Cost": 43899.32,
                                  "Plan Rows": 576760,
                                  "Plan Width": 4,
                                  "Actual Startup Time": 0.05,
                                  "Actual Total Time": 100.266,
                                  "Actual Rows": 382647,
                                  "Actual Loops": 6,
                                  "Filter": "(production_year > 1948)",
                                  "Rows Removed by Filter": 38738
                                }
                              ]
                            }
                          ]
                        }
                      ]
                    }
                  ]
                }
              ]
            }
          ]
        }
      ]
    },
    "Planning Time": 0.496,
    "Triggers": [],
    "Execution Time": 2553.955
  }
]