[
  {
    "Plan": {
      "Node Type": "Aggregate",
      "Strategy": "Plain",
      "Partial Mode": "Finalize",
      "Parallel Aware": false,
      "Startup Cost": 301513.39,
      "Total Cost": 301513.4,
      "Plan Rows": 1,
      "Plan Width": 8,
      "Actual Startup Time": 2327.877,
      "Actual Total Time": 2376.571,
      "Actual Rows": 1,
      "Actual Loops": 1,
      "Plans": [
        {
          "Node Type": "Gather",
          "Parent Relationship": "Outer",
          "Parallel Aware": false,
          "Startup Cost": 301512.87,
          "Total Cost": 301513.38,
          "Plan Rows": 5,
          "Plan Width": 8,
          "Actual Startup Time": 2313.858,
          "Actual Total Time": 2376.56,
          "Actual Rows": 6,
          "Actual Loops": 1,
          "Workers Planned": 5,
          "Workers Launched": 5,
          "Single Copy": false,
          "Plans": [
            {
              "Node Type": "Aggregate",
              "Strategy": "Plain",
              "Partial Mode": "Partial",
              "Parent Relationship": "Outer",
              "Parallel Aware": false,
              "Startup Cost": 300512.87,
              "Total Cost": 300512.88,
              "Plan Rows": 1,
              "Plan Width": 8,
              "Actual Startup Time": 2299.82,
              "Actual Total Time": 2300.092,
              "Actual Rows": 1,
              "Actual Loops": 6,
              "Plans": [
                {
                  "Node Type": "Hash Join",
                  "Parent Relationship": "Outer",
                  "Parallel Aware": true,
                  "Join Type": "Inner",
                  "Startup Cost": 87834.41,
                  "Total Cost": 296133.41,
                  "Plan Rows": 1751784,
                  "Plan Width": 0,
                  "Actual Startup Time": 511.736,
                  "Actual Total Time": 1961.503,
                  "Actual Rows": 7617196,
                  "Actual Loops": 6,
                  "Inner Unique": false,
                  "Hash Cond": "(mi.movie_id = t.id)",
                  "Plans": [
                    {
                      "Node Type": "Seq Scan",
                      "Parent Relationship": "Outer",
                      "Parallel Aware": true,
                      "Relation Name": "movie_info",
                      "Alias": "mi",
                      "Startup Cost": 0.0,
                      "Total Cost": 191560.33,
                      "Plan Rows": 2956733,
                      "Plan Width": 4,
                      "Actual Startup Time": 0.016,
                      "Actual Total Time": 305.3,
                      "Actual Rows": 2472620,
                      "Actual Loops": 6
                    },
                    {
                      "Node Type": "Hash",
                      "Parent Relationship": "Inner",
                      "Parallel Aware": true,
                      "Startup Cost": 81794.31,
                      "Total Cost": 81794.31,
                      "Plan Rows": 483208,
                      "Plan Width": 8,
                      "Actual Startup Time": 505.516,
                      "Actual Total Time": 505.787,
                      "Actual Rows": 229871,
                      "Actual Loops": 6,
                      "Hash Buckets": 2097152,
                      "Original Hash Buckets": 2097152,
                      "Hash Batches": 1,
                      "Original Hash Batches": 1,
                      "Peak Memory Usage": 70464,
                      "Plans": [
                        {
                          "Node Type": "Hash Join",
                          "Parent Relationship": "Outer",
                          "Parallel Aware": true,
                          "Join Type": "Inner",
                          "Startup Cost": 51090.0,
                          "Total Cost": 81794.31,
                          "Plan Rows": 483208,
                          "Plan Width": 8,
                          "Actual Startup Time": 259.733,
                          "Actual Total Time": 420.303,
                          "Actual Rows": 229871,
                          "Actual Loops": 6,
                          "Inner Unique": true,
                          "Hash Cond": "(mc.movie_id = t.id)",
                          "Plans": [
                            {
                              "Node Type": "Seq Scan",
                              "Parent Relationship": "Outer",
                              "Parallel Aware": true,
                              "Relation Name": "movie_companies",
                              "Alias": "mc",
                              "Startup Cost": 0.0,
                              "Total Cost": 29310.68,
                              "Plan Rows": 530905,
                              "Plan Width": 4,
                              "Actual Startup Time": 0.024,
                              "Actual Total Time": 57.361,
                              "Actual Rows": 272338,
                              "Actual Loops": 6,
                              "Filter": "(company_id < 17533)",
                              "Rows Removed by Filter": 162517
                            },
                            {
                              "Node Type": "Hash",
                              "Parent Relationship": "Inner",
                              "Parallel Aware": true,
                              "Startup Cost": 43898.92,
                              "Total Cost": 43898.92,
                              "Plan Rows": 575287,
                              "Plan Width": 4,
                              "Actual Startup Time": 255.469,
                              "Actual Total Time": 255.47,
                              "Actual Rows": 382647,
                              "Actual Loops": 6,
                              "Hash Buckets": 4194304,
                              "Original Hash Buckets": 4194304,
                              "Hash Batches": 1,
                              "Original Hash Batches": 1,
                              "Peak Memory Usage": 122688,
                              "Plans": [
                                {
                                  "Node Type": "Seq Scan",
                                  "Parent Relationship": "Outer",
                                  "Parallel Aware": true,
                                  "Relation Name": "title",
                                  "Alias": "t",
                                  "Startup Cost": 0.0,
                                  "Total Cost": 43898.92,
                                  "Plan Rows": 575287,
                                  "Plan Width": 4,
                                  "Actual Startup Time": 0.051,
                                  "Actual Total Time": 91.334,
                                  "Actual Rows": 382647,
                                  "Actual Loops": 6,
                                  "Filter": "(production_year > 1948)",
                                  "Rows Removed by Filter": 38738
                                }
                              ]
                            }
                          ]
                        }
                      ]
                    }
                  ]
                }
              ]
            }
          ]
        }
      ]
    },
    "Planning Time": 1.457,
    "Triggers": [],
    "Execution Time": 2376.666
  }
]