[
  {
    "Plan": {
      "Node Type": "Aggregate",
      "Strategy": "Plain",
      "Partial Mode": "Finalize",
      "Parallel Aware": false,
      "Startup Cost": 33399.78,
      "Total Cost": 33399.79,
      "Plan Rows": 1,
      "Plan Width": 8,
      "Actual Startup Time": 113.04,
      "Actual Total Time": 121.433,
      "Actual Rows": 1,
      "Actual Loops": 1,
      "Plans": [
        {
          "Node Type": "Gather",
          "Parent Relationship": "Outer",
          "Parallel Aware": false,
          "Startup Cost": 33399.46,
          "Total Cost": 33399.77,
          "Plan Rows": 3,
          "Plan Width": 8,
          "Actual Startup Time": 112.824,
          "Actual Total Time": 121.422,
          "Actual Rows": 4,
          "Actual Loops": 1,
          "Workers Planned": 3,
          "Workers Launched": 3,
          "Single Copy": false,
          "Plans": [
            {
              "Node Type": "Aggregate",
              "Strategy": "Plain",
              "Partial Mode": "Partial",
              "Parent Relationship": "Outer",
              "Parallel Aware": false,
              "Startup Cost": 32399.46,
              "Total Cost": 32399.47,
              "Plan Rows": 1,
              "Plan Width": 8,
              "Actual Startup Time": 106.362,
              "Actual Total Time": 106.363,
              "Actual Rows": 1,
              "Actual Loops": 4,
              "Plans": [
                {
                  "Node Type": "Seq Scan",
                  "Parent Relationship": "Outer",
                  "Parallel Aware": true,
                  "Relation Name": "movie_companies",
                  "Alias": "mc",
                  "Startup Cost": 0.0,
                  "Total Cost": 31414.82,
                  "Plan Rows": 393856,
                  "Plan Width": 0,
                  "Actual Startup Time": 0.04,
                  "Actual Total Time": 88.904,
                  "Actual Rows": 290815,
                  "Actual Loops": 4,
                  "Filter": "((company_id > 21) AND (company_type_id = 1))",
                  "Rows Removed by Filter": 361467
                }
              ]
            }
          ]
        }
      ]
    },
    "Planning Time": 0.269,
    "Triggers": [],
    "Execution Time": 121.486
  }
]