{
  "Plan": {
    "Node Type": "Aggregate",
    "Strategy": "Plain",
    "Partial Mode": "Finalize",
    "Parallel Aware": false,
    "Startup Cost": 270821.4,
    "Total Cost": 270821.41,
    "Plan Rows": 1,
    "Plan Width": 8,
    "Actual Startup Time": 1747.854,
    "Actual Total Time": 1806.947,
    "Actual Rows": 1,
    "Actual Loops": 1,
    "Plans": [
      {
        "Node Type": "Gather",
        "Parent Relationship": "Outer",
        "Parallel Aware": false,
        "Startup Cost": 270821.29,
        "Total Cost": 270821.4,
        "Plan Rows": 1,
        "Plan Width": 8,
        "Actual Startup Time": 1747.378,
        "Actual Total Time": 1806.939,
        "Actual Rows": 2,
        "Actual Loops": 1,
        "Workers Planned": 1,
        "Workers Launched": 1,
        "Single Copy": false,
        "Plans": [
          {
            "Node Type": "Aggregate",
            "Strategy": "Plain",
            "Partial Mode": "Partial",
            "Parent Relationship": "Outer",
            "Parallel Aware": false,
            "Startup Cost": 269821.29,
            "Total Cost": 269821.3,
            "Plan Rows": 1,
            "Plan Width": 8,
            "Actual Startup Time": 1741.229,
            "Actual Total Time": 1741.232,
            "Actual Rows": 1,
            "Actual Loops": 2,
            "Plans": [
              {
                "Node Type": "Nested Loop",
                "Parent Relationship": "Outer",
                "Parallel Aware": false,
                "Join Type": "Inner",
                "Startup Cost": 75645.95,
                "Total Cost": 269191.15,
                "Plan Rows": 252054,
                "Plan Width": 0,
                "Actual Startup Time": 221.229,
                "Actual Total Time": 1689.048,
                "Actual Rows": 1222506,
                "Actual Loops": 2,
                "Inner Unique": false,
                "Join Filter": "(t.id = ci.movie_id)",
                "Rows Removed by Join Filter": 0,
                "Plans": [
                  {
                    "Node Type": "Hash Join",
                    "Parent Relationship": "Outer",
                    "Parallel Aware": true,
                    "Join Type": "Inner",
                    "Startup Cost": 75645.39,
                    "Total Cost": 108186.62,
                    "Plan Rows": 51081,
                    "Plan Width": 8,
                    "Actual Startup Time": 221.128,
                    "Actual Total Time": 386.815,
                    "Actual Rows": 74100,
                    "Actual Loops": 2,
                    "Inner Unique": true,
                    "Hash Cond": "(mk.movie_id = t.id)",
                    "Plans": [
                      {
                        "Node Type": "Bitmap Heap Scan",
                        "Parent Relationship": "Outer",
                        "Parallel Aware": true,
                        "Relation Name": "movie_keyword",
                        "Alias": "mk",
                        "Startup Cost": 19281.01,
                        "Total Cost": 50418.67,
                        "Plan Rows": 534693,
                        "Plan Width": 4,
                        "Actual Startup Time": 46.235,
                        "Actual Total Time": 124.613,
                        "Actual Rows": 458859,
                        "Actual Loops": 2,
                        "Recheck Cond": "(keyword_id < 869)",
                        "Rows Removed by Index Recheck": 0,
                        "Exact Heap Blocks": 14155,
                        "Lossy Heap Blocks": 0,
                        "Plans": [
                          {
                            "Node Type": "Bitmap Index Scan",
                            "Parent Relationship": "Outer",
                            "Parallel Aware": false,
                            "Index Name": "keyword_id_movie_keyword",
                            "Startup Cost": 0.0,
                            "Total Cost": 19053.77,
                            "Plan Rows": 908978,
                            "Plan Width": 0,
                            "Actual Startup Time": 42.596,
                            "Actual Total Time": 42.597,
                            "Actual Rows": 917718,
                            "Actual Loops": 1,
                            "Index Cond": "(keyword_id < 869)"
                          }
                        ]
                      },
                      {
                        "Node Type": "Hash",
                        "Parent Relationship": "Inner",
                        "Parallel Aware": true,
                        "Startup Cost": 54588.39,
                        "Total Cost": 54588.39,
                        "Plan Rows": 142079,
                        "Plan Width": 4,
                        "Actual Startup Time": 171.165,
                        "Actual Total Time": 171.166,
                        "Actual Rows": 126260,
                        "Actual Loops": 2,
                        "Hash Buckets": 262144,
                        "Original Hash Buckets": 262144,
                        "Hash Batches": 1,
                        "Original Hash Batches": 1,
                        "Peak Memory Usage": 11968,
                        "Plans": [
                          {
                            "Node Type": "Seq Scan",
                            "Parent Relationship": "Outer",
                            "Parallel Aware": true,
                            "Relation Name": "title",
                            "Alias": "t",
                            "Startup Cost": 0.0,
                            "Total Cost": 54588.39,
                            "Plan Rows": 142079,
                            "Plan Width": 4,
                            "Actual Startup Time": 0.033,
                            "Actual Total Time": 141.474,
                            "Actual Rows": 126260,
                            "Actual Loops": 2,
                            "Filter": "(production_year < 1961)",
                            "Rows Removed by Filter": 1137896
                          }
                        ]
                      }
                    ]
                  },
                  {
                    "Node Type": "Index Scan",
                    "Parent Relationship": "Inner",
                    "Parallel Aware": false,
                    "Scan Direction": "Forward",
                    "Index Name": "movie_id_cast_info",
                    "Relation Name": "cast_info",
                    "Alias": "ci",
                    "Startup Cost": 0.56,
                    "Total Cost": 2.99,
                    "Plan Rows": 13,
                    "Plan Width": 4,
                    "Actual Startup Time": 0.003,
                    "Actual Total Time": 0.016,
                    "Actual Rows": 16,
                    "Actual Loops": 148200,
                    "Index Cond": "(movie_id = mk.movie_id)",
                    "Rows Removed by Index Recheck": 0,
                    "Filter": "(role_id < 2)",
                    "Rows Removed by Filter": 14
                  }
                ]
              }
            ]
          }
        ]
      }
    ]
  },
  "Planning Time": 0.932,
  "Triggers": [],
  "Execution Time": 1807.103
}