[
  {
    "Plan": {
      "Node Type": "Aggregate",
      "Strategy": "Plain",
      "Partial Mode": "Finalize",
      "Parallel Aware": false,
      "Startup Cost": 337254.95,
      "Total Cost": 337254.96,
      "Plan Rows": 1,
      "Plan Width": 8,
      "Actual Startup Time": 906.327,
      "Actual Total Time": 978.607,
      "Actual Rows": 1,
      "Actual Loops": 1,
      "Plans": [
        {
          "Node Type": "Gather",
          "Parent Relationship": "Outer",
          "Parallel Aware": false,
          "Startup Cost": 337254.32,
          "Total Cost": 337254.93,
          "Plan Rows": 6,
          "Plan Width": 8,
          "Actual Startup Time": 906.035,
          "Actual Total Time": 978.592,
          "Actual Rows": 7,
          "Actual Loops": 1,
          "Workers Planned": 6,
          "Workers Launched": 6,
          "Single Copy": false,
          "Plans": [
            {
              "Node Type": "Aggregate",
              "Strategy": "Plain",
              "Partial Mode": "Partial",
              "Parent Relationship": "Outer",
              "Parallel Aware": false,
              "Startup Cost": 336254.32,
              "Total Cost": 336254.33,
              "Plan Rows": 1,
              "Plan Width": 8,
              "Actual Startup Time": 895.743,
              "Actual Total Time": 895.744,
              "Actual Rows": 1,
              "Actual Loops": 7,
              "Plans": [
                {
                  "Node Type": "Seq Scan",
                  "Parent Relationship": "Outer",
                  "Parallel Aware": true,
                  "Relation Name": "cast_info",
                  "Alias": "ci",
                  "Startup Cost": 0.0,
                  "Total Cost": 328211.39,
                  "Plan Rows": 3217172,
                  "Plan Width": 0,
                  "Actual Startup Time": 0.065,
                  "Actual Total Time": 737.025,
                  "Actual Rows": 2786106,
                  "Actual Loops": 7,
                  "Filter": "(person_id < 1952587)",
                  "Rows Removed by Filter": 2391657
                }
              ]
            }
          ]
        }
      ]
    },
    "Planning Time": 0.206,
    "Triggers": [],
    "Execution Time": 978.686
  }
]