[
  {
    "Plan": {
      "Node Type": "Aggregate",
      "Strategy": "Plain",
      "Partial Mode": "Finalize",
      "Parallel Aware": false,
      "Startup Cost": 80449.93,
      "Total Cost": 80449.94,
      "Plan Rows": 1,
      "Plan Width": 8,
      "Actual Startup Time": 452.59,
      "Actual Total Time": 477.659,
      "Actual Rows": 1,
      "Actual Loops": 1,
      "Plans": [
        {
          "Node Type": "Gather",
          "Parent Relationship": "Outer",
          "Parallel Aware": false,
          "Startup Cost": 80449.61,
          "Total Cost": 80449.92,
          "Plan Rows": 3,
          "Plan Width": 8,
          "Actual Startup Time": 448.903,
          "Actual Total Time": 477.647,
          "Actual Rows": 4,
          "Actual Loops": 1,
          "Workers Planned": 3,
          "Workers Launched": 3,
          "Single Copy": false,
          "Plans": [
            {
              "Node Type": "Aggregate",
              "Strategy": "Plain",
              "Partial Mode": "Partial",
              "Parent Relationship": "Outer",
              "Parallel Aware": false,
              "Startup Cost": 79449.61,
              "Total Cost": 79449.62,
              "Plan Rows": 1,
              "Plan Width": 8,
              "Actual Startup Time": 439.848,
              "Actual Total Time": 439.857,
              "Actual Rows": 1,
              "Actual Loops": 4,
              "Plans": [
                {
                  "Node Type": "Nested Loop",
                  "Parent Relationship": "Outer",
                  "Parallel Aware": false,
                  "Join Type": "Inner",
                  "Startup Cost": 50109.02,
                  "Total Cost": 79427.64,
                  "Plan Rows": 8790,
                  "Plan Width": 0,
                  "Actual Startup Time": 246.069,
                  "Actual Total Time": 435.342,
                  "Actual Rows": 58849,
                  "Actual Loops": 4,
                  "Inner Unique": false,
                  "Plans": [
                    {
                      "Node Type": "Hash Join",
                      "Parent Relationship": "Outer",
                      "Parallel Aware": true,
                      "Join Type": "Inner",
                      "Startup Cost": 50108.6,
                      "Total Cost": 69831.47,
                      "Plan Rows": 16104,
                      "Plan Width": 8,
                      "Actual Startup Time": 245.946,
                      "Actual Total Time": 298.156,
                      "Actual Rows": 39736,
                      "Actual Loops": 4,
                      "Inner Unique": true,
                      "Hash Cond": "(mc.movie_id = t.id)",
                      "Plans": [
                        {
                          "Node Type": "Bitmap Heap Scan",
                          "Parent Relationship": "Outer",
                          "Parallel Aware": true,
                          "Relation Name": "movie_companies",
                          "Alias": "mc",
                          "Startup Cost": 4146.24,
                          "Total Cost": 23707.21,
                          "Plan Rows": 61678,
                          "Plan Width": 4,
                          "Actual Startup Time": 18.463,
                          "Actual Total Time": 36.313,
                          "Actual Rows": 46896,
                          "Actual Loops": 4,
                          "Recheck Cond": "(company_id > 117537)",
                          "Rows Removed by Index Recheck": 0,
                          "Exact Heap Blocks": 1176,
                          "Lossy Heap Blocks": 0,
                          "Plans": [
                            {
                              "Node Type": "Bitmap Index Scan",
                              "Parent Relationship": "Outer",
                              "Parallel Aware": false,
                              "Index Name": "company_id_movie_companies",
                              "Startup Cost": 0.0,
                              "Total Cost": 4098.44,
                              "Plan Rows": 191201,
                              "Plan Width": 0,
                              "Actual Startup Time": 17.387,
                              "Actual Total Time": 17.389,
                              "Actual Rows": 187583,
                              "Actual Loops": 1,
                              "Index Cond": "(company_id > 117537)"
                            }
                          ]
                        },
                        {
                          "Node Type": "Hash",
                          "Parent Relationship": "Inner",
                          "Parallel Aware": true,
                          "Startup Cost": 43899.32,
                          "Total Cost": 43899.32,
                          "Plan Rows": 165043,
                          "Plan Width": 4,
                          "Actual Startup Time": 222.477,
                          "Actual Total Time": 222.479,
                          "Actual Rows": 165706,
                          "Actual Loops": 4,
                          "Hash Buckets": 1048576,
                          "Original Hash Buckets": 1048576,
                          "Hash Batches": 1,
                          "Original Hash Batches": 1,
                          "Peak Memory Usage": 34176,
                          "Plans": [
                            {
                              "Node Type": "Seq Scan",
                              "Parent Relationship": "Outer",
                              "Parallel Aware": true,
                              "Relation Name": "title",
                              "Alias": "t",
                              "Startup Cost": 0.0,
                              "Total Cost": 43899.32,
                              "Plan Rows": 165043,
                              "Plan Width": 4,
                              "Actual Startup Time": 57.874,
                              "Actual Total Time": 139.858,
                              "Actual Rows": 165706,
                              "Actual Loops": 4,
                              "Filter": "(kind_id = 1)",
                              "Rows Removed by Filter": 466372
                            }
                          ]
                        }
                      ]
                    },
                    {
                      "Node Type": "Index Only Scan",
                      "Parent Relationship": "Inner",
                      "Parallel Aware": false,
                      "Scan Direction": "Forward",
                      "Index Name": "movie_id_movie_info_idx",
                      "Relation Name": "movie_info_idx",
                      "Alias": "mi_idx",
                      "Startup Cost": 0.43,
                      "Total Cost": 0.57,
                      "Plan Rows": 3,
                      "Plan Width": 4,
                      "Actual Startup Time": 0.003,
                      "Actual Total Time": 0.003,
                      "Actual Rows": 1,
                      "Actual Loops": 158944,
                      "Index Cond": "(movie_id = t.id)",
                      "Rows Removed by Index Recheck": 0,
                      "Heap Fetches": 235395
                    }
                  ]
                }
              ]
            }
          ]
        }
      ]
    },
    "Planning Time": 1.057,
    "Triggers": [],
    "Execution Time": 477.822
  }
]