{
  "Plan": {
    "Node Type": "Aggregate",
    "Strategy": "Plain",
    "Partial Mode": "Finalize",
    "Parallel Aware": false,
    "Startup Cost": 174864.76,
    "Total Cost": 174864.77,
    "Plan Rows": 1,
    "Plan Width": 8,
    "Actual Startup Time": 386.958,
    "Actual Total Time": 405.151,
    "Actual Rows": 1,
    "Actual Loops": 1,
    "Plans": [
      {
        "Node Type": "Gather",
        "Parent Relationship": "Outer",
        "Parallel Aware": false,
        "Startup Cost": 174864.65,
        "Total Cost": 174864.76,
        "Plan Rows": 1,
        "Plan Width": 8,
        "Actual Startup Time": 385.649,
        "Actual Total Time": 405.142,
        "Actual Rows": 2,
        "Actual Loops": 1,
        "Workers Planned": 1,
        "Workers Launched": 1,
        "Single Copy": false,
        "Plans": [
          {
            "Node Type": "Aggregate",
            "Strategy": "Plain",
            "Partial Mode": "Partial",
            "Parent Relationship": "Outer",
            "Parallel Aware": false,
            "Startup Cost": 173864.65,
            "Total Cost": 173864.66,
            "Plan Rows": 1,
            "Plan Width": 8,
            "Actual Startup Time": 379.354,
            "Actual Total Time": 379.359,
            "Actual Rows": 1,
            "Actual Loops": 2,
            "Plans": [
              {
                "Node Type": "Nested Loop",
                "Parent Relationship": "Outer",
                "Parallel Aware": false,
                "Join Type": "Inner",
                "Startup Cost": 70100.02,
                "Total Cost": 173693.53,
                "Plan Rows": 68448,
                "Plan Width": 0,
                "Actual Startup Time": 222.315,
                "Actual Total Time": 376.193,
                "Actual Rows": 71540,
                "Actual Loops": 2,
                "Inner Unique": false,
                "Plans": [
                  {
                    "Node Type": "Hash Join",
                    "Parent Relationship": "Outer",
                    "Parallel Aware": true,
                    "Join Type": "Inner",
                    "Startup Cost": 70099.59,
                    "Total Cost": 92511.79,
                    "Plan Rows": 38254,
                    "Plan Width": 8,
                    "Actual Startup Time": 221.99,
                    "Actual Total Time": 319.106,
                    "Actual Rows": 26098,
                    "Actual Loops": 2,
                    "Inner Unique": true,
                    "Hash Cond": "(mc.movie_id = t.id)",
                    "Plans": [
                      {
                        "Node Type": "Bitmap Heap Scan",
                        "Parent Relationship": "Outer",
                        "Parallel Aware": true,
                        "Relation Name": "movie_companies",
                        "Alias": "mc",
                        "Startup Cost": 8823.63,
                        "Total Cost": 30607.18,
                        "Plan Rows": 239484,
                        "Plan Width": 4,
                        "Actual Startup Time": 19.427,
                        "Actual Total Time": 65.02,
                        "Actual Rows": 201830,
                        "Actual Loops": 2,
                        "Recheck Cond": "(company_id < 258)",
                        "Rows Removed by Index Recheck": 0,
                        "Exact Heap Blocks": 10545,
                        "Lossy Heap Blocks": 0,
                        "Plans": [
                          {
                            "Node Type": "Bitmap Index Scan",
                            "Parent Relationship": "Outer",
                            "Parallel Aware": false,
                            "Index Name": "company_id_movie_companies",
                            "Startup Cost": 0.0,
                            "Total Cost": 8721.85,
                            "Plan Rows": 407123,
                            "Plan Width": 0,
                            "Actual Startup Time": 16.649,
                            "Actual Total Time": 16.65,
                            "Actual Rows": 403659,
                            "Actual Loops": 1,
                            "Index Cond": "(company_id < 258)"
                          }
                        ]
                      },
                      {
                        "Node Type": "Hash",
                        "Parent Relationship": "Inner",
                        "Parallel Aware": true,
                        "Startup Cost": 58306.47,
                        "Total Cost": 58306.47,
                        "Plan Rows": 237559,
                        "Plan Width": 4,
                        "Actual Startup Time": 196.951,
                        "Actual Total Time": 196.952,
                        "Actual Rows": 217109,
                        "Actual Loops": 2,
                        "Hash Buckets": 524288,
                        "Original Hash Buckets": 524288,
                        "Hash Batches": 1,
                        "Original Hash Batches": 1,
                        "Peak Memory Usage": 21120,
                        "Plans": [
                          {
                            "Node Type": "Seq Scan",
                            "Parent Relationship": "Outer",
                            "Parallel Aware": true,
                            "Relation Name": "title",
                            "Alias": "t",
                            "Startup Cost": 0.0,
                            "Total Cost": 58306.47,
                            "Plan Rows": 237559,
                            "Plan Width": 4,
                            "Actual Startup Time": 0.03,
                            "Actual Total Time": 145.928,
                            "Actual Rows": 217109,
                            "Actual Loops": 2,
                            "Filter": "((production_year > 2008) AND (kind_id = 7))",
                            "Rows Removed by Filter": 1047047
                          }
                        ]
                      }
                    ]
                  },
                  {
                    "Node Type": "Index Only Scan",
                    "Parent Relationship": "Inner",
                    "Parallel Aware": false,
                    "Scan Direction": "Forward",
                    "Index Name": "movie_id_movie_keyword",
                    "Relation Name": "movie_keyword",
                    "Alias": "mk",
                    "Startup Cost": 0.43,
                    "Total Cost": 1.67,
                    "Plan Rows": 45,
                    "Plan Width": 4,
                    "Actual Startup Time": 0.001,
                    "Actual Total Time": 0.002,
                    "Actual Rows": 3,
                    "Actual Loops": 52195,
                    "Index Cond": "(movie_id = t.id)",
                    "Rows Removed by Index Recheck": 0,
                    "Heap Fetches": 143081
                  }
                ]
              }
            ]
          }
        ]
      }
    ]
  },
  "Planning Time": 1.105,
  "Triggers": [],
  "Execution Time": 405.262
}