[
    {
        "Bao": {
            "Bao prediction": "NaN",
            "Bao recommended hint": "(no hint)"
        }
    },
    {
        "Plan": {
            "Node Type": "Aggregate",
            "Strategy": "Plain",
            "Partial Mode": "Finalize",
            "Parallel Aware": false,
            "Startup Cost": 27124.28,
            "Total Cost": 27124.29,
            "Plan Rows": 1,
            "Plan Width": 8,
            "Actual Startup Time": 68.03,
            "Actual Total Time": 74.184,
            "Actual Rows": 1,
            "Actual Loops": 1,
            "Output": [
                "count(*)"
            ],
            "Plans": [
                {
                    "Node Type": "Gather",
                    "Parent Relationship": "Outer",
                    "Parallel Aware": false,
                    "Startup Cost": 27123.96,
                    "Total Cost": 27124.27,
                    "Plan Rows": 3,
                    "Plan Width": 8,
                    "Actual Startup Time": 67.709,
                    "Actual Total Time": 74.178,
                    "Actual Rows": 4,
                    "Actual Loops": 1,
                    "Output": [
                        "(PARTIAL count(*))"
                    ],
                    "Workers Planned": 3,
                    "Workers Launched": 3,
                    "Single Copy": false,
                    "Plans": [
                        {
                            "Node Type": "Aggregate",
                            "Strategy": "Plain",
                            "Partial Mode": "Partial",
                            "Parent Relationship": "Outer",
                            "Parallel Aware": false,
                            "Startup Cost": 26123.96,
                            "Total Cost": 26123.97,
                            "Plan Rows": 1,
                            "Plan Width": 8,
                            "Actual Startup Time": 59.17,
                            "Actual Total Time": 59.171,
                            "Actual Rows": 1,
                            "Actual Loops": 4,
                            "Output": [
                                "PARTIAL count(*)"
                            ],
                            "Workers": [
                                {
                                    "Worker Number": 0,
                                    "Actual Startup Time": 56.044,
                                    "Actual Total Time": 56.045,
                                    "Actual Rows": 1,
                                    "Actual Loops": 1
                                },
                                {
                                    "Worker Number": 1,
                                    "Actual Startup Time": 56.519,
                                    "Actual Total Time": 56.52,
                                    "Actual Rows": 1,
                                    "Actual Loops": 1
                                },
                                {
                                    "Worker Number": 2,
                                    "Actual Startup Time": 56.641,
                                    "Actual Total Time": 56.643,
                                    "Actual Rows": 1,
                                    "Actual Loops": 1
                                }
                            ],
                            "Plans": [
                                {
                                    "Node Type": "Bitmap Heap Scan",
                                    "Parent Relationship": "Outer",
                                    "Parallel Aware": true,
                                    "Relation Name": "movie_companies",
                                    "Schema": "public",
                                    "Alias": "mc",
                                    "Startup Cost": 5995.77,
                                    "Total Cost": 25900.93,
                                    "Plan Rows": 89213,
                                    "Plan Width": 0,
                                    "Actual Startup Time": 9.872,
                                    "Actual Total Time": 54.466,
                                    "Actual Rows": 67858,
                                    "Actual Loops": 4,
                                    "Recheck Cond": "(mc.company_id < 145)",
                                    "Rows Removed by Index Recheck": 0,
                                    "Exact Heap Blocks": 10396,
                                    "Lossy Heap Blocks": 0,
                                    "Workers": [
                                        {
                                            "Worker Number": 0,
                                            "Actual Startup Time": 6.939,
                                            "Actual Total Time": 51.906,
                                            "Actual Rows": 35704,
                                            "Actual Loops": 1
                                        },
                                        {
                                            "Worker Number": 1,
                                            "Actual Startup Time": 7.262,
                                            "Actual Total Time": 52.426,
                                            "Actual Rows": 36482,
                                            "Actual Loops": 1
                                        },
                                        {
                                            "Worker Number": 2,
                                            "Actual Startup Time": 7.372,
                                            "Actual Total Time": 52.568,
                                            "Actual Rows": 31005,
                                            "Actual Loops": 1
                                        }
                                    ],
                                    "Plans": [
                                        {
                                            "Node Type": "Bitmap Index Scan",
                                            "Parent Relationship": "Outer",
                                            "Parallel Aware": false,
                                            "Index Name": "company_id_movie_companies",
                                            "Startup Cost": 0.0,
                                            "Total Cost": 5926.63,
                                            "Plan Rows": 276560,
                                            "Plan Width": 0,
                                            "Actual Startup Time": 15.394,
                                            "Actual Total Time": 15.395,
                                            "Actual Rows": 271432,
                                            "Actual Loops": 1,
                                            "Index Cond": "(mc.company_id < 145)"
                                        }
                                    ]
                                }
                            ]
                        }
                    ]
                }
            ]
        },
        "Planning Time": 185.8,
        "Triggers": [],
        "Execution Time": 74.228
    }
]