[
  {
    "Plan": {
      "Node Type": "Aggregate",
      "Strategy": "Plain",
      "Partial Mode": "Finalize",
      "Parallel Aware": false,
      "Startup Cost": 45035.68,
      "Total Cost": 45035.69,
      "Plan Rows": 1,
      "Plan Width": 8,
      "Actual Startup Time": 84.072,
      "Actual Total Time": 97.27,
      "Actual Rows": 1,
      "Actual Loops": 1,
      "Plans": [
        {
          "Node Type": "Gather",
          "Parent Relationship": "Outer",
          "Parallel Aware": false,
          "Startup Cost": 45035.26,
          "Total Cost": 45035.67,
          "Plan Rows": 4,
          "Plan Width": 8,
          "Actual Startup Time": 83.899,
          "Actual Total Time": 97.26,
          "Actual Rows": 5,
          "Actual Loops": 1,
          "Workers Planned": 4,
          "Workers Launched": 4,
          "Single Copy": false,
          "Plans": [
            {
              "Node Type": "Aggregate",
              "Strategy": "Plain",
              "Partial Mode": "Partial",
              "Parent Relationship": "Outer",
              "Parallel Aware": false,
              "Startup Cost": 44035.26,
              "Total Cost": 44035.27,
              "Plan Rows": 1,
              "Plan Width": 8,
              "Actual Startup Time": 79.76,
              "Actual Total Time": 79.761,
              "Actual Rows": 1,
              "Actual Loops": 5,
              "Plans": [
                {
                  "Node Type": "Seq Scan",
                  "Parent Relationship": "Outer",
                  "Parallel Aware": true,
                  "Relation Name": "title",
                  "Alias": "t",
                  "Startup Cost": 0.0,
                  "Total Cost": 43899.32,
                  "Plan Rows": 54376,
                  "Plan Width": 0,
                  "Actual Startup Time": 0.03,
                  "Actual Total Time": 77.306,
                  "Actual Rows": 46177,
                  "Actual Loops": 5,
                  "Filter": "(production_year < 1959)",
                  "Rows Removed by Filter": 459486
                }
              ]
            }
          ]
        }
      ]
    },
    "Planning Time": 0.157,
    "Triggers": [],
    "Execution Time": 97.332
  }
]