[
  {
    "Plan": {
      "Node Type": "Aggregate",
      "Strategy": "Plain",
      "Partial Mode": "Finalize",
      "Parallel Aware": false,
      "Startup Cost": 394521.84,
      "Total Cost": 394521.85,
      "Plan Rows": 1,
      "Plan Width": 8,
      "Actual Startup Time": 815.356,
      "Actual Total Time": 877.349,
      "Actual Rows": 1,
      "Actual Loops": 1,
      "Plans": [
        {
          "Node Type": "Gather",
          "Parent Relationship": "Outer",
          "Parallel Aware": false,
          "Startup Cost": 394521.21,
          "Total Cost": 394521.82,
          "Plan Rows": 6,
          "Plan Width": 8,
          "Actual Startup Time": 811.666,
          "Actual Total Time": 877.336,
          "Actual Rows": 7,
          "Actual Loops": 1,
          "Workers Planned": 6,
          "Workers Launched": 6,
          "Single Copy": false,
          "Plans": [
            {
              "Node Type": "Aggregate",
              "Strategy": "Plain",
              "Partial Mode": "Partial",
              "Parent Relationship": "Outer",
              "Parallel Aware": false,
              "Startup Cost": 393521.21,
              "Total Cost": 393521.22,
              "Plan Rows": 1,
              "Plan Width": 8,
              "Actual Startup Time": 801.006,
              "Actual Total Time": 801.009,
              "Actual Rows": 1,
              "Actual Loops": 7,
              "Plans": [
                {
                  "Node Type": "Hash Join",
                  "Parent Relationship": "Outer",
                  "Parallel Aware": true,
                  "Join Type": "Inner",
                  "Startup Cost": 46337.59,
                  "Total Cost": 393152.98,
                  "Plan Rows": 147291,
                  "Plan Width": 0,
                  "Actual Startup Time": 326.512,
                  "Actual Total Time": 797.715,
                  "Actual Rows": 69059,
                  "Actual Loops": 7,
                  "Inner Unique": true,
                  "Hash Cond": "(ci.movie_id = t.id)",
                  "Plans": [
                    {
                      "Node Type": "Seq Scan",
                      "Parent Relationship": "Outer",
                      "Parallel Aware": true,
                      "Relation Name": "cast_info",
                      "Alias": "ci",
                      "Startup Cost": 0.0,
                      "Total Cost": 343257.03,
                      "Plan Rows": 1355564,
                      "Plan Width": 4,
                      "Actual Startup Time": 207.118,
                      "Actual Total Time": 584.618,
                      "Actual Rows": 490313,
                      "Actual Loops": 7,
                      "Filter": "((person_id < 1220602) AND (role_id > 1))",
                      "Rows Removed by Filter": 4687451
                    },
                    {
                      "Node Type": "Hash",
                      "Parent Relationship": "Inner",
                      "Parallel Aware": true,
                      "Startup Cost": 45479.1,
                      "Total Cost": 45479.1,
                      "Plan Rows": 68679,
                      "Plan Width": 4,
                      "Actual Startup Time": 99.856,
                      "Actual Total Time": 99.857,
                      "Actual Rows": 56003,
                      "Actual Loops": 7,
                      "Hash Buckets": 524288,
                      "Original Hash Buckets": 524288,
                      "Hash Batches": 1,
                      "Original Hash Batches": 1,
                      "Peak Memory Usage": 19552,
                      "Plans": [
                        {
                          "Node Type": "Seq Scan",
                          "Parent Relationship": "Outer",
                          "Parallel Aware": true,
                          "Relation Name": "title",
                          "Alias": "t",
                          "Startup Cost": 0.0,
                          "Total Cost": 45479.1,
                          "Plan Rows": 68679,
                          "Plan Width": 4,
                          "Actual Startup Time": 0.074,
                          "Actual Total Time": 76.031,
                          "Actual Rows": 56003,
                          "Actual Loops": 7,
                          "Filter": "((kind_id < 7) AND (production_year < 1991))",
                          "Rows Removed by Filter": 305185
                        }
                      ]
                    }
                  ]
                }
              ]
            }
          ]
        }
      ]
    },
    "Planning Time": 0.651,
    "Triggers": [],
    "Execution Time": 877.438
  }
]