[
  {
    "Plan": {
      "Node Type": "Aggregate",
      "Strategy": "Plain",
      "Partial Mode": "Finalize",
      "Parallel Aware": false,
      "Startup Cost": 29615.76,
      "Total Cost": 29615.77,
      "Plan Rows": 1,
      "Plan Width": 8,
      "Actual Startup Time": 84.379,
      "Actual Total Time": 90.973,
      "Actual Rows": 1,
      "Actual Loops": 1,
      "Plans": [
        {
          "Node Type": "Gather",
          "Parent Relationship": "Outer",
          "Parallel Aware": false,
          "Startup Cost": 29615.44,
          "Total Cost": 29615.75,
          "Plan Rows": 3,
          "Plan Width": 8,
          "Actual Startup Time": 84.082,
          "Actual Total Time": 90.964,
          "Actual Rows": 4,
          "Actual Loops": 1,
          "Workers Planned": 3,
          "Workers Launched": 3,
          "Single Copy": false,
          "Plans": [
            {
              "Node Type": "Aggregate",
              "Strategy": "Plain",
              "Partial Mode": "Partial",
              "Parent Relationship": "Outer",
              "Parallel Aware": false,
              "Startup Cost": 28615.44,
              "Total Cost": 28615.45,
              "Plan Rows": 1,
              "Plan Width": 8,
              "Actual Startup Time": 75.24,
              "Actual Total Time": 75.241,
              "Actual Rows": 1,
              "Actual Loops": 4,
              "Plans": [
                {
                  "Node Type": "Bitmap Heap Scan",
                  "Parent Relationship": "Outer",
                  "Parallel Aware": true,
                  "Relation Name": "movie_keyword",
                  "Alias": "mk",
                  "Startup Cost": 3389.24,
                  "Total Cost": 28486.74,
                  "Plan Rows": 51480,
                  "Plan Width": 0,
                  "Actual Startup Time": 23.99,
                  "Actual Total Time": 72.436,
                  "Actual Rows": 38444,
                  "Actual Loops": 4,
                  "Recheck Cond": "(keyword_id > 73462)",
                  "Rows Removed by Index Recheck": 0,
                  "Exact Heap Blocks": 11585,
                  "Lossy Heap Blocks": 0,
                  "Plans": [
                    {
                      "Node Type": "Bitmap Index Scan",
                      "Parent Relationship": "Outer",
                      "Parallel Aware": false,
                      "Index Name": "keyword_id_movie_keyword",
                      "Startup Cost": 0.0,
                      "Total Cost": 3349.34,
                      "Plan Rows": 159588,
                      "Plan Width": 0,
                      "Actual Startup Time": 27.135,
                      "Actual Total Time": 27.136,
                      "Actual Rows": 153777,
                      "Actual Loops": 1,
                      "Index Cond": "(keyword_id > 73462)"
                    }
                  ]
                }
              ]
            }
          ]
        }
      ]
    },
    "Planning Time": 0.16,
    "Triggers": [],
    "Execution Time": 91.043
  }
]