[
  {
    "Plan": {
      "Node Type": "Aggregate",
      "Strategy": "Plain",
      "Partial Mode": "Finalize",
      "Parallel Aware": false,
      "Startup Cost": 33151.35,
      "Total Cost": 33151.36,
      "Plan Rows": 1,
      "Plan Width": 8,
      "Actual Startup Time": 91.454,
      "Actual Total Time": 99.411,
      "Actual Rows": 1,
      "Actual Loops": 1,
      "Plans": [
        {
          "Node Type": "Gather",
          "Parent Relationship": "Outer",
          "Parallel Aware": false,
          "Startup Cost": 33151.03,
          "Total Cost": 33151.34,
          "Plan Rows": 3,
          "Plan Width": 8,
          "Actual Startup Time": 91.339,
          "Actual Total Time": 99.404,
          "Actual Rows": 4,
          "Actual Loops": 1,
          "Workers Planned": 3,
          "Workers Launched": 3,
          "Single Copy": false,
          "Plans": [
            {
              "Node Type": "Aggregate",
              "Strategy": "Plain",
              "Partial Mode": "Partial",
              "Parent Relationship": "Outer",
              "Parallel Aware": false,
              "Startup Cost": 32151.03,
              "Total Cost": 32151.04,
              "Plan Rows": 1,
              "Plan Width": 8,
              "Actual Startup Time": 84.284,
              "Actual Total Time": 84.285,
              "Actual Rows": 1,
              "Actual Loops": 4,
              "Plans": [
                {
                  "Node Type": "Seq Scan",
                  "Parent Relationship": "Outer",
                  "Parallel Aware": true,
                  "Relation Name": "movie_companies",
                  "Alias": "mc",
                  "Startup Cost": 0.0,
                  "Total Cost": 31414.82,
                  "Plan Rows": 294486,
                  "Plan Width": 0,
                  "Actual Startup Time": 47.027,
                  "Actual Total Time": 78.36,
                  "Actual Rows": 147821,
                  "Actual Loops": 4,
                  "Filter": "((company_id < 27847) AND (company_type_id = 2))",
                  "Rows Removed by Filter": 504462
                }
              ]
            }
          ]
        }
      ]
    },
    "Planning Time": 0.224,
    "Triggers": [],
    "Execution Time": 99.467
  }
]