[
    {
        "Bao": {
            "Bao prediction": "NaN",
            "Bao recommended hint": "(no hint)"
        }
    },
    {
        "Plan": {
            "Node Type": "Aggregate",
            "Strategy": "Plain",
            "Partial Mode": "Finalize",
            "Parallel Aware": false,
            "Startup Cost": 250021.77,
            "Total Cost": 250021.78,
            "Plan Rows": 1,
            "Plan Width": 8,
            "Actual Startup Time": 1049.04,
            "Actual Total Time": 1077.976,
            "Actual Rows": 1,
            "Actual Loops": 1,
            "Output": [
                "count(*)"
            ],
            "Plans": [
                {
                    "Node Type": "Gather",
                    "Parent Relationship": "Outer",
                    "Parallel Aware": false,
                    "Startup Cost": 250021.25,
                    "Total Cost": 250021.76,
                    "Plan Rows": 5,
                    "Plan Width": 8,
                    "Actual Startup Time": 1042.182,
                    "Actual Total Time": 1077.964,
                    "Actual Rows": 6,
                    "Actual Loops": 1,
                    "Output": [
                        "(PARTIAL count(*))"
                    ],
                    "Workers Planned": 5,
                    "Workers Launched": 5,
                    "Single Copy": false,
                    "Plans": [
                        {
                            "Node Type": "Aggregate",
                            "Strategy": "Plain",
                            "Partial Mode": "Partial",
                            "Parent Relationship": "Outer",
                            "Parallel Aware": false,
                            "Startup Cost": 249021.25,
                            "Total Cost": 249021.26,
                            "Plan Rows": 1,
                            "Plan Width": 8,
                            "Actual Startup Time": 1032.542,
                            "Actual Total Time": 1032.544,
                            "Actual Rows": 1,
                            "Actual Loops": 6,
                            "Output": [
                                "PARTIAL count(*)"
                            ],
                            "Workers": [
                                {
                                    "Worker Number": 0,
                                    "Actual Startup Time": 1029.838,
                                    "Actual Total Time": 1029.842,
                                    "Actual Rows": 1,
                                    "Actual Loops": 1
                                },
                                {
                                    "Worker Number": 1,
                                    "Actual Startup Time": 1030.228,
                                    "Actual Total Time": 1030.231,
                                    "Actual Rows": 1,
                                    "Actual Loops": 1
                                },
                                {
                                    "Worker Number": 2,
                                    "Actual Startup Time": 1030.873,
                                    "Actual Total Time": 1030.875,
                                    "Actual Rows": 1,
                                    "Actual Loops": 1
                                },
                                {
                                    "Worker Number": 3,
                                    "Actual Startup Time": 1031.014,
                                    "Actual Total Time": 1031.016,
                                    "Actual Rows": 1,
                                    "Actual Loops": 1
                                },
                                {
                                    "Worker Number": 4,
                                    "Actual Startup Time": 1031.989,
                                    "Actual Total Time": 1031.991,
                                    "Actual Rows": 1,
                                    "Actual Loops": 1
                                }
                            ],
                            "Plans": [
                                {
                                    "Node Type": "Hash Join",
                                    "Parent Relationship": "Outer",
                                    "Parallel Aware": true,
                                    "Join Type": "Inner",
                                    "Startup Cost": 46935.92,
                                    "Total Cost": 246185.54,
                                    "Plan Rows": 1134283,
                                    "Plan Width": 0,
                                    "Actual Startup Time": 139.468,
                                    "Actual Total Time": 977.09,
                                    "Actual Rows": 1202141,
                                    "Actual Loops": 6,
                                    "Inner Unique": true,
                                    "Hash Cond": "(mi.movie_id = t.id)",
                                    "Workers": [
                                        {
                                            "Worker Number": 0,
                                            "Actual Startup Time": 136.827,
                                            "Actual Total Time": 976.301,
                                            "Actual Rows": 1225846,
                                            "Actual Loops": 1
                                        },
                                        {
                                            "Worker Number": 1,
                                            "Actual Startup Time": 137.322,
                                            "Actual Total Time": 969.922,
                                            "Actual Rows": 852541,
                                            "Actual Loops": 1
                                        },
                                        {
                                            "Worker Number": 2,
                                            "Actual Startup Time": 137.943,
                                            "Actual Total Time": 977.445,
                                            "Actual Rows": 1234062,
                                            "Actual Loops": 1
                                        },
                                        {
                                            "Worker Number": 3,
                                            "Actual Startup Time": 138.107,
                                            "Actual Total Time": 977.116,
                                            "Actual Rows": 1248189,
                                            "Actual Loops": 1
                                        },
                                        {
                                            "Worker Number": 4,
                                            "Actual Startup Time": 138.386,
                                            "Actual Total Time": 977.861,
                                            "Actual Rows": 1243897,
                                            "Actual Loops": 1
                                        }
                                    ],
                                    "Plans": [
                                        {
                                            "Node Type": "Seq Scan",
                                            "Parent Relationship": "Outer",
                                            "Parallel Aware": true,
                                            "Relation Name": "movie_info",
                                            "Schema": "public",
                                            "Alias": "mi",
                                            "Startup Cost": 0.0,
                                            "Total Cost": 191503.19,
                                            "Plan Rows": 2951019,
                                            "Plan Width": 4,
                                            "Actual Startup Time": 0.024,
                                            "Actual Total Time": 273.047,
                                            "Actual Rows": 2472620,
                                            "Actual Loops": 6,
                                            "Output": [
                                                "mi.id",
                                                "mi.movie_id",
                                                "mi.info_type_id",
                                                "mi.info",
                                                "mi.note"
                                            ],
                                            "Workers": [
                                                {
                                                    "Worker Number": 0,
                                                    "Actual Startup Time": 0.021,
                                                    "Actual Total Time": 284.805,
                                                    "Actual Rows": 2508481,
                                                    "Actual Loops": 1
                                                },
                                                {
                                                    "Worker Number": 1,
                                                    "Actual Startup Time": 0.035,
                                                    "Actual Total Time": 291.737,
                                                    "Actual Rows": 1757441,
                                                    "Actual Loops": 1
                                                },
                                                {
                                                    "Worker Number": 2,
                                                    "Actual Startup Time": 0.025,
                                                    "Actual Total Time": 285.804,
                                                    "Actual Rows": 2532584,
                                                    "Actual Loops": 1
                                                },
                                                {
                                                    "Worker Number": 3,
                                                    "Actual Startup Time": 0.029,
                                                    "Actual Total Time": 286.822,
                                                    "Actual Rows": 2564277,
                                                    "Actual Loops": 1
                                                },
                                                {
                                                    "Worker Number": 4,
                                                    "Actual Startup Time": 0.027,
                                                    "Actual Total Time": 275.053,
                                                    "Actual Rows": 2553510,
                                                    "Actual Loops": 1
                                                }
                                            ]
                                        },
                                        {
                                            "Node Type": "Hash",
                                            "Parent Relationship": "Inner",
                                            "Parallel Aware": true,
                                            "Startup Cost": 43899.01,
                                            "Total Cost": 43899.01,
                                            "Plan Rows": 242953,
                                            "Plan Width": 4,
                                            "Actual Startup Time": 137.027,
                                            "Actual Total Time": 137.028,
                                            "Actual Rows": 161865,
                                            "Actual Loops": 6,
                                            "Output": [
                                                "t.id"
                                            ],
                                            "Hash Buckets": 1048576,
                                            "Original Hash Buckets": 1048576,
                                            "Hash Batches": 1,
                                            "Original Hash Batches": 1,
                                            "Peak Memory Usage": 46336,
                                            "Workers": [
                                                {
                                                    "Worker Number": 0,
                                                    "Actual Startup Time": 136.033,
                                                    "Actual Total Time": 136.035,
                                                    "Actual Rows": 154620,
                                                    "Actual Loops": 1
                                                },
                                                {
                                                    "Worker Number": 1,
                                                    "Actual Startup Time": 136.243,
                                                    "Actual Total Time": 136.244,
                                                    "Actual Rows": 112498,
                                                    "Actual Loops": 1
                                                },
                                                {
                                                    "Worker Number": 2,
                                                    "Actual Startup Time": 137.001,
                                                    "Actual Total Time": 137.001,
                                                    "Actual Rows": 158746,
                                                    "Actual Loops": 1
                                                },
                                                {
                                                    "Worker Number": 3,
                                                    "Actual Startup Time": 137.157,
                                                    "Actual Total Time": 137.158,
                                                    "Actual Rows": 162087,
                                                    "Actual Loops": 1
                                                },
                                                {
                                                    "Worker Number": 4,
                                                    "Actual Startup Time": 137.446,
                                                    "Actual Total Time": 137.447,
                                                    "Actual Rows": 153892,
                                                    "Actual Loops": 1
                                                }
                                            ],
                                            "Plans": [
                                                {
                                                    "Node Type": "Seq Scan",
                                                    "Parent Relationship": "Outer",
                                                    "Parallel Aware": true,
                                                    "Relation Name": "title",
                                                    "Schema": "public",
                                                    "Alias": "t",
                                                    "Startup Cost": 0.0,
                                                    "Total Cost": 43899.01,
                                                    "Plan Rows": 242953,
                                                    "Plan Width": 4,
                                                    "Actual Startup Time": 0.039,
                                                    "Actual Total Time": 75.733,
                                                    "Actual Rows": 161865,
                                                    "Actual Loops": 6,
                                                    "Output": [
                                                        "t.id"
                                                    ],
                                                    "Filter": "(t.production_year < 1999)",
                                                    "Rows Removed by Filter": 259521,
                                                    "Workers": [
                                                        {
                                                            "Worker Number": 0,
                                                            "Actual Startup Time": 0.04,
                                                            "Actual Total Time": 75.896,
                                                            "Actual Rows": 154620,
                                                            "Actual Loops": 1
                                                        },
                                                        {
                                                            "Worker Number": 1,
                                                            "Actual Startup Time": 0.046,
                                                            "Actual Total Time": 79.868,
                                                            "Actual Rows": 112498,
                                                            "Actual Loops": 1
                                                        },
                                                        {
                                                            "Worker Number": 2,
                                                            "Actual Startup Time": 0.047,
                                                            "Actual Total Time": 76.142,
                                                            "Actual Rows": 158746,
                                                            "Actual Loops": 1
                                                        },
                                                        {
                                                            "Worker Number": 3,
                                                            "Actual Startup Time": 0.045,
                                                            "Actual Total Time": 76.359,
                                                            "Actual Rows": 162087,
                                                            "Actual Loops": 1
                                                        },
                                                        {
                                                            "Worker Number": 4,
                                                            "Actual Startup Time": 0.044,
                                                            "Actual Total Time": 77.431,
                                                            "Actual Rows": 153892,
                                                            "Actual Loops": 1
                                                        }
                                                    ]
                                                }
                                            ]
                                        }
                                    ]
                                }
                            ]
                        }
                    ]
                }
            ]
        },
        "Planning Time": 178.245,
        "Triggers": [],
        "Execution Time": 1078.078
    }
]