{
    "Plan": {
        "Node Type": "Aggregate",
        "Strategy": "Plain",
        "Partial Mode": "Simple",
        "Parallel Aware": false,
        "Startup Cost": 140000200298.09,
        "Total Cost": 140000200298.1,
        "Plan Rows": 1,
        "Plan Width": 192,
        "Actual Startup Time": 690.761,
        "Actual Total Time": 690.771,
        "Actual Rows": 1,
        "Actual Loops": 1,
        "Output": [
            "min(cn1.name)",
            "min(cn2.name)",
            "min(mi_idx1.info)",
            "min(mi_idx2.info)",
            "min(t1.title)",
            "min(t2.title)"
        ],
        "Plans": [
            {
                "Node Type": "Nested Loop",
                "Parent Relationship": "Outer",
                "Parallel Aware": false,
                "Join Type": "Inner",
                "Startup Cost": 140000000007.1,
                "Total Cost": 140000200298.07,
                "Plan Rows": 1,
                "Plan Width": 82,
                "Actual Startup Time": 0.474,
                "Actual Total Time": 686.349,
                "Actual Rows": 10756,
                "Actual Loops": 1,
                "Output": [
                    "cn1.name",
                    "cn2.name",
                    "mi_idx1.info",
                    "mi_idx2.info",
                    "t1.title",
                    "t2.title"
                ],
                "Inner Unique": true,
                "Plans": [
                    {
                        "Node Type": "Nested Loop",
                        "Parent Relationship": "Outer",
                        "Parallel Aware": false,
                        "Join Type": "Inner",
                        "Startup Cost": 130000000006.96,
                        "Total Cost": 130000200283.58,
                        "Plan Rows": 3,
                        "Plan Width": 86,
                        "Actual Startup Time": 0.457,
                        "Actual Total Time": 581.079,
                        "Actual Rows": 28904,
                        "Actual Loops": 1,
                        "Output": [
                            "cn1.name",
                            "mi_idx1.info",
                            "mi_idx2.info",
                            "cn2.name",
                            "ml.link_type_id",
                            "t1.title",
                            "t2.title"
                        ],
                        "Inner Unique": true,
                        "Plans": [
                            {
                                "Node Type": "Nested Loop",
                                "Parent Relationship": "Outer",
                                "Parallel Aware": false,
                                "Join Type": "Inner",
                                "Startup Cost": 120000000006.53,
                                "Total Cost": 120000200270.25,
                                "Plan Rows": 3,
                                "Plan Width": 71,
                                "Actual Startup Time": 0.435,
                                "Actual Total Time": 452.51,
                                "Actual Rows": 28904,
                                "Actual Loops": 1,
                                "Output": [
                                    "cn1.name",
                                    "mi_idx1.info",
                                    "mi_idx2.info",
                                    "mc2.company_id",
                                    "ml.link_type_id",
                                    "t1.title",
                                    "t2.title"
                                ],
                                "Inner Unique": false,
                                "Join Filter": "(t2.id = mc2.movie_id)",
                                "Rows Removed by Join Filter": 0,
                                "Plans": [
                                    {
                                        "Node Type": "Nested Loop",
                                        "Parent Relationship": "Outer",
                                        "Parallel Aware": false,
                                        "Join Type": "Inner",
                                        "Startup Cost": 110000000006.03,
                                        "Total Cost": 110000200265.63,
                                        "Plan Rows": 1,
                                        "Plan Width": 79,
                                        "Actual Startup Time": 0.413,
                                        "Actual Total Time": 406.189,
                                        "Actual Rows": 6143,
                                        "Actual Loops": 1,
                                        "Output": [
                                            "cn1.name",
                                            "mi_idx1.info",
                                            "mi_idx2.info",
                                            "mi_idx2.movie_id",
                                            "ml.link_type_id",
                                            "ml.linked_movie_id",
                                            "t1.title",
                                            "t2.title",
                                            "t2.id"
                                        ],
                                        "Inner Unique": true,
                                        "Plans": [
                                            {
                                                "Node Type": "Nested Loop",
                                                "Parent Relationship": "Outer",
                                                "Parallel Aware": false,
                                                "Join Type": "Inner",
                                                "Startup Cost": 100000000005.6,
                                                "Total Cost": 100000200261.19,
                                                "Plan Rows": 1,
                                                "Plan Width": 64,
                                                "Actual Startup Time": 0.363,
                                                "Actual Total Time": 360.388,
                                                "Actual Rows": 9222,
                                                "Actual Loops": 1,
                                                "Output": [
                                                    "mi_idx1.info",
                                                    "mc1.company_id",
                                                    "mi_idx2.info",
                                                    "mi_idx2.movie_id",
                                                    "ml.link_type_id",
                                                    "ml.linked_movie_id",
                                                    "t1.title",
                                                    "t2.title",
                                                    "t2.id"
                                                ],
                                                "Inner Unique": false,
                                                "Plans": [
                                                    {
                                                        "Node Type": "Nested Loop",
                                                        "Parent Relationship": "Outer",
                                                        "Parallel Aware": false,
                                                        "Join Type": "Inner",
                                                        "Startup Cost": 90000000005.12,
                                                        "Total Cost": 90000200256.59,
                                                        "Plan Rows": 1,
                                                        "Plan Width": 72,
                                                        "Actual Startup Time": 0.309,
                                                        "Actual Total Time": 345.48,
                                                        "Actual Rows": 1642,
                                                        "Actual Loops": 1,
                                                        "Output": [
                                                            "mi_idx1.info",
                                                            "mi_idx1.movie_id",
                                                            "mi_idx2.info",
                                                            "mi_idx2.movie_id",
                                                            "ml.link_type_id",
                                                            "ml.movie_id",
                                                            "ml.linked_movie_id",
                                                            "t1.title",
                                                            "t1.id",
                                                            "t2.title",
                                                            "t2.id"
                                                        ],
                                                        "Inner Unique": true,
                                                        "Plans": [
                                                            {
                                                                "Node Type": "Nested Loop",
                                                                "Parent Relationship": "Outer",
                                                                "Parallel Aware": false,
                                                                "Join Type": "Inner",
                                                                "Startup Cost": 80000000004.97,
                                                                "Total Cost": 80000200148.44,
                                                                "Plan Rows": 25,
                                                                "Plan Width": 76,
                                                                "Actual Startup Time": 0.295,
                                                                "Actual Total Time": 327.932,
                                                                "Actual Rows": 4926,
                                                                "Actual Loops": 1,
                                                                "Output": [
                                                                    "mi_idx2.info",
                                                                    "mi_idx2.movie_id",
                                                                    "ml.link_type_id",
                                                                    "ml.movie_id",
                                                                    "ml.linked_movie_id",
                                                                    "mi_idx1.info",
                                                                    "mi_idx1.info_type_id",
                                                                    "mi_idx1.movie_id",
                                                                    "t1.title",
                                                                    "t1.id",
                                                                    "t2.title",
                                                                    "t2.id"
                                                                ],
                                                                "Inner Unique": false,
                                                                "Plans": [
                                                                    {
                                                                        "Node Type": "Nested Loop",
                                                                        "Parent Relationship": "Outer",
                                                                        "Parallel Aware": false,
                                                                        "Join Type": "Inner",
                                                                        "Startup Cost": 70000000004.51,
                                                                        "Total Cost": 70000200107.69,
                                                                        "Plan Rows": 9,
                                                                        "Plan Width": 63,
                                                                        "Actual Startup Time": 0.287,
                                                                        "Actual Total Time": 316.5,
                                                                        "Actual Rows": 1908,
                                                                        "Actual Loops": 1,
                                                                        "Output": [
                                                                            "mi_idx2.info",
                                                                            "mi_idx2.movie_id",
                                                                            "ml.link_type_id",
                                                                            "ml.movie_id",
                                                                            "ml.linked_movie_id",
                                                                            "t1.title",
                                                                            "t1.id",
                                                                            "t2.title",
                                                                            "t2.id"
                                                                        ],
                                                                        "Inner Unique": true,
                                                                        "Plans": [
                                                                            {
                                                                                "Node Type": "Nested Loop",
                                                                                "Parent Relationship": "Outer",
                                                                                "Parallel Aware": false,
                                                                                "Join Type": "Inner",
                                                                                "Startup Cost": 60000000004.37,
                                                                                "Total Cost": 60000199981.38,
                                                                                "Plan Rows": 32,
                                                                                "Plan Width": 67,
                                                                                "Actual Startup Time": 0.283,
                                                                                "Actual Total Time": 309.136,
                                                                                "Actual Rows": 1908,
                                                                                "Actual Loops": 1,
                                                                                "Output": [
                                                                                    "mi_idx2.info",
                                                                                    "mi_idx2.movie_id",
                                                                                    "ml.link_type_id",
                                                                                    "ml.movie_id",
                                                                                    "ml.linked_movie_id",
                                                                                    "t1.title",
                                                                                    "t1.id",
                                                                                    "t1.kind_id",
                                                                                    "t2.title",
                                                                                    "t2.id"
                                                                                ],
                                                                                "Inner Unique": true,
                                                                                "Plans": [
                                                                                    {
                                                                                        "Node Type": "Nested Loop",
                                                                                        "Parent Relationship": "Outer",
                                                                                        "Parallel Aware": false,
                                                                                        "Join Type": "Inner",
                                                                                        "Startup Cost": 50000000002.73,
                                                                                        "Total Cost": 50000199800.56,
                                                                                        "Plan Rows": 32,
                                                                                        "Plan Width": 42,
                                                                                        "Actual Startup Time": 0.261,
                                                                                        "Actual Total Time": 298.371,
                                                                                        "Actual Rows": 1908,
                                                                                        "Actual Loops": 1,
                                                                                        "Output": [
                                                                                            "mi_idx2.info",
                                                                                            "mi_idx2.movie_id",
                                                                                            "ml.link_type_id",
                                                                                            "ml.movie_id",
                                                                                            "ml.linked_movie_id",
                                                                                            "t2.title",
                                                                                            "t2.id"
                                                                                        ],
                                                                                        "Inner Unique": true,
                                                                                        "Plans": [
                                                                                            {
                                                                                                "Node Type": "Nested Loop",
                                                                                                "Parent Relationship": "Outer",
                                                                                                "Parallel Aware": false,
                                                                                                "Join Type": "Inner",
                                                                                                "Startup Cost": 40000000002.58,
                                                                                                "Total Cost": 40000196926.47,
                                                                                                "Plan Rows": 690,
                                                                                                "Plan Width": 46,
                                                                                                "Actual Startup Time": 0.242,
                                                                                                "Actual Total Time": 273.912,
                                                                                                "Actual Rows": 6743,
                                                                                                "Actual Loops": 1,
                                                                                                "Output": [
                                                                                                    "t2.title",
                                                                                                    "t2.id",
                                                                                                    "mi_idx2.info",
                                                                                                    "mi_idx2.info_type_id",
                                                                                                    "mi_idx2.movie_id",
                                                                                                    "ml.link_type_id",
                                                                                                    "ml.movie_id",
                                                                                                    "ml.linked_movie_id"
                                                                                                ],
                                                                                                "Inner Unique": false,
                                                                                                "Plans": [
                                                                                                    {
                                                                                                        "Node Type": "Nested Loop",
                                                                                                        "Parent Relationship": "Outer",
                                                                                                        "Parallel Aware": false,
                                                                                                        "Join Type": "Inner",
                                                                                                        "Startup Cost": 30000000002.07,
                                                                                                        "Total Cost": 30000190505.79,
                                                                                                        "Plan Rows": 1400,
                                                                                                        "Plan Width": 33,
                                                                                                        "Actual Startup Time": 0.202,
                                                                                                        "Actual Total Time": 249.633,
                                                                                                        "Actual Rows": 2984,
                                                                                                        "Actual Loops": 1,
                                                                                                        "Output": [
                                                                                                            "t2.title",
                                                                                                            "t2.id",
                                                                                                            "ml.link_type_id",
                                                                                                            "ml.movie_id",
                                                                                                            "ml.linked_movie_id"
                                                                                                        ],
                                                                                                        "Inner Unique": true,
                                                                                                        "Plans": [
                                                                                                            {
                                                                                                                "Node Type": "Nested Loop",
                                                                                                                "Parent Relationship": "Outer",
                                                                                                                "Parallel Aware": false,
                                                                                                                "Join Type": "Inner",
                                                                                                                "Startup Cost": 20000000001.93,
                                                                                                                "Total Cost": 20000171081.29,
                                                                                                                "Plan Rows": 4899,
                                                                                                                "Plan Width": 37,
                                                                                                                "Actual Startup Time": 0.181,
                                                                                                                "Actual Total Time": 228.261,
                                                                                                                "Actual Rows": 5660,
                                                                                                                "Actual Loops": 1,
                                                                                                                "Output": [
                                                                                                                    "ml.link_type_id",
                                                                                                                    "ml.movie_id",
                                                                                                                    "ml.linked_movie_id",
                                                                                                                    "t2.title",
                                                                                                                    "t2.id",
                                                                                                                    "t2.kind_id"
                                                                                                                ],
                                                                                                                "Inner Unique": true,
                                                                                                                "Plans": [
                                                                                                                    {
                                                                                                                        "Node Type": "Index Scan",
                                                                                                                        "Parent Relationship": "Outer",
                                                                                                                        "Parallel Aware": false,
                                                                                                                        "Scan Direction": "Forward",
                                                                                                                        "Index Name": "link_type_id_movie_link",
                                                                                                                        "Relation Name": "movie_link",
                                                                                                                        "Schema": "public",
                                                                                                                        "Alias": "ml",
                                                                                                                        "Startup Cost": 10000000000.29,
                                                                                                                        "Total Cost": 10000001425.16,
                                                                                                                        "Plan Rows": 29997,
                                                                                                                        "Plan Width": 12,
                                                                                                                        "Actual Startup Time": 0.04,
                                                                                                                        "Actual Total Time": 10.956,
                                                                                                                        "Actual Rows": 29997,
                                                                                                                        "Actual Loops": 1,
                                                                                                                        "Output": [
                                                                                                                            "ml.id",
                                                                                                                            "ml.movie_id",
                                                                                                                            "ml.linked_movie_id",
                                                                                                                            "ml.link_type_id"
                                                                                                                        ]
                                                                                                                    },
                                                                                                                    {
                                                                                                                        "Node Type": "Bitmap Heap Scan",
                                                                                                                        "Parent Relationship": "Inner",
                                                                                                                        "Parallel Aware": false,
                                                                                                                        "Relation Name": "title",
                                                                                                                        "Schema": "public",
                                                                                                                        "Alias": "t2",
                                                                                                                        "Startup Cost": 1.64,
                                                                                                                        "Total Cost": 5.66,
                                                                                                                        "Plan Rows": 1,
                                                                                                                        "Plan Width": 25,
                                                                                                                        "Actual Startup Time": 0.006,
                                                                                                                        "Actual Total Time": 0.006,
                                                                                                                        "Actual Rows": 0,
                                                                                                                        "Actual Loops": 29997,
                                                                                                                        "Output": [
                                                                                                                            "t2.id",
                                                                                                                            "t2.title",
                                                                                                                            "t2.imdb_index",
                                                                                                                            "t2.kind_id",
                                                                                                                            "t2.production_year",
                                                                                                                            "t2.imdb_id",
                                                                                                                            "t2.phonetic_code",
                                                                                                                            "t2.episode_of_id",
                                                                                                                            "t2.season_nr",
                                                                                                                            "t2.episode_nr",
                                                                                                                            "t2.series_years",
                                                                                                                            "t2.md5sum"
                                                                                                                        ],
                                                                                                                        "Recheck Cond": "(t2.id = ml.linked_movie_id)",
                                                                                                                        "Rows Removed by Index Recheck": 0,
                                                                                                                        "Filter": "((t2.production_year >= 1996) AND (t2.production_year <= 2003))",
                                                                                                                        "Rows Removed by Filter": 1,
                                                                                                                        "Exact Heap Blocks": 29997,
                                                                                                                        "Lossy Heap Blocks": 0,
                                                                                                                        "Plans": [
                                                                                                                            {
                                                                                                                                "Node Type": "Bitmap Index Scan",
                                                                                                                                "Parent Relationship": "Outer",
                                                                                                                                "Parallel Aware": false,
                                                                                                                                "Index Name": "title_pkey",
                                                                                                                                "Startup Cost": 0.0,
                                                                                                                                "Total Cost": 1.64,
                                                                                                                                "Plan Rows": 1,
                                                                                                                                "Plan Width": 0,
                                                                                                                                "Actual Startup Time": 0.003,
                                                                                                                                "Actual Total Time": 0.003,
                                                                                                                                "Actual Rows": 1,
                                                                                                                                "Actual Loops": 29997,
                                                                                                                                "Index Cond": "(t2.id = ml.linked_movie_id)"
                                                                                                                            }
                                                                                                                        ]
                                                                                                                    }
                                                                                                                ]
                                                                                                            },
                                                                                                            {
                                                                                                                "Node Type": "Bitmap Heap Scan",
                                                                                                                "Parent Relationship": "Inner",
                                                                                                                "Parallel Aware": false,
                                                                                                                "Relation Name": "kind_type",
                                                                                                                "Schema": "public",
                                                                                                                "Alias": "kt2",
                                                                                                                "Startup Cost": 0.14,
                                                                                                                "Total Cost": 4.16,
                                                                                                                "Plan Rows": 1,
                                                                                                                "Plan Width": 4,
                                                                                                                "Actual Startup Time": 0.002,
                                                                                                                "Actual Total Time": 0.002,
                                                                                                                "Actual Rows": 1,
                                                                                                                "Actual Loops": 5660,
                                                                                                                "Output": [
                                                                                                                    "kt2.id",
                                                                                                                    "kt2.kind"
                                                                                                                ],
                                                                                                                "Recheck Cond": "(kt2.id = t2.kind_id)",
                                                                                                                "Rows Removed by Index Recheck": 0,
                                                                                                                "Filter": "((kt2.kind)::text = ANY ('{\"tv series\",episode}'::text[]))",
                                                                                                                "Rows Removed by Filter": 0,
                                                                                                                "Exact Heap Blocks": 5660,
                                                                                                                "Lossy Heap Blocks": 0,
                                                                                                                "Plans": [
                                                                                                                    {
                                                                                                                        "Node Type": "Bitmap Index Scan",
                                                                                                                        "Parent Relationship": "Outer",
                                                                                                                        "Parallel Aware": false,
                                                                                                                        "Index Name": "kind_type_pkey",
                                                                                                                        "Startup Cost": 0.0,
                                                                                                                        "Total Cost": 0.14,
                                                                                                                        "Plan Rows": 1,
                                                                                                                        "Plan Width": 0,
                                                                                                                        "Actual Startup Time": 0.001,
                                                                                                                        "Actual Total Time": 0.001,
                                                                                                                        "Actual Rows": 1,
                                                                                                                        "Actual Loops": 5660,
                                                                                                                        "Index Cond": "(kt2.id = t2.kind_id)"
                                                                                                                    }
                                                                                                                ]
                                                                                                            }
                                                                                                        ]
                                                                                                    },
                                                                                                    {
                                                                                                        "Node Type": "Bitmap Heap Scan",
                                                                                                        "Parent Relationship": "Inner",
                                                                                                        "Parallel Aware": false,
                                                                                                        "Relation Name": "movie_info_idx",
                                                                                                        "Schema": "public",
                                                                                                        "Alias": "mi_idx2",
                                                                                                        "Startup Cost": 0.51,
                                                                                                        "Total Cost": 4.56,
                                                                                                        "Plan Rows": 3,
                                                                                                        "Plan Width": 13,
                                                                                                        "Actual Startup Time": 0.006,
                                                                                                        "Actual Total Time": 0.006,
                                                                                                        "Actual Rows": 2,
                                                                                                        "Actual Loops": 2984,
                                                                                                        "Output": [
                                                                                                            "mi_idx2.id",
                                                                                                            "mi_idx2.movie_id",
                                                                                                            "mi_idx2.info_type_id",
                                                                                                            "mi_idx2.info",
                                                                                                            "mi_idx2.note"
                                                                                                        ],
                                                                                                        "Recheck Cond": "(mi_idx2.movie_id = t2.id)",
                                                                                                        "Rows Removed by Index Recheck": 0,
                                                                                                        "Filter": "(mi_idx2.info < '7.6'::text)",
                                                                                                        "Rows Removed by Filter": 0,
                                                                                                        "Exact Heap Blocks": 2706,
                                                                                                        "Lossy Heap Blocks": 0,
                                                                                                        "Plans": [
                                                                                                            {
                                                                                                                "Node Type": "Bitmap Index Scan",
                                                                                                                "Parent Relationship": "Outer",
                                                                                                                "Parallel Aware": false,
                                                                                                                "Index Name": "movie_id_movie_info_idx",
                                                                                                                "Startup Cost": 0.0,
                                                                                                                "Total Cost": 0.51,
                                                                                                                "Plan Rows": 3,
                                                                                                                "Plan Width": 0,
                                                                                                                "Actual Startup Time": 0.004,
                                                                                                                "Actual Total Time": 0.004,
                                                                                                                "Actual Rows": 3,
                                                                                                                "Actual Loops": 2984,
                                                                                                                "Index Cond": "(mi_idx2.movie_id = t2.id)"
                                                                                                            }
                                                                                                        ]
                                                                                                    }
                                                                                                ]
                                                                                            },
                                                                                            {
                                                                                                "Node Type": "Bitmap Heap Scan",
                                                                                                "Parent Relationship": "Inner",
                                                                                                "Parallel Aware": false,
                                                                                                "Relation Name": "info_type",
                                                                                                "Schema": "public",
                                                                                                "Alias": "it2",
                                                                                                "Startup Cost": 0.15,
                                                                                                "Total Cost": 4.17,
                                                                                                "Plan Rows": 1,
                                                                                                "Plan Width": 4,
                                                                                                "Actual Startup Time": 0.002,
                                                                                                "Actual Total Time": 0.002,
                                                                                                "Actual Rows": 0,
                                                                                                "Actual Loops": 6743,
                                                                                                "Output": [
                                                                                                    "it2.id",
                                                                                                    "it2.info"
                                                                                                ],
                                                                                                "Recheck Cond": "(it2.id = mi_idx2.info_type_id)",
                                                                                                "Rows Removed by Index Recheck": 0,
                                                                                                "Filter": "((it2.info)::text = 'rating'::text COLLATE \"C\")",
                                                                                                "Rows Removed by Filter": 1,
                                                                                                "Exact Heap Blocks": 6743,
                                                                                                "Lossy Heap Blocks": 0,
                                                                                                "Plans": [
                                                                                                    {
                                                                                                        "Node Type": "Bitmap Index Scan",
                                                                                                        "Parent Relationship": "Outer",
                                                                                                        "Parallel Aware": false,
                                                                                                        "Index Name": "info_type_pkey",
                                                                                                        "Startup Cost": 0.0,
                                                                                                        "Total Cost": 0.15,
                                                                                                        "Plan Rows": 1,
                                                                                                        "Plan Width": 0,
                                                                                                        "Actual Startup Time": 0.001,
                                                                                                        "Actual Total Time": 0.001,
                                                                                                        "Actual Rows": 1,
                                                                                                        "Actual Loops": 6743,
                                                                                                        "Index Cond": "(it2.id = mi_idx2.info_type_id)"
                                                                                                    }
                                                                                                ]
                                                                                            }
                                                                                        ]
                                                                                    },
                                                                                    {
                                                                                        "Node Type": "Bitmap Heap Scan",
                                                                                        "Parent Relationship": "Inner",
                                                                                        "Parallel Aware": false,
                                                                                        "Relation Name": "title",
                                                                                        "Schema": "public",
                                                                                        "Alias": "t1",
                                                                                        "Startup Cost": 1.64,
                                                                                        "Total Cost": 5.65,
                                                                                        "Plan Rows": 1,
                                                                                        "Plan Width": 25,
                                                                                        "Actual Startup Time": 0.004,
                                                                                        "Actual Total Time": 0.004,
                                                                                        "Actual Rows": 1,
                                                                                        "Actual Loops": 1908,
                                                                                        "Output": [
                                                                                            "t1.id",
                                                                                            "t1.title",
                                                                                            "t1.imdb_index",
                                                                                            "t1.kind_id",
                                                                                            "t1.production_year",
                                                                                            "t1.imdb_id",
                                                                                            "t1.phonetic_code",
                                                                                            "t1.episode_of_id",
                                                                                            "t1.season_nr",
                                                                                            "t1.episode_nr",
                                                                                            "t1.series_years",
                                                                                            "t1.md5sum"
                                                                                        ],
                                                                                        "Recheck Cond": "(t1.id = ml.movie_id)",
                                                                                        "Rows Removed by Index Recheck": 0,
                                                                                        "Exact Heap Blocks": 1908,
                                                                                        "Lossy Heap Blocks": 0,
                                                                                        "Plans": [
                                                                                            {
                                                                                                "Node Type": "Bitmap Index Scan",
                                                                                                "Parent Relationship": "Outer",
                                                                                                "Parallel Aware": false,
                                                                                                "Index Name": "title_pkey",
                                                                                                "Startup Cost": 0.0,
                                                                                                "Total Cost": 1.64,
                                                                                                "Plan Rows": 1,
                                                                                                "Plan Width": 0,
                                                                                                "Actual Startup Time": 0.002,
                                                                                                "Actual Total Time": 0.002,
                                                                                                "Actual Rows": 1,
                                                                                                "Actual Loops": 1908,
                                                                                                "Index Cond": "(t1.id = ml.movie_id)"
                                                                                            }
                                                                                        ]
                                                                                    }
                                                                                ]
                                                                            },
                                                                            {
                                                                                "Node Type": "Bitmap Heap Scan",
                                                                                "Parent Relationship": "Inner",
                                                                                "Parallel Aware": false,
                                                                                "Relation Name": "kind_type",
                                                                                "Schema": "public",
                                                                                "Alias": "kt1",
                                                                                "Startup Cost": 0.14,
                                                                                "Total Cost": 4.16,
                                                                                "Plan Rows": 1,
                                                                                "Plan Width": 4,
                                                                                "Actual Startup Time": 0.002,
                                                                                "Actual Total Time": 0.002,
                                                                                "Actual Rows": 1,
                                                                                "Actual Loops": 1908,
                                                                                "Output": [
                                                                                    "kt1.id",
                                                                                    "kt1.kind"
                                                                                ],
                                                                                "Recheck Cond": "(kt1.id = t1.kind_id)",
                                                                                "Rows Removed by Index Recheck": 0,
                                                                                "Filter": "((kt1.kind)::text = ANY ('{\"tv series\",episode}'::text[]))",
                                                                                "Rows Removed by Filter": 0,
                                                                                "Exact Heap Blocks": 1908,
                                                                                "Lossy Heap Blocks": 0,
                                                                                "Plans": [
                                                                                    {
                                                                                        "Node Type": "Bitmap Index Scan",
                                                                                        "Parent Relationship": "Outer",
                                                                                        "Parallel Aware": false,
                                                                                        "Index Name": "kind_type_pkey",
                                                                                        "Startup Cost": 0.0,
                                                                                        "Total Cost": 0.14,
                                                                                        "Plan Rows": 1,
                                                                                        "Plan Width": 0,
                                                                                        "Actual Startup Time": 0.001,
                                                                                        "Actual Total Time": 0.001,
                                                                                        "Actual Rows": 1,
                                                                                        "Actual Loops": 1908,
                                                                                        "Index Cond": "(kt1.id = t1.kind_id)"
                                                                                    }
                                                                                ]
                                                                            }
                                                                        ]
                                                                    },
                                                                    {
                                                                        "Node Type": "Bitmap Heap Scan",
                                                                        "Parent Relationship": "Inner",
                                                                        "Parallel Aware": false,
                                                                        "Relation Name": "movie_info_idx",
                                                                        "Schema": "public",
                                                                        "Alias": "mi_idx1",
                                                                        "Startup Cost": 0.46,
                                                                        "Total Cost": 4.5,
                                                                        "Plan Rows": 3,
                                                                        "Plan Width": 13,
                                                                        "Actual Startup Time": 0.004,
                                                                        "Actual Total Time": 0.004,
                                                                        "Actual Rows": 3,
                                                                        "Actual Loops": 1908,
                                                                        "Output": [
                                                                            "mi_idx1.id",
                                                                            "mi_idx1.movie_id",
                                                                            "mi_idx1.info_type_id",
                                                                            "mi_idx1.info",
                                                                            "mi_idx1.note"
                                                                        ],
                                                                        "Recheck Cond": "(mi_idx1.movie_id = t1.id)",
                                                                        "Rows Removed by Index Recheck": 0,
                                                                        "Exact Heap Blocks": 1642,
                                                                        "Lossy Heap Blocks": 0,
                                                                        "Plans": [
                                                                            {
                                                                                "Node Type": "Bitmap Index Scan",
                                                                                "Parent Relationship": "Outer",
                                                                                "Parallel Aware": false,
                                                                                "Index Name": "movie_id_movie_info_idx",
                                                                                "Startup Cost": 0.0,
                                                                                "Total Cost": 0.46,
                                                                                "Plan Rows": 3,
                                                                                "Plan Width": 0,
                                                                                "Actual Startup Time": 0.003,
                                                                                "Actual Total Time": 0.003,
                                                                                "Actual Rows": 3,
                                                                                "Actual Loops": 1908,
                                                                                "Index Cond": "(mi_idx1.movie_id = t1.id)"
                                                                            }
                                                                        ]
                                                                    }
                                                                ]
                                                            },
                                                            {
                                                                "Node Type": "Bitmap Heap Scan",
                                                                "Parent Relationship": "Inner",
                                                                "Parallel Aware": false,
                                                                "Relation Name": "info_type",
                                                                "Schema": "public",
                                                                "Alias": "it1",
                                                                "Startup Cost": 0.15,
                                                                "Total Cost": 4.17,
                                                                "Plan Rows": 1,
                                                                "Plan Width": 4,
                                                                "Actual Startup Time": 0.002,
                                                                "Actual Total Time": 0.002,
                                                                "Actual Rows": 0,
                                                                "Actual Loops": 4926,
                                                                "Output": [
                                                                    "it1.id",
                                                                    "it1.info"
                                                                ],
                                                                "Recheck Cond": "(it1.id = mi_idx1.info_type_id)",
                                                                "Rows Removed by Index Recheck": 0,
                                                                "Filter": "((it1.info)::text = 'rating'::text COLLATE \"C\")",
                                                                "Rows Removed by Filter": 1,
                                                                "Exact Heap Blocks": 4926,
                                                                "Lossy Heap Blocks": 0,
                                                                "Plans": [
                                                                    {
                                                                        "Node Type": "Bitmap Index Scan",
                                                                        "Parent Relationship": "Outer",
                                                                        "Parallel Aware": false,
                                                                        "Index Name": "info_type_pkey",
                                                                        "Startup Cost": 0.0,
                                                                        "Total Cost": 0.15,
                                                                        "Plan Rows": 1,
                                                                        "Plan Width": 0,
                                                                        "Actual Startup Time": 0.001,
                                                                        "Actual Total Time": 0.001,
                                                                        "Actual Rows": 1,
                                                                        "Actual Loops": 4926,
                                                                        "Index Cond": "(it1.id = mi_idx1.info_type_id)"
                                                                    }
                                                                ]
                                                            }
                                                        ]
                                                    },
                                                    {
                                                        "Node Type": "Bitmap Heap Scan",
                                                        "Parent Relationship": "Inner",
                                                        "Parallel Aware": false,
                                                        "Relation Name": "movie_companies",
                                                        "Schema": "public",
                                                        "Alias": "mc1",
                                                        "Startup Cost": 0.48,
                                                        "Total Cost": 4.55,
                                                        "Plan Rows": 5,
                                                        "Plan Width": 8,
                                                        "Actual Startup Time": 0.005,
                                                        "Actual Total Time": 0.007,
                                                        "Actual Rows": 6,
                                                        "Actual Loops": 1642,
                                                        "Output": [
                                                            "mc1.id",
                                                            "mc1.movie_id",
                                                            "mc1.company_id",
                                                            "mc1.company_type_id",
                                                            "mc1.note"
                                                        ],
                                                        "Recheck Cond": "(mc1.movie_id = t1.id)",
                                                        "Rows Removed by Index Recheck": 0,
                                                        "Exact Heap Blocks": 2809,
                                                        "Lossy Heap Blocks": 0,
                                                        "Plans": [
                                                            {
                                                                "Node Type": "Bitmap Index Scan",
                                                                "Parent Relationship": "Outer",
                                                                "Parallel Aware": false,
                                                                "Index Name": "movie_id_movie_companies",
                                                                "Startup Cost": 0.0,
                                                                "Total Cost": 0.48,
                                                                "Plan Rows": 5,
                                                                "Plan Width": 0,
                                                                "Actual Startup Time": 0.003,
                                                                "Actual Total Time": 0.003,
                                                                "Actual Rows": 6,
                                                                "Actual Loops": 1642,
                                                                "Index Cond": "(mc1.movie_id = t1.id)"
                                                            }
                                                        ]
                                                    }
                                                ]
                                            },
                                            {
                                                "Node Type": "Bitmap Heap Scan",
                                                "Parent Relationship": "Inner",
                                                "Parallel Aware": false,
                                                "Relation Name": "company_name",
                                                "Schema": "public",
                                                "Alias": "cn1",
                                                "Startup Cost": 0.43,
                                                "Total Cost": 4.44,
                                                "Plan Rows": 1,
                                                "Plan Width": 23,
                                                "Actual Startup Time": 0.003,
                                                "Actual Total Time": 0.003,
                                                "Actual Rows": 1,
                                                "Actual Loops": 9222,
                                                "Output": [
                                                    "cn1.id",
                                                    "cn1.name",
                                                    "cn1.country_code",
                                                    "cn1.imdb_id",
                                                    "cn1.name_pcode_nf",
                                                    "cn1.name_pcode_sf",
                                                    "cn1.md5sum"
                                                ],
                                                "Recheck Cond": "(cn1.id = mc1.company_id)",
                                                "Rows Removed by Index Recheck": 0,
                                                "Filter": "((cn1.country_code)::text <> '[us]'::text)",
                                                "Rows Removed by Filter": 0,
                                                "Exact Heap Blocks": 9222,
                                                "Lossy Heap Blocks": 0,
                                                "Plans": [
                                                    {
                                                        "Node Type": "Bitmap Index Scan",
                                                        "Parent Relationship": "Outer",
                                                        "Parallel Aware": false,
                                                        "Index Name": "company_name_pkey",
                                                        "Startup Cost": 0.0,
                                                        "Total Cost": 0.43,
                                                        "Plan Rows": 1,
                                                        "Plan Width": 0,
                                                        "Actual Startup Time": 0.002,
                                                        "Actual Total Time": 0.002,
                                                        "Actual Rows": 1,
                                                        "Actual Loops": 9222,
                                                        "Index Cond": "(cn1.id = mc1.company_id)"
                                                    }
                                                ]
                                            }
                                        ]
                                    },
                                    {
                                        "Node Type": "Bitmap Heap Scan",
                                        "Parent Relationship": "Inner",
                                        "Parallel Aware": false,
                                        "Relation Name": "movie_companies",
                                        "Schema": "public",
                                        "Alias": "mc2",
                                        "Startup Cost": 0.5,
                                        "Total Cost": 4.56,
                                        "Plan Rows": 5,
                                        "Plan Width": 8,
                                        "Actual Startup Time": 0.004,
                                        "Actual Total Time": 0.005,
                                        "Actual Rows": 5,
                                        "Actual Loops": 6143,
                                        "Output": [
                                            "mc2.id",
                                            "mc2.movie_id",
                                            "mc2.company_id",
                                            "mc2.company_type_id",
                                            "mc2.note"
                                        ],
                                        "Recheck Cond": "(mc2.movie_id = mi_idx2.movie_id)",
                                        "Rows Removed by Index Recheck": 0,
                                        "Exact Heap Blocks": 9657,
                                        "Lossy Heap Blocks": 0,
                                        "Plans": [
                                            {
                                                "Node Type": "Bitmap Index Scan",
                                                "Parent Relationship": "Outer",
                                                "Parallel Aware": false,
                                                "Index Name": "movie_id_movie_companies",
                                                "Startup Cost": 0.0,
                                                "Total Cost": 0.5,
                                                "Plan Rows": 5,
                                                "Plan Width": 0,
                                                "Actual Startup Time": 0.003,
                                                "Actual Total Time": 0.003,
                                                "Actual Rows": 5,
                                                "Actual Loops": 6143,
                                                "Index Cond": "(mc2.movie_id = mi_idx2.movie_id)"
                                            }
                                        ]
                                    }
                                ]
                            },
                            {
                                "Node Type": "Bitmap Heap Scan",
                                "Parent Relationship": "Inner",
                                "Parallel Aware": false,
                                "Relation Name": "company_name",
                                "Schema": "public",
                                "Alias": "cn2",
                                "Startup Cost": 0.43,
                                "Total Cost": 4.44,
                                "Plan Rows": 1,
                                "Plan Width": 23,
                                "Actual Startup Time": 0.003,
                                "Actual Total Time": 0.003,
                                "Actual Rows": 1,
                                "Actual Loops": 28904,
                                "Output": [
                                    "cn2.id",
                                    "cn2.name",
                                    "cn2.country_code",
                                    "cn2.imdb_id",
                                    "cn2.name_pcode_nf",
                                    "cn2.name_pcode_sf",
                                    "cn2.md5sum"
                                ],
                                "Recheck Cond": "(cn2.id = mc2.company_id)",
                                "Rows Removed by Index Recheck": 0,
                                "Exact Heap Blocks": 28904,
                                "Lossy Heap Blocks": 0,
                                "Plans": [
                                    {
                                        "Node Type": "Bitmap Index Scan",
                                        "Parent Relationship": "Outer",
                                        "Parallel Aware": false,
                                        "Index Name": "company_name_pkey",
                                        "Startup Cost": 0.0,
                                        "Total Cost": 0.43,
                                        "Plan Rows": 1,
                                        "Plan Width": 0,
                                        "Actual Startup Time": 0.002,
                                        "Actual Total Time": 0.002,
                                        "Actual Rows": 1,
                                        "Actual Loops": 28904,
                                        "Index Cond": "(cn2.id = mc2.company_id)"
                                    }
                                ]
                            }
                        ]
                    },
                    {
                        "Node Type": "Bitmap Heap Scan",
                        "Parent Relationship": "Inner",
                        "Parallel Aware": false,
                        "Relation Name": "link_type",
                        "Schema": "public",
                        "Alias": "lt",
                        "Startup Cost": 0.15,
                        "Total Cost": 4.16,
                        "Plan Rows": 1,
                        "Plan Width": 4,
                        "Actual Startup Time": 0.002,
                        "Actual Total Time": 0.002,
                        "Actual Rows": 0,
                        "Actual Loops": 28904,
                        "Output": [
                            "lt.id",
                            "lt.link"
                        ],
                        "Recheck Cond": "(lt.id = ml.link_type_id)",
                        "Rows Removed by Index Recheck": 0,
                        "Filter": "((lt.link)::text = ANY ('{\"spin off from\",spoofs,follows}'::text[]))",
                        "Rows Removed by Filter": 1,
                        "Exact Heap Blocks": 28904,
                        "Lossy Heap Blocks": 0,
                        "Plans": [
                            {
                                "Node Type": "Bitmap Index Scan",
                                "Parent Relationship": "Outer",
                                "Parallel Aware": false,
                                "Index Name": "link_type_pkey",
                                "Startup Cost": 0.0,
                                "Total Cost": 0.15,
                                "Plan Rows": 1,
                                "Plan Width": 0,
                                "Actual Startup Time": 0.001,
                                "Actual Total Time": 0.001,
                                "Actual Rows": 1,
                                "Actual Loops": 28904,
                                "Index Cond": "(lt.id = ml.link_type_id)"
                            }
                        ]
                    }
                ]
            }
        ]
    },
    "Planning Time": 132.732,
    "Triggers": [],
    "Execution Time": 691.257
}