[
  {
    "Plan": {
      "Node Type": "Aggregate",
      "Strategy": "Plain",
      "Partial Mode": "Finalize",
      "Parallel Aware": false,
      "Startup Cost": 350321.87,
      "Total Cost": 350321.88,
      "Plan Rows": 1,
      "Plan Width": 8,
      "Actual Startup Time": 1011.988,
      "Actual Total Time": 1073.641,
      "Actual Rows": 1,
      "Actual Loops": 1,
      "Plans": [
        {
          "Node Type": "Gather",
          "Parent Relationship": "Outer",
          "Parallel Aware": false,
          "Startup Cost": 350321.24,
          "Total Cost": 350321.85,
          "Plan Rows": 6,
          "Plan Width": 8,
          "Actual Startup Time": 1011.86,
          "Actual Total Time": 1073.627,
          "Actual Rows": 7,
          "Actual Loops": 1,
          "Workers Planned": 6,
          "Workers Launched": 6,
          "Single Copy": false,
          "Plans": [
            {
              "Node Type": "Aggregate",
              "Strategy": "Plain",
              "Partial Mode": "Partial",
              "Parent Relationship": "Outer",
              "Parallel Aware": false,
              "Startup Cost": 349321.24,
              "Total Cost": 349321.25,
              "Plan Rows": 1,
              "Plan Width": 8,
              "Actual Startup Time": 993.475,
              "Actual Total Time": 993.476,
              "Actual Rows": 1,
              "Actual Loops": 7,
              "Plans": [
                {
                  "Node Type": "Seq Scan",
                  "Parent Relationship": "Outer",
                  "Parallel Aware": true,
                  "Relation Name": "cast_info",
                  "Alias": "ci",
                  "Startup Cost": 0.0,
                  "Total Cost": 343257.03,
                  "Plan Rows": 2425685,
                  "Plan Width": 0,
                  "Actual Startup Time": 0.049,
                  "Actual Total Time": 832.991,
                  "Actual Rows": 2874666,
                  "Actual Loops": 7,
                  "Filter": "((person_id < 2750345) AND (role_id < 3))",
                  "Rows Removed by Filter": 2303098
                }
              ]
            }
          ]
        }
      ]
    },
    "Planning Time": 0.265,
    "Triggers": [],
    "Execution Time": 1073.722
  }
]