{
  "Plan": {
    "Node Type": "Aggregate",
    "Strategy": "Plain",
    "Partial Mode": "Finalize",
    "Parallel Aware": false,
    "Startup Cost": 478123.4,
    "Total Cost": 478123.41,
    "Plan Rows": 1,
    "Plan Width": 8,
    "Actual Startup Time": 998.299,
    "Actual Total Time": 1029.508,
    "Actual Rows": 1,
    "Actual Loops": 1,
    "Plans": [
      {
        "Node Type": "Gather",
        "Parent Relationship": "Outer",
        "Parallel Aware": false,
        "Startup Cost": 478123.28,
        "Total Cost": 478123.39,
        "Plan Rows": 1,
        "Plan Width": 8,
        "Actual Startup Time": 995.686,
        "Actual Total Time": 1029.497,
        "Actual Rows": 2,
        "Actual Loops": 1,
        "Workers Planned": 1,
        "Workers Launched": 1,
        "Single Copy": false,
        "Plans": [
          {
            "Node Type": "Aggregate",
            "Strategy": "Plain",
            "Partial Mode": "Partial",
            "Parent Relationship": "Outer",
            "Parallel Aware": false,
            "Startup Cost": 477123.28,
            "Total Cost": 477123.29,
            "Plan Rows": 1,
            "Plan Width": 8,
            "Actual Startup Time": 989.457,
            "Actual Total Time": 989.772,
            "Actual Rows": 1,
            "Actual Loops": 2,
            "Plans": [
              {
                "Node Type": "Hash Join",
                "Parent Relationship": "Outer",
                "Parallel Aware": true,
                "Join Type": "Inner",
                "Startup Cost": 192312.52,
                "Total Cost": 476469.81,
                "Plan Rows": 261390,
                "Plan Width": 0,
                "Actual Startup Time": 650.411,
                "Actual Total Time": 984.601,
                "Actual Rows": 119437,
                "Actual Loops": 2,
                "Inner Unique": false,
                "Hash Cond": "(ci.movie_id = t.id)",
                "Plans": [
                  {
                    "Node Type": "Bitmap Heap Scan",
                    "Parent Relationship": "Outer",
                    "Parallel Aware": true,
                    "Relation Name": "cast_info",
                    "Alias": "ci",
                    "Startup Cost": 69165.08,
                    "Total Cost": 344877.23,
                    "Plan Rows": 1842012,
                    "Plan Width": 4,
                    "Actual Startup Time": 131.058,
                    "Actual Total Time": 292.206,
                    "Actual Rows": 1602720,
                    "Actual Loops": 2,
                    "Recheck Cond": "(person_id < 310061)",
                    "Rows Removed by Index Recheck": 0,
                    "Exact Heap Blocks": 18156,
                    "Lossy Heap Blocks": 0,
                    "Plans": [
                      {
                        "Node Type": "Bitmap Index Scan",
                        "Parent Relationship": "Outer",
                        "Parallel Aware": false,
                        "Index Name": "person_id_cast_info",
                        "Startup Cost": 0.0,
                        "Total Cost": 68382.22,
                        "Plan Rows": 3131421,
                        "Plan Width": 0,
                        "Actual Startup Time": 125.632,
                        "Actual Total Time": 125.633,
                        "Actual Rows": 3205440,
                        "Actual Loops": 1,
                        "Index Cond": "(person_id < 310061)"
                      }
                    ]
                  },
                  {
                    "Node Type": "Hash",
                    "Parent Relationship": "Inner",
                    "Parallel Aware": true,
                    "Startup Cost": 120509.38,
                    "Total Cost": 120509.38,
                    "Plan Rows": 211045,
                    "Plan Width": 8,
                    "Actual Startup Time": 513.622,
                    "Actual Total Time": 513.936,
                    "Actual Rows": 50247,
                    "Actual Loops": 2,
                    "Hash Buckets": 524288,
                    "Original Hash Buckets": 524288,
                    "Hash Batches": 1,
                    "Original Hash Batches": 1,
                    "Peak Memory Usage": 8064,
                    "Plans": [
                      {
                        "Node Type": "Hash Join",
                        "Parent Relationship": "Outer",
                        "Parallel Aware": true,
                        "Join Type": "Inner",
                        "Startup Cost": 86793.72,
                        "Total Cost": 120509.38,
                        "Plan Rows": 211045,
                        "Plan Width": 8,
                        "Actual Startup Time": 325.745,
                        "Actual Total Time": 502.877,
                        "Actual Rows": 50247,
                        "Actual Loops": 2,
                        "Inner Unique": true,
                        "Hash Cond": "(mk.movie_id = t.id)",
                        "Plans": [
                          {
                            "Node Type": "Bitmap Heap Scan",
                            "Parent Relationship": "Outer",
                            "Parallel Aware": true,
                            "Relation Name": "movie_keyword",
                            "Alias": "mk",
                            "Startup Cost": 22080.03,
                            "Total Cost": 54188.29,
                            "Plan Rows": 612341,
                            "Plan Width": 4,
                            "Actual Startup Time": 61.824,
                            "Actual Total Time": 159.551,
                            "Actual Rows": 520352,
                            "Actual Loops": 2,
                            "Recheck Cond": "(keyword_id > 17031)",
                            "Rows Removed by Index Recheck": 0,
                            "Exact Heap Blocks": 13616,
                            "Lossy Heap Blocks": 0,
                            "Plans": [
                              {
                                "Node Type": "Bitmap Index Scan",
                                "Parent Relationship": "Outer",
                                "Parallel Aware": false,
                                "Index Name": "keyword_id_movie_keyword",
                                "Startup Cost": 0.0,
                                "Total Cost": 21819.78,
                                "Plan Rows": 1040980,
                                "Plan Width": 0,
                                "Actual Startup Time": 58.222,
                                "Actual Total Time": 58.222,
                                "Actual Rows": 1040705,
                                "Actual Loops": 1,
                                "Index Cond": "(keyword_id > 17031)"
                              }
                            ]
                          },
                          {
                            "Node Type": "Hash",
                            "Parent Relationship": "Inner",
                            "Parallel Aware": true,
                            "Startup Cost": 58306.47,
                            "Total Cost": 58306.47,
                            "Plan Rows": 512578,
                            "Plan Width": 4,
                            "Actual Startup Time": 257.41,
                            "Actual Total Time": 257.412,
                            "Actual Rows": 400756,
                            "Actual Loops": 2,
                            "Hash Buckets": 1048576,
                            "Original Hash Buckets": 1048576,
                            "Hash Batches": 1,
                            "Original Hash Batches": 1,
                            "Peak Memory Usage": 39552,
                            "Plans": [
                              {
                                "Node Type": "Seq Scan",
                                "Parent Relationship": "Outer",
                                "Parallel Aware": true,
                                "Relation Name": "title",
                                "Alias": "t",
                                "Startup Cost": 0.0,
                                "Total Cost": 58306.47,
                                "Plan Rows": 512578,
                                "Plan Width": 4,
                                "Actual Startup Time": 0.06,
                                "Actual Total Time": 160.596,
                                "Actual Rows": 400756,
                                "Actual Loops": 2,
                                "Filter": "((production_year < 2006) AND (kind_id = 7))",
                                "Rows Removed by Filter": 863400
                              }
                            ]
                          }
                        ]
                      }
                    ]
                  }
                ]
              }
            ]
          }
        ]
      }
    ]
  },
  "Planning Time": 0.948,
  "Triggers": [],
  "Execution Time": 1029.625
}