{
  "Plan": {
    "Node Type": "Aggregate",
    "Strategy": "Plain",
    "Partial Mode": "Finalize",
    "Parallel Aware": false,
    "Startup Cost": 106844.85,
    "Total Cost": 106844.86,
    "Plan Rows": 1,
    "Plan Width": 8,
    "Actual Startup Time": 491.608,
    "Actual Total Time": 506.091,
    "Actual Rows": 1,
    "Actual Loops": 1,
    "Plans": [
      {
        "Node Type": "Gather",
        "Parent Relationship": "Outer",
        "Parallel Aware": false,
        "Startup Cost": 106844.73,
        "Total Cost": 106844.84,
        "Plan Rows": 1,
        "Plan Width": 8,
        "Actual Startup Time": 489.545,
        "Actual Total Time": 506.082,
        "Actual Rows": 2,
        "Actual Loops": 1,
        "Workers Planned": 1,
        "Workers Launched": 1,
        "Single Copy": false,
        "Plans": [
          {
            "Node Type": "Aggregate",
            "Strategy": "Plain",
            "Partial Mode": "Partial",
            "Parent Relationship": "Outer",
            "Parallel Aware": false,
            "Startup Cost": 105844.73,
            "Total Cost": 105844.74,
            "Plan Rows": 1,
            "Plan Width": 8,
            "Actual Startup Time": 483.871,
            "Actual Total Time": 483.874,
            "Actual Rows": 1,
            "Actual Loops": 2,
            "Plans": [
              {
                "Node Type": "Hash Join",
                "Parent Relationship": "Outer",
                "Parallel Aware": true,
                "Join Type": "Inner",
                "Startup Cost": 75070.61,
                "Total Cost": 105514.53,
                "Plan Rows": 132080,
                "Plan Width": 0,
                "Actual Startup Time": 314.939,
                "Actual Total Time": 476.951,
                "Actual Rows": 154689,
                "Actual Loops": 2,
                "Inner Unique": true,
                "Hash Cond": "(mk.movie_id = t.id)",
                "Plans": [
                  {
                    "Node Type": "Bitmap Heap Scan",
                    "Parent Relationship": "Outer",
                    "Parallel Aware": true,
                    "Relation Name": "movie_keyword",
                    "Alias": "mk",
                    "Startup Cost": 14282.1,
                    "Total Cost": 43686.46,
                    "Plan Rows": 396028,
                    "Plan Width": 4,
                    "Actual Startup Time": 42.576,
                    "Actual Total Time": 122.532,
                    "Actual Rows": 339871,
                    "Actual Loops": 2,
                    "Recheck Cond": "(keyword_id < 557)",
                    "Rows Removed by Index Recheck": 0,
                    "Exact Heap Blocks": 13886,
                    "Lossy Heap Blocks": 0,
                    "Plans": [
                      {
                        "Node Type": "Bitmap Index Scan",
                        "Parent Relationship": "Outer",
                        "Parallel Aware": false,
                        "Index Name": "keyword_id_movie_keyword",
                        "Startup Cost": 0.0,
                        "Total Cost": 14113.79,
                        "Plan Rows": 673248,
                        "Plan Width": 0,
                        "Actual Startup Time": 38.986,
                        "Actual Total Time": 38.987,
                        "Actual Rows": 679742,
                        "Actual Loops": 1,
                        "Index Cond": "(keyword_id < 557)"
                      }
                    ]
                  },
                  {
                    "Node Type": "Hash",
                    "Parent Relationship": "Inner",
                    "Parallel Aware": true,
                    "Startup Cost": 54588.39,
                    "Total Cost": 54588.39,
                    "Plan Rows": 496009,
                    "Plan Width": 4,
                    "Actual Startup Time": 262.819,
                    "Actual Total Time": 262.819,
                    "Actual Rows": 424570,
                    "Actual Loops": 2,
                    "Hash Buckets": 1048576,
                    "Original Hash Buckets": 1048576,
                    "Hash Batches": 1,
                    "Original Hash Batches": 1,
                    "Peak Memory Usage": 41440,
                    "Plans": [
                      {
                        "Node Type": "Seq Scan",
                        "Parent Relationship": "Outer",
                        "Parallel Aware": true,
                        "Relation Name": "title",
                        "Alias": "t",
                        "Startup Cost": 0.0,
                        "Total Cost": 54588.39,
                        "Plan Rows": 496009,
                        "Plan Width": 4,
                        "Actual Startup Time": 0.036,
                        "Actual Total Time": 153.256,
                        "Actual Rows": 424570,
                        "Actual Loops": 2,
                        "Filter": "(production_year < 1996)",
                        "Rows Removed by Filter": 839586
                      }
                    ]
                  }
                ]
              }
            ]
          }
        ]
      }
    ]
  },
  "Planning Time": 0.444,
  "Triggers": [],
  "Execution Time": 506.184
}