[
  {
    "Plan": {
      "Node Type": "Aggregate",
      "Strategy": "Plain",
      "Partial Mode": "Finalize",
      "Parallel Aware": false,
      "Startup Cost": 331012.95,
      "Total Cost": 331012.96,
      "Plan Rows": 1,
      "Plan Width": 8,
      "Actual Startup Time": 615.977,
      "Actual Total Time": 672.896,
      "Actual Rows": 1,
      "Actual Loops": 1,
      "Plans": [
        {
          "Node Type": "Gather",
          "Parent Relationship": "Outer",
          "Parallel Aware": false,
          "Startup Cost": 331012.33,
          "Total Cost": 331012.93,
          "Plan Rows": 6,
          "Plan Width": 8,
          "Actual Startup Time": 615.854,
          "Actual Total Time": 672.887,
          "Actual Rows": 7,
          "Actual Loops": 1,
          "Workers Planned": 6,
          "Workers Launched": 6,
          "Single Copy": false,
          "Plans": [
            {
              "Node Type": "Aggregate",
              "Strategy": "Plain",
              "Partial Mode": "Partial",
              "Parent Relationship": "Outer",
              "Parallel Aware": false,
              "Startup Cost": 330012.33,
              "Total Cost": 330012.34,
              "Plan Rows": 1,
              "Plan Width": 8,
              "Actual Startup Time": 606.555,
              "Actual Total Time": 606.557,
              "Actual Rows": 1,
              "Actual Loops": 7,
              "Plans": [
                {
                  "Node Type": "Seq Scan",
                  "Parent Relationship": "Outer",
                  "Parallel Aware": true,
                  "Relation Name": "cast_info",
                  "Alias": "ci",
                  "Startup Cost": 0.0,
                  "Total Cost": 328162.03,
                  "Plan Rows": 740120,
                  "Plan Width": 0,
                  "Actual Startup Time": 429.989,
                  "Actual Total Time": 578.704,
                  "Actual Rows": 606483,
                  "Actual Loops": 7,
                  "Filter": "(person_id > 3282335)",
                  "Rows Removed by Filter": 4571280
                }
              ]
            }
          ]
        }
      ]
    },
    "Planning Time": 0.111,
    "Triggers": [],
    "Execution Time": 672.947
  }
]