{
  "Plan": {
    "Node Type": "Aggregate",
    "Strategy": "Plain",
    "Partial Mode": "Finalize",
    "Parallel Aware": false,
    "Startup Cost": 305196.2,
    "Total Cost": 305196.21,
    "Plan Rows": 1,
    "Plan Width": 8,
    "Actual Startup Time": 692.055,
    "Actual Total Time": 709.871,
    "Actual Rows": 1,
    "Actual Loops": 1,
    "Plans": [
      {
        "Node Type": "Gather",
        "Parent Relationship": "Outer",
        "Parallel Aware": false,
        "Startup Cost": 305196.09,
        "Total Cost": 305196.2,
        "Plan Rows": 1,
        "Plan Width": 8,
        "Actual Startup Time": 690.757,
        "Actual Total Time": 709.862,
        "Actual Rows": 2,
        "Actual Loops": 1,
        "Workers Planned": 1,
        "Workers Launched": 1,
        "Single Copy": false,
        "Plans": [
          {
            "Node Type": "Aggregate",
            "Strategy": "Plain",
            "Partial Mode": "Partial",
            "Parent Relationship": "Outer",
            "Parallel Aware": false,
            "Startup Cost": 304196.09,
            "Total Cost": 304196.1,
            "Plan Rows": 1,
            "Plan Width": 8,
            "Actual Startup Time": 684.556,
            "Actual Total Time": 684.563,
            "Actual Rows": 1,
            "Actual Loops": 2,
            "Plans": [
              {
                "Node Type": "Hash Join",
                "Parent Relationship": "Outer",
                "Parallel Aware": true,
                "Join Type": "Inner",
                "Startup Cost": 128693.22,
                "Total Cost": 303941.74,
                "Plan Rows": 101738,
                "Plan Width": 0,
                "Actual Startup Time": 521.557,
                "Actual Total Time": 680.851,
                "Actual Rows": 74754,
                "Actual Loops": 2,
                "Inner Unique": false,
                "Hash Cond": "(mi.movie_id = t.id)",
                "Plans": [
                  {
                    "Node Type": "Bitmap Heap Scan",
                    "Parent Relationship": "Outer",
                    "Parallel Aware": true,
                    "Relation Name": "movie_info",
                    "Alias": "mi",
                    "Startup Cost": 23986.4,
                    "Total Cost": 195715.6,
                    "Plan Rows": 778896,
                    "Plan Width": 4,
                    "Actual Startup Time": 47.529,
                    "Actual Total Time": 107.22,
                    "Actual Rows": 662680,
                    "Actual Loops": 2,
                    "Recheck Cond": "(info_type_id = 8)",
                    "Rows Removed by Index Recheck": 0,
                    "Exact Heap Blocks": 3894,
                    "Lossy Heap Blocks": 0,
                    "Plans": [
                      {
                        "Node Type": "Bitmap Index Scan",
                        "Parent Relationship": "Outer",
                        "Parallel Aware": false,
                        "Index Name": "info_type_id_movie_info",
                        "Startup Cost": 0.0,
                        "Total Cost": 23655.37,
                        "Plan Rows": 1324124,
                        "Plan Width": 0,
                        "Actual Startup Time": 46.343,
                        "Actual Total Time": 46.344,
                        "Actual Rows": 1325361,
                        "Actual Loops": 1,
                        "Index Cond": "(info_type_id = 8)"
                      }
                    ]
                  },
                  {
                    "Node Type": "Hash",
                    "Parent Relationship": "Inner",
                    "Parallel Aware": true,
                    "Startup Cost": 102278.58,
                    "Total Cost": 102278.58,
                    "Plan Rows": 194259,
                    "Plan Width": 8,
                    "Actual Startup Time": 468.316,
                    "Actual Total Time": 468.32,
                    "Actual Rows": 91182,
                    "Actual Loops": 2,
                    "Hash Buckets": 524288,
                    "Original Hash Buckets": 524288,
                    "Hash Batches": 1,
                    "Original Hash Batches": 1,
                    "Peak Memory Usage": 11264,
                    "Plans": [
                      {
                        "Node Type": "Hash Join",
                        "Parent Relationship": "Outer",
                        "Parallel Aware": true,
                        "Join Type": "Inner",
                        "Startup Cost": 40970.38,
                        "Total Cost": 102278.58,
                        "Plan Rows": 194259,
                        "Plan Width": 8,
                        "Actual Startup Time": 132.001,
                        "Actual Total Time": 439.989,
                        "Actual Rows": 91182,
                        "Actual Loops": 2,
                        "Inner Unique": false,
                        "Hash Cond": "(t.id = mc.movie_id)",
                        "Plans": [
                          {
                            "Node Type": "Seq Scan",
                            "Parent Relationship": "Outer",
                            "Parallel Aware": true,
                            "Relation Name": "title",
                            "Alias": "t",
                            "Startup Cost": 0.0,
                            "Total Cost": 50870.31,
                            "Plan Rows": 1487231,
                            "Plan Width": 4,
                            "Actual Startup Time": 0.013,
                            "Actual Total Time": 117.903,
                            "Actual Rows": 1264156,
                            "Actual Loops": 2
                          },
                          {
                            "Node Type": "Hash",
                            "Parent Relationship": "Inner",
                            "Parallel Aware": true,
                            "Startup Cost": 38542.14,
                            "Total Cost": 38542.14,
                            "Plan Rows": 194259,
                            "Plan Width": 4,
                            "Actual Startup Time": 128.222,
                            "Actual Total Time": 128.224,
                            "Actual Rows": 91182,
                            "Actual Loops": 2,
                            "Hash Buckets": 524288,
                            "Original Hash Buckets": 524288,
                            "Hash Batches": 1,
                            "Original Hash Batches": 1,
                            "Peak Memory Usage": 11264,
                            "Plans": [
                              {
                                "Node Type": "Bitmap Heap Scan",
                                "Parent Relationship": "Outer",
                                "Parallel Aware": true,
                                "Relation Name": "movie_companies",
                                "Alias": "mc",
                                "Startup Cost": 14013.14,
                                "Total Cost": 38542.14,
                                "Plan Rows": 194259,
                                "Plan Width": 4,
                                "Actual Startup Time": 82.897,
                                "Actual Total Time": 106.102,
                                "Actual Rows": 91182,
                                "Actual Loops": 2,
                                "Recheck Cond": "(company_id < 874)",
                                "Rows Removed by Index Recheck": 0,
                                "Filter": "(company_type_id > 1)",
                                "Rows Removed by Filter": 233146,
                                "Exact Heap Blocks": 12815,
                                "Lossy Heap Blocks": 0,
                                "Plans": [
                                  {
                                    "Node Type": "Bitmap Index Scan",
                                    "Parent Relationship": "Outer",
                                    "Parallel Aware": false,
                                    "Index Name": "company_id_movie_companies",
                                    "Startup Cost": 0.0,
                                    "Total Cost": 13930.58,
                                    "Plan Rows": 650420,
                                    "Plan Width": 0,
                                    "Actual Startup Time": 34.363,
                                    "Actual Total Time": 34.363,
                                    "Actual Rows": 648656,
                                    "Actual Loops": 1,
                                    "Index Cond": "(company_id < 874)"
                                  }
                                ]
                              }
                            ]
                          }
                        ]
                      }
                    ]
                  }
                ]
              }
            ]
          }
        ]
      }
    ]
  },
  "Planning Time": 0.746,
  "Triggers": [],
  "Execution Time": 709.994
}