[
  {
    "Plan": {
      "Node Type": "Aggregate",
      "Strategy": "Plain",
      "Partial Mode": "Finalize",
      "Parallel Aware": false,
      "Startup Cost": 71370.14,
      "Total Cost": 71370.15,
      "Plan Rows": 1,
      "Plan Width": 8,
      "Actual Startup Time": 112.488,
      "Actual Total Time": 118.143,
      "Actual Rows": 1,
      "Actual Loops": 1,
      "Plans": [
        {
          "Node Type": "Gather",
          "Parent Relationship": "Outer",
          "Parallel Aware": false,
          "Startup Cost": 71369.72,
          "Total Cost": 71370.13,
          "Plan Rows": 4,
          "Plan Width": 8,
          "Actual Startup Time": 111.74,
          "Actual Total Time": 118.138,
          "Actual Rows": 5,
          "Actual Loops": 1,
          "Workers Planned": 4,
          "Workers Launched": 4,
          "Single Copy": false,
          "Plans": [
            {
              "Node Type": "Aggregate",
              "Strategy": "Plain",
              "Partial Mode": "Partial",
              "Parent Relationship": "Outer",
              "Parallel Aware": false,
              "Startup Cost": 70369.72,
              "Total Cost": 70369.73,
              "Plan Rows": 1,
              "Plan Width": 8,
              "Actual Startup Time": 106.924,
              "Actual Total Time": 106.927,
              "Actual Rows": 1,
              "Actual Loops": 5,
              "Plans": [
                {
                  "Node Type": "Hash Join",
                  "Parent Relationship": "Outer",
                  "Parallel Aware": true,
                  "Join Type": "Inner",
                  "Startup Cost": 38873.19,
                  "Total Cost": 70336.82,
                  "Plan Rows": 13158,
                  "Plan Width": 0,
                  "Actual Startup Time": 41.777,
                  "Actual Total Time": 106.415,
                  "Actual Rows": 10174,
                  "Actual Loops": 5,
                  "Inner Unique": true,
                  "Hash Cond": "(ci.movie_id = t.id)",
                  "Plans": [
                    {
                      "Node Type": "Index Scan",
                      "Parent Relationship": "Outer",
                      "Parallel Aware": true,
                      "Scan Direction": "Forward",
                      "Index Name": "role_id_cast_info",
                      "Relation Name": "cast_info",
                      "Alias": "ci",
                      "Startup Cost": 0.56,
                      "Total Cost": 30725.09,
                      "Plan Rows": 281563,
                      "Plan Width": 4,
                      "Actual Startup Time": 0.219,
                      "Actual Total Time": 31.992,
                      "Actual Rows": 218712,
                      "Actual Loops": 5,
                      "Index Cond": "(role_id = 9)",
                      "Rows Removed by Index Recheck": 0
                    },
                    {
                      "Node Type": "Hash",
                      "Parent Relationship": "Inner",
                      "Parallel Aware": true,
                      "Startup Cost": 38503.39,
                      "Total Cost": 38503.39,
                      "Plan Rows": 29539,
                      "Plan Width": 4,
                      "Actual Startup Time": 40.846,
                      "Actual Total Time": 40.847,
                      "Actual Rows": 23647,
                      "Actual Loops": 5,
                      "Hash Buckets": 131072,
                      "Original Hash Buckets": 131072,
                      "Hash Batches": 1,
                      "Original Hash Batches": 1,
                      "Peak Memory Usage": 5728,
                      "Plans": [
                        {
                          "Node Type": "Bitmap Heap Scan",
                          "Parent Relationship": "Outer",
                          "Parallel Aware": true,
                          "Relation Name": "title",
                          "Alias": "t",
                          "Startup Cost": 2136.15,
                          "Total Cost": 38503.39,
                          "Plan Rows": 29539,
                          "Plan Width": 4,
                          "Actual Startup Time": 7.732,
                          "Actual Total Time": 32.748,
                          "Actual Rows": 23647,
                          "Actual Loops": 5,
                          "Recheck Cond": "(kind_id = 4)",
                          "Rows Removed by Index Recheck": 0,
                          "Exact Heap Blocks": 5007,
                          "Lossy Heap Blocks": 0,
                          "Plans": [
                            {
                              "Node Type": "Bitmap Index Scan",
                              "Parent Relationship": "Outer",
                              "Parallel Aware": false,
                              "Index Name": "kind_id_title",
                              "Startup Cost": 0.0,
                              "Total Cost": 2106.61,
                              "Plan Rows": 118157,
                              "Plan Width": 0,
                              "Actual Startup Time": 8.017,
                              "Actual Total Time": 8.017,
                              "Actual Rows": 118234,
                              "Actual Loops": 1,
                              "Index Cond": "(kind_id = 4)"
                            }
                          ]
                        }
                      ]
                    }
                  ]
                }
              ]
            }
          ]
        }
      ]
    },
    "Planning Time": 0.256,
    "Triggers": [],
    "Execution Time": 118.184
  }
]