[
  {
    "Plan": {
      "Node Type": "Aggregate",
      "Strategy": "Plain",
      "Partial Mode": "Finalize",
      "Parallel Aware": false,
      "Startup Cost": 45019.66,
      "Total Cost": 45019.67,
      "Plan Rows": 1,
      "Plan Width": 8,
      "Actual Startup Time": 136.208,
      "Actual Total Time": 142.994,
      "Actual Rows": 1,
      "Actual Loops": 1,
      "Plans": [
        {
          "Node Type": "Gather",
          "Parent Relationship": "Outer",
          "Parallel Aware": false,
          "Startup Cost": 45019.34,
          "Total Cost": 45019.65,
          "Plan Rows": 3,
          "Plan Width": 8,
          "Actual Startup Time": 136.067,
          "Actual Total Time": 142.985,
          "Actual Rows": 4,
          "Actual Loops": 1,
          "Workers Planned": 3,
          "Workers Launched": 3,
          "Single Copy": false,
          "Plans": [
            {
              "Node Type": "Aggregate",
              "Strategy": "Plain",
              "Partial Mode": "Partial",
              "Parent Relationship": "Outer",
              "Parallel Aware": false,
              "Startup Cost": 44019.34,
              "Total Cost": 44019.35,
              "Plan Rows": 1,
              "Plan Width": 8,
              "Actual Startup Time": 130.861,
              "Actual Total Time": 130.862,
              "Actual Rows": 1,
              "Actual Loops": 4,
              "Plans": [
                {
                  "Node Type": "Seq Scan",
                  "Parent Relationship": "Outer",
                  "Parallel Aware": true,
                  "Relation Name": "movie_keyword",
                  "Alias": "mk",
                  "Startup Cost": 0.0,
                  "Total Cost": 42695.65,
                  "Plan Rows": 529476,
                  "Plan Width": 0,
                  "Actual Startup Time": 0.627,
                  "Actual Total Time": 109.366,
                  "Actual Rows": 406928,
                  "Actual Loops": 4,
                  "Filter": "(keyword_id > 9159)",
                  "Rows Removed by Filter": 724055
                }
              ]
            }
          ]
        }
      ]
    },
    "Planning Time": 0.092,
    "Triggers": [],
    "Execution Time": 143.033
  }
]