[
  {
    "Plan": {
      "Node Type": "Aggregate",
      "Strategy": "Plain",
      "Partial Mode": "Finalize",
      "Parallel Aware": false,
      "Startup Cost": 76042.87,
      "Total Cost": 76042.88,
      "Plan Rows": 1,
      "Plan Width": 8,
      "Actual Startup Time": 221.806,
      "Actual Total Time": 237.771,
      "Actual Rows": 1,
      "Actual Loops": 1,
      "Plans": [
        {
          "Node Type": "Gather",
          "Parent Relationship": "Outer",
          "Parallel Aware": false,
          "Startup Cost": 76042.56,
          "Total Cost": 76042.87,
          "Plan Rows": 3,
          "Plan Width": 8,
          "Actual Startup Time": 221.473,
          "Actual Total Time": 237.763,
          "Actual Rows": 4,
          "Actual Loops": 1,
          "Workers Planned": 3,
          "Workers Launched": 3,
          "Single Copy": false,
          "Plans": [
            {
              "Node Type": "Aggregate",
              "Strategy": "Plain",
              "Partial Mode": "Partial",
              "Parent Relationship": "Outer",
              "Parallel Aware": false,
              "Startup Cost": 75042.56,
              "Total Cost": 75042.57,
              "Plan Rows": 1,
              "Plan Width": 8,
              "Actual Startup Time": 217.95,
              "Actual Total Time": 217.953,
              "Actual Rows": 1,
              "Actual Loops": 4,
              "Plans": [
                {
                  "Node Type": "Hash Join",
                  "Parent Relationship": "Outer",
                  "Parallel Aware": true,
                  "Join Type": "Inner",
                  "Startup Cost": 45595.74,
                  "Total Cost": 75011.63,
                  "Plan Rows": 12372,
                  "Plan Width": 0,
                  "Actual Startup Time": 114.205,
                  "Actual Total Time": 217.277,
                  "Actual Rows": 12053,
                  "Actual Loops": 4,
                  "Inner Unique": true,
                  "Hash Cond": "(mc.movie_id = t.id)",
                  "Plans": [
                    {
                      "Node Type": "Seq Scan",
                      "Parent Relationship": "Outer",
                      "Parallel Aware": true,
                      "Relation Name": "movie_companies",
                      "Alias": "mc",
                      "Startup Cost": 0.0,
                      "Total Cost": 27206.55,
                      "Plan Rows": 841655,
                      "Plan Width": 4,
                      "Actual Startup Time": 0.012,
                      "Actual Total Time": 60.458,
                      "Actual Rows": 652282,
                      "Actual Loops": 4
                    },
                    {
                      "Node Type": "Hash",
                      "Parent Relationship": "Inner",
                      "Parallel Aware": true,
                      "Startup Cost": 45479.59,
                      "Total Cost": 45479.59,
                      "Plan Rows": 9292,
                      "Plan Width": 4,
                      "Actual Startup Time": 91.383,
                      "Actual Total Time": 91.384,
                      "Actual Rows": 8298,
                      "Actual Loops": 4,
                      "Hash Buckets": 65536,
                      "Original Hash Buckets": 65536,
                      "Hash Batches": 1,
                      "Original Hash Batches": 1,
                      "Peak Memory Usage": 1888,
                      "Plans": [
                        {
                          "Node Type": "Seq Scan",
                          "Parent Relationship": "Outer",
                          "Parallel Aware": true,
                          "Relation Name": "title",
                          "Alias": "t",
                          "Startup Cost": 0.0,
                          "Total Cost": 45479.59,
                          "Plan Rows": 9292,
                          "Plan Width": 4,
                          "Actual Startup Time": 53.212,
                          "Actual Total Time": 88.283,
                          "Actual Rows": 8298,
                          "Actual Loops": 4,
                          "Filter": "((kind_id = 1) AND (production_year = 2010))",
                          "Rows Removed by Filter": 623780
                        }
                      ]
                    }
                  ]
                }
              ]
            }
          ]
        }
      ]
    },
    "Planning Time": 0.262,
    "Triggers": [],
    "Execution Time": 237.816
  }
]