{
  "Plan": {
    "Node Type": "Aggregate",
    "Strategy": "Plain",
    "Partial Mode": "Finalize",
    "Parallel Aware": false,
    "Startup Cost": 83632.77,
    "Total Cost": 83632.78,
    "Plan Rows": 1,
    "Plan Width": 8,
    "Actual Startup Time": 313.138,
    "Actual Total Time": 322.336,
    "Actual Rows": 1,
    "Actual Loops": 1,
    "Plans": [
      {
        "Node Type": "Gather",
        "Parent Relationship": "Outer",
        "Parallel Aware": false,
        "Startup Cost": 83632.66,
        "Total Cost": 83632.77,
        "Plan Rows": 1,
        "Plan Width": 8,
        "Actual Startup Time": 312.683,
        "Actual Total Time": 322.328,
        "Actual Rows": 2,
        "Actual Loops": 1,
        "Workers Planned": 1,
        "Workers Launched": 1,
        "Single Copy": false,
        "Plans": [
          {
            "Node Type": "Aggregate",
            "Strategy": "Plain",
            "Partial Mode": "Partial",
            "Parent Relationship": "Outer",
            "Parallel Aware": false,
            "Startup Cost": 82632.66,
            "Total Cost": 82632.67,
            "Plan Rows": 1,
            "Plan Width": 8,
            "Actual Startup Time": 306.811,
            "Actual Total Time": 306.815,
            "Actual Rows": 1,
            "Actual Loops": 2,
            "Plans": [
              {
                "Node Type": "Hash Join",
                "Parent Relationship": "Outer",
                "Parallel Aware": true,
                "Join Type": "Inner",
                "Startup Cost": 22215.92,
                "Total Cost": 82557.73,
                "Plan Rows": 29972,
                "Plan Width": 0,
                "Actual Startup Time": 215.116,
                "Actual Total Time": 304.792,
                "Actual Rows": 47474,
                "Actual Loops": 2,
                "Inner Unique": false,
                "Hash Cond": "(t.id = mc.movie_id)",
                "Plans": [
                  {
                    "Node Type": "Seq Scan",
                    "Parent Relationship": "Outer",
                    "Parallel Aware": true,
                    "Relation Name": "title",
                    "Alias": "t",
                    "Startup Cost": 0.0,
                    "Total Cost": 50870.31,
                    "Plan Rows": 1487231,
                    "Plan Width": 4,
                    "Actual Startup Time": 0.015,
                    "Actual Total Time": 111.143,
                    "Actual Rows": 1264156,
                    "Actual Loops": 2
                  },
                  {
                    "Node Type": "Hash",
                    "Parent Relationship": "Inner",
                    "Parallel Aware": true,
                    "Startup Cost": 21841.27,
                    "Total Cost": 21841.27,
                    "Plan Rows": 29972,
                    "Plan Width": 4,
                    "Actual Startup Time": 47.007,
                    "Actual Total Time": 47.008,
                    "Actual Rows": 47474,
                    "Actual Loops": 2,
                    "Hash Buckets": 131072,
                    "Original Hash Buckets": 65536,
                    "Hash Batches": 1,
                    "Original Hash Batches": 1,
                    "Peak Memory Usage": 5280,
                    "Plans": [
                      {
                        "Node Type": "Bitmap Heap Scan",
                        "Parent Relationship": "Outer",
                        "Parallel Aware": true,
                        "Relation Name": "movie_companies",
                        "Alias": "mc",
                        "Startup Cost": 2165.81,
                        "Total Cost": 21841.27,
                        "Plan Rows": 29972,
                        "Plan Width": 4,
                        "Actual Startup Time": 8.894,
                        "Actual Total Time": 30.897,
                        "Actual Rows": 47474,
                        "Actual Loops": 2,
                        "Recheck Cond": "(company_id > 160620)",
                        "Rows Removed by Index Recheck": 0,
                        "Filter": "(company_type_id = 2)",
                        "Rows Removed by Filter": 0,
                        "Exact Heap Blocks": 2157,
                        "Lossy Heap Blocks": 0,
                        "Plans": [
                          {
                            "Node Type": "Bitmap Index Scan",
                            "Parent Relationship": "Outer",
                            "Parallel Aware": false,
                            "Index Name": "company_id_movie_companies",
                            "Startup Cost": 0.0,
                            "Total Cost": 2153.07,
                            "Plan Rows": 100352,
                            "Plan Width": 0,
                            "Actual Startup Time": 12.31,
                            "Actual Total Time": 12.31,
                            "Actual Rows": 94949,
                            "Actual Loops": 1,
                            "Index Cond": "(company_id > 160620)"
                          }
                        ]
                      }
                    ]
                  }
                ]
              }
            ]
          }
        ]
      }
    ]
  },
  "Planning Time": 0.467,
  "Triggers": [],
  "Execution Time": 322.428
}