[
  {
    "Plan": {
      "Node Type": "Aggregate",
      "Strategy": "Plain",
      "Partial Mode": "Finalize",
      "Parallel Aware": false,
      "Startup Cost": 195347.57,
      "Total Cost": 195347.58,
      "Plan Rows": 1,
      "Plan Width": 8,
      "Actual Startup Time": 1213.162,
      "Actual Total Time": 1257.018,
      "Actual Rows": 1,
      "Actual Loops": 1,
      "Plans": [
        {
          "Node Type": "Gather",
          "Parent Relationship": "Outer",
          "Parallel Aware": false,
          "Startup Cost": 195347.26,
          "Total Cost": 195347.57,
          "Plan Rows": 3,
          "Plan Width": 8,
          "Actual Startup Time": 1212.386,
          "Actual Total Time": 1257.006,
          "Actual Rows": 4,
          "Actual Loops": 1,
          "Workers Planned": 3,
          "Workers Launched": 3,
          "Single Copy": false,
          "Plans": [
            {
              "Node Type": "Aggregate",
              "Strategy": "Plain",
              "Partial Mode": "Partial",
              "Parent Relationship": "Outer",
              "Parallel Aware": false,
              "Startup Cost": 194347.26,
              "Total Cost": 194347.27,
              "Plan Rows": 1,
              "Plan Width": 8,
              "Actual Startup Time": 1203.108,
              "Actual Total Time": 1203.111,
              "Actual Rows": 1,
              "Actual Loops": 4,
              "Plans": [
                {
                  "Node Type": "Nested Loop",
                  "Parent Relationship": "Outer",
                  "Parallel Aware": false,
                  "Join Type": "Inner",
                  "Startup Cost": 45843.98,
                  "Total Cost": 194148.74,
                  "Plan Rows": 79405,
                  "Plan Width": 0,
                  "Actual Startup Time": 121.993,
                  "Actual Total Time": 1166.87,
                  "Actual Rows": 616250,
                  "Actual Loops": 4,
                  "Inner Unique": false,
                  "Join Filter": "(t.id = mi.movie_id)",
                  "Rows Removed by Join Filter": 0,
                  "Plans": [
                    {
                      "Node Type": "Hash Join",
                      "Parent Relationship": "Outer",
                      "Parallel Aware": true,
                      "Join Type": "Inner",
                      "Startup Cost": 45843.55,
                      "Total Cost": 88721.63,
                      "Plan Rows": 67316,
                      "Plan Width": 8,
                      "Actual Startup Time": 121.672,
                      "Actual Total Time": 352.596,
                      "Actual Rows": 44529,
                      "Actual Loops": 4,
                      "Inner Unique": true,
                      "Hash Cond": "(mk.movie_id = t.id)",
                      "Plans": [
                        {
                          "Node Type": "Seq Scan",
                          "Parent Relationship": "Outer",
                          "Parallel Aware": true,
                          "Relation Name": "movie_keyword",
                          "Alias": "mk",
                          "Startup Cost": 0.0,
                          "Total Cost": 39047.32,
                          "Plan Rows": 1459332,
                          "Plan Width": 4,
                          "Actual Startup Time": 0.037,
                          "Actual Total Time": 105.129,
                          "Actual Rows": 1130982,
                          "Actual Loops": 4
                        },
                        {
                          "Node Type": "Hash",
                          "Parent Relationship": "Inner",
                          "Parallel Aware": true,
                          "Startup Cost": 45479.1,
                          "Total Cost": 45479.1,
                          "Plan Rows": 29156,
                          "Plan Width": 4,
                          "Actual Startup Time": 119.687,
                          "Actual Total Time": 119.688,
                          "Actual Rows": 28049,
                          "Actual Loops": 4,
                          "Hash Buckets": 131072,
                          "Original Hash Buckets": 131072,
                          "Hash Batches": 1,
                          "Original Hash Batches": 1,
                          "Peak Memory Usage": 5472,
                          "Plans": [
                            {
                              "Node Type": "Seq Scan",
                              "Parent Relationship": "Outer",
                              "Parallel Aware": true,
                              "Relation Name": "title",
                              "Alias": "t",
                              "Startup Cost": 0.0,
                              "Total Cost": 45479.1,
                              "Plan Rows": 29156,
                              "Plan Width": 4,
                              "Actual Startup Time": 0.092,
                              "Actual Total Time": 109.031,
                              "Actual Rows": 28049,
                              "Actual Loops": 4,
                              "Filter": "((kind_id < 3) AND (production_year > 2010))",
                              "Rows Removed by Filter": 604029
                            }
                          ]
                        }
                      ]
                    },
                    {
                      "Node Type": "Index Scan",
                      "Parent Relationship": "Inner",
                      "Parallel Aware": false,
                      "Scan Direction": "Forward",
                      "Index Name": "movie_id_movie_info",
                      "Relation Name": "movie_info",
                      "Alias": "mi",
                      "Startup Cost": 0.43,
                      "Total Cost": 1.47,
                      "Plan Rows": 8,
                      "Plan Width": 4,
                      "Actual Startup Time": 0.006,
                      "Actual Total Time": 0.017,
                      "Actual Rows": 14,
                      "Actual Loops": 178116,
                      "Index Cond": "(movie_id = mk.movie_id)",
                      "Rows Removed by Index Recheck": 0,
                      "Filter": "(info_type_id = 16)",
                      "Rows Removed by Filter": 47
                    }
                  ]
                }
              ]
            }
          ]
        }
      ]
    },
    "Planning Time": 1.431,
    "Triggers": [],
    "Execution Time": 1257.118
  }
]