[
  {
    "Plan": {
      "Node Type": "Aggregate",
      "Strategy": "Plain",
      "Partial Mode": "Finalize",
      "Parallel Aware": false,
      "Startup Cost": 346824.34,
      "Total Cost": 346824.35,
      "Plan Rows": 1,
      "Plan Width": 8,
      "Actual Startup Time": 734.977,
      "Actual Total Time": 795.307,
      "Actual Rows": 1,
      "Actual Loops": 1,
      "Plans": [
        {
          "Node Type": "Gather",
          "Parent Relationship": "Outer",
          "Parallel Aware": false,
          "Startup Cost": 346823.71,
          "Total Cost": 346824.32,
          "Plan Rows": 6,
          "Plan Width": 8,
          "Actual Startup Time": 734.722,
          "Actual Total Time": 795.29,
          "Actual Rows": 7,
          "Actual Loops": 1,
          "Workers Planned": 6,
          "Workers Launched": 6,
          "Single Copy": false,
          "Plans": [
            {
              "Node Type": "Aggregate",
              "Strategy": "Plain",
              "Partial Mode": "Partial",
              "Parent Relationship": "Outer",
              "Parallel Aware": false,
              "Startup Cost": 345823.71,
              "Total Cost": 345823.72,
              "Plan Rows": 1,
              "Plan Width": 8,
              "Actual Startup Time": 722.716,
              "Actual Total Time": 722.718,
              "Actual Rows": 1,
              "Actual Loops": 7,
              "Plans": [
                {
                  "Node Type": "Index Scan",
                  "Parent Relationship": "Outer",
                  "Parallel Aware": true,
                  "Scan Direction": "Forward",
                  "Index Name": "role_id_cast_info",
                  "Relation Name": "cast_info",
                  "Alias": "ci",
                  "Startup Cost": 0.56,
                  "Total Cost": 341155.22,
                  "Plan Rows": 1867398,
                  "Plan Width": 0,
                  "Actual Startup Time": 168.574,
                  "Actual Total Time": 626.327,
                  "Actual Rows": 1352583,
                  "Actual Loops": 7,
                  "Index Cond": "(role_id = 1)",
                  "Rows Removed by Index Recheck": 0,
                  "Filter": "(person_id > 428577)",
                  "Rows Removed by Filter": 457516
                }
              ]
            }
          ]
        }
      ]
    },
    "Planning Time": 0.275,
    "Triggers": [],
    "Execution Time": 795.377
  }
]