[
  {
    "Plan": {
      "Node Type": "Aggregate",
      "Strategy": "Plain",
      "Partial Mode": "Finalize",
      "Parallel Aware": false,
      "Startup Cost": 90169.72,
      "Total Cost": 90169.73,
      "Plan Rows": 1,
      "Plan Width": 8,
      "Actual Startup Time": 356.099,
      "Actual Total Time": 375.952,
      "Actual Rows": 1,
      "Actual Loops": 1,
      "Plans": [
        {
          "Node Type": "Gather",
          "Parent Relationship": "Outer",
          "Parallel Aware": false,
          "Startup Cost": 90169.4,
          "Total Cost": 90169.71,
          "Plan Rows": 3,
          "Plan Width": 8,
          "Actual Startup Time": 354.819,
          "Actual Total Time": 375.943,
          "Actual Rows": 4,
          "Actual Loops": 1,
          "Workers Planned": 3,
          "Workers Launched": 3,
          "Single Copy": false,
          "Plans": [
            {
              "Node Type": "Aggregate",
              "Strategy": "Plain",
              "Partial Mode": "Partial",
              "Parent Relationship": "Outer",
              "Parallel Aware": false,
              "Startup Cost": 89169.4,
              "Total Cost": 89169.41,
              "Plan Rows": 1,
              "Plan Width": 8,
              "Actual Startup Time": 346.412,
              "Actual Total Time": 346.415,
              "Actual Rows": 1,
              "Actual Loops": 4,
              "Plans": [
                {
                  "Node Type": "Hash Join",
                  "Parent Relationship": "Outer",
                  "Parallel Aware": true,
                  "Join Type": "Inner",
                  "Startup Cost": 46034.75,
                  "Total Cost": 88912.83,
                  "Plan Rows": 102630,
                  "Plan Width": 0,
                  "Actual Startup Time": 164.634,
                  "Actual Total Time": 332.553,
                  "Actual Rows": 344120,
                  "Actual Loops": 4,
                  "Inner Unique": true,
                  "Hash Cond": "(mk.movie_id = t.id)",
                  "Plans": [
                    {
                      "Node Type": "Seq Scan",
                      "Parent Relationship": "Outer",
                      "Parallel Aware": true,
                      "Relation Name": "movie_keyword",
                      "Alias": "mk",
                      "Startup Cost": 0.0,
                      "Total Cost": 39047.32,
                      "Plan Rows": 1459332,
                      "Plan Width": 4,
                      "Actual Startup Time": 0.022,
                      "Actual Total Time": 85.771,
                      "Actual Rows": 1130982,
                      "Actual Loops": 4
                    },
                    {
                      "Node Type": "Hash",
                      "Parent Relationship": "Inner",
                      "Parallel Aware": true,
                      "Startup Cost": 45479.1,
                      "Total Cost": 45479.1,
                      "Plan Rows": 44452,
                      "Plan Width": 4,
                      "Actual Startup Time": 127.161,
                      "Actual Total Time": 127.162,
                      "Actual Rows": 78891,
                      "Actual Loops": 4,
                      "Hash Buckets": 524288,
                      "Original Hash Buckets": 262144,
                      "Hash Batches": 1,
                      "Original Hash Batches": 1,
                      "Peak Memory Usage": 18560,
                      "Plans": [
                        {
                          "Node Type": "Seq Scan",
                          "Parent Relationship": "Outer",
                          "Parallel Aware": true,
                          "Relation Name": "title",
                          "Alias": "t",
                          "Startup Cost": 0.0,
                          "Total Cost": 45479.1,
                          "Plan Rows": 44452,
                          "Plan Width": 4,
                          "Actual Startup Time": 58.821,
                          "Actual Total Time": 97.404,
                          "Actual Rows": 78891,
                          "Actual Loops": 4,
                          "Filter": "((production_year < 1990) AND (kind_id = 1))",
                          "Rows Removed by Filter": 553187
                        }
                      ]
                    }
                  ]
                }
              ]
            }
          ]
        }
      ]
    },
    "Planning Time": 0.6,
    "Triggers": [],
    "Execution Time": 376.033
  }
]