[
  {
    "Plan": {
      "Node Type": "Aggregate",
      "Strategy": "Plain",
      "Partial Mode": "Finalize",
      "Parallel Aware": false,
      "Startup Cost": 95118.04,
      "Total Cost": 95118.05,
      "Plan Rows": 1,
      "Plan Width": 8,
      "Actual Startup Time": 480.87,
      "Actual Total Time": 499.541,
      "Actual Rows": 1,
      "Actual Loops": 1,
      "Plans": [
        {
          "Node Type": "Gather",
          "Parent Relationship": "Outer",
          "Parallel Aware": false,
          "Startup Cost": 95117.73,
          "Total Cost": 95118.04,
          "Plan Rows": 3,
          "Plan Width": 8,
          "Actual Startup Time": 475.444,
          "Actual Total Time": 499.529,
          "Actual Rows": 4,
          "Actual Loops": 1,
          "Workers Planned": 3,
          "Workers Launched": 3,
          "Single Copy": false,
          "Plans": [
            {
              "Node Type": "Aggregate",
              "Strategy": "Plain",
              "Partial Mode": "Partial",
              "Parent Relationship": "Outer",
              "Parallel Aware": false,
              "Startup Cost": 94117.73,
              "Total Cost": 94117.74,
              "Plan Rows": 1,
              "Plan Width": 8,
              "Actual Startup Time": 469.324,
              "Actual Total Time": 469.532,
              "Actual Rows": 1,
              "Actual Loops": 4,
              "Plans": [
                {
                  "Node Type": "Hash Join",
                  "Parent Relationship": "Outer",
                  "Parallel Aware": true,
                  "Join Type": "Inner",
                  "Startup Cost": 48542.12,
                  "Total Cost": 93341.25,
                  "Plan Rows": 310591,
                  "Plan Width": 0,
                  "Actual Startup Time": 254.155,
                  "Actual Total Time": 463.478,
                  "Actual Rows": 116972,
                  "Actual Loops": 4,
                  "Inner Unique": true,
                  "Hash Cond": "(mk.movie_id = t.id)",
                  "Plans": [
                    {
                      "Node Type": "Seq Scan",
                      "Parent Relationship": "Outer",
                      "Parallel Aware": true,
                      "Relation Name": "movie_keyword",
                      "Alias": "mk",
                      "Startup Cost": 0.0,
                      "Total Cost": 42695.65,
                      "Plan Rows": 801323,
                      "Plan Width": 4,
                      "Actual Startup Time": 0.296,
                      "Actual Total Time": 129.787,
                      "Actual Rows": 619304,
                      "Actual Loops": 4,
                      "Filter": "(keyword_id > 3654)",
                      "Rows Removed by Filter": 511679
                    },
                    {
                      "Node Type": "Hash",
                      "Parent Relationship": "Inner",
                      "Parallel Aware": true,
                      "Startup Cost": 45479.59,
                      "Total Cost": 45479.59,
                      "Plan Rows": 245003,
                      "Plan Width": 4,
                      "Actual Startup Time": 249.333,
                      "Actual Total Time": 249.334,
                      "Actual Rows": 264397,
                      "Actual Loops": 4,
                      "Hash Buckets": 2097152,
                      "Original Hash Buckets": 1048576,
                      "Hash Batches": 1,
                      "Original Hash Batches": 1,
                      "Peak Memory Usage": 65984,
                      "Plans": [
                        {
                          "Node Type": "Seq Scan",
                          "Parent Relationship": "Outer",
                          "Parallel Aware": true,
                          "Relation Name": "title",
                          "Alias": "t",
                          "Startup Cost": 0.0,
                          "Total Cost": 45479.59,
                          "Plan Rows": 245003,
                          "Plan Width": 4,
                          "Actual Startup Time": 0.023,
                          "Actual Total Time": 113.452,
                          "Actual Rows": 264397,
                          "Actual Loops": 4,
                          "Filter": "((kind_id > 1) AND (production_year > 2001))",
                          "Rows Removed by Filter": 367681
                        }
                      ]
                    }
                  ]
                }
              ]
            }
          ]
        }
      ]
    },
    "Planning Time": 0.499,
    "Triggers": [],
    "Execution Time": 499.608
  }
]