{
  "Plan": {
    "Node Type": "Aggregate",
    "Strategy": "Plain",
    "Partial Mode": "Finalize",
    "Parallel Aware": false,
    "Startup Cost": 125341.72,
    "Total Cost": 125341.73,
    "Plan Rows": 1,
    "Plan Width": 8,
    "Actual Startup Time": 487.92,
    "Actual Total Time": 501.081,
    "Actual Rows": 1,
    "Actual Loops": 1,
    "Plans": [
      {
        "Node Type": "Gather",
        "Parent Relationship": "Outer",
        "Parallel Aware": false,
        "Startup Cost": 125341.61,
        "Total Cost": 125341.72,
        "Plan Rows": 1,
        "Plan Width": 8,
        "Actual Startup Time": 486.919,
        "Actual Total Time": 501.072,
        "Actual Rows": 2,
        "Actual Loops": 1,
        "Workers Planned": 1,
        "Workers Launched": 1,
        "Single Copy": false,
        "Plans": [
          {
            "Node Type": "Aggregate",
            "Strategy": "Plain",
            "Partial Mode": "Partial",
            "Parent Relationship": "Outer",
            "Parallel Aware": false,
            "Startup Cost": 124341.61,
            "Total Cost": 124341.62,
            "Plan Rows": 1,
            "Plan Width": 8,
            "Actual Startup Time": 483.349,
            "Actual Total Time": 483.356,
            "Actual Rows": 1,
            "Actual Loops": 2,
            "Plans": [
              {
                "Node Type": "Hash Join",
                "Parent Relationship": "Outer",
                "Parallel Aware": true,
                "Join Type": "Inner",
                "Startup Cost": 103966.77,
                "Total Cost": 124262.52,
                "Plan Rows": 31637,
                "Plan Width": 0,
                "Actual Startup Time": 383.346,
                "Actual Total Time": 481.047,
                "Actual Rows": 54700,
                "Actual Loops": 2,
                "Inner Unique": false,
                "Hash Cond": "(mi_idx.movie_id = t.id)",
                "Plans": [
                  {
                    "Node Type": "Seq Scan",
                    "Parent Relationship": "Outer",
                    "Parallel Aware": true,
                    "Relation Name": "movie_info_idx",
                    "Alias": "mi_idx",
                    "Startup Cost": 0.0,
                    "Total Cost": 18082.32,
                    "Plan Rows": 540622,
                    "Plan Width": 4,
                    "Actual Startup Time": 0.027,
                    "Actual Total Time": 54.943,
                    "Actual Rows": 459925,
                    "Actual Loops": 2,
                    "Filter": "(info_type_id < 101)",
                    "Rows Removed by Filter": 230092
                  },
                  {
                    "Node Type": "Hash",
                    "Parent Relationship": "Inner",
                    "Parallel Aware": true,
                    "Startup Cost": 102878.86,
                    "Total Cost": 102878.86,
                    "Plan Rows": 87033,
                    "Plan Width": 8,
                    "Actual Startup Time": 379.801,
                    "Actual Total Time": 379.805,
                    "Actual Rows": 51867,
                    "Actual Loops": 2,
                    "Hash Buckets": 262144,
                    "Original Hash Buckets": 262144,
                    "Hash Batches": 1,
                    "Original Hash Batches": 1,
                    "Peak Memory Usage": 6144,
                    "Plans": [
                      {
                        "Node Type": "Hash Join",
                        "Parent Relationship": "Outer",
                        "Parallel Aware": true,
                        "Join Type": "Inner",
                        "Startup Cost": 44133.55,
                        "Total Cost": 102878.86,
                        "Plan Rows": 87033,
                        "Plan Width": 8,
                        "Actual Startup Time": 162.381,
                        "Actual Total Time": 365.075,
                        "Actual Rows": 51867,
                        "Actual Loops": 2,
                        "Inner Unique": false,
                        "Hash Cond": "(t.id = mc.movie_id)",
                        "Plans": [
                          {
                            "Node Type": "Seq Scan",
                            "Parent Relationship": "Outer",
                            "Parallel Aware": true,
                            "Relation Name": "title",
                            "Alias": "t",
                            "Startup Cost": 0.0,
                            "Total Cost": 54588.39,
                            "Plan Rows": 583193,
                            "Plan Width": 4,
                            "Actual Startup Time": 0.012,
                            "Actual Total Time": 123.109,
                            "Actual Rows": 492524,
                            "Actual Loops": 2,
                            "Filter": "(kind_id < 7)",
                            "Rows Removed by Filter": 771632
                          },
                          {
                            "Node Type": "Hash",
                            "Parent Relationship": "Inner",
                            "Parallel Aware": true,
                            "Startup Cost": 41359.21,
                            "Total Cost": 41359.21,
                            "Plan Rows": 221947,
                            "Plan Width": 4,
                            "Actual Startup Time": 158.631,
                            "Actual Total Time": 158.633,
                            "Actual Rows": 109093,
                            "Actual Loops": 2,
                            "Hash Buckets": 524288,
                            "Original Hash Buckets": 524288,
                            "Hash Batches": 1,
                            "Original Hash Batches": 1,
                            "Peak Memory Usage": 12640,
                            "Plans": [
                              {
                                "Node Type": "Bitmap Heap Scan",
                                "Parent Relationship": "Outer",
                                "Parallel Aware": true,
                                "Relation Name": "movie_companies",
                                "Alias": "mc",
                                "Startup Cost": 16012.21,
                                "Total Cost": 41359.21,
                                "Plan Rows": 221947,
                                "Plan Width": 4,
                                "Actual Startup Time": 107.913,
                                "Actual Total Time": 132.583,
                                "Actual Rows": 109093,
                                "Actual Loops": 2,
                                "Recheck Cond": "(company_id < 1451)",
                                "Rows Removed by Index Recheck": 0,
                                "Filter": "(company_type_id = 2)",
                                "Rows Removed by Filter": 260032,
                                "Exact Heap Blocks": 12827,
                                "Lossy Heap Blocks": 0,
                                "Plans": [
                                  {
                                    "Node Type": "Bitmap Index Scan",
                                    "Parent Relationship": "Outer",
                                    "Parallel Aware": false,
                                    "Index Name": "company_id_movie_companies",
                                    "Startup Cost": 0.0,
                                    "Total Cost": 15917.88,
                                    "Plan Rows": 743127,
                                    "Plan Width": 0,
                                    "Actual Startup Time": 58.16,
                                    "Actual Total Time": 58.16,
                                    "Actual Rows": 738251,
                                    "Actual Loops": 1,
                                    "Index Cond": "(company_id < 1451)"
                                  }
                                ]
                              }
                            ]
                          }
                        ]
                      }
                    ]
                  }
                ]
              }
            ]
          }
        ]
      }
    ]
  },
  "Planning Time": 1.093,
  "Triggers": [],
  "Execution Time": 501.183
}