[
  {
    "Plan": {
      "Node Type": "Aggregate",
      "Strategy": "Plain",
      "Partial Mode": "Finalize",
      "Parallel Aware": false,
      "Startup Cost": 214198.11,
      "Total Cost": 214198.12,
      "Plan Rows": 1,
      "Plan Width": 8,
      "Actual Startup Time": 594.802,
      "Actual Total Time": 637.769,
      "Actual Rows": 1,
      "Actual Loops": 1,
      "Plans": [
        {
          "Node Type": "Gather",
          "Parent Relationship": "Outer",
          "Parallel Aware": false,
          "Startup Cost": 214197.9,
          "Total Cost": 214198.11,
          "Plan Rows": 2,
          "Plan Width": 8,
          "Actual Startup Time": 592.18,
          "Actual Total Time": 637.755,
          "Actual Rows": 3,
          "Actual Loops": 1,
          "Workers Planned": 2,
          "Workers Launched": 2,
          "Single Copy": false,
          "Plans": [
            {
              "Node Type": "Aggregate",
              "Strategy": "Plain",
              "Partial Mode": "Partial",
              "Parent Relationship": "Outer",
              "Parallel Aware": false,
              "Startup Cost": 213197.9,
              "Total Cost": 213197.91,
              "Plan Rows": 1,
              "Plan Width": 8,
              "Actual Startup Time": 584.195,
              "Actual Total Time": 584.205,
              "Actual Rows": 1,
              "Actual Loops": 3,
              "Plans": [
                {
                  "Node Type": "Nested Loop",
                  "Parent Relationship": "Outer",
                  "Parallel Aware": false,
                  "Join Type": "Inner",
                  "Startup Cost": 47837.68,
                  "Total Cost": 212772.31,
                  "Plan Rows": 170235,
                  "Plan Width": 0,
                  "Actual Startup Time": 218.887,
                  "Actual Total Time": 576.621,
                  "Actual Rows": 151288,
                  "Actual Loops": 3,
                  "Inner Unique": false,
                  "Plans": [
                    {
                      "Node Type": "Hash Join",
                      "Parent Relationship": "Outer",
                      "Parallel Aware": true,
                      "Join Type": "Inner",
                      "Startup Cost": 47837.25,
                      "Total Cost": 63457.18,
                      "Plan Rows": 56538,
                      "Plan Width": 8,
                      "Actual Startup Time": 218.821,
                      "Actual Total Time": 319.531,
                      "Actual Rows": 28514,
                      "Actual Loops": 3,
                      "Inner Unique": true,
                      "Hash Cond": "(mi_idx.movie_id = t.id)",
                      "Plans": [
                        {
                          "Node Type": "Seq Scan",
                          "Parent Relationship": "Outer",
                          "Parallel Aware": true,
                          "Relation Name": "movie_info_idx",
                          "Alias": "mi_idx",
                          "Startup Cost": 0.0,
                          "Total Cost": 15122.68,
                          "Plan Rows": 189429,
                          "Plan Width": 4,
                          "Actual Startup Time": 0.024,
                          "Actual Total Time": 37.338,
                          "Actual Rows": 153308,
                          "Actual Loops": 3,
                          "Filter": "(info_type_id < 100)",
                          "Rows Removed by Filter": 306703
                        },
                        {
                          "Node Type": "Hash",
                          "Parent Relationship": "Inner",
                          "Parallel Aware": true,
                          "Startup Cost": 45479.1,
                          "Total Cost": 45479.1,
                          "Plan Rows": 188652,
                          "Plan Width": 4,
                          "Actual Startup Time": 212.785,
                          "Actual Total Time": 212.786,
                          "Actual Rows": 265546,
                          "Actual Loops": 3,
                          "Hash Buckets": 1048576,
                          "Original Hash Buckets": 1048576,
                          "Hash Batches": 1,
                          "Original Hash Batches": 1,
                          "Peak Memory Usage": 39392,
                          "Plans": [
                            {
                              "Node Type": "Seq Scan",
                              "Parent Relationship": "Outer",
                              "Parallel Aware": true,
                              "Relation Name": "title",
                              "Alias": "t",
                              "Startup Cost": 0.0,
                              "Total Cost": 45479.1,
                              "Plan Rows": 188652,
                              "Plan Width": 4,
                              "Actual Startup Time": 0.039,
                              "Actual Total Time": 123.697,
                              "Actual Rows": 265546,
                              "Actual Loops": 3,
                              "Filter": "((kind_id > 1) AND (production_year > 2005))",
                              "Rows Removed by Filter": 577225
                            }
                          ]
                        }
                      ]
                    },
                    {
                      "Node Type": "Index Scan",
                      "Parent Relationship": "Inner",
                      "Parallel Aware": false,
                      "Scan Direction": "Forward",
                      "Index Name": "movie_id_movie_info",
                      "Relation Name": "movie_info",
                      "Alias": "mi",
                      "Startup Cost": 0.43,
                      "Total Cost": 2.42,
                      "Plan Rows": 22,
                      "Plan Width": 4,
                      "Actual Startup Time": 0.004,
                      "Actual Total Time": 0.008,
                      "Actual Rows": 5,
                      "Actual Loops": 85543,
                      "Index Cond": "(movie_id = t.id)",
                      "Rows Removed by Index Recheck": 0,
                      "Filter": "(info_type_id > 7)",
                      "Rows Removed by Filter": 3
                    }
                  ]
                }
              ]
            }
          ]
        }
      ]
    },
    "Planning Time": 1.35,
    "Triggers": [],
    "Execution Time": 637.864
  }
]