[
  {
    "Plan": {
      "Node Type": "Aggregate",
      "Strategy": "Plain",
      "Partial Mode": "Finalize",
      "Parallel Aware": false,
      "Startup Cost": 331776.72,
      "Total Cost": 331776.73,
      "Plan Rows": 1,
      "Plan Width": 8,
      "Actual Startup Time": 586.108,
      "Actual Total Time": 642.243,
      "Actual Rows": 1,
      "Actual Loops": 1,
      "Plans": [
        {
          "Node Type": "Gather",
          "Parent Relationship": "Outer",
          "Parallel Aware": false,
          "Startup Cost": 331776.1,
          "Total Cost": 331776.71,
          "Plan Rows": 6,
          "Plan Width": 8,
          "Actual Startup Time": 585.984,
          "Actual Total Time": 642.231,
          "Actual Rows": 7,
          "Actual Loops": 1,
          "Workers Planned": 6,
          "Workers Launched": 6,
          "Single Copy": false,
          "Plans": [
            {
              "Node Type": "Aggregate",
              "Strategy": "Plain",
              "Partial Mode": "Partial",
              "Parent Relationship": "Outer",
              "Parallel Aware": false,
              "Startup Cost": 330776.1,
              "Total Cost": 330776.11,
              "Plan Rows": 1,
              "Plan Width": 8,
              "Actual Startup Time": 575.8,
              "Actual Total Time": 575.801,
              "Actual Rows": 1,
              "Actual Loops": 7,
              "Plans": [
                {
                  "Node Type": "Seq Scan",
                  "Parent Relationship": "Outer",
                  "Parallel Aware": true,
                  "Relation Name": "cast_info",
                  "Alias": "ci",
                  "Startup Cost": 0.0,
                  "Total Cost": 328162.03,
                  "Plan Rows": 1045628,
                  "Plan Width": 0,
                  "Actual Startup Time": 0.053,
                  "Actual Total Time": 530.753,
                  "Actual Rows": 924399,
                  "Actual Loops": 7,
                  "Filter": "(person_id < 624814)",
                  "Rows Removed by Filter": 4253365
                }
              ]
            }
          ]
        }
      ]
    },
    "Planning Time": 0.168,
    "Triggers": [],
    "Execution Time": 642.31
  }
]