[
  {
    "Plan": {
      "Node Type": "Aggregate",
      "Strategy": "Plain",
      "Partial Mode": "Finalize",
      "Parallel Aware": false,
      "Startup Cost": 331767.93,
      "Total Cost": 331767.94,
      "Plan Rows": 1,
      "Plan Width": 8,
      "Actual Startup Time": 226.89,
      "Actual Total Time": 239.45,
      "Actual Rows": 1,
      "Actual Loops": 1,
      "Plans": [
        {
          "Node Type": "Gather",
          "Parent Relationship": "Outer",
          "Parallel Aware": false,
          "Startup Cost": 331767.3,
          "Total Cost": 331767.91,
          "Plan Rows": 6,
          "Plan Width": 8,
          "Actual Startup Time": 224.812,
          "Actual Total Time": 239.44,
          "Actual Rows": 7,
          "Actual Loops": 1,
          "Workers Planned": 6,
          "Workers Launched": 6,
          "Single Copy": false,
          "Plans": [
            {
              "Node Type": "Aggregate",
              "Strategy": "Plain",
              "Partial Mode": "Partial",
              "Parent Relationship": "Outer",
              "Parallel Aware": false,
              "Startup Cost": 330767.3,
              "Total Cost": 330767.31,
              "Plan Rows": 1,
              "Plan Width": 8,
              "Actual Startup Time": 213.861,
              "Actual Total Time": 213.864,
              "Actual Rows": 1,
              "Actual Loops": 7,
              "Plans": [
                {
                  "Node Type": "Hash Join",
                  "Parent Relationship": "Outer",
                  "Parallel Aware": true,
                  "Join Type": "Inner",
                  "Startup Cost": 74489.94,
                  "Total Cost": 330721.16,
                  "Plan Rows": 18456,
                  "Plan Width": 0,
                  "Actual Startup Time": 136.255,
                  "Actual Total Time": 212.805,
                  "Actual Rows": 16118,
                  "Actual Loops": 7,
                  "Inner Unique": true,
                  "Hash Cond": "(ci.movie_id = t.id)",
                  "Plans": [
                    {
                      "Node Type": "Bitmap Heap Scan",
                      "Parent Relationship": "Outer",
                      "Parallel Aware": true,
                      "Relation Name": "cast_info",
                      "Alias": "ci",
                      "Startup Cost": 27966.83,
                      "Total Cost": 283831.41,
                      "Plan Rows": 139672,
                      "Plan Width": 4,
                      "Actual Startup Time": 46.86,
                      "Actual Total Time": 91.398,
                      "Actual Rows": 149365,
                      "Actual Loops": 7,
                      "Recheck Cond": "(person_id < 130872)",
                      "Rows Removed by Index Recheck": 0,
                      "Filter": "(role_id < 4)",
                      "Rows Removed by Filter": 37278,
                      "Exact Heap Blocks": 2459,
                      "Lossy Heap Blocks": 0,
                      "Plans": [
                        {
                          "Node Type": "Bitmap Index Scan",
                          "Parent Relationship": "Outer",
                          "Parallel Aware": false,
                          "Index Name": "person_id_cast_info",
                          "Startup Cost": 0.0,
                          "Total Cost": 27757.32,
                          "Plan Rows": 1271034,
                          "Plan Width": 0,
                          "Actual Startup Time": 44.462,
                          "Actual Total Time": 44.463,
                          "Actual Rows": 1306503,
                          "Actual Loops": 1,
                          "Index Cond": "(person_id < 130872)"
                        }
                      ]
                    },
                    {
                      "Node Type": "Hash",
                      "Parent Relationship": "Inner",
                      "Parallel Aware": true,
                      "Startup Cost": 45479.1,
                      "Total Cost": 45479.1,
                      "Plan Rows": 83521,
                      "Plan Width": 4,
                      "Actual Startup Time": 87.174,
                      "Actual Total Time": 87.175,
                      "Actual Rows": 38469,
                      "Actual Loops": 7,
                      "Hash Buckets": 524288,
                      "Original Hash Buckets": 524288,
                      "Hash Batches": 1,
                      "Original Hash Batches": 1,
                      "Peak Memory Usage": 14752,
                      "Plans": [
                        {
                          "Node Type": "Seq Scan",
                          "Parent Relationship": "Outer",
                          "Parallel Aware": true,
                          "Relation Name": "title",
                          "Alias": "t",
                          "Startup Cost": 0.0,
                          "Total Cost": 45479.1,
                          "Plan Rows": 83521,
                          "Plan Width": 4,
                          "Actual Startup Time": 0.051,
                          "Actual Total Time": 70.98,
                          "Actual Rows": 38469,
                          "Actual Loops": 7,
                          "Filter": "((kind_id < 3) AND (production_year > 2004))",
                          "Rows Removed by Filter": 322718
                        }
                      ]
                    }
                  ]
                }
              ]
            }
          ]
        }
      ]
    },
    "Planning Time": 0.723,
    "Triggers": [],
    "Execution Time": 239.547
  }
]