[
  {
    "Plan": {
      "Node Type": "Aggregate",
      "Strategy": "Plain",
      "Partial Mode": "Finalize",
      "Parallel Aware": false,
      "Startup Cost": 347617.87,
      "Total Cost": 347617.88,
      "Plan Rows": 1,
      "Plan Width": 8,
      "Actual Startup Time": 826.897,
      "Actual Total Time": 892.341,
      "Actual Rows": 1,
      "Actual Loops": 1,
      "Plans": [
        {
          "Node Type": "Gather",
          "Parent Relationship": "Outer",
          "Parallel Aware": false,
          "Startup Cost": 347617.24,
          "Total Cost": 347617.85,
          "Plan Rows": 6,
          "Plan Width": 8,
          "Actual Startup Time": 826.644,
          "Actual Total Time": 892.331,
          "Actual Rows": 7,
          "Actual Loops": 1,
          "Workers Planned": 6,
          "Workers Launched": 6,
          "Single Copy": false,
          "Plans": [
            {
              "Node Type": "Aggregate",
              "Strategy": "Plain",
              "Partial Mode": "Partial",
              "Parent Relationship": "Outer",
              "Parallel Aware": false,
              "Startup Cost": 346617.24,
              "Total Cost": 346617.26,
              "Plan Rows": 1,
              "Plan Width": 8,
              "Actual Startup Time": 814.649,
              "Actual Total Time": 814.65,
              "Actual Rows": 1,
              "Actual Loops": 7,
              "Plans": [
                {
                  "Node Type": "Seq Scan",
                  "Parent Relationship": "Outer",
                  "Parallel Aware": true,
                  "Relation Name": "cast_info",
                  "Alias": "ci",
                  "Startup Cost": 0.0,
                  "Total Cost": 343257.03,
                  "Plan Rows": 1344086,
                  "Plan Width": 0,
                  "Actual Startup Time": 416.997,
                  "Actual Total Time": 774.589,
                  "Actual Rows": 696659,
                  "Actual Loops": 7,
                  "Filter": "((person_id > 2709442) AND (role_id < 8))",
                  "Rows Removed by Filter": 4481104
                }
              ]
            }
          ]
        }
      ]
    },
    "Planning Time": 0.208,
    "Triggers": [],
    "Execution Time": 892.41
  }
]