[
    {
        "Bao": {
            "Bao prediction": "NaN",
            "Bao recommended hint": "(no hint)"
        }
    },
    {
        "Plan": {
            "Node Type": "Aggregate",
            "Strategy": "Plain",
            "Partial Mode": "Finalize",
            "Parallel Aware": false,
            "Startup Cost": 352118.26,
            "Total Cost": 352118.27,
            "Plan Rows": 1,
            "Plan Width": 8,
            "Actual Startup Time": 863.88,
            "Actual Total Time": 894.469,
            "Actual Rows": 1,
            "Actual Loops": 1,
            "Output": [
                "count(*)"
            ],
            "Plans": [
                {
                    "Node Type": "Gather",
                    "Parent Relationship": "Outer",
                    "Parallel Aware": false,
                    "Startup Cost": 352117.64,
                    "Total Cost": 352118.24,
                    "Plan Rows": 6,
                    "Plan Width": 8,
                    "Actual Startup Time": 863.747,
                    "Actual Total Time": 894.459,
                    "Actual Rows": 7,
                    "Actual Loops": 1,
                    "Output": [
                        "(PARTIAL count(*))"
                    ],
                    "Workers Planned": 6,
                    "Workers Launched": 6,
                    "Single Copy": false,
                    "Plans": [
                        {
                            "Node Type": "Aggregate",
                            "Strategy": "Plain",
                            "Partial Mode": "Partial",
                            "Parent Relationship": "Outer",
                            "Parallel Aware": false,
                            "Startup Cost": 351117.64,
                            "Total Cost": 351117.65,
                            "Plan Rows": 1,
                            "Plan Width": 8,
                            "Actual Startup Time": 854.041,
                            "Actual Total Time": 854.042,
                            "Actual Rows": 1,
                            "Actual Loops": 7,
                            "Output": [
                                "PARTIAL count(*)"
                            ],
                            "Workers": [
                                {
                                    "Worker Number": 0,
                                    "Actual Startup Time": 851.689,
                                    "Actual Total Time": 851.691,
                                    "Actual Rows": 1,
                                    "Actual Loops": 1
                                },
                                {
                                    "Worker Number": 1,
                                    "Actual Startup Time": 852.169,
                                    "Actual Total Time": 852.17,
                                    "Actual Rows": 1,
                                    "Actual Loops": 1
                                },
                                {
                                    "Worker Number": 2,
                                    "Actual Startup Time": 852.425,
                                    "Actual Total Time": 852.427,
                                    "Actual Rows": 1,
                                    "Actual Loops": 1
                                },
                                {
                                    "Worker Number": 3,
                                    "Actual Startup Time": 852.483,
                                    "Actual Total Time": 852.484,
                                    "Actual Rows": 1,
                                    "Actual Loops": 1
                                },
                                {
                                    "Worker Number": 4,
                                    "Actual Startup Time": 852.971,
                                    "Actual Total Time": 852.973,
                                    "Actual Rows": 1,
                                    "Actual Loops": 1
                                },
                                {
                                    "Worker Number": 5,
                                    "Actual Startup Time": 853.215,
                                    "Actual Total Time": 853.216,
                                    "Actual Rows": 1,
                                    "Actual Loops": 1
                                }
                            ],
                            "Plans": [
                                {
                                    "Node Type": "Seq Scan",
                                    "Parent Relationship": "Outer",
                                    "Parallel Aware": true,
                                    "Relation Name": "cast_info",
                                    "Schema": "public",
                                    "Alias": "ci",
                                    "Startup Cost": 0.0,
                                    "Total Cost": 343318.94,
                                    "Plan Rows": 3119478,
                                    "Plan Width": 0,
                                    "Actual Startup Time": 183.809,
                                    "Actual Total Time": 725.992,
                                    "Actual Rows": 2464091,
                                    "Actual Loops": 7,
                                    "Output": [
                                        "id",
                                        "person_id",
                                        "movie_id",
                                        "person_role_id",
                                        "note",
                                        "nr_order",
                                        "role_id"
                                    ],
                                    "Filter": "((ci.person_id > 1383163) AND (ci.role_id < 9))",
                                    "Rows Removed by Filter": 2713672,
                                    "Workers": [
                                        {
                                            "Worker Number": 0,
                                            "Actual Startup Time": 181.46,
                                            "Actual Total Time": 724.381,
                                            "Actual Rows": 1912060,
                                            "Actual Loops": 1
                                        },
                                        {
                                            "Worker Number": 1,
                                            "Actual Startup Time": 181.92,
                                            "Actual Total Time": 723.92,
                                            "Actual Rows": 1873198,
                                            "Actual Loops": 1
                                        },
                                        {
                                            "Worker Number": 2,
                                            "Actual Startup Time": 182.19,
                                            "Actual Total Time": 724.524,
                                            "Actual Rows": 1933080,
                                            "Actual Loops": 1
                                        },
                                        {
                                            "Worker Number": 3,
                                            "Actual Startup Time": 182.274,
                                            "Actual Total Time": 725.526,
                                            "Actual Rows": 1918612,
                                            "Actual Loops": 1
                                        },
                                        {
                                            "Worker Number": 4,
                                            "Actual Startup Time": 182.736,
                                            "Actual Total Time": 729.264,
                                            "Actual Rows": 3027837,
                                            "Actual Loops": 1
                                        },
                                        {
                                            "Worker Number": 5,
                                            "Actual Startup Time": 182.979,
                                            "Actual Total Time": 729.192,
                                            "Actual Rows": 3018431,
                                            "Actual Loops": 1
                                        }
                                    ]
                                }
                            ]
                        }
                    ]
                }
            ]
        },
        "Planning Time": 195.491,
        "Triggers": [],
        "Execution Time": 894.519
    }
]