[
  {
    "Plan": {
      "Node Type": "Aggregate",
      "Strategy": "Plain",
      "Partial Mode": "Simple",
      "Parallel Aware": false,
      "Startup Cost": 3807.77,
      "Total Cost": 3807.78,
      "Plan Rows": 1,
      "Plan Width": 8,
      "Actual Startup Time": 0.75,
      "Actual Total Time": 0.753,
      "Actual Rows": 1,
      "Actual Loops": 1,
      "Plans": [
        {
          "Node Type": "Nested Loop",
          "Parent Relationship": "Outer",
          "Parallel Aware": false,
          "Join Type": "Inner",
          "Startup Cost": 0.99,
          "Total Cost": 3807.27,
          "Plan Rows": 200,
          "Plan Width": 0,
          "Actual Startup Time": 0.711,
          "Actual Total Time": 0.744,
          "Actual Rows": 2,
          "Actual Loops": 1,
          "Inner Unique": true,
          "Plans": [
            {
              "Node Type": "Index Scan",
              "Parent Relationship": "Outer",
              "Parallel Aware": false,
              "Scan Direction": "Forward",
              "Index Name": "person_id_cast_info",
              "Relation Name": "cast_info",
              "Alias": "ci",
              "Startup Cost": 0.56,
              "Total Cost": 1059.67,
              "Plan Rows": 328,
              "Plan Width": 4,
              "Actual Startup Time": 0.681,
              "Actual Total Time": 0.694,
              "Actual Rows": 2,
              "Actual Loops": 1,
              "Index Cond": "(person_id = 2940001)",
              "Rows Removed by Index Recheck": 0,
              "Filter": "(role_id < 4)",
              "Rows Removed by Filter": 5
            },
            {
              "Node Type": "Index Scan",
              "Parent Relationship": "Inner",
              "Parallel Aware": false,
              "Scan Direction": "Forward",
              "Index Name": "title_pkey",
              "Relation Name": "title",
              "Alias": "t",
              "Startup Cost": 0.43,
              "Total Cost": 8.38,
              "Plan Rows": 1,
              "Plan Width": 4,
              "Actual Startup Time": 0.02,
              "Actual Total Time": 0.02,
              "Actual Rows": 1,
              "Actual Loops": 2,
              "Index Cond": "(id = ci.movie_id)",
              "Rows Removed by Index Recheck": 0,
              "Filter": "(production_year < 2007)",
              "Rows Removed by Filter": 0
            }
          ]
        }
      ]
    },
    "Planning Time": 0.614,
    "Triggers": [],
    "Execution Time": 0.815
  }
]