{
  "Plan": {
    "Node Type": "Aggregate",
    "Strategy": "Plain",
    "Partial Mode": "Finalize",
    "Parallel Aware": false,
    "Startup Cost": 75735.11,
    "Total Cost": 75735.12,
    "Plan Rows": 1,
    "Plan Width": 8,
    "Actual Startup Time": 208.171,
    "Actual Total Time": 217.122,
    "Actual Rows": 1,
    "Actual Loops": 1,
    "Plans": [
      {
        "Node Type": "Gather",
        "Parent Relationship": "Outer",
        "Parallel Aware": false,
        "Startup Cost": 75735.0,
        "Total Cost": 75735.11,
        "Plan Rows": 1,
        "Plan Width": 8,
        "Actual Startup Time": 207.799,
        "Actual Total Time": 217.114,
        "Actual Rows": 2,
        "Actual Loops": 1,
        "Workers Planned": 1,
        "Workers Launched": 1,
        "Single Copy": false,
        "Plans": [
          {
            "Node Type": "Aggregate",
            "Strategy": "Plain",
            "Partial Mode": "Partial",
            "Parent Relationship": "Outer",
            "Parallel Aware": false,
            "Startup Cost": 74735.0,
            "Total Cost": 74735.01,
            "Plan Rows": 1,
            "Plan Width": 8,
            "Actual Startup Time": 201.929,
            "Actual Total Time": 201.938,
            "Actual Rows": 1,
            "Actual Loops": 2,
            "Plans": [
              {
                "Node Type": "Hash Join",
                "Parent Relationship": "Outer",
                "Parallel Aware": true,
                "Join Type": "Inner",
                "Startup Cost": 50895.24,
                "Total Cost": 74726.1,
                "Plan Rows": 3558,
                "Plan Width": 0,
                "Actual Startup Time": 103.644,
                "Actual Total Time": 201.252,
                "Actual Rows": 12888,
                "Actual Loops": 2,
                "Inner Unique": true,
                "Hash Cond": "(mc.movie_id = t.id)",
                "Plans": [
                  {
                    "Node Type": "Bitmap Heap Scan",
                    "Parent Relationship": "Outer",
                    "Parallel Aware": true,
                    "Relation Name": "movie_companies",
                    "Alias": "mc",
                    "Startup Cost": 12275.39,
                    "Total Cost": 35231.39,
                    "Plan Rows": 333280,
                    "Plan Width": 4,
                    "Actual Startup Time": 26.376,
                    "Actual Total Time": 88.888,
                    "Actual Rows": 280839,
                    "Actual Loops": 2,
                    "Recheck Cond": "(company_id < 596)",
                    "Rows Removed by Index Recheck": 0,
                    "Exact Heap Blocks": 10674,
                    "Lossy Heap Blocks": 0,
                    "Plans": [
                      {
                        "Node Type": "Bitmap Index Scan",
                        "Parent Relationship": "Outer",
                        "Parallel Aware": false,
                        "Index Name": "company_id_movie_companies",
                        "Startup Cost": 0.0,
                        "Total Cost": 12133.75,
                        "Plan Rows": 566576,
                        "Plan Width": 0,
                        "Actual Startup Time": 22.879,
                        "Actual Total Time": 22.879,
                        "Actual Rows": 561678,
                        "Actual Loops": 1,
                        "Index Cond": "(company_id < 596)"
                      }
                    ]
                  },
                  {
                    "Node Type": "Hash",
                    "Parent Relationship": "Inner",
                    "Parallel Aware": true,
                    "Startup Cost": 38421.41,
                    "Total Cost": 38421.41,
                    "Plan Rows": 15875,
                    "Plan Width": 4,
                    "Actual Startup Time": 76.007,
                    "Actual Total Time": 76.012,
                    "Actual Rows": 13462,
                    "Actual Loops": 2,
                    "Hash Buckets": 32768,
                    "Original Hash Buckets": 32768,
                    "Hash Batches": 1,
                    "Original Hash Batches": 1,
                    "Peak Memory Usage": 1344,
                    "Plans": [
                      {
                        "Node Type": "Bitmap Heap Scan",
                        "Parent Relationship": "Outer",
                        "Parallel Aware": true,
                        "Relation Name": "title",
                        "Alias": "t",
                        "Startup Cost": 1623.28,
                        "Total Cost": 38421.41,
                        "Plan Rows": 15875,
                        "Plan Width": 4,
                        "Actual Startup Time": 23.085,
                        "Actual Total Time": 71.991,
                        "Actual Rows": 13462,
                        "Actual Loops": 2,
                        "Recheck Cond": "(kind_id = 2)",
                        "Rows Removed by Index Recheck": 0,
                        "Filter": "(production_year < 1993)",
                        "Rows Removed by Filter": 31964,
                        "Exact Heap Blocks": 19272,
                        "Lossy Heap Blocks": 0,
                        "Plans": [
                          {
                            "Node Type": "Bitmap Index Scan",
                            "Parent Relationship": "Outer",
                            "Parallel Aware": false,
                            "Index Name": "kind_id_title",
                            "Startup Cost": 0.0,
                            "Total Cost": 1616.54,
                            "Plan Rows": 90681,
                            "Plan Width": 0,
                            "Actual Startup Time": 19.898,
                            "Actual Total Time": 19.898,
                            "Actual Rows": 90852,
                            "Actual Loops": 1,
                            "Index Cond": "(kind_id = 2)"
                          }
                        ]
                      }
                    ]
                  }
                ]
              }
            ]
          }
        ]
      }
    ]
  },
  "Planning Time": 0.48,
  "Triggers": [],
  "Execution Time": 217.229
}