[
  {
    "Plan": {
      "Node Type": "Aggregate",
      "Strategy": "Plain",
      "Partial Mode": "Finalize",
      "Parallel Aware": false,
      "Startup Cost": 30885.38,
      "Total Cost": 30885.39,
      "Plan Rows": 1,
      "Plan Width": 8,
      "Actual Startup Time": 85.247,
      "Actual Total Time": 92.594,
      "Actual Rows": 1,
      "Actual Loops": 1,
      "Plans": [
        {
          "Node Type": "Gather",
          "Parent Relationship": "Outer",
          "Parallel Aware": false,
          "Startup Cost": 30885.07,
          "Total Cost": 30885.38,
          "Plan Rows": 3,
          "Plan Width": 8,
          "Actual Startup Time": 85.176,
          "Actual Total Time": 92.587,
          "Actual Rows": 4,
          "Actual Loops": 1,
          "Workers Planned": 3,
          "Workers Launched": 3,
          "Single Copy": false,
          "Plans": [
            {
              "Node Type": "Aggregate",
              "Strategy": "Plain",
              "Partial Mode": "Partial",
              "Parent Relationship": "Outer",
              "Parallel Aware": false,
              "Startup Cost": 29885.07,
              "Total Cost": 29885.08,
              "Plan Rows": 1,
              "Plan Width": 8,
              "Actual Startup Time": 78.879,
              "Actual Total Time": 78.88,
              "Actual Rows": 1,
              "Actual Loops": 4,
              "Plans": [
                {
                  "Node Type": "Seq Scan",
                  "Parent Relationship": "Outer",
                  "Parallel Aware": true,
                  "Relation Name": "movie_companies",
                  "Alias": "mc",
                  "Startup Cost": 0.0,
                  "Total Cost": 29310.68,
                  "Plan Rows": 229754,
                  "Plan Width": 0,
                  "Actual Startup Time": 22.442,
                  "Actual Total Time": 70.654,
                  "Actual Rows": 176089,
                  "Actual Loops": 4,
                  "Filter": "(company_id > 44736)",
                  "Rows Removed by Filter": 476194
                }
              ]
            }
          ]
        }
      ]
    },
    "Planning Time": 0.088,
    "Triggers": [],
    "Execution Time": 92.62
  }
]