[
  {
    "Plan": {
      "Node Type": "Aggregate",
      "Strategy": "Plain",
      "Partial Mode": "Finalize",
      "Parallel Aware": false,
      "Startup Cost": 30867.11,
      "Total Cost": 30867.12,
      "Plan Rows": 1,
      "Plan Width": 8,
      "Actual Startup Time": 93.969,
      "Actual Total Time": 101.769,
      "Actual Rows": 1,
      "Actual Loops": 1,
      "Plans": [
        {
          "Node Type": "Gather",
          "Parent Relationship": "Outer",
          "Parallel Aware": false,
          "Startup Cost": 30866.79,
          "Total Cost": 30867.1,
          "Plan Rows": 3,
          "Plan Width": 8,
          "Actual Startup Time": 93.844,
          "Actual Total Time": 101.762,
          "Actual Rows": 4,
          "Actual Loops": 1,
          "Workers Planned": 3,
          "Workers Launched": 3,
          "Single Copy": false,
          "Plans": [
            {
              "Node Type": "Aggregate",
              "Strategy": "Plain",
              "Partial Mode": "Partial",
              "Parent Relationship": "Outer",
              "Parallel Aware": false,
              "Startup Cost": 29866.79,
              "Total Cost": 29866.8,
              "Plan Rows": 1,
              "Plan Width": 8,
              "Actual Startup Time": 85.223,
              "Actual Total Time": 85.224,
              "Actual Rows": 1,
              "Actual Loops": 4,
              "Plans": [
                {
                  "Node Type": "Seq Scan",
                  "Parent Relationship": "Outer",
                  "Parallel Aware": true,
                  "Relation Name": "movie_companies",
                  "Alias": "mc",
                  "Startup Cost": 0.0,
                  "Total Cost": 29310.68,
                  "Plan Rows": 222444,
                  "Plan Width": 0,
                  "Actual Startup Time": 34.329,
                  "Actual Total Time": 78.082,
                  "Actual Rows": 176089,
                  "Actual Loops": 4,
                  "Filter": "(company_id > 44736)",
                  "Rows Removed by Filter": 476194
                }
              ]
            }
          ]
        }
      ]
    },
    "Planning Time": 0.163,
    "Triggers": [],
    "Execution Time": 101.817
  }
]