[
    {
        "Bao": {
            "Bao prediction": "NaN",
            "Bao recommended hint": "(no hint)"
        }
    },
    {
        "Plan": {
            "Node Type": "Aggregate",
            "Strategy": "Plain",
            "Partial Mode": "Finalize",
            "Parallel Aware": false,
            "Startup Cost": 229868.95,
            "Total Cost": 229868.96,
            "Plan Rows": 1,
            "Plan Width": 8,
            "Actual Startup Time": 398.622,
            "Actual Total Time": 420.816,
            "Actual Rows": 1,
            "Actual Loops": 1,
            "Output": [
                "count(*)"
            ],
            "Plans": [
                {
                    "Node Type": "Gather",
                    "Parent Relationship": "Outer",
                    "Parallel Aware": false,
                    "Startup Cost": 229868.32,
                    "Total Cost": 229868.93,
                    "Plan Rows": 6,
                    "Plan Width": 8,
                    "Actual Startup Time": 398.463,
                    "Actual Total Time": 420.802,
                    "Actual Rows": 7,
                    "Actual Loops": 1,
                    "Output": [
                        "(PARTIAL count(*))"
                    ],
                    "Workers Planned": 6,
                    "Workers Launched": 6,
                    "Single Copy": false,
                    "Plans": [
                        {
                            "Node Type": "Aggregate",
                            "Strategy": "Plain",
                            "Partial Mode": "Partial",
                            "Parent Relationship": "Outer",
                            "Parallel Aware": false,
                            "Startup Cost": 228868.32,
                            "Total Cost": 228868.33,
                            "Plan Rows": 1,
                            "Plan Width": 8,
                            "Actual Startup Time": 387.434,
                            "Actual Total Time": 387.436,
                            "Actual Rows": 1,
                            "Actual Loops": 7,
                            "Output": [
                                "PARTIAL count(*)"
                            ],
                            "Workers": [
                                {
                                    "Worker Number": 0,
                                    "Actual Startup Time": 384.914,
                                    "Actual Total Time": 384.916,
                                    "Actual Rows": 1,
                                    "Actual Loops": 1
                                },
                                {
                                    "Worker Number": 1,
                                    "Actual Startup Time": 385.14,
                                    "Actual Total Time": 385.142,
                                    "Actual Rows": 1,
                                    "Actual Loops": 1
                                },
                                {
                                    "Worker Number": 2,
                                    "Actual Startup Time": 385.234,
                                    "Actual Total Time": 385.236,
                                    "Actual Rows": 1,
                                    "Actual Loops": 1
                                },
                                {
                                    "Worker Number": 3,
                                    "Actual Startup Time": 386.112,
                                    "Actual Total Time": 386.113,
                                    "Actual Rows": 1,
                                    "Actual Loops": 1
                                },
                                {
                                    "Worker Number": 4,
                                    "Actual Startup Time": 386.172,
                                    "Actual Total Time": 386.173,
                                    "Actual Rows": 1,
                                    "Actual Loops": 1
                                },
                                {
                                    "Worker Number": 5,
                                    "Actual Startup Time": 386.538,
                                    "Actual Total Time": 386.54,
                                    "Actual Rows": 1,
                                    "Actual Loops": 1
                                }
                            ],
                            "Plans": [
                                {
                                    "Node Type": "Index Scan",
                                    "Parent Relationship": "Outer",
                                    "Parallel Aware": true,
                                    "Scan Direction": "Forward",
                                    "Index Name": "role_id_cast_info",
                                    "Relation Name": "cast_info",
                                    "Schema": "public",
                                    "Alias": "ci",
                                    "Startup Cost": 0.56,
                                    "Total Cost": 226293.54,
                                    "Plan Rows": 1029914,
                                    "Plan Width": 0,
                                    "Actual Startup Time": 0.169,
                                    "Actual Total Time": 358.218,
                                    "Actual Rows": 393403,
                                    "Actual Loops": 7,
                                    "Output": [
                                        "id",
                                        "person_id",
                                        "movie_id",
                                        "person_role_id",
                                        "note",
                                        "nr_order",
                                        "role_id"
                                    ],
                                    "Index Cond": "(ci.role_id > 5)",
                                    "Rows Removed by Index Recheck": 0,
                                    "Filter": "(ci.person_id < 2740119)",
                                    "Rows Removed by Filter": 818927,
                                    "Workers": [
                                        {
                                            "Worker Number": 0,
                                            "Actual Startup Time": 0.257,
                                            "Actual Total Time": 356.643,
                                            "Actual Rows": 385807,
                                            "Actual Loops": 1
                                        },
                                        {
                                            "Worker Number": 1,
                                            "Actual Startup Time": 0.123,
                                            "Actual Total Time": 356.837,
                                            "Actual Rows": 376813,
                                            "Actual Loops": 1
                                        },
                                        {
                                            "Worker Number": 2,
                                            "Actual Startup Time": 0.2,
                                            "Actual Total Time": 356.193,
                                            "Actual Rows": 389114,
                                            "Actual Loops": 1
                                        },
                                        {
                                            "Worker Number": 3,
                                            "Actual Startup Time": 0.178,
                                            "Actual Total Time": 357.267,
                                            "Actual Rows": 375364,
                                            "Actual Loops": 1
                                        },
                                        {
                                            "Worker Number": 4,
                                            "Actual Startup Time": 0.21,
                                            "Actual Total Time": 357.596,
                                            "Actual Rows": 386549,
                                            "Actual Loops": 1
                                        },
                                        {
                                            "Worker Number": 5,
                                            "Actual Startup Time": 0.155,
                                            "Actual Total Time": 358.602,
                                            "Actual Rows": 378406,
                                            "Actual Loops": 1
                                        }
                                    ]
                                }
                            ]
                        }
                    ]
                }
            ]
        },
        "Planning Time": 301.813,
        "Triggers": [],
        "Execution Time": 420.908
    }
]