[
  {
    "Plan": {
      "Node Type": "Aggregate",
      "Strategy": "Plain",
      "Partial Mode": "Finalize",
      "Parallel Aware": false,
      "Startup Cost": 105834.76,
      "Total Cost": 105834.77,
      "Plan Rows": 1,
      "Plan Width": 8,
      "Actual Startup Time": 535.369,
      "Actual Total Time": 554.315,
      "Actual Rows": 1,
      "Actual Loops": 1,
      "Plans": [
        {
          "Node Type": "Gather",
          "Parent Relationship": "Outer",
          "Parallel Aware": false,
          "Startup Cost": 105834.54,
          "Total Cost": 105834.75,
          "Plan Rows": 2,
          "Plan Width": 8,
          "Actual Startup Time": 533.809,
          "Actual Total Time": 554.308,
          "Actual Rows": 3,
          "Actual Loops": 1,
          "Workers Planned": 2,
          "Workers Launched": 2,
          "Single Copy": false,
          "Plans": [
            {
              "Node Type": "Aggregate",
              "Strategy": "Plain",
              "Partial Mode": "Partial",
              "Parent Relationship": "Outer",
              "Parallel Aware": false,
              "Startup Cost": 104834.54,
              "Total Cost": 104834.55,
              "Plan Rows": 1,
              "Plan Width": 8,
              "Actual Startup Time": 525.49,
              "Actual Total Time": 525.495,
              "Actual Rows": 1,
              "Actual Loops": 3,
              "Plans": [
                {
                  "Node Type": "Hash Join",
                  "Parent Relationship": "Outer",
                  "Parallel Aware": true,
                  "Join Type": "Inner",
                  "Startup Cost": 88585.53,
                  "Total Cost": 104656.6,
                  "Plan Rows": 71178,
                  "Plan Width": 0,
                  "Actual Startup Time": 404.613,
                  "Actual Total Time": 507.878,
                  "Actual Rows": 449227,
                  "Actual Loops": 3,
                  "Inner Unique": false,
                  "Hash Cond": "(mi_idx.movie_id = t.id)",
                  "Plans": [
                    {
                      "Node Type": "Seq Scan",
                      "Parent Relationship": "Outer",
                      "Parallel Aware": true,
                      "Relation Name": "movie_info_idx",
                      "Alias": "mi_idx",
                      "Startup Cost": 0.0,
                      "Total Cost": 13685.15,
                      "Plan Rows": 575015,
                      "Plan Width": 4,
                      "Actual Startup Time": 0.028,
                      "Actual Total Time": 32.61,
                      "Actual Rows": 460012,
                      "Actual Loops": 3
                    },
                    {
                      "Node Type": "Hash",
                      "Parent Relationship": "Inner",
                      "Parallel Aware": true,
                      "Startup Cost": 87323.58,
                      "Total Cost": 87323.58,
                      "Plan Rows": 100956,
                      "Plan Width": 8,
                      "Actual Startup Time": 400.234,
                      "Actual Total Time": 400.237,
                      "Actual Rows": 193587,
                      "Actual Loops": 3,
                      "Hash Buckets": 1048576,
                      "Original Hash Buckets": 524288,
                      "Hash Batches": 1,
                      "Original Hash Batches": 1,
                      "Peak Memory Usage": 35040,
                      "Plans": [
                        {
                          "Node Type": "Hash Join",
                          "Parent Relationship": "Outer",
                          "Parallel Aware": true,
                          "Join Type": "Inner",
                          "Startup Cost": 44445.5,
                          "Total Cost": 87323.58,
                          "Plan Rows": 100956,
                          "Plan Width": 8,
                          "Actual Startup Time": 122.205,
                          "Actual Total Time": 356.663,
                          "Actual Rows": 193587,
                          "Actual Loops": 3,
                          "Inner Unique": true,
                          "Hash Cond": "(mk.movie_id = t.id)",
                          "Plans": [
                            {
                              "Node Type": "Seq Scan",
                              "Parent Relationship": "Outer",
                              "Parallel Aware": true,
                              "Relation Name": "movie_keyword",
                              "Alias": "mk",
                              "Startup Cost": 0.0,
                              "Total Cost": 39047.32,
                              "Plan Rows": 1459332,
                              "Plan Width": 4,
                              "Actual Startup Time": 0.02,
                              "Actual Total Time": 104.873,
                              "Actual Rows": 1507977,
                              "Actual Loops": 3
                            },
                            {
                              "Node Type": "Hash",
                              "Parent Relationship": "Inner",
                              "Parallel Aware": true,
                              "Startup Cost": 43898.92,
                              "Total Cost": 43898.92,
                              "Plan Rows": 43727,
                              "Plan Width": 4,
                              "Actual Startup Time": 120.329,
                              "Actual Total Time": 120.33,
                              "Actual Rows": 60319,
                              "Actual Loops": 3,
                              "Hash Buckets": 262144,
                              "Original Hash Buckets": 262144,
                              "Hash Batches": 1,
                              "Original Hash Batches": 1,
                              "Peak Memory Usage": 9184,
                              "Plans": [
                                {
                                  "Node Type": "Seq Scan",
                                  "Parent Relationship": "Outer",
                                  "Parallel Aware": true,
                                  "Relation Name": "title",
                                  "Alias": "t",
                                  "Startup Cost": 0.0,
                                  "Total Cost": 43898.92,
                                  "Plan Rows": 43727,
                                  "Plan Width": 4,
                                  "Actual Startup Time": 0.154,
                                  "Actual Total Time": 102.98,
                                  "Actual Rows": 60319,
                                  "Actual Loops": 3,
                                  "Filter": "(production_year < 1953)",
                                  "Rows Removed by Filter": 782452
                                }
                              ]
                            }
                          ]
                        }
                      ]
                    }
                  ]
                }
              ]
            }
          ]
        }
      ]
    },
    "Planning Time": 1.266,
    "Triggers": [],
    "Execution Time": 554.434
  }
]