{
  "Plan": {
    "Node Type": "Aggregate",
    "Strategy": "Plain",
    "Partial Mode": "Finalize",
    "Parallel Aware": false,
    "Startup Cost": 943944.13,
    "Total Cost": 943944.14,
    "Plan Rows": 1,
    "Plan Width": 8,
    "Actual Startup Time": 9407.065,
    "Actual Total Time": 9477.529,
    "Actual Rows": 1,
    "Actual Loops": 1,
    "Plans": [
      {
        "Node Type": "Gather",
        "Parent Relationship": "Outer",
        "Parallel Aware": false,
        "Startup Cost": 943944.01,
        "Total Cost": 943944.12,
        "Plan Rows": 1,
        "Plan Width": 8,
        "Actual Startup Time": 9395.23,
        "Actual Total Time": 9477.52,
        "Actual Rows": 2,
        "Actual Loops": 1,
        "Workers Planned": 1,
        "Workers Launched": 1,
        "Single Copy": false,
        "Plans": [
          {
            "Node Type": "Aggregate",
            "Strategy": "Plain",
            "Partial Mode": "Partial",
            "Parent Relationship": "Outer",
            "Parallel Aware": false,
            "Startup Cost": 942944.01,
            "Total Cost": 942944.02,
            "Plan Rows": 1,
            "Plan Width": 8,
            "Actual Startup Time": 9375.971,
            "Actual Total Time": 9375.978,
            "Actual Rows": 1,
            "Actual Loops": 2,
            "Plans": [
              {
                "Node Type": "Hash Join",
                "Parent Relationship": "Outer",
                "Parallel Aware": true,
                "Join Type": "Inner",
                "Startup Cost": 534776.57,
                "Total Cost": 912344.32,
                "Plan Rows": 12239878,
                "Plan Width": 0,
                "Actual Startup Time": 3542.594,
                "Actual Total Time": 8536.0,
                "Actual Rows": 20788337,
                "Actual Loops": 2,
                "Inner Unique": false,
                "Hash Cond": "(mi.movie_id = t.id)",
                "Plans": [
                  {
                    "Node Type": "Seq Scan",
                    "Parent Relationship": "Outer",
                    "Parallel Aware": true,
                    "Relation Name": "movie_info",
                    "Alias": "mi",
                    "Startup Cost": 0.0,
                    "Total Cost": 270696.42,
                    "Plan Rows": 5579529,
                    "Plan Width": 4,
                    "Actual Startup Time": 0.02,
                    "Actual Total Time": 767.46,
                    "Actual Rows": 4782576,
                    "Actual Loops": 2,
                    "Filter": "(info_type_id < 16)",
                    "Rows Removed by Filter": 2635284
                  },
                  {
                    "Node Type": "Hash",
                    "Parent Relationship": "Inner",
                    "Parallel Aware": true,
                    "Startup Cost": 493994.62,
                    "Total Cost": 493994.62,
                    "Plan Rows": 3262556,
                    "Plan Width": 8,
                    "Actual Startup Time": 3510.452,
                    "Actual Total Time": 3510.458,
                    "Actual Rows": 2847296,
                    "Actual Loops": 2,
                    "Hash Buckets": 8388608,
                    "Original Hash Buckets": 8388608,
                    "Hash Batches": 1,
                    "Original Hash Batches": 1,
                    "Peak Memory Usage": 288320,
                    "Plans": [
                      {
                        "Node Type": "Hash Join",
                        "Parent Relationship": "Outer",
                        "Parallel Aware": true,
                        "Join Type": "Inner",
                        "Startup Cost": 191961.45,
                        "Total Cost": 493994.62,
                        "Plan Rows": 3262556,
                        "Plan Width": 8,
                        "Actual Startup Time": 746.525,
                        "Actual Total Time": 2556.427,
                        "Actual Rows": 2847296,
                        "Actual Loops": 2,
                        "Inner Unique": true,
                        "Hash Cond": "(ci.movie_id = t.id)",
                        "Plans": [
                          {
                            "Node Type": "Bitmap Heap Scan",
                            "Parent Relationship": "Outer",
                            "Parallel Aware": true,
                            "Relation Name": "cast_info",
                            "Alias": "ci",
                            "Startup Cost": 122500.75,
                            "Total Cost": 415969.7,
                            "Plan Rows": 3262556,
                            "Plan Width": 4,
                            "Actual Startup Time": 198.199,
                            "Actual Total Time": 505.645,
                            "Actual Rows": 2847296,
                            "Actual Loops": 2,
                            "Recheck Cond": "(person_id < 551115)",
                            "Rows Removed by Index Recheck": 0,
                            "Exact Heap Blocks": 30544,
                            "Lossy Heap Blocks": 0,
                            "Plans": [
                              {
                                "Node Type": "Bitmap Index Scan",
                                "Parent Relationship": "Outer",
                                "Parallel Aware": false,
                                "Index Name": "person_id_cast_info",
                                "Startup Cost": 0.0,
                                "Total Cost": 121114.16,
                                "Plan Rows": 5546346,
                                "Plan Width": 0,
                                "Actual Startup Time": 187.91,
                                "Actual Total Time": 187.911,
                                "Actual Rows": 5694591,
                                "Actual Loops": 1,
                                "Index Cond": "(person_id < 551115)"
                              }
                            ]
                          },
                          {
                            "Node Type": "Hash",
                            "Parent Relationship": "Inner",
                            "Parallel Aware": true,
                            "Startup Cost": 50870.31,
                            "Total Cost": 50870.31,
                            "Plan Rows": 1487231,
                            "Plan Width": 4,
                            "Actual Startup Time": 536.821,
                            "Actual Total Time": 536.821,
                            "Actual Rows": 1264156,
                            "Actual Loops": 2,
                            "Hash Buckets": 4194304,
                            "Original Hash Buckets": 4194304,
                            "Hash Batches": 1,
                            "Original Hash Batches": 1,
                            "Peak Memory Usage": 131712,
                            "Plans": [
                              {
                                "Node Type": "Seq Scan",
                                "Parent Relationship": "Outer",
                                "Parallel Aware": true,
                                "Relation Name": "title",
                                "Alias": "t",
                                "Startup Cost": 0.0,
                                "Total Cost": 50870.31,
                                "Plan Rows": 1487231,
                                "Plan Width": 4,
                                "Actual Startup Time": 0.032,
                                "Actual Total Time": 155.768,
                                "Actual Rows": 1264156,
                                "Actual Loops": 2
                              }
                            ]
                          }
                        ]
                      }
                    ]
                  }
                ]
              }
            ]
          }
        ]
      }
    ]
  },
  "Planning Time": 0.972,
  "Triggers": [],
  "Execution Time": 9477.649
}