[
    {
        "Bao": {
            "Bao prediction": 1301.346,
            "Bao recommended hint": "(no hint)"
        }
    },
    {
        "Plan": {
            "Node Type": "Aggregate",
            "Strategy": "Plain",
            "Partial Mode": "Simple",
            "Parallel Aware": false,
            "Startup Cost": 28934.91,
            "Total Cost": 28934.92,
            "Plan Rows": 1,
            "Plan Width": 64,
            "Actual Startup Time": 1169.935,
            "Actual Total Time": 1266.319,
            "Actual Rows": 1,
            "Actual Loops": 1,
            "Output": [
                "min(n.name)",
                "min(t.title)"
            ],
            "Plans": [
                {
                    "Node Type": "Nested Loop",
                    "Parent Relationship": "Outer",
                    "Parallel Aware": false,
                    "Join Type": "Inner",
                    "Startup Cost": 12671.52,
                    "Total Cost": 28934.9,
                    "Plan Rows": 1,
                    "Plan Width": 32,
                    "Actual Startup Time": 1169.211,
                    "Actual Total Time": 1266.295,
                    "Actual Rows": 54,
                    "Actual Loops": 1,
                    "Output": [
                        "n.name",
                        "t.title"
                    ],
                    "Inner Unique": true,
                    "Plans": [
                        {
                            "Node Type": "Gather",
                            "Parent Relationship": "Outer",
                            "Parallel Aware": false,
                            "Startup Cost": 12671.38,
                            "Total Cost": 28933.92,
                            "Plan Rows": 1,
                            "Plan Width": 36,
                            "Actual Startup Time": 1169.182,
                            "Actual Total Time": 1266.194,
                            "Actual Rows": 54,
                            "Actual Loops": 1,
                            "Output": [
                                "n.name",
                                "pi.info_type_id",
                                "t.title"
                            ],
                            "Workers Planned": 3,
                            "Workers Launched": 3,
                            "Single Copy": false,
                            "Plans": [
                                {
                                    "Node Type": "Nested Loop",
                                    "Parent Relationship": "Outer",
                                    "Parallel Aware": false,
                                    "Join Type": "Inner",
                                    "Startup Cost": 11671.38,
                                    "Total Cost": 27933.82,
                                    "Plan Rows": 1,
                                    "Plan Width": 36,
                                    "Actual Startup Time": 1143.692,
                                    "Actual Total Time": 1157.865,
                                    "Actual Rows": 14,
                                    "Actual Loops": 4,
                                    "Output": [
                                        "n.name",
                                        "pi.info_type_id",
                                        "t.title"
                                    ],
                                    "Inner Unique": false,
                                    "Join Filter": "(n.id = pi.person_id)",
                                    "Rows Removed by Join Filter": 0,
                                    "Workers": [
                                        {
                                            "Worker Number": 0,
                                            "Actual Startup Time": 1154.149,
                                            "Actual Total Time": 1154.156,
                                            "Actual Rows": 0,
                                            "Actual Loops": 1
                                        },
                                        {
                                            "Worker Number": 1,
                                            "Actual Startup Time": 1105.323,
                                            "Actual Total Time": 1154.865,
                                            "Actual Rows": 18,
                                            "Actual Loops": 1
                                        },
                                        {
                                            "Worker Number": 2,
                                            "Actual Startup Time": 1147.879,
                                            "Actual Total Time": 1155.01,
                                            "Actual Rows": 36,
                                            "Actual Loops": 1
                                        }
                                    ],
                                    "Plans": [
                                        {
                                            "Node Type": "Nested Loop",
                                            "Parent Relationship": "Outer",
                                            "Parallel Aware": false,
                                            "Join Type": "Inner",
                                            "Startup Cost": 11670.95,
                                            "Total Cost": 27609.96,
                                            "Plan Rows": 341,
                                            "Plan Width": 44,
                                            "Actual Startup Time": 1061.638,
                                            "Actual Total Time": 1128.927,
                                            "Actual Rows": 2150,
                                            "Actual Loops": 4,
                                            "Output": [
                                                "an.person_id",
                                                "ci.person_id",
                                                "n.name",
                                                "n.id",
                                                "t.title"
                                            ],
                                            "Inner Unique": true,
                                            "Join Filter": "(an.person_id = n.id)",
                                            "Rows Removed by Join Filter": 0,
                                            "Workers": [
                                                {
                                                    "Worker Number": 0,
                                                    "Actual Startup Time": 1057.951,
                                                    "Actual Total Time": 1125.671,
                                                    "Actual Rows": 2107,
                                                    "Actual Loops": 1
                                                },
                                                {
                                                    "Worker Number": 1,
                                                    "Actual Startup Time": 1058.528,
                                                    "Actual Total Time": 1128.736,
                                                    "Actual Rows": 2339,
                                                    "Actual Loops": 1
                                                },
                                                {
                                                    "Worker Number": 2,
                                                    "Actual Startup Time": 1058.824,
                                                    "Actual Total Time": 1127.96,
                                                    "Actual Rows": 2095,
                                                    "Actual Loops": 1
                                                }
                                            ],
                                            "Plans": [
                                                {
                                                    "Node Type": "Hash Join",
                                                    "Parent Relationship": "Outer",
                                                    "Parallel Aware": false,
                                                    "Join Type": "Inner",
                                                    "Startup Cost": 11670.52,
                                                    "Total Cost": 27020.16,
                                                    "Plan Rows": 1228,
                                                    "Plan Width": 25,
                                                    "Actual Startup Time": 1045.369,
                                                    "Actual Total Time": 1100.159,
                                                    "Actual Rows": 5142,
                                                    "Actual Loops": 4,
                                                    "Output": [
                                                        "an.person_id",
                                                        "ci.person_id",
                                                        "t.title"
                                                    ],
                                                    "Inner Unique": false,
                                                    "Hash Cond": "(an.person_id = ci.person_id)",
                                                    "Workers": [
                                                        {
                                                            "Worker Number": 0,
                                                            "Actual Startup Time": 1041.68,
                                                            "Actual Total Time": 1096.813,
                                                            "Actual Rows": 5211,
                                                            "Actual Loops": 1
                                                        },
                                                        {
                                                            "Worker Number": 1,
                                                            "Actual Startup Time": 1042.5,
                                                            "Actual Total Time": 1098.822,
                                                            "Actual Rows": 5483,
                                                            "Actual Loops": 1
                                                        },
                                                        {
                                                            "Worker Number": 2,
                                                            "Actual Startup Time": 1042.605,
                                                            "Actual Total Time": 1098.934,
                                                            "Actual Rows": 4883,
                                                            "Actual Loops": 1
                                                        }
                                                    ],
                                                    "Plans": [
                                                        {
                                                            "Node Type": "Seq Scan",
                                                            "Parent Relationship": "Outer",
                                                            "Parallel Aware": true,
                                                            "Relation Name": "aka_name",
                                                            "Schema": "public",
                                                            "Alias": "an",
                                                            "Startup Cost": 0.0,
                                                            "Total Cost": 15030.45,
                                                            "Plan Rows": 8769,
                                                            "Plan Width": 4,
                                                            "Actual Startup Time": 0.101,
                                                            "Actual Total Time": 48.461,
                                                            "Actual Rows": 11795,
                                                            "Actual Loops": 4,
                                                            "Output": [
                                                                "an.id",
                                                                "an.person_id",
                                                                "an.name",
                                                                "an.imdb_index",
                                                                "an.name_pcode_cf",
                                                                "an.name_pcode_nf",
                                                                "an.surname_pcode",
                                                                "an.md5sum"
                                                            ],
                                                            "Filter": "(an.name ~~ '%N%'::text)",
                                                            "Rows Removed by Filter": 213541,
                                                            "Workers": [
                                                                {
                                                                    "Worker Number": 0,
                                                                    "Actual Startup Time": 0.109,
                                                                    "Actual Total Time": 49.192,
                                                                    "Actual Rows": 11366,
                                                                    "Actual Loops": 1
                                                                },
                                                                {
                                                                    "Worker Number": 1,
                                                                    "Actual Startup Time": 0.18,
                                                                    "Actual Total Time": 49.612,
                                                                    "Actual Rows": 12440,
                                                                    "Actual Loops": 1
                                                                },
                                                                {
                                                                    "Worker Number": 2,
                                                                    "Actual Startup Time": 0.059,
                                                                    "Actual Total Time": 49.5,
                                                                    "Actual Rows": 12493,
                                                                    "Actual Loops": 1
                                                                }
                                                            ]
                                                        },
                                                        {
                                                            "Node Type": "Hash",
                                                            "Parent Relationship": "Inner",
                                                            "Parallel Aware": false,
                                                            "Startup Cost": 11012.76,
                                                            "Total Cost": 11012.76,
                                                            "Plan Rows": 52621,
                                                            "Plan Width": 21,
                                                            "Actual Startup Time": 1043.791,
                                                            "Actual Total Time": 1043.796,
                                                            "Actual Rows": 373480,
                                                            "Actual Loops": 4,
                                                            "Output": [
                                                                "ci.person_id",
                                                                "t.title"
                                                            ],
                                                            "Hash Buckets": 524288,
                                                            "Original Hash Buckets": 65536,
                                                            "Hash Batches": 1,
                                                            "Original Hash Batches": 1,
                                                            "Peak Memory Usage": 23822,
                                                            "Workers": [
                                                                {
                                                                    "Worker Number": 0,
                                                                    "Actual Startup Time": 1039.719,
                                                                    "Actual Total Time": 1039.724,
                                                                    "Actual Rows": 373480,
                                                                    "Actual Loops": 1
                                                                },
                                                                {
                                                                    "Worker Number": 1,
                                                                    "Actual Startup Time": 1040.912,
                                                                    "Actual Total Time": 1040.918,
                                                                    "Actual Rows": 373480,
                                                                    "Actual Loops": 1
                                                                },
                                                                {
                                                                    "Worker Number": 2,
                                                                    "Actual Startup Time": 1041.098,
                                                                    "Actual Total Time": 1041.104,
                                                                    "Actual Rows": 373480,
                                                                    "Actual Loops": 1
                                                                }
                                                            ],
                                                            "Plans": [
                                                                {
                                                                    "Node Type": "Nested Loop",
                                                                    "Parent Relationship": "Outer",
                                                                    "Parallel Aware": false,
                                                                    "Join Type": "Inner",
                                                                    "Startup Cost": 39.81,
                                                                    "Total Cost": 11012.76,
                                                                    "Plan Rows": 52621,
                                                                    "Plan Width": 21,
                                                                    "Actual Startup Time": 1.701,
                                                                    "Actual Total Time": 892.292,
                                                                    "Actual Rows": 373480,
                                                                    "Actual Loops": 4,
                                                                    "Output": [
                                                                        "ci.person_id",
                                                                        "t.title"
                                                                    ],
                                                                    "Inner Unique": false,
                                                                    "Workers": [
                                                                        {
                                                                            "Worker Number": 0,
                                                                            "Actual Startup Time": 1.759,
                                                                            "Actual Total Time": 889.978,
                                                                            "Actual Rows": 373480,
                                                                            "Actual Loops": 1
                                                                        },
                                                                        {
                                                                            "Worker Number": 1,
                                                                            "Actual Startup Time": 1.713,
                                                                            "Actual Total Time": 887.942,
                                                                            "Actual Rows": 373480,
                                                                            "Actual Loops": 1
                                                                        },
                                                                        {
                                                                            "Worker Number": 2,
                                                                            "Actual Startup Time": 1.813,
                                                                            "Actual Total Time": 888.591,
                                                                            "Actual Rows": 373480,
                                                                            "Actual Loops": 1
                                                                        }
                                                                    ],
                                                                    "Plans": [
                                                                        {
                                                                            "Node Type": "Nested Loop",
                                                                            "Parent Relationship": "Outer",
                                                                            "Parallel Aware": false,
                                                                            "Join Type": "Inner",
                                                                            "Startup Cost": 39.25,
                                                                            "Total Cost": 7703.31,
                                                                            "Plan Rows": 1506,
                                                                            "Plan Width": 25,
                                                                            "Actual Startup Time": 1.485,
                                                                            "Actual Total Time": 63.963,
                                                                            "Actual Rows": 4508,
                                                                            "Actual Loops": 4,
                                                                            "Output": [
                                                                                "ml.linked_movie_id",
                                                                                "t.title",
                                                                                "t.id"
                                                                            ],
                                                                            "Inner Unique": true,
                                                                            "Workers": [
                                                                                {
                                                                                    "Worker Number": 0,
                                                                                    "Actual Startup Time": 1.551,
                                                                                    "Actual Total Time": 63.932,
                                                                                    "Actual Rows": 4508,
                                                                                    "Actual Loops": 1
                                                                                },
                                                                                {
                                                                                    "Worker Number": 1,
                                                                                    "Actual Startup Time": 1.481,
                                                                                    "Actual Total Time": 63.666,
                                                                                    "Actual Rows": 4508,
                                                                                    "Actual Loops": 1
                                                                                },
                                                                                {
                                                                                    "Worker Number": 2,
                                                                                    "Actual Startup Time": 1.549,
                                                                                    "Actual Total Time": 63.826,
                                                                                    "Actual Rows": 4508,
                                                                                    "Actual Loops": 1
                                                                                }
                                                                            ],
                                                                            "Plans": [
                                                                                {
                                                                                    "Node Type": "Nested Loop",
                                                                                    "Parent Relationship": "Outer",
                                                                                    "Parallel Aware": false,
                                                                                    "Join Type": "Inner",
                                                                                    "Startup Cost": 38.82,
                                                                                    "Total Cost": 245.23,
                                                                                    "Plan Rows": 1666,
                                                                                    "Plan Width": 4,
                                                                                    "Actual Startup Time": 1.228,
                                                                                    "Actual Total Time": 4.17,
                                                                                    "Actual Rows": 5186,
                                                                                    "Actual Loops": 4,
                                                                                    "Output": [
                                                                                        "ml.linked_movie_id"
                                                                                    ],
                                                                                    "Inner Unique": false,
                                                                                    "Workers": [
                                                                                        {
                                                                                            "Worker Number": 0,
                                                                                            "Actual Startup Time": 1.25,
                                                                                            "Actual Total Time": 4.138,
                                                                                            "Actual Rows": 5186,
                                                                                            "Actual Loops": 1
                                                                                        },
                                                                                        {
                                                                                            "Worker Number": 1,
                                                                                            "Actual Startup Time": 1.201,
                                                                                            "Actual Total Time": 4.106,
                                                                                            "Actual Rows": 5186,
                                                                                            "Actual Loops": 1
                                                                                        },
                                                                                        {
                                                                                            "Worker Number": 2,
                                                                                            "Actual Startup Time": 1.25,
                                                                                            "Actual Total Time": 4.185,
                                                                                            "Actual Rows": 5186,
                                                                                            "Actual Loops": 1
                                                                                        }
                                                                                    ],
                                                                                    "Plans": [
                                                                                        {
                                                                                            "Node Type": "Seq Scan",
                                                                                            "Parent Relationship": "Outer",
                                                                                            "Parallel Aware": false,
                                                                                            "Relation Name": "link_type",
                                                                                            "Schema": "public",
                                                                                            "Alias": "lt",
                                                                                            "Startup Cost": 0.0,
                                                                                            "Total Cost": 1.23,
                                                                                            "Plan Rows": 1,
                                                                                            "Plan Width": 4,
                                                                                            "Actual Startup Time": 0.066,
                                                                                            "Actual Total Time": 0.072,
                                                                                            "Actual Rows": 1,
                                                                                            "Actual Loops": 4,
                                                                                            "Output": [
                                                                                                "lt.id",
                                                                                                "lt.link"
                                                                                            ],
                                                                                            "Filter": "((lt.link)::text = 'features'::text)",
                                                                                            "Rows Removed by Filter": 17,
                                                                                            "Workers": [
                                                                                                {
                                                                                                    "Worker Number": 0,
                                                                                                    "Actual Startup Time": 0.081,
                                                                                                    "Actual Total Time": 0.088,
                                                                                                    "Actual Rows": 1,
                                                                                                    "Actual Loops": 1
                                                                                                },
                                                                                                {
                                                                                                    "Worker Number": 1,
                                                                                                    "Actual Startup Time": 0.08,
                                                                                                    "Actual Total Time": 0.086,
                                                                                                    "Actual Rows": 1,
                                                                                                    "Actual Loops": 1
                                                                                                },
                                                                                                {
                                                                                                    "Worker Number": 2,
                                                                                                    "Actual Startup Time": 0.079,
                                                                                                    "Actual Total Time": 0.086,
                                                                                                    "Actual Rows": 1,
                                                                                                    "Actual Loops": 1
                                                                                                }
                                                                                            ]
                                                                                        },
                                                                                        {
                                                                                            "Node Type": "Bitmap Heap Scan",
                                                                                            "Parent Relationship": "Inner",
                                                                                            "Parallel Aware": false,
                                                                                            "Relation Name": "movie_link",
                                                                                            "Schema": "public",
                                                                                            "Alias": "ml",
                                                                                            "Startup Cost": 38.82,
                                                                                            "Total Cost": 225.26,
                                                                                            "Plan Rows": 1875,
                                                                                            "Plan Width": 8,
                                                                                            "Actual Startup Time": 1.149,
                                                                                            "Actual Total Time": 3.015,
                                                                                            "Actual Rows": 5186,
                                                                                            "Actual Loops": 4,
                                                                                            "Output": [
                                                                                                "ml.id",
                                                                                                "ml.movie_id",
                                                                                                "ml.linked_movie_id",
                                                                                                "ml.link_type_id"
                                                                                            ],
                                                                                            "Recheck Cond": "(ml.link_type_id = lt.id)",
                                                                                            "Rows Removed by Index Recheck": 0,
                                                                                            "Exact Heap Blocks": 132,
                                                                                            "Lossy Heap Blocks": 0,
                                                                                            "Workers": [
                                                                                                {
                                                                                                    "Worker Number": 0,
                                                                                                    "Actual Startup Time": 1.156,
                                                                                                    "Actual Total Time": 2.982,
                                                                                                    "Actual Rows": 5186,
                                                                                                    "Actual Loops": 1
                                                                                                },
                                                                                                {
                                                                                                    "Worker Number": 1,
                                                                                                    "Actual Startup Time": 1.107,
                                                                                                    "Actual Total Time": 2.959,
                                                                                                    "Actual Rows": 5186,
                                                                                                    "Actual Loops": 1
                                                                                                },
                                                                                                {
                                                                                                    "Worker Number": 2,
                                                                                                    "Actual Startup Time": 1.158,
                                                                                                    "Actual Total Time": 3.011,
                                                                                                    "Actual Rows": 5186,
                                                                                                    "Actual Loops": 1
                                                                                                }
                                                                                            ],
                                                                                            "Plans": [
                                                                                                {
                                                                                                    "Node Type": "Bitmap Index Scan",
                                                                                                    "Parent Relationship": "Outer",
                                                                                                    "Parallel Aware": false,
                                                                                                    "Index Name": "link_type_id_movie_link",
                                                                                                    "Startup Cost": 0.0,
                                                                                                    "Total Cost": 38.35,
                                                                                                    "Plan Rows": 1875,
                                                                                                    "Plan Width": 0,
                                                                                                    "Actual Startup Time": 1.071,
                                                                                                    "Actual Total Time": 1.071,
                                                                                                    "Actual Rows": 5186,
                                                                                                    "Actual Loops": 4,
                                                                                                    "Index Cond": "(ml.link_type_id = lt.id)",
                                                                                                    "Workers": [
                                                                                                        {
                                                                                                            "Worker Number": 0,
                                                                                                            "Actual Startup Time": 1.081,
                                                                                                            "Actual Total Time": 1.082,
                                                                                                            "Actual Rows": 5186,
                                                                                                            "Actual Loops": 1
                                                                                                        },
                                                                                                        {
                                                                                                            "Worker Number": 1,
                                                                                                            "Actual Startup Time": 1.034,
                                                                                                            "Actual Total Time": 1.034,
                                                                                                            "Actual Rows": 5186,
                                                                                                            "Actual Loops": 1
                                                                                                        },
                                                                                                        {
                                                                                                            "Worker Number": 2,
                                                                                                            "Actual Startup Time": 1.08,
                                                                                                            "Actual Total Time": 1.081,
                                                                                                            "Actual Rows": 5186,
                                                                                                            "Actual Loops": 1
                                                                                                        }
                                                                                                    ]
                                                                                                }
                                                                                            ]
                                                                                        }
                                                                                    ]
                                                                                },
                                                                                {
                                                                                    "Node Type": "Index Scan",
                                                                                    "Parent Relationship": "Inner",
                                                                                    "Parallel Aware": false,
                                                                                    "Scan Direction": "Forward",
                                                                                    "Index Name": "title_pkey",
                                                                                    "Relation Name": "title",
                                                                                    "Schema": "public",
                                                                                    "Alias": "t",
                                                                                    "Startup Cost": 0.43,
                                                                                    "Total Cost": 4.48,
                                                                                    "Plan Rows": 1,
                                                                                    "Plan Width": 21,
                                                                                    "Actual Startup Time": 0.011,
                                                                                    "Actual Total Time": 0.011,
                                                                                    "Actual Rows": 1,
                                                                                    "Actual Loops": 20744,
                                                                                    "Output": [
                                                                                        "t.id",
                                                                                        "t.title",
                                                                                        "t.imdb_index",
                                                                                        "t.kind_id",
                                                                                        "t.production_year",
                                                                                        "t.imdb_id",
                                                                                        "t.phonetic_code",
                                                                                        "t.episode_of_id",
                                                                                        "t.season_nr",
                                                                                        "t.episode_nr",
                                                                                        "t.series_years",
                                                                                        "t.md5sum"
                                                                                    ],
                                                                                    "Index Cond": "(t.id = ml.linked_movie_id)",
                                                                                    "Rows Removed by Index Recheck": 0,
                                                                                    "Filter": "((t.production_year >= 1953) AND (t.production_year <= 2013))",
                                                                                    "Rows Removed by Filter": 0,
                                                                                    "Workers": [
                                                                                        {
                                                                                            "Worker Number": 0,
                                                                                            "Actual Startup Time": 0.011,
                                                                                            "Actual Total Time": 0.011,
                                                                                            "Actual Rows": 1,
                                                                                            "Actual Loops": 5186
                                                                                        },
                                                                                        {
                                                                                            "Worker Number": 1,
                                                                                            "Actual Startup Time": 0.011,
                                                                                            "Actual Total Time": 0.011,
                                                                                            "Actual Rows": 1,
                                                                                            "Actual Loops": 5186
                                                                                        },
                                                                                        {
                                                                                            "Worker Number": 2,
                                                                                            "Actual Startup Time": 0.011,
                                                                                            "Actual Total Time": 0.011,
                                                                                            "Actual Rows": 1,
                                                                                            "Actual Loops": 5186
                                                                                        }
                                                                                    ]
                                                                                }
                                                                            ]
                                                                        },
                                                                        {
                                                                            "Node Type": "Index Scan",
                                                                            "Parent Relationship": "Inner",
                                                                            "Parallel Aware": false,
                                                                            "Scan Direction": "Forward",
                                                                            "Index Name": "movie_id_cast_info",
                                                                            "Relation Name": "cast_info",
                                                                            "Schema": "public",
                                                                            "Alias": "ci",
                                                                            "Startup Cost": 0.56,
                                                                            "Total Cost": 1.85,
                                                                            "Plan Rows": 35,
                                                                            "Plan Width": 8,
                                                                            "Actual Startup Time": 0.016,
                                                                            "Actual Total Time": 0.169,
                                                                            "Actual Rows": 83,
                                                                            "Actual Loops": 18032,
                                                                            "Output": [
                                                                                "ci.id",
                                                                                "ci.person_id",
                                                                                "ci.movie_id",
                                                                                "ci.person_role_id",
                                                                                "ci.note",
                                                                                "ci.nr_order",
                                                                                "ci.role_id"
                                                                            ],
                                                                            "Index Cond": "(ci.movie_id = t.id)",
                                                                            "Rows Removed by Index Recheck": 0,
                                                                            "Workers": [
                                                                                {
                                                                                    "Worker Number": 0,
                                                                                    "Actual Startup Time": 0.017,
                                                                                    "Actual Total Time": 0.169,
                                                                                    "Actual Rows": 83,
                                                                                    "Actual Loops": 4508
                                                                                },
                                                                                {
                                                                                    "Worker Number": 1,
                                                                                    "Actual Startup Time": 0.016,
                                                                                    "Actual Total Time": 0.169,
                                                                                    "Actual Rows": 83,
                                                                                    "Actual Loops": 4508
                                                                                },
                                                                                {
                                                                                    "Worker Number": 2,
                                                                                    "Actual Startup Time": 0.016,
                                                                                    "Actual Total Time": 0.168,
                                                                                    "Actual Rows": 83,
                                                                                    "Actual Loops": 4508
                                                                                }
                                                                            ]
                                                                        }
                                                                    ]
                                                                }
                                                            ]
                                                        }
                                                    ]
                                                },
                                                {
                                                    "Node Type": "Index Scan",
                                                    "Parent Relationship": "Inner",
                                                    "Parallel Aware": false,
                                                    "Scan Direction": "Forward",
                                                    "Index Name": "name_pkey",
                                                    "Relation Name": "name",
                                                    "Schema": "public",
                                                    "Alias": "n",
                                                    "Startup Cost": 0.43,
                                                    "Total Cost": 0.47,
                                                    "Plan Rows": 1,
                                                    "Plan Width": 19,
                                                    "Actual Startup Time": 0.005,
                                                    "Actual Total Time": 0.005,
                                                    "Actual Rows": 0,
                                                    "Actual Loops": 20569,
                                                    "Output": [
                                                        "n.id",
                                                        "n.name",
                                                        "n.imdb_index",
                                                        "n.imdb_id",
                                                        "n.gender",
                                                        "n.name_pcode_cf",
                                                        "n.name_pcode_nf",
                                                        "n.surname_pcode",
                                                        "n.md5sum"
                                                    ],
                                                    "Index Cond": "(n.id = ci.person_id)",
                                                    "Rows Removed by Index Recheck": 0,
                                                    "Filter": "(((n.name_pcode_cf)::text >= 'F'::text) AND ((n.name_pcode_cf)::text <= 'U'::text) AND (((n.gender)::text = 'm'::text) OR (((n.gender)::text = 'f'::text) AND (n.name ~~ 'B%'::text))))",
                                                    "Rows Removed by Filter": 1,
                                                    "Workers": [
                                                        {
                                                            "Worker Number": 0,
                                                            "Actual Startup Time": 0.005,
                                                            "Actual Total Time": 0.005,
                                                            "Actual Rows": 0,
                                                            "Actual Loops": 5211
                                                        },
                                                        {
                                                            "Worker Number": 1,
                                                            "Actual Startup Time": 0.005,
                                                            "Actual Total Time": 0.005,
                                                            "Actual Rows": 0,
                                                            "Actual Loops": 5483
                                                        },
                                                        {
                                                            "Worker Number": 2,
                                                            "Actual Startup Time": 0.005,
                                                            "Actual Total Time": 0.005,
                                                            "Actual Rows": 0,
                                                            "Actual Loops": 4883
                                                        }
                                                    ]
                                                }
                                            ]
                                        },
                                        {
                                            "Node Type": "Index Scan",
                                            "Parent Relationship": "Inner",
                                            "Parallel Aware": false,
                                            "Scan Direction": "Forward",
                                            "Index Name": "person_id_person_info",
                                            "Relation Name": "person_info",
                                            "Schema": "public",
                                            "Alias": "pi",
                                            "Startup Cost": 0.43,
                                            "Total Cost": 0.94,
                                            "Plan Rows": 1,
                                            "Plan Width": 8,
                                            "Actual Startup Time": 0.013,
                                            "Actual Total Time": 0.013,
                                            "Actual Rows": 0,
                                            "Actual Loops": 8601,
                                            "Output": [
                                                "pi.id",
                                                "pi.person_id",
                                                "pi.info_type_id",
                                                "pi.info",
                                                "pi.note"
                                            ],
                                            "Index Cond": "(pi.person_id = ci.person_id)",
                                            "Rows Removed by Index Recheck": 0,
                                            "Filter": "(pi.note = 'Volker Boehm'::text)",
                                            "Rows Removed by Filter": 36,
                                            "Workers": [
                                                {
                                                    "Worker Number": 0,
                                                    "Actual Startup Time": 0.013,
                                                    "Actual Total Time": 0.013,
                                                    "Actual Rows": 0,
                                                    "Actual Loops": 2107
                                                },
                                                {
                                                    "Worker Number": 1,
                                                    "Actual Startup Time": 0.011,
                                                    "Actual Total Time": 0.011,
                                                    "Actual Rows": 0,
                                                    "Actual Loops": 2339
                                                },
                                                {
                                                    "Worker Number": 2,
                                                    "Actual Startup Time": 0.012,
                                                    "Actual Total Time": 0.013,
                                                    "Actual Rows": 0,
                                                    "Actual Loops": 2095
                                                }
                                            ]
                                        }
                                    ]
                                }
                            ]
                        },
                        {
                            "Node Type": "Index Scan",
                            "Parent Relationship": "Inner",
                            "Parallel Aware": false,
                            "Scan Direction": "Forward",
                            "Index Name": "info_type_pkey",
                            "Relation Name": "info_type",
                            "Schema": "public",
                            "Alias": "it",
                            "Startup Cost": 0.14,
                            "Total Cost": 0.56,
                            "Plan Rows": 1,
                            "Plan Width": 4,
                            "Actual Startup Time": 0.001,
                            "Actual Total Time": 0.001,
                            "Actual Rows": 1,
                            "Actual Loops": 54,
                            "Output": [
                                "it.id",
                                "it.info"
                            ],
                            "Index Cond": "(it.id = pi.info_type_id)",
                            "Rows Removed by Index Recheck": 0,
                            "Filter": "((it.info)::text = 'mini biography'::text)",
                            "Rows Removed by Filter": 0
                        }
                    ]
                }
            ]
        },
        "Planning Time": 1419.127,
        "Triggers": [],
        "Execution Time": 1268.067
    }
]