{
  "Plan": {
    "Node Type": "Aggregate",
    "Strategy": "Plain",
    "Partial Mode": "Finalize",
    "Parallel Aware": false,
    "Startup Cost": 595291.34,
    "Total Cost": 595291.35,
    "Plan Rows": 1,
    "Plan Width": 8,
    "Actual Startup Time": 1988.144,
    "Actual Total Time": 2021.128,
    "Actual Rows": 1,
    "Actual Loops": 1,
    "Plans": [
      {
        "Node Type": "Gather",
        "Parent Relationship": "Outer",
        "Parallel Aware": false,
        "Startup Cost": 595291.23,
        "Total Cost": 595291.34,
        "Plan Rows": 1,
        "Plan Width": 8,
        "Actual Startup Time": 1985.161,
        "Actual Total Time": 2021.117,
        "Actual Rows": 2,
        "Actual Loops": 1,
        "Workers Planned": 1,
        "Workers Launched": 1,
        "Single Copy": false,
        "Plans": [
          {
            "Node Type": "Aggregate",
            "Strategy": "Plain",
            "Partial Mode": "Partial",
            "Parent Relationship": "Outer",
            "Parallel Aware": false,
            "Startup Cost": 594291.23,
            "Total Cost": 594291.24,
            "Plan Rows": 1,
            "Plan Width": 8,
            "Actual Startup Time": 1979.21,
            "Actual Total Time": 1979.215,
            "Actual Rows": 1,
            "Actual Loops": 2,
            "Plans": [
              {
                "Node Type": "Hash Join",
                "Parent Relationship": "Outer",
                "Parallel Aware": true,
                "Join Type": "Inner",
                "Startup Cost": 250396.57,
                "Total Cost": 589998.99,
                "Plan Rows": 1716895,
                "Plan Width": 0,
                "Actual Startup Time": 700.179,
                "Actual Total Time": 1929.54,
                "Actual Rows": 1180452,
                "Actual Loops": 2,
                "Inner Unique": true,
                "Hash Cond": "(ci.movie_id = t.id)",
                "Plans": [
                  {
                    "Node Type": "Bitmap Heap Scan",
                    "Parent Relationship": "Outer",
                    "Parallel Aware": true,
                    "Relation Name": "cast_info",
                    "Alias": "ci",
                    "Startup Cost": 188518.27,
                    "Total Cost": 516627.51,
                    "Plan Rows": 4378345,
                    "Plan Width": 4,
                    "Actual Startup Time": 429.532,
                    "Actual Total Time": 954.013,
                    "Actual Rows": 2598984,
                    "Actual Loops": 2,
                    "Recheck Cond": "(person_id > 2839241)",
                    "Rows Removed by Index Recheck": 0,
                    "Filter": "(role_id < 10)",
                    "Rows Removed by Filter": 1633743,
                    "Exact Heap Blocks": 51485,
                    "Lossy Heap Blocks": 0,
                    "Plans": [
                      {
                        "Node Type": "Bitmap Index Scan",
                        "Parent Relationship": "Outer",
                        "Parallel Aware": false,
                        "Index Name": "person_id_cast_info",
                        "Startup Cost": 0.0,
                        "Total Cost": 186657.47,
                        "Plan Rows": 8547854,
                        "Plan Width": 0,
                        "Actual Startup Time": 412.61,
                        "Actual Total Time": 412.611,
                        "Actual Rows": 8465455,
                        "Actual Loops": 1,
                        "Index Cond": "(person_id > 2839241)"
                      }
                    ]
                  },
                  {
                    "Node Type": "Hash",
                    "Parent Relationship": "Inner",
                    "Parallel Aware": true,
                    "Startup Cost": 54588.39,
                    "Total Cost": 54588.39,
                    "Plan Rows": 583193,
                    "Plan Width": 4,
                    "Actual Startup Time": 260.806,
                    "Actual Total Time": 260.807,
                    "Actual Rows": 492524,
                    "Actual Loops": 2,
                    "Hash Buckets": 1048576,
                    "Original Hash Buckets": 1048576,
                    "Hash Batches": 1,
                    "Original Hash Batches": 1,
                    "Peak Memory Usage": 46752,
                    "Plans": [
                      {
                        "Node Type": "Seq Scan",
                        "Parent Relationship": "Outer",
                        "Parallel Aware": true,
                        "Relation Name": "title",
                        "Alias": "t",
                        "Startup Cost": 0.0,
                        "Total Cost": 54588.39,
                        "Plan Rows": 583193,
                        "Plan Width": 4,
                        "Actual Startup Time": 0.039,
                        "Actual Total Time": 151.259,
                        "Actual Rows": 492524,
                        "Actual Loops": 2,
                        "Filter": "(kind_id < 7)",
                        "Rows Removed by Filter": 771632
                      }
                    ]
                  }
                ]
              }
            ]
          }
        ]
      }
    ]
  },
  "Planning Time": 0.726,
  "Triggers": [],
  "Execution Time": 2021.225
}