[
  {
    "Plan": {
      "Node Type": "Aggregate",
      "Strategy": "Plain",
      "Partial Mode": "Finalize",
      "Parallel Aware": false,
      "Startup Cost": 32851.37,
      "Total Cost": 32851.38,
      "Plan Rows": 1,
      "Plan Width": 8,
      "Actual Startup Time": 103.262,
      "Actual Total Time": 111.336,
      "Actual Rows": 1,
      "Actual Loops": 1,
      "Plans": [
        {
          "Node Type": "Gather",
          "Parent Relationship": "Outer",
          "Parallel Aware": false,
          "Startup Cost": 32851.05,
          "Total Cost": 32851.36,
          "Plan Rows": 3,
          "Plan Width": 8,
          "Actual Startup Time": 103.157,
          "Actual Total Time": 111.327,
          "Actual Rows": 4,
          "Actual Loops": 1,
          "Workers Planned": 3,
          "Workers Launched": 3,
          "Single Copy": false,
          "Plans": [
            {
              "Node Type": "Aggregate",
              "Strategy": "Plain",
              "Partial Mode": "Partial",
              "Parent Relationship": "Outer",
              "Parallel Aware": false,
              "Startup Cost": 31851.05,
              "Total Cost": 31851.06,
              "Plan Rows": 1,
              "Plan Width": 8,
              "Actual Startup Time": 95.632,
              "Actual Total Time": 95.634,
              "Actual Rows": 1,
              "Actual Loops": 4,
              "Plans": [
                {
                  "Node Type": "Seq Scan",
                  "Parent Relationship": "Outer",
                  "Parallel Aware": true,
                  "Relation Name": "movie_companies",
                  "Alias": "mc",
                  "Startup Cost": 0.0,
                  "Total Cost": 31414.82,
                  "Plan Rows": 174494,
                  "Plan Width": 0,
                  "Actual Startup Time": 0.051,
                  "Actual Total Time": 82.459,
                  "Actual Rows": 187318,
                  "Actual Loops": 4,
                  "Filter": "((company_id < 7435) AND (company_type_id = 1))",
                  "Rows Removed by Filter": 464964
                }
              ]
            }
          ]
        }
      ]
    },
    "Planning Time": 0.169,
    "Triggers": [],
    "Execution Time": 111.383
  }
]