[
  {
    "Plan": {
      "Node Type": "Aggregate",
      "Strategy": "Plain",
      "Partial Mode": "Simple",
      "Parallel Aware": false,
      "Startup Cost": 5677.06,
      "Total Cost": 5677.07,
      "Plan Rows": 1,
      "Plan Width": 8,
      "Actual Startup Time": 33.573,
      "Actual Total Time": 33.577,
      "Actual Rows": 1,
      "Actual Loops": 1,
      "Plans": [
        {
          "Node Type": "Nested Loop",
          "Parent Relationship": "Outer",
          "Parallel Aware": false,
          "Join Type": "Inner",
          "Startup Cost": 1.43,
          "Total Cost": 5674.21,
          "Plan Rows": 1140,
          "Plan Width": 0,
          "Actual Startup Time": 0.654,
          "Actual Total Time": 33.453,
          "Actual Rows": 639,
          "Actual Loops": 1,
          "Inner Unique": false,
          "Plans": [
            {
              "Node Type": "Nested Loop",
              "Parent Relationship": "Outer",
              "Parallel Aware": false,
              "Join Type": "Inner",
              "Startup Cost": 0.99,
              "Total Cost": 5194.08,
              "Plan Rows": 195,
              "Plan Width": 8,
              "Actual Startup Time": 0.631,
              "Actual Total Time": 32.228,
              "Actual Rows": 19,
              "Actual Loops": 1,
              "Inner Unique": true,
              "Plans": [
                {
                  "Node Type": "Index Scan",
                  "Parent Relationship": "Outer",
                  "Parallel Aware": false,
                  "Scan Direction": "Forward",
                  "Index Name": "person_id_cast_info",
                  "Relation Name": "cast_info",
                  "Alias": "ci",
                  "Startup Cost": 0.56,
                  "Total Cost": 1058.43,
                  "Plan Rows": 497,
                  "Plan Width": 4,
                  "Actual Startup Time": 0.597,
                  "Actual Total Time": 23.598,
                  "Actual Rows": 1299,
                  "Actual Loops": 1,
                  "Index Cond": "(person_id = 1158501)",
                  "Rows Removed by Index Recheck": 0
                },
                {
                  "Node Type": "Index Scan",
                  "Parent Relationship": "Inner",
                  "Parallel Aware": false,
                  "Scan Direction": "Forward",
                  "Index Name": "title_pkey",
                  "Relation Name": "title",
                  "Alias": "t",
                  "Startup Cost": 0.43,
                  "Total Cost": 8.32,
                  "Plan Rows": 1,
                  "Plan Width": 4,
                  "Actual Startup Time": 0.006,
                  "Actual Total Time": 0.006,
                  "Actual Rows": 0,
                  "Actual Loops": 1299,
                  "Index Cond": "(id = ci.movie_id)",
                  "Rows Removed by Index Recheck": 0,
                  "Filter": "(kind_id < 7)",
                  "Rows Removed by Filter": 1
                }
              ]
            },
            {
              "Node Type": "Index Only Scan",
              "Parent Relationship": "Inner",
              "Parallel Aware": false,
              "Scan Direction": "Forward",
              "Index Name": "movie_id_movie_info",
              "Relation Name": "movie_info",
              "Alias": "mi",
              "Startup Cost": 0.43,
              "Total Cost": 2.04,
              "Plan Rows": 42,
              "Plan Width": 4,
              "Actual Startup Time": 0.017,
              "Actual Total Time": 0.054,
              "Actual Rows": 34,
              "Actual Loops": 19,
              "Index Cond": "(movie_id = t.id)",
              "Rows Removed by Index Recheck": 0,
              "Heap Fetches": 639
            }
          ]
        }
      ]
    },
    "Planning Time": 1.344,
    "Triggers": [],
    "Execution Time": 33.651
  }
]