{
  "Plan": {
    "Node Type": "Aggregate",
    "Strategy": "Plain",
    "Partial Mode": "Finalize",
    "Parallel Aware": false,
    "Startup Cost": 132734.23,
    "Total Cost": 132734.24,
    "Plan Rows": 1,
    "Plan Width": 8,
    "Actual Startup Time": 709.815,
    "Actual Total Time": 776.713,
    "Actual Rows": 1,
    "Actual Loops": 1,
    "Plans": [
      {
        "Node Type": "Gather",
        "Parent Relationship": "Outer",
        "Parallel Aware": false,
        "Startup Cost": 132734.12,
        "Total Cost": 132734.23,
        "Plan Rows": 1,
        "Plan Width": 8,
        "Actual Startup Time": 709.503,
        "Actual Total Time": 776.705,
        "Actual Rows": 2,
        "Actual Loops": 1,
        "Workers Planned": 1,
        "Workers Launched": 1,
        "Single Copy": false,
        "Plans": [
          {
            "Node Type": "Aggregate",
            "Strategy": "Plain",
            "Partial Mode": "Partial",
            "Parent Relationship": "Outer",
            "Parallel Aware": false,
            "Startup Cost": 131734.12,
            "Total Cost": 131734.13,
            "Plan Rows": 1,
            "Plan Width": 8,
            "Actual Startup Time": 703.182,
            "Actual Total Time": 703.185,
            "Actual Rows": 1,
            "Actual Loops": 2,
            "Plans": [
              {
                "Node Type": "Nested Loop",
                "Parent Relationship": "Outer",
                "Parallel Aware": false,
                "Join Type": "Inner",
                "Startup Cost": 74127.53,
                "Total Cost": 131642.17,
                "Plan Rows": 36779,
                "Plan Width": 0,
                "Actual Startup Time": 188.077,
                "Actual Total Time": 693.135,
                "Actual Rows": 218764,
                "Actual Loops": 2,
                "Inner Unique": false,
                "Join Filter": "(t.id = ci.movie_id)",
                "Rows Removed by Join Filter": 0,
                "Plans": [
                  {
                    "Node Type": "Hash Join",
                    "Parent Relationship": "Outer",
                    "Parallel Aware": true,
                    "Join Type": "Inner",
                    "Startup Cost": 74126.97,
                    "Total Cost": 105080.54,
                    "Plan Rows": 7454,
                    "Plan Width": 8,
                    "Actual Startup Time": 187.411,
                    "Actual Total Time": 290.145,
                    "Actual Rows": 10881,
                    "Actual Loops": 2,
                    "Inner Unique": true,
                    "Hash Cond": "(mk.movie_id = t.id)",
                    "Plans": [
                      {
                        "Node Type": "Bitmap Heap Scan",
                        "Parent Relationship": "Outer",
                        "Parallel Aware": true,
                        "Relation Name": "movie_keyword",
                        "Alias": "mk",
                        "Startup Cost": 15498.05,
                        "Total Cost": 45323.6,
                        "Plan Rows": 429724,
                        "Plan Width": 4,
                        "Actual Startup Time": 41.367,
                        "Actual Total Time": 111.188,
                        "Actual Rows": 359446,
                        "Actual Loops": 2,
                        "Recheck Cond": "(keyword_id > 26077)",
                        "Rows Removed by Index Recheck": 0,
                        "Exact Heap Blocks": 15916,
                        "Lossy Heap Blocks": 0,
                        "Plans": [
                          {
                            "Node Type": "Bitmap Index Scan",
                            "Parent Relationship": "Outer",
                            "Parallel Aware": false,
                            "Index Name": "keyword_id_movie_keyword",
                            "Startup Cost": 0.0,
                            "Total Cost": 15315.42,
                            "Plan Rows": 730531,
                            "Plan Width": 0,
                            "Actual Startup Time": 37.763,
                            "Actual Total Time": 37.764,
                            "Actual Rows": 718892,
                            "Actual Loops": 1,
                            "Index Cond": "(keyword_id > 26077)"
                          }
                        ]
                      },
                      {
                        "Node Type": "Hash",
                        "Parent Relationship": "Inner",
                        "Parallel Aware": true,
                        "Startup Cost": 58306.47,
                        "Total Cost": 58306.47,
                        "Plan Rows": 25796,
                        "Plan Width": 4,
                        "Actual Startup Time": 142.311,
                        "Actual Total Time": 142.312,
                        "Actual Rows": 16952,
                        "Actual Loops": 2,
                        "Hash Buckets": 65536,
                        "Original Hash Buckets": 65536,
                        "Hash Batches": 1,
                        "Original Hash Batches": 1,
                        "Peak Memory Usage": 1888,
                        "Plans": [
                          {
                            "Node Type": "Seq Scan",
                            "Parent Relationship": "Outer",
                            "Parallel Aware": true,
                            "Relation Name": "title",
                            "Alias": "t",
                            "Startup Cost": 0.0,
                            "Total Cost": 58306.47,
                            "Plan Rows": 25796,
                            "Plan Width": 4,
                            "Actual Startup Time": 0.135,
                            "Actual Total Time": 137.638,
                            "Actual Rows": 16952,
                            "Actual Loops": 2,
                            "Filter": "((kind_id < 7) AND (production_year = 2006))",
                            "Rows Removed by Filter": 1247204
                          }
                        ]
                      }
                    ]
                  },
                  {
                    "Node Type": "Index Scan",
                    "Parent Relationship": "Inner",
                    "Parallel Aware": false,
                    "Scan Direction": "Forward",
                    "Index Name": "movie_id_cast_info",
                    "Relation Name": "cast_info",
                    "Alias": "ci",
                    "Startup Cost": 0.56,
                    "Total Cost": 3.4,
                    "Plan Rows": 13,
                    "Plan Width": 4,
                    "Actual Startup Time": 0.005,
                    "Actual Total Time": 0.035,
                    "Actual Rows": 20,
                    "Actual Loops": 21762,
                    "Index Cond": "(movie_id = mk.movie_id)",
                    "Rows Removed by Index Recheck": 0,
                    "Filter": "(role_id = 1)",
                    "Rows Removed by Filter": 45
                  }
                ]
              }
            ]
          }
        ]
      }
    ]
  },
  "Planning Time": 1.025,
  "Triggers": [],
  "Execution Time": 776.842
}