[
  {
    "Plan": {
      "Node Type": "Aggregate",
      "Strategy": "Plain",
      "Partial Mode": "Finalize",
      "Parallel Aware": false,
      "Startup Cost": 45399.58,
      "Total Cost": 45399.59,
      "Plan Rows": 1,
      "Plan Width": 8,
      "Actual Startup Time": 144.936,
      "Actual Total Time": 153.822,
      "Actual Rows": 1,
      "Actual Loops": 1,
      "Plans": [
        {
          "Node Type": "Gather",
          "Parent Relationship": "Outer",
          "Parallel Aware": false,
          "Startup Cost": 45399.26,
          "Total Cost": 45399.57,
          "Plan Rows": 3,
          "Plan Width": 8,
          "Actual Startup Time": 144.847,
          "Actual Total Time": 153.814,
          "Actual Rows": 4,
          "Actual Loops": 1,
          "Workers Planned": 3,
          "Workers Launched": 3,
          "Single Copy": false,
          "Plans": [
            {
              "Node Type": "Aggregate",
              "Strategy": "Plain",
              "Partial Mode": "Partial",
              "Parent Relationship": "Outer",
              "Parallel Aware": false,
              "Startup Cost": 44399.26,
              "Total Cost": 44399.27,
              "Plan Rows": 1,
              "Plan Width": 8,
              "Actual Startup Time": 136.78,
              "Actual Total Time": 136.781,
              "Actual Rows": 1,
              "Actual Loops": 4,
              "Plans": [
                {
                  "Node Type": "Seq Scan",
                  "Parent Relationship": "Outer",
                  "Parallel Aware": true,
                  "Relation Name": "movie_keyword",
                  "Alias": "mk",
                  "Startup Cost": 0.0,
                  "Total Cost": 42695.65,
                  "Plan Rows": 681444,
                  "Plan Width": 0,
                  "Actual Startup Time": 0.059,
                  "Actual Total Time": 111.576,
                  "Actual Rows": 529102,
                  "Actual Loops": 4,
                  "Filter": "(keyword_id < 3859)",
                  "Rows Removed by Filter": 601881
                }
              ]
            }
          ]
        }
      ]
    },
    "Planning Time": 0.17,
    "Triggers": [],
    "Execution Time": 153.875
  }
]