[
  {
    "Plan": {
      "Node Type": "Aggregate",
      "Strategy": "Plain",
      "Partial Mode": "Finalize",
      "Parallel Aware": false,
      "Startup Cost": 32666.35,
      "Total Cost": 32666.36,
      "Plan Rows": 1,
      "Plan Width": 8,
      "Actual Startup Time": 68.984,
      "Actual Total Time": 74.404,
      "Actual Rows": 1,
      "Actual Loops": 1,
      "Plans": [
        {
          "Node Type": "Gather",
          "Parent Relationship": "Outer",
          "Parallel Aware": false,
          "Startup Cost": 32666.03,
          "Total Cost": 32666.34,
          "Plan Rows": 3,
          "Plan Width": 8,
          "Actual Startup Time": 68.851,
          "Actual Total Time": 74.394,
          "Actual Rows": 4,
          "Actual Loops": 1,
          "Workers Planned": 3,
          "Workers Launched": 3,
          "Single Copy": false,
          "Plans": [
            {
              "Node Type": "Aggregate",
              "Strategy": "Plain",
              "Partial Mode": "Partial",
              "Parent Relationship": "Outer",
              "Parallel Aware": false,
              "Startup Cost": 31666.03,
              "Total Cost": 31666.04,
              "Plan Rows": 1,
              "Plan Width": 8,
              "Actual Startup Time": 64.512,
              "Actual Total Time": 64.513,
              "Actual Rows": 1,
              "Actual Loops": 4,
              "Plans": [
                {
                  "Node Type": "Seq Scan",
                  "Parent Relationship": "Outer",
                  "Parallel Aware": true,
                  "Relation Name": "movie_companies",
                  "Alias": "mc",
                  "Startup Cost": 0.0,
                  "Total Cost": 31414.82,
                  "Plan Rows": 100484,
                  "Plan Width": 0,
                  "Actual Startup Time": 36.489,
                  "Actual Total Time": 62.61,
                  "Actual Rows": 42392,
                  "Actual Loops": 4,
                  "Filter": "((company_id < 702) AND (company_type_id = 2))",
                  "Rows Removed by Filter": 609891
                }
              ]
            }
          ]
        }
      ]
    },
    "Planning Time": 0.075,
    "Triggers": [],
    "Execution Time": 74.427
  }
]