[
  {
    "Plan": {
      "Node Type": "Aggregate",
      "Strategy": "Plain",
      "Partial Mode": "Finalize",
      "Parallel Aware": false,
      "Startup Cost": 32664.69,
      "Total Cost": 32664.7,
      "Plan Rows": 1,
      "Plan Width": 8,
      "Actual Startup Time": 83.977,
      "Actual Total Time": 92.166,
      "Actual Rows": 1,
      "Actual Loops": 1,
      "Plans": [
        {
          "Node Type": "Gather",
          "Parent Relationship": "Outer",
          "Parallel Aware": false,
          "Startup Cost": 32664.37,
          "Total Cost": 32664.68,
          "Plan Rows": 3,
          "Plan Width": 8,
          "Actual Startup Time": 83.87,
          "Actual Total Time": 92.158,
          "Actual Rows": 4,
          "Actual Loops": 1,
          "Workers Planned": 3,
          "Workers Launched": 3,
          "Single Copy": false,
          "Plans": [
            {
              "Node Type": "Aggregate",
              "Strategy": "Plain",
              "Partial Mode": "Partial",
              "Parent Relationship": "Outer",
              "Parallel Aware": false,
              "Startup Cost": 31664.37,
              "Total Cost": 31664.38,
              "Plan Rows": 1,
              "Plan Width": 8,
              "Actual Startup Time": 76.962,
              "Actual Total Time": 76.963,
              "Actual Rows": 1,
              "Actual Loops": 4,
              "Plans": [
                {
                  "Node Type": "Seq Scan",
                  "Parent Relationship": "Outer",
                  "Parallel Aware": true,
                  "Relation Name": "movie_companies",
                  "Alias": "mc",
                  "Startup Cost": 0.0,
                  "Total Cost": 31414.82,
                  "Plan Rows": 99820,
                  "Plan Width": 0,
                  "Actual Startup Time": 48.177,
                  "Actual Total Time": 75.173,
                  "Actual Rows": 42392,
                  "Actual Loops": 4,
                  "Filter": "((company_id < 702) AND (company_type_id = 2))",
                  "Rows Removed by Filter": 609891
                }
              ]
            }
          ]
        }
      ]
    },
    "Planning Time": 0.216,
    "Triggers": [],
    "Execution Time": 92.221
  }
]