[
    {
        "Bao": {
            "Bao prediction": 1457.361,
            "Bao recommended hint": "(no hint)"
        }
    },
    {
        "Plan": {
            "Node Type": "Aggregate",
            "Strategy": "Plain",
            "Partial Mode": "Simple",
            "Parallel Aware": false,
            "Startup Cost": 11264.17,
            "Total Cost": 11264.18,
            "Plan Rows": 1,
            "Plan Width": 128,
            "Actual Startup Time": 2630.668,
            "Actual Total Time": 2630.675,
            "Actual Rows": 1,
            "Actual Loops": 1,
            "Output": [
                "min(mi.info)",
                "min(mi_idx.info)",
                "min(n.name)",
                "min(t.title)"
            ],
            "Plans": [
                {
                    "Node Type": "Nested Loop",
                    "Parent Relationship": "Outer",
                    "Parallel Aware": false,
                    "Join Type": "Inner",
                    "Startup Cost": 13.76,
                    "Total Cost": 11264.16,
                    "Plan Rows": 1,
                    "Plan Width": 80,
                    "Actual Startup Time": 66.016,
                    "Actual Total Time": 2630.289,
                    "Actual Rows": 406,
                    "Actual Loops": 1,
                    "Output": [
                        "mi.info",
                        "mi_idx.info",
                        "n.name",
                        "t.title"
                    ],
                    "Inner Unique": true,
                    "Plans": [
                        {
                            "Node Type": "Nested Loop",
                            "Parent Relationship": "Outer",
                            "Parallel Aware": false,
                            "Join Type": "Inner",
                            "Startup Cost": 13.63,
                            "Total Cost": 11263.98,
                            "Plan Rows": 1,
                            "Plan Width": 84,
                            "Actual Startup Time": 65.995,
                            "Actual Total Time": 2627.526,
                            "Actual Rows": 1226,
                            "Actual Loops": 1,
                            "Output": [
                                "cc.status_id",
                                "mi.info",
                                "mi_idx.info",
                                "n.name",
                                "t.title"
                            ],
                            "Inner Unique": true,
                            "Plans": [
                                {
                                    "Node Type": "Nested Loop",
                                    "Parent Relationship": "Outer",
                                    "Parallel Aware": false,
                                    "Join Type": "Inner",
                                    "Startup Cost": 13.2,
                                    "Total Cost": 11263.3,
                                    "Plan Rows": 1,
                                    "Plan Width": 73,
                                    "Actual Startup Time": 62.454,
                                    "Actual Total Time": 2606.412,
                                    "Actual Rows": 1711,
                                    "Actual Loops": 1,
                                    "Output": [
                                        "cc.status_id",
                                        "ci.person_id",
                                        "mi.info",
                                        "mi_idx.info",
                                        "t.title"
                                    ],
                                    "Inner Unique": true,
                                    "Join Filter": "(mi.info_type_id = it1.id)",
                                    "Rows Removed by Join Filter": 0,
                                    "Plans": [
                                        {
                                            "Node Type": "Nested Loop",
                                            "Parent Relationship": "Outer",
                                            "Parallel Aware": false,
                                            "Join Type": "Inner",
                                            "Startup Cost": 13.2,
                                            "Total Cost": 11260.87,
                                            "Plan Rows": 1,
                                            "Plan Width": 77,
                                            "Actual Startup Time": 62.439,
                                            "Actual Total Time": 2595.196,
                                            "Actual Rows": 1711,
                                            "Actual Loops": 1,
                                            "Output": [
                                                "cc.status_id",
                                                "ci.person_id",
                                                "mi.info",
                                                "mi.info_type_id",
                                                "mi_idx.info",
                                                "t.title"
                                            ],
                                            "Inner Unique": true,
                                            "Plans": [
                                                {
                                                    "Node Type": "Nested Loop",
                                                    "Parent Relationship": "Outer",
                                                    "Parallel Aware": false,
                                                    "Join Type": "Inner",
                                                    "Startup Cost": 13.07,
                                                    "Total Cost": 11260.71,
                                                    "Plan Rows": 1,
                                                    "Plan Width": 81,
                                                    "Actual Startup Time": 62.427,
                                                    "Actual Total Time": 2591.152,
                                                    "Actual Rows": 1711,
                                                    "Actual Loops": 1,
                                                    "Output": [
                                                        "cc.subject_id",
                                                        "cc.status_id",
                                                        "ci.person_id",
                                                        "mi.info",
                                                        "mi.info_type_id",
                                                        "mi_idx.info",
                                                        "t.title"
                                                    ],
                                                    "Inner Unique": false,
                                                    "Join Filter": "(t.id = mi.movie_id)",
                                                    "Rows Removed by Join Filter": 0,
                                                    "Plans": [
                                                        {
                                                            "Node Type": "Nested Loop",
                                                            "Parent Relationship": "Outer",
                                                            "Parallel Aware": false,
                                                            "Join Type": "Inner",
                                                            "Startup Cost": 12.64,
                                                            "Total Cost": 11259.25,
                                                            "Plan Rows": 1,
                                                            "Plan Width": 54,
                                                            "Actual Startup Time": 20.216,
                                                            "Actual Total Time": 2185.99,
                                                            "Actual Rows": 5709,
                                                            "Actual Loops": 1,
                                                            "Output": [
                                                                "cc.movie_id",
                                                                "cc.subject_id",
                                                                "cc.status_id",
                                                                "ci.movie_id",
                                                                "ci.person_id",
                                                                "mi_idx.info",
                                                                "mi_idx.movie_id",
                                                                "mk.movie_id",
                                                                "t.title",
                                                                "t.id"
                                                            ],
                                                            "Inner Unique": false,
                                                            "Join Filter": "(t.id = ci.movie_id)",
                                                            "Rows Removed by Join Filter": 0,
                                                            "Plans": [
                                                                {
                                                                    "Node Type": "Nested Loop",
                                                                    "Parent Relationship": "Outer",
                                                                    "Parallel Aware": false,
                                                                    "Join Type": "Inner",
                                                                    "Startup Cost": 12.07,
                                                                    "Total Cost": 11257.5,
                                                                    "Plan Rows": 1,
                                                                    "Plan Width": 46,
                                                                    "Actual Startup Time": 16.072,
                                                                    "Actual Total Time": 874.01,
                                                                    "Actual Rows": 6238,
                                                                    "Actual Loops": 1,
                                                                    "Output": [
                                                                        "cc.movie_id",
                                                                        "cc.subject_id",
                                                                        "cc.status_id",
                                                                        "mi_idx.info",
                                                                        "mi_idx.movie_id",
                                                                        "mk.movie_id",
                                                                        "t.title",
                                                                        "t.id"
                                                                    ],
                                                                    "Inner Unique": true,
                                                                    "Join Filter": "(mi_idx.movie_id = t.id)",
                                                                    "Rows Removed by Join Filter": 0,
                                                                    "Plans": [
                                                                        {
                                                                            "Node Type": "Nested Loop",
                                                                            "Parent Relationship": "Outer",
                                                                            "Parallel Aware": false,
                                                                            "Join Type": "Inner",
                                                                            "Startup Cost": 11.64,
                                                                            "Total Cost": 11256.5,
                                                                            "Plan Rows": 2,
                                                                            "Plan Width": 25,
                                                                            "Actual Startup Time": 13.437,
                                                                            "Actual Total Time": 724.463,
                                                                            "Actual Rows": 35346,
                                                                            "Actual Loops": 1,
                                                                            "Output": [
                                                                                "cc.movie_id",
                                                                                "cc.subject_id",
                                                                                "cc.status_id",
                                                                                "mi_idx.info",
                                                                                "mi_idx.movie_id",
                                                                                "mk.movie_id"
                                                                            ],
                                                                            "Inner Unique": false,
                                                                            "Plans": [
                                                                                {
                                                                                    "Node Type": "Nested Loop",
                                                                                    "Parent Relationship": "Outer",
                                                                                    "Parallel Aware": false,
                                                                                    "Join Type": "Inner",
                                                                                    "Startup Cost": 11.22,
                                                                                    "Total Cost": 11253.63,
                                                                                    "Plan Rows": 6,
                                                                                    "Plan Width": 13,
                                                                                    "Actual Startup Time": 12.874,
                                                                                    "Actual Total Time": 581.415,
                                                                                    "Actual Rows": 63701,
                                                                                    "Actual Loops": 1,
                                                                                    "Output": [
                                                                                        "mi_idx.info",
                                                                                        "mi_idx.movie_id",
                                                                                        "mk.movie_id"
                                                                                    ],
                                                                                    "Inner Unique": false,
                                                                                    "Join Filter": "(mi_idx.info_type_id = it2.id)",
                                                                                    "Rows Removed by Join Filter": 127988,
                                                                                    "Plans": [
                                                                                        {
                                                                                            "Node Type": "Seq Scan",
                                                                                            "Parent Relationship": "Outer",
                                                                                            "Parallel Aware": false,
                                                                                            "Relation Name": "info_type",
                                                                                            "Schema": "public",
                                                                                            "Alias": "it2",
                                                                                            "Startup Cost": 0.0,
                                                                                            "Total Cost": 2.41,
                                                                                            "Plan Rows": 1,
                                                                                            "Plan Width": 4,
                                                                                            "Actual Startup Time": 0.048,
                                                                                            "Actual Total Time": 0.051,
                                                                                            "Actual Rows": 1,
                                                                                            "Actual Loops": 1,
                                                                                            "Output": [
                                                                                                "it2.id",
                                                                                                "it2.info"
                                                                                            ],
                                                                                            "Filter": "((it2.info)::text = 'votes'::text)",
                                                                                            "Rows Removed by Filter": 112
                                                                                        },
                                                                                        {
                                                                                            "Node Type": "Nested Loop",
                                                                                            "Parent Relationship": "Inner",
                                                                                            "Parallel Aware": false,
                                                                                            "Join Type": "Inner",
                                                                                            "Startup Cost": 11.22,
                                                                                            "Total Cost": 11242.1,
                                                                                            "Plan Rows": 729,
                                                                                            "Plan Width": 17,
                                                                                            "Actual Startup Time": 12.818,
                                                                                            "Actual Total Time": 560.278,
                                                                                            "Actual Rows": 191689,
                                                                                            "Actual Loops": 1,
                                                                                            "Output": [
                                                                                                "mk.movie_id",
                                                                                                "mi_idx.info",
                                                                                                "mi_idx.movie_id",
                                                                                                "mi_idx.info_type_id"
                                                                                            ],
                                                                                            "Inner Unique": false,
                                                                                            "Plans": [
                                                                                                {
                                                                                                    "Node Type": "Nested Loop",
                                                                                                    "Parent Relationship": "Outer",
                                                                                                    "Parallel Aware": false,
                                                                                                    "Join Type": "Inner",
                                                                                                    "Startup Cost": 10.8,
                                                                                                    "Total Cost": 11118.79,
                                                                                                    "Plan Rows": 236,
                                                                                                    "Plan Width": 4,
                                                                                                    "Actual Startup Time": 12.738,
                                                                                                    "Actual Total Time": 180.829,
                                                                                                    "Actual Rows": 76714,
                                                                                                    "Actual Loops": 1,
                                                                                                    "Output": [
                                                                                                        "mk.movie_id"
                                                                                                    ],
                                                                                                    "Inner Unique": false,
                                                                                                    "Plans": [
                                                                                                        {
                                                                                                            "Node Type": "Seq Scan",
                                                                                                            "Parent Relationship": "Outer",
                                                                                                            "Parallel Aware": false,
                                                                                                            "Relation Name": "keyword",
                                                                                                            "Schema": "public",
                                                                                                            "Alias": "k",
                                                                                                            "Startup Cost": 0.0,
                                                                                                            "Total Cost": 3464.69,
                                                                                                            "Plan Rows": 7,
                                                                                                            "Plan Width": 4,
                                                                                                            "Actual Startup Time": 2.44,
                                                                                                            "Actual Total Time": 20.45,
                                                                                                            "Actual Rows": 7,
                                                                                                            "Actual Loops": 1,
                                                                                                            "Output": [
                                                                                                                "k.id",
                                                                                                                "k.keyword",
                                                                                                                "k.phonetic_code"
                                                                                                            ],
                                                                                                            "Filter": "(k.keyword = ANY ('{murder,violence,blood,gore,death,female-nudity,hospital}'::text[]))",
                                                                                                            "Rows Removed by Filter": 134163
                                                                                                        },
                                                                                                        {
                                                                                                            "Node Type": "Bitmap Heap Scan",
                                                                                                            "Parent Relationship": "Inner",
                                                                                                            "Parallel Aware": false,
                                                                                                            "Relation Name": "movie_keyword",
                                                                                                            "Schema": "public",
                                                                                                            "Alias": "mk",
                                                                                                            "Startup Cost": 10.8,
                                                                                                            "Total Cost": 1090.39,
                                                                                                            "Plan Rows": 305,
                                                                                                            "Plan Width": 8,
                                                                                                            "Actual Startup Time": 3.937,
                                                                                                            "Actual Total Time": 21.362,
                                                                                                            "Actual Rows": 10959,
                                                                                                            "Actual Loops": 7,
                                                                                                            "Output": [
                                                                                                                "mk.id",
                                                                                                                "mk.movie_id",
                                                                                                                "mk.keyword_id"
                                                                                                            ],
                                                                                                            "Recheck Cond": "(mk.keyword_id = k.id)",
                                                                                                            "Rows Removed by Index Recheck": 0,
                                                                                                            "Exact Heap Blocks": 53234,
                                                                                                            "Lossy Heap Blocks": 0,
                                                                                                            "Plans": [
                                                                                                                {
                                                                                                                    "Node Type": "Bitmap Index Scan",
                                                                                                                    "Parent Relationship": "Outer",
                                                                                                                    "Parallel Aware": false,
                                                                                                                    "Index Name": "keyword_id_movie_keyword",
                                                                                                                    "Startup Cost": 0.0,
                                                                                                                    "Total Cost": 10.72,
                                                                                                                    "Plan Rows": 305,
                                                                                                                    "Plan Width": 0,
                                                                                                                    "Actual Startup Time": 2.462,
                                                                                                                    "Actual Total Time": 2.462,
                                                                                                                    "Actual Rows": 10959,
                                                                                                                    "Actual Loops": 7,
                                                                                                                    "Index Cond": "(mk.keyword_id = k.id)"
                                                                                                                }
                                                                                                            ]
                                                                                                        }
                                                                                                    ]
                                                                                                },
                                                                                                {
                                                                                                    "Node Type": "Index Scan",
                                                                                                    "Parent Relationship": "Inner",
                                                                                                    "Parallel Aware": false,
                                                                                                    "Scan Direction": "Forward",
                                                                                                    "Index Name": "movie_id_movie_info_idx",
                                                                                                    "Relation Name": "movie_info_idx",
                                                                                                    "Schema": "public",
                                                                                                    "Alias": "mi_idx",
                                                                                                    "Startup Cost": 0.43,
                                                                                                    "Total Cost": 0.49,
                                                                                                    "Plan Rows": 3,
                                                                                                    "Plan Width": 13,
                                                                                                    "Actual Startup Time": 0.004,
                                                                                                    "Actual Total Time": 0.004,
                                                                                                    "Actual Rows": 2,
                                                                                                    "Actual Loops": 76714,
                                                                                                    "Output": [
                                                                                                        "mi_idx.id",
                                                                                                        "mi_idx.movie_id",
                                                                                                        "mi_idx.info_type_id",
                                                                                                        "mi_idx.info",
                                                                                                        "mi_idx.note"
                                                                                                    ],
                                                                                                    "Index Cond": "(mi_idx.movie_id = mk.movie_id)",
                                                                                                    "Rows Removed by Index Recheck": 0
                                                                                                }
                                                                                            ]
                                                                                        }
                                                                                    ]
                                                                                },
                                                                                {
                                                                                    "Node Type": "Index Scan",
                                                                                    "Parent Relationship": "Inner",
                                                                                    "Parallel Aware": false,
                                                                                    "Scan Direction": "Forward",
                                                                                    "Index Name": "movie_id_complete_cast",
                                                                                    "Relation Name": "complete_cast",
                                                                                    "Schema": "public",
                                                                                    "Alias": "cc",
                                                                                    "Startup Cost": 0.42,
                                                                                    "Total Cost": 0.46,
                                                                                    "Plan Rows": 2,
                                                                                    "Plan Width": 12,
                                                                                    "Actual Startup Time": 0.002,
                                                                                    "Actual Total Time": 0.002,
                                                                                    "Actual Rows": 1,
                                                                                    "Actual Loops": 63701,
                                                                                    "Output": [
                                                                                        "cc.id",
                                                                                        "cc.movie_id",
                                                                                        "cc.subject_id",
                                                                                        "cc.status_id"
                                                                                    ],
                                                                                    "Index Cond": "(cc.movie_id = mi_idx.movie_id)",
                                                                                    "Rows Removed by Index Recheck": 0
                                                                                }
                                                                            ]
                                                                        },
                                                                        {
                                                                            "Node Type": "Index Scan",
                                                                            "Parent Relationship": "Inner",
                                                                            "Parallel Aware": false,
                                                                            "Scan Direction": "Forward",
                                                                            "Index Name": "title_pkey",
                                                                            "Relation Name": "title",
                                                                            "Schema": "public",
                                                                            "Alias": "t",
                                                                            "Startup Cost": 0.43,
                                                                            "Total Cost": 0.49,
                                                                            "Plan Rows": 1,
                                                                            "Plan Width": 21,
                                                                            "Actual Startup Time": 0.004,
                                                                            "Actual Total Time": 0.004,
                                                                            "Actual Rows": 0,
                                                                            "Actual Loops": 35346,
                                                                            "Output": [
                                                                                "t.id",
                                                                                "t.title",
                                                                                "t.imdb_index",
                                                                                "t.kind_id",
                                                                                "t.production_year",
                                                                                "t.imdb_id",
                                                                                "t.phonetic_code",
                                                                                "t.episode_of_id",
                                                                                "t.season_nr",
                                                                                "t.episode_nr",
                                                                                "t.series_years",
                                                                                "t.md5sum"
                                                                            ],
                                                                            "Index Cond": "(t.id = mk.movie_id)",
                                                                            "Rows Removed by Index Recheck": 0,
                                                                            "Filter": "(t.production_year > 2001)",
                                                                            "Rows Removed by Filter": 1
                                                                        }
                                                                    ]
                                                                },
                                                                {
                                                                    "Node Type": "Index Scan",
                                                                    "Parent Relationship": "Inner",
                                                                    "Parallel Aware": false,
                                                                    "Scan Direction": "Forward",
                                                                    "Index Name": "movie_id_cast_info",
                                                                    "Relation Name": "cast_info",
                                                                    "Schema": "public",
                                                                    "Alias": "ci",
                                                                    "Startup Cost": 0.56,
                                                                    "Total Cost": 1.73,
                                                                    "Plan Rows": 1,
                                                                    "Plan Width": 8,
                                                                    "Actual Startup Time": 0.155,
                                                                    "Actual Total Time": 0.21,
                                                                    "Actual Rows": 1,
                                                                    "Actual Loops": 6238,
                                                                    "Output": [
                                                                        "ci.id",
                                                                        "ci.person_id",
                                                                        "ci.movie_id",
                                                                        "ci.person_role_id",
                                                                        "ci.note",
                                                                        "ci.nr_order",
                                                                        "ci.role_id"
                                                                    ],
                                                                    "Index Cond": "(ci.movie_id = mk.movie_id)",
                                                                    "Rows Removed by Index Recheck": 0,
                                                                    "Filter": "(ci.note = ANY ('{(writer),\"(head writer)\",\"(written by)\",(story),\"(story editor)\"}'::text[]))",
                                                                    "Rows Removed by Filter": 119
                                                                }
                                                            ]
                                                        },
                                                        {
                                                            "Node Type": "Index Scan",
                                                            "Parent Relationship": "Inner",
                                                            "Parallel Aware": false,
                                                            "Scan Direction": "Forward",
                                                            "Index Name": "movie_id_movie_info",
                                                            "Relation Name": "movie_info",
                                                            "Schema": "public",
                                                            "Alias": "mi",
                                                            "Startup Cost": 0.43,
                                                            "Total Cost": 1.45,
                                                            "Plan Rows": 1,
                                                            "Plan Width": 51,
                                                            "Actual Startup Time": 0.07,
                                                            "Actual Total Time": 0.07,
                                                            "Actual Rows": 0,
                                                            "Actual Loops": 5709,
                                                            "Output": [
                                                                "mi.id",
                                                                "mi.movie_id",
                                                                "mi.info_type_id",
                                                                "mi.info",
                                                                "mi.note"
                                                            ],
                                                            "Index Cond": "(mi.movie_id = mk.movie_id)",
                                                            "Rows Removed by Index Recheck": 0,
                                                            "Filter": "(mi.info = ANY ('{War,Crime}'::text[]))",
                                                            "Rows Removed by Filter": 156
                                                        }
                                                    ]
                                                },
                                                {
                                                    "Node Type": "Index Scan",
                                                    "Parent Relationship": "Inner",
                                                    "Parallel Aware": false,
                                                    "Scan Direction": "Forward",
                                                    "Index Name": "comp_cast_type_pkey",
                                                    "Relation Name": "comp_cast_type",
                                                    "Schema": "public",
                                                    "Alias": "cct1",
                                                    "Startup Cost": 0.13,
                                                    "Total Cost": 0.15,
                                                    "Plan Rows": 1,
                                                    "Plan Width": 4,
                                                    "Actual Startup Time": 0.002,
                                                    "Actual Total Time": 0.002,
                                                    "Actual Rows": 1,
                                                    "Actual Loops": 1711,
                                                    "Output": [
                                                        "cct1.id",
                                                        "cct1.kind"
                                                    ],
                                                    "Index Cond": "(cct1.id = cc.subject_id)",
                                                    "Rows Removed by Index Recheck": 0,
                                                    "Filter": "((cct1.kind)::text = ANY ('{crew,cast}'::text[]))",
                                                    "Rows Removed by Filter": 0
                                                }
                                            ]
                                        },
                                        {
                                            "Node Type": "Seq Scan",
                                            "Parent Relationship": "Inner",
                                            "Parallel Aware": false,
                                            "Relation Name": "info_type",
                                            "Schema": "public",
                                            "Alias": "it1",
                                            "Startup Cost": 0.0,
                                            "Total Cost": 2.41,
                                            "Plan Rows": 1,
                                            "Plan Width": 4,
                                            "Actual Startup Time": 0.003,
                                            "Actual Total Time": 0.003,
                                            "Actual Rows": 1,
                                            "Actual Loops": 1711,
                                            "Output": [
                                                "it1.id",
                                                "it1.info"
                                            ],
                                            "Filter": "((it1.info)::text = 'genres'::text)",
                                            "Rows Removed by Filter": 2
                                        }
                                    ]
                                },
                                {
                                    "Node Type": "Index Scan",
                                    "Parent Relationship": "Inner",
                                    "Parallel Aware": false,
                                    "Scan Direction": "Forward",
                                    "Index Name": "name_pkey",
                                    "Relation Name": "name",
                                    "Schema": "public",
                                    "Alias": "n",
                                    "Startup Cost": 0.43,
                                    "Total Cost": 0.69,
                                    "Plan Rows": 1,
                                    "Plan Width": 19,
                                    "Actual Startup Time": 0.011,
                                    "Actual Total Time": 0.011,
                                    "Actual Rows": 1,
                                    "Actual Loops": 1711,
                                    "Output": [
                                        "n.id",
                                        "n.name",
                                        "n.imdb_index",
                                        "n.imdb_id",
                                        "n.gender",
                                        "n.name_pcode_cf",
                                        "n.name_pcode_nf",
                                        "n.surname_pcode",
                                        "n.md5sum"
                                    ],
                                    "Index Cond": "(n.id = ci.person_id)",
                                    "Rows Removed by Index Recheck": 0,
                                    "Filter": "((n.gender)::text = 'm'::text)",
                                    "Rows Removed by Filter": 0
                                }
                            ]
                        },
                        {
                            "Node Type": "Index Scan",
                            "Parent Relationship": "Inner",
                            "Parallel Aware": false,
                            "Scan Direction": "Forward",
                            "Index Name": "comp_cast_type_pkey",
                            "Relation Name": "comp_cast_type",
                            "Schema": "public",
                            "Alias": "cct2",
                            "Startup Cost": 0.13,
                            "Total Cost": 0.15,
                            "Plan Rows": 1,
                            "Plan Width": 4,
                            "Actual Startup Time": 0.002,
                            "Actual Total Time": 0.002,
                            "Actual Rows": 0,
                            "Actual Loops": 1226,
                            "Output": [
                                "cct2.id",
                                "cct2.kind"
                            ],
                            "Index Cond": "(cct2.id = cc.status_id)",
                            "Rows Removed by Index Recheck": 0,
                            "Filter": "((cct2.kind)::text = 'complete+verified'::text)",
                            "Rows Removed by Filter": 1
                        }
                    ]
                }
            ]
        },
        "Planning Time": 1016.583,
        "Triggers": [],
        "Execution Time": 2631.849
    }
]