[
  {
    "Plan": {
      "Node Type": "Aggregate",
      "Strategy": "Plain",
      "Partial Mode": "Finalize",
      "Parallel Aware": false,
      "Startup Cost": 78397.83,
      "Total Cost": 78397.84,
      "Plan Rows": 1,
      "Plan Width": 8,
      "Actual Startup Time": 232.711,
      "Actual Total Time": 250.111,
      "Actual Rows": 1,
      "Actual Loops": 1,
      "Plans": [
        {
          "Node Type": "Gather",
          "Parent Relationship": "Outer",
          "Parallel Aware": false,
          "Startup Cost": 78397.51,
          "Total Cost": 78397.82,
          "Plan Rows": 3,
          "Plan Width": 8,
          "Actual Startup Time": 229.383,
          "Actual Total Time": 250.101,
          "Actual Rows": 4,
          "Actual Loops": 1,
          "Workers Planned": 3,
          "Workers Launched": 3,
          "Single Copy": false,
          "Plans": [
            {
              "Node Type": "Aggregate",
              "Strategy": "Plain",
              "Partial Mode": "Partial",
              "Parent Relationship": "Outer",
              "Parallel Aware": false,
              "Startup Cost": 77397.51,
              "Total Cost": 77397.52,
              "Plan Rows": 1,
              "Plan Width": 8,
              "Actual Startup Time": 223.935,
              "Actual Total Time": 223.939,
              "Actual Rows": 1,
              "Actual Loops": 4,
              "Plans": [
                {
                  "Node Type": "Hash Join",
                  "Parent Relationship": "Outer",
                  "Parallel Aware": true,
                  "Join Type": "Inner",
                  "Startup Cost": 51731.24,
                  "Total Cost": 77370.32,
                  "Plan Rows": 10876,
                  "Plan Width": 0,
                  "Actual Startup Time": 172.562,
                  "Actual Total Time": 222.45,
                  "Actual Rows": 26403,
                  "Actual Loops": 4,
                  "Inner Unique": true,
                  "Hash Cond": "(mk.movie_id = t.id)",
                  "Plans": [
                    {
                      "Node Type": "Bitmap Heap Scan",
                      "Parent Relationship": "Outer",
                      "Parallel Aware": true,
                      "Relation Name": "movie_keyword",
                      "Alias": "mk",
                      "Startup Cost": 5154.85,
                      "Total Cost": 30588.26,
                      "Plan Rows": 78353,
                      "Plan Width": 4,
                      "Actual Startup Time": 17.203,
                      "Actual Total Time": 63.27,
                      "Actual Rows": 58972,
                      "Actual Loops": 4,
                      "Recheck Cond": "(keyword_id < 196)",
                      "Rows Removed by Index Recheck": 0,
                      "Exact Heap Blocks": 9397,
                      "Lossy Heap Blocks": 0,
                      "Plans": [
                        {
                          "Node Type": "Bitmap Index Scan",
                          "Parent Relationship": "Outer",
                          "Parallel Aware": false,
                          "Index Name": "keyword_id_movie_keyword",
                          "Startup Cost": 0.0,
                          "Total Cost": 5094.13,
                          "Plan Rows": 242893,
                          "Plan Width": 0,
                          "Actual Startup Time": 13.738,
                          "Actual Total Time": 13.738,
                          "Actual Rows": 235890,
                          "Actual Loops": 1,
                          "Index Cond": "(keyword_id < 196)"
                        }
                      ]
                    },
                    {
                      "Node Type": "Hash",
                      "Parent Relationship": "Inner",
                      "Parallel Aware": true,
                      "Startup Cost": 45479.59,
                      "Total Cost": 45479.59,
                      "Plan Rows": 87744,
                      "Plan Width": 4,
                      "Actual Startup Time": 138.374,
                      "Actual Total Time": 138.376,
                      "Actual Rows": 106143,
                      "Actual Loops": 4,
                      "Hash Buckets": 524288,
                      "Original Hash Buckets": 524288,
                      "Hash Batches": 1,
                      "Original Hash Batches": 1,
                      "Peak Memory Usage": 20768,
                      "Plans": [
                        {
                          "Node Type": "Seq Scan",
                          "Parent Relationship": "Outer",
                          "Parallel Aware": true,
                          "Relation Name": "title",
                          "Alias": "t",
                          "Startup Cost": 0.0,
                          "Total Cost": 45479.59,
                          "Plan Rows": 87744,
                          "Plan Width": 4,
                          "Actual Startup Time": 55.611,
                          "Actual Total Time": 100.657,
                          "Actual Rows": 106143,
                          "Actual Loops": 4,
                          "Filter": "((production_year < 2005) AND (kind_id = 1))",
                          "Rows Removed by Filter": 525935
                        }
                      ]
                    }
                  ]
                }
              ]
            }
          ]
        }
      ]
    },
    "Planning Time": 0.259,
    "Triggers": [],
    "Execution Time": 250.158
  }
]