{
  "Plan": {
    "Node Type": "Aggregate",
    "Strategy": "Plain",
    "Partial Mode": "Finalize",
    "Parallel Aware": false,
    "Startup Cost": 92090.37,
    "Total Cost": 92090.38,
    "Plan Rows": 1,
    "Plan Width": 8,
    "Actual Startup Time": 245.065,
    "Actual Total Time": 255.098,
    "Actual Rows": 1,
    "Actual Loops": 1,
    "Plans": [
      {
        "Node Type": "Gather",
        "Parent Relationship": "Outer",
        "Parallel Aware": false,
        "Startup Cost": 92090.25,
        "Total Cost": 92090.36,
        "Plan Rows": 1,
        "Plan Width": 8,
        "Actual Startup Time": 244.467,
        "Actual Total Time": 255.091,
        "Actual Rows": 2,
        "Actual Loops": 1,
        "Workers Planned": 1,
        "Workers Launched": 1,
        "Single Copy": false,
        "Plans": [
          {
            "Node Type": "Aggregate",
            "Strategy": "Plain",
            "Partial Mode": "Partial",
            "Parent Relationship": "Outer",
            "Parallel Aware": false,
            "Startup Cost": 91090.25,
            "Total Cost": 91090.26,
            "Plan Rows": 1,
            "Plan Width": 8,
            "Actual Startup Time": 238.165,
            "Actual Total Time": 238.169,
            "Actual Rows": 1,
            "Actual Loops": 2,
            "Plans": [
              {
                "Node Type": "Hash Join",
                "Parent Relationship": "Outer",
                "Parallel Aware": true,
                "Join Type": "Inner",
                "Startup Cost": 46573.29,
                "Total Cost": 91002.02,
                "Plan Rows": 35292,
                "Plan Width": 0,
                "Actual Startup Time": 139.234,
                "Actual Total Time": 237.728,
                "Actual Rows": 6696,
                "Actual Loops": 2,
                "Inner Unique": false,
                "Hash Cond": "(t.id = mc.movie_id)",
                "Plans": [
                  {
                    "Node Type": "Bitmap Heap Scan",
                    "Parent Relationship": "Outer",
                    "Parallel Aware": true,
                    "Relation Name": "title",
                    "Alias": "t",
                    "Startup Cost": 11984.07,
                    "Total Cost": 53834.33,
                    "Plan Rows": 379340,
                    "Plan Width": 4,
                    "Actual Startup Time": 20.621,
                    "Actual Total Time": 77.908,
                    "Actual Rows": 328156,
                    "Actual Loops": 2,
                    "Recheck Cond": "(kind_id = 1)",
                    "Rows Removed by Index Recheck": 0,
                    "Filter": "(production_year > 0)",
                    "Rows Removed by Filter": 3257,
                    "Exact Heap Blocks": 7272,
                    "Lossy Heap Blocks": 0,
                    "Plans": [
                      {
                        "Node Type": "Bitmap Index Scan",
                        "Parent Relationship": "Outer",
                        "Parallel Aware": false,
                        "Index Name": "kind_id_title",
                        "Startup Cost": 0.0,
                        "Total Cost": 11822.85,
                        "Plan Rows": 663256,
                        "Plan Width": 0,
                        "Actual Startup Time": 18.822,
                        "Actual Total Time": 18.823,
                        "Actual Rows": 662825,
                        "Actual Loops": 1,
                        "Index Cond": "(kind_id = 1)"
                      }
                    ]
                  },
                  {
                    "Node Type": "Hash",
                    "Parent Relationship": "Inner",
                    "Parallel Aware": true,
                    "Startup Cost": 32859.63,
                    "Total Cost": 32859.63,
                    "Plan Rows": 138367,
                    "Plan Width": 4,
                    "Actual Startup Time": 115.258,
                    "Actual Total Time": 115.26,
                    "Actual Rows": 56686,
                    "Actual Loops": 2,
                    "Hash Buckets": 262144,
                    "Original Hash Buckets": 262144,
                    "Hash Batches": 1,
                    "Original Hash Batches": 1,
                    "Peak Memory Usage": 6496,
                    "Plans": [
                      {
                        "Node Type": "Bitmap Heap Scan",
                        "Parent Relationship": "Outer",
                        "Parallel Aware": true,
                        "Relation Name": "movie_companies",
                        "Alias": "mc",
                        "Startup Cost": 9981.85,
                        "Total Cost": 32859.63,
                        "Plan Rows": 138367,
                        "Plan Width": 4,
                        "Actual Startup Time": 82.238,
                        "Actual Total Time": 103.173,
                        "Actual Rows": 56686,
                        "Actual Loops": 2,
                        "Recheck Cond": "(company_id < 394)",
                        "Rows Removed by Index Recheck": 0,
                        "Filter": "(company_type_id > 1)",
                        "Rows Removed by Filter": 172354,
                        "Exact Heap Blocks": 13008,
                        "Lossy Heap Blocks": 0,
                        "Plans": [
                          {
                            "Node Type": "Bitmap Index Scan",
                            "Parent Relationship": "Outer",
                            "Parallel Aware": false,
                            "Index Name": "company_id_movie_companies",
                            "Startup Cost": 0.0,
                            "Total Cost": 9923.05,
                            "Plan Rows": 463282,
                            "Plan Width": 0,
                            "Actual Startup Time": 36.252,
                            "Actual Total Time": 36.253,
                            "Actual Rows": 458080,
                            "Actual Loops": 1,
                            "Index Cond": "(company_id < 394)"
                          }
                        ]
                      }
                    ]
                  }
                ]
              }
            ]
          }
        ]
      }
    ]
  },
  "Planning Time": 0.755,
  "Triggers": [],
  "Execution Time": 255.202
}