[
  {
    "Plan": {
      "Node Type": "Aggregate",
      "Strategy": "Plain",
      "Partial Mode": "Finalize",
      "Parallel Aware": false,
      "Startup Cost": 341226.69,
      "Total Cost": 341226.7,
      "Plan Rows": 1,
      "Plan Width": 8,
      "Actual Startup Time": 485.395,
      "Actual Total Time": 498.473,
      "Actual Rows": 1,
      "Actual Loops": 1,
      "Plans": [
        {
          "Node Type": "Gather",
          "Parent Relationship": "Outer",
          "Parallel Aware": false,
          "Startup Cost": 341226.47,
          "Total Cost": 341226.68,
          "Plan Rows": 2,
          "Plan Width": 8,
          "Actual Startup Time": 482.852,
          "Actual Total Time": 498.465,
          "Actual Rows": 3,
          "Actual Loops": 1,
          "Workers Planned": 2,
          "Workers Launched": 2,
          "Single Copy": false,
          "Plans": [
            {
              "Node Type": "Aggregate",
              "Strategy": "Plain",
              "Partial Mode": "Partial",
              "Parent Relationship": "Outer",
              "Parallel Aware": false,
              "Startup Cost": 340226.47,
              "Total Cost": 340226.48,
              "Plan Rows": 1,
              "Plan Width": 8,
              "Actual Startup Time": 473.721,
              "Actual Total Time": 473.727,
              "Actual Rows": 1,
              "Actual Loops": 3,
              "Plans": [
                {
                  "Node Type": "Hash Join",
                  "Parent Relationship": "Outer",
                  "Parallel Aware": true,
                  "Join Type": "Inner",
                  "Startup Cost": 324134.66,
                  "Total Cost": 340101.29,
                  "Plan Rows": 50072,
                  "Plan Width": 0,
                  "Actual Startup Time": 374.328,
                  "Actual Total Time": 469.277,
                  "Actual Rows": 107629,
                  "Actual Loops": 3,
                  "Inner Unique": false,
                  "Hash Cond": "(mi_idx.movie_id = t.id)",
                  "Plans": [
                    {
                      "Node Type": "Seq Scan",
                      "Parent Relationship": "Outer",
                      "Parallel Aware": true,
                      "Relation Name": "movie_info_idx",
                      "Alias": "mi_idx",
                      "Startup Cost": 0.0,
                      "Total Cost": 13685.15,
                      "Plan Rows": 575015,
                      "Plan Width": 4,
                      "Actual Startup Time": 0.031,
                      "Actual Total Time": 34.699,
                      "Actual Rows": 460012,
                      "Actual Loops": 3
                    },
                    {
                      "Node Type": "Hash",
                      "Parent Relationship": "Inner",
                      "Parallel Aware": true,
                      "Startup Cost": 323446.65,
                      "Total Cost": 323446.65,
                      "Plan Rows": 55041,
                      "Plan Width": 8,
                      "Actual Startup Time": 371.652,
                      "Actual Total Time": 371.657,
                      "Actual Rows": 98391,
                      "Actual Loops": 3,
                      "Hash Buckets": 524288,
                      "Original Hash Buckets": 262144,
                      "Hash Batches": 1,
                      "Original Hash Batches": 1,
                      "Peak Memory Usage": 17760,
                      "Plans": [
                        {
                          "Node Type": "Hash Join",
                          "Parent Relationship": "Outer",
                          "Parallel Aware": true,
                          "Join Type": "Inner",
                          "Startup Cost": 273907.01,
                          "Total Cost": 323446.65,
                          "Plan Rows": 55041,
                          "Plan Width": 8,
                          "Actual Startup Time": 96.394,
                          "Actual Total Time": 337.112,
                          "Actual Rows": 98391,
                          "Actual Loops": 3,
                          "Inner Unique": false,
                          "Hash Cond": "(t.id = ci.movie_id)",
                          "Plans": [
                            {
                              "Node Type": "Seq Scan",
                              "Parent Relationship": "Outer",
                              "Parallel Aware": true,
                              "Relation Name": "title",
                              "Alias": "t",
                              "Startup Cost": 0.0,
                              "Total Cost": 42318.73,
                              "Plan Rows": 632073,
                              "Plan Width": 4,
                              "Actual Startup Time": 0.011,
                              "Actual Total Time": 91.297,
                              "Actual Rows": 842771,
                              "Actual Loops": 3
                            },
                            {
                              "Node Type": "Hash",
                              "Parent Relationship": "Inner",
                              "Parallel Aware": true,
                              "Startup Cost": 273356.6,
                              "Total Cost": 273356.6,
                              "Plan Rows": 44033,
                              "Plan Width": 4,
                              "Actual Startup Time": 94.962,
                              "Actual Total Time": 94.964,
                              "Actual Rows": 98391,
                              "Actual Loops": 3,
                              "Hash Buckets": 524288,
                              "Original Hash Buckets": 262144,
                              "Hash Batches": 1,
                              "Original Hash Batches": 1,
                              "Peak Memory Usage": 17728,
                              "Plans": [
                                {
                                  "Node Type": "Bitmap Heap Scan",
                                  "Parent Relationship": "Outer",
                                  "Parallel Aware": true,
                                  "Relation Name": "cast_info",
                                  "Alias": "ci",
                                  "Startup Cost": 8834.82,
                                  "Total Cost": 273356.6,
                                  "Plan Rows": 44033,
                                  "Plan Width": 4,
                                  "Actual Startup Time": 26.599,
                                  "Actual Total Time": 57.771,
                                  "Actual Rows": 98391,
                                  "Actual Loops": 3,
                                  "Recheck Cond": "(person_id < 45238)",
                                  "Rows Removed by Index Recheck": 0,
                                  "Filter": "(role_id < 3)",
                                  "Rows Removed by Filter": 34231,
                                  "Exact Heap Blocks": 2262,
                                  "Lossy Heap Blocks": 0,
                                  "Plans": [
                                    {
                                      "Node Type": "Bitmap Index Scan",
                                      "Parent Relationship": "Outer",
                                      "Parallel Aware": false,
                                      "Index Name": "person_id_cast_info",
                                      "Startup Cost": 0.0,
                                      "Total Cost": 8779.78,
                                      "Plan Rows": 402029,
                                      "Plan Width": 0,
                                      "Actual Startup Time": 26.675,
                                      "Actual Total Time": 26.675,
                                      "Actual Rows": 397865,
                                      "Actual Loops": 1,
                                      "Index Cond": "(person_id < 45238)"
                                    }
                                  ]
                                }
                              ]
                            }
                          ]
                        }
                      ]
                    }
                  ]
                }
              ]
            }
          ]
        }
      ]
    },
    "Planning Time": 1.4,
    "Triggers": [],
    "Execution Time": 498.579
  }
]