[
  {
    "Plan": {
      "Node Type": "Aggregate",
      "Strategy": "Plain",
      "Partial Mode": "Finalize",
      "Parallel Aware": false,
      "Startup Cost": 79193.8,
      "Total Cost": 79193.81,
      "Plan Rows": 1,
      "Plan Width": 8,
      "Actual Startup Time": 287.433,
      "Actual Total Time": 304.152,
      "Actual Rows": 1,
      "Actual Loops": 1,
      "Plans": [
        {
          "Node Type": "Gather",
          "Parent Relationship": "Outer",
          "Parallel Aware": false,
          "Startup Cost": 79193.48,
          "Total Cost": 79193.79,
          "Plan Rows": 3,
          "Plan Width": 8,
          "Actual Startup Time": 279.67,
          "Actual Total Time": 304.144,
          "Actual Rows": 4,
          "Actual Loops": 1,
          "Workers Planned": 3,
          "Workers Launched": 3,
          "Single Copy": false,
          "Plans": [
            {
              "Node Type": "Aggregate",
              "Strategy": "Plain",
              "Partial Mode": "Partial",
              "Parent Relationship": "Outer",
              "Parallel Aware": false,
              "Startup Cost": 78193.48,
              "Total Cost": 78193.49,
              "Plan Rows": 1,
              "Plan Width": 8,
              "Actual Startup Time": 273.791,
              "Actual Total Time": 273.798,
              "Actual Rows": 1,
              "Actual Loops": 4,
              "Plans": [
                {
                  "Node Type": "Nested Loop",
                  "Parent Relationship": "Outer",
                  "Parallel Aware": false,
                  "Join Type": "Inner",
                  "Startup Cost": 48682.7,
                  "Total Cost": 78171.15,
                  "Plan Rows": 8930,
                  "Plan Width": 0,
                  "Actual Startup Time": 249.448,
                  "Actual Total Time": 273.45,
                  "Actual Rows": 4952,
                  "Actual Loops": 4,
                  "Inner Unique": false,
                  "Plans": [
                    {
                      "Node Type": "Hash Join",
                      "Parent Relationship": "Outer",
                      "Parallel Aware": true,
                      "Join Type": "Inner",
                      "Startup Cost": 48682.27,
                      "Total Cost": 67908.85,
                      "Plan Rows": 5175,
                      "Plan Width": 8,
                      "Actual Startup Time": 249.321,
                      "Actual Total Time": 259.216,
                      "Actual Rows": 2882,
                      "Actual Loops": 4,
                      "Inner Unique": true,
                      "Hash Cond": "(mc.movie_id = t.id)",
                      "Plans": [
                        {
                          "Node Type": "Bitmap Heap Scan",
                          "Parent Relationship": "Outer",
                          "Parallel Aware": true,
                          "Relation Name": "movie_companies",
                          "Alias": "mc",
                          "Startup Cost": 1788.17,
                          "Total Cost": 20978.92,
                          "Plan Rows": 13654,
                          "Plan Width": 4,
                          "Actual Startup Time": 20.425,
                          "Actual Total Time": 24.242,
                          "Actual Rows": 4388,
                          "Actual Loops": 4,
                          "Recheck Cond": "(company_id < 19)",
                          "Rows Removed by Index Recheck": 0,
                          "Filter": "(company_type_id = 2)",
                          "Rows Removed by Filter": 16630,
                          "Exact Heap Blocks": 4413,
                          "Lossy Heap Blocks": 0,
                          "Plans": [
                            {
                              "Node Type": "Bitmap Index Scan",
                              "Parent Relationship": "Outer",
                              "Parallel Aware": false,
                              "Index Name": "company_id_movie_companies",
                              "Startup Cost": 0.0,
                              "Total Cost": 1777.59,
                              "Plan Rows": 82821,
                              "Plan Width": 0,
                              "Actual Startup Time": 6.149,
                              "Actual Total Time": 6.149,
                              "Actual Rows": 84071,
                              "Actual Loops": 1,
                              "Index Cond": "(company_id < 19)"
                            }
                          ]
                        },
                        {
                          "Node Type": "Hash",
                          "Parent Relationship": "Inner",
                          "Parallel Aware": true,
                          "Startup Cost": 43899.32,
                          "Total Cost": 43899.32,
                          "Plan Rows": 239582,
                          "Plan Width": 4,
                          "Actual Startup Time": 226.011,
                          "Actual Total Time": 226.012,
                          "Actual Rows": 242797,
                          "Actual Loops": 4,
                          "Hash Buckets": 1048576,
                          "Original Hash Buckets": 1048576,
                          "Hash Batches": 1,
                          "Original Hash Batches": 1,
                          "Peak Memory Usage": 46240,
                          "Plans": [
                            {
                              "Node Type": "Seq Scan",
                              "Parent Relationship": "Outer",
                              "Parallel Aware": true,
                              "Relation Name": "title",
                              "Alias": "t",
                              "Startup Cost": 0.0,
                              "Total Cost": 43899.32,
                              "Plan Rows": 239582,
                              "Plan Width": 4,
                              "Actual Startup Time": 0.026,
                              "Actual Total Time": 125.584,
                              "Actual Rows": 242797,
                              "Actual Loops": 4,
                              "Filter": "(production_year < 1999)",
                              "Rows Removed by Filter": 389281
                            }
                          ]
                        }
                      ]
                    },
                    {
                      "Node Type": "Index Scan",
                      "Parent Relationship": "Inner",
                      "Parallel Aware": false,
                      "Scan Direction": "Forward",
                      "Index Name": "movie_id_movie_keyword",
                      "Relation Name": "movie_keyword",
                      "Alias": "mk",
                      "Startup Cost": 0.43,
                      "Total Cost": 1.54,
                      "Plan Rows": 44,
                      "Plan Width": 4,
                      "Actual Startup Time": 0.004,
                      "Actual Total Time": 0.004,
                      "Actual Rows": 2,
                      "Actual Loops": 11528,
                      "Index Cond": "(movie_id = t.id)",
                      "Rows Removed by Index Recheck": 0,
                      "Filter": "(keyword_id > 117)",
                      "Rows Removed by Filter": 0
                    }
                  ]
                }
              ]
            }
          ]
        }
      ]
    },
    "Planning Time": 0.883,
    "Triggers": [],
    "Execution Time": 304.215
  }
]