{
    "Plan": {
        "Node Type": "Aggregate",
        "Strategy": "Plain",
        "Partial Mode": "Finalize",
        "Parallel Aware": false,
        "Startup Cost": 73235.34,
        "Total Cost": 73235.35,
        "Plan Rows": 1,
        "Plan Width": 8,
        "Actual Startup Time": 140.768,
        "Actual Total Time": 155.934,
        "Actual Rows": 1,
        "Actual Loops": 1,
        "Output": [
            "count(*)"
        ],
        "Plans": [
            {
                "Node Type": "Gather",
                "Parent Relationship": "Outer",
                "Parallel Aware": false,
                "Startup Cost": 73234.92,
                "Total Cost": 73235.33,
                "Plan Rows": 4,
                "Plan Width": 8,
                "Actual Startup Time": 140.56,
                "Actual Total Time": 155.924,
                "Actual Rows": 5,
                "Actual Loops": 1,
                "Output": [
                    "(PARTIAL count(*))"
                ],
                "Workers Planned": 4,
                "Workers Launched": 4,
                "Single Copy": false,
                "Plans": [
                    {
                        "Node Type": "Aggregate",
                        "Strategy": "Plain",
                        "Partial Mode": "Partial",
                        "Parent Relationship": "Outer",
                        "Parallel Aware": false,
                        "Startup Cost": 72234.92,
                        "Total Cost": 72234.93,
                        "Plan Rows": 1,
                        "Plan Width": 8,
                        "Actual Startup Time": 130.685,
                        "Actual Total Time": 130.689,
                        "Actual Rows": 1,
                        "Actual Loops": 5,
                        "Output": [
                            "PARTIAL count(*)"
                        ],
                        "Workers": [
                            {
                                "Worker Number": 0,
                                "Actual Startup Time": 127.788,
                                "Actual Total Time": 127.791,
                                "Actual Rows": 1,
                                "Actual Loops": 1
                            },
                            {
                                "Worker Number": 1,
                                "Actual Startup Time": 128.429,
                                "Actual Total Time": 128.432,
                                "Actual Rows": 1,
                                "Actual Loops": 1
                            },
                            {
                                "Worker Number": 2,
                                "Actual Startup Time": 128.632,
                                "Actual Total Time": 128.635,
                                "Actual Rows": 1,
                                "Actual Loops": 1
                            },
                            {
                                "Worker Number": 3,
                                "Actual Startup Time": 128.79,
                                "Actual Total Time": 128.795,
                                "Actual Rows": 1,
                                "Actual Loops": 1
                            }
                        ],
                        "Plans": [
                            {
                                "Node Type": "Hash Join",
                                "Parent Relationship": "Outer",
                                "Parallel Aware": true,
                                "Join Type": "Inner",
                                "Startup Cost": 45562.34,
                                "Total Cost": 72230.64,
                                "Plan Rows": 1712,
                                "Plan Width": 0,
                                "Actual Startup Time": 87.958,
                                "Actual Total Time": 130.575,
                                "Actual Rows": 1216,
                                "Actual Loops": 5,
                                "Inner Unique": true,
                                "Hash Cond": "(ci.movie_id = t.id)",
                                "Workers": [
                                    {
                                        "Worker Number": 0,
                                        "Actual Startup Time": 85.005,
                                        "Actual Total Time": 127.678,
                                        "Actual Rows": 1099,
                                        "Actual Loops": 1
                                    },
                                    {
                                        "Worker Number": 1,
                                        "Actual Startup Time": 85.619,
                                        "Actual Total Time": 128.315,
                                        "Actual Rows": 1124,
                                        "Actual Loops": 1
                                    },
                                    {
                                        "Worker Number": 2,
                                        "Actual Startup Time": 85.991,
                                        "Actual Total Time": 128.521,
                                        "Actual Rows": 1145,
                                        "Actual Loops": 1
                                    },
                                    {
                                        "Worker Number": 3,
                                        "Actual Startup Time": 86.244,
                                        "Actual Total Time": 128.682,
                                        "Actual Rows": 1134,
                                        "Actual Loops": 1
                                    }
                                ],
                                "Plans": [
                                    {
                                        "Node Type": "Index Scan",
                                        "Parent Relationship": "Outer",
                                        "Parallel Aware": true,
                                        "Scan Direction": "Forward",
                                        "Index Name": "role_id_cast_info",
                                        "Relation Name": "cast_info",
                                        "Schema": "public",
                                        "Alias": "ci",
                                        "Startup Cost": 0.56,
                                        "Total Cost": 26238.71,
                                        "Plan Rows": 163868,
                                        "Plan Width": 4,
                                        "Actual Startup Time": 0.163,
                                        "Actual Total Time": 35.591,
                                        "Actual Rows": 50367,
                                        "Actual Loops": 5,
                                        "Output": [
                                            "ci.id",
                                            "ci.person_id",
                                            "ci.movie_id",
                                            "ci.person_role_id",
                                            "ci.note",
                                            "ci.nr_order",
                                            "ci.role_id"
                                        ],
                                        "Index Cond": "(ci.role_id = 5)",
                                        "Rows Removed by Index Recheck": 0,
                                        "Filter": "(ci.person_id < 2599901)",
                                        "Rows Removed by Filter": 129311,
                                        "Workers": [
                                            {
                                                "Worker Number": 0,
                                                "Actual Startup Time": 0.114,
                                                "Actual Total Time": 36.021,
                                                "Actual Rows": 44999,
                                                "Actual Loops": 1
                                            },
                                            {
                                                "Worker Number": 1,
                                                "Actual Startup Time": 0.09,
                                                "Actual Total Time": 35.811,
                                                "Actual Rows": 47245,
                                                "Actual Loops": 1
                                            },
                                            {
                                                "Worker Number": 2,
                                                "Actual Startup Time": 0.327,
                                                "Actual Total Time": 35.642,
                                                "Actual Rows": 47377,
                                                "Actual Loops": 1
                                            },
                                            {
                                                "Worker Number": 3,
                                                "Actual Startup Time": 0.242,
                                                "Actual Total Time": 35.932,
                                                "Actual Rows": 47366,
                                                "Actual Loops": 1
                                            }
                                        ]
                                    },
                                    {
                                        "Node Type": "Hash",
                                        "Parent Relationship": "Inner",
                                        "Parallel Aware": true,
                                        "Startup Cost": 45479.21,
                                        "Total Cost": 45479.21,
                                        "Plan Rows": 6605,
                                        "Plan Width": 4,
                                        "Actual Startup Time": 86.55,
                                        "Actual Total Time": 86.551,
                                        "Actual Rows": 5417,
                                        "Actual Loops": 5,
                                        "Output": [
                                            "t.id"
                                        ],
                                        "Hash Buckets": 32768,
                                        "Original Hash Buckets": 32768,
                                        "Hash Batches": 1,
                                        "Original Hash Batches": 1,
                                        "Peak Memory Usage": 1376,
                                        "Workers": [
                                            {
                                                "Worker Number": 0,
                                                "Actual Startup Time": 84.404,
                                                "Actual Total Time": 84.405,
                                                "Actual Rows": 4807,
                                                "Actual Loops": 1
                                            },
                                            {
                                                "Worker Number": 1,
                                                "Actual Startup Time": 85.048,
                                                "Actual Total Time": 85.049,
                                                "Actual Rows": 5427,
                                                "Actual Loops": 1
                                            },
                                            {
                                                "Worker Number": 2,
                                                "Actual Startup Time": 85.186,
                                                "Actual Total Time": 85.187,
                                                "Actual Rows": 5289,
                                                "Actual Loops": 1
                                            },
                                            {
                                                "Worker Number": 3,
                                                "Actual Startup Time": 85.403,
                                                "Actual Total Time": 85.404,
                                                "Actual Rows": 4816,
                                                "Actual Loops": 1
                                            }
                                        ],
                                        "Plans": [
                                            {
                                                "Node Type": "Seq Scan",
                                                "Parent Relationship": "Outer",
                                                "Parallel Aware": true,
                                                "Relation Name": "title",
                                                "Schema": "public",
                                                "Alias": "t",
                                                "Startup Cost": 0.0,
                                                "Total Cost": 45479.21,
                                                "Plan Rows": 6605,
                                                "Plan Width": 4,
                                                "Actual Startup Time": 0.481,
                                                "Actual Total Time": 84.334,
                                                "Actual Rows": 5417,
                                                "Actual Loops": 5,
                                                "Output": [
                                                    "t.id"
                                                ],
                                                "Filter": "((t.kind_id < 7) AND (t.production_year > 2012))",
                                                "Rows Removed by Filter": 500245,
                                                "Workers": [
                                                    {
                                                        "Worker Number": 0,
                                                        "Actual Startup Time": 0.644,
                                                        "Actual Total Time": 82.332,
                                                        "Actual Rows": 4807,
                                                        "Actual Loops": 1
                                                    },
                                                    {
                                                        "Worker Number": 1,
                                                        "Actual Startup Time": 0.386,
                                                        "Actual Total Time": 82.754,
                                                        "Actual Rows": 5427,
                                                        "Actual Loops": 1
                                                    },
                                                    {
                                                        "Worker Number": 2,
                                                        "Actual Startup Time": 0.989,
                                                        "Actual Total Time": 82.922,
                                                        "Actual Rows": 5289,
                                                        "Actual Loops": 1
                                                    },
                                                    {
                                                        "Worker Number": 3,
                                                        "Actual Startup Time": 0.15,
                                                        "Actual Total Time": 83.308,
                                                        "Actual Rows": 4816,
                                                        "Actual Loops": 1
                                                    }
                                                ]
                                            }
                                        ]
                                    }
                                ]
                            }
                        ]
                    }
                ]
            }
        ]
    },
    "Planning Time": 0.788,
    "Triggers": [],
    "Execution Time": 156.028
}