[
  {
    "Plan": {
      "Node Type": "Aggregate",
      "Strategy": "Plain",
      "Partial Mode": "Finalize",
      "Parallel Aware": false,
      "Startup Cost": 331705.67,
      "Total Cost": 331705.68,
      "Plan Rows": 1,
      "Plan Width": 8,
      "Actual Startup Time": 874.43,
      "Actual Total Time": 972.183,
      "Actual Rows": 1,
      "Actual Loops": 1,
      "Plans": [
        {
          "Node Type": "Gather",
          "Parent Relationship": "Outer",
          "Parallel Aware": false,
          "Startup Cost": 331705.04,
          "Total Cost": 331705.65,
          "Plan Rows": 6,
          "Plan Width": 8,
          "Actual Startup Time": 874.246,
          "Actual Total Time": 972.162,
          "Actual Rows": 7,
          "Actual Loops": 1,
          "Workers Planned": 6,
          "Workers Launched": 6,
          "Single Copy": false,
          "Plans": [
            {
              "Node Type": "Aggregate",
              "Strategy": "Plain",
              "Partial Mode": "Partial",
              "Parent Relationship": "Outer",
              "Parallel Aware": false,
              "Startup Cost": 330705.04,
              "Total Cost": 330705.05,
              "Plan Rows": 1,
              "Plan Width": 8,
              "Actual Startup Time": 863.939,
              "Actual Total Time": 863.94,
              "Actual Rows": 1,
              "Actual Loops": 7,
              "Plans": [
                {
                  "Node Type": "Seq Scan",
                  "Parent Relationship": "Outer",
                  "Parallel Aware": true,
                  "Relation Name": "cast_info",
                  "Alias": "ci",
                  "Startup Cost": 0.0,
                  "Total Cost": 328211.39,
                  "Plan Rows": 997461,
                  "Plan Width": 0,
                  "Actual Startup Time": 0.051,
                  "Actual Total Time": 800.496,
                  "Actual Rows": 883447,
                  "Actual Loops": 7,
                  "Filter": "(person_id < 596261)",
                  "Rows Removed by Filter": 4294317
                }
              ]
            }
          ]
        }
      ]
    },
    "Planning Time": 0.212,
    "Triggers": [],
    "Execution Time": 972.265
  }
]