[
  {
    "Plan": {
      "Node Type": "Aggregate",
      "Strategy": "Plain",
      "Partial Mode": "Finalize",
      "Parallel Aware": false,
      "Startup Cost": 331660.96,
      "Total Cost": 331660.97,
      "Plan Rows": 1,
      "Plan Width": 8,
      "Actual Startup Time": 647.659,
      "Actual Total Time": 709.36,
      "Actual Rows": 1,
      "Actual Loops": 1,
      "Plans": [
        {
          "Node Type": "Gather",
          "Parent Relationship": "Outer",
          "Parallel Aware": false,
          "Startup Cost": 331660.34,
          "Total Cost": 331660.95,
          "Plan Rows": 6,
          "Plan Width": 8,
          "Actual Startup Time": 647.526,
          "Actual Total Time": 709.35,
          "Actual Rows": 7,
          "Actual Loops": 1,
          "Workers Planned": 6,
          "Workers Launched": 6,
          "Single Copy": false,
          "Plans": [
            {
              "Node Type": "Aggregate",
              "Strategy": "Plain",
              "Partial Mode": "Partial",
              "Parent Relationship": "Outer",
              "Parallel Aware": false,
              "Startup Cost": 330660.34,
              "Total Cost": 330660.35,
              "Plan Rows": 1,
              "Plan Width": 8,
              "Actual Startup Time": 637.095,
              "Actual Total Time": 637.096,
              "Actual Rows": 1,
              "Actual Loops": 7,
              "Plans": [
                {
                  "Node Type": "Seq Scan",
                  "Parent Relationship": "Outer",
                  "Parallel Aware": true,
                  "Relation Name": "cast_info",
                  "Alias": "ci",
                  "Startup Cost": 0.0,
                  "Total Cost": 328162.03,
                  "Plan Rows": 999325,
                  "Plan Width": 0,
                  "Actual Startup Time": 0.054,
                  "Actual Total Time": 590.911,
                  "Actual Rows": 883447,
                  "Actual Loops": 7,
                  "Filter": "(person_id < 596261)",
                  "Rows Removed by Filter": 4294317
                }
              ]
            }
          ]
        }
      ]
    },
    "Planning Time": 0.141,
    "Triggers": [],
    "Execution Time": 709.42
  }
]