{
  "Plan": {
    "Node Type": "Aggregate",
    "Strategy": "Plain",
    "Partial Mode": "Finalize",
    "Parallel Aware": false,
    "Startup Cost": 97528.19,
    "Total Cost": 97528.2,
    "Plan Rows": 1,
    "Plan Width": 8,
    "Actual Startup Time": 354.953,
    "Actual Total Time": 371.021,
    "Actual Rows": 1,
    "Actual Loops": 1,
    "Plans": [
      {
        "Node Type": "Gather",
        "Parent Relationship": "Outer",
        "Parallel Aware": false,
        "Startup Cost": 97528.08,
        "Total Cost": 97528.19,
        "Plan Rows": 1,
        "Plan Width": 8,
        "Actual Startup Time": 354.82,
        "Actual Total Time": 371.013,
        "Actual Rows": 2,
        "Actual Loops": 1,
        "Workers Planned": 1,
        "Workers Launched": 1,
        "Single Copy": false,
        "Plans": [
          {
            "Node Type": "Aggregate",
            "Strategy": "Plain",
            "Partial Mode": "Partial",
            "Parent Relationship": "Outer",
            "Parallel Aware": false,
            "Startup Cost": 96528.08,
            "Total Cost": 96528.09,
            "Plan Rows": 1,
            "Plan Width": 8,
            "Actual Startup Time": 349.18,
            "Actual Total Time": 349.184,
            "Actual Rows": 1,
            "Actual Loops": 2,
            "Plans": [
              {
                "Node Type": "Hash Join",
                "Parent Relationship": "Outer",
                "Parallel Aware": true,
                "Join Type": "Inner",
                "Startup Cost": 58352.04,
                "Total Cost": 96518.67,
                "Plan Rows": 3763,
                "Plan Width": 0,
                "Actual Startup Time": 140.354,
                "Actual Total Time": 348.992,
                "Actual Rows": 3906,
                "Actual Loops": 2,
                "Inner Unique": true,
                "Hash Cond": "(mc.movie_id = t.id)",
                "Plans": [
                  {
                    "Node Type": "Seq Scan",
                    "Parent Relationship": "Outer",
                    "Parallel Aware": true,
                    "Relation Name": "movie_companies",
                    "Alias": "mc",
                    "Startup Cost": 0.0,
                    "Total Cost": 34137.82,
                    "Plan Rows": 1534782,
                    "Plan Width": 4,
                    "Actual Startup Time": 0.013,
                    "Actual Total Time": 102.79,
                    "Actual Rows": 1304564,
                    "Actual Loops": 2
                  },
                  {
                    "Node Type": "Hash",
                    "Parent Relationship": "Inner",
                    "Parallel Aware": true,
                    "Startup Cost": 58306.47,
                    "Total Cost": 58306.47,
                    "Plan Rows": 3646,
                    "Plan Width": 4,
                    "Actual Startup Time": 138.615,
                    "Actual Total Time": 138.616,
                    "Actual Rows": 3280,
                    "Actual Loops": 2,
                    "Hash Buckets": 8192,
                    "Original Hash Buckets": 8192,
                    "Hash Batches": 1,
                    "Original Hash Batches": 1,
                    "Peak Memory Usage": 352,
                    "Plans": [
                      {
                        "Node Type": "Seq Scan",
                        "Parent Relationship": "Outer",
                        "Parallel Aware": true,
                        "Relation Name": "title",
                        "Alias": "t",
                        "Startup Cost": 0.0,
                        "Total Cost": 58306.47,
                        "Plan Rows": 3646,
                        "Plan Width": 4,
                        "Actual Startup Time": 0.401,
                        "Actual Total Time": 137.284,
                        "Actual Rows": 3280,
                        "Actual Loops": 2,
                        "Filter": "((kind_id = 7) AND (production_year = 1963))",
                        "Rows Removed by Filter": 1260876
                      }
                    ]
                  }
                ]
              }
            ]
          }
        ]
      }
    ]
  },
  "Planning Time": 0.444,
  "Triggers": [],
  "Execution Time": 371.096
}