{
  "Plan": {
    "Node Type": "Aggregate",
    "Strategy": "Plain",
    "Partial Mode": "Finalize",
    "Parallel Aware": false,
    "Startup Cost": 545884.94,
    "Total Cost": 545884.95,
    "Plan Rows": 1,
    "Plan Width": 8,
    "Actual Startup Time": 243.569,
    "Actual Total Time": 278.393,
    "Actual Rows": 1,
    "Actual Loops": 1,
    "Plans": [
      {
        "Node Type": "Gather",
        "Parent Relationship": "Outer",
        "Parallel Aware": false,
        "Startup Cost": 545884.83,
        "Total Cost": 545884.94,
        "Plan Rows": 1,
        "Plan Width": 8,
        "Actual Startup Time": 243.46,
        "Actual Total Time": 278.384,
        "Actual Rows": 2,
        "Actual Loops": 1,
        "Workers Planned": 1,
        "Workers Launched": 1,
        "Single Copy": false,
        "Plans": [
          {
            "Node Type": "Aggregate",
            "Strategy": "Plain",
            "Partial Mode": "Partial",
            "Parent Relationship": "Outer",
            "Parallel Aware": false,
            "Startup Cost": 544884.83,
            "Total Cost": 544884.84,
            "Plan Rows": 1,
            "Plan Width": 8,
            "Actual Startup Time": 237.556,
            "Actual Total Time": 237.558,
            "Actual Rows": 1,
            "Actual Loops": 2,
            "Plans": [
              {
                "Node Type": "Nested Loop",
                "Parent Relationship": "Outer",
                "Parallel Aware": false,
                "Join Type": "Inner",
                "Startup Cost": 0.56,
                "Total Cost": 544703.94,
                "Plan Rows": 72353,
                "Plan Width": 0,
                "Actual Startup Time": 0.375,
                "Actual Total Time": 234.378,
                "Actual Rows": 51770,
                "Actual Loops": 2,
                "Inner Unique": false,
                "Plans": [
                  {
                    "Node Type": "Seq Scan",
                    "Parent Relationship": "Outer",
                    "Parallel Aware": true,
                    "Relation Name": "title",
                    "Alias": "t",
                    "Startup Cost": 0.0,
                    "Total Cost": 58306.47,
                    "Plan Rows": 5049,
                    "Plan Width": 4,
                    "Actual Startup Time": 0.142,
                    "Actual Total Time": 126.447,
                    "Actual Rows": 4015,
                    "Actual Loops": 2,
                    "Filter": "((kind_id > 3) AND (production_year = 1975))",
                    "Rows Removed by Filter": 1260141
                  },
                  {
                    "Node Type": "Index Only Scan",
                    "Parent Relationship": "Inner",
                    "Parallel Aware": false,
                    "Scan Direction": "Forward",
                    "Index Name": "movie_id_cast_info",
                    "Relation Name": "cast_info",
                    "Alias": "ci",
                    "Startup Cost": 0.56,
                    "Total Cost": 95.97,
                    "Plan Rows": 37,
                    "Plan Width": 4,
                    "Actual Startup Time": 0.006,
                    "Actual Total Time": 0.025,
                    "Actual Rows": 13,
                    "Actual Loops": 8030,
                    "Index Cond": "(movie_id = t.id)",
                    "Rows Removed by Index Recheck": 0,
                    "Heap Fetches": 103540
                  }
                ]
              }
            ]
          }
        ]
      }
    ]
  },
  "Planning Time": 0.457,
  "Triggers": [],
  "Execution Time": 278.475
}