[
  {
    "Plan": {
      "Node Type": "Aggregate",
      "Strategy": "Plain",
      "Partial Mode": "Finalize",
      "Parallel Aware": false,
      "Startup Cost": 92682.32,
      "Total Cost": 92682.33,
      "Plan Rows": 1,
      "Plan Width": 8,
      "Actual Startup Time": 309.75,
      "Actual Total Time": 326.826,
      "Actual Rows": 1,
      "Actual Loops": 1,
      "Plans": [
        {
          "Node Type": "Gather",
          "Parent Relationship": "Outer",
          "Parallel Aware": false,
          "Startup Cost": 92682.0,
          "Total Cost": 92682.31,
          "Plan Rows": 3,
          "Plan Width": 8,
          "Actual Startup Time": 307.542,
          "Actual Total Time": 326.817,
          "Actual Rows": 4,
          "Actual Loops": 1,
          "Workers Planned": 3,
          "Workers Launched": 3,
          "Single Copy": false,
          "Plans": [
            {
              "Node Type": "Aggregate",
              "Strategy": "Plain",
              "Partial Mode": "Partial",
              "Parent Relationship": "Outer",
              "Parallel Aware": false,
              "Startup Cost": 91682.0,
              "Total Cost": 91682.01,
              "Plan Rows": 1,
              "Plan Width": 8,
              "Actual Startup Time": 298.896,
              "Actual Total Time": 298.899,
              "Actual Rows": 1,
              "Actual Loops": 4,
              "Plans": [
                {
                  "Node Type": "Hash Join",
                  "Parent Relationship": "Outer",
                  "Parallel Aware": true,
                  "Join Type": "Inner",
                  "Startup Cost": 46713.9,
                  "Total Cost": 91387.59,
                  "Plan Rows": 117767,
                  "Plan Width": 0,
                  "Actual Startup Time": 139.717,
                  "Actual Total Time": 297.607,
                  "Actual Rows": 29146,
                  "Actual Loops": 4,
                  "Inner Unique": true,
                  "Hash Cond": "(mk.movie_id = t.id)",
                  "Plans": [
                    {
                      "Node Type": "Seq Scan",
                      "Parent Relationship": "Outer",
                      "Parallel Aware": true,
                      "Relation Name": "movie_keyword",
                      "Alias": "mk",
                      "Startup Cost": 0.0,
                      "Total Cost": 42695.65,
                      "Plan Rows": 753537,
                      "Plan Width": 4,
                      "Actual Startup Time": 0.271,
                      "Actual Total Time": 102.003,
                      "Actual Rows": 583227,
                      "Actual Loops": 4,
                      "Filter": "(keyword_id > 4333)",
                      "Rows Removed by Filter": 547755
                    },
                    {
                      "Node Type": "Hash",
                      "Parent Relationship": "Inner",
                      "Parallel Aware": true,
                      "Startup Cost": 45479.1,
                      "Total Cost": 45479.1,
                      "Plan Rows": 98784,
                      "Plan Width": 4,
                      "Actual Startup Time": 135.937,
                      "Actual Total Time": 135.938,
                      "Actual Rows": 100297,
                      "Actual Loops": 4,
                      "Hash Buckets": 524288,
                      "Original Hash Buckets": 524288,
                      "Hash Batches": 1,
                      "Original Hash Batches": 1,
                      "Peak Memory Usage": 19872,
                      "Plans": [
                        {
                          "Node Type": "Seq Scan",
                          "Parent Relationship": "Outer",
                          "Parallel Aware": true,
                          "Relation Name": "title",
                          "Alias": "t",
                          "Startup Cost": 0.0,
                          "Total Cost": 45479.1,
                          "Plan Rows": 98784,
                          "Plan Width": 4,
                          "Actual Startup Time": 0.034,
                          "Actual Total Time": 98.729,
                          "Actual Rows": 100297,
                          "Actual Loops": 4,
                          "Filter": "((kind_id > 1) AND (production_year > 2009))",
                          "Rows Removed by Filter": 531781
                        }
                      ]
                    }
                  ]
                }
              ]
            }
          ]
        }
      ]
    },
    "Planning Time": 0.604,
    "Triggers": [],
    "Execution Time": 326.891
  }
]