{
  "Plan": {
    "Node Type": "Aggregate",
    "Strategy": "Plain",
    "Partial Mode": "Finalize",
    "Parallel Aware": false,
    "Startup Cost": 111380.88,
    "Total Cost": 111380.89,
    "Plan Rows": 1,
    "Plan Width": 8,
    "Actual Startup Time": 470.583,
    "Actual Total Time": 487.869,
    "Actual Rows": 1,
    "Actual Loops": 1,
    "Plans": [
      {
        "Node Type": "Gather",
        "Parent Relationship": "Outer",
        "Parallel Aware": false,
        "Startup Cost": 111380.76,
        "Total Cost": 111380.87,
        "Plan Rows": 1,
        "Plan Width": 8,
        "Actual Startup Time": 469.367,
        "Actual Total Time": 487.862,
        "Actual Rows": 2,
        "Actual Loops": 1,
        "Workers Planned": 1,
        "Workers Launched": 1,
        "Single Copy": false,
        "Plans": [
          {
            "Node Type": "Aggregate",
            "Strategy": "Plain",
            "Partial Mode": "Partial",
            "Parent Relationship": "Outer",
            "Parallel Aware": false,
            "Startup Cost": 110380.76,
            "Total Cost": 110380.77,
            "Plan Rows": 1,
            "Plan Width": 8,
            "Actual Startup Time": 463.017,
            "Actual Total Time": 463.023,
            "Actual Rows": 1,
            "Actual Loops": 2,
            "Plans": [
              {
                "Node Type": "Hash Join",
                "Parent Relationship": "Outer",
                "Parallel Aware": true,
                "Join Type": "Inner",
                "Startup Cost": 91234.2,
                "Total Cost": 110362.46,
                "Plan Rows": 7323,
                "Plan Width": 0,
                "Actual Startup Time": 379.108,
                "Actual Total Time": 461.801,
                "Actual Rows": 29002,
                "Actual Loops": 2,
                "Inner Unique": false,
                "Hash Cond": "(mi_idx.movie_id = t.id)",
                "Plans": [
                  {
                    "Node Type": "Seq Scan",
                    "Parent Relationship": "Outer",
                    "Parallel Aware": true,
                    "Relation Name": "movie_info_idx",
                    "Alias": "mi_idx",
                    "Startup Cost": 0.0,
                    "Total Cost": 18082.32,
                    "Plan Rows": 267429,
                    "Plan Width": 4,
                    "Actual Startup Time": 0.025,
                    "Actual Total Time": 51.597,
                    "Actual Rows": 229962,
                    "Actual Loops": 2,
                    "Filter": "(info_type_id = 99)",
                    "Rows Removed by Filter": 460055
                  },
                  {
                    "Node Type": "Hash",
                    "Parent Relationship": "Inner",
                    "Parallel Aware": true,
                    "Startup Cost": 90725.13,
                    "Total Cost": 90725.13,
                    "Plan Rows": 40726,
                    "Plan Width": 8,
                    "Actual Startup Time": 376.673,
                    "Actual Total Time": 376.678,
                    "Actual Rows": 67996,
                    "Actual Loops": 2,
                    "Hash Buckets": 262144,
                    "Original Hash Buckets": 131072,
                    "Hash Batches": 1,
                    "Original Hash Batches": 1,
                    "Peak Memory Usage": 8416,
                    "Plans": [
                      {
                        "Node Type": "Hash Join",
                        "Parent Relationship": "Outer",
                        "Parallel Aware": true,
                        "Join Type": "Inner",
                        "Startup Cost": 26105.78,
                        "Total Cost": 90725.13,
                        "Plan Rows": 40726,
                        "Plan Width": 8,
                        "Actual Startup Time": 89.077,
                        "Actual Total Time": 357.212,
                        "Actual Rows": 67996,
                        "Actual Loops": 2,
                        "Inner Unique": false,
                        "Hash Cond": "(t.id = mc.movie_id)",
                        "Plans": [
                          {
                            "Node Type": "Seq Scan",
                            "Parent Relationship": "Outer",
                            "Parallel Aware": true,
                            "Relation Name": "title",
                            "Alias": "t",
                            "Startup Cost": 0.0,
                            "Total Cost": 58306.47,
                            "Plan Rows": 971731,
                            "Plan Width": 4,
                            "Actual Startup Time": 0.012,
                            "Actual Total Time": 152.542,
                            "Actual Rows": 854624,
                            "Actual Loops": 2,
                            "Filter": "((kind_id > 2) AND (production_year > 1925))",
                            "Rows Removed by Filter": 409532
                          },
                          {
                            "Node Type": "Hash",
                            "Parent Relationship": "Inner",
                            "Parallel Aware": true,
                            "Startup Cost": 25326.64,
                            "Total Cost": 25326.64,
                            "Plan Rows": 62331,
                            "Plan Width": 4,
                            "Actual Startup Time": 87.917,
                            "Actual Total Time": 87.918,
                            "Actual Rows": 83524,
                            "Actual Loops": 2,
                            "Hash Buckets": 262144,
                            "Original Hash Buckets": 131072,
                            "Hash Batches": 1,
                            "Original Hash Batches": 1,
                            "Peak Memory Usage": 9664,
                            "Plans": [
                              {
                                "Node Type": "Bitmap Heap Scan",
                                "Parent Relationship": "Outer",
                                "Parallel Aware": true,
                                "Relation Name": "movie_companies",
                                "Alias": "mc",
                                "Startup Cost": 4637.33,
                                "Total Cost": 25326.64,
                                "Plan Rows": 62331,
                                "Plan Width": 4,
                                "Actual Startup Time": 24.277,
                                "Actual Total Time": 67.51,
                                "Actual Rows": 83524,
                                "Actual Loops": 2,
                                "Recheck Cond": "(company_id < 73)",
                                "Rows Removed by Index Recheck": 0,
                                "Filter": "(company_type_id < 2)",
                                "Rows Removed by Filter": 24078,
                                "Exact Heap Blocks": 12038,
                                "Lossy Heap Blocks": 0,
                                "Plans": [
                                  {
                                    "Node Type": "Bitmap Index Scan",
                                    "Parent Relationship": "Outer",
                                    "Parallel Aware": false,
                                    "Index Name": "company_id_movie_companies",
                                    "Startup Cost": 0.0,
                                    "Total Cost": 4610.84,
                                    "Plan Rows": 215255,
                                    "Plan Width": 0,
                                    "Actual Startup Time": 22.938,
                                    "Actual Total Time": 22.939,
                                    "Actual Rows": 215203,
                                    "Actual Loops": 1,
                                    "Index Cond": "(company_id < 73)"
                                  }
                                ]
                              }
                            ]
                          }
                        ]
                      }
                    ]
                  }
                ]
              }
            ]
          }
        ]
      }
    ]
  },
  "Planning Time": 1.107,
  "Triggers": [],
  "Execution Time": 487.973
}