[
  {
    "Plan": {
      "Node Type": "Aggregate",
      "Strategy": "Plain",
      "Partial Mode": "Finalize",
      "Parallel Aware": false,
      "Startup Cost": 256354.5,
      "Total Cost": 256354.51,
      "Plan Rows": 1,
      "Plan Width": 8,
      "Actual Startup Time": 773.621,
      "Actual Total Time": 789.24,
      "Actual Rows": 1,
      "Actual Loops": 1,
      "Plans": [
        {
          "Node Type": "Gather",
          "Parent Relationship": "Outer",
          "Parallel Aware": false,
          "Startup Cost": 256354.28,
          "Total Cost": 256354.49,
          "Plan Rows": 2,
          "Plan Width": 8,
          "Actual Startup Time": 765.154,
          "Actual Total Time": 789.229,
          "Actual Rows": 3,
          "Actual Loops": 1,
          "Workers Planned": 2,
          "Workers Launched": 2,
          "Single Copy": false,
          "Plans": [
            {
              "Node Type": "Aggregate",
              "Strategy": "Plain",
              "Partial Mode": "Partial",
              "Parent Relationship": "Outer",
              "Parallel Aware": false,
              "Startup Cost": 255354.28,
              "Total Cost": 255354.29,
              "Plan Rows": 1,
              "Plan Width": 8,
              "Actual Startup Time": 761.759,
              "Actual Total Time": 762.101,
              "Actual Rows": 1,
              "Actual Loops": 3,
              "Plans": [
                {
                  "Node Type": "Hash Join",
                  "Parent Relationship": "Outer",
                  "Parallel Aware": true,
                  "Join Type": "Inner",
                  "Startup Cost": 238880.67,
                  "Total Cost": 255003.09,
                  "Plan Rows": 140478,
                  "Plan Width": 0,
                  "Actual Startup Time": 628.8,
                  "Actual Total Time": 752.59,
                  "Actual Rows": 238165,
                  "Actual Loops": 3,
                  "Inner Unique": false,
                  "Hash Cond": "(mi_idx.movie_id = t.id)",
                  "Plans": [
                    {
                      "Node Type": "Seq Scan",
                      "Parent Relationship": "Outer",
                      "Parallel Aware": true,
                      "Relation Name": "movie_info_idx",
                      "Alias": "mi_idx",
                      "Startup Cost": 0.0,
                      "Total Cost": 13685.15,
                      "Plan Rows": 575015,
                      "Plan Width": 4,
                      "Actual Startup Time": 0.014,
                      "Actual Total Time": 39.053,
                      "Actual Rows": 460012,
                      "Actual Loops": 3
                    },
                    {
                      "Node Type": "Hash",
                      "Parent Relationship": "Inner",
                      "Parallel Aware": true,
                      "Startup Cost": 237336.42,
                      "Total Cost": 237336.42,
                      "Plan Rows": 123540,
                      "Plan Width": 8,
                      "Actual Startup Time": 625.828,
                      "Actual Total Time": 626.168,
                      "Actual Rows": 242739,
                      "Actual Loops": 3,
                      "Hash Buckets": 1048576,
                      "Original Hash Buckets": 1048576,
                      "Hash Batches": 1,
                      "Original Hash Batches": 1,
                      "Peak Memory Usage": 36704,
                      "Plans": [
                        {
                          "Node Type": "Hash Join",
                          "Parent Relationship": "Outer",
                          "Parallel Aware": true,
                          "Join Type": "Inner",
                          "Startup Cost": 71367.44,
                          "Total Cost": 237336.42,
                          "Plan Rows": 123540,
                          "Plan Width": 8,
                          "Actual Startup Time": 330.889,
                          "Actual Total Time": 539.523,
                          "Actual Rows": 242739,
                          "Actual Loops": 3,
                          "Inner Unique": true,
                          "Hash Cond": "(mi.movie_id = t.id)",
                          "Plans": [
                            {
                              "Node Type": "Bitmap Heap Scan",
                              "Parent Relationship": "Outer",
                              "Parallel Aware": true,
                              "Relation Name": "movie_info",
                              "Alias": "mi",
                              "Startup Cost": 23754.83,
                              "Total Cost": 189033.77,
                              "Plan Rows": 262875,
                              "Plan Width": 4,
                              "Actual Startup Time": 41.198,
                              "Actual Total Time": 87.428,
                              "Actual Rows": 429643,
                              "Actual Loops": 3,
                              "Recheck Cond": "(info_type_id = 2)",
                              "Rows Removed by Index Recheck": 0,
                              "Exact Heap Blocks": 3228,
                              "Lossy Heap Blocks": 0,
                              "Plans": [
                                {
                                  "Node Type": "Bitmap Index Scan",
                                  "Parent Relationship": "Outer",
                                  "Parallel Aware": false,
                                  "Index Name": "info_type_id_movie_info",
                                  "Startup Cost": 0.0,
                                  "Total Cost": 23426.24,
                                  "Plan Rows": 1314374,
                                  "Plan Width": 0,
                                  "Actual Startup Time": 39.853,
                                  "Actual Total Time": 39.853,
                                  "Actual Rows": 1288928,
                                  "Actual Loops": 1,
                                  "Index Cond": "(info_type_id = 2)"
                                }
                              ]
                            },
                            {
                              "Node Type": "Hash",
                              "Parent Relationship": "Inner",
                              "Parallel Aware": true,
                              "Startup Cost": 43899.32,
                              "Total Cost": 43899.32,
                              "Plan Rows": 297063,
                              "Plan Width": 4,
                              "Actual Startup Time": 283.502,
                              "Actual Total Time": 283.503,
                              "Actual Rows": 398641,
                              "Actual Loops": 3,
                              "Hash Buckets": 2097152,
                              "Original Hash Buckets": 2097152,
                              "Hash Batches": 1,
                              "Original Hash Batches": 1,
                              "Peak Memory Usage": 63232,
                              "Plans": [
                                {
                                  "Node Type": "Seq Scan",
                                  "Parent Relationship": "Outer",
                                  "Parallel Aware": true,
                                  "Relation Name": "title",
                                  "Alias": "t",
                                  "Startup Cost": 0.0,
                                  "Total Cost": 43899.32,
                                  "Plan Rows": 297063,
                                  "Plan Width": 4,
                                  "Actual Startup Time": 0.035,
                                  "Actual Total Time": 133.38,
                                  "Actual Rows": 398641,
                                  "Actual Loops": 3,
                                  "Filter": "(production_year < 2003)",
                                  "Rows Removed by Filter": 444130
                                }
                              ]
                            }
                          ]
                        }
                      ]
                    }
                  ]
                }
              ]
            }
          ]
        }
      ]
    },
    "Planning Time": 0.453,
    "Triggers": [],
    "Execution Time": 789.288
  }
]