{
  "Plan": {
    "Node Type": "Aggregate",
    "Strategy": "Plain",
    "Partial Mode": "Finalize",
    "Parallel Aware": false,
    "Startup Cost": 105780.34,
    "Total Cost": 105780.35,
    "Plan Rows": 1,
    "Plan Width": 8,
    "Actual Startup Time": 597.154,
    "Actual Total Time": 617.047,
    "Actual Rows": 1,
    "Actual Loops": 1,
    "Plans": [
      {
        "Node Type": "Gather",
        "Parent Relationship": "Outer",
        "Parallel Aware": false,
        "Startup Cost": 105780.23,
        "Total Cost": 105780.34,
        "Plan Rows": 1,
        "Plan Width": 8,
        "Actual Startup Time": 594.204,
        "Actual Total Time": 617.032,
        "Actual Rows": 2,
        "Actual Loops": 1,
        "Workers Planned": 1,
        "Workers Launched": 1,
        "Single Copy": false,
        "Plans": [
          {
            "Node Type": "Aggregate",
            "Strategy": "Plain",
            "Partial Mode": "Partial",
            "Parent Relationship": "Outer",
            "Parallel Aware": false,
            "Startup Cost": 104780.23,
            "Total Cost": 104780.24,
            "Plan Rows": 1,
            "Plan Width": 8,
            "Actual Startup Time": 588.093,
            "Actual Total Time": 588.108,
            "Actual Rows": 1,
            "Actual Loops": 2,
            "Plans": [
              {
                "Node Type": "Hash Join",
                "Parent Relationship": "Outer",
                "Parallel Aware": true,
                "Join Type": "Inner",
                "Startup Cost": 75290.17,
                "Total Cost": 104543.88,
                "Plan Rows": 94539,
                "Plan Width": 0,
                "Actual Startup Time": 385.208,
                "Actual Total Time": 576.402,
                "Actual Rows": 225143,
                "Actual Loops": 2,
                "Inner Unique": true,
                "Hash Cond": "(mk.movie_id = t.id)",
                "Plans": [
                  {
                    "Node Type": "Bitmap Heap Scan",
                    "Parent Relationship": "Outer",
                    "Parallel Aware": true,
                    "Relation Name": "movie_keyword",
                    "Alias": "mk",
                    "Startup Cost": 11445.34,
                    "Total Cost": 39866.05,
                    "Plan Rows": 317336,
                    "Plan Width": 4,
                    "Actual Startup Time": 31.908,
                    "Actual Total Time": 127.289,
                    "Actual Rows": 277863,
                    "Actual Loops": 2,
                    "Recheck Cond": "(keyword_id < 398)",
                    "Rows Removed by Index Recheck": 0,
                    "Exact Heap Blocks": 14696,
                    "Lossy Heap Blocks": 0,
                    "Plans": [
                      {
                        "Node Type": "Bitmap Index Scan",
                        "Parent Relationship": "Outer",
                        "Parallel Aware": false,
                        "Index Name": "keyword_id_movie_keyword",
                        "Startup Cost": 0.0,
                        "Total Cost": 11310.47,
                        "Plan Rows": 539472,
                        "Plan Width": 0,
                        "Actual Startup Time": 28.164,
                        "Actual Total Time": 28.179,
                        "Actual Rows": 555726,
                        "Actual Loops": 1,
                        "Index Cond": "(keyword_id < 398)"
                      }
                    ]
                  },
                  {
                    "Node Type": "Hash",
                    "Parent Relationship": "Inner",
                    "Parallel Aware": true,
                    "Startup Cost": 58306.47,
                    "Total Cost": 58306.47,
                    "Plan Rows": 443069,
                    "Plan Width": 4,
                    "Actual Startup Time": 343.893,
                    "Actual Total Time": 343.895,
                    "Actual Rows": 396972,
                    "Actual Loops": 2,
                    "Hash Buckets": 1048576,
                    "Original Hash Buckets": 1048576,
                    "Hash Batches": 1,
                    "Original Hash Batches": 1,
                    "Peak Memory Usage": 39296,
                    "Plans": [
                      {
                        "Node Type": "Seq Scan",
                        "Parent Relationship": "Outer",
                        "Parallel Aware": true,
                        "Relation Name": "title",
                        "Alias": "t",
                        "Startup Cost": 0.0,
                        "Total Cost": 58306.47,
                        "Plan Rows": 443069,
                        "Plan Width": 4,
                        "Actual Startup Time": 0.038,
                        "Actual Total Time": 205.407,
                        "Actual Rows": 396972,
                        "Actual Loops": 2,
                        "Filter": "((kind_id < 7) AND (production_year < 2010))",
                        "Rows Removed by Filter": 867184
                      }
                    ]
                  }
                ]
              }
            ]
          }
        ]
      }
    ]
  },
  "Planning Time": 0.695,
  "Triggers": [],
  "Execution Time": 617.159
}