{
    "Plan": {
        "Node Type": "Aggregate",
        "Strategy": "Plain",
        "Partial Mode": "Finalize",
        "Parallel Aware": false,
        "Startup Cost": 501017.18,
        "Total Cost": 501017.19,
        "Plan Rows": 1,
        "Plan Width": 8,
        "Actual Startup Time": 1127.403,
        "Actual Total Time": 1189.794,
        "Actual Rows": 1,
        "Actual Loops": 1,
        "Output": [
            "count(*)"
        ],
        "Plans": [
            {
                "Node Type": "Gather",
                "Parent Relationship": "Outer",
                "Parallel Aware": false,
                "Startup Cost": 501016.56,
                "Total Cost": 501017.17,
                "Plan Rows": 6,
                "Plan Width": 8,
                "Actual Startup Time": 1125.336,
                "Actual Total Time": 1189.783,
                "Actual Rows": 7,
                "Actual Loops": 1,
                "Output": [
                    "(PARTIAL count(*))"
                ],
                "Workers Planned": 6,
                "Workers Launched": 6,
                "Single Copy": false,
                "Plans": [
                    {
                        "Node Type": "Aggregate",
                        "Strategy": "Plain",
                        "Partial Mode": "Partial",
                        "Parent Relationship": "Outer",
                        "Parallel Aware": false,
                        "Startup Cost": 500016.56,
                        "Total Cost": 500016.57,
                        "Plan Rows": 1,
                        "Plan Width": 8,
                        "Actual Startup Time": 1113.978,
                        "Actual Total Time": 1113.982,
                        "Actual Rows": 1,
                        "Actual Loops": 7,
                        "Output": [
                            "PARTIAL count(*)"
                        ],
                        "Workers": [
                            {
                                "Worker Number": 0,
                                "Actual Startup Time": 1111.828,
                                "Actual Total Time": 1111.832,
                                "Actual Rows": 1,
                                "Actual Loops": 1
                            },
                            {
                                "Worker Number": 1,
                                "Actual Startup Time": 1111.715,
                                "Actual Total Time": 1111.718,
                                "Actual Rows": 1,
                                "Actual Loops": 1
                            },
                            {
                                "Worker Number": 2,
                                "Actual Startup Time": 1111.525,
                                "Actual Total Time": 1111.528,
                                "Actual Rows": 1,
                                "Actual Loops": 1
                            },
                            {
                                "Worker Number": 3,
                                "Actual Startup Time": 1112.442,
                                "Actual Total Time": 1112.446,
                                "Actual Rows": 1,
                                "Actual Loops": 1
                            },
                            {
                                "Worker Number": 4,
                                "Actual Startup Time": 1113.055,
                                "Actual Total Time": 1113.058,
                                "Actual Rows": 1,
                                "Actual Loops": 1
                            },
                            {
                                "Worker Number": 5,
                                "Actual Startup Time": 1112.971,
                                "Actual Total Time": 1112.974,
                                "Actual Rows": 1,
                                "Actual Loops": 1
                            }
                        ],
                        "Plans": [
                            {
                                "Node Type": "Nested Loop",
                                "Parent Relationship": "Outer",
                                "Parallel Aware": false,
                                "Join Type": "Inner",
                                "Startup Cost": 46373.63,
                                "Total Cost": 499181.58,
                                "Plan Rows": 333993,
                                "Plan Width": 0,
                                "Actual Startup Time": 451.224,
                                "Actual Total Time": 1101.372,
                                "Actual Rows": 249633,
                                "Actual Loops": 7,
                                "Inner Unique": false,
                                "Join Filter": "(t.id = mi.movie_id)",
                                "Rows Removed by Join Filter": 0,
                                "Workers": [
                                    {
                                        "Worker Number": 0,
                                        "Actual Startup Time": 448.315,
                                        "Actual Total Time": 1097.873,
                                        "Actual Rows": 190309,
                                        "Actual Loops": 1
                                    },
                                    {
                                        "Worker Number": 1,
                                        "Actual Startup Time": 448.746,
                                        "Actual Total Time": 1098.982,
                                        "Actual Rows": 287408,
                                        "Actual Loops": 1
                                    },
                                    {
                                        "Worker Number": 2,
                                        "Actual Startup Time": 449.824,
                                        "Actual Total Time": 1100.015,
                                        "Actual Rows": 255242,
                                        "Actual Loops": 1
                                    },
                                    {
                                        "Worker Number": 3,
                                        "Actual Startup Time": 449.338,
                                        "Actual Total Time": 1099.095,
                                        "Actual Rows": 181588,
                                        "Actual Loops": 1
                                    },
                                    {
                                        "Worker Number": 4,
                                        "Actual Startup Time": 450.319,
                                        "Actual Total Time": 1100.283,
                                        "Actual Rows": 288598,
                                        "Actual Loops": 1
                                    },
                                    {
                                        "Worker Number": 5,
                                        "Actual Startup Time": 450.997,
                                        "Actual Total Time": 1100.653,
                                        "Actual Rows": 277774,
                                        "Actual Loops": 1
                                    }
                                ],
                                "Plans": [
                                    {
                                        "Node Type": "Hash Join",
                                        "Parent Relationship": "Outer",
                                        "Parallel Aware": true,
                                        "Join Type": "Inner",
                                        "Startup Cost": 46373.2,
                                        "Total Cost": 391019.86,
                                        "Plan Rows": 57230,
                                        "Plan Width": 8,
                                        "Actual Startup Time": 451.105,
                                        "Actual Total Time": 842.135,
                                        "Actual Rows": 35340,
                                        "Actual Loops": 7,
                                        "Output": [
                                            "t.id",
                                            "ci.movie_id"
                                        ],
                                        "Inner Unique": true,
                                        "Hash Cond": "(ci.movie_id = t.id)",
                                        "Workers": [
                                            {
                                                "Worker Number": 0,
                                                "Actual Startup Time": 448.152,
                                                "Actual Total Time": 840.092,
                                                "Actual Rows": 27441,
                                                "Actual Loops": 1
                                            },
                                            {
                                                "Worker Number": 1,
                                                "Actual Startup Time": 448.646,
                                                "Actual Total Time": 839.795,
                                                "Actual Rows": 40897,
                                                "Actual Loops": 1
                                            },
                                            {
                                                "Worker Number": 2,
                                                "Actual Startup Time": 449.676,
                                                "Actual Total Time": 828.305,
                                                "Actual Rows": 35104,
                                                "Actual Loops": 1
                                            },
                                            {
                                                "Worker Number": 3,
                                                "Actual Startup Time": 449.16,
                                                "Actual Total Time": 847.236,
                                                "Actual Rows": 26244,
                                                "Actual Loops": 1
                                            },
                                            {
                                                "Worker Number": 4,
                                                "Actual Startup Time": 450.216,
                                                "Actual Total Time": 839.53,
                                                "Actual Rows": 40009,
                                                "Actual Loops": 1
                                            },
                                            {
                                                "Worker Number": 5,
                                                "Actual Startup Time": 450.894,
                                                "Actual Total Time": 843.039,
                                                "Actual Rows": 39910,
                                                "Actual Loops": 1
                                            }
                                        ],
                                        "Plans": [
                                            {
                                                "Node Type": "Seq Scan",
                                                "Parent Relationship": "Outer",
                                                "Parallel Aware": true,
                                                "Relation Name": "cast_info",
                                                "Schema": "public",
                                                "Alias": "ci",
                                                "Startup Cost": 0.0,
                                                "Total Cost": 343318.94,
                                                "Plan Rows": 505800,
                                                "Plan Width": 4,
                                                "Actual Startup Time": 365.393,
                                                "Actual Total Time": 599.934,
                                                "Actual Rows": 970152,
                                                "Actual Loops": 7,
                                                "Output": [
                                                    "ci.id",
                                                    "ci.person_id",
                                                    "ci.movie_id",
                                                    "ci.person_role_id",
                                                    "ci.note",
                                                    "ci.nr_order",
                                                    "ci.role_id"
                                                ],
                                                "Filter": "((ci.person_id > 2982940) AND (ci.role_id > 2))",
                                                "Rows Removed by Filter": 4207611,
                                                "Workers": [
                                                    {
                                                        "Worker Number": 0,
                                                        "Actual Startup Time": 365.383,
                                                        "Actual Total Time": 610.194,
                                                        "Actual Rows": 745089,
                                                        "Actual Loops": 1
                                                    },
                                                    {
                                                        "Worker Number": 1,
                                                        "Actual Startup Time": 365.375,
                                                        "Actual Total Time": 604.634,
                                                        "Actual Rows": 1110902,
                                                        "Actual Loops": 1
                                                    },
                                                    {
                                                        "Worker Number": 2,
                                                        "Actual Startup Time": 365.405,
                                                        "Actual Total Time": 582.608,
                                                        "Actual Rows": 907621,
                                                        "Actual Loops": 1
                                                    },
                                                    {
                                                        "Worker Number": 3,
                                                        "Actual Startup Time": 365.361,
                                                        "Actual Total Time": 614.329,
                                                        "Actual Rows": 752567,
                                                        "Actual Loops": 1
                                                    },
                                                    {
                                                        "Worker Number": 4,
                                                        "Actual Startup Time": 365.363,
                                                        "Actual Total Time": 603.083,
                                                        "Actual Rows": 1097725,
                                                        "Actual Loops": 1
                                                    },
                                                    {
                                                        "Worker Number": 5,
                                                        "Actual Startup Time": 365.516,
                                                        "Actual Total Time": 604.914,
                                                        "Actual Rows": 1098824,
                                                        "Actual Loops": 1
                                                    }
                                                ]
                                            },
                                            {
                                                "Node Type": "Hash",
                                                "Parent Relationship": "Inner",
                                                "Parallel Aware": true,
                                                "Startup Cost": 45479.21,
                                                "Total Cost": 45479.21,
                                                "Plan Rows": 71519,
                                                "Plan Width": 4,
                                                "Actual Startup Time": 82.527,
                                                "Actual Total Time": 82.528,
                                                "Actual Rows": 25334,
                                                "Actual Loops": 7,
                                                "Output": [
                                                    "t.id"
                                                ],
                                                "Hash Buckets": 524288,
                                                "Original Hash Buckets": 524288,
                                                "Hash Batches": 1,
                                                "Original Hash Batches": 1,
                                                "Peak Memory Usage": 11136,
                                                "Workers": [
                                                    {
                                                        "Worker Number": 0,
                                                        "Actual Startup Time": 81.76,
                                                        "Actual Total Time": 81.761,
                                                        "Actual Rows": 19766,
                                                        "Actual Loops": 1
                                                    },
                                                    {
                                                        "Worker Number": 1,
                                                        "Actual Startup Time": 82.096,
                                                        "Actual Total Time": 82.096,
                                                        "Actual Rows": 26777,
                                                        "Actual Loops": 1
                                                    },
                                                    {
                                                        "Worker Number": 2,
                                                        "Actual Startup Time": 81.833,
                                                        "Actual Total Time": 81.834,
                                                        "Actual Rows": 22314,
                                                        "Actual Loops": 1
                                                    },
                                                    {
                                                        "Worker Number": 3,
                                                        "Actual Startup Time": 82.868,
                                                        "Actual Total Time": 82.869,
                                                        "Actual Rows": 19840,
                                                        "Actual Loops": 1
                                                    },
                                                    {
                                                        "Worker Number": 4,
                                                        "Actual Startup Time": 83.462,
                                                        "Actual Total Time": 83.462,
                                                        "Actual Rows": 25332,
                                                        "Actual Loops": 1
                                                    },
                                                    {
                                                        "Worker Number": 5,
                                                        "Actual Startup Time": 83.451,
                                                        "Actual Total Time": 83.452,
                                                        "Actual Rows": 25270,
                                                        "Actual Loops": 1
                                                    }
                                                ],
                                                "Plans": [
                                                    {
                                                        "Node Type": "Seq Scan",
                                                        "Parent Relationship": "Outer",
                                                        "Parallel Aware": true,
                                                        "Relation Name": "title",
                                                        "Schema": "public",
                                                        "Alias": "t",
                                                        "Startup Cost": 0.0,
                                                        "Total Cost": 45479.21,
                                                        "Plan Rows": 71519,
                                                        "Plan Width": 4,
                                                        "Actual Startup Time": 0.071,
                                                        "Actual Total Time": 69.022,
                                                        "Actual Rows": 25334,
                                                        "Actual Loops": 7,
                                                        "Output": [
                                                            "t.id"
                                                        ],
                                                        "Filter": "((t.production_year < 1977) AND (t.kind_id = 7))",
                                                        "Rows Removed by Filter": 335853,
                                                        "Workers": [
                                                            {
                                                                "Worker Number": 0,
                                                                "Actual Startup Time": 0.109,
                                                                "Actual Total Time": 69.496,
                                                                "Actual Rows": 19766,
                                                                "Actual Loops": 1
                                                            },
                                                            {
                                                                "Worker Number": 1,
                                                                "Actual Startup Time": 0.068,
                                                                "Actual Total Time": 68.696,
                                                                "Actual Rows": 26777,
                                                                "Actual Loops": 1
                                                            },
                                                            {
                                                                "Worker Number": 2,
                                                                "Actual Startup Time": 0.062,
                                                                "Actual Total Time": 68.983,
                                                                "Actual Rows": 22314,
                                                                "Actual Loops": 1
                                                            },
                                                            {
                                                                "Worker Number": 3,
                                                                "Actual Startup Time": 0.065,
                                                                "Actual Total Time": 70.075,
                                                                "Actual Rows": 19840,
                                                                "Actual Loops": 1
                                                            },
                                                            {
                                                                "Worker Number": 4,
                                                                "Actual Startup Time": 0.081,
                                                                "Actual Total Time": 68.848,
                                                                "Actual Rows": 25332,
                                                                "Actual Loops": 1
                                                            },
                                                            {
                                                                "Worker Number": 5,
                                                                "Actual Startup Time": 0.091,
                                                                "Actual Total Time": 69.231,
                                                                "Actual Rows": 25270,
                                                                "Actual Loops": 1
                                                            }
                                                        ]
                                                    }
                                                ]
                                            }
                                        ]
                                    },
                                    {
                                        "Node Type": "Index Only Scan",
                                        "Parent Relationship": "Inner",
                                        "Parallel Aware": false,
                                        "Scan Direction": "Forward",
                                        "Index Name": "movie_id_movie_info",
                                        "Relation Name": "movie_info",
                                        "Schema": "public",
                                        "Alias": "mi",
                                        "Startup Cost": 0.43,
                                        "Total Cost": 1.4,
                                        "Plan Rows": 39,
                                        "Plan Width": 4,
                                        "Actual Startup Time": 0.003,
                                        "Actual Total Time": 0.006,
                                        "Actual Rows": 7,
                                        "Actual Loops": 247382,
                                        "Output": [
                                            "mi.movie_id"
                                        ],
                                        "Index Cond": "(mi.movie_id = ci.movie_id)",
                                        "Rows Removed by Index Recheck": 0,
                                        "Heap Fetches": 1747433,
                                        "Workers": [
                                            {
                                                "Worker Number": 0,
                                                "Actual Startup Time": 0.004,
                                                "Actual Total Time": 0.008,
                                                "Actual Rows": 7,
                                                "Actual Loops": 27441
                                            },
                                            {
                                                "Worker Number": 1,
                                                "Actual Startup Time": 0.003,
                                                "Actual Total Time": 0.006,
                                                "Actual Rows": 7,
                                                "Actual Loops": 40897
                                            },
                                            {
                                                "Worker Number": 2,
                                                "Actual Startup Time": 0.003,
                                                "Actual Total Time": 0.007,
                                                "Actual Rows": 7,
                                                "Actual Loops": 35104
                                            },
                                            {
                                                "Worker Number": 3,
                                                "Actual Startup Time": 0.004,
                                                "Actual Total Time": 0.008,
                                                "Actual Rows": 7,
                                                "Actual Loops": 26244
                                            },
                                            {
                                                "Worker Number": 4,
                                                "Actual Startup Time": 0.003,
                                                "Actual Total Time": 0.006,
                                                "Actual Rows": 7,
                                                "Actual Loops": 40009
                                            },
                                            {
                                                "Worker Number": 5,
                                                "Actual Startup Time": 0.003,
                                                "Actual Total Time": 0.006,
                                                "Actual Rows": 7,
                                                "Actual Loops": 39910
                                            }
                                        ]
                                    }
                                ]
                            }
                        ]
                    }
                ]
            }
        ]
    },
    "Planning Time": 1.629,
    "Triggers": [],
    "Execution Time": 1189.922
}