{
  "Plan": {
    "Node Type": "Aggregate",
    "Strategy": "Plain",
    "Partial Mode": "Finalize",
    "Parallel Aware": false,
    "Startup Cost": 111882.37,
    "Total Cost": 111882.38,
    "Plan Rows": 1,
    "Plan Width": 8,
    "Actual Startup Time": 797.896,
    "Actual Total Time": 811.361,
    "Actual Rows": 1,
    "Actual Loops": 1,
    "Plans": [
      {
        "Node Type": "Gather",
        "Parent Relationship": "Outer",
        "Parallel Aware": false,
        "Startup Cost": 111882.26,
        "Total Cost": 111882.37,
        "Plan Rows": 1,
        "Plan Width": 8,
        "Actual Startup Time": 794.533,
        "Actual Total Time": 811.352,
        "Actual Rows": 2,
        "Actual Loops": 1,
        "Workers Planned": 1,
        "Workers Launched": 1,
        "Single Copy": false,
        "Plans": [
          {
            "Node Type": "Aggregate",
            "Strategy": "Plain",
            "Partial Mode": "Partial",
            "Parent Relationship": "Outer",
            "Parallel Aware": false,
            "Startup Cost": 110882.26,
            "Total Cost": 110882.27,
            "Plan Rows": 1,
            "Plan Width": 8,
            "Actual Startup Time": 787.323,
            "Actual Total Time": 787.326,
            "Actual Rows": 1,
            "Actual Loops": 2,
            "Plans": [
              {
                "Node Type": "Hash Join",
                "Parent Relationship": "Outer",
                "Parallel Aware": true,
                "Join Type": "Inner",
                "Startup Cost": 69313.53,
                "Total Cost": 109586.39,
                "Plan Rows": 518347,
                "Plan Width": 0,
                "Actual Startup Time": 453.778,
                "Actual Total Time": 778.342,
                "Actual Rows": 217660,
                "Actual Loops": 2,
                "Inner Unique": true,
                "Hash Cond": "(mc.movie_id = t.id)",
                "Plans": [
                  {
                    "Node Type": "Seq Scan",
                    "Parent Relationship": "Outer",
                    "Parallel Aware": true,
                    "Relation Name": "movie_companies",
                    "Alias": "mc",
                    "Startup Cost": 0.0,
                    "Total Cost": 37974.77,
                    "Plan Rows": 875462,
                    "Plan Width": 4,
                    "Actual Startup Time": 8.018,
                    "Actual Total Time": 119.723,
                    "Actual Rows": 744161,
                    "Actual Loops": 2,
                    "Filter": "(company_id > 7851)",
                    "Rows Removed by Filter": 560404
                  },
                  {
                    "Node Type": "Hash",
                    "Parent Relationship": "Inner",
                    "Parallel Aware": true,
                    "Startup Cost": 58306.47,
                    "Total Cost": 58306.47,
                    "Plan Rows": 880565,
                    "Plan Width": 4,
                    "Actual Startup Time": 430.933,
                    "Actual Total Time": 430.934,
                    "Actual Rows": 805301,
                    "Actual Loops": 2,
                    "Hash Buckets": 2097152,
                    "Original Hash Buckets": 2097152,
                    "Hash Batches": 1,
                    "Original Hash Batches": 1,
                    "Peak Memory Usage": 79424,
                    "Plans": [
                      {
                        "Node Type": "Seq Scan",
                        "Parent Relationship": "Outer",
                        "Parallel Aware": true,
                        "Relation Name": "title",
                        "Alias": "t",
                        "Startup Cost": 0.0,
                        "Total Cost": 58306.47,
                        "Plan Rows": 880565,
                        "Plan Width": 4,
                        "Actual Startup Time": 0.029,
                        "Actual Total Time": 180.534,
                        "Actual Rows": 805301,
                        "Actual Loops": 2,
                        "Filter": "((kind_id > 1) AND (production_year > 1974))",
                        "Rows Removed by Filter": 458855
                      }
                    ]
                  }
                ]
              }
            ]
          }
        ]
      }
    ]
  },
  "Planning Time": 0.754,
  "Triggers": [],
  "Execution Time": 811.43
}