{
  "Plan": {
    "Node Type": "Aggregate",
    "Strategy": "Plain",
    "Partial Mode": "Finalize",
    "Parallel Aware": false,
    "Startup Cost": 394250.64,
    "Total Cost": 394250.65,
    "Plan Rows": 1,
    "Plan Width": 8,
    "Actual Startup Time": 1468.314,
    "Actual Total Time": 1488.197,
    "Actual Rows": 1,
    "Actual Loops": 1,
    "Plans": [
      {
        "Node Type": "Gather",
        "Parent Relationship": "Outer",
        "Parallel Aware": false,
        "Startup Cost": 394250.53,
        "Total Cost": 394250.64,
        "Plan Rows": 1,
        "Plan Width": 8,
        "Actual Startup Time": 1463.709,
        "Actual Total Time": 1488.19,
        "Actual Rows": 2,
        "Actual Loops": 1,
        "Workers Planned": 1,
        "Workers Launched": 1,
        "Single Copy": false,
        "Plans": [
          {
            "Node Type": "Aggregate",
            "Strategy": "Plain",
            "Partial Mode": "Partial",
            "Parent Relationship": "Outer",
            "Parallel Aware": false,
            "Startup Cost": 393250.53,
            "Total Cost": 393250.54,
            "Plan Rows": 1,
            "Plan Width": 8,
            "Actual Startup Time": 1453.223,
            "Actual Total Time": 1453.231,
            "Actual Rows": 1,
            "Actual Loops": 2,
            "Plans": [
              {
                "Node Type": "Hash Join",
                "Parent Relationship": "Outer",
                "Parallel Aware": true,
                "Join Type": "Inner",
                "Startup Cost": 352361.56,
                "Total Cost": 392953.56,
                "Plan Rows": 118788,
                "Plan Width": 0,
                "Actual Startup Time": 953.04,
                "Actual Total Time": 1399.777,
                "Actual Rows": 1379166,
                "Actual Loops": 2,
                "Inner Unique": false,
                "Hash Cond": "(mc.movie_id = t.id)",
                "Plans": [
                  {
                    "Node Type": "Seq Scan",
                    "Parent Relationship": "Outer",
                    "Parallel Aware": true,
                    "Relation Name": "movie_companies",
                    "Alias": "mc",
                    "Startup Cost": 0.0,
                    "Total Cost": 34137.82,
                    "Plan Rows": 1534782,
                    "Plan Width": 4,
                    "Actual Startup Time": 0.037,
                    "Actual Total Time": 102.994,
                    "Actual Rows": 1304564,
                    "Actual Loops": 2
                  },
                  {
                    "Node Type": "Hash",
                    "Parent Relationship": "Inner",
                    "Parallel Aware": true,
                    "Startup Cost": 350922.71,
                    "Total Cost": 350922.71,
                    "Plan Rows": 115108,
                    "Plan Width": 8,
                    "Actual Startup Time": 949.432,
                    "Actual Total Time": 949.437,
                    "Actual Rows": 339310,
                    "Actual Loops": 2,
                    "Hash Buckets": 1048576,
                    "Original Hash Buckets": 262144,
                    "Hash Batches": 1,
                    "Original Hash Batches": 1,
                    "Peak Memory Usage": 40928,
                    "Plans": [
                      {
                        "Node Type": "Hash Join",
                        "Parent Relationship": "Outer",
                        "Parallel Aware": true,
                        "Join Type": "Inner",
                        "Startup Cost": 89799.69,
                        "Total Cost": 350922.71,
                        "Plan Rows": 115108,
                        "Plan Width": 8,
                        "Actual Startup Time": 548.873,
                        "Actual Total Time": 835.535,
                        "Actual Rows": 339310,
                        "Actual Loops": 2,
                        "Inner Unique": true,
                        "Hash Cond": "(ci.movie_id = t.id)",
                        "Plans": [
                          {
                            "Node Type": "Bitmap Heap Scan",
                            "Parent Relationship": "Outer",
                            "Parallel Aware": true,
                            "Relation Name": "cast_info",
                            "Alias": "ci",
                            "Startup Cost": 20024.67,
                            "Total Cost": 280777.8,
                            "Plan Rows": 140906,
                            "Plan Width": 4,
                            "Actual Startup Time": 33.09,
                            "Actual Total Time": 110.228,
                            "Actual Rows": 441728,
                            "Actual Loops": 2,
                            "Recheck Cond": "(person_id > 3892199)",
                            "Rows Removed by Index Recheck": 0,
                            "Filter": "(role_id > 4)",
                            "Rows Removed by Filter": 0,
                            "Exact Heap Blocks": 6500,
                            "Lossy Heap Blocks": 0,
                            "Plans": [
                              {
                                "Node Type": "Bitmap Index Scan",
                                "Parent Relationship": "Outer",
                                "Parallel Aware": false,
                                "Index Name": "person_id_cast_info",
                                "Startup Cost": 0.0,
                                "Total Cost": 19964.78,
                                "Plan Rows": 914162,
                                "Plan Width": 0,
                                "Actual Startup Time": 31.323,
                                "Actual Total Time": 31.323,
                                "Actual Rows": 883456,
                                "Actual Loops": 1,
                                "Index Cond": "(person_id > 3892199)"
                              }
                            ]
                          },
                          {
                            "Node Type": "Hash",
                            "Parent Relationship": "Inner",
                            "Parallel Aware": true,
                            "Startup Cost": 54588.39,
                            "Total Cost": 54588.39,
                            "Plan Rows": 1214931,
                            "Plan Width": 4,
                            "Actual Startup Time": 503.501,
                            "Actual Total Time": 503.502,
                            "Actual Rows": 1032276,
                            "Actual Loops": 2,
                            "Hash Buckets": 2097152,
                            "Original Hash Buckets": 2097152,
                            "Hash Batches": 1,
                            "Original Hash Batches": 1,
                            "Peak Memory Usage": 97184,
                            "Plans": [
                              {
                                "Node Type": "Seq Scan",
                                "Parent Relationship": "Outer",
                                "Parallel Aware": true,
                                "Relation Name": "title",
                                "Alias": "t",
                                "Startup Cost": 0.0,
                                "Total Cost": 54588.39,
                                "Plan Rows": 1214931,
                                "Plan Width": 4,
                                "Actual Startup Time": 0.036,
                                "Actual Total Time": 190.715,
                                "Actual Rows": 1032276,
                                "Actual Loops": 2,
                                "Filter": "(production_year < 2011)",
                                "Rows Removed by Filter": 231880
                              }
                            ]
                          }
                        ]
                      }
                    ]
                  }
                ]
              }
            ]
          }
        ]
      }
    ]
  },
  "Planning Time": 1.0,
  "Triggers": [],
  "Execution Time": 1488.304
}