{
  "Plan": {
    "Node Type": "Aggregate",
    "Strategy": "Plain",
    "Partial Mode": "Finalize",
    "Parallel Aware": false,
    "Startup Cost": 133395.76,
    "Total Cost": 133395.77,
    "Plan Rows": 1,
    "Plan Width": 8,
    "Actual Startup Time": 136.091,
    "Actual Total Time": 151.107,
    "Actual Rows": 1,
    "Actual Loops": 1,
    "Plans": [
      {
        "Node Type": "Gather",
        "Parent Relationship": "Outer",
        "Parallel Aware": false,
        "Startup Cost": 133395.64,
        "Total Cost": 133395.75,
        "Plan Rows": 1,
        "Plan Width": 8,
        "Actual Startup Time": 135.94,
        "Actual Total Time": 151.1,
        "Actual Rows": 2,
        "Actual Loops": 1,
        "Workers Planned": 1,
        "Workers Launched": 1,
        "Single Copy": false,
        "Plans": [
          {
            "Node Type": "Aggregate",
            "Strategy": "Plain",
            "Partial Mode": "Partial",
            "Parent Relationship": "Outer",
            "Parallel Aware": false,
            "Startup Cost": 132395.64,
            "Total Cost": 132395.65,
            "Plan Rows": 1,
            "Plan Width": 8,
            "Actual Startup Time": 129.797,
            "Actual Total Time": 129.799,
            "Actual Rows": 1,
            "Actual Loops": 2,
            "Plans": [
              {
                "Node Type": "Nested Loop",
                "Parent Relationship": "Outer",
                "Parallel Aware": false,
                "Join Type": "Inner",
                "Startup Cost": 11823.65,
                "Total Cost": 132376.07,
                "Plan Rows": 7831,
                "Plan Width": 0,
                "Actual Startup Time": 38.669,
                "Actual Total Time": 128.924,
                "Actual Rows": 12243,
                "Actual Loops": 2,
                "Inner Unique": false,
                "Plans": [
                  {
                    "Node Type": "Bitmap Heap Scan",
                    "Parent Relationship": "Outer",
                    "Parallel Aware": true,
                    "Relation Name": "title",
                    "Alias": "t",
                    "Startup Cost": 11823.08,
                    "Total Cost": 53673.34,
                    "Plan Rows": 546,
                    "Plan Width": 4,
                    "Actual Startup Time": 38.259,
                    "Actual Total Time": 86.366,
                    "Actual Rows": 1393,
                    "Actual Loops": 2,
                    "Recheck Cond": "(kind_id < 2)",
                    "Rows Removed by Index Recheck": 0,
                    "Filter": "(production_year = 1925)",
                    "Rows Removed by Filter": 330020,
                    "Exact Heap Blocks": 9865,
                    "Lossy Heap Blocks": 0,
                    "Plans": [
                      {
                        "Node Type": "Bitmap Index Scan",
                        "Parent Relationship": "Outer",
                        "Parallel Aware": false,
                        "Index Name": "kind_id_title",
                        "Startup Cost": 0.0,
                        "Total Cost": 11822.85,
                        "Plan Rows": 663256,
                        "Plan Width": 0,
                        "Actual Startup Time": 41.651,
                        "Actual Total Time": 41.652,
                        "Actual Rows": 662825,
                        "Actual Loops": 1,
                        "Index Cond": "(kind_id < 2)"
                      }
                    ]
                  },
                  {
                    "Node Type": "Index Only Scan",
                    "Parent Relationship": "Inner",
                    "Parallel Aware": false,
                    "Scan Direction": "Forward",
                    "Index Name": "movie_id_cast_info",
                    "Relation Name": "cast_info",
                    "Alias": "ci",
                    "Startup Cost": 0.56,
                    "Total Cost": 143.77,
                    "Plan Rows": 37,
                    "Plan Width": 4,
                    "Actual Startup Time": 0.009,
                    "Actual Total Time": 0.029,
                    "Actual Rows": 9,
                    "Actual Loops": 2786,
                    "Index Cond": "(movie_id = t.id)",
                    "Rows Removed by Index Recheck": 0,
                    "Heap Fetches": 24486
                  }
                ]
              }
            ]
          }
        ]
      }
    ]
  },
  "Planning Time": 0.471,
  "Triggers": [],
  "Execution Time": 151.201
}