{
  "Plan": {
    "Node Type": "Aggregate",
    "Strategy": "Plain",
    "Partial Mode": "Finalize",
    "Parallel Aware": false,
    "Startup Cost": 430254.96,
    "Total Cost": 430254.97,
    "Plan Rows": 1,
    "Plan Width": 8,
    "Actual Startup Time": 280.886,
    "Actual Total Time": 323.282,
    "Actual Rows": 1,
    "Actual Loops": 1,
    "Plans": [
      {
        "Node Type": "Gather",
        "Parent Relationship": "Outer",
        "Parallel Aware": false,
        "Startup Cost": 430254.84,
        "Total Cost": 430254.95,
        "Plan Rows": 1,
        "Plan Width": 8,
        "Actual Startup Time": 280.677,
        "Actual Total Time": 323.273,
        "Actual Rows": 2,
        "Actual Loops": 1,
        "Workers Planned": 1,
        "Workers Launched": 1,
        "Single Copy": false,
        "Plans": [
          {
            "Node Type": "Aggregate",
            "Strategy": "Plain",
            "Partial Mode": "Partial",
            "Parent Relationship": "Outer",
            "Parallel Aware": false,
            "Startup Cost": 429254.84,
            "Total Cost": 429254.85,
            "Plan Rows": 1,
            "Plan Width": 8,
            "Actual Startup Time": 273.422,
            "Actual Total Time": 273.424,
            "Actual Rows": 1,
            "Actual Loops": 2,
            "Plans": [
              {
                "Node Type": "Nested Loop",
                "Parent Relationship": "Outer",
                "Parallel Aware": false,
                "Join Type": "Inner",
                "Startup Cost": 0.56,
                "Total Cost": 429133.68,
                "Plan Rows": 48466,
                "Plan Width": 0,
                "Actual Startup Time": 3.03,
                "Actual Total Time": 270.332,
                "Actual Rows": 40931,
                "Actual Loops": 2,
                "Inner Unique": false,
                "Plans": [
                  {
                    "Node Type": "Seq Scan",
                    "Parent Relationship": "Outer",
                    "Parallel Aware": true,
                    "Relation Name": "title",
                    "Alias": "t",
                    "Startup Cost": 0.0,
                    "Total Cost": 58306.47,
                    "Plan Rows": 3382,
                    "Plan Width": 4,
                    "Actual Startup Time": 2.781,
                    "Actual Total Time": 142.745,
                    "Actual Rows": 2892,
                    "Actual Loops": 2,
                    "Filter": "((kind_id < 7) AND (production_year = 1967))",
                    "Rows Removed by Filter": 1261264
                  },
                  {
                    "Node Type": "Index Only Scan",
                    "Parent Relationship": "Inner",
                    "Parallel Aware": false,
                    "Scan Direction": "Forward",
                    "Index Name": "movie_id_cast_info",
                    "Relation Name": "cast_info",
                    "Alias": "ci",
                    "Startup Cost": 0.56,
                    "Total Cost": 109.28,
                    "Plan Rows": 37,
                    "Plan Width": 4,
                    "Actual Startup Time": 0.011,
                    "Actual Total Time": 0.042,
                    "Actual Rows": 14,
                    "Actual Loops": 5783,
                    "Index Cond": "(movie_id = t.id)",
                    "Rows Removed by Index Recheck": 0,
                    "Heap Fetches": 81862
                  }
                ]
              }
            ]
          }
        ]
      }
    ]
  },
  "Planning Time": 0.465,
  "Triggers": [],
  "Execution Time": 323.365
}