{
    "Plan": {
        "Node Type": "Aggregate",
        "Strategy": "Plain",
        "Partial Mode": "Simple",
        "Parallel Aware": false,
        "Startup Cost": 60001490625.72,
        "Total Cost": 60001490625.73,
        "Plan Rows": 1,
        "Plan Width": 128,
        "Actual Startup Time": 9474.41,
        "Actual Total Time": 9474.609,
        "Actual Rows": 1,
        "Actual Loops": 1,
        "Output": [
            "min(chn.name)",
            "min(mi_idx.info)",
            "min(n.name)",
            "min(t.title)"
        ],
        "Plans": [
            {
                "Node Type": "Nested Loop",
                "Parent Relationship": "Outer",
                "Parallel Aware": false,
                "Join Type": "Inner",
                "Startup Cost": 60001490621.67,
                "Total Cost": 60001490625.71,
                "Plan Rows": 1,
                "Plan Width": 53,
                "Actual Startup Time": 9474.406,
                "Actual Total Time": 9474.603,
                "Actual Rows": 0,
                "Actual Loops": 1,
                "Output": [
                    "chn.name",
                    "mi_idx.info",
                    "n.name",
                    "t.title"
                ],
                "Inner Unique": true,
                "Plans": [
                    {
                        "Node Type": "Merge Join",
                        "Parent Relationship": "Outer",
                        "Parallel Aware": false,
                        "Join Type": "Inner",
                        "Startup Cost": 50001490621.23,
                        "Total Cost": 50001490621.26,
                        "Plan Rows": 1,
                        "Plan Width": 42,
                        "Actual Startup Time": 9474.405,
                        "Actual Total Time": 9474.602,
                        "Actual Rows": 0,
                        "Actual Loops": 1,
                        "Output": [
                            "ci.person_id",
                            "chn.name",
                            "mi_idx.info",
                            "t.title"
                        ],
                        "Inner Unique": false,
                        "Merge Cond": "(cct2.id = cc.status_id)",
                        "Plans": [
                            {
                                "Node Type": "Sort",
                                "Parent Relationship": "Outer",
                                "Parallel Aware": false,
                                "Startup Cost": 1.06,
                                "Total Cost": 1.06,
                                "Plan Rows": 1,
                                "Plan Width": 4,
                                "Actual Startup Time": 0.022,
                                "Actual Total Time": 0.023,
                                "Actual Rows": 1,
                                "Actual Loops": 1,
                                "Output": [
                                    "cct2.id"
                                ],
                                "Sort Key": [
                                    "cct2.id"
                                ],
                                "Sort Method": "quicksort",
                                "Sort Space Used": 25,
                                "Sort Space Type": "Memory",
                                "Plans": [
                                    {
                                        "Node Type": "Seq Scan",
                                        "Parent Relationship": "Outer",
                                        "Parallel Aware": false,
                                        "Relation Name": "comp_cast_type",
                                        "Schema": "public",
                                        "Alias": "cct2",
                                        "Startup Cost": 0.0,
                                        "Total Cost": 1.05,
                                        "Plan Rows": 1,
                                        "Plan Width": 4,
                                        "Actual Startup Time": 0.014,
                                        "Actual Total Time": 0.016,
                                        "Actual Rows": 2,
                                        "Actual Loops": 1,
                                        "Output": [
                                            "cct2.id"
                                        ],
                                        "Filter": "((cct2.kind)::text ~~ '%complete%'::text)",
                                        "Rows Removed by Filter": 2
                                    }
                                ]
                            },
                            {
                                "Node Type": "Sort",
                                "Parent Relationship": "Inner",
                                "Parallel Aware": false,
                                "Startup Cost": 50001490620.17,
                                "Total Cost": 50001490620.18,
                                "Plan Rows": 1,
                                "Plan Width": 46,
                                "Actual Startup Time": 9474.381,
                                "Actual Total Time": 9474.576,
                                "Actual Rows": 0,
                                "Actual Loops": 1,
                                "Output": [
                                    "cc.status_id",
                                    "ci.person_id",
                                    "chn.name",
                                    "mi_idx.info",
                                    "t.title"
                                ],
                                "Sort Key": [
                                    "cc.status_id"
                                ],
                                "Sort Method": "quicksort",
                                "Sort Space Used": 25,
                                "Sort Space Type": "Memory",
                                "Plans": [
                                    {
                                        "Node Type": "Nested Loop",
                                        "Parent Relationship": "Outer",
                                        "Parallel Aware": false,
                                        "Join Type": "Inner",
                                        "Startup Cost": 50001486490.11,
                                        "Total Cost": 50001490620.16,
                                        "Plan Rows": 1,
                                        "Plan Width": 46,
                                        "Actual Startup Time": 9474.377,
                                        "Actual Total Time": 9474.572,
                                        "Actual Rows": 0,
                                        "Actual Loops": 1,
                                        "Output": [
                                            "cc.status_id",
                                            "ci.person_id",
                                            "chn.name",
                                            "mi_idx.info",
                                            "t.title"
                                        ],
                                        "Inner Unique": true,
                                        "Plans": [
                                            {
                                                "Node Type": "Nested Loop",
                                                "Parent Relationship": "Outer",
                                                "Parallel Aware": false,
                                                "Join Type": "Inner",
                                                "Startup Cost": 40001486489.97,
                                                "Total Cost": 40001490611.99,
                                                "Plan Rows": 1,
                                                "Plan Width": 50,
                                                "Actual Startup Time": 9412.409,
                                                "Actual Total Time": 9474.56,
                                                "Actual Rows": 1,
                                                "Actual Loops": 1,
                                                "Output": [
                                                    "cc.status_id",
                                                    "ci.person_id",
                                                    "chn.name",
                                                    "mi_idx.info",
                                                    "t.title",
                                                    "t.kind_id"
                                                ],
                                                "Inner Unique": true,
                                                "Plans": [
                                                    {
                                                        "Node Type": "Nested Loop",
                                                        "Parent Relationship": "Outer",
                                                        "Parallel Aware": false,
                                                        "Join Type": "Inner",
                                                        "Startup Cost": 30001486489.82,
                                                        "Total Cost": 30001490603.81,
                                                        "Plan Rows": 1,
                                                        "Plan Width": 54,
                                                        "Actual Startup Time": 9412.395,
                                                        "Actual Total Time": 9474.544,
                                                        "Actual Rows": 1,
                                                        "Actual Loops": 1,
                                                        "Output": [
                                                            "cc.status_id",
                                                            "ci.person_id",
                                                            "chn.name",
                                                            "mi_idx.info",
                                                            "mi_idx.info_type_id",
                                                            "t.title",
                                                            "t.kind_id"
                                                        ],
                                                        "Inner Unique": false,
                                                        "Join Filter": "(t.id = mi_idx.movie_id)",
                                                        "Rows Removed by Join Filter": 0,
                                                        "Plans": [
                                                            {
                                                                "Node Type": "Nested Loop",
                                                                "Parent Relationship": "Outer",
                                                                "Parallel Aware": false,
                                                                "Join Type": "Inner",
                                                                "Startup Cost": 20001486489.37,
                                                                "Total Cost": 20001490594.79,
                                                                "Plan Rows": 2,
                                                                "Plan Width": 61,
                                                                "Actual Startup Time": 9156.602,
                                                                "Actual Total Time": 9474.324,
                                                                "Actual Rows": 24,
                                                                "Actual Loops": 1,
                                                                "Output": [
                                                                    "cc.movie_id",
                                                                    "cc.status_id",
                                                                    "ci.movie_id",
                                                                    "ci.person_id",
                                                                    "chn.name",
                                                                    "mk.movie_id",
                                                                    "t.title",
                                                                    "t.kind_id",
                                                                    "t.id"
                                                                ],
                                                                "Inner Unique": true,
                                                                "Join Filter": "(mk.movie_id = t.id)",
                                                                "Rows Removed by Join Filter": 0,
                                                                "Plans": [
                                                                    {
                                                                        "Node Type": "Hash Join",
                                                                        "Parent Relationship": "Outer",
                                                                        "Parallel Aware": false,
                                                                        "Join Type": "Inner",
                                                                        "Startup Cost": 10001486488.93,
                                                                        "Total Cost": 10001490509.94,
                                                                        "Plan Rows": 19,
                                                                        "Plan Width": 36,
                                                                        "Actual Startup Time": 9151.392,
                                                                        "Actual Total Time": 9194.695,
                                                                        "Actual Rows": 58966,
                                                                        "Actual Loops": 1,
                                                                        "Output": [
                                                                            "cc.movie_id",
                                                                            "cc.status_id",
                                                                            "ci.movie_id",
                                                                            "ci.person_id",
                                                                            "chn.name",
                                                                            "mk.movie_id"
                                                                        ],
                                                                        "Inner Unique": false,
                                                                        "Hash Cond": "(k.id = mk.keyword_id)",
                                                                        "Plans": [
                                                                            {
                                                                                "Node Type": "Seq Scan",
                                                                                "Parent Relationship": "Outer",
                                                                                "Parallel Aware": false,
                                                                                "Relation Name": "keyword",
                                                                                "Schema": "public",
                                                                                "Alias": "k",
                                                                                "Startup Cost": 0.0,
                                                                                "Total Cost": 3967.82,
                                                                                "Plan Rows": 10,
                                                                                "Plan Width": 4,
                                                                                "Actual Startup Time": 0.96,
                                                                                "Actual Total Time": 25.098,
                                                                                "Actual Rows": 8,
                                                                                "Actual Loops": 1,
                                                                                "Output": [
                                                                                    "k.id",
                                                                                    "k.keyword",
                                                                                    "k.phonetic_code"
                                                                                ],
                                                                                "Filter": "(k.keyword = ANY ('{violence,fight,blood,\"10,000-mile-club\",character-name-in-title,fight,violence,sequel,female-nudity,gore}'::text[]))",
                                                                                "Rows Removed by Filter": 134162
                                                                            },
                                                                            {
                                                                                "Node Type": "Hash",
                                                                                "Parent Relationship": "Inner",
                                                                                "Parallel Aware": false,
                                                                                "Startup Cost": 10001483379.38,
                                                                                "Total Cost": 10001483379.38,
                                                                                "Plan Rows": 248764,
                                                                                "Plan Width": 40,
                                                                                "Actual Startup Time": 9150.074,
                                                                                "Actual Total Time": 9150.263,
                                                                                "Actual Rows": 4614301,
                                                                                "Actual Loops": 1,
                                                                                "Output": [
                                                                                    "cc.movie_id",
                                                                                    "cc.status_id",
                                                                                    "ci.movie_id",
                                                                                    "ci.person_id",
                                                                                    "chn.name",
                                                                                    "mk.movie_id",
                                                                                    "mk.keyword_id"
                                                                                ],
                                                                                "Hash Buckets": 8388608,
                                                                                "Original Hash Buckets": 262144,
                                                                                "Hash Batches": 1,
                                                                                "Original Hash Batches": 1,
                                                                                "Peak Memory Usage": 396018,
                                                                                "Plans": [
                                                                                    {
                                                                                        "Node Type": "Merge Join",
                                                                                        "Parent Relationship": "Outer",
                                                                                        "Parallel Aware": false,
                                                                                        "Join Type": "Inner",
                                                                                        "Startup Cost": 10001475916.55,
                                                                                        "Total Cost": 10001483379.38,
                                                                                        "Plan Rows": 248764,
                                                                                        "Plan Width": 40,
                                                                                        "Actual Startup Time": 7287.869,
                                                                                        "Actual Total Time": 8107.027,
                                                                                        "Actual Rows": 4614301,
                                                                                        "Actual Loops": 1,
                                                                                        "Output": [
                                                                                            "cc.movie_id",
                                                                                            "cc.status_id",
                                                                                            "ci.movie_id",
                                                                                            "ci.person_id",
                                                                                            "chn.name",
                                                                                            "mk.movie_id",
                                                                                            "mk.keyword_id"
                                                                                        ],
                                                                                        "Inner Unique": false,
                                                                                        "Merge Cond": "(cct1.id = cc.subject_id)",
                                                                                        "Plans": [
                                                                                            {
                                                                                                "Node Type": "Sort",
                                                                                                "Parent Relationship": "Outer",
                                                                                                "Parallel Aware": false,
                                                                                                "Startup Cost": 10000000001.06,
                                                                                                "Total Cost": 10000000001.06,
                                                                                                "Plan Rows": 1,
                                                                                                "Plan Width": 4,
                                                                                                "Actual Startup Time": 0.016,
                                                                                                "Actual Total Time": 0.017,
                                                                                                "Actual Rows": 1,
                                                                                                "Actual Loops": 1,
                                                                                                "Output": [
                                                                                                    "cct1.id"
                                                                                                ],
                                                                                                "Sort Key": [
                                                                                                    "cct1.id"
                                                                                                ],
                                                                                                "Sort Method": "quicksort",
                                                                                                "Sort Space Used": 25,
                                                                                                "Sort Space Type": "Memory",
                                                                                                "Plans": [
                                                                                                    {
                                                                                                        "Node Type": "Seq Scan",
                                                                                                        "Parent Relationship": "Outer",
                                                                                                        "Parallel Aware": false,
                                                                                                        "Relation Name": "comp_cast_type",
                                                                                                        "Schema": "public",
                                                                                                        "Alias": "cct1",
                                                                                                        "Startup Cost": 10000000000.0,
                                                                                                        "Total Cost": 10000000001.05,
                                                                                                        "Plan Rows": 1,
                                                                                                        "Plan Width": 4,
                                                                                                        "Actual Startup Time": 0.011,
                                                                                                        "Actual Total Time": 0.012,
                                                                                                        "Actual Rows": 1,
                                                                                                        "Actual Loops": 1,
                                                                                                        "Output": [
                                                                                                            "cct1.id"
                                                                                                        ],
                                                                                                        "Filter": "((cct1.kind)::text = 'cast'::text)",
                                                                                                        "Rows Removed by Filter": 3
                                                                                                    }
                                                                                                ]
                                                                                            },
                                                                                            {
                                                                                                "Node Type": "Sort",
                                                                                                "Parent Relationship": "Inner",
                                                                                                "Parallel Aware": false,
                                                                                                "Startup Cost": 1475915.49,
                                                                                                "Total Cost": 1478403.1,
                                                                                                "Plan Rows": 995043,
                                                                                                "Plan Width": 44,
                                                                                                "Actual Startup Time": 7287.842,
                                                                                                "Actual Total Time": 7513.27,
                                                                                                "Actual Rows": 4614302,
                                                                                                "Actual Loops": 1,
                                                                                                "Output": [
                                                                                                    "cc.movie_id",
                                                                                                    "cc.subject_id",
                                                                                                    "cc.status_id",
                                                                                                    "ci.movie_id",
                                                                                                    "ci.person_id",
                                                                                                    "chn.name",
                                                                                                    "mk.movie_id",
                                                                                                    "mk.keyword_id"
                                                                                                ],
                                                                                                "Sort Key": [
                                                                                                    "cc.subject_id"
                                                                                                ],
                                                                                                "Sort Method": "quicksort",
                                                                                                "Sort Space Used": 843670,
                                                                                                "Sort Space Type": "Memory",
                                                                                                "Plans": [
                                                                                                    {
                                                                                                        "Node Type": "Hash Join",
                                                                                                        "Parent Relationship": "Outer",
                                                                                                        "Parallel Aware": false,
                                                                                                        "Join Type": "Inner",
                                                                                                        "Startup Cost": 1172695.13,
                                                                                                        "Total Cost": 1376787.32,
                                                                                                        "Plan Rows": 995043,
                                                                                                        "Plan Width": 44,
                                                                                                        "Actual Startup Time": 4234.635,
                                                                                                        "Actual Total Time": 5916.195,
                                                                                                        "Actual Rows": 7089299,
                                                                                                        "Actual Loops": 1,
                                                                                                        "Output": [
                                                                                                            "cc.movie_id",
                                                                                                            "cc.subject_id",
                                                                                                            "cc.status_id",
                                                                                                            "ci.movie_id",
                                                                                                            "ci.person_id",
                                                                                                            "chn.name",
                                                                                                            "mk.movie_id",
                                                                                                            "mk.keyword_id"
                                                                                                        ],
                                                                                                        "Inner Unique": false,
                                                                                                        "Hash Cond": "(mk.movie_id = ci.movie_id)",
                                                                                                        "Plans": [
                                                                                                            {
                                                                                                                "Node Type": "Index Scan",
                                                                                                                "Parent Relationship": "Outer",
                                                                                                                "Parallel Aware": false,
                                                                                                                "Scan Direction": "Forward",
                                                                                                                "Index Name": "movie_id_movie_keyword",
                                                                                                                "Relation Name": "movie_keyword",
                                                                                                                "Schema": "public",
                                                                                                                "Alias": "mk",
                                                                                                                "Startup Cost": 0.43,
                                                                                                                "Total Cost": 177177.46,
                                                                                                                "Plan Rows": 4523930,
                                                                                                                "Plan Width": 8,
                                                                                                                "Actual Startup Time": 0.014,
                                                                                                                "Actual Total Time": 546.353,
                                                                                                                "Actual Rows": 4523930,
                                                                                                                "Actual Loops": 1,
                                                                                                                "Output": [
                                                                                                                    "mk.id",
                                                                                                                    "mk.movie_id",
                                                                                                                    "mk.keyword_id"
                                                                                                                ]
                                                                                                            },
                                                                                                            {
                                                                                                                "Node Type": "Hash",
                                                                                                                "Parent Relationship": "Inner",
                                                                                                                "Parallel Aware": false,
                                                                                                                "Startup Cost": 1170100.18,
                                                                                                                "Total Cost": 1170100.18,
                                                                                                                "Plan Rows": 207561,
                                                                                                                "Plan Width": 36,
                                                                                                                "Actual Startup Time": 4234.219,
                                                                                                                "Actual Total Time": 4234.403,
                                                                                                                "Actual Rows": 183541,
                                                                                                                "Actual Loops": 1,
                                                                                                                "Output": [
                                                                                                                    "cc.movie_id",
                                                                                                                    "cc.subject_id",
                                                                                                                    "cc.status_id",
                                                                                                                    "ci.movie_id",
                                                                                                                    "ci.person_id",
                                                                                                                    "chn.name"
                                                                                                                ],
                                                                                                                "Hash Buckets": 262144,
                                                                                                                "Original Hash Buckets": 262144,
                                                                                                                "Hash Batches": 1,
                                                                                                                "Original Hash Batches": 1,
                                                                                                                "Peak Memory Usage": 14135,
                                                                                                                "Plans": [
                                                                                                                    {
                                                                                                                        "Node Type": "Gather Merge",
                                                                                                                        "Parent Relationship": "Outer",
                                                                                                                        "Parallel Aware": false,
                                                                                                                        "Startup Cost": 1142654.12,
                                                                                                                        "Total Cost": 1170100.18,
                                                                                                                        "Plan Rows": 207561,
                                                                                                                        "Plan Width": 36,
                                                                                                                        "Actual Startup Time": 4107.843,
                                                                                                                        "Actual Total Time": 4205.787,
                                                                                                                        "Actual Rows": 183541,
                                                                                                                        "Actual Loops": 1,
                                                                                                                        "Output": [
                                                                                                                            "cc.movie_id",
                                                                                                                            "cc.subject_id",
                                                                                                                            "cc.status_id",
                                                                                                                            "ci.movie_id",
                                                                                                                            "ci.person_id",
                                                                                                                            "chn.name"
                                                                                                                        ],
                                                                                                                        "Workers Planned": 6,
                                                                                                                        "Workers Launched": 6,
                                                                                                                        "Plans": [
                                                                                                                            {
                                                                                                                                "Node Type": "Merge Join",
                                                                                                                                "Parent Relationship": "Outer",
                                                                                                                                "Parallel Aware": false,
                                                                                                                                "Join Type": "Inner",
                                                                                                                                "Startup Cost": 1141654.02,
                                                                                                                                "Total Cost": 1143873.79,
                                                                                                                                "Plan Rows": 34594,
                                                                                                                                "Plan Width": 36,
                                                                                                                                "Actual Startup Time": 3813.499,
                                                                                                                                "Actual Total Time": 3881.49,
                                                                                                                                "Actual Rows": 26220,
                                                                                                                                "Actual Loops": 7,
                                                                                                                                "Output": [
                                                                                                                                    "cc.movie_id",
                                                                                                                                    "cc.subject_id",
                                                                                                                                    "cc.status_id",
                                                                                                                                    "ci.movie_id",
                                                                                                                                    "ci.person_id",
                                                                                                                                    "chn.name"
                                                                                                                                ],
                                                                                                                                "Inner Unique": false,
                                                                                                                                "Merge Cond": "(ci.movie_id = cc.movie_id)",
                                                                                                                                "Workers": [
                                                                                                                                    {
                                                                                                                                        "Worker Number": 0,
                                                                                                                                        "Actual Startup Time": 3985.433,
                                                                                                                                        "Actual Total Time": 4056.368,
                                                                                                                                        "Actual Rows": 24457,
                                                                                                                                        "Actual Loops": 1
                                                                                                                                    },
                                                                                                                                    {
                                                                                                                                        "Worker Number": 1,
                                                                                                                                        "Actual Startup Time": 4090.388,
                                                                                                                                        "Actual Total Time": 4153.762,
                                                                                                                                        "Actual Rows": 23708,
                                                                                                                                        "Actual Loops": 1
                                                                                                                                    },
                                                                                                                                    {
                                                                                                                                        "Worker Number": 2,
                                                                                                                                        "Actual Startup Time": 3615.386,
                                                                                                                                        "Actual Total Time": 3683.743,
                                                                                                                                        "Actual Rows": 24497,
                                                                                                                                        "Actual Loops": 1
                                                                                                                                    },
                                                                                                                                    {
                                                                                                                                        "Worker Number": 3,
                                                                                                                                        "Actual Startup Time": 3615.517,
                                                                                                                                        "Actual Total Time": 3685.547,
                                                                                                                                        "Actual Rows": 24763,
                                                                                                                                        "Actual Loops": 1
                                                                                                                                    },
                                                                                                                                    {
                                                                                                                                        "Worker Number": 4,
                                                                                                                                        "Actual Startup Time": 3850.968,
                                                                                                                                        "Actual Total Time": 3921.099,
                                                                                                                                        "Actual Rows": 23461,
                                                                                                                                        "Actual Loops": 1
                                                                                                                                    },
                                                                                                                                    {
                                                                                                                                        "Worker Number": 5,
                                                                                                                                        "Actual Startup Time": 3694.695,
                                                                                                                                        "Actual Total Time": 3764.756,
                                                                                                                                        "Actual Rows": 24851,
                                                                                                                                        "Actual Loops": 1
                                                                                                                                    }
                                                                                                                                ],
                                                                                                                                "Plans": [
                                                                                                                                    {
                                                                                                                                        "Node Type": "Sort",
                                                                                                                                        "Parent Relationship": "Outer",
                                                                                                                                        "Parallel Aware": false,
                                                                                                                                        "Startup Cost": 1125977.49,
                                                                                                                                        "Total Cost": 1126581.64,
                                                                                                                                        "Plan Rows": 241660,
                                                                                                                                        "Plan Width": 24,
                                                                                                                                        "Actual Startup Time": 3758.105,
                                                                                                                                        "Actual Total Time": 3775.933,
                                                                                                                                        "Actual Rows": 89084,
                                                                                                                                        "Actual Loops": 7,
                                                                                                                                        "Output": [
                                                                                                                                            "chn.name",
                                                                                                                                            "ci.movie_id",
                                                                                                                                            "ci.person_id"
                                                                                                                                        ],
                                                                                                                                        "Sort Key": [
                                                                                                                                            "ci.movie_id"
                                                                                                                                        ],
                                                                                                                                        "Sort Method": "quicksort",
                                                                                                                                        "Sort Space Used": 12610,
                                                                                                                                        "Sort Space Type": "Memory",
                                                                                                                                        "Workers": [
                                                                                                                                            {
                                                                                                                                                "Worker Number": 0,
                                                                                                                                                "Actual Startup Time": 3928.264,
                                                                                                                                                "Actual Total Time": 3946.825,
                                                                                                                                                "Actual Rows": 84880,
                                                                                                                                                "Actual Loops": 1
                                                                                                                                            },
                                                                                                                                            {
                                                                                                                                                "Worker Number": 1,
                                                                                                                                                "Actual Startup Time": 4034.278,
                                                                                                                                                "Actual Total Time": 4050.466,
                                                                                                                                                "Actual Rows": 78960,
                                                                                                                                                "Actual Loops": 1
                                                                                                                                            },
                                                                                                                                            {
                                                                                                                                                "Worker Number": 2,
                                                                                                                                                "Actual Startup Time": 3557.138,
                                                                                                                                                "Actual Total Time": 3573.807,
                                                                                                                                                "Actual Rows": 83354,
                                                                                                                                                "Actual Loops": 1
                                                                                                                                            },
                                                                                                                                            {
                                                                                                                                                "Worker Number": 3,
                                                                                                                                                "Actual Startup Time": 3559.524,
                                                                                                                                                "Actual Total Time": 3576.623,
                                                                                                                                                "Actual Rows": 86186,
                                                                                                                                                "Actual Loops": 1
                                                                                                                                            },
                                                                                                                                            {
                                                                                                                                                "Worker Number": 4,
                                                                                                                                                "Actual Startup Time": 3794.16,
                                                                                                                                                "Actual Total Time": 3811.982,
                                                                                                                                                "Actual Rows": 80474,
                                                                                                                                                "Actual Loops": 1
                                                                                                                                            },
                                                                                                                                            {
                                                                                                                                                "Worker Number": 5,
                                                                                                                                                "Actual Startup Time": 3636.784,
                                                                                                                                                "Actual Total Time": 3654.957,
                                                                                                                                                "Actual Rows": 82867,
                                                                                                                                                "Actual Loops": 1
                                                                                                                                            }
                                                                                                                                        ],
                                                                                                                                        "Plans": [
                                                                                                                                            {
                                                                                                                                                "Node Type": "Merge Join",
                                                                                                                                                "Parent Relationship": "Outer",
                                                                                                                                                "Parallel Aware": false,
                                                                                                                                                "Join Type": "Inner",
                                                                                                                                                "Startup Cost": 1089366.18,
                                                                                                                                                "Total Cost": 1104369.92,
                                                                                                                                                "Plan Rows": 241660,
                                                                                                                                                "Plan Width": 24,
                                                                                                                                                "Actual Startup Time": 3230.794,
                                                                                                                                                "Actual Total Time": 3726.67,
                                                                                                                                                "Actual Rows": 89084,
                                                                                                                                                "Actual Loops": 7,
                                                                                                                                                "Output": [
                                                                                                                                                    "chn.name",
                                                                                                                                                    "ci.movie_id",
                                                                                                                                                    "ci.person_id"
                                                                                                                                                ],
                                                                                                                                                "Inner Unique": false,
                                                                                                                                                "Merge Cond": "(ci.person_role_id = chn.id)",
                                                                                                                                                "Workers": [
                                                                                                                                                    {
                                                                                                                                                        "Worker Number": 0,
                                                                                                                                                        "Actual Startup Time": 3388.621,
                                                                                                                                                        "Actual Total Time": 3895.998,
                                                                                                                                                        "Actual Rows": 84880,
                                                                                                                                                        "Actual Loops": 1
                                                                                                                                                    },
                                                                                                                                                    {
                                                                                                                                                        "Worker Number": 1,
                                                                                                                                                        "Actual Startup Time": 3498.409,
                                                                                                                                                        "Actual Total Time": 4003.343,
                                                                                                                                                        "Actual Rows": 78960,
                                                                                                                                                        "Actual Loops": 1
                                                                                                                                                    },
                                                                                                                                                    {
                                                                                                                                                        "Worker Number": 2,
                                                                                                                                                        "Actual Startup Time": 3092.836,
                                                                                                                                                        "Actual Total Time": 3527.283,
                                                                                                                                                        "Actual Rows": 83354,
                                                                                                                                                        "Actual Loops": 1
                                                                                                                                                    },
                                                                                                                                                    {
                                                                                                                                                        "Worker Number": 3,
                                                                                                                                                        "Actual Startup Time": 3094.616,
                                                                                                                                                        "Actual Total Time": 3529.091,
                                                                                                                                                        "Actual Rows": 86186,
                                                                                                                                                        "Actual Loops": 1
                                                                                                                                                    },
                                                                                                                                                    {
                                                                                                                                                        "Worker Number": 4,
                                                                                                                                                        "Actual Startup Time": 3286.884,
                                                                                                                                                        "Actual Total Time": 3763.413,
                                                                                                                                                        "Actual Rows": 80474,
                                                                                                                                                        "Actual Loops": 1
                                                                                                                                                    },
                                                                                                                                                    {
                                                                                                                                                        "Worker Number": 5,
                                                                                                                                                        "Actual Startup Time": 3099.327,
                                                                                                                                                        "Actual Total Time": 3604.966,
                                                                                                                                                        "Actual Rows": 82867,
                                                                                                                                                        "Actual Loops": 1
                                                                                                                                                    }
                                                                                                                                                ],
                                                                                                                                                "Plans": [
                                                                                                                                                    {
                                                                                                                                                        "Node Type": "Sort",
                                                                                                                                                        "Parent Relationship": "Outer",
                                                                                                                                                        "Parallel Aware": false,
                                                                                                                                                        "Startup Cost": 993652.18,
                                                                                                                                                        "Total Cost": 1008757.5,
                                                                                                                                                        "Plan Rows": 6042129,
                                                                                                                                                        "Plan Width": 12,
                                                                                                                                                        "Actual Startup Time": 2470.215,
                                                                                                                                                        "Actual Total Time": 2767.552,
                                                                                                                                                        "Actual Rows": 2510218,
                                                                                                                                                        "Actual Loops": 7,
                                                                                                                                                        "Output": [
                                                                                                                                                            "ci.movie_id",
                                                                                                                                                            "ci.person_role_id",
                                                                                                                                                            "ci.person_id"
                                                                                                                                                        ],
                                                                                                                                                        "Sort Key": [
                                                                                                                                                            "ci.person_role_id"
                                                                                                                                                        ],
                                                                                                                                                        "Sort Method": "quicksort",
                                                                                                                                                        "Sort Space Used": 526176,
                                                                                                                                                        "Sort Space Type": "Memory",
                                                                                                                                                        "Workers": [
                                                                                                                                                            {
                                                                                                                                                                "Worker Number": 0,
                                                                                                                                                                "Actual Startup Time": 2534.748,
                                                                                                                                                                "Actual Total Time": 2840.638,
                                                                                                                                                                "Actual Rows": 2372333,
                                                                                                                                                                "Actual Loops": 1
                                                                                                                                                            },
                                                                                                                                                            {
                                                                                                                                                                "Worker Number": 1,
                                                                                                                                                                "Actual Startup Time": 2509.502,
                                                                                                                                                                "Actual Total Time": 2812.718,
                                                                                                                                                                "Actual Rows": 2241785,
                                                                                                                                                                "Actual Loops": 1
                                                                                                                                                            },
                                                                                                                                                            {
                                                                                                                                                                "Worker Number": 2,
                                                                                                                                                                "Actual Startup Time": 2398.053,
                                                                                                                                                                "Actual Total Time": 2652.214,
                                                                                                                                                                "Actual Rows": 2378990,
                                                                                                                                                                "Actual Loops": 1
                                                                                                                                                            },
                                                                                                                                                            {
                                                                                                                                                                "Worker Number": 3,
                                                                                                                                                                "Actual Startup Time": 2394.602,
                                                                                                                                                                "Actual Total Time": 2649.536,
                                                                                                                                                                "Actual Rows": 2393353,
                                                                                                                                                                "Actual Loops": 1
                                                                                                                                                            },
                                                                                                                                                            {
                                                                                                                                                                "Worker Number": 4,
                                                                                                                                                                "Actual Startup Time": 2509.521,
                                                                                                                                                                "Actual Total Time": 2792.291,
                                                                                                                                                                "Actual Rows": 2226580,
                                                                                                                                                                "Actual Loops": 1
                                                                                                                                                            },
                                                                                                                                                            {
                                                                                                                                                                "Worker Number": 5,
                                                                                                                                                                "Actual Startup Time": 2412.306,
                                                                                                                                                                "Actual Total Time": 2718.044,
                                                                                                                                                                "Actual Rows": 2374442,
                                                                                                                                                                "Actual Loops": 1
                                                                                                                                                            }
                                                                                                                                                        ],
                                                                                                                                                        "Plans": [
                                                                                                                                                            {
                                                                                                                                                                "Node Type": "Seq Scan",
                                                                                                                                                                "Parent Relationship": "Outer",
                                                                                                                                                                "Parallel Aware": true,
                                                                                                                                                                "Relation Name": "cast_info",
                                                                                                                                                                "Schema": "public",
                                                                                                                                                                "Alias": "ci",
                                                                                                                                                                "Startup Cost": 0.0,
                                                                                                                                                                "Total Cost": 313108.29,
                                                                                                                                                                "Plan Rows": 6042129,
                                                                                                                                                                "Plan Width": 12,
                                                                                                                                                                "Actual Startup Time": 0.082,
                                                                                                                                                                "Actual Total Time": 1055.508,
                                                                                                                                                                "Actual Rows": 5177763,
                                                                                                                                                                "Actual Loops": 7,
                                                                                                                                                                "Output": [
                                                                                                                                                                    "ci.movie_id",
                                                                                                                                                                    "ci.person_role_id",
                                                                                                                                                                    "ci.person_id"
                                                                                                                                                                ],
                                                                                                                                                                "Workers": [
                                                                                                                                                                    {
                                                                                                                                                                        "Worker Number": 0,
                                                                                                                                                                        "Actual Startup Time": 0.074,
                                                                                                                                                                        "Actual Total Time": 1044.451,
                                                                                                                                                                        "Actual Rows": 4806481,
                                                                                                                                                                        "Actual Loops": 1
                                                                                                                                                                    },
                                                                                                                                                                    {
                                                                                                                                                                        "Worker Number": 1,
                                                                                                                                                                        "Actual Startup Time": 0.089,
                                                                                                                                                                        "Actual Total Time": 1049.781,
                                                                                                                                                                        "Actual Rows": 4638038,
                                                                                                                                                                        "Actual Loops": 1
                                                                                                                                                                    },
                                                                                                                                                                    {
                                                                                                                                                                        "Worker Number": 2,
                                                                                                                                                                        "Actual Startup Time": 0.098,
                                                                                                                                                                        "Actual Total Time": 1045.641,
                                                                                                                                                                        "Actual Rows": 4817649,
                                                                                                                                                                        "Actual Loops": 1
                                                                                                                                                                    },
                                                                                                                                                                    {
                                                                                                                                                                        "Worker Number": 3,
                                                                                                                                                                        "Actual Startup Time": 0.11,
                                                                                                                                                                        "Actual Total Time": 1045.216,
                                                                                                                                                                        "Actual Rows": 5260247,
                                                                                                                                                                        "Actual Loops": 1
                                                                                                                                                                    },
                                                                                                                                                                    {
                                                                                                                                                                        "Worker Number": 4,
                                                                                                                                                                        "Actual Startup Time": 0.078,
                                                                                                                                                                        "Actual Total Time": 1043.783,
                                                                                                                                                                        "Actual Rows": 4633659,
                                                                                                                                                                        "Actual Loops": 1
                                                                                                                                                                    },
                                                                                                                                                                    {
                                                                                                                                                                        "Worker Number": 5,
                                                                                                                                                                        "Actual Startup Time": 0.106,
                                                                                                                                                                        "Actual Total Time": 1045.127,
                                                                                                                                                                        "Actual Rows": 5057494,
                                                                                                                                                                        "Actual Loops": 1
                                                                                                                                                                    }
                                                                                                                                                                ]
                                                                                                                                                            }
                                                                                                                                                        ]
                                                                                                                                                    },
                                                                                                                                                    {
                                                                                                                                                        "Node Type": "Sort",
                                                                                                                                                        "Parent Relationship": "Inner",
                                                                                                                                                        "Parallel Aware": false,
                                                                                                                                                        "Startup Cost": 94188.4,
                                                                                                                                                        "Total Cost": 94502.39,
                                                                                                                                                        "Plan Rows": 125596,
                                                                                                                                                        "Plan Width": 20,
                                                                                                                                                        "Actual Startup Time": 726.983,
                                                                                                                                                        "Actual Total Time": 756.066,
                                                                                                                                                        "Actual Rows": 235604,
                                                                                                                                                        "Actual Loops": 7,
                                                                                                                                                        "Output": [
                                                                                                                                                            "chn.name",
                                                                                                                                                            "chn.id"
                                                                                                                                                        ],
                                                                                                                                                        "Sort Key": [
                                                                                                                                                            "chn.id"
                                                                                                                                                        ],
                                                                                                                                                        "Sort Method": "quicksort",
                                                                                                                                                        "Sort Space Used": 19675,
                                                                                                                                                        "Sort Space Type": "Memory",
                                                                                                                                                        "Workers": [
                                                                                                                                                            {
                                                                                                                                                                "Worker Number": 0,
                                                                                                                                                                "Actual Startup Time": 821.496,
                                                                                                                                                                "Actual Total Time": 852.957,
                                                                                                                                                                "Actual Rows": 232827,
                                                                                                                                                                "Actual Loops": 1
                                                                                                                                                            },
                                                                                                                                                            {
                                                                                                                                                                "Worker Number": 1,
                                                                                                                                                                "Actual Startup Time": 948.929,
                                                                                                                                                                "Actual Total Time": 980.29,
                                                                                                                                                                "Actual Rows": 228460,
                                                                                                                                                                "Actual Loops": 1
                                                                                                                                                            },
                                                                                                                                                            {
                                                                                                                                                                "Worker Number": 2,
                                                                                                                                                                "Actual Startup Time": 666.578,
                                                                                                                                                                "Actual Total Time": 692.059,
                                                                                                                                                                "Actual Rows": 231652,
                                                                                                                                                                "Actual Loops": 1
                                                                                                                                                            },
                                                                                                                                                            {
                                                                                                                                                                "Worker Number": 3,
                                                                                                                                                                "Actual Startup Time": 670.054,
                                                                                                                                                                "Actual Total Time": 695.684,
                                                                                                                                                                "Actual Rows": 234036,
                                                                                                                                                                "Actual Loops": 1
                                                                                                                                                            },
                                                                                                                                                            {
                                                                                                                                                                "Worker Number": 4,
                                                                                                                                                                "Actual Startup Time": 747.909,
                                                                                                                                                                "Actual Total Time": 778.872,
                                                                                                                                                                "Actual Rows": 230313,
                                                                                                                                                                "Actual Loops": 1
                                                                                                                                                            },
                                                                                                                                                            {
                                                                                                                                                                "Worker Number": 5,
                                                                                                                                                                "Actual Startup Time": 653.569,
                                                                                                                                                                "Actual Total Time": 684.783,
                                                                                                                                                                "Actual Rows": 231336,
                                                                                                                                                                "Actual Loops": 1
                                                                                                                                                            }
                                                                                                                                                        ],
                                                                                                                                                        "Plans": [
                                                                                                                                                            {
                                                                                                                                                                "Node Type": "Seq Scan",
                                                                                                                                                                "Parent Relationship": "Outer",
                                                                                                                                                                "Parallel Aware": false,
                                                                                                                                                                "Relation Name": "char_name",
                                                                                                                                                                "Schema": "public",
                                                                                                                                                                "Alias": "chn",
                                                                                                                                                                "Startup Cost": 0.0,
                                                                                                                                                                "Total Cost": 83551.4,
                                                                                                                                                                "Plan Rows": 125596,
                                                                                                                                                                "Plan Width": 20,
                                                                                                                                                                "Actual Startup Time": 0.098,
                                                                                                                                                                "Actual Total Time": 654.941,
                                                                                                                                                                "Actual Rows": 180152,
                                                                                                                                                                "Actual Loops": 7,
                                                                                                                                                                "Output": [
                                                                                                                                                                    "chn.name",
                                                                                                                                                                    "chn.id"
                                                                                                                                                                ],
                                                                                                                                                                "Filter": "((chn.name IS NOT NULL) AND ((chn.name ~~ '%man%'::text) OR (chn.name ~~ '%Man%'::text)))",
                                                                                                                                                                "Rows Removed by Filter": 2960187,
                                                                                                                                                                "Workers": [
                                                                                                                                                                    {
                                                                                                                                                                        "Worker Number": 0,
                                                                                                                                                                        "Actual Startup Time": 0.111,
                                                                                                                                                                        "Actual Total Time": 740.256,
                                                                                                                                                                        "Actual Rows": 180152,
                                                                                                                                                                        "Actual Loops": 1
                                                                                                                                                                    },
                                                                                                                                                                    {
                                                                                                                                                                        "Worker Number": 1,
                                                                                                                                                                        "Actual Startup Time": 0.094,
                                                                                                                                                                        "Actual Total Time": 848.06,
                                                                                                                                                                        "Actual Rows": 180152,
                                                                                                                                                                        "Actual Loops": 1
                                                                                                                                                                    },
                                                                                                                                                                    {
                                                                                                                                                                        "Worker Number": 2,
                                                                                                                                                                        "Actual Startup Time": 0.08,
                                                                                                                                                                        "Actual Total Time": 602.276,
                                                                                                                                                                        "Actual Rows": 180152,
                                                                                                                                                                        "Actual Loops": 1
                                                                                                                                                                    },
                                                                                                                                                                    {
                                                                                                                                                                        "Worker Number": 3,
                                                                                                                                                                        "Actual Startup Time": 0.131,
                                                                                                                                                                        "Actual Total Time": 606.558,
                                                                                                                                                                        "Actual Rows": 180152,
                                                                                                                                                                        "Actual Loops": 1
                                                                                                                                                                    },
                                                                                                                                                                    {
                                                                                                                                                                        "Worker Number": 4,
                                                                                                                                                                        "Actual Startup Time": 0.127,
                                                                                                                                                                        "Actual Total Time": 671.761,
                                                                                                                                                                        "Actual Rows": 180152,
                                                                                                                                                                        "Actual Loops": 1
                                                                                                                                                                    },
                                                                                                                                                                    {
                                                                                                                                                                        "Worker Number": 5,
                                                                                                                                                                        "Actual Startup Time": 0.119,
                                                                                                                                                                        "Actual Total Time": 582.501,
                                                                                                                                                                        "Actual Rows": 180152,
                                                                                                                                                                        "Actual Loops": 1
                                                                                                                                                                    }
                                                                                                                                                                ]
                                                                                                                                                            }
                                                                                                                                                        ]
                                                                                                                                                    }
                                                                                                                                                ]
                                                                                                                                            }
                                                                                                                                        ]
                                                                                                                                    },
                                                                                                                                    {
                                                                                                                                        "Node Type": "Sort",
                                                                                                                                        "Parent Relationship": "Inner",
                                                                                                                                        "Parallel Aware": false,
                                                                                                                                        "Startup Cost": 15676.41,
                                                                                                                                        "Total Cost": 16014.13,
                                                                                                                                        "Plan Rows": 135086,
                                                                                                                                        "Plan Width": 12,
                                                                                                                                        "Actual Startup Time": 55.378,
                                                                                                                                        "Actual Total Time": 68.553,
                                                                                                                                        "Actual Rows": 139540,
                                                                                                                                        "Actual Loops": 7,
                                                                                                                                        "Output": [
                                                                                                                                            "cc.movie_id",
                                                                                                                                            "cc.subject_id",
                                                                                                                                            "cc.status_id"
                                                                                                                                        ],
                                                                                                                                        "Sort Key": [
                                                                                                                                            "cc.movie_id"
                                                                                                                                        ],
                                                                                                                                        "Sort Method": "quicksort",
                                                                                                                                        "Sort Space Used": 12477,
                                                                                                                                        "Sort Space Type": "Memory",
                                                                                                                                        "Workers": [
                                                                                                                                            {
                                                                                                                                                "Worker Number": 0,
                                                                                                                                                "Actual Startup Time": 57.15,
                                                                                                                                                "Actual Total Time": 71.069,
                                                                                                                                                "Actual Rows": 138705,
                                                                                                                                                "Actual Loops": 1
                                                                                                                                            },
                                                                                                                                            {
                                                                                                                                                "Worker Number": 1,
                                                                                                                                                "Actual Startup Time": 56.093,
                                                                                                                                                "Actual Total Time": 68.51,
                                                                                                                                                "Actual Rows": 138569,
                                                                                                                                                "Actual Loops": 1
                                                                                                                                            },
                                                                                                                                            {
                                                                                                                                                "Worker Number": 2,
                                                                                                                                                "Actual Startup Time": 58.23,
                                                                                                                                                "Actual Total Time": 71.879,
                                                                                                                                                "Actual Rows": 138875,
                                                                                                                                                "Actual Loops": 1
                                                                                                                                            },
                                                                                                                                            {
                                                                                                                                                "Worker Number": 3,
                                                                                                                                                "Actual Startup Time": 55.982,
                                                                                                                                                "Actual Total Time": 69.778,
                                                                                                                                                "Actual Rows": 138676,
                                                                                                                                                "Actual Loops": 1
                                                                                                                                            },
                                                                                                                                            {
                                                                                                                                                "Worker Number": 4,
                                                                                                                                                "Actual Startup Time": 56.789,
                                                                                                                                                "Actual Total Time": 70.932,
                                                                                                                                                "Actual Rows": 138146,
                                                                                                                                                "Actual Loops": 1
                                                                                                                                            },
                                                                                                                                            {
                                                                                                                                                "Worker Number": 5,
                                                                                                                                                "Actual Startup Time": 57.891,
                                                                                                                                                "Actual Total Time": 71.742,
                                                                                                                                                "Actual Rows": 138844,
                                                                                                                                                "Actual Loops": 1
                                                                                                                                            }
                                                                                                                                        ],
                                                                                                                                        "Plans": [
                                                                                                                                            {
                                                                                                                                                "Node Type": "Index Scan",
                                                                                                                                                "Parent Relationship": "Outer",
                                                                                                                                                "Parallel Aware": false,
                                                                                                                                                "Scan Direction": "Forward",
                                                                                                                                                "Index Name": "subject_id_complete_cast",
                                                                                                                                                "Relation Name": "complete_cast",
                                                                                                                                                "Schema": "public",
                                                                                                                                                "Alias": "cc",
                                                                                                                                                "Startup Cost": 0.42,
                                                                                                                                                "Total Cost": 4164.71,
                                                                                                                                                "Plan Rows": 135086,
                                                                                                                                                "Plan Width": 12,
                                                                                                                                                "Actual Startup Time": 0.146,
                                                                                                                                                "Actual Total Time": 23.179,
                                                                                                                                                "Actual Rows": 135086,
                                                                                                                                                "Actual Loops": 7,
                                                                                                                                                "Output": [
                                                                                                                                                    "cc.movie_id",
                                                                                                                                                    "cc.subject_id",
                                                                                                                                                    "cc.status_id"
                                                                                                                                                ],
                                                                                                                                                "Workers": [
                                                                                                                                                    {
                                                                                                                                                        "Worker Number": 0,
                                                                                                                                                        "Actual Startup Time": 0.169,
                                                                                                                                                        "Actual Total Time": 23.563,
                                                                                                                                                        "Actual Rows": 135086,
                                                                                                                                                        "Actual Loops": 1
                                                                                                                                                    },
                                                                                                                                                    {
                                                                                                                                                        "Worker Number": 1,
                                                                                                                                                        "Actual Startup Time": 0.166,
                                                                                                                                                        "Actual Total Time": 22.832,
                                                                                                                                                        "Actual Rows": 135086,
                                                                                                                                                        "Actual Loops": 1
                                                                                                                                                    },
                                                                                                                                                    {
                                                                                                                                                        "Worker Number": 2,
                                                                                                                                                        "Actual Startup Time": 0.201,
                                                                                                                                                        "Actual Total Time": 25.699,
                                                                                                                                                        "Actual Rows": 135086,
                                                                                                                                                        "Actual Loops": 1
                                                                                                                                                    },
                                                                                                                                                    {
                                                                                                                                                        "Worker Number": 3,
                                                                                                                                                        "Actual Startup Time": 0.13,
                                                                                                                                                        "Actual Total Time": 23.602,
                                                                                                                                                        "Actual Rows": 135086,
                                                                                                                                                        "Actual Loops": 1
                                                                                                                                                    },
                                                                                                                                                    {
                                                                                                                                                        "Worker Number": 4,
                                                                                                                                                        "Actual Startup Time": 0.164,
                                                                                                                                                        "Actual Total Time": 22.957,
                                                                                                                                                        "Actual Rows": 135086,
                                                                                                                                                        "Actual Loops": 1
                                                                                                                                                    },
                                                                                                                                                    {
                                                                                                                                                        "Worker Number": 5,
                                                                                                                                                        "Actual Startup Time": 0.16,
                                                                                                                                                        "Actual Total Time": 23.884,
                                                                                                                                                        "Actual Rows": 135086,
                                                                                                                                                        "Actual Loops": 1
                                                                                                                                                    }
                                                                                                                                                ]
                                                                                                                                            }
                                                                                                                                        ]
                                                                                                                                    }
                                                                                                                                ]
                                                                                                                            }
                                                                                                                        ]
                                                                                                                    }
                                                                                                                ]
                                                                                                            }
                                                                                                        ]
                                                                                                    }
                                                                                                ]
                                                                                            }
                                                                                        ]
                                                                                    }
                                                                                ]
                                                                            }
                                                                        ]
                                                                    },
                                                                    {
                                                                        "Node Type": "Bitmap Heap Scan",
                                                                        "Parent Relationship": "Inner",
                                                                        "Parallel Aware": false,
                                                                        "Relation Name": "title",
                                                                        "Schema": "public",
                                                                        "Alias": "t",
                                                                        "Startup Cost": 0.44,
                                                                        "Total Cost": 4.45,
                                                                        "Plan Rows": 1,
                                                                        "Plan Width": 25,
                                                                        "Actual Startup Time": 0.003,
                                                                        "Actual Total Time": 0.003,
                                                                        "Actual Rows": 0,
                                                                        "Actual Loops": 58966,
                                                                        "Output": [
                                                                            "t.id",
                                                                            "t.title",
                                                                            "t.imdb_index",
                                                                            "t.kind_id",
                                                                            "t.production_year",
                                                                            "t.imdb_id",
                                                                            "t.phonetic_code",
                                                                            "t.episode_of_id",
                                                                            "t.season_nr",
                                                                            "t.episode_nr",
                                                                            "t.series_years",
                                                                            "t.md5sum"
                                                                        ],
                                                                        "Recheck Cond": "(t.id = ci.movie_id)",
                                                                        "Rows Removed by Index Recheck": 0,
                                                                        "Filter": "(t.production_year > 2011)",
                                                                        "Rows Removed by Filter": 1,
                                                                        "Exact Heap Blocks": 58966,
                                                                        "Lossy Heap Blocks": 0,
                                                                        "Plans": [
                                                                            {
                                                                                "Node Type": "Bitmap Index Scan",
                                                                                "Parent Relationship": "Outer",
                                                                                "Parallel Aware": false,
                                                                                "Index Name": "title_pkey",
                                                                                "Startup Cost": 0.0,
                                                                                "Total Cost": 0.44,
                                                                                "Plan Rows": 1,
                                                                                "Plan Width": 0,
                                                                                "Actual Startup Time": 0.002,
                                                                                "Actual Total Time": 0.002,
                                                                                "Actual Rows": 1,
                                                                                "Actual Loops": 58966,
                                                                                "Index Cond": "(t.id = ci.movie_id)"
                                                                            }
                                                                        ]
                                                                    }
                                                                ]
                                                            },
                                                            {
                                                                "Node Type": "Bitmap Heap Scan",
                                                                "Parent Relationship": "Inner",
                                                                "Parallel Aware": false,
                                                                "Relation Name": "movie_info_idx",
                                                                "Schema": "public",
                                                                "Alias": "mi_idx",
                                                                "Startup Cost": 0.45,
                                                                "Total Cost": 4.5,
                                                                "Plan Rows": 1,
                                                                "Plan Width": 13,
                                                                "Actual Startup Time": 0.007,
                                                                "Actual Total Time": 0.007,
                                                                "Actual Rows": 0,
                                                                "Actual Loops": 24,
                                                                "Output": [
                                                                    "mi_idx.id",
                                                                    "mi_idx.movie_id",
                                                                    "mi_idx.info_type_id",
                                                                    "mi_idx.info",
                                                                    "mi_idx.note"
                                                                ],
                                                                "Recheck Cond": "(mi_idx.movie_id = ci.movie_id)",
                                                                "Rows Removed by Index Recheck": 0,
                                                                "Filter": "(mi_idx.info > '7.0'::text)",
                                                                "Rows Removed by Filter": 3,
                                                                "Exact Heap Blocks": 24,
                                                                "Lossy Heap Blocks": 0,
                                                                "Plans": [
                                                                    {
                                                                        "Node Type": "Bitmap Index Scan",
                                                                        "Parent Relationship": "Outer",
                                                                        "Parallel Aware": false,
                                                                        "Index Name": "movie_id_movie_info_idx",
                                                                        "Startup Cost": 0.0,
                                                                        "Total Cost": 0.45,
                                                                        "Plan Rows": 3,
                                                                        "Plan Width": 0,
                                                                        "Actual Startup Time": 0.005,
                                                                        "Actual Total Time": 0.005,
                                                                        "Actual Rows": 3,
                                                                        "Actual Loops": 24,
                                                                        "Index Cond": "(mi_idx.movie_id = ci.movie_id)"
                                                                    }
                                                                ]
                                                            }
                                                        ]
                                                    },
                                                    {
                                                        "Node Type": "Bitmap Heap Scan",
                                                        "Parent Relationship": "Inner",
                                                        "Parallel Aware": false,
                                                        "Relation Name": "info_type",
                                                        "Schema": "public",
                                                        "Alias": "it2",
                                                        "Startup Cost": 0.15,
                                                        "Total Cost": 4.17,
                                                        "Plan Rows": 1,
                                                        "Plan Width": 4,
                                                        "Actual Startup Time": 0.008,
                                                        "Actual Total Time": 0.009,
                                                        "Actual Rows": 1,
                                                        "Actual Loops": 1,
                                                        "Output": [
                                                            "it2.id",
                                                            "it2.info"
                                                        ],
                                                        "Recheck Cond": "(it2.id = mi_idx.info_type_id)",
                                                        "Rows Removed by Index Recheck": 0,
                                                        "Filter": "((it2.info)::text = 'rating'::text)",
                                                        "Rows Removed by Filter": 0,
                                                        "Exact Heap Blocks": 1,
                                                        "Lossy Heap Blocks": 0,
                                                        "Plans": [
                                                            {
                                                                "Node Type": "Bitmap Index Scan",
                                                                "Parent Relationship": "Outer",
                                                                "Parallel Aware": false,
                                                                "Index Name": "info_type_pkey",
                                                                "Startup Cost": 0.0,
                                                                "Total Cost": 0.15,
                                                                "Plan Rows": 1,
                                                                "Plan Width": 0,
                                                                "Actual Startup Time": 0.004,
                                                                "Actual Total Time": 0.004,
                                                                "Actual Rows": 1,
                                                                "Actual Loops": 1,
                                                                "Index Cond": "(it2.id = mi_idx.info_type_id)"
                                                            }
                                                        ]
                                                    }
                                                ]
                                            },
                                            {
                                                "Node Type": "Bitmap Heap Scan",
                                                "Parent Relationship": "Inner",
                                                "Parallel Aware": false,
                                                "Relation Name": "kind_type",
                                                "Schema": "public",
                                                "Alias": "kt",
                                                "Startup Cost": 0.14,
                                                "Total Cost": 4.16,
                                                "Plan Rows": 1,
                                                "Plan Width": 4,
                                                "Actual Startup Time": 0.007,
                                                "Actual Total Time": 0.007,
                                                "Actual Rows": 0,
                                                "Actual Loops": 1,
                                                "Output": [
                                                    "kt.id",
                                                    "kt.kind"
                                                ],
                                                "Recheck Cond": "(kt.id = t.kind_id)",
                                                "Rows Removed by Index Recheck": 0,
                                                "Filter": "((kt.kind)::text = 'movie'::text)",
                                                "Rows Removed by Filter": 1,
                                                "Exact Heap Blocks": 1,
                                                "Lossy Heap Blocks": 0,
                                                "Plans": [
                                                    {
                                                        "Node Type": "Bitmap Index Scan",
                                                        "Parent Relationship": "Outer",
                                                        "Parallel Aware": false,
                                                        "Index Name": "kind_type_pkey",
                                                        "Startup Cost": 0.0,
                                                        "Total Cost": 0.14,
                                                        "Plan Rows": 1,
                                                        "Plan Width": 0,
                                                        "Actual Startup Time": 0.003,
                                                        "Actual Total Time": 0.003,
                                                        "Actual Rows": 1,
                                                        "Actual Loops": 1,
                                                        "Index Cond": "(kt.id = t.kind_id)"
                                                    }
                                                ]
                                            }
                                        ]
                                    }
                                ]
                            }
                        ]
                    },
                    {
                        "Node Type": "Bitmap Heap Scan",
                        "Parent Relationship": "Inner",
                        "Parallel Aware": false,
                        "Relation Name": "name",
                        "Schema": "public",
                        "Alias": "n",
                        "Startup Cost": 0.44,
                        "Total Cost": 4.45,
                        "Plan Rows": 1,
                        "Plan Width": 19,
                        "Actual Startup Time": 0.0,
                        "Actual Total Time": 0.0,
                        "Actual Rows": 0,
                        "Actual Loops": 0,
                        "Output": [
                            "n.id",
                            "n.name",
                            "n.imdb_index",
                            "n.imdb_id",
                            "n.gender",
                            "n.name_pcode_cf",
                            "n.name_pcode_nf",
                            "n.surname_pcode",
                            "n.md5sum"
                        ],
                        "Recheck Cond": "(n.id = ci.person_id)",
                        "Rows Removed by Index Recheck": 0,
                        "Exact Heap Blocks": 0,
                        "Lossy Heap Blocks": 0,
                        "Plans": [
                            {
                                "Node Type": "Bitmap Index Scan",
                                "Parent Relationship": "Outer",
                                "Parallel Aware": false,
                                "Index Name": "name_pkey",
                                "Startup Cost": 0.0,
                                "Total Cost": 0.44,
                                "Plan Rows": 1,
                                "Plan Width": 0,
                                "Actual Startup Time": 0.0,
                                "Actual Total Time": 0.0,
                                "Actual Rows": 0,
                                "Actual Loops": 0,
                                "Index Cond": "(n.id = ci.person_id)"
                            }
                        ]
                    }
                ]
            }
        ]
    },
    "Planning Time": 43.525,
    "Triggers": [],
    "Execution Time": 9477.922
}