[
  {
    "Bao": {
      "Bao prediction": 617.415,
      "Bao recommended hint": "SET enable_nestloop TO off; "
    }
  },
  {
    "Plan": {
      "Node Type": "Aggregate",
      "Strategy": "Plain",
      "Partial Mode": "Finalize",
      "Parallel Aware": false,
      "Startup Cost": 459979.13,
      "Total Cost": 459979.14,
      "Plan Rows": 1,
      "Plan Width": 64,
      "Actual Startup Time": 1391.203,
      "Actual Total Time": 1452.976,
      "Actual Rows": 1,
      "Actual Loops": 1,
      "Plans": [
        {
          "Node Type": "Gather",
          "Parent Relationship": "Outer",
          "Parallel Aware": false,
          "Startup Cost": 459978.49,
          "Total Cost": 459979.1,
          "Plan Rows": 6,
          "Plan Width": 64,
          "Actual Startup Time": 1391.182,
          "Actual Total Time": 1452.965,
          "Actual Rows": 7,
          "Actual Loops": 1,
          "Workers Planned": 6,
          "Workers Launched": 6,
          "Single Copy": false,
          "Plans": [
            {
              "Node Type": "Aggregate",
              "Strategy": "Plain",
              "Partial Mode": "Partial",
              "Parent Relationship": "Outer",
              "Parallel Aware": false,
              "Startup Cost": 458978.49,
              "Total Cost": 458978.5,
              "Plan Rows": 1,
              "Plan Width": 64,
              "Actual Startup Time": 1362.4,
              "Actual Total Time": 1362.42,
              "Actual Rows": 1,
              "Actual Loops": 7,
              "Plans": [
                {
                  "Node Type": "Hash Join",
                  "Parent Relationship": "Outer",
                  "Parallel Aware": false,
                  "Join Type": "Inner",
                  "Startup Cost": 129780.15,
                  "Total Cost": 458978.35,
                  "Plan Rows": 27,
                  "Plan Width": 33,
                  "Actual Startup Time": 1362.393,
                  "Actual Total Time": 1362.411,
                  "Actual Rows": 0,
                  "Actual Loops": 7,
                  "Inner Unique": true,
                  "Hash Cond": "(mc.company_type_id = ct.id)",
                  "Plans": [
                    {
                      "Node Type": "Hash Join",
                      "Parent Relationship": "Outer",
                      "Parallel Aware": true,
                      "Join Type": "Inner",
                      "Startup Cost": 129779.06,
                      "Total Cost": 458977.11,
                      "Plan Rows": 27,
                      "Plan Width": 37,
                      "Actual Startup Time": 1361.936,
                      "Actual Total Time": 1361.952,
                      "Actual Rows": 0,
                      "Actual Loops": 7,
                      "Inner Unique": true,
                      "Hash Cond": "(ci.person_role_id = chn.id)",
                      "Plans": [
                        {
                          "Node Type": "Hash Join",
                          "Parent Relationship": "Outer",
                          "Parallel Aware": false,
                          "Join Type": "Inner",
                          "Startup Cost": 75665.86,
                          "Total Cost": 404863.85,
                          "Plan Rows": 27,
                          "Plan Width": 25,
                          "Actual Startup Time": 976.633,
                          "Actual Total Time": 976.647,
                          "Actual Rows": 0,
                          "Actual Loops": 7,
                          "Inner Unique": true,
                          "Hash Cond": "(ci.role_id = rt.id)",
                          "Plans": [
                            {
                              "Node Type": "Hash Join",
                              "Parent Relationship": "Outer",
                              "Parallel Aware": true,
                              "Join Type": "Inner",
                              "Startup Cost": 75664.7,
                              "Total Cost": 404861.54,
                              "Plan Rows": 321,
                              "Plan Width": 29,
                              "Actual Startup Time": 562.447,
                              "Actual Total Time": 976.551,
                              "Actual Rows": 14,
                              "Actual Loops": 7,
                              "Inner Unique": false,
                              "Hash Cond": "(ci.movie_id = t.id)",
                              "Plans": [
                                {
                                  "Node Type": "Seq Scan",
                                  "Parent Relationship": "Outer",
                                  "Parallel Aware": true,
                                  "Relation Name": "cast_info",
                                  "Alias": "ci",
                                  "Startup Cost": 0.0,
                                  "Total Cost": 328289.28,
                                  "Plan Rows": 241927,
                                  "Plan Width": 12,
                                  "Actual Startup Time": 172.975,
                                  "Actual Total Time": 787.163,
                                  "Actual Rows": 205063,
                                  "Actual Loops": 7,
                                  "Filter": "(note ~~ '%(producer)%'::text)",
                                  "Rows Removed by Filter": 4972701
                                },
                                {
                                  "Node Type": "Hash",
                                  "Parent Relationship": "Inner",
                                  "Parallel Aware": true,
                                  "Startup Cost": 75660.35,
                                  "Total Cost": 75660.35,
                                  "Plan Rows": 348,
                                  "Plan Width": 29,
                                  "Actual Startup Time": 170.032,
                                  "Actual Total Time": 170.041,
                                  "Actual Rows": 37,
                                  "Actual Loops": 7,
                                  "Hash Buckets": 2048,
                                  "Original Hash Buckets": 2048,
                                  "Hash Batches": 1,
                                  "Original Hash Batches": 1,
                                  "Peak Memory Usage": 240,
                                  "Plans": [
                                    {
                                      "Node Type": "Hash Join",
                                      "Parent Relationship": "Outer",
                                      "Parallel Aware": true,
                                      "Join Type": "Inner",
                                      "Startup Cost": 38689.69,
                                      "Total Cost": 75660.35,
                                      "Plan Rows": 348,
                                      "Plan Width": 29,
                                      "Actual Startup Time": 144.629,
                                      "Actual Total Time": 169.926,
                                      "Actual Rows": 37,
                                      "Actual Loops": 7,
                                      "Inner Unique": false,
                                      "Hash Cond": "(t.id = mc.movie_id)",
                                      "Plans": [
                                        {
                                          "Node Type": "Bitmap Heap Scan",
                                          "Parent Relationship": "Outer",
                                          "Parallel Aware": true,
                                          "Relation Name": "title",
                                          "Alias": "t",
                                          "Startup Cost": 4481.83,
                                          "Total Cost": 41227.16,
                                          "Plan Rows": 59787,
                                          "Plan Width": 21,
                                          "Actual Startup Time": 20.209,
                                          "Actual Total Time": 68.878,
                                          "Actual Rows": 34486,
                                          "Actual Loops": 7,
                                          "Recheck Cond": "(production_year < 1960)",
                                          "Rows Removed by Index Recheck": 0,
                                          "Exact Heap Blocks": 4081,
                                          "Lossy Heap Blocks": 0,
                                          "Plans": [
                                            {
                                              "Node Type": "Bitmap Index Scan",
                                              "Parent Relationship": "Outer",
                                              "Parallel Aware": false,
                                              "Index Name": "idx_title_production_year",
                                              "Startup Cost": 0.0,
                                              "Total Cost": 4422.04,
                                              "Plan Rows": 239148,
                                              "Plan Width": 0,
                                              "Actual Startup Time": 15.233,
                                              "Actual Total Time": 15.234,
                                              "Actual Rows": 241400,
                                              "Actual Loops": 1,
                                              "Index Cond": "(production_year < 1960)"
                                            }
                                          ]
                                        },
                                        {
                                          "Node Type": "Hash",
                                          "Parent Relationship": "Inner",
                                          "Parallel Aware": true,
                                          "Startup Cost": 34148.59,
                                          "Total Cost": 34148.59,
                                          "Plan Rows": 4742,
                                          "Plan Width": 8,
                                          "Actual Startup Time": 94.2,
                                          "Actual Total Time": 94.207,
                                          "Actual Rows": 1256,
                                          "Actual Loops": 7,
                                          "Hash Buckets": 16384,
                                          "Original Hash Buckets": 16384,
                                          "Hash Batches": 1,
                                          "Original Hash Batches": 1,
                                          "Peak Memory Usage": 640,
                                          "Plans": [
                                            {
                                              "Node Type": "Hash Join",
                                              "Parent Relationship": "Outer",
                                              "Parallel Aware": true,
                                              "Join Type": "Inner",
                                              "Startup Cost": 4732.66,
                                              "Total Cost": 34148.59,
                                              "Plan Rows": 4742,
                                              "Plan Width": 8,
                                              "Actual Startup Time": 7.469,
                                              "Actual Total Time": 93.386,
                                              "Actual Rows": 1256,
                                              "Actual Loops": 7,
                                              "Inner Unique": true,
                                              "Hash Cond": "(mc.company_id = cn.id)",
                                              "Plans": [
                                                {
                                                  "Node Type": "Seq Scan",
                                                  "Parent Relationship": "Outer",
                                                  "Parallel Aware": true,
                                                  "Relation Name": "movie_companies",
                                                  "Alias": "mc",
                                                  "Startup Cost": 0.0,
                                                  "Total Cost": 27206.55,
                                                  "Plan Rows": 841655,
                                                  "Plan Width": 12,
                                                  "Actual Startup Time": 0.012,
                                                  "Actual Total Time": 46.158,
                                                  "Actual Rows": 372733,
                                                  "Actual Loops": 7
                                                },
                                                {
                                                  "Node Type": "Hash",
                                                  "Parent Relationship": "Inner",
                                                  "Parallel Aware": true,
                                                  "Startup Cost": 4722.92,
                                                  "Total Cost": 4722.92,
                                                  "Plan Rows": 779,
                                                  "Plan Width": 4,
                                                  "Actual Startup Time": 7.112,
                                                  "Actual Total Time": 7.114,
                                                  "Actual Rows": 194,
                                                  "Actual Loops": 7,
                                                  "Hash Buckets": 2048,
                                                  "Original Hash Buckets": 2048,
                                                  "Hash Batches": 1,
                                                  "Original Hash Batches": 1,
                                                  "Peak Memory Usage": 240,
                                                  "Plans": [
                                                    {
                                                      "Node Type": "Seq Scan",
                                                      "Parent Relationship": "Outer",
                                                      "Parallel Aware": true,
                                                      "Relation Name": "company_name",
                                                      "Alias": "cn",
                                                      "Startup Cost": 0.0,
                                                      "Total Cost": 4722.92,
                                                      "Plan Rows": 779,
                                                      "Plan Width": 4,
                                                      "Actual Startup Time": 0.044,
                                                      "Actual Total Time": 6.855,
                                                      "Actual Rows": 194,
                                                      "Actual Loops": 7,
                                                      "Filter": "((country_code)::text = '[ru]'::text)",
                                                      "Rows Removed by Filter": 33377
                                                    }
                                                  ]
                                                }
                                              ]
                                            }
                                          ]
                                        }
                                      ]
                                    }
                                  ]
                                }
                              ]
                            },
                            {
                              "Node Type": "Hash",
                              "Parent Relationship": "Inner",
                              "Parallel Aware": false,
                              "Startup Cost": 1.15,
                              "Total Cost": 1.15,
                              "Plan Rows": 1,
                              "Plan Width": 4,
                              "Actual Startup Time": 0.045,
                              "Actual Total Time": 0.046,
                              "Actual Rows": 1,
                              "Actual Loops": 7,
                              "Hash Buckets": 1024,
                              "Original Hash Buckets": 1024,
                              "Hash Batches": 1,
                              "Original Hash Batches": 1,
                              "Peak Memory Usage": 9,
                              "Plans": [
                                {
                                  "Node Type": "Seq Scan",
                                  "Parent Relationship": "Outer",
                                  "Parallel Aware": false,
                                  "Relation Name": "role_type",
                                  "Alias": "rt",
                                  "Startup Cost": 0.0,
                                  "Total Cost": 1.15,
                                  "Plan Rows": 1,
                                  "Plan Width": 4,
                                  "Actual Startup Time": 0.034,
                                  "Actual Total Time": 0.037,
                                  "Actual Rows": 1,
                                  "Actual Loops": 7,
                                  "Filter": "((role)::text = 'actor'::text)",
                                  "Rows Removed by Filter": 11
                                }
                              ]
                            }
                          ]
                        },
                        {
                          "Node Type": "Hash",
                          "Parent Relationship": "Inner",
                          "Parallel Aware": true,
                          "Startup Cost": 44299.2,
                          "Total Cost": 44299.2,
                          "Plan Rows": 785120,
                          "Plan Width": 20,
                          "Actual Startup Time": 377.837,
                          "Actual Total Time": 377.837,
                          "Actual Rows": 448620,
                          "Actual Loops": 7,
                          "Hash Buckets": 4194304,
                          "Original Hash Buckets": 4194304,
                          "Hash Batches": 1,
                          "Original Hash Batches": 1,
                          "Peak Memory Usage": 205152,
                          "Plans": [
                            {
                              "Node Type": "Seq Scan",
                              "Parent Relationship": "Outer",
                              "Parallel Aware": true,
                              "Relation Name": "char_name",
                              "Alias": "chn",
                              "Startup Cost": 0.0,
                              "Total Cost": 44299.2,
                              "Plan Rows": 785120,
                              "Plan Width": 20,
                              "Actual Startup Time": 0.085,
                              "Actual Total Time": 100.903,
                              "Actual Rows": 448620,
                              "Actual Loops": 7
                            }
                          ]
                        }
                      ]
                    },
                    {
                      "Node Type": "Hash",
                      "Parent Relationship": "Inner",
                      "Parallel Aware": false,
                      "Startup Cost": 1.04,
                      "Total Cost": 1.04,
                      "Plan Rows": 4,
                      "Plan Width": 4,
                      "Actual Startup Time": 0.108,
                      "Actual Total Time": 0.109,
                      "Actual Rows": 4,
                      "Actual Loops": 7,
                      "Hash Buckets": 1024,
                      "Original Hash Buckets": 1024,
                      "Hash Batches": 1,
                      "Original Hash Batches": 1,
                      "Peak Memory Usage": 9,
                      "Plans": [
                        {
                          "Node Type": "Seq Scan",
                          "Parent Relationship": "Outer",
                          "Parallel Aware": false,
                          "Relation Name": "company_type",
                          "Alias": "ct",
                          "Startup Cost": 0.0,
                          "Total Cost": 1.04,
                          "Plan Rows": 4,
                          "Plan Width": 4,
                          "Actual Startup Time": 0.052,
                          "Actual Total Time": 0.056,
                          "Actual Rows": 4,
                          "Actual Loops": 7
                        }
                      ]
                    }
                  ]
                }
              ]
            }
          ]
        }
      ]
    },
    "Planning Time": 515.783,
    "Triggers": [],
    "Execution Time": 1453.597
  }
]