[
  {
    "Plan": {
      "Node Type": "Aggregate",
      "Strategy": "Plain",
      "Partial Mode": "Finalize",
      "Parallel Aware": false,
      "Startup Cost": 440326.57,
      "Total Cost": 440326.58,
      "Plan Rows": 1,
      "Plan Width": 8,
      "Actual Startup Time": 1560.459,
      "Actual Total Time": 1636.19,
      "Actual Rows": 1,
      "Actual Loops": 1,
      "Plans": [
        {
          "Node Type": "Gather",
          "Parent Relationship": "Outer",
          "Parallel Aware": false,
          "Startup Cost": 440325.95,
          "Total Cost": 440326.56,
          "Plan Rows": 6,
          "Plan Width": 8,
          "Actual Startup Time": 1553.492,
          "Actual Total Time": 1636.179,
          "Actual Rows": 7,
          "Actual Loops": 1,
          "Workers Planned": 6,
          "Workers Launched": 6,
          "Single Copy": false,
          "Plans": [
            {
              "Node Type": "Aggregate",
              "Strategy": "Plain",
              "Partial Mode": "Partial",
              "Parent Relationship": "Outer",
              "Parallel Aware": false,
              "Startup Cost": 439325.95,
              "Total Cost": 439325.96,
              "Plan Rows": 1,
              "Plan Width": 8,
              "Actual Startup Time": 1542.491,
              "Actual Total Time": 1542.677,
              "Actual Rows": 1,
              "Actual Loops": 7,
              "Plans": [
                {
                  "Node Type": "Hash Join",
                  "Parent Relationship": "Outer",
                  "Parallel Aware": true,
                  "Join Type": "Inner",
                  "Startup Cost": 95054.67,
                  "Total Cost": 435587.71,
                  "Plan Rows": 1495294,
                  "Plan Width": 0,
                  "Actual Startup Time": 279.151,
                  "Actual Total Time": 1505.504,
                  "Actual Rows": 803503,
                  "Actual Loops": 7,
                  "Inner Unique": false,
                  "Hash Cond": "(ci.movie_id = t.id)",
                  "Plans": [
                    {
                      "Node Type": "Seq Scan",
                      "Parent Relationship": "Outer",
                      "Parallel Aware": true,
                      "Relation Name": "cast_info",
                      "Alias": "ci",
                      "Startup Cost": 0.0,
                      "Total Cost": 313067.02,
                      "Plan Rows": 6038002,
                      "Plan Width": 4,
                      "Actual Startup Time": 0.034,
                      "Actual Total Time": 552.898,
                      "Actual Rows": 5177763,
                      "Actual Loops": 7
                    },
                    {
                      "Node Type": "Hash",
                      "Parent Relationship": "Inner",
                      "Parallel Aware": true,
                      "Startup Cost": 92529.99,
                      "Total Cost": 92529.99,
                      "Plan Rows": 201975,
                      "Plan Width": 8,
                      "Actual Startup Time": 275.587,
                      "Actual Total Time": 275.771,
                      "Actual Rows": 20214,
                      "Actual Loops": 7,
                      "Hash Buckets": 1048576,
                      "Original Hash Buckets": 1048576,
                      "Hash Batches": 1,
                      "Original Hash Batches": 1,
                      "Peak Memory Usage": 13824,
                      "Plans": [
                        {
                          "Node Type": "Hash Join",
                          "Parent Relationship": "Outer",
                          "Parallel Aware": true,
                          "Join Type": "Inner",
                          "Startup Cost": 48400.4,
                          "Total Cost": 92529.99,
                          "Plan Rows": 201975,
                          "Plan Width": 8,
                          "Actual Startup Time": 152.157,
                          "Actual Total Time": 260.681,
                          "Actual Rows": 20214,
                          "Actual Loops": 7,
                          "Inner Unique": true,
                          "Hash Cond": "(mk.movie_id = t.id)",
                          "Plans": [
                            {
                              "Node Type": "Seq Scan",
                              "Parent Relationship": "Outer",
                              "Parallel Aware": true,
                              "Relation Name": "movie_keyword",
                              "Alias": "mk",
                              "Startup Cost": 0.0,
                              "Total Cost": 42695.65,
                              "Plan Rows": 546261,
                              "Plan Width": 4,
                              "Actual Startup Time": 0.037,
                              "Actual Total Time": 67.977,
                              "Actual Rows": 244811,
                              "Actual Loops": 7,
                              "Filter": "(keyword_id < 2731)",
                              "Rows Removed by Filter": 401465
                            },
                            {
                              "Node Type": "Hash",
                              "Parent Relationship": "Inner",
                              "Parallel Aware": true,
                              "Startup Cost": 45479.1,
                              "Total Cost": 45479.1,
                              "Plan Rows": 233704,
                              "Plan Width": 4,
                              "Actual Startup Time": 150.436,
                              "Actual Total Time": 150.437,
                              "Actual Rows": 146315,
                              "Actual Loops": 7,
                              "Hash Buckets": 1048576,
                              "Original Hash Buckets": 1048576,
                              "Hash Batches": 1,
                              "Original Hash Batches": 1,
                              "Peak Memory Usage": 48384,
                              "Plans": [
                                {
                                  "Node Type": "Seq Scan",
                                  "Parent Relationship": "Outer",
                                  "Parallel Aware": true,
                                  "Relation Name": "title",
                                  "Alias": "t",
                                  "Startup Cost": 0.0,
                                  "Total Cost": 45479.1,
                                  "Plan Rows": 233704,
                                  "Plan Width": 4,
                                  "Actual Startup Time": 0.048,
                                  "Actual Total Time": 80.649,
                                  "Actual Rows": 146315,
                                  "Actual Loops": 7,
                                  "Filter": "((production_year > 1997) AND (kind_id = 7))",
                                  "Rows Removed by Filter": 214872
                                }
                              ]
                            }
                          ]
                        }
                      ]
                    }
                  ]
                }
              ]
            }
          ]
        }
      ]
    },
    "Planning Time": 1.322,
    "Triggers": [],
    "Execution Time": 1636.287
  }
]