[
  {
    "Plan": {
      "Node Type": "Aggregate",
      "Strategy": "Plain",
      "Partial Mode": "Finalize",
      "Parallel Aware": false,
      "Startup Cost": 247176.12,
      "Total Cost": 247176.13,
      "Plan Rows": 1,
      "Plan Width": 8,
      "Actual Startup Time": 428.824,
      "Actual Total Time": 471.962,
      "Actual Rows": 1,
      "Actual Loops": 1,
      "Plans": [
        {
          "Node Type": "Gather",
          "Parent Relationship": "Outer",
          "Parallel Aware": false,
          "Startup Cost": 247175.59,
          "Total Cost": 247176.1,
          "Plan Rows": 5,
          "Plan Width": 8,
          "Actual Startup Time": 428.46,
          "Actual Total Time": 471.952,
          "Actual Rows": 6,
          "Actual Loops": 1,
          "Workers Planned": 5,
          "Workers Launched": 5,
          "Single Copy": false,
          "Plans": [
            {
              "Node Type": "Aggregate",
              "Strategy": "Plain",
              "Partial Mode": "Partial",
              "Parent Relationship": "Outer",
              "Parallel Aware": false,
              "Startup Cost": 246175.59,
              "Total Cost": 246175.6,
              "Plan Rows": 1,
              "Plan Width": 8,
              "Actual Startup Time": 418.128,
              "Actual Total Time": 418.144,
              "Actual Rows": 1,
              "Actual Loops": 6,
              "Plans": [
                {
                  "Node Type": "Hash Join",
                  "Parent Relationship": "Outer",
                  "Parallel Aware": true,
                  "Join Type": "Inner",
                  "Startup Cost": 45629.34,
                  "Total Cost": 246147.24,
                  "Plan Rows": 11342,
                  "Plan Width": 0,
                  "Actual Startup Time": 150.357,
                  "Actual Total Time": 417.633,
                  "Actual Rows": 9748,
                  "Actual Loops": 6,
                  "Inner Unique": true,
                  "Hash Cond": "(mi.movie_id = t.id)",
                  "Plans": [
                    {
                      "Node Type": "Seq Scan",
                      "Parent Relationship": "Outer",
                      "Parallel Aware": true,
                      "Relation Name": "movie_info",
                      "Alias": "mi",
                      "Startup Cost": 0.0,
                      "Total Cost": 198952.16,
                      "Plan Rows": 596472,
                      "Plan Width": 4,
                      "Actual Startup Time": 67.3,
                      "Actual Total Time": 287.091,
                      "Actual Rows": 506120,
                      "Actual Loops": 6,
                      "Filter": "(info_type_id = 16)",
                      "Rows Removed by Filter": 1966500
                    },
                    {
                      "Node Type": "Hash",
                      "Parent Relationship": "Inner",
                      "Parallel Aware": true,
                      "Startup Cost": 45479.1,
                      "Total Cost": 45479.1,
                      "Plan Rows": 12019,
                      "Plan Width": 4,
                      "Actual Startup Time": 81.814,
                      "Actual Total Time": 81.814,
                      "Actual Rows": 7127,
                      "Actual Loops": 6,
                      "Hash Buckets": 65536,
                      "Original Hash Buckets": 65536,
                      "Hash Batches": 1,
                      "Original Hash Batches": 1,
                      "Peak Memory Usage": 2272,
                      "Plans": [
                        {
                          "Node Type": "Seq Scan",
                          "Parent Relationship": "Outer",
                          "Parallel Aware": true,
                          "Relation Name": "title",
                          "Alias": "t",
                          "Startup Cost": 0.0,
                          "Total Cost": 45479.1,
                          "Plan Rows": 12019,
                          "Plan Width": 4,
                          "Actual Startup Time": 0.157,
                          "Actual Total Time": 78.72,
                          "Actual Rows": 7127,
                          "Actual Loops": 6,
                          "Filter": "((kind_id < 3) AND (production_year = 2011))",
                          "Rows Removed by Filter": 414258
                        }
                      ]
                    }
                  ]
                }
              ]
            }
          ]
        }
      ]
    },
    "Planning Time": 0.594,
    "Triggers": [],
    "Execution Time": 472.04
  }
]