[
  {
    "Plan": {
      "Node Type": "Aggregate",
      "Strategy": "Plain",
      "Partial Mode": "Finalize",
      "Parallel Aware": false,
      "Startup Cost": 317404.94,
      "Total Cost": 317404.95,
      "Plan Rows": 1,
      "Plan Width": 8,
      "Actual Startup Time": 4626.399,
      "Actual Total Time": 4721.89,
      "Actual Rows": 1,
      "Actual Loops": 1,
      "Plans": [
        {
          "Node Type": "Gather",
          "Parent Relationship": "Outer",
          "Parallel Aware": false,
          "Startup Cost": 317404.62,
          "Total Cost": 317404.93,
          "Plan Rows": 3,
          "Plan Width": 8,
          "Actual Startup Time": 4618.041,
          "Actual Total Time": 4721.873,
          "Actual Rows": 4,
          "Actual Loops": 1,
          "Workers Planned": 3,
          "Workers Launched": 3,
          "Single Copy": false,
          "Plans": [
            {
              "Node Type": "Aggregate",
              "Strategy": "Plain",
              "Partial Mode": "Partial",
              "Parent Relationship": "Outer",
              "Parallel Aware": false,
              "Startup Cost": 316404.62,
              "Total Cost": 316404.63,
              "Plan Rows": 1,
              "Plan Width": 8,
              "Actual Startup Time": 4599.312,
              "Actual Total Time": 4599.333,
              "Actual Rows": 1,
              "Actual Loops": 4,
              "Plans": [
                {
                  "Node Type": "Nested Loop",
                  "Parent Relationship": "Outer",
                  "Parallel Aware": false,
                  "Join Type": "Inner",
                  "Startup Cost": 51287.71,
                  "Total Cost": 312620.7,
                  "Plan Rows": 1513568,
                  "Plan Width": 0,
                  "Actual Startup Time": 394.738,
                  "Actual Total Time": 4375.619,
                  "Actual Rows": 4344525,
                  "Actual Loops": 4,
                  "Inner Unique": false,
                  "Plans": [
                    {
                      "Node Type": "Hash Join",
                      "Parent Relationship": "Outer",
                      "Parallel Aware": true,
                      "Join Type": "Inner",
                      "Startup Cost": 51287.15,
                      "Total Cost": 82998.33,
                      "Plan Rows": 105566,
                      "Plan Width": 8,
                      "Actual Startup Time": 394.63,
                      "Actual Total Time": 565.933,
                      "Actual Rows": 125530,
                      "Actual Loops": 4,
                      "Inner Unique": true,
                      "Hash Cond": "(mc.movie_id = t.id)",
                      "Plans": [
                        {
                          "Node Type": "Seq Scan",
                          "Parent Relationship": "Outer",
                          "Parallel Aware": true,
                          "Relation Name": "movie_companies",
                          "Alias": "mc",
                          "Startup Cost": 0.0,
                          "Total Cost": 31414.82,
                          "Plan Rows": 112903,
                          "Plan Width": 4,
                          "Actual Startup Time": 0.011,
                          "Actual Total Time": 76.241,
                          "Actual Rows": 126316,
                          "Actual Loops": 4,
                          "Filter": "((company_id < 1375) AND (company_type_id = 1))",
                          "Rows Removed by Filter": 525966
                        },
                        {
                          "Node Type": "Hash",
                          "Parent Relationship": "Inner",
                          "Parallel Aware": true,
                          "Startup Cost": 43899.32,
                          "Total Cost": 43899.32,
                          "Plan Rows": 591026,
                          "Plan Width": 4,
                          "Actual Startup Time": 383.019,
                          "Actual Total Time": 383.021,
                          "Actual Rows": 590063,
                          "Actual Loops": 4,
                          "Hash Buckets": 4194304,
                          "Original Hash Buckets": 4194304,
                          "Hash Batches": 1,
                          "Original Hash Batches": 1,
                          "Peak Memory Usage": 125184,
                          "Plans": [
                            {
                              "Node Type": "Seq Scan",
                              "Parent Relationship": "Outer",
                              "Parallel Aware": true,
                              "Relation Name": "title",
                              "Alias": "t",
                              "Startup Cost": 0.0,
                              "Total Cost": 43899.32,
                              "Plan Rows": 591026,
                              "Plan Width": 4,
                              "Actual Startup Time": 0.054,
                              "Actual Total Time": 128.475,
                              "Actual Rows": 590063,
                              "Actual Loops": 4,
                              "Filter": "(production_year > 1922)",
                              "Rows Removed by Filter": 42015
                            }
                          ]
                        }
                      ]
                    },
                    {
                      "Node Type": "Index Only Scan",
                      "Parent Relationship": "Inner",
                      "Parallel Aware": false,
                      "Scan Direction": "Forward",
                      "Index Name": "movie_id_cast_info",
                      "Relation Name": "cast_info",
                      "Alias": "ci",
                      "Startup Cost": 0.56,
                      "Total Cost": 1.83,
                      "Plan Rows": 35,
                      "Plan Width": 4,
                      "Actual Startup Time": 0.004,
                      "Actual Total Time": 0.027,
                      "Actual Rows": 35,
                      "Actual Loops": 502121,
                      "Index Cond": "(movie_id = t.id)",
                      "Rows Removed by Index Recheck": 0,
                      "Heap Fetches": 17378100
                    }
                  ]
                }
              ]
            }
          ]
        }
      ]
    },
    "Planning Time": 1.259,
    "Triggers": [],
    "Execution Time": 4721.983
  }
]