{
  "Plan": {
    "Node Type": "Aggregate",
    "Strategy": "Plain",
    "Partial Mode": "Finalize",
    "Parallel Aware": false,
    "Startup Cost": 128933.11,
    "Total Cost": 128933.12,
    "Plan Rows": 1,
    "Plan Width": 8,
    "Actual Startup Time": 661.332,
    "Actual Total Time": 674.537,
    "Actual Rows": 1,
    "Actual Loops": 1,
    "Plans": [
      {
        "Node Type": "Gather",
        "Parent Relationship": "Outer",
        "Parallel Aware": false,
        "Startup Cost": 128933.0,
        "Total Cost": 128933.11,
        "Plan Rows": 1,
        "Plan Width": 8,
        "Actual Startup Time": 658.414,
        "Actual Total Time": 674.528,
        "Actual Rows": 2,
        "Actual Loops": 1,
        "Workers Planned": 1,
        "Workers Launched": 1,
        "Single Copy": false,
        "Plans": [
          {
            "Node Type": "Aggregate",
            "Strategy": "Plain",
            "Partial Mode": "Partial",
            "Parent Relationship": "Outer",
            "Parallel Aware": false,
            "Startup Cost": 127933.0,
            "Total Cost": 127933.01,
            "Plan Rows": 1,
            "Plan Width": 8,
            "Actual Startup Time": 652.645,
            "Actual Total Time": 652.968,
            "Actual Rows": 1,
            "Actual Loops": 2,
            "Plans": [
              {
                "Node Type": "Hash Join",
                "Parent Relationship": "Outer",
                "Parallel Aware": true,
                "Join Type": "Inner",
                "Startup Cost": 84779.7,
                "Total Cost": 127810.38,
                "Plan Rows": 49048,
                "Plan Width": 0,
                "Actual Startup Time": 544.355,
                "Actual Total Time": 648.017,
                "Actual Rows": 115164,
                "Actual Loops": 2,
                "Inner Unique": false,
                "Hash Cond": "(mc.movie_id = t.id)",
                "Plans": [
                  {
                    "Node Type": "Index Scan",
                    "Parent Relationship": "Outer",
                    "Parallel Aware": true,
                    "Scan Direction": "Forward",
                    "Index Name": "company_type_id_movie_companies",
                    "Relation Name": "movie_companies",
                    "Alias": "mc",
                    "Startup Cost": 0.43,
                    "Total Cost": 41574.35,
                    "Plan Rows": 311532,
                    "Plan Width": 4,
                    "Actual Startup Time": 27.71,
                    "Actual Total Time": 93.682,
                    "Actual Rows": 119294,
                    "Actual Loops": 2,
                    "Index Cond": "(company_type_id < 2)",
                    "Rows Removed by Index Recheck": 0,
                    "Filter": "(company_id > 14321)",
                    "Rows Removed by Filter": 517830
                  },
                  {
                    "Node Type": "Hash",
                    "Parent Relationship": "Inner",
                    "Parallel Aware": true,
                    "Startup Cost": 81852.41,
                    "Total Cost": 81852.41,
                    "Plan Rows": 234149,
                    "Plan Width": 8,
                    "Actual Startup Time": 511.251,
                    "Actual Total Time": 511.572,
                    "Actual Rows": 328134,
                    "Actual Loops": 2,
                    "Hash Buckets": 1048576,
                    "Original Hash Buckets": 524288,
                    "Hash Batches": 1,
                    "Original Hash Batches": 1,
                    "Peak Memory Usage": 37984,
                    "Plans": [
                      {
                        "Node Type": "Hash Join",
                        "Parent Relationship": "Outer",
                        "Parallel Aware": true,
                        "Join Type": "Inner",
                        "Startup Cost": 63668.62,
                        "Total Cost": 81852.41,
                        "Plan Rows": 234149,
                        "Plan Width": 8,
                        "Actual Startup Time": 253.998,
                        "Actual Total Time": 429.973,
                        "Actual Rows": 328134,
                        "Actual Loops": 2,
                        "Inner Unique": true,
                        "Hash Cond": "(mi_idx.movie_id = t.id)",
                        "Plans": [
                          {
                            "Node Type": "Seq Scan",
                            "Parent Relationship": "Outer",
                            "Parallel Aware": true,
                            "Relation Name": "movie_info_idx",
                            "Alias": "mi_idx",
                            "Startup Cost": 0.0,
                            "Total Cost": 16052.85,
                            "Plan Rows": 811785,
                            "Plan Width": 4,
                            "Actual Startup Time": 0.017,
                            "Actual Total Time": 49.201,
                            "Actual Rows": 690018,
                            "Actual Loops": 2
                          },
                          {
                            "Node Type": "Hash",
                            "Parent Relationship": "Inner",
                            "Parallel Aware": true,
                            "Startup Cost": 58306.47,
                            "Total Cost": 58306.47,
                            "Plan Rows": 428972,
                            "Plan Width": 4,
                            "Actual Startup Time": 247.768,
                            "Actual Total Time": 247.769,
                            "Actual Rows": 314066,
                            "Actual Loops": 2,
                            "Hash Buckets": 1048576,
                            "Original Hash Buckets": 1048576,
                            "Hash Batches": 1,
                            "Original Hash Batches": 1,
                            "Peak Memory Usage": 32800,
                            "Plans": [
                              {
                                "Node Type": "Seq Scan",
                                "Parent Relationship": "Outer",
                                "Parallel Aware": true,
                                "Relation Name": "title",
                                "Alias": "t",
                                "Startup Cost": 0.0,
                                "Total Cost": 58306.47,
                                "Plan Rows": 428972,
                                "Plan Width": 4,
                                "Actual Startup Time": 0.042,
                                "Actual Total Time": 151.621,
                                "Actual Rows": 314066,
                                "Actual Loops": 2,
                                "Filter": "((kind_id < 7) AND (production_year > 1985))",
                                "Rows Removed by Filter": 950090
                              }
                            ]
                          }
                        ]
                      }
                    ]
                  }
                ]
              }
            ]
          }
        ]
      }
    ]
  },
  "Planning Time": 0.972,
  "Triggers": [],
  "Execution Time": 674.625
}