{
  "Plan": {
    "Node Type": "Aggregate",
    "Strategy": "Plain",
    "Partial Mode": "Finalize",
    "Parallel Aware": false,
    "Startup Cost": 615725.89,
    "Total Cost": 615725.9,
    "Plan Rows": 1,
    "Plan Width": 96,
    "Actual Startup Time": 8483.8,
    "Actual Total Time": 8633.46,
    "Actual Rows": 1,
    "Actual Loops": 1,
    "Plans": [
      {
        "Node Type": "Gather",
        "Parent Relationship": "Outer",
        "Parallel Aware": false,
        "Startup Cost": 615725.77,
        "Total Cost": 615725.88,
        "Plan Rows": 1,
        "Plan Width": 96,
        "Actual Startup Time": 8477.119,
        "Actual Total Time": 8633.448,
        "Actual Rows": 2,
        "Actual Loops": 1,
        "Workers Planned": 1,
        "Workers Launched": 1,
        "Single Copy": false,
        "Plans": [
          {
            "Node Type": "Aggregate",
            "Strategy": "Plain",
            "Partial Mode": "Partial",
            "Parent Relationship": "Outer",
            "Parallel Aware": false,
            "Startup Cost": 614725.77,
            "Total Cost": 614725.78,
            "Plan Rows": 1,
            "Plan Width": 96,
            "Actual Startup Time": 8467.78,
            "Actual Total Time": 8467.788,
            "Actual Rows": 1,
            "Actual Loops": 2,
            "Plans": [
              {
                "Node Type": "Hash Join",
                "Parent Relationship": "Outer",
                "Parallel Aware": false,
                "Join Type": "Inner",
                "Startup Cost": 178898.9,
                "Total Cost": 614725.74,
                "Plan Rows": 4,
                "Plan Width": 66,
                "Actual Startup Time": 2721.883,
                "Actual Total Time": 8437.851,
                "Actual Rows": 169796,
                "Actual Loops": 2,
                "Inner Unique": true,
                "Hash Cond": "(mi_idx.info_type_id = it2.id)",
                "Plans": [
                  {
                    "Node Type": "Nested Loop",
                    "Parent Relationship": "Outer",
                    "Parallel Aware": false,
                    "Join Type": "Inner",
                    "Startup Cost": 178896.47,
                    "Total Cost": 614722.23,
                    "Plan Rows": 397,
                    "Plan Width": 70,
                    "Actual Startup Time": 2721.385,
                    "Actual Total Time": 8376.508,
                    "Actual Rows": 511166,
                    "Actual Loops": 2,
                    "Inner Unique": true,
                    "Plans": [
                      {
                        "Node Type": "Hash Join",
                        "Parent Relationship": "Outer",
                        "Parallel Aware": false,
                        "Join Type": "Inner",
                        "Startup Cost": 178896.04,
                        "Total Cost": 614241.54,
                        "Plan Rows": 938,
                        "Plan Width": 74,
                        "Actual Startup Time": 2721.326,
                        "Actual Total Time": 6580.55,
                        "Actual Rows": 773248,
                        "Actual Loops": 2,
                        "Inner Unique": true,
                        "Hash Cond": "(mi.info_type_id = it1.id)",
                        "Plans": [
                          {
                            "Node Type": "Nested Loop",
                            "Parent Relationship": "Outer",
                            "Parallel Aware": false,
                            "Join Type": "Inner",
                            "Startup Cost": 178893.62,
                            "Total Cost": 613950.5,
                            "Plan Rows": 105973,
                            "Plan Width": 78,
                            "Actual Startup Time": 2124.443,
                            "Actual Total Time": 6462.278,
                            "Actual Rows": 807972,
                            "Actual Loops": 2,
                            "Inner Unique": false,
                            "Plans": [
                              {
                                "Node Type": "Hash Join",
                                "Parent Relationship": "Outer",
                                "Parallel Aware": true,
                                "Join Type": "Inner",
                                "Startup Cost": 178893.05,
                                "Total Cost": 494395.11,
                                "Plan Rows": 59241,
                                "Plan Width": 86,
                                "Actual Startup Time": 2121.666,
                                "Actual Total Time": 2763.192,
                                "Actual Rows": 149733,
                                "Actual Loops": 2,
                                "Inner Unique": false,
                                "Hash Cond": "(mi.movie_id = t.id)",
                                "Plans": [
                                  {
                                    "Node Type": "Seq Scan",
                                    "Parent Relationship": "Outer",
                                    "Parallel Aware": true,
                                    "Relation Name": "movie_info",
                                    "Alias": "mi",
                                    "Startup Cost": 0.0,
                                    "Total Cost": 314746.6,
                                    "Plan Rows": 108528,
                                    "Plan Width": 51,
                                    "Actual Startup Time": 634.999,
                                    "Actual Total Time": 1188.345,
                                    "Actual Rows": 93597,
                                    "Actual Loops": 2,
                                    "Filter": "(info = ANY ('{Horror,Sci-Fi,Crime,Western,Action,Family}'::text[]))",
                                    "Rows Removed by Filter": 7324263
                                  },
                                  {
                                    "Node Type": "Hash",
                                    "Parent Relationship": "Inner",
                                    "Parallel Aware": true,
                                    "Startup Cost": 168745.74,
                                    "Total Cost": 168745.74,
                                    "Plan Rows": 811785,
                                    "Plan Width": 35,
                                    "Actual Startup Time": 1471.612,
                                    "Actual Total Time": 1471.614,
                                    "Actual Rows": 690018,
                                    "Actual Loops": 2,
                                    "Hash Buckets": 2097152,
                                    "Original Hash Buckets": 2097152,
                                    "Hash Batches": 1,
                                    "Original Hash Batches": 1,
                                    "Peak Memory Usage": 115168,
                                    "Plans": [
                                      {
                                        "Node Type": "Merge Join",
                                        "Parent Relationship": "Outer",
                                        "Parallel Aware": false,
                                        "Join Type": "Inner",
                                        "Startup Cost": 3.85,
                                        "Total Cost": 168745.74,
                                        "Plan Rows": 811785,
                                        "Plan Width": 35,
                                        "Actual Startup Time": 0.331,
                                        "Actual Total Time": 1219.396,
                                        "Actual Rows": 690018,
                                        "Actual Loops": 2,
                                        "Inner Unique": false,
                                        "Merge Cond": "(t.id = mi_idx.movie_id)",
                                        "Plans": [
                                          {
                                            "Node Type": "Index Scan",
                                            "Parent Relationship": "Outer",
                                            "Parallel Aware": true,
                                            "Scan Direction": "Forward",
                                            "Index Name": "title_pkey",
                                            "Relation Name": "title",
                                            "Alias": "t",
                                            "Startup Cost": 0.43,
                                            "Total Cost": 99945.52,
                                            "Plan Rows": 1487175,
                                            "Plan Width": 21,
                                            "Actual Startup Time": 0.092,
                                            "Actual Total Time": 761.819,
                                            "Actual Rows": 1262898,
                                            "Actual Loops": 2
                                          },
                                          {
                                            "Node Type": "Index Scan",
                                            "Parent Relationship": "Inner",
                                            "Parallel Aware": false,
                                            "Scan Direction": "Forward",
                                            "Index Name": "movie_id_movie_info_idx",
                                            "Relation Name": "movie_info_idx",
                                            "Alias": "mi_idx",
                                            "Startup Cost": 0.43,
                                            "Total Cost": 53614.58,
                                            "Plan Rows": 1380035,
                                            "Plan Width": 14,
                                            "Actual Startup Time": 0.093,
                                            "Actual Total Time": 227.973,
                                            "Actual Rows": 1380035,
                                            "Actual Loops": 2
                                          }
                                        ]
                                      }
                                    ]
                                  }
                                ]
                              },
                              {
                                "Node Type": "Index Scan",
                                "Parent Relationship": "Inner",
                                "Parallel Aware": false,
                                "Scan Direction": "Forward",
                                "Index Name": "movie_id_cast_info",
                                "Relation Name": "cast_info",
                                "Alias": "ci",
                                "Startup Cost": 0.56,
                                "Total Cost": 1.98,
                                "Plan Rows": 4,
                                "Plan Width": 8,
                                "Actual Startup Time": 0.01,
                                "Actual Total Time": 0.024,
                                "Actual Rows": 5,
                                "Actual Loops": 299466,
                                "Index Cond": "(movie_id = t.id)",
                                "Rows Removed by Index Recheck": 0,
                                "Filter": "(note = ANY ('{(writer),\"(executive producer)\",(voice),(uncredited),(producer)}'::text[]))",
                                "Rows Removed by Filter": 31
                              }
                            ]
                          },
                          {
                            "Node Type": "Hash",
                            "Parent Relationship": "Inner",
                            "Parallel Aware": false,
                            "Startup Cost": 2.41,
                            "Total Cost": 2.41,
                            "Plan Rows": 1,
                            "Plan Width": 4,
                            "Actual Startup Time": 0.049,
                            "Actual Total Time": 0.049,
                            "Actual Rows": 1,
                            "Actual Loops": 2,
                            "Hash Buckets": 1024,
                            "Original Hash Buckets": 1024,
                            "Hash Batches": 1,
                            "Original Hash Batches": 1,
                            "Peak Memory Usage": 9,
                            "Plans": [
                              {
                                "Node Type": "Seq Scan",
                                "Parent Relationship": "Outer",
                                "Parallel Aware": false,
                                "Relation Name": "info_type",
                                "Alias": "it1",
                                "Startup Cost": 0.0,
                                "Total Cost": 2.41,
                                "Plan Rows": 1,
                                "Plan Width": 4,
                                "Actual Startup Time": 0.017,
                                "Actual Total Time": 0.037,
                                "Actual Rows": 1,
                                "Actual Loops": 2,
                                "Filter": "((info)::text = 'genres'::text)",
                                "Rows Removed by Filter": 112
                              }
                            ]
                          }
                        ]
                      },
                      {
                        "Node Type": "Index Scan",
                        "Parent Relationship": "Inner",
                        "Parallel Aware": false,
                        "Scan Direction": "Forward",
                        "Index Name": "name_pkey",
                        "Relation Name": "name",
                        "Alias": "n",
                        "Startup Cost": 0.43,
                        "Total Cost": 0.51,
                        "Plan Rows": 1,
                        "Plan Width": 4,
                        "Actual Startup Time": 0.002,
                        "Actual Total Time": 0.002,
                        "Actual Rows": 1,
                        "Actual Loops": 1546497,
                        "Index Cond": "(id = ci.person_id)",
                        "Rows Removed by Index Recheck": 0,
                        "Filter": "((gender)::text = 'm'::text)",
                        "Rows Removed by Filter": 0
                      }
                    ]
                  },
                  {
                    "Node Type": "Hash",
                    "Parent Relationship": "Inner",
                    "Parallel Aware": false,
                    "Startup Cost": 2.41,
                    "Total Cost": 2.41,
                    "Plan Rows": 1,
                    "Plan Width": 4,
                    "Actual Startup Time": 0.081,
                    "Actual Total Time": 0.082,
                    "Actual Rows": 1,
                    "Actual Loops": 2,
                    "Hash Buckets": 1024,
                    "Original Hash Buckets": 1024,
                    "Hash Batches": 1,
                    "Original Hash Batches": 1,
                    "Peak Memory Usage": 9,
                    "Plans": [
                      {
                        "Node Type": "Seq Scan",
                        "Parent Relationship": "Outer",
                        "Parallel Aware": false,
                        "Relation Name": "info_type",
                        "Alias": "it2",
                        "Startup Cost": 0.0,
                        "Total Cost": 2.41,
                        "Plan Rows": 1,
                        "Plan Width": 4,
                        "Actual Startup Time": 0.056,
                        "Actual Total Time": 0.061,
                        "Actual Rows": 1,
                        "Actual Loops": 2,
                        "Filter": "((info)::text = 'votes'::text)",
                        "Rows Removed by Filter": 112
                      }
                    ]
                  }
                ]
              }
            ]
          }
        ]
      }
    ]
  },
  "Planning Time": 2.152,
  "Triggers": [],
  "Execution Time": 8633.725
}