[
  {
    "Plan": {
      "Node Type": "Aggregate",
      "Strategy": "Plain",
      "Partial Mode": "Finalize",
      "Parallel Aware": false,
      "Startup Cost": 31493.79,
      "Total Cost": 31493.8,
      "Plan Rows": 1,
      "Plan Width": 8,
      "Actual Startup Time": 100.084,
      "Actual Total Time": 107.525,
      "Actual Rows": 1,
      "Actual Loops": 1,
      "Plans": [
        {
          "Node Type": "Gather",
          "Parent Relationship": "Outer",
          "Parallel Aware": false,
          "Startup Cost": 31493.47,
          "Total Cost": 31493.78,
          "Plan Rows": 3,
          "Plan Width": 8,
          "Actual Startup Time": 99.989,
          "Actual Total Time": 107.517,
          "Actual Rows": 4,
          "Actual Loops": 1,
          "Workers Planned": 3,
          "Workers Launched": 3,
          "Single Copy": false,
          "Plans": [
            {
              "Node Type": "Aggregate",
              "Strategy": "Plain",
              "Partial Mode": "Partial",
              "Parent Relationship": "Outer",
              "Parallel Aware": false,
              "Startup Cost": 30493.47,
              "Total Cost": 30493.48,
              "Plan Rows": 1,
              "Plan Width": 8,
              "Actual Startup Time": 93.774,
              "Actual Total Time": 93.774,
              "Actual Rows": 1,
              "Actual Loops": 4,
              "Plans": [
                {
                  "Node Type": "Seq Scan",
                  "Parent Relationship": "Outer",
                  "Parallel Aware": true,
                  "Relation Name": "movie_companies",
                  "Alias": "mc",
                  "Startup Cost": 0.0,
                  "Total Cost": 29310.68,
                  "Plan Rows": 473116,
                  "Plan Width": 0,
                  "Actual Startup Time": 0.04,
                  "Actual Total Time": 74.73,
                  "Actual Rows": 366336,
                  "Actual Loops": 4,
                  "Filter": "(company_id < 13224)",
                  "Rows Removed by Filter": 285947
                }
              ]
            }
          ]
        }
      ]
    },
    "Planning Time": 0.12,
    "Triggers": [],
    "Execution Time": 107.562
  }
]