[
  {
    "Plan": {
      "Node Type": "Aggregate",
      "Strategy": "Plain",
      "Partial Mode": "Finalize",
      "Parallel Aware": false,
      "Startup Cost": 30136.09,
      "Total Cost": 30136.1,
      "Plan Rows": 1,
      "Plan Width": 8,
      "Actual Startup Time": 85.907,
      "Actual Total Time": 90.934,
      "Actual Rows": 1,
      "Actual Loops": 1,
      "Plans": [
        {
          "Node Type": "Gather",
          "Parent Relationship": "Outer",
          "Parallel Aware": false,
          "Startup Cost": 30135.77,
          "Total Cost": 30136.08,
          "Plan Rows": 3,
          "Plan Width": 8,
          "Actual Startup Time": 85.675,
          "Actual Total Time": 90.928,
          "Actual Rows": 4,
          "Actual Loops": 1,
          "Workers Planned": 3,
          "Workers Launched": 3,
          "Single Copy": false,
          "Plans": [
            {
              "Node Type": "Aggregate",
              "Strategy": "Plain",
              "Partial Mode": "Partial",
              "Parent Relationship": "Outer",
              "Parallel Aware": false,
              "Startup Cost": 29135.77,
              "Total Cost": 29135.78,
              "Plan Rows": 1,
              "Plan Width": 8,
              "Actual Startup Time": 77.744,
              "Actual Total Time": 77.745,
              "Actual Rows": 1,
              "Actual Loops": 4,
              "Plans": [
                {
                  "Node Type": "Bitmap Heap Scan",
                  "Parent Relationship": "Outer",
                  "Parallel Aware": true,
                  "Relation Name": "movie_keyword",
                  "Alias": "mk",
                  "Startup Cost": 3812.58,
                  "Total Cost": 28990.9,
                  "Plan Rows": 57946,
                  "Plan Width": 0,
                  "Actual Startup Time": 25.915,
                  "Actual Total Time": 74.729,
                  "Actual Rows": 43752,
                  "Actual Loops": 4,
                  "Recheck Cond": "(keyword_id > 71897)",
                  "Rows Removed by Index Recheck": 0,
                  "Exact Heap Blocks": 10807,
                  "Lossy Heap Blocks": 0,
                  "Plans": [
                    {
                      "Node Type": "Bitmap Index Scan",
                      "Parent Relationship": "Outer",
                      "Parallel Aware": false,
                      "Index Name": "keyword_id_movie_keyword",
                      "Startup Cost": 0.0,
                      "Total Cost": 3767.67,
                      "Plan Rows": 179632,
                      "Plan Width": 0,
                      "Actual Startup Time": 28.532,
                      "Actual Total Time": 28.533,
                      "Actual Rows": 175008,
                      "Actual Loops": 1,
                      "Index Cond": "(keyword_id > 71897)"
                    }
                  ]
                }
              ]
            }
          ]
        }
      ]
    },
    "Planning Time": 0.136,
    "Triggers": [],
    "Execution Time": 90.992
  }
]