{
  "Plan": {
    "Node Type": "Aggregate",
    "Strategy": "Plain",
    "Partial Mode": "Finalize",
    "Parallel Aware": false,
    "Startup Cost": 122586.61,
    "Total Cost": 122586.62,
    "Plan Rows": 1,
    "Plan Width": 8,
    "Actual Startup Time": 610.957,
    "Actual Total Time": 631.022,
    "Actual Rows": 1,
    "Actual Loops": 1,
    "Plans": [
      {
        "Node Type": "Gather",
        "Parent Relationship": "Outer",
        "Parallel Aware": false,
        "Startup Cost": 122586.5,
        "Total Cost": 122586.61,
        "Plan Rows": 1,
        "Plan Width": 8,
        "Actual Startup Time": 609.561,
        "Actual Total Time": 631.012,
        "Actual Rows": 2,
        "Actual Loops": 1,
        "Workers Planned": 1,
        "Workers Launched": 1,
        "Single Copy": false,
        "Plans": [
          {
            "Node Type": "Aggregate",
            "Strategy": "Plain",
            "Partial Mode": "Partial",
            "Parent Relationship": "Outer",
            "Parallel Aware": false,
            "Startup Cost": 121586.5,
            "Total Cost": 121586.51,
            "Plan Rows": 1,
            "Plan Width": 8,
            "Actual Startup Time": 603.906,
            "Actual Total Time": 603.909,
            "Actual Rows": 1,
            "Actual Loops": 2,
            "Plans": [
              {
                "Node Type": "Hash Join",
                "Parent Relationship": "Outer",
                "Parallel Aware": true,
                "Join Type": "Inner",
                "Startup Cost": 60260.74,
                "Total Cost": 121258.19,
                "Plan Rows": 131324,
                "Plan Width": 0,
                "Actual Startup Time": 225.093,
                "Actual Total Time": 586.771,
                "Actual Rows": 356303,
                "Actual Loops": 2,
                "Inner Unique": true,
                "Hash Cond": "(mk.movie_id = t.id)",
                "Plans": [
                  {
                    "Node Type": "Seq Scan",
                    "Parent Relationship": "Outer",
                    "Parallel Aware": true,
                    "Relation Name": "movie_keyword",
                    "Alias": "mk",
                    "Startup Cost": 0.0,
                    "Total Cost": 57718.19,
                    "Plan Rows": 1249241,
                    "Plan Width": 4,
                    "Actual Startup Time": 0.016,
                    "Actual Total Time": 219.2,
                    "Actual Rows": 1062440,
                    "Actual Loops": 2,
                    "Filter": "(keyword_id < 3919)",
                    "Rows Removed by Filter": 1199526
                  },
                  {
                    "Node Type": "Hash",
                    "Parent Relationship": "Inner",
                    "Parallel Aware": true,
                    "Startup Cost": 58306.47,
                    "Total Cost": 58306.47,
                    "Plan Rows": 156342,
                    "Plan Width": 4,
                    "Actual Startup Time": 219.147,
                    "Actual Total Time": 219.148,
                    "Actual Rows": 191306,
                    "Actual Loops": 2,
                    "Hash Buckets": 524288,
                    "Original Hash Buckets": 524288,
                    "Hash Batches": 1,
                    "Original Hash Batches": 1,
                    "Peak Memory Usage": 19104,
                    "Plans": [
                      {
                        "Node Type": "Seq Scan",
                        "Parent Relationship": "Outer",
                        "Parallel Aware": true,
                        "Relation Name": "title",
                        "Alias": "t",
                        "Startup Cost": 0.0,
                        "Total Cost": 58306.47,
                        "Plan Rows": 156342,
                        "Plan Width": 4,
                        "Actual Startup Time": 0.05,
                        "Actual Total Time": 169.756,
                        "Actual Rows": 191306,
                        "Actual Loops": 2,
                        "Filter": "((kind_id < 7) AND (production_year < 1990))",
                        "Rows Removed by Filter": 1072850
                      }
                    ]
                  }
                ]
              }
            ]
          }
        ]
      }
    ]
  },
  "Planning Time": 0.494,
  "Triggers": [],
  "Execution Time": 631.094
}