{
  "Plan": {
    "Node Type": "Aggregate",
    "Strategy": "Plain",
    "Partial Mode": "Finalize",
    "Parallel Aware": false,
    "Startup Cost": 621571.83,
    "Total Cost": 621571.84,
    "Plan Rows": 1,
    "Plan Width": 8,
    "Actual Startup Time": 3043.347,
    "Actual Total Time": 3111.756,
    "Actual Rows": 1,
    "Actual Loops": 1,
    "Plans": [
      {
        "Node Type": "Gather",
        "Parent Relationship": "Outer",
        "Parallel Aware": false,
        "Startup Cost": 621571.72,
        "Total Cost": 621571.83,
        "Plan Rows": 1,
        "Plan Width": 8,
        "Actual Startup Time": 3042.881,
        "Actual Total Time": 3111.749,
        "Actual Rows": 2,
        "Actual Loops": 1,
        "Workers Planned": 1,
        "Workers Launched": 1,
        "Single Copy": false,
        "Plans": [
          {
            "Node Type": "Aggregate",
            "Strategy": "Plain",
            "Partial Mode": "Partial",
            "Parent Relationship": "Outer",
            "Parallel Aware": false,
            "Startup Cost": 620571.72,
            "Total Cost": 620571.73,
            "Plan Rows": 1,
            "Plan Width": 8,
            "Actual Startup Time": 3037.195,
            "Actual Total Time": 3037.198,
            "Actual Rows": 1,
            "Actual Loops": 2,
            "Plans": [
              {
                "Node Type": "Hash Join",
                "Parent Relationship": "Outer",
                "Parallel Aware": true,
                "Join Type": "Inner",
                "Startup Cost": 59893.78,
                "Total Cost": 617442.68,
                "Plan Rows": 1251618,
                "Plan Width": 0,
                "Actual Startup Time": 417.437,
                "Actual Total Time": 3021.724,
                "Actual Rows": 354012,
                "Actual Loops": 2,
                "Inner Unique": true,
                "Hash Cond": "(ci.movie_id = t.id)",
                "Plans": [
                  {
                    "Node Type": "Seq Scan",
                    "Parent Relationship": "Outer",
                    "Parallel Aware": true,
                    "Relation Name": "cast_info",
                    "Alias": "ci",
                    "Startup Cost": 0.0,
                    "Total Cost": 519069.44,
                    "Plan Rows": 14658815,
                    "Plan Width": 4,
                    "Actual Startup Time": 259.327,
                    "Actual Total Time": 1537.353,
                    "Actual Rows": 12465792,
                    "Actual Loops": 2,
                    "Filter": "(person_id > 1110984)",
                    "Rows Removed by Filter": 5656380
                  },
                  {
                    "Node Type": "Hash",
                    "Parent Relationship": "Inner",
                    "Parallel Aware": true,
                    "Startup Cost": 58306.47,
                    "Total Cost": 58306.47,
                    "Plan Rows": 126985,
                    "Plan Width": 4,
                    "Actual Startup Time": 154.404,
                    "Actual Total Time": 154.405,
                    "Actual Rows": 60394,
                    "Actual Loops": 2,
                    "Hash Buckets": 262144,
                    "Original Hash Buckets": 262144,
                    "Hash Batches": 1,
                    "Original Hash Batches": 1,
                    "Peak Memory Usage": 6816,
                    "Plans": [
                      {
                        "Node Type": "Seq Scan",
                        "Parent Relationship": "Outer",
                        "Parallel Aware": true,
                        "Relation Name": "title",
                        "Alias": "t",
                        "Startup Cost": 0.0,
                        "Total Cost": 58306.47,
                        "Plan Rows": 126985,
                        "Plan Width": 4,
                        "Actual Startup Time": 0.035,
                        "Actual Total Time": 137.92,
                        "Actual Rows": 60394,
                        "Actual Loops": 2,
                        "Filter": "((production_year < 1970) AND (kind_id = 7))",
                        "Rows Removed by Filter": 1203762
                      }
                    ]
                  }
                ]
              }
            ]
          }
        ]
      }
    ]
  },
  "Planning Time": 0.475,
  "Triggers": [],
  "Execution Time": 3111.843
}