[
  {
    "Plan": {
      "Node Type": "Aggregate",
      "Strategy": "Plain",
      "Partial Mode": "Finalize",
      "Parallel Aware": false,
      "Startup Cost": 316677.73,
      "Total Cost": 316677.74,
      "Plan Rows": 1,
      "Plan Width": 8,
      "Actual Startup Time": 295.026,
      "Actual Total Time": 305.672,
      "Actual Rows": 1,
      "Actual Loops": 1,
      "Plans": [
        {
          "Node Type": "Gather",
          "Parent Relationship": "Outer",
          "Parallel Aware": false,
          "Startup Cost": 316677.1,
          "Total Cost": 316677.71,
          "Plan Rows": 6,
          "Plan Width": 8,
          "Actual Startup Time": 294.453,
          "Actual Total Time": 305.663,
          "Actual Rows": 7,
          "Actual Loops": 1,
          "Workers Planned": 6,
          "Workers Launched": 6,
          "Single Copy": false,
          "Plans": [
            {
              "Node Type": "Aggregate",
              "Strategy": "Plain",
              "Partial Mode": "Partial",
              "Parent Relationship": "Outer",
              "Parallel Aware": false,
              "Startup Cost": 315677.1,
              "Total Cost": 315677.11,
              "Plan Rows": 1,
              "Plan Width": 8,
              "Actual Startup Time": 283.487,
              "Actual Total Time": 283.488,
              "Actual Rows": 1,
              "Actual Loops": 7,
              "Plans": [
                {
                  "Node Type": "Bitmap Heap Scan",
                  "Parent Relationship": "Outer",
                  "Parallel Aware": true,
                  "Relation Name": "cast_info",
                  "Alias": "ci",
                  "Startup Cost": 56211.97,
                  "Total Cost": 315309.19,
                  "Plan Rows": 147164,
                  "Plan Width": 0,
                  "Actual Startup Time": 156.82,
                  "Actual Total Time": 267.128,
                  "Actual Rows": 266900,
                  "Actual Loops": 7,
                  "Recheck Cond": "(person_id < 250764)",
                  "Rows Removed by Index Recheck": 0,
                  "Filter": "(role_id < 2)",
                  "Rows Removed by Filter": 105226,
                  "Exact Heap Blocks": 4686,
                  "Lossy Heap Blocks": 0,
                  "Plans": [
                    {
                      "Node Type": "Bitmap Index Scan",
                      "Parent Relationship": "Outer",
                      "Parallel Aware": false,
                      "Index Name": "person_id_cast_info",
                      "Startup Cost": 0.0,
                      "Total Cost": 55991.23,
                      "Plan Rows": 2564088,
                      "Plan Width": 0,
                      "Actual Startup Time": 160.071,
                      "Actual Total Time": 160.072,
                      "Actual Rows": 2604879,
                      "Actual Loops": 1,
                      "Index Cond": "(person_id < 250764)"
                    }
                  ]
                }
              ]
            }
          ]
        }
      ]
    },
    "Planning Time": 0.232,
    "Triggers": [],
    "Execution Time": 305.75
  }
]