[
  {
    "Plan": {
      "Node Type": "Aggregate",
      "Strategy": "Plain",
      "Partial Mode": "Finalize",
      "Parallel Aware": false,
      "Startup Cost": 444330.53,
      "Total Cost": 444330.54,
      "Plan Rows": 1,
      "Plan Width": 8,
      "Actual Startup Time": 2785.043,
      "Actual Total Time": 2836.391,
      "Actual Rows": 1,
      "Actual Loops": 1,
      "Plans": [
        {
          "Node Type": "Gather",
          "Parent Relationship": "Outer",
          "Parallel Aware": false,
          "Startup Cost": 444329.9,
          "Total Cost": 444330.51,
          "Plan Rows": 6,
          "Plan Width": 8,
          "Actual Startup Time": 2774.208,
          "Actual Total Time": 2836.375,
          "Actual Rows": 7,
          "Actual Loops": 1,
          "Workers Planned": 6,
          "Workers Launched": 6,
          "Single Copy": false,
          "Plans": [
            {
              "Node Type": "Aggregate",
              "Strategy": "Plain",
              "Partial Mode": "Partial",
              "Parent Relationship": "Outer",
              "Parallel Aware": false,
              "Startup Cost": 443329.9,
              "Total Cost": 443329.91,
              "Plan Rows": 1,
              "Plan Width": 8,
              "Actual Startup Time": 2764.046,
              "Actual Total Time": 2764.336,
              "Actual Rows": 1,
              "Actual Loops": 7,
              "Plans": [
                {
                  "Node Type": "Hash Join",
                  "Parent Relationship": "Outer",
                  "Parallel Aware": true,
                  "Join Type": "Inner",
                  "Startup Cost": 86016.01,
                  "Total Cost": 433920.72,
                  "Plan Rows": 3763671,
                  "Plan Width": 0,
                  "Actual Startup Time": 433.013,
                  "Actual Total Time": 2590.955,
                  "Actual Rows": 3905994,
                  "Actual Loops": 7,
                  "Inner Unique": false,
                  "Hash Cond": "(ci.movie_id = t.id)",
                  "Plans": [
                    {
                      "Node Type": "Seq Scan",
                      "Parent Relationship": "Outer",
                      "Parallel Aware": true,
                      "Relation Name": "cast_info",
                      "Alias": "ci",
                      "Startup Cost": 0.0,
                      "Total Cost": 313106.51,
                      "Plan Rows": 6041951,
                      "Plan Width": 4,
                      "Actual Startup Time": 0.041,
                      "Actual Total Time": 547.884,
                      "Actual Rows": 5177763,
                      "Actual Loops": 7
                    },
                    {
                      "Node Type": "Hash",
                      "Parent Relationship": "Inner",
                      "Parallel Aware": true,
                      "Startup Cost": 79665.15,
                      "Total Cost": 79665.15,
                      "Plan Rows": 508069,
                      "Plan Width": 8,
                      "Actual Startup Time": 429.937,
                      "Actual Total Time": 430.227,
                      "Actual Rows": 159969,
                      "Actual Loops": 7,
                      "Hash Buckets": 2097152,
                      "Original Hash Buckets": 2097152,
                      "Hash Batches": 1,
                      "Original Hash Batches": 1,
                      "Peak Memory Usage": 60320,
                      "Plans": [
                        {
                          "Node Type": "Hash Join",
                          "Parent Relationship": "Outer",
                          "Parallel Aware": true,
                          "Join Type": "Inner",
                          "Startup Cost": 50249.26,
                          "Total Cost": 79665.15,
                          "Plan Rows": 508069,
                          "Plan Width": 8,
                          "Actual Startup Time": 207.336,
                          "Actual Total Time": 367.188,
                          "Actual Rows": 159969,
                          "Actual Loops": 7,
                          "Inner Unique": true,
                          "Hash Cond": "(mc.movie_id = t.id)",
                          "Plans": [
                            {
                              "Node Type": "Seq Scan",
                              "Parent Relationship": "Outer",
                              "Parallel Aware": true,
                              "Relation Name": "movie_companies",
                              "Alias": "mc",
                              "Startup Cost": 0.0,
                              "Total Cost": 27206.55,
                              "Plan Rows": 841655,
                              "Plan Width": 4,
                              "Actual Startup Time": 0.019,
                              "Actual Total Time": 42.673,
                              "Actual Rows": 372733,
                              "Actual Loops": 7
                            },
                            {
                              "Node Type": "Hash",
                              "Parent Relationship": "Inner",
                              "Parallel Aware": true,
                              "Startup Cost": 45479.59,
                              "Total Cost": 45479.59,
                              "Plan Rows": 381574,
                              "Plan Width": 4,
                              "Actual Startup Time": 205.023,
                              "Actual Total Time": 205.024,
                              "Actual Rows": 215319,
                              "Actual Loops": 7,
                              "Hash Buckets": 2097152,
                              "Original Hash Buckets": 2097152,
                              "Hash Batches": 1,
                              "Original Hash Batches": 1,
                              "Peak Memory Usage": 75488,
                              "Plans": [
                                {
                                  "Node Type": "Seq Scan",
                                  "Parent Relationship": "Outer",
                                  "Parallel Aware": true,
                                  "Relation Name": "title",
                                  "Alias": "t",
                                  "Startup Cost": 0.0,
                                  "Total Cost": 45479.59,
                                  "Plan Rows": 381574,
                                  "Plan Width": 4,
                                  "Actual Startup Time": 0.058,
                                  "Actual Total Time": 86.155,
                                  "Actual Rows": 215319,
                                  "Actual Loops": 7,
                                  "Filter": "((kind_id > 1) AND (production_year < 2011))",
                                  "Rows Removed by Filter": 145868
                                }
                              ]
                            }
                          ]
                        }
                      ]
                    }
                  ]
                }
              ]
            }
          ]
        }
      ]
    },
    "Planning Time": 0.442,
    "Triggers": [],
    "Execution Time": 2836.441
  }
]