[
  {
    "Plan": {
      "Node Type": "Aggregate",
      "Strategy": "Plain",
      "Partial Mode": "Finalize",
      "Parallel Aware": false,
      "Startup Cost": 97262.88,
      "Total Cost": 97262.89,
      "Plan Rows": 1,
      "Plan Width": 8,
      "Actual Startup Time": 723.078,
      "Actual Total Time": 754.919,
      "Actual Rows": 1,
      "Actual Loops": 1,
      "Plans": [
        {
          "Node Type": "Gather",
          "Parent Relationship": "Outer",
          "Parallel Aware": false,
          "Startup Cost": 97262.66,
          "Total Cost": 97262.87,
          "Plan Rows": 2,
          "Plan Width": 8,
          "Actual Startup Time": 717.482,
          "Actual Total Time": 754.906,
          "Actual Rows": 3,
          "Actual Loops": 1,
          "Workers Planned": 2,
          "Workers Launched": 2,
          "Single Copy": false,
          "Plans": [
            {
              "Node Type": "Aggregate",
              "Strategy": "Plain",
              "Partial Mode": "Partial",
              "Parent Relationship": "Outer",
              "Parallel Aware": false,
              "Startup Cost": 96262.66,
              "Total Cost": 96262.67,
              "Plan Rows": 1,
              "Plan Width": 8,
              "Actual Startup Time": 709.102,
              "Actual Total Time": 709.112,
              "Actual Rows": 1,
              "Actual Loops": 3,
              "Plans": [
                {
                  "Node Type": "Hash Join",
                  "Parent Relationship": "Outer",
                  "Parallel Aware": true,
                  "Join Type": "Inner",
                  "Startup Cost": 80233.26,
                  "Total Cost": 96180.6,
                  "Plan Rows": 32827,
                  "Plan Width": 0,
                  "Actual Startup Time": 558.612,
                  "Actual Total Time": 704.686,
                  "Actual Rows": 65098,
                  "Actual Loops": 3,
                  "Inner Unique": false,
                  "Hash Cond": "(mi_idx.movie_id = t.id)",
                  "Plans": [
                    {
                      "Node Type": "Seq Scan",
                      "Parent Relationship": "Outer",
                      "Parallel Aware": true,
                      "Relation Name": "movie_info_idx",
                      "Alias": "mi_idx",
                      "Startup Cost": 0.0,
                      "Total Cost": 13685.15,
                      "Plan Rows": 575015,
                      "Plan Width": 4,
                      "Actual Startup Time": 0.034,
                      "Actual Total Time": 62.463,
                      "Actual Rows": 460012,
                      "Actual Loops": 3
                    },
                    {
                      "Node Type": "Hash",
                      "Parent Relationship": "Inner",
                      "Parallel Aware": true,
                      "Startup Cost": 79651.22,
                      "Total Cost": 79651.22,
                      "Plan Rows": 46563,
                      "Plan Width": 8,
                      "Actual Startup Time": 555.344,
                      "Actual Total Time": 555.351,
                      "Actual Rows": 39946,
                      "Actual Loops": 3,
                      "Hash Buckets": 262144,
                      "Original Hash Buckets": 262144,
                      "Hash Batches": 1,
                      "Original Hash Batches": 1,
                      "Peak Memory Usage": 6784,
                      "Plans": [
                        {
                          "Node Type": "Hash Join",
                          "Parent Relationship": "Outer",
                          "Parallel Aware": true,
                          "Join Type": "Inner",
                          "Startup Cost": 47824.56,
                          "Total Cost": 79651.22,
                          "Plan Rows": 46563,
                          "Plan Width": 8,
                          "Actual Startup Time": 401.998,
                          "Actual Total Time": 530.356,
                          "Actual Rows": 39946,
                          "Actual Loops": 3,
                          "Inner Unique": true,
                          "Hash Cond": "(mc.movie_id = t.id)",
                          "Plans": [
                            {
                              "Node Type": "Seq Scan",
                              "Parent Relationship": "Outer",
                              "Parallel Aware": true,
                              "Relation Name": "movie_companies",
                              "Alias": "mc",
                              "Startup Cost": 0.0,
                              "Total Cost": 31414.82,
                              "Plan Rows": 156891,
                              "Plan Width": 4,
                              "Actual Startup Time": 66.567,
                              "Actual Total Time": 130.137,
                              "Actual Rows": 93197,
                              "Actual Loops": 3,
                              "Filter": "((company_id < 3729) AND (company_type_id > 1))",
                              "Rows Removed by Filter": 776512
                            },
                            {
                              "Node Type": "Hash",
                              "Parent Relationship": "Inner",
                              "Parallel Aware": true,
                              "Startup Cost": 45479.59,
                              "Total Cost": 45479.59,
                              "Plan Rows": 187598,
                              "Plan Width": 4,
                              "Actual Startup Time": 330.177,
                              "Actual Total Time": 330.179,
                              "Actual Rows": 264648,
                              "Actual Loops": 3,
                              "Hash Buckets": 1048576,
                              "Original Hash Buckets": 1048576,
                              "Hash Batches": 1,
                              "Original Hash Batches": 1,
                              "Peak Memory Usage": 39264,
                              "Plans": [
                                {
                                  "Node Type": "Seq Scan",
                                  "Parent Relationship": "Outer",
                                  "Parallel Aware": true,
                                  "Relation Name": "title",
                                  "Alias": "t",
                                  "Startup Cost": 0.0,
                                  "Total Cost": 45479.59,
                                  "Plan Rows": 187598,
                                  "Plan Width": 4,
                                  "Actual Startup Time": 0.061,
                                  "Actual Total Time": 179.762,
                                  "Actual Rows": 264648,
                                  "Actual Loops": 3,
                                  "Filter": "((kind_id < 7) AND (production_year < 2010))",
                                  "Rows Removed by Filter": 578123
                                }
                              ]
                            }
                          ]
                        }
                      ]
                    }
                  ]
                }
              ]
            }
          ]
        }
      ]
    },
    "Planning Time": 1.489,
    "Triggers": [],
    "Execution Time": 755.028
  }
]