[
    {
        "Bao": {
            "Bao prediction": 442.243,
            "Bao recommended hint": "(no hint)"
        }
    },
    {
        "Plan": {
            "Node Type": "Aggregate",
            "Strategy": "Plain",
            "Partial Mode": "Finalize",
            "Parallel Aware": false,
            "Startup Cost": 32863.53,
            "Total Cost": 32863.54,
            "Plan Rows": 1,
            "Plan Width": 8,
            "Actual Startup Time": 112.767,
            "Actual Total Time": 118.813,
            "Actual Rows": 1,
            "Actual Loops": 1,
            "Output": [
                "count(*)"
            ],
            "Plans": [
                {
                    "Node Type": "Gather",
                    "Parent Relationship": "Outer",
                    "Parallel Aware": false,
                    "Startup Cost": 32863.21,
                    "Total Cost": 32863.52,
                    "Plan Rows": 3,
                    "Plan Width": 8,
                    "Actual Startup Time": 112.666,
                    "Actual Total Time": 118.807,
                    "Actual Rows": 4,
                    "Actual Loops": 1,
                    "Output": [
                        "(PARTIAL count(*))"
                    ],
                    "Workers Planned": 3,
                    "Workers Launched": 3,
                    "Single Copy": false,
                    "Plans": [
                        {
                            "Node Type": "Aggregate",
                            "Strategy": "Plain",
                            "Partial Mode": "Partial",
                            "Parent Relationship": "Outer",
                            "Parallel Aware": false,
                            "Startup Cost": 31863.21,
                            "Total Cost": 31863.22,
                            "Plan Rows": 1,
                            "Plan Width": 8,
                            "Actual Startup Time": 104.84,
                            "Actual Total Time": 104.841,
                            "Actual Rows": 1,
                            "Actual Loops": 4,
                            "Output": [
                                "PARTIAL count(*)"
                            ],
                            "Workers": [
                                {
                                    "Worker Number": 0,
                                    "Actual Startup Time": 102.325,
                                    "Actual Total Time": 102.327,
                                    "Actual Rows": 1,
                                    "Actual Loops": 1
                                },
                                {
                                    "Worker Number": 1,
                                    "Actual Startup Time": 102.361,
                                    "Actual Total Time": 102.362,
                                    "Actual Rows": 1,
                                    "Actual Loops": 1
                                },
                                {
                                    "Worker Number": 2,
                                    "Actual Startup Time": 102.654,
                                    "Actual Total Time": 102.655,
                                    "Actual Rows": 1,
                                    "Actual Loops": 1
                                }
                            ],
                            "Plans": [
                                {
                                    "Node Type": "Seq Scan",
                                    "Parent Relationship": "Outer",
                                    "Parallel Aware": true,
                                    "Relation Name": "movie_companies",
                                    "Schema": "public",
                                    "Alias": "mc",
                                    "Startup Cost": 0.0,
                                    "Total Cost": 31414.82,
                                    "Plan Rows": 179357,
                                    "Plan Width": 0,
                                    "Actual Startup Time": 50.414,
                                    "Actual Total Time": 93.138,
                                    "Actual Rows": 212223,
                                    "Actual Loops": 4,
                                    "Output": [
                                        "id",
                                        "movie_id",
                                        "company_id",
                                        "company_type_id",
                                        "note"
                                    ],
                                    "Filter": "((mc.company_id > 14152) AND (mc.company_type_id > 1))",
                                    "Rows Removed by Filter": 440060,
                                    "Workers": [
                                        {
                                            "Worker Number": 0,
                                            "Actual Startup Time": 47.895,
                                            "Actual Total Time": 90.713,
                                            "Actual Rows": 175983,
                                            "Actual Loops": 1
                                        },
                                        {
                                            "Worker Number": 1,
                                            "Actual Startup Time": 47.931,
                                            "Actual Total Time": 90.783,
                                            "Actual Rows": 175621,
                                            "Actual Loops": 1
                                        },
                                        {
                                            "Worker Number": 2,
                                            "Actual Startup Time": 48.239,
                                            "Actual Total Time": 91.243,
                                            "Actual Rows": 172272,
                                            "Actual Loops": 1
                                        }
                                    ]
                                }
                            ]
                        }
                    ]
                }
            ]
        },
        "Planning Time": 981.308,
        "Triggers": [],
        "Execution Time": 118.895
    }
]