[
    {
        "Bao": {
            "Bao prediction": "NaN",
            "Bao recommended hint": "(no hint)"
        }
    },
    {
        "Plan": {
            "Node Type": "Aggregate",
            "Strategy": "Plain",
            "Partial Mode": "Finalize",
            "Parallel Aware": false,
            "Startup Cost": 313099.8,
            "Total Cost": 313099.81,
            "Plan Rows": 1,
            "Plan Width": 8,
            "Actual Startup Time": 1016.054,
            "Actual Total Time": 1055.585,
            "Actual Rows": 1,
            "Actual Loops": 1,
            "Output": [
                "count(*)"
            ],
            "Plans": [
                {
                    "Node Type": "Gather",
                    "Parent Relationship": "Outer",
                    "Parallel Aware": false,
                    "Startup Cost": 313099.18,
                    "Total Cost": 313099.79,
                    "Plan Rows": 6,
                    "Plan Width": 8,
                    "Actual Startup Time": 1014.522,
                    "Actual Total Time": 1055.577,
                    "Actual Rows": 7,
                    "Actual Loops": 1,
                    "Output": [
                        "(PARTIAL count(*))"
                    ],
                    "Workers Planned": 6,
                    "Workers Launched": 6,
                    "Single Copy": false,
                    "Plans": [
                        {
                            "Node Type": "Aggregate",
                            "Strategy": "Plain",
                            "Partial Mode": "Partial",
                            "Parent Relationship": "Outer",
                            "Parallel Aware": false,
                            "Startup Cost": 312099.18,
                            "Total Cost": 312099.19,
                            "Plan Rows": 1,
                            "Plan Width": 8,
                            "Actual Startup Time": 1003.635,
                            "Actual Total Time": 1003.639,
                            "Actual Rows": 1,
                            "Actual Loops": 7,
                            "Output": [
                                "PARTIAL count(*)"
                            ],
                            "Workers": [
                                {
                                    "Worker Number": 0,
                                    "Actual Startup Time": 1001.291,
                                    "Actual Total Time": 1001.295,
                                    "Actual Rows": 1,
                                    "Actual Loops": 1
                                },
                                {
                                    "Worker Number": 1,
                                    "Actual Startup Time": 1001.306,
                                    "Actual Total Time": 1001.311,
                                    "Actual Rows": 1,
                                    "Actual Loops": 1
                                },
                                {
                                    "Worker Number": 2,
                                    "Actual Startup Time": 1001.71,
                                    "Actual Total Time": 1001.713,
                                    "Actual Rows": 1,
                                    "Actual Loops": 1
                                },
                                {
                                    "Worker Number": 3,
                                    "Actual Startup Time": 1001.821,
                                    "Actual Total Time": 1001.824,
                                    "Actual Rows": 1,
                                    "Actual Loops": 1
                                },
                                {
                                    "Worker Number": 4,
                                    "Actual Startup Time": 1002.49,
                                    "Actual Total Time": 1002.494,
                                    "Actual Rows": 1,
                                    "Actual Loops": 1
                                },
                                {
                                    "Worker Number": 5,
                                    "Actual Startup Time": 1002.67,
                                    "Actual Total Time": 1002.673,
                                    "Actual Rows": 1,
                                    "Actual Loops": 1
                                }
                            ],
                            "Plans": [
                                {
                                    "Node Type": "Nested Loop",
                                    "Parent Relationship": "Outer",
                                    "Parallel Aware": false,
                                    "Join Type": "Inner",
                                    "Startup Cost": 38873.62,
                                    "Total Cost": 311527.38,
                                    "Plan Rows": 228720,
                                    "Plan Width": 0,
                                    "Actual Startup Time": 37.228,
                                    "Actual Total Time": 982.294,
                                    "Actual Rows": 366797,
                                    "Actual Loops": 7,
                                    "Inner Unique": false,
                                    "Join Filter": "(t.id = mi.movie_id)",
                                    "Rows Removed by Join Filter": 0,
                                    "Workers": [
                                        {
                                            "Worker Number": 0,
                                            "Actual Startup Time": 35.374,
                                            "Actual Total Time": 977.666,
                                            "Actual Rows": 271330,
                                            "Actual Loops": 1
                                        },
                                        {
                                            "Worker Number": 1,
                                            "Actual Startup Time": 35.041,
                                            "Actual Total Time": 977.579,
                                            "Actual Rows": 272714,
                                            "Actual Loops": 1
                                        },
                                        {
                                            "Worker Number": 2,
                                            "Actual Startup Time": 35.012,
                                            "Actual Total Time": 981.708,
                                            "Actual Rows": 387948,
                                            "Actual Loops": 1
                                        },
                                        {
                                            "Worker Number": 3,
                                            "Actual Startup Time": 35.837,
                                            "Actual Total Time": 982.11,
                                            "Actual Rows": 376507,
                                            "Actual Loops": 1
                                        },
                                        {
                                            "Worker Number": 4,
                                            "Actual Startup Time": 35.891,
                                            "Actual Total Time": 981.997,
                                            "Actual Rows": 398401,
                                            "Actual Loops": 1
                                        },
                                        {
                                            "Worker Number": 5,
                                            "Actual Startup Time": 35.985,
                                            "Actual Total Time": 982.432,
                                            "Actual Rows": 385398,
                                            "Actual Loops": 1
                                        }
                                    ],
                                    "Plans": [
                                        {
                                            "Node Type": "Hash Join",
                                            "Parent Relationship": "Outer",
                                            "Parallel Aware": true,
                                            "Join Type": "Inner",
                                            "Startup Cost": 38873.19,
                                            "Total Cost": 241888.68,
                                            "Plan Rows": 39192,
                                            "Plan Width": 8,
                                            "Actual Startup Time": 37.141,
                                            "Actual Total Time": 399.451,
                                            "Actual Rows": 46157,
                                            "Actual Loops": 7,
                                            "Output": [
                                                "t.id",
                                                "ci.movie_id"
                                            ],
                                            "Inner Unique": true,
                                            "Hash Cond": "(ci.movie_id = t.id)",
                                            "Workers": [
                                                {
                                                    "Worker Number": 0,
                                                    "Actual Startup Time": 35.256,
                                                    "Actual Total Time": 400.594,
                                                    "Actual Rows": 34030,
                                                    "Actual Loops": 1
                                                },
                                                {
                                                    "Worker Number": 1,
                                                    "Actual Startup Time": 34.934,
                                                    "Actual Total Time": 402.597,
                                                    "Actual Rows": 34369,
                                                    "Actual Loops": 1
                                                },
                                                {
                                                    "Worker Number": 2,
                                                    "Actual Startup Time": 34.922,
                                                    "Actual Total Time": 395.387,
                                                    "Actual Rows": 48502,
                                                    "Actual Loops": 1
                                                },
                                                {
                                                    "Worker Number": 3,
                                                    "Actual Startup Time": 35.739,
                                                    "Actual Total Time": 403.692,
                                                    "Actual Rows": 47603,
                                                    "Actual Loops": 1
                                                },
                                                {
                                                    "Worker Number": 4,
                                                    "Actual Startup Time": 35.806,
                                                    "Actual Total Time": 380.393,
                                                    "Actual Rows": 49669,
                                                    "Actual Loops": 1
                                                },
                                                {
                                                    "Worker Number": 5,
                                                    "Actual Startup Time": 35.899,
                                                    "Actual Total Time": 382.864,
                                                    "Actual Rows": 48481,
                                                    "Actual Loops": 1
                                                }
                                            ],
                                            "Plans": [
                                                {
                                                    "Node Type": "Index Scan",
                                                    "Parent Relationship": "Outer",
                                                    "Parallel Aware": true,
                                                    "Scan Direction": "Forward",
                                                    "Index Name": "role_id_cast_info",
                                                    "Relation Name": "cast_info",
                                                    "Schema": "public",
                                                    "Alias": "ci",
                                                    "Startup Cost": 0.56,
                                                    "Total Cost": 200814.65,
                                                    "Plan Rows": 838628,
                                                    "Plan Width": 4,
                                                    "Actual Startup Time": 0.241,
                                                    "Actual Total Time": 211.149,
                                                    "Actual Rows": 836055,
                                                    "Actual Loops": 7,
                                                    "Output": [
                                                        "ci.id",
                                                        "ci.person_id",
                                                        "ci.movie_id",
                                                        "ci.person_role_id",
                                                        "ci.note",
                                                        "ci.nr_order",
                                                        "ci.role_id"
                                                    ],
                                                    "Index Cond": "(ci.role_id = 2)",
                                                    "Rows Removed by Index Recheck": 0,
                                                    "Filter": "(ci.person_id < 2491000)",
                                                    "Rows Removed by Filter": 228512,
                                                    "Workers": [
                                                        {
                                                            "Worker Number": 0,
                                                            "Actual Startup Time": 0.376,
                                                            "Actual Total Time": 219.59,
                                                            "Actual Rows": 622919,
                                                            "Actual Loops": 1
                                                        },
                                                        {
                                                            "Worker Number": 1,
                                                            "Actual Startup Time": 0.335,
                                                            "Actual Total Time": 214.693,
                                                            "Actual Rows": 614648,
                                                            "Actual Loops": 1
                                                        },
                                                        {
                                                            "Worker Number": 2,
                                                            "Actual Startup Time": 0.188,
                                                            "Actual Total Time": 212.228,
                                                            "Actual Rows": 920439,
                                                            "Actual Loops": 1
                                                        },
                                                        {
                                                            "Worker Number": 3,
                                                            "Actual Startup Time": 0.403,
                                                            "Actual Total Time": 209.572,
                                                            "Actual Rows": 885228,
                                                            "Actual Loops": 1
                                                        },
                                                        {
                                                            "Worker Number": 4,
                                                            "Actual Startup Time": 0.102,
                                                            "Actual Total Time": 201.802,
                                                            "Actual Rows": 866276,
                                                            "Actual Loops": 1
                                                        },
                                                        {
                                                            "Worker Number": 5,
                                                            "Actual Startup Time": 0.137,
                                                            "Actual Total Time": 202.415,
                                                            "Actual Rows": 852688,
                                                            "Actual Loops": 1
                                                        }
                                                    ]
                                                },
                                                {
                                                    "Node Type": "Hash",
                                                    "Parent Relationship": "Inner",
                                                    "Parallel Aware": true,
                                                    "Startup Cost": 38503.39,
                                                    "Total Cost": 38503.39,
                                                    "Plan Rows": 29539,
                                                    "Plan Width": 4,
                                                    "Actual Startup Time": 36.103,
                                                    "Actual Total Time": 36.105,
                                                    "Actual Rows": 16891,
                                                    "Actual Loops": 7,
                                                    "Output": [
                                                        "t.id"
                                                    ],
                                                    "Hash Buckets": 131072,
                                                    "Original Hash Buckets": 131072,
                                                    "Hash Batches": 1,
                                                    "Original Hash Batches": 1,
                                                    "Peak Memory Usage": 5792,
                                                    "Workers": [
                                                        {
                                                            "Worker Number": 0,
                                                            "Actual Startup Time": 33.883,
                                                            "Actual Total Time": 33.884,
                                                            "Actual Rows": 10926,
                                                            "Actual Loops": 1
                                                        },
                                                        {
                                                            "Worker Number": 1,
                                                            "Actual Startup Time": 33.875,
                                                            "Actual Total Time": 33.876,
                                                            "Actual Rows": 9635,
                                                            "Actual Loops": 1
                                                        },
                                                        {
                                                            "Worker Number": 2,
                                                            "Actual Startup Time": 34.252,
                                                            "Actual Total Time": 34.252,
                                                            "Actual Rows": 12552,
                                                            "Actual Loops": 1
                                                        },
                                                        {
                                                            "Worker Number": 3,
                                                            "Actual Startup Time": 34.228,
                                                            "Actual Total Time": 34.229,
                                                            "Actual Rows": 10710,
                                                            "Actual Loops": 1
                                                        },
                                                        {
                                                            "Worker Number": 4,
                                                            "Actual Startup Time": 35.12,
                                                            "Actual Total Time": 35.122,
                                                            "Actual Rows": 12380,
                                                            "Actual Loops": 1
                                                        },
                                                        {
                                                            "Worker Number": 5,
                                                            "Actual Startup Time": 35.234,
                                                            "Actual Total Time": 35.235,
                                                            "Actual Rows": 13106,
                                                            "Actual Loops": 1
                                                        }
                                                    ],
                                                    "Plans": [
                                                        {
                                                            "Node Type": "Bitmap Heap Scan",
                                                            "Parent Relationship": "Outer",
                                                            "Parallel Aware": true,
                                                            "Relation Name": "title",
                                                            "Schema": "public",
                                                            "Alias": "t",
                                                            "Startup Cost": 2136.15,
                                                            "Total Cost": 38503.39,
                                                            "Plan Rows": 29539,
                                                            "Plan Width": 4,
                                                            "Actual Startup Time": 1.319,
                                                            "Actual Total Time": 28.944,
                                                            "Actual Rows": 16891,
                                                            "Actual Loops": 7,
                                                            "Output": [
                                                                "t.id"
                                                            ],
                                                            "Recheck Cond": "(t.kind_id = 4)",
                                                            "Rows Removed by Index Recheck": 0,
                                                            "Exact Heap Blocks": 5432,
                                                            "Lossy Heap Blocks": 0,
                                                            "Workers": [
                                                                {
                                                                    "Worker Number": 0,
                                                                    "Actual Startup Time": 0.13,
                                                                    "Actual Total Time": 27.472,
                                                                    "Actual Rows": 10926,
                                                                    "Actual Loops": 1
                                                                },
                                                                {
                                                                    "Worker Number": 1,
                                                                    "Actual Startup Time": 0.126,
                                                                    "Actual Total Time": 27.602,
                                                                    "Actual Rows": 9635,
                                                                    "Actual Loops": 1
                                                                },
                                                                {
                                                                    "Worker Number": 2,
                                                                    "Actual Startup Time": 0.161,
                                                                    "Actual Total Time": 27.744,
                                                                    "Actual Rows": 12552,
                                                                    "Actual Loops": 1
                                                                },
                                                                {
                                                                    "Worker Number": 3,
                                                                    "Actual Startup Time": 0.151,
                                                                    "Actual Total Time": 27.574,
                                                                    "Actual Rows": 10710,
                                                                    "Actual Loops": 1
                                                                },
                                                                {
                                                                    "Worker Number": 4,
                                                                    "Actual Startup Time": 0.084,
                                                                    "Actual Total Time": 28.486,
                                                                    "Actual Rows": 12380,
                                                                    "Actual Loops": 1
                                                                },
                                                                {
                                                                    "Worker Number": 5,
                                                                    "Actual Startup Time": 0.108,
                                                                    "Actual Total Time": 28.611,
                                                                    "Actual Rows": 13106,
                                                                    "Actual Loops": 1
                                                                }
                                                            ],
                                                            "Plans": [
                                                                {
                                                                    "Node Type": "Bitmap Index Scan",
                                                                    "Parent Relationship": "Outer",
                                                                    "Parallel Aware": false,
                                                                    "Index Name": "kind_id_title",
                                                                    "Startup Cost": 0.0,
                                                                    "Total Cost": 2106.61,
                                                                    "Plan Rows": 118157,
                                                                    "Plan Width": 0,
                                                                    "Actual Startup Time": 6.154,
                                                                    "Actual Total Time": 6.154,
                                                                    "Actual Rows": 118234,
                                                                    "Actual Loops": 1,
                                                                    "Index Cond": "(t.kind_id = 4)"
                                                                }
                                                            ]
                                                        }
                                                    ]
                                                }
                                            ]
                                        },
                                        {
                                            "Node Type": "Index Only Scan",
                                            "Parent Relationship": "Inner",
                                            "Parallel Aware": false,
                                            "Scan Direction": "Forward",
                                            "Index Name": "movie_id_movie_info",
                                            "Relation Name": "movie_info",
                                            "Schema": "public",
                                            "Alias": "mi",
                                            "Startup Cost": 0.43,
                                            "Total Cost": 1.29,
                                            "Plan Rows": 39,
                                            "Plan Width": 4,
                                            "Actual Startup Time": 0.005,
                                            "Actual Total Time": 0.012,
                                            "Actual Rows": 8,
                                            "Actual Loops": 323098,
                                            "Output": [
                                                "mi.movie_id"
                                            ],
                                            "Index Cond": "(mi.movie_id = ci.movie_id)",
                                            "Rows Removed by Index Recheck": 0,
                                            "Heap Fetches": 2567582,
                                            "Workers": [
                                                {
                                                    "Worker Number": 0,
                                                    "Actual Startup Time": 0.007,
                                                    "Actual Total Time": 0.015,
                                                    "Actual Rows": 8,
                                                    "Actual Loops": 34030
                                                },
                                                {
                                                    "Worker Number": 1,
                                                    "Actual Startup Time": 0.007,
                                                    "Actual Total Time": 0.015,
                                                    "Actual Rows": 8,
                                                    "Actual Loops": 34369
                                                },
                                                {
                                                    "Worker Number": 2,
                                                    "Actual Startup Time": 0.005,
                                                    "Actual Total Time": 0.011,
                                                    "Actual Rows": 8,
                                                    "Actual Loops": 48502
                                                },
                                                {
                                                    "Worker Number": 3,
                                                    "Actual Startup Time": 0.006,
                                                    "Actual Total Time": 0.011,
                                                    "Actual Rows": 8,
                                                    "Actual Loops": 47603
                                                },
                                                {
                                                    "Worker Number": 4,
                                                    "Actual Startup Time": 0.005,
                                                    "Actual Total Time": 0.011,
                                                    "Actual Rows": 8,
                                                    "Actual Loops": 49669
                                                },
                                                {
                                                    "Worker Number": 5,
                                                    "Actual Startup Time": 0.005,
                                                    "Actual Total Time": 0.011,
                                                    "Actual Rows": 8,
                                                    "Actual Loops": 48481
                                                }
                                            ]
                                        }
                                    ]
                                }
                            ]
                        }
                    ]
                }
            ]
        },
        "Planning Time": 192.196,
        "Triggers": [],
        "Execution Time": 1055.669
    }
]