[
  {
    "Plan": {
      "Node Type": "Aggregate",
      "Strategy": "Plain",
      "Partial Mode": "Finalize",
      "Parallel Aware": false,
      "Startup Cost": 79394.73,
      "Total Cost": 79394.74,
      "Plan Rows": 1,
      "Plan Width": 8,
      "Actual Startup Time": 282.082,
      "Actual Total Time": 299.847,
      "Actual Rows": 1,
      "Actual Loops": 1,
      "Plans": [
        {
          "Node Type": "Gather",
          "Parent Relationship": "Outer",
          "Parallel Aware": false,
          "Startup Cost": 79394.41,
          "Total Cost": 79394.72,
          "Plan Rows": 3,
          "Plan Width": 8,
          "Actual Startup Time": 280.882,
          "Actual Total Time": 299.836,
          "Actual Rows": 4,
          "Actual Loops": 1,
          "Workers Planned": 3,
          "Workers Launched": 3,
          "Single Copy": false,
          "Plans": [
            {
              "Node Type": "Aggregate",
              "Strategy": "Plain",
              "Partial Mode": "Partial",
              "Parent Relationship": "Outer",
              "Parallel Aware": false,
              "Startup Cost": 78394.41,
              "Total Cost": 78394.42,
              "Plan Rows": 1,
              "Plan Width": 8,
              "Actual Startup Time": 272.219,
              "Actual Total Time": 272.287,
              "Actual Rows": 1,
              "Actual Loops": 4,
              "Plans": [
                {
                  "Node Type": "Hash Join",
                  "Parent Relationship": "Outer",
                  "Parallel Aware": true,
                  "Join Type": "Inner",
                  "Startup Cost": 46123.92,
                  "Total Cost": 78332.7,
                  "Plan Rows": 24685,
                  "Plan Width": 0,
                  "Actual Startup Time": 142.119,
                  "Actual Total Time": 268.158,
                  "Actual Rows": 86635,
                  "Actual Loops": 4,
                  "Inner Unique": true,
                  "Hash Cond": "(mc.movie_id = t.id)",
                  "Plans": [
                    {
                      "Node Type": "Seq Scan",
                      "Parent Relationship": "Outer",
                      "Parallel Aware": true,
                      "Relation Name": "movie_companies",
                      "Alias": "mc",
                      "Startup Cost": 0.0,
                      "Total Cost": 31414.82,
                      "Plan Rows": 302461,
                      "Plan Width": 4,
                      "Actual Startup Time": 0.02,
                      "Actual Total Time": 74.492,
                      "Actual Rows": 308660,
                      "Actual Loops": 4,
                      "Filter": "((company_id < 42562) AND (company_type_id = 1))",
                      "Rows Removed by Filter": 343622
                    },
                    {
                      "Node Type": "Hash",
                      "Parent Relationship": "Inner",
                      "Parallel Aware": true,
                      "Startup Cost": 45479.1,
                      "Total Cost": 45479.1,
                      "Plan Rows": 51586,
                      "Plan Width": 4,
                      "Actual Startup Time": 139.638,
                      "Actual Total Time": 139.639,
                      "Actual Rows": 80145,
                      "Actual Loops": 4,
                      "Hash Buckets": 524288,
                      "Original Hash Buckets": 262144,
                      "Hash Batches": 1,
                      "Original Hash Batches": 1,
                      "Peak Memory Usage": 18784,
                      "Plans": [
                        {
                          "Node Type": "Seq Scan",
                          "Parent Relationship": "Outer",
                          "Parallel Aware": true,
                          "Relation Name": "title",
                          "Alias": "t",
                          "Startup Cost": 0.0,
                          "Total Cost": 45479.1,
                          "Plan Rows": 51586,
                          "Plan Width": 4,
                          "Actual Startup Time": 0.127,
                          "Actual Total Time": 105.537,
                          "Actual Rows": 80145,
                          "Actual Loops": 4,
                          "Filter": "((kind_id < 7) AND (production_year < 1982))",
                          "Rows Removed by Filter": 551933
                        }
                      ]
                    }
                  ]
                }
              ]
            }
          ]
        }
      ]
    },
    "Planning Time": 0.685,
    "Triggers": [],
    "Execution Time": 299.919
  }
]