[
  {
    "Plan": {
      "Node Type": "Aggregate",
      "Strategy": "Plain",
      "Partial Mode": "Finalize",
      "Parallel Aware": false,
      "Startup Cost": 342207.52,
      "Total Cost": 342207.53,
      "Plan Rows": 1,
      "Plan Width": 8,
      "Actual Startup Time": 1013.986,
      "Actual Total Time": 1085.575,
      "Actual Rows": 1,
      "Actual Loops": 1,
      "Plans": [
        {
          "Node Type": "Gather",
          "Parent Relationship": "Outer",
          "Parallel Aware": false,
          "Startup Cost": 342206.9,
          "Total Cost": 342207.51,
          "Plan Rows": 6,
          "Plan Width": 8,
          "Actual Startup Time": 1013.853,
          "Actual Total Time": 1085.565,
          "Actual Rows": 7,
          "Actual Loops": 1,
          "Workers Planned": 6,
          "Workers Launched": 6,
          "Single Copy": false,
          "Plans": [
            {
              "Node Type": "Aggregate",
              "Strategy": "Plain",
              "Partial Mode": "Partial",
              "Parent Relationship": "Outer",
              "Parallel Aware": false,
              "Startup Cost": 341206.9,
              "Total Cost": 341206.91,
              "Plan Rows": 1,
              "Plan Width": 8,
              "Actual Startup Time": 1005.841,
              "Actual Total Time": 1005.842,
              "Actual Rows": 1,
              "Actual Loops": 7,
              "Plans": [
                {
                  "Node Type": "Seq Scan",
                  "Parent Relationship": "Outer",
                  "Parallel Aware": true,
                  "Relation Name": "cast_info",
                  "Alias": "ci",
                  "Startup Cost": 0.0,
                  "Total Cost": 328162.03,
                  "Plan Rows": 5217949,
                  "Plan Width": 0,
                  "Actual Startup Time": 0.048,
                  "Actual Total Time": 768.011,
                  "Actual Rows": 4501481,
                  "Actual Loops": 7,
                  "Filter": "(person_id < 3206429)",
                  "Rows Removed by Filter": 676282
                }
              ]
            }
          ]
        }
      ]
    },
    "Planning Time": 0.167,
    "Triggers": [],
    "Execution Time": 1085.639
  }
]