[
  {
    "Plan": {
      "Node Type": "Aggregate",
      "Strategy": "Plain",
      "Partial Mode": "Simple",
      "Parallel Aware": false,
      "Startup Cost": 21676.09,
      "Total Cost": 21676.1,
      "Plan Rows": 1,
      "Plan Width": 8,
      "Actual Startup Time": 40.493,
      "Actual Total Time": 40.494,
      "Actual Rows": 1,
      "Actual Loops": 1,
      "Plans": [
        {
          "Node Type": "Bitmap Heap Scan",
          "Parent Relationship": "Outer",
          "Parallel Aware": false,
          "Relation Name": "movie_companies",
          "Alias": "mc",
          "Startup Cost": 1645.85,
          "Total Cost": 21579.33,
          "Plan Rows": 38706,
          "Plan Width": 0,
          "Actual Startup Time": 9.092,
          "Actual Total Time": 34.412,
          "Actual Rows": 73146,
          "Actual Loops": 1,
          "Recheck Cond": "(company_id > 174536)",
          "Rows Removed by Index Recheck": 0,
          "Filter": "(company_type_id > 1)",
          "Rows Removed by Filter": 0,
          "Exact Heap Blocks": 2530,
          "Lossy Heap Blocks": 0,
          "Plans": [
            {
              "Node Type": "Bitmap Index Scan",
              "Parent Relationship": "Outer",
              "Parallel Aware": false,
              "Index Name": "company_id_movie_companies",
              "Startup Cost": 0.0,
              "Total Cost": 1636.17,
              "Plan Rows": 76232,
              "Plan Width": 0,
              "Actual Startup Time": 8.122,
              "Actual Total Time": 8.123,
              "Actual Rows": 73146,
              "Actual Loops": 1,
              "Index Cond": "(company_id > 174536)"
            }
          ]
        }
      ]
    },
    "Planning Time": 0.212,
    "Triggers": [],
    "Execution Time": 40.553
  }
]