{
    "Plan": {
        "Node Type": "Aggregate",
        "Strategy": "Plain",
        "Partial Mode": "Simple",
        "Parallel Aware": false,
        "Startup Cost": 10000186246.35,
        "Total Cost": 10000186246.36,
        "Plan Rows": 1,
        "Plan Width": 8,
        "Actual Startup Time": 377.65,
        "Actual Total Time": 377.653,
        "Actual Rows": 1,
        "Actual Loops": 1,
        "Output": [
            "count(*)"
        ],
        "Plans": [
            {
                "Node Type": "Nested Loop",
                "Parent Relationship": "Outer",
                "Parallel Aware": false,
                "Join Type": "Inner",
                "Startup Cost": 10000017747.61,
                "Total Cost": 10000186217.96,
                "Plan Rows": 11356,
                "Plan Width": 0,
                "Actual Startup Time": 194.088,
                "Actual Total Time": 377.407,
                "Actual Rows": 1248,
                "Actual Loops": 1,
                "Inner Unique": false,
                "Plans": [
                    {
                        "Node Type": "Bitmap Heap Scan",
                        "Parent Relationship": "Outer",
                        "Parallel Aware": false,
                        "Relation Name": "title",
                        "Schema": "public",
                        "Alias": "t",
                        "Startup Cost": 17742.77,
                        "Total Cost": 68673.04,
                        "Plan Rows": 792,
                        "Plan Width": 4,
                        "Actual Startup Time": 193.488,
                        "Actual Total Time": 357.615,
                        "Actual Rows": 791,
                        "Actual Loops": 1,
                        "Output": [
                            "t.id",
                            "t.title",
                            "t.imdb_index",
                            "t.kind_id",
                            "t.production_year",
                            "t.imdb_id",
                            "t.phonetic_code",
                            "t.episode_of_id",
                            "t.season_nr",
                            "t.episode_nr",
                            "t.series_years",
                            "t.md5sum"
                        ],
                        "Recheck Cond": "(t.kind_id < 7)",
                        "Rows Removed by Index Recheck": 0,
                        "Filter": "(t.production_year = 1896)",
                        "Rows Removed by Filter": 984257,
                        "Exact Heap Blocks": 35472,
                        "Lossy Heap Blocks": 0,
                        "Plans": [
                            {
                                "Node Type": "Bitmap Index Scan",
                                "Parent Relationship": "Outer",
                                "Parallel Aware": false,
                                "Index Name": "kind_id_title",
                                "Startup Cost": 0.0,
                                "Total Cost": 17742.57,
                                "Plan Rows": 995485,
                                "Plan Width": 0,
                                "Actual Startup Time": 68.218,
                                "Actual Total Time": 68.219,
                                "Actual Rows": 985048,
                                "Actual Loops": 1,
                                "Index Cond": "(t.kind_id < 7)"
                            }
                        ]
                    },
                    {
                        "Node Type": "Bitmap Heap Scan",
                        "Parent Relationship": "Inner",
                        "Parallel Aware": false,
                        "Relation Name": "cast_info",
                        "Schema": "public",
                        "Alias": "ci",
                        "Startup Cost": 4.85,
                        "Total Cost": 148.04,
                        "Plan Rows": 38,
                        "Plan Width": 4,
                        "Actual Startup Time": 0.019,
                        "Actual Total Time": 0.022,
                        "Actual Rows": 2,
                        "Actual Loops": 791,
                        "Output": [
                            "ci.id",
                            "ci.person_id",
                            "ci.movie_id",
                            "ci.person_role_id",
                            "ci.note",
                            "ci.nr_order",
                            "ci.role_id"
                        ],
                        "Recheck Cond": "(ci.movie_id = t.id)",
                        "Rows Removed by Index Recheck": 0,
                        "Exact Heap Blocks": 1243,
                        "Lossy Heap Blocks": 0,
                        "Plans": [
                            {
                                "Node Type": "Bitmap Index Scan",
                                "Parent Relationship": "Outer",
                                "Parallel Aware": false,
                                "Index Name": "movie_id_cast_info",
                                "Startup Cost": 0.0,
                                "Total Cost": 4.84,
                                "Plan Rows": 38,
                                "Plan Width": 0,
                                "Actual Startup Time": 0.016,
                                "Actual Total Time": 0.016,
                                "Actual Rows": 2,
                                "Actual Loops": 791,
                                "Index Cond": "(ci.movie_id = t.id)"
                            }
                        ]
                    }
                ]
            }
        ]
    },
    "Planning Time": 2.925,
    "Triggers": [],
    "Execution Time": 378.325
}