[
  {
    "Plan": {
      "Node Type": "Aggregate",
      "Strategy": "Plain",
      "Partial Mode": "Finalize",
      "Parallel Aware": false,
      "Startup Cost": 392939.92,
      "Total Cost": 392939.93,
      "Plan Rows": 1,
      "Plan Width": 8,
      "Actual Startup Time": 542.498,
      "Actual Total Time": 578.462,
      "Actual Rows": 1,
      "Actual Loops": 1,
      "Plans": [
        {
          "Node Type": "Gather",
          "Parent Relationship": "Outer",
          "Parallel Aware": false,
          "Startup Cost": 392939.3,
          "Total Cost": 392939.91,
          "Plan Rows": 6,
          "Plan Width": 8,
          "Actual Startup Time": 537.323,
          "Actual Total Time": 578.451,
          "Actual Rows": 7,
          "Actual Loops": 1,
          "Workers Planned": 6,
          "Workers Launched": 6,
          "Single Copy": false,
          "Plans": [
            {
              "Node Type": "Aggregate",
              "Strategy": "Plain",
              "Partial Mode": "Partial",
              "Parent Relationship": "Outer",
              "Parallel Aware": false,
              "Startup Cost": 391939.3,
              "Total Cost": 391939.31,
              "Plan Rows": 1,
              "Plan Width": 8,
              "Actual Startup Time": 528.158,
              "Actual Total Time": 528.161,
              "Actual Rows": 1,
              "Actual Loops": 7,
              "Plans": [
                {
                  "Node Type": "Hash Join",
                  "Parent Relationship": "Outer",
                  "Parallel Aware": true,
                  "Join Type": "Inner",
                  "Startup Cost": 47119.11,
                  "Total Cost": 391334.62,
                  "Plan Rows": 241871,
                  "Plan Width": 0,
                  "Actual Startup Time": 464.785,
                  "Actual Total Time": 526.512,
                  "Actual Rows": 32504,
                  "Actual Loops": 7,
                  "Inner Unique": true,
                  "Hash Cond": "(ci.movie_id = t.id)",
                  "Plans": [
                    {
                      "Node Type": "Index Scan",
                      "Parent Relationship": "Outer",
                      "Parallel Aware": true,
                      "Scan Direction": "Forward",
                      "Index Name": "role_id_cast_info",
                      "Relation Name": "cast_info",
                      "Alias": "ci",
                      "Startup Cost": 0.56,
                      "Total Cost": 341155.22,
                      "Plan Rows": 1166039,
                      "Plan Width": 4,
                      "Actual Startup Time": 341.696,
                      "Actual Total Time": 367.407,
                      "Actual Rows": 113546,
                      "Actual Loops": 7,
                      "Index Cond": "(role_id = 1)",
                      "Rows Removed by Index Recheck": 0,
                      "Filter": "(person_id > 1629733)",
                      "Rows Removed by Filter": 1696553
                    },
                    {
                      "Node Type": "Hash",
                      "Parent Relationship": "Inner",
                      "Parallel Aware": true,
                      "Startup Cost": 45479.59,
                      "Total Cost": 45479.59,
                      "Plan Rows": 131117,
                      "Plan Width": 4,
                      "Actual Startup Time": 120.904,
                      "Actual Total Time": 120.905,
                      "Actual Rows": 87076,
                      "Actual Loops": 7,
                      "Hash Buckets": 1048576,
                      "Original Hash Buckets": 1048576,
                      "Hash Batches": 1,
                      "Original Hash Batches": 1,
                      "Peak Memory Usage": 32160,
                      "Plans": [
                        {
                          "Node Type": "Seq Scan",
                          "Parent Relationship": "Outer",
                          "Parallel Aware": true,
                          "Relation Name": "title",
                          "Alias": "t",
                          "Startup Cost": 0.0,
                          "Total Cost": 45479.59,
                          "Plan Rows": 131117,
                          "Plan Width": 4,
                          "Actual Startup Time": 0.053,
                          "Actual Total Time": 80.022,
                          "Actual Rows": 87076,
                          "Actual Loops": 7,
                          "Filter": "((kind_id < 7) AND (production_year < 2005))",
                          "Rows Removed by Filter": 274111
                        }
                      ]
                    }
                  ]
                }
              ]
            }
          ]
        }
      ]
    },
    "Planning Time": 0.325,
    "Triggers": [],
    "Execution Time": 578.521
  }
]