[
  {
    "Plan": {
      "Node Type": "Aggregate",
      "Strategy": "Plain",
      "Partial Mode": "Finalize",
      "Parallel Aware": false,
      "Startup Cost": 233678.11,
      "Total Cost": 233678.12,
      "Plan Rows": 1,
      "Plan Width": 8,
      "Actual Startup Time": 353.634,
      "Actual Total Time": 367.141,
      "Actual Rows": 1,
      "Actual Loops": 1,
      "Plans": [
        {
          "Node Type": "Gather",
          "Parent Relationship": "Outer",
          "Parallel Aware": false,
          "Startup Cost": 233677.58,
          "Total Cost": 233678.09,
          "Plan Rows": 5,
          "Plan Width": 8,
          "Actual Startup Time": 347.364,
          "Actual Total Time": 367.132,
          "Actual Rows": 6,
          "Actual Loops": 1,
          "Workers Planned": 5,
          "Workers Launched": 5,
          "Single Copy": false,
          "Plans": [
            {
              "Node Type": "Aggregate",
              "Strategy": "Plain",
              "Partial Mode": "Partial",
              "Parent Relationship": "Outer",
              "Parallel Aware": false,
              "Startup Cost": 232677.58,
              "Total Cost": 232677.59,
              "Plan Rows": 1,
              "Plan Width": 8,
              "Actual Startup Time": 336.58,
              "Actual Total Time": 336.584,
              "Actual Rows": 1,
              "Actual Loops": 6,
              "Plans": [
                {
                  "Node Type": "Nested Loop",
                  "Parent Relationship": "Outer",
                  "Parallel Aware": false,
                  "Join Type": "Inner",
                  "Startup Cost": 54507.52,
                  "Total Cost": 232643.85,
                  "Plan Rows": 13492,
                  "Plan Width": 0,
                  "Actual Startup Time": 171.489,
                  "Actual Total Time": 333.514,
                  "Actual Rows": 59290,
                  "Actual Loops": 6,
                  "Inner Unique": false,
                  "Plans": [
                    {
                      "Node Type": "Hash Join",
                      "Parent Relationship": "Outer",
                      "Parallel Aware": true,
                      "Join Type": "Inner",
                      "Startup Cost": 54507.1,
                      "Total Cost": 217925.19,
                      "Plan Rows": 24717,
                      "Plan Width": 8,
                      "Actual Startup Time": 171.363,
                      "Actual Total Time": 202.853,
                      "Actual Rows": 49199,
                      "Actual Loops": 6,
                      "Inner Unique": true,
                      "Hash Cond": "(mi.movie_id = t.id)",
                      "Plans": [
                        {
                          "Node Type": "Bitmap Heap Scan",
                          "Parent Relationship": "Outer",
                          "Parallel Aware": true,
                          "Relation Name": "movie_info",
                          "Alias": "mi",
                          "Startup Cost": 8535.51,
                          "Total Cost": 171706.27,
                          "Plan Rows": 94221,
                          "Plan Width": 4,
                          "Actual Startup Time": 24.126,
                          "Actual Total Time": 36.914,
                          "Actual Rows": 79074,
                          "Actual Loops": 6,
                          "Recheck Cond": "(info_type_id = 6)",
                          "Rows Removed by Index Recheck": 0,
                          "Exact Heap Blocks": 618,
                          "Lossy Heap Blocks": 0,
                          "Plans": [
                            {
                              "Node Type": "Bitmap Index Scan",
                              "Parent Relationship": "Outer",
                              "Parallel Aware": false,
                              "Index Name": "info_type_id_movie_info",
                              "Startup Cost": 0.0,
                              "Total Cost": 8417.73,
                              "Plan Rows": 471106,
                              "Plan Width": 0,
                              "Actual Startup Time": 23.619,
                              "Actual Total Time": 23.62,
                              "Actual Rows": 474443,
                              "Actual Loops": 1,
                              "Index Cond": "(info_type_id = 6)"
                            }
                          ]
                        },
                        {
                          "Node Type": "Hash",
                          "Parent Relationship": "Inner",
                          "Parallel Aware": true,
                          "Startup Cost": 43898.92,
                          "Total Cost": 43898.92,
                          "Plan Rows": 165814,
                          "Plan Width": 4,
                          "Actual Startup Time": 129.031,
                          "Actual Total Time": 129.032,
                          "Actual Rows": 110471,
                          "Actual Loops": 6,
                          "Hash Buckets": 1048576,
                          "Original Hash Buckets": 1048576,
                          "Hash Batches": 1,
                          "Original Hash Batches": 1,
                          "Peak Memory Usage": 34240,
                          "Plans": [
                            {
                              "Node Type": "Seq Scan",
                              "Parent Relationship": "Outer",
                              "Parallel Aware": true,
                              "Relation Name": "title",
                              "Alias": "t",
                              "Startup Cost": 0.0,
                              "Total Cost": 43898.92,
                              "Plan Rows": 165814,
                              "Plan Width": 4,
                              "Actual Startup Time": 43.84,
                              "Actual Total Time": 84.831,
                              "Actual Rows": 110471,
                              "Actual Loops": 6,
                              "Filter": "(kind_id < 2)",
                              "Rows Removed by Filter": 310914
                            }
                          ]
                        }
                      ]
                    },
                    {
                      "Node Type": "Index Only Scan",
                      "Parent Relationship": "Inner",
                      "Parallel Aware": false,
                      "Scan Direction": "Forward",
                      "Index Name": "movie_id_movie_info_idx",
                      "Relation Name": "movie_info_idx",
                      "Alias": "mi_idx",
                      "Startup Cost": 0.43,
                      "Total Cost": 0.57,
                      "Plan Rows": 3,
                      "Plan Width": 4,
                      "Actual Startup Time": 0.002,
                      "Actual Total Time": 0.002,
                      "Actual Rows": 1,
                      "Actual Loops": 295196,
                      "Index Cond": "(movie_id = t.id)",
                      "Rows Removed by Index Recheck": 0,
                      "Heap Fetches": 355741
                    }
                  ]
                }
              ]
            }
          ]
        }
      ]
    },
    "Planning Time": 1.407,
    "Triggers": [],
    "Execution Time": 367.249
  }
]