[
  {
    "Plan": {
      "Node Type": "Aggregate",
      "Strategy": "Plain",
      "Partial Mode": "Finalize",
      "Parallel Aware": false,
      "Startup Cost": 32784.21,
      "Total Cost": 32784.22,
      "Plan Rows": 1,
      "Plan Width": 8,
      "Actual Startup Time": 93.48,
      "Actual Total Time": 102.074,
      "Actual Rows": 1,
      "Actual Loops": 1,
      "Plans": [
        {
          "Node Type": "Gather",
          "Parent Relationship": "Outer",
          "Parallel Aware": false,
          "Startup Cost": 32783.9,
          "Total Cost": 32784.21,
          "Plan Rows": 3,
          "Plan Width": 8,
          "Actual Startup Time": 93.368,
          "Actual Total Time": 102.064,
          "Actual Rows": 4,
          "Actual Loops": 1,
          "Workers Planned": 3,
          "Workers Launched": 3,
          "Single Copy": false,
          "Plans": [
            {
              "Node Type": "Aggregate",
              "Strategy": "Plain",
              "Partial Mode": "Partial",
              "Parent Relationship": "Outer",
              "Parallel Aware": false,
              "Startup Cost": 31783.9,
              "Total Cost": 31783.91,
              "Plan Rows": 1,
              "Plan Width": 8,
              "Actual Startup Time": 86.031,
              "Actual Total Time": 86.032,
              "Actual Rows": 1,
              "Actual Loops": 4,
              "Plans": [
                {
                  "Node Type": "Seq Scan",
                  "Parent Relationship": "Outer",
                  "Parallel Aware": true,
                  "Relation Name": "movie_companies",
                  "Alias": "mc",
                  "Startup Cost": 0.0,
                  "Total Cost": 31414.82,
                  "Plan Rows": 147631,
                  "Plan Width": 0,
                  "Actual Startup Time": 49.388,
                  "Actual Total Time": 82.636,
                  "Actual Rows": 65462,
                  "Actual Loops": 4,
                  "Filter": "((company_id < 2853) AND (company_type_id = 2))",
                  "Rows Removed by Filter": 586820
                }
              ]
            }
          ]
        }
      ]
    },
    "Planning Time": 0.232,
    "Triggers": [],
    "Execution Time": 102.136
  }
]