{
  "Plan": {
    "Node Type": "Aggregate",
    "Strategy": "Plain",
    "Partial Mode": "Finalize",
    "Parallel Aware": false,
    "Startup Cost": 124211.25,
    "Total Cost": 124211.26,
    "Plan Rows": 1,
    "Plan Width": 8,
    "Actual Startup Time": 435.46,
    "Actual Total Time": 454.358,
    "Actual Rows": 1,
    "Actual Loops": 1,
    "Plans": [
      {
        "Node Type": "Gather",
        "Parent Relationship": "Outer",
        "Parallel Aware": false,
        "Startup Cost": 124211.14,
        "Total Cost": 124211.25,
        "Plan Rows": 1,
        "Plan Width": 8,
        "Actual Startup Time": 434.69,
        "Actual Total Time": 454.351,
        "Actual Rows": 2,
        "Actual Loops": 1,
        "Workers Planned": 1,
        "Workers Launched": 1,
        "Single Copy": false,
        "Plans": [
          {
            "Node Type": "Aggregate",
            "Strategy": "Plain",
            "Partial Mode": "Partial",
            "Parent Relationship": "Outer",
            "Parallel Aware": false,
            "Startup Cost": 123211.14,
            "Total Cost": 123211.15,
            "Plan Rows": 1,
            "Plan Width": 8,
            "Actual Startup Time": 428.273,
            "Actual Total Time": 428.279,
            "Actual Rows": 1,
            "Actual Loops": 2,
            "Plans": [
              {
                "Node Type": "Hash Join",
                "Parent Relationship": "Outer",
                "Parallel Aware": true,
                "Join Type": "Inner",
                "Startup Cost": 92307.34,
                "Total Cost": 123178.84,
                "Plan Rows": 12921,
                "Plan Width": 0,
                "Actual Startup Time": 319.061,
                "Actual Total Time": 426.7,
                "Actual Rows": 34562,
                "Actual Loops": 2,
                "Inner Unique": false,
                "Hash Cond": "(mk.movie_id = t.id)",
                "Plans": [
                  {
                    "Node Type": "Bitmap Heap Scan",
                    "Parent Relationship": "Outer",
                    "Parallel Aware": true,
                    "Relation Name": "movie_keyword",
                    "Alias": "mk",
                    "Startup Cost": 14073.92,
                    "Total Cost": 43406.0,
                    "Plan Rows": 390246,
                    "Plan Width": 4,
                    "Actual Startup Time": 40.125,
                    "Actual Total Time": 115.549,
                    "Actual Rows": 326878,
                    "Actual Loops": 2,
                    "Recheck Cond": "(keyword_id > 28791)",
                    "Rows Removed by Index Recheck": 0,
                    "Exact Heap Blocks": 14401,
                    "Lossy Heap Blocks": 0,
                    "Plans": [
                      {
                        "Node Type": "Bitmap Index Scan",
                        "Parent Relationship": "Outer",
                        "Parallel Aware": false,
                        "Index Name": "keyword_id_movie_keyword",
                        "Startup Cost": 0.0,
                        "Total Cost": 13908.07,
                        "Plan Rows": 663418,
                        "Plan Width": 0,
                        "Actual Startup Time": 36.618,
                        "Actual Total Time": 36.618,
                        "Actual Rows": 653757,
                        "Actual Loops": 1,
                        "Index Cond": "(keyword_id > 28791)"
                      }
                    ]
                  },
                  {
                    "Node Type": "Hash",
                    "Parent Relationship": "Inner",
                    "Parallel Aware": true,
                    "Startup Cost": 77617.91,
                    "Total Cost": 77617.91,
                    "Plan Rows": 49241,
                    "Plan Width": 8,
                    "Actual Startup Time": 274.905,
                    "Actual Total Time": 274.909,
                    "Actual Rows": 38290,
                    "Actual Loops": 2,
                    "Hash Buckets": 131072,
                    "Original Hash Buckets": 131072,
                    "Hash Batches": 1,
                    "Original Hash Batches": 1,
                    "Peak Memory Usage": 4032,
                    "Plans": [
                      {
                        "Node Type": "Hash Join",
                        "Parent Relationship": "Outer",
                        "Parallel Aware": true,
                        "Join Type": "Inner",
                        "Startup Cost": 59434.12,
                        "Total Cost": 77617.91,
                        "Plan Rows": 49241,
                        "Plan Width": 8,
                        "Actual Startup Time": 157.103,
                        "Actual Total Time": 267.616,
                        "Actual Rows": 38290,
                        "Actual Loops": 2,
                        "Inner Unique": true,
                        "Hash Cond": "(mi_idx.movie_id = t.id)",
                        "Plans": [
                          {
                            "Node Type": "Seq Scan",
                            "Parent Relationship": "Outer",
                            "Parallel Aware": true,
                            "Relation Name": "movie_info_idx",
                            "Alias": "mi_idx",
                            "Startup Cost": 0.0,
                            "Total Cost": 16052.85,
                            "Plan Rows": 811785,
                            "Plan Width": 4,
                            "Actual Startup Time": 0.019,
                            "Actual Total Time": 47.655,
                            "Actual Rows": 690018,
                            "Actual Loops": 2
                          },
                          {
                            "Node Type": "Hash",
                            "Parent Relationship": "Inner",
                            "Parallel Aware": true,
                            "Startup Cost": 58306.47,
                            "Total Cost": 58306.47,
                            "Plan Rows": 90212,
                            "Plan Width": 4,
                            "Actual Startup Time": 154.838,
                            "Actual Total Time": 154.839,
                            "Actual Rows": 67380,
                            "Actual Loops": 2,
                            "Hash Buckets": 262144,
                            "Original Hash Buckets": 262144,
                            "Hash Batches": 1,
                            "Original Hash Batches": 1,
                            "Peak Memory Usage": 7360,
                            "Plans": [
                              {
                                "Node Type": "Seq Scan",
                                "Parent Relationship": "Outer",
                                "Parallel Aware": true,
                                "Relation Name": "title",
                                "Alias": "t",
                                "Startup Cost": 0.0,
                                "Total Cost": 58306.47,
                                "Plan Rows": 90212,
                                "Plan Width": 4,
                                "Actual Startup Time": 0.054,
                                "Actual Total Time": 138.45,
                                "Actual Rows": 67380,
                                "Actual Loops": 2,
                                "Filter": "((kind_id < 7) AND (production_year > 2010))",
                                "Rows Removed by Filter": 1196776
                              }
                            ]
                          }
                        ]
                      }
                    ]
                  }
                ]
              }
            ]
          }
        ]
      }
    ]
  },
  "Planning Time": 0.931,
  "Triggers": [],
  "Execution Time": 454.459
}