{
    "Plan": {
        "Node Type": "Aggregate",
        "Strategy": "Plain",
        "Partial Mode": "Simple",
        "Parallel Aware": false,
        "Startup Cost": 10001214776.95,
        "Total Cost": 10001214776.96,
        "Plan Rows": 1,
        "Plan Width": 8,
        "Actual Startup Time": 6991.629,
        "Actual Total Time": 6991.634,
        "Actual Rows": 1,
        "Actual Loops": 1,
        "Output": [
            "count(*)"
        ],
        "Plans": [
            {
                "Node Type": "Hash Join",
                "Parent Relationship": "Outer",
                "Parallel Aware": false,
                "Join Type": "Inner",
                "Startup Cost": 10000093865.53,
                "Total Cost": 10001211025.66,
                "Plan Rows": 1500515,
                "Plan Width": 0,
                "Actual Startup Time": 627.983,
                "Actual Total Time": 6962.01,
                "Actual Rows": 560852,
                "Actual Loops": 1,
                "Inner Unique": true,
                "Hash Cond": "(mi.movie_id = t.id)",
                "Plans": [
                    {
                        "Node Type": "Index Scan",
                        "Parent Relationship": "Outer",
                        "Parallel Aware": false,
                        "Scan Direction": "Forward",
                        "Index Name": "movie_id_movie_info",
                        "Relation Name": "movie_info",
                        "Schema": "public",
                        "Alias": "mi",
                        "Startup Cost": 10000000000.43,
                        "Total Cost": 10001078428.37,
                        "Plan Rows": 14755095,
                        "Plan Width": 4,
                        "Actual Startup Time": 0.05,
                        "Actual Total Time": 4583.994,
                        "Actual Rows": 14835720,
                        "Actual Loops": 1,
                        "Output": [
                            "mi.id",
                            "mi.movie_id",
                            "mi.info_type_id",
                            "mi.info",
                            "mi.note"
                        ]
                    },
                    {
                        "Node Type": "Hash",
                        "Parent Relationship": "Inner",
                        "Parallel Aware": false,
                        "Startup Cost": 90651.13,
                        "Total Cost": 90651.13,
                        "Plan Rows": 257117,
                        "Plan Width": 4,
                        "Actual Startup Time": 625.25,
                        "Actual Total Time": 625.253,
                        "Actual Rows": 271195,
                        "Actual Loops": 1,
                        "Output": [
                            "t.id"
                        ],
                        "Hash Buckets": 524288,
                        "Original Hash Buckets": 262144,
                        "Hash Batches": 1,
                        "Original Hash Batches": 1,
                        "Peak Memory Usage": 13631,
                        "Plans": [
                            {
                                "Node Type": "Bitmap Heap Scan",
                                "Parent Relationship": "Outer",
                                "Parallel Aware": false,
                                "Relation Name": "title",
                                "Schema": "public",
                                "Alias": "t",
                                "Startup Cost": 29706.18,
                                "Total Cost": 90651.13,
                                "Plan Rows": 257117,
                                "Plan Width": 4,
                                "Actual Startup Time": 107.613,
                                "Actual Total Time": 533.845,
                                "Actual Rows": 271195,
                                "Actual Loops": 1,
                                "Output": [
                                    "t.id"
                                ],
                                "Recheck Cond": "(t.kind_id > 3)",
                                "Rows Removed by Index Recheck": 0,
                                "Filter": "(t.production_year > 2010)",
                                "Rows Removed by Filter": 1402903,
                                "Exact Heap Blocks": 35994,
                                "Lossy Heap Blocks": 0,
                                "Plans": [
                                    {
                                        "Node Type": "Bitmap Index Scan",
                                        "Parent Relationship": "Outer",
                                        "Parallel Aware": false,
                                        "Index Name": "kind_id_title",
                                        "Startup Cost": 0.0,
                                        "Total Cost": 29641.9,
                                        "Plan Rows": 1663130,
                                        "Plan Width": 0,
                                        "Actual Startup Time": 99.632,
                                        "Actual Total Time": 99.632,
                                        "Actual Rows": 1674098,
                                        "Actual Loops": 1,
                                        "Index Cond": "(t.kind_id > 3)"
                                    }
                                ]
                            }
                        ]
                    }
                ]
            }
        ]
    },
    "Planning Time": 2.79,
    "Triggers": [],
    "Execution Time": 6992.487
}