[
  {
    "Plan": {
      "Node Type": "Aggregate",
      "Strategy": "Plain",
      "Partial Mode": "Finalize",
      "Parallel Aware": false,
      "Startup Cost": 328046.96,
      "Total Cost": 328046.97,
      "Plan Rows": 1,
      "Plan Width": 8,
      "Actual Startup Time": 2412.081,
      "Actual Total Time": 2507.872,
      "Actual Rows": 1,
      "Actual Loops": 1,
      "Plans": [
        {
          "Node Type": "Gather",
          "Parent Relationship": "Outer",
          "Parallel Aware": false,
          "Startup Cost": 328046.65,
          "Total Cost": 328046.96,
          "Plan Rows": 3,
          "Plan Width": 8,
          "Actual Startup Time": 2406.513,
          "Actual Total Time": 2507.864,
          "Actual Rows": 4,
          "Actual Loops": 1,
          "Workers Planned": 3,
          "Workers Launched": 3,
          "Single Copy": false,
          "Plans": [
            {
              "Node Type": "Aggregate",
              "Strategy": "Plain",
              "Partial Mode": "Partial",
              "Parent Relationship": "Outer",
              "Parallel Aware": false,
              "Startup Cost": 327046.65,
              "Total Cost": 327046.66,
              "Plan Rows": 1,
              "Plan Width": 8,
              "Actual Startup Time": 2398.821,
              "Actual Total Time": 2398.825,
              "Actual Rows": 1,
              "Actual Loops": 4,
              "Plans": [
                {
                  "Node Type": "Nested Loop",
                  "Parent Relationship": "Outer",
                  "Parallel Aware": false,
                  "Join Type": "Inner",
                  "Startup Cost": 46213.14,
                  "Total Cost": 324591.02,
                  "Plan Rows": 982251,
                  "Plan Width": 0,
                  "Actual Startup Time": 218.321,
                  "Actual Total Time": 2317.512,
                  "Actual Rows": 1637426,
                  "Actual Loops": 4,
                  "Inner Unique": false,
                  "Plans": [
                    {
                      "Node Type": "Hash Join",
                      "Parent Relationship": "Outer",
                      "Parallel Aware": true,
                      "Join Type": "Inner",
                      "Startup Cost": 46212.57,
                      "Total Cost": 78241.65,
                      "Plan Rows": 68508,
                      "Plan Width": 8,
                      "Actual Startup Time": 218.214,
                      "Actual Total Time": 370.41,
                      "Actual Rows": 95172,
                      "Actual Loops": 4,
                      "Inner Unique": true,
                      "Hash Cond": "(mc.movie_id = t.id)",
                      "Plans": [
                        {
                          "Node Type": "Seq Scan",
                          "Parent Relationship": "Outer",
                          "Parallel Aware": true,
                          "Relation Name": "movie_companies",
                          "Alias": "mc",
                          "Startup Cost": 0.0,
                          "Total Cost": 31414.82,
                          "Plan Rows": 234003,
                          "Plan Width": 4,
                          "Actual Startup Time": 37.615,
                          "Actual Total Time": 83.067,
                          "Actual Rows": 234476,
                          "Actual Loops": 4,
                          "Filter": "((company_id > 10795) AND (company_type_id > 1))",
                          "Rows Removed by Filter": 417806
                        },
                        {
                          "Node Type": "Hash",
                          "Parent Relationship": "Inner",
                          "Parallel Aware": true,
                          "Startup Cost": 43899.32,
                          "Total Cost": 43899.32,
                          "Plan Rows": 185060,
                          "Plan Width": 4,
                          "Actual Startup Time": 177.193,
                          "Actual Total Time": 177.194,
                          "Actual Rows": 188976,
                          "Actual Loops": 4,
                          "Hash Buckets": 1048576,
                          "Original Hash Buckets": 1048576,
                          "Hash Batches": 1,
                          "Original Hash Batches": 1,
                          "Peak Memory Usage": 37856,
                          "Plans": [
                            {
                              "Node Type": "Seq Scan",
                              "Parent Relationship": "Outer",
                              "Parallel Aware": true,
                              "Relation Name": "title",
                              "Alias": "t",
                              "Startup Cost": 0.0,
                              "Total Cost": 43899.32,
                              "Plan Rows": 185060,
                              "Plan Width": 4,
                              "Actual Startup Time": 0.032,
                              "Actual Total Time": 104.496,
                              "Actual Rows": 188976,
                              "Actual Loops": 4,
                              "Filter": "(production_year < 1993)",
                              "Rows Removed by Filter": 443102
                            }
                          ]
                        }
                      ]
                    },
                    {
                      "Node Type": "Index Only Scan",
                      "Parent Relationship": "Inner",
                      "Parallel Aware": false,
                      "Scan Direction": "Forward",
                      "Index Name": "movie_id_cast_info",
                      "Relation Name": "cast_info",
                      "Alias": "ci",
                      "Startup Cost": 0.56,
                      "Total Cost": 3.25,
                      "Plan Rows": 35,
                      "Plan Width": 4,
                      "Actual Startup Time": 0.004,
                      "Actual Total Time": 0.019,
                      "Actual Rows": 17,
                      "Actual Loops": 380690,
                      "Index Cond": "(movie_id = t.id)",
                      "Rows Removed by Index Recheck": 0,
                      "Heap Fetches": 6549704
                    }
                  ]
                }
              ]
            }
          ]
        }
      ]
    },
    "Planning Time": 0.492,
    "Triggers": [],
    "Execution Time": 2507.941
  }
]