[
  {
    "Plan": {
      "Node Type": "Aggregate",
      "Strategy": "Plain",
      "Partial Mode": "Finalize",
      "Parallel Aware": false,
      "Startup Cost": 46640.09,
      "Total Cost": 46640.1,
      "Plan Rows": 1,
      "Plan Width": 8,
      "Actual Startup Time": 91.274,
      "Actual Total Time": 104.203,
      "Actual Rows": 1,
      "Actual Loops": 1,
      "Plans": [
        {
          "Node Type": "Gather",
          "Parent Relationship": "Outer",
          "Parallel Aware": false,
          "Startup Cost": 46639.67,
          "Total Cost": 46640.08,
          "Plan Rows": 4,
          "Plan Width": 8,
          "Actual Startup Time": 90.925,
          "Actual Total Time": 104.186,
          "Actual Rows": 5,
          "Actual Loops": 1,
          "Workers Planned": 4,
          "Workers Launched": 4,
          "Single Copy": false,
          "Plans": [
            {
              "Node Type": "Aggregate",
              "Strategy": "Plain",
              "Partial Mode": "Partial",
              "Parent Relationship": "Outer",
              "Parallel Aware": false,
              "Startup Cost": 45639.67,
              "Total Cost": 45639.68,
              "Plan Rows": 1,
              "Plan Width": 8,
              "Actual Startup Time": 86.333,
              "Actual Total Time": 86.334,
              "Actual Rows": 1,
              "Actual Loops": 5,
              "Plans": [
                {
                  "Node Type": "Seq Scan",
                  "Parent Relationship": "Outer",
                  "Parallel Aware": true,
                  "Relation Name": "title",
                  "Alias": "t",
                  "Startup Cost": 0.0,
                  "Total Cost": 45479.59,
                  "Plan Rows": 64032,
                  "Plan Width": 0,
                  "Actual Startup Time": 0.055,
                  "Actual Total Time": 83.861,
                  "Actual Rows": 45569,
                  "Actual Loops": 5,
                  "Filter": "((kind_id < 7) AND (production_year > 2008))",
                  "Rows Removed by Filter": 460093
                }
              ]
            }
          ]
        }
      ]
    },
    "Planning Time": 0.162,
    "Triggers": [],
    "Execution Time": 104.252
  }
]