[
  {
    "Plan": {
      "Node Type": "Aggregate",
      "Strategy": "Plain",
      "Partial Mode": "Finalize",
      "Parallel Aware": false,
      "Startup Cost": 45092.05,
      "Total Cost": 45092.06,
      "Plan Rows": 1,
      "Plan Width": 8,
      "Actual Startup Time": 100.899,
      "Actual Total Time": 113.885,
      "Actual Rows": 1,
      "Actual Loops": 1,
      "Plans": [
        {
          "Node Type": "Gather",
          "Parent Relationship": "Outer",
          "Parallel Aware": false,
          "Startup Cost": 45091.63,
          "Total Cost": 45092.04,
          "Plan Rows": 4,
          "Plan Width": 8,
          "Actual Startup Time": 100.592,
          "Actual Total Time": 113.873,
          "Actual Rows": 5,
          "Actual Loops": 1,
          "Workers Planned": 4,
          "Workers Launched": 4,
          "Single Copy": false,
          "Plans": [
            {
              "Node Type": "Aggregate",
              "Strategy": "Plain",
              "Partial Mode": "Partial",
              "Parent Relationship": "Outer",
              "Parallel Aware": false,
              "Startup Cost": 44091.63,
              "Total Cost": 44091.64,
              "Plan Rows": 1,
              "Plan Width": 8,
              "Actual Startup Time": 92.436,
              "Actual Total Time": 92.437,
              "Actual Rows": 1,
              "Actual Loops": 5,
              "Plans": [
                {
                  "Node Type": "Seq Scan",
                  "Parent Relationship": "Outer",
                  "Parallel Aware": true,
                  "Relation Name": "title",
                  "Alias": "t",
                  "Startup Cost": 0.0,
                  "Total Cost": 43899.32,
                  "Plan Rows": 76925,
                  "Plan Width": 0,
                  "Actual Startup Time": 0.051,
                  "Actual Total Time": 88.723,
                  "Actual Rows": 64649,
                  "Actual Loops": 5,
                  "Filter": "(production_year < 1967)",
                  "Rows Removed by Filter": 441013
                }
              ]
            }
          ]
        }
      ]
    },
    "Planning Time": 0.171,
    "Triggers": [],
    "Execution Time": 113.955
  }
]