[
  {
    "Plan": {
      "Node Type": "Aggregate",
      "Strategy": "Plain",
      "Partial Mode": "Simple",
      "Parallel Aware": false,
      "Startup Cost": 19532.38,
      "Total Cost": 19532.39,
      "Plan Rows": 1,
      "Plan Width": 8,
      "Actual Startup Time": 10.773,
      "Actual Total Time": 10.775,
      "Actual Rows": 1,
      "Actual Loops": 1,
      "Plans": [
        {
          "Node Type": "Bitmap Heap Scan",
          "Parent Relationship": "Outer",
          "Parallel Aware": false,
          "Relation Name": "movie_companies",
          "Alias": "mc",
          "Startup Cost": 354.38,
          "Total Cost": 19491.75,
          "Plan Rows": 16252,
          "Plan Width": 0,
          "Actual Startup Time": 1.634,
          "Actual Total Time": 8.644,
          "Actual Rows": 14878,
          "Actual Loops": 1,
          "Recheck Cond": "(company_id > 220942)",
          "Rows Removed by Index Recheck": 0,
          "Exact Heap Blocks": 659,
          "Lossy Heap Blocks": 0,
          "Plans": [
            {
              "Node Type": "Bitmap Index Scan",
              "Parent Relationship": "Outer",
              "Parallel Aware": false,
              "Index Name": "company_id_movie_companies",
              "Startup Cost": 0.0,
              "Total Cost": 350.32,
              "Plan Rows": 16252,
              "Plan Width": 0,
              "Actual Startup Time": 1.437,
              "Actual Total Time": 1.438,
              "Actual Rows": 14878,
              "Actual Loops": 1,
              "Index Cond": "(company_id > 220942)"
            }
          ]
        }
      ]
    },
    "Planning Time": 0.23,
    "Triggers": [],
    "Execution Time": 10.839
  }
]