{
  "Plan": {
    "Node Type": "Aggregate",
    "Strategy": "Plain",
    "Partial Mode": "Finalize",
    "Parallel Aware": false,
    "Startup Cost": 23905.37,
    "Total Cost": 23905.38,
    "Plan Rows": 1,
    "Plan Width": 8,
    "Actual Startup Time": 11.993,
    "Actual Total Time": 13.53,
    "Actual Rows": 1,
    "Actual Loops": 1,
    "Plans": [
      {
        "Node Type": "Gather",
        "Parent Relationship": "Outer",
        "Parallel Aware": false,
        "Startup Cost": 23905.26,
        "Total Cost": 23905.37,
        "Plan Rows": 1,
        "Plan Width": 8,
        "Actual Startup Time": 11.805,
        "Actual Total Time": 13.519,
        "Actual Rows": 2,
        "Actual Loops": 1,
        "Workers Planned": 1,
        "Workers Launched": 1,
        "Single Copy": false,
        "Plans": [
          {
            "Node Type": "Aggregate",
            "Strategy": "Plain",
            "Partial Mode": "Partial",
            "Parent Relationship": "Outer",
            "Parallel Aware": false,
            "Startup Cost": 22905.26,
            "Total Cost": 22905.27,
            "Plan Rows": 1,
            "Plan Width": 8,
            "Actual Startup Time": 5.817,
            "Actual Total Time": 5.819,
            "Actual Rows": 1,
            "Actual Loops": 2,
            "Plans": [
              {
                "Node Type": "Nested Loop",
                "Parent Relationship": "Outer",
                "Parallel Aware": false,
                "Join Type": "Inner",
                "Startup Cost": 111.31,
                "Total Cost": 22905.02,
                "Plan Rows": 98,
                "Plan Width": 0,
                "Actual Startup Time": 3.374,
                "Actual Total Time": 5.812,
                "Actual Rows": 0,
                "Actual Loops": 2,
                "Inner Unique": true,
                "Plans": [
                  {
                    "Node Type": "Bitmap Heap Scan",
                    "Parent Relationship": "Outer",
                    "Parallel Aware": true,
                    "Relation Name": "movie_companies",
                    "Alias": "mc",
                    "Startup Cost": 110.88,
                    "Total Cost": 11454.99,
                    "Plan Rows": 1461,
                    "Plan Width": 4,
                    "Actual Startup Time": 1.848,
                    "Actual Total Time": 3.896,
                    "Actual Rows": 188,
                    "Actual Loops": 2,
                    "Recheck Cond": "(company_id = 1427)",
                    "Rows Removed by Index Recheck": 0,
                    "Filter": "(company_type_id < 2)",
                    "Rows Removed by Filter": 2386,
                    "Exact Heap Blocks": 898,
                    "Lossy Heap Blocks": 0,
                    "Plans": [
                      {
                        "Node Type": "Bitmap Index Scan",
                        "Parent Relationship": "Outer",
                        "Parallel Aware": false,
                        "Index Name": "company_id_movie_companies",
                        "Startup Cost": 0.0,
                        "Total Cost": 110.26,
                        "Plan Rows": 5044,
                        "Plan Width": 0,
                        "Actual Startup Time": 2.87,
                        "Actual Total Time": 2.871,
                        "Actual Rows": 5148,
                        "Actual Loops": 1,
                        "Index Cond": "(company_id = 1427)"
                      }
                    ]
                  },
                  {
                    "Node Type": "Index Scan",
                    "Parent Relationship": "Inner",
                    "Parallel Aware": false,
                    "Scan Direction": "Forward",
                    "Index Name": "title_pkey",
                    "Relation Name": "title",
                    "Alias": "t",
                    "Startup Cost": 0.43,
                    "Total Cost": 7.84,
                    "Plan Rows": 1,
                    "Plan Width": 4,
                    "Actual Startup Time": 0.01,
                    "Actual Total Time": 0.01,
                    "Actual Rows": 0,
                    "Actual Loops": 375,
                    "Index Cond": "(id = mc.movie_id)",
                    "Rows Removed by Index Recheck": 0,
                    "Filter": "((kind_id > 1) AND (production_year > 2011))",
                    "Rows Removed by Filter": 1
                  }
                ]
              }
            ]
          }
        ]
      }
    ]
  },
  "Planning Time": 0.496,
  "Triggers": [],
  "Execution Time": 13.63
}