[
  {
    "Plan": {
      "Node Type": "Aggregate",
      "Strategy": "Plain",
      "Partial Mode": "Finalize",
      "Parallel Aware": false,
      "Startup Cost": 118640.93,
      "Total Cost": 118640.94,
      "Plan Rows": 1,
      "Plan Width": 8,
      "Actual Startup Time": 407.434,
      "Actual Total Time": 425.835,
      "Actual Rows": 1,
      "Actual Loops": 1,
      "Plans": [
        {
          "Node Type": "Gather",
          "Parent Relationship": "Outer",
          "Parallel Aware": false,
          "Startup Cost": 118640.62,
          "Total Cost": 118640.93,
          "Plan Rows": 3,
          "Plan Width": 8,
          "Actual Startup Time": 402.393,
          "Actual Total Time": 425.826,
          "Actual Rows": 4,
          "Actual Loops": 1,
          "Workers Planned": 3,
          "Workers Launched": 3,
          "Single Copy": false,
          "Plans": [
            {
              "Node Type": "Aggregate",
              "Strategy": "Plain",
              "Partial Mode": "Partial",
              "Parent Relationship": "Outer",
              "Parallel Aware": false,
              "Startup Cost": 117640.62,
              "Total Cost": 117640.63,
              "Plan Rows": 1,
              "Plan Width": 8,
              "Actual Startup Time": 390.136,
              "Actual Total Time": 390.142,
              "Actual Rows": 1,
              "Actual Loops": 4,
              "Plans": [
                {
                  "Node Type": "Hash Join",
                  "Parent Relationship": "Outer",
                  "Parallel Aware": true,
                  "Join Type": "Inner",
                  "Startup Cost": 86075.42,
                  "Total Cost": 117554.1,
                  "Plan Rows": 34605,
                  "Plan Width": 0,
                  "Actual Startup Time": 291.535,
                  "Actual Total Time": 389.883,
                  "Actual Rows": 5790,
                  "Actual Loops": 4,
                  "Inner Unique": false,
                  "Hash Cond": "(mc.movie_id = t.id)",
                  "Plans": [
                    {
                      "Node Type": "Seq Scan",
                      "Parent Relationship": "Outer",
                      "Parallel Aware": true,
                      "Relation Name": "movie_companies",
                      "Alias": "mc",
                      "Startup Cost": 0.0,
                      "Total Cost": 29310.68,
                      "Plan Rows": 548367,
                      "Plan Width": 4,
                      "Actual Startup Time": 1.196,
                      "Actual Total Time": 67.639,
                      "Actual Rows": 425512,
                      "Actual Loops": 4,
                      "Filter": "(company_id > 2980)",
                      "Rows Removed by Filter": 226770
                    },
                    {
                      "Node Type": "Hash",
                      "Parent Relationship": "Inner",
                      "Parallel Aware": true,
                      "Startup Cost": 85432.07,
                      "Total Cost": 85432.07,
                      "Plan Rows": 51468,
                      "Plan Width": 8,
                      "Actual Startup Time": 285.857,
                      "Actual Total Time": 285.861,
                      "Actual Rows": 7102,
                      "Actual Loops": 4,
                      "Hash Buckets": 262144,
                      "Original Hash Buckets": 262144,
                      "Hash Batches": 1,
                      "Original Hash Batches": 1,
                      "Peak Memory Usage": 3200,
                      "Plans": [
                        {
                          "Node Type": "Hash Join",
                          "Parent Relationship": "Outer",
                          "Parallel Aware": true,
                          "Join Type": "Inner",
                          "Startup Cost": 58554.81,
                          "Total Cost": 85432.07,
                          "Plan Rows": 51468,
                          "Plan Width": 8,
                          "Actual Startup Time": 203.643,
                          "Actual Total Time": 282.847,
                          "Actual Rows": 7102,
                          "Actual Loops": 4,
                          "Inner Unique": true,
                          "Hash Cond": "(mk.movie_id = t.id)",
                          "Plans": [
                            {
                              "Node Type": "Bitmap Heap Scan",
                              "Parent Relationship": "Outer",
                              "Parallel Aware": true,
                              "Relation Name": "movie_keyword",
                              "Alias": "mk",
                              "Startup Cost": 10537.6,
                              "Total Cost": 36994.29,
                              "Plan Rows": 160215,
                              "Plan Width": 4,
                              "Actual Startup Time": 28.733,
                              "Actual Total Time": 82.73,
                              "Actual Rows": 120991,
                              "Actual Loops": 4,
                              "Recheck Cond": "(keyword_id > 37065)",
                              "Rows Removed by Index Recheck": 0,
                              "Exact Heap Blocks": 7867,
                              "Lossy Heap Blocks": 0,
                              "Plans": [
                                {
                                  "Node Type": "Bitmap Index Scan",
                                  "Parent Relationship": "Outer",
                                  "Parallel Aware": false,
                                  "Index Name": "keyword_id_movie_keyword",
                                  "Startup Cost": 0.0,
                                  "Total Cost": 10413.44,
                                  "Plan Rows": 496667,
                                  "Plan Width": 0,
                                  "Actual Startup Time": 25.288,
                                  "Actual Total Time": 25.288,
                                  "Actual Rows": 483965,
                                  "Actual Loops": 1,
                                  "Index Cond": "(keyword_id > 37065)"
                                }
                              ]
                            },
                            {
                              "Node Type": "Hash",
                              "Parent Relationship": "Inner",
                              "Parallel Aware": true,
                              "Startup Cost": 45479.1,
                              "Total Cost": 45479.1,
                              "Plan Rows": 203049,
                              "Plan Width": 4,
                              "Actual Startup Time": 171.22,
                              "Actual Total Time": 171.221,
                              "Actual Rows": 184690,
                              "Actual Loops": 4,
                              "Hash Buckets": 1048576,
                              "Original Hash Buckets": 1048576,
                              "Hash Batches": 1,
                              "Original Hash Batches": 1,
                              "Peak Memory Usage": 37152,
                              "Plans": [
                                {
                                  "Node Type": "Seq Scan",
                                  "Parent Relationship": "Outer",
                                  "Parallel Aware": true,
                                  "Relation Name": "title",
                                  "Alias": "t",
                                  "Startup Cost": 0.0,
                                  "Total Cost": 45479.1,
                                  "Plan Rows": 203049,
                                  "Plan Width": 4,
                                  "Actual Startup Time": 0.036,
                                  "Actual Total Time": 102.571,
                                  "Actual Rows": 184690,
                                  "Actual Loops": 4,
                                  "Filter": "((production_year < 2005) AND (kind_id = 7))",
                                  "Rows Removed by Filter": 447388
                                }
                              ]
                            }
                          ]
                        }
                      ]
                    }
                  ]
                }
              ]
            }
          ]
        }
      ]
    },
    "Planning Time": 1.469,
    "Triggers": [],
    "Execution Time": 425.939
  }
]