[
  {
    "Plan": {
      "Node Type": "Aggregate",
      "Strategy": "Plain",
      "Partial Mode": "Finalize",
      "Parallel Aware": false,
      "Startup Cost": 46480.76,
      "Total Cost": 46480.77,
      "Plan Rows": 1,
      "Plan Width": 8,
      "Actual Startup Time": 95.515,
      "Actual Total Time": 110.512,
      "Actual Rows": 1,
      "Actual Loops": 1,
      "Plans": [
        {
          "Node Type": "Gather",
          "Parent Relationship": "Outer",
          "Parallel Aware": false,
          "Startup Cost": 46480.34,
          "Total Cost": 46480.75,
          "Plan Rows": 4,
          "Plan Width": 8,
          "Actual Startup Time": 95.367,
          "Actual Total Time": 110.503,
          "Actual Rows": 5,
          "Actual Loops": 1,
          "Workers Planned": 4,
          "Workers Launched": 4,
          "Single Copy": false,
          "Plans": [
            {
              "Node Type": "Aggregate",
              "Strategy": "Plain",
              "Partial Mode": "Partial",
              "Parent Relationship": "Outer",
              "Parallel Aware": false,
              "Startup Cost": 45480.34,
              "Total Cost": 45480.35,
              "Plan Rows": 1,
              "Plan Width": 8,
              "Actual Startup Time": 86.824,
              "Actual Total Time": 86.825,
              "Actual Rows": 1,
              "Actual Loops": 5,
              "Plans": [
                {
                  "Node Type": "Seq Scan",
                  "Parent Relationship": "Outer",
                  "Parallel Aware": true,
                  "Relation Name": "title",
                  "Alias": "t",
                  "Startup Cost": 0.0,
                  "Total Cost": 45479.1,
                  "Plan Rows": 496,
                  "Plan Width": 0,
                  "Actual Startup Time": 2.854,
                  "Actual Total Time": 86.742,
                  "Actual Rows": 550,
                  "Actual Loops": 5,
                  "Filter": "((kind_id < 7) AND (production_year = 1951))",
                  "Rows Removed by Filter": 505113
                }
              ]
            }
          ]
        }
      ]
    },
    "Planning Time": 0.186,
    "Triggers": [],
    "Execution Time": 110.57
  }
]