[
  {
    "Plan": {
      "Node Type": "Aggregate",
      "Strategy": "Plain",
      "Partial Mode": "Finalize",
      "Parallel Aware": false,
      "Startup Cost": 351959.49,
      "Total Cost": 351959.5,
      "Plan Rows": 1,
      "Plan Width": 8,
      "Actual Startup Time": 981.427,
      "Actual Total Time": 1033.178,
      "Actual Rows": 1,
      "Actual Loops": 1,
      "Plans": [
        {
          "Node Type": "Gather",
          "Parent Relationship": "Outer",
          "Parallel Aware": false,
          "Startup Cost": 351958.87,
          "Total Cost": 351959.48,
          "Plan Rows": 6,
          "Plan Width": 8,
          "Actual Startup Time": 981.222,
          "Actual Total Time": 1033.164,
          "Actual Rows": 7,
          "Actual Loops": 1,
          "Workers Planned": 6,
          "Workers Launched": 6,
          "Single Copy": false,
          "Plans": [
            {
              "Node Type": "Aggregate",
              "Strategy": "Plain",
              "Partial Mode": "Partial",
              "Parent Relationship": "Outer",
              "Parallel Aware": false,
              "Startup Cost": 350958.87,
              "Total Cost": 350958.88,
              "Plan Rows": 1,
              "Plan Width": 8,
              "Actual Startup Time": 973.727,
              "Actual Total Time": 973.728,
              "Actual Rows": 1,
              "Actual Loops": 7,
              "Plans": [
                {
                  "Node Type": "Seq Scan",
                  "Parent Relationship": "Outer",
                  "Parallel Aware": true,
                  "Relation Name": "cast_info",
                  "Alias": "ci",
                  "Startup Cost": 0.0,
                  "Total Cost": 343316.27,
                  "Plan Rows": 3057039,
                  "Plan Width": 0,
                  "Actual Startup Time": 275.053,
                  "Actual Total Time": 833.922,
                  "Actual Rows": 2229710,
                  "Actual Loops": 7,
                  "Filter": "((person_id < 2883020) AND (role_id > 1))",
                  "Rows Removed by Filter": 2948054
                }
              ]
            }
          ]
        }
      ]
    },
    "Planning Time": 0.236,
    "Triggers": [],
    "Execution Time": 1033.254
  }
]