[
  {
    "Plan": {
      "Node Type": "Aggregate",
      "Strategy": "Plain",
      "Partial Mode": "Finalize",
      "Parallel Aware": false,
      "Startup Cost": 194239.97,
      "Total Cost": 194239.98,
      "Plan Rows": 1,
      "Plan Width": 8,
      "Actual Startup Time": 116.671,
      "Actual Total Time": 130.19,
      "Actual Rows": 1,
      "Actual Loops": 1,
      "Plans": [
        {
          "Node Type": "Gather",
          "Parent Relationship": "Outer",
          "Parallel Aware": false,
          "Startup Cost": 194239.55,
          "Total Cost": 194239.96,
          "Plan Rows": 4,
          "Plan Width": 8,
          "Actual Startup Time": 116.284,
          "Actual Total Time": 130.182,
          "Actual Rows": 5,
          "Actual Loops": 1,
          "Workers Planned": 4,
          "Workers Launched": 4,
          "Single Copy": false,
          "Plans": [
            {
              "Node Type": "Aggregate",
              "Strategy": "Plain",
              "Partial Mode": "Partial",
              "Parent Relationship": "Outer",
              "Parallel Aware": false,
              "Startup Cost": 193239.55,
              "Total Cost": 193239.56,
              "Plan Rows": 1,
              "Plan Width": 8,
              "Actual Startup Time": 111.158,
              "Actual Total Time": 111.162,
              "Actual Rows": 1,
              "Actual Loops": 5,
              "Plans": [
                {
                  "Node Type": "Hash Join",
                  "Parent Relationship": "Outer",
                  "Parallel Aware": true,
                  "Join Type": "Inner",
                  "Startup Cost": 45747.78,
                  "Total Cost": 193238.95,
                  "Plan Rows": 238,
                  "Plan Width": 0,
                  "Actual Startup Time": 101.481,
                  "Actual Total Time": 111.144,
                  "Actual Rows": 95,
                  "Actual Loops": 5,
                  "Inner Unique": true,
                  "Hash Cond": "(mi.movie_id = t.id)",
                  "Plans": [
                    {
                      "Node Type": "Bitmap Heap Scan",
                      "Parent Relationship": "Outer",
                      "Parallel Aware": true,
                      "Relation Name": "movie_info",
                      "Alias": "mi",
                      "Startup Cost": 1771.81,
                      "Total Cost": 149198.68,
                      "Plan Rows": 24496,
                      "Plan Width": 4,
                      "Actual Startup Time": 5.662,
                      "Actual Total Time": 14.29,
                      "Actual Rows": 21807,
                      "Actual Loops": 5,
                      "Recheck Cond": "(info_type_id = 106)",
                      "Rows Removed by Index Recheck": 0,
                      "Exact Heap Blocks": 1225,
                      "Lossy Heap Blocks": 0,
                      "Plans": [
                        {
                          "Node Type": "Bitmap Index Scan",
                          "Parent Relationship": "Outer",
                          "Parallel Aware": false,
                          "Index Name": "info_type_id_movie_info",
                          "Startup Cost": 0.0,
                          "Total Cost": 1747.32,
                          "Plan Rows": 97984,
                          "Plan Width": 0,
                          "Actual Startup Time": 4.979,
                          "Actual Total Time": 4.98,
                          "Actual Rows": 109034,
                          "Actual Loops": 1,
                          "Index Cond": "(info_type_id = 106)"
                        }
                      ]
                    },
                    {
                      "Node Type": "Hash",
                      "Parent Relationship": "Inner",
                      "Parallel Aware": true,
                      "Startup Cost": 43899.32,
                      "Total Cost": 43899.32,
                      "Plan Rows": 6132,
                      "Plan Width": 4,
                      "Actual Startup Time": 94.207,
                      "Actual Total Time": 94.208,
                      "Actual Rows": 5355,
                      "Actual Loops": 5,
                      "Hash Buckets": 32768,
                      "Original Hash Buckets": 32768,
                      "Hash Batches": 1,
                      "Original Hash Batches": 1,
                      "Peak Memory Usage": 1376,
                      "Plans": [
                        {
                          "Node Type": "Seq Scan",
                          "Parent Relationship": "Outer",
                          "Parallel Aware": true,
                          "Relation Name": "title",
                          "Alias": "t",
                          "Startup Cost": 0.0,
                          "Total Cost": 43899.32,
                          "Plan Rows": 6132,
                          "Plan Width": 4,
                          "Actual Startup Time": 0.06,
                          "Actual Total Time": 90.789,
                          "Actual Rows": 5355,
                          "Actual Loops": 5,
                          "Filter": "(production_year = 1993)",
                          "Rows Removed by Filter": 500307
                        }
                      ]
                    }
                  ]
                }
              ]
            }
          ]
        }
      ]
    },
    "Planning Time": 0.345,
    "Triggers": [],
    "Execution Time": 130.244
  }
]