[
  {
    "Plan": {
      "Node Type": "Aggregate",
      "Strategy": "Plain",
      "Partial Mode": "Finalize",
      "Parallel Aware": false,
      "Startup Cost": 332152.51,
      "Total Cost": 332152.52,
      "Plan Rows": 1,
      "Plan Width": 8,
      "Actual Startup Time": 621.246,
      "Actual Total Time": 666.892,
      "Actual Rows": 1,
      "Actual Loops": 1,
      "Plans": [
        {
          "Node Type": "Gather",
          "Parent Relationship": "Outer",
          "Parallel Aware": false,
          "Startup Cost": 332151.88,
          "Total Cost": 332152.49,
          "Plan Rows": 6,
          "Plan Width": 8,
          "Actual Startup Time": 621.047,
          "Actual Total Time": 666.876,
          "Actual Rows": 7,
          "Actual Loops": 1,
          "Workers Planned": 6,
          "Workers Launched": 6,
          "Single Copy": false,
          "Plans": [
            {
              "Node Type": "Aggregate",
              "Strategy": "Plain",
              "Partial Mode": "Partial",
              "Parent Relationship": "Outer",
              "Parallel Aware": false,
              "Startup Cost": 331151.88,
              "Total Cost": 331151.89,
              "Plan Rows": 1,
              "Plan Width": 8,
              "Actual Startup Time": 612.307,
              "Actual Total Time": 612.308,
              "Actual Rows": 1,
              "Actual Loops": 7,
              "Plans": [
                {
                  "Node Type": "Seq Scan",
                  "Parent Relationship": "Outer",
                  "Parallel Aware": true,
                  "Relation Name": "cast_info",
                  "Alias": "ci",
                  "Startup Cost": 0.0,
                  "Total Cost": 328211.39,
                  "Plan Rows": 1176196,
                  "Plan Width": 0,
                  "Actual Startup Time": 353.693,
                  "Actual Total Time": 564.4,
                  "Actual Rows": 996396,
                  "Actual Loops": 7,
                  "Filter": "(person_id > 2967724)",
                  "Rows Removed by Filter": 4181367
                }
              ]
            }
          ]
        }
      ]
    },
    "Planning Time": 0.082,
    "Triggers": [],
    "Execution Time": 666.936
  }
]