[
  {
    "Plan": {
      "Node Type": "Aggregate",
      "Strategy": "Plain",
      "Partial Mode": "Finalize",
      "Parallel Aware": false,
      "Startup Cost": 29903.08,
      "Total Cost": 29903.09,
      "Plan Rows": 1,
      "Plan Width": 8,
      "Actual Startup Time": 90.006,
      "Actual Total Time": 94.906,
      "Actual Rows": 1,
      "Actual Loops": 1,
      "Plans": [
        {
          "Node Type": "Gather",
          "Parent Relationship": "Outer",
          "Parallel Aware": false,
          "Startup Cost": 29902.76,
          "Total Cost": 29903.07,
          "Plan Rows": 3,
          "Plan Width": 8,
          "Actual Startup Time": 89.783,
          "Actual Total Time": 94.896,
          "Actual Rows": 4,
          "Actual Loops": 1,
          "Workers Planned": 3,
          "Workers Launched": 3,
          "Single Copy": false,
          "Plans": [
            {
              "Node Type": "Aggregate",
              "Strategy": "Plain",
              "Partial Mode": "Partial",
              "Parent Relationship": "Outer",
              "Parallel Aware": false,
              "Startup Cost": 28902.76,
              "Total Cost": 28902.77,
              "Plan Rows": 1,
              "Plan Width": 8,
              "Actual Startup Time": 83.155,
              "Actual Total Time": 83.156,
              "Actual Rows": 1,
              "Actual Loops": 4,
              "Plans": [
                {
                  "Node Type": "Bitmap Heap Scan",
                  "Parent Relationship": "Outer",
                  "Parallel Aware": true,
                  "Relation Name": "movie_keyword",
                  "Alias": "mk",
                  "Startup Cost": 3623.01,
                  "Total Cost": 28765.13,
                  "Plan Rows": 55050,
                  "Plan Width": 0,
                  "Actual Startup Time": 28.798,
                  "Actual Total Time": 80.023,
                  "Actual Rows": 42016,
                  "Actual Loops": 4,
                  "Recheck Cond": "(keyword_id > 72217)",
                  "Rows Removed by Index Recheck": 0,
                  "Exact Heap Blocks": 11024,
                  "Lossy Heap Blocks": 0,
                  "Plans": [
                    {
                      "Node Type": "Bitmap Index Scan",
                      "Parent Relationship": "Outer",
                      "Parallel Aware": false,
                      "Index Name": "keyword_id_movie_keyword",
                      "Startup Cost": 0.0,
                      "Total Cost": 3580.34,
                      "Plan Rows": 170655,
                      "Plan Width": 0,
                      "Actual Startup Time": 28.816,
                      "Actual Total Time": 28.817,
                      "Actual Rows": 168063,
                      "Actual Loops": 1,
                      "Index Cond": "(keyword_id > 72217)"
                    }
                  ]
                }
              ]
            }
          ]
        }
      ]
    },
    "Planning Time": 0.196,
    "Triggers": [],
    "Execution Time": 94.989
  }
]