[
  {
    "Plan": {
      "Node Type": "Aggregate",
      "Strategy": "Plain",
      "Partial Mode": "Finalize",
      "Parallel Aware": false,
      "Startup Cost": 337101.39,
      "Total Cost": 337101.4,
      "Plan Rows": 1,
      "Plan Width": 8,
      "Actual Startup Time": 844.663,
      "Actual Total Time": 889.792,
      "Actual Rows": 1,
      "Actual Loops": 1,
      "Plans": [
        {
          "Node Type": "Gather",
          "Parent Relationship": "Outer",
          "Parallel Aware": false,
          "Startup Cost": 337100.76,
          "Total Cost": 337101.37,
          "Plan Rows": 6,
          "Plan Width": 8,
          "Actual Startup Time": 844.493,
          "Actual Total Time": 889.775,
          "Actual Rows": 7,
          "Actual Loops": 1,
          "Workers Planned": 6,
          "Workers Launched": 6,
          "Single Copy": false,
          "Plans": [
            {
              "Node Type": "Aggregate",
              "Strategy": "Plain",
              "Partial Mode": "Partial",
              "Parent Relationship": "Outer",
              "Parallel Aware": false,
              "Startup Cost": 336100.76,
              "Total Cost": 336100.77,
              "Plan Rows": 1,
              "Plan Width": 8,
              "Actual Startup Time": 837.074,
              "Actual Total Time": 837.076,
              "Actual Rows": 1,
              "Actual Loops": 7,
              "Plans": [
                {
                  "Node Type": "Seq Scan",
                  "Parent Relationship": "Outer",
                  "Parallel Aware": true,
                  "Relation Name": "cast_info",
                  "Alias": "ci",
                  "Startup Cost": 0.0,
                  "Total Cost": 328211.39,
                  "Plan Rows": 3155749,
                  "Plan Width": 0,
                  "Actual Startup Time": 0.047,
                  "Actual Total Time": 686.643,
                  "Actual Rows": 2732648,
                  "Actual Loops": 7,
                  "Filter": "(person_id < 1910701)",
                  "Rows Removed by Filter": 2445116
                }
              ]
            }
          ]
        }
      ]
    },
    "Planning Time": 0.091,
    "Triggers": [],
    "Execution Time": 889.837
  }
]