{
  "Plan": {
    "Node Type": "Aggregate",
    "Strategy": "Plain",
    "Partial Mode": "Finalize",
    "Parallel Aware": false,
    "Startup Cost": 468708.86,
    "Total Cost": 468708.87,
    "Plan Rows": 1,
    "Plan Width": 8,
    "Actual Startup Time": 1593.029,
    "Actual Total Time": 1617.626,
    "Actual Rows": 1,
    "Actual Loops": 1,
    "Plans": [
      {
        "Node Type": "Gather",
        "Parent Relationship": "Outer",
        "Parallel Aware": false,
        "Startup Cost": 468708.75,
        "Total Cost": 468708.86,
        "Plan Rows": 1,
        "Plan Width": 8,
        "Actual Startup Time": 1589.973,
        "Actual Total Time": 1617.619,
        "Actual Rows": 2,
        "Actual Loops": 1,
        "Workers Planned": 1,
        "Workers Launched": 1,
        "Single Copy": false,
        "Plans": [
          {
            "Node Type": "Aggregate",
            "Strategy": "Plain",
            "Partial Mode": "Partial",
            "Parent Relationship": "Outer",
            "Parallel Aware": false,
            "Startup Cost": 467708.75,
            "Total Cost": 467708.76,
            "Plan Rows": 1,
            "Plan Width": 8,
            "Actual Startup Time": 1581.3,
            "Actual Total Time": 1581.304,
            "Actual Rows": 1,
            "Actual Loops": 2,
            "Plans": [
              {
                "Node Type": "Hash Join",
                "Parent Relationship": "Outer",
                "Parallel Aware": true,
                "Join Type": "Inner",
                "Startup Cost": 203756.48,
                "Total Cost": 467447.44,
                "Plan Rows": 104521,
                "Plan Width": 0,
                "Actual Startup Time": 1295.35,
                "Actual Total Time": 1549.678,
                "Actual Rows": 717858,
                "Actual Loops": 2,
                "Inner Unique": false,
                "Hash Cond": "(ci.movie_id = t.id)",
                "Plans": [
                  {
                    "Node Type": "Bitmap Heap Scan",
                    "Parent Relationship": "Outer",
                    "Parallel Aware": true,
                    "Relation Name": "cast_info",
                    "Alias": "ci",
                    "Startup Cost": 23786.68,
                    "Total Cost": 286047.44,
                    "Plan Rows": 217431,
                    "Plan Width": 4,
                    "Actual Startup Time": 37.345,
                    "Actual Total Time": 116.423,
                    "Actual Rows": 524336,
                    "Actual Loops": 2,
                    "Recheck Cond": "(person_id > 3858625)",
                    "Rows Removed by Index Recheck": 0,
                    "Filter": "(role_id > 3)",
                    "Rows Removed by Filter": 0,
                    "Exact Heap Blocks": 7874,
                    "Lossy Heap Blocks": 0,
                    "Plans": [
                      {
                        "Node Type": "Bitmap Index Scan",
                        "Parent Relationship": "Outer",
                        "Parallel Aware": false,
                        "Index Name": "person_id_cast_info",
                        "Startup Cost": 0.0,
                        "Total Cost": 23694.27,
                        "Plan Rows": 1085027,
                        "Plan Width": 0,
                        "Actual Startup Time": 35.097,
                        "Actual Total Time": 35.097,
                        "Actual Rows": 1048671,
                        "Actual Loops": 1,
                        "Index Cond": "(person_id > 3858625)"
                      }
                    ]
                  },
                  {
                    "Node Type": "Hash",
                    "Parent Relationship": "Inner",
                    "Parallel Aware": true,
                    "Startup Cost": 171033.22,
                    "Total Cost": 171033.22,
                    "Plan Rows": 714927,
                    "Plan Width": 8,
                    "Actual Startup Time": 1243.493,
                    "Actual Total Time": 1243.495,
                    "Actual Rows": 655192,
                    "Actual Loops": 2,
                    "Hash Buckets": 2097152,
                    "Original Hash Buckets": 2097152,
                    "Hash Batches": 1,
                    "Original Hash Batches": 1,
                    "Peak Memory Usage": 67680,
                    "Plans": [
                      {
                        "Node Type": "Merge Join",
                        "Parent Relationship": "Outer",
                        "Parallel Aware": false,
                        "Join Type": "Inner",
                        "Startup Cost": 2.98,
                        "Total Cost": 171033.22,
                        "Plan Rows": 714927,
                        "Plan Width": 8,
                        "Actual Startup Time": 0.36,
                        "Actual Total Time": 1090.444,
                        "Actual Rows": 655192,
                        "Actual Loops": 2,
                        "Inner Unique": false,
                        "Merge Cond": "(t.id = mi_idx.movie_id)",
                        "Plans": [
                          {
                            "Node Type": "Index Scan",
                            "Parent Relationship": "Outer",
                            "Parallel Aware": true,
                            "Scan Direction": "Forward",
                            "Index Name": "title_pkey",
                            "Relation Name": "title",
                            "Alias": "t",
                            "Startup Cost": 0.43,
                            "Total Cost": 103647.43,
                            "Plan Rows": 1309782,
                            "Plan Width": 4,
                            "Actual Startup Time": 0.072,
                            "Actual Total Time": 659.44,
                            "Actual Rows": 1111738,
                            "Actual Loops": 2,
                            "Filter": "(production_year < 2012)",
                            "Rows Removed by Filter": 151218
                          },
                          {
                            "Node Type": "Index Only Scan",
                            "Parent Relationship": "Inner",
                            "Parallel Aware": false,
                            "Scan Direction": "Forward",
                            "Index Name": "movie_id_movie_info_idx",
                            "Relation Name": "movie_info_idx",
                            "Alias": "mi_idx",
                            "Startup Cost": 0.43,
                            "Total Cost": 53620.22,
                            "Plan Rows": 1380035,
                            "Plan Width": 4,
                            "Actual Startup Time": 0.159,
                            "Actual Total Time": 262.934,
                            "Actual Rows": 1380035,
                            "Actual Loops": 2,
                            "Heap Fetches": 2760070
                          }
                        ]
                      }
                    ]
                  }
                ]
              }
            ]
          }
        ]
      }
    ]
  },
  "Planning Time": 1.064,
  "Triggers": [],
  "Execution Time": 1617.734
}