[
  {
    "Plan": {
      "Node Type": "Aggregate",
      "Strategy": "Plain",
      "Partial Mode": "Finalize",
      "Parallel Aware": false,
      "Startup Cost": 341677.92,
      "Total Cost": 341677.93,
      "Plan Rows": 1,
      "Plan Width": 8,
      "Actual Startup Time": 814.163,
      "Actual Total Time": 873.459,
      "Actual Rows": 1,
      "Actual Loops": 1,
      "Plans": [
        {
          "Node Type": "Gather",
          "Parent Relationship": "Outer",
          "Parallel Aware": false,
          "Startup Cost": 341677.3,
          "Total Cost": 341677.91,
          "Plan Rows": 6,
          "Plan Width": 8,
          "Actual Startup Time": 814.036,
          "Actual Total Time": 873.449,
          "Actual Rows": 7,
          "Actual Loops": 1,
          "Workers Planned": 6,
          "Workers Launched": 6,
          "Single Copy": false,
          "Plans": [
            {
              "Node Type": "Aggregate",
              "Strategy": "Plain",
              "Partial Mode": "Partial",
              "Parent Relationship": "Outer",
              "Parallel Aware": false,
              "Startup Cost": 340677.3,
              "Total Cost": 340677.31,
              "Plan Rows": 1,
              "Plan Width": 8,
              "Actual Startup Time": 805.165,
              "Actual Total Time": 805.166,
              "Actual Rows": 1,
              "Actual Loops": 7,
              "Plans": [
                {
                  "Node Type": "Seq Scan",
                  "Parent Relationship": "Outer",
                  "Parallel Aware": true,
                  "Relation Name": "cast_info",
                  "Alias": "ci",
                  "Startup Cost": 0.0,
                  "Total Cost": 328162.03,
                  "Plan Rows": 5006108,
                  "Plan Width": 0,
                  "Actual Startup Time": 78.749,
                  "Actual Total Time": 628.364,
                  "Actual Rows": 4265582,
                  "Actual Loops": 7,
                  "Filter": "(person_id > 616070)",
                  "Rows Removed by Filter": 912182
                }
              ]
            }
          ]
        }
      ]
    },
    "Planning Time": 0.188,
    "Triggers": [],
    "Execution Time": 873.527
  }
]