[
  {
    "Plan": {
      "Node Type": "Aggregate",
      "Strategy": "Plain",
      "Partial Mode": "Finalize",
      "Parallel Aware": false,
      "Startup Cost": 72243.47,
      "Total Cost": 72243.48,
      "Plan Rows": 1,
      "Plan Width": 8,
      "Actual Startup Time": 302.653,
      "Actual Total Time": 319.398,
      "Actual Rows": 1,
      "Actual Loops": 1,
      "Plans": [
        {
          "Node Type": "Gather",
          "Parent Relationship": "Outer",
          "Parallel Aware": false,
          "Startup Cost": 72243.05,
          "Total Cost": 72243.46,
          "Plan Rows": 4,
          "Plan Width": 8,
          "Actual Startup Time": 301.138,
          "Actual Total Time": 319.384,
          "Actual Rows": 5,
          "Actual Loops": 1,
          "Workers Planned": 4,
          "Workers Launched": 4,
          "Single Copy": false,
          "Plans": [
            {
              "Node Type": "Aggregate",
              "Strategy": "Plain",
              "Partial Mode": "Partial",
              "Parent Relationship": "Outer",
              "Parallel Aware": false,
              "Startup Cost": 71243.05,
              "Total Cost": 71243.06,
              "Plan Rows": 1,
              "Plan Width": 8,
              "Actual Startup Time": 290.698,
              "Actual Total Time": 290.701,
              "Actual Rows": 1,
              "Actual Loops": 5,
              "Plans": [
                {
                  "Node Type": "Hash Join",
                  "Parent Relationship": "Outer",
                  "Parallel Aware": true,
                  "Join Type": "Inner",
                  "Startup Cost": 25443.78,
                  "Total Cost": 71103.25,
                  "Plan Rows": 55919,
                  "Plan Width": 0,
                  "Actual Startup Time": 90.049,
                  "Actual Total Time": 287.381,
                  "Actual Rows": 44777,
                  "Actual Loops": 5,
                  "Inner Unique": false,
                  "Hash Cond": "(t.id = mc.movie_id)",
                  "Plans": [
                    {
                      "Node Type": "Seq Scan",
                      "Parent Relationship": "Outer",
                      "Parallel Aware": true,
                      "Relation Name": "title",
                      "Alias": "t",
                      "Startup Cost": 0.0,
                      "Total Cost": 42318.73,
                      "Plan Rows": 632073,
                      "Plan Width": 4,
                      "Actual Startup Time": 0.022,
                      "Actual Total Time": 81.335,
                      "Actual Rows": 505662,
                      "Actual Loops": 5
                    },
                    {
                      "Node Type": "Hash",
                      "Parent Relationship": "Inner",
                      "Parallel Aware": true,
                      "Startup Cost": 24541.85,
                      "Total Cost": 24541.85,
                      "Plan Rows": 72154,
                      "Plan Width": 4,
                      "Actual Startup Time": 88.4,
                      "Actual Total Time": 88.402,
                      "Actual Rows": 44777,
                      "Actual Loops": 5,
                      "Hash Buckets": 262144,
                      "Original Hash Buckets": 262144,
                      "Hash Batches": 1,
                      "Original Hash Batches": 1,
                      "Peak Memory Usage": 10880,
                      "Plans": [
                        {
                          "Node Type": "Bitmap Heap Scan",
                          "Parent Relationship": "Outer",
                          "Parallel Aware": true,
                          "Relation Name": "movie_companies",
                          "Alias": "mc",
                          "Startup Cost": 4849.93,
                          "Total Cost": 24541.85,
                          "Plan Rows": 72154,
                          "Plan Width": 4,
                          "Actual Startup Time": 24.279,
                          "Actual Total Time": 67.705,
                          "Actual Rows": 44777,
                          "Actual Loops": 5,
                          "Recheck Cond": "(company_id < 82)",
                          "Rows Removed by Index Recheck": 0,
                          "Exact Heap Blocks": 6244,
                          "Lossy Heap Blocks": 0,
                          "Plans": [
                            {
                              "Node Type": "Bitmap Index Scan",
                              "Parent Relationship": "Outer",
                              "Parallel Aware": false,
                              "Index Name": "company_id_movie_companies",
                              "Startup Cost": 0.0,
                              "Total Cost": 4794.01,
                              "Plan Rows": 223677,
                              "Plan Width": 0,
                              "Actual Startup Time": 22.916,
                              "Actual Total Time": 22.917,
                              "Actual Rows": 223883,
                              "Actual Loops": 1,
                              "Index Cond": "(company_id < 82)"
                            }
                          ]
                        }
                      ]
                    }
                  ]
                }
              ]
            }
          ]
        }
      ]
    },
    "Planning Time": 0.749,
    "Triggers": [],
    "Execution Time": 319.51
  }
]