[
  {
    "Plan": {
      "Node Type": "Aggregate",
      "Strategy": "Plain",
      "Partial Mode": "Finalize",
      "Parallel Aware": false,
      "Startup Cost": 94681.26,
      "Total Cost": 94681.27,
      "Plan Rows": 1,
      "Plan Width": 8,
      "Actual Startup Time": 348.237,
      "Actual Total Time": 367.185,
      "Actual Rows": 1,
      "Actual Loops": 1,
      "Plans": [
        {
          "Node Type": "Gather",
          "Parent Relationship": "Outer",
          "Parallel Aware": false,
          "Startup Cost": 94680.84,
          "Total Cost": 94681.25,
          "Plan Rows": 4,
          "Plan Width": 8,
          "Actual Startup Time": 340.24,
          "Actual Total Time": 367.171,
          "Actual Rows": 5,
          "Actual Loops": 1,
          "Workers Planned": 4,
          "Workers Launched": 4,
          "Single Copy": false,
          "Plans": [
            {
              "Node Type": "Aggregate",
              "Strategy": "Plain",
              "Partial Mode": "Partial",
              "Parent Relationship": "Outer",
              "Parallel Aware": false,
              "Startup Cost": 93680.84,
              "Total Cost": 93680.85,
              "Plan Rows": 1,
              "Plan Width": 8,
              "Actual Startup Time": 328.023,
              "Actual Total Time": 328.03,
              "Actual Rows": 1,
              "Actual Loops": 5,
              "Plans": [
                {
                  "Node Type": "Hash Join",
                  "Parent Relationship": "Outer",
                  "Parallel Aware": true,
                  "Join Type": "Inner",
                  "Startup Cost": 48789.49,
                  "Total Cost": 93656.51,
                  "Plan Rows": 9732,
                  "Plan Width": 0,
                  "Actual Startup Time": 229.998,
                  "Actual Total Time": 326.359,
                  "Actual Rows": 34083,
                  "Actual Loops": 5,
                  "Inner Unique": false,
                  "Hash Cond": "(t.id = mi_idx.movie_id)",
                  "Plans": [
                    {
                      "Node Type": "Seq Scan",
                      "Parent Relationship": "Outer",
                      "Parallel Aware": true,
                      "Relation Name": "title",
                      "Alias": "t",
                      "Startup Cost": 0.0,
                      "Total Cost": 42319.06,
                      "Plan Rows": 632106,
                      "Plan Width": 4,
                      "Actual Startup Time": 0.016,
                      "Actual Total Time": 71.554,
                      "Actual Rows": 505662,
                      "Actual Loops": 5
                    },
                    {
                      "Node Type": "Hash",
                      "Parent Relationship": "Inner",
                      "Parallel Aware": true,
                      "Startup Cost": 47901.66,
                      "Total Cost": 47901.66,
                      "Plan Rows": 71026,
                      "Plan Width": 8,
                      "Actual Startup Time": 183.937,
                      "Actual Total Time": 183.943,
                      "Actual Rows": 34083,
                      "Actual Loops": 5,
                      "Hash Buckets": 262144,
                      "Original Hash Buckets": 262144,
                      "Hash Batches": 1,
                      "Original Hash Batches": 1,
                      "Peak Memory Usage": 8800,
                      "Plans": [
                        {
                          "Node Type": "Hash Join",
                          "Parent Relationship": "Outer",
                          "Parallel Aware": true,
                          "Join Type": "Inner",
                          "Startup Cost": 22040.09,
                          "Total Cost": 47901.66,
                          "Plan Rows": 71026,
                          "Plan Width": 8,
                          "Actual Startup Time": 110.602,
                          "Actual Total Time": 168.87,
                          "Actual Rows": 34083,
                          "Actual Loops": 5,
                          "Inner Unique": false,
                          "Hash Cond": "(mk.movie_id = mi_idx.movie_id)",
                          "Plans": [
                            {
                              "Node Type": "Bitmap Heap Scan",
                              "Parent Relationship": "Outer",
                              "Parallel Aware": true,
                              "Relation Name": "movie_keyword",
                              "Alias": "mk",
                              "Startup Cost": 4499.94,
                              "Total Cost": 29809.05,
                              "Plan Rows": 68408,
                              "Plan Width": 4,
                              "Actual Startup Time": 30.745,
                              "Actual Total Time": 71.441,
                              "Actual Rows": 43162,
                              "Actual Loops": 5,
                              "Recheck Cond": "(keyword_id > 65488)",
                              "Rows Removed by Index Recheck": 0,
                              "Exact Heap Blocks": 5315,
                              "Lossy Heap Blocks": 0,
                              "Plans": [
                                {
                                  "Node Type": "Bitmap Index Scan",
                                  "Parent Relationship": "Outer",
                                  "Parallel Aware": false,
                                  "Index Name": "keyword_id_movie_keyword",
                                  "Startup Cost": 0.0,
                                  "Total Cost": 4446.93,
                                  "Plan Rows": 212066,
                                  "Plan Width": 0,
                                  "Actual Startup Time": 27.37,
                                  "Actual Total Time": 27.371,
                                  "Actual Rows": 215812,
                                  "Actual Loops": 1,
                                  "Index Cond": "(keyword_id > 65488)"
                                }
                              ]
                            },
                            {
                              "Node Type": "Hash",
                              "Parent Relationship": "Inner",
                              "Parallel Aware": true,
                              "Startup Cost": 15122.68,
                              "Total Cost": 15122.68,
                              "Plan Rows": 193397,
                              "Plan Width": 4,
                              "Actual Startup Time": 78.338,
                              "Actual Total Time": 78.339,
                              "Actual Rows": 92037,
                              "Actual Loops": 5,
                              "Hash Buckets": 524288,
                              "Original Hash Buckets": 524288,
                              "Hash Batches": 1,
                              "Original Hash Batches": 1,
                              "Peak Memory Usage": 22144,
                              "Plans": [
                                {
                                  "Node Type": "Seq Scan",
                                  "Parent Relationship": "Outer",
                                  "Parallel Aware": true,
                                  "Relation Name": "movie_info_idx",
                                  "Alias": "mi_idx",
                                  "Startup Cost": 0.0,
                                  "Total Cost": 15122.68,
                                  "Plan Rows": 193397,
                                  "Plan Width": 4,
                                  "Actual Startup Time": 0.069,
                                  "Actual Total Time": 40.326,
                                  "Actual Rows": 92037,
                                  "Actual Loops": 5,
                                  "Filter": "(info_type_id > 100)",
                                  "Rows Removed by Filter": 183970
                                }
                              ]
                            }
                          ]
                        }
                      ]
                    }
                  ]
                }
              ]
            }
          ]
        }
      ]
    },
    "Planning Time": 1.119,
    "Triggers": [],
    "Execution Time": 367.3
  }
]