[
  {
    "Plan": {
      "Node Type": "Aggregate",
      "Strategy": "Plain",
      "Partial Mode": "Finalize",
      "Parallel Aware": false,
      "Startup Cost": 204553.73,
      "Total Cost": 204553.74,
      "Plan Rows": 1,
      "Plan Width": 8,
      "Actual Startup Time": 371.269,
      "Actual Total Time": 400.157,
      "Actual Rows": 1,
      "Actual Loops": 1,
      "Plans": [
        {
          "Node Type": "Gather",
          "Parent Relationship": "Outer",
          "Parallel Aware": false,
          "Startup Cost": 204553.21,
          "Total Cost": 204553.72,
          "Plan Rows": 5,
          "Plan Width": 8,
          "Actual Startup Time": 369.842,
          "Actual Total Time": 400.147,
          "Actual Rows": 6,
          "Actual Loops": 1,
          "Workers Planned": 5,
          "Workers Launched": 5,
          "Single Copy": false,
          "Plans": [
            {
              "Node Type": "Aggregate",
              "Strategy": "Plain",
              "Partial Mode": "Partial",
              "Parent Relationship": "Outer",
              "Parallel Aware": false,
              "Startup Cost": 203553.21,
              "Total Cost": 203553.22,
              "Plan Rows": 1,
              "Plan Width": 8,
              "Actual Startup Time": 361.416,
              "Actual Total Time": 361.42,
              "Actual Rows": 1,
              "Actual Loops": 6,
              "Plans": [
                {
                  "Node Type": "Nested Loop",
                  "Parent Relationship": "Outer",
                  "Parallel Aware": false,
                  "Join Type": "Inner",
                  "Startup Cost": 44345.17,
                  "Total Cost": 203549.26,
                  "Plan Rows": 1581,
                  "Plan Width": 0,
                  "Actual Startup Time": 258.335,
                  "Actual Total Time": 358.929,
                  "Actual Rows": 49388,
                  "Actual Loops": 6,
                  "Inner Unique": false,
                  "Plans": [
                    {
                      "Node Type": "Hash Join",
                      "Parent Relationship": "Outer",
                      "Parallel Aware": true,
                      "Join Type": "Inner",
                      "Startup Cost": 44344.74,
                      "Total Cost": 200267.43,
                      "Plan Rows": 1092,
                      "Plan Width": 8,
                      "Actual Startup Time": 257.984,
                      "Actual Total Time": 314.007,
                      "Actual Rows": 6580,
                      "Actual Loops": 6,
                      "Inner Unique": true,
                      "Hash Cond": "(ci.movie_id = t.id)",
                      "Plans": [
                        {
                          "Node Type": "Index Scan",
                          "Parent Relationship": "Outer",
                          "Parallel Aware": true,
                          "Scan Direction": "Forward",
                          "Index Name": "role_id_cast_info",
                          "Relation Name": "cast_info",
                          "Alias": "ci",
                          "Startup Cost": 0.56,
                          "Total Cost": 155872.35,
                          "Plan Rows": 19395,
                          "Plan Width": 4,
                          "Actual Startup Time": 161.851,
                          "Actual Total Time": 197.108,
                          "Actual Rows": 93885,
                          "Actual Loops": 6,
                          "Index Cond": "(role_id > 8)",
                          "Rows Removed by Index Recheck": 0,
                          "Filter": "(person_id > 3953654)",
                          "Rows Removed by Filter": 861564
                        },
                        {
                          "Node Type": "Hash",
                          "Parent Relationship": "Inner",
                          "Parallel Aware": true,
                          "Startup Cost": 43899.32,
                          "Total Cost": 43899.32,
                          "Plan Rows": 35588,
                          "Plan Width": 4,
                          "Actual Startup Time": 94.729,
                          "Actual Total Time": 94.73,
                          "Actual Rows": 23617,
                          "Actual Loops": 6,
                          "Hash Buckets": 262144,
                          "Original Hash Buckets": 262144,
                          "Hash Batches": 1,
                          "Original Hash Batches": 1,
                          "Peak Memory Usage": 7648,
                          "Plans": [
                            {
                              "Node Type": "Seq Scan",
                              "Parent Relationship": "Outer",
                              "Parallel Aware": true,
                              "Relation Name": "title",
                              "Alias": "t",
                              "Startup Cost": 0.0,
                              "Total Cost": 43899.32,
                              "Plan Rows": 35588,
                              "Plan Width": 4,
                              "Actual Startup Time": 0.045,
                              "Actual Total Time": 79.651,
                              "Actual Rows": 23617,
                              "Actual Loops": 6,
                              "Filter": "(production_year = 2010)",
                              "Rows Removed by Filter": 397768
                            }
                          ]
                        }
                      ]
                    },
                    {
                      "Node Type": "Index Scan",
                      "Parent Relationship": "Inner",
                      "Parallel Aware": false,
                      "Scan Direction": "Forward",
                      "Index Name": "movie_id_movie_keyword",
                      "Relation Name": "movie_keyword",
                      "Alias": "mk",
                      "Startup Cost": 0.43,
                      "Total Cost": 2.64,
                      "Plan Rows": 37,
                      "Plan Width": 4,
                      "Actual Startup Time": 0.005,
                      "Actual Total Time": 0.006,
                      "Actual Rows": 8,
                      "Actual Loops": 39479,
                      "Index Cond": "(movie_id = t.id)",
                      "Rows Removed by Index Recheck": 0,
                      "Filter": "(keyword_id < 21499)",
                      "Rows Removed by Filter": 2
                    }
                  ]
                }
              ]
            }
          ]
        }
      ]
    },
    "Planning Time": 0.595,
    "Triggers": [],
    "Execution Time": 400.216
  }
]