{
  "Plan": {
    "Node Type": "Aggregate",
    "Strategy": "Plain",
    "Partial Mode": "Finalize",
    "Parallel Aware": false,
    "Startup Cost": 976456.28,
    "Total Cost": 976456.29,
    "Plan Rows": 1,
    "Plan Width": 8,
    "Actual Startup Time": 12783.04,
    "Actual Total Time": 12836.272,
    "Actual Rows": 1,
    "Actual Loops": 1,
    "Plans": [
      {
        "Node Type": "Gather",
        "Parent Relationship": "Outer",
        "Parallel Aware": false,
        "Startup Cost": 976456.17,
        "Total Cost": 976456.28,
        "Plan Rows": 1,
        "Plan Width": 8,
        "Actual Startup Time": 12775.348,
        "Actual Total Time": 12836.262,
        "Actual Rows": 2,
        "Actual Loops": 1,
        "Workers Planned": 1,
        "Workers Launched": 1,
        "Single Copy": false,
        "Plans": [
          {
            "Node Type": "Aggregate",
            "Strategy": "Plain",
            "Partial Mode": "Partial",
            "Parent Relationship": "Outer",
            "Parallel Aware": false,
            "Startup Cost": 975456.17,
            "Total Cost": 975456.18,
            "Plan Rows": 1,
            "Plan Width": 8,
            "Actual Startup Time": 12763.718,
            "Actual Total Time": 12764.971,
            "Actual Rows": 1,
            "Actual Loops": 2,
            "Plans": [
              {
                "Node Type": "Hash Join",
                "Parent Relationship": "Outer",
                "Parallel Aware": true,
                "Join Type": "Inner",
                "Startup Cost": 590802.09,
                "Total Cost": 947952.86,
                "Plan Rows": 11001324,
                "Plan Width": 0,
                "Actual Startup Time": 3236.876,
                "Actual Total Time": 10919.578,
                "Actual Rows": 44447234,
                "Actual Loops": 2,
                "Inner Unique": false,
                "Hash Cond": "(mi.movie_id = t.id)",
                "Plans": [
                  {
                    "Node Type": "Seq Scan",
                    "Parent Relationship": "Outer",
                    "Parallel Aware": true,
                    "Relation Name": "movie_info",
                    "Alias": "mi",
                    "Startup Cost": 0.0,
                    "Total Cost": 248955.74,
                    "Plan Rows": 8696274,
                    "Plan Width": 4,
                    "Actual Startup Time": 0.016,
                    "Actual Total Time": 638.181,
                    "Actual Rows": 7417860,
                    "Actual Loops": 2
                  },
                  {
                    "Node Type": "Hash",
                    "Parent Relationship": "Inner",
                    "Parallel Aware": true,
                    "Startup Cost": 567284.11,
                    "Total Cost": 567284.11,
                    "Plan Rows": 1881439,
                    "Plan Width": 8,
                    "Actual Startup Time": 3212.26,
                    "Actual Total Time": 3213.511,
                    "Actual Rows": 1760848,
                    "Actual Loops": 2,
                    "Hash Buckets": 4194304,
                    "Original Hash Buckets": 4194304,
                    "Hash Batches": 1,
                    "Original Hash Batches": 1,
                    "Peak Memory Usage": 170560,
                    "Plans": [
                      {
                        "Node Type": "Hash Join",
                        "Parent Relationship": "Outer",
                        "Parallel Aware": true,
                        "Join Type": "Inner",
                        "Startup Cost": 242027.97,
                        "Total Cost": 567284.11,
                        "Plan Rows": 1881439,
                        "Plan Width": 8,
                        "Actual Startup Time": 587.805,
                        "Actual Total Time": 2613.883,
                        "Actual Rows": 1760848,
                        "Actual Loops": 2,
                        "Inner Unique": true,
                        "Hash Cond": "(ci.movie_id = t.id)",
                        "Plans": [
                          {
                            "Node Type": "Bitmap Heap Scan",
                            "Parent Relationship": "Outer",
                            "Parallel Aware": true,
                            "Relation Name": "cast_info",
                            "Alias": "ci",
                            "Startup Cost": 180149.66,
                            "Total Cost": 492811.14,
                            "Plan Rows": 4797958,
                            "Plan Width": 4,
                            "Actual Startup Time": 294.532,
                            "Actual Total Time": 805.438,
                            "Actual Rows": 4153120,
                            "Actual Loops": 2,
                            "Recheck Cond": "(person_id < 813289)",
                            "Rows Removed by Index Recheck": 0,
                            "Exact Heap Blocks": 49192,
                            "Lossy Heap Blocks": 0,
                            "Plans": [
                              {
                                "Node Type": "Bitmap Index Scan",
                                "Parent Relationship": "Outer",
                                "Parallel Aware": false,
                                "Index Name": "person_id_cast_info",
                                "Startup Cost": 0.0,
                                "Total Cost": 178110.53,
                                "Plan Rows": 8156529,
                                "Plan Width": 0,
                                "Actual Startup Time": 279.221,
                                "Actual Total Time": 279.221,
                                "Actual Rows": 8306241,
                                "Actual Loops": 1,
                                "Index Cond": "(person_id < 813289)"
                              }
                            ]
                          },
                          {
                            "Node Type": "Hash",
                            "Parent Relationship": "Inner",
                            "Parallel Aware": true,
                            "Startup Cost": 54588.39,
                            "Total Cost": 54588.39,
                            "Plan Rows": 583193,
                            "Plan Width": 4,
                            "Actual Startup Time": 290.233,
                            "Actual Total Time": 290.233,
                            "Actual Rows": 492524,
                            "Actual Loops": 2,
                            "Hash Buckets": 1048576,
                            "Original Hash Buckets": 1048576,
                            "Hash Batches": 1,
                            "Original Hash Batches": 1,
                            "Peak Memory Usage": 46752,
                            "Plans": [
                              {
                                "Node Type": "Seq Scan",
                                "Parent Relationship": "Outer",
                                "Parallel Aware": true,
                                "Relation Name": "title",
                                "Alias": "t",
                                "Startup Cost": 0.0,
                                "Total Cost": 54588.39,
                                "Plan Rows": 583193,
                                "Plan Width": 4,
                                "Actual Startup Time": 0.034,
                                "Actual Total Time": 163.306,
                                "Actual Rows": 492524,
                                "Actual Loops": 2,
                                "Filter": "(kind_id < 7)",
                                "Rows Removed by Filter": 771632
                              }
                            ]
                          }
                        ]
                      }
                    ]
                  }
                ]
              }
            ]
          }
        ]
      }
    ]
  },
  "Planning Time": 0.868,
  "Triggers": [],
  "Execution Time": 12836.393
}