[
  {
    "Plan": {
      "Node Type": "Aggregate",
      "Strategy": "Plain",
      "Partial Mode": "Finalize",
      "Parallel Aware": false,
      "Startup Cost": 30685.73,
      "Total Cost": 30685.74,
      "Plan Rows": 1,
      "Plan Width": 8,
      "Actual Startup Time": 80.006,
      "Actual Total Time": 85.62,
      "Actual Rows": 1,
      "Actual Loops": 1,
      "Plans": [
        {
          "Node Type": "Gather",
          "Parent Relationship": "Outer",
          "Parallel Aware": false,
          "Startup Cost": 30685.41,
          "Total Cost": 30685.72,
          "Plan Rows": 3,
          "Plan Width": 8,
          "Actual Startup Time": 79.856,
          "Actual Total Time": 85.611,
          "Actual Rows": 4,
          "Actual Loops": 1,
          "Workers Planned": 3,
          "Workers Launched": 3,
          "Single Copy": false,
          "Plans": [
            {
              "Node Type": "Aggregate",
              "Strategy": "Plain",
              "Partial Mode": "Partial",
              "Parent Relationship": "Outer",
              "Parallel Aware": false,
              "Startup Cost": 29685.41,
              "Total Cost": 29685.42,
              "Plan Rows": 1,
              "Plan Width": 8,
              "Actual Startup Time": 74.917,
              "Actual Total Time": 74.918,
              "Actual Rows": 1,
              "Actual Loops": 4,
              "Plans": [
                {
                  "Node Type": "Seq Scan",
                  "Parent Relationship": "Outer",
                  "Parallel Aware": true,
                  "Relation Name": "movie_companies",
                  "Alias": "mc",
                  "Startup Cost": 0.0,
                  "Total Cost": 29310.68,
                  "Plan Rows": 149893,
                  "Plan Width": 0,
                  "Actual Startup Time": 0.032,
                  "Actual Total Time": 68.708,
                  "Actual Rows": 114520,
                  "Actual Loops": 4,
                  "Filter": "(company_id < 394)",
                  "Rows Removed by Filter": 537762
                }
              ]
            }
          ]
        }
      ]
    },
    "Planning Time": 0.091,
    "Triggers": [],
    "Execution Time": 85.65
  }
]