[
  {
    "Plan": {
      "Node Type": "Aggregate",
      "Strategy": "Plain",
      "Partial Mode": "Finalize",
      "Parallel Aware": false,
      "Startup Cost": 30684.61,
      "Total Cost": 30684.62,
      "Plan Rows": 1,
      "Plan Width": 8,
      "Actual Startup Time": 86.144,
      "Actual Total Time": 94.661,
      "Actual Rows": 1,
      "Actual Loops": 1,
      "Plans": [
        {
          "Node Type": "Gather",
          "Parent Relationship": "Outer",
          "Parallel Aware": false,
          "Startup Cost": 30684.3,
          "Total Cost": 30684.61,
          "Plan Rows": 3,
          "Plan Width": 8,
          "Actual Startup Time": 86.02,
          "Actual Total Time": 94.653,
          "Actual Rows": 4,
          "Actual Loops": 1,
          "Workers Planned": 3,
          "Workers Launched": 3,
          "Single Copy": false,
          "Plans": [
            {
              "Node Type": "Aggregate",
              "Strategy": "Plain",
              "Partial Mode": "Partial",
              "Parent Relationship": "Outer",
              "Parallel Aware": false,
              "Startup Cost": 29684.3,
              "Total Cost": 29684.31,
              "Plan Rows": 1,
              "Plan Width": 8,
              "Actual Startup Time": 80.686,
              "Actual Total Time": 80.687,
              "Actual Rows": 1,
              "Actual Loops": 4,
              "Plans": [
                {
                  "Node Type": "Seq Scan",
                  "Parent Relationship": "Outer",
                  "Parallel Aware": true,
                  "Relation Name": "movie_companies",
                  "Alias": "mc",
                  "Startup Cost": 0.0,
                  "Total Cost": 29310.68,
                  "Plan Rows": 149446,
                  "Plan Width": 0,
                  "Actual Startup Time": 0.032,
                  "Actual Total Time": 72.376,
                  "Actual Rows": 114520,
                  "Actual Loops": 4,
                  "Filter": "(company_id < 394)",
                  "Rows Removed by Filter": 537762
                }
              ]
            }
          ]
        }
      ]
    },
    "Planning Time": 0.187,
    "Triggers": [],
    "Execution Time": 94.724
  }
]