[
    {
        "Bao": {
            "Bao prediction": "NaN",
            "Bao recommended hint": "(no hint)"
        }
    },
    {
        "Plan": {
            "Node Type": "Aggregate",
            "Strategy": "Plain",
            "Partial Mode": "Finalize",
            "Parallel Aware": false,
            "Startup Cost": 353902.1,
            "Total Cost": 353902.11,
            "Plan Rows": 1,
            "Plan Width": 8,
            "Actual Startup Time": 880.636,
            "Actual Total Time": 909.791,
            "Actual Rows": 1,
            "Actual Loops": 1,
            "Output": [
                "count(*)"
            ],
            "Plans": [
                {
                    "Node Type": "Gather",
                    "Parent Relationship": "Outer",
                    "Parallel Aware": false,
                    "Startup Cost": 353901.47,
                    "Total Cost": 353902.08,
                    "Plan Rows": 6,
                    "Plan Width": 8,
                    "Actual Startup Time": 880.526,
                    "Actual Total Time": 909.78,
                    "Actual Rows": 7,
                    "Actual Loops": 1,
                    "Output": [
                        "(PARTIAL count(*))"
                    ],
                    "Workers Planned": 6,
                    "Workers Launched": 6,
                    "Single Copy": false,
                    "Plans": [
                        {
                            "Node Type": "Aggregate",
                            "Strategy": "Plain",
                            "Partial Mode": "Partial",
                            "Parent Relationship": "Outer",
                            "Parallel Aware": false,
                            "Startup Cost": 352901.47,
                            "Total Cost": 352901.48,
                            "Plan Rows": 1,
                            "Plan Width": 8,
                            "Actual Startup Time": 869.739,
                            "Actual Total Time": 869.741,
                            "Actual Rows": 1,
                            "Actual Loops": 7,
                            "Output": [
                                "PARTIAL count(*)"
                            ],
                            "Workers": [
                                {
                                    "Worker Number": 0,
                                    "Actual Startup Time": 867.385,
                                    "Actual Total Time": 867.386,
                                    "Actual Rows": 1,
                                    "Actual Loops": 1
                                },
                                {
                                    "Worker Number": 1,
                                    "Actual Startup Time": 867.959,
                                    "Actual Total Time": 867.96,
                                    "Actual Rows": 1,
                                    "Actual Loops": 1
                                },
                                {
                                    "Worker Number": 2,
                                    "Actual Startup Time": 867.452,
                                    "Actual Total Time": 867.453,
                                    "Actual Rows": 1,
                                    "Actual Loops": 1
                                },
                                {
                                    "Worker Number": 3,
                                    "Actual Startup Time": 867.443,
                                    "Actual Total Time": 867.444,
                                    "Actual Rows": 1,
                                    "Actual Loops": 1
                                },
                                {
                                    "Worker Number": 4,
                                    "Actual Startup Time": 868.82,
                                    "Actual Total Time": 868.821,
                                    "Actual Rows": 1,
                                    "Actual Loops": 1
                                },
                                {
                                    "Worker Number": 5,
                                    "Actual Startup Time": 869.13,
                                    "Actual Total Time": 869.131,
                                    "Actual Rows": 1,
                                    "Actual Loops": 1
                                }
                            ],
                            "Plans": [
                                {
                                    "Node Type": "Seq Scan",
                                    "Parent Relationship": "Outer",
                                    "Parallel Aware": true,
                                    "Relation Name": "cast_info",
                                    "Schema": "public",
                                    "Alias": "ci",
                                    "Startup Cost": 0.0,
                                    "Total Cost": 343318.94,
                                    "Plan Rows": 3833013,
                                    "Plan Width": 0,
                                    "Actual Startup Time": 134.848,
                                    "Actual Total Time": 715.448,
                                    "Actual Rows": 3154554,
                                    "Actual Loops": 7,
                                    "Output": [
                                        "id",
                                        "person_id",
                                        "movie_id",
                                        "person_role_id",
                                        "note",
                                        "nr_order",
                                        "role_id"
                                    ],
                                    "Filter": "((ci.person_id > 979722) AND (ci.role_id < 10))",
                                    "Rows Removed by Filter": 2023210,
                                    "Workers": [
                                        {
                                            "Worker Number": 0,
                                            "Actual Startup Time": 132.497,
                                            "Actual Total Time": 717.656,
                                            "Actual Rows": 3628535,
                                            "Actual Loops": 1
                                        },
                                        {
                                            "Worker Number": 1,
                                            "Actual Startup Time": 133.071,
                                            "Actual Total Time": 717.164,
                                            "Actual Rows": 3683310,
                                            "Actual Loops": 1
                                        },
                                        {
                                            "Worker Number": 2,
                                            "Actual Startup Time": 132.559,
                                            "Actual Total Time": 714.854,
                                            "Actual Rows": 2312500,
                                            "Actual Loops": 1
                                        },
                                        {
                                            "Worker Number": 3,
                                            "Actual Startup Time": 132.55,
                                            "Actual Total Time": 715.26,
                                            "Actual Rows": 2305861,
                                            "Actual Loops": 1
                                        },
                                        {
                                            "Worker Number": 4,
                                            "Actual Startup Time": 133.924,
                                            "Actual Total Time": 718.134,
                                            "Actual Rows": 3680805,
                                            "Actual Loops": 1
                                        },
                                        {
                                            "Worker Number": 5,
                                            "Actual Startup Time": 134.237,
                                            "Actual Total Time": 718.24,
                                            "Actual Rows": 3682399,
                                            "Actual Loops": 1
                                        }
                                    ]
                                }
                            ]
                        }
                    ]
                }
            ]
        },
        "Planning Time": 287.656,
        "Triggers": [],
        "Execution Time": 909.883
    }
]