[
    {
        "Bao": {
            "Bao prediction": "NaN",
            "Bao recommended hint": "(no hint)"
        }
    },
    {
        "Plan": {
            "Node Type": "Aggregate",
            "Strategy": "Plain",
            "Partial Mode": "Finalize",
            "Parallel Aware": false,
            "Startup Cost": 296866.12,
            "Total Cost": 296866.13,
            "Plan Rows": 1,
            "Plan Width": 8,
            "Actual Startup Time": 1218.988,
            "Actual Total Time": 1239.329,
            "Actual Rows": 1,
            "Actual Loops": 1,
            "Output": [
                "count(*)"
            ],
            "Plans": [
                {
                    "Node Type": "Gather",
                    "Parent Relationship": "Outer",
                    "Parallel Aware": false,
                    "Startup Cost": 296865.8,
                    "Total Cost": 296866.11,
                    "Plan Rows": 3,
                    "Plan Width": 8,
                    "Actual Startup Time": 1208.404,
                    "Actual Total Time": 1239.322,
                    "Actual Rows": 4,
                    "Actual Loops": 1,
                    "Output": [
                        "(PARTIAL count(*))"
                    ],
                    "Workers Planned": 3,
                    "Workers Launched": 3,
                    "Single Copy": false,
                    "Plans": [
                        {
                            "Node Type": "Aggregate",
                            "Strategy": "Plain",
                            "Partial Mode": "Partial",
                            "Parent Relationship": "Outer",
                            "Parallel Aware": false,
                            "Startup Cost": 295865.8,
                            "Total Cost": 295865.81,
                            "Plan Rows": 1,
                            "Plan Width": 8,
                            "Actual Startup Time": 1200.456,
                            "Actual Total Time": 1200.888,
                            "Actual Rows": 1,
                            "Actual Loops": 4,
                            "Output": [
                                "PARTIAL count(*)"
                            ],
                            "Workers": [
                                {
                                    "Worker Number": 0,
                                    "Actual Startup Time": 1197.338,
                                    "Actual Total Time": 1197.342,
                                    "Actual Rows": 1,
                                    "Actual Loops": 1
                                },
                                {
                                    "Worker Number": 1,
                                    "Actual Startup Time": 1197.337,
                                    "Actual Total Time": 1197.341,
                                    "Actual Rows": 1,
                                    "Actual Loops": 1
                                },
                                {
                                    "Worker Number": 2,
                                    "Actual Startup Time": 1199.066,
                                    "Actual Total Time": 1199.071,
                                    "Actual Rows": 1,
                                    "Actual Loops": 1
                                }
                            ],
                            "Plans": [
                                {
                                    "Node Type": "Hash Join",
                                    "Parent Relationship": "Outer",
                                    "Parallel Aware": true,
                                    "Join Type": "Inner",
                                    "Startup Cost": 249629.58,
                                    "Total Cost": 294912.25,
                                    "Plan Rows": 381423,
                                    "Plan Width": 0,
                                    "Actual Startup Time": 788.303,
                                    "Actual Total Time": 1121.412,
                                    "Actual Rows": 1954117,
                                    "Actual Loops": 4,
                                    "Inner Unique": false,
                                    "Hash Cond": "(mk.movie_id = t.id)",
                                    "Workers": [
                                        {
                                            "Worker Number": 0,
                                            "Actual Startup Time": 785.47,
                                            "Actual Total Time": 1119.379,
                                            "Actual Rows": 1932975,
                                            "Actual Loops": 1
                                        },
                                        {
                                            "Worker Number": 1,
                                            "Actual Startup Time": 785.391,
                                            "Actual Total Time": 1119.175,
                                            "Actual Rows": 1938765,
                                            "Actual Loops": 1
                                        },
                                        {
                                            "Worker Number": 2,
                                            "Actual Startup Time": 786.199,
                                            "Actual Total Time": 1122.187,
                                            "Actual Rows": 1988585,
                                            "Actual Loops": 1
                                        }
                                    ],
                                    "Plans": [
                                        {
                                            "Node Type": "Seq Scan",
                                            "Parent Relationship": "Outer",
                                            "Parallel Aware": true,
                                            "Relation Name": "movie_keyword",
                                            "Schema": "public",
                                            "Alias": "mk",
                                            "Startup Cost": 0.0,
                                            "Total Cost": 39047.32,
                                            "Plan Rows": 1459332,
                                            "Plan Width": 4,
                                            "Actual Startup Time": 0.019,
                                            "Actual Total Time": 83.57,
                                            "Actual Rows": 1130982,
                                            "Actual Loops": 4,
                                            "Output": [
                                                "mk.id",
                                                "mk.movie_id",
                                                "mk.keyword_id"
                                            ],
                                            "Workers": [
                                                {
                                                    "Worker Number": 0,
                                                    "Actual Startup Time": 0.011,
                                                    "Actual Total Time": 86.18,
                                                    "Actual Rows": 1117400,
                                                    "Actual Loops": 1
                                                },
                                                {
                                                    "Worker Number": 1,
                                                    "Actual Startup Time": 0.012,
                                                    "Actual Total Time": 86.472,
                                                    "Actual Rows": 1122210,
                                                    "Actual Loops": 1
                                                },
                                                {
                                                    "Worker Number": 2,
                                                    "Actual Startup Time": 0.043,
                                                    "Actual Total Time": 87.783,
                                                    "Actual Rows": 1146445,
                                                    "Actual Loops": 1
                                                }
                                            ]
                                        },
                                        {
                                            "Node Type": "Hash",
                                            "Parent Relationship": "Inner",
                                            "Parallel Aware": true,
                                            "Startup Cost": 247977.52,
                                            "Total Cost": 247977.52,
                                            "Plan Rows": 132165,
                                            "Plan Width": 8,
                                            "Actual Startup Time": 785.3,
                                            "Actual Total Time": 785.73,
                                            "Actual Rows": 335263,
                                            "Actual Loops": 4,
                                            "Output": [
                                                "t.id",
                                                "mi.movie_id"
                                            ],
                                            "Hash Buckets": 2097152,
                                            "Original Hash Buckets": 1048576,
                                            "Hash Batches": 1,
                                            "Original Hash Batches": 1,
                                            "Peak Memory Usage": 77120,
                                            "Workers": [
                                                {
                                                    "Worker Number": 0,
                                                    "Actual Startup Time": 784.341,
                                                    "Actual Total Time": 784.344,
                                                    "Actual Rows": 340158,
                                                    "Actual Loops": 1
                                                },
                                                {
                                                    "Worker Number": 1,
                                                    "Actual Startup Time": 784.454,
                                                    "Actual Total Time": 784.457,
                                                    "Actual Rows": 334648,
                                                    "Actual Loops": 1
                                                },
                                                {
                                                    "Worker Number": 2,
                                                    "Actual Startup Time": 785.352,
                                                    "Actual Total Time": 785.356,
                                                    "Actual Rows": 315953,
                                                    "Actual Loops": 1
                                                }
                                            ],
                                            "Plans": [
                                                {
                                                    "Node Type": "Hash Join",
                                                    "Parent Relationship": "Outer",
                                                    "Parallel Aware": true,
                                                    "Join Type": "Inner",
                                                    "Startup Cost": 48016.41,
                                                    "Total Cost": 247977.52,
                                                    "Plan Rows": 132165,
                                                    "Plan Width": 8,
                                                    "Actual Startup Time": 194.071,
                                                    "Actual Total Time": 663.77,
                                                    "Actual Rows": 335263,
                                                    "Actual Loops": 4,
                                                    "Output": [
                                                        "t.id",
                                                        "mi.movie_id"
                                                    ],
                                                    "Inner Unique": true,
                                                    "Hash Cond": "(mi.movie_id = t.id)",
                                                    "Workers": [
                                                        {
                                                            "Worker Number": 0,
                                                            "Actual Startup Time": 193.197,
                                                            "Actual Total Time": 664.42,
                                                            "Actual Rows": 340158,
                                                            "Actual Loops": 1
                                                        },
                                                        {
                                                            "Worker Number": 1,
                                                            "Actual Startup Time": 193.208,
                                                            "Actual Total Time": 662.957,
                                                            "Actual Rows": 334648,
                                                            "Actual Loops": 1
                                                        },
                                                        {
                                                            "Worker Number": 2,
                                                            "Actual Startup Time": 194.049,
                                                            "Actual Total Time": 660.943,
                                                            "Actual Rows": 315953,
                                                            "Actual Loops": 1
                                                        }
                                                    ],
                                                    "Plans": [
                                                        {
                                                            "Node Type": "Seq Scan",
                                                            "Parent Relationship": "Outer",
                                                            "Parallel Aware": true,
                                                            "Relation Name": "movie_info",
                                                            "Schema": "public",
                                                            "Alias": "mi",
                                                            "Startup Cost": 0.0,
                                                            "Total Cost": 198880.74,
                                                            "Plan Rows": 411570,
                                                            "Plan Width": 4,
                                                            "Actual Startup Time": 31.667,
                                                            "Actual Total Time": 334.459,
                                                            "Actual Rows": 522767,
                                                            "Actual Loops": 4,
                                                            "Output": [
                                                                "mi.id",
                                                                "mi.movie_id",
                                                                "mi.info_type_id",
                                                                "mi.info",
                                                                "mi.note"
                                                            ],
                                                            "Filter": "(mi.info_type_id < 3)",
                                                            "Rows Removed by Filter": 3186163,
                                                            "Workers": [
                                                                {
                                                                    "Worker Number": 0,
                                                                    "Actual Startup Time": 31.659,
                                                                    "Actual Total Time": 335.236,
                                                                    "Actual Rows": 527559,
                                                                    "Actual Loops": 1
                                                                },
                                                                {
                                                                    "Worker Number": 1,
                                                                    "Actual Startup Time": 31.661,
                                                                    "Actual Total Time": 336.125,
                                                                    "Actual Rows": 524706,
                                                                    "Actual Loops": 1
                                                                },
                                                                {
                                                                    "Worker Number": 2,
                                                                    "Actual Startup Time": 31.655,
                                                                    "Actual Total Time": 335.108,
                                                                    "Actual Rows": 489573,
                                                                    "Actual Loops": 1
                                                                }
                                                            ]
                                                        },
                                                        {
                                                            "Node Type": "Hash",
                                                            "Parent Relationship": "Inner",
                                                            "Parallel Aware": true,
                                                            "Startup Cost": 45479.21,
                                                            "Total Cost": 45479.21,
                                                            "Plan Rows": 202976,
                                                            "Plan Width": 4,
                                                            "Actual Startup Time": 160.657,
                                                            "Actual Total Time": 160.658,
                                                            "Actual Rows": 210754,
                                                            "Actual Loops": 4,
                                                            "Output": [
                                                                "t.id"
                                                            ],
                                                            "Hash Buckets": 1048576,
                                                            "Original Hash Buckets": 1048576,
                                                            "Hash Batches": 1,
                                                            "Original Hash Batches": 1,
                                                            "Peak Memory Usage": 41248,
                                                            "Workers": [
                                                                {
                                                                    "Worker Number": 0,
                                                                    "Actual Startup Time": 161.424,
                                                                    "Actual Total Time": 161.425,
                                                                    "Actual Rows": 205760,
                                                                    "Actual Loops": 1
                                                                },
                                                                {
                                                                    "Worker Number": 1,
                                                                    "Actual Startup Time": 161.441,
                                                                    "Actual Total Time": 161.442,
                                                                    "Actual Rows": 206684,
                                                                    "Actual Loops": 1
                                                                },
                                                                {
                                                                    "Worker Number": 2,
                                                                    "Actual Startup Time": 162.271,
                                                                    "Actual Total Time": 162.272,
                                                                    "Actual Rows": 183501,
                                                                    "Actual Loops": 1
                                                                }
                                                            ],
                                                            "Plans": [
                                                                {
                                                                    "Node Type": "Seq Scan",
                                                                    "Parent Relationship": "Outer",
                                                                    "Parallel Aware": true,
                                                                    "Relation Name": "title",
                                                                    "Schema": "public",
                                                                    "Alias": "t",
                                                                    "Startup Cost": 0.0,
                                                                    "Total Cost": 45479.21,
                                                                    "Plan Rows": 202976,
                                                                    "Plan Width": 4,
                                                                    "Actual Startup Time": 0.05,
                                                                    "Actual Total Time": 95.7,
                                                                    "Actual Rows": 210754,
                                                                    "Actual Loops": 4,
                                                                    "Output": [
                                                                        "t.id"
                                                                    ],
                                                                    "Filter": "((t.kind_id < 7) AND (t.production_year < 2011))",
                                                                    "Rows Removed by Filter": 421324,
                                                                    "Workers": [
                                                                        {
                                                                            "Worker Number": 0,
                                                                            "Actual Startup Time": 0.065,
                                                                            "Actual Total Time": 97.287,
                                                                            "Actual Rows": 205760,
                                                                            "Actual Loops": 1
                                                                        },
                                                                        {
                                                                            "Worker Number": 1,
                                                                            "Actual Startup Time": 0.059,
                                                                            "Actual Total Time": 97.216,
                                                                            "Actual Rows": 206684,
                                                                            "Actual Loops": 1
                                                                        },
                                                                        {
                                                                            "Worker Number": 2,
                                                                            "Actual Startup Time": 0.063,
                                                                            "Actual Total Time": 95.217,
                                                                            "Actual Rows": 183501,
                                                                            "Actual Loops": 1
                                                                        }
                                                                    ]
                                                                }
                                                            ]
                                                        }
                                                    ]
                                                }
                                            ]
                                        }
                                    ]
                                }
                            ]
                        }
                    ]
                }
            ]
        },
        "Planning Time": 188.828,
        "Triggers": [],
        "Execution Time": 1239.4
    }
]