[
  {
    "Bao": {
      "Bao prediction": 1958.024,
      "Bao recommended hint": "SET enable_nestloop TO off; SET enable_hashjoin TO off; "
    }
  },
  {
    "Plan": {
      "Node Type": "Aggregate",
      "Strategy": "Plain",
      "Partial Mode": "Simple",
      "Parallel Aware": false,
      "Startup Cost": 1727625.22,
      "Total Cost": 1727625.23,
      "Plan Rows": 1,
      "Plan Width": 32,
      "Actual Startup Time": 22150.772,
      "Actual Total Time": 22150.949,
      "Actual Rows": 1,
      "Actual Loops": 1,
      "Plans": [
        {
          "Node Type": "Merge Join",
          "Parent Relationship": "Outer",
          "Parallel Aware": false,
          "Join Type": "Inner",
          "Startup Cost": 1542304.94,
          "Total Cost": 1727623.93,
          "Plan Rows": 514,
          "Plan Width": 15,
          "Actual Startup Time": 18768.138,
          "Actual Total Time": 22091.354,
          "Actual Rows": 1113120,
          "Actual Loops": 1,
          "Inner Unique": false,
          "Merge Cond": "(n.id = ci.person_id)",
          "Plans": [
            {
              "Node Type": "Index Scan",
              "Parent Relationship": "Outer",
              "Parallel Aware": false,
              "Scan Direction": "Forward",
              "Index Name": "name_pkey",
              "Relation Name": "name",
              "Alias": "n",
              "Startup Cost": 0.43,
              "Total Cost": 188589.67,
              "Plan Rows": 631421,
              "Plan Width": 19,
              "Actual Startup Time": 0.152,
              "Actual Total Time": 1401.42,
              "Actual Rows": 522512,
              "Actual Loops": 1,
              "Filter": "(name ~~ '%B%'::text)",
              "Rows Removed by Filter": 3539430
            },
            {
              "Node Type": "Sort",
              "Parent Relationship": "Inner",
              "Parallel Aware": false,
              "Startup Cost": 1542304.51,
              "Total Cost": 1542312.99,
              "Plan Rows": 3391,
              "Plan Width": 4,
              "Actual Startup Time": 18767.89,
              "Actual Total Time": 20045.138,
              "Actual Rows": 7796926,
              "Actual Loops": 1,
              "Sort Key": [
                "ci.person_id"
              ],
              "Sort Method": "quicksort",
              "Sort Space Used": 562089,
              "Sort Space Type": "Memory",
              "Plans": [
                {
                  "Node Type": "Merge Join",
                  "Parent Relationship": "Outer",
                  "Parallel Aware": false,
                  "Join Type": "Inner",
                  "Startup Cost": 1425494.28,
                  "Total Cost": 1542105.67,
                  "Plan Rows": 3391,
                  "Plan Width": 4,
                  "Actual Startup Time": 13910.034,
                  "Actual Total Time": 16951.08,
                  "Actual Rows": 7796926,
                  "Actual Loops": 1,
                  "Inner Unique": false,
                  "Merge Cond": "(t.id = ci.movie_id)",
                  "Plans": [
                    {
                      "Node Type": "Index Only Scan",
                      "Parent Relationship": "Outer",
                      "Parallel Aware": false,
                      "Scan Direction": "Forward",
                      "Index Name": "title_pkey",
                      "Relation Name": "title",
                      "Alias": "t",
                      "Startup Cost": 0.43,
                      "Total Cost": 110359.06,
                      "Plan Rows": 2528509,
                      "Plan Width": 4,
                      "Actual Startup Time": 0.05,
                      "Actual Total Time": 1296.991,
                      "Actual Rows": 2525673,
                      "Actual Loops": 1,
                      "Heap Fetches": 2525673
                    },
                    {
                      "Node Type": "Sort",
                      "Parent Relationship": "Inner",
                      "Parallel Aware": false,
                      "Startup Cost": 1425491.08,
                      "Total Cost": 1425499.56,
                      "Plan Rows": 3391,
                      "Plan Width": 16,
                      "Actual Startup Time": 13907.413,
                      "Actual Total Time": 14748.152,
                      "Actual Rows": 7796926,
                      "Actual Loops": 1,
                      "Sort Key": [
                        "ci.movie_id"
                      ],
                      "Sort Method": "quicksort",
                      "Sort Space Used": 562089,
                      "Sort Space Type": "Memory",
                      "Plans": [
                        {
                          "Node Type": "Merge Join",
                          "Parent Relationship": "Outer",
                          "Parallel Aware": false,
                          "Join Type": "Inner",
                          "Startup Cost": 1412780.74,
                          "Total Cost": 1425292.24,
                          "Plan Rows": 3391,
                          "Plan Width": 16,
                          "Actual Startup Time": 9982.089,
                          "Actual Total Time": 12254.324,
                          "Actual Rows": 7796926,
                          "Actual Loops": 1,
                          "Inner Unique": false,
                          "Merge Cond": "(cn.id = mc.company_id)",
                          "Plans": [
                            {
                              "Node Type": "Index Only Scan",
                              "Parent Relationship": "Outer",
                              "Parallel Aware": false,
                              "Scan Direction": "Forward",
                              "Index Name": "company_name_pkey",
                              "Relation Name": "company_name",
                              "Alias": "cn",
                              "Startup Cost": 0.42,
                              "Total Cost": 11881.93,
                              "Plan Rows": 234997,
                              "Plan Width": 4,
                              "Actual Startup Time": 0.048,
                              "Actual Total Time": 172.223,
                              "Actual Rows": 234934,
                              "Actual Loops": 1,
                              "Heap Fetches": 234934
                            },
                            {
                              "Node Type": "Sort",
                              "Parent Relationship": "Inner",
                              "Parallel Aware": false,
                              "Startup Cost": 1412779.8,
                              "Total Cost": 1412788.28,
                              "Plan Rows": 3391,
                              "Plan Width": 20,
                              "Actual Startup Time": 9982.03,
                              "Actual Total Time": 11008.883,
                              "Actual Rows": 7796926,
                              "Actual Loops": 1,
                              "Sort Key": [
                                "mc.company_id"
                              ],
                              "Sort Method": "quicksort",
                              "Sort Space Used": 805743,
                              "Sort Space Type": "Memory",
                              "Plans": [
                                {
                                  "Node Type": "Merge Join",
                                  "Parent Relationship": "Outer",
                                  "Parallel Aware": false,
                                  "Join Type": "Inner",
                                  "Startup Cost": 1235253.13,
                                  "Total Cost": 1412580.96,
                                  "Plan Rows": 3391,
                                  "Plan Width": 20,
                                  "Actual Startup Time": 3651.047,
                                  "Actual Total Time": 7997.279,
                                  "Actual Rows": 7796926,
                                  "Actual Loops": 1,
                                  "Inner Unique": false,
                                  "Merge Cond": "(ci.movie_id = mc.movie_id)",
                                  "Plans": [
                                    {
                                      "Node Type": "Gather Merge",
                                      "Parent Relationship": "Outer",
                                      "Parallel Aware": false,
                                      "Startup Cost": 1235252.7,
                                      "Total Cost": 1265616.3,
                                      "Plan Rows": 1261,
                                      "Plan Width": 12,
                                      "Actual Startup Time": 3648.78,
                                      "Actual Total Time": 4894.087,
                                      "Actual Rows": 1038381,
                                      "Actual Loops": 1,
                                      "Workers Planned": 6,
                                      "Workers Launched": 6,
                                      "Plans": [
                                        {
                                          "Node Type": "Merge Join",
                                          "Parent Relationship": "Outer",
                                          "Parallel Aware": false,
                                          "Join Type": "Inner",
                                          "Startup Cost": 1234252.6,
                                          "Total Cost": 1264462.95,
                                          "Plan Rows": 210,
                                          "Plan Width": 12,
                                          "Actual Startup Time": 3387.84,
                                          "Actual Total Time": 5293.687,
                                          "Actual Rows": 148342,
                                          "Actual Loops": 7,
                                          "Inner Unique": false,
                                          "Merge Cond": "(ci.movie_id = mk.movie_id)",
                                          "Plans": [
                                            {
                                              "Node Type": "Sort",
                                              "Parent Relationship": "Outer",
                                              "Parallel Aware": false,
                                              "Startup Cost": 993761.51,
                                              "Total Cost": 1008868.93,
                                              "Plan Rows": 6042971,
                                              "Plan Width": 8,
                                              "Actual Startup Time": 3231.676,
                                              "Actual Total Time": 4330.753,
                                              "Actual Rows": 5177568,
                                              "Actual Loops": 7,
                                              "Sort Key": [
                                                "ci.movie_id"
                                              ],
                                              "Sort Method": "quicksort",
                                              "Sort Space Used": 435506,
                                              "Sort Space Type": "Memory",
                                              "Workers": [
                                                {
                                                  "Worker Number": 0,
                                                  "Sort Method": "quicksort",
                                                  "Sort Space Used": 444575,
                                                  "Sort Space Type": "Memory"
                                                },
                                                {
                                                  "Worker Number": 1,
                                                  "Sort Method": "quicksort",
                                                  "Sort Space Used": 459432,
                                                  "Sort Space Type": "Memory"
                                                },
                                                {
                                                  "Worker Number": 2,
                                                  "Sort Method": "quicksort",
                                                  "Sort Space Used": 435312,
                                                  "Sort Space Type": "Memory"
                                                },
                                                {
                                                  "Worker Number": 3,
                                                  "Sort Method": "quicksort",
                                                  "Sort Space Used": 433638,
                                                  "Sort Space Type": "Memory"
                                                },
                                                {
                                                  "Worker Number": 4,
                                                  "Sort Method": "quicksort",
                                                  "Sort Space Used": 435189,
                                                  "Sort Space Type": "Memory"
                                                },
                                                {
                                                  "Worker Number": 5,
                                                  "Sort Method": "quicksort",
                                                  "Sort Space Used": 431561,
                                                  "Sort Space Type": "Memory"
                                                }
                                              ],
                                              "Plans": [
                                                {
                                                  "Node Type": "Seq Scan",
                                                  "Parent Relationship": "Outer",
                                                  "Parallel Aware": true,
                                                  "Relation Name": "cast_info",
                                                  "Alias": "ci",
                                                  "Startup Cost": 0.0,
                                                  "Total Cost": 313116.71,
                                                  "Plan Rows": 6042971,
                                                  "Plan Width": 8,
                                                  "Actual Startup Time": 0.081,
                                                  "Actual Total Time": 1050.199,
                                                  "Actual Rows": 5177763,
                                                  "Actual Loops": 7
                                                }
                                              ]
                                            },
                                            {
                                              "Node Type": "Sort",
                                              "Parent Relationship": "Inner",
                                              "Parallel Aware": false,
                                              "Startup Cost": 240487.87,
                                              "Total Cost": 240487.95,
                                              "Plan Rows": 34,
                                              "Plan Width": 4,
                                              "Actual Startup Time": 156.012,
                                              "Actual Total Time": 176.456,
                                              "Actual Rows": 158758,
                                              "Actual Loops": 7,
                                              "Sort Key": [
                                                "mk.movie_id"
                                              ],
                                              "Sort Method": "quicksort",
                                              "Sort Space Used": 3498,
                                              "Sort Space Type": "Memory",
                                              "Workers": [
                                                {
                                                  "Worker Number": 0,
                                                  "Sort Method": "quicksort",
                                                  "Sort Space Used": 3498,
                                                  "Sort Space Type": "Memory"
                                                },
                                                {
                                                  "Worker Number": 1,
                                                  "Sort Method": "quicksort",
                                                  "Sort Space Used": 3498,
                                                  "Sort Space Type": "Memory"
                                                },
                                                {
                                                  "Worker Number": 2,
                                                  "Sort Method": "quicksort",
                                                  "Sort Space Used": 3498,
                                                  "Sort Space Type": "Memory"
                                                },
                                                {
                                                  "Worker Number": 3,
                                                  "Sort Method": "quicksort",
                                                  "Sort Space Used": 3498,
                                                  "Sort Space Type": "Memory"
                                                },
                                                {
                                                  "Worker Number": 4,
                                                  "Sort Method": "quicksort",
                                                  "Sort Space Used": 3498,
                                                  "Sort Space Type": "Memory"
                                                },
                                                {
                                                  "Worker Number": 5,
                                                  "Sort Method": "quicksort",
                                                  "Sort Space Used": 3498,
                                                  "Sort Space Type": "Memory"
                                                }
                                              ],
                                              "Plans": [
                                                {
                                                  "Node Type": "Merge Join",
                                                  "Parent Relationship": "Outer",
                                                  "Parallel Aware": false,
                                                  "Join Type": "Inner",
                                                  "Startup Cost": 3468.34,
                                                  "Total Cost": 240487.0,
                                                  "Plan Rows": 34,
                                                  "Plan Width": 4,
                                                  "Actual Startup Time": 124.188,
                                                  "Actual Total Time": 147.234,
                                                  "Actual Rows": 41840,
                                                  "Actual Loops": 7,
                                                  "Inner Unique": true,
                                                  "Merge Cond": "(mk.keyword_id = k.id)",
                                                  "Plans": [
                                                    {
                                                      "Node Type": "Index Scan",
                                                      "Parent Relationship": "Outer",
                                                      "Parallel Aware": false,
                                                      "Scan Direction": "Forward",
                                                      "Index Name": "keyword_id_movie_keyword",
                                                      "Relation Name": "movie_keyword",
                                                      "Alias": "mk",
                                                      "Startup Cost": 0.43,
                                                      "Total Cost": 226550.7,
                                                      "Plan Rows": 4523930,
                                                      "Plan Width": 8,
                                                      "Actual Startup Time": 0.088,
                                                      "Actual Total Time": 120.821,
                                                      "Actual Rows": 163762,
                                                      "Actual Loops": 7
                                                    },
                                                    {
                                                      "Node Type": "Sort",
                                                      "Parent Relationship": "Inner",
                                                      "Parallel Aware": false,
                                                      "Startup Cost": 2626.14,
                                                      "Total Cost": 2626.14,
                                                      "Plan Rows": 1,
                                                      "Plan Width": 4,
                                                      "Actual Startup Time": 12.374,
                                                      "Actual Total Time": 12.376,
                                                      "Actual Rows": 1,
                                                      "Actual Loops": 7,
                                                      "Sort Key": [
                                                        "k.id"
                                                      ],
                                                      "Sort Method": "quicksort",
                                                      "Sort Space Used": 25,
                                                      "Sort Space Type": "Memory",
                                                      "Workers": [
                                                        {
                                                          "Worker Number": 0,
                                                          "Sort Method": "quicksort",
                                                          "Sort Space Used": 25,
                                                          "Sort Space Type": "Memory"
                                                        },
                                                        {
                                                          "Worker Number": 1,
                                                          "Sort Method": "quicksort",
                                                          "Sort Space Used": 25,
                                                          "Sort Space Type": "Memory"
                                                        },
                                                        {
                                                          "Worker Number": 2,
                                                          "Sort Method": "quicksort",
                                                          "Sort Space Used": 25,
                                                          "Sort Space Type": "Memory"
                                                        },
                                                        {
                                                          "Worker Number": 3,
                                                          "Sort Method": "quicksort",
                                                          "Sort Space Used": 25,
                                                          "Sort Space Type": "Memory"
                                                        },
                                                        {
                                                          "Worker Number": 4,
                                                          "Sort Method": "quicksort",
                                                          "Sort Space Used": 25,
                                                          "Sort Space Type": "Memory"
                                                        },
                                                        {
                                                          "Worker Number": 5,
                                                          "Sort Method": "quicksort",
                                                          "Sort Space Used": 25,
                                                          "Sort Space Type": "Memory"
                                                        }
                                                      ],
                                                      "Plans": [
                                                        {
                                                          "Node Type": "Seq Scan",
                                                          "Parent Relationship": "Outer",
                                                          "Parallel Aware": false,
                                                          "Relation Name": "keyword",
                                                          "Alias": "k",
                                                          "Startup Cost": 0.0,
                                                          "Total Cost": 2626.12,
                                                          "Plan Rows": 1,
                                                          "Plan Width": 4,
                                                          "Actual Startup Time": 0.638,
                                                          "Actual Total Time": 12.366,
                                                          "Actual Rows": 1,
                                                          "Actual Loops": 7,
                                                          "Filter": "(keyword = 'character-name-in-title'::text)",
                                                          "Rows Removed by Filter": 134169
                                                        }
                                                      ]
                                                    }
                                                  ]
                                                }
                                              ]
                                            }
                                          ]
                                        }
                                      ]
                                    },
                                    {
                                      "Node Type": "Index Scan",
                                      "Parent Relationship": "Inner",
                                      "Parallel Aware": false,
                                      "Scan Direction": "Forward",
                                      "Index Name": "movie_id_movie_companies",
                                      "Relation Name": "movie_companies",
                                      "Alias": "mc",
                                      "Startup Cost": 0.43,
                                      "Total Cost": 140404.76,
                                      "Plan Rows": 2609129,
                                      "Plan Width": 8,
                                      "Actual Startup Time": 0.052,
                                      "Actual Total Time": 1893.463,
                                      "Actual Rows": 10259851,
                                      "Actual Loops": 1
                                    }
                                  ]
                                }
                              ]
                            }
                          ]
                        }
                      ]
                    }
                  ]
                }
              ]
            }
          ]
        }
      ]
    },
    "Planning Time": 526.074,
    "Triggers": [],
    "Execution Time": 22267.02
  }
]