{
  "Plan": {
    "Node Type": "Aggregate",
    "Strategy": "Plain",
    "Partial Mode": "Finalize",
    "Parallel Aware": false,
    "Startup Cost": 220115.32,
    "Total Cost": 220115.33,
    "Plan Rows": 1,
    "Plan Width": 8,
    "Actual Startup Time": 1538.28,
    "Actual Total Time": 1559.811,
    "Actual Rows": 1,
    "Actual Loops": 1,
    "Plans": [
      {
        "Node Type": "Gather",
        "Parent Relationship": "Outer",
        "Parallel Aware": false,
        "Startup Cost": 220115.21,
        "Total Cost": 220115.32,
        "Plan Rows": 1,
        "Plan Width": 8,
        "Actual Startup Time": 1535.39,
        "Actual Total Time": 1559.802,
        "Actual Rows": 2,
        "Actual Loops": 1,
        "Workers Planned": 1,
        "Workers Launched": 1,
        "Single Copy": false,
        "Plans": [
          {
            "Node Type": "Aggregate",
            "Strategy": "Plain",
            "Partial Mode": "Partial",
            "Parent Relationship": "Outer",
            "Parallel Aware": false,
            "Startup Cost": 219115.21,
            "Total Cost": 219115.22,
            "Plan Rows": 1,
            "Plan Width": 8,
            "Actual Startup Time": 1527.452,
            "Actual Total Time": 1527.456,
            "Actual Rows": 1,
            "Actual Loops": 2,
            "Plans": [
              {
                "Node Type": "Hash Join",
                "Parent Relationship": "Outer",
                "Parallel Aware": true,
                "Join Type": "Inner",
                "Startup Cost": 68068.35,
                "Total Cost": 215731.34,
                "Plan Rows": 1353547,
                "Plan Width": 0,
                "Actual Startup Time": 356.996,
                "Actual Total Time": 1459.654,
                "Actual Rows": 1408796,
                "Actual Loops": 2,
                "Inner Unique": true,
                "Hash Cond": "(ci.movie_id = t.id)",
                "Plans": [
                  {
                    "Node Type": "Index Scan",
                    "Parent Relationship": "Outer",
                    "Parallel Aware": true,
                    "Scan Direction": "Forward",
                    "Index Name": "role_id_cast_info",
                    "Relation Name": "cast_info",
                    "Alias": "ci",
                    "Startup Cost": 0.56,
                    "Total Cost": 140896.75,
                    "Plan Rows": 2577827,
                    "Plan Width": 4,
                    "Actual Startup Time": 0.119,
                    "Actual Total Time": 396.272,
                    "Actual Rows": 2161044,
                    "Actual Loops": 2,
                    "Index Cond": "(role_id = 10)",
                    "Rows Removed by Index Recheck": 0,
                    "Filter": "(person_id > 1225)",
                    "Rows Removed by Filter": 466
                  },
                  {
                    "Node Type": "Hash",
                    "Parent Relationship": "Inner",
                    "Parallel Aware": true,
                    "Startup Cost": 58306.47,
                    "Total Cost": 58306.47,
                    "Plan Rows": 780905,
                    "Plan Width": 4,
                    "Actual Startup Time": 342.9,
                    "Actual Total Time": 342.901,
                    "Actual Rows": 702901,
                    "Actual Loops": 2,
                    "Hash Buckets": 2097152,
                    "Original Hash Buckets": 2097152,
                    "Hash Batches": 1,
                    "Original Hash Batches": 1,
                    "Peak Memory Usage": 71424,
                    "Plans": [
                      {
                        "Node Type": "Seq Scan",
                        "Parent Relationship": "Outer",
                        "Parallel Aware": true,
                        "Relation Name": "title",
                        "Alias": "t",
                        "Startup Cost": 0.0,
                        "Total Cost": 58306.47,
                        "Plan Rows": 780905,
                        "Plan Width": 4,
                        "Actual Startup Time": 0.029,
                        "Actual Total Time": 165.911,
                        "Actual Rows": 702901,
                        "Actual Loops": 2,
                        "Filter": "((production_year > 1963) AND (kind_id = 7))",
                        "Rows Removed by Filter": 561255
                      }
                    ]
                  }
                ]
              }
            ]
          }
        ]
      }
    ]
  },
  "Planning Time": 0.789,
  "Triggers": [],
  "Execution Time": 1559.889
}