[
  {
    "Plan": {
      "Node Type": "Aggregate",
      "Strategy": "Plain",
      "Partial Mode": "Finalize",
      "Parallel Aware": false,
      "Startup Cost": 352874.06,
      "Total Cost": 352874.07,
      "Plan Rows": 1,
      "Plan Width": 8,
      "Actual Startup Time": 970.508,
      "Actual Total Time": 1017.713,
      "Actual Rows": 1,
      "Actual Loops": 1,
      "Plans": [
        {
          "Node Type": "Gather",
          "Parent Relationship": "Outer",
          "Parallel Aware": false,
          "Startup Cost": 352873.44,
          "Total Cost": 352874.05,
          "Plan Rows": 6,
          "Plan Width": 8,
          "Actual Startup Time": 970.286,
          "Actual Total Time": 1017.698,
          "Actual Rows": 7,
          "Actual Loops": 1,
          "Workers Planned": 6,
          "Workers Launched": 6,
          "Single Copy": false,
          "Plans": [
            {
              "Node Type": "Aggregate",
              "Strategy": "Plain",
              "Partial Mode": "Partial",
              "Parent Relationship": "Outer",
              "Parallel Aware": false,
              "Startup Cost": 351873.44,
              "Total Cost": 351873.45,
              "Plan Rows": 1,
              "Plan Width": 8,
              "Actual Startup Time": 962.708,
              "Actual Total Time": 962.709,
              "Actual Rows": 1,
              "Actual Loops": 7,
              "Plans": [
                {
                  "Node Type": "Seq Scan",
                  "Parent Relationship": "Outer",
                  "Parallel Aware": true,
                  "Relation Name": "cast_info",
                  "Alias": "ci",
                  "Startup Cost": 0.0,
                  "Total Cost": 343316.27,
                  "Plan Rows": 3422867,
                  "Plan Width": 0,
                  "Actual Startup Time": 264.867,
                  "Actual Total Time": 791.134,
                  "Actual Rows": 3178020,
                  "Actual Loops": 7,
                  "Filter": "((person_id > 466429) AND (role_id > 1))",
                  "Rows Removed by Filter": 1999743
                }
              ]
            }
          ]
        }
      ]
    },
    "Planning Time": 0.189,
    "Triggers": [],
    "Execution Time": 1017.774
  }
]