[
  {
    "Plan": {
      "Node Type": "Aggregate",
      "Strategy": "Plain",
      "Partial Mode": "Finalize",
      "Parallel Aware": false,
      "Startup Cost": 355063.5,
      "Total Cost": 355063.51,
      "Plan Rows": 1,
      "Plan Width": 8,
      "Actual Startup Time": 971.221,
      "Actual Total Time": 1032.086,
      "Actual Rows": 1,
      "Actual Loops": 1,
      "Plans": [
        {
          "Node Type": "Gather",
          "Parent Relationship": "Outer",
          "Parallel Aware": false,
          "Startup Cost": 355062.87,
          "Total Cost": 355063.48,
          "Plan Rows": 6,
          "Plan Width": 8,
          "Actual Startup Time": 971.073,
          "Actual Total Time": 1032.076,
          "Actual Rows": 7,
          "Actual Loops": 1,
          "Workers Planned": 6,
          "Workers Launched": 6,
          "Single Copy": false,
          "Plans": [
            {
              "Node Type": "Aggregate",
              "Strategy": "Plain",
              "Partial Mode": "Partial",
              "Parent Relationship": "Outer",
              "Parallel Aware": false,
              "Startup Cost": 354062.87,
              "Total Cost": 354062.88,
              "Plan Rows": 1,
              "Plan Width": 8,
              "Actual Startup Time": 961.985,
              "Actual Total Time": 961.986,
              "Actual Rows": 1,
              "Actual Loops": 7,
              "Plans": [
                {
                  "Node Type": "Seq Scan",
                  "Parent Relationship": "Outer",
                  "Parallel Aware": true,
                  "Relation Name": "cast_info",
                  "Alias": "ci",
                  "Startup Cost": 0.0,
                  "Total Cost": 343257.03,
                  "Plan Rows": 4322338,
                  "Plan Width": 0,
                  "Actual Startup Time": 0.047,
                  "Actual Total Time": 772.868,
                  "Actual Rows": 4084638,
                  "Actual Loops": 7,
                  "Filter": "((person_id < 3135105) AND (role_id < 9))",
                  "Rows Removed by Filter": 1093125
                }
              ]
            }
          ]
        }
      ]
    },
    "Planning Time": 0.224,
    "Triggers": [],
    "Execution Time": 1032.159
  }
]