[
  {
    "Plan": {
      "Node Type": "Aggregate",
      "Strategy": "Plain",
      "Partial Mode": "Finalize",
      "Parallel Aware": false,
      "Startup Cost": 96053.88,
      "Total Cost": 96053.89,
      "Plan Rows": 1,
      "Plan Width": 8,
      "Actual Startup Time": 461.266,
      "Actual Total Time": 478.528,
      "Actual Rows": 1,
      "Actual Loops": 1,
      "Plans": [
        {
          "Node Type": "Gather",
          "Parent Relationship": "Outer",
          "Parallel Aware": false,
          "Startup Cost": 96053.56,
          "Total Cost": 96053.87,
          "Plan Rows": 3,
          "Plan Width": 8,
          "Actual Startup Time": 455.596,
          "Actual Total Time": 478.519,
          "Actual Rows": 4,
          "Actual Loops": 1,
          "Workers Planned": 3,
          "Workers Launched": 3,
          "Single Copy": false,
          "Plans": [
            {
              "Node Type": "Aggregate",
              "Strategy": "Plain",
              "Partial Mode": "Partial",
              "Parent Relationship": "Outer",
              "Parallel Aware": false,
              "Startup Cost": 95053.56,
              "Total Cost": 95053.57,
              "Plan Rows": 1,
              "Plan Width": 8,
              "Actual Startup Time": 448.615,
              "Actual Total Time": 448.619,
              "Actual Rows": 1,
              "Actual Loops": 4,
              "Plans": [
                {
                  "Node Type": "Hash Join",
                  "Parent Relationship": "Outer",
                  "Parallel Aware": true,
                  "Join Type": "Inner",
                  "Startup Cost": 47854.6,
                  "Total Cost": 93599.73,
                  "Plan Rows": 581533,
                  "Plan Width": 0,
                  "Actual Startup Time": 223.407,
                  "Actual Total Time": 434.83,
                  "Actual Rows": 345381,
                  "Actual Loops": 4,
                  "Inner Unique": true,
                  "Hash Cond": "(mk.movie_id = t.id)",
                  "Plans": [
                    {
                      "Node Type": "Seq Scan",
                      "Parent Relationship": "Outer",
                      "Parallel Aware": true,
                      "Relation Name": "movie_keyword",
                      "Alias": "mk",
                      "Startup Cost": 0.0,
                      "Total Cost": 42695.65,
                      "Plan Rows": 1161706,
                      "Plan Width": 4,
                      "Actual Startup Time": 0.062,
                      "Actual Total Time": 106.498,
                      "Actual Rows": 898323,
                      "Actual Loops": 4,
                      "Filter": "(keyword_id > 870)",
                      "Rows Removed by Filter": 232660
                    },
                    {
                      "Node Type": "Hash",
                      "Parent Relationship": "Inner",
                      "Parallel Aware": true,
                      "Startup Cost": 43899.32,
                      "Total Cost": 43899.32,
                      "Plan Rows": 316422,
                      "Plan Width": 4,
                      "Actual Startup Time": 218.37,
                      "Actual Total Time": 218.371,
                      "Actual Rows": 315074,
                      "Actual Loops": 4,
                      "Hash Buckets": 2097152,
                      "Original Hash Buckets": 2097152,
                      "Hash Batches": 1,
                      "Original Hash Batches": 1,
                      "Peak Memory Usage": 65760,
                      "Plans": [
                        {
                          "Node Type": "Seq Scan",
                          "Parent Relationship": "Outer",
                          "Parallel Aware": true,
                          "Relation Name": "title",
                          "Alias": "t",
                          "Startup Cost": 0.0,
                          "Total Cost": 43899.32,
                          "Plan Rows": 316422,
                          "Plan Width": 4,
                          "Actual Startup Time": 0.023,
                          "Actual Total Time": 102.308,
                          "Actual Rows": 315074,
                          "Actual Loops": 4,
                          "Filter": "(production_year > 2002)",
                          "Rows Removed by Filter": 317004
                        }
                      ]
                    }
                  ]
                }
              ]
            }
          ]
        }
      ]
    },
    "Planning Time": 0.47,
    "Triggers": [],
    "Execution Time": 478.563
  }
]