[
  {
    "Plan": {
      "Node Type": "Aggregate",
      "Strategy": "Plain",
      "Partial Mode": "Finalize",
      "Parallel Aware": false,
      "Startup Cost": 45488.87,
      "Total Cost": 45488.88,
      "Plan Rows": 1,
      "Plan Width": 8,
      "Actual Startup Time": 147.647,
      "Actual Total Time": 157.997,
      "Actual Rows": 1,
      "Actual Loops": 1,
      "Plans": [
        {
          "Node Type": "Gather",
          "Parent Relationship": "Outer",
          "Parallel Aware": false,
          "Startup Cost": 45488.55,
          "Total Cost": 45488.86,
          "Plan Rows": 3,
          "Plan Width": 8,
          "Actual Startup Time": 147.515,
          "Actual Total Time": 157.985,
          "Actual Rows": 4,
          "Actual Loops": 1,
          "Workers Planned": 3,
          "Workers Launched": 3,
          "Single Copy": false,
          "Plans": [
            {
              "Node Type": "Aggregate",
              "Strategy": "Plain",
              "Partial Mode": "Partial",
              "Parent Relationship": "Outer",
              "Parallel Aware": false,
              "Startup Cost": 44488.55,
              "Total Cost": 44488.56,
              "Plan Rows": 1,
              "Plan Width": 8,
              "Actual Startup Time": 143.493,
              "Actual Total Time": 143.495,
              "Actual Rows": 1,
              "Actual Loops": 4,
              "Plans": [
                {
                  "Node Type": "Seq Scan",
                  "Parent Relationship": "Outer",
                  "Parallel Aware": true,
                  "Relation Name": "movie_keyword",
                  "Alias": "mk",
                  "Startup Cost": 0.0,
                  "Total Cost": 42695.65,
                  "Plan Rows": 717160,
                  "Plan Width": 0,
                  "Actual Startup Time": 0.031,
                  "Actual Total Time": 116.624,
                  "Actual Rows": 561359,
                  "Actual Loops": 4,
                  "Filter": "(keyword_id < 4625)",
                  "Rows Removed by Filter": 569624
                }
              ]
            }
          ]
        }
      ]
    },
    "Planning Time": 0.248,
    "Triggers": [],
    "Execution Time": 158.047
  }
]