[
  {
    "Plan": {
      "Node Type": "Aggregate",
      "Strategy": "Plain",
      "Partial Mode": "Finalize",
      "Parallel Aware": false,
      "Startup Cost": 45499.03,
      "Total Cost": 45499.04,
      "Plan Rows": 1,
      "Plan Width": 8,
      "Actual Startup Time": 139.181,
      "Actual Total Time": 148.309,
      "Actual Rows": 1,
      "Actual Loops": 1,
      "Plans": [
        {
          "Node Type": "Gather",
          "Parent Relationship": "Outer",
          "Parallel Aware": false,
          "Startup Cost": 45498.72,
          "Total Cost": 45499.03,
          "Plan Rows": 3,
          "Plan Width": 8,
          "Actual Startup Time": 139.058,
          "Actual Total Time": 148.301,
          "Actual Rows": 4,
          "Actual Loops": 1,
          "Workers Planned": 3,
          "Workers Launched": 3,
          "Single Copy": false,
          "Plans": [
            {
              "Node Type": "Aggregate",
              "Strategy": "Plain",
              "Partial Mode": "Partial",
              "Parent Relationship": "Outer",
              "Parallel Aware": false,
              "Startup Cost": 44498.72,
              "Total Cost": 44498.73,
              "Plan Rows": 1,
              "Plan Width": 8,
              "Actual Startup Time": 133.664,
              "Actual Total Time": 133.666,
              "Actual Rows": 1,
              "Actual Loops": 4,
              "Plans": [
                {
                  "Node Type": "Seq Scan",
                  "Parent Relationship": "Outer",
                  "Parallel Aware": true,
                  "Relation Name": "movie_keyword",
                  "Alias": "mk",
                  "Startup Cost": 0.0,
                  "Total Cost": 42695.65,
                  "Plan Rows": 721225,
                  "Plan Width": 0,
                  "Actual Startup Time": 0.042,
                  "Actual Total Time": 109.258,
                  "Actual Rows": 561359,
                  "Actual Loops": 4,
                  "Filter": "(keyword_id < 4625)",
                  "Rows Removed by Filter": 569624
                }
              ]
            }
          ]
        }
      ]
    },
    "Planning Time": 0.115,
    "Triggers": [],
    "Execution Time": 148.346
  }
]