[
  {
    "Plan": {
      "Node Type": "Aggregate",
      "Strategy": "Plain",
      "Partial Mode": "Finalize",
      "Parallel Aware": false,
      "Startup Cost": 166714.89,
      "Total Cost": 166714.9,
      "Plan Rows": 1,
      "Plan Width": 64,
      "Actual Startup Time": 1190.131,
      "Actual Total Time": 1276.518,
      "Actual Rows": 1,
      "Actual Loops": 1,
      "Plans": [
        {
          "Node Type": "Gather",
          "Parent Relationship": "Outer",
          "Parallel Aware": false,
          "Startup Cost": 166714.46,
          "Total Cost": 166714.87,
          "Plan Rows": 4,
          "Plan Width": 64,
          "Actual Startup Time": 1168.694,
          "Actual Total Time": 1276.489,
          "Actual Rows": 5,
          "Actual Loops": 1,
          "Workers Planned": 4,
          "Workers Launched": 4,
          "Single Copy": false,
          "Plans": [
            {
              "Node Type": "Aggregate",
              "Strategy": "Plain",
              "Partial Mode": "Partial",
              "Parent Relationship": "Outer",
              "Parallel Aware": false,
              "Startup Cost": 165714.46,
              "Total Cost": 165714.47,
              "Plan Rows": 1,
              "Plan Width": 64,
              "Actual Startup Time": 1152.036,
              "Actual Total Time": 1152.049,
              "Actual Rows": 1,
              "Actual Loops": 5,
              "Plans": [
                {
                  "Node Type": "Hash Join",
                  "Parent Relationship": "Outer",
                  "Parallel Aware": false,
                  "Join Type": "Inner",
                  "Startup Cost": 88807.2,
                  "Total Cost": 165640.63,
                  "Plan Rows": 14767,
                  "Plan Width": 33,
                  "Actual Startup Time": 632.979,
                  "Actual Total Time": 1151.463,
                  "Actual Rows": 1939,
                  "Actual Loops": 5,
                  "Inner Unique": true,
                  "Hash Cond": "(ci.role_id = rt.id)",
                  "Plans": [
                    {
                      "Node Type": "Hash Join",
                      "Parent Relationship": "Outer",
                      "Parallel Aware": true,
                      "Join Type": "Inner",
                      "Startup Cost": 88805.93,
                      "Total Cost": 165586.9,
                      "Plan Rows": 14767,
                      "Plan Width": 37,
                      "Actual Startup Time": 632.508,
                      "Actual Total Time": 1150.39,
                      "Actual Rows": 1939,
                      "Actual Loops": 5,
                      "Inner Unique": true,
                      "Hash Cond": "(ci.person_role_id = chn.id)",
                      "Plans": [
                        {
                          "Node Type": "Nested Loop",
                          "Parent Relationship": "Outer",
                          "Parallel Aware": false,
                          "Join Type": "Inner",
                          "Startup Cost": 34661.15,
                          "Total Cost": 111403.35,
                          "Plan Rows": 14767,
                          "Plan Width": 25,
                          "Actual Startup Time": 138.156,
                          "Actual Total Time": 648.908,
                          "Actual Rows": 11802,
                          "Actual Loops": 5,
                          "Inner Unique": false,
                          "Join Filter": "(t.id = ci.movie_id)",
                          "Rows Removed by Join Filter": 0,
                          "Plans": [
                            {
                              "Node Type": "Hash Join",
                              "Parent Relationship": "Outer",
                              "Parallel Aware": false,
                              "Join Type": "Inner",
                              "Startup Cost": 34660.13,
                              "Total Cost": 79105.16,
                              "Plan Rows": 5801,
                              "Plan Width": 25,
                              "Actual Startup Time": 137.381,
                              "Actual Total Time": 248.712,
                              "Actual Rows": 3883,
                              "Actual Loops": 5,
                              "Inner Unique": true,
                              "Hash Cond": "(mc.company_type_id = ct.id)",
                              "Plans": [
                                {
                                  "Node Type": "Hash Join",
                                  "Parent Relationship": "Outer",
                                  "Parallel Aware": true,
                                  "Join Type": "Inner",
                                  "Startup Cost": 34659.04,
                                  "Total Cost": 79072.71,
                                  "Plan Rows": 5801,
                                  "Plan Width": 29,
                                  "Actual Startup Time": 137.289,
                                  "Actual Total Time": 247.395,
                                  "Actual Rows": 3883,
                                  "Actual Loops": 5,
                                  "Inner Unique": false,
                                  "Hash Cond": "(t.id = mc.movie_id)",
                                  "Plans": [
                                    {
                                      "Node Type": "Seq Scan",
                                      "Parent Relationship": "Outer",
                                      "Parallel Aware": true,
                                      "Relation Name": "title",
                                      "Alias": "t",
                                      "Startup Cost": 0.0,
                                      "Total Cost": 43898.62,
                                      "Plan Rows": 132358,
                                      "Plan Width": 21,
                                      "Actual Startup Time": 0.027,
                                      "Actual Total Time": 83.152,
                                      "Actual Rows": 106674,
                                      "Actual Loops": 5,
                                      "Filter": "(production_year > 2009)",
                                      "Rows Removed by Filter": 398989
                                    },
                                    {
                                      "Node Type": "Hash",
                                      "Parent Relationship": "Inner",
                                      "Parallel Aware": true,
                                      "Startup Cost": 34212.24,
                                      "Total Cost": 34212.24,
                                      "Plan Rows": 35744,
                                      "Plan Width": 8,
                                      "Actual Startup Time": 136.937,
                                      "Actual Total Time": 136.942,
                                      "Actual Rows": 16839,
                                      "Actual Loops": 5,
                                      "Hash Buckets": 131072,
                                      "Original Hash Buckets": 131072,
                                      "Hash Batches": 1,
                                      "Original Hash Batches": 1,
                                      "Peak Memory Usage": 4416,
                                      "Plans": [
                                        {
                                          "Node Type": "Hash Join",
                                          "Parent Relationship": "Outer",
                                          "Parallel Aware": true,
                                          "Join Type": "Inner",
                                          "Startup Cost": 4796.31,
                                          "Total Cost": 34212.24,
                                          "Plan Rows": 35744,
                                          "Plan Width": 8,
                                          "Actual Startup Time": 13.142,
                                          "Actual Total Time": 131.115,
                                          "Actual Rows": 16839,
                                          "Actual Loops": 5,
                                          "Inner Unique": true,
                                          "Hash Cond": "(mc.company_id = cn.id)",
                                          "Plans": [
                                            {
                                              "Node Type": "Seq Scan",
                                              "Parent Relationship": "Outer",
                                              "Parallel Aware": true,
                                              "Relation Name": "movie_companies",
                                              "Alias": "mc",
                                              "Startup Cost": 0.0,
                                              "Total Cost": 27206.55,
                                              "Plan Rows": 841655,
                                              "Plan Width": 12,
                                              "Actual Startup Time": 0.026,
                                              "Actual Total Time": 65.279,
                                              "Actual Rows": 521826,
                                              "Actual Loops": 5
                                            },
                                            {
                                              "Node Type": "Hash",
                                              "Parent Relationship": "Inner",
                                              "Parallel Aware": true,
                                              "Startup Cost": 4722.92,
                                              "Total Cost": 4722.92,
                                              "Plan Rows": 5871,
                                              "Plan Width": 4,
                                              "Actual Startup Time": 12.862,
                                              "Actual Total Time": 12.864,
                                              "Actual Rows": 1962,
                                              "Actual Loops": 5,
                                              "Hash Buckets": 16384,
                                              "Original Hash Buckets": 16384,
                                              "Hash Batches": 1,
                                              "Original Hash Batches": 1,
                                              "Peak Memory Usage": 576,
                                              "Plans": [
                                                {
                                                  "Node Type": "Seq Scan",
                                                  "Parent Relationship": "Outer",
                                                  "Parallel Aware": true,
                                                  "Relation Name": "company_name",
                                                  "Alias": "cn",
                                                  "Startup Cost": 0.0,
                                                  "Total Cost": 4722.92,
                                                  "Plan Rows": 5871,
                                                  "Plan Width": 4,
                                                  "Actual Startup Time": 0.041,
                                                  "Actual Total Time": 11.756,
                                                  "Actual Rows": 1962,
                                                  "Actual Loops": 5,
                                                  "Filter": "((country_code)::text = '[ca]'::text)",
                                                  "Rows Removed by Filter": 45037
                                                }
                                              ]
                                            }
                                          ]
                                        }
                                      ]
                                    }
                                  ]
                                },
                                {
                                  "Node Type": "Hash",
                                  "Parent Relationship": "Inner",
                                  "Parallel Aware": false,
                                  "Startup Cost": 1.04,
                                  "Total Cost": 1.04,
                                  "Plan Rows": 4,
                                  "Plan Width": 4,
                                  "Actual Startup Time": 0.053,
                                  "Actual Total Time": 0.055,
                                  "Actual Rows": 4,
                                  "Actual Loops": 5,
                                  "Hash Buckets": 1024,
                                  "Original Hash Buckets": 1024,
                                  "Hash Batches": 1,
                                  "Original Hash Batches": 1,
                                  "Peak Memory Usage": 9,
                                  "Plans": [
                                    {
                                      "Node Type": "Seq Scan",
                                      "Parent Relationship": "Outer",
                                      "Parallel Aware": false,
                                      "Relation Name": "company_type",
                                      "Alias": "ct",
                                      "Startup Cost": 0.0,
                                      "Total Cost": 1.04,
                                      "Plan Rows": 4,
                                      "Plan Width": 4,
                                      "Actual Startup Time": 0.033,
                                      "Actual Total Time": 0.035,
                                      "Actual Rows": 4,
                                      "Actual Loops": 5
                                    }
                                  ]
                                }
                              ]
                            },
                            {
                              "Node Type": "Bitmap Heap Scan",
                              "Parent Relationship": "Inner",
                              "Parallel Aware": false,
                              "Relation Name": "cast_info",
                              "Alias": "ci",
                              "Startup Cost": 1.02,
                              "Total Cost": 5.53,
                              "Plan Rows": 3,
                              "Plan Width": 12,
                              "Actual Startup Time": 0.052,
                              "Actual Total Time": 0.1,
                              "Actual Rows": 3,
                              "Actual Loops": 19416,
                              "Recheck Cond": "(movie_id = mc.movie_id)",
                              "Rows Removed by Index Recheck": 0,
                              "Filter": "(note ~~ '%(as%'::text)",
                              "Rows Removed by Filter": 32,
                              "Exact Heap Blocks": 156782,
                              "Lossy Heap Blocks": 0,
                              "Plans": [
                                {
                                  "Node Type": "Bitmap Index Scan",
                                  "Parent Relationship": "Outer",
                                  "Parallel Aware": false,
                                  "Index Name": "movie_id_cast_info",
                                  "Startup Cost": 0.0,
                                  "Total Cost": 1.02,
                                  "Plan Rows": 34,
                                  "Plan Width": 0,
                                  "Actual Startup Time": 0.011,
                                  "Actual Total Time": 0.011,
                                  "Actual Rows": 35,
                                  "Actual Loops": 19416,
                                  "Index Cond": "(movie_id = mc.movie_id)"
                                }
                              ]
                            }
                          ]
                        },
                        {
                          "Node Type": "Hash",
                          "Parent Relationship": "Inner",
                          "Parallel Aware": true,
                          "Startup Cost": 44325.46,
                          "Total Cost": 44325.46,
                          "Plan Rows": 785546,
                          "Plan Width": 20,
                          "Actual Startup Time": 486.69,
                          "Actual Total Time": 486.69,
                          "Actual Rows": 628068,
                          "Actual Loops": 5,
                          "Hash Buckets": 4194304,
                          "Original Hash Buckets": 4194304,
                          "Hash Batches": 1,
                          "Original Hash Batches": 1,
                          "Peak Memory Usage": 205120,
                          "Plans": [
                            {
                              "Node Type": "Seq Scan",
                              "Parent Relationship": "Outer",
                              "Parallel Aware": true,
                              "Relation Name": "char_name",
                              "Alias": "chn",
                              "Startup Cost": 0.0,
                              "Total Cost": 44325.46,
                              "Plan Rows": 785546,
                              "Plan Width": 20,
                              "Actual Startup Time": 0.077,
                              "Actual Total Time": 152.366,
                              "Actual Rows": 628068,
                              "Actual Loops": 5
                            }
                          ]
                        }
                      ]
                    },
                    {
                      "Node Type": "Hash",
                      "Parent Relationship": "Inner",
                      "Parallel Aware": false,
                      "Startup Cost": 1.12,
                      "Total Cost": 1.12,
                      "Plan Rows": 12,
                      "Plan Width": 4,
                      "Actual Startup Time": 0.096,
                      "Actual Total Time": 0.097,
                      "Actual Rows": 12,
                      "Actual Loops": 5,
                      "Hash Buckets": 1024,
                      "Original Hash Buckets": 1024,
                      "Hash Batches": 1,
                      "Original Hash Batches": 1,
                      "Peak Memory Usage": 9,
                      "Plans": [
                        {
                          "Node Type": "Seq Scan",
                          "Parent Relationship": "Outer",
                          "Parallel Aware": false,
                          "Relation Name": "role_type",
                          "Alias": "rt",
                          "Startup Cost": 0.0,
                          "Total Cost": 1.12,
                          "Plan Rows": 12,
                          "Plan Width": 4,
                          "Actual Startup Time": 0.059,
                          "Actual Total Time": 0.064,
                          "Actual Rows": 12,
                          "Actual Loops": 5
                        }
                      ]
                    }
                  ]
                }
              ]
            }
          ]
        }
      ]
    },
    "Planning Time": 12.004,
    "Triggers": [],
    "Execution Time": 1277.113
  }
]