[
  {
    "Plan": {
      "Node Type": "Aggregate",
      "Strategy": "Plain",
      "Partial Mode": "Finalize",
      "Parallel Aware": false,
      "Startup Cost": 69795.61,
      "Total Cost": 69795.62,
      "Plan Rows": 1,
      "Plan Width": 8,
      "Actual Startup Time": 282.23,
      "Actual Total Time": 294.415,
      "Actual Rows": 1,
      "Actual Loops": 1,
      "Plans": [
        {
          "Node Type": "Gather",
          "Parent Relationship": "Outer",
          "Parallel Aware": false,
          "Startup Cost": 69795.3,
          "Total Cost": 69795.61,
          "Plan Rows": 3,
          "Plan Width": 8,
          "Actual Startup Time": 273.521,
          "Actual Total Time": 294.408,
          "Actual Rows": 4,
          "Actual Loops": 1,
          "Workers Planned": 3,
          "Workers Launched": 3,
          "Single Copy": false,
          "Plans": [
            {
              "Node Type": "Aggregate",
              "Strategy": "Plain",
              "Partial Mode": "Partial",
              "Parent Relationship": "Outer",
              "Parallel Aware": false,
              "Startup Cost": 68795.3,
              "Total Cost": 68795.31,
              "Plan Rows": 1,
              "Plan Width": 8,
              "Actual Startup Time": 266.561,
              "Actual Total Time": 266.564,
              "Actual Rows": 1,
              "Actual Loops": 4,
              "Plans": [
                {
                  "Node Type": "Hash Join",
                  "Parent Relationship": "Outer",
                  "Parallel Aware": true,
                  "Join Type": "Inner",
                  "Startup Cost": 49750.26,
                  "Total Cost": 68771.94,
                  "Plan Rows": 9342,
                  "Plan Width": 0,
                  "Actual Startup Time": 247.775,
                  "Actual Total Time": 266.081,
                  "Actual Rows": 10020,
                  "Actual Loops": 4,
                  "Inner Unique": true,
                  "Hash Cond": "(mc.movie_id = t.id)",
                  "Plans": [
                    {
                      "Node Type": "Bitmap Heap Scan",
                      "Parent Relationship": "Outer",
                      "Parallel Aware": true,
                      "Relation Name": "movie_companies",
                      "Alias": "mc",
                      "Startup Cost": 1032.45,
                      "Total Cost": 20013.92,
                      "Plan Rows": 15318,
                      "Plan Width": 4,
                      "Actual Startup Time": 3.454,
                      "Actual Total Time": 11.258,
                      "Actual Rows": 11813,
                      "Actual Loops": 4,
                      "Recheck Cond": "(company_id = 19)",
                      "Rows Removed by Index Recheck": 0,
                      "Exact Heap Blocks": 2129,
                      "Lossy Heap Blocks": 0,
                      "Plans": [
                        {
                          "Node Type": "Bitmap Index Scan",
                          "Parent Relationship": "Outer",
                          "Parallel Aware": false,
                          "Index Name": "company_id_movie_companies",
                          "Startup Cost": 0.0,
                          "Total Cost": 1020.57,
                          "Plan Rows": 47486,
                          "Plan Width": 0,
                          "Actual Startup Time": 2.716,
                          "Actual Total Time": 2.717,
                          "Actual Rows": 47252,
                          "Actual Loops": 1,
                          "Index Cond": "(company_id = 19)"
                        }
                      ]
                    },
                    {
                      "Node Type": "Hash",
                      "Parent Relationship": "Inner",
                      "Parallel Aware": true,
                      "Startup Cost": 43899.32,
                      "Total Cost": 43899.32,
                      "Plan Rows": 385479,
                      "Plan Width": 4,
                      "Actual Startup Time": 239.472,
                      "Actual Total Time": 239.472,
                      "Actual Rows": 385816,
                      "Actual Loops": 4,
                      "Hash Buckets": 2097152,
                      "Original Hash Buckets": 2097152,
                      "Hash Batches": 1,
                      "Original Hash Batches": 1,
                      "Peak Memory Usage": 76832,
                      "Plans": [
                        {
                          "Node Type": "Seq Scan",
                          "Parent Relationship": "Outer",
                          "Parallel Aware": true,
                          "Relation Name": "title",
                          "Alias": "t",
                          "Startup Cost": 0.0,
                          "Total Cost": 43899.32,
                          "Plan Rows": 385479,
                          "Plan Width": 4,
                          "Actual Startup Time": 0.027,
                          "Actual Total Time": 100.461,
                          "Actual Rows": 385816,
                          "Actual Loops": 4,
                          "Filter": "(kind_id = 7)",
                          "Rows Removed by Filter": 246262
                        }
                      ]
                    }
                  ]
                }
              ]
            }
          ]
        }
      ]
    },
    "Planning Time": 0.295,
    "Triggers": [],
    "Execution Time": 294.466
  }
]