[
  {
    "Plan": {
      "Node Type": "Aggregate",
      "Strategy": "Plain",
      "Partial Mode": "Finalize",
      "Parallel Aware": false,
      "Startup Cost": 46214.69,
      "Total Cost": 46214.7,
      "Plan Rows": 1,
      "Plan Width": 8,
      "Actual Startup Time": 37.19,
      "Actual Total Time": 44.982,
      "Actual Rows": 1,
      "Actual Loops": 1,
      "Plans": [
        {
          "Node Type": "Gather",
          "Parent Relationship": "Outer",
          "Parallel Aware": false,
          "Startup Cost": 46214.37,
          "Total Cost": 46214.68,
          "Plan Rows": 3,
          "Plan Width": 8,
          "Actual Startup Time": 36.99,
          "Actual Total Time": 44.977,
          "Actual Rows": 4,
          "Actual Loops": 1,
          "Workers Planned": 3,
          "Workers Launched": 3,
          "Single Copy": false,
          "Plans": [
            {
              "Node Type": "Aggregate",
              "Strategy": "Plain",
              "Partial Mode": "Partial",
              "Parent Relationship": "Outer",
              "Parallel Aware": false,
              "Startup Cost": 45214.37,
              "Total Cost": 45214.38,
              "Plan Rows": 1,
              "Plan Width": 8,
              "Actual Startup Time": 32.89,
              "Actual Total Time": 32.892,
              "Actual Rows": 1,
              "Actual Loops": 4,
              "Plans": [
                {
                  "Node Type": "Nested Loop",
                  "Parent Relationship": "Outer",
                  "Parallel Aware": false,
                  "Join Type": "Inner",
                  "Startup Cost": 258.79,
                  "Total Cost": 45214.36,
                  "Plan Rows": 5,
                  "Plan Width": 0,
                  "Actual Startup Time": 7.836,
                  "Actual Total Time": 32.879,
                  "Actual Rows": 55,
                  "Actual Loops": 4,
                  "Inner Unique": false,
                  "Join Filter": "(t.id = mi_idx.movie_id)",
                  "Rows Removed by Join Filter": 0,
                  "Plans": [
                    {
                      "Node Type": "Nested Loop",
                      "Parent Relationship": "Outer",
                      "Parallel Aware": false,
                      "Join Type": "Inner",
                      "Startup Cost": 258.36,
                      "Total Cost": 45170.94,
                      "Plan Rows": 9,
                      "Plan Width": 8,
                      "Actual Startup Time": 7.757,
                      "Actual Total Time": 32.459,
                      "Actual Rows": 19,
                      "Actual Loops": 4,
                      "Inner Unique": true,
                      "Plans": [
                        {
                          "Node Type": "Bitmap Heap Scan",
                          "Parent Relationship": "Outer",
                          "Parallel Aware": true,
                          "Relation Name": "movie_keyword",
                          "Alias": "mk",
                          "Startup Cost": 257.93,
                          "Total Cost": 20753.36,
                          "Plan Rows": 3892,
                          "Plan Width": 4,
                          "Actual Startup Time": 3.822,
                          "Actual Total Time": 12.795,
                          "Actual Rows": 2308,
                          "Actual Loops": 4,
                          "Recheck Cond": "(keyword_id = 784)",
                          "Rows Removed by Index Recheck": 0,
                          "Exact Heap Blocks": 3874,
                          "Lossy Heap Blocks": 0,
                          "Plans": [
                            {
                              "Node Type": "Bitmap Index Scan",
                              "Parent Relationship": "Outer",
                              "Parallel Aware": false,
                              "Index Name": "keyword_id_movie_keyword",
                              "Startup Cost": 0.0,
                              "Total Cost": 254.91,
                              "Plan Rows": 12064,
                              "Plan Width": 0,
                              "Actual Startup Time": 5.164,
                              "Actual Total Time": 5.164,
                              "Actual Rows": 9234,
                              "Actual Loops": 1,
                              "Index Cond": "(keyword_id = 784)"
                            }
                          ]
                        },
                        {
                          "Node Type": "Index Scan",
                          "Parent Relationship": "Inner",
                          "Parallel Aware": false,
                          "Scan Direction": "Forward",
                          "Index Name": "title_pkey",
                          "Relation Name": "title",
                          "Alias": "t",
                          "Startup Cost": 0.43,
                          "Total Cost": 6.27,
                          "Plan Rows": 1,
                          "Plan Width": 4,
                          "Actual Startup Time": 0.008,
                          "Actual Total Time": 0.008,
                          "Actual Rows": 0,
                          "Actual Loops": 9234,
                          "Index Cond": "(id = mk.movie_id)",
                          "Rows Removed by Index Recheck": 0,
                          "Filter": "((kind_id < 7) AND (production_year = 1980))",
                          "Rows Removed by Filter": 1
                        }
                      ]
                    },
                    {
                      "Node Type": "Index Only Scan",
                      "Parent Relationship": "Inner",
                      "Parallel Aware": false,
                      "Scan Direction": "Forward",
                      "Index Name": "movie_id_movie_info_idx",
                      "Relation Name": "movie_info_idx",
                      "Alias": "mi_idx",
                      "Startup Cost": 0.43,
                      "Total Cost": 4.79,
                      "Plan Rows": 3,
                      "Plan Width": 4,
                      "Actual Startup Time": 0.02,
                      "Actual Total Time": 0.021,
                      "Actual Rows": 3,
                      "Actual Loops": 75,
                      "Index Cond": "(movie_id = mk.movie_id)",
                      "Rows Removed by Index Recheck": 0,
                      "Heap Fetches": 220
                    }
                  ]
                }
              ]
            }
          ]
        }
      ]
    },
    "Planning Time": 0.801,
    "Triggers": [],
    "Execution Time": 45.039
  }
]