[
  {
    "Plan": {
      "Node Type": "Aggregate",
      "Strategy": "Plain",
      "Partial Mode": "Finalize",
      "Parallel Aware": false,
      "Startup Cost": 96243.11,
      "Total Cost": 96243.12,
      "Plan Rows": 1,
      "Plan Width": 8,
      "Actual Startup Time": 740.262,
      "Actual Total Time": 756.148,
      "Actual Rows": 1,
      "Actual Loops": 1,
      "Plans": [
        {
          "Node Type": "Gather",
          "Parent Relationship": "Outer",
          "Parallel Aware": false,
          "Startup Cost": 96242.9,
          "Total Cost": 96243.11,
          "Plan Rows": 2,
          "Plan Width": 8,
          "Actual Startup Time": 734.964,
          "Actual Total Time": 756.136,
          "Actual Rows": 3,
          "Actual Loops": 1,
          "Workers Planned": 2,
          "Workers Launched": 2,
          "Single Copy": false,
          "Plans": [
            {
              "Node Type": "Aggregate",
              "Strategy": "Plain",
              "Partial Mode": "Partial",
              "Parent Relationship": "Outer",
              "Parallel Aware": false,
              "Startup Cost": 95242.9,
              "Total Cost": 95242.91,
              "Plan Rows": 1,
              "Plan Width": 8,
              "Actual Startup Time": 727.199,
              "Actual Total Time": 727.647,
              "Actual Rows": 1,
              "Actual Loops": 3,
              "Plans": [
                {
                  "Node Type": "Hash Join",
                  "Parent Relationship": "Outer",
                  "Parallel Aware": true,
                  "Join Type": "Inner",
                  "Startup Cost": 79088.13,
                  "Total Cost": 95086.24,
                  "Plan Rows": 62663,
                  "Plan Width": 0,
                  "Actual Startup Time": 589.405,
                  "Actual Total Time": 715.991,
                  "Actual Rows": 256114,
                  "Actual Loops": 3,
                  "Inner Unique": false,
                  "Hash Cond": "(mi_idx.movie_id = t.id)",
                  "Plans": [
                    {
                      "Node Type": "Seq Scan",
                      "Parent Relationship": "Outer",
                      "Parallel Aware": true,
                      "Relation Name": "movie_info_idx",
                      "Alias": "mi_idx",
                      "Startup Cost": 0.0,
                      "Total Cost": 13685.15,
                      "Plan Rows": 575015,
                      "Plan Width": 4,
                      "Actual Startup Time": 0.046,
                      "Actual Total Time": 38.636,
                      "Actual Rows": 460012,
                      "Actual Loops": 3
                    },
                    {
                      "Node Type": "Hash",
                      "Parent Relationship": "Inner",
                      "Parallel Aware": true,
                      "Startup Cost": 78227.1,
                      "Total Cost": 78227.1,
                      "Plan Rows": 68882,
                      "Plan Width": 8,
                      "Actual Startup Time": 583.578,
                      "Actual Total Time": 584.025,
                      "Actual Rows": 185126,
                      "Actual Loops": 3,
                      "Hash Buckets": 1048576,
                      "Original Hash Buckets": 524288,
                      "Hash Batches": 1,
                      "Original Hash Batches": 1,
                      "Peak Memory Usage": 34048,
                      "Plans": [
                        {
                          "Node Type": "Hash Join",
                          "Parent Relationship": "Outer",
                          "Parallel Aware": true,
                          "Join Type": "Inner",
                          "Startup Cost": 32525.81,
                          "Total Cost": 78227.1,
                          "Plan Rows": 68882,
                          "Plan Width": 8,
                          "Actual Startup Time": 184.526,
                          "Actual Total Time": 510.39,
                          "Actual Rows": 185126,
                          "Actual Loops": 3,
                          "Inner Unique": false,
                          "Hash Cond": "(t.id = mc.movie_id)",
                          "Plans": [
                            {
                              "Node Type": "Seq Scan",
                              "Parent Relationship": "Outer",
                              "Parallel Aware": true,
                              "Relation Name": "title",
                              "Alias": "t",
                              "Startup Cost": 0.0,
                              "Total Cost": 42318.73,
                              "Plan Rows": 632073,
                              "Plan Width": 4,
                              "Actual Startup Time": 0.009,
                              "Actual Total Time": 100.711,
                              "Actual Rows": 842771,
                              "Actual Loops": 3
                            },
                            {
                              "Node Type": "Hash",
                              "Parent Relationship": "Inner",
                              "Parallel Aware": true,
                              "Startup Cost": 31414.82,
                              "Total Cost": 31414.82,
                              "Plan Rows": 88879,
                              "Plan Width": 4,
                              "Actual Startup Time": 182.015,
                              "Actual Total Time": 182.017,
                              "Actual Rows": 185126,
                              "Actual Loops": 3,
                              "Hash Buckets": 1048576,
                              "Original Hash Buckets": 524288,
                              "Hash Batches": 1,
                              "Original Hash Batches": 1,
                              "Peak Memory Usage": 34048,
                              "Plans": [
                                {
                                  "Node Type": "Seq Scan",
                                  "Parent Relationship": "Outer",
                                  "Parallel Aware": true,
                                  "Relation Name": "movie_companies",
                                  "Alias": "mc",
                                  "Startup Cost": 0.0,
                                  "Total Cost": 31414.82,
                                  "Plan Rows": 88879,
                                  "Plan Width": 4,
                                  "Actual Startup Time": 57.411,
                                  "Actual Total Time": 108.055,
                                  "Actual Rows": 185126,
                                  "Actual Loops": 3,
                                  "Filter": "((company_id > 71740) AND (company_type_id > 1))",
                                  "Rows Removed by Filter": 684584
                                }
                              ]
                            }
                          ]
                        }
                      ]
                    }
                  ]
                }
              ]
            }
          ]
        }
      ]
    },
    "Planning Time": 1.378,
    "Triggers": [],
    "Execution Time": 756.23
  }
]