[
  {
    "Plan": {
      "Node Type": "Aggregate",
      "Strategy": "Plain",
      "Partial Mode": "Finalize",
      "Parallel Aware": false,
      "Startup Cost": 309747.48,
      "Total Cost": 309747.49,
      "Plan Rows": 1,
      "Plan Width": 8,
      "Actual Startup Time": 1358.489,
      "Actual Total Time": 1399.904,
      "Actual Rows": 1,
      "Actual Loops": 1,
      "Plans": [
        {
          "Node Type": "Gather",
          "Parent Relationship": "Outer",
          "Parallel Aware": false,
          "Startup Cost": 309746.86,
          "Total Cost": 309747.47,
          "Plan Rows": 6,
          "Plan Width": 8,
          "Actual Startup Time": 1333.124,
          "Actual Total Time": 1399.89,
          "Actual Rows": 7,
          "Actual Loops": 1,
          "Workers Planned": 6,
          "Workers Launched": 6,
          "Single Copy": false,
          "Plans": [
            {
              "Node Type": "Aggregate",
              "Strategy": "Plain",
              "Partial Mode": "Partial",
              "Parent Relationship": "Outer",
              "Parallel Aware": false,
              "Startup Cost": 308746.86,
              "Total Cost": 308746.87,
              "Plan Rows": 1,
              "Plan Width": 8,
              "Actual Startup Time": 1314.964,
              "Actual Total Time": 1314.967,
              "Actual Rows": 1,
              "Actual Loops": 7,
              "Plans": [
                {
                  "Node Type": "Hash Join",
                  "Parent Relationship": "Outer",
                  "Parallel Aware": true,
                  "Join Type": "Inner",
                  "Startup Cost": 51438.7,
                  "Total Cost": 304996.89,
                  "Plan Rows": 1499988,
                  "Plan Width": 0,
                  "Actual Startup Time": 281.559,
                  "Actual Total Time": 1248.389,
                  "Actual Rows": 1320272,
                  "Actual Loops": 7,
                  "Inner Unique": true,
                  "Hash Cond": "(ci.movie_id = t.id)",
                  "Plans": [
                    {
                      "Node Type": "Index Scan",
                      "Parent Relationship": "Outer",
                      "Parallel Aware": true,
                      "Scan Direction": "Forward",
                      "Index Name": "role_id_cast_info",
                      "Relation Name": "cast_info",
                      "Alias": "ci",
                      "Startup Cost": 0.56,
                      "Total Cost": 249431.94,
                      "Plan Rows": 1572116,
                      "Plan Width": 4,
                      "Actual Startup Time": 0.21,
                      "Actual Total Time": 289.646,
                      "Actual Rows": 1340672,
                      "Actual Loops": 7,
                      "Index Cond": "(role_id > 4)",
                      "Rows Removed by Index Recheck": 0
                    },
                    {
                      "Node Type": "Hash",
                      "Parent Relationship": "Inner",
                      "Parallel Aware": true,
                      "Startup Cost": 43899.32,
                      "Total Cost": 43899.32,
                      "Plan Rows": 603105,
                      "Plan Width": 4,
                      "Actual Startup Time": 275.1,
                      "Actual Total Time": 275.102,
                      "Actual Rows": 344771,
                      "Actual Loops": 7,
                      "Hash Buckets": 4194304,
                      "Original Hash Buckets": 4194304,
                      "Hash Batches": 1,
                      "Original Hash Batches": 1,
                      "Peak Memory Usage": 127232,
                      "Plans": [
                        {
                          "Node Type": "Seq Scan",
                          "Parent Relationship": "Outer",
                          "Parallel Aware": true,
                          "Relation Name": "title",
                          "Alias": "t",
                          "Startup Cost": 0.0,
                          "Total Cost": 43899.32,
                          "Plan Rows": 603105,
                          "Plan Width": 4,
                          "Actual Startup Time": 0.052,
                          "Actual Total Time": 89.794,
                          "Actual Rows": 344771,
                          "Actual Loops": 7,
                          "Filter": "(production_year > 1912)",
                          "Rows Removed by Filter": 16416
                        }
                      ]
                    }
                  ]
                }
              ]
            }
          ]
        }
      ]
    },
    "Planning Time": 0.507,
    "Triggers": [],
    "Execution Time": 1399.976
  }
]