{
  "Plan": {
    "Node Type": "Aggregate",
    "Strategy": "Plain",
    "Partial Mode": "Finalize",
    "Parallel Aware": false,
    "Startup Cost": 111489.72,
    "Total Cost": 111489.73,
    "Plan Rows": 1,
    "Plan Width": 8,
    "Actual Startup Time": 867.215,
    "Actual Total Time": 885.408,
    "Actual Rows": 1,
    "Actual Loops": 1,
    "Plans": [
      {
        "Node Type": "Gather",
        "Parent Relationship": "Outer",
        "Parallel Aware": false,
        "Startup Cost": 111489.61,
        "Total Cost": 111489.72,
        "Plan Rows": 1,
        "Plan Width": 8,
        "Actual Startup Time": 864.936,
        "Actual Total Time": 885.401,
        "Actual Rows": 2,
        "Actual Loops": 1,
        "Workers Planned": 1,
        "Workers Launched": 1,
        "Single Copy": false,
        "Plans": [
          {
            "Node Type": "Aggregate",
            "Strategy": "Plain",
            "Partial Mode": "Partial",
            "Parent Relationship": "Outer",
            "Parallel Aware": false,
            "Startup Cost": 110489.61,
            "Total Cost": 110489.62,
            "Plan Rows": 1,
            "Plan Width": 8,
            "Actual Startup Time": 859.314,
            "Actual Total Time": 859.317,
            "Actual Rows": 1,
            "Actual Loops": 2,
            "Plans": [
              {
                "Node Type": "Hash Join",
                "Parent Relationship": "Outer",
                "Parallel Aware": true,
                "Join Type": "Inner",
                "Startup Cost": 46907.16,
                "Total Cost": 109470.52,
                "Plan Rows": 407635,
                "Plan Width": 0,
                "Actual Startup Time": 275.667,
                "Actual Total Time": 835.729,
                "Actual Rows": 466652,
                "Actual Loops": 2,
                "Inner Unique": false,
                "Hash Cond": "(t.id = mc.movie_id)",
                "Plans": [
                  {
                    "Node Type": "Seq Scan",
                    "Parent Relationship": "Outer",
                    "Parallel Aware": true,
                    "Relation Name": "title",
                    "Alias": "t",
                    "Startup Cost": 0.0,
                    "Total Cost": 50870.31,
                    "Plan Rows": 1487231,
                    "Plan Width": 4,
                    "Actual Startup Time": 0.011,
                    "Actual Total Time": 139.425,
                    "Actual Rows": 1264156,
                    "Actual Loops": 2
                  },
                  {
                    "Node Type": "Hash",
                    "Parent Relationship": "Inner",
                    "Parallel Aware": true,
                    "Startup Cost": 41811.73,
                    "Total Cost": 41811.73,
                    "Plan Rows": 407635,
                    "Plan Width": 4,
                    "Actual Startup Time": 267.632,
                    "Actual Total Time": 267.633,
                    "Actual Rows": 466652,
                    "Actual Loops": 2,
                    "Hash Buckets": 1048576,
                    "Original Hash Buckets": 1048576,
                    "Hash Batches": 1,
                    "Original Hash Batches": 1,
                    "Peak Memory Usage": 44704,
                    "Plans": [
                      {
                        "Node Type": "Seq Scan",
                        "Parent Relationship": "Outer",
                        "Parallel Aware": true,
                        "Relation Name": "movie_companies",
                        "Alias": "mc",
                        "Startup Cost": 0.0,
                        "Total Cost": 41811.73,
                        "Plan Rows": 407635,
                        "Plan Width": 4,
                        "Actual Startup Time": 67.513,
                        "Actual Total Time": 153.838,
                        "Actual Rows": 466652,
                        "Actual Loops": 2,
                        "Filter": "((company_id > 11141) AND (company_type_id > 1))",
                        "Rows Removed by Filter": 837912
                      }
                    ]
                  }
                ]
              }
            ]
          }
        ]
      }
    ]
  },
  "Planning Time": 0.446,
  "Triggers": [],
  "Execution Time": 885.459
}