{
  "Plan": {
    "Node Type": "Aggregate",
    "Strategy": "Plain",
    "Partial Mode": "Finalize",
    "Parallel Aware": false,
    "Startup Cost": 697902.6,
    "Total Cost": 697902.61,
    "Plan Rows": 1,
    "Plan Width": 8,
    "Actual Startup Time": 3914.678,
    "Actual Total Time": 3983.997,
    "Actual Rows": 1,
    "Actual Loops": 1,
    "Plans": [
      {
        "Node Type": "Gather",
        "Parent Relationship": "Outer",
        "Parallel Aware": false,
        "Startup Cost": 697902.49,
        "Total Cost": 697902.6,
        "Plan Rows": 1,
        "Plan Width": 8,
        "Actual Startup Time": 3911.12,
        "Actual Total Time": 3983.989,
        "Actual Rows": 2,
        "Actual Loops": 1,
        "Workers Planned": 1,
        "Workers Launched": 1,
        "Single Copy": false,
        "Plans": [
          {
            "Node Type": "Aggregate",
            "Strategy": "Plain",
            "Partial Mode": "Partial",
            "Parent Relationship": "Outer",
            "Parallel Aware": false,
            "Startup Cost": 696902.49,
            "Total Cost": 696902.5,
            "Plan Rows": 1,
            "Plan Width": 8,
            "Actual Startup Time": 3904.858,
            "Actual Total Time": 3904.863,
            "Actual Rows": 1,
            "Actual Loops": 2,
            "Plans": [
              {
                "Node Type": "Hash Join",
                "Parent Relationship": "Outer",
                "Parallel Aware": true,
                "Join Type": "Inner",
                "Startup Cost": 92244.75,
                "Total Cost": 693290.96,
                "Plan Rows": 1444611,
                "Plan Width": 0,
                "Actual Startup Time": 1277.991,
                "Actual Total Time": 3768.192,
                "Actual Rows": 3016803,
                "Actual Loops": 2,
                "Inner Unique": false,
                "Hash Cond": "(ci.movie_id = t.id)",
                "Plans": [
                  {
                    "Node Type": "Seq Scan",
                    "Parent Relationship": "Outer",
                    "Parallel Aware": true,
                    "Relation Name": "cast_info",
                    "Alias": "ci",
                    "Startup Cost": 0.0,
                    "Total Cost": 572345.93,
                    "Plan Rows": 5387352,
                    "Plan Width": 4,
                    "Actual Startup Time": 657.032,
                    "Actual Total Time": 1798.982,
                    "Actual Rows": 6969286,
                    "Actual Loops": 2,
                    "Filter": "((person_id > 2273022) AND (role_id > 1))",
                    "Rows Removed by Filter": 11152886
                  },
                  {
                    "Node Type": "Hash",
                    "Parent Relationship": "Inner",
                    "Parallel Aware": true,
                    "Startup Cost": 87259.77,
                    "Total Cost": 87259.77,
                    "Plan Rows": 398799,
                    "Plan Width": 8,
                    "Actual Startup Time": 611.87,
                    "Actual Total Time": 611.874,
                    "Actual Rows": 250045,
                    "Actual Loops": 2,
                    "Hash Buckets": 1048576,
                    "Original Hash Buckets": 1048576,
                    "Hash Batches": 1,
                    "Original Hash Batches": 1,
                    "Peak Memory Usage": 27808,
                    "Plans": [
                      {
                        "Node Type": "Hash Join",
                        "Parent Relationship": "Outer",
                        "Parallel Aware": true,
                        "Join Type": "Inner",
                        "Startup Cost": 24840.09,
                        "Total Cost": 87259.77,
                        "Plan Rows": 398799,
                        "Plan Width": 8,
                        "Actual Startup Time": 173.719,
                        "Actual Total Time": 550.974,
                        "Actual Rows": 250045,
                        "Actual Loops": 2,
                        "Inner Unique": false,
                        "Hash Cond": "(t.id = mi_idx.movie_id)",
                        "Plans": [
                          {
                            "Node Type": "Seq Scan",
                            "Parent Relationship": "Outer",
                            "Parallel Aware": true,
                            "Relation Name": "title",
                            "Alias": "t",
                            "Startup Cost": 0.0,
                            "Total Cost": 54588.39,
                            "Plan Rows": 1097081,
                            "Plan Width": 4,
                            "Actual Startup Time": 0.01,
                            "Actual Total Time": 145.967,
                            "Actual Rows": 932744,
                            "Actual Loops": 2,
                            "Filter": "(kind_id > 1)",
                            "Rows Removed by Filter": 331412
                          },
                          {
                            "Node Type": "Hash",
                            "Parent Relationship": "Inner",
                            "Parallel Aware": true,
                            "Startup Cost": 18082.32,
                            "Total Cost": 18082.32,
                            "Plan Rows": 540622,
                            "Plan Width": 4,
                            "Actual Startup Time": 168.357,
                            "Actual Total Time": 168.358,
                            "Actual Rows": 459925,
                            "Actual Loops": 2,
                            "Hash Buckets": 1048576,
                            "Original Hash Buckets": 1048576,
                            "Hash Batches": 1,
                            "Original Hash Batches": 1,
                            "Peak Memory Usage": 44192,
                            "Plans": [
                              {
                                "Node Type": "Seq Scan",
                                "Parent Relationship": "Outer",
                                "Parallel Aware": true,
                                "Relation Name": "movie_info_idx",
                                "Alias": "mi_idx",
                                "Startup Cost": 0.0,
                                "Total Cost": 18082.32,
                                "Plan Rows": 540622,
                                "Plan Width": 4,
                                "Actual Startup Time": 0.053,
                                "Actual Total Time": 77.784,
                                "Actual Rows": 459925,
                                "Actual Loops": 2,
                                "Filter": "(info_type_id < 101)",
                                "Rows Removed by Filter": 230092
                              }
                            ]
                          }
                        ]
                      }
                    ]
                  }
                ]
              }
            ]
          }
        ]
      }
    ]
  },
  "Planning Time": 0.917,
  "Triggers": [],
  "Execution Time": 3984.092
}