[
  {
    "Plan": {
      "Node Type": "Aggregate",
      "Strategy": "Plain",
      "Partial Mode": "Finalize",
      "Parallel Aware": false,
      "Startup Cost": 32953.7,
      "Total Cost": 32953.71,
      "Plan Rows": 1,
      "Plan Width": 8,
      "Actual Startup Time": 101.237,
      "Actual Total Time": 109.135,
      "Actual Rows": 1,
      "Actual Loops": 1,
      "Plans": [
        {
          "Node Type": "Gather",
          "Parent Relationship": "Outer",
          "Parallel Aware": false,
          "Startup Cost": 32953.38,
          "Total Cost": 32953.69,
          "Plan Rows": 3,
          "Plan Width": 8,
          "Actual Startup Time": 100.974,
          "Actual Total Time": 109.127,
          "Actual Rows": 4,
          "Actual Loops": 1,
          "Workers Planned": 3,
          "Workers Launched": 3,
          "Single Copy": false,
          "Plans": [
            {
              "Node Type": "Aggregate",
              "Strategy": "Plain",
              "Partial Mode": "Partial",
              "Parent Relationship": "Outer",
              "Parallel Aware": false,
              "Startup Cost": 31953.38,
              "Total Cost": 31953.39,
              "Plan Rows": 1,
              "Plan Width": 8,
              "Actual Startup Time": 92.893,
              "Actual Total Time": 92.894,
              "Actual Rows": 1,
              "Actual Loops": 4,
              "Plans": [
                {
                  "Node Type": "Seq Scan",
                  "Parent Relationship": "Outer",
                  "Parallel Aware": true,
                  "Relation Name": "movie_companies",
                  "Alias": "mc",
                  "Startup Cost": 0.0,
                  "Total Cost": 31414.82,
                  "Plan Rows": 215424,
                  "Plan Width": 0,
                  "Actual Startup Time": 53.396,
                  "Actual Total Time": 87.828,
                  "Actual Rows": 107427,
                  "Actual Loops": 4,
                  "Filter": "((company_id < 11373) AND (company_type_id > 1))",
                  "Rows Removed by Filter": 544855
                }
              ]
            }
          ]
        }
      ]
    },
    "Planning Time": 0.232,
    "Triggers": [],
    "Execution Time": 109.193
  }
]