[
  {
    "Plan": {
      "Node Type": "Aggregate",
      "Strategy": "Plain",
      "Partial Mode": "Finalize",
      "Parallel Aware": false,
      "Startup Cost": 111728.91,
      "Total Cost": 111728.92,
      "Plan Rows": 1,
      "Plan Width": 8,
      "Actual Startup Time": 558.482,
      "Actual Total Time": 576.374,
      "Actual Rows": 1,
      "Actual Loops": 1,
      "Plans": [
        {
          "Node Type": "Gather",
          "Parent Relationship": "Outer",
          "Parallel Aware": false,
          "Startup Cost": 111728.69,
          "Total Cost": 111728.9,
          "Plan Rows": 2,
          "Plan Width": 8,
          "Actual Startup Time": 553.921,
          "Actual Total Time": 576.352,
          "Actual Rows": 3,
          "Actual Loops": 1,
          "Workers Planned": 2,
          "Workers Launched": 2,
          "Single Copy": false,
          "Plans": [
            {
              "Node Type": "Aggregate",
              "Strategy": "Plain",
              "Partial Mode": "Partial",
              "Parent Relationship": "Outer",
              "Parallel Aware": false,
              "Startup Cost": 110728.69,
              "Total Cost": 110728.7,
              "Plan Rows": 1,
              "Plan Width": 8,
              "Actual Startup Time": 545.86,
              "Actual Total Time": 546.031,
              "Actual Rows": 1,
              "Actual Loops": 3,
              "Plans": [
                {
                  "Node Type": "Hash Join",
                  "Parent Relationship": "Outer",
                  "Parallel Aware": true,
                  "Join Type": "Inner",
                  "Startup Cost": 94222.27,
                  "Total Cost": 110438.35,
                  "Plan Rows": 116136,
                  "Plan Width": 0,
                  "Actual Startup Time": 448.11,
                  "Actual Total Time": 540.005,
                  "Actual Rows": 151610,
                  "Actual Loops": 3,
                  "Inner Unique": false,
                  "Hash Cond": "(mi_idx.movie_id = t.id)",
                  "Plans": [
                    {
                      "Node Type": "Seq Scan",
                      "Parent Relationship": "Outer",
                      "Parallel Aware": true,
                      "Relation Name": "movie_info_idx",
                      "Alias": "mi_idx",
                      "Startup Cost": 0.0,
                      "Total Cost": 13685.15,
                      "Plan Rows": 575015,
                      "Plan Width": 4,
                      "Actual Startup Time": 0.047,
                      "Actual Total Time": 34.52,
                      "Actual Rows": 460012,
                      "Actual Loops": 3
                    },
                    {
                      "Node Type": "Hash",
                      "Parent Relationship": "Inner",
                      "Parallel Aware": true,
                      "Startup Cost": 92163.24,
                      "Total Cost": 92163.24,
                      "Plan Rows": 164722,
                      "Plan Width": 8,
                      "Actual Startup Time": 443.75,
                      "Actual Total Time": 443.918,
                      "Actual Rows": 83063,
                      "Actual Loops": 3,
                      "Hash Buckets": 524288,
                      "Original Hash Buckets": 524288,
                      "Hash Batches": 1,
                      "Original Hash Batches": 1,
                      "Peak Memory Usage": 13888,
                      "Plans": [
                        {
                          "Node Type": "Hash Join",
                          "Parent Relationship": "Outer",
                          "Parallel Aware": true,
                          "Join Type": "Inner",
                          "Startup Cost": 48222.14,
                          "Total Cost": 92163.24,
                          "Plan Rows": 164722,
                          "Plan Width": 8,
                          "Actual Startup Time": 224.651,
                          "Actual Total Time": 423.111,
                          "Actual Rows": 83063,
                          "Actual Loops": 3,
                          "Inner Unique": true,
                          "Hash Cond": "(mk.movie_id = t.id)",
                          "Plans": [
                            {
                              "Node Type": "Seq Scan",
                              "Parent Relationship": "Outer",
                              "Parallel Aware": true,
                              "Relation Name": "movie_keyword",
                              "Alias": "mk",
                              "Startup Cost": 0.0,
                              "Total Cost": 42695.65,
                              "Plan Rows": 474459,
                              "Plan Width": 4,
                              "Actual Startup Time": 0.024,
                              "Actual Total Time": 123.303,
                              "Actual Rows": 495322,
                              "Actual Loops": 3,
                              "Filter": "(keyword_id < 2127)",
                              "Rows Removed by Filter": 1012654
                            },
                            {
                              "Node Type": "Hash",
                              "Parent Relationship": "Inner",
                              "Parallel Aware": true,
                              "Startup Cost": 45479.1,
                              "Total Cost": 45479.1,
                              "Plan Rows": 219443,
                              "Plan Width": 4,
                              "Actual Startup Time": 220.336,
                              "Actual Total Time": 220.338,
                              "Actual Rows": 267445,
                              "Actual Loops": 3,
                              "Hash Buckets": 1048576,
                              "Original Hash Buckets": 1048576,
                              "Hash Batches": 1,
                              "Original Hash Batches": 1,
                              "Peak Memory Usage": 39616,
                              "Plans": [
                                {
                                  "Node Type": "Seq Scan",
                                  "Parent Relationship": "Outer",
                                  "Parallel Aware": true,
                                  "Relation Name": "title",
                                  "Alias": "t",
                                  "Startup Cost": 0.0,
                                  "Total Cost": 45479.1,
                                  "Plan Rows": 219443,
                                  "Plan Width": 4,
                                  "Actual Startup Time": 0.051,
                                  "Actual Total Time": 127.096,
                                  "Actual Rows": 267445,
                                  "Actual Loops": 3,
                                  "Filter": "((kind_id > 2) AND (production_year < 2004))",
                                  "Rows Removed by Filter": 575325
                                }
                              ]
                            }
                          ]
                        }
                      ]
                    }
                  ]
                }
              ]
            }
          ]
        }
      ]
    },
    "Planning Time": 1.419,
    "Triggers": [],
    "Execution Time": 576.46
  }
]