[
  {
    "Plan": {
      "Node Type": "Aggregate",
      "Strategy": "Plain",
      "Partial Mode": "Finalize",
      "Parallel Aware": false,
      "Startup Cost": 161493.65,
      "Total Cost": 161493.66,
      "Plan Rows": 1,
      "Plan Width": 8,
      "Actual Startup Time": 117.855,
      "Actual Total Time": 136.61,
      "Actual Rows": 1,
      "Actual Loops": 1,
      "Plans": [
        {
          "Node Type": "Gather",
          "Parent Relationship": "Outer",
          "Parallel Aware": false,
          "Startup Cost": 161493.23,
          "Total Cost": 161493.64,
          "Plan Rows": 4,
          "Plan Width": 8,
          "Actual Startup Time": 117.732,
          "Actual Total Time": 136.602,
          "Actual Rows": 5,
          "Actual Loops": 1,
          "Workers Planned": 4,
          "Workers Launched": 4,
          "Single Copy": false,
          "Plans": [
            {
              "Node Type": "Aggregate",
              "Strategy": "Plain",
              "Partial Mode": "Partial",
              "Parent Relationship": "Outer",
              "Parallel Aware": false,
              "Startup Cost": 160493.23,
              "Total Cost": 160493.24,
              "Plan Rows": 1,
              "Plan Width": 8,
              "Actual Startup Time": 107.842,
              "Actual Total Time": 107.844,
              "Actual Rows": 1,
              "Actual Loops": 5,
              "Plans": [
                {
                  "Node Type": "Nested Loop",
                  "Parent Relationship": "Outer",
                  "Parallel Aware": false,
                  "Join Type": "Inner",
                  "Startup Cost": 0.43,
                  "Total Cost": 160491.94,
                  "Plan Rows": 515,
                  "Plan Width": 0,
                  "Actual Startup Time": 60.943,
                  "Actual Total Time": 107.733,
                  "Actual Rows": 758,
                  "Actual Loops": 5,
                  "Inner Unique": false,
                  "Plans": [
                    {
                      "Node Type": "Seq Scan",
                      "Parent Relationship": "Outer",
                      "Parallel Aware": true,
                      "Relation Name": "title",
                      "Alias": "t",
                      "Startup Cost": 0.0,
                      "Total Cost": 43898.92,
                      "Plan Rows": 1032,
                      "Plan Width": 4,
                      "Actual Startup Time": 60.824,
                      "Actual Total Time": 82.496,
                      "Actual Rows": 756,
                      "Actual Loops": 5,
                      "Filter": "(production_year = 1918)",
                      "Rows Removed by Filter": 504906
                    },
                    {
                      "Node Type": "Index Scan",
                      "Parent Relationship": "Inner",
                      "Parallel Aware": false,
                      "Scan Direction": "Forward",
                      "Index Name": "movie_id_movie_info",
                      "Relation Name": "movie_info",
                      "Alias": "mi",
                      "Startup Cost": 0.43,
                      "Total Cost": 112.94,
                      "Plan Rows": 4,
                      "Plan Width": 4,
                      "Actual Startup Time": 0.027,
                      "Actual Total Time": 0.033,
                      "Actual Rows": 1,
                      "Actual Loops": 3781,
                      "Index Cond": "(movie_id = t.id)",
                      "Rows Removed by Index Recheck": 0,
                      "Filter": "(info_type_id = 2)",
                      "Rows Removed by Filter": 9
                    }
                  ]
                }
              ]
            }
          ]
        }
      ]
    },
    "Planning Time": 0.572,
    "Triggers": [],
    "Execution Time": 136.677
  }
]