[
  {
    "Plan": {
      "Node Type": "Aggregate",
      "Strategy": "Plain",
      "Partial Mode": "Finalize",
      "Parallel Aware": false,
      "Startup Cost": 191505.9,
      "Total Cost": 191505.91,
      "Plan Rows": 1,
      "Plan Width": 8,
      "Actual Startup Time": 395.095,
      "Actual Total Time": 416.887,
      "Actual Rows": 1,
      "Actual Loops": 1,
      "Plans": [
        {
          "Node Type": "Gather",
          "Parent Relationship": "Outer",
          "Parallel Aware": false,
          "Startup Cost": 191505.38,
          "Total Cost": 191505.89,
          "Plan Rows": 5,
          "Plan Width": 8,
          "Actual Startup Time": 393.282,
          "Actual Total Time": 416.876,
          "Actual Rows": 6,
          "Actual Loops": 1,
          "Workers Planned": 5,
          "Workers Launched": 5,
          "Single Copy": false,
          "Plans": [
            {
              "Node Type": "Aggregate",
              "Strategy": "Plain",
              "Partial Mode": "Partial",
              "Parent Relationship": "Outer",
              "Parallel Aware": false,
              "Startup Cost": 190505.38,
              "Total Cost": 190505.39,
              "Plan Rows": 1,
              "Plan Width": 8,
              "Actual Startup Time": 383.277,
              "Actual Total Time": 383.351,
              "Actual Rows": 1,
              "Actual Loops": 6,
              "Plans": [
                {
                  "Node Type": "Hash Join",
                  "Parent Relationship": "Outer",
                  "Parallel Aware": true,
                  "Join Type": "Inner",
                  "Startup Cost": 61695.0,
                  "Total Cost": 190480.44,
                  "Plan Rows": 9978,
                  "Plan Width": 0,
                  "Actual Startup Time": 165.463,
                  "Actual Total Time": 380.415,
                  "Actual Rows": 63672,
                  "Actual Loops": 6,
                  "Inner Unique": false,
                  "Hash Cond": "(ci.movie_id = t.id)",
                  "Plans": [
                    {
                      "Node Type": "Index Scan",
                      "Parent Relationship": "Outer",
                      "Parallel Aware": true,
                      "Scan Direction": "Forward",
                      "Index Name": "role_id_cast_info",
                      "Relation Name": "cast_info",
                      "Alias": "ci",
                      "Startup Cost": 0.56,
                      "Total Cost": 127762.24,
                      "Plan Rows": 261916,
                      "Plan Width": 4,
                      "Actual Startup Time": 0.234,
                      "Actual Total Time": 140.561,
                      "Actual Rows": 589248,
                      "Actual Loops": 6,
                      "Index Cond": "(role_id > 9)",
                      "Rows Removed by Index Recheck": 0,
                      "Filter": "(person_id > 2711578)",
                      "Rows Removed by Filter": 183942
                    },
                    {
                      "Node Type": "Hash",
                      "Parent Relationship": "Inner",
                      "Parallel Aware": true,
                      "Startup Cost": 61192.77,
                      "Total Cost": 61192.77,
                      "Plan Rows": 40133,
                      "Plan Width": 8,
                      "Actual Startup Time": 164.12,
                      "Actual Total Time": 164.191,
                      "Actual Rows": 10677,
                      "Actual Loops": 6,
                      "Hash Buckets": 131072,
                      "Original Hash Buckets": 131072,
                      "Hash Batches": 1,
                      "Original Hash Batches": 1,
                      "Peak Memory Usage": 3616,
                      "Plans": [
                        {
                          "Node Type": "Hash Join",
                          "Parent Relationship": "Outer",
                          "Parallel Aware": true,
                          "Join Type": "Inner",
                          "Startup Cost": 45572.84,
                          "Total Cost": 61192.77,
                          "Plan Rows": 40133,
                          "Plan Width": 8,
                          "Actual Startup Time": 117.646,
                          "Actual Total Time": 159.715,
                          "Actual Rows": 10677,
                          "Actual Loops": 6,
                          "Inner Unique": true,
                          "Hash Cond": "(mi_idx.movie_id = t.id)",
                          "Plans": [
                            {
                              "Node Type": "Seq Scan",
                              "Parent Relationship": "Outer",
                              "Parallel Aware": true,
                              "Relation Name": "movie_info_idx",
                              "Alias": "mi_idx",
                              "Startup Cost": 0.0,
                              "Total Cost": 15122.68,
                              "Plan Rows": 189429,
                              "Plan Width": 4,
                              "Actual Startup Time": 0.034,
                              "Actual Total Time": 21.384,
                              "Actual Rows": 76654,
                              "Actual Loops": 6,
                              "Filter": "(info_type_id < 100)",
                              "Rows Removed by Filter": 153352
                            },
                            {
                              "Node Type": "Hash",
                              "Parent Relationship": "Inner",
                              "Parallel Aware": true,
                              "Startup Cost": 43898.92,
                              "Total Cost": 43898.92,
                              "Plan Rows": 133914,
                              "Plan Width": 4,
                              "Actual Startup Time": 115.686,
                              "Actual Total Time": 115.688,
                              "Actual Rows": 88895,
                              "Actual Loops": 6,
                              "Hash Buckets": 1048576,
                              "Original Hash Buckets": 1048576,
                              "Hash Batches": 1,
                              "Original Hash Batches": 1,
                              "Peak Memory Usage": 29152,
                              "Plans": [
                                {
                                  "Node Type": "Seq Scan",
                                  "Parent Relationship": "Outer",
                                  "Parallel Aware": true,
                                  "Relation Name": "title",
                                  "Alias": "t",
                                  "Startup Cost": 0.0,
                                  "Total Cost": 43898.92,
                                  "Plan Rows": 133914,
                                  "Plan Width": 4,
                                  "Actual Startup Time": 0.051,
                                  "Actual Total Time": 78.007,
                                  "Actual Rows": 88895,
                                  "Actual Loops": 6,
                                  "Filter": "(production_year > 2009)",
                                  "Rows Removed by Filter": 332490
                                }
                              ]
                            }
                          ]
                        }
                      ]
                    }
                  ]
                }
              ]
            }
          ]
        }
      ]
    },
    "Planning Time": 0.856,
    "Triggers": [],
    "Execution Time": 416.955
  }
]