[
  {
    "Plan": {
      "Node Type": "Aggregate",
      "Strategy": "Plain",
      "Partial Mode": "Finalize",
      "Parallel Aware": false,
      "Startup Cost": 339745.5,
      "Total Cost": 339745.51,
      "Plan Rows": 1,
      "Plan Width": 8,
      "Actual Startup Time": 841.694,
      "Actual Total Time": 887.251,
      "Actual Rows": 1,
      "Actual Loops": 1,
      "Plans": [
        {
          "Node Type": "Gather",
          "Parent Relationship": "Outer",
          "Parallel Aware": false,
          "Startup Cost": 339744.87,
          "Total Cost": 339745.48,
          "Plan Rows": 6,
          "Plan Width": 8,
          "Actual Startup Time": 841.469,
          "Actual Total Time": 887.241,
          "Actual Rows": 7,
          "Actual Loops": 1,
          "Workers Planned": 6,
          "Workers Launched": 6,
          "Single Copy": false,
          "Plans": [
            {
              "Node Type": "Aggregate",
              "Strategy": "Plain",
              "Partial Mode": "Partial",
              "Parent Relationship": "Outer",
              "Parallel Aware": false,
              "Startup Cost": 338744.87,
              "Total Cost": 338744.88,
              "Plan Rows": 1,
              "Plan Width": 8,
              "Actual Startup Time": 834.303,
              "Actual Total Time": 834.304,
              "Actual Rows": 1,
              "Actual Loops": 7,
              "Plans": [
                {
                  "Node Type": "Seq Scan",
                  "Parent Relationship": "Outer",
                  "Parallel Aware": true,
                  "Relation Name": "cast_info",
                  "Alias": "ci",
                  "Startup Cost": 0.0,
                  "Total Cost": 328211.39,
                  "Plan Rows": 4213392,
                  "Plan Width": 0,
                  "Actual Startup Time": 127.091,
                  "Actual Total Time": 649.181,
                  "Actual Rows": 3598503,
                  "Actual Loops": 7,
                  "Filter": "(person_id > 1084860)",
                  "Rows Removed by Filter": 1579260
                }
              ]
            }
          ]
        }
      ]
    },
    "Planning Time": 0.089,
    "Triggers": [],
    "Execution Time": 887.288
  }
]