[
  {
    "Plan": {
      "Node Type": "Aggregate",
      "Strategy": "Plain",
      "Partial Mode": "Finalize",
      "Parallel Aware": false,
      "Startup Cost": 224196.15,
      "Total Cost": 224196.16,
      "Plan Rows": 1,
      "Plan Width": 8,
      "Actual Startup Time": 153.499,
      "Actual Total Time": 178.797,
      "Actual Rows": 1,
      "Actual Loops": 1,
      "Plans": [
        {
          "Node Type": "Gather",
          "Parent Relationship": "Outer",
          "Parallel Aware": false,
          "Startup Cost": 224195.73,
          "Total Cost": 224196.14,
          "Plan Rows": 4,
          "Plan Width": 8,
          "Actual Startup Time": 153.337,
          "Actual Total Time": 178.788,
          "Actual Rows": 5,
          "Actual Loops": 1,
          "Workers Planned": 4,
          "Workers Launched": 4,
          "Single Copy": false,
          "Plans": [
            {
              "Node Type": "Aggregate",
              "Strategy": "Plain",
              "Partial Mode": "Partial",
              "Parent Relationship": "Outer",
              "Parallel Aware": false,
              "Startup Cost": 223195.73,
              "Total Cost": 223195.74,
              "Plan Rows": 1,
              "Plan Width": 8,
              "Actual Startup Time": 143.419,
              "Actual Total Time": 143.42,
              "Actual Rows": 1,
              "Actual Loops": 5,
              "Plans": [
                {
                  "Node Type": "Nested Loop",
                  "Parent Relationship": "Outer",
                  "Parallel Aware": false,
                  "Join Type": "Inner",
                  "Startup Cost": 0.43,
                  "Total Cost": 223170.33,
                  "Plan Rows": 10158,
                  "Plan Width": 0,
                  "Actual Startup Time": 59.582,
                  "Actual Total Time": 142.52,
                  "Actual Rows": 9600,
                  "Actual Loops": 5,
                  "Inner Unique": false,
                  "Plans": [
                    {
                      "Node Type": "Seq Scan",
                      "Parent Relationship": "Outer",
                      "Parallel Aware": true,
                      "Relation Name": "title",
                      "Alias": "t",
                      "Startup Cost": 0.0,
                      "Total Cost": 45479.1,
                      "Plan Rows": 3582,
                      "Plan Width": 4,
                      "Actual Startup Time": 59.491,
                      "Actual Total Time": 87.663,
                      "Actual Rows": 1516,
                      "Actual Loops": 5,
                      "Filter": "((kind_id = 1) AND (production_year = 1999))",
                      "Rows Removed by Filter": 504147
                    },
                    {
                      "Node Type": "Index Scan",
                      "Parent Relationship": "Inner",
                      "Parallel Aware": false,
                      "Scan Direction": "Forward",
                      "Index Name": "movie_id_movie_info",
                      "Relation Name": "movie_info",
                      "Alias": "mi",
                      "Startup Cost": 0.43,
                      "Total Cost": 49.41,
                      "Plan Rows": 20,
                      "Plan Width": 4,
                      "Actual Startup Time": 0.012,
                      "Actual Total Time": 0.035,
                      "Actual Rows": 6,
                      "Actual Loops": 7578,
                      "Index Cond": "(movie_id = t.id)",
                      "Rows Removed by Index Recheck": 0,
                      "Filter": "(info_type_id < 8)",
                      "Rows Removed by Filter": 9
                    }
                  ]
                }
              ]
            }
          ]
        }
      ]
    },
    "Planning Time": 0.64,
    "Triggers": [],
    "Execution Time": 178.872
  }
]