[
  {
    "Plan": {
      "Node Type": "Aggregate",
      "Strategy": "Plain",
      "Partial Mode": "Finalize",
      "Parallel Aware": false,
      "Startup Cost": 336588.02,
      "Total Cost": 336588.03,
      "Plan Rows": 1,
      "Plan Width": 8,
      "Actual Startup Time": 843.171,
      "Actual Total Time": 893.034,
      "Actual Rows": 1,
      "Actual Loops": 1,
      "Plans": [
        {
          "Node Type": "Gather",
          "Parent Relationship": "Outer",
          "Parallel Aware": false,
          "Startup Cost": 336587.4,
          "Total Cost": 336588.01,
          "Plan Rows": 6,
          "Plan Width": 8,
          "Actual Startup Time": 843.01,
          "Actual Total Time": 893.023,
          "Actual Rows": 7,
          "Actual Loops": 1,
          "Workers Planned": 6,
          "Workers Launched": 6,
          "Single Copy": false,
          "Plans": [
            {
              "Node Type": "Aggregate",
              "Strategy": "Plain",
              "Partial Mode": "Partial",
              "Parent Relationship": "Outer",
              "Parallel Aware": false,
              "Startup Cost": 335587.4,
              "Total Cost": 335587.41,
              "Plan Rows": 1,
              "Plan Width": 8,
              "Actual Startup Time": 832.533,
              "Actual Total Time": 832.534,
              "Actual Rows": 1,
              "Actual Loops": 7,
              "Plans": [
                {
                  "Node Type": "Seq Scan",
                  "Parent Relationship": "Outer",
                  "Parallel Aware": true,
                  "Relation Name": "cast_info",
                  "Alias": "ci",
                  "Startup Cost": 0.0,
                  "Total Cost": 328211.39,
                  "Plan Rows": 2950402,
                  "Plan Width": 0,
                  "Actual Startup Time": 0.064,
                  "Actual Total Time": 680.888,
                  "Actual Rows": 2549077,
                  "Actual Loops": 7,
                  "Filter": "(person_id < 1768291)",
                  "Rows Removed by Filter": 2628686
                }
              ]
            }
          ]
        }
      ]
    },
    "Planning Time": 0.173,
    "Triggers": [],
    "Execution Time": 893.107
  }
]