[
  {
    "Plan": {
      "Node Type": "Aggregate",
      "Strategy": "Plain",
      "Partial Mode": "Finalize",
      "Parallel Aware": false,
      "Startup Cost": 336580.41,
      "Total Cost": 336580.42,
      "Plan Rows": 1,
      "Plan Width": 8,
      "Actual Startup Time": 700.927,
      "Actual Total Time": 759.598,
      "Actual Rows": 1,
      "Actual Loops": 1,
      "Plans": [
        {
          "Node Type": "Gather",
          "Parent Relationship": "Outer",
          "Parallel Aware": false,
          "Startup Cost": 336579.79,
          "Total Cost": 336580.4,
          "Plan Rows": 6,
          "Plan Width": 8,
          "Actual Startup Time": 700.788,
          "Actual Total Time": 759.589,
          "Actual Rows": 7,
          "Actual Loops": 1,
          "Workers Planned": 6,
          "Workers Launched": 6,
          "Single Copy": false,
          "Plans": [
            {
              "Node Type": "Aggregate",
              "Strategy": "Plain",
              "Partial Mode": "Partial",
              "Parent Relationship": "Outer",
              "Parallel Aware": false,
              "Startup Cost": 335579.79,
              "Total Cost": 335579.8,
              "Plan Rows": 1,
              "Plan Width": 8,
              "Actual Startup Time": 692.463,
              "Actual Total Time": 692.464,
              "Actual Rows": 1,
              "Actual Loops": 7,
              "Plans": [
                {
                  "Node Type": "Seq Scan",
                  "Parent Relationship": "Outer",
                  "Parallel Aware": true,
                  "Relation Name": "cast_info",
                  "Alias": "ci",
                  "Startup Cost": 0.0,
                  "Total Cost": 328162.03,
                  "Plan Rows": 2967104,
                  "Plan Width": 0,
                  "Actual Startup Time": 0.043,
                  "Actual Total Time": 581.539,
                  "Actual Rows": 2549077,
                  "Actual Loops": 7,
                  "Filter": "(person_id < 1768291)",
                  "Rows Removed by Filter": 2628686
                }
              ]
            }
          ]
        }
      ]
    },
    "Planning Time": 0.204,
    "Triggers": [],
    "Execution Time": 759.672
  }
]