{
  "Plan": {
    "Node Type": "Aggregate",
    "Strategy": "Plain",
    "Partial Mode": "Finalize",
    "Parallel Aware": false,
    "Startup Cost": 100906.01,
    "Total Cost": 100906.02,
    "Plan Rows": 1,
    "Plan Width": 8,
    "Actual Startup Time": 645.486,
    "Actual Total Time": 661.515,
    "Actual Rows": 1,
    "Actual Loops": 1,
    "Plans": [
      {
        "Node Type": "Gather",
        "Parent Relationship": "Outer",
        "Parallel Aware": false,
        "Startup Cost": 100905.9,
        "Total Cost": 100906.01,
        "Plan Rows": 1,
        "Plan Width": 8,
        "Actual Startup Time": 644.346,
        "Actual Total Time": 661.505,
        "Actual Rows": 2,
        "Actual Loops": 1,
        "Workers Planned": 1,
        "Workers Launched": 1,
        "Single Copy": false,
        "Plans": [
          {
            "Node Type": "Aggregate",
            "Strategy": "Plain",
            "Partial Mode": "Partial",
            "Parent Relationship": "Outer",
            "Parallel Aware": false,
            "Startup Cost": 99905.9,
            "Total Cost": 99905.91,
            "Plan Rows": 1,
            "Plan Width": 8,
            "Actual Startup Time": 638.197,
            "Actual Total Time": 638.202,
            "Actual Rows": 1,
            "Actual Loops": 2,
            "Plans": [
              {
                "Node Type": "Hash Join",
                "Parent Relationship": "Outer",
                "Parallel Aware": true,
                "Join Type": "Inner",
                "Startup Cost": 37239.59,
                "Total Cost": 99160.04,
                "Plan Rows": 298341,
                "Plan Width": 0,
                "Actual Startup Time": 190.316,
                "Actual Total Time": 625.217,
                "Actual Rows": 252322,
                "Actual Loops": 2,
                "Inner Unique": false,
                "Hash Cond": "(t.id = mc.movie_id)",
                "Plans": [
                  {
                    "Node Type": "Seq Scan",
                    "Parent Relationship": "Outer",
                    "Parallel Aware": true,
                    "Relation Name": "title",
                    "Alias": "t",
                    "Startup Cost": 0.0,
                    "Total Cost": 50870.31,
                    "Plan Rows": 1487231,
                    "Plan Width": 4,
                    "Actual Startup Time": 0.011,
                    "Actual Total Time": 135.32,
                    "Actual Rows": 1264156,
                    "Actual Loops": 2
                  },
                  {
                    "Node Type": "Hash",
                    "Parent Relationship": "Inner",
                    "Parallel Aware": true,
                    "Startup Cost": 33510.32,
                    "Total Cost": 33510.32,
                    "Plan Rows": 298341,
                    "Plan Width": 4,
                    "Actual Startup Time": 184.631,
                    "Actual Total Time": 184.633,
                    "Actual Rows": 252322,
                    "Actual Loops": 2,
                    "Hash Buckets": 524288,
                    "Original Hash Buckets": 524288,
                    "Hash Batches": 1,
                    "Original Hash Batches": 1,
                    "Peak Memory Usage": 23872,
                    "Plans": [
                      {
                        "Node Type": "Bitmap Heap Scan",
                        "Parent Relationship": "Outer",
                        "Parallel Aware": true,
                        "Relation Name": "movie_companies",
                        "Alias": "mc",
                        "Startup Cost": 10991.07,
                        "Total Cost": 33510.32,
                        "Plan Rows": 298341,
                        "Plan Width": 4,
                        "Actual Startup Time": 48.254,
                        "Actual Total Time": 122.359,
                        "Actual Rows": 252322,
                        "Actual Loops": 2,
                        "Recheck Cond": "(company_id < 453)",
                        "Rows Removed by Index Recheck": 0,
                        "Exact Heap Blocks": 8746,
                        "Lossy Heap Blocks": 0,
                        "Plans": [
                          {
                            "Node Type": "Bitmap Index Scan",
                            "Parent Relationship": "Outer",
                            "Parallel Aware": false,
                            "Index Name": "company_id_movie_companies",
                            "Startup Cost": 0.0,
                            "Total Cost": 10864.27,
                            "Plan Rows": 507179,
                            "Plan Width": 0,
                            "Actual Startup Time": 43.94,
                            "Actual Total Time": 43.94,
                            "Actual Rows": 504645,
                            "Actual Loops": 1,
                            "Index Cond": "(company_id < 453)"
                          }
                        ]
                      }
                    ]
                  }
                ]
              }
            ]
          }
        ]
      }
    ]
  },
  "Planning Time": 0.604,
  "Triggers": [],
  "Execution Time": 661.607
}