{
    "Plan": {
        "Node Type": "Aggregate",
        "Strategy": "Plain",
        "Partial Mode": "Finalize",
        "Parallel Aware": false,
        "Startup Cost": 100624.13,
        "Total Cost": 100624.14,
        "Plan Rows": 1,
        "Plan Width": 8,
        "Actual Startup Time": 290.018,
        "Actual Total Time": 320.88,
        "Actual Rows": 1,
        "Actual Loops": 1,
        "Output": [
            "count(*)"
        ],
        "Plans": [
            {
                "Node Type": "Gather",
                "Parent Relationship": "Outer",
                "Parallel Aware": false,
                "Startup Cost": 100623.81,
                "Total Cost": 100624.12,
                "Plan Rows": 3,
                "Plan Width": 8,
                "Actual Startup Time": 288.771,
                "Actual Total Time": 320.872,
                "Actual Rows": 4,
                "Actual Loops": 1,
                "Output": [
                    "(PARTIAL count(*))"
                ],
                "Workers Planned": 3,
                "Workers Launched": 3,
                "Single Copy": false,
                "Plans": [
                    {
                        "Node Type": "Aggregate",
                        "Strategy": "Plain",
                        "Partial Mode": "Partial",
                        "Parent Relationship": "Outer",
                        "Parallel Aware": false,
                        "Startup Cost": 99623.81,
                        "Total Cost": 99623.82,
                        "Plan Rows": 1,
                        "Plan Width": 8,
                        "Actual Startup Time": 279.296,
                        "Actual Total Time": 279.3,
                        "Actual Rows": 1,
                        "Actual Loops": 4,
                        "Output": [
                            "PARTIAL count(*)"
                        ],
                        "Workers": [
                            {
                                "Worker Number": 0,
                                "Actual Startup Time": 276.164,
                                "Actual Total Time": 276.169,
                                "Actual Rows": 1,
                                "Actual Loops": 1
                            },
                            {
                                "Worker Number": 1,
                                "Actual Startup Time": 276.243,
                                "Actual Total Time": 276.246,
                                "Actual Rows": 1,
                                "Actual Loops": 1
                            },
                            {
                                "Worker Number": 2,
                                "Actual Startup Time": 276.722,
                                "Actual Total Time": 276.725,
                                "Actual Rows": 1,
                                "Actual Loops": 1
                            }
                        ],
                        "Plans": [
                            {
                                "Node Type": "Nested Loop",
                                "Parent Relationship": "Outer",
                                "Parallel Aware": false,
                                "Join Type": "Inner",
                                "Startup Cost": 44625.69,
                                "Total Cost": 99589.71,
                                "Plan Rows": 13640,
                                "Plan Width": 0,
                                "Actual Startup Time": 162.353,
                                "Actual Total Time": 277.099,
                                "Actual Rows": 39720,
                                "Actual Loops": 4,
                                "Inner Unique": false,
                                "Workers": [
                                    {
                                        "Worker Number": 0,
                                        "Actual Startup Time": 159.173,
                                        "Actual Total Time": 274.601,
                                        "Actual Rows": 15011,
                                        "Actual Loops": 1
                                    },
                                    {
                                        "Worker Number": 1,
                                        "Actual Startup Time": 159.409,
                                        "Actual Total Time": 273.951,
                                        "Actual Rows": 47512,
                                        "Actual Loops": 1
                                    },
                                    {
                                        "Worker Number": 2,
                                        "Actual Startup Time": 159.794,
                                        "Actual Total Time": 274.497,
                                        "Actual Rows": 26897,
                                        "Actual Loops": 1
                                    }
                                ],
                                "Plans": [
                                    {
                                        "Node Type": "Hash Join",
                                        "Parent Relationship": "Outer",
                                        "Parallel Aware": true,
                                        "Join Type": "Inner",
                                        "Startup Cost": 44625.26,
                                        "Total Cost": 87387.65,
                                        "Plan Rows": 2337,
                                        "Plan Width": 8,
                                        "Actual Startup Time": 162.234,
                                        "Actual Total Time": 237.792,
                                        "Actual Rows": 912,
                                        "Actual Loops": 4,
                                        "Output": [
                                            "t.id",
                                            "mk.movie_id"
                                        ],
                                        "Inner Unique": true,
                                        "Hash Cond": "(mk.movie_id = t.id)",
                                        "Workers": [
                                            {
                                                "Worker Number": 0,
                                                "Actual Startup Time": 159.021,
                                                "Actual Total Time": 235.365,
                                                "Actual Rows": 557,
                                                "Actual Loops": 1
                                            },
                                            {
                                                "Worker Number": 1,
                                                "Actual Startup Time": 159.287,
                                                "Actual Total Time": 229.704,
                                                "Actual Rows": 933,
                                                "Actual Loops": 1
                                            },
                                            {
                                                "Worker Number": 2,
                                                "Actual Startup Time": 159.624,
                                                "Actual Total Time": 232.548,
                                                "Actual Rows": 596,
                                                "Actual Loops": 1
                                            }
                                        ],
                                        "Plans": [
                                            {
                                                "Node Type": "Seq Scan",
                                                "Parent Relationship": "Outer",
                                                "Parallel Aware": true,
                                                "Relation Name": "movie_keyword",
                                                "Schema": "public",
                                                "Alias": "mk",
                                                "Startup Cost": 0.0,
                                                "Total Cost": 42695.65,
                                                "Plan Rows": 25426,
                                                "Plan Width": 4,
                                                "Actual Startup Time": 34.148,
                                                "Actual Total Time": 103.679,
                                                "Actual Rows": 18474,
                                                "Actual Loops": 4,
                                                "Output": [
                                                    "mk.id",
                                                    "mk.movie_id",
                                                    "mk.keyword_id"
                                                ],
                                                "Filter": "(mk.keyword_id > 89765)",
                                                "Rows Removed by Filter": 1112508,
                                                "Workers": [
                                                    {
                                                        "Worker Number": 0,
                                                        "Actual Startup Time": 34.158,
                                                        "Actual Total Time": 104.487,
                                                        "Actual Rows": 13327,
                                                        "Actual Loops": 1
                                                    },
                                                    {
                                                        "Worker Number": 1,
                                                        "Actual Startup Time": 34.134,
                                                        "Actual Total Time": 99.224,
                                                        "Actual Rows": 17984,
                                                        "Actual Loops": 1
                                                    },
                                                    {
                                                        "Worker Number": 2,
                                                        "Actual Startup Time": 34.131,
                                                        "Actual Total Time": 101.421,
                                                        "Actual Rows": 12463,
                                                        "Actual Loops": 1
                                                    }
                                                ]
                                            },
                                            {
                                                "Node Type": "Hash",
                                                "Parent Relationship": "Inner",
                                                "Parallel Aware": true,
                                                "Startup Cost": 43899.01,
                                                "Total Cost": 43899.01,
                                                "Plan Rows": 58100,
                                                "Plan Width": 4,
                                                "Actual Startup Time": 125.571,
                                                "Actual Total Time": 125.572,
                                                "Actual Rows": 57912,
                                                "Actual Loops": 4,
                                                "Output": [
                                                    "t.id"
                                                ],
                                                "Hash Buckets": 262144,
                                                "Original Hash Buckets": 262144,
                                                "Hash Batches": 1,
                                                "Original Hash Batches": 1,
                                                "Peak Memory Usage": 11168,
                                                "Workers": [
                                                    {
                                                        "Worker Number": 0,
                                                        "Actual Startup Time": 124.162,
                                                        "Actual Total Time": 124.163,
                                                        "Actual Rows": 41361,
                                                        "Actual Loops": 1
                                                    },
                                                    {
                                                        "Worker Number": 1,
                                                        "Actual Startup Time": 124.548,
                                                        "Actual Total Time": 124.549,
                                                        "Actual Rows": 57803,
                                                        "Actual Loops": 1
                                                    },
                                                    {
                                                        "Worker Number": 2,
                                                        "Actual Startup Time": 124.998,
                                                        "Actual Total Time": 124.999,
                                                        "Actual Rows": 42846,
                                                        "Actual Loops": 1
                                                    }
                                                ],
                                                "Plans": [
                                                    {
                                                        "Node Type": "Seq Scan",
                                                        "Parent Relationship": "Outer",
                                                        "Parallel Aware": true,
                                                        "Relation Name": "title",
                                                        "Schema": "public",
                                                        "Alias": "t",
                                                        "Startup Cost": 0.0,
                                                        "Total Cost": 43899.01,
                                                        "Plan Rows": 58100,
                                                        "Plan Width": 4,
                                                        "Actual Startup Time": 0.055,
                                                        "Actual Total Time": 103.277,
                                                        "Actual Rows": 57912,
                                                        "Actual Loops": 4,
                                                        "Output": [
                                                            "t.id"
                                                        ],
                                                        "Filter": "(t.production_year > 2011)",
                                                        "Rows Removed by Filter": 574166,
                                                        "Workers": [
                                                            {
                                                                "Worker Number": 0,
                                                                "Actual Startup Time": 0.072,
                                                                "Actual Total Time": 103.209,
                                                                "Actual Rows": 41361,
                                                                "Actual Loops": 1
                                                            },
                                                            {
                                                                "Worker Number": 1,
                                                                "Actual Startup Time": 0.071,
                                                                "Actual Total Time": 102.95,
                                                                "Actual Rows": 57803,
                                                                "Actual Loops": 1
                                                            },
                                                            {
                                                                "Worker Number": 2,
                                                                "Actual Startup Time": 0.052,
                                                                "Actual Total Time": 104.576,
                                                                "Actual Rows": 42846,
                                                                "Actual Loops": 1
                                                            }
                                                        ]
                                                    }
                                                ]
                                            }
                                        ]
                                    },
                                    {
                                        "Node Type": "Index Only Scan",
                                        "Parent Relationship": "Inner",
                                        "Parallel Aware": false,
                                        "Scan Direction": "Forward",
                                        "Index Name": "movie_id_movie_info",
                                        "Relation Name": "movie_info",
                                        "Schema": "public",
                                        "Alias": "mi",
                                        "Startup Cost": 0.43,
                                        "Total Cost": 4.83,
                                        "Plan Rows": 39,
                                        "Plan Width": 4,
                                        "Actual Startup Time": 0.01,
                                        "Actual Total Time": 0.039,
                                        "Actual Rows": 44,
                                        "Actual Loops": 3646,
                                        "Output": [
                                            "mi.movie_id"
                                        ],
                                        "Index Cond": "(mi.movie_id = t.id)",
                                        "Rows Removed by Index Recheck": 0,
                                        "Heap Fetches": 158881,
                                        "Workers": [
                                            {
                                                "Worker Number": 0,
                                                "Actual Startup Time": 0.017,
                                                "Actual Total Time": 0.066,
                                                "Actual Rows": 27,
                                                "Actual Loops": 557
                                            },
                                            {
                                                "Worker Number": 1,
                                                "Actual Startup Time": 0.011,
                                                "Actual Total Time": 0.043,
                                                "Actual Rows": 51,
                                                "Actual Loops": 933
                                            },
                                            {
                                                "Worker Number": 2,
                                                "Actual Startup Time": 0.016,
                                                "Actual Total Time": 0.064,
                                                "Actual Rows": 45,
                                                "Actual Loops": 596
                                            }
                                        ]
                                    }
                                ]
                            }
                        ]
                    }
                ]
            }
        ]
    },
    "Planning Time": 1.561,
    "Triggers": [],
    "Execution Time": 320.974
}