{
  "Plan": {
    "Node Type": "Aggregate",
    "Strategy": "Plain",
    "Partial Mode": "Finalize",
    "Parallel Aware": false,
    "Startup Cost": 109756.34,
    "Total Cost": 109756.35,
    "Plan Rows": 1,
    "Plan Width": 8,
    "Actual Startup Time": 623.143,
    "Actual Total Time": 639.033,
    "Actual Rows": 1,
    "Actual Loops": 1,
    "Plans": [
      {
        "Node Type": "Gather",
        "Parent Relationship": "Outer",
        "Parallel Aware": false,
        "Startup Cost": 109756.23,
        "Total Cost": 109756.34,
        "Plan Rows": 1,
        "Plan Width": 8,
        "Actual Startup Time": 620.279,
        "Actual Total Time": 639.026,
        "Actual Rows": 2,
        "Actual Loops": 1,
        "Workers Planned": 1,
        "Workers Launched": 1,
        "Single Copy": false,
        "Plans": [
          {
            "Node Type": "Aggregate",
            "Strategy": "Plain",
            "Partial Mode": "Partial",
            "Parent Relationship": "Outer",
            "Parallel Aware": false,
            "Startup Cost": 108756.23,
            "Total Cost": 108756.24,
            "Plan Rows": 1,
            "Plan Width": 8,
            "Actual Startup Time": 612.516,
            "Actual Total Time": 612.52,
            "Actual Rows": 1,
            "Actual Loops": 2,
            "Plans": [
              {
                "Node Type": "Hash Join",
                "Parent Relationship": "Outer",
                "Parallel Aware": true,
                "Join Type": "Inner",
                "Startup Cost": 67830.56,
                "Total Cost": 107788.57,
                "Plan Rows": 387063,
                "Plan Width": 0,
                "Actual Startup Time": 365.765,
                "Actual Total Time": 604.092,
                "Actual Rows": 209082,
                "Actual Loops": 2,
                "Inner Unique": true,
                "Hash Cond": "(mc.movie_id = t.id)",
                "Plans": [
                  {
                    "Node Type": "Seq Scan",
                    "Parent Relationship": "Outer",
                    "Parallel Aware": true,
                    "Relation Name": "movie_companies",
                    "Alias": "mc",
                    "Startup Cost": 0.0,
                    "Total Cost": 37974.77,
                    "Plan Rows": 755522,
                    "Plan Width": 4,
                    "Actual Startup Time": 0.014,
                    "Actual Total Time": 110.197,
                    "Actual Rows": 637123,
                    "Actual Loops": 2,
                    "Filter": "(company_type_id = 1)",
                    "Rows Removed by Filter": 667442
                  },
                  {
                    "Node Type": "Hash",
                    "Parent Relationship": "Inner",
                    "Parallel Aware": true,
                    "Startup Cost": 58306.47,
                    "Total Cost": 58306.47,
                    "Plan Rows": 761927,
                    "Plan Width": 4,
                    "Actual Startup Time": 351.418,
                    "Actual Total Time": 351.419,
                    "Actual Rows": 706874,
                    "Actual Loops": 2,
                    "Hash Buckets": 2097152,
                    "Original Hash Buckets": 2097152,
                    "Hash Batches": 1,
                    "Original Hash Batches": 1,
                    "Peak Memory Usage": 71712,
                    "Plans": [
                      {
                        "Node Type": "Seq Scan",
                        "Parent Relationship": "Outer",
                        "Parallel Aware": true,
                        "Relation Name": "title",
                        "Alias": "t",
                        "Startup Cost": 0.0,
                        "Total Cost": 58306.47,
                        "Plan Rows": 761927,
                        "Plan Width": 4,
                        "Actual Startup Time": 0.03,
                        "Actual Total Time": 171.47,
                        "Actual Rows": 706874,
                        "Actual Loops": 2,
                        "Filter": "((kind_id > 1) AND (production_year > 1990))",
                        "Rows Removed by Filter": 557282
                      }
                    ]
                  }
                ]
              }
            ]
          }
        ]
      }
    ]
  },
  "Planning Time": 0.76,
  "Triggers": [],
  "Execution Time": 639.1
}