{
  "Plan": {
    "Node Type": "Aggregate",
    "Strategy": "Plain",
    "Partial Mode": "Finalize",
    "Parallel Aware": false,
    "Startup Cost": 140614.67,
    "Total Cost": 140614.68,
    "Plan Rows": 1,
    "Plan Width": 8,
    "Actual Startup Time": 755.912,
    "Actual Total Time": 771.198,
    "Actual Rows": 1,
    "Actual Loops": 1,
    "Plans": [
      {
        "Node Type": "Gather",
        "Parent Relationship": "Outer",
        "Parallel Aware": false,
        "Startup Cost": 140614.56,
        "Total Cost": 140614.67,
        "Plan Rows": 1,
        "Plan Width": 8,
        "Actual Startup Time": 752.948,
        "Actual Total Time": 771.191,
        "Actual Rows": 2,
        "Actual Loops": 1,
        "Workers Planned": 1,
        "Workers Launched": 1,
        "Single Copy": false,
        "Plans": [
          {
            "Node Type": "Aggregate",
            "Strategy": "Plain",
            "Partial Mode": "Partial",
            "Parent Relationship": "Outer",
            "Parallel Aware": false,
            "Startup Cost": 139614.56,
            "Total Cost": 139614.57,
            "Plan Rows": 1,
            "Plan Width": 8,
            "Actual Startup Time": 746.518,
            "Actual Total Time": 746.523,
            "Actual Rows": 1,
            "Actual Loops": 2,
            "Plans": [
              {
                "Node Type": "Hash Join",
                "Parent Relationship": "Outer",
                "Parallel Aware": true,
                "Join Type": "Inner",
                "Startup Cost": 105656.06,
                "Total Cost": 139473.13,
                "Plan Rows": 56571,
                "Plan Width": 0,
                "Actual Startup Time": 531.2,
                "Actual Total Time": 739.387,
                "Actual Rows": 163042,
                "Actual Loops": 2,
                "Inner Unique": false,
                "Hash Cond": "(t.id = mi_idx.movie_id)",
                "Plans": [
                  {
                    "Node Type": "Hash Join",
                    "Parent Relationship": "Outer",
                    "Parallel Aware": true,
                    "Join Type": "Inner",
                    "Startup Cost": 84230.88,
                    "Total Cost": 116142.17,
                    "Plan Rows": 314603,
                    "Plan Width": 8,
                    "Actual Startup Time": 414.55,
                    "Actual Total Time": 576.27,
                    "Actual Rows": 217401,
                    "Actual Loops": 2,
                    "Inner Unique": true,
                    "Hash Cond": "(mk.movie_id = t.id)",
                    "Plans": [
                      {
                        "Node Type": "Bitmap Heap Scan",
                        "Parent Relationship": "Outer",
                        "Parallel Aware": true,
                        "Relation Name": "movie_keyword",
                        "Alias": "mk",
                        "Startup Cost": 17780.28,
                        "Total Cost": 48397.33,
                        "Plan Rows": 493044,
                        "Plan Width": 4,
                        "Actual Startup Time": 53.669,
                        "Actual Total Time": 131.436,
                        "Actual Rows": 413697,
                        "Actual Loops": 2,
                        "Recheck Cond": "(keyword_id > 22230)",
                        "Rows Removed by Index Recheck": 0,
                        "Exact Heap Blocks": 12142,
                        "Lossy Heap Blocks": 0,
                        "Plans": [
                          {
                            "Node Type": "Bitmap Index Scan",
                            "Parent Relationship": "Outer",
                            "Parallel Aware": false,
                            "Index Name": "keyword_id_movie_keyword",
                            "Startup Cost": 0.0,
                            "Total Cost": 17570.74,
                            "Plan Rows": 838174,
                            "Plan Width": 0,
                            "Actual Startup Time": 50.176,
                            "Actual Total Time": 50.178,
                            "Actual Rows": 827394,
                            "Actual Loops": 1,
                            "Index Cond": "(keyword_id > 22230)"
                          }
                        ]
                      },
                      {
                        "Node Type": "Hash",
                        "Parent Relationship": "Inner",
                        "Parallel Aware": true,
                        "Startup Cost": 54588.39,
                        "Total Cost": 54588.39,
                        "Plan Rows": 948977,
                        "Plan Width": 4,
                        "Actual Startup Time": 354.943,
                        "Actual Total Time": 354.944,
                        "Actual Rows": 803538,
                        "Actual Loops": 2,
                        "Hash Buckets": 2097152,
                        "Original Hash Buckets": 2097152,
                        "Hash Batches": 1,
                        "Original Hash Batches": 1,
                        "Peak Memory Usage": 79296,
                        "Plans": [
                          {
                            "Node Type": "Seq Scan",
                            "Parent Relationship": "Outer",
                            "Parallel Aware": true,
                            "Relation Name": "title",
                            "Alias": "t",
                            "Startup Cost": 0.0,
                            "Total Cost": 54588.39,
                            "Plan Rows": 948977,
                            "Plan Width": 4,
                            "Actual Startup Time": 0.015,
                            "Actual Total Time": 156.035,
                            "Actual Rows": 803538,
                            "Actual Loops": 2,
                            "Filter": "(production_year > 1995)",
                            "Rows Removed by Filter": 460618
                          }
                        ]
                      }
                    ]
                  },
                  {
                    "Node Type": "Hash",
                    "Parent Relationship": "Inner",
                    "Parallel Aware": true,
                    "Startup Cost": 18082.32,
                    "Total Cost": 18082.32,
                    "Plan Rows": 267429,
                    "Plan Width": 4,
                    "Actual Startup Time": 110.682,
                    "Actual Total Time": 110.682,
                    "Actual Rows": 229962,
                    "Actual Loops": 2,
                    "Hash Buckets": 524288,
                    "Original Hash Buckets": 524288,
                    "Hash Batches": 1,
                    "Original Hash Batches": 1,
                    "Peak Memory Usage": 22144,
                    "Plans": [
                      {
                        "Node Type": "Seq Scan",
                        "Parent Relationship": "Outer",
                        "Parallel Aware": true,
                        "Relation Name": "movie_info_idx",
                        "Alias": "mi_idx",
                        "Startup Cost": 0.0,
                        "Total Cost": 18082.32,
                        "Plan Rows": 267429,
                        "Plan Width": 4,
                        "Actual Startup Time": 0.051,
                        "Actual Total Time": 63.559,
                        "Actual Rows": 229962,
                        "Actual Loops": 2,
                        "Filter": "(info_type_id = 99)",
                        "Rows Removed by Filter": 460055
                      }
                    ]
                  }
                ]
              }
            ]
          }
        ]
      }
    ]
  },
  "Planning Time": 0.845,
  "Triggers": [],
  "Execution Time": 771.297
}