[
  {
    "Plan": {
      "Node Type": "Aggregate",
      "Strategy": "Plain",
      "Partial Mode": "Finalize",
      "Parallel Aware": false,
      "Startup Cost": 32392.6,
      "Total Cost": 32392.61,
      "Plan Rows": 1,
      "Plan Width": 8,
      "Actual Startup Time": 23.8,
      "Actual Total Time": 27.385,
      "Actual Rows": 1,
      "Actual Loops": 1,
      "Plans": [
        {
          "Node Type": "Gather",
          "Parent Relationship": "Outer",
          "Parallel Aware": false,
          "Startup Cost": 32392.39,
          "Total Cost": 32392.6,
          "Plan Rows": 2,
          "Plan Width": 8,
          "Actual Startup Time": 23.49,
          "Actual Total Time": 27.379,
          "Actual Rows": 3,
          "Actual Loops": 1,
          "Workers Planned": 2,
          "Workers Launched": 2,
          "Single Copy": false,
          "Plans": [
            {
              "Node Type": "Aggregate",
              "Strategy": "Plain",
              "Partial Mode": "Partial",
              "Parent Relationship": "Outer",
              "Parallel Aware": false,
              "Startup Cost": 31392.39,
              "Total Cost": 31392.4,
              "Plan Rows": 1,
              "Plan Width": 8,
              "Actual Startup Time": 15.302,
              "Actual Total Time": 15.305,
              "Actual Rows": 1,
              "Actual Loops": 3,
              "Plans": [
                {
                  "Node Type": "Nested Loop",
                  "Parent Relationship": "Outer",
                  "Parallel Aware": false,
                  "Join Type": "Inner",
                  "Startup Cost": 123.76,
                  "Total Cost": 31373.27,
                  "Plan Rows": 7648,
                  "Plan Width": 0,
                  "Actual Startup Time": 11.091,
                  "Actual Total Time": 15.295,
                  "Actual Rows": 53,
                  "Actual Loops": 3,
                  "Inner Unique": false,
                  "Plans": [
                    {
                      "Node Type": "Nested Loop",
                      "Parent Relationship": "Outer",
                      "Parallel Aware": false,
                      "Join Type": "Inner",
                      "Startup Cost": 123.32,
                      "Total Cost": 28558.45,
                      "Plan Rows": 1302,
                      "Plan Width": 8,
                      "Actual Startup Time": 11.085,
                      "Actual Total Time": 15.221,
                      "Actual Rows": 2,
                      "Actual Loops": 3,
                      "Inner Unique": true,
                      "Plans": [
                        {
                          "Node Type": "Bitmap Heap Scan",
                          "Parent Relationship": "Outer",
                          "Parallel Aware": true,
                          "Relation Name": "movie_companies",
                          "Alias": "mc",
                          "Startup Cost": 122.89,
                          "Total Cost": 12042.2,
                          "Plan Rows": 2283,
                          "Plan Width": 4,
                          "Actual Startup Time": 0.696,
                          "Actual Total Time": 4.137,
                          "Actual Rows": 1610,
                          "Actual Loops": 3,
                          "Recheck Cond": "(company_id = 11149)",
                          "Rows Removed by Index Recheck": 0,
                          "Exact Heap Blocks": 2435,
                          "Lossy Heap Blocks": 0,
                          "Plans": [
                            {
                              "Node Type": "Bitmap Index Scan",
                              "Parent Relationship": "Outer",
                              "Parallel Aware": false,
                              "Index Name": "company_id_movie_companies",
                              "Startup Cost": 0.0,
                              "Total Cost": 121.52,
                              "Plan Rows": 5479,
                              "Plan Width": 0,
                              "Actual Startup Time": 1.36,
                              "Actual Total Time": 1.36,
                              "Actual Rows": 4831,
                              "Actual Loops": 1,
                              "Index Cond": "(company_id = 11149)"
                            }
                          ]
                        },
                        {
                          "Node Type": "Index Scan",
                          "Parent Relationship": "Inner",
                          "Parallel Aware": false,
                          "Scan Direction": "Forward",
                          "Index Name": "title_pkey",
                          "Relation Name": "title",
                          "Alias": "t",
                          "Startup Cost": 0.43,
                          "Total Cost": 7.23,
                          "Plan Rows": 1,
                          "Plan Width": 4,
                          "Actual Startup Time": 0.006,
                          "Actual Total Time": 0.006,
                          "Actual Rows": 0,
                          "Actual Loops": 4831,
                          "Index Cond": "(id = mc.movie_id)",
                          "Rows Removed by Index Recheck": 0,
                          "Filter": "(production_year > 1999)",
                          "Rows Removed by Filter": 1
                        }
                      ]
                    },
                    {
                      "Node Type": "Index Only Scan",
                      "Parent Relationship": "Inner",
                      "Parallel Aware": false,
                      "Scan Direction": "Forward",
                      "Index Name": "movie_id_movie_info",
                      "Relation Name": "movie_info",
                      "Alias": "mi",
                      "Startup Cost": 0.43,
                      "Total Cost": 1.75,
                      "Plan Rows": 41,
                      "Plan Width": 4,
                      "Actual Startup Time": 0.009,
                      "Actual Total Time": 0.028,
                      "Actual Rows": 23,
                      "Actual Loops": 7,
                      "Index Cond": "(movie_id = t.id)",
                      "Rows Removed by Index Recheck": 0,
                      "Heap Fetches": 160
                    }
                  ]
                }
              ]
            }
          ]
        }
      ]
    },
    "Planning Time": 0.55,
    "Triggers": [],
    "Execution Time": 27.431
  }
]