[
  {
    "Plan": {
      "Node Type": "Aggregate",
      "Strategy": "Plain",
      "Partial Mode": "Finalize",
      "Parallel Aware": false,
      "Startup Cost": 341005.85,
      "Total Cost": 341005.86,
      "Plan Rows": 1,
      "Plan Width": 8,
      "Actual Startup Time": 790.833,
      "Actual Total Time": 847.557,
      "Actual Rows": 1,
      "Actual Loops": 1,
      "Plans": [
        {
          "Node Type": "Gather",
          "Parent Relationship": "Outer",
          "Parallel Aware": false,
          "Startup Cost": 341005.22,
          "Total Cost": 341005.83,
          "Plan Rows": 6,
          "Plan Width": 8,
          "Actual Startup Time": 790.704,
          "Actual Total Time": 847.535,
          "Actual Rows": 7,
          "Actual Loops": 1,
          "Workers Planned": 6,
          "Workers Launched": 6,
          "Single Copy": false,
          "Plans": [
            {
              "Node Type": "Aggregate",
              "Strategy": "Plain",
              "Partial Mode": "Partial",
              "Parent Relationship": "Outer",
              "Parallel Aware": false,
              "Startup Cost": 340005.22,
              "Total Cost": 340005.23,
              "Plan Rows": 1,
              "Plan Width": 8,
              "Actual Startup Time": 782.55,
              "Actual Total Time": 782.551,
              "Actual Rows": 1,
              "Actual Loops": 7,
              "Plans": [
                {
                  "Node Type": "Seq Scan",
                  "Parent Relationship": "Outer",
                  "Parallel Aware": true,
                  "Relation Name": "cast_info",
                  "Alias": "ci",
                  "Startup Cost": 0.0,
                  "Total Cost": 328162.03,
                  "Plan Rows": 4737279,
                  "Plan Width": 0,
                  "Actual Startup Time": 95.2,
                  "Actual Total Time": 616.888,
                  "Actual Rows": 4039666,
                  "Actual Loops": 7,
                  "Filter": "(person_id > 778696)",
                  "Rows Removed by Filter": 1138098
                }
              ]
            }
          ]
        }
      ]
    },
    "Planning Time": 0.195,
    "Triggers": [],
    "Execution Time": 847.628
  }
]