[
  {
    "Plan": {
      "Node Type": "Aggregate",
      "Strategy": "Plain",
      "Partial Mode": "Simple",
      "Parallel Aware": false,
      "Startup Cost": 987.2,
      "Total Cost": 987.21,
      "Plan Rows": 1,
      "Plan Width": 8,
      "Actual Startup Time": 11.516,
      "Actual Total Time": 11.518,
      "Actual Rows": 1,
      "Actual Loops": 1,
      "Plans": [
        {
          "Node Type": "Index Scan",
          "Parent Relationship": "Outer",
          "Parallel Aware": false,
          "Scan Direction": "Forward",
          "Index Name": "person_id_cast_info",
          "Relation Name": "cast_info",
          "Alias": "ci",
          "Startup Cost": 0.56,
          "Total Cost": 987.07,
          "Plan Rows": 52,
          "Plan Width": 0,
          "Actual Startup Time": 11.499,
          "Actual Total Time": 11.51,
          "Actual Rows": 5,
          "Actual Loops": 1,
          "Index Cond": "(person_id = 1625371)",
          "Rows Removed by Index Recheck": 0,
          "Filter": "(role_id = 3)",
          "Rows Removed by Filter": 3
        }
      ]
    },
    "Planning Time": 0.121,
    "Triggers": [],
    "Execution Time": 11.551
  }
]