[
  {
    "Plan": {
      "Node Type": "Aggregate",
      "Strategy": "Plain",
      "Partial Mode": "Finalize",
      "Parallel Aware": false,
      "Startup Cost": 33214.22,
      "Total Cost": 33214.23,
      "Plan Rows": 1,
      "Plan Width": 8,
      "Actual Startup Time": 104.986,
      "Actual Total Time": 111.042,
      "Actual Rows": 1,
      "Actual Loops": 1,
      "Plans": [
        {
          "Node Type": "Gather",
          "Parent Relationship": "Outer",
          "Parallel Aware": false,
          "Startup Cost": 33213.9,
          "Total Cost": 33214.21,
          "Plan Rows": 3,
          "Plan Width": 8,
          "Actual Startup Time": 104.87,
          "Actual Total Time": 111.032,
          "Actual Rows": 4,
          "Actual Loops": 1,
          "Workers Planned": 3,
          "Workers Launched": 3,
          "Single Copy": false,
          "Plans": [
            {
              "Node Type": "Aggregate",
              "Strategy": "Plain",
              "Partial Mode": "Partial",
              "Parent Relationship": "Outer",
              "Parallel Aware": false,
              "Startup Cost": 32213.9,
              "Total Cost": 32213.91,
              "Plan Rows": 1,
              "Plan Width": 8,
              "Actual Startup Time": 98.094,
              "Actual Total Time": 98.095,
              "Actual Rows": 1,
              "Actual Loops": 4,
              "Plans": [
                {
                  "Node Type": "Seq Scan",
                  "Parent Relationship": "Outer",
                  "Parallel Aware": true,
                  "Relation Name": "movie_companies",
                  "Alias": "mc",
                  "Startup Cost": 0.0,
                  "Total Cost": 31414.82,
                  "Plan Rows": 319634,
                  "Plan Width": 0,
                  "Actual Startup Time": 0.411,
                  "Actual Total Time": 85.606,
                  "Actual Rows": 214066,
                  "Actual Loops": 4,
                  "Filter": "((company_id > 624) AND (company_type_id < 2))",
                  "Rows Removed by Filter": 438217
                }
              ]
            }
          ]
        }
      ]
    },
    "Planning Time": 0.227,
    "Triggers": [],
    "Execution Time": 111.108
  }
]