[
  {
    "Plan": {
      "Node Type": "Aggregate",
      "Strategy": "Plain",
      "Partial Mode": "Finalize",
      "Parallel Aware": false,
      "Startup Cost": 45004.84,
      "Total Cost": 45004.85,
      "Plan Rows": 1,
      "Plan Width": 8,
      "Actual Startup Time": 156.789,
      "Actual Total Time": 167.15,
      "Actual Rows": 1,
      "Actual Loops": 1,
      "Plans": [
        {
          "Node Type": "Gather",
          "Parent Relationship": "Outer",
          "Parallel Aware": false,
          "Startup Cost": 45004.52,
          "Total Cost": 45004.83,
          "Plan Rows": 3,
          "Plan Width": 8,
          "Actual Startup Time": 156.593,
          "Actual Total Time": 167.137,
          "Actual Rows": 4,
          "Actual Loops": 1,
          "Workers Planned": 3,
          "Workers Launched": 3,
          "Single Copy": false,
          "Plans": [
            {
              "Node Type": "Aggregate",
              "Strategy": "Plain",
              "Partial Mode": "Partial",
              "Parent Relationship": "Outer",
              "Parallel Aware": false,
              "Startup Cost": 44004.52,
              "Total Cost": 44004.53,
              "Plan Rows": 1,
              "Plan Width": 8,
              "Actual Startup Time": 147.902,
              "Actual Total Time": 147.903,
              "Actual Rows": 1,
              "Actual Loops": 4,
              "Plans": [
                {
                  "Node Type": "Seq Scan",
                  "Parent Relationship": "Outer",
                  "Parallel Aware": true,
                  "Relation Name": "movie_keyword",
                  "Alias": "mk",
                  "Startup Cost": 0.0,
                  "Total Cost": 42695.65,
                  "Plan Rows": 523547,
                  "Plan Width": 0,
                  "Actual Startup Time": 1.431,
                  "Actual Total Time": 124.674,
                  "Actual Rows": 403285,
                  "Actual Loops": 4,
                  "Filter": "(keyword_id > 9401)",
                  "Rows Removed by Filter": 727698
                }
              ]
            }
          ]
        }
      ]
    },
    "Planning Time": 0.192,
    "Triggers": [],
    "Execution Time": 167.212
  }
]