{
  "Plan": {
    "Node Type": "Aggregate",
    "Strategy": "Plain",
    "Partial Mode": "Finalize",
    "Parallel Aware": false,
    "Startup Cost": 425614.45,
    "Total Cost": 425614.46,
    "Plan Rows": 1,
    "Plan Width": 8,
    "Actual Startup Time": 1441.87,
    "Actual Total Time": 1459.464,
    "Actual Rows": 1,
    "Actual Loops": 1,
    "Plans": [
      {
        "Node Type": "Gather",
        "Parent Relationship": "Outer",
        "Parallel Aware": false,
        "Startup Cost": 425614.33,
        "Total Cost": 425614.44,
        "Plan Rows": 1,
        "Plan Width": 8,
        "Actual Startup Time": 1436.662,
        "Actual Total Time": 1459.455,
        "Actual Rows": 2,
        "Actual Loops": 1,
        "Workers Planned": 1,
        "Workers Launched": 1,
        "Single Copy": false,
        "Plans": [
          {
            "Node Type": "Aggregate",
            "Strategy": "Plain",
            "Partial Mode": "Partial",
            "Parent Relationship": "Outer",
            "Parallel Aware": false,
            "Startup Cost": 424614.33,
            "Total Cost": 424614.34,
            "Plan Rows": 1,
            "Plan Width": 8,
            "Actual Startup Time": 1425.029,
            "Actual Total Time": 1425.033,
            "Actual Rows": 1,
            "Actual Loops": 2,
            "Plans": [
              {
                "Node Type": "Hash Join",
                "Parent Relationship": "Outer",
                "Parallel Aware": true,
                "Join Type": "Inner",
                "Startup Cost": 140692.25,
                "Total Cost": 423206.93,
                "Plan Rows": 562961,
                "Plan Width": 0,
                "Actual Startup Time": 665.234,
                "Actual Total Time": 1377.81,
                "Actual Rows": 1042860,
                "Actual Loops": 2,
                "Inner Unique": true,
                "Hash Cond": "(ci.movie_id = t.id)",
                "Plans": [
                  {
                    "Node Type": "Bitmap Heap Scan",
                    "Parent Relationship": "Outer",
                    "Parallel Aware": true,
                    "Relation Name": "cast_info",
                    "Alias": "ci",
                    "Startup Cost": 69899.52,
                    "Total Cost": 350718.84,
                    "Plan Rows": 645855,
                    "Plan Width": 4,
                    "Actual Startup Time": 130.75,
                    "Actual Total Time": 336.092,
                    "Actual Rows": 1177270,
                    "Actual Loops": 2,
                    "Recheck Cond": "(person_id < 315735)",
                    "Rows Removed by Index Recheck": 0,
                    "Filter": "(role_id = 1)",
                    "Rows Removed by Filter": 458820,
                    "Exact Heap Blocks": 18971,
                    "Lossy Heap Blocks": 0,
                    "Plans": [
                      {
                        "Node Type": "Bitmap Index Scan",
                        "Parent Relationship": "Outer",
                        "Parallel Aware": false,
                        "Index Name": "person_id_cast_info",
                        "Startup Cost": 0.0,
                        "Total Cost": 69625.03,
                        "Plan Rows": 3188329,
                        "Plan Width": 0,
                        "Actual Startup Time": 125.149,
                        "Actual Total Time": 125.149,
                        "Actual Rows": 3272181,
                        "Actual Loops": 1,
                        "Index Cond": "(person_id < 315735)"
                      }
                    ]
                  },
                  {
                    "Node Type": "Hash",
                    "Parent Relationship": "Inner",
                    "Parallel Aware": true,
                    "Startup Cost": 54588.39,
                    "Total Cost": 54588.39,
                    "Plan Rows": 1296347,
                    "Plan Width": 4,
                    "Actual Startup Time": 512.385,
                    "Actual Total Time": 512.385,
                    "Actual Rows": 1096312,
                    "Actual Loops": 2,
                    "Hash Buckets": 4194304,
                    "Original Hash Buckets": 4194304,
                    "Hash Batches": 1,
                    "Original Hash Batches": 1,
                    "Peak Memory Usage": 118592,
                    "Plans": [
                      {
                        "Node Type": "Seq Scan",
                        "Parent Relationship": "Outer",
                        "Parallel Aware": true,
                        "Relation Name": "title",
                        "Alias": "t",
                        "Startup Cost": 0.0,
                        "Total Cost": 54588.39,
                        "Plan Rows": 1296347,
                        "Plan Width": 4,
                        "Actual Startup Time": 0.027,
                        "Actual Total Time": 177.094,
                        "Actual Rows": 1096312,
                        "Actual Loops": 2,
                        "Filter": "(production_year > 1961)",
                        "Rows Removed by Filter": 167844
                      }
                    ]
                  }
                ]
              }
            ]
          }
        ]
      }
    ]
  },
  "Planning Time": 0.502,
  "Triggers": [],
  "Execution Time": 1459.534
}