{
  "Plan": {
    "Node Type": "Aggregate",
    "Strategy": "Plain",
    "Partial Mode": "Simple",
    "Parallel Aware": false,
    "Startup Cost": 3201331.29,
    "Total Cost": 3201331.3,
    "Plan Rows": 1,
    "Plan Width": 96,
    "Actual Startup Time": 13622.048,
    "Actual Total Time": 13622.449,
    "Actual Rows": 1,
    "Actual Loops": 1,
    "Plans": [
      {
        "Node Type": "Merge Join",
        "Parent Relationship": "Outer",
        "Parallel Aware": false,
        "Join Type": "Inner",
        "Startup Cost": 3201331.26,
        "Total Cost": 3201331.29,
        "Plan Rows": 1,
        "Plan Width": 48,
        "Actual Startup Time": 13621.591,
        "Actual Total Time": 13622.237,
        "Actual Rows": 1620,
        "Actual Loops": 1,
        "Inner Unique": true,
        "Merge Cond": "(ci.role_id = rt.id)",
        "Plans": [
          {
            "Node Type": "Sort",
            "Parent Relationship": "Outer",
            "Parallel Aware": false,
            "Startup Cost": 3201330.1,
            "Total Cost": 3201330.11,
            "Plan Rows": 1,
            "Plan Width": 52,
            "Actual Startup Time": 13621.555,
            "Actual Total Time": 13622.011,
            "Actual Rows": 1620,
            "Actual Loops": 1,
            "Sort Key": [
              "ci.role_id"
            ],
            "Sort Method": "quicksort",
            "Sort Space Used": 175,
            "Sort Space Type": "Memory",
            "Plans": [
              {
                "Node Type": "Merge Join",
                "Parent Relationship": "Outer",
                "Parallel Aware": false,
                "Join Type": "Inner",
                "Startup Cost": 3201330.04,
                "Total Cost": 3201330.09,
                "Plan Rows": 1,
                "Plan Width": 52,
                "Actual Startup Time": 13620.894,
                "Actual Total Time": 13621.672,
                "Actual Rows": 1620,
                "Actual Loops": 1,
                "Inner Unique": false,
                "Merge Cond": "(t.id = ci.movie_id)",
                "Plans": [
                  {
                    "Node Type": "Sort",
                    "Parent Relationship": "Outer",
                    "Parallel Aware": false,
                    "Startup Cost": 687574.31,
                    "Total Cost": 687574.31,
                    "Plan Rows": 1,
                    "Plan Width": 29,
                    "Actual Startup Time": 3757.406,
                    "Actual Total Time": 3757.596,
                    "Actual Rows": 11,
                    "Actual Loops": 1,
                    "Sort Key": [
                      "mc.movie_id"
                    ],
                    "Sort Method": "quicksort",
                    "Sort Space Used": 25,
                    "Sort Space Type": "Memory",
                    "Plans": [
                      {
                        "Node Type": "Merge Join",
                        "Parent Relationship": "Outer",
                        "Parallel Aware": false,
                        "Join Type": "Inner",
                        "Startup Cost": 687574.26,
                        "Total Cost": 687574.3,
                        "Plan Rows": 1,
                        "Plan Width": 29,
                        "Actual Startup Time": 3757.387,
                        "Actual Total Time": 3757.578,
                        "Actual Rows": 11,
                        "Actual Loops": 1,
                        "Inner Unique": false,
                        "Merge Cond": "(it.id = mi.info_type_id)",
                        "Plans": [
                          {
                            "Node Type": "Sort",
                            "Parent Relationship": "Outer",
                            "Parallel Aware": false,
                            "Startup Cost": 2.42,
                            "Total Cost": 2.43,
                            "Plan Rows": 1,
                            "Plan Width": 4,
                            "Actual Startup Time": 0.043,
                            "Actual Total Time": 0.044,
                            "Actual Rows": 1,
                            "Actual Loops": 1,
                            "Sort Key": [
                              "it.id"
                            ],
                            "Sort Method": "quicksort",
                            "Sort Space Used": 25,
                            "Sort Space Type": "Memory",
                            "Plans": [
                              {
                                "Node Type": "Seq Scan",
                                "Parent Relationship": "Outer",
                                "Parallel Aware": false,
                                "Relation Name": "info_type",
                                "Alias": "it",
                                "Startup Cost": 0.0,
                                "Total Cost": 2.41,
                                "Plan Rows": 1,
                                "Plan Width": 4,
                                "Actual Startup Time": 0.017,
                                "Actual Total Time": 0.023,
                                "Actual Rows": 1,
                                "Actual Loops": 1,
                                "Filter": "((info)::text = 'release dates'::text)",
                                "Rows Removed by Filter": 112
                              }
                            ]
                          },
                          {
                            "Node Type": "Sort",
                            "Parent Relationship": "Inner",
                            "Parallel Aware": false,
                            "Startup Cost": 687571.84,
                            "Total Cost": 687571.85,
                            "Plan Rows": 3,
                            "Plan Width": 33,
                            "Actual Startup Time": 3757.342,
                            "Actual Total Time": 3757.527,
                            "Actual Rows": 11,
                            "Actual Loops": 1,
                            "Sort Key": [
                              "mi.info_type_id"
                            ],
                            "Sort Method": "quicksort",
                            "Sort Space Used": 25,
                            "Sort Space Type": "Memory",
                            "Plans": [
                              {
                                "Node Type": "Merge Join",
                                "Parent Relationship": "Outer",
                                "Parallel Aware": false,
                                "Join Type": "Inner",
                                "Startup Cost": 568819.71,
                                "Total Cost": 687571.82,
                                "Plan Rows": 3,
                                "Plan Width": 33,
                                "Actual Startup Time": 3757.304,
                                "Actual Total Time": 3757.499,
                                "Actual Rows": 11,
                                "Actual Loops": 1,
                                "Inner Unique": false,
                                "Merge Cond": "(t.id = mi.movie_id)",
                                "Plans": [
                                  {
                                    "Node Type": "Gather Merge",
                                    "Parent Relationship": "Outer",
                                    "Parallel Aware": false,
                                    "Startup Cost": 1000.49,
                                    "Total Cost": 97137.09,
                                    "Plan Rows": 7,
                                    "Plan Width": 21,
                                    "Actual Startup Time": 508.566,
                                    "Actual Total Time": 509.026,
                                    "Actual Rows": 3,
                                    "Actual Loops": 1,
                                    "Workers Planned": 4,
                                    "Workers Launched": 4,
                                    "Plans": [
                                      {
                                        "Node Type": "Index Scan",
                                        "Parent Relationship": "Outer",
                                        "Parallel Aware": true,
                                        "Scan Direction": "Forward",
                                        "Index Name": "title_pkey",
                                        "Relation Name": "title",
                                        "Alias": "t",
                                        "Startup Cost": 0.43,
                                        "Total Cost": 96136.2,
                                        "Plan Rows": 2,
                                        "Plan Width": 21,
                                        "Actual Startup Time": 392.942,
                                        "Actual Total Time": 401.862,
                                        "Actual Rows": 1,
                                        "Actual Loops": 5,
                                        "Filter": "((production_year >= 2000) AND (production_year <= 2010) AND (title = 'Shrek 2'::text))",
                                        "Rows Removed by Filter": 505662
                                      }
                                    ]
                                  },
                                  {
                                    "Node Type": "Materialize",
                                    "Parent Relationship": "Inner",
                                    "Parallel Aware": false,
                                    "Startup Cost": 567819.22,
                                    "Total Cost": 587947.53,
                                    "Plan Rows": 994861,
                                    "Plan Width": 12,
                                    "Actual Startup Time": 2970.822,
                                    "Actual Total Time": 3225.657,
                                    "Actual Rows": 332842,
                                    "Actual Loops": 1,
                                    "Plans": [
                                      {
                                        "Node Type": "Merge Join",
                                        "Parent Relationship": "Outer",
                                        "Parallel Aware": false,
                                        "Join Type": "Inner",
                                        "Startup Cost": 567819.22,
                                        "Total Cost": 585460.37,
                                        "Plan Rows": 994861,
                                        "Plan Width": 12,
                                        "Actual Startup Time": 2970.805,
                                        "Actual Total Time": 3175.495,
                                        "Actual Rows": 332842,
                                        "Actual Loops": 1,
                                        "Inner Unique": false,
                                        "Merge Cond": "(mi.movie_id = mc.movie_id)",
                                        "Plans": [
                                          {
                                            "Node Type": "Sort",
                                            "Parent Relationship": "Outer",
                                            "Parallel Aware": false,
                                            "Startup Cost": 313811.4,
                                            "Total Cost": 315171.26,
                                            "Plan Rows": 543941,
                                            "Plan Width": 8,
                                            "Actual Startup Time": 1001.583,
                                            "Actual Total Time": 1020.801,
                                            "Actual Rows": 398378,
                                            "Actual Loops": 1,
                                            "Sort Key": [
                                              "mi.movie_id"
                                            ],
                                            "Sort Method": "quicksort",
                                            "Sort Space Used": 33434,
                                            "Sort Space Type": "Memory",
                                            "Plans": [
                                              {
                                                "Node Type": "Gather",
                                                "Parent Relationship": "Outer",
                                                "Parallel Aware": false,
                                                "Startup Cost": 1000.0,
                                                "Total Cost": 261992.62,
                                                "Plan Rows": 543941,
                                                "Plan Width": 8,
                                                "Actual Startup Time": 116.478,
                                                "Actual Total Time": 913.546,
                                                "Actual Rows": 451104,
                                                "Actual Loops": 1,
                                                "Workers Planned": 5,
                                                "Workers Launched": 3,
                                                "Single Copy": false,
                                                "Plans": [
                                                  {
                                                    "Node Type": "Seq Scan",
                                                    "Parent Relationship": "Outer",
                                                    "Parallel Aware": true,
                                                    "Relation Name": "movie_info",
                                                    "Alias": "mi",
                                                    "Startup Cost": 0.0,
                                                    "Total Cost": 206598.52,
                                                    "Plan Rows": 108788,
                                                    "Plan Width": 8,
                                                    "Actual Startup Time": 106.323,
                                                    "Actual Total Time": 892.977,
                                                    "Actual Rows": 112776,
                                                    "Actual Loops": 4,
                                                    "Filter": "((info IS NOT NULL) AND ((info ~~ 'Japan:%200%'::text) OR (info ~~ 'USA:%200%'::text)))",
                                                    "Rows Removed by Filter": 3596154
                                                  }
                                                ]
                                              }
                                            ]
                                          },
                                          {
                                            "Node Type": "Sort",
                                            "Parent Relationship": "Inner",
                                            "Parallel Aware": false,
                                            "Startup Cost": 254007.76,
                                            "Total Cost": 256392.95,
                                            "Plan Rows": 954076,
                                            "Plan Width": 4,
                                            "Actual Startup Time": 1969.198,
                                            "Actual Total Time": 2041.381,
                                            "Actual Rows": 1018520,
                                            "Actual Loops": 1,
                                            "Sort Key": [
                                              "mc.movie_id"
                                            ],
                                            "Sort Method": "quicksort",
                                            "Sort Space Used": 103237,
                                            "Sort Space Type": "Memory",
                                            "Plans": [
                                              {
                                                "Node Type": "Merge Join",
                                                "Parent Relationship": "Outer",
                                                "Parallel Aware": false,
                                                "Join Type": "Inner",
                                                "Startup Cost": 4190.88,
                                                "Total Cost": 159250.15,
                                                "Plan Rows": 954076,
                                                "Plan Width": 4,
                                                "Actual Startup Time": 0.098,
                                                "Actual Total Time": 1684.12,
                                                "Actual Rows": 1153798,
                                                "Actual Loops": 1,
                                                "Inner Unique": true,
                                                "Merge Cond": "(mc.company_id = cn.id)",
                                                "Plans": [
                                                  {
                                                    "Node Type": "Index Scan",
                                                    "Parent Relationship": "Outer",
                                                    "Parallel Aware": false,
                                                    "Scan Direction": "Forward",
                                                    "Index Name": "company_id_movie_companies",
                                                    "Relation Name": "movie_companies",
                                                    "Alias": "mc",
                                                    "Startup Cost": 0.43,
                                                    "Total Cost": 130510.28,
                                                    "Plan Rows": 2609129,
                                                    "Plan Width": 8,
                                                    "Actual Startup Time": 0.047,
                                                    "Actual Total Time": 1295.325,
                                                    "Actual Rows": 2609129,
                                                    "Actual Loops": 1
                                                  },
                                                  {
                                                    "Node Type": "Index Scan",
                                                    "Parent Relationship": "Inner",
                                                    "Parallel Aware": false,
                                                    "Scan Direction": "Forward",
                                                    "Index Name": "company_name_pkey",
                                                    "Relation Name": "company_name",
                                                    "Alias": "cn",
                                                    "Startup Cost": 0.42,
                                                    "Total Cost": 12469.43,
                                                    "Plan Rows": 85931,
                                                    "Plan Width": 4,
                                                    "Actual Startup Time": 0.046,
                                                    "Actual Total Time": 151.373,
                                                    "Actual Rows": 84843,
                                                    "Actual Loops": 1,
                                                    "Filter": "((country_code)::text = '[us]'::text)",
                                                    "Rows Removed by Filter": 150154
                                                  }
                                                ]
                                              }
                                            ]
                                          }
                                        ]
                                      }
                                    ]
                                  }
                                ]
                              }
                            ]
                          }
                        ]
                      }
                    ]
                  },
                  {
                    "Node Type": "Materialize",
                    "Parent Relationship": "Inner",
                    "Parallel Aware": false,
                    "Startup Cost": 2513755.73,
                    "Total Cost": 2513755.77,
                    "Plan Rows": 1,
                    "Plan Width": 47,
                    "Actual Startup Time": 9863.364,
                    "Actual Total Time": 9863.876,
                    "Actual Rows": 1791,
                    "Actual Loops": 1,
                    "Plans": [
                      {
                        "Node Type": "Merge Join",
                        "Parent Relationship": "Outer",
                        "Parallel Aware": false,
                        "Join Type": "Inner",
                        "Startup Cost": 2513755.73,
                        "Total Cost": 2513755.76,
                        "Plan Rows": 1,
                        "Plan Width": 47,
                        "Actual Startup Time": 9863.357,
                        "Actual Total Time": 9863.706,
                        "Actual Rows": 342,
                        "Actual Loops": 1,
                        "Inner Unique": false,
                        "Merge Cond": "(ci.movie_id = mk.movie_id)",
                        "Plans": [
                          {
                            "Node Type": "Sort",
                            "Parent Relationship": "Outer",
                            "Parallel Aware": false,
                            "Startup Cost": 1309479.72,
                            "Total Cost": 1309479.72,
                            "Plan Rows": 1,
                            "Plan Width": 39,
                            "Actual Startup Time": 6492.204,
                            "Actual Total Time": 6492.45,
                            "Actual Rows": 666,
                            "Actual Loops": 1,
                            "Sort Key": [
                              "ci.movie_id"
                            ],
                            "Sort Method": "quicksort",
                            "Sort Space Used": 77,
                            "Sort Space Type": "Memory",
                            "Plans": [
                              {
                                "Node Type": "Merge Join",
                                "Parent Relationship": "Outer",
                                "Parallel Aware": false,
                                "Join Type": "Inner",
                                "Startup Cost": 1309479.68,
                                "Total Cost": 1309479.71,
                                "Plan Rows": 1,
                                "Plan Width": 39,
                                "Actual Startup Time": 6491.844,
                                "Actual Total Time": 6492.203,
                                "Actual Rows": 666,
                                "Actual Loops": 1,
                                "Inner Unique": false,
                                "Merge Cond": "(it3.id = pi.info_type_id)",
                                "Plans": [
                                  {
                                    "Node Type": "Sort",
                                    "Parent Relationship": "Outer",
                                    "Parallel Aware": false,
                                    "Startup Cost": 2.42,
                                    "Total Cost": 2.43,
                                    "Plan Rows": 1,
                                    "Plan Width": 4,
                                    "Actual Startup Time": 0.032,
                                    "Actual Total Time": 0.034,
                                    "Actual Rows": 1,
                                    "Actual Loops": 1,
                                    "Sort Key": [
                                      "it3.id"
                                    ],
                                    "Sort Method": "quicksort",
                                    "Sort Space Used": 25,
                                    "Sort Space Type": "Memory",
                                    "Plans": [
                                      {
                                        "Node Type": "Seq Scan",
                                        "Parent Relationship": "Outer",
                                        "Parallel Aware": false,
                                        "Relation Name": "info_type",
                                        "Alias": "it3",
                                        "Startup Cost": 0.0,
                                        "Total Cost": 2.41,
                                        "Plan Rows": 1,
                                        "Plan Width": 4,
                                        "Actual Startup Time": 0.024,
                                        "Actual Total Time": 0.029,
                                        "Actual Rows": 1,
                                        "Actual Loops": 1,
                                        "Filter": "((info)::text = 'trivia'::text)",
                                        "Rows Removed by Filter": 112
                                      }
                                    ]
                                  },
                                  {
                                    "Node Type": "Sort",
                                    "Parent Relationship": "Inner",
                                    "Parallel Aware": false,
                                    "Startup Cost": 1309477.26,
                                    "Total Cost": 1309477.27,
                                    "Plan Rows": 1,
                                    "Plan Width": 43,
                                    "Actual Startup Time": 6491.77,
                                    "Actual Total Time": 6492.022,
                                    "Actual Rows": 883,
                                    "Actual Loops": 1,
                                    "Sort Key": [
                                      "pi.info_type_id"
                                    ],
                                    "Sort Method": "quicksort",
                                    "Sort Space Used": 199,
                                    "Sort Space Type": "Memory",
                                    "Plans": [
                                      {
                                        "Node Type": "Merge Join",
                                        "Parent Relationship": "Outer",
                                        "Parallel Aware": false,
                                        "Join Type": "Inner",
                                        "Startup Cost": 879416.94,
                                        "Total Cost": 1309477.25,
                                        "Plan Rows": 1,
                                        "Plan Width": 43,
                                        "Actual Startup Time": 5952.703,
                                        "Actual Total Time": 6491.277,
                                        "Actual Rows": 1932,
                                        "Actual Loops": 1,
                                        "Inner Unique": false,
                                        "Merge Cond": "(n.id = ci.person_id)",
                                        "Plans": [
                                          {
                                            "Node Type": "Gather Merge",
                                            "Parent Relationship": "Outer",
                                            "Parallel Aware": false,
                                            "Startup Cost": 1006.75,
                                            "Total Cost": 442330.1,
                                            "Plan Rows": 6886,
                                            "Plan Width": 27,
                                            "Actual Startup Time": 1044.162,
                                            "Actual Total Time": 1605.133,
                                            "Actual Rows": 46010,
                                            "Actual Loops": 1,
                                            "Workers Planned": 4,
                                            "Workers Launched": 4,
                                            "Plans": [
                                              {
                                                "Node Type": "Merge Join",
                                                "Parent Relationship": "Outer",
                                                "Parallel Aware": false,
                                                "Join Type": "Inner",
                                                "Startup Cost": 6.69,
                                                "Total Cost": 440509.85,
                                                "Plan Rows": 1722,
                                                "Plan Width": 27,
                                                "Actual Startup Time": 972.486,
                                                "Actual Total Time": 1711.729,
                                                "Actual Rows": 9246,
                                                "Actual Loops": 5,
                                                "Inner Unique": false,
                                                "Merge Cond": "(n.id = pi.person_id)",
                                                "Plans": [
                                                  {
                                                    "Node Type": "Index Scan",
                                                    "Parent Relationship": "Outer",
                                                    "Parallel Aware": true,
                                                    "Scan Direction": "Forward",
                                                    "Index Name": "name_pkey",
                                                    "Relation Name": "name",
                                                    "Alias": "n",
                                                    "Startup Cost": 0.43,
                                                    "Total Cost": 152125.12,
                                                    "Plan Rows": 2419,
                                                    "Plan Width": 19,
                                                    "Actual Startup Time": 304.565,
                                                    "Actual Total Time": 676.279,
                                                    "Actual Rows": 9999,
                                                    "Actual Loops": 5,
                                                    "Filter": "((name ~~ '%An%'::text) AND ((gender)::text = 'f'::text))",
                                                    "Rows Removed by Filter": 823436
                                                  },
                                                  {
                                                    "Node Type": "Index Scan",
                                                    "Parent Relationship": "Inner",
                                                    "Parallel Aware": false,
                                                    "Scan Direction": "Forward",
                                                    "Index Name": "person_id_person_info",
                                                    "Relation Name": "person_info",
                                                    "Alias": "pi",
                                                    "Startup Cost": 0.43,
                                                    "Total Cost": 280951.69,
                                                    "Plan Rows": 2965896,
                                                    "Plan Width": 8,
                                                    "Actual Startup Time": 0.065,
                                                    "Actual Total Time": 801.506,
                                                    "Actual Rows": 2539467,
                                                    "Actual Loops": 5
                                                  }
                                                ]
                                              }
                                            ]
                                          },
                                          {
                                            "Node Type": "Sort",
                                            "Parent Relationship": "Inner",
                                            "Parallel Aware": false,
                                            "Startup Cost": 878410.19,
                                            "Total Cost": 878410.19,
                                            "Plan Rows": 1,
                                            "Plan Width": 32,
                                            "Actual Startup Time": 4882.07,
                                            "Actual Total Time": 4882.39,
                                            "Actual Rows": 2065,
                                            "Actual Loops": 1,
                                            "Sort Key": [
                                              "an.person_id"
                                            ],
                                            "Sort Method": "quicksort",
                                            "Sort Space Used": 36,
                                            "Sort Space Type": "Memory",
                                            "Plans": [
                                              {
                                                "Node Type": "Merge Join",
                                                "Parent Relationship": "Outer",
                                                "Parallel Aware": false,
                                                "Join Type": "Inner",
                                                "Startup Cost": 873721.23,
                                                "Total Cost": 878410.18,
                                                "Plan Rows": 1,
                                                "Plan Width": 32,
                                                "Actual Startup Time": 4881.908,
                                                "Actual Total Time": 4882.09,
                                                "Actual Rows": 147,
                                                "Actual Loops": 1,
                                                "Inner Unique": false,
                                                "Merge Cond": "(chn.id = ci.person_role_id)",
                                                "Plans": [
                                                  {
                                                    "Node Type": "Sort",
                                                    "Parent Relationship": "Outer",
                                                    "Parallel Aware": false,
                                                    "Startup Cost": 47261.4,
                                                    "Total Cost": 47261.4,
                                                    "Plan Rows": 1,
                                                    "Plan Width": 20,
                                                    "Actual Startup Time": 162.224,
                                                    "Actual Total Time": 162.271,
                                                    "Actual Rows": 1,
                                                    "Actual Loops": 1,
                                                    "Sort Key": [
                                                      "chn.id"
                                                    ],
                                                    "Sort Method": "quicksort",
                                                    "Sort Space Used": 25,
                                                    "Sort Space Type": "Memory",
                                                    "Plans": [
                                                      {
                                                        "Node Type": "Gather",
                                                        "Parent Relationship": "Outer",
                                                        "Parallel Aware": false,
                                                        "Startup Cost": 1000.0,
                                                        "Total Cost": 47261.39,
                                                        "Plan Rows": 1,
                                                        "Plan Width": 20,
                                                        "Actual Startup Time": 24.722,
                                                        "Actual Total Time": 162.234,
                                                        "Actual Rows": 1,
                                                        "Actual Loops": 1,
                                                        "Workers Planned": 4,
                                                        "Workers Launched": 3,
                                                        "Single Copy": false,
                                                        "Plans": [
                                                          {
                                                            "Node Type": "Seq Scan",
                                                            "Parent Relationship": "Outer",
                                                            "Parallel Aware": true,
                                                            "Relation Name": "char_name",
                                                            "Alias": "chn",
                                                            "Startup Cost": 0.0,
                                                            "Total Cost": 46261.29,
                                                            "Plan Rows": 1,
                                                            "Plan Width": 20,
                                                            "Actual Startup Time": 118.221,
                                                            "Actual Total Time": 152.519,
                                                            "Actual Rows": 0,
                                                            "Actual Loops": 4,
                                                            "Filter": "(name = 'Queen'::text)",
                                                            "Rows Removed by Filter": 785084
                                                          }
                                                        ]
                                                      }
                                                    ]
                                                  },
                                                  {
                                                    "Node Type": "Sort",
                                                    "Parent Relationship": "Inner",
                                                    "Parallel Aware": false,
                                                    "Startup Cost": 826050.93,
                                                    "Total Cost": 831277.7,
                                                    "Plan Rows": 2090709,
                                                    "Plan Width": 20,
                                                    "Actual Startup Time": 4593.982,
                                                    "Actual Total Time": 4669.792,
                                                    "Actual Rows": 613616,
                                                    "Actual Loops": 1,
                                                    "Sort Key": [
                                                      "ci.person_role_id"
                                                    ],
                                                    "Sort Method": "quicksort",
                                                    "Sort Space Used": 185186,
                                                    "Sort Space Type": "Memory",
                                                    "Plans": [
                                                      {
                                                        "Node Type": "Merge Join",
                                                        "Parent Relationship": "Outer",
                                                        "Parallel Aware": false,
                                                        "Join Type": "Inner",
                                                        "Startup Cost": 511387.74,
                                                        "Total Cost": 606572.89,
                                                        "Plan Rows": 2090709,
                                                        "Plan Width": 20,
                                                        "Actual Startup Time": 3545.94,
                                                        "Actual Total Time": 4160.21,
                                                        "Actual Rows": 1770893,
                                                        "Actual Loops": 1,
                                                        "Inner Unique": false,
                                                        "Merge Cond": "(an.person_id = ci.person_id)",
                                                        "Plans": [
                                                          {
                                                            "Node Type": "Index Only Scan",
                                                            "Parent Relationship": "Outer",
                                                            "Parallel Aware": false,
                                                            "Scan Direction": "Forward",
                                                            "Index Name": "person_id_aka_name",
                                                            "Relation Name": "aka_name",
                                                            "Alias": "an",
                                                            "Startup Cost": 0.42,
                                                            "Total Cost": 72027.93,
                                                            "Plan Rows": 901343,
                                                            "Plan Width": 4,
                                                            "Actual Startup Time": 0.052,
                                                            "Actual Total Time": 280.143,
                                                            "Actual Rows": 766497,
                                                            "Actual Loops": 1,
                                                            "Heap Fetches": 766497
                                                          },
                                                          {
                                                            "Node Type": "Sort",
                                                            "Parent Relationship": "Inner",
                                                            "Parallel Aware": false,
                                                            "Startup Cost": 511386.84,
                                                            "Total Cost": 513583.46,
                                                            "Plan Rows": 878648,
                                                            "Plan Width": 16,
                                                            "Actual Startup Time": 3545.877,
                                                            "Actual Total Time": 3622.509,
                                                            "Actual Rows": 2083010,
                                                            "Actual Loops": 1,
                                                            "Sort Key": [
                                                              "ci.person_id"
                                                            ],
                                                            "Sort Method": "quicksort",
                                                            "Sort Space Used": 63797,
                                                            "Sort Space Type": "Memory",
                                                            "Plans": [
                                                              {
                                                                "Node Type": "Gather",
                                                                "Parent Relationship": "Outer",
                                                                "Parallel Aware": false,
                                                                "Startup Cost": 1000.0,
                                                                "Total Cost": 424642.65,
                                                                "Plan Rows": 878648,
                                                                "Plan Width": 16,
                                                                "Actual Startup Time": 0.472,
                                                                "Actual Total Time": 3369.916,
                                                                "Actual Rows": 836701,
                                                                "Actual Loops": 1,
                                                                "Workers Planned": 6,
                                                                "Workers Launched": 0,
                                                                "Single Copy": false,
                                                                "Plans": [
                                                                  {
                                                                    "Node Type": "Seq Scan",
                                                                    "Parent Relationship": "Outer",
                                                                    "Parallel Aware": true,
                                                                    "Relation Name": "cast_info",
                                                                    "Alias": "ci",
                                                                    "Startup Cost": 0.0,
                                                                    "Total Cost": 335777.85,
                                                                    "Plan Rows": 146441,
                                                                    "Plan Width": 16,
                                                                    "Actual Startup Time": 0.012,
                                                                    "Actual Total Time": 3318.665,
                                                                    "Actual Rows": 836701,
                                                                    "Actual Loops": 1,
                                                                    "Filter": "(note = ANY ('{(voice),\"(voice) (uncredited)\",\"(voice: English version)\"}'::text[]))",
                                                                    "Rows Removed by Filter": 35407643
                                                                  }
                                                                ]
                                                              }
                                                            ]
                                                          }
                                                        ]
                                                      }
                                                    ]
                                                  }
                                                ]
                                              }
                                            ]
                                          }
                                        ]
                                      }
                                    ]
                                  }
                                ]
                              }
                            ]
                          },
                          {
                            "Node Type": "Sort",
                            "Parent Relationship": "Inner",
                            "Parallel Aware": false,
                            "Startup Cost": 1204276.01,
                            "Total Cost": 1204276.02,
                            "Plan Rows": 3,
                            "Plan Width": 8,
                            "Actual Startup Time": 3371.149,
                            "Actual Total Time": 3371.171,
                            "Actual Rows": 359,
                            "Actual Loops": 1,
                            "Sort Key": [
                              "cc.movie_id"
                            ],
                            "Sort Method": "quicksort",
                            "Sort Space Used": 26,
                            "Sort Space Type": "Memory",
                            "Plans": [
                              {
                                "Node Type": "Merge Join",
                                "Parent Relationship": "Outer",
                                "Parallel Aware": false,
                                "Join Type": "Inner",
                                "Startup Cost": 1204275.89,
                                "Total Cost": 1204275.99,
                                "Plan Rows": 3,
                                "Plan Width": 8,
                                "Actual Startup Time": 3371.121,
                                "Actual Total Time": 3371.136,
                                "Actual Rows": 23,
                                "Actual Loops": 1,
                                "Inner Unique": false,
                                "Merge Cond": "(cct2.id = cc.status_id)",
                                "Plans": [
                                  {
                                    "Node Type": "Sort",
                                    "Parent Relationship": "Outer",
                                    "Parallel Aware": false,
                                    "Startup Cost": 1.06,
                                    "Total Cost": 1.06,
                                    "Plan Rows": 1,
                                    "Plan Width": 4,
                                    "Actual Startup Time": 0.032,
                                    "Actual Total Time": 0.034,
                                    "Actual Rows": 1,
                                    "Actual Loops": 1,
                                    "Sort Key": [
                                      "cct2.id"
                                    ],
                                    "Sort Method": "quicksort",
                                    "Sort Space Used": 25,
                                    "Sort Space Type": "Memory",
                                    "Plans": [
                                      {
                                        "Node Type": "Seq Scan",
                                        "Parent Relationship": "Outer",
                                        "Parallel Aware": false,
                                        "Relation Name": "comp_cast_type",
                                        "Alias": "cct2",
                                        "Startup Cost": 0.0,
                                        "Total Cost": 1.05,
                                        "Plan Rows": 1,
                                        "Plan Width": 4,
                                        "Actual Startup Time": 0.016,
                                        "Actual Total Time": 0.017,
                                        "Actual Rows": 1,
                                        "Actual Loops": 1,
                                        "Filter": "((kind)::text = 'complete+verified'::text)",
                                        "Rows Removed by Filter": 3
                                      }
                                    ]
                                  },
                                  {
                                    "Node Type": "Sort",
                                    "Parent Relationship": "Inner",
                                    "Parallel Aware": false,
                                    "Startup Cost": 1204274.83,
                                    "Total Cost": 1204274.86,
                                    "Plan Rows": 12,
                                    "Plan Width": 12,
                                    "Actual Startup Time": 3371.082,
                                    "Actual Total Time": 3371.092,
                                    "Actual Rows": 74,
                                    "Actual Loops": 1,
                                    "Sort Key": [
                                      "cc.status_id"
                                    ],
                                    "Sort Method": "quicksort",
                                    "Sort Space Used": 28,
                                    "Sort Space Type": "Memory",
                                    "Plans": [
                                      {
                                        "Node Type": "Merge Join",
                                        "Parent Relationship": "Outer",
                                        "Parallel Aware": false,
                                        "Join Type": "Inner",
                                        "Startup Cost": 1196468.03,
                                        "Total Cost": 1204274.62,
                                        "Plan Rows": 12,
                                        "Plan Width": 12,
                                        "Actual Startup Time": 3371.016,
                                        "Actual Total Time": 3371.048,
                                        "Actual Rows": 74,
                                        "Actual Loops": 1,
                                        "Inner Unique": false,
                                        "Merge Cond": "(k.id = mk.keyword_id)",
                                        "Plans": [
                                          {
                                            "Node Type": "Sort",
                                            "Parent Relationship": "Outer",
                                            "Parallel Aware": false,
                                            "Startup Cost": 2626.14,
                                            "Total Cost": 2626.14,
                                            "Plan Rows": 1,
                                            "Plan Width": 4,
                                            "Actual Startup Time": 15.856,
                                            "Actual Total Time": 15.858,
                                            "Actual Rows": 1,
                                            "Actual Loops": 1,
                                            "Sort Key": [
                                              "k.id"
                                            ],
                                            "Sort Method": "quicksort",
                                            "Sort Space Used": 25,
                                            "Sort Space Type": "Memory",
                                            "Plans": [
                                              {
                                                "Node Type": "Seq Scan",
                                                "Parent Relationship": "Outer",
                                                "Parallel Aware": false,
                                                "Relation Name": "keyword",
                                                "Alias": "k",
                                                "Startup Cost": 0.0,
                                                "Total Cost": 2626.12,
                                                "Plan Rows": 1,
                                                "Plan Width": 4,
                                                "Actual Startup Time": 0.059,
                                                "Actual Total Time": 15.835,
                                                "Actual Rows": 1,
                                                "Actual Loops": 1,
                                                "Filter": "(keyword = 'computer-animation'::text)",
                                                "Rows Removed by Filter": 134169
                                              }
                                            ]
                                          },
                                          {
                                            "Node Type": "Sort",
                                            "Parent Relationship": "Inner",
                                            "Parallel Aware": false,
                                            "Startup Cost": 1193814.17,
                                            "Total Cost": 1197731.26,
                                            "Plan Rows": 1566836,
                                            "Plan Width": 16,
                                            "Actual Startup Time": 3136.782,
                                            "Actual Total Time": 3275.036,
                                            "Actual Rows": 826522,
                                            "Actual Loops": 1,
                                            "Sort Key": [
                                              "mk.keyword_id"
                                            ],
                                            "Sort Method": "quicksort",
                                            "Sort Space Used": 116495,
                                            "Sort Space Type": "Memory",
                                            "Plans": [
                                              {
                                                "Node Type": "Merge Join",
                                                "Parent Relationship": "Outer",
                                                "Parallel Aware": false,
                                                "Join Type": "Inner",
                                                "Startup Cost": 985586.88,
                                                "Total Cost": 1032591.27,
                                                "Plan Rows": 1566836,
                                                "Plan Width": 16,
                                                "Actual Startup Time": 2594.747,
                                                "Actual Total Time": 2809.69,
                                                "Actual Rows": 1436647,
                                                "Actual Loops": 1,
                                                "Inner Unique": false,
                                                "Merge Cond": "(cct1.id = cc.subject_id)",
                                                "Plans": [
                                                  {
                                                    "Node Type": "Sort",
                                                    "Parent Relationship": "Outer",
                                                    "Parallel Aware": false,
                                                    "Startup Cost": 1.06,
                                                    "Total Cost": 1.06,
                                                    "Plan Rows": 1,
                                                    "Plan Width": 4,
                                                    "Actual Startup Time": 0.028,
                                                    "Actual Total Time": 0.03,
                                                    "Actual Rows": 1,
                                                    "Actual Loops": 1,
                                                    "Sort Key": [
                                                      "cct1.id"
                                                    ],
                                                    "Sort Method": "quicksort",
                                                    "Sort Space Used": 25,
                                                    "Sort Space Type": "Memory",
                                                    "Plans": [
                                                      {
                                                        "Node Type": "Seq Scan",
                                                        "Parent Relationship": "Outer",
                                                        "Parallel Aware": false,
                                                        "Relation Name": "comp_cast_type",
                                                        "Alias": "cct1",
                                                        "Startup Cost": 0.0,
                                                        "Total Cost": 1.05,
                                                        "Plan Rows": 1,
                                                        "Plan Width": 4,
                                                        "Actual Startup Time": 0.012,
                                                        "Actual Total Time": 0.012,
                                                        "Actual Rows": 1,
                                                        "Actual Loops": 1,
                                                        "Filter": "((kind)::text = 'cast'::text)",
                                                        "Rows Removed by Filter": 3
                                                      }
                                                    ]
                                                  },
                                                  {
                                                    "Node Type": "Sort",
                                                    "Parent Relationship": "Inner",
                                                    "Parallel Aware": false,
                                                    "Startup Cost": 985585.82,
                                                    "Total Cost": 1001253.95,
                                                    "Plan Rows": 6267251,
                                                    "Plan Width": 20,
                                                    "Actual Startup Time": 2594.709,
                                                    "Actual Total Time": 2649.22,
                                                    "Actual Rows": 1436648,
                                                    "Actual Loops": 1,
                                                    "Sort Key": [
                                                      "cc.subject_id"
                                                    ],
                                                    "Sort Method": "quicksort",
                                                    "Sort Space Used": 267943,
                                                    "Sort Space Type": "Memory",
                                                    "Plans": [
                                                      {
                                                        "Node Type": "Merge Join",
                                                        "Parent Relationship": "Outer",
                                                        "Parallel Aware": false,
                                                        "Join Type": "Inner",
                                                        "Startup Cost": 6.82,
                                                        "Total Cost": 278031.94,
                                                        "Plan Rows": 6267251,
                                                        "Plan Width": 20,
                                                        "Actual Startup Time": 0.222,
                                                        "Actual Total Time": 2096.816,
                                                        "Actual Rows": 2171367,
                                                        "Actual Loops": 1,
                                                        "Inner Unique": false,
                                                        "Merge Cond": "(cc.movie_id = mk.movie_id)",
                                                        "Plans": [
                                                          {
                                                            "Node Type": "Index Scan",
                                                            "Parent Relationship": "Outer",
                                                            "Parallel Aware": false,
                                                            "Scan Direction": "Forward",
                                                            "Index Name": "movie_id_complete_cast",
                                                            "Relation Name": "complete_cast",
                                                            "Alias": "cc",
                                                            "Startup Cost": 0.42,
                                                            "Total Cost": 6650.11,
                                                            "Plan Rows": 135086,
                                                            "Plan Width": 12,
                                                            "Actual Startup Time": 0.032,
                                                            "Actual Total Time": 76.585,
                                                            "Actual Rows": 132440,
                                                            "Actual Loops": 1
                                                          },
                                                          {
                                                            "Node Type": "Materialize",
                                                            "Parent Relationship": "Inner",
                                                            "Parallel Aware": false,
                                                            "Startup Cost": 0.43,
                                                            "Total Cost": 188458.3,
                                                            "Plan Rows": 4523930,
                                                            "Plan Width": 8,
                                                            "Actual Startup Time": 0.047,
                                                            "Actual Total Time": 1388.072,
                                                            "Actual Rows": 5218744,
                                                            "Actual Loops": 1,
                                                            "Plans": [
                                                              {
                                                                "Node Type": "Index Scan",
                                                                "Parent Relationship": "Outer",
                                                                "Parallel Aware": false,
                                                                "Scan Direction": "Forward",
                                                                "Index Name": "movie_id_movie_keyword",
                                                                "Relation Name": "movie_keyword",
                                                                "Alias": "mk",
                                                                "Startup Cost": 0.43,
                                                                "Total Cost": 177148.48,
                                                                "Plan Rows": 4523930,
                                                                "Plan Width": 8,
                                                                "Actual Startup Time": 0.029,
                                                                "Actual Total Time": 829.299,
                                                                "Actual Rows": 4523930,
                                                                "Actual Loops": 1
                                                              }
                                                            ]
                                                          }
                                                        ]
                                                      }
                                                    ]
                                                  }
                                                ]
                                              }
                                            ]
                                          }
                                        ]
                                      }
                                    ]
                                  }
                                ]
                              }
                            ]
                          }
                        ]
                      }
                    ]
                  }
                ]
              }
            ]
          },
          {
            "Node Type": "Sort",
            "Parent Relationship": "Inner",
            "Parallel Aware": false,
            "Startup Cost": 1.16,
            "Total Cost": 1.16,
            "Plan Rows": 1,
            "Plan Width": 4,
            "Actual Startup Time": 0.033,
            "Actual Total Time": 0.033,
            "Actual Rows": 1,
            "Actual Loops": 1,
            "Sort Key": [
              "rt.id"
            ],
            "Sort Method": "quicksort",
            "Sort Space Used": 25,
            "Sort Space Type": "Memory",
            "Plans": [
              {
                "Node Type": "Seq Scan",
                "Parent Relationship": "Outer",
                "Parallel Aware": false,
                "Relation Name": "role_type",
                "Alias": "rt",
                "Startup Cost": 0.0,
                "Total Cost": 1.15,
                "Plan Rows": 1,
                "Plan Width": 4,
                "Actual Startup Time": 0.023,
                "Actual Total Time": 0.024,
                "Actual Rows": 1,
                "Actual Loops": 1,
                "Filter": "((role)::text = 'actress'::text)",
                "Rows Removed by Filter": 11
              }
            ]
          }
        ]
      }
    ]
  },
  "Planning Time": 3282.129,
  "Triggers": [],
  "Execution Time": 13673.963
}