[
    {
        "Bao": {
            "Bao prediction": "NaN",
            "Bao recommended hint": "(no hint)"
        }
    },
    {
        "Plan": {
            "Node Type": "Aggregate",
            "Strategy": "Plain",
            "Partial Mode": "Finalize",
            "Parallel Aware": false,
            "Startup Cost": 71298.39,
            "Total Cost": 71298.4,
            "Plan Rows": 1,
            "Plan Width": 8,
            "Actual Startup Time": 208.434,
            "Actual Total Time": 216.896,
            "Actual Rows": 1,
            "Actual Loops": 1,
            "Output": [
                "count(*)"
            ],
            "Plans": [
                {
                    "Node Type": "Gather",
                    "Parent Relationship": "Outer",
                    "Parallel Aware": false,
                    "Startup Cost": 71297.97,
                    "Total Cost": 71298.38,
                    "Plan Rows": 4,
                    "Plan Width": 8,
                    "Actual Startup Time": 207.624,
                    "Actual Total Time": 216.887,
                    "Actual Rows": 5,
                    "Actual Loops": 1,
                    "Output": [
                        "(PARTIAL count(*))"
                    ],
                    "Workers Planned": 4,
                    "Workers Launched": 4,
                    "Single Copy": false,
                    "Plans": [
                        {
                            "Node Type": "Aggregate",
                            "Strategy": "Plain",
                            "Partial Mode": "Partial",
                            "Parent Relationship": "Outer",
                            "Parallel Aware": false,
                            "Startup Cost": 70297.97,
                            "Total Cost": 70297.98,
                            "Plan Rows": 1,
                            "Plan Width": 8,
                            "Actual Startup Time": 198.069,
                            "Actual Total Time": 198.072,
                            "Actual Rows": 1,
                            "Actual Loops": 5,
                            "Output": [
                                "PARTIAL count(*)"
                            ],
                            "Workers": [
                                {
                                    "Worker Number": 0,
                                    "Actual Startup Time": 195.352,
                                    "Actual Total Time": 195.356,
                                    "Actual Rows": 1,
                                    "Actual Loops": 1
                                },
                                {
                                    "Worker Number": 1,
                                    "Actual Startup Time": 195.904,
                                    "Actual Total Time": 195.906,
                                    "Actual Rows": 1,
                                    "Actual Loops": 1
                                },
                                {
                                    "Worker Number": 2,
                                    "Actual Startup Time": 195.897,
                                    "Actual Total Time": 195.9,
                                    "Actual Rows": 1,
                                    "Actual Loops": 1
                                },
                                {
                                    "Worker Number": 3,
                                    "Actual Startup Time": 195.902,
                                    "Actual Total Time": 195.905,
                                    "Actual Rows": 1,
                                    "Actual Loops": 1
                                }
                            ],
                            "Plans": [
                                {
                                    "Node Type": "Hash Join",
                                    "Parent Relationship": "Outer",
                                    "Parallel Aware": true,
                                    "Join Type": "Inner",
                                    "Startup Cost": 24541.84,
                                    "Total Cost": 70177.06,
                                    "Plan Rows": 48364,
                                    "Plan Width": 0,
                                    "Actual Startup Time": 55.553,
                                    "Actual Total Time": 195.973,
                                    "Actual Rows": 38408,
                                    "Actual Loops": 5,
                                    "Inner Unique": false,
                                    "Hash Cond": "(t.id = mc.movie_id)",
                                    "Workers": [
                                        {
                                            "Worker Number": 0,
                                            "Actual Startup Time": 52.67,
                                            "Actual Total Time": 193.317,
                                            "Actual Rows": 22421,
                                            "Actual Loops": 1
                                        },
                                        {
                                            "Worker Number": 1,
                                            "Actual Startup Time": 53.441,
                                            "Actual Total Time": 193.829,
                                            "Actual Rows": 39330,
                                            "Actual Loops": 1
                                        },
                                        {
                                            "Worker Number": 2,
                                            "Actual Startup Time": 53.414,
                                            "Actual Total Time": 193.792,
                                            "Actual Rows": 39690,
                                            "Actual Loops": 1
                                        },
                                        {
                                            "Worker Number": 3,
                                            "Actual Startup Time": 53.446,
                                            "Actual Total Time": 193.801,
                                            "Actual Rows": 40003,
                                            "Actual Loops": 1
                                        }
                                    ],
                                    "Plans": [
                                        {
                                            "Node Type": "Seq Scan",
                                            "Parent Relationship": "Outer",
                                            "Parallel Aware": true,
                                            "Relation Name": "title",
                                            "Schema": "public",
                                            "Alias": "t",
                                            "Startup Cost": 0.0,
                                            "Total Cost": 42318.81,
                                            "Plan Rows": 632080,
                                            "Plan Width": 4,
                                            "Actual Startup Time": 0.007,
                                            "Actual Total Time": 59.826,
                                            "Actual Rows": 505662,
                                            "Actual Loops": 5,
                                            "Output": [
                                                "t.id",
                                                "t.title",
                                                "t.imdb_index",
                                                "t.kind_id",
                                                "t.production_year",
                                                "t.imdb_id",
                                                "t.phonetic_code",
                                                "t.episode_of_id",
                                                "t.season_nr",
                                                "t.episode_nr",
                                                "t.series_years",
                                                "t.md5sum"
                                            ],
                                            "Workers": [
                                                {
                                                    "Worker Number": 0,
                                                    "Actual Startup Time": 0.008,
                                                    "Actual Total Time": 60.784,
                                                    "Actual Rows": 294715,
                                                    "Actual Loops": 1
                                                },
                                                {
                                                    "Worker Number": 1,
                                                    "Actual Startup Time": 0.007,
                                                    "Actual Total Time": 61.286,
                                                    "Actual Rows": 520735,
                                                    "Actual Loops": 1
                                                },
                                                {
                                                    "Worker Number": 2,
                                                    "Actual Startup Time": 0.008,
                                                    "Actual Total Time": 61.0,
                                                    "Actual Rows": 519458,
                                                    "Actual Loops": 1
                                                },
                                                {
                                                    "Worker Number": 3,
                                                    "Actual Startup Time": 0.007,
                                                    "Actual Total Time": 61.455,
                                                    "Actual Rows": 524918,
                                                    "Actual Loops": 1
                                                }
                                            ]
                                        },
                                        {
                                            "Node Type": "Hash",
                                            "Parent Relationship": "Inner",
                                            "Parallel Aware": true,
                                            "Startup Cost": 23761.78,
                                            "Total Cost": 23761.78,
                                            "Plan Rows": 62405,
                                            "Plan Width": 4,
                                            "Actual Startup Time": 54.25,
                                            "Actual Total Time": 54.252,
                                            "Actual Rows": 38408,
                                            "Actual Loops": 5,
                                            "Output": [
                                                "mc.movie_id"
                                            ],
                                            "Hash Buckets": 262144,
                                            "Original Hash Buckets": 262144,
                                            "Hash Batches": 1,
                                            "Original Hash Batches": 1,
                                            "Peak Memory Usage": 9664,
                                            "Workers": [
                                                {
                                                    "Worker Number": 0,
                                                    "Actual Startup Time": 52.239,
                                                    "Actual Total Time": 52.241,
                                                    "Actual Rows": 20556,
                                                    "Actual Loops": 1
                                                },
                                                {
                                                    "Worker Number": 1,
                                                    "Actual Startup Time": 53.008,
                                                    "Actual Total Time": 53.009,
                                                    "Actual Rows": 25389,
                                                    "Actual Loops": 1
                                                },
                                                {
                                                    "Worker Number": 2,
                                                    "Actual Startup Time": 52.903,
                                                    "Actual Total Time": 52.904,
                                                    "Actual Rows": 25130,
                                                    "Actual Loops": 1
                                                },
                                                {
                                                    "Worker Number": 3,
                                                    "Actual Startup Time": 52.902,
                                                    "Actual Total Time": 52.903,
                                                    "Actual Rows": 25403,
                                                    "Actual Loops": 1
                                                }
                                            ],
                                            "Plans": [
                                                {
                                                    "Node Type": "Bitmap Heap Scan",
                                                    "Parent Relationship": "Outer",
                                                    "Parallel Aware": true,
                                                    "Relation Name": "movie_companies",
                                                    "Schema": "public",
                                                    "Alias": "mc",
                                                    "Startup Cost": 4191.71,
                                                    "Total Cost": 23761.78,
                                                    "Plan Rows": 62405,
                                                    "Plan Width": 4,
                                                    "Actual Startup Time": 8.04,
                                                    "Actual Total Time": 39.632,
                                                    "Actual Rows": 38408,
                                                    "Actual Loops": 5,
                                                    "Output": [
                                                        "mc.movie_id"
                                                    ],
                                                    "Recheck Cond": "(mc.company_id < 52)",
                                                    "Rows Removed by Index Recheck": 0,
                                                    "Exact Heap Blocks": 7481,
                                                    "Lossy Heap Blocks": 0,
                                                    "Workers": [
                                                        {
                                                            "Worker Number": 0,
                                                            "Actual Startup Time": 5.973,
                                                            "Actual Total Time": 38.831,
                                                            "Actual Rows": 20556,
                                                            "Actual Loops": 1
                                                        },
                                                        {
                                                            "Worker Number": 1,
                                                            "Actual Startup Time": 6.979,
                                                            "Actual Total Time": 39.502,
                                                            "Actual Rows": 25389,
                                                            "Actual Loops": 1
                                                        },
                                                        {
                                                            "Worker Number": 2,
                                                            "Actual Startup Time": 6.708,
                                                            "Actual Total Time": 39.011,
                                                            "Actual Rows": 25130,
                                                            "Actual Loops": 1
                                                        },
                                                        {
                                                            "Worker Number": 3,
                                                            "Actual Startup Time": 6.704,
                                                            "Actual Total Time": 39.587,
                                                            "Actual Rows": 25403,
                                                            "Actual Loops": 1
                                                        }
                                                    ],
                                                    "Plans": [
                                                        {
                                                            "Node Type": "Bitmap Index Scan",
                                                            "Parent Relationship": "Outer",
                                                            "Parallel Aware": false,
                                                            "Index Name": "company_id_movie_companies",
                                                            "Startup Cost": 0.0,
                                                            "Total Cost": 4143.35,
                                                            "Plan Rows": 193456,
                                                            "Plan Width": 0,
                                                            "Actual Startup Time": 11.005,
                                                            "Actual Total Time": 11.005,
                                                            "Actual Rows": 192038,
                                                            "Actual Loops": 1,
                                                            "Index Cond": "(mc.company_id < 52)"
                                                        }
                                                    ]
                                                }
                                            ]
                                        }
                                    ]
                                }
                            ]
                        }
                    ]
                }
            ]
        },
        "Planning Time": 188.782,
        "Triggers": [],
        "Execution Time": 216.957
    }
]