[
    {
        "Bao": {
            "Bao prediction": "NaN",
            "Bao recommended hint": "(no hint)"
        }
    },
    {
        "Plan": {
            "Node Type": "Aggregate",
            "Strategy": "Plain",
            "Partial Mode": "Simple",
            "Parallel Aware": false,
            "Startup Cost": 1736.36,
            "Total Cost": 1736.37,
            "Plan Rows": 1,
            "Plan Width": 8,
            "Actual Startup Time": 2.601,
            "Actual Total Time": 2.603,
            "Actual Rows": 1,
            "Actual Loops": 1,
            "Output": [
                "count(*)"
            ],
            "Plans": [
                {
                    "Node Type": "Nested Loop",
                    "Parent Relationship": "Outer",
                    "Parallel Aware": false,
                    "Join Type": "Inner",
                    "Startup Cost": 1.42,
                    "Total Cost": 1736.35,
                    "Plan Rows": 1,
                    "Plan Width": 0,
                    "Actual Startup Time": 0.865,
                    "Actual Total Time": 2.598,
                    "Actual Rows": 3,
                    "Actual Loops": 1,
                    "Inner Unique": false,
                    "Plans": [
                        {
                            "Node Type": "Nested Loop",
                            "Parent Relationship": "Outer",
                            "Parallel Aware": false,
                            "Join Type": "Inner",
                            "Startup Cost": 0.86,
                            "Total Cost": 1656.38,
                            "Plan Rows": 2,
                            "Plan Width": 8,
                            "Actual Startup Time": 0.339,
                            "Actual Total Time": 1.394,
                            "Actual Rows": 5,
                            "Actual Loops": 1,
                            "Output": [
                                "t.id",
                                "mi_idx.movie_id"
                            ],
                            "Inner Unique": true,
                            "Plans": [
                                {
                                    "Node Type": "Index Scan",
                                    "Parent Relationship": "Outer",
                                    "Parallel Aware": false,
                                    "Scan Direction": "Forward",
                                    "Index Name": "info_type_id_movie_info_idx",
                                    "Relation Name": "movie_info_idx",
                                    "Schema": "public",
                                    "Alias": "mi_idx",
                                    "Startup Cost": 0.43,
                                    "Total Cost": 493.93,
                                    "Plan Rows": 138,
                                    "Plan Width": 4,
                                    "Actual Startup Time": 0.024,
                                    "Actual Total Time": 0.067,
                                    "Actual Rows": 260,
                                    "Actual Loops": 1,
                                    "Output": [
                                        "mi_idx.id",
                                        "mi_idx.movie_id",
                                        "mi_idx.info_type_id",
                                        "mi_idx.info",
                                        "mi_idx.note"
                                    ],
                                    "Index Cond": "(mi_idx.info_type_id > 101)",
                                    "Rows Removed by Index Recheck": 0
                                },
                                {
                                    "Node Type": "Index Scan",
                                    "Parent Relationship": "Inner",
                                    "Parallel Aware": false,
                                    "Scan Direction": "Forward",
                                    "Index Name": "title_pkey",
                                    "Relation Name": "title",
                                    "Schema": "public",
                                    "Alias": "t",
                                    "Startup Cost": 0.43,
                                    "Total Cost": 8.42,
                                    "Plan Rows": 1,
                                    "Plan Width": 4,
                                    "Actual Startup Time": 0.005,
                                    "Actual Total Time": 0.005,
                                    "Actual Rows": 0,
                                    "Actual Loops": 260,
                                    "Output": [
                                        "t.id",
                                        "t.title",
                                        "t.imdb_index",
                                        "t.kind_id",
                                        "t.production_year",
                                        "t.imdb_id",
                                        "t.phonetic_code",
                                        "t.episode_of_id",
                                        "t.season_nr",
                                        "t.episode_nr",
                                        "t.series_years",
                                        "t.md5sum"
                                    ],
                                    "Index Cond": "(t.id = mi_idx.movie_id)",
                                    "Rows Removed by Index Recheck": 0,
                                    "Filter": "((t.kind_id = 1) AND (t.production_year = 2006))",
                                    "Rows Removed by Filter": 1
                                }
                            ]
                        },
                        {
                            "Node Type": "Index Scan",
                            "Parent Relationship": "Inner",
                            "Parallel Aware": false,
                            "Scan Direction": "Forward",
                            "Index Name": "movie_id_cast_info",
                            "Relation Name": "cast_info",
                            "Schema": "public",
                            "Alias": "ci",
                            "Startup Cost": 0.56,
                            "Total Cost": 39.98,
                            "Plan Rows": 1,
                            "Plan Width": 4,
                            "Actual Startup Time": 0.24,
                            "Actual Total Time": 0.24,
                            "Actual Rows": 1,
                            "Actual Loops": 5,
                            "Output": [
                                "ci.id",
                                "ci.person_id",
                                "ci.movie_id",
                                "ci.person_role_id",
                                "ci.note",
                                "ci.nr_order",
                                "ci.role_id"
                            ],
                            "Index Cond": "(ci.movie_id = t.id)",
                            "Rows Removed by Index Recheck": 0,
                            "Filter": "((ci.person_id < 3082373) AND (ci.role_id > 10))",
                            "Rows Removed by Filter": 150
                        }
                    ]
                }
            ]
        },
        "Planning Time": 199.412,
        "Triggers": [],
        "Execution Time": 2.655
    }
]