[
  {
    "Plan": {
      "Node Type": "Aggregate",
      "Strategy": "Plain",
      "Partial Mode": "Finalize",
      "Parallel Aware": false,
      "Startup Cost": 46569.1,
      "Total Cost": 46569.11,
      "Plan Rows": 1,
      "Plan Width": 8,
      "Actual Startup Time": 108.725,
      "Actual Total Time": 121.832,
      "Actual Rows": 1,
      "Actual Loops": 1,
      "Plans": [
        {
          "Node Type": "Gather",
          "Parent Relationship": "Outer",
          "Parallel Aware": false,
          "Startup Cost": 46568.68,
          "Total Cost": 46569.09,
          "Plan Rows": 4,
          "Plan Width": 8,
          "Actual Startup Time": 108.545,
          "Actual Total Time": 121.817,
          "Actual Rows": 5,
          "Actual Loops": 1,
          "Workers Planned": 4,
          "Workers Launched": 4,
          "Single Copy": false,
          "Plans": [
            {
              "Node Type": "Aggregate",
              "Strategy": "Plain",
              "Partial Mode": "Partial",
              "Parent Relationship": "Outer",
              "Parallel Aware": false,
              "Startup Cost": 45568.68,
              "Total Cost": 45568.69,
              "Plan Rows": 1,
              "Plan Width": 8,
              "Actual Startup Time": 101.317,
              "Actual Total Time": 101.318,
              "Actual Rows": 1,
              "Actual Loops": 5,
              "Plans": [
                {
                  "Node Type": "Seq Scan",
                  "Parent Relationship": "Outer",
                  "Parallel Aware": true,
                  "Relation Name": "title",
                  "Alias": "t",
                  "Startup Cost": 0.0,
                  "Total Cost": 45479.59,
                  "Plan Rows": 35638,
                  "Plan Width": 0,
                  "Actual Startup Time": 0.12,
                  "Actual Total Time": 98.246,
                  "Actual Rows": 50375,
                  "Actual Loops": 5,
                  "Filter": "((kind_id < 7) AND (production_year < 1971))",
                  "Rows Removed by Filter": 455287
                }
              ]
            }
          ]
        }
      ]
    },
    "Planning Time": 0.201,
    "Triggers": [],
    "Execution Time": 121.895
  }
]