[
  {
    "Plan": {
      "Node Type": "Aggregate",
      "Strategy": "Plain",
      "Partial Mode": "Finalize",
      "Parallel Aware": false,
      "Startup Cost": 44289.67,
      "Total Cost": 44289.68,
      "Plan Rows": 1,
      "Plan Width": 8,
      "Actual Startup Time": 125.432,
      "Actual Total Time": 134.703,
      "Actual Rows": 1,
      "Actual Loops": 1,
      "Plans": [
        {
          "Node Type": "Gather",
          "Parent Relationship": "Outer",
          "Parallel Aware": false,
          "Startup Cost": 44289.35,
          "Total Cost": 44289.66,
          "Plan Rows": 3,
          "Plan Width": 8,
          "Actual Startup Time": 125.342,
          "Actual Total Time": 134.696,
          "Actual Rows": 4,
          "Actual Loops": 1,
          "Workers Planned": 3,
          "Workers Launched": 3,
          "Single Copy": false,
          "Plans": [
            {
              "Node Type": "Aggregate",
              "Strategy": "Plain",
              "Partial Mode": "Partial",
              "Parent Relationship": "Outer",
              "Parallel Aware": false,
              "Startup Cost": 43289.35,
              "Total Cost": 43289.36,
              "Plan Rows": 1,
              "Plan Width": 8,
              "Actual Startup Time": 117.823,
              "Actual Total Time": 117.824,
              "Actual Rows": 1,
              "Actual Loops": 4,
              "Plans": [
                {
                  "Node Type": "Seq Scan",
                  "Parent Relationship": "Outer",
                  "Parallel Aware": true,
                  "Relation Name": "movie_keyword",
                  "Alias": "mk",
                  "Startup Cost": 0.0,
                  "Total Cost": 42695.65,
                  "Plan Rows": 237480,
                  "Plan Width": 0,
                  "Actual Startup Time": 0.069,
                  "Actual Total Time": 107.952,
                  "Actual Rows": 186189,
                  "Actual Loops": 4,
                  "Filter": "(keyword_id < 679)",
                  "Rows Removed by Filter": 944793
                }
              ]
            }
          ]
        }
      ]
    },
    "Planning Time": 0.185,
    "Triggers": [],
    "Execution Time": 134.761
  }
]