{
  "Plan": {
    "Node Type": "Aggregate",
    "Strategy": "Plain",
    "Partial Mode": "Finalize",
    "Parallel Aware": false,
    "Startup Cost": 271062.88,
    "Total Cost": 271062.89,
    "Plan Rows": 1,
    "Plan Width": 8,
    "Actual Startup Time": 1693.232,
    "Actual Total Time": 1717.915,
    "Actual Rows": 1,
    "Actual Loops": 1,
    "Plans": [
      {
        "Node Type": "Gather",
        "Parent Relationship": "Outer",
        "Parallel Aware": false,
        "Startup Cost": 271062.77,
        "Total Cost": 271062.88,
        "Plan Rows": 1,
        "Plan Width": 8,
        "Actual Startup Time": 1690.826,
        "Actual Total Time": 1717.909,
        "Actual Rows": 2,
        "Actual Loops": 1,
        "Workers Planned": 1,
        "Workers Launched": 1,
        "Single Copy": false,
        "Plans": [
          {
            "Node Type": "Aggregate",
            "Strategy": "Plain",
            "Partial Mode": "Partial",
            "Parent Relationship": "Outer",
            "Parallel Aware": false,
            "Startup Cost": 270062.77,
            "Total Cost": 270062.78,
            "Plan Rows": 1,
            "Plan Width": 8,
            "Actual Startup Time": 1684.423,
            "Actual Total Time": 1684.427,
            "Actual Rows": 1,
            "Actual Loops": 2,
            "Plans": [
              {
                "Node Type": "Nested Loop",
                "Parent Relationship": "Outer",
                "Parallel Aware": false,
                "Join Type": "Inner",
                "Startup Cost": 86744.29,
                "Total Cost": 270008.9,
                "Plan Rows": 21547,
                "Plan Width": 0,
                "Actual Startup Time": 382.723,
                "Actual Total Time": 1680.347,
                "Actual Rows": 67122,
                "Actual Loops": 2,
                "Inner Unique": false,
                "Plans": [
                  {
                    "Node Type": "Merge Join",
                    "Parent Relationship": "Outer",
                    "Parallel Aware": false,
                    "Join Type": "Inner",
                    "Startup Cost": 86743.86,
                    "Total Cost": 195282.36,
                    "Plan Rows": 112081,
                    "Plan Width": 8,
                    "Actual Startup Time": 382.639,
                    "Actual Total Time": 1079.645,
                    "Actual Rows": 208019,
                    "Actual Loops": 2,
                    "Inner Unique": false,
                    "Merge Cond": "(t.id = mk.movie_id)",
                    "Plans": [
                      {
                        "Node Type": "Index Scan",
                        "Parent Relationship": "Outer",
                        "Parallel Aware": true,
                        "Scan Direction": "Forward",
                        "Index Name": "title_pkey",
                        "Relation Name": "title",
                        "Alias": "t",
                        "Startup Cost": 0.43,
                        "Total Cost": 103647.43,
                        "Plan Rows": 583193,
                        "Plan Width": 4,
                        "Actual Startup Time": 0.308,
                        "Actual Total Time": 737.681,
                        "Actual Rows": 491842,
                        "Actual Loops": 2,
                        "Filter": "(kind_id < 7)",
                        "Rows Removed by Filter": 771144
                      },
                      {
                        "Node Type": "Sort",
                        "Parent Relationship": "Inner",
                        "Parallel Aware": false,
                        "Startup Cost": 86731.89,
                        "Total Cost": 87946.64,
                        "Plan Rows": 485900,
                        "Plan Width": 4,
                        "Actual Startup Time": 245.255,
                        "Actual Total Time": 274.505,
                        "Actual Rows": 472915,
                        "Actual Loops": 2,
                        "Sort Key": [
                          "mk.movie_id"
                        ],
                        "Sort Method": "quicksort",
                        "Sort Space Used": 34456,
                        "Sort Space Type": "Memory",
                        "Workers": [
                          {
                            "Worker Number": 0,
                            "Sort Method": "quicksort",
                            "Sort Space Used": 34456,
                            "Sort Space Type": "Memory"
                          }
                        ],
                        "Plans": [
                          {
                            "Node Type": "Bitmap Heap Scan",
                            "Parent Relationship": "Outer",
                            "Parallel Aware": false,
                            "Relation Name": "movie_keyword",
                            "Alias": "mk",
                            "Startup Cost": 10310.16,
                            "Total Cost": 40837.91,
                            "Plan Rows": 485900,
                            "Plan Width": 4,
                            "Actual Startup Time": 49.095,
                            "Actual Total Time": 160.987,
                            "Actual Rows": 472915,
                            "Actual Loops": 2,
                            "Recheck Cond": "(keyword_id > 37697)",
                            "Rows Removed by Index Recheck": 0,
                            "Exact Heap Blocks": 22878,
                            "Lossy Heap Blocks": 0,
                            "Plans": [
                              {
                                "Node Type": "Bitmap Index Scan",
                                "Parent Relationship": "Outer",
                                "Parallel Aware": false,
                                "Index Name": "keyword_id_movie_keyword",
                                "Startup Cost": 0.0,
                                "Total Cost": 10188.68,
                                "Plan Rows": 485900,
                                "Plan Width": 0,
                                "Actual Startup Time": 46.15,
                                "Actual Total Time": 46.15,
                                "Actual Rows": 472915,
                                "Actual Loops": 2,
                                "Index Cond": "(keyword_id > 37697)"
                              }
                            ]
                          }
                        ]
                      }
                    ]
                  },
                  {
                    "Node Type": "Index Scan",
                    "Parent Relationship": "Inner",
                    "Parallel Aware": false,
                    "Scan Direction": "Forward",
                    "Index Name": "movie_id_movie_companies",
                    "Relation Name": "movie_companies",
                    "Alias": "mc",
                    "Startup Cost": 0.43,
                    "Total Cost": 0.66,
                    "Plan Rows": 1,
                    "Plan Width": 4,
                    "Actual Startup Time": 0.003,
                    "Actual Total Time": 0.003,
                    "Actual Rows": 0,
                    "Actual Loops": 416038,
                    "Index Cond": "(movie_id = t.id)",
                    "Rows Removed by Index Recheck": 0,
                    "Filter": "((company_id < 3853) AND (company_type_id = 2))",
                    "Rows Removed by Filter": 9
                  }
                ]
              }
            ]
          }
        ]
      }
    ]
  },
  "Planning Time": 1.118,
  "Triggers": [],
  "Execution Time": 1722.048
}