[
  {
    "Plan": {
      "Node Type": "Aggregate",
      "Strategy": "Plain",
      "Partial Mode": "Finalize",
      "Parallel Aware": false,
      "Startup Cost": 292219.99,
      "Total Cost": 292220.0,
      "Plan Rows": 1,
      "Plan Width": 8,
      "Actual Startup Time": 1282.768,
      "Actual Total Time": 1329.985,
      "Actual Rows": 1,
      "Actual Loops": 1,
      "Plans": [
        {
          "Node Type": "Gather",
          "Parent Relationship": "Outer",
          "Parallel Aware": false,
          "Startup Cost": 292219.47,
          "Total Cost": 292219.98,
          "Plan Rows": 5,
          "Plan Width": 8,
          "Actual Startup Time": 1271.56,
          "Actual Total Time": 1329.959,
          "Actual Rows": 6,
          "Actual Loops": 1,
          "Workers Planned": 5,
          "Workers Launched": 5,
          "Single Copy": false,
          "Plans": [
            {
              "Node Type": "Aggregate",
              "Strategy": "Plain",
              "Partial Mode": "Partial",
              "Parent Relationship": "Outer",
              "Parallel Aware": false,
              "Startup Cost": 291219.47,
              "Total Cost": 291219.48,
              "Plan Rows": 1,
              "Plan Width": 8,
              "Actual Startup Time": 1261.314,
              "Actual Total Time": 1261.483,
              "Actual Rows": 1,
              "Actual Loops": 6,
              "Plans": [
                {
                  "Node Type": "Hash Join",
                  "Parent Relationship": "Outer",
                  "Parallel Aware": true,
                  "Join Type": "Inner",
                  "Startup Cost": 85555.07,
                  "Total Cost": 290196.5,
                  "Plan Rows": 409188,
                  "Plan Width": 0,
                  "Actual Startup Time": 460.594,
                  "Actual Total Time": 1187.044,
                  "Actual Rows": 1419474,
                  "Actual Loops": 6,
                  "Inner Unique": false,
                  "Hash Cond": "(mi.movie_id = t.id)",
                  "Plans": [
                    {
                      "Node Type": "Seq Scan",
                      "Parent Relationship": "Outer",
                      "Parallel Aware": true,
                      "Relation Name": "movie_info",
                      "Alias": "mi",
                      "Startup Cost": 0.0,
                      "Total Cost": 198952.16,
                      "Plan Rows": 1165150,
                      "Plan Width": 4,
                      "Actual Startup Time": 0.021,
                      "Actual Total Time": 369.474,
                      "Actual Rows": 980827,
                      "Actual Loops": 6,
                      "Filter": "(info_type_id < 7)",
                      "Rows Removed by Filter": 1491793
                    },
                    {
                      "Node Type": "Hash",
                      "Parent Relationship": "Inner",
                      "Parallel Aware": true,
                      "Startup Cost": 81974.78,
                      "Total Cost": 81974.78,
                      "Plan Rows": 286423,
                      "Plan Width": 8,
                      "Actual Startup Time": 455.703,
                      "Actual Total Time": 455.87,
                      "Actual Rows": 165052,
                      "Actual Loops": 6,
                      "Hash Buckets": 1048576,
                      "Original Hash Buckets": 1048576,
                      "Hash Batches": 1,
                      "Original Hash Batches": 1,
                      "Peak Memory Usage": 47008,
                      "Plans": [
                        {
                          "Node Type": "Hash Join",
                          "Parent Relationship": "Outer",
                          "Parallel Aware": true,
                          "Join Type": "Inner",
                          "Startup Cost": 49499.24,
                          "Total Cost": 81974.78,
                          "Plan Rows": 286423,
                          "Plan Width": 8,
                          "Actual Startup Time": 246.501,
                          "Actual Total Time": 386.286,
                          "Actual Rows": 165052,
                          "Actual Loops": 6,
                          "Inner Unique": true,
                          "Hash Cond": "(mc.movie_id = t.id)",
                          "Plans": [
                            {
                              "Node Type": "Seq Scan",
                              "Parent Relationship": "Outer",
                              "Parallel Aware": true,
                              "Relation Name": "movie_companies",
                              "Alias": "mc",
                              "Startup Cost": 0.0,
                              "Total Cost": 31414.82,
                              "Plan Rows": 404084,
                              "Plan Width": 4,
                              "Actual Startup Time": 0.03,
                              "Actual Total Time": 64.92,
                              "Actual Rows": 202463,
                              "Actual Loops": 6,
                              "Filter": "((company_id > 6) AND (company_type_id < 2))",
                              "Rows Removed by Filter": 232392
                            },
                            {
                              "Node Type": "Hash",
                              "Parent Relationship": "Inner",
                              "Parallel Aware": true,
                              "Startup Cost": 43898.92,
                              "Total Cost": 43898.92,
                              "Plan Rows": 448026,
                              "Plan Width": 4,
                              "Actual Startup Time": 243.285,
                              "Actual Total Time": 243.286,
                              "Actual Rows": 299026,
                              "Actual Loops": 6,
                              "Hash Buckets": 2097152,
                              "Original Hash Buckets": 2097152,
                              "Hash Batches": 1,
                              "Original Hash Batches": 1,
                              "Peak Memory Usage": 86688,
                              "Plans": [
                                {
                                  "Node Type": "Seq Scan",
                                  "Parent Relationship": "Outer",
                                  "Parallel Aware": true,
                                  "Relation Name": "title",
                                  "Alias": "t",
                                  "Startup Cost": 0.0,
                                  "Total Cost": 43898.92,
                                  "Plan Rows": 448026,
                                  "Plan Width": 4,
                                  "Actual Startup Time": 0.049,
                                  "Actual Total Time": 100.928,
                                  "Actual Rows": 299026,
                                  "Actual Loops": 6,
                                  "Filter": "(production_year < 2009)",
                                  "Rows Removed by Filter": 122360
                                }
                              ]
                            }
                          ]
                        }
                      ]
                    }
                  ]
                }
              ]
            }
          ]
        }
      ]
    },
    "Planning Time": 1.499,
    "Triggers": [],
    "Execution Time": 1330.121
  }
]