[
  {
    "Plan": {
      "Node Type": "Aggregate",
      "Strategy": "Plain",
      "Partial Mode": "Finalize",
      "Parallel Aware": false,
      "Startup Cost": 355182.86,
      "Total Cost": 355182.87,
      "Plan Rows": 1,
      "Plan Width": 8,
      "Actual Startup Time": 1118.183,
      "Actual Total Time": 1190.741,
      "Actual Rows": 1,
      "Actual Loops": 1,
      "Plans": [
        {
          "Node Type": "Gather",
          "Parent Relationship": "Outer",
          "Parallel Aware": false,
          "Startup Cost": 355182.24,
          "Total Cost": 355182.85,
          "Plan Rows": 6,
          "Plan Width": 8,
          "Actual Startup Time": 1118.047,
          "Actual Total Time": 1190.728,
          "Actual Rows": 7,
          "Actual Loops": 1,
          "Workers Planned": 6,
          "Workers Launched": 6,
          "Single Copy": false,
          "Plans": [
            {
              "Node Type": "Aggregate",
              "Strategy": "Plain",
              "Partial Mode": "Partial",
              "Parent Relationship": "Outer",
              "Parallel Aware": false,
              "Startup Cost": 354182.24,
              "Total Cost": 354182.25,
              "Plan Rows": 1,
              "Plan Width": 8,
              "Actual Startup Time": 1107.766,
              "Actual Total Time": 1107.767,
              "Actual Rows": 1,
              "Actual Loops": 7,
              "Plans": [
                {
                  "Node Type": "Seq Scan",
                  "Parent Relationship": "Outer",
                  "Parallel Aware": true,
                  "Relation Name": "cast_info",
                  "Alias": "ci",
                  "Startup Cost": 0.0,
                  "Total Cost": 343257.03,
                  "Plan Rows": 4370083,
                  "Plan Width": 0,
                  "Actual Startup Time": 0.055,
                  "Actual Total Time": 886.979,
                  "Actual Rows": 4073192,
                  "Actual Loops": 7,
                  "Filter": "((person_id < 3050784) AND (role_id < 10))",
                  "Rows Removed by Filter": 1104571
                }
              ]
            }
          ]
        }
      ]
    },
    "Planning Time": 0.202,
    "Triggers": [],
    "Execution Time": 1190.815
  }
]