[
  {
    "Plan": {
      "Node Type": "Aggregate",
      "Strategy": "Plain",
      "Partial Mode": "Finalize",
      "Parallel Aware": false,
      "Startup Cost": 46353.37,
      "Total Cost": 46353.38,
      "Plan Rows": 1,
      "Plan Width": 8,
      "Actual Startup Time": 123.872,
      "Actual Total Time": 136.675,
      "Actual Rows": 1,
      "Actual Loops": 1,
      "Plans": [
        {
          "Node Type": "Gather",
          "Parent Relationship": "Outer",
          "Parallel Aware": false,
          "Startup Cost": 46352.95,
          "Total Cost": 46353.36,
          "Plan Rows": 4,
          "Plan Width": 8,
          "Actual Startup Time": 123.747,
          "Actual Total Time": 136.667,
          "Actual Rows": 5,
          "Actual Loops": 1,
          "Workers Planned": 4,
          "Workers Launched": 4,
          "Single Copy": false,
          "Plans": [
            {
              "Node Type": "Aggregate",
              "Strategy": "Plain",
              "Partial Mode": "Partial",
              "Parent Relationship": "Outer",
              "Parallel Aware": false,
              "Startup Cost": 45352.95,
              "Total Cost": 45352.96,
              "Plan Rows": 1,
              "Plan Width": 8,
              "Actual Startup Time": 115.782,
              "Actual Total Time": 115.783,
              "Actual Rows": 1,
              "Actual Loops": 5,
              "Plans": [
                {
                  "Node Type": "Seq Scan",
                  "Parent Relationship": "Outer",
                  "Parallel Aware": true,
                  "Relation Name": "title",
                  "Alias": "t",
                  "Startup Cost": 0.0,
                  "Total Cost": 43898.92,
                  "Plan Rows": 581615,
                  "Plan Width": 0,
                  "Actual Startup Time": 0.039,
                  "Actual Total Time": 92.513,
                  "Actual Rows": 464619,
                  "Actual Loops": 5,
                  "Filter": "(production_year > 1936)",
                  "Rows Removed by Filter": 41043
                }
              ]
            }
          ]
        }
      ]
    },
    "Planning Time": 0.148,
    "Triggers": [],
    "Execution Time": 136.742
  }
]