[
  {
    "Plan": {
      "Node Type": "Aggregate",
      "Strategy": "Plain",
      "Partial Mode": "Simple",
      "Parallel Aware": false,
      "Startup Cost": 3176.56,
      "Total Cost": 3176.57,
      "Plan Rows": 1,
      "Plan Width": 8,
      "Actual Startup Time": 4.318,
      "Actual Total Time": 4.32,
      "Actual Rows": 1,
      "Actual Loops": 1,
      "Plans": [
        {
          "Node Type": "Nested Loop",
          "Parent Relationship": "Outer",
          "Parallel Aware": false,
          "Join Type": "Inner",
          "Startup Cost": 7.36,
          "Total Cost": 3176.05,
          "Plan Rows": 201,
          "Plan Width": 0,
          "Actual Startup Time": 0.188,
          "Actual Total Time": 4.208,
          "Actual Rows": 1413,
          "Actual Loops": 1,
          "Inner Unique": false,
          "Plans": [
            {
              "Node Type": "Nested Loop",
              "Parent Relationship": "Outer",
              "Parallel Aware": false,
              "Join Type": "Inner",
              "Startup Cost": 6.79,
              "Total Cost": 3019.22,
              "Plan Rows": 14,
              "Plan Width": 8,
              "Actual Startup Time": 0.169,
              "Actual Total Time": 0.738,
              "Actual Rows": 30,
              "Actual Loops": 1,
              "Inner Unique": true,
              "Plans": [
                {
                  "Node Type": "Bitmap Heap Scan",
                  "Parent Relationship": "Outer",
                  "Parallel Aware": false,
                  "Relation Name": "movie_keyword",
                  "Alias": "mk",
                  "Startup Cost": 6.36,
                  "Total Cost": 926.55,
                  "Plan Rows": 249,
                  "Plan Width": 4,
                  "Actual Startup Time": 0.038,
                  "Actual Total Time": 0.202,
                  "Actual Rows": 65,
                  "Actual Loops": 1,
                  "Recheck Cond": "(keyword_id = 37308)",
                  "Rows Removed by Index Recheck": 0,
                  "Exact Heap Blocks": 63,
                  "Lossy Heap Blocks": 0,
                  "Plans": [
                    {
                      "Node Type": "Bitmap Index Scan",
                      "Parent Relationship": "Outer",
                      "Parallel Aware": false,
                      "Index Name": "keyword_id_movie_keyword",
                      "Startup Cost": 0.0,
                      "Total Cost": 6.3,
                      "Plan Rows": 249,
                      "Plan Width": 0,
                      "Actual Startup Time": 0.024,
                      "Actual Total Time": 0.025,
                      "Actual Rows": 65,
                      "Actual Loops": 1,
                      "Index Cond": "(keyword_id = 37308)"
                    }
                  ]
                },
                {
                  "Node Type": "Index Scan",
                  "Parent Relationship": "Inner",
                  "Parallel Aware": false,
                  "Scan Direction": "Forward",
                  "Index Name": "title_pkey",
                  "Relation Name": "title",
                  "Alias": "t",
                  "Startup Cost": 0.43,
                  "Total Cost": 8.4,
                  "Plan Rows": 1,
                  "Plan Width": 4,
                  "Actual Startup Time": 0.008,
                  "Actual Total Time": 0.008,
                  "Actual Rows": 0,
                  "Actual Loops": 65,
                  "Index Cond": "(id = mk.movie_id)",
                  "Rows Removed by Index Recheck": 0,
                  "Filter": "((kind_id < 7) AND (production_year < 1971))",
                  "Rows Removed by Filter": 1
                }
              ]
            },
            {
              "Node Type": "Index Only Scan",
              "Parent Relationship": "Inner",
              "Parallel Aware": false,
              "Scan Direction": "Forward",
              "Index Name": "movie_id_cast_info",
              "Relation Name": "cast_info",
              "Alias": "ci",
              "Startup Cost": 0.56,
              "Total Cost": 10.85,
              "Plan Rows": 35,
              "Plan Width": 4,
              "Actual Startup Time": 0.013,
              "Actual Total Time": 0.11,
              "Actual Rows": 47,
              "Actual Loops": 30,
              "Index Cond": "(movie_id = t.id)",
              "Rows Removed by Index Recheck": 0,
              "Heap Fetches": 1413
            }
          ]
        }
      ]
    },
    "Planning Time": 0.68,
    "Triggers": [],
    "Execution Time": 4.371
  }
]