[
  {
    "Plan": {
      "Node Type": "Aggregate",
      "Strategy": "Plain",
      "Partial Mode": "Finalize",
      "Parallel Aware": false,
      "Startup Cost": 334988.27,
      "Total Cost": 334988.28,
      "Plan Rows": 1,
      "Plan Width": 8,
      "Actual Startup Time": 379.188,
      "Actual Total Time": 393.414,
      "Actual Rows": 1,
      "Actual Loops": 1,
      "Plans": [
        {
          "Node Type": "Gather",
          "Parent Relationship": "Outer",
          "Parallel Aware": false,
          "Startup Cost": 334987.65,
          "Total Cost": 334988.26,
          "Plan Rows": 6,
          "Plan Width": 8,
          "Actual Startup Time": 364.769,
          "Actual Total Time": 393.403,
          "Actual Rows": 7,
          "Actual Loops": 1,
          "Workers Planned": 6,
          "Workers Launched": 6,
          "Single Copy": false,
          "Plans": [
            {
              "Node Type": "Aggregate",
              "Strategy": "Plain",
              "Partial Mode": "Partial",
              "Parent Relationship": "Outer",
              "Parallel Aware": false,
              "Startup Cost": 333987.65,
              "Total Cost": 333987.66,
              "Plan Rows": 1,
              "Plan Width": 8,
              "Actual Startup Time": 349.683,
              "Actual Total Time": 349.686,
              "Actual Rows": 1,
              "Actual Loops": 7,
              "Plans": [
                {
                  "Node Type": "Hash Join",
                  "Parent Relationship": "Outer",
                  "Parallel Aware": true,
                  "Join Type": "Inner",
                  "Startup Cost": 77774.12,
                  "Total Cost": 333845.18,
                  "Plan Rows": 56988,
                  "Plan Width": 0,
                  "Actual Startup Time": 227.374,
                  "Actual Total Time": 345.0,
                  "Actual Rows": 99153,
                  "Actual Loops": 7,
                  "Inner Unique": true,
                  "Hash Cond": "(ci.movie_id = t.id)",
                  "Plans": [
                    {
                      "Node Type": "Bitmap Heap Scan",
                      "Parent Relationship": "Outer",
                      "Parallel Aware": true,
                      "Relation Name": "cast_info",
                      "Alias": "ci",
                      "Startup Cost": 27533.88,
                      "Total Cost": 283356.7,
                      "Plan Rows": 94569,
                      "Plan Width": 4,
                      "Actual Startup Time": 39.694,
                      "Actual Total Time": 86.616,
                      "Actual Rows": 176250,
                      "Actual Loops": 7,
                      "Recheck Cond": "(person_id > 3823007)",
                      "Rows Removed by Index Recheck": 0,
                      "Filter": "(role_id > 2)",
                      "Rows Removed by Filter": 0,
                      "Exact Heap Blocks": 3291,
                      "Lossy Heap Blocks": 0,
                      "Plans": [
                        {
                          "Node Type": "Bitmap Index Scan",
                          "Parent Relationship": "Outer",
                          "Parallel Aware": false,
                          "Index Name": "person_id_cast_info",
                          "Startup Cost": 0.0,
                          "Total Cost": 27392.02,
                          "Plan Rows": 1254328,
                          "Plan Width": 0,
                          "Actual Startup Time": 36.908,
                          "Actual Total Time": 36.909,
                          "Actual Rows": 1233752,
                          "Actual Loops": 1,
                          "Index Cond": "(person_id > 3823007)"
                        }
                      ]
                    },
                    {
                      "Node Type": "Hash",
                      "Parent Relationship": "Inner",
                      "Parallel Aware": true,
                      "Startup Cost": 45479.1,
                      "Total Cost": 45479.1,
                      "Plan Rows": 380891,
                      "Plan Width": 4,
                      "Actual Startup Time": 182.997,
                      "Actual Total Time": 182.998,
                      "Actual Rows": 215319,
                      "Actual Loops": 7,
                      "Hash Buckets": 2097152,
                      "Original Hash Buckets": 2097152,
                      "Hash Batches": 1,
                      "Original Hash Batches": 1,
                      "Peak Memory Usage": 75488,
                      "Plans": [
                        {
                          "Node Type": "Seq Scan",
                          "Parent Relationship": "Outer",
                          "Parallel Aware": true,
                          "Relation Name": "title",
                          "Alias": "t",
                          "Startup Cost": 0.0,
                          "Total Cost": 45479.1,
                          "Plan Rows": 380891,
                          "Plan Width": 4,
                          "Actual Startup Time": 0.044,
                          "Actual Total Time": 77.918,
                          "Actual Rows": 215319,
                          "Actual Loops": 7,
                          "Filter": "((kind_id > 1) AND (production_year < 2011))",
                          "Rows Removed by Filter": 145868
                        }
                      ]
                    }
                  ]
                }
              ]
            }
          ]
        }
      ]
    },
    "Planning Time": 0.636,
    "Triggers": [],
    "Execution Time": 393.508
  }
]