[
  {
    "Plan": {
      "Node Type": "Aggregate",
      "Strategy": "Plain",
      "Partial Mode": "Finalize",
      "Parallel Aware": false,
      "Startup Cost": 47316.28,
      "Total Cost": 47316.29,
      "Plan Rows": 1,
      "Plan Width": 8,
      "Actual Startup Time": 110.906,
      "Actual Total Time": 123.183,
      "Actual Rows": 1,
      "Actual Loops": 1,
      "Plans": [
        {
          "Node Type": "Gather",
          "Parent Relationship": "Outer",
          "Parallel Aware": false,
          "Startup Cost": 47315.86,
          "Total Cost": 47316.27,
          "Plan Rows": 4,
          "Plan Width": 8,
          "Actual Startup Time": 110.749,
          "Actual Total Time": 123.176,
          "Actual Rows": 5,
          "Actual Loops": 1,
          "Workers Planned": 4,
          "Workers Launched": 4,
          "Single Copy": false,
          "Plans": [
            {
              "Node Type": "Aggregate",
              "Strategy": "Plain",
              "Partial Mode": "Partial",
              "Parent Relationship": "Outer",
              "Parallel Aware": false,
              "Startup Cost": 46315.86,
              "Total Cost": 46315.87,
              "Plan Rows": 1,
              "Plan Width": 8,
              "Actual Startup Time": 104.143,
              "Actual Total Time": 104.144,
              "Actual Rows": 1,
              "Actual Loops": 5,
              "Plans": [
                {
                  "Node Type": "Seq Scan",
                  "Parent Relationship": "Outer",
                  "Parallel Aware": true,
                  "Relation Name": "title",
                  "Alias": "t",
                  "Startup Cost": 0.0,
                  "Total Cost": 45479.1,
                  "Plan Rows": 334706,
                  "Plan Width": 0,
                  "Actual Startup Time": 0.031,
                  "Actual Total Time": 89.015,
                  "Actual Rows": 283647,
                  "Actual Loops": 5,
                  "Filter": "((kind_id > 4) AND (production_year > 1963))",
                  "Rows Removed by Filter": 222016
                }
              ]
            }
          ]
        }
      ]
    },
    "Planning Time": 0.184,
    "Triggers": [],
    "Execution Time": 123.242
  }
]