[
  {
    "Plan": {
      "Node Type": "Aggregate",
      "Strategy": "Plain",
      "Partial Mode": "Finalize",
      "Parallel Aware": false,
      "Startup Cost": 46895.31,
      "Total Cost": 46895.32,
      "Plan Rows": 1,
      "Plan Width": 8,
      "Actual Startup Time": 94.349,
      "Actual Total Time": 106.576,
      "Actual Rows": 1,
      "Actual Loops": 1,
      "Plans": [
        {
          "Node Type": "Gather",
          "Parent Relationship": "Outer",
          "Parallel Aware": false,
          "Startup Cost": 46894.89,
          "Total Cost": 46895.3,
          "Plan Rows": 4,
          "Plan Width": 8,
          "Actual Startup Time": 94.074,
          "Actual Total Time": 106.566,
          "Actual Rows": 5,
          "Actual Loops": 1,
          "Workers Planned": 4,
          "Workers Launched": 4,
          "Single Copy": false,
          "Plans": [
            {
              "Node Type": "Aggregate",
              "Strategy": "Plain",
              "Partial Mode": "Partial",
              "Parent Relationship": "Outer",
              "Parallel Aware": false,
              "Startup Cost": 45894.89,
              "Total Cost": 45894.9,
              "Plan Rows": 1,
              "Plan Width": 8,
              "Actual Startup Time": 88.337,
              "Actual Total Time": 88.339,
              "Actual Rows": 1,
              "Actual Loops": 5,
              "Plans": [
                {
                  "Node Type": "Seq Scan",
                  "Parent Relationship": "Outer",
                  "Parallel Aware": true,
                  "Relation Name": "title",
                  "Alias": "t",
                  "Startup Cost": 0.0,
                  "Total Cost": 45479.59,
                  "Plan Rows": 166122,
                  "Plan Width": 0,
                  "Actual Startup Time": 0.035,
                  "Actual Total Time": 82.289,
                  "Actual Rows": 135507,
                  "Actual Loops": 5,
                  "Filter": "((kind_id < 3) AND (production_year < 2012))",
                  "Rows Removed by Filter": 370155
                }
              ]
            }
          ]
        }
      ]
    },
    "Planning Time": 0.099,
    "Triggers": [],
    "Execution Time": 106.609
  }
]