[
  {
    "Plan": {
      "Node Type": "Aggregate",
      "Strategy": "Plain",
      "Partial Mode": "Finalize",
      "Parallel Aware": false,
      "Startup Cost": 236716.63,
      "Total Cost": 236716.64,
      "Plan Rows": 1,
      "Plan Width": 8,
      "Actual Startup Time": 291.939,
      "Actual Total Time": 305.262,
      "Actual Rows": 1,
      "Actual Loops": 1,
      "Plans": [
        {
          "Node Type": "Gather",
          "Parent Relationship": "Outer",
          "Parallel Aware": false,
          "Startup Cost": 236716.41,
          "Total Cost": 236716.62,
          "Plan Rows": 2,
          "Plan Width": 8,
          "Actual Startup Time": 291.666,
          "Actual Total Time": 305.254,
          "Actual Rows": 3,
          "Actual Loops": 1,
          "Workers Planned": 2,
          "Workers Launched": 2,
          "Single Copy": false,
          "Plans": [
            {
              "Node Type": "Aggregate",
              "Strategy": "Plain",
              "Partial Mode": "Partial",
              "Parent Relationship": "Outer",
              "Parallel Aware": false,
              "Startup Cost": 235716.41,
              "Total Cost": 235716.42,
              "Plan Rows": 1,
              "Plan Width": 8,
              "Actual Startup Time": 282.728,
              "Actual Total Time": 282.732,
              "Actual Rows": 1,
              "Actual Loops": 3,
              "Plans": [
                {
                  "Node Type": "Hash Join",
                  "Parent Relationship": "Outer",
                  "Parallel Aware": true,
                  "Join Type": "Inner",
                  "Startup Cost": 219716.6,
                  "Total Cost": 235628.43,
                  "Plan Rows": 35192,
                  "Plan Width": 0,
                  "Actual Startup Time": 177.27,
                  "Actual Total Time": 275.946,
                  "Actual Rows": 148717,
                  "Actual Loops": 3,
                  "Inner Unique": false,
                  "Hash Cond": "(mi_idx.movie_id = t.id)",
                  "Plans": [
                    {
                      "Node Type": "Seq Scan",
                      "Parent Relationship": "Outer",
                      "Parallel Aware": true,
                      "Relation Name": "movie_info_idx",
                      "Alias": "mi_idx",
                      "Startup Cost": 0.0,
                      "Total Cost": 13685.15,
                      "Plan Rows": 575015,
                      "Plan Width": 4,
                      "Actual Startup Time": 0.021,
                      "Actual Total Time": 41.366,
                      "Actual Rows": 460012,
                      "Actual Loops": 3
                    },
                    {
                      "Node Type": "Hash",
                      "Parent Relationship": "Inner",
                      "Parallel Aware": true,
                      "Startup Cost": 219329.76,
                      "Total Cost": 219329.76,
                      "Plan Rows": 30947,
                      "Plan Width": 8,
                      "Actual Startup Time": 172.82,
                      "Actual Total Time": 172.823,
                      "Actual Rows": 49162,
                      "Actual Loops": 3,
                      "Hash Buckets": 262144,
                      "Original Hash Buckets": 262144,
                      "Hash Batches": 1,
                      "Original Hash Batches": 1,
                      "Peak Memory Usage": 7872,
                      "Plans": [
                        {
                          "Node Type": "Nested Loop",
                          "Parent Relationship": "Outer",
                          "Parallel Aware": false,
                          "Join Type": "Inner",
                          "Startup Cost": 2804.07,
                          "Total Cost": 219329.76,
                          "Plan Rows": 30947,
                          "Plan Width": 8,
                          "Actual Startup Time": 13.201,
                          "Actual Total Time": 158.772,
                          "Actual Rows": 49162,
                          "Actual Loops": 3,
                          "Inner Unique": true,
                          "Plans": [
                            {
                              "Node Type": "Bitmap Heap Scan",
                              "Parent Relationship": "Outer",
                              "Parallel Aware": true,
                              "Relation Name": "movie_info",
                              "Alias": "mi",
                              "Startup Cost": 2803.64,
                              "Total Cost": 169480.41,
                              "Plan Rows": 30947,
                              "Plan Width": 4,
                              "Actual Startup Time": 12.995,
                              "Actual Total Time": 28.028,
                              "Actual Rows": 49162,
                              "Actual Loops": 3,
                              "Recheck Cond": "(info_type_id = 107)",
                              "Rows Removed by Index Recheck": 0,
                              "Exact Heap Blocks": 2201,
                              "Lossy Heap Blocks": 0,
                              "Plans": [
                                {
                                  "Node Type": "Bitmap Index Scan",
                                  "Parent Relationship": "Outer",
                                  "Parallel Aware": false,
                                  "Index Name": "info_type_id_movie_info",
                                  "Startup Cost": 0.0,
                                  "Total Cost": 2764.95,
                                  "Plan Rows": 154736,
                                  "Plan Width": 0,
                                  "Actual Startup Time": 14.456,
                                  "Actual Total Time": 14.457,
                                  "Actual Rows": 147487,
                                  "Actual Loops": 1,
                                  "Index Cond": "(info_type_id = 107)"
                                }
                              ]
                            },
                            {
                              "Node Type": "Index Only Scan",
                              "Parent Relationship": "Inner",
                              "Parallel Aware": false,
                              "Scan Direction": "Forward",
                              "Index Name": "title_pkey",
                              "Relation Name": "title",
                              "Alias": "t",
                              "Startup Cost": 0.43,
                              "Total Cost": 1.61,
                              "Plan Rows": 1,
                              "Plan Width": 4,
                              "Actual Startup Time": 0.002,
                              "Actual Total Time": 0.002,
                              "Actual Rows": 1,
                              "Actual Loops": 147487,
                              "Index Cond": "(id = mi.movie_id)",
                              "Rows Removed by Index Recheck": 0,
                              "Heap Fetches": 147487
                            }
                          ]
                        }
                      ]
                    }
                  ]
                }
              ]
            }
          ]
        }
      ]
    },
    "Planning Time": 1.386,
    "Triggers": [],
    "Execution Time": 305.372
  }
]