[
    {
        "Bao": {
            "Bao prediction": "NaN",
            "Bao recommended hint": "(no hint)"
        }
    },
    {
        "Plan": {
            "Node Type": "Aggregate",
            "Strategy": "Plain",
            "Partial Mode": "Simple",
            "Parallel Aware": false,
            "Startup Cost": 15665.36,
            "Total Cost": 15665.37,
            "Plan Rows": 1,
            "Plan Width": 8,
            "Actual Startup Time": 7.239,
            "Actual Total Time": 7.242,
            "Actual Rows": 1,
            "Actual Loops": 1,
            "Output": [
                "count(*)"
            ],
            "Plans": [
                {
                    "Node Type": "Bitmap Heap Scan",
                    "Parent Relationship": "Outer",
                    "Parallel Aware": false,
                    "Relation Name": "movie_companies",
                    "Schema": "public",
                    "Alias": "mc",
                    "Startup Cost": 191.39,
                    "Total Cost": 15654.6,
                    "Plan Rows": 4306,
                    "Plan Width": 0,
                    "Actual Startup Time": 2.225,
                    "Actual Total Time": 7.153,
                    "Actual Rows": 413,
                    "Actual Loops": 1,
                    "Recheck Cond": "(mc.company_id = 424)",
                    "Rows Removed by Index Recheck": 0,
                    "Filter": "(mc.company_type_id < 2)",
                    "Rows Removed by Filter": 7822,
                    "Exact Heap Blocks": 958,
                    "Lossy Heap Blocks": 0,
                    "Plans": [
                        {
                            "Node Type": "Bitmap Index Scan",
                            "Parent Relationship": "Outer",
                            "Parallel Aware": false,
                            "Index Name": "company_id_movie_companies",
                            "Startup Cost": 0.0,
                            "Total Cost": 190.31,
                            "Plan Rows": 8784,
                            "Plan Width": 0,
                            "Actual Startup Time": 1.846,
                            "Actual Total Time": 1.847,
                            "Actual Rows": 8235,
                            "Actual Loops": 1,
                            "Index Cond": "(mc.company_id = 424)"
                        }
                    ]
                }
            ]
        },
        "Planning Time": 270.632,
        "Triggers": [],
        "Execution Time": 7.37
    }
]