[
  {
    "Plan": {
      "Node Type": "Aggregate",
      "Strategy": "Plain",
      "Partial Mode": "Finalize",
      "Parallel Aware": false,
      "Startup Cost": 307166.93,
      "Total Cost": 307166.94,
      "Plan Rows": 1,
      "Plan Width": 8,
      "Actual Startup Time": 186.327,
      "Actual Total Time": 192.166,
      "Actual Rows": 1,
      "Actual Loops": 1,
      "Plans": [
        {
          "Node Type": "Gather",
          "Parent Relationship": "Outer",
          "Parallel Aware": false,
          "Startup Cost": 307166.31,
          "Total Cost": 307166.92,
          "Plan Rows": 6,
          "Plan Width": 8,
          "Actual Startup Time": 185.751,
          "Actual Total Time": 192.16,
          "Actual Rows": 7,
          "Actual Loops": 1,
          "Workers Planned": 6,
          "Workers Launched": 6,
          "Single Copy": false,
          "Plans": [
            {
              "Node Type": "Aggregate",
              "Strategy": "Plain",
              "Partial Mode": "Partial",
              "Parent Relationship": "Outer",
              "Parallel Aware": false,
              "Startup Cost": 306166.31,
              "Total Cost": 306166.32,
              "Plan Rows": 1,
              "Plan Width": 8,
              "Actual Startup Time": 179.22,
              "Actual Total Time": 179.221,
              "Actual Rows": 1,
              "Actual Loops": 7,
              "Plans": [
                {
                  "Node Type": "Bitmap Heap Scan",
                  "Parent Relationship": "Outer",
                  "Parallel Aware": true,
                  "Relation Name": "cast_info",
                  "Alias": "ci",
                  "Startup Cost": 47352.47,
                  "Total Cost": 305411.06,
                  "Plan Rows": 302098,
                  "Plan Width": 0,
                  "Actual Startup Time": 77.78,
                  "Actual Total Time": 162.928,
                  "Actual Rows": 289770,
                  "Actual Loops": 7,
                  "Recheck Cond": "(person_id < 211025)",
                  "Rows Removed by Index Recheck": 0,
                  "Filter": "(role_id < 9)",
                  "Rows Removed by Filter": 17175,
                  "Exact Heap Blocks": 5175,
                  "Lossy Heap Blocks": 0,
                  "Plans": [
                    {
                      "Node Type": "Bitmap Index Scan",
                      "Parent Relationship": "Outer",
                      "Parallel Aware": false,
                      "Index Name": "person_id_cast_info",
                      "Startup Cost": 0.0,
                      "Total Cost": 46899.33,
                      "Plan Rows": 2148635,
                      "Plan Width": 0,
                      "Actual Startup Time": 80.272,
                      "Actual Total Time": 80.273,
                      "Actual Rows": 2148617,
                      "Actual Loops": 1,
                      "Index Cond": "(person_id < 211025)"
                    }
                  ]
                }
              ]
            }
          ]
        }
      ]
    },
    "Planning Time": 0.139,
    "Triggers": [],
    "Execution Time": 192.207
  }
]