{
    "Plan": {
        "Node Type": "Aggregate",
        "Strategy": "Plain",
        "Partial Mode": "Simple",
        "Parallel Aware": false,
        "Startup Cost": 80001353708.17,
        "Total Cost": 80001353708.18,
        "Plan Rows": 1,
        "Plan Width": 96,
        "Actual Startup Time": 6965.328,
        "Actual Total Time": 6965.334,
        "Actual Rows": 1,
        "Actual Loops": 1,
        "Output": [
            "min(cn.name)",
            "min(mi_idx.info)",
            "min(t.title)"
        ],
        "Plans": [
            {
                "Node Type": "Nested Loop",
                "Parent Relationship": "Outer",
                "Parallel Aware": false,
                "Join Type": "Inner",
                "Startup Cost": 80000000003.16,
                "Total Cost": 80001353708.15,
                "Plan Rows": 2,
                "Plan Width": 41,
                "Actual Startup Time": 5.356,
                "Actual Total Time": 6960.652,
                "Actual Rows": 12186,
                "Actual Loops": 1,
                "Output": [
                    "cn.name",
                    "mi_idx.info",
                    "t.title"
                ],
                "Inner Unique": true,
                "Join Filter": "(mi.movie_id = t.id)",
                "Rows Removed by Join Filter": 0,
                "Plans": [
                    {
                        "Node Type": "Nested Loop",
                        "Parent Relationship": "Outer",
                        "Parallel Aware": false,
                        "Join Type": "Inner",
                        "Startup Cost": 70000000002.71,
                        "Total Cost": 70001353690.23,
                        "Plan Rows": 4,
                        "Plan Width": 36,
                        "Actual Startup Time": 5.272,
                        "Actual Total Time": 6827.455,
                        "Actual Rows": 21048,
                        "Actual Loops": 1,
                        "Output": [
                            "cn.name",
                            "mc.movie_id",
                            "mi.movie_id",
                            "mi_idx.info",
                            "mi_idx.movie_id"
                        ],
                        "Inner Unique": true,
                        "Plans": [
                            {
                                "Node Type": "Nested Loop",
                                "Parent Relationship": "Outer",
                                "Parallel Aware": false,
                                "Join Type": "Inner",
                                "Startup Cost": 60000000002.28,
                                "Total Cost": 60001353636.9,
                                "Plan Rows": 12,
                                "Plan Width": 21,
                                "Actual Startup Time": 3.856,
                                "Actual Total Time": 6529.854,
                                "Actual Rows": 50052,
                                "Actual Loops": 1,
                                "Output": [
                                    "mc.movie_id",
                                    "mc.company_id",
                                    "mi.movie_id",
                                    "mi_idx.info",
                                    "mi_idx.movie_id"
                                ],
                                "Inner Unique": true,
                                "Plans": [
                                    {
                                        "Node Type": "Nested Loop",
                                        "Parent Relationship": "Outer",
                                        "Parallel Aware": false,
                                        "Join Type": "Inner",
                                        "Startup Cost": 50000000002.14,
                                        "Total Cost": 50001353441.6,
                                        "Plan Rows": 47,
                                        "Plan Width": 25,
                                        "Actual Startup Time": 3.727,
                                        "Actual Total Time": 5926.01,
                                        "Actual Rows": 180437,
                                        "Actual Loops": 1,
                                        "Output": [
                                            "mi.movie_id",
                                            "mc.movie_id",
                                            "mc.company_type_id",
                                            "mc.company_id",
                                            "mi_idx.info",
                                            "mi_idx.movie_id"
                                        ],
                                        "Inner Unique": false,
                                        "Join Filter": "(mi.movie_id = mc.movie_id)",
                                        "Rows Removed by Join Filter": 0,
                                        "Plans": [
                                            {
                                                "Node Type": "Nested Loop",
                                                "Parent Relationship": "Outer",
                                                "Parallel Aware": false,
                                                "Join Type": "Inner",
                                                "Startup Cost": 40000000001.64,
                                                "Total Cost": 40001353399.9,
                                                "Plan Rows": 9,
                                                "Plan Width": 13,
                                                "Actual Startup Time": 3.577,
                                                "Actual Total Time": 5640.388,
                                                "Actual Rows": 27662,
                                                "Actual Loops": 1,
                                                "Output": [
                                                    "mi.movie_id",
                                                    "mi_idx.info",
                                                    "mi_idx.movie_id"
                                                ],
                                                "Inner Unique": true,
                                                "Plans": [
                                                    {
                                                        "Node Type": "Nested Loop",
                                                        "Parent Relationship": "Outer",
                                                        "Parallel Aware": false,
                                                        "Join Type": "Inner",
                                                        "Startup Cost": 30000000001.48,
                                                        "Total Cost": 30001349267.88,
                                                        "Plan Rows": 992,
                                                        "Plan Width": 17,
                                                        "Actual Startup Time": 3.55,
                                                        "Actual Total Time": 5413.379,
                                                        "Actual Rows": 62624,
                                                        "Actual Loops": 1,
                                                        "Output": [
                                                            "mi.movie_id",
                                                            "mi_idx.info",
                                                            "mi_idx.movie_id",
                                                            "mi_idx.info_type_id"
                                                        ],
                                                        "Inner Unique": false,
                                                        "Plans": [
                                                            {
                                                                "Node Type": "Nested Loop",
                                                                "Parent Relationship": "Outer",
                                                                "Parallel Aware": false,
                                                                "Join Type": "Inner",
                                                                "Startup Cost": 20000000000.59,
                                                                "Total Cost": 20001346825.3,
                                                                "Plan Rows": 492,
                                                                "Plan Width": 4,
                                                                "Actual Startup Time": 3.456,
                                                                "Actual Total Time": 5118.627,
                                                                "Actual Rows": 55319,
                                                                "Actual Loops": 1,
                                                                "Output": [
                                                                    "mi.movie_id"
                                                                ],
                                                                "Inner Unique": true,
                                                                "Plans": [
                                                                    {
                                                                        "Node Type": "Index Scan",
                                                                        "Parent Relationship": "Outer",
                                                                        "Parallel Aware": false,
                                                                        "Scan Direction": "Forward",
                                                                        "Index Name": "movie_id_movie_info",
                                                                        "Relation Name": "movie_info",
                                                                        "Schema": "public",
                                                                        "Alias": "mi",
                                                                        "Startup Cost": 10000000000.43,
                                                                        "Total Cost": 10001115316.11,
                                                                        "Plan Rows": 55578,
                                                                        "Plan Width": 8,
                                                                        "Actual Startup Time": 3.422,
                                                                        "Actual Total Time": 4895.933,
                                                                        "Actual Rows": 55853,
                                                                        "Actual Loops": 1,
                                                                        "Output": [
                                                                            "mi.id",
                                                                            "mi.movie_id",
                                                                            "mi.info_type_id",
                                                                            "mi.info",
                                                                            "mi.note"
                                                                        ],
                                                                        "Filter": "(mi.info = ANY ('{Western,Thriller}'::text[]))",
                                                                        "Rows Removed by Filter": 14779867
                                                                    },
                                                                    {
                                                                        "Node Type": "Bitmap Heap Scan",
                                                                        "Parent Relationship": "Inner",
                                                                        "Parallel Aware": false,
                                                                        "Relation Name": "info_type",
                                                                        "Schema": "public",
                                                                        "Alias": "it1",
                                                                        "Startup Cost": 0.15,
                                                                        "Total Cost": 4.17,
                                                                        "Plan Rows": 1,
                                                                        "Plan Width": 4,
                                                                        "Actual Startup Time": 0.002,
                                                                        "Actual Total Time": 0.002,
                                                                        "Actual Rows": 1,
                                                                        "Actual Loops": 55853,
                                                                        "Output": [
                                                                            "it1.id",
                                                                            "it1.info"
                                                                        ],
                                                                        "Recheck Cond": "(it1.id = mi.info_type_id)",
                                                                        "Rows Removed by Index Recheck": 0,
                                                                        "Filter": "((it1.info)::text = 'genres'::text)",
                                                                        "Rows Removed by Filter": 0,
                                                                        "Exact Heap Blocks": 55853,
                                                                        "Lossy Heap Blocks": 0,
                                                                        "Plans": [
                                                                            {
                                                                                "Node Type": "Bitmap Index Scan",
                                                                                "Parent Relationship": "Outer",
                                                                                "Parallel Aware": false,
                                                                                "Index Name": "info_type_pkey",
                                                                                "Startup Cost": 0.0,
                                                                                "Total Cost": 0.15,
                                                                                "Plan Rows": 1,
                                                                                "Plan Width": 0,
                                                                                "Actual Startup Time": 0.001,
                                                                                "Actual Total Time": 0.001,
                                                                                "Actual Rows": 1,
                                                                                "Actual Loops": 55853,
                                                                                "Index Cond": "(it1.id = mi.info_type_id)"
                                                                            }
                                                                        ]
                                                                    }
                                                                ]
                                                            },
                                                            {
                                                                "Node Type": "Bitmap Heap Scan",
                                                                "Parent Relationship": "Inner",
                                                                "Parallel Aware": false,
                                                                "Relation Name": "movie_info_idx",
                                                                "Schema": "public",
                                                                "Alias": "mi_idx",
                                                                "Startup Cost": 0.9,
                                                                "Total Cost": 4.94,
                                                                "Plan Rows": 2,
                                                                "Plan Width": 13,
                                                                "Actual Startup Time": 0.003,
                                                                "Actual Total Time": 0.004,
                                                                "Actual Rows": 1,
                                                                "Actual Loops": 55319,
                                                                "Output": [
                                                                    "mi_idx.id",
                                                                    "mi_idx.movie_id",
                                                                    "mi_idx.info_type_id",
                                                                    "mi_idx.info",
                                                                    "mi_idx.note"
                                                                ],
                                                                "Recheck Cond": "(mi_idx.movie_id = mi.movie_id)",
                                                                "Rows Removed by Index Recheck": 0,
                                                                "Filter": "(mi_idx.info > '10'::text)",
                                                                "Rows Removed by Filter": 0,
                                                                "Exact Heap Blocks": 28536,
                                                                "Lossy Heap Blocks": 0,
                                                                "Plans": [
                                                                    {
                                                                        "Node Type": "Bitmap Index Scan",
                                                                        "Parent Relationship": "Outer",
                                                                        "Parallel Aware": false,
                                                                        "Index Name": "movie_id_movie_info_idx",
                                                                        "Startup Cost": 0.0,
                                                                        "Total Cost": 0.9,
                                                                        "Plan Rows": 3,
                                                                        "Plan Width": 0,
                                                                        "Actual Startup Time": 0.002,
                                                                        "Actual Total Time": 0.002,
                                                                        "Actual Rows": 2,
                                                                        "Actual Loops": 55319,
                                                                        "Index Cond": "(mi_idx.movie_id = mi.movie_id)"
                                                                    }
                                                                ]
                                                            }
                                                        ]
                                                    },
                                                    {
                                                        "Node Type": "Bitmap Heap Scan",
                                                        "Parent Relationship": "Inner",
                                                        "Parallel Aware": false,
                                                        "Relation Name": "info_type",
                                                        "Schema": "public",
                                                        "Alias": "it2",
                                                        "Startup Cost": 0.15,
                                                        "Total Cost": 4.17,
                                                        "Plan Rows": 1,
                                                        "Plan Width": 4,
                                                        "Actual Startup Time": 0.002,
                                                        "Actual Total Time": 0.002,
                                                        "Actual Rows": 0,
                                                        "Actual Loops": 62624,
                                                        "Output": [
                                                            "it2.id",
                                                            "it2.info"
                                                        ],
                                                        "Recheck Cond": "(it2.id = mi_idx.info_type_id)",
                                                        "Rows Removed by Index Recheck": 0,
                                                        "Filter": "((it2.info)::text = 'rating'::text)",
                                                        "Rows Removed by Filter": 1,
                                                        "Exact Heap Blocks": 62624,
                                                        "Lossy Heap Blocks": 0,
                                                        "Plans": [
                                                            {
                                                                "Node Type": "Bitmap Index Scan",
                                                                "Parent Relationship": "Outer",
                                                                "Parallel Aware": false,
                                                                "Index Name": "info_type_pkey",
                                                                "Startup Cost": 0.0,
                                                                "Total Cost": 0.15,
                                                                "Plan Rows": 1,
                                                                "Plan Width": 0,
                                                                "Actual Startup Time": 0.001,
                                                                "Actual Total Time": 0.001,
                                                                "Actual Rows": 1,
                                                                "Actual Loops": 62624,
                                                                "Index Cond": "(it2.id = mi_idx.info_type_id)"
                                                            }
                                                        ]
                                                    }
                                                ]
                                            },
                                            {
                                                "Node Type": "Bitmap Heap Scan",
                                                "Parent Relationship": "Inner",
                                                "Parallel Aware": false,
                                                "Relation Name": "movie_companies",
                                                "Schema": "public",
                                                "Alias": "mc",
                                                "Startup Cost": 0.51,
                                                "Total Cost": 4.57,
                                                "Plan Rows": 5,
                                                "Plan Width": 12,
                                                "Actual Startup Time": 0.006,
                                                "Actual Total Time": 0.007,
                                                "Actual Rows": 7,
                                                "Actual Loops": 27662,
                                                "Output": [
                                                    "mc.id",
                                                    "mc.movie_id",
                                                    "mc.company_id",
                                                    "mc.company_type_id",
                                                    "mc.note"
                                                ],
                                                "Recheck Cond": "(mc.movie_id = mi_idx.movie_id)",
                                                "Rows Removed by Index Recheck": 0,
                                                "Exact Heap Blocks": 48157,
                                                "Lossy Heap Blocks": 0,
                                                "Plans": [
                                                    {
                                                        "Node Type": "Bitmap Index Scan",
                                                        "Parent Relationship": "Outer",
                                                        "Parallel Aware": false,
                                                        "Index Name": "movie_id_movie_companies",
                                                        "Startup Cost": 0.0,
                                                        "Total Cost": 0.51,
                                                        "Plan Rows": 5,
                                                        "Plan Width": 0,
                                                        "Actual Startup Time": 0.004,
                                                        "Actual Total Time": 0.004,
                                                        "Actual Rows": 7,
                                                        "Actual Loops": 27662,
                                                        "Index Cond": "(mc.movie_id = mi_idx.movie_id)"
                                                    }
                                                ]
                                            }
                                        ]
                                    },
                                    {
                                        "Node Type": "Bitmap Heap Scan",
                                        "Parent Relationship": "Inner",
                                        "Parallel Aware": false,
                                        "Relation Name": "company_type",
                                        "Schema": "public",
                                        "Alias": "ct",
                                        "Startup Cost": 0.14,
                                        "Total Cost": 4.15,
                                        "Plan Rows": 1,
                                        "Plan Width": 4,
                                        "Actual Startup Time": 0.002,
                                        "Actual Total Time": 0.002,
                                        "Actual Rows": 0,
                                        "Actual Loops": 180437,
                                        "Output": [
                                            "ct.id",
                                            "ct.kind"
                                        ],
                                        "Recheck Cond": "(ct.id = mc.company_type_id)",
                                        "Rows Removed by Index Recheck": 0,
                                        "Filter": "((ct.kind)::text = 'production companies'::text)",
                                        "Rows Removed by Filter": 1,
                                        "Exact Heap Blocks": 180437,
                                        "Lossy Heap Blocks": 0,
                                        "Plans": [
                                            {
                                                "Node Type": "Bitmap Index Scan",
                                                "Parent Relationship": "Outer",
                                                "Parallel Aware": false,
                                                "Index Name": "company_type_pkey",
                                                "Startup Cost": 0.0,
                                                "Total Cost": 0.14,
                                                "Plan Rows": 1,
                                                "Plan Width": 0,
                                                "Actual Startup Time": 0.001,
                                                "Actual Total Time": 0.001,
                                                "Actual Rows": 1,
                                                "Actual Loops": 180437,
                                                "Index Cond": "(ct.id = mc.company_type_id)"
                                            }
                                        ]
                                    }
                                ]
                            },
                            {
                                "Node Type": "Bitmap Heap Scan",
                                "Parent Relationship": "Inner",
                                "Parallel Aware": false,
                                "Relation Name": "company_name",
                                "Schema": "public",
                                "Alias": "cn",
                                "Startup Cost": 0.43,
                                "Total Cost": 4.44,
                                "Plan Rows": 1,
                                "Plan Width": 23,
                                "Actual Startup Time": 0.004,
                                "Actual Total Time": 0.004,
                                "Actual Rows": 0,
                                "Actual Loops": 50052,
                                "Output": [
                                    "cn.id",
                                    "cn.name",
                                    "cn.country_code",
                                    "cn.imdb_id",
                                    "cn.name_pcode_nf",
                                    "cn.name_pcode_sf",
                                    "cn.md5sum"
                                ],
                                "Recheck Cond": "(cn.id = mc.company_id)",
                                "Rows Removed by Index Recheck": 0,
                                "Filter": "((cn.country_code)::text = '[us]'::text)",
                                "Rows Removed by Filter": 1,
                                "Exact Heap Blocks": 50052,
                                "Lossy Heap Blocks": 0,
                                "Plans": [
                                    {
                                        "Node Type": "Bitmap Index Scan",
                                        "Parent Relationship": "Outer",
                                        "Parallel Aware": false,
                                        "Index Name": "company_name_pkey",
                                        "Startup Cost": 0.0,
                                        "Total Cost": 0.43,
                                        "Plan Rows": 1,
                                        "Plan Width": 0,
                                        "Actual Startup Time": 0.003,
                                        "Actual Total Time": 0.003,
                                        "Actual Rows": 1,
                                        "Actual Loops": 50052,
                                        "Index Cond": "(cn.id = mc.company_id)"
                                    }
                                ]
                            }
                        ]
                    },
                    {
                        "Node Type": "Bitmap Heap Scan",
                        "Parent Relationship": "Inner",
                        "Parallel Aware": false,
                        "Relation Name": "title",
                        "Schema": "public",
                        "Alias": "t",
                        "Startup Cost": 0.45,
                        "Total Cost": 4.47,
                        "Plan Rows": 1,
                        "Plan Width": 21,
                        "Actual Startup Time": 0.005,
                        "Actual Total Time": 0.005,
                        "Actual Rows": 1,
                        "Actual Loops": 21048,
                        "Output": [
                            "t.id",
                            "t.title",
                            "t.imdb_index",
                            "t.kind_id",
                            "t.production_year",
                            "t.imdb_id",
                            "t.phonetic_code",
                            "t.episode_of_id",
                            "t.season_nr",
                            "t.episode_nr",
                            "t.series_years",
                            "t.md5sum"
                        ],
                        "Recheck Cond": "(t.id = mc.movie_id)",
                        "Rows Removed by Index Recheck": 0,
                        "Filter": "((t.production_year >= 1997) AND (t.production_year <= 2013))",
                        "Rows Removed by Filter": 0,
                        "Exact Heap Blocks": 21048,
                        "Lossy Heap Blocks": 0,
                        "Plans": [
                            {
                                "Node Type": "Bitmap Index Scan",
                                "Parent Relationship": "Outer",
                                "Parallel Aware": false,
                                "Index Name": "title_pkey",
                                "Startup Cost": 0.0,
                                "Total Cost": 0.45,
                                "Plan Rows": 1,
                                "Plan Width": 0,
                                "Actual Startup Time": 0.003,
                                "Actual Total Time": 0.003,
                                "Actual Rows": 1,
                                "Actual Loops": 21048,
                                "Index Cond": "(t.id = mc.movie_id)"
                            }
                        ]
                    }
                ]
            }
        ]
    },
    "Planning Time": 12.443,
    "Triggers": [],
    "Execution Time": 6966.085
}