[
  {
    "Plan": {
      "Node Type": "Aggregate",
      "Strategy": "Plain",
      "Partial Mode": "Finalize",
      "Parallel Aware": false,
      "Startup Cost": 338365.54,
      "Total Cost": 338365.55,
      "Plan Rows": 1,
      "Plan Width": 8,
      "Actual Startup Time": 1009.532,
      "Actual Total Time": 1080.355,
      "Actual Rows": 1,
      "Actual Loops": 1,
      "Plans": [
        {
          "Node Type": "Gather",
          "Parent Relationship": "Outer",
          "Parallel Aware": false,
          "Startup Cost": 338364.91,
          "Total Cost": 338365.52,
          "Plan Rows": 6,
          "Plan Width": 8,
          "Actual Startup Time": 1009.261,
          "Actual Total Time": 1080.337,
          "Actual Rows": 7,
          "Actual Loops": 1,
          "Workers Planned": 6,
          "Workers Launched": 6,
          "Single Copy": false,
          "Plans": [
            {
              "Node Type": "Aggregate",
              "Strategy": "Plain",
              "Partial Mode": "Partial",
              "Parent Relationship": "Outer",
              "Parallel Aware": false,
              "Startup Cost": 337364.91,
              "Total Cost": 337364.92,
              "Plan Rows": 1,
              "Plan Width": 8,
              "Actual Startup Time": 1000.756,
              "Actual Total Time": 1000.758,
              "Actual Rows": 1,
              "Actual Loops": 7,
              "Plans": [
                {
                  "Node Type": "Seq Scan",
                  "Parent Relationship": "Outer",
                  "Parallel Aware": true,
                  "Relation Name": "cast_info",
                  "Alias": "ci",
                  "Startup Cost": 0.0,
                  "Total Cost": 328211.39,
                  "Plan Rows": 3661408,
                  "Plan Width": 0,
                  "Actual Startup Time": 0.055,
                  "Actual Total Time": 811.293,
                  "Actual Rows": 3177632,
                  "Actual Loops": 7,
                  "Filter": "(person_id < 2266497)",
                  "Rows Removed by Filter": 2000132
                }
              ]
            }
          ]
        }
      ]
    },
    "Planning Time": 0.095,
    "Triggers": [],
    "Execution Time": 1080.406
  }
]