[
  {
    "Plan": {
      "Node Type": "Aggregate",
      "Strategy": "Plain",
      "Partial Mode": "Finalize",
      "Parallel Aware": false,
      "Startup Cost": 338409.71,
      "Total Cost": 338409.72,
      "Plan Rows": 1,
      "Plan Width": 8,
      "Actual Startup Time": 743.56,
      "Actual Total Time": 806.583,
      "Actual Rows": 1,
      "Actual Loops": 1,
      "Plans": [
        {
          "Node Type": "Gather",
          "Parent Relationship": "Outer",
          "Parallel Aware": false,
          "Startup Cost": 338409.08,
          "Total Cost": 338409.69,
          "Plan Rows": 6,
          "Plan Width": 8,
          "Actual Startup Time": 743.441,
          "Actual Total Time": 806.574,
          "Actual Rows": 7,
          "Actual Loops": 1,
          "Workers Planned": 6,
          "Workers Launched": 6,
          "Single Copy": false,
          "Plans": [
            {
              "Node Type": "Aggregate",
              "Strategy": "Plain",
              "Partial Mode": "Partial",
              "Parent Relationship": "Outer",
              "Parallel Aware": false,
              "Startup Cost": 337409.08,
              "Total Cost": 337409.09,
              "Plan Rows": 1,
              "Plan Width": 8,
              "Actual Startup Time": 733.24,
              "Actual Total Time": 733.241,
              "Actual Rows": 1,
              "Actual Loops": 7,
              "Plans": [
                {
                  "Node Type": "Seq Scan",
                  "Parent Relationship": "Outer",
                  "Parallel Aware": true,
                  "Relation Name": "cast_info",
                  "Alias": "ci",
                  "Startup Cost": 0.0,
                  "Total Cost": 328162.03,
                  "Plan Rows": 3698822,
                  "Plan Width": 0,
                  "Actual Startup Time": 0.051,
                  "Actual Total Time": 596.582,
                  "Actual Rows": 3177632,
                  "Actual Loops": 7,
                  "Filter": "(person_id < 2266497)",
                  "Rows Removed by Filter": 2000132
                }
              ]
            }
          ]
        }
      ]
    },
    "Planning Time": 0.182,
    "Triggers": [],
    "Execution Time": 806.651
  }
]