{
  "Plan": {
    "Node Type": "Aggregate",
    "Strategy": "Plain",
    "Partial Mode": "Finalize",
    "Parallel Aware": false,
    "Startup Cost": 562755.55,
    "Total Cost": 562755.56,
    "Plan Rows": 1,
    "Plan Width": 8,
    "Actual Startup Time": 3101.286,
    "Actual Total Time": 3162.659,
    "Actual Rows": 1,
    "Actual Loops": 1,
    "Plans": [
      {
        "Node Type": "Gather",
        "Parent Relationship": "Outer",
        "Parallel Aware": false,
        "Startup Cost": 562755.43,
        "Total Cost": 562755.54,
        "Plan Rows": 1,
        "Plan Width": 8,
        "Actual Startup Time": 3101.08,
        "Actual Total Time": 3162.65,
        "Actual Rows": 2,
        "Actual Loops": 1,
        "Workers Planned": 1,
        "Workers Launched": 1,
        "Single Copy": false,
        "Plans": [
          {
            "Node Type": "Aggregate",
            "Strategy": "Plain",
            "Partial Mode": "Partial",
            "Parent Relationship": "Outer",
            "Parallel Aware": false,
            "Startup Cost": 561755.43,
            "Total Cost": 561755.44,
            "Plan Rows": 1,
            "Plan Width": 8,
            "Actual Startup Time": 3095.011,
            "Actual Total Time": 3095.015,
            "Actual Rows": 1,
            "Actual Loops": 2,
            "Plans": [
              {
                "Node Type": "Hash Join",
                "Parent Relationship": "Outer",
                "Parallel Aware": true,
                "Join Type": "Inner",
                "Startup Cost": 39067.54,
                "Total Cost": 560800.89,
                "Plan Rows": 381818,
                "Plan Width": 0,
                "Actual Startup Time": 56.145,
                "Actual Total Time": 3078.752,
                "Actual Rows": 343089,
                "Actual Loops": 2,
                "Inner Unique": true,
                "Hash Cond": "(ci.movie_id = t.id)",
                "Plans": [
                  {
                    "Node Type": "Seq Scan",
                    "Parent Relationship": "Outer",
                    "Parallel Aware": true,
                    "Relation Name": "cast_info",
                    "Alias": "ci",
                    "Startup Cost": 0.0,
                    "Total Cost": 465792.95,
                    "Plan Rows": 21310595,
                    "Plan Width": 4,
                    "Actual Startup Time": 0.014,
                    "Actual Total Time": 1351.252,
                    "Actual Rows": 18122172,
                    "Actual Loops": 2
                  },
                  {
                    "Node Type": "Hash",
                    "Parent Relationship": "Inner",
                    "Parallel Aware": true,
                    "Startup Cost": 38734.46,
                    "Total Cost": 38734.46,
                    "Plan Rows": 26646,
                    "Plan Width": 4,
                    "Actual Startup Time": 54.762,
                    "Actual Total Time": 54.763,
                    "Actual Rows": 15420,
                    "Actual Loops": 2,
                    "Hash Buckets": 65536,
                    "Original Hash Buckets": 65536,
                    "Hash Batches": 1,
                    "Original Hash Batches": 1,
                    "Peak Memory Usage": 1760,
                    "Plans": [
                      {
                        "Node Type": "Bitmap Heap Scan",
                        "Parent Relationship": "Outer",
                        "Parallel Aware": true,
                        "Relation Name": "title",
                        "Alias": "t",
                        "Startup Cost": 1834.46,
                        "Total Cost": 38734.46,
                        "Plan Rows": 26646,
                        "Plan Width": 4,
                        "Actual Startup Time": 15.292,
                        "Actual Total Time": 50.586,
                        "Actual Rows": 15420,
                        "Actual Loops": 2,
                        "Recheck Cond": "(kind_id = 3)",
                        "Rows Removed by Index Recheck": 0,
                        "Filter": "(production_year > 2004)",
                        "Rows Removed by Filter": 34849,
                        "Exact Heap Blocks": 11023,
                        "Lossy Heap Blocks": 0,
                        "Plans": [
                          {
                            "Node Type": "Bitmap Index Scan",
                            "Parent Relationship": "Outer",
                            "Parallel Aware": false,
                            "Index Name": "kind_id_title",
                            "Startup Cost": 0.0,
                            "Total Cost": 1823.13,
                            "Plan Rows": 102227,
                            "Plan Width": 0,
                            "Actual Startup Time": 15.559,
                            "Actual Total Time": 15.559,
                            "Actual Rows": 100537,
                            "Actual Loops": 1,
                            "Index Cond": "(kind_id = 3)"
                          }
                        ]
                      }
                    ]
                  }
                ]
              }
            ]
          }
        ]
      }
    ]
  },
  "Planning Time": 0.589,
  "Triggers": [],
  "Execution Time": 3162.765
}