[
  {
    "Plan": {
      "Node Type": "Aggregate",
      "Strategy": "Plain",
      "Partial Mode": "Finalize",
      "Parallel Aware": false,
      "Startup Cost": 47167.92,
      "Total Cost": 47167.93,
      "Plan Rows": 1,
      "Plan Width": 8,
      "Actual Startup Time": 185.139,
      "Actual Total Time": 195.711,
      "Actual Rows": 1,
      "Actual Loops": 1,
      "Plans": [
        {
          "Node Type": "Gather",
          "Parent Relationship": "Outer",
          "Parallel Aware": false,
          "Startup Cost": 47167.6,
          "Total Cost": 47167.91,
          "Plan Rows": 3,
          "Plan Width": 8,
          "Actual Startup Time": 184.987,
          "Actual Total Time": 195.699,
          "Actual Rows": 4,
          "Actual Loops": 1,
          "Workers Planned": 3,
          "Workers Launched": 3,
          "Single Copy": false,
          "Plans": [
            {
              "Node Type": "Aggregate",
              "Strategy": "Plain",
              "Partial Mode": "Partial",
              "Parent Relationship": "Outer",
              "Parallel Aware": false,
              "Startup Cost": 46167.6,
              "Total Cost": 46167.61,
              "Plan Rows": 1,
              "Plan Width": 8,
              "Actual Startup Time": 178.953,
              "Actual Total Time": 178.955,
              "Actual Rows": 1,
              "Actual Loops": 4,
              "Plans": [
                {
                  "Node Type": "Seq Scan",
                  "Parent Relationship": "Outer",
                  "Parallel Aware": true,
                  "Relation Name": "movie_keyword",
                  "Alias": "mk",
                  "Startup Cost": 0.0,
                  "Total Cost": 42695.65,
                  "Plan Rows": 1388778,
                  "Plan Width": 0,
                  "Actual Startup Time": 0.034,
                  "Actual Total Time": 128.099,
                  "Actual Rows": 1075199,
                  "Actual Loops": 4,
                  "Filter": "(keyword_id < 64206)",
                  "Rows Removed by Filter": 55784
                }
              ]
            }
          ]
        }
      ]
    },
    "Planning Time": 0.121,
    "Triggers": [],
    "Execution Time": 195.748
  }
]