[
  {
    "Plan": {
      "Node Type": "Aggregate",
      "Strategy": "Plain",
      "Partial Mode": "Finalize",
      "Parallel Aware": false,
      "Startup Cost": 47155.31,
      "Total Cost": 47155.32,
      "Plan Rows": 1,
      "Plan Width": 8,
      "Actual Startup Time": 170.366,
      "Actual Total Time": 179.741,
      "Actual Rows": 1,
      "Actual Loops": 1,
      "Plans": [
        {
          "Node Type": "Gather",
          "Parent Relationship": "Outer",
          "Parallel Aware": false,
          "Startup Cost": 47154.99,
          "Total Cost": 47155.3,
          "Plan Rows": 3,
          "Plan Width": 8,
          "Actual Startup Time": 170.235,
          "Actual Total Time": 179.733,
          "Actual Rows": 4,
          "Actual Loops": 1,
          "Workers Planned": 3,
          "Workers Launched": 3,
          "Single Copy": false,
          "Plans": [
            {
              "Node Type": "Aggregate",
              "Strategy": "Plain",
              "Partial Mode": "Partial",
              "Parent Relationship": "Outer",
              "Parallel Aware": false,
              "Startup Cost": 46154.99,
              "Total Cost": 46155.0,
              "Plan Rows": 1,
              "Plan Width": 8,
              "Actual Startup Time": 164.418,
              "Actual Total Time": 164.419,
              "Actual Rows": 1,
              "Actual Loops": 4,
              "Plans": [
                {
                  "Node Type": "Seq Scan",
                  "Parent Relationship": "Outer",
                  "Parallel Aware": true,
                  "Relation Name": "movie_keyword",
                  "Alias": "mk",
                  "Startup Cost": 0.0,
                  "Total Cost": 42695.65,
                  "Plan Rows": 1383734,
                  "Plan Width": 0,
                  "Actual Startup Time": 0.055,
                  "Actual Total Time": 119.574,
                  "Actual Rows": 1075199,
                  "Actual Loops": 4,
                  "Filter": "(keyword_id < 64206)",
                  "Rows Removed by Filter": 55784
                }
              ]
            }
          ]
        }
      ]
    },
    "Planning Time": 0.188,
    "Triggers": [],
    "Execution Time": 179.798
  }
]