[
  {
    "Plan": {
      "Node Type": "Aggregate",
      "Strategy": "Plain",
      "Partial Mode": "Finalize",
      "Parallel Aware": false,
      "Startup Cost": 107510.51,
      "Total Cost": 107510.52,
      "Plan Rows": 1,
      "Plan Width": 8,
      "Actual Startup Time": 422.402,
      "Actual Total Time": 443.917,
      "Actual Rows": 1,
      "Actual Loops": 1,
      "Plans": [
        {
          "Node Type": "Gather",
          "Parent Relationship": "Outer",
          "Parallel Aware": false,
          "Startup Cost": 107510.29,
          "Total Cost": 107510.5,
          "Plan Rows": 2,
          "Plan Width": 8,
          "Actual Startup Time": 420.928,
          "Actual Total Time": 443.91,
          "Actual Rows": 3,
          "Actual Loops": 1,
          "Workers Planned": 2,
          "Workers Launched": 2,
          "Single Copy": false,
          "Plans": [
            {
              "Node Type": "Aggregate",
              "Strategy": "Plain",
              "Partial Mode": "Partial",
              "Parent Relationship": "Outer",
              "Parallel Aware": false,
              "Startup Cost": 106510.29,
              "Total Cost": 106510.3,
              "Plan Rows": 1,
              "Plan Width": 8,
              "Actual Startup Time": 417.573,
              "Actual Total Time": 417.76,
              "Actual Rows": 1,
              "Actual Loops": 3,
              "Plans": [
                {
                  "Node Type": "Hash Join",
                  "Parent Relationship": "Outer",
                  "Parallel Aware": true,
                  "Join Type": "Inner",
                  "Startup Cost": 90421.12,
                  "Total Cost": 106402.14,
                  "Plan Rows": 43263,
                  "Plan Width": 0,
                  "Actual Startup Time": 336.422,
                  "Actual Total Time": 415.045,
                  "Actual Rows": 63379,
                  "Actual Loops": 3,
                  "Inner Unique": false,
                  "Hash Cond": "(mi_idx.movie_id = t.id)",
                  "Plans": [
                    {
                      "Node Type": "Seq Scan",
                      "Parent Relationship": "Outer",
                      "Parallel Aware": true,
                      "Relation Name": "movie_info_idx",
                      "Alias": "mi_idx",
                      "Startup Cost": 0.0,
                      "Total Cost": 13685.15,
                      "Plan Rows": 575015,
                      "Plan Width": 4,
                      "Actual Startup Time": 0.017,
                      "Actual Total Time": 37.242,
                      "Actual Rows": 460012,
                      "Actual Loops": 3
                    },
                    {
                      "Node Type": "Hash",
                      "Parent Relationship": "Inner",
                      "Parallel Aware": true,
                      "Startup Cost": 89654.05,
                      "Total Cost": 89654.05,
                      "Plan Rows": 61366,
                      "Plan Width": 8,
                      "Actual Startup Time": 335.009,
                      "Actual Total Time": 335.193,
                      "Actual Rows": 31517,
                      "Actual Loops": 3,
                      "Hash Buckets": 262144,
                      "Original Hash Buckets": 262144,
                      "Hash Batches": 1,
                      "Original Hash Batches": 1,
                      "Peak Memory Usage": 5792,
                      "Plans": [
                        {
                          "Node Type": "Hash Join",
                          "Parent Relationship": "Outer",
                          "Parallel Aware": true,
                          "Join Type": "Inner",
                          "Startup Cost": 44396.05,
                          "Total Cost": 89654.05,
                          "Plan Rows": 61366,
                          "Plan Width": 8,
                          "Actual Startup Time": 119.135,
                          "Actual Total Time": 327.857,
                          "Actual Rows": 31517,
                          "Actual Loops": 3,
                          "Inner Unique": true,
                          "Hash Cond": "(mk.movie_id = t.id)",
                          "Plans": [
                            {
                              "Node Type": "Seq Scan",
                              "Parent Relationship": "Outer",
                              "Parallel Aware": true,
                              "Relation Name": "movie_keyword",
                              "Alias": "mk",
                              "Startup Cost": 0.0,
                              "Total Cost": 42695.65,
                              "Plan Rows": 976133,
                              "Plan Width": 4,
                              "Actual Startup Time": 0.028,
                              "Actual Total Time": 132.236,
                              "Actual Rows": 1012725,
                              "Actual Loops": 3,
                              "Filter": "(keyword_id < 10998)",
                              "Rows Removed by Filter": 495252
                            },
                            {
                              "Node Type": "Hash",
                              "Parent Relationship": "Inner",
                              "Parallel Aware": true,
                              "Startup Cost": 43899.32,
                              "Total Cost": 43899.32,
                              "Plan Rows": 39738,
                              "Plan Width": 4,
                              "Actual Startup Time": 118.272,
                              "Actual Total Time": 118.275,
                              "Actual Rows": 53339,
                              "Actual Loops": 3,
                              "Hash Buckets": 262144,
                              "Original Hash Buckets": 262144,
                              "Hash Batches": 1,
                              "Original Hash Batches": 1,
                              "Peak Memory Usage": 8320,
                              "Plans": [
                                {
                                  "Node Type": "Seq Scan",
                                  "Parent Relationship": "Outer",
                                  "Parallel Aware": true,
                                  "Relation Name": "title",
                                  "Alias": "t",
                                  "Startup Cost": 0.0,
                                  "Total Cost": 43899.32,
                                  "Plan Rows": 39738,
                                  "Plan Width": 4,
                                  "Actual Startup Time": 0.016,
                                  "Actual Total Time": 101.504,
                                  "Actual Rows": 53339,
                                  "Actual Loops": 3,
                                  "Filter": "(production_year = 2011)",
                                  "Rows Removed by Filter": 789432
                                }
                              ]
                            }
                          ]
                        }
                      ]
                    }
                  ]
                }
              ]
            }
          ]
        }
      ]
    },
    "Planning Time": 0.727,
    "Triggers": [],
    "Execution Time": 443.96
  }
]