[
  {
    "Plan": {
      "Node Type": "Aggregate",
      "Strategy": "Plain",
      "Partial Mode": "Finalize",
      "Parallel Aware": false,
      "Startup Cost": 349272.3,
      "Total Cost": 349272.31,
      "Plan Rows": 1,
      "Plan Width": 8,
      "Actual Startup Time": 736.307,
      "Actual Total Time": 762.989,
      "Actual Rows": 1,
      "Actual Loops": 1,
      "Plans": [
        {
          "Node Type": "Gather",
          "Parent Relationship": "Outer",
          "Parallel Aware": false,
          "Startup Cost": 349271.67,
          "Total Cost": 349272.28,
          "Plan Rows": 6,
          "Plan Width": 8,
          "Actual Startup Time": 736.231,
          "Actual Total Time": 762.983,
          "Actual Rows": 7,
          "Actual Loops": 1,
          "Workers Planned": 6,
          "Workers Launched": 6,
          "Single Copy": false,
          "Plans": [
            {
              "Node Type": "Aggregate",
              "Strategy": "Plain",
              "Partial Mode": "Partial",
              "Parent Relationship": "Outer",
              "Parallel Aware": false,
              "Startup Cost": 348271.67,
              "Total Cost": 348271.68,
              "Plan Rows": 1,
              "Plan Width": 8,
              "Actual Startup Time": 729.418,
              "Actual Total Time": 729.419,
              "Actual Rows": 1,
              "Actual Loops": 7,
              "Plans": [
                {
                  "Node Type": "Seq Scan",
                  "Parent Relationship": "Outer",
                  "Parallel Aware": true,
                  "Relation Name": "cast_info",
                  "Alias": "ci",
                  "Startup Cost": 0.0,
                  "Total Cost": 343318.94,
                  "Plan Rows": 1981094,
                  "Plan Width": 0,
                  "Actual Startup Time": 325.014,
                  "Actual Total Time": 637.916,
                  "Actual Rows": 1926081,
                  "Actual Loops": 7,
                  "Filter": "((person_id > 924649) AND (role_id > 2))",
                  "Rows Removed by Filter": 3251682
                }
              ]
            }
          ]
        }
      ]
    },
    "Planning Time": 0.089,
    "Triggers": [],
    "Execution Time": 763.017
  }
]