[
  {
    "Plan": {
      "Node Type": "Aggregate",
      "Strategy": "Plain",
      "Partial Mode": "Finalize",
      "Parallel Aware": false,
      "Startup Cost": 102747.93,
      "Total Cost": 102747.94,
      "Plan Rows": 1,
      "Plan Width": 8,
      "Actual Startup Time": 803.721,
      "Actual Total Time": 822.092,
      "Actual Rows": 1,
      "Actual Loops": 1,
      "Plans": [
        {
          "Node Type": "Gather",
          "Parent Relationship": "Outer",
          "Parallel Aware": false,
          "Startup Cost": 102747.71,
          "Total Cost": 102747.92,
          "Plan Rows": 2,
          "Plan Width": 8,
          "Actual Startup Time": 798.152,
          "Actual Total Time": 822.081,
          "Actual Rows": 3,
          "Actual Loops": 1,
          "Workers Planned": 2,
          "Workers Launched": 2,
          "Single Copy": false,
          "Plans": [
            {
              "Node Type": "Aggregate",
              "Strategy": "Plain",
              "Partial Mode": "Partial",
              "Parent Relationship": "Outer",
              "Parallel Aware": false,
              "Startup Cost": 101747.71,
              "Total Cost": 101747.72,
              "Plan Rows": 1,
              "Plan Width": 8,
              "Actual Startup Time": 789.994,
              "Actual Total Time": 790.278,
              "Actual Rows": 1,
              "Actual Loops": 3,
              "Plans": [
                {
                  "Node Type": "Hash Join",
                  "Parent Relationship": "Outer",
                  "Parallel Aware": true,
                  "Join Type": "Inner",
                  "Startup Cost": 84780.16,
                  "Total Cost": 101184.66,
                  "Plan Rows": 225220,
                  "Plan Width": 0,
                  "Actual Startup Time": 636.212,
                  "Actual Total Time": 776.402,
                  "Actual Rows": 287221,
                  "Actual Loops": 3,
                  "Inner Unique": false,
                  "Hash Cond": "(mi_idx.movie_id = t.id)",
                  "Plans": [
                    {
                      "Node Type": "Seq Scan",
                      "Parent Relationship": "Outer",
                      "Parallel Aware": true,
                      "Relation Name": "movie_info_idx",
                      "Alias": "mi_idx",
                      "Startup Cost": 0.0,
                      "Total Cost": 13685.15,
                      "Plan Rows": 575015,
                      "Plan Width": 4,
                      "Actual Startup Time": 0.031,
                      "Actual Total Time": 39.943,
                      "Actual Rows": 460012,
                      "Actual Loops": 3
                    },
                    {
                      "Node Type": "Hash",
                      "Parent Relationship": "Inner",
                      "Parallel Aware": true,
                      "Startup Cost": 81685.56,
                      "Total Cost": 81685.56,
                      "Plan Rows": 247568,
                      "Plan Width": 8,
                      "Actual Startup Time": 629.705,
                      "Actual Total Time": 629.987,
                      "Actual Rows": 229838,
                      "Actual Loops": 3,
                      "Hash Buckets": 1048576,
                      "Original Hash Buckets": 1048576,
                      "Hash Batches": 1,
                      "Original Hash Batches": 1,
                      "Peak Memory Usage": 35200,
                      "Plans": [
                        {
                          "Node Type": "Hash Join",
                          "Parent Relationship": "Outer",
                          "Parallel Aware": true,
                          "Join Type": "Inner",
                          "Startup Cost": 35407.86,
                          "Total Cost": 81685.56,
                          "Plan Rows": 247568,
                          "Plan Width": 8,
                          "Actual Startup Time": 186.52,
                          "Actual Total Time": 549.581,
                          "Actual Rows": 229838,
                          "Actual Loops": 3,
                          "Inner Unique": false,
                          "Hash Cond": "(t.id = mc.movie_id)",
                          "Plans": [
                            {
                              "Node Type": "Seq Scan",
                              "Parent Relationship": "Outer",
                              "Parallel Aware": true,
                              "Relation Name": "title",
                              "Alias": "t",
                              "Startup Cost": 0.0,
                              "Total Cost": 42318.73,
                              "Plan Rows": 632073,
                              "Plan Width": 4,
                              "Actual Startup Time": 0.011,
                              "Actual Total Time": 103.716,
                              "Actual Rows": 842771,
                              "Actual Loops": 3
                            },
                            {
                              "Node Type": "Hash",
                              "Parent Relationship": "Inner",
                              "Parallel Aware": true,
                              "Startup Cost": 31414.82,
                              "Total Cost": 31414.82,
                              "Plan Rows": 319443,
                              "Plan Width": 4,
                              "Actual Startup Time": 183.091,
                              "Actual Total Time": 183.092,
                              "Actual Rows": 229838,
                              "Actual Loops": 3,
                              "Hash Buckets": 1048576,
                              "Original Hash Buckets": 1048576,
                              "Hash Batches": 1,
                              "Original Hash Batches": 1,
                              "Peak Memory Usage": 35200,
                              "Plans": [
                                {
                                  "Node Type": "Seq Scan",
                                  "Parent Relationship": "Outer",
                                  "Parallel Aware": true,
                                  "Relation Name": "movie_companies",
                                  "Alias": "mc",
                                  "Startup Cost": 0.0,
                                  "Total Cost": 31414.82,
                                  "Plan Rows": 319443,
                                  "Plan Width": 4,
                                  "Actual Startup Time": 56.478,
                                  "Actual Total Time": 110.295,
                                  "Actual Rows": 229838,
                                  "Actual Loops": 3,
                                  "Filter": "((company_id < 50343) AND (company_type_id > 1))",
                                  "Rows Removed by Filter": 639871
                                }
                              ]
                            }
                          ]
                        }
                      ]
                    }
                  ]
                }
              ]
            }
          ]
        }
      ]
    },
    "Planning Time": 1.402,
    "Triggers": [],
    "Execution Time": 822.178
  }
]