{
  "Plan": {
    "Node Type": "Aggregate",
    "Strategy": "Plain",
    "Partial Mode": "Finalize",
    "Parallel Aware": false,
    "Startup Cost": 132210.96,
    "Total Cost": 132210.97,
    "Plan Rows": 1,
    "Plan Width": 8,
    "Actual Startup Time": 361.014,
    "Actual Total Time": 389.927,
    "Actual Rows": 1,
    "Actual Loops": 1,
    "Plans": [
      {
        "Node Type": "Gather",
        "Parent Relationship": "Outer",
        "Parallel Aware": false,
        "Startup Cost": 132210.85,
        "Total Cost": 132210.96,
        "Plan Rows": 1,
        "Plan Width": 8,
        "Actual Startup Time": 360.687,
        "Actual Total Time": 389.921,
        "Actual Rows": 2,
        "Actual Loops": 1,
        "Workers Planned": 1,
        "Workers Launched": 1,
        "Single Copy": false,
        "Plans": [
          {
            "Node Type": "Aggregate",
            "Strategy": "Plain",
            "Partial Mode": "Partial",
            "Parent Relationship": "Outer",
            "Parallel Aware": false,
            "Startup Cost": 131210.85,
            "Total Cost": 131210.86,
            "Plan Rows": 1,
            "Plan Width": 8,
            "Actual Startup Time": 354.423,
            "Actual Total Time": 354.426,
            "Actual Rows": 1,
            "Actual Loops": 2,
            "Plans": [
              {
                "Node Type": "Nested Loop",
                "Parent Relationship": "Outer",
                "Parallel Aware": false,
                "Join Type": "Inner",
                "Startup Cost": 72351.98,
                "Total Cost": 131073.72,
                "Plan Rows": 54851,
                "Plan Width": 0,
                "Actual Startup Time": 192.932,
                "Actual Total Time": 351.303,
                "Actual Rows": 62960,
                "Actual Loops": 2,
                "Inner Unique": false,
                "Join Filter": "(t.id = mi.movie_id)",
                "Rows Removed by Join Filter": 0,
                "Plans": [
                  {
                    "Node Type": "Hash Join",
                    "Parent Relationship": "Outer",
                    "Parallel Aware": true,
                    "Join Type": "Inner",
                    "Startup Cost": 72351.54,
                    "Total Cost": 102501.48,
                    "Plan Rows": 9381,
                    "Plan Width": 8,
                    "Actual Startup Time": 192.818,
                    "Actual Total Time": 291.624,
                    "Actual Rows": 3626,
                    "Actual Loops": 2,
                    "Inner Unique": true,
                    "Hash Cond": "(mk.movie_id = t.id)",
                    "Plans": [
                      {
                        "Node Type": "Bitmap Heap Scan",
                        "Parent Relationship": "Outer",
                        "Parallel Aware": true,
                        "Relation Name": "movie_keyword",
                        "Alias": "mk",
                        "Startup Cost": 13582.01,
                        "Total Cost": 42743.4,
                        "Plan Rows": 376591,
                        "Plan Width": 4,
                        "Actual Startup Time": 36.633,
                        "Actual Total Time": 103.254,
                        "Actual Rows": 310637,
                        "Actual Loops": 2,
                        "Recheck Cond": "(keyword_id > 29354)",
                        "Rows Removed by Index Recheck": 0,
                        "Exact Heap Blocks": 14811,
                        "Lossy Heap Blocks": 0,
                        "Plans": [
                          {
                            "Node Type": "Bitmap Index Scan",
                            "Parent Relationship": "Outer",
                            "Parallel Aware": false,
                            "Index Name": "keyword_id_movie_keyword",
                            "Startup Cost": 0.0,
                            "Total Cost": 13421.96,
                            "Plan Rows": 640204,
                            "Plan Width": 0,
                            "Actual Startup Time": 33.141,
                            "Actual Total Time": 33.141,
                            "Actual Rows": 621274,
                            "Actual Loops": 1,
                            "Index Cond": "(keyword_id > 29354)"
                          }
                        ]
                      },
                      {
                        "Node Type": "Hash",
                        "Parent Relationship": "Inner",
                        "Parallel Aware": true,
                        "Startup Cost": 58306.47,
                        "Total Cost": 58306.47,
                        "Plan Rows": 37045,
                        "Plan Width": 4,
                        "Actual Startup Time": 154.599,
                        "Actual Total Time": 154.6,
                        "Actual Rows": 35772,
                        "Actual Loops": 2,
                        "Hash Buckets": 131072,
                        "Original Hash Buckets": 65536,
                        "Hash Batches": 1,
                        "Original Hash Batches": 1,
                        "Peak Memory Usage": 4384,
                        "Plans": [
                          {
                            "Node Type": "Seq Scan",
                            "Parent Relationship": "Outer",
                            "Parallel Aware": true,
                            "Relation Name": "title",
                            "Alias": "t",
                            "Startup Cost": 0.0,
                            "Total Cost": 58306.47,
                            "Plan Rows": 37045,
                            "Plan Width": 4,
                            "Actual Startup Time": 0.036,
                            "Actual Total Time": 141.697,
                            "Actual Rows": 35772,
                            "Actual Loops": 2,
                            "Filter": "((kind_id > 1) AND (production_year = 2004))",
                            "Rows Removed by Filter": 1228384
                          }
                        ]
                      }
                    ]
                  },
                  {
                    "Node Type": "Index Only Scan",
                    "Parent Relationship": "Inner",
                    "Parallel Aware": false,
                    "Scan Direction": "Forward",
                    "Index Name": "movie_id_movie_info",
                    "Relation Name": "movie_info",
                    "Alias": "mi",
                    "Startup Cost": 0.43,
                    "Total Cost": 2.52,
                    "Plan Rows": 42,
                    "Plan Width": 4,
                    "Actual Startup Time": 0.005,
                    "Actual Total Time": 0.015,
                    "Actual Rows": 17,
                    "Actual Loops": 7253,
                    "Index Cond": "(movie_id = mk.movie_id)",
                    "Rows Removed by Index Recheck": 0,
                    "Heap Fetches": 125921
                  }
                ]
              }
            ]
          }
        ]
      }
    ]
  },
  "Planning Time": 0.966,
  "Triggers": [],
  "Execution Time": 390.04
}