[
  {
    "Plan": {
      "Node Type": "Aggregate",
      "Strategy": "Plain",
      "Partial Mode": "Finalize",
      "Parallel Aware": false,
      "Startup Cost": 127655.7,
      "Total Cost": 127655.71,
      "Plan Rows": 1,
      "Plan Width": 8,
      "Actual Startup Time": 352.986,
      "Actual Total Time": 381.593,
      "Actual Rows": 1,
      "Actual Loops": 1,
      "Plans": [
        {
          "Node Type": "Gather",
          "Parent Relationship": "Outer",
          "Parallel Aware": false,
          "Startup Cost": 127655.38,
          "Total Cost": 127655.69,
          "Plan Rows": 3,
          "Plan Width": 8,
          "Actual Startup Time": 352.653,
          "Actual Total Time": 381.585,
          "Actual Rows": 4,
          "Actual Loops": 1,
          "Workers Planned": 3,
          "Workers Launched": 3,
          "Single Copy": false,
          "Plans": [
            {
              "Node Type": "Aggregate",
              "Strategy": "Plain",
              "Partial Mode": "Partial",
              "Parent Relationship": "Outer",
              "Parallel Aware": false,
              "Startup Cost": 126655.38,
              "Total Cost": 126655.39,
              "Plan Rows": 1,
              "Plan Width": 8,
              "Actual Startup Time": 347.115,
              "Actual Total Time": 347.118,
              "Actual Rows": 1,
              "Actual Loops": 4,
              "Plans": [
                {
                  "Node Type": "Nested Loop",
                  "Parent Relationship": "Outer",
                  "Parallel Aware": false,
                  "Join Type": "Inner",
                  "Startup Cost": 45617.83,
                  "Total Cost": 126392.35,
                  "Plan Rows": 105212,
                  "Plan Width": 0,
                  "Actual Startup Time": 95.529,
                  "Actual Total Time": 342.244,
                  "Actual Rows": 106549,
                  "Actual Loops": 4,
                  "Inner Unique": false,
                  "Join Filter": "(t.id = mi.movie_id)",
                  "Rows Removed by Join Filter": 0,
                  "Plans": [
                    {
                      "Node Type": "Hash Join",
                      "Parent Relationship": "Outer",
                      "Parallel Aware": true,
                      "Join Type": "Inner",
                      "Startup Cost": 45617.4,
                      "Total Cost": 91011.38,
                      "Plan Rows": 17993,
                      "Plan Width": 8,
                      "Actual Startup Time": 95.44,
                      "Actual Total Time": 255.376,
                      "Actual Rows": 8926,
                      "Actual Loops": 4,
                      "Inner Unique": true,
                      "Hash Cond": "(mk.movie_id = t.id)",
                      "Plans": [
                        {
                          "Node Type": "Seq Scan",
                          "Parent Relationship": "Outer",
                          "Parallel Aware": true,
                          "Relation Name": "movie_keyword",
                          "Alias": "mk",
                          "Startup Cost": 0.0,
                          "Total Cost": 42695.65,
                          "Plan Rows": 1027933,
                          "Plan Width": 4,
                          "Actual Startup Time": 0.028,
                          "Actual Total Time": 106.087,
                          "Actual Rows": 794679,
                          "Actual Loops": 4,
                          "Filter": "(keyword_id < 12696)",
                          "Rows Removed by Filter": 336304
                        },
                        {
                          "Node Type": "Hash",
                          "Parent Relationship": "Inner",
                          "Parallel Aware": true,
                          "Startup Cost": 45479.1,
                          "Total Cost": 45479.1,
                          "Plan Rows": 11064,
                          "Plan Width": 4,
                          "Actual Startup Time": 94.784,
                          "Actual Total Time": 94.785,
                          "Actual Rows": 12642,
                          "Actual Loops": 4,
                          "Hash Buckets": 65536,
                          "Original Hash Buckets": 65536,
                          "Hash Batches": 1,
                          "Original Hash Batches": 1,
                          "Peak Memory Usage": 2560,
                          "Plans": [
                            {
                              "Node Type": "Seq Scan",
                              "Parent Relationship": "Outer",
                              "Parallel Aware": true,
                              "Relation Name": "title",
                              "Alias": "t",
                              "Startup Cost": 0.0,
                              "Total Cost": 45479.1,
                              "Plan Rows": 11064,
                              "Plan Width": 4,
                              "Actual Startup Time": 0.029,
                              "Actual Total Time": 89.214,
                              "Actual Rows": 12642,
                              "Actual Loops": 4,
                              "Filter": "((kind_id > 3) AND (production_year = 2003))",
                              "Rows Removed by Filter": 619436
                            }
                          ]
                        }
                      ]
                    },
                    {
                      "Node Type": "Index Only Scan",
                      "Parent Relationship": "Inner",
                      "Parallel Aware": false,
                      "Scan Direction": "Forward",
                      "Index Name": "movie_id_movie_info",
                      "Relation Name": "movie_info",
                      "Alias": "mi",
                      "Startup Cost": 0.43,
                      "Total Cost": 1.44,
                      "Plan Rows": 42,
                      "Plan Width": 4,
                      "Actual Startup Time": 0.003,
                      "Actual Total Time": 0.008,
                      "Actual Rows": 12,
                      "Actual Loops": 35703,
                      "Index Cond": "(movie_id = mk.movie_id)",
                      "Rows Removed by Index Recheck": 0,
                      "Heap Fetches": 426195
                    }
                  ]
                }
              ]
            }
          ]
        }
      ]
    },
    "Planning Time": 0.828,
    "Triggers": [],
    "Execution Time": 381.656
  }
]