[
    {
        "Bao": {
            "Bao prediction": "NaN",
            "Bao recommended hint": "(no hint)"
        }
    },
    {
        "Plan": {
            "Node Type": "Aggregate",
            "Strategy": "Plain",
            "Partial Mode": "Finalize",
            "Parallel Aware": false,
            "Startup Cost": 239764.28,
            "Total Cost": 239764.29,
            "Plan Rows": 1,
            "Plan Width": 8,
            "Actual Startup Time": 229.357,
            "Actual Total Time": 238.576,
            "Actual Rows": 1,
            "Actual Loops": 1,
            "Output": [
                "count(*)"
            ],
            "Plans": [
                {
                    "Node Type": "Gather",
                    "Parent Relationship": "Outer",
                    "Parallel Aware": false,
                    "Startup Cost": 239763.76,
                    "Total Cost": 239764.27,
                    "Plan Rows": 5,
                    "Plan Width": 8,
                    "Actual Startup Time": 228.134,
                    "Actual Total Time": 238.569,
                    "Actual Rows": 6,
                    "Actual Loops": 1,
                    "Output": [
                        "(PARTIAL count(*))"
                    ],
                    "Workers Planned": 5,
                    "Workers Launched": 5,
                    "Single Copy": false,
                    "Plans": [
                        {
                            "Node Type": "Aggregate",
                            "Strategy": "Plain",
                            "Partial Mode": "Partial",
                            "Parent Relationship": "Outer",
                            "Parallel Aware": false,
                            "Startup Cost": 238763.76,
                            "Total Cost": 238763.77,
                            "Plan Rows": 1,
                            "Plan Width": 8,
                            "Actual Startup Time": 217.744,
                            "Actual Total Time": 217.747,
                            "Actual Rows": 1,
                            "Actual Loops": 6,
                            "Output": [
                                "PARTIAL count(*)"
                            ],
                            "Workers": [
                                {
                                    "Worker Number": 0,
                                    "Actual Startup Time": 215.127,
                                    "Actual Total Time": 215.13,
                                    "Actual Rows": 1,
                                    "Actual Loops": 1
                                },
                                {
                                    "Worker Number": 1,
                                    "Actual Startup Time": 215.137,
                                    "Actual Total Time": 215.14,
                                    "Actual Rows": 1,
                                    "Actual Loops": 1
                                },
                                {
                                    "Worker Number": 2,
                                    "Actual Startup Time": 215.626,
                                    "Actual Total Time": 215.63,
                                    "Actual Rows": 1,
                                    "Actual Loops": 1
                                },
                                {
                                    "Worker Number": 3,
                                    "Actual Startup Time": 216.231,
                                    "Actual Total Time": 216.234,
                                    "Actual Rows": 1,
                                    "Actual Loops": 1
                                },
                                {
                                    "Worker Number": 4,
                                    "Actual Startup Time": 216.814,
                                    "Actual Total Time": 216.818,
                                    "Actual Rows": 1,
                                    "Actual Loops": 1
                                }
                            ],
                            "Plans": [
                                {
                                    "Node Type": "Hash Join",
                                    "Parent Relationship": "Outer",
                                    "Parallel Aware": true,
                                    "Join Type": "Inner",
                                    "Startup Cost": 72093.34,
                                    "Total Cost": 238728.29,
                                    "Plan Rows": 14189,
                                    "Plan Width": 0,
                                    "Actual Startup Time": 136.393,
                                    "Actual Total Time": 216.967,
                                    "Actual Rows": 9245,
                                    "Actual Loops": 6,
                                    "Inner Unique": true,
                                    "Hash Cond": "(mi.movie_id = t.id)",
                                    "Workers": [
                                        {
                                            "Worker Number": 0,
                                            "Actual Startup Time": 133.771,
                                            "Actual Total Time": 214.318,
                                            "Actual Rows": 6378,
                                            "Actual Loops": 1
                                        },
                                        {
                                            "Worker Number": 1,
                                            "Actual Startup Time": 134.523,
                                            "Actual Total Time": 214.331,
                                            "Actual Rows": 8868,
                                            "Actual Loops": 1
                                        },
                                        {
                                            "Worker Number": 2,
                                            "Actual Startup Time": 134.428,
                                            "Actual Total Time": 214.802,
                                            "Actual Rows": 8772,
                                            "Actual Loops": 1
                                        },
                                        {
                                            "Worker Number": 3,
                                            "Actual Startup Time": 134.665,
                                            "Actual Total Time": 215.421,
                                            "Actual Rows": 8524,
                                            "Actual Loops": 1
                                        },
                                        {
                                            "Worker Number": 4,
                                            "Actual Startup Time": 135.159,
                                            "Actual Total Time": 216.0,
                                            "Actual Rows": 8744,
                                            "Actual Loops": 1
                                        }
                                    ],
                                    "Plans": [
                                        {
                                            "Node Type": "Bitmap Heap Scan",
                                            "Parent Relationship": "Outer",
                                            "Parallel Aware": true,
                                            "Relation Name": "movie_info",
                                            "Schema": "public",
                                            "Alias": "mi",
                                            "Startup Cost": 27829.04,
                                            "Total Cost": 193658.37,
                                            "Plan Rows": 306906,
                                            "Plan Width": 4,
                                            "Actual Startup Time": 50.276,
                                            "Actual Total Time": 90.83,
                                            "Actual Rows": 255652,
                                            "Actual Loops": 6,
                                            "Output": [
                                                "mi.id",
                                                "mi.movie_id",
                                                "mi.info_type_id",
                                                "mi.info",
                                                "mi.note"
                                            ],
                                            "Recheck Cond": "(mi.info_type_id = 3)",
                                            "Rows Removed by Index Recheck": 0,
                                            "Exact Heap Blocks": 2443,
                                            "Lossy Heap Blocks": 0,
                                            "Workers": [
                                                {
                                                    "Worker Number": 0,
                                                    "Actual Startup Time": 50.306,
                                                    "Actual Total Time": 91.593,
                                                    "Actual Rows": 181515,
                                                    "Actual Loops": 1
                                                },
                                                {
                                                    "Worker Number": 1,
                                                    "Actual Startup Time": 50.292,
                                                    "Actual Total Time": 91.491,
                                                    "Actual Rows": 245946,
                                                    "Actual Loops": 1
                                                },
                                                {
                                                    "Worker Number": 2,
                                                    "Actual Startup Time": 50.483,
                                                    "Actual Total Time": 91.433,
                                                    "Actual Rows": 239299,
                                                    "Actual Loops": 1
                                                },
                                                {
                                                    "Worker Number": 3,
                                                    "Actual Startup Time": 50.25,
                                                    "Actual Total Time": 91.401,
                                                    "Actual Rows": 239775,
                                                    "Actual Loops": 1
                                                },
                                                {
                                                    "Worker Number": 4,
                                                    "Actual Startup Time": 50.208,
                                                    "Actual Total Time": 91.529,
                                                    "Actual Rows": 243850,
                                                    "Actual Loops": 1
                                                }
                                            ],
                                            "Plans": [
                                                {
                                                    "Node Type": "Bitmap Index Scan",
                                                    "Parent Relationship": "Outer",
                                                    "Parallel Aware": false,
                                                    "Index Name": "info_type_id_movie_info",
                                                    "Startup Cost": 0.0,
                                                    "Total Cost": 27445.41,
                                                    "Plan Rows": 1534530,
                                                    "Plan Width": 0,
                                                    "Actual Startup Time": 48.734,
                                                    "Actual Total Time": 48.735,
                                                    "Actual Rows": 1533909,
                                                    "Actual Loops": 1,
                                                    "Index Cond": "(mi.info_type_id = 3)"
                                                }
                                            ]
                                        },
                                        {
                                            "Node Type": "Hash",
                                            "Parent Relationship": "Inner",
                                            "Parallel Aware": true,
                                            "Startup Cost": 43899.01,
                                            "Total Cost": 43899.01,
                                            "Plan Rows": 29223,
                                            "Plan Width": 4,
                                            "Actual Startup Time": 84.553,
                                            "Actual Total Time": 84.554,
                                            "Actual Rows": 19928,
                                            "Actual Loops": 6,
                                            "Output": [
                                                "t.id"
                                            ],
                                            "Hash Buckets": 131072,
                                            "Original Hash Buckets": 131072,
                                            "Hash Batches": 1,
                                            "Original Hash Batches": 1,
                                            "Peak Memory Usage": 5824,
                                            "Workers": [
                                                {
                                                    "Worker Number": 0,
                                                    "Actual Startup Time": 82.641,
                                                    "Actual Total Time": 82.642,
                                                    "Actual Rows": 13481,
                                                    "Actual Loops": 1
                                                },
                                                {
                                                    "Worker Number": 1,
                                                    "Actual Startup Time": 82.639,
                                                    "Actual Total Time": 82.64,
                                                    "Actual Rows": 18082,
                                                    "Actual Loops": 1
                                                },
                                                {
                                                    "Worker Number": 2,
                                                    "Actual Startup Time": 83.241,
                                                    "Actual Total Time": 83.242,
                                                    "Actual Rows": 16727,
                                                    "Actual Loops": 1
                                                },
                                                {
                                                    "Worker Number": 3,
                                                    "Actual Startup Time": 83.819,
                                                    "Actual Total Time": 83.82,
                                                    "Actual Rows": 18228,
                                                    "Actual Loops": 1
                                                },
                                                {
                                                    "Worker Number": 4,
                                                    "Actual Startup Time": 84.345,
                                                    "Actual Total Time": 84.345,
                                                    "Actual Rows": 17011,
                                                    "Actual Loops": 1
                                                }
                                            ],
                                            "Plans": [
                                                {
                                                    "Node Type": "Seq Scan",
                                                    "Parent Relationship": "Outer",
                                                    "Parallel Aware": true,
                                                    "Relation Name": "title",
                                                    "Schema": "public",
                                                    "Alias": "t",
                                                    "Startup Cost": 0.0,
                                                    "Total Cost": 43899.01,
                                                    "Plan Rows": 29223,
                                                    "Plan Width": 4,
                                                    "Actual Startup Time": 0.053,
                                                    "Actual Total Time": 75.654,
                                                    "Actual Rows": 19928,
                                                    "Actual Loops": 6,
                                                    "Output": [
                                                        "t.id"
                                                    ],
                                                    "Filter": "(t.production_year = 2007)",
                                                    "Rows Removed by Filter": 401458,
                                                    "Workers": [
                                                        {
                                                            "Worker Number": 0,
                                                            "Actual Startup Time": 0.071,
                                                            "Actual Total Time": 74.731,
                                                            "Actual Rows": 13481,
                                                            "Actual Loops": 1
                                                        },
                                                        {
                                                            "Worker Number": 1,
                                                            "Actual Startup Time": 0.062,
                                                            "Actual Total Time": 74.095,
                                                            "Actual Rows": 18082,
                                                            "Actual Loops": 1
                                                        },
                                                        {
                                                            "Worker Number": 2,
                                                            "Actual Startup Time": 0.06,
                                                            "Actual Total Time": 75.166,
                                                            "Actual Rows": 16727,
                                                            "Actual Loops": 1
                                                        },
                                                        {
                                                            "Worker Number": 3,
                                                            "Actual Startup Time": 0.045,
                                                            "Actual Total Time": 75.421,
                                                            "Actual Rows": 18228,
                                                            "Actual Loops": 1
                                                        },
                                                        {
                                                            "Worker Number": 4,
                                                            "Actual Startup Time": 0.045,
                                                            "Actual Total Time": 75.989,
                                                            "Actual Rows": 17011,
                                                            "Actual Loops": 1
                                                        }
                                                    ]
                                                }
                                            ]
                                        }
                                    ]
                                }
                            ]
                        }
                    ]
                }
            ]
        },
        "Planning Time": 202.55,
        "Triggers": [],
        "Execution Time": 238.665
    }
]