[
  {
    "Plan": {
      "Node Type": "Aggregate",
      "Strategy": "Plain",
      "Partial Mode": "Finalize",
      "Parallel Aware": false,
      "Startup Cost": 217998.43,
      "Total Cost": 217998.44,
      "Plan Rows": 1,
      "Plan Width": 8,
      "Actual Startup Time": 61.374,
      "Actual Total Time": 67.17,
      "Actual Rows": 1,
      "Actual Loops": 1,
      "Plans": [
        {
          "Node Type": "Gather",
          "Parent Relationship": "Outer",
          "Parallel Aware": false,
          "Startup Cost": 217998.01,
          "Total Cost": 217998.42,
          "Plan Rows": 4,
          "Plan Width": 8,
          "Actual Startup Time": 61.132,
          "Actual Total Time": 67.164,
          "Actual Rows": 5,
          "Actual Loops": 1,
          "Workers Planned": 4,
          "Workers Launched": 4,
          "Single Copy": false,
          "Plans": [
            {
              "Node Type": "Aggregate",
              "Strategy": "Plain",
              "Partial Mode": "Partial",
              "Parent Relationship": "Outer",
              "Parallel Aware": false,
              "Startup Cost": 216998.01,
              "Total Cost": 216998.02,
              "Plan Rows": 1,
              "Plan Width": 8,
              "Actual Startup Time": 51.19,
              "Actual Total Time": 51.192,
              "Actual Rows": 1,
              "Actual Loops": 5,
              "Plans": [
                {
                  "Node Type": "Nested Loop",
                  "Parent Relationship": "Outer",
                  "Parallel Aware": false,
                  "Join Type": "Inner",
                  "Startup Cost": 2185.12,
                  "Total Cost": 216974.73,
                  "Plan Rows": 9313,
                  "Plan Width": 0,
                  "Actual Startup Time": 36.965,
                  "Actual Total Time": 51.185,
                  "Actual Rows": 2,
                  "Actual Loops": 5,
                  "Inner Unique": false,
                  "Plans": [
                    {
                      "Node Type": "Bitmap Heap Scan",
                      "Parent Relationship": "Outer",
                      "Parallel Aware": true,
                      "Relation Name": "title",
                      "Alias": "t",
                      "Startup Cost": 2184.68,
                      "Total Cost": 38640.94,
                      "Plan Rows": 3744,
                      "Plan Width": 4,
                      "Actual Startup Time": 36.842,
                      "Actual Total Time": 51.0,
                      "Actual Rows": 1,
                      "Actual Loops": 5,
                      "Recheck Cond": "(kind_id = 4)",
                      "Rows Removed by Index Recheck": 0,
                      "Filter": "(production_year < 1967)",
                      "Rows Removed by Filter": 23645,
                      "Exact Heap Blocks": 7327,
                      "Lossy Heap Blocks": 0,
                      "Plans": [
                        {
                          "Node Type": "Bitmap Index Scan",
                          "Parent Relationship": "Outer",
                          "Parallel Aware": false,
                          "Index Name": "kind_id_title",
                          "Startup Cost": 0.0,
                          "Total Cost": 2180.94,
                          "Plan Rows": 122201,
                          "Plan Width": 0,
                          "Actual Startup Time": 19.791,
                          "Actual Total Time": 19.791,
                          "Actual Rows": 118234,
                          "Actual Loops": 1,
                          "Index Cond": "(kind_id = 4)"
                        }
                      ]
                    },
                    {
                      "Node Type": "Index Scan",
                      "Parent Relationship": "Inner",
                      "Parallel Aware": false,
                      "Scan Direction": "Forward",
                      "Index Name": "movie_id_movie_info",
                      "Relation Name": "movie_info",
                      "Alias": "mi",
                      "Startup Cost": 0.43,
                      "Total Cost": 47.45,
                      "Plan Rows": 18,
                      "Plan Width": 4,
                      "Actual Startup Time": 0.1,
                      "Actual Total Time": 0.127,
                      "Actual Rows": 2,
                      "Actual Loops": 7,
                      "Index Cond": "(movie_id = t.id)",
                      "Rows Removed by Index Recheck": 0,
                      "Filter": "(info_type_id > 8)",
                      "Rows Removed by Filter": 5
                    }
                  ]
                }
              ]
            }
          ]
        }
      ]
    },
    "Planning Time": 0.654,
    "Triggers": [],
    "Execution Time": 67.26
  }
]