[
  {
    "Plan": {
      "Node Type": "Aggregate",
      "Strategy": "Plain",
      "Partial Mode": "Finalize",
      "Parallel Aware": false,
      "Startup Cost": 340976.2,
      "Total Cost": 340976.21,
      "Plan Rows": 1,
      "Plan Width": 8,
      "Actual Startup Time": 757.725,
      "Actual Total Time": 810.994,
      "Actual Rows": 1,
      "Actual Loops": 1,
      "Plans": [
        {
          "Node Type": "Gather",
          "Parent Relationship": "Outer",
          "Parallel Aware": false,
          "Startup Cost": 340975.57,
          "Total Cost": 340976.18,
          "Plan Rows": 6,
          "Plan Width": 8,
          "Actual Startup Time": 757.599,
          "Actual Total Time": 810.984,
          "Actual Rows": 7,
          "Actual Loops": 1,
          "Workers Planned": 6,
          "Workers Launched": 6,
          "Single Copy": false,
          "Plans": [
            {
              "Node Type": "Aggregate",
              "Strategy": "Plain",
              "Partial Mode": "Partial",
              "Parent Relationship": "Outer",
              "Parallel Aware": false,
              "Startup Cost": 339975.57,
              "Total Cost": 339975.58,
              "Plan Rows": 1,
              "Plan Width": 8,
              "Actual Startup Time": 751.355,
              "Actual Total Time": 751.356,
              "Actual Rows": 1,
              "Actual Loops": 7,
              "Plans": [
                {
                  "Node Type": "Seq Scan",
                  "Parent Relationship": "Outer",
                  "Parallel Aware": true,
                  "Relation Name": "cast_info",
                  "Alias": "ci",
                  "Startup Cost": 0.0,
                  "Total Cost": 328211.39,
                  "Plan Rows": 4705673,
                  "Plan Width": 0,
                  "Actual Startup Time": 89.859,
                  "Actual Total Time": 579.987,
                  "Actual Rows": 4015336,
                  "Actual Loops": 7,
                  "Filter": "(person_id > 795771)",
                  "Rows Removed by Filter": 1162428
                }
              ]
            }
          ]
        }
      ]
    },
    "Planning Time": 0.115,
    "Triggers": [],
    "Execution Time": 811.044
  }
]