[
  {
    "Plan": {
      "Node Type": "Aggregate",
      "Strategy": "Plain",
      "Partial Mode": "Finalize",
      "Parallel Aware": false,
      "Startup Cost": 340931.33,
      "Total Cost": 340931.34,
      "Plan Rows": 1,
      "Plan Width": 8,
      "Actual Startup Time": 830.823,
      "Actual Total Time": 887.55,
      "Actual Rows": 1,
      "Actual Loops": 1,
      "Plans": [
        {
          "Node Type": "Gather",
          "Parent Relationship": "Outer",
          "Parallel Aware": false,
          "Startup Cost": 340930.71,
          "Total Cost": 340931.32,
          "Plan Rows": 6,
          "Plan Width": 8,
          "Actual Startup Time": 830.682,
          "Actual Total Time": 887.539,
          "Actual Rows": 7,
          "Actual Loops": 1,
          "Workers Planned": 6,
          "Workers Launched": 6,
          "Single Copy": false,
          "Plans": [
            {
              "Node Type": "Aggregate",
              "Strategy": "Plain",
              "Partial Mode": "Partial",
              "Parent Relationship": "Outer",
              "Parallel Aware": false,
              "Startup Cost": 339930.71,
              "Total Cost": 339930.72,
              "Plan Rows": 1,
              "Plan Width": 8,
              "Actual Startup Time": 821.211,
              "Actual Total Time": 821.212,
              "Actual Rows": 1,
              "Actual Loops": 7,
              "Plans": [
                {
                  "Node Type": "Seq Scan",
                  "Parent Relationship": "Outer",
                  "Parallel Aware": true,
                  "Relation Name": "cast_info",
                  "Alias": "ci",
                  "Startup Cost": 0.0,
                  "Total Cost": 328162.03,
                  "Plan Rows": 4707473,
                  "Plan Width": 0,
                  "Actual Startup Time": 98.169,
                  "Actual Total Time": 642.746,
                  "Actual Rows": 4015336,
                  "Actual Loops": 7,
                  "Filter": "(person_id > 795771)",
                  "Rows Removed by Filter": 1162428
                }
              ]
            }
          ]
        }
      ]
    },
    "Planning Time": 0.202,
    "Triggers": [],
    "Execution Time": 887.621
  }
]