[
  {
    "Plan": {
      "Node Type": "Aggregate",
      "Strategy": "Plain",
      "Partial Mode": "Finalize",
      "Parallel Aware": false,
      "Startup Cost": 25160.02,
      "Total Cost": 25160.03,
      "Plan Rows": 1,
      "Plan Width": 8,
      "Actual Startup Time": 43.989,
      "Actual Total Time": 49.096,
      "Actual Rows": 1,
      "Actual Loops": 1,
      "Plans": [
        {
          "Node Type": "Gather",
          "Parent Relationship": "Outer",
          "Parallel Aware": false,
          "Startup Cost": 25159.81,
          "Total Cost": 25160.02,
          "Plan Rows": 2,
          "Plan Width": 8,
          "Actual Startup Time": 43.827,
          "Actual Total Time": 49.088,
          "Actual Rows": 3,
          "Actual Loops": 1,
          "Workers Planned": 2,
          "Workers Launched": 2,
          "Single Copy": false,
          "Plans": [
            {
              "Node Type": "Aggregate",
              "Strategy": "Plain",
              "Partial Mode": "Partial",
              "Parent Relationship": "Outer",
              "Parallel Aware": false,
              "Startup Cost": 24159.81,
              "Total Cost": 24159.82,
              "Plan Rows": 1,
              "Plan Width": 8,
              "Actual Startup Time": 36.417,
              "Actual Total Time": 36.419,
              "Actual Rows": 1,
              "Actual Loops": 3,
              "Plans": [
                {
                  "Node Type": "Nested Loop",
                  "Parent Relationship": "Outer",
                  "Parallel Aware": false,
                  "Join Type": "Inner",
                  "Startup Cost": 93.58,
                  "Total Cost": 24158.83,
                  "Plan Rows": 392,
                  "Plan Width": 0,
                  "Actual Startup Time": 10.175,
                  "Actual Total Time": 36.334,
                  "Actual Rows": 281,
                  "Actual Loops": 3,
                  "Inner Unique": true,
                  "Plans": [
                    {
                      "Node Type": "Bitmap Heap Scan",
                      "Parent Relationship": "Outer",
                      "Parallel Aware": true,
                      "Relation Name": "movie_keyword",
                      "Alias": "mk",
                      "Startup Cost": 93.15,
                      "Total Cost": 11014.05,
                      "Plan Rows": 1759,
                      "Plan Width": 4,
                      "Actual Startup Time": 9.529,
                      "Actual Total Time": 17.146,
                      "Actual Rows": 1199,
                      "Actual Loops": 3,
                      "Recheck Cond": "(keyword_id = 786)",
                      "Rows Removed by Index Recheck": 0,
                      "Exact Heap Blocks": 2300,
                      "Lossy Heap Blocks": 0,
                      "Plans": [
                        {
                          "Node Type": "Bitmap Index Scan",
                          "Parent Relationship": "Outer",
                          "Parallel Aware": false,
                          "Index Name": "keyword_id_movie_keyword",
                          "Startup Cost": 0.0,
                          "Total Cost": 92.1,
                          "Plan Rows": 4222,
                          "Plan Width": 0,
                          "Actual Startup Time": 14.537,
                          "Actual Total Time": 14.537,
                          "Actual Rows": 3598,
                          "Actual Loops": 1,
                          "Index Cond": "(keyword_id = 786)"
                        }
                      ]
                    },
                    {
                      "Node Type": "Index Scan",
                      "Parent Relationship": "Inner",
                      "Parallel Aware": false,
                      "Scan Direction": "Forward",
                      "Index Name": "title_pkey",
                      "Relation Name": "title",
                      "Alias": "t",
                      "Startup Cost": 0.43,
                      "Total Cost": 7.47,
                      "Plan Rows": 1,
                      "Plan Width": 4,
                      "Actual Startup Time": 0.015,
                      "Actual Total Time": 0.015,
                      "Actual Rows": 0,
                      "Actual Loops": 3598,
                      "Index Cond": "(id = mk.movie_id)",
                      "Rows Removed by Index Recheck": 0,
                      "Filter": "((kind_id < 7) AND (production_year > 1999))",
                      "Rows Removed by Filter": 1
                    }
                  ]
                }
              ]
            }
          ]
        }
      ]
    },
    "Planning Time": 0.635,
    "Triggers": [],
    "Execution Time": 49.185
  }
]