[
  {
    "Plan": {
      "Node Type": "Aggregate",
      "Strategy": "Plain",
      "Partial Mode": "Simple",
      "Parallel Aware": false,
      "Startup Cost": 28088.49,
      "Total Cost": 28088.49,
      "Plan Rows": 1,
      "Plan Width": 8,
      "Actual Startup Time": 63.917,
      "Actual Total Time": 63.918,
      "Actual Rows": 1,
      "Actual Loops": 1,
      "Plans": [
        {
          "Node Type": "Bitmap Heap Scan",
          "Parent Relationship": "Outer",
          "Parallel Aware": false,
          "Relation Name": "movie_keyword",
          "Alias": "mk",
          "Startup Cost": 2129.83,
          "Total Cost": 27837.71,
          "Plan Rows": 100310,
          "Plan Width": 0,
          "Actual Startup Time": 20.656,
          "Actual Total Time": 59.238,
          "Actual Rows": 98591,
          "Actual Loops": 1,
          "Recheck Cond": "(keyword_id > 82654)",
          "Rows Removed by Index Recheck": 0,
          "Exact Heap Blocks": 17207,
          "Lossy Heap Blocks": 0,
          "Plans": [
            {
              "Node Type": "Bitmap Index Scan",
              "Parent Relationship": "Outer",
              "Parallel Aware": false,
              "Index Name": "keyword_id_movie_keyword",
              "Startup Cost": 0.0,
              "Total Cost": 2104.76,
              "Plan Rows": 100310,
              "Plan Width": 0,
              "Actual Startup Time": 15.922,
              "Actual Total Time": 15.922,
              "Actual Rows": 98591,
              "Actual Loops": 1,
              "Index Cond": "(keyword_id > 82654)"
            }
          ]
        }
      ]
    },
    "Planning Time": 0.17,
    "Triggers": [],
    "Execution Time": 63.979
  }
]