{
  "Plan": {
    "Node Type": "Aggregate",
    "Strategy": "Plain",
    "Partial Mode": "Finalize",
    "Parallel Aware": false,
    "Startup Cost": 578361.53,
    "Total Cost": 578361.54,
    "Plan Rows": 1,
    "Plan Width": 8,
    "Actual Startup Time": 3492.388,
    "Actual Total Time": 3545.906,
    "Actual Rows": 1,
    "Actual Loops": 1,
    "Plans": [
      {
        "Node Type": "Gather",
        "Parent Relationship": "Outer",
        "Parallel Aware": false,
        "Startup Cost": 578361.42,
        "Total Cost": 578361.53,
        "Plan Rows": 1,
        "Plan Width": 8,
        "Actual Startup Time": 3492.087,
        "Actual Total Time": 3545.898,
        "Actual Rows": 2,
        "Actual Loops": 1,
        "Workers Planned": 1,
        "Workers Launched": 1,
        "Single Copy": false,
        "Plans": [
          {
            "Node Type": "Aggregate",
            "Strategy": "Plain",
            "Partial Mode": "Partial",
            "Parent Relationship": "Outer",
            "Parallel Aware": false,
            "Startup Cost": 577361.42,
            "Total Cost": 577361.43,
            "Plan Rows": 1,
            "Plan Width": 8,
            "Actual Startup Time": 3486.205,
            "Actual Total Time": 3486.209,
            "Actual Rows": 1,
            "Actual Loops": 2,
            "Plans": [
              {
                "Node Type": "Hash Join",
                "Parent Relationship": "Outer",
                "Parallel Aware": true,
                "Join Type": "Inner",
                "Startup Cost": 54857.33,
                "Total Cost": 576590.68,
                "Plan Rows": 308294,
                "Plan Width": 0,
                "Actual Startup Time": 146.871,
                "Actual Total Time": 3471.674,
                "Actual Rows": 280210,
                "Actual Loops": 2,
                "Inner Unique": true,
                "Hash Cond": "(ci.movie_id = t.id)",
                "Plans": [
                  {
                    "Node Type": "Seq Scan",
                    "Parent Relationship": "Outer",
                    "Parallel Aware": true,
                    "Relation Name": "cast_info",
                    "Alias": "ci",
                    "Startup Cost": 0.0,
                    "Total Cost": 465792.95,
                    "Plan Rows": 21310595,
                    "Plan Width": 4,
                    "Actual Startup Time": 0.014,
                    "Actual Total Time": 1454.608,
                    "Actual Rows": 18122172,
                    "Actual Loops": 2
                  },
                  {
                    "Node Type": "Hash",
                    "Parent Relationship": "Inner",
                    "Parallel Aware": true,
                    "Startup Cost": 54588.39,
                    "Total Cost": 54588.39,
                    "Plan Rows": 21515,
                    "Plan Width": 4,
                    "Actual Startup Time": 145.361,
                    "Actual Total Time": 145.362,
                    "Actual Rows": 18254,
                    "Actual Loops": 2,
                    "Hash Buckets": 65536,
                    "Original Hash Buckets": 65536,
                    "Hash Batches": 1,
                    "Original Hash Batches": 1,
                    "Peak Memory Usage": 1952,
                    "Plans": [
                      {
                        "Node Type": "Seq Scan",
                        "Parent Relationship": "Outer",
                        "Parallel Aware": true,
                        "Relation Name": "title",
                        "Alias": "t",
                        "Startup Cost": 0.0,
                        "Total Cost": 54588.39,
                        "Plan Rows": 21515,
                        "Plan Width": 4,
                        "Actual Startup Time": 0.049,
                        "Actual Total Time": 138.15,
                        "Actual Rows": 18254,
                        "Actual Loops": 2,
                        "Filter": "(production_year = 1996)",
                        "Rows Removed by Filter": 1245902
                      }
                    ]
                  }
                ]
              }
            ]
          }
        ]
      }
    ]
  },
  "Planning Time": 0.422,
  "Triggers": [],
  "Execution Time": 3545.987
}