[
    {
        "Bao": {
            "Bao prediction": "NaN",
            "Bao recommended hint": "(no hint)"
        }
    },
    {
        "Plan": {
            "Node Type": "Aggregate",
            "Strategy": "Plain",
            "Partial Mode": "Finalize",
            "Parallel Aware": false,
            "Startup Cost": 32975.19,
            "Total Cost": 32975.2,
            "Plan Rows": 1,
            "Plan Width": 8,
            "Actual Startup Time": 87.14,
            "Actual Total Time": 91.312,
            "Actual Rows": 1,
            "Actual Loops": 1,
            "Output": [
                "count(*)"
            ],
            "Plans": [
                {
                    "Node Type": "Gather",
                    "Parent Relationship": "Outer",
                    "Parallel Aware": false,
                    "Startup Cost": 32974.88,
                    "Total Cost": 32975.19,
                    "Plan Rows": 3,
                    "Plan Width": 8,
                    "Actual Startup Time": 87.012,
                    "Actual Total Time": 91.305,
                    "Actual Rows": 4,
                    "Actual Loops": 1,
                    "Output": [
                        "(PARTIAL count(*))"
                    ],
                    "Workers Planned": 3,
                    "Workers Launched": 3,
                    "Single Copy": false,
                    "Plans": [
                        {
                            "Node Type": "Aggregate",
                            "Strategy": "Plain",
                            "Partial Mode": "Partial",
                            "Parent Relationship": "Outer",
                            "Parallel Aware": false,
                            "Startup Cost": 31974.88,
                            "Total Cost": 31974.89,
                            "Plan Rows": 1,
                            "Plan Width": 8,
                            "Actual Startup Time": 79.054,
                            "Actual Total Time": 79.055,
                            "Actual Rows": 1,
                            "Actual Loops": 4,
                            "Output": [
                                "PARTIAL count(*)"
                            ],
                            "Workers": [
                                {
                                    "Worker Number": 0,
                                    "Actual Startup Time": 76.344,
                                    "Actual Total Time": 76.345,
                                    "Actual Rows": 1,
                                    "Actual Loops": 1
                                },
                                {
                                    "Worker Number": 1,
                                    "Actual Startup Time": 76.55,
                                    "Actual Total Time": 76.552,
                                    "Actual Rows": 1,
                                    "Actual Loops": 1
                                },
                                {
                                    "Worker Number": 2,
                                    "Actual Startup Time": 76.669,
                                    "Actual Total Time": 76.67,
                                    "Actual Rows": 1,
                                    "Actual Loops": 1
                                }
                            ],
                            "Plans": [
                                {
                                    "Node Type": "Seq Scan",
                                    "Parent Relationship": "Outer",
                                    "Parallel Aware": true,
                                    "Relation Name": "movie_companies",
                                    "Schema": "public",
                                    "Alias": "mc",
                                    "Startup Cost": 0.0,
                                    "Total Cost": 31414.82,
                                    "Plan Rows": 224023,
                                    "Plan Width": 0,
                                    "Actual Startup Time": 42.236,
                                    "Actual Total Time": 73.757,
                                    "Actual Rows": 110170,
                                    "Actual Loops": 4,
                                    "Output": [
                                        "id",
                                        "movie_id",
                                        "company_id",
                                        "company_type_id",
                                        "note"
                                    ],
                                    "Filter": "((mc.company_id < 11649) AND (mc.company_type_id > 1))",
                                    "Rows Removed by Filter": 542112,
                                    "Workers": [
                                        {
                                            "Worker Number": 0,
                                            "Actual Startup Time": 39.523,
                                            "Actual Total Time": 71.245,
                                            "Actual Rows": 110742,
                                            "Actual Loops": 1
                                        },
                                        {
                                            "Worker Number": 1,
                                            "Actual Startup Time": 39.738,
                                            "Actual Total Time": 71.399,
                                            "Actual Rows": 111926,
                                            "Actual Loops": 1
                                        },
                                        {
                                            "Worker Number": 2,
                                            "Actual Startup Time": 39.844,
                                            "Actual Total Time": 71.49,
                                            "Actual Rows": 75679,
                                            "Actual Loops": 1
                                        }
                                    ]
                                }
                            ]
                        }
                    ]
                }
            ]
        },
        "Planning Time": 225.179,
        "Triggers": [],
        "Execution Time": 91.391
    }
]