[
  {
    "Plan": {
      "Node Type": "Aggregate",
      "Strategy": "Plain",
      "Partial Mode": "Finalize",
      "Parallel Aware": false,
      "Startup Cost": 130543.07,
      "Total Cost": 130543.08,
      "Plan Rows": 1,
      "Plan Width": 8,
      "Actual Startup Time": 679.828,
      "Actual Total Time": 710.206,
      "Actual Rows": 1,
      "Actual Loops": 1,
      "Plans": [
        {
          "Node Type": "Gather",
          "Parent Relationship": "Outer",
          "Parallel Aware": false,
          "Startup Cost": 130542.75,
          "Total Cost": 130543.06,
          "Plan Rows": 3,
          "Plan Width": 8,
          "Actual Startup Time": 674.017,
          "Actual Total Time": 710.191,
          "Actual Rows": 4,
          "Actual Loops": 1,
          "Workers Planned": 3,
          "Workers Launched": 3,
          "Single Copy": false,
          "Plans": [
            {
              "Node Type": "Aggregate",
              "Strategy": "Plain",
              "Partial Mode": "Partial",
              "Parent Relationship": "Outer",
              "Parallel Aware": false,
              "Startup Cost": 129542.75,
              "Total Cost": 129542.76,
              "Plan Rows": 1,
              "Plan Width": 8,
              "Actual Startup Time": 665.101,
              "Actual Total Time": 665.232,
              "Actual Rows": 1,
              "Actual Loops": 4,
              "Plans": [
                {
                  "Node Type": "Hash Join",
                  "Parent Relationship": "Outer",
                  "Parallel Aware": true,
                  "Join Type": "Inner",
                  "Startup Cost": 80465.32,
                  "Total Cost": 128903.05,
                  "Plan Rows": 255881,
                  "Plan Width": 0,
                  "Actual Startup Time": 421.353,
                  "Actual Total Time": 662.575,
                  "Actual Rows": 48239,
                  "Actual Loops": 4,
                  "Inner Unique": false,
                  "Hash Cond": "(mk.movie_id = t.id)",
                  "Plans": [
                    {
                      "Node Type": "Seq Scan",
                      "Parent Relationship": "Outer",
                      "Parallel Aware": true,
                      "Relation Name": "movie_keyword",
                      "Alias": "mk",
                      "Startup Cost": 0.0,
                      "Total Cost": 42695.65,
                      "Plan Rows": 1311107,
                      "Plan Width": 4,
                      "Actual Startup Time": 0.035,
                      "Actual Total Time": 148.369,
                      "Actual Rows": 1015551,
                      "Actual Loops": 4,
                      "Filter": "(keyword_id > 348)",
                      "Rows Removed by Filter": 115432
                    },
                    {
                      "Node Type": "Hash",
                      "Parent Relationship": "Inner",
                      "Parallel Aware": true,
                      "Startup Cost": 78475.57,
                      "Total Cost": 78475.57,
                      "Plan Rows": 159180,
                      "Plan Width": 8,
                      "Actual Startup Time": 417.505,
                      "Actual Total Time": 417.634,
                      "Actual Rows": 36795,
                      "Actual Loops": 4,
                      "Hash Buckets": 524288,
                      "Original Hash Buckets": 524288,
                      "Hash Batches": 1,
                      "Original Hash Batches": 1,
                      "Peak Memory Usage": 9920,
                      "Plans": [
                        {
                          "Node Type": "Hash Join",
                          "Parent Relationship": "Outer",
                          "Parallel Aware": true,
                          "Join Type": "Inner",
                          "Startup Cost": 47628.55,
                          "Total Cost": 78475.57,
                          "Plan Rows": 159180,
                          "Plan Width": 8,
                          "Actual Startup Time": 201.015,
                          "Actual Total Time": 400.893,
                          "Actual Rows": 36795,
                          "Actual Loops": 4,
                          "Inner Unique": true,
                          "Hash Cond": "(mc.movie_id = t.id)",
                          "Plans": [
                            {
                              "Node Type": "Seq Scan",
                              "Parent Relationship": "Outer",
                              "Parallel Aware": true,
                              "Relation Name": "movie_companies",
                              "Alias": "mc",
                              "Startup Cost": 0.0,
                              "Total Cost": 29310.68,
                              "Plan Rows": 585274,
                              "Plan Width": 4,
                              "Actual Startup Time": 0.561,
                              "Actual Total Time": 94.173,
                              "Actual Rows": 454573,
                              "Actual Loops": 4,
                              "Filter": "(company_id > 1709)",
                              "Rows Removed by Filter": 197709
                            },
                            {
                              "Node Type": "Hash",
                              "Parent Relationship": "Inner",
                              "Parallel Aware": true,
                              "Startup Cost": 45479.59,
                              "Total Cost": 45479.59,
                              "Plan Rows": 171917,
                              "Plan Width": 4,
                              "Actual Startup Time": 197.155,
                              "Actual Total Time": 197.157,
                              "Actual Rows": 149124,
                              "Actual Loops": 4,
                              "Hash Buckets": 1048576,
                              "Original Hash Buckets": 1048576,
                              "Hash Batches": 1,
                              "Original Hash Batches": 1,
                              "Peak Memory Usage": 31584,
                              "Plans": [
                                {
                                  "Node Type": "Seq Scan",
                                  "Parent Relationship": "Outer",
                                  "Parallel Aware": true,
                                  "Relation Name": "title",
                                  "Alias": "t",
                                  "Startup Cost": 0.0,
                                  "Total Cost": 45479.59,
                                  "Plan Rows": 171917,
                                  "Plan Width": 4,
                                  "Actual Startup Time": 0.058,
                                  "Actual Total Time": 126.92,
                                  "Actual Rows": 149124,
                                  "Actual Loops": 4,
                                  "Filter": "((production_year < 2002) AND (kind_id = 7))",
                                  "Rows Removed by Filter": 482954
                                }
                              ]
                            }
                          ]
                        }
                      ]
                    }
                  ]
                }
              ]
            }
          ]
        }
      ]
    },
    "Planning Time": 1.638,
    "Triggers": [],
    "Execution Time": 710.303
  }
]