[
  {
    "Plan": {
      "Node Type": "Aggregate",
      "Strategy": "Plain",
      "Partial Mode": "Finalize",
      "Parallel Aware": false,
      "Startup Cost": 396157.51,
      "Total Cost": 396157.52,
      "Plan Rows": 1,
      "Plan Width": 8,
      "Actual Startup Time": 1473.426,
      "Actual Total Time": 1501.026,
      "Actual Rows": 1,
      "Actual Loops": 1,
      "Plans": [
        {
          "Node Type": "Gather",
          "Parent Relationship": "Outer",
          "Parallel Aware": false,
          "Startup Cost": 396157.19,
          "Total Cost": 396157.5,
          "Plan Rows": 3,
          "Plan Width": 8,
          "Actual Startup Time": 1455.565,
          "Actual Total Time": 1501.014,
          "Actual Rows": 4,
          "Actual Loops": 1,
          "Workers Planned": 3,
          "Workers Launched": 3,
          "Single Copy": false,
          "Plans": [
            {
              "Node Type": "Aggregate",
              "Strategy": "Plain",
              "Partial Mode": "Partial",
              "Parent Relationship": "Outer",
              "Parallel Aware": false,
              "Startup Cost": 395157.19,
              "Total Cost": 395157.2,
              "Plan Rows": 1,
              "Plan Width": 8,
              "Actual Startup Time": 1443.711,
              "Actual Total Time": 1443.845,
              "Actual Rows": 1,
              "Actual Loops": 4,
              "Plans": [
                {
                  "Node Type": "Hash Join",
                  "Parent Relationship": "Outer",
                  "Parallel Aware": true,
                  "Join Type": "Inner",
                  "Startup Cost": 346872.55,
                  "Total Cost": 393748.8,
                  "Plan Rows": 563355,
                  "Plan Width": 0,
                  "Actual Startup Time": 858.585,
                  "Actual Total Time": 1305.302,
                  "Actual Rows": 3074578,
                  "Actual Loops": 4,
                  "Inner Unique": false,
                  "Hash Cond": "(mk.movie_id = t.id)",
                  "Plans": [
                    {
                      "Node Type": "Seq Scan",
                      "Parent Relationship": "Outer",
                      "Parallel Aware": true,
                      "Relation Name": "movie_keyword",
                      "Alias": "mk",
                      "Startup Cost": 0.0,
                      "Total Cost": 42695.65,
                      "Plan Rows": 864449,
                      "Plan Width": 4,
                      "Actual Startup Time": 0.169,
                      "Actual Total Time": 117.005,
                      "Actual Rows": 669784,
                      "Actual Loops": 4,
                      "Filter": "(keyword_id > 3060)",
                      "Rows Removed by Filter": 461199
                    },
                    {
                      "Node Type": "Hash",
                      "Parent Relationship": "Inner",
                      "Parallel Aware": true,
                      "Startup Cost": 343439.73,
                      "Total Cost": 343439.73,
                      "Plan Rows": 274625,
                      "Plan Width": 8,
                      "Actual Startup Time": 850.57,
                      "Actual Total Time": 850.702,
                      "Actual Rows": 390230,
                      "Actual Loops": 4,
                      "Hash Buckets": 2097152,
                      "Original Hash Buckets": 2097152,
                      "Hash Batches": 1,
                      "Original Hash Batches": 1,
                      "Peak Memory Usage": 77472,
                      "Plans": [
                        {
                          "Node Type": "Hash Join",
                          "Parent Relationship": "Outer",
                          "Parallel Aware": true,
                          "Join Type": "Inner",
                          "Startup Cost": 86599.03,
                          "Total Cost": 343439.73,
                          "Plan Rows": 274625,
                          "Plan Width": 8,
                          "Actual Startup Time": 410.782,
                          "Actual Total Time": 691.094,
                          "Actual Rows": 390230,
                          "Actual Loops": 4,
                          "Inner Unique": true,
                          "Hash Cond": "(ci.movie_id = t.id)",
                          "Plans": [
                            {
                              "Node Type": "Bitmap Heap Scan",
                              "Parent Relationship": "Outer",
                              "Parallel Aware": true,
                              "Relation Name": "cast_info",
                              "Alias": "ci",
                              "Startup Cost": 36378.64,
                              "Total Cost": 292498.46,
                              "Plan Rows": 274625,
                              "Plan Width": 4,
                              "Actual Startup Time": 49.012,
                              "Actual Total Time": 128.134,
                              "Actual Rows": 390230,
                              "Actual Loops": 4,
                              "Recheck Cond": "(person_id > 3753114)",
                              "Rows Removed by Index Recheck": 0,
                              "Exact Heap Blocks": 6378,
                              "Lossy Heap Blocks": 0,
                              "Plans": [
                                {
                                  "Node Type": "Bitmap Index Scan",
                                  "Parent Relationship": "Outer",
                                  "Parallel Aware": false,
                                  "Index Name": "person_id_cast_info",
                                  "Startup Cost": 0.0,
                                  "Total Cost": 35966.71,
                                  "Plan Rows": 1647752,
                                  "Plan Width": 0,
                                  "Actual Startup Time": 45.61,
                                  "Actual Total Time": 45.61,
                                  "Actual Rows": 1560920,
                                  "Actual Loops": 1,
                                  "Index Cond": "(person_id > 3753114)"
                                }
                              ]
                            },
                            {
                              "Node Type": "Hash",
                              "Parent Relationship": "Inner",
                              "Parallel Aware": true,
                              "Startup Cost": 42319.06,
                              "Total Cost": 42319.06,
                              "Plan Rows": 632106,
                              "Plan Width": 4,
                              "Actual Startup Time": 354.37,
                              "Actual Total Time": 354.37,
                              "Actual Rows": 632078,
                              "Actual Loops": 4,
                              "Hash Buckets": 4194304,
                              "Original Hash Buckets": 4194304,
                              "Hash Batches": 1,
                              "Original Hash Batches": 1,
                              "Peak Memory Usage": 131744,
                              "Plans": [
                                {
                                  "Node Type": "Seq Scan",
                                  "Parent Relationship": "Outer",
                                  "Parallel Aware": true,
                                  "Relation Name": "title",
                                  "Alias": "t",
                                  "Startup Cost": 0.0,
                                  "Total Cost": 42319.06,
                                  "Plan Rows": 632106,
                                  "Plan Width": 4,
                                  "Actual Startup Time": 0.062,
                                  "Actual Total Time": 100.441,
                                  "Actual Rows": 632078,
                                  "Actual Loops": 4
                                }
                              ]
                            }
                          ]
                        }
                      ]
                    }
                  ]
                }
              ]
            }
          ]
        }
      ]
    },
    "Planning Time": 1.643,
    "Triggers": [],
    "Execution Time": 1501.138
  }
]