[
  {
    "Plan": {
      "Node Type": "Aggregate",
      "Strategy": "Plain",
      "Partial Mode": "Finalize",
      "Parallel Aware": false,
      "Startup Cost": 36841.01,
      "Total Cost": 36841.02,
      "Plan Rows": 1,
      "Plan Width": 8,
      "Actual Startup Time": 125.151,
      "Actual Total Time": 133.938,
      "Actual Rows": 1,
      "Actual Loops": 1,
      "Plans": [
        {
          "Node Type": "Gather",
          "Parent Relationship": "Outer",
          "Parallel Aware": false,
          "Startup Cost": 36840.69,
          "Total Cost": 36841.0,
          "Plan Rows": 3,
          "Plan Width": 8,
          "Actual Startup Time": 124.848,
          "Actual Total Time": 133.926,
          "Actual Rows": 4,
          "Actual Loops": 1,
          "Workers Planned": 3,
          "Workers Launched": 3,
          "Single Copy": false,
          "Plans": [
            {
              "Node Type": "Aggregate",
              "Strategy": "Plain",
              "Partial Mode": "Partial",
              "Parent Relationship": "Outer",
              "Parallel Aware": false,
              "Startup Cost": 35840.69,
              "Total Cost": 35840.7,
              "Plan Rows": 1,
              "Plan Width": 8,
              "Actual Startup Time": 116.236,
              "Actual Total Time": 116.238,
              "Actual Rows": 1,
              "Actual Loops": 4,
              "Plans": [
                {
                  "Node Type": "Bitmap Heap Scan",
                  "Parent Relationship": "Outer",
                  "Parallel Aware": true,
                  "Relation Name": "movie_keyword",
                  "Alias": "mk",
                  "Startup Cost": 9271.79,
                  "Total Cost": 35488.21,
                  "Plan Rows": 140993,
                  "Plan Width": 0,
                  "Actual Startup Time": 35.685,
                  "Actual Total Time": 108.798,
                  "Actual Rows": 108006,
                  "Actual Loops": 4,
                  "Recheck Cond": "(keyword_id > 40554)",
                  "Rows Removed by Index Recheck": 0,
                  "Exact Heap Blocks": 6942,
                  "Lossy Heap Blocks": 0,
                  "Plans": [
                    {
                      "Node Type": "Bitmap Index Scan",
                      "Parent Relationship": "Outer",
                      "Parallel Aware": false,
                      "Index Name": "keyword_id_movie_keyword",
                      "Startup Cost": 0.0,
                      "Total Cost": 9162.52,
                      "Plan Rows": 437079,
                      "Plan Width": 0,
                      "Actual Startup Time": 38.335,
                      "Actual Total Time": 38.336,
                      "Actual Rows": 432023,
                      "Actual Loops": 1,
                      "Index Cond": "(keyword_id > 40554)"
                    }
                  ]
                }
              ]
            }
          ]
        }
      ]
    },
    "Planning Time": 0.074,
    "Triggers": [],
    "Execution Time": 133.98
  }
]