[
    {
        "Bao": {
            "Bao prediction": 397.008,
            "Bao recommended hint": "SET enable_mergejoin TO off; "
        }
    },
    {
        "Plan": {
            "Node Type": "Aggregate",
            "Strategy": "Plain",
            "Partial Mode": "Finalize",
            "Parallel Aware": false,
            "Startup Cost": 72621.45,
            "Total Cost": 72621.46,
            "Plan Rows": 1,
            "Plan Width": 128,
            "Actual Startup Time": 240.854,
            "Actual Total Time": 266.017,
            "Actual Rows": 1,
            "Actual Loops": 1,
            "Output": [
                "min(an.name)",
                "min(chn.name)",
                "min(n.name)",
                "min(t.title)"
            ],
            "Plans": [
                {
                    "Node Type": "Gather",
                    "Parent Relationship": "Outer",
                    "Parallel Aware": false,
                    "Startup Cost": 72621.0,
                    "Total Cost": 72621.41,
                    "Plan Rows": 4,
                    "Plan Width": 128,
                    "Actual Startup Time": 240.691,
                    "Actual Total Time": 265.999,
                    "Actual Rows": 5,
                    "Actual Loops": 1,
                    "Output": [
                        "(PARTIAL min(an.name))",
                        "(PARTIAL min(chn.name))",
                        "(PARTIAL min(n.name))",
                        "(PARTIAL min(t.title))"
                    ],
                    "Workers Planned": 4,
                    "Workers Launched": 4,
                    "Single Copy": false,
                    "Plans": [
                        {
                            "Node Type": "Aggregate",
                            "Strategy": "Plain",
                            "Partial Mode": "Partial",
                            "Parent Relationship": "Outer",
                            "Parallel Aware": false,
                            "Startup Cost": 71621.0,
                            "Total Cost": 71621.01,
                            "Plan Rows": 1,
                            "Plan Width": 128,
                            "Actual Startup Time": 228.094,
                            "Actual Total Time": 228.104,
                            "Actual Rows": 1,
                            "Actual Loops": 5,
                            "Output": [
                                "PARTIAL min(an.name)",
                                "PARTIAL min(chn.name)",
                                "PARTIAL min(n.name)",
                                "PARTIAL min(t.title)"
                            ],
                            "Workers": [
                                {
                                    "Worker Number": 0,
                                    "Actual Startup Time": 225.054,
                                    "Actual Total Time": 225.064,
                                    "Actual Rows": 1,
                                    "Actual Loops": 1
                                },
                                {
                                    "Worker Number": 1,
                                    "Actual Startup Time": 225.174,
                                    "Actual Total Time": 225.182,
                                    "Actual Rows": 1,
                                    "Actual Loops": 1
                                },
                                {
                                    "Worker Number": 2,
                                    "Actual Startup Time": 225.741,
                                    "Actual Total Time": 225.749,
                                    "Actual Rows": 1,
                                    "Actual Loops": 1
                                },
                                {
                                    "Worker Number": 3,
                                    "Actual Startup Time": 225.806,
                                    "Actual Total Time": 225.815,
                                    "Actual Rows": 1,
                                    "Actual Loops": 1
                                }
                            ],
                            "Plans": [
                                {
                                    "Node Type": "Nested Loop",
                                    "Parent Relationship": "Outer",
                                    "Parallel Aware": false,
                                    "Join Type": "Inner",
                                    "Startup Cost": 3.86,
                                    "Total Cost": 71620.96,
                                    "Plan Rows": 4,
                                    "Plan Width": 64,
                                    "Actual Startup Time": 112.24,
                                    "Actual Total Time": 227.863,
                                    "Actual Rows": 522,
                                    "Actual Loops": 5,
                                    "Output": [
                                        "an.name",
                                        "chn.name",
                                        "n.name",
                                        "t.title"
                                    ],
                                    "Inner Unique": true,
                                    "Workers": [
                                        {
                                            "Worker Number": 0,
                                            "Actual Startup Time": 109.459,
                                            "Actual Total Time": 224.832,
                                            "Actual Rows": 524,
                                            "Actual Loops": 1
                                        },
                                        {
                                            "Worker Number": 1,
                                            "Actual Startup Time": 104.625,
                                            "Actual Total Time": 224.899,
                                            "Actual Rows": 649,
                                            "Actual Loops": 1
                                        },
                                        {
                                            "Worker Number": 2,
                                            "Actual Startup Time": 110.496,
                                            "Actual Total Time": 225.55,
                                            "Actual Rows": 369,
                                            "Actual Loops": 1
                                        },
                                        {
                                            "Worker Number": 3,
                                            "Actual Startup Time": 108.383,
                                            "Actual Total Time": 225.524,
                                            "Actual Rows": 644,
                                            "Actual Loops": 1
                                        }
                                    ],
                                    "Plans": [
                                        {
                                            "Node Type": "Nested Loop",
                                            "Parent Relationship": "Outer",
                                            "Parallel Aware": false,
                                            "Join Type": "Inner",
                                            "Startup Cost": 3.43,
                                            "Total Cost": 71618.98,
                                            "Plan Rows": 4,
                                            "Plan Width": 55,
                                            "Actual Startup Time": 112.163,
                                            "Actual Total Time": 225.238,
                                            "Actual Rows": 522,
                                            "Actual Loops": 5,
                                            "Output": [
                                                "an.name",
                                                "ci.movie_id",
                                                "chn.name",
                                                "mc.movie_id",
                                                "n.name"
                                            ],
                                            "Inner Unique": true,
                                            "Workers": [
                                                {
                                                    "Worker Number": 0,
                                                    "Actual Startup Time": 109.384,
                                                    "Actual Total Time": 222.1,
                                                    "Actual Rows": 524,
                                                    "Actual Loops": 1
                                                },
                                                {
                                                    "Worker Number": 1,
                                                    "Actual Startup Time": 104.54,
                                                    "Actual Total Time": 221.892,
                                                    "Actual Rows": 649,
                                                    "Actual Loops": 1
                                                },
                                                {
                                                    "Worker Number": 2,
                                                    "Actual Startup Time": 110.421,
                                                    "Actual Total Time": 223.234,
                                                    "Actual Rows": 369,
                                                    "Actual Loops": 1
                                                },
                                                {
                                                    "Worker Number": 3,
                                                    "Actual Startup Time": 108.292,
                                                    "Actual Total Time": 222.491,
                                                    "Actual Rows": 644,
                                                    "Actual Loops": 1
                                                }
                                            ],
                                            "Plans": [
                                                {
                                                    "Node Type": "Nested Loop",
                                                    "Parent Relationship": "Outer",
                                                    "Parallel Aware": false,
                                                    "Join Type": "Inner",
                                                    "Startup Cost": 3.01,
                                                    "Total Cost": 71614.07,
                                                    "Plan Rows": 11,
                                                    "Plan Width": 59,
                                                    "Actual Startup Time": 112.038,
                                                    "Actual Total Time": 218.541,
                                                    "Actual Rows": 1284,
                                                    "Actual Loops": 5,
                                                    "Output": [
                                                        "an.name",
                                                        "ci.movie_id",
                                                        "chn.name",
                                                        "mc.movie_id",
                                                        "mc.company_id",
                                                        "n.name"
                                                    ],
                                                    "Inner Unique": false,
                                                    "Workers": [
                                                        {
                                                            "Worker Number": 0,
                                                            "Actual Startup Time": 109.316,
                                                            "Actual Total Time": 216.427,
                                                            "Actual Rows": 1028,
                                                            "Actual Loops": 1
                                                        },
                                                        {
                                                            "Worker Number": 1,
                                                            "Actual Startup Time": 104.384,
                                                            "Actual Total Time": 214.842,
                                                            "Actual Rows": 1440,
                                                            "Actual Loops": 1
                                                        },
                                                        {
                                                            "Worker Number": 2,
                                                            "Actual Startup Time": 110.244,
                                                            "Actual Total Time": 217.51,
                                                            "Actual Rows": 864,
                                                            "Actual Loops": 1
                                                        },
                                                        {
                                                            "Worker Number": 3,
                                                            "Actual Startup Time": 108.101,
                                                            "Actual Total Time": 213.064,
                                                            "Actual Rows": 1922,
                                                            "Actual Loops": 1
                                                        }
                                                    ],
                                                    "Plans": [
                                                        {
                                                            "Node Type": "Nested Loop",
                                                            "Parent Relationship": "Outer",
                                                            "Parallel Aware": false,
                                                            "Join Type": "Inner",
                                                            "Startup Cost": 2.58,
                                                            "Total Cost": 71611.68,
                                                            "Plan Rows": 4,
                                                            "Plan Width": 51,
                                                            "Actual Startup Time": 109.816,
                                                            "Actual Total Time": 215.049,
                                                            "Actual Rows": 154,
                                                            "Actual Loops": 5,
                                                            "Output": [
                                                                "an.name",
                                                                "ci.movie_id",
                                                                "chn.name",
                                                                "n.name"
                                                            ],
                                                            "Inner Unique": true,
                                                            "Workers": [
                                                                {
                                                                    "Worker Number": 0,
                                                                    "Actual Startup Time": 109.203,
                                                                    "Actual Total Time": 212.835,
                                                                    "Actual Rows": 217,
                                                                    "Actual Loops": 1
                                                                },
                                                                {
                                                                    "Worker Number": 1,
                                                                    "Actual Startup Time": 104.257,
                                                                    "Actual Total Time": 211.051,
                                                                    "Actual Rows": 145,
                                                                    "Actual Loops": 1
                                                                },
                                                                {
                                                                    "Worker Number": 2,
                                                                    "Actual Startup Time": 110.137,
                                                                    "Actual Total Time": 214.413,
                                                                    "Actual Rows": 110,
                                                                    "Actual Loops": 1
                                                                },
                                                                {
                                                                    "Worker Number": 3,
                                                                    "Actual Startup Time": 107.981,
                                                                    "Actual Total Time": 209.1,
                                                                    "Actual Rows": 162,
                                                                    "Actual Loops": 1
                                                                }
                                                            ],
                                                            "Plans": [
                                                                {
                                                                    "Node Type": "Hash Join",
                                                                    "Parent Relationship": "Outer",
                                                                    "Parallel Aware": false,
                                                                    "Join Type": "Inner",
                                                                    "Startup Cost": 2.15,
                                                                    "Total Cost": 71609.68,
                                                                    "Plan Rows": 4,
                                                                    "Plan Width": 39,
                                                                    "Actual Startup Time": 108.622,
                                                                    "Actual Total Time": 212.948,
                                                                    "Actual Rows": 162,
                                                                    "Actual Loops": 5,
                                                                    "Output": [
                                                                        "an.name",
                                                                        "ci.movie_id",
                                                                        "ci.person_role_id",
                                                                        "n.name"
                                                                    ],
                                                                    "Inner Unique": true,
                                                                    "Hash Cond": "(ci.role_id = rt.id)",
                                                                    "Workers": [
                                                                        {
                                                                            "Worker Number": 0,
                                                                            "Actual Startup Time": 109.096,
                                                                            "Actual Total Time": 210.566,
                                                                            "Actual Rows": 236,
                                                                            "Actual Loops": 1
                                                                        },
                                                                        {
                                                                            "Worker Number": 1,
                                                                            "Actual Startup Time": 98.647,
                                                                            "Actual Total Time": 208.848,
                                                                            "Actual Rows": 153,
                                                                            "Actual Loops": 1
                                                                        },
                                                                        {
                                                                            "Worker Number": 2,
                                                                            "Actual Startup Time": 110.043,
                                                                            "Actual Total Time": 212.394,
                                                                            "Actual Rows": 114,
                                                                            "Actual Loops": 1
                                                                        },
                                                                        {
                                                                            "Worker Number": 3,
                                                                            "Actual Startup Time": 107.882,
                                                                            "Actual Total Time": 206.951,
                                                                            "Actual Rows": 167,
                                                                            "Actual Loops": 1
                                                                        }
                                                                    ],
                                                                    "Plans": [
                                                                        {
                                                                            "Node Type": "Nested Loop",
                                                                            "Parent Relationship": "Outer",
                                                                            "Parallel Aware": false,
                                                                            "Join Type": "Inner",
                                                                            "Startup Cost": 0.99,
                                                                            "Total Cost": 71608.34,
                                                                            "Plan Rows": 51,
                                                                            "Plan Width": 43,
                                                                            "Actual Startup Time": 103.641,
                                                                            "Actual Total Time": 212.642,
                                                                            "Actual Rows": 319,
                                                                            "Actual Loops": 5,
                                                                            "Output": [
                                                                                "an.name",
                                                                                "ci.movie_id",
                                                                                "ci.role_id",
                                                                                "ci.person_role_id",
                                                                                "n.name"
                                                                            ],
                                                                            "Inner Unique": false,
                                                                            "Join Filter": "(n.id = ci.person_id)",
                                                                            "Rows Removed by Join Filter": 0,
                                                                            "Workers": [
                                                                                {
                                                                                    "Worker Number": 0,
                                                                                    "Actual Startup Time": 97.717,
                                                                                    "Actual Total Time": 210.253,
                                                                                    "Actual Rows": 331,
                                                                                    "Actual Loops": 1
                                                                                },
                                                                                {
                                                                                    "Worker Number": 1,
                                                                                    "Actual Startup Time": 98.374,
                                                                                    "Actual Total Time": 208.499,
                                                                                    "Actual Rows": 157,
                                                                                    "Actual Loops": 1
                                                                                },
                                                                                {
                                                                                    "Worker Number": 2,
                                                                                    "Actual Startup Time": 97.083,
                                                                                    "Actual Total Time": 212.046,
                                                                                    "Actual Rows": 193,
                                                                                    "Actual Loops": 1
                                                                                },
                                                                                {
                                                                                    "Worker Number": 3,
                                                                                    "Actual Startup Time": 107.683,
                                                                                    "Actual Total Time": 206.655,
                                                                                    "Actual Rows": 257,
                                                                                    "Actual Loops": 1
                                                                                }
                                                                            ],
                                                                            "Plans": [
                                                                                {
                                                                                    "Node Type": "Nested Loop",
                                                                                    "Parent Relationship": "Outer",
                                                                                    "Parallel Aware": false,
                                                                                    "Join Type": "Inner",
                                                                                    "Startup Cost": 0.42,
                                                                                    "Total Cost": 71538.77,
                                                                                    "Plan Rows": 5,
                                                                                    "Plan Width": 39,
                                                                                    "Actual Startup Time": 98.208,
                                                                                    "Actual Total Time": 205.755,
                                                                                    "Actual Rows": 203,
                                                                                    "Actual Loops": 5,
                                                                                    "Output": [
                                                                                        "an.name",
                                                                                        "an.person_id",
                                                                                        "n.name",
                                                                                        "n.id"
                                                                                    ],
                                                                                    "Inner Unique": false,
                                                                                    "Workers": [
                                                                                        {
                                                                                            "Worker Number": 0,
                                                                                            "Actual Startup Time": 96.201,
                                                                                            "Actual Total Time": 203.235,
                                                                                            "Actual Rows": 223,
                                                                                            "Actual Loops": 1
                                                                                        },
                                                                                        {
                                                                                            "Worker Number": 1,
                                                                                            "Actual Startup Time": 98.149,
                                                                                            "Actual Total Time": 203.661,
                                                                                            "Actual Rows": 123,
                                                                                            "Actual Loops": 1
                                                                                        },
                                                                                        {
                                                                                            "Worker Number": 2,
                                                                                            "Actual Startup Time": 94.344,
                                                                                            "Actual Total Time": 204.832,
                                                                                            "Actual Rows": 243,
                                                                                            "Actual Loops": 1
                                                                                        },
                                                                                        {
                                                                                            "Worker Number": 3,
                                                                                            "Actual Startup Time": 95.169,
                                                                                            "Actual Total Time": 197.323,
                                                                                            "Actual Rows": 191,
                                                                                            "Actual Loops": 1
                                                                                        }
                                                                                    ],
                                                                                    "Plans": [
                                                                                        {
                                                                                            "Node Type": "Seq Scan",
                                                                                            "Parent Relationship": "Outer",
                                                                                            "Parallel Aware": true,
                                                                                            "Relation Name": "name",
                                                                                            "Schema": "public",
                                                                                            "Alias": "n",
                                                                                            "Startup Cost": 0.0,
                                                                                            "Total Cost": 71241.41,
                                                                                            "Plan Rows": 24,
                                                                                            "Plan Width": 19,
                                                                                            "Actual Startup Time": 96.483,
                                                                                            "Actual Total Time": 201.896,
                                                                                            "Actual Rows": 986,
                                                                                            "Actual Loops": 5,
                                                                                            "Output": [
                                                                                                "n.id",
                                                                                                "n.name",
                                                                                                "n.imdb_index",
                                                                                                "n.imdb_id",
                                                                                                "n.gender",
                                                                                                "n.name_pcode_cf",
                                                                                                "n.name_pcode_nf",
                                                                                                "n.surname_pcode",
                                                                                                "n.md5sum"
                                                                                            ],
                                                                                            "Filter": "((n.name ~~ '%Sm%'::text) AND ((n.gender)::text = 'f'::text))",
                                                                                            "Rows Removed by Filter": 832512,
                                                                                            "Workers": [
                                                                                                {
                                                                                                    "Worker Number": 0,
                                                                                                    "Actual Startup Time": 94.085,
                                                                                                    "Actual Total Time": 199.025,
                                                                                                    "Actual Rows": 1182,
                                                                                                    "Actual Loops": 1
                                                                                                },
                                                                                                {
                                                                                                    "Worker Number": 1,
                                                                                                    "Actual Startup Time": 93.666,
                                                                                                    "Actual Total Time": 200.146,
                                                                                                    "Actual Rows": 676,
                                                                                                    "Actual Loops": 1
                                                                                                },
                                                                                                {
                                                                                                    "Worker Number": 2,
                                                                                                    "Actual Startup Time": 94.241,
                                                                                                    "Actual Total Time": 200.512,
                                                                                                    "Actual Rows": 1164,
                                                                                                    "Actual Loops": 1
                                                                                                },
                                                                                                {
                                                                                                    "Worker Number": 3,
                                                                                                    "Actual Startup Time": 93.965,
                                                                                                    "Actual Total Time": 194.127,
                                                                                                    "Actual Rows": 821,
                                                                                                    "Actual Loops": 1
                                                                                                }
                                                                                            ]
                                                                                        },
                                                                                        {
                                                                                            "Node Type": "Index Scan",
                                                                                            "Parent Relationship": "Inner",
                                                                                            "Parallel Aware": false,
                                                                                            "Scan Direction": "Forward",
                                                                                            "Index Name": "person_id_aka_name",
                                                                                            "Relation Name": "aka_name",
                                                                                            "Schema": "public",
                                                                                            "Alias": "an",
                                                                                            "Startup Cost": 0.42,
                                                                                            "Total Cost": 12.37,
                                                                                            "Plan Rows": 2,
                                                                                            "Plan Width": 20,
                                                                                            "Actual Startup Time": 0.003,
                                                                                            "Actual Total Time": 0.004,
                                                                                            "Actual Rows": 0,
                                                                                            "Actual Loops": 4931,
                                                                                            "Output": [
                                                                                                "an.id",
                                                                                                "an.person_id",
                                                                                                "an.name",
                                                                                                "an.imdb_index",
                                                                                                "an.name_pcode_cf",
                                                                                                "an.name_pcode_nf",
                                                                                                "an.surname_pcode",
                                                                                                "an.md5sum"
                                                                                            ],
                                                                                            "Index Cond": "(an.person_id = n.id)",
                                                                                            "Rows Removed by Index Recheck": 0,
                                                                                            "Workers": [
                                                                                                {
                                                                                                    "Worker Number": 0,
                                                                                                    "Actual Startup Time": 0.003,
                                                                                                    "Actual Total Time": 0.003,
                                                                                                    "Actual Rows": 0,
                                                                                                    "Actual Loops": 1182
                                                                                                },
                                                                                                {
                                                                                                    "Worker Number": 1,
                                                                                                    "Actual Startup Time": 0.005,
                                                                                                    "Actual Total Time": 0.005,
                                                                                                    "Actual Rows": 0,
                                                                                                    "Actual Loops": 676
                                                                                                },
                                                                                                {
                                                                                                    "Worker Number": 2,
                                                                                                    "Actual Startup Time": 0.003,
                                                                                                    "Actual Total Time": 0.003,
                                                                                                    "Actual Rows": 0,
                                                                                                    "Actual Loops": 1164
                                                                                                },
                                                                                                {
                                                                                                    "Worker Number": 3,
                                                                                                    "Actual Startup Time": 0.003,
                                                                                                    "Actual Total Time": 0.004,
                                                                                                    "Actual Rows": 0,
                                                                                                    "Actual Loops": 821
                                                                                                }
                                                                                            ]
                                                                                        }
                                                                                    ]
                                                                                },
                                                                                {
                                                                                    "Node Type": "Index Scan",
                                                                                    "Parent Relationship": "Inner",
                                                                                    "Parallel Aware": false,
                                                                                    "Scan Direction": "Forward",
                                                                                    "Index Name": "person_id_cast_info",
                                                                                    "Relation Name": "cast_info",
                                                                                    "Schema": "public",
                                                                                    "Alias": "ci",
                                                                                    "Startup Cost": 0.56,
                                                                                    "Total Cost": 13.29,
                                                                                    "Plan Rows": 50,
                                                                                    "Plan Width": 16,
                                                                                    "Actual Startup Time": 0.024,
                                                                                    "Actual Total Time": 0.033,
                                                                                    "Actual Rows": 2,
                                                                                    "Actual Loops": 1017,
                                                                                    "Output": [
                                                                                        "ci.id",
                                                                                        "ci.person_id",
                                                                                        "ci.movie_id",
                                                                                        "ci.person_role_id",
                                                                                        "ci.note",
                                                                                        "ci.nr_order",
                                                                                        "ci.role_id"
                                                                                    ],
                                                                                    "Index Cond": "(ci.person_id = an.person_id)",
                                                                                    "Rows Removed by Index Recheck": 0,
                                                                                    "Filter": "(ci.note = ANY ('{(producer),(writer),(uncredited),\"(executive producer)\"}'::text[]))",
                                                                                    "Rows Removed by Filter": 55,
                                                                                    "Workers": [
                                                                                        {
                                                                                            "Worker Number": 0,
                                                                                            "Actual Startup Time": 0.025,
                                                                                            "Actual Total Time": 0.031,
                                                                                            "Actual Rows": 1,
                                                                                            "Actual Loops": 223
                                                                                        },
                                                                                        {
                                                                                            "Worker Number": 1,
                                                                                            "Actual Startup Time": 0.033,
                                                                                            "Actual Total Time": 0.038,
                                                                                            "Actual Rows": 1,
                                                                                            "Actual Loops": 123
                                                                                        },
                                                                                        {
                                                                                            "Worker Number": 2,
                                                                                            "Actual Startup Time": 0.026,
                                                                                            "Actual Total Time": 0.029,
                                                                                            "Actual Rows": 1,
                                                                                            "Actual Loops": 243
                                                                                        },
                                                                                        {
                                                                                            "Worker Number": 3,
                                                                                            "Actual Startup Time": 0.023,
                                                                                            "Actual Total Time": 0.048,
                                                                                            "Actual Rows": 1,
                                                                                            "Actual Loops": 191
                                                                                        }
                                                                                    ]
                                                                                }
                                                                            ]
                                                                        },
                                                                        {
                                                                            "Node Type": "Hash",
                                                                            "Parent Relationship": "Inner",
                                                                            "Parallel Aware": false,
                                                                            "Startup Cost": 1.15,
                                                                            "Total Cost": 1.15,
                                                                            "Plan Rows": 1,
                                                                            "Plan Width": 4,
                                                                            "Actual Startup Time": 0.05,
                                                                            "Actual Total Time": 0.051,
                                                                            "Actual Rows": 1,
                                                                            "Actual Loops": 5,
                                                                            "Output": [
                                                                                "rt.id"
                                                                            ],
                                                                            "Hash Buckets": 1024,
                                                                            "Original Hash Buckets": 1024,
                                                                            "Hash Batches": 1,
                                                                            "Original Hash Batches": 1,
                                                                            "Peak Memory Usage": 9,
                                                                            "Workers": [
                                                                                {
                                                                                    "Worker Number": 0,
                                                                                    "Actual Startup Time": 0.05,
                                                                                    "Actual Total Time": 0.051,
                                                                                    "Actual Rows": 1,
                                                                                    "Actual Loops": 1
                                                                                },
                                                                                {
                                                                                    "Worker Number": 1,
                                                                                    "Actual Startup Time": 0.061,
                                                                                    "Actual Total Time": 0.062,
                                                                                    "Actual Rows": 1,
                                                                                    "Actual Loops": 1
                                                                                },
                                                                                {
                                                                                    "Worker Number": 2,
                                                                                    "Actual Startup Time": 0.069,
                                                                                    "Actual Total Time": 0.07,
                                                                                    "Actual Rows": 1,
                                                                                    "Actual Loops": 1
                                                                                },
                                                                                {
                                                                                    "Worker Number": 3,
                                                                                    "Actual Startup Time": 0.047,
                                                                                    "Actual Total Time": 0.048,
                                                                                    "Actual Rows": 1,
                                                                                    "Actual Loops": 1
                                                                                }
                                                                            ],
                                                                            "Plans": [
                                                                                {
                                                                                    "Node Type": "Seq Scan",
                                                                                    "Parent Relationship": "Outer",
                                                                                    "Parallel Aware": false,
                                                                                    "Relation Name": "role_type",
                                                                                    "Schema": "public",
                                                                                    "Alias": "rt",
                                                                                    "Startup Cost": 0.0,
                                                                                    "Total Cost": 1.15,
                                                                                    "Plan Rows": 1,
                                                                                    "Plan Width": 4,
                                                                                    "Actual Startup Time": 0.037,
                                                                                    "Actual Total Time": 0.039,
                                                                                    "Actual Rows": 1,
                                                                                    "Actual Loops": 5,
                                                                                    "Output": [
                                                                                        "rt.id"
                                                                                    ],
                                                                                    "Filter": "((rt.role)::text = 'actress'::text)",
                                                                                    "Rows Removed by Filter": 11,
                                                                                    "Workers": [
                                                                                        {
                                                                                            "Worker Number": 0,
                                                                                            "Actual Startup Time": 0.038,
                                                                                            "Actual Total Time": 0.04,
                                                                                            "Actual Rows": 1,
                                                                                            "Actual Loops": 1
                                                                                        },
                                                                                        {
                                                                                            "Worker Number": 1,
                                                                                            "Actual Startup Time": 0.045,
                                                                                            "Actual Total Time": 0.048,
                                                                                            "Actual Rows": 1,
                                                                                            "Actual Loops": 1
                                                                                        },
                                                                                        {
                                                                                            "Worker Number": 2,
                                                                                            "Actual Startup Time": 0.053,
                                                                                            "Actual Total Time": 0.055,
                                                                                            "Actual Rows": 1,
                                                                                            "Actual Loops": 1
                                                                                        },
                                                                                        {
                                                                                            "Worker Number": 3,
                                                                                            "Actual Startup Time": 0.035,
                                                                                            "Actual Total Time": 0.037,
                                                                                            "Actual Rows": 1,
                                                                                            "Actual Loops": 1
                                                                                        }
                                                                                    ]
                                                                                }
                                                                            ]
                                                                        }
                                                                    ]
                                                                },
                                                                {
                                                                    "Node Type": "Index Scan",
                                                                    "Parent Relationship": "Inner",
                                                                    "Parallel Aware": false,
                                                                    "Scan Direction": "Forward",
                                                                    "Index Name": "char_name_pkey",
                                                                    "Relation Name": "char_name",
                                                                    "Schema": "public",
                                                                    "Alias": "chn",
                                                                    "Startup Cost": 0.43,
                                                                    "Total Cost": 0.5,
                                                                    "Plan Rows": 1,
                                                                    "Plan Width": 20,
                                                                    "Actual Startup Time": 0.012,
                                                                    "Actual Total Time": 0.012,
                                                                    "Actual Rows": 1,
                                                                    "Actual Loops": 808,
                                                                    "Output": [
                                                                        "chn.id",
                                                                        "chn.name",
                                                                        "chn.imdb_index",
                                                                        "chn.imdb_id",
                                                                        "chn.name_pcode_nf",
                                                                        "chn.surname_pcode",
                                                                        "chn.md5sum"
                                                                    ],
                                                                    "Index Cond": "(chn.id = ci.person_role_id)",
                                                                    "Rows Removed by Index Recheck": 0,
                                                                    "Workers": [
                                                                        {
                                                                            "Worker Number": 0,
                                                                            "Actual Startup Time": 0.009,
                                                                            "Actual Total Time": 0.009,
                                                                            "Actual Rows": 1,
                                                                            "Actual Loops": 236
                                                                        },
                                                                        {
                                                                            "Worker Number": 1,
                                                                            "Actual Startup Time": 0.014,
                                                                            "Actual Total Time": 0.014,
                                                                            "Actual Rows": 1,
                                                                            "Actual Loops": 153
                                                                        },
                                                                        {
                                                                            "Worker Number": 2,
                                                                            "Actual Startup Time": 0.017,
                                                                            "Actual Total Time": 0.017,
                                                                            "Actual Rows": 1,
                                                                            "Actual Loops": 114
                                                                        },
                                                                        {
                                                                            "Worker Number": 3,
                                                                            "Actual Startup Time": 0.012,
                                                                            "Actual Total Time": 0.012,
                                                                            "Actual Rows": 1,
                                                                            "Actual Loops": 167
                                                                        }
                                                                    ]
                                                                }
                                                            ]
                                                        },
                                                        {
                                                            "Node Type": "Index Scan",
                                                            "Parent Relationship": "Inner",
                                                            "Parallel Aware": false,
                                                            "Scan Direction": "Forward",
                                                            "Index Name": "movie_id_movie_companies",
                                                            "Relation Name": "movie_companies",
                                                            "Schema": "public",
                                                            "Alias": "mc",
                                                            "Startup Cost": 0.43,
                                                            "Total Cost": 0.55,
                                                            "Plan Rows": 5,
                                                            "Plan Width": 8,
                                                            "Actual Startup Time": 0.015,
                                                            "Actual Total Time": 0.021,
                                                            "Actual Rows": 8,
                                                            "Actual Loops": 768,
                                                            "Output": [
                                                                "mc.id",
                                                                "mc.movie_id",
                                                                "mc.company_id",
                                                                "mc.company_type_id",
                                                                "mc.note"
                                                            ],
                                                            "Index Cond": "(mc.movie_id = ci.movie_id)",
                                                            "Rows Removed by Index Recheck": 0,
                                                            "Workers": [
                                                                {
                                                                    "Worker Number": 0,
                                                                    "Actual Startup Time": 0.011,
                                                                    "Actual Total Time": 0.015,
                                                                    "Actual Rows": 5,
                                                                    "Actual Loops": 217
                                                                },
                                                                {
                                                                    "Worker Number": 1,
                                                                    "Actual Startup Time": 0.017,
                                                                    "Actual Total Time": 0.024,
                                                                    "Actual Rows": 10,
                                                                    "Actual Loops": 145
                                                                },
                                                                {
                                                                    "Worker Number": 2,
                                                                    "Actual Startup Time": 0.018,
                                                                    "Actual Total Time": 0.026,
                                                                    "Actual Rows": 8,
                                                                    "Actual Loops": 110
                                                                },
                                                                {
                                                                    "Worker Number": 3,
                                                                    "Actual Startup Time": 0.015,
                                                                    "Actual Total Time": 0.022,
                                                                    "Actual Rows": 12,
                                                                    "Actual Loops": 162
                                                                }
                                                            ]
                                                        }
                                                    ]
                                                },
                                                {
                                                    "Node Type": "Index Scan",
                                                    "Parent Relationship": "Inner",
                                                    "Parallel Aware": false,
                                                    "Scan Direction": "Forward",
                                                    "Index Name": "company_name_pkey",
                                                    "Relation Name": "company_name",
                                                    "Schema": "public",
                                                    "Alias": "cn",
                                                    "Startup Cost": 0.42,
                                                    "Total Cost": 0.45,
                                                    "Plan Rows": 1,
                                                    "Plan Width": 4,
                                                    "Actual Startup Time": 0.005,
                                                    "Actual Total Time": 0.005,
                                                    "Actual Rows": 0,
                                                    "Actual Loops": 6419,
                                                    "Output": [
                                                        "cn.id",
                                                        "cn.name",
                                                        "cn.country_code",
                                                        "cn.imdb_id",
                                                        "cn.name_pcode_nf",
                                                        "cn.name_pcode_sf",
                                                        "cn.md5sum"
                                                    ],
                                                    "Index Cond": "(cn.id = mc.company_id)",
                                                    "Rows Removed by Index Recheck": 0,
                                                    "Filter": "((cn.country_code)::text = '[us]'::text)",
                                                    "Rows Removed by Filter": 1,
                                                    "Workers": [
                                                        {
                                                            "Worker Number": 0,
                                                            "Actual Startup Time": 0.005,
                                                            "Actual Total Time": 0.005,
                                                            "Actual Rows": 1,
                                                            "Actual Loops": 1028
                                                        },
                                                        {
                                                            "Worker Number": 1,
                                                            "Actual Startup Time": 0.004,
                                                            "Actual Total Time": 0.004,
                                                            "Actual Rows": 0,
                                                            "Actual Loops": 1440
                                                        },
                                                        {
                                                            "Worker Number": 2,
                                                            "Actual Startup Time": 0.006,
                                                            "Actual Total Time": 0.006,
                                                            "Actual Rows": 0,
                                                            "Actual Loops": 864
                                                        },
                                                        {
                                                            "Worker Number": 3,
                                                            "Actual Startup Time": 0.005,
                                                            "Actual Total Time": 0.005,
                                                            "Actual Rows": 0,
                                                            "Actual Loops": 1922
                                                        }
                                                    ]
                                                }
                                            ]
                                        },
                                        {
                                            "Node Type": "Index Scan",
                                            "Parent Relationship": "Inner",
                                            "Parallel Aware": false,
                                            "Scan Direction": "Forward",
                                            "Index Name": "title_pkey",
                                            "Relation Name": "title",
                                            "Schema": "public",
                                            "Alias": "t",
                                            "Startup Cost": 0.43,
                                            "Total Cost": 0.5,
                                            "Plan Rows": 1,
                                            "Plan Width": 21,
                                            "Actual Startup Time": 0.004,
                                            "Actual Total Time": 0.004,
                                            "Actual Rows": 1,
                                            "Actual Loops": 2609,
                                            "Output": [
                                                "t.id",
                                                "t.title",
                                                "t.imdb_index",
                                                "t.kind_id",
                                                "t.production_year",
                                                "t.imdb_id",
                                                "t.phonetic_code",
                                                "t.episode_of_id",
                                                "t.season_nr",
                                                "t.episode_nr",
                                                "t.series_years",
                                                "t.md5sum"
                                            ],
                                            "Index Cond": "(t.id = ci.movie_id)",
                                            "Rows Removed by Index Recheck": 0,
                                            "Workers": [
                                                {
                                                    "Worker Number": 0,
                                                    "Actual Startup Time": 0.005,
                                                    "Actual Total Time": 0.005,
                                                    "Actual Rows": 1,
                                                    "Actual Loops": 524
                                                },
                                                {
                                                    "Worker Number": 1,
                                                    "Actual Startup Time": 0.004,
                                                    "Actual Total Time": 0.004,
                                                    "Actual Rows": 1,
                                                    "Actual Loops": 649
                                                },
                                                {
                                                    "Worker Number": 2,
                                                    "Actual Startup Time": 0.006,
                                                    "Actual Total Time": 0.006,
                                                    "Actual Rows": 1,
                                                    "Actual Loops": 369
                                                },
                                                {
                                                    "Worker Number": 3,
                                                    "Actual Startup Time": 0.004,
                                                    "Actual Total Time": 0.004,
                                                    "Actual Rows": 1,
                                                    "Actual Loops": 644
                                                }
                                            ]
                                        }
                                    ]
                                }
                            ]
                        }
                    ]
                }
            ]
        },
        "Planning Time": 2741.17,
        "Triggers": [],
        "Execution Time": 266.909
    }
]