[
  {
    "Plan": {
      "Node Type": "Aggregate",
      "Strategy": "Plain",
      "Partial Mode": "Finalize",
      "Parallel Aware": false,
      "Startup Cost": 33212.82,
      "Total Cost": 33212.83,
      "Plan Rows": 1,
      "Plan Width": 8,
      "Actual Startup Time": 108.098,
      "Actual Total Time": 115.938,
      "Actual Rows": 1,
      "Actual Loops": 1,
      "Plans": [
        {
          "Node Type": "Gather",
          "Parent Relationship": "Outer",
          "Parallel Aware": false,
          "Startup Cost": 33212.51,
          "Total Cost": 33212.82,
          "Plan Rows": 3,
          "Plan Width": 8,
          "Actual Startup Time": 107.986,
          "Actual Total Time": 115.93,
          "Actual Rows": 4,
          "Actual Loops": 1,
          "Workers Planned": 3,
          "Workers Launched": 3,
          "Single Copy": false,
          "Plans": [
            {
              "Node Type": "Aggregate",
              "Strategy": "Plain",
              "Partial Mode": "Partial",
              "Parent Relationship": "Outer",
              "Parallel Aware": false,
              "Startup Cost": 32212.51,
              "Total Cost": 32212.52,
              "Plan Rows": 1,
              "Plan Width": 8,
              "Actual Startup Time": 100.084,
              "Actual Total Time": 100.085,
              "Actual Rows": 1,
              "Actual Loops": 4,
              "Plans": [
                {
                  "Node Type": "Seq Scan",
                  "Parent Relationship": "Outer",
                  "Parallel Aware": true,
                  "Relation Name": "movie_companies",
                  "Alias": "mc",
                  "Startup Cost": 0.0,
                  "Total Cost": 31414.82,
                  "Plan Rows": 319075,
                  "Plan Width": 0,
                  "Actual Startup Time": 0.473,
                  "Actual Total Time": 88.109,
                  "Actual Rows": 211519,
                  "Actual Loops": 4,
                  "Filter": "((company_id > 685) AND (company_type_id < 2))",
                  "Rows Removed by Filter": 440763
                }
              ]
            }
          ]
        }
      ]
    },
    "Planning Time": 0.269,
    "Triggers": [],
    "Execution Time": 115.995
  }
]