{
  "Plan": {
    "Node Type": "Aggregate",
    "Strategy": "Plain",
    "Partial Mode": "Finalize",
    "Parallel Aware": false,
    "Startup Cost": 168162.31,
    "Total Cost": 168162.32,
    "Plan Rows": 1,
    "Plan Width": 8,
    "Actual Startup Time": 798.694,
    "Actual Total Time": 839.45,
    "Actual Rows": 1,
    "Actual Loops": 1,
    "Plans": [
      {
        "Node Type": "Gather",
        "Parent Relationship": "Outer",
        "Parallel Aware": false,
        "Startup Cost": 168162.2,
        "Total Cost": 168162.31,
        "Plan Rows": 1,
        "Plan Width": 8,
        "Actual Startup Time": 798.54,
        "Actual Total Time": 839.444,
        "Actual Rows": 2,
        "Actual Loops": 1,
        "Workers Planned": 1,
        "Workers Launched": 1,
        "Single Copy": false,
        "Plans": [
          {
            "Node Type": "Aggregate",
            "Strategy": "Plain",
            "Partial Mode": "Partial",
            "Parent Relationship": "Outer",
            "Parallel Aware": false,
            "Startup Cost": 167162.2,
            "Total Cost": 167162.21,
            "Plan Rows": 1,
            "Plan Width": 8,
            "Actual Startup Time": 792.672,
            "Actual Total Time": 792.675,
            "Actual Rows": 1,
            "Actual Loops": 2,
            "Plans": [
              {
                "Node Type": "Nested Loop",
                "Parent Relationship": "Outer",
                "Parallel Aware": false,
                "Join Type": "Inner",
                "Startup Cost": 55047.39,
                "Total Cost": 166807.12,
                "Plan Rows": 142030,
                "Plan Width": 0,
                "Actual Startup Time": 133.033,
                "Actual Total Time": 769.307,
                "Actual Rows": 523516,
                "Actual Loops": 2,
                "Inner Unique": false,
                "Join Filter": "(t.id = mi.movie_id)",
                "Rows Removed by Join Filter": 0,
                "Plans": [
                  {
                    "Node Type": "Hash Join",
                    "Parent Relationship": "Outer",
                    "Parallel Aware": true,
                    "Join Type": "Inner",
                    "Startup Cost": 55046.95,
                    "Total Cost": 93213.58,
                    "Plan Rows": 37858,
                    "Plan Width": 8,
                    "Actual Startup Time": 132.974,
                    "Actual Total Time": 369.549,
                    "Actual Rows": 29478,
                    "Actual Loops": 2,
                    "Inner Unique": true,
                    "Hash Cond": "(mc.movie_id = t.id)",
                    "Plans": [
                      {
                        "Node Type": "Seq Scan",
                        "Parent Relationship": "Outer",
                        "Parallel Aware": true,
                        "Relation Name": "movie_companies",
                        "Alias": "mc",
                        "Startup Cost": 0.0,
                        "Total Cost": 34137.82,
                        "Plan Rows": 1534782,
                        "Plan Width": 4,
                        "Actual Startup Time": 0.012,
                        "Actual Total Time": 91.522,
                        "Actual Rows": 1304564,
                        "Actual Loops": 2
                      },
                      {
                        "Node Type": "Hash",
                        "Parent Relationship": "Inner",
                        "Parallel Aware": true,
                        "Startup Cost": 54588.39,
                        "Total Cost": 54588.39,
                        "Plan Rows": 36685,
                        "Plan Width": 4,
                        "Actual Startup Time": 132.232,
                        "Actual Total Time": 132.233,
                        "Actual Rows": 31284,
                        "Actual Loops": 2,
                        "Hash Buckets": 65536,
                        "Original Hash Buckets": 65536,
                        "Hash Batches": 1,
                        "Original Hash Batches": 1,
                        "Peak Memory Usage": 2976,
                        "Plans": [
                          {
                            "Node Type": "Seq Scan",
                            "Parent Relationship": "Outer",
                            "Parallel Aware": true,
                            "Relation Name": "title",
                            "Alias": "t",
                            "Startup Cost": 0.0,
                            "Total Cost": 54588.39,
                            "Plan Rows": 36685,
                            "Plan Width": 4,
                            "Actual Startup Time": 0.033,
                            "Actual Total Time": 123.471,
                            "Actual Rows": 31284,
                            "Actual Loops": 2,
                            "Filter": "(production_year = 2002)",
                            "Rows Removed by Filter": 1232872
                          }
                        ]
                      }
                    ]
                  },
                  {
                    "Node Type": "Index Scan",
                    "Parent Relationship": "Inner",
                    "Parallel Aware": false,
                    "Scan Direction": "Forward",
                    "Index Name": "movie_id_movie_info",
                    "Relation Name": "movie_info",
                    "Alias": "mi",
                    "Startup Cost": 0.43,
                    "Total Cost": 1.61,
                    "Plan Rows": 27,
                    "Plan Width": 4,
                    "Actual Startup Time": 0.003,
                    "Actual Total Time": 0.012,
                    "Actual Rows": 18,
                    "Actual Loops": 58957,
                    "Index Cond": "(movie_id = mc.movie_id)",
                    "Rows Removed by Index Recheck": 0,
                    "Filter": "(info_type_id < 16)",
                    "Rows Removed by Filter": 21
                  }
                ]
              }
            ]
          }
        ]
      }
    ]
  },
  "Planning Time": 0.447,
  "Triggers": [],
  "Execution Time": 839.514
}