[
    {
        "Bao": {
            "Bao prediction": "NaN",
            "Bao recommended hint": "(no hint)"
        }
    },
    {
        "Plan": {
            "Node Type": "Aggregate",
            "Strategy": "Plain",
            "Partial Mode": "Finalize",
            "Parallel Aware": false,
            "Startup Cost": 34401.46,
            "Total Cost": 34401.47,
            "Plan Rows": 1,
            "Plan Width": 8,
            "Actual Startup Time": 94.817,
            "Actual Total Time": 99.913,
            "Actual Rows": 1,
            "Actual Loops": 1,
            "Output": [
                "count(*)"
            ],
            "Plans": [
                {
                    "Node Type": "Gather",
                    "Parent Relationship": "Outer",
                    "Parallel Aware": false,
                    "Startup Cost": 34401.14,
                    "Total Cost": 34401.45,
                    "Plan Rows": 3,
                    "Plan Width": 8,
                    "Actual Startup Time": 94.484,
                    "Actual Total Time": 99.856,
                    "Actual Rows": 4,
                    "Actual Loops": 1,
                    "Output": [
                        "(PARTIAL count(*))"
                    ],
                    "Workers Planned": 3,
                    "Workers Launched": 3,
                    "Single Copy": false,
                    "Plans": [
                        {
                            "Node Type": "Aggregate",
                            "Strategy": "Plain",
                            "Partial Mode": "Partial",
                            "Parent Relationship": "Outer",
                            "Parallel Aware": false,
                            "Startup Cost": 33401.14,
                            "Total Cost": 33401.15,
                            "Plan Rows": 1,
                            "Plan Width": 8,
                            "Actual Startup Time": 86.068,
                            "Actual Total Time": 86.07,
                            "Actual Rows": 1,
                            "Actual Loops": 4,
                            "Output": [
                                "PARTIAL count(*)"
                            ],
                            "Workers": [
                                {
                                    "Worker Number": 0,
                                    "Actual Startup Time": 82.915,
                                    "Actual Total Time": 82.917,
                                    "Actual Rows": 1,
                                    "Actual Loops": 1
                                },
                                {
                                    "Worker Number": 1,
                                    "Actual Startup Time": 83.388,
                                    "Actual Total Time": 83.389,
                                    "Actual Rows": 1,
                                    "Actual Loops": 1
                                },
                                {
                                    "Worker Number": 2,
                                    "Actual Startup Time": 83.728,
                                    "Actual Total Time": 83.73,
                                    "Actual Rows": 1,
                                    "Actual Loops": 1
                                }
                            ],
                            "Plans": [
                                {
                                    "Node Type": "Bitmap Heap Scan",
                                    "Parent Relationship": "Outer",
                                    "Parallel Aware": true,
                                    "Relation Name": "movie_keyword",
                                    "Schema": "public",
                                    "Alias": "mk",
                                    "Startup Cost": 7285.63,
                                    "Total Cost": 33124.22,
                                    "Plan Rows": 110768,
                                    "Plan Width": 0,
                                    "Actual Startup Time": 16.732,
                                    "Actual Total Time": 80.558,
                                    "Actual Rows": 85370,
                                    "Actual Loops": 4,
                                    "Recheck Cond": "(mk.keyword_id > 48615)",
                                    "Rows Removed by Index Recheck": 0,
                                    "Exact Heap Blocks": 10786,
                                    "Lossy Heap Blocks": 0,
                                    "Workers": [
                                        {
                                            "Worker Number": 0,
                                            "Actual Startup Time": 13.86,
                                            "Actual Total Time": 77.758,
                                            "Actual Rows": 52700,
                                            "Actual Loops": 1
                                        },
                                        {
                                            "Worker Number": 1,
                                            "Actual Startup Time": 14.092,
                                            "Actual Total Time": 78.367,
                                            "Actual Rows": 70040,
                                            "Actual Loops": 1
                                        },
                                        {
                                            "Worker Number": 2,
                                            "Actual Startup Time": 14.383,
                                            "Actual Total Time": 78.554,
                                            "Actual Rows": 53185,
                                            "Actual Loops": 1
                                        }
                                    ],
                                    "Plans": [
                                        {
                                            "Node Type": "Bitmap Index Scan",
                                            "Parent Relationship": "Outer",
                                            "Parallel Aware": false,
                                            "Index Name": "keyword_id_movie_keyword",
                                            "Startup Cost": 0.0,
                                            "Total Cost": 7199.78,
                                            "Plan Rows": 343380,
                                            "Plan Width": 0,
                                            "Actual Startup Time": 21.392,
                                            "Actual Total Time": 21.393,
                                            "Actual Rows": 341480,
                                            "Actual Loops": 1,
                                            "Index Cond": "(mk.keyword_id > 48615)"
                                        }
                                    ]
                                }
                            ]
                        }
                    ]
                }
            ]
        },
        "Planning Time": 175.756,
        "Triggers": [],
        "Execution Time": 99.964
    }
]