[
  {
    "Plan": {
      "Node Type": "Aggregate",
      "Strategy": "Plain",
      "Partial Mode": "Finalize",
      "Parallel Aware": false,
      "Startup Cost": 46270.51,
      "Total Cost": 46270.52,
      "Plan Rows": 1,
      "Plan Width": 8,
      "Actual Startup Time": 163.216,
      "Actual Total Time": 172.476,
      "Actual Rows": 1,
      "Actual Loops": 1,
      "Plans": [
        {
          "Node Type": "Gather",
          "Parent Relationship": "Outer",
          "Parallel Aware": false,
          "Startup Cost": 46270.19,
          "Total Cost": 46270.5,
          "Plan Rows": 3,
          "Plan Width": 8,
          "Actual Startup Time": 163.091,
          "Actual Total Time": 172.468,
          "Actual Rows": 4,
          "Actual Loops": 1,
          "Workers Planned": 3,
          "Workers Launched": 3,
          "Single Copy": false,
          "Plans": [
            {
              "Node Type": "Aggregate",
              "Strategy": "Plain",
              "Partial Mode": "Partial",
              "Parent Relationship": "Outer",
              "Parallel Aware": false,
              "Startup Cost": 45270.19,
              "Total Cost": 45270.2,
              "Plan Rows": 1,
              "Plan Width": 8,
              "Actual Startup Time": 154.72,
              "Actual Total Time": 154.721,
              "Actual Rows": 1,
              "Actual Loops": 4,
              "Plans": [
                {
                  "Node Type": "Seq Scan",
                  "Parent Relationship": "Outer",
                  "Parallel Aware": true,
                  "Relation Name": "movie_keyword",
                  "Alias": "mk",
                  "Startup Cost": 0.0,
                  "Total Cost": 42695.65,
                  "Plan Rows": 1029814,
                  "Plan Width": 0,
                  "Actual Startup Time": 0.057,
                  "Actual Total Time": 119.371,
                  "Actual Rows": 795963,
                  "Actual Loops": 4,
                  "Filter": "(keyword_id < 12811)",
                  "Rows Removed by Filter": 335020
                }
              ]
            }
          ]
        }
      ]
    },
    "Planning Time": 0.109,
    "Triggers": [],
    "Execution Time": 172.516
  }
]