[
  {
    "Plan": {
      "Node Type": "Aggregate",
      "Strategy": "Plain",
      "Partial Mode": "Finalize",
      "Parallel Aware": false,
      "Startup Cost": 305156.1,
      "Total Cost": 305156.11,
      "Plan Rows": 1,
      "Plan Width": 8,
      "Actual Startup Time": 909.018,
      "Actual Total Time": 956.365,
      "Actual Rows": 1,
      "Actual Loops": 1,
      "Plans": [
        {
          "Node Type": "Gather",
          "Parent Relationship": "Outer",
          "Parallel Aware": false,
          "Startup Cost": 305155.58,
          "Total Cost": 305156.09,
          "Plan Rows": 5,
          "Plan Width": 8,
          "Actual Startup Time": 894.663,
          "Actual Total Time": 956.353,
          "Actual Rows": 6,
          "Actual Loops": 1,
          "Workers Planned": 5,
          "Workers Launched": 5,
          "Single Copy": false,
          "Plans": [
            {
              "Node Type": "Aggregate",
              "Strategy": "Plain",
              "Partial Mode": "Partial",
              "Parent Relationship": "Outer",
              "Parallel Aware": false,
              "Startup Cost": 304155.58,
              "Total Cost": 304155.59,
              "Plan Rows": 1,
              "Plan Width": 8,
              "Actual Startup Time": 884.597,
              "Actual Total Time": 884.759,
              "Actual Rows": 1,
              "Actual Loops": 6,
              "Plans": [
                {
                  "Node Type": "Hash Join",
                  "Parent Relationship": "Outer",
                  "Parallel Aware": true,
                  "Join Type": "Inner",
                  "Startup Cost": 95689.36,
                  "Total Cost": 303107.62,
                  "Plan Rows": 419181,
                  "Plan Width": 0,
                  "Actual Startup Time": 333.619,
                  "Actual Total Time": 864.302,
                  "Actual Rows": 512688,
                  "Actual Loops": 6,
                  "Inner Unique": false,
                  "Hash Cond": "(mi.movie_id = t.id)",
                  "Plans": [
                    {
                      "Node Type": "Seq Scan",
                      "Parent Relationship": "Outer",
                      "Parallel Aware": true,
                      "Relation Name": "movie_info",
                      "Alias": "mi",
                      "Startup Cost": 0.0,
                      "Total Cost": 198952.16,
                      "Plan Rows": 1897040,
                      "Plan Width": 4,
                      "Actual Startup Time": 0.042,
                      "Actual Total Time": 316.724,
                      "Actual Rows": 1594192,
                      "Actual Loops": 6,
                      "Filter": "(info_type_id < 16)",
                      "Rows Removed by Filter": 878428
                    },
                    {
                      "Node Type": "Hash",
                      "Parent Relationship": "Inner",
                      "Parallel Aware": true,
                      "Startup Cost": 93436.67,
                      "Total Cost": 93436.67,
                      "Plan Rows": 180215,
                      "Plan Width": 8,
                      "Actual Startup Time": 329.587,
                      "Actual Total Time": 329.747,
                      "Actual Rows": 56345,
                      "Actual Loops": 6,
                      "Hash Buckets": 1048576,
                      "Original Hash Buckets": 1048576,
                      "Hash Batches": 1,
                      "Original Hash Batches": 1,
                      "Peak Memory Usage": 21504,
                      "Plans": [
                        {
                          "Node Type": "Hash Join",
                          "Parent Relationship": "Outer",
                          "Parallel Aware": true,
                          "Join Type": "Inner",
                          "Startup Cost": 49894.52,
                          "Total Cost": 93436.67,
                          "Plan Rows": 180215,
                          "Plan Width": 8,
                          "Actual Startup Time": 204.86,
                          "Actual Total Time": 309.019,
                          "Actual Rows": 56345,
                          "Actual Loops": 6,
                          "Inner Unique": true,
                          "Hash Cond": "(mk.movie_id = t.id)",
                          "Plans": [
                            {
                              "Node Type": "Seq Scan",
                              "Parent Relationship": "Outer",
                              "Parallel Aware": true,
                              "Relation Name": "movie_keyword",
                              "Alias": "mk",
                              "Startup Cost": 0.0,
                              "Total Cost": 42695.65,
                              "Plan Rows": 322475,
                              "Plan Width": 4,
                              "Actual Startup Time": 0.026,
                              "Actual Total Time": 66.041,
                              "Actual Rows": 167436,
                              "Actual Loops": 6,
                              "Filter": "(keyword_id < 959)",
                              "Rows Removed by Filter": 586552
                            },
                            {
                              "Node Type": "Hash",
                              "Parent Relationship": "Inner",
                              "Parallel Aware": true,
                              "Startup Cost": 45479.1,
                              "Total Cost": 45479.1,
                              "Plan Rows": 353234,
                              "Plan Width": 4,
                              "Actual Startup Time": 201.636,
                              "Actual Total Time": 201.638,
                              "Actual Rows": 254938,
                              "Actual Loops": 6,
                              "Hash Buckets": 2097152,
                              "Original Hash Buckets": 2097152,
                              "Hash Batches": 1,
                              "Original Hash Batches": 1,
                              "Peak Memory Usage": 76320,
                              "Plans": [
                                {
                                  "Node Type": "Seq Scan",
                                  "Parent Relationship": "Outer",
                                  "Parallel Aware": true,
                                  "Relation Name": "title",
                                  "Alias": "t",
                                  "Startup Cost": 0.0,
                                  "Total Cost": 45479.1,
                                  "Plan Rows": 353234,
                                  "Plan Width": 4,
                                  "Actual Startup Time": 0.045,
                                  "Actual Total Time": 84.571,
                                  "Actual Rows": 254938,
                                  "Actual Loops": 6,
                                  "Filter": "((kind_id > 1) AND (production_year > 1982))",
                                  "Rows Removed by Filter": 166448
                                }
                              ]
                            }
                          ]
                        }
                      ]
                    }
                  ]
                }
              ]
            }
          ]
        }
      ]
    },
    "Planning Time": 1.494,
    "Triggers": [],
    "Execution Time": 956.464
  }
]