[
  {
    "Plan": {
      "Node Type": "Aggregate",
      "Strategy": "Plain",
      "Partial Mode": "Finalize",
      "Parallel Aware": false,
      "Startup Cost": 395466.4,
      "Total Cost": 395466.41,
      "Plan Rows": 1,
      "Plan Width": 8,
      "Actual Startup Time": 1365.726,
      "Actual Total Time": 1419.082,
      "Actual Rows": 1,
      "Actual Loops": 1,
      "Plans": [
        {
          "Node Type": "Gather",
          "Parent Relationship": "Outer",
          "Parallel Aware": false,
          "Startup Cost": 395465.78,
          "Total Cost": 395466.39,
          "Plan Rows": 6,
          "Plan Width": 8,
          "Actual Startup Time": 1355.015,
          "Actual Total Time": 1419.066,
          "Actual Rows": 7,
          "Actual Loops": 1,
          "Workers Planned": 6,
          "Workers Launched": 6,
          "Single Copy": false,
          "Plans": [
            {
              "Node Type": "Aggregate",
              "Strategy": "Plain",
              "Partial Mode": "Partial",
              "Parent Relationship": "Outer",
              "Parallel Aware": false,
              "Startup Cost": 394465.78,
              "Total Cost": 394465.79,
              "Plan Rows": 1,
              "Plan Width": 8,
              "Actual Startup Time": 1345.931,
              "Actual Total Time": 1345.935,
              "Actual Rows": 1,
              "Actual Loops": 7,
              "Plans": [
                {
                  "Node Type": "Hash Join",
                  "Parent Relationship": "Outer",
                  "Parallel Aware": true,
                  "Join Type": "Inner",
                  "Startup Cost": 48747.52,
                  "Total Cost": 393579.84,
                  "Plan Rows": 354376,
                  "Plan Width": 0,
                  "Actual Startup Time": 609.112,
                  "Actual Total Time": 1314.553,
                  "Actual Rows": 586734,
                  "Actual Loops": 7,
                  "Inner Unique": true,
                  "Hash Cond": "(ci.movie_id = t.id)",
                  "Plans": [
                    {
                      "Node Type": "Seq Scan",
                      "Parent Relationship": "Outer",
                      "Parallel Aware": true,
                      "Relation Name": "cast_info",
                      "Alias": "ci",
                      "Startup Cost": 0.0,
                      "Total Cost": 343316.27,
                      "Plan Rows": 577542,
                      "Plan Width": 4,
                      "Actual Startup Time": 414.843,
                      "Actual Total Time": 700.82,
                      "Actual Rows": 1112984,
                      "Actual Loops": 7,
                      "Filter": "((person_id > 2898559) AND (role_id > 2))",
                      "Rows Removed by Filter": 4064779
                    },
                    {
                      "Node Type": "Hash",
                      "Parent Relationship": "Inner",
                      "Parallel Aware": true,
                      "Startup Cost": 43899.32,
                      "Total Cost": 43899.32,
                      "Plan Rows": 387856,
                      "Plan Width": 4,
                      "Actual Startup Time": 191.243,
                      "Actual Total Time": 191.244,
                      "Actual Rows": 221675,
                      "Actual Loops": 7,
                      "Hash Buckets": 2097152,
                      "Original Hash Buckets": 2097152,
                      "Hash Batches": 1,
                      "Original Hash Batches": 1,
                      "Peak Memory Usage": 77216,
                      "Plans": [
                        {
                          "Node Type": "Seq Scan",
                          "Parent Relationship": "Outer",
                          "Parallel Aware": true,
                          "Relation Name": "title",
                          "Alias": "t",
                          "Startup Cost": 0.0,
                          "Total Cost": 43899.32,
                          "Plan Rows": 387856,
                          "Plan Width": 4,
                          "Actual Startup Time": 0.033,
                          "Actual Total Time": 84.582,
                          "Actual Rows": 221675,
                          "Actual Loops": 7,
                          "Filter": "(production_year < 2007)",
                          "Rows Removed by Filter": 139512
                        }
                      ]
                    }
                  ]
                }
              ]
            }
          ]
        }
      ]
    },
    "Planning Time": 0.257,
    "Triggers": [],
    "Execution Time": 1419.138
  }
]