[
  {
    "Plan": {
      "Node Type": "Aggregate",
      "Strategy": "Plain",
      "Partial Mode": "Finalize",
      "Parallel Aware": false,
      "Startup Cost": 115007.12,
      "Total Cost": 115007.13,
      "Plan Rows": 1,
      "Plan Width": 8,
      "Actual Startup Time": 739.276,
      "Actual Total Time": 764.684,
      "Actual Rows": 1,
      "Actual Loops": 1,
      "Plans": [
        {
          "Node Type": "Gather",
          "Parent Relationship": "Outer",
          "Parallel Aware": false,
          "Startup Cost": 115006.8,
          "Total Cost": 115007.11,
          "Plan Rows": 3,
          "Plan Width": 8,
          "Actual Startup Time": 728.506,
          "Actual Total Time": 764.673,
          "Actual Rows": 4,
          "Actual Loops": 1,
          "Workers Planned": 3,
          "Workers Launched": 3,
          "Single Copy": false,
          "Plans": [
            {
              "Node Type": "Aggregate",
              "Strategy": "Plain",
              "Partial Mode": "Partial",
              "Parent Relationship": "Outer",
              "Parallel Aware": false,
              "Startup Cost": 114006.8,
              "Total Cost": 114006.81,
              "Plan Rows": 1,
              "Plan Width": 8,
              "Actual Startup Time": 720.986,
              "Actual Total Time": 721.813,
              "Actual Rows": 1,
              "Actual Loops": 4,
              "Plans": [
                {
                  "Node Type": "Hash Join",
                  "Parent Relationship": "Outer",
                  "Parallel Aware": true,
                  "Join Type": "Inner",
                  "Startup Cost": 67703.34,
                  "Total Cost": 113524.68,
                  "Plan Rows": 192848,
                  "Plan Width": 0,
                  "Actual Startup Time": 473.494,
                  "Actual Total Time": 696.596,
                  "Actual Rows": 475002,
                  "Actual Loops": 4,
                  "Inner Unique": false,
                  "Hash Cond": "(mk.movie_id = t.id)",
                  "Plans": [
                    {
                      "Node Type": "Seq Scan",
                      "Parent Relationship": "Outer",
                      "Parallel Aware": true,
                      "Relation Name": "movie_keyword",
                      "Alias": "mk",
                      "Startup Cost": 0.0,
                      "Total Cost": 42695.65,
                      "Plan Rows": 619241,
                      "Plan Width": 4,
                      "Actual Startup Time": 0.566,
                      "Actual Total Time": 120.967,
                      "Actual Rows": 477012,
                      "Actual Loops": 4,
                      "Filter": "(keyword_id > 7078)",
                      "Rows Removed by Filter": 653970
                    },
                    {
                      "Node Type": "Hash",
                      "Parent Relationship": "Inner",
                      "Parallel Aware": true,
                      "Startup Cost": 63602.21,
                      "Total Cost": 63602.21,
                      "Plan Rows": 328091,
                      "Plan Width": 8,
                      "Actual Startup Time": 469.25,
                      "Actual Total Time": 470.072,
                      "Actual Rows": 174641,
                      "Actual Loops": 4,
                      "Hash Buckets": 1048576,
                      "Original Hash Buckets": 1048576,
                      "Hash Batches": 1,
                      "Original Hash Batches": 1,
                      "Peak Memory Usage": 35584,
                      "Plans": [
                        {
                          "Node Type": "Hash Join",
                          "Parent Relationship": "Outer",
                          "Parallel Aware": true,
                          "Join Type": "Inner",
                          "Startup Cost": 48407.65,
                          "Total Cost": 63602.21,
                          "Plan Rows": 328091,
                          "Plan Width": 8,
                          "Actual Startup Time": 284.002,
                          "Actual Total Time": 414.854,
                          "Actual Rows": 174641,
                          "Actual Loops": 4,
                          "Inner Unique": true,
                          "Hash Cond": "(mi_idx.movie_id = t.id)",
                          "Plans": [
                            {
                              "Node Type": "Seq Scan",
                              "Parent Relationship": "Outer",
                              "Parallel Aware": true,
                              "Relation Name": "movie_info_idx",
                              "Alias": "mi_idx",
                              "Startup Cost": 0.0,
                              "Total Cost": 13685.15,
                              "Plan Rows": 575015,
                              "Plan Width": 4,
                              "Actual Startup Time": 0.019,
                              "Actual Total Time": 39.152,
                              "Actual Rows": 345009,
                              "Actual Loops": 4
                            },
                            {
                              "Node Type": "Hash",
                              "Parent Relationship": "Inner",
                              "Parallel Aware": true,
                              "Startup Cost": 43899.32,
                              "Total Cost": 43899.32,
                              "Plan Rows": 360666,
                              "Plan Width": 4,
                              "Actual Startup Time": 279.964,
                              "Actual Total Time": 279.966,
                              "Actual Rows": 358616,
                              "Actual Loops": 4,
                              "Hash Buckets": 2097152,
                              "Original Hash Buckets": 2097152,
                              "Hash Batches": 1,
                              "Original Hash Batches": 1,
                              "Peak Memory Usage": 72576,
                              "Plans": [
                                {
                                  "Node Type": "Seq Scan",
                                  "Parent Relationship": "Outer",
                                  "Parallel Aware": true,
                                  "Relation Name": "title",
                                  "Alias": "t",
                                  "Startup Cost": 0.0,
                                  "Total Cost": 43899.32,
                                  "Plan Rows": 360666,
                                  "Plan Width": 4,
                                  "Actual Startup Time": 0.057,
                                  "Actual Total Time": 126.752,
                                  "Actual Rows": 358616,
                                  "Actual Loops": 4,
                                  "Filter": "(production_year > 1999)",
                                  "Rows Removed by Filter": 273462
                                }
                              ]
                            }
                          ]
                        }
                      ]
                    }
                  ]
                }
              ]
            }
          ]
        }
      ]
    },
    "Planning Time": 1.195,
    "Triggers": [],
    "Execution Time": 764.731
  }
]