[
  {
    "Plan": {
      "Node Type": "Aggregate",
      "Strategy": "Plain",
      "Partial Mode": "Finalize",
      "Parallel Aware": false,
      "Startup Cost": 30929.85,
      "Total Cost": 30929.86,
      "Plan Rows": 1,
      "Plan Width": 8,
      "Actual Startup Time": 84.31,
      "Actual Total Time": 92.614,
      "Actual Rows": 1,
      "Actual Loops": 1,
      "Plans": [
        {
          "Node Type": "Gather",
          "Parent Relationship": "Outer",
          "Parallel Aware": false,
          "Startup Cost": 30929.53,
          "Total Cost": 30929.84,
          "Plan Rows": 3,
          "Plan Width": 8,
          "Actual Startup Time": 84.222,
          "Actual Total Time": 92.607,
          "Actual Rows": 4,
          "Actual Loops": 1,
          "Workers Planned": 3,
          "Workers Launched": 3,
          "Single Copy": false,
          "Plans": [
            {
              "Node Type": "Aggregate",
              "Strategy": "Plain",
              "Partial Mode": "Partial",
              "Parent Relationship": "Outer",
              "Parallel Aware": false,
              "Startup Cost": 29929.53,
              "Total Cost": 29929.54,
              "Plan Rows": 1,
              "Plan Width": 8,
              "Actual Startup Time": 80.45,
              "Actual Total Time": 80.451,
              "Actual Rows": 1,
              "Actual Loops": 4,
              "Plans": [
                {
                  "Node Type": "Seq Scan",
                  "Parent Relationship": "Outer",
                  "Parallel Aware": true,
                  "Relation Name": "movie_companies",
                  "Alias": "mc",
                  "Startup Cost": 0.0,
                  "Total Cost": 29310.68,
                  "Plan Rows": 247539,
                  "Plan Width": 0,
                  "Actual Startup Time": 0.028,
                  "Actual Total Time": 70.057,
                  "Actual Rows": 191570,
                  "Actual Loops": 4,
                  "Filter": "(company_id < 1593)",
                  "Rows Removed by Filter": 460713
                }
              ]
            }
          ]
        }
      ]
    },
    "Planning Time": 0.134,
    "Triggers": [],
    "Execution Time": 92.653
  }
]