[
  {
    "Plan": {
      "Node Type": "Aggregate",
      "Strategy": "Plain",
      "Partial Mode": "Finalize",
      "Parallel Aware": false,
      "Startup Cost": 30935.04,
      "Total Cost": 30935.05,
      "Plan Rows": 1,
      "Plan Width": 8,
      "Actual Startup Time": 93.862,
      "Actual Total Time": 101.822,
      "Actual Rows": 1,
      "Actual Loops": 1,
      "Plans": [
        {
          "Node Type": "Gather",
          "Parent Relationship": "Outer",
          "Parallel Aware": false,
          "Startup Cost": 30934.72,
          "Total Cost": 30935.03,
          "Plan Rows": 3,
          "Plan Width": 8,
          "Actual Startup Time": 93.752,
          "Actual Total Time": 101.814,
          "Actual Rows": 4,
          "Actual Loops": 1,
          "Workers Planned": 3,
          "Workers Launched": 3,
          "Single Copy": false,
          "Plans": [
            {
              "Node Type": "Aggregate",
              "Strategy": "Plain",
              "Partial Mode": "Partial",
              "Parent Relationship": "Outer",
              "Parallel Aware": false,
              "Startup Cost": 29934.72,
              "Total Cost": 29934.73,
              "Plan Rows": 1,
              "Plan Width": 8,
              "Actual Startup Time": 86.047,
              "Actual Total Time": 86.048,
              "Actual Rows": 1,
              "Actual Loops": 4,
              "Plans": [
                {
                  "Node Type": "Seq Scan",
                  "Parent Relationship": "Outer",
                  "Parallel Aware": true,
                  "Relation Name": "movie_companies",
                  "Alias": "mc",
                  "Startup Cost": 0.0,
                  "Total Cost": 29310.68,
                  "Plan Rows": 249615,
                  "Plan Width": 0,
                  "Actual Startup Time": 0.041,
                  "Actual Total Time": 73.41,
                  "Actual Rows": 191570,
                  "Actual Loops": 4,
                  "Filter": "(company_id < 1593)",
                  "Rows Removed by Filter": 460713
                }
              ]
            }
          ]
        }
      ]
    },
    "Planning Time": 0.191,
    "Triggers": [],
    "Execution Time": 101.877
  }
]