[
  {
    "Plan": {
      "Node Type": "Aggregate",
      "Strategy": "Plain",
      "Partial Mode": "Finalize",
      "Parallel Aware": false,
      "Startup Cost": 44692.12,
      "Total Cost": 44692.13,
      "Plan Rows": 1,
      "Plan Width": 8,
      "Actual Startup Time": 137.885,
      "Actual Total Time": 145.469,
      "Actual Rows": 1,
      "Actual Loops": 1,
      "Plans": [
        {
          "Node Type": "Gather",
          "Parent Relationship": "Outer",
          "Parallel Aware": false,
          "Startup Cost": 44691.8,
          "Total Cost": 44692.11,
          "Plan Rows": 3,
          "Plan Width": 8,
          "Actual Startup Time": 137.758,
          "Actual Total Time": 145.458,
          "Actual Rows": 4,
          "Actual Loops": 1,
          "Workers Planned": 3,
          "Workers Launched": 3,
          "Single Copy": false,
          "Plans": [
            {
              "Node Type": "Aggregate",
              "Strategy": "Plain",
              "Partial Mode": "Partial",
              "Parent Relationship": "Outer",
              "Parallel Aware": false,
              "Startup Cost": 43691.8,
              "Total Cost": 43691.81,
              "Plan Rows": 1,
              "Plan Width": 8,
              "Actual Startup Time": 129.633,
              "Actual Total Time": 129.634,
              "Actual Rows": 1,
              "Actual Loops": 4,
              "Plans": [
                {
                  "Node Type": "Seq Scan",
                  "Parent Relationship": "Outer",
                  "Parallel Aware": true,
                  "Relation Name": "movie_keyword",
                  "Alias": "mk",
                  "Startup Cost": 0.0,
                  "Total Cost": 42695.65,
                  "Plan Rows": 398459,
                  "Plan Width": 0,
                  "Actual Startup Time": 0.057,
                  "Actual Total Time": 112.802,
                  "Actual Rows": 311108,
                  "Actual Loops": 4,
                  "Filter": "(keyword_id < 1582)",
                  "Rows Removed by Filter": 819875
                }
              ]
            }
          ]
        }
      ]
    },
    "Planning Time": 0.164,
    "Triggers": [],
    "Execution Time": 145.524
  }
]