{
    "Plan": {
        "Node Type": "Aggregate",
        "Strategy": "Plain",
        "Partial Mode": "Simple",
        "Parallel Aware": false,
        "Startup Cost": 20002334260.08,
        "Total Cost": 20002334260.09,
        "Plan Rows": 1,
        "Plan Width": 8,
        "Actual Startup Time": 10780.855,
        "Actual Total Time": 10780.859,
        "Actual Rows": 1,
        "Actual Loops": 1,
        "Output": [
            "count(*)"
        ],
        "Plans": [
            {
                "Node Type": "Hash Join",
                "Parent Relationship": "Outer",
                "Parallel Aware": false,
                "Join Type": "Inner",
                "Startup Cost": 20000802223.74,
                "Total Cost": 20002325650.71,
                "Plan Rows": 3443750,
                "Plan Width": 0,
                "Actual Startup Time": 7189.905,
                "Actual Total Time": 10518.195,
                "Actual Rows": 6467083,
                "Actual Loops": 1,
                "Inner Unique": false,
                "Hash Cond": "(t.id = ci.movie_id)",
                "Plans": [
                    {
                        "Node Type": "Nested Loop",
                        "Parent Relationship": "Outer",
                        "Parallel Aware": false,
                        "Join Type": "Inner",
                        "Startup Cost": 20000000003.02,
                        "Total Cost": 20001454883.5,
                        "Plan Rows": 682179,
                        "Plan Width": 8,
                        "Actual Startup Time": 1.716,
                        "Actual Total Time": 2677.094,
                        "Actual Rows": 597410,
                        "Actual Loops": 1,
                        "Output": [
                            "t.id",
                            "mi.movie_id"
                        ],
                        "Inner Unique": false,
                        "Plans": [
                            {
                                "Node Type": "Index Scan",
                                "Parent Relationship": "Outer",
                                "Parallel Aware": false,
                                "Scan Direction": "Forward",
                                "Index Name": "title_pkey",
                                "Relation Name": "title",
                                "Schema": "public",
                                "Alias": "t",
                                "Startup Cost": 10000000000.43,
                                "Total Cost": 10000116662.9,
                                "Plan Rows": 116893,
                                "Plan Width": 4,
                                "Actual Startup Time": 1.665,
                                "Actual Total Time": 1482.214,
                                "Actual Rows": 119565,
                                "Actual Loops": 1,
                                "Output": [
                                    "t.id",
                                    "t.title",
                                    "t.imdb_index",
                                    "t.kind_id",
                                    "t.production_year",
                                    "t.imdb_id",
                                    "t.phonetic_code",
                                    "t.episode_of_id",
                                    "t.season_nr",
                                    "t.episode_nr",
                                    "t.series_years",
                                    "t.md5sum"
                                ],
                                "Filter": "(t.production_year = 2007)",
                                "Rows Removed by Filter": 2408747
                            },
                            {
                                "Node Type": "Bitmap Heap Scan",
                                "Parent Relationship": "Inner",
                                "Parallel Aware": false,
                                "Relation Name": "movie_info",
                                "Schema": "public",
                                "Alias": "mi",
                                "Startup Cost": 2.59,
                                "Total Cost": 11.06,
                                "Plan Rows": 39,
                                "Plan Width": 4,
                                "Actual Startup Time": 0.005,
                                "Actual Total Time": 0.008,
                                "Actual Rows": 5,
                                "Actual Loops": 119565,
                                "Output": [
                                    "mi.id",
                                    "mi.movie_id",
                                    "mi.info_type_id",
                                    "mi.info",
                                    "mi.note"
                                ],
                                "Recheck Cond": "(mi.movie_id = t.id)",
                                "Rows Removed by Index Recheck": 0,
                                "Exact Heap Blocks": 424868,
                                "Lossy Heap Blocks": 0,
                                "Plans": [
                                    {
                                        "Node Type": "Bitmap Index Scan",
                                        "Parent Relationship": "Outer",
                                        "Parallel Aware": false,
                                        "Index Name": "movie_id_movie_info",
                                        "Startup Cost": 0.0,
                                        "Total Cost": 2.58,
                                        "Plan Rows": 39,
                                        "Plan Width": 0,
                                        "Actual Startup Time": 0.003,
                                        "Actual Total Time": 0.003,
                                        "Actual Rows": 5,
                                        "Actual Loops": 119565,
                                        "Index Cond": "(mi.movie_id = t.id)"
                                    }
                                ]
                            }
                        ]
                    },
                    {
                        "Node Type": "Hash",
                        "Parent Relationship": "Inner",
                        "Parallel Aware": false,
                        "Startup Cost": 642678.29,
                        "Total Cost": 642678.29,
                        "Plan Rows": 12763394,
                        "Plan Width": 4,
                        "Actual Startup Time": 7086.18,
                        "Actual Total Time": 7086.181,
                        "Actual Rows": 12670688,
                        "Actual Loops": 1,
                        "Output": [
                            "ci.movie_id"
                        ],
                        "Hash Buckets": 16777216,
                        "Original Hash Buckets": 16777216,
                        "Hash Batches": 1,
                        "Original Hash Batches": 1,
                        "Peak Memory Usage": 576526,
                        "Plans": [
                            {
                                "Node Type": "Bitmap Heap Scan",
                                "Parent Relationship": "Outer",
                                "Parallel Aware": false,
                                "Relation Name": "cast_info",
                                "Schema": "public",
                                "Alias": "ci",
                                "Startup Cost": 230448.87,
                                "Total Cost": 642678.29,
                                "Plan Rows": 12763394,
                                "Plan Width": 4,
                                "Actual Startup Time": 677.434,
                                "Actual Total Time": 2898.802,
                                "Actual Rows": 12670688,
                                "Actual Loops": 1,
                                "Output": [
                                    "ci.movie_id"
                                ],
                                "Recheck Cond": "(ci.role_id < 2)",
                                "Rows Removed by Index Recheck": 0,
                                "Exact Heap Blocks": 84183,
                                "Lossy Heap Blocks": 0,
                                "Plans": [
                                    {
                                        "Node Type": "Bitmap Index Scan",
                                        "Parent Relationship": "Outer",
                                        "Parallel Aware": false,
                                        "Index Name": "role_id_cast_info",
                                        "Startup Cost": 0.0,
                                        "Total Cost": 227258.02,
                                        "Plan Rows": 12763394,
                                        "Plan Width": 0,
                                        "Actual Startup Time": 657.27,
                                        "Actual Total Time": 657.27,
                                        "Actual Rows": 12670688,
                                        "Actual Loops": 1,
                                        "Index Cond": "(ci.role_id < 2)"
                                    }
                                ]
                            }
                        ]
                    }
                ]
            }
        ]
    },
    "Planning Time": 3.906,
    "Triggers": [],
    "Execution Time": 10793.074
}