[
  {
    "Plan": {
      "Node Type": "Aggregate",
      "Strategy": "Plain",
      "Partial Mode": "Finalize",
      "Parallel Aware": false,
      "Startup Cost": 457386.7,
      "Total Cost": 457386.71,
      "Plan Rows": 1,
      "Plan Width": 8,
      "Actual Startup Time": 1870.968,
      "Actual Total Time": 1935.134,
      "Actual Rows": 1,
      "Actual Loops": 1,
      "Plans": [
        {
          "Node Type": "Gather",
          "Parent Relationship": "Outer",
          "Parallel Aware": false,
          "Startup Cost": 457386.38,
          "Total Cost": 457386.69,
          "Plan Rows": 3,
          "Plan Width": 8,
          "Actual Startup Time": 1860.145,
          "Actual Total Time": 1935.127,
          "Actual Rows": 4,
          "Actual Loops": 1,
          "Workers Planned": 3,
          "Workers Launched": 3,
          "Single Copy": false,
          "Plans": [
            {
              "Node Type": "Aggregate",
              "Strategy": "Plain",
              "Partial Mode": "Partial",
              "Parent Relationship": "Outer",
              "Parallel Aware": false,
              "Startup Cost": 456386.38,
              "Total Cost": 456386.39,
              "Plan Rows": 1,
              "Plan Width": 8,
              "Actual Startup Time": 1841.494,
              "Actual Total Time": 1841.499,
              "Actual Rows": 1,
              "Actual Loops": 4,
              "Plans": [
                {
                  "Node Type": "Hash Join",
                  "Parent Relationship": "Outer",
                  "Parallel Aware": true,
                  "Join Type": "Inner",
                  "Startup Cost": 402080.33,
                  "Total Cost": 452206.73,
                  "Plan Rows": 1671862,
                  "Plan Width": 0,
                  "Actual Startup Time": 1434.453,
                  "Actual Total Time": 1763.966,
                  "Actual Rows": 2019695,
                  "Actual Loops": 4,
                  "Inner Unique": false,
                  "Hash Cond": "(mk.movie_id = t.id)",
                  "Plans": [
                    {
                      "Node Type": "Seq Scan",
                      "Parent Relationship": "Outer",
                      "Parallel Aware": true,
                      "Relation Name": "movie_keyword",
                      "Alias": "mk",
                      "Startup Cost": 0.0,
                      "Total Cost": 42695.65,
                      "Plan Rows": 1238480,
                      "Plan Width": 4,
                      "Actual Startup Time": 0.046,
                      "Actual Total Time": 103.797,
                      "Actual Rows": 958694,
                      "Actual Loops": 4,
                      "Filter": "(keyword_id > 569)",
                      "Rows Removed by Filter": 172288
                    },
                    {
                      "Node Type": "Hash",
                      "Parent Relationship": "Inner",
                      "Parallel Aware": true,
                      "Startup Cost": 394969.87,
                      "Total Cost": 394969.87,
                      "Plan Rows": 568837,
                      "Plan Width": 8,
                      "Actual Startup Time": 1423.523,
                      "Actual Total Time": 1423.527,
                      "Actual Rows": 373530,
                      "Actual Loops": 4,
                      "Hash Buckets": 4194304,
                      "Original Hash Buckets": 4194304,
                      "Hash Batches": 1,
                      "Original Hash Batches": 1,
                      "Peak Memory Usage": 91264,
                      "Plans": [
                        {
                          "Node Type": "Hash Join",
                          "Parent Relationship": "Outer",
                          "Parallel Aware": true,
                          "Join Type": "Inner",
                          "Startup Cost": 50219.64,
                          "Total Cost": 394969.87,
                          "Plan Rows": 568837,
                          "Plan Width": 8,
                          "Actual Startup Time": 582.895,
                          "Actual Total Time": 1276.339,
                          "Actual Rows": 373530,
                          "Actual Loops": 4,
                          "Inner Unique": true,
                          "Hash Cond": "(ci.movie_id = t.id)",
                          "Plans": [
                            {
                              "Node Type": "Seq Scan",
                              "Parent Relationship": "Outer",
                              "Parallel Aware": true,
                              "Relation Name": "cast_info",
                              "Alias": "ci",
                              "Startup Cost": 0.0,
                              "Total Cost": 343257.03,
                              "Plan Rows": 568837,
                              "Plan Width": 4,
                              "Actual Startup Time": 271.409,
                              "Actual Total Time": 771.972,
                              "Actual Rows": 373530,
                              "Actual Loops": 4,
                              "Filter": "((person_id < 519213) AND (role_id > 1))",
                              "Rows Removed by Filter": 8687556
                            },
                            {
                              "Node Type": "Hash",
                              "Parent Relationship": "Inner",
                              "Parallel Aware": true,
                              "Startup Cost": 42318.73,
                              "Total Cost": 42318.73,
                              "Plan Rows": 632073,
                              "Plan Width": 4,
                              "Actual Startup Time": 305.816,
                              "Actual Total Time": 305.817,
                              "Actual Rows": 632078,
                              "Actual Loops": 4,
                              "Hash Buckets": 4194304,
                              "Original Hash Buckets": 4194304,
                              "Hash Batches": 1,
                              "Original Hash Batches": 1,
                              "Peak Memory Usage": 131712,
                              "Plans": [
                                {
                                  "Node Type": "Seq Scan",
                                  "Parent Relationship": "Outer",
                                  "Parallel Aware": true,
                                  "Relation Name": "title",
                                  "Alias": "t",
                                  "Startup Cost": 0.0,
                                  "Total Cost": 42318.73,
                                  "Plan Rows": 632073,
                                  "Plan Width": 4,
                                  "Actual Startup Time": 0.046,
                                  "Actual Total Time": 91.409,
                                  "Actual Rows": 632078,
                                  "Actual Loops": 4
                                }
                              ]
                            }
                          ]
                        }
                      ]
                    }
                  ]
                }
              ]
            }
          ]
        }
      ]
    },
    "Planning Time": 1.257,
    "Triggers": [],
    "Execution Time": 1935.219
  }
]