[
  {
    "Plan": {
      "Node Type": "Aggregate",
      "Strategy": "Plain",
      "Partial Mode": "Finalize",
      "Parallel Aware": false,
      "Startup Cost": 80690.06,
      "Total Cost": 80690.07,
      "Plan Rows": 1,
      "Plan Width": 8,
      "Actual Startup Time": 289.088,
      "Actual Total Time": 305.473,
      "Actual Rows": 1,
      "Actual Loops": 1,
      "Plans": [
        {
          "Node Type": "Gather",
          "Parent Relationship": "Outer",
          "Parallel Aware": false,
          "Startup Cost": 80689.75,
          "Total Cost": 80690.06,
          "Plan Rows": 3,
          "Plan Width": 8,
          "Actual Startup Time": 286.865,
          "Actual Total Time": 305.464,
          "Actual Rows": 4,
          "Actual Loops": 1,
          "Workers Planned": 3,
          "Workers Launched": 3,
          "Single Copy": false,
          "Plans": [
            {
              "Node Type": "Aggregate",
              "Strategy": "Plain",
              "Partial Mode": "Partial",
              "Parent Relationship": "Outer",
              "Parallel Aware": false,
              "Startup Cost": 79689.75,
              "Total Cost": 79689.76,
              "Plan Rows": 1,
              "Plan Width": 8,
              "Actual Startup Time": 279.431,
              "Actual Total Time": 279.436,
              "Actual Rows": 1,
              "Actual Loops": 4,
              "Plans": [
                {
                  "Node Type": "Hash Join",
                  "Parent Relationship": "Outer",
                  "Parallel Aware": true,
                  "Join Type": "Inner",
                  "Startup Cost": 47459.36,
                  "Total Cost": 79532.62,
                  "Plan Rows": 62850,
                  "Plan Width": 0,
                  "Actual Startup Time": 181.004,
                  "Actual Total Time": 274.689,
                  "Actual Rows": 104444,
                  "Actual Loops": 4,
                  "Inner Unique": true,
                  "Hash Cond": "(mc.movie_id = t.id)",
                  "Plans": [
                    {
                      "Node Type": "Seq Scan",
                      "Parent Relationship": "Outer",
                      "Parallel Aware": true,
                      "Relation Name": "movie_companies",
                      "Alias": "mc",
                      "Startup Cost": 0.0,
                      "Total Cost": 31414.82,
                      "Plan Rows": 250835,
                      "Plan Width": 4,
                      "Actual Startup Time": 2.859,
                      "Actual Total Time": 67.658,
                      "Actual Rows": 140764,
                      "Actual Loops": 4,
                      "Filter": "((company_id > 5413) AND (company_type_id = 1))",
                      "Rows Removed by Filter": 511518
                    },
                    {
                      "Node Type": "Hash",
                      "Parent Relationship": "Inner",
                      "Parallel Aware": true,
                      "Startup Cost": 45479.59,
                      "Total Cost": 45479.59,
                      "Plan Rows": 158382,
                      "Plan Width": 4,
                      "Actual Startup Time": 163.631,
                      "Actual Total Time": 163.632,
                      "Actual Rows": 156802,
                      "Actual Loops": 4,
                      "Hash Buckets": 1048576,
                      "Original Hash Buckets": 1048576,
                      "Hash Batches": 1,
                      "Original Hash Batches": 1,
                      "Peak Memory Usage": 32768,
                      "Plans": [
                        {
                          "Node Type": "Seq Scan",
                          "Parent Relationship": "Outer",
                          "Parallel Aware": true,
                          "Relation Name": "title",
                          "Alias": "t",
                          "Startup Cost": 0.0,
                          "Total Cost": 45479.59,
                          "Plan Rows": 158382,
                          "Plan Width": 4,
                          "Actual Startup Time": 45.466,
                          "Actual Total Time": 105.74,
                          "Actual Rows": 156802,
                          "Actual Loops": 4,
                          "Filter": "((production_year > 1910) AND (kind_id = 1))",
                          "Rows Removed by Filter": 475276
                        }
                      ]
                    }
                  ]
                }
              ]
            }
          ]
        }
      ]
    },
    "Planning Time": 0.576,
    "Triggers": [],
    "Execution Time": 305.536
  }
]