[
  {
    "Plan": {
      "Node Type": "Aggregate",
      "Strategy": "Plain",
      "Partial Mode": "Finalize",
      "Parallel Aware": false,
      "Startup Cost": 80708.34,
      "Total Cost": 80708.35,
      "Plan Rows": 1,
      "Plan Width": 8,
      "Actual Startup Time": 334.605,
      "Actual Total Time": 346.634,
      "Actual Rows": 1,
      "Actual Loops": 1,
      "Plans": [
        {
          "Node Type": "Gather",
          "Parent Relationship": "Outer",
          "Parallel Aware": false,
          "Startup Cost": 80708.02,
          "Total Cost": 80708.33,
          "Plan Rows": 3,
          "Plan Width": 8,
          "Actual Startup Time": 331.663,
          "Actual Total Time": 346.624,
          "Actual Rows": 4,
          "Actual Loops": 1,
          "Workers Planned": 3,
          "Workers Launched": 3,
          "Single Copy": false,
          "Plans": [
            {
              "Node Type": "Aggregate",
              "Strategy": "Plain",
              "Partial Mode": "Partial",
              "Parent Relationship": "Outer",
              "Parallel Aware": false,
              "Startup Cost": 79708.02,
              "Total Cost": 79708.03,
              "Plan Rows": 1,
              "Plan Width": 8,
              "Actual Startup Time": 322.724,
              "Actual Total Time": 322.727,
              "Actual Rows": 1,
              "Actual Loops": 4,
              "Plans": [
                {
                  "Node Type": "Hash Join",
                  "Parent Relationship": "Outer",
                  "Parallel Aware": true,
                  "Join Type": "Inner",
                  "Startup Cost": 47472.92,
                  "Total Cost": 79549.08,
                  "Plan Rows": 63577,
                  "Plan Width": 0,
                  "Actual Startup Time": 205.064,
                  "Actual Total Time": 316.895,
                  "Actual Rows": 104444,
                  "Actual Loops": 4,
                  "Inner Unique": true,
                  "Hash Cond": "(mc.movie_id = t.id)",
                  "Plans": [
                    {
                      "Node Type": "Seq Scan",
                      "Parent Relationship": "Outer",
                      "Parallel Aware": true,
                      "Relation Name": "movie_companies",
                      "Alias": "mc",
                      "Startup Cost": 0.0,
                      "Total Cost": 31414.82,
                      "Plan Rows": 251937,
                      "Plan Width": 4,
                      "Actual Startup Time": 3.356,
                      "Actual Total Time": 79.725,
                      "Actual Rows": 140764,
                      "Actual Loops": 4,
                      "Filter": "((company_id > 5413) AND (company_type_id = 1))",
                      "Rows Removed by Filter": 511518
                    },
                    {
                      "Node Type": "Hash",
                      "Parent Relationship": "Inner",
                      "Parallel Aware": true,
                      "Startup Cost": 45479.1,
                      "Total Cost": 45479.1,
                      "Plan Rows": 159506,
                      "Plan Width": 4,
                      "Actual Startup Time": 185.161,
                      "Actual Total Time": 185.162,
                      "Actual Rows": 156802,
                      "Actual Loops": 4,
                      "Hash Buckets": 1048576,
                      "Original Hash Buckets": 1048576,
                      "Hash Batches": 1,
                      "Original Hash Batches": 1,
                      "Peak Memory Usage": 32800,
                      "Plans": [
                        {
                          "Node Type": "Seq Scan",
                          "Parent Relationship": "Outer",
                          "Parallel Aware": true,
                          "Relation Name": "title",
                          "Alias": "t",
                          "Startup Cost": 0.0,
                          "Total Cost": 45479.1,
                          "Plan Rows": 159506,
                          "Plan Width": 4,
                          "Actual Startup Time": 53.303,
                          "Actual Total Time": 123.338,
                          "Actual Rows": 156802,
                          "Actual Loops": 4,
                          "Filter": "((production_year > 1910) AND (kind_id = 1))",
                          "Rows Removed by Filter": 475276
                        }
                      ]
                    }
                  ]
                }
              ]
            }
          ]
        }
      ]
    },
    "Planning Time": 0.686,
    "Triggers": [],
    "Execution Time": 346.705
  }
]