[
  {
    "Plan": {
      "Node Type": "Aggregate",
      "Strategy": "Plain",
      "Partial Mode": "Finalize",
      "Parallel Aware": false,
      "Startup Cost": 403381.3,
      "Total Cost": 403381.31,
      "Plan Rows": 1,
      "Plan Width": 8,
      "Actual Startup Time": 1654.296,
      "Actual Total Time": 1721.137,
      "Actual Rows": 1,
      "Actual Loops": 1,
      "Plans": [
        {
          "Node Type": "Gather",
          "Parent Relationship": "Outer",
          "Parallel Aware": false,
          "Startup Cost": 403380.67,
          "Total Cost": 403381.28,
          "Plan Rows": 6,
          "Plan Width": 8,
          "Actual Startup Time": 1649.591,
          "Actual Total Time": 1721.126,
          "Actual Rows": 7,
          "Actual Loops": 1,
          "Workers Planned": 6,
          "Workers Launched": 6,
          "Single Copy": false,
          "Plans": [
            {
              "Node Type": "Aggregate",
              "Strategy": "Plain",
              "Partial Mode": "Partial",
              "Parent Relationship": "Outer",
              "Parallel Aware": false,
              "Startup Cost": 402380.67,
              "Total Cost": 402380.68,
              "Plan Rows": 1,
              "Plan Width": 8,
              "Actual Startup Time": 1639.075,
              "Actual Total Time": 1639.078,
              "Actual Rows": 1,
              "Actual Loops": 7,
              "Plans": [
                {
                  "Node Type": "Hash Join",
                  "Parent Relationship": "Outer",
                  "Parallel Aware": true,
                  "Join Type": "Inner",
                  "Startup Cost": 45322.19,
                  "Total Cost": 400359.61,
                  "Plan Rows": 808424,
                  "Plan Width": 0,
                  "Actual Startup Time": 106.422,
                  "Actual Total Time": 1610.006,
                  "Actual Rows": 661532,
                  "Actual Loops": 7,
                  "Inner Unique": true,
                  "Hash Cond": "(ci.movie_id = t.id)",
                  "Plans": [
                    {
                      "Node Type": "Seq Scan",
                      "Parent Relationship": "Outer",
                      "Parallel Aware": true,
                      "Relation Name": "cast_info",
                      "Alias": "ci",
                      "Startup Cost": 0.0,
                      "Total Cost": 343257.03,
                      "Plan Rows": 4487760,
                      "Plan Width": 4,
                      "Actual Startup Time": 0.021,
                      "Actual Total Time": 726.466,
                      "Actual Rows": 4115444,
                      "Actual Loops": 7,
                      "Filter": "((person_id < 3625950) AND (role_id < 8))",
                      "Rows Removed by Filter": 1062320
                    },
                    {
                      "Node Type": "Hash",
                      "Parent Relationship": "Inner",
                      "Parallel Aware": true,
                      "Startup Cost": 43898.92,
                      "Total Cost": 43898.92,
                      "Plan Rows": 113862,
                      "Plan Width": 4,
                      "Actual Startup Time": 103.933,
                      "Actual Total Time": 103.934,
                      "Actual Rows": 66509,
                      "Actual Loops": 7,
                      "Hash Buckets": 524288,
                      "Original Hash Buckets": 524288,
                      "Hash Batches": 1,
                      "Original Hash Batches": 1,
                      "Peak Memory Usage": 22464,
                      "Plans": [
                        {
                          "Node Type": "Seq Scan",
                          "Parent Relationship": "Outer",
                          "Parallel Aware": true,
                          "Relation Name": "title",
                          "Alias": "t",
                          "Startup Cost": 0.0,
                          "Total Cost": 43898.92,
                          "Plan Rows": 113862,
                          "Plan Width": 4,
                          "Actual Startup Time": 0.039,
                          "Actual Total Time": 73.961,
                          "Actual Rows": 66509,
                          "Actual Loops": 7,
                          "Filter": "(production_year < 1977)",
                          "Rows Removed by Filter": 294678
                        }
                      ]
                    }
                  ]
                }
              ]
            }
          ]
        }
      ]
    },
    "Planning Time": 0.501,
    "Triggers": [],
    "Execution Time": 1721.214
  }
]