{
  "Plan": {
    "Node Type": "Aggregate",
    "Strategy": "Plain",
    "Partial Mode": "Finalize",
    "Parallel Aware": false,
    "Startup Cost": 503676.8,
    "Total Cost": 503676.81,
    "Plan Rows": 1,
    "Plan Width": 8,
    "Actual Startup Time": 1986.446,
    "Actual Total Time": 2016.431,
    "Actual Rows": 1,
    "Actual Loops": 1,
    "Plans": [
      {
        "Node Type": "Gather",
        "Parent Relationship": "Outer",
        "Parallel Aware": false,
        "Startup Cost": 503676.69,
        "Total Cost": 503676.8,
        "Plan Rows": 1,
        "Plan Width": 8,
        "Actual Startup Time": 1984.308,
        "Actual Total Time": 2016.422,
        "Actual Rows": 2,
        "Actual Loops": 1,
        "Workers Planned": 1,
        "Workers Launched": 1,
        "Single Copy": false,
        "Plans": [
          {
            "Node Type": "Aggregate",
            "Strategy": "Plain",
            "Partial Mode": "Partial",
            "Parent Relationship": "Outer",
            "Parallel Aware": false,
            "Startup Cost": 502676.69,
            "Total Cost": 502676.7,
            "Plan Rows": 1,
            "Plan Width": 8,
            "Actual Startup Time": 1977.789,
            "Actual Total Time": 1977.796,
            "Actual Rows": 1,
            "Actual Loops": 2,
            "Plans": [
              {
                "Node Type": "Hash Join",
                "Parent Relationship": "Outer",
                "Parallel Aware": true,
                "Join Type": "Inner",
                "Startup Cost": 256501.64,
                "Total Cost": 501460.41,
                "Plan Rows": 486513,
                "Plan Width": 0,
                "Actual Startup Time": 603.34,
                "Actual Total Time": 1922.825,
                "Actual Rows": 1095608,
                "Actual Loops": 2,
                "Inner Unique": false,
                "Hash Cond": "(ci.movie_id = t.id)",
                "Plans": [
                  {
                    "Node Type": "Index Scan",
                    "Parent Relationship": "Outer",
                    "Parallel Aware": true,
                    "Scan Direction": "Forward",
                    "Index Name": "role_id_cast_info",
                    "Relation Name": "cast_info",
                    "Alias": "ci",
                    "Startup Cost": 0.56,
                    "Total Cost": 225853.5,
                    "Plan Rows": 4331734,
                    "Plan Width": 4,
                    "Actual Startup Time": 0.057,
                    "Actual Total Time": 628.853,
                    "Actual Rows": 3725986,
                    "Actual Loops": 2,
                    "Index Cond": "(role_id = 2)",
                    "Rows Removed by Index Recheck": 0
                  },
                  {
                    "Node Type": "Hash",
                    "Parent Relationship": "Inner",
                    "Parallel Aware": true,
                    "Startup Cost": 254413.12,
                    "Total Cost": 254413.12,
                    "Plan Rows": 167036,
                    "Plan Width": 8,
                    "Actual Startup Time": 597.332,
                    "Actual Total Time": 597.337,
                    "Actual Rows": 145782,
                    "Actual Loops": 2,
                    "Hash Buckets": 524288,
                    "Original Hash Buckets": 524288,
                    "Hash Batches": 1,
                    "Original Hash Batches": 1,
                    "Peak Memory Usage": 15552,
                    "Plans": [
                      {
                        "Node Type": "Hash Join",
                        "Parent Relationship": "Outer",
                        "Parallel Aware": true,
                        "Join Type": "Inner",
                        "Startup Cost": 81358.36,
                        "Total Cost": 254413.12,
                        "Plan Rows": 167036,
                        "Plan Width": 8,
                        "Actual Startup Time": 304.177,
                        "Actual Total Time": 558.032,
                        "Actual Rows": 145782,
                        "Actual Loops": 2,
                        "Inner Unique": true,
                        "Hash Cond": "(mi.movie_id = t.id)",
                        "Plans": [
                          {
                            "Node Type": "Bitmap Heap Scan",
                            "Parent Relationship": "Outer",
                            "Parallel Aware": true,
                            "Relation Name": "movie_info",
                            "Alias": "mi",
                            "Startup Cost": 22524.06,
                            "Total Cost": 193659.01,
                            "Plan Rows": 731356,
                            "Plan Width": 4,
                            "Actual Startup Time": 48.306,
                            "Actual Total Time": 166.204,
                            "Actual Rows": 602354,
                            "Actual Loops": 2,
                            "Recheck Cond": "(info_type_id > 18)",
                            "Rows Removed by Index Recheck": 0,
                            "Exact Heap Blocks": 17708,
                            "Lossy Heap Blocks": 0,
                            "Plans": [
                              {
                                "Node Type": "Bitmap Index Scan",
                                "Parent Relationship": "Outer",
                                "Parallel Aware": false,
                                "Index Name": "info_type_id_movie_info",
                                "Startup Cost": 0.0,
                                "Total Cost": 22213.23,
                                "Plan Rows": 1243306,
                                "Plan Width": 0,
                                "Actual Startup Time": 42.8,
                                "Actual Total Time": 42.8,
                                "Actual Rows": 1204709,
                                "Actual Loops": 1,
                                "Index Cond": "(info_type_id > 18)"
                              }
                            ]
                          },
                          {
                            "Node Type": "Hash",
                            "Parent Relationship": "Inner",
                            "Parallel Aware": true,
                            "Startup Cost": 54588.39,
                            "Total Cost": 54588.39,
                            "Plan Rows": 339673,
                            "Plan Width": 4,
                            "Actual Startup Time": 249.303,
                            "Actual Total Time": 249.304,
                            "Actual Rows": 292510,
                            "Actual Loops": 2,
                            "Hash Buckets": 1048576,
                            "Original Hash Buckets": 1048576,
                            "Hash Batches": 1,
                            "Original Hash Batches": 1,
                            "Peak Memory Usage": 31104,
                            "Plans": [
                              {
                                "Node Type": "Seq Scan",
                                "Parent Relationship": "Outer",
                                "Parallel Aware": true,
                                "Relation Name": "title",
                                "Alias": "t",
                                "Startup Cost": 0.0,
                                "Total Cost": 54588.39,
                                "Plan Rows": 339673,
                                "Plan Width": 4,
                                "Actual Startup Time": 0.036,
                                "Actual Total Time": 153.284,
                                "Actual Rows": 292510,
                                "Actual Loops": 2,
                                "Filter": "(production_year < 1985)",
                                "Rows Removed by Filter": 971646
                              }
                            ]
                          }
                        ]
                      }
                    ]
                  }
                ]
              }
            ]
          }
        ]
      }
    ]
  },
  "Planning Time": 0.99,
  "Triggers": [],
  "Execution Time": 2016.538
}