{
  "Plan": {
    "Node Type": "Aggregate",
    "Strategy": "Plain",
    "Partial Mode": "Finalize",
    "Parallel Aware": false,
    "Startup Cost": 428371.16,
    "Total Cost": 428371.17,
    "Plan Rows": 1,
    "Plan Width": 8,
    "Actual Startup Time": 2838.74,
    "Actual Total Time": 2881.85,
    "Actual Rows": 1,
    "Actual Loops": 1,
    "Plans": [
      {
        "Node Type": "Gather",
        "Parent Relationship": "Outer",
        "Parallel Aware": false,
        "Startup Cost": 428371.05,
        "Total Cost": 428371.16,
        "Plan Rows": 1,
        "Plan Width": 8,
        "Actual Startup Time": 2832.747,
        "Actual Total Time": 2881.841,
        "Actual Rows": 2,
        "Actual Loops": 1,
        "Workers Planned": 1,
        "Workers Launched": 1,
        "Single Copy": false,
        "Plans": [
          {
            "Node Type": "Aggregate",
            "Strategy": "Plain",
            "Partial Mode": "Partial",
            "Parent Relationship": "Outer",
            "Parallel Aware": false,
            "Startup Cost": 427371.05,
            "Total Cost": 427371.06,
            "Plan Rows": 1,
            "Plan Width": 8,
            "Actual Startup Time": 2825.538,
            "Actual Total Time": 2826.166,
            "Actual Rows": 1,
            "Actual Loops": 2,
            "Plans": [
              {
                "Node Type": "Hash Join",
                "Parent Relationship": "Outer",
                "Parallel Aware": true,
                "Join Type": "Inner",
                "Startup Cost": 121990.99,
                "Total Cost": 421070.27,
                "Plan Rows": 2520314,
                "Plan Width": 0,
                "Actual Startup Time": 1231.83,
                "Actual Total Time": 2687.829,
                "Actual Rows": 3236069,
                "Actual Loops": 2,
                "Inner Unique": false,
                "Hash Cond": "(mi.movie_id = t.id)",
                "Plans": [
                  {
                    "Node Type": "Seq Scan",
                    "Parent Relationship": "Outer",
                    "Parallel Aware": true,
                    "Relation Name": "movie_info",
                    "Alias": "mi",
                    "Startup Cost": 0.0,
                    "Total Cost": 270696.42,
                    "Plan Rows": 3615331,
                    "Plan Width": 4,
                    "Actual Startup Time": 34.854,
                    "Actual Total Time": 684.622,
                    "Actual Rows": 3041714,
                    "Actual Loops": 2,
                    "Filter": "(info_type_id > 9)",
                    "Rows Removed by Filter": 4376146
                  },
                  {
                    "Node Type": "Hash",
                    "Parent Relationship": "Inner",
                    "Parallel Aware": true,
                    "Startup Cost": 109031.29,
                    "Total Cost": 109031.29,
                    "Plan Rows": 1036776,
                    "Plan Width": 8,
                    "Actual Startup Time": 1182.248,
                    "Actual Total Time": 1182.873,
                    "Actual Rows": 643439,
                    "Actual Loops": 2,
                    "Hash Buckets": 2097152,
                    "Original Hash Buckets": 2097152,
                    "Hash Batches": 1,
                    "Original Hash Batches": 1,
                    "Peak Memory Usage": 66752,
                    "Plans": [
                      {
                        "Node Type": "Hash Join",
                        "Parent Relationship": "Outer",
                        "Parallel Aware": true,
                        "Join Type": "Inner",
                        "Startup Cost": 70864.66,
                        "Total Cost": 109031.29,
                        "Plan Rows": 1036776,
                        "Plan Width": 8,
                        "Actual Startup Time": 469.183,
                        "Actual Total Time": 997.979,
                        "Actual Rows": 643439,
                        "Actual Loops": 2,
                        "Inner Unique": true,
                        "Hash Cond": "(mc.movie_id = t.id)",
                        "Plans": [
                          {
                            "Node Type": "Seq Scan",
                            "Parent Relationship": "Outer",
                            "Parallel Aware": true,
                            "Relation Name": "movie_companies",
                            "Alias": "mc",
                            "Startup Cost": 0.0,
                            "Total Cost": 34137.82,
                            "Plan Rows": 1534782,
                            "Plan Width": 4,
                            "Actual Startup Time": 0.013,
                            "Actual Total Time": 109.009,
                            "Actual Rows": 1304564,
                            "Actual Loops": 2
                          },
                          {
                            "Node Type": "Hash",
                            "Parent Relationship": "Inner",
                            "Parallel Aware": true,
                            "Startup Cost": 58306.47,
                            "Total Cost": 58306.47,
                            "Plan Rows": 1004655,
                            "Plan Width": 4,
                            "Actual Startup Time": 461.399,
                            "Actual Total Time": 461.4,
                            "Actual Rows": 899775,
                            "Actual Loops": 2,
                            "Hash Buckets": 2097152,
                            "Original Hash Buckets": 2097152,
                            "Hash Batches": 1,
                            "Original Hash Batches": 1,
                            "Peak Memory Usage": 86816,
                            "Plans": [
                              {
                                "Node Type": "Seq Scan",
                                "Parent Relationship": "Outer",
                                "Parallel Aware": true,
                                "Relation Name": "title",
                                "Alias": "t",
                                "Startup Cost": 0.0,
                                "Total Cost": 58306.47,
                                "Plan Rows": 1004655,
                                "Plan Width": 4,
                                "Actual Startup Time": 0.043,
                                "Actual Total Time": 183.97,
                                "Actual Rows": 899775,
                                "Actual Loops": 2,
                                "Filter": "((kind_id > 1) AND (production_year > 1941))",
                                "Rows Removed by Filter": 364381
                              }
                            ]
                          }
                        ]
                      }
                    ]
                  }
                ]
              }
            ]
          }
        ]
      }
    ]
  },
  "Planning Time": 0.963,
  "Triggers": [],
  "Execution Time": 2881.934
}