[
  {
    "Plan": {
      "Node Type": "Aggregate",
      "Strategy": "Plain",
      "Partial Mode": "Finalize",
      "Parallel Aware": false,
      "Startup Cost": 119832.82,
      "Total Cost": 119832.83,
      "Plan Rows": 1,
      "Plan Width": 8,
      "Actual Startup Time": 449.069,
      "Actual Total Time": 470.846,
      "Actual Rows": 1,
      "Actual Loops": 1,
      "Plans": [
        {
          "Node Type": "Gather",
          "Parent Relationship": "Outer",
          "Parallel Aware": false,
          "Startup Cost": 119832.5,
          "Total Cost": 119832.81,
          "Plan Rows": 3,
          "Plan Width": 8,
          "Actual Startup Time": 447.121,
          "Actual Total Time": 470.838,
          "Actual Rows": 4,
          "Actual Loops": 1,
          "Workers Planned": 3,
          "Workers Launched": 3,
          "Single Copy": false,
          "Plans": [
            {
              "Node Type": "Aggregate",
              "Strategy": "Plain",
              "Partial Mode": "Partial",
              "Parent Relationship": "Outer",
              "Parallel Aware": false,
              "Startup Cost": 118832.5,
              "Total Cost": 118832.51,
              "Plan Rows": 1,
              "Plan Width": 8,
              "Actual Startup Time": 439.957,
              "Actual Total Time": 440.09,
              "Actual Rows": 1,
              "Actual Loops": 4,
              "Plans": [
                {
                  "Node Type": "Hash Join",
                  "Parent Relationship": "Outer",
                  "Parallel Aware": true,
                  "Join Type": "Inner",
                  "Startup Cost": 88050.01,
                  "Total Cost": 118649.24,
                  "Plan Rows": 73306,
                  "Plan Width": 0,
                  "Actual Startup Time": 300.223,
                  "Actual Total Time": 427.88,
                  "Actual Rows": 296170,
                  "Actual Loops": 4,
                  "Inner Unique": false,
                  "Hash Cond": "(mc.movie_id = t.id)",
                  "Plans": [
                    {
                      "Node Type": "Seq Scan",
                      "Parent Relationship": "Outer",
                      "Parallel Aware": true,
                      "Relation Name": "movie_companies",
                      "Alias": "mc",
                      "Startup Cost": 0.0,
                      "Total Cost": 27206.55,
                      "Plan Rows": 841655,
                      "Plan Width": 4,
                      "Actual Startup Time": 0.014,
                      "Actual Total Time": 54.393,
                      "Actual Rows": 652282,
                      "Actual Loops": 4
                    },
                    {
                      "Node Type": "Hash",
                      "Parent Relationship": "Inner",
                      "Parallel Aware": true,
                      "Startup Cost": 87162.03,
                      "Total Cost": 87162.03,
                      "Plan Rows": 71039,
                      "Plan Width": 8,
                      "Actual Startup Time": 286.124,
                      "Actual Total Time": 286.255,
                      "Actual Rows": 58853,
                      "Actual Loops": 4,
                      "Hash Buckets": 262144,
                      "Original Hash Buckets": 262144,
                      "Hash Batches": 1,
                      "Original Hash Batches": 1,
                      "Peak Memory Usage": 11328,
                      "Plans": [
                        {
                          "Node Type": "Hash Join",
                          "Parent Relationship": "Outer",
                          "Parallel Aware": true,
                          "Join Type": "Inner",
                          "Startup Cost": 44283.95,
                          "Total Cost": 87162.03,
                          "Plan Rows": 71039,
                          "Plan Width": 8,
                          "Actual Startup Time": 120.585,
                          "Actual Total Time": 274.503,
                          "Actual Rows": 58853,
                          "Actual Loops": 4,
                          "Inner Unique": true,
                          "Hash Cond": "(mk.movie_id = t.id)",
                          "Plans": [
                            {
                              "Node Type": "Seq Scan",
                              "Parent Relationship": "Outer",
                              "Parallel Aware": true,
                              "Relation Name": "movie_keyword",
                              "Alias": "mk",
                              "Startup Cost": 0.0,
                              "Total Cost": 39047.32,
                              "Plan Rows": 1459332,
                              "Plan Width": 4,
                              "Actual Startup Time": 0.037,
                              "Actual Total Time": 82.206,
                              "Actual Rows": 1130982,
                              "Actual Loops": 4
                            },
                            {
                              "Node Type": "Hash",
                              "Parent Relationship": "Inner",
                              "Parallel Aware": true,
                              "Startup Cost": 43899.32,
                              "Total Cost": 43899.32,
                              "Plan Rows": 30770,
                              "Plan Width": 4,
                              "Actual Startup Time": 102.892,
                              "Actual Total Time": 102.894,
                              "Actual Rows": 33281,
                              "Actual Loops": 4,
                              "Hash Buckets": 262144,
                              "Original Hash Buckets": 131072,
                              "Hash Batches": 1,
                              "Original Hash Batches": 1,
                              "Peak Memory Usage": 8352,
                              "Plans": [
                                {
                                  "Node Type": "Seq Scan",
                                  "Parent Relationship": "Outer",
                                  "Parallel Aware": true,
                                  "Relation Name": "title",
                                  "Alias": "t",
                                  "Startup Cost": 0.0,
                                  "Total Cost": 43899.32,
                                  "Plan Rows": 30770,
                                  "Plan Width": 4,
                                  "Actual Startup Time": 21.195,
                                  "Actual Total Time": 88.046,
                                  "Actual Rows": 33281,
                                  "Actual Loops": 4,
                                  "Filter": "(production_year < 1937)",
                                  "Rows Removed by Filter": 598797
                                }
                              ]
                            }
                          ]
                        }
                      ]
                    }
                  ]
                }
              ]
            }
          ]
        }
      ]
    },
    "Planning Time": 0.779,
    "Triggers": [],
    "Execution Time": 470.899
  }
]