{
  "Plan": {
    "Node Type": "Aggregate",
    "Strategy": "Plain",
    "Partial Mode": "Finalize",
    "Parallel Aware": false,
    "Startup Cost": 119092.6,
    "Total Cost": 119092.61,
    "Plan Rows": 1,
    "Plan Width": 8,
    "Actual Startup Time": 587.127,
    "Actual Total Time": 600.281,
    "Actual Rows": 1,
    "Actual Loops": 1,
    "Plans": [
      {
        "Node Type": "Gather",
        "Parent Relationship": "Outer",
        "Parallel Aware": false,
        "Startup Cost": 119092.49,
        "Total Cost": 119092.6,
        "Plan Rows": 1,
        "Plan Width": 8,
        "Actual Startup Time": 585.12,
        "Actual Total Time": 600.275,
        "Actual Rows": 2,
        "Actual Loops": 1,
        "Workers Planned": 1,
        "Workers Launched": 1,
        "Single Copy": false,
        "Plans": [
          {
            "Node Type": "Aggregate",
            "Strategy": "Plain",
            "Partial Mode": "Partial",
            "Parent Relationship": "Outer",
            "Parallel Aware": false,
            "Startup Cost": 118092.49,
            "Total Cost": 118092.5,
            "Plan Rows": 1,
            "Plan Width": 8,
            "Actual Startup Time": 580.843,
            "Actual Total Time": 580.847,
            "Actual Rows": 1,
            "Actual Loops": 2,
            "Plans": [
              {
                "Node Type": "Hash Join",
                "Parent Relationship": "Outer",
                "Parallel Aware": true,
                "Join Type": "Inner",
                "Startup Cost": 84362.32,
                "Total Cost": 117379.97,
                "Plan Rows": 285006,
                "Plan Width": 0,
                "Actual Startup Time": 386.194,
                "Actual Total Time": 572.694,
                "Actual Rows": 180710,
                "Actual Loops": 2,
                "Inner Unique": true,
                "Hash Cond": "(mk.movie_id = t.id)",
                "Plans": [
                  {
                    "Node Type": "Bitmap Heap Scan",
                    "Parent Relationship": "Outer",
                    "Parallel Aware": true,
                    "Relation Name": "movie_keyword",
                    "Alias": "mk",
                    "Startup Cost": 20416.01,
                    "Total Cost": 51947.41,
                    "Plan Rows": 566192,
                    "Plan Width": 4,
                    "Actual Startup Time": 52.137,
                    "Actual Total Time": 137.701,
                    "Actual Rows": 483107,
                    "Actual Loops": 2,
                    "Recheck Cond": "(keyword_id < 910)",
                    "Rows Removed by Index Recheck": 0,
                    "Exact Heap Blocks": 13493,
                    "Lossy Heap Blocks": 0,
                    "Plans": [
                      {
                        "Node Type": "Bitmap Index Scan",
                        "Parent Relationship": "Outer",
                        "Parallel Aware": false,
                        "Index Name": "keyword_id_movie_keyword",
                        "Startup Cost": 0.0,
                        "Total Cost": 20175.38,
                        "Plan Rows": 962526,
                        "Plan Width": 0,
                        "Actual Startup Time": 48.459,
                        "Actual Total Time": 48.46,
                        "Actual Rows": 966214,
                        "Actual Loops": 1,
                        "Index Cond": "(keyword_id < 910)"
                      }
                    ]
                  },
                  {
                    "Node Type": "Hash",
                    "Parent Relationship": "Inner",
                    "Parallel Aware": true,
                    "Startup Cost": 54588.39,
                    "Total Cost": 54588.39,
                    "Plan Rows": 748634,
                    "Plan Width": 4,
                    "Actual Startup Time": 324.525,
                    "Actual Total Time": 324.526,
                    "Actual Rows": 630148,
                    "Actual Loops": 2,
                    "Hash Buckets": 2097152,
                    "Original Hash Buckets": 2097152,
                    "Hash Batches": 1,
                    "Original Hash Batches": 1,
                    "Peak Memory Usage": 65728,
                    "Plans": [
                      {
                        "Node Type": "Seq Scan",
                        "Parent Relationship": "Outer",
                        "Parallel Aware": true,
                        "Relation Name": "title",
                        "Alias": "t",
                        "Startup Cost": 0.0,
                        "Total Cost": 54588.39,
                        "Plan Rows": 748634,
                        "Plan Width": 4,
                        "Actual Startup Time": 0.02,
                        "Actual Total Time": 156.173,
                        "Actual Rows": 630148,
                        "Actual Loops": 2,
                        "Filter": "(production_year > 2002)",
                        "Rows Removed by Filter": 634008
                      }
                    ]
                  }
                ]
              }
            ]
          }
        ]
      }
    ]
  },
  "Planning Time": 0.323,
  "Triggers": [],
  "Execution Time": 600.33
}