[
  {
    "Plan": {
      "Node Type": "Aggregate",
      "Strategy": "Plain",
      "Partial Mode": "Finalize",
      "Parallel Aware": false,
      "Startup Cost": 32866.38,
      "Total Cost": 32866.39,
      "Plan Rows": 1,
      "Plan Width": 8,
      "Actual Startup Time": 105.823,
      "Actual Total Time": 114.648,
      "Actual Rows": 1,
      "Actual Loops": 1,
      "Plans": [
        {
          "Node Type": "Gather",
          "Parent Relationship": "Outer",
          "Parallel Aware": false,
          "Startup Cost": 32866.07,
          "Total Cost": 32866.38,
          "Plan Rows": 3,
          "Plan Width": 8,
          "Actual Startup Time": 105.637,
          "Actual Total Time": 114.635,
          "Actual Rows": 4,
          "Actual Loops": 1,
          "Workers Planned": 3,
          "Workers Launched": 3,
          "Single Copy": false,
          "Plans": [
            {
              "Node Type": "Aggregate",
              "Strategy": "Plain",
              "Partial Mode": "Partial",
              "Parent Relationship": "Outer",
              "Parallel Aware": false,
              "Startup Cost": 31866.07,
              "Total Cost": 31866.08,
              "Plan Rows": 1,
              "Plan Width": 8,
              "Actual Startup Time": 96.841,
              "Actual Total Time": 96.843,
              "Actual Rows": 1,
              "Actual Loops": 4,
              "Plans": [
                {
                  "Node Type": "Seq Scan",
                  "Parent Relationship": "Outer",
                  "Parallel Aware": true,
                  "Relation Name": "movie_companies",
                  "Alias": "mc",
                  "Startup Cost": 0.0,
                  "Total Cost": 31414.82,
                  "Plan Rows": 180499,
                  "Plan Width": 0,
                  "Actual Startup Time": 0.029,
                  "Actual Total Time": 83.781,
                  "Actual Rows": 194416,
                  "Actual Loops": 4,
                  "Filter": "((company_id < 9161) AND (company_type_id = 1))",
                  "Rows Removed by Filter": 457866
                }
              ]
            }
          ]
        }
      ]
    },
    "Planning Time": 0.233,
    "Triggers": [],
    "Execution Time": 114.706
  }
]