[
  {
    "Plan": {
      "Node Type": "Aggregate",
      "Strategy": "Plain",
      "Partial Mode": "Finalize",
      "Parallel Aware": false,
      "Startup Cost": 32874.15,
      "Total Cost": 32874.16,
      "Plan Rows": 1,
      "Plan Width": 8,
      "Actual Startup Time": 112.35,
      "Actual Total Time": 120.536,
      "Actual Rows": 1,
      "Actual Loops": 1,
      "Plans": [
        {
          "Node Type": "Gather",
          "Parent Relationship": "Outer",
          "Parallel Aware": false,
          "Startup Cost": 32873.84,
          "Total Cost": 32874.15,
          "Plan Rows": 3,
          "Plan Width": 8,
          "Actual Startup Time": 112.195,
          "Actual Total Time": 120.526,
          "Actual Rows": 4,
          "Actual Loops": 1,
          "Workers Planned": 3,
          "Workers Launched": 3,
          "Single Copy": false,
          "Plans": [
            {
              "Node Type": "Aggregate",
              "Strategy": "Plain",
              "Partial Mode": "Partial",
              "Parent Relationship": "Outer",
              "Parallel Aware": false,
              "Startup Cost": 31873.84,
              "Total Cost": 31873.85,
              "Plan Rows": 1,
              "Plan Width": 8,
              "Actual Startup Time": 104.545,
              "Actual Total Time": 104.546,
              "Actual Rows": 1,
              "Actual Loops": 4,
              "Plans": [
                {
                  "Node Type": "Seq Scan",
                  "Parent Relationship": "Outer",
                  "Parallel Aware": true,
                  "Relation Name": "movie_companies",
                  "Alias": "mc",
                  "Startup Cost": 0.0,
                  "Total Cost": 31414.82,
                  "Plan Rows": 183607,
                  "Plan Width": 0,
                  "Actual Startup Time": 0.046,
                  "Actual Total Time": 89.949,
                  "Actual Rows": 194416,
                  "Actual Loops": 4,
                  "Filter": "((company_id < 9161) AND (company_type_id = 1))",
                  "Rows Removed by Filter": 457866
                }
              ]
            }
          ]
        }
      ]
    },
    "Planning Time": 0.267,
    "Triggers": [],
    "Execution Time": 120.586
  }
]