[
  {
    "Plan": {
      "Node Type": "Aggregate",
      "Strategy": "Plain",
      "Partial Mode": "Finalize",
      "Parallel Aware": false,
      "Startup Cost": 33035.71,
      "Total Cost": 33035.72,
      "Plan Rows": 1,
      "Plan Width": 8,
      "Actual Startup Time": 107.165,
      "Actual Total Time": 114.766,
      "Actual Rows": 1,
      "Actual Loops": 1,
      "Plans": [
        {
          "Node Type": "Gather",
          "Parent Relationship": "Outer",
          "Parallel Aware": false,
          "Startup Cost": 33035.39,
          "Total Cost": 33035.7,
          "Plan Rows": 3,
          "Plan Width": 8,
          "Actual Startup Time": 107.063,
          "Actual Total Time": 114.759,
          "Actual Rows": 4,
          "Actual Loops": 1,
          "Workers Planned": 3,
          "Workers Launched": 3,
          "Single Copy": false,
          "Plans": [
            {
              "Node Type": "Aggregate",
              "Strategy": "Plain",
              "Partial Mode": "Partial",
              "Parent Relationship": "Outer",
              "Parallel Aware": false,
              "Startup Cost": 32035.39,
              "Total Cost": 32035.4,
              "Plan Rows": 1,
              "Plan Width": 8,
              "Actual Startup Time": 98.439,
              "Actual Total Time": 98.44,
              "Actual Rows": 1,
              "Actual Loops": 4,
              "Plans": [
                {
                  "Node Type": "Seq Scan",
                  "Parent Relationship": "Outer",
                  "Parallel Aware": true,
                  "Relation Name": "movie_companies",
                  "Alias": "mc",
                  "Startup Cost": 0.0,
                  "Total Cost": 31414.82,
                  "Plan Rows": 248228,
                  "Plan Width": 0,
                  "Actual Startup Time": 0.05,
                  "Actual Total Time": 82.565,
                  "Actual Rows": 263714,
                  "Actual Loops": 4,
                  "Filter": "((company_id < 14827) AND (company_type_id < 2))",
                  "Rows Removed by Filter": 388568
                }
              ]
            }
          ]
        }
      ]
    },
    "Planning Time": 0.193,
    "Triggers": [],
    "Execution Time": 114.821
  }
]