{
  "Plan": {
    "Node Type": "Aggregate",
    "Strategy": "Plain",
    "Partial Mode": "Finalize",
    "Parallel Aware": false,
    "Startup Cost": 103400.56,
    "Total Cost": 103400.57,
    "Plan Rows": 1,
    "Plan Width": 8,
    "Actual Startup Time": 579.85,
    "Actual Total Time": 595.671,
    "Actual Rows": 1,
    "Actual Loops": 1,
    "Plans": [
      {
        "Node Type": "Gather",
        "Parent Relationship": "Outer",
        "Parallel Aware": false,
        "Startup Cost": 103400.45,
        "Total Cost": 103400.56,
        "Plan Rows": 1,
        "Plan Width": 8,
        "Actual Startup Time": 578.492,
        "Actual Total Time": 595.662,
        "Actual Rows": 2,
        "Actual Loops": 1,
        "Workers Planned": 1,
        "Workers Launched": 1,
        "Single Copy": false,
        "Plans": [
          {
            "Node Type": "Aggregate",
            "Strategy": "Plain",
            "Partial Mode": "Partial",
            "Parent Relationship": "Outer",
            "Parallel Aware": false,
            "Startup Cost": 102400.45,
            "Total Cost": 102400.46,
            "Plan Rows": 1,
            "Plan Width": 8,
            "Actual Startup Time": 572.729,
            "Actual Total Time": 572.732,
            "Actual Rows": 1,
            "Actual Loops": 2,
            "Plans": [
              {
                "Node Type": "Hash Join",
                "Parent Relationship": "Outer",
                "Parallel Aware": true,
                "Join Type": "Inner",
                "Startup Cost": 63219.74,
                "Total Cost": 101386.37,
                "Plan Rows": 405629,
                "Plan Width": 0,
                "Actual Startup Time": 230.196,
                "Actual Total Time": 552.309,
                "Actual Rows": 521025,
                "Actual Loops": 2,
                "Inner Unique": true,
                "Hash Cond": "(mc.movie_id = t.id)",
                "Plans": [
                  {
                    "Node Type": "Seq Scan",
                    "Parent Relationship": "Outer",
                    "Parallel Aware": true,
                    "Relation Name": "movie_companies",
                    "Alias": "mc",
                    "Startup Cost": 0.0,
                    "Total Cost": 34137.82,
                    "Plan Rows": 1534782,
                    "Plan Width": 4,
                    "Actual Startup Time": 0.013,
                    "Actual Total Time": 96.858,
                    "Actual Rows": 1304564,
                    "Actual Loops": 2
                  },
                  {
                    "Node Type": "Hash",
                    "Parent Relationship": "Inner",
                    "Parallel Aware": true,
                    "Startup Cost": 58306.47,
                    "Total Cost": 58306.47,
                    "Plan Rows": 393062,
                    "Plan Width": 4,
                    "Actual Startup Time": 221.102,
                    "Actual Total Time": 221.102,
                    "Actual Rows": 283044,
                    "Actual Loops": 2,
                    "Hash Buckets": 1048576,
                    "Original Hash Buckets": 1048576,
                    "Hash Batches": 1,
                    "Original Hash Batches": 1,
                    "Peak Memory Usage": 30368,
                    "Plans": [
                      {
                        "Node Type": "Seq Scan",
                        "Parent Relationship": "Outer",
                        "Parallel Aware": true,
                        "Relation Name": "title",
                        "Alias": "t",
                        "Startup Cost": 0.0,
                        "Total Cost": 58306.47,
                        "Plan Rows": 393062,
                        "Plan Width": 4,
                        "Actual Startup Time": 0.04,
                        "Actual Total Time": 150.685,
                        "Actual Rows": 283044,
                        "Actual Loops": 2,
                        "Filter": "((kind_id < 7) AND (production_year > 1992))",
                        "Rows Removed by Filter": 981112
                      }
                    ]
                  }
                ]
              }
            ]
          }
        ]
      }
    ]
  },
  "Planning Time": 0.442,
  "Triggers": [],
  "Execution Time": 595.795
}