[
  {
    "Plan": {
      "Node Type": "Aggregate",
      "Strategy": "Plain",
      "Partial Mode": "Finalize",
      "Parallel Aware": false,
      "Startup Cost": 311511.64,
      "Total Cost": 311511.65,
      "Plan Rows": 1,
      "Plan Width": 8,
      "Actual Startup Time": 3031.215,
      "Actual Total Time": 3099.581,
      "Actual Rows": 1,
      "Actual Loops": 1,
      "Plans": [
        {
          "Node Type": "Gather",
          "Parent Relationship": "Outer",
          "Parallel Aware": false,
          "Startup Cost": 311511.32,
          "Total Cost": 311511.63,
          "Plan Rows": 3,
          "Plan Width": 8,
          "Actual Startup Time": 3030.744,
          "Actual Total Time": 3099.573,
          "Actual Rows": 4,
          "Actual Loops": 1,
          "Workers Planned": 3,
          "Workers Launched": 3,
          "Single Copy": false,
          "Plans": [
            {
              "Node Type": "Aggregate",
              "Strategy": "Plain",
              "Partial Mode": "Partial",
              "Parent Relationship": "Outer",
              "Parallel Aware": false,
              "Startup Cost": 310511.32,
              "Total Cost": 310511.33,
              "Plan Rows": 1,
              "Plan Width": 8,
              "Actual Startup Time": 3024.774,
              "Actual Total Time": 3024.777,
              "Actual Rows": 1,
              "Actual Loops": 4,
              "Plans": [
                {
                  "Node Type": "Nested Loop",
                  "Parent Relationship": "Outer",
                  "Parallel Aware": false,
                  "Join Type": "Inner",
                  "Startup Cost": 44742.71,
                  "Total Cost": 309718.91,
                  "Plan Rows": 316963,
                  "Plan Width": 0,
                  "Actual Startup Time": 119.934,
                  "Actual Total Time": 2888.122,
                  "Actual Rows": 2775934,
                  "Actual Loops": 4,
                  "Inner Unique": false,
                  "Join Filter": "(t.id = ci.movie_id)",
                  "Rows Removed by Join Filter": 0,
                  "Plans": [
                    {
                      "Node Type": "Hash Join",
                      "Parent Relationship": "Outer",
                      "Parallel Aware": true,
                      "Join Type": "Inner",
                      "Startup Cost": 44742.15,
                      "Total Cost": 90287.39,
                      "Plan Rows": 115796,
                      "Plan Width": 8,
                      "Actual Startup Time": 119.835,
                      "Actual Total Time": 339.732,
                      "Actual Rows": 149487,
                      "Actual Loops": 4,
                      "Inner Unique": true,
                      "Hash Cond": "(mk.movie_id = t.id)",
                      "Plans": [
                        {
                          "Node Type": "Seq Scan",
                          "Parent Relationship": "Outer",
                          "Parallel Aware": true,
                          "Relation Name": "movie_keyword",
                          "Alias": "mk",
                          "Startup Cost": 0.0,
                          "Total Cost": 42695.65,
                          "Plan Rows": 1085558,
                          "Plan Width": 4,
                          "Actual Startup Time": 0.028,
                          "Actual Total Time": 114.859,
                          "Actual Rows": 838841,
                          "Actual Loops": 4,
                          "Filter": "(keyword_id < 16009)",
                          "Rows Removed by Filter": 292142
                        },
                        {
                          "Node Type": "Hash",
                          "Parent Relationship": "Inner",
                          "Parallel Aware": true,
                          "Startup Cost": 43899.32,
                          "Total Cost": 43899.32,
                          "Plan Rows": 67426,
                          "Plan Width": 4,
                          "Actual Startup Time": 117.797,
                          "Actual Total Time": 117.798,
                          "Actual Rows": 71264,
                          "Actual Loops": 4,
                          "Hash Buckets": 524288,
                          "Original Hash Buckets": 524288,
                          "Hash Batches": 1,
                          "Original Hash Batches": 1,
                          "Peak Memory Usage": 15296,
                          "Plans": [
                            {
                              "Node Type": "Seq Scan",
                              "Parent Relationship": "Outer",
                              "Parallel Aware": true,
                              "Relation Name": "title",
                              "Alias": "t",
                              "Startup Cost": 0.0,
                              "Total Cost": 43899.32,
                              "Plan Rows": 67426,
                              "Plan Width": 4,
                              "Actual Startup Time": 0.032,
                              "Actual Total Time": 93.196,
                              "Actual Rows": 71264,
                              "Actual Loops": 4,
                              "Filter": "(production_year < 1964)",
                              "Rows Removed by Filter": 560814
                            }
                          ]
                        }
                      ]
                    },
                    {
                      "Node Type": "Index Scan",
                      "Parent Relationship": "Inner",
                      "Parallel Aware": false,
                      "Scan Direction": "Forward",
                      "Index Name": "movie_id_cast_info",
                      "Relation Name": "cast_info",
                      "Alias": "ci",
                      "Startup Cost": 0.56,
                      "Total Cost": 1.81,
                      "Plan Rows": 7,
                      "Plan Width": 4,
                      "Actual Startup Time": 0.003,
                      "Actual Total Time": 0.015,
                      "Actual Rows": 19,
                      "Actual Loops": 597947,
                      "Index Cond": "(movie_id = mk.movie_id)",
                      "Rows Removed by Index Recheck": 0,
                      "Filter": "((person_id < 2007852) AND (role_id = 1))",
                      "Rows Removed by Filter": 15
                    }
                  ]
                }
              ]
            }
          ]
        }
      ]
    },
    "Planning Time": 0.638,
    "Triggers": [],
    "Execution Time": 3099.656
  }
]