[
  {
    "Plan": {
      "Node Type": "Aggregate",
      "Strategy": "Plain",
      "Partial Mode": "Finalize",
      "Parallel Aware": false,
      "Startup Cost": 331548.36,
      "Total Cost": 331548.37,
      "Plan Rows": 1,
      "Plan Width": 8,
      "Actual Startup Time": 654.622,
      "Actual Total Time": 715.615,
      "Actual Rows": 1,
      "Actual Loops": 1,
      "Plans": [
        {
          "Node Type": "Gather",
          "Parent Relationship": "Outer",
          "Parallel Aware": false,
          "Startup Cost": 331547.73,
          "Total Cost": 331548.34,
          "Plan Rows": 6,
          "Plan Width": 8,
          "Actual Startup Time": 654.491,
          "Actual Total Time": 715.605,
          "Actual Rows": 7,
          "Actual Loops": 1,
          "Workers Planned": 6,
          "Workers Launched": 6,
          "Single Copy": false,
          "Plans": [
            {
              "Node Type": "Aggregate",
              "Strategy": "Plain",
              "Partial Mode": "Partial",
              "Parent Relationship": "Outer",
              "Parallel Aware": false,
              "Startup Cost": 330547.73,
              "Total Cost": 330547.74,
              "Plan Rows": 1,
              "Plan Width": 8,
              "Actual Startup Time": 644.591,
              "Actual Total Time": 644.593,
              "Actual Rows": 1,
              "Actual Loops": 7,
              "Plans": [
                {
                  "Node Type": "Seq Scan",
                  "Parent Relationship": "Outer",
                  "Parallel Aware": true,
                  "Relation Name": "cast_info",
                  "Alias": "ci",
                  "Startup Cost": 0.0,
                  "Total Cost": 328162.03,
                  "Plan Rows": 954283,
                  "Plan Width": 0,
                  "Actual Startup Time": 399.064,
                  "Actual Total Time": 605.065,
                  "Actual Rows": 792598,
                  "Actual Loops": 7,
                  "Filter": "(person_id > 3098462)",
                  "Rows Removed by Filter": 4385165
                }
              ]
            }
          ]
        }
      ]
    },
    "Planning Time": 0.123,
    "Triggers": [],
    "Execution Time": 715.669
  }
]