{
  "Plan": {
    "Node Type": "Aggregate",
    "Strategy": "Plain",
    "Partial Mode": "Finalize",
    "Parallel Aware": false,
    "Startup Cost": 382209.14,
    "Total Cost": 382209.15,
    "Plan Rows": 1,
    "Plan Width": 8,
    "Actual Startup Time": 3252.255,
    "Actual Total Time": 3301.245,
    "Actual Rows": 1,
    "Actual Loops": 1,
    "Plans": [
      {
        "Node Type": "Gather",
        "Parent Relationship": "Outer",
        "Parallel Aware": false,
        "Startup Cost": 382209.03,
        "Total Cost": 382209.14,
        "Plan Rows": 1,
        "Plan Width": 8,
        "Actual Startup Time": 3245.554,
        "Actual Total Time": 3301.235,
        "Actual Rows": 2,
        "Actual Loops": 1,
        "Workers Planned": 1,
        "Workers Launched": 1,
        "Single Copy": false,
        "Plans": [
          {
            "Node Type": "Aggregate",
            "Strategy": "Plain",
            "Partial Mode": "Partial",
            "Parent Relationship": "Outer",
            "Parallel Aware": false,
            "Startup Cost": 381209.03,
            "Total Cost": 381209.04,
            "Plan Rows": 1,
            "Plan Width": 8,
            "Actual Startup Time": 3233.785,
            "Actual Total Time": 3233.789,
            "Actual Rows": 1,
            "Actual Loops": 2,
            "Plans": [
              {
                "Node Type": "Hash Join",
                "Parent Relationship": "Outer",
                "Parallel Aware": true,
                "Join Type": "Inner",
                "Startup Cost": 72663.69,
                "Total Cost": 363011.76,
                "Plan Rows": 7278906,
                "Plan Width": 0,
                "Actual Startup Time": 553.403,
                "Actual Total Time": 2986.379,
                "Actual Rows": 6348739,
                "Actual Loops": 2,
                "Inner Unique": true,
                "Hash Cond": "(mi.movie_id = t.id)",
                "Plans": [
                  {
                    "Node Type": "Seq Scan",
                    "Parent Relationship": "Outer",
                    "Parallel Aware": true,
                    "Relation Name": "movie_info",
                    "Alias": "mi",
                    "Startup Cost": 0.0,
                    "Total Cost": 270696.42,
                    "Plan Rows": 7486332,
                    "Plan Width": 4,
                    "Actual Startup Time": 0.012,
                    "Actual Total Time": 763.89,
                    "Actual Rows": 6372326,
                    "Actual Loops": 2,
                    "Filter": "(info_type_id > 2)",
                    "Rows Removed by Filter": 1045534
                  },
                  {
                    "Node Type": "Hash",
                    "Parent Relationship": "Inner",
                    "Parallel Aware": true,
                    "Startup Cost": 54588.39,
                    "Total Cost": 54588.39,
                    "Plan Rows": 1446024,
                    "Plan Width": 4,
                    "Actual Startup Time": 531.309,
                    "Actual Total Time": 531.31,
                    "Actual Rows": 1228109,
                    "Actual Loops": 2,
                    "Hash Buckets": 4194304,
                    "Original Hash Buckets": 4194304,
                    "Hash Batches": 1,
                    "Original Hash Batches": 1,
                    "Peak Memory Usage": 128896,
                    "Plans": [
                      {
                        "Node Type": "Seq Scan",
                        "Parent Relationship": "Outer",
                        "Parallel Aware": true,
                        "Relation Name": "title",
                        "Alias": "t",
                        "Startup Cost": 0.0,
                        "Total Cost": 54588.39,
                        "Plan Rows": 1446024,
                        "Plan Width": 4,
                        "Actual Startup Time": 0.028,
                        "Actual Total Time": 185.275,
                        "Actual Rows": 1228109,
                        "Actual Loops": 2,
                        "Filter": "(production_year > 0)",
                        "Rows Removed by Filter": 36047
                      }
                    ]
                  }
                ]
              }
            ]
          }
        ]
      }
    ]
  },
  "Planning Time": 0.727,
  "Triggers": [],
  "Execution Time": 3301.321
}