[
  {
    "Plan": {
      "Node Type": "Aggregate",
      "Strategy": "Plain",
      "Partial Mode": "Finalize",
      "Parallel Aware": false,
      "Startup Cost": 389696.89,
      "Total Cost": 389696.9,
      "Plan Rows": 1,
      "Plan Width": 8,
      "Actual Startup Time": 1609.84,
      "Actual Total Time": 1676.11,
      "Actual Rows": 1,
      "Actual Loops": 1,
      "Plans": [
        {
          "Node Type": "Gather",
          "Parent Relationship": "Outer",
          "Parallel Aware": false,
          "Startup Cost": 389696.26,
          "Total Cost": 389696.87,
          "Plan Rows": 6,
          "Plan Width": 8,
          "Actual Startup Time": 1596.031,
          "Actual Total Time": 1676.1,
          "Actual Rows": 7,
          "Actual Loops": 1,
          "Workers Planned": 6,
          "Workers Launched": 6,
          "Single Copy": false,
          "Plans": [
            {
              "Node Type": "Aggregate",
              "Strategy": "Plain",
              "Partial Mode": "Partial",
              "Parent Relationship": "Outer",
              "Parallel Aware": false,
              "Startup Cost": 388696.26,
              "Total Cost": 388696.27,
              "Plan Rows": 1,
              "Plan Width": 8,
              "Actual Startup Time": 1580.619,
              "Actual Total Time": 1580.622,
              "Actual Rows": 1,
              "Actual Loops": 7,
              "Plans": [
                {
                  "Node Type": "Hash Join",
                  "Parent Relationship": "Outer",
                  "Parallel Aware": true,
                  "Join Type": "Inner",
                  "Startup Cost": 49708.77,
                  "Total Cost": 385040.71,
                  "Plan Rows": 1462220,
                  "Plan Width": 0,
                  "Actual Startup Time": 493.38,
                  "Actual Total Time": 1525.196,
                  "Actual Rows": 1188430,
                  "Actual Loops": 7,
                  "Inner Unique": true,
                  "Hash Cond": "(ci.movie_id = t.id)",
                  "Plans": [
                    {
                      "Node Type": "Seq Scan",
                      "Parent Relationship": "Outer",
                      "Parallel Aware": true,
                      "Relation Name": "cast_info",
                      "Alias": "ci",
                      "Startup Cost": 0.0,
                      "Total Cost": 328162.03,
                      "Plan Rows": 2731391,
                      "Plan Width": 4,
                      "Actual Startup Time": 314.356,
                      "Actual Total Time": 642.211,
                      "Actual Rows": 2303098,
                      "Actual Loops": 7,
                      "Filter": "(role_id > 2)",
                      "Rows Removed by Filter": 2874666
                    },
                    {
                      "Node Type": "Hash",
                      "Parent Relationship": "Inner",
                      "Parallel Aware": true,
                      "Startup Cost": 45479.1,
                      "Total Cost": 45479.1,
                      "Plan Rows": 338374,
                      "Plan Width": 4,
                      "Actual Startup Time": 173.948,
                      "Actual Total Time": 173.949,
                      "Actual Rows": 189683,
                      "Actual Loops": 7,
                      "Hash Buckets": 2097152,
                      "Original Hash Buckets": 2097152,
                      "Hash Batches": 1,
                      "Original Hash Batches": 1,
                      "Peak Memory Usage": 68448,
                      "Plans": [
                        {
                          "Node Type": "Seq Scan",
                          "Parent Relationship": "Outer",
                          "Parallel Aware": true,
                          "Relation Name": "title",
                          "Alias": "t",
                          "Startup Cost": 0.0,
                          "Total Cost": 45479.1,
                          "Plan Rows": 338374,
                          "Plan Width": 4,
                          "Actual Startup Time": 0.043,
                          "Actual Total Time": 79.167,
                          "Actual Rows": 189683,
                          "Actual Loops": 7,
                          "Filter": "((production_year < 2012) AND (kind_id = 7))",
                          "Rows Removed by Filter": 171504
                        }
                      ]
                    }
                  ]
                }
              ]
            }
          ]
        }
      ]
    },
    "Planning Time": 0.639,
    "Triggers": [],
    "Execution Time": 1676.199
  }
]