[
    {
        "Bao": {
            "Bao prediction": "NaN",
            "Bao recommended hint": "(no hint)"
        }
    },
    {
        "Plan": {
            "Node Type": "Aggregate",
            "Strategy": "Plain",
            "Partial Mode": "Finalize",
            "Parallel Aware": false,
            "Startup Cost": 29777.46,
            "Total Cost": 29777.47,
            "Plan Rows": 1,
            "Plan Width": 8,
            "Actual Startup Time": 84.856,
            "Actual Total Time": 87.584,
            "Actual Rows": 1,
            "Actual Loops": 1,
            "Output": [
                "count(*)"
            ],
            "Plans": [
                {
                    "Node Type": "Gather",
                    "Parent Relationship": "Outer",
                    "Parallel Aware": false,
                    "Startup Cost": 29777.14,
                    "Total Cost": 29777.45,
                    "Plan Rows": 3,
                    "Plan Width": 8,
                    "Actual Startup Time": 84.731,
                    "Actual Total Time": 87.575,
                    "Actual Rows": 4,
                    "Actual Loops": 1,
                    "Output": [
                        "(PARTIAL count(*))"
                    ],
                    "Workers Planned": 3,
                    "Workers Launched": 3,
                    "Single Copy": false,
                    "Plans": [
                        {
                            "Node Type": "Aggregate",
                            "Strategy": "Plain",
                            "Partial Mode": "Partial",
                            "Parent Relationship": "Outer",
                            "Parallel Aware": false,
                            "Startup Cost": 28777.14,
                            "Total Cost": 28777.15,
                            "Plan Rows": 1,
                            "Plan Width": 8,
                            "Actual Startup Time": 75.997,
                            "Actual Total Time": 75.999,
                            "Actual Rows": 1,
                            "Actual Loops": 4,
                            "Output": [
                                "PARTIAL count(*)"
                            ],
                            "Workers": [
                                {
                                    "Worker Number": 0,
                                    "Actual Startup Time": 73.041,
                                    "Actual Total Time": 73.043,
                                    "Actual Rows": 1,
                                    "Actual Loops": 1
                                },
                                {
                                    "Worker Number": 1,
                                    "Actual Startup Time": 73.295,
                                    "Actual Total Time": 73.296,
                                    "Actual Rows": 1,
                                    "Actual Loops": 1
                                },
                                {
                                    "Worker Number": 2,
                                    "Actual Startup Time": 73.464,
                                    "Actual Total Time": 73.466,
                                    "Actual Rows": 1,
                                    "Actual Loops": 1
                                }
                            ],
                            "Plans": [
                                {
                                    "Node Type": "Bitmap Heap Scan",
                                    "Parent Relationship": "Outer",
                                    "Parallel Aware": true,
                                    "Relation Name": "movie_companies",
                                    "Schema": "public",
                                    "Alias": "mc",
                                    "Startup Cost": 8164.19,
                                    "Total Cost": 28473.31,
                                    "Plan Rows": 121530,
                                    "Plan Width": 0,
                                    "Actual Startup Time": 32.889,
                                    "Actual Total Time": 68.037,
                                    "Actual Rows": 95278,
                                    "Actual Loops": 4,
                                    "Recheck Cond": "(mc.company_id > 84145)",
                                    "Rows Removed by Index Recheck": 0,
                                    "Exact Heap Blocks": 2764,
                                    "Lossy Heap Blocks": 0,
                                    "Workers": [
                                        {
                                            "Worker Number": 0,
                                            "Actual Startup Time": 30.115,
                                            "Actual Total Time": 65.897,
                                            "Actual Rows": 70905,
                                            "Actual Loops": 1
                                        },
                                        {
                                            "Worker Number": 1,
                                            "Actual Startup Time": 30.242,
                                            "Actual Total Time": 66.132,
                                            "Actual Rows": 71694,
                                            "Actual Loops": 1
                                        },
                                        {
                                            "Worker Number": 2,
                                            "Actual Startup Time": 30.421,
                                            "Actual Total Time": 66.201,
                                            "Actual Rows": 72049,
                                            "Actual Loops": 1
                                        }
                                    ],
                                    "Plans": [
                                        {
                                            "Node Type": "Bitmap Index Scan",
                                            "Parent Relationship": "Outer",
                                            "Parallel Aware": false,
                                            "Index Name": "company_id_movie_companies",
                                            "Startup Cost": 0.0,
                                            "Total Cost": 8070.0,
                                            "Plan Rows": 376743,
                                            "Plan Width": 0,
                                            "Actual Startup Time": 39.552,
                                            "Actual Total Time": 39.552,
                                            "Actual Rows": 381113,
                                            "Actual Loops": 1,
                                            "Index Cond": "(mc.company_id > 84145)"
                                        }
                                    ]
                                }
                            ]
                        }
                    ]
                }
            ]
        },
        "Planning Time": 316.249,
        "Triggers": [],
        "Execution Time": 87.706
    }
]