[
  {
    "Plan": {
      "Node Type": "Aggregate",
      "Strategy": "Plain",
      "Partial Mode": "Finalize",
      "Parallel Aware": false,
      "Startup Cost": 93968.29,
      "Total Cost": 93968.3,
      "Plan Rows": 1,
      "Plan Width": 8,
      "Actual Startup Time": 382.732,
      "Actual Total Time": 401.119,
      "Actual Rows": 1,
      "Actual Loops": 1,
      "Plans": [
        {
          "Node Type": "Gather",
          "Parent Relationship": "Outer",
          "Parallel Aware": false,
          "Startup Cost": 93967.97,
          "Total Cost": 93968.28,
          "Plan Rows": 3,
          "Plan Width": 8,
          "Actual Startup Time": 379.31,
          "Actual Total Time": 401.112,
          "Actual Rows": 4,
          "Actual Loops": 1,
          "Workers Planned": 3,
          "Workers Launched": 3,
          "Single Copy": false,
          "Plans": [
            {
              "Node Type": "Aggregate",
              "Strategy": "Plain",
              "Partial Mode": "Partial",
              "Parent Relationship": "Outer",
              "Parallel Aware": false,
              "Startup Cost": 92967.97,
              "Total Cost": 92967.98,
              "Plan Rows": 1,
              "Plan Width": 8,
              "Actual Startup Time": 370.319,
              "Actual Total Time": 370.322,
              "Actual Rows": 1,
              "Actual Loops": 4,
              "Plans": [
                {
                  "Node Type": "Hash Join",
                  "Parent Relationship": "Outer",
                  "Parallel Aware": true,
                  "Join Type": "Inner",
                  "Startup Cost": 47213.66,
                  "Total Cost": 92439.05,
                  "Plan Rows": 211571,
                  "Plan Width": 0,
                  "Actual Startup Time": 164.065,
                  "Actual Total Time": 366.931,
                  "Actual Rows": 64490,
                  "Actual Loops": 4,
                  "Inner Unique": true,
                  "Hash Cond": "(mk.movie_id = t.id)",
                  "Plans": [
                    {
                      "Node Type": "Seq Scan",
                      "Parent Relationship": "Outer",
                      "Parallel Aware": true,
                      "Relation Name": "movie_keyword",
                      "Alias": "mk",
                      "Startup Cost": 0.0,
                      "Total Cost": 42695.65,
                      "Plan Rows": 963707,
                      "Plan Width": 4,
                      "Actual Startup Time": 0.192,
                      "Actual Total Time": 125.967,
                      "Actual Rows": 742422,
                      "Actual Loops": 4,
                      "Filter": "(keyword_id > 2298)",
                      "Rows Removed by Filter": 388561
                    },
                    {
                      "Node Type": "Hash",
                      "Parent Relationship": "Inner",
                      "Parallel Aware": true,
                      "Startup Cost": 45479.1,
                      "Total Cost": 45479.1,
                      "Plan Rows": 138765,
                      "Plan Width": 4,
                      "Actual Startup Time": 158.654,
                      "Actual Total Time": 158.655,
                      "Actual Rows": 106170,
                      "Actual Loops": 4,
                      "Hash Buckets": 1048576,
                      "Original Hash Buckets": 1048576,
                      "Hash Batches": 1,
                      "Original Hash Batches": 1,
                      "Peak Memory Usage": 24864,
                      "Plans": [
                        {
                          "Node Type": "Seq Scan",
                          "Parent Relationship": "Outer",
                          "Parallel Aware": true,
                          "Relation Name": "title",
                          "Alias": "t",
                          "Startup Cost": 0.0,
                          "Total Cost": 45479.1,
                          "Plan Rows": 138765,
                          "Plan Width": 4,
                          "Actual Startup Time": 0.044,
                          "Actual Total Time": 110.935,
                          "Actual Rows": 106170,
                          "Actual Loops": 4,
                          "Filter": "((kind_id > 1) AND (production_year < 1993))",
                          "Rows Removed by Filter": 525908
                        }
                      ]
                    }
                  ]
                }
              ]
            }
          ]
        }
      ]
    },
    "Planning Time": 0.662,
    "Triggers": [],
    "Execution Time": 401.186
  }
]