[
  {
    "Plan": {
      "Node Type": "Aggregate",
      "Strategy": "Plain",
      "Partial Mode": "Finalize",
      "Parallel Aware": false,
      "Startup Cost": 46034.62,
      "Total Cost": 46034.63,
      "Plan Rows": 1,
      "Plan Width": 8,
      "Actual Startup Time": 140.218,
      "Actual Total Time": 146.163,
      "Actual Rows": 1,
      "Actual Loops": 1,
      "Plans": [
        {
          "Node Type": "Gather",
          "Parent Relationship": "Outer",
          "Parallel Aware": false,
          "Startup Cost": 46034.31,
          "Total Cost": 46034.62,
          "Plan Rows": 3,
          "Plan Width": 8,
          "Actual Startup Time": 140.147,
          "Actual Total Time": 146.158,
          "Actual Rows": 4,
          "Actual Loops": 1,
          "Workers Planned": 3,
          "Workers Launched": 3,
          "Single Copy": false,
          "Plans": [
            {
              "Node Type": "Aggregate",
              "Strategy": "Plain",
              "Partial Mode": "Partial",
              "Parent Relationship": "Outer",
              "Parallel Aware": false,
              "Startup Cost": 45034.31,
              "Total Cost": 45034.32,
              "Plan Rows": 1,
              "Plan Width": 8,
              "Actual Startup Time": 136.126,
              "Actual Total Time": 136.126,
              "Actual Rows": 1,
              "Actual Loops": 4,
              "Plans": [
                {
                  "Node Type": "Seq Scan",
                  "Parent Relationship": "Outer",
                  "Parallel Aware": true,
                  "Relation Name": "movie_keyword",
                  "Alias": "mk",
                  "Startup Cost": 0.0,
                  "Total Cost": 42695.65,
                  "Plan Rows": 935461,
                  "Plan Width": 0,
                  "Actual Startup Time": 0.025,
                  "Actual Total Time": 103.839,
                  "Actual Rows": 730613,
                  "Actual Loops": 4,
                  "Filter": "(keyword_id < 9555)",
                  "Rows Removed by Filter": 400370
                }
              ]
            }
          ]
        }
      ]
    },
    "Planning Time": 0.07,
    "Triggers": [],
    "Execution Time": 146.186
  }
]