[
  {
    "Plan": {
      "Node Type": "Aggregate",
      "Strategy": "Plain",
      "Partial Mode": "Finalize",
      "Parallel Aware": false,
      "Startup Cost": 82782.52,
      "Total Cost": 82782.53,
      "Plan Rows": 1,
      "Plan Width": 8,
      "Actual Startup Time": 186.86,
      "Actual Total Time": 202.976,
      "Actual Rows": 1,
      "Actual Loops": 1,
      "Plans": [
        {
          "Node Type": "Gather",
          "Parent Relationship": "Outer",
          "Parallel Aware": false,
          "Startup Cost": 82782.21,
          "Total Cost": 82782.52,
          "Plan Rows": 3,
          "Plan Width": 8,
          "Actual Startup Time": 186.092,
          "Actual Total Time": 202.968,
          "Actual Rows": 4,
          "Actual Loops": 1,
          "Workers Planned": 3,
          "Workers Launched": 3,
          "Single Copy": false,
          "Plans": [
            {
              "Node Type": "Aggregate",
              "Strategy": "Plain",
              "Partial Mode": "Partial",
              "Parent Relationship": "Outer",
              "Parallel Aware": false,
              "Startup Cost": 81782.21,
              "Total Cost": 81782.22,
              "Plan Rows": 1,
              "Plan Width": 8,
              "Actual Startup Time": 177.883,
              "Actual Total Time": 177.888,
              "Actual Rows": 1,
              "Actual Loops": 4,
              "Plans": [
                {
                  "Node Type": "Hash Join",
                  "Parent Relationship": "Outer",
                  "Parallel Aware": true,
                  "Join Type": "Inner",
                  "Startup Cost": 38180.19,
                  "Total Cost": 81769.42,
                  "Plan Rows": 5115,
                  "Plan Width": 0,
                  "Actual Startup Time": 68.74,
                  "Actual Total Time": 177.682,
                  "Actual Rows": 4275,
                  "Actual Loops": 4,
                  "Inner Unique": true,
                  "Hash Cond": "(mk.movie_id = t.id)",
                  "Plans": [
                    {
                      "Node Type": "Seq Scan",
                      "Parent Relationship": "Outer",
                      "Parallel Aware": true,
                      "Relation Name": "movie_keyword",
                      "Alias": "mk",
                      "Startup Cost": 0.0,
                      "Total Cost": 42695.65,
                      "Plan Rows": 340409,
                      "Plan Width": 4,
                      "Actual Startup Time": 0.025,
                      "Actual Total Time": 87.467,
                      "Actual Rows": 266121,
                      "Actual Loops": 4,
                      "Filter": "(keyword_id < 1064)",
                      "Rows Removed by Filter": 864862
                    },
                    {
                      "Node Type": "Hash",
                      "Parent Relationship": "Inner",
                      "Parallel Aware": true,
                      "Startup Cost": 38061.46,
                      "Total Cost": 38061.46,
                      "Plan Rows": 9499,
                      "Plan Width": 4,
                      "Actual Startup Time": 68.094,
                      "Actual Total Time": 68.096,
                      "Actual Rows": 8480,
                      "Actual Loops": 4,
                      "Hash Buckets": 65536,
                      "Original Hash Buckets": 65536,
                      "Hash Batches": 1,
                      "Original Hash Batches": 1,
                      "Peak Memory Usage": 1920,
                      "Plans": [
                        {
                          "Node Type": "Bitmap Heap Scan",
                          "Parent Relationship": "Outer",
                          "Parallel Aware": true,
                          "Relation Name": "title",
                          "Alias": "t",
                          "Startup Cost": 1706.95,
                          "Total Cost": 38061.46,
                          "Plan Rows": 9499,
                          "Plan Width": 4,
                          "Actual Startup Time": 16.964,
                          "Actual Total Time": 64.636,
                          "Actual Rows": 8480,
                          "Actual Loops": 4,
                          "Recheck Cond": "(kind_id = 2)",
                          "Rows Removed by Index Recheck": 0,
                          "Filter": "(production_year > 2005)",
                          "Rows Removed by Filter": 14233,
                          "Exact Heap Blocks": 15169,
                          "Lossy Heap Blocks": 0,
                          "Plans": [
                            {
                              "Node Type": "Bitmap Index Scan",
                              "Parent Relationship": "Outer",
                              "Parallel Aware": false,
                              "Index Name": "kind_id_title",
                              "Startup Cost": 0.0,
                              "Total Cost": 1697.45,
                              "Plan Rows": 95069,
                              "Plan Width": 0,
                              "Actual Startup Time": 16.663,
                              "Actual Total Time": 16.663,
                              "Actual Rows": 90852,
                              "Actual Loops": 1,
                              "Index Cond": "(kind_id = 2)"
                            }
                          ]
                        }
                      ]
                    }
                  ]
                }
              ]
            }
          ]
        }
      ]
    },
    "Planning Time": 0.559,
    "Triggers": [],
    "Execution Time": 203.044
  }
]