[
  {
    "Plan": {
      "Node Type": "Aggregate",
      "Strategy": "Plain",
      "Partial Mode": "Finalize",
      "Parallel Aware": false,
      "Startup Cost": 44955.62,
      "Total Cost": 44955.63,
      "Plan Rows": 1,
      "Plan Width": 8,
      "Actual Startup Time": 141.468,
      "Actual Total Time": 150.478,
      "Actual Rows": 1,
      "Actual Loops": 1,
      "Plans": [
        {
          "Node Type": "Gather",
          "Parent Relationship": "Outer",
          "Parallel Aware": false,
          "Startup Cost": 44955.31,
          "Total Cost": 44955.62,
          "Plan Rows": 3,
          "Plan Width": 8,
          "Actual Startup Time": 141.306,
          "Actual Total Time": 150.466,
          "Actual Rows": 4,
          "Actual Loops": 1,
          "Workers Planned": 3,
          "Workers Launched": 3,
          "Single Copy": false,
          "Plans": [
            {
              "Node Type": "Aggregate",
              "Strategy": "Plain",
              "Partial Mode": "Partial",
              "Parent Relationship": "Outer",
              "Parallel Aware": false,
              "Startup Cost": 43955.31,
              "Total Cost": 43955.32,
              "Plan Rows": 1,
              "Plan Width": 8,
              "Actual Startup Time": 132.894,
              "Actual Total Time": 132.895,
              "Actual Rows": 1,
              "Actual Loops": 4,
              "Plans": [
                {
                  "Node Type": "Seq Scan",
                  "Parent Relationship": "Outer",
                  "Parallel Aware": true,
                  "Relation Name": "movie_keyword",
                  "Alias": "mk",
                  "Startup Cost": 0.0,
                  "Total Cost": 42695.65,
                  "Plan Rows": 503861,
                  "Plan Width": 0,
                  "Actual Startup Time": 0.946,
                  "Actual Total Time": 112.702,
                  "Actual Rows": 388159,
                  "Actual Loops": 4,
                  "Filter": "(keyword_id > 10149)",
                  "Rows Removed by Filter": 742824
                }
              ]
            }
          ]
        }
      ]
    },
    "Planning Time": 0.078,
    "Triggers": [],
    "Execution Time": 150.517
  }
]