[
  {
    "Plan": {
      "Node Type": "Aggregate",
      "Strategy": "Plain",
      "Partial Mode": "Finalize",
      "Parallel Aware": false,
      "Startup Cost": 321508.19,
      "Total Cost": 321508.2,
      "Plan Rows": 1,
      "Plan Width": 8,
      "Actual Startup Time": 261.714,
      "Actual Total Time": 276.25,
      "Actual Rows": 1,
      "Actual Loops": 1,
      "Plans": [
        {
          "Node Type": "Gather",
          "Parent Relationship": "Outer",
          "Parallel Aware": false,
          "Startup Cost": 321507.57,
          "Total Cost": 321508.18,
          "Plan Rows": 6,
          "Plan Width": 8,
          "Actual Startup Time": 260.601,
          "Actual Total Time": 276.236,
          "Actual Rows": 7,
          "Actual Loops": 1,
          "Workers Planned": 6,
          "Workers Launched": 6,
          "Single Copy": false,
          "Plans": [
            {
              "Node Type": "Aggregate",
              "Strategy": "Plain",
              "Partial Mode": "Partial",
              "Parent Relationship": "Outer",
              "Parallel Aware": false,
              "Startup Cost": 320507.57,
              "Total Cost": 320507.58,
              "Plan Rows": 1,
              "Plan Width": 8,
              "Actual Startup Time": 251.65,
              "Actual Total Time": 251.652,
              "Actual Rows": 1,
              "Actual Loops": 7,
              "Plans": [
                {
                  "Node Type": "Bitmap Heap Scan",
                  "Parent Relationship": "Outer",
                  "Parallel Aware": true,
                  "Relation Name": "cast_info",
                  "Alias": "ci",
                  "Startup Cost": 60922.03,
                  "Total Cost": 319357.81,
                  "Plan Rows": 459902,
                  "Plan Width": 0,
                  "Actual Startup Time": 98.359,
                  "Actual Total Time": 229.072,
                  "Actual Rows": 379569,
                  "Actual Loops": 7,
                  "Recheck Cond": "(person_id > 3549835)",
                  "Rows Removed by Index Recheck": 0,
                  "Exact Heap Blocks": 9341,
                  "Lossy Heap Blocks": 0,
                  "Plans": [
                    {
                      "Node Type": "Bitmap Index Scan",
                      "Parent Relationship": "Outer",
                      "Parallel Aware": false,
                      "Index Name": "person_id_cast_info",
                      "Startup Cost": 0.0,
                      "Total Cost": 60232.18,
                      "Plan Rows": 2759415,
                      "Plan Width": 0,
                      "Actual Startup Time": 100.43,
                      "Actual Total Time": 100.431,
                      "Actual Rows": 2656981,
                      "Actual Loops": 1,
                      "Index Cond": "(person_id > 3549835)"
                    }
                  ]
                }
              ]
            }
          ]
        }
      ]
    },
    "Planning Time": 0.099,
    "Triggers": [],
    "Execution Time": 276.29
  }
]