[
  {
    "Plan": {
      "Node Type": "Aggregate",
      "Strategy": "Plain",
      "Partial Mode": "Simple",
      "Parallel Aware": false,
      "Startup Cost": 3006.58,
      "Total Cost": 3006.59,
      "Plan Rows": 1,
      "Plan Width": 8,
      "Actual Startup Time": 7.326,
      "Actual Total Time": 7.329,
      "Actual Rows": 1,
      "Actual Loops": 1,
      "Plans": [
        {
          "Node Type": "Nested Loop",
          "Parent Relationship": "Outer",
          "Parallel Aware": false,
          "Join Type": "Inner",
          "Startup Cost": 6.78,
          "Total Cost": 3005.96,
          "Plan Rows": 248,
          "Plan Width": 0,
          "Actual Startup Time": 1.009,
          "Actual Total Time": 7.238,
          "Actual Rows": 406,
          "Actual Loops": 1,
          "Inner Unique": true,
          "Plans": [
            {
              "Node Type": "Bitmap Heap Scan",
              "Parent Relationship": "Outer",
              "Parallel Aware": false,
              "Relation Name": "movie_keyword",
              "Alias": "mk",
              "Startup Cost": 6.35,
              "Total Cost": 922.98,
              "Plan Rows": 248,
              "Plan Width": 4,
              "Actual Startup Time": 0.975,
              "Actual Total Time": 2.437,
              "Actual Rows": 406,
              "Actual Loops": 1,
              "Recheck Cond": "(keyword_id = 1986)",
              "Rows Removed by Index Recheck": 0,
              "Exact Heap Blocks": 393,
              "Lossy Heap Blocks": 0,
              "Plans": [
                {
                  "Node Type": "Bitmap Index Scan",
                  "Parent Relationship": "Outer",
                  "Parallel Aware": false,
                  "Index Name": "keyword_id_movie_keyword",
                  "Startup Cost": 0.0,
                  "Total Cost": 6.29,
                  "Plan Rows": 248,
                  "Plan Width": 0,
                  "Actual Startup Time": 0.838,
                  "Actual Total Time": 0.839,
                  "Actual Rows": 406,
                  "Actual Loops": 1,
                  "Index Cond": "(keyword_id = 1986)"
                }
              ]
            },
            {
              "Node Type": "Index Only Scan",
              "Parent Relationship": "Inner",
              "Parallel Aware": false,
              "Scan Direction": "Forward",
              "Index Name": "title_pkey",
              "Relation Name": "title",
              "Alias": "t",
              "Startup Cost": 0.43,
              "Total Cost": 8.4,
              "Plan Rows": 1,
              "Plan Width": 4,
              "Actual Startup Time": 0.011,
              "Actual Total Time": 0.011,
              "Actual Rows": 1,
              "Actual Loops": 406,
              "Index Cond": "(id = mk.movie_id)",
              "Rows Removed by Index Recheck": 0,
              "Heap Fetches": 406
            }
          ]
        }
      ]
    },
    "Planning Time": 0.614,
    "Triggers": [],
    "Execution Time": 7.413
  }
]