[
  {
    "Plan": {
      "Node Type": "Aggregate",
      "Strategy": "Plain",
      "Partial Mode": "Finalize",
      "Parallel Aware": false,
      "Startup Cost": 342460.91,
      "Total Cost": 342460.92,
      "Plan Rows": 1,
      "Plan Width": 8,
      "Actual Startup Time": 408.496,
      "Actual Total Time": 427.146,
      "Actual Rows": 1,
      "Actual Loops": 1,
      "Plans": [
        {
          "Node Type": "Gather",
          "Parent Relationship": "Outer",
          "Parallel Aware": false,
          "Startup Cost": 342460.29,
          "Total Cost": 342460.9,
          "Plan Rows": 6,
          "Plan Width": 8,
          "Actual Startup Time": 398.546,
          "Actual Total Time": 427.125,
          "Actual Rows": 7,
          "Actual Loops": 1,
          "Workers Planned": 6,
          "Workers Launched": 6,
          "Single Copy": false,
          "Plans": [
            {
              "Node Type": "Aggregate",
              "Strategy": "Plain",
              "Partial Mode": "Partial",
              "Parent Relationship": "Outer",
              "Parallel Aware": false,
              "Startup Cost": 341460.29,
              "Total Cost": 341460.3,
              "Plan Rows": 1,
              "Plan Width": 8,
              "Actual Startup Time": 388.186,
              "Actual Total Time": 388.19,
              "Actual Rows": 1,
              "Actual Loops": 7,
              "Plans": [
                {
                  "Node Type": "Hash Join",
                  "Parent Relationship": "Outer",
                  "Parallel Aware": true,
                  "Join Type": "Inner",
                  "Startup Cost": 84256.07,
                  "Total Cost": 341154.75,
                  "Plan Rows": 122215,
                  "Plan Width": 0,
                  "Actual Startup Time": 234.115,
                  "Actual Total Time": 382.103,
                  "Actual Rows": 106886,
                  "Actual Loops": 7,
                  "Inner Unique": true,
                  "Hash Cond": "(ci.movie_id = t.id)",
                  "Plans": [
                    {
                      "Node Type": "Bitmap Heap Scan",
                      "Parent Relationship": "Outer",
                      "Parallel Aware": true,
                      "Relation Name": "cast_info",
                      "Alias": "ci",
                      "Startup Cost": 36888.86,
                      "Total Cost": 293056.59,
                      "Plan Rows": 278458,
                      "Plan Width": 4,
                      "Actual Startup Time": 69.771,
                      "Actual Total Time": 125.25,
                      "Actual Rows": 245984,
                      "Actual Loops": 7,
                      "Recheck Cond": "(person_id < 171457)",
                      "Rows Removed by Index Recheck": 0,
                      "Exact Heap Blocks": 3340,
                      "Lossy Heap Blocks": 0,
                      "Plans": [
                        {
                          "Node Type": "Bitmap Index Scan",
                          "Parent Relationship": "Outer",
                          "Parallel Aware": false,
                          "Index Name": "person_id_cast_info",
                          "Startup Cost": 0.0,
                          "Total Cost": 36471.18,
                          "Plan Rows": 1670748,
                          "Plan Width": 0,
                          "Actual Startup Time": 66.852,
                          "Actual Total Time": 66.853,
                          "Actual Rows": 1721889,
                          "Actual Loops": 1,
                          "Index Cond": "(person_id < 171457)"
                        }
                      ]
                    },
                    {
                      "Node Type": "Hash",
                      "Parent Relationship": "Inner",
                      "Parallel Aware": true,
                      "Startup Cost": 43899.32,
                      "Total Cost": 43899.32,
                      "Plan Rows": 277431,
                      "Plan Width": 4,
                      "Actual Startup Time": 160.966,
                      "Actual Total Time": 160.967,
                      "Actual Rows": 158275,
                      "Actual Loops": 7,
                      "Hash Buckets": 2097152,
                      "Original Hash Buckets": 2097152,
                      "Hash Batches": 1,
                      "Original Hash Batches": 1,
                      "Peak Memory Usage": 59840,
                      "Plans": [
                        {
                          "Node Type": "Seq Scan",
                          "Parent Relationship": "Outer",
                          "Parallel Aware": true,
                          "Relation Name": "title",
                          "Alias": "t",
                          "Startup Cost": 0.0,
                          "Total Cost": 43899.32,
                          "Plan Rows": 277431,
                          "Plan Width": 4,
                          "Actual Startup Time": 0.038,
                          "Actual Total Time": 80.402,
                          "Actual Rows": 158275,
                          "Actual Loops": 7,
                          "Filter": "(production_year > 2004)",
                          "Rows Removed by Filter": 202912
                        }
                      ]
                    }
                  ]
                }
              ]
            }
          ]
        }
      ]
    },
    "Planning Time": 0.234,
    "Triggers": [],
    "Execution Time": 427.195
  }
]