[
  {
    "Plan": {
      "Node Type": "Aggregate",
      "Strategy": "Plain",
      "Partial Mode": "Finalize",
      "Parallel Aware": false,
      "Startup Cost": 338978.98,
      "Total Cost": 338978.99,
      "Plan Rows": 1,
      "Plan Width": 8,
      "Actual Startup Time": 741.433,
      "Actual Total Time": 797.816,
      "Actual Rows": 1,
      "Actual Loops": 1,
      "Plans": [
        {
          "Node Type": "Gather",
          "Parent Relationship": "Outer",
          "Parallel Aware": false,
          "Startup Cost": 338978.35,
          "Total Cost": 338978.96,
          "Plan Rows": 6,
          "Plan Width": 8,
          "Actual Startup Time": 741.323,
          "Actual Total Time": 797.807,
          "Actual Rows": 7,
          "Actual Loops": 1,
          "Workers Planned": 6,
          "Workers Launched": 6,
          "Single Copy": false,
          "Plans": [
            {
              "Node Type": "Aggregate",
              "Strategy": "Plain",
              "Partial Mode": "Partial",
              "Parent Relationship": "Outer",
              "Parallel Aware": false,
              "Startup Cost": 337978.35,
              "Total Cost": 337978.36,
              "Plan Rows": 1,
              "Plan Width": 8,
              "Actual Startup Time": 733.56,
              "Actual Total Time": 733.561,
              "Actual Rows": 1,
              "Actual Loops": 7,
              "Plans": [
                {
                  "Node Type": "Seq Scan",
                  "Parent Relationship": "Outer",
                  "Parallel Aware": true,
                  "Relation Name": "cast_info",
                  "Alias": "ci",
                  "Startup Cost": 0.0,
                  "Total Cost": 328162.03,
                  "Plan Rows": 3926530,
                  "Plan Width": 0,
                  "Actual Startup Time": 138.419,
                  "Actual Total Time": 596.299,
                  "Actual Rows": 3368597,
                  "Actual Loops": 7,
                  "Filter": "(person_id > 1249255)",
                  "Rows Removed by Filter": 1809166
                }
              ]
            }
          ]
        }
      ]
    },
    "Planning Time": 0.109,
    "Triggers": [],
    "Execution Time": 797.863
  }
]