{
  "Plan": {
    "Node Type": "Aggregate",
    "Strategy": "Plain",
    "Partial Mode": "Finalize",
    "Parallel Aware": false,
    "Startup Cost": 95100.14,
    "Total Cost": 95100.15,
    "Plan Rows": 1,
    "Plan Width": 8,
    "Actual Startup Time": 451.461,
    "Actual Total Time": 465.275,
    "Actual Rows": 1,
    "Actual Loops": 1,
    "Plans": [
      {
        "Node Type": "Gather",
        "Parent Relationship": "Outer",
        "Parallel Aware": false,
        "Startup Cost": 95100.02,
        "Total Cost": 95100.13,
        "Plan Rows": 1,
        "Plan Width": 8,
        "Actual Startup Time": 449.194,
        "Actual Total Time": 465.266,
        "Actual Rows": 2,
        "Actual Loops": 1,
        "Workers Planned": 1,
        "Workers Launched": 1,
        "Single Copy": false,
        "Plans": [
          {
            "Node Type": "Aggregate",
            "Strategy": "Plain",
            "Partial Mode": "Partial",
            "Parent Relationship": "Outer",
            "Parallel Aware": false,
            "Startup Cost": 94100.02,
            "Total Cost": 94100.03,
            "Plan Rows": 1,
            "Plan Width": 8,
            "Actual Startup Time": 443.391,
            "Actual Total Time": 443.395,
            "Actual Rows": 1,
            "Actual Loops": 2,
            "Plans": [
              {
                "Node Type": "Hash Join",
                "Parent Relationship": "Outer",
                "Parallel Aware": true,
                "Join Type": "Inner",
                "Startup Cost": 67248.24,
                "Total Cost": 93954.07,
                "Plan Rows": 58381,
                "Plan Width": 0,
                "Actual Startup Time": 328.39,
                "Actual Total Time": 438.585,
                "Actual Rows": 110834,
                "Actual Loops": 2,
                "Inner Unique": true,
                "Hash Cond": "(mk.movie_id = t.id)",
                "Plans": [
                  {
                    "Node Type": "Bitmap Heap Scan",
                    "Parent Relationship": "Outer",
                    "Parallel Aware": true,
                    "Relation Name": "movie_keyword",
                    "Alias": "mk",
                    "Startup Cost": 5369.94,
                    "Total Cost": 31684.96,
                    "Plan Rows": 148881,
                    "Plan Width": 4,
                    "Actual Startup Time": 16.359,
                    "Actual Total Time": 77.188,
                    "Actual Rows": 130466,
                    "Actual Loops": 2,
                    "Recheck Cond": "(keyword_id < 229)",
                    "Rows Removed by Index Recheck": 0,
                    "Exact Heap Blocks": 14328,
                    "Lossy Heap Blocks": 0,
                    "Plans": [
                      {
                        "Node Type": "Bitmap Index Scan",
                        "Parent Relationship": "Outer",
                        "Parallel Aware": false,
                        "Index Name": "keyword_id_movie_keyword",
                        "Startup Cost": 0.0,
                        "Total Cost": 5306.67,
                        "Plan Rows": 253098,
                        "Plan Width": 0,
                        "Actual Startup Time": 12.692,
                        "Actual Total Time": 12.693,
                        "Actual Rows": 260933,
                        "Actual Loops": 1,
                        "Index Cond": "(keyword_id < 229)"
                      }
                    ]
                  },
                  {
                    "Node Type": "Hash",
                    "Parent Relationship": "Inner",
                    "Parallel Aware": true,
                    "Startup Cost": 54588.39,
                    "Total Cost": 54588.39,
                    "Plan Rows": 583193,
                    "Plan Width": 4,
                    "Actual Startup Time": 302.624,
                    "Actual Total Time": 302.624,
                    "Actual Rows": 492524,
                    "Actual Loops": 2,
                    "Hash Buckets": 1048576,
                    "Original Hash Buckets": 1048576,
                    "Hash Batches": 1,
                    "Original Hash Batches": 1,
                    "Peak Memory Usage": 46784,
                    "Plans": [
                      {
                        "Node Type": "Seq Scan",
                        "Parent Relationship": "Outer",
                        "Parallel Aware": true,
                        "Relation Name": "title",
                        "Alias": "t",
                        "Startup Cost": 0.0,
                        "Total Cost": 54588.39,
                        "Plan Rows": 583193,
                        "Plan Width": 4,
                        "Actual Startup Time": 0.035,
                        "Actual Total Time": 155.352,
                        "Actual Rows": 492524,
                        "Actual Loops": 2,
                        "Filter": "(kind_id < 7)",
                        "Rows Removed by Filter": 771632
                      }
                    ]
                  }
                ]
              }
            ]
          }
        ]
      }
    ]
  },
  "Planning Time": 0.589,
  "Triggers": [],
  "Execution Time": 465.366
}