[
  {
    "Plan": {
      "Node Type": "Aggregate",
      "Strategy": "Plain",
      "Partial Mode": "Finalize",
      "Parallel Aware": false,
      "Startup Cost": 353423.58,
      "Total Cost": 353423.59,
      "Plan Rows": 1,
      "Plan Width": 8,
      "Actual Startup Time": 971.932,
      "Actual Total Time": 1041.365,
      "Actual Rows": 1,
      "Actual Loops": 1,
      "Plans": [
        {
          "Node Type": "Gather",
          "Parent Relationship": "Outer",
          "Parallel Aware": false,
          "Startup Cost": 353422.96,
          "Total Cost": 353423.57,
          "Plan Rows": 6,
          "Plan Width": 8,
          "Actual Startup Time": 971.827,
          "Actual Total Time": 1041.354,
          "Actual Rows": 7,
          "Actual Loops": 1,
          "Workers Planned": 6,
          "Workers Launched": 6,
          "Single Copy": false,
          "Plans": [
            {
              "Node Type": "Aggregate",
              "Strategy": "Plain",
              "Partial Mode": "Partial",
              "Parent Relationship": "Outer",
              "Parallel Aware": false,
              "Startup Cost": 352422.96,
              "Total Cost": 352422.97,
              "Plan Rows": 1,
              "Plan Width": 8,
              "Actual Startup Time": 961.509,
              "Actual Total Time": 961.511,
              "Actual Rows": 1,
              "Actual Loops": 7,
              "Plans": [
                {
                  "Node Type": "Seq Scan",
                  "Parent Relationship": "Outer",
                  "Parallel Aware": true,
                  "Relation Name": "cast_info",
                  "Alias": "ci",
                  "Startup Cost": 0.0,
                  "Total Cost": 343257.03,
                  "Plan Rows": 3666372,
                  "Plan Width": 0,
                  "Actual Startup Time": 161.227,
                  "Actual Total Time": 804.849,
                  "Actual Rows": 3015189,
                  "Actual Loops": 7,
                  "Filter": "((person_id > 1078072) AND (role_id < 10))",
                  "Rows Removed by Filter": 2162574
                }
              ]
            }
          ]
        }
      ]
    },
    "Planning Time": 0.197,
    "Triggers": [],
    "Execution Time": 1041.437
  }
]