{
    "Plan": {
        "Node Type": "Aggregate",
        "Strategy": "Plain",
        "Partial Mode": "Simple",
        "Parallel Aware": false,
        "Startup Cost": 61996.46,
        "Total Cost": 61996.47,
        "Plan Rows": 1,
        "Plan Width": 64,
        "Actual Startup Time": 264.576,
        "Actual Total Time": 264.587,
        "Actual Rows": 1,
        "Actual Loops": 1,
        "Plans": [
            {
                "Node Type": "Nested Loop",
                "Parent Relationship": "Outer",
                "Parallel Aware": false,
                "Join Type": "Inner",
                "Startup Cost": 11088.42,
                "Total Cost": 61996.45,
                "Plan Rows": 1,
                "Plan Width": 27,
                "Actual Startup Time": 210.491,
                "Actual Total Time": 264.499,
                "Actual Rows": 618,
                "Actual Loops": 1,
                "Inner Unique": true,
                "Plans": [
                    {
                        "Node Type": "Nested Loop",
                        "Parent Relationship": "Outer",
                        "Parallel Aware": false,
                        "Join Type": "Inner",
                        "Startup Cost": 11088.0,
                        "Total Cost": 61996.01,
                        "Plan Rows": 1,
                        "Plan Width": 31,
                        "Actual Startup Time": 210.475,
                        "Actual Total Time": 263.244,
                        "Actual Rows": 618,
                        "Actual Loops": 1,
                        "Inner Unique": false,
                        "Plans": [
                            {
                                "Node Type": "Nested Loop",
                                "Parent Relationship": "Outer",
                                "Parallel Aware": false,
                                "Join Type": "Inner",
                                "Startup Cost": 11087.57,
                                "Total Cost": 61994.24,
                                "Plan Rows": 1,
                                "Plan Width": 43,
                                "Actual Startup Time": 210.46,
                                "Actual Total Time": 263.072,
                                "Actual Rows": 6,
                                "Actual Loops": 1,
                                "Inner Unique": true,
                                "Plans": [
                                    {
                                        "Node Type": "Nested Loop",
                                        "Parent Relationship": "Outer",
                                        "Parallel Aware": false,
                                        "Join Type": "Inner",
                                        "Startup Cost": 11087.44,
                                        "Total Cost": 61994.08,
                                        "Plan Rows": 1,
                                        "Plan Width": 47,
                                        "Actual Startup Time": 210.452,
                                        "Actual Total Time": 263.051,
                                        "Actual Rows": 6,
                                        "Actual Loops": 1,
                                        "Inner Unique": true,
                                        "Plans": [
                                            {
                                                "Node Type": "Nested Loop",
                                                "Parent Relationship": "Outer",
                                                "Parallel Aware": false,
                                                "Join Type": "Inner",
                                                "Startup Cost": 11087.02,
                                                "Total Cost": 61993.64,
                                                "Plan Rows": 1,
                                                "Plan Width": 51,
                                                "Actual Startup Time": 210.435,
                                                "Actual Total Time": 263.007,
                                                "Actual Rows": 6,
                                                "Actual Loops": 1,
                                                "Inner Unique": false,
                                                "Plans": [
                                                    {
                                                        "Node Type": "Nested Loop",
                                                        "Parent Relationship": "Outer",
                                                        "Parallel Aware": false,
                                                        "Join Type": "Inner",
                                                        "Startup Cost": 11086.59,
                                                        "Total Cost": 61993.0,
                                                        "Plan Rows": 1,
                                                        "Plan Width": 39,
                                                        "Actual Startup Time": 210.422,
                                                        "Actual Total Time": 262.972,
                                                        "Actual Rows": 5,
                                                        "Actual Loops": 1,
                                                        "Inner Unique": true,
                                                        "Plans": [
                                                            {
                                                                "Node Type": "Nested Loop",
                                                                "Parent Relationship": "Outer",
                                                                "Parallel Aware": false,
                                                                "Join Type": "Inner",
                                                                "Startup Cost": 11086.45,
                                                                "Total Cost": 61992.22,
                                                                "Plan Rows": 4,
                                                                "Plan Width": 43,
                                                                "Actual Startup Time": 210.408,
                                                                "Actual Total Time": 262.944,
                                                                "Actual Rows": 5,
                                                                "Actual Loops": 1,
                                                                "Inner Unique": false,
                                                                "Plans": [
                                                                    {
                                                                        "Node Type": "Hash Join",
                                                                        "Parent Relationship": "Outer",
                                                                        "Parallel Aware": false,
                                                                        "Join Type": "Inner",
                                                                        "Startup Cost": 11086.01,
                                                                        "Total Cost": 56487.83,
                                                                        "Plan Rows": 2647,
                                                                        "Plan Width": 35,
                                                                        "Actual Startup Time": 45.561,
                                                                        "Actual Total Time": 192.788,
                                                                        "Actual Rows": 1033,
                                                                        "Actual Loops": 1,
                                                                        "Inner Unique": false,
                                                                        "Hash Cond": "(t.id = cc.movie_id)",
                                                                        "Plans": [
                                                                            {
                                                                                "Node Type": "Nested Loop",
                                                                                "Parent Relationship": "Outer",
                                                                                "Parallel Aware": false,
                                                                                "Join Type": "Inner",
                                                                                "Startup Cost": 7850.62,
                                                                                "Total Cost": 52482.75,
                                                                                "Plan Rows": 198194,
                                                                                "Plan Width": 31,
                                                                                "Actual Startup Time": 22.323,
                                                                                "Actual Total Time": 142.142,
                                                                                "Actual Rows": 274015,
                                                                                "Actual Loops": 1,
                                                                                "Inner Unique": false,
                                                                                "Plans": [
                                                                                    {
                                                                                        "Node Type": "Seq Scan",
                                                                                        "Parent Relationship": "Outer",
                                                                                        "Parallel Aware": false,
                                                                                        "Relation Name": "kind_type",
                                                                                        "Alias": "kt",
                                                                                        "Startup Cost": 0.0,
                                                                                        "Total Cost": 1.09,
                                                                                        "Plan Rows": 1,
                                                                                        "Plan Width": 14,
                                                                                        "Actual Startup Time": 0.009,
                                                                                        "Actual Total Time": 0.014,
                                                                                        "Actual Rows": 1,
                                                                                        "Actual Loops": 1,
                                                                                        "Filter": "((kind)::text = 'movie'::text)",
                                                                                        "Rows Removed by Filter": 6
                                                                                    },
                                                                                    {
                                                                                        "Node Type": "Bitmap Heap Scan",
                                                                                        "Parent Relationship": "Inner",
                                                                                        "Parallel Aware": false,
                                                                                        "Relation Name": "title",
                                                                                        "Alias": "t",
                                                                                        "Startup Cost": 7850.62,
                                                                                        "Total Cost": 50169.4,
                                                                                        "Plan Rows": 231226,
                                                                                        "Plan Width": 25,
                                                                                        "Actual Startup Time": 22.307,
                                                                                        "Actual Total Time": 123.337,
                                                                                        "Actual Rows": 274015,
                                                                                        "Actual Loops": 1,
                                                                                        "Recheck Cond": "(kind_id = kt.id)",
                                                                                        "Rows Removed by Index Recheck": 0,
                                                                                        "Filter": "(production_year > 2000)",
                                                                                        "Rows Removed by Filter": 388810,
                                                                                        "Exact Heap Blocks": 12863,
                                                                                        "Lossy Heap Blocks": 0,
                                                                                        "Plans": [
                                                                                            {
                                                                                                "Node Type": "Bitmap Index Scan",
                                                                                                "Parent Relationship": "Outer",
                                                                                                "Parallel Aware": false,
                                                                                                "Index Name": "kind_id_title",
                                                                                                "Startup Cost": 0.0,
                                                                                                "Total Cost": 7792.82,
                                                                                                "Plan Rows": 421385,
                                                                                                "Plan Width": 0,
                                                                                                "Actual Startup Time": 20.855,
                                                                                                "Actual Total Time": 20.856,
                                                                                                "Actual Rows": 662825,
                                                                                                "Actual Loops": 1,
                                                                                                "Index Cond": "(kind_id = kt.id)"
                                                                                            }
                                                                                        ]
                                                                                    }
                                                                                ]
                                                                            },
                                                                            {
                                                                                "Node Type": "Hash",
                                                                                "Parent Relationship": "Inner",
                                                                                "Parallel Aware": false,
                                                                                "Startup Cost": 2813.24,
                                                                                "Total Cost": 2813.24,
                                                                                "Plan Rows": 33772,
                                                                                "Plan Width": 4,
                                                                                "Actual Startup Time": 22.714,
                                                                                "Actual Total Time": 22.717,
                                                                                "Actual Rows": 24592,
                                                                                "Actual Loops": 1,
                                                                                "Hash Buckets": 65536,
                                                                                "Original Hash Buckets": 65536,
                                                                                "Hash Batches": 1,
                                                                                "Original Hash Batches": 1,
                                                                                "Peak Memory Usage": 1377,
                                                                                "Plans": [
                                                                                    {
                                                                                        "Node Type": "Hash Join",
                                                                                        "Parent Relationship": "Outer",
                                                                                        "Parallel Aware": false,
                                                                                        "Join Type": "Inner",
                                                                                        "Startup Cost": 1.06,
                                                                                        "Total Cost": 2813.24,
                                                                                        "Plan Rows": 33772,
                                                                                        "Plan Width": 4,
                                                                                        "Actual Startup Time": 0.029,
                                                                                        "Actual Total Time": 19.984,
                                                                                        "Actual Rows": 24592,
                                                                                        "Actual Loops": 1,
                                                                                        "Inner Unique": true,
                                                                                        "Hash Cond": "(cc.status_id = cct1.id)",
                                                                                        "Plans": [
                                                                                            {
                                                                                                "Node Type": "Seq Scan",
                                                                                                "Parent Relationship": "Outer",
                                                                                                "Parallel Aware": false,
                                                                                                "Relation Name": "complete_cast",
                                                                                                "Alias": "cc",
                                                                                                "Startup Cost": 0.0,
                                                                                                "Total Cost": 2081.86,
                                                                                                "Plan Rows": 135086,
                                                                                                "Plan Width": 8,
                                                                                                "Actual Startup Time": 0.011,
                                                                                                "Actual Total Time": 9.462,
                                                                                                "Actual Rows": 135086,
                                                                                                "Actual Loops": 1
                                                                                            },
                                                                                            {
                                                                                                "Node Type": "Hash",
                                                                                                "Parent Relationship": "Inner",
                                                                                                "Parallel Aware": false,
                                                                                                "Startup Cost": 1.05,
                                                                                                "Total Cost": 1.05,
                                                                                                "Plan Rows": 1,
                                                                                                "Plan Width": 4,
                                                                                                "Actual Startup Time": 0.012,
                                                                                                "Actual Total Time": 0.013,
                                                                                                "Actual Rows": 1,
                                                                                                "Actual Loops": 1,
                                                                                                "Hash Buckets": 1024,
                                                                                                "Original Hash Buckets": 1024,
                                                                                                "Hash Batches": 1,
                                                                                                "Original Hash Batches": 1,
                                                                                                "Peak Memory Usage": 9,
                                                                                                "Plans": [
                                                                                                    {
                                                                                                        "Node Type": "Seq Scan",
                                                                                                        "Parent Relationship": "Outer",
                                                                                                        "Parallel Aware": false,
                                                                                                        "Relation Name": "comp_cast_type",
                                                                                                        "Alias": "cct1",
                                                                                                        "Startup Cost": 0.0,
                                                                                                        "Total Cost": 1.05,
                                                                                                        "Plan Rows": 1,
                                                                                                        "Plan Width": 4,
                                                                                                        "Actual Startup Time": 0.008,
                                                                                                        "Actual Total Time": 0.009,
                                                                                                        "Actual Rows": 1,
                                                                                                        "Actual Loops": 1,
                                                                                                        "Filter": "((kind)::text = 'complete+verified'::text)",
                                                                                                        "Rows Removed by Filter": 3
                                                                                                    }
                                                                                                ]
                                                                                            }
                                                                                        ]
                                                                                    }
                                                                                ]
                                                                            }
                                                                        ]
                                                                    },
                                                                    {
                                                                        "Node Type": "Index Scan",
                                                                        "Parent Relationship": "Inner",
                                                                        "Parallel Aware": false,
                                                                        "Scan Direction": "Forward",
                                                                        "Index Name": "movie_id_movie_info",
                                                                        "Relation Name": "movie_info",
                                                                        "Alias": "mi",
                                                                        "Startup Cost": 0.43,
                                                                        "Total Cost": 2.07,
                                                                        "Plan Rows": 1,
                                                                        "Plan Width": 8,
                                                                        "Actual Startup Time": 0.068,
                                                                        "Actual Total Time": 0.068,
                                                                        "Actual Rows": 0,
                                                                        "Actual Loops": 1033,
                                                                        "Index Cond": "(movie_id = t.id)",
                                                                        "Rows Removed by Index Recheck": 0,
                                                                        "Filter": "((info IS NOT NULL) AND (note ~~ '%internet%'::text) AND ((info ~~ 'USA:% 199%'::text) OR (info ~~ 'USA:% 200%'::text)))",
                                                                        "Rows Removed by Filter": 211
                                                                    }
                                                                ]
                                                            },
                                                            {
                                                                "Node Type": "Index Scan",
                                                                "Parent Relationship": "Inner",
                                                                "Parallel Aware": false,
                                                                "Scan Direction": "Forward",
                                                                "Index Name": "info_type_pkey",
                                                                "Relation Name": "info_type",
                                                                "Alias": "it1",
                                                                "Startup Cost": 0.14,
                                                                "Total Cost": 0.18,
                                                                "Plan Rows": 1,
                                                                "Plan Width": 4,
                                                                "Actual Startup Time": 0.004,
                                                                "Actual Total Time": 0.004,
                                                                "Actual Rows": 1,
                                                                "Actual Loops": 5,
                                                                "Index Cond": "(id = mi.info_type_id)",
                                                                "Rows Removed by Index Recheck": 0,
                                                                "Filter": "((info)::text = 'release dates'::text)",
                                                                "Rows Removed by Filter": 0
                                                            }
                                                        ]
                                                    },
                                                    {
                                                        "Node Type": "Index Scan",
                                                        "Parent Relationship": "Inner",
                                                        "Parallel Aware": false,
                                                        "Scan Direction": "Forward",
                                                        "Index Name": "movie_id_movie_companies",
                                                        "Relation Name": "movie_companies",
                                                        "Alias": "mc",
                                                        "Startup Cost": 0.43,
                                                        "Total Cost": 0.59,
                                                        "Plan Rows": 5,
                                                        "Plan Width": 12,
                                                        "Actual Startup Time": 0.004,
                                                        "Actual Total Time": 0.005,
                                                        "Actual Rows": 1,
                                                        "Actual Loops": 5,
                                                        "Index Cond": "(movie_id = t.id)",
                                                        "Rows Removed by Index Recheck": 0
                                                    }
                                                ]
                                            },
                                            {
                                                "Node Type": "Index Scan",
                                                "Parent Relationship": "Inner",
                                                "Parallel Aware": false,
                                                "Scan Direction": "Forward",
                                                "Index Name": "company_name_pkey",
                                                "Relation Name": "company_name",
                                                "Alias": "cn",
                                                "Startup Cost": 0.42,
                                                "Total Cost": 0.45,
                                                "Plan Rows": 1,
                                                "Plan Width": 4,
                                                "Actual Startup Time": 0.006,
                                                "Actual Total Time": 0.006,
                                                "Actual Rows": 1,
                                                "Actual Loops": 6,
                                                "Index Cond": "(id = mc.company_id)",
                                                "Rows Removed by Index Recheck": 0,
                                                "Filter": "((country_code)::text = '[us]'::text)",
                                                "Rows Removed by Filter": 0
                                            }
                                        ]
                                    },
                                    {
                                        "Node Type": "Index Only Scan",
                                        "Parent Relationship": "Inner",
                                        "Parallel Aware": false,
                                        "Scan Direction": "Forward",
                                        "Index Name": "company_type_pkey",
                                        "Relation Name": "company_type",
                                        "Alias": "ct",
                                        "Startup Cost": 0.13,
                                        "Total Cost": 0.15,
                                        "Plan Rows": 1,
                                        "Plan Width": 4,
                                        "Actual Startup Time": 0.002,
                                        "Actual Total Time": 0.002,
                                        "Actual Rows": 1,
                                        "Actual Loops": 6,
                                        "Index Cond": "(id = mc.company_type_id)",
                                        "Rows Removed by Index Recheck": 0,
                                        "Heap Fetches": 6
                                    }
                                ]
                            },
                            {
                                "Node Type": "Index Scan",
                                "Parent Relationship": "Inner",
                                "Parallel Aware": false,
                                "Scan Direction": "Forward",
                                "Index Name": "movie_id_movie_keyword",
                                "Relation Name": "movie_keyword",
                                "Alias": "mk",
                                "Startup Cost": 0.43,
                                "Total Cost": 1.33,
                                "Plan Rows": 45,
                                "Plan Width": 8,
                                "Actual Startup Time": 0.005,
                                "Actual Total Time": 0.019,
                                "Actual Rows": 103,
                                "Actual Loops": 6,
                                "Index Cond": "(movie_id = t.id)",
                                "Rows Removed by Index Recheck": 0
                            }
                        ]
                    },
                    {
                        "Node Type": "Index Only Scan",
                        "Parent Relationship": "Inner",
                        "Parallel Aware": false,
                        "Scan Direction": "Forward",
                        "Index Name": "keyword_pkey",
                        "Relation Name": "keyword",
                        "Alias": "k",
                        "Startup Cost": 0.42,
                        "Total Cost": 0.44,
                        "Plan Rows": 1,
                        "Plan Width": 4,
                        "Actual Startup Time": 0.002,
                        "Actual Total Time": 0.002,
                        "Actual Rows": 1,
                        "Actual Loops": 618,
                        "Index Cond": "(id = mk.keyword_id)",
                        "Rows Removed by Index Recheck": 0,
                        "Heap Fetches": 618
                    }
                ]
            }
        ]
    },
    "Planning Time": 43.766,
    "Triggers": [],
    "Execution Time": 264.712
}