[
  {
    "Plan": {
      "Node Type": "Aggregate",
      "Strategy": "Plain",
      "Partial Mode": "Finalize",
      "Parallel Aware": false,
      "Startup Cost": 77035.64,
      "Total Cost": 77035.65,
      "Plan Rows": 1,
      "Plan Width": 8,
      "Actual Startup Time": 228.237,
      "Actual Total Time": 243.523,
      "Actual Rows": 1,
      "Actual Loops": 1,
      "Plans": [
        {
          "Node Type": "Gather",
          "Parent Relationship": "Outer",
          "Parallel Aware": false,
          "Startup Cost": 77035.32,
          "Total Cost": 77035.63,
          "Plan Rows": 3,
          "Plan Width": 8,
          "Actual Startup Time": 227.053,
          "Actual Total Time": 243.513,
          "Actual Rows": 4,
          "Actual Loops": 1,
          "Workers Planned": 3,
          "Workers Launched": 3,
          "Single Copy": false,
          "Plans": [
            {
              "Node Type": "Aggregate",
              "Strategy": "Plain",
              "Partial Mode": "Partial",
              "Parent Relationship": "Outer",
              "Parallel Aware": false,
              "Startup Cost": 76035.32,
              "Total Cost": 76035.33,
              "Plan Rows": 1,
              "Plan Width": 8,
              "Actual Startup Time": 218.65,
              "Actual Total Time": 218.652,
              "Actual Rows": 1,
              "Actual Loops": 4,
              "Plans": [
                {
                  "Node Type": "Hash Join",
                  "Parent Relationship": "Outer",
                  "Parallel Aware": true,
                  "Join Type": "Inner",
                  "Startup Cost": 46313.46,
                  "Total Cost": 75997.75,
                  "Plan Rows": 15030,
                  "Plan Width": 0,
                  "Actual Startup Time": 177.132,
                  "Actual Total Time": 216.911,
                  "Actual Rows": 38065,
                  "Actual Loops": 4,
                  "Inner Unique": true,
                  "Hash Cond": "(mc.movie_id = t.id)",
                  "Plans": [
                    {
                      "Node Type": "Seq Scan",
                      "Parent Relationship": "Outer",
                      "Parallel Aware": true,
                      "Relation Name": "movie_companies",
                      "Alias": "mc",
                      "Startup Cost": 0.0,
                      "Total Cost": 29310.68,
                      "Plan Rows": 142325,
                      "Plan Width": 4,
                      "Actual Startup Time": 30.593,
                      "Actual Total Time": 58.686,
                      "Actual Rows": 112564,
                      "Actual Loops": 4,
                      "Filter": "(company_id > 77331)",
                      "Rows Removed by Filter": 539719
                    },
                    {
                      "Node Type": "Hash",
                      "Parent Relationship": "Inner",
                      "Parallel Aware": true,
                      "Startup Cost": 45479.1,
                      "Total Cost": 45479.1,
                      "Plan Rows": 66749,
                      "Plan Width": 4,
                      "Actual Startup Time": 128.352,
                      "Actual Total Time": 128.353,
                      "Actual Rows": 93549,
                      "Actual Loops": 4,
                      "Hash Buckets": 524288,
                      "Original Hash Buckets": 524288,
                      "Hash Batches": 1,
                      "Original Hash Batches": 1,
                      "Peak Memory Usage": 18816,
                      "Plans": [
                        {
                          "Node Type": "Seq Scan",
                          "Parent Relationship": "Outer",
                          "Parallel Aware": true,
                          "Relation Name": "title",
                          "Alias": "t",
                          "Startup Cost": 0.0,
                          "Total Cost": 45479.1,
                          "Plan Rows": 66749,
                          "Plan Width": 4,
                          "Actual Startup Time": 62.073,
                          "Actual Total Time": 102.822,
                          "Actual Rows": 93549,
                          "Actual Loops": 4,
                          "Filter": "((production_year < 2000) AND (kind_id = 1))",
                          "Rows Removed by Filter": 538529
                        }
                      ]
                    }
                  ]
                }
              ]
            }
          ]
        }
      ]
    },
    "Planning Time": 0.643,
    "Triggers": [],
    "Execution Time": 243.601
  }
]