[
    {
        "Bao": {
            "Bao prediction": "NaN",
            "Bao recommended hint": "(no hint)"
        }
    },
    {
        "Plan": {
            "Node Type": "Aggregate",
            "Strategy": "Plain",
            "Partial Mode": "Finalize",
            "Parallel Aware": false,
            "Startup Cost": 223275.44,
            "Total Cost": 223275.45,
            "Plan Rows": 1,
            "Plan Width": 8,
            "Actual Startup Time": 229.639,
            "Actual Total Time": 238.473,
            "Actual Rows": 1,
            "Actual Loops": 1,
            "Output": [
                "count(*)"
            ],
            "Plans": [
                {
                    "Node Type": "Gather",
                    "Parent Relationship": "Outer",
                    "Parallel Aware": false,
                    "Startup Cost": 223274.92,
                    "Total Cost": 223275.43,
                    "Plan Rows": 5,
                    "Plan Width": 8,
                    "Actual Startup Time": 225.114,
                    "Actual Total Time": 238.465,
                    "Actual Rows": 6,
                    "Actual Loops": 1,
                    "Output": [
                        "(PARTIAL count(*))"
                    ],
                    "Workers Planned": 5,
                    "Workers Launched": 5,
                    "Single Copy": false,
                    "Plans": [
                        {
                            "Node Type": "Aggregate",
                            "Strategy": "Plain",
                            "Partial Mode": "Partial",
                            "Parent Relationship": "Outer",
                            "Parallel Aware": false,
                            "Startup Cost": 222274.92,
                            "Total Cost": 222274.93,
                            "Plan Rows": 1,
                            "Plan Width": 8,
                            "Actual Startup Time": 215.048,
                            "Actual Total Time": 215.053,
                            "Actual Rows": 1,
                            "Actual Loops": 6,
                            "Output": [
                                "PARTIAL count(*)"
                            ],
                            "Workers": [
                                {
                                    "Worker Number": 0,
                                    "Actual Startup Time": 212.605,
                                    "Actual Total Time": 212.616,
                                    "Actual Rows": 1,
                                    "Actual Loops": 1
                                },
                                {
                                    "Worker Number": 1,
                                    "Actual Startup Time": 212.768,
                                    "Actual Total Time": 212.771,
                                    "Actual Rows": 1,
                                    "Actual Loops": 1
                                },
                                {
                                    "Worker Number": 2,
                                    "Actual Startup Time": 213.2,
                                    "Actual Total Time": 213.203,
                                    "Actual Rows": 1,
                                    "Actual Loops": 1
                                },
                                {
                                    "Worker Number": 3,
                                    "Actual Startup Time": 213.672,
                                    "Actual Total Time": 213.675,
                                    "Actual Rows": 1,
                                    "Actual Loops": 1
                                },
                                {
                                    "Worker Number": 4,
                                    "Actual Startup Time": 213.514,
                                    "Actual Total Time": 213.517,
                                    "Actual Rows": 1,
                                    "Actual Loops": 1
                                }
                            ],
                            "Plans": [
                                {
                                    "Node Type": "Hash Join",
                                    "Parent Relationship": "Outer",
                                    "Parallel Aware": true,
                                    "Join Type": "Inner",
                                    "Startup Cost": 58379.39,
                                    "Total Cost": 222200.9,
                                    "Plan Rows": 29609,
                                    "Plan Width": 0,
                                    "Actual Startup Time": 154.216,
                                    "Actual Total Time": 213.688,
                                    "Actual Rows": 17627,
                                    "Actual Loops": 6,
                                    "Inner Unique": true,
                                    "Hash Cond": "(mi.movie_id = t.id)",
                                    "Workers": [
                                        {
                                            "Worker Number": 0,
                                            "Actual Startup Time": 151.949,
                                            "Actual Total Time": 211.225,
                                            "Actual Rows": 13696,
                                            "Actual Loops": 1
                                        },
                                        {
                                            "Worker Number": 1,
                                            "Actual Startup Time": 151.285,
                                            "Actual Total Time": 211.557,
                                            "Actual Rows": 25825,
                                            "Actual Loops": 1
                                        },
                                        {
                                            "Worker Number": 2,
                                            "Actual Startup Time": 152.657,
                                            "Actual Total Time": 211.807,
                                            "Actual Rows": 13788,
                                            "Actual Loops": 1
                                        },
                                        {
                                            "Worker Number": 3,
                                            "Actual Startup Time": 152.721,
                                            "Actual Total Time": 212.288,
                                            "Actual Rows": 13349,
                                            "Actual Loops": 1
                                        },
                                        {
                                            "Worker Number": 4,
                                            "Actual Startup Time": 153.26,
                                            "Actual Total Time": 212.2,
                                            "Actual Rows": 17064,
                                            "Actual Loops": 1
                                        }
                                    ],
                                    "Plans": [
                                        {
                                            "Node Type": "Bitmap Heap Scan",
                                            "Parent Relationship": "Outer",
                                            "Parallel Aware": true,
                                            "Relation Name": "movie_info",
                                            "Schema": "public",
                                            "Alias": "mi",
                                            "Startup Cost": 10965.05,
                                            "Total Cost": 174469.22,
                                            "Plan Rows": 120893,
                                            "Plan Width": 4,
                                            "Actual Startup Time": 31.256,
                                            "Actual Total Time": 72.218,
                                            "Actual Rows": 99743,
                                            "Actual Loops": 6,
                                            "Output": [
                                                "mi.id",
                                                "mi.movie_id",
                                                "mi.info_type_id",
                                                "mi.info",
                                                "mi.note"
                                            ],
                                            "Recheck Cond": "(mi.info_type_id = 15)",
                                            "Rows Removed by Index Recheck": 0,
                                            "Exact Heap Blocks": 4824,
                                            "Lossy Heap Blocks": 0,
                                            "Workers": [
                                                {
                                                    "Worker Number": 0,
                                                    "Actual Startup Time": 31.141,
                                                    "Actual Total Time": 73.15,
                                                    "Actual Rows": 90430,
                                                    "Actual Loops": 1
                                                },
                                                {
                                                    "Worker Number": 1,
                                                    "Actual Startup Time": 30.959,
                                                    "Actual Total Time": 72.921,
                                                    "Actual Rows": 126506,
                                                    "Actual Loops": 1
                                                },
                                                {
                                                    "Worker Number": 2,
                                                    "Actual Startup Time": 31.447,
                                                    "Actual Total Time": 73.077,
                                                    "Actual Rows": 73889,
                                                    "Actual Loops": 1
                                                },
                                                {
                                                    "Worker Number": 3,
                                                    "Actual Startup Time": 31.149,
                                                    "Actual Total Time": 73.137,
                                                    "Actual Rows": 72830,
                                                    "Actual Loops": 1
                                                },
                                                {
                                                    "Worker Number": 4,
                                                    "Actual Startup Time": 31.584,
                                                    "Actual Total Time": 73.126,
                                                    "Actual Rows": 97772,
                                                    "Actual Loops": 1
                                                }
                                            ],
                                            "Plans": [
                                                {
                                                    "Node Type": "Bitmap Index Scan",
                                                    "Parent Relationship": "Outer",
                                                    "Parallel Aware": false,
                                                    "Index Name": "info_type_id_movie_info",
                                                    "Startup Cost": 0.0,
                                                    "Total Cost": 10813.94,
                                                    "Plan Rows": 604467,
                                                    "Plan Width": 0,
                                                    "Actual Startup Time": 27.838,
                                                    "Actual Total Time": 27.839,
                                                    "Actual Rows": 598457,
                                                    "Actual Loops": 1,
                                                    "Index Cond": "(mi.info_type_id = 15)",
                                                    "Workers": [
                                                        {
                                                            "Worker Number": 1,
                                                            "Actual Startup Time": 27.838,
                                                            "Actual Total Time": 27.839,
                                                            "Actual Rows": 598457,
                                                            "Actual Loops": 1
                                                        }
                                                    ]
                                                }
                                            ]
                                        },
                                        {
                                            "Node Type": "Hash",
                                            "Parent Relationship": "Inner",
                                            "Parallel Aware": true,
                                            "Startup Cost": 45479.21,
                                            "Total Cost": 45479.21,
                                            "Plan Rows": 154810,
                                            "Plan Width": 4,
                                            "Actual Startup Time": 119.819,
                                            "Actual Total Time": 119.821,
                                            "Actual Rows": 86857,
                                            "Actual Loops": 6,
                                            "Output": [
                                                "t.id"
                                            ],
                                            "Hash Buckets": 1048576,
                                            "Original Hash Buckets": 1048576,
                                            "Hash Batches": 1,
                                            "Original Hash Batches": 1,
                                            "Peak Memory Usage": 28704,
                                            "Workers": [
                                                {
                                                    "Worker Number": 0,
                                                    "Actual Startup Time": 119.777,
                                                    "Actual Total Time": 119.786,
                                                    "Actual Rows": 89297,
                                                    "Actual Loops": 1
                                                },
                                                {
                                                    "Worker Number": 1,
                                                    "Actual Startup Time": 119.939,
                                                    "Actual Total Time": 119.94,
                                                    "Actual Rows": 87112,
                                                    "Actual Loops": 1
                                                },
                                                {
                                                    "Worker Number": 2,
                                                    "Actual Startup Time": 120.293,
                                                    "Actual Total Time": 120.294,
                                                    "Actual Rows": 65777,
                                                    "Actual Loops": 1
                                                },
                                                {
                                                    "Worker Number": 3,
                                                    "Actual Startup Time": 120.309,
                                                    "Actual Total Time": 120.31,
                                                    "Actual Rows": 66799,
                                                    "Actual Loops": 1
                                                },
                                                {
                                                    "Worker Number": 4,
                                                    "Actual Startup Time": 120.582,
                                                    "Actual Total Time": 120.583,
                                                    "Actual Rows": 80168,
                                                    "Actual Loops": 1
                                                }
                                            ],
                                            "Plans": [
                                                {
                                                    "Node Type": "Seq Scan",
                                                    "Parent Relationship": "Outer",
                                                    "Parallel Aware": true,
                                                    "Relation Name": "title",
                                                    "Schema": "public",
                                                    "Alias": "t",
                                                    "Startup Cost": 0.0,
                                                    "Total Cost": 45479.21,
                                                    "Plan Rows": 154810,
                                                    "Plan Width": 4,
                                                    "Actual Startup Time": 0.046,
                                                    "Actual Total Time": 78.973,
                                                    "Actual Rows": 86857,
                                                    "Actual Loops": 6,
                                                    "Output": [
                                                        "t.id"
                                                    ],
                                                    "Filter": "((t.production_year < 2000) AND (t.kind_id = 7))",
                                                    "Rows Removed by Filter": 334528,
                                                    "Workers": [
                                                        {
                                                            "Worker Number": 0,
                                                            "Actual Startup Time": 0.054,
                                                            "Actual Total Time": 79.34,
                                                            "Actual Rows": 89297,
                                                            "Actual Loops": 1
                                                        },
                                                        {
                                                            "Worker Number": 1,
                                                            "Actual Startup Time": 0.046,
                                                            "Actual Total Time": 78.68,
                                                            "Actual Rows": 87112,
                                                            "Actual Loops": 1
                                                        },
                                                        {
                                                            "Worker Number": 2,
                                                            "Actual Startup Time": 0.061,
                                                            "Actual Total Time": 81.005,
                                                            "Actual Rows": 65777,
                                                            "Actual Loops": 1
                                                        },
                                                        {
                                                            "Worker Number": 3,
                                                            "Actual Startup Time": 0.07,
                                                            "Actual Total Time": 80.625,
                                                            "Actual Rows": 66799,
                                                            "Actual Loops": 1
                                                        },
                                                        {
                                                            "Worker Number": 4,
                                                            "Actual Startup Time": 0.03,
                                                            "Actual Total Time": 79.691,
                                                            "Actual Rows": 80168,
                                                            "Actual Loops": 1
                                                        }
                                                    ]
                                                }
                                            ]
                                        }
                                    ]
                                }
                            ]
                        }
                    ]
                }
            ]
        },
        "Planning Time": 229.966,
        "Triggers": [],
        "Execution Time": 238.561
    }
]