{
  "Plan": {
    "Node Type": "Aggregate",
    "Strategy": "Plain",
    "Partial Mode": "Finalize",
    "Parallel Aware": false,
    "Startup Cost": 95022.02,
    "Total Cost": 95022.03,
    "Plan Rows": 1,
    "Plan Width": 8,
    "Actual Startup Time": 300.583,
    "Actual Total Time": 308.346,
    "Actual Rows": 1,
    "Actual Loops": 1,
    "Plans": [
      {
        "Node Type": "Gather",
        "Parent Relationship": "Outer",
        "Parallel Aware": false,
        "Startup Cost": 95021.91,
        "Total Cost": 95022.02,
        "Plan Rows": 1,
        "Plan Width": 8,
        "Actual Startup Time": 299.954,
        "Actual Total Time": 308.339,
        "Actual Rows": 2,
        "Actual Loops": 1,
        "Workers Planned": 1,
        "Workers Launched": 1,
        "Single Copy": false,
        "Plans": [
          {
            "Node Type": "Aggregate",
            "Strategy": "Plain",
            "Partial Mode": "Partial",
            "Parent Relationship": "Outer",
            "Parallel Aware": false,
            "Startup Cost": 94021.91,
            "Total Cost": 94021.92,
            "Plan Rows": 1,
            "Plan Width": 8,
            "Actual Startup Time": 297.403,
            "Actual Total Time": 297.406,
            "Actual Rows": 1,
            "Actual Loops": 2,
            "Plans": [
              {
                "Node Type": "Hash Join",
                "Parent Relationship": "Outer",
                "Parallel Aware": true,
                "Join Type": "Inner",
                "Startup Cost": 53971.35,
                "Total Cost": 93991.68,
                "Plan Rows": 12091,
                "Plan Width": 0,
                "Actual Startup Time": 209.692,
                "Actual Total Time": 294.546,
                "Actual Rows": 72436,
                "Actual Loops": 2,
                "Inner Unique": true,
                "Hash Cond": "(mc.movie_id = t.id)",
                "Plans": [
                  {
                    "Node Type": "Seq Scan",
                    "Parent Relationship": "Outer",
                    "Parallel Aware": true,
                    "Relation Name": "movie_companies",
                    "Alias": "mc",
                    "Startup Cost": 0.0,
                    "Total Cost": 37974.77,
                    "Plan Rows": 779260,
                    "Plan Width": 4,
                    "Actual Startup Time": 44.384,
                    "Actual Total Time": 105.968,
                    "Actual Rows": 667442,
                    "Actual Loops": 2,
                    "Filter": "(company_type_id = 2)",
                    "Rows Removed by Filter": 637123
                  },
                  {
                    "Node Type": "Hash",
                    "Parent Relationship": "Inner",
                    "Parallel Aware": true,
                    "Startup Cost": 53682.92,
                    "Total Cost": 53682.92,
                    "Plan Rows": 23075,
                    "Plan Width": 4,
                    "Actual Startup Time": 114.457,
                    "Actual Total Time": 114.458,
                    "Actual Rows": 75568,
                    "Actual Loops": 2,
                    "Hash Buckets": 262144,
                    "Original Hash Buckets": 65536,
                    "Hash Batches": 1,
                    "Original Hash Batches": 1,
                    "Peak Memory Usage": 9536,
                    "Plans": [
                      {
                        "Node Type": "Bitmap Heap Scan",
                        "Parent Relationship": "Outer",
                        "Parallel Aware": true,
                        "Relation Name": "title",
                        "Alias": "t",
                        "Startup Cost": 11832.66,
                        "Total Cost": 53682.92,
                        "Plan Rows": 23075,
                        "Plan Width": 4,
                        "Actual Startup Time": 36.534,
                        "Actual Total Time": 95.166,
                        "Actual Rows": 75568,
                        "Actual Loops": 2,
                        "Recheck Cond": "(kind_id = 1)",
                        "Rows Removed by Index Recheck": 0,
                        "Filter": "(production_year < 1945)",
                        "Rows Removed by Filter": 255845,
                        "Exact Heap Blocks": 8780,
                        "Lossy Heap Blocks": 0,
                        "Plans": [
                          {
                            "Node Type": "Bitmap Index Scan",
                            "Parent Relationship": "Outer",
                            "Parallel Aware": false,
                            "Index Name": "kind_id_title",
                            "Startup Cost": 0.0,
                            "Total Cost": 11822.85,
                            "Plan Rows": 663256,
                            "Plan Width": 0,
                            "Actual Startup Time": 35.969,
                            "Actual Total Time": 35.969,
                            "Actual Rows": 662825,
                            "Actual Loops": 1,
                            "Index Cond": "(kind_id = 1)"
                          }
                        ]
                      }
                    ]
                  }
                ]
              }
            ]
          }
        ]
      }
    ]
  },
  "Planning Time": 0.295,
  "Triggers": [],
  "Execution Time": 308.408
}