{
  "Plan": {
    "Node Type": "Aggregate",
    "Strategy": "Plain",
    "Partial Mode": "Finalize",
    "Parallel Aware": false,
    "Startup Cost": 124442.67,
    "Total Cost": 124442.68,
    "Plan Rows": 1,
    "Plan Width": 8,
    "Actual Startup Time": 782.374,
    "Actual Total Time": 801.172,
    "Actual Rows": 1,
    "Actual Loops": 1,
    "Plans": [
      {
        "Node Type": "Gather",
        "Parent Relationship": "Outer",
        "Parallel Aware": false,
        "Startup Cost": 124442.56,
        "Total Cost": 124442.67,
        "Plan Rows": 1,
        "Plan Width": 8,
        "Actual Startup Time": 777.931,
        "Actual Total Time": 801.163,
        "Actual Rows": 2,
        "Actual Loops": 1,
        "Workers Planned": 1,
        "Workers Launched": 1,
        "Single Copy": false,
        "Plans": [
          {
            "Node Type": "Aggregate",
            "Strategy": "Plain",
            "Partial Mode": "Partial",
            "Parent Relationship": "Outer",
            "Parallel Aware": false,
            "Startup Cost": 123442.56,
            "Total Cost": 123442.57,
            "Plan Rows": 1,
            "Plan Width": 8,
            "Actual Startup Time": 773.923,
            "Actual Total Time": 773.929,
            "Actual Rows": 1,
            "Actual Loops": 2,
            "Plans": [
              {
                "Node Type": "Hash Join",
                "Parent Relationship": "Outer",
                "Parallel Aware": true,
                "Join Type": "Inner",
                "Startup Cost": 104099.61,
                "Total Cost": 123369.7,
                "Plan Rows": 29142,
                "Plan Width": 0,
                "Actual Startup Time": 702.093,
                "Actual Total Time": 769.728,
                "Actual Rows": 103165,
                "Actual Loops": 2,
                "Inner Unique": false,
                "Hash Cond": "(mi_idx.movie_id = t.id)",
                "Plans": [
                  {
                    "Node Type": "Seq Scan",
                    "Parent Relationship": "Outer",
                    "Parallel Aware": true,
                    "Relation Name": "movie_info_idx",
                    "Alias": "mi_idx",
                    "Startup Cost": 0.0,
                    "Total Cost": 18082.32,
                    "Plan Rows": 271028,
                    "Plan Width": 4,
                    "Actual Startup Time": 0.026,
                    "Actual Total Time": 48.466,
                    "Actual Rows": 229962,
                    "Actual Loops": 2,
                    "Filter": "(info_type_id = 101)",
                    "Rows Removed by Filter": 460055
                  },
                  {
                    "Node Type": "Hash",
                    "Parent Relationship": "Inner",
                    "Parallel Aware": true,
                    "Startup Cost": 102100.69,
                    "Total Cost": 102100.69,
                    "Plan Rows": 159914,
                    "Plan Width": 8,
                    "Actual Startup Time": 674.83,
                    "Actual Total Time": 674.835,
                    "Actual Rows": 133894,
                    "Actual Loops": 2,
                    "Hash Buckets": 524288,
                    "Original Hash Buckets": 524288,
                    "Hash Batches": 1,
                    "Original Hash Batches": 1,
                    "Peak Memory Usage": 14624,
                    "Plans": [
                      {
                        "Node Type": "Hash Join",
                        "Parent Relationship": "Outer",
                        "Parallel Aware": true,
                        "Join Type": "Inner",
                        "Startup Cost": 75227.99,
                        "Total Cost": 102100.69,
                        "Plan Rows": 159914,
                        "Plan Width": 8,
                        "Actual Startup Time": 556.219,
                        "Actual Total Time": 643.991,
                        "Actual Rows": 133894,
                        "Actual Loops": 2,
                        "Inner Unique": true,
                        "Hash Cond": "(mk.movie_id = t.id)",
                        "Plans": [
                          {
                            "Node Type": "Bitmap Heap Scan",
                            "Parent Relationship": "Outer",
                            "Parallel Aware": true,
                            "Relation Name": "movie_keyword",
                            "Alias": "mk",
                            "Startup Cost": 5767.29,
                            "Total Cost": 32220.21,
                            "Plan Rows": 159914,
                            "Plan Width": 4,
                            "Actual Startup Time": 16.662,
                            "Actual Total Time": 63.616,
                            "Actual Rows": 133894,
                            "Actual Loops": 2,
                            "Recheck Cond": "(keyword_id > 58652)",
                            "Rows Removed by Index Recheck": 0,
                            "Exact Heap Blocks": 12045,
                            "Lossy Heap Blocks": 0,
                            "Plans": [
                              {
                                "Node Type": "Bitmap Index Scan",
                                "Parent Relationship": "Outer",
                                "Parallel Aware": false,
                                "Index Name": "keyword_id_movie_keyword",
                                "Startup Cost": 0.0,
                                "Total Cost": 5699.33,
                                "Plan Rows": 271853,
                                "Plan Width": 0,
                                "Actual Startup Time": 13.491,
                                "Actual Total Time": 13.491,
                                "Actual Rows": 267789,
                                "Actual Loops": 1,
                                "Index Cond": "(keyword_id > 58652)"
                              }
                            ]
                          },
                          {
                            "Node Type": "Hash",
                            "Parent Relationship": "Inner",
                            "Parallel Aware": true,
                            "Startup Cost": 50870.31,
                            "Total Cost": 50870.31,
                            "Plan Rows": 1487231,
                            "Plan Width": 4,
                            "Actual Startup Time": 522.181,
                            "Actual Total Time": 522.182,
                            "Actual Rows": 1264156,
                            "Actual Loops": 2,
                            "Hash Buckets": 4194304,
                            "Original Hash Buckets": 4194304,
                            "Hash Batches": 1,
                            "Original Hash Batches": 1,
                            "Peak Memory Usage": 131680,
                            "Plans": [
                              {
                                "Node Type": "Seq Scan",
                                "Parent Relationship": "Outer",
                                "Parallel Aware": true,
                                "Relation Name": "title",
                                "Alias": "t",
                                "Startup Cost": 0.0,
                                "Total Cost": 50870.31,
                                "Plan Rows": 1487231,
                                "Plan Width": 4,
                                "Actual Startup Time": 0.039,
                                "Actual Total Time": 145.887,
                                "Actual Rows": 1264156,
                                "Actual Loops": 2
                              }
                            ]
                          }
                        ]
                      }
                    ]
                  }
                ]
              }
            ]
          }
        ]
      }
    ]
  },
  "Planning Time": 0.869,
  "Triggers": [],
  "Execution Time": 801.276
}