[
  {
    "Plan": {
      "Node Type": "Aggregate",
      "Strategy": "Plain",
      "Partial Mode": "Finalize",
      "Parallel Aware": false,
      "Startup Cost": 160843.48,
      "Total Cost": 160843.49,
      "Plan Rows": 1,
      "Plan Width": 8,
      "Actual Startup Time": 1125.249,
      "Actual Total Time": 1184.908,
      "Actual Rows": 1,
      "Actual Loops": 1,
      "Plans": [
        {
          "Node Type": "Gather",
          "Parent Relationship": "Outer",
          "Parallel Aware": false,
          "Startup Cost": 160843.16,
          "Total Cost": 160843.47,
          "Plan Rows": 3,
          "Plan Width": 8,
          "Actual Startup Time": 1124.396,
          "Actual Total Time": 1184.899,
          "Actual Rows": 4,
          "Actual Loops": 1,
          "Workers Planned": 3,
          "Workers Launched": 3,
          "Single Copy": false,
          "Plans": [
            {
              "Node Type": "Aggregate",
              "Strategy": "Plain",
              "Partial Mode": "Partial",
              "Parent Relationship": "Outer",
              "Parallel Aware": false,
              "Startup Cost": 159843.16,
              "Total Cost": 159843.17,
              "Plan Rows": 1,
              "Plan Width": 8,
              "Actual Startup Time": 1120.651,
              "Actual Total Time": 1120.655,
              "Actual Rows": 1,
              "Actual Loops": 4,
              "Plans": [
                {
                  "Node Type": "Nested Loop",
                  "Parent Relationship": "Outer",
                  "Parallel Aware": false,
                  "Join Type": "Inner",
                  "Startup Cost": 38873.19,
                  "Total Cost": 158433.2,
                  "Plan Rows": 563986,
                  "Plan Width": 0,
                  "Actual Startup Time": 77.866,
                  "Actual Total Time": 1077.382,
                  "Actual Rows": 659726,
                  "Actual Loops": 4,
                  "Inner Unique": false,
                  "Join Filter": "(t.id = ci.movie_id)",
                  "Rows Removed by Join Filter": 0,
                  "Plans": [
                    {
                      "Node Type": "Hash Join",
                      "Parent Relationship": "Outer",
                      "Parallel Aware": true,
                      "Join Type": "Inner",
                      "Startup Cost": 38872.62,
                      "Total Cost": 68288.51,
                      "Plan Rows": 39333,
                      "Plan Width": 8,
                      "Actual Startup Time": 77.755,
                      "Actual Total Time": 233.862,
                      "Actual Rows": 39876,
                      "Actual Loops": 4,
                      "Inner Unique": true,
                      "Hash Cond": "(mc.movie_id = t.id)",
                      "Plans": [
                        {
                          "Node Type": "Seq Scan",
                          "Parent Relationship": "Outer",
                          "Parallel Aware": true,
                          "Relation Name": "movie_companies",
                          "Alias": "mc",
                          "Startup Cost": 0.0,
                          "Total Cost": 27206.55,
                          "Plan Rows": 841655,
                          "Plan Width": 4,
                          "Actual Startup Time": 0.019,
                          "Actual Total Time": 66.471,
                          "Actual Rows": 652282,
                          "Actual Loops": 4
                        },
                        {
                          "Node Type": "Hash",
                          "Parent Relationship": "Inner",
                          "Parallel Aware": true,
                          "Startup Cost": 38503.39,
                          "Total Cost": 38503.39,
                          "Plan Rows": 29539,
                          "Plan Width": 4,
                          "Actual Startup Time": 47.961,
                          "Actual Total Time": 47.962,
                          "Actual Rows": 29558,
                          "Actual Loops": 4,
                          "Hash Buckets": 131072,
                          "Original Hash Buckets": 131072,
                          "Hash Batches": 1,
                          "Original Hash Batches": 1,
                          "Peak Memory Usage": 5696,
                          "Plans": [
                            {
                              "Node Type": "Bitmap Heap Scan",
                              "Parent Relationship": "Outer",
                              "Parallel Aware": true,
                              "Relation Name": "title",
                              "Alias": "t",
                              "Startup Cost": 2136.15,
                              "Total Cost": 38503.39,
                              "Plan Rows": 29539,
                              "Plan Width": 4,
                              "Actual Startup Time": 8.824,
                              "Actual Total Time": 38.16,
                              "Actual Rows": 29558,
                              "Actual Loops": 4,
                              "Recheck Cond": "(kind_id = 4)",
                              "Rows Removed by Index Recheck": 0,
                              "Exact Heap Blocks": 6787,
                              "Lossy Heap Blocks": 0,
                              "Plans": [
                                {
                                  "Node Type": "Bitmap Index Scan",
                                  "Parent Relationship": "Outer",
                                  "Parallel Aware": false,
                                  "Index Name": "kind_id_title",
                                  "Startup Cost": 0.0,
                                  "Total Cost": 2106.61,
                                  "Plan Rows": 118157,
                                  "Plan Width": 0,
                                  "Actual Startup Time": 7.663,
                                  "Actual Total Time": 7.664,
                                  "Actual Rows": 118234,
                                  "Actual Loops": 1,
                                  "Index Cond": "(kind_id = 4)"
                                }
                              ]
                            }
                          ]
                        }
                      ]
                    },
                    {
                      "Node Type": "Index Only Scan",
                      "Parent Relationship": "Inner",
                      "Parallel Aware": false,
                      "Scan Direction": "Forward",
                      "Index Name": "movie_id_cast_info",
                      "Relation Name": "cast_info",
                      "Alias": "ci",
                      "Startup Cost": 0.56,
                      "Total Cost": 1.82,
                      "Plan Rows": 38,
                      "Plan Width": 4,
                      "Actual Startup Time": 0.006,
                      "Actual Total Time": 0.019,
                      "Actual Rows": 17,
                      "Actual Loops": 159504,
                      "Index Cond": "(movie_id = mc.movie_id)",
                      "Rows Removed by Index Recheck": 0,
                      "Heap Fetches": 2638903
                    }
                  ]
                }
              ]
            }
          ]
        }
      ]
    },
    "Planning Time": 0.599,
    "Triggers": [],
    "Execution Time": 1185.003
  }
]