{
  "Plan": {
    "Node Type": "Aggregate",
    "Strategy": "Plain",
    "Partial Mode": "Finalize",
    "Parallel Aware": false,
    "Startup Cost": 825837.59,
    "Total Cost": 825837.6,
    "Plan Rows": 1,
    "Plan Width": 8,
    "Actual Startup Time": 4495.924,
    "Actual Total Time": 4555.01,
    "Actual Rows": 1,
    "Actual Loops": 1,
    "Plans": [
      {
        "Node Type": "Gather",
        "Parent Relationship": "Outer",
        "Parallel Aware": false,
        "Startup Cost": 825837.48,
        "Total Cost": 825837.59,
        "Plan Rows": 1,
        "Plan Width": 8,
        "Actual Startup Time": 4491.733,
        "Actual Total Time": 4555.0,
        "Actual Rows": 2,
        "Actual Loops": 1,
        "Workers Planned": 1,
        "Workers Launched": 1,
        "Single Copy": false,
        "Plans": [
          {
            "Node Type": "Aggregate",
            "Strategy": "Plain",
            "Partial Mode": "Partial",
            "Parent Relationship": "Outer",
            "Parallel Aware": false,
            "Startup Cost": 824837.48,
            "Total Cost": 824837.49,
            "Plan Rows": 1,
            "Plan Width": 8,
            "Actual Startup Time": 4483.925,
            "Actual Total Time": 4483.932,
            "Actual Rows": 1,
            "Actual Loops": 2,
            "Plans": [
              {
                "Node Type": "Hash Join",
                "Parent Relationship": "Outer",
                "Parallel Aware": true,
                "Join Type": "Inner",
                "Startup Cost": 641608.37,
                "Total Cost": 823956.99,
                "Plan Rows": 352193,
                "Plan Width": 0,
                "Actual Startup Time": 4115.012,
                "Actual Total Time": 4458.704,
                "Actual Rows": 616673,
                "Actual Loops": 2,
                "Inner Unique": false,
                "Hash Cond": "(mi.movie_id = t.id)",
                "Plans": [
                  {
                    "Node Type": "Bitmap Heap Scan",
                    "Parent Relationship": "Outer",
                    "Parallel Aware": true,
                    "Relation Name": "movie_info",
                    "Alias": "mi",
                    "Startup Cost": 22524.06,
                    "Total Cost": 193659.01,
                    "Plan Rows": 731356,
                    "Plan Width": 4,
                    "Actual Startup Time": 47.875,
                    "Actual Total Time": 152.464,
                    "Actual Rows": 602354,
                    "Actual Loops": 2,
                    "Recheck Cond": "(info_type_id > 18)",
                    "Rows Removed by Index Recheck": 0,
                    "Exact Heap Blocks": 19264,
                    "Lossy Heap Blocks": 0,
                    "Plans": [
                      {
                        "Node Type": "Bitmap Index Scan",
                        "Parent Relationship": "Outer",
                        "Parallel Aware": false,
                        "Index Name": "info_type_id_movie_info",
                        "Startup Cost": 0.0,
                        "Total Cost": 22213.23,
                        "Plan Rows": 1243306,
                        "Plan Width": 0,
                        "Actual Startup Time": 42.433,
                        "Actual Total Time": 42.434,
                        "Actual Rows": 1204709,
                        "Actual Loops": 1,
                        "Index Cond": "(info_type_id > 18)"
                      }
                    ]
                  },
                  {
                    "Node Type": "Hash",
                    "Parent Relationship": "Inner",
                    "Parallel Aware": true,
                    "Startup Cost": 610131.91,
                    "Total Cost": 610131.91,
                    "Plan Rows": 716192,
                    "Plan Width": 8,
                    "Actual Startup Time": 4050.676,
                    "Actual Total Time": 4050.681,
                    "Actual Rows": 892454,
                    "Actual Loops": 2,
                    "Hash Buckets": 2097152,
                    "Original Hash Buckets": 2097152,
                    "Hash Batches": 1,
                    "Original Hash Batches": 1,
                    "Peak Memory Usage": 86240,
                    "Plans": [
                      {
                        "Node Type": "Hash Join",
                        "Parent Relationship": "Outer",
                        "Parallel Aware": true,
                        "Join Type": "Inner",
                        "Startup Cost": 39422.96,
                        "Total Cost": 610131.91,
                        "Plan Rows": 716192,
                        "Plan Width": 8,
                        "Actual Startup Time": 125.5,
                        "Actual Total Time": 3738.873,
                        "Actual Rows": 892454,
                        "Actual Loops": 2,
                        "Inner Unique": true,
                        "Hash Cond": "(ci.movie_id = t.id)",
                        "Plans": [
                          {
                            "Node Type": "Seq Scan",
                            "Parent Relationship": "Outer",
                            "Parallel Aware": true,
                            "Relation Name": "cast_info",
                            "Alias": "ci",
                            "Startup Cost": 0.0,
                            "Total Cost": 519069.44,
                            "Plan Rows": 19672161,
                            "Plan Width": 4,
                            "Actual Startup Time": 66.139,
                            "Actual Total Time": 1708.361,
                            "Actual Rows": 16697955,
                            "Actual Loops": 2,
                            "Filter": "(person_id > 275417)",
                            "Rows Removed by Filter": 1424217
                          },
                          {
                            "Node Type": "Hash",
                            "Parent Relationship": "Inner",
                            "Parallel Aware": true,
                            "Startup Cost": 38746.15,
                            "Total Cost": 38746.15,
                            "Plan Rows": 54145,
                            "Plan Width": 4,
                            "Actual Startup Time": 58.795,
                            "Actual Total Time": 58.797,
                            "Actual Rows": 49776,
                            "Actual Loops": 2,
                            "Hash Buckets": 131072,
                            "Original Hash Buckets": 131072,
                            "Hash Batches": 1,
                            "Original Hash Batches": 1,
                            "Peak Memory Usage": 4928,
                            "Plans": [
                              {
                                "Node Type": "Bitmap Heap Scan",
                                "Parent Relationship": "Outer",
                                "Parallel Aware": true,
                                "Relation Name": "title",
                                "Alias": "t",
                                "Startup Cost": 1846.14,
                                "Total Cost": 38746.15,
                                "Plan Rows": 54145,
                                "Plan Width": 4,
                                "Actual Startup Time": 9.49,
                                "Actual Total Time": 45.662,
                                "Actual Rows": 49776,
                                "Actual Loops": 2,
                                "Recheck Cond": "(kind_id = 3)",
                                "Rows Removed by Index Recheck": 0,
                                "Filter": "(production_year > 1953)",
                                "Rows Removed by Filter": 493,
                                "Exact Heap Blocks": 10253,
                                "Lossy Heap Blocks": 0,
                                "Plans": [
                                  {
                                    "Node Type": "Bitmap Index Scan",
                                    "Parent Relationship": "Outer",
                                    "Parallel Aware": false,
                                    "Index Name": "kind_id_title",
                                    "Startup Cost": 0.0,
                                    "Total Cost": 1823.13,
                                    "Plan Rows": 102227,
                                    "Plan Width": 0,
                                    "Actual Startup Time": 6.705,
                                    "Actual Total Time": 6.705,
                                    "Actual Rows": 100537,
                                    "Actual Loops": 1,
                                    "Index Cond": "(kind_id = 3)"
                                  }
                                ]
                              }
                            ]
                          }
                        ]
                      }
                    ]
                  }
                ]
              }
            ]
          }
        ]
      }
    ]
  },
  "Planning Time": 0.993,
  "Triggers": [],
  "Execution Time": 4555.134
}