{
  "Plan": {
    "Node Type": "Aggregate",
    "Strategy": "Plain",
    "Partial Mode": "Finalize",
    "Parallel Aware": false,
    "Startup Cost": 2586652.78,
    "Total Cost": 2586652.79,
    "Plan Rows": 1,
    "Plan Width": 8,
    "Actual Startup Time": 14382.396,
    "Actual Total Time": 14450.703,
    "Actual Rows": 1,
    "Actual Loops": 1,
    "Plans": [
      {
        "Node Type": "Gather",
        "Parent Relationship": "Outer",
        "Parallel Aware": false,
        "Startup Cost": 2586652.67,
        "Total Cost": 2586652.78,
        "Plan Rows": 1,
        "Plan Width": 8,
        "Actual Startup Time": 14356.293,
        "Actual Total Time": 14450.694,
        "Actual Rows": 2,
        "Actual Loops": 1,
        "Workers Planned": 1,
        "Workers Launched": 1,
        "Single Copy": false,
        "Plans": [
          {
            "Node Type": "Aggregate",
            "Strategy": "Plain",
            "Partial Mode": "Partial",
            "Parent Relationship": "Outer",
            "Parallel Aware": false,
            "Startup Cost": 2585652.67,
            "Total Cost": 2585652.68,
            "Plan Rows": 1,
            "Plan Width": 8,
            "Actual Startup Time": 14350.455,
            "Actual Total Time": 14350.461,
            "Actual Rows": 1,
            "Actual Loops": 2,
            "Plans": [
              {
                "Node Type": "Merge Join",
                "Parent Relationship": "Outer",
                "Parallel Aware": false,
                "Join Type": "Inner",
                "Startup Cost": 1198403.66,
                "Total Cost": 2536037.09,
                "Plan Rows": 19846232,
                "Plan Width": 0,
                "Actual Startup Time": 8276.912,
                "Actual Total Time": 13776.568,
                "Actual Rows": 14383019,
                "Actual Loops": 2,
                "Inner Unique": false,
                "Merge Cond": "(mi.movie_id = t.id)",
                "Plans": [
                  {
                    "Node Type": "Index Only Scan",
                    "Parent Relationship": "Outer",
                    "Parallel Aware": true,
                    "Scan Direction": "Forward",
                    "Index Name": "movie_id_movie_info",
                    "Relation Name": "movie_info",
                    "Alias": "mi",
                    "Startup Cost": 0.43,
                    "Total Cost": 1018223.42,
                    "Plan Rows": 8696274,
                    "Plan Width": 4,
                    "Actual Startup Time": 0.091,
                    "Actual Total Time": 2750.688,
                    "Actual Rows": 7417500,
                    "Actual Loops": 2,
                    "Heap Fetches": 14835001
                  },
                  {
                    "Node Type": "Sort",
                    "Parent Relationship": "Inner",
                    "Parallel Aware": false,
                    "Startup Cost": 1198401.94,
                    "Total Cost": 1212826.82,
                    "Plan Rows": 5769953,
                    "Plan Width": 8,
                    "Actual Startup Time": 8276.688,
                    "Actual Total Time": 9169.528,
                    "Actual Rows": 17454444,
                    "Actual Loops": 2,
                    "Sort Key": [
                      "t.id"
                    ],
                    "Sort Method": "quicksort",
                    "Sort Space Used": 484538,
                    "Sort Space Type": "Memory",
                    "Workers": [
                      {
                        "Worker Number": 0,
                        "Sort Method": "quicksort",
                        "Sort Space Used": 484538,
                        "Sort Space Type": "Memory"
                      }
                    ],
                    "Plans": [
                      {
                        "Node Type": "Hash Join",
                        "Parent Relationship": "Outer",
                        "Parallel Aware": false,
                        "Join Type": "Inner",
                        "Startup Cost": 88698.23,
                        "Total Cost": 550432.52,
                        "Plan Rows": 5769953,
                        "Plan Width": 8,
                        "Actual Startup Time": 722.368,
                        "Actual Total Time": 6775.566,
                        "Actual Rows": 6142489,
                        "Actual Loops": 2,
                        "Inner Unique": true,
                        "Hash Cond": "(ci.movie_id = t.id)",
                        "Plans": [
                          {
                            "Node Type": "Index Scan",
                            "Parent Relationship": "Outer",
                            "Parallel Aware": false,
                            "Scan Direction": "Forward",
                            "Index Name": "role_id_cast_info",
                            "Relation Name": "cast_info",
                            "Alias": "ci",
                            "Startup Cost": 0.56,
                            "Total Cost": 429337.9,
                            "Plan Rows": 12341676,
                            "Plan Width": 4,
                            "Actual Startup Time": 0.177,
                            "Actual Total Time": 1670.443,
                            "Actual Rows": 12113646,
                            "Actual Loops": 2,
                            "Index Cond": "(role_id > 3)",
                            "Rows Removed by Index Recheck": 0
                          },
                          {
                            "Node Type": "Hash",
                            "Parent Relationship": "Inner",
                            "Parallel Aware": false,
                            "Startup Cost": 73922.39,
                            "Total Cost": 73922.39,
                            "Plan Rows": 1182022,
                            "Plan Width": 4,
                            "Actual Startup Time": 711.056,
                            "Actual Total Time": 711.057,
                            "Actual Rows": 1268635,
                            "Actual Loops": 2,
                            "Hash Buckets": 2097152,
                            "Original Hash Buckets": 2097152,
                            "Hash Batches": 1,
                            "Original Hash Batches": 1,
                            "Peak Memory Usage": 60985,
                            "Plans": [
                              {
                                "Node Type": "Seq Scan",
                                "Parent Relationship": "Outer",
                                "Parallel Aware": false,
                                "Relation Name": "title",
                                "Alias": "t",
                                "Startup Cost": 0.0,
                                "Total Cost": 73922.39,
                                "Plan Rows": 1182022,
                                "Plan Width": 4,
                                "Actual Startup Time": 0.037,
                                "Actual Total Time": 377.965,
                                "Actual Rows": 1268635,
                                "Actual Loops": 2,
                                "Filter": "((production_year > 1980) AND (kind_id = 7))",
                                "Rows Removed by Filter": 1259677
                              }
                            ]
                          }
                        ]
                      }
                    ]
                  }
                ]
              }
            ]
          }
        ]
      }
    ]
  },
  "Planning Time": 0.494,
  "Triggers": [],
  "Execution Time": 14494.434
}