[
  {
    "Plan": {
      "Node Type": "Aggregate",
      "Strategy": "Plain",
      "Partial Mode": "Finalize",
      "Parallel Aware": false,
      "Startup Cost": 62282.76,
      "Total Cost": 62282.77,
      "Plan Rows": 1,
      "Plan Width": 8,
      "Actual Startup Time": 205.165,
      "Actual Total Time": 220.707,
      "Actual Rows": 1,
      "Actual Loops": 1,
      "Plans": [
        {
          "Node Type": "Gather",
          "Parent Relationship": "Outer",
          "Parallel Aware": false,
          "Startup Cost": 62282.54,
          "Total Cost": 62282.75,
          "Plan Rows": 2,
          "Plan Width": 8,
          "Actual Startup Time": 203.764,
          "Actual Total Time": 220.699,
          "Actual Rows": 3,
          "Actual Loops": 1,
          "Workers Planned": 2,
          "Workers Launched": 2,
          "Single Copy": false,
          "Plans": [
            {
              "Node Type": "Aggregate",
              "Strategy": "Plain",
              "Partial Mode": "Partial",
              "Parent Relationship": "Outer",
              "Parallel Aware": false,
              "Startup Cost": 61282.54,
              "Total Cost": 61282.55,
              "Plan Rows": 1,
              "Plan Width": 8,
              "Actual Startup Time": 200.47,
              "Actual Total Time": 200.475,
              "Actual Rows": 1,
              "Actual Loops": 3,
              "Plans": [
                {
                  "Node Type": "Hash Join",
                  "Parent Relationship": "Outer",
                  "Parallel Aware": true,
                  "Join Type": "Inner",
                  "Startup Cost": 45651.44,
                  "Total Cost": 61272.23,
                  "Plan Rows": 4127,
                  "Plan Width": 0,
                  "Actual Startup Time": 140.55,
                  "Actual Total Time": 200.019,
                  "Actual Rows": 7693,
                  "Actual Loops": 3,
                  "Inner Unique": true,
                  "Hash Cond": "(mi_idx.movie_id = t.id)",
                  "Plans": [
                    {
                      "Node Type": "Seq Scan",
                      "Parent Relationship": "Outer",
                      "Parallel Aware": true,
                      "Relation Name": "movie_info_idx",
                      "Alias": "mi_idx",
                      "Startup Cost": 0.0,
                      "Total Cost": 15122.68,
                      "Plan Rows": 189755,
                      "Plan Width": 4,
                      "Actual Startup Time": 0.016,
                      "Actual Total Time": 44.274,
                      "Actual Rows": 153308,
                      "Actual Loops": 3,
                      "Filter": "(info_type_id < 100)",
                      "Rows Removed by Filter": 306703
                    },
                    {
                      "Node Type": "Hash",
                      "Parent Relationship": "Inner",
                      "Parallel Aware": true,
                      "Startup Cost": 45479.59,
                      "Total Cost": 45479.59,
                      "Plan Rows": 13748,
                      "Plan Width": 4,
                      "Actual Startup Time": 129.023,
                      "Actual Total Time": 129.024,
                      "Actual Rows": 50487,
                      "Actual Loops": 3,
                      "Hash Buckets": 262144,
                      "Original Hash Buckets": 65536,
                      "Hash Batches": 1,
                      "Original Hash Batches": 1,
                      "Peak Memory Usage": 9568,
                      "Plans": [
                        {
                          "Node Type": "Seq Scan",
                          "Parent Relationship": "Outer",
                          "Parallel Aware": true,
                          "Relation Name": "title",
                          "Alias": "t",
                          "Startup Cost": 0.0,
                          "Total Cost": 45479.59,
                          "Plan Rows": 13748,
                          "Plan Width": 4,
                          "Actual Startup Time": 20.952,
                          "Actual Total Time": 107.601,
                          "Actual Rows": 50487,
                          "Actual Loops": 3,
                          "Filter": "((kind_id < 7) AND (production_year < 1945))",
                          "Rows Removed by Filter": 792284
                        }
                      ]
                    }
                  ]
                }
              ]
            }
          ]
        }
      ]
    },
    "Planning Time": 0.253,
    "Triggers": [],
    "Execution Time": 220.754
  }
]