[
  {
    "Plan": {
      "Node Type": "Aggregate",
      "Strategy": "Plain",
      "Partial Mode": "Finalize",
      "Parallel Aware": false,
      "Startup Cost": 62293.47,
      "Total Cost": 62293.48,
      "Plan Rows": 1,
      "Plan Width": 8,
      "Actual Startup Time": 218.627,
      "Actual Total Time": 232.038,
      "Actual Rows": 1,
      "Actual Loops": 1,
      "Plans": [
        {
          "Node Type": "Gather",
          "Parent Relationship": "Outer",
          "Parallel Aware": false,
          "Startup Cost": 62293.25,
          "Total Cost": 62293.46,
          "Plan Rows": 2,
          "Plan Width": 8,
          "Actual Startup Time": 217.892,
          "Actual Total Time": 232.029,
          "Actual Rows": 3,
          "Actual Loops": 1,
          "Workers Planned": 2,
          "Workers Launched": 2,
          "Single Copy": false,
          "Plans": [
            {
              "Node Type": "Aggregate",
              "Strategy": "Plain",
              "Partial Mode": "Partial",
              "Parent Relationship": "Outer",
              "Parallel Aware": false,
              "Startup Cost": 61293.25,
              "Total Cost": 61293.26,
              "Plan Rows": 1,
              "Plan Width": 8,
              "Actual Startup Time": 210.923,
              "Actual Total Time": 210.926,
              "Actual Rows": 1,
              "Actual Loops": 3,
              "Plans": [
                {
                  "Node Type": "Hash Join",
                  "Parent Relationship": "Outer",
                  "Parallel Aware": true,
                  "Join Type": "Inner",
                  "Startup Cost": 45662.34,
                  "Total Cost": 61282.27,
                  "Plan Rows": 4393,
                  "Plan Width": 0,
                  "Actual Startup Time": 152.984,
                  "Actual Total Time": 210.526,
                  "Actual Rows": 7693,
                  "Actual Loops": 3,
                  "Inner Unique": true,
                  "Hash Cond": "(mi_idx.movie_id = t.id)",
                  "Plans": [
                    {
                      "Node Type": "Seq Scan",
                      "Parent Relationship": "Outer",
                      "Parallel Aware": true,
                      "Relation Name": "movie_info_idx",
                      "Alias": "mi_idx",
                      "Startup Cost": 0.0,
                      "Total Cost": 15122.68,
                      "Plan Rows": 189429,
                      "Plan Width": 4,
                      "Actual Startup Time": 0.027,
                      "Actual Total Time": 41.36,
                      "Actual Rows": 153308,
                      "Actual Loops": 3,
                      "Filter": "(info_type_id < 100)",
                      "Rows Removed by Filter": 306703
                    },
                    {
                      "Node Type": "Hash",
                      "Parent Relationship": "Inner",
                      "Parallel Aware": true,
                      "Startup Cost": 45479.1,
                      "Total Cost": 45479.1,
                      "Plan Rows": 14659,
                      "Plan Width": 4,
                      "Actual Startup Time": 141.613,
                      "Actual Total Time": 141.614,
                      "Actual Rows": 50487,
                      "Actual Loops": 3,
                      "Hash Buckets": 262144,
                      "Original Hash Buckets": 65536,
                      "Hash Batches": 1,
                      "Original Hash Batches": 1,
                      "Peak Memory Usage": 9536,
                      "Plans": [
                        {
                          "Node Type": "Seq Scan",
                          "Parent Relationship": "Outer",
                          "Parallel Aware": true,
                          "Relation Name": "title",
                          "Alias": "t",
                          "Startup Cost": 0.0,
                          "Total Cost": 45479.1,
                          "Plan Rows": 14659,
                          "Plan Width": 4,
                          "Actual Startup Time": 9.585,
                          "Actual Total Time": 121.564,
                          "Actual Rows": 50487,
                          "Actual Loops": 3,
                          "Filter": "((kind_id < 7) AND (production_year < 1945))",
                          "Rows Removed by Filter": 792284
                        }
                      ]
                    }
                  ]
                }
              ]
            }
          ]
        }
      ]
    },
    "Planning Time": 0.655,
    "Triggers": [],
    "Execution Time": 232.108
  }
]