{
  "Plan": {
    "Node Type": "Aggregate",
    "Strategy": "Plain",
    "Partial Mode": "Finalize",
    "Parallel Aware": false,
    "Startup Cost": 50859.13,
    "Total Cost": 50859.14,
    "Plan Rows": 1,
    "Plan Width": 8,
    "Actual Startup Time": 205.703,
    "Actual Total Time": 213.612,
    "Actual Rows": 1,
    "Actual Loops": 1,
    "Plans": [
      {
        "Node Type": "Gather",
        "Parent Relationship": "Outer",
        "Parallel Aware": false,
        "Startup Cost": 50859.02,
        "Total Cost": 50859.13,
        "Plan Rows": 1,
        "Plan Width": 8,
        "Actual Startup Time": 205.556,
        "Actual Total Time": 213.606,
        "Actual Rows": 2,
        "Actual Loops": 1,
        "Workers Planned": 1,
        "Workers Launched": 1,
        "Single Copy": false,
        "Plans": [
          {
            "Node Type": "Aggregate",
            "Strategy": "Plain",
            "Partial Mode": "Partial",
            "Parent Relationship": "Outer",
            "Parallel Aware": false,
            "Startup Cost": 49859.02,
            "Total Cost": 49859.03,
            "Plan Rows": 1,
            "Plan Width": 8,
            "Actual Startup Time": 199.454,
            "Actual Total Time": 199.458,
            "Actual Rows": 1,
            "Actual Loops": 2,
            "Plans": [
              {
                "Node Type": "Hash Join",
                "Parent Relationship": "Outer",
                "Parallel Aware": false,
                "Join Type": "Inner",
                "Startup Cost": 5196.52,
                "Total Cost": 49858.87,
                "Plan Rows": 59,
                "Plan Width": 0,
                "Actual Startup Time": 128.631,
                "Actual Total Time": 199.442,
                "Actual Rows": 40,
                "Actual Loops": 2,
                "Inner Unique": false,
                "Hash Cond": "(mc.movie_id = t.id)",
                "Plans": [
                  {
                    "Node Type": "Seq Scan",
                    "Parent Relationship": "Outer",
                    "Parallel Aware": true,
                    "Relation Name": "movie_companies",
                    "Alias": "mc",
                    "Startup Cost": 0.0,
                    "Total Cost": 41811.73,
                    "Plan Rows": 760011,
                    "Plan Width": 4,
                    "Actual Startup Time": 79.399,
                    "Actual Total Time": 158.403,
                    "Actual Rows": 663781,
                    "Actual Loops": 2,
                    "Filter": "((company_id > 6) AND (company_type_id = 2))",
                    "Rows Removed by Filter": 640784
                  },
                  {
                    "Node Type": "Hash",
                    "Parent Relationship": "Inner",
                    "Parallel Aware": false,
                    "Startup Cost": 5194.08,
                    "Total Cost": 5194.08,
                    "Plan Rows": 195,
                    "Plan Width": 8,
                    "Actual Startup Time": 3.047,
                    "Actual Total Time": 3.049,
                    "Actual Rows": 56,
                    "Actual Loops": 2,
                    "Hash Buckets": 1024,
                    "Original Hash Buckets": 1024,
                    "Hash Batches": 1,
                    "Original Hash Batches": 1,
                    "Peak Memory Usage": 11,
                    "Plans": [
                      {
                        "Node Type": "Nested Loop",
                        "Parent Relationship": "Outer",
                        "Parallel Aware": false,
                        "Join Type": "Inner",
                        "Startup Cost": 0.99,
                        "Total Cost": 5194.08,
                        "Plan Rows": 195,
                        "Plan Width": 8,
                        "Actual Startup Time": 0.189,
                        "Actual Total Time": 3.018,
                        "Actual Rows": 56,
                        "Actual Loops": 2,
                        "Inner Unique": true,
                        "Plans": [
                          {
                            "Node Type": "Index Scan",
                            "Parent Relationship": "Outer",
                            "Parallel Aware": false,
                            "Scan Direction": "Forward",
                            "Index Name": "person_id_cast_info",
                            "Relation Name": "cast_info",
                            "Alias": "ci",
                            "Startup Cost": 0.56,
                            "Total Cost": 1058.43,
                            "Plan Rows": 497,
                            "Plan Width": 4,
                            "Actual Startup Time": 0.143,
                            "Actual Total Time": 0.243,
                            "Actual Rows": 290,
                            "Actual Loops": 2,
                            "Index Cond": "(person_id = 677767)",
                            "Rows Removed by Index Recheck": 0
                          },
                          {
                            "Node Type": "Index Scan",
                            "Parent Relationship": "Inner",
                            "Parallel Aware": false,
                            "Scan Direction": "Forward",
                            "Index Name": "title_pkey",
                            "Relation Name": "title",
                            "Alias": "t",
                            "Startup Cost": 0.43,
                            "Total Cost": 8.32,
                            "Plan Rows": 1,
                            "Plan Width": 4,
                            "Actual Startup Time": 0.009,
                            "Actual Total Time": 0.009,
                            "Actual Rows": 0,
                            "Actual Loops": 580,
                            "Index Cond": "(id = ci.movie_id)",
                            "Rows Removed by Index Recheck": 0,
                            "Filter": "(kind_id < 7)",
                            "Rows Removed by Filter": 1
                          }
                        ]
                      }
                    ]
                  }
                ]
              }
            ]
          }
        ]
      }
    ]
  },
  "Planning Time": 1.169,
  "Triggers": [],
  "Execution Time": 213.703
}