[
  {
    "Plan": {
      "Node Type": "Aggregate",
      "Strategy": "Plain",
      "Partial Mode": "Finalize",
      "Parallel Aware": false,
      "Startup Cost": 31589.51,
      "Total Cost": 31589.52,
      "Plan Rows": 1,
      "Plan Width": 8,
      "Actual Startup Time": 113.502,
      "Actual Total Time": 121.428,
      "Actual Rows": 1,
      "Actual Loops": 1,
      "Plans": [
        {
          "Node Type": "Gather",
          "Parent Relationship": "Outer",
          "Parallel Aware": false,
          "Startup Cost": 31589.19,
          "Total Cost": 31589.5,
          "Plan Rows": 3,
          "Plan Width": 8,
          "Actual Startup Time": 113.37,
          "Actual Total Time": 121.42,
          "Actual Rows": 4,
          "Actual Loops": 1,
          "Workers Planned": 3,
          "Workers Launched": 3,
          "Single Copy": false,
          "Plans": [
            {
              "Node Type": "Aggregate",
              "Strategy": "Plain",
              "Partial Mode": "Partial",
              "Parent Relationship": "Outer",
              "Parallel Aware": false,
              "Startup Cost": 30589.19,
              "Total Cost": 30589.2,
              "Plan Rows": 1,
              "Plan Width": 8,
              "Actual Startup Time": 104.967,
              "Actual Total Time": 104.968,
              "Actual Rows": 1,
              "Actual Loops": 4,
              "Plans": [
                {
                  "Node Type": "Seq Scan",
                  "Parent Relationship": "Outer",
                  "Parallel Aware": true,
                  "Relation Name": "movie_companies",
                  "Alias": "mc",
                  "Startup Cost": 0.0,
                  "Total Cost": 29310.68,
                  "Plan Rows": 511404,
                  "Plan Width": 0,
                  "Actual Startup Time": 8.229,
                  "Actual Total Time": 86.851,
                  "Actual Rows": 396448,
                  "Actual Loops": 4,
                  "Filter": "(company_id > 5458)",
                  "Rows Removed by Filter": 255834
                }
              ]
            }
          ]
        }
      ]
    },
    "Planning Time": 0.166,
    "Triggers": [],
    "Execution Time": 121.477
  }
]