[
  {
    "Plan": {
      "Node Type": "Aggregate",
      "Strategy": "Plain",
      "Partial Mode": "Finalize",
      "Parallel Aware": false,
      "Startup Cost": 32879.84,
      "Total Cost": 32879.85,
      "Plan Rows": 1,
      "Plan Width": 8,
      "Actual Startup Time": 101.574,
      "Actual Total Time": 109.446,
      "Actual Rows": 1,
      "Actual Loops": 1,
      "Plans": [
        {
          "Node Type": "Gather",
          "Parent Relationship": "Outer",
          "Parallel Aware": false,
          "Startup Cost": 32879.52,
          "Total Cost": 32879.83,
          "Plan Rows": 3,
          "Plan Width": 8,
          "Actual Startup Time": 101.367,
          "Actual Total Time": 109.433,
          "Actual Rows": 4,
          "Actual Loops": 1,
          "Workers Planned": 3,
          "Workers Launched": 3,
          "Single Copy": false,
          "Plans": [
            {
              "Node Type": "Aggregate",
              "Strategy": "Plain",
              "Partial Mode": "Partial",
              "Parent Relationship": "Outer",
              "Parallel Aware": false,
              "Startup Cost": 31879.52,
              "Total Cost": 31879.53,
              "Plan Rows": 1,
              "Plan Width": 8,
              "Actual Startup Time": 96.44,
              "Actual Total Time": 96.441,
              "Actual Rows": 1,
              "Actual Loops": 4,
              "Plans": [
                {
                  "Node Type": "Seq Scan",
                  "Parent Relationship": "Outer",
                  "Parallel Aware": true,
                  "Relation Name": "movie_companies",
                  "Alias": "mc",
                  "Startup Cost": 0.0,
                  "Total Cost": 31414.82,
                  "Plan Rows": 185882,
                  "Plan Width": 0,
                  "Actual Startup Time": 0.036,
                  "Actual Total Time": 83.722,
                  "Actual Rows": 198520,
                  "Actual Loops": 4,
                  "Filter": "((company_id < 10486) AND (company_type_id < 2))",
                  "Rows Removed by Filter": 453762
                }
              ]
            }
          ]
        }
      ]
    },
    "Planning Time": 0.187,
    "Triggers": [],
    "Execution Time": 109.499
  }
]