[
  {
    "Plan": {
      "Node Type": "Aggregate",
      "Strategy": "Plain",
      "Partial Mode": "Finalize",
      "Parallel Aware": false,
      "Startup Cost": 32887.13,
      "Total Cost": 32887.14,
      "Plan Rows": 1,
      "Plan Width": 8,
      "Actual Startup Time": 97.4,
      "Actual Total Time": 105.917,
      "Actual Rows": 1,
      "Actual Loops": 1,
      "Plans": [
        {
          "Node Type": "Gather",
          "Parent Relationship": "Outer",
          "Parallel Aware": false,
          "Startup Cost": 32886.81,
          "Total Cost": 32887.12,
          "Plan Rows": 3,
          "Plan Width": 8,
          "Actual Startup Time": 97.298,
          "Actual Total Time": 105.909,
          "Actual Rows": 4,
          "Actual Loops": 1,
          "Workers Planned": 3,
          "Workers Launched": 3,
          "Single Copy": false,
          "Plans": [
            {
              "Node Type": "Aggregate",
              "Strategy": "Plain",
              "Partial Mode": "Partial",
              "Parent Relationship": "Outer",
              "Parallel Aware": false,
              "Startup Cost": 31886.81,
              "Total Cost": 31886.82,
              "Plan Rows": 1,
              "Plan Width": 8,
              "Actual Startup Time": 88.847,
              "Actual Total Time": 88.848,
              "Actual Rows": 1,
              "Actual Loops": 4,
              "Plans": [
                {
                  "Node Type": "Seq Scan",
                  "Parent Relationship": "Outer",
                  "Parallel Aware": true,
                  "Relation Name": "movie_companies",
                  "Alias": "mc",
                  "Startup Cost": 0.0,
                  "Total Cost": 31414.82,
                  "Plan Rows": 188797,
                  "Plan Width": 0,
                  "Actual Startup Time": 0.046,
                  "Actual Total Time": 76.28,
                  "Actual Rows": 198520,
                  "Actual Loops": 4,
                  "Filter": "((company_id < 10486) AND (company_type_id < 2))",
                  "Rows Removed by Filter": 453762
                }
              ]
            }
          ]
        }
      ]
    },
    "Planning Time": 0.193,
    "Triggers": [],
    "Execution Time": 105.969
  }
]