[
  {
    "Plan": {
      "Node Type": "Aggregate",
      "Strategy": "Plain",
      "Partial Mode": "Finalize",
      "Parallel Aware": false,
      "Startup Cost": 69246.41,
      "Total Cost": 69246.42,
      "Plan Rows": 1,
      "Plan Width": 8,
      "Actual Startup Time": 209.85,
      "Actual Total Time": 221.57,
      "Actual Rows": 1,
      "Actual Loops": 1,
      "Plans": [
        {
          "Node Type": "Gather",
          "Parent Relationship": "Outer",
          "Parallel Aware": false,
          "Startup Cost": 69246.2,
          "Total Cost": 69246.41,
          "Plan Rows": 2,
          "Plan Width": 8,
          "Actual Startup Time": 208.97,
          "Actual Total Time": 221.56,
          "Actual Rows": 3,
          "Actual Loops": 1,
          "Workers Planned": 2,
          "Workers Launched": 2,
          "Single Copy": false,
          "Plans": [
            {
              "Node Type": "Aggregate",
              "Strategy": "Plain",
              "Partial Mode": "Partial",
              "Parent Relationship": "Outer",
              "Parallel Aware": false,
              "Startup Cost": 68246.2,
              "Total Cost": 68246.21,
              "Plan Rows": 1,
              "Plan Width": 8,
              "Actual Startup Time": 200.614,
              "Actual Total Time": 200.617,
              "Actual Rows": 1,
              "Actual Loops": 3,
              "Plans": [
                {
                  "Node Type": "Nested Loop",
                  "Parent Relationship": "Outer",
                  "Parallel Aware": false,
                  "Join Type": "Inner",
                  "Startup Cost": 38973.67,
                  "Total Cost": 68198.12,
                  "Plan Rows": 19232,
                  "Plan Width": 0,
                  "Actual Startup Time": 93.747,
                  "Actual Total Time": 198.738,
                  "Actual Rows": 38375,
                  "Actual Loops": 3,
                  "Inner Unique": false,
                  "Join Filter": "(t.id = mc.movie_id)",
                  "Rows Removed by Join Filter": 0,
                  "Plans": [
                    {
                      "Node Type": "Hash Join",
                      "Parent Relationship": "Outer",
                      "Parallel Aware": true,
                      "Join Type": "Inner",
                      "Startup Cost": 38973.24,
                      "Total Cost": 55108.08,
                      "Plan Rows": 18637,
                      "Plan Width": 8,
                      "Actual Startup Time": 93.661,
                      "Actual Total Time": 139.641,
                      "Actual Rows": 18567,
                      "Actual Loops": 3,
                      "Inner Unique": true,
                      "Hash Cond": "(mi_idx.movie_id = t.id)",
                      "Plans": [
                        {
                          "Node Type": "Seq Scan",
                          "Parent Relationship": "Outer",
                          "Parallel Aware": true,
                          "Relation Name": "movie_info_idx",
                          "Alias": "mi_idx",
                          "Startup Cost": 0.0,
                          "Total Cost": 15122.68,
                          "Plan Rows": 385585,
                          "Plan Width": 4,
                          "Actual Startup Time": 0.024,
                          "Actual Total Time": 40.949,
                          "Actual Rows": 306703,
                          "Actual Loops": 3,
                          "Filter": "(info_type_id > 99)",
                          "Rows Removed by Filter": 153308
                        },
                        {
                          "Node Type": "Hash",
                          "Parent Relationship": "Inner",
                          "Parallel Aware": true,
                          "Startup Cost": 38591.37,
                          "Total Cost": 38591.37,
                          "Plan Rows": 30550,
                          "Plan Width": 4,
                          "Actual Startup Time": 62.736,
                          "Actual Total Time": 62.737,
                          "Actual Rows": 39411,
                          "Actual Loops": 3,
                          "Hash Buckets": 131072,
                          "Original Hash Buckets": 131072,
                          "Hash Batches": 1,
                          "Original Hash Batches": 1,
                          "Peak Memory Usage": 5728,
                          "Plans": [
                            {
                              "Node Type": "Bitmap Heap Scan",
                              "Parent Relationship": "Outer",
                              "Parallel Aware": true,
                              "Relation Name": "title",
                              "Alias": "t",
                              "Startup Cost": 2211.49,
                              "Total Cost": 38591.37,
                              "Plan Rows": 30550,
                              "Plan Width": 4,
                              "Actual Startup Time": 13.895,
                              "Actual Total Time": 50.552,
                              "Actual Rows": 39411,
                              "Actual Loops": 3,
                              "Recheck Cond": "(kind_id = 4)",
                              "Rows Removed by Index Recheck": 0,
                              "Exact Heap Blocks": 8245,
                              "Lossy Heap Blocks": 0,
                              "Plans": [
                                {
                                  "Node Type": "Bitmap Index Scan",
                                  "Parent Relationship": "Outer",
                                  "Parallel Aware": false,
                                  "Index Name": "kind_id_title",
                                  "Startup Cost": 0.0,
                                  "Total Cost": 2180.94,
                                  "Plan Rows": 122201,
                                  "Plan Width": 0,
                                  "Actual Startup Time": 14.489,
                                  "Actual Total Time": 14.49,
                                  "Actual Rows": 118234,
                                  "Actual Loops": 1,
                                  "Index Cond": "(kind_id = 4)"
                                }
                              ]
                            }
                          ]
                        }
                      ]
                    },
                    {
                      "Node Type": "Index Only Scan",
                      "Parent Relationship": "Inner",
                      "Parallel Aware": false,
                      "Scan Direction": "Forward",
                      "Index Name": "movie_id_movie_companies",
                      "Relation Name": "movie_companies",
                      "Alias": "mc",
                      "Startup Cost": 0.43,
                      "Total Cost": 0.64,
                      "Plan Rows": 5,
                      "Plan Width": 4,
                      "Actual Startup Time": 0.002,
                      "Actual Total Time": 0.003,
                      "Actual Rows": 2,
                      "Actual Loops": 55700,
                      "Index Cond": "(movie_id = mi_idx.movie_id)",
                      "Rows Removed by Index Recheck": 0,
                      "Heap Fetches": 115126
                    }
                  ]
                }
              ]
            }
          ]
        }
      ]
    },
    "Planning Time": 1.392,
    "Triggers": [],
    "Execution Time": 221.674
  }
]