{
  "Plan": {
    "Node Type": "Aggregate",
    "Strategy": "Plain",
    "Partial Mode": "Finalize",
    "Parallel Aware": false,
    "Startup Cost": 746438.15,
    "Total Cost": 746438.16,
    "Plan Rows": 1,
    "Plan Width": 8,
    "Actual Startup Time": 8107.129,
    "Actual Total Time": 8214.603,
    "Actual Rows": 1,
    "Actual Loops": 1,
    "Plans": [
      {
        "Node Type": "Gather",
        "Parent Relationship": "Outer",
        "Parallel Aware": false,
        "Startup Cost": 746438.04,
        "Total Cost": 746438.15,
        "Plan Rows": 1,
        "Plan Width": 8,
        "Actual Startup Time": 8086.296,
        "Actual Total Time": 8214.593,
        "Actual Rows": 2,
        "Actual Loops": 1,
        "Workers Planned": 1,
        "Workers Launched": 1,
        "Single Copy": false,
        "Plans": [
          {
            "Node Type": "Aggregate",
            "Strategy": "Plain",
            "Partial Mode": "Partial",
            "Parent Relationship": "Outer",
            "Parallel Aware": false,
            "Startup Cost": 745438.04,
            "Total Cost": 745438.05,
            "Plan Rows": 1,
            "Plan Width": 8,
            "Actual Startup Time": 8060.574,
            "Actual Total Time": 8063.379,
            "Actual Rows": 1,
            "Actual Loops": 2,
            "Plans": [
              {
                "Node Type": "Hash Join",
                "Parent Relationship": "Outer",
                "Parallel Aware": true,
                "Join Type": "Inner",
                "Startup Cost": 694274.51,
                "Total Cost": 740809.31,
                "Plan Rows": 1851494,
                "Plan Width": 0,
                "Actual Startup Time": 6978.897,
                "Actual Total Time": 7812.823,
                "Actual Rows": 6074911,
                "Actual Loops": 2,
                "Inner Unique": false,
                "Hash Cond": "(mk.movie_id = t.id)",
                "Plans": [
                  {
                    "Node Type": "Bitmap Heap Scan",
                    "Parent Relationship": "Outer",
                    "Parallel Aware": true,
                    "Relation Name": "movie_keyword",
                    "Alias": "mk",
                    "Startup Cost": 18990.02,
                    "Total Cost": 50026.16,
                    "Plan Rows": 526572,
                    "Plan Width": 4,
                    "Actual Startup Time": 45.365,
                    "Actual Total Time": 145.025,
                    "Actual Rows": 452655,
                    "Actual Loops": 2,
                    "Recheck Cond": "(keyword_id < 862)",
                    "Rows Removed by Index Recheck": 0,
                    "Exact Heap Blocks": 12419,
                    "Lossy Heap Blocks": 0,
                    "Plans": [
                      {
                        "Node Type": "Bitmap Index Scan",
                        "Parent Relationship": "Outer",
                        "Parallel Aware": false,
                        "Index Name": "keyword_id_movie_keyword",
                        "Startup Cost": 0.0,
                        "Total Cost": 18766.22,
                        "Plan Rows": 895172,
                        "Plan Width": 0,
                        "Actual Startup Time": 41.8,
                        "Actual Total Time": 41.801,
                        "Actual Rows": 905310,
                        "Actual Loops": 1,
                        "Index Cond": "(keyword_id < 862)"
                      }
                    ]
                  },
                  {
                    "Node Type": "Hash",
                    "Parent Relationship": "Inner",
                    "Parallel Aware": true,
                    "Startup Cost": 609918.31,
                    "Total Cost": 609918.31,
                    "Plan Rows": 5229295,
                    "Plan Width": 8,
                    "Actual Startup Time": 6876.968,
                    "Actual Total Time": 6879.771,
                    "Actual Rows": 5755644,
                    "Actual Loops": 2,
                    "Hash Buckets": 16777216,
                    "Original Hash Buckets": 16777216,
                    "Hash Batches": 1,
                    "Original Hash Batches": 1,
                    "Peak Memory Usage": 581408,
                    "Plans": [
                      {
                        "Node Type": "Hash Join",
                        "Parent Relationship": "Outer",
                        "Parallel Aware": true,
                        "Join Type": "Inner",
                        "Startup Cost": 69461.26,
                        "Total Cost": 609918.31,
                        "Plan Rows": 5229295,
                        "Plan Width": 8,
                        "Actual Startup Time": 562.447,
                        "Actual Total Time": 4816.63,
                        "Actual Rows": 5755644,
                        "Actual Loops": 2,
                        "Inner Unique": true,
                        "Hash Cond": "(ci.movie_id = t.id)",
                        "Plans": [
                          {
                            "Node Type": "Index Scan",
                            "Parent Relationship": "Outer",
                            "Parallel Aware": true,
                            "Scan Direction": "Forward",
                            "Index Name": "role_id_cast_info",
                            "Relation Name": "cast_info",
                            "Alias": "ci",
                            "Startup Cost": 0.56,
                            "Total Cost": 526730.69,
                            "Plan Rows": 5229295,
                            "Plan Width": 4,
                            "Actual Startup Time": 0.107,
                            "Actual Total Time": 1384.23,
                            "Actual Rows": 5755644,
                            "Actual Loops": 2,
                            "Index Cond": "(role_id > 2)",
                            "Rows Removed by Index Recheck": 0,
                            "Filter": "(person_id > 1641431)",
                            "Rows Removed by Filter": 2305198
                          },
                          {
                            "Node Type": "Hash",
                            "Parent Relationship": "Inner",
                            "Parallel Aware": true,
                            "Startup Cost": 50870.31,
                            "Total Cost": 50870.31,
                            "Plan Rows": 1487231,
                            "Plan Width": 4,
                            "Actual Startup Time": 550.852,
                            "Actual Total Time": 550.853,
                            "Actual Rows": 1264156,
                            "Actual Loops": 2,
                            "Hash Buckets": 4194304,
                            "Original Hash Buckets": 4194304,
                            "Hash Batches": 1,
                            "Original Hash Batches": 1,
                            "Peak Memory Usage": 131712,
                            "Plans": [
                              {
                                "Node Type": "Seq Scan",
                                "Parent Relationship": "Outer",
                                "Parallel Aware": true,
                                "Relation Name": "title",
                                "Alias": "t",
                                "Startup Cost": 0.0,
                                "Total Cost": 50870.31,
                                "Plan Rows": 1487231,
                                "Plan Width": 4,
                                "Actual Startup Time": 0.034,
                                "Actual Total Time": 159.126,
                                "Actual Rows": 1264156,
                                "Actual Loops": 2
                              }
                            ]
                          }
                        ]
                      }
                    ]
                  }
                ]
              }
            ]
          }
        ]
      }
    ]
  },
  "Planning Time": 0.728,
  "Triggers": [],
  "Execution Time": 8214.689
}