[
  {
    "Plan": {
      "Node Type": "Aggregate",
      "Strategy": "Plain",
      "Partial Mode": "Finalize",
      "Parallel Aware": false,
      "Startup Cost": 108788.41,
      "Total Cost": 108788.42,
      "Plan Rows": 1,
      "Plan Width": 8,
      "Actual Startup Time": 572.809,
      "Actual Total Time": 594.986,
      "Actual Rows": 1,
      "Actual Loops": 1,
      "Plans": [
        {
          "Node Type": "Gather",
          "Parent Relationship": "Outer",
          "Parallel Aware": false,
          "Startup Cost": 108788.19,
          "Total Cost": 108788.4,
          "Plan Rows": 2,
          "Plan Width": 8,
          "Actual Startup Time": 571.873,
          "Actual Total Time": 594.979,
          "Actual Rows": 3,
          "Actual Loops": 1,
          "Workers Planned": 2,
          "Workers Launched": 2,
          "Single Copy": false,
          "Plans": [
            {
              "Node Type": "Aggregate",
              "Strategy": "Plain",
              "Partial Mode": "Partial",
              "Parent Relationship": "Outer",
              "Parallel Aware": false,
              "Startup Cost": 107788.19,
              "Total Cost": 107788.2,
              "Plan Rows": 1,
              "Plan Width": 8,
              "Actual Startup Time": 565.229,
              "Actual Total Time": 565.236,
              "Actual Rows": 1,
              "Actual Loops": 3,
              "Plans": [
                {
                  "Node Type": "Hash Join",
                  "Parent Relationship": "Outer",
                  "Parallel Aware": true,
                  "Join Type": "Inner",
                  "Startup Cost": 91659.03,
                  "Total Cost": 107662.57,
                  "Plan Rows": 50249,
                  "Plan Width": 0,
                  "Actual Startup Time": 455.801,
                  "Actual Total Time": 558.57,
                  "Actual Rows": 135572,
                  "Actual Loops": 3,
                  "Inner Unique": false,
                  "Hash Cond": "(mi_idx.movie_id = t.id)",
                  "Plans": [
                    {
                      "Node Type": "Seq Scan",
                      "Parent Relationship": "Outer",
                      "Parallel Aware": true,
                      "Relation Name": "movie_info_idx",
                      "Alias": "mi_idx",
                      "Startup Cost": 0.0,
                      "Total Cost": 13685.15,
                      "Plan Rows": 575015,
                      "Plan Width": 4,
                      "Actual Startup Time": 0.018,
                      "Actual Total Time": 43.731,
                      "Actual Rows": 460012,
                      "Actual Loops": 3
                    },
                    {
                      "Node Type": "Hash",
                      "Parent Relationship": "Inner",
                      "Parallel Aware": true,
                      "Startup Cost": 90768.09,
                      "Total Cost": 90768.09,
                      "Plan Rows": 71275,
                      "Plan Width": 8,
                      "Actual Startup Time": 452.472,
                      "Actual Total Time": 452.477,
                      "Actual Rows": 66672,
                      "Actual Loops": 3,
                      "Hash Buckets": 262144,
                      "Original Hash Buckets": 262144,
                      "Hash Batches": 1,
                      "Original Hash Batches": 1,
                      "Peak Memory Usage": 9920,
                      "Plans": [
                        {
                          "Node Type": "Hash Join",
                          "Parent Relationship": "Outer",
                          "Parallel Aware": true,
                          "Join Type": "Inner",
                          "Startup Cost": 44290.17,
                          "Total Cost": 90768.09,
                          "Plan Rows": 71275,
                          "Plan Width": 8,
                          "Actual Startup Time": 141.71,
                          "Actual Total Time": 436.948,
                          "Actual Rows": 66672,
                          "Actual Loops": 3,
                          "Inner Unique": true,
                          "Hash Cond": "(mk.movie_id = t.id)",
                          "Plans": [
                            {
                              "Node Type": "Seq Scan",
                              "Parent Relationship": "Outer",
                              "Parallel Aware": true,
                              "Relation Name": "movie_keyword",
                              "Alias": "mk",
                              "Startup Cost": 0.0,
                              "Total Cost": 42695.65,
                              "Plan Rows": 1440859,
                              "Plan Width": 4,
                              "Actual Startup Time": 0.035,
                              "Actual Total Time": 169.764,
                              "Actual Rows": 1489814,
                              "Actual Loops": 3,
                              "Filter": "(keyword_id > 52)",
                              "Rows Removed by Filter": 18162
                            },
                            {
                              "Node Type": "Hash",
                              "Parent Relationship": "Inner",
                              "Parallel Aware": true,
                              "Startup Cost": 43899.32,
                              "Total Cost": 43899.32,
                              "Plan Rows": 31268,
                              "Plan Width": 4,
                              "Actual Startup Time": 140.65,
                              "Actual Total Time": 140.651,
                              "Actual Rows": 40954,
                              "Actual Loops": 3,
                              "Hash Buckets": 131072,
                              "Original Hash Buckets": 131072,
                              "Hash Batches": 1,
                              "Original Hash Batches": 1,
                              "Peak Memory Usage": 5856,
                              "Plans": [
                                {
                                  "Node Type": "Seq Scan",
                                  "Parent Relationship": "Outer",
                                  "Parallel Aware": true,
                                  "Relation Name": "title",
                                  "Alias": "t",
                                  "Startup Cost": 0.0,
                                  "Total Cost": 43899.32,
                                  "Plan Rows": 31268,
                                  "Plan Width": 4,
                                  "Actual Startup Time": 0.036,
                                  "Actual Total Time": 124.12,
                                  "Actual Rows": 40954,
                                  "Actual Loops": 3,
                                  "Filter": "(production_year = 2008)",
                                  "Rows Removed by Filter": 801817
                                }
                              ]
                            }
                          ]
                        }
                      ]
                    }
                  ]
                }
              ]
            }
          ]
        }
      ]
    },
    "Planning Time": 1.443,
    "Triggers": [],
    "Execution Time": 595.065
  }
]