[
  {
    "Plan": {
      "Node Type": "Aggregate",
      "Strategy": "Plain",
      "Partial Mode": "Finalize",
      "Parallel Aware": false,
      "Startup Cost": 390879.62,
      "Total Cost": 390879.63,
      "Plan Rows": 1,
      "Plan Width": 8,
      "Actual Startup Time": 1738.889,
      "Actual Total Time": 1789.153,
      "Actual Rows": 1,
      "Actual Loops": 1,
      "Plans": [
        {
          "Node Type": "Gather",
          "Parent Relationship": "Outer",
          "Parallel Aware": false,
          "Startup Cost": 390878.99,
          "Total Cost": 390879.6,
          "Plan Rows": 6,
          "Plan Width": 8,
          "Actual Startup Time": 1723.779,
          "Actual Total Time": 1789.135,
          "Actual Rows": 7,
          "Actual Loops": 1,
          "Workers Planned": 6,
          "Workers Launched": 6,
          "Single Copy": false,
          "Plans": [
            {
              "Node Type": "Aggregate",
              "Strategy": "Plain",
              "Partial Mode": "Partial",
              "Parent Relationship": "Outer",
              "Parallel Aware": false,
              "Startup Cost": 389878.99,
              "Total Cost": 389879.0,
              "Plan Rows": 1,
              "Plan Width": 8,
              "Actual Startup Time": 1709.508,
              "Actual Total Time": 1709.511,
              "Actual Rows": 1,
              "Actual Loops": 7,
              "Plans": [
                {
                  "Node Type": "Hash Join",
                  "Parent Relationship": "Outer",
                  "Parallel Aware": true,
                  "Join Type": "Inner",
                  "Startup Cost": 50220.38,
                  "Total Cost": 384294.99,
                  "Plan Rows": 2233601,
                  "Plan Width": 0,
                  "Actual Startup Time": 243.756,
                  "Actual Total Time": 1624.677,
                  "Actual Rows": 1931386,
                  "Actual Loops": 7,
                  "Inner Unique": true,
                  "Hash Cond": "(ci.movie_id = t.id)",
                  "Plans": [
                    {
                      "Node Type": "Seq Scan",
                      "Parent Relationship": "Outer",
                      "Parallel Aware": true,
                      "Relation Name": "cast_info",
                      "Alias": "ci",
                      "Startup Cost": 0.0,
                      "Total Cost": 328211.39,
                      "Plan Rows": 2233601,
                      "Plan Width": 4,
                      "Actual Startup Time": 0.04,
                      "Actual Total Time": 546.353,
                      "Actual Rows": 1931386,
                      "Actual Loops": 7,
                      "Filter": "(person_id < 1332620)",
                      "Rows Removed by Filter": 3246378
                    },
                    {
                      "Node Type": "Hash",
                      "Parent Relationship": "Inner",
                      "Parallel Aware": true,
                      "Startup Cost": 42319.06,
                      "Total Cost": 42319.06,
                      "Plan Rows": 632106,
                      "Plan Width": 4,
                      "Actual Startup Time": 238.839,
                      "Actual Total Time": 238.84,
                      "Actual Rows": 361187,
                      "Actual Loops": 7,
                      "Hash Buckets": 4194304,
                      "Original Hash Buckets": 4194304,
                      "Hash Batches": 1,
                      "Original Hash Batches": 1,
                      "Peak Memory Usage": 131808,
                      "Plans": [
                        {
                          "Node Type": "Seq Scan",
                          "Parent Relationship": "Outer",
                          "Parallel Aware": true,
                          "Relation Name": "title",
                          "Alias": "t",
                          "Startup Cost": 0.0,
                          "Total Cost": 42319.06,
                          "Plan Rows": 632106,
                          "Plan Width": 4,
                          "Actual Startup Time": 0.038,
                          "Actual Total Time": 72.388,
                          "Actual Rows": 361187,
                          "Actual Loops": 7
                        }
                      ]
                    }
                  ]
                }
              ]
            }
          ]
        }
      ]
    },
    "Planning Time": 0.247,
    "Triggers": [],
    "Execution Time": 1789.206
  }
]