{
  "Plan": {
    "Node Type": "Aggregate",
    "Strategy": "Plain",
    "Partial Mode": "Finalize",
    "Parallel Aware": false,
    "Startup Cost": 552142.75,
    "Total Cost": 552142.76,
    "Plan Rows": 1,
    "Plan Width": 8,
    "Actual Startup Time": 1381.436,
    "Actual Total Time": 1439.8,
    "Actual Rows": 1,
    "Actual Loops": 1,
    "Plans": [
      {
        "Node Type": "Gather",
        "Parent Relationship": "Outer",
        "Parallel Aware": false,
        "Startup Cost": 552142.64,
        "Total Cost": 552142.75,
        "Plan Rows": 1,
        "Plan Width": 8,
        "Actual Startup Time": 1378.054,
        "Actual Total Time": 1439.791,
        "Actual Rows": 2,
        "Actual Loops": 1,
        "Workers Planned": 1,
        "Workers Launched": 1,
        "Single Copy": false,
        "Plans": [
          {
            "Node Type": "Aggregate",
            "Strategy": "Plain",
            "Partial Mode": "Partial",
            "Parent Relationship": "Outer",
            "Parallel Aware": false,
            "Startup Cost": 551142.64,
            "Total Cost": 551142.65,
            "Plan Rows": 1,
            "Plan Width": 8,
            "Actual Startup Time": 1370.288,
            "Actual Total Time": 1370.295,
            "Actual Rows": 1,
            "Actual Loops": 2,
            "Plans": [
              {
                "Node Type": "Nested Loop",
                "Parent Relationship": "Outer",
                "Parallel Aware": false,
                "Join Type": "Inner",
                "Startup Cost": 66689.03,
                "Total Cost": 548411.27,
                "Plan Rows": 1092546,
                "Plan Width": 0,
                "Actual Startup Time": 413.615,
                "Actual Total Time": 1322.697,
                "Actual Rows": 1041326,
                "Actual Loops": 2,
                "Inner Unique": false,
                "Plans": [
                  {
                    "Node Type": "Hash Join",
                    "Parent Relationship": "Outer",
                    "Parallel Aware": true,
                    "Join Type": "Inner",
                    "Startup Cost": 66688.59,
                    "Total Cost": 109588.12,
                    "Plan Rows": 186846,
                    "Plan Width": 8,
                    "Actual Startup Time": 413.558,
                    "Actual Total Time": 571.68,
                    "Actual Rows": 114080,
                    "Actual Loops": 2,
                    "Inner Unique": true,
                    "Hash Cond": "(mc.movie_id = t.id)",
                    "Plans": [
                      {
                        "Node Type": "Seq Scan",
                        "Parent Relationship": "Outer",
                        "Parallel Aware": true,
                        "Relation Name": "movie_companies",
                        "Alias": "mc",
                        "Startup Cost": 0.0,
                        "Total Cost": 41811.73,
                        "Plan Rows": 414399,
                        "Plan Width": 4,
                        "Actual Startup Time": 52.389,
                        "Actual Total Time": 112.306,
                        "Actual Rows": 223942,
                        "Actual Loops": 2,
                        "Filter": "((company_id < 11964) AND (company_type_id = 2))",
                        "Rows Removed by Filter": 1080622
                      },
                      {
                        "Node Type": "Hash",
                        "Parent Relationship": "Inner",
                        "Parallel Aware": true,
                        "Startup Cost": 58306.47,
                        "Total Cost": 58306.47,
                        "Plan Rows": 670570,
                        "Plan Width": 4,
                        "Actual Startup Time": 345.921,
                        "Actual Total Time": 345.922,
                        "Actual Rows": 547790,
                        "Actual Loops": 2,
                        "Hash Buckets": 2097152,
                        "Original Hash Buckets": 2097152,
                        "Hash Batches": 1,
                        "Original Hash Batches": 1,
                        "Peak Memory Usage": 59264,
                        "Plans": [
                          {
                            "Node Type": "Seq Scan",
                            "Parent Relationship": "Outer",
                            "Parallel Aware": true,
                            "Relation Name": "title",
                            "Alias": "t",
                            "Startup Cost": 0.0,
                            "Total Cost": 58306.47,
                            "Plan Rows": 670570,
                            "Plan Width": 4,
                            "Actual Startup Time": 0.027,
                            "Actual Total Time": 169.895,
                            "Actual Rows": 547790,
                            "Actual Loops": 2,
                            "Filter": "((kind_id > 1) AND (production_year < 2007))",
                            "Rows Removed by Filter": 716366
                          }
                        ]
                      }
                    ]
                  },
                  {
                    "Node Type": "Index Only Scan",
                    "Parent Relationship": "Inner",
                    "Parallel Aware": false,
                    "Scan Direction": "Forward",
                    "Index Name": "movie_id_movie_info",
                    "Relation Name": "movie_info",
                    "Alias": "mi",
                    "Startup Cost": 0.43,
                    "Total Cost": 1.93,
                    "Plan Rows": 42,
                    "Plan Width": 4,
                    "Actual Startup Time": 0.002,
                    "Actual Total Time": 0.006,
                    "Actual Rows": 9,
                    "Actual Loops": 228161,
                    "Index Cond": "(movie_id = t.id)",
                    "Rows Removed by Index Recheck": 0,
                    "Heap Fetches": 2082652
                  }
                ]
              }
            ]
          }
        ]
      }
    ]
  },
  "Planning Time": 0.742,
  "Triggers": [],
  "Execution Time": 1439.877
}