{
  "Plan": {
    "Node Type": "Aggregate",
    "Strategy": "Plain",
    "Partial Mode": "Finalize",
    "Parallel Aware": false,
    "Startup Cost": 448332.5,
    "Total Cost": 448332.51,
    "Plan Rows": 1,
    "Plan Width": 8,
    "Actual Startup Time": 987.296,
    "Actual Total Time": 1015.98,
    "Actual Rows": 1,
    "Actual Loops": 1,
    "Plans": [
      {
        "Node Type": "Gather",
        "Parent Relationship": "Outer",
        "Parallel Aware": false,
        "Startup Cost": 448332.39,
        "Total Cost": 448332.5,
        "Plan Rows": 1,
        "Plan Width": 8,
        "Actual Startup Time": 986.58,
        "Actual Total Time": 1015.969,
        "Actual Rows": 2,
        "Actual Loops": 1,
        "Workers Planned": 1,
        "Workers Launched": 1,
        "Single Copy": false,
        "Plans": [
          {
            "Node Type": "Aggregate",
            "Strategy": "Plain",
            "Partial Mode": "Partial",
            "Parent Relationship": "Outer",
            "Parallel Aware": false,
            "Startup Cost": 447332.39,
            "Total Cost": 447332.4,
            "Plan Rows": 1,
            "Plan Width": 8,
            "Actual Startup Time": 980.923,
            "Actual Total Time": 980.931,
            "Actual Rows": 1,
            "Actual Loops": 2,
            "Plans": [
              {
                "Node Type": "Hash Join",
                "Parent Relationship": "Outer",
                "Parallel Aware": true,
                "Join Type": "Inner",
                "Startup Cost": 150928.6,
                "Total Cost": 447296.78,
                "Plan Rows": 14244,
                "Plan Width": 0,
                "Actual Startup Time": 409.178,
                "Actual Total Time": 979.643,
                "Actual Rows": 18436,
                "Actual Loops": 2,
                "Inner Unique": true,
                "Hash Cond": "(ci.movie_id = t.id)",
                "Plans": [
                  {
                    "Node Type": "Bitmap Heap Scan",
                    "Parent Relationship": "Outer",
                    "Parallel Aware": true,
                    "Relation Name": "cast_info",
                    "Alias": "ci",
                    "Startup Cost": 96205.12,
                    "Total Cost": 387428.01,
                    "Plan Rows": 1960107,
                    "Plan Width": 4,
                    "Actual Startup Time": 247.053,
                    "Actual Total Time": 623.461,
                    "Actual Rows": 1964778,
                    "Actual Loops": 2,
                    "Recheck Cond": "(person_id < 431543)",
                    "Rows Removed by Index Recheck": 0,
                    "Filter": "(role_id < 6)",
                    "Rows Removed by Filter": 267651,
                    "Exact Heap Blocks": 30941,
                    "Lossy Heap Blocks": 0,
                    "Plans": [
                      {
                        "Node Type": "Bitmap Index Scan",
                        "Parent Relationship": "Outer",
                        "Parallel Aware": false,
                        "Index Name": "person_id_cast_info",
                        "Startup Cost": 0.0,
                        "Total Cost": 95372.07,
                        "Plan Rows": 4367401,
                        "Plan Width": 0,
                        "Actual Startup Time": 235.19,
                        "Actual Total Time": 235.191,
                        "Actual Rows": 4464859,
                        "Actual Loops": 1,
                        "Index Cond": "(person_id < 431543)"
                      }
                    ]
                  },
                  {
                    "Node Type": "Hash",
                    "Parent Relationship": "Inner",
                    "Parallel Aware": true,
                    "Startup Cost": 54588.39,
                    "Total Cost": 54588.39,
                    "Plan Rows": 10807,
                    "Plan Width": 4,
                    "Actual Startup Time": 161.141,
                    "Actual Total Time": 161.142,
                    "Actual Rows": 10061,
                    "Actual Loops": 2,
                    "Hash Buckets": 32768,
                    "Original Hash Buckets": 32768,
                    "Hash Batches": 1,
                    "Original Hash Batches": 1,
                    "Peak Memory Usage": 1088,
                    "Plans": [
                      {
                        "Node Type": "Seq Scan",
                        "Parent Relationship": "Outer",
                        "Parallel Aware": true,
                        "Relation Name": "title",
                        "Alias": "t",
                        "Startup Cost": 0.0,
                        "Total Cost": 54588.39,
                        "Plan Rows": 10807,
                        "Plan Width": 4,
                        "Actual Startup Time": 0.159,
                        "Actual Total Time": 156.182,
                        "Actual Rows": 10061,
                        "Actual Loops": 2,
                        "Filter": "(production_year = 1987)",
                        "Rows Removed by Filter": 1254095
                      }
                    ]
                  }
                ]
              }
            ]
          }
        ]
      }
    ]
  },
  "Planning Time": 0.302,
  "Triggers": [],
  "Execution Time": 1016.043
}