{
  "Plan": {
    "Node Type": "Aggregate",
    "Strategy": "Plain",
    "Partial Mode": "Finalize",
    "Parallel Aware": false,
    "Startup Cost": 460651.19,
    "Total Cost": 460651.2,
    "Plan Rows": 1,
    "Plan Width": 8,
    "Actual Startup Time": 1379.846,
    "Actual Total Time": 1423.527,
    "Actual Rows": 1,
    "Actual Loops": 1,
    "Plans": [
      {
        "Node Type": "Gather",
        "Parent Relationship": "Outer",
        "Parallel Aware": false,
        "Startup Cost": 460651.08,
        "Total Cost": 460651.19,
        "Plan Rows": 1,
        "Plan Width": 8,
        "Actual Startup Time": 1379.622,
        "Actual Total Time": 1423.52,
        "Actual Rows": 2,
        "Actual Loops": 1,
        "Workers Planned": 1,
        "Workers Launched": 1,
        "Single Copy": false,
        "Plans": [
          {
            "Node Type": "Aggregate",
            "Strategy": "Plain",
            "Partial Mode": "Partial",
            "Parent Relationship": "Outer",
            "Parallel Aware": false,
            "Startup Cost": 459651.08,
            "Total Cost": 459651.09,
            "Plan Rows": 1,
            "Plan Width": 8,
            "Actual Startup Time": 1373.458,
            "Actual Total Time": 1373.462,
            "Actual Rows": 1,
            "Actual Loops": 2,
            "Plans": [
              {
                "Node Type": "Nested Loop",
                "Parent Relationship": "Outer",
                "Parallel Aware": false,
                "Join Type": "Inner",
                "Startup Cost": 54693.48,
                "Total Cost": 459643.05,
                "Plan Rows": 3209,
                "Plan Width": 0,
                "Actual Startup Time": 142.087,
                "Actual Total Time": 1372.768,
                "Actual Rows": 9456,
                "Actual Loops": 2,
                "Inner Unique": false,
                "Join Filter": "(t.id = mc.movie_id)",
                "Rows Removed by Join Filter": 0,
                "Plans": [
                  {
                    "Node Type": "Hash Join",
                    "Parent Relationship": "Outer",
                    "Parallel Aware": true,
                    "Join Type": "Inner",
                    "Startup Cost": 54693.05,
                    "Total Cost": 454938.88,
                    "Plan Rows": 7632,
                    "Plan Width": 8,
                    "Actual Startup Time": 141.681,
                    "Actual Total Time": 1299.031,
                    "Actual Rows": 13248,
                    "Actual Loops": 2,
                    "Inner Unique": true,
                    "Hash Cond": "(ci.movie_id = t.id)",
                    "Plans": [
                      {
                        "Node Type": "Index Scan",
                        "Parent Relationship": "Outer",
                        "Parallel Aware": true,
                        "Scan Direction": "Forward",
                        "Index Name": "role_id_cast_info",
                        "Relation Name": "cast_info",
                        "Alias": "ci",
                        "Startup Cost": 0.56,
                        "Total Cost": 396668.75,
                        "Plan Rows": 1362906,
                        "Plan Width": 4,
                        "Actual Startup Time": 0.112,
                        "Actual Total Time": 857.448,
                        "Actual Rows": 3094438,
                        "Actual Loops": 2,
                        "Index Cond": "(role_id > 3)",
                        "Rows Removed by Index Recheck": 0,
                        "Filter": "(person_id > 2995379)",
                        "Rows Removed by Filter": 2962386
                      },
                      {
                        "Node Type": "Hash",
                        "Parent Relationship": "Inner",
                        "Parallel Aware": true,
                        "Startup Cost": 54588.39,
                        "Total Cost": 54588.39,
                        "Plan Rows": 8328,
                        "Plan Width": 4,
                        "Actual Startup Time": 140.179,
                        "Actual Total Time": 140.18,
                        "Actual Rows": 7174,
                        "Actual Loops": 2,
                        "Hash Buckets": 16384,
                        "Original Hash Buckets": 16384,
                        "Hash Batches": 1,
                        "Original Hash Batches": 1,
                        "Peak Memory Usage": 736,
                        "Plans": [
                          {
                            "Node Type": "Seq Scan",
                            "Parent Relationship": "Outer",
                            "Parallel Aware": true,
                            "Relation Name": "title",
                            "Alias": "t",
                            "Startup Cost": 0.0,
                            "Total Cost": 54588.39,
                            "Plan Rows": 8328,
                            "Plan Width": 4,
                            "Actual Startup Time": 0.116,
                            "Actual Total Time": 137.613,
                            "Actual Rows": 7174,
                            "Actual Loops": 2,
                            "Filter": "(production_year = 1969)",
                            "Rows Removed by Filter": 1256982
                          }
                        ]
                      }
                    ]
                  },
                  {
                    "Node Type": "Index Scan",
                    "Parent Relationship": "Inner",
                    "Parallel Aware": false,
                    "Scan Direction": "Forward",
                    "Index Name": "movie_id_movie_companies",
                    "Relation Name": "movie_companies",
                    "Alias": "mc",
                    "Startup Cost": 0.43,
                    "Total Cost": 0.59,
                    "Plan Rows": 2,
                    "Plan Width": 4,
                    "Actual Startup Time": 0.005,
                    "Actual Total Time": 0.005,
                    "Actual Rows": 1,
                    "Actual Loops": 26495,
                    "Index Cond": "(movie_id = ci.movie_id)",
                    "Rows Removed by Index Recheck": 0,
                    "Filter": "((company_id > 347) AND (company_type_id < 2))",
                    "Rows Removed by Filter": 1
                  }
                ]
              }
            ]
          }
        ]
      }
    ]
  },
  "Planning Time": 1.014,
  "Triggers": [],
  "Execution Time": 1423.63
}