[
  {
    "Plan": {
      "Node Type": "Aggregate",
      "Strategy": "Plain",
      "Partial Mode": "Finalize",
      "Parallel Aware": false,
      "Startup Cost": 49188.35,
      "Total Cost": 49188.36,
      "Plan Rows": 1,
      "Plan Width": 8,
      "Actual Startup Time": 95.583,
      "Actual Total Time": 101.589,
      "Actual Rows": 1,
      "Actual Loops": 1,
      "Plans": [
        {
          "Node Type": "Gather",
          "Parent Relationship": "Outer",
          "Parallel Aware": false,
          "Startup Cost": 49187.93,
          "Total Cost": 49188.34,
          "Plan Rows": 4,
          "Plan Width": 8,
          "Actual Startup Time": 95.386,
          "Actual Total Time": 101.581,
          "Actual Rows": 5,
          "Actual Loops": 1,
          "Workers Planned": 4,
          "Workers Launched": 4,
          "Single Copy": false,
          "Plans": [
            {
              "Node Type": "Aggregate",
              "Strategy": "Plain",
              "Partial Mode": "Partial",
              "Parent Relationship": "Outer",
              "Parallel Aware": false,
              "Startup Cost": 48187.93,
              "Total Cost": 48187.94,
              "Plan Rows": 1,
              "Plan Width": 8,
              "Actual Startup Time": 87.337,
              "Actual Total Time": 87.339,
              "Actual Rows": 1,
              "Actual Loops": 5,
              "Plans": [
                {
                  "Node Type": "Index Scan",
                  "Parent Relationship": "Outer",
                  "Parallel Aware": true,
                  "Scan Direction": "Forward",
                  "Index Name": "role_id_cast_info",
                  "Relation Name": "cast_info",
                  "Alias": "ci",
                  "Startup Cost": 0.56,
                  "Total Cost": 47835.41,
                  "Plan Rows": 141009,
                  "Plan Width": 0,
                  "Actual Startup Time": 0.262,
                  "Actual Total Time": 78.059,
                  "Actual Rows": 167862,
                  "Actual Loops": 5,
                  "Index Cond": "(role_id = 8)",
                  "Rows Removed by Index Recheck": 0,
                  "Filter": "(person_id > 2502317)",
                  "Rows Removed by Filter": 172846
                }
              ]
            }
          ]
        }
      ]
    },
    "Planning Time": 0.228,
    "Triggers": [],
    "Execution Time": 101.66
  }
]