[
  {
    "Plan": {
      "Node Type": "Aggregate",
      "Strategy": "Plain",
      "Partial Mode": "Finalize",
      "Parallel Aware": false,
      "Startup Cost": 45274.56,
      "Total Cost": 45274.57,
      "Plan Rows": 1,
      "Plan Width": 8,
      "Actual Startup Time": 147.347,
      "Actual Total Time": 156.481,
      "Actual Rows": 1,
      "Actual Loops": 1,
      "Plans": [
        {
          "Node Type": "Gather",
          "Parent Relationship": "Outer",
          "Parallel Aware": false,
          "Startup Cost": 45274.24,
          "Total Cost": 45274.55,
          "Plan Rows": 3,
          "Plan Width": 8,
          "Actual Startup Time": 147.195,
          "Actual Total Time": 156.469,
          "Actual Rows": 4,
          "Actual Loops": 1,
          "Workers Planned": 3,
          "Workers Launched": 3,
          "Single Copy": false,
          "Plans": [
            {
              "Node Type": "Aggregate",
              "Strategy": "Plain",
              "Partial Mode": "Partial",
              "Parent Relationship": "Outer",
              "Parallel Aware": false,
              "Startup Cost": 44274.24,
              "Total Cost": 44274.25,
              "Plan Rows": 1,
              "Plan Width": 8,
              "Actual Startup Time": 140.865,
              "Actual Total Time": 140.867,
              "Actual Rows": 1,
              "Actual Loops": 4,
              "Plans": [
                {
                  "Node Type": "Seq Scan",
                  "Parent Relationship": "Outer",
                  "Parallel Aware": true,
                  "Relation Name": "movie_keyword",
                  "Alias": "mk",
                  "Startup Cost": 0.0,
                  "Total Cost": 42695.65,
                  "Plan Rows": 631436,
                  "Plan Width": 0,
                  "Actual Startup Time": 0.283,
                  "Actual Total Time": 116.741,
                  "Actual Rows": 486652,
                  "Actual Loops": 4,
                  "Filter": "(keyword_id > 6680)",
                  "Rows Removed by Filter": 644330
                }
              ]
            }
          ]
        }
      ]
    },
    "Planning Time": 0.049,
    "Triggers": [],
    "Execution Time": 156.513
  }
]