{
  "Plan": {
    "Node Type": "Aggregate",
    "Strategy": "Plain",
    "Partial Mode": "Finalize",
    "Parallel Aware": false,
    "Startup Cost": 306408.09,
    "Total Cost": 306408.1,
    "Plan Rows": 1,
    "Plan Width": 8,
    "Actual Startup Time": 1149.642,
    "Actual Total Time": 1168.987,
    "Actual Rows": 1,
    "Actual Loops": 1,
    "Plans": [
      {
        "Node Type": "Gather",
        "Parent Relationship": "Outer",
        "Parallel Aware": false,
        "Startup Cost": 306407.98,
        "Total Cost": 306408.09,
        "Plan Rows": 1,
        "Plan Width": 8,
        "Actual Startup Time": 1144.545,
        "Actual Total Time": 1168.979,
        "Actual Rows": 2,
        "Actual Loops": 1,
        "Workers Planned": 1,
        "Workers Launched": 1,
        "Single Copy": false,
        "Plans": [
          {
            "Node Type": "Aggregate",
            "Strategy": "Plain",
            "Partial Mode": "Partial",
            "Parent Relationship": "Outer",
            "Parallel Aware": false,
            "Startup Cost": 305407.98,
            "Total Cost": 305407.99,
            "Plan Rows": 1,
            "Plan Width": 8,
            "Actual Startup Time": 1135.366,
            "Actual Total Time": 1135.372,
            "Actual Rows": 1,
            "Actual Loops": 2,
            "Plans": [
              {
                "Node Type": "Hash Join",
                "Parent Relationship": "Outer",
                "Parallel Aware": true,
                "Join Type": "Inner",
                "Startup Cost": 137432.55,
                "Total Cost": 305013.17,
                "Plan Rows": 157923,
                "Plan Width": 0,
                "Actual Startup Time": 892.601,
                "Actual Total Time": 1066.878,
                "Actual Rows": 1746956,
                "Actual Loops": 2,
                "Inner Unique": false,
                "Hash Cond": "(mi.movie_id = t.id)",
                "Plans": [
                  {
                    "Node Type": "Bitmap Heap Scan",
                    "Parent Relationship": "Outer",
                    "Parallel Aware": true,
                    "Relation Name": "movie_info",
                    "Alias": "mi",
                    "Startup Cost": 8829.54,
                    "Total Cost": 174406.13,
                    "Plan Rows": 286687,
                    "Plan Width": 4,
                    "Actual Startup Time": 19.114,
                    "Actual Total Time": 43.753,
                    "Actual Rows": 232818,
                    "Actual Loops": 2,
                    "Recheck Cond": "(info_type_id > 103)",
                    "Rows Removed by Index Recheck": 0,
                    "Exact Heap Blocks": 2877,
                    "Lossy Heap Blocks": 0,
                    "Plans": [
                      {
                        "Node Type": "Bitmap Index Scan",
                        "Parent Relationship": "Outer",
                        "Parallel Aware": false,
                        "Index Name": "info_type_id_movie_info",
                        "Startup Cost": 0.0,
                        "Total Cost": 8707.69,
                        "Plan Rows": 487368,
                        "Plan Width": 0,
                        "Actual Startup Time": 18.36,
                        "Actual Total Time": 18.36,
                        "Actual Rows": 465636,
                        "Actual Loops": 1,
                        "Index Cond": "(info_type_id > 103)"
                      }
                    ]
                  },
                  {
                    "Node Type": "Hash",
                    "Parent Relationship": "Inner",
                    "Parallel Aware": true,
                    "Startup Cost": 118362.41,
                    "Total Cost": 118362.41,
                    "Plan Rows": 819248,
                    "Plan Width": 8,
                    "Actual Startup Time": 858.777,
                    "Actual Total Time": 858.78,
                    "Actual Rows": 967026,
                    "Actual Loops": 2,
                    "Hash Buckets": 2097152,
                    "Original Hash Buckets": 2097152,
                    "Hash Batches": 1,
                    "Original Hash Batches": 1,
                    "Peak Memory Usage": 92064,
                    "Plans": [
                      {
                        "Node Type": "Hash Join",
                        "Parent Relationship": "Outer",
                        "Parallel Aware": true,
                        "Join Type": "Inner",
                        "Startup Cost": 60311.56,
                        "Total Cost": 118362.41,
                        "Plan Rows": 819248,
                        "Plan Width": 8,
                        "Actual Startup Time": 252.6,
                        "Actual Total Time": 693.857,
                        "Actual Rows": 967026,
                        "Actual Loops": 2,
                        "Inner Unique": true,
                        "Hash Cond": "(mk.movie_id = t.id)",
                        "Plans": [
                          {
                            "Node Type": "Seq Scan",
                            "Parent Relationship": "Outer",
                            "Parallel Aware": true,
                            "Relation Name": "movie_keyword",
                            "Alias": "mk",
                            "Startup Cost": 0.0,
                            "Total Cost": 51065.35,
                            "Plan Rows": 2661135,
                            "Plan Width": 4,
                            "Actual Startup Time": 0.013,
                            "Actual Total Time": 156.923,
                            "Actual Rows": 2261965,
                            "Actual Loops": 2
                          },
                          {
                            "Node Type": "Hash",
                            "Parent Relationship": "Inner",
                            "Parallel Aware": true,
                            "Startup Cost": 54588.39,
                            "Total Cost": 54588.39,
                            "Plan Rows": 457854,
                            "Plan Width": 4,
                            "Actual Startup Time": 248.376,
                            "Actual Total Time": 248.377,
                            "Actual Rows": 391338,
                            "Actual Loops": 2,
                            "Hash Buckets": 1048576,
                            "Original Hash Buckets": 1048576,
                            "Hash Batches": 1,
                            "Original Hash Batches": 1,
                            "Peak Memory Usage": 38848,
                            "Plans": [
                              {
                                "Node Type": "Seq Scan",
                                "Parent Relationship": "Outer",
                                "Parallel Aware": true,
                                "Relation Name": "title",
                                "Alias": "t",
                                "Startup Cost": 0.0,
                                "Total Cost": 54588.39,
                                "Plan Rows": 457854,
                                "Plan Width": 4,
                                "Actual Startup Time": 0.029,
                                "Actual Total Time": 151.392,
                                "Actual Rows": 391338,
                                "Actual Loops": 2,
                                "Filter": "(production_year < 1994)",
                                "Rows Removed by Filter": 872818
                              }
                            ]
                          }
                        ]
                      }
                    ]
                  }
                ]
              }
            ]
          }
        ]
      }
    ]
  },
  "Planning Time": 0.915,
  "Triggers": [],
  "Execution Time": 1169.088
}