[
  {
    "Plan": {
      "Node Type": "Aggregate",
      "Strategy": "Plain",
      "Partial Mode": "Finalize",
      "Parallel Aware": false,
      "Startup Cost": 341554.01,
      "Total Cost": 341554.02,
      "Plan Rows": 1,
      "Plan Width": 8,
      "Actual Startup Time": 1050.246,
      "Actual Total Time": 1131.831,
      "Actual Rows": 1,
      "Actual Loops": 1,
      "Plans": [
        {
          "Node Type": "Gather",
          "Parent Relationship": "Outer",
          "Parallel Aware": false,
          "Startup Cost": 341553.39,
          "Total Cost": 341554.0,
          "Plan Rows": 6,
          "Plan Width": 8,
          "Actual Startup Time": 1050.117,
          "Actual Total Time": 1131.819,
          "Actual Rows": 7,
          "Actual Loops": 1,
          "Workers Planned": 6,
          "Workers Launched": 6,
          "Single Copy": false,
          "Plans": [
            {
              "Node Type": "Aggregate",
              "Strategy": "Plain",
              "Partial Mode": "Partial",
              "Parent Relationship": "Outer",
              "Parallel Aware": false,
              "Startup Cost": 340553.39,
              "Total Cost": 340553.4,
              "Plan Rows": 1,
              "Plan Width": 8,
              "Actual Startup Time": 1040.931,
              "Actual Total Time": 1040.932,
              "Actual Rows": 1,
              "Actual Loops": 7,
              "Plans": [
                {
                  "Node Type": "Seq Scan",
                  "Parent Relationship": "Outer",
                  "Parallel Aware": true,
                  "Relation Name": "cast_info",
                  "Alias": "ci",
                  "Startup Cost": 0.0,
                  "Total Cost": 328162.03,
                  "Plan Rows": 4956545,
                  "Plan Width": 0,
                  "Actual Startup Time": 0.049,
                  "Actual Total Time": 793.848,
                  "Actual Rows": 4276129,
                  "Actual Loops": 7,
                  "Filter": "(person_id < 3021559)",
                  "Rows Removed by Filter": 901635
                }
              ]
            }
          ]
        }
      ]
    },
    "Planning Time": 0.191,
    "Triggers": [],
    "Execution Time": 1131.881
  }
]