[
  {
    "Plan": {
      "Node Type": "Aggregate",
      "Strategy": "Plain",
      "Partial Mode": "Finalize",
      "Parallel Aware": false,
      "Startup Cost": 107776.19,
      "Total Cost": 107776.2,
      "Plan Rows": 1,
      "Plan Width": 8,
      "Actual Startup Time": 815.563,
      "Actual Total Time": 831.992,
      "Actual Rows": 1,
      "Actual Loops": 1,
      "Plans": [
        {
          "Node Type": "Gather",
          "Parent Relationship": "Outer",
          "Parallel Aware": false,
          "Startup Cost": 107775.97,
          "Total Cost": 107776.18,
          "Plan Rows": 2,
          "Plan Width": 8,
          "Actual Startup Time": 806.919,
          "Actual Total Time": 831.981,
          "Actual Rows": 3,
          "Actual Loops": 1,
          "Workers Planned": 2,
          "Workers Launched": 2,
          "Single Copy": false,
          "Plans": [
            {
              "Node Type": "Aggregate",
              "Strategy": "Plain",
              "Partial Mode": "Partial",
              "Parent Relationship": "Outer",
              "Parallel Aware": false,
              "Startup Cost": 106775.97,
              "Total Cost": 106775.98,
              "Plan Rows": 1,
              "Plan Width": 8,
              "Actual Startup Time": 800.464,
              "Actual Total Time": 800.828,
              "Actual Rows": 1,
              "Actual Loops": 3,
              "Plans": [
                {
                  "Node Type": "Hash Join",
                  "Parent Relationship": "Outer",
                  "Parallel Aware": true,
                  "Join Type": "Inner",
                  "Startup Cost": 89965.78,
                  "Total Cost": 106669.97,
                  "Plan Rows": 42402,
                  "Plan Width": 0,
                  "Actual Startup Time": 615.3,
                  "Actual Total Time": 765.661,
                  "Actual Rows": 617945,
                  "Actual Loops": 3,
                  "Inner Unique": false,
                  "Hash Cond": "(mi_idx.movie_id = t.id)",
                  "Plans": [
                    {
                      "Node Type": "Seq Scan",
                      "Parent Relationship": "Outer",
                      "Parallel Aware": true,
                      "Relation Name": "movie_info_idx",
                      "Alias": "mi_idx",
                      "Startup Cost": 0.0,
                      "Total Cost": 15122.68,
                      "Plan Rows": 385260,
                      "Plan Width": 4,
                      "Actual Startup Time": 0.019,
                      "Actual Total Time": 52.289,
                      "Actual Rows": 306703,
                      "Actual Loops": 3,
                      "Filter": "(info_type_id > 99)",
                      "Rows Removed by Filter": 153308
                    },
                    {
                      "Node Type": "Hash",
                      "Parent Relationship": "Inner",
                      "Parallel Aware": true,
                      "Startup Cost": 88843.69,
                      "Total Cost": 88843.69,
                      "Plan Rows": 89767,
                      "Plan Width": 8,
                      "Actual Startup Time": 612.739,
                      "Actual Total Time": 613.101,
                      "Actual Rows": 369032,
                      "Actual Loops": 3,
                      "Hash Buckets": 2097152,
                      "Original Hash Buckets": 524288,
                      "Hash Batches": 1,
                      "Original Hash Batches": 1,
                      "Peak Memory Usage": 72032,
                      "Plans": [
                        {
                          "Node Type": "Hash Join",
                          "Parent Relationship": "Outer",
                          "Parallel Aware": true,
                          "Join Type": "Inner",
                          "Startup Cost": 45965.61,
                          "Total Cost": 88843.69,
                          "Plan Rows": 89767,
                          "Plan Width": 8,
                          "Actual Startup Time": 158.055,
                          "Actual Total Time": 490.241,
                          "Actual Rows": 369032,
                          "Actual Loops": 3,
                          "Inner Unique": true,
                          "Hash Cond": "(mk.movie_id = t.id)",
                          "Plans": [
                            {
                              "Node Type": "Seq Scan",
                              "Parent Relationship": "Outer",
                              "Parallel Aware": true,
                              "Relation Name": "movie_keyword",
                              "Alias": "mk",
                              "Startup Cost": 0.0,
                              "Total Cost": 39047.32,
                              "Plan Rows": 1459332,
                              "Plan Width": 4,
                              "Actual Startup Time": 0.022,
                              "Actual Total Time": 139.086,
                              "Actual Rows": 1507977,
                              "Actual Loops": 3
                            },
                            {
                              "Node Type": "Hash",
                              "Parent Relationship": "Inner",
                              "Parallel Aware": true,
                              "Startup Cost": 45479.59,
                              "Total Cost": 45479.59,
                              "Plan Rows": 38882,
                              "Plan Width": 4,
                              "Actual Startup Time": 157.319,
                              "Actual Total Time": 157.321,
                              "Actual Rows": 97882,
                              "Actual Loops": 3,
                              "Hash Buckets": 524288,
                              "Original Hash Buckets": 262144,
                              "Hash Batches": 1,
                              "Original Hash Batches": 1,
                              "Peak Memory Usage": 17696,
                              "Plans": [
                                {
                                  "Node Type": "Seq Scan",
                                  "Parent Relationship": "Outer",
                                  "Parallel Aware": true,
                                  "Relation Name": "title",
                                  "Alias": "t",
                                  "Startup Cost": 0.0,
                                  "Total Cost": 45479.59,
                                  "Plan Rows": 38882,
                                  "Plan Width": 4,
                                  "Actual Startup Time": 0.145,
                                  "Actual Total Time": 124.128,
                                  "Actual Rows": 97882,
                                  "Actual Loops": 3,
                                  "Filter": "((kind_id < 4) AND (production_year < 1978))",
                                  "Rows Removed by Filter": 744888
                                }
                              ]
                            }
                          ]
                        }
                      ]
                    }
                  ]
                }
              ]
            }
          ]
        }
      ]
    },
    "Planning Time": 0.491,
    "Triggers": [],
    "Execution Time": 832.035
  }
]