[
  {
    "Plan": {
      "Node Type": "Aggregate",
      "Strategy": "Plain",
      "Partial Mode": "Finalize",
      "Parallel Aware": false,
      "Startup Cost": 352688.75,
      "Total Cost": 352688.76,
      "Plan Rows": 1,
      "Plan Width": 8,
      "Actual Startup Time": 755.477,
      "Actual Total Time": 816.945,
      "Actual Rows": 1,
      "Actual Loops": 1,
      "Plans": [
        {
          "Node Type": "Gather",
          "Parent Relationship": "Outer",
          "Parallel Aware": false,
          "Startup Cost": 352688.12,
          "Total Cost": 352688.73,
          "Plan Rows": 6,
          "Plan Width": 8,
          "Actual Startup Time": 755.37,
          "Actual Total Time": 816.933,
          "Actual Rows": 7,
          "Actual Loops": 1,
          "Workers Planned": 6,
          "Workers Launched": 6,
          "Single Copy": false,
          "Plans": [
            {
              "Node Type": "Aggregate",
              "Strategy": "Plain",
              "Partial Mode": "Partial",
              "Parent Relationship": "Outer",
              "Parallel Aware": false,
              "Startup Cost": 351688.12,
              "Total Cost": 351688.13,
              "Plan Rows": 1,
              "Plan Width": 8,
              "Actual Startup Time": 745.942,
              "Actual Total Time": 745.943,
              "Actual Rows": 1,
              "Actual Loops": 7,
              "Plans": [
                {
                  "Node Type": "Seq Scan",
                  "Parent Relationship": "Outer",
                  "Parallel Aware": true,
                  "Relation Name": "cast_info",
                  "Alias": "ci",
                  "Startup Cost": 0.0,
                  "Total Cost": 343257.03,
                  "Plan Rows": 3372438,
                  "Plan Width": 0,
                  "Actual Startup Time": 121.172,
                  "Actual Total Time": 641.738,
                  "Actual Rows": 2734219,
                  "Actual Loops": 7,
                  "Filter": "((person_id > 962169) AND (role_id < 6))",
                  "Rows Removed by Filter": 2443544
                }
              ]
            }
          ]
        }
      ]
    },
    "Planning Time": 0.184,
    "Triggers": [],
    "Execution Time": 817.01
  }
]