[
  {
    "Plan": {
      "Node Type": "Aggregate",
      "Strategy": "Plain",
      "Partial Mode": "Finalize",
      "Parallel Aware": false,
      "Startup Cost": 95499.5,
      "Total Cost": 95499.51,
      "Plan Rows": 1,
      "Plan Width": 8,
      "Actual Startup Time": 427.837,
      "Actual Total Time": 445.65,
      "Actual Rows": 1,
      "Actual Loops": 1,
      "Plans": [
        {
          "Node Type": "Gather",
          "Parent Relationship": "Outer",
          "Parallel Aware": false,
          "Startup Cost": 95499.18,
          "Total Cost": 95499.49,
          "Plan Rows": 3,
          "Plan Width": 8,
          "Actual Startup Time": 424.872,
          "Actual Total Time": 445.642,
          "Actual Rows": 4,
          "Actual Loops": 1,
          "Workers Planned": 3,
          "Workers Launched": 3,
          "Single Copy": false,
          "Plans": [
            {
              "Node Type": "Aggregate",
              "Strategy": "Plain",
              "Partial Mode": "Partial",
              "Parent Relationship": "Outer",
              "Parallel Aware": false,
              "Startup Cost": 94499.18,
              "Total Cost": 94499.19,
              "Plan Rows": 1,
              "Plan Width": 8,
              "Actual Startup Time": 415.36,
              "Actual Total Time": 415.366,
              "Actual Rows": 1,
              "Actual Loops": 4,
              "Plans": [
                {
                  "Node Type": "Hash Join",
                  "Parent Relationship": "Outer",
                  "Parallel Aware": true,
                  "Join Type": "Inner",
                  "Startup Cost": 63552.15,
                  "Total Cost": 94280.08,
                  "Plan Rows": 87642,
                  "Plan Width": 0,
                  "Actual Startup Time": 266.138,
                  "Actual Total Time": 401.85,
                  "Actual Rows": 350614,
                  "Actual Loops": 4,
                  "Inner Unique": false,
                  "Hash Cond": "(mc.movie_id = t.id)",
                  "Plans": [
                    {
                      "Node Type": "Seq Scan",
                      "Parent Relationship": "Outer",
                      "Parallel Aware": true,
                      "Relation Name": "movie_companies",
                      "Alias": "mc",
                      "Startup Cost": 0.0,
                      "Total Cost": 27206.55,
                      "Plan Rows": 841655,
                      "Plan Width": 4,
                      "Actual Startup Time": 0.022,
                      "Actual Total Time": 56.764,
                      "Actual Rows": 652282,
                      "Actual Loops": 4
                    },
                    {
                      "Node Type": "Hash",
                      "Parent Relationship": "Inner",
                      "Parallel Aware": true,
                      "Startup Cost": 62180.93,
                      "Total Cost": 62180.93,
                      "Plan Rows": 109697,
                      "Plan Width": 8,
                      "Actual Startup Time": 237.807,
                      "Actual Total Time": 237.811,
                      "Actual Rows": 93371,
                      "Actual Loops": 4,
                      "Hash Buckets": 524288,
                      "Original Hash Buckets": 524288,
                      "Hash Batches": 1,
                      "Original Hash Batches": 1,
                      "Peak Memory Usage": 18752,
                      "Plans": [
                        {
                          "Node Type": "Hash Join",
                          "Parent Relationship": "Outer",
                          "Parallel Aware": true,
                          "Join Type": "Inner",
                          "Startup Cost": 46986.37,
                          "Total Cost": 62180.93,
                          "Plan Rows": 109697,
                          "Plan Width": 8,
                          "Actual Startup Time": 164.359,
                          "Actual Total Time": 215.821,
                          "Actual Rows": 93371,
                          "Actual Loops": 4,
                          "Inner Unique": true,
                          "Hash Cond": "(mi_idx.movie_id = t.id)",
                          "Plans": [
                            {
                              "Node Type": "Seq Scan",
                              "Parent Relationship": "Outer",
                              "Parallel Aware": true,
                              "Relation Name": "movie_info_idx",
                              "Alias": "mi_idx",
                              "Startup Cost": 0.0,
                              "Total Cost": 13685.15,
                              "Plan Rows": 575015,
                              "Plan Width": 4,
                              "Actual Startup Time": 0.022,
                              "Actual Total Time": 27.84,
                              "Actual Rows": 345009,
                              "Actual Loops": 4
                            },
                            {
                              "Node Type": "Hash",
                              "Parent Relationship": "Inner",
                              "Parallel Aware": true,
                              "Startup Cost": 45479.1,
                              "Total Cost": 45479.1,
                              "Plan Rows": 120582,
                              "Plan Width": 4,
                              "Actual Startup Time": 135.092,
                              "Actual Total Time": 135.092,
                              "Actual Rows": 88807,
                              "Actual Loops": 4,
                              "Hash Buckets": 524288,
                              "Original Hash Buckets": 524288,
                              "Hash Batches": 1,
                              "Original Hash Batches": 1,
                              "Peak Memory Usage": 18080,
                              "Plans": [
                                {
                                  "Node Type": "Seq Scan",
                                  "Parent Relationship": "Outer",
                                  "Parallel Aware": true,
                                  "Relation Name": "title",
                                  "Alias": "t",
                                  "Startup Cost": 0.0,
                                  "Total Cost": 45479.1,
                                  "Plan Rows": 120582,
                                  "Plan Width": 4,
                                  "Actual Startup Time": 49.267,
                                  "Actual Total Time": 103.089,
                                  "Actual Rows": 88807,
                                  "Actual Loops": 4,
                                  "Filter": "((production_year > 1986) AND (kind_id = 1))",
                                  "Rows Removed by Filter": 543271
                                }
                              ]
                            }
                          ]
                        }
                      ]
                    }
                  ]
                }
              ]
            }
          ]
        }
      ]
    },
    "Planning Time": 1.463,
    "Triggers": [],
    "Execution Time": 445.737
  }
]