[
  {
    "Plan": {
      "Node Type": "Aggregate",
      "Strategy": "Plain",
      "Partial Mode": "Finalize",
      "Parallel Aware": false,
      "Startup Cost": 32833.4,
      "Total Cost": 32833.41,
      "Plan Rows": 1,
      "Plan Width": 8,
      "Actual Startup Time": 84.81,
      "Actual Total Time": 92.752,
      "Actual Rows": 1,
      "Actual Loops": 1,
      "Plans": [
        {
          "Node Type": "Gather",
          "Parent Relationship": "Outer",
          "Parallel Aware": false,
          "Startup Cost": 32833.08,
          "Total Cost": 32833.39,
          "Plan Rows": 3,
          "Plan Width": 8,
          "Actual Startup Time": 84.709,
          "Actual Total Time": 92.744,
          "Actual Rows": 4,
          "Actual Loops": 1,
          "Workers Planned": 3,
          "Workers Launched": 3,
          "Single Copy": false,
          "Plans": [
            {
              "Node Type": "Aggregate",
              "Strategy": "Plain",
              "Partial Mode": "Partial",
              "Parent Relationship": "Outer",
              "Parallel Aware": false,
              "Startup Cost": 31833.08,
              "Total Cost": 31833.09,
              "Plan Rows": 1,
              "Plan Width": 8,
              "Actual Startup Time": 80.108,
              "Actual Total Time": 80.109,
              "Actual Rows": 1,
              "Actual Loops": 4,
              "Plans": [
                {
                  "Node Type": "Seq Scan",
                  "Parent Relationship": "Outer",
                  "Parallel Aware": true,
                  "Relation Name": "movie_companies",
                  "Alias": "mc",
                  "Startup Cost": 0.0,
                  "Total Cost": 31414.82,
                  "Plan Rows": 167305,
                  "Plan Width": 0,
                  "Actual Startup Time": 38.815,
                  "Actual Total Time": 71.871,
                  "Actual Rows": 205512,
                  "Actual Loops": 4,
                  "Filter": "((company_id > 16373) AND (company_type_id = 2))",
                  "Rows Removed by Filter": 446770
                }
              ]
            }
          ]
        }
      ]
    },
    "Planning Time": 0.181,
    "Triggers": [],
    "Execution Time": 92.8
  }
]