[
  {
    "Plan": {
      "Node Type": "Aggregate",
      "Strategy": "Plain",
      "Partial Mode": "Finalize",
      "Parallel Aware": false,
      "Startup Cost": 32823.6,
      "Total Cost": 32823.61,
      "Plan Rows": 1,
      "Plan Width": 8,
      "Actual Startup Time": 91.943,
      "Actual Total Time": 99.742,
      "Actual Rows": 1,
      "Actual Loops": 1,
      "Plans": [
        {
          "Node Type": "Gather",
          "Parent Relationship": "Outer",
          "Parallel Aware": false,
          "Startup Cost": 32823.28,
          "Total Cost": 32823.59,
          "Plan Rows": 3,
          "Plan Width": 8,
          "Actual Startup Time": 91.878,
          "Actual Total Time": 99.735,
          "Actual Rows": 4,
          "Actual Loops": 1,
          "Workers Planned": 3,
          "Workers Launched": 3,
          "Single Copy": false,
          "Plans": [
            {
              "Node Type": "Aggregate",
              "Strategy": "Plain",
              "Partial Mode": "Partial",
              "Parent Relationship": "Outer",
              "Parallel Aware": false,
              "Startup Cost": 31823.28,
              "Total Cost": 31823.29,
              "Plan Rows": 1,
              "Plan Width": 8,
              "Actual Startup Time": 86.066,
              "Actual Total Time": 86.067,
              "Actual Rows": 1,
              "Actual Loops": 4,
              "Plans": [
                {
                  "Node Type": "Seq Scan",
                  "Parent Relationship": "Outer",
                  "Parallel Aware": true,
                  "Relation Name": "movie_companies",
                  "Alias": "mc",
                  "Startup Cost": 0.0,
                  "Total Cost": 31414.82,
                  "Plan Rows": 163384,
                  "Plan Width": 0,
                  "Actual Startup Time": 44.878,
                  "Actual Total Time": 78.08,
                  "Actual Rows": 205512,
                  "Actual Loops": 4,
                  "Filter": "((company_id > 16373) AND (company_type_id = 2))",
                  "Rows Removed by Filter": 446770
                }
              ]
            }
          ]
        }
      ]
    },
    "Planning Time": 0.188,
    "Triggers": [],
    "Execution Time": 99.798
  }
]