[
  {
    "Plan": {
      "Node Type": "Aggregate",
      "Strategy": "Plain",
      "Partial Mode": "Finalize",
      "Parallel Aware": false,
      "Startup Cost": 341619.47,
      "Total Cost": 341619.48,
      "Plan Rows": 1,
      "Plan Width": 8,
      "Actual Startup Time": 904.168,
      "Actual Total Time": 969.336,
      "Actual Rows": 1,
      "Actual Loops": 1,
      "Plans": [
        {
          "Node Type": "Gather",
          "Parent Relationship": "Outer",
          "Parallel Aware": false,
          "Startup Cost": 341618.85,
          "Total Cost": 341619.46,
          "Plan Rows": 6,
          "Plan Width": 8,
          "Actual Startup Time": 903.995,
          "Actual Total Time": 969.326,
          "Actual Rows": 7,
          "Actual Loops": 1,
          "Workers Planned": 6,
          "Workers Launched": 6,
          "Single Copy": false,
          "Plans": [
            {
              "Node Type": "Aggregate",
              "Strategy": "Plain",
              "Partial Mode": "Partial",
              "Parent Relationship": "Outer",
              "Parallel Aware": false,
              "Startup Cost": 340618.85,
              "Total Cost": 340618.86,
              "Plan Rows": 1,
              "Plan Width": 8,
              "Actual Startup Time": 895.955,
              "Actual Total Time": 895.957,
              "Actual Rows": 1,
              "Actual Loops": 7,
              "Plans": [
                {
                  "Node Type": "Seq Scan",
                  "Parent Relationship": "Outer",
                  "Parallel Aware": true,
                  "Relation Name": "cast_info",
                  "Alias": "ci",
                  "Startup Cost": 0.0,
                  "Total Cost": 328211.39,
                  "Plan Rows": 4962983,
                  "Plan Width": 0,
                  "Actual Startup Time": 0.053,
                  "Actual Total Time": 696.795,
                  "Actual Rows": 4264393,
                  "Actual Loops": 7,
                  "Filter": "(person_id < 3014820)",
                  "Rows Removed by Filter": 913371
                }
              ]
            }
          ]
        }
      ]
    },
    "Planning Time": 0.095,
    "Triggers": [],
    "Execution Time": 969.382
  }
]