[
  {
    "Plan": {
      "Node Type": "Aggregate",
      "Strategy": "Plain",
      "Partial Mode": "Finalize",
      "Parallel Aware": false,
      "Startup Cost": 341521.23,
      "Total Cost": 341521.24,
      "Plan Rows": 1,
      "Plan Width": 8,
      "Actual Startup Time": 1132.759,
      "Actual Total Time": 1203.917,
      "Actual Rows": 1,
      "Actual Loops": 1,
      "Plans": [
        {
          "Node Type": "Gather",
          "Parent Relationship": "Outer",
          "Parallel Aware": false,
          "Startup Cost": 341520.6,
          "Total Cost": 341521.21,
          "Plan Rows": 6,
          "Plan Width": 8,
          "Actual Startup Time": 1132.595,
          "Actual Total Time": 1203.905,
          "Actual Rows": 7,
          "Actual Loops": 1,
          "Workers Planned": 6,
          "Workers Launched": 6,
          "Single Copy": false,
          "Plans": [
            {
              "Node Type": "Aggregate",
              "Strategy": "Plain",
              "Partial Mode": "Partial",
              "Parent Relationship": "Outer",
              "Parallel Aware": false,
              "Startup Cost": 340520.6,
              "Total Cost": 340520.61,
              "Plan Rows": 1,
              "Plan Width": 8,
              "Actual Startup Time": 1123.626,
              "Actual Total Time": 1123.627,
              "Actual Rows": 1,
              "Actual Loops": 7,
              "Plans": [
                {
                  "Node Type": "Seq Scan",
                  "Parent Relationship": "Outer",
                  "Parallel Aware": true,
                  "Relation Name": "cast_info",
                  "Alias": "ci",
                  "Startup Cost": 0.0,
                  "Total Cost": 328162.03,
                  "Plan Rows": 4943430,
                  "Plan Width": 0,
                  "Actual Startup Time": 0.051,
                  "Actual Total Time": 862.597,
                  "Actual Rows": 4264393,
                  "Actual Loops": 7,
                  "Filter": "(person_id < 3014820)",
                  "Rows Removed by Filter": 913371
                }
              ]
            }
          ]
        }
      ]
    },
    "Planning Time": 0.197,
    "Triggers": [],
    "Execution Time": 1203.994
  }
]