[
  {
    "Plan": {
      "Node Type": "Aggregate",
      "Strategy": "Plain",
      "Partial Mode": "Simple",
      "Parallel Aware": false,
      "Startup Cost": 294987.72,
      "Total Cost": 294987.73,
      "Plan Rows": 1,
      "Plan Width": 96,
      "Actual Startup Time": 1445.97,
      "Actual Total Time": 1520.716,
      "Actual Rows": 1,
      "Actual Loops": 1,
      "Plans": [
        {
          "Node Type": "Gather",
          "Parent Relationship": "Outer",
          "Parallel Aware": false,
          "Startup Cost": 250298.79,
          "Total Cost": 294987.7,
          "Plan Rows": 2,
          "Plan Width": 66,
          "Actual Startup Time": 1254.084,
          "Actual Total Time": 1519.287,
          "Actual Rows": 7041,
          "Actual Loops": 1,
          "Workers Planned": 4,
          "Workers Launched": 4,
          "Single Copy": false,
          "Plans": [
            {
              "Node Type": "Hash Join",
              "Parent Relationship": "Outer",
              "Parallel Aware": false,
              "Join Type": "Inner",
              "Startup Cost": 249298.79,
              "Total Cost": 293987.5,
              "Plan Rows": 1,
              "Plan Width": 66,
              "Actual Startup Time": 1243.591,
              "Actual Total Time": 1432.147,
              "Actual Rows": 1408,
              "Actual Loops": 5,
              "Inner Unique": true,
              "Hash Cond": "(t.kind_id = kt.id)",
              "Plans": [
                {
                  "Node Type": "Hash Join",
                  "Parent Relationship": "Outer",
                  "Parallel Aware": true,
                  "Join Type": "Inner",
                  "Startup Cost": 249297.69,
                  "Total Cost": 293986.38,
                  "Plan Rows": 4,
                  "Plan Width": 70,
                  "Actual Startup Time": 1242.364,
                  "Actual Total Time": 1429.053,
                  "Actual Rows": 25437,
                  "Actual Loops": 5,
                  "Inner Unique": false,
                  "Hash Cond": "(t.id = mi.movie_id)",
                  "Plans": [
                    {
                      "Node Type": "Seq Scan",
                      "Parent Relationship": "Outer",
                      "Parallel Aware": true,
                      "Relation Name": "title",
                      "Alias": "t",
                      "Startup Cost": 0.0,
                      "Total Cost": 42318.49,
                      "Plan Rows": 632049,
                      "Plan Width": 25,
                      "Actual Startup Time": 0.02,
                      "Actual Total Time": 92.733,
                      "Actual Rows": 505662,
                      "Actual Loops": 5
                    },
                    {
                      "Node Type": "Hash",
                      "Parent Relationship": "Inner",
                      "Parallel Aware": true,
                      "Startup Cost": 249297.66,
                      "Total Cost": 249297.66,
                      "Plan Rows": 3,
                      "Plan Width": 61,
                      "Actual Startup Time": 1241.637,
                      "Actual Total Time": 1241.765,
                      "Actual Rows": 25437,
                      "Actual Loops": 5,
                      "Hash Buckets": 131072,
                      "Original Hash Buckets": 1024,
                      "Hash Batches": 1,
                      "Original Hash Batches": 1,
                      "Peak Memory Usage": 11224,
                      "Plans": [
                        {
                          "Node Type": "Hash Join",
                          "Parent Relationship": "Outer",
                          "Parallel Aware": true,
                          "Join Type": "Inner",
                          "Startup Cost": 49445.7,
                          "Total Cost": 249297.66,
                          "Plan Rows": 3,
                          "Plan Width": 61,
                          "Actual Startup Time": 506.601,
                          "Actual Total Time": 1209.957,
                          "Actual Rows": 25437,
                          "Actual Loops": 5,
                          "Inner Unique": false,
                          "Hash Cond": "(mi.movie_id = mc.movie_id)",
                          "Plans": [
                            {
                              "Node Type": "Hash Join",
                              "Parent Relationship": "Outer",
                              "Parallel Aware": false,
                              "Join Type": "Inner",
                              "Startup Cost": 2.43,
                              "Total Cost": 199755.89,
                              "Plan Rows": 26264,
                              "Plan Width": 47,
                              "Actual Startup Time": 214.2,
                              "Actual Total Time": 836.02,
                              "Actual Rows": 607344,
                              "Actual Loops": 5,
                              "Inner Unique": true,
                              "Hash Cond": "(mi.info_type_id = it2.id)",
                              "Plans": [
                                {
                                  "Node Type": "Seq Scan",
                                  "Parent Relationship": "Outer",
                                  "Parallel Aware": true,
                                  "Relation Name": "movie_info",
                                  "Alias": "mi",
                                  "Startup Cost": 0.0,
                                  "Total Cost": 191670.84,
                                  "Plan Rows": 2967784,
                                  "Plan Width": 51,
                                  "Actual Startup Time": 0.03,
                                  "Actual Total Time": 491.48,
                                  "Actual Rows": 2967144,
                                  "Actual Loops": 5
                                },
                                {
                                  "Node Type": "Hash",
                                  "Parent Relationship": "Inner",
                                  "Parallel Aware": false,
                                  "Startup Cost": 2.41,
                                  "Total Cost": 2.41,
                                  "Plan Rows": 1,
                                  "Plan Width": 4,
                                  "Actual Startup Time": 0.032,
                                  "Actual Total Time": 0.033,
                                  "Actual Rows": 1,
                                  "Actual Loops": 5,
                                  "Hash Buckets": 1024,
                                  "Original Hash Buckets": 1024,
                                  "Hash Batches": 1,
                                  "Original Hash Batches": 1,
                                  "Peak Memory Usage": 9,
                                  "Plans": [
                                    {
                                      "Node Type": "Seq Scan",
                                      "Parent Relationship": "Outer",
                                      "Parallel Aware": false,
                                      "Relation Name": "info_type",
                                      "Alias": "it2",
                                      "Startup Cost": 0.0,
                                      "Total Cost": 2.41,
                                      "Plan Rows": 1,
                                      "Plan Width": 4,
                                      "Actual Startup Time": 0.018,
                                      "Actual Total Time": 0.025,
                                      "Actual Rows": 1,
                                      "Actual Loops": 5,
                                      "Filter": "((info)::text = 'release dates'::text)",
                                      "Rows Removed by Filter": 112
                                    }
                                  ]
                                }
                              ]
                            },
                            {
                              "Node Type": "Hash",
                              "Parent Relationship": "Inner",
                              "Parallel Aware": true,
                              "Startup Cost": 49442.97,
                              "Total Cost": 49442.97,
                              "Plan Rows": 24,
                              "Plan Width": 14,
                              "Actual Startup Time": 291.995,
                              "Actual Total Time": 292.117,
                              "Actual Rows": 4917,
                              "Actual Loops": 5,
                              "Hash Buckets": 32768,
                              "Original Hash Buckets": 1024,
                              "Hash Batches": 1,
                              "Original Hash Batches": 1,
                              "Peak Memory Usage": 1752,
                              "Plans": [
                                {
                                  "Node Type": "Hash Join",
                                  "Parent Relationship": "Outer",
                                  "Parallel Aware": true,
                                  "Join Type": "Inner",
                                  "Startup Cost": 34172.63,
                                  "Total Cost": 49442.97,
                                  "Plan Rows": 24,
                                  "Plan Width": 14,
                                  "Actual Startup Time": 171.056,
                                  "Actual Total Time": 269.206,
                                  "Actual Rows": 4917,
                                  "Actual Loops": 5,
                                  "Inner Unique": false,
                                  "Hash Cond": "(miidx.movie_id = mc.movie_id)",
                                  "Plans": [
                                    {
                                      "Node Type": "Hash Join",
                                      "Parent Relationship": "Outer",
                                      "Parallel Aware": false,
                                      "Join Type": "Inner",
                                      "Startup Cost": 2.43,
                                      "Total Cost": 15253.6,
                                      "Plan Rows": 5089,
                                      "Plan Width": 10,
                                      "Actual Startup Time": 0.152,
                                      "Actual Total Time": 80.506,
                                      "Actual Rows": 91985,
                                      "Actual Loops": 5,
                                      "Inner Unique": true,
                                      "Hash Cond": "(miidx.info_type_id = it.id)",
                                      "Plans": [
                                        {
                                          "Node Type": "Seq Scan",
                                          "Parent Relationship": "Outer",
                                          "Parallel Aware": true,
                                          "Relation Name": "movie_info_idx",
                                          "Alias": "miidx",
                                          "Startup Cost": 0.0,
                                          "Total Cost": 13685.15,
                                          "Plan Rows": 575015,
                                          "Plan Width": 14,
                                          "Actual Startup Time": 0.036,
                                          "Actual Total Time": 40.848,
                                          "Actual Rows": 276007,
                                          "Actual Loops": 5
                                        },
                                        {
                                          "Node Type": "Hash",
                                          "Parent Relationship": "Inner",
                                          "Parallel Aware": false,
                                          "Startup Cost": 2.41,
                                          "Total Cost": 2.41,
                                          "Plan Rows": 1,
                                          "Plan Width": 4,
                                          "Actual Startup Time": 0.073,
                                          "Actual Total Time": 0.074,
                                          "Actual Rows": 1,
                                          "Actual Loops": 5,
                                          "Hash Buckets": 1024,
                                          "Original Hash Buckets": 1024,
                                          "Hash Batches": 1,
                                          "Original Hash Batches": 1,
                                          "Peak Memory Usage": 9,
                                          "Plans": [
                                            {
                                              "Node Type": "Seq Scan",
                                              "Parent Relationship": "Outer",
                                              "Parallel Aware": false,
                                              "Relation Name": "info_type",
                                              "Alias": "it",
                                              "Startup Cost": 0.0,
                                              "Total Cost": 2.41,
                                              "Plan Rows": 1,
                                              "Plan Width": 4,
                                              "Actual Startup Time": 0.057,
                                              "Actual Total Time": 0.06,
                                              "Actual Rows": 1,
                                              "Actual Loops": 5,
                                              "Filter": "((info)::text = 'rating'::text)",
                                              "Rows Removed by Filter": 112
                                            }
                                          ]
                                        }
                                      ]
                                    },
                                    {
                                      "Node Type": "Hash",
                                      "Parent Relationship": "Inner",
                                      "Parallel Aware": true,
                                      "Startup Cost": 34161.27,
                                      "Total Cost": 34161.27,
                                      "Plan Rows": 715,
                                      "Plan Width": 4,
                                      "Actual Startup Time": 170.621,
                                      "Actual Total Time": 170.736,
                                      "Actual Rows": 6125,
                                      "Actual Loops": 5,
                                      "Hash Buckets": 32768,
                                      "Original Hash Buckets": 4096,
                                      "Hash Batches": 1,
                                      "Original Hash Batches": 1,
                                      "Peak Memory Usage": 1792,
                                      "Plans": [
                                        {
                                          "Node Type": "Hash Join",
                                          "Parent Relationship": "Outer",
                                          "Parallel Aware": false,
                                          "Join Type": "Inner",
                                          "Startup Cost": 4729.86,
                                          "Total Cost": 34161.27,
                                          "Plan Rows": 715,
                                          "Plan Width": 4,
                                          "Actual Startup Time": 20.976,
                                          "Actual Total Time": 163.309,
                                          "Actual Rows": 6125,
                                          "Actual Loops": 5,
                                          "Inner Unique": true,
                                          "Hash Cond": "(mc.company_type_id = ct.id)",
                                          "Plans": [
                                            {
                                              "Node Type": "Hash Join",
                                              "Parent Relationship": "Outer",
                                              "Parallel Aware": true,
                                              "Join Type": "Inner",
                                              "Startup Cost": 4728.79,
                                              "Total Cost": 34144.73,
                                              "Plan Rows": 2862,
                                              "Plan Width": 8,
                                              "Actual Startup Time": 20.861,
                                              "Actual Total Time": 161.786,
                                              "Actual Rows": 7058,
                                              "Actual Loops": 5,
                                              "Inner Unique": true,
                                              "Hash Cond": "(mc.company_id = cn.id)",
                                              "Plans": [
                                                {
                                                  "Node Type": "Seq Scan",
                                                  "Parent Relationship": "Outer",
                                                  "Parallel Aware": true,
                                                  "Relation Name": "movie_companies",
                                                  "Alias": "mc",
                                                  "Startup Cost": 0.0,
                                                  "Total Cost": 27206.55,
                                                  "Plan Rows": 841655,
                                                  "Plan Width": 12,
                                                  "Actual Startup Time": 0.029,
                                                  "Actual Total Time": 80.997,
                                                  "Actual Rows": 521826,
                                                  "Actual Loops": 5
                                                },
                                                {
                                                  "Node Type": "Hash",
                                                  "Parent Relationship": "Inner",
                                                  "Parallel Aware": true,
                                                  "Startup Cost": 4722.92,
                                                  "Total Cost": 4722.92,
                                                  "Plan Rows": 470,
                                                  "Plan Width": 4,
                                                  "Actual Startup Time": 20.677,
                                                  "Actual Total Time": 20.678,
                                                  "Actual Rows": 181,
                                                  "Actual Loops": 5,
                                                  "Hash Buckets": 1024,
                                                  "Original Hash Buckets": 1024,
                                                  "Hash Batches": 1,
                                                  "Original Hash Batches": 1,
                                                  "Peak Memory Usage": 168,
                                                  "Plans": [
                                                    {
                                                      "Node Type": "Seq Scan",
                                                      "Parent Relationship": "Outer",
                                                      "Parallel Aware": true,
                                                      "Relation Name": "company_name",
                                                      "Alias": "cn",
                                                      "Startup Cost": 0.0,
                                                      "Total Cost": 4722.92,
                                                      "Plan Rows": 470,
                                                      "Plan Width": 4,
                                                      "Actual Startup Time": 0.197,
                                                      "Actual Total Time": 20.376,
                                                      "Actual Rows": 181,
                                                      "Actual Loops": 5,
                                                      "Filter": "((country_code)::text = '[hu]'::text)",
                                                      "Rows Removed by Filter": 46818
                                                    }
                                                  ]
                                                }
                                              ]
                                            },
                                            {
                                              "Node Type": "Hash",
                                              "Parent Relationship": "Inner",
                                              "Parallel Aware": false,
                                              "Startup Cost": 1.05,
                                              "Total Cost": 1.05,
                                              "Plan Rows": 1,
                                              "Plan Width": 4,
                                              "Actual Startup Time": 0.065,
                                              "Actual Total Time": 0.066,
                                              "Actual Rows": 1,
                                              "Actual Loops": 5,
                                              "Hash Buckets": 1024,
                                              "Original Hash Buckets": 1024,
                                              "Hash Batches": 1,
                                              "Original Hash Batches": 1,
                                              "Peak Memory Usage": 9,
                                              "Plans": [
                                                {
                                                  "Node Type": "Seq Scan",
                                                  "Parent Relationship": "Outer",
                                                  "Parallel Aware": false,
                                                  "Relation Name": "company_type",
                                                  "Alias": "ct",
                                                  "Startup Cost": 0.0,
                                                  "Total Cost": 1.05,
                                                  "Plan Rows": 1,
                                                  "Plan Width": 4,
                                                  "Actual Startup Time": 0.053,
                                                  "Actual Total Time": 0.055,
                                                  "Actual Rows": 1,
                                                  "Actual Loops": 5,
                                                  "Filter": "((kind)::text = 'distributors'::text)",
                                                  "Rows Removed by Filter": 3
                                                }
                                              ]
                                            }
                                          ]
                                        }
                                      ]
                                    }
                                  ]
                                }
                              ]
                            }
                          ]
                        }
                      ]
                    }
                  ]
                },
                {
                  "Node Type": "Hash",
                  "Parent Relationship": "Inner",
                  "Parallel Aware": false,
                  "Startup Cost": 1.09,
                  "Total Cost": 1.09,
                  "Plan Rows": 1,
                  "Plan Width": 4,
                  "Actual Startup Time": 0.116,
                  "Actual Total Time": 0.117,
                  "Actual Rows": 1,
                  "Actual Loops": 5,
                  "Hash Buckets": 1024,
                  "Original Hash Buckets": 1024,
                  "Hash Batches": 1,
                  "Original Hash Batches": 1,
                  "Peak Memory Usage": 9,
                  "Plans": [
                    {
                      "Node Type": "Seq Scan",
                      "Parent Relationship": "Outer",
                      "Parallel Aware": false,
                      "Relation Name": "kind_type",
                      "Alias": "kt",
                      "Startup Cost": 0.0,
                      "Total Cost": 1.09,
                      "Plan Rows": 1,
                      "Plan Width": 4,
                      "Actual Startup Time": 0.092,
                      "Actual Total Time": 0.095,
                      "Actual Rows": 1,
                      "Actual Loops": 5,
                      "Filter": "((kind)::text = 'tv series'::text)",
                      "Rows Removed by Filter": 6
                    }
                  ]
                }
              ]
            }
          ]
        }
      ]
    },
    "Planning Time": 15.432,
    "Triggers": [],
    "Execution Time": 1521.325
  }
]