[
  {
    "Plan": {
      "Node Type": "Aggregate",
      "Strategy": "Plain",
      "Partial Mode": "Finalize",
      "Parallel Aware": false,
      "Startup Cost": 79400.8,
      "Total Cost": 79400.81,
      "Plan Rows": 1,
      "Plan Width": 8,
      "Actual Startup Time": 333.558,
      "Actual Total Time": 347.903,
      "Actual Rows": 1,
      "Actual Loops": 1,
      "Plans": [
        {
          "Node Type": "Gather",
          "Parent Relationship": "Outer",
          "Parallel Aware": false,
          "Startup Cost": 79400.48,
          "Total Cost": 79400.79,
          "Plan Rows": 3,
          "Plan Width": 8,
          "Actual Startup Time": 329.749,
          "Actual Total Time": 347.895,
          "Actual Rows": 4,
          "Actual Loops": 1,
          "Workers Planned": 3,
          "Workers Launched": 3,
          "Single Copy": false,
          "Plans": [
            {
              "Node Type": "Aggregate",
              "Strategy": "Plain",
              "Partial Mode": "Partial",
              "Parent Relationship": "Outer",
              "Parallel Aware": false,
              "Startup Cost": 78400.48,
              "Total Cost": 78400.49,
              "Plan Rows": 1,
              "Plan Width": 8,
              "Actual Startup Time": 320.616,
              "Actual Total Time": 320.619,
              "Actual Rows": 1,
              "Actual Loops": 4,
              "Plans": [
                {
                  "Node Type": "Hash Join",
                  "Parent Relationship": "Outer",
                  "Parallel Aware": true,
                  "Join Type": "Inner",
                  "Startup Cost": 47422.31,
                  "Total Cost": 78084.02,
                  "Plan Rows": 126584,
                  "Plan Width": 0,
                  "Actual Startup Time": 177.812,
                  "Actual Total Time": 319.572,
                  "Actual Rows": 25687,
                  "Actual Loops": 4,
                  "Inner Unique": true,
                  "Hash Cond": "(mc.movie_id = t.id)",
                  "Plans": [
                    {
                      "Node Type": "Seq Scan",
                      "Parent Relationship": "Outer",
                      "Parallel Aware": true,
                      "Relation Name": "movie_companies",
                      "Alias": "mc",
                      "Startup Cost": 0.0,
                      "Total Cost": 29310.68,
                      "Plan Rows": 514677,
                      "Plan Width": 4,
                      "Actual Startup Time": 2.385,
                      "Actual Total Time": 65.511,
                      "Actual Rows": 399370,
                      "Actual Loops": 4,
                      "Filter": "(company_id > 5071)",
                      "Rows Removed by Filter": 252912
                    },
                    {
                      "Node Type": "Hash",
                      "Parent Relationship": "Inner",
                      "Parallel Aware": true,
                      "Startup Cost": 45479.1,
                      "Total Cost": 45479.1,
                      "Plan Rows": 155457,
                      "Plan Width": 4,
                      "Actual Startup Time": 169.947,
                      "Actual Total Time": 169.948,
                      "Actual Rows": 169232,
                      "Actual Loops": 4,
                      "Hash Buckets": 1048576,
                      "Original Hash Buckets": 1048576,
                      "Hash Batches": 1,
                      "Original Hash Batches": 1,
                      "Peak Memory Usage": 34752,
                      "Plans": [
                        {
                          "Node Type": "Seq Scan",
                          "Parent Relationship": "Outer",
                          "Parallel Aware": true,
                          "Relation Name": "title",
                          "Alias": "t",
                          "Startup Cost": 0.0,
                          "Total Cost": 45479.1,
                          "Plan Rows": 155457,
                          "Plan Width": 4,
                          "Actual Startup Time": 0.043,
                          "Actual Total Time": 103.128,
                          "Actual Rows": 169232,
                          "Actual Loops": 4,
                          "Filter": "((production_year > 2005) AND (kind_id = 7))",
                          "Rows Removed by Filter": 462846
                        }
                      ]
                    }
                  ]
                }
              ]
            }
          ]
        }
      ]
    },
    "Planning Time": 0.689,
    "Triggers": [],
    "Execution Time": 347.976
  }
]