{
  "Plan": {
    "Node Type": "Aggregate",
    "Strategy": "Plain",
    "Partial Mode": "Finalize",
    "Parallel Aware": false,
    "Startup Cost": 630169.25,
    "Total Cost": 630169.26,
    "Plan Rows": 1,
    "Plan Width": 8,
    "Actual Startup Time": 4438.879,
    "Actual Total Time": 4506.734,
    "Actual Rows": 1,
    "Actual Loops": 1,
    "Plans": [
      {
        "Node Type": "Gather",
        "Parent Relationship": "Outer",
        "Parallel Aware": false,
        "Startup Cost": 630169.14,
        "Total Cost": 630169.25,
        "Plan Rows": 1,
        "Plan Width": 8,
        "Actual Startup Time": 4434.735,
        "Actual Total Time": 4506.724,
        "Actual Rows": 2,
        "Actual Loops": 1,
        "Workers Planned": 1,
        "Workers Launched": 1,
        "Single Copy": false,
        "Plans": [
          {
            "Node Type": "Aggregate",
            "Strategy": "Plain",
            "Partial Mode": "Partial",
            "Parent Relationship": "Outer",
            "Parallel Aware": false,
            "Startup Cost": 629169.14,
            "Total Cost": 629169.15,
            "Plan Rows": 1,
            "Plan Width": 8,
            "Actual Startup Time": 4427.01,
            "Actual Total Time": 4427.207,
            "Actual Rows": 1,
            "Actual Loops": 2,
            "Plans": [
              {
                "Node Type": "Hash Join",
                "Parent Relationship": "Outer",
                "Parallel Aware": true,
                "Join Type": "Inner",
                "Startup Cost": 571448.48,
                "Total Cost": 629168.95,
                "Plan Rows": 76,
                "Plan Width": 0,
                "Actual Startup Time": 4319.194,
                "Actual Total Time": 4427.143,
                "Actual Rows": 1002,
                "Actual Loops": 2,
                "Inner Unique": false,
                "Hash Cond": "(mk.movie_id = t.id)",
                "Plans": [
                  {
                    "Node Type": "Seq Scan",
                    "Parent Relationship": "Outer",
                    "Parallel Aware": true,
                    "Relation Name": "movie_keyword",
                    "Alias": "mk",
                    "Startup Cost": 0.0,
                    "Total Cost": 57718.19,
                    "Plan Rows": 146,
                    "Plan Width": 4,
                    "Actual Startup Time": 0.066,
                    "Actual Total Time": 133.894,
                    "Actual Rows": 1676,
                    "Actual Loops": 2,
                    "Filter": "(keyword_id = 571)",
                    "Rows Removed by Filter": 2260290
                  },
                  {
                    "Node Type": "Hash",
                    "Parent Relationship": "Inner",
                    "Parallel Aware": true,
                    "Startup Cost": 561694.4,
                    "Total Cost": 561694.4,
                    "Plan Rows": 780326,
                    "Plan Width": 8,
                    "Actual Startup Time": 4274.849,
                    "Actual Total Time": 4275.044,
                    "Actual Rows": 686615,
                    "Actual Loops": 2,
                    "Hash Buckets": 2097152,
                    "Original Hash Buckets": 2097152,
                    "Hash Batches": 1,
                    "Original Hash Batches": 1,
                    "Peak Memory Usage": 70144,
                    "Plans": [
                      {
                        "Node Type": "Hash Join",
                        "Parent Relationship": "Outer",
                        "Parallel Aware": true,
                        "Join Type": "Inner",
                        "Startup Cost": 39961.05,
                        "Total Cost": 561694.4,
                        "Plan Rows": 780326,
                        "Plan Width": 8,
                        "Actual Startup Time": 61.216,
                        "Actual Total Time": 4032.67,
                        "Actual Rows": 686615,
                        "Actual Loops": 2,
                        "Inner Unique": true,
                        "Hash Cond": "(ci.movie_id = t.id)",
                        "Plans": [
                          {
                            "Node Type": "Seq Scan",
                            "Parent Relationship": "Outer",
                            "Parallel Aware": true,
                            "Relation Name": "cast_info",
                            "Alias": "ci",
                            "Startup Cost": 0.0,
                            "Total Cost": 465792.95,
                            "Plan Rows": 21310595,
                            "Plan Width": 4,
                            "Actual Startup Time": 0.016,
                            "Actual Total Time": 1485.992,
                            "Actual Rows": 18122172,
                            "Actual Loops": 2
                          },
                          {
                            "Node Type": "Hash",
                            "Parent Relationship": "Inner",
                            "Parallel Aware": true,
                            "Startup Cost": 39280.33,
                            "Total Cost": 39280.33,
                            "Plan Rows": 54458,
                            "Plan Width": 4,
                            "Actual Startup Time": 60.415,
                            "Actual Total Time": 60.417,
                            "Actual Rows": 58789,
                            "Actual Loops": 2,
                            "Hash Buckets": 131072,
                            "Original Hash Buckets": 131072,
                            "Hash Batches": 1,
                            "Original Hash Batches": 1,
                            "Peak Memory Usage": 5664,
                            "Plans": [
                              {
                                "Node Type": "Bitmap Heap Scan",
                                "Parent Relationship": "Outer",
                                "Parallel Aware": true,
                                "Relation Name": "title",
                                "Alias": "t",
                                "Startup Cost": 2204.08,
                                "Total Cost": 39280.33,
                                "Plan Rows": 54458,
                                "Plan Width": 4,
                                "Actual Startup Time": 9.604,
                                "Actual Total Time": 46.672,
                                "Actual Rows": 58789,
                                "Actual Loops": 2,
                                "Recheck Cond": "(kind_id = 4)",
                                "Rows Removed by Index Recheck": 0,
                                "Filter": "(production_year > 1982)",
                                "Rows Removed by Filter": 328,
                                "Exact Heap Blocks": 10349,
                                "Lossy Heap Blocks": 0,
                                "Plans": [
                                  {
                                    "Node Type": "Bitmap Index Scan",
                                    "Parent Relationship": "Outer",
                                    "Parallel Aware": false,
                                    "Index Name": "kind_id_title",
                                    "Startup Cost": 0.0,
                                    "Total Cost": 2180.94,
                                    "Plan Rows": 122201,
                                    "Plan Width": 0,
                                    "Actual Startup Time": 7.073,
                                    "Actual Total Time": 7.074,
                                    "Actual Rows": 118234,
                                    "Actual Loops": 1,
                                    "Index Cond": "(kind_id = 4)"
                                  }
                                ]
                              }
                            ]
                          }
                        ]
                      }
                    ]
                  }
                ]
              }
            ]
          }
        ]
      }
    ]
  },
  "Planning Time": 0.958,
  "Triggers": [],
  "Execution Time": 4506.853
}