[
  {
    "Plan": {
      "Node Type": "Aggregate",
      "Strategy": "Plain",
      "Partial Mode": "Finalize",
      "Parallel Aware": false,
      "Startup Cost": 31923.7,
      "Total Cost": 31923.71,
      "Plan Rows": 1,
      "Plan Width": 8,
      "Actual Startup Time": 114.986,
      "Actual Total Time": 123.276,
      "Actual Rows": 1,
      "Actual Loops": 1,
      "Plans": [
        {
          "Node Type": "Gather",
          "Parent Relationship": "Outer",
          "Parallel Aware": false,
          "Startup Cost": 31923.38,
          "Total Cost": 31923.69,
          "Plan Rows": 3,
          "Plan Width": 8,
          "Actual Startup Time": 114.873,
          "Actual Total Time": 123.268,
          "Actual Rows": 4,
          "Actual Loops": 1,
          "Workers Planned": 3,
          "Workers Launched": 3,
          "Single Copy": false,
          "Plans": [
            {
              "Node Type": "Aggregate",
              "Strategy": "Plain",
              "Partial Mode": "Partial",
              "Parent Relationship": "Outer",
              "Parallel Aware": false,
              "Startup Cost": 30923.38,
              "Total Cost": 30923.39,
              "Plan Rows": 1,
              "Plan Width": 8,
              "Actual Startup Time": 107.524,
              "Actual Total Time": 107.525,
              "Actual Rows": 1,
              "Actual Loops": 4,
              "Plans": [
                {
                  "Node Type": "Seq Scan",
                  "Parent Relationship": "Outer",
                  "Parallel Aware": true,
                  "Relation Name": "movie_companies",
                  "Alias": "mc",
                  "Startup Cost": 0.0,
                  "Total Cost": 29310.68,
                  "Plan Rows": 645081,
                  "Plan Width": 0,
                  "Actual Startup Time": 0.046,
                  "Actual Total Time": 83.046,
                  "Actual Rows": 496548,
                  "Actual Loops": 4,
                  "Filter": "(company_id < 61606)",
                  "Rows Removed by Filter": 155734
                }
              ]
            }
          ]
        }
      ]
    },
    "Planning Time": 0.19,
    "Triggers": [],
    "Execution Time": 123.367
  }
]