[
  {
    "Plan": {
      "Node Type": "Aggregate",
      "Strategy": "Plain",
      "Partial Mode": "Finalize",
      "Parallel Aware": false,
      "Startup Cost": 37049.04,
      "Total Cost": 37049.05,
      "Plan Rows": 1,
      "Plan Width": 8,
      "Actual Startup Time": 143.706,
      "Actual Total Time": 155.559,
      "Actual Rows": 1,
      "Actual Loops": 1,
      "Plans": [
        {
          "Node Type": "Gather",
          "Parent Relationship": "Outer",
          "Parallel Aware": false,
          "Startup Cost": 37048.72,
          "Total Cost": 37049.03,
          "Plan Rows": 3,
          "Plan Width": 8,
          "Actual Startup Time": 143.237,
          "Actual Total Time": 155.545,
          "Actual Rows": 4,
          "Actual Loops": 1,
          "Workers Planned": 3,
          "Workers Launched": 3,
          "Single Copy": false,
          "Plans": [
            {
              "Node Type": "Aggregate",
              "Strategy": "Plain",
              "Partial Mode": "Partial",
              "Parent Relationship": "Outer",
              "Parallel Aware": false,
              "Startup Cost": 36048.72,
              "Total Cost": 36048.73,
              "Plan Rows": 1,
              "Plan Width": 8,
              "Actual Startup Time": 137.858,
              "Actual Total Time": 137.86,
              "Actual Rows": 1,
              "Actual Loops": 4,
              "Plans": [
                {
                  "Node Type": "Bitmap Heap Scan",
                  "Parent Relationship": "Outer",
                  "Parallel Aware": true,
                  "Relation Name": "movie_keyword",
                  "Alias": "mk",
                  "Startup Cost": 9441.38,
                  "Total Cost": 35689.83,
                  "Plan Rows": 143556,
                  "Plan Width": 0,
                  "Actual Startup Time": 49.771,
                  "Actual Total Time": 130.322,
                  "Actual Rows": 110436,
                  "Actual Loops": 4,
                  "Recheck Cond": "(keyword_id > 39974)",
                  "Rows Removed by Index Recheck": 0,
                  "Exact Heap Blocks": 11113,
                  "Lossy Heap Blocks": 0,
                  "Plans": [
                    {
                      "Node Type": "Bitmap Index Scan",
                      "Parent Relationship": "Outer",
                      "Parallel Aware": false,
                      "Index Name": "keyword_id_movie_keyword",
                      "Startup Cost": 0.0,
                      "Total Cost": 9330.12,
                      "Plan Rows": 445025,
                      "Plan Width": 0,
                      "Actual Startup Time": 51.01,
                      "Actual Total Time": 51.012,
                      "Actual Rows": 441742,
                      "Actual Loops": 1,
                      "Index Cond": "(keyword_id > 39974)"
                    }
                  ]
                }
              ]
            }
          ]
        }
      ]
    },
    "Planning Time": 0.202,
    "Triggers": [],
    "Execution Time": 155.64
  }
]