{
  "Plan": {
    "Node Type": "Aggregate",
    "Strategy": "Plain",
    "Partial Mode": "Finalize",
    "Parallel Aware": false,
    "Startup Cost": 112266.04,
    "Total Cost": 112266.05,
    "Plan Rows": 1,
    "Plan Width": 8,
    "Actual Startup Time": 514.738,
    "Actual Total Time": 530.179,
    "Actual Rows": 1,
    "Actual Loops": 1,
    "Plans": [
      {
        "Node Type": "Gather",
        "Parent Relationship": "Outer",
        "Parallel Aware": false,
        "Startup Cost": 112265.93,
        "Total Cost": 112266.04,
        "Plan Rows": 1,
        "Plan Width": 8,
        "Actual Startup Time": 513.574,
        "Actual Total Time": 530.169,
        "Actual Rows": 2,
        "Actual Loops": 1,
        "Workers Planned": 1,
        "Workers Launched": 1,
        "Single Copy": false,
        "Plans": [
          {
            "Node Type": "Aggregate",
            "Strategy": "Plain",
            "Partial Mode": "Partial",
            "Parent Relationship": "Outer",
            "Parallel Aware": false,
            "Startup Cost": 111265.93,
            "Total Cost": 111265.94,
            "Plan Rows": 1,
            "Plan Width": 8,
            "Actual Startup Time": 508.541,
            "Actual Total Time": 508.544,
            "Actual Rows": 1,
            "Actual Loops": 2,
            "Plans": [
              {
                "Node Type": "Hash Join",
                "Parent Relationship": "Outer",
                "Parallel Aware": true,
                "Join Type": "Inner",
                "Startup Cost": 45958.68,
                "Total Cost": 110497.74,
                "Plan Rows": 307275,
                "Plan Width": 0,
                "Actual Startup Time": 352.322,
                "Actual Total Time": 503.489,
                "Actual Rows": 122560,
                "Actual Loops": 2,
                "Inner Unique": false,
                "Hash Cond": "(t.id = mc.movie_id)",
                "Plans": [
                  {
                    "Node Type": "Seq Scan",
                    "Parent Relationship": "Outer",
                    "Parallel Aware": true,
                    "Relation Name": "title",
                    "Alias": "t",
                    "Startup Cost": 0.0,
                    "Total Cost": 54588.39,
                    "Plan Rows": 1302907,
                    "Plan Width": 4,
                    "Actual Startup Time": 0.016,
                    "Actual Total Time": 158.573,
                    "Actual Rows": 1101848,
                    "Actual Loops": 2,
                    "Filter": "(production_year > 1960)",
                    "Rows Removed by Filter": 162308
                  },
                  {
                    "Node Type": "Hash",
                    "Parent Relationship": "Inner",
                    "Parallel Aware": true,
                    "Startup Cost": 41574.35,
                    "Total Cost": 41574.35,
                    "Plan Rows": 350746,
                    "Plan Width": 4,
                    "Actual Startup Time": 160.84,
                    "Actual Total Time": 160.841,
                    "Actual Rows": 164658,
                    "Actual Loops": 2,
                    "Hash Buckets": 1048576,
                    "Original Hash Buckets": 1048576,
                    "Hash Batches": 1,
                    "Original Hash Batches": 1,
                    "Peak Memory Usage": 21088,
                    "Plans": [
                      {
                        "Node Type": "Index Scan",
                        "Parent Relationship": "Outer",
                        "Parallel Aware": true,
                        "Scan Direction": "Forward",
                        "Index Name": "company_type_id_movie_companies",
                        "Relation Name": "movie_companies",
                        "Alias": "mc",
                        "Startup Cost": 0.43,
                        "Total Cost": 41574.35,
                        "Plan Rows": 350746,
                        "Plan Width": 4,
                        "Actual Startup Time": 44.091,
                        "Actual Total Time": 119.004,
                        "Actual Rows": 164658,
                        "Actual Loops": 2,
                        "Index Cond": "(company_type_id = 1)",
                        "Rows Removed by Index Recheck": 0,
                        "Filter": "(company_id > 12117)",
                        "Rows Removed by Filter": 472465
                      }
                    ]
                  }
                ]
              }
            ]
          }
        ]
      }
    ]
  },
  "Planning Time": 0.538,
  "Triggers": [],
  "Execution Time": 530.261
}