[
    {
        "Bao": {
            "Bao prediction": "NaN",
            "Bao recommended hint": "(no hint)"
        }
    },
    {
        "Plan": {
            "Node Type": "Aggregate",
            "Strategy": "Plain",
            "Partial Mode": "Finalize",
            "Parallel Aware": false,
            "Startup Cost": 40478.51,
            "Total Cost": 40478.52,
            "Plan Rows": 1,
            "Plan Width": 8,
            "Actual Startup Time": 136.662,
            "Actual Total Time": 144.389,
            "Actual Rows": 1,
            "Actual Loops": 1,
            "Output": [
                "count(*)"
            ],
            "Plans": [
                {
                    "Node Type": "Gather",
                    "Parent Relationship": "Outer",
                    "Parallel Aware": false,
                    "Startup Cost": 40478.19,
                    "Total Cost": 40478.5,
                    "Plan Rows": 3,
                    "Plan Width": 8,
                    "Actual Startup Time": 136.443,
                    "Actual Total Time": 144.378,
                    "Actual Rows": 4,
                    "Actual Loops": 1,
                    "Output": [
                        "(PARTIAL count(*))"
                    ],
                    "Workers Planned": 3,
                    "Workers Launched": 3,
                    "Single Copy": false,
                    "Plans": [
                        {
                            "Node Type": "Aggregate",
                            "Strategy": "Plain",
                            "Partial Mode": "Partial",
                            "Parent Relationship": "Outer",
                            "Parallel Aware": false,
                            "Startup Cost": 39478.19,
                            "Total Cost": 39478.2,
                            "Plan Rows": 1,
                            "Plan Width": 8,
                            "Actual Startup Time": 127.96,
                            "Actual Total Time": 127.961,
                            "Actual Rows": 1,
                            "Actual Loops": 4,
                            "Output": [
                                "PARTIAL count(*)"
                            ],
                            "Workers": [
                                {
                                    "Worker Number": 0,
                                    "Actual Startup Time": 124.992,
                                    "Actual Total Time": 124.994,
                                    "Actual Rows": 1,
                                    "Actual Loops": 1
                                },
                                {
                                    "Worker Number": 1,
                                    "Actual Startup Time": 125.308,
                                    "Actual Total Time": 125.31,
                                    "Actual Rows": 1,
                                    "Actual Loops": 1
                                },
                                {
                                    "Worker Number": 2,
                                    "Actual Startup Time": 125.438,
                                    "Actual Total Time": 125.439,
                                    "Actual Rows": 1,
                                    "Actual Loops": 1
                                }
                            ],
                            "Plans": [
                                {
                                    "Node Type": "Bitmap Heap Scan",
                                    "Parent Relationship": "Outer",
                                    "Parallel Aware": true,
                                    "Relation Name": "movie_keyword",
                                    "Schema": "public",
                                    "Alias": "mk",
                                    "Startup Cost": 12233.76,
                                    "Total Cost": 39013.12,
                                    "Plan Rows": 186028,
                                    "Plan Width": 0,
                                    "Actual Startup Time": 41.021,
                                    "Actual Total Time": 118.655,
                                    "Actual Rows": 145863,
                                    "Actual Loops": 4,
                                    "Recheck Cond": "(mk.keyword_id < 414)",
                                    "Rows Removed by Index Recheck": 0,
                                    "Exact Heap Blocks": 8068,
                                    "Lossy Heap Blocks": 0,
                                    "Workers": [
                                        {
                                            "Worker Number": 0,
                                            "Actual Startup Time": 38.258,
                                            "Actual Total Time": 116.803,
                                            "Actual Rows": 133304,
                                            "Actual Loops": 1
                                        },
                                        {
                                            "Worker Number": 1,
                                            "Actual Startup Time": 38.424,
                                            "Actual Total Time": 117.012,
                                            "Actual Rows": 135329,
                                            "Actual Loops": 1
                                        },
                                        {
                                            "Worker Number": 2,
                                            "Actual Startup Time": 38.574,
                                            "Actual Total Time": 117.532,
                                            "Actual Rows": 123128,
                                            "Actual Loops": 1
                                        }
                                    ],
                                    "Plans": [
                                        {
                                            "Node Type": "Bitmap Index Scan",
                                            "Parent Relationship": "Outer",
                                            "Parallel Aware": false,
                                            "Index Name": "keyword_id_movie_keyword",
                                            "Startup Cost": 0.0,
                                            "Total Cost": 12089.59,
                                            "Plan Rows": 576688,
                                            "Plan Width": 0,
                                            "Actual Startup Time": 43.089,
                                            "Actual Total Time": 43.09,
                                            "Actual Rows": 583452,
                                            "Actual Loops": 1,
                                            "Index Cond": "(mk.keyword_id < 414)"
                                        }
                                    ]
                                }
                            ]
                        }
                    ]
                }
            ]
        },
        "Planning Time": 297.137,
        "Triggers": [],
        "Execution Time": 144.458
    }
]