[
  {
    "Plan": {
      "Node Type": "Aggregate",
      "Strategy": "Plain",
      "Partial Mode": "Finalize",
      "Parallel Aware": false,
      "Startup Cost": 335110.21,
      "Total Cost": 335110.22,
      "Plan Rows": 1,
      "Plan Width": 8,
      "Actual Startup Time": 791.027,
      "Actual Total Time": 858.078,
      "Actual Rows": 1,
      "Actual Loops": 1,
      "Plans": [
        {
          "Node Type": "Gather",
          "Parent Relationship": "Outer",
          "Parallel Aware": false,
          "Startup Cost": 335109.58,
          "Total Cost": 335110.19,
          "Plan Rows": 6,
          "Plan Width": 8,
          "Actual Startup Time": 790.846,
          "Actual Total Time": 858.065,
          "Actual Rows": 7,
          "Actual Loops": 1,
          "Workers Planned": 6,
          "Workers Launched": 6,
          "Single Copy": false,
          "Plans": [
            {
              "Node Type": "Aggregate",
              "Strategy": "Plain",
              "Partial Mode": "Partial",
              "Parent Relationship": "Outer",
              "Parallel Aware": false,
              "Startup Cost": 334109.58,
              "Total Cost": 334109.59,
              "Plan Rows": 1,
              "Plan Width": 8,
              "Actual Startup Time": 782.565,
              "Actual Total Time": 782.566,
              "Actual Rows": 1,
              "Actual Loops": 7,
              "Plans": [
                {
                  "Node Type": "Seq Scan",
                  "Parent Relationship": "Outer",
                  "Parallel Aware": true,
                  "Relation Name": "cast_info",
                  "Alias": "ci",
                  "Startup Cost": 0.0,
                  "Total Cost": 328211.39,
                  "Plan Rows": 2359276,
                  "Plan Width": 0,
                  "Actual Startup Time": 0.054,
                  "Actual Total Time": 677.547,
                  "Actual Rows": 2042081,
                  "Actual Loops": 7,
                  "Filter": "(person_id < 1407320)",
                  "Rows Removed by Filter": 3135683
                }
              ]
            }
          ]
        }
      ]
    },
    "Planning Time": 0.092,
    "Triggers": [],
    "Execution Time": 858.132
  }
]