[
    {
        "Bao": {
            "Bao prediction": "NaN",
            "Bao recommended hint": "(no hint)"
        }
    },
    {
        "Plan": {
            "Node Type": "Aggregate",
            "Strategy": "Plain",
            "Partial Mode": "Finalize",
            "Parallel Aware": false,
            "Startup Cost": 33458.15,
            "Total Cost": 33458.16,
            "Plan Rows": 1,
            "Plan Width": 8,
            "Actual Startup Time": 138.596,
            "Actual Total Time": 144.913,
            "Actual Rows": 1,
            "Actual Loops": 1,
            "Output": [
                "count(*)"
            ],
            "Plans": [
                {
                    "Node Type": "Gather",
                    "Parent Relationship": "Outer",
                    "Parallel Aware": false,
                    "Startup Cost": 33457.84,
                    "Total Cost": 33458.15,
                    "Plan Rows": 3,
                    "Plan Width": 8,
                    "Actual Startup Time": 138.339,
                    "Actual Total Time": 144.9,
                    "Actual Rows": 4,
                    "Actual Loops": 1,
                    "Output": [
                        "(PARTIAL count(*))"
                    ],
                    "Workers Planned": 3,
                    "Workers Launched": 3,
                    "Single Copy": false,
                    "Plans": [
                        {
                            "Node Type": "Aggregate",
                            "Strategy": "Plain",
                            "Partial Mode": "Partial",
                            "Parent Relationship": "Outer",
                            "Parallel Aware": false,
                            "Startup Cost": 32457.84,
                            "Total Cost": 32457.85,
                            "Plan Rows": 1,
                            "Plan Width": 8,
                            "Actual Startup Time": 129.748,
                            "Actual Total Time": 129.75,
                            "Actual Rows": 1,
                            "Actual Loops": 4,
                            "Output": [
                                "PARTIAL count(*)"
                            ],
                            "Workers": [
                                {
                                    "Worker Number": 0,
                                    "Actual Startup Time": 126.986,
                                    "Actual Total Time": 126.987,
                                    "Actual Rows": 1,
                                    "Actual Loops": 1
                                },
                                {
                                    "Worker Number": 1,
                                    "Actual Startup Time": 127.102,
                                    "Actual Total Time": 127.103,
                                    "Actual Rows": 1,
                                    "Actual Loops": 1
                                },
                                {
                                    "Worker Number": 2,
                                    "Actual Startup Time": 127.009,
                                    "Actual Total Time": 127.01,
                                    "Actual Rows": 1,
                                    "Actual Loops": 1
                                }
                            ],
                            "Plans": [
                                {
                                    "Node Type": "Seq Scan",
                                    "Parent Relationship": "Outer",
                                    "Parallel Aware": true,
                                    "Relation Name": "movie_companies",
                                    "Schema": "public",
                                    "Alias": "mc",
                                    "Startup Cost": 0.0,
                                    "Total Cost": 31414.82,
                                    "Plan Rows": 417207,
                                    "Plan Width": 0,
                                    "Actual Startup Time": 52.746,
                                    "Actual Total Time": 109.182,
                                    "Actual Rows": 315239,
                                    "Actual Loops": 4,
                                    "Output": [
                                        "id",
                                        "movie_id",
                                        "company_id",
                                        "company_type_id",
                                        "note"
                                    ],
                                    "Filter": "((mc.company_id < 173976) AND (mc.company_type_id > 1))",
                                    "Rows Removed by Filter": 337043,
                                    "Workers": [
                                        {
                                            "Worker Number": 0,
                                            "Actual Startup Time": 49.985,
                                            "Actual Total Time": 106.73,
                                            "Actual Rows": 308588,
                                            "Actual Loops": 1
                                        },
                                        {
                                            "Worker Number": 1,
                                            "Actual Startup Time": 50.074,
                                            "Actual Total Time": 106.864,
                                            "Actual Rows": 310098,
                                            "Actual Loops": 1
                                        },
                                        {
                                            "Worker Number": 2,
                                            "Actual Startup Time": 50.016,
                                            "Actual Total Time": 106.749,
                                            "Actual Rows": 309661,
                                            "Actual Loops": 1
                                        }
                                    ]
                                }
                            ]
                        }
                    ]
                }
            ]
        },
        "Planning Time": 287.229,
        "Triggers": [],
        "Execution Time": 144.995
    }
]