[
  {
    "Plan": {
      "Node Type": "Aggregate",
      "Strategy": "Plain",
      "Partial Mode": "Finalize",
      "Parallel Aware": false,
      "Startup Cost": 92406.86,
      "Total Cost": 92406.87,
      "Plan Rows": 1,
      "Plan Width": 8,
      "Actual Startup Time": 390.434,
      "Actual Total Time": 408.078,
      "Actual Rows": 1,
      "Actual Loops": 1,
      "Plans": [
        {
          "Node Type": "Gather",
          "Parent Relationship": "Outer",
          "Parallel Aware": false,
          "Startup Cost": 92406.54,
          "Total Cost": 92406.85,
          "Plan Rows": 3,
          "Plan Width": 8,
          "Actual Startup Time": 387.262,
          "Actual Total Time": 408.07,
          "Actual Rows": 4,
          "Actual Loops": 1,
          "Workers Planned": 3,
          "Workers Launched": 3,
          "Single Copy": false,
          "Plans": [
            {
              "Node Type": "Aggregate",
              "Strategy": "Plain",
              "Partial Mode": "Partial",
              "Parent Relationship": "Outer",
              "Parallel Aware": false,
              "Startup Cost": 91406.54,
              "Total Cost": 91406.55,
              "Plan Rows": 1,
              "Plan Width": 8,
              "Actual Startup Time": 378.116,
              "Actual Total Time": 378.133,
              "Actual Rows": 1,
              "Actual Loops": 4,
              "Plans": [
                {
                  "Node Type": "Hash Join",
                  "Parent Relationship": "Outer",
                  "Parallel Aware": true,
                  "Join Type": "Inner",
                  "Startup Cost": 47079.47,
                  "Total Cost": 90954.42,
                  "Plan Rows": 180850,
                  "Plan Width": 0,
                  "Actual Startup Time": 206.319,
                  "Actual Total Time": 370.355,
                  "Actual Rows": 188323,
                  "Actual Loops": 4,
                  "Inner Unique": true,
                  "Hash Cond": "(mk.movie_id = t.id)",
                  "Plans": [
                    {
                      "Node Type": "Seq Scan",
                      "Parent Relationship": "Outer",
                      "Parallel Aware": true,
                      "Relation Name": "movie_keyword",
                      "Alias": "mk",
                      "Startup Cost": 0.0,
                      "Total Cost": 42695.65,
                      "Plan Rows": 449256,
                      "Plan Width": 4,
                      "Actual Startup Time": 0.029,
                      "Actual Total Time": 96.146,
                      "Actual Rows": 350765,
                      "Actual Loops": 4,
                      "Filter": "(keyword_id < 1907)",
                      "Rows Removed by Filter": 780218
                    },
                    {
                      "Node Type": "Hash",
                      "Parent Relationship": "Inner",
                      "Parallel Aware": true,
                      "Startup Cost": 43898.92,
                      "Total Cost": 43898.92,
                      "Plan Rows": 254444,
                      "Plan Width": 4,
                      "Actual Startup Time": 200.888,
                      "Actual Total Time": 200.889,
                      "Actual Rows": 255438,
                      "Actual Loops": 4,
                      "Hash Buckets": 1048576,
                      "Original Hash Buckets": 1048576,
                      "Hash Batches": 1,
                      "Original Hash Batches": 1,
                      "Peak Memory Usage": 48192,
                      "Plans": [
                        {
                          "Node Type": "Seq Scan",
                          "Parent Relationship": "Outer",
                          "Parallel Aware": true,
                          "Relation Name": "title",
                          "Alias": "t",
                          "Startup Cost": 0.0,
                          "Total Cost": 43898.92,
                          "Plan Rows": 254444,
                          "Plan Width": 4,
                          "Actual Startup Time": 0.037,
                          "Actual Total Time": 105.521,
                          "Actual Rows": 255438,
                          "Actual Loops": 4,
                          "Filter": "(production_year < 2000)",
                          "Rows Removed by Filter": 376640
                        }
                      ]
                    }
                  ]
                }
              ]
            }
          ]
        }
      ]
    },
    "Planning Time": 0.605,
    "Triggers": [],
    "Execution Time": 408.153
  }
]