[
  {
    "Plan": {
      "Node Type": "Aggregate",
      "Strategy": "Plain",
      "Partial Mode": "Finalize",
      "Parallel Aware": false,
      "Startup Cost": 93144.51,
      "Total Cost": 93144.52,
      "Plan Rows": 1,
      "Plan Width": 8,
      "Actual Startup Time": 593.329,
      "Actual Total Time": 615.903,
      "Actual Rows": 1,
      "Actual Loops": 1,
      "Plans": [
        {
          "Node Type": "Gather",
          "Parent Relationship": "Outer",
          "Parallel Aware": false,
          "Startup Cost": 93144.19,
          "Total Cost": 93144.5,
          "Plan Rows": 3,
          "Plan Width": 8,
          "Actual Startup Time": 577.474,
          "Actual Total Time": 615.891,
          "Actual Rows": 4,
          "Actual Loops": 1,
          "Workers Planned": 3,
          "Workers Launched": 3,
          "Single Copy": false,
          "Plans": [
            {
              "Node Type": "Aggregate",
              "Strategy": "Plain",
              "Partial Mode": "Partial",
              "Parent Relationship": "Outer",
              "Parallel Aware": false,
              "Startup Cost": 92144.19,
              "Total Cost": 92144.2,
              "Plan Rows": 1,
              "Plan Width": 8,
              "Actual Startup Time": 563.771,
              "Actual Total Time": 563.776,
              "Actual Rows": 1,
              "Actual Loops": 4,
              "Plans": [
                {
                  "Node Type": "Hash Join",
                  "Parent Relationship": "Outer",
                  "Parallel Aware": true,
                  "Join Type": "Inner",
                  "Startup Cost": 63997.88,
                  "Total Cost": 91620.46,
                  "Plan Rows": 209493,
                  "Plan Width": 0,
                  "Actual Startup Time": 434.148,
                  "Actual Total Time": 554.581,
                  "Actual Rows": 163706,
                  "Actual Loops": 4,
                  "Inner Unique": true,
                  "Hash Cond": "(mk.movie_id = t.id)",
                  "Plans": [
                    {
                      "Node Type": "Bitmap Heap Scan",
                      "Parent Relationship": "Outer",
                      "Parallel Aware": true,
                      "Relation Name": "movie_keyword",
                      "Alias": "mk",
                      "Startup Cost": 13777.5,
                      "Total Cost": 40850.16,
                      "Plan Rows": 209493,
                      "Plan Width": 4,
                      "Actual Startup Time": 56.218,
                      "Actual Total Time": 117.524,
                      "Actual Rows": 163706,
                      "Actual Loops": 4,
                      "Recheck Cond": "(keyword_id > 28705)",
                      "Rows Removed by Index Recheck": 0,
                      "Exact Heap Blocks": 5919,
                      "Lossy Heap Blocks": 0,
                      "Plans": [
                        {
                          "Node Type": "Bitmap Index Scan",
                          "Parent Relationship": "Outer",
                          "Parallel Aware": false,
                          "Index Name": "keyword_id_movie_keyword",
                          "Startup Cost": 0.0,
                          "Total Cost": 13615.14,
                          "Plan Rows": 649428,
                          "Plan Width": 0,
                          "Actual Startup Time": 50.688,
                          "Actual Total Time": 50.69,
                          "Actual Rows": 654824,
                          "Actual Loops": 1,
                          "Index Cond": "(keyword_id > 28705)"
                        }
                      ]
                    },
                    {
                      "Node Type": "Hash",
                      "Parent Relationship": "Inner",
                      "Parallel Aware": true,
                      "Startup Cost": 42319.06,
                      "Total Cost": 42319.06,
                      "Plan Rows": 632106,
                      "Plan Width": 4,
                      "Actual Startup Time": 367.719,
                      "Actual Total Time": 367.72,
                      "Actual Rows": 632078,
                      "Actual Loops": 4,
                      "Hash Buckets": 4194304,
                      "Original Hash Buckets": 4194304,
                      "Hash Batches": 1,
                      "Original Hash Batches": 1,
                      "Peak Memory Usage": 131712,
                      "Plans": [
                        {
                          "Node Type": "Seq Scan",
                          "Parent Relationship": "Outer",
                          "Parallel Aware": true,
                          "Relation Name": "title",
                          "Alias": "t",
                          "Startup Cost": 0.0,
                          "Total Cost": 42319.06,
                          "Plan Rows": 632106,
                          "Plan Width": 4,
                          "Actual Startup Time": 0.053,
                          "Actual Total Time": 109.37,
                          "Actual Rows": 632078,
                          "Actual Loops": 4
                        }
                      ]
                    }
                  ]
                }
              ]
            }
          ]
        }
      ]
    },
    "Planning Time": 0.524,
    "Triggers": [],
    "Execution Time": 615.956
  }
]