{
    "Plan": {
        "Node Type": "Aggregate",
        "Strategy": "Plain",
        "Partial Mode": "Simple",
        "Parallel Aware": false,
        "Startup Cost": 80015248329.86,
        "Total Cost": 80015248329.87,
        "Plan Rows": 1,
        "Plan Width": 96,
        "Actual Startup Time": 14528.75,
        "Actual Total Time": 14528.759,
        "Actual Rows": 1,
        "Actual Loops": 1,
        "Output": [
            "min(cn.name)",
            "min((lt.link)::text)",
            "min(t.title)"
        ],
        "Plans": [
            {
                "Node Type": "Nested Loop",
                "Parent Relationship": "Outer",
                "Parallel Aware": false,
                "Join Type": "Inner",
                "Startup Cost": 80000060702.25,
                "Total Cost": 80015248329.85,
                "Plan Rows": 1,
                "Plan Width": 48,
                "Actual Startup Time": 1280.451,
                "Actual Total Time": 14528.681,
                "Actual Rows": 108,
                "Actual Loops": 1,
                "Output": [
                    "cn.name",
                    "lt.link",
                    "t.title"
                ],
                "Inner Unique": true,
                "Plans": [
                    {
                        "Node Type": "Nested Loop",
                        "Parent Relationship": "Outer",
                        "Parallel Aware": false,
                        "Join Type": "Inner",
                        "Startup Cost": 70000060702.11,
                        "Total Cost": 70015248321.67,
                        "Plan Rows": 1,
                        "Plan Width": 40,
                        "Actual Startup Time": 1280.437,
                        "Actual Total Time": 14527.971,
                        "Actual Rows": 108,
                        "Actual Loops": 1,
                        "Output": [
                            "cn.name",
                            "ml.link_type_id",
                            "t.title"
                        ],
                        "Inner Unique": false,
                        "Join Filter": "(ml.movie_id = mi.movie_id)",
                        "Rows Removed by Join Filter": 0,
                        "Plans": [
                            {
                                "Node Type": "Nested Loop",
                                "Parent Relationship": "Outer",
                                "Parallel Aware": false,
                                "Join Type": "Inner",
                                "Startup Cost": 60000060701.33,
                                "Total Cost": 60015248315.95,
                                "Plan Rows": 1,
                                "Plan Width": 56,
                                "Actual Startup Time": 1280.307,
                                "Actual Total Time": 14526.264,
                                "Actual Rows": 54,
                                "Actual Loops": 1,
                                "Output": [
                                    "cn.name",
                                    "mc.movie_id",
                                    "mk.movie_id",
                                    "ml.link_type_id",
                                    "ml.movie_id",
                                    "t.title",
                                    "t.id"
                                ],
                                "Inner Unique": false,
                                "Join Filter": "(t.id = ml.movie_id)",
                                "Rows Removed by Join Filter": 0,
                                "Plans": [
                                    {
                                        "Node Type": "Nested Loop",
                                        "Parent Relationship": "Outer",
                                        "Parallel Aware": false,
                                        "Join Type": "Inner",
                                        "Startup Cost": 50000060701.0,
                                        "Total Cost": 50015248307.04,
                                        "Plan Rows": 2,
                                        "Plan Width": 48,
                                        "Actual Startup Time": 1280.268,
                                        "Actual Total Time": 14523.898,
                                        "Actual Rows": 514,
                                        "Actual Loops": 1,
                                        "Output": [
                                            "cn.name",
                                            "mc.movie_id",
                                            "mk.movie_id",
                                            "t.title",
                                            "t.id"
                                        ],
                                        "Inner Unique": true,
                                        "Plans": [
                                            {
                                                "Node Type": "Nested Loop",
                                                "Parent Relationship": "Outer",
                                                "Parallel Aware": false,
                                                "Join Type": "Inner",
                                                "Startup Cost": 40000060700.87,
                                                "Total Cost": 40015248273.8,
                                                "Plan Rows": 8,
                                                "Plan Width": 52,
                                                "Actual Startup Time": 1280.236,
                                                "Actual Total Time": 14521.244,
                                                "Actual Rows": 531,
                                                "Actual Loops": 1,
                                                "Output": [
                                                    "cn.name",
                                                    "mc.movie_id",
                                                    "mc.company_type_id",
                                                    "mk.movie_id",
                                                    "t.title",
                                                    "t.id"
                                                ],
                                                "Inner Unique": true,
                                                "Plans": [
                                                    {
                                                        "Node Type": "Hash Join",
                                                        "Parent Relationship": "Outer",
                                                        "Parallel Aware": false,
                                                        "Join Type": "Inner",
                                                        "Startup Cost": 30000060700.43,
                                                        "Total Cost": 30015248104.68,
                                                        "Plan Rows": 38,
                                                        "Plan Width": 37,
                                                        "Actual Startup Time": 745.107,
                                                        "Actual Total Time": 14492.674,
                                                        "Actual Rows": 2893,
                                                        "Actual Loops": 1,
                                                        "Output": [
                                                            "mk.movie_id",
                                                            "mc.movie_id",
                                                            "mc.company_type_id",
                                                            "mc.company_id",
                                                            "t.title",
                                                            "t.id"
                                                        ],
                                                        "Inner Unique": false,
                                                        "Hash Cond": "(t.id = mc.movie_id)",
                                                        "Plans": [
                                                            {
                                                                "Node Type": "Nested Loop",
                                                                "Parent Relationship": "Outer",
                                                                "Parallel Aware": false,
                                                                "Join Type": "Inner",
                                                                "Startup Cost": 30000000001.29,
                                                                "Total Cost": 30015187405.33,
                                                                "Plan Rows": 15,
                                                                "Plan Width": 25,
                                                                "Actual Startup Time": 2.15,
                                                                "Actual Total Time": 13745.581,
                                                                "Actual Rows": 2607,
                                                                "Actual Loops": 1,
                                                                "Output": [
                                                                    "mk.movie_id",
                                                                    "t.title",
                                                                    "t.id"
                                                                ],
                                                                "Inner Unique": true,
                                                                "Plans": [
                                                                    {
                                                                        "Node Type": "Nested Loop",
                                                                        "Parent Relationship": "Outer",
                                                                        "Parallel Aware": false,
                                                                        "Join Type": "Inner",
                                                                        "Startup Cost": 20000000000.87,
                                                                        "Total Cost": 20006513133.81,
                                                                        "Plan Rows": 1952260,
                                                                        "Plan Width": 29,
                                                                        "Actual Startup Time": 0.146,
                                                                        "Actual Total Time": 5809.949,
                                                                        "Actual Rows": 1704107,
                                                                        "Actual Loops": 1,
                                                                        "Output": [
                                                                            "mk.movie_id",
                                                                            "mk.keyword_id",
                                                                            "t.title",
                                                                            "t.id"
                                                                        ],
                                                                        "Inner Unique": false,
                                                                        "Plans": [
                                                                            {
                                                                                "Node Type": "Seq Scan",
                                                                                "Parent Relationship": "Outer",
                                                                                "Parallel Aware": false,
                                                                                "Relation Name": "title",
                                                                                "Schema": "public",
                                                                                "Alias": "t",
                                                                                "Startup Cost": 10000000000.0,
                                                                                "Total Cost": 10000073922.83,
                                                                                "Plan Rows": 1091074,
                                                                                "Plan Width": 21,
                                                                                "Actual Startup Time": 0.02,
                                                                                "Actual Total Time": 522.246,
                                                                                "Actual Rows": 1091214,
                                                                                "Actual Loops": 1,
                                                                                "Output": [
                                                                                    "t.id",
                                                                                    "t.title",
                                                                                    "t.imdb_index",
                                                                                    "t.kind_id",
                                                                                    "t.production_year",
                                                                                    "t.imdb_id",
                                                                                    "t.phonetic_code",
                                                                                    "t.episode_of_id",
                                                                                    "t.season_nr",
                                                                                    "t.episode_nr",
                                                                                    "t.series_years",
                                                                                    "t.md5sum"
                                                                                ],
                                                                                "Filter": "((t.production_year >= 2002) AND (t.production_year <= 2011))",
                                                                                "Rows Removed by Filter": 1437098
                                                                            },
                                                                            {
                                                                                "Node Type": "Bitmap Heap Scan",
                                                                                "Parent Relationship": "Inner",
                                                                                "Parallel Aware": false,
                                                                                "Relation Name": "movie_keyword",
                                                                                "Schema": "public",
                                                                                "Alias": "mk",
                                                                                "Startup Cost": 0.87,
                                                                                "Total Cost": 5.44,
                                                                                "Plan Rows": 46,
                                                                                "Plan Width": 8,
                                                                                "Actual Startup Time": 0.003,
                                                                                "Actual Total Time": 0.003,
                                                                                "Actual Rows": 2,
                                                                                "Actual Loops": 1091214,
                                                                                "Output": [
                                                                                    "mk.id",
                                                                                    "mk.movie_id",
                                                                                    "mk.keyword_id"
                                                                                ],
                                                                                "Recheck Cond": "(mk.movie_id = t.id)",
                                                                                "Rows Removed by Index Recheck": 0,
                                                                                "Exact Heap Blocks": 189509,
                                                                                "Lossy Heap Blocks": 0,
                                                                                "Plans": [
                                                                                    {
                                                                                        "Node Type": "Bitmap Index Scan",
                                                                                        "Parent Relationship": "Outer",
                                                                                        "Parallel Aware": false,
                                                                                        "Index Name": "movie_id_movie_keyword",
                                                                                        "Startup Cost": 0.0,
                                                                                        "Total Cost": 0.86,
                                                                                        "Plan Rows": 46,
                                                                                        "Plan Width": 0,
                                                                                        "Actual Startup Time": 0.002,
                                                                                        "Actual Total Time": 0.002,
                                                                                        "Actual Rows": 2,
                                                                                        "Actual Loops": 1091214,
                                                                                        "Index Cond": "(mk.movie_id = t.id)"
                                                                                    }
                                                                                ]
                                                                            }
                                                                        ]
                                                                    },
                                                                    {
                                                                        "Node Type": "Bitmap Heap Scan",
                                                                        "Parent Relationship": "Inner",
                                                                        "Parallel Aware": false,
                                                                        "Relation Name": "keyword",
                                                                        "Schema": "public",
                                                                        "Alias": "k",
                                                                        "Startup Cost": 0.43,
                                                                        "Total Cost": 4.44,
                                                                        "Plan Rows": 1,
                                                                        "Plan Width": 4,
                                                                        "Actual Startup Time": 0.003,
                                                                        "Actual Total Time": 0.003,
                                                                        "Actual Rows": 0,
                                                                        "Actual Loops": 1704107,
                                                                        "Output": [
                                                                            "k.id",
                                                                            "k.keyword",
                                                                            "k.phonetic_code"
                                                                        ],
                                                                        "Recheck Cond": "(k.id = mk.keyword_id)",
                                                                        "Rows Removed by Index Recheck": 0,
                                                                        "Filter": "(k.keyword = 'sequel'::text)",
                                                                        "Rows Removed by Filter": 1,
                                                                        "Exact Heap Blocks": 1704107,
                                                                        "Lossy Heap Blocks": 0,
                                                                        "Plans": [
                                                                            {
                                                                                "Node Type": "Bitmap Index Scan",
                                                                                "Parent Relationship": "Outer",
                                                                                "Parallel Aware": false,
                                                                                "Index Name": "keyword_pkey",
                                                                                "Startup Cost": 0.0,
                                                                                "Total Cost": 0.43,
                                                                                "Plan Rows": 1,
                                                                                "Plan Width": 0,
                                                                                "Actual Startup Time": 0.002,
                                                                                "Actual Total Time": 0.002,
                                                                                "Actual Rows": 1,
                                                                                "Actual Loops": 1704107,
                                                                                "Index Cond": "(k.id = mk.keyword_id)"
                                                                            }
                                                                        ]
                                                                    }
                                                                ]
                                                            },
                                                            {
                                                                "Node Type": "Hash",
                                                                "Parent Relationship": "Inner",
                                                                "Parallel Aware": false,
                                                                "Startup Cost": 44881.29,
                                                                "Total Cost": 44881.29,
                                                                "Plan Rows": 1265428,
                                                                "Plan Width": 12,
                                                                "Actual Startup Time": 740.088,
                                                                "Actual Total Time": 740.088,
                                                                "Actual Rows": 1271989,
                                                                "Actual Loops": 1,
                                                                "Output": [
                                                                    "mc.movie_id",
                                                                    "mc.company_type_id",
                                                                    "mc.company_id"
                                                                ],
                                                                "Hash Buckets": 2097152,
                                                                "Original Hash Buckets": 2097152,
                                                                "Hash Batches": 1,
                                                                "Original Hash Batches": 1,
                                                                "Peak Memory Usage": 71040,
                                                                "Plans": [
                                                                    {
                                                                        "Node Type": "Seq Scan",
                                                                        "Parent Relationship": "Outer",
                                                                        "Parallel Aware": false,
                                                                        "Relation Name": "movie_companies",
                                                                        "Schema": "public",
                                                                        "Alias": "mc",
                                                                        "Startup Cost": 0.0,
                                                                        "Total Cost": 44881.29,
                                                                        "Plan Rows": 1265428,
                                                                        "Plan Width": 12,
                                                                        "Actual Startup Time": 0.058,
                                                                        "Actual Total Time": 417.198,
                                                                        "Actual Rows": 1271989,
                                                                        "Actual Loops": 1,
                                                                        "Output": [
                                                                            "mc.movie_id",
                                                                            "mc.company_type_id",
                                                                            "mc.company_id"
                                                                        ],
                                                                        "Filter": "(mc.note IS NULL)",
                                                                        "Rows Removed by Filter": 1337140
                                                                    }
                                                                ]
                                                            }
                                                        ]
                                                    },
                                                    {
                                                        "Node Type": "Bitmap Heap Scan",
                                                        "Parent Relationship": "Inner",
                                                        "Parallel Aware": false,
                                                        "Relation Name": "company_name",
                                                        "Schema": "public",
                                                        "Alias": "cn",
                                                        "Startup Cost": 0.43,
                                                        "Total Cost": 4.45,
                                                        "Plan Rows": 1,
                                                        "Plan Width": 23,
                                                        "Actual Startup Time": 0.008,
                                                        "Actual Total Time": 0.008,
                                                        "Actual Rows": 0,
                                                        "Actual Loops": 2893,
                                                        "Output": [
                                                            "cn.id",
                                                            "cn.name",
                                                            "cn.country_code",
                                                            "cn.imdb_id",
                                                            "cn.name_pcode_nf",
                                                            "cn.name_pcode_sf",
                                                            "cn.md5sum"
                                                        ],
                                                        "Recheck Cond": "(cn.id = mc.company_id)",
                                                        "Rows Removed by Index Recheck": 0,
                                                        "Filter": "(((cn.country_code)::text <> '[pl]'::text) AND ((cn.name ~~ '%Film%'::text) OR (cn.name ~~ '%Warner%'::text)))",
                                                        "Rows Removed by Filter": 1,
                                                        "Exact Heap Blocks": 2893,
                                                        "Lossy Heap Blocks": 0,
                                                        "Plans": [
                                                            {
                                                                "Node Type": "Bitmap Index Scan",
                                                                "Parent Relationship": "Outer",
                                                                "Parallel Aware": false,
                                                                "Index Name": "company_name_pkey",
                                                                "Startup Cost": 0.0,
                                                                "Total Cost": 0.43,
                                                                "Plan Rows": 1,
                                                                "Plan Width": 0,
                                                                "Actual Startup Time": 0.004,
                                                                "Actual Total Time": 0.004,
                                                                "Actual Rows": 1,
                                                                "Actual Loops": 2893,
                                                                "Index Cond": "(cn.id = mc.company_id)"
                                                            }
                                                        ]
                                                    }
                                                ]
                                            },
                                            {
                                                "Node Type": "Bitmap Heap Scan",
                                                "Parent Relationship": "Inner",
                                                "Parallel Aware": false,
                                                "Relation Name": "company_type",
                                                "Schema": "public",
                                                "Alias": "ct",
                                                "Startup Cost": 0.14,
                                                "Total Cost": 4.15,
                                                "Plan Rows": 1,
                                                "Plan Width": 4,
                                                "Actual Startup Time": 0.003,
                                                "Actual Total Time": 0.003,
                                                "Actual Rows": 1,
                                                "Actual Loops": 531,
                                                "Output": [
                                                    "ct.id",
                                                    "ct.kind"
                                                ],
                                                "Recheck Cond": "(ct.id = mc.company_type_id)",
                                                "Rows Removed by Index Recheck": 0,
                                                "Filter": "((ct.kind)::text = 'production companies'::text)",
                                                "Rows Removed by Filter": 0,
                                                "Exact Heap Blocks": 531,
                                                "Lossy Heap Blocks": 0,
                                                "Plans": [
                                                    {
                                                        "Node Type": "Bitmap Index Scan",
                                                        "Parent Relationship": "Outer",
                                                        "Parallel Aware": false,
                                                        "Index Name": "company_type_pkey",
                                                        "Startup Cost": 0.0,
                                                        "Total Cost": 0.14,
                                                        "Plan Rows": 1,
                                                        "Plan Width": 0,
                                                        "Actual Startup Time": 0.001,
                                                        "Actual Total Time": 0.001,
                                                        "Actual Rows": 1,
                                                        "Actual Loops": 531,
                                                        "Index Cond": "(ct.id = mc.company_type_id)"
                                                    }
                                                ]
                                            }
                                        ]
                                    },
                                    {
                                        "Node Type": "Bitmap Heap Scan",
                                        "Parent Relationship": "Inner",
                                        "Parallel Aware": false,
                                        "Relation Name": "movie_link",
                                        "Schema": "public",
                                        "Alias": "ml",
                                        "Startup Cost": 0.33,
                                        "Total Cost": 4.39,
                                        "Plan Rows": 5,
                                        "Plan Width": 8,
                                        "Actual Startup Time": 0.002,
                                        "Actual Total Time": 0.002,
                                        "Actual Rows": 0,
                                        "Actual Loops": 514,
                                        "Output": [
                                            "ml.id",
                                            "ml.movie_id",
                                            "ml.linked_movie_id",
                                            "ml.link_type_id"
                                        ],
                                        "Recheck Cond": "(ml.movie_id = mk.movie_id)",
                                        "Rows Removed by Index Recheck": 0,
                                        "Exact Heap Blocks": 3,
                                        "Lossy Heap Blocks": 0,
                                        "Plans": [
                                            {
                                                "Node Type": "Bitmap Index Scan",
                                                "Parent Relationship": "Outer",
                                                "Parallel Aware": false,
                                                "Index Name": "movie_id_movie_link",
                                                "Startup Cost": 0.0,
                                                "Total Cost": 0.33,
                                                "Plan Rows": 5,
                                                "Plan Width": 0,
                                                "Actual Startup Time": 0.002,
                                                "Actual Total Time": 0.002,
                                                "Actual Rows": 0,
                                                "Actual Loops": 514,
                                                "Index Cond": "(ml.movie_id = mk.movie_id)"
                                            }
                                        ]
                                    }
                                ]
                            },
                            {
                                "Node Type": "Bitmap Heap Scan",
                                "Parent Relationship": "Inner",
                                "Parallel Aware": false,
                                "Relation Name": "movie_info",
                                "Schema": "public",
                                "Alias": "mi",
                                "Startup Cost": 0.78,
                                "Total Cost": 5.7,
                                "Plan Rows": 2,
                                "Plan Width": 4,
                                "Actual Startup Time": 0.023,
                                "Actual Total Time": 0.028,
                                "Actual Rows": 2,
                                "Actual Loops": 54,
                                "Output": [
                                    "mi.id",
                                    "mi.movie_id",
                                    "mi.info_type_id",
                                    "mi.info",
                                    "mi.note"
                                ],
                                "Recheck Cond": "(mi.movie_id = mk.movie_id)",
                                "Rows Removed by Index Recheck": 0,
                                "Filter": "(mi.info = ANY ('{Danish,German,Germany,Norwegian,America,English,American,Bulgaria,Denmark}'::text[]))",
                                "Rows Removed by Filter": 31,
                                "Exact Heap Blocks": 648,
                                "Lossy Heap Blocks": 0,
                                "Plans": [
                                    {
                                        "Node Type": "Bitmap Index Scan",
                                        "Parent Relationship": "Outer",
                                        "Parallel Aware": false,
                                        "Index Name": "movie_id_movie_info",
                                        "Startup Cost": 0.0,
                                        "Total Cost": 0.78,
                                        "Plan Rows": 39,
                                        "Plan Width": 0,
                                        "Actual Startup Time": 0.006,
                                        "Actual Total Time": 0.006,
                                        "Actual Rows": 33,
                                        "Actual Loops": 54,
                                        "Index Cond": "(mi.movie_id = mk.movie_id)"
                                    }
                                ]
                            }
                        ]
                    },
                    {
                        "Node Type": "Bitmap Heap Scan",
                        "Parent Relationship": "Inner",
                        "Parallel Aware": false,
                        "Relation Name": "link_type",
                        "Schema": "public",
                        "Alias": "lt",
                        "Startup Cost": 0.15,
                        "Total Cost": 4.16,
                        "Plan Rows": 1,
                        "Plan Width": 16,
                        "Actual Startup Time": 0.003,
                        "Actual Total Time": 0.003,
                        "Actual Rows": 1,
                        "Actual Loops": 108,
                        "Output": [
                            "lt.id",
                            "lt.link"
                        ],
                        "Recheck Cond": "(lt.id = ml.link_type_id)",
                        "Rows Removed by Index Recheck": 0,
                        "Filter": "((lt.link)::text ~~ '%follow%'::text)",
                        "Rows Removed by Filter": 0,
                        "Exact Heap Blocks": 108,
                        "Lossy Heap Blocks": 0,
                        "Plans": [
                            {
                                "Node Type": "Bitmap Index Scan",
                                "Parent Relationship": "Outer",
                                "Parallel Aware": false,
                                "Index Name": "link_type_pkey",
                                "Startup Cost": 0.0,
                                "Total Cost": 0.15,
                                "Plan Rows": 1,
                                "Plan Width": 0,
                                "Actual Startup Time": 0.002,
                                "Actual Total Time": 0.002,
                                "Actual Rows": 1,
                                "Actual Loops": 108,
                                "Index Cond": "(lt.id = ml.link_type_id)"
                            }
                        ]
                    }
                ]
            }
        ]
    },
    "Planning Time": 13.882,
    "Triggers": [],
    "Execution Time": 14529.542
}