[
  {
    "Plan": {
      "Node Type": "Aggregate",
      "Strategy": "Plain",
      "Partial Mode": "Finalize",
      "Parallel Aware": false,
      "Startup Cost": 311489.07,
      "Total Cost": 311489.08,
      "Plan Rows": 1,
      "Plan Width": 8,
      "Actual Startup Time": 886.655,
      "Actual Total Time": 939.321,
      "Actual Rows": 1,
      "Actual Loops": 1,
      "Plans": [
        {
          "Node Type": "Gather",
          "Parent Relationship": "Outer",
          "Parallel Aware": false,
          "Startup Cost": 311488.55,
          "Total Cost": 311489.06,
          "Plan Rows": 5,
          "Plan Width": 8,
          "Actual Startup Time": 883.29,
          "Actual Total Time": 939.311,
          "Actual Rows": 6,
          "Actual Loops": 1,
          "Workers Planned": 5,
          "Workers Launched": 5,
          "Single Copy": false,
          "Plans": [
            {
              "Node Type": "Aggregate",
              "Strategy": "Plain",
              "Partial Mode": "Partial",
              "Parent Relationship": "Outer",
              "Parallel Aware": false,
              "Startup Cost": 310488.55,
              "Total Cost": 310488.56,
              "Plan Rows": 1,
              "Plan Width": 8,
              "Actual Startup Time": 872.548,
              "Actual Total Time": 872.687,
              "Actual Rows": 1,
              "Actual Loops": 6,
              "Plans": [
                {
                  "Node Type": "Hash Join",
                  "Parent Relationship": "Outer",
                  "Parallel Aware": true,
                  "Join Type": "Inner",
                  "Startup Cost": 94130.99,
                  "Total Cost": 307628.64,
                  "Plan Rows": 1143964,
                  "Plan Width": 0,
                  "Actual Startup Time": 272.137,
                  "Actual Total Time": 856.485,
                  "Actual Rows": 409900,
                  "Actual Loops": 6,
                  "Inner Unique": false,
                  "Hash Cond": "(mi.movie_id = t.id)",
                  "Plans": [
                    {
                      "Node Type": "Seq Scan",
                      "Parent Relationship": "Outer",
                      "Parallel Aware": true,
                      "Relation Name": "movie_info",
                      "Alias": "mi",
                      "Startup Cost": 0.0,
                      "Total Cost": 198952.16,
                      "Plan Rows": 2894740,
                      "Plan Width": 4,
                      "Actual Startup Time": 0.032,
                      "Actual Total Time": 337.569,
                      "Actual Rows": 2421489,
                      "Actual Loops": 6,
                      "Filter": "(info_type_id < 106)",
                      "Rows Removed by Filter": 51131
                    },
                    {
                      "Node Type": "Hash",
                      "Parent Relationship": "Inner",
                      "Parallel Aware": true,
                      "Startup Cost": 90102.17,
                      "Total Cost": 90102.17,
                      "Plan Rows": 322306,
                      "Plan Width": 8,
                      "Actual Startup Time": 267.911,
                      "Actual Total Time": 268.048,
                      "Actual Rows": 36831,
                      "Actual Loops": 6,
                      "Hash Buckets": 1048576,
                      "Original Hash Buckets": 1048576,
                      "Hash Batches": 1,
                      "Original Hash Batches": 1,
                      "Peak Memory Usage": 16928,
                      "Plans": [
                        {
                          "Node Type": "Hash Join",
                          "Parent Relationship": "Outer",
                          "Parallel Aware": true,
                          "Join Type": "Inner",
                          "Startup Cost": 47224.09,
                          "Total Cost": 90102.17,
                          "Plan Rows": 322306,
                          "Plan Width": 8,
                          "Actual Startup Time": 119.369,
                          "Actual Total Time": 251.464,
                          "Actual Rows": 36831,
                          "Actual Loops": 6,
                          "Inner Unique": true,
                          "Hash Cond": "(mk.movie_id = t.id)",
                          "Plans": [
                            {
                              "Node Type": "Seq Scan",
                              "Parent Relationship": "Outer",
                              "Parallel Aware": true,
                              "Relation Name": "movie_keyword",
                              "Alias": "mk",
                              "Startup Cost": 0.0,
                              "Total Cost": 39047.32,
                              "Plan Rows": 1459332,
                              "Plan Width": 4,
                              "Actual Startup Time": 0.029,
                              "Actual Total Time": 65.439,
                              "Actual Rows": 753988,
                              "Actual Loops": 6
                            },
                            {
                              "Node Type": "Hash",
                              "Parent Relationship": "Inner",
                              "Parallel Aware": true,
                              "Startup Cost": 45479.1,
                              "Total Cost": 45479.1,
                              "Plan Rows": 139599,
                              "Plan Width": 4,
                              "Actual Startup Time": 117.357,
                              "Actual Total Time": 117.358,
                              "Actual Rows": 75706,
                              "Actual Loops": 6,
                              "Hash Buckets": 1048576,
                              "Original Hash Buckets": 1048576,
                              "Hash Batches": 1,
                              "Original Hash Batches": 1,
                              "Peak Memory Usage": 26048,
                              "Plans": [
                                {
                                  "Node Type": "Seq Scan",
                                  "Parent Relationship": "Outer",
                                  "Parallel Aware": true,
                                  "Relation Name": "title",
                                  "Alias": "t",
                                  "Startup Cost": 0.0,
                                  "Total Cost": 45479.1,
                                  "Plan Rows": 139599,
                                  "Plan Width": 4,
                                  "Actual Startup Time": 0.04,
                                  "Actual Total Time": 78.733,
                                  "Actual Rows": 75706,
                                  "Actual Loops": 6,
                                  "Filter": "((production_year < 1998) AND (kind_id = 7))",
                                  "Rows Removed by Filter": 345680
                                }
                              ]
                            }
                          ]
                        }
                      ]
                    }
                  ]
                }
              ]
            }
          ]
        }
      ]
    },
    "Planning Time": 1.289,
    "Triggers": [],
    "Execution Time": 939.415
  }
]