[
  {
    "Plan": {
      "Node Type": "Aggregate",
      "Strategy": "Plain",
      "Partial Mode": "Finalize",
      "Parallel Aware": false,
      "Startup Cost": 129022.71,
      "Total Cost": 129022.71,
      "Plan Rows": 1,
      "Plan Width": 8,
      "Actual Startup Time": 215.693,
      "Actual Total Time": 235.141,
      "Actual Rows": 1,
      "Actual Loops": 1,
      "Plans": [
        {
          "Node Type": "Gather",
          "Parent Relationship": "Outer",
          "Parallel Aware": false,
          "Startup Cost": 129022.18,
          "Total Cost": 129022.69,
          "Plan Rows": 5,
          "Plan Width": 8,
          "Actual Startup Time": 215.395,
          "Actual Total Time": 235.129,
          "Actual Rows": 6,
          "Actual Loops": 1,
          "Workers Planned": 5,
          "Workers Launched": 5,
          "Single Copy": false,
          "Plans": [
            {
              "Node Type": "Aggregate",
              "Strategy": "Plain",
              "Partial Mode": "Partial",
              "Parent Relationship": "Outer",
              "Parallel Aware": false,
              "Startup Cost": 128022.18,
              "Total Cost": 128022.19,
              "Plan Rows": 1,
              "Plan Width": 8,
              "Actual Startup Time": 205.783,
              "Actual Total Time": 205.784,
              "Actual Rows": 1,
              "Actual Loops": 6,
              "Plans": [
                {
                  "Node Type": "Index Scan",
                  "Parent Relationship": "Outer",
                  "Parallel Aware": true,
                  "Scan Direction": "Forward",
                  "Index Name": "role_id_cast_info",
                  "Relation Name": "cast_info",
                  "Alias": "ci",
                  "Startup Cost": 0.56,
                  "Total Cost": 126672.01,
                  "Plan Rows": 540071,
                  "Plan Width": 0,
                  "Actual Startup Time": 0.163,
                  "Actual Total Time": 195.868,
                  "Actual Rows": 150204,
                  "Actual Loops": 6,
                  "Index Cond": "(role_id > 9)",
                  "Rows Removed by Index Recheck": 0,
                  "Filter": "(person_id < 2162791)",
                  "Rows Removed by Filter": 622985
                }
              ]
            }
          ]
        }
      ]
    },
    "Planning Time": 0.093,
    "Triggers": [],
    "Execution Time": 235.172
  }
]