[
  {
    "Plan": {
      "Node Type": "Aggregate",
      "Strategy": "Plain",
      "Partial Mode": "Finalize",
      "Parallel Aware": false,
      "Startup Cost": 35530.22,
      "Total Cost": 35530.23,
      "Plan Rows": 1,
      "Plan Width": 8,
      "Actual Startup Time": 373.768,
      "Actual Total Time": 421.259,
      "Actual Rows": 1,
      "Actual Loops": 1,
      "Plans": [
        {
          "Node Type": "Gather",
          "Parent Relationship": "Outer",
          "Parallel Aware": false,
          "Startup Cost": 35530.0,
          "Total Cost": 35530.21,
          "Plan Rows": 2,
          "Plan Width": 8,
          "Actual Startup Time": 373.614,
          "Actual Total Time": 421.251,
          "Actual Rows": 3,
          "Actual Loops": 1,
          "Workers Planned": 2,
          "Workers Launched": 2,
          "Single Copy": false,
          "Plans": [
            {
              "Node Type": "Aggregate",
              "Strategy": "Plain",
              "Partial Mode": "Partial",
              "Parent Relationship": "Outer",
              "Parallel Aware": false,
              "Startup Cost": 34530.0,
              "Total Cost": 34530.01,
              "Plan Rows": 1,
              "Plan Width": 8,
              "Actual Startup Time": 368.419,
              "Actual Total Time": 368.422,
              "Actual Rows": 1,
              "Actual Loops": 3,
              "Plans": [
                {
                  "Node Type": "Nested Loop",
                  "Parent Relationship": "Outer",
                  "Parallel Aware": false,
                  "Join Type": "Inner",
                  "Startup Cost": 120.67,
                  "Total Cost": 34528.16,
                  "Plan Rows": 738,
                  "Plan Width": 0,
                  "Actual Startup Time": 133.815,
                  "Actual Total Time": 368.224,
                  "Actual Rows": 1543,
                  "Actual Loops": 3,
                  "Inner Unique": false,
                  "Plans": [
                    {
                      "Node Type": "Nested Loop",
                      "Parent Relationship": "Outer",
                      "Parallel Aware": false,
                      "Join Type": "Inner",
                      "Startup Cost": 120.11,
                      "Total Cost": 30155.84,
                      "Plan Rows": 2325,
                      "Plan Width": 8,
                      "Actual Startup Time": 130.619,
                      "Actual Total Time": 153.837,
                      "Actual Rows": 2558,
                      "Actual Loops": 3,
                      "Inner Unique": true,
                      "Plans": [
                        {
                          "Node Type": "Bitmap Heap Scan",
                          "Parent Relationship": "Outer",
                          "Parallel Aware": true,
                          "Relation Name": "movie_keyword",
                          "Alias": "mk",
                          "Startup Cost": 119.68,
                          "Total Cost": 13383.74,
                          "Plan Rows": 2325,
                          "Plan Width": 4,
                          "Actual Startup Time": 130.459,
                          "Actual Total Time": 137.428,
                          "Actual Rows": 2558,
                          "Actual Loops": 3,
                          "Recheck Cond": "(keyword_id = 7078)",
                          "Rows Removed by Index Recheck": 0,
                          "Exact Heap Blocks": 3252,
                          "Lossy Heap Blocks": 0,
                          "Plans": [
                            {
                              "Node Type": "Bitmap Index Scan",
                              "Parent Relationship": "Outer",
                              "Parallel Aware": false,
                              "Index Name": "keyword_id_movie_keyword",
                              "Startup Cost": 0.0,
                              "Total Cost": 118.28,
                              "Plan Rows": 5580,
                              "Plan Width": 0,
                              "Actual Startup Time": 132.166,
                              "Actual Total Time": 132.167,
                              "Actual Rows": 7673,
                              "Actual Loops": 1,
                              "Index Cond": "(keyword_id = 7078)"
                            }
                          ]
                        },
                        {
                          "Node Type": "Index Only Scan",
                          "Parent Relationship": "Inner",
                          "Parallel Aware": false,
                          "Scan Direction": "Forward",
                          "Index Name": "title_pkey",
                          "Relation Name": "title",
                          "Alias": "t",
                          "Startup Cost": 0.43,
                          "Total Cost": 7.21,
                          "Plan Rows": 1,
                          "Plan Width": 4,
                          "Actual Startup Time": 0.006,
                          "Actual Total Time": 0.006,
                          "Actual Rows": 1,
                          "Actual Loops": 7673,
                          "Index Cond": "(id = mk.movie_id)",
                          "Rows Removed by Index Recheck": 0,
                          "Heap Fetches": 7673
                        }
                      ]
                    },
                    {
                      "Node Type": "Index Scan",
                      "Parent Relationship": "Inner",
                      "Parallel Aware": false,
                      "Scan Direction": "Forward",
                      "Index Name": "movie_id_cast_info",
                      "Relation Name": "cast_info",
                      "Alias": "ci",
                      "Startup Cost": 0.56,
                      "Total Cost": 1.87,
                      "Plan Rows": 1,
                      "Plan Width": 4,
                      "Actual Startup Time": 0.066,
                      "Actual Total Time": 0.083,
                      "Actual Rows": 1,
                      "Actual Loops": 7673,
                      "Index Cond": "(movie_id = t.id)",
                      "Rows Removed by Index Recheck": 0,
                      "Filter": "(role_id = 6)",
                      "Rows Removed by Filter": 37
                    }
                  ]
                }
              ]
            }
          ]
        }
      ]
    },
    "Planning Time": 0.607,
    "Triggers": [],
    "Execution Time": 421.34
  }
]