{
  "Plan": {
    "Node Type": "Aggregate",
    "Strategy": "Plain",
    "Partial Mode": "Finalize",
    "Parallel Aware": false,
    "Startup Cost": 400876.77,
    "Total Cost": 400876.78,
    "Plan Rows": 1,
    "Plan Width": 8,
    "Actual Startup Time": 1032.381,
    "Actual Total Time": 1048.377,
    "Actual Rows": 1,
    "Actual Loops": 1,
    "Plans": [
      {
        "Node Type": "Gather",
        "Parent Relationship": "Outer",
        "Parallel Aware": false,
        "Startup Cost": 400876.66,
        "Total Cost": 400876.77,
        "Plan Rows": 1,
        "Plan Width": 8,
        "Actual Startup Time": 1030.274,
        "Actual Total Time": 1048.369,
        "Actual Rows": 2,
        "Actual Loops": 1,
        "Workers Planned": 1,
        "Workers Launched": 1,
        "Single Copy": false,
        "Plans": [
          {
            "Node Type": "Aggregate",
            "Strategy": "Plain",
            "Partial Mode": "Partial",
            "Parent Relationship": "Outer",
            "Parallel Aware": false,
            "Startup Cost": 399876.66,
            "Total Cost": 399876.67,
            "Plan Rows": 1,
            "Plan Width": 8,
            "Actual Startup Time": 1022.195,
            "Actual Total Time": 1022.198,
            "Actual Rows": 1,
            "Actual Loops": 2,
            "Plans": [
              {
                "Node Type": "Hash Join",
                "Parent Relationship": "Outer",
                "Parallel Aware": true,
                "Join Type": "Inner",
                "Startup Cost": 122778.34,
                "Total Cost": 398292.99,
                "Plan Rows": 633468,
                "Plan Width": 0,
                "Actual Startup Time": 466.408,
                "Actual Total Time": 996.696,
                "Actual Rows": 578731,
                "Actual Loops": 2,
                "Inner Unique": true,
                "Hash Cond": "(ci.movie_id = t.id)",
                "Plans": [
                  {
                    "Node Type": "Bitmap Heap Scan",
                    "Parent Relationship": "Outer",
                    "Parallel Aware": true,
                    "Relation Name": "cast_info",
                    "Alias": "ci",
                    "Startup Cost": 56669.14,
                    "Total Cost": 328221.95,
                    "Plan Rows": 1509265,
                    "Plan Width": 4,
                    "Actual Startup Time": 126.522,
                    "Actual Total Time": 256.859,
                    "Actual Rows": 1305145,
                    "Actual Loops": 2,
                    "Recheck Cond": "(person_id < 250937)",
                    "Rows Removed by Index Recheck": 0,
                    "Exact Heap Blocks": 14405,
                    "Lossy Heap Blocks": 0,
                    "Plans": [
                      {
                        "Node Type": "Bitmap Index Scan",
                        "Parent Relationship": "Outer",
                        "Parallel Aware": false,
                        "Index Name": "person_id_cast_info",
                        "Startup Cost": 0.0,
                        "Total Cost": 56027.7,
                        "Plan Rows": 2565751,
                        "Plan Width": 0,
                        "Actual Startup Time": 122.411,
                        "Actual Total Time": 122.412,
                        "Actual Rows": 2610290,
                        "Actual Loops": 1,
                        "Index Cond": "(person_id < 250937)"
                      }
                    ]
                  },
                  {
                    "Node Type": "Hash",
                    "Parent Relationship": "Inner",
                    "Parallel Aware": true,
                    "Startup Cost": 58306.47,
                    "Total Cost": 58306.47,
                    "Plan Rows": 624219,
                    "Plan Width": 4,
                    "Actual Startup Time": 325.512,
                    "Actual Total Time": 325.513,
                    "Actual Rows": 578542,
                    "Actual Loops": 2,
                    "Hash Buckets": 2097152,
                    "Original Hash Buckets": 2097152,
                    "Hash Batches": 1,
                    "Original Hash Batches": 1,
                    "Peak Memory Usage": 61696,
                    "Plans": [
                      {
                        "Node Type": "Seq Scan",
                        "Parent Relationship": "Outer",
                        "Parallel Aware": true,
                        "Relation Name": "title",
                        "Alias": "t",
                        "Startup Cost": 0.0,
                        "Total Cost": 58306.47,
                        "Plan Rows": 624219,
                        "Plan Width": 4,
                        "Actual Startup Time": 0.03,
                        "Actual Total Time": 160.207,
                        "Actual Rows": 578542,
                        "Actual Loops": 2,
                        "Filter": "((kind_id > 4) AND (production_year > 1991))",
                        "Rows Removed by Filter": 685614
                      }
                    ]
                  }
                ]
              }
            ]
          }
        ]
      }
    ]
  },
  "Planning Time": 0.772,
  "Triggers": [],
  "Execution Time": 1048.47
}