[
  {
    "Plan": {
      "Node Type": "Aggregate",
      "Strategy": "Plain",
      "Partial Mode": "Finalize",
      "Parallel Aware": false,
      "Startup Cost": 253158.88,
      "Total Cost": 253158.89,
      "Plan Rows": 1,
      "Plan Width": 8,
      "Actual Startup Time": 395.19,
      "Actual Total Time": 429.042,
      "Actual Rows": 1,
      "Actual Loops": 1,
      "Plans": [
        {
          "Node Type": "Gather",
          "Parent Relationship": "Outer",
          "Parallel Aware": false,
          "Startup Cost": 253158.46,
          "Total Cost": 253158.87,
          "Plan Rows": 4,
          "Plan Width": 8,
          "Actual Startup Time": 394.083,
          "Actual Total Time": 429.028,
          "Actual Rows": 5,
          "Actual Loops": 1,
          "Workers Planned": 4,
          "Workers Launched": 4,
          "Single Copy": false,
          "Plans": [
            {
              "Node Type": "Aggregate",
              "Strategy": "Plain",
              "Partial Mode": "Partial",
              "Parent Relationship": "Outer",
              "Parallel Aware": false,
              "Startup Cost": 252158.46,
              "Total Cost": 252158.47,
              "Plan Rows": 1,
              "Plan Width": 8,
              "Actual Startup Time": 387.76,
              "Actual Total Time": 387.764,
              "Actual Rows": 1,
              "Actual Loops": 5,
              "Plans": [
                {
                  "Node Type": "Hash Join",
                  "Parent Relationship": "Outer",
                  "Parallel Aware": true,
                  "Join Type": "Inner",
                  "Startup Cost": 202973.79,
                  "Total Cost": 251831.73,
                  "Plan Rows": 130692,
                  "Plan Width": 0,
                  "Actual Startup Time": 267.311,
                  "Actual Total Time": 387.738,
                  "Actual Rows": 59,
                  "Actual Loops": 5,
                  "Inner Unique": false,
                  "Hash Cond": "(t.id = ci.movie_id)",
                  "Plans": [
                    {
                      "Node Type": "Seq Scan",
                      "Parent Relationship": "Outer",
                      "Parallel Aware": true,
                      "Relation Name": "title",
                      "Alias": "t",
                      "Startup Cost": 0.0,
                      "Total Cost": 42319.06,
                      "Plan Rows": 632106,
                      "Plan Width": 4,
                      "Actual Startup Time": 0.012,
                      "Actual Total Time": 69.068,
                      "Actual Rows": 505662,
                      "Actual Loops": 5
                    },
                    {
                      "Node Type": "Hash",
                      "Parent Relationship": "Inner",
                      "Parallel Aware": true,
                      "Startup Cost": 201884.69,
                      "Total Cost": 201884.69,
                      "Plan Rows": 87128,
                      "Plan Width": 4,
                      "Actual Startup Time": 263.496,
                      "Actual Total Time": 263.497,
                      "Actual Rows": 59,
                      "Actual Loops": 5,
                      "Hash Buckets": 524288,
                      "Original Hash Buckets": 524288,
                      "Hash Batches": 1,
                      "Original Hash Batches": 1,
                      "Peak Memory Usage": 4256,
                      "Plans": [
                        {
                          "Node Type": "Index Scan",
                          "Parent Relationship": "Outer",
                          "Parallel Aware": true,
                          "Scan Direction": "Forward",
                          "Index Name": "role_id_cast_info",
                          "Relation Name": "cast_info",
                          "Alias": "ci",
                          "Startup Cost": 0.56,
                          "Total Cost": 201884.69,
                          "Plan Rows": 87128,
                          "Plan Width": 4,
                          "Actual Startup Time": 5.167,
                          "Actual Total Time": 262.205,
                          "Actual Rows": 59,
                          "Actual Loops": 5,
                          "Index Cond": "(role_id = 2)",
                          "Rows Removed by Index Recheck": 0,
                          "Filter": "(person_id < 251920)",
                          "Rows Removed by Filter": 1490336
                        }
                      ]
                    }
                  ]
                }
              ]
            }
          ]
        }
      ]
    },
    "Planning Time": 0.333,
    "Triggers": [],
    "Execution Time": 429.099
  }
]