{
    "Plan": {
        "Node Type": "Aggregate",
        "Strategy": "Plain",
        "Partial Mode": "Finalize",
        "Parallel Aware": false,
        "Startup Cost": 344655.82,
        "Total Cost": 344655.83,
        "Plan Rows": 1,
        "Plan Width": 8,
        "Actual Startup Time": 1441.47,
        "Actual Total Time": 1484.118,
        "Actual Rows": 1,
        "Actual Loops": 1,
        "Output": [
            "count(*)"
        ],
        "Plans": [
            {
                "Node Type": "Gather",
                "Parent Relationship": "Outer",
                "Parallel Aware": false,
                "Startup Cost": 344655.61,
                "Total Cost": 344655.82,
                "Plan Rows": 2,
                "Plan Width": 8,
                "Actual Startup Time": 1418.201,
                "Actual Total Time": 1484.107,
                "Actual Rows": 3,
                "Actual Loops": 1,
                "Output": [
                    "(PARTIAL count(*))"
                ],
                "Workers Planned": 2,
                "Workers Launched": 2,
                "Single Copy": false,
                "Plans": [
                    {
                        "Node Type": "Aggregate",
                        "Strategy": "Plain",
                        "Partial Mode": "Partial",
                        "Parent Relationship": "Outer",
                        "Parallel Aware": false,
                        "Startup Cost": 343655.61,
                        "Total Cost": 343655.62,
                        "Plan Rows": 1,
                        "Plan Width": 8,
                        "Actual Startup Time": 1395.806,
                        "Actual Total Time": 1395.813,
                        "Actual Rows": 1,
                        "Actual Loops": 3,
                        "Output": [
                            "PARTIAL count(*)"
                        ],
                        "Workers": [
                            {
                                "Worker Number": 0,
                                "Actual Startup Time": 1386.706,
                                "Actual Total Time": 1386.712,
                                "Actual Rows": 1,
                                "Actual Loops": 1
                            },
                            {
                                "Worker Number": 1,
                                "Actual Startup Time": 1383.559,
                                "Actual Total Time": 1383.564,
                                "Actual Rows": 1,
                                "Actual Loops": 1
                            }
                        ],
                        "Plans": [
                            {
                                "Node Type": "Hash Join",
                                "Parent Relationship": "Outer",
                                "Parallel Aware": true,
                                "Join Type": "Inner",
                                "Startup Cost": 320648.57,
                                "Total Cost": 343613.04,
                                "Plan Rows": 17027,
                                "Plan Width": 0,
                                "Actual Startup Time": 1332.801,
                                "Actual Total Time": 1393.293,
                                "Actual Rows": 40593,
                                "Actual Loops": 3,
                                "Inner Unique": false,
                                "Hash Cond": "(t.id = mi.movie_id)",
                                "Workers": [
                                    {
                                        "Worker Number": 0,
                                        "Actual Startup Time": 1321.58,
                                        "Actual Total Time": 1384.147,
                                        "Actual Rows": 35565,
                                        "Actual Loops": 1
                                    },
                                    {
                                        "Worker Number": 1,
                                        "Actual Startup Time": 1321.601,
                                        "Actual Total Time": 1381.191,
                                        "Actual Rows": 54956,
                                        "Actual Loops": 1
                                    }
                                ],
                                "Plans": [
                                    {
                                        "Node Type": "Hash Join",
                                        "Parent Relationship": "Outer",
                                        "Parallel Aware": true,
                                        "Join Type": "Inner",
                                        "Startup Cost": 47168.52,
                                        "Total Cost": 57994.73,
                                        "Plan Rows": 8933,
                                        "Plan Width": 8,
                                        "Actual Startup Time": 112.901,
                                        "Actual Total Time": 149.814,
                                        "Actual Rows": 9283,
                                        "Actual Loops": 3,
                                        "Output": [
                                            "t.id",
                                            "mi_idx.movie_id"
                                        ],
                                        "Inner Unique": true,
                                        "Hash Cond": "(mi_idx.movie_id = t.id)",
                                        "Workers": [
                                            {
                                                "Worker Number": 0,
                                                "Actual Startup Time": 112.937,
                                                "Actual Total Time": 149.767,
                                                "Actual Rows": 8108,
                                                "Actual Loops": 1
                                            },
                                            {
                                                "Worker Number": 1,
                                                "Actual Startup Time": 112.944,
                                                "Actual Total Time": 150.191,
                                                "Actual Rows": 12563,
                                                "Actual Loops": 1
                                            }
                                        ],
                                        "Plans": [
                                            {
                                                "Node Type": "Bitmap Heap Scan",
                                                "Parent Relationship": "Outer",
                                                "Parallel Aware": true,
                                                "Relation Name": "movie_info_idx",
                                                "Schema": "public",
                                                "Alias": "mi_idx",
                                                "Startup Cost": 8295.89,
                                                "Total Cost": 18620.32,
                                                "Plan Rows": 191154,
                                                "Plan Width": 4,
                                                "Actual Startup Time": 26.503,
                                                "Actual Total Time": 57.14,
                                                "Actual Rows": 153308,
                                                "Actual Loops": 3,
                                                "Output": [
                                                    "mi_idx.id",
                                                    "mi_idx.movie_id",
                                                    "mi_idx.info_type_id",
                                                    "mi_idx.info",
                                                    "mi_idx.note"
                                                ],
                                                "Recheck Cond": "(mi_idx.info_type_id < 100)",
                                                "Rows Removed by Index Recheck": 0,
                                                "Exact Heap Blocks": 1761,
                                                "Lossy Heap Blocks": 0,
                                                "Workers": [
                                                    {
                                                        "Worker Number": 0,
                                                        "Actual Startup Time": 26.429,
                                                        "Actual Total Time": 57.331,
                                                        "Actual Rows": 152311,
                                                        "Actual Loops": 1
                                                    },
                                                    {
                                                        "Worker Number": 1,
                                                        "Actual Startup Time": 26.532,
                                                        "Actual Total Time": 57.425,
                                                        "Actual Rows": 205532,
                                                        "Actual Loops": 1
                                                    }
                                                ],
                                                "Plans": [
                                                    {
                                                        "Node Type": "Bitmap Index Scan",
                                                        "Parent Relationship": "Outer",
                                                        "Parallel Aware": false,
                                                        "Index Name": "info_type_id_movie_info_idx",
                                                        "Startup Cost": 0.0,
                                                        "Total Cost": 8181.2,
                                                        "Plan Rows": 458770,
                                                        "Plan Width": 0,
                                                        "Actual Startup Time": 24.652,
                                                        "Actual Total Time": 24.653,
                                                        "Actual Rows": 459925,
                                                        "Actual Loops": 1,
                                                        "Index Cond": "(mi_idx.info_type_id < 100)",
                                                        "Workers": [
                                                            {
                                                                "Worker Number": 0,
                                                                "Actual Startup Time": 24.652,
                                                                "Actual Total Time": 24.653,
                                                                "Actual Rows": 459925,
                                                                "Actual Loops": 1
                                                            }
                                                        ]
                                                    }
                                                ]
                                            },
                                            {
                                                "Node Type": "Hash",
                                                "Parent Relationship": "Inner",
                                                "Parallel Aware": true,
                                                "Startup Cost": 38503.39,
                                                "Total Cost": 38503.39,
                                                "Plan Rows": 29539,
                                                "Plan Width": 4,
                                                "Actual Startup Time": 54.802,
                                                "Actual Total Time": 54.803,
                                                "Actual Rows": 39411,
                                                "Actual Loops": 3,
                                                "Output": [
                                                    "t.id"
                                                ],
                                                "Hash Buckets": 131072,
                                                "Original Hash Buckets": 131072,
                                                "Hash Batches": 1,
                                                "Original Hash Batches": 1,
                                                "Peak Memory Usage": 5696,
                                                "Workers": [
                                                    {
                                                        "Worker Number": 0,
                                                        "Actual Startup Time": 55.007,
                                                        "Actual Total Time": 55.009,
                                                        "Actual Rows": 35013,
                                                        "Actual Loops": 1
                                                    },
                                                    {
                                                        "Worker Number": 1,
                                                        "Actual Startup Time": 54.552,
                                                        "Actual Total Time": 54.553,
                                                        "Actual Rows": 52799,
                                                        "Actual Loops": 1
                                                    }
                                                ],
                                                "Plans": [
                                                    {
                                                        "Node Type": "Bitmap Heap Scan",
                                                        "Parent Relationship": "Outer",
                                                        "Parallel Aware": true,
                                                        "Relation Name": "title",
                                                        "Schema": "public",
                                                        "Alias": "t",
                                                        "Startup Cost": 2136.15,
                                                        "Total Cost": 38503.39,
                                                        "Plan Rows": 29539,
                                                        "Plan Width": 4,
                                                        "Actual Startup Time": 7.016,
                                                        "Actual Total Time": 42.772,
                                                        "Actual Rows": 39411,
                                                        "Actual Loops": 3,
                                                        "Output": [
                                                            "t.id"
                                                        ],
                                                        "Recheck Cond": "(t.kind_id = 4)",
                                                        "Rows Removed by Index Recheck": 0,
                                                        "Exact Heap Blocks": 3268,
                                                        "Lossy Heap Blocks": 0,
                                                        "Workers": [
                                                            {
                                                                "Worker Number": 0,
                                                                "Actual Startup Time": 7.024,
                                                                "Actual Total Time": 42.783,
                                                                "Actual Rows": 35013,
                                                                "Actual Loops": 1
                                                            },
                                                            {
                                                                "Worker Number": 1,
                                                                "Actual Startup Time": 6.995,
                                                                "Actual Total Time": 42.585,
                                                                "Actual Rows": 52799,
                                                                "Actual Loops": 1
                                                            }
                                                        ],
                                                        "Plans": [
                                                            {
                                                                "Node Type": "Bitmap Index Scan",
                                                                "Parent Relationship": "Outer",
                                                                "Parallel Aware": false,
                                                                "Index Name": "kind_id_title",
                                                                "Startup Cost": 0.0,
                                                                "Total Cost": 2106.61,
                                                                "Plan Rows": 118157,
                                                                "Plan Width": 0,
                                                                "Actual Startup Time": 5.262,
                                                                "Actual Total Time": 5.263,
                                                                "Actual Rows": 118234,
                                                                "Actual Loops": 1,
                                                                "Index Cond": "(t.kind_id = 4)",
                                                                "Workers": [
                                                                    {
                                                                        "Worker Number": 1,
                                                                        "Actual Startup Time": 5.262,
                                                                        "Actual Total Time": 5.263,
                                                                        "Actual Rows": 118234,
                                                                        "Actual Loops": 1
                                                                    }
                                                                ]
                                                            }
                                                        ]
                                                    }
                                                ]
                                            }
                                        ]
                                    },
                                    {
                                        "Node Type": "Hash",
                                        "Parent Relationship": "Inner",
                                        "Parallel Aware": true,
                                        "Startup Cost": 261432.47,
                                        "Total Cost": 261432.47,
                                        "Plan Rows": 963806,
                                        "Plan Width": 4,
                                        "Actual Startup Time": 1193.615,
                                        "Actual Total Time": 1193.616,
                                        "Actual Rows": 1641322,
                                        "Actual Loops": 3,
                                        "Output": [
                                            "mi.movie_id"
                                        ],
                                        "Hash Buckets": 8388608,
                                        "Original Hash Buckets": 8388608,
                                        "Hash Batches": 1,
                                        "Original Hash Batches": 1,
                                        "Peak Memory Usage": 258208,
                                        "Workers": [
                                            {
                                                "Worker Number": 0,
                                                "Actual Startup Time": 1208.227,
                                                "Actual Total Time": 1208.229,
                                                "Actual Rows": 1465429,
                                                "Actual Loops": 1
                                            },
                                            {
                                                "Worker Number": 1,
                                                "Actual Startup Time": 1208.305,
                                                "Actual Total Time": 1208.306,
                                                "Actual Rows": 2030736,
                                                "Actual Loops": 1
                                            }
                                        ],
                                        "Plans": [
                                            {
                                                "Node Type": "Bitmap Heap Scan",
                                                "Parent Relationship": "Outer",
                                                "Parallel Aware": true,
                                                "Relation Name": "movie_info",
                                                "Schema": "public",
                                                "Alias": "mi",
                                                "Startup Cost": 87391.9,
                                                "Total Cost": 261432.47,
                                                "Plan Rows": 963806,
                                                "Plan Width": 4,
                                                "Actual Startup Time": 244.081,
                                                "Actual Total Time": 559.347,
                                                "Actual Rows": 1641322,
                                                "Actual Loops": 3,
                                                "Output": [
                                                    "mi.movie_id"
                                                ],
                                                "Recheck Cond": "(mi.info_type_id < 5)",
                                                "Rows Removed by Index Recheck": 0,
                                                "Exact Heap Blocks": 9167,
                                                "Lossy Heap Blocks": 0,
                                                "Workers": [
                                                    {
                                                        "Worker Number": 0,
                                                        "Actual Startup Time": 244.125,
                                                        "Actual Total Time": 569.104,
                                                        "Actual Rows": 1465429,
                                                        "Actual Loops": 1
                                                    },
                                                    {
                                                        "Worker Number": 1,
                                                        "Actual Startup Time": 244.164,
                                                        "Actual Total Time": 548.842,
                                                        "Actual Rows": 2030736,
                                                        "Actual Loops": 1
                                                    }
                                                ],
                                                "Plans": [
                                                    {
                                                        "Node Type": "Bitmap Index Scan",
                                                        "Parent Relationship": "Outer",
                                                        "Parallel Aware": false,
                                                        "Index Name": "info_type_id_movie_info",
                                                        "Startup Cost": 0.0,
                                                        "Total Cost": 86187.14,
                                                        "Plan Rows": 4819028,
                                                        "Plan Width": 0,
                                                        "Actual Startup Time": 235.973,
                                                        "Actual Total Time": 235.973,
                                                        "Actual Rows": 4923966,
                                                        "Actual Loops": 1,
                                                        "Index Cond": "(mi.info_type_id < 5)"
                                                    }
                                                ]
                                            }
                                        ]
                                    }
                                ]
                            }
                        ]
                    }
                ]
            }
        ]
    },
    "Planning Time": 3.446,
    "Triggers": [],
    "Execution Time": 1484.6
}