{
    "Plan": {
        "Node Type": "Aggregate",
        "Strategy": "Plain",
        "Partial Mode": "Finalize",
        "Parallel Aware": false,
        "Startup Cost": 126081.58,
        "Total Cost": 126081.59,
        "Plan Rows": 1,
        "Plan Width": 8,
        "Actual Startup Time": 689.549,
        "Actual Total Time": 714.714,
        "Actual Rows": 1,
        "Actual Loops": 1,
        "Output": [
            "count(*)"
        ],
        "Plans": [
            {
                "Node Type": "Gather",
                "Parent Relationship": "Outer",
                "Parallel Aware": false,
                "Startup Cost": 126081.27,
                "Total Cost": 126081.58,
                "Plan Rows": 3,
                "Plan Width": 8,
                "Actual Startup Time": 682.511,
                "Actual Total Time": 714.702,
                "Actual Rows": 4,
                "Actual Loops": 1,
                "Output": [
                    "(PARTIAL count(*))"
                ],
                "Workers Planned": 3,
                "Workers Launched": 3,
                "Single Copy": false,
                "Plans": [
                    {
                        "Node Type": "Aggregate",
                        "Strategy": "Plain",
                        "Partial Mode": "Partial",
                        "Parent Relationship": "Outer",
                        "Parallel Aware": false,
                        "Startup Cost": 125081.27,
                        "Total Cost": 125081.28,
                        "Plan Rows": 1,
                        "Plan Width": 8,
                        "Actual Startup Time": 673.275,
                        "Actual Total Time": 673.281,
                        "Actual Rows": 1,
                        "Actual Loops": 4,
                        "Output": [
                            "PARTIAL count(*)"
                        ],
                        "Workers": [
                            {
                                "Worker Number": 0,
                                "Actual Startup Time": 669.934,
                                "Actual Total Time": 669.94,
                                "Actual Rows": 1,
                                "Actual Loops": 1
                            },
                            {
                                "Worker Number": 1,
                                "Actual Startup Time": 670.755,
                                "Actual Total Time": 670.761,
                                "Actual Rows": 1,
                                "Actual Loops": 1
                            },
                            {
                                "Worker Number": 2,
                                "Actual Startup Time": 670.658,
                                "Actual Total Time": 670.663,
                                "Actual Rows": 1,
                                "Actual Loops": 1
                            }
                        ],
                        "Plans": [
                            {
                                "Node Type": "Hash Join",
                                "Parent Relationship": "Outer",
                                "Parallel Aware": true,
                                "Join Type": "Inner",
                                "Startup Cost": 80841.73,
                                "Total Cost": 124860.41,
                                "Plan Rows": 88341,
                                "Plan Width": 0,
                                "Actual Startup Time": 493.477,
                                "Actual Total Time": 656.092,
                                "Actual Rows": 418311,
                                "Actual Loops": 4,
                                "Inner Unique": false,
                                "Hash Cond": "(mk.movie_id = t.id)",
                                "Workers": [
                                    {
                                        "Worker Number": 0,
                                        "Actual Startup Time": 490.226,
                                        "Actual Total Time": 653.544,
                                        "Actual Rows": 386408,
                                        "Actual Loops": 1
                                    },
                                    {
                                        "Worker Number": 1,
                                        "Actual Startup Time": 490.681,
                                        "Actual Total Time": 653.9,
                                        "Actual Rows": 398330,
                                        "Actual Loops": 1
                                    },
                                    {
                                        "Worker Number": 2,
                                        "Actual Startup Time": 490.959,
                                        "Actual Total Time": 653.954,
                                        "Actual Rows": 394741,
                                        "Actual Loops": 1
                                    }
                                ],
                                "Plans": [
                                    {
                                        "Node Type": "Seq Scan",
                                        "Parent Relationship": "Outer",
                                        "Parallel Aware": true,
                                        "Relation Name": "movie_keyword",
                                        "Schema": "public",
                                        "Alias": "mk",
                                        "Startup Cost": 0.0,
                                        "Total Cost": 42695.65,
                                        "Plan Rows": 293916,
                                        "Plan Width": 4,
                                        "Actual Startup Time": 1.398,
                                        "Actual Total Time": 100.459,
                                        "Actual Rows": 222005,
                                        "Actual Loops": 4,
                                        "Output": [
                                            "mk.id",
                                            "mk.movie_id",
                                            "mk.keyword_id"
                                        ],
                                        "Filter": "(mk.keyword_id > 20778)",
                                        "Rows Removed by Filter": 908977,
                                        "Workers": [
                                            {
                                                "Worker Number": 0,
                                                "Actual Startup Time": 1.427,
                                                "Actual Total Time": 104.096,
                                                "Actual Rows": 205467,
                                                "Actual Loops": 1
                                            },
                                            {
                                                "Worker Number": 1,
                                                "Actual Startup Time": 1.343,
                                                "Actual Total Time": 103.922,
                                                "Actual Rows": 210642,
                                                "Actual Loops": 1
                                            },
                                            {
                                                "Worker Number": 2,
                                                "Actual Startup Time": 1.413,
                                                "Actual Total Time": 103.615,
                                                "Actual Rows": 207125,
                                                "Actual Loops": 1
                                            }
                                        ]
                                    },
                                    {
                                        "Node Type": "Hash",
                                        "Parent Relationship": "Inner",
                                        "Parallel Aware": true,
                                        "Startup Cost": 78466.95,
                                        "Total Cost": 78466.95,
                                        "Plan Rows": 189982,
                                        "Plan Width": 8,
                                        "Actual Startup Time": 486.901,
                                        "Actual Total Time": 486.905,
                                        "Actual Rows": 189523,
                                        "Actual Loops": 4,
                                        "Output": [
                                            "t.id",
                                            "mc.movie_id"
                                        ],
                                        "Hash Buckets": 1048576,
                                        "Original Hash Buckets": 1048576,
                                        "Hash Batches": 1,
                                        "Original Hash Batches": 1,
                                        "Peak Memory Usage": 37888,
                                        "Workers": [
                                            {
                                                "Worker Number": 0,
                                                "Actual Startup Time": 488.177,
                                                "Actual Total Time": 488.181,
                                                "Actual Rows": 177973,
                                                "Actual Loops": 1
                                            },
                                            {
                                                "Worker Number": 1,
                                                "Actual Startup Time": 488.579,
                                                "Actual Total Time": 488.583,
                                                "Actual Rows": 190422,
                                                "Actual Loops": 1
                                            },
                                            {
                                                "Worker Number": 2,
                                                "Actual Startup Time": 488.901,
                                                "Actual Total Time": 488.904,
                                                "Actual Rows": 180426,
                                                "Actual Loops": 1
                                            }
                                        ],
                                        "Plans": [
                                            {
                                                "Node Type": "Hash Join",
                                                "Parent Relationship": "Outer",
                                                "Parallel Aware": true,
                                                "Join Type": "Inner",
                                                "Startup Cost": 32374.91,
                                                "Total Cost": 78466.95,
                                                "Plan Rows": 189982,
                                                "Plan Width": 8,
                                                "Actual Startup Time": 150.381,
                                                "Actual Total Time": 425.936,
                                                "Actual Rows": 189523,
                                                "Actual Loops": 4,
                                                "Output": [
                                                    "t.id",
                                                    "mc.movie_id"
                                                ],
                                                "Inner Unique": false,
                                                "Hash Cond": "(t.id = mc.movie_id)",
                                                "Workers": [
                                                    {
                                                        "Worker Number": 0,
                                                        "Actual Startup Time": 150.424,
                                                        "Actual Total Time": 427.038,
                                                        "Actual Rows": 177973,
                                                        "Actual Loops": 1
                                                    },
                                                    {
                                                        "Worker Number": 1,
                                                        "Actual Startup Time": 150.39,
                                                        "Actual Total Time": 426.707,
                                                        "Actual Rows": 190422,
                                                        "Actual Loops": 1
                                                    },
                                                    {
                                                        "Worker Number": 2,
                                                        "Actual Startup Time": 150.351,
                                                        "Actual Total Time": 426.648,
                                                        "Actual Rows": 180426,
                                                        "Actual Loops": 1
                                                    }
                                                ],
                                                "Plans": [
                                                    {
                                                        "Node Type": "Seq Scan",
                                                        "Parent Relationship": "Outer",
                                                        "Parallel Aware": true,
                                                        "Relation Name": "title",
                                                        "Schema": "public",
                                                        "Alias": "t",
                                                        "Startup Cost": 0.0,
                                                        "Total Cost": 42318.81,
                                                        "Plan Rows": 632080,
                                                        "Plan Width": 4,
                                                        "Actual Startup Time": 0.026,
                                                        "Actual Total Time": 78.473,
                                                        "Actual Rows": 632078,
                                                        "Actual Loops": 4,
                                                        "Output": [
                                                            "t.id",
                                                            "t.title",
                                                            "t.imdb_index",
                                                            "t.kind_id",
                                                            "t.production_year",
                                                            "t.imdb_id",
                                                            "t.phonetic_code",
                                                            "t.episode_of_id",
                                                            "t.season_nr",
                                                            "t.episode_nr",
                                                            "t.series_years",
                                                            "t.md5sum"
                                                        ],
                                                        "Workers": [
                                                            {
                                                                "Worker Number": 0,
                                                                "Actual Startup Time": 0.03,
                                                                "Actual Total Time": 83.624,
                                                                "Actual Rows": 593811,
                                                                "Actual Loops": 1
                                                            },
                                                            {
                                                                "Worker Number": 1,
                                                                "Actual Startup Time": 0.033,
                                                                "Actual Total Time": 82.987,
                                                                "Actual Rows": 632099,
                                                                "Actual Loops": 1
                                                            },
                                                            {
                                                                "Worker Number": 2,
                                                                "Actual Startup Time": 0.035,
                                                                "Actual Total Time": 83.533,
                                                                "Actual Rows": 599909,
                                                                "Actual Loops": 1
                                                            }
                                                        ]
                                                    },
                                                    {
                                                        "Node Type": "Hash",
                                                        "Parent Relationship": "Inner",
                                                        "Parallel Aware": true,
                                                        "Startup Cost": 29310.68,
                                                        "Total Cost": 29310.68,
                                                        "Plan Rows": 245138,
                                                        "Plan Width": 4,
                                                        "Actual Startup Time": 147.483,
                                                        "Actual Total Time": 147.484,
                                                        "Actual Rows": 189523,
                                                        "Actual Loops": 4,
                                                        "Output": [
                                                            "mc.movie_id"
                                                        ],
                                                        "Hash Buckets": 1048576,
                                                        "Original Hash Buckets": 1048576,
                                                        "Hash Batches": 1,
                                                        "Original Hash Batches": 1,
                                                        "Peak Memory Usage": 37952,
                                                        "Workers": [
                                                            {
                                                                "Worker Number": 0,
                                                                "Actual Startup Time": 150.113,
                                                                "Actual Total Time": 150.114,
                                                                "Actual Rows": 157404,
                                                                "Actual Loops": 1
                                                            },
                                                            {
                                                                "Worker Number": 1,
                                                                "Actual Startup Time": 150.138,
                                                                "Actual Total Time": 150.139,
                                                                "Actual Rows": 172617,
                                                                "Actual Loops": 1
                                                            },
                                                            {
                                                                "Worker Number": 2,
                                                                "Actual Startup Time": 150.069,
                                                                "Actual Total Time": 150.069,
                                                                "Actual Rows": 159512,
                                                                "Actual Loops": 1
                                                            }
                                                        ],
                                                        "Plans": [
                                                            {
                                                                "Node Type": "Seq Scan",
                                                                "Parent Relationship": "Outer",
                                                                "Parallel Aware": true,
                                                                "Relation Name": "movie_companies",
                                                                "Schema": "public",
                                                                "Alias": "mc",
                                                                "Startup Cost": 0.0,
                                                                "Total Cost": 29310.68,
                                                                "Plan Rows": 245138,
                                                                "Plan Width": 4,
                                                                "Actual Startup Time": 0.051,
                                                                "Actual Total Time": 73.428,
                                                                "Actual Rows": 189523,
                                                                "Actual Loops": 4,
                                                                "Output": [
                                                                    "mc.movie_id"
                                                                ],
                                                                "Filter": "(mc.company_id < 1527)",
                                                                "Rows Removed by Filter": 462760,
                                                                "Workers": [
                                                                    {
                                                                        "Worker Number": 0,
                                                                        "Actual Startup Time": 0.065,
                                                                        "Actual Total Time": 74.368,
                                                                        "Actual Rows": 157404,
                                                                        "Actual Loops": 1
                                                                    },
                                                                    {
                                                                        "Worker Number": 1,
                                                                        "Actual Startup Time": 0.056,
                                                                        "Actual Total Time": 75.634,
                                                                        "Actual Rows": 172617,
                                                                        "Actual Loops": 1
                                                                    },
                                                                    {
                                                                        "Worker Number": 2,
                                                                        "Actual Startup Time": 0.064,
                                                                        "Actual Total Time": 75.47,
                                                                        "Actual Rows": 159512,
                                                                        "Actual Loops": 1
                                                                    }
                                                                ]
                                                            }
                                                        ]
                                                    }
                                                ]
                                            }
                                        ]
                                    }
                                ]
                            }
                        ]
                    }
                ]
            }
        ]
    },
    "Planning Time": 1.527,
    "Triggers": [],
    "Execution Time": 714.799
}