[
  {
    "Plan": {
      "Node Type": "Aggregate",
      "Strategy": "Plain",
      "Partial Mode": "Finalize",
      "Parallel Aware": false,
      "Startup Cost": 345056.24,
      "Total Cost": 345056.25,
      "Plan Rows": 1,
      "Plan Width": 8,
      "Actual Startup Time": 507.691,
      "Actual Total Time": 532.416,
      "Actual Rows": 1,
      "Actual Loops": 1,
      "Plans": [
        {
          "Node Type": "Gather",
          "Parent Relationship": "Outer",
          "Parallel Aware": false,
          "Startup Cost": 345055.61,
          "Total Cost": 345056.22,
          "Plan Rows": 6,
          "Plan Width": 8,
          "Actual Startup Time": 493.124,
          "Actual Total Time": 532.396,
          "Actual Rows": 7,
          "Actual Loops": 1,
          "Workers Planned": 6,
          "Workers Launched": 6,
          "Single Copy": false,
          "Plans": [
            {
              "Node Type": "Aggregate",
              "Strategy": "Plain",
              "Partial Mode": "Partial",
              "Parent Relationship": "Outer",
              "Parallel Aware": false,
              "Startup Cost": 344055.61,
              "Total Cost": 344055.62,
              "Plan Rows": 1,
              "Plan Width": 8,
              "Actual Startup Time": 482.516,
              "Actual Total Time": 482.521,
              "Actual Rows": 1,
              "Actual Loops": 7,
              "Plans": [
                {
                  "Node Type": "Hash Join",
                  "Parent Relationship": "Outer",
                  "Parallel Aware": true,
                  "Join Type": "Inner",
                  "Startup Cost": 86640.39,
                  "Total Cost": 343540.99,
                  "Plan Rows": 205847,
                  "Plan Width": 0,
                  "Actual Startup Time": 293.925,
                  "Actual Total Time": 473.511,
                  "Actual Rows": 171513,
                  "Actual Loops": 7,
                  "Inner Unique": true,
                  "Hash Cond": "(ci.movie_id = t.id)",
                  "Plans": [
                    {
                      "Node Type": "Bitmap Heap Scan",
                      "Parent Relationship": "Outer",
                      "Parallel Aware": true,
                      "Relation Name": "cast_info",
                      "Alias": "ci",
                      "Startup Cost": 36902.78,
                      "Total Cost": 293072.1,
                      "Plan Rows": 278585,
                      "Plan Width": 4,
                      "Actual Startup Time": 76.062,
                      "Actual Total Time": 136.816,
                      "Actual Rows": 226556,
                      "Actual Loops": 7,
                      "Recheck Cond": "(person_id > 3748017)",
                      "Rows Removed by Index Recheck": 0,
                      "Exact Heap Blocks": 3148,
                      "Lossy Heap Blocks": 0,
                      "Plans": [
                        {
                          "Node Type": "Bitmap Index Scan",
                          "Parent Relationship": "Outer",
                          "Parallel Aware": false,
                          "Index Name": "person_id_cast_info",
                          "Startup Cost": 0.0,
                          "Total Cost": 36484.9,
                          "Plan Rows": 1671512,
                          "Plan Width": 0,
                          "Actual Startup Time": 71.693,
                          "Actual Total Time": 71.694,
                          "Actual Rows": 1585891,
                          "Actual Loops": 1,
                          "Index Cond": "(person_id > 3748017)"
                        }
                      ]
                    },
                    {
                      "Node Type": "Hash",
                      "Parent Relationship": "Inner",
                      "Parallel Aware": true,
                      "Startup Cost": 43899.32,
                      "Total Cost": 43899.32,
                      "Plan Rows": 467063,
                      "Plan Width": 4,
                      "Actual Startup Time": 214.285,
                      "Actual Total Time": 214.287,
                      "Actual Rows": 266498,
                      "Actual Loops": 7,
                      "Hash Buckets": 2097152,
                      "Original Hash Buckets": 2097152,
                      "Hash Batches": 1,
                      "Original Hash Batches": 1,
                      "Peak Memory Usage": 89440,
                      "Plans": [
                        {
                          "Node Type": "Seq Scan",
                          "Parent Relationship": "Outer",
                          "Parallel Aware": true,
                          "Relation Name": "title",
                          "Alias": "t",
                          "Startup Cost": 0.0,
                          "Total Cost": 43899.32,
                          "Plan Rows": 467063,
                          "Plan Width": 4,
                          "Actual Startup Time": 0.043,
                          "Actual Total Time": 86.657,
                          "Actual Rows": 266498,
                          "Actual Loops": 7,
                          "Filter": "(kind_id > 1)",
                          "Rows Removed by Filter": 94689
                        }
                      ]
                    }
                  ]
                }
              ]
            }
          ]
        }
      ]
    },
    "Planning Time": 0.295,
    "Triggers": [],
    "Execution Time": 532.483
  }
]