[
  {
    "Plan": {
      "Node Type": "Aggregate",
      "Strategy": "Plain",
      "Partial Mode": "Finalize",
      "Parallel Aware": false,
      "Startup Cost": 344065.89,
      "Total Cost": 344065.9,
      "Plan Rows": 1,
      "Plan Width": 8,
      "Actual Startup Time": 470.328,
      "Actual Total Time": 485.691,
      "Actual Rows": 1,
      "Actual Loops": 1,
      "Plans": [
        {
          "Node Type": "Gather",
          "Parent Relationship": "Outer",
          "Parallel Aware": false,
          "Startup Cost": 344065.26,
          "Total Cost": 344065.87,
          "Plan Rows": 6,
          "Plan Width": 8,
          "Actual Startup Time": 455.471,
          "Actual Total Time": 485.679,
          "Actual Rows": 7,
          "Actual Loops": 1,
          "Workers Planned": 6,
          "Workers Launched": 6,
          "Single Copy": false,
          "Plans": [
            {
              "Node Type": "Aggregate",
              "Strategy": "Plain",
              "Partial Mode": "Partial",
              "Parent Relationship": "Outer",
              "Parallel Aware": false,
              "Startup Cost": 343065.26,
              "Total Cost": 343065.27,
              "Plan Rows": 1,
              "Plan Width": 8,
              "Actual Startup Time": 439.682,
              "Actual Total Time": 439.685,
              "Actual Rows": 1,
              "Actual Loops": 7,
              "Plans": [
                {
                  "Node Type": "Hash Join",
                  "Parent Relationship": "Outer",
                  "Parallel Aware": true,
                  "Join Type": "Inner",
                  "Startup Cost": 85764.01,
                  "Total Cost": 342563.8,
                  "Plan Rows": 200586,
                  "Plan Width": 0,
                  "Actual Startup Time": 269.757,
                  "Actual Total Time": 430.956,
                  "Actual Rows": 171513,
                  "Actual Loops": 7,
                  "Inner Unique": true,
                  "Hash Cond": "(ci.movie_id = t.id)",
                  "Plans": [
                    {
                      "Node Type": "Bitmap Heap Scan",
                      "Parent Relationship": "Outer",
                      "Parallel Aware": true,
                      "Relation Name": "cast_info",
                      "Alias": "ci",
                      "Startup Cost": 36036.85,
                      "Total Cost": 292122.85,
                      "Plan Rows": 271920,
                      "Plan Width": 4,
                      "Actual Startup Time": 64.337,
                      "Actual Total Time": 116.561,
                      "Actual Rows": 226556,
                      "Actual Loops": 7,
                      "Recheck Cond": "(person_id > 3748017)",
                      "Rows Removed by Index Recheck": 0,
                      "Exact Heap Blocks": 3780,
                      "Lossy Heap Blocks": 0,
                      "Plans": [
                        {
                          "Node Type": "Bitmap Index Scan",
                          "Parent Relationship": "Outer",
                          "Parallel Aware": false,
                          "Index Name": "person_id_cast_info",
                          "Startup Cost": 0.0,
                          "Total Cost": 35628.97,
                          "Plan Rows": 1631521,
                          "Plan Width": 0,
                          "Actual Startup Time": 60.676,
                          "Actual Total Time": 60.677,
                          "Actual Rows": 1585891,
                          "Actual Loops": 1,
                          "Index Cond": "(person_id > 3748017)"
                        }
                      ]
                    },
                    {
                      "Node Type": "Hash",
                      "Parent Relationship": "Inner",
                      "Parallel Aware": true,
                      "Startup Cost": 43898.92,
                      "Total Cost": 43898.92,
                      "Plan Rows": 466259,
                      "Plan Width": 4,
                      "Actual Startup Time": 200.525,
                      "Actual Total Time": 200.526,
                      "Actual Rows": 266498,
                      "Actual Loops": 7,
                      "Hash Buckets": 2097152,
                      "Original Hash Buckets": 2097152,
                      "Hash Batches": 1,
                      "Original Hash Batches": 1,
                      "Peak Memory Usage": 89504,
                      "Plans": [
                        {
                          "Node Type": "Seq Scan",
                          "Parent Relationship": "Outer",
                          "Parallel Aware": true,
                          "Relation Name": "title",
                          "Alias": "t",
                          "Startup Cost": 0.0,
                          "Total Cost": 43898.92,
                          "Plan Rows": 466259,
                          "Plan Width": 4,
                          "Actual Startup Time": 0.043,
                          "Actual Total Time": 78.146,
                          "Actual Rows": 266498,
                          "Actual Loops": 7,
                          "Filter": "(kind_id > 1)",
                          "Rows Removed by Filter": 94689
                        }
                      ]
                    }
                  ]
                }
              ]
            }
          ]
        }
      ]
    },
    "Planning Time": 0.612,
    "Triggers": [],
    "Execution Time": 485.782
  }
]