{
  "Plan": {
    "Node Type": "Aggregate",
    "Strategy": "Plain",
    "Partial Mode": "Finalize",
    "Parallel Aware": false,
    "Startup Cost": 4151513.31,
    "Total Cost": 4151513.32,
    "Plan Rows": 1,
    "Plan Width": 8,
    "Actual Startup Time": 35741.932,
    "Actual Total Time": 35868.703,
    "Actual Rows": 1,
    "Actual Loops": 1,
    "Plans": [
      {
        "Node Type": "Gather",
        "Parent Relationship": "Outer",
        "Parallel Aware": false,
        "Startup Cost": 4151513.2,
        "Total Cost": 4151513.31,
        "Plan Rows": 1,
        "Plan Width": 8,
        "Actual Startup Time": 35741.925,
        "Actual Total Time": 35868.696,
        "Actual Rows": 2,
        "Actual Loops": 1,
        "Workers Planned": 1,
        "Workers Launched": 1,
        "Single Copy": false,
        "Plans": [
          {
            "Node Type": "Aggregate",
            "Strategy": "Plain",
            "Partial Mode": "Partial",
            "Parent Relationship": "Outer",
            "Parallel Aware": false,
            "Startup Cost": 4150513.2,
            "Total Cost": 4150513.21,
            "Plan Rows": 1,
            "Plan Width": 8,
            "Actual Startup Time": 35737.87,
            "Actual Total Time": 35737.872,
            "Actual Rows": 1,
            "Actual Loops": 2,
            "Plans": [
              {
                "Node Type": "Merge Join",
                "Parent Relationship": "Outer",
                "Parallel Aware": false,
                "Join Type": "Inner",
                "Startup Cost": 91.08,
                "Total Cost": 4036915.3,
                "Plan Rows": 45439161,
                "Plan Width": 0,
                "Actual Startup Time": 1.28,
                "Actual Total Time": 32611.324,
                "Actual Rows": 71355148,
                "Actual Loops": 2,
                "Inner Unique": false,
                "Merge Cond": "(t.id = mi.movie_id)",
                "Plans": [
                  {
                    "Node Type": "Merge Join",
                    "Parent Relationship": "Outer",
                    "Parallel Aware": false,
                    "Join Type": "Inner",
                    "Startup Cost": 44.63,
                    "Total Cost": 2258519.72,
                    "Plan Rows": 7770976,
                    "Plan Width": 8,
                    "Actual Startup Time": 0.73,
                    "Actual Total Time": 16595.032,
                    "Actual Rows": 6306756,
                    "Actual Loops": 2,
                    "Inner Unique": true,
                    "Merge Cond": "(ci.movie_id = t.id)",
                    "Plans": [
                      {
                        "Node Type": "Index Scan",
                        "Parent Relationship": "Outer",
                        "Parallel Aware": true,
                        "Scan Direction": "Forward",
                        "Index Name": "movie_id_cast_info",
                        "Relation Name": "cast_info",
                        "Alias": "ci",
                        "Startup Cost": 0.56,
                        "Total Cost": 2031898.13,
                        "Plan Rows": 11189244,
                        "Plan Width": 4,
                        "Actual Startup Time": 0.168,
                        "Actual Total Time": 14144.248,
                        "Actual Rows": 8242184,
                        "Actual Loops": 2,
                        "Filter": "((person_id < 2957800) AND (role_id > 1))",
                        "Rows Removed by Filter": 9879988
                      },
                      {
                        "Node Type": "Index Scan",
                        "Parent Relationship": "Inner",
                        "Parallel Aware": false,
                        "Scan Direction": "Forward",
                        "Index Name": "title_pkey",
                        "Relation Name": "title",
                        "Alias": "t",
                        "Startup Cost": 0.43,
                        "Total Cost": 116660.7,
                        "Plan Rows": 1755910,
                        "Plan Width": 4,
                        "Actual Startup Time": 0.059,
                        "Actual Total Time": 1542.179,
                        "Actual Rows": 1748483,
                        "Actual Loops": 2,
                        "Filter": "(production_year > 1990)",
                        "Rows Removed by Filter": 777480
                      }
                    ]
                  },
                  {
                    "Node Type": "Materialize",
                    "Parent Relationship": "Inner",
                    "Parallel Aware": false,
                    "Startup Cost": 0.43,
                    "Total Cost": 1116056.49,
                    "Plan Rows": 14783665,
                    "Plan Width": 4,
                    "Actual Startup Time": 0.099,
                    "Actual Total Time": 8513.248,
                    "Actual Rows": 81957447,
                    "Actual Loops": 2,
                    "Plans": [
                      {
                        "Node Type": "Index Only Scan",
                        "Parent Relationship": "Outer",
                        "Parallel Aware": false,
                        "Scan Direction": "Forward",
                        "Index Name": "movie_id_movie_info",
                        "Relation Name": "movie_info",
                        "Alias": "mi",
                        "Startup Cost": 0.43,
                        "Total Cost": 1079097.33,
                        "Plan Rows": 14783665,
                        "Plan Width": 4,
                        "Actual Startup Time": 0.092,
                        "Actual Total Time": 4301.172,
                        "Actual Rows": 14834942,
                        "Actual Loops": 2,
                        "Heap Fetches": 29669883
                      }
                    ]
                  }
                ]
              }
            ]
          }
        ]
      }
    ]
  },
  "Planning Time": 1.09,
  "Triggers": [],
  "Execution Time": 35868.843
}