[
    {
        "Bao": {
            "Bao prediction": 471.501,
            "Bao recommended hint": "(no hint)"
        }
    },
    {
        "Plan": {
            "Node Type": "Aggregate",
            "Strategy": "Plain",
            "Partial Mode": "Finalize",
            "Parallel Aware": false,
            "Startup Cost": 31375.04,
            "Total Cost": 31375.05,
            "Plan Rows": 1,
            "Plan Width": 8,
            "Actual Startup Time": 113.524,
            "Actual Total Time": 117.941,
            "Actual Rows": 1,
            "Actual Loops": 1,
            "Output": [
                "count(*)"
            ],
            "Plans": [
                {
                    "Node Type": "Gather",
                    "Parent Relationship": "Outer",
                    "Parallel Aware": false,
                    "Startup Cost": 31374.72,
                    "Total Cost": 31375.03,
                    "Plan Rows": 3,
                    "Plan Width": 8,
                    "Actual Startup Time": 113.349,
                    "Actual Total Time": 117.933,
                    "Actual Rows": 4,
                    "Actual Loops": 1,
                    "Output": [
                        "(PARTIAL count(*))"
                    ],
                    "Workers Planned": 3,
                    "Workers Launched": 3,
                    "Single Copy": false,
                    "Plans": [
                        {
                            "Node Type": "Aggregate",
                            "Strategy": "Plain",
                            "Partial Mode": "Partial",
                            "Parent Relationship": "Outer",
                            "Parallel Aware": false,
                            "Startup Cost": 30374.72,
                            "Total Cost": 30374.73,
                            "Plan Rows": 1,
                            "Plan Width": 8,
                            "Actual Startup Time": 105.773,
                            "Actual Total Time": 105.774,
                            "Actual Rows": 1,
                            "Actual Loops": 4,
                            "Output": [
                                "PARTIAL count(*)"
                            ],
                            "Workers": [
                                {
                                    "Worker Number": 0,
                                    "Actual Startup Time": 103.36,
                                    "Actual Total Time": 103.361,
                                    "Actual Rows": 1,
                                    "Actual Loops": 1
                                },
                                {
                                    "Worker Number": 1,
                                    "Actual Startup Time": 103.472,
                                    "Actual Total Time": 103.473,
                                    "Actual Rows": 1,
                                    "Actual Loops": 1
                                },
                                {
                                    "Worker Number": 2,
                                    "Actual Startup Time": 103.524,
                                    "Actual Total Time": 103.525,
                                    "Actual Rows": 1,
                                    "Actual Loops": 1
                                }
                            ],
                            "Plans": [
                                {
                                    "Node Type": "Seq Scan",
                                    "Parent Relationship": "Outer",
                                    "Parallel Aware": true,
                                    "Relation Name": "movie_companies",
                                    "Schema": "public",
                                    "Alias": "mc",
                                    "Startup Cost": 0.0,
                                    "Total Cost": 29310.68,
                                    "Plan Rows": 425616,
                                    "Plan Width": 0,
                                    "Actual Startup Time": 23.453,
                                    "Actual Total Time": 87.377,
                                    "Actual Rows": 331087,
                                    "Actual Loops": 4,
                                    "Output": [
                                        "id",
                                        "movie_id",
                                        "company_id",
                                        "company_type_id",
                                        "note"
                                    ],
                                    "Filter": "(mc.company_id > 11240)",
                                    "Rows Removed by Filter": 321195,
                                    "Workers": [
                                        {
                                            "Worker Number": 0,
                                            "Actual Startup Time": 21.024,
                                            "Actual Total Time": 85.657,
                                            "Actual Rows": 255815,
                                            "Actual Loops": 1
                                        },
                                        {
                                            "Worker Number": 1,
                                            "Actual Startup Time": 21.157,
                                            "Actual Total Time": 85.601,
                                            "Actual Rows": 377936,
                                            "Actual Loops": 1
                                        },
                                        {
                                            "Worker Number": 2,
                                            "Actual Startup Time": 21.208,
                                            "Actual Total Time": 85.712,
                                            "Actual Rows": 257854,
                                            "Actual Loops": 1
                                        }
                                    ]
                                }
                            ]
                        }
                    ]
                }
            ]
        },
        "Planning Time": 1100.534,
        "Triggers": [],
        "Execution Time": 118.029
    }
]