[
  {
    "Plan": {
      "Node Type": "Aggregate",
      "Strategy": "Plain",
      "Partial Mode": "Finalize",
      "Parallel Aware": false,
      "Startup Cost": 32143.01,
      "Total Cost": 32143.02,
      "Plan Rows": 1,
      "Plan Width": 8,
      "Actual Startup Time": 108.683,
      "Actual Total Time": 118.281,
      "Actual Rows": 1,
      "Actual Loops": 1,
      "Plans": [
        {
          "Node Type": "Gather",
          "Parent Relationship": "Outer",
          "Parallel Aware": false,
          "Startup Cost": 32142.7,
          "Total Cost": 32143.01,
          "Plan Rows": 3,
          "Plan Width": 8,
          "Actual Startup Time": 108.371,
          "Actual Total Time": 118.268,
          "Actual Rows": 4,
          "Actual Loops": 1,
          "Workers Planned": 3,
          "Workers Launched": 3,
          "Single Copy": false,
          "Plans": [
            {
              "Node Type": "Aggregate",
              "Strategy": "Plain",
              "Partial Mode": "Partial",
              "Parent Relationship": "Outer",
              "Parallel Aware": false,
              "Startup Cost": 31142.7,
              "Total Cost": 31142.71,
              "Plan Rows": 1,
              "Plan Width": 8,
              "Actual Startup Time": 98.953,
              "Actual Total Time": 98.957,
              "Actual Rows": 1,
              "Actual Loops": 4,
              "Plans": [
                {
                  "Node Type": "Bitmap Heap Scan",
                  "Parent Relationship": "Outer",
                  "Parallel Aware": true,
                  "Relation Name": "movie_keyword",
                  "Alias": "mk",
                  "Startup Cost": 5446.31,
                  "Total Cost": 30935.63,
                  "Plan Rows": 82825,
                  "Plan Width": 0,
                  "Actual Startup Time": 32.101,
                  "Actual Total Time": 94.717,
                  "Actual Rows": 62745,
                  "Actual Loops": 4,
                  "Recheck Cond": "(keyword_id < 215)",
                  "Rows Removed by Index Recheck": 0,
                  "Exact Heap Blocks": 11619,
                  "Lossy Heap Blocks": 0,
                  "Plans": [
                    {
                      "Node Type": "Bitmap Index Scan",
                      "Parent Relationship": "Outer",
                      "Parallel Aware": false,
                      "Index Name": "keyword_id_movie_keyword",
                      "Startup Cost": 0.0,
                      "Total Cost": 5382.12,
                      "Plan Rows": 256759,
                      "Plan Width": 0,
                      "Actual Startup Time": 35.796,
                      "Actual Total Time": 35.797,
                      "Actual Rows": 250979,
                      "Actual Loops": 1,
                      "Index Cond": "(keyword_id < 215)"
                    }
                  ]
                }
              ]
            }
          ]
        }
      ]
    },
    "Planning Time": 0.252,
    "Triggers": [],
    "Execution Time": 118.361
  }
]