[
  {
    "Plan": {
      "Node Type": "Aggregate",
      "Strategy": "Plain",
      "Partial Mode": "Finalize",
      "Parallel Aware": false,
      "Startup Cost": 98082.55,
      "Total Cost": 98082.56,
      "Plan Rows": 1,
      "Plan Width": 8,
      "Actual Startup Time": 564.402,
      "Actual Total Time": 579.901,
      "Actual Rows": 1,
      "Actual Loops": 1,
      "Plans": [
        {
          "Node Type": "Gather",
          "Parent Relationship": "Outer",
          "Parallel Aware": false,
          "Startup Cost": 98082.23,
          "Total Cost": 98082.54,
          "Plan Rows": 3,
          "Plan Width": 8,
          "Actual Startup Time": 555.796,
          "Actual Total Time": 579.891,
          "Actual Rows": 4,
          "Actual Loops": 1,
          "Workers Planned": 3,
          "Workers Launched": 3,
          "Single Copy": false,
          "Plans": [
            {
              "Node Type": "Aggregate",
              "Strategy": "Plain",
              "Partial Mode": "Partial",
              "Parent Relationship": "Outer",
              "Parallel Aware": false,
              "Startup Cost": 97082.23,
              "Total Cost": 97082.24,
              "Plan Rows": 1,
              "Plan Width": 8,
              "Actual Startup Time": 543.587,
              "Actual Total Time": 543.59,
              "Actual Rows": 1,
              "Actual Loops": 4,
              "Plans": [
                {
                  "Node Type": "Hash Join",
                  "Parent Relationship": "Outer",
                  "Parallel Aware": true,
                  "Join Type": "Inner",
                  "Startup Cost": 50723.69,
                  "Total Cost": 95428.98,
                  "Plan Rows": 661301,
                  "Plan Width": 0,
                  "Actual Startup Time": 319.188,
                  "Actual Total Time": 523.618,
                  "Actual Rows": 488183,
                  "Actual Loops": 4,
                  "Inner Unique": true,
                  "Hash Cond": "(mk.movie_id = t.id)",
                  "Plans": [
                    {
                      "Node Type": "Seq Scan",
                      "Parent Relationship": "Outer",
                      "Parallel Aware": true,
                      "Relation Name": "movie_keyword",
                      "Alias": "mk",
                      "Startup Cost": 0.0,
                      "Total Cost": 42695.65,
                      "Plan Rows": 765575,
                      "Plan Width": 4,
                      "Actual Startup Time": 0.026,
                      "Actual Total Time": 101.179,
                      "Actual Rows": 593324,
                      "Actual Loops": 4,
                      "Filter": "(keyword_id < 5393)",
                      "Rows Removed by Filter": 537658
                    },
                    {
                      "Node Type": "Hash",
                      "Parent Relationship": "Inner",
                      "Parallel Aware": true,
                      "Startup Cost": 43898.92,
                      "Total Cost": 43898.92,
                      "Plan Rows": 545982,
                      "Plan Width": 4,
                      "Actual Startup Time": 311.101,
                      "Actual Total Time": 311.102,
                      "Actual Rows": 542791,
                      "Actual Loops": 4,
                      "Hash Buckets": 4194304,
                      "Original Hash Buckets": 4194304,
                      "Hash Batches": 1,
                      "Original Hash Batches": 1,
                      "Peak Memory Usage": 117760,
                      "Plans": [
                        {
                          "Node Type": "Seq Scan",
                          "Parent Relationship": "Outer",
                          "Parallel Aware": true,
                          "Relation Name": "title",
                          "Alias": "t",
                          "Startup Cost": 0.0,
                          "Total Cost": 43898.92,
                          "Plan Rows": 545982,
                          "Plan Width": 4,
                          "Actual Startup Time": 0.061,
                          "Actual Total Time": 109.664,
                          "Actual Rows": 542791,
                          "Actual Loops": 4,
                          "Filter": "(production_year > 1963)",
                          "Rows Removed by Filter": 89287
                        }
                      ]
                    }
                  ]
                }
              ]
            }
          ]
        }
      ]
    },
    "Planning Time": 0.287,
    "Triggers": [],
    "Execution Time": 579.942
  }
]