{
  "Plan": {
    "Node Type": "Aggregate",
    "Strategy": "Plain",
    "Partial Mode": "Finalize",
    "Parallel Aware": false,
    "Startup Cost": 159420.29,
    "Total Cost": 159420.3,
    "Plan Rows": 1,
    "Plan Width": 8,
    "Actual Startup Time": 420.576,
    "Actual Total Time": 435.284,
    "Actual Rows": 1,
    "Actual Loops": 1,
    "Plans": [
      {
        "Node Type": "Gather",
        "Parent Relationship": "Outer",
        "Parallel Aware": false,
        "Startup Cost": 159420.18,
        "Total Cost": 159420.29,
        "Plan Rows": 1,
        "Plan Width": 8,
        "Actual Startup Time": 419.099,
        "Actual Total Time": 435.276,
        "Actual Rows": 2,
        "Actual Loops": 1,
        "Workers Planned": 1,
        "Workers Launched": 1,
        "Single Copy": false,
        "Plans": [
          {
            "Node Type": "Aggregate",
            "Strategy": "Plain",
            "Partial Mode": "Partial",
            "Parent Relationship": "Outer",
            "Parallel Aware": false,
            "Startup Cost": 158420.18,
            "Total Cost": 158420.19,
            "Plan Rows": 1,
            "Plan Width": 8,
            "Actual Startup Time": 416.305,
            "Actual Total Time": 416.308,
            "Actual Rows": 1,
            "Actual Loops": 2,
            "Plans": [
              {
                "Node Type": "Nested Loop",
                "Parent Relationship": "Outer",
                "Parallel Aware": false,
                "Join Type": "Inner",
                "Startup Cost": 75235.82,
                "Total Cost": 158296.05,
                "Plan Rows": 49652,
                "Plan Width": 0,
                "Actual Startup Time": 253.265,
                "Actual Total Time": 414.059,
                "Actual Rows": 44002,
                "Actual Loops": 2,
                "Inner Unique": false,
                "Plans": [
                  {
                    "Node Type": "Hash Join",
                    "Parent Relationship": "Outer",
                    "Parallel Aware": true,
                    "Join Type": "Inner",
                    "Startup Cost": 75235.39,
                    "Total Cost": 104608.99,
                    "Plan Rows": 90966,
                    "Plan Width": 8,
                    "Actual Startup Time": 252.541,
                    "Actual Total Time": 356.168,
                    "Actual Rows": 25807,
                    "Actual Loops": 2,
                    "Inner Unique": true,
                    "Hash Cond": "(mk.movie_id = t.id)",
                    "Plans": [
                      {
                        "Node Type": "Bitmap Heap Scan",
                        "Parent Relationship": "Outer",
                        "Parallel Aware": true,
                        "Relation Name": "movie_keyword",
                        "Alias": "mk",
                        "Startup Cost": 11729.76,
                        "Total Cost": 40249.54,
                        "Plan Rows": 325262,
                        "Plan Width": 4,
                        "Actual Startup Time": 32.213,
                        "Actual Total Time": 93.499,
                        "Actual Rows": 270336,
                        "Actual Loops": 2,
                        "Recheck Cond": "(keyword_id > 33972)",
                        "Rows Removed by Index Recheck": 0,
                        "Exact Heap Blocks": 13311,
                        "Lossy Heap Blocks": 0,
                        "Plans": [
                          {
                            "Node Type": "Bitmap Index Scan",
                            "Parent Relationship": "Outer",
                            "Parallel Aware": false,
                            "Index Name": "keyword_id_movie_keyword",
                            "Startup Cost": 0.0,
                            "Total Cost": 11591.53,
                            "Plan Rows": 552946,
                            "Plan Width": 0,
                            "Actual Startup Time": 28.675,
                            "Actual Total Time": 28.675,
                            "Actual Rows": 540671,
                            "Actual Loops": 1,
                            "Index Cond": "(keyword_id > 33972)"
                          }
                        ]
                      },
                      {
                        "Node Type": "Hash",
                        "Parent Relationship": "Inner",
                        "Parallel Aware": true,
                        "Startup Cost": 58306.47,
                        "Total Cost": 58306.47,
                        "Plan Rows": 415933,
                        "Plan Width": 4,
                        "Actual Startup Time": 215.113,
                        "Actual Total Time": 215.114,
                        "Actual Rows": 297214,
                        "Actual Loops": 2,
                        "Hash Buckets": 1048576,
                        "Original Hash Buckets": 1048576,
                        "Hash Batches": 1,
                        "Original Hash Batches": 1,
                        "Peak Memory Usage": 31456,
                        "Plans": [
                          {
                            "Node Type": "Seq Scan",
                            "Parent Relationship": "Outer",
                            "Parallel Aware": true,
                            "Relation Name": "title",
                            "Alias": "t",
                            "Startup Cost": 0.0,
                            "Total Cost": 58306.47,
                            "Plan Rows": 415933,
                            "Plan Width": 4,
                            "Actual Startup Time": 0.019,
                            "Actual Total Time": 143.804,
                            "Actual Rows": 297214,
                            "Actual Loops": 2,
                            "Filter": "((kind_id > 3) AND (production_year < 2001))",
                            "Rows Removed by Filter": 966942
                          }
                        ]
                      }
                    ]
                  },
                  {
                    "Node Type": "Index Only Scan",
                    "Parent Relationship": "Inner",
                    "Parallel Aware": false,
                    "Scan Direction": "Forward",
                    "Index Name": "movie_id_movie_info_idx",
                    "Relation Name": "movie_info_idx",
                    "Alias": "mi_idx",
                    "Startup Cost": 0.43,
                    "Total Cost": 0.56,
                    "Plan Rows": 3,
                    "Plan Width": 4,
                    "Actual Startup Time": 0.002,
                    "Actual Total Time": 0.002,
                    "Actual Rows": 2,
                    "Actual Loops": 51614,
                    "Index Cond": "(movie_id = t.id)",
                    "Rows Removed by Index Recheck": 0,
                    "Heap Fetches": 88005
                  }
                ]
              }
            ]
          }
        ]
      }
    ]
  },
  "Planning Time": 0.501,
  "Triggers": [],
  "Execution Time": 435.342
}