[
  {
    "Plan": {
      "Node Type": "Aggregate",
      "Strategy": "Plain",
      "Partial Mode": "Simple",
      "Parallel Aware": false,
      "Startup Cost": 1060.0,
      "Total Cost": 1060.01,
      "Plan Rows": 1,
      "Plan Width": 8,
      "Actual Startup Time": 0.523,
      "Actual Total Time": 0.524,
      "Actual Rows": 1,
      "Actual Loops": 1,
      "Plans": [
        {
          "Node Type": "Index Scan",
          "Parent Relationship": "Outer",
          "Parallel Aware": false,
          "Scan Direction": "Forward",
          "Index Name": "person_id_cast_info",
          "Relation Name": "cast_info",
          "Alias": "ci",
          "Startup Cost": 0.56,
          "Total Cost": 1059.67,
          "Plan Rows": 130,
          "Plan Width": 0,
          "Actual Startup Time": 0.5,
          "Actual Total Time": 0.518,
          "Actual Rows": 58,
          "Actual Loops": 1,
          "Index Cond": "(person_id = 419609)",
          "Rows Removed by Index Recheck": 0,
          "Filter": "(role_id > 4)",
          "Rows Removed by Filter": 20
        }
      ]
    },
    "Planning Time": 0.086,
    "Triggers": [],
    "Execution Time": 0.545
  }
]