[
  {
    "Plan": {
      "Node Type": "Aggregate",
      "Strategy": "Plain",
      "Partial Mode": "Finalize",
      "Parallel Aware": false,
      "Startup Cost": 766924.18,
      "Total Cost": 766924.19,
      "Plan Rows": 1,
      "Plan Width": 64,
      "Actual Startup Time": 4603.835,
      "Actual Total Time": 4701.303,
      "Actual Rows": 1,
      "Actual Loops": 1,
      "Plans": [
        {
          "Node Type": "Gather",
          "Parent Relationship": "Outer",
          "Parallel Aware": false,
          "Startup Cost": 766924.07,
          "Total Cost": 766924.18,
          "Plan Rows": 1,
          "Plan Width": 64,
          "Actual Startup Time": 4603.434,
          "Actual Total Time": 4701.295,
          "Actual Rows": 2,
          "Actual Loops": 1,
          "Workers Planned": 1,
          "Workers Launched": 1,
          "Single Copy": false,
          "Plans": [
            {
              "Node Type": "Aggregate",
              "Strategy": "Plain",
              "Partial Mode": "Partial",
              "Parent Relationship": "Outer",
              "Parallel Aware": false,
              "Startup Cost": 765924.07,
              "Total Cost": 765924.08,
              "Plan Rows": 1,
              "Plan Width": 64,
              "Actual Startup Time": 4596.507,
              "Actual Total Time": 4596.529,
              "Actual Rows": 1,
              "Actual Loops": 2,
              "Plans": [
                {
                  "Node Type": "Hash Join",
                  "Parent Relationship": "Outer",
                  "Parallel Aware": true,
                  "Join Type": "Inner",
                  "Startup Cost": 761013.49,
                  "Total Cost": 765924.04,
                  "Plan Rows": 5,
                  "Plan Width": 32,
                  "Actual Startup Time": 4574.318,
                  "Actual Total Time": 4596.333,
                  "Actual Rows": 2056,
                  "Actual Loops": 2,
                  "Inner Unique": false,
                  "Hash Cond": "(cn.id = mc.company_id)",
                  "Plans": [
                    {
                      "Node Type": "Seq Scan",
                      "Parent Relationship": "Outer",
                      "Parallel Aware": true,
                      "Relation Name": "company_name",
                      "Alias": "cn",
                      "Startup Cost": 0.0,
                      "Total Cost": 4722.92,
                      "Plan Rows": 50031,
                      "Plan Width": 4,
                      "Actual Startup Time": 0.031,
                      "Actual Total Time": 17.403,
                      "Actual Rows": 42422,
                      "Actual Loops": 2,
                      "Filter": "((country_code)::text = '[us]'::text)",
                      "Rows Removed by Filter": 75077
                    },
                    {
                      "Node Type": "Hash",
                      "Parent Relationship": "Inner",
                      "Parallel Aware": true,
                      "Startup Cost": 761013.39,
                      "Total Cost": 761013.39,
                      "Plan Rows": 8,
                      "Plan Width": 36,
                      "Actual Startup Time": 4573.465,
                      "Actual Total Time": 4573.486,
                      "Actual Rows": 6712,
                      "Actual Loops": 2,
                      "Hash Buckets": 16384,
                      "Original Hash Buckets": 1024,
                      "Hash Batches": 1,
                      "Original Hash Batches": 1,
                      "Peak Memory Usage": 1272,
                      "Plans": [
                        {
                          "Node Type": "Hash Join",
                          "Parent Relationship": "Outer",
                          "Parallel Aware": true,
                          "Join Type": "Inner",
                          "Startup Cost": 730650.62,
                          "Total Cost": 761013.39,
                          "Plan Rows": 8,
                          "Plan Width": 36,
                          "Actual Startup Time": 4301.789,
                          "Actual Total Time": 4554.382,
                          "Actual Rows": 6712,
                          "Actual Loops": 2,
                          "Inner Unique": false,
                          "Hash Cond": "(mc.movie_id = t.id)",
                          "Plans": [
                            {
                              "Node Type": "Seq Scan",
                              "Parent Relationship": "Outer",
                              "Parallel Aware": true,
                              "Relation Name": "movie_companies",
                              "Alias": "mc",
                              "Startup Cost": 0.0,
                              "Total Cost": 27206.55,
                              "Plan Rows": 841655,
                              "Plan Width": 8,
                              "Actual Startup Time": 0.011,
                              "Actual Total Time": 150.738,
                              "Actual Rows": 1304564,
                              "Actual Loops": 2
                            },
                            {
                              "Node Type": "Hash",
                              "Parent Relationship": "Inner",
                              "Parallel Aware": true,
                              "Startup Cost": 730650.61,
                              "Total Cost": 730650.61,
                              "Plan Rows": 1,
                              "Plan Width": 44,
                              "Actual Startup Time": 4300.901,
                              "Actual Total Time": 4300.92,
                              "Actual Rows": 1956,
                              "Actual Loops": 2,
                              "Hash Buckets": 4096,
                              "Original Hash Buckets": 1024,
                              "Hash Batches": 1,
                              "Original Hash Batches": 1,
                              "Peak Memory Usage": 408,
                              "Plans": [
                                {
                                  "Node Type": "Hash Join",
                                  "Parent Relationship": "Outer",
                                  "Parallel Aware": true,
                                  "Join Type": "Inner",
                                  "Startup Cost": 684513.9,
                                  "Total Cost": 730650.61,
                                  "Plan Rows": 1,
                                  "Plan Width": 44,
                                  "Actual Startup Time": 4013.089,
                                  "Actual Total Time": 4284.508,
                                  "Actual Rows": 1956,
                                  "Actual Loops": 2,
                                  "Inner Unique": false,
                                  "Hash Cond": "(t.id = mi.movie_id)",
                                  "Plans": [
                                    {
                                      "Node Type": "Seq Scan",
                                      "Parent Relationship": "Outer",
                                      "Parallel Aware": true,
                                      "Relation Name": "title",
                                      "Alias": "t",
                                      "Startup Cost": 0.0,
                                      "Total Cost": 43898.97,
                                      "Plan Rows": 596726,
                                      "Plan Width": 21,
                                      "Actual Startup Time": 0.008,
                                      "Actual Total Time": 181.327,
                                      "Actual Rows": 1194438,
                                      "Actual Loops": 2,
                                      "Filter": "(production_year < 2013)",
                                      "Rows Removed by Filter": 69718
                                    },
                                    {
                                      "Node Type": "Hash",
                                      "Parent Relationship": "Inner",
                                      "Parallel Aware": true,
                                      "Startup Cost": 684513.89,
                                      "Total Cost": 684513.89,
                                      "Plan Rows": 1,
                                      "Plan Width": 23,
                                      "Actual Startup Time": 4012.675,
                                      "Actual Total Time": 4012.692,
                                      "Actual Rows": 1956,
                                      "Actual Loops": 2,
                                      "Hash Buckets": 4096,
                                      "Original Hash Buckets": 1024,
                                      "Hash Batches": 1,
                                      "Original Hash Batches": 1,
                                      "Peak Memory Usage": 312,
                                      "Plans": [
                                        {
                                          "Node Type": "Hash Join",
                                          "Parent Relationship": "Outer",
                                          "Parallel Aware": true,
                                          "Join Type": "Inner",
                                          "Startup Cost": 637270.48,
                                          "Total Cost": 684513.89,
                                          "Plan Rows": 1,
                                          "Plan Width": 23,
                                          "Actual Startup Time": 3589.041,
                                          "Actual Total Time": 3870.627,
                                          "Actual Rows": 1956,
                                          "Actual Loops": 2,
                                          "Inner Unique": false,
                                          "Hash Cond": "(chn.id = ci.person_role_id)",
                                          "Plans": [
                                            {
                                              "Node Type": "Seq Scan",
                                              "Parent Relationship": "Outer",
                                              "Parallel Aware": true,
                                              "Relation Name": "char_name",
                                              "Alias": "chn",
                                              "Startup Cost": 0.0,
                                              "Total Cost": 44299.2,
                                              "Plan Rows": 785120,
                                              "Plan Width": 4,
                                              "Actual Startup Time": 0.014,
                                              "Actual Total Time": 159.648,
                                              "Actual Rows": 1570170,
                                              "Actual Loops": 2
                                            },
                                            {
                                              "Node Type": "Hash",
                                              "Parent Relationship": "Inner",
                                              "Parallel Aware": true,
                                              "Startup Cost": 637270.47,
                                              "Total Cost": 637270.47,
                                              "Plan Rows": 1,
                                              "Plan Width": 27,
                                              "Actual Startup Time": 3588.651,
                                              "Actual Total Time": 3588.665,
                                              "Actual Rows": 2007,
                                              "Actual Loops": 2,
                                              "Hash Buckets": 4096,
                                              "Original Hash Buckets": 1024,
                                              "Hash Batches": 1,
                                              "Original Hash Batches": 1,
                                              "Peak Memory Usage": 312,
                                              "Plans": [
                                                {
                                                  "Node Type": "Hash Join",
                                                  "Parent Relationship": "Outer",
                                                  "Parallel Aware": true,
                                                  "Join Type": "Inner",
                                                  "Startup Cost": 430477.83,
                                                  "Total Cost": 637270.47,
                                                  "Plan Rows": 1,
                                                  "Plan Width": 27,
                                                  "Actual Startup Time": 2786.116,
                                                  "Actual Total Time": 3552.653,
                                                  "Actual Rows": 2007,
                                                  "Actual Loops": 2,
                                                  "Inner Unique": false,
                                                  "Hash Cond": "(mi.movie_id = ci.movie_id)",
                                                  "Plans": [
                                                    {
                                                      "Node Type": "Hash Join",
                                                      "Parent Relationship": "Outer",
                                                      "Parallel Aware": false,
                                                      "Join Type": "Inner",
                                                      "Startup Cost": 2.43,
                                                      "Total Cost": 206792.98,
                                                      "Plan Rows": 553,
                                                      "Plan Width": 4,
                                                      "Actual Startup Time": 230.82,
                                                      "Actual Total Time": 978.186,
                                                      "Actual Rows": 225520,
                                                      "Actual Loops": 2,
                                                      "Inner Unique": true,
                                                      "Hash Cond": "(mi.info_type_id = it.id)",
                                                      "Plans": [
                                                        {
                                                          "Node Type": "Seq Scan",
                                                          "Parent Relationship": "Outer",
                                                          "Parallel Aware": true,
                                                          "Relation Name": "movie_info",
                                                          "Alias": "mi",
                                                          "Startup Cost": 0.0,
                                                          "Total Cost": 206620.5,
                                                          "Plan Rows": 62439,
                                                          "Plan Width": 8,
                                                          "Actual Startup Time": 95.39,
                                                          "Actual Total Time": 948.088,
                                                          "Actual Rows": 225552,
                                                          "Actual Loops": 2,
                                                          "Filter": "((info IS NOT NULL) AND ((info ~~ 'Japan:%200%'::text) OR (info ~~ 'USA:%200%'::text)))",
                                                          "Rows Removed by Filter": 7192308
                                                        },
                                                        {
                                                          "Node Type": "Hash",
                                                          "Parent Relationship": "Inner",
                                                          "Parallel Aware": false,
                                                          "Startup Cost": 2.41,
                                                          "Total Cost": 2.41,
                                                          "Plan Rows": 1,
                                                          "Plan Width": 4,
                                                          "Actual Startup Time": 0.055,
                                                          "Actual Total Time": 0.056,
                                                          "Actual Rows": 1,
                                                          "Actual Loops": 2,
                                                          "Hash Buckets": 1024,
                                                          "Original Hash Buckets": 1024,
                                                          "Hash Batches": 1,
                                                          "Original Hash Batches": 1,
                                                          "Peak Memory Usage": 9,
                                                          "Plans": [
                                                            {
                                                              "Node Type": "Seq Scan",
                                                              "Parent Relationship": "Outer",
                                                              "Parallel Aware": false,
                                                              "Relation Name": "info_type",
                                                              "Alias": "it",
                                                              "Startup Cost": 0.0,
                                                              "Total Cost": 2.41,
                                                              "Plan Rows": 1,
                                                              "Plan Width": 4,
                                                              "Actual Startup Time": 0.044,
                                                              "Actual Total Time": 0.049,
                                                              "Actual Rows": 1,
                                                              "Actual Loops": 2,
                                                              "Filter": "((info)::text = 'release dates'::text)",
                                                              "Rows Removed by Filter": 112
                                                            }
                                                          ]
                                                        }
                                                      ]
                                                    },
                                                    {
                                                      "Node Type": "Hash",
                                                      "Parent Relationship": "Inner",
                                                      "Parallel Aware": true,
                                                      "Startup Cost": 430471.25,
                                                      "Total Cost": 430471.25,
                                                      "Plan Rows": 333,
                                                      "Plan Width": 23,
                                                      "Actual Startup Time": 2552.707,
                                                      "Actual Total Time": 2552.715,
                                                      "Actual Rows": 4102,
                                                      "Actual Loops": 2,
                                                      "Hash Buckets": 8192,
                                                      "Original Hash Buckets": 2048,
                                                      "Hash Batches": 1,
                                                      "Original Hash Batches": 1,
                                                      "Peak Memory Usage": 624,
                                                      "Plans": [
                                                        {
                                                          "Node Type": "Hash Join",
                                                          "Parent Relationship": "Outer",
                                                          "Parallel Aware": false,
                                                          "Join Type": "Inner",
                                                          "Startup Cost": 86503.32,
                                                          "Total Cost": 430471.25,
                                                          "Plan Rows": 333,
                                                          "Plan Width": 23,
                                                          "Actual Startup Time": 1174.956,
                                                          "Actual Total Time": 2538.575,
                                                          "Actual Rows": 4102,
                                                          "Actual Loops": 2,
                                                          "Inner Unique": true,
                                                          "Hash Cond": "(ci.role_id = rt.id)",
                                                          "Plans": [
                                                            {
                                                              "Node Type": "Hash Join",
                                                              "Parent Relationship": "Outer",
                                                              "Parallel Aware": true,
                                                              "Join Type": "Inner",
                                                              "Startup Cost": 86502.16,
                                                              "Total Cost": 430455.9,
                                                              "Plan Rows": 3992,
                                                              "Plan Width": 27,
                                                              "Actual Startup Time": 1174.859,
                                                              "Actual Total Time": 2537.721,
                                                              "Actual Rows": 4102,
                                                              "Actual Loops": 2,
                                                              "Inner Unique": false,
                                                              "Hash Cond": "(ci.person_id = n.id)",
                                                              "Plans": [
                                                                {
                                                                  "Node Type": "Seq Scan",
                                                                  "Parent Relationship": "Outer",
                                                                  "Parallel Aware": true,
                                                                  "Relation Name": "cast_info",
                                                                  "Alias": "ci",
                                                                  "Startup Cost": 0.0,
                                                                  "Total Cost": 343409.74,
                                                                  "Plan Rows": 144753,
                                                                  "Plan Width": 16,
                                                                  "Actual Startup Time": 0.026,
                                                                  "Actual Total Time": 1990.188,
                                                                  "Actual Rows": 433738,
                                                                  "Actual Loops": 2,
                                                                  "Filter": "(note = ANY ('{(voice),\"(voice: Japanese version)\",\"(voice) (uncredited)\",\"(voice: English version)\"}'::text[]))",
                                                                  "Rows Removed by Filter": 17688434
                                                                },
                                                                {
                                                                  "Node Type": "Hash",
                                                                  "Parent Relationship": "Inner",
                                                                  "Parallel Aware": true,
                                                                  "Startup Cost": 86459.75,
                                                                  "Total Cost": 86459.75,
                                                                  "Plan Rows": 3393,
                                                                  "Plan Width": 23,
                                                                  "Actual Startup Time": 504.833,
                                                                  "Actual Total Time": 504.837,
                                                                  "Actual Rows": 5262,
                                                                  "Actual Loops": 2,
                                                                  "Hash Buckets": 16384,
                                                                  "Original Hash Buckets": 16384,
                                                                  "Hash Batches": 1,
                                                                  "Original Hash Batches": 1,
                                                                  "Peak Memory Usage": 768,
                                                                  "Plans": [
                                                                    {
                                                                      "Node Type": "Hash Join",
                                                                      "Parent Relationship": "Outer",
                                                                      "Parallel Aware": true,
                                                                      "Join Type": "Inner",
                                                                      "Startup Cost": 71392.95,
                                                                      "Total Cost": 86459.75,
                                                                      "Plan Rows": 3393,
                                                                      "Plan Width": 23,
                                                                      "Actual Startup Time": 359.119,
                                                                      "Actual Total Time": 502.129,
                                                                      "Actual Rows": 5262,
                                                                      "Actual Loops": 2,
                                                                      "Inner Unique": true,
                                                                      "Hash Cond": "(an.person_id = n.id)",
                                                                      "Plans": [
                                                                        {
                                                                          "Node Type": "Seq Scan",
                                                                          "Parent Relationship": "Outer",
                                                                          "Parallel Aware": true,
                                                                          "Relation Name": "aka_name",
                                                                          "Alias": "an",
                                                                          "Startup Cost": 0.0,
                                                                          "Total Cost": 14303.56,
                                                                          "Plan Rows": 290756,
                                                                          "Plan Width": 4,
                                                                          "Actual Startup Time": 0.016,
                                                                          "Actual Total Time": 77.458,
                                                                          "Actual Rows": 450672,
                                                                          "Actual Loops": 2
                                                                        },
                                                                        {
                                                                          "Node Type": "Hash",
                                                                          "Parent Relationship": "Inner",
                                                                          "Parallel Aware": true,
                                                                          "Startup Cost": 71240.99,
                                                                          "Total Cost": 71240.99,
                                                                          "Plan Rows": 12157,
                                                                          "Plan Width": 19,
                                                                          "Actual Startup Time": 358.655,
                                                                          "Actual Total Time": 358.655,
                                                                          "Actual Rows": 25006,
                                                                          "Actual Loops": 2,
                                                                          "Hash Buckets": 65536,
                                                                          "Original Hash Buckets": 65536,
                                                                          "Hash Batches": 1,
                                                                          "Original Hash Batches": 1,
                                                                          "Peak Memory Usage": 3296,
                                                                          "Plans": [
                                                                            {
                                                                              "Node Type": "Seq Scan",
                                                                              "Parent Relationship": "Outer",
                                                                              "Parallel Aware": true,
                                                                              "Relation Name": "name",
                                                                              "Alias": "n",
                                                                              "Startup Cost": 0.0,
                                                                              "Total Cost": 71240.99,
                                                                              "Plan Rows": 12157,
                                                                              "Plan Width": 19,
                                                                              "Actual Startup Time": 145.166,
                                                                              "Actual Total Time": 349.378,
                                                                              "Actual Rows": 25006,
                                                                              "Actual Loops": 2,
                                                                              "Filter": "((name ~~ '%An%'::text) AND ((gender)::text = 'f'::text))",
                                                                              "Rows Removed by Filter": 2058740
                                                                            }
                                                                          ]
                                                                        }
                                                                      ]
                                                                    }
                                                                  ]
                                                                }
                                                              ]
                                                            },
                                                            {
                                                              "Node Type": "Hash",
                                                              "Parent Relationship": "Inner",
                                                              "Parallel Aware": false,
                                                              "Startup Cost": 1.15,
                                                              "Total Cost": 1.15,
                                                              "Plan Rows": 1,
                                                              "Plan Width": 4,
                                                              "Actual Startup Time": 0.056,
                                                              "Actual Total Time": 0.057,
                                                              "Actual Rows": 1,
                                                              "Actual Loops": 2,
                                                              "Hash Buckets": 1024,
                                                              "Original Hash Buckets": 1024,
                                                              "Hash Batches": 1,
                                                              "Original Hash Batches": 1,
                                                              "Peak Memory Usage": 9,
                                                              "Plans": [
                                                                {
                                                                  "Node Type": "Seq Scan",
                                                                  "Parent Relationship": "Outer",
                                                                  "Parallel Aware": false,
                                                                  "Relation Name": "role_type",
                                                                  "Alias": "rt",
                                                                  "Startup Cost": 0.0,
                                                                  "Total Cost": 1.15,
                                                                  "Plan Rows": 1,
                                                                  "Plan Width": 4,
                                                                  "Actual Startup Time": 0.037,
                                                                  "Actual Total Time": 0.04,
                                                                  "Actual Rows": 1,
                                                                  "Actual Loops": 2,
                                                                  "Filter": "((role)::text = 'actress'::text)",
                                                                  "Rows Removed by Filter": 11
                                                                }
                                                              ]
                                                            }
                                                          ]
                                                        }
                                                      ]
                                                    }
                                                  ]
                                                }
                                              ]
                                            }
                                          ]
                                        }
                                      ]
                                    }
                                  ]
                                }
                              ]
                            }
                          ]
                        }
                      ]
                    }
                  ]
                }
              ]
            }
          ]
        }
      ]
    },
    "Planning Time": 40.619,
    "Triggers": [],
    "Execution Time": 4701.757
  }
]