[
  {
    "Plan": {
      "Node Type": "Aggregate",
      "Strategy": "Plain",
      "Partial Mode": "Finalize",
      "Parallel Aware": false,
      "Startup Cost": 44400.92,
      "Total Cost": 44400.93,
      "Plan Rows": 1,
      "Plan Width": 8,
      "Actual Startup Time": 118.567,
      "Actual Total Time": 125.867,
      "Actual Rows": 1,
      "Actual Loops": 1,
      "Plans": [
        {
          "Node Type": "Gather",
          "Parent Relationship": "Outer",
          "Parallel Aware": false,
          "Startup Cost": 44400.61,
          "Total Cost": 44400.92,
          "Plan Rows": 3,
          "Plan Width": 8,
          "Actual Startup Time": 118.453,
          "Actual Total Time": 125.859,
          "Actual Rows": 4,
          "Actual Loops": 1,
          "Workers Planned": 3,
          "Workers Launched": 3,
          "Single Copy": false,
          "Plans": [
            {
              "Node Type": "Aggregate",
              "Strategy": "Plain",
              "Partial Mode": "Partial",
              "Parent Relationship": "Outer",
              "Parallel Aware": false,
              "Startup Cost": 43400.61,
              "Total Cost": 43400.62,
              "Plan Rows": 1,
              "Plan Width": 8,
              "Actual Startup Time": 112.315,
              "Actual Total Time": 112.316,
              "Actual Rows": 1,
              "Actual Loops": 4,
              "Plans": [
                {
                  "Node Type": "Seq Scan",
                  "Parent Relationship": "Outer",
                  "Parallel Aware": true,
                  "Relation Name": "movie_keyword",
                  "Alias": "mk",
                  "Startup Cost": 0.0,
                  "Total Cost": 42695.65,
                  "Plan Rows": 281981,
                  "Plan Width": 0,
                  "Actual Startup Time": 4.725,
                  "Actual Total Time": 101.449,
                  "Actual Rows": 218062,
                  "Actual Loops": 4,
                  "Filter": "(keyword_id > 21172)",
                  "Rows Removed by Filter": 912920
                }
              ]
            }
          ]
        }
      ]
    },
    "Planning Time": 0.183,
    "Triggers": [],
    "Execution Time": 125.923
  }
]