[
    {
        "Bao": {
            "Bao prediction": "NaN",
            "Bao recommended hint": "(no hint)"
        }
    },
    {
        "Plan": {
            "Node Type": "Aggregate",
            "Strategy": "Plain",
            "Partial Mode": "Finalize",
            "Parallel Aware": false,
            "Startup Cost": 235627.03,
            "Total Cost": 235627.04,
            "Plan Rows": 1,
            "Plan Width": 8,
            "Actual Startup Time": 838.587,
            "Actual Total Time": 889.443,
            "Actual Rows": 1,
            "Actual Loops": 1,
            "Output": [
                "count(*)"
            ],
            "Plans": [
                {
                    "Node Type": "Gather",
                    "Parent Relationship": "Outer",
                    "Parallel Aware": false,
                    "Startup Cost": 235626.61,
                    "Total Cost": 235627.02,
                    "Plan Rows": 4,
                    "Plan Width": 8,
                    "Actual Startup Time": 836.544,
                    "Actual Total Time": 889.434,
                    "Actual Rows": 5,
                    "Actual Loops": 1,
                    "Output": [
                        "(PARTIAL count(*))"
                    ],
                    "Workers Planned": 4,
                    "Workers Launched": 4,
                    "Single Copy": false,
                    "Plans": [
                        {
                            "Node Type": "Aggregate",
                            "Strategy": "Plain",
                            "Partial Mode": "Partial",
                            "Parent Relationship": "Outer",
                            "Parallel Aware": false,
                            "Startup Cost": 234626.61,
                            "Total Cost": 234626.62,
                            "Plan Rows": 1,
                            "Plan Width": 8,
                            "Actual Startup Time": 826.773,
                            "Actual Total Time": 826.776,
                            "Actual Rows": 1,
                            "Actual Loops": 5,
                            "Output": [
                                "PARTIAL count(*)"
                            ],
                            "Workers": [
                                {
                                    "Worker Number": 0,
                                    "Actual Startup Time": 824.094,
                                    "Actual Total Time": 824.097,
                                    "Actual Rows": 1,
                                    "Actual Loops": 1
                                },
                                {
                                    "Worker Number": 1,
                                    "Actual Startup Time": 824.504,
                                    "Actual Total Time": 824.507,
                                    "Actual Rows": 1,
                                    "Actual Loops": 1
                                },
                                {
                                    "Worker Number": 2,
                                    "Actual Startup Time": 824.494,
                                    "Actual Total Time": 824.498,
                                    "Actual Rows": 1,
                                    "Actual Loops": 1
                                },
                                {
                                    "Worker Number": 3,
                                    "Actual Startup Time": 824.969,
                                    "Actual Total Time": 824.973,
                                    "Actual Rows": 1,
                                    "Actual Loops": 1
                                }
                            ],
                            "Plans": [
                                {
                                    "Node Type": "Nested Loop",
                                    "Parent Relationship": "Outer",
                                    "Parallel Aware": false,
                                    "Join Type": "Inner",
                                    "Startup Cost": 33286.39,
                                    "Total Cost": 233534.81,
                                    "Plan Rows": 436720,
                                    "Plan Width": 0,
                                    "Actual Startup Time": 97.692,
                                    "Actual Total Time": 802.016,
                                    "Actual Rows": 358728,
                                    "Actual Loops": 5,
                                    "Inner Unique": false,
                                    "Workers": [
                                        {
                                            "Worker Number": 0,
                                            "Actual Startup Time": 94.818,
                                            "Actual Total Time": 800.282,
                                            "Actual Rows": 282923,
                                            "Actual Loops": 1
                                        },
                                        {
                                            "Worker Number": 1,
                                            "Actual Startup Time": 95.469,
                                            "Actual Total Time": 799.047,
                                            "Actual Rows": 306152,
                                            "Actual Loops": 1
                                        },
                                        {
                                            "Worker Number": 2,
                                            "Actual Startup Time": 95.458,
                                            "Actual Total Time": 799.418,
                                            "Actual Rows": 303488,
                                            "Actual Loops": 1
                                        },
                                        {
                                            "Worker Number": 3,
                                            "Actual Startup Time": 95.955,
                                            "Actual Total Time": 799.897,
                                            "Actual Rows": 297483,
                                            "Actual Loops": 1
                                        }
                                    ],
                                    "Plans": [
                                        {
                                            "Node Type": "Hash Join",
                                            "Parent Relationship": "Outer",
                                            "Parallel Aware": true,
                                            "Join Type": "Inner",
                                            "Startup Cost": 33285.96,
                                            "Total Cost": 81045.2,
                                            "Plan Rows": 74833,
                                            "Plan Width": 8,
                                            "Actual Startup Time": 97.591,
                                            "Actual Total Time": 295.224,
                                            "Actual Rows": 40170,
                                            "Actual Loops": 5,
                                            "Output": [
                                                "t.id",
                                                "mc.movie_id"
                                            ],
                                            "Inner Unique": false,
                                            "Hash Cond": "(t.id = mc.movie_id)",
                                            "Workers": [
                                                {
                                                    "Worker Number": 0,
                                                    "Actual Startup Time": 94.705,
                                                    "Actual Total Time": 281.833,
                                                    "Actual Rows": 31246,
                                                    "Actual Loops": 1
                                                },
                                                {
                                                    "Worker Number": 1,
                                                    "Actual Startup Time": 95.343,
                                                    "Actual Total Time": 286.133,
                                                    "Actual Rows": 34291,
                                                    "Actual Loops": 1
                                                },
                                                {
                                                    "Worker Number": 2,
                                                    "Actual Startup Time": 95.33,
                                                    "Actual Total Time": 286.077,
                                                    "Actual Rows": 34308,
                                                    "Actual Loops": 1
                                                },
                                                {
                                                    "Worker Number": 3,
                                                    "Actual Startup Time": 95.833,
                                                    "Actual Total Time": 286.85,
                                                    "Actual Rows": 33730,
                                                    "Actual Loops": 1
                                                }
                                            ],
                                            "Plans": [
                                                {
                                                    "Node Type": "Seq Scan",
                                                    "Parent Relationship": "Outer",
                                                    "Parallel Aware": true,
                                                    "Relation Name": "title",
                                                    "Schema": "public",
                                                    "Alias": "t",
                                                    "Startup Cost": 0.0,
                                                    "Total Cost": 45479.21,
                                                    "Plan Rows": 407727,
                                                    "Plan Width": 4,
                                                    "Actual Startup Time": 0.019,
                                                    "Actual Total Time": 93.467,
                                                    "Actual Rows": 325968,
                                                    "Actual Loops": 5,
                                                    "Output": [
                                                        "t.id",
                                                        "t.title",
                                                        "t.imdb_index",
                                                        "t.kind_id",
                                                        "t.production_year",
                                                        "t.imdb_id",
                                                        "t.phonetic_code",
                                                        "t.episode_of_id",
                                                        "t.season_nr",
                                                        "t.episode_nr",
                                                        "t.series_years",
                                                        "t.md5sum"
                                                    ],
                                                    "Filter": "((t.kind_id > 1) AND (t.production_year < 2012))",
                                                    "Rows Removed by Filter": 179695,
                                                    "Workers": [
                                                        {
                                                            "Worker Number": 0,
                                                            "Actual Startup Time": 0.015,
                                                            "Actual Total Time": 90.342,
                                                            "Actual Rows": 253873,
                                                            "Actual Loops": 1
                                                        },
                                                        {
                                                            "Worker Number": 1,
                                                            "Actual Startup Time": 0.027,
                                                            "Actual Total Time": 94.104,
                                                            "Actual Rows": 281368,
                                                            "Actual Loops": 1
                                                        },
                                                        {
                                                            "Worker Number": 2,
                                                            "Actual Startup Time": 0.03,
                                                            "Actual Total Time": 94.624,
                                                            "Actual Rows": 280132,
                                                            "Actual Loops": 1
                                                        },
                                                        {
                                                            "Worker Number": 3,
                                                            "Actual Startup Time": 0.014,
                                                            "Actual Total Time": 94.264,
                                                            "Actual Rows": 277282,
                                                            "Actual Loops": 1
                                                        }
                                                    ]
                                                },
                                                {
                                                    "Node Type": "Hash",
                                                    "Parent Relationship": "Inner",
                                                    "Parallel Aware": true,
                                                    "Startup Cost": 31414.82,
                                                    "Total Cost": 31414.82,
                                                    "Plan Rows": 149691,
                                                    "Plan Width": 4,
                                                    "Actual Startup Time": 95.127,
                                                    "Actual Total Time": 95.128,
                                                    "Actual Rows": 52807,
                                                    "Actual Loops": 5,
                                                    "Output": [
                                                        "mc.movie_id"
                                                    ],
                                                    "Hash Buckets": 524288,
                                                    "Original Hash Buckets": 524288,
                                                    "Hash Batches": 1,
                                                    "Original Hash Batches": 1,
                                                    "Peak Memory Usage": 14464,
                                                    "Workers": [
                                                        {
                                                            "Worker Number": 0,
                                                            "Actual Startup Time": 94.211,
                                                            "Actual Total Time": 94.212,
                                                            "Actual Rows": 43867,
                                                            "Actual Loops": 1
                                                        },
                                                        {
                                                            "Worker Number": 1,
                                                            "Actual Startup Time": 94.807,
                                                            "Actual Total Time": 94.807,
                                                            "Actual Rows": 46310,
                                                            "Actual Loops": 1
                                                        },
                                                        {
                                                            "Worker Number": 2,
                                                            "Actual Startup Time": 94.824,
                                                            "Actual Total Time": 94.825,
                                                            "Actual Rows": 47318,
                                                            "Actual Loops": 1
                                                        },
                                                        {
                                                            "Worker Number": 3,
                                                            "Actual Startup Time": 95.358,
                                                            "Actual Total Time": 95.359,
                                                            "Actual Rows": 47239,
                                                            "Actual Loops": 1
                                                        }
                                                    ],
                                                    "Plans": [
                                                        {
                                                            "Node Type": "Seq Scan",
                                                            "Parent Relationship": "Outer",
                                                            "Parallel Aware": true,
                                                            "Relation Name": "movie_companies",
                                                            "Schema": "public",
                                                            "Alias": "mc",
                                                            "Startup Cost": 0.0,
                                                            "Total Cost": 31414.82,
                                                            "Plan Rows": 149691,
                                                            "Plan Width": 4,
                                                            "Actual Startup Time": 43.468,
                                                            "Actual Total Time": 76.322,
                                                            "Actual Rows": 52807,
                                                            "Actual Loops": 5,
                                                            "Output": [
                                                                "mc.movie_id"
                                                            ],
                                                            "Filter": "((mc.company_id < 2978) AND (mc.company_type_id = 2))",
                                                            "Rows Removed by Filter": 469019,
                                                            "Workers": [
                                                                {
                                                                    "Worker Number": 0,
                                                                    "Actual Startup Time": 42.551,
                                                                    "Actual Total Time": 74.389,
                                                                    "Actual Rows": 43867,
                                                                    "Actual Loops": 1
                                                                },
                                                                {
                                                                    "Worker Number": 1,
                                                                    "Actual Startup Time": 43.139,
                                                                    "Actual Total Time": 76.752,
                                                                    "Actual Rows": 46310,
                                                                    "Actual Loops": 1
                                                                },
                                                                {
                                                                    "Worker Number": 2,
                                                                    "Actual Startup Time": 43.137,
                                                                    "Actual Total Time": 76.896,
                                                                    "Actual Rows": 47318,
                                                                    "Actual Loops": 1
                                                                },
                                                                {
                                                                    "Worker Number": 3,
                                                                    "Actual Startup Time": 43.684,
                                                                    "Actual Total Time": 77.964,
                                                                    "Actual Rows": 47239,
                                                                    "Actual Loops": 1
                                                                }
                                                            ]
                                                        }
                                                    ]
                                                }
                                            ]
                                        },
                                        {
                                            "Node Type": "Index Only Scan",
                                            "Parent Relationship": "Inner",
                                            "Parallel Aware": false,
                                            "Scan Direction": "Forward",
                                            "Index Name": "movie_id_movie_info",
                                            "Relation Name": "movie_info",
                                            "Schema": "public",
                                            "Alias": "mi",
                                            "Startup Cost": 0.43,
                                            "Total Cost": 1.65,
                                            "Plan Rows": 39,
                                            "Plan Width": 4,
                                            "Actual Startup Time": 0.005,
                                            "Actual Total Time": 0.011,
                                            "Actual Rows": 9,
                                            "Actual Loops": 200848,
                                            "Output": [
                                                "mi.movie_id"
                                            ],
                                            "Index Cond": "(mi.movie_id = t.id)",
                                            "Rows Removed by Index Recheck": 0,
                                            "Heap Fetches": 1793642,
                                            "Workers": [
                                                {
                                                    "Worker Number": 0,
                                                    "Actual Startup Time": 0.007,
                                                    "Actual Total Time": 0.015,
                                                    "Actual Rows": 9,
                                                    "Actual Loops": 31246
                                                },
                                                {
                                                    "Worker Number": 1,
                                                    "Actual Startup Time": 0.007,
                                                    "Actual Total Time": 0.014,
                                                    "Actual Rows": 9,
                                                    "Actual Loops": 34291
                                                },
                                                {
                                                    "Worker Number": 2,
                                                    "Actual Startup Time": 0.007,
                                                    "Actual Total Time": 0.014,
                                                    "Actual Rows": 9,
                                                    "Actual Loops": 34308
                                                },
                                                {
                                                    "Worker Number": 3,
                                                    "Actual Startup Time": 0.007,
                                                    "Actual Total Time": 0.014,
                                                    "Actual Rows": 9,
                                                    "Actual Loops": 33730
                                                }
                                            ]
                                        }
                                    ]
                                }
                            ]
                        }
                    ]
                }
            ]
        },
        "Planning Time": 222.155,
        "Triggers": [],
        "Execution Time": 889.562
    }
]