[
  {
    "Plan": {
      "Node Type": "Aggregate",
      "Strategy": "Plain",
      "Partial Mode": "Finalize",
      "Parallel Aware": false,
      "Startup Cost": 54186.94,
      "Total Cost": 54186.95,
      "Plan Rows": 1,
      "Plan Width": 8,
      "Actual Startup Time": 118.965,
      "Actual Total Time": 134.182,
      "Actual Rows": 1,
      "Actual Loops": 1,
      "Plans": [
        {
          "Node Type": "Gather",
          "Parent Relationship": "Outer",
          "Parallel Aware": false,
          "Startup Cost": 54186.52,
          "Total Cost": 54186.93,
          "Plan Rows": 4,
          "Plan Width": 8,
          "Actual Startup Time": 118.811,
          "Actual Total Time": 134.173,
          "Actual Rows": 5,
          "Actual Loops": 1,
          "Workers Planned": 4,
          "Workers Launched": 4,
          "Single Copy": false,
          "Plans": [
            {
              "Node Type": "Aggregate",
              "Strategy": "Plain",
              "Partial Mode": "Partial",
              "Parent Relationship": "Outer",
              "Parallel Aware": false,
              "Startup Cost": 53186.52,
              "Total Cost": 53186.53,
              "Plan Rows": 1,
              "Plan Width": 8,
              "Actual Startup Time": 108.79,
              "Actual Total Time": 108.792,
              "Actual Rows": 1,
              "Actual Loops": 5,
              "Plans": [
                {
                  "Node Type": "Nested Loop",
                  "Parent Relationship": "Outer",
                  "Parallel Aware": false,
                  "Join Type": "Inner",
                  "Startup Cost": 0.43,
                  "Total Cost": 53185.44,
                  "Plan Rows": 432,
                  "Plan Width": 0,
                  "Actual Startup Time": 4.826,
                  "Actual Total Time": 108.666,
                  "Actual Rows": 794,
                  "Actual Loops": 5,
                  "Inner Unique": false,
                  "Plans": [
                    {
                      "Node Type": "Seq Scan",
                      "Parent Relationship": "Outer",
                      "Parallel Aware": true,
                      "Relation Name": "title",
                      "Alias": "t",
                      "Startup Cost": 0.0,
                      "Total Cost": 45479.1,
                      "Plan Rows": 1188,
                      "Plan Width": 4,
                      "Actual Startup Time": 0.835,
                      "Actual Total Time": 97.725,
                      "Actual Rows": 962,
                      "Actual Loops": 5,
                      "Filter": "((kind_id < 3) AND (production_year = 1977))",
                      "Rows Removed by Filter": 504701
                    },
                    {
                      "Node Type": "Index Scan",
                      "Parent Relationship": "Inner",
                      "Parallel Aware": false,
                      "Scan Direction": "Forward",
                      "Index Name": "movie_id_movie_info_idx",
                      "Relation Name": "movie_info_idx",
                      "Alias": "mi_idx",
                      "Startup Cost": 0.43,
                      "Total Cost": 6.47,
                      "Plan Rows": 2,
                      "Plan Width": 4,
                      "Actual Startup Time": 0.01,
                      "Actual Total Time": 0.011,
                      "Actual Rows": 1,
                      "Actual Loops": 4808,
                      "Index Cond": "(movie_id = t.id)",
                      "Rows Removed by Index Recheck": 0,
                      "Filter": "(info_type_id < 101)",
                      "Rows Removed by Filter": 0
                    }
                  ]
                }
              ]
            }
          ]
        }
      ]
    },
    "Planning Time": 0.617,
    "Triggers": [],
    "Execution Time": 134.26
  }
]