[
  {
    "Plan": {
      "Node Type": "Aggregate",
      "Strategy": "Plain",
      "Partial Mode": "Finalize",
      "Parallel Aware": false,
      "Startup Cost": 289656.57,
      "Total Cost": 289656.58,
      "Plan Rows": 1,
      "Plan Width": 8,
      "Actual Startup Time": 1023.775,
      "Actual Total Time": 1052.312,
      "Actual Rows": 1,
      "Actual Loops": 1,
      "Plans": [
        {
          "Node Type": "Gather",
          "Parent Relationship": "Outer",
          "Parallel Aware": false,
          "Startup Cost": 289655.94,
          "Total Cost": 289656.55,
          "Plan Rows": 6,
          "Plan Width": 8,
          "Actual Startup Time": 1004.483,
          "Actual Total Time": 1052.299,
          "Actual Rows": 7,
          "Actual Loops": 1,
          "Workers Planned": 6,
          "Workers Launched": 6,
          "Single Copy": false,
          "Plans": [
            {
              "Node Type": "Aggregate",
              "Strategy": "Plain",
              "Partial Mode": "Partial",
              "Parent Relationship": "Outer",
              "Parallel Aware": false,
              "Startup Cost": 288655.94,
              "Total Cost": 288655.95,
              "Plan Rows": 1,
              "Plan Width": 8,
              "Actual Startup Time": 989.626,
              "Actual Total Time": 990.051,
              "Actual Rows": 1,
              "Actual Loops": 7,
              "Plans": [
                {
                  "Node Type": "Hash Join",
                  "Parent Relationship": "Outer",
                  "Parallel Aware": true,
                  "Join Type": "Inner",
                  "Startup Cost": 85919.2,
                  "Total Cost": 287747.03,
                  "Plan Rows": 363566,
                  "Plan Width": 0,
                  "Actual Startup Time": 434.373,
                  "Actual Total Time": 960.594,
                  "Actual Rows": 567847,
                  "Actual Loops": 7,
                  "Inner Unique": false,
                  "Hash Cond": "(ci.movie_id = t.id)",
                  "Plans": [
                    {
                      "Node Type": "Index Scan",
                      "Parent Relationship": "Outer",
                      "Parallel Aware": true,
                      "Scan Direction": "Forward",
                      "Index Name": "role_id_cast_info",
                      "Relation Name": "cast_info",
                      "Alias": "ci",
                      "Startup Cost": 0.56,
                      "Total Cost": 197877.72,
                      "Plan Rows": 811134,
                      "Plan Width": 4,
                      "Actual Startup Time": 0.589,
                      "Actual Total Time": 232.412,
                      "Actual Rows": 800099,
                      "Actual Loops": 7,
                      "Index Cond": "(role_id = 2)",
                      "Rows Removed by Index Recheck": 0,
                      "Filter": "(person_id < 2460364)",
                      "Rows Removed by Filter": 264468
                    },
                    {
                      "Node Type": "Hash",
                      "Parent Relationship": "Inner",
                      "Parallel Aware": true,
                      "Startup Cost": 82377.28,
                      "Total Cost": 82377.28,
                      "Plan Rows": 283308,
                      "Plan Width": 8,
                      "Actual Startup Time": 429.174,
                      "Actual Total Time": 429.597,
                      "Actual Rows": 178357,
                      "Actual Loops": 7,
                      "Hash Buckets": 2097152,
                      "Original Hash Buckets": 2097152,
                      "Hash Batches": 1,
                      "Original Hash Batches": 1,
                      "Peak Memory Usage": 65376,
                      "Plans": [
                        {
                          "Node Type": "Hash Join",
                          "Parent Relationship": "Outer",
                          "Parallel Aware": true,
                          "Join Type": "Inner",
                          "Startup Cost": 35984.29,
                          "Total Cost": 82377.28,
                          "Plan Rows": 283308,
                          "Plan Width": 8,
                          "Actual Startup Time": 145.146,
                          "Actual Total Time": 350.227,
                          "Actual Rows": 178357,
                          "Actual Loops": 7,
                          "Inner Unique": false,
                          "Hash Cond": "(t.id = mc.movie_id)",
                          "Plans": [
                            {
                              "Node Type": "Seq Scan",
                              "Parent Relationship": "Outer",
                              "Parallel Aware": true,
                              "Relation Name": "title",
                              "Alias": "t",
                              "Startup Cost": 0.0,
                              "Total Cost": 42318.73,
                              "Plan Rows": 632073,
                              "Plan Width": 4,
                              "Actual Startup Time": 0.019,
                              "Actual Total Time": 60.739,
                              "Actual Rows": 361187,
                              "Actual Loops": 7
                            },
                            {
                              "Node Type": "Hash",
                              "Parent Relationship": "Inner",
                              "Parallel Aware": true,
                              "Startup Cost": 31414.82,
                              "Total Cost": 31414.82,
                              "Plan Rows": 365558,
                              "Plan Width": 4,
                              "Actual Startup Time": 143.044,
                              "Actual Total Time": 143.045,
                              "Actual Rows": 178357,
                              "Actual Loops": 7,
                              "Hash Buckets": 2097152,
                              "Original Hash Buckets": 2097152,
                              "Hash Batches": 1,
                              "Original Hash Batches": 1,
                              "Peak Memory Usage": 65344,
                              "Plans": [
                                {
                                  "Node Type": "Seq Scan",
                                  "Parent Relationship": "Outer",
                                  "Parallel Aware": true,
                                  "Relation Name": "movie_companies",
                                  "Alias": "mc",
                                  "Startup Cost": 0.0,
                                  "Total Cost": 31414.82,
                                  "Plan Rows": 365558,
                                  "Plan Width": 4,
                                  "Actual Startup Time": 39.923,
                                  "Actual Total Time": 70.971,
                                  "Actual Rows": 178357,
                                  "Actual Loops": 7,
                                  "Filter": "((company_id > 217) AND (company_type_id > 1))",
                                  "Rows Removed by Filter": 194376
                                }
                              ]
                            }
                          ]
                        }
                      ]
                    }
                  ]
                }
              ]
            }
          ]
        }
      ]
    },
    "Planning Time": 1.471,
    "Triggers": [],
    "Execution Time": 1052.411
  }
]