[
  {
    "Plan": {
      "Node Type": "Aggregate",
      "Strategy": "Plain",
      "Partial Mode": "Finalize",
      "Parallel Aware": false,
      "Startup Cost": 92270.19,
      "Total Cost": 92270.2,
      "Plan Rows": 1,
      "Plan Width": 8,
      "Actual Startup Time": 283.585,
      "Actual Total Time": 301.931,
      "Actual Rows": 1,
      "Actual Loops": 1,
      "Plans": [
        {
          "Node Type": "Gather",
          "Parent Relationship": "Outer",
          "Parallel Aware": false,
          "Startup Cost": 92269.88,
          "Total Cost": 92270.19,
          "Plan Rows": 3,
          "Plan Width": 8,
          "Actual Startup Time": 282.495,
          "Actual Total Time": 301.921,
          "Actual Rows": 4,
          "Actual Loops": 1,
          "Workers Planned": 3,
          "Workers Launched": 3,
          "Single Copy": false,
          "Plans": [
            {
              "Node Type": "Aggregate",
              "Strategy": "Plain",
              "Partial Mode": "Partial",
              "Parent Relationship": "Outer",
              "Parallel Aware": false,
              "Startup Cost": 91269.88,
              "Total Cost": 91269.89,
              "Plan Rows": 1,
              "Plan Width": 8,
              "Actual Startup Time": 275.066,
              "Actual Total Time": 275.069,
              "Actual Rows": 1,
              "Actual Loops": 4,
              "Plans": [
                {
                  "Node Type": "Hash Join",
                  "Parent Relationship": "Outer",
                  "Parallel Aware": true,
                  "Join Type": "Inner",
                  "Startup Cost": 46124.09,
                  "Total Cost": 91093.13,
                  "Plan Rows": 70700,
                  "Plan Width": 0,
                  "Actual Startup Time": 139.624,
                  "Actual Total Time": 271.962,
                  "Actual Rows": 73894,
                  "Actual Loops": 4,
                  "Inner Unique": true,
                  "Hash Cond": "(mk.movie_id = t.id)",
                  "Plans": [
                    {
                      "Node Type": "Seq Scan",
                      "Parent Relationship": "Outer",
                      "Parallel Aware": true,
                      "Relation Name": "movie_keyword",
                      "Alias": "mk",
                      "Startup Cost": 0.0,
                      "Total Cost": 42695.65,
                      "Plan Rows": 866052,
                      "Plan Width": 4,
                      "Actual Startup Time": 0.19,
                      "Actual Total Time": 102.958,
                      "Actual Rows": 669411,
                      "Actual Loops": 4,
                      "Filter": "(keyword_id > 3065)",
                      "Rows Removed by Filter": 461572
                    },
                    {
                      "Node Type": "Hash",
                      "Parent Relationship": "Inner",
                      "Parallel Aware": true,
                      "Startup Cost": 45479.1,
                      "Total Cost": 45479.1,
                      "Plan Rows": 51599,
                      "Plan Width": 4,
                      "Actual Startup Time": 107.549,
                      "Actual Total Time": 107.55,
                      "Actual Rows": 45598,
                      "Actual Loops": 4,
                      "Hash Buckets": 262144,
                      "Original Hash Buckets": 262144,
                      "Hash Batches": 1,
                      "Original Hash Batches": 1,
                      "Peak Memory Usage": 9216,
                      "Plans": [
                        {
                          "Node Type": "Seq Scan",
                          "Parent Relationship": "Outer",
                          "Parallel Aware": true,
                          "Relation Name": "title",
                          "Alias": "t",
                          "Startup Cost": 0.0,
                          "Total Cost": 45479.1,
                          "Plan Rows": 51599,
                          "Plan Width": 4,
                          "Actual Startup Time": 45.185,
                          "Actual Total Time": 94.352,
                          "Actual Rows": 45598,
                          "Actual Loops": 4,
                          "Filter": "((production_year > 2007) AND (kind_id = 1))",
                          "Rows Removed by Filter": 586480
                        }
                      ]
                    }
                  ]
                }
              ]
            }
          ]
        }
      ]
    },
    "Planning Time": 0.493,
    "Triggers": [],
    "Execution Time": 301.99
  }
]