[
  {
    "Plan": {
      "Node Type": "Aggregate",
      "Strategy": "Plain",
      "Partial Mode": "Simple",
      "Parallel Aware": false,
      "Startup Cost": 14964.95,
      "Total Cost": 14964.96,
      "Plan Rows": 1,
      "Plan Width": 8,
      "Actual Startup Time": 18.919,
      "Actual Total Time": 18.921,
      "Actual Rows": 1,
      "Actual Loops": 1,
      "Plans": [
        {
          "Node Type": "Bitmap Heap Scan",
          "Parent Relationship": "Outer",
          "Parallel Aware": false,
          "Relation Name": "movie_companies",
          "Alias": "mc",
          "Startup Cost": 173.46,
          "Total Cost": 14954.73,
          "Plan Rows": 4089,
          "Plan Width": 0,
          "Actual Startup Time": 13.156,
          "Actual Total Time": 18.489,
          "Actual Rows": 3185,
          "Actual Loops": 1,
          "Recheck Cond": "(company_id = 159)",
          "Rows Removed by Index Recheck": 0,
          "Filter": "(company_type_id > 1)",
          "Rows Removed by Filter": 4375,
          "Exact Heap Blocks": 4702,
          "Lossy Heap Blocks": 0,
          "Plans": [
            {
              "Node Type": "Bitmap Index Scan",
              "Parent Relationship": "Outer",
              "Parallel Aware": false,
              "Index Name": "company_id_movie_companies",
              "Startup Cost": 0.0,
              "Total Cost": 172.44,
              "Plan Rows": 8001,
              "Plan Width": 0,
              "Actual Startup Time": 1.92,
              "Actual Total Time": 1.92,
              "Actual Rows": 7560,
              "Actual Loops": 1,
              "Index Cond": "(company_id = 159)"
            }
          ]
        }
      ]
    },
    "Planning Time": 0.185,
    "Triggers": [],
    "Execution Time": 18.981
  }
]