[
  {
    "Plan": {
      "Node Type": "Aggregate",
      "Strategy": "Plain",
      "Partial Mode": "Finalize",
      "Parallel Aware": false,
      "Startup Cost": 33279.13,
      "Total Cost": 33279.14,
      "Plan Rows": 1,
      "Plan Width": 8,
      "Actual Startup Time": 105.948,
      "Actual Total Time": 112.185,
      "Actual Rows": 1,
      "Actual Loops": 1,
      "Plans": [
        {
          "Node Type": "Gather",
          "Parent Relationship": "Outer",
          "Parallel Aware": false,
          "Startup Cost": 33278.82,
          "Total Cost": 33279.13,
          "Plan Rows": 3,
          "Plan Width": 8,
          "Actual Startup Time": 105.875,
          "Actual Total Time": 112.175,
          "Actual Rows": 4,
          "Actual Loops": 1,
          "Workers Planned": 3,
          "Workers Launched": 3,
          "Single Copy": false,
          "Plans": [
            {
              "Node Type": "Aggregate",
              "Strategy": "Plain",
              "Partial Mode": "Partial",
              "Parent Relationship": "Outer",
              "Parallel Aware": false,
              "Startup Cost": 32278.82,
              "Total Cost": 32278.83,
              "Plan Rows": 1,
              "Plan Width": 8,
              "Actual Startup Time": 99.69,
              "Actual Total Time": 99.691,
              "Actual Rows": 1,
              "Actual Loops": 4,
              "Plans": [
                {
                  "Node Type": "Seq Scan",
                  "Parent Relationship": "Outer",
                  "Parallel Aware": true,
                  "Relation Name": "movie_companies",
                  "Alias": "mc",
                  "Startup Cost": 0.0,
                  "Total Cost": 31414.82,
                  "Plan Rows": 345599,
                  "Plan Width": 0,
                  "Actual Startup Time": 47.869,
                  "Actual Total Time": 86.527,
                  "Actual Rows": 299886,
                  "Actual Loops": 4,
                  "Filter": "((company_id > 439) AND (company_type_id > 1))",
                  "Rows Removed by Filter": 352396
                }
              ]
            }
          ]
        }
      ]
    },
    "Planning Time": 0.23,
    "Triggers": [],
    "Execution Time": 112.246
  }
]