[
  {
    "Plan": {
      "Node Type": "Aggregate",
      "Strategy": "Plain",
      "Partial Mode": "Finalize",
      "Parallel Aware": false,
      "Startup Cost": 96938.28,
      "Total Cost": 96938.29,
      "Plan Rows": 1,
      "Plan Width": 8,
      "Actual Startup Time": 394.887,
      "Actual Total Time": 405.523,
      "Actual Rows": 1,
      "Actual Loops": 1,
      "Plans": [
        {
          "Node Type": "Gather",
          "Parent Relationship": "Outer",
          "Parallel Aware": false,
          "Startup Cost": 96938.06,
          "Total Cost": 96938.27,
          "Plan Rows": 2,
          "Plan Width": 8,
          "Actual Startup Time": 393.433,
          "Actual Total Time": 405.515,
          "Actual Rows": 3,
          "Actual Loops": 1,
          "Workers Planned": 2,
          "Workers Launched": 2,
          "Single Copy": false,
          "Plans": [
            {
              "Node Type": "Aggregate",
              "Strategy": "Plain",
              "Partial Mode": "Partial",
              "Parent Relationship": "Outer",
              "Parallel Aware": false,
              "Startup Cost": 95938.06,
              "Total Cost": 95938.07,
              "Plan Rows": 1,
              "Plan Width": 8,
              "Actual Startup Time": 389.144,
              "Actual Total Time": 389.214,
              "Actual Rows": 1,
              "Actual Loops": 3,
              "Plans": [
                {
                  "Node Type": "Hash Join",
                  "Parent Relationship": "Outer",
                  "Parallel Aware": true,
                  "Join Type": "Inner",
                  "Startup Cost": 79696.45,
                  "Total Cost": 95737.98,
                  "Plan Rows": 80032,
                  "Plan Width": 0,
                  "Actual Startup Time": 304.068,
                  "Actual Total Time": 385.683,
                  "Actual Rows": 84986,
                  "Actual Loops": 3,
                  "Inner Unique": false,
                  "Hash Cond": "(mi_idx.movie_id = t.id)",
                  "Plans": [
                    {
                      "Node Type": "Seq Scan",
                      "Parent Relationship": "Outer",
                      "Parallel Aware": true,
                      "Relation Name": "movie_info_idx",
                      "Alias": "mi_idx",
                      "Startup Cost": 0.0,
                      "Total Cost": 13685.15,
                      "Plan Rows": 575015,
                      "Plan Width": 4,
                      "Actual Startup Time": 0.019,
                      "Actual Total Time": 32.518,
                      "Actual Rows": 460012,
                      "Actual Loops": 3
                    },
                    {
                      "Node Type": "Hash",
                      "Parent Relationship": "Inner",
                      "Parallel Aware": true,
                      "Startup Cost": 78596.76,
                      "Total Cost": 78596.76,
                      "Plan Rows": 87975,
                      "Plan Width": 8,
                      "Actual Startup Time": 300.794,
                      "Actual Total Time": 300.862,
                      "Actual Rows": 65895,
                      "Actual Loops": 3,
                      "Hash Buckets": 524288,
                      "Original Hash Buckets": 524288,
                      "Hash Batches": 1,
                      "Original Hash Batches": 1,
                      "Peak Memory Usage": 11872,
                      "Plans": [
                        {
                          "Node Type": "Hash Join",
                          "Parent Relationship": "Outer",
                          "Parallel Aware": true,
                          "Join Type": "Inner",
                          "Startup Cost": 32833.77,
                          "Total Cost": 78596.76,
                          "Plan Rows": 87975,
                          "Plan Width": 8,
                          "Actual Startup Time": 99.169,
                          "Actual Total Time": 281.886,
                          "Actual Rows": 65895,
                          "Actual Loops": 3,
                          "Inner Unique": false,
                          "Hash Cond": "(t.id = mc.movie_id)",
                          "Plans": [
                            {
                              "Node Type": "Seq Scan",
                              "Parent Relationship": "Outer",
                              "Parallel Aware": true,
                              "Relation Name": "title",
                              "Alias": "t",
                              "Startup Cost": 0.0,
                              "Total Cost": 42318.81,
                              "Plan Rows": 632080,
                              "Plan Width": 4,
                              "Actual Startup Time": 0.008,
                              "Actual Total Time": 71.673,
                              "Actual Rows": 842771,
                              "Actual Loops": 3
                            },
                            {
                              "Node Type": "Hash",
                              "Parent Relationship": "Inner",
                              "Parallel Aware": true,
                              "Startup Cost": 31414.82,
                              "Total Cost": 31414.82,
                              "Plan Rows": 113516,
                              "Plan Width": 4,
                              "Actual Startup Time": 97.183,
                              "Actual Total Time": 97.184,
                              "Actual Rows": 65895,
                              "Actual Loops": 3,
                              "Hash Buckets": 524288,
                              "Original Hash Buckets": 524288,
                              "Hash Batches": 1,
                              "Original Hash Batches": 1,
                              "Peak Memory Usage": 11904,
                              "Plans": [
                                {
                                  "Node Type": "Seq Scan",
                                  "Parent Relationship": "Outer",
                                  "Parallel Aware": true,
                                  "Relation Name": "movie_companies",
                                  "Alias": "mc",
                                  "Startup Cost": 0.0,
                                  "Total Cost": 31414.82,
                                  "Plan Rows": 113516,
                                  "Plan Width": 4,
                                  "Actual Startup Time": 45.328,
                                  "Actual Total Time": 78.969,
                                  "Actual Rows": 65895,
                                  "Actual Loops": 3,
                                  "Filter": "((company_id < 1261) AND (company_type_id = 2))",
                                  "Rows Removed by Filter": 803814
                                }
                              ]
                            }
                          ]
                        }
                      ]
                    }
                  ]
                }
              ]
            }
          ]
        }
      ]
    },
    "Planning Time": 0.831,
    "Triggers": [],
    "Execution Time": 405.575
  }
]