[
  {
    "Plan": {
      "Node Type": "Aggregate",
      "Strategy": "Plain",
      "Partial Mode": "Finalize",
      "Parallel Aware": false,
      "Startup Cost": 96944.47,
      "Total Cost": 96944.48,
      "Plan Rows": 1,
      "Plan Width": 8,
      "Actual Startup Time": 567.741,
      "Actual Total Time": 587.36,
      "Actual Rows": 1,
      "Actual Loops": 1,
      "Plans": [
        {
          "Node Type": "Gather",
          "Parent Relationship": "Outer",
          "Parallel Aware": false,
          "Startup Cost": 96944.26,
          "Total Cost": 96944.47,
          "Plan Rows": 2,
          "Plan Width": 8,
          "Actual Startup Time": 564.96,
          "Actual Total Time": 587.348,
          "Actual Rows": 3,
          "Actual Loops": 1,
          "Workers Planned": 2,
          "Workers Launched": 2,
          "Single Copy": false,
          "Plans": [
            {
              "Node Type": "Aggregate",
              "Strategy": "Plain",
              "Partial Mode": "Partial",
              "Parent Relationship": "Outer",
              "Parallel Aware": false,
              "Startup Cost": 95944.26,
              "Total Cost": 95944.27,
              "Plan Rows": 1,
              "Plan Width": 8,
              "Actual Startup Time": 557.198,
              "Actual Total Time": 557.292,
              "Actual Rows": 1,
              "Actual Loops": 3,
              "Plans": [
                {
                  "Node Type": "Hash Join",
                  "Parent Relationship": "Outer",
                  "Parallel Aware": true,
                  "Join Type": "Inner",
                  "Startup Cost": 79701.85,
                  "Total Cost": 95743.78,
                  "Plan Rows": 80190,
                  "Plan Width": 0,
                  "Actual Startup Time": 431.763,
                  "Actual Total Time": 552.072,
                  "Actual Rows": 84986,
                  "Actual Loops": 3,
                  "Inner Unique": false,
                  "Hash Cond": "(mi_idx.movie_id = t.id)",
                  "Plans": [
                    {
                      "Node Type": "Seq Scan",
                      "Parent Relationship": "Outer",
                      "Parallel Aware": true,
                      "Relation Name": "movie_info_idx",
                      "Alias": "mi_idx",
                      "Startup Cost": 0.0,
                      "Total Cost": 13685.15,
                      "Plan Rows": 575015,
                      "Plan Width": 4,
                      "Actual Startup Time": 0.05,
                      "Actual Total Time": 48.351,
                      "Actual Rows": 460012,
                      "Actual Loops": 3
                    },
                    {
                      "Node Type": "Hash",
                      "Parent Relationship": "Inner",
                      "Parallel Aware": true,
                      "Startup Cost": 78600.0,
                      "Total Cost": 78600.0,
                      "Plan Rows": 88148,
                      "Plan Width": 8,
                      "Actual Startup Time": 427.483,
                      "Actual Total Time": 427.575,
                      "Actual Rows": 65895,
                      "Actual Loops": 3,
                      "Hash Buckets": 524288,
                      "Original Hash Buckets": 524288,
                      "Hash Batches": 1,
                      "Original Hash Batches": 1,
                      "Peak Memory Usage": 11872,
                      "Plans": [
                        {
                          "Node Type": "Hash Join",
                          "Parent Relationship": "Outer",
                          "Parallel Aware": true,
                          "Join Type": "Inner",
                          "Startup Cost": 32836.56,
                          "Total Cost": 78600.0,
                          "Plan Rows": 88148,
                          "Plan Width": 8,
                          "Actual Startup Time": 131.25,
                          "Actual Total Time": 401.038,
                          "Actual Rows": 65895,
                          "Actual Loops": 3,
                          "Inner Unique": false,
                          "Hash Cond": "(t.id = mc.movie_id)",
                          "Plans": [
                            {
                              "Node Type": "Seq Scan",
                              "Parent Relationship": "Outer",
                              "Parallel Aware": true,
                              "Relation Name": "title",
                              "Alias": "t",
                              "Startup Cost": 0.0,
                              "Total Cost": 42318.73,
                              "Plan Rows": 632073,
                              "Plan Width": 4,
                              "Actual Startup Time": 0.014,
                              "Actual Total Time": 112.262,
                              "Actual Rows": 842771,
                              "Actual Loops": 3
                            },
                            {
                              "Node Type": "Hash",
                              "Parent Relationship": "Inner",
                              "Parallel Aware": true,
                              "Startup Cost": 31414.82,
                              "Total Cost": 31414.82,
                              "Plan Rows": 113739,
                              "Plan Width": 4,
                              "Actual Startup Time": 128.939,
                              "Actual Total Time": 128.94,
                              "Actual Rows": 65895,
                              "Actual Loops": 3,
                              "Hash Buckets": 524288,
                              "Original Hash Buckets": 524288,
                              "Hash Batches": 1,
                              "Original Hash Batches": 1,
                              "Peak Memory Usage": 11904,
                              "Plans": [
                                {
                                  "Node Type": "Seq Scan",
                                  "Parent Relationship": "Outer",
                                  "Parallel Aware": true,
                                  "Relation Name": "movie_companies",
                                  "Alias": "mc",
                                  "Startup Cost": 0.0,
                                  "Total Cost": 31414.82,
                                  "Plan Rows": 113739,
                                  "Plan Width": 4,
                                  "Actual Startup Time": 57.285,
                                  "Actual Total Time": 102.731,
                                  "Actual Rows": 65895,
                                  "Actual Loops": 3,
                                  "Filter": "((company_id < 1261) AND (company_type_id = 2))",
                                  "Rows Removed by Filter": 803814
                                }
                              ]
                            }
                          ]
                        }
                      ]
                    }
                  ]
                }
              ]
            }
          ]
        }
      ]
    },
    "Planning Time": 1.33,
    "Triggers": [],
    "Execution Time": 587.436
  }
]