[
  {
    "Plan": {
      "Node Type": "Aggregate",
      "Strategy": "Plain",
      "Partial Mode": "Finalize",
      "Parallel Aware": false,
      "Startup Cost": 233731.72,
      "Total Cost": 233731.73,
      "Plan Rows": 1,
      "Plan Width": 8,
      "Actual Startup Time": 491.794,
      "Actual Total Time": 513.627,
      "Actual Rows": 1,
      "Actual Loops": 1,
      "Plans": [
        {
          "Node Type": "Gather",
          "Parent Relationship": "Outer",
          "Parallel Aware": false,
          "Startup Cost": 233731.2,
          "Total Cost": 233731.71,
          "Plan Rows": 5,
          "Plan Width": 8,
          "Actual Startup Time": 470.657,
          "Actual Total Time": 513.617,
          "Actual Rows": 6,
          "Actual Loops": 1,
          "Workers Planned": 5,
          "Workers Launched": 5,
          "Single Copy": false,
          "Plans": [
            {
              "Node Type": "Aggregate",
              "Strategy": "Plain",
              "Partial Mode": "Partial",
              "Parent Relationship": "Outer",
              "Parallel Aware": false,
              "Startup Cost": 232731.2,
              "Total Cost": 232731.21,
              "Plan Rows": 1,
              "Plan Width": 8,
              "Actual Startup Time": 449.421,
              "Actual Total Time": 449.425,
              "Actual Rows": 1,
              "Actual Loops": 6,
              "Plans": [
                {
                  "Node Type": "Hash Join",
                  "Parent Relationship": "Outer",
                  "Parallel Aware": true,
                  "Join Type": "Inner",
                  "Startup Cost": 67396.06,
                  "Total Cost": 232257.14,
                  "Plan Rows": 189625,
                  "Plan Width": 0,
                  "Actual Startup Time": 313.55,
                  "Actual Total Time": 441.531,
                  "Actual Rows": 150057,
                  "Actual Loops": 6,
                  "Inner Unique": true,
                  "Hash Cond": "(mi.movie_id = t.id)",
                  "Plans": [
                    {
                      "Node Type": "Bitmap Heap Scan",
                      "Parent Relationship": "Outer",
                      "Parallel Aware": true,
                      "Relation Name": "movie_info",
                      "Alias": "mi",
                      "Startup Cost": 17176.41,
                      "Total Cost": 181539.73,
                      "Plan Rows": 189625,
                      "Plan Width": 4,
                      "Actual Startup Time": 42.214,
                      "Actual Total Time": 103.378,
                      "Actual Rows": 150057,
                      "Actual Loops": 6,
                      "Recheck Cond": "(info_type_id > 94)",
                      "Rows Removed by Index Recheck": 0,
                      "Exact Heap Blocks": 7578,
                      "Lossy Heap Blocks": 0,
                      "Plans": [
                        {
                          "Node Type": "Bitmap Index Scan",
                          "Parent Relationship": "Outer",
                          "Parallel Aware": false,
                          "Index Name": "info_type_id_movie_info",
                          "Startup Cost": 0.0,
                          "Total Cost": 16939.38,
                          "Plan Rows": 948126,
                          "Plan Width": 0,
                          "Actual Startup Time": 36.655,
                          "Actual Total Time": 36.656,
                          "Actual Rows": 900340,
                          "Actual Loops": 1,
                          "Index Cond": "(info_type_id > 94)"
                        }
                      ]
                    },
                    {
                      "Node Type": "Hash",
                      "Parent Relationship": "Inner",
                      "Parallel Aware": true,
                      "Startup Cost": 42318.73,
                      "Total Cost": 42318.73,
                      "Plan Rows": 632073,
                      "Plan Width": 4,
                      "Actual Startup Time": 263.636,
                      "Actual Total Time": 263.637,
                      "Actual Rows": 421385,
                      "Actual Loops": 6,
                      "Hash Buckets": 4194304,
                      "Original Hash Buckets": 4194304,
                      "Hash Batches": 1,
                      "Original Hash Batches": 1,
                      "Peak Memory Usage": 131808,
                      "Plans": [
                        {
                          "Node Type": "Seq Scan",
                          "Parent Relationship": "Outer",
                          "Parallel Aware": true,
                          "Relation Name": "title",
                          "Alias": "t",
                          "Startup Cost": 0.0,
                          "Total Cost": 42318.73,
                          "Plan Rows": 632073,
                          "Plan Width": 4,
                          "Actual Startup Time": 0.037,
                          "Actual Total Time": 78.107,
                          "Actual Rows": 421385,
                          "Actual Loops": 6
                        }
                      ]
                    }
                  ]
                }
              ]
            }
          ]
        }
      ]
    },
    "Planning Time": 0.619,
    "Triggers": [],
    "Execution Time": 513.719
  }
]