[
  {
    "Plan": {
      "Node Type": "Aggregate",
      "Strategy": "Plain",
      "Partial Mode": "Finalize",
      "Parallel Aware": false,
      "Startup Cost": 97253.06,
      "Total Cost": 97253.07,
      "Plan Rows": 1,
      "Plan Width": 8,
      "Actual Startup Time": 707.593,
      "Actual Total Time": 725.457,
      "Actual Rows": 1,
      "Actual Loops": 1,
      "Plans": [
        {
          "Node Type": "Gather",
          "Parent Relationship": "Outer",
          "Parallel Aware": false,
          "Startup Cost": 97252.74,
          "Total Cost": 97253.05,
          "Plan Rows": 3,
          "Plan Width": 8,
          "Actual Startup Time": 695.645,
          "Actual Total Time": 725.446,
          "Actual Rows": 4,
          "Actual Loops": 1,
          "Workers Planned": 3,
          "Workers Launched": 3,
          "Single Copy": false,
          "Plans": [
            {
              "Node Type": "Aggregate",
              "Strategy": "Plain",
              "Partial Mode": "Partial",
              "Parent Relationship": "Outer",
              "Parallel Aware": false,
              "Startup Cost": 96252.74,
              "Total Cost": 96252.75,
              "Plan Rows": 1,
              "Plan Width": 8,
              "Actual Startup Time": 685.312,
              "Actual Total Time": 685.316,
              "Actual Rows": 1,
              "Actual Loops": 4,
              "Plans": [
                {
                  "Node Type": "Hash Join",
                  "Parent Relationship": "Outer",
                  "Parallel Aware": true,
                  "Join Type": "Inner",
                  "Startup Cost": 50381.57,
                  "Total Cost": 93259.65,
                  "Plan Rows": 1197236,
                  "Plan Width": 0,
                  "Actual Startup Time": 335.712,
                  "Actual Total Time": 642.093,
                  "Actual Rows": 873387,
                  "Actual Loops": 4,
                  "Inner Unique": true,
                  "Hash Cond": "(mk.movie_id = t.id)",
                  "Plans": [
                    {
                      "Node Type": "Seq Scan",
                      "Parent Relationship": "Outer",
                      "Parallel Aware": true,
                      "Relation Name": "movie_keyword",
                      "Alias": "mk",
                      "Startup Cost": 0.0,
                      "Total Cost": 39047.32,
                      "Plan Rows": 1459332,
                      "Plan Width": 4,
                      "Actual Startup Time": 0.033,
                      "Actual Total Time": 99.116,
                      "Actual Rows": 1130982,
                      "Actual Loops": 4
                    },
                    {
                      "Node Type": "Hash",
                      "Parent Relationship": "Inner",
                      "Parallel Aware": true,
                      "Startup Cost": 43899.32,
                      "Total Cost": 43899.32,
                      "Plan Rows": 518580,
                      "Plan Width": 4,
                      "Actual Startup Time": 328.918,
                      "Actual Total Time": 328.919,
                      "Actual Rows": 515086,
                      "Actual Loops": 4,
                      "Hash Buckets": 2097152,
                      "Original Hash Buckets": 2097152,
                      "Hash Batches": 1,
                      "Original Hash Batches": 1,
                      "Peak Memory Usage": 97056,
                      "Plans": [
                        {
                          "Node Type": "Seq Scan",
                          "Parent Relationship": "Outer",
                          "Parallel Aware": true,
                          "Relation Name": "title",
                          "Alias": "t",
                          "Startup Cost": 0.0,
                          "Total Cost": 43899.32,
                          "Plan Rows": 518580,
                          "Plan Width": 4,
                          "Actual Startup Time": 0.046,
                          "Actual Total Time": 129.171,
                          "Actual Rows": 515086,
                          "Actual Loops": 4,
                          "Filter": "(production_year > 1971)",
                          "Rows Removed by Filter": 116992
                        }
                      ]
                    }
                  ]
                }
              ]
            }
          ]
        }
      ]
    },
    "Planning Time": 0.476,
    "Triggers": [],
    "Execution Time": 725.508
  }
]