[
  {
    "Plan": {
      "Node Type": "Aggregate",
      "Strategy": "Plain",
      "Partial Mode": "Finalize",
      "Parallel Aware": false,
      "Startup Cost": 415600.08,
      "Total Cost": 415600.09,
      "Plan Rows": 1,
      "Plan Width": 8,
      "Actual Startup Time": 2185.234,
      "Actual Total Time": 2258.032,
      "Actual Rows": 1,
      "Actual Loops": 1,
      "Plans": [
        {
          "Node Type": "Gather",
          "Parent Relationship": "Outer",
          "Parallel Aware": false,
          "Startup Cost": 415599.46,
          "Total Cost": 415600.07,
          "Plan Rows": 6,
          "Plan Width": 8,
          "Actual Startup Time": 2172.517,
          "Actual Total Time": 2258.016,
          "Actual Rows": 7,
          "Actual Loops": 1,
          "Workers Planned": 6,
          "Workers Launched": 6,
          "Single Copy": false,
          "Plans": [
            {
              "Node Type": "Aggregate",
              "Strategy": "Plain",
              "Partial Mode": "Partial",
              "Parent Relationship": "Outer",
              "Parallel Aware": false,
              "Startup Cost": 414599.46,
              "Total Cost": 414599.47,
              "Plan Rows": 1,
              "Plan Width": 8,
              "Actual Startup Time": 2161.572,
              "Actual Total Time": 2161.937,
              "Actual Rows": 1,
              "Actual Loops": 7,
              "Plans": [
                {
                  "Node Type": "Hash Join",
                  "Parent Relationship": "Outer",
                  "Parallel Aware": true,
                  "Join Type": "Inner",
                  "Startup Cost": 64932.25,
                  "Total Cost": 412397.92,
                  "Plan Rows": 880616,
                  "Plan Width": 0,
                  "Actual Startup Time": 418.612,
                  "Actual Total Time": 2036.132,
                  "Actual Rows": 2394566,
                  "Actual Loops": 7,
                  "Inner Unique": false,
                  "Hash Cond": "(ci.movie_id = t.id)",
                  "Plans": [
                    {
                      "Node Type": "Seq Scan",
                      "Parent Relationship": "Outer",
                      "Parallel Aware": true,
                      "Relation Name": "cast_info",
                      "Alias": "ci",
                      "Startup Cost": 0.0,
                      "Total Cost": 328162.03,
                      "Plan Rows": 4169177,
                      "Plan Width": 4,
                      "Actual Startup Time": 123.898,
                      "Actual Total Time": 709.091,
                      "Actual Rows": 3574329,
                      "Actual Loops": 7,
                      "Filter": "(person_id > 1101599)",
                      "Rows Removed by Filter": 1603434
                    },
                    {
                      "Node Type": "Hash",
                      "Parent Relationship": "Inner",
                      "Parallel Aware": true,
                      "Startup Cost": 62150.86,
                      "Total Cost": 62150.86,
                      "Plan Rows": 222511,
                      "Plan Width": 8,
                      "Actual Startup Time": 291.278,
                      "Actual Total Time": 291.642,
                      "Actual Rows": 133951,
                      "Actual Loops": 7,
                      "Hash Buckets": 1048576,
                      "Original Hash Buckets": 1048576,
                      "Hash Batches": 1,
                      "Original Hash Batches": 1,
                      "Peak Memory Usage": 44992,
                      "Plans": [
                        {
                          "Node Type": "Hash Join",
                          "Parent Relationship": "Outer",
                          "Parallel Aware": true,
                          "Join Type": "Inner",
                          "Startup Cost": 46956.3,
                          "Total Cost": 62150.86,
                          "Plan Rows": 222511,
                          "Plan Width": 8,
                          "Actual Startup Time": 153.377,
                          "Actual Total Time": 229.122,
                          "Actual Rows": 133951,
                          "Actual Loops": 7,
                          "Inner Unique": true,
                          "Hash Cond": "(mi_idx.movie_id = t.id)",
                          "Plans": [
                            {
                              "Node Type": "Seq Scan",
                              "Parent Relationship": "Outer",
                              "Parallel Aware": true,
                              "Relation Name": "movie_info_idx",
                              "Alias": "mi_idx",
                              "Startup Cost": 0.0,
                              "Total Cost": 13685.15,
                              "Plan Rows": 575015,
                              "Plan Width": 4,
                              "Actual Startup Time": 0.028,
                              "Actual Total Time": 21.884,
                              "Actual Rows": 197148,
                              "Actual Loops": 7
                            },
                            {
                              "Node Type": "Hash",
                              "Parent Relationship": "Inner",
                              "Parallel Aware": true,
                              "Startup Cost": 43898.92,
                              "Total Cost": 43898.92,
                              "Plan Rows": 244591,
                              "Plan Width": 4,
                              "Actual Startup Time": 151.73,
                              "Actual Total Time": 151.731,
                              "Actual Rows": 138921,
                              "Actual Loops": 7,
                              "Hash Buckets": 1048576,
                              "Original Hash Buckets": 1048576,
                              "Hash Batches": 1,
                              "Original Hash Batches": 1,
                              "Peak Memory Usage": 46368,
                              "Plans": [
                                {
                                  "Node Type": "Seq Scan",
                                  "Parent Relationship": "Outer",
                                  "Parallel Aware": true,
                                  "Relation Name": "title",
                                  "Alias": "t",
                                  "Startup Cost": 0.0,
                                  "Total Cost": 43898.92,
                                  "Plan Rows": 244591,
                                  "Plan Width": 4,
                                  "Actual Startup Time": 0.048,
                                  "Actual Total Time": 83.9,
                                  "Actual Rows": 138921,
                                  "Actual Loops": 7,
                                  "Filter": "(kind_id < 6)",
                                  "Rows Removed by Filter": 222266
                                }
                              ]
                            }
                          ]
                        }
                      ]
                    }
                  ]
                }
              ]
            }
          ]
        }
      ]
    },
    "Planning Time": 1.268,
    "Triggers": [],
    "Execution Time": 2258.189
  }
]