[
  {
    "Plan": {
      "Node Type": "Aggregate",
      "Strategy": "Plain",
      "Partial Mode": "Finalize",
      "Parallel Aware": false,
      "Startup Cost": 75661.4,
      "Total Cost": 75661.41,
      "Plan Rows": 1,
      "Plan Width": 8,
      "Actual Startup Time": 456.671,
      "Actual Total Time": 470.639,
      "Actual Rows": 1,
      "Actual Loops": 1,
      "Plans": [
        {
          "Node Type": "Gather",
          "Parent Relationship": "Outer",
          "Parallel Aware": false,
          "Startup Cost": 75661.08,
          "Total Cost": 75661.39,
          "Plan Rows": 3,
          "Plan Width": 8,
          "Actual Startup Time": 443.843,
          "Actual Total Time": 470.623,
          "Actual Rows": 4,
          "Actual Loops": 1,
          "Workers Planned": 3,
          "Workers Launched": 3,
          "Single Copy": false,
          "Plans": [
            {
              "Node Type": "Aggregate",
              "Strategy": "Plain",
              "Partial Mode": "Partial",
              "Parent Relationship": "Outer",
              "Parallel Aware": false,
              "Startup Cost": 74661.08,
              "Total Cost": 74661.09,
              "Plan Rows": 1,
              "Plan Width": 8,
              "Actual Startup Time": 426.783,
              "Actual Total Time": 426.787,
              "Actual Rows": 1,
              "Actual Loops": 4,
              "Plans": [
                {
                  "Node Type": "Hash Join",
                  "Parent Relationship": "Outer",
                  "Parallel Aware": true,
                  "Join Type": "Inner",
                  "Startup Cost": 54697.09,
                  "Total Cost": 74494.56,
                  "Plan Rows": 66609,
                  "Plan Width": 0,
                  "Actual Startup Time": 367.784,
                  "Actual Total Time": 424.17,
                  "Actual Rows": 50392,
                  "Actual Loops": 4,
                  "Inner Unique": true,
                  "Hash Cond": "(mc.movie_id = t.id)",
                  "Plans": [
                    {
                      "Node Type": "Bitmap Heap Scan",
                      "Parent Relationship": "Outer",
                      "Parallel Aware": true,
                      "Relation Name": "movie_companies",
                      "Alias": "mc",
                      "Startup Cost": 4476.71,
                      "Total Cost": 24099.32,
                      "Plan Rows": 66609,
                      "Plan Width": 4,
                      "Actual Startup Time": 10.361,
                      "Actual Total Time": 36.663,
                      "Actual Rows": 50392,
                      "Actual Loops": 4,
                      "Recheck Cond": "(company_id < 64)",
                      "Rows Removed by Index Recheck": 0,
                      "Exact Heap Blocks": 5950,
                      "Lossy Heap Blocks": 0,
                      "Plans": [
                        {
                          "Node Type": "Bitmap Index Scan",
                          "Parent Relationship": "Outer",
                          "Parallel Aware": false,
                          "Index Name": "company_id_movie_companies",
                          "Startup Cost": 0.0,
                          "Total Cost": 4425.09,
                          "Plan Rows": 206488,
                          "Plan Width": 0,
                          "Actual Startup Time": 8.151,
                          "Actual Total Time": 8.151,
                          "Actual Rows": 201569,
                          "Actual Loops": 1,
                          "Index Cond": "(company_id < 64)"
                        }
                      ]
                    },
                    {
                      "Node Type": "Hash",
                      "Parent Relationship": "Inner",
                      "Parallel Aware": true,
                      "Startup Cost": 42319.06,
                      "Total Cost": 42319.06,
                      "Plan Rows": 632106,
                      "Plan Width": 4,
                      "Actual Startup Time": 346.48,
                      "Actual Total Time": 346.481,
                      "Actual Rows": 632078,
                      "Actual Loops": 4,
                      "Hash Buckets": 4194304,
                      "Original Hash Buckets": 4194304,
                      "Hash Batches": 1,
                      "Original Hash Batches": 1,
                      "Peak Memory Usage": 131744,
                      "Plans": [
                        {
                          "Node Type": "Seq Scan",
                          "Parent Relationship": "Outer",
                          "Parallel Aware": true,
                          "Relation Name": "title",
                          "Alias": "t",
                          "Startup Cost": 0.0,
                          "Total Cost": 42319.06,
                          "Plan Rows": 632106,
                          "Plan Width": 4,
                          "Actual Startup Time": 0.033,
                          "Actual Total Time": 105.447,
                          "Actual Rows": 632078,
                          "Actual Loops": 4
                        }
                      ]
                    }
                  ]
                }
              ]
            }
          ]
        }
      ]
    },
    "Planning Time": 0.725,
    "Triggers": [],
    "Execution Time": 470.729
  }
]