[
  {
    "Plan": {
      "Node Type": "Aggregate",
      "Strategy": "Plain",
      "Partial Mode": "Finalize",
      "Parallel Aware": false,
      "Startup Cost": 71583.46,
      "Total Cost": 71583.47,
      "Plan Rows": 1,
      "Plan Width": 8,
      "Actual Startup Time": 250.446,
      "Actual Total Time": 266.651,
      "Actual Rows": 1,
      "Actual Loops": 1,
      "Plans": [
        {
          "Node Type": "Gather",
          "Parent Relationship": "Outer",
          "Parallel Aware": false,
          "Startup Cost": 71583.04,
          "Total Cost": 71583.45,
          "Plan Rows": 4,
          "Plan Width": 8,
          "Actual Startup Time": 248.765,
          "Actual Total Time": 266.64,
          "Actual Rows": 5,
          "Actual Loops": 1,
          "Workers Planned": 4,
          "Workers Launched": 4,
          "Single Copy": false,
          "Plans": [
            {
              "Node Type": "Aggregate",
              "Strategy": "Plain",
              "Partial Mode": "Partial",
              "Parent Relationship": "Outer",
              "Parallel Aware": false,
              "Startup Cost": 70583.04,
              "Total Cost": 70583.05,
              "Plan Rows": 1,
              "Plan Width": 8,
              "Actual Startup Time": 239.258,
              "Actual Total Time": 239.262,
              "Actual Rows": 1,
              "Actual Loops": 5,
              "Plans": [
                {
                  "Node Type": "Hash Join",
                  "Parent Relationship": "Outer",
                  "Parallel Aware": true,
                  "Join Type": "Inner",
                  "Startup Cost": 24813.97,
                  "Total Cost": 70456.43,
                  "Plan Rows": 50642,
                  "Plan Width": 0,
                  "Actual Startup Time": 82.881,
                  "Actual Total Time": 237.013,
                  "Actual Rows": 40314,
                  "Actual Loops": 5,
                  "Inner Unique": false,
                  "Hash Cond": "(t.id = mc.movie_id)",
                  "Plans": [
                    {
                      "Node Type": "Seq Scan",
                      "Parent Relationship": "Outer",
                      "Parallel Aware": true,
                      "Relation Name": "title",
                      "Alias": "t",
                      "Startup Cost": 0.0,
                      "Total Cost": 42318.73,
                      "Plan Rows": 632073,
                      "Plan Width": 4,
                      "Actual Startup Time": 0.014,
                      "Actual Total Time": 69.829,
                      "Actual Rows": 505662,
                      "Actual Loops": 5
                    },
                    {
                      "Node Type": "Hash",
                      "Parent Relationship": "Inner",
                      "Parallel Aware": true,
                      "Startup Cost": 23997.16,
                      "Total Cost": 23997.16,
                      "Plan Rows": 65345,
                      "Plan Width": 4,
                      "Actual Startup Time": 80.911,
                      "Actual Total Time": 80.913,
                      "Actual Rows": 40314,
                      "Actual Loops": 5,
                      "Hash Buckets": 262144,
                      "Original Hash Buckets": 262144,
                      "Hash Batches": 1,
                      "Original Hash Batches": 1,
                      "Peak Memory Usage": 9984,
                      "Plans": [
                        {
                          "Node Type": "Bitmap Heap Scan",
                          "Parent Relationship": "Outer",
                          "Parallel Aware": true,
                          "Relation Name": "movie_companies",
                          "Alias": "mc",
                          "Startup Cost": 4390.35,
                          "Total Cost": 23997.16,
                          "Plan Rows": 65345,
                          "Plan Width": 4,
                          "Actual Startup Time": 25.596,
                          "Actual Total Time": 63.415,
                          "Actual Rows": 40314,
                          "Actual Loops": 5,
                          "Recheck Cond": "(company_id < 64)",
                          "Rows Removed by Index Recheck": 0,
                          "Exact Heap Blocks": 7094,
                          "Lossy Heap Blocks": 0,
                          "Plans": [
                            {
                              "Node Type": "Bitmap Index Scan",
                              "Parent Relationship": "Outer",
                              "Parallel Aware": false,
                              "Index Name": "company_id_movie_companies",
                              "Startup Cost": 0.0,
                              "Total Cost": 4339.7,
                              "Plan Rows": 202570,
                              "Plan Width": 0,
                              "Actual Startup Time": 24.776,
                              "Actual Total Time": 24.776,
                              "Actual Rows": 201569,
                              "Actual Loops": 1,
                              "Index Cond": "(company_id < 64)"
                            }
                          ]
                        }
                      ]
                    }
                  ]
                }
              ]
            }
          ]
        }
      ]
    },
    "Planning Time": 0.721,
    "Triggers": [],
    "Execution Time": 266.772
  }
]