[
  {
    "Plan": {
      "Node Type": "Aggregate",
      "Strategy": "Plain",
      "Partial Mode": "Finalize",
      "Parallel Aware": false,
      "Startup Cost": 87505.23,
      "Total Cost": 87505.24,
      "Plan Rows": 1,
      "Plan Width": 8,
      "Actual Startup Time": 418.822,
      "Actual Total Time": 436.263,
      "Actual Rows": 1,
      "Actual Loops": 1,
      "Plans": [
        {
          "Node Type": "Gather",
          "Parent Relationship": "Outer",
          "Parallel Aware": false,
          "Startup Cost": 87504.92,
          "Total Cost": 87505.23,
          "Plan Rows": 3,
          "Plan Width": 8,
          "Actual Startup Time": 416.126,
          "Actual Total Time": 436.256,
          "Actual Rows": 4,
          "Actual Loops": 1,
          "Workers Planned": 3,
          "Workers Launched": 3,
          "Single Copy": false,
          "Plans": [
            {
              "Node Type": "Aggregate",
              "Strategy": "Plain",
              "Partial Mode": "Partial",
              "Parent Relationship": "Outer",
              "Parallel Aware": false,
              "Startup Cost": 86504.92,
              "Total Cost": 86504.93,
              "Plan Rows": 1,
              "Plan Width": 8,
              "Actual Startup Time": 411.731,
              "Actual Total Time": 411.735,
              "Actual Rows": 1,
              "Actual Loops": 4,
              "Plans": [
                {
                  "Node Type": "Nested Loop",
                  "Parent Relationship": "Outer",
                  "Parallel Aware": false,
                  "Join Type": "Inner",
                  "Startup Cost": 51232.2,
                  "Total Cost": 86481.13,
                  "Plan Rows": 9516,
                  "Plan Width": 0,
                  "Actual Startup Time": 153.521,
                  "Actual Total Time": 396.66,
                  "Actual Rows": 296782,
                  "Actual Loops": 4,
                  "Inner Unique": false,
                  "Plans": [
                    {
                      "Node Type": "Hash Join",
                      "Parent Relationship": "Outer",
                      "Parallel Aware": true,
                      "Join Type": "Inner",
                      "Startup Cost": 51231.77,
                      "Total Cost": 76671.09,
                      "Plan Rows": 12092,
                      "Plan Width": 8,
                      "Actual Startup Time": 153.44,
                      "Actual Total Time": 200.946,
                      "Actual Rows": 34420,
                      "Actual Loops": 4,
                      "Inner Unique": true,
                      "Hash Cond": "(mk.movie_id = t.id)",
                      "Plans": [
                        {
                          "Node Type": "Bitmap Heap Scan",
                          "Parent Relationship": "Outer",
                          "Parallel Aware": true,
                          "Relation Name": "movie_keyword",
                          "Alias": "mk",
                          "Startup Cost": 4285.55,
                          "Total Cost": 29553.86,
                          "Plan Rows": 65145,
                          "Plan Width": 4,
                          "Actual Startup Time": 14.862,
                          "Actual Total Time": 46.734,
                          "Actual Rows": 51181,
                          "Actual Loops": 4,
                          "Recheck Cond": "(keyword_id > 67513)",
                          "Rows Removed by Index Recheck": 0,
                          "Exact Heap Blocks": 6531,
                          "Lossy Heap Blocks": 0,
                          "Plans": [
                            {
                              "Node Type": "Bitmap Index Scan",
                              "Parent Relationship": "Outer",
                              "Parallel Aware": false,
                              "Index Name": "keyword_id_movie_keyword",
                              "Startup Cost": 0.0,
                              "Total Cost": 4235.06,
                              "Plan Rows": 201950,
                              "Plan Width": 0,
                              "Actual Startup Time": 11.802,
                              "Actual Total Time": 11.803,
                              "Actual Rows": 204723,
                              "Actual Loops": 1,
                              "Index Cond": "(keyword_id > 67513)"
                            }
                          ]
                        },
                        {
                          "Node Type": "Hash",
                          "Parent Relationship": "Inner",
                          "Parallel Aware": true,
                          "Startup Cost": 45479.59,
                          "Total Cost": 45479.59,
                          "Plan Rows": 117331,
                          "Plan Width": 4,
                          "Actual Startup Time": 134.644,
                          "Actual Total Time": 134.644,
                          "Actual Rows": 124006,
                          "Actual Loops": 4,
                          "Hash Buckets": 524288,
                          "Original Hash Buckets": 524288,
                          "Hash Batches": 1,
                          "Original Hash Batches": 1,
                          "Peak Memory Usage": 23584,
                          "Plans": [
                            {
                              "Node Type": "Seq Scan",
                              "Parent Relationship": "Outer",
                              "Parallel Aware": true,
                              "Relation Name": "title",
                              "Alias": "t",
                              "Startup Cost": 0.0,
                              "Total Cost": 45479.59,
                              "Plan Rows": 117331,
                              "Plan Width": 4,
                              "Actual Startup Time": 51.731,
                              "Actual Total Time": 95.889,
                              "Actual Rows": 124006,
                              "Actual Loops": 4,
                              "Filter": "((production_year < 2009) AND (kind_id = 1))",
                              "Rows Removed by Filter": 508072
                            }
                          ]
                        }
                      ]
                    },
                    {
                      "Node Type": "Index Scan",
                      "Parent Relationship": "Inner",
                      "Parallel Aware": false,
                      "Scan Direction": "Forward",
                      "Index Name": "movie_id_movie_companies",
                      "Relation Name": "movie_companies",
                      "Alias": "mc",
                      "Startup Cost": 0.43,
                      "Total Cost": 0.77,
                      "Plan Rows": 4,
                      "Plan Width": 4,
                      "Actual Startup Time": 0.002,
                      "Actual Total Time": 0.005,
                      "Actual Rows": 9,
                      "Actual Loops": 137679,
                      "Index Cond": "(movie_id = t.id)",
                      "Rows Removed by Index Recheck": 0,
                      "Filter": "(company_id > 742)",
                      "Rows Removed by Filter": 1
                    }
                  ]
                }
              ]
            }
          ]
        }
      ]
    },
    "Planning Time": 0.735,
    "Triggers": [],
    "Execution Time": 436.309
  }
]