{
  "Plan": {
    "Node Type": "Aggregate",
    "Strategy": "Plain",
    "Partial Mode": "Finalize",
    "Parallel Aware": false,
    "Startup Cost": 90590.83,
    "Total Cost": 90590.84,
    "Plan Rows": 1,
    "Plan Width": 8,
    "Actual Startup Time": 263.129,
    "Actual Total Time": 279.952,
    "Actual Rows": 1,
    "Actual Loops": 1,
    "Plans": [
      {
        "Node Type": "Gather",
        "Parent Relationship": "Outer",
        "Parallel Aware": false,
        "Startup Cost": 90590.71,
        "Total Cost": 90590.82,
        "Plan Rows": 1,
        "Plan Width": 8,
        "Actual Startup Time": 262.649,
        "Actual Total Time": 279.944,
        "Actual Rows": 2,
        "Actual Loops": 1,
        "Workers Planned": 1,
        "Workers Launched": 1,
        "Single Copy": false,
        "Plans": [
          {
            "Node Type": "Aggregate",
            "Strategy": "Plain",
            "Partial Mode": "Partial",
            "Parent Relationship": "Outer",
            "Parallel Aware": false,
            "Startup Cost": 89590.71,
            "Total Cost": 89590.72,
            "Plan Rows": 1,
            "Plan Width": 8,
            "Actual Startup Time": 259.659,
            "Actual Total Time": 259.664,
            "Actual Rows": 1,
            "Actual Loops": 2,
            "Plans": [
              {
                "Node Type": "Hash Join",
                "Parent Relationship": "Outer",
                "Parallel Aware": true,
                "Join Type": "Inner",
                "Startup Cost": 62131.14,
                "Total Cost": 89580.02,
                "Plan Rows": 4277,
                "Plan Width": 0,
                "Actual Startup Time": 178.864,
                "Actual Total Time": 259.405,
                "Actual Rows": 3012,
                "Actual Loops": 2,
                "Inner Unique": true,
                "Hash Cond": "(mk.movie_id = t.id)",
                "Plans": [
                  {
                    "Node Type": "Bitmap Heap Scan",
                    "Parent Relationship": "Outer",
                    "Parallel Aware": true,
                    "Relation Name": "movie_keyword",
                    "Alias": "mk",
                    "Startup Cost": 7141.2,
                    "Total Cost": 34070.31,
                    "Plan Rows": 198009,
                    "Plan Width": 4,
                    "Actual Startup Time": 23.622,
                    "Actual Total Time": 82.031,
                    "Actual Rows": 164695,
                    "Actual Loops": 2,
                    "Recheck Cond": "(keyword_id > 50114)",
                    "Rows Removed by Index Recheck": 0,
                    "Exact Heap Blocks": 9952,
                    "Lossy Heap Blocks": 0,
                    "Plans": [
                      {
                        "Node Type": "Bitmap Index Scan",
                        "Parent Relationship": "Outer",
                        "Parallel Aware": false,
                        "Index Name": "keyword_id_movie_keyword",
                        "Startup Cost": 0.0,
                        "Total Cost": 7057.04,
                        "Plan Rows": 336615,
                        "Plan Width": 0,
                        "Actual Startup Time": 20.35,
                        "Actual Total Time": 20.35,
                        "Actual Rows": 329390,
                        "Actual Loops": 1,
                        "Index Cond": "(keyword_id > 50114)"
                      }
                    ]
                  },
                  {
                    "Node Type": "Hash",
                    "Parent Relationship": "Inner",
                    "Parallel Aware": true,
                    "Startup Cost": 54588.39,
                    "Total Cost": 54588.39,
                    "Plan Rows": 32124,
                    "Plan Width": 4,
                    "Actual Startup Time": 154.037,
                    "Actual Total Time": 154.037,
                    "Actual Rows": 25282,
                    "Actual Loops": 2,
                    "Hash Buckets": 65536,
                    "Original Hash Buckets": 65536,
                    "Hash Batches": 1,
                    "Original Hash Batches": 1,
                    "Peak Memory Usage": 2528,
                    "Plans": [
                      {
                        "Node Type": "Seq Scan",
                        "Parent Relationship": "Outer",
                        "Parallel Aware": true,
                        "Relation Name": "title",
                        "Alias": "t",
                        "Startup Cost": 0.0,
                        "Total Cost": 54588.39,
                        "Plan Rows": 32124,
                        "Plan Width": 4,
                        "Actual Startup Time": 0.024,
                        "Actual Total Time": 145.563,
                        "Actual Rows": 25282,
                        "Actual Loops": 2,
                        "Filter": "(production_year = 1999)",
                        "Rows Removed by Filter": 1238874
                      }
                    ]
                  }
                ]
              }
            ]
          }
        ]
      }
    ]
  },
  "Planning Time": 0.28,
  "Triggers": [],
  "Execution Time": 280.018
}