[
    {
        "Bao": {
            "Bao prediction": "NaN",
            "Bao recommended hint": "(no hint)"
        }
    },
    {
        "Plan": {
            "Node Type": "Aggregate",
            "Strategy": "Plain",
            "Partial Mode": "Finalize",
            "Parallel Aware": false,
            "Startup Cost": 341180.6,
            "Total Cost": 341180.61,
            "Plan Rows": 1,
            "Plan Width": 8,
            "Actual Startup Time": 890.51,
            "Actual Total Time": 920.772,
            "Actual Rows": 1,
            "Actual Loops": 1,
            "Output": [
                "count(*)"
            ],
            "Plans": [
                {
                    "Node Type": "Gather",
                    "Parent Relationship": "Outer",
                    "Parallel Aware": false,
                    "Startup Cost": 341179.97,
                    "Total Cost": 341180.58,
                    "Plan Rows": 6,
                    "Plan Width": 8,
                    "Actual Startup Time": 890.373,
                    "Actual Total Time": 920.763,
                    "Actual Rows": 7,
                    "Actual Loops": 1,
                    "Output": [
                        "(PARTIAL count(*))"
                    ],
                    "Workers Planned": 6,
                    "Workers Launched": 6,
                    "Single Copy": false,
                    "Plans": [
                        {
                            "Node Type": "Aggregate",
                            "Strategy": "Plain",
                            "Partial Mode": "Partial",
                            "Parent Relationship": "Outer",
                            "Parallel Aware": false,
                            "Startup Cost": 340179.97,
                            "Total Cost": 340179.98,
                            "Plan Rows": 1,
                            "Plan Width": 8,
                            "Actual Startup Time": 880.577,
                            "Actual Total Time": 880.578,
                            "Actual Rows": 1,
                            "Actual Loops": 7,
                            "Output": [
                                "PARTIAL count(*)"
                            ],
                            "Workers": [
                                {
                                    "Worker Number": 0,
                                    "Actual Startup Time": 877.896,
                                    "Actual Total Time": 877.898,
                                    "Actual Rows": 1,
                                    "Actual Loops": 1
                                },
                                {
                                    "Worker Number": 1,
                                    "Actual Startup Time": 878.441,
                                    "Actual Total Time": 878.442,
                                    "Actual Rows": 1,
                                    "Actual Loops": 1
                                },
                                {
                                    "Worker Number": 2,
                                    "Actual Startup Time": 878.583,
                                    "Actual Total Time": 878.584,
                                    "Actual Rows": 1,
                                    "Actual Loops": 1
                                },
                                {
                                    "Worker Number": 3,
                                    "Actual Startup Time": 879.513,
                                    "Actual Total Time": 879.514,
                                    "Actual Rows": 1,
                                    "Actual Loops": 1
                                },
                                {
                                    "Worker Number": 4,
                                    "Actual Startup Time": 879.811,
                                    "Actual Total Time": 879.812,
                                    "Actual Rows": 1,
                                    "Actual Loops": 1
                                },
                                {
                                    "Worker Number": 5,
                                    "Actual Startup Time": 879.955,
                                    "Actual Total Time": 879.956,
                                    "Actual Rows": 1,
                                    "Actual Loops": 1
                                }
                            ],
                            "Plans": [
                                {
                                    "Node Type": "Seq Scan",
                                    "Parent Relationship": "Outer",
                                    "Parallel Aware": true,
                                    "Relation Name": "cast_info",
                                    "Schema": "public",
                                    "Alias": "ci",
                                    "Startup Cost": 0.0,
                                    "Total Cost": 328213.62,
                                    "Plan Rows": 4786542,
                                    "Plan Width": 0,
                                    "Actual Startup Time": 94.196,
                                    "Actual Total Time": 669.432,
                                    "Actual Rows": 4071521,
                                    "Actual Loops": 7,
                                    "Output": [
                                        "id",
                                        "person_id",
                                        "movie_id",
                                        "person_role_id",
                                        "note",
                                        "nr_order",
                                        "role_id"
                                    ],
                                    "Filter": "(ci.person_id > 753238)",
                                    "Rows Removed by Filter": 1106242,
                                    "Workers": [
                                        {
                                            "Worker Number": 0,
                                            "Actual Startup Time": 91.519,
                                            "Actual Total Time": 670.887,
                                            "Actual Rows": 3104716,
                                            "Actual Loops": 1
                                        },
                                        {
                                            "Worker Number": 1,
                                            "Actual Startup Time": 92.049,
                                            "Actual Total Time": 671.404,
                                            "Actual Rows": 3141394,
                                            "Actual Loops": 1
                                        },
                                        {
                                            "Worker Number": 2,
                                            "Actual Startup Time": 92.195,
                                            "Actual Total Time": 674.329,
                                            "Actual Rows": 4937447,
                                            "Actual Loops": 1
                                        },
                                        {
                                            "Worker Number": 3,
                                            "Actual Startup Time": 93.135,
                                            "Actual Total Time": 672.384,
                                            "Actual Rows": 3139875,
                                            "Actual Loops": 1
                                        },
                                        {
                                            "Worker Number": 4,
                                            "Actual Startup Time": 93.442,
                                            "Actual Total Time": 672.313,
                                            "Actual Rows": 3148720,
                                            "Actual Loops": 1
                                        },
                                        {
                                            "Worker Number": 5,
                                            "Actual Startup Time": 93.574,
                                            "Actual Total Time": 674.928,
                                            "Actual Rows": 5064128,
                                            "Actual Loops": 1
                                        }
                                    ]
                                }
                            ]
                        }
                    ]
                }
            ]
        },
        "Planning Time": 424.063,
        "Triggers": [],
        "Execution Time": 920.834
    }
]