[
  {
    "Plan": {
      "Node Type": "Aggregate",
      "Strategy": "Plain",
      "Partial Mode": "Finalize",
      "Parallel Aware": false,
      "Startup Cost": 46484.89,
      "Total Cost": 46484.9,
      "Plan Rows": 1,
      "Plan Width": 8,
      "Actual Startup Time": 108.693,
      "Actual Total Time": 122.225,
      "Actual Rows": 1,
      "Actual Loops": 1,
      "Plans": [
        {
          "Node Type": "Gather",
          "Parent Relationship": "Outer",
          "Parallel Aware": false,
          "Startup Cost": 46484.47,
          "Total Cost": 46484.88,
          "Plan Rows": 4,
          "Plan Width": 8,
          "Actual Startup Time": 108.533,
          "Actual Total Time": 122.21,
          "Actual Rows": 5,
          "Actual Loops": 1,
          "Workers Planned": 4,
          "Workers Launched": 4,
          "Single Copy": false,
          "Plans": [
            {
              "Node Type": "Aggregate",
              "Strategy": "Plain",
              "Partial Mode": "Partial",
              "Parent Relationship": "Outer",
              "Parallel Aware": false,
              "Startup Cost": 45484.47,
              "Total Cost": 45484.48,
              "Plan Rows": 1,
              "Plan Width": 8,
              "Actual Startup Time": 99.545,
              "Actual Total Time": 99.547,
              "Actual Rows": 1,
              "Actual Loops": 5,
              "Plans": [
                {
                  "Node Type": "Seq Scan",
                  "Parent Relationship": "Outer",
                  "Parallel Aware": true,
                  "Relation Name": "title",
                  "Alias": "t",
                  "Startup Cost": 0.0,
                  "Total Cost": 45479.59,
                  "Plan Rows": 1953,
                  "Plan Width": 0,
                  "Actual Startup Time": 0.175,
                  "Actual Total Time": 99.302,
                  "Actual Rows": 1564,
                  "Actual Loops": 5,
                  "Filter": "((kind_id = 7) AND (production_year = 1974))",
                  "Rows Removed by Filter": 504098
                }
              ]
            }
          ]
        }
      ]
    },
    "Planning Time": 0.06,
    "Triggers": [],
    "Execution Time": 122.253
  }
]