[
    {
        "Bao": {
            "Bao prediction": "NaN",
            "Bao recommended hint": "(no hint)"
        }
    },
    {
        "Plan": {
            "Node Type": "Aggregate",
            "Strategy": "Plain",
            "Partial Mode": "Finalize",
            "Parallel Aware": false,
            "Startup Cost": 269462.5,
            "Total Cost": 269462.51,
            "Plan Rows": 1,
            "Plan Width": 8,
            "Actual Startup Time": 88.72,
            "Actual Total Time": 91.767,
            "Actual Rows": 1,
            "Actual Loops": 1,
            "Output": [
                "count(*)"
            ],
            "Plans": [
                {
                    "Node Type": "Gather",
                    "Parent Relationship": "Outer",
                    "Parallel Aware": false,
                    "Startup Cost": 269461.88,
                    "Total Cost": 269462.49,
                    "Plan Rows": 6,
                    "Plan Width": 8,
                    "Actual Startup Time": 88.491,
                    "Actual Total Time": 91.76,
                    "Actual Rows": 7,
                    "Actual Loops": 1,
                    "Output": [
                        "(PARTIAL count(*))"
                    ],
                    "Workers Planned": 6,
                    "Workers Launched": 6,
                    "Single Copy": false,
                    "Plans": [
                        {
                            "Node Type": "Aggregate",
                            "Strategy": "Plain",
                            "Partial Mode": "Partial",
                            "Parent Relationship": "Outer",
                            "Parallel Aware": false,
                            "Startup Cost": 268461.88,
                            "Total Cost": 268461.89,
                            "Plan Rows": 1,
                            "Plan Width": 8,
                            "Actual Startup Time": 78.27,
                            "Actual Total Time": 78.271,
                            "Actual Rows": 1,
                            "Actual Loops": 7,
                            "Output": [
                                "PARTIAL count(*)"
                            ],
                            "Workers": [
                                {
                                    "Worker Number": 0,
                                    "Actual Startup Time": 75.761,
                                    "Actual Total Time": 75.762,
                                    "Actual Rows": 1,
                                    "Actual Loops": 1
                                },
                                {
                                    "Worker Number": 1,
                                    "Actual Startup Time": 76.246,
                                    "Actual Total Time": 76.247,
                                    "Actual Rows": 1,
                                    "Actual Loops": 1
                                },
                                {
                                    "Worker Number": 2,
                                    "Actual Startup Time": 76.714,
                                    "Actual Total Time": 76.715,
                                    "Actual Rows": 1,
                                    "Actual Loops": 1
                                },
                                {
                                    "Worker Number": 3,
                                    "Actual Startup Time": 76.749,
                                    "Actual Total Time": 76.751,
                                    "Actual Rows": 1,
                                    "Actual Loops": 1
                                },
                                {
                                    "Worker Number": 4,
                                    "Actual Startup Time": 77.062,
                                    "Actual Total Time": 77.063,
                                    "Actual Rows": 1,
                                    "Actual Loops": 1
                                },
                                {
                                    "Worker Number": 5,
                                    "Actual Startup Time": 77.375,
                                    "Actual Total Time": 77.377,
                                    "Actual Rows": 1,
                                    "Actual Loops": 1
                                }
                            ],
                            "Plans": [
                                {
                                    "Node Type": "Bitmap Heap Scan",
                                    "Parent Relationship": "Outer",
                                    "Parallel Aware": true,
                                    "Relation Name": "cast_info",
                                    "Schema": "public",
                                    "Alias": "ci",
                                    "Startup Cost": 14010.1,
                                    "Total Cost": 268289.88,
                                    "Plan Rows": 68801,
                                    "Plan Width": 0,
                                    "Actual Startup Time": 30.509,
                                    "Actual Total Time": 70.649,
                                    "Actual Rows": 97514,
                                    "Actual Loops": 7,
                                    "Recheck Cond": "(ci.person_id > 3929725)",
                                    "Rows Removed by Index Recheck": 0,
                                    "Filter": "(ci.role_id > 1)",
                                    "Rows Removed by Filter": 0,
                                    "Exact Heap Blocks": 3414,
                                    "Lossy Heap Blocks": 0,
                                    "Workers": [
                                        {
                                            "Worker Number": 0,
                                            "Actual Startup Time": 27.924,
                                            "Actual Total Time": 68.451,
                                            "Actual Rows": 74637,
                                            "Actual Loops": 1
                                        },
                                        {
                                            "Worker Number": 1,
                                            "Actual Startup Time": 28.472,
                                            "Actual Total Time": 69.028,
                                            "Actual Rows": 74891,
                                            "Actual Loops": 1
                                        },
                                        {
                                            "Worker Number": 2,
                                            "Actual Startup Time": 29.2,
                                            "Actual Total Time": 69.396,
                                            "Actual Rows": 73997,
                                            "Actual Loops": 1
                                        },
                                        {
                                            "Worker Number": 3,
                                            "Actual Startup Time": 29.126,
                                            "Actual Total Time": 69.517,
                                            "Actual Rows": 74057,
                                            "Actual Loops": 1
                                        },
                                        {
                                            "Worker Number": 4,
                                            "Actual Startup Time": 29.631,
                                            "Actual Total Time": 69.81,
                                            "Actual Rows": 74978,
                                            "Actual Loops": 1
                                        },
                                        {
                                            "Worker Number": 5,
                                            "Actual Startup Time": 29.455,
                                            "Actual Total Time": 70.12,
                                            "Actual Rows": 74297,
                                            "Actual Loops": 1
                                        }
                                    ],
                                    "Plans": [
                                        {
                                            "Node Type": "Bitmap Index Scan",
                                            "Parent Relationship": "Outer",
                                            "Parallel Aware": false,
                                            "Index Name": "person_id_cast_info",
                                            "Startup Cost": 0.0,
                                            "Total Cost": 13906.9,
                                            "Plan Rows": 637111,
                                            "Plan Width": 0,
                                            "Actual Startup Time": 38.427,
                                            "Actual Total Time": 38.427,
                                            "Actual Rows": 682597,
                                            "Actual Loops": 1,
                                            "Index Cond": "(ci.person_id > 3929725)"
                                        }
                                    ]
                                }
                            ]
                        }
                    ]
                }
            ]
        },
        "Planning Time": 176.549,
        "Triggers": [],
        "Execution Time": 91.837
    }
]