{
  "Plan": {
    "Node Type": "Aggregate",
    "Strategy": "Plain",
    "Partial Mode": "Finalize",
    "Parallel Aware": false,
    "Startup Cost": 446352.95,
    "Total Cost": 446352.96,
    "Plan Rows": 1,
    "Plan Width": 8,
    "Actual Startup Time": 1416.463,
    "Actual Total Time": 1446.818,
    "Actual Rows": 1,
    "Actual Loops": 1,
    "Plans": [
      {
        "Node Type": "Gather",
        "Parent Relationship": "Outer",
        "Parallel Aware": false,
        "Startup Cost": 446352.84,
        "Total Cost": 446352.95,
        "Plan Rows": 1,
        "Plan Width": 8,
        "Actual Startup Time": 1416.271,
        "Actual Total Time": 1446.81,
        "Actual Rows": 2,
        "Actual Loops": 1,
        "Workers Planned": 1,
        "Workers Launched": 1,
        "Single Copy": false,
        "Plans": [
          {
            "Node Type": "Aggregate",
            "Strategy": "Plain",
            "Partial Mode": "Partial",
            "Parent Relationship": "Outer",
            "Parallel Aware": false,
            "Startup Cost": 445352.84,
            "Total Cost": 445352.85,
            "Plan Rows": 1,
            "Plan Width": 8,
            "Actual Startup Time": 1410.046,
            "Actual Total Time": 1410.05,
            "Actual Rows": 1,
            "Actual Loops": 2,
            "Plans": [
              {
                "Node Type": "Hash Join",
                "Parent Relationship": "Outer",
                "Parallel Aware": true,
                "Join Type": "Inner",
                "Startup Cost": 35075.9,
                "Total Cost": 445315.12,
                "Plan Rows": 15088,
                "Plan Width": 0,
                "Actual Startup Time": 21.902,
                "Actual Total Time": 1407.488,
                "Actual Rows": 42886,
                "Actual Loops": 2,
                "Inner Unique": false,
                "Hash Cond": "(ci.movie_id = t.id)",
                "Plans": [
                  {
                    "Node Type": "Index Scan",
                    "Parent Relationship": "Outer",
                    "Parallel Aware": true,
                    "Scan Direction": "Forward",
                    "Index Name": "role_id_cast_info",
                    "Relation Name": "cast_info",
                    "Alias": "ci",
                    "Startup Cost": 0.56,
                    "Total Cost": 382631.05,
                    "Plan Rows": 7338659,
                    "Plan Width": 4,
                    "Actual Startup Time": 0.081,
                    "Actual Total Time": 862.777,
                    "Actual Rows": 6335344,
                    "Actual Loops": 2,
                    "Index Cond": "(role_id < 2)",
                    "Rows Removed by Index Recheck": 0
                  },
                  {
                    "Node Type": "Hash",
                    "Parent Relationship": "Inner",
                    "Parallel Aware": true,
                    "Startup Cost": 35037.11,
                    "Total Cost": 35037.11,
                    "Plan Rows": 3058,
                    "Plan Width": 8,
                    "Actual Startup Time": 20.125,
                    "Actual Total Time": 20.128,
                    "Actual Rows": 2149,
                    "Actual Loops": 2,
                    "Hash Buckets": 8192,
                    "Original Hash Buckets": 8192,
                    "Hash Batches": 1,
                    "Original Hash Batches": 1,
                    "Peak Memory Usage": 256,
                    "Plans": [
                      {
                        "Node Type": "Nested Loop",
                        "Parent Relationship": "Outer",
                        "Parallel Aware": false,
                        "Join Type": "Inner",
                        "Startup Cost": 113.15,
                        "Total Cost": 35037.11,
                        "Plan Rows": 3058,
                        "Plan Width": 8,
                        "Actual Startup Time": 1.083,
                        "Actual Total Time": 18.895,
                        "Actual Rows": 2149,
                        "Actual Loops": 2,
                        "Inner Unique": true,
                        "Plans": [
                          {
                            "Node Type": "Bitmap Heap Scan",
                            "Parent Relationship": "Outer",
                            "Parallel Aware": true,
                            "Relation Name": "movie_keyword",
                            "Alias": "mk",
                            "Startup Cost": 112.72,
                            "Total Cost": 12767.42,
                            "Plan Rows": 3058,
                            "Plan Width": 4,
                            "Actual Startup Time": 0.956,
                            "Actual Total Time": 4.997,
                            "Actual Rows": 2149,
                            "Actual Loops": 2,
                            "Recheck Cond": "(keyword_id > 130148)",
                            "Rows Removed by Index Recheck": 0,
                            "Exact Heap Blocks": 1172,
                            "Lossy Heap Blocks": 0,
                            "Plans": [
                              {
                                "Node Type": "Bitmap Index Scan",
                                "Parent Relationship": "Outer",
                                "Parallel Aware": false,
                                "Index Name": "keyword_id_movie_keyword",
                                "Startup Cost": 0.0,
                                "Total Cost": 111.42,
                                "Plan Rows": 5198,
                                "Plan Width": 0,
                                "Actual Startup Time": 1.097,
                                "Actual Total Time": 1.098,
                                "Actual Rows": 4298,
                                "Actual Loops": 1,
                                "Index Cond": "(keyword_id > 130148)"
                              }
                            ]
                          },
                          {
                            "Node Type": "Index Only Scan",
                            "Parent Relationship": "Inner",
                            "Parallel Aware": false,
                            "Scan Direction": "Forward",
                            "Index Name": "title_pkey",
                            "Relation Name": "title",
                            "Alias": "t",
                            "Startup Cost": 0.43,
                            "Total Cost": 7.28,
                            "Plan Rows": 1,
                            "Plan Width": 4,
                            "Actual Startup Time": 0.006,
                            "Actual Total Time": 0.006,
                            "Actual Rows": 1,
                            "Actual Loops": 4298,
                            "Index Cond": "(id = mk.movie_id)",
                            "Rows Removed by Index Recheck": 0,
                            "Heap Fetches": 4298
                          }
                        ]
                      }
                    ]
                  }
                ]
              }
            ]
          }
        ]
      }
    ]
  },
  "Planning Time": 1.025,
  "Triggers": [],
  "Execution Time": 1446.928
}