{
  "Plan": {
    "Node Type": "Aggregate",
    "Strategy": "Plain",
    "Partial Mode": "Finalize",
    "Parallel Aware": false,
    "Startup Cost": 134847.46,
    "Total Cost": 134847.47,
    "Plan Rows": 1,
    "Plan Width": 8,
    "Actual Startup Time": 1276.832,
    "Actual Total Time": 1292.629,
    "Actual Rows": 1,
    "Actual Loops": 1,
    "Plans": [
      {
        "Node Type": "Gather",
        "Parent Relationship": "Outer",
        "Parallel Aware": false,
        "Startup Cost": 134847.35,
        "Total Cost": 134847.46,
        "Plan Rows": 1,
        "Plan Width": 8,
        "Actual Startup Time": 1253.64,
        "Actual Total Time": 1292.62,
        "Actual Rows": 2,
        "Actual Loops": 1,
        "Workers Planned": 1,
        "Workers Launched": 1,
        "Single Copy": false,
        "Plans": [
          {
            "Node Type": "Aggregate",
            "Strategy": "Plain",
            "Partial Mode": "Partial",
            "Parent Relationship": "Outer",
            "Parallel Aware": false,
            "Startup Cost": 133847.35,
            "Total Cost": 133847.36,
            "Plan Rows": 1,
            "Plan Width": 8,
            "Actual Startup Time": 1247.427,
            "Actual Total Time": 1247.432,
            "Actual Rows": 1,
            "Actual Loops": 2,
            "Plans": [
              {
                "Node Type": "Hash Join",
                "Parent Relationship": "Outer",
                "Parallel Aware": false,
                "Join Type": "Inner",
                "Startup Cost": 93950.81,
                "Total Cost": 133846.69,
                "Plan Rows": 263,
                "Plan Width": 0,
                "Actual Startup Time": 1083.151,
                "Actual Total Time": 1247.41,
                "Actual Rows": 216,
                "Actual Loops": 2,
                "Inner Unique": false,
                "Hash Cond": "(mc.movie_id = t.id)",
                "Plans": [
                  {
                    "Node Type": "Seq Scan",
                    "Parent Relationship": "Outer",
                    "Parallel Aware": true,
                    "Relation Name": "movie_companies",
                    "Alias": "mc",
                    "Startup Cost": 0.0,
                    "Total Cost": 34137.82,
                    "Plan Rows": 1534782,
                    "Plan Width": 4,
                    "Actual Startup Time": 0.027,
                    "Actual Total Time": 105.361,
                    "Actual Rows": 1304564,
                    "Actual Loops": 2
                  },
                  {
                    "Node Type": "Hash",
                    "Parent Relationship": "Inner",
                    "Parallel Aware": false,
                    "Startup Cost": 93945.4,
                    "Total Cost": 93945.4,
                    "Plan Rows": 433,
                    "Plan Width": 8,
                    "Actual Startup Time": 1052.029,
                    "Actual Total Time": 1052.033,
                    "Actual Rows": 164,
                    "Actual Loops": 2,
                    "Hash Buckets": 1024,
                    "Original Hash Buckets": 1024,
                    "Hash Batches": 1,
                    "Original Hash Batches": 1,
                    "Peak Memory Usage": 15,
                    "Plans": [
                      {
                        "Node Type": "Hash Join",
                        "Parent Relationship": "Outer",
                        "Parallel Aware": false,
                        "Join Type": "Inner",
                        "Startup Cost": 92885.16,
                        "Total Cost": 93945.4,
                        "Plan Rows": 433,
                        "Plan Width": 8,
                        "Actual Startup Time": 1051.793,
                        "Actual Total Time": 1051.988,
                        "Actual Rows": 164,
                        "Actual Loops": 2,
                        "Inner Unique": true,
                        "Hash Cond": "(ci.movie_id = t.id)",
                        "Plans": [
                          {
                            "Node Type": "Index Scan",
                            "Parent Relationship": "Outer",
                            "Parallel Aware": false,
                            "Scan Direction": "Forward",
                            "Index Name": "person_id_cast_info",
                            "Relation Name": "cast_info",
                            "Alias": "ci",
                            "Startup Cost": 0.56,
                            "Total Cost": 1059.67,
                            "Plan Rows": 433,
                            "Plan Width": 4,
                            "Actual Startup Time": 0.198,
                            "Actual Total Time": 0.266,
                            "Actual Rows": 164,
                            "Actual Loops": 2,
                            "Index Cond": "(person_id = 3035520)",
                            "Rows Removed by Index Recheck": 0,
                            "Filter": "(role_id < 10)",
                            "Rows Removed by Filter": 0
                          },
                          {
                            "Node Type": "Hash",
                            "Parent Relationship": "Inner",
                            "Parallel Aware": false,
                            "Startup Cost": 61280.93,
                            "Total Cost": 61280.93,
                            "Plan Rows": 2528293,
                            "Plan Width": 4,
                            "Actual Startup Time": 1019.363,
                            "Actual Total Time": 1019.364,
                            "Actual Rows": 2528312,
                            "Actual Loops": 2,
                            "Hash Buckets": 4194304,
                            "Original Hash Buckets": 4194304,
                            "Hash Batches": 1,
                            "Original Hash Batches": 1,
                            "Peak Memory Usage": 121654,
                            "Plans": [
                              {
                                "Node Type": "Seq Scan",
                                "Parent Relationship": "Outer",
                                "Parallel Aware": false,
                                "Relation Name": "title",
                                "Alias": "t",
                                "Startup Cost": 0.0,
                                "Total Cost": 61280.93,
                                "Plan Rows": 2528293,
                                "Plan Width": 4,
                                "Actual Startup Time": 0.028,
                                "Actual Total Time": 329.546,
                                "Actual Rows": 2528312,
                                "Actual Loops": 2
                              }
                            ]
                          }
                        ]
                      }
                    ]
                  }
                ]
              }
            ]
          }
        ]
      }
    ]
  },
  "Planning Time": 1.123,
  "Triggers": [],
  "Execution Time": 1297.257
}