{
  "Plan": {
    "Node Type": "Aggregate",
    "Strategy": "Plain",
    "Partial Mode": "Finalize",
    "Parallel Aware": false,
    "Startup Cost": 576698.2,
    "Total Cost": 576698.21,
    "Plan Rows": 1,
    "Plan Width": 8,
    "Actual Startup Time": 2746.707,
    "Actual Total Time": 2807.409,
    "Actual Rows": 1,
    "Actual Loops": 1,
    "Plans": [
      {
        "Node Type": "Gather",
        "Parent Relationship": "Outer",
        "Parallel Aware": false,
        "Startup Cost": 576698.08,
        "Total Cost": 576698.19,
        "Plan Rows": 1,
        "Plan Width": 8,
        "Actual Startup Time": 2746.559,
        "Actual Total Time": 2807.401,
        "Actual Rows": 2,
        "Actual Loops": 1,
        "Workers Planned": 1,
        "Workers Launched": 1,
        "Single Copy": false,
        "Plans": [
          {
            "Node Type": "Aggregate",
            "Strategy": "Plain",
            "Partial Mode": "Partial",
            "Parent Relationship": "Outer",
            "Parallel Aware": false,
            "Startup Cost": 575698.08,
            "Total Cost": 575698.09,
            "Plan Rows": 1,
            "Plan Width": 8,
            "Actual Startup Time": 2742.002,
            "Actual Total Time": 2742.005,
            "Actual Rows": 1,
            "Actual Loops": 2,
            "Plans": [
              {
                "Node Type": "Hash Join",
                "Parent Relationship": "Outer",
                "Parallel Aware": true,
                "Join Type": "Inner",
                "Startup Cost": 53750.43,
                "Total Cost": 575483.78,
                "Plan Rows": 85721,
                "Plan Width": 0,
                "Actual Startup Time": 96.266,
                "Actual Total Time": 2737.818,
                "Actual Rows": 66438,
                "Actual Loops": 2,
                "Inner Unique": true,
                "Hash Cond": "(ci.movie_id = t.id)",
                "Plans": [
                  {
                    "Node Type": "Seq Scan",
                    "Parent Relationship": "Outer",
                    "Parallel Aware": true,
                    "Relation Name": "cast_info",
                    "Alias": "ci",
                    "Startup Cost": 0.0,
                    "Total Cost": 465792.95,
                    "Plan Rows": 21310595,
                    "Plan Width": 4,
                    "Actual Startup Time": 0.014,
                    "Actual Total Time": 1309.684,
                    "Actual Rows": 18122172,
                    "Actual Loops": 2
                  },
                  {
                    "Node Type": "Hash",
                    "Parent Relationship": "Inner",
                    "Parallel Aware": true,
                    "Startup Cost": 53675.65,
                    "Total Cost": 53675.65,
                    "Plan Rows": 5982,
                    "Plan Width": 4,
                    "Actual Startup Time": 95.177,
                    "Actual Total Time": 95.179,
                    "Actual Rows": 3234,
                    "Actual Loops": 2,
                    "Hash Buckets": 16384,
                    "Original Hash Buckets": 16384,
                    "Hash Batches": 1,
                    "Original Hash Batches": 1,
                    "Peak Memory Usage": 416,
                    "Plans": [
                      {
                        "Node Type": "Bitmap Heap Scan",
                        "Parent Relationship": "Outer",
                        "Parallel Aware": true,
                        "Relation Name": "title",
                        "Alias": "t",
                        "Startup Cost": 11825.39,
                        "Total Cost": 53675.65,
                        "Plan Rows": 5982,
                        "Plan Width": 4,
                        "Actual Startup Time": 38.651,
                        "Actual Total Time": 93.996,
                        "Actual Rows": 3234,
                        "Actual Loops": 2,
                        "Recheck Cond": "(kind_id = 1)",
                        "Rows Removed by Index Recheck": 0,
                        "Filter": "(production_year = 1997)",
                        "Rows Removed by Filter": 328178,
                        "Exact Heap Blocks": 9405,
                        "Lossy Heap Blocks": 0,
                        "Plans": [
                          {
                            "Node Type": "Bitmap Index Scan",
                            "Parent Relationship": "Outer",
                            "Parallel Aware": false,
                            "Index Name": "kind_id_title",
                            "Startup Cost": 0.0,
                            "Total Cost": 11822.85,
                            "Plan Rows": 663256,
                            "Plan Width": 0,
                            "Actual Startup Time": 39.394,
                            "Actual Total Time": 39.394,
                            "Actual Rows": 662825,
                            "Actual Loops": 1,
                            "Index Cond": "(kind_id = 1)"
                          }
                        ]
                      }
                    ]
                  }
                ]
              }
            ]
          }
        ]
      }
    ]
  },
  "Planning Time": 0.403,
  "Triggers": [],
  "Execution Time": 2807.507
}