[
  {
    "Plan": {
      "Node Type": "Aggregate",
      "Strategy": "Plain",
      "Partial Mode": "Finalize",
      "Parallel Aware": false,
      "Startup Cost": 113366.41,
      "Total Cost": 113366.42,
      "Plan Rows": 1,
      "Plan Width": 8,
      "Actual Startup Time": 254.081,
      "Actual Total Time": 274.063,
      "Actual Rows": 1,
      "Actual Loops": 1,
      "Plans": [
        {
          "Node Type": "Gather",
          "Parent Relationship": "Outer",
          "Parallel Aware": false,
          "Startup Cost": 113366.09,
          "Total Cost": 113366.4,
          "Plan Rows": 3,
          "Plan Width": 8,
          "Actual Startup Time": 253.472,
          "Actual Total Time": 274.054,
          "Actual Rows": 4,
          "Actual Loops": 1,
          "Workers Planned": 3,
          "Workers Launched": 3,
          "Single Copy": false,
          "Plans": [
            {
              "Node Type": "Aggregate",
              "Strategy": "Plain",
              "Partial Mode": "Partial",
              "Parent Relationship": "Outer",
              "Parallel Aware": false,
              "Startup Cost": 112366.09,
              "Total Cost": 112366.1,
              "Plan Rows": 1,
              "Plan Width": 8,
              "Actual Startup Time": 249.574,
              "Actual Total Time": 249.579,
              "Actual Rows": 1,
              "Actual Loops": 4,
              "Plans": [
                {
                  "Node Type": "Nested Loop",
                  "Parent Relationship": "Outer",
                  "Parallel Aware": false,
                  "Join Type": "Inner",
                  "Startup Cost": 45935.4,
                  "Total Cost": 112277.25,
                  "Plan Rows": 35535,
                  "Plan Width": 0,
                  "Actual Startup Time": 96.57,
                  "Actual Total Time": 249.124,
                  "Actual Rows": 8907,
                  "Actual Loops": 4,
                  "Inner Unique": false,
                  "Join Filter": "(t.id = mc.movie_id)",
                  "Rows Removed by Join Filter": 0,
                  "Plans": [
                    {
                      "Node Type": "Hash Join",
                      "Parent Relationship": "Outer",
                      "Parallel Aware": true,
                      "Join Type": "Inner",
                      "Startup Cost": 45934.97,
                      "Total Cost": 90199.03,
                      "Plan Rows": 34436,
                      "Plan Width": 8,
                      "Actual Startup Time": 96.379,
                      "Actual Total Time": 235.294,
                      "Actual Rows": 4008,
                      "Actual Loops": 4,
                      "Inner Unique": true,
                      "Hash Cond": "(mk.movie_id = t.id)",
                      "Plans": [
                        {
                          "Node Type": "Seq Scan",
                          "Parent Relationship": "Outer",
                          "Parallel Aware": true,
                          "Relation Name": "movie_keyword",
                          "Alias": "mk",
                          "Startup Cost": 0.0,
                          "Total Cost": 42695.65,
                          "Plan Rows": 597488,
                          "Plan Width": 4,
                          "Actual Startup Time": 0.456,
                          "Actual Total Time": 103.32,
                          "Actual Rows": 460746,
                          "Actual Loops": 4,
                          "Filter": "(keyword_id > 7535)",
                          "Rows Removed by Filter": 670237
                        },
                        {
                          "Node Type": "Hash",
                          "Parent Relationship": "Inner",
                          "Parallel Aware": true,
                          "Startup Cost": 45479.59,
                          "Total Cost": 45479.59,
                          "Plan Rows": 36431,
                          "Plan Width": 4,
                          "Actual Startup Time": 94.702,
                          "Actual Total Time": 94.703,
                          "Actual Rows": 13356,
                          "Actual Loops": 4,
                          "Hash Buckets": 262144,
                          "Original Hash Buckets": 262144,
                          "Hash Batches": 1,
                          "Original Hash Batches": 1,
                          "Peak Memory Usage": 4224,
                          "Plans": [
                            {
                              "Node Type": "Seq Scan",
                              "Parent Relationship": "Outer",
                              "Parallel Aware": true,
                              "Relation Name": "title",
                              "Alias": "t",
                              "Startup Cost": 0.0,
                              "Total Cost": 45479.59,
                              "Plan Rows": 36431,
                              "Plan Width": 4,
                              "Actual Startup Time": 0.021,
                              "Actual Total Time": 88.165,
                              "Actual Rows": 13356,
                              "Actual Loops": 4,
                              "Filter": "((production_year < 1961) AND (kind_id = 7))",
                              "Rows Removed by Filter": 618722
                            }
                          ]
                        }
                      ]
                    },
                    {
                      "Node Type": "Index Only Scan",
                      "Parent Relationship": "Inner",
                      "Parallel Aware": false,
                      "Scan Direction": "Forward",
                      "Index Name": "movie_id_movie_companies",
                      "Relation Name": "movie_companies",
                      "Alias": "mc",
                      "Startup Cost": 0.43,
                      "Total Cost": 0.58,
                      "Plan Rows": 5,
                      "Plan Width": 4,
                      "Actual Startup Time": 0.002,
                      "Actual Total Time": 0.003,
                      "Actual Rows": 2,
                      "Actual Loops": 16032,
                      "Index Cond": "(movie_id = mk.movie_id)",
                      "Rows Removed by Index Recheck": 0,
                      "Heap Fetches": 35627
                    }
                  ]
                }
              ]
            }
          ]
        }
      ]
    },
    "Planning Time": 0.542,
    "Triggers": [],
    "Execution Time": 274.111
  }
]