[
  {
    "Plan": {
      "Node Type": "Aggregate",
      "Strategy": "Plain",
      "Partial Mode": "Finalize",
      "Parallel Aware": false,
      "Startup Cost": 60611.91,
      "Total Cost": 60611.92,
      "Plan Rows": 1,
      "Plan Width": 8,
      "Actual Startup Time": 164.97,
      "Actual Total Time": 180.537,
      "Actual Rows": 1,
      "Actual Loops": 1,
      "Plans": [
        {
          "Node Type": "Gather",
          "Parent Relationship": "Outer",
          "Parallel Aware": false,
          "Startup Cost": 60611.7,
          "Total Cost": 60611.91,
          "Plan Rows": 2,
          "Plan Width": 8,
          "Actual Startup Time": 164.68,
          "Actual Total Time": 180.53,
          "Actual Rows": 3,
          "Actual Loops": 1,
          "Workers Planned": 2,
          "Workers Launched": 2,
          "Single Copy": false,
          "Plans": [
            {
              "Node Type": "Aggregate",
              "Strategy": "Plain",
              "Partial Mode": "Partial",
              "Parent Relationship": "Outer",
              "Parallel Aware": false,
              "Startup Cost": 59611.7,
              "Total Cost": 59611.71,
              "Plan Rows": 1,
              "Plan Width": 8,
              "Actual Startup Time": 161.336,
              "Actual Total Time": 161.341,
              "Actual Rows": 1,
              "Actual Loops": 3,
              "Plans": [
                {
                  "Node Type": "Hash Join",
                  "Parent Relationship": "Outer",
                  "Parallel Aware": true,
                  "Join Type": "Inner",
                  "Startup Cost": 43985.72,
                  "Total Cost": 59606.51,
                  "Plan Rows": 2075,
                  "Plan Width": 0,
                  "Actual Startup Time": 126.236,
                  "Actual Total Time": 161.251,
                  "Actual Rows": 1115,
                  "Actual Loops": 3,
                  "Inner Unique": true,
                  "Hash Cond": "(mi_idx.movie_id = t.id)",
                  "Plans": [
                    {
                      "Node Type": "Seq Scan",
                      "Parent Relationship": "Outer",
                      "Parallel Aware": true,
                      "Relation Name": "movie_info_idx",
                      "Alias": "mi_idx",
                      "Startup Cost": 0.0,
                      "Total Cost": 15122.68,
                      "Plan Rows": 189755,
                      "Plan Width": 4,
                      "Actual Startup Time": 0.011,
                      "Actual Total Time": 40.072,
                      "Actual Rows": 153308,
                      "Actual Loops": 3,
                      "Filter": "(info_type_id < 100)",
                      "Rows Removed by Filter": 306703
                    },
                    {
                      "Node Type": "Hash",
                      "Parent Relationship": "Inner",
                      "Parallel Aware": true,
                      "Startup Cost": 43899.32,
                      "Total Cost": 43899.32,
                      "Plan Rows": 6912,
                      "Plan Width": 4,
                      "Actual Startup Time": 103.219,
                      "Actual Total Time": 103.22,
                      "Actual Rows": 9702,
                      "Actual Loops": 3,
                      "Hash Buckets": 32768,
                      "Original Hash Buckets": 32768,
                      "Hash Batches": 1,
                      "Original Hash Batches": 1,
                      "Peak Memory Usage": 1440,
                      "Plans": [
                        {
                          "Node Type": "Seq Scan",
                          "Parent Relationship": "Outer",
                          "Parallel Aware": true,
                          "Relation Name": "title",
                          "Alias": "t",
                          "Startup Cost": 0.0,
                          "Total Cost": 43899.32,
                          "Plan Rows": 6912,
                          "Plan Width": 4,
                          "Actual Startup Time": 56.863,
                          "Actual Total Time": 100.182,
                          "Actual Rows": 9702,
                          "Actual Loops": 3,
                          "Filter": "(production_year < 1911)",
                          "Rows Removed by Filter": 833069
                        }
                      ]
                    }
                  ]
                }
              ]
            }
          ]
        }
      ]
    },
    "Planning Time": 0.28,
    "Triggers": [],
    "Execution Time": 180.575
  }
]