[
  {
    "Plan": {
      "Node Type": "Aggregate",
      "Strategy": "Plain",
      "Partial Mode": "Simple",
      "Parallel Aware": false,
      "Startup Cost": 16795.33,
      "Total Cost": 16795.34,
      "Plan Rows": 1,
      "Plan Width": 8,
      "Actual Startup Time": 14.449,
      "Actual Total Time": 14.45,
      "Actual Rows": 1,
      "Actual Loops": 1,
      "Plans": [
        {
          "Node Type": "Bitmap Heap Scan",
          "Parent Relationship": "Outer",
          "Parallel Aware": false,
          "Relation Name": "movie_companies",
          "Alias": "mc",
          "Startup Cost": 222.71,
          "Total Cost": 16782.22,
          "Plan Rows": 5245,
          "Plan Width": 0,
          "Actual Startup Time": 10.304,
          "Actual Total Time": 14.179,
          "Actual Rows": 3040,
          "Actual Loops": 1,
          "Recheck Cond": "(company_id = 2561)",
          "Rows Removed by Index Recheck": 0,
          "Filter": "(company_type_id = 2)",
          "Rows Removed by Filter": 7120,
          "Exact Heap Blocks": 5416,
          "Lossy Heap Blocks": 0,
          "Plans": [
            {
              "Node Type": "Bitmap Index Scan",
              "Parent Relationship": "Outer",
              "Parallel Aware": false,
              "Index Name": "company_id_movie_companies",
              "Startup Cost": 0.0,
              "Total Cost": 221.4,
              "Plan Rows": 10263,
              "Plan Width": 0,
              "Actual Startup Time": 1.736,
              "Actual Total Time": 1.737,
              "Actual Rows": 10160,
              "Actual Loops": 1,
              "Index Cond": "(company_id = 2561)"
            }
          ]
        }
      ]
    },
    "Planning Time": 0.216,
    "Triggers": [],
    "Execution Time": 14.515
  }
]