[
  {
    "Plan": {
      "Node Type": "Aggregate",
      "Strategy": "Plain",
      "Partial Mode": "Finalize",
      "Parallel Aware": false,
      "Startup Cost": 106483.86,
      "Total Cost": 106483.87,
      "Plan Rows": 1,
      "Plan Width": 8,
      "Actual Startup Time": 456.426,
      "Actual Total Time": 475.902,
      "Actual Rows": 1,
      "Actual Loops": 1,
      "Plans": [
        {
          "Node Type": "Gather",
          "Parent Relationship": "Outer",
          "Parallel Aware": false,
          "Startup Cost": 106483.65,
          "Total Cost": 106483.86,
          "Plan Rows": 2,
          "Plan Width": 8,
          "Actual Startup Time": 455.301,
          "Actual Total Time": 475.893,
          "Actual Rows": 3,
          "Actual Loops": 1,
          "Workers Planned": 2,
          "Workers Launched": 2,
          "Single Copy": false,
          "Plans": [
            {
              "Node Type": "Aggregate",
              "Strategy": "Plain",
              "Partial Mode": "Partial",
              "Parent Relationship": "Outer",
              "Parallel Aware": false,
              "Startup Cost": 105483.65,
              "Total Cost": 105483.66,
              "Plan Rows": 1,
              "Plan Width": 8,
              "Actual Startup Time": 447.829,
              "Actual Total Time": 447.909,
              "Actual Rows": 1,
              "Actual Loops": 3,
              "Plans": [
                {
                  "Node Type": "Hash Join",
                  "Parent Relationship": "Outer",
                  "Parallel Aware": true,
                  "Join Type": "Inner",
                  "Startup Cost": 89405.98,
                  "Total Cost": 105380.51,
                  "Plan Rows": 41255,
                  "Plan Width": 0,
                  "Actual Startup Time": 392.404,
                  "Actual Total Time": 443.336,
                  "Actual Rows": 111469,
                  "Actual Loops": 3,
                  "Inner Unique": false,
                  "Hash Cond": "(mi_idx.movie_id = t.id)",
                  "Plans": [
                    {
                      "Node Type": "Seq Scan",
                      "Parent Relationship": "Outer",
                      "Parallel Aware": true,
                      "Relation Name": "movie_info_idx",
                      "Alias": "mi_idx",
                      "Startup Cost": 0.0,
                      "Total Cost": 13685.15,
                      "Plan Rows": 575015,
                      "Plan Width": 4,
                      "Actual Startup Time": 0.015,
                      "Actual Total Time": 37.962,
                      "Actual Rows": 460012,
                      "Actual Loops": 3
                    },
                    {
                      "Node Type": "Hash",
                      "Parent Relationship": "Inner",
                      "Parallel Aware": true,
                      "Startup Cost": 88674.5,
                      "Total Cost": 88674.5,
                      "Plan Rows": 58518,
                      "Plan Width": 8,
                      "Actual Startup Time": 358.462,
                      "Actual Total Time": 358.54,
                      "Actual Rows": 54780,
                      "Actual Loops": 3,
                      "Hash Buckets": 262144,
                      "Original Hash Buckets": 262144,
                      "Hash Batches": 1,
                      "Original Hash Batches": 1,
                      "Peak Memory Usage": 8544,
                      "Plans": [
                        {
                          "Node Type": "Hash Join",
                          "Parent Relationship": "Outer",
                          "Parallel Aware": true,
                          "Join Type": "Inner",
                          "Startup Cost": 45796.42,
                          "Total Cost": 88674.5,
                          "Plan Rows": 58518,
                          "Plan Width": 8,
                          "Actual Startup Time": 163.578,
                          "Actual Total Time": 348.105,
                          "Actual Rows": 54780,
                          "Actual Loops": 3,
                          "Inner Unique": true,
                          "Hash Cond": "(mk.movie_id = t.id)",
                          "Plans": [
                            {
                              "Node Type": "Seq Scan",
                              "Parent Relationship": "Outer",
                              "Parallel Aware": true,
                              "Relation Name": "movie_keyword",
                              "Alias": "mk",
                              "Startup Cost": 0.0,
                              "Total Cost": 39047.32,
                              "Plan Rows": 1459332,
                              "Plan Width": 4,
                              "Actual Startup Time": 0.024,
                              "Actual Total Time": 112.994,
                              "Actual Rows": 1507977,
                              "Actual Loops": 3
                            },
                            {
                              "Node Type": "Hash",
                              "Parent Relationship": "Inner",
                              "Parallel Aware": true,
                              "Startup Cost": 45479.59,
                              "Total Cost": 45479.59,
                              "Plan Rows": 25347,
                              "Plan Width": 4,
                              "Actual Startup Time": 119.431,
                              "Actual Total Time": 119.433,
                              "Actual Rows": 32997,
                              "Actual Loops": 3,
                              "Hash Buckets": 131072,
                              "Original Hash Buckets": 131072,
                              "Hash Batches": 1,
                              "Original Hash Batches": 1,
                              "Peak Memory Usage": 4960,
                              "Plans": [
                                {
                                  "Node Type": "Seq Scan",
                                  "Parent Relationship": "Outer",
                                  "Parallel Aware": true,
                                  "Relation Name": "title",
                                  "Alias": "t",
                                  "Startup Cost": 0.0,
                                  "Total Cost": 45479.59,
                                  "Plan Rows": 25347,
                                  "Plan Width": 4,
                                  "Actual Startup Time": 45.397,
                                  "Actual Total Time": 110.011,
                                  "Actual Rows": 32997,
                                  "Actual Loops": 3,
                                  "Filter": "((production_year > 2010) AND (kind_id = 1))",
                                  "Rows Removed by Filter": 809773
                                }
                              ]
                            }
                          ]
                        }
                      ]
                    }
                  ]
                }
              ]
            }
          ]
        }
      ]
    },
    "Planning Time": 0.62,
    "Triggers": [],
    "Execution Time": 475.946
  }
]