[
  {
    "Plan": {
      "Node Type": "Aggregate",
      "Strategy": "Plain",
      "Partial Mode": "Finalize",
      "Parallel Aware": false,
      "Startup Cost": 31456.39,
      "Total Cost": 31456.4,
      "Plan Rows": 1,
      "Plan Width": 8,
      "Actual Startup Time": 113.793,
      "Actual Total Time": 120.579,
      "Actual Rows": 1,
      "Actual Loops": 1,
      "Plans": [
        {
          "Node Type": "Gather",
          "Parent Relationship": "Outer",
          "Parallel Aware": false,
          "Startup Cost": 31456.07,
          "Total Cost": 31456.38,
          "Plan Rows": 3,
          "Plan Width": 8,
          "Actual Startup Time": 113.476,
          "Actual Total Time": 120.56,
          "Actual Rows": 4,
          "Actual Loops": 1,
          "Workers Planned": 3,
          "Workers Launched": 3,
          "Single Copy": false,
          "Plans": [
            {
              "Node Type": "Aggregate",
              "Strategy": "Plain",
              "Partial Mode": "Partial",
              "Parent Relationship": "Outer",
              "Parallel Aware": false,
              "Startup Cost": 30456.07,
              "Total Cost": 30456.08,
              "Plan Rows": 1,
              "Plan Width": 8,
              "Actual Startup Time": 106.985,
              "Actual Total Time": 106.986,
              "Actual Rows": 1,
              "Actual Loops": 4,
              "Plans": [
                {
                  "Node Type": "Seq Scan",
                  "Parent Relationship": "Outer",
                  "Parallel Aware": true,
                  "Relation Name": "movie_companies",
                  "Alias": "mc",
                  "Startup Cost": 0.0,
                  "Total Cost": 29310.68,
                  "Plan Rows": 458155,
                  "Plan Width": 0,
                  "Actual Startup Time": 14.227,
                  "Actual Total Time": 87.864,
                  "Actual Rows": 352704,
                  "Actual Loops": 4,
                  "Filter": "(company_id > 10762)",
                  "Rows Removed by Filter": 299579
                }
              ]
            }
          ]
        }
      ]
    },
    "Planning Time": 0.112,
    "Triggers": [],
    "Execution Time": 120.616
  }
]