[
  {
    "Plan": {
      "Node Type": "Aggregate",
      "Strategy": "Plain",
      "Partial Mode": "Finalize",
      "Parallel Aware": false,
      "Startup Cost": 396974.66,
      "Total Cost": 396974.67,
      "Plan Rows": 1,
      "Plan Width": 8,
      "Actual Startup Time": 2296.855,
      "Actual Total Time": 2360.03,
      "Actual Rows": 1,
      "Actual Loops": 1,
      "Plans": [
        {
          "Node Type": "Gather",
          "Parent Relationship": "Outer",
          "Parallel Aware": false,
          "Startup Cost": 396974.04,
          "Total Cost": 396974.65,
          "Plan Rows": 6,
          "Plan Width": 8,
          "Actual Startup Time": 2280.384,
          "Actual Total Time": 2360.021,
          "Actual Rows": 7,
          "Actual Loops": 1,
          "Workers Planned": 6,
          "Workers Launched": 6,
          "Single Copy": false,
          "Plans": [
            {
              "Node Type": "Aggregate",
              "Strategy": "Plain",
              "Partial Mode": "Partial",
              "Parent Relationship": "Outer",
              "Parallel Aware": false,
              "Startup Cost": 395974.04,
              "Total Cost": 395974.05,
              "Plan Rows": 1,
              "Plan Width": 8,
              "Actual Startup Time": 2264.117,
              "Actual Total Time": 2264.12,
              "Actual Rows": 1,
              "Actual Loops": 7,
              "Plans": [
                {
                  "Node Type": "Hash Join",
                  "Parent Relationship": "Outer",
                  "Parallel Aware": true,
                  "Join Type": "Inner",
                  "Startup Cost": 49901.48,
                  "Total Cost": 388455.15,
                  "Plan Rows": 3007555,
                  "Plan Width": 0,
                  "Actual Startup Time": 412.381,
                  "Actual Total Time": 2154.837,
                  "Actual Rows": 2500265,
                  "Actual Loops": 7,
                  "Inner Unique": true,
                  "Hash Cond": "(ci.movie_id = t.id)",
                  "Plans": [
                    {
                      "Node Type": "Seq Scan",
                      "Parent Relationship": "Outer",
                      "Parallel Aware": true,
                      "Relation Name": "cast_info",
                      "Alias": "ci",
                      "Startup Cost": 0.0,
                      "Total Cost": 328162.03,
                      "Plan Rows": 3958715,
                      "Plan Width": 4,
                      "Actual Startup Time": 195.392,
                      "Actual Total Time": 667.73,
                      "Actual Rows": 3367665,
                      "Actual Loops": 7,
                      "Filter": "(role_id > 1)",
                      "Rows Removed by Filter": 1810098
                    },
                    {
                      "Node Type": "Hash",
                      "Parent Relationship": "Inner",
                      "Parallel Aware": true,
                      "Startup Cost": 43898.92,
                      "Total Cost": 43898.92,
                      "Plan Rows": 480205,
                      "Plan Width": 4,
                      "Actual Startup Time": 211.99,
                      "Actual Total Time": 211.991,
                      "Actual Rows": 274693,
                      "Actual Loops": 7,
                      "Hash Buckets": 2097152,
                      "Original Hash Buckets": 2097152,
                      "Hash Batches": 1,
                      "Original Hash Batches": 1,
                      "Peak Memory Usage": 91808,
                      "Plans": [
                        {
                          "Node Type": "Seq Scan",
                          "Parent Relationship": "Outer",
                          "Parallel Aware": true,
                          "Relation Name": "title",
                          "Alias": "t",
                          "Startup Cost": 0.0,
                          "Total Cost": 43898.92,
                          "Plan Rows": 480205,
                          "Plan Width": 4,
                          "Actual Startup Time": 0.042,
                          "Actual Total Time": 83.439,
                          "Actual Rows": 274693,
                          "Actual Loops": 7,
                          "Filter": "(production_year < 2010)",
                          "Rows Removed by Filter": 86495
                        }
                      ]
                    }
                  ]
                }
              ]
            }
          ]
        }
      ]
    },
    "Planning Time": 0.483,
    "Triggers": [],
    "Execution Time": 2360.12
  }
]