[
  {
    "Plan": {
      "Node Type": "Aggregate",
      "Strategy": "Plain",
      "Partial Mode": "Finalize",
      "Parallel Aware": false,
      "Startup Cost": 77370.96,
      "Total Cost": 77370.97,
      "Plan Rows": 1,
      "Plan Width": 8,
      "Actual Startup Time": 227.968,
      "Actual Total Time": 240.705,
      "Actual Rows": 1,
      "Actual Loops": 1,
      "Plans": [
        {
          "Node Type": "Gather",
          "Parent Relationship": "Outer",
          "Parallel Aware": false,
          "Startup Cost": 77370.64,
          "Total Cost": 77370.95,
          "Plan Rows": 3,
          "Plan Width": 8,
          "Actual Startup Time": 226.417,
          "Actual Total Time": 240.69,
          "Actual Rows": 4,
          "Actual Loops": 1,
          "Workers Planned": 3,
          "Workers Launched": 3,
          "Single Copy": false,
          "Plans": [
            {
              "Node Type": "Aggregate",
              "Strategy": "Plain",
              "Partial Mode": "Partial",
              "Parent Relationship": "Outer",
              "Parallel Aware": false,
              "Startup Cost": 76370.64,
              "Total Cost": 76370.65,
              "Plan Rows": 1,
              "Plan Width": 8,
              "Actual Startup Time": 217.089,
              "Actual Total Time": 217.098,
              "Actual Rows": 1,
              "Actual Loops": 4,
              "Plans": [
                {
                  "Node Type": "Nested Loop",
                  "Parent Relationship": "Outer",
                  "Parallel Aware": false,
                  "Join Type": "Inner",
                  "Startup Cost": 20005.86,
                  "Total Cost": 76353.46,
                  "Plan Rows": 6871,
                  "Plan Width": 0,
                  "Actual Startup Time": 99.537,
                  "Actual Total Time": 215.537,
                  "Actual Rows": 24266,
                  "Actual Loops": 4,
                  "Inner Unique": true,
                  "Plans": [
                    {
                      "Node Type": "Hash Join",
                      "Parent Relationship": "Outer",
                      "Parallel Aware": true,
                      "Join Type": "Inner",
                      "Startup Cost": 20005.43,
                      "Total Cost": 45226.59,
                      "Plan Rows": 37145,
                      "Plan Width": 8,
                      "Actual Startup Time": 99.457,
                      "Actual Total Time": 138.654,
                      "Actual Rows": 24266,
                      "Actual Loops": 4,
                      "Inner Unique": false,
                      "Hash Cond": "(mk.movie_id = mi_idx.movie_id)",
                      "Plans": [
                        {
                          "Node Type": "Bitmap Heap Scan",
                          "Parent Relationship": "Outer",
                          "Parallel Aware": true,
                          "Relation Name": "movie_keyword",
                          "Alias": "mk",
                          "Startup Cost": 2481.83,
                          "Total Cost": 27406.89,
                          "Plan Rows": 37685,
                          "Plan Width": 4,
                          "Actual Startup Time": 12.718,
                          "Actual Total Time": 39.119,
                          "Actual Rows": 28836,
                          "Actual Loops": 4,
                          "Recheck Cond": "(keyword_id > 79017)",
                          "Rows Removed by Index Recheck": 0,
                          "Exact Heap Blocks": 5857,
                          "Lossy Heap Blocks": 0,
                          "Plans": [
                            {
                              "Node Type": "Bitmap Index Scan",
                              "Parent Relationship": "Outer",
                              "Parallel Aware": false,
                              "Index Name": "keyword_id_movie_keyword",
                              "Startup Cost": 0.0,
                              "Total Cost": 2452.62,
                              "Plan Rows": 116825,
                              "Plan Width": 0,
                              "Actual Startup Time": 9.974,
                              "Actual Total Time": 9.974,
                              "Actual Rows": 115342,
                              "Actual Loops": 1,
                              "Index Cond": "(keyword_id > 79017)"
                            }
                          ]
                        },
                        {
                          "Node Type": "Hash",
                          "Parent Relationship": "Inner",
                          "Parallel Aware": true,
                          "Startup Cost": 15122.68,
                          "Total Cost": 15122.68,
                          "Plan Rows": 192074,
                          "Plan Width": 4,
                          "Actual Startup Time": 83.694,
                          "Actual Total Time": 83.699,
                          "Actual Rows": 115046,
                          "Actual Loops": 4,
                          "Hash Buckets": 524288,
                          "Original Hash Buckets": 524288,
                          "Hash Batches": 1,
                          "Original Hash Batches": 1,
                          "Peak Memory Usage": 22176,
                          "Plans": [
                            {
                              "Node Type": "Seq Scan",
                              "Parent Relationship": "Outer",
                              "Parallel Aware": true,
                              "Relation Name": "movie_info_idx",
                              "Alias": "mi_idx",
                              "Startup Cost": 0.0,
                              "Total Cost": 15122.68,
                              "Plan Rows": 192074,
                              "Plan Width": 4,
                              "Actual Startup Time": 0.059,
                              "Actual Total Time": 43.939,
                              "Actual Rows": 115046,
                              "Actual Loops": 4,
                              "Filter": "(info_type_id > 100)",
                              "Rows Removed by Filter": 229962
                            }
                          ]
                        }
                      ]
                    },
                    {
                      "Node Type": "Index Only Scan",
                      "Parent Relationship": "Inner",
                      "Parallel Aware": false,
                      "Scan Direction": "Forward",
                      "Index Name": "title_pkey",
                      "Relation Name": "title",
                      "Alias": "t",
                      "Startup Cost": 0.43,
                      "Total Cost": 0.84,
                      "Plan Rows": 1,
                      "Plan Width": 4,
                      "Actual Startup Time": 0.003,
                      "Actual Total Time": 0.003,
                      "Actual Rows": 1,
                      "Actual Loops": 97065,
                      "Index Cond": "(id = mi_idx.movie_id)",
                      "Rows Removed by Index Recheck": 0,
                      "Heap Fetches": 97065
                    }
                  ]
                }
              ]
            }
          ]
        }
      ]
    },
    "Planning Time": 1.329,
    "Triggers": [],
    "Execution Time": 240.877
  }
]