[
  {
    "Plan": {
      "Node Type": "Aggregate",
      "Strategy": "Plain",
      "Partial Mode": "Finalize",
      "Parallel Aware": false,
      "Startup Cost": 43906.29,
      "Total Cost": 43906.3,
      "Plan Rows": 1,
      "Plan Width": 8,
      "Actual Startup Time": 64.792,
      "Actual Total Time": 70.594,
      "Actual Rows": 1,
      "Actual Loops": 1,
      "Plans": [
        {
          "Node Type": "Gather",
          "Parent Relationship": "Outer",
          "Parallel Aware": false,
          "Startup Cost": 43905.87,
          "Total Cost": 43906.28,
          "Plan Rows": 4,
          "Plan Width": 8,
          "Actual Startup Time": 64.508,
          "Actual Total Time": 70.586,
          "Actual Rows": 5,
          "Actual Loops": 1,
          "Workers Planned": 4,
          "Workers Launched": 4,
          "Single Copy": false,
          "Plans": [
            {
              "Node Type": "Aggregate",
              "Strategy": "Plain",
              "Partial Mode": "Partial",
              "Parent Relationship": "Outer",
              "Parallel Aware": false,
              "Startup Cost": 42905.87,
              "Total Cost": 42905.88,
              "Plan Rows": 1,
              "Plan Width": 8,
              "Actual Startup Time": 54.868,
              "Actual Total Time": 54.869,
              "Actual Rows": 1,
              "Actual Loops": 5,
              "Plans": [
                {
                  "Node Type": "Nested Loop",
                  "Parent Relationship": "Outer",
                  "Parallel Aware": false,
                  "Join Type": "Inner",
                  "Startup Cost": 2181.59,
                  "Total Cost": 42905.3,
                  "Plan Rows": 229,
                  "Plan Width": 0,
                  "Actual Startup Time": 17.469,
                  "Actual Total Time": 54.799,
                  "Actual Rows": 234,
                  "Actual Loops": 5,
                  "Inner Unique": false,
                  "Plans": [
                    {
                      "Node Type": "Bitmap Heap Scan",
                      "Parent Relationship": "Outer",
                      "Parallel Aware": true,
                      "Relation Name": "title",
                      "Alias": "t",
                      "Startup Cost": 2181.16,
                      "Total Cost": 38637.41,
                      "Plan Rows": 222,
                      "Plan Width": 4,
                      "Actual Startup Time": 16.411,
                      "Actual Total Time": 49.642,
                      "Actual Rows": 182,
                      "Actual Loops": 5,
                      "Recheck Cond": "(kind_id = 4)",
                      "Rows Removed by Index Recheck": 0,
                      "Filter": "(production_year = 1987)",
                      "Rows Removed by Filter": 23465,
                      "Exact Heap Blocks": 6377,
                      "Lossy Heap Blocks": 0,
                      "Plans": [
                        {
                          "Node Type": "Bitmap Index Scan",
                          "Parent Relationship": "Outer",
                          "Parallel Aware": false,
                          "Index Name": "kind_id_title",
                          "Startup Cost": 0.0,
                          "Total Cost": 2180.94,
                          "Plan Rows": 122201,
                          "Plan Width": 0,
                          "Actual Startup Time": 19.612,
                          "Actual Total Time": 19.613,
                          "Actual Rows": 118234,
                          "Actual Loops": 1,
                          "Index Cond": "(kind_id = 4)"
                        }
                      ]
                    },
                    {
                      "Node Type": "Index Only Scan",
                      "Parent Relationship": "Inner",
                      "Parallel Aware": false,
                      "Scan Direction": "Forward",
                      "Index Name": "movie_id_movie_companies",
                      "Relation Name": "movie_companies",
                      "Alias": "mc",
                      "Startup Cost": 0.43,
                      "Total Cost": 19.17,
                      "Plan Rows": 5,
                      "Plan Width": 4,
                      "Actual Startup Time": 0.024,
                      "Actual Total Time": 0.027,
                      "Actual Rows": 1,
                      "Actual Loops": 910,
                      "Index Cond": "(movie_id = t.id)",
                      "Rows Removed by Index Recheck": 0,
                      "Heap Fetches": 1170
                    }
                  ]
                }
              ]
            }
          ]
        }
      ]
    },
    "Planning Time": 0.69,
    "Triggers": [],
    "Execution Time": 70.687
  }
]