[
    {
        "Bao": {
            "Bao prediction": "NaN",
            "Bao recommended hint": "(no hint)"
        }
    },
    {
        "Plan": {
            "Node Type": "Aggregate",
            "Strategy": "Plain",
            "Partial Mode": "Finalize",
            "Parallel Aware": false,
            "Startup Cost": 127162.54,
            "Total Cost": 127162.55,
            "Plan Rows": 1,
            "Plan Width": 8,
            "Actual Startup Time": 235.442,
            "Actual Total Time": 245.565,
            "Actual Rows": 1,
            "Actual Loops": 1,
            "Output": [
                "count(*)"
            ],
            "Plans": [
                {
                    "Node Type": "Gather",
                    "Parent Relationship": "Outer",
                    "Parallel Aware": false,
                    "Startup Cost": 127162.02,
                    "Total Cost": 127162.53,
                    "Plan Rows": 5,
                    "Plan Width": 8,
                    "Actual Startup Time": 235.429,
                    "Actual Total Time": 245.557,
                    "Actual Rows": 6,
                    "Actual Loops": 1,
                    "Output": [
                        "(PARTIAL count(*))"
                    ],
                    "Workers Planned": 5,
                    "Workers Launched": 5,
                    "Single Copy": false,
                    "Plans": [
                        {
                            "Node Type": "Aggregate",
                            "Strategy": "Plain",
                            "Partial Mode": "Partial",
                            "Parent Relationship": "Outer",
                            "Parallel Aware": false,
                            "Startup Cost": 126162.02,
                            "Total Cost": 126162.03,
                            "Plan Rows": 1,
                            "Plan Width": 8,
                            "Actual Startup Time": 225.216,
                            "Actual Total Time": 225.217,
                            "Actual Rows": 1,
                            "Actual Loops": 6,
                            "Output": [
                                "PARTIAL count(*)"
                            ],
                            "Workers": [
                                {
                                    "Worker Number": 0,
                                    "Actual Startup Time": 222.991,
                                    "Actual Total Time": 222.992,
                                    "Actual Rows": 1,
                                    "Actual Loops": 1
                                },
                                {
                                    "Worker Number": 1,
                                    "Actual Startup Time": 223.107,
                                    "Actual Total Time": 223.108,
                                    "Actual Rows": 1,
                                    "Actual Loops": 1
                                },
                                {
                                    "Worker Number": 2,
                                    "Actual Startup Time": 223.21,
                                    "Actual Total Time": 223.212,
                                    "Actual Rows": 1,
                                    "Actual Loops": 1
                                },
                                {
                                    "Worker Number": 3,
                                    "Actual Startup Time": 223.096,
                                    "Actual Total Time": 223.097,
                                    "Actual Rows": 1,
                                    "Actual Loops": 1
                                },
                                {
                                    "Worker Number": 4,
                                    "Actual Startup Time": 224.13,
                                    "Actual Total Time": 224.131,
                                    "Actual Rows": 1,
                                    "Actual Loops": 1
                                }
                            ],
                            "Plans": [
                                {
                                    "Node Type": "Index Scan",
                                    "Parent Relationship": "Outer",
                                    "Parallel Aware": true,
                                    "Scan Direction": "Forward",
                                    "Index Name": "role_id_cast_info",
                                    "Relation Name": "cast_info",
                                    "Schema": "public",
                                    "Alias": "ci",
                                    "Startup Cost": 0.56,
                                    "Total Cost": 123935.38,
                                    "Plan Rows": 890658,
                                    "Plan Width": 0,
                                    "Actual Startup Time": 0.177,
                                    "Actual Total Time": 192.448,
                                    "Actual Rows": 642004,
                                    "Actual Loops": 6,
                                    "Output": [
                                        "id",
                                        "person_id",
                                        "movie_id",
                                        "person_role_id",
                                        "note",
                                        "nr_order",
                                        "role_id"
                                    ],
                                    "Index Cond": "(ci.role_id > 9)",
                                    "Rows Removed by Index Recheck": 0,
                                    "Filter": "(ci.person_id < 3910773)",
                                    "Rows Removed by Filter": 131185,
                                    "Workers": [
                                        {
                                            "Worker Number": 0,
                                            "Actual Startup Time": 0.165,
                                            "Actual Total Time": 190.743,
                                            "Actual Rows": 673020,
                                            "Actual Loops": 1
                                        },
                                        {
                                            "Worker Number": 1,
                                            "Actual Startup Time": 0.332,
                                            "Actual Total Time": 191.241,
                                            "Actual Rows": 666039,
                                            "Actual Loops": 1
                                        },
                                        {
                                            "Worker Number": 2,
                                            "Actual Startup Time": 0.125,
                                            "Actual Total Time": 191.379,
                                            "Actual Rows": 659619,
                                            "Actual Loops": 1
                                        },
                                        {
                                            "Worker Number": 3,
                                            "Actual Startup Time": 0.215,
                                            "Actual Total Time": 191.42,
                                            "Actual Rows": 658734,
                                            "Actual Loops": 1
                                        },
                                        {
                                            "Worker Number": 4,
                                            "Actual Startup Time": 0.168,
                                            "Actual Total Time": 192.016,
                                            "Actual Rows": 660474,
                                            "Actual Loops": 1
                                        }
                                    ]
                                }
                            ]
                        }
                    ]
                }
            ]
        },
        "Planning Time": 270.287,
        "Triggers": [],
        "Execution Time": 245.653
    }
]