{
  "Plan": {
    "Node Type": "Aggregate",
    "Strategy": "Plain",
    "Partial Mode": "Finalize",
    "Parallel Aware": false,
    "Startup Cost": 98387.15,
    "Total Cost": 98387.16,
    "Plan Rows": 1,
    "Plan Width": 8,
    "Actual Startup Time": 226.892,
    "Actual Total Time": 247.007,
    "Actual Rows": 1,
    "Actual Loops": 1,
    "Plans": [
      {
        "Node Type": "Gather",
        "Parent Relationship": "Outer",
        "Parallel Aware": false,
        "Startup Cost": 98387.04,
        "Total Cost": 98387.15,
        "Plan Rows": 1,
        "Plan Width": 8,
        "Actual Startup Time": 226.228,
        "Actual Total Time": 246.999,
        "Actual Rows": 2,
        "Actual Loops": 1,
        "Workers Planned": 1,
        "Workers Launched": 1,
        "Single Copy": false,
        "Plans": [
          {
            "Node Type": "Aggregate",
            "Strategy": "Plain",
            "Partial Mode": "Partial",
            "Parent Relationship": "Outer",
            "Parallel Aware": false,
            "Startup Cost": 97387.04,
            "Total Cost": 97387.05,
            "Plan Rows": 1,
            "Plan Width": 8,
            "Actual Startup Time": 219.982,
            "Actual Total Time": 219.986,
            "Actual Rows": 1,
            "Actual Loops": 2,
            "Plans": [
              {
                "Node Type": "Nested Loop",
                "Parent Relationship": "Outer",
                "Parallel Aware": false,
                "Join Type": "Inner",
                "Startup Cost": 61296.5,
                "Total Cost": 97353.26,
                "Plan Rows": 13511,
                "Plan Width": 0,
                "Actual Startup Time": 179.458,
                "Actual Total Time": 219.523,
                "Actual Rows": 7414,
                "Actual Loops": 2,
                "Inner Unique": false,
                "Plans": [
                  {
                    "Node Type": "Hash Join",
                    "Parent Relationship": "Outer",
                    "Parallel Aware": true,
                    "Join Type": "Inner",
                    "Startup Cost": 61296.07,
                    "Total Cost": 87337.48,
                    "Plan Rows": 2311,
                    "Plan Width": 8,
                    "Actual Startup Time": 179.389,
                    "Actual Total Time": 199.714,
                    "Actual Rows": 835,
                    "Actual Loops": 2,
                    "Inner Unique": true,
                    "Hash Cond": "(mk.movie_id = t.id)",
                    "Plans": [
                      {
                        "Node Type": "Bitmap Heap Scan",
                        "Parent Relationship": "Outer",
                        "Parallel Aware": true,
                        "Relation Name": "movie_keyword",
                        "Alias": "mk",
                        "Startup Cost": 672.69,
                        "Total Cost": 26665.43,
                        "Plan Rows": 18539,
                        "Plan Width": 4,
                        "Actual Startup Time": 4.83,
                        "Actual Total Time": 20.512,
                        "Actual Rows": 14720,
                        "Actual Loops": 2,
                        "Recheck Cond": "(keyword_id = 359)",
                        "Rows Removed by Index Recheck": 0,
                        "Exact Heap Blocks": 9304,
                        "Lossy Heap Blocks": 0,
                        "Plans": [
                          {
                            "Node Type": "Bitmap Index Scan",
                            "Parent Relationship": "Outer",
                            "Parallel Aware": false,
                            "Index Name": "keyword_id_movie_keyword",
                            "Startup Cost": 0.0,
                            "Total Cost": 664.81,
                            "Plan Rows": 31517,
                            "Plan Width": 0,
                            "Actual Startup Time": 3.109,
                            "Actual Total Time": 3.11,
                            "Actual Rows": 29440,
                            "Actual Loops": 1,
                            "Index Cond": "(keyword_id = 359)"
                          }
                        ]
                      },
                      {
                        "Node Type": "Hash",
                        "Parent Relationship": "Inner",
                        "Parallel Aware": true,
                        "Startup Cost": 58306.47,
                        "Total Cost": 58306.47,
                        "Plan Rows": 185353,
                        "Plan Width": 4,
                        "Actual Startup Time": 169.122,
                        "Actual Total Time": 169.122,
                        "Actual Rows": 94652,
                        "Actual Loops": 2,
                        "Hash Buckets": 524288,
                        "Original Hash Buckets": 524288,
                        "Hash Batches": 1,
                        "Original Hash Batches": 1,
                        "Peak Memory Usage": 11520,
                        "Plans": [
                          {
                            "Node Type": "Seq Scan",
                            "Parent Relationship": "Outer",
                            "Parallel Aware": true,
                            "Relation Name": "title",
                            "Alias": "t",
                            "Startup Cost": 0.0,
                            "Total Cost": 58306.47,
                            "Plan Rows": 185353,
                            "Plan Width": 4,
                            "Actual Startup Time": 0.031,
                            "Actual Total Time": 143.645,
                            "Actual Rows": 94652,
                            "Actual Loops": 2,
                            "Filter": "((kind_id > 1) AND (production_year < 1975))",
                            "Rows Removed by Filter": 1169504
                          }
                        ]
                      }
                    ]
                  },
                  {
                    "Node Type": "Index Only Scan",
                    "Parent Relationship": "Inner",
                    "Parallel Aware": false,
                    "Scan Direction": "Forward",
                    "Index Name": "movie_id_movie_info",
                    "Relation Name": "movie_info",
                    "Alias": "mi",
                    "Startup Cost": 0.43,
                    "Total Cost": 3.91,
                    "Plan Rows": 42,
                    "Plan Width": 4,
                    "Actual Startup Time": 0.01,
                    "Actual Total Time": 0.023,
                    "Actual Rows": 9,
                    "Actual Loops": 1670,
                    "Index Cond": "(movie_id = t.id)",
                    "Rows Removed by Index Recheck": 0,
                    "Heap Fetches": 14827
                  }
                ]
              }
            ]
          }
        ]
      }
    ]
  },
  "Planning Time": 1.004,
  "Triggers": [],
  "Execution Time": 247.113
}