[
  {
    "Plan": {
      "Node Type": "Aggregate",
      "Strategy": "Plain",
      "Partial Mode": "Finalize",
      "Parallel Aware": false,
      "Startup Cost": 330914.41,
      "Total Cost": 330914.42,
      "Plan Rows": 1,
      "Plan Width": 8,
      "Actual Startup Time": 466.668,
      "Actual Total Time": 495.322,
      "Actual Rows": 1,
      "Actual Loops": 1,
      "Plans": [
        {
          "Node Type": "Gather",
          "Parent Relationship": "Outer",
          "Parallel Aware": false,
          "Startup Cost": 330913.78,
          "Total Cost": 330914.39,
          "Plan Rows": 6,
          "Plan Width": 8,
          "Actual Startup Time": 466.555,
          "Actual Total Time": 495.306,
          "Actual Rows": 7,
          "Actual Loops": 1,
          "Workers Planned": 6,
          "Workers Launched": 6,
          "Single Copy": false,
          "Plans": [
            {
              "Node Type": "Aggregate",
              "Strategy": "Plain",
              "Partial Mode": "Partial",
              "Parent Relationship": "Outer",
              "Parallel Aware": false,
              "Startup Cost": 329913.78,
              "Total Cost": 329913.79,
              "Plan Rows": 1,
              "Plan Width": 8,
              "Actual Startup Time": 459.448,
              "Actual Total Time": 459.45,
              "Actual Rows": 1,
              "Actual Loops": 7,
              "Plans": [
                {
                  "Node Type": "Index Scan",
                  "Parent Relationship": "Outer",
                  "Parallel Aware": true,
                  "Scan Direction": "Forward",
                  "Index Name": "role_id_cast_info",
                  "Relation Name": "cast_info",
                  "Alias": "ci",
                  "Startup Cost": 0.56,
                  "Total Cost": 325153.08,
                  "Plan Rows": 1904280,
                  "Plan Width": 0,
                  "Actual Startup Time": 0.115,
                  "Actual Total Time": 389.026,
                  "Actual Rows": 1450208,
                  "Actual Loops": 7,
                  "Index Cond": "(role_id > 3)",
                  "Rows Removed by Index Recheck": 0,
                  "Filter": "(person_id < 3676164)",
                  "Rows Removed by Filter": 280312
                }
              ]
            }
          ]
        }
      ]
    },
    "Planning Time": 0.354,
    "Triggers": [],
    "Execution Time": 495.405
  }
]