[
  {
    "Plan": {
      "Node Type": "Aggregate",
      "Strategy": "Plain",
      "Partial Mode": "Finalize",
      "Parallel Aware": false,
      "Startup Cost": 87205.0,
      "Total Cost": 87205.01,
      "Plan Rows": 1,
      "Plan Width": 8,
      "Actual Startup Time": 430.638,
      "Actual Total Time": 448.878,
      "Actual Rows": 1,
      "Actual Loops": 1,
      "Plans": [
        {
          "Node Type": "Gather",
          "Parent Relationship": "Outer",
          "Parallel Aware": false,
          "Startup Cost": 87204.78,
          "Total Cost": 87204.99,
          "Plan Rows": 2,
          "Plan Width": 8,
          "Actual Startup Time": 428.874,
          "Actual Total Time": 448.87,
          "Actual Rows": 3,
          "Actual Loops": 1,
          "Workers Planned": 2,
          "Workers Launched": 2,
          "Single Copy": false,
          "Plans": [
            {
              "Node Type": "Aggregate",
              "Strategy": "Plain",
              "Partial Mode": "Partial",
              "Parent Relationship": "Outer",
              "Parallel Aware": false,
              "Startup Cost": 86204.78,
              "Total Cost": 86204.79,
              "Plan Rows": 1,
              "Plan Width": 8,
              "Actual Startup Time": 420.494,
              "Actual Total Time": 420.59,
              "Actual Rows": 1,
              "Actual Loops": 3,
              "Plans": [
                {
                  "Node Type": "Hash Join",
                  "Parent Relationship": "Outer",
                  "Parallel Aware": true,
                  "Join Type": "Inner",
                  "Startup Cost": 70294.26,
                  "Total Cost": 86170.82,
                  "Plan Rows": 13585,
                  "Plan Width": 0,
                  "Actual Startup Time": 347.011,
                  "Actual Total Time": 419.182,
                  "Actual Rows": 27917,
                  "Actual Loops": 3,
                  "Inner Unique": false,
                  "Hash Cond": "(mi_idx.movie_id = t.id)",
                  "Plans": [
                    {
                      "Node Type": "Seq Scan",
                      "Parent Relationship": "Outer",
                      "Parallel Aware": true,
                      "Relation Name": "movie_info_idx",
                      "Alias": "mi_idx",
                      "Startup Cost": 0.0,
                      "Total Cost": 15122.68,
                      "Plan Rows": 191978,
                      "Plan Width": 4,
                      "Actual Startup Time": 0.036,
                      "Actual Total Time": 40.854,
                      "Actual Rows": 153308,
                      "Actual Loops": 3,
                      "Filter": "(info_type_id = 101)",
                      "Rows Removed by Filter": 306703
                    },
                    {
                      "Node Type": "Hash",
                      "Parent Relationship": "Inner",
                      "Parallel Aware": true,
                      "Startup Cost": 69735.17,
                      "Total Cost": 69735.17,
                      "Plan Rows": 44727,
                      "Plan Width": 8,
                      "Actual Startup Time": 344.399,
                      "Actual Total Time": 344.494,
                      "Actual Rows": 60211,
                      "Actual Loops": 3,
                      "Hash Buckets": 262144,
                      "Original Hash Buckets": 262144,
                      "Hash Batches": 1,
                      "Original Hash Batches": 1,
                      "Peak Memory Usage": 9152,
                      "Plans": [
                        {
                          "Node Type": "Hash Join",
                          "Parent Relationship": "Outer",
                          "Parallel Aware": true,
                          "Join Type": "Inner",
                          "Startup Cost": 24111.79,
                          "Total Cost": 69735.17,
                          "Plan Rows": 44727,
                          "Plan Width": 8,
                          "Actual Startup Time": 80.583,
                          "Actual Total Time": 324.599,
                          "Actual Rows": 60211,
                          "Actual Loops": 3,
                          "Inner Unique": false,
                          "Hash Cond": "(t.id = mc.movie_id)",
                          "Plans": [
                            {
                              "Node Type": "Seq Scan",
                              "Parent Relationship": "Outer",
                              "Parallel Aware": true,
                              "Relation Name": "title",
                              "Alias": "t",
                              "Startup Cost": 0.0,
                              "Total Cost": 42318.73,
                              "Plan Rows": 632073,
                              "Plan Width": 4,
                              "Actual Startup Time": 0.01,
                              "Actual Total Time": 101.095,
                              "Actual Rows": 842771,
                              "Actual Loops": 3
                            },
                            {
                              "Node Type": "Hash",
                              "Parent Relationship": "Inner",
                              "Parallel Aware": true,
                              "Startup Cost": 23390.38,
                              "Total Cost": 23390.38,
                              "Plan Rows": 57713,
                              "Plan Width": 4,
                              "Actual Startup Time": 79.106,
                              "Actual Total Time": 79.108,
                              "Actual Rows": 60211,
                              "Actual Loops": 3,
                              "Hash Buckets": 262144,
                              "Original Hash Buckets": 262144,
                              "Hash Batches": 1,
                              "Original Hash Batches": 1,
                              "Peak Memory Usage": 9152,
                              "Plans": [
                                {
                                  "Node Type": "Bitmap Heap Scan",
                                  "Parent Relationship": "Outer",
                                  "Parallel Aware": true,
                                  "Relation Name": "movie_companies",
                                  "Alias": "mc",
                                  "Startup Cost": 3878.97,
                                  "Total Cost": 23390.38,
                                  "Plan Rows": 57713,
                                  "Plan Width": 4,
                                  "Actual Startup Time": 19.88,
                                  "Actual Total Time": 59.167,
                                  "Actual Rows": 60211,
                                  "Actual Loops": 3,
                                  "Recheck Cond": "(company_id < 36)",
                                  "Rows Removed by Index Recheck": 0,
                                  "Exact Heap Blocks": 9285,
                                  "Lossy Heap Blocks": 0,
                                  "Plans": [
                                    {
                                      "Node Type": "Bitmap Index Scan",
                                      "Parent Relationship": "Outer",
                                      "Parallel Aware": false,
                                      "Index Name": "company_id_movie_companies",
                                      "Startup Cost": 0.0,
                                      "Total Cost": 3834.25,
                                      "Plan Rows": 178909,
                                      "Plan Width": 0,
                                      "Actual Startup Time": 17.306,
                                      "Actual Total Time": 17.307,
                                      "Actual Rows": 180633,
                                      "Actual Loops": 1,
                                      "Index Cond": "(company_id < 36)"
                                    }
                                  ]
                                }
                              ]
                            }
                          ]
                        }
                      ]
                    }
                  ]
                }
              ]
            }
          ]
        }
      ]
    },
    "Planning Time": 1.531,
    "Triggers": [],
    "Execution Time": 448.982
  }
]