{
  "Plan": {
    "Node Type": "Aggregate",
    "Strategy": "Plain",
    "Partial Mode": "Finalize",
    "Parallel Aware": false,
    "Startup Cost": 331158.08,
    "Total Cost": 331158.09,
    "Plan Rows": 1,
    "Plan Width": 8,
    "Actual Startup Time": 1562.332,
    "Actual Total Time": 1620.142,
    "Actual Rows": 1,
    "Actual Loops": 1,
    "Plans": [
      {
        "Node Type": "Gather",
        "Parent Relationship": "Outer",
        "Parallel Aware": false,
        "Startup Cost": 331157.96,
        "Total Cost": 331158.07,
        "Plan Rows": 1,
        "Plan Width": 8,
        "Actual Startup Time": 1562.2,
        "Actual Total Time": 1620.134,
        "Actual Rows": 2,
        "Actual Loops": 1,
        "Workers Planned": 1,
        "Workers Launched": 1,
        "Single Copy": false,
        "Plans": [
          {
            "Node Type": "Aggregate",
            "Strategy": "Plain",
            "Partial Mode": "Partial",
            "Parent Relationship": "Outer",
            "Parallel Aware": false,
            "Startup Cost": 330157.96,
            "Total Cost": 330157.97,
            "Plan Rows": 1,
            "Plan Width": 8,
            "Actual Startup Time": 1556.478,
            "Actual Total Time": 1556.481,
            "Actual Rows": 1,
            "Actual Loops": 2,
            "Plans": [
              {
                "Node Type": "Hash Join",
                "Parent Relationship": "Outer",
                "Parallel Aware": true,
                "Join Type": "Inner",
                "Startup Cost": 58337.82,
                "Total Cost": 330121.31,
                "Plan Rows": 14663,
                "Plan Width": 0,
                "Actual Startup Time": 159.86,
                "Actual Total Time": 1554.591,
                "Actual Rows": 26089,
                "Actual Loops": 2,
                "Inner Unique": true,
                "Hash Cond": "(mi.movie_id = t.id)",
                "Plans": [
                  {
                    "Node Type": "Seq Scan",
                    "Parent Relationship": "Outer",
                    "Parallel Aware": true,
                    "Relation Name": "movie_info",
                    "Alias": "mi",
                    "Startup Cost": 0.0,
                    "Total Cost": 248955.74,
                    "Plan Rows": 8696274,
                    "Plan Width": 4,
                    "Actual Startup Time": 0.01,
                    "Actual Total Time": 720.366,
                    "Actual Rows": 7417860,
                    "Actual Loops": 2
                  },
                  {
                    "Node Type": "Hash",
                    "Parent Relationship": "Inner",
                    "Parallel Aware": true,
                    "Startup Cost": 58306.47,
                    "Total Cost": 58306.47,
                    "Plan Rows": 2508,
                    "Plan Width": 4,
                    "Actual Startup Time": 158.027,
                    "Actual Total Time": 158.027,
                    "Actual Rows": 2481,
                    "Actual Loops": 2,
                    "Hash Buckets": 8192,
                    "Original Hash Buckets": 8192,
                    "Hash Batches": 1,
                    "Original Hash Batches": 1,
                    "Peak Memory Usage": 288,
                    "Plans": [
                      {
                        "Node Type": "Seq Scan",
                        "Parent Relationship": "Outer",
                        "Parallel Aware": true,
                        "Relation Name": "title",
                        "Alias": "t",
                        "Startup Cost": 0.0,
                        "Total Cost": 58306.47,
                        "Plan Rows": 2508,
                        "Plan Width": 4,
                        "Actual Startup Time": 1.283,
                        "Actual Total Time": 156.875,
                        "Actual Rows": 2481,
                        "Actual Loops": 2,
                        "Filter": "((kind_id < 7) AND (production_year = 1964))",
                        "Rows Removed by Filter": 1261675
                      }
                    ]
                  }
                ]
              }
            ]
          }
        ]
      }
    ]
  },
  "Planning Time": 0.42,
  "Triggers": [],
  "Execution Time": 1620.227
}