[
  {
    "Plan": {
      "Node Type": "Aggregate",
      "Strategy": "Plain",
      "Partial Mode": "Finalize",
      "Parallel Aware": false,
      "Startup Cost": 241669.82,
      "Total Cost": 241669.83,
      "Plan Rows": 1,
      "Plan Width": 8,
      "Actual Startup Time": 2314.143,
      "Actual Total Time": 2408.536,
      "Actual Rows": 1,
      "Actual Loops": 1,
      "Plans": [
        {
          "Node Type": "Gather",
          "Parent Relationship": "Outer",
          "Parallel Aware": false,
          "Startup Cost": 241669.5,
          "Total Cost": 241669.81,
          "Plan Rows": 3,
          "Plan Width": 8,
          "Actual Startup Time": 2309.648,
          "Actual Total Time": 2408.521,
          "Actual Rows": 4,
          "Actual Loops": 1,
          "Workers Planned": 3,
          "Workers Launched": 3,
          "Single Copy": false,
          "Plans": [
            {
              "Node Type": "Aggregate",
              "Strategy": "Plain",
              "Partial Mode": "Partial",
              "Parent Relationship": "Outer",
              "Parallel Aware": false,
              "Startup Cost": 240669.5,
              "Total Cost": 240669.51,
              "Plan Rows": 1,
              "Plan Width": 8,
              "Actual Startup Time": 2301.857,
              "Actual Total Time": 2301.862,
              "Actual Rows": 1,
              "Actual Loops": 4,
              "Plans": [
                {
                  "Node Type": "Nested Loop",
                  "Parent Relationship": "Outer",
                  "Parallel Aware": false,
                  "Join Type": "Inner",
                  "Startup Cost": 49695.71,
                  "Total Cost": 239743.93,
                  "Plan Rows": 370226,
                  "Plan Width": 0,
                  "Actual Startup Time": 259.312,
                  "Actual Total Time": 2243.329,
                  "Actual Rows": 1119738,
                  "Actual Loops": 4,
                  "Inner Unique": false,
                  "Plans": [
                    {
                      "Node Type": "Hash Join",
                      "Parent Relationship": "Outer",
                      "Parallel Aware": true,
                      "Join Type": "Inner",
                      "Startup Cost": 49695.15,
                      "Total Cost": 81416.65,
                      "Plan Rows": 62333,
                      "Plan Width": 8,
                      "Actual Startup Time": 259.146,
                      "Actual Total Time": 391.954,
                      "Actual Rows": 68318,
                      "Actual Loops": 4,
                      "Inner Unique": true,
                      "Hash Cond": "(mc.movie_id = t.id)",
                      "Plans": [
                        {
                          "Node Type": "Seq Scan",
                          "Parent Relationship": "Outer",
                          "Parallel Aware": true,
                          "Relation Name": "movie_companies",
                          "Alias": "mc",
                          "Startup Cost": 0.0,
                          "Total Cost": 31414.82,
                          "Plan Rows": 116831,
                          "Plan Width": 4,
                          "Actual Startup Time": 0.012,
                          "Actual Total Time": 67.843,
                          "Actual Rows": 130016,
                          "Actual Loops": 4,
                          "Filter": "((company_id < 1451) AND (company_type_id = 1))",
                          "Rows Removed by Filter": 522266
                        },
                        {
                          "Node Type": "Hash",
                          "Parent Relationship": "Inner",
                          "Parallel Aware": true,
                          "Startup Cost": 45479.59,
                          "Total Cost": 45479.59,
                          "Plan Rows": 337245,
                          "Plan Width": 4,
                          "Actual Startup Time": 253.672,
                          "Actual Total Time": 253.673,
                          "Actual Rows": 365675,
                          "Actual Loops": 4,
                          "Hash Buckets": 2097152,
                          "Original Hash Buckets": 2097152,
                          "Hash Batches": 1,
                          "Original Hash Batches": 1,
                          "Peak Memory Usage": 73632,
                          "Plans": [
                            {
                              "Node Type": "Seq Scan",
                              "Parent Relationship": "Outer",
                              "Parallel Aware": true,
                              "Relation Name": "title",
                              "Alias": "t",
                              "Startup Cost": 0.0,
                              "Total Cost": 45479.59,
                              "Plan Rows": 337245,
                              "Plan Width": 4,
                              "Actual Startup Time": 0.031,
                              "Actual Total Time": 115.49,
                              "Actual Rows": 365675,
                              "Actual Loops": 4,
                              "Filter": "((kind_id > 1) AND (production_year > 1987))",
                              "Rows Removed by Filter": 266403
                            }
                          ]
                        }
                      ]
                    },
                    {
                      "Node Type": "Index Scan",
                      "Parent Relationship": "Inner",
                      "Parallel Aware": false,
                      "Scan Direction": "Forward",
                      "Index Name": "movie_id_cast_info",
                      "Relation Name": "cast_info",
                      "Alias": "ci",
                      "Startup Cost": 0.56,
                      "Total Cost": 2.4,
                      "Plan Rows": 14,
                      "Plan Width": 4,
                      "Actual Startup Time": 0.012,
                      "Actual Total Time": 0.026,
                      "Actual Rows": 16,
                      "Actual Loops": 273273,
                      "Index Cond": "(movie_id = t.id)",
                      "Rows Removed by Index Recheck": 0,
                      "Filter": "(person_id > 2179905)",
                      "Rows Removed by Filter": 18
                    }
                  ]
                }
              ]
            }
          ]
        }
      ]
    },
    "Planning Time": 0.658,
    "Triggers": [],
    "Execution Time": 2408.611
  }
]