[
  {
    "Plan": {
      "Node Type": "Aggregate",
      "Strategy": "Plain",
      "Partial Mode": "Finalize",
      "Parallel Aware": false,
      "Startup Cost": 47764.32,
      "Total Cost": 47764.33,
      "Plan Rows": 1,
      "Plan Width": 8,
      "Actual Startup Time": 86.085,
      "Actual Total Time": 99.137,
      "Actual Rows": 1,
      "Actual Loops": 1,
      "Plans": [
        {
          "Node Type": "Gather",
          "Parent Relationship": "Outer",
          "Parallel Aware": false,
          "Startup Cost": 47763.9,
          "Total Cost": 47764.31,
          "Plan Rows": 4,
          "Plan Width": 8,
          "Actual Startup Time": 85.89,
          "Actual Total Time": 99.129,
          "Actual Rows": 5,
          "Actual Loops": 1,
          "Workers Planned": 4,
          "Workers Launched": 4,
          "Single Copy": false,
          "Plans": [
            {
              "Node Type": "Aggregate",
              "Strategy": "Plain",
              "Partial Mode": "Partial",
              "Parent Relationship": "Outer",
              "Parallel Aware": false,
              "Startup Cost": 46763.9,
              "Total Cost": 46763.91,
              "Plan Rows": 1,
              "Plan Width": 8,
              "Actual Startup Time": 80.787,
              "Actual Total Time": 80.789,
              "Actual Rows": 1,
              "Actual Loops": 5,
              "Plans": [
                {
                  "Node Type": "Nested Loop",
                  "Parent Relationship": "Outer",
                  "Parallel Aware": false,
                  "Join Type": "Inner",
                  "Startup Cost": 0.43,
                  "Total Cost": 46763.69,
                  "Plan Rows": 86,
                  "Plan Width": 0,
                  "Actual Startup Time": 50.696,
                  "Actual Total Time": 80.74,
                  "Actual Rows": 464,
                  "Actual Loops": 5,
                  "Inner Unique": false,
                  "Plans": [
                    {
                      "Node Type": "Seq Scan",
                      "Parent Relationship": "Outer",
                      "Parallel Aware": true,
                      "Relation Name": "title",
                      "Alias": "t",
                      "Startup Cost": 0.0,
                      "Total Cost": 45479.59,
                      "Plan Rows": 157,
                      "Plan Width": 4,
                      "Actual Startup Time": 49.984,
                      "Actual Total Time": 75.94,
                      "Actual Rows": 469,
                      "Actual Loops": 5,
                      "Filter": "((kind_id < 7) AND (production_year < 1898))",
                      "Rows Removed by Filter": 505193
                    },
                    {
                      "Node Type": "Index Only Scan",
                      "Parent Relationship": "Inner",
                      "Parallel Aware": false,
                      "Scan Direction": "Forward",
                      "Index Name": "movie_id_movie_info_idx",
                      "Relation Name": "movie_info_idx",
                      "Alias": "mi_idx",
                      "Startup Cost": 0.43,
                      "Total Cost": 8.15,
                      "Plan Rows": 3,
                      "Plan Width": 4,
                      "Actual Startup Time": 0.009,
                      "Actual Total Time": 0.01,
                      "Actual Rows": 1,
                      "Actual Loops": 2345,
                      "Index Cond": "(movie_id = t.id)",
                      "Rows Removed by Index Recheck": 0,
                      "Heap Fetches": 2319
                    }
                  ]
                }
              ]
            }
          ]
        }
      ]
    },
    "Planning Time": 0.509,
    "Triggers": [],
    "Execution Time": 99.179
  }
]