{
  "Plan": {
    "Node Type": "Aggregate",
    "Strategy": "Plain",
    "Partial Mode": "Finalize",
    "Parallel Aware": false,
    "Startup Cost": 79905.47,
    "Total Cost": 79905.48,
    "Plan Rows": 1,
    "Plan Width": 8,
    "Actual Startup Time": 194.595,
    "Actual Total Time": 205.398,
    "Actual Rows": 1,
    "Actual Loops": 1,
    "Plans": [
      {
        "Node Type": "Gather",
        "Parent Relationship": "Outer",
        "Parallel Aware": false,
        "Startup Cost": 79905.36,
        "Total Cost": 79905.47,
        "Plan Rows": 1,
        "Plan Width": 8,
        "Actual Startup Time": 194.455,
        "Actual Total Time": 205.391,
        "Actual Rows": 2,
        "Actual Loops": 1,
        "Workers Planned": 1,
        "Workers Launched": 1,
        "Single Copy": false,
        "Plans": [
          {
            "Node Type": "Aggregate",
            "Strategy": "Plain",
            "Partial Mode": "Partial",
            "Parent Relationship": "Outer",
            "Parallel Aware": false,
            "Startup Cost": 78905.36,
            "Total Cost": 78905.37,
            "Plan Rows": 1,
            "Plan Width": 8,
            "Actual Startup Time": 188.618,
            "Actual Total Time": 188.622,
            "Actual Rows": 1,
            "Actual Loops": 2,
            "Plans": [
              {
                "Node Type": "Hash Join",
                "Parent Relationship": "Outer",
                "Parallel Aware": true,
                "Join Type": "Inner",
                "Startup Cost": 59597.67,
                "Total Cost": 78905.23,
                "Plan Rows": 51,
                "Plan Width": 0,
                "Actual Startup Time": 176.458,
                "Actual Total Time": 188.601,
                "Actual Rows": 70,
                "Actual Loops": 2,
                "Inner Unique": true,
                "Hash Cond": "(mc.movie_id = t.id)",
                "Plans": [
                  {
                    "Node Type": "Bitmap Heap Scan",
                    "Parent Relationship": "Outer",
                    "Parallel Aware": true,
                    "Relation Name": "movie_companies",
                    "Alias": "mc",
                    "Startup Cost": 1263.26,
                    "Total Cost": 20481.0,
                    "Plan Rows": 34219,
                    "Plan Width": 4,
                    "Actual Startup Time": 3.444,
                    "Actual Total Time": 11.551,
                    "Actual Rows": 27838,
                    "Actual Loops": 2,
                    "Recheck Cond": "(company_id > 187035)",
                    "Rows Removed by Index Recheck": 0,
                    "Exact Heap Blocks": 1150,
                    "Lossy Heap Blocks": 0,
                    "Plans": [
                      {
                        "Node Type": "Bitmap Index Scan",
                        "Parent Relationship": "Outer",
                        "Parallel Aware": false,
                        "Index Name": "company_id_movie_companies",
                        "Startup Cost": 0.0,
                        "Total Cost": 1248.72,
                        "Plan Rows": 58172,
                        "Plan Width": 0,
                        "Actual Startup Time": 2.999,
                        "Actual Total Time": 3.0,
                        "Actual Rows": 55676,
                        "Actual Loops": 1,
                        "Index Cond": "(company_id > 187035)"
                      }
                    ]
                  },
                  {
                    "Node Type": "Hash",
                    "Parent Relationship": "Inner",
                    "Parallel Aware": true,
                    "Startup Cost": 58306.47,
                    "Total Cost": 58306.47,
                    "Plan Rows": 2235,
                    "Plan Width": 4,
                    "Actual Startup Time": 171.979,
                    "Actual Total Time": 171.98,
                    "Actual Rows": 1918,
                    "Actual Loops": 2,
                    "Hash Buckets": 4096,
                    "Original Hash Buckets": 4096,
                    "Hash Batches": 1,
                    "Original Hash Batches": 1,
                    "Peak Memory Usage": 224,
                    "Plans": [
                      {
                        "Node Type": "Seq Scan",
                        "Parent Relationship": "Outer",
                        "Parallel Aware": true,
                        "Relation Name": "title",
                        "Alias": "t",
                        "Startup Cost": 0.0,
                        "Total Cost": 58306.47,
                        "Plan Rows": 2235,
                        "Plan Width": 4,
                        "Actual Startup Time": 1.488,
                        "Actual Total Time": 170.881,
                        "Actual Rows": 1918,
                        "Actual Loops": 2,
                        "Filter": "((kind_id < 7) AND (production_year = 1959))",
                        "Rows Removed by Filter": 1262238
                      }
                    ]
                  }
                ]
              }
            ]
          }
        ]
      }
    ]
  },
  "Planning Time": 0.472,
  "Triggers": [],
  "Execution Time": 205.493
}