[
    {
        "Bao": {
            "Bao prediction": 497.429,
            "Bao recommended hint": "(no hint)"
        }
    },
    {
        "Plan": {
            "Node Type": "Aggregate",
            "Strategy": "Plain",
            "Partial Mode": "Finalize",
            "Parallel Aware": false,
            "Startup Cost": 350951.59,
            "Total Cost": 350951.6,
            "Plan Rows": 1,
            "Plan Width": 8,
            "Actual Startup Time": 782.102,
            "Actual Total Time": 812.028,
            "Actual Rows": 1,
            "Actual Loops": 1,
            "Output": [
                "count(*)"
            ],
            "Plans": [
                {
                    "Node Type": "Gather",
                    "Parent Relationship": "Outer",
                    "Parallel Aware": false,
                    "Startup Cost": 350950.97,
                    "Total Cost": 350951.58,
                    "Plan Rows": 6,
                    "Plan Width": 8,
                    "Actual Startup Time": 781.992,
                    "Actual Total Time": 812.018,
                    "Actual Rows": 7,
                    "Actual Loops": 1,
                    "Output": [
                        "(PARTIAL count(*))"
                    ],
                    "Workers Planned": 6,
                    "Workers Launched": 6,
                    "Single Copy": false,
                    "Plans": [
                        {
                            "Node Type": "Aggregate",
                            "Strategy": "Plain",
                            "Partial Mode": "Partial",
                            "Parent Relationship": "Outer",
                            "Parallel Aware": false,
                            "Startup Cost": 349950.97,
                            "Total Cost": 349950.98,
                            "Plan Rows": 1,
                            "Plan Width": 8,
                            "Actual Startup Time": 772.614,
                            "Actual Total Time": 772.615,
                            "Actual Rows": 1,
                            "Actual Loops": 7,
                            "Output": [
                                "PARTIAL count(*)"
                            ],
                            "Workers": [
                                {
                                    "Worker Number": 0,
                                    "Actual Startup Time": 770.669,
                                    "Actual Total Time": 770.67,
                                    "Actual Rows": 1,
                                    "Actual Loops": 1
                                },
                                {
                                    "Worker Number": 1,
                                    "Actual Startup Time": 770.883,
                                    "Actual Total Time": 770.884,
                                    "Actual Rows": 1,
                                    "Actual Loops": 1
                                },
                                {
                                    "Worker Number": 2,
                                    "Actual Startup Time": 770.882,
                                    "Actual Total Time": 770.883,
                                    "Actual Rows": 1,
                                    "Actual Loops": 1
                                },
                                {
                                    "Worker Number": 3,
                                    "Actual Startup Time": 771.374,
                                    "Actual Total Time": 771.375,
                                    "Actual Rows": 1,
                                    "Actual Loops": 1
                                },
                                {
                                    "Worker Number": 4,
                                    "Actual Startup Time": 771.462,
                                    "Actual Total Time": 771.463,
                                    "Actual Rows": 1,
                                    "Actual Loops": 1
                                },
                                {
                                    "Worker Number": 5,
                                    "Actual Startup Time": 771.868,
                                    "Actual Total Time": 771.87,
                                    "Actual Rows": 1,
                                    "Actual Loops": 1
                                }
                            ],
                            "Plans": [
                                {
                                    "Node Type": "Seq Scan",
                                    "Parent Relationship": "Outer",
                                    "Parallel Aware": true,
                                    "Relation Name": "cast_info",
                                    "Schema": "public",
                                    "Alias": "ci",
                                    "Startup Cost": 0.0,
                                    "Total Cost": 343318.94,
                                    "Plan Rows": 2652810,
                                    "Plan Width": 0,
                                    "Actual Startup Time": 235.774,
                                    "Actual Total Time": 684.813,
                                    "Actual Rows": 1683406,
                                    "Actual Loops": 7,
                                    "Output": [
                                        "id",
                                        "person_id",
                                        "movie_id",
                                        "person_role_id",
                                        "note",
                                        "nr_order",
                                        "role_id"
                                    ],
                                    "Filter": "((ci.person_id < 2512593) AND (ci.role_id > 1))",
                                    "Rows Removed by Filter": 3494358,
                                    "Workers": [
                                        {
                                            "Worker Number": 0,
                                            "Actual Startup Time": 233.833,
                                            "Actual Total Time": 684.161,
                                            "Actual Rows": 1290264,
                                            "Actual Loops": 1
                                        },
                                        {
                                            "Worker Number": 1,
                                            "Actual Startup Time": 234.036,
                                            "Actual Total Time": 683.826,
                                            "Actual Rows": 1300630,
                                            "Actual Loops": 1
                                        },
                                        {
                                            "Worker Number": 2,
                                            "Actual Startup Time": 234.037,
                                            "Actual Total Time": 684.238,
                                            "Actual Rows": 1291854,
                                            "Actual Loops": 1
                                        },
                                        {
                                            "Worker Number": 3,
                                            "Actual Startup Time": 234.539,
                                            "Actual Total Time": 684.381,
                                            "Actual Rows": 1301588,
                                            "Actual Loops": 1
                                        },
                                        {
                                            "Worker Number": 4,
                                            "Actual Startup Time": 234.625,
                                            "Actual Total Time": 686.775,
                                            "Actual Rows": 2063089,
                                            "Actual Loops": 1
                                        },
                                        {
                                            "Worker Number": 5,
                                            "Actual Startup Time": 235.031,
                                            "Actual Total Time": 684.916,
                                            "Actual Rows": 2045119,
                                            "Actual Loops": 1
                                        }
                                    ]
                                }
                            ]
                        }
                    ]
                }
            ]
        },
        "Planning Time": 348.692,
        "Triggers": [],
        "Execution Time": 812.12
    }
]