[
  {
    "Plan": {
      "Node Type": "Aggregate",
      "Strategy": "Plain",
      "Partial Mode": "Finalize",
      "Parallel Aware": false,
      "Startup Cost": 31079.36,
      "Total Cost": 31079.37,
      "Plan Rows": 1,
      "Plan Width": 8,
      "Actual Startup Time": 73.198,
      "Actual Total Time": 78.689,
      "Actual Rows": 1,
      "Actual Loops": 1,
      "Plans": [
        {
          "Node Type": "Gather",
          "Parent Relationship": "Outer",
          "Parallel Aware": false,
          "Startup Cost": 31079.04,
          "Total Cost": 31079.35,
          "Plan Rows": 3,
          "Plan Width": 8,
          "Actual Startup Time": 73.116,
          "Actual Total Time": 78.684,
          "Actual Rows": 4,
          "Actual Loops": 1,
          "Workers Planned": 3,
          "Workers Launched": 3,
          "Single Copy": false,
          "Plans": [
            {
              "Node Type": "Aggregate",
              "Strategy": "Plain",
              "Partial Mode": "Partial",
              "Parent Relationship": "Outer",
              "Parallel Aware": false,
              "Startup Cost": 30079.04,
              "Total Cost": 30079.05,
              "Plan Rows": 1,
              "Plan Width": 8,
              "Actual Startup Time": 70.493,
              "Actual Total Time": 70.494,
              "Actual Rows": 1,
              "Actual Loops": 4,
              "Plans": [
                {
                  "Node Type": "Seq Scan",
                  "Parent Relationship": "Outer",
                  "Parallel Aware": true,
                  "Relation Name": "movie_companies",
                  "Alias": "mc",
                  "Startup Cost": 0.0,
                  "Total Cost": 29310.68,
                  "Plan Rows": 307345,
                  "Plan Width": 0,
                  "Actual Startup Time": 0.018,
                  "Actual Total Time": 59.897,
                  "Actual Rows": 238039,
                  "Actual Loops": 4,
                  "Filter": "(company_id < 3757)",
                  "Rows Removed by Filter": 414244
                }
              ]
            }
          ]
        }
      ]
    },
    "Planning Time": 0.096,
    "Triggers": [],
    "Execution Time": 78.719
  }
]