[
  {
    "Plan": {
      "Node Type": "Aggregate",
      "Strategy": "Plain",
      "Partial Mode": "Finalize",
      "Parallel Aware": false,
      "Startup Cost": 345266.19,
      "Total Cost": 345266.2,
      "Plan Rows": 1,
      "Plan Width": 8,
      "Actual Startup Time": 419.233,
      "Actual Total Time": 448.72,
      "Actual Rows": 1,
      "Actual Loops": 1,
      "Plans": [
        {
          "Node Type": "Gather",
          "Parent Relationship": "Outer",
          "Parallel Aware": false,
          "Startup Cost": 345265.56,
          "Total Cost": 345266.17,
          "Plan Rows": 6,
          "Plan Width": 8,
          "Actual Startup Time": 419.045,
          "Actual Total Time": 448.711,
          "Actual Rows": 7,
          "Actual Loops": 1,
          "Workers Planned": 6,
          "Workers Launched": 6,
          "Single Copy": false,
          "Plans": [
            {
              "Node Type": "Aggregate",
              "Strategy": "Plain",
              "Partial Mode": "Partial",
              "Parent Relationship": "Outer",
              "Parallel Aware": false,
              "Startup Cost": 344265.56,
              "Total Cost": 344265.57,
              "Plan Rows": 1,
              "Plan Width": 8,
              "Actual Startup Time": 411.57,
              "Actual Total Time": 411.571,
              "Actual Rows": 1,
              "Actual Loops": 7,
              "Plans": [
                {
                  "Node Type": "Index Scan",
                  "Parent Relationship": "Outer",
                  "Parallel Aware": true,
                  "Scan Direction": "Forward",
                  "Index Name": "role_id_cast_info",
                  "Relation Name": "cast_info",
                  "Alias": "ci",
                  "Startup Cost": 0.56,
                  "Total Cost": 341155.22,
                  "Plan Rows": 1244138,
                  "Plan Width": 0,
                  "Actual Startup Time": 336.151,
                  "Actual Total Time": 397.561,
                  "Actual Rows": 258106,
                  "Actual Loops": 7,
                  "Index Cond": "(role_id < 2)",
                  "Rows Removed by Index Recheck": 0,
                  "Filter": "(person_id > 1488149)",
                  "Rows Removed by Filter": 1551992
                }
              ]
            }
          ]
        }
      ]
    },
    "Planning Time": 0.095,
    "Triggers": [],
    "Execution Time": 448.755
  }
]