{
  "Plan": {
    "Node Type": "Aggregate",
    "Strategy": "Plain",
    "Partial Mode": "Finalize",
    "Parallel Aware": false,
    "Startup Cost": 115996.27,
    "Total Cost": 115996.28,
    "Plan Rows": 1,
    "Plan Width": 8,
    "Actual Startup Time": 347.608,
    "Actual Total Time": 363.27,
    "Actual Rows": 1,
    "Actual Loops": 1,
    "Plans": [
      {
        "Node Type": "Gather",
        "Parent Relationship": "Outer",
        "Parallel Aware": false,
        "Startup Cost": 115996.16,
        "Total Cost": 115996.27,
        "Plan Rows": 1,
        "Plan Width": 8,
        "Actual Startup Time": 347.272,
        "Actual Total Time": 363.251,
        "Actual Rows": 2,
        "Actual Loops": 1,
        "Workers Planned": 1,
        "Workers Launched": 1,
        "Single Copy": false,
        "Plans": [
          {
            "Node Type": "Aggregate",
            "Strategy": "Plain",
            "Partial Mode": "Partial",
            "Parent Relationship": "Outer",
            "Parallel Aware": false,
            "Startup Cost": 114996.16,
            "Total Cost": 114996.17,
            "Plan Rows": 1,
            "Plan Width": 8,
            "Actual Startup Time": 343.285,
            "Actual Total Time": 343.289,
            "Actual Rows": 1,
            "Actual Loops": 2,
            "Plans": [
              {
                "Node Type": "Nested Loop",
                "Parent Relationship": "Outer",
                "Parallel Aware": false,
                "Join Type": "Inner",
                "Startup Cost": 78036.39,
                "Total Cost": 114980.37,
                "Plan Rows": 6318,
                "Plan Width": 0,
                "Actual Startup Time": 191.532,
                "Actual Total Time": 342.682,
                "Actual Rows": 9375,
                "Actual Loops": 2,
                "Inner Unique": false,
                "Join Filter": "(t.id = mc.movie_id)",
                "Rows Removed by Join Filter": 0,
                "Plans": [
                  {
                    "Node Type": "Hash Join",
                    "Parent Relationship": "Outer",
                    "Parallel Aware": true,
                    "Join Type": "Inner",
                    "Startup Cost": 78035.96,
                    "Total Cost": 110676.15,
                    "Plan Rows": 6122,
                    "Plan Width": 8,
                    "Actual Startup Time": 191.411,
                    "Actual Total Time": 325.778,
                    "Actual Rows": 3445,
                    "Actual Loops": 2,
                    "Inner Unique": true,
                    "Hash Cond": "(mk.movie_id = t.id)",
                    "Plans": [
                      {
                        "Node Type": "Bitmap Heap Scan",
                        "Parent Relationship": "Outer",
                        "Parallel Aware": true,
                        "Relation Name": "movie_keyword",
                        "Alias": "mk",
                        "Startup Cost": 19519.22,
                        "Total Cost": 50738.66,
                        "Plan Rows": 541236,
                        "Plan Width": 4,
                        "Actual Startup Time": 52.826,
                        "Actual Total Time": 141.985,
                        "Actual Rows": 451954,
                        "Actual Loops": 2,
                        "Recheck Cond": "(keyword_id > 20415)",
                        "Rows Removed by Index Recheck": 0,
                        "Exact Heap Blocks": 13892,
                        "Lossy Heap Blocks": 0,
                        "Plans": [
                          {
                            "Node Type": "Bitmap Index Scan",
                            "Parent Relationship": "Outer",
                            "Parallel Aware": false,
                            "Index Name": "keyword_id_movie_keyword",
                            "Startup Cost": 0.0,
                            "Total Cost": 19289.19,
                            "Plan Rows": 920101,
                            "Plan Width": 0,
                            "Actual Startup Time": 49.163,
                            "Actual Total Time": 49.164,
                            "Actual Rows": 903909,
                            "Actual Loops": 1,
                            "Index Cond": "(keyword_id > 20415)"
                          }
                        ]
                      },
                      {
                        "Node Type": "Hash",
                        "Parent Relationship": "Inner",
                        "Parallel Aware": true,
                        "Startup Cost": 58306.47,
                        "Total Cost": 58306.47,
                        "Plan Rows": 16822,
                        "Plan Width": 4,
                        "Actual Startup Time": 136.727,
                        "Actual Total Time": 136.728,
                        "Actual Rows": 16244,
                        "Actual Loops": 2,
                        "Hash Buckets": 32768,
                        "Original Hash Buckets": 32768,
                        "Hash Batches": 1,
                        "Original Hash Batches": 1,
                        "Peak Memory Usage": 1568,
                        "Plans": [
                          {
                            "Node Type": "Seq Scan",
                            "Parent Relationship": "Outer",
                            "Parallel Aware": true,
                            "Relation Name": "title",
                            "Alias": "t",
                            "Startup Cost": 0.0,
                            "Total Cost": 58306.47,
                            "Plan Rows": 16822,
                            "Plan Width": 4,
                            "Actual Startup Time": 0.029,
                            "Actual Total Time": 132.037,
                            "Actual Rows": 16244,
                            "Actual Loops": 2,
                            "Filter": "((kind_id > 1) AND (production_year = 1997))",
                            "Rows Removed by Filter": 1247912
                          }
                        ]
                      }
                    ]
                  },
                  {
                    "Node Type": "Index Only Scan",
                    "Parent Relationship": "Inner",
                    "Parallel Aware": false,
                    "Scan Direction": "Forward",
                    "Index Name": "movie_id_movie_companies",
                    "Relation Name": "movie_companies",
                    "Alias": "mc",
                    "Startup Cost": 0.43,
                    "Total Cost": 0.64,
                    "Plan Rows": 5,
                    "Plan Width": 4,
                    "Actual Startup Time": 0.003,
                    "Actual Total Time": 0.004,
                    "Actual Rows": 3,
                    "Actual Loops": 6890,
                    "Index Cond": "(movie_id = mk.movie_id)",
                    "Rows Removed by Index Recheck": 0,
                    "Heap Fetches": 18750
                  }
                ]
              }
            ]
          }
        ]
      }
    ]
  },
  "Planning Time": 0.958,
  "Triggers": [],
  "Execution Time": 363.378
}