[
  {
    "Plan": {
      "Node Type": "Aggregate",
      "Strategy": "Plain",
      "Partial Mode": "Finalize",
      "Parallel Aware": false,
      "Startup Cost": 77038.75,
      "Total Cost": 77038.76,
      "Plan Rows": 1,
      "Plan Width": 8,
      "Actual Startup Time": 284.061,
      "Actual Total Time": 297.451,
      "Actual Rows": 1,
      "Actual Loops": 1,
      "Plans": [
        {
          "Node Type": "Gather",
          "Parent Relationship": "Outer",
          "Parallel Aware": false,
          "Startup Cost": 77038.43,
          "Total Cost": 77038.74,
          "Plan Rows": 3,
          "Plan Width": 8,
          "Actual Startup Time": 278.057,
          "Actual Total Time": 297.442,
          "Actual Rows": 4,
          "Actual Loops": 1,
          "Workers Planned": 3,
          "Workers Launched": 3,
          "Single Copy": false,
          "Plans": [
            {
              "Node Type": "Aggregate",
              "Strategy": "Plain",
              "Partial Mode": "Partial",
              "Parent Relationship": "Outer",
              "Parallel Aware": false,
              "Startup Cost": 76038.43,
              "Total Cost": 76038.44,
              "Plan Rows": 1,
              "Plan Width": 8,
              "Actual Startup Time": 265.381,
              "Actual Total Time": 265.384,
              "Actual Rows": 1,
              "Actual Loops": 4,
              "Plans": [
                {
                  "Node Type": "Hash Join",
                  "Parent Relationship": "Outer",
                  "Parallel Aware": true,
                  "Join Type": "Inner",
                  "Startup Cost": 50496.79,
                  "Total Cost": 76021.13,
                  "Plan Rows": 6922,
                  "Plan Width": 0,
                  "Actual Startup Time": 241.737,
                  "Actual Total Time": 265.275,
                  "Actual Rows": 1664,
                  "Actual Loops": 4,
                  "Inner Unique": true,
                  "Hash Cond": "(mk.movie_id = t.id)",
                  "Plans": [
                    {
                      "Node Type": "Bitmap Heap Scan",
                      "Parent Relationship": "Outer",
                      "Parallel Aware": true,
                      "Relation Name": "movie_keyword",
                      "Alias": "mk",
                      "Startup Cost": 869.14,
                      "Total Cost": 26358.87,
                      "Plan Rows": 13183,
                      "Plan Width": 4,
                      "Actual Startup Time": 4.635,
                      "Actual Total Time": 20.546,
                      "Actual Rows": 10460,
                      "Actual Loops": 4,
                      "Recheck Cond": "(keyword_id = 117)",
                      "Rows Removed by Index Recheck": 0,
                      "Exact Heap Blocks": 5515,
                      "Lossy Heap Blocks": 0,
                      "Plans": [
                        {
                          "Node Type": "Bitmap Index Scan",
                          "Parent Relationship": "Outer",
                          "Parallel Aware": false,
                          "Index Name": "keyword_id_movie_keyword",
                          "Startup Cost": 0.0,
                          "Total Cost": 858.93,
                          "Plan Rows": 40866,
                          "Plan Width": 0,
                          "Actual Startup Time": 3.002,
                          "Actual Total Time": 3.003,
                          "Actual Rows": 41840,
                          "Actual Loops": 1,
                          "Index Cond": "(keyword_id = 117)"
                        }
                      ]
                    },
                    {
                      "Node Type": "Hash",
                      "Parent Relationship": "Inner",
                      "Parallel Aware": true,
                      "Startup Cost": 45479.1,
                      "Total Cost": 45479.1,
                      "Plan Rows": 331884,
                      "Plan Width": 4,
                      "Actual Startup Time": 229.45,
                      "Actual Total Time": 229.451,
                      "Actual Rows": 351450,
                      "Actual Loops": 4,
                      "Hash Buckets": 2097152,
                      "Original Hash Buckets": 2097152,
                      "Hash Batches": 1,
                      "Original Hash Batches": 1,
                      "Peak Memory Usage": 71456,
                      "Plans": [
                        {
                          "Node Type": "Seq Scan",
                          "Parent Relationship": "Outer",
                          "Parallel Aware": true,
                          "Relation Name": "title",
                          "Alias": "t",
                          "Startup Cost": 0.0,
                          "Total Cost": 45479.1,
                          "Plan Rows": 331884,
                          "Plan Width": 4,
                          "Actual Startup Time": 0.038,
                          "Actual Total Time": 106.802,
                          "Actual Rows": 351450,
                          "Actual Loops": 4,
                          "Filter": "((production_year > 1963) AND (kind_id = 7))",
                          "Rows Removed by Filter": 280628
                        }
                      ]
                    }
                  ]
                }
              ]
            }
          ]
        }
      ]
    },
    "Planning Time": 0.625,
    "Triggers": [],
    "Execution Time": 297.572
  }
]