[
  {
    "Plan": {
      "Node Type": "Aggregate",
      "Strategy": "Plain",
      "Partial Mode": "Finalize",
      "Parallel Aware": false,
      "Startup Cost": 304514.18,
      "Total Cost": 304514.19,
      "Plan Rows": 1,
      "Plan Width": 8,
      "Actual Startup Time": 915.496,
      "Actual Total Time": 977.229,
      "Actual Rows": 1,
      "Actual Loops": 1,
      "Plans": [
        {
          "Node Type": "Gather",
          "Parent Relationship": "Outer",
          "Parallel Aware": false,
          "Startup Cost": 304513.86,
          "Total Cost": 304514.17,
          "Plan Rows": 3,
          "Plan Width": 8,
          "Actual Startup Time": 910.788,
          "Actual Total Time": 977.219,
          "Actual Rows": 4,
          "Actual Loops": 1,
          "Workers Planned": 3,
          "Workers Launched": 3,
          "Single Copy": false,
          "Plans": [
            {
              "Node Type": "Aggregate",
              "Strategy": "Plain",
              "Partial Mode": "Partial",
              "Parent Relationship": "Outer",
              "Parallel Aware": false,
              "Startup Cost": 303513.86,
              "Total Cost": 303513.87,
              "Plan Rows": 1,
              "Plan Width": 8,
              "Actual Startup Time": 897.648,
              "Actual Total Time": 897.652,
              "Actual Rows": 1,
              "Actual Loops": 4,
              "Plans": [
                {
                  "Node Type": "Nested Loop",
                  "Parent Relationship": "Outer",
                  "Parallel Aware": false,
                  "Join Type": "Inner",
                  "Startup Cost": 58106.83,
                  "Total Cost": 302620.16,
                  "Plan Rows": 357481,
                  "Plan Width": 0,
                  "Actual Startup Time": 281.358,
                  "Actual Total Time": 887.675,
                  "Actual Rows": 186213,
                  "Actual Loops": 4,
                  "Inner Unique": false,
                  "Plans": [
                    {
                      "Node Type": "Hash Join",
                      "Parent Relationship": "Outer",
                      "Parallel Aware": true,
                      "Join Type": "Inner",
                      "Startup Cost": 58106.26,
                      "Total Cost": 84626.14,
                      "Plan Rows": 90335,
                      "Plan Width": 8,
                      "Actual Startup Time": 281.261,
                      "Actual Total Time": 349.854,
                      "Actual Rows": 22351,
                      "Actual Loops": 4,
                      "Inner Unique": true,
                      "Hash Cond": "(mk.movie_id = t.id)",
                      "Plans": [
                        {
                          "Node Type": "Bitmap Heap Scan",
                          "Parent Relationship": "Outer",
                          "Parallel Aware": true,
                          "Relation Name": "movie_keyword",
                          "Alias": "mk",
                          "Startup Cost": 8981.95,
                          "Total Cost": 35143.29,
                          "Plan Rows": 136587,
                          "Plan Width": 4,
                          "Actual Startup Time": 27.042,
                          "Actual Total Time": 64.004,
                          "Actual Rows": 102580,
                          "Actual Loops": 4,
                          "Recheck Cond": "(keyword_id > 42182)",
                          "Rows Removed by Index Recheck": 0,
                          "Exact Heap Blocks": 6813,
                          "Lossy Heap Blocks": 0,
                          "Plans": [
                            {
                              "Node Type": "Bitmap Index Scan",
                              "Parent Relationship": "Outer",
                              "Parallel Aware": false,
                              "Index Name": "keyword_id_movie_keyword",
                              "Startup Cost": 0.0,
                              "Total Cost": 8876.09,
                              "Plan Rows": 423421,
                              "Plan Width": 0,
                              "Actual Startup Time": 23.638,
                              "Actual Total Time": 23.639,
                              "Actual Rows": 410321,
                              "Actual Loops": 1,
                              "Index Cond": "(keyword_id > 42182)"
                            }
                          ]
                        },
                        {
                          "Node Type": "Hash",
                          "Parent Relationship": "Inner",
                          "Parallel Aware": true,
                          "Startup Cost": 43898.92,
                          "Total Cost": 43898.92,
                          "Plan Rows": 418032,
                          "Plan Width": 4,
                          "Actual Startup Time": 246.63,
                          "Actual Total Time": 246.631,
                          "Actual Rows": 418524,
                          "Actual Loops": 4,
                          "Hash Buckets": 2097152,
                          "Original Hash Buckets": 2097152,
                          "Hash Batches": 1,
                          "Original Hash Batches": 1,
                          "Peak Memory Usage": 81952,
                          "Plans": [
                            {
                              "Node Type": "Seq Scan",
                              "Parent Relationship": "Outer",
                              "Parallel Aware": true,
                              "Relation Name": "title",
                              "Alias": "t",
                              "Startup Cost": 0.0,
                              "Total Cost": 43898.92,
                              "Plan Rows": 418032,
                              "Plan Width": 4,
                              "Actual Startup Time": 0.047,
                              "Actual Total Time": 100.008,
                              "Actual Rows": 418524,
                              "Actual Loops": 4,
                              "Filter": "(kind_id > 3)",
                              "Rows Removed by Filter": 213554
                            }
                          ]
                        }
                      ]
                    },
                    {
                      "Node Type": "Index Scan",
                      "Parent Relationship": "Inner",
                      "Parallel Aware": false,
                      "Scan Direction": "Forward",
                      "Index Name": "movie_id_cast_info",
                      "Relation Name": "cast_info",
                      "Alias": "ci",
                      "Startup Cost": 0.56,
                      "Total Cost": 2.31,
                      "Plan Rows": 10,
                      "Plan Width": 4,
                      "Actual Startup Time": 0.005,
                      "Actual Total Time": 0.023,
                      "Actual Rows": 8,
                      "Actual Loops": 89404,
                      "Index Cond": "(movie_id = t.id)",
                      "Rows Removed by Index Recheck": 0,
                      "Filter": "((person_id < 1336805) AND (role_id < 5))",
                      "Rows Removed by Filter": 19
                    }
                  ]
                }
              ]
            }
          ]
        }
      ]
    },
    "Planning Time": 1.382,
    "Triggers": [],
    "Execution Time": 977.354
  }
]