[
  {
    "Plan": {
      "Node Type": "Aggregate",
      "Strategy": "Plain",
      "Partial Mode": "Finalize",
      "Parallel Aware": false,
      "Startup Cost": 278508.78,
      "Total Cost": 278508.79,
      "Plan Rows": 1,
      "Plan Width": 8,
      "Actual Startup Time": 822.253,
      "Actual Total Time": 851.05,
      "Actual Rows": 1,
      "Actual Loops": 1,
      "Plans": [
        {
          "Node Type": "Gather",
          "Parent Relationship": "Outer",
          "Parallel Aware": false,
          "Startup Cost": 278508.16,
          "Total Cost": 278508.77,
          "Plan Rows": 6,
          "Plan Width": 8,
          "Actual Startup Time": 816.296,
          "Actual Total Time": 851.04,
          "Actual Rows": 7,
          "Actual Loops": 1,
          "Workers Planned": 6,
          "Workers Launched": 6,
          "Single Copy": false,
          "Plans": [
            {
              "Node Type": "Aggregate",
              "Strategy": "Plain",
              "Partial Mode": "Partial",
              "Parent Relationship": "Outer",
              "Parallel Aware": false,
              "Startup Cost": 277508.16,
              "Total Cost": 277508.17,
              "Plan Rows": 1,
              "Plan Width": 8,
              "Actual Startup Time": 806.981,
              "Actual Total Time": 806.984,
              "Actual Rows": 1,
              "Actual Loops": 7,
              "Plans": [
                {
                  "Node Type": "Hash Join",
                  "Parent Relationship": "Outer",
                  "Parallel Aware": true,
                  "Join Type": "Inner",
                  "Startup Cost": 46562.64,
                  "Total Cost": 276795.0,
                  "Plan Rows": 285263,
                  "Plan Width": 0,
                  "Actual Startup Time": 147.732,
                  "Actual Total Time": 787.577,
                  "Actual Rows": 350908,
                  "Actual Loops": 7,
                  "Inner Unique": true,
                  "Hash Cond": "(ci.movie_id = t.id)",
                  "Plans": [
                    {
                      "Node Type": "Index Scan",
                      "Parent Relationship": "Outer",
                      "Parallel Aware": true,
                      "Scan Direction": "Forward",
                      "Index Name": "role_id_cast_info",
                      "Relation Name": "cast_info",
                      "Alias": "ci",
                      "Startup Cost": 0.56,
                      "Total Cost": 228010.93,
                      "Plan Rows": 846477,
                      "Plan Width": 4,
                      "Actual Startup Time": 0.376,
                      "Actual Total Time": 311.137,
                      "Actual Rows": 963737,
                      "Actual Loops": 7,
                      "Index Cond": "(role_id > 5)",
                      "Rows Removed by Index Recheck": 0,
                      "Filter": "(person_id > 1448619)",
                      "Rows Removed by Filter": 248593
                    },
                    {
                      "Node Type": "Hash",
                      "Parent Relationship": "Inner",
                      "Parallel Aware": true,
                      "Startup Cost": 43899.32,
                      "Total Cost": 43899.32,
                      "Plan Rows": 213020,
                      "Plan Width": 4,
                      "Actual Startup Time": 144.84,
                      "Actual Total Time": 144.841,
                      "Actual Rows": 122031,
                      "Actual Loops": 7,
                      "Hash Buckets": 1048576,
                      "Original Hash Buckets": 1048576,
                      "Hash Batches": 1,
                      "Original Hash Batches": 1,
                      "Peak Memory Usage": 41696,
                      "Plans": [
                        {
                          "Node Type": "Seq Scan",
                          "Parent Relationship": "Outer",
                          "Parallel Aware": true,
                          "Relation Name": "title",
                          "Alias": "t",
                          "Startup Cost": 0.0,
                          "Total Cost": 43899.32,
                          "Plan Rows": 213020,
                          "Plan Width": 4,
                          "Actual Startup Time": 0.046,
                          "Actual Total Time": 84.759,
                          "Actual Rows": 122031,
                          "Actual Loops": 7,
                          "Filter": "(kind_id < 4)",
                          "Rows Removed by Filter": 239157
                        }
                      ]
                    }
                  ]
                }
              ]
            }
          ]
        }
      ]
    },
    "Planning Time": 0.429,
    "Triggers": [],
    "Execution Time": 851.153
  }
]