[
  {
    "Plan": {
      "Node Type": "Aggregate",
      "Strategy": "Plain",
      "Partial Mode": "Finalize",
      "Parallel Aware": false,
      "Startup Cost": 25950.01,
      "Total Cost": 25950.02,
      "Plan Rows": 1,
      "Plan Width": 8,
      "Actual Startup Time": 64.914,
      "Actual Total Time": 69.181,
      "Actual Rows": 1,
      "Actual Loops": 1,
      "Plans": [
        {
          "Node Type": "Gather",
          "Parent Relationship": "Outer",
          "Parallel Aware": false,
          "Startup Cost": 25949.69,
          "Total Cost": 25950.0,
          "Plan Rows": 3,
          "Plan Width": 8,
          "Actual Startup Time": 64.762,
          "Actual Total Time": 69.175,
          "Actual Rows": 4,
          "Actual Loops": 1,
          "Workers Planned": 3,
          "Workers Launched": 3,
          "Single Copy": false,
          "Plans": [
            {
              "Node Type": "Aggregate",
              "Strategy": "Plain",
              "Partial Mode": "Partial",
              "Parent Relationship": "Outer",
              "Parallel Aware": false,
              "Startup Cost": 24949.69,
              "Total Cost": 24949.7,
              "Plan Rows": 1,
              "Plan Width": 8,
              "Actual Startup Time": 55.226,
              "Actual Total Time": 55.229,
              "Actual Rows": 1,
              "Actual Loops": 4,
              "Plans": [
                {
                  "Node Type": "Bitmap Heap Scan",
                  "Parent Relationship": "Outer",
                  "Parallel Aware": true,
                  "Relation Name": "movie_companies",
                  "Alias": "mc",
                  "Startup Cost": 4953.15,
                  "Total Cost": 24854.99,
                  "Plan Rows": 37882,
                  "Plan Width": 0,
                  "Actual Startup Time": 19.059,
                  "Actual Total Time": 50.719,
                  "Actual Rows": 56768,
                  "Actual Loops": 4,
                  "Recheck Cond": "(company_id > 106155)",
                  "Rows Removed by Index Recheck": 0,
                  "Filter": "(company_type_id > 1)",
                  "Rows Removed by Filter": 0,
                  "Exact Heap Blocks": 2464,
                  "Lossy Heap Blocks": 0,
                  "Plans": [
                    {
                      "Node Type": "Bitmap Index Scan",
                      "Parent Relationship": "Outer",
                      "Parallel Aware": false,
                      "Index Name": "company_id_movie_companies",
                      "Startup Cost": 0.0,
                      "Total Cost": 4923.79,
                      "Plan Rows": 229781,
                      "Plan Width": 0,
                      "Actual Startup Time": 25.087,
                      "Actual Total Time": 25.087,
                      "Actual Rows": 227074,
                      "Actual Loops": 1,
                      "Index Cond": "(company_id > 106155)"
                    }
                  ]
                }
              ]
            }
          ]
        }
      ]
    },
    "Planning Time": 0.187,
    "Triggers": [],
    "Execution Time": 69.263
  }
]