{
  "Plan": {
    "Node Type": "Aggregate",
    "Strategy": "Plain",
    "Partial Mode": "Finalize",
    "Parallel Aware": false,
    "Startup Cost": 160120.18,
    "Total Cost": 160120.19,
    "Plan Rows": 1,
    "Plan Width": 8,
    "Actual Startup Time": 624.372,
    "Actual Total Time": 645.927,
    "Actual Rows": 1,
    "Actual Loops": 1,
    "Plans": [
      {
        "Node Type": "Gather",
        "Parent Relationship": "Outer",
        "Parallel Aware": false,
        "Startup Cost": 160120.06,
        "Total Cost": 160120.17,
        "Plan Rows": 1,
        "Plan Width": 8,
        "Actual Startup Time": 624.048,
        "Actual Total Time": 645.911,
        "Actual Rows": 2,
        "Actual Loops": 1,
        "Workers Planned": 1,
        "Workers Launched": 1,
        "Single Copy": false,
        "Plans": [
          {
            "Node Type": "Aggregate",
            "Strategy": "Plain",
            "Partial Mode": "Partial",
            "Parent Relationship": "Outer",
            "Parallel Aware": false,
            "Startup Cost": 159120.06,
            "Total Cost": 159120.07,
            "Plan Rows": 1,
            "Plan Width": 8,
            "Actual Startup Time": 618.121,
            "Actual Total Time": 618.127,
            "Actual Rows": 1,
            "Actual Loops": 2,
            "Plans": [
              {
                "Node Type": "Hash Join",
                "Parent Relationship": "Outer",
                "Parallel Aware": true,
                "Join Type": "Inner",
                "Startup Cost": 118344.6,
                "Total Cost": 158856.95,
                "Plan Rows": 105246,
                "Plan Width": 0,
                "Actual Startup Time": 430.916,
                "Actual Total Time": 618.09,
                "Actual Rows": 492,
                "Actual Loops": 2,
                "Inner Unique": false,
                "Hash Cond": "(mc.movie_id = t.id)",
                "Plans": [
                  {
                    "Node Type": "Seq Scan",
                    "Parent Relationship": "Outer",
                    "Parallel Aware": true,
                    "Relation Name": "movie_companies",
                    "Alias": "mc",
                    "Startup Cost": 0.0,
                    "Total Cost": 34137.82,
                    "Plan Rows": 1534782,
                    "Plan Width": 4,
                    "Actual Startup Time": 0.012,
                    "Actual Total Time": 97.602,
                    "Actual Rows": 1304564,
                    "Actual Loops": 2
                  },
                  {
                    "Node Type": "Hash",
                    "Parent Relationship": "Inner",
                    "Parallel Aware": true,
                    "Startup Cost": 117069.77,
                    "Total Cost": 117069.77,
                    "Plan Rows": 101986,
                    "Plan Width": 8,
                    "Actual Startup Time": 419.294,
                    "Actual Total Time": 419.298,
                    "Actual Rows": 214,
                    "Actual Loops": 2,
                    "Hash Buckets": 262144,
                    "Original Hash Buckets": 262144,
                    "Hash Batches": 1,
                    "Original Hash Batches": 1,
                    "Peak Memory Usage": 2112,
                    "Plans": [
                      {
                        "Node Type": "Hash Join",
                        "Parent Relationship": "Outer",
                        "Parallel Aware": true,
                        "Join Type": "Inner",
                        "Startup Cost": 59018.93,
                        "Total Cost": 117069.77,
                        "Plan Rows": 101986,
                        "Plan Width": 8,
                        "Actual Startup Time": 144.772,
                        "Actual Total Time": 419.089,
                        "Actual Rows": 214,
                        "Actual Loops": 2,
                        "Inner Unique": true,
                        "Hash Cond": "(mk.movie_id = t.id)",
                        "Plans": [
                          {
                            "Node Type": "Seq Scan",
                            "Parent Relationship": "Outer",
                            "Parallel Aware": true,
                            "Relation Name": "movie_keyword",
                            "Alias": "mk",
                            "Startup Cost": 0.0,
                            "Total Cost": 51065.35,
                            "Plan Rows": 2661135,
                            "Plan Width": 4,
                            "Actual Startup Time": 0.012,
                            "Actual Total Time": 150.456,
                            "Actual Rows": 2261965,
                            "Actual Loops": 2
                          },
                          {
                            "Node Type": "Hash",
                            "Parent Relationship": "Inner",
                            "Parallel Aware": true,
                            "Startup Cost": 58306.47,
                            "Total Cost": 58306.47,
                            "Plan Rows": 56997,
                            "Plan Width": 4,
                            "Actual Startup Time": 130.327,
                            "Actual Total Time": 130.328,
                            "Actual Rows": 986,
                            "Actual Loops": 2,
                            "Hash Buckets": 131072,
                            "Original Hash Buckets": 131072,
                            "Hash Batches": 1,
                            "Original Hash Batches": 1,
                            "Peak Memory Usage": 1152,
                            "Plans": [
                              {
                                "Node Type": "Seq Scan",
                                "Parent Relationship": "Outer",
                                "Parallel Aware": true,
                                "Relation Name": "title",
                                "Alias": "t",
                                "Startup Cost": 0.0,
                                "Total Cost": 58306.47,
                                "Plan Rows": 56997,
                                "Plan Width": 4,
                                "Actual Startup Time": 0.46,
                                "Actual Total Time": 129.69,
                                "Actual Rows": 986,
                                "Actual Loops": 2,
                                "Filter": "((production_year < 1950) AND (kind_id = 7))",
                                "Rows Removed by Filter": 1263170
                              }
                            ]
                          }
                        ]
                      }
                    ]
                  }
                ]
              }
            ]
          }
        ]
      }
    ]
  },
  "Planning Time": 1.001,
  "Triggers": [],
  "Execution Time": 646.006
}