[
  {
    "Plan": {
      "Node Type": "Aggregate",
      "Strategy": "Plain",
      "Partial Mode": "Finalize",
      "Parallel Aware": false,
      "Startup Cost": 388281.85,
      "Total Cost": 388281.86,
      "Plan Rows": 1,
      "Plan Width": 8,
      "Actual Startup Time": 805.969,
      "Actual Total Time": 835.028,
      "Actual Rows": 1,
      "Actual Loops": 1,
      "Plans": [
        {
          "Node Type": "Gather",
          "Parent Relationship": "Outer",
          "Parallel Aware": false,
          "Startup Cost": 388281.22,
          "Total Cost": 388281.83,
          "Plan Rows": 6,
          "Plan Width": 8,
          "Actual Startup Time": 802.755,
          "Actual Total Time": 835.018,
          "Actual Rows": 7,
          "Actual Loops": 1,
          "Workers Planned": 6,
          "Workers Launched": 6,
          "Single Copy": false,
          "Plans": [
            {
              "Node Type": "Aggregate",
              "Strategy": "Plain",
              "Partial Mode": "Partial",
              "Parent Relationship": "Outer",
              "Parallel Aware": false,
              "Startup Cost": 387281.22,
              "Total Cost": 387281.23,
              "Plan Rows": 1,
              "Plan Width": 8,
              "Actual Startup Time": 791.894,
              "Actual Total Time": 791.897,
              "Actual Rows": 1,
              "Actual Loops": 7,
              "Plans": [
                {
                  "Node Type": "Hash Join",
                  "Parent Relationship": "Outer",
                  "Parallel Aware": true,
                  "Join Type": "Inner",
                  "Startup Cost": 46665.64,
                  "Total Cost": 386608.23,
                  "Plan Rows": 269196,
                  "Plan Width": 0,
                  "Actual Startup Time": 95.682,
                  "Actual Total Time": 782.346,
                  "Actual Rows": 211395,
                  "Actual Loops": 7,
                  "Inner Unique": true,
                  "Hash Cond": "(ci.movie_id = t.id)",
                  "Plans": [
                    {
                      "Node Type": "Index Scan",
                      "Parent Relationship": "Outer",
                      "Parallel Aware": true,
                      "Scan Direction": "Forward",
                      "Index Name": "role_id_cast_info",
                      "Relation Name": "cast_info",
                      "Alias": "ci",
                      "Startup Cost": 0.56,
                      "Total Cost": 335235.55,
                      "Plan Rows": 1793371,
                      "Plan Width": 4,
                      "Actual Startup Time": 0.308,
                      "Actual Total Time": 384.044,
                      "Actual Rows": 1810098,
                      "Actual Loops": 7,
                      "Index Cond": "(role_id = 1)",
                      "Rows Removed by Index Recheck": 0,
                      "Filter": "(person_id < 3196620)",
                      "Rows Removed by Filter": 0
                    },
                    {
                      "Node Type": "Hash",
                      "Parent Relationship": "Inner",
                      "Parallel Aware": true,
                      "Startup Cost": 45479.1,
                      "Total Cost": 45479.1,
                      "Plan Rows": 94878,
                      "Plan Width": 4,
                      "Actual Startup Time": 93.055,
                      "Actual Total Time": 93.057,
                      "Actual Rows": 42777,
                      "Actual Loops": 7,
                      "Hash Buckets": 524288,
                      "Original Hash Buckets": 524288,
                      "Hash Batches": 1,
                      "Original Hash Batches": 1,
                      "Peak Memory Usage": 15968,
                      "Plans": [
                        {
                          "Node Type": "Seq Scan",
                          "Parent Relationship": "Outer",
                          "Parallel Aware": true,
                          "Relation Name": "title",
                          "Alias": "t",
                          "Startup Cost": 0.0,
                          "Total Cost": 45479.1,
                          "Plan Rows": 94878,
                          "Plan Width": 4,
                          "Actual Startup Time": 0.049,
                          "Actual Total Time": 73.59,
                          "Actual Rows": 42777,
                          "Actual Loops": 7,
                          "Filter": "((kind_id < 3) AND (production_year > 2002))",
                          "Rows Removed by Filter": 318410
                        }
                      ]
                    }
                  ]
                }
              ]
            }
          ]
        }
      ]
    },
    "Planning Time": 0.648,
    "Triggers": [],
    "Execution Time": 835.122
  }
]