[
  {
    "Plan": {
      "Node Type": "Aggregate",
      "Strategy": "Plain",
      "Partial Mode": "Finalize",
      "Parallel Aware": false,
      "Startup Cost": 44726.9,
      "Total Cost": 44726.91,
      "Plan Rows": 1,
      "Plan Width": 8,
      "Actual Startup Time": 133.526,
      "Actual Total Time": 143.387,
      "Actual Rows": 1,
      "Actual Loops": 1,
      "Plans": [
        {
          "Node Type": "Gather",
          "Parent Relationship": "Outer",
          "Parallel Aware": false,
          "Startup Cost": 44726.58,
          "Total Cost": 44726.89,
          "Plan Rows": 3,
          "Plan Width": 8,
          "Actual Startup Time": 133.444,
          "Actual Total Time": 143.371,
          "Actual Rows": 4,
          "Actual Loops": 1,
          "Workers Planned": 3,
          "Workers Launched": 3,
          "Single Copy": false,
          "Plans": [
            {
              "Node Type": "Aggregate",
              "Strategy": "Plain",
              "Partial Mode": "Partial",
              "Parent Relationship": "Outer",
              "Parallel Aware": false,
              "Startup Cost": 43726.58,
              "Total Cost": 43726.59,
              "Plan Rows": 1,
              "Plan Width": 8,
              "Actual Startup Time": 127.755,
              "Actual Total Time": 127.756,
              "Actual Rows": 1,
              "Actual Loops": 4,
              "Plans": [
                {
                  "Node Type": "Seq Scan",
                  "Parent Relationship": "Outer",
                  "Parallel Aware": true,
                  "Relation Name": "movie_keyword",
                  "Alias": "mk",
                  "Startup Cost": 0.0,
                  "Total Cost": 42695.65,
                  "Plan Rows": 412372,
                  "Plan Width": 0,
                  "Actual Startup Time": 2.04,
                  "Actual Total Time": 110.768,
                  "Actual Rows": 320871,
                  "Actual Loops": 4,
                  "Filter": "(keyword_id > 13773)",
                  "Rows Removed by Filter": 810111
                }
              ]
            }
          ]
        }
      ]
    },
    "Planning Time": 0.161,
    "Triggers": [],
    "Execution Time": 143.438
  }
]