[
  {
    "Plan": {
      "Node Type": "Aggregate",
      "Strategy": "Plain",
      "Partial Mode": "Finalize",
      "Parallel Aware": false,
      "Startup Cost": 33959.67,
      "Total Cost": 33959.68,
      "Plan Rows": 1,
      "Plan Width": 8,
      "Actual Startup Time": 86.423,
      "Actual Total Time": 92.166,
      "Actual Rows": 1,
      "Actual Loops": 1,
      "Plans": [
        {
          "Node Type": "Gather",
          "Parent Relationship": "Outer",
          "Parallel Aware": false,
          "Startup Cost": 33959.35,
          "Total Cost": 33959.66,
          "Plan Rows": 3,
          "Plan Width": 8,
          "Actual Startup Time": 86.065,
          "Actual Total Time": 92.154,
          "Actual Rows": 4,
          "Actual Loops": 1,
          "Workers Planned": 3,
          "Workers Launched": 3,
          "Single Copy": false,
          "Plans": [
            {
              "Node Type": "Aggregate",
              "Strategy": "Plain",
              "Partial Mode": "Partial",
              "Parent Relationship": "Outer",
              "Parallel Aware": false,
              "Startup Cost": 32959.35,
              "Total Cost": 32959.36,
              "Plan Rows": 1,
              "Plan Width": 8,
              "Actual Startup Time": 80.629,
              "Actual Total Time": 80.631,
              "Actual Rows": 1,
              "Actual Loops": 4,
              "Plans": [
                {
                  "Node Type": "Bitmap Heap Scan",
                  "Parent Relationship": "Outer",
                  "Parallel Aware": true,
                  "Relation Name": "movie_keyword",
                  "Alias": "mk",
                  "Startup Cost": 6926.01,
                  "Total Cost": 32696.13,
                  "Plan Rows": 105289,
                  "Plan Width": 0,
                  "Actual Startup Time": 21.369,
                  "Actual Total Time": 75.514,
                  "Actual Rows": 81782,
                  "Actual Loops": 4,
                  "Recheck Cond": "(keyword_id > 50306)",
                  "Rows Removed by Index Recheck": 0,
                  "Exact Heap Blocks": 10106,
                  "Lossy Heap Blocks": 0,
                  "Plans": [
                    {
                      "Node Type": "Bitmap Index Scan",
                      "Parent Relationship": "Outer",
                      "Parallel Aware": false,
                      "Index Name": "keyword_id_movie_keyword",
                      "Startup Cost": 0.0,
                      "Total Cost": 6844.41,
                      "Plan Rows": 326397,
                      "Plan Width": 0,
                      "Actual Startup Time": 22.79,
                      "Actual Total Time": 22.791,
                      "Actual Rows": 327129,
                      "Actual Loops": 1,
                      "Index Cond": "(keyword_id > 50306)"
                    }
                  ]
                }
              ]
            }
          ]
        }
      ]
    },
    "Planning Time": 0.093,
    "Triggers": [],
    "Execution Time": 92.206
  }
]