[
  {
    "Plan": {
      "Node Type": "Aggregate",
      "Strategy": "Plain",
      "Partial Mode": "Finalize",
      "Parallel Aware": false,
      "Startup Cost": 34176.68,
      "Total Cost": 34176.69,
      "Plan Rows": 1,
      "Plan Width": 8,
      "Actual Startup Time": 113.15,
      "Actual Total Time": 121.116,
      "Actual Rows": 1,
      "Actual Loops": 1,
      "Plans": [
        {
          "Node Type": "Gather",
          "Parent Relationship": "Outer",
          "Parallel Aware": false,
          "Startup Cost": 34176.36,
          "Total Cost": 34176.67,
          "Plan Rows": 3,
          "Plan Width": 8,
          "Actual Startup Time": 112.833,
          "Actual Total Time": 121.106,
          "Actual Rows": 4,
          "Actual Loops": 1,
          "Workers Planned": 3,
          "Workers Launched": 3,
          "Single Copy": false,
          "Plans": [
            {
              "Node Type": "Aggregate",
              "Strategy": "Plain",
              "Partial Mode": "Partial",
              "Parent Relationship": "Outer",
              "Parallel Aware": false,
              "Startup Cost": 33176.36,
              "Total Cost": 33176.37,
              "Plan Rows": 1,
              "Plan Width": 8,
              "Actual Startup Time": 107.118,
              "Actual Total Time": 107.12,
              "Actual Rows": 1,
              "Actual Loops": 4,
              "Plans": [
                {
                  "Node Type": "Bitmap Heap Scan",
                  "Parent Relationship": "Outer",
                  "Parallel Aware": true,
                  "Relation Name": "movie_keyword",
                  "Alias": "mk",
                  "Startup Cost": 7102.66,
                  "Total Cost": 32906.41,
                  "Plan Rows": 107980,
                  "Plan Width": 0,
                  "Actual Startup Time": 36.249,
                  "Actual Total Time": 101.255,
                  "Actual Rows": 81782,
                  "Actual Loops": 4,
                  "Recheck Cond": "(keyword_id > 50306)",
                  "Rows Removed by Index Recheck": 0,
                  "Exact Heap Blocks": 8637,
                  "Lossy Heap Blocks": 0,
                  "Plans": [
                    {
                      "Node Type": "Bitmap Index Scan",
                      "Parent Relationship": "Outer",
                      "Parallel Aware": false,
                      "Index Name": "keyword_id_movie_keyword",
                      "Startup Cost": 0.0,
                      "Total Cost": 7018.97,
                      "Plan Rows": 334739,
                      "Plan Width": 0,
                      "Actual Startup Time": 34.951,
                      "Actual Total Time": 34.952,
                      "Actual Rows": 327129,
                      "Actual Loops": 1,
                      "Index Cond": "(keyword_id > 50306)"
                    }
                  ]
                }
              ]
            }
          ]
        }
      ]
    },
    "Planning Time": 0.18,
    "Triggers": [],
    "Execution Time": 121.193
  }
]