{
  "Plan": {
    "Node Type": "Aggregate",
    "Strategy": "Plain",
    "Partial Mode": "Finalize",
    "Parallel Aware": false,
    "Startup Cost": 56979.3,
    "Total Cost": 56979.31,
    "Plan Rows": 1,
    "Plan Width": 8,
    "Actual Startup Time": 111.212,
    "Actual Total Time": 117.785,
    "Actual Rows": 1,
    "Actual Loops": 1,
    "Plans": [
      {
        "Node Type": "Gather",
        "Parent Relationship": "Outer",
        "Parallel Aware": false,
        "Startup Cost": 56979.19,
        "Total Cost": 56979.3,
        "Plan Rows": 1,
        "Plan Width": 8,
        "Actual Startup Time": 110.949,
        "Actual Total Time": 117.778,
        "Actual Rows": 2,
        "Actual Loops": 1,
        "Workers Planned": 1,
        "Workers Launched": 1,
        "Single Copy": false,
        "Plans": [
          {
            "Node Type": "Aggregate",
            "Strategy": "Plain",
            "Partial Mode": "Partial",
            "Parent Relationship": "Outer",
            "Parallel Aware": false,
            "Startup Cost": 55979.19,
            "Total Cost": 55979.2,
            "Plan Rows": 1,
            "Plan Width": 8,
            "Actual Startup Time": 104.909,
            "Actual Total Time": 104.911,
            "Actual Rows": 1,
            "Actual Loops": 2,
            "Plans": [
              {
                "Node Type": "Nested Loop",
                "Parent Relationship": "Outer",
                "Parallel Aware": false,
                "Join Type": "Inner",
                "Startup Cost": 11823.4,
                "Total Cost": 55978.81,
                "Plan Rows": 152,
                "Plan Width": 0,
                "Actual Startup Time": 41.448,
                "Actual Total Time": 104.795,
                "Actual Rows": 1322,
                "Actual Loops": 2,
                "Inner Unique": false,
                "Plans": [
                  {
                    "Node Type": "Bitmap Heap Scan",
                    "Parent Relationship": "Outer",
                    "Parallel Aware": true,
                    "Relation Name": "title",
                    "Alias": "t",
                    "Startup Cost": 11822.97,
                    "Total Cost": 53673.23,
                    "Plan Rows": 279,
                    "Plan Width": 4,
                    "Actual Startup Time": 41.251,
                    "Actual Total Time": 96.077,
                    "Actual Rows": 1283,
                    "Actual Loops": 2,
                    "Recheck Cond": "(kind_id = 1)",
                    "Rows Removed by Index Recheck": 0,
                    "Filter": "(production_year = 1932)",
                    "Rows Removed by Filter": 330130,
                    "Exact Heap Blocks": 9283,
                    "Lossy Heap Blocks": 0,
                    "Plans": [
                      {
                        "Node Type": "Bitmap Index Scan",
                        "Parent Relationship": "Outer",
                        "Parallel Aware": false,
                        "Index Name": "kind_id_title",
                        "Startup Cost": 0.0,
                        "Total Cost": 11822.85,
                        "Plan Rows": 663256,
                        "Plan Width": 0,
                        "Actual Startup Time": 43.713,
                        "Actual Total Time": 43.714,
                        "Actual Rows": 662825,
                        "Actual Loops": 1,
                        "Index Cond": "(kind_id = 1)"
                      }
                    ]
                  },
                  {
                    "Node Type": "Index Only Scan",
                    "Parent Relationship": "Inner",
                    "Parallel Aware": false,
                    "Scan Direction": "Forward",
                    "Index Name": "movie_id_movie_info_idx",
                    "Relation Name": "movie_info_idx",
                    "Alias": "mi_idx",
                    "Startup Cost": 0.43,
                    "Total Cost": 8.23,
                    "Plan Rows": 3,
                    "Plan Width": 4,
                    "Actual Startup Time": 0.006,
                    "Actual Total Time": 0.006,
                    "Actual Rows": 1,
                    "Actual Loops": 2566,
                    "Index Cond": "(movie_id = t.id)",
                    "Rows Removed by Index Recheck": 0,
                    "Heap Fetches": 2643
                  }
                ]
              }
            ]
          }
        ]
      }
    ]
  },
  "Planning Time": 0.496,
  "Triggers": [],
  "Execution Time": 117.877
}