[
  {
    "Plan": {
      "Node Type": "Aggregate",
      "Strategy": "Plain",
      "Partial Mode": "Finalize",
      "Parallel Aware": false,
      "Startup Cost": 349062.5,
      "Total Cost": 349062.51,
      "Plan Rows": 1,
      "Plan Width": 8,
      "Actual Startup Time": 683.146,
      "Actual Total Time": 736.456,
      "Actual Rows": 1,
      "Actual Loops": 1,
      "Plans": [
        {
          "Node Type": "Gather",
          "Parent Relationship": "Outer",
          "Parallel Aware": false,
          "Startup Cost": 349061.87,
          "Total Cost": 349062.48,
          "Plan Rows": 6,
          "Plan Width": 8,
          "Actual Startup Time": 682.965,
          "Actual Total Time": 736.439,
          "Actual Rows": 7,
          "Actual Loops": 1,
          "Workers Planned": 6,
          "Workers Launched": 6,
          "Single Copy": false,
          "Plans": [
            {
              "Node Type": "Aggregate",
              "Strategy": "Plain",
              "Partial Mode": "Partial",
              "Parent Relationship": "Outer",
              "Parallel Aware": false,
              "Startup Cost": 348061.87,
              "Total Cost": 348061.88,
              "Plan Rows": 1,
              "Plan Width": 8,
              "Actual Startup Time": 675.862,
              "Actual Total Time": 675.864,
              "Actual Rows": 1,
              "Actual Loops": 7,
              "Plans": [
                {
                  "Node Type": "Seq Scan",
                  "Parent Relationship": "Outer",
                  "Parallel Aware": true,
                  "Relation Name": "cast_info",
                  "Alias": "ci",
                  "Startup Cost": 0.0,
                  "Total Cost": 343316.27,
                  "Plan Rows": 1898241,
                  "Plan Width": 0,
                  "Actual Startup Time": 228.089,
                  "Actual Total Time": 638.733,
                  "Actual Rows": 712199,
                  "Actual Loops": 7,
                  "Filter": "((person_id < 1748346) AND (role_id > 1))",
                  "Rows Removed by Filter": 4465565
                }
              ]
            }
          ]
        }
      ]
    },
    "Planning Time": 0.095,
    "Triggers": [],
    "Execution Time": 736.498
  }
]