[
  {
    "Plan": {
      "Node Type": "Aggregate",
      "Strategy": "Plain",
      "Partial Mode": "Finalize",
      "Parallel Aware": false,
      "Startup Cost": 17720.28,
      "Total Cost": 17720.29,
      "Plan Rows": 1,
      "Plan Width": 8,
      "Actual Startup Time": 12.847,
      "Actual Total Time": 15.57,
      "Actual Rows": 1,
      "Actual Loops": 1,
      "Plans": [
        {
          "Node Type": "Gather",
          "Parent Relationship": "Outer",
          "Parallel Aware": false,
          "Startup Cost": 17720.06,
          "Total Cost": 17720.27,
          "Plan Rows": 2,
          "Plan Width": 8,
          "Actual Startup Time": 12.604,
          "Actual Total Time": 15.56,
          "Actual Rows": 3,
          "Actual Loops": 1,
          "Workers Planned": 2,
          "Workers Launched": 2,
          "Single Copy": false,
          "Plans": [
            {
              "Node Type": "Aggregate",
              "Strategy": "Plain",
              "Partial Mode": "Partial",
              "Parent Relationship": "Outer",
              "Parallel Aware": false,
              "Startup Cost": 16720.06,
              "Total Cost": 16720.07,
              "Plan Rows": 1,
              "Plan Width": 8,
              "Actual Startup Time": 8.639,
              "Actual Total Time": 8.641,
              "Actual Rows": 1,
              "Actual Loops": 3,
              "Plans": [
                {
                  "Node Type": "Nested Loop",
                  "Parent Relationship": "Outer",
                  "Parallel Aware": false,
                  "Join Type": "Inner",
                  "Startup Cost": 87.15,
                  "Total Cost": 16719.09,
                  "Plan Rows": 389,
                  "Plan Width": 0,
                  "Actual Startup Time": 8.364,
                  "Actual Total Time": 8.633,
                  "Actual Rows": 16,
                  "Actual Loops": 3,
                  "Inner Unique": false,
                  "Plans": [
                    {
                      "Node Type": "Nested Loop",
                      "Parent Relationship": "Outer",
                      "Parallel Aware": false,
                      "Join Type": "Inner",
                      "Startup Cost": 86.72,
                      "Total Cost": 16288.74,
                      "Plan Rows": 218,
                      "Plan Width": 8,
                      "Actual Startup Time": 7.835,
                      "Actual Total Time": 8.276,
                      "Actual Rows": 15,
                      "Actual Loops": 3,
                      "Inner Unique": true,
                      "Plans": [
                        {
                          "Node Type": "Bitmap Heap Scan",
                          "Parent Relationship": "Outer",
                          "Parallel Aware": true,
                          "Relation Name": "movie_companies",
                          "Alias": "mc",
                          "Startup Cost": 86.29,
                          "Total Cost": 9671.38,
                          "Plan Rows": 833,
                          "Plan Width": 4,
                          "Actual Startup Time": 7.741,
                          "Actual Total Time": 7.86,
                          "Actual Rows": 15,
                          "Actual Loops": 3,
                          "Recheck Cond": "(company_id = 11138)",
                          "Rows Removed by Index Recheck": 0,
                          "Filter": "(company_type_id > 1)",
                          "Rows Removed by Filter": 1379,
                          "Exact Heap Blocks": 1360,
                          "Lossy Heap Blocks": 0,
                          "Plans": [
                            {
                              "Node Type": "Bitmap Index Scan",
                              "Parent Relationship": "Outer",
                              "Parallel Aware": false,
                              "Index Name": "company_id_movie_companies",
                              "Startup Cost": 0.0,
                              "Total Cost": 85.79,
                              "Plan Rows": 3914,
                              "Plan Width": 0,
                              "Actual Startup Time": 4.012,
                              "Actual Total Time": 4.013,
                              "Actual Rows": 4181,
                              "Actual Loops": 1,
                              "Index Cond": "(company_id = 11138)"
                            }
                          ]
                        },
                        {
                          "Node Type": "Index Scan",
                          "Parent Relationship": "Inner",
                          "Parallel Aware": false,
                          "Scan Direction": "Forward",
                          "Index Name": "title_pkey",
                          "Relation Name": "title",
                          "Alias": "t",
                          "Startup Cost": 0.43,
                          "Total Cost": 7.94,
                          "Plan Rows": 1,
                          "Plan Width": 4,
                          "Actual Startup Time": 0.026,
                          "Actual Total Time": 0.026,
                          "Actual Rows": 1,
                          "Actual Loops": 45,
                          "Index Cond": "(id = mc.movie_id)",
                          "Rows Removed by Index Recheck": 0,
                          "Filter": "(kind_id = 1)",
                          "Rows Removed by Filter": 0
                        }
                      ]
                    },
                    {
                      "Node Type": "Index Only Scan",
                      "Parent Relationship": "Inner",
                      "Parallel Aware": false,
                      "Scan Direction": "Forward",
                      "Index Name": "movie_id_movie_keyword",
                      "Relation Name": "movie_keyword",
                      "Alias": "mk",
                      "Startup Cost": 0.43,
                      "Total Cost": 1.51,
                      "Plan Rows": 46,
                      "Plan Width": 4,
                      "Actual Startup Time": 0.022,
                      "Actual Total Time": 0.023,
                      "Actual Rows": 1,
                      "Actual Loops": 45,
                      "Index Cond": "(movie_id = t.id)",
                      "Rows Removed by Index Recheck": 0,
                      "Heap Fetches": 48
                    }
                  ]
                }
              ]
            }
          ]
        }
      ]
    },
    "Planning Time": 1.509,
    "Triggers": [],
    "Execution Time": 15.682
  }
]