[
  {
    "Plan": {
      "Node Type": "Aggregate",
      "Strategy": "Plain",
      "Partial Mode": "Simple",
      "Parallel Aware": false,
      "Startup Cost": 26852.92,
      "Total Cost": 26852.93,
      "Plan Rows": 1,
      "Plan Width": 8,
      "Actual Startup Time": 30.054,
      "Actual Total Time": 30.055,
      "Actual Rows": 1,
      "Actual Loops": 1,
      "Plans": [
        {
          "Node Type": "Bitmap Heap Scan",
          "Parent Relationship": "Outer",
          "Parallel Aware": false,
          "Relation Name": "movie_keyword",
          "Alias": "mk",
          "Startup Cost": 849.84,
          "Total Cost": 26753.11,
          "Plan Rows": 39924,
          "Plan Width": 0,
          "Actual Startup Time": 4.954,
          "Actual Total Time": 27.767,
          "Actual Rows": 41888,
          "Actual Loops": 1,
          "Recheck Cond": "(keyword_id > 103633)",
          "Rows Removed by Index Recheck": 0,
          "Exact Heap Blocks": 10877,
          "Lossy Heap Blocks": 0,
          "Plans": [
            {
              "Node Type": "Bitmap Index Scan",
              "Parent Relationship": "Outer",
              "Parallel Aware": false,
              "Index Name": "keyword_id_movie_keyword",
              "Startup Cost": 0.0,
              "Total Cost": 839.86,
              "Plan Rows": 39924,
              "Plan Width": 0,
              "Actual Startup Time": 3.312,
              "Actual Total Time": 3.312,
              "Actual Rows": 41888,
              "Actual Loops": 1,
              "Index Cond": "(keyword_id > 103633)"
            }
          ]
        }
      ]
    },
    "Planning Time": 0.126,
    "Triggers": [],
    "Execution Time": 30.082
  }
]