[
  {
    "Plan": {
      "Node Type": "Aggregate",
      "Strategy": "Plain",
      "Partial Mode": "Finalize",
      "Parallel Aware": false,
      "Startup Cost": 350892.05,
      "Total Cost": 350892.07,
      "Plan Rows": 1,
      "Plan Width": 8,
      "Actual Startup Time": 917.001,
      "Actual Total Time": 984.572,
      "Actual Rows": 1,
      "Actual Loops": 1,
      "Plans": [
        {
          "Node Type": "Gather",
          "Parent Relationship": "Outer",
          "Parallel Aware": false,
          "Startup Cost": 350891.43,
          "Total Cost": 350892.04,
          "Plan Rows": 6,
          "Plan Width": 8,
          "Actual Startup Time": 916.723,
          "Actual Total Time": 984.558,
          "Actual Rows": 7,
          "Actual Loops": 1,
          "Workers Planned": 6,
          "Workers Launched": 6,
          "Single Copy": false,
          "Plans": [
            {
              "Node Type": "Aggregate",
              "Strategy": "Plain",
              "Partial Mode": "Partial",
              "Parent Relationship": "Outer",
              "Parallel Aware": false,
              "Startup Cost": 349891.43,
              "Total Cost": 349891.44,
              "Plan Rows": 1,
              "Plan Width": 8,
              "Actual Startup Time": 906.469,
              "Actual Total Time": 906.471,
              "Actual Rows": 1,
              "Actual Loops": 7,
              "Plans": [
                {
                  "Node Type": "Seq Scan",
                  "Parent Relationship": "Outer",
                  "Parallel Aware": true,
                  "Relation Name": "cast_info",
                  "Alias": "ci",
                  "Startup Cost": 0.0,
                  "Total Cost": 343316.27,
                  "Plan Rows": 2630064,
                  "Plan Width": 0,
                  "Actual Startup Time": 396.595,
                  "Actual Total Time": 791.82,
                  "Actual Rows": 2280854,
                  "Actual Loops": 7,
                  "Filter": "((person_id > 64889) AND (role_id > 2))",
                  "Rows Removed by Filter": 2896909
                }
              ]
            }
          ]
        }
      ]
    },
    "Planning Time": 0.155,
    "Triggers": [],
    "Execution Time": 984.627
  }
]