[
  {
    "Plan": {
      "Node Type": "Aggregate",
      "Strategy": "Plain",
      "Partial Mode": "Finalize",
      "Parallel Aware": false,
      "Startup Cost": 350969.6,
      "Total Cost": 350969.61,
      "Plan Rows": 1,
      "Plan Width": 8,
      "Actual Startup Time": 776.433,
      "Actual Total Time": 845.512,
      "Actual Rows": 1,
      "Actual Loops": 1,
      "Plans": [
        {
          "Node Type": "Gather",
          "Parent Relationship": "Outer",
          "Parallel Aware": false,
          "Startup Cost": 350968.97,
          "Total Cost": 350969.58,
          "Plan Rows": 6,
          "Plan Width": 8,
          "Actual Startup Time": 776.289,
          "Actual Total Time": 845.501,
          "Actual Rows": 7,
          "Actual Loops": 1,
          "Workers Planned": 6,
          "Workers Launched": 6,
          "Single Copy": false,
          "Plans": [
            {
              "Node Type": "Aggregate",
              "Strategy": "Plain",
              "Partial Mode": "Partial",
              "Parent Relationship": "Outer",
              "Parallel Aware": false,
              "Startup Cost": 349968.97,
              "Total Cost": 349968.98,
              "Plan Rows": 1,
              "Plan Width": 8,
              "Actual Startup Time": 765.808,
              "Actual Total Time": 765.809,
              "Actual Rows": 1,
              "Actual Loops": 7,
              "Plans": [
                {
                  "Node Type": "Seq Scan",
                  "Parent Relationship": "Outer",
                  "Parallel Aware": true,
                  "Relation Name": "cast_info",
                  "Alias": "ci",
                  "Startup Cost": 0.0,
                  "Total Cost": 343257.03,
                  "Plan Rows": 2684778,
                  "Plan Width": 0,
                  "Actual Startup Time": 344.249,
                  "Actual Total Time": 672.335,
                  "Actual Rows": 2280854,
                  "Actual Loops": 7,
                  "Filter": "((person_id > 64889) AND (role_id > 2))",
                  "Rows Removed by Filter": 2896909
                }
              ]
            }
          ]
        }
      ]
    },
    "Planning Time": 0.237,
    "Triggers": [],
    "Execution Time": 845.58
  }
]