{
  "Plan": {
    "Node Type": "Aggregate",
    "Strategy": "Plain",
    "Partial Mode": "Finalize",
    "Parallel Aware": false,
    "Startup Cost": 49852.52,
    "Total Cost": 49852.53,
    "Plan Rows": 1,
    "Plan Width": 8,
    "Actual Startup Time": 56.26,
    "Actual Total Time": 65.389,
    "Actual Rows": 1,
    "Actual Loops": 1,
    "Plans": [
      {
        "Node Type": "Gather",
        "Parent Relationship": "Outer",
        "Parallel Aware": false,
        "Startup Cost": 49852.41,
        "Total Cost": 49852.52,
        "Plan Rows": 1,
        "Plan Width": 8,
        "Actual Startup Time": 56.133,
        "Actual Total Time": 65.383,
        "Actual Rows": 2,
        "Actual Loops": 1,
        "Workers Planned": 1,
        "Workers Launched": 1,
        "Single Copy": false,
        "Plans": [
          {
            "Node Type": "Aggregate",
            "Strategy": "Plain",
            "Partial Mode": "Partial",
            "Parent Relationship": "Outer",
            "Parallel Aware": false,
            "Startup Cost": 48852.41,
            "Total Cost": 48852.42,
            "Plan Rows": 1,
            "Plan Width": 8,
            "Actual Startup Time": 50.264,
            "Actual Total Time": 50.265,
            "Actual Rows": 1,
            "Actual Loops": 2,
            "Plans": [
              {
                "Node Type": "Nested Loop",
                "Parent Relationship": "Outer",
                "Parallel Aware": false,
                "Join Type": "Inner",
                "Startup Cost": 170.8,
                "Total Cost": 48840.66,
                "Plan Rows": 4701,
                "Plan Width": 0,
                "Actual Startup Time": 4.191,
                "Actual Total Time": 49.767,
                "Actual Rows": 3664,
                "Actual Loops": 2,
                "Inner Unique": true,
                "Plans": [
                  {
                    "Node Type": "Bitmap Heap Scan",
                    "Parent Relationship": "Outer",
                    "Parallel Aware": true,
                    "Relation Name": "movie_keyword",
                    "Alias": "mk",
                    "Startup Cost": 170.37,
                    "Total Cost": 16785.14,
                    "Plan Rows": 4701,
                    "Plan Width": 4,
                    "Actual Startup Time": 4.034,
                    "Actual Total Time": 16.903,
                    "Actual Rows": 3664,
                    "Actual Loops": 2,
                    "Recheck Cond": "(keyword_id = 229)",
                    "Rows Removed by Index Recheck": 0,
                    "Exact Heap Blocks": 5124,
                    "Lossy Heap Blocks": 0,
                    "Plans": [
                      {
                        "Node Type": "Bitmap Index Scan",
                        "Parent Relationship": "Outer",
                        "Parallel Aware": false,
                        "Index Name": "keyword_id_movie_keyword",
                        "Startup Cost": 0.0,
                        "Total Cost": 168.37,
                        "Plan Rows": 7992,
                        "Plan Width": 0,
                        "Actual Startup Time": 4.607,
                        "Actual Total Time": 4.608,
                        "Actual Rows": 7328,
                        "Actual Loops": 1,
                        "Index Cond": "(keyword_id = 229)"
                      }
                    ]
                  },
                  {
                    "Node Type": "Index Only Scan",
                    "Parent Relationship": "Inner",
                    "Parallel Aware": false,
                    "Scan Direction": "Forward",
                    "Index Name": "title_pkey",
                    "Relation Name": "title",
                    "Alias": "t",
                    "Startup Cost": 0.43,
                    "Total Cost": 6.82,
                    "Plan Rows": 1,
                    "Plan Width": 4,
                    "Actual Startup Time": 0.008,
                    "Actual Total Time": 0.008,
                    "Actual Rows": 1,
                    "Actual Loops": 7328,
                    "Index Cond": "(id = mk.movie_id)",
                    "Rows Removed by Index Recheck": 0,
                    "Heap Fetches": 7328
                  }
                ]
              }
            ]
          }
        ]
      }
    ]
  },
  "Planning Time": 0.596,
  "Triggers": [],
  "Execution Time": 65.469
}