[
  {
    "Plan": {
      "Node Type": "Aggregate",
      "Strategy": "Plain",
      "Partial Mode": "Finalize",
      "Parallel Aware": false,
      "Startup Cost": 39005.77,
      "Total Cost": 39005.78,
      "Plan Rows": 1,
      "Plan Width": 8,
      "Actual Startup Time": 123.345,
      "Actual Total Time": 130.898,
      "Actual Rows": 1,
      "Actual Loops": 1,
      "Plans": [
        {
          "Node Type": "Gather",
          "Parent Relationship": "Outer",
          "Parallel Aware": false,
          "Startup Cost": 39005.46,
          "Total Cost": 39005.77,
          "Plan Rows": 3,
          "Plan Width": 8,
          "Actual Startup Time": 123.102,
          "Actual Total Time": 130.888,
          "Actual Rows": 4,
          "Actual Loops": 1,
          "Workers Planned": 3,
          "Workers Launched": 3,
          "Single Copy": false,
          "Plans": [
            {
              "Node Type": "Aggregate",
              "Strategy": "Plain",
              "Partial Mode": "Partial",
              "Parent Relationship": "Outer",
              "Parallel Aware": false,
              "Startup Cost": 38005.46,
              "Total Cost": 38005.47,
              "Plan Rows": 1,
              "Plan Width": 8,
              "Actual Startup Time": 119.416,
              "Actual Total Time": 119.417,
              "Actual Rows": 1,
              "Actual Loops": 4,
              "Plans": [
                {
                  "Node Type": "Bitmap Heap Scan",
                  "Parent Relationship": "Outer",
                  "Parallel Aware": true,
                  "Relation Name": "movie_keyword",
                  "Alias": "mk",
                  "Startup Cost": 11034.98,
                  "Total Cost": 37586.04,
                  "Plan Rows": 167765,
                  "Plan Width": 0,
                  "Actual Startup Time": 40.633,
                  "Actual Total Time": 110.824,
                  "Actual Rows": 130220,
                  "Actual Loops": 4,
                  "Recheck Cond": "(keyword_id < 382)",
                  "Rows Removed by Index Recheck": 0,
                  "Exact Heap Blocks": 10470,
                  "Lossy Heap Blocks": 0,
                  "Plans": [
                    {
                      "Node Type": "Bitmap Index Scan",
                      "Parent Relationship": "Outer",
                      "Parallel Aware": false,
                      "Index Name": "keyword_id_movie_keyword",
                      "Startup Cost": 0.0,
                      "Total Cost": 10904.97,
                      "Plan Rows": 520071,
                      "Plan Width": 0,
                      "Actual Startup Time": 39.587,
                      "Actual Total Time": 39.587,
                      "Actual Rows": 520878,
                      "Actual Loops": 1,
                      "Index Cond": "(keyword_id < 382)"
                    }
                  ]
                }
              ]
            }
          ]
        }
      ]
    },
    "Planning Time": 0.097,
    "Triggers": [],
    "Execution Time": 130.942
  }
]