{
  "Plan": {
    "Node Type": "Aggregate",
    "Strategy": "Plain",
    "Partial Mode": "Simple",
    "Parallel Aware": false,
    "Startup Cost": 3603.25,
    "Total Cost": 3603.26,
    "Plan Rows": 1,
    "Plan Width": 8,
    "Actual Startup Time": 5.502,
    "Actual Total Time": 5.505,
    "Actual Rows": 1,
    "Actual Loops": 1,
    "Plans": [
      {
        "Node Type": "Nested Loop",
        "Parent Relationship": "Outer",
        "Parallel Aware": false,
        "Join Type": "Inner",
        "Startup Cost": 1.43,
        "Total Cost": 3602.06,
        "Plan Rows": 474,
        "Plan Width": 0,
        "Actual Startup Time": 0.141,
        "Actual Total Time": 5.245,
        "Actual Rows": 767,
        "Actual Loops": 1,
        "Inner Unique": false,
        "Plans": [
          {
            "Node Type": "Nested Loop",
            "Parent Relationship": "Outer",
            "Parallel Aware": false,
            "Join Type": "Inner",
            "Startup Cost": 0.99,
            "Total Cost": 3338.07,
            "Plan Rows": 107,
            "Plan Width": 8,
            "Actual Startup Time": 0.118,
            "Actual Total Time": 1.249,
            "Actual Rows": 70,
            "Actual Loops": 1,
            "Inner Unique": true,
            "Plans": [
              {
                "Node Type": "Index Scan",
                "Parent Relationship": "Outer",
                "Parallel Aware": false,
                "Scan Direction": "Forward",
                "Index Name": "person_id_cast_info",
                "Relation Name": "cast_info",
                "Alias": "ci",
                "Startup Cost": 0.56,
                "Total Cost": 1059.67,
                "Plan Rows": 272,
                "Plan Width": 4,
                "Actual Startup Time": 0.092,
                "Actual Total Time": 0.155,
                "Actual Rows": 85,
                "Actual Loops": 1,
                "Index Cond": "(person_id = 1169980)",
                "Rows Removed by Index Recheck": 0,
                "Filter": "(role_id < 3)",
                "Rows Removed by Filter": 0
              },
              {
                "Node Type": "Index Scan",
                "Parent Relationship": "Inner",
                "Parallel Aware": false,
                "Scan Direction": "Forward",
                "Index Name": "title_pkey",
                "Relation Name": "title",
                "Alias": "t",
                "Startup Cost": 0.43,
                "Total Cost": 8.38,
                "Plan Rows": 1,
                "Plan Width": 4,
                "Actual Startup Time": 0.012,
                "Actual Total Time": 0.012,
                "Actual Rows": 1,
                "Actual Loops": 85,
                "Index Cond": "(id = ci.movie_id)",
                "Rows Removed by Index Recheck": 0,
                "Filter": "(kind_id < 7)",
                "Rows Removed by Filter": 0
              }
            ]
          },
          {
            "Node Type": "Index Scan",
            "Parent Relationship": "Inner",
            "Parallel Aware": false,
            "Scan Direction": "Forward",
            "Index Name": "movie_id_movie_info",
            "Relation Name": "movie_info",
            "Alias": "mi",
            "Startup Cost": 0.43,
            "Total Cost": 2.15,
            "Plan Rows": 32,
            "Plan Width": 4,
            "Actual Startup Time": 0.021,
            "Actual Total Time": 0.053,
            "Actual Rows": 11,
            "Actual Loops": 70,
            "Index Cond": "(movie_id = t.id)",
            "Rows Removed by Index Recheck": 0,
            "Filter": "(info_type_id > 3)",
            "Rows Removed by Filter": 3
          }
        ]
      }
    ]
  },
  "Planning Time": 1.0,
  "Triggers": [],
  "Execution Time": 5.719
}