{
  "Plan": {
    "Node Type": "Aggregate",
    "Strategy": "Plain",
    "Partial Mode": "Finalize",
    "Parallel Aware": false,
    "Startup Cost": 197695.2,
    "Total Cost": 197695.21,
    "Plan Rows": 1,
    "Plan Width": 8,
    "Actual Startup Time": 694.211,
    "Actual Total Time": 715.606,
    "Actual Rows": 1,
    "Actual Loops": 1,
    "Plans": [
      {
        "Node Type": "Gather",
        "Parent Relationship": "Outer",
        "Parallel Aware": false,
        "Startup Cost": 197695.09,
        "Total Cost": 197695.2,
        "Plan Rows": 1,
        "Plan Width": 8,
        "Actual Startup Time": 692.072,
        "Actual Total Time": 715.597,
        "Actual Rows": 2,
        "Actual Loops": 1,
        "Workers Planned": 1,
        "Workers Launched": 1,
        "Single Copy": false,
        "Plans": [
          {
            "Node Type": "Aggregate",
            "Strategy": "Plain",
            "Partial Mode": "Partial",
            "Parent Relationship": "Outer",
            "Parallel Aware": false,
            "Startup Cost": 196695.09,
            "Total Cost": 196695.1,
            "Plan Rows": 1,
            "Plan Width": 8,
            "Actual Startup Time": 686.415,
            "Actual Total Time": 686.419,
            "Actual Rows": 1,
            "Actual Loops": 2,
            "Plans": [
              {
                "Node Type": "Hash Join",
                "Parent Relationship": "Outer",
                "Parallel Aware": true,
                "Join Type": "Inner",
                "Startup Cost": 63474.26,
                "Total Cost": 196034.74,
                "Plan Rows": 264138,
                "Plan Width": 0,
                "Actual Startup Time": 255.41,
                "Actual Total Time": 680.923,
                "Actual Rows": 123814,
                "Actual Loops": 2,
                "Inner Unique": true,
                "Hash Cond": "(ci.movie_id = t.id)",
                "Plans": [
                  {
                    "Node Type": "Index Scan",
                    "Parent Relationship": "Outer",
                    "Parallel Aware": true,
                    "Scan Direction": "Forward",
                    "Index Name": "role_id_cast_info",
                    "Relation Name": "cast_info",
                    "Alias": "ci",
                    "Startup Cost": 0.56,
                    "Total Cost": 130066.5,
                    "Plan Rows": 950304,
                    "Plan Width": 4,
                    "Actual Startup Time": 0.062,
                    "Actual Total Time": 263.959,
                    "Actual Rows": 550249,
                    "Actual Loops": 2,
                    "Index Cond": "(role_id = 3)",
                    "Rows Removed by Index Recheck": 0,
                    "Filter": "(person_id < 1424802)",
                    "Rows Removed by Filter": 1453770
                  },
                  {
                    "Node Type": "Hash",
                    "Parent Relationship": "Inner",
                    "Parallel Aware": true,
                    "Startup Cost": 58306.47,
                    "Total Cost": 58306.47,
                    "Plan Rows": 413378,
                    "Plan Width": 4,
                    "Actual Startup Time": 246.401,
                    "Actual Total Time": 246.403,
                    "Actual Rows": 374966,
                    "Actual Loops": 2,
                    "Hash Buckets": 1048576,
                    "Original Hash Buckets": 1048576,
                    "Hash Batches": 1,
                    "Original Hash Batches": 1,
                    "Peak Memory Usage": 37568,
                    "Plans": [
                      {
                        "Node Type": "Seq Scan",
                        "Parent Relationship": "Outer",
                        "Parallel Aware": true,
                        "Relation Name": "title",
                        "Alias": "t",
                        "Startup Cost": 0.0,
                        "Total Cost": 58306.47,
                        "Plan Rows": 413378,
                        "Plan Width": 4,
                        "Actual Startup Time": 0.034,
                        "Actual Total Time": 155.939,
                        "Actual Rows": 374966,
                        "Actual Loops": 2,
                        "Filter": "((kind_id < 7) AND (production_year < 2009))",
                        "Rows Removed by Filter": 889190
                      }
                    ]
                  }
                ]
              }
            ]
          }
        ]
      }
    ]
  },
  "Planning Time": 0.749,
  "Triggers": [],
  "Execution Time": 715.681
}