{
  "Plan": {
    "Node Type": "Aggregate",
    "Strategy": "Plain",
    "Partial Mode": "Simple",
    "Parallel Aware": false,
    "Startup Cost": 3164.51,
    "Total Cost": 3164.52,
    "Plan Rows": 1,
    "Plan Width": 8,
    "Actual Startup Time": 36.629,
    "Actual Total Time": 36.631,
    "Actual Rows": 1,
    "Actual Loops": 1,
    "Plans": [
      {
        "Node Type": "Nested Loop",
        "Parent Relationship": "Outer",
        "Parallel Aware": false,
        "Join Type": "Inner",
        "Startup Cost": 7.35,
        "Total Cost": 3164.05,
        "Plan Rows": 186,
        "Plan Width": 0,
        "Actual Startup Time": 2.165,
        "Actual Total Time": 36.174,
        "Actual Rows": 5142,
        "Actual Loops": 1,
        "Inner Unique": false,
        "Plans": [
          {
            "Node Type": "Nested Loop",
            "Parent Relationship": "Outer",
            "Parallel Aware": false,
            "Join Type": "Inner",
            "Startup Cost": 6.78,
            "Total Cost": 3006.58,
            "Plan Rows": 13,
            "Plan Width": 8,
            "Actual Startup Time": 2.103,
            "Actual Total Time": 23.481,
            "Actual Rows": 77,
            "Actual Loops": 1,
            "Inner Unique": true,
            "Plans": [
              {
                "Node Type": "Bitmap Heap Scan",
                "Parent Relationship": "Outer",
                "Parallel Aware": false,
                "Relation Name": "movie_keyword",
                "Alias": "mk",
                "Startup Cost": 6.35,
                "Total Cost": 922.98,
                "Plan Rows": 248,
                "Plan Width": 4,
                "Actual Startup Time": 1.488,
                "Actual Total Time": 6.988,
                "Actual Rows": 2267,
                "Actual Loops": 1,
                "Recheck Cond": "(keyword_id = 1697)",
                "Rows Removed by Index Recheck": 0,
                "Exact Heap Blocks": 2033,
                "Lossy Heap Blocks": 0,
                "Plans": [
                  {
                    "Node Type": "Bitmap Index Scan",
                    "Parent Relationship": "Outer",
                    "Parallel Aware": false,
                    "Index Name": "keyword_id_movie_keyword",
                    "Startup Cost": 0.0,
                    "Total Cost": 6.29,
                    "Plan Rows": 248,
                    "Plan Width": 0,
                    "Actual Startup Time": 0.819,
                    "Actual Total Time": 0.819,
                    "Actual Rows": 2267,
                    "Actual Loops": 1,
                    "Index Cond": "(keyword_id = 1697)"
                  }
                ]
              },
              {
                "Node Type": "Index Scan",
                "Parent Relationship": "Inner",
                "Parallel Aware": false,
                "Scan Direction": "Forward",
                "Index Name": "title_pkey",
                "Relation Name": "title",
                "Alias": "t",
                "Startup Cost": 0.43,
                "Total Cost": 8.4,
                "Plan Rows": 1,
                "Plan Width": 4,
                "Actual Startup Time": 0.007,
                "Actual Total Time": 0.007,
                "Actual Rows": 0,
                "Actual Loops": 2267,
                "Index Cond": "(id = mk.movie_id)",
                "Rows Removed by Index Recheck": 0,
                "Filter": "(production_year = 2009)",
                "Rows Removed by Filter": 1
              }
            ]
          },
          {
            "Node Type": "Index Only Scan",
            "Parent Relationship": "Inner",
            "Parallel Aware": false,
            "Scan Direction": "Forward",
            "Index Name": "movie_id_cast_info",
            "Relation Name": "cast_info",
            "Alias": "ci",
            "Startup Cost": 0.56,
            "Total Cost": 11.74,
            "Plan Rows": 37,
            "Plan Width": 4,
            "Actual Startup Time": 0.022,
            "Actual Total Time": 0.155,
            "Actual Rows": 67,
            "Actual Loops": 77,
            "Index Cond": "(movie_id = t.id)",
            "Rows Removed by Index Recheck": 0,
            "Heap Fetches": 5142
          }
        ]
      }
    ]
  },
  "Planning Time": 0.742,
  "Triggers": [],
  "Execution Time": 36.698
}