{
  "Plan": {
    "Node Type": "Aggregate",
    "Strategy": "Plain",
    "Partial Mode": "Simple",
    "Parallel Aware": false,
    "Startup Cost": 673566.6,
    "Total Cost": 673566.61,
    "Plan Rows": 1,
    "Plan Width": 96,
    "Actual Startup Time": 3735.285,
    "Actual Total Time": 3875.116,
    "Actual Rows": 1,
    "Actual Loops": 1,
    "Plans": [
      {
        "Node Type": "Gather",
        "Parent Relationship": "Outer",
        "Parallel Aware": false,
        "Startup Cost": 657719.19,
        "Total Cost": 673566.59,
        "Plan Rows": 1,
        "Plan Width": 66,
        "Actual Startup Time": 3638.391,
        "Actual Total Time": 3874.967,
        "Actual Rows": 410,
        "Actual Loops": 1,
        "Workers Planned": 2,
        "Workers Launched": 2,
        "Single Copy": false,
        "Plans": [
          {
            "Node Type": "Hash Join",
            "Parent Relationship": "Outer",
            "Parallel Aware": false,
            "Join Type": "Inner",
            "Startup Cost": 656719.19,
            "Total Cost": 672566.49,
            "Plan Rows": 1,
            "Plan Width": 66,
            "Actual Startup Time": 3617.023,
            "Actual Total Time": 3722.069,
            "Actual Rows": 137,
            "Actual Loops": 3,
            "Inner Unique": true,
            "Hash Cond": "(mi_idx.info_type_id = it2.id)",
            "Plans": [
              {
                "Node Type": "Hash Join",
                "Parent Relationship": "Outer",
                "Parallel Aware": false,
                "Join Type": "Inner",
                "Startup Cost": 656716.76,
                "Total Cost": 672564.02,
                "Plan Rows": 16,
                "Plan Width": 70,
                "Actual Startup Time": 3616.321,
                "Actual Total Time": 3721.295,
                "Actual Rows": 412,
                "Actual Loops": 3,
                "Inner Unique": true,
                "Hash Cond": "(mi.info_type_id = it1.id)",
                "Plans": [
                  {
                    "Node Type": "Hash Join",
                    "Parent Relationship": "Outer",
                    "Parallel Aware": true,
                    "Join Type": "Inner",
                    "Startup Cost": 656714.34,
                    "Total Cost": 672556.61,
                    "Plan Rows": 1832,
                    "Plan Width": 74,
                    "Actual Startup Time": 3603.125,
                    "Actual Total Time": 3715.707,
                    "Actual Rows": 83405,
                    "Actual Loops": 3,
                    "Inner Unique": false,
                    "Hash Cond": "(mi_idx.movie_id = t.id)",
                    "Plans": [
                      {
                        "Node Type": "Seq Scan",
                        "Parent Relationship": "Outer",
                        "Parallel Aware": true,
                        "Relation Name": "movie_info_idx",
                        "Alias": "mi_idx",
                        "Startup Cost": 0.0,
                        "Total Cost": 13685.15,
                        "Plan Rows": 575015,
                        "Plan Width": 14,
                        "Actual Startup Time": 0.043,
                        "Actual Total Time": 48.326,
                        "Actual Rows": 460012,
                        "Actual Loops": 3
                      },
                      {
                        "Node Type": "Hash",
                        "Parent Relationship": "Inner",
                        "Parallel Aware": true,
                        "Startup Cost": 656709.85,
                        "Total Cost": 656709.85,
                        "Plan Rows": 359,
                        "Plan Width": 76,
                        "Actual Startup Time": 3601.362,
                        "Actual Total Time": 3601.738,
                        "Actual Rows": 31965,
                        "Actual Loops": 3,
                        "Hash Buckets": 131072,
                        "Original Hash Buckets": 2048,
                        "Hash Batches": 1,
                        "Original Hash Batches": 1,
                        "Peak Memory Usage": 17072,
                        "Plans": [
                          {
                            "Node Type": "Hash Join",
                            "Parent Relationship": "Outer",
                            "Parallel Aware": true,
                            "Join Type": "Inner",
                            "Startup Cost": 603327.64,
                            "Total Cost": 656709.85,
                            "Plan Rows": 359,
                            "Plan Width": 76,
                            "Actual Startup Time": 3325.615,
                            "Actual Total Time": 3571.065,
                            "Actual Rows": 31965,
                            "Actual Loops": 3,
                            "Inner Unique": false,
                            "Hash Cond": "(t.id = mi.movie_id)",
                            "Plans": [
                              {
                                "Node Type": "Seq Scan",
                                "Parent Relationship": "Outer",
                                "Parallel Aware": true,
                                "Relation Name": "title",
                                "Alias": "t",
                                "Startup Cost": 0.0,
                                "Total Cost": 42319.27,
                                "Plan Rows": 632127,
                                "Plan Width": 21,
                                "Actual Startup Time": 0.018,
                                "Actual Total Time": 112.293,
                                "Actual Rows": 842771,
                                "Actual Loops": 3
                              },
                              {
                                "Node Type": "Hash",
                                "Parent Relationship": "Inner",
                                "Parallel Aware": true,
                                "Startup Cost": 603324.05,
                                "Total Cost": 603324.05,
                                "Plan Rows": 287,
                                "Plan Width": 55,
                                "Actual Startup Time": 3325.241,
                                "Actual Total Time": 3325.615,
                                "Actual Rows": 31965,
                                "Actual Loops": 3,
                                "Hash Buckets": 131072,
                                "Original Hash Buckets": 2048,
                                "Hash Batches": 1,
                                "Original Hash Batches": 1,
                                "Peak Memory Usage": 14896,
                                "Plans": [
                                  {
                                    "Node Type": "Hash Join",
                                    "Parent Relationship": "Outer",
                                    "Parallel Aware": true,
                                    "Join Type": "Inner",
                                    "Startup Cost": 400442.17,
                                    "Total Cost": 603324.05,
                                    "Plan Rows": 287,
                                    "Plan Width": 55,
                                    "Actual Startup Time": 2058.114,
                                    "Actual Total Time": 3260.217,
                                    "Actual Rows": 31965,
                                    "Actual Loops": 3,
                                    "Inner Unique": false,
                                    "Hash Cond": "(mi.movie_id = ci.movie_id)",
                                    "Plans": [
                                      {
                                        "Node Type": "Seq Scan",
                                        "Parent Relationship": "Outer",
                                        "Parallel Aware": true,
                                        "Relation Name": "movie_info",
                                        "Alias": "mi",
                                        "Startup Cost": 0.0,
                                        "Total Cost": 191730.01,
                                        "Plan Rows": 2973701,
                                        "Plan Width": 51,
                                        "Actual Startup Time": 0.03,
                                        "Actual Total Time": 654.898,
                                        "Actual Rows": 4945240,
                                        "Actual Loops": 3
                                      },
                                      {
                                        "Node Type": "Hash",
                                        "Parent Relationship": "Inner",
                                        "Parallel Aware": true,
                                        "Startup Cost": 400441.97,
                                        "Total Cost": 400441.97,
                                        "Plan Rows": 16,
                                        "Plan Width": 4,
                                        "Actual Startup Time": 2057.121,
                                        "Actual Total Time": 2057.492,
                                        "Actual Rows": 2240,
                                        "Actual Loops": 3,
                                        "Hash Buckets": 8192,
                                        "Original Hash Buckets": 1024,
                                        "Hash Batches": 1,
                                        "Original Hash Batches": 1,
                                        "Peak Memory Usage": 472,
                                        "Plans": [
                                          {
                                            "Node Type": "Hash Join",
                                            "Parent Relationship": "Outer",
                                            "Parallel Aware": true,
                                            "Join Type": "Inner",
                                            "Startup Cost": 71241.21,
                                            "Total Cost": 400441.97,
                                            "Plan Rows": 16,
                                            "Plan Width": 4,
                                            "Actual Startup Time": 1196.566,
                                            "Actual Total Time": 2004.428,
                                            "Actual Rows": 2240,
                                            "Actual Loops": 3,
                                            "Inner Unique": true,
                                            "Hash Cond": "(ci.person_id = n.id)",
                                            "Plans": [
                                              {
                                                "Node Type": "Seq Scan",
                                                "Parent Relationship": "Outer",
                                                "Parallel Aware": true,
                                                "Relation Name": "cast_info",
                                                "Alias": "ci",
                                                "Startup Cost": 0.0,
                                                "Total Cost": 328224.13,
                                                "Plan Rows": 372046,
                                                "Plan Width": 8,
                                                "Actual Startup Time": 191.078,
                                                "Actual Total Time": 1533.909,
                                                "Actual Rows": 793090,
                                                "Actual Loops": 3,
                                                "Filter": "(note = ANY ('{(producer),\"(executive producer)\"}'::text[]))",
                                                "Rows Removed by Filter": 11288358
                                              },
                                              {
                                                "Node Type": "Hash",
                                                "Parent Relationship": "Inner",
                                                "Parallel Aware": true,
                                                "Startup Cost": 71240.66,
                                                "Total Cost": 71240.66,
                                                "Plan Rows": 44,
                                                "Plan Width": 4,
                                                "Actual Startup Time": 398.775,
                                                "Actual Total Time": 398.777,
                                                "Actual Rows": 3021,
                                                "Actual Loops": 3,
                                                "Hash Buckets": 8192,
                                                "Original Hash Buckets": 1024,
                                                "Hash Batches": 1,
                                                "Original Hash Batches": 1,
                                                "Peak Memory Usage": 504,
                                                "Plans": [
                                                  {
                                                    "Node Type": "Seq Scan",
                                                    "Parent Relationship": "Outer",
                                                    "Parallel Aware": true,
                                                    "Relation Name": "name",
                                                    "Alias": "n",
                                                    "Startup Cost": 0.0,
                                                    "Total Cost": 71240.66,
                                                    "Plan Rows": 44,
                                                    "Plan Width": 4,
                                                    "Actual Startup Time": 0.423,
                                                    "Actual Total Time": 383.088,
                                                    "Actual Rows": 3021,
                                                    "Actual Loops": 3,
                                                    "Filter": "((name ~~ '%Tim%'::text) AND ((gender)::text = 'm'::text))",
                                                    "Rows Removed by Filter": 1386143
                                                  }
                                                ]
                                              }
                                            ]
                                          }
                                        ]
                                      }
                                    ]
                                  }
                                ]
                              }
                            ]
                          }
                        ]
                      }
                    ]
                  },
                  {
                    "Node Type": "Hash",
                    "Parent Relationship": "Inner",
                    "Parallel Aware": false,
                    "Startup Cost": 2.41,
                    "Total Cost": 2.41,
                    "Plan Rows": 1,
                    "Plan Width": 4,
                    "Actual Startup Time": 0.044,
                    "Actual Total Time": 0.044,
                    "Actual Rows": 1,
                    "Actual Loops": 3,
                    "Hash Buckets": 1024,
                    "Original Hash Buckets": 1024,
                    "Hash Batches": 1,
                    "Original Hash Batches": 1,
                    "Peak Memory Usage": 9,
                    "Plans": [
                      {
                        "Node Type": "Seq Scan",
                        "Parent Relationship": "Outer",
                        "Parallel Aware": false,
                        "Relation Name": "info_type",
                        "Alias": "it1",
                        "Startup Cost": 0.0,
                        "Total Cost": 2.41,
                        "Plan Rows": 1,
                        "Plan Width": 4,
                        "Actual Startup Time": 0.027,
                        "Actual Total Time": 0.031,
                        "Actual Rows": 1,
                        "Actual Loops": 3,
                        "Filter": "((info)::text = 'budget'::text)",
                        "Rows Removed by Filter": 112
                      }
                    ]
                  }
                ]
              },
              {
                "Node Type": "Hash",
                "Parent Relationship": "Inner",
                "Parallel Aware": false,
                "Startup Cost": 2.41,
                "Total Cost": 2.41,
                "Plan Rows": 1,
                "Plan Width": 4,
                "Actual Startup Time": 0.116,
                "Actual Total Time": 0.117,
                "Actual Rows": 1,
                "Actual Loops": 3,
                "Hash Buckets": 1024,
                "Original Hash Buckets": 1024,
                "Hash Batches": 1,
                "Original Hash Batches": 1,
                "Peak Memory Usage": 9,
                "Plans": [
                  {
                    "Node Type": "Seq Scan",
                    "Parent Relationship": "Outer",
                    "Parallel Aware": false,
                    "Relation Name": "info_type",
                    "Alias": "it2",
                    "Startup Cost": 0.0,
                    "Total Cost": 2.41,
                    "Plan Rows": 1,
                    "Plan Width": 4,
                    "Actual Startup Time": 0.088,
                    "Actual Total Time": 0.093,
                    "Actual Rows": 1,
                    "Actual Loops": 3,
                    "Filter": "((info)::text = 'votes'::text)",
                    "Rows Removed by Filter": 112
                  }
                ]
              }
            ]
          }
        ]
      }
    ]
  },
  "Planning Time": 11.684,
  "Triggers": [],
  "Execution Time": 3875.752
}