[
  {
    "Plan": {
      "Node Type": "Aggregate",
      "Strategy": "Plain",
      "Partial Mode": "Finalize",
      "Parallel Aware": false,
      "Startup Cost": 119420.24,
      "Total Cost": 119420.25,
      "Plan Rows": 1,
      "Plan Width": 8,
      "Actual Startup Time": 749.584,
      "Actual Total Time": 782.089,
      "Actual Rows": 1,
      "Actual Loops": 1,
      "Plans": [
        {
          "Node Type": "Gather",
          "Parent Relationship": "Outer",
          "Parallel Aware": false,
          "Startup Cost": 119419.92,
          "Total Cost": 119420.23,
          "Plan Rows": 3,
          "Plan Width": 8,
          "Actual Startup Time": 740.997,
          "Actual Total Time": 782.068,
          "Actual Rows": 4,
          "Actual Loops": 1,
          "Workers Planned": 3,
          "Workers Launched": 3,
          "Single Copy": false,
          "Plans": [
            {
              "Node Type": "Aggregate",
              "Strategy": "Plain",
              "Partial Mode": "Partial",
              "Parent Relationship": "Outer",
              "Parallel Aware": false,
              "Startup Cost": 118419.92,
              "Total Cost": 118419.93,
              "Plan Rows": 1,
              "Plan Width": 8,
              "Actual Startup Time": 732.487,
              "Actual Total Time": 732.502,
              "Actual Rows": 1,
              "Actual Loops": 4,
              "Plans": [
                {
                  "Node Type": "Hash Join",
                  "Parent Relationship": "Outer",
                  "Parallel Aware": true,
                  "Join Type": "Inner",
                  "Startup Cost": 87474.88,
                  "Total Cost": 118165.68,
                  "Plan Rows": 101696,
                  "Plan Width": 0,
                  "Actual Startup Time": 552.562,
                  "Actual Total Time": 729.949,
                  "Actual Rows": 39290,
                  "Actual Loops": 4,
                  "Inner Unique": false,
                  "Hash Cond": "(mc.movie_id = t.id)",
                  "Plans": [
                    {
                      "Node Type": "Seq Scan",
                      "Parent Relationship": "Outer",
                      "Parallel Aware": true,
                      "Relation Name": "movie_companies",
                      "Alias": "mc",
                      "Startup Cost": 0.0,
                      "Total Cost": 27206.55,
                      "Plan Rows": 841655,
                      "Plan Width": 4,
                      "Actual Startup Time": 0.02,
                      "Actual Total Time": 85.321,
                      "Actual Rows": 652282,
                      "Actual Loops": 4
                    },
                    {
                      "Node Type": "Hash",
                      "Parent Relationship": "Inner",
                      "Parallel Aware": true,
                      "Startup Cost": 86243.0,
                      "Total Cost": 86243.0,
                      "Plan Rows": 98551,
                      "Plan Width": 8,
                      "Actual Startup Time": 540.725,
                      "Actual Total Time": 540.733,
                      "Actual Rows": 15400,
                      "Actual Loops": 4,
                      "Hash Buckets": 524288,
                      "Original Hash Buckets": 524288,
                      "Hash Batches": 1,
                      "Original Hash Batches": 1,
                      "Peak Memory Usage": 6560,
                      "Plans": [
                        {
                          "Node Type": "Hash Join",
                          "Parent Relationship": "Outer",
                          "Parallel Aware": true,
                          "Join Type": "Inner",
                          "Startup Cost": 59344.75,
                          "Total Cost": 86243.0,
                          "Plan Rows": 98551,
                          "Plan Width": 8,
                          "Actual Startup Time": 412.094,
                          "Actual Total Time": 531.613,
                          "Actual Rows": 15400,
                          "Actual Loops": 4,
                          "Inner Unique": true,
                          "Hash Cond": "(mk.movie_id = t.id)",
                          "Plans": [
                            {
                              "Node Type": "Bitmap Heap Scan",
                              "Parent Relationship": "Outer",
                              "Parallel Aware": true,
                              "Relation Name": "movie_keyword",
                              "Alias": "mk",
                              "Startup Cost": 10626.94,
                              "Total Cost": 37100.98,
                              "Plan Rows": 161603,
                              "Plan Width": 4,
                              "Actual Startup Time": 45.434,
                              "Actual Total Time": 120.262,
                              "Actual Rows": 124940,
                              "Actual Loops": 4,
                              "Recheck Cond": "(keyword_id > 36090)",
                              "Rows Removed by Index Recheck": 0,
                              "Exact Heap Blocks": 7288,
                              "Lossy Heap Blocks": 0,
                              "Plans": [
                                {
                                  "Node Type": "Bitmap Index Scan",
                                  "Parent Relationship": "Outer",
                                  "Parallel Aware": false,
                                  "Index Name": "keyword_id_movie_keyword",
                                  "Startup Cost": 0.0,
                                  "Total Cost": 10501.7,
                                  "Plan Rows": 500969,
                                  "Plan Width": 0,
                                  "Actual Startup Time": 40.123,
                                  "Actual Total Time": 40.123,
                                  "Actual Rows": 499758,
                                  "Actual Loops": 1,
                                  "Index Cond": "(keyword_id > 36090)"
                                }
                              ]
                            },
                            {
                              "Node Type": "Hash",
                              "Parent Relationship": "Inner",
                              "Parallel Aware": true,
                              "Startup Cost": 43899.32,
                              "Total Cost": 43899.32,
                              "Plan Rows": 385479,
                              "Plan Width": 4,
                              "Actual Startup Time": 361.064,
                              "Actual Total Time": 361.065,
                              "Actual Rows": 385816,
                              "Actual Loops": 4,
                              "Hash Buckets": 2097152,
                              "Original Hash Buckets": 2097152,
                              "Hash Batches": 1,
                              "Original Hash Batches": 1,
                              "Peak Memory Usage": 76832,
                              "Plans": [
                                {
                                  "Node Type": "Seq Scan",
                                  "Parent Relationship": "Outer",
                                  "Parallel Aware": true,
                                  "Relation Name": "title",
                                  "Alias": "t",
                                  "Startup Cost": 0.0,
                                  "Total Cost": 43899.32,
                                  "Plan Rows": 385479,
                                  "Plan Width": 4,
                                  "Actual Startup Time": 0.05,
                                  "Actual Total Time": 151.067,
                                  "Actual Rows": 385816,
                                  "Actual Loops": 4,
                                  "Filter": "(kind_id = 7)",
                                  "Rows Removed by Filter": 246262
                                }
                              ]
                            }
                          ]
                        }
                      ]
                    }
                  ]
                }
              ]
            }
          ]
        }
      ]
    },
    "Planning Time": 0.675,
    "Triggers": [],
    "Execution Time": 782.16
  }
]