[
  {
    "Plan": {
      "Node Type": "Aggregate",
      "Strategy": "Plain",
      "Partial Mode": "Finalize",
      "Parallel Aware": false,
      "Startup Cost": 119774.38,
      "Total Cost": 119774.39,
      "Plan Rows": 1,
      "Plan Width": 8,
      "Actual Startup Time": 536.279,
      "Actual Total Time": 555.623,
      "Actual Rows": 1,
      "Actual Loops": 1,
      "Plans": [
        {
          "Node Type": "Gather",
          "Parent Relationship": "Outer",
          "Parallel Aware": false,
          "Startup Cost": 119774.06,
          "Total Cost": 119774.37,
          "Plan Rows": 3,
          "Plan Width": 8,
          "Actual Startup Time": 526.398,
          "Actual Total Time": 555.613,
          "Actual Rows": 4,
          "Actual Loops": 1,
          "Workers Planned": 3,
          "Workers Launched": 3,
          "Single Copy": false,
          "Plans": [
            {
              "Node Type": "Aggregate",
              "Strategy": "Plain",
              "Partial Mode": "Partial",
              "Parent Relationship": "Outer",
              "Parallel Aware": false,
              "Startup Cost": 118774.06,
              "Total Cost": 118774.07,
              "Plan Rows": 1,
              "Plan Width": 8,
              "Actual Startup Time": 517.013,
              "Actual Total Time": 517.02,
              "Actual Rows": 1,
              "Actual Loops": 4,
              "Plans": [
                {
                  "Node Type": "Hash Join",
                  "Parent Relationship": "Outer",
                  "Parallel Aware": true,
                  "Join Type": "Inner",
                  "Startup Cost": 87816.3,
                  "Total Cost": 118514.27,
                  "Plan Rows": 103918,
                  "Plan Width": 0,
                  "Actual Startup Time": 397.526,
                  "Actual Total Time": 515.413,
                  "Actual Rows": 39290,
                  "Actual Loops": 4,
                  "Inner Unique": false,
                  "Hash Cond": "(mc.movie_id = t.id)",
                  "Plans": [
                    {
                      "Node Type": "Seq Scan",
                      "Parent Relationship": "Outer",
                      "Parallel Aware": true,
                      "Relation Name": "movie_companies",
                      "Alias": "mc",
                      "Startup Cost": 0.0,
                      "Total Cost": 27206.55,
                      "Plan Rows": 841655,
                      "Plan Width": 4,
                      "Actual Startup Time": 0.02,
                      "Actual Total Time": 58.549,
                      "Actual Rows": 652282,
                      "Actual Loops": 4
                    },
                    {
                      "Node Type": "Hash",
                      "Parent Relationship": "Inner",
                      "Parallel Aware": true,
                      "Startup Cost": 86557.57,
                      "Total Cost": 86557.57,
                      "Plan Rows": 100698,
                      "Plan Width": 8,
                      "Actual Startup Time": 387.345,
                      "Actual Total Time": 387.351,
                      "Actual Rows": 15400,
                      "Actual Loops": 4,
                      "Hash Buckets": 524288,
                      "Original Hash Buckets": 524288,
                      "Hash Batches": 1,
                      "Original Hash Batches": 1,
                      "Peak Memory Usage": 6592,
                      "Plans": [
                        {
                          "Node Type": "Hash Join",
                          "Parent Relationship": "Outer",
                          "Parallel Aware": true,
                          "Join Type": "Inner",
                          "Startup Cost": 59597.99,
                          "Total Cost": 86557.57,
                          "Plan Rows": 100698,
                          "Plan Width": 8,
                          "Actual Startup Time": 293.231,
                          "Actual Total Time": 380.908,
                          "Actual Rows": 15400,
                          "Actual Loops": 4,
                          "Inner Unique": true,
                          "Hash Cond": "(mk.movie_id = t.id)",
                          "Plans": [
                            {
                              "Node Type": "Bitmap Heap Scan",
                              "Parent Relationship": "Outer",
                              "Parallel Aware": true,
                              "Relation Name": "movie_keyword",
                              "Alias": "mk",
                              "Startup Cost": 10896.38,
                              "Total Cost": 37421.11,
                              "Plan Rows": 165658,
                              "Plan Width": 4,
                              "Actual Startup Time": 31.383,
                              "Actual Total Time": 86.602,
                              "Actual Rows": 124940,
                              "Actual Loops": 4,
                              "Recheck Cond": "(keyword_id > 36090)",
                              "Rows Removed by Index Recheck": 0,
                              "Exact Heap Blocks": 7279,
                              "Lossy Heap Blocks": 0,
                              "Plans": [
                                {
                                  "Node Type": "Bitmap Index Scan",
                                  "Parent Relationship": "Outer",
                                  "Parallel Aware": false,
                                  "Index Name": "keyword_id_movie_keyword",
                                  "Startup Cost": 0.0,
                                  "Total Cost": 10767.99,
                                  "Plan Rows": 513541,
                                  "Plan Width": 0,
                                  "Actual Startup Time": 27.474,
                                  "Actual Total Time": 27.474,
                                  "Actual Rows": 499758,
                                  "Actual Loops": 1,
                                  "Index Cond": "(keyword_id > 36090)"
                                }
                              ]
                            },
                            {
                              "Node Type": "Hash",
                              "Parent Relationship": "Inner",
                              "Parallel Aware": true,
                              "Startup Cost": 43898.92,
                              "Total Cost": 43898.92,
                              "Plan Rows": 384216,
                              "Plan Width": 4,
                              "Actual Startup Time": 256.314,
                              "Actual Total Time": 256.316,
                              "Actual Rows": 385816,
                              "Actual Loops": 4,
                              "Hash Buckets": 2097152,
                              "Original Hash Buckets": 2097152,
                              "Hash Batches": 1,
                              "Original Hash Batches": 1,
                              "Peak Memory Usage": 76832,
                              "Plans": [
                                {
                                  "Node Type": "Seq Scan",
                                  "Parent Relationship": "Outer",
                                  "Parallel Aware": true,
                                  "Relation Name": "title",
                                  "Alias": "t",
                                  "Startup Cost": 0.0,
                                  "Total Cost": 43898.92,
                                  "Plan Rows": 384216,
                                  "Plan Width": 4,
                                  "Actual Startup Time": 0.053,
                                  "Actual Total Time": 102.132,
                                  "Actual Rows": 385816,
                                  "Actual Loops": 4,
                                  "Filter": "(kind_id = 7)",
                                  "Rows Removed by Filter": 246262
                                }
                              ]
                            }
                          ]
                        }
                      ]
                    }
                  ]
                }
              ]
            }
          ]
        }
      ]
    },
    "Planning Time": 1.412,
    "Triggers": [],
    "Execution Time": 555.727
  }
]