{
  "Plan": {
    "Node Type": "Aggregate",
    "Strategy": "Plain",
    "Partial Mode": "Finalize",
    "Parallel Aware": false,
    "Startup Cost": 645554.14,
    "Total Cost": 645554.15,
    "Plan Rows": 1,
    "Plan Width": 8,
    "Actual Startup Time": 10693.781,
    "Actual Total Time": 10745.768,
    "Actual Rows": 1,
    "Actual Loops": 1,
    "Plans": [
      {
        "Node Type": "Gather",
        "Parent Relationship": "Outer",
        "Parallel Aware": false,
        "Startup Cost": 645554.02,
        "Total Cost": 645554.13,
        "Plan Rows": 1,
        "Plan Width": 8,
        "Actual Startup Time": 10688.781,
        "Actual Total Time": 10745.76,
        "Actual Rows": 2,
        "Actual Loops": 1,
        "Workers Planned": 1,
        "Workers Launched": 1,
        "Single Copy": false,
        "Plans": [
          {
            "Node Type": "Aggregate",
            "Strategy": "Plain",
            "Partial Mode": "Partial",
            "Parent Relationship": "Outer",
            "Parallel Aware": false,
            "Startup Cost": 644554.02,
            "Total Cost": 644554.03,
            "Plan Rows": 1,
            "Plan Width": 8,
            "Actual Startup Time": 10682.15,
            "Actual Total Time": 10682.153,
            "Actual Rows": 1,
            "Actual Loops": 2,
            "Plans": [
              {
                "Node Type": "Hash Join",
                "Parent Relationship": "Outer",
                "Parallel Aware": true,
                "Join Type": "Inner",
                "Startup Cost": 72238.59,
                "Total Cost": 593971.94,
                "Plan Rows": 20232832,
                "Plan Width": 0,
                "Actual Startup Time": 545.552,
                "Actual Total Time": 9913.7,
                "Actual Rows": 17837058,
                "Actual Loops": 2,
                "Inner Unique": true,
                "Hash Cond": "(ci.movie_id = t.id)",
                "Plans": [
                  {
                    "Node Type": "Seq Scan",
                    "Parent Relationship": "Outer",
                    "Parallel Aware": true,
                    "Relation Name": "cast_info",
                    "Alias": "ci",
                    "Startup Cost": 0.0,
                    "Total Cost": 465792.95,
                    "Plan Rows": 21310595,
                    "Plan Width": 4,
                    "Actual Startup Time": 0.012,
                    "Actual Total Time": 1345.268,
                    "Actual Rows": 18122172,
                    "Actual Loops": 2
                  },
                  {
                    "Node Type": "Hash",
                    "Parent Relationship": "Inner",
                    "Parallel Aware": true,
                    "Startup Cost": 54588.39,
                    "Total Cost": 54588.39,
                    "Plan Rows": 1412016,
                    "Plan Width": 4,
                    "Actual Startup Time": 531.156,
                    "Actual Total Time": 531.157,
                    "Actual Rows": 1198186,
                    "Actual Loops": 2,
                    "Hash Buckets": 4194304,
                    "Original Hash Buckets": 4194304,
                    "Hash Batches": 1,
                    "Original Hash Batches": 1,
                    "Peak Memory Usage": 126560,
                    "Plans": [
                      {
                        "Node Type": "Seq Scan",
                        "Parent Relationship": "Outer",
                        "Parallel Aware": true,
                        "Relation Name": "title",
                        "Alias": "t",
                        "Startup Cost": 0.0,
                        "Total Cost": 54588.39,
                        "Plan Rows": 1412016,
                        "Plan Width": 4,
                        "Actual Startup Time": 0.027,
                        "Actual Total Time": 178.952,
                        "Actual Rows": 1198186,
                        "Actual Loops": 2,
                        "Filter": "(production_year > 1914)",
                        "Rows Removed by Filter": 65970
                      }
                    ]
                  }
                ]
              }
            ]
          }
        ]
      }
    ]
  },
  "Planning Time": 0.192,
  "Triggers": [],
  "Execution Time": 10745.813
}