[
  {
    "Plan": {
      "Node Type": "Aggregate",
      "Strategy": "Plain",
      "Partial Mode": "Finalize",
      "Parallel Aware": false,
      "Startup Cost": 90203.79,
      "Total Cost": 90203.8,
      "Plan Rows": 1,
      "Plan Width": 8,
      "Actual Startup Time": 217.164,
      "Actual Total Time": 234.614,
      "Actual Rows": 1,
      "Actual Loops": 1,
      "Plans": [
        {
          "Node Type": "Gather",
          "Parent Relationship": "Outer",
          "Parallel Aware": false,
          "Startup Cost": 90203.47,
          "Total Cost": 90203.78,
          "Plan Rows": 3,
          "Plan Width": 8,
          "Actual Startup Time": 216.856,
          "Actual Total Time": 234.606,
          "Actual Rows": 4,
          "Actual Loops": 1,
          "Workers Planned": 3,
          "Workers Launched": 3,
          "Single Copy": false,
          "Plans": [
            {
              "Node Type": "Aggregate",
              "Strategy": "Plain",
              "Partial Mode": "Partial",
              "Parent Relationship": "Outer",
              "Parallel Aware": false,
              "Startup Cost": 89203.47,
              "Total Cost": 89203.48,
              "Plan Rows": 1,
              "Plan Width": 8,
              "Actual Startup Time": 208.183,
              "Actual Total Time": 208.187,
              "Actual Rows": 1,
              "Actual Loops": 4,
              "Plans": [
                {
                  "Node Type": "Hash Join",
                  "Parent Relationship": "Outer",
                  "Parallel Aware": true,
                  "Join Type": "Inner",
                  "Startup Cost": 45641.27,
                  "Total Cost": 89186.86,
                  "Plan Rows": 6646,
                  "Plan Width": 0,
                  "Actual Startup Time": 96.987,
                  "Actual Total Time": 208.122,
                  "Actual Rows": 1100,
                  "Actual Loops": 4,
                  "Inner Unique": true,
                  "Hash Cond": "(mk.movie_id = t.id)",
                  "Plans": [
                    {
                      "Node Type": "Seq Scan",
                      "Parent Relationship": "Outer",
                      "Parallel Aware": true,
                      "Relation Name": "movie_keyword",
                      "Alias": "mk",
                      "Startup Cost": 0.0,
                      "Total Cost": 42695.65,
                      "Plan Rows": 323784,
                      "Plan Width": 4,
                      "Actual Startup Time": 0.028,
                      "Actual Total Time": 87.902,
                      "Actual Rows": 251862,
                      "Actual Loops": 4,
                      "Filter": "(keyword_id < 968)",
                      "Rows Removed by Filter": 879121
                    },
                    {
                      "Node Type": "Hash",
                      "Parent Relationship": "Inner",
                      "Parallel Aware": true,
                      "Startup Cost": 45479.1,
                      "Total Cost": 45479.1,
                      "Plan Rows": 12974,
                      "Plan Width": 4,
                      "Actual Startup Time": 95.919,
                      "Actual Total Time": 95.92,
                      "Actual Rows": 14120,
                      "Actual Loops": 4,
                      "Hash Buckets": 65536,
                      "Original Hash Buckets": 65536,
                      "Hash Batches": 1,
                      "Original Hash Batches": 1,
                      "Peak Memory Usage": 2784,
                      "Plans": [
                        {
                          "Node Type": "Seq Scan",
                          "Parent Relationship": "Outer",
                          "Parallel Aware": true,
                          "Relation Name": "title",
                          "Alias": "t",
                          "Startup Cost": 0.0,
                          "Total Cost": 45479.1,
                          "Plan Rows": 12974,
                          "Plan Width": 4,
                          "Actual Startup Time": 0.063,
                          "Actual Total Time": 90.311,
                          "Actual Rows": 14120,
                          "Actual Loops": 4,
                          "Filter": "((kind_id = 7) AND (production_year = 2004))",
                          "Rows Removed by Filter": 617958
                        }
                      ]
                    }
                  ]
                }
              ]
            }
          ]
        }
      ]
    },
    "Planning Time": 0.309,
    "Triggers": [],
    "Execution Time": 234.657
  }
]