{
  "Plan": {
    "Node Type": "Aggregate",
    "Strategy": "Plain",
    "Partial Mode": "Simple",
    "Parallel Aware": false,
    "Startup Cost": 3260.0,
    "Total Cost": 3260.01,
    "Plan Rows": 1,
    "Plan Width": 8,
    "Actual Startup Time": 32.885,
    "Actual Total Time": 32.887,
    "Actual Rows": 1,
    "Actual Loops": 1,
    "Plans": [
      {
        "Node Type": "Nested Loop",
        "Parent Relationship": "Outer",
        "Parallel Aware": false,
        "Join Type": "Inner",
        "Startup Cost": 7.35,
        "Total Cost": 3258.67,
        "Plan Rows": 532,
        "Plan Width": 0,
        "Actual Startup Time": 0.739,
        "Actual Total Time": 32.045,
        "Actual Rows": 5738,
        "Actual Loops": 1,
        "Inner Unique": false,
        "Plans": [
          {
            "Node Type": "Nested Loop",
            "Parent Relationship": "Outer",
            "Parallel Aware": false,
            "Join Type": "Inner",
            "Startup Cost": 6.78,
            "Total Cost": 3007.2,
            "Plan Rows": 67,
            "Plan Width": 8,
            "Actual Startup Time": 0.655,
            "Actual Total Time": 7.878,
            "Actual Rows": 238,
            "Actual Loops": 1,
            "Inner Unique": true,
            "Plans": [
              {
                "Node Type": "Bitmap Heap Scan",
                "Parent Relationship": "Outer",
                "Parallel Aware": false,
                "Relation Name": "movie_keyword",
                "Alias": "mk",
                "Startup Cost": 6.35,
                "Total Cost": 922.98,
                "Plan Rows": 248,
                "Plan Width": 4,
                "Actual Startup Time": 0.626,
                "Actual Total Time": 2.233,
                "Actual Rows": 801,
                "Actual Loops": 1,
                "Recheck Cond": "(keyword_id = 1901)",
                "Rows Removed by Index Recheck": 0,
                "Exact Heap Blocks": 700,
                "Lossy Heap Blocks": 0,
                "Plans": [
                  {
                    "Node Type": "Bitmap Index Scan",
                    "Parent Relationship": "Outer",
                    "Parallel Aware": false,
                    "Index Name": "keyword_id_movie_keyword",
                    "Startup Cost": 0.0,
                    "Total Cost": 6.29,
                    "Plan Rows": 248,
                    "Plan Width": 0,
                    "Actual Startup Time": 0.367,
                    "Actual Total Time": 0.367,
                    "Actual Rows": 801,
                    "Actual Loops": 1,
                    "Index Cond": "(keyword_id = 1901)"
                  }
                ]
              },
              {
                "Node Type": "Index Scan",
                "Parent Relationship": "Inner",
                "Parallel Aware": false,
                "Scan Direction": "Forward",
                "Index Name": "title_pkey",
                "Relation Name": "title",
                "Alias": "t",
                "Startup Cost": 0.43,
                "Total Cost": 8.4,
                "Plan Rows": 1,
                "Plan Width": 4,
                "Actual Startup Time": 0.006,
                "Actual Total Time": 0.006,
                "Actual Rows": 0,
                "Actual Loops": 801,
                "Index Cond": "(id = mk.movie_id)",
                "Rows Removed by Index Recheck": 0,
                "Filter": "((production_year > 2004) AND (kind_id = 7))",
                "Rows Removed by Filter": 1
              }
            ]
          },
          {
            "Node Type": "Index Scan",
            "Parent Relationship": "Inner",
            "Parallel Aware": false,
            "Scan Direction": "Forward",
            "Index Name": "movie_id_cast_info",
            "Relation Name": "cast_info",
            "Alias": "ci",
            "Startup Cost": 0.56,
            "Total Cost": 3.55,
            "Plan Rows": 20,
            "Plan Width": 4,
            "Actual Startup Time": 0.036,
            "Actual Total Time": 0.095,
            "Actual Rows": 24,
            "Actual Loops": 238,
            "Index Cond": "(movie_id = t.id)",
            "Rows Removed by Index Recheck": 0,
            "Filter": "(person_id > 1598700)",
            "Rows Removed by Filter": 18
          }
        ]
      }
    ]
  },
  "Planning Time": 1.001,
  "Triggers": [],
  "Execution Time": 32.975
}