[
  {
    "Plan": {
      "Node Type": "Aggregate",
      "Strategy": "Plain",
      "Partial Mode": "Finalize",
      "Parallel Aware": false,
      "Startup Cost": 99263.51,
      "Total Cost": 99263.52,
      "Plan Rows": 1,
      "Plan Width": 8,
      "Actual Startup Time": 521.323,
      "Actual Total Time": 537.132,
      "Actual Rows": 1,
      "Actual Loops": 1,
      "Plans": [
        {
          "Node Type": "Gather",
          "Parent Relationship": "Outer",
          "Parallel Aware": false,
          "Startup Cost": 99263.29,
          "Total Cost": 99263.5,
          "Plan Rows": 2,
          "Plan Width": 8,
          "Actual Startup Time": 517.264,
          "Actual Total Time": 537.122,
          "Actual Rows": 3,
          "Actual Loops": 1,
          "Workers Planned": 2,
          "Workers Launched": 2,
          "Single Copy": false,
          "Plans": [
            {
              "Node Type": "Aggregate",
              "Strategy": "Plain",
              "Partial Mode": "Partial",
              "Parent Relationship": "Outer",
              "Parallel Aware": false,
              "Startup Cost": 98263.29,
              "Total Cost": 98263.3,
              "Plan Rows": 1,
              "Plan Width": 8,
              "Actual Startup Time": 509.542,
              "Actual Total Time": 509.864,
              "Actual Rows": 1,
              "Actual Loops": 3,
              "Plans": [
                {
                  "Node Type": "Hash Join",
                  "Parent Relationship": "Outer",
                  "Parallel Aware": true,
                  "Join Type": "Inner",
                  "Startup Cost": 81926.23,
                  "Total Cost": 98046.9,
                  "Plan Rows": 86557,
                  "Plan Width": 0,
                  "Actual Startup Time": 410.2,
                  "Actual Total Time": 504.866,
                  "Actual Rows": 124564,
                  "Actual Loops": 3,
                  "Inner Unique": false,
                  "Hash Cond": "(mi_idx.movie_id = t.id)",
                  "Plans": [
                    {
                      "Node Type": "Seq Scan",
                      "Parent Relationship": "Outer",
                      "Parallel Aware": true,
                      "Relation Name": "movie_info_idx",
                      "Alias": "mi_idx",
                      "Startup Cost": 0.0,
                      "Total Cost": 13685.15,
                      "Plan Rows": 575015,
                      "Plan Width": 4,
                      "Actual Startup Time": 0.029,
                      "Actual Total Time": 34.321,
                      "Actual Rows": 460012,
                      "Actual Loops": 3
                    },
                    {
                      "Node Type": "Hash",
                      "Parent Relationship": "Inner",
                      "Parallel Aware": true,
                      "Startup Cost": 80391.61,
                      "Total Cost": 80391.61,
                      "Plan Rows": 122769,
                      "Plan Width": 8,
                      "Actual Startup Time": 405.828,
                      "Actual Total Time": 406.148,
                      "Actual Rows": 105736,
                      "Actual Loops": 3,
                      "Hash Buckets": 524288,
                      "Original Hash Buckets": 524288,
                      "Hash Batches": 1,
                      "Original Hash Batches": 1,
                      "Peak Memory Usage": 16544,
                      "Plans": [
                        {
                          "Node Type": "Hash Join",
                          "Parent Relationship": "Outer",
                          "Parallel Aware": true,
                          "Join Type": "Inner",
                          "Startup Cost": 47943.66,
                          "Total Cost": 80391.61,
                          "Plan Rows": 122769,
                          "Plan Width": 8,
                          "Actual Startup Time": 243.861,
                          "Actual Total Time": 379.335,
                          "Actual Rows": 105736,
                          "Actual Loops": 3,
                          "Inner Unique": true,
                          "Hash Cond": "(mc.movie_id = t.id)",
                          "Plans": [
                            {
                              "Node Type": "Seq Scan",
                              "Parent Relationship": "Outer",
                              "Parallel Aware": true,
                              "Relation Name": "movie_companies",
                              "Alias": "mc",
                              "Startup Cost": 0.0,
                              "Total Cost": 31414.82,
                              "Plan Rows": 393575,
                              "Plan Width": 4,
                              "Actual Startup Time": 36.77,
                              "Actual Total Time": 84.773,
                              "Actual Rows": 378157,
                              "Actual Loops": 3,
                              "Filter": "((company_id < 113299) AND (company_type_id = 2))",
                              "Rows Removed by Filter": 491553
                            },
                            {
                              "Node Type": "Hash",
                              "Parent Relationship": "Inner",
                              "Parallel Aware": true,
                              "Startup Cost": 45479.1,
                              "Total Cost": 45479.1,
                              "Plan Rows": 197165,
                              "Plan Width": 4,
                              "Actual Startup Time": 202.885,
                              "Actual Total Time": 202.886,
                              "Actual Rows": 230823,
                              "Actual Loops": 3,
                              "Hash Buckets": 1048576,
                              "Original Hash Buckets": 1048576,
                              "Hash Batches": 1,
                              "Original Hash Batches": 1,
                              "Peak Memory Usage": 35328,
                              "Plans": [
                                {
                                  "Node Type": "Seq Scan",
                                  "Parent Relationship": "Outer",
                                  "Parallel Aware": true,
                                  "Relation Name": "title",
                                  "Alias": "t",
                                  "Startup Cost": 0.0,
                                  "Total Cost": 45479.1,
                                  "Plan Rows": 197165,
                                  "Plan Width": 4,
                                  "Actual Startup Time": 0.039,
                                  "Actual Total Time": 120.281,
                                  "Actual Rows": 230823,
                                  "Actual Loops": 3,
                                  "Filter": "((kind_id > 1) AND (production_year < 2001))",
                                  "Rows Removed by Filter": 611948
                                }
                              ]
                            }
                          ]
                        }
                      ]
                    }
                  ]
                }
              ]
            }
          ]
        }
      ]
    },
    "Planning Time": 1.45,
    "Triggers": [],
    "Execution Time": 537.217
  }
]