[
  {
    "Plan": {
      "Node Type": "Aggregate",
      "Strategy": "Plain",
      "Partial Mode": "Finalize",
      "Parallel Aware": false,
      "Startup Cost": 153858.8,
      "Total Cost": 153858.81,
      "Plan Rows": 1,
      "Plan Width": 8,
      "Actual Startup Time": 132.05,
      "Actual Total Time": 152.03,
      "Actual Rows": 1,
      "Actual Loops": 1,
      "Plans": [
        {
          "Node Type": "Gather",
          "Parent Relationship": "Outer",
          "Parallel Aware": false,
          "Startup Cost": 153858.38,
          "Total Cost": 153858.79,
          "Plan Rows": 4,
          "Plan Width": 8,
          "Actual Startup Time": 131.856,
          "Actual Total Time": 152.019,
          "Actual Rows": 5,
          "Actual Loops": 1,
          "Workers Planned": 4,
          "Workers Launched": 4,
          "Single Copy": false,
          "Plans": [
            {
              "Node Type": "Aggregate",
              "Strategy": "Plain",
              "Partial Mode": "Partial",
              "Parent Relationship": "Outer",
              "Parallel Aware": false,
              "Startup Cost": 152858.38,
              "Total Cost": 152858.39,
              "Plan Rows": 1,
              "Plan Width": 8,
              "Actual Startup Time": 122.189,
              "Actual Total Time": 122.191,
              "Actual Rows": 1,
              "Actual Loops": 5,
              "Plans": [
                {
                  "Node Type": "Nested Loop",
                  "Parent Relationship": "Outer",
                  "Parallel Aware": false,
                  "Join Type": "Inner",
                  "Startup Cost": 0.43,
                  "Total Cost": 152844.46,
                  "Plan Rows": 5568,
                  "Plan Width": 0,
                  "Actual Startup Time": 2.446,
                  "Actual Total Time": 121.357,
                  "Actual Rows": 8298,
                  "Actual Loops": 5,
                  "Inner Unique": false,
                  "Plans": [
                    {
                      "Node Type": "Seq Scan",
                      "Parent Relationship": "Outer",
                      "Parallel Aware": true,
                      "Relation Name": "title",
                      "Alias": "t",
                      "Startup Cost": 0.0,
                      "Total Cost": 43899.32,
                      "Plan Rows": 948,
                      "Plan Width": 4,
                      "Actual Startup Time": 2.218,
                      "Actual Total Time": 86.183,
                      "Actual Rows": 769,
                      "Actual Loops": 5,
                      "Filter": "(production_year = 1949)",
                      "Rows Removed by Filter": 504893
                    },
                    {
                      "Node Type": "Index Only Scan",
                      "Parent Relationship": "Inner",
                      "Parallel Aware": false,
                      "Scan Direction": "Forward",
                      "Index Name": "movie_id_movie_info",
                      "Relation Name": "movie_info",
                      "Alias": "mi",
                      "Startup Cost": 0.43,
                      "Total Cost": 114.51,
                      "Plan Rows": 41,
                      "Plan Width": 4,
                      "Actual Startup Time": 0.015,
                      "Actual Total Time": 0.044,
                      "Actual Rows": 11,
                      "Actual Loops": 3847,
                      "Index Cond": "(movie_id = t.id)",
                      "Rows Removed by Index Recheck": 0,
                      "Heap Fetches": 41489
                    }
                  ]
                }
              ]
            }
          ]
        }
      ]
    },
    "Planning Time": 0.659,
    "Triggers": [],
    "Execution Time": 152.113
  }
]