[
  {
    "Plan": {
      "Node Type": "Aggregate",
      "Strategy": "Plain",
      "Partial Mode": "Finalize",
      "Parallel Aware": false,
      "Startup Cost": 47004.48,
      "Total Cost": 47004.49,
      "Plan Rows": 1,
      "Plan Width": 8,
      "Actual Startup Time": 111.684,
      "Actual Total Time": 125.22,
      "Actual Rows": 1,
      "Actual Loops": 1,
      "Plans": [
        {
          "Node Type": "Gather",
          "Parent Relationship": "Outer",
          "Parallel Aware": false,
          "Startup Cost": 47004.06,
          "Total Cost": 47004.47,
          "Plan Rows": 4,
          "Plan Width": 8,
          "Actual Startup Time": 111.487,
          "Actual Total Time": 125.207,
          "Actual Rows": 5,
          "Actual Loops": 1,
          "Workers Planned": 4,
          "Workers Launched": 4,
          "Single Copy": false,
          "Plans": [
            {
              "Node Type": "Aggregate",
              "Strategy": "Plain",
              "Partial Mode": "Partial",
              "Parent Relationship": "Outer",
              "Parallel Aware": false,
              "Startup Cost": 46004.06,
              "Total Cost": 46004.07,
              "Plan Rows": 1,
              "Plan Width": 8,
              "Actual Startup Time": 104.396,
              "Actual Total Time": 104.397,
              "Actual Rows": 1,
              "Actual Loops": 5,
              "Plans": [
                {
                  "Node Type": "Seq Scan",
                  "Parent Relationship": "Outer",
                  "Parallel Aware": true,
                  "Relation Name": "title",
                  "Alias": "t",
                  "Startup Cost": 0.0,
                  "Total Cost": 45479.59,
                  "Plan Rows": 209788,
                  "Plan Width": 0,
                  "Actual Startup Time": 0.044,
                  "Actual Total Time": 94.075,
                  "Actual Rows": 184602,
                  "Actual Loops": 5,
                  "Filter": "((kind_id > 3) AND (production_year > 2002))",
                  "Rows Removed by Filter": 321061
                }
              ]
            }
          ]
        }
      ]
    },
    "Planning Time": 0.146,
    "Triggers": [],
    "Execution Time": 125.297
  }
]