[
  {
    "Plan": {
      "Node Type": "Aggregate",
      "Strategy": "Plain",
      "Partial Mode": "Simple",
      "Parallel Aware": false,
      "Startup Cost": 987.87,
      "Total Cost": 987.88,
      "Plan Rows": 1,
      "Plan Width": 8,
      "Actual Startup Time": 14.262,
      "Actual Total Time": 14.262,
      "Actual Rows": 1,
      "Actual Loops": 1,
      "Plans": [
        {
          "Node Type": "Index Scan",
          "Parent Relationship": "Outer",
          "Parallel Aware": false,
          "Scan Direction": "Forward",
          "Index Name": "person_id_cast_info",
          "Relation Name": "cast_info",
          "Alias": "ci",
          "Startup Cost": 0.56,
          "Total Cost": 987.07,
          "Plan Rows": 323,
          "Plan Width": 0,
          "Actual Startup Time": 14.252,
          "Actual Total Time": 14.258,
          "Actual Rows": 4,
          "Actual Loops": 1,
          "Index Cond": "(person_id = 1186196)",
          "Rows Removed by Index Recheck": 0,
          "Filter": "(role_id < 4)",
          "Rows Removed by Filter": 1
        }
      ]
    },
    "Planning Time": 0.099,
    "Triggers": [],
    "Execution Time": 14.282
  }
]