{
  "Plan": {
    "Node Type": "Aggregate",
    "Strategy": "Plain",
    "Partial Mode": "Finalize",
    "Parallel Aware": false,
    "Startup Cost": 249603.91,
    "Total Cost": 249603.92,
    "Plan Rows": 1,
    "Plan Width": 8,
    "Actual Startup Time": 1346.172,
    "Actual Total Time": 1369.177,
    "Actual Rows": 1,
    "Actual Loops": 1,
    "Plans": [
      {
        "Node Type": "Gather",
        "Parent Relationship": "Outer",
        "Parallel Aware": false,
        "Startup Cost": 249603.79,
        "Total Cost": 249603.9,
        "Plan Rows": 1,
        "Plan Width": 8,
        "Actual Startup Time": 1342.008,
        "Actual Total Time": 1369.17,
        "Actual Rows": 2,
        "Actual Loops": 1,
        "Workers Planned": 1,
        "Workers Launched": 1,
        "Single Copy": false,
        "Plans": [
          {
            "Node Type": "Aggregate",
            "Strategy": "Plain",
            "Partial Mode": "Partial",
            "Parent Relationship": "Outer",
            "Parallel Aware": false,
            "Startup Cost": 248603.79,
            "Total Cost": 248603.8,
            "Plan Rows": 1,
            "Plan Width": 8,
            "Actual Startup Time": 1335.765,
            "Actual Total Time": 1335.77,
            "Actual Rows": 1,
            "Actual Loops": 2,
            "Plans": [
              {
                "Node Type": "Merge Join",
                "Parent Relationship": "Outer",
                "Parallel Aware": false,
                "Join Type": "Inner",
                "Startup Cost": 194975.31,
                "Total Cost": 248277.51,
                "Plan Rows": 130513,
                "Plan Width": 0,
                "Actual Startup Time": 1038.957,
                "Actual Total Time": 1308.658,
                "Actual Rows": 687308,
                "Actual Loops": 2,
                "Inner Unique": false,
                "Merge Cond": "(mi_idx.movie_id = t.id)",
                "Plans": [
                  {
                    "Node Type": "Index Only Scan",
                    "Parent Relationship": "Outer",
                    "Parallel Aware": true,
                    "Scan Direction": "Forward",
                    "Index Name": "movie_id_movie_info_idx",
                    "Relation Name": "movie_info_idx",
                    "Alias": "mi_idx",
                    "Startup Cost": 0.43,
                    "Total Cost": 47937.73,
                    "Plan Rows": 811785,
                    "Plan Width": 4,
                    "Actual Startup Time": 0.118,
                    "Actual Total Time": 121.384,
                    "Actual Rows": 690018,
                    "Actual Loops": 2,
                    "Heap Fetches": 1380035
                  },
                  {
                    "Node Type": "Sort",
                    "Parent Relationship": "Inner",
                    "Parallel Aware": false,
                    "Startup Cost": 194974.84,
                    "Total Cost": 195991.04,
                    "Plan Rows": 406481,
                    "Plan Width": 8,
                    "Actual Startup Time": 1038.814,
                    "Actual Total Time": 1075.56,
                    "Actual Rows": 1036187,
                    "Actual Loops": 2,
                    "Sort Key": [
                      "t.id"
                    ],
                    "Sort Method": "quicksort",
                    "Sort Space Used": 51626,
                    "Sort Space Type": "Memory",
                    "Workers": [
                      {
                        "Worker Number": 0,
                        "Sort Method": "quicksort",
                        "Sort Space Used": 51626,
                        "Sort Space Type": "Memory"
                      }
                    ],
                    "Plans": [
                      {
                        "Node Type": "Hash Join",
                        "Parent Relationship": "Outer",
                        "Parallel Aware": false,
                        "Join Type": "Inner",
                        "Startup Cost": 108993.26,
                        "Total Cost": 157105.39,
                        "Plan Rows": 406481,
                        "Plan Width": 8,
                        "Actual Startup Time": 499.1,
                        "Actual Total Time": 925.472,
                        "Actual Rows": 577048,
                        "Actual Loops": 2,
                        "Inner Unique": true,
                        "Hash Cond": "(mk.movie_id = t.id)",
                        "Plans": [
                          {
                            "Node Type": "Bitmap Heap Scan",
                            "Parent Relationship": "Outer",
                            "Parallel Aware": false,
                            "Relation Name": "movie_keyword",
                            "Alias": "mk",
                            "Startup Cost": 33178.77,
                            "Total Cost": 77184.94,
                            "Plan Rows": 1564173,
                            "Plan Width": 4,
                            "Actual Startup Time": 111.665,
                            "Actual Total Time": 303.973,
                            "Actual Rows": 1580163,
                            "Actual Loops": 2,
                            "Recheck Cond": "(keyword_id < 2399)",
                            "Rows Removed by Index Recheck": 0,
                            "Exact Heap Blocks": 24316,
                            "Lossy Heap Blocks": 0,
                            "Plans": [
                              {
                                "Node Type": "Bitmap Index Scan",
                                "Parent Relationship": "Outer",
                                "Parallel Aware": false,
                                "Index Name": "keyword_id_movie_keyword",
                                "Startup Cost": 0.0,
                                "Total Cost": 32787.73,
                                "Plan Rows": 1564173,
                                "Plan Width": 0,
                                "Actual Startup Time": 108.652,
                                "Actual Total Time": 108.653,
                                "Actual Rows": 1580163,
                                "Actual Loops": 2,
                                "Index Cond": "(keyword_id < 2399)"
                              }
                            ]
                          },
                          {
                            "Node Type": "Hash",
                            "Parent Relationship": "Inner",
                            "Parallel Aware": false,
                            "Startup Cost": 67601.66,
                            "Total Cost": 67601.66,
                            "Plan Rows": 657026,
                            "Plan Width": 4,
                            "Actual Startup Time": 384.911,
                            "Actual Total Time": 384.913,
                            "Actual Rows": 662834,
                            "Actual Loops": 2,
                            "Hash Buckets": 1048576,
                            "Original Hash Buckets": 1048576,
                            "Hash Batches": 1,
                            "Original Hash Batches": 1,
                            "Peak Memory Usage": 31495,
                            "Plans": [
                              {
                                "Node Type": "Seq Scan",
                                "Parent Relationship": "Outer",
                                "Parallel Aware": false,
                                "Relation Name": "title",
                                "Alias": "t",
                                "Startup Cost": 0.0,
                                "Total Cost": 67601.66,
                                "Plan Rows": 657026,
                                "Plan Width": 4,
                                "Actual Startup Time": 0.03,
                                "Actual Total Time": 248.996,
                                "Actual Rows": 662834,
                                "Actual Loops": 2,
                                "Filter": "(production_year < 1989)",
                                "Rows Removed by Filter": 1865478
                              }
                            ]
                          }
                        ]
                      }
                    ]
                  }
                ]
              }
            ]
          }
        ]
      }
    ]
  },
  "Planning Time": 1.045,
  "Triggers": [],
  "Execution Time": 1373.733
}