{
    "Plan": {
        "Node Type": "Aggregate",
        "Strategy": "Plain",
        "Partial Mode": "Finalize",
        "Parallel Aware": false,
        "Startup Cost": 133046.55,
        "Total Cost": 133046.56,
        "Plan Rows": 1,
        "Plan Width": 8,
        "Actual Startup Time": 343.778,
        "Actual Total Time": 365.284,
        "Actual Rows": 1,
        "Actual Loops": 1,
        "Output": [
            "count(*)"
        ],
        "Plans": [
            {
                "Node Type": "Gather",
                "Parent Relationship": "Outer",
                "Parallel Aware": false,
                "Startup Cost": 133046.03,
                "Total Cost": 133046.54,
                "Plan Rows": 5,
                "Plan Width": 8,
                "Actual Startup Time": 342.595,
                "Actual Total Time": 365.276,
                "Actual Rows": 6,
                "Actual Loops": 1,
                "Output": [
                    "(PARTIAL count(*))"
                ],
                "Workers Planned": 5,
                "Workers Launched": 5,
                "Single Copy": false,
                "Plans": [
                    {
                        "Node Type": "Aggregate",
                        "Strategy": "Plain",
                        "Partial Mode": "Partial",
                        "Parent Relationship": "Outer",
                        "Parallel Aware": false,
                        "Startup Cost": 132046.03,
                        "Total Cost": 132046.04,
                        "Plan Rows": 1,
                        "Plan Width": 8,
                        "Actual Startup Time": 331.701,
                        "Actual Total Time": 331.704,
                        "Actual Rows": 1,
                        "Actual Loops": 6,
                        "Output": [
                            "PARTIAL count(*)"
                        ],
                        "Workers": [
                            {
                                "Worker Number": 0,
                                "Actual Startup Time": 329.344,
                                "Actual Total Time": 329.347,
                                "Actual Rows": 1,
                                "Actual Loops": 1
                            },
                            {
                                "Worker Number": 1,
                                "Actual Startup Time": 329.435,
                                "Actual Total Time": 329.438,
                                "Actual Rows": 1,
                                "Actual Loops": 1
                            },
                            {
                                "Worker Number": 2,
                                "Actual Startup Time": 329.56,
                                "Actual Total Time": 329.563,
                                "Actual Rows": 1,
                                "Actual Loops": 1
                            },
                            {
                                "Worker Number": 3,
                                "Actual Startup Time": 330.008,
                                "Actual Total Time": 330.011,
                                "Actual Rows": 1,
                                "Actual Loops": 1
                            },
                            {
                                "Worker Number": 4,
                                "Actual Startup Time": 330.221,
                                "Actual Total Time": 330.224,
                                "Actual Rows": 1,
                                "Actual Loops": 1
                            }
                        ],
                        "Plans": [
                            {
                                "Node Type": "Nested Loop",
                                "Parent Relationship": "Outer",
                                "Parallel Aware": false,
                                "Join Type": "Inner",
                                "Startup Cost": 44329.44,
                                "Total Cost": 132006.81,
                                "Plan Rows": 15688,
                                "Plan Width": 0,
                                "Actual Startup Time": 87.28,
                                "Actual Total Time": 330.698,
                                "Actual Rows": 14934,
                                "Actual Loops": 6,
                                "Inner Unique": false,
                                "Join Filter": "(t.id = mi_idx.movie_id)",
                                "Rows Removed by Join Filter": 0,
                                "Workers": [
                                    {
                                        "Worker Number": 0,
                                        "Actual Startup Time": 85.423,
                                        "Actual Total Time": 328.225,
                                        "Actual Rows": 11459,
                                        "Actual Loops": 1
                                    },
                                    {
                                        "Worker Number": 1,
                                        "Actual Startup Time": 84.627,
                                        "Actual Total Time": 328.499,
                                        "Actual Rows": 9513,
                                        "Actual Loops": 1
                                    },
                                    {
                                        "Worker Number": 2,
                                        "Actual Startup Time": 85.95,
                                        "Actual Total Time": 328.53,
                                        "Actual Rows": 18106,
                                        "Actual Loops": 1
                                    },
                                    {
                                        "Worker Number": 3,
                                        "Actual Startup Time": 85.585,
                                        "Actual Total Time": 329.073,
                                        "Actual Rows": 15316,
                                        "Actual Loops": 1
                                    },
                                    {
                                        "Worker Number": 4,
                                        "Actual Startup Time": 85.243,
                                        "Actual Total Time": 329.285,
                                        "Actual Rows": 15061,
                                        "Actual Loops": 1
                                    }
                                ],
                                "Plans": [
                                    {
                                        "Node Type": "Hash Join",
                                        "Parent Relationship": "Outer",
                                        "Parallel Aware": true,
                                        "Join Type": "Inner",
                                        "Startup Cost": 44329.01,
                                        "Total Cost": 116516.47,
                                        "Plan Rows": 28742,
                                        "Plan Width": 8,
                                        "Actual Startup Time": 86.911,
                                        "Actual Total Time": 270.006,
                                        "Actual Rows": 16737,
                                        "Actual Loops": 6,
                                        "Output": [
                                            "t.id",
                                            "ci.movie_id"
                                        ],
                                        "Inner Unique": true,
                                        "Hash Cond": "(ci.movie_id = t.id)",
                                        "Workers": [
                                            {
                                                "Worker Number": 0,
                                                "Actual Startup Time": 85.289,
                                                "Actual Total Time": 267.773,
                                                "Actual Rows": 12429,
                                                "Actual Loops": 1
                                            },
                                            {
                                                "Worker Number": 1,
                                                "Actual Startup Time": 84.423,
                                                "Actual Total Time": 270.87,
                                                "Actual Rows": 11681,
                                                "Actual Loops": 1
                                            },
                                            {
                                                "Worker Number": 2,
                                                "Actual Startup Time": 85.176,
                                                "Actual Total Time": 265.791,
                                                "Actual Rows": 19275,
                                                "Actual Loops": 1
                                            },
                                            {
                                                "Worker Number": 3,
                                                "Actual Startup Time": 84.929,
                                                "Actual Total Time": 268.78,
                                                "Actual Rows": 17093,
                                                "Actual Loops": 1
                                            },
                                            {
                                                "Worker Number": 4,
                                                "Actual Startup Time": 85.129,
                                                "Actual Total Time": 268.178,
                                                "Actual Rows": 17346,
                                                "Actual Loops": 1
                                            }
                                        ],
                                        "Plans": [
                                            {
                                                "Node Type": "Index Scan",
                                                "Parent Relationship": "Outer",
                                                "Parallel Aware": true,
                                                "Scan Direction": "Forward",
                                                "Index Name": "role_id_cast_info",
                                                "Relation Name": "cast_info",
                                                "Schema": "public",
                                                "Alias": "ci",
                                                "Startup Cost": 0.56,
                                                "Total Cost": 70799.91,
                                                "Plan Rows": 528807,
                                                "Plan Width": 4,
                                                "Actual Startup Time": 0.14,
                                                "Actual Total Time": 100.929,
                                                "Actual Rows": 454824,
                                                "Actual Loops": 6,
                                                "Output": [
                                                    "ci.id",
                                                    "ci.person_id",
                                                    "ci.movie_id",
                                                    "ci.person_role_id",
                                                    "ci.note",
                                                    "ci.nr_order",
                                                    "ci.role_id"
                                                ],
                                                "Index Cond": "(ci.role_id = 4)",
                                                "Rows Removed by Index Recheck": 0,
                                                "Workers": [
                                                    {
                                                        "Worker Number": 0,
                                                        "Actual Startup Time": 0.189,
                                                        "Actual Total Time": 103.851,
                                                        "Actual Rows": 336962,
                                                        "Actual Loops": 1
                                                    },
                                                    {
                                                        "Worker Number": 1,
                                                        "Actual Startup Time": 0.228,
                                                        "Actual Total Time": 105.058,
                                                        "Actual Rows": 341640,
                                                        "Actual Loops": 1
                                                    },
                                                    {
                                                        "Worker Number": 2,
                                                        "Actual Startup Time": 0.186,
                                                        "Actual Total Time": 101.073,
                                                        "Actual Rows": 487505,
                                                        "Actual Loops": 1
                                                    },
                                                    {
                                                        "Worker Number": 3,
                                                        "Actual Startup Time": 0.13,
                                                        "Actual Total Time": 103.679,
                                                        "Actual Rows": 473949,
                                                        "Actual Loops": 1
                                                    },
                                                    {
                                                        "Worker Number": 4,
                                                        "Actual Startup Time": 0.073,
                                                        "Actual Total Time": 102.569,
                                                        "Actual Rows": 472294,
                                                        "Actual Loops": 1
                                                    }
                                                ]
                                            },
                                            {
                                                "Node Type": "Hash",
                                                "Parent Relationship": "Inner",
                                                "Parallel Aware": true,
                                                "Startup Cost": 43899.01,
                                                "Total Cost": 43899.01,
                                                "Plan Rows": 34355,
                                                "Plan Width": 4,
                                                "Actual Startup Time": 84.548,
                                                "Actual Total Time": 84.549,
                                                "Actual Rows": 23108,
                                                "Actual Loops": 6,
                                                "Output": [
                                                    "t.id"
                                                ],
                                                "Hash Buckets": 262144,
                                                "Original Hash Buckets": 262144,
                                                "Hash Batches": 1,
                                                "Original Hash Batches": 1,
                                                "Peak Memory Usage": 7584,
                                                "Workers": [
                                                    {
                                                        "Worker Number": 0,
                                                        "Actual Startup Time": 83.384,
                                                        "Actual Total Time": 83.386,
                                                        "Actual Rows": 17272,
                                                        "Actual Loops": 1
                                                    },
                                                    {
                                                        "Worker Number": 1,
                                                        "Actual Startup Time": 83.651,
                                                        "Actual Total Time": 83.652,
                                                        "Actual Rows": 16730,
                                                        "Actual Loops": 1
                                                    },
                                                    {
                                                        "Worker Number": 2,
                                                        "Actual Startup Time": 83.775,
                                                        "Actual Total Time": 83.775,
                                                        "Actual Rows": 24341,
                                                        "Actual Loops": 1
                                                    },
                                                    {
                                                        "Worker Number": 3,
                                                        "Actual Startup Time": 84.271,
                                                        "Actual Total Time": 84.272,
                                                        "Actual Rows": 23668,
                                                        "Actual Loops": 1
                                                    },
                                                    {
                                                        "Worker Number": 4,
                                                        "Actual Startup Time": 84.492,
                                                        "Actual Total Time": 84.493,
                                                        "Actual Rows": 23847,
                                                        "Actual Loops": 1
                                                    }
                                                ],
                                                "Plans": [
                                                    {
                                                        "Node Type": "Seq Scan",
                                                        "Parent Relationship": "Outer",
                                                        "Parallel Aware": true,
                                                        "Relation Name": "title",
                                                        "Schema": "public",
                                                        "Alias": "t",
                                                        "Startup Cost": 0.0,
                                                        "Total Cost": 43899.01,
                                                        "Plan Rows": 34355,
                                                        "Plan Width": 4,
                                                        "Actual Startup Time": 16.667,
                                                        "Actual Total Time": 75.73,
                                                        "Actual Rows": 23108,
                                                        "Actual Loops": 6,
                                                        "Output": [
                                                            "t.id"
                                                        ],
                                                        "Filter": "(t.production_year < 1939)",
                                                        "Rows Removed by Filter": 398277,
                                                        "Workers": [
                                                            {
                                                                "Worker Number": 0,
                                                                "Actual Startup Time": 9.443,
                                                                "Actual Total Time": 75.318,
                                                                "Actual Rows": 17272,
                                                                "Actual Loops": 1
                                                            },
                                                            {
                                                                "Worker Number": 1,
                                                                "Actual Startup Time": 32.889,
                                                                "Actual Total Time": 74.982,
                                                                "Actual Rows": 16730,
                                                                "Actual Loops": 1
                                                            },
                                                            {
                                                                "Worker Number": 2,
                                                                "Actual Startup Time": 1.652,
                                                                "Actual Total Time": 74.683,
                                                                "Actual Rows": 24341,
                                                                "Actual Loops": 1
                                                            },
                                                            {
                                                                "Worker Number": 3,
                                                                "Actual Startup Time": 9.555,
                                                                "Actual Total Time": 75.734,
                                                                "Actual Rows": 23668,
                                                                "Actual Loops": 1
                                                            },
                                                            {
                                                                "Worker Number": 4,
                                                                "Actual Startup Time": 40.296,
                                                                "Actual Total Time": 76.425,
                                                                "Actual Rows": 23847,
                                                                "Actual Loops": 1
                                                            }
                                                        ]
                                                    }
                                                ]
                                            }
                                        ]
                                    },
                                    {
                                        "Node Type": "Index Only Scan",
                                        "Parent Relationship": "Inner",
                                        "Parallel Aware": false,
                                        "Scan Direction": "Forward",
                                        "Index Name": "movie_id_movie_info_idx",
                                        "Relation Name": "movie_info_idx",
                                        "Schema": "public",
                                        "Alias": "mi_idx",
                                        "Startup Cost": 0.43,
                                        "Total Cost": 0.5,
                                        "Plan Rows": 3,
                                        "Plan Width": 4,
                                        "Actual Startup Time": 0.003,
                                        "Actual Total Time": 0.003,
                                        "Actual Rows": 1,
                                        "Actual Loops": 100424,
                                        "Output": [
                                            "mi_idx.movie_id"
                                        ],
                                        "Index Cond": "(mi_idx.movie_id = ci.movie_id)",
                                        "Rows Removed by Index Recheck": 0,
                                        "Heap Fetches": 89604,
                                        "Workers": [
                                            {
                                                "Worker Number": 0,
                                                "Actual Startup Time": 0.004,
                                                "Actual Total Time": 0.004,
                                                "Actual Rows": 1,
                                                "Actual Loops": 12429
                                            },
                                            {
                                                "Worker Number": 1,
                                                "Actual Startup Time": 0.004,
                                                "Actual Total Time": 0.004,
                                                "Actual Rows": 1,
                                                "Actual Loops": 11681
                                            },
                                            {
                                                "Worker Number": 2,
                                                "Actual Startup Time": 0.003,
                                                "Actual Total Time": 0.003,
                                                "Actual Rows": 1,
                                                "Actual Loops": 19275
                                            },
                                            {
                                                "Worker Number": 3,
                                                "Actual Startup Time": 0.003,
                                                "Actual Total Time": 0.003,
                                                "Actual Rows": 1,
                                                "Actual Loops": 17093
                                            },
                                            {
                                                "Worker Number": 4,
                                                "Actual Startup Time": 0.003,
                                                "Actual Total Time": 0.003,
                                                "Actual Rows": 1,
                                                "Actual Loops": 17346
                                            }
                                        ]
                                    }
                                ]
                            }
                        ]
                    }
                ]
            }
        ]
    },
    "Planning Time": 1.422,
    "Triggers": [],
    "Execution Time": 365.381
}