{
  "Plan": {
    "Node Type": "Aggregate",
    "Strategy": "Plain",
    "Partial Mode": "Finalize",
    "Parallel Aware": false,
    "Startup Cost": 630996.93,
    "Total Cost": 630996.94,
    "Plan Rows": 1,
    "Plan Width": 8,
    "Actual Startup Time": 5322.079,
    "Actual Total Time": 5376.57,
    "Actual Rows": 1,
    "Actual Loops": 1,
    "Plans": [
      {
        "Node Type": "Gather",
        "Parent Relationship": "Outer",
        "Parallel Aware": false,
        "Startup Cost": 630996.82,
        "Total Cost": 630996.93,
        "Plan Rows": 1,
        "Plan Width": 8,
        "Actual Startup Time": 5320.058,
        "Actual Total Time": 5376.561,
        "Actual Rows": 2,
        "Actual Loops": 1,
        "Workers Planned": 1,
        "Workers Launched": 1,
        "Single Copy": false,
        "Plans": [
          {
            "Node Type": "Aggregate",
            "Strategy": "Plain",
            "Partial Mode": "Partial",
            "Parent Relationship": "Outer",
            "Parallel Aware": false,
            "Startup Cost": 629996.82,
            "Total Cost": 629996.83,
            "Plan Rows": 1,
            "Plan Width": 8,
            "Actual Startup Time": 5314.503,
            "Actual Total Time": 5314.508,
            "Actual Rows": 1,
            "Actual Loops": 2,
            "Plans": [
              {
                "Node Type": "Hash Join",
                "Parent Relationship": "Outer",
                "Parallel Aware": true,
                "Join Type": "Inner",
                "Startup Cost": 63844.83,
                "Total Cost": 619590.67,
                "Plan Rows": 4162458,
                "Plan Width": 0,
                "Actual Startup Time": 914.706,
                "Actual Total Time": 5155.018,
                "Actual Rows": 3680580,
                "Actual Loops": 2,
                "Inner Unique": true,
                "Hash Cond": "(ci.movie_id = t.id)",
                "Plans": [
                  {
                    "Node Type": "Seq Scan",
                    "Parent Relationship": "Outer",
                    "Parallel Aware": true,
                    "Relation Name": "cast_info",
                    "Alias": "ci",
                    "Startup Cost": 0.0,
                    "Total Cost": 519069.44,
                    "Plan Rows": 13971936,
                    "Plan Width": 4,
                    "Actual Startup Time": 590.246,
                    "Actual Total Time": 1973.244,
                    "Actual Rows": 11786828,
                    "Actual Loops": 2,
                    "Filter": "(role_id > 1)",
                    "Rows Removed by Filter": 6335344
                  },
                  {
                    "Node Type": "Hash",
                    "Parent Relationship": "Inner",
                    "Parallel Aware": true,
                    "Startup Cost": 58306.47,
                    "Total Cost": 58306.47,
                    "Plan Rows": 443069,
                    "Plan Width": 4,
                    "Actual Startup Time": 315.277,
                    "Actual Total Time": 315.278,
                    "Actual Rows": 396972,
                    "Actual Loops": 2,
                    "Hash Buckets": 1048576,
                    "Original Hash Buckets": 1048576,
                    "Hash Batches": 1,
                    "Original Hash Batches": 1,
                    "Peak Memory Usage": 39296,
                    "Plans": [
                      {
                        "Node Type": "Seq Scan",
                        "Parent Relationship": "Outer",
                        "Parallel Aware": true,
                        "Relation Name": "title",
                        "Alias": "t",
                        "Startup Cost": 0.0,
                        "Total Cost": 58306.47,
                        "Plan Rows": 443069,
                        "Plan Width": 4,
                        "Actual Startup Time": 0.038,
                        "Actual Total Time": 184.365,
                        "Actual Rows": 396972,
                        "Actual Loops": 2,
                        "Filter": "((kind_id < 7) AND (production_year < 2010))",
                        "Rows Removed by Filter": 867184
                      }
                    ]
                  }
                ]
              }
            ]
          }
        ]
      }
    ]
  },
  "Planning Time": 0.717,
  "Triggers": [],
  "Execution Time": 5376.651
}