[
  {
    "Plan": {
      "Node Type": "Aggregate",
      "Strategy": "Plain",
      "Partial Mode": "Finalize",
      "Parallel Aware": false,
      "Startup Cost": 45566.68,
      "Total Cost": 45566.69,
      "Plan Rows": 1,
      "Plan Width": 8,
      "Actual Startup Time": 134.422,
      "Actual Total Time": 143.159,
      "Actual Rows": 1,
      "Actual Loops": 1,
      "Plans": [
        {
          "Node Type": "Gather",
          "Parent Relationship": "Outer",
          "Parallel Aware": false,
          "Startup Cost": 45566.36,
          "Total Cost": 45566.67,
          "Plan Rows": 3,
          "Plan Width": 8,
          "Actual Startup Time": 134.291,
          "Actual Total Time": 143.146,
          "Actual Rows": 4,
          "Actual Loops": 1,
          "Workers Planned": 3,
          "Workers Launched": 3,
          "Single Copy": false,
          "Plans": [
            {
              "Node Type": "Aggregate",
              "Strategy": "Plain",
              "Partial Mode": "Partial",
              "Parent Relationship": "Outer",
              "Parallel Aware": false,
              "Startup Cost": 44566.36,
              "Total Cost": 44566.37,
              "Plan Rows": 1,
              "Plan Width": 8,
              "Actual Startup Time": 129.235,
              "Actual Total Time": 129.237,
              "Actual Rows": 1,
              "Actual Loops": 4,
              "Plans": [
                {
                  "Node Type": "Seq Scan",
                  "Parent Relationship": "Outer",
                  "Parallel Aware": true,
                  "Relation Name": "movie_keyword",
                  "Alias": "mk",
                  "Startup Cost": 0.0,
                  "Total Cost": 42695.65,
                  "Plan Rows": 748282,
                  "Plan Width": 0,
                  "Actual Startup Time": 0.225,
                  "Actual Total Time": 104.516,
                  "Actual Rows": 576286,
                  "Actual Loops": 4,
                  "Filter": "(keyword_id > 4514)",
                  "Rows Removed by Filter": 554697
                }
              ]
            }
          ]
        }
      ]
    },
    "Planning Time": 0.165,
    "Triggers": [],
    "Execution Time": 143.212
  }
]