[
  {
    "Plan": {
      "Node Type": "Aggregate",
      "Strategy": "Plain",
      "Partial Mode": "Finalize",
      "Parallel Aware": false,
      "Startup Cost": 382968.87,
      "Total Cost": 382968.88,
      "Plan Rows": 1,
      "Plan Width": 8,
      "Actual Startup Time": 1201.469,
      "Actual Total Time": 1263.537,
      "Actual Rows": 1,
      "Actual Loops": 1,
      "Plans": [
        {
          "Node Type": "Gather",
          "Parent Relationship": "Outer",
          "Parallel Aware": false,
          "Startup Cost": 382968.25,
          "Total Cost": 382968.86,
          "Plan Rows": 6,
          "Plan Width": 8,
          "Actual Startup Time": 1194.301,
          "Actual Total Time": 1263.526,
          "Actual Rows": 7,
          "Actual Loops": 1,
          "Workers Planned": 6,
          "Workers Launched": 6,
          "Single Copy": false,
          "Plans": [
            {
              "Node Type": "Aggregate",
              "Strategy": "Plain",
              "Partial Mode": "Partial",
              "Parent Relationship": "Outer",
              "Parallel Aware": false,
              "Startup Cost": 381968.25,
              "Total Cost": 381968.26,
              "Plan Rows": 1,
              "Plan Width": 8,
              "Actual Startup Time": 1183.033,
              "Actual Total Time": 1183.139,
              "Actual Rows": 1,
              "Actual Loops": 7,
              "Plans": [
                {
                  "Node Type": "Hash Join",
                  "Parent Relationship": "Outer",
                  "Parallel Aware": true,
                  "Join Type": "Inner",
                  "Startup Cost": 48666.84,
                  "Total Cost": 380541.62,
                  "Plan Rows": 570652,
                  "Plan Width": 0,
                  "Actual Startup Time": 507.761,
                  "Actual Total Time": 1155.417,
                  "Actual Rows": 572747,
                  "Actual Loops": 7,
                  "Inner Unique": true,
                  "Hash Cond": "(ci.movie_id = t.id)",
                  "Plans": [
                    {
                      "Node Type": "Seq Scan",
                      "Parent Relationship": "Outer",
                      "Parallel Aware": true,
                      "Relation Name": "cast_info",
                      "Alias": "ci",
                      "Startup Cost": 0.0,
                      "Total Cost": 328162.03,
                      "Plan Rows": 1414380,
                      "Plan Width": 4,
                      "Actual Startup Time": 318.718,
                      "Actual Total Time": 578.612,
                      "Actual Rows": 1199623,
                      "Actual Loops": 7,
                      "Filter": "(person_id > 2844704)",
                      "Rows Removed by Filter": 3978140
                    },
                    {
                      "Node Type": "Hash",
                      "Parent Relationship": "Inner",
                      "Parallel Aware": true,
                      "Startup Cost": 45479.1,
                      "Total Cost": 45479.1,
                      "Plan Rows": 255019,
                      "Plan Width": 4,
                      "Actual Startup Time": 185.942,
                      "Actual Total Time": 185.943,
                      "Actual Rows": 159712,
                      "Actual Loops": 7,
                      "Hash Buckets": 2097152,
                      "Original Hash Buckets": 1048576,
                      "Hash Batches": 1,
                      "Original Hash Batches": 1,
                      "Peak Memory Usage": 68448,
                      "Plans": [
                        {
                          "Node Type": "Seq Scan",
                          "Parent Relationship": "Outer",
                          "Parallel Aware": true,
                          "Relation Name": "title",
                          "Alias": "t",
                          "Startup Cost": 0.0,
                          "Total Cost": 45479.1,
                          "Plan Rows": 255019,
                          "Plan Width": 4,
                          "Actual Startup Time": 0.04,
                          "Actual Total Time": 85.462,
                          "Actual Rows": 159712,
                          "Actual Loops": 7,
                          "Filter": "((production_year > 1993) AND (kind_id = 7))",
                          "Rows Removed by Filter": 201476
                        }
                      ]
                    }
                  ]
                }
              ]
            }
          ]
        }
      ]
    },
    "Planning Time": 0.689,
    "Triggers": [],
    "Execution Time": 1263.636
  }
]