[
  {
    "Plan": {
      "Node Type": "Aggregate",
      "Strategy": "Plain",
      "Partial Mode": "Finalize",
      "Parallel Aware": false,
      "Startup Cost": 83013.95,
      "Total Cost": 83013.96,
      "Plan Rows": 1,
      "Plan Width": 8,
      "Actual Startup Time": 249.789,
      "Actual Total Time": 262.694,
      "Actual Rows": 1,
      "Actual Loops": 1,
      "Plans": [
        {
          "Node Type": "Gather",
          "Parent Relationship": "Outer",
          "Parallel Aware": false,
          "Startup Cost": 83013.64,
          "Total Cost": 83013.95,
          "Plan Rows": 3,
          "Plan Width": 8,
          "Actual Startup Time": 248.861,
          "Actual Total Time": 262.685,
          "Actual Rows": 4,
          "Actual Loops": 1,
          "Workers Planned": 3,
          "Workers Launched": 3,
          "Single Copy": false,
          "Plans": [
            {
              "Node Type": "Aggregate",
              "Strategy": "Plain",
              "Partial Mode": "Partial",
              "Parent Relationship": "Outer",
              "Parallel Aware": false,
              "Startup Cost": 82013.64,
              "Total Cost": 82013.65,
              "Plan Rows": 1,
              "Plan Width": 8,
              "Actual Startup Time": 242.325,
              "Actual Total Time": 242.329,
              "Actual Rows": 1,
              "Actual Loops": 4,
              "Plans": [
                {
                  "Node Type": "Hash Join",
                  "Parent Relationship": "Outer",
                  "Parallel Aware": true,
                  "Join Type": "Inner",
                  "Startup Cost": 38981.37,
                  "Total Cost": 81859.45,
                  "Plan Rows": 61674,
                  "Plan Width": 0,
                  "Actual Startup Time": 83.103,
                  "Actual Total Time": 237.209,
                  "Actual Rows": 113868,
                  "Actual Loops": 4,
                  "Inner Unique": true,
                  "Hash Cond": "(mk.movie_id = t.id)",
                  "Plans": [
                    {
                      "Node Type": "Seq Scan",
                      "Parent Relationship": "Outer",
                      "Parallel Aware": true,
                      "Relation Name": "movie_keyword",
                      "Alias": "mk",
                      "Startup Cost": 0.0,
                      "Total Cost": 39047.32,
                      "Plan Rows": 1459332,
                      "Plan Width": 4,
                      "Actual Startup Time": 0.024,
                      "Actual Total Time": 89.711,
                      "Actual Rows": 1130982,
                      "Actual Loops": 4
                    },
                    {
                      "Node Type": "Hash",
                      "Parent Relationship": "Inner",
                      "Parallel Aware": true,
                      "Startup Cost": 38647.44,
                      "Total Cost": 38647.44,
                      "Plan Rows": 26714,
                      "Plan Width": 4,
                      "Actual Startup Time": 44.972,
                      "Actual Total Time": 44.974,
                      "Actual Rows": 27896,
                      "Actual Loops": 4,
                      "Hash Buckets": 131072,
                      "Original Hash Buckets": 131072,
                      "Hash Batches": 1,
                      "Original Hash Batches": 1,
                      "Peak Memory Usage": 5440,
                      "Plans": [
                        {
                          "Node Type": "Bitmap Heap Scan",
                          "Parent Relationship": "Outer",
                          "Parallel Aware": true,
                          "Relation Name": "title",
                          "Alias": "t",
                          "Startup Cost": 2194.01,
                          "Total Cost": 38647.44,
                          "Plan Rows": 26714,
                          "Plan Width": 4,
                          "Actual Startup Time": 4.577,
                          "Actual Total Time": 35.357,
                          "Actual Rows": 27896,
                          "Actual Loops": 4,
                          "Recheck Cond": "(kind_id = 4)",
                          "Rows Removed by Index Recheck": 0,
                          "Filter": "(production_year < 2012)",
                          "Rows Removed by Filter": 1662,
                          "Exact Heap Blocks": 6495,
                          "Lossy Heap Blocks": 0,
                          "Plans": [
                            {
                              "Node Type": "Bitmap Index Scan",
                              "Parent Relationship": "Outer",
                              "Parallel Aware": false,
                              "Index Name": "kind_id_title",
                              "Startup Cost": 0.0,
                              "Total Cost": 2167.3,
                              "Plan Rows": 121449,
                              "Plan Width": 0,
                              "Actual Startup Time": 7.219,
                              "Actual Total Time": 7.22,
                              "Actual Rows": 118234,
                              "Actual Loops": 1,
                              "Index Cond": "(kind_id = 4)"
                            }
                          ]
                        }
                      ]
                    }
                  ]
                }
              ]
            }
          ]
        }
      ]
    },
    "Planning Time": 0.575,
    "Triggers": [],
    "Execution Time": 262.78
  }
]