{
    "Plan": {
        "Node Type": "Aggregate",
        "Strategy": "Plain",
        "Partial Mode": "Finalize",
        "Parallel Aware": false,
        "Startup Cost": 436578.33,
        "Total Cost": 436578.34,
        "Plan Rows": 1,
        "Plan Width": 8,
        "Actual Startup Time": 2338.672,
        "Actual Total Time": 2389.792,
        "Actual Rows": 1,
        "Actual Loops": 1,
        "Output": [
            "count(*)"
        ],
        "Plans": [
            {
                "Node Type": "Gather",
                "Parent Relationship": "Outer",
                "Parallel Aware": false,
                "Startup Cost": 436577.71,
                "Total Cost": 436578.32,
                "Plan Rows": 6,
                "Plan Width": 8,
                "Actual Startup Time": 2304.52,
                "Actual Total Time": 2389.775,
                "Actual Rows": 7,
                "Actual Loops": 1,
                "Output": [
                    "(PARTIAL count(*))"
                ],
                "Workers Planned": 6,
                "Workers Launched": 6,
                "Single Copy": false,
                "Plans": [
                    {
                        "Node Type": "Aggregate",
                        "Strategy": "Plain",
                        "Partial Mode": "Partial",
                        "Parent Relationship": "Outer",
                        "Parallel Aware": false,
                        "Startup Cost": 435577.71,
                        "Total Cost": 435577.72,
                        "Plan Rows": 1,
                        "Plan Width": 8,
                        "Actual Startup Time": 2288.284,
                        "Actual Total Time": 2288.763,
                        "Actual Rows": 1,
                        "Actual Loops": 7,
                        "Output": [
                            "PARTIAL count(*)"
                        ],
                        "Workers": [
                            {
                                "Worker Number": 0,
                                "Actual Startup Time": 2285.492,
                                "Actual Total Time": 2285.498,
                                "Actual Rows": 1,
                                "Actual Loops": 1
                            },
                            {
                                "Worker Number": 1,
                                "Actual Startup Time": 2287.093,
                                "Actual Total Time": 2287.098,
                                "Actual Rows": 1,
                                "Actual Loops": 1
                            },
                            {
                                "Worker Number": 2,
                                "Actual Startup Time": 2284.897,
                                "Actual Total Time": 2284.901,
                                "Actual Rows": 1,
                                "Actual Loops": 1
                            },
                            {
                                "Worker Number": 3,
                                "Actual Startup Time": 2285.716,
                                "Actual Total Time": 2285.72,
                                "Actual Rows": 1,
                                "Actual Loops": 1
                            },
                            {
                                "Worker Number": 4,
                                "Actual Startup Time": 2285.697,
                                "Actual Total Time": 2285.701,
                                "Actual Rows": 1,
                                "Actual Loops": 1
                            },
                            {
                                "Worker Number": 5,
                                "Actual Startup Time": 2285.734,
                                "Actual Total Time": 2285.739,
                                "Actual Rows": 1,
                                "Actual Loops": 1
                            }
                        ],
                        "Plans": [
                            {
                                "Node Type": "Hash Join",
                                "Parent Relationship": "Outer",
                                "Parallel Aware": true,
                                "Join Type": "Inner",
                                "Startup Cost": 86020.68,
                                "Total Cost": 431426.38,
                                "Plan Rows": 1660532,
                                "Plan Width": 0,
                                "Actual Startup Time": 682.305,
                                "Actual Total Time": 2180.523,
                                "Actual Rows": 2481407,
                                "Actual Loops": 7,
                                "Inner Unique": false,
                                "Hash Cond": "(ci.movie_id = t.id)",
                                "Workers": [
                                    {
                                        "Worker Number": 0,
                                        "Actual Startup Time": 679.75,
                                        "Actual Total Time": 2171.259,
                                        "Actual Rows": 2038062,
                                        "Actual Loops": 1
                                    },
                                    {
                                        "Worker Number": 1,
                                        "Actual Startup Time": 679.736,
                                        "Actual Total Time": 2187.608,
                                        "Actual Rows": 2512380,
                                        "Actual Loops": 1
                                    },
                                    {
                                        "Worker Number": 2,
                                        "Actual Startup Time": 679.061,
                                        "Actual Total Time": 2183.197,
                                        "Actual Rows": 2565442,
                                        "Actual Loops": 1
                                    },
                                    {
                                        "Worker Number": 3,
                                        "Actual Startup Time": 679.905,
                                        "Actual Total Time": 2181.166,
                                        "Actual Rows": 2747033,
                                        "Actual Loops": 1
                                    },
                                    {
                                        "Worker Number": 4,
                                        "Actual Startup Time": 679.883,
                                        "Actual Total Time": 2182.557,
                                        "Actual Rows": 2712638,
                                        "Actual Loops": 1
                                    },
                                    {
                                        "Worker Number": 5,
                                        "Actual Startup Time": 680.165,
                                        "Actual Total Time": 2181.92,
                                        "Actual Rows": 2728034,
                                        "Actual Loops": 1
                                    }
                                ],
                                "Plans": [
                                    {
                                        "Node Type": "Seq Scan",
                                        "Parent Relationship": "Outer",
                                        "Parallel Aware": true,
                                        "Relation Name": "cast_info",
                                        "Schema": "public",
                                        "Alias": "ci",
                                        "Startup Cost": 0.0,
                                        "Total Cost": 328213.62,
                                        "Plan Rows": 3156138,
                                        "Plan Width": 4,
                                        "Actual Startup Time": 179.68,
                                        "Actual Total Time": 608.223,
                                        "Actual Rows": 2715857,
                                        "Actual Loops": 7,
                                        "Output": [
                                            "ci.id",
                                            "ci.person_id",
                                            "ci.movie_id",
                                            "ci.person_role_id",
                                            "ci.note",
                                            "ci.nr_order",
                                            "ci.role_id"
                                        ],
                                        "Filter": "(ci.person_id > 1701852)",
                                        "Rows Removed by Filter": 2461907,
                                        "Workers": [
                                            {
                                                "Worker Number": 0,
                                                "Actual Startup Time": 179.695,
                                                "Actual Total Time": 640.511,
                                                "Actual Rows": 2203702,
                                                "Actual Loops": 1
                                            },
                                            {
                                                "Worker Number": 1,
                                                "Actual Startup Time": 179.673,
                                                "Actual Total Time": 608.273,
                                                "Actual Rows": 2749607,
                                                "Actual Loops": 1
                                            },
                                            {
                                                "Worker Number": 2,
                                                "Actual Startup Time": 179.679,
                                                "Actual Total Time": 614.9,
                                                "Actual Rows": 2816289,
                                                "Actual Loops": 1
                                            },
                                            {
                                                "Worker Number": 3,
                                                "Actual Startup Time": 179.684,
                                                "Actual Total Time": 608.082,
                                                "Actual Rows": 3004562,
                                                "Actual Loops": 1
                                            },
                                            {
                                                "Worker Number": 4,
                                                "Actual Startup Time": 179.697,
                                                "Actual Total Time": 605.311,
                                                "Actual Rows": 2968920,
                                                "Actual Loops": 1
                                            },
                                            {
                                                "Worker Number": 5,
                                                "Actual Startup Time": 179.645,
                                                "Actual Total Time": 607.043,
                                                "Actual Rows": 2998884,
                                                "Actual Loops": 1
                                            }
                                        ]
                                    },
                                    {
                                        "Node Type": "Hash",
                                        "Parent Relationship": "Inner",
                                        "Parallel Aware": true,
                                        "Startup Cost": 80656.88,
                                        "Total Cost": 80656.88,
                                        "Plan Rows": 429104,
                                        "Plan Width": 8,
                                        "Actual Startup Time": 497.683,
                                        "Actual Total Time": 498.159,
                                        "Actual Rows": 190698,
                                        "Actual Loops": 7,
                                        "Output": [
                                            "t.id",
                                            "mc.movie_id"
                                        ],
                                        "Hash Buckets": 2097152,
                                        "Original Hash Buckets": 2097152,
                                        "Hash Batches": 1,
                                        "Original Hash Batches": 1,
                                        "Peak Memory Usage": 68704,
                                        "Workers": [
                                            {
                                                "Worker Number": 0,
                                                "Actual Startup Time": 499.301,
                                                "Actual Total Time": 499.305,
                                                "Actual Rows": 149925,
                                                "Actual Loops": 1
                                            },
                                            {
                                                "Worker Number": 1,
                                                "Actual Startup Time": 499.29,
                                                "Actual Total Time": 499.293,
                                                "Actual Rows": 193629,
                                                "Actual Loops": 1
                                            },
                                            {
                                                "Worker Number": 2,
                                                "Actual Startup Time": 498.754,
                                                "Actual Total Time": 498.757,
                                                "Actual Rows": 194379,
                                                "Actual Loops": 1
                                            },
                                            {
                                                "Worker Number": 3,
                                                "Actual Startup Time": 499.551,
                                                "Actual Total Time": 499.554,
                                                "Actual Rows": 213343,
                                                "Actual Loops": 1
                                            },
                                            {
                                                "Worker Number": 4,
                                                "Actual Startup Time": 499.503,
                                                "Actual Total Time": 499.507,
                                                "Actual Rows": 212264,
                                                "Actual Loops": 1
                                            },
                                            {
                                                "Worker Number": 5,
                                                "Actual Startup Time": 499.563,
                                                "Actual Total Time": 499.567,
                                                "Actual Rows": 211768,
                                                "Actual Loops": 1
                                            }
                                        ],
                                        "Plans": [
                                            {
                                                "Node Type": "Hash Join",
                                                "Parent Relationship": "Outer",
                                                "Parallel Aware": true,
                                                "Join Type": "Inner",
                                                "Startup Cost": 50219.81,
                                                "Total Cost": 80656.88,
                                                "Plan Rows": 429104,
                                                "Plan Width": 8,
                                                "Actual Startup Time": 302.761,
                                                "Actual Total Time": 415.809,
                                                "Actual Rows": 190698,
                                                "Actual Loops": 7,
                                                "Output": [
                                                    "t.id",
                                                    "mc.movie_id"
                                                ],
                                                "Inner Unique": true,
                                                "Hash Cond": "(mc.movie_id = t.id)",
                                                "Workers": [
                                                    {
                                                        "Worker Number": 0,
                                                        "Actual Startup Time": 302.758,
                                                        "Actual Total Time": 415.736,
                                                        "Actual Rows": 149925,
                                                        "Actual Loops": 1
                                                    },
                                                    {
                                                        "Worker Number": 1,
                                                        "Actual Startup Time": 302.744,
                                                        "Actual Total Time": 415.906,
                                                        "Actual Rows": 193629,
                                                        "Actual Loops": 1
                                                    },
                                                    {
                                                        "Worker Number": 2,
                                                        "Actual Startup Time": 302.748,
                                                        "Actual Total Time": 415.827,
                                                        "Actual Rows": 194379,
                                                        "Actual Loops": 1
                                                    },
                                                    {
                                                        "Worker Number": 3,
                                                        "Actual Startup Time": 302.744,
                                                        "Actual Total Time": 414.641,
                                                        "Actual Rows": 213343,
                                                        "Actual Loops": 1
                                                    },
                                                    {
                                                        "Worker Number": 4,
                                                        "Actual Startup Time": 302.723,
                                                        "Actual Total Time": 414.245,
                                                        "Actual Rows": 212264,
                                                        "Actual Loops": 1
                                                    },
                                                    {
                                                        "Worker Number": 5,
                                                        "Actual Startup Time": 302.726,
                                                        "Actual Total Time": 415.685,
                                                        "Actual Rows": 211768,
                                                        "Actual Loops": 1
                                                    }
                                                ],
                                                "Plans": [
                                                    {
                                                        "Node Type": "Seq Scan",
                                                        "Parent Relationship": "Outer",
                                                        "Parallel Aware": true,
                                                        "Relation Name": "movie_companies",
                                                        "Schema": "public",
                                                        "Alias": "mc",
                                                        "Startup Cost": 0.0,
                                                        "Total Cost": 29310.68,
                                                        "Plan Rows": 429104,
                                                        "Plan Width": 4,
                                                        "Actual Startup Time": 22.52,
                                                        "Actual Total Time": 50.523,
                                                        "Actual Rows": 190698,
                                                        "Actual Loops": 7,
                                                        "Output": [
                                                            "mc.id",
                                                            "mc.movie_id",
                                                            "mc.company_id",
                                                            "mc.company_type_id",
                                                            "mc.note"
                                                        ],
                                                        "Filter": "(mc.company_type_id > 1)",
                                                        "Rows Removed by Filter": 182035,
                                                        "Workers": [
                                                            {
                                                                "Worker Number": 0,
                                                                "Actual Startup Time": 22.461,
                                                                "Actual Total Time": 53.058,
                                                                "Actual Rows": 149925,
                                                                "Actual Loops": 1
                                                            },
                                                            {
                                                                "Worker Number": 1,
                                                                "Actual Startup Time": 22.451,
                                                                "Actual Total Time": 50.254,
                                                                "Actual Rows": 193629,
                                                                "Actual Loops": 1
                                                            },
                                                            {
                                                                "Worker Number": 2,
                                                                "Actual Startup Time": 22.538,
                                                                "Actual Total Time": 50.421,
                                                                "Actual Rows": 194379,
                                                                "Actual Loops": 1
                                                            },
                                                            {
                                                                "Worker Number": 3,
                                                                "Actual Startup Time": 22.549,
                                                                "Actual Total Time": 50.347,
                                                                "Actual Rows": 213343,
                                                                "Actual Loops": 1
                                                            },
                                                            {
                                                                "Worker Number": 4,
                                                                "Actual Startup Time": 22.539,
                                                                "Actual Total Time": 49.785,
                                                                "Actual Rows": 212264,
                                                                "Actual Loops": 1
                                                            },
                                                            {
                                                                "Worker Number": 5,
                                                                "Actual Startup Time": 22.563,
                                                                "Actual Total Time": 50.23,
                                                                "Actual Rows": 211768,
                                                                "Actual Loops": 1
                                                            }
                                                        ]
                                                    },
                                                    {
                                                        "Node Type": "Hash",
                                                        "Parent Relationship": "Inner",
                                                        "Parallel Aware": true,
                                                        "Startup Cost": 42318.81,
                                                        "Total Cost": 42318.81,
                                                        "Plan Rows": 632080,
                                                        "Plan Width": 4,
                                                        "Actual Startup Time": 275.006,
                                                        "Actual Total Time": 275.007,
                                                        "Actual Rows": 361187,
                                                        "Actual Loops": 7,
                                                        "Output": [
                                                            "t.id"
                                                        ],
                                                        "Hash Buckets": 4194304,
                                                        "Original Hash Buckets": 4194304,
                                                        "Hash Batches": 1,
                                                        "Original Hash Batches": 1,
                                                        "Peak Memory Usage": 131776,
                                                        "Workers": [
                                                            {
                                                                "Worker Number": 0,
                                                                "Actual Startup Time": 279.955,
                                                                "Actual Total Time": 279.956,
                                                                "Actual Rows": 287684,
                                                                "Actual Loops": 1
                                                            },
                                                            {
                                                                "Worker Number": 1,
                                                                "Actual Startup Time": 279.948,
                                                                "Actual Total Time": 279.949,
                                                                "Actual Rows": 360433,
                                                                "Actual Loops": 1
                                                            },
                                                            {
                                                                "Worker Number": 2,
                                                                "Actual Startup Time": 280.1,
                                                                "Actual Total Time": 280.101,
                                                                "Actual Rows": 364956,
                                                                "Actual Loops": 1
                                                            },
                                                            {
                                                                "Worker Number": 3,
                                                                "Actual Startup Time": 280.099,
                                                                "Actual Total Time": 280.1,
                                                                "Actual Rows": 380239,
                                                                "Actual Loops": 1
                                                            },
                                                            {
                                                                "Worker Number": 4,
                                                                "Actual Startup Time": 280.09,
                                                                "Actual Total Time": 280.091,
                                                                "Actual Rows": 377616,
                                                                "Actual Loops": 1
                                                            },
                                                            {
                                                                "Worker Number": 5,
                                                                "Actual Startup Time": 280.087,
                                                                "Actual Total Time": 280.088,
                                                                "Actual Rows": 384519,
                                                                "Actual Loops": 1
                                                            }
                                                        ],
                                                        "Plans": [
                                                            {
                                                                "Node Type": "Seq Scan",
                                                                "Parent Relationship": "Outer",
                                                                "Parallel Aware": true,
                                                                "Relation Name": "title",
                                                                "Schema": "public",
                                                                "Alias": "t",
                                                                "Startup Cost": 0.0,
                                                                "Total Cost": 42318.81,
                                                                "Plan Rows": 632080,
                                                                "Plan Width": 4,
                                                                "Actual Startup Time": 0.069,
                                                                "Actual Total Time": 74.092,
                                                                "Actual Rows": 361187,
                                                                "Actual Loops": 7,
                                                                "Output": [
                                                                    "t.id"
                                                                ],
                                                                "Workers": [
                                                                    {
                                                                        "Worker Number": 0,
                                                                        "Actual Startup Time": 0.076,
                                                                        "Actual Total Time": 79.905,
                                                                        "Actual Rows": 287684,
                                                                        "Actual Loops": 1
                                                                    },
                                                                    {
                                                                        "Worker Number": 1,
                                                                        "Actual Startup Time": 0.088,
                                                                        "Actual Total Time": 75.375,
                                                                        "Actual Rows": 360433,
                                                                        "Actual Loops": 1
                                                                    },
                                                                    {
                                                                        "Worker Number": 2,
                                                                        "Actual Startup Time": 0.09,
                                                                        "Actual Total Time": 76.451,
                                                                        "Actual Rows": 364956,
                                                                        "Actual Loops": 1
                                                                    },
                                                                    {
                                                                        "Worker Number": 3,
                                                                        "Actual Startup Time": 0.074,
                                                                        "Actual Total Time": 74.382,
                                                                        "Actual Rows": 380239,
                                                                        "Actual Loops": 1
                                                                    },
                                                                    {
                                                                        "Worker Number": 4,
                                                                        "Actual Startup Time": 0.074,
                                                                        "Actual Total Time": 74.14,
                                                                        "Actual Rows": 377616,
                                                                        "Actual Loops": 1
                                                                    },
                                                                    {
                                                                        "Worker Number": 5,
                                                                        "Actual Startup Time": 0.064,
                                                                        "Actual Total Time": 74.569,
                                                                        "Actual Rows": 384519,
                                                                        "Actual Loops": 1
                                                                    }
                                                                ]
                                                            }
                                                        ]
                                                    }
                                                ]
                                            }
                                        ]
                                    }
                                ]
                            }
                        ]
                    }
                ]
            }
        ]
    },
    "Planning Time": 1.594,
    "Triggers": [],
    "Execution Time": 2389.892
}