[
  {
    "Plan": {
      "Node Type": "Aggregate",
      "Strategy": "Plain",
      "Partial Mode": "Finalize",
      "Parallel Aware": false,
      "Startup Cost": 245108.78,
      "Total Cost": 245108.79,
      "Plan Rows": 1,
      "Plan Width": 8,
      "Actual Startup Time": 722.18,
      "Actual Total Time": 769.461,
      "Actual Rows": 1,
      "Actual Loops": 1,
      "Plans": [
        {
          "Node Type": "Gather",
          "Parent Relationship": "Outer",
          "Parallel Aware": false,
          "Startup Cost": 245108.26,
          "Total Cost": 245108.77,
          "Plan Rows": 5,
          "Plan Width": 8,
          "Actual Startup Time": 720.649,
          "Actual Total Time": 769.45,
          "Actual Rows": 6,
          "Actual Loops": 1,
          "Workers Planned": 5,
          "Workers Launched": 5,
          "Single Copy": false,
          "Plans": [
            {
              "Node Type": "Aggregate",
              "Strategy": "Plain",
              "Partial Mode": "Partial",
              "Parent Relationship": "Outer",
              "Parallel Aware": false,
              "Startup Cost": 244108.26,
              "Total Cost": 244108.27,
              "Plan Rows": 1,
              "Plan Width": 8,
              "Actual Startup Time": 710.949,
              "Actual Total Time": 710.952,
              "Actual Rows": 1,
              "Actual Loops": 6,
              "Plans": [
                {
                  "Node Type": "Hash Join",
                  "Parent Relationship": "Outer",
                  "Parallel Aware": true,
                  "Join Type": "Inner",
                  "Startup Cost": 44357.48,
                  "Total Cost": 243679.24,
                  "Plan Rows": 171607,
                  "Plan Width": 0,
                  "Actual Startup Time": 86.732,
                  "Actual Total Time": 697.764,
                  "Actual Rows": 283112,
                  "Actual Loops": 6,
                  "Inner Unique": true,
                  "Hash Cond": "(mi.movie_id = t.id)",
                  "Plans": [
                    {
                      "Node Type": "Seq Scan",
                      "Parent Relationship": "Outer",
                      "Parallel Aware": true,
                      "Relation Name": "movie_info",
                      "Alias": "mi",
                      "Startup Cost": 0.0,
                      "Total Cost": 191560.33,
                      "Plan Rows": 2956733,
                      "Plan Width": 4,
                      "Actual Startup Time": 0.023,
                      "Actual Total Time": 302.67,
                      "Actual Rows": 2472620,
                      "Actual Loops": 6
                    },
                    {
                      "Node Type": "Hash",
                      "Parent Relationship": "Inner",
                      "Parallel Aware": true,
                      "Startup Cost": 43898.92,
                      "Total Cost": 43898.92,
                      "Plan Rows": 36685,
                      "Plan Width": 4,
                      "Actual Startup Time": 80.326,
                      "Actual Total Time": 80.327,
                      "Actual Rows": 24620,
                      "Actual Loops": 6,
                      "Hash Buckets": 262144,
                      "Original Hash Buckets": 262144,
                      "Hash Batches": 1,
                      "Original Hash Batches": 1,
                      "Peak Memory Usage": 7904,
                      "Plans": [
                        {
                          "Node Type": "Seq Scan",
                          "Parent Relationship": "Outer",
                          "Parallel Aware": true,
                          "Relation Name": "title",
                          "Alias": "t",
                          "Startup Cost": 0.0,
                          "Total Cost": 43898.92,
                          "Plan Rows": 36685,
                          "Plan Width": 4,
                          "Actual Startup Time": 6.058,
                          "Actual Total Time": 73.426,
                          "Actual Rows": 24620,
                          "Actual Loops": 6,
                          "Filter": "(production_year < 1943)",
                          "Rows Removed by Filter": 396765
                        }
                      ]
                    }
                  ]
                }
              ]
            }
          ]
        }
      ]
    },
    "Planning Time": 0.648,
    "Triggers": [],
    "Execution Time": 769.543
  }
]