[
  {
    "Plan": {
      "Node Type": "Aggregate",
      "Strategy": "Plain",
      "Partial Mode": "Finalize",
      "Parallel Aware": false,
      "Startup Cost": 32898.1,
      "Total Cost": 32898.11,
      "Plan Rows": 1,
      "Plan Width": 8,
      "Actual Startup Time": 92.268,
      "Actual Total Time": 100.032,
      "Actual Rows": 1,
      "Actual Loops": 1,
      "Plans": [
        {
          "Node Type": "Gather",
          "Parent Relationship": "Outer",
          "Parallel Aware": false,
          "Startup Cost": 32897.78,
          "Total Cost": 32898.09,
          "Plan Rows": 3,
          "Plan Width": 8,
          "Actual Startup Time": 92.131,
          "Actual Total Time": 100.023,
          "Actual Rows": 4,
          "Actual Loops": 1,
          "Workers Planned": 3,
          "Workers Launched": 3,
          "Single Copy": false,
          "Plans": [
            {
              "Node Type": "Aggregate",
              "Strategy": "Plain",
              "Partial Mode": "Partial",
              "Parent Relationship": "Outer",
              "Parallel Aware": false,
              "Startup Cost": 31897.78,
              "Total Cost": 31897.79,
              "Plan Rows": 1,
              "Plan Width": 8,
              "Actual Startup Time": 86.218,
              "Actual Total Time": 86.219,
              "Actual Rows": 1,
              "Actual Loops": 4,
              "Plans": [
                {
                  "Node Type": "Seq Scan",
                  "Parent Relationship": "Outer",
                  "Parallel Aware": true,
                  "Relation Name": "movie_companies",
                  "Alias": "mc",
                  "Startup Cost": 0.0,
                  "Total Cost": 31414.82,
                  "Plan Rows": 193185,
                  "Plan Width": 0,
                  "Actual Startup Time": 48.016,
                  "Actual Total Time": 81.475,
                  "Actual Rows": 97771,
                  "Actual Loops": 4,
                  "Filter": "((company_id < 10248) AND (company_type_id > 1))",
                  "Rows Removed by Filter": 554511
                }
              ]
            }
          ]
        }
      ]
    },
    "Planning Time": 0.217,
    "Triggers": [],
    "Execution Time": 100.087
  }
]