{
  "Plan": {
    "Node Type": "Aggregate",
    "Strategy": "Plain",
    "Partial Mode": "Finalize",
    "Parallel Aware": false,
    "Startup Cost": 765813.73,
    "Total Cost": 765813.74,
    "Plan Rows": 1,
    "Plan Width": 8,
    "Actual Startup Time": 7731.088,
    "Actual Total Time": 7780.092,
    "Actual Rows": 1,
    "Actual Loops": 1,
    "Plans": [
      {
        "Node Type": "Gather",
        "Parent Relationship": "Outer",
        "Parallel Aware": false,
        "Startup Cost": 765813.62,
        "Total Cost": 765813.73,
        "Plan Rows": 1,
        "Plan Width": 8,
        "Actual Startup Time": 7721.171,
        "Actual Total Time": 7780.083,
        "Actual Rows": 2,
        "Actual Loops": 1,
        "Workers Planned": 1,
        "Workers Launched": 1,
        "Single Copy": false,
        "Plans": [
          {
            "Node Type": "Aggregate",
            "Strategy": "Plain",
            "Partial Mode": "Partial",
            "Parent Relationship": "Outer",
            "Parallel Aware": false,
            "Startup Cost": 764813.62,
            "Total Cost": 764813.63,
            "Plan Rows": 1,
            "Plan Width": 8,
            "Actual Startup Time": 7709.055,
            "Actual Total Time": 7710.687,
            "Actual Rows": 1,
            "Actual Loops": 2,
            "Plans": [
              {
                "Node Type": "Hash Join",
                "Parent Relationship": "Outer",
                "Parallel Aware": true,
                "Join Type": "Inner",
                "Startup Cost": 130637.03,
                "Total Cost": 739956.05,
                "Plan Rows": 9943029,
                "Plan Width": 0,
                "Actual Startup Time": 1415.749,
                "Actual Total Time": 6934.59,
                "Actual Rows": 19792048,
                "Actual Loops": 2,
                "Inner Unique": false,
                "Hash Cond": "(ci.movie_id = t.id)",
                "Plans": [
                  {
                    "Node Type": "Index Scan",
                    "Parent Relationship": "Outer",
                    "Parallel Aware": true,
                    "Scan Direction": "Forward",
                    "Index Name": "role_id_cast_info",
                    "Relation Name": "cast_info",
                    "Alias": "ci",
                    "Startup Cost": 0.56,
                    "Total Cost": 502630.18,
                    "Plan Rows": 9640203,
                    "Plan Width": 4,
                    "Actual Startup Time": 0.048,
                    "Actual Total Time": 1113.13,
                    "Actual Rows": 8060842,
                    "Actual Loops": 2,
                    "Index Cond": "(role_id > 2)",
                    "Rows Removed by Index Recheck": 0
                  },
                  {
                    "Node Type": "Hash",
                    "Parent Relationship": "Inner",
                    "Parallel Aware": true,
                    "Startup Cost": 111462.1,
                    "Total Cost": 111462.1,
                    "Plan Rows": 1533949,
                    "Plan Width": 8,
                    "Actual Startup Time": 1393.571,
                    "Actual Total Time": 1395.202,
                    "Actual Rows": 1303984,
                    "Actual Loops": 2,
                    "Hash Buckets": 4194304,
                    "Original Hash Buckets": 4194304,
                    "Hash Batches": 1,
                    "Original Hash Batches": 1,
                    "Peak Memory Usage": 134848,
                    "Plans": [
                      {
                        "Node Type": "Hash Join",
                        "Parent Relationship": "Outer",
                        "Parallel Aware": true,
                        "Join Type": "Inner",
                        "Startup Cost": 69460.7,
                        "Total Cost": 111462.1,
                        "Plan Rows": 1533949,
                        "Plan Width": 8,
                        "Actual Startup Time": 518.623,
                        "Actual Total Time": 1062.171,
                        "Actual Rows": 1303984,
                        "Actual Loops": 2,
                        "Inner Unique": true,
                        "Hash Cond": "(mc.movie_id = t.id)",
                        "Plans": [
                          {
                            "Node Type": "Seq Scan",
                            "Parent Relationship": "Outer",
                            "Parallel Aware": true,
                            "Relation Name": "movie_companies",
                            "Alias": "mc",
                            "Startup Cost": 0.0,
                            "Total Cost": 37974.77,
                            "Plan Rows": 1533949,
                            "Plan Width": 4,
                            "Actual Startup Time": 0.016,
                            "Actual Total Time": 142.62,
                            "Actual Rows": 1303984,
                            "Actual Loops": 2,
                            "Filter": "(company_id < 233862)",
                            "Rows Removed by Filter": 580
                          },
                          {
                            "Node Type": "Hash",
                            "Parent Relationship": "Inner",
                            "Parallel Aware": true,
                            "Startup Cost": 50870.31,
                            "Total Cost": 50870.31,
                            "Plan Rows": 1487231,
                            "Plan Width": 4,
                            "Actual Startup Time": 506.604,
                            "Actual Total Time": 506.606,
                            "Actual Rows": 1264156,
                            "Actual Loops": 2,
                            "Hash Buckets": 4194304,
                            "Original Hash Buckets": 4194304,
                            "Hash Batches": 1,
                            "Original Hash Batches": 1,
                            "Peak Memory Usage": 131712,
                            "Plans": [
                              {
                                "Node Type": "Seq Scan",
                                "Parent Relationship": "Outer",
                                "Parallel Aware": true,
                                "Relation Name": "title",
                                "Alias": "t",
                                "Startup Cost": 0.0,
                                "Total Cost": 50870.31,
                                "Plan Rows": 1487231,
                                "Plan Width": 4,
                                "Actual Startup Time": 0.036,
                                "Actual Total Time": 151.445,
                                "Actual Rows": 1264156,
                                "Actual Loops": 2
                              }
                            ]
                          }
                        ]
                      }
                    ]
                  }
                ]
              }
            ]
          }
        ]
      }
    ]
  },
  "Planning Time": 1.117,
  "Triggers": [],
  "Execution Time": 7780.205
}