[
  {
    "Plan": {
      "Node Type": "Aggregate",
      "Strategy": "Plain",
      "Partial Mode": "Finalize",
      "Parallel Aware": false,
      "Startup Cost": 46553.92,
      "Total Cost": 46553.93,
      "Plan Rows": 1,
      "Plan Width": 8,
      "Actual Startup Time": 94.738,
      "Actual Total Time": 106.704,
      "Actual Rows": 1,
      "Actual Loops": 1,
      "Plans": [
        {
          "Node Type": "Gather",
          "Parent Relationship": "Outer",
          "Parallel Aware": false,
          "Startup Cost": 46553.5,
          "Total Cost": 46553.91,
          "Plan Rows": 4,
          "Plan Width": 8,
          "Actual Startup Time": 94.518,
          "Actual Total Time": 106.696,
          "Actual Rows": 5,
          "Actual Loops": 1,
          "Workers Planned": 4,
          "Workers Launched": 4,
          "Single Copy": false,
          "Plans": [
            {
              "Node Type": "Aggregate",
              "Strategy": "Plain",
              "Partial Mode": "Partial",
              "Parent Relationship": "Outer",
              "Parallel Aware": false,
              "Startup Cost": 45553.5,
              "Total Cost": 45553.51,
              "Plan Rows": 1,
              "Plan Width": 8,
              "Actual Startup Time": 89.09,
              "Actual Total Time": 89.091,
              "Actual Rows": 1,
              "Actual Loops": 5,
              "Plans": [
                {
                  "Node Type": "Seq Scan",
                  "Parent Relationship": "Outer",
                  "Parallel Aware": true,
                  "Relation Name": "title",
                  "Alias": "t",
                  "Startup Cost": 0.0,
                  "Total Cost": 45479.59,
                  "Plan Rows": 29565,
                  "Plan Width": 0,
                  "Actual Startup Time": 0.031,
                  "Actual Total Time": 87.285,
                  "Actual Rows": 24949,
                  "Actual Loops": 5,
                  "Filter": "((kind_id > 1) AND (production_year = 2012))",
                  "Rows Removed by Filter": 480713
                }
              ]
            }
          ]
        }
      ]
    },
    "Planning Time": 0.199,
    "Triggers": [],
    "Execution Time": 106.776
  }
]