{
  "Plan": {
    "Node Type": "Aggregate",
    "Strategy": "Plain",
    "Partial Mode": "Finalize",
    "Parallel Aware": false,
    "Startup Cost": 371725.75,
    "Total Cost": 371725.76,
    "Plan Rows": 1,
    "Plan Width": 8,
    "Actual Startup Time": 331.052,
    "Actual Total Time": 360.028,
    "Actual Rows": 1,
    "Actual Loops": 1,
    "Plans": [
      {
        "Node Type": "Gather",
        "Parent Relationship": "Outer",
        "Parallel Aware": false,
        "Startup Cost": 371725.64,
        "Total Cost": 371725.75,
        "Plan Rows": 1,
        "Plan Width": 8,
        "Actual Startup Time": 330.907,
        "Actual Total Time": 360.02,
        "Actual Rows": 2,
        "Actual Loops": 1,
        "Workers Planned": 1,
        "Workers Launched": 1,
        "Single Copy": false,
        "Plans": [
          {
            "Node Type": "Aggregate",
            "Strategy": "Plain",
            "Partial Mode": "Partial",
            "Parent Relationship": "Outer",
            "Parallel Aware": false,
            "Startup Cost": 370725.64,
            "Total Cost": 370725.65,
            "Plan Rows": 1,
            "Plan Width": 8,
            "Actual Startup Time": 324.726,
            "Actual Total Time": 324.728,
            "Actual Rows": 1,
            "Actual Loops": 2,
            "Plans": [
              {
                "Node Type": "Nested Loop",
                "Parent Relationship": "Outer",
                "Parallel Aware": false,
                "Join Type": "Inner",
                "Startup Cost": 1.0,
                "Total Cost": 370306.75,
                "Plan Rows": 167555,
                "Plan Width": 0,
                "Actual Startup Time": 93.991,
                "Actual Total Time": 314.014,
                "Actual Rows": 228032,
                "Actual Loops": 2,
                "Inner Unique": false,
                "Join Filter": "(t.id = mi.movie_id)",
                "Rows Removed by Join Filter": 0,
                "Plans": [
                  {
                    "Node Type": "Nested Loop",
                    "Parent Relationship": "Outer",
                    "Parallel Aware": false,
                    "Join Type": "Inner",
                    "Startup Cost": 0.56,
                    "Total Cost": 315740.3,
                    "Plan Rows": 30546,
                    "Plan Width": 8,
                    "Actual Startup Time": 93.944,
                    "Actual Total Time": 185.634,
                    "Actual Rows": 14054,
                    "Actual Loops": 2,
                    "Inner Unique": false,
                    "Plans": [
                      {
                        "Node Type": "Seq Scan",
                        "Parent Relationship": "Outer",
                        "Parallel Aware": true,
                        "Relation Name": "title",
                        "Alias": "t",
                        "Startup Cost": 0.0,
                        "Total Cost": 54588.39,
                        "Plan Rows": 2132,
                        "Plan Width": 4,
                        "Actual Startup Time": 93.843,
                        "Actual Total Time": 135.12,
                        "Actual Rows": 1272,
                        "Actual Loops": 2,
                        "Filter": "(production_year = 1930)",
                        "Rows Removed by Filter": 1262884
                      },
                      {
                        "Node Type": "Index Only Scan",
                        "Parent Relationship": "Inner",
                        "Parallel Aware": false,
                        "Scan Direction": "Forward",
                        "Index Name": "movie_id_cast_info",
                        "Relation Name": "cast_info",
                        "Alias": "ci",
                        "Startup Cost": 0.56,
                        "Total Cost": 122.12,
                        "Plan Rows": 37,
                        "Plan Width": 4,
                        "Actual Startup Time": 0.013,
                        "Actual Total Time": 0.038,
                        "Actual Rows": 11,
                        "Actual Loops": 2543,
                        "Index Cond": "(movie_id = t.id)",
                        "Rows Removed by Index Recheck": 0,
                        "Heap Fetches": 28108
                      }
                    ]
                  },
                  {
                    "Node Type": "Index Scan",
                    "Parent Relationship": "Inner",
                    "Parallel Aware": false,
                    "Scan Direction": "Forward",
                    "Index Name": "movie_id_movie_info",
                    "Relation Name": "movie_info",
                    "Alias": "mi",
                    "Startup Cost": 0.43,
                    "Total Cost": 1.3,
                    "Plan Rows": 39,
                    "Plan Width": 4,
                    "Actual Startup Time": 0.002,
                    "Actual Total Time": 0.008,
                    "Actual Rows": 16,
                    "Actual Loops": 28108,
                    "Index Cond": "(movie_id = ci.movie_id)",
                    "Rows Removed by Index Recheck": 0,
                    "Filter": "(info_type_id < 98)",
                    "Rows Removed by Filter": 1
                  }
                ]
              }
            ]
          }
        ]
      }
    ]
  },
  "Planning Time": 0.978,
  "Triggers": [],
  "Execution Time": 360.144
}