{
  "Plan": {
    "Node Type": "Aggregate",
    "Strategy": "Plain",
    "Partial Mode": "Finalize",
    "Parallel Aware": false,
    "Startup Cost": 73289.97,
    "Total Cost": 73289.98,
    "Plan Rows": 1,
    "Plan Width": 8,
    "Actual Startup Time": 151.071,
    "Actual Total Time": 161.676,
    "Actual Rows": 1,
    "Actual Loops": 1,
    "Plans": [
      {
        "Node Type": "Gather",
        "Parent Relationship": "Outer",
        "Parallel Aware": false,
        "Startup Cost": 73289.86,
        "Total Cost": 73289.97,
        "Plan Rows": 1,
        "Plan Width": 8,
        "Actual Startup Time": 150.819,
        "Actual Total Time": 161.669,
        "Actual Rows": 2,
        "Actual Loops": 1,
        "Workers Planned": 1,
        "Workers Launched": 1,
        "Single Copy": false,
        "Plans": [
          {
            "Node Type": "Aggregate",
            "Strategy": "Plain",
            "Partial Mode": "Partial",
            "Parent Relationship": "Outer",
            "Parallel Aware": false,
            "Startup Cost": 72289.86,
            "Total Cost": 72289.87,
            "Plan Rows": 1,
            "Plan Width": 8,
            "Actual Startup Time": 144.931,
            "Actual Total Time": 144.933,
            "Actual Rows": 1,
            "Actual Loops": 2,
            "Plans": [
              {
                "Node Type": "Nested Loop",
                "Parent Relationship": "Outer",
                "Parallel Aware": false,
                "Join Type": "Inner",
                "Startup Cost": 0.43,
                "Total Cost": 72283.12,
                "Plan Rows": 2695,
                "Plan Width": 0,
                "Actual Startup Time": 5.253,
                "Actual Total Time": 144.892,
                "Actual Rows": 375,
                "Actual Loops": 2,
                "Inner Unique": false,
                "Plans": [
                  {
                    "Node Type": "Seq Scan",
                    "Parent Relationship": "Outer",
                    "Parallel Aware": true,
                    "Relation Name": "title",
                    "Alias": "t",
                    "Startup Cost": 0.0,
                    "Total Cost": 58306.47,
                    "Plan Rows": 1506,
                    "Plan Width": 4,
                    "Actual Startup Time": 0.847,
                    "Actual Total Time": 140.564,
                    "Actual Rows": 1022,
                    "Actual Loops": 2,
                    "Filter": "((kind_id = 7) AND (production_year = 1950))",
                    "Rows Removed by Filter": 1263134
                  },
                  {
                    "Node Type": "Index Only Scan",
                    "Parent Relationship": "Inner",
                    "Parallel Aware": false,
                    "Scan Direction": "Forward",
                    "Index Name": "movie_id_movie_keyword",
                    "Relation Name": "movie_keyword",
                    "Alias": "mk",
                    "Startup Cost": 0.43,
                    "Total Cost": 8.83,
                    "Plan Rows": 45,
                    "Plan Width": 4,
                    "Actual Startup Time": 0.004,
                    "Actual Total Time": 0.004,
                    "Actual Rows": 0,
                    "Actual Loops": 2043,
                    "Index Cond": "(movie_id = t.id)",
                    "Rows Removed by Index Recheck": 0,
                    "Heap Fetches": 750
                  }
                ]
              }
            ]
          }
        ]
      }
    ]
  },
  "Planning Time": 0.282,
  "Triggers": [],
  "Execution Time": 161.727
}