[
    {
        "Bao": {
            "Bao prediction": "NaN",
            "Bao recommended hint": "(no hint)"
        }
    },
    {
        "Plan": {
            "Node Type": "Aggregate",
            "Strategy": "Plain",
            "Partial Mode": "Finalize",
            "Parallel Aware": false,
            "Startup Cost": 255301.4,
            "Total Cost": 255301.41,
            "Plan Rows": 1,
            "Plan Width": 8,
            "Actual Startup Time": 617.127,
            "Actual Total Time": 636.28,
            "Actual Rows": 1,
            "Actual Loops": 1,
            "Output": [
                "count(*)"
            ],
            "Plans": [
                {
                    "Node Type": "Gather",
                    "Parent Relationship": "Outer",
                    "Parallel Aware": false,
                    "Startup Cost": 255300.78,
                    "Total Cost": 255301.39,
                    "Plan Rows": 6,
                    "Plan Width": 8,
                    "Actual Startup Time": 613.008,
                    "Actual Total Time": 636.268,
                    "Actual Rows": 7,
                    "Actual Loops": 1,
                    "Output": [
                        "(PARTIAL count(*))"
                    ],
                    "Workers Planned": 6,
                    "Workers Launched": 6,
                    "Single Copy": false,
                    "Plans": [
                        {
                            "Node Type": "Aggregate",
                            "Strategy": "Plain",
                            "Partial Mode": "Partial",
                            "Parent Relationship": "Outer",
                            "Parallel Aware": false,
                            "Startup Cost": 254300.78,
                            "Total Cost": 254300.79,
                            "Plan Rows": 1,
                            "Plan Width": 8,
                            "Actual Startup Time": 602.528,
                            "Actual Total Time": 602.531,
                            "Actual Rows": 1,
                            "Actual Loops": 7,
                            "Output": [
                                "PARTIAL count(*)"
                            ],
                            "Workers": [
                                {
                                    "Worker Number": 0,
                                    "Actual Startup Time": 600.34,
                                    "Actual Total Time": 600.343,
                                    "Actual Rows": 1,
                                    "Actual Loops": 1
                                },
                                {
                                    "Worker Number": 1,
                                    "Actual Startup Time": 601.136,
                                    "Actual Total Time": 601.139,
                                    "Actual Rows": 1,
                                    "Actual Loops": 1
                                },
                                {
                                    "Worker Number": 2,
                                    "Actual Startup Time": 600.496,
                                    "Actual Total Time": 600.499,
                                    "Actual Rows": 1,
                                    "Actual Loops": 1
                                },
                                {
                                    "Worker Number": 3,
                                    "Actual Startup Time": 600.978,
                                    "Actual Total Time": 600.98,
                                    "Actual Rows": 1,
                                    "Actual Loops": 1
                                },
                                {
                                    "Worker Number": 4,
                                    "Actual Startup Time": 601.158,
                                    "Actual Total Time": 601.161,
                                    "Actual Rows": 1,
                                    "Actual Loops": 1
                                },
                                {
                                    "Worker Number": 5,
                                    "Actual Startup Time": 601.286,
                                    "Actual Total Time": 601.288,
                                    "Actual Rows": 1,
                                    "Actual Loops": 1
                                }
                            ],
                            "Plans": [
                                {
                                    "Node Type": "Hash Join",
                                    "Parent Relationship": "Outer",
                                    "Parallel Aware": true,
                                    "Join Type": "Inner",
                                    "Startup Cost": 47749.75,
                                    "Total Cost": 253870.21,
                                    "Plan Rows": 172226,
                                    "Plan Width": 0,
                                    "Actual Startup Time": 131.789,
                                    "Actual Total Time": 593.755,
                                    "Actual Rows": 154088,
                                    "Actual Loops": 7,
                                    "Inner Unique": true,
                                    "Hash Cond": "(ci.movie_id = t.id)",
                                    "Workers": [
                                        {
                                            "Worker Number": 0,
                                            "Actual Startup Time": 129.625,
                                            "Actual Total Time": 591.228,
                                            "Actual Rows": 122451,
                                            "Actual Loops": 1
                                        },
                                        {
                                            "Worker Number": 1,
                                            "Actual Startup Time": 129.773,
                                            "Actual Total Time": 592.373,
                                            "Actual Rows": 117701,
                                            "Actual Loops": 1
                                        },
                                        {
                                            "Worker Number": 2,
                                            "Actual Startup Time": 129.869,
                                            "Actual Total Time": 591.565,
                                            "Actual Rows": 141578,
                                            "Actual Loops": 1
                                        },
                                        {
                                            "Worker Number": 3,
                                            "Actual Startup Time": 130.291,
                                            "Actual Total Time": 592.359,
                                            "Actual Rows": 187467,
                                            "Actual Loops": 1
                                        },
                                        {
                                            "Worker Number": 4,
                                            "Actual Startup Time": 130.474,
                                            "Actual Total Time": 592.577,
                                            "Actual Rows": 185611,
                                            "Actual Loops": 1
                                        },
                                        {
                                            "Worker Number": 5,
                                            "Actual Startup Time": 130.761,
                                            "Actual Total Time": 592.604,
                                            "Actual Rows": 189560,
                                            "Actual Loops": 1
                                        }
                                    ],
                                    "Plans": [
                                        {
                                            "Node Type": "Index Scan",
                                            "Parent Relationship": "Outer",
                                            "Parallel Aware": true,
                                            "Scan Direction": "Forward",
                                            "Index Name": "role_id_cast_info",
                                            "Relation Name": "cast_info",
                                            "Schema": "public",
                                            "Alias": "ci",
                                            "Startup Cost": 0.56,
                                            "Total Cost": 204547.44,
                                            "Plan Rows": 599463,
                                            "Plan Width": 4,
                                            "Actual Startup Time": 0.205,
                                            "Actual Total Time": 252.48,
                                            "Actual Rows": 833701,
                                            "Actual Loops": 7,
                                            "Output": [
                                                "ci.id",
                                                "ci.person_id",
                                                "ci.movie_id",
                                                "ci.person_role_id",
                                                "ci.note",
                                                "ci.nr_order",
                                                "ci.role_id"
                                            ],
                                            "Index Cond": "(ci.role_id > 6)",
                                            "Rows Removed by Index Recheck": 0,
                                            "Filter": "(ci.person_id > 1900873)",
                                            "Rows Removed by Filter": 268105,
                                            "Workers": [
                                                {
                                                    "Worker Number": 0,
                                                    "Actual Startup Time": 0.083,
                                                    "Actual Total Time": 253.493,
                                                    "Actual Rows": 658500,
                                                    "Actual Loops": 1
                                                },
                                                {
                                                    "Worker Number": 1,
                                                    "Actual Startup Time": 0.214,
                                                    "Actual Total Time": 252.648,
                                                    "Actual Rows": 663396,
                                                    "Actual Loops": 1
                                                },
                                                {
                                                    "Worker Number": 2,
                                                    "Actual Startup Time": 0.25,
                                                    "Actual Total Time": 247.056,
                                                    "Actual Rows": 741034,
                                                    "Actual Loops": 1
                                                },
                                                {
                                                    "Worker Number": 3,
                                                    "Actual Startup Time": 0.153,
                                                    "Actual Total Time": 256.962,
                                                    "Actual Rows": 1020395,
                                                    "Actual Loops": 1
                                                },
                                                {
                                                    "Worker Number": 4,
                                                    "Actual Startup Time": 0.063,
                                                    "Actual Total Time": 257.998,
                                                    "Actual Rows": 1003255,
                                                    "Actual Loops": 1
                                                },
                                                {
                                                    "Worker Number": 5,
                                                    "Actual Startup Time": 0.404,
                                                    "Actual Total Time": 260.475,
                                                    "Actual Rows": 1026452,
                                                    "Actual Loops": 1
                                                }
                                            ]
                                        },
                                        {
                                            "Node Type": "Hash",
                                            "Parent Relationship": "Inner",
                                            "Parallel Aware": true,
                                            "Startup Cost": 45479.21,
                                            "Total Cost": 45479.21,
                                            "Plan Rows": 181598,
                                            "Plan Width": 4,
                                            "Actual Startup Time": 128.273,
                                            "Actual Total Time": 128.274,
                                            "Actual Rows": 91204,
                                            "Actual Loops": 7,
                                            "Output": [
                                                "t.id"
                                            ],
                                            "Hash Buckets": 1048576,
                                            "Original Hash Buckets": 1048576,
                                            "Hash Batches": 1,
                                            "Original Hash Batches": 1,
                                            "Peak Memory Usage": 33280,
                                            "Workers": [
                                                {
                                                    "Worker Number": 0,
                                                    "Actual Startup Time": 128.845,
                                                    "Actual Total Time": 128.846,
                                                    "Actual Rows": 71129,
                                                    "Actual Loops": 1
                                                },
                                                {
                                                    "Worker Number": 1,
                                                    "Actual Startup Time": 128.95,
                                                    "Actual Total Time": 128.951,
                                                    "Actual Rows": 74499,
                                                    "Actual Loops": 1
                                                },
                                                {
                                                    "Worker Number": 2,
                                                    "Actual Startup Time": 129.004,
                                                    "Actual Total Time": 129.006,
                                                    "Actual Rows": 94992,
                                                    "Actual Loops": 1
                                                },
                                                {
                                                    "Worker Number": 3,
                                                    "Actual Startup Time": 129.378,
                                                    "Actual Total Time": 129.379,
                                                    "Actual Rows": 96022,
                                                    "Actual Loops": 1
                                                },
                                                {
                                                    "Worker Number": 4,
                                                    "Actual Startup Time": 129.637,
                                                    "Actual Total Time": 129.638,
                                                    "Actual Rows": 90727,
                                                    "Actual Loops": 1
                                                },
                                                {
                                                    "Worker Number": 5,
                                                    "Actual Startup Time": 129.823,
                                                    "Actual Total Time": 129.823,
                                                    "Actual Rows": 93675,
                                                    "Actual Loops": 1
                                                }
                                            ],
                                            "Plans": [
                                                {
                                                    "Node Type": "Seq Scan",
                                                    "Parent Relationship": "Outer",
                                                    "Parallel Aware": true,
                                                    "Relation Name": "title",
                                                    "Schema": "public",
                                                    "Alias": "t",
                                                    "Startup Cost": 0.0,
                                                    "Total Cost": 45479.21,
                                                    "Plan Rows": 181598,
                                                    "Plan Width": 4,
                                                    "Actual Startup Time": 0.044,
                                                    "Actual Total Time": 80.769,
                                                    "Actual Rows": 91204,
                                                    "Actual Loops": 7,
                                                    "Output": [
                                                        "t.id"
                                                    ],
                                                    "Filter": "((t.production_year < 2003) AND (t.kind_id = 7))",
                                                    "Rows Removed by Filter": 269983,
                                                    "Workers": [
                                                        {
                                                            "Worker Number": 0,
                                                            "Actual Startup Time": 0.049,
                                                            "Actual Total Time": 82.321,
                                                            "Actual Rows": 71129,
                                                            "Actual Loops": 1
                                                        },
                                                        {
                                                            "Worker Number": 1,
                                                            "Actual Startup Time": 0.067,
                                                            "Actual Total Time": 83.634,
                                                            "Actual Rows": 74499,
                                                            "Actual Loops": 1
                                                        },
                                                        {
                                                            "Worker Number": 2,
                                                            "Actual Startup Time": 0.049,
                                                            "Actual Total Time": 81.582,
                                                            "Actual Rows": 94992,
                                                            "Actual Loops": 1
                                                        },
                                                        {
                                                            "Worker Number": 3,
                                                            "Actual Startup Time": 0.042,
                                                            "Actual Total Time": 81.713,
                                                            "Actual Rows": 96022,
                                                            "Actual Loops": 1
                                                        },
                                                        {
                                                            "Worker Number": 4,
                                                            "Actual Startup Time": 0.041,
                                                            "Actual Total Time": 80.979,
                                                            "Actual Rows": 90727,
                                                            "Actual Loops": 1
                                                        },
                                                        {
                                                            "Worker Number": 5,
                                                            "Actual Startup Time": 0.041,
                                                            "Actual Total Time": 81.373,
                                                            "Actual Rows": 93675,
                                                            "Actual Loops": 1
                                                        }
                                                    ]
                                                }
                                            ]
                                        }
                                    ]
                                }
                            ]
                        }
                    ]
                }
            ]
        },
        "Planning Time": 312.109,
        "Triggers": [],
        "Execution Time": 636.378
    }
]