[
  {
    "Plan": {
      "Node Type": "Aggregate",
      "Strategy": "Plain",
      "Partial Mode": "Finalize",
      "Parallel Aware": false,
      "Startup Cost": 44466.78,
      "Total Cost": 44466.79,
      "Plan Rows": 1,
      "Plan Width": 8,
      "Actual Startup Time": 105.758,
      "Actual Total Time": 114.845,
      "Actual Rows": 1,
      "Actual Loops": 1,
      "Plans": [
        {
          "Node Type": "Gather",
          "Parent Relationship": "Outer",
          "Parallel Aware": false,
          "Startup Cost": 44466.46,
          "Total Cost": 44466.77,
          "Plan Rows": 3,
          "Plan Width": 8,
          "Actual Startup Time": 105.654,
          "Actual Total Time": 114.836,
          "Actual Rows": 4,
          "Actual Loops": 1,
          "Workers Planned": 3,
          "Workers Launched": 3,
          "Single Copy": false,
          "Plans": [
            {
              "Node Type": "Aggregate",
              "Strategy": "Plain",
              "Partial Mode": "Partial",
              "Parent Relationship": "Outer",
              "Parallel Aware": false,
              "Startup Cost": 43466.46,
              "Total Cost": 43466.47,
              "Plan Rows": 1,
              "Plan Width": 8,
              "Actual Startup Time": 102.569,
              "Actual Total Time": 102.57,
              "Actual Rows": 1,
              "Actual Loops": 4,
              "Plans": [
                {
                  "Node Type": "Seq Scan",
                  "Parent Relationship": "Outer",
                  "Parallel Aware": true,
                  "Relation Name": "movie_keyword",
                  "Alias": "mk",
                  "Startup Cost": 0.0,
                  "Total Cost": 42695.65,
                  "Plan Rows": 308323,
                  "Plan Width": 0,
                  "Actual Startup Time": 0.033,
                  "Actual Total Time": 91.863,
                  "Actual Rows": 240246,
                  "Actual Loops": 4,
                  "Filter": "(keyword_id < 903)",
                  "Rows Removed by Filter": 890736
                }
              ]
            }
          ]
        }
      ]
    },
    "Planning Time": 0.187,
    "Triggers": [],
    "Execution Time": 114.899
  }
]