{
  "Plan": {
    "Node Type": "Aggregate",
    "Strategy": "Plain",
    "Partial Mode": "Finalize",
    "Parallel Aware": false,
    "Startup Cost": 55186.16,
    "Total Cost": 55186.17,
    "Plan Rows": 1,
    "Plan Width": 8,
    "Actual Startup Time": 92.9,
    "Actual Total Time": 107.145,
    "Actual Rows": 1,
    "Actual Loops": 1,
    "Plans": [
      {
        "Node Type": "Gather",
        "Parent Relationship": "Outer",
        "Parallel Aware": false,
        "Startup Cost": 55186.05,
        "Total Cost": 55186.16,
        "Plan Rows": 1,
        "Plan Width": 8,
        "Actual Startup Time": 92.621,
        "Actual Total Time": 107.138,
        "Actual Rows": 2,
        "Actual Loops": 1,
        "Workers Planned": 1,
        "Workers Launched": 1,
        "Single Copy": false,
        "Plans": [
          {
            "Node Type": "Aggregate",
            "Strategy": "Plain",
            "Partial Mode": "Partial",
            "Parent Relationship": "Outer",
            "Parallel Aware": false,
            "Startup Cost": 54186.05,
            "Total Cost": 54186.06,
            "Plan Rows": 1,
            "Plan Width": 8,
            "Actual Startup Time": 86.439,
            "Actual Total Time": 86.441,
            "Actual Rows": 1,
            "Actual Loops": 2,
            "Plans": [
              {
                "Node Type": "Nested Loop",
                "Parent Relationship": "Outer",
                "Parallel Aware": false,
                "Join Type": "Inner",
                "Startup Cost": 176.41,
                "Total Cost": 54158.6,
                "Plan Rows": 10982,
                "Plan Width": 0,
                "Actual Startup Time": 2.419,
                "Actual Total Time": 83.943,
                "Actual Rows": 33428,
                "Actual Loops": 2,
                "Inner Unique": false,
                "Plans": [
                  {
                    "Node Type": "Nested Loop",
                    "Parent Relationship": "Outer",
                    "Parallel Aware": false,
                    "Join Type": "Inner",
                    "Startup Cost": 175.97,
                    "Total Cost": 49534.52,
                    "Plan Rows": 1878,
                    "Plan Width": 8,
                    "Actual Startup Time": 2.294,
                    "Actual Total Time": 30.557,
                    "Actual Rows": 3820,
                    "Actual Loops": 2,
                    "Inner Unique": true,
                    "Plans": [
                      {
                        "Node Type": "Bitmap Heap Scan",
                        "Parent Relationship": "Outer",
                        "Parallel Aware": true,
                        "Relation Name": "movie_keyword",
                        "Alias": "mk",
                        "Startup Cost": 175.54,
                        "Total Cost": 16969.6,
                        "Plan Rows": 4790,
                        "Plan Width": 4,
                        "Actual Startup Time": 2.153,
                        "Actual Total Time": 6.291,
                        "Actual Rows": 3936,
                        "Actual Loops": 2,
                        "Recheck Cond": "(keyword_id = 3)",
                        "Rows Removed by Index Recheck": 0,
                        "Exact Heap Blocks": 1402,
                        "Lossy Heap Blocks": 0,
                        "Plans": [
                          {
                            "Node Type": "Bitmap Index Scan",
                            "Parent Relationship": "Outer",
                            "Parallel Aware": false,
                            "Index Name": "keyword_id_movie_keyword",
                            "Startup Cost": 0.0,
                            "Total Cost": 173.5,
                            "Plan Rows": 8143,
                            "Plan Width": 0,
                            "Actual Startup Time": 3.26,
                            "Actual Total Time": 3.26,
                            "Actual Rows": 7873,
                            "Actual Loops": 1,
                            "Index Cond": "(keyword_id = 3)"
                          }
                        ]
                      },
                      {
                        "Node Type": "Index Scan",
                        "Parent Relationship": "Inner",
                        "Parallel Aware": false,
                        "Scan Direction": "Forward",
                        "Index Name": "title_pkey",
                        "Relation Name": "title",
                        "Alias": "t",
                        "Startup Cost": 0.43,
                        "Total Cost": 6.8,
                        "Plan Rows": 1,
                        "Plan Width": 4,
                        "Actual Startup Time": 0.006,
                        "Actual Total Time": 0.006,
                        "Actual Rows": 1,
                        "Actual Loops": 7873,
                        "Index Cond": "(id = mk.movie_id)",
                        "Rows Removed by Index Recheck": 0,
                        "Filter": "(kind_id < 7)",
                        "Rows Removed by Filter": 0
                      }
                    ]
                  },
                  {
                    "Node Type": "Index Only Scan",
                    "Parent Relationship": "Inner",
                    "Parallel Aware": false,
                    "Scan Direction": "Forward",
                    "Index Name": "movie_id_movie_info",
                    "Relation Name": "movie_info",
                    "Alias": "mi",
                    "Startup Cost": 0.43,
                    "Total Cost": 2.04,
                    "Plan Rows": 42,
                    "Plan Width": 4,
                    "Actual Startup Time": 0.005,
                    "Actual Total Time": 0.013,
                    "Actual Rows": 9,
                    "Actual Loops": 7641,
                    "Index Cond": "(movie_id = t.id)",
                    "Rows Removed by Index Recheck": 0,
                    "Heap Fetches": 66855
                  }
                ]
              }
            ]
          }
        ]
      }
    ]
  },
  "Planning Time": 0.928,
  "Triggers": [],
  "Execution Time": 107.24
}