{
  "Plan": {
    "Node Type": "Aggregate",
    "Strategy": "Plain",
    "Partial Mode": "Finalize",
    "Parallel Aware": false,
    "Startup Cost": 1057172.49,
    "Total Cost": 1057172.5,
    "Plan Rows": 1,
    "Plan Width": 8,
    "Actual Startup Time": 5426.384,
    "Actual Total Time": 5444.133,
    "Actual Rows": 1,
    "Actual Loops": 1,
    "Plans": [
      {
        "Node Type": "Gather",
        "Parent Relationship": "Outer",
        "Parallel Aware": false,
        "Startup Cost": 1057172.38,
        "Total Cost": 1057172.49,
        "Plan Rows": 1,
        "Plan Width": 8,
        "Actual Startup Time": 5426.372,
        "Actual Total Time": 5444.126,
        "Actual Rows": 2,
        "Actual Loops": 1,
        "Workers Planned": 1,
        "Workers Launched": 1,
        "Single Copy": false,
        "Plans": [
          {
            "Node Type": "Aggregate",
            "Strategy": "Plain",
            "Partial Mode": "Partial",
            "Parent Relationship": "Outer",
            "Parallel Aware": false,
            "Startup Cost": 1056172.38,
            "Total Cost": 1056172.39,
            "Plan Rows": 1,
            "Plan Width": 8,
            "Actual Startup Time": 5396.165,
            "Actual Total Time": 5396.171,
            "Actual Rows": 1,
            "Actual Loops": 2,
            "Plans": [
              {
                "Node Type": "Merge Join",
                "Parent Relationship": "Outer",
                "Parallel Aware": false,
                "Join Type": "Inner",
                "Startup Cost": 1019321.82,
                "Total Cost": 1052715.58,
                "Plan Rows": 1382719,
                "Plan Width": 0,
                "Actual Startup Time": 4415.516,
                "Actual Total Time": 5306.184,
                "Actual Rows": 2364712,
                "Actual Loops": 2,
                "Inner Unique": false,
                "Merge Cond": "(t.id = mi_idx.movie_id)",
                "Plans": [
                  {
                    "Node Type": "Sort",
                    "Parent Relationship": "Outer",
                    "Parallel Aware": false,
                    "Startup Cost": 856848.36,
                    "Total Cost": 863181.39,
                    "Plan Rows": 2533211,
                    "Plan Width": 8,
                    "Actual Startup Time": 4029.132,
                    "Actual Total Time": 4327.95,
                    "Actual Rows": 2647226,
                    "Actual Loops": 2,
                    "Sort Key": [
                      "t.id"
                    ],
                    "Sort Method": "quicksort",
                    "Sort Space Used": 224396,
                    "Sort Space Type": "Memory",
                    "Workers": [
                      {
                        "Worker Number": 0,
                        "Sort Method": "quicksort",
                        "Sort Space Used": 220397,
                        "Sort Space Type": "Memory"
                      }
                    ],
                    "Plans": [
                      {
                        "Node Type": "Hash Join",
                        "Parent Relationship": "Outer",
                        "Parallel Aware": true,
                        "Join Type": "Inner",
                        "Startup Cost": 59474.05,
                        "Total Cost": 587409.25,
                        "Plan Rows": 2533211,
                        "Plan Width": 8,
                        "Actual Startup Time": 246.701,
                        "Actual Total Time": 3378.031,
                        "Actual Rows": 2647296,
                        "Actual Loops": 2,
                        "Inner Unique": true,
                        "Hash Cond": "(ci.movie_id = t.id)",
                        "Plans": [
                          {
                            "Node Type": "Index Scan",
                            "Parent Relationship": "Outer",
                            "Parallel Aware": true,
                            "Scan Direction": "Forward",
                            "Index Name": "role_id_cast_info",
                            "Relation Name": "cast_info",
                            "Alias": "ci",
                            "Startup Cost": 0.56,
                            "Total Cost": 502630.18,
                            "Plan Rows": 9640203,
                            "Plan Width": 4,
                            "Actual Startup Time": 0.108,
                            "Actual Total Time": 1158.432,
                            "Actual Rows": 8060842,
                            "Actual Loops": 2,
                            "Index Cond": "(role_id > 2)",
                            "Rows Removed by Index Recheck": 0
                          },
                          {
                            "Node Type": "Hash",
                            "Parent Relationship": "Inner",
                            "Parallel Aware": true,
                            "Startup Cost": 54588.39,
                            "Total Cost": 54588.39,
                            "Plan Rows": 390808,
                            "Plan Width": 4,
                            "Actual Startup Time": 237.494,
                            "Actual Total Time": 237.495,
                            "Actual Rows": 331032,
                            "Actual Loops": 2,
                            "Hash Buckets": 1048576,
                            "Original Hash Buckets": 1048576,
                            "Hash Batches": 1,
                            "Original Hash Batches": 1,
                            "Peak Memory Usage": 34112,
                            "Plans": [
                              {
                                "Node Type": "Seq Scan",
                                "Parent Relationship": "Outer",
                                "Parallel Aware": true,
                                "Relation Name": "title",
                                "Alias": "t",
                                "Startup Cost": 0.0,
                                "Total Cost": 54588.39,
                                "Plan Rows": 390808,
                                "Plan Width": 4,
                                "Actual Startup Time": 0.044,
                                "Actual Total Time": 152.459,
                                "Actual Rows": 331032,
                                "Actual Loops": 2,
                                "Filter": "(production_year > 2008)",
                                "Rows Removed by Filter": 933124
                              }
                            ]
                          }
                        ]
                      }
                    ]
                  },
                  {
                    "Node Type": "Sort",
                    "Parent Relationship": "Inner",
                    "Parallel Aware": false,
                    "Startup Cost": 162473.21,
                    "Total Cost": 165923.29,
                    "Plan Rows": 1380035,
                    "Plan Width": 4,
                    "Actual Startup Time": 386.369,
                    "Actual Total Time": 516.145,
                    "Actual Rows": 3511588,
                    "Actual Loops": 2,
                    "Sort Key": [
                      "mi_idx.movie_id"
                    ],
                    "Sort Method": "quicksort",
                    "Sort Space Used": 113842,
                    "Sort Space Type": "Memory",
                    "Workers": [
                      {
                        "Worker Number": 0,
                        "Sort Method": "quicksort",
                        "Sort Space Used": 113842,
                        "Sort Space Type": "Memory"
                      }
                    ],
                    "Plans": [
                      {
                        "Node Type": "Seq Scan",
                        "Parent Relationship": "Outer",
                        "Parallel Aware": false,
                        "Relation Name": "movie_info_idx",
                        "Alias": "mi_idx",
                        "Startup Cost": 0.0,
                        "Total Cost": 21735.35,
                        "Plan Rows": 1380035,
                        "Plan Width": 4,
                        "Actual Startup Time": 0.044,
                        "Actual Total Time": 114.989,
                        "Actual Rows": 1380035,
                        "Actual Loops": 2
                      }
                    ]
                  }
                ]
              }
            ]
          }
        ]
      }
    ]
  },
  "Planning Time": 1.002,
  "Triggers": [],
  "Execution Time": 5463.523
}