{
  "Plan": {
    "Node Type": "Aggregate",
    "Strategy": "Plain",
    "Partial Mode": "Finalize",
    "Parallel Aware": false,
    "Startup Cost": 493947.93,
    "Total Cost": 493947.94,
    "Plan Rows": 1,
    "Plan Width": 8,
    "Actual Startup Time": 1074.13,
    "Actual Total Time": 1096.153,
    "Actual Rows": 1,
    "Actual Loops": 1,
    "Plans": [
      {
        "Node Type": "Gather",
        "Parent Relationship": "Outer",
        "Parallel Aware": false,
        "Startup Cost": 493947.82,
        "Total Cost": 493947.93,
        "Plan Rows": 1,
        "Plan Width": 8,
        "Actual Startup Time": 1072.006,
        "Actual Total Time": 1096.142,
        "Actual Rows": 2,
        "Actual Loops": 1,
        "Workers Planned": 1,
        "Workers Launched": 1,
        "Single Copy": false,
        "Plans": [
          {
            "Node Type": "Aggregate",
            "Strategy": "Plain",
            "Partial Mode": "Partial",
            "Parent Relationship": "Outer",
            "Parallel Aware": false,
            "Startup Cost": 492947.82,
            "Total Cost": 492947.83,
            "Plan Rows": 1,
            "Plan Width": 8,
            "Actual Startup Time": 1065.912,
            "Actual Total Time": 1065.919,
            "Actual Rows": 1,
            "Actual Loops": 2,
            "Plans": [
              {
                "Node Type": "Hash Join",
                "Parent Relationship": "Outer",
                "Parallel Aware": true,
                "Join Type": "Inner",
                "Startup Cost": 185083.84,
                "Total Cost": 491691.45,
                "Plan Rows": 502548,
                "Plan Width": 0,
                "Actual Startup Time": 705.565,
                "Actual Total Time": 1055.452,
                "Actual Rows": 261969,
                "Actual Loops": 2,
                "Inner Unique": true,
                "Hash Cond": "(ci.movie_id = t.id)",
                "Plans": [
                  {
                    "Node Type": "Bitmap Heap Scan",
                    "Parent Relationship": "Outer",
                    "Parallel Aware": true,
                    "Relation Name": "cast_info",
                    "Alias": "ci",
                    "Startup Cost": 124295.34,
                    "Total Cost": 426947.48,
                    "Plan Rows": 1506838,
                    "Plan Width": 4,
                    "Actual Startup Time": 434.107,
                    "Actual Total Time": 570.153,
                    "Actual Rows": 801134,
                    "Actual Loops": 2,
                    "Recheck Cond": "(person_id < 561784)",
                    "Rows Removed by Index Recheck": 0,
                    "Filter": "(role_id > 2)",
                    "Rows Removed by Filter": 2099048,
                    "Exact Heap Blocks": 32707,
                    "Lossy Heap Blocks": 0,
                    "Plans": [
                      {
                        "Node Type": "Bitmap Index Scan",
                        "Parent Relationship": "Outer",
                        "Parallel Aware": false,
                        "Index Name": "person_id_cast_info",
                        "Startup Cost": 0.0,
                        "Total Cost": 123654.93,
                        "Plan Rows": 5662716,
                        "Plan Width": 0,
                        "Actual Startup Time": 214.306,
                        "Actual Total Time": 214.306,
                        "Actual Rows": 5800365,
                        "Actual Loops": 1,
                        "Index Cond": "(person_id < 561784)"
                      }
                    ]
                  },
                  {
                    "Node Type": "Hash",
                    "Parent Relationship": "Inner",
                    "Parallel Aware": true,
                    "Startup Cost": 54588.39,
                    "Total Cost": 54588.39,
                    "Plan Rows": 496009,
                    "Plan Width": 4,
                    "Actual Startup Time": 262.317,
                    "Actual Total Time": 262.321,
                    "Actual Rows": 424570,
                    "Actual Loops": 2,
                    "Hash Buckets": 1048576,
                    "Original Hash Buckets": 1048576,
                    "Hash Batches": 1,
                    "Original Hash Batches": 1,
                    "Peak Memory Usage": 41472,
                    "Plans": [
                      {
                        "Node Type": "Seq Scan",
                        "Parent Relationship": "Outer",
                        "Parallel Aware": true,
                        "Relation Name": "title",
                        "Alias": "t",
                        "Startup Cost": 0.0,
                        "Total Cost": 54588.39,
                        "Plan Rows": 496009,
                        "Plan Width": 4,
                        "Actual Startup Time": 0.046,
                        "Actual Total Time": 157.269,
                        "Actual Rows": 424570,
                        "Actual Loops": 2,
                        "Filter": "(production_year < 1996)",
                        "Rows Removed by Filter": 839586
                      }
                    ]
                  }
                ]
              }
            ]
          }
        ]
      }
    ]
  },
  "Planning Time": 0.743,
  "Triggers": [],
  "Execution Time": 1096.254
}