[
  {
    "Plan": {
      "Node Type": "Aggregate",
      "Strategy": "Plain",
      "Partial Mode": "Finalize",
      "Parallel Aware": false,
      "Startup Cost": 28569.72,
      "Total Cost": 28569.73,
      "Plan Rows": 1,
      "Plan Width": 8,
      "Actual Startup Time": 37.946,
      "Actual Total Time": 43.832,
      "Actual Rows": 1,
      "Actual Loops": 1,
      "Plans": [
        {
          "Node Type": "Gather",
          "Parent Relationship": "Outer",
          "Parallel Aware": false,
          "Startup Cost": 28569.51,
          "Total Cost": 28569.72,
          "Plan Rows": 2,
          "Plan Width": 8,
          "Actual Startup Time": 37.841,
          "Actual Total Time": 43.826,
          "Actual Rows": 3,
          "Actual Loops": 1,
          "Workers Planned": 2,
          "Workers Launched": 2,
          "Single Copy": false,
          "Plans": [
            {
              "Node Type": "Aggregate",
              "Strategy": "Plain",
              "Partial Mode": "Partial",
              "Parent Relationship": "Outer",
              "Parallel Aware": false,
              "Startup Cost": 27569.51,
              "Total Cost": 27569.52,
              "Plan Rows": 1,
              "Plan Width": 8,
              "Actual Startup Time": 34.412,
              "Actual Total Time": 34.413,
              "Actual Rows": 1,
              "Actual Loops": 3,
              "Plans": [
                {
                  "Node Type": "Nested Loop",
                  "Parent Relationship": "Outer",
                  "Parallel Aware": false,
                  "Join Type": "Inner",
                  "Startup Cost": 107.43,
                  "Total Cost": 27569.32,
                  "Plan Rows": 76,
                  "Plan Width": 0,
                  "Actual Startup Time": 4.36,
                  "Actual Total Time": 34.393,
                  "Actual Rows": 62,
                  "Actual Loops": 3,
                  "Inner Unique": true,
                  "Plans": [
                    {
                      "Node Type": "Bitmap Heap Scan",
                      "Parent Relationship": "Outer",
                      "Parallel Aware": true,
                      "Relation Name": "movie_keyword",
                      "Alias": "mk",
                      "Startup Cost": 107.0,
                      "Total Cost": 12376.91,
                      "Plan Rows": 2073,
                      "Plan Width": 4,
                      "Actual Startup Time": 4.017,
                      "Actual Total Time": 13.854,
                      "Actual Rows": 2260,
                      "Actual Loops": 3,
                      "Recheck Cond": "(keyword_id = 1135)",
                      "Rows Removed by Index Recheck": 0,
                      "Exact Heap Blocks": 3349,
                      "Lossy Heap Blocks": 0,
                      "Plans": [
                        {
                          "Node Type": "Bitmap Index Scan",
                          "Parent Relationship": "Outer",
                          "Parallel Aware": false,
                          "Index Name": "keyword_id_movie_keyword",
                          "Startup Cost": 0.0,
                          "Total Cost": 105.75,
                          "Plan Rows": 4976,
                          "Plan Width": 0,
                          "Actual Startup Time": 4.431,
                          "Actual Total Time": 4.431,
                          "Actual Rows": 6780,
                          "Actual Loops": 1,
                          "Index Cond": "(keyword_id = 1135)"
                        }
                      ]
                    },
                    {
                      "Node Type": "Index Scan",
                      "Parent Relationship": "Inner",
                      "Parallel Aware": false,
                      "Scan Direction": "Forward",
                      "Index Name": "title_pkey",
                      "Relation Name": "title",
                      "Alias": "t",
                      "Startup Cost": 0.43,
                      "Total Cost": 7.33,
                      "Plan Rows": 1,
                      "Plan Width": 4,
                      "Actual Startup Time": 0.009,
                      "Actual Total Time": 0.009,
                      "Actual Rows": 0,
                      "Actual Loops": 6780,
                      "Index Cond": "(id = mk.movie_id)",
                      "Rows Removed by Index Recheck": 0,
                      "Filter": "((kind_id > 1) AND (production_year = 2008))",
                      "Rows Removed by Filter": 1
                    }
                  ]
                }
              ]
            }
          ]
        }
      ]
    },
    "Planning Time": 0.408,
    "Triggers": [],
    "Execution Time": 43.892
  }
]