[
  {
    "Plan": {
      "Node Type": "Aggregate",
      "Strategy": "Plain",
      "Partial Mode": "Finalize",
      "Parallel Aware": false,
      "Startup Cost": 38863.4,
      "Total Cost": 38863.41,
      "Plan Rows": 1,
      "Plan Width": 8,
      "Actual Startup Time": 44.876,
      "Actual Total Time": 50.72,
      "Actual Rows": 1,
      "Actual Loops": 1,
      "Plans": [
        {
          "Node Type": "Gather",
          "Parent Relationship": "Outer",
          "Parallel Aware": false,
          "Startup Cost": 38863.18,
          "Total Cost": 38863.39,
          "Plan Rows": 2,
          "Plan Width": 8,
          "Actual Startup Time": 44.71,
          "Actual Total Time": 50.714,
          "Actual Rows": 3,
          "Actual Loops": 1,
          "Workers Planned": 2,
          "Workers Launched": 2,
          "Single Copy": false,
          "Plans": [
            {
              "Node Type": "Aggregate",
              "Strategy": "Plain",
              "Partial Mode": "Partial",
              "Parent Relationship": "Outer",
              "Parallel Aware": false,
              "Startup Cost": 37863.18,
              "Total Cost": 37863.19,
              "Plan Rows": 1,
              "Plan Width": 8,
              "Actual Startup Time": 36.707,
              "Actual Total Time": 36.708,
              "Actual Rows": 1,
              "Actual Loops": 3,
              "Plans": [
                {
                  "Node Type": "Nested Loop",
                  "Parent Relationship": "Outer",
                  "Parallel Aware": false,
                  "Join Type": "Inner",
                  "Startup Cost": 163.3,
                  "Total Cost": 37862.9,
                  "Plan Rows": 112,
                  "Plan Width": 0,
                  "Actual Startup Time": 3.169,
                  "Actual Total Time": 36.683,
                  "Actual Rows": 62,
                  "Actual Loops": 3,
                  "Inner Unique": true,
                  "Plans": [
                    {
                      "Node Type": "Bitmap Heap Scan",
                      "Parent Relationship": "Outer",
                      "Parallel Aware": true,
                      "Relation Name": "movie_keyword",
                      "Alias": "mk",
                      "Startup Cost": 162.87,
                      "Total Cost": 16204.0,
                      "Plan Rows": 3142,
                      "Plan Width": 4,
                      "Actual Startup Time": 2.803,
                      "Actual Total Time": 12.77,
                      "Actual Rows": 2260,
                      "Actual Loops": 3,
                      "Recheck Cond": "(keyword_id = 1135)",
                      "Rows Removed by Index Recheck": 0,
                      "Exact Heap Blocks": 4433,
                      "Lossy Heap Blocks": 0,
                      "Plans": [
                        {
                          "Node Type": "Bitmap Index Scan",
                          "Parent Relationship": "Outer",
                          "Parallel Aware": false,
                          "Index Name": "keyword_id_movie_keyword",
                          "Startup Cost": 0.0,
                          "Total Cost": 160.98,
                          "Plan Rows": 7540,
                          "Plan Width": 0,
                          "Actual Startup Time": 5.172,
                          "Actual Total Time": 5.172,
                          "Actual Rows": 6780,
                          "Actual Loops": 1,
                          "Index Cond": "(keyword_id = 1135)"
                        }
                      ]
                    },
                    {
                      "Node Type": "Index Scan",
                      "Parent Relationship": "Inner",
                      "Parallel Aware": false,
                      "Scan Direction": "Forward",
                      "Index Name": "title_pkey",
                      "Relation Name": "title",
                      "Alias": "t",
                      "Startup Cost": 0.43,
                      "Total Cost": 6.89,
                      "Plan Rows": 1,
                      "Plan Width": 4,
                      "Actual Startup Time": 0.01,
                      "Actual Total Time": 0.01,
                      "Actual Rows": 0,
                      "Actual Loops": 6780,
                      "Index Cond": "(id = mk.movie_id)",
                      "Rows Removed by Index Recheck": 0,
                      "Filter": "((kind_id > 1) AND (production_year = 2008))",
                      "Rows Removed by Filter": 1
                    }
                  ]
                }
              ]
            }
          ]
        }
      ]
    },
    "Planning Time": 0.662,
    "Triggers": [],
    "Execution Time": 50.807
  }
]