{
  "Plan": {
    "Node Type": "Aggregate",
    "Strategy": "Plain",
    "Partial Mode": "Finalize",
    "Parallel Aware": false,
    "Startup Cost": 99791.84,
    "Total Cost": 99791.85,
    "Plan Rows": 1,
    "Plan Width": 8,
    "Actual Startup Time": 260.951,
    "Actual Total Time": 272.012,
    "Actual Rows": 1,
    "Actual Loops": 1,
    "Plans": [
      {
        "Node Type": "Gather",
        "Parent Relationship": "Outer",
        "Parallel Aware": false,
        "Startup Cost": 99791.72,
        "Total Cost": 99791.83,
        "Plan Rows": 1,
        "Plan Width": 8,
        "Actual Startup Time": 260.577,
        "Actual Total Time": 272.005,
        "Actual Rows": 2,
        "Actual Loops": 1,
        "Workers Planned": 1,
        "Workers Launched": 1,
        "Single Copy": false,
        "Plans": [
          {
            "Node Type": "Aggregate",
            "Strategy": "Plain",
            "Partial Mode": "Partial",
            "Parent Relationship": "Outer",
            "Parallel Aware": false,
            "Startup Cost": 98791.72,
            "Total Cost": 98791.73,
            "Plan Rows": 1,
            "Plan Width": 8,
            "Actual Startup Time": 254.475,
            "Actual Total Time": 254.481,
            "Actual Rows": 1,
            "Actual Loops": 2,
            "Plans": [
              {
                "Node Type": "Hash Join",
                "Parent Relationship": "Outer",
                "Parallel Aware": true,
                "Join Type": "Inner",
                "Startup Cost": 79688.23,
                "Total Cost": 98789.8,
                "Plan Rows": 769,
                "Plan Width": 0,
                "Actual Startup Time": 166.49,
                "Actual Total Time": 254.455,
                "Actual Rows": 224,
                "Actual Loops": 2,
                "Inner Unique": false,
                "Hash Cond": "(mi_idx.movie_id = t.id)",
                "Plans": [
                  {
                    "Node Type": "Seq Scan",
                    "Parent Relationship": "Outer",
                    "Parallel Aware": true,
                    "Relation Name": "movie_info_idx",
                    "Alias": "mi_idx",
                    "Startup Cost": 0.0,
                    "Total Cost": 16052.85,
                    "Plan Rows": 811785,
                    "Plan Width": 4,
                    "Actual Startup Time": 0.018,
                    "Actual Total Time": 47.102,
                    "Actual Rows": 690018,
                    "Actual Loops": 2
                  },
                  {
                    "Node Type": "Hash",
                    "Parent Relationship": "Inner",
                    "Parallel Aware": true,
                    "Startup Cost": 79670.62,
                    "Total Cost": 79670.62,
                    "Plan Rows": 1409,
                    "Plan Width": 8,
                    "Actual Startup Time": 165.348,
                    "Actual Total Time": 165.352,
                    "Actual Rows": 136,
                    "Actual Loops": 2,
                    "Hash Buckets": 4096,
                    "Original Hash Buckets": 4096,
                    "Hash Batches": 1,
                    "Original Hash Batches": 1,
                    "Peak Memory Usage": 96,
                    "Plans": [
                      {
                        "Node Type": "Hash Join",
                        "Parent Relationship": "Outer",
                        "Parallel Aware": true,
                        "Join Type": "Inner",
                        "Startup Cost": 20398.06,
                        "Total Cost": 79670.62,
                        "Plan Rows": 1409,
                        "Plan Width": 8,
                        "Actual Startup Time": 34.874,
                        "Actual Total Time": 165.147,
                        "Actual Rows": 136,
                        "Actual Loops": 2,
                        "Inner Unique": false,
                        "Hash Cond": "(t.id = mc.movie_id)",
                        "Plans": [
                          {
                            "Node Type": "Seq Scan",
                            "Parent Relationship": "Outer",
                            "Parallel Aware": true,
                            "Relation Name": "title",
                            "Alias": "t",
                            "Startup Cost": 0.0,
                            "Total Cost": 58306.47,
                            "Plan Rows": 153249,
                            "Plan Width": 4,
                            "Actual Startup Time": 0.023,
                            "Actual Total Time": 115.84,
                            "Actual Rows": 113924,
                            "Actual Loops": 2,
                            "Filter": "((kind_id < 7) AND (production_year > 2008))",
                            "Rows Removed by Filter": 1150232
                          },
                          {
                            "Node Type": "Hash",
                            "Parent Relationship": "Inner",
                            "Parallel Aware": true,
                            "Startup Cost": 20227.12,
                            "Total Cost": 20227.12,
                            "Plan Rows": 13675,
                            "Plan Width": 4,
                            "Actual Startup Time": 33.389,
                            "Actual Total Time": 33.39,
                            "Actual Rows": 21032,
                            "Actual Loops": 2,
                            "Hash Buckets": 65536,
                            "Original Hash Buckets": 32768,
                            "Hash Batches": 1,
                            "Original Hash Batches": 1,
                            "Peak Memory Usage": 2464,
                            "Plans": [
                              {
                                "Node Type": "Bitmap Heap Scan",
                                "Parent Relationship": "Outer",
                                "Parallel Aware": true,
                                "Relation Name": "movie_companies",
                                "Alias": "mc",
                                "Startup Cost": 1020.43,
                                "Total Cost": 20227.12,
                                "Plan Rows": 13675,
                                "Plan Width": 4,
                                "Actual Startup Time": 5.89,
                                "Actual Total Time": 24.145,
                                "Actual Rows": 21032,
                                "Actual Loops": 2,
                                "Recheck Cond": "(company_id = 19)",
                                "Rows Removed by Index Recheck": 0,
                                "Filter": "(company_type_id < 2)",
                                "Rows Removed by Filter": 2594,
                                "Exact Heap Blocks": 3785,
                                "Lossy Heap Blocks": 0,
                                "Plans": [
                                  {
                                    "Node Type": "Bitmap Index Scan",
                                    "Parent Relationship": "Outer",
                                    "Parallel Aware": false,
                                    "Index Name": "company_id_movie_companies",
                                    "Startup Cost": 0.0,
                                    "Total Cost": 1014.62,
                                    "Plan Rows": 47225,
                                    "Plan Width": 0,
                                    "Actual Startup Time": 7.914,
                                    "Actual Total Time": 7.914,
                                    "Actual Rows": 47252,
                                    "Actual Loops": 1,
                                    "Index Cond": "(company_id = 19)"
                                  }
                                ]
                              }
                            ]
                          }
                        ]
                      }
                    ]
                  }
                ]
              }
            ]
          }
        ]
      }
    ]
  },
  "Planning Time": 1.143,
  "Triggers": [],
  "Execution Time": 272.143
}