[
  {
    "Plan": {
      "Node Type": "Aggregate",
      "Strategy": "Plain",
      "Partial Mode": "Finalize",
      "Parallel Aware": false,
      "Startup Cost": 31773.5,
      "Total Cost": 31773.51,
      "Plan Rows": 1,
      "Plan Width": 8,
      "Actual Startup Time": 114.787,
      "Actual Total Time": 122.313,
      "Actual Rows": 1,
      "Actual Loops": 1,
      "Plans": [
        {
          "Node Type": "Gather",
          "Parent Relationship": "Outer",
          "Parallel Aware": false,
          "Startup Cost": 31773.18,
          "Total Cost": 31773.49,
          "Plan Rows": 3,
          "Plan Width": 8,
          "Actual Startup Time": 114.646,
          "Actual Total Time": 122.305,
          "Actual Rows": 4,
          "Actual Loops": 1,
          "Workers Planned": 3,
          "Workers Launched": 3,
          "Single Copy": false,
          "Plans": [
            {
              "Node Type": "Aggregate",
              "Strategy": "Plain",
              "Partial Mode": "Partial",
              "Parent Relationship": "Outer",
              "Parallel Aware": false,
              "Startup Cost": 30773.18,
              "Total Cost": 30773.19,
              "Plan Rows": 1,
              "Plan Width": 8,
              "Actual Startup Time": 108.666,
              "Actual Total Time": 108.667,
              "Actual Rows": 1,
              "Actual Loops": 4,
              "Plans": [
                {
                  "Node Type": "Seq Scan",
                  "Parent Relationship": "Outer",
                  "Parallel Aware": true,
                  "Relation Name": "movie_companies",
                  "Alias": "mc",
                  "Startup Cost": 0.0,
                  "Total Cost": 29310.68,
                  "Plan Rows": 585000,
                  "Plan Width": 0,
                  "Actual Startup Time": 1.33,
                  "Actual Total Time": 86.335,
                  "Actual Rows": 453794,
                  "Actual Loops": 4,
                  "Filter": "(company_id > 1714)",
                  "Rows Removed by Filter": 198488
                }
              ]
            }
          ]
        }
      ]
    },
    "Planning Time": 0.18,
    "Triggers": [],
    "Execution Time": 122.364
  }
]