[
  {
    "Plan": {
      "Node Type": "Aggregate",
      "Strategy": "Plain",
      "Partial Mode": "Finalize",
      "Parallel Aware": false,
      "Startup Cost": 374630.42,
      "Total Cost": 374630.43,
      "Plan Rows": 1,
      "Plan Width": 8,
      "Actual Startup Time": 494.655,
      "Actual Total Time": 567.624,
      "Actual Rows": 1,
      "Actual Loops": 1,
      "Plans": [
        {
          "Node Type": "Gather",
          "Parent Relationship": "Outer",
          "Parallel Aware": false,
          "Startup Cost": 374630.0,
          "Total Cost": 374630.41,
          "Plan Rows": 4,
          "Plan Width": 8,
          "Actual Startup Time": 494.645,
          "Actual Total Time": 567.616,
          "Actual Rows": 5,
          "Actual Loops": 1,
          "Workers Planned": 4,
          "Workers Launched": 4,
          "Single Copy": false,
          "Plans": [
            {
              "Node Type": "Aggregate",
              "Strategy": "Plain",
              "Partial Mode": "Partial",
              "Parent Relationship": "Outer",
              "Parallel Aware": false,
              "Startup Cost": 373630.0,
              "Total Cost": 373630.01,
              "Plan Rows": 1,
              "Plan Width": 8,
              "Actual Startup Time": 484.757,
              "Actual Total Time": 484.759,
              "Actual Rows": 1,
              "Actual Loops": 5,
              "Plans": [
                {
                  "Node Type": "Nested Loop",
                  "Parent Relationship": "Outer",
                  "Parallel Aware": false,
                  "Join Type": "Inner",
                  "Startup Cost": 0.56,
                  "Total Cost": 373507.69,
                  "Plan Rows": 48924,
                  "Plan Width": 0,
                  "Actual Startup Time": 1.55,
                  "Actual Total Time": 481.269,
                  "Actual Rows": 49235,
                  "Actual Loops": 5,
                  "Inner Unique": false,
                  "Plans": [
                    {
                      "Node Type": "Seq Scan",
                      "Parent Relationship": "Outer",
                      "Parallel Aware": true,
                      "Relation Name": "title",
                      "Alias": "t",
                      "Startup Cost": 0.0,
                      "Total Cost": 43898.92,
                      "Plan Rows": 16476,
                      "Plan Width": 4,
                      "Actual Startup Time": 0.043,
                      "Actual Total Time": 60.705,
                      "Actual Rows": 12765,
                      "Actual Loops": 5,
                      "Filter": "(production_year = 2013)",
                      "Rows Removed by Filter": 492897
                    },
                    {
                      "Node Type": "Index Scan",
                      "Parent Relationship": "Inner",
                      "Parallel Aware": false,
                      "Scan Direction": "Forward",
                      "Index Name": "movie_id_cast_info",
                      "Relation Name": "cast_info",
                      "Alias": "ci",
                      "Startup Cost": 0.56,
                      "Total Cost": 19.93,
                      "Plan Rows": 8,
                      "Plan Width": 4,
                      "Actual Startup Time": 0.025,
                      "Actual Total Time": 0.032,
                      "Actual Rows": 4,
                      "Actual Loops": 63827,
                      "Index Cond": "(movie_id = t.id)",
                      "Rows Removed by Index Recheck": 0,
                      "Filter": "((person_id > 1396561) AND (role_id > 3))",
                      "Rows Removed by Filter": 11
                    }
                  ]
                }
              ]
            }
          ]
        }
      ]
    },
    "Planning Time": 0.623,
    "Triggers": [],
    "Execution Time": 567.71
  }
]