{
  "Plan": {
    "Node Type": "Aggregate",
    "Strategy": "Plain",
    "Partial Mode": "Finalize",
    "Parallel Aware": false,
    "Startup Cost": 549091.98,
    "Total Cost": 549091.99,
    "Plan Rows": 1,
    "Plan Width": 8,
    "Actual Startup Time": 1453.808,
    "Actual Total Time": 1499.924,
    "Actual Rows": 1,
    "Actual Loops": 1,
    "Plans": [
      {
        "Node Type": "Gather",
        "Parent Relationship": "Outer",
        "Parallel Aware": false,
        "Startup Cost": 549091.87,
        "Total Cost": 549091.98,
        "Plan Rows": 1,
        "Plan Width": 8,
        "Actual Startup Time": 1452.631,
        "Actual Total Time": 1499.917,
        "Actual Rows": 2,
        "Actual Loops": 1,
        "Workers Planned": 1,
        "Workers Launched": 1,
        "Single Copy": false,
        "Plans": [
          {
            "Node Type": "Aggregate",
            "Strategy": "Plain",
            "Partial Mode": "Partial",
            "Parent Relationship": "Outer",
            "Parallel Aware": false,
            "Startup Cost": 548091.87,
            "Total Cost": 548091.88,
            "Plan Rows": 1,
            "Plan Width": 8,
            "Actual Startup Time": 1446.337,
            "Actual Total Time": 1446.341,
            "Actual Rows": 1,
            "Actual Loops": 2,
            "Plans": [
              {
                "Node Type": "Nested Loop",
                "Parent Relationship": "Outer",
                "Parallel Aware": false,
                "Join Type": "Inner",
                "Startup Cost": 199050.46,
                "Total Cost": 547949.6,
                "Plan Rows": 56906,
                "Plan Width": 0,
                "Actual Startup Time": 1029.651,
                "Actual Total Time": 1442.286,
                "Actual Rows": 69940,
                "Actual Loops": 2,
                "Inner Unique": false,
                "Join Filter": "(t.id = mc.movie_id)",
                "Rows Removed by Join Filter": 0,
                "Plans": [
                  {
                    "Node Type": "Hash Join",
                    "Parent Relationship": "Outer",
                    "Parallel Aware": true,
                    "Join Type": "Inner",
                    "Startup Cost": 199050.03,
                    "Total Cost": 514472.82,
                    "Plan Rows": 55144,
                    "Plan Width": 8,
                    "Actual Startup Time": 1029.567,
                    "Actual Total Time": 1324.386,
                    "Actual Rows": 21356,
                    "Actual Loops": 2,
                    "Inner Unique": true,
                    "Hash Cond": "(ci.movie_id = t.id)",
                    "Plans": [
                      {
                        "Node Type": "Bitmap Heap Scan",
                        "Parent Relationship": "Outer",
                        "Parallel Aware": true,
                        "Relation Name": "cast_info",
                        "Alias": "ci",
                        "Startup Cost": 140326.83,
                        "Total Cost": 449292.43,
                        "Plan Rows": 2459875,
                        "Plan Width": 4,
                        "Actual Startup Time": 870.042,
                        "Actual Total Time": 1046.813,
                        "Actual Rows": 922268,
                        "Actual Loops": 2,
                        "Recheck Cond": "(person_id < 635243)",
                        "Rows Removed by Index Recheck": 0,
                        "Filter": "(role_id > 1)",
                        "Rows Removed by Filter": 2366072,
                        "Exact Heap Blocks": 44640,
                        "Lossy Heap Blocks": 0,
                        "Plans": [
                          {
                            "Node Type": "Bitmap Index Scan",
                            "Parent Relationship": "Outer",
                            "Parallel Aware": false,
                            "Index Name": "person_id_cast_info",
                            "Startup Cost": 0.0,
                            "Total Cost": 139281.38,
                            "Plan Rows": 6378242,
                            "Plan Width": 0,
                            "Actual Startup Time": 583.708,
                            "Actual Total Time": 583.708,
                            "Actual Rows": 6576679,
                            "Actual Loops": 1,
                            "Index Cond": "(person_id < 635243)"
                          }
                        ]
                      },
                      {
                        "Node Type": "Hash",
                        "Parent Relationship": "Inner",
                        "Parallel Aware": true,
                        "Startup Cost": 58306.47,
                        "Total Cost": 58306.47,
                        "Plan Rows": 33339,
                        "Plan Width": 4,
                        "Actual Startup Time": 157.959,
                        "Actual Total Time": 157.96,
                        "Actual Rows": 24538,
                        "Actual Loops": 2,
                        "Hash Buckets": 65536,
                        "Original Hash Buckets": 65536,
                        "Hash Batches": 1,
                        "Original Hash Batches": 1,
                        "Peak Memory Usage": 2464,
                        "Plans": [
                          {
                            "Node Type": "Seq Scan",
                            "Parent Relationship": "Outer",
                            "Parallel Aware": true,
                            "Relation Name": "title",
                            "Alias": "t",
                            "Startup Cost": 0.0,
                            "Total Cost": 58306.47,
                            "Plan Rows": 33339,
                            "Plan Width": 4,
                            "Actual Startup Time": 0.092,
                            "Actual Total Time": 151.007,
                            "Actual Rows": 24538,
                            "Actual Loops": 2,
                            "Filter": "((kind_id < 7) AND (production_year = 2010))",
                            "Rows Removed by Filter": 1239618
                          }
                        ]
                      }
                    ]
                  },
                  {
                    "Node Type": "Index Only Scan",
                    "Parent Relationship": "Inner",
                    "Parallel Aware": false,
                    "Scan Direction": "Forward",
                    "Index Name": "movie_id_movie_companies",
                    "Relation Name": "movie_companies",
                    "Alias": "mc",
                    "Startup Cost": 0.43,
                    "Total Cost": 0.54,
                    "Plan Rows": 5,
                    "Plan Width": 4,
                    "Actual Startup Time": 0.004,
                    "Actual Total Time": 0.005,
                    "Actual Rows": 3,
                    "Actual Loops": 42711,
                    "Index Cond": "(movie_id = ci.movie_id)",
                    "Rows Removed by Index Recheck": 0,
                    "Heap Fetches": 139880
                  }
                ]
              }
            ]
          }
        ]
      }
    ]
  },
  "Planning Time": 0.978,
  "Triggers": [],
  "Execution Time": 1500.046
}