{
    "Plan": {
        "Node Type": "Aggregate",
        "Strategy": "Plain",
        "Partial Mode": "Finalize",
        "Parallel Aware": false,
        "Startup Cost": 79608.64,
        "Total Cost": 79608.65,
        "Plan Rows": 1,
        "Plan Width": 8,
        "Actual Startup Time": 342.274,
        "Actual Total Time": 356.436,
        "Actual Rows": 1,
        "Actual Loops": 1,
        "Output": [
            "count(*)"
        ],
        "Plans": [
            {
                "Node Type": "Gather",
                "Parent Relationship": "Outer",
                "Parallel Aware": false,
                "Startup Cost": 79608.32,
                "Total Cost": 79608.63,
                "Plan Rows": 3,
                "Plan Width": 8,
                "Actual Startup Time": 338.836,
                "Actual Total Time": 356.425,
                "Actual Rows": 4,
                "Actual Loops": 1,
                "Output": [
                    "(PARTIAL count(*))"
                ],
                "Workers Planned": 3,
                "Workers Launched": 3,
                "Single Copy": false,
                "Plans": [
                    {
                        "Node Type": "Aggregate",
                        "Strategy": "Plain",
                        "Partial Mode": "Partial",
                        "Parent Relationship": "Outer",
                        "Parallel Aware": false,
                        "Startup Cost": 78608.32,
                        "Total Cost": 78608.33,
                        "Plan Rows": 1,
                        "Plan Width": 8,
                        "Actual Startup Time": 329.826,
                        "Actual Total Time": 329.83,
                        "Actual Rows": 1,
                        "Actual Loops": 4,
                        "Output": [
                            "PARTIAL count(*)"
                        ],
                        "Workers": [
                            {
                                "Worker Number": 0,
                                "Actual Startup Time": 327.125,
                                "Actual Total Time": 327.128,
                                "Actual Rows": 1,
                                "Actual Loops": 1
                            },
                            {
                                "Worker Number": 1,
                                "Actual Startup Time": 326.814,
                                "Actual Total Time": 326.817,
                                "Actual Rows": 1,
                                "Actual Loops": 1
                            },
                            {
                                "Worker Number": 2,
                                "Actual Startup Time": 327.232,
                                "Actual Total Time": 327.236,
                                "Actual Rows": 1,
                                "Actual Loops": 1
                            }
                        ],
                        "Plans": [
                            {
                                "Node Type": "Hash Join",
                                "Parent Relationship": "Outer",
                                "Parallel Aware": true,
                                "Join Type": "Inner",
                                "Startup Cost": 45996.98,
                                "Total Cost": 78366.81,
                                "Plan Rows": 96605,
                                "Plan Width": 0,
                                "Actual Startup Time": 262.026,
                                "Actual Total Time": 325.585,
                                "Actual Rows": 86618,
                                "Actual Loops": 4,
                                "Inner Unique": true,
                                "Hash Cond": "(mc.movie_id = t.id)",
                                "Workers": [
                                    {
                                        "Worker Number": 0,
                                        "Actual Startup Time": 259.055,
                                        "Actual Total Time": 323.134,
                                        "Actual Rows": 103666,
                                        "Actual Loops": 1
                                    },
                                    {
                                        "Worker Number": 1,
                                        "Actual Startup Time": 259.118,
                                        "Actual Total Time": 322.287,
                                        "Actual Rows": 71890,
                                        "Actual Loops": 1
                                    },
                                    {
                                        "Worker Number": 2,
                                        "Actual Startup Time": 259.499,
                                        "Actual Total Time": 322.936,
                                        "Actual Rows": 68363,
                                        "Actual Loops": 1
                                    }
                                ],
                                "Plans": [
                                    {
                                        "Node Type": "Seq Scan",
                                        "Parent Relationship": "Outer",
                                        "Parallel Aware": true,
                                        "Relation Name": "movie_companies",
                                        "Schema": "public",
                                        "Alias": "mc",
                                        "Startup Cost": 0.0,
                                        "Total Cost": 31414.82,
                                        "Plan Rows": 363813,
                                        "Plan Width": 4,
                                        "Actual Startup Time": 35.321,
                                        "Actual Total Time": 77.727,
                                        "Actual Rows": 232860,
                                        "Actual Loops": 4,
                                        "Output": [
                                            "mc.id",
                                            "mc.movie_id",
                                            "mc.company_id",
                                            "mc.company_type_id",
                                            "mc.note"
                                        ],
                                        "Filter": "((mc.company_id < 81867) AND (mc.company_type_id > 1))",
                                        "Rows Removed by Filter": 419422,
                                        "Workers": [
                                            {
                                                "Worker Number": 0,
                                                "Actual Startup Time": 35.379,
                                                "Actual Total Time": 76.627,
                                                "Actual Rows": 276601,
                                                "Actual Loops": 1
                                            },
                                            {
                                                "Worker Number": 1,
                                                "Actual Startup Time": 35.342,
                                                "Actual Total Time": 80.459,
                                                "Actual Rows": 194547,
                                                "Actual Loops": 1
                                            },
                                            {
                                                "Worker Number": 2,
                                                "Actual Startup Time": 35.339,
                                                "Actual Total Time": 80.058,
                                                "Actual Rows": 184283,
                                                "Actual Loops": 1
                                            }
                                        ]
                                    },
                                    {
                                        "Node Type": "Hash",
                                        "Parent Relationship": "Inner",
                                        "Parallel Aware": true,
                                        "Startup Cost": 43899.01,
                                        "Total Cost": 43899.01,
                                        "Plan Rows": 167838,
                                        "Plan Width": 4,
                                        "Actual Startup Time": 179.746,
                                        "Actual Total Time": 179.748,
                                        "Actual Rows": 165706,
                                        "Actual Loops": 4,
                                        "Output": [
                                            "t.id"
                                        ],
                                        "Hash Buckets": 1048576,
                                        "Original Hash Buckets": 1048576,
                                        "Hash Batches": 1,
                                        "Original Hash Batches": 1,
                                        "Peak Memory Usage": 34176,
                                        "Workers": [
                                            {
                                                "Worker Number": 0,
                                                "Actual Startup Time": 181.297,
                                                "Actual Total Time": 181.298,
                                                "Actual Rows": 188004,
                                                "Actual Loops": 1
                                            },
                                            {
                                                "Worker Number": 1,
                                                "Actual Startup Time": 181.295,
                                                "Actual Total Time": 181.297,
                                                "Actual Rows": 136417,
                                                "Actual Loops": 1
                                            },
                                            {
                                                "Worker Number": 2,
                                                "Actual Startup Time": 181.757,
                                                "Actual Total Time": 181.758,
                                                "Actual Rows": 134367,
                                                "Actual Loops": 1
                                            }
                                        ],
                                        "Plans": [
                                            {
                                                "Node Type": "Seq Scan",
                                                "Parent Relationship": "Outer",
                                                "Parallel Aware": true,
                                                "Relation Name": "title",
                                                "Schema": "public",
                                                "Alias": "t",
                                                "Startup Cost": 0.0,
                                                "Total Cost": 43899.01,
                                                "Plan Rows": 167838,
                                                "Plan Width": 4,
                                                "Actual Startup Time": 49.879,
                                                "Actual Total Time": 114.58,
                                                "Actual Rows": 165706,
                                                "Actual Loops": 4,
                                                "Output": [
                                                    "t.id"
                                                ],
                                                "Filter": "(t.kind_id < 2)",
                                                "Rows Removed by Filter": 466372,
                                                "Workers": [
                                                    {
                                                        "Worker Number": 0,
                                                        "Actual Startup Time": 8.177,
                                                        "Actual Total Time": 119.226,
                                                        "Actual Rows": 188004,
                                                        "Actual Loops": 1
                                                    },
                                                    {
                                                        "Worker Number": 1,
                                                        "Actual Startup Time": 63.645,
                                                        "Actual Total Time": 114.217,
                                                        "Actual Rows": 136417,
                                                        "Actual Loops": 1
                                                    },
                                                    {
                                                        "Worker Number": 2,
                                                        "Actual Startup Time": 63.904,
                                                        "Actual Total Time": 115.542,
                                                        "Actual Rows": 134367,
                                                        "Actual Loops": 1
                                                    }
                                                ]
                                            }
                                        ]
                                    }
                                ]
                            }
                        ]
                    }
                ]
            }
        ]
    },
    "Planning Time": 0.801,
    "Triggers": [],
    "Execution Time": 356.515
}