{
  "Plan": {
    "Node Type": "Aggregate",
    "Strategy": "Plain",
    "Partial Mode": "Finalize",
    "Parallel Aware": false,
    "Startup Cost": 89834.46,
    "Total Cost": 89834.47,
    "Plan Rows": 1,
    "Plan Width": 8,
    "Actual Startup Time": 214.786,
    "Actual Total Time": 231.401,
    "Actual Rows": 1,
    "Actual Loops": 1,
    "Plans": [
      {
        "Node Type": "Gather",
        "Parent Relationship": "Outer",
        "Parallel Aware": false,
        "Startup Cost": 89834.35,
        "Total Cost": 89834.46,
        "Plan Rows": 1,
        "Plan Width": 8,
        "Actual Startup Time": 214.459,
        "Actual Total Time": 231.395,
        "Actual Rows": 2,
        "Actual Loops": 1,
        "Workers Planned": 1,
        "Workers Launched": 1,
        "Single Copy": false,
        "Plans": [
          {
            "Node Type": "Aggregate",
            "Strategy": "Plain",
            "Partial Mode": "Partial",
            "Parent Relationship": "Outer",
            "Parallel Aware": false,
            "Startup Cost": 88834.35,
            "Total Cost": 88834.36,
            "Plan Rows": 1,
            "Plan Width": 8,
            "Actual Startup Time": 211.104,
            "Actual Total Time": 211.107,
            "Actual Rows": 1,
            "Actual Loops": 2,
            "Plans": [
              {
                "Node Type": "Hash Join",
                "Parent Relationship": "Outer",
                "Parallel Aware": true,
                "Join Type": "Inner",
                "Startup Cost": 66483.48,
                "Total Cost": 88831.44,
                "Plan Rows": 1166,
                "Plan Width": 0,
                "Actual Startup Time": 190.514,
                "Actual Total Time": 211.056,
                "Actual Rows": 526,
                "Actual Loops": 2,
                "Inner Unique": true,
                "Hash Cond": "(mc.movie_id = t.id)",
                "Plans": [
                  {
                    "Node Type": "Bitmap Heap Scan",
                    "Parent Relationship": "Outer",
                    "Parallel Aware": true,
                    "Relation Name": "movie_companies",
                    "Alias": "mc",
                    "Startup Cost": 7980.91,
                    "Total Cost": 30038.53,
                    "Plan Rows": 110605,
                    "Plan Width": 4,
                    "Actual Startup Time": 48.39,
                    "Actual Total Time": 63.139,
                    "Actual Rows": 42330,
                    "Actual Loops": 2,
                    "Recheck Cond": "(company_id < 192)",
                    "Rows Removed by Index Recheck": 0,
                    "Filter": "(company_type_id > 1)",
                    "Rows Removed by Filter": 140885,
                    "Exact Heap Blocks": 10504,
                    "Lossy Heap Blocks": 0,
                    "Plans": [
                      {
                        "Node Type": "Bitmap Index Scan",
                        "Parent Relationship": "Outer",
                        "Parallel Aware": false,
                        "Index Name": "company_id_movie_companies",
                        "Startup Cost": 0.0,
                        "Total Cost": 7933.91,
                        "Plan Rows": 370330,
                        "Plan Width": 0,
                        "Actual Startup Time": 16.553,
                        "Actual Total Time": 16.554,
                        "Actual Rows": 366430,
                        "Actual Loops": 1,
                        "Index Cond": "(company_id < 192)"
                      }
                    ]
                  },
                  {
                    "Node Type": "Hash",
                    "Parent Relationship": "Inner",
                    "Parallel Aware": true,
                    "Startup Cost": 58306.47,
                    "Total Cost": 58306.47,
                    "Plan Rows": 15688,
                    "Plan Width": 4,
                    "Actual Startup Time": 140.759,
                    "Actual Total Time": 140.76,
                    "Actual Rows": 15425,
                    "Actual Loops": 2,
                    "Hash Buckets": 32768,
                    "Original Hash Buckets": 32768,
                    "Hash Batches": 1,
                    "Original Hash Batches": 1,
                    "Peak Memory Usage": 1504,
                    "Plans": [
                      {
                        "Node Type": "Seq Scan",
                        "Parent Relationship": "Outer",
                        "Parallel Aware": true,
                        "Relation Name": "title",
                        "Alias": "t",
                        "Startup Cost": 0.0,
                        "Total Cost": 58306.47,
                        "Plan Rows": 15688,
                        "Plan Width": 4,
                        "Actual Startup Time": 0.044,
                        "Actual Total Time": 135.987,
                        "Actual Rows": 15425,
                        "Actual Loops": 2,
                        "Filter": "((kind_id > 1) AND (production_year = 1995))",
                        "Rows Removed by Filter": 1248731
                      }
                    ]
                  }
                ]
              }
            ]
          }
        ]
      }
    ]
  },
  "Planning Time": 0.448,
  "Triggers": [],
  "Execution Time": 231.49
}