[
  {
    "Plan": {
      "Node Type": "Aggregate",
      "Strategy": "Plain",
      "Partial Mode": "Finalize",
      "Parallel Aware": false,
      "Startup Cost": 296878.73,
      "Total Cost": 296878.74,
      "Plan Rows": 1,
      "Plan Width": 8,
      "Actual Startup Time": 1897.937,
      "Actual Total Time": 1947.317,
      "Actual Rows": 1,
      "Actual Loops": 1,
      "Plans": [
        {
          "Node Type": "Gather",
          "Parent Relationship": "Outer",
          "Parallel Aware": false,
          "Startup Cost": 296878.2,
          "Total Cost": 296878.71,
          "Plan Rows": 5,
          "Plan Width": 8,
          "Actual Startup Time": 1890.754,
          "Actual Total Time": 1947.308,
          "Actual Rows": 6,
          "Actual Loops": 1,
          "Workers Planned": 5,
          "Workers Launched": 5,
          "Single Copy": false,
          "Plans": [
            {
              "Node Type": "Aggregate",
              "Strategy": "Plain",
              "Partial Mode": "Partial",
              "Parent Relationship": "Outer",
              "Parallel Aware": false,
              "Startup Cost": 295878.2,
              "Total Cost": 295878.21,
              "Plan Rows": 1,
              "Plan Width": 8,
              "Actual Startup Time": 1874.649,
              "Actual Total Time": 1874.654,
              "Actual Rows": 1,
              "Actual Loops": 6,
              "Plans": [
                {
                  "Node Type": "Hash Join",
                  "Parent Relationship": "Outer",
                  "Parallel Aware": true,
                  "Join Type": "Inner",
                  "Startup Cost": 86313.72,
                  "Total Cost": 292419.99,
                  "Plan Rows": 1383284,
                  "Plan Width": 0,
                  "Actual Startup Time": 502.365,
                  "Actual Total Time": 1730.033,
                  "Actual Rows": 3132884,
                  "Actual Loops": 6,
                  "Inner Unique": false,
                  "Hash Cond": "(mi.movie_id = t.id)",
                  "Plans": [
                    {
                      "Node Type": "Seq Scan",
                      "Parent Relationship": "Outer",
                      "Parallel Aware": true,
                      "Relation Name": "movie_info",
                      "Alias": "mi",
                      "Startup Cost": 0.0,
                      "Total Cost": 191560.33,
                      "Plan Rows": 2956733,
                      "Plan Width": 4,
                      "Actual Startup Time": 0.02,
                      "Actual Total Time": 319.033,
                      "Actual Rows": 2472620,
                      "Actual Loops": 6
                    },
                    {
                      "Node Type": "Hash",
                      "Parent Relationship": "Inner",
                      "Parallel Aware": true,
                      "Startup Cost": 82617.34,
                      "Total Cost": 82617.34,
                      "Plan Rows": 295710,
                      "Plan Width": 8,
                      "Actual Startup Time": 495.883,
                      "Actual Total Time": 495.887,
                      "Actual Rows": 211803,
                      "Actual Loops": 6,
                      "Hash Buckets": 2097152,
                      "Original Hash Buckets": 2097152,
                      "Hash Batches": 1,
                      "Original Hash Batches": 1,
                      "Peak Memory Usage": 66208,
                      "Plans": [
                        {
                          "Node Type": "Hash Join",
                          "Parent Relationship": "Outer",
                          "Parallel Aware": true,
                          "Join Type": "Inner",
                          "Startup Cost": 36184.34,
                          "Total Cost": 82617.34,
                          "Plan Rows": 295710,
                          "Plan Width": 8,
                          "Actual Startup Time": 168.533,
                          "Actual Total Time": 407.835,
                          "Actual Rows": 211803,
                          "Actual Loops": 6,
                          "Inner Unique": false,
                          "Hash Cond": "(t.id = mc.movie_id)",
                          "Plans": [
                            {
                              "Node Type": "Seq Scan",
                              "Parent Relationship": "Outer",
                              "Parallel Aware": true,
                              "Relation Name": "title",
                              "Alias": "t",
                              "Startup Cost": 0.0,
                              "Total Cost": 42318.73,
                              "Plan Rows": 632073,
                              "Plan Width": 4,
                              "Actual Startup Time": 0.018,
                              "Actual Total Time": 66.81,
                              "Actual Rows": 421385,
                              "Actual Loops": 6
                            },
                            {
                              "Node Type": "Hash",
                              "Parent Relationship": "Inner",
                              "Parallel Aware": true,
                              "Startup Cost": 31414.82,
                              "Total Cost": 31414.82,
                              "Plan Rows": 381562,
                              "Plan Width": 4,
                              "Actual Startup Time": 165.92,
                              "Actual Total Time": 165.921,
                              "Actual Rows": 211803,
                              "Actual Loops": 6,
                              "Hash Buckets": 2097152,
                              "Original Hash Buckets": 2097152,
                              "Hash Batches": 1,
                              "Original Hash Batches": 1,
                              "Peak Memory Usage": 66240,
                              "Plans": [
                                {
                                  "Node Type": "Seq Scan",
                                  "Parent Relationship": "Outer",
                                  "Parallel Aware": true,
                                  "Relation Name": "movie_companies",
                                  "Alias": "mc",
                                  "Startup Cost": 0.0,
                                  "Total Cost": 31414.82,
                                  "Plan Rows": 381562,
                                  "Plan Width": 4,
                                  "Actual Startup Time": 42.392,
                                  "Actual Total Time": 77.554,
                                  "Actual Rows": 211803,
                                  "Actual Loops": 6,
                                  "Filter": "((company_id > 145) AND (company_type_id > 1))",
                                  "Rows Removed by Filter": 223052
                                }
                              ]
                            }
                          ]
                        }
                      ]
                    }
                  ]
                }
              ]
            }
          ]
        }
      ]
    },
    "Planning Time": 1.601,
    "Triggers": [],
    "Execution Time": 1947.41
  }
]