[
  {
    "Plan": {
      "Node Type": "Aggregate",
      "Strategy": "Plain",
      "Partial Mode": "Finalize",
      "Parallel Aware": false,
      "Startup Cost": 86399.42,
      "Total Cost": 86399.43,
      "Plan Rows": 1,
      "Plan Width": 8,
      "Actual Startup Time": 500.24,
      "Actual Total Time": 516.02,
      "Actual Rows": 1,
      "Actual Loops": 1,
      "Plans": [
        {
          "Node Type": "Gather",
          "Parent Relationship": "Outer",
          "Parallel Aware": false,
          "Startup Cost": 86399.1,
          "Total Cost": 86399.41,
          "Plan Rows": 3,
          "Plan Width": 8,
          "Actual Startup Time": 493.487,
          "Actual Total Time": 516.006,
          "Actual Rows": 4,
          "Actual Loops": 1,
          "Workers Planned": 3,
          "Workers Launched": 3,
          "Single Copy": false,
          "Plans": [
            {
              "Node Type": "Aggregate",
              "Strategy": "Plain",
              "Partial Mode": "Partial",
              "Parent Relationship": "Outer",
              "Parallel Aware": false,
              "Startup Cost": 85399.1,
              "Total Cost": 85399.11,
              "Plan Rows": 1,
              "Plan Width": 8,
              "Actual Startup Time": 481.305,
              "Actual Total Time": 481.31,
              "Actual Rows": 1,
              "Actual Loops": 4,
              "Plans": [
                {
                  "Node Type": "Hash Join",
                  "Parent Relationship": "Outer",
                  "Parallel Aware": true,
                  "Join Type": "Inner",
                  "Startup Cost": 58678.48,
                  "Total Cost": 85077.59,
                  "Plan Rows": 128602,
                  "Plan Width": 0,
                  "Actual Startup Time": 392.923,
                  "Actual Total Time": 476.403,
                  "Actual Rows": 99784,
                  "Actual Loops": 4,
                  "Inner Unique": true,
                  "Hash Cond": "(mk.movie_id = t.id)",
                  "Plans": [
                    {
                      "Node Type": "Bitmap Heap Scan",
                      "Parent Relationship": "Outer",
                      "Parallel Aware": true,
                      "Relation Name": "movie_keyword",
                      "Alias": "mk",
                      "Startup Cost": 8458.1,
                      "Total Cost": 34519.63,
                      "Plan Rows": 128602,
                      "Plan Width": 4,
                      "Actual Startup Time": 25.087,
                      "Actual Total Time": 74.109,
                      "Actual Rows": 99784,
                      "Actual Loops": 4,
                      "Recheck Cond": "(keyword_id > 43436)",
                      "Rows Removed by Index Recheck": 0,
                      "Exact Heap Blocks": 7240,
                      "Lossy Heap Blocks": 0,
                      "Plans": [
                        {
                          "Node Type": "Bitmap Index Scan",
                          "Parent Relationship": "Outer",
                          "Parallel Aware": false,
                          "Index Name": "keyword_id_movie_keyword",
                          "Startup Cost": 0.0,
                          "Total Cost": 8358.44,
                          "Plan Rows": 398667,
                          "Plan Width": 0,
                          "Actual Startup Time": 21.783,
                          "Actual Total Time": 21.784,
                          "Actual Rows": 399137,
                          "Actual Loops": 1,
                          "Index Cond": "(keyword_id > 43436)"
                        }
                      ]
                    },
                    {
                      "Node Type": "Hash",
                      "Parent Relationship": "Inner",
                      "Parallel Aware": true,
                      "Startup Cost": 42319.06,
                      "Total Cost": 42319.06,
                      "Plan Rows": 632106,
                      "Plan Width": 4,
                      "Actual Startup Time": 359.784,
                      "Actual Total Time": 359.785,
                      "Actual Rows": 632078,
                      "Actual Loops": 4,
                      "Hash Buckets": 4194304,
                      "Original Hash Buckets": 4194304,
                      "Hash Batches": 1,
                      "Original Hash Batches": 1,
                      "Peak Memory Usage": 131744,
                      "Plans": [
                        {
                          "Node Type": "Seq Scan",
                          "Parent Relationship": "Outer",
                          "Parallel Aware": true,
                          "Relation Name": "title",
                          "Alias": "t",
                          "Startup Cost": 0.0,
                          "Total Cost": 42319.06,
                          "Plan Rows": 632106,
                          "Plan Width": 4,
                          "Actual Startup Time": 0.034,
                          "Actual Total Time": 105.464,
                          "Actual Rows": 632078,
                          "Actual Loops": 4
                        }
                      ]
                    }
                  ]
                }
              ]
            }
          ]
        }
      ]
    },
    "Planning Time": 0.194,
    "Triggers": [],
    "Execution Time": 516.064
  }
]