[
  {
    "Plan": {
      "Node Type": "Aggregate",
      "Strategy": "Plain",
      "Partial Mode": "Finalize",
      "Parallel Aware": false,
      "Startup Cost": 86679.28,
      "Total Cost": 86679.29,
      "Plan Rows": 1,
      "Plan Width": 8,
      "Actual Startup Time": 430.328,
      "Actual Total Time": 444.771,
      "Actual Rows": 1,
      "Actual Loops": 1,
      "Plans": [
        {
          "Node Type": "Gather",
          "Parent Relationship": "Outer",
          "Parallel Aware": false,
          "Startup Cost": 86678.96,
          "Total Cost": 86679.27,
          "Plan Rows": 3,
          "Plan Width": 8,
          "Actual Startup Time": 423.915,
          "Actual Total Time": 444.763,
          "Actual Rows": 4,
          "Actual Loops": 1,
          "Workers Planned": 3,
          "Workers Launched": 3,
          "Single Copy": false,
          "Plans": [
            {
              "Node Type": "Aggregate",
              "Strategy": "Plain",
              "Partial Mode": "Partial",
              "Parent Relationship": "Outer",
              "Parallel Aware": false,
              "Startup Cost": 85678.96,
              "Total Cost": 85678.97,
              "Plan Rows": 1,
              "Plan Width": 8,
              "Actual Startup Time": 406.4,
              "Actual Total Time": 406.406,
              "Actual Rows": 1,
              "Actual Loops": 4,
              "Plans": [
                {
                  "Node Type": "Hash Join",
                  "Parent Relationship": "Outer",
                  "Parallel Aware": true,
                  "Join Type": "Inner",
                  "Startup Cost": 58898.85,
                  "Total Cost": 85349.02,
                  "Plan Rows": 131978,
                  "Plan Width": 0,
                  "Actual Startup Time": 331.794,
                  "Actual Total Time": 401.833,
                  "Actual Rows": 99784,
                  "Actual Loops": 4,
                  "Inner Unique": true,
                  "Hash Cond": "(mk.movie_id = t.id)",
                  "Plans": [
                    {
                      "Node Type": "Bitmap Heap Scan",
                      "Parent Relationship": "Outer",
                      "Parallel Aware": true,
                      "Relation Name": "movie_keyword",
                      "Alias": "mk",
                      "Startup Cost": 8679.21,
                      "Total Cost": 34782.93,
                      "Plan Rows": 131978,
                      "Plan Width": 4,
                      "Actual Startup Time": 23.338,
                      "Actual Total Time": 62.455,
                      "Actual Rows": 99784,
                      "Actual Loops": 4,
                      "Recheck Cond": "(keyword_id > 43436)",
                      "Rows Removed by Index Recheck": 0,
                      "Exact Heap Blocks": 7310,
                      "Lossy Heap Blocks": 0,
                      "Plans": [
                        {
                          "Node Type": "Bitmap Index Scan",
                          "Parent Relationship": "Outer",
                          "Parallel Aware": false,
                          "Index Name": "keyword_id_movie_keyword",
                          "Startup Cost": 0.0,
                          "Total Cost": 8576.92,
                          "Plan Rows": 409132,
                          "Plan Width": 0,
                          "Actual Startup Time": 19.973,
                          "Actual Total Time": 19.973,
                          "Actual Rows": 399137,
                          "Actual Loops": 1,
                          "Index Cond": "(keyword_id > 43436)"
                        }
                      ]
                    },
                    {
                      "Node Type": "Hash",
                      "Parent Relationship": "Inner",
                      "Parallel Aware": true,
                      "Startup Cost": 42318.73,
                      "Total Cost": 42318.73,
                      "Plan Rows": 632073,
                      "Plan Width": 4,
                      "Actual Startup Time": 297.61,
                      "Actual Total Time": 297.611,
                      "Actual Rows": 632078,
                      "Actual Loops": 4,
                      "Hash Buckets": 4194304,
                      "Original Hash Buckets": 4194304,
                      "Hash Batches": 1,
                      "Original Hash Batches": 1,
                      "Peak Memory Usage": 131712,
                      "Plans": [
                        {
                          "Node Type": "Seq Scan",
                          "Parent Relationship": "Outer",
                          "Parallel Aware": true,
                          "Relation Name": "title",
                          "Alias": "t",
                          "Startup Cost": 0.0,
                          "Total Cost": 42318.73,
                          "Plan Rows": 632073,
                          "Plan Width": 4,
                          "Actual Startup Time": 0.03,
                          "Actual Total Time": 89.241,
                          "Actual Rows": 632078,
                          "Actual Loops": 4
                        }
                      ]
                    }
                  ]
                }
              ]
            }
          ]
        }
      ]
    },
    "Planning Time": 0.553,
    "Triggers": [],
    "Execution Time": 444.854
  }
]