[
  {
    "Plan": {
      "Node Type": "Aggregate",
      "Strategy": "Plain",
      "Partial Mode": "Simple",
      "Parallel Aware": false,
      "Startup Cost": 3141.9,
      "Total Cost": 3141.91,
      "Plan Rows": 1,
      "Plan Width": 8,
      "Actual Startup Time": 12.617,
      "Actual Total Time": 12.619,
      "Actual Rows": 1,
      "Actual Loops": 1,
      "Plans": [
        {
          "Node Type": "Nested Loop",
          "Parent Relationship": "Outer",
          "Parallel Aware": false,
          "Join Type": "Inner",
          "Startup Cost": 1.43,
          "Total Cost": 3141.43,
          "Plan Rows": 186,
          "Plan Width": 0,
          "Actual Startup Time": 10.314,
          "Actual Total Time": 12.609,
          "Actual Rows": 36,
          "Actual Loops": 1,
          "Inner Unique": false,
          "Plans": [
            {
              "Node Type": "Nested Loop",
              "Parent Relationship": "Outer",
              "Parallel Aware": false,
              "Join Type": "Inner",
              "Startup Cost": 0.99,
              "Total Cost": 2786.83,
              "Plan Rows": 214,
              "Plan Width": 8,
              "Actual Startup Time": 10.176,
              "Actual Total Time": 10.908,
              "Actual Rows": 95,
              "Actual Loops": 1,
              "Inner Unique": true,
              "Plans": [
                {
                  "Node Type": "Index Scan",
                  "Parent Relationship": "Outer",
                  "Parallel Aware": false,
                  "Scan Direction": "Forward",
                  "Index Name": "person_id_cast_info",
                  "Relation Name": "cast_info",
                  "Alias": "ci",
                  "Startup Cost": 0.56,
                  "Total Cost": 987.07,
                  "Plan Rows": 214,
                  "Plan Width": 4,
                  "Actual Startup Time": 10.153,
                  "Actual Total Time": 10.189,
                  "Actual Rows": 95,
                  "Actual Loops": 1,
                  "Index Cond": "(person_id = 3385515)",
                  "Rows Removed by Index Recheck": 0,
                  "Filter": "(role_id > 2)",
                  "Rows Removed by Filter": 0
                },
                {
                  "Node Type": "Index Only Scan",
                  "Parent Relationship": "Inner",
                  "Parallel Aware": false,
                  "Scan Direction": "Forward",
                  "Index Name": "title_pkey",
                  "Relation Name": "title",
                  "Alias": "t",
                  "Startup Cost": 0.43,
                  "Total Cost": 8.41,
                  "Plan Rows": 1,
                  "Plan Width": 4,
                  "Actual Startup Time": 0.007,
                  "Actual Total Time": 0.007,
                  "Actual Rows": 1,
                  "Actual Loops": 95,
                  "Index Cond": "(id = ci.movie_id)",
                  "Rows Removed by Index Recheck": 0,
                  "Heap Fetches": 95
                }
              ]
            },
            {
              "Node Type": "Index Scan",
              "Parent Relationship": "Inner",
              "Parallel Aware": false,
              "Scan Direction": "Forward",
              "Index Name": "movie_id_movie_info",
              "Relation Name": "movie_info",
              "Alias": "mi",
              "Startup Cost": 0.43,
              "Total Cost": 1.6,
              "Plan Rows": 6,
              "Plan Width": 4,
              "Actual Startup Time": 0.015,
              "Actual Total Time": 0.018,
              "Actual Rows": 0,
              "Actual Loops": 95,
              "Index Cond": "(movie_id = t.id)",
              "Rows Removed by Index Recheck": 0,
              "Filter": "(info_type_id > 16)",
              "Rows Removed by Filter": 6
            }
          ]
        }
      ]
    },
    "Planning Time": 0.569,
    "Triggers": [],
    "Execution Time": 12.656
  }
]