[
  {
    "Plan": {
      "Node Type": "Aggregate",
      "Strategy": "Plain",
      "Partial Mode": "Finalize",
      "Parallel Aware": false,
      "Startup Cost": 38285.72,
      "Total Cost": 38285.73,
      "Plan Rows": 1,
      "Plan Width": 8,
      "Actual Startup Time": 109.654,
      "Actual Total Time": 117.941,
      "Actual Rows": 1,
      "Actual Loops": 1,
      "Plans": [
        {
          "Node Type": "Gather",
          "Parent Relationship": "Outer",
          "Parallel Aware": false,
          "Startup Cost": 38285.4,
          "Total Cost": 38285.71,
          "Plan Rows": 3,
          "Plan Width": 8,
          "Actual Startup Time": 109.339,
          "Actual Total Time": 117.93,
          "Actual Rows": 4,
          "Actual Loops": 1,
          "Workers Planned": 3,
          "Workers Launched": 3,
          "Single Copy": false,
          "Plans": [
            {
              "Node Type": "Aggregate",
              "Strategy": "Plain",
              "Partial Mode": "Partial",
              "Parent Relationship": "Outer",
              "Parallel Aware": false,
              "Startup Cost": 37285.4,
              "Total Cost": 37285.41,
              "Plan Rows": 1,
              "Plan Width": 8,
              "Actual Startup Time": 104.074,
              "Actual Total Time": 104.079,
              "Actual Rows": 1,
              "Actual Loops": 4,
              "Plans": [
                {
                  "Node Type": "Bitmap Heap Scan",
                  "Parent Relationship": "Outer",
                  "Parallel Aware": true,
                  "Relation Name": "movie_keyword",
                  "Alias": "mk",
                  "Startup Cost": 10448.71,
                  "Total Cost": 36888.29,
                  "Plan Rows": 158846,
                  "Plan Width": 0,
                  "Actual Startup Time": 29.865,
                  "Actual Total Time": 97.611,
                  "Actual Rows": 122800,
                  "Actual Loops": 4,
                  "Recheck Cond": "(keyword_id > 36657)",
                  "Rows Removed by Index Recheck": 0,
                  "Exact Heap Blocks": 10088,
                  "Lossy Heap Blocks": 0,
                  "Plans": [
                    {
                      "Node Type": "Bitmap Index Scan",
                      "Parent Relationship": "Outer",
                      "Parallel Aware": false,
                      "Index Name": "keyword_id_movie_keyword",
                      "Startup Cost": 0.0,
                      "Total Cost": 10325.61,
                      "Plan Rows": 492423,
                      "Plan Width": 0,
                      "Actual Startup Time": 31.355,
                      "Actual Total Time": 31.355,
                      "Actual Rows": 491198,
                      "Actual Loops": 1,
                      "Index Cond": "(keyword_id > 36657)"
                    }
                  ]
                }
              ]
            }
          ]
        }
      ]
    },
    "Planning Time": 0.088,
    "Triggers": [],
    "Execution Time": 117.978
  }
]