[
    {
        "Bao": {
            "Bao prediction": "NaN",
            "Bao recommended hint": "(no hint)"
        }
    },
    {
        "Plan": {
            "Node Type": "Aggregate",
            "Strategy": "Plain",
            "Partial Mode": "Finalize",
            "Parallel Aware": false,
            "Startup Cost": 353373.16,
            "Total Cost": 353373.17,
            "Plan Rows": 1,
            "Plan Width": 8,
            "Actual Startup Time": 796.936,
            "Actual Total Time": 825.614,
            "Actual Rows": 1,
            "Actual Loops": 1,
            "Output": [
                "count(*)"
            ],
            "Plans": [
                {
                    "Node Type": "Gather",
                    "Parent Relationship": "Outer",
                    "Parallel Aware": false,
                    "Startup Cost": 353372.53,
                    "Total Cost": 353373.14,
                    "Plan Rows": 6,
                    "Plan Width": 8,
                    "Actual Startup Time": 796.853,
                    "Actual Total Time": 825.606,
                    "Actual Rows": 7,
                    "Actual Loops": 1,
                    "Output": [
                        "(PARTIAL count(*))"
                    ],
                    "Workers Planned": 6,
                    "Workers Launched": 6,
                    "Single Copy": false,
                    "Plans": [
                        {
                            "Node Type": "Aggregate",
                            "Strategy": "Plain",
                            "Partial Mode": "Partial",
                            "Parent Relationship": "Outer",
                            "Parallel Aware": false,
                            "Startup Cost": 352372.53,
                            "Total Cost": 352372.54,
                            "Plan Rows": 1,
                            "Plan Width": 8,
                            "Actual Startup Time": 786.565,
                            "Actual Total Time": 786.566,
                            "Actual Rows": 1,
                            "Actual Loops": 7,
                            "Output": [
                                "PARTIAL count(*)"
                            ],
                            "Workers": [
                                {
                                    "Worker Number": 0,
                                    "Actual Startup Time": 783.842,
                                    "Actual Total Time": 783.843,
                                    "Actual Rows": 1,
                                    "Actual Loops": 1
                                },
                                {
                                    "Worker Number": 1,
                                    "Actual Startup Time": 784.339,
                                    "Actual Total Time": 784.34,
                                    "Actual Rows": 1,
                                    "Actual Loops": 1
                                },
                                {
                                    "Worker Number": 2,
                                    "Actual Startup Time": 784.395,
                                    "Actual Total Time": 784.396,
                                    "Actual Rows": 1,
                                    "Actual Loops": 1
                                },
                                {
                                    "Worker Number": 3,
                                    "Actual Startup Time": 785.617,
                                    "Actual Total Time": 785.618,
                                    "Actual Rows": 1,
                                    "Actual Loops": 1
                                },
                                {
                                    "Worker Number": 4,
                                    "Actual Startup Time": 785.831,
                                    "Actual Total Time": 785.832,
                                    "Actual Rows": 1,
                                    "Actual Loops": 1
                                },
                                {
                                    "Worker Number": 5,
                                    "Actual Startup Time": 785.894,
                                    "Actual Total Time": 785.895,
                                    "Actual Rows": 1,
                                    "Actual Loops": 1
                                }
                            ],
                            "Plans": [
                                {
                                    "Node Type": "Seq Scan",
                                    "Parent Relationship": "Outer",
                                    "Parallel Aware": true,
                                    "Relation Name": "cast_info",
                                    "Schema": "public",
                                    "Alias": "ci",
                                    "Startup Cost": 0.0,
                                    "Total Cost": 343318.94,
                                    "Plan Rows": 3621437,
                                    "Plan Width": 0,
                                    "Actual Startup Time": 207.002,
                                    "Actual Total Time": 647.494,
                                    "Actual Rows": 3256252,
                                    "Actual Loops": 7,
                                    "Output": [
                                        "id",
                                        "person_id",
                                        "movie_id",
                                        "person_role_id",
                                        "note",
                                        "nr_order",
                                        "role_id"
                                    ],
                                    "Filter": "((ci.person_id > 266612) AND (ci.role_id > 1))",
                                    "Rows Removed by Filter": 1921511,
                                    "Workers": [
                                        {
                                            "Worker Number": 0,
                                            "Actual Startup Time": 204.287,
                                            "Actual Total Time": 648.972,
                                            "Actual Rows": 3316710,
                                            "Actual Loops": 1
                                        },
                                        {
                                            "Worker Number": 1,
                                            "Actual Startup Time": 204.782,
                                            "Actual Total Time": 642.088,
                                            "Actual Rows": 2154833,
                                            "Actual Loops": 1
                                        },
                                        {
                                            "Worker Number": 2,
                                            "Actual Startup Time": 204.84,
                                            "Actual Total Time": 649.847,
                                            "Actual Rows": 3281654,
                                            "Actual Loops": 1
                                        },
                                        {
                                            "Worker Number": 3,
                                            "Actual Startup Time": 206.062,
                                            "Actual Total Time": 647.829,
                                            "Actual Rows": 3331193,
                                            "Actual Loops": 1
                                        },
                                        {
                                            "Worker Number": 4,
                                            "Actual Startup Time": 206.259,
                                            "Actual Total Time": 651.037,
                                            "Actual Rows": 3309315,
                                            "Actual Loops": 1
                                        },
                                        {
                                            "Worker Number": 5,
                                            "Actual Startup Time": 206.319,
                                            "Actual Total Time": 648.793,
                                            "Actual Rows": 3312337,
                                            "Actual Loops": 1
                                        }
                                    ]
                                }
                            ]
                        }
                    ]
                }
            ]
        },
        "Planning Time": 181.536,
        "Triggers": [],
        "Execution Time": 825.7
    }
]