[
  {
    "Plan": {
      "Node Type": "Aggregate",
      "Strategy": "Plain",
      "Partial Mode": "Finalize",
      "Parallel Aware": false,
      "Startup Cost": 330569.99,
      "Total Cost": 330570.0,
      "Plan Rows": 1,
      "Plan Width": 8,
      "Actual Startup Time": 623.588,
      "Actual Total Time": 681.065,
      "Actual Rows": 1,
      "Actual Loops": 1,
      "Plans": [
        {
          "Node Type": "Gather",
          "Parent Relationship": "Outer",
          "Parallel Aware": false,
          "Startup Cost": 330569.37,
          "Total Cost": 330569.98,
          "Plan Rows": 6,
          "Plan Width": 8,
          "Actual Startup Time": 623.405,
          "Actual Total Time": 681.05,
          "Actual Rows": 7,
          "Actual Loops": 1,
          "Workers Planned": 6,
          "Workers Launched": 6,
          "Single Copy": false,
          "Plans": [
            {
              "Node Type": "Aggregate",
              "Strategy": "Plain",
              "Partial Mode": "Partial",
              "Parent Relationship": "Outer",
              "Parallel Aware": false,
              "Startup Cost": 329569.37,
              "Total Cost": 329569.38,
              "Plan Rows": 1,
              "Plan Width": 8,
              "Actual Startup Time": 614.002,
              "Actual Total Time": 614.004,
              "Actual Rows": 1,
              "Actual Loops": 7,
              "Plans": [
                {
                  "Node Type": "Seq Scan",
                  "Parent Relationship": "Outer",
                  "Parallel Aware": true,
                  "Relation Name": "cast_info",
                  "Alias": "ci",
                  "Startup Cost": 0.0,
                  "Total Cost": 328211.39,
                  "Plan Rows": 543191,
                  "Plan Width": 0,
                  "Actual Startup Time": 0.051,
                  "Actual Total Time": 585.263,
                  "Actual Rows": 482121,
                  "Actual Loops": 7,
                  "Filter": "(person_id < 324588)",
                  "Rows Removed by Filter": 4695642
                }
              ]
            }
          ]
        }
      ]
    },
    "Planning Time": 0.237,
    "Triggers": [],
    "Execution Time": 681.141
  }
]