[
  {
    "Plan": {
      "Node Type": "Aggregate",
      "Strategy": "Plain",
      "Partial Mode": "Finalize",
      "Parallel Aware": false,
      "Startup Cost": 330528.12,
      "Total Cost": 330528.13,
      "Plan Rows": 1,
      "Plan Width": 8,
      "Actual Startup Time": 576.907,
      "Actual Total Time": 629.87,
      "Actual Rows": 1,
      "Actual Loops": 1,
      "Plans": [
        {
          "Node Type": "Gather",
          "Parent Relationship": "Outer",
          "Parallel Aware": false,
          "Startup Cost": 330527.49,
          "Total Cost": 330528.1,
          "Plan Rows": 6,
          "Plan Width": 8,
          "Actual Startup Time": 576.782,
          "Actual Total Time": 629.859,
          "Actual Rows": 7,
          "Actual Loops": 1,
          "Workers Planned": 6,
          "Workers Launched": 6,
          "Single Copy": false,
          "Plans": [
            {
              "Node Type": "Aggregate",
              "Strategy": "Plain",
              "Partial Mode": "Partial",
              "Parent Relationship": "Outer",
              "Parallel Aware": false,
              "Startup Cost": 329527.49,
              "Total Cost": 329527.5,
              "Plan Rows": 1,
              "Plan Width": 8,
              "Actual Startup Time": 568.154,
              "Actual Total Time": 568.155,
              "Actual Rows": 1,
              "Actual Loops": 7,
              "Plans": [
                {
                  "Node Type": "Seq Scan",
                  "Parent Relationship": "Outer",
                  "Parallel Aware": true,
                  "Relation Name": "cast_info",
                  "Alias": "ci",
                  "Startup Cost": 0.0,
                  "Total Cost": 328162.03,
                  "Plan Rows": 546187,
                  "Plan Width": 0,
                  "Actual Startup Time": 0.044,
                  "Actual Total Time": 543.105,
                  "Actual Rows": 482121,
                  "Actual Loops": 7,
                  "Filter": "(person_id < 324588)",
                  "Rows Removed by Filter": 4695642
                }
              ]
            }
          ]
        }
      ]
    },
    "Planning Time": 0.194,
    "Triggers": [],
    "Execution Time": 629.941
  }
]