[
    {
        "Bao": {
            "Bao prediction": "NaN",
            "Bao recommended hint": "(no hint)"
        }
    },
    {
        "Plan": {
            "Node Type": "Aggregate",
            "Strategy": "Plain",
            "Partial Mode": "Finalize",
            "Parallel Aware": false,
            "Startup Cost": 349559.42,
            "Total Cost": 349559.43,
            "Plan Rows": 1,
            "Plan Width": 8,
            "Actual Startup Time": 942.036,
            "Actual Total Time": 973.689,
            "Actual Rows": 1,
            "Actual Loops": 1,
            "Output": [
                "count(*)"
            ],
            "Plans": [
                {
                    "Node Type": "Gather",
                    "Parent Relationship": "Outer",
                    "Parallel Aware": false,
                    "Startup Cost": 349558.8,
                    "Total Cost": 349559.41,
                    "Plan Rows": 6,
                    "Plan Width": 8,
                    "Actual Startup Time": 941.874,
                    "Actual Total Time": 973.679,
                    "Actual Rows": 7,
                    "Actual Loops": 1,
                    "Output": [
                        "(PARTIAL count(*))"
                    ],
                    "Workers Planned": 6,
                    "Workers Launched": 6,
                    "Single Copy": false,
                    "Plans": [
                        {
                            "Node Type": "Aggregate",
                            "Strategy": "Plain",
                            "Partial Mode": "Partial",
                            "Parent Relationship": "Outer",
                            "Parallel Aware": false,
                            "Startup Cost": 348558.8,
                            "Total Cost": 348558.81,
                            "Plan Rows": 1,
                            "Plan Width": 8,
                            "Actual Startup Time": 932.176,
                            "Actual Total Time": 932.177,
                            "Actual Rows": 1,
                            "Actual Loops": 7,
                            "Output": [
                                "PARTIAL count(*)"
                            ],
                            "Workers": [
                                {
                                    "Worker Number": 0,
                                    "Actual Startup Time": 929.869,
                                    "Actual Total Time": 929.871,
                                    "Actual Rows": 1,
                                    "Actual Loops": 1
                                },
                                {
                                    "Worker Number": 1,
                                    "Actual Startup Time": 930.245,
                                    "Actual Total Time": 930.246,
                                    "Actual Rows": 1,
                                    "Actual Loops": 1
                                },
                                {
                                    "Worker Number": 2,
                                    "Actual Startup Time": 930.438,
                                    "Actual Total Time": 930.439,
                                    "Actual Rows": 1,
                                    "Actual Loops": 1
                                },
                                {
                                    "Worker Number": 3,
                                    "Actual Startup Time": 930.786,
                                    "Actual Total Time": 930.787,
                                    "Actual Rows": 1,
                                    "Actual Loops": 1
                                },
                                {
                                    "Worker Number": 4,
                                    "Actual Startup Time": 931.127,
                                    "Actual Total Time": 931.128,
                                    "Actual Rows": 1,
                                    "Actual Loops": 1
                                },
                                {
                                    "Worker Number": 5,
                                    "Actual Startup Time": 931.31,
                                    "Actual Total Time": 931.311,
                                    "Actual Rows": 1,
                                    "Actual Loops": 1
                                }
                            ],
                            "Plans": [
                                {
                                    "Node Type": "Seq Scan",
                                    "Parent Relationship": "Outer",
                                    "Parallel Aware": true,
                                    "Relation Name": "cast_info",
                                    "Schema": "public",
                                    "Alias": "ci",
                                    "Startup Cost": 0.0,
                                    "Total Cost": 343318.94,
                                    "Plan Rows": 2095944,
                                    "Plan Width": 0,
                                    "Actual Startup Time": 408.978,
                                    "Actual Total Time": 810.311,
                                    "Actual Rows": 1987156,
                                    "Actual Loops": 7,
                                    "Output": [
                                        "id",
                                        "person_id",
                                        "movie_id",
                                        "person_role_id",
                                        "note",
                                        "nr_order",
                                        "role_id"
                                    ],
                                    "Filter": "((ci.person_id > 779352) AND (ci.role_id > 2))",
                                    "Rows Removed by Filter": 3190607,
                                    "Workers": [
                                        {
                                            "Worker Number": 0,
                                            "Actual Startup Time": 406.693,
                                            "Actual Total Time": 811.153,
                                            "Actual Rows": 1789979,
                                            "Actual Loops": 1
                                        },
                                        {
                                            "Worker Number": 1,
                                            "Actual Startup Time": 407.027,
                                            "Actual Total Time": 811.312,
                                            "Actual Rows": 1793636,
                                            "Actual Loops": 1
                                        },
                                        {
                                            "Worker Number": 2,
                                            "Actual Startup Time": 407.249,
                                            "Actual Total Time": 811.309,
                                            "Actual Rows": 1801540,
                                            "Actual Loops": 1
                                        },
                                        {
                                            "Worker Number": 3,
                                            "Actual Startup Time": 407.578,
                                            "Actual Total Time": 812.283,
                                            "Actual Rows": 1788977,
                                            "Actual Loops": 1
                                        },
                                        {
                                            "Worker Number": 4,
                                            "Actual Startup Time": 407.926,
                                            "Actual Total Time": 812.658,
                                            "Actual Rows": 1784252,
                                            "Actual Loops": 1
                                        },
                                        {
                                            "Worker Number": 5,
                                            "Actual Startup Time": 408.097,
                                            "Actual Total Time": 812.029,
                                            "Actual Rows": 2746861,
                                            "Actual Loops": 1
                                        }
                                    ]
                                }
                            ]
                        }
                    ]
                }
            ]
        },
        "Planning Time": 300.036,
        "Triggers": [],
        "Execution Time": 973.75
    }
]