[
  {
    "Plan": {
      "Node Type": "Aggregate",
      "Strategy": "Plain",
      "Partial Mode": "Finalize",
      "Parallel Aware": false,
      "Startup Cost": 312077.34,
      "Total Cost": 312077.35,
      "Plan Rows": 1,
      "Plan Width": 8,
      "Actual Startup Time": 2112.41,
      "Actual Total Time": 2157.455,
      "Actual Rows": 1,
      "Actual Loops": 1,
      "Plans": [
        {
          "Node Type": "Gather",
          "Parent Relationship": "Outer",
          "Parallel Aware": false,
          "Startup Cost": 312076.82,
          "Total Cost": 312077.33,
          "Plan Rows": 5,
          "Plan Width": 8,
          "Actual Startup Time": 2100.084,
          "Actual Total Time": 2157.438,
          "Actual Rows": 6,
          "Actual Loops": 1,
          "Workers Planned": 5,
          "Workers Launched": 5,
          "Single Copy": false,
          "Plans": [
            {
              "Node Type": "Aggregate",
              "Strategy": "Plain",
              "Partial Mode": "Partial",
              "Parent Relationship": "Outer",
              "Parallel Aware": false,
              "Startup Cost": 311076.82,
              "Total Cost": 311076.83,
              "Plan Rows": 1,
              "Plan Width": 8,
              "Actual Startup Time": 2085.28,
              "Actual Total Time": 2085.746,
              "Actual Rows": 1,
              "Actual Loops": 6,
              "Plans": [
                {
                  "Node Type": "Hash Join",
                  "Parent Relationship": "Outer",
                  "Parallel Aware": true,
                  "Join Type": "Inner",
                  "Startup Cost": 98716.15,
                  "Total Cost": 306836.11,
                  "Plan Rows": 1696284,
                  "Plan Width": 0,
                  "Actual Startup Time": 393.106,
                  "Actual Total Time": 1717.667,
                  "Actual Rows": 8707323,
                  "Actual Loops": 6,
                  "Inner Unique": false,
                  "Hash Cond": "(mi.movie_id = t.id)",
                  "Plans": [
                    {
                      "Node Type": "Seq Scan",
                      "Parent Relationship": "Outer",
                      "Parallel Aware": true,
                      "Relation Name": "movie_info",
                      "Alias": "mi",
                      "Startup Cost": 0.0,
                      "Total Cost": 191560.33,
                      "Plan Rows": 2956733,
                      "Plan Width": 4,
                      "Actual Startup Time": 0.037,
                      "Actual Total Time": 290.764,
                      "Actual Rows": 2472620,
                      "Actual Loops": 6
                    },
                    {
                      "Node Type": "Hash",
                      "Parent Relationship": "Inner",
                      "Parallel Aware": true,
                      "Startup Cost": 92867.41,
                      "Total Cost": 92867.41,
                      "Plan Rows": 467899,
                      "Plan Width": 8,
                      "Actual Startup Time": 387.215,
                      "Actual Total Time": 387.679,
                      "Actual Rows": 168951,
                      "Actual Loops": 6,
                      "Hash Buckets": 2097152,
                      "Original Hash Buckets": 2097152,
                      "Hash Batches": 1,
                      "Original Hash Batches": 1,
                      "Peak Memory Usage": 56128,
                      "Plans": [
                        {
                          "Node Type": "Hash Join",
                          "Parent Relationship": "Outer",
                          "Parallel Aware": true,
                          "Join Type": "Inner",
                          "Startup Cost": 47399.97,
                          "Total Cost": 92867.41,
                          "Plan Rows": 467899,
                          "Plan Width": 8,
                          "Actual Startup Time": 176.745,
                          "Actual Total Time": 333.284,
                          "Actual Rows": 168951,
                          "Actual Loops": 6,
                          "Inner Unique": true,
                          "Hash Cond": "(mk.movie_id = t.id)",
                          "Plans": [
                            {
                              "Node Type": "Seq Scan",
                              "Parent Relationship": "Outer",
                              "Parallel Aware": true,
                              "Relation Name": "movie_keyword",
                              "Alias": "mk",
                              "Startup Cost": 0.0,
                              "Total Cost": 42695.65,
                              "Plan Rows": 1055921,
                              "Plan Width": 4,
                              "Actual Startup Time": 0.03,
                              "Actual Total Time": 84.283,
                              "Actual Rows": 544304,
                              "Actual Loops": 6,
                              "Filter": "(keyword_id < 14272)",
                              "Rows Removed by Filter": 209684
                            },
                            {
                              "Node Type": "Hash",
                              "Parent Relationship": "Inner",
                              "Parallel Aware": true,
                              "Startup Cost": 43898.92,
                              "Total Cost": 43898.92,
                              "Plan Rows": 280084,
                              "Plan Width": 4,
                              "Actual Startup Time": 174.22,
                              "Actual Total Time": 174.221,
                              "Actual Rows": 184654,
                              "Actual Loops": 6,
                              "Hash Buckets": 2097152,
                              "Original Hash Buckets": 2097152,
                              "Hash Batches": 1,
                              "Original Hash Batches": 1,
                              "Peak Memory Usage": 59776,
                              "Plans": [
                                {
                                  "Node Type": "Seq Scan",
                                  "Parent Relationship": "Outer",
                                  "Parallel Aware": true,
                                  "Relation Name": "title",
                                  "Alias": "t",
                                  "Startup Cost": 0.0,
                                  "Total Cost": 43898.92,
                                  "Plan Rows": 280084,
                                  "Plan Width": 4,
                                  "Actual Startup Time": 0.039,
                                  "Actual Total Time": 84.213,
                                  "Actual Rows": 184654,
                                  "Actual Loops": 6,
                                  "Filter": "(production_year > 2004)",
                                  "Rows Removed by Filter": 236731
                                }
                              ]
                            }
                          ]
                        }
                      ]
                    }
                  ]
                }
              ]
            }
          ]
        }
      ]
    },
    "Planning Time": 1.37,
    "Triggers": [],
    "Execution Time": 2157.544
  }
]