[
  {
    "Plan": {
      "Node Type": "Aggregate",
      "Strategy": "Plain",
      "Partial Mode": "Finalize",
      "Parallel Aware": false,
      "Startup Cost": 39537.98,
      "Total Cost": 39537.99,
      "Plan Rows": 1,
      "Plan Width": 8,
      "Actual Startup Time": 70.865,
      "Actual Total Time": 84.097,
      "Actual Rows": 1,
      "Actual Loops": 1,
      "Plans": [
        {
          "Node Type": "Gather",
          "Parent Relationship": "Outer",
          "Parallel Aware": false,
          "Startup Cost": 39537.76,
          "Total Cost": 39537.97,
          "Plan Rows": 2,
          "Plan Width": 8,
          "Actual Startup Time": 70.7,
          "Actual Total Time": 84.09,
          "Actual Rows": 3,
          "Actual Loops": 1,
          "Workers Planned": 2,
          "Workers Launched": 2,
          "Single Copy": false,
          "Plans": [
            {
              "Node Type": "Aggregate",
              "Strategy": "Plain",
              "Partial Mode": "Partial",
              "Parent Relationship": "Outer",
              "Parallel Aware": false,
              "Startup Cost": 38537.76,
              "Total Cost": 38537.77,
              "Plan Rows": 1,
              "Plan Width": 8,
              "Actual Startup Time": 66.492,
              "Actual Total Time": 66.494,
              "Actual Rows": 1,
              "Actual Loops": 3,
              "Plans": [
                {
                  "Node Type": "Nested Loop",
                  "Parent Relationship": "Outer",
                  "Parallel Aware": false,
                  "Join Type": "Inner",
                  "Startup Cost": 163.73,
                  "Total Cost": 38536.15,
                  "Plan Rows": 645,
                  "Plan Width": 0,
                  "Actual Startup Time": 6.236,
                  "Actual Total Time": 65.886,
                  "Actual Rows": 5570,
                  "Actual Loops": 3,
                  "Inner Unique": false,
                  "Plans": [
                    {
                      "Node Type": "Nested Loop",
                      "Parent Relationship": "Outer",
                      "Parallel Aware": false,
                      "Join Type": "Inner",
                      "Startup Cost": 163.3,
                      "Total Cost": 37862.9,
                      "Plan Rows": 1182,
                      "Plan Width": 8,
                      "Actual Startup Time": 6.118,
                      "Actual Total Time": 44.325,
                      "Actual Rows": 2145,
                      "Actual Loops": 3,
                      "Inner Unique": true,
                      "Plans": [
                        {
                          "Node Type": "Bitmap Heap Scan",
                          "Parent Relationship": "Outer",
                          "Parallel Aware": true,
                          "Relation Name": "movie_keyword",
                          "Alias": "mk",
                          "Startup Cost": 162.87,
                          "Total Cost": 16204.0,
                          "Plan Rows": 3142,
                          "Plan Width": 4,
                          "Actual Startup Time": 5.803,
                          "Actual Total Time": 17.562,
                          "Actual Rows": 2568,
                          "Actual Loops": 3,
                          "Recheck Cond": "(keyword_id = 797)",
                          "Rows Removed by Index Recheck": 0,
                          "Exact Heap Blocks": 3387,
                          "Lossy Heap Blocks": 0,
                          "Plans": [
                            {
                              "Node Type": "Bitmap Index Scan",
                              "Parent Relationship": "Outer",
                              "Parallel Aware": false,
                              "Index Name": "keyword_id_movie_keyword",
                              "Startup Cost": 0.0,
                              "Total Cost": 160.98,
                              "Plan Rows": 7540,
                              "Plan Width": 0,
                              "Actual Startup Time": 6.061,
                              "Actual Total Time": 6.061,
                              "Actual Rows": 7704,
                              "Actual Loops": 1,
                              "Index Cond": "(keyword_id = 797)"
                            }
                          ]
                        },
                        {
                          "Node Type": "Index Scan",
                          "Parent Relationship": "Inner",
                          "Parallel Aware": false,
                          "Scan Direction": "Forward",
                          "Index Name": "title_pkey",
                          "Relation Name": "title",
                          "Alias": "t",
                          "Startup Cost": 0.43,
                          "Total Cost": 6.89,
                          "Plan Rows": 1,
                          "Plan Width": 4,
                          "Actual Startup Time": 0.01,
                          "Actual Total Time": 0.01,
                          "Actual Rows": 1,
                          "Actual Loops": 7704,
                          "Index Cond": "(id = mk.movie_id)",
                          "Rows Removed by Index Recheck": 0,
                          "Filter": "((kind_id < 7) AND (production_year > 1905))",
                          "Rows Removed by Filter": 0
                        }
                      ]
                    },
                    {
                      "Node Type": "Index Only Scan",
                      "Parent Relationship": "Inner",
                      "Parallel Aware": false,
                      "Scan Direction": "Forward",
                      "Index Name": "movie_id_movie_info_idx",
                      "Relation Name": "movie_info_idx",
                      "Alias": "mi_idx",
                      "Startup Cost": 0.43,
                      "Total Cost": 0.54,
                      "Plan Rows": 3,
                      "Plan Width": 4,
                      "Actual Startup Time": 0.009,
                      "Actual Total Time": 0.009,
                      "Actual Rows": 3,
                      "Actual Loops": 6434,
                      "Index Cond": "(movie_id = t.id)",
                      "Rows Removed by Index Recheck": 0,
                      "Heap Fetches": 16709
                    }
                  ]
                }
              ]
            }
          ]
        }
      ]
    },
    "Planning Time": 1.475,
    "Triggers": [],
    "Execution Time": 84.205
  }
]