[
  {
    "Plan": {
      "Node Type": "Aggregate",
      "Strategy": "Plain",
      "Partial Mode": "Finalize",
      "Parallel Aware": false,
      "Startup Cost": 45624.19,
      "Total Cost": 45624.2,
      "Plan Rows": 1,
      "Plan Width": 8,
      "Actual Startup Time": 156.255,
      "Actual Total Time": 165.791,
      "Actual Rows": 1,
      "Actual Loops": 1,
      "Plans": [
        {
          "Node Type": "Gather",
          "Parent Relationship": "Outer",
          "Parallel Aware": false,
          "Startup Cost": 45623.88,
          "Total Cost": 45624.19,
          "Plan Rows": 3,
          "Plan Width": 8,
          "Actual Startup Time": 156.109,
          "Actual Total Time": 165.779,
          "Actual Rows": 4,
          "Actual Loops": 1,
          "Workers Planned": 3,
          "Workers Launched": 3,
          "Single Copy": false,
          "Plans": [
            {
              "Node Type": "Aggregate",
              "Strategy": "Plain",
              "Partial Mode": "Partial",
              "Parent Relationship": "Outer",
              "Parallel Aware": false,
              "Startup Cost": 44623.88,
              "Total Cost": 44623.89,
              "Plan Rows": 1,
              "Plan Width": 8,
              "Actual Startup Time": 148.368,
              "Actual Total Time": 148.37,
              "Actual Rows": 1,
              "Actual Loops": 4,
              "Plans": [
                {
                  "Node Type": "Seq Scan",
                  "Parent Relationship": "Outer",
                  "Parallel Aware": true,
                  "Relation Name": "movie_keyword",
                  "Alias": "mk",
                  "Startup Cost": 0.0,
                  "Total Cost": 42695.65,
                  "Plan Rows": 771289,
                  "Plan Width": 0,
                  "Actual Startup Time": 0.618,
                  "Actual Total Time": 119.432,
                  "Actual Rows": 595080,
                  "Actual Loops": 4,
                  "Filter": "(keyword_id > 4015)",
                  "Rows Removed by Filter": 535902
                }
              ]
            }
          ]
        }
      ]
    },
    "Planning Time": 0.191,
    "Triggers": [],
    "Execution Time": 165.851
  }
]