[
    {
        "Bao": {
            "Bao prediction": "NaN",
            "Bao recommended hint": "(no hint)"
        }
    },
    {
        "Plan": {
            "Node Type": "Aggregate",
            "Strategy": "Plain",
            "Partial Mode": "Finalize",
            "Parallel Aware": false,
            "Startup Cost": 328781.16,
            "Total Cost": 328781.17,
            "Plan Rows": 1,
            "Plan Width": 8,
            "Actual Startup Time": 283.957,
            "Actual Total Time": 291.139,
            "Actual Rows": 1,
            "Actual Loops": 1,
            "Output": [
                "count(*)"
            ],
            "Plans": [
                {
                    "Node Type": "Gather",
                    "Parent Relationship": "Outer",
                    "Parallel Aware": false,
                    "Startup Cost": 328780.53,
                    "Total Cost": 328781.14,
                    "Plan Rows": 6,
                    "Plan Width": 8,
                    "Actual Startup Time": 282.803,
                    "Actual Total Time": 291.131,
                    "Actual Rows": 7,
                    "Actual Loops": 1,
                    "Output": [
                        "(PARTIAL count(*))"
                    ],
                    "Workers Planned": 6,
                    "Workers Launched": 6,
                    "Single Copy": false,
                    "Plans": [
                        {
                            "Node Type": "Aggregate",
                            "Strategy": "Plain",
                            "Partial Mode": "Partial",
                            "Parent Relationship": "Outer",
                            "Parallel Aware": false,
                            "Startup Cost": 327780.53,
                            "Total Cost": 327780.54,
                            "Plan Rows": 1,
                            "Plan Width": 8,
                            "Actual Startup Time": 272.561,
                            "Actual Total Time": 272.562,
                            "Actual Rows": 1,
                            "Actual Loops": 7,
                            "Output": [
                                "PARTIAL count(*)"
                            ],
                            "Workers": [
                                {
                                    "Worker Number": 0,
                                    "Actual Startup Time": 269.978,
                                    "Actual Total Time": 269.98,
                                    "Actual Rows": 1,
                                    "Actual Loops": 1
                                },
                                {
                                    "Worker Number": 1,
                                    "Actual Startup Time": 270.446,
                                    "Actual Total Time": 270.447,
                                    "Actual Rows": 1,
                                    "Actual Loops": 1
                                },
                                {
                                    "Worker Number": 2,
                                    "Actual Startup Time": 270.855,
                                    "Actual Total Time": 270.856,
                                    "Actual Rows": 1,
                                    "Actual Loops": 1
                                },
                                {
                                    "Worker Number": 3,
                                    "Actual Startup Time": 271.03,
                                    "Actual Total Time": 271.031,
                                    "Actual Rows": 1,
                                    "Actual Loops": 1
                                },
                                {
                                    "Worker Number": 4,
                                    "Actual Startup Time": 271.501,
                                    "Actual Total Time": 271.502,
                                    "Actual Rows": 1,
                                    "Actual Loops": 1
                                },
                                {
                                    "Worker Number": 5,
                                    "Actual Startup Time": 271.854,
                                    "Actual Total Time": 271.856,
                                    "Actual Rows": 1,
                                    "Actual Loops": 1
                                }
                            ],
                            "Plans": [
                                {
                                    "Node Type": "Bitmap Heap Scan",
                                    "Parent Relationship": "Outer",
                                    "Parallel Aware": true,
                                    "Relation Name": "cast_info",
                                    "Schema": "public",
                                    "Alias": "ci",
                                    "Startup Cost": 67455.25,
                                    "Total Cost": 326507.49,
                                    "Plan Rows": 509219,
                                    "Plan Width": 0,
                                    "Actual Startup Time": 124.67,
                                    "Actual Total Time": 248.079,
                                    "Actual Rows": 447088,
                                    "Actual Loops": 7,
                                    "Recheck Cond": "(ci.person_id > 3485130)",
                                    "Rows Removed by Index Recheck": 0,
                                    "Exact Heap Blocks": 9801,
                                    "Lossy Heap Blocks": 0,
                                    "Workers": [
                                        {
                                            "Worker Number": 0,
                                            "Actual Startup Time": 122.054,
                                            "Actual Total Time": 245.14,
                                            "Actual Rows": 332150,
                                            "Actual Loops": 1
                                        },
                                        {
                                            "Worker Number": 1,
                                            "Actual Startup Time": 122.877,
                                            "Actual Total Time": 248.475,
                                            "Actual Rows": 435421,
                                            "Actual Loops": 1
                                        },
                                        {
                                            "Worker Number": 2,
                                            "Actual Startup Time": 122.87,
                                            "Actual Total Time": 246.802,
                                            "Actual Rows": 460076,
                                            "Actual Loops": 1
                                        },
                                        {
                                            "Worker Number": 3,
                                            "Actual Startup Time": 123.043,
                                            "Actual Total Time": 249.119,
                                            "Actual Rows": 435226,
                                            "Actual Loops": 1
                                        },
                                        {
                                            "Worker Number": 4,
                                            "Actual Startup Time": 123.837,
                                            "Actual Total Time": 246.817,
                                            "Actual Rows": 327326,
                                            "Actual Loops": 1
                                        },
                                        {
                                            "Worker Number": 5,
                                            "Actual Startup Time": 124.151,
                                            "Actual Total Time": 247.704,
                                            "Actual Rows": 463192,
                                            "Actual Loops": 1
                                        }
                                    ],
                                    "Plans": [
                                        {
                                            "Node Type": "Bitmap Index Scan",
                                            "Parent Relationship": "Outer",
                                            "Parallel Aware": false,
                                            "Index Name": "person_id_cast_info",
                                            "Startup Cost": 0.0,
                                            "Total Cost": 66691.42,
                                            "Plan Rows": 3055314,
                                            "Plan Width": 0,
                                            "Actual Startup Time": 126.855,
                                            "Actual Total Time": 126.855,
                                            "Actual Rows": 3129619,
                                            "Actual Loops": 1,
                                            "Index Cond": "(ci.person_id > 3485130)"
                                        }
                                    ]
                                }
                            ]
                        }
                    ]
                }
            ]
        },
        "Planning Time": 212.056,
        "Triggers": [],
        "Execution Time": 291.213
    }
]