[
  {
    "Plan": {
      "Node Type": "Aggregate",
      "Strategy": "Plain",
      "Partial Mode": "Finalize",
      "Parallel Aware": false,
      "Startup Cost": 504718.91,
      "Total Cost": 504718.92,
      "Plan Rows": 1,
      "Plan Width": 64,
      "Actual Startup Time": 3533.948,
      "Actual Total Time": 3626.213,
      "Actual Rows": 1,
      "Actual Loops": 1,
      "Plans": [
        {
          "Node Type": "Gather",
          "Parent Relationship": "Outer",
          "Parallel Aware": false,
          "Startup Cost": 504718.79,
          "Total Cost": 504718.9,
          "Plan Rows": 1,
          "Plan Width": 64,
          "Actual Startup Time": 3533.655,
          "Actual Total Time": 3626.198,
          "Actual Rows": 2,
          "Actual Loops": 1,
          "Workers Planned": 1,
          "Workers Launched": 1,
          "Single Copy": false,
          "Plans": [
            {
              "Node Type": "Aggregate",
              "Strategy": "Plain",
              "Partial Mode": "Partial",
              "Parent Relationship": "Outer",
              "Parallel Aware": false,
              "Startup Cost": 503718.79,
              "Total Cost": 503718.8,
              "Plan Rows": 1,
              "Plan Width": 64,
              "Actual Startup Time": 3526.006,
              "Actual Total Time": 3526.024,
              "Actual Rows": 1,
              "Actual Loops": 2,
              "Plans": [
                {
                  "Node Type": "Hash Join",
                  "Parent Relationship": "Outer",
                  "Parallel Aware": false,
                  "Join Type": "Inner",
                  "Startup Cost": 498981.41,
                  "Total Cost": 503718.79,
                  "Plan Rows": 1,
                  "Plan Width": 33,
                  "Actual Startup Time": 3514.058,
                  "Actual Total Time": 3526.009,
                  "Actual Rows": 3,
                  "Actual Loops": 2,
                  "Inner Unique": true,
                  "Hash Cond": "(ci.role_id = rt.id)",
                  "Plans": [
                    {
                      "Node Type": "Hash Join",
                      "Parent Relationship": "Outer",
                      "Parallel Aware": true,
                      "Join Type": "Inner",
                      "Startup Cost": 498980.25,
                      "Total Cost": 503717.62,
                      "Plan Rows": 1,
                      "Plan Width": 37,
                      "Actual Startup Time": 3513.513,
                      "Actual Total Time": 3525.461,
                      "Actual Rows": 3,
                      "Actual Loops": 2,
                      "Inner Unique": false,
                      "Hash Cond": "(cn.id = mc.company_id)",
                      "Plans": [
                        {
                          "Node Type": "Seq Scan",
                          "Parent Relationship": "Outer",
                          "Parallel Aware": true,
                          "Relation Name": "company_name",
                          "Alias": "cn",
                          "Startup Cost": 0.0,
                          "Total Cost": 4722.92,
                          "Plan Rows": 3852,
                          "Plan Width": 4,
                          "Actual Startup Time": 0.017,
                          "Actual Total Time": 26.352,
                          "Actual Rows": 3376,
                          "Actual Loops": 2,
                          "Filter": "((country_code)::text = '[jp]'::text)",
                          "Rows Removed by Filter": 114122
                        },
                        {
                          "Node Type": "Hash",
                          "Parent Relationship": "Inner",
                          "Parallel Aware": true,
                          "Startup Cost": 498980.24,
                          "Total Cost": 498980.24,
                          "Plan Rows": 1,
                          "Plan Width": 41,
                          "Actual Startup Time": 3497.907,
                          "Actual Total Time": 3497.921,
                          "Actual Rows": 3,
                          "Actual Loops": 2,
                          "Hash Buckets": 1024,
                          "Original Hash Buckets": 1024,
                          "Hash Batches": 1,
                          "Original Hash Batches": 1,
                          "Peak Memory Usage": 40,
                          "Plans": [
                            {
                              "Node Type": "Hash Join",
                              "Parent Relationship": "Outer",
                              "Parallel Aware": true,
                              "Join Type": "Inner",
                              "Startup Cost": 463356.69,
                              "Total Cost": 498980.24,
                              "Plan Rows": 1,
                              "Plan Width": 41,
                              "Actual Startup Time": 3421.964,
                              "Actual Total Time": 3497.856,
                              "Actual Rows": 3,
                              "Actual Loops": 2,
                              "Inner Unique": false,
                              "Hash Cond": "(mc.movie_id = ci.movie_id)",
                              "Plans": [
                                {
                                  "Node Type": "Seq Scan",
                                  "Parent Relationship": "Outer",
                                  "Parallel Aware": true,
                                  "Relation Name": "movie_companies",
                                  "Alias": "mc",
                                  "Startup Cost": 0.0,
                                  "Total Cost": 35623.09,
                                  "Plan Rows": 120,
                                  "Plan Width": 8,
                                  "Actual Startup Time": 0.078,
                                  "Actual Total Time": 221.841,
                                  "Actual Rows": 4284,
                                  "Actual Loops": 2,
                                  "Filter": "((note ~~ '%(Japan)%'::text) AND (note !~~ '%(USA)%'::text) AND ((note ~~ '%(2006)%'::text) OR (note ~~ '%(2007)%'::text)))",
                                  "Rows Removed by Filter": 1300280
                                },
                                {
                                  "Node Type": "Hash",
                                  "Parent Relationship": "Inner",
                                  "Parallel Aware": true,
                                  "Startup Cost": 463356.67,
                                  "Total Cost": 463356.67,
                                  "Plan Rows": 1,
                                  "Plan Width": 45,
                                  "Actual Startup Time": 3275.235,
                                  "Actual Total Time": 3275.247,
                                  "Actual Rows": 4,
                                  "Actual Loops": 2,
                                  "Hash Buckets": 1024,
                                  "Original Hash Buckets": 1024,
                                  "Hash Batches": 1,
                                  "Original Hash Batches": 1,
                                  "Peak Memory Usage": 40,
                                  "Plans": [
                                    {
                                      "Node Type": "Hash Join",
                                      "Parent Relationship": "Outer",
                                      "Parallel Aware": true,
                                      "Join Type": "Inner",
                                      "Startup Cost": 448278.86,
                                      "Total Cost": 463356.67,
                                      "Plan Rows": 1,
                                      "Plan Width": 45,
                                      "Actual Startup Time": 3259.469,
                                      "Actual Total Time": 3275.178,
                                      "Actual Rows": 4,
                                      "Actual Loops": 2,
                                      "Inner Unique": false,
                                      "Hash Cond": "(an.person_id = ci.person_id)",
                                      "Plans": [
                                        {
                                          "Node Type": "Hash Join",
                                          "Parent Relationship": "Outer",
                                          "Parallel Aware": true,
                                          "Join Type": "Inner",
                                          "Startup Cost": 71372.36,
                                          "Total Cost": 86439.15,
                                          "Plan Rows": 2937,
                                          "Plan Width": 24,
                                          "Actual Startup Time": 446.458,
                                          "Actual Total Time": 577.413,
                                          "Actual Rows": 2016,
                                          "Actual Loops": 2,
                                          "Inner Unique": true,
                                          "Hash Cond": "(an.person_id = n.id)",
                                          "Plans": [
                                            {
                                              "Node Type": "Seq Scan",
                                              "Parent Relationship": "Outer",
                                              "Parallel Aware": true,
                                              "Relation Name": "aka_name",
                                              "Alias": "an",
                                              "Startup Cost": 0.0,
                                              "Total Cost": 14303.56,
                                              "Plan Rows": 290756,
                                              "Plan Width": 20,
                                              "Actual Startup Time": 0.015,
                                              "Actual Total Time": 82.112,
                                              "Actual Rows": 450672,
                                              "Actual Loops": 2
                                            },
                                            {
                                              "Node Type": "Hash",
                                              "Parent Relationship": "Inner",
                                              "Parallel Aware": true,
                                              "Startup Cost": 71240.82,
                                              "Total Cost": 71240.82,
                                              "Plan Rows": 10523,
                                              "Plan Width": 4,
                                              "Actual Startup Time": 446.077,
                                              "Actual Total Time": 446.079,
                                              "Actual Rows": 10456,
                                              "Actual Loops": 2,
                                              "Hash Buckets": 65536,
                                              "Original Hash Buckets": 65536,
                                              "Hash Batches": 1,
                                              "Original Hash Batches": 1,
                                              "Peak Memory Usage": 1376,
                                              "Plans": [
                                                {
                                                  "Node Type": "Seq Scan",
                                                  "Parent Relationship": "Outer",
                                                  "Parallel Aware": true,
                                                  "Relation Name": "name",
                                                  "Alias": "n",
                                                  "Startup Cost": 0.0,
                                                  "Total Cost": 71240.82,
                                                  "Plan Rows": 10523,
                                                  "Plan Width": 4,
                                                  "Actual Startup Time": 0.142,
                                                  "Actual Total Time": 440.323,
                                                  "Actual Rows": 10456,
                                                  "Actual Loops": 2,
                                                  "Filter": "((name ~~ '%Yo%'::text) AND (name !~~ '%Yu%'::text))",
                                                  "Rows Removed by Filter": 2073290
                                                }
                                              ]
                                            }
                                          ]
                                        },
                                        {
                                          "Node Type": "Hash",
                                          "Parent Relationship": "Inner",
                                          "Parallel Aware": true,
                                          "Startup Cost": 376906.49,
                                          "Total Cost": 376906.49,
                                          "Plan Rows": 1,
                                          "Plan Width": 33,
                                          "Actual Startup Time": 2697.427,
                                          "Actual Total Time": 2697.431,
                                          "Actual Rows": 113,
                                          "Actual Loops": 2,
                                          "Hash Buckets": 1024,
                                          "Original Hash Buckets": 1024,
                                          "Hash Batches": 1,
                                          "Original Hash Batches": 1,
                                          "Peak Memory Usage": 72,
                                          "Plans": [
                                            {
                                              "Node Type": "Hash Join",
                                              "Parent Relationship": "Outer",
                                              "Parallel Aware": true,
                                              "Join Type": "Inner",
                                              "Startup Cost": 48639.39,
                                              "Total Cost": 376906.49,
                                              "Plan Rows": 1,
                                              "Plan Width": 33,
                                              "Actual Startup Time": 335.7,
                                              "Actual Total Time": 2697.206,
                                              "Actual Rows": 113,
                                              "Actual Loops": 2,
                                              "Inner Unique": true,
                                              "Hash Cond": "(ci.movie_id = t.id)",
                                              "Plans": [
                                                {
                                                  "Node Type": "Seq Scan",
                                                  "Parent Relationship": "Outer",
                                                  "Parallel Aware": true,
                                                  "Relation Name": "cast_info",
                                                  "Alias": "ci",
                                                  "Startup Cost": 0.0,
                                                  "Total Cost": 328232.2,
                                                  "Plan Rows": 13296,
                                                  "Plan Width": 12,
                                                  "Actual Startup Time": 0.833,
                                                  "Actual Total Time": 2394.164,
                                                  "Actual Rows": 46548,
                                                  "Actual Loops": 2,
                                                  "Filter": "(note = '(voice: English version)'::text)",
                                                  "Rows Removed by Filter": 18075624
                                                },
                                                {
                                                  "Node Type": "Hash",
                                                  "Parent Relationship": "Inner",
                                                  "Parallel Aware": true,
                                                  "Startup Cost": 48639.26,
                                                  "Total Cost": 48639.26,
                                                  "Plan Rows": 10,
                                                  "Plan Width": 21,
                                                  "Actual Startup Time": 298.541,
                                                  "Actual Total Time": 298.542,
                                                  "Actual Rows": 4,
                                                  "Actual Loops": 2,
                                                  "Hash Buckets": 1024,
                                                  "Original Hash Buckets": 1024,
                                                  "Hash Batches": 1,
                                                  "Original Hash Batches": 1,
                                                  "Peak Memory Usage": 72,
                                                  "Plans": [
                                                    {
                                                      "Node Type": "Seq Scan",
                                                      "Parent Relationship": "Outer",
                                                      "Parallel Aware": true,
                                                      "Relation Name": "title",
                                                      "Alias": "t",
                                                      "Startup Cost": 0.0,
                                                      "Total Cost": 48639.26,
                                                      "Plan Rows": 10,
                                                      "Plan Width": 21,
                                                      "Actual Startup Time": 219.934,
                                                      "Actual Total Time": 298.489,
                                                      "Actual Rows": 4,
                                                      "Actual Loops": 2,
                                                      "Filter": "((production_year >= 2006) AND (production_year <= 2007) AND ((title ~~ 'One Piece%'::text) OR (title ~~ 'Dragon Ball Z%'::text)))",
                                                      "Rows Removed by Filter": 1264152
                                                    }
                                                  ]
                                                }
                                              ]
                                            }
                                          ]
                                        }
                                      ]
                                    }
                                  ]
                                }
                              ]
                            }
                          ]
                        }
                      ]
                    },
                    {
                      "Node Type": "Hash",
                      "Parent Relationship": "Inner",
                      "Parallel Aware": false,
                      "Startup Cost": 1.15,
                      "Total Cost": 1.15,
                      "Plan Rows": 1,
                      "Plan Width": 4,
                      "Actual Startup Time": 0.093,
                      "Actual Total Time": 0.093,
                      "Actual Rows": 1,
                      "Actual Loops": 2,
                      "Hash Buckets": 1024,
                      "Original Hash Buckets": 1024,
                      "Hash Batches": 1,
                      "Original Hash Batches": 1,
                      "Peak Memory Usage": 9,
                      "Plans": [
                        {
                          "Node Type": "Seq Scan",
                          "Parent Relationship": "Outer",
                          "Parallel Aware": false,
                          "Relation Name": "role_type",
                          "Alias": "rt",
                          "Startup Cost": 0.0,
                          "Total Cost": 1.15,
                          "Plan Rows": 1,
                          "Plan Width": 4,
                          "Actual Startup Time": 0.067,
                          "Actual Total Time": 0.071,
                          "Actual Rows": 1,
                          "Actual Loops": 2,
                          "Filter": "((role)::text = 'actress'::text)",
                          "Rows Removed by Filter": 11
                        }
                      ]
                    }
                  ]
                }
              ]
            }
          ]
        }
      ]
    },
    "Planning Time": 10.331,
    "Triggers": [],
    "Execution Time": 3626.821
  }
]