[
  {
    "Plan": {
      "Node Type": "Aggregate",
      "Strategy": "Plain",
      "Partial Mode": "Finalize",
      "Parallel Aware": false,
      "Startup Cost": 457058.71,
      "Total Cost": 457058.72,
      "Plan Rows": 1,
      "Plan Width": 8,
      "Actual Startup Time": 3788.717,
      "Actual Total Time": 3848.297,
      "Actual Rows": 1,
      "Actual Loops": 1,
      "Plans": [
        {
          "Node Type": "Gather",
          "Parent Relationship": "Outer",
          "Parallel Aware": false,
          "Startup Cost": 457058.08,
          "Total Cost": 457058.69,
          "Plan Rows": 6,
          "Plan Width": 8,
          "Actual Startup Time": 3768.821,
          "Actual Total Time": 3848.278,
          "Actual Rows": 7,
          "Actual Loops": 1,
          "Workers Planned": 6,
          "Workers Launched": 6,
          "Single Copy": false,
          "Plans": [
            {
              "Node Type": "Aggregate",
              "Strategy": "Plain",
              "Partial Mode": "Partial",
              "Parent Relationship": "Outer",
              "Parallel Aware": false,
              "Startup Cost": 456058.08,
              "Total Cost": 456058.09,
              "Plan Rows": 1,
              "Plan Width": 8,
              "Actual Startup Time": 3753.366,
              "Actual Total Time": 3753.539,
              "Actual Rows": 1,
              "Actual Loops": 7,
              "Plans": [
                {
                  "Node Type": "Hash Join",
                  "Parent Relationship": "Outer",
                  "Parallel Aware": true,
                  "Join Type": "Inner",
                  "Startup Cost": 99959.86,
                  "Total Cost": 447155.98,
                  "Plan Rows": 3560842,
                  "Plan Width": 0,
                  "Actual Startup Time": 491.316,
                  "Actual Total Time": 3254.84,
                  "Actual Rows": 10176864,
                  "Actual Loops": 7,
                  "Inner Unique": false,
                  "Hash Cond": "(ci.movie_id = t.id)",
                  "Plans": [
                    {
                      "Node Type": "Seq Scan",
                      "Parent Relationship": "Outer",
                      "Parallel Aware": true,
                      "Relation Name": "cast_info",
                      "Alias": "ci",
                      "Startup Cost": 0.0,
                      "Total Cost": 313067.02,
                      "Plan Rows": 6038002,
                      "Plan Width": 4,
                      "Actual Startup Time": 0.023,
                      "Actual Total Time": 617.106,
                      "Actual Rows": 5177763,
                      "Actual Loops": 7
                    },
                    {
                      "Node Type": "Hash",
                      "Parent Relationship": "Inner",
                      "Parallel Aware": true,
                      "Startup Cost": 93947.64,
                      "Total Cost": 93947.64,
                      "Plan Rows": 480978,
                      "Plan Width": 8,
                      "Actual Startup Time": 486.261,
                      "Actual Total Time": 486.432,
                      "Actual Rows": 191318,
                      "Actual Loops": 7,
                      "Hash Buckets": 2097152,
                      "Original Hash Buckets": 2097152,
                      "Hash Batches": 1,
                      "Original Hash Batches": 1,
                      "Peak Memory Usage": 68896,
                      "Plans": [
                        {
                          "Node Type": "Hash Join",
                          "Parent Relationship": "Outer",
                          "Parallel Aware": true,
                          "Join Type": "Inner",
                          "Startup Cost": 49457.33,
                          "Total Cost": 93947.64,
                          "Plan Rows": 480978,
                          "Plan Width": 8,
                          "Actual Startup Time": 239.611,
                          "Actual Total Time": 409.105,
                          "Actual Rows": 191318,
                          "Actual Loops": 7,
                          "Inner Unique": true,
                          "Hash Cond": "(mk.movie_id = t.id)",
                          "Plans": [
                            {
                              "Node Type": "Seq Scan",
                              "Parent Relationship": "Outer",
                              "Parallel Aware": true,
                              "Relation Name": "movie_keyword",
                              "Alias": "mk",
                              "Startup Cost": 0.0,
                              "Total Cost": 42695.65,
                              "Plan Rows": 683678,
                              "Plan Width": 4,
                              "Actual Startup Time": 0.038,
                              "Actual Total Time": 91.94,
                              "Actual Rows": 303068,
                              "Actual Loops": 7,
                              "Filter": "(keyword_id < 3896)",
                              "Rows Removed by Filter": 343207
                            },
                            {
                              "Node Type": "Hash",
                              "Parent Relationship": "Inner",
                              "Parallel Aware": true,
                              "Startup Cost": 43898.92,
                              "Total Cost": 43898.92,
                              "Plan Rows": 444673,
                              "Plan Width": 4,
                              "Actual Startup Time": 236.886,
                              "Actual Total Time": 236.887,
                              "Actual Rows": 253153,
                              "Actual Loops": 7,
                              "Hash Buckets": 2097152,
                              "Original Hash Buckets": 2097152,
                              "Hash Batches": 1,
                              "Original Hash Batches": 1,
                              "Peak Memory Usage": 85792,
                              "Plans": [
                                {
                                  "Node Type": "Seq Scan",
                                  "Parent Relationship": "Outer",
                                  "Parallel Aware": true,
                                  "Relation Name": "title",
                                  "Alias": "t",
                                  "Startup Cost": 0.0,
                                  "Total Cost": 43898.92,
                                  "Plan Rows": 444673,
                                  "Plan Width": 4,
                                  "Actual Startup Time": 0.048,
                                  "Actual Total Time": 97.094,
                                  "Actual Rows": 253153,
                                  "Actual Loops": 7,
                                  "Filter": "(production_year > 1989)",
                                  "Rows Removed by Filter": 108034
                                }
                              ]
                            }
                          ]
                        }
                      ]
                    }
                  ]
                }
              ]
            }
          ]
        }
      ]
    },
    "Planning Time": 1.275,
    "Triggers": [],
    "Execution Time": 3848.392
  }
]