[
  {
    "Plan": {
      "Node Type": "Aggregate",
      "Strategy": "Plain",
      "Partial Mode": "Finalize",
      "Parallel Aware": false,
      "Startup Cost": 46753.61,
      "Total Cost": 46753.62,
      "Plan Rows": 1,
      "Plan Width": 8,
      "Actual Startup Time": 199.901,
      "Actual Total Time": 209.671,
      "Actual Rows": 1,
      "Actual Loops": 1,
      "Plans": [
        {
          "Node Type": "Gather",
          "Parent Relationship": "Outer",
          "Parallel Aware": false,
          "Startup Cost": 46753.29,
          "Total Cost": 46753.6,
          "Plan Rows": 3,
          "Plan Width": 8,
          "Actual Startup Time": 199.685,
          "Actual Total Time": 209.653,
          "Actual Rows": 4,
          "Actual Loops": 1,
          "Workers Planned": 3,
          "Workers Launched": 3,
          "Single Copy": false,
          "Plans": [
            {
              "Node Type": "Aggregate",
              "Strategy": "Plain",
              "Partial Mode": "Partial",
              "Parent Relationship": "Outer",
              "Parallel Aware": false,
              "Startup Cost": 45753.29,
              "Total Cost": 45753.3,
              "Plan Rows": 1,
              "Plan Width": 8,
              "Actual Startup Time": 193.95,
              "Actual Total Time": 193.952,
              "Actual Rows": 1,
              "Actual Loops": 4,
              "Plans": [
                {
                  "Node Type": "Seq Scan",
                  "Parent Relationship": "Outer",
                  "Parallel Aware": true,
                  "Relation Name": "movie_keyword",
                  "Alias": "mk",
                  "Startup Cost": 0.0,
                  "Total Cost": 42695.65,
                  "Plan Rows": 1223054,
                  "Plan Width": 0,
                  "Actual Startup Time": 0.044,
                  "Actual Total Time": 143.721,
                  "Actual Rows": 949202,
                  "Actual Loops": 4,
                  "Filter": "(keyword_id < 25798)",
                  "Rows Removed by Filter": 181781
                }
              ]
            }
          ]
        }
      ]
    },
    "Planning Time": 0.194,
    "Triggers": [],
    "Execution Time": 209.73
  }
]