[
  {
    "Plan": {
      "Node Type": "Aggregate",
      "Strategy": "Plain",
      "Partial Mode": "Finalize",
      "Parallel Aware": false,
      "Startup Cost": 385069.99,
      "Total Cost": 385070.0,
      "Plan Rows": 1,
      "Plan Width": 8,
      "Actual Startup Time": 1322.66,
      "Actual Total Time": 1375.84,
      "Actual Rows": 1,
      "Actual Loops": 1,
      "Plans": [
        {
          "Node Type": "Gather",
          "Parent Relationship": "Outer",
          "Parallel Aware": false,
          "Startup Cost": 385069.36,
          "Total Cost": 385069.97,
          "Plan Rows": 6,
          "Plan Width": 8,
          "Actual Startup Time": 1316.42,
          "Actual Total Time": 1375.826,
          "Actual Rows": 7,
          "Actual Loops": 1,
          "Workers Planned": 6,
          "Workers Launched": 6,
          "Single Copy": false,
          "Plans": [
            {
              "Node Type": "Aggregate",
              "Strategy": "Plain",
              "Partial Mode": "Partial",
              "Parent Relationship": "Outer",
              "Parallel Aware": false,
              "Startup Cost": 384069.36,
              "Total Cost": 384069.37,
              "Plan Rows": 1,
              "Plan Width": 8,
              "Actual Startup Time": 1307.188,
              "Actual Total Time": 1307.192,
              "Actual Rows": 1,
              "Actual Loops": 7,
              "Plans": [
                {
                  "Node Type": "Hash Join",
                  "Parent Relationship": "Outer",
                  "Parallel Aware": true,
                  "Join Type": "Inner",
                  "Startup Cost": 47814.69,
                  "Total Cost": 382302.74,
                  "Plan Rows": 706651,
                  "Plan Width": 0,
                  "Actual Startup Time": 128.728,
                  "Actual Total Time": 1278.611,
                  "Actual Rows": 541174,
                  "Actual Loops": 7,
                  "Inner Unique": true,
                  "Hash Cond": "(ci.movie_id = t.id)",
                  "Plans": [
                    {
                      "Node Type": "Seq Scan",
                      "Parent Relationship": "Outer",
                      "Parallel Aware": true,
                      "Relation Name": "cast_info",
                      "Alias": "ci",
                      "Startup Cost": 0.0,
                      "Total Cost": 328211.39,
                      "Plan Rows": 2391104,
                      "Plan Width": 4,
                      "Actual Startup Time": 0.034,
                      "Actual Total Time": 627.355,
                      "Actual Rows": 2069447,
                      "Actual Loops": 7,
                      "Filter": "(person_id < 1426572)",
                      "Rows Removed by Filter": 3108316
                    },
                    {
                      "Node Type": "Hash",
                      "Parent Relationship": "Inner",
                      "Parallel Aware": true,
                      "Startup Cost": 45479.59,
                      "Total Cost": 45479.59,
                      "Plan Rows": 186808,
                      "Plan Width": 4,
                      "Actual Startup Time": 126.328,
                      "Actual Total Time": 126.33,
                      "Actual Rows": 92508,
                      "Actual Loops": 7,
                      "Hash Buckets": 1048576,
                      "Original Hash Buckets": 1048576,
                      "Hash Batches": 1,
                      "Original Hash Batches": 1,
                      "Peak Memory Usage": 33600,
                      "Plans": [
                        {
                          "Node Type": "Seq Scan",
                          "Parent Relationship": "Outer",
                          "Parallel Aware": true,
                          "Relation Name": "title",
                          "Alias": "t",
                          "Startup Cost": 0.0,
                          "Total Cost": 45479.59,
                          "Plan Rows": 186808,
                          "Plan Width": 4,
                          "Actual Startup Time": 0.037,
                          "Actual Total Time": 81.328,
                          "Actual Rows": 92508,
                          "Actual Loops": 7,
                          "Filter": "((kind_id > 1) AND (production_year < 2000))",
                          "Rows Removed by Filter": 268679
                        }
                      ]
                    }
                  ]
                }
              ]
            }
          ]
        }
      ]
    },
    "Planning Time": 0.305,
    "Triggers": [],
    "Execution Time": 1375.912
  }
]