[
  {
    "Plan": {
      "Node Type": "Aggregate",
      "Strategy": "Plain",
      "Partial Mode": "Simple",
      "Parallel Aware": false,
      "Startup Cost": 6800.06,
      "Total Cost": 6800.07,
      "Plan Rows": 1,
      "Plan Width": 8,
      "Actual Startup Time": 4.372,
      "Actual Total Time": 4.374,
      "Actual Rows": 1,
      "Actual Loops": 1,
      "Plans": [
        {
          "Node Type": "Index Scan",
          "Parent Relationship": "Outer",
          "Parallel Aware": false,
          "Scan Direction": "Forward",
          "Index Name": "company_id_movie_companies",
          "Relation Name": "movie_companies",
          "Alias": "mc",
          "Startup Cost": 0.43,
          "Total Cost": 6796.52,
          "Plan Rows": 1413,
          "Plan Width": 0,
          "Actual Startup Time": 2.322,
          "Actual Total Time": 4.198,
          "Actual Rows": 959,
          "Actual Loops": 1,
          "Index Cond": "(company_id = 3929)",
          "Rows Removed by Index Recheck": 0,
          "Filter": "(company_type_id > 1)",
          "Rows Removed by Filter": 1262
        }
      ]
    },
    "Planning Time": 0.204,
    "Triggers": [],
    "Execution Time": 4.428
  }
]