[
  {
    "Plan": {
      "Node Type": "Aggregate",
      "Strategy": "Plain",
      "Partial Mode": "Finalize",
      "Parallel Aware": false,
      "Startup Cost": 556880.28,
      "Total Cost": 556880.29,
      "Plan Rows": 1,
      "Plan Width": 8,
      "Actual Startup Time": 2359.16,
      "Actual Total Time": 2414.631,
      "Actual Rows": 1,
      "Actual Loops": 1,
      "Plans": [
        {
          "Node Type": "Gather",
          "Parent Relationship": "Outer",
          "Parallel Aware": false,
          "Startup Cost": 556879.76,
          "Total Cost": 556880.27,
          "Plan Rows": 5,
          "Plan Width": 8,
          "Actual Startup Time": 2328.13,
          "Actual Total Time": 2414.611,
          "Actual Rows": 6,
          "Actual Loops": 1,
          "Workers Planned": 5,
          "Workers Launched": 5,
          "Single Copy": false,
          "Plans": [
            {
              "Node Type": "Aggregate",
              "Strategy": "Plain",
              "Partial Mode": "Partial",
              "Parent Relationship": "Outer",
              "Parallel Aware": false,
              "Startup Cost": 555879.76,
              "Total Cost": 555879.77,
              "Plan Rows": 1,
              "Plan Width": 8,
              "Actual Startup Time": 2313.261,
              "Actual Total Time": 2313.419,
              "Actual Rows": 1,
              "Actual Loops": 6,
              "Plans": [
                {
                  "Node Type": "Hash Join",
                  "Parent Relationship": "Outer",
                  "Parallel Aware": true,
                  "Join Type": "Inner",
                  "Startup Cost": 346123.83,
                  "Total Cost": 551718.06,
                  "Plan Rows": 1664681,
                  "Plan Width": 0,
                  "Actual Startup Time": 747.97,
                  "Actual Total Time": 2138.119,
                  "Actual Rows": 3363283,
                  "Actual Loops": 6,
                  "Inner Unique": false,
                  "Hash Cond": "(mi.movie_id = t.id)",
                  "Plans": [
                    {
                      "Node Type": "Seq Scan",
                      "Parent Relationship": "Outer",
                      "Parallel Aware": true,
                      "Relation Name": "movie_info",
                      "Alias": "mi",
                      "Startup Cost": 0.0,
                      "Total Cost": 191685.19,
                      "Plan Rows": 2969219,
                      "Plan Width": 4,
                      "Actual Startup Time": 0.031,
                      "Actual Total Time": 343.559,
                      "Actual Rows": 2472620,
                      "Actual Loops": 6
                    },
                    {
                      "Node Type": "Hash",
                      "Parent Relationship": "Inner",
                      "Parallel Aware": true,
                      "Startup Cost": 343170.61,
                      "Total Cost": 343170.61,
                      "Plan Rows": 236258,
                      "Plan Width": 8,
                      "Actual Startup Time": 742.508,
                      "Actual Total Time": 742.664,
                      "Actual Rows": 249997,
                      "Actual Loops": 6,
                      "Hash Buckets": 2097152,
                      "Original Hash Buckets": 2097152,
                      "Hash Batches": 1,
                      "Original Hash Batches": 1,
                      "Peak Memory Usage": 75136,
                      "Plans": [
                        {
                          "Node Type": "Hash Join",
                          "Parent Relationship": "Outer",
                          "Parallel Aware": true,
                          "Join Type": "Inner",
                          "Startup Cost": 86422.18,
                          "Total Cost": 343170.61,
                          "Plan Rows": 236258,
                          "Plan Width": 8,
                          "Actual Startup Time": 392.68,
                          "Actual Total Time": 619.936,
                          "Actual Rows": 249997,
                          "Actual Loops": 6,
                          "Inner Unique": true,
                          "Hash Cond": "(ci.movie_id = t.id)",
                          "Plans": [
                            {
                              "Node Type": "Bitmap Heap Scan",
                              "Parent Relationship": "Outer",
                              "Parallel Aware": true,
                              "Relation Name": "cast_info",
                              "Alias": "ci",
                              "Startup Cost": 35570.95,
                              "Total Cost": 291614.51,
                              "Plan Rows": 268524,
                              "Plan Width": 4,
                              "Actual Startup Time": 91.551,
                              "Actual Total Time": 153.697,
                              "Actual Rows": 276407,
                              "Actual Loops": 6,
                              "Recheck Cond": "(person_id < 165430)",
                              "Rows Removed by Index Recheck": 0,
                              "Exact Heap Blocks": 3949,
                              "Lossy Heap Blocks": 0,
                              "Plans": [
                                {
                                  "Node Type": "Bitmap Index Scan",
                                  "Parent Relationship": "Outer",
                                  "Parallel Aware": false,
                                  "Index Name": "person_id_cast_info",
                                  "Startup Cost": 0.0,
                                  "Total Cost": 35168.17,
                                  "Plan Rows": 1611147,
                                  "Plan Width": 0,
                                  "Actual Startup Time": 87.034,
                                  "Actual Total Time": 87.034,
                                  "Actual Rows": 1658443,
                                  "Actual Loops": 1,
                                  "Index Cond": "(person_id < 165430)"
                                }
                              ]
                            },
                            {
                              "Node Type": "Hash",
                              "Parent Relationship": "Inner",
                              "Parallel Aware": true,
                              "Startup Cost": 43899.32,
                              "Total Cost": 43899.32,
                              "Plan Rows": 556152,
                              "Plan Width": 4,
                              "Actual Startup Time": 296.431,
                              "Actual Total Time": 296.432,
                              "Actual Rows": 370762,
                              "Actual Loops": 6,
                              "Hash Buckets": 4194304,
                              "Original Hash Buckets": 4194304,
                              "Hash Batches": 1,
                              "Original Hash Batches": 1,
                              "Peak Memory Usage": 119904,
                              "Plans": [
                                {
                                  "Node Type": "Seq Scan",
                                  "Parent Relationship": "Outer",
                                  "Parallel Aware": true,
                                  "Relation Name": "title",
                                  "Alias": "t",
                                  "Startup Cost": 0.0,
                                  "Total Cost": 43899.32,
                                  "Plan Rows": 556152,
                                  "Plan Width": 4,
                                  "Actual Startup Time": 0.067,
                                  "Actual Total Time": 105.072,
                                  "Actual Rows": 370762,
                                  "Actual Loops": 6,
                                  "Filter": "(production_year < 2012)",
                                  "Rows Removed by Filter": 50624
                                }
                              ]
                            }
                          ]
                        }
                      ]
                    }
                  ]
                }
              ]
            }
          ]
        }
      ]
    },
    "Planning Time": 1.315,
    "Triggers": [],
    "Execution Time": 2414.743
  }
]