[
  {
    "Plan": {
      "Node Type": "Aggregate",
      "Strategy": "Plain",
      "Partial Mode": "Finalize",
      "Parallel Aware": false,
      "Startup Cost": 80949.5,
      "Total Cost": 80949.51,
      "Plan Rows": 1,
      "Plan Width": 8,
      "Actual Startup Time": 270.348,
      "Actual Total Time": 288.633,
      "Actual Rows": 1,
      "Actual Loops": 1,
      "Plans": [
        {
          "Node Type": "Gather",
          "Parent Relationship": "Outer",
          "Parallel Aware": false,
          "Startup Cost": 80949.08,
          "Total Cost": 80949.49,
          "Plan Rows": 4,
          "Plan Width": 8,
          "Actual Startup Time": 268.424,
          "Actual Total Time": 288.624,
          "Actual Rows": 5,
          "Actual Loops": 1,
          "Workers Planned": 4,
          "Workers Launched": 4,
          "Single Copy": false,
          "Plans": [
            {
              "Node Type": "Aggregate",
              "Strategy": "Plain",
              "Partial Mode": "Partial",
              "Parent Relationship": "Outer",
              "Parallel Aware": false,
              "Startup Cost": 79949.08,
              "Total Cost": 79949.09,
              "Plan Rows": 1,
              "Plan Width": 8,
              "Actual Startup Time": 260.321,
              "Actual Total Time": 260.324,
              "Actual Rows": 1,
              "Actual Loops": 5,
              "Plans": [
                {
                  "Node Type": "Nested Loop",
                  "Parent Relationship": "Outer",
                  "Parallel Aware": false,
                  "Join Type": "Inner",
                  "Startup Cost": 27153.6,
                  "Total Cost": 79934.33,
                  "Plan Rows": 5900,
                  "Plan Width": 0,
                  "Actual Startup Time": 97.373,
                  "Actual Total Time": 258.765,
                  "Actual Rows": 27890,
                  "Actual Loops": 5,
                  "Inner Unique": false,
                  "Plans": [
                    {
                      "Node Type": "Hash Join",
                      "Parent Relationship": "Outer",
                      "Parallel Aware": true,
                      "Join Type": "Inner",
                      "Startup Cost": 27153.17,
                      "Total Cost": 73608.65,
                      "Plan Rows": 10808,
                      "Plan Width": 8,
                      "Actual Startup Time": 97.221,
                      "Actual Total Time": 206.112,
                      "Actual Rows": 13848,
                      "Actual Loops": 5,
                      "Inner Unique": false,
                      "Hash Cond": "(t.id = mc.movie_id)",
                      "Plans": [
                        {
                          "Node Type": "Seq Scan",
                          "Parent Relationship": "Outer",
                          "Parallel Aware": true,
                          "Relation Name": "title",
                          "Alias": "t",
                          "Startup Cost": 0.0,
                          "Total Cost": 45479.1,
                          "Plan Rows": 188304,
                          "Plan Width": 4,
                          "Actual Startup Time": 0.018,
                          "Actual Total Time": 72.387,
                          "Actual Rows": 158789,
                          "Actual Loops": 5,
                          "Filter": "((kind_id < 7) AND (production_year < 2010))",
                          "Rows Removed by Filter": 346874
                        },
                        {
                          "Node Type": "Hash",
                          "Parent Relationship": "Inner",
                          "Parallel Aware": true,
                          "Startup Cost": 26568.04,
                          "Total Cost": 26568.04,
                          "Plan Rows": 46811,
                          "Plan Width": 4,
                          "Actual Startup Time": 95.372,
                          "Actual Total Time": 95.373,
                          "Actual Rows": 44877,
                          "Actual Loops": 5,
                          "Hash Buckets": 262144,
                          "Original Hash Buckets": 262144,
                          "Hash Batches": 1,
                          "Original Hash Batches": 1,
                          "Peak Memory Usage": 10912,
                          "Plans": [
                            {
                              "Node Type": "Bitmap Heap Scan",
                              "Parent Relationship": "Outer",
                              "Parallel Aware": true,
                              "Relation Name": "movie_companies",
                              "Alias": "mc",
                              "Startup Cost": 6351.63,
                              "Total Cost": 26568.04,
                              "Plan Rows": 46811,
                              "Plan Width": 4,
                              "Actual Startup Time": 28.788,
                              "Actual Total Time": 74.216,
                              "Actual Rows": 44877,
                              "Actual Loops": 5,
                              "Recheck Cond": "(company_id < 160)",
                              "Rows Removed by Index Recheck": 0,
                              "Filter": "(company_type_id = 1)",
                              "Rows Removed by Filter": 13699,
                              "Exact Heap Blocks": 6496,
                              "Lossy Heap Blocks": 0,
                              "Plans": [
                                {
                                  "Node Type": "Bitmap Index Scan",
                                  "Parent Relationship": "Outer",
                                  "Parallel Aware": false,
                                  "Index Name": "company_id_movie_companies",
                                  "Startup Cost": 0.0,
                                  "Total Cost": 6315.35,
                                  "Plan Rows": 294790,
                                  "Plan Width": 0,
                                  "Actual Startup Time": 26.447,
                                  "Actual Total Time": 26.447,
                                  "Actual Rows": 292877,
                                  "Actual Loops": 1,
                                  "Index Cond": "(company_id < 160)"
                                }
                              ]
                            }
                          ]
                        }
                      ]
                    },
                    {
                      "Node Type": "Index Only Scan",
                      "Parent Relationship": "Inner",
                      "Parallel Aware": false,
                      "Scan Direction": "Forward",
                      "Index Name": "movie_id_movie_info_idx",
                      "Relation Name": "movie_info_idx",
                      "Alias": "mi_idx",
                      "Startup Cost": 0.43,
                      "Total Cost": 0.56,
                      "Plan Rows": 3,
                      "Plan Width": 4,
                      "Actual Startup Time": 0.003,
                      "Actual Total Time": 0.003,
                      "Actual Rows": 2,
                      "Actual Loops": 69240,
                      "Index Cond": "(movie_id = t.id)",
                      "Rows Removed by Index Recheck": 0,
                      "Heap Fetches": 139449
                    }
                  ]
                }
              ]
            }
          ]
        }
      ]
    },
    "Planning Time": 1.333,
    "Triggers": [],
    "Execution Time": 288.753
  }
]