[
    {
        "Bao": {
            "Bao prediction": "NaN",
            "Bao recommended hint": "(no hint)"
        }
    },
    {
        "Plan": {
            "Node Type": "Aggregate",
            "Strategy": "Plain",
            "Partial Mode": "Finalize",
            "Parallel Aware": false,
            "Startup Cost": 289856.06,
            "Total Cost": 289856.07,
            "Plan Rows": 1,
            "Plan Width": 8,
            "Actual Startup Time": 894.365,
            "Actual Total Time": 919.541,
            "Actual Rows": 1,
            "Actual Loops": 1,
            "Output": [
                "count(*)"
            ],
            "Plans": [
                {
                    "Node Type": "Gather",
                    "Parent Relationship": "Outer",
                    "Parallel Aware": false,
                    "Startup Cost": 289855.74,
                    "Total Cost": 289856.05,
                    "Plan Rows": 3,
                    "Plan Width": 8,
                    "Actual Startup Time": 883.573,
                    "Actual Total Time": 919.533,
                    "Actual Rows": 4,
                    "Actual Loops": 1,
                    "Output": [
                        "(PARTIAL count(*))"
                    ],
                    "Workers Planned": 3,
                    "Workers Launched": 3,
                    "Single Copy": false,
                    "Plans": [
                        {
                            "Node Type": "Aggregate",
                            "Strategy": "Plain",
                            "Partial Mode": "Partial",
                            "Parent Relationship": "Outer",
                            "Parallel Aware": false,
                            "Startup Cost": 288855.74,
                            "Total Cost": 288855.75,
                            "Plan Rows": 1,
                            "Plan Width": 8,
                            "Actual Startup Time": 873.918,
                            "Actual Total Time": 873.923,
                            "Actual Rows": 1,
                            "Actual Loops": 4,
                            "Output": [
                                "PARTIAL count(*)"
                            ],
                            "Workers": [
                                {
                                    "Worker Number": 0,
                                    "Actual Startup Time": 870.803,
                                    "Actual Total Time": 870.807,
                                    "Actual Rows": 1,
                                    "Actual Loops": 1
                                },
                                {
                                    "Worker Number": 1,
                                    "Actual Startup Time": 870.791,
                                    "Actual Total Time": 870.796,
                                    "Actual Rows": 1,
                                    "Actual Loops": 1
                                },
                                {
                                    "Worker Number": 2,
                                    "Actual Startup Time": 870.833,
                                    "Actual Total Time": 870.837,
                                    "Actual Rows": 1,
                                    "Actual Loops": 1
                                }
                            ],
                            "Plans": [
                                {
                                    "Node Type": "Hash Join",
                                    "Parent Relationship": "Outer",
                                    "Parallel Aware": true,
                                    "Join Type": "Inner",
                                    "Startup Cost": 243179.25,
                                    "Total Cost": 288221.21,
                                    "Plan Rows": 253811,
                                    "Plan Width": 0,
                                    "Actual Startup Time": 698.656,
                                    "Actual Total Time": 859.443,
                                    "Actual Rows": 361885,
                                    "Actual Loops": 4,
                                    "Inner Unique": false,
                                    "Hash Cond": "(mk.movie_id = t.id)",
                                    "Workers": [
                                        {
                                            "Worker Number": 0,
                                            "Actual Startup Time": 695.758,
                                            "Actual Total Time": 856.455,
                                            "Actual Rows": 358535,
                                            "Actual Loops": 1
                                        },
                                        {
                                            "Worker Number": 1,
                                            "Actual Startup Time": 695.737,
                                            "Actual Total Time": 856.327,
                                            "Actual Rows": 361857,
                                            "Actual Loops": 1
                                        },
                                        {
                                            "Worker Number": 2,
                                            "Actual Startup Time": 695.776,
                                            "Actual Total Time": 856.521,
                                            "Actual Rows": 358449,
                                            "Actual Loops": 1
                                        }
                                    ],
                                    "Plans": [
                                        {
                                            "Node Type": "Seq Scan",
                                            "Parent Relationship": "Outer",
                                            "Parallel Aware": true,
                                            "Relation Name": "movie_keyword",
                                            "Schema": "public",
                                            "Alias": "mk",
                                            "Startup Cost": 0.0,
                                            "Total Cost": 42695.65,
                                            "Plan Rows": 490317,
                                            "Plan Width": 4,
                                            "Actual Startup Time": 0.535,
                                            "Actual Total Time": 87.935,
                                            "Actual Rows": 373337,
                                            "Actual Loops": 4,
                                            "Output": [
                                                "mk.id",
                                                "mk.movie_id",
                                                "mk.keyword_id"
                                            ],
                                            "Filter": "(mk.keyword_id > 10877)",
                                            "Rows Removed by Filter": 757646,
                                            "Workers": [
                                                {
                                                    "Worker Number": 0,
                                                    "Actual Startup Time": 0.554,
                                                    "Actual Total Time": 89.08,
                                                    "Actual Rows": 370030,
                                                    "Actual Loops": 1
                                                },
                                                {
                                                    "Worker Number": 1,
                                                    "Actual Startup Time": 0.547,
                                                    "Actual Total Time": 89.406,
                                                    "Actual Rows": 373355,
                                                    "Actual Loops": 1
                                                },
                                                {
                                                    "Worker Number": 2,
                                                    "Actual Startup Time": 0.564,
                                                    "Actual Total Time": 89.506,
                                                    "Actual Rows": 370775,
                                                    "Actual Loops": 1
                                                }
                                            ]
                                        },
                                        {
                                            "Node Type": "Hash",
                                            "Parent Relationship": "Inner",
                                            "Parallel Aware": true,
                                            "Startup Cost": 239907.31,
                                            "Total Cost": 239907.31,
                                            "Plan Rows": 261755,
                                            "Plan Width": 8,
                                            "Actual Startup Time": 693.142,
                                            "Actual Total Time": 693.146,
                                            "Actual Rows": 322232,
                                            "Actual Loops": 4,
                                            "Output": [
                                                "t.id",
                                                "mi.movie_id"
                                            ],
                                            "Hash Buckets": 2097152,
                                            "Original Hash Buckets": 2097152,
                                            "Hash Batches": 1,
                                            "Original Hash Batches": 1,
                                            "Peak Memory Usage": 66848,
                                            "Workers": [
                                                {
                                                    "Worker Number": 0,
                                                    "Actual Startup Time": 694.774,
                                                    "Actual Total Time": 694.777,
                                                    "Actual Rows": 324146,
                                                    "Actual Loops": 1
                                                },
                                                {
                                                    "Worker Number": 1,
                                                    "Actual Startup Time": 694.781,
                                                    "Actual Total Time": 694.785,
                                                    "Actual Rows": 328697,
                                                    "Actual Loops": 1
                                                },
                                                {
                                                    "Worker Number": 2,
                                                    "Actual Startup Time": 694.806,
                                                    "Actual Total Time": 694.809,
                                                    "Actual Rows": 323809,
                                                    "Actual Loops": 1
                                                }
                                            ],
                                            "Plans": [
                                                {
                                                    "Node Type": "Hash Join",
                                                    "Parent Relationship": "Outer",
                                                    "Parallel Aware": true,
                                                    "Join Type": "Inner",
                                                    "Startup Cost": 73955.26,
                                                    "Total Cost": 239907.31,
                                                    "Plan Rows": 261755,
                                                    "Plan Width": 8,
                                                    "Actual Startup Time": 391.978,
                                                    "Actual Total Time": 580.565,
                                                    "Actual Rows": 322232,
                                                    "Actual Loops": 4,
                                                    "Output": [
                                                        "t.id",
                                                        "mi.movie_id"
                                                    ],
                                                    "Inner Unique": true,
                                                    "Hash Cond": "(mi.movie_id = t.id)",
                                                    "Workers": [
                                                        {
                                                            "Worker Number": 0,
                                                            "Actual Startup Time": 392.113,
                                                            "Actual Total Time": 580.075,
                                                            "Actual Rows": 324146,
                                                            "Actual Loops": 1
                                                        },
                                                        {
                                                            "Worker Number": 1,
                                                            "Actual Startup Time": 391.934,
                                                            "Actual Total Time": 580.082,
                                                            "Actual Rows": 328697,
                                                            "Actual Loops": 1
                                                        },
                                                        {
                                                            "Worker Number": 2,
                                                            "Actual Startup Time": 392.008,
                                                            "Actual Total Time": 580.354,
                                                            "Actual Rows": 323809,
                                                            "Actual Loops": 1
                                                        }
                                                    ],
                                                    "Plans": [
                                                        {
                                                            "Node Type": "Bitmap Heap Scan",
                                                            "Parent Relationship": "Outer",
                                                            "Parallel Aware": true,
                                                            "Relation Name": "movie_info",
                                                            "Schema": "public",
                                                            "Alias": "mi",
                                                            "Startup Cost": 23735.46,
                                                            "Total Cost": 189000.4,
                                                            "Plan Rows": 261755,
                                                            "Plan Width": 4,
                                                            "Actual Startup Time": 66.785,
                                                            "Actual Total Time": 102.053,
                                                            "Actual Rows": 322232,
                                                            "Actual Loops": 4,
                                                            "Output": [
                                                                "mi.id",
                                                                "mi.movie_id",
                                                                "mi.info_type_id",
                                                                "mi.info",
                                                                "mi.note"
                                                            ],
                                                            "Recheck Cond": "(mi.info_type_id = 2)",
                                                            "Rows Removed by Index Recheck": 0,
                                                            "Exact Heap Blocks": 2077,
                                                            "Lossy Heap Blocks": 0,
                                                            "Workers": [
                                                                {
                                                                    "Worker Number": 0,
                                                                    "Actual Startup Time": 66.904,
                                                                    "Actual Total Time": 103.419,
                                                                    "Actual Rows": 324146,
                                                                    "Actual Loops": 1
                                                                },
                                                                {
                                                                    "Worker Number": 1,
                                                                    "Actual Startup Time": 66.728,
                                                                    "Actual Total Time": 103.667,
                                                                    "Actual Rows": 328697,
                                                                    "Actual Loops": 1
                                                                },
                                                                {
                                                                    "Worker Number": 2,
                                                                    "Actual Startup Time": 66.824,
                                                                    "Actual Total Time": 103.568,
                                                                    "Actual Rows": 323809,
                                                                    "Actual Loops": 1
                                                                }
                                                            ],
                                                            "Plans": [
                                                                {
                                                                    "Node Type": "Bitmap Index Scan",
                                                                    "Parent Relationship": "Outer",
                                                                    "Parallel Aware": false,
                                                                    "Index Name": "info_type_id_movie_info",
                                                                    "Startup Cost": 0.0,
                                                                    "Total Cost": 23408.26,
                                                                    "Plan Rows": 1308777,
                                                                    "Plan Width": 0,
                                                                    "Actual Startup Time": 65.477,
                                                                    "Actual Total Time": 65.477,
                                                                    "Actual Rows": 1288928,
                                                                    "Actual Loops": 1,
                                                                    "Index Cond": "(mi.info_type_id = 2)"
                                                                }
                                                            ]
                                                        },
                                                        {
                                                            "Node Type": "Hash",
                                                            "Parent Relationship": "Inner",
                                                            "Parallel Aware": true,
                                                            "Startup Cost": 42318.81,
                                                            "Total Cost": 42318.81,
                                                            "Plan Rows": 632080,
                                                            "Plan Width": 4,
                                                            "Actual Startup Time": 318.706,
                                                            "Actual Total Time": 318.707,
                                                            "Actual Rows": 632078,
                                                            "Actual Loops": 4,
                                                            "Output": [
                                                                "t.id"
                                                            ],
                                                            "Hash Buckets": 4194304,
                                                            "Original Hash Buckets": 4194304,
                                                            "Hash Batches": 1,
                                                            "Original Hash Batches": 1,
                                                            "Peak Memory Usage": 131744,
                                                            "Workers": [
                                                                {
                                                                    "Worker Number": 0,
                                                                    "Actual Startup Time": 324.921,
                                                                    "Actual Total Time": 324.922,
                                                                    "Actual Rows": 607172,
                                                                    "Actual Loops": 1
                                                                },
                                                                {
                                                                    "Worker Number": 1,
                                                                    "Actual Startup Time": 324.923,
                                                                    "Actual Total Time": 324.924,
                                                                    "Actual Rows": 622146,
                                                                    "Actual Loops": 1
                                                                },
                                                                {
                                                                    "Worker Number": 2,
                                                                    "Actual Startup Time": 324.904,
                                                                    "Actual Total Time": 324.905,
                                                                    "Actual Rows": 613094,
                                                                    "Actual Loops": 1
                                                                }
                                                            ],
                                                            "Plans": [
                                                                {
                                                                    "Node Type": "Seq Scan",
                                                                    "Parent Relationship": "Outer",
                                                                    "Parallel Aware": true,
                                                                    "Relation Name": "title",
                                                                    "Schema": "public",
                                                                    "Alias": "t",
                                                                    "Startup Cost": 0.0,
                                                                    "Total Cost": 42318.81,
                                                                    "Plan Rows": 632080,
                                                                    "Plan Width": 4,
                                                                    "Actual Startup Time": 0.037,
                                                                    "Actual Total Time": 86.02,
                                                                    "Actual Rows": 632078,
                                                                    "Actual Loops": 4,
                                                                    "Output": [
                                                                        "t.id"
                                                                    ],
                                                                    "Workers": [
                                                                        {
                                                                            "Worker Number": 0,
                                                                            "Actual Startup Time": 0.046,
                                                                            "Actual Total Time": 90.477,
                                                                            "Actual Rows": 607172,
                                                                            "Actual Loops": 1
                                                                        },
                                                                        {
                                                                            "Worker Number": 1,
                                                                            "Actual Startup Time": 0.044,
                                                                            "Actual Total Time": 90.755,
                                                                            "Actual Rows": 622146,
                                                                            "Actual Loops": 1
                                                                        },
                                                                        {
                                                                            "Worker Number": 2,
                                                                            "Actual Startup Time": 0.046,
                                                                            "Actual Total Time": 90.545,
                                                                            "Actual Rows": 613094,
                                                                            "Actual Loops": 1
                                                                        }
                                                                    ]
                                                                }
                                                            ]
                                                        }
                                                    ]
                                                }
                                            ]
                                        }
                                    ]
                                }
                            ]
                        }
                    ]
                }
            ]
        },
        "Planning Time": 200.978,
        "Triggers": [],
        "Execution Time": 919.624
    }
]