[
  {
    "Plan": {
      "Node Type": "Aggregate",
      "Strategy": "Plain",
      "Partial Mode": "Finalize",
      "Parallel Aware": false,
      "Startup Cost": 396566.6,
      "Total Cost": 396566.61,
      "Plan Rows": 1,
      "Plan Width": 8,
      "Actual Startup Time": 1584.869,
      "Actual Total Time": 1681.833,
      "Actual Rows": 1,
      "Actual Loops": 1,
      "Plans": [
        {
          "Node Type": "Gather",
          "Parent Relationship": "Outer",
          "Parallel Aware": false,
          "Startup Cost": 396566.08,
          "Total Cost": 396566.59,
          "Plan Rows": 5,
          "Plan Width": 8,
          "Actual Startup Time": 1582.508,
          "Actual Total Time": 1681.822,
          "Actual Rows": 6,
          "Actual Loops": 1,
          "Workers Planned": 5,
          "Workers Launched": 5,
          "Single Copy": false,
          "Plans": [
            {
              "Node Type": "Aggregate",
              "Strategy": "Plain",
              "Partial Mode": "Partial",
              "Parent Relationship": "Outer",
              "Parallel Aware": false,
              "Startup Cost": 395566.08,
              "Total Cost": 395566.09,
              "Plan Rows": 1,
              "Plan Width": 8,
              "Actual Startup Time": 1572.252,
              "Actual Total Time": 1572.256,
              "Actual Rows": 1,
              "Actual Loops": 6,
              "Plans": [
                {
                  "Node Type": "Nested Loop",
                  "Parent Relationship": "Outer",
                  "Parallel Aware": false,
                  "Join Type": "Inner",
                  "Startup Cost": 45724.11,
                  "Total Cost": 392744.91,
                  "Plan Rows": 1128466,
                  "Plan Width": 0,
                  "Actual Startup Time": 89.777,
                  "Actual Total Time": 1528.806,
                  "Actual Rows": 892355,
                  "Actual Loops": 6,
                  "Inner Unique": false,
                  "Join Filter": "(t.id = ci.movie_id)",
                  "Rows Removed by Join Filter": 0,
                  "Plans": [
                    {
                      "Node Type": "Hash Join",
                      "Parent Relationship": "Outer",
                      "Parallel Aware": true,
                      "Join Type": "Inner",
                      "Startup Cost": 45723.55,
                      "Total Cost": 251357.27,
                      "Plan Rows": 78754,
                      "Plan Width": 8,
                      "Actual Startup Time": 89.653,
                      "Actual Total Time": 643.698,
                      "Actual Rows": 29434,
                      "Actual Loops": 6,
                      "Inner Unique": true,
                      "Hash Cond": "(mi.movie_id = t.id)",
                      "Plans": [
                        {
                          "Node Type": "Seq Scan",
                          "Parent Relationship": "Outer",
                          "Parallel Aware": true,
                          "Relation Name": "movie_info",
                          "Alias": "mi",
                          "Startup Cost": 0.0,
                          "Total Cost": 198952.16,
                          "Plan Rows": 2545353,
                          "Plan Width": 4,
                          "Actual Startup Time": 0.032,
                          "Actual Total Time": 333.356,
                          "Actual Rows": 2124109,
                          "Actual Loops": 6,
                          "Filter": "(info_type_id > 2)",
                          "Rows Removed by Filter": 348511
                        },
                        {
                          "Node Type": "Hash",
                          "Parent Relationship": "Inner",
                          "Parallel Aware": true,
                          "Startup Cost": 45479.1,
                          "Total Cost": 45479.1,
                          "Plan Rows": 19556,
                          "Plan Width": 4,
                          "Actual Startup Time": 87.479,
                          "Actual Total Time": 87.48,
                          "Actual Rows": 14114,
                          "Actual Loops": 6,
                          "Hash Buckets": 131072,
                          "Original Hash Buckets": 131072,
                          "Hash Batches": 1,
                          "Original Hash Batches": 1,
                          "Peak Memory Usage": 4448,
                          "Plans": [
                            {
                              "Node Type": "Seq Scan",
                              "Parent Relationship": "Outer",
                              "Parallel Aware": true,
                              "Relation Name": "title",
                              "Alias": "t",
                              "Startup Cost": 0.0,
                              "Total Cost": 45479.1,
                              "Plan Rows": 19556,
                              "Plan Width": 4,
                              "Actual Startup Time": 0.052,
                              "Actual Total Time": 79.919,
                              "Actual Rows": 14114,
                              "Actual Loops": 6,
                              "Filter": "((kind_id = 7) AND (production_year = 2009))",
                              "Rows Removed by Filter": 407271
                            }
                          ]
                        }
                      ]
                    },
                    {
                      "Node Type": "Index Only Scan",
                      "Parent Relationship": "Inner",
                      "Parallel Aware": false,
                      "Scan Direction": "Forward",
                      "Index Name": "movie_id_cast_info",
                      "Relation Name": "cast_info",
                      "Alias": "ci",
                      "Startup Cost": 0.56,
                      "Total Cost": 1.33,
                      "Plan Rows": 37,
                      "Plan Width": 4,
                      "Actual Startup Time": 0.005,
                      "Actual Total Time": 0.027,
                      "Actual Rows": 30,
                      "Actual Loops": 176603,
                      "Index Cond": "(movie_id = mi.movie_id)",
                      "Rows Removed by Index Recheck": 0,
                      "Heap Fetches": 5354131
                    }
                  ]
                }
              ]
            }
          ]
        }
      ]
    },
    "Planning Time": 1.5,
    "Triggers": [],
    "Execution Time": 1681.959
  }
]