[
  {
    "Plan": {
      "Node Type": "Aggregate",
      "Strategy": "Plain",
      "Partial Mode": "Finalize",
      "Parallel Aware": false,
      "Startup Cost": 33258.19,
      "Total Cost": 33258.2,
      "Plan Rows": 1,
      "Plan Width": 8,
      "Actual Startup Time": 100.475,
      "Actual Total Time": 107.981,
      "Actual Rows": 1,
      "Actual Loops": 1,
      "Plans": [
        {
          "Node Type": "Gather",
          "Parent Relationship": "Outer",
          "Parallel Aware": false,
          "Startup Cost": 33257.87,
          "Total Cost": 33258.18,
          "Plan Rows": 3,
          "Plan Width": 8,
          "Actual Startup Time": 100.321,
          "Actual Total Time": 107.972,
          "Actual Rows": 4,
          "Actual Loops": 1,
          "Workers Planned": 3,
          "Workers Launched": 3,
          "Single Copy": false,
          "Plans": [
            {
              "Node Type": "Aggregate",
              "Strategy": "Plain",
              "Partial Mode": "Partial",
              "Parent Relationship": "Outer",
              "Parallel Aware": false,
              "Startup Cost": 32257.87,
              "Total Cost": 32257.88,
              "Plan Rows": 1,
              "Plan Width": 8,
              "Actual Startup Time": 93.494,
              "Actual Total Time": 93.495,
              "Actual Rows": 1,
              "Actual Loops": 4,
              "Plans": [
                {
                  "Node Type": "Seq Scan",
                  "Parent Relationship": "Outer",
                  "Parallel Aware": true,
                  "Relation Name": "movie_companies",
                  "Alias": "mc",
                  "Startup Cost": 0.0,
                  "Total Cost": 31414.82,
                  "Plan Rows": 337221,
                  "Plan Width": 0,
                  "Actual Startup Time": 0.098,
                  "Actual Total Time": 80.847,
                  "Actual Rows": 231960,
                  "Actual Loops": 4,
                  "Filter": "((company_id > 398) AND (company_type_id < 2))",
                  "Rows Removed by Filter": 420322
                }
              ]
            }
          ]
        }
      ]
    },
    "Planning Time": 0.223,
    "Triggers": [],
    "Execution Time": 108.037
  }
]