[
  {
    "Plan": {
      "Node Type": "Aggregate",
      "Strategy": "Plain",
      "Partial Mode": "Finalize",
      "Parallel Aware": false,
      "Startup Cost": 33265.12,
      "Total Cost": 33265.13,
      "Plan Rows": 1,
      "Plan Width": 8,
      "Actual Startup Time": 104.652,
      "Actual Total Time": 112.987,
      "Actual Rows": 1,
      "Actual Loops": 1,
      "Plans": [
        {
          "Node Type": "Gather",
          "Parent Relationship": "Outer",
          "Parallel Aware": false,
          "Startup Cost": 33264.81,
          "Total Cost": 33265.12,
          "Plan Rows": 3,
          "Plan Width": 8,
          "Actual Startup Time": 104.443,
          "Actual Total Time": 112.979,
          "Actual Rows": 4,
          "Actual Loops": 1,
          "Workers Planned": 3,
          "Workers Launched": 3,
          "Single Copy": false,
          "Plans": [
            {
              "Node Type": "Aggregate",
              "Strategy": "Plain",
              "Partial Mode": "Partial",
              "Parent Relationship": "Outer",
              "Parallel Aware": false,
              "Startup Cost": 32264.81,
              "Total Cost": 32264.82,
              "Plan Rows": 1,
              "Plan Width": 8,
              "Actual Startup Time": 96.371,
              "Actual Total Time": 96.372,
              "Actual Rows": 1,
              "Actual Loops": 4,
              "Plans": [
                {
                  "Node Type": "Seq Scan",
                  "Parent Relationship": "Outer",
                  "Parallel Aware": true,
                  "Relation Name": "movie_companies",
                  "Alias": "mc",
                  "Startup Cost": 0.0,
                  "Total Cost": 31414.82,
                  "Plan Rows": 339995,
                  "Plan Width": 0,
                  "Actual Startup Time": 0.224,
                  "Actual Total Time": 83.792,
                  "Actual Rows": 231960,
                  "Actual Loops": 4,
                  "Filter": "((company_id > 398) AND (company_type_id < 2))",
                  "Rows Removed by Filter": 420322
                }
              ]
            }
          ]
        }
      ]
    },
    "Planning Time": 0.222,
    "Triggers": [],
    "Execution Time": 113.046
  }
]