[
  {
    "Plan": {
      "Node Type": "Aggregate",
      "Strategy": "Plain",
      "Partial Mode": "Finalize",
      "Parallel Aware": false,
      "Startup Cost": 255913.74,
      "Total Cost": 255913.75,
      "Plan Rows": 1,
      "Plan Width": 8,
      "Actual Startup Time": 1186.61,
      "Actual Total Time": 1237.401,
      "Actual Rows": 1,
      "Actual Loops": 1,
      "Plans": [
        {
          "Node Type": "Gather",
          "Parent Relationship": "Outer",
          "Parallel Aware": false,
          "Startup Cost": 255913.22,
          "Total Cost": 255913.73,
          "Plan Rows": 5,
          "Plan Width": 8,
          "Actual Startup Time": 1180.308,
          "Actual Total Time": 1237.383,
          "Actual Rows": 6,
          "Actual Loops": 1,
          "Workers Planned": 5,
          "Workers Launched": 5,
          "Single Copy": false,
          "Plans": [
            {
              "Node Type": "Aggregate",
              "Strategy": "Plain",
              "Partial Mode": "Partial",
              "Parent Relationship": "Outer",
              "Parallel Aware": false,
              "Startup Cost": 254913.22,
              "Total Cost": 254913.23,
              "Plan Rows": 1,
              "Plan Width": 8,
              "Actual Startup Time": 1159.933,
              "Actual Total Time": 1159.939,
              "Actual Rows": 1,
              "Actual Loops": 6,
              "Plans": [
                {
                  "Node Type": "Hash Join",
                  "Parent Relationship": "Outer",
                  "Parallel Aware": true,
                  "Join Type": "Inner",
                  "Startup Cost": 48044.05,
                  "Total Cost": 252327.69,
                  "Plan Rows": 1034211,
                  "Plan Width": 0,
                  "Actual Startup Time": 270.108,
                  "Actual Total Time": 1122.63,
                  "Actual Rows": 717696,
                  "Actual Loops": 6,
                  "Inner Unique": true,
                  "Hash Cond": "(mi.movie_id = t.id)",
                  "Plans": [
                    {
                      "Node Type": "Seq Scan",
                      "Parent Relationship": "Outer",
                      "Parallel Aware": true,
                      "Relation Name": "movie_info",
                      "Alias": "mi",
                      "Startup Cost": 0.0,
                      "Total Cost": 199108.24,
                      "Plan Rows": 1971577,
                      "Plan Width": 4,
                      "Actual Startup Time": 20.743,
                      "Actual Total Time": 434.449,
                      "Actual Rows": 1651959,
                      "Actual Loops": 6,
                      "Filter": "(info_type_id > 4)",
                      "Rows Removed by Filter": 820661
                    },
                    {
                      "Node Type": "Hash",
                      "Parent Relationship": "Inner",
                      "Parallel Aware": true,
                      "Startup Cost": 43899.32,
                      "Total Cost": 43899.32,
                      "Plan Rows": 331578,
                      "Plan Width": 4,
                      "Actual Startup Time": 242.368,
                      "Actual Total Time": 242.37,
                      "Actual Rows": 220477,
                      "Actual Loops": 6,
                      "Hash Buckets": 2097152,
                      "Original Hash Buckets": 2097152,
                      "Hash Batches": 1,
                      "Original Hash Batches": 1,
                      "Peak Memory Usage": 68224,
                      "Plans": [
                        {
                          "Node Type": "Seq Scan",
                          "Parent Relationship": "Outer",
                          "Parallel Aware": true,
                          "Relation Name": "title",
                          "Alias": "t",
                          "Startup Cost": 0.0,
                          "Total Cost": 43899.32,
                          "Plan Rows": 331578,
                          "Plan Width": 4,
                          "Actual Startup Time": 0.051,
                          "Actual Total Time": 114.058,
                          "Actual Rows": 220477,
                          "Actual Loops": 6,
                          "Filter": "(production_year > 2001)",
                          "Rows Removed by Filter": 200908
                        }
                      ]
                    }
                  ]
                }
              ]
            }
          ]
        }
      ]
    },
    "Planning Time": 0.803,
    "Triggers": [],
    "Execution Time": 1237.492
  }
]