[
  {
    "Plan": {
      "Node Type": "Aggregate",
      "Strategy": "Plain",
      "Partial Mode": "Finalize",
      "Parallel Aware": false,
      "Startup Cost": 45475.74,
      "Total Cost": 45475.75,
      "Plan Rows": 1,
      "Plan Width": 8,
      "Actual Startup Time": 144.633,
      "Actual Total Time": 158.332,
      "Actual Rows": 1,
      "Actual Loops": 1,
      "Plans": [
        {
          "Node Type": "Gather",
          "Parent Relationship": "Outer",
          "Parallel Aware": false,
          "Startup Cost": 45475.42,
          "Total Cost": 45475.73,
          "Plan Rows": 3,
          "Plan Width": 8,
          "Actual Startup Time": 144.435,
          "Actual Total Time": 158.322,
          "Actual Rows": 4,
          "Actual Loops": 1,
          "Workers Planned": 3,
          "Workers Launched": 3,
          "Single Copy": false,
          "Plans": [
            {
              "Node Type": "Aggregate",
              "Strategy": "Plain",
              "Partial Mode": "Partial",
              "Parent Relationship": "Outer",
              "Parallel Aware": false,
              "Startup Cost": 44475.42,
              "Total Cost": 44475.43,
              "Plan Rows": 1,
              "Plan Width": 8,
              "Actual Startup Time": 137.186,
              "Actual Total Time": 137.188,
              "Actual Rows": 1,
              "Actual Loops": 4,
              "Plans": [
                {
                  "Node Type": "Seq Scan",
                  "Parent Relationship": "Outer",
                  "Parallel Aware": true,
                  "Relation Name": "movie_keyword",
                  "Alias": "mk",
                  "Startup Cost": 0.0,
                  "Total Cost": 42695.65,
                  "Plan Rows": 711906,
                  "Plan Width": 0,
                  "Actual Startup Time": 0.744,
                  "Actual Total Time": 112.011,
                  "Actual Rows": 548846,
                  "Actual Loops": 4,
                  "Filter": "(keyword_id > 5111)",
                  "Rows Removed by Filter": 582136
                }
              ]
            }
          ]
        }
      ]
    },
    "Planning Time": 0.174,
    "Triggers": [],
    "Execution Time": 158.385
  }
]