[
  {
    "Plan": {
      "Node Type": "Aggregate",
      "Strategy": "Plain",
      "Partial Mode": "Finalize",
      "Parallel Aware": false,
      "Startup Cost": 45467.48,
      "Total Cost": 45467.49,
      "Plan Rows": 1,
      "Plan Width": 8,
      "Actual Startup Time": 152.322,
      "Actual Total Time": 161.759,
      "Actual Rows": 1,
      "Actual Loops": 1,
      "Plans": [
        {
          "Node Type": "Gather",
          "Parent Relationship": "Outer",
          "Parallel Aware": false,
          "Startup Cost": 45467.16,
          "Total Cost": 45467.47,
          "Plan Rows": 3,
          "Plan Width": 8,
          "Actual Startup Time": 152.177,
          "Actual Total Time": 161.748,
          "Actual Rows": 4,
          "Actual Loops": 1,
          "Workers Planned": 3,
          "Workers Launched": 3,
          "Single Copy": false,
          "Plans": [
            {
              "Node Type": "Aggregate",
              "Strategy": "Plain",
              "Partial Mode": "Partial",
              "Parent Relationship": "Outer",
              "Parallel Aware": false,
              "Startup Cost": 44467.16,
              "Total Cost": 44467.17,
              "Plan Rows": 1,
              "Plan Width": 8,
              "Actual Startup Time": 144.134,
              "Actual Total Time": 144.135,
              "Actual Rows": 1,
              "Actual Loops": 4,
              "Plans": [
                {
                  "Node Type": "Seq Scan",
                  "Parent Relationship": "Outer",
                  "Parallel Aware": true,
                  "Relation Name": "movie_keyword",
                  "Alias": "mk",
                  "Startup Cost": 0.0,
                  "Total Cost": 42695.65,
                  "Plan Rows": 708604,
                  "Plan Width": 0,
                  "Actual Startup Time": 0.784,
                  "Actual Total Time": 118.531,
                  "Actual Rows": 548846,
                  "Actual Loops": 4,
                  "Filter": "(keyword_id > 5111)",
                  "Rows Removed by Filter": 582136
                }
              ]
            }
          ]
        }
      ]
    },
    "Planning Time": 0.188,
    "Triggers": [],
    "Execution Time": 161.815
  }
]