[
  {
    "Plan": {
      "Node Type": "Aggregate",
      "Strategy": "Plain",
      "Partial Mode": "Finalize",
      "Parallel Aware": false,
      "Startup Cost": 128442.3,
      "Total Cost": 128442.31,
      "Plan Rows": 1,
      "Plan Width": 8,
      "Actual Startup Time": 709.117,
      "Actual Total Time": 732.184,
      "Actual Rows": 1,
      "Actual Loops": 1,
      "Plans": [
        {
          "Node Type": "Gather",
          "Parent Relationship": "Outer",
          "Parallel Aware": false,
          "Startup Cost": 128441.98,
          "Total Cost": 128442.29,
          "Plan Rows": 3,
          "Plan Width": 8,
          "Actual Startup Time": 685.161,
          "Actual Total Time": 732.17,
          "Actual Rows": 4,
          "Actual Loops": 1,
          "Workers Planned": 3,
          "Workers Launched": 3,
          "Single Copy": false,
          "Plans": [
            {
              "Node Type": "Aggregate",
              "Strategy": "Plain",
              "Partial Mode": "Partial",
              "Parent Relationship": "Outer",
              "Parallel Aware": false,
              "Startup Cost": 127441.98,
              "Total Cost": 127441.99,
              "Plan Rows": 1,
              "Plan Width": 8,
              "Actual Startup Time": 678.193,
              "Actual Total Time": 678.202,
              "Actual Rows": 1,
              "Actual Loops": 4,
              "Plans": [
                {
                  "Node Type": "Hash Join",
                  "Parent Relationship": "Outer",
                  "Parallel Aware": true,
                  "Join Type": "Inner",
                  "Startup Cost": 82558.47,
                  "Total Cost": 127325.37,
                  "Plan Rows": 46645,
                  "Plan Width": 0,
                  "Actual Startup Time": 506.964,
                  "Actual Total Time": 667.963,
                  "Actual Rows": 235474,
                  "Actual Loops": 4,
                  "Inner Unique": false,
                  "Hash Cond": "(mk.movie_id = t.id)",
                  "Plans": [
                    {
                      "Node Type": "Seq Scan",
                      "Parent Relationship": "Outer",
                      "Parallel Aware": true,
                      "Relation Name": "movie_keyword",
                      "Alias": "mk",
                      "Startup Cost": 0.0,
                      "Total Cost": 42695.65,
                      "Plan Rows": 512207,
                      "Plan Width": 4,
                      "Actual Startup Time": 0.594,
                      "Actual Total Time": 101.294,
                      "Actual Rows": 395106,
                      "Actual Loops": 4,
                      "Filter": "(keyword_id > 9849)",
                      "Rows Removed by Filter": 735877
                    },
                    {
                      "Node Type": "Hash",
                      "Parent Relationship": "Inner",
                      "Parallel Aware": true,
                      "Startup Cost": 81630.03,
                      "Total Cost": 81630.03,
                      "Plan Rows": 74275,
                      "Plan Width": 8,
                      "Actual Startup Time": 505.184,
                      "Actual Total Time": 505.191,
                      "Actual Rows": 86537,
                      "Actual Loops": 4,
                      "Hash Buckets": 524288,
                      "Original Hash Buckets": 262144,
                      "Hash Batches": 1,
                      "Original Hash Batches": 1,
                      "Peak Memory Usage": 19776,
                      "Plans": [
                        {
                          "Node Type": "Hash Join",
                          "Parent Relationship": "Outer",
                          "Parallel Aware": true,
                          "Join Type": "Inner",
                          "Startup Cost": 60366.36,
                          "Total Cost": 81630.03,
                          "Plan Rows": 74275,
                          "Plan Width": 8,
                          "Actual Startup Time": 376.75,
                          "Actual Total Time": 469.472,
                          "Actual Rows": 86537,
                          "Actual Loops": 4,
                          "Inner Unique": true,
                          "Hash Cond": "(mc.movie_id = t.id)",
                          "Plans": [
                            {
                              "Node Type": "Bitmap Heap Scan",
                              "Parent Relationship": "Outer",
                              "Parallel Aware": true,
                              "Relation Name": "movie_companies",
                              "Alias": "mc",
                              "Startup Cost": 10145.98,
                              "Total Cost": 31214.67,
                              "Plan Rows": 74275,
                              "Plan Width": 4,
                              "Actual Startup Time": 22.009,
                              "Actual Total Time": 65.559,
                              "Actual Rows": 86537,
                              "Actual Loops": 4,
                              "Recheck Cond": "(company_id < 398)",
                              "Rows Removed by Index Recheck": 0,
                              "Filter": "(company_type_id < 2)",
                              "Rows Removed by Filter": 29322,
                              "Exact Heap Blocks": 5809,
                              "Lossy Heap Blocks": 0,
                              "Plans": [
                                {
                                  "Node Type": "Bitmap Index Scan",
                                  "Parent Relationship": "Outer",
                                  "Parallel Aware": false,
                                  "Index Name": "company_id_movie_companies",
                                  "Startup Cost": 0.0,
                                  "Total Cost": 10088.41,
                                  "Plan Rows": 470931,
                                  "Plan Width": 0,
                                  "Actual Startup Time": 19.39,
                                  "Actual Total Time": 19.391,
                                  "Actual Rows": 463436,
                                  "Actual Loops": 1,
                                  "Index Cond": "(company_id < 398)"
                                }
                              ]
                            },
                            {
                              "Node Type": "Hash",
                              "Parent Relationship": "Inner",
                              "Parallel Aware": true,
                              "Startup Cost": 42319.06,
                              "Total Cost": 42319.06,
                              "Plan Rows": 632106,
                              "Plan Width": 4,
                              "Actual Startup Time": 347.054,
                              "Actual Total Time": 347.055,
                              "Actual Rows": 632078,
                              "Actual Loops": 4,
                              "Hash Buckets": 4194304,
                              "Original Hash Buckets": 4194304,
                              "Hash Batches": 1,
                              "Original Hash Batches": 1,
                              "Peak Memory Usage": 131744,
                              "Plans": [
                                {
                                  "Node Type": "Seq Scan",
                                  "Parent Relationship": "Outer",
                                  "Parallel Aware": true,
                                  "Relation Name": "title",
                                  "Alias": "t",
                                  "Startup Cost": 0.0,
                                  "Total Cost": 42319.06,
                                  "Plan Rows": 632106,
                                  "Plan Width": 4,
                                  "Actual Startup Time": 0.028,
                                  "Actual Total Time": 100.102,
                                  "Actual Rows": 632078,
                                  "Actual Loops": 4
                                }
                              ]
                            }
                          ]
                        }
                      ]
                    }
                  ]
                }
              ]
            }
          ]
        }
      ]
    },
    "Planning Time": 0.633,
    "Triggers": [],
    "Execution Time": 732.245
  }
]