[
  {
    "Plan": {
      "Node Type": "Aggregate",
      "Strategy": "Plain",
      "Partial Mode": "Finalize",
      "Parallel Aware": false,
      "Startup Cost": 124277.44,
      "Total Cost": 124277.45,
      "Plan Rows": 1,
      "Plan Width": 8,
      "Actual Startup Time": 530.596,
      "Actual Total Time": 550.953,
      "Actual Rows": 1,
      "Actual Loops": 1,
      "Plans": [
        {
          "Node Type": "Gather",
          "Parent Relationship": "Outer",
          "Parallel Aware": false,
          "Startup Cost": 124277.13,
          "Total Cost": 124277.44,
          "Plan Rows": 3,
          "Plan Width": 8,
          "Actual Startup Time": 528.293,
          "Actual Total Time": 550.943,
          "Actual Rows": 4,
          "Actual Loops": 1,
          "Workers Planned": 3,
          "Workers Launched": 3,
          "Single Copy": false,
          "Plans": [
            {
              "Node Type": "Aggregate",
              "Strategy": "Plain",
              "Partial Mode": "Partial",
              "Parent Relationship": "Outer",
              "Parallel Aware": false,
              "Startup Cost": 123277.13,
              "Total Cost": 123277.14,
              "Plan Rows": 1,
              "Plan Width": 8,
              "Actual Startup Time": 518.641,
              "Actual Total Time": 518.812,
              "Actual Rows": 1,
              "Actual Loops": 4,
              "Plans": [
                {
                  "Node Type": "Hash Join",
                  "Parent Relationship": "Outer",
                  "Parallel Aware": true,
                  "Join Type": "Inner",
                  "Startup Cost": 78447.39,
                  "Total Cost": 123161.54,
                  "Plan Rows": 46234,
                  "Plan Width": 0,
                  "Actual Startup Time": 358.392,
                  "Actual Total Time": 509.459,
                  "Actual Rows": 235474,
                  "Actual Loops": 4,
                  "Inner Unique": false,
                  "Hash Cond": "(mk.movie_id = t.id)",
                  "Plans": [
                    {
                      "Node Type": "Seq Scan",
                      "Parent Relationship": "Outer",
                      "Parallel Aware": true,
                      "Relation Name": "movie_keyword",
                      "Alias": "mk",
                      "Startup Cost": 0.0,
                      "Total Cost": 42695.65,
                      "Plan Rows": 507446,
                      "Plan Width": 4,
                      "Actual Startup Time": 0.589,
                      "Actual Total Time": 93.218,
                      "Actual Rows": 395106,
                      "Actual Loops": 4,
                      "Filter": "(keyword_id > 9849)",
                      "Rows Removed by Filter": 735877
                    },
                    {
                      "Node Type": "Hash",
                      "Parent Relationship": "Inner",
                      "Parallel Aware": true,
                      "Startup Cost": 77727.54,
                      "Total Cost": 77727.54,
                      "Plan Rows": 57588,
                      "Plan Width": 8,
                      "Actual Startup Time": 355.492,
                      "Actual Total Time": 355.663,
                      "Actual Rows": 86537,
                      "Actual Loops": 4,
                      "Hash Buckets": 524288,
                      "Original Hash Buckets": 262144,
                      "Hash Batches": 1,
                      "Original Hash Batches": 1,
                      "Peak Memory Usage": 19744,
                      "Plans": [
                        {
                          "Node Type": "Hash Join",
                          "Parent Relationship": "Outer",
                          "Parallel Aware": true,
                          "Join Type": "Inner",
                          "Startup Cost": 32062.67,
                          "Total Cost": 77727.54,
                          "Plan Rows": 57588,
                          "Plan Width": 8,
                          "Actual Startup Time": 126.405,
                          "Actual Total Time": 321.418,
                          "Actual Rows": 86537,
                          "Actual Loops": 4,
                          "Inner Unique": false,
                          "Hash Cond": "(t.id = mc.movie_id)",
                          "Plans": [
                            {
                              "Node Type": "Seq Scan",
                              "Parent Relationship": "Outer",
                              "Parallel Aware": true,
                              "Relation Name": "title",
                              "Alias": "t",
                              "Startup Cost": 0.0,
                              "Total Cost": 42318.73,
                              "Plan Rows": 632073,
                              "Plan Width": 4,
                              "Actual Startup Time": 0.01,
                              "Actual Total Time": 71.601,
                              "Actual Rows": 632078,
                              "Actual Loops": 4
                            },
                            {
                              "Node Type": "Hash",
                              "Parent Relationship": "Inner",
                              "Parallel Aware": true,
                              "Startup Cost": 31133.83,
                              "Total Cost": 31133.83,
                              "Plan Rows": 74307,
                              "Plan Width": 4,
                              "Actual Startup Time": 125.394,
                              "Actual Total Time": 125.396,
                              "Actual Rows": 86537,
                              "Actual Loops": 4,
                              "Hash Buckets": 524288,
                              "Original Hash Buckets": 262144,
                              "Hash Batches": 1,
                              "Original Hash Batches": 1,
                              "Peak Memory Usage": 19712,
                              "Plans": [
                                {
                                  "Node Type": "Bitmap Heap Scan",
                                  "Parent Relationship": "Outer",
                                  "Parallel Aware": true,
                                  "Relation Name": "movie_companies",
                                  "Alias": "mc",
                                  "Startup Cost": 10079.59,
                                  "Total Cost": 31133.83,
                                  "Plan Rows": 74307,
                                  "Plan Width": 4,
                                  "Actual Startup Time": 37.419,
                                  "Actual Total Time": 90.272,
                                  "Actual Rows": 86537,
                                  "Actual Loops": 4,
                                  "Recheck Cond": "(company_id < 398)",
                                  "Rows Removed by Index Recheck": 0,
                                  "Filter": "(company_type_id < 2)",
                                  "Rows Removed by Filter": 29322,
                                  "Exact Heap Blocks": 6384,
                                  "Lossy Heap Blocks": 0,
                                  "Plans": [
                                    {
                                      "Node Type": "Bitmap Index Scan",
                                      "Parent Relationship": "Outer",
                                      "Parallel Aware": false,
                                      "Index Name": "company_id_movie_companies",
                                      "Startup Cost": 0.0,
                                      "Total Cost": 10022.0,
                                      "Plan Rows": 467943,
                                      "Plan Width": 0,
                                      "Actual Startup Time": 34.916,
                                      "Actual Total Time": 34.917,
                                      "Actual Rows": 463436,
                                      "Actual Loops": 1,
                                      "Index Cond": "(company_id < 398)"
                                    }
                                  ]
                                }
                              ]
                            }
                          ]
                        }
                      ]
                    }
                  ]
                }
              ]
            }
          ]
        }
      ]
    },
    "Planning Time": 1.419,
    "Triggers": [],
    "Execution Time": 551.057
  }
]