{
  "Plan": {
    "Node Type": "Aggregate",
    "Strategy": "Plain",
    "Partial Mode": "Finalize",
    "Parallel Aware": false,
    "Startup Cost": 731197.88,
    "Total Cost": 731197.89,
    "Plan Rows": 1,
    "Plan Width": 8,
    "Actual Startup Time": 3314.364,
    "Actual Total Time": 3381.615,
    "Actual Rows": 1,
    "Actual Loops": 1,
    "Plans": [
      {
        "Node Type": "Gather",
        "Parent Relationship": "Outer",
        "Parallel Aware": false,
        "Startup Cost": 731197.77,
        "Total Cost": 731197.88,
        "Plan Rows": 1,
        "Plan Width": 8,
        "Actual Startup Time": 3313.912,
        "Actual Total Time": 3381.605,
        "Actual Rows": 2,
        "Actual Loops": 1,
        "Workers Planned": 1,
        "Workers Launched": 1,
        "Single Copy": false,
        "Plans": [
          {
            "Node Type": "Aggregate",
            "Strategy": "Plain",
            "Partial Mode": "Partial",
            "Parent Relationship": "Outer",
            "Parallel Aware": false,
            "Startup Cost": 730197.77,
            "Total Cost": 730197.78,
            "Plan Rows": 1,
            "Plan Width": 8,
            "Actual Startup Time": 3307.767,
            "Actual Total Time": 3307.772,
            "Actual Rows": 1,
            "Actual Loops": 2,
            "Plans": [
              {
                "Node Type": "Nested Loop",
                "Parent Relationship": "Outer",
                "Parallel Aware": false,
                "Join Type": "Inner",
                "Startup Cost": 54131.98,
                "Total Cost": 729817.35,
                "Plan Rows": 152165,
                "Plan Width": 0,
                "Actual Startup Time": 108.856,
                "Actual Total Time": 3284.983,
                "Actual Rows": 430474,
                "Actual Loops": 2,
                "Inner Unique": false,
                "Join Filter": "(t.id = mc.movie_id)",
                "Rows Removed by Join Filter": 0,
                "Plans": [
                  {
                    "Node Type": "Hash Join",
                    "Parent Relationship": "Outer",
                    "Parallel Aware": true,
                    "Join Type": "Inner",
                    "Startup Cost": 54131.55,
                    "Total Cost": 642707.16,
                    "Plan Rows": 147451,
                    "Plan Width": 8,
                    "Actual Startup Time": 108.726,
                    "Actual Total Time": 2603.628,
                    "Actual Rows": 161552,
                    "Actual Loops": 2,
                    "Inner Unique": true,
                    "Hash Cond": "(ci.movie_id = t.id)",
                    "Plans": [
                      {
                        "Node Type": "Seq Scan",
                        "Parent Relationship": "Outer",
                        "Parallel Aware": true,
                        "Relation Name": "cast_info",
                        "Alias": "ci",
                        "Startup Cost": 0.0,
                        "Total Cost": 572345.93,
                        "Plan Rows": 6182729,
                        "Plan Width": 4,
                        "Actual Startup Time": 0.018,
                        "Actual Total Time": 1749.041,
                        "Actual Rows": 5763423,
                        "Actual Loops": 2,
                        "Filter": "((person_id < 1186429) AND (role_id < 10))",
                        "Rows Removed by Filter": 12358749
                      },
                      {
                        "Node Type": "Hash",
                        "Parent Relationship": "Inner",
                        "Parallel Aware": true,
                        "Startup Cost": 53688.18,
                        "Total Cost": 53688.18,
                        "Plan Rows": 35469,
                        "Plan Width": 4,
                        "Actual Startup Time": 107.321,
                        "Actual Total Time": 107.323,
                        "Actual Rows": 30790,
                        "Actual Loops": 2,
                        "Hash Buckets": 65536,
                        "Original Hash Buckets": 65536,
                        "Hash Batches": 1,
                        "Original Hash Batches": 1,
                        "Peak Memory Usage": 2944,
                        "Plans": [
                          {
                            "Node Type": "Bitmap Heap Scan",
                            "Parent Relationship": "Outer",
                            "Parallel Aware": true,
                            "Relation Name": "title",
                            "Alias": "t",
                            "Startup Cost": 11837.92,
                            "Total Cost": 53688.18,
                            "Plan Rows": 35469,
                            "Plan Width": 4,
                            "Actual Startup Time": 38.505,
                            "Actual Total Time": 99.941,
                            "Actual Rows": 30790,
                            "Actual Loops": 2,
                            "Recheck Cond": "(kind_id = 1)",
                            "Rows Removed by Index Recheck": 0,
                            "Filter": "(production_year > 2011)",
                            "Rows Removed by Filter": 300622,
                            "Exact Heap Blocks": 9920,
                            "Lossy Heap Blocks": 0,
                            "Plans": [
                              {
                                "Node Type": "Bitmap Index Scan",
                                "Parent Relationship": "Outer",
                                "Parallel Aware": false,
                                "Index Name": "kind_id_title",
                                "Startup Cost": 0.0,
                                "Total Cost": 11822.85,
                                "Plan Rows": 663256,
                                "Plan Width": 0,
                                "Actual Startup Time": 40.704,
                                "Actual Total Time": 40.704,
                                "Actual Rows": 662825,
                                "Actual Loops": 1,
                                "Index Cond": "(kind_id = 1)"
                              }
                            ]
                          }
                        ]
                      }
                    ]
                  },
                  {
                    "Node Type": "Index Only Scan",
                    "Parent Relationship": "Inner",
                    "Parallel Aware": false,
                    "Scan Direction": "Forward",
                    "Index Name": "movie_id_movie_companies",
                    "Relation Name": "movie_companies",
                    "Alias": "mc",
                    "Startup Cost": 0.43,
                    "Total Cost": 0.53,
                    "Plan Rows": 5,
                    "Plan Width": 4,
                    "Actual Startup Time": 0.003,
                    "Actual Total Time": 0.004,
                    "Actual Rows": 3,
                    "Actual Loops": 323105,
                    "Index Cond": "(movie_id = ci.movie_id)",
                    "Rows Removed by Index Recheck": 0,
                    "Heap Fetches": 860948
                  }
                ]
              }
            ]
          }
        ]
      }
    ]
  },
  "Planning Time": 1.154,
  "Triggers": [],
  "Execution Time": 3381.742
}