[
  {
    "Plan": {
      "Node Type": "Aggregate",
      "Strategy": "Plain",
      "Partial Mode": "Finalize",
      "Parallel Aware": false,
      "Startup Cost": 338078.98,
      "Total Cost": 338078.99,
      "Plan Rows": 1,
      "Plan Width": 8,
      "Actual Startup Time": 153.425,
      "Actual Total Time": 176.198,
      "Actual Rows": 1,
      "Actual Loops": 1,
      "Plans": [
        {
          "Node Type": "Gather",
          "Parent Relationship": "Outer",
          "Parallel Aware": false,
          "Startup Cost": 338078.56,
          "Total Cost": 338078.97,
          "Plan Rows": 4,
          "Plan Width": 8,
          "Actual Startup Time": 153.242,
          "Actual Total Time": 176.19,
          "Actual Rows": 5,
          "Actual Loops": 1,
          "Workers Planned": 4,
          "Workers Launched": 4,
          "Single Copy": false,
          "Plans": [
            {
              "Node Type": "Aggregate",
              "Strategy": "Plain",
              "Partial Mode": "Partial",
              "Parent Relationship": "Outer",
              "Parallel Aware": false,
              "Startup Cost": 337078.56,
              "Total Cost": 337078.57,
              "Plan Rows": 1,
              "Plan Width": 8,
              "Actual Startup Time": 143.377,
              "Actual Total Time": 143.378,
              "Actual Rows": 1,
              "Actual Loops": 5,
              "Plans": [
                {
                  "Node Type": "Nested Loop",
                  "Parent Relationship": "Outer",
                  "Parallel Aware": false,
                  "Join Type": "Inner",
                  "Startup Cost": 0.56,
                  "Total Cost": 336799.08,
                  "Plan Rows": 111792,
                  "Plan Width": 0,
                  "Actual Startup Time": 55.721,
                  "Actual Total Time": 142.441,
                  "Actual Rows": 11675,
                  "Actual Loops": 5,
                  "Inner Unique": false,
                  "Plans": [
                    {
                      "Node Type": "Seq Scan",
                      "Parent Relationship": "Outer",
                      "Parallel Aware": true,
                      "Relation Name": "title",
                      "Alias": "t",
                      "Startup Cost": 0.0,
                      "Total Cost": 43898.92,
                      "Plan Rows": 7802,
                      "Plan Width": 4,
                      "Actual Startup Time": 55.583,
                      "Actual Total Time": 82.012,
                      "Actual Rows": 7010,
                      "Actual Loops": 5,
                      "Filter": "(production_year < 1912)",
                      "Rows Removed by Filter": 498652
                    },
                    {
                      "Node Type": "Index Only Scan",
                      "Parent Relationship": "Inner",
                      "Parallel Aware": false,
                      "Scan Direction": "Forward",
                      "Index Name": "movie_id_cast_info",
                      "Relation Name": "cast_info",
                      "Alias": "ci",
                      "Startup Cost": 0.56,
                      "Total Cost": 37.17,
                      "Plan Rows": 37,
                      "Plan Width": 4,
                      "Actual Startup Time": 0.006,
                      "Actual Total Time": 0.008,
                      "Actual Rows": 2,
                      "Actual Loops": 35050,
                      "Index Cond": "(movie_id = t.id)",
                      "Rows Removed by Index Recheck": 0,
                      "Heap Fetches": 58373
                    }
                  ]
                }
              ]
            }
          ]
        }
      ]
    },
    "Planning Time": 0.513,
    "Triggers": [],
    "Execution Time": 176.273
  }
]