[
  {
    "Plan": {
      "Node Type": "Aggregate",
      "Strategy": "Plain",
      "Partial Mode": "Finalize",
      "Parallel Aware": false,
      "Startup Cost": 35437.55,
      "Total Cost": 35437.56,
      "Plan Rows": 1,
      "Plan Width": 8,
      "Actual Startup Time": 36.981,
      "Actual Total Time": 44.04,
      "Actual Rows": 1,
      "Actual Loops": 1,
      "Plans": [
        {
          "Node Type": "Gather",
          "Parent Relationship": "Outer",
          "Parallel Aware": false,
          "Startup Cost": 35437.33,
          "Total Cost": 35437.54,
          "Plan Rows": 2,
          "Plan Width": 8,
          "Actual Startup Time": 36.84,
          "Actual Total Time": 44.033,
          "Actual Rows": 3,
          "Actual Loops": 1,
          "Workers Planned": 2,
          "Workers Launched": 2,
          "Single Copy": false,
          "Plans": [
            {
              "Node Type": "Aggregate",
              "Strategy": "Plain",
              "Partial Mode": "Partial",
              "Parent Relationship": "Outer",
              "Parallel Aware": false,
              "Startup Cost": 34437.33,
              "Total Cost": 34437.34,
              "Plan Rows": 1,
              "Plan Width": 8,
              "Actual Startup Time": 31.064,
              "Actual Total Time": 31.066,
              "Actual Rows": 1,
              "Actual Loops": 3,
              "Plans": [
                {
                  "Node Type": "Nested Loop",
                  "Parent Relationship": "Outer",
                  "Parallel Aware": false,
                  "Join Type": "Inner",
                  "Startup Cost": 144.28,
                  "Total Cost": 34430.42,
                  "Plan Rows": 2765,
                  "Plan Width": 0,
                  "Actual Startup Time": 1.376,
                  "Actual Total Time": 30.691,
                  "Actual Rows": 2498,
                  "Actual Loops": 3,
                  "Inner Unique": true,
                  "Plans": [
                    {
                      "Node Type": "Bitmap Heap Scan",
                      "Parent Relationship": "Outer",
                      "Parallel Aware": true,
                      "Relation Name": "movie_keyword",
                      "Alias": "mk",
                      "Startup Cost": 143.85,
                      "Total Cost": 14982.0,
                      "Plan Rows": 2765,
                      "Plan Width": 4,
                      "Actual Startup Time": 1.229,
                      "Actual Total Time": 8.786,
                      "Actual Rows": 2498,
                      "Actual Loops": 3,
                      "Recheck Cond": "(keyword_id = 889)",
                      "Rows Removed by Index Recheck": 0,
                      "Exact Heap Blocks": 3160,
                      "Lossy Heap Blocks": 0,
                      "Plans": [
                        {
                          "Node Type": "Bitmap Index Scan",
                          "Parent Relationship": "Outer",
                          "Parallel Aware": false,
                          "Index Name": "keyword_id_movie_keyword",
                          "Startup Cost": 0.0,
                          "Total Cost": 142.19,
                          "Plan Rows": 6635,
                          "Plan Width": 0,
                          "Actual Startup Time": 2.593,
                          "Actual Total Time": 2.593,
                          "Actual Rows": 7495,
                          "Actual Loops": 1,
                          "Index Cond": "(keyword_id = 889)"
                        }
                      ]
                    },
                    {
                      "Node Type": "Index Only Scan",
                      "Parent Relationship": "Inner",
                      "Parallel Aware": false,
                      "Scan Direction": "Forward",
                      "Index Name": "title_pkey",
                      "Relation Name": "title",
                      "Alias": "t",
                      "Startup Cost": 0.43,
                      "Total Cost": 7.03,
                      "Plan Rows": 1,
                      "Plan Width": 4,
                      "Actual Startup Time": 0.008,
                      "Actual Total Time": 0.008,
                      "Actual Rows": 1,
                      "Actual Loops": 7495,
                      "Index Cond": "(id = mk.movie_id)",
                      "Rows Removed by Index Recheck": 0,
                      "Heap Fetches": 7495
                    }
                  ]
                }
              ]
            }
          ]
        }
      ]
    },
    "Planning Time": 0.306,
    "Triggers": [],
    "Execution Time": 44.099
  }
]