[
  {
    "Plan": {
      "Node Type": "Aggregate",
      "Strategy": "Plain",
      "Partial Mode": "Finalize",
      "Parallel Aware": false,
      "Startup Cost": 342920.82,
      "Total Cost": 342920.83,
      "Plan Rows": 1,
      "Plan Width": 8,
      "Actual Startup Time": 936.957,
      "Actual Total Time": 968.07,
      "Actual Rows": 1,
      "Actual Loops": 1,
      "Plans": [
        {
          "Node Type": "Gather",
          "Parent Relationship": "Outer",
          "Parallel Aware": false,
          "Startup Cost": 342920.19,
          "Total Cost": 342920.8,
          "Plan Rows": 6,
          "Plan Width": 8,
          "Actual Startup Time": 927.26,
          "Actual Total Time": 968.058,
          "Actual Rows": 7,
          "Actual Loops": 1,
          "Workers Planned": 6,
          "Workers Launched": 6,
          "Single Copy": false,
          "Plans": [
            {
              "Node Type": "Aggregate",
              "Strategy": "Plain",
              "Partial Mode": "Partial",
              "Parent Relationship": "Outer",
              "Parallel Aware": false,
              "Startup Cost": 341920.19,
              "Total Cost": 341920.2,
              "Plan Rows": 1,
              "Plan Width": 8,
              "Actual Startup Time": 915.941,
              "Actual Total Time": 916.024,
              "Actual Rows": 1,
              "Actual Loops": 7,
              "Plans": [
                {
                  "Node Type": "Hash Join",
                  "Parent Relationship": "Outer",
                  "Parallel Aware": true,
                  "Join Type": "Inner",
                  "Startup Cost": 82610.59,
                  "Total Cost": 340797.28,
                  "Plan Rows": 449167,
                  "Plan Width": 0,
                  "Actual Startup Time": 281.251,
                  "Actual Total Time": 875.204,
                  "Actual Rows": 858665,
                  "Actual Loops": 7,
                  "Inner Unique": false,
                  "Hash Cond": "(ci.movie_id = t.id)",
                  "Plans": [
                    {
                      "Node Type": "Index Scan",
                      "Parent Relationship": "Outer",
                      "Parallel Aware": true,
                      "Scan Direction": "Forward",
                      "Index Name": "role_id_cast_info",
                      "Relation Name": "cast_info",
                      "Alias": "ci",
                      "Startup Cost": 0.56,
                      "Total Cost": 251131.25,
                      "Plan Rows": 1582158,
                      "Plan Width": 4,
                      "Actual Startup Time": 0.401,
                      "Actual Total Time": 253.935,
                      "Actual Rows": 1340672,
                      "Actual Loops": 7,
                      "Index Cond": "(role_id > 4)",
                      "Rows Removed by Index Recheck": 0
                    },
                    {
                      "Node Type": "Hash",
                      "Parent Relationship": "Inner",
                      "Parallel Aware": true,
                      "Startup Cost": 80367.0,
                      "Total Cost": 80367.0,
                      "Plan Rows": 179442,
                      "Plan Width": 8,
                      "Actual Startup Time": 277.645,
                      "Actual Total Time": 277.726,
                      "Actual Rows": 71372,
                      "Actual Loops": 7,
                      "Hash Buckets": 1048576,
                      "Original Hash Buckets": 1048576,
                      "Hash Batches": 1,
                      "Original Hash Batches": 1,
                      "Peak Memory Usage": 27840,
                      "Plans": [
                        {
                          "Node Type": "Hash Join",
                          "Parent Relationship": "Outer",
                          "Parallel Aware": true,
                          "Join Type": "Inner",
                          "Startup Cost": 34309.06,
                          "Total Cost": 80367.0,
                          "Plan Rows": 179442,
                          "Plan Width": 8,
                          "Actual Startup Time": 121.319,
                          "Actual Total Time": 245.713,
                          "Actual Rows": 71372,
                          "Actual Loops": 7,
                          "Inner Unique": false,
                          "Hash Cond": "(t.id = mc.movie_id)",
                          "Plans": [
                            {
                              "Node Type": "Seq Scan",
                              "Parent Relationship": "Outer",
                              "Parallel Aware": true,
                              "Relation Name": "title",
                              "Alias": "t",
                              "Startup Cost": 0.0,
                              "Total Cost": 42318.73,
                              "Plan Rows": 632073,
                              "Plan Width": 4,
                              "Actual Startup Time": 0.017,
                              "Actual Total Time": 57.804,
                              "Actual Rows": 361187,
                              "Actual Loops": 7
                            },
                            {
                              "Node Type": "Hash",
                              "Parent Relationship": "Inner",
                              "Parallel Aware": true,
                              "Startup Cost": 31414.82,
                              "Total Cost": 31414.82,
                              "Plan Rows": 231539,
                              "Plan Width": 4,
                              "Actual Startup Time": 98.548,
                              "Actual Total Time": 98.549,
                              "Actual Rows": 71372,
                              "Actual Loops": 7,
                              "Hash Buckets": 1048576,
                              "Original Hash Buckets": 1048576,
                              "Hash Batches": 1,
                              "Original Hash Batches": 1,
                              "Peak Memory Usage": 27840,
                              "Plans": [
                                {
                                  "Node Type": "Seq Scan",
                                  "Parent Relationship": "Outer",
                                  "Parallel Aware": true,
                                  "Relation Name": "movie_companies",
                                  "Alias": "mc",
                                  "Startup Cost": 0.0,
                                  "Total Cost": 31414.82,
                                  "Plan Rows": 231539,
                                  "Plan Width": 4,
                                  "Actual Startup Time": 10.995,
                                  "Actual Total Time": 60.792,
                                  "Actual Rows": 71372,
                                  "Actual Loops": 7,
                                  "Filter": "((company_id > 8951) AND (company_type_id = 1))",
                                  "Rows Removed by Filter": 301360
                                }
                              ]
                            }
                          ]
                        }
                      ]
                    }
                  ]
                }
              ]
            }
          ]
        }
      ]
    },
    "Planning Time": 1.429,
    "Triggers": [],
    "Execution Time": 968.172
  }
]