[
  {
    "Plan": {
      "Node Type": "Aggregate",
      "Strategy": "Plain",
      "Partial Mode": "Finalize",
      "Parallel Aware": false,
      "Startup Cost": 26794.19,
      "Total Cost": 26794.2,
      "Plan Rows": 1,
      "Plan Width": 8,
      "Actual Startup Time": 75.183,
      "Actual Total Time": 79.864,
      "Actual Rows": 1,
      "Actual Loops": 1,
      "Plans": [
        {
          "Node Type": "Gather",
          "Parent Relationship": "Outer",
          "Parallel Aware": false,
          "Startup Cost": 26793.77,
          "Total Cost": 26794.18,
          "Plan Rows": 4,
          "Plan Width": 8,
          "Actual Startup Time": 75.033,
          "Actual Total Time": 79.856,
          "Actual Rows": 5,
          "Actual Loops": 1,
          "Workers Planned": 4,
          "Workers Launched": 4,
          "Single Copy": false,
          "Plans": [
            {
              "Node Type": "Aggregate",
              "Strategy": "Plain",
              "Partial Mode": "Partial",
              "Parent Relationship": "Outer",
              "Parallel Aware": false,
              "Startup Cost": 25793.77,
              "Total Cost": 25793.78,
              "Plan Rows": 1,
              "Plan Width": 8,
              "Actual Startup Time": 65.186,
              "Actual Total Time": 65.187,
              "Actual Rows": 1,
              "Actual Loops": 5,
              "Plans": [
                {
                  "Node Type": "Index Scan",
                  "Parent Relationship": "Outer",
                  "Parallel Aware": true,
                  "Scan Direction": "Forward",
                  "Index Name": "role_id_cast_info",
                  "Relation Name": "cast_info",
                  "Alias": "ci",
                  "Startup Cost": 0.56,
                  "Total Cost": 25284.63,
                  "Plan Rows": 203658,
                  "Plan Width": 0,
                  "Actual Startup Time": 0.206,
                  "Actual Total Time": 55.238,
                  "Actual Rows": 170284,
                  "Actual Loops": 5,
                  "Index Cond": "(role_id = 5)",
                  "Rows Removed by Index Recheck": 0,
                  "Filter": "(person_id > 361054)",
                  "Rows Removed by Filter": 9394
                }
              ]
            }
          ]
        }
      ]
    },
    "Planning Time": 0.215,
    "Triggers": [],
    "Execution Time": 79.923
  }
]