{
    "Plan": {
        "Node Type": "Aggregate",
        "Strategy": "Plain",
        "Partial Mode": "Finalize",
        "Parallel Aware": false,
        "Startup Cost": 268291.54,
        "Total Cost": 268291.55,
        "Plan Rows": 1,
        "Plan Width": 8,
        "Actual Startup Time": 2954.194,
        "Actual Total Time": 3034.668,
        "Actual Rows": 1,
        "Actual Loops": 1,
        "Output": [
            "count(*)"
        ],
        "Plans": [
            {
                "Node Type": "Gather",
                "Parent Relationship": "Outer",
                "Parallel Aware": false,
                "Startup Cost": 268291.12,
                "Total Cost": 268291.53,
                "Plan Rows": 4,
                "Plan Width": 8,
                "Actual Startup Time": 2688.627,
                "Actual Total Time": 3034.643,
                "Actual Rows": 5,
                "Actual Loops": 1,
                "Output": [
                    "(PARTIAL count(*))"
                ],
                "Workers Planned": 4,
                "Workers Launched": 4,
                "Single Copy": false,
                "Plans": [
                    {
                        "Node Type": "Aggregate",
                        "Strategy": "Plain",
                        "Partial Mode": "Partial",
                        "Parent Relationship": "Outer",
                        "Parallel Aware": false,
                        "Startup Cost": 267291.12,
                        "Total Cost": 267291.13,
                        "Plan Rows": 1,
                        "Plan Width": 8,
                        "Actual Startup Time": 2721.366,
                        "Actual Total Time": 2721.37,
                        "Actual Rows": 1,
                        "Actual Loops": 5,
                        "Output": [
                            "PARTIAL count(*)"
                        ],
                        "Workers": [
                            {
                                "Worker Number": 0,
                                "Actual Startup Time": 2695.14,
                                "Actual Total Time": 2695.142,
                                "Actual Rows": 1,
                                "Actual Loops": 1
                            },
                            {
                                "Worker Number": 1,
                                "Actual Startup Time": 2938.461,
                                "Actual Total Time": 2938.464,
                                "Actual Rows": 1,
                                "Actual Loops": 1
                            },
                            {
                                "Worker Number": 2,
                                "Actual Startup Time": 2582.708,
                                "Actual Total Time": 2582.711,
                                "Actual Rows": 1,
                                "Actual Loops": 1
                            },
                            {
                                "Worker Number": 3,
                                "Actual Startup Time": 2702.709,
                                "Actual Total Time": 2702.711,
                                "Actual Rows": 1,
                                "Actual Loops": 1
                            }
                        ],
                        "Plans": [
                            {
                                "Node Type": "Nested Loop",
                                "Parent Relationship": "Outer",
                                "Parallel Aware": false,
                                "Join Type": "Inner",
                                "Startup Cost": 131600.09,
                                "Total Cost": 266095.93,
                                "Plan Rows": 478078,
                                "Plan Width": 0,
                                "Actual Startup Time": 351.101,
                                "Actual Total Time": 2660.85,
                                "Actual Rows": 1275585,
                                "Actual Loops": 5,
                                "Inner Unique": false,
                                "Workers": [
                                    {
                                        "Worker Number": 0,
                                        "Actual Startup Time": 323.731,
                                        "Actual Total Time": 2634.819,
                                        "Actual Rows": 1333406,
                                        "Actual Loops": 1
                                    },
                                    {
                                        "Worker Number": 1,
                                        "Actual Startup Time": 325.05,
                                        "Actual Total Time": 2880.653,
                                        "Actual Rows": 1293271,
                                        "Actual Loops": 1
                                    },
                                    {
                                        "Worker Number": 2,
                                        "Actual Startup Time": 446.78,
                                        "Actual Total Time": 2528.996,
                                        "Actual Rows": 858755,
                                        "Actual Loops": 1
                                    },
                                    {
                                        "Worker Number": 3,
                                        "Actual Startup Time": 324.397,
                                        "Actual Total Time": 2641.727,
                                        "Actual Rows": 1361989,
                                        "Actual Loops": 1
                                    }
                                ],
                                "Plans": [
                                    {
                                        "Node Type": "Merge Join",
                                        "Parent Relationship": "Outer",
                                        "Parallel Aware": false,
                                        "Join Type": "Inner",
                                        "Startup Cost": 131599.52,
                                        "Total Cost": 135268.35,
                                        "Plan Rows": 36640,
                                        "Plan Width": 8,
                                        "Actual Startup Time": 351.0,
                                        "Actual Total Time": 458.239,
                                        "Actual Rows": 51025,
                                        "Actual Loops": 5,
                                        "Output": [
                                            "t.id",
                                            "mi_idx.movie_id"
                                        ],
                                        "Inner Unique": false,
                                        "Merge Cond": "(t.id = mi_idx.movie_id)",
                                        "Workers": [
                                            {
                                                "Worker Number": 0,
                                                "Actual Startup Time": 323.622,
                                                "Actual Total Time": 428.823,
                                                "Actual Rows": 52931,
                                                "Actual Loops": 1
                                            },
                                            {
                                                "Worker Number": 1,
                                                "Actual Startup Time": 324.915,
                                                "Actual Total Time": 433.055,
                                                "Actual Rows": 50563,
                                                "Actual Loops": 1
                                            },
                                            {
                                                "Worker Number": 2,
                                                "Actual Startup Time": 446.66,
                                                "Actual Total Time": 558.127,
                                                "Actual Rows": 34550,
                                                "Actual Loops": 1
                                            },
                                            {
                                                "Worker Number": 3,
                                                "Actual Startup Time": 324.291,
                                                "Actual Total Time": 429.29,
                                                "Actual Rows": 53483,
                                                "Actual Loops": 1
                                            }
                                        ],
                                        "Plans": [
                                            {
                                                "Node Type": "Sort",
                                                "Parent Relationship": "Outer",
                                                "Parallel Aware": false,
                                                "Startup Cost": 63272.67,
                                                "Total Cost": 63777.5,
                                                "Plan Rows": 201929,
                                                "Plan Width": 4,
                                                "Actual Startup Time": 131.55,
                                                "Actual Total Time": 161.045,
                                                "Actual Rows": 143773,
                                                "Actual Loops": 5,
                                                "Output": [
                                                    "t.id"
                                                ],
                                                "Sort Key": [
                                                    "t.id"
                                                ],
                                                "Sort Method": "quicksort",
                                                "Sort Space Used": 14481,
                                                "Sort Space Type": "Memory",
                                                "Workers": [
                                                    {
                                                        "Worker Number": 0,
                                                        "Actual Startup Time": 128.232,
                                                        "Actual Total Time": 157.87,
                                                        "Actual Rows": 149554,
                                                        "Actual Loops": 1
                                                    },
                                                    {
                                                        "Worker Number": 1,
                                                        "Actual Startup Time": 128.377,
                                                        "Actual Total Time": 159.744,
                                                        "Actual Rows": 143336,
                                                        "Actual Loops": 1
                                                    },
                                                    {
                                                        "Worker Number": 2,
                                                        "Actual Startup Time": 128.043,
                                                        "Actual Total Time": 151.778,
                                                        "Actual Rows": 97191,
                                                        "Actual Loops": 1
                                                    },
                                                    {
                                                        "Worker Number": 3,
                                                        "Actual Startup Time": 129.333,
                                                        "Actual Total Time": 159.188,
                                                        "Actual Rows": 151209,
                                                        "Actual Loops": 1
                                                    }
                                                ],
                                                "Plans": [
                                                    {
                                                        "Node Type": "Seq Scan",
                                                        "Parent Relationship": "Outer",
                                                        "Parallel Aware": true,
                                                        "Relation Name": "title",
                                                        "Schema": "public",
                                                        "Alias": "t",
                                                        "Startup Cost": 0.0,
                                                        "Total Cost": 45479.21,
                                                        "Plan Rows": 201929,
                                                        "Plan Width": 4,
                                                        "Actual Startup Time": 0.062,
                                                        "Actual Total Time": 93.481,
                                                        "Actual Rows": 143946,
                                                        "Actual Loops": 5,
                                                        "Output": [
                                                            "t.id"
                                                        ],
                                                        "Filter": "((t.kind_id < 7) AND (t.production_year > 1971))",
                                                        "Rows Removed by Filter": 361716,
                                                        "Workers": [
                                                            {
                                                                "Worker Number": 0,
                                                                "Actual Startup Time": 0.06,
                                                                "Actual Total Time": 91.98,
                                                                "Actual Rows": 149718,
                                                                "Actual Loops": 1
                                                            },
                                                            {
                                                                "Worker Number": 1,
                                                                "Actual Startup Time": 0.075,
                                                                "Actual Total Time": 92.417,
                                                                "Actual Rows": 143473,
                                                                "Actual Loops": 1
                                                            },
                                                            {
                                                                "Worker Number": 2,
                                                                "Actual Startup Time": 0.076,
                                                                "Actual Total Time": 91.829,
                                                                "Actual Rows": 97300,
                                                                "Actual Loops": 1
                                                            },
                                                            {
                                                                "Worker Number": 3,
                                                                "Actual Startup Time": 0.074,
                                                                "Actual Total Time": 92.717,
                                                                "Actual Rows": 151400,
                                                                "Actual Loops": 1
                                                            }
                                                        ]
                                                    }
                                                ]
                                            },
                                            {
                                                "Node Type": "Sort",
                                                "Parent Relationship": "Inner",
                                                "Parallel Aware": false,
                                                "Startup Cost": 68326.82,
                                                "Total Cost": 69473.74,
                                                "Plan Rows": 458770,
                                                "Plan Width": 4,
                                                "Actual Startup Time": 219.425,
                                                "Actual Total Time": 246.113,
                                                "Actual Rows": 459925,
                                                "Actual Loops": 5,
                                                "Output": [
                                                    "mi_idx.movie_id"
                                                ],
                                                "Sort Key": [
                                                    "mi_idx.movie_id"
                                                ],
                                                "Sort Method": "quicksort",
                                                "Sort Space Used": 33847,
                                                "Sort Space Type": "Memory",
                                                "Workers": [
                                                    {
                                                        "Worker Number": 0,
                                                        "Actual Startup Time": 195.351,
                                                        "Actual Total Time": 221.335,
                                                        "Actual Rows": 459925,
                                                        "Actual Loops": 1
                                                    },
                                                    {
                                                        "Worker Number": 1,
                                                        "Actual Startup Time": 196.525,
                                                        "Actual Total Time": 223.636,
                                                        "Actual Rows": 459925,
                                                        "Actual Loops": 1
                                                    },
                                                    {
                                                        "Worker Number": 2,
                                                        "Actual Startup Time": 318.568,
                                                        "Actual Total Time": 349.53,
                                                        "Actual Rows": 459925,
                                                        "Actual Loops": 1
                                                    },
                                                    {
                                                        "Worker Number": 3,
                                                        "Actual Startup Time": 194.943,
                                                        "Actual Total Time": 220.603,
                                                        "Actual Rows": 459925,
                                                        "Actual Loops": 1
                                                    }
                                                ],
                                                "Plans": [
                                                    {
                                                        "Node Type": "Seq Scan",
                                                        "Parent Relationship": "Outer",
                                                        "Parallel Aware": false,
                                                        "Relation Name": "movie_info_idx",
                                                        "Schema": "public",
                                                        "Alias": "mi_idx",
                                                        "Startup Cost": 0.0,
                                                        "Total Cost": 25185.44,
                                                        "Plan Rows": 458770,
                                                        "Plan Width": 4,
                                                        "Actual Startup Time": 0.04,
                                                        "Actual Total Time": 113.212,
                                                        "Actual Rows": 459925,
                                                        "Actual Loops": 5,
                                                        "Output": [
                                                            "mi_idx.movie_id"
                                                        ],
                                                        "Filter": "(mi_idx.info_type_id = 99)",
                                                        "Rows Removed by Filter": 920110,
                                                        "Workers": [
                                                            {
                                                                "Worker Number": 0,
                                                                "Actual Startup Time": 0.051,
                                                                "Actual Total Time": 102.35,
                                                                "Actual Rows": 459925,
                                                                "Actual Loops": 1
                                                            },
                                                            {
                                                                "Worker Number": 1,
                                                                "Actual Startup Time": 0.038,
                                                                "Actual Total Time": 103.187,
                                                                "Actual Rows": 459925,
                                                                "Actual Loops": 1
                                                            },
                                                            {
                                                                "Worker Number": 2,
                                                                "Actual Startup Time": 0.06,
                                                                "Actual Total Time": 161.647,
                                                                "Actual Rows": 459925,
                                                                "Actual Loops": 1
                                                            },
                                                            {
                                                                "Worker Number": 3,
                                                                "Actual Startup Time": 0.04,
                                                                "Actual Total Time": 102.512,
                                                                "Actual Rows": 459925,
                                                                "Actual Loops": 1
                                                            }
                                                        ]
                                                    }
                                                ]
                                            }
                                        ]
                                    },
                                    {
                                        "Node Type": "Index Scan",
                                        "Parent Relationship": "Inner",
                                        "Parallel Aware": false,
                                        "Scan Direction": "Forward",
                                        "Index Name": "movie_id_cast_info",
                                        "Relation Name": "cast_info",
                                        "Schema": "public",
                                        "Alias": "ci",
                                        "Startup Cost": 0.56,
                                        "Total Cost": 3.22,
                                        "Plan Rows": 35,
                                        "Plan Width": 4,
                                        "Actual Startup Time": 0.008,
                                        "Actual Total Time": 0.041,
                                        "Actual Rows": 25,
                                        "Actual Loops": 255125,
                                        "Output": [
                                            "ci.id",
                                            "ci.person_id",
                                            "ci.movie_id",
                                            "ci.person_role_id",
                                            "ci.note",
                                            "ci.nr_order",
                                            "ci.role_id"
                                        ],
                                        "Index Cond": "(ci.movie_id = t.id)",
                                        "Rows Removed by Index Recheck": 0,
                                        "Filter": "(ci.person_id > 318300)",
                                        "Rows Removed by Filter": 3,
                                        "Workers": [
                                            {
                                                "Worker Number": 0,
                                                "Actual Startup Time": 0.008,
                                                "Actual Total Time": 0.04,
                                                "Actual Rows": 25,
                                                "Actual Loops": 52931
                                            },
                                            {
                                                "Worker Number": 1,
                                                "Actual Startup Time": 0.009,
                                                "Actual Total Time": 0.046,
                                                "Actual Rows": 26,
                                                "Actual Loops": 50563
                                            },
                                            {
                                                "Worker Number": 2,
                                                "Actual Startup Time": 0.011,
                                                "Actual Total Time": 0.054,
                                                "Actual Rows": 25,
                                                "Actual Loops": 34550
                                            },
                                            {
                                                "Worker Number": 3,
                                                "Actual Startup Time": 0.007,
                                                "Actual Total Time": 0.039,
                                                "Actual Rows": 25,
                                                "Actual Loops": 53483
                                            }
                                        ]
                                    }
                                ]
                            }
                        ]
                    }
                ]
            }
        ]
    },
    "Planning Time": 1.526,
    "Triggers": [],
    "Execution Time": 3042.239
}