{
  "Plan": {
    "Node Type": "Aggregate",
    "Strategy": "Plain",
    "Partial Mode": "Finalize",
    "Parallel Aware": false,
    "Startup Cost": 81679.35,
    "Total Cost": 81679.36,
    "Plan Rows": 1,
    "Plan Width": 8,
    "Actual Startup Time": 264.668,
    "Actual Total Time": 272.297,
    "Actual Rows": 1,
    "Actual Loops": 1,
    "Plans": [
      {
        "Node Type": "Gather",
        "Parent Relationship": "Outer",
        "Parallel Aware": false,
        "Startup Cost": 81679.24,
        "Total Cost": 81679.35,
        "Plan Rows": 1,
        "Plan Width": 8,
        "Actual Startup Time": 264.401,
        "Actual Total Time": 272.291,
        "Actual Rows": 2,
        "Actual Loops": 1,
        "Workers Planned": 1,
        "Workers Launched": 1,
        "Single Copy": false,
        "Plans": [
          {
            "Node Type": "Aggregate",
            "Strategy": "Plain",
            "Partial Mode": "Partial",
            "Parent Relationship": "Outer",
            "Parallel Aware": false,
            "Startup Cost": 80679.24,
            "Total Cost": 80679.25,
            "Plan Rows": 1,
            "Plan Width": 8,
            "Actual Startup Time": 260.542,
            "Actual Total Time": 260.545,
            "Actual Rows": 1,
            "Actual Loops": 2,
            "Plans": [
              {
                "Node Type": "Hash Join",
                "Parent Relationship": "Outer",
                "Parallel Aware": true,
                "Join Type": "Inner",
                "Startup Cost": 40006.56,
                "Total Cost": 80560.51,
                "Plan Rows": 47490,
                "Plan Width": 0,
                "Actual Startup Time": 100.75,
                "Actual Total Time": 258.637,
                "Actual Rows": 44962,
                "Actual Loops": 2,
                "Inner Unique": true,
                "Hash Cond": "(mc.movie_id = t.id)",
                "Plans": [
                  {
                    "Node Type": "Seq Scan",
                    "Parent Relationship": "Outer",
                    "Parallel Aware": true,
                    "Relation Name": "movie_companies",
                    "Alias": "mc",
                    "Startup Cost": 0.0,
                    "Total Cost": 37974.77,
                    "Plan Rows": 982545,
                    "Plan Width": 4,
                    "Actual Startup Time": 0.013,
                    "Actual Total Time": 114.221,
                    "Actual Rows": 828629,
                    "Actual Loops": 2,
                    "Filter": "(company_id < 18540)",
                    "Rows Removed by Filter": 475936
                  },
                  {
                    "Node Type": "Hash",
                    "Parent Relationship": "Inner",
                    "Parallel Aware": true,
                    "Startup Cost": 39108.02,
                    "Total Cost": 39108.02,
                    "Plan Rows": 71883,
                    "Plan Width": 4,
                    "Actual Startup Time": 57.738,
                    "Actual Total Time": 57.739,
                    "Actual Rows": 59117,
                    "Actual Loops": 2,
                    "Hash Buckets": 131072,
                    "Original Hash Buckets": 131072,
                    "Hash Batches": 1,
                    "Original Hash Batches": 1,
                    "Peak Memory Usage": 5664,
                    "Plans": [
                      {
                        "Node Type": "Bitmap Heap Scan",
                        "Parent Relationship": "Outer",
                        "Parallel Aware": true,
                        "Relation Name": "title",
                        "Alias": "t",
                        "Startup Cost": 2211.49,
                        "Total Cost": 39108.02,
                        "Plan Rows": 71883,
                        "Plan Width": 4,
                        "Actual Startup Time": 10.631,
                        "Actual Total Time": 44.497,
                        "Actual Rows": 59117,
                        "Actual Loops": 2,
                        "Recheck Cond": "(kind_id = 4)",
                        "Rows Removed by Index Recheck": 0,
                        "Exact Heap Blocks": 9830,
                        "Lossy Heap Blocks": 0,
                        "Plans": [
                          {
                            "Node Type": "Bitmap Index Scan",
                            "Parent Relationship": "Outer",
                            "Parallel Aware": false,
                            "Index Name": "kind_id_title",
                            "Startup Cost": 0.0,
                            "Total Cost": 2180.94,
                            "Plan Rows": 122201,
                            "Plan Width": 0,
                            "Actual Startup Time": 9.795,
                            "Actual Total Time": 9.795,
                            "Actual Rows": 118234,
                            "Actual Loops": 1,
                            "Index Cond": "(kind_id = 4)"
                          }
                        ]
                      }
                    ]
                  }
                ]
              }
            ]
          }
        ]
      }
    ]
  },
  "Planning Time": 0.308,
  "Triggers": [],
  "Execution Time": 272.345
}