[
    {
        "Bao": {
            "Bao prediction": "NaN",
            "Bao recommended hint": "(no hint)"
        }
    },
    {
        "Plan": {
            "Node Type": "Aggregate",
            "Strategy": "Plain",
            "Partial Mode": "Finalize",
            "Parallel Aware": false,
            "Startup Cost": 272302.36,
            "Total Cost": 272302.37,
            "Plan Rows": 1,
            "Plan Width": 8,
            "Actual Startup Time": 103.964,
            "Actual Total Time": 108.274,
            "Actual Rows": 1,
            "Actual Loops": 1,
            "Output": [
                "count(*)"
            ],
            "Plans": [
                {
                    "Node Type": "Gather",
                    "Parent Relationship": "Outer",
                    "Parallel Aware": false,
                    "Startup Cost": 272301.74,
                    "Total Cost": 272302.35,
                    "Plan Rows": 6,
                    "Plan Width": 8,
                    "Actual Startup Time": 103.71,
                    "Actual Total Time": 108.267,
                    "Actual Rows": 7,
                    "Actual Loops": 1,
                    "Output": [
                        "(PARTIAL count(*))"
                    ],
                    "Workers Planned": 6,
                    "Workers Launched": 6,
                    "Single Copy": false,
                    "Plans": [
                        {
                            "Node Type": "Aggregate",
                            "Strategy": "Plain",
                            "Partial Mode": "Partial",
                            "Parent Relationship": "Outer",
                            "Parallel Aware": false,
                            "Startup Cost": 271301.74,
                            "Total Cost": 271301.75,
                            "Plan Rows": 1,
                            "Plan Width": 8,
                            "Actual Startup Time": 93.595,
                            "Actual Total Time": 93.596,
                            "Actual Rows": 1,
                            "Actual Loops": 7,
                            "Output": [
                                "PARTIAL count(*)"
                            ],
                            "Workers": [
                                {
                                    "Worker Number": 0,
                                    "Actual Startup Time": 90.869,
                                    "Actual Total Time": 90.871,
                                    "Actual Rows": 1,
                                    "Actual Loops": 1
                                },
                                {
                                    "Worker Number": 1,
                                    "Actual Startup Time": 91.524,
                                    "Actual Total Time": 91.525,
                                    "Actual Rows": 1,
                                    "Actual Loops": 1
                                },
                                {
                                    "Worker Number": 2,
                                    "Actual Startup Time": 91.904,
                                    "Actual Total Time": 91.905,
                                    "Actual Rows": 1,
                                    "Actual Loops": 1
                                },
                                {
                                    "Worker Number": 3,
                                    "Actual Startup Time": 92.385,
                                    "Actual Total Time": 92.385,
                                    "Actual Rows": 1,
                                    "Actual Loops": 1
                                },
                                {
                                    "Worker Number": 4,
                                    "Actual Startup Time": 92.555,
                                    "Actual Total Time": 92.556,
                                    "Actual Rows": 1,
                                    "Actual Loops": 1
                                },
                                {
                                    "Worker Number": 5,
                                    "Actual Startup Time": 92.593,
                                    "Actual Total Time": 92.594,
                                    "Actual Rows": 1,
                                    "Actual Loops": 1
                                }
                            ],
                            "Plans": [
                                {
                                    "Node Type": "Bitmap Heap Scan",
                                    "Parent Relationship": "Outer",
                                    "Parallel Aware": true,
                                    "Relation Name": "cast_info",
                                    "Schema": "public",
                                    "Alias": "ci",
                                    "Startup Cost": 16721.52,
                                    "Total Cost": 270986.2,
                                    "Plan Rows": 126214,
                                    "Plan Width": 0,
                                    "Actual Startup Time": 42.979,
                                    "Actual Total Time": 84.939,
                                    "Actual Rows": 118202,
                                    "Actual Loops": 7,
                                    "Recheck Cond": "(ci.person_id > 3903036)",
                                    "Rows Removed by Index Recheck": 0,
                                    "Exact Heap Blocks": 4260,
                                    "Lossy Heap Blocks": 0,
                                    "Workers": [
                                        {
                                            "Worker Number": 0,
                                            "Actual Startup Time": 40.862,
                                            "Actual Total Time": 83.191,
                                            "Actual Rows": 81324,
                                            "Actual Loops": 1
                                        },
                                        {
                                            "Worker Number": 1,
                                            "Actual Startup Time": 41.226,
                                            "Actual Total Time": 83.039,
                                            "Actual Rows": 85633,
                                            "Actual Loops": 1
                                        },
                                        {
                                            "Worker Number": 2,
                                            "Actual Startup Time": 41.106,
                                            "Actual Total Time": 83.588,
                                            "Actual Rows": 83788,
                                            "Actual Loops": 1
                                        },
                                        {
                                            "Worker Number": 3,
                                            "Actual Startup Time": 41.833,
                                            "Actual Total Time": 84.125,
                                            "Actual Rows": 95849,
                                            "Actual Loops": 1
                                        },
                                        {
                                            "Worker Number": 4,
                                            "Actual Startup Time": 41.8,
                                            "Actual Total Time": 84.305,
                                            "Actual Rows": 94972,
                                            "Actual Loops": 1
                                        },
                                        {
                                            "Worker Number": 5,
                                            "Actual Startup Time": 41.84,
                                            "Actual Total Time": 84.279,
                                            "Actual Rows": 96057,
                                            "Actual Loops": 1
                                        }
                                    ],
                                    "Plans": [
                                        {
                                            "Node Type": "Bitmap Index Scan",
                                            "Parent Relationship": "Outer",
                                            "Parallel Aware": false,
                                            "Index Name": "person_id_cast_info",
                                            "Startup Cost": 0.0,
                                            "Total Cost": 16532.2,
                                            "Plan Rows": 757285,
                                            "Plan Width": 0,
                                            "Actual Startup Time": 50.586,
                                            "Actual Total Time": 50.587,
                                            "Actual Rows": 827415,
                                            "Actual Loops": 1,
                                            "Index Cond": "(ci.person_id > 3903036)"
                                        }
                                    ]
                                }
                            ]
                        }
                    ]
                }
            ]
        },
        "Planning Time": 207.939,
        "Triggers": [],
        "Execution Time": 108.331
    }
]