[
  {
    "Plan": {
      "Node Type": "Aggregate",
      "Strategy": "Plain",
      "Partial Mode": "Finalize",
      "Parallel Aware": false,
      "Startup Cost": 266058.74,
      "Total Cost": 266058.75,
      "Plan Rows": 1,
      "Plan Width": 8,
      "Actual Startup Time": 1308.27,
      "Actual Total Time": 1354.575,
      "Actual Rows": 1,
      "Actual Loops": 1,
      "Plans": [
        {
          "Node Type": "Gather",
          "Parent Relationship": "Outer",
          "Parallel Aware": false,
          "Startup Cost": 266058.53,
          "Total Cost": 266058.74,
          "Plan Rows": 2,
          "Plan Width": 8,
          "Actual Startup Time": 1305.161,
          "Actual Total Time": 1354.565,
          "Actual Rows": 3,
          "Actual Loops": 1,
          "Workers Planned": 2,
          "Workers Launched": 2,
          "Single Copy": false,
          "Plans": [
            {
              "Node Type": "Aggregate",
              "Strategy": "Plain",
              "Partial Mode": "Partial",
              "Parent Relationship": "Outer",
              "Parallel Aware": false,
              "Startup Cost": 265058.53,
              "Total Cost": 265058.54,
              "Plan Rows": 1,
              "Plan Width": 8,
              "Actual Startup Time": 1293.271,
              "Actual Total Time": 1293.277,
              "Actual Rows": 1,
              "Actual Loops": 3,
              "Plans": [
                {
                  "Node Type": "Hash Join",
                  "Parent Relationship": "Outer",
                  "Parallel Aware": true,
                  "Join Type": "Inner",
                  "Startup Cost": 248709.07,
                  "Total Cost": 264776.31,
                  "Plan Rows": 112889,
                  "Plan Width": 0,
                  "Actual Startup Time": 1096.436,
                  "Actual Total Time": 1247.598,
                  "Actual Rows": 1005124,
                  "Actual Loops": 3,
                  "Inner Unique": false,
                  "Hash Cond": "(mi_idx.movie_id = t.id)",
                  "Plans": [
                    {
                      "Node Type": "Seq Scan",
                      "Parent Relationship": "Outer",
                      "Parallel Aware": true,
                      "Relation Name": "movie_info_idx",
                      "Alias": "mi_idx",
                      "Startup Cost": 0.0,
                      "Total Cost": 13685.15,
                      "Plan Rows": 575015,
                      "Plan Width": 4,
                      "Actual Startup Time": 0.046,
                      "Actual Total Time": 39.262,
                      "Actual Rows": 460012,
                      "Actual Loops": 3
                    },
                    {
                      "Node Type": "Hash",
                      "Parent Relationship": "Inner",
                      "Parallel Aware": true,
                      "Startup Cost": 247468.17,
                      "Total Cost": 247468.17,
                      "Plan Rows": 99272,
                      "Plan Width": 8,
                      "Actual Startup Time": 1048.945,
                      "Actual Total Time": 1048.95,
                      "Actual Rows": 431171,
                      "Actual Loops": 3,
                      "Hash Buckets": 2097152,
                      "Original Hash Buckets": 524288,
                      "Hash Batches": 1,
                      "Original Hash Batches": 1,
                      "Peak Memory Usage": 79328,
                      "Plans": [
                        {
                          "Node Type": "Hash Join",
                          "Parent Relationship": "Outer",
                          "Parallel Aware": true,
                          "Join Type": "Inner",
                          "Startup Cost": 47494.35,
                          "Total Cost": 247468.17,
                          "Plan Rows": 99272,
                          "Plan Width": 8,
                          "Actual Startup Time": 273.926,
                          "Actual Total Time": 895.274,
                          "Actual Rows": 431171,
                          "Actual Loops": 3,
                          "Inner Unique": true,
                          "Hash Cond": "(mi.movie_id = t.id)",
                          "Plans": [
                            {
                              "Node Type": "Seq Scan",
                              "Parent Relationship": "Outer",
                              "Parallel Aware": true,
                              "Relation Name": "movie_info",
                              "Alias": "mi",
                              "Startup Cost": 0.0,
                              "Total Cost": 198952.16,
                              "Plan Rows": 389205,
                              "Plan Width": 4,
                              "Actual Startup Time": 30.386,
                              "Actual Total Time": 507.689,
                              "Actual Rows": 621877,
                              "Actual Loops": 3,
                              "Filter": "(info_type_id > 17)",
                              "Rows Removed by Filter": 4323363
                            },
                            {
                              "Node Type": "Hash",
                              "Parent Relationship": "Inner",
                              "Parallel Aware": true,
                              "Startup Cost": 45479.1,
                              "Total Cost": 45479.1,
                              "Plan Rows": 161220,
                              "Plan Width": 4,
                              "Actual Startup Time": 211.523,
                              "Actual Total Time": 211.524,
                              "Actual Rows": 218770,
                              "Actual Loops": 3,
                              "Hash Buckets": 1048576,
                              "Original Hash Buckets": 1048576,
                              "Hash Batches": 1,
                              "Original Hash Batches": 1,
                              "Peak Memory Usage": 33920,
                              "Plans": [
                                {
                                  "Node Type": "Seq Scan",
                                  "Parent Relationship": "Outer",
                                  "Parallel Aware": true,
                                  "Relation Name": "title",
                                  "Alias": "t",
                                  "Startup Cost": 0.0,
                                  "Total Cost": 45479.1,
                                  "Plan Rows": 161220,
                                  "Plan Width": 4,
                                  "Actual Startup Time": 50.923,
                                  "Actual Total Time": 131.499,
                                  "Actual Rows": 218770,
                                  "Actual Loops": 3,
                                  "Filter": "((kind_id < 2) AND (production_year > 0))",
                                  "Rows Removed by Filter": 624000
                                }
                              ]
                            }
                          ]
                        }
                      ]
                    }
                  ]
                }
              ]
            }
          ]
        }
      ]
    },
    "Planning Time": 1.381,
    "Triggers": [],
    "Execution Time": 1354.678
  }
]