[
    {
        "Bao": {
            "Bao prediction": "NaN",
            "Bao recommended hint": "(no hint)"
        }
    },
    {
        "Plan": {
            "Node Type": "Aggregate",
            "Strategy": "Plain",
            "Partial Mode": "Finalize",
            "Parallel Aware": false,
            "Startup Cost": 114358.31,
            "Total Cost": 114358.32,
            "Plan Rows": 1,
            "Plan Width": 8,
            "Actual Startup Time": 653.203,
            "Actual Total Time": 665.748,
            "Actual Rows": 1,
            "Actual Loops": 1,
            "Output": [
                "count(*)"
            ],
            "Plans": [
                {
                    "Node Type": "Gather",
                    "Parent Relationship": "Outer",
                    "Parallel Aware": false,
                    "Startup Cost": 114358.09,
                    "Total Cost": 114358.3,
                    "Plan Rows": 2,
                    "Plan Width": 8,
                    "Actual Startup Time": 646.04,
                    "Actual Total Time": 665.741,
                    "Actual Rows": 3,
                    "Actual Loops": 1,
                    "Output": [
                        "(PARTIAL count(*))"
                    ],
                    "Workers Planned": 2,
                    "Workers Launched": 2,
                    "Single Copy": false,
                    "Plans": [
                        {
                            "Node Type": "Aggregate",
                            "Strategy": "Plain",
                            "Partial Mode": "Partial",
                            "Parent Relationship": "Outer",
                            "Parallel Aware": false,
                            "Startup Cost": 113358.09,
                            "Total Cost": 113358.1,
                            "Plan Rows": 1,
                            "Plan Width": 8,
                            "Actual Startup Time": 638.608,
                            "Actual Total Time": 638.882,
                            "Actual Rows": 1,
                            "Actual Loops": 3,
                            "Output": [
                                "PARTIAL count(*)"
                            ],
                            "Workers": [
                                {
                                    "Worker Number": 0,
                                    "Actual Startup Time": 634.64,
                                    "Actual Total Time": 634.656,
                                    "Actual Rows": 1,
                                    "Actual Loops": 1
                                },
                                {
                                    "Worker Number": 1,
                                    "Actual Startup Time": 635.418,
                                    "Actual Total Time": 635.423,
                                    "Actual Rows": 1,
                                    "Actual Loops": 1
                                }
                            ],
                            "Plans": [
                                {
                                    "Node Type": "Hash Join",
                                    "Parent Relationship": "Outer",
                                    "Parallel Aware": true,
                                    "Join Type": "Inner",
                                    "Startup Cost": 96330.37,
                                    "Total Cost": 112840.14,
                                    "Plan Rows": 207180,
                                    "Plan Width": 0,
                                    "Actual Startup Time": 535.413,
                                    "Actual Total Time": 634.283,
                                    "Actual Rows": 101580,
                                    "Actual Loops": 3,
                                    "Inner Unique": false,
                                    "Hash Cond": "(mi_idx.movie_id = t.id)",
                                    "Workers": [
                                        {
                                            "Worker Number": 0,
                                            "Actual Startup Time": 531.627,
                                            "Actual Total Time": 629.669,
                                            "Actual Rows": 77245,
                                            "Actual Loops": 1
                                        },
                                        {
                                            "Worker Number": 1,
                                            "Actual Startup Time": 531.978,
                                            "Actual Total Time": 630.954,
                                            "Actual Rows": 112862,
                                            "Actual Loops": 1
                                        }
                                    ],
                                    "Plans": [
                                        {
                                            "Node Type": "Seq Scan",
                                            "Parent Relationship": "Outer",
                                            "Parallel Aware": true,
                                            "Relation Name": "movie_info_idx",
                                            "Schema": "public",
                                            "Alias": "mi_idx",
                                            "Startup Cost": 0.0,
                                            "Total Cost": 13685.15,
                                            "Plan Rows": 575015,
                                            "Plan Width": 4,
                                            "Actual Startup Time": 0.023,
                                            "Actual Total Time": 39.111,
                                            "Actual Rows": 460012,
                                            "Actual Loops": 3,
                                            "Output": [
                                                "mi_idx.id",
                                                "mi_idx.movie_id",
                                                "mi_idx.info_type_id",
                                                "mi_idx.info",
                                                "mi_idx.note"
                                            ],
                                            "Workers": [
                                                {
                                                    "Worker Number": 0,
                                                    "Actual Startup Time": 0.031,
                                                    "Actual Total Time": 40.364,
                                                    "Actual Rows": 327844,
                                                    "Actual Loops": 1
                                                },
                                                {
                                                    "Worker Number": 1,
                                                    "Actual Startup Time": 0.025,
                                                    "Actual Total Time": 40.07,
                                                    "Actual Rows": 504713,
                                                    "Actual Loops": 1
                                                }
                                            ]
                                        },
                                        {
                                            "Node Type": "Hash",
                                            "Parent Relationship": "Inner",
                                            "Parallel Aware": true,
                                            "Startup Cost": 92657.12,
                                            "Total Cost": 92657.12,
                                            "Plan Rows": 293860,
                                            "Plan Width": 8,
                                            "Actual Startup Time": 531.671,
                                            "Actual Total Time": 531.944,
                                            "Actual Rows": 63642,
                                            "Actual Loops": 3,
                                            "Output": [
                                                "t.id",
                                                "mk.movie_id"
                                            ],
                                            "Hash Buckets": 1048576,
                                            "Original Hash Buckets": 1048576,
                                            "Hash Batches": 1,
                                            "Original Hash Batches": 1,
                                            "Peak Memory Usage": 15712,
                                            "Workers": [
                                                {
                                                    "Worker Number": 0,
                                                    "Actual Startup Time": 530.657,
                                                    "Actual Total Time": 530.67,
                                                    "Actual Rows": 47061,
                                                    "Actual Loops": 1
                                                },
                                                {
                                                    "Worker Number": 1,
                                                    "Actual Startup Time": 531.091,
                                                    "Actual Total Time": 531.094,
                                                    "Actual Rows": 70087,
                                                    "Actual Loops": 1
                                                }
                                            ],
                                            "Plans": [
                                                {
                                                    "Node Type": "Hash Join",
                                                    "Parent Relationship": "Outer",
                                                    "Parallel Aware": true,
                                                    "Join Type": "Inner",
                                                    "Startup Cost": 48689.12,
                                                    "Total Cost": 92657.12,
                                                    "Plan Rows": 293860,
                                                    "Plan Width": 8,
                                                    "Actual Startup Time": 301.519,
                                                    "Actual Total Time": 516.483,
                                                    "Actual Rows": 63642,
                                                    "Actual Loops": 3,
                                                    "Output": [
                                                        "t.id",
                                                        "mk.movie_id"
                                                    ],
                                                    "Inner Unique": true,
                                                    "Hash Cond": "(mk.movie_id = t.id)",
                                                    "Workers": [
                                                        {
                                                            "Worker Number": 0,
                                                            "Actual Startup Time": 300.543,
                                                            "Actual Total Time": 515.871,
                                                            "Actual Rows": 47061,
                                                            "Actual Loops": 1
                                                        },
                                                        {
                                                            "Worker Number": 1,
                                                            "Actual Startup Time": 300.905,
                                                            "Actual Total Time": 515.08,
                                                            "Actual Rows": 70087,
                                                            "Actual Loops": 1
                                                        }
                                                    ],
                                                    "Plans": [
                                                        {
                                                            "Node Type": "Seq Scan",
                                                            "Parent Relationship": "Outer",
                                                            "Parallel Aware": true,
                                                            "Relation Name": "movie_keyword",
                                                            "Schema": "public",
                                                            "Alias": "mk",
                                                            "Startup Cost": 0.0,
                                                            "Total Cost": 42695.65,
                                                            "Plan Rows": 484705,
                                                            "Plan Width": 4,
                                                            "Actual Startup Time": 0.013,
                                                            "Actual Total Time": 130.229,
                                                            "Actual Rows": 500748,
                                                            "Actual Loops": 3,
                                                            "Output": [
                                                                "mk.id",
                                                                "mk.movie_id",
                                                                "mk.keyword_id"
                                                            ],
                                                            "Filter": "(mk.keyword_id < 2164)",
                                                            "Rows Removed by Filter": 1007228,
                                                            "Workers": [
                                                                {
                                                                    "Worker Number": 0,
                                                                    "Actual Startup Time": 0.016,
                                                                    "Actual Total Time": 136.432,
                                                                    "Actual Rows": 363414,
                                                                    "Actual Loops": 1
                                                                },
                                                                {
                                                                    "Worker Number": 1,
                                                                    "Actual Startup Time": 0.013,
                                                                    "Actual Total Time": 129.965,
                                                                    "Actual Rows": 546631,
                                                                    "Actual Loops": 1
                                                                }
                                                            ]
                                                        },
                                                        {
                                                            "Node Type": "Hash",
                                                            "Parent Relationship": "Inner",
                                                            "Parallel Aware": true,
                                                            "Startup Cost": 43899.01,
                                                            "Total Cost": 43899.01,
                                                            "Plan Rows": 383209,
                                                            "Plan Width": 4,
                                                            "Actual Startup Time": 297.347,
                                                            "Actual Total Time": 297.352,
                                                            "Actual Rows": 514421,
                                                            "Actual Loops": 3,
                                                            "Output": [
                                                                "t.id"
                                                            ],
                                                            "Hash Buckets": 2097152,
                                                            "Original Hash Buckets": 2097152,
                                                            "Hash Batches": 1,
                                                            "Original Hash Batches": 1,
                                                            "Peak Memory Usage": 76800,
                                                            "Workers": [
                                                                {
                                                                    "Worker Number": 0,
                                                                    "Actual Startup Time": 300.483,
                                                                    "Actual Total Time": 300.495,
                                                                    "Actual Rows": 367015,
                                                                    "Actual Loops": 1
                                                                },
                                                                {
                                                                    "Worker Number": 1,
                                                                    "Actual Startup Time": 300.809,
                                                                    "Actual Total Time": 300.81,
                                                                    "Actual Rows": 531254,
                                                                    "Actual Loops": 1
                                                                }
                                                            ],
                                                            "Plans": [
                                                                {
                                                                    "Node Type": "Seq Scan",
                                                                    "Parent Relationship": "Outer",
                                                                    "Parallel Aware": true,
                                                                    "Relation Name": "title",
                                                                    "Schema": "public",
                                                                    "Alias": "t",
                                                                    "Startup Cost": 0.0,
                                                                    "Total Cost": 43899.01,
                                                                    "Plan Rows": 383209,
                                                                    "Plan Width": 4,
                                                                    "Actual Startup Time": 0.048,
                                                                    "Actual Total Time": 122.882,
                                                                    "Actual Rows": 514421,
                                                                    "Actual Loops": 3,
                                                                    "Output": [
                                                                        "t.id"
                                                                    ],
                                                                    "Filter": "(t.kind_id = 7)",
                                                                    "Rows Removed by Filter": 328349,
                                                                    "Workers": [
                                                                        {
                                                                            "Worker Number": 0,
                                                                            "Actual Startup Time": 0.063,
                                                                            "Actual Total Time": 128.948,
                                                                            "Actual Rows": 367015,
                                                                            "Actual Loops": 1
                                                                        },
                                                                        {
                                                                            "Worker Number": 1,
                                                                            "Actual Startup Time": 0.069,
                                                                            "Actual Total Time": 125.587,
                                                                            "Actual Rows": 531254,
                                                                            "Actual Loops": 1
                                                                        }
                                                                    ]
                                                                }
                                                            ]
                                                        }
                                                    ]
                                                }
                                            ]
                                        }
                                    ]
                                }
                            ]
                        }
                    ]
                }
            ]
        },
        "Planning Time": 190.541,
        "Triggers": [],
        "Execution Time": 665.812
    }
]