{
  "Plan": {
    "Node Type": "Aggregate",
    "Strategy": "Plain",
    "Partial Mode": "Finalize",
    "Parallel Aware": false,
    "Startup Cost": 259553.99,
    "Total Cost": 259554.0,
    "Plan Rows": 1,
    "Plan Width": 8,
    "Actual Startup Time": 464.155,
    "Actual Total Time": 477.338,
    "Actual Rows": 1,
    "Actual Loops": 1,
    "Plans": [
      {
        "Node Type": "Gather",
        "Parent Relationship": "Outer",
        "Parallel Aware": false,
        "Startup Cost": 259553.88,
        "Total Cost": 259553.99,
        "Plan Rows": 1,
        "Plan Width": 8,
        "Actual Startup Time": 462.377,
        "Actual Total Time": 477.33,
        "Actual Rows": 2,
        "Actual Loops": 1,
        "Workers Planned": 1,
        "Workers Launched": 1,
        "Single Copy": false,
        "Plans": [
          {
            "Node Type": "Aggregate",
            "Strategy": "Plain",
            "Partial Mode": "Partial",
            "Parent Relationship": "Outer",
            "Parallel Aware": false,
            "Startup Cost": 258553.88,
            "Total Cost": 258553.89,
            "Plan Rows": 1,
            "Plan Width": 8,
            "Actual Startup Time": 456.275,
            "Actual Total Time": 456.562,
            "Actual Rows": 1,
            "Actual Loops": 2,
            "Plans": [
              {
                "Node Type": "Hash Join",
                "Parent Relationship": "Outer",
                "Parallel Aware": true,
                "Join Type": "Inner",
                "Startup Cost": 91614.88,
                "Total Cost": 258468.19,
                "Plan Rows": 34278,
                "Plan Width": 0,
                "Actual Startup Time": 438.771,
                "Actual Total Time": 456.504,
                "Actual Rows": 950,
                "Actual Loops": 2,
                "Inner Unique": false,
                "Hash Cond": "(mi.movie_id = t.id)",
                "Plans": [
                  {
                    "Node Type": "Bitmap Heap Scan",
                    "Parent Relationship": "Outer",
                    "Parallel Aware": true,
                    "Relation Name": "movie_info",
                    "Alias": "mi",
                    "Startup Cost": 8829.54,
                    "Total Cost": 174406.13,
                    "Plan Rows": 286687,
                    "Plan Width": 4,
                    "Actual Startup Time": 15.236,
                    "Actual Total Time": 40.146,
                    "Actual Rows": 232818,
                    "Actual Loops": 2,
                    "Recheck Cond": "(info_type_id > 103)",
                    "Rows Removed by Index Recheck": 0,
                    "Exact Heap Blocks": 2844,
                    "Lossy Heap Blocks": 0,
                    "Plans": [
                      {
                        "Node Type": "Bitmap Index Scan",
                        "Parent Relationship": "Outer",
                        "Parallel Aware": false,
                        "Index Name": "info_type_id_movie_info",
                        "Startup Cost": 0.0,
                        "Total Cost": 8707.69,
                        "Plan Rows": 487368,
                        "Plan Width": 0,
                        "Actual Startup Time": 14.518,
                        "Actual Total Time": 14.518,
                        "Actual Rows": 465636,
                        "Actual Loops": 1,
                        "Index Cond": "(info_type_id > 103)"
                      }
                    ]
                  },
                  {
                    "Node Type": "Hash",
                    "Parent Relationship": "Inner",
                    "Parallel Aware": true,
                    "Startup Cost": 80562.54,
                    "Total Cost": 80562.54,
                    "Plan Rows": 177824,
                    "Plan Width": 8,
                    "Actual Startup Time": 386.119,
                    "Actual Total Time": 386.404,
                    "Actual Rows": 67712,
                    "Actual Loops": 2,
                    "Hash Buckets": 524288,
                    "Original Hash Buckets": 524288,
                    "Hash Batches": 1,
                    "Original Hash Batches": 1,
                    "Peak Memory Usage": 9408,
                    "Plans": [
                      {
                        "Node Type": "Hash Join",
                        "Parent Relationship": "Outer",
                        "Parallel Aware": true,
                        "Join Type": "Inner",
                        "Startup Cost": 62378.76,
                        "Total Cost": 80562.54,
                        "Plan Rows": 177824,
                        "Plan Width": 8,
                        "Actual Startup Time": 233.551,
                        "Actual Total Time": 371.934,
                        "Actual Rows": 67712,
                        "Actual Loops": 2,
                        "Inner Unique": true,
                        "Hash Cond": "(mi_idx.movie_id = t.id)",
                        "Plans": [
                          {
                            "Node Type": "Seq Scan",
                            "Parent Relationship": "Outer",
                            "Parallel Aware": true,
                            "Relation Name": "movie_info_idx",
                            "Alias": "mi_idx",
                            "Startup Cost": 0.0,
                            "Total Cost": 16052.85,
                            "Plan Rows": 811785,
                            "Plan Width": 4,
                            "Actual Startup Time": 0.019,
                            "Actual Total Time": 47.309,
                            "Actual Rows": 690018,
                            "Actual Loops": 2
                          },
                          {
                            "Node Type": "Hash",
                            "Parent Relationship": "Inner",
                            "Parallel Aware": true,
                            "Startup Cost": 58306.47,
                            "Total Cost": 58306.47,
                            "Plan Rows": 325783,
                            "Plan Width": 4,
                            "Actual Startup Time": 226.79,
                            "Actual Total Time": 226.791,
                            "Actual Rows": 301202,
                            "Actual Loops": 2,
                            "Hash Buckets": 1048576,
                            "Original Hash Buckets": 1048576,
                            "Hash Batches": 1,
                            "Original Hash Batches": 1,
                            "Peak Memory Usage": 31776,
                            "Plans": [
                              {
                                "Node Type": "Seq Scan",
                                "Parent Relationship": "Outer",
                                "Parallel Aware": true,
                                "Relation Name": "title",
                                "Alias": "t",
                                "Startup Cost": 0.0,
                                "Total Cost": 58306.47,
                                "Plan Rows": 325783,
                                "Plan Width": 4,
                                "Actual Startup Time": 0.038,
                                "Actual Total Time": 147.477,
                                "Actual Rows": 301202,
                                "Actual Loops": 2,
                                "Filter": "((production_year > 2006) AND (kind_id = 7))",
                                "Rows Removed by Filter": 962954
                              }
                            ]
                          }
                        ]
                      }
                    ]
                  }
                ]
              }
            ]
          }
        ]
      }
    ]
  },
  "Planning Time": 0.966,
  "Triggers": [],
  "Execution Time": 477.438
}