[
  {
    "Plan": {
      "Node Type": "Aggregate",
      "Strategy": "Plain",
      "Partial Mode": "Finalize",
      "Parallel Aware": false,
      "Startup Cost": 348131.02,
      "Total Cost": 348131.03,
      "Plan Rows": 1,
      "Plan Width": 8,
      "Actual Startup Time": 677.686,
      "Actual Total Time": 720.296,
      "Actual Rows": 1,
      "Actual Loops": 1,
      "Plans": [
        {
          "Node Type": "Gather",
          "Parent Relationship": "Outer",
          "Parallel Aware": false,
          "Startup Cost": 348130.4,
          "Total Cost": 348131.01,
          "Plan Rows": 6,
          "Plan Width": 8,
          "Actual Startup Time": 677.478,
          "Actual Total Time": 720.283,
          "Actual Rows": 7,
          "Actual Loops": 1,
          "Workers Planned": 6,
          "Workers Launched": 6,
          "Single Copy": false,
          "Plans": [
            {
              "Node Type": "Aggregate",
              "Strategy": "Plain",
              "Partial Mode": "Partial",
              "Parent Relationship": "Outer",
              "Parallel Aware": false,
              "Startup Cost": 347130.4,
              "Total Cost": 347130.41,
              "Plan Rows": 1,
              "Plan Width": 8,
              "Actual Startup Time": 669.09,
              "Actual Total Time": 669.093,
              "Actual Rows": 1,
              "Actual Loops": 7,
              "Plans": [
                {
                  "Node Type": "Seq Scan",
                  "Parent Relationship": "Outer",
                  "Parallel Aware": true,
                  "Relation Name": "cast_info",
                  "Alias": "ci",
                  "Startup Cost": 0.0,
                  "Total Cost": 343316.27,
                  "Plan Rows": 1525651,
                  "Plan Width": 0,
                  "Actual Startup Time": 322.355,
                  "Actual Total Time": 628.047,
                  "Actual Rows": 857111,
                  "Actual Loops": 7,
                  "Filter": "((person_id > 2548847) AND (role_id < 7))",
                  "Rows Removed by Filter": 4320652
                }
              ]
            }
          ]
        }
      ]
    },
    "Planning Time": 0.175,
    "Triggers": [],
    "Execution Time": 720.366
  }
]