[
  {
    "Plan": {
      "Node Type": "Aggregate",
      "Strategy": "Plain",
      "Partial Mode": "Finalize",
      "Parallel Aware": false,
      "Startup Cost": 351244.02,
      "Total Cost": 351244.03,
      "Plan Rows": 1,
      "Plan Width": 8,
      "Actual Startup Time": 850.505,
      "Actual Total Time": 914.142,
      "Actual Rows": 1,
      "Actual Loops": 1,
      "Plans": [
        {
          "Node Type": "Gather",
          "Parent Relationship": "Outer",
          "Parallel Aware": false,
          "Startup Cost": 351243.4,
          "Total Cost": 351244.01,
          "Plan Rows": 6,
          "Plan Width": 8,
          "Actual Startup Time": 850.089,
          "Actual Total Time": 914.124,
          "Actual Rows": 7,
          "Actual Loops": 1,
          "Workers Planned": 6,
          "Workers Launched": 6,
          "Single Copy": false,
          "Plans": [
            {
              "Node Type": "Aggregate",
              "Strategy": "Plain",
              "Partial Mode": "Partial",
              "Parent Relationship": "Outer",
              "Parallel Aware": false,
              "Startup Cost": 350243.4,
              "Total Cost": 350243.41,
              "Plan Rows": 1,
              "Plan Width": 8,
              "Actual Startup Time": 842.369,
              "Actual Total Time": 842.371,
              "Actual Rows": 1,
              "Actual Loops": 7,
              "Plans": [
                {
                  "Node Type": "Seq Scan",
                  "Parent Relationship": "Outer",
                  "Parallel Aware": true,
                  "Relation Name": "cast_info",
                  "Alias": "ci",
                  "Startup Cost": 0.0,
                  "Total Cost": 343316.27,
                  "Plan Rows": 2770850,
                  "Plan Width": 0,
                  "Actual Startup Time": 0.051,
                  "Actual Total Time": 723.273,
                  "Actual Rows": 2635532,
                  "Actual Loops": 7,
                  "Filter": "((person_id < 1925715) AND (role_id < 10))",
                  "Rows Removed by Filter": 2542232
                }
              ]
            }
          ]
        }
      ]
    },
    "Planning Time": 0.081,
    "Triggers": [],
    "Execution Time": 914.194
  }
]