{
    "Plan": {
        "Node Type": "Aggregate",
        "Strategy": "Plain",
        "Partial Mode": "Finalize",
        "Parallel Aware": false,
        "Startup Cost": 206881.56,
        "Total Cost": 206881.57,
        "Plan Rows": 1,
        "Plan Width": 8,
        "Actual Startup Time": 586.907,
        "Actual Total Time": 630.093,
        "Actual Rows": 1,
        "Actual Loops": 1,
        "Output": [
            "count(*)"
        ],
        "Plans": [
            {
                "Node Type": "Gather",
                "Parent Relationship": "Outer",
                "Parallel Aware": false,
                "Startup Cost": 206881.03,
                "Total Cost": 206881.54,
                "Plan Rows": 5,
                "Plan Width": 8,
                "Actual Startup Time": 586.825,
                "Actual Total Time": 630.081,
                "Actual Rows": 6,
                "Actual Loops": 1,
                "Output": [
                    "(PARTIAL count(*))"
                ],
                "Workers Planned": 5,
                "Workers Launched": 5,
                "Single Copy": false,
                "Plans": [
                    {
                        "Node Type": "Aggregate",
                        "Strategy": "Plain",
                        "Partial Mode": "Partial",
                        "Parent Relationship": "Outer",
                        "Parallel Aware": false,
                        "Startup Cost": 205881.03,
                        "Total Cost": 205881.04,
                        "Plan Rows": 1,
                        "Plan Width": 8,
                        "Actual Startup Time": 576.586,
                        "Actual Total Time": 576.588,
                        "Actual Rows": 1,
                        "Actual Loops": 6,
                        "Output": [
                            "PARTIAL count(*)"
                        ],
                        "Workers": [
                            {
                                "Worker Number": 0,
                                "Actual Startup Time": 573.727,
                                "Actual Total Time": 573.728,
                                "Actual Rows": 1,
                                "Actual Loops": 1
                            },
                            {
                                "Worker Number": 1,
                                "Actual Startup Time": 574.579,
                                "Actual Total Time": 574.581,
                                "Actual Rows": 1,
                                "Actual Loops": 1
                            },
                            {
                                "Worker Number": 2,
                                "Actual Startup Time": 574.964,
                                "Actual Total Time": 574.965,
                                "Actual Rows": 1,
                                "Actual Loops": 1
                            },
                            {
                                "Worker Number": 3,
                                "Actual Startup Time": 575.071,
                                "Actual Total Time": 575.071,
                                "Actual Rows": 1,
                                "Actual Loops": 1
                            },
                            {
                                "Worker Number": 4,
                                "Actual Startup Time": 575.347,
                                "Actual Total Time": 575.348,
                                "Actual Rows": 1,
                                "Actual Loops": 1
                            }
                        ],
                        "Plans": [
                            {
                                "Node Type": "Seq Scan",
                                "Parent Relationship": "Outer",
                                "Parallel Aware": true,
                                "Relation Name": "movie_info",
                                "Schema": "public",
                                "Alias": "mi",
                                "Startup Cost": 0.0,
                                "Total Cost": 198880.74,
                                "Plan Rows": 2800119,
                                "Plan Width": 0,
                                "Actual Startup Time": 0.073,
                                "Actual Total Time": 459.803,
                                "Actual Rows": 2338930,
                                "Actual Loops": 6,
                                "Output": [
                                    "id",
                                    "movie_id",
                                    "info_type_id",
                                    "info",
                                    "note"
                                ],
                                "Filter": "(mi.info_type_id > 1)",
                                "Rows Removed by Filter": 133690,
                                "Workers": [
                                    {
                                        "Worker Number": 0,
                                        "Actual Startup Time": 0.069,
                                        "Actual Total Time": 459.521,
                                        "Actual Rows": 2859231,
                                        "Actual Loops": 1
                                    },
                                    {
                                        "Worker Number": 1,
                                        "Actual Startup Time": 0.088,
                                        "Actual Total Time": 456.394,
                                        "Actual Rows": 1833342,
                                        "Actual Loops": 1
                                    },
                                    {
                                        "Worker Number": 2,
                                        "Actual Startup Time": 0.07,
                                        "Actual Total Time": 464.474,
                                        "Actual Rows": 2707281,
                                        "Actual Loops": 1
                                    },
                                    {
                                        "Worker Number": 3,
                                        "Actual Startup Time": 0.072,
                                        "Actual Total Time": 456.421,
                                        "Actual Rows": 1857937,
                                        "Actual Loops": 1
                                    },
                                    {
                                        "Worker Number": 4,
                                        "Actual Startup Time": 0.071,
                                        "Actual Total Time": 461.002,
                                        "Actual Rows": 2860834,
                                        "Actual Loops": 1
                                    }
                                ]
                            }
                        ]
                    }
                ]
            }
        ]
    },
    "Planning Time": 2.036,
    "Triggers": [],
    "Execution Time": 630.45
}