{
  "Plan": {
    "Node Type": "Aggregate",
    "Strategy": "Plain",
    "Partial Mode": "Finalize",
    "Parallel Aware": false,
    "Startup Cost": 95772.49,
    "Total Cost": 95772.5,
    "Plan Rows": 1,
    "Plan Width": 8,
    "Actual Startup Time": 280.473,
    "Actual Total Time": 298.848,
    "Actual Rows": 1,
    "Actual Loops": 1,
    "Plans": [
      {
        "Node Type": "Gather",
        "Parent Relationship": "Outer",
        "Parallel Aware": false,
        "Startup Cost": 95772.38,
        "Total Cost": 95772.49,
        "Plan Rows": 1,
        "Plan Width": 8,
        "Actual Startup Time": 280.126,
        "Actual Total Time": 298.84,
        "Actual Rows": 2,
        "Actual Loops": 1,
        "Workers Planned": 1,
        "Workers Launched": 1,
        "Single Copy": false,
        "Plans": [
          {
            "Node Type": "Aggregate",
            "Strategy": "Plain",
            "Partial Mode": "Partial",
            "Parent Relationship": "Outer",
            "Parallel Aware": false,
            "Startup Cost": 94772.38,
            "Total Cost": 94772.39,
            "Plan Rows": 1,
            "Plan Width": 8,
            "Actual Startup Time": 274.081,
            "Actual Total Time": 274.085,
            "Actual Rows": 1,
            "Actual Loops": 2,
            "Plans": [
              {
                "Node Type": "Nested Loop",
                "Parent Relationship": "Outer",
                "Parallel Aware": false,
                "Join Type": "Inner",
                "Startup Cost": 56471.61,
                "Total Cost": 94769.09,
                "Plan Rows": 1315,
                "Plan Width": 0,
                "Actual Startup Time": 123.383,
                "Actual Total Time": 273.661,
                "Actual Rows": 5528,
                "Actual Loops": 2,
                "Inner Unique": false,
                "Join Filter": "(t.id = mc.movie_id)",
                "Rows Removed by Join Filter": 0,
                "Plans": [
                  {
                    "Node Type": "Hash Join",
                    "Parent Relationship": "Outer",
                    "Parallel Aware": true,
                    "Join Type": "Inner",
                    "Startup Cost": 56471.18,
                    "Total Cost": 88345.58,
                    "Plan Rows": 9299,
                    "Plan Width": 8,
                    "Actual Startup Time": 123.25,
                    "Actual Total Time": 245.039,
                    "Actual Rows": 6424,
                    "Actual Loops": 2,
                    "Inner Unique": true,
                    "Hash Cond": "(mk.movie_id = t.id)",
                    "Plans": [
                      {
                        "Node Type": "Bitmap Heap Scan",
                        "Parent Relationship": "Outer",
                        "Parallel Aware": true,
                        "Relation Name": "movie_keyword",
                        "Alias": "mk",
                        "Startup Cost": 17692.16,
                        "Total Cost": 48278.72,
                        "Plan Rows": 490605,
                        "Plan Width": 4,
                        "Actual Startup Time": 47.291,
                        "Actual Total Time": 130.89,
                        "Actual Rows": 409994,
                        "Actual Loops": 2,
                        "Recheck Cond": "(keyword_id > 22371)",
                        "Rows Removed by Index Recheck": 0,
                        "Exact Heap Blocks": 14071,
                        "Lossy Heap Blocks": 0,
                        "Plans": [
                          {
                            "Node Type": "Bitmap Index Scan",
                            "Parent Relationship": "Outer",
                            "Parallel Aware": false,
                            "Index Name": "keyword_id_movie_keyword",
                            "Startup Cost": 0.0,
                            "Total Cost": 17483.65,
                            "Plan Rows": 834029,
                            "Plan Width": 0,
                            "Actual Startup Time": 43.628,
                            "Actual Total Time": 43.629,
                            "Actual Rows": 819988,
                            "Actual Loops": 1,
                            "Index Cond": "(keyword_id > 22371)"
                          }
                        ]
                      },
                      {
                        "Node Type": "Hash",
                        "Parent Relationship": "Inner",
                        "Parallel Aware": true,
                        "Startup Cost": 38426.64,
                        "Total Cost": 38426.64,
                        "Plan Rows": 28190,
                        "Plan Width": 4,
                        "Actual Startup Time": 74.656,
                        "Actual Total Time": 74.657,
                        "Actual Rows": 26556,
                        "Actual Loops": 2,
                        "Hash Buckets": 65536,
                        "Original Hash Buckets": 65536,
                        "Hash Batches": 1,
                        "Original Hash Batches": 1,
                        "Peak Memory Usage": 2624,
                        "Plans": [
                          {
                            "Node Type": "Bitmap Heap Scan",
                            "Parent Relationship": "Outer",
                            "Parallel Aware": true,
                            "Relation Name": "title",
                            "Alias": "t",
                            "Startup Cost": 1628.52,
                            "Total Cost": 38426.64,
                            "Plan Rows": 28190,
                            "Plan Width": 4,
                            "Actual Startup Time": 21.419,
                            "Actual Total Time": 68.555,
                            "Actual Rows": 26556,
                            "Actual Loops": 2,
                            "Recheck Cond": "(kind_id = 2)",
                            "Rows Removed by Index Recheck": 0,
                            "Filter": "(production_year < 2005)",
                            "Rows Removed by Filter": 18870,
                            "Exact Heap Blocks": 19869,
                            "Lossy Heap Blocks": 0,
                            "Plans": [
                              {
                                "Node Type": "Bitmap Index Scan",
                                "Parent Relationship": "Outer",
                                "Parallel Aware": false,
                                "Index Name": "kind_id_title",
                                "Startup Cost": 0.0,
                                "Total Cost": 1616.54,
                                "Plan Rows": 90681,
                                "Plan Width": 0,
                                "Actual Startup Time": 18.329,
                                "Actual Total Time": 18.33,
                                "Actual Rows": 90852,
                                "Actual Loops": 1,
                                "Index Cond": "(kind_id = 2)"
                              }
                            ]
                          }
                        ]
                      }
                    ]
                  },
                  {
                    "Node Type": "Index Scan",
                    "Parent Relationship": "Inner",
                    "Parallel Aware": false,
                    "Scan Direction": "Forward",
                    "Index Name": "movie_id_movie_companies",
                    "Relation Name": "movie_companies",
                    "Alias": "mc",
                    "Startup Cost": 0.43,
                    "Total Cost": 0.68,
                    "Plan Rows": 1,
                    "Plan Width": 4,
                    "Actual Startup Time": 0.004,
                    "Actual Total Time": 0.004,
                    "Actual Rows": 1,
                    "Actual Loops": 12848,
                    "Index Cond": "(movie_id = mk.movie_id)",
                    "Rows Removed by Index Recheck": 0,
                    "Filter": "((company_id > 42567) AND (company_type_id > 1))",
                    "Rows Removed by Filter": 5
                  }
                ]
              }
            ]
          }
        ]
      }
    ]
  },
  "Planning Time": 1.04,
  "Triggers": [],
  "Execution Time": 299.007
}