{
    "Plan": {
        "Node Type": "Aggregate",
        "Strategy": "Plain",
        "Partial Mode": "Simple",
        "Parallel Aware": false,
        "Startup Cost": 50007726836.79,
        "Total Cost": 50007726836.8,
        "Plan Rows": 1,
        "Plan Width": 96,
        "Actual Startup Time": 7203.802,
        "Actual Total Time": 7203.81,
        "Actual Rows": 1,
        "Actual Loops": 1,
        "Output": [
            "min(cn.name)",
            "min((lt.link)::text)",
            "min(t.title)"
        ],
        "Plans": [
            {
                "Node Type": "Nested Loop",
                "Parent Relationship": "Outer",
                "Parallel Aware": false,
                "Join Type": "Inner",
                "Startup Cost": 50007725729.78,
                "Total Cost": 50007726836.78,
                "Plan Rows": 1,
                "Plan Width": 48,
                "Actual Startup Time": 7197.498,
                "Actual Total Time": 7203.801,
                "Actual Rows": 1,
                "Actual Loops": 1,
                "Output": [
                    "cn.name",
                    "lt.link",
                    "t.title"
                ],
                "Inner Unique": true,
                "Plans": [
                    {
                        "Node Type": "Hash Join",
                        "Parent Relationship": "Outer",
                        "Parallel Aware": false,
                        "Join Type": "Inner",
                        "Startup Cost": 40007725729.35,
                        "Total Cost": 40007726832.33,
                        "Plan Rows": 1,
                        "Plan Width": 33,
                        "Actual Startup Time": 7197.374,
                        "Actual Total Time": 7203.711,
                        "Actual Rows": 5,
                        "Actual Loops": 1,
                        "Output": [
                            "mc.company_id",
                            "lt.link",
                            "t.title"
                        ],
                        "Inner Unique": false,
                        "Hash Cond": "(mk.keyword_id = k.id)",
                        "Plans": [
                            {
                                "Node Type": "Merge Join",
                                "Parent Relationship": "Outer",
                                "Parallel Aware": false,
                                "Join Type": "Inner",
                                "Startup Cost": 30007723103.21,
                                "Total Cost": 30007724083.59,
                                "Plan Rows": 32692,
                                "Plan Width": 37,
                                "Actual Startup Time": 7175.869,
                                "Actual Total Time": 7180.658,
                                "Actual Rows": 34400,
                                "Actual Loops": 1,
                                "Output": [
                                    "mc.company_id",
                                    "mk.keyword_id",
                                    "lt.link",
                                    "t.title"
                                ],
                                "Inner Unique": false,
                                "Merge Cond": "(ct.id = mc.company_type_id)",
                                "Plans": [
                                    {
                                        "Node Type": "Sort",
                                        "Parent Relationship": "Outer",
                                        "Parallel Aware": false,
                                        "Startup Cost": 10000000001.06,
                                        "Total Cost": 10000000001.06,
                                        "Plan Rows": 1,
                                        "Plan Width": 4,
                                        "Actual Startup Time": 0.058,
                                        "Actual Total Time": 0.059,
                                        "Actual Rows": 1,
                                        "Actual Loops": 1,
                                        "Output": [
                                            "ct.id"
                                        ],
                                        "Sort Key": [
                                            "ct.id"
                                        ],
                                        "Sort Method": "quicksort",
                                        "Sort Space Used": 25,
                                        "Sort Space Type": "Memory",
                                        "Plans": [
                                            {
                                                "Node Type": "Seq Scan",
                                                "Parent Relationship": "Outer",
                                                "Parallel Aware": false,
                                                "Relation Name": "company_type",
                                                "Schema": "public",
                                                "Alias": "ct",
                                                "Startup Cost": 10000000000.0,
                                                "Total Cost": 10000000001.05,
                                                "Plan Rows": 1,
                                                "Plan Width": 4,
                                                "Actual Startup Time": 0.013,
                                                "Actual Total Time": 0.015,
                                                "Actual Rows": 1,
                                                "Actual Loops": 1,
                                                "Output": [
                                                    "ct.id"
                                                ],
                                                "Filter": "((ct.kind)::text = 'production companies'::text)",
                                                "Rows Removed by Filter": 3
                                            }
                                        ]
                                    },
                                    {
                                        "Node Type": "Sort",
                                        "Parent Relationship": "Inner",
                                        "Parallel Aware": false,
                                        "Startup Cost": 20007723102.15,
                                        "Total Cost": 20007723428.94,
                                        "Plan Rows": 130716,
                                        "Plan Width": 41,
                                        "Actual Startup Time": 7175.378,
                                        "Actual Total Time": 7176.686,
                                        "Actual Rows": 39360,
                                        "Actual Loops": 1,
                                        "Output": [
                                            "lt.link",
                                            "mc.company_type_id",
                                            "mc.company_id",
                                            "mk.keyword_id",
                                            "t.title"
                                        ],
                                        "Sort Key": [
                                            "mc.company_type_id"
                                        ],
                                        "Sort Method": "quicksort",
                                        "Sort Space Used": 5040,
                                        "Sort Space Type": "Memory",
                                        "Plans": [
                                            {
                                                "Node Type": "Merge Join",
                                                "Parent Relationship": "Outer",
                                                "Parallel Aware": false,
                                                "Join Type": "Inner",
                                                "Startup Cost": 20007705311.53,
                                                "Total Cost": 20007711993.85,
                                                "Plan Rows": 130716,
                                                "Plan Width": 41,
                                                "Actual Startup Time": 7138.917,
                                                "Actual Total Time": 7169.251,
                                                "Actual Rows": 39360,
                                                "Actual Loops": 1,
                                                "Output": [
                                                    "lt.link",
                                                    "mc.company_type_id",
                                                    "mc.company_id",
                                                    "mk.keyword_id",
                                                    "t.title"
                                                ],
                                                "Inner Unique": false,
                                                "Merge Cond": "(mc.movie_id = ml.movie_id)",
                                                "Plans": [
                                                    {
                                                        "Node Type": "Sort",
                                                        "Parent Relationship": "Outer",
                                                        "Parallel Aware": false,
                                                        "Startup Cost": 173139.97,
                                                        "Total Cost": 176303.54,
                                                        "Plan Rows": 1265428,
                                                        "Plan Width": 12,
                                                        "Actual Startup Time": 448.156,
                                                        "Actual Total Time": 449.599,
                                                        "Actual Rows": 41700,
                                                        "Actual Loops": 1,
                                                        "Output": [
                                                            "mc.movie_id",
                                                            "mc.company_type_id",
                                                            "mc.company_id"
                                                        ],
                                                        "Sort Key": [
                                                            "mc.movie_id"
                                                        ],
                                                        "Sort Method": "quicksort",
                                                        "Sort Space Used": 108777,
                                                        "Sort Space Type": "Memory",
                                                        "Plans": [
                                                            {
                                                                "Node Type": "Seq Scan",
                                                                "Parent Relationship": "Outer",
                                                                "Parallel Aware": false,
                                                                "Relation Name": "movie_companies",
                                                                "Schema": "public",
                                                                "Alias": "mc",
                                                                "Startup Cost": 0.0,
                                                                "Total Cost": 44881.29,
                                                                "Plan Rows": 1265428,
                                                                "Plan Width": 12,
                                                                "Actual Startup Time": 0.023,
                                                                "Actual Total Time": 227.268,
                                                                "Actual Rows": 1271989,
                                                                "Actual Loops": 1,
                                                                "Output": [
                                                                    "mc.movie_id",
                                                                    "mc.company_type_id",
                                                                    "mc.company_id"
                                                                ],
                                                                "Filter": "(mc.note IS NULL)",
                                                                "Rows Removed by Filter": 1337140
                                                            }
                                                        ]
                                                    },
                                                    {
                                                        "Node Type": "Materialize",
                                                        "Parent Relationship": "Inner",
                                                        "Parallel Aware": false,
                                                        "Startup Cost": 20007532170.41,
                                                        "Total Cost": 20007536771.3,
                                                        "Plan Rows": 50005,
                                                        "Plan Width": 45,
                                                        "Actual Startup Time": 6690.746,
                                                        "Actual Total Time": 6712.983,
                                                        "Actual Rows": 39746,
                                                        "Actual Loops": 1,
                                                        "Output": [
                                                            "lt.link",
                                                            "ml.movie_id",
                                                            "mk.movie_id",
                                                            "mk.keyword_id",
                                                            "t.title",
                                                            "t.id"
                                                        ],
                                                        "Plans": [
                                                            {
                                                                "Node Type": "Merge Join",
                                                                "Parent Relationship": "Outer",
                                                                "Parallel Aware": false,
                                                                "Join Type": "Inner",
                                                                "Startup Cost": 20007532170.41,
                                                                "Total Cost": 20007536646.29,
                                                                "Plan Rows": 50005,
                                                                "Plan Width": 45,
                                                                "Actual Startup Time": 6690.733,
                                                                "Actual Total Time": 6709.154,
                                                                "Actual Rows": 10177,
                                                                "Actual Loops": 1,
                                                                "Output": [
                                                                    "lt.link",
                                                                    "ml.movie_id",
                                                                    "mk.movie_id",
                                                                    "mk.keyword_id",
                                                                    "t.title",
                                                                    "t.id"
                                                                ],
                                                                "Inner Unique": false,
                                                                "Merge Cond": "(ml.movie_id = mk.movie_id)",
                                                                "Plans": [
                                                                    {
                                                                        "Node Type": "Sort",
                                                                        "Parent Relationship": "Outer",
                                                                        "Parallel Aware": false,
                                                                        "Startup Cost": 10007532169.96,
                                                                        "Total Cost": 10007532172.71,
                                                                        "Plan Rows": 1100,
                                                                        "Plan Width": 37,
                                                                        "Actual Startup Time": 6690.692,
                                                                        "Actual Total Time": 6690.791,
                                                                        "Actual Rows": 1497,
                                                                        "Actual Loops": 1,
                                                                        "Output": [
                                                                            "lt.link",
                                                                            "ml.movie_id",
                                                                            "t.title",
                                                                            "t.id"
                                                                        ],
                                                                        "Sort Key": [
                                                                            "ml.movie_id"
                                                                        ],
                                                                        "Sort Method": "quicksort",
                                                                        "Sort Space Used": 179,
                                                                        "Sort Space Type": "Memory",
                                                                        "Plans": [
                                                                            {
                                                                                "Node Type": "Hash Join",
                                                                                "Parent Relationship": "Outer",
                                                                                "Parallel Aware": false,
                                                                                "Join Type": "Inner",
                                                                                "Startup Cost": 10007532095.07,
                                                                                "Total Cost": 10007532114.39,
                                                                                "Plan Rows": 1100,
                                                                                "Plan Width": 37,
                                                                                "Actual Startup Time": 6690.176,
                                                                                "Actual Total Time": 6690.375,
                                                                                "Actual Rows": 1497,
                                                                                "Actual Loops": 1,
                                                                                "Output": [
                                                                                    "lt.link",
                                                                                    "ml.movie_id",
                                                                                    "t.title",
                                                                                    "t.id"
                                                                                ],
                                                                                "Inner Unique": false,
                                                                                "Hash Cond": "(lt.id = ml.link_type_id)",
                                                                                "Plans": [
                                                                                    {
                                                                                        "Node Type": "Seq Scan",
                                                                                        "Parent Relationship": "Outer",
                                                                                        "Parallel Aware": false,
                                                                                        "Relation Name": "link_type",
                                                                                        "Schema": "public",
                                                                                        "Alias": "lt",
                                                                                        "Startup Cost": 0.0,
                                                                                        "Total Cost": 1.23,
                                                                                        "Plan Rows": 1,
                                                                                        "Plan Width": 16,
                                                                                        "Actual Startup Time": 0.019,
                                                                                        "Actual Total Time": 0.026,
                                                                                        "Actual Rows": 2,
                                                                                        "Actual Loops": 1,
                                                                                        "Output": [
                                                                                            "lt.id",
                                                                                            "lt.link"
                                                                                        ],
                                                                                        "Filter": "((lt.link)::text ~~ '%follow%'::text)",
                                                                                        "Rows Removed by Filter": 16
                                                                                    },
                                                                                    {
                                                                                        "Node Type": "Hash",
                                                                                        "Parent Relationship": "Inner",
                                                                                        "Parallel Aware": false,
                                                                                        "Startup Cost": 10007531847.55,
                                                                                        "Total Cost": 10007531847.55,
                                                                                        "Plan Rows": 19802,
                                                                                        "Plan Width": 29,
                                                                                        "Actual Startup Time": 6690.114,
                                                                                        "Actual Total Time": 6690.116,
                                                                                        "Actual Rows": 19851,
                                                                                        "Actual Loops": 1,
                                                                                        "Output": [
                                                                                            "ml.link_type_id",
                                                                                            "ml.movie_id",
                                                                                            "t.title",
                                                                                            "t.id"
                                                                                        ],
                                                                                        "Hash Buckets": 32768,
                                                                                        "Original Hash Buckets": 32768,
                                                                                        "Hash Batches": 1,
                                                                                        "Original Hash Batches": 1,
                                                                                        "Peak Memory Usage": 1547,
                                                                                        "Plans": [
                                                                                            {
                                                                                                "Node Type": "Nested Loop",
                                                                                                "Parent Relationship": "Outer",
                                                                                                "Parallel Aware": false,
                                                                                                "Join Type": "Inner",
                                                                                                "Startup Cost": 10000000000.76,
                                                                                                "Total Cost": 10007531847.55,
                                                                                                "Plan Rows": 19802,
                                                                                                "Plan Width": 29,
                                                                                                "Actual Startup Time": 0.051,
                                                                                                "Actual Total Time": 6685.956,
                                                                                                "Actual Rows": 19851,
                                                                                                "Actual Loops": 1,
                                                                                                "Output": [
                                                                                                    "ml.link_type_id",
                                                                                                    "ml.movie_id",
                                                                                                    "t.title",
                                                                                                    "t.id"
                                                                                                ],
                                                                                                "Inner Unique": false,
                                                                                                "Plans": [
                                                                                                    {
                                                                                                        "Node Type": "Index Scan",
                                                                                                        "Parent Relationship": "Outer",
                                                                                                        "Parallel Aware": false,
                                                                                                        "Scan Direction": "Forward",
                                                                                                        "Index Name": "title_pkey",
                                                                                                        "Relation Name": "title",
                                                                                                        "Schema": "public",
                                                                                                        "Alias": "t",
                                                                                                        "Startup Cost": 0.43,
                                                                                                        "Total Cost": 122983.71,
                                                                                                        "Plan Rows": 1669023,
                                                                                                        "Plan Width": 21,
                                                                                                        "Actual Startup Time": 0.023,
                                                                                                        "Actual Total Time": 1767.857,
                                                                                                        "Actual Rows": 1670026,
                                                                                                        "Actual Loops": 1,
                                                                                                        "Output": [
                                                                                                            "t.id",
                                                                                                            "t.title",
                                                                                                            "t.imdb_index",
                                                                                                            "t.kind_id",
                                                                                                            "t.production_year",
                                                                                                            "t.imdb_id",
                                                                                                            "t.phonetic_code",
                                                                                                            "t.episode_of_id",
                                                                                                            "t.season_nr",
                                                                                                            "t.episode_nr",
                                                                                                            "t.series_years",
                                                                                                            "t.md5sum"
                                                                                                        ],
                                                                                                        "Filter": "((t.production_year >= 1994) AND (t.production_year <= 2013))",
                                                                                                        "Rows Removed by Filter": 858286
                                                                                                    },
                                                                                                    {
                                                                                                        "Node Type": "Bitmap Heap Scan",
                                                                                                        "Parent Relationship": "Inner",
                                                                                                        "Parallel Aware": false,
                                                                                                        "Relation Name": "movie_link",
                                                                                                        "Schema": "public",
                                                                                                        "Alias": "ml",
                                                                                                        "Startup Cost": 0.33,
                                                                                                        "Total Cost": 4.39,
                                                                                                        "Plan Rows": 5,
                                                                                                        "Plan Width": 8,
                                                                                                        "Actual Startup Time": 0.001,
                                                                                                        "Actual Total Time": 0.001,
                                                                                                        "Actual Rows": 0,
                                                                                                        "Actual Loops": 1670026,
                                                                                                        "Output": [
                                                                                                            "ml.id",
                                                                                                            "ml.movie_id",
                                                                                                            "ml.linked_movie_id",
                                                                                                            "ml.link_type_id"
                                                                                                        ],
                                                                                                        "Recheck Cond": "(ml.movie_id = t.id)",
                                                                                                        "Rows Removed by Index Recheck": 0,
                                                                                                        "Exact Heap Blocks": 4539,
                                                                                                        "Lossy Heap Blocks": 0,
                                                                                                        "Plans": [
                                                                                                            {
                                                                                                                "Node Type": "Bitmap Index Scan",
                                                                                                                "Parent Relationship": "Outer",
                                                                                                                "Parallel Aware": false,
                                                                                                                "Index Name": "movie_id_movie_link",
                                                                                                                "Startup Cost": 0.0,
                                                                                                                "Total Cost": 0.33,
                                                                                                                "Plan Rows": 5,
                                                                                                                "Plan Width": 0,
                                                                                                                "Actual Startup Time": 0.001,
                                                                                                                "Actual Total Time": 0.001,
                                                                                                                "Actual Rows": 0,
                                                                                                                "Actual Loops": 1670026,
                                                                                                                "Index Cond": "(ml.movie_id = t.id)"
                                                                                                            }
                                                                                                        ]
                                                                                                    }
                                                                                                ]
                                                                                            }
                                                                                        ]
                                                                                    }
                                                                                ]
                                                                            }
                                                                        ]
                                                                    },
                                                                    {
                                                                        "Node Type": "Index Scan",
                                                                        "Parent Relationship": "Inner",
                                                                        "Parallel Aware": false,
                                                                        "Scan Direction": "Forward",
                                                                        "Index Name": "movie_id_movie_keyword",
                                                                        "Relation Name": "movie_keyword",
                                                                        "Schema": "public",
                                                                        "Alias": "mk",
                                                                        "Startup Cost": 10000000000.43,
                                                                        "Total Cost": 10000177177.46,
                                                                        "Plan Rows": 4523930,
                                                                        "Plan Width": 8,
                                                                        "Actual Startup Time": 0.014,
                                                                        "Actual Total Time": 11.405,
                                                                        "Actual Rows": 105413,
                                                                        "Actual Loops": 1,
                                                                        "Output": [
                                                                            "mk.id",
                                                                            "mk.movie_id",
                                                                            "mk.keyword_id"
                                                                        ]
                                                                    }
                                                                ]
                                                            }
                                                        ]
                                                    }
                                                ]
                                            }
                                        ]
                                    }
                                ]
                            },
                            {
                                "Node Type": "Hash",
                                "Parent Relationship": "Inner",
                                "Parallel Aware": false,
                                "Startup Cost": 10000002626.12,
                                "Total Cost": 10000002626.12,
                                "Plan Rows": 1,
                                "Plan Width": 4,
                                "Actual Startup Time": 21.393,
                                "Actual Total Time": 21.394,
                                "Actual Rows": 1,
                                "Actual Loops": 1,
                                "Output": [
                                    "k.id"
                                ],
                                "Hash Buckets": 1024,
                                "Original Hash Buckets": 1024,
                                "Hash Batches": 1,
                                "Original Hash Batches": 1,
                                "Peak Memory Usage": 9,
                                "Plans": [
                                    {
                                        "Node Type": "Seq Scan",
                                        "Parent Relationship": "Outer",
                                        "Parallel Aware": false,
                                        "Relation Name": "keyword",
                                        "Schema": "public",
                                        "Alias": "k",
                                        "Startup Cost": 10000000000.0,
                                        "Total Cost": 10000002626.12,
                                        "Plan Rows": 1,
                                        "Plan Width": 4,
                                        "Actual Startup Time": 1.74,
                                        "Actual Total Time": 21.385,
                                        "Actual Rows": 1,
                                        "Actual Loops": 1,
                                        "Output": [
                                            "k.id"
                                        ],
                                        "Filter": "(k.keyword = 'joke'::text)",
                                        "Rows Removed by Filter": 134169
                                    }
                                ]
                            }
                        ]
                    },
                    {
                        "Node Type": "Bitmap Heap Scan",
                        "Parent Relationship": "Inner",
                        "Parallel Aware": false,
                        "Relation Name": "company_name",
                        "Schema": "public",
                        "Alias": "cn",
                        "Startup Cost": 0.43,
                        "Total Cost": 4.45,
                        "Plan Rows": 1,
                        "Plan Width": 23,
                        "Actual Startup Time": 0.013,
                        "Actual Total Time": 0.014,
                        "Actual Rows": 0,
                        "Actual Loops": 5,
                        "Output": [
                            "cn.id",
                            "cn.name",
                            "cn.country_code",
                            "cn.imdb_id",
                            "cn.name_pcode_nf",
                            "cn.name_pcode_sf",
                            "cn.md5sum"
                        ],
                        "Recheck Cond": "(cn.id = mc.company_id)",
                        "Rows Removed by Index Recheck": 0,
                        "Filter": "(((cn.country_code)::text <> '[us]'::text) AND ((cn.name ~~ '%Film%'::text) OR (cn.name ~~ '%Warner%'::text)))",
                        "Rows Removed by Filter": 1,
                        "Exact Heap Blocks": 5,
                        "Lossy Heap Blocks": 0,
                        "Plans": [
                            {
                                "Node Type": "Bitmap Index Scan",
                                "Parent Relationship": "Outer",
                                "Parallel Aware": false,
                                "Index Name": "company_name_pkey",
                                "Startup Cost": 0.0,
                                "Total Cost": 0.43,
                                "Plan Rows": 1,
                                "Plan Width": 0,
                                "Actual Startup Time": 0.007,
                                "Actual Total Time": 0.007,
                                "Actual Rows": 1,
                                "Actual Loops": 5,
                                "Index Cond": "(cn.id = mc.company_id)"
                            }
                        ]
                    }
                ]
            }
        ]
    },
    "Planning Time": 6.553,
    "Triggers": [],
    "Execution Time": 7204.043
}