[
  {
    "Plan": {
      "Node Type": "Aggregate",
      "Strategy": "Plain",
      "Partial Mode": "Finalize",
      "Parallel Aware": false,
      "Startup Cost": 380397.03,
      "Total Cost": 380397.04,
      "Plan Rows": 1,
      "Plan Width": 8,
      "Actual Startup Time": 998.688,
      "Actual Total Time": 1064.854,
      "Actual Rows": 1,
      "Actual Loops": 1,
      "Plans": [
        {
          "Node Type": "Gather",
          "Parent Relationship": "Outer",
          "Parallel Aware": false,
          "Startup Cost": 380396.4,
          "Total Cost": 380397.01,
          "Plan Rows": 6,
          "Plan Width": 8,
          "Actual Startup Time": 996.56,
          "Actual Total Time": 1064.84,
          "Actual Rows": 7,
          "Actual Loops": 1,
          "Workers Planned": 6,
          "Workers Launched": 6,
          "Single Copy": false,
          "Plans": [
            {
              "Node Type": "Aggregate",
              "Strategy": "Plain",
              "Partial Mode": "Partial",
              "Parent Relationship": "Outer",
              "Parallel Aware": false,
              "Startup Cost": 379396.4,
              "Total Cost": 379396.41,
              "Plan Rows": 1,
              "Plan Width": 8,
              "Actual Startup Time": 986.116,
              "Actual Total Time": 986.119,
              "Actual Rows": 1,
              "Actual Loops": 7,
              "Plans": [
                {
                  "Node Type": "Hash Join",
                  "Parent Relationship": "Outer",
                  "Parallel Aware": true,
                  "Join Type": "Inner",
                  "Startup Cost": 46355.56,
                  "Total Cost": 378930.21,
                  "Plan Rows": 186476,
                  "Plan Width": 0,
                  "Actual Startup Time": 404.03,
                  "Actual Total Time": 976.684,
                  "Actual Rows": 175089,
                  "Actual Loops": 7,
                  "Inner Unique": true,
                  "Hash Cond": "(ci.movie_id = t.id)",
                  "Plans": [
                    {
                      "Node Type": "Seq Scan",
                      "Parent Relationship": "Outer",
                      "Parallel Aware": true,
                      "Relation Name": "cast_info",
                      "Alias": "ci",
                      "Startup Cost": 0.0,
                      "Total Cost": 328162.03,
                      "Plan Rows": 1680996,
                      "Plan Width": 4,
                      "Actual Startup Time": 294.814,
                      "Actual Total Time": 583.22,
                      "Actual Rows": 1425634,
                      "Actual Loops": 7,
                      "Filter": "(person_id > 2716554)",
                      "Rows Removed by Filter": 3752129
                    },
                    {
                      "Node Type": "Hash",
                      "Parent Relationship": "Inner",
                      "Parallel Aware": true,
                      "Startup Cost": 45479.1,
                      "Total Cost": 45479.1,
                      "Plan Rows": 70117,
                      "Plan Width": 4,
                      "Actual Startup Time": 106.578,
                      "Actual Total Time": 106.579,
                      "Actual Rows": 54614,
                      "Actual Loops": 7,
                      "Hash Buckets": 524288,
                      "Original Hash Buckets": 524288,
                      "Hash Batches": 1,
                      "Original Hash Batches": 1,
                      "Peak Memory Usage": 19200,
                      "Plans": [
                        {
                          "Node Type": "Seq Scan",
                          "Parent Relationship": "Outer",
                          "Parallel Aware": true,
                          "Relation Name": "title",
                          "Alias": "t",
                          "Startup Cost": 0.0,
                          "Total Cost": 45479.1,
                          "Plan Rows": 70117,
                          "Plan Width": 4,
                          "Actual Startup Time": 50.062,
                          "Actual Total Time": 82.486,
                          "Actual Rows": 54614,
                          "Actual Loops": 7,
                          "Filter": "((production_year < 2001) AND (kind_id = 1))",
                          "Rows Removed by Filter": 306574
                        }
                      ]
                    }
                  ]
                }
              ]
            }
          ]
        }
      ]
    },
    "Planning Time": 0.662,
    "Triggers": [],
    "Execution Time": 1064.943
  }
]