{
  "Plan": {
    "Node Type": "Aggregate",
    "Strategy": "Plain",
    "Partial Mode": "Finalize",
    "Parallel Aware": false,
    "Startup Cost": 109538.67,
    "Total Cost": 109538.68,
    "Plan Rows": 1,
    "Plan Width": 8,
    "Actual Startup Time": 651.22,
    "Actual Total Time": 665.208,
    "Actual Rows": 1,
    "Actual Loops": 1,
    "Plans": [
      {
        "Node Type": "Gather",
        "Parent Relationship": "Outer",
        "Parallel Aware": false,
        "Startup Cost": 109538.56,
        "Total Cost": 109538.67,
        "Plan Rows": 1,
        "Plan Width": 8,
        "Actual Startup Time": 647.739,
        "Actual Total Time": 665.198,
        "Actual Rows": 2,
        "Actual Loops": 1,
        "Workers Planned": 1,
        "Workers Launched": 1,
        "Single Copy": false,
        "Plans": [
          {
            "Node Type": "Aggregate",
            "Strategy": "Plain",
            "Partial Mode": "Partial",
            "Parent Relationship": "Outer",
            "Parallel Aware": false,
            "Startup Cost": 108538.56,
            "Total Cost": 108538.57,
            "Plan Rows": 1,
            "Plan Width": 8,
            "Actual Startup Time": 639.72,
            "Actual Total Time": 639.724,
            "Actual Rows": 1,
            "Actual Loops": 2,
            "Plans": [
              {
                "Node Type": "Hash Join",
                "Parent Relationship": "Outer",
                "Parallel Aware": true,
                "Join Type": "Inner",
                "Startup Cost": 78124.29,
                "Total Cost": 108027.84,
                "Plan Rows": 204286,
                "Plan Width": 0,
                "Actual Startup Time": 453.69,
                "Actual Total Time": 629.952,
                "Actual Rows": 229390,
                "Actual Loops": 2,
                "Inner Unique": true,
                "Hash Cond": "(mk.movie_id = t.id)",
                "Plans": [
                  {
                    "Node Type": "Bitmap Heap Scan",
                    "Parent Relationship": "Outer",
                    "Parallel Aware": true,
                    "Relation Name": "movie_keyword",
                    "Alias": "mk",
                    "Startup Cost": 12995.39,
                    "Total Cost": 41953.15,
                    "Plan Rows": 360301,
                    "Plan Width": 4,
                    "Actual Startup Time": 37.468,
                    "Actual Total Time": 121.222,
                    "Actual Rows": 309578,
                    "Actual Loops": 2,
                    "Recheck Cond": "(keyword_id < 475)",
                    "Rows Removed by Index Recheck": 0,
                    "Exact Heap Blocks": 13790,
                    "Lossy Heap Blocks": 0,
                    "Plans": [
                      {
                        "Node Type": "Bitmap Index Scan",
                        "Parent Relationship": "Outer",
                        "Parallel Aware": false,
                        "Index Name": "keyword_id_movie_keyword",
                        "Startup Cost": 0.0,
                        "Total Cost": 12842.27,
                        "Plan Rows": 612511,
                        "Plan Width": 0,
                        "Actual Startup Time": 33.774,
                        "Actual Total Time": 33.774,
                        "Actual Rows": 619157,
                        "Actual Loops": 1,
                        "Index Cond": "(keyword_id < 475)"
                      }
                    ]
                  },
                  {
                    "Node Type": "Hash",
                    "Parent Relationship": "Inner",
                    "Parallel Aware": true,
                    "Startup Cost": 54588.39,
                    "Total Cost": 54588.39,
                    "Plan Rows": 843241,
                    "Plan Width": 4,
                    "Actual Startup Time": 401.523,
                    "Actual Total Time": 401.524,
                    "Actual Rows": 721649,
                    "Actual Loops": 2,
                    "Hash Buckets": 2097152,
                    "Original Hash Buckets": 2097152,
                    "Hash Batches": 1,
                    "Original Hash Batches": 1,
                    "Peak Memory Usage": 72864,
                    "Plans": [
                      {
                        "Node Type": "Seq Scan",
                        "Parent Relationship": "Outer",
                        "Parallel Aware": true,
                        "Relation Name": "title",
                        "Alias": "t",
                        "Startup Cost": 0.0,
                        "Total Cost": 54588.39,
                        "Plan Rows": 843241,
                        "Plan Width": 4,
                        "Actual Startup Time": 0.035,
                        "Actual Total Time": 176.05,
                        "Actual Rows": 721649,
                        "Actual Loops": 2,
                        "Filter": "(production_year < 2006)",
                        "Rows Removed by Filter": 542507
                      }
                    ]
                  }
                ]
              }
            ]
          }
        ]
      }
    ]
  },
  "Planning Time": 0.464,
  "Triggers": [],
  "Execution Time": 665.278
}