{
  "Plan": {
    "Node Type": "Aggregate",
    "Strategy": "Plain",
    "Partial Mode": "Simple",
    "Parallel Aware": false,
    "Startup Cost": 898927.58,
    "Total Cost": 898927.59,
    "Plan Rows": 1,
    "Plan Width": 64,
    "Actual Startup Time": 6100.796,
    "Actual Total Time": 6104.237,
    "Actual Rows": 1,
    "Actual Loops": 1,
    "Plans": [
      {
        "Node Type": "Hash Join",
        "Parent Relationship": "Outer",
        "Parallel Aware": false,
        "Join Type": "Inner",
        "Startup Cost": 825814.5,
        "Total Cost": 898927.57,
        "Plan Rows": 1,
        "Plan Width": 32,
        "Actual Startup Time": 6014.537,
        "Actual Total Time": 6104.215,
        "Actual Rows": 8,
        "Actual Loops": 1,
        "Inner Unique": true,
        "Hash Cond": "(ci.role_id = rt.id)",
        "Plans": [
          {
            "Node Type": "Nested Loop",
            "Parent Relationship": "Outer",
            "Parallel Aware": false,
            "Join Type": "Inner",
            "Startup Cost": 825813.34,
            "Total Cost": 898926.35,
            "Plan Rows": 17,
            "Plan Width": 36,
            "Actual Startup Time": 6014.509,
            "Actual Total Time": 6104.182,
            "Actual Rows": 8,
            "Actual Loops": 1,
            "Inner Unique": true,
            "Plans": [
              {
                "Node Type": "Hash Join",
                "Parent Relationship": "Outer",
                "Parallel Aware": false,
                "Join Type": "Inner",
                "Startup Cost": 825812.92,
                "Total Cost": 898905.84,
                "Plan Rows": 46,
                "Plan Width": 40,
                "Actual Startup Time": 6014.438,
                "Actual Total Time": 6103.977,
                "Actual Rows": 34,
                "Actual Loops": 1,
                "Inner Unique": true,
                "Hash Cond": "(mi.info_type_id = it.id)",
                "Plans": [
                  {
                    "Node Type": "Merge Join",
                    "Parent Relationship": "Outer",
                    "Parallel Aware": false,
                    "Join Type": "Inner",
                    "Startup Cost": 825810.49,
                    "Total Cost": 898889.34,
                    "Plan Rows": 5168,
                    "Plan Width": 44,
                    "Actual Startup Time": 6014.404,
                    "Actual Total Time": 6103.93,
                    "Actual Rows": 34,
                    "Actual Loops": 1,
                    "Inner Unique": false,
                    "Merge Cond": "(n.id = ci.person_id)",
                    "Plans": [
                      {
                        "Node Type": "Sort",
                        "Parent Relationship": "Outer",
                        "Parallel Aware": false,
                        "Startup Cost": 80773.37,
                        "Total Cost": 80893.38,
                        "Plan Rows": 48002,
                        "Plan Width": 19,
                        "Actual Startup Time": 273.802,
                        "Actual Total Time": 277.678,
                        "Actual Rows": 49822,
                        "Actual Loops": 1,
                        "Sort Key": [
                          "n.id"
                        ],
                        "Sort Method": "quicksort",
                        "Sort Space Used": 5246,
                        "Sort Space Type": "Memory",
                        "Plans": [
                          {
                            "Node Type": "Gather",
                            "Parent Relationship": "Outer",
                            "Parallel Aware": false,
                            "Startup Cost": 1000.0,
                            "Total Cost": 77041.02,
                            "Plan Rows": 48002,
                            "Plan Width": 19,
                            "Actual Startup Time": 122.165,
                            "Actual Total Time": 259.062,
                            "Actual Rows": 50011,
                            "Actual Loops": 1,
                            "Workers Planned": 4,
                            "Workers Launched": 4,
                            "Single Copy": false,
                            "Plans": [
                              {
                                "Node Type": "Seq Scan",
                                "Parent Relationship": "Outer",
                                "Parallel Aware": true,
                                "Relation Name": "name",
                                "Alias": "n",
                                "Startup Cost": 0.0,
                                "Total Cost": 71240.82,
                                "Plan Rows": 12000,
                                "Plan Width": 19,
                                "Actual Startup Time": 113.895,
                                "Actual Total Time": 251.564,
                                "Actual Rows": 10002,
                                "Actual Loops": 5,
                                "Filter": "((name ~~ '%An%'::text) AND ((gender)::text = 'f'::text))",
                                "Rows Removed by Filter": 823496
                              }
                            ]
                          }
                        ]
                      },
                      {
                        "Node Type": "Materialize",
                        "Parent Relationship": "Inner",
                        "Parallel Aware": false,
                        "Startup Cost": 745037.09,
                        "Total Cost": 816708.62,
                        "Plan Rows": 448645,
                        "Plan Width": 37,
                        "Actual Startup Time": 5601.298,
                        "Actual Total Time": 5822.512,
                        "Actual Rows": 7000,
                        "Actual Loops": 1,
                        "Plans": [
                          {
                            "Node Type": "Merge Join",
                            "Parent Relationship": "Outer",
                            "Parallel Aware": false,
                            "Join Type": "Inner",
                            "Startup Cost": 745037.09,
                            "Total Cost": 815587.0,
                            "Plan Rows": 448645,
                            "Plan Width": 37,
                            "Actual Startup Time": 5601.286,
                            "Actual Total Time": 5820.608,
                            "Actual Rows": 7000,
                            "Actual Loops": 1,
                            "Inner Unique": false,
                            "Merge Cond": "(an.person_id = ci.person_id)",
                            "Plans": [
                              {
                                "Node Type": "Index Only Scan",
                                "Parent Relationship": "Outer",
                                "Parallel Aware": false,
                                "Scan Direction": "Forward",
                                "Index Name": "person_id_aka_name",
                                "Relation Name": "aka_name",
                                "Alias": "an",
                                "Startup Cost": 0.42,
                                "Total Cost": 72006.77,
                                "Plan Rows": 901343,
                                "Plan Width": 4,
                                "Actual Startup Time": 0.032,
                                "Actual Total Time": 193.597,
                                "Actual Rows": 577946,
                                "Actual Loops": 1,
                                "Heap Fetches": 577946
                              },
                              {
                                "Node Type": "Sort",
                                "Parent Relationship": "Inner",
                                "Parallel Aware": false,
                                "Startup Cost": 745027.11,
                                "Total Cost": 745495.39,
                                "Plan Rows": 187313,
                                "Plan Width": 33,
                                "Actual Startup Time": 5593.246,
                                "Actual Total Time": 5597.13,
                                "Actual Rows": 8143,
                                "Actual Loops": 1,
                                "Sort Key": [
                                  "ci.person_id"
                                ],
                                "Sort Method": "quicksort",
                                "Sort Space Used": 393,
                                "Sort Space Type": "Memory",
                                "Plans": [
                                  {
                                    "Node Type": "Merge Join",
                                    "Parent Relationship": "Outer",
                                    "Parallel Aware": false,
                                    "Join Type": "Inner",
                                    "Startup Cost": 725148.23,
                                    "Total Cost": 728623.09,
                                    "Plan Rows": 187313,
                                    "Plan Width": 33,
                                    "Actual Startup Time": 5565.873,
                                    "Actual Total Time": 5595.72,
                                    "Actual Rows": 3789,
                                    "Actual Loops": 1,
                                    "Inner Unique": false,
                                    "Merge Cond": "(t.id = mi.movie_id)",
                                    "Plans": [
                                      {
                                        "Node Type": "Sort",
                                        "Parent Relationship": "Outer",
                                        "Parallel Aware": false,
                                        "Startup Cost": 442747.43,
                                        "Total Cost": 443334.24,
                                        "Plan Rows": 234723,
                                        "Plan Width": 41,
                                        "Actual Startup Time": 4837.736,
                                        "Actual Total Time": 4845.238,
                                        "Actual Rows": 46638,
                                        "Actual Loops": 1,
                                        "Sort Key": [
                                          "ci.movie_id"
                                        ],
                                        "Sort Method": "quicksort",
                                        "Sort Space Used": 5609,
                                        "Sort Space Type": "Memory",
                                        "Plans": [
                                          {
                                            "Node Type": "Merge Join",
                                            "Parent Relationship": "Outer",
                                            "Parallel Aware": false,
                                            "Join Type": "Inner",
                                            "Startup Cost": 283597.61,
                                            "Total Cost": 421809.44,
                                            "Plan Rows": 234723,
                                            "Plan Width": 41,
                                            "Actual Startup Time": 3136.243,
                                            "Actual Total Time": 4823.994,
                                            "Actual Rows": 46638,
                                            "Actual Loops": 1,
                                            "Inner Unique": false,
                                            "Merge Cond": "(chn.id = ci.person_role_id)",
                                            "Plans": [
                                              {
                                                "Node Type": "Index Only Scan",
                                                "Parent Relationship": "Outer",
                                                "Parallel Aware": false,
                                                "Scan Direction": "Forward",
                                                "Index Name": "char_name_pkey",
                                                "Relation Name": "char_name",
                                                "Alias": "chn",
                                                "Startup Cost": 0.43,
                                                "Total Cost": 128716.85,
                                                "Plan Rows": 3140339,
                                                "Plan Width": 4,
                                                "Actual Startup Time": 0.021,
                                                "Actual Total Time": 1507.908,
                                                "Actual Rows": 3137394,
                                                "Actual Loops": 1,
                                                "Heap Fetches": 3137394
                                              },
                                              {
                                                "Node Type": "Sort",
                                                "Parent Relationship": "Inner",
                                                "Parallel Aware": false,
                                                "Startup Cost": 283542.47,
                                                "Total Cost": 284129.28,
                                                "Plan Rows": 234723,
                                                "Plan Width": 45,
                                                "Actual Startup Time": 3136.21,
                                                "Actual Total Time": 3148.095,
                                                "Actual Rows": 46639,
                                                "Actual Loops": 1,
                                                "Sort Key": [
                                                  "ci.person_role_id"
                                                ],
                                                "Sort Method": "quicksort",
                                                "Sort Space Used": 6190,
                                                "Sort Space Type": "Memory",
                                                "Plans": [
                                                  {
                                                    "Node Type": "Gather",
                                                    "Parent Relationship": "Outer",
                                                    "Parallel Aware": false,
                                                    "Startup Cost": 43256.83,
                                                    "Total Cost": 262604.48,
                                                    "Plan Rows": 234723,
                                                    "Plan Width": 45,
                                                    "Actual Startup Time": 158.404,
                                                    "Actual Total Time": 3121.375,
                                                    "Actual Rows": 48480,
                                                    "Actual Loops": 1,
                                                    "Workers Planned": 3,
                                                    "Workers Launched": 3,
                                                    "Single Copy": false,
                                                    "Plans": [
                                                      {
                                                        "Node Type": "Nested Loop",
                                                        "Parent Relationship": "Outer",
                                                        "Parallel Aware": false,
                                                        "Join Type": "Inner",
                                                        "Startup Cost": 42256.83,
                                                        "Total Cost": 238132.18,
                                                        "Plan Rows": 75717,
                                                        "Plan Width": 45,
                                                        "Actual Startup Time": 148.901,
                                                        "Actual Total Time": 3110.448,
                                                        "Actual Rows": 12120,
                                                        "Actual Loops": 4,
                                                        "Inner Unique": false,
                                                        "Join Filter": "(t.id = ci.movie_id)",
                                                        "Rows Removed by Join Filter": 0,
                                                        "Plans": [
                                                          {
                                                            "Node Type": "Hash Join",
                                                            "Parent Relationship": "Outer",
                                                            "Parallel Aware": true,
                                                            "Join Type": "Inner",
                                                            "Startup Cost": 42256.26,
                                                            "Total Cost": 71672.15,
                                                            "Plan Rows": 83362,
                                                            "Plan Width": 29,
                                                            "Actual Startup Time": 146.454,
                                                            "Actual Total Time": 482.68,
                                                            "Actual Rows": 119134,
                                                            "Actual Loops": 4,
                                                            "Inner Unique": true,
                                                            "Hash Cond": "(mc.movie_id = t.id)",
                                                            "Plans": [
                                                              {
                                                                "Node Type": "Seq Scan",
                                                                "Parent Relationship": "Outer",
                                                                "Parallel Aware": true,
                                                                "Relation Name": "movie_companies",
                                                                "Alias": "mc",
                                                                "Startup Cost": 0.0,
                                                                "Total Cost": 27206.55,
                                                                "Plan Rows": 841655,
                                                                "Plan Width": 8,
                                                                "Actual Startup Time": 0.019,
                                                                "Actual Total Time": 96.431,
                                                                "Actual Rows": 652282,
                                                                "Actual Loops": 4
                                                              },
                                                              {
                                                                "Node Type": "Hash",
                                                                "Parent Relationship": "Inner",
                                                                "Parallel Aware": true,
                                                                "Startup Cost": 41473.71,
                                                                "Total Cost": 41473.71,
                                                                "Plan Rows": 62604,
                                                                "Plan Width": 21,
                                                                "Actual Startup Time": 144.035,
                                                                "Actual Total Time": 144.036,
                                                                "Actual Rows": 60350,
                                                                "Actual Loops": 4,
                                                                "Hash Buckets": 262144,
                                                                "Original Hash Buckets": 262144,
                                                                "Hash Batches": 1,
                                                                "Original Hash Batches": 1,
                                                                "Peak Memory Usage": 16096,
                                                                "Plans": [
                                                                  {
                                                                    "Node Type": "Bitmap Heap Scan",
                                                                    "Parent Relationship": "Outer",
                                                                    "Parallel Aware": true,
                                                                    "Relation Name": "title",
                                                                    "Alias": "t",
                                                                    "Startup Cost": 4693.16,
                                                                    "Total Cost": 41473.71,
                                                                    "Plan Rows": 62604,
                                                                    "Plan Width": 21,
                                                                    "Actual Startup Time": 17.144,
                                                                    "Actual Total Time": 113.75,
                                                                    "Actual Rows": 60350,
                                                                    "Actual Loops": 4,
                                                                    "Recheck Cond": "(production_year < 1960)",
                                                                    "Rows Removed by Index Recheck": 0,
                                                                    "Exact Heap Blocks": 12051,
                                                                    "Lossy Heap Blocks": 0,
                                                                    "Plans": [
                                                                      {
                                                                        "Node Type": "Bitmap Index Scan",
                                                                        "Parent Relationship": "Outer",
                                                                        "Parallel Aware": false,
                                                                        "Index Name": "idx_title_production_year",
                                                                        "Startup Cost": 0.0,
                                                                        "Total Cost": 4630.56,
                                                                        "Plan Rows": 250417,
                                                                        "Plan Width": 0,
                                                                        "Actual Startup Time": 18.092,
                                                                        "Actual Total Time": 18.093,
                                                                        "Actual Rows": 241400,
                                                                        "Actual Loops": 1,
                                                                        "Index Cond": "(production_year < 1960)"
                                                                      }
                                                                    ]
                                                                  }
                                                                ]
                                                              }
                                                            ]
                                                          },
                                                          {
                                                            "Node Type": "Index Scan",
                                                            "Parent Relationship": "Inner",
                                                            "Parallel Aware": false,
                                                            "Scan Direction": "Forward",
                                                            "Index Name": "movie_id_cast_info",
                                                            "Relation Name": "cast_info",
                                                            "Alias": "ci",
                                                            "Startup Cost": 0.56,
                                                            "Total Cost": 1.98,
                                                            "Plan Rows": 1,
                                                            "Plan Width": 16,
                                                            "Actual Startup Time": 0.021,
                                                            "Actual Total Time": 0.022,
                                                            "Actual Rows": 0,
                                                            "Actual Loops": 476536,
                                                            "Index Cond": "(movie_id = mc.movie_id)",
                                                            "Rows Removed by Index Recheck": 0,
                                                            "Filter": "(note = ANY ('{(voice),\"(voice: Japanese version)\",\"(voice) (uncredited)\",\"(voice: English version)\"}'::text[]))",
                                                            "Rows Removed by Filter": 16
                                                          }
                                                        ]
                                                      }
                                                    ]
                                                  }
                                                ]
                                              }
                                            ]
                                          }
                                        ]
                                      },
                                      {
                                        "Node Type": "Sort",
                                        "Parent Relationship": "Inner",
                                        "Parallel Aware": false,
                                        "Startup Cost": 282400.78,
                                        "Total Cost": 283371.63,
                                        "Plan Rows": 388337,
                                        "Plan Width": 8,
                                        "Actual Startup Time": 699.843,
                                        "Actual Total Time": 720.018,
                                        "Actual Rows": 454814,
                                        "Actual Loops": 1,
                                        "Sort Key": [
                                          "mi.movie_id"
                                        ],
                                        "Sort Method": "quicksort",
                                        "Sort Space Used": 33434,
                                        "Sort Space Type": "Memory",
                                        "Plans": [
                                          {
                                            "Node Type": "Gather",
                                            "Parent Relationship": "Outer",
                                            "Parallel Aware": false,
                                            "Startup Cost": 1000.0,
                                            "Total Cost": 246349.62,
                                            "Plan Rows": 388337,
                                            "Plan Width": 8,
                                            "Actual Startup Time": 85.692,
                                            "Actual Total Time": 589.944,
                                            "Actual Rows": 451104,
                                            "Actual Loops": 1,
                                            "Workers Planned": 5,
                                            "Workers Launched": 5,
                                            "Single Copy": false,
                                            "Plans": [
                                              {
                                                "Node Type": "Seq Scan",
                                                "Parent Relationship": "Outer",
                                                "Parallel Aware": true,
                                                "Relation Name": "movie_info",
                                                "Alias": "mi",
                                                "Startup Cost": 0.0,
                                                "Total Cost": 206515.92,
                                                "Plan Rows": 77667,
                                                "Plan Width": 8,
                                                "Actual Startup Time": 78.303,
                                                "Actual Total Time": 588.258,
                                                "Actual Rows": 75184,
                                                "Actual Loops": 6,
                                                "Filter": "((info IS NOT NULL) AND ((info ~~ 'Japan:%200%'::text) OR (info ~~ 'USA:%200%'::text)))",
                                                "Rows Removed by Filter": 2397436
                                              }
                                            ]
                                          }
                                        ]
                                      }
                                    ]
                                  }
                                ]
                              }
                            ]
                          }
                        ]
                      }
                    ]
                  },
                  {
                    "Node Type": "Hash",
                    "Parent Relationship": "Inner",
                    "Parallel Aware": false,
                    "Startup Cost": 2.41,
                    "Total Cost": 2.41,
                    "Plan Rows": 1,
                    "Plan Width": 4,
                    "Actual Startup Time": 0.017,
                    "Actual Total Time": 0.018,
                    "Actual Rows": 1,
                    "Actual Loops": 1,
                    "Hash Buckets": 1024,
                    "Original Hash Buckets": 1024,
                    "Hash Batches": 1,
                    "Original Hash Batches": 1,
                    "Peak Memory Usage": 9,
                    "Plans": [
                      {
                        "Node Type": "Seq Scan",
                        "Parent Relationship": "Outer",
                        "Parallel Aware": false,
                        "Relation Name": "info_type",
                        "Alias": "it",
                        "Startup Cost": 0.0,
                        "Total Cost": 2.41,
                        "Plan Rows": 1,
                        "Plan Width": 4,
                        "Actual Startup Time": 0.011,
                        "Actual Total Time": 0.016,
                        "Actual Rows": 1,
                        "Actual Loops": 1,
                        "Filter": "((info)::text = 'release dates'::text)",
                        "Rows Removed by Filter": 112
                      }
                    ]
                  }
                ]
              },
              {
                "Node Type": "Index Scan",
                "Parent Relationship": "Inner",
                "Parallel Aware": false,
                "Scan Direction": "Forward",
                "Index Name": "company_name_pkey",
                "Relation Name": "company_name",
                "Alias": "cn",
                "Startup Cost": 0.42,
                "Total Cost": 0.45,
                "Plan Rows": 1,
                "Plan Width": 4,
                "Actual Startup Time": 0.005,
                "Actual Total Time": 0.005,
                "Actual Rows": 0,
                "Actual Loops": 34,
                "Index Cond": "(id = mc.company_id)",
                "Rows Removed by Index Recheck": 0,
                "Filter": "((country_code)::text = '[us]'::text)",
                "Rows Removed by Filter": 1
              }
            ]
          },
          {
            "Node Type": "Hash",
            "Parent Relationship": "Inner",
            "Parallel Aware": false,
            "Startup Cost": 1.15,
            "Total Cost": 1.15,
            "Plan Rows": 1,
            "Plan Width": 4,
            "Actual Startup Time": 0.02,
            "Actual Total Time": 0.021,
            "Actual Rows": 1,
            "Actual Loops": 1,
            "Hash Buckets": 1024,
            "Original Hash Buckets": 1024,
            "Hash Batches": 1,
            "Original Hash Batches": 1,
            "Peak Memory Usage": 9,
            "Plans": [
              {
                "Node Type": "Seq Scan",
                "Parent Relationship": "Outer",
                "Parallel Aware": false,
                "Relation Name": "role_type",
                "Alias": "rt",
                "Startup Cost": 0.0,
                "Total Cost": 1.15,
                "Plan Rows": 1,
                "Plan Width": 4,
                "Actual Startup Time": 0.014,
                "Actual Total Time": 0.016,
                "Actual Rows": 1,
                "Actual Loops": 1,
                "Filter": "((role)::text = 'actress'::text)",
                "Rows Removed by Filter": 11
              }
            ]
          }
        ]
      }
    ]
  },
  "Planning Time": 11.145,
  "Triggers": [],
  "Execution Time": 6107.361
}