{
  "Plan": {
    "Node Type": "Aggregate",
    "Strategy": "Plain",
    "Partial Mode": "Simple",
    "Parallel Aware": false,
    "Startup Cost": 942851.72,
    "Total Cost": 942851.73,
    "Plan Rows": 1,
    "Plan Width": 64,
    "Actual Startup Time": 3838.182,
    "Actual Total Time": 3851.177,
    "Actual Rows": 1,
    "Actual Loops": 1,
    "Plans": [
      {
        "Node Type": "Nested Loop",
        "Parent Relationship": "Outer",
        "Parallel Aware": false,
        "Join Type": "Inner",
        "Startup Cost": 856003.81,
        "Total Cost": 942851.72,
        "Plan Rows": 1,
        "Plan Width": 32,
        "Actual Startup Time": 3561.423,
        "Actual Total Time": 3851.15,
        "Actual Rows": 8,
        "Actual Loops": 1,
        "Inner Unique": false,
        "Join Filter": "(mc.company_id = cn.id)",
        "Rows Removed by Join Filter": 2884654,
        "Plans": [
          {
            "Node Type": "Seq Scan",
            "Parent Relationship": "Outer",
            "Parallel Aware": false,
            "Relation Name": "company_name",
            "Alias": "cn",
            "Startup Cost": 0.0,
            "Total Cost": 5932.46,
            "Plan Rows": 85931,
            "Plan Width": 4,
            "Actual Startup Time": 0.033,
            "Actual Total Time": 33.915,
            "Actual Rows": 84843,
            "Actual Loops": 1,
            "Filter": "((country_code)::text = '[us]'::text)",
            "Rows Removed by Filter": 150154
          },
          {
            "Node Type": "Materialize",
            "Parent Relationship": "Inner",
            "Parallel Aware": false,
            "Startup Cost": 856003.81,
            "Total Cost": 935630.29,
            "Plan Rows": 1,
            "Plan Width": 36,
            "Actual Startup Time": 0.035,
            "Actual Total Time": 0.043,
            "Actual Rows": 34,
            "Actual Loops": 84843,
            "Plans": [
              {
                "Node Type": "Hash Join",
                "Parent Relationship": "Outer",
                "Parallel Aware": false,
                "Join Type": "Inner",
                "Startup Cost": 856003.81,
                "Total Cost": 935630.29,
                "Plan Rows": 1,
                "Plan Width": 36,
                "Actual Startup Time": 2983.026,
                "Actual Total Time": 3568.194,
                "Actual Rows": 34,
                "Actual Loops": 1,
                "Inner Unique": false,
                "Hash Cond": "(chn.id = ci.person_role_id)",
                "Plans": [
                  {
                    "Node Type": "Seq Scan",
                    "Parent Relationship": "Outer",
                    "Parallel Aware": false,
                    "Relation Name": "char_name",
                    "Alias": "chn",
                    "Startup Cost": 0.0,
                    "Total Cost": 67850.52,
                    "Plan Rows": 3140252,
                    "Plan Width": 4,
                    "Actual Startup Time": 0.023,
                    "Actual Total Time": 391.167,
                    "Actual Rows": 3140339,
                    "Actual Loops": 1
                  },
                  {
                    "Node Type": "Hash",
                    "Parent Relationship": "Inner",
                    "Parallel Aware": false,
                    "Startup Cost": 856003.8,
                    "Total Cost": 856003.8,
                    "Plan Rows": 1,
                    "Plan Width": 40,
                    "Actual Startup Time": 2976.333,
                    "Actual Total Time": 2989.324,
                    "Actual Rows": 34,
                    "Actual Loops": 1,
                    "Hash Buckets": 1024,
                    "Original Hash Buckets": 1024,
                    "Hash Batches": 1,
                    "Original Hash Batches": 1,
                    "Peak Memory Usage": 11,
                    "Plans": [
                      {
                        "Node Type": "Hash Join",
                        "Parent Relationship": "Outer",
                        "Parallel Aware": false,
                        "Join Type": "Inner",
                        "Startup Cost": 825488.74,
                        "Total Cost": 856003.8,
                        "Plan Rows": 1,
                        "Plan Width": 40,
                        "Actual Startup Time": 2894.46,
                        "Actual Total Time": 2989.294,
                        "Actual Rows": 63,
                        "Actual Loops": 1,
                        "Inner Unique": true,
                        "Hash Cond": "(mi.info_type_id = it.id)",
                        "Plans": [
                          {
                            "Node Type": "Nested Loop",
                            "Parent Relationship": "Outer",
                            "Parallel Aware": false,
                            "Join Type": "Inner",
                            "Startup Cost": 825486.31,
                            "Total Cost": 856001.07,
                            "Plan Rows": 112,
                            "Plan Width": 44,
                            "Actual Startup Time": 2894.404,
                            "Actual Total Time": 2989.217,
                            "Actual Rows": 63,
                            "Actual Loops": 1,
                            "Inner Unique": false,
                            "Join Filter": "(ci.role_id = rt.id)",
                            "Rows Removed by Join Filter": 0,
                            "Plans": [
                              {
                                "Node Type": "Seq Scan",
                                "Parent Relationship": "Outer",
                                "Parallel Aware": false,
                                "Relation Name": "role_type",
                                "Alias": "rt",
                                "Startup Cost": 0.0,
                                "Total Cost": 1.15,
                                "Plan Rows": 1,
                                "Plan Width": 4,
                                "Actual Startup Time": 0.006,
                                "Actual Total Time": 0.017,
                                "Actual Rows": 1,
                                "Actual Loops": 1,
                                "Filter": "((role)::text = 'actress'::text)",
                                "Rows Removed by Filter": 11
                              },
                              {
                                "Node Type": "Gather",
                                "Parent Relationship": "Inner",
                                "Parallel Aware": false,
                                "Startup Cost": 825486.31,
                                "Total Cost": 855983.18,
                                "Plan Rows": 1339,
                                "Plan Width": 48,
                                "Actual Startup Time": 2894.388,
                                "Actual Total Time": 2989.171,
                                "Actual Rows": 63,
                                "Actual Loops": 1,
                                "Workers Planned": 3,
                                "Workers Launched": 3,
                                "Single Copy": false,
                                "Plans": [
                                  {
                                    "Node Type": "Hash Join",
                                    "Parent Relationship": "Outer",
                                    "Parallel Aware": true,
                                    "Join Type": "Inner",
                                    "Startup Cost": 824486.31,
                                    "Total Cost": 854849.28,
                                    "Plan Rows": 432,
                                    "Plan Width": 48,
                                    "Actual Startup Time": 2916.362,
                                    "Actual Total Time": 2957.832,
                                    "Actual Rows": 16,
                                    "Actual Loops": 4,
                                    "Inner Unique": false,
                                    "Hash Cond": "(mc.movie_id = t.id)",
                                    "Plans": [
                                      {
                                        "Node Type": "Seq Scan",
                                        "Parent Relationship": "Outer",
                                        "Parallel Aware": true,
                                        "Relation Name": "movie_companies",
                                        "Alias": "mc",
                                        "Startup Cost": 0.0,
                                        "Total Cost": 27206.55,
                                        "Plan Rows": 841655,
                                        "Plan Width": 8,
                                        "Actual Startup Time": 0.041,
                                        "Actual Total Time": 82.866,
                                        "Actual Rows": 652282,
                                        "Actual Loops": 4
                                      },
                                      {
                                        "Node Type": "Hash",
                                        "Parent Relationship": "Inner",
                                        "Parallel Aware": true,
                                        "Startup Cost": 824485.47,
                                        "Total Cost": 824485.47,
                                        "Plan Rows": 67,
                                        "Plan Width": 56,
                                        "Actual Startup Time": 2825.243,
                                        "Actual Total Time": 2825.27,
                                        "Actual Rows": 1,
                                        "Actual Loops": 4,
                                        "Hash Buckets": 1024,
                                        "Original Hash Buckets": 1024,
                                        "Hash Batches": 1,
                                        "Original Hash Batches": 1,
                                        "Peak Memory Usage": 72,
                                        "Plans": [
                                          {
                                            "Node Type": "Hash Join",
                                            "Parent Relationship": "Outer",
                                            "Parallel Aware": true,
                                            "Join Type": "Inner",
                                            "Startup Cost": 779688.95,
                                            "Total Cost": 824485.47,
                                            "Plan Rows": 67,
                                            "Plan Width": 56,
                                            "Actual Startup Time": 2814.324,
                                            "Actual Total Time": 2825.077,
                                            "Actual Rows": 1,
                                            "Actual Loops": 4,
                                            "Inner Unique": false,
                                            "Hash Cond": "(t.id = mi.movie_id)",
                                            "Plans": [
                                              {
                                                "Node Type": "Seq Scan",
                                                "Parent Relationship": "Outer",
                                                "Parallel Aware": true,
                                                "Relation Name": "title",
                                                "Alias": "t",
                                                "Startup Cost": 0.0,
                                                "Total Cost": 43899.59,
                                                "Plan Rows": 59788,
                                                "Plan Width": 21,
                                                "Actual Startup Time": 0.027,
                                                "Actual Total Time": 108.15,
                                                "Actual Rows": 60350,
                                                "Actual Loops": 4,
                                                "Filter": "(production_year < 1960)",
                                                "Rows Removed by Filter": 571728
                                              },
                                              {
                                                "Node Type": "Hash",
                                                "Parent Relationship": "Inner",
                                                "Parallel Aware": true,
                                                "Startup Cost": 779683.05,
                                                "Total Cost": 779683.05,
                                                "Plan Rows": 472,
                                                "Plan Width": 35,
                                                "Actual Startup Time": 2709.073,
                                                "Actual Total Time": 2709.095,
                                                "Actual Rows": 1004,
                                                "Actual Loops": 4,
                                                "Hash Buckets": 4096,
                                                "Original Hash Buckets": 4096,
                                                "Hash Batches": 1,
                                                "Original Hash Batches": 1,
                                                "Peak Memory Usage": 352,
                                                "Plans": [
                                                  {
                                                    "Node Type": "Hash Join",
                                                    "Parent Relationship": "Outer",
                                                    "Parallel Aware": true,
                                                    "Join Type": "Inner",
                                                    "Startup Cost": 297167.28,
                                                    "Total Cost": 779683.05,
                                                    "Plan Rows": 472,
                                                    "Plan Width": 35,
                                                    "Actual Startup Time": 1787.557,
                                                    "Actual Total Time": 2707.644,
                                                    "Actual Rows": 1004,
                                                    "Actual Loops": 4,
                                                    "Inner Unique": true,
                                                    "Hash Cond": "(ci.person_id = n.id)",
                                                    "Plans": [
                                                      {
                                                        "Node Type": "Hash Join",
                                                        "Parent Relationship": "Outer",
                                                        "Parallel Aware": true,
                                                        "Join Type": "Inner",
                                                        "Startup Cost": 225896.38,
                                                        "Total Cost": 707878.67,
                                                        "Plan Rows": 203231,
                                                        "Plan Width": 28,
                                                        "Actual Startup Time": 957.609,
                                                        "Actual Total Time": 2419.718,
                                                        "Actual Rows": 222158,
                                                        "Actual Loops": 4,
                                                        "Inner Unique": false,
                                                        "Hash Cond": "(ci.person_id = an.person_id)",
                                                        "Plans": [
                                                          {
                                                            "Node Type": "Hash Join",
                                                            "Parent Relationship": "Outer",
                                                            "Parallel Aware": true,
                                                            "Join Type": "Inner",
                                                            "Startup Cost": 207958.37,
                                                            "Total Cost": 683946.96,
                                                            "Plan Rows": 85410,
                                                            "Plan Width": 24,
                                                            "Actual Startup Time": 823.209,
                                                            "Actual Total Time": 2238.657,
                                                            "Actual Rows": 102381,
                                                            "Actual Loops": 4,
                                                            "Inner Unique": false,
                                                            "Hash Cond": "(ci.movie_id = mi.movie_id)",
                                                            "Plans": [
                                                              {
                                                                "Node Type": "Seq Scan",
                                                                "Parent Relationship": "Outer",
                                                                "Parallel Aware": true,
                                                                "Relation Name": "cast_info",
                                                                "Alias": "ci",
                                                                "Startup Cost": 0.0,
                                                                "Total Cost": 343331.56,
                                                                "Plan Rows": 152283,
                                                                "Plan Width": 16,
                                                                "Actual Startup Time": 0.045,
                                                                "Actual Total Time": 1322.819,
                                                                "Actual Rows": 216869,
                                                                "Actual Loops": 4,
                                                                "Filter": "(note = ANY ('{(voice),\"(voice: Japanese version)\",\"(voice) (uncredited)\",\"(voice: English version)\"}'::text[]))",
                                                                "Rows Removed by Filter": 8844217
                                                              },
                                                              {
                                                                "Node Type": "Hash",
                                                                "Parent Relationship": "Inner",
                                                                "Parallel Aware": true,
                                                                "Startup Cost": 206598.52,
                                                                "Total Cost": 206598.52,
                                                                "Plan Rows": 108788,
                                                                "Plan Width": 8,
                                                                "Actual Startup Time": 821.365,
                                                                "Actual Total Time": 821.367,
                                                                "Actual Rows": 112776,
                                                                "Actual Loops": 4,
                                                                "Hash Buckets": 1048576,
                                                                "Original Hash Buckets": 1048576,
                                                                "Hash Batches": 1,
                                                                "Original Hash Batches": 1,
                                                                "Peak Memory Usage": 25920,
                                                                "Plans": [
                                                                  {
                                                                    "Node Type": "Seq Scan",
                                                                    "Parent Relationship": "Outer",
                                                                    "Parallel Aware": true,
                                                                    "Relation Name": "movie_info",
                                                                    "Alias": "mi",
                                                                    "Startup Cost": 0.0,
                                                                    "Total Cost": 206598.52,
                                                                    "Plan Rows": 108788,
                                                                    "Plan Width": 8,
                                                                    "Actual Startup Time": 81.341,
                                                                    "Actual Total Time": 761.455,
                                                                    "Actual Rows": 112776,
                                                                    "Actual Loops": 4,
                                                                    "Filter": "((info IS NOT NULL) AND ((info ~~ 'Japan:%200%'::text) OR (info ~~ 'USA:%200%'::text)))",
                                                                    "Rows Removed by Filter": 3596154
                                                                  }
                                                                ]
                                                              }
                                                            ]
                                                          },
                                                          {
                                                            "Node Type": "Hash",
                                                            "Parent Relationship": "Inner",
                                                            "Parallel Aware": true,
                                                            "Startup Cost": 14303.56,
                                                            "Total Cost": 14303.56,
                                                            "Plan Rows": 290756,
                                                            "Plan Width": 4,
                                                            "Actual Startup Time": 131.753,
                                                            "Actual Total Time": 131.755,
                                                            "Actual Rows": 225336,
                                                            "Actual Loops": 4,
                                                            "Hash Buckets": 1048576,
                                                            "Original Hash Buckets": 1048576,
                                                            "Hash Batches": 1,
                                                            "Original Hash Batches": 1,
                                                            "Peak Memory Usage": 43520,
                                                            "Plans": [
                                                              {
                                                                "Node Type": "Seq Scan",
                                                                "Parent Relationship": "Outer",
                                                                "Parallel Aware": true,
                                                                "Relation Name": "aka_name",
                                                                "Alias": "an",
                                                                "Startup Cost": 0.0,
                                                                "Total Cost": 14303.56,
                                                                "Plan Rows": 290756,
                                                                "Plan Width": 4,
                                                                "Actual Startup Time": 0.023,
                                                                "Actual Total Time": 44.747,
                                                                "Actual Rows": 225336,
                                                                "Actual Loops": 4
                                                              }
                                                            ]
                                                          }
                                                        ]
                                                      },
                                                      {
                                                        "Node Type": "Hash",
                                                        "Parent Relationship": "Inner",
                                                        "Parallel Aware": true,
                                                        "Startup Cost": 71240.66,
                                                        "Total Cost": 71240.66,
                                                        "Plan Rows": 2419,
                                                        "Plan Width": 19,
                                                        "Actual Startup Time": 267.801,
                                                        "Actual Total Time": 267.804,
                                                        "Actual Rows": 12503,
                                                        "Actual Loops": 4,
                                                        "Hash Buckets": 65536,
                                                        "Original Hash Buckets": 16384,
                                                        "Hash Batches": 1,
                                                        "Original Hash Batches": 1,
                                                        "Peak Memory Usage": 3680,
                                                        "Plans": [
                                                          {
                                                            "Node Type": "Seq Scan",
                                                            "Parent Relationship": "Outer",
                                                            "Parallel Aware": true,
                                                            "Relation Name": "name",
                                                            "Alias": "n",
                                                            "Startup Cost": 0.0,
                                                            "Total Cost": 71240.66,
                                                            "Plan Rows": 2419,
                                                            "Plan Width": 19,
                                                            "Actual Startup Time": 122.948,
                                                            "Actual Total Time": 256.136,
                                                            "Actual Rows": 12503,
                                                            "Actual Loops": 4,
                                                            "Filter": "((name ~~ '%An%'::text) AND ((gender)::text = 'f'::text))",
                                                            "Rows Removed by Filter": 1029370
                                                          }
                                                        ]
                                                      }
                                                    ]
                                                  }
                                                ]
                                              }
                                            ]
                                          }
                                        ]
                                      }
                                    ]
                                  }
                                ]
                              }
                            ]
                          },
                          {
                            "Node Type": "Hash",
                            "Parent Relationship": "Inner",
                            "Parallel Aware": false,
                            "Startup Cost": 2.41,
                            "Total Cost": 2.41,
                            "Plan Rows": 1,
                            "Plan Width": 4,
                            "Actual Startup Time": 0.023,
                            "Actual Total Time": 0.025,
                            "Actual Rows": 1,
                            "Actual Loops": 1,
                            "Hash Buckets": 1024,
                            "Original Hash Buckets": 1024,
                            "Hash Batches": 1,
                            "Original Hash Batches": 1,
                            "Peak Memory Usage": 9,
                            "Plans": [
                              {
                                "Node Type": "Seq Scan",
                                "Parent Relationship": "Outer",
                                "Parallel Aware": false,
                                "Relation Name": "info_type",
                                "Alias": "it",
                                "Startup Cost": 0.0,
                                "Total Cost": 2.41,
                                "Plan Rows": 1,
                                "Plan Width": 4,
                                "Actual Startup Time": 0.01,
                                "Actual Total Time": 0.018,
                                "Actual Rows": 1,
                                "Actual Loops": 1,
                                "Filter": "((info)::text = 'release dates'::text)",
                                "Rows Removed by Filter": 112
                              }
                            ]
                          }
                        ]
                      }
                    ]
                  }
                ]
              }
            ]
          }
        ]
      }
    ]
  },
  "Planning Time": 34.914,
  "Triggers": [],
  "Execution Time": 3851.647
}