[
  {
    "Plan": {
      "Node Type": "Aggregate",
      "Strategy": "Plain",
      "Partial Mode": "Finalize",
      "Parallel Aware": false,
      "Startup Cost": 349368.82,
      "Total Cost": 349368.83,
      "Plan Rows": 1,
      "Plan Width": 8,
      "Actual Startup Time": 736.742,
      "Actual Total Time": 784.959,
      "Actual Rows": 1,
      "Actual Loops": 1,
      "Plans": [
        {
          "Node Type": "Gather",
          "Parent Relationship": "Outer",
          "Parallel Aware": false,
          "Startup Cost": 349368.2,
          "Total Cost": 349368.81,
          "Plan Rows": 6,
          "Plan Width": 8,
          "Actual Startup Time": 736.538,
          "Actual Total Time": 784.94,
          "Actual Rows": 7,
          "Actual Loops": 1,
          "Workers Planned": 6,
          "Workers Launched": 6,
          "Single Copy": false,
          "Plans": [
            {
              "Node Type": "Aggregate",
              "Strategy": "Plain",
              "Partial Mode": "Partial",
              "Parent Relationship": "Outer",
              "Parallel Aware": false,
              "Startup Cost": 348368.2,
              "Total Cost": 348368.21,
              "Plan Rows": 1,
              "Plan Width": 8,
              "Actual Startup Time": 729.276,
              "Actual Total Time": 729.278,
              "Actual Rows": 1,
              "Actual Loops": 7,
              "Plans": [
                {
                  "Node Type": "Seq Scan",
                  "Parent Relationship": "Outer",
                  "Parallel Aware": true,
                  "Relation Name": "cast_info",
                  "Alias": "ci",
                  "Startup Cost": 0.0,
                  "Total Cost": 343316.27,
                  "Plan Rows": 2020771,
                  "Plan Width": 0,
                  "Actual Startup Time": 192.857,
                  "Actual Total Time": 664.853,
                  "Actual Rows": 1365416,
                  "Actual Loops": 7,
                  "Filter": "((person_id > 1443335) AND (role_id < 3))",
                  "Rows Removed by Filter": 3812348
                }
              ]
            }
          ]
        }
      ]
    },
    "Planning Time": 0.109,
    "Triggers": [],
    "Execution Time": 785.002
  }
]