{
  "Plan": {
    "Node Type": "Aggregate",
    "Strategy": "Plain",
    "Partial Mode": "Finalize",
    "Parallel Aware": false,
    "Startup Cost": 253382.94,
    "Total Cost": 253382.95,
    "Plan Rows": 1,
    "Plan Width": 8,
    "Actual Startup Time": 315.248,
    "Actual Total Time": 326.888,
    "Actual Rows": 1,
    "Actual Loops": 1,
    "Plans": [
      {
        "Node Type": "Gather",
        "Parent Relationship": "Outer",
        "Parallel Aware": false,
        "Startup Cost": 253382.83,
        "Total Cost": 253382.94,
        "Plan Rows": 1,
        "Plan Width": 8,
        "Actual Startup Time": 314.967,
        "Actual Total Time": 326.873,
        "Actual Rows": 2,
        "Actual Loops": 1,
        "Workers Planned": 1,
        "Workers Launched": 1,
        "Single Copy": false,
        "Plans": [
          {
            "Node Type": "Aggregate",
            "Strategy": "Plain",
            "Partial Mode": "Partial",
            "Parent Relationship": "Outer",
            "Parallel Aware": false,
            "Startup Cost": 252382.83,
            "Total Cost": 252382.84,
            "Plan Rows": 1,
            "Plan Width": 8,
            "Actual Startup Time": 308.902,
            "Actual Total Time": 308.906,
            "Actual Rows": 1,
            "Actual Loops": 2,
            "Plans": [
              {
                "Node Type": "Hash Join",
                "Parent Relationship": "Outer",
                "Parallel Aware": true,
                "Join Type": "Inner",
                "Startup Cost": 78605.77,
                "Total Cost": 252379.58,
                "Plan Rows": 1298,
                "Plan Width": 0,
                "Actual Startup Time": 192.029,
                "Actual Total Time": 308.786,
                "Actual Rows": 1492,
                "Actual Loops": 2,
                "Inner Unique": true,
                "Hash Cond": "(mi.movie_id = t.id)",
                "Plans": [
                  {
                    "Node Type": "Bitmap Heap Scan",
                    "Parent Relationship": "Outer",
                    "Parallel Aware": true,
                    "Relation Name": "movie_info",
                    "Alias": "mi",
                    "Startup Cost": 23986.4,
                    "Total Cost": 195715.6,
                    "Plan Rows": 778896,
                    "Plan Width": 4,
                    "Actual Startup Time": 48.291,
                    "Actual Total Time": 111.191,
                    "Actual Rows": 662680,
                    "Actual Loops": 2,
                    "Recheck Cond": "(info_type_id = 8)",
                    "Rows Removed by Index Recheck": 0,
                    "Exact Heap Blocks": 3452,
                    "Lossy Heap Blocks": 0,
                    "Plans": [
                      {
                        "Node Type": "Bitmap Index Scan",
                        "Parent Relationship": "Outer",
                        "Parallel Aware": false,
                        "Index Name": "info_type_id_movie_info",
                        "Startup Cost": 0.0,
                        "Total Cost": 23655.37,
                        "Plan Rows": 1324124,
                        "Plan Width": 0,
                        "Actual Startup Time": 46.995,
                        "Actual Total Time": 46.996,
                        "Actual Rows": 1325361,
                        "Actual Loops": 1,
                        "Index Cond": "(info_type_id = 8)"
                      }
                    ]
                  },
                  {
                    "Node Type": "Hash",
                    "Parent Relationship": "Inner",
                    "Parallel Aware": true,
                    "Startup Cost": 54588.39,
                    "Total Cost": 54588.39,
                    "Plan Rows": 2479,
                    "Plan Width": 4,
                    "Actual Startup Time": 141.96,
                    "Actual Total Time": 141.961,
                    "Actual Rows": 2382,
                    "Actual Loops": 2,
                    "Hash Buckets": 8192,
                    "Original Hash Buckets": 8192,
                    "Hash Batches": 1,
                    "Original Hash Batches": 1,
                    "Peak Memory Usage": 288,
                    "Plans": [
                      {
                        "Node Type": "Seq Scan",
                        "Parent Relationship": "Outer",
                        "Parallel Aware": true,
                        "Relation Name": "title",
                        "Alias": "t",
                        "Startup Cost": 0.0,
                        "Total Cost": 54588.39,
                        "Plan Rows": 2479,
                        "Plan Width": 4,
                        "Actual Startup Time": 0.474,
                        "Actual Total Time": 140.784,
                        "Actual Rows": 2382,
                        "Actual Loops": 2,
                        "Filter": "(production_year = 1950)",
                        "Rows Removed by Filter": 1261774
                      }
                    ]
                  }
                ]
              }
            ]
          }
        ]
      }
    ]
  },
  "Planning Time": 0.475,
  "Triggers": [],
  "Execution Time": 327.002
}