{
  "Plan": {
    "Node Type": "Aggregate",
    "Strategy": "Plain",
    "Partial Mode": "Finalize",
    "Parallel Aware": false,
    "Startup Cost": 102937.89,
    "Total Cost": 102937.9,
    "Plan Rows": 1,
    "Plan Width": 8,
    "Actual Startup Time": 523.336,
    "Actual Total Time": 541.567,
    "Actual Rows": 1,
    "Actual Loops": 1,
    "Plans": [
      {
        "Node Type": "Gather",
        "Parent Relationship": "Outer",
        "Parallel Aware": false,
        "Startup Cost": 102937.78,
        "Total Cost": 102937.89,
        "Plan Rows": 1,
        "Plan Width": 8,
        "Actual Startup Time": 522.382,
        "Actual Total Time": 541.557,
        "Actual Rows": 2,
        "Actual Loops": 1,
        "Workers Planned": 1,
        "Workers Launched": 1,
        "Single Copy": false,
        "Plans": [
          {
            "Node Type": "Aggregate",
            "Strategy": "Plain",
            "Partial Mode": "Partial",
            "Parent Relationship": "Outer",
            "Parallel Aware": false,
            "Startup Cost": 101937.78,
            "Total Cost": 101937.79,
            "Plan Rows": 1,
            "Plan Width": 8,
            "Actual Startup Time": 516.805,
            "Actual Total Time": 516.809,
            "Actual Rows": 1,
            "Actual Loops": 2,
            "Plans": [
              {
                "Node Type": "Hash Join",
                "Parent Relationship": "Outer",
                "Parallel Aware": true,
                "Join Type": "Inner",
                "Startup Cost": 60054.52,
                "Total Cost": 101616.53,
                "Plan Rows": 128497,
                "Plan Width": 0,
                "Actual Startup Time": 199.131,
                "Actual Total Time": 514.412,
                "Actual Rows": 46346,
                "Actual Loops": 2,
                "Inner Unique": true,
                "Hash Cond": "(mc.movie_id = t.id)",
                "Plans": [
                  {
                    "Node Type": "Seq Scan",
                    "Parent Relationship": "Outer",
                    "Parallel Aware": true,
                    "Relation Name": "movie_companies",
                    "Alias": "mc",
                    "Startup Cost": 0.0,
                    "Total Cost": 37974.77,
                    "Plan Rows": 1366565,
                    "Plan Width": 4,
                    "Actual Startup Time": 0.053,
                    "Actual Total Time": 147.014,
                    "Actual Rows": 1162402,
                    "Actual Loops": 2,
                    "Filter": "(company_id > 156)",
                    "Rows Removed by Filter": 142162
                  },
                  {
                    "Node Type": "Hash",
                    "Parent Relationship": "Inner",
                    "Parallel Aware": true,
                    "Startup Cost": 58306.47,
                    "Total Cost": 58306.47,
                    "Plan Rows": 139844,
                    "Plan Width": 4,
                    "Actual Startup Time": 195.406,
                    "Actual Total Time": 195.408,
                    "Actual Rows": 128453,
                    "Actual Loops": 2,
                    "Hash Buckets": 262144,
                    "Original Hash Buckets": 262144,
                    "Hash Batches": 1,
                    "Original Hash Batches": 1,
                    "Peak Memory Usage": 12128,
                    "Plans": [
                      {
                        "Node Type": "Seq Scan",
                        "Parent Relationship": "Outer",
                        "Parallel Aware": true,
                        "Relation Name": "title",
                        "Alias": "t",
                        "Startup Cost": 0.0,
                        "Total Cost": 58306.47,
                        "Plan Rows": 139844,
                        "Plan Width": 4,
                        "Actual Startup Time": 0.033,
                        "Actual Total Time": 160.137,
                        "Actual Rows": 128453,
                        "Actual Loops": 2,
                        "Filter": "((production_year > 2010) AND (kind_id = 7))",
                        "Rows Removed by Filter": 1135703
                      }
                    ]
                  }
                ]
              }
            ]
          }
        ]
      }
    ]
  },
  "Planning Time": 0.47,
  "Triggers": [],
  "Execution Time": 541.641
}