[
  {
    "Plan": {
      "Node Type": "Aggregate",
      "Strategy": "Plain",
      "Partial Mode": "Simple",
      "Parallel Aware": false,
      "Startup Cost": 9568.8,
      "Total Cost": 9568.81,
      "Plan Rows": 1,
      "Plan Width": 8,
      "Actual Startup Time": 6.992,
      "Actual Total Time": 6.993,
      "Actual Rows": 1,
      "Actual Loops": 1,
      "Plans": [
        {
          "Node Type": "Index Scan",
          "Parent Relationship": "Outer",
          "Parallel Aware": false,
          "Scan Direction": "Forward",
          "Index Name": "company_id_movie_companies",
          "Relation Name": "movie_companies",
          "Alias": "mc",
          "Startup Cost": 0.43,
          "Total Cost": 9563.91,
          "Plan Rows": 1956,
          "Plan Width": 0,
          "Actual Startup Time": 0.392,
          "Actual Total Time": 6.324,
          "Actual Rows": 3417,
          "Actual Loops": 1,
          "Index Cond": "(company_id = 483)",
          "Rows Removed by Index Recheck": 0,
          "Filter": "(company_type_id < 2)",
          "Rows Removed by Filter": 0
        }
      ]
    },
    "Planning Time": 0.222,
    "Triggers": [],
    "Execution Time": 7.049
  }
]