[
  {
    "Plan": {
      "Node Type": "Aggregate",
      "Strategy": "Plain",
      "Partial Mode": "Simple",
      "Parallel Aware": false,
      "Startup Cost": 6201.06,
      "Total Cost": 6201.07,
      "Plan Rows": 1,
      "Plan Width": 8,
      "Actual Startup Time": 4.221,
      "Actual Total Time": 4.223,
      "Actual Rows": 1,
      "Actual Loops": 1,
      "Plans": [
        {
          "Node Type": "Index Scan",
          "Parent Relationship": "Outer",
          "Parallel Aware": false,
          "Scan Direction": "Forward",
          "Index Name": "company_id_movie_companies",
          "Relation Name": "movie_companies",
          "Alias": "mc",
          "Startup Cost": 0.43,
          "Total Cost": 6197.95,
          "Plan Rows": 1242,
          "Plan Width": 0,
          "Actual Startup Time": 0.187,
          "Actual Total Time": 3.942,
          "Actual Rows": 1394,
          "Actual Loops": 1,
          "Index Cond": "(company_id = 13114)",
          "Rows Removed by Index Recheck": 0,
          "Filter": "(company_type_id < 2)",
          "Rows Removed by Filter": 1040
        }
      ]
    },
    "Planning Time": 0.205,
    "Triggers": [],
    "Execution Time": 4.277
  }
]