[
  {
    "Plan": {
      "Node Type": "Aggregate",
      "Strategy": "Plain",
      "Partial Mode": "Finalize",
      "Parallel Aware": false,
      "Startup Cost": 44346.33,
      "Total Cost": 44346.34,
      "Plan Rows": 1,
      "Plan Width": 8,
      "Actual Startup Time": 100.039,
      "Actual Total Time": 108.938,
      "Actual Rows": 1,
      "Actual Loops": 1,
      "Plans": [
        {
          "Node Type": "Gather",
          "Parent Relationship": "Outer",
          "Parallel Aware": false,
          "Startup Cost": 44346.01,
          "Total Cost": 44346.32,
          "Plan Rows": 3,
          "Plan Width": 8,
          "Actual Startup Time": 99.938,
          "Actual Total Time": 108.931,
          "Actual Rows": 4,
          "Actual Loops": 1,
          "Workers Planned": 3,
          "Workers Launched": 3,
          "Single Copy": false,
          "Plans": [
            {
              "Node Type": "Aggregate",
              "Strategy": "Plain",
              "Partial Mode": "Partial",
              "Parent Relationship": "Outer",
              "Parallel Aware": false,
              "Startup Cost": 43346.01,
              "Total Cost": 43346.02,
              "Plan Rows": 1,
              "Plan Width": 8,
              "Actual Startup Time": 95.788,
              "Actual Total Time": 95.79,
              "Actual Rows": 1,
              "Actual Loops": 4,
              "Plans": [
                {
                  "Node Type": "Seq Scan",
                  "Parent Relationship": "Outer",
                  "Parallel Aware": true,
                  "Relation Name": "movie_keyword",
                  "Alias": "mk",
                  "Startup Cost": 0.0,
                  "Total Cost": 42695.65,
                  "Plan Rows": 260144,
                  "Plan Width": 0,
                  "Actual Startup Time": 0.036,
                  "Actual Total Time": 86.828,
                  "Actual Rows": 201072,
                  "Actual Loops": 4,
                  "Filter": "(keyword_id < 782)",
                  "Rows Removed by Filter": 929910
                }
              ]
            }
          ]
        }
      ]
    },
    "Planning Time": 0.084,
    "Triggers": [],
    "Execution Time": 108.965
  }
]