[
  {
    "Plan": {
      "Node Type": "Aggregate",
      "Strategy": "Plain",
      "Partial Mode": "Finalize",
      "Parallel Aware": false,
      "Startup Cost": 307509.25,
      "Total Cost": 307509.26,
      "Plan Rows": 1,
      "Plan Width": 8,
      "Actual Startup Time": 703.538,
      "Actual Total Time": 767.452,
      "Actual Rows": 1,
      "Actual Loops": 1,
      "Plans": [
        {
          "Node Type": "Gather",
          "Parent Relationship": "Outer",
          "Parallel Aware": false,
          "Startup Cost": 307508.93,
          "Total Cost": 307509.24,
          "Plan Rows": 3,
          "Plan Width": 8,
          "Actual Startup Time": 700.104,
          "Actual Total Time": 767.438,
          "Actual Rows": 4,
          "Actual Loops": 1,
          "Workers Planned": 3,
          "Workers Launched": 3,
          "Single Copy": false,
          "Plans": [
            {
              "Node Type": "Aggregate",
              "Strategy": "Plain",
              "Partial Mode": "Partial",
              "Parent Relationship": "Outer",
              "Parallel Aware": false,
              "Startup Cost": 306508.93,
              "Total Cost": 306508.94,
              "Plan Rows": 1,
              "Plan Width": 8,
              "Actual Startup Time": 693.308,
              "Actual Total Time": 693.313,
              "Actual Rows": 1,
              "Actual Loops": 4,
              "Plans": [
                {
                  "Node Type": "Nested Loop",
                  "Parent Relationship": "Outer",
                  "Parallel Aware": false,
                  "Join Type": "Inner",
                  "Startup Cost": 47405.9,
                  "Total Cost": 304437.39,
                  "Plan Rows": 828617,
                  "Plan Width": 0,
                  "Actual Startup Time": 173.218,
                  "Actual Total Time": 675.397,
                  "Actual Rows": 337590,
                  "Actual Loops": 4,
                  "Inner Unique": false,
                  "Join Filter": "(t.id = ci.movie_id)",
                  "Rows Removed by Join Filter": 0,
                  "Plans": [
                    {
                      "Node Type": "Hash Join",
                      "Parent Relationship": "Outer",
                      "Parallel Aware": true,
                      "Join Type": "Inner",
                      "Startup Cost": 47405.34,
                      "Total Cost": 90723.44,
                      "Plan Rows": 57793,
                      "Plan Width": 8,
                      "Actual Startup Time": 173.114,
                      "Actual Total Time": 305.353,
                      "Actual Rows": 8760,
                      "Actual Loops": 4,
                      "Inner Unique": true,
                      "Hash Cond": "(mk.movie_id = t.id)",
                      "Plans": [
                        {
                          "Node Type": "Seq Scan",
                          "Parent Relationship": "Outer",
                          "Parallel Aware": true,
                          "Relation Name": "movie_keyword",
                          "Alias": "mk",
                          "Startup Cost": 0.0,
                          "Total Cost": 42695.65,
                          "Plan Rows": 237124,
                          "Plan Width": 4,
                          "Actual Startup Time": 0.03,
                          "Actual Total Time": 91.301,
                          "Actual Rows": 183728,
                          "Actual Loops": 4,
                          "Filter": "(keyword_id < 659)",
                          "Rows Removed by Filter": 947254
                        },
                        {
                          "Node Type": "Hash",
                          "Parent Relationship": "Inner",
                          "Parallel Aware": true,
                          "Startup Cost": 45479.59,
                          "Total Cost": 45479.59,
                          "Plan Rows": 154060,
                          "Plan Width": 4,
                          "Actual Startup Time": 169.692,
                          "Actual Total Time": 169.694,
                          "Actual Rows": 169232,
                          "Actual Loops": 4,
                          "Hash Buckets": 1048576,
                          "Original Hash Buckets": 1048576,
                          "Hash Batches": 1,
                          "Original Hash Batches": 1,
                          "Peak Memory Usage": 34720,
                          "Plans": [
                            {
                              "Node Type": "Seq Scan",
                              "Parent Relationship": "Outer",
                              "Parallel Aware": true,
                              "Relation Name": "title",
                              "Alias": "t",
                              "Startup Cost": 0.0,
                              "Total Cost": 45479.59,
                              "Plan Rows": 154060,
                              "Plan Width": 4,
                              "Actual Startup Time": 0.044,
                              "Actual Total Time": 103.995,
                              "Actual Rows": 169232,
                              "Actual Loops": 4,
                              "Filter": "((production_year > 2005) AND (kind_id = 7))",
                              "Rows Removed by Filter": 462846
                            }
                          ]
                        }
                      ]
                    },
                    {
                      "Node Type": "Index Only Scan",
                      "Parent Relationship": "Inner",
                      "Parallel Aware": false,
                      "Scan Direction": "Forward",
                      "Index Name": "movie_id_cast_info",
                      "Relation Name": "cast_info",
                      "Alias": "ci",
                      "Startup Cost": 0.56,
                      "Total Cost": 3.26,
                      "Plan Rows": 35,
                      "Plan Width": 4,
                      "Actual Startup Time": 0.005,
                      "Actual Total Time": 0.038,
                      "Actual Rows": 39,
                      "Actual Loops": 35038,
                      "Index Cond": "(movie_id = mk.movie_id)",
                      "Rows Removed by Index Recheck": 0,
                      "Heap Fetches": 1350360
                    }
                  ]
                }
              ]
            }
          ]
        }
      ]
    },
    "Planning Time": 0.527,
    "Triggers": [],
    "Execution Time": 767.523
  }
]