{
  "Plan": {
    "Node Type": "Aggregate",
    "Strategy": "Plain",
    "Partial Mode": "Simple",
    "Parallel Aware": false,
    "Startup Cost": 24777.01,
    "Total Cost": 24777.02,
    "Plan Rows": 1,
    "Plan Width": 8,
    "Actual Startup Time": 27.365,
    "Actual Total Time": 31.102,
    "Actual Rows": 1,
    "Actual Loops": 1,
    "Plans": [
      {
        "Node Type": "Gather",
        "Parent Relationship": "Outer",
        "Parallel Aware": false,
        "Startup Cost": 1111.1,
        "Total Cost": 24777.01,
        "Plan Rows": 1,
        "Plan Width": 0,
        "Actual Startup Time": 18.51,
        "Actual Total Time": 31.092,
        "Actual Rows": 3,
        "Actual Loops": 1,
        "Workers Planned": 1,
        "Workers Launched": 1,
        "Single Copy": false,
        "Plans": [
          {
            "Node Type": "Nested Loop",
            "Parent Relationship": "Outer",
            "Parallel Aware": false,
            "Join Type": "Inner",
            "Startup Cost": 111.1,
            "Total Cost": 23776.91,
            "Plan Rows": 1,
            "Plan Width": 0,
            "Actual Startup Time": 16.797,
            "Actual Total Time": 20.991,
            "Actual Rows": 2,
            "Actual Loops": 2,
            "Inner Unique": false,
            "Plans": [
              {
                "Node Type": "Nested Loop",
                "Parent Relationship": "Outer",
                "Parallel Aware": false,
                "Join Type": "Inner",
                "Startup Cost": 110.67,
                "Total Cost": 22923.08,
                "Plan Rows": 270,
                "Plan Width": 8,
                "Actual Startup Time": 8.958,
                "Actual Total Time": 11.557,
                "Actual Rows": 56,
                "Actual Loops": 2,
                "Inner Unique": true,
                "Plans": [
                  {
                    "Node Type": "Bitmap Heap Scan",
                    "Parent Relationship": "Outer",
                    "Parallel Aware": true,
                    "Relation Name": "movie_companies",
                    "Alias": "mc",
                    "Startup Cost": 110.24,
                    "Total Cost": 11329.89,
                    "Plan Rows": 1481,
                    "Plan Width": 4,
                    "Actual Startup Time": 8.764,
                    "Actual Total Time": 9.424,
                    "Actual Rows": 133,
                    "Actual Loops": 2,
                    "Recheck Cond": "(company_id = 1709)",
                    "Rows Removed by Index Recheck": 0,
                    "Filter": "(company_type_id = 2)",
                    "Rows Removed by Filter": 2449,
                    "Exact Heap Blocks": 2969,
                    "Lossy Heap Blocks": 0,
                    "Plans": [
                      {
                        "Node Type": "Bitmap Index Scan",
                        "Parent Relationship": "Outer",
                        "Parallel Aware": false,
                        "Index Name": "company_id_movie_companies",
                        "Startup Cost": 0.0,
                        "Total Cost": 109.61,
                        "Plan Rows": 4957,
                        "Plan Width": 0,
                        "Actual Startup Time": 3.305,
                        "Actual Total Time": 3.306,
                        "Actual Rows": 5164,
                        "Actual Loops": 1,
                        "Index Cond": "(company_id = 1709)"
                      }
                    ]
                  },
                  {
                    "Node Type": "Index Scan",
                    "Parent Relationship": "Inner",
                    "Parallel Aware": false,
                    "Scan Direction": "Forward",
                    "Index Name": "title_pkey",
                    "Relation Name": "title",
                    "Alias": "t",
                    "Startup Cost": 0.43,
                    "Total Cost": 7.83,
                    "Plan Rows": 1,
                    "Plan Width": 4,
                    "Actual Startup Time": 0.015,
                    "Actual Total Time": 0.015,
                    "Actual Rows": 0,
                    "Actual Loops": 266,
                    "Index Cond": "(id = mc.movie_id)",
                    "Rows Removed by Index Recheck": 0,
                    "Filter": "((production_year > 1990) AND (kind_id = 1))",
                    "Rows Removed by Filter": 1
                  }
                ]
              },
              {
                "Node Type": "Index Scan",
                "Parent Relationship": "Inner",
                "Parallel Aware": false,
                "Scan Direction": "Forward",
                "Index Name": "movie_id_movie_info",
                "Relation Name": "movie_info",
                "Alias": "mi",
                "Startup Cost": 0.43,
                "Total Cost": 3.15,
                "Plan Rows": 1,
                "Plan Width": 4,
                "Actual Startup Time": 0.169,
                "Actual Total Time": 0.169,
                "Actual Rows": 0,
                "Actual Loops": 111,
                "Index Cond": "(movie_id = t.id)",
                "Rows Removed by Index Recheck": 0,
                "Filter": "(info_type_id = 75)",
                "Rows Removed by Filter": 209
              }
            ]
          }
        ]
      }
    ]
  },
  "Planning Time": 1.112,
  "Triggers": [],
  "Execution Time": 31.22
}