[
  {
    "Plan": {
      "Node Type": "Aggregate",
      "Strategy": "Plain",
      "Partial Mode": "Finalize",
      "Parallel Aware": false,
      "Startup Cost": 245162.11,
      "Total Cost": 245162.12,
      "Plan Rows": 1,
      "Plan Width": 8,
      "Actual Startup Time": 150.95,
      "Actual Total Time": 180.957,
      "Actual Rows": 1,
      "Actual Loops": 1,
      "Plans": [
        {
          "Node Type": "Gather",
          "Parent Relationship": "Outer",
          "Parallel Aware": false,
          "Startup Cost": 245161.69,
          "Total Cost": 245162.1,
          "Plan Rows": 4,
          "Plan Width": 8,
          "Actual Startup Time": 150.727,
          "Actual Total Time": 180.949,
          "Actual Rows": 5,
          "Actual Loops": 1,
          "Workers Planned": 4,
          "Workers Launched": 4,
          "Single Copy": false,
          "Plans": [
            {
              "Node Type": "Aggregate",
              "Strategy": "Plain",
              "Partial Mode": "Partial",
              "Parent Relationship": "Outer",
              "Parallel Aware": false,
              "Startup Cost": 244161.69,
              "Total Cost": 244161.7,
              "Plan Rows": 1,
              "Plan Width": 8,
              "Actual Startup Time": 144.561,
              "Actual Total Time": 144.563,
              "Actual Rows": 1,
              "Actual Loops": 5,
              "Plans": [
                {
                  "Node Type": "Nested Loop",
                  "Parent Relationship": "Outer",
                  "Parallel Aware": false,
                  "Join Type": "Inner",
                  "Startup Cost": 0.56,
                  "Total Cost": 244084.66,
                  "Plan Rows": 30815,
                  "Plan Width": 0,
                  "Actual Startup Time": 0.583,
                  "Actual Total Time": 142.99,
                  "Actual Rows": 17467,
                  "Actual Loops": 5,
                  "Inner Unique": false,
                  "Plans": [
                    {
                      "Node Type": "Seq Scan",
                      "Parent Relationship": "Outer",
                      "Parallel Aware": true,
                      "Relation Name": "title",
                      "Alias": "t",
                      "Startup Cost": 0.0,
                      "Total Cost": 43899.32,
                      "Plan Rows": 2149,
                      "Plan Width": 4,
                      "Actual Startup Time": 0.372,
                      "Actual Total Time": 63.215,
                      "Actual Rows": 1440,
                      "Actual Loops": 5,
                      "Filter": "(production_year = 1954)",
                      "Rows Removed by Filter": 504223
                    },
                    {
                      "Node Type": "Index Only Scan",
                      "Parent Relationship": "Inner",
                      "Parallel Aware": false,
                      "Scan Direction": "Forward",
                      "Index Name": "movie_id_cast_info",
                      "Relation Name": "cast_info",
                      "Alias": "ci",
                      "Startup Cost": 0.56,
                      "Total Cost": 92.8,
                      "Plan Rows": 35,
                      "Plan Width": 4,
                      "Actual Startup Time": 0.015,
                      "Actual Total Time": 0.054,
                      "Actual Rows": 12,
                      "Actual Loops": 7199,
                      "Index Cond": "(movie_id = t.id)",
                      "Rows Removed by Index Recheck": 0,
                      "Heap Fetches": 87336
                    }
                  ]
                }
              ]
            }
          ]
        }
      ]
    },
    "Planning Time": 0.236,
    "Triggers": [],
    "Execution Time": 181.002
  }
]