[
  {
    "Plan": {
      "Node Type": "Aggregate",
      "Strategy": "Plain",
      "Partial Mode": "Finalize",
      "Parallel Aware": false,
      "Startup Cost": 70102.58,
      "Total Cost": 70102.59,
      "Plan Rows": 1,
      "Plan Width": 8,
      "Actual Startup Time": 174.902,
      "Actual Total Time": 191.405,
      "Actual Rows": 1,
      "Actual Loops": 1,
      "Plans": [
        {
          "Node Type": "Gather",
          "Parent Relationship": "Outer",
          "Parallel Aware": false,
          "Startup Cost": 70102.16,
          "Total Cost": 70102.57,
          "Plan Rows": 4,
          "Plan Width": 8,
          "Actual Startup Time": 174.155,
          "Actual Total Time": 191.392,
          "Actual Rows": 5,
          "Actual Loops": 1,
          "Workers Planned": 4,
          "Workers Launched": 4,
          "Single Copy": false,
          "Plans": [
            {
              "Node Type": "Aggregate",
              "Strategy": "Plain",
              "Partial Mode": "Partial",
              "Parent Relationship": "Outer",
              "Parallel Aware": false,
              "Startup Cost": 69102.16,
              "Total Cost": 69102.17,
              "Plan Rows": 1,
              "Plan Width": 8,
              "Actual Startup Time": 163.993,
              "Actual Total Time": 163.996,
              "Actual Rows": 1,
              "Actual Loops": 5,
              "Plans": [
                {
                  "Node Type": "Hash Join",
                  "Parent Relationship": "Outer",
                  "Parallel Aware": true,
                  "Join Type": "Inner",
                  "Startup Cost": 22692.45,
                  "Total Cost": 69079.38,
                  "Plan Rows": 9113,
                  "Plan Width": 0,
                  "Actual Startup Time": 60.438,
                  "Actual Total Time": 163.673,
                  "Actual Rows": 3798,
                  "Actual Loops": 5,
                  "Inner Unique": false,
                  "Hash Cond": "(t.id = mc.movie_id)",
                  "Plans": [
                    {
                      "Node Type": "Seq Scan",
                      "Parent Relationship": "Outer",
                      "Parallel Aware": true,
                      "Relation Name": "title",
                      "Alias": "t",
                      "Startup Cost": 0.0,
                      "Total Cost": 45479.1,
                      "Plan Rows": 175686,
                      "Plan Width": 4,
                      "Actual Startup Time": 0.017,
                      "Actual Total Time": 76.779,
                      "Actual Rows": 149986,
                      "Actual Loops": 5,
                      "Filter": "((kind_id < 7) AND (production_year < 2009))",
                      "Rows Removed by Filter": 355676
                    },
                    {
                      "Node Type": "Hash",
                      "Parent Relationship": "Inner",
                      "Parallel Aware": true,
                      "Startup Cost": 22163.64,
                      "Total Cost": 22163.64,
                      "Plan Rows": 42305,
                      "Plan Width": 4,
                      "Actual Startup Time": 58.302,
                      "Actual Total Time": 58.303,
                      "Actual Rows": 26961,
                      "Actual Loops": 5,
                      "Hash Buckets": 262144,
                      "Original Hash Buckets": 262144,
                      "Hash Batches": 1,
                      "Original Hash Batches": 1,
                      "Peak Memory Usage": 7392,
                      "Plans": [
                        {
                          "Node Type": "Bitmap Heap Scan",
                          "Parent Relationship": "Outer",
                          "Parallel Aware": true,
                          "Relation Name": "movie_companies",
                          "Alias": "mc",
                          "Startup Cost": 2844.82,
                          "Total Cost": 22163.64,
                          "Plan Rows": 42305,
                          "Plan Width": 4,
                          "Actual Startup Time": 13.651,
                          "Actual Total Time": 42.326,
                          "Actual Rows": 26961,
                          "Actual Loops": 5,
                          "Recheck Cond": "(company_id < 27)",
                          "Rows Removed by Index Recheck": 0,
                          "Exact Heap Blocks": 5612,
                          "Lossy Heap Blocks": 0,
                          "Plans": [
                            {
                              "Node Type": "Bitmap Index Scan",
                              "Parent Relationship": "Outer",
                              "Parallel Aware": false,
                              "Index Name": "company_id_movie_companies",
                              "Startup Cost": 0.0,
                              "Total Cost": 2812.03,
                              "Plan Rows": 131147,
                              "Plan Width": 0,
                              "Actual Startup Time": 13.434,
                              "Actual Total Time": 13.435,
                              "Actual Rows": 134807,
                              "Actual Loops": 1,
                              "Index Cond": "(company_id < 27)"
                            }
                          ]
                        }
                      ]
                    }
                  ]
                }
              ]
            }
          ]
        }
      ]
    },
    "Planning Time": 0.707,
    "Triggers": [],
    "Execution Time": 191.501
  }
]