[
  {
    "Plan": {
      "Node Type": "Aggregate",
      "Strategy": "Plain",
      "Partial Mode": "Finalize",
      "Parallel Aware": false,
      "Startup Cost": 397684.75,
      "Total Cost": 397684.76,
      "Plan Rows": 1,
      "Plan Width": 8,
      "Actual Startup Time": 1435.007,
      "Actual Total Time": 1488.456,
      "Actual Rows": 1,
      "Actual Loops": 1,
      "Plans": [
        {
          "Node Type": "Gather",
          "Parent Relationship": "Outer",
          "Parallel Aware": false,
          "Startup Cost": 397684.13,
          "Total Cost": 397684.74,
          "Plan Rows": 6,
          "Plan Width": 8,
          "Actual Startup Time": 1431.922,
          "Actual Total Time": 1488.439,
          "Actual Rows": 7,
          "Actual Loops": 1,
          "Workers Planned": 6,
          "Workers Launched": 6,
          "Single Copy": false,
          "Plans": [
            {
              "Node Type": "Aggregate",
              "Strategy": "Plain",
              "Partial Mode": "Partial",
              "Parent Relationship": "Outer",
              "Parallel Aware": false,
              "Startup Cost": 396684.13,
              "Total Cost": 396684.14,
              "Plan Rows": 1,
              "Plan Width": 8,
              "Actual Startup Time": 1424.447,
              "Actual Total Time": 1424.452,
              "Actual Rows": 1,
              "Actual Loops": 7,
              "Plans": [
                {
                  "Node Type": "Hash Join",
                  "Parent Relationship": "Outer",
                  "Parallel Aware": true,
                  "Join Type": "Inner",
                  "Startup Cost": 44904.68,
                  "Total Cost": 395769.41,
                  "Plan Rows": 365889,
                  "Plan Width": 0,
                  "Actual Startup Time": 95.304,
                  "Actual Total Time": 1405.074,
                  "Actual Rows": 340109,
                  "Actual Loops": 7,
                  "Inner Unique": true,
                  "Hash Cond": "(ci.movie_id = t.id)",
                  "Plans": [
                    {
                      "Node Type": "Seq Scan",
                      "Parent Relationship": "Outer",
                      "Parallel Aware": true,
                      "Relation Name": "cast_info",
                      "Alias": "ci",
                      "Startup Cost": 0.0,
                      "Total Cost": 343316.27,
                      "Plan Rows": 2875596,
                      "Plan Width": 4,
                      "Actual Startup Time": 0.043,
                      "Actual Total Time": 806.125,
                      "Actual Rows": 2740273,
                      "Actual Loops": 7,
                      "Filter": "((person_id < 2011619) AND (role_id < 10))",
                      "Rows Removed by Filter": 2437490
                    },
                    {
                      "Node Type": "Hash",
                      "Parent Relationship": "Inner",
                      "Parallel Aware": true,
                      "Startup Cost": 43899.32,
                      "Total Cost": 43899.32,
                      "Plan Rows": 80429,
                      "Plan Width": 4,
                      "Actual Startup Time": 93.46,
                      "Actual Total Time": 93.461,
                      "Actual Rows": 48264,
                      "Actual Loops": 7,
                      "Hash Buckets": 524288,
                      "Original Hash Buckets": 524288,
                      "Hash Batches": 1,
                      "Original Hash Batches": 1,
                      "Peak Memory Usage": 17440,
                      "Plans": [
                        {
                          "Node Type": "Seq Scan",
                          "Parent Relationship": "Outer",
                          "Parallel Aware": true,
                          "Relation Name": "title",
                          "Alias": "t",
                          "Startup Cost": 0.0,
                          "Total Cost": 43899.32,
                          "Plan Rows": 80429,
                          "Plan Width": 4,
                          "Actual Startup Time": 0.033,
                          "Actual Total Time": 71.074,
                          "Actual Rows": 48264,
                          "Actual Loops": 7,
                          "Filter": "(production_year < 1968)",
                          "Rows Removed by Filter": 312924
                        }
                      ]
                    }
                  ]
                }
              ]
            }
          ]
        }
      ]
    },
    "Planning Time": 0.618,
    "Triggers": [],
    "Execution Time": 1488.545
  }
]