[
  {
    "Plan": {
      "Node Type": "Aggregate",
      "Strategy": "Plain",
      "Partial Mode": "Finalize",
      "Parallel Aware": false,
      "Startup Cost": 45750.5,
      "Total Cost": 45750.51,
      "Plan Rows": 1,
      "Plan Width": 8,
      "Actual Startup Time": 132.737,
      "Actual Total Time": 140.095,
      "Actual Rows": 1,
      "Actual Loops": 1,
      "Plans": [
        {
          "Node Type": "Gather",
          "Parent Relationship": "Outer",
          "Parallel Aware": false,
          "Startup Cost": 45750.18,
          "Total Cost": 45750.49,
          "Plan Rows": 3,
          "Plan Width": 8,
          "Actual Startup Time": 132.648,
          "Actual Total Time": 140.089,
          "Actual Rows": 4,
          "Actual Loops": 1,
          "Workers Planned": 3,
          "Workers Launched": 3,
          "Single Copy": false,
          "Plans": [
            {
              "Node Type": "Aggregate",
              "Strategy": "Plain",
              "Partial Mode": "Partial",
              "Parent Relationship": "Outer",
              "Parallel Aware": false,
              "Startup Cost": 44750.18,
              "Total Cost": 44750.19,
              "Plan Rows": 1,
              "Plan Width": 8,
              "Actual Startup Time": 129.586,
              "Actual Total Time": 129.587,
              "Actual Rows": 1,
              "Actual Loops": 4,
              "Plans": [
                {
                  "Node Type": "Seq Scan",
                  "Parent Relationship": "Outer",
                  "Parallel Aware": true,
                  "Relation Name": "movie_keyword",
                  "Alias": "mk",
                  "Startup Cost": 0.0,
                  "Total Cost": 42695.65,
                  "Plan Rows": 821810,
                  "Plan Width": 0,
                  "Actual Startup Time": 0.407,
                  "Actual Total Time": 101.531,
                  "Actual Rows": 637377,
                  "Actual Loops": 4,
                  "Filter": "(keyword_id > 3462)",
                  "Rows Removed by Filter": 493606
                }
              ]
            }
          ]
        }
      ]
    },
    "Planning Time": 0.103,
    "Triggers": [],
    "Execution Time": 140.129
  }
]