[
  {
    "Plan": {
      "Node Type": "Aggregate",
      "Strategy": "Plain",
      "Partial Mode": "Finalize",
      "Parallel Aware": false,
      "Startup Cost": 46540.77,
      "Total Cost": 46540.78,
      "Plan Rows": 1,
      "Plan Width": 8,
      "Actual Startup Time": 98.036,
      "Actual Total Time": 110.157,
      "Actual Rows": 1,
      "Actual Loops": 1,
      "Plans": [
        {
          "Node Type": "Gather",
          "Parent Relationship": "Outer",
          "Parallel Aware": false,
          "Startup Cost": 46540.35,
          "Total Cost": 46540.76,
          "Plan Rows": 4,
          "Plan Width": 8,
          "Actual Startup Time": 97.88,
          "Actual Total Time": 110.148,
          "Actual Rows": 5,
          "Actual Loops": 1,
          "Workers Planned": 4,
          "Workers Launched": 4,
          "Single Copy": false,
          "Plans": [
            {
              "Node Type": "Aggregate",
              "Strategy": "Plain",
              "Partial Mode": "Partial",
              "Parent Relationship": "Outer",
              "Parallel Aware": false,
              "Startup Cost": 45540.35,
              "Total Cost": 45540.36,
              "Plan Rows": 1,
              "Plan Width": 8,
              "Actual Startup Time": 90.116,
              "Actual Total Time": 90.118,
              "Actual Rows": 1,
              "Actual Loops": 5,
              "Plans": [
                {
                  "Node Type": "Seq Scan",
                  "Parent Relationship": "Outer",
                  "Parallel Aware": true,
                  "Relation Name": "title",
                  "Alias": "t",
                  "Startup Cost": 0.0,
                  "Total Cost": 45479.1,
                  "Plan Rows": 24500,
                  "Plan Width": 0,
                  "Actual Startup Time": 0.038,
                  "Actual Total Time": 88.28,
                  "Actual Rows": 21249,
                  "Actual Loops": 5,
                  "Filter": "((kind_id = 7) AND (production_year = 2011))",
                  "Rows Removed by Filter": 484413
                }
              ]
            }
          ]
        }
      ]
    },
    "Planning Time": 0.15,
    "Triggers": [],
    "Execution Time": 110.207
  }
]