[
  {
    "Plan": {
      "Node Type": "Aggregate",
      "Strategy": "Plain",
      "Partial Mode": "Finalize",
      "Parallel Aware": false,
      "Startup Cost": 369590.12,
      "Total Cost": 369590.13,
      "Plan Rows": 1,
      "Plan Width": 8,
      "Actual Startup Time": 740.065,
      "Actual Total Time": 810.644,
      "Actual Rows": 1,
      "Actual Loops": 1,
      "Plans": [
        {
          "Node Type": "Gather",
          "Parent Relationship": "Outer",
          "Parallel Aware": false,
          "Startup Cost": 369589.7,
          "Total Cost": 369590.11,
          "Plan Rows": 4,
          "Plan Width": 8,
          "Actual Startup Time": 739.686,
          "Actual Total Time": 810.634,
          "Actual Rows": 5,
          "Actual Loops": 1,
          "Workers Planned": 4,
          "Workers Launched": 4,
          "Single Copy": false,
          "Plans": [
            {
              "Node Type": "Aggregate",
              "Strategy": "Plain",
              "Partial Mode": "Partial",
              "Parent Relationship": "Outer",
              "Parallel Aware": false,
              "Startup Cost": 368589.7,
              "Total Cost": 368589.71,
              "Plan Rows": 1,
              "Plan Width": 8,
              "Actual Startup Time": 734.591,
              "Actual Total Time": 734.593,
              "Actual Rows": 1,
              "Actual Loops": 5,
              "Plans": [
                {
                  "Node Type": "Nested Loop",
                  "Parent Relationship": "Outer",
                  "Parallel Aware": false,
                  "Join Type": "Inner",
                  "Startup Cost": 0.56,
                  "Total Cost": 368244.64,
                  "Plan Rows": 138026,
                  "Plan Width": 0,
                  "Actual Startup Time": 0.227,
                  "Actual Total Time": 725.162,
                  "Actual Rows": 119188,
                  "Actual Loops": 5,
                  "Inner Unique": false,
                  "Plans": [
                    {
                      "Node Type": "Seq Scan",
                      "Parent Relationship": "Outer",
                      "Parallel Aware": true,
                      "Relation Name": "title",
                      "Alias": "t",
                      "Startup Cost": 0.0,
                      "Total Cost": 43899.32,
                      "Plan Rows": 15150,
                      "Plan Width": 4,
                      "Actual Startup Time": 0.015,
                      "Actual Total Time": 71.275,
                      "Actual Rows": 12514,
                      "Actual Loops": 5,
                      "Filter": "(production_year = 2002)",
                      "Rows Removed by Filter": 493149
                    },
                    {
                      "Node Type": "Index Scan",
                      "Parent Relationship": "Inner",
                      "Parallel Aware": false,
                      "Scan Direction": "Forward",
                      "Index Name": "movie_id_cast_info",
                      "Relation Name": "cast_info",
                      "Alias": "ci",
                      "Startup Cost": 0.56,
                      "Total Cost": 21.19,
                      "Plan Rows": 22,
                      "Plan Width": 4,
                      "Actual Startup Time": 0.024,
                      "Actual Total Time": 0.051,
                      "Actual Rows": 10,
                      "Actual Loops": 62568,
                      "Index Cond": "(movie_id = t.id)",
                      "Rows Removed by Index Recheck": 0,
                      "Filter": "(person_id < 2373516)",
                      "Rows Removed by Filter": 5
                    }
                  ]
                }
              ]
            }
          ]
        }
      ]
    },
    "Planning Time": 0.482,
    "Triggers": [],
    "Execution Time": 810.705
  }
]