{
  "Plan": {
    "Node Type": "Aggregate",
    "Strategy": "Plain",
    "Partial Mode": "Finalize",
    "Parallel Aware": false,
    "Startup Cost": 694036.84,
    "Total Cost": 694036.85,
    "Plan Rows": 1,
    "Plan Width": 8,
    "Actual Startup Time": 7028.735,
    "Actual Total Time": 7127.631,
    "Actual Rows": 1,
    "Actual Loops": 1,
    "Plans": [
      {
        "Node Type": "Gather",
        "Parent Relationship": "Outer",
        "Parallel Aware": false,
        "Startup Cost": 694036.73,
        "Total Cost": 694036.84,
        "Plan Rows": 1,
        "Plan Width": 8,
        "Actual Startup Time": 7004.645,
        "Actual Total Time": 7127.623,
        "Actual Rows": 2,
        "Actual Loops": 1,
        "Workers Planned": 1,
        "Workers Launched": 1,
        "Single Copy": false,
        "Plans": [
          {
            "Node Type": "Aggregate",
            "Strategy": "Plain",
            "Partial Mode": "Partial",
            "Parent Relationship": "Outer",
            "Parallel Aware": false,
            "Startup Cost": 693036.73,
            "Total Cost": 693036.74,
            "Plan Rows": 1,
            "Plan Width": 8,
            "Actual Startup Time": 6984.052,
            "Actual Total Time": 6984.06,
            "Actual Rows": 1,
            "Actual Loops": 2,
            "Plans": [
              {
                "Node Type": "Hash Join",
                "Parent Relationship": "Outer",
                "Parallel Aware": true,
                "Join Type": "Inner",
                "Startup Cost": 653957.38,
                "Total Cost": 691038.92,
                "Plan Rows": 799123,
                "Plan Width": 0,
                "Actual Startup Time": 6173.658,
                "Actual Total Time": 6783.132,
                "Actual Rows": 5082930,
                "Actual Loops": 2,
                "Inner Unique": false,
                "Hash Cond": "(mk.movie_id = t.id)",
                "Plans": [
                  {
                    "Node Type": "Bitmap Heap Scan",
                    "Parent Relationship": "Outer",
                    "Parallel Aware": true,
                    "Relation Name": "movie_keyword",
                    "Alias": "mk",
                    "Startup Cost": 15246.35,
                    "Total Cost": 44984.9,
                    "Plan Rows": 422764,
                    "Plan Width": 4,
                    "Actual Startup Time": 46.902,
                    "Actual Total Time": 127.833,
                    "Actual Rows": 355793,
                    "Actual Loops": 2,
                    "Recheck Cond": "(keyword_id > 26557)",
                    "Rows Removed by Index Recheck": 0,
                    "Exact Heap Blocks": 11714,
                    "Lossy Heap Blocks": 0,
                    "Plans": [
                      {
                        "Node Type": "Bitmap Index Scan",
                        "Parent Relationship": "Outer",
                        "Parallel Aware": false,
                        "Index Name": "keyword_id_movie_keyword",
                        "Startup Cost": 0.0,
                        "Total Cost": 15066.68,
                        "Plan Rows": 718699,
                        "Plan Width": 0,
                        "Actual Startup Time": 43.429,
                        "Actual Total Time": 43.43,
                        "Actual Rows": 711586,
                        "Actual Loops": 1,
                        "Index Cond": "(keyword_id > 26557)"
                      }
                    ]
                  },
                  {
                    "Node Type": "Hash",
                    "Parent Relationship": "Inner",
                    "Parallel Aware": true,
                    "Startup Cost": 603570.84,
                    "Total Cost": 603570.84,
                    "Plan Rows": 2811215,
                    "Plan Width": 8,
                    "Actual Startup Time": 6094.702,
                    "Actual Total Time": 6094.708,
                    "Actual Rows": 5094472,
                    "Actual Loops": 2,
                    "Hash Buckets": 16777216,
                    "Original Hash Buckets": 8388608,
                    "Hash Batches": 1,
                    "Original Hash Batches": 1,
                    "Peak Memory Usage": 595232,
                    "Plans": [
                      {
                        "Node Type": "Hash Join",
                        "Parent Relationship": "Outer",
                        "Parallel Aware": true,
                        "Join Type": "Inner",
                        "Startup Cost": 69461.26,
                        "Total Cost": 603570.84,
                        "Plan Rows": 2811215,
                        "Plan Width": 8,
                        "Actual Startup Time": 503.739,
                        "Actual Total Time": 4216.981,
                        "Actual Rows": 5094472,
                        "Actual Loops": 2,
                        "Inner Unique": true,
                        "Hash Cond": "(ci.movie_id = t.id)",
                        "Plans": [
                          {
                            "Node Type": "Index Scan",
                            "Parent Relationship": "Outer",
                            "Parallel Aware": true,
                            "Scan Direction": "Forward",
                            "Index Name": "role_id_cast_info",
                            "Relation Name": "cast_info",
                            "Alias": "ci",
                            "Startup Cost": 0.56,
                            "Total Cost": 526730.69,
                            "Plan Rows": 2811215,
                            "Plan Width": 4,
                            "Actual Startup Time": 0.073,
                            "Actual Total Time": 1308.913,
                            "Actual Rows": 5094472,
                            "Actual Loops": 2,
                            "Index Cond": "(role_id > 2)",
                            "Rows Removed by Index Recheck": 0,
                            "Filter": "(person_id > 2665089)",
                            "Rows Removed by Filter": 2966370
                          },
                          {
                            "Node Type": "Hash",
                            "Parent Relationship": "Inner",
                            "Parallel Aware": true,
                            "Startup Cost": 50870.31,
                            "Total Cost": 50870.31,
                            "Plan Rows": 1487231,
                            "Plan Width": 4,
                            "Actual Startup Time": 493.005,
                            "Actual Total Time": 493.006,
                            "Actual Rows": 1264156,
                            "Actual Loops": 2,
                            "Hash Buckets": 4194304,
                            "Original Hash Buckets": 4194304,
                            "Hash Batches": 1,
                            "Original Hash Batches": 1,
                            "Peak Memory Usage": 131712,
                            "Plans": [
                              {
                                "Node Type": "Seq Scan",
                                "Parent Relationship": "Outer",
                                "Parallel Aware": true,
                                "Relation Name": "title",
                                "Alias": "t",
                                "Startup Cost": 0.0,
                                "Total Cost": 50870.31,
                                "Plan Rows": 1487231,
                                "Plan Width": 4,
                                "Actual Startup Time": 0.053,
                                "Actual Total Time": 149.221,
                                "Actual Rows": 1264156,
                                "Actual Loops": 2
                              }
                            ]
                          }
                        ]
                      }
                    ]
                  }
                ]
              }
            ]
          }
        ]
      }
    ]
  },
  "Planning Time": 1.065,
  "Triggers": [],
  "Execution Time": 7127.741
}