[
    {
        "Bao": {
            "Bao prediction": "NaN",
            "Bao recommended hint": "(no hint)"
        }
    },
    {
        "Plan": {
            "Node Type": "Aggregate",
            "Strategy": "Plain",
            "Partial Mode": "Finalize",
            "Parallel Aware": false,
            "Startup Cost": 27412.89,
            "Total Cost": 27412.9,
            "Plan Rows": 1,
            "Plan Width": 8,
            "Actual Startup Time": 72.404,
            "Actual Total Time": 76.967,
            "Actual Rows": 1,
            "Actual Loops": 1,
            "Output": [
                "count(*)"
            ],
            "Plans": [
                {
                    "Node Type": "Gather",
                    "Parent Relationship": "Outer",
                    "Parallel Aware": false,
                    "Startup Cost": 27412.57,
                    "Total Cost": 27412.88,
                    "Plan Rows": 3,
                    "Plan Width": 8,
                    "Actual Startup Time": 72.101,
                    "Actual Total Time": 76.96,
                    "Actual Rows": 4,
                    "Actual Loops": 1,
                    "Output": [
                        "(PARTIAL count(*))"
                    ],
                    "Workers Planned": 3,
                    "Workers Launched": 3,
                    "Single Copy": false,
                    "Plans": [
                        {
                            "Node Type": "Aggregate",
                            "Strategy": "Plain",
                            "Partial Mode": "Partial",
                            "Parent Relationship": "Outer",
                            "Parallel Aware": false,
                            "Startup Cost": 26412.57,
                            "Total Cost": 26412.58,
                            "Plan Rows": 1,
                            "Plan Width": 8,
                            "Actual Startup Time": 63.576,
                            "Actual Total Time": 63.577,
                            "Actual Rows": 1,
                            "Actual Loops": 4,
                            "Output": [
                                "PARTIAL count(*)"
                            ],
                            "Workers": [
                                {
                                    "Worker Number": 0,
                                    "Actual Startup Time": 60.456,
                                    "Actual Total Time": 60.458,
                                    "Actual Rows": 1,
                                    "Actual Loops": 1
                                },
                                {
                                    "Worker Number": 1,
                                    "Actual Startup Time": 60.872,
                                    "Actual Total Time": 60.873,
                                    "Actual Rows": 1,
                                    "Actual Loops": 1
                                },
                                {
                                    "Worker Number": 2,
                                    "Actual Startup Time": 61.175,
                                    "Actual Total Time": 61.176,
                                    "Actual Rows": 1,
                                    "Actual Loops": 1
                                }
                            ],
                            "Plans": [
                                {
                                    "Node Type": "Bitmap Heap Scan",
                                    "Parent Relationship": "Outer",
                                    "Parallel Aware": true,
                                    "Relation Name": "movie_companies",
                                    "Schema": "public",
                                    "Alias": "mc",
                                    "Startup Cost": 6129.58,
                                    "Total Cost": 26295.65,
                                    "Plan Rows": 46771,
                                    "Plan Width": 0,
                                    "Actual Startup Time": 50.1,
                                    "Actual Total Time": 62.621,
                                    "Actual Rows": 16059,
                                    "Actual Loops": 4,
                                    "Recheck Cond": "(mc.company_id < 150)",
                                    "Rows Removed by Index Recheck": 0,
                                    "Filter": "(mc.company_type_id > 1)",
                                    "Rows Removed by Filter": 53661,
                                    "Exact Heap Blocks": 10781,
                                    "Lossy Heap Blocks": 0,
                                    "Workers": [
                                        {
                                            "Worker Number": 0,
                                            "Actual Startup Time": 46.984,
                                            "Actual Total Time": 59.617,
                                            "Actual Rows": 10519,
                                            "Actual Loops": 1
                                        },
                                        {
                                            "Worker Number": 1,
                                            "Actual Startup Time": 47.39,
                                            "Actual Total Time": 60.015,
                                            "Actual Rows": 13073,
                                            "Actual Loops": 1
                                        },
                                        {
                                            "Worker Number": 2,
                                            "Actual Startup Time": 47.703,
                                            "Actual Total Time": 60.343,
                                            "Actual Rows": 11737,
                                            "Actual Loops": 1
                                        }
                                    ],
                                    "Plans": [
                                        {
                                            "Node Type": "Bitmap Index Scan",
                                            "Parent Relationship": "Outer",
                                            "Parallel Aware": false,
                                            "Index Name": "company_id_movie_companies",
                                            "Startup Cost": 0.0,
                                            "Total Cost": 6093.33,
                                            "Plan Rows": 284387,
                                            "Plan Width": 0,
                                            "Actual Startup Time": 21.444,
                                            "Actual Total Time": 21.444,
                                            "Actual Rows": 278880,
                                            "Actual Loops": 1,
                                            "Index Cond": "(mc.company_id < 150)"
                                        }
                                    ]
                                }
                            ]
                        }
                    ]
                }
            ]
        },
        "Planning Time": 202.905,
        "Triggers": [],
        "Execution Time": 77.026
    }
]