{
  "Plan": {
    "Node Type": "Aggregate",
    "Strategy": "Plain",
    "Partial Mode": "Finalize",
    "Parallel Aware": false,
    "Startup Cost": 77597.43,
    "Total Cost": 77597.44,
    "Plan Rows": 1,
    "Plan Width": 8,
    "Actual Startup Time": 254.404,
    "Actual Total Time": 265.012,
    "Actual Rows": 1,
    "Actual Loops": 1,
    "Plans": [
      {
        "Node Type": "Gather",
        "Parent Relationship": "Outer",
        "Parallel Aware": false,
        "Startup Cost": 77597.32,
        "Total Cost": 77597.43,
        "Plan Rows": 1,
        "Plan Width": 8,
        "Actual Startup Time": 254.178,
        "Actual Total Time": 265.002,
        "Actual Rows": 2,
        "Actual Loops": 1,
        "Workers Planned": 1,
        "Workers Launched": 1,
        "Single Copy": false,
        "Plans": [
          {
            "Node Type": "Aggregate",
            "Strategy": "Plain",
            "Partial Mode": "Partial",
            "Parent Relationship": "Outer",
            "Parallel Aware": false,
            "Startup Cost": 76597.32,
            "Total Cost": 76597.33,
            "Plan Rows": 1,
            "Plan Width": 8,
            "Actual Startup Time": 248.571,
            "Actual Total Time": 248.575,
            "Actual Rows": 1,
            "Actual Loops": 2,
            "Plans": [
              {
                "Node Type": "Hash Join",
                "Parent Relationship": "Outer",
                "Parallel Aware": true,
                "Join Type": "Inner",
                "Startup Cost": 58402.99,
                "Total Cost": 76586.78,
                "Plan Rows": 4215,
                "Plan Width": 0,
                "Actual Startup Time": 146.055,
                "Actual Total Time": 248.208,
                "Actual Rows": 7270,
                "Actual Loops": 2,
                "Inner Unique": true,
                "Hash Cond": "(mi_idx.movie_id = t.id)",
                "Plans": [
                  {
                    "Node Type": "Seq Scan",
                    "Parent Relationship": "Outer",
                    "Parallel Aware": true,
                    "Relation Name": "movie_info_idx",
                    "Alias": "mi_idx",
                    "Startup Cost": 0.0,
                    "Total Cost": 16052.85,
                    "Plan Rows": 811785,
                    "Plan Width": 4,
                    "Actual Startup Time": 0.018,
                    "Actual Total Time": 51.079,
                    "Actual Rows": 690018,
                    "Actual Loops": 2
                  },
                  {
                    "Node Type": "Hash",
                    "Parent Relationship": "Inner",
                    "Parallel Aware": true,
                    "Startup Cost": 58306.47,
                    "Total Cost": 58306.47,
                    "Plan Rows": 7722,
                    "Plan Width": 4,
                    "Actual Startup Time": 144.714,
                    "Actual Total Time": 144.715,
                    "Actual Rows": 5192,
                    "Actual Loops": 2,
                    "Hash Buckets": 16384,
                    "Original Hash Buckets": 16384,
                    "Hash Batches": 1,
                    "Original Hash Batches": 1,
                    "Peak Memory Usage": 576,
                    "Plans": [
                      {
                        "Node Type": "Seq Scan",
                        "Parent Relationship": "Outer",
                        "Parallel Aware": true,
                        "Relation Name": "title",
                        "Alias": "t",
                        "Startup Cost": 0.0,
                        "Total Cost": 58306.47,
                        "Plan Rows": 7722,
                        "Plan Width": 4,
                        "Actual Startup Time": 0.269,
                        "Actual Total Time": 142.611,
                        "Actual Rows": 5192,
                        "Actual Loops": 2,
                        "Filter": "((kind_id < 4) AND (production_year = 1997))",
                        "Rows Removed by Filter": 1258964
                      }
                    ]
                  }
                ]
              }
            ]
          }
        ]
      }
    ]
  },
  "Planning Time": 0.437,
  "Triggers": [],
  "Execution Time": 265.085
}