[
  {
    "Plan": {
      "Node Type": "Aggregate",
      "Strategy": "Plain",
      "Partial Mode": "Finalize",
      "Parallel Aware": false,
      "Startup Cost": 40201.47,
      "Total Cost": 40201.48,
      "Plan Rows": 1,
      "Plan Width": 8,
      "Actual Startup Time": 16.162,
      "Actual Total Time": 18.821,
      "Actual Rows": 1,
      "Actual Loops": 1,
      "Plans": [
        {
          "Node Type": "Gather",
          "Parent Relationship": "Outer",
          "Parallel Aware": false,
          "Startup Cost": 40201.26,
          "Total Cost": 40201.47,
          "Plan Rows": 2,
          "Plan Width": 8,
          "Actual Startup Time": 10.495,
          "Actual Total Time": 18.804,
          "Actual Rows": 3,
          "Actual Loops": 1,
          "Workers Planned": 2,
          "Workers Launched": 2,
          "Single Copy": false,
          "Plans": [
            {
              "Node Type": "Aggregate",
              "Strategy": "Plain",
              "Partial Mode": "Partial",
              "Parent Relationship": "Outer",
              "Parallel Aware": false,
              "Startup Cost": 39201.26,
              "Total Cost": 39201.27,
              "Plan Rows": 1,
              "Plan Width": 8,
              "Actual Startup Time": 6.663,
              "Actual Total Time": 6.666,
              "Actual Rows": 1,
              "Actual Loops": 3,
              "Plans": [
                {
                  "Node Type": "Nested Loop",
                  "Parent Relationship": "Outer",
                  "Parallel Aware": false,
                  "Join Type": "Inner",
                  "Startup Cost": 189.56,
                  "Total Cost": 39201.08,
                  "Plan Rows": 73,
                  "Plan Width": 0,
                  "Actual Startup Time": 5.504,
                  "Actual Total Time": 6.659,
                  "Actual Rows": 0,
                  "Actual Loops": 3,
                  "Inner Unique": false,
                  "Plans": [
                    {
                      "Node Type": "Nested Loop",
                      "Parent Relationship": "Outer",
                      "Parallel Aware": false,
                      "Join Type": "Inner",
                      "Startup Cost": 189.12,
                      "Total Cost": 38362.78,
                      "Plan Rows": 327,
                      "Plan Width": 8,
                      "Actual Startup Time": 2.059,
                      "Actual Total Time": 4.677,
                      "Actual Rows": 96,
                      "Actual Loops": 3,
                      "Inner Unique": true,
                      "Plans": [
                        {
                          "Node Type": "Bitmap Heap Scan",
                          "Parent Relationship": "Outer",
                          "Parallel Aware": true,
                          "Relation Name": "cast_info",
                          "Alias": "ci",
                          "Startup Cost": 188.69,
                          "Total Cost": 28973.29,
                          "Plan Rows": 1213,
                          "Plan Width": 4,
                          "Actual Startup Time": 1.735,
                          "Actual Total Time": 2.292,
                          "Actual Rows": 133,
                          "Actual Loops": 3,
                          "Recheck Cond": "(person_id = 598206)",
                          "Rows Removed by Index Recheck": 0,
                          "Filter": "(role_id = 1)",
                          "Rows Removed by Filter": 2615,
                          "Exact Heap Blocks": 46,
                          "Lossy Heap Blocks": 0,
                          "Plans": [
                            {
                              "Node Type": "Bitmap Index Scan",
                              "Parent Relationship": "Outer",
                              "Parallel Aware": false,
                              "Index Name": "person_id_cast_info",
                              "Startup Cost": 0.0,
                              "Total Cost": 187.96,
                              "Plan Rows": 8453,
                              "Plan Width": 0,
                              "Actual Startup Time": 3.558,
                              "Actual Total Time": 3.559,
                              "Actual Rows": 8242,
                              "Actual Loops": 1,
                              "Index Cond": "(person_id = 598206)"
                            }
                          ]
                        },
                        {
                          "Node Type": "Index Scan",
                          "Parent Relationship": "Inner",
                          "Parallel Aware": false,
                          "Scan Direction": "Forward",
                          "Index Name": "title_pkey",
                          "Relation Name": "title",
                          "Alias": "t",
                          "Startup Cost": 0.43,
                          "Total Cost": 7.74,
                          "Plan Rows": 1,
                          "Plan Width": 4,
                          "Actual Startup Time": 0.017,
                          "Actual Total Time": 0.017,
                          "Actual Rows": 1,
                          "Actual Loops": 398,
                          "Index Cond": "(id = ci.movie_id)",
                          "Rows Removed by Index Recheck": 0,
                          "Filter": "((production_year < 2002) AND (kind_id = 7))",
                          "Rows Removed by Filter": 0
                        }
                      ]
                    },
                    {
                      "Node Type": "Index Scan",
                      "Parent Relationship": "Inner",
                      "Parallel Aware": false,
                      "Scan Direction": "Forward",
                      "Index Name": "movie_id_movie_info",
                      "Relation Name": "movie_info",
                      "Alias": "mi",
                      "Startup Cost": 0.43,
                      "Total Cost": 2.54,
                      "Plan Rows": 2,
                      "Plan Width": 4,
                      "Actual Startup Time": 0.02,
                      "Actual Total Time": 0.02,
                      "Actual Rows": 0,
                      "Actual Loops": 288,
                      "Index Cond": "(movie_id = t.id)",
                      "Rows Removed by Index Recheck": 0,
                      "Filter": "(info_type_id > 98)",
                      "Rows Removed by Filter": 3
                    }
                  ]
                }
              ]
            }
          ]
        }
      ]
    },
    "Planning Time": 1.312,
    "Triggers": [],
    "Execution Time": 18.926
  }
]