[
  {
    "Plan": {
      "Node Type": "Aggregate",
      "Strategy": "Plain",
      "Partial Mode": "Finalize",
      "Parallel Aware": false,
      "Startup Cost": 25807.89,
      "Total Cost": 25807.9,
      "Plan Rows": 1,
      "Plan Width": 8,
      "Actual Startup Time": 38.698,
      "Actual Total Time": 44.186,
      "Actual Rows": 1,
      "Actual Loops": 1,
      "Plans": [
        {
          "Node Type": "Gather",
          "Parent Relationship": "Outer",
          "Parallel Aware": false,
          "Startup Cost": 25807.68,
          "Total Cost": 25807.89,
          "Plan Rows": 2,
          "Plan Width": 8,
          "Actual Startup Time": 38.567,
          "Actual Total Time": 44.179,
          "Actual Rows": 3,
          "Actual Loops": 1,
          "Workers Planned": 2,
          "Workers Launched": 2,
          "Single Copy": false,
          "Plans": [
            {
              "Node Type": "Aggregate",
              "Strategy": "Plain",
              "Partial Mode": "Partial",
              "Parent Relationship": "Outer",
              "Parallel Aware": false,
              "Startup Cost": 24807.68,
              "Total Cost": 24807.69,
              "Plan Rows": 1,
              "Plan Width": 8,
              "Actual Startup Time": 30.342,
              "Actual Total Time": 30.344,
              "Actual Rows": 1,
              "Actual Loops": 3,
              "Plans": [
                {
                  "Node Type": "Nested Loop",
                  "Parent Relationship": "Outer",
                  "Parallel Aware": false,
                  "Join Type": "Inner",
                  "Startup Cost": 94.15,
                  "Total Cost": 24807.57,
                  "Plan Rows": 43,
                  "Plan Width": 0,
                  "Actual Startup Time": 15.242,
                  "Actual Total Time": 30.3,
                  "Actual Rows": 297,
                  "Actual Loops": 3,
                  "Inner Unique": false,
                  "Plans": [
                    {
                      "Node Type": "Nested Loop",
                      "Parent Relationship": "Outer",
                      "Parallel Aware": false,
                      "Join Type": "Inner",
                      "Startup Cost": 93.58,
                      "Total Cost": 24158.83,
                      "Plan Rows": 7,
                      "Plan Width": 8,
                      "Actual Startup Time": 14.643,
                      "Actual Total Time": 26.996,
                      "Actual Rows": 7,
                      "Actual Loops": 3,
                      "Inner Unique": true,
                      "Plans": [
                        {
                          "Node Type": "Bitmap Heap Scan",
                          "Parent Relationship": "Outer",
                          "Parallel Aware": true,
                          "Relation Name": "movie_keyword",
                          "Alias": "mk",
                          "Startup Cost": 93.15,
                          "Total Cost": 11014.05,
                          "Plan Rows": 1759,
                          "Plan Width": 4,
                          "Actual Startup Time": 1.84,
                          "Actual Total Time": 8.644,
                          "Actual Rows": 1420,
                          "Actual Loops": 3,
                          "Recheck Cond": "(keyword_id = 2867)",
                          "Rows Removed by Index Recheck": 0,
                          "Exact Heap Blocks": 2236,
                          "Lossy Heap Blocks": 0,
                          "Plans": [
                            {
                              "Node Type": "Bitmap Index Scan",
                              "Parent Relationship": "Outer",
                              "Parallel Aware": false,
                              "Index Name": "keyword_id_movie_keyword",
                              "Startup Cost": 0.0,
                              "Total Cost": 92.1,
                              "Plan Rows": 4222,
                              "Plan Width": 0,
                              "Actual Startup Time": 3.726,
                              "Actual Total Time": 3.726,
                              "Actual Rows": 4261,
                              "Actual Loops": 1,
                              "Index Cond": "(keyword_id = 2867)"
                            }
                          ]
                        },
                        {
                          "Node Type": "Index Scan",
                          "Parent Relationship": "Inner",
                          "Parallel Aware": false,
                          "Scan Direction": "Forward",
                          "Index Name": "title_pkey",
                          "Relation Name": "title",
                          "Alias": "t",
                          "Startup Cost": 0.43,
                          "Total Cost": 7.47,
                          "Plan Rows": 1,
                          "Plan Width": 4,
                          "Actual Startup Time": 0.012,
                          "Actual Total Time": 0.012,
                          "Actual Rows": 0,
                          "Actual Loops": 4261,
                          "Index Cond": "(id = mk.movie_id)",
                          "Rows Removed by Index Recheck": 0,
                          "Filter": "((kind_id = 1) AND (production_year = 1995))",
                          "Rows Removed by Filter": 1
                        }
                      ]
                    },
                    {
                      "Node Type": "Index Scan",
                      "Parent Relationship": "Inner",
                      "Parallel Aware": false,
                      "Scan Direction": "Forward",
                      "Index Name": "movie_id_cast_info",
                      "Relation Name": "cast_info",
                      "Alias": "ci",
                      "Startup Cost": 0.56,
                      "Total Cost": 92.51,
                      "Plan Rows": 17,
                      "Plan Width": 4,
                      "Actual Startup Time": 0.255,
                      "Actual Total Time": 0.443,
                      "Actual Rows": 40,
                      "Actual Loops": 22,
                      "Index Cond": "(movie_id = t.id)",
                      "Rows Removed by Index Recheck": 0,
                      "Filter": "(role_id > 2)",
                      "Rows Removed by Filter": 50
                    }
                  ]
                }
              ]
            }
          ]
        }
      ]
    },
    "Planning Time": 1.56,
    "Triggers": [],
    "Execution Time": 44.293
  }
]