{
  "Plan": {
    "Node Type": "Aggregate",
    "Strategy": "Plain",
    "Partial Mode": "Finalize",
    "Parallel Aware": false,
    "Startup Cost": 125546.0,
    "Total Cost": 125546.01,
    "Plan Rows": 1,
    "Plan Width": 8,
    "Actual Startup Time": 917.366,
    "Actual Total Time": 937.98,
    "Actual Rows": 1,
    "Actual Loops": 1,
    "Plans": [
      {
        "Node Type": "Gather",
        "Parent Relationship": "Outer",
        "Parallel Aware": false,
        "Startup Cost": 125545.88,
        "Total Cost": 125545.99,
        "Plan Rows": 1,
        "Plan Width": 8,
        "Actual Startup Time": 914.572,
        "Actual Total Time": 937.97,
        "Actual Rows": 2,
        "Actual Loops": 1,
        "Workers Planned": 1,
        "Workers Launched": 1,
        "Single Copy": false,
        "Plans": [
          {
            "Node Type": "Aggregate",
            "Strategy": "Plain",
            "Partial Mode": "Partial",
            "Parent Relationship": "Outer",
            "Parallel Aware": false,
            "Startup Cost": 124545.88,
            "Total Cost": 124545.89,
            "Plan Rows": 1,
            "Plan Width": 8,
            "Actual Startup Time": 908.769,
            "Actual Total Time": 909.705,
            "Actual Rows": 1,
            "Actual Loops": 2,
            "Plans": [
              {
                "Node Type": "Hash Join",
                "Parent Relationship": "Outer",
                "Parallel Aware": true,
                "Join Type": "Inner",
                "Startup Cost": 80248.61,
                "Total Cost": 124286.4,
                "Plan Rows": 103794,
                "Plan Width": 0,
                "Actual Startup Time": 481.212,
                "Actual Total Time": 875.781,
                "Actual Rows": 679048,
                "Actual Loops": 2,
                "Inner Unique": false,
                "Hash Cond": "(mc.movie_id = t.id)",
                "Plans": [
                  {
                    "Node Type": "Seq Scan",
                    "Parent Relationship": "Outer",
                    "Parallel Aware": true,
                    "Relation Name": "movie_companies",
                    "Alias": "mc",
                    "Startup Cost": 0.0,
                    "Total Cost": 37974.77,
                    "Plan Rows": 1453992,
                    "Plan Width": 4,
                    "Actual Startup Time": 0.027,
                    "Actual Total Time": 160.759,
                    "Actual Rows": 1237606,
                    "Actual Loops": 2,
                    "Filter": "(company_id < 139309)",
                    "Rows Removed by Filter": 66958
                  },
                  {
                    "Node Type": "Hash",
                    "Parent Relationship": "Inner",
                    "Parallel Aware": true,
                    "Startup Cost": 78921.53,
                    "Total Cost": 78921.53,
                    "Plan Rows": 106166,
                    "Plan Width": 8,
                    "Actual Startup Time": 478.025,
                    "Actual Total Time": 478.958,
                    "Actual Rows": 210038,
                    "Actual Loops": 2,
                    "Hash Buckets": 524288,
                    "Original Hash Buckets": 262144,
                    "Hash Batches": 1,
                    "Original Hash Batches": 1,
                    "Peak Memory Usage": 22624,
                    "Plans": [
                      {
                        "Node Type": "Hash Join",
                        "Parent Relationship": "Outer",
                        "Parallel Aware": true,
                        "Join Type": "Inner",
                        "Startup Cost": 60737.74,
                        "Total Cost": 78921.53,
                        "Plan Rows": 106166,
                        "Plan Width": 8,
                        "Actual Startup Time": 239.014,
                        "Actual Total Time": 427.314,
                        "Actual Rows": 210038,
                        "Actual Loops": 2,
                        "Inner Unique": true,
                        "Hash Cond": "(mi_idx.movie_id = t.id)",
                        "Plans": [
                          {
                            "Node Type": "Seq Scan",
                            "Parent Relationship": "Outer",
                            "Parallel Aware": true,
                            "Relation Name": "movie_info_idx",
                            "Alias": "mi_idx",
                            "Startup Cost": 0.0,
                            "Total Cost": 16052.85,
                            "Plan Rows": 811785,
                            "Plan Width": 4,
                            "Actual Startup Time": 0.02,
                            "Actual Total Time": 60.308,
                            "Actual Rows": 690018,
                            "Actual Loops": 2
                          },
                          {
                            "Node Type": "Hash",
                            "Parent Relationship": "Inner",
                            "Parallel Aware": true,
                            "Startup Cost": 58306.47,
                            "Total Cost": 58306.47,
                            "Plan Rows": 194502,
                            "Plan Width": 4,
                            "Actual Startup Time": 234.859,
                            "Actual Total Time": 234.861,
                            "Actual Rows": 222597,
                            "Actual Loops": 2,
                            "Hash Buckets": 524288,
                            "Original Hash Buckets": 524288,
                            "Hash Batches": 1,
                            "Original Hash Batches": 1,
                            "Peak Memory Usage": 21536,
                            "Plans": [
                              {
                                "Node Type": "Seq Scan",
                                "Parent Relationship": "Outer",
                                "Parallel Aware": true,
                                "Relation Name": "title",
                                "Alias": "t",
                                "Startup Cost": 0.0,
                                "Total Cost": 58306.47,
                                "Plan Rows": 194502,
                                "Plan Width": 4,
                                "Actual Startup Time": 0.095,
                                "Actual Total Time": 174.799,
                                "Actual Rows": 222597,
                                "Actual Loops": 2,
                                "Filter": "((kind_id < 7) AND (production_year < 1996))",
                                "Rows Removed by Filter": 1041559
                              }
                            ]
                          }
                        ]
                      }
                    ]
                  }
                ]
              }
            ]
          }
        ]
      }
    ]
  },
  "Planning Time": 1.081,
  "Triggers": [],
  "Execution Time": 938.069
}