[
  {
    "Plan": {
      "Node Type": "Aggregate",
      "Strategy": "Plain",
      "Partial Mode": "Finalize",
      "Parallel Aware": false,
      "Startup Cost": 33181.06,
      "Total Cost": 33181.07,
      "Plan Rows": 1,
      "Plan Width": 8,
      "Actual Startup Time": 102.213,
      "Actual Total Time": 110.15,
      "Actual Rows": 1,
      "Actual Loops": 1,
      "Plans": [
        {
          "Node Type": "Gather",
          "Parent Relationship": "Outer",
          "Parallel Aware": false,
          "Startup Cost": 33180.74,
          "Total Cost": 33181.05,
          "Plan Rows": 3,
          "Plan Width": 8,
          "Actual Startup Time": 102.105,
          "Actual Total Time": 110.142,
          "Actual Rows": 4,
          "Actual Loops": 1,
          "Workers Planned": 3,
          "Workers Launched": 3,
          "Single Copy": false,
          "Plans": [
            {
              "Node Type": "Aggregate",
              "Strategy": "Plain",
              "Partial Mode": "Partial",
              "Parent Relationship": "Outer",
              "Parallel Aware": false,
              "Startup Cost": 32180.74,
              "Total Cost": 32180.75,
              "Plan Rows": 1,
              "Plan Width": 8,
              "Actual Startup Time": 94.784,
              "Actual Total Time": 94.786,
              "Actual Rows": 1,
              "Actual Loops": 4,
              "Plans": [
                {
                  "Node Type": "Seq Scan",
                  "Parent Relationship": "Outer",
                  "Parallel Aware": true,
                  "Relation Name": "movie_companies",
                  "Alias": "mc",
                  "Startup Cost": 0.0,
                  "Total Cost": 31414.82,
                  "Plan Rows": 306368,
                  "Plan Width": 0,
                  "Actual Startup Time": 48.595,
                  "Actual Total Time": 84.077,
                  "Actual Rows": 279905,
                  "Actual Loops": 4,
                  "Filter": "((company_id > 1431) AND (company_type_id > 1))",
                  "Rows Removed by Filter": 372377
                }
              ]
            }
          ]
        }
      ]
    },
    "Planning Time": 0.258,
    "Triggers": [],
    "Execution Time": 110.221
  }
]