[
  {
    "Plan": {
      "Node Type": "Aggregate",
      "Strategy": "Plain",
      "Partial Mode": "Simple",
      "Parallel Aware": false,
      "Startup Cost": 3562.68,
      "Total Cost": 3562.69,
      "Plan Rows": 1,
      "Plan Width": 8,
      "Actual Startup Time": 57.237,
      "Actual Total Time": 57.238,
      "Actual Rows": 1,
      "Actual Loops": 1,
      "Plans": [
        {
          "Node Type": "Nested Loop",
          "Parent Relationship": "Outer",
          "Parallel Aware": false,
          "Join Type": "Inner",
          "Startup Cost": 7.35,
          "Total Cost": 3557.29,
          "Plan Rows": 2157,
          "Plan Width": 0,
          "Actual Startup Time": 0.555,
          "Actual Total Time": 56.109,
          "Actual Rows": 12076,
          "Actual Loops": 1,
          "Inner Unique": false,
          "Plans": [
            {
              "Node Type": "Nested Loop",
              "Parent Relationship": "Outer",
              "Parallel Aware": false,
              "Join Type": "Inner",
              "Startup Cost": 6.78,
              "Total Cost": 3005.96,
              "Plan Rows": 248,
              "Plan Width": 8,
              "Actual Startup Time": 0.528,
              "Actual Total Time": 5.686,
              "Actual Rows": 521,
              "Actual Loops": 1,
              "Inner Unique": true,
              "Plans": [
                {
                  "Node Type": "Bitmap Heap Scan",
                  "Parent Relationship": "Outer",
                  "Parallel Aware": false,
                  "Relation Name": "movie_keyword",
                  "Alias": "mk",
                  "Startup Cost": 6.35,
                  "Total Cost": 922.98,
                  "Plan Rows": 248,
                  "Plan Width": 4,
                  "Actual Startup Time": 0.498,
                  "Actual Total Time": 1.782,
                  "Actual Rows": 521,
                  "Actual Loops": 1,
                  "Recheck Cond": "(keyword_id = 1700)",
                  "Rows Removed by Index Recheck": 0,
                  "Exact Heap Blocks": 512,
                  "Lossy Heap Blocks": 0,
                  "Plans": [
                    {
                      "Node Type": "Bitmap Index Scan",
                      "Parent Relationship": "Outer",
                      "Parallel Aware": false,
                      "Index Name": "keyword_id_movie_keyword",
                      "Startup Cost": 0.0,
                      "Total Cost": 6.29,
                      "Plan Rows": 248,
                      "Plan Width": 0,
                      "Actual Startup Time": 0.308,
                      "Actual Total Time": 0.308,
                      "Actual Rows": 521,
                      "Actual Loops": 1,
                      "Index Cond": "(keyword_id = 1700)"
                    }
                  ]
                },
                {
                  "Node Type": "Index Only Scan",
                  "Parent Relationship": "Inner",
                  "Parallel Aware": false,
                  "Scan Direction": "Forward",
                  "Index Name": "title_pkey",
                  "Relation Name": "title",
                  "Alias": "t",
                  "Startup Cost": 0.43,
                  "Total Cost": 8.4,
                  "Plan Rows": 1,
                  "Plan Width": 4,
                  "Actual Startup Time": 0.007,
                  "Actual Total Time": 0.007,
                  "Actual Rows": 1,
                  "Actual Loops": 521,
                  "Index Cond": "(id = mk.movie_id)",
                  "Rows Removed by Index Recheck": 0,
                  "Heap Fetches": 521
                }
              ]
            },
            {
              "Node Type": "Index Scan",
              "Parent Relationship": "Inner",
              "Parallel Aware": false,
              "Scan Direction": "Forward",
              "Index Name": "movie_id_cast_info",
              "Relation Name": "cast_info",
              "Alias": "ci",
              "Startup Cost": 0.56,
              "Total Cost": 2.0,
              "Plan Rows": 22,
              "Plan Width": 4,
              "Actual Startup Time": 0.015,
              "Actual Total Time": 0.093,
              "Actual Rows": 23,
              "Actual Loops": 521,
              "Index Cond": "(movie_id = t.id)",
              "Rows Removed by Index Recheck": 0,
              "Filter": "((person_id > 283262) AND (role_id < 4))",
              "Rows Removed by Filter": 21
            }
          ]
        }
      ]
    },
    "Planning Time": 1.304,
    "Triggers": [],
    "Execution Time": 57.317
  }
]