[
    {
        "Bao": {
            "Bao prediction": "NaN",
            "Bao recommended hint": "(no hint)"
        }
    },
    {
        "Plan": {
            "Node Type": "Aggregate",
            "Strategy": "Plain",
            "Partial Mode": "Finalize",
            "Parallel Aware": false,
            "Startup Cost": 332463.88,
            "Total Cost": 332463.89,
            "Plan Rows": 1,
            "Plan Width": 8,
            "Actual Startup Time": 330.574,
            "Actual Total Time": 337.513,
            "Actual Rows": 1,
            "Actual Loops": 1,
            "Output": [
                "count(*)"
            ],
            "Plans": [
                {
                    "Node Type": "Gather",
                    "Parent Relationship": "Outer",
                    "Parallel Aware": false,
                    "Startup Cost": 332463.25,
                    "Total Cost": 332463.86,
                    "Plan Rows": 6,
                    "Plan Width": 8,
                    "Actual Startup Time": 329.542,
                    "Actual Total Time": 337.503,
                    "Actual Rows": 7,
                    "Actual Loops": 1,
                    "Output": [
                        "(PARTIAL count(*))"
                    ],
                    "Workers Planned": 6,
                    "Workers Launched": 6,
                    "Single Copy": false,
                    "Plans": [
                        {
                            "Node Type": "Aggregate",
                            "Strategy": "Plain",
                            "Partial Mode": "Partial",
                            "Parent Relationship": "Outer",
                            "Parallel Aware": false,
                            "Startup Cost": 331463.25,
                            "Total Cost": 331463.26,
                            "Plan Rows": 1,
                            "Plan Width": 8,
                            "Actual Startup Time": 318.591,
                            "Actual Total Time": 318.592,
                            "Actual Rows": 1,
                            "Actual Loops": 7,
                            "Output": [
                                "PARTIAL count(*)"
                            ],
                            "Workers": [
                                {
                                    "Worker Number": 0,
                                    "Actual Startup Time": 316.176,
                                    "Actual Total Time": 316.177,
                                    "Actual Rows": 1,
                                    "Actual Loops": 1
                                },
                                {
                                    "Worker Number": 1,
                                    "Actual Startup Time": 316.599,
                                    "Actual Total Time": 316.6,
                                    "Actual Rows": 1,
                                    "Actual Loops": 1
                                },
                                {
                                    "Worker Number": 2,
                                    "Actual Startup Time": 316.801,
                                    "Actual Total Time": 316.802,
                                    "Actual Rows": 1,
                                    "Actual Loops": 1
                                },
                                {
                                    "Worker Number": 3,
                                    "Actual Startup Time": 316.976,
                                    "Actual Total Time": 316.978,
                                    "Actual Rows": 1,
                                    "Actual Loops": 1
                                },
                                {
                                    "Worker Number": 4,
                                    "Actual Startup Time": 317.375,
                                    "Actual Total Time": 317.377,
                                    "Actual Rows": 1,
                                    "Actual Loops": 1
                                },
                                {
                                    "Worker Number": 5,
                                    "Actual Startup Time": 317.512,
                                    "Actual Total Time": 317.514,
                                    "Actual Rows": 1,
                                    "Actual Loops": 1
                                }
                            ],
                            "Plans": [
                                {
                                    "Node Type": "Bitmap Heap Scan",
                                    "Parent Relationship": "Outer",
                                    "Parallel Aware": true,
                                    "Relation Name": "cast_info",
                                    "Schema": "public",
                                    "Alias": "ci",
                                    "Startup Cost": 69962.94,
                                    "Total Cost": 330604.27,
                                    "Plan Rows": 343592,
                                    "Plan Width": 0,
                                    "Actual Startup Time": 261.937,
                                    "Actual Total Time": 311.501,
                                    "Actual Rows": 128820,
                                    "Actual Loops": 7,
                                    "Recheck Cond": "(ci.person_id < 311699)",
                                    "Rows Removed by Index Recheck": 0,
                                    "Filter": "(ci.role_id > 1)",
                                    "Rows Removed by Filter": 331631,
                                    "Exact Heap Blocks": 5838,
                                    "Lossy Heap Blocks": 0,
                                    "Workers": [
                                        {
                                            "Worker Number": 0,
                                            "Actual Startup Time": 259.511,
                                            "Actual Total Time": 309.514,
                                            "Actual Rows": 156706,
                                            "Actual Loops": 1
                                        },
                                        {
                                            "Worker Number": 1,
                                            "Actual Startup Time": 259.923,
                                            "Actual Total Time": 309.927,
                                            "Actual Rows": 156881,
                                            "Actual Loops": 1
                                        },
                                        {
                                            "Worker Number": 2,
                                            "Actual Startup Time": 260.157,
                                            "Actual Total Time": 309.707,
                                            "Actual Rows": 102211,
                                            "Actual Loops": 1
                                        },
                                        {
                                            "Worker Number": 3,
                                            "Actual Startup Time": 260.31,
                                            "Actual Total Time": 309.849,
                                            "Actual Rows": 92713,
                                            "Actual Loops": 1
                                        },
                                        {
                                            "Worker Number": 4,
                                            "Actual Startup Time": 260.778,
                                            "Actual Total Time": 310.352,
                                            "Actual Rows": 101729,
                                            "Actual Loops": 1
                                        },
                                        {
                                            "Worker Number": 5,
                                            "Actual Startup Time": 260.851,
                                            "Actual Total Time": 310.813,
                                            "Actual Rows": 156987,
                                            "Actual Loops": 1
                                        }
                                    ],
                                    "Plans": [
                                        {
                                            "Node Type": "Bitmap Index Scan",
                                            "Parent Relationship": "Outer",
                                            "Parallel Aware": false,
                                            "Index Name": "person_id_cast_info",
                                            "Startup Cost": 0.0,
                                            "Total Cost": 69447.55,
                                            "Plan Rows": 3181732,
                                            "Plan Width": 0,
                                            "Actual Startup Time": 179.783,
                                            "Actual Total Time": 179.785,
                                            "Actual Rows": 3223155,
                                            "Actual Loops": 1,
                                            "Index Cond": "(ci.person_id < 311699)"
                                        }
                                    ]
                                }
                            ]
                        }
                    ]
                }
            ]
        },
        "Planning Time": 299.274,
        "Triggers": [],
        "Execution Time": 337.619
    }
]