[
  {
    "Plan": {
      "Node Type": "Aggregate",
      "Strategy": "Plain",
      "Partial Mode": "Finalize",
      "Parallel Aware": false,
      "Startup Cost": 32803.19,
      "Total Cost": 32803.2,
      "Plan Rows": 1,
      "Plan Width": 8,
      "Actual Startup Time": 110.832,
      "Actual Total Time": 120.229,
      "Actual Rows": 1,
      "Actual Loops": 1,
      "Plans": [
        {
          "Node Type": "Gather",
          "Parent Relationship": "Outer",
          "Parallel Aware": false,
          "Startup Cost": 32802.87,
          "Total Cost": 32803.18,
          "Plan Rows": 3,
          "Plan Width": 8,
          "Actual Startup Time": 110.672,
          "Actual Total Time": 120.217,
          "Actual Rows": 4,
          "Actual Loops": 1,
          "Workers Planned": 3,
          "Workers Launched": 3,
          "Single Copy": false,
          "Plans": [
            {
              "Node Type": "Aggregate",
              "Strategy": "Plain",
              "Partial Mode": "Partial",
              "Parent Relationship": "Outer",
              "Parallel Aware": false,
              "Startup Cost": 31802.87,
              "Total Cost": 31802.88,
              "Plan Rows": 1,
              "Plan Width": 8,
              "Actual Startup Time": 101.924,
              "Actual Total Time": 101.925,
              "Actual Rows": 1,
              "Actual Loops": 4,
              "Plans": [
                {
                  "Node Type": "Seq Scan",
                  "Parent Relationship": "Outer",
                  "Parallel Aware": true,
                  "Relation Name": "movie_companies",
                  "Alias": "mc",
                  "Startup Cost": 0.0,
                  "Total Cost": 31414.82,
                  "Plan Rows": 155220,
                  "Plan Width": 0,
                  "Actual Startup Time": 0.038,
                  "Actual Total Time": 88.693,
                  "Actual Rows": 172921,
                  "Actual Loops": 4,
                  "Filter": "((company_id < 4534) AND (company_type_id = 1))",
                  "Rows Removed by Filter": 479361
                }
              ]
            }
          ]
        }
      ]
    },
    "Planning Time": 0.235,
    "Triggers": [],
    "Execution Time": 120.293
  }
]