[
  {
    "Plan": {
      "Node Type": "Aggregate",
      "Strategy": "Plain",
      "Partial Mode": "Finalize",
      "Parallel Aware": false,
      "Startup Cost": 45825.83,
      "Total Cost": 45825.84,
      "Plan Rows": 1,
      "Plan Width": 8,
      "Actual Startup Time": 140.075,
      "Actual Total Time": 147.437,
      "Actual Rows": 1,
      "Actual Loops": 1,
      "Plans": [
        {
          "Node Type": "Gather",
          "Parent Relationship": "Outer",
          "Parallel Aware": false,
          "Startup Cost": 45825.51,
          "Total Cost": 45825.82,
          "Plan Rows": 3,
          "Plan Width": 8,
          "Actual Startup Time": 139.988,
          "Actual Total Time": 147.431,
          "Actual Rows": 4,
          "Actual Loops": 1,
          "Workers Planned": 3,
          "Workers Launched": 3,
          "Single Copy": false,
          "Plans": [
            {
              "Node Type": "Aggregate",
              "Strategy": "Plain",
              "Partial Mode": "Partial",
              "Parent Relationship": "Outer",
              "Parallel Aware": false,
              "Startup Cost": 44825.51,
              "Total Cost": 44825.52,
              "Plan Rows": 1,
              "Plan Width": 8,
              "Actual Startup Time": 136.128,
              "Actual Total Time": 136.129,
              "Actual Rows": 1,
              "Actual Loops": 4,
              "Plans": [
                {
                  "Node Type": "Seq Scan",
                  "Parent Relationship": "Outer",
                  "Parallel Aware": true,
                  "Relation Name": "movie_keyword",
                  "Alias": "mk",
                  "Startup Cost": 0.0,
                  "Total Cost": 42695.65,
                  "Plan Rows": 851944,
                  "Plan Width": 0,
                  "Actual Startup Time": 0.022,
                  "Actual Total Time": 105.783,
                  "Actual Rows": 664256,
                  "Actual Loops": 4,
                  "Filter": "(keyword_id < 7379)",
                  "Rows Removed by Filter": 466726
                }
              ]
            }
          ]
        }
      ]
    },
    "Planning Time": 0.08,
    "Triggers": [],
    "Execution Time": 147.467
  }
]