[
  {
    "Plan": {
      "Node Type": "Aggregate",
      "Strategy": "Plain",
      "Partial Mode": "Finalize",
      "Parallel Aware": false,
      "Startup Cost": 45840.46,
      "Total Cost": 45840.47,
      "Plan Rows": 1,
      "Plan Width": 8,
      "Actual Startup Time": 159.468,
      "Actual Total Time": 168.348,
      "Actual Rows": 1,
      "Actual Loops": 1,
      "Plans": [
        {
          "Node Type": "Gather",
          "Parent Relationship": "Outer",
          "Parallel Aware": false,
          "Startup Cost": 45840.14,
          "Total Cost": 45840.45,
          "Plan Rows": 3,
          "Plan Width": 8,
          "Actual Startup Time": 159.364,
          "Actual Total Time": 168.34,
          "Actual Rows": 4,
          "Actual Loops": 1,
          "Workers Planned": 3,
          "Workers Launched": 3,
          "Single Copy": false,
          "Plans": [
            {
              "Node Type": "Aggregate",
              "Strategy": "Plain",
              "Partial Mode": "Partial",
              "Parent Relationship": "Outer",
              "Parallel Aware": false,
              "Startup Cost": 44840.14,
              "Total Cost": 44840.15,
              "Plan Rows": 1,
              "Plan Width": 8,
              "Actual Startup Time": 153.781,
              "Actual Total Time": 153.783,
              "Actual Rows": 1,
              "Actual Loops": 4,
              "Plans": [
                {
                  "Node Type": "Seq Scan",
                  "Parent Relationship": "Outer",
                  "Parallel Aware": true,
                  "Relation Name": "movie_keyword",
                  "Alias": "mk",
                  "Startup Cost": 0.0,
                  "Total Cost": 42695.65,
                  "Plan Rows": 857794,
                  "Plan Width": 0,
                  "Actual Startup Time": 0.041,
                  "Actual Total Time": 122.342,
                  "Actual Rows": 664256,
                  "Actual Loops": 4,
                  "Filter": "(keyword_id < 7379)",
                  "Rows Removed by Filter": 466726
                }
              ]
            }
          ]
        }
      ]
    },
    "Planning Time": 0.166,
    "Triggers": [],
    "Execution Time": 168.401
  }
]