[
  {
    "Plan": {
      "Node Type": "Aggregate",
      "Strategy": "Plain",
      "Partial Mode": "Finalize",
      "Parallel Aware": false,
      "Startup Cost": 30745.92,
      "Total Cost": 30745.93,
      "Plan Rows": 1,
      "Plan Width": 8,
      "Actual Startup Time": 83.758,
      "Actual Total Time": 89.093,
      "Actual Rows": 1,
      "Actual Loops": 1,
      "Plans": [
        {
          "Node Type": "Gather",
          "Parent Relationship": "Outer",
          "Parallel Aware": false,
          "Startup Cost": 30745.6,
          "Total Cost": 30745.91,
          "Plan Rows": 3,
          "Plan Width": 8,
          "Actual Startup Time": 83.647,
          "Actual Total Time": 89.086,
          "Actual Rows": 4,
          "Actual Loops": 1,
          "Workers Planned": 3,
          "Workers Launched": 3,
          "Single Copy": false,
          "Plans": [
            {
              "Node Type": "Aggregate",
              "Strategy": "Plain",
              "Partial Mode": "Partial",
              "Parent Relationship": "Outer",
              "Parallel Aware": false,
              "Startup Cost": 29745.6,
              "Total Cost": 29745.61,
              "Plan Rows": 1,
              "Plan Width": 8,
              "Actual Startup Time": 78.462,
              "Actual Total Time": 78.463,
              "Actual Rows": 1,
              "Actual Loops": 4,
              "Plans": [
                {
                  "Node Type": "Seq Scan",
                  "Parent Relationship": "Outer",
                  "Parallel Aware": true,
                  "Relation Name": "movie_companies",
                  "Alias": "mc",
                  "Startup Cost": 0.0,
                  "Total Cost": 29310.68,
                  "Plan Rows": 173967,
                  "Plan Width": 0,
                  "Actual Startup Time": 38.23,
                  "Actual Total Time": 71.885,
                  "Actual Rows": 137734,
                  "Actual Loops": 4,
                  "Filter": "(company_id > 71844)",
                  "Rows Removed by Filter": 514548
                }
              ]
            }
          ]
        }
      ]
    },
    "Planning Time": 0.086,
    "Triggers": [],
    "Execution Time": 89.123
  }
]