{
  "Plan": {
    "Node Type": "Aggregate",
    "Strategy": "Plain",
    "Partial Mode": "Simple",
    "Parallel Aware": false,
    "Startup Cost": 635018.02,
    "Total Cost": 635018.03,
    "Plan Rows": 1,
    "Plan Width": 128,
    "Actual Startup Time": 3719.577,
    "Actual Total Time": 3801.701,
    "Actual Rows": 1,
    "Actual Loops": 1,
    "Plans": [
      {
        "Node Type": "Gather",
        "Parent Relationship": "Outer",
        "Parallel Aware": false,
        "Startup Cost": 327836.4,
        "Total Cost": 635018.01,
        "Plan Rows": 1,
        "Plan Width": 81,
        "Actual Startup Time": 3045.588,
        "Actual Total Time": 3801.379,
        "Actual Rows": 780,
        "Actual Loops": 1,
        "Workers Planned": 1,
        "Workers Launched": 1,
        "Single Copy": false,
        "Plans": [
          {
            "Node Type": "Nested Loop",
            "Parent Relationship": "Outer",
            "Parallel Aware": false,
            "Join Type": "Inner",
            "Startup Cost": 326836.4,
            "Total Cost": 634017.91,
            "Plan Rows": 1,
            "Plan Width": 81,
            "Actual Startup Time": 3035.765,
            "Actual Total Time": 3707.01,
            "Actual Rows": 390,
            "Actual Loops": 2,
            "Inner Unique": true,
            "Plans": [
              {
                "Node Type": "Nested Loop",
                "Parent Relationship": "Outer",
                "Parallel Aware": false,
                "Join Type": "Inner",
                "Startup Cost": 326836.26,
                "Total Cost": 634017.73,
                "Plan Rows": 1,
                "Plan Width": 85,
                "Actual Startup Time": 3035.379,
                "Actual Total Time": 3705.623,
                "Actual Rows": 1179,
                "Actual Loops": 2,
                "Inner Unique": true,
                "Plans": [
                  {
                    "Node Type": "Nested Loop",
                    "Parent Relationship": "Outer",
                    "Parallel Aware": false,
                    "Join Type": "Inner",
                    "Startup Cost": 326835.83,
                    "Total Cost": 634017.04,
                    "Plan Rows": 1,
                    "Plan Width": 74,
                    "Actual Startup Time": 3035.339,
                    "Actual Total Time": 3700.476,
                    "Actual Rows": 1644,
                    "Actual Loops": 2,
                    "Inner Unique": false,
                    "Plans": [
                      {
                        "Node Type": "Nested Loop",
                        "Parent Relationship": "Outer",
                        "Parallel Aware": false,
                        "Join Type": "Inner",
                        "Startup Cost": 326835.27,
                        "Total Cost": 634015.32,
                        "Plan Rows": 1,
                        "Plan Width": 90,
                        "Actual Startup Time": 3034.956,
                        "Actual Total Time": 3536.484,
                        "Actual Rows": 1770,
                        "Actual Loops": 2,
                        "Inner Unique": true,
                        "Plans": [
                          {
                            "Node Type": "Nested Loop",
                            "Parent Relationship": "Outer",
                            "Parallel Aware": false,
                            "Join Type": "Inner",
                            "Startup Cost": 326835.12,
                            "Total Cost": 634015.14,
                            "Plan Rows": 1,
                            "Plan Width": 94,
                            "Actual Startup Time": 3034.935,
                            "Actual Total Time": 3534.317,
                            "Actual Rows": 1770,
                            "Actual Loops": 2,
                            "Inner Unique": true,
                            "Plans": [
                              {
                                "Node Type": "Hash Join",
                                "Parent Relationship": "Outer",
                                "Parallel Aware": false,
                                "Join Type": "Inner",
                                "Startup Cost": 326834.7,
                                "Total Cost": 631940.81,
                                "Plan Rows": 4635,
                                "Plan Width": 98,
                                "Actual Startup Time": 3027.218,
                                "Actual Total Time": 3372.039,
                                "Actual Rows": 88618,
                                "Actual Loops": 2,
                                "Inner Unique": true,
                                "Hash Cond": "(cc.status_id = cct2.id)",
                                "Plans": [
                                  {
                                    "Node Type": "Nested Loop",
                                    "Parent Relationship": "Outer",
                                    "Parallel Aware": false,
                                    "Join Type": "Inner",
                                    "Startup Cost": 326833.64,
                                    "Total Cost": 631839.5,
                                    "Plan Rows": 18542,
                                    "Plan Width": 102,
                                    "Actual Startup Time": 3025.392,
                                    "Actual Total Time": 3342.547,
                                    "Actual Rows": 263474,
                                    "Actual Loops": 2,
                                    "Inner Unique": false,
                                    "Plans": [
                                      {
                                        "Node Type": "Hash Join",
                                        "Parent Relationship": "Outer",
                                        "Parallel Aware": true,
                                        "Join Type": "Inner",
                                        "Startup Cost": 326833.21,
                                        "Total Cost": 614090.09,
                                        "Plan Rows": 33968,
                                        "Plan Width": 88,
                                        "Actual Startup Time": 3025.325,
                                        "Actual Total Time": 3147.739,
                                        "Actual Rows": 86614,
                                        "Actual Loops": 2,
                                        "Inner Unique": false,
                                        "Hash Cond": "(mi.movie_id = mk.movie_id)",
                                        "Plans": [
                                          {
                                            "Node Type": "Seq Scan",
                                            "Parent Relationship": "Outer",
                                            "Parallel Aware": true,
                                            "Relation Name": "movie_info",
                                            "Alias": "mi",
                                            "Startup Cost": 0.0,
                                            "Total Cost": 271102.71,
                                            "Plan Rows": 53245,
                                            "Plan Width": 51,
                                            "Actual Startup Time": 694.173,
                                            "Actual Total Time": 1028.351,
                                            "Actual Rows": 44908,
                                            "Actual Loops": 2,
                                            "Filter": "(info = ANY ('{Thriller,Action}'::text[]))",
                                            "Rows Removed by Filter": 7372952
                                          },
                                          {
                                            "Node Type": "Hash",
                                            "Parent Relationship": "Inner",
                                            "Parallel Aware": true,
                                            "Startup Cost": 314973.75,
                                            "Total Cost": 314973.75,
                                            "Plan Rows": 948757,
                                            "Plan Width": 37,
                                            "Actual Startup Time": 2079.347,
                                            "Actual Total Time": 2079.604,
                                            "Actual Rows": 212530,
                                            "Actual Loops": 2,
                                            "Hash Buckets": 2097152,
                                            "Original Hash Buckets": 2097152,
                                            "Hash Batches": 1,
                                            "Original Hash Batches": 1,
                                            "Peak Memory Usage": 46304,
                                            "Plans": [
                                              {
                                                "Node Type": "Hash Join",
                                                "Parent Relationship": "Outer",
                                                "Parallel Aware": true,
                                                "Join Type": "Inner",
                                                "Startup Cost": 64295.26,
                                                "Total Cost": 314973.75,
                                                "Plan Rows": 948757,
                                                "Plan Width": 37,
                                                "Actual Startup Time": 556.494,
                                                "Actual Total Time": 1988.858,
                                                "Actual Rows": 212530,
                                                "Actual Loops": 2,
                                                "Inner Unique": true,
                                                "Hash Cond": "(mk.movie_id = t.id)",
                                                "Plans": [
                                                  {
                                                    "Node Type": "Hash Join",
                                                    "Parent Relationship": "Outer",
                                                    "Parallel Aware": false,
                                                    "Join Type": "Inner",
                                                    "Startup Cost": 4.39,
                                                    "Total Cost": 245911.51,
                                                    "Plan Rows": 1817659,
                                                    "Plan Width": 16,
                                                    "Actual Startup Time": 0.307,
                                                    "Actual Total Time": 1284.105,
                                                    "Actual Rows": 1085684,
                                                    "Actual Loops": 2,
                                                    "Inner Unique": true,
                                                    "Hash Cond": "(cc.subject_id = cct1.id)",
                                                    "Plans": [
                                                      {
                                                        "Node Type": "Merge Join",
                                                        "Parent Relationship": "Outer",
                                                        "Parallel Aware": false,
                                                        "Join Type": "Inner",
                                                        "Startup Cost": 3.32,
                                                        "Total Cost": 226256.99,
                                                        "Plan Rows": 3635319,
                                                        "Plan Width": 20,
                                                        "Actual Startup Time": 0.246,
                                                        "Actual Total Time": 1065.504,
                                                        "Actual Rows": 1085684,
                                                        "Actual Loops": 2,
                                                        "Inner Unique": false,
                                                        "Merge Cond": "(mk.movie_id = cc.movie_id)",
                                                        "Plans": [
                                                          {
                                                            "Node Type": "Index Scan",
                                                            "Parent Relationship": "Outer",
                                                            "Parallel Aware": true,
                                                            "Scan Direction": "Forward",
                                                            "Index Name": "movie_id_movie_keyword",
                                                            "Relation Name": "movie_keyword",
                                                            "Alias": "mk",
                                                            "Startup Cost": 0.43,
                                                            "Total Cost": 158529.96,
                                                            "Plan Rows": 2661135,
                                                            "Plan Width": 8,
                                                            "Actual Startup Time": 0.057,
                                                            "Actual Total Time": 481.293,
                                                            "Actual Rows": 2261965,
                                                            "Actual Loops": 2
                                                          },
                                                          {
                                                            "Node Type": "Materialize",
                                                            "Parent Relationship": "Inner",
                                                            "Parallel Aware": false,
                                                            "Startup Cost": 0.42,
                                                            "Total Cost": 6984.15,
                                                            "Plan Rows": 135086,
                                                            "Plan Width": 12,
                                                            "Actual Startup Time": 0.042,
                                                            "Actual Total Time": 134.983,
                                                            "Actual Rows": 1178112,
                                                            "Actual Loops": 2,
                                                            "Plans": [
                                                              {
                                                                "Node Type": "Index Scan",
                                                                "Parent Relationship": "Outer",
                                                                "Parallel Aware": false,
                                                                "Scan Direction": "Forward",
                                                                "Index Name": "movie_id_complete_cast",
                                                                "Relation Name": "complete_cast",
                                                                "Alias": "cc",
                                                                "Startup Cost": 0.42,
                                                                "Total Cost": 6646.43,
                                                                "Plan Rows": 135086,
                                                                "Plan Width": 12,
                                                                "Actual Startup Time": 0.038,
                                                                "Actual Total Time": 56.544,
                                                                "Actual Rows": 132440,
                                                                "Actual Loops": 2
                                                              }
                                                            ]
                                                          }
                                                        ]
                                                      },
                                                      {
                                                        "Node Type": "Hash",
                                                        "Parent Relationship": "Inner",
                                                        "Parallel Aware": false,
                                                        "Startup Cost": 1.05,
                                                        "Total Cost": 1.05,
                                                        "Plan Rows": 2,
                                                        "Plan Width": 4,
                                                        "Actual Startup Time": 0.027,
                                                        "Actual Total Time": 0.028,
                                                        "Actual Rows": 2,
                                                        "Actual Loops": 2,
                                                        "Hash Buckets": 1024,
                                                        "Original Hash Buckets": 1024,
                                                        "Hash Batches": 1,
                                                        "Original Hash Batches": 1,
                                                        "Peak Memory Usage": 9,
                                                        "Plans": [
                                                          {
                                                            "Node Type": "Seq Scan",
                                                            "Parent Relationship": "Outer",
                                                            "Parallel Aware": false,
                                                            "Relation Name": "comp_cast_type",
                                                            "Alias": "cct1",
                                                            "Startup Cost": 0.0,
                                                            "Total Cost": 1.05,
                                                            "Plan Rows": 2,
                                                            "Plan Width": 4,
                                                            "Actual Startup Time": 0.018,
                                                            "Actual Total Time": 0.02,
                                                            "Actual Rows": 2,
                                                            "Actual Loops": 2,
                                                            "Filter": "((kind)::text = ANY ('{crew,cast}'::text[]))",
                                                            "Rows Removed by Filter": 2
                                                          }
                                                        ]
                                                      }
                                                    ]
                                                  },
                                                  {
                                                    "Node Type": "Hash",
                                                    "Parent Relationship": "Inner",
                                                    "Parallel Aware": true,
                                                    "Startup Cost": 54587.68,
                                                    "Total Cost": 54587.68,
                                                    "Plan Rows": 776255,
                                                    "Plan Width": 21,
                                                    "Actual Startup Time": 547.25,
                                                    "Actual Total Time": 547.251,
                                                    "Actual Rows": 661432,
                                                    "Actual Loops": 2,
                                                    "Hash Buckets": 2097152,
                                                    "Original Hash Buckets": 2097152,
                                                    "Hash Batches": 1,
                                                    "Original Hash Batches": 1,
                                                    "Peak Memory Usage": 90560,
                                                    "Plans": [
                                                      {
                                                        "Node Type": "Seq Scan",
                                                        "Parent Relationship": "Outer",
                                                        "Parallel Aware": true,
                                                        "Relation Name": "title",
                                                        "Alias": "t",
                                                        "Startup Cost": 0.0,
                                                        "Total Cost": 54587.68,
                                                        "Plan Rows": 776255,
                                                        "Plan Width": 21,
                                                        "Actual Startup Time": 0.035,
                                                        "Actual Total Time": 240.216,
                                                        "Actual Rows": 661432,
                                                        "Actual Loops": 2,
                                                        "Filter": "(production_year > 2001)",
                                                        "Rows Removed by Filter": 602724
                                                      }
                                                    ]
                                                  }
                                                ]
                                              }
                                            ]
                                          }
                                        ]
                                      },
                                      {
                                        "Node Type": "Index Scan",
                                        "Parent Relationship": "Inner",
                                        "Parallel Aware": false,
                                        "Scan Direction": "Forward",
                                        "Index Name": "movie_id_movie_info_idx",
                                        "Relation Name": "movie_info_idx",
                                        "Alias": "mi_idx",
                                        "Startup Cost": 0.43,
                                        "Total Cost": 0.49,
                                        "Plan Rows": 3,
                                        "Plan Width": 14,
                                        "Actual Startup Time": 0.001,
                                        "Actual Total Time": 0.002,
                                        "Actual Rows": 3,
                                        "Actual Loops": 173228,
                                        "Index Cond": "(movie_id = mk.movie_id)",
                                        "Rows Removed by Index Recheck": 0
                                      }
                                    ]
                                  },
                                  {
                                    "Node Type": "Hash",
                                    "Parent Relationship": "Inner",
                                    "Parallel Aware": false,
                                    "Startup Cost": 1.05,
                                    "Total Cost": 1.05,
                                    "Plan Rows": 1,
                                    "Plan Width": 4,
                                    "Actual Startup Time": 0.074,
                                    "Actual Total Time": 0.075,
                                    "Actual Rows": 1,
                                    "Actual Loops": 2,
                                    "Hash Buckets": 1024,
                                    "Original Hash Buckets": 1024,
                                    "Hash Batches": 1,
                                    "Original Hash Batches": 1,
                                    "Peak Memory Usage": 9,
                                    "Plans": [
                                      {
                                        "Node Type": "Seq Scan",
                                        "Parent Relationship": "Outer",
                                        "Parallel Aware": false,
                                        "Relation Name": "comp_cast_type",
                                        "Alias": "cct2",
                                        "Startup Cost": 0.0,
                                        "Total Cost": 1.05,
                                        "Plan Rows": 1,
                                        "Plan Width": 4,
                                        "Actual Startup Time": 0.054,
                                        "Actual Total Time": 0.056,
                                        "Actual Rows": 1,
                                        "Actual Loops": 2,
                                        "Filter": "((kind)::text = 'complete+verified'::text)",
                                        "Rows Removed by Filter": 3
                                      }
                                    ]
                                  }
                                ]
                              },
                              {
                                "Node Type": "Index Scan",
                                "Parent Relationship": "Inner",
                                "Parallel Aware": false,
                                "Scan Direction": "Forward",
                                "Index Name": "keyword_pkey",
                                "Relation Name": "keyword",
                                "Alias": "k",
                                "Startup Cost": 0.42,
                                "Total Cost": 0.45,
                                "Plan Rows": 1,
                                "Plan Width": 4,
                                "Actual Startup Time": 0.002,
                                "Actual Total Time": 0.002,
                                "Actual Rows": 0,
                                "Actual Loops": 177235,
                                "Index Cond": "(id = mk.keyword_id)",
                                "Rows Removed by Index Recheck": 0,
                                "Filter": "(keyword = ANY ('{murder,violence,blood,gore,death,female-nudity,hospital}'::text[]))",
                                "Rows Removed by Filter": 1
                              }
                            ]
                          },
                          {
                            "Node Type": "Index Scan",
                            "Parent Relationship": "Inner",
                            "Parallel Aware": false,
                            "Scan Direction": "Forward",
                            "Index Name": "info_type_pkey",
                            "Relation Name": "info_type",
                            "Alias": "it1",
                            "Startup Cost": 0.14,
                            "Total Cost": 0.16,
                            "Plan Rows": 1,
                            "Plan Width": 4,
                            "Actual Startup Time": 0.001,
                            "Actual Total Time": 0.001,
                            "Actual Rows": 1,
                            "Actual Loops": 3539,
                            "Index Cond": "(id = mi.info_type_id)",
                            "Rows Removed by Index Recheck": 0,
                            "Filter": "((info)::text = 'genres'::text)",
                            "Rows Removed by Filter": 0
                          }
                        ]
                      },
                      {
                        "Node Type": "Index Scan",
                        "Parent Relationship": "Inner",
                        "Parallel Aware": false,
                        "Scan Direction": "Forward",
                        "Index Name": "movie_id_cast_info",
                        "Relation Name": "cast_info",
                        "Alias": "ci",
                        "Startup Cost": 0.56,
                        "Total Cost": 1.71,
                        "Plan Rows": 1,
                        "Plan Width": 8,
                        "Actual Startup Time": 0.061,
                        "Actual Total Time": 0.092,
                        "Actual Rows": 1,
                        "Actual Loops": 3539,
                        "Index Cond": "(movie_id = mk.movie_id)",
                        "Rows Removed by Index Recheck": 0,
                        "Filter": "(note = ANY ('{(writer),\"(head writer)\",\"(written by)\",(story),\"(story editor)\"}'::text[]))",
                        "Rows Removed by Filter": 146
                      }
                    ]
                  },
                  {
                    "Node Type": "Index Scan",
                    "Parent Relationship": "Inner",
                    "Parallel Aware": false,
                    "Scan Direction": "Forward",
                    "Index Name": "name_pkey",
                    "Relation Name": "name",
                    "Alias": "n",
                    "Startup Cost": 0.43,
                    "Total Cost": 0.69,
                    "Plan Rows": 1,
                    "Plan Width": 19,
                    "Actual Startup Time": 0.003,
                    "Actual Total Time": 0.003,
                    "Actual Rows": 1,
                    "Actual Loops": 3288,
                    "Index Cond": "(id = ci.person_id)",
                    "Rows Removed by Index Recheck": 0,
                    "Filter": "((gender)::text = 'm'::text)",
                    "Rows Removed by Filter": 0
                  }
                ]
              },
              {
                "Node Type": "Index Scan",
                "Parent Relationship": "Inner",
                "Parallel Aware": false,
                "Scan Direction": "Forward",
                "Index Name": "info_type_pkey",
                "Relation Name": "info_type",
                "Alias": "it2",
                "Startup Cost": 0.14,
                "Total Cost": 0.16,
                "Plan Rows": 1,
                "Plan Width": 4,
                "Actual Startup Time": 0.001,
                "Actual Total Time": 0.001,
                "Actual Rows": 0,
                "Actual Loops": 2358,
                "Index Cond": "(id = mi_idx.info_type_id)",
                "Rows Removed by Index Recheck": 0,
                "Filter": "((info)::text = 'votes'::text)",
                "Rows Removed by Filter": 1
              }
            ]
          }
        ]
      }
    ]
  },
  "Planning Time": 3.683,
  "Triggers": [],
  "Execution Time": 3801.955
}