[
    {
        "Bao": {
            "Bao prediction": 765.397,
            "Bao recommended hint": "(no hint)"
        }
    },
    {
        "Plan": {
            "Node Type": "Aggregate",
            "Strategy": "Plain",
            "Partial Mode": "Finalize",
            "Parallel Aware": false,
            "Startup Cost": 250928.97,
            "Total Cost": 250928.98,
            "Plan Rows": 1,
            "Plan Width": 8,
            "Actual Startup Time": 720.906,
            "Actual Total Time": 746.016,
            "Actual Rows": 1,
            "Actual Loops": 1,
            "Output": [
                "count(*)"
            ],
            "Plans": [
                {
                    "Node Type": "Gather",
                    "Parent Relationship": "Outer",
                    "Parallel Aware": false,
                    "Startup Cost": 250928.44,
                    "Total Cost": 250928.95,
                    "Plan Rows": 5,
                    "Plan Width": 8,
                    "Actual Startup Time": 713.983,
                    "Actual Total Time": 745.993,
                    "Actual Rows": 6,
                    "Actual Loops": 1,
                    "Output": [
                        "(PARTIAL count(*))"
                    ],
                    "Workers Planned": 5,
                    "Workers Launched": 5,
                    "Single Copy": false,
                    "Plans": [
                        {
                            "Node Type": "Aggregate",
                            "Strategy": "Plain",
                            "Partial Mode": "Partial",
                            "Parent Relationship": "Outer",
                            "Parallel Aware": false,
                            "Startup Cost": 249928.44,
                            "Total Cost": 249928.45,
                            "Plan Rows": 1,
                            "Plan Width": 8,
                            "Actual Startup Time": 704.137,
                            "Actual Total Time": 704.14,
                            "Actual Rows": 1,
                            "Actual Loops": 6,
                            "Output": [
                                "PARTIAL count(*)"
                            ],
                            "Workers": [
                                {
                                    "Worker Number": 0,
                                    "Actual Startup Time": 702.119,
                                    "Actual Total Time": 702.121,
                                    "Actual Rows": 1,
                                    "Actual Loops": 1
                                },
                                {
                                    "Worker Number": 1,
                                    "Actual Startup Time": 702.136,
                                    "Actual Total Time": 702.139,
                                    "Actual Rows": 1,
                                    "Actual Loops": 1
                                },
                                {
                                    "Worker Number": 2,
                                    "Actual Startup Time": 702.203,
                                    "Actual Total Time": 702.205,
                                    "Actual Rows": 1,
                                    "Actual Loops": 1
                                },
                                {
                                    "Worker Number": 3,
                                    "Actual Startup Time": 702.842,
                                    "Actual Total Time": 702.846,
                                    "Actual Rows": 1,
                                    "Actual Loops": 1
                                },
                                {
                                    "Worker Number": 4,
                                    "Actual Startup Time": 702.337,
                                    "Actual Total Time": 702.341,
                                    "Actual Rows": 1,
                                    "Actual Loops": 1
                                }
                            ],
                            "Plans": [
                                {
                                    "Node Type": "Hash Join",
                                    "Parent Relationship": "Outer",
                                    "Parallel Aware": true,
                                    "Join Type": "Inner",
                                    "Startup Cost": 47599.97,
                                    "Total Cost": 249226.52,
                                    "Plan Rows": 280770,
                                    "Plan Width": 0,
                                    "Actual Startup Time": 168.3,
                                    "Actual Total Time": 694.347,
                                    "Actual Rows": 143774,
                                    "Actual Loops": 6,
                                    "Inner Unique": true,
                                    "Hash Cond": "(mi.movie_id = t.id)",
                                    "Workers": [
                                        {
                                            "Worker Number": 0,
                                            "Actual Startup Time": 166.344,
                                            "Actual Total Time": 691.765,
                                            "Actual Rows": 135295,
                                            "Actual Loops": 1
                                        },
                                        {
                                            "Worker Number": 1,
                                            "Actual Startup Time": 166.348,
                                            "Actual Total Time": 692.141,
                                            "Actual Rows": 129814,
                                            "Actual Loops": 1
                                        },
                                        {
                                            "Worker Number": 2,
                                            "Actual Startup Time": 166.412,
                                            "Actual Total Time": 692.218,
                                            "Actual Rows": 130447,
                                            "Actual Loops": 1
                                        },
                                        {
                                            "Worker Number": 3,
                                            "Actual Startup Time": 166.596,
                                            "Actual Total Time": 693.112,
                                            "Actual Rows": 126576,
                                            "Actual Loops": 1
                                        },
                                        {
                                            "Worker Number": 4,
                                            "Actual Startup Time": 166.564,
                                            "Actual Total Time": 693.438,
                                            "Actual Rows": 185360,
                                            "Actual Loops": 1
                                        }
                                    ],
                                    "Plans": [
                                        {
                                            "Node Type": "Seq Scan",
                                            "Parent Relationship": "Outer",
                                            "Parallel Aware": true,
                                            "Relation Name": "movie_info",
                                            "Schema": "public",
                                            "Alias": "mi",
                                            "Startup Cost": 0.0,
                                            "Total Cost": 198880.74,
                                            "Plan Rows": 1046023,
                                            "Plan Width": 4,
                                            "Actual Startup Time": 18.878,
                                            "Actual Total Time": 370.874,
                                            "Actual Rows": 878428,
                                            "Actual Loops": 6,
                                            "Output": [
                                                "mi.id",
                                                "mi.movie_id",
                                                "mi.info_type_id",
                                                "mi.info",
                                                "mi.note"
                                            ],
                                            "Filter": "(mi.info_type_id > 15)",
                                            "Rows Removed by Filter": 1594192,
                                            "Workers": [
                                                {
                                                    "Worker Number": 0,
                                                    "Actual Startup Time": 18.868,
                                                    "Actual Total Time": 376.119,
                                                    "Actual Rows": 794367,
                                                    "Actual Loops": 1
                                                },
                                                {
                                                    "Worker Number": 1,
                                                    "Actual Startup Time": 18.883,
                                                    "Actual Total Time": 378.167,
                                                    "Actual Rows": 767190,
                                                    "Actual Loops": 1
                                                },
                                                {
                                                    "Worker Number": 2,
                                                    "Actual Startup Time": 18.86,
                                                    "Actual Total Time": 376.835,
                                                    "Actual Rows": 790896,
                                                    "Actual Loops": 1
                                                },
                                                {
                                                    "Worker Number": 3,
                                                    "Actual Startup Time": 18.892,
                                                    "Actual Total Time": 378.105,
                                                    "Actual Rows": 766771,
                                                    "Actual Loops": 1
                                                },
                                                {
                                                    "Worker Number": 4,
                                                    "Actual Startup Time": 18.893,
                                                    "Actual Total Time": 363.57,
                                                    "Actual Rows": 1174891,
                                                    "Actual Loops": 1
                                                }
                                            ]
                                        },
                                        {
                                            "Node Type": "Hash",
                                            "Parent Relationship": "Inner",
                                            "Parallel Aware": true,
                                            "Startup Cost": 45479.21,
                                            "Total Cost": 45479.21,
                                            "Plan Rows": 169661,
                                            "Plan Width": 4,
                                            "Actual Startup Time": 145.377,
                                            "Actual Total Time": 145.378,
                                            "Actual Rows": 94177,
                                            "Actual Loops": 6,
                                            "Output": [
                                                "t.id"
                                            ],
                                            "Hash Buckets": 1048576,
                                            "Original Hash Buckets": 1048576,
                                            "Hash Batches": 1,
                                            "Original Hash Batches": 1,
                                            "Peak Memory Usage": 30400,
                                            "Workers": [
                                                {
                                                    "Worker Number": 0,
                                                    "Actual Startup Time": 146.677,
                                                    "Actual Total Time": 146.677,
                                                    "Actual Rows": 80616,
                                                    "Actual Loops": 1
                                                },
                                                {
                                                    "Worker Number": 1,
                                                    "Actual Startup Time": 146.734,
                                                    "Actual Total Time": 146.735,
                                                    "Actual Rows": 80171,
                                                    "Actual Loops": 1
                                                },
                                                {
                                                    "Worker Number": 2,
                                                    "Actual Startup Time": 146.76,
                                                    "Actual Total Time": 146.761,
                                                    "Actual Rows": 80655,
                                                    "Actual Loops": 1
                                                },
                                                {
                                                    "Worker Number": 3,
                                                    "Actual Startup Time": 146.764,
                                                    "Actual Total Time": 146.765,
                                                    "Actual Rows": 79996,
                                                    "Actual Loops": 1
                                                },
                                                {
                                                    "Worker Number": 4,
                                                    "Actual Startup Time": 146.922,
                                                    "Actual Total Time": 146.923,
                                                    "Actual Rows": 116536,
                                                    "Actual Loops": 1
                                                }
                                            ],
                                            "Plans": [
                                                {
                                                    "Node Type": "Seq Scan",
                                                    "Parent Relationship": "Outer",
                                                    "Parallel Aware": true,
                                                    "Relation Name": "title",
                                                    "Schema": "public",
                                                    "Alias": "t",
                                                    "Startup Cost": 0.0,
                                                    "Total Cost": 45479.21,
                                                    "Plan Rows": 169661,
                                                    "Plan Width": 4,
                                                    "Actual Startup Time": 0.05,
                                                    "Actual Total Time": 93.661,
                                                    "Actual Rows": 94177,
                                                    "Actual Loops": 6,
                                                    "Output": [
                                                        "t.id"
                                                    ],
                                                    "Filter": "((t.kind_id > 1) AND (t.production_year < 1998))",
                                                    "Rows Removed by Filter": 327208,
                                                    "Workers": [
                                                        {
                                                            "Worker Number": 0,
                                                            "Actual Startup Time": 0.047,
                                                            "Actual Total Time": 95.019,
                                                            "Actual Rows": 80616,
                                                            "Actual Loops": 1
                                                        },
                                                        {
                                                            "Worker Number": 1,
                                                            "Actual Startup Time": 0.047,
                                                            "Actual Total Time": 95.382,
                                                            "Actual Rows": 80171,
                                                            "Actual Loops": 1
                                                        },
                                                        {
                                                            "Worker Number": 2,
                                                            "Actual Startup Time": 0.078,
                                                            "Actual Total Time": 95.392,
                                                            "Actual Rows": 80655,
                                                            "Actual Loops": 1
                                                        },
                                                        {
                                                            "Worker Number": 3,
                                                            "Actual Startup Time": 0.073,
                                                            "Actual Total Time": 96.716,
                                                            "Actual Rows": 79996,
                                                            "Actual Loops": 1
                                                        },
                                                        {
                                                            "Worker Number": 4,
                                                            "Actual Startup Time": 0.042,
                                                            "Actual Total Time": 91.572,
                                                            "Actual Rows": 116536,
                                                            "Actual Loops": 1
                                                        }
                                                    ]
                                                }
                                            ]
                                        }
                                    ]
                                }
                            ]
                        }
                    ]
                }
            ]
        },
        "Planning Time": 569.951,
        "Triggers": [],
        "Execution Time": 746.114
    }
]