[
  {
    "Plan": {
      "Node Type": "Aggregate",
      "Strategy": "Plain",
      "Partial Mode": "Finalize",
      "Parallel Aware": false,
      "Startup Cost": 228320.0,
      "Total Cost": 228320.01,
      "Plan Rows": 1,
      "Plan Width": 8,
      "Actual Startup Time": 138.734,
      "Actual Total Time": 164.187,
      "Actual Rows": 1,
      "Actual Loops": 1,
      "Plans": [
        {
          "Node Type": "Gather",
          "Parent Relationship": "Outer",
          "Parallel Aware": false,
          "Startup Cost": 228319.58,
          "Total Cost": 228319.99,
          "Plan Rows": 4,
          "Plan Width": 8,
          "Actual Startup Time": 138.561,
          "Actual Total Time": 164.176,
          "Actual Rows": 5,
          "Actual Loops": 1,
          "Workers Planned": 4,
          "Workers Launched": 4,
          "Single Copy": false,
          "Plans": [
            {
              "Node Type": "Aggregate",
              "Strategy": "Plain",
              "Partial Mode": "Partial",
              "Parent Relationship": "Outer",
              "Parallel Aware": false,
              "Startup Cost": 227319.58,
              "Total Cost": 227319.59,
              "Plan Rows": 1,
              "Plan Width": 8,
              "Actual Startup Time": 133.952,
              "Actual Total Time": 133.954,
              "Actual Rows": 1,
              "Actual Loops": 5,
              "Plans": [
                {
                  "Node Type": "Nested Loop",
                  "Parent Relationship": "Outer",
                  "Parallel Aware": false,
                  "Join Type": "Inner",
                  "Startup Cost": 0.43,
                  "Total Cost": 227309.93,
                  "Plan Rows": 3861,
                  "Plan Width": 0,
                  "Actual Startup Time": 46.873,
                  "Actual Total Time": 133.561,
                  "Actual Rows": 4076,
                  "Actual Loops": 5,
                  "Inner Unique": false,
                  "Plans": [
                    {
                      "Node Type": "Seq Scan",
                      "Parent Relationship": "Outer",
                      "Parallel Aware": true,
                      "Relation Name": "title",
                      "Alias": "t",
                      "Startup Cost": 0.0,
                      "Total Cost": 45479.59,
                      "Plan Rows": 4561,
                      "Plan Width": 4,
                      "Actual Startup Time": 46.764,
                      "Actual Total Time": 72.221,
                      "Actual Rows": 2156,
                      "Actual Loops": 5,
                      "Filter": "((kind_id = 1) AND (production_year = 2003))",
                      "Rows Removed by Filter": 503506
                    },
                    {
                      "Node Type": "Index Scan",
                      "Parent Relationship": "Inner",
                      "Parallel Aware": false,
                      "Scan Direction": "Forward",
                      "Index Name": "movie_id_movie_info",
                      "Relation Name": "movie_info",
                      "Alias": "mi",
                      "Startup Cost": 0.43,
                      "Total Cost": 39.81,
                      "Plan Rows": 6,
                      "Plan Width": 4,
                      "Actual Startup Time": 0.013,
                      "Actual Total Time": 0.028,
                      "Actual Rows": 2,
                      "Actual Loops": 10782,
                      "Index Cond": "(movie_id = t.id)",
                      "Rows Removed by Index Recheck": 0,
                      "Filter": "(info_type_id < 3)",
                      "Rows Removed by Filter": 15
                    }
                  ]
                }
              ]
            }
          ]
        }
      ]
    },
    "Planning Time": 0.536,
    "Triggers": [],
    "Execution Time": 164.252
  }
]