[
  {
    "Plan": {
      "Node Type": "Aggregate",
      "Strategy": "Plain",
      "Partial Mode": "Finalize",
      "Parallel Aware": false,
      "Startup Cost": 352454.49,
      "Total Cost": 352454.51,
      "Plan Rows": 1,
      "Plan Width": 8,
      "Actual Startup Time": 805.785,
      "Actual Total Time": 859.957,
      "Actual Rows": 1,
      "Actual Loops": 1,
      "Plans": [
        {
          "Node Type": "Gather",
          "Parent Relationship": "Outer",
          "Parallel Aware": false,
          "Startup Cost": 352453.87,
          "Total Cost": 352454.48,
          "Plan Rows": 6,
          "Plan Width": 8,
          "Actual Startup Time": 805.65,
          "Actual Total Time": 859.946,
          "Actual Rows": 7,
          "Actual Loops": 1,
          "Workers Planned": 6,
          "Workers Launched": 6,
          "Single Copy": false,
          "Plans": [
            {
              "Node Type": "Aggregate",
              "Strategy": "Plain",
              "Partial Mode": "Partial",
              "Parent Relationship": "Outer",
              "Parallel Aware": false,
              "Startup Cost": 351453.87,
              "Total Cost": 351453.88,
              "Plan Rows": 1,
              "Plan Width": 8,
              "Actual Startup Time": 795.422,
              "Actual Total Time": 795.423,
              "Actual Rows": 1,
              "Actual Loops": 7,
              "Plans": [
                {
                  "Node Type": "Seq Scan",
                  "Parent Relationship": "Outer",
                  "Parallel Aware": true,
                  "Relation Name": "cast_info",
                  "Alias": "ci",
                  "Startup Cost": 0.0,
                  "Total Cost": 343257.03,
                  "Plan Rows": 3278736,
                  "Plan Width": 0,
                  "Actual Startup Time": 10.95,
                  "Actual Total Time": 676.672,
                  "Actual Rows": 2841590,
                  "Actual Loops": 7,
                  "Filter": "((person_id > 35882) AND (role_id < 3))",
                  "Rows Removed by Filter": 2336173
                }
              ]
            }
          ]
        }
      ]
    },
    "Planning Time": 0.258,
    "Triggers": [],
    "Execution Time": 860.025
  }
]