[
  {
    "Plan": {
      "Node Type": "Aggregate",
      "Strategy": "Plain",
      "Partial Mode": "Finalize",
      "Parallel Aware": false,
      "Startup Cost": 78854.56,
      "Total Cost": 78854.57,
      "Plan Rows": 1,
      "Plan Width": 8,
      "Actual Startup Time": 230.338,
      "Actual Total Time": 252.389,
      "Actual Rows": 1,
      "Actual Loops": 1,
      "Plans": [
        {
          "Node Type": "Gather",
          "Parent Relationship": "Outer",
          "Parallel Aware": false,
          "Startup Cost": 78854.25,
          "Total Cost": 78854.56,
          "Plan Rows": 3,
          "Plan Width": 8,
          "Actual Startup Time": 229.48,
          "Actual Total Time": 252.38,
          "Actual Rows": 4,
          "Actual Loops": 1,
          "Workers Planned": 3,
          "Workers Launched": 3,
          "Single Copy": false,
          "Plans": [
            {
              "Node Type": "Aggregate",
              "Strategy": "Plain",
              "Partial Mode": "Partial",
              "Parent Relationship": "Outer",
              "Parallel Aware": false,
              "Startup Cost": 77854.25,
              "Total Cost": 77854.26,
              "Plan Rows": 1,
              "Plan Width": 8,
              "Actual Startup Time": 223.464,
              "Actual Total Time": 223.468,
              "Actual Rows": 1,
              "Actual Loops": 4,
              "Plans": [
                {
                  "Node Type": "Hash Join",
                  "Parent Relationship": "Outer",
                  "Parallel Aware": true,
                  "Join Type": "Inner",
                  "Startup Cost": 45796.42,
                  "Total Cost": 77830.59,
                  "Plan Rows": 9461,
                  "Plan Width": 0,
                  "Actual Startup Time": 133.099,
                  "Actual Total Time": 222.874,
                  "Actual Rows": 8422,
                  "Actual Loops": 4,
                  "Inner Unique": true,
                  "Hash Cond": "(mc.movie_id = t.id)",
                  "Plans": [
                    {
                      "Node Type": "Seq Scan",
                      "Parent Relationship": "Outer",
                      "Parallel Aware": true,
                      "Relation Name": "movie_companies",
                      "Alias": "mc",
                      "Startup Cost": 0.0,
                      "Total Cost": 31414.82,
                      "Plan Rows": 235944,
                      "Plan Width": 4,
                      "Actual Startup Time": 6.321,
                      "Actual Total Time": 81.267,
                      "Actual Rows": 128427,
                      "Actual Loops": 4,
                      "Filter": "((company_id > 7851) AND (company_type_id = 1))",
                      "Rows Removed by Filter": 523855
                    },
                    {
                      "Node Type": "Hash",
                      "Parent Relationship": "Inner",
                      "Parallel Aware": true,
                      "Startup Cost": 45479.59,
                      "Total Cost": 45479.59,
                      "Plan Rows": 25347,
                      "Plan Width": 4,
                      "Actual Startup Time": 118.922,
                      "Actual Total Time": 118.923,
                      "Actual Rows": 24748,
                      "Actual Loops": 4,
                      "Hash Buckets": 131072,
                      "Original Hash Buckets": 131072,
                      "Hash Batches": 1,
                      "Original Hash Batches": 1,
                      "Peak Memory Usage": 4960,
                      "Plans": [
                        {
                          "Node Type": "Seq Scan",
                          "Parent Relationship": "Outer",
                          "Parallel Aware": true,
                          "Relation Name": "title",
                          "Alias": "t",
                          "Startup Cost": 0.0,
                          "Total Cost": 45479.59,
                          "Plan Rows": 25347,
                          "Plan Width": 4,
                          "Actual Startup Time": 48.199,
                          "Actual Total Time": 109.058,
                          "Actual Rows": 24748,
                          "Actual Loops": 4,
                          "Filter": "((production_year > 2010) AND (kind_id = 1))",
                          "Rows Removed by Filter": 607330
                        }
                      ]
                    }
                  ]
                }
              ]
            }
          ]
        }
      ]
    },
    "Planning Time": 0.387,
    "Triggers": [],
    "Execution Time": 252.439
  }
]