[
  {
    "Plan": {
      "Node Type": "Aggregate",
      "Strategy": "Plain",
      "Partial Mode": "Finalize",
      "Parallel Aware": false,
      "Startup Cost": 33087.68,
      "Total Cost": 33087.69,
      "Plan Rows": 1,
      "Plan Width": 8,
      "Actual Startup Time": 107.884,
      "Actual Total Time": 115.883,
      "Actual Rows": 1,
      "Actual Loops": 1,
      "Plans": [
        {
          "Node Type": "Gather",
          "Parent Relationship": "Outer",
          "Parallel Aware": false,
          "Startup Cost": 33087.36,
          "Total Cost": 33087.67,
          "Plan Rows": 3,
          "Plan Width": 8,
          "Actual Startup Time": 107.771,
          "Actual Total Time": 115.875,
          "Actual Rows": 4,
          "Actual Loops": 1,
          "Workers Planned": 3,
          "Workers Launched": 3,
          "Single Copy": false,
          "Plans": [
            {
              "Node Type": "Aggregate",
              "Strategy": "Plain",
              "Partial Mode": "Partial",
              "Parent Relationship": "Outer",
              "Parallel Aware": false,
              "Startup Cost": 32087.36,
              "Total Cost": 32087.37,
              "Plan Rows": 1,
              "Plan Width": 8,
              "Actual Startup Time": 100.935,
              "Actual Total Time": 100.936,
              "Actual Rows": 1,
              "Actual Loops": 4,
              "Plans": [
                {
                  "Node Type": "Seq Scan",
                  "Parent Relationship": "Outer",
                  "Parallel Aware": true,
                  "Relation Name": "movie_companies",
                  "Alias": "mc",
                  "Startup Cost": 0.0,
                  "Total Cost": 31414.82,
                  "Plan Rows": 269018,
                  "Plan Width": 0,
                  "Actual Startup Time": 0.041,
                  "Actual Total Time": 84.377,
                  "Actual Rows": 284774,
                  "Actual Loops": 4,
                  "Filter": "((company_id < 19778) AND (company_type_id = 1))",
                  "Rows Removed by Filter": 367508
                }
              ]
            }
          ]
        }
      ]
    },
    "Planning Time": 0.219,
    "Triggers": [],
    "Execution Time": 115.939
  }
]