[
  {
    "Plan": {
      "Node Type": "Aggregate",
      "Strategy": "Plain",
      "Partial Mode": "Finalize",
      "Parallel Aware": false,
      "Startup Cost": 46962.7,
      "Total Cost": 46962.71,
      "Plan Rows": 1,
      "Plan Width": 8,
      "Actual Startup Time": 101.807,
      "Actual Total Time": 111.378,
      "Actual Rows": 1,
      "Actual Loops": 1,
      "Plans": [
        {
          "Node Type": "Gather",
          "Parent Relationship": "Outer",
          "Parallel Aware": false,
          "Startup Cost": 46962.28,
          "Total Cost": 46962.69,
          "Plan Rows": 4,
          "Plan Width": 8,
          "Actual Startup Time": 101.665,
          "Actual Total Time": 111.369,
          "Actual Rows": 5,
          "Actual Loops": 1,
          "Workers Planned": 4,
          "Workers Launched": 4,
          "Single Copy": false,
          "Plans": [
            {
              "Node Type": "Aggregate",
              "Strategy": "Plain",
              "Partial Mode": "Partial",
              "Parent Relationship": "Outer",
              "Parallel Aware": false,
              "Startup Cost": 45962.28,
              "Total Cost": 45962.29,
              "Plan Rows": 1,
              "Plan Width": 8,
              "Actual Startup Time": 94.11,
              "Actual Total Time": 94.111,
              "Actual Rows": 1,
              "Actual Loops": 5,
              "Plans": [
                {
                  "Node Type": "Seq Scan",
                  "Parent Relationship": "Outer",
                  "Parallel Aware": true,
                  "Relation Name": "title",
                  "Alias": "t",
                  "Startup Cost": 0.0,
                  "Total Cost": 45479.1,
                  "Plan Rows": 193271,
                  "Plan Width": 0,
                  "Actual Startup Time": 0.04,
                  "Actual Total Time": 87.257,
                  "Actual Rows": 135426,
                  "Actual Loops": 5,
                  "Filter": "((kind_id < 7) AND (production_year > 1978))",
                  "Rows Removed by Filter": 370236
                }
              ]
            }
          ]
        }
      ]
    },
    "Planning Time": 0.19,
    "Triggers": [],
    "Execution Time": 111.437
  }
]