[
  {
    "Plan": {
      "Node Type": "Aggregate",
      "Strategy": "Plain",
      "Partial Mode": "Finalize",
      "Parallel Aware": false,
      "Startup Cost": 37891.3,
      "Total Cost": 37891.31,
      "Plan Rows": 1,
      "Plan Width": 8,
      "Actual Startup Time": 111.988,
      "Actual Total Time": 119.303,
      "Actual Rows": 1,
      "Actual Loops": 1,
      "Plans": [
        {
          "Node Type": "Gather",
          "Parent Relationship": "Outer",
          "Parallel Aware": false,
          "Startup Cost": 37890.99,
          "Total Cost": 37891.3,
          "Plan Rows": 3,
          "Plan Width": 8,
          "Actual Startup Time": 111.754,
          "Actual Total Time": 119.296,
          "Actual Rows": 4,
          "Actual Loops": 1,
          "Workers Planned": 3,
          "Workers Launched": 3,
          "Single Copy": false,
          "Plans": [
            {
              "Node Type": "Aggregate",
              "Strategy": "Plain",
              "Partial Mode": "Partial",
              "Parent Relationship": "Outer",
              "Parallel Aware": false,
              "Startup Cost": 36890.99,
              "Total Cost": 36891.0,
              "Plan Rows": 1,
              "Plan Width": 8,
              "Actual Startup Time": 107.866,
              "Actual Total Time": 107.868,
              "Actual Rows": 1,
              "Actual Loops": 4,
              "Plans": [
                {
                  "Node Type": "Bitmap Heap Scan",
                  "Parent Relationship": "Outer",
                  "Parallel Aware": true,
                  "Relation Name": "movie_keyword",
                  "Alias": "mk",
                  "Startup Cost": 10127.48,
                  "Total Cost": 36506.07,
                  "Plan Rows": 153967,
                  "Plan Width": 0,
                  "Actual Startup Time": 36.541,
                  "Actual Total Time": 101.604,
                  "Actual Rows": 116576,
                  "Actual Loops": 4,
                  "Recheck Cond": "(keyword_id > 38202)",
                  "Rows Removed by Index Recheck": 0,
                  "Exact Heap Blocks": 9476,
                  "Lossy Heap Blocks": 0,
                  "Plans": [
                    {
                      "Node Type": "Bitmap Index Scan",
                      "Parent Relationship": "Outer",
                      "Parallel Aware": false,
                      "Index Name": "keyword_id_movie_keyword",
                      "Startup Cost": 0.0,
                      "Total Cost": 10008.16,
                      "Plan Rows": 477297,
                      "Plan Width": 0,
                      "Actual Startup Time": 36.447,
                      "Actual Total Time": 36.447,
                      "Actual Rows": 466306,
                      "Actual Loops": 1,
                      "Index Cond": "(keyword_id > 38202)"
                    }
                  ]
                }
              ]
            }
          ]
        }
      ]
    },
    "Planning Time": 0.131,
    "Triggers": [],
    "Execution Time": 119.352
  }
]