{
  "Plan": {
    "Node Type": "Aggregate",
    "Strategy": "Plain",
    "Partial Mode": "Finalize",
    "Parallel Aware": false,
    "Startup Cost": 112504.37,
    "Total Cost": 112504.38,
    "Plan Rows": 1,
    "Plan Width": 8,
    "Actual Startup Time": 317.682,
    "Actual Total Time": 328.88,
    "Actual Rows": 1,
    "Actual Loops": 1,
    "Plans": [
      {
        "Node Type": "Gather",
        "Parent Relationship": "Outer",
        "Parallel Aware": false,
        "Startup Cost": 112504.26,
        "Total Cost": 112504.37,
        "Plan Rows": 1,
        "Plan Width": 8,
        "Actual Startup Time": 317.343,
        "Actual Total Time": 328.873,
        "Actual Rows": 2,
        "Actual Loops": 1,
        "Workers Planned": 1,
        "Workers Launched": 1,
        "Single Copy": false,
        "Plans": [
          {
            "Node Type": "Aggregate",
            "Strategy": "Plain",
            "Partial Mode": "Partial",
            "Parent Relationship": "Outer",
            "Parallel Aware": false,
            "Startup Cost": 111504.26,
            "Total Cost": 111504.27,
            "Plan Rows": 1,
            "Plan Width": 8,
            "Actual Startup Time": 311.39,
            "Actual Total Time": 311.394,
            "Actual Rows": 1,
            "Actual Loops": 2,
            "Plans": [
              {
                "Node Type": "Hash Join",
                "Parent Relationship": "Outer",
                "Parallel Aware": true,
                "Join Type": "Inner",
                "Startup Cost": 77219.82,
                "Total Cost": 111492.66,
                "Plan Rows": 4638,
                "Plan Width": 0,
                "Actual Startup Time": 196.984,
                "Actual Total Time": 311.12,
                "Actual Rows": 3912,
                "Actual Loops": 2,
                "Inner Unique": true,
                "Hash Cond": "(mk.movie_id = t.id)",
                "Plans": [
                  {
                    "Node Type": "Bitmap Heap Scan",
                    "Parent Relationship": "Outer",
                    "Parallel Aware": true,
                    "Relation Name": "movie_keyword",
                    "Alias": "mk",
                    "Startup Cost": 23409.38,
                    "Total Cost": 55978.13,
                    "Plan Rows": 649180,
                    "Plan Width": 4,
                    "Actual Startup Time": 59.323,
                    "Actual Total Time": 159.5,
                    "Actual Rows": 558174,
                    "Actual Loops": 2,
                    "Recheck Cond": "(keyword_id < 1165)",
                    "Rows Removed by Index Recheck": 0,
                    "Exact Heap Blocks": 14719,
                    "Lossy Heap Blocks": 0,
                    "Plans": [
                      {
                        "Node Type": "Bitmap Index Scan",
                        "Parent Relationship": "Outer",
                        "Parallel Aware": false,
                        "Index Name": "keyword_id_movie_keyword",
                        "Startup Cost": 0.0,
                        "Total Cost": 23133.48,
                        "Plan Rows": 1103606,
                        "Plan Width": 0,
                        "Actual Startup Time": 55.605,
                        "Actual Total Time": 55.606,
                        "Actual Rows": 1116347,
                        "Actual Loops": 1,
                        "Index Cond": "(keyword_id < 1165)"
                      }
                    ]
                  },
                  {
                    "Node Type": "Hash",
                    "Parent Relationship": "Inner",
                    "Parallel Aware": true,
                    "Startup Cost": 53677.62,
                    "Total Cost": 53677.62,
                    "Plan Rows": 10625,
                    "Plan Width": 4,
                    "Actual Startup Time": 99.554,
                    "Actual Total Time": 99.555,
                    "Actual Rows": 11010,
                    "Actual Loops": 2,
                    "Hash Buckets": 32768,
                    "Original Hash Buckets": 32768,
                    "Hash Batches": 1,
                    "Original Hash Batches": 1,
                    "Peak Memory Usage": 1152,
                    "Plans": [
                      {
                        "Node Type": "Bitmap Heap Scan",
                        "Parent Relationship": "Outer",
                        "Parallel Aware": true,
                        "Relation Name": "title",
                        "Alias": "t",
                        "Startup Cost": 11827.37,
                        "Total Cost": 53677.62,
                        "Plan Rows": 10625,
                        "Plan Width": 4,
                        "Actual Startup Time": 39.655,
                        "Actual Total Time": 96.645,
                        "Actual Rows": 11010,
                        "Actual Loops": 2,
                        "Recheck Cond": "(kind_id = 1)",
                        "Rows Removed by Index Recheck": 0,
                        "Filter": "(production_year > 2012)",
                        "Rows Removed by Filter": 320402,
                        "Exact Heap Blocks": 9349,
                        "Lossy Heap Blocks": 0,
                        "Plans": [
                          {
                            "Node Type": "Bitmap Index Scan",
                            "Parent Relationship": "Outer",
                            "Parallel Aware": false,
                            "Index Name": "kind_id_title",
                            "Startup Cost": 0.0,
                            "Total Cost": 11822.85,
                            "Plan Rows": 663256,
                            "Plan Width": 0,
                            "Actual Startup Time": 42.045,
                            "Actual Total Time": 42.045,
                            "Actual Rows": 662825,
                            "Actual Loops": 1,
                            "Index Cond": "(kind_id = 1)"
                          }
                        ]
                      }
                    ]
                  }
                ]
              }
            ]
          }
        ]
      }
    ]
  },
  "Planning Time": 0.484,
  "Triggers": [],
  "Execution Time": 328.986
}