[
  {
    "Plan": {
      "Node Type": "Aggregate",
      "Strategy": "Plain",
      "Partial Mode": "Finalize",
      "Parallel Aware": false,
      "Startup Cost": 473117.74,
      "Total Cost": 473117.75,
      "Plan Rows": 1,
      "Plan Width": 8,
      "Actual Startup Time": 4815.876,
      "Actual Total Time": 4872.506,
      "Actual Rows": 1,
      "Actual Loops": 1,
      "Plans": [
        {
          "Node Type": "Gather",
          "Parent Relationship": "Outer",
          "Parallel Aware": false,
          "Startup Cost": 473117.11,
          "Total Cost": 473117.72,
          "Plan Rows": 6,
          "Plan Width": 8,
          "Actual Startup Time": 4781.324,
          "Actual Total Time": 4872.495,
          "Actual Rows": 7,
          "Actual Loops": 1,
          "Workers Planned": 6,
          "Workers Launched": 6,
          "Single Copy": false,
          "Plans": [
            {
              "Node Type": "Aggregate",
              "Strategy": "Plain",
              "Partial Mode": "Partial",
              "Parent Relationship": "Outer",
              "Parallel Aware": false,
              "Startup Cost": 472117.11,
              "Total Cost": 472117.12,
              "Plan Rows": 1,
              "Plan Width": 8,
              "Actual Startup Time": 4757.024,
              "Actual Total Time": 4757.032,
              "Actual Rows": 1,
              "Actual Loops": 7,
              "Plans": [
                {
                  "Node Type": "Hash Join",
                  "Parent Relationship": "Outer",
                  "Parallel Aware": true,
                  "Join Type": "Inner",
                  "Startup Cost": 104333.85,
                  "Total Cost": 458136.79,
                  "Plan Rows": 5592128,
                  "Plan Width": 0,
                  "Actual Startup Time": 649.94,
                  "Actual Total Time": 3984.388,
                  "Actual Rows": 15782004,
                  "Actual Loops": 7,
                  "Inner Unique": false,
                  "Hash Cond": "(ci.movie_id = t.id)",
                  "Plans": [
                    {
                      "Node Type": "Seq Scan",
                      "Parent Relationship": "Outer",
                      "Parallel Aware": true,
                      "Relation Name": "cast_info",
                      "Alias": "ci",
                      "Startup Cost": 0.0,
                      "Total Cost": 313106.51,
                      "Plan Rows": 6041951,
                      "Plan Width": 4,
                      "Actual Startup Time": 0.03,
                      "Actual Total Time": 579.652,
                      "Actual Rows": 5177763,
                      "Actual Loops": 7
                    },
                    {
                      "Node Type": "Hash",
                      "Parent Relationship": "Inner",
                      "Parallel Aware": true,
                      "Startup Cost": 94897.64,
                      "Total Cost": 94897.64,
                      "Plan Rows": 754897,
                      "Plan Width": 8,
                      "Actual Startup Time": 643.027,
                      "Actual Total Time": 643.033,
                      "Actual Rows": 336005,
                      "Actual Loops": 7,
                      "Hash Buckets": 4194304,
                      "Original Hash Buckets": 4194304,
                      "Hash Batches": 1,
                      "Original Hash Batches": 1,
                      "Peak Memory Usage": 124896,
                      "Plans": [
                        {
                          "Node Type": "Hash Join",
                          "Parent Relationship": "Outer",
                          "Parallel Aware": true,
                          "Join Type": "Inner",
                          "Startup Cost": 50220.38,
                          "Total Cost": 94897.64,
                          "Plan Rows": 754897,
                          "Plan Width": 8,
                          "Actual Startup Time": 301.534,
                          "Actual Total Time": 496.102,
                          "Actual Rows": 336005,
                          "Actual Loops": 7,
                          "Inner Unique": true,
                          "Hash Cond": "(mk.movie_id = t.id)",
                          "Plans": [
                            {
                              "Node Type": "Seq Scan",
                              "Parent Relationship": "Outer",
                              "Parallel Aware": true,
                              "Relation Name": "movie_keyword",
                              "Alias": "mk",
                              "Startup Cost": 0.0,
                              "Total Cost": 42695.65,
                              "Plan Rows": 754897,
                              "Plan Width": 4,
                              "Actual Startup Time": 0.045,
                              "Actual Total Time": 95.565,
                              "Actual Rows": 336005,
                              "Actual Loops": 7,
                              "Filter": "(keyword_id < 5274)",
                              "Rows Removed by Filter": 310271
                            },
                            {
                              "Node Type": "Hash",
                              "Parent Relationship": "Inner",
                              "Parallel Aware": true,
                              "Startup Cost": 42319.06,
                              "Total Cost": 42319.06,
                              "Plan Rows": 632106,
                              "Plan Width": 4,
                              "Actual Startup Time": 297.558,
                              "Actual Total Time": 297.56,
                              "Actual Rows": 361187,
                              "Actual Loops": 7,
                              "Hash Buckets": 4194304,
                              "Original Hash Buckets": 4194304,
                              "Hash Batches": 1,
                              "Original Hash Batches": 1,
                              "Peak Memory Usage": 131776,
                              "Plans": [
                                {
                                  "Node Type": "Seq Scan",
                                  "Parent Relationship": "Outer",
                                  "Parallel Aware": true,
                                  "Relation Name": "title",
                                  "Alias": "t",
                                  "Startup Cost": 0.0,
                                  "Total Cost": 42319.06,
                                  "Plan Rows": 632106,
                                  "Plan Width": 4,
                                  "Actual Startup Time": 0.061,
                                  "Actual Total Time": 89.946,
                                  "Actual Rows": 361187,
                                  "Actual Loops": 7
                                }
                              ]
                            }
                          ]
                        }
                      ]
                    }
                  ]
                }
              ]
            }
          ]
        }
      ]
    },
    "Planning Time": 0.804,
    "Triggers": [],
    "Execution Time": 4872.594
  }
]