[
  {
    "Plan": {
      "Node Type": "Aggregate",
      "Strategy": "Plain",
      "Partial Mode": "Finalize",
      "Parallel Aware": false,
      "Startup Cost": 39039.68,
      "Total Cost": 39039.69,
      "Plan Rows": 1,
      "Plan Width": 8,
      "Actual Startup Time": 144.953,
      "Actual Total Time": 152.776,
      "Actual Rows": 1,
      "Actual Loops": 1,
      "Plans": [
        {
          "Node Type": "Gather",
          "Parent Relationship": "Outer",
          "Parallel Aware": false,
          "Startup Cost": 39039.36,
          "Total Cost": 39039.67,
          "Plan Rows": 3,
          "Plan Width": 8,
          "Actual Startup Time": 144.603,
          "Actual Total Time": 152.767,
          "Actual Rows": 4,
          "Actual Loops": 1,
          "Workers Planned": 3,
          "Workers Launched": 3,
          "Single Copy": false,
          "Plans": [
            {
              "Node Type": "Aggregate",
              "Strategy": "Plain",
              "Partial Mode": "Partial",
              "Parent Relationship": "Outer",
              "Parallel Aware": false,
              "Startup Cost": 38039.36,
              "Total Cost": 38039.37,
              "Plan Rows": 1,
              "Plan Width": 8,
              "Actual Startup Time": 138.098,
              "Actual Total Time": 138.1,
              "Actual Rows": 1,
              "Actual Loops": 4,
              "Plans": [
                {
                  "Node Type": "Bitmap Heap Scan",
                  "Parent Relationship": "Outer",
                  "Parallel Aware": true,
                  "Relation Name": "movie_keyword",
                  "Alias": "mk",
                  "Startup Cost": 11062.0,
                  "Total Cost": 37618.8,
                  "Plan Rows": 168224,
                  "Plan Width": 0,
                  "Actual Startup Time": 50.086,
                  "Actual Total Time": 127.816,
                  "Actual Rows": 127256,
                  "Actual Loops": 4,
                  "Recheck Cond": "(keyword_id > 35674)",
                  "Rows Removed by Index Recheck": 0,
                  "Exact Heap Blocks": 9185,
                  "Lossy Heap Blocks": 0,
                  "Plans": [
                    {
                      "Node Type": "Bitmap Index Scan",
                      "Parent Relationship": "Outer",
                      "Parallel Aware": false,
                      "Index Name": "keyword_id_movie_keyword",
                      "Startup Cost": 0.0,
                      "Total Cost": 10931.63,
                      "Plan Rows": 521493,
                      "Plan Width": 0,
                      "Actual Startup Time": 50.536,
                      "Actual Total Time": 50.536,
                      "Actual Rows": 509023,
                      "Actual Loops": 1,
                      "Index Cond": "(keyword_id > 35674)"
                    }
                  ]
                }
              ]
            }
          ]
        }
      ]
    },
    "Planning Time": 0.117,
    "Triggers": [],
    "Execution Time": 152.856
  }
]