{
  "Plan": {
    "Node Type": "Aggregate",
    "Strategy": "Plain",
    "Partial Mode": "Finalize",
    "Parallel Aware": false,
    "Startup Cost": 443235.7,
    "Total Cost": 443235.71,
    "Plan Rows": 1,
    "Plan Width": 8,
    "Actual Startup Time": 1977.119,
    "Actual Total Time": 2001.099,
    "Actual Rows": 1,
    "Actual Loops": 1,
    "Plans": [
      {
        "Node Type": "Gather",
        "Parent Relationship": "Outer",
        "Parallel Aware": false,
        "Startup Cost": 443235.59,
        "Total Cost": 443235.7,
        "Plan Rows": 1,
        "Plan Width": 8,
        "Actual Startup Time": 1969.824,
        "Actual Total Time": 2001.091,
        "Actual Rows": 2,
        "Actual Loops": 1,
        "Workers Planned": 1,
        "Workers Launched": 1,
        "Single Copy": false,
        "Plans": [
          {
            "Node Type": "Aggregate",
            "Strategy": "Plain",
            "Partial Mode": "Partial",
            "Parent Relationship": "Outer",
            "Parallel Aware": false,
            "Startup Cost": 442235.59,
            "Total Cost": 442235.6,
            "Plan Rows": 1,
            "Plan Width": 8,
            "Actual Startup Time": 1958.254,
            "Actual Total Time": 1958.259,
            "Actual Rows": 1,
            "Actual Loops": 2,
            "Plans": [
              {
                "Node Type": "Hash Join",
                "Parent Relationship": "Outer",
                "Parallel Aware": true,
                "Join Type": "Inner",
                "Startup Cost": 151185.98,
                "Total Cost": 436794.09,
                "Plan Rows": 2176601,
                "Plan Width": 0,
                "Actual Startup Time": 759.764,
                "Actual Total Time": 1868.483,
                "Actual Rows": 1776612,
                "Actual Loops": 2,
                "Inner Unique": true,
                "Hash Cond": "(ci.movie_id = t.id)",
                "Plans": [
                  {
                    "Node Type": "Bitmap Heap Scan",
                    "Parent Relationship": "Outer",
                    "Parallel Aware": true,
                    "Relation Name": "cast_info",
                    "Alias": "ci",
                    "Startup Cost": 81725.29,
                    "Total Cost": 361619.8,
                    "Plan Rows": 2176601,
                    "Plan Width": 4,
                    "Actual Startup Time": 132.328,
                    "Actual Total Time": 395.214,
                    "Actual Rows": 1776612,
                    "Actual Loops": 2,
                    "Recheck Cond": "(person_id > 3416911)",
                    "Rows Removed by Index Recheck": 0,
                    "Exact Heap Blocks": 33498,
                    "Lossy Heap Blocks": 0,
                    "Plans": [
                      {
                        "Node Type": "Bitmap Index Scan",
                        "Parent Relationship": "Outer",
                        "Parallel Aware": false,
                        "Index Name": "person_id_cast_info",
                        "Startup Cost": 0.0,
                        "Total Cost": 80800.23,
                        "Plan Rows": 3700222,
                        "Plan Width": 0,
                        "Actual Startup Time": 123.246,
                        "Actual Total Time": 123.247,
                        "Actual Rows": 3553224,
                        "Actual Loops": 1,
                        "Index Cond": "(person_id > 3416911)"
                      }
                    ]
                  },
                  {
                    "Node Type": "Hash",
                    "Parent Relationship": "Inner",
                    "Parallel Aware": true,
                    "Startup Cost": 50870.31,
                    "Total Cost": 50870.31,
                    "Plan Rows": 1487231,
                    "Plan Width": 4,
                    "Actual Startup Time": 605.478,
                    "Actual Total Time": 605.479,
                    "Actual Rows": 1264156,
                    "Actual Loops": 2,
                    "Hash Buckets": 4194304,
                    "Original Hash Buckets": 4194304,
                    "Hash Batches": 1,
                    "Original Hash Batches": 1,
                    "Peak Memory Usage": 131680,
                    "Plans": [
                      {
                        "Node Type": "Seq Scan",
                        "Parent Relationship": "Outer",
                        "Parallel Aware": true,
                        "Relation Name": "title",
                        "Alias": "t",
                        "Startup Cost": 0.0,
                        "Total Cost": 50870.31,
                        "Plan Rows": 1487231,
                        "Plan Width": 4,
                        "Actual Startup Time": 0.019,
                        "Actual Total Time": 179.019,
                        "Actual Rows": 1264156,
                        "Actual Loops": 2
                      }
                    ]
                  }
                ]
              }
            ]
          }
        ]
      }
    ]
  },
  "Planning Time": 0.566,
  "Triggers": [],
  "Execution Time": 2001.175
}