[
  {
    "Plan": {
      "Node Type": "Aggregate",
      "Strategy": "Plain",
      "Partial Mode": "Finalize",
      "Parallel Aware": false,
      "Startup Cost": 118838.7,
      "Total Cost": 118838.71,
      "Plan Rows": 1,
      "Plan Width": 8,
      "Actual Startup Time": 287.297,
      "Actual Total Time": 309.483,
      "Actual Rows": 1,
      "Actual Loops": 1,
      "Plans": [
        {
          "Node Type": "Gather",
          "Parent Relationship": "Outer",
          "Parallel Aware": false,
          "Startup Cost": 118838.38,
          "Total Cost": 118838.69,
          "Plan Rows": 3,
          "Plan Width": 8,
          "Actual Startup Time": 286.838,
          "Actual Total Time": 309.475,
          "Actual Rows": 4,
          "Actual Loops": 1,
          "Workers Planned": 3,
          "Workers Launched": 3,
          "Single Copy": false,
          "Plans": [
            {
              "Node Type": "Aggregate",
              "Strategy": "Plain",
              "Partial Mode": "Partial",
              "Parent Relationship": "Outer",
              "Parallel Aware": false,
              "Startup Cost": 117838.38,
              "Total Cost": 117838.39,
              "Plan Rows": 1,
              "Plan Width": 8,
              "Actual Startup Time": 277.408,
              "Actual Total Time": 277.411,
              "Actual Rows": 1,
              "Actual Loops": 4,
              "Plans": [
                {
                  "Node Type": "Nested Loop",
                  "Parent Relationship": "Outer",
                  "Parallel Aware": false,
                  "Join Type": "Inner",
                  "Startup Cost": 45623.52,
                  "Total Cost": 117654.6,
                  "Plan Rows": 73510,
                  "Plan Width": 0,
                  "Actual Startup Time": 110.101,
                  "Actual Total Time": 276.859,
                  "Actual Rows": 7969,
                  "Actual Loops": 4,
                  "Inner Unique": false,
                  "Join Filter": "(t.id = mi.movie_id)",
                  "Rows Removed by Join Filter": 0,
                  "Plans": [
                    {
                      "Node Type": "Hash Join",
                      "Parent Relationship": "Outer",
                      "Parallel Aware": true,
                      "Join Type": "Inner",
                      "Startup Cost": 45623.09,
                      "Total Cost": 90153.26,
                      "Plan Rows": 12693,
                      "Plan Width": 8,
                      "Actual Startup Time": 110.02,
                      "Actual Total Time": 261.22,
                      "Actual Rows": 1235,
                      "Actual Loops": 4,
                      "Inner Unique": true,
                      "Hash Cond": "(mk.movie_id = t.id)",
                      "Plans": [
                        {
                          "Node Type": "Seq Scan",
                          "Parent Relationship": "Outer",
                          "Parallel Aware": true,
                          "Relation Name": "movie_keyword",
                          "Alias": "mk",
                          "Startup Cost": 0.0,
                          "Total Cost": 42695.65,
                          "Plan Rows": 698865,
                          "Plan Width": 4,
                          "Actual Startup Time": 0.021,
                          "Actual Total Time": 110.041,
                          "Actual Rows": 544767,
                          "Actual Loops": 4,
                          "Filter": "(keyword_id < 4297)",
                          "Rows Removed by Filter": 586215
                        },
                        {
                          "Node Type": "Hash",
                          "Parent Relationship": "Inner",
                          "Parallel Aware": true,
                          "Startup Cost": 45479.59,
                          "Total Cost": 45479.59,
                          "Plan Rows": 11480,
                          "Plan Width": 4,
                          "Actual Startup Time": 108.13,
                          "Actual Total Time": 108.131,
                          "Actual Rows": 10389,
                          "Actual Loops": 4,
                          "Hash Buckets": 65536,
                          "Original Hash Buckets": 65536,
                          "Hash Batches": 1,
                          "Original Hash Batches": 1,
                          "Peak Memory Usage": 2176,
                          "Plans": [
                            {
                              "Node Type": "Seq Scan",
                              "Parent Relationship": "Outer",
                              "Parallel Aware": true,
                              "Relation Name": "title",
                              "Alias": "t",
                              "Startup Cost": 0.0,
                              "Total Cost": 45479.59,
                              "Plan Rows": 11480,
                              "Plan Width": 4,
                              "Actual Startup Time": 0.071,
                              "Actual Total Time": 102.893,
                              "Actual Rows": 10389,
                              "Actual Loops": 4,
                              "Filter": "((kind_id > 3) AND (production_year > 2012))",
                              "Rows Removed by Filter": 621689
                            }
                          ]
                        }
                      ]
                    },
                    {
                      "Node Type": "Index Scan",
                      "Parent Relationship": "Inner",
                      "Parallel Aware": false,
                      "Scan Direction": "Forward",
                      "Index Name": "movie_id_movie_info",
                      "Relation Name": "movie_info",
                      "Alias": "mi",
                      "Startup Cost": 0.43,
                      "Total Cost": 1.65,
                      "Plan Rows": 41,
                      "Plan Width": 4,
                      "Actual Startup Time": 0.005,
                      "Actual Total Time": 0.012,
                      "Actual Rows": 6,
                      "Actual Loops": 4940,
                      "Index Cond": "(movie_id = mk.movie_id)",
                      "Rows Removed by Index Recheck": 0,
                      "Filter": "(info_type_id < 107)",
                      "Rows Removed by Filter": 0
                    }
                  ]
                }
              ]
            }
          ]
        }
      ]
    },
    "Planning Time": 1.526,
    "Triggers": [],
    "Execution Time": 309.585
  }
]