[
  {
    "Plan": {
      "Node Type": "Aggregate",
      "Strategy": "Plain",
      "Partial Mode": "Finalize",
      "Parallel Aware": false,
      "Startup Cost": 206796.78,
      "Total Cost": 206796.79,
      "Plan Rows": 1,
      "Plan Width": 8,
      "Actual Startup Time": 500.687,
      "Actual Total Time": 536.359,
      "Actual Rows": 1,
      "Actual Loops": 1,
      "Plans": [
        {
          "Node Type": "Gather",
          "Parent Relationship": "Outer",
          "Parallel Aware": false,
          "Startup Cost": 206796.26,
          "Total Cost": 206796.77,
          "Plan Rows": 5,
          "Plan Width": 8,
          "Actual Startup Time": 500.541,
          "Actual Total Time": 536.346,
          "Actual Rows": 6,
          "Actual Loops": 1,
          "Workers Planned": 5,
          "Workers Launched": 5,
          "Single Copy": false,
          "Plans": [
            {
              "Node Type": "Aggregate",
              "Strategy": "Plain",
              "Partial Mode": "Partial",
              "Parent Relationship": "Outer",
              "Parallel Aware": false,
              "Startup Cost": 205796.26,
              "Total Cost": 205796.27,
              "Plan Rows": 1,
              "Plan Width": 8,
              "Actual Startup Time": 491.028,
              "Actual Total Time": 491.029,
              "Actual Rows": 1,
              "Actual Loops": 6,
              "Plans": [
                {
                  "Node Type": "Seq Scan",
                  "Parent Relationship": "Outer",
                  "Parallel Aware": true,
                  "Relation Name": "movie_info",
                  "Alias": "mi",
                  "Startup Cost": 0.0,
                  "Total Cost": 198952.16,
                  "Plan Rows": 2737639,
                  "Plan Width": 0,
                  "Actual Startup Time": 0.071,
                  "Actual Total Time": 382.261,
                  "Actual Rows": 2299306,
                  "Actual Loops": 6,
                  "Filter": "(info_type_id < 81)",
                  "Rows Removed by Filter": 173314
                }
              ]
            }
          ]
        }
      ]
    },
    "Planning Time": 0.4,
    "Triggers": [],
    "Execution Time": 536.49
  }
]