[
    {
        "Bao": {
            "Bao prediction": "NaN",
            "Bao recommended hint": "(no hint)"
        }
    },
    {
        "Plan": {
            "Node Type": "Aggregate",
            "Strategy": "Plain",
            "Partial Mode": "Finalize",
            "Parallel Aware": false,
            "Startup Cost": 46498.18,
            "Total Cost": 46498.19,
            "Plan Rows": 1,
            "Plan Width": 8,
            "Actual Startup Time": 177.002,
            "Actual Total Time": 184.118,
            "Actual Rows": 1,
            "Actual Loops": 1,
            "Output": [
                "count(*)"
            ],
            "Plans": [
                {
                    "Node Type": "Gather",
                    "Parent Relationship": "Outer",
                    "Parallel Aware": false,
                    "Startup Cost": 46497.86,
                    "Total Cost": 46498.17,
                    "Plan Rows": 3,
                    "Plan Width": 8,
                    "Actual Startup Time": 176.896,
                    "Actual Total Time": 184.111,
                    "Actual Rows": 4,
                    "Actual Loops": 1,
                    "Output": [
                        "(PARTIAL count(*))"
                    ],
                    "Workers Planned": 3,
                    "Workers Launched": 3,
                    "Single Copy": false,
                    "Plans": [
                        {
                            "Node Type": "Aggregate",
                            "Strategy": "Plain",
                            "Partial Mode": "Partial",
                            "Parent Relationship": "Outer",
                            "Parallel Aware": false,
                            "Startup Cost": 45497.86,
                            "Total Cost": 45497.87,
                            "Plan Rows": 1,
                            "Plan Width": 8,
                            "Actual Startup Time": 168.375,
                            "Actual Total Time": 168.376,
                            "Actual Rows": 1,
                            "Actual Loops": 4,
                            "Output": [
                                "PARTIAL count(*)"
                            ],
                            "Workers": [
                                {
                                    "Worker Number": 0,
                                    "Actual Startup Time": 165.643,
                                    "Actual Total Time": 165.644,
                                    "Actual Rows": 1,
                                    "Actual Loops": 1
                                },
                                {
                                    "Worker Number": 1,
                                    "Actual Startup Time": 165.547,
                                    "Actual Total Time": 165.549,
                                    "Actual Rows": 1,
                                    "Actual Loops": 1
                                },
                                {
                                    "Worker Number": 2,
                                    "Actual Startup Time": 166.06,
                                    "Actual Total Time": 166.061,
                                    "Actual Rows": 1,
                                    "Actual Loops": 1
                                }
                            ],
                            "Plans": [
                                {
                                    "Node Type": "Seq Scan",
                                    "Parent Relationship": "Outer",
                                    "Parallel Aware": true,
                                    "Relation Name": "movie_keyword",
                                    "Schema": "public",
                                    "Alias": "mk",
                                    "Startup Cost": 0.0,
                                    "Total Cost": 42695.65,
                                    "Plan Rows": 1120882,
                                    "Plan Width": 0,
                                    "Actual Startup Time": 0.141,
                                    "Actual Total Time": 124.49,
                                    "Actual Rows": 868473,
                                    "Actual Loops": 4,
                                    "Output": [
                                        "id",
                                        "movie_id",
                                        "keyword_id"
                                    ],
                                    "Filter": "(mk.keyword_id > 1045)",
                                    "Rows Removed by Filter": 262509,
                                    "Workers": [
                                        {
                                            "Worker Number": 0,
                                            "Actual Startup Time": 0.058,
                                            "Actual Total Time": 123.109,
                                            "Actual Rows": 911519,
                                            "Actual Loops": 1
                                        },
                                        {
                                            "Worker Number": 1,
                                            "Actual Startup Time": 0.06,
                                            "Actual Total Time": 123.234,
                                            "Actual Rows": 581819,
                                            "Actual Loops": 1
                                        },
                                        {
                                            "Worker Number": 2,
                                            "Actual Startup Time": 0.067,
                                            "Actual Total Time": 123.449,
                                            "Actual Rows": 914283,
                                            "Actual Loops": 1
                                        }
                                    ]
                                }
                            ]
                        }
                    ]
                }
            ]
        },
        "Planning Time": 315.562,
        "Triggers": [],
        "Execution Time": 184.204
    }
]