[
  {
    "Plan": {
      "Node Type": "Aggregate",
      "Strategy": "Plain",
      "Partial Mode": "Finalize",
      "Parallel Aware": false,
      "Startup Cost": 127204.92,
      "Total Cost": 127204.93,
      "Plan Rows": 1,
      "Plan Width": 8,
      "Actual Startup Time": 327.881,
      "Actual Total Time": 370.627,
      "Actual Rows": 1,
      "Actual Loops": 1,
      "Plans": [
        {
          "Node Type": "Gather",
          "Parent Relationship": "Outer",
          "Parallel Aware": false,
          "Startup Cost": 127204.39,
          "Total Cost": 127204.9,
          "Plan Rows": 5,
          "Plan Width": 8,
          "Actual Startup Time": 327.305,
          "Actual Total Time": 370.615,
          "Actual Rows": 6,
          "Actual Loops": 1,
          "Workers Planned": 5,
          "Workers Launched": 5,
          "Single Copy": false,
          "Plans": [
            {
              "Node Type": "Aggregate",
              "Strategy": "Plain",
              "Partial Mode": "Partial",
              "Parent Relationship": "Outer",
              "Parallel Aware": false,
              "Startup Cost": 126204.39,
              "Total Cost": 126204.4,
              "Plan Rows": 1,
              "Plan Width": 8,
              "Actual Startup Time": 320.803,
              "Actual Total Time": 320.807,
              "Actual Rows": 1,
              "Actual Loops": 6,
              "Plans": [
                {
                  "Node Type": "Nested Loop",
                  "Parent Relationship": "Outer",
                  "Parallel Aware": false,
                  "Join Type": "Inner",
                  "Startup Cost": 45560.74,
                  "Total Cost": 126202.64,
                  "Plan Rows": 703,
                  "Plan Width": 0,
                  "Actual Startup Time": 80.14,
                  "Actual Total Time": 320.603,
                  "Actual Rows": 1674,
                  "Actual Loops": 6,
                  "Inner Unique": false,
                  "Join Filter": "(t.id = mi.movie_id)",
                  "Rows Removed by Join Filter": 0,
                  "Plans": [
                    {
                      "Node Type": "Hash Join",
                      "Parent Relationship": "Outer",
                      "Parallel Aware": true,
                      "Join Type": "Inner",
                      "Startup Cost": 45560.3,
                      "Total Cost": 119486.05,
                      "Plan Rows": 3915,
                      "Plan Width": 8,
                      "Actual Startup Time": 79.604,
                      "Actual Total Time": 223.893,
                      "Actual Rows": 3569,
                      "Actual Loops": 6,
                      "Inner Unique": true,
                      "Hash Cond": "(ci.movie_id = t.id)",
                      "Plans": [
                        {
                          "Node Type": "Index Scan",
                          "Parent Relationship": "Outer",
                          "Parallel Aware": true,
                          "Scan Direction": "Forward",
                          "Index Name": "role_id_cast_info",
                          "Relation Name": "cast_info",
                          "Alias": "ci",
                          "Startup Cost": 0.56,
                          "Total Cost": 72913.16,
                          "Plan Rows": 385964,
                          "Plan Width": 4,
                          "Actual Startup Time": 0.128,
                          "Actual Total Time": 101.062,
                          "Actual Rows": 336609,
                          "Actual Loops": 6,
                          "Index Cond": "(role_id = 4)",
                          "Rows Removed by Index Recheck": 0,
                          "Filter": "(person_id > 994742)",
                          "Rows Removed by Filter": 118215
                        },
                        {
                          "Node Type": "Hash",
                          "Parent Relationship": "Inner",
                          "Parallel Aware": true,
                          "Startup Cost": 45479.59,
                          "Total Cost": 45479.59,
                          "Plan Rows": 6412,
                          "Plan Width": 4,
                          "Actual Startup Time": 78.267,
                          "Actual Total Time": 78.268,
                          "Actual Rows": 3951,
                          "Actual Loops": 6,
                          "Hash Buckets": 32768,
                          "Original Hash Buckets": 32768,
                          "Hash Batches": 1,
                          "Original Hash Batches": 1,
                          "Peak Memory Usage": 1280,
                          "Plans": [
                            {
                              "Node Type": "Seq Scan",
                              "Parent Relationship": "Outer",
                              "Parallel Aware": true,
                              "Relation Name": "title",
                              "Alias": "t",
                              "Startup Cost": 0.0,
                              "Total Cost": 45479.59,
                              "Plan Rows": 6412,
                              "Plan Width": 4,
                              "Actual Startup Time": 0.33,
                              "Actual Total Time": 76.158,
                              "Actual Rows": 3951,
                              "Actual Loops": 6,
                              "Filter": "((kind_id < 7) AND (production_year = 2013))",
                              "Rows Removed by Filter": 417434
                            }
                          ]
                        }
                      ]
                    },
                    {
                      "Node Type": "Index Scan",
                      "Parent Relationship": "Inner",
                      "Parallel Aware": false,
                      "Scan Direction": "Forward",
                      "Index Name": "movie_id_movie_info",
                      "Relation Name": "movie_info",
                      "Alias": "mi",
                      "Startup Cost": 0.43,
                      "Total Cost": 1.7,
                      "Plan Rows": 1,
                      "Plan Width": 4,
                      "Actual Startup Time": 0.024,
                      "Actual Total Time": 0.027,
                      "Actual Rows": 0,
                      "Actual Loops": 21414,
                      "Index Cond": "(movie_id = ci.movie_id)",
                      "Rows Removed by Index Recheck": 0,
                      "Filter": "(info_type_id > 103)",
                      "Rows Removed by Filter": 9
                    }
                  ]
                }
              ]
            }
          ]
        }
      ]
    },
    "Planning Time": 1.546,
    "Triggers": [],
    "Execution Time": 370.726
  }
]