[
    {
        "Bao": {
            "Bao prediction": 517.643,
            "Bao recommended hint": "(no hint)"
        }
    },
    {
        "Plan": {
            "Node Type": "Aggregate",
            "Strategy": "Plain",
            "Partial Mode": "Finalize",
            "Parallel Aware": false,
            "Startup Cost": 341713.09,
            "Total Cost": 341713.1,
            "Plan Rows": 1,
            "Plan Width": 8,
            "Actual Startup Time": 1096.24,
            "Actual Total Time": 1130.232,
            "Actual Rows": 1,
            "Actual Loops": 1,
            "Output": [
                "count(*)"
            ],
            "Plans": [
                {
                    "Node Type": "Gather",
                    "Parent Relationship": "Outer",
                    "Parallel Aware": false,
                    "Startup Cost": 341712.47,
                    "Total Cost": 341713.08,
                    "Plan Rows": 6,
                    "Plan Width": 8,
                    "Actual Startup Time": 1096.093,
                    "Actual Total Time": 1130.221,
                    "Actual Rows": 7,
                    "Actual Loops": 1,
                    "Output": [
                        "(PARTIAL count(*))"
                    ],
                    "Workers Planned": 6,
                    "Workers Launched": 6,
                    "Single Copy": false,
                    "Plans": [
                        {
                            "Node Type": "Aggregate",
                            "Strategy": "Plain",
                            "Partial Mode": "Partial",
                            "Parent Relationship": "Outer",
                            "Parallel Aware": false,
                            "Startup Cost": 340712.47,
                            "Total Cost": 340712.48,
                            "Plan Rows": 1,
                            "Plan Width": 8,
                            "Actual Startup Time": 1086.666,
                            "Actual Total Time": 1086.667,
                            "Actual Rows": 1,
                            "Actual Loops": 7,
                            "Output": [
                                "PARTIAL count(*)"
                            ],
                            "Workers": [
                                {
                                    "Worker Number": 0,
                                    "Actual Startup Time": 1084.701,
                                    "Actual Total Time": 1084.702,
                                    "Actual Rows": 1,
                                    "Actual Loops": 1
                                },
                                {
                                    "Worker Number": 1,
                                    "Actual Startup Time": 1084.88,
                                    "Actual Total Time": 1084.88,
                                    "Actual Rows": 1,
                                    "Actual Loops": 1
                                },
                                {
                                    "Worker Number": 2,
                                    "Actual Startup Time": 1085.296,
                                    "Actual Total Time": 1085.297,
                                    "Actual Rows": 1,
                                    "Actual Loops": 1
                                },
                                {
                                    "Worker Number": 3,
                                    "Actual Startup Time": 1085.363,
                                    "Actual Total Time": 1085.364,
                                    "Actual Rows": 1,
                                    "Actual Loops": 1
                                },
                                {
                                    "Worker Number": 4,
                                    "Actual Startup Time": 1085.3,
                                    "Actual Total Time": 1085.301,
                                    "Actual Rows": 1,
                                    "Actual Loops": 1
                                },
                                {
                                    "Worker Number": 5,
                                    "Actual Startup Time": 1085.784,
                                    "Actual Total Time": 1085.785,
                                    "Actual Rows": 1,
                                    "Actual Loops": 1
                                }
                            ],
                            "Plans": [
                                {
                                    "Node Type": "Seq Scan",
                                    "Parent Relationship": "Outer",
                                    "Parallel Aware": true,
                                    "Relation Name": "cast_info",
                                    "Schema": "public",
                                    "Alias": "ci",
                                    "Startup Cost": 0.0,
                                    "Total Cost": 328213.62,
                                    "Plan Rows": 4999541,
                                    "Plan Width": 0,
                                    "Actual Startup Time": 94.774,
                                    "Actual Total Time": 809.58,
                                    "Actual Rows": 4255398,
                                    "Actual Loops": 7,
                                    "Output": [
                                        "id",
                                        "person_id",
                                        "movie_id",
                                        "person_role_id",
                                        "note",
                                        "nr_order",
                                        "role_id"
                                    ],
                                    "Filter": "(ci.person_id > 623560)",
                                    "Rows Removed by Filter": 922365,
                                    "Workers": [
                                        {
                                            "Worker Number": 0,
                                            "Actual Startup Time": 92.798,
                                            "Actual Total Time": 812.997,
                                            "Actual Rows": 4132907,
                                            "Actual Loops": 1
                                        },
                                        {
                                            "Worker Number": 1,
                                            "Actual Startup Time": 93.003,
                                            "Actual Total Time": 817.513,
                                            "Actual Rows": 4067944,
                                            "Actual Loops": 1
                                        },
                                        {
                                            "Worker Number": 2,
                                            "Actual Startup Time": 93.398,
                                            "Actual Total Time": 813.412,
                                            "Actual Rows": 4141016,
                                            "Actual Loops": 1
                                        },
                                        {
                                            "Worker Number": 3,
                                            "Actual Startup Time": 93.464,
                                            "Actual Total Time": 814.009,
                                            "Actual Rows": 4134793,
                                            "Actual Loops": 1
                                        },
                                        {
                                            "Worker Number": 4,
                                            "Actual Startup Time": 93.398,
                                            "Actual Total Time": 814.704,
                                            "Actual Rows": 4124003,
                                            "Actual Loops": 1
                                        },
                                        {
                                            "Worker Number": 5,
                                            "Actual Startup Time": 93.91,
                                            "Actual Total Time": 820.845,
                                            "Actual Rows": 4000092,
                                            "Actual Loops": 1
                                        }
                                    ]
                                }
                            ]
                        }
                    ]
                }
            ]
        },
        "Planning Time": 991.414,
        "Triggers": [],
        "Execution Time": 1130.323
    }
]