[
  {
    "Plan": {
      "Node Type": "Aggregate",
      "Strategy": "Plain",
      "Partial Mode": "Finalize",
      "Parallel Aware": false,
      "Startup Cost": 45907.28,
      "Total Cost": 45907.29,
      "Plan Rows": 1,
      "Plan Width": 8,
      "Actual Startup Time": 157.714,
      "Actual Total Time": 165.998,
      "Actual Rows": 1,
      "Actual Loops": 1,
      "Plans": [
        {
          "Node Type": "Gather",
          "Parent Relationship": "Outer",
          "Parallel Aware": false,
          "Startup Cost": 45906.96,
          "Total Cost": 45907.27,
          "Plan Rows": 3,
          "Plan Width": 8,
          "Actual Startup Time": 157.514,
          "Actual Total Time": 165.988,
          "Actual Rows": 4,
          "Actual Loops": 1,
          "Workers Planned": 3,
          "Workers Launched": 3,
          "Single Copy": false,
          "Plans": [
            {
              "Node Type": "Aggregate",
              "Strategy": "Plain",
              "Partial Mode": "Partial",
              "Parent Relationship": "Outer",
              "Parallel Aware": false,
              "Startup Cost": 44906.96,
              "Total Cost": 44906.97,
              "Plan Rows": 1,
              "Plan Width": 8,
              "Actual Startup Time": 151.235,
              "Actual Total Time": 151.236,
              "Actual Rows": 1,
              "Actual Loops": 4,
              "Plans": [
                {
                  "Node Type": "Seq Scan",
                  "Parent Relationship": "Outer",
                  "Parallel Aware": true,
                  "Relation Name": "movie_keyword",
                  "Alias": "mk",
                  "Startup Cost": 0.0,
                  "Total Cost": 42695.65,
                  "Plan Rows": 884524,
                  "Plan Width": 0,
                  "Actual Startup Time": 0.448,
                  "Actual Total Time": 119.894,
                  "Actual Rows": 681512,
                  "Actual Loops": 4,
                  "Filter": "(keyword_id > 2905)",
                  "Rows Removed by Filter": 449470
                }
              ]
            }
          ]
        }
      ]
    },
    "Planning Time": 0.183,
    "Triggers": [],
    "Execution Time": 166.067
  }
]