{
  "Plan": {
    "Node Type": "Aggregate",
    "Strategy": "Plain",
    "Partial Mode": "Finalize",
    "Parallel Aware": false,
    "Startup Cost": 15660.73,
    "Total Cost": 15660.74,
    "Plan Rows": 1,
    "Plan Width": 8,
    "Actual Startup Time": 18.017,
    "Actual Total Time": 22.445,
    "Actual Rows": 1,
    "Actual Loops": 1,
    "Plans": [
      {
        "Node Type": "Gather",
        "Parent Relationship": "Outer",
        "Parallel Aware": false,
        "Startup Cost": 15660.62,
        "Total Cost": 15660.73,
        "Plan Rows": 1,
        "Plan Width": 8,
        "Actual Startup Time": 17.298,
        "Actual Total Time": 22.433,
        "Actual Rows": 2,
        "Actual Loops": 1,
        "Workers Planned": 1,
        "Workers Launched": 1,
        "Single Copy": false,
        "Plans": [
          {
            "Node Type": "Aggregate",
            "Strategy": "Plain",
            "Partial Mode": "Partial",
            "Parent Relationship": "Outer",
            "Parallel Aware": false,
            "Startup Cost": 14660.62,
            "Total Cost": 14660.63,
            "Plan Rows": 1,
            "Plan Width": 8,
            "Actual Startup Time": 11.362,
            "Actual Total Time": 11.364,
            "Actual Rows": 1,
            "Actual Loops": 2,
            "Plans": [
              {
                "Node Type": "Nested Loop",
                "Parent Relationship": "Outer",
                "Parallel Aware": false,
                "Join Type": "Inner",
                "Startup Cost": 62.75,
                "Total Cost": 14658.48,
                "Plan Rows": 857,
                "Plan Width": 0,
                "Actual Startup Time": 3.125,
                "Actual Total Time": 11.234,
                "Actual Rows": 624,
                "Actual Loops": 2,
                "Inner Unique": true,
                "Plans": [
                  {
                    "Node Type": "Bitmap Heap Scan",
                    "Parent Relationship": "Outer",
                    "Parallel Aware": true,
                    "Relation Name": "movie_companies",
                    "Alias": "mc",
                    "Startup Cost": 62.32,
                    "Total Cost": 7741.3,
                    "Plan Rows": 857,
                    "Plan Width": 4,
                    "Actual Startup Time": 2.971,
                    "Actual Total Time": 4.589,
                    "Actual Rows": 624,
                    "Actual Loops": 2,
                    "Recheck Cond": "(company_id = 133)",
                    "Rows Removed by Index Recheck": 0,
                    "Filter": "(company_type_id = 2)",
                    "Rows Removed by Filter": 848,
                    "Exact Heap Blocks": 1447,
                    "Lossy Heap Blocks": 0,
                    "Plans": [
                      {
                        "Node Type": "Bitmap Index Scan",
                        "Parent Relationship": "Outer",
                        "Parallel Aware": false,
                        "Index Name": "company_id_movie_companies",
                        "Startup Cost": 0.0,
                        "Total Cost": 61.95,
                        "Plan Rows": 2870,
                        "Plan Width": 0,
                        "Actual Startup Time": 2.248,
                        "Actual Total Time": 2.249,
                        "Actual Rows": 2945,
                        "Actual Loops": 1,
                        "Index Cond": "(company_id = 133)"
                      }
                    ]
                  },
                  {
                    "Node Type": "Index Only Scan",
                    "Parent Relationship": "Inner",
                    "Parallel Aware": false,
                    "Scan Direction": "Forward",
                    "Index Name": "title_pkey",
                    "Relation Name": "title",
                    "Alias": "t",
                    "Startup Cost": 0.43,
                    "Total Cost": 8.07,
                    "Plan Rows": 1,
                    "Plan Width": 4,
                    "Actual Startup Time": 0.01,
                    "Actual Total Time": 0.01,
                    "Actual Rows": 1,
                    "Actual Loops": 1248,
                    "Index Cond": "(id = mc.movie_id)",
                    "Rows Removed by Index Recheck": 0,
                    "Heap Fetches": 1248
                  }
                ]
              }
            ]
          }
        ]
      }
    ]
  },
  "Planning Time": 0.466,
  "Triggers": [],
  "Execution Time": 22.533
}