[
  {
    "Plan": {
      "Node Type": "Aggregate",
      "Strategy": "Plain",
      "Partial Mode": "Finalize",
      "Parallel Aware": false,
      "Startup Cost": 26546.88,
      "Total Cost": 26546.89,
      "Plan Rows": 1,
      "Plan Width": 8,
      "Actual Startup Time": 34.151,
      "Actual Total Time": 38.493,
      "Actual Rows": 1,
      "Actual Loops": 1,
      "Plans": [
        {
          "Node Type": "Gather",
          "Parent Relationship": "Outer",
          "Parallel Aware": false,
          "Startup Cost": 26546.66,
          "Total Cost": 26546.87,
          "Plan Rows": 2,
          "Plan Width": 8,
          "Actual Startup Time": 34.008,
          "Actual Total Time": 38.485,
          "Actual Rows": 3,
          "Actual Loops": 1,
          "Workers Planned": 2,
          "Workers Launched": 2,
          "Single Copy": false,
          "Plans": [
            {
              "Node Type": "Aggregate",
              "Strategy": "Plain",
              "Partial Mode": "Partial",
              "Parent Relationship": "Outer",
              "Parallel Aware": false,
              "Startup Cost": 25546.66,
              "Total Cost": 25546.67,
              "Plan Rows": 1,
              "Plan Width": 8,
              "Actual Startup Time": 26.489,
              "Actual Total Time": 26.49,
              "Actual Rows": 1,
              "Actual Loops": 3,
              "Plans": [
                {
                  "Node Type": "Nested Loop",
                  "Parent Relationship": "Outer",
                  "Parallel Aware": false,
                  "Join Type": "Inner",
                  "Startup Cost": 99.92,
                  "Total Cost": 25544.82,
                  "Plan Rows": 739,
                  "Plan Width": 0,
                  "Actual Startup Time": 2.473,
                  "Actual Total Time": 26.15,
                  "Actual Rows": 1490,
                  "Actual Loops": 3,
                  "Inner Unique": true,
                  "Plans": [
                    {
                      "Node Type": "Bitmap Heap Scan",
                      "Parent Relationship": "Outer",
                      "Parallel Aware": true,
                      "Relation Name": "movie_keyword",
                      "Alias": "mk",
                      "Startup Cost": 99.49,
                      "Total Cost": 11574.9,
                      "Plan Rows": 1885,
                      "Plan Width": 4,
                      "Actual Startup Time": 2.244,
                      "Actual Total Time": 8.188,
                      "Actual Rows": 1513,
                      "Actual Loops": 3,
                      "Recheck Cond": "(keyword_id = 2762)",
                      "Rows Removed by Index Recheck": 0,
                      "Exact Heap Blocks": 2197,
                      "Lossy Heap Blocks": 0,
                      "Plans": [
                        {
                          "Node Type": "Bitmap Index Scan",
                          "Parent Relationship": "Outer",
                          "Parallel Aware": false,
                          "Index Name": "keyword_id_movie_keyword",
                          "Startup Cost": 0.0,
                          "Total Cost": 98.36,
                          "Plan Rows": 4524,
                          "Plan Width": 0,
                          "Actual Startup Time": 5.046,
                          "Actual Total Time": 5.046,
                          "Actual Rows": 4540,
                          "Actual Loops": 1,
                          "Index Cond": "(keyword_id = 2762)"
                        }
                      ]
                    },
                    {
                      "Node Type": "Index Scan",
                      "Parent Relationship": "Inner",
                      "Parallel Aware": false,
                      "Scan Direction": "Forward",
                      "Index Name": "title_pkey",
                      "Relation Name": "title",
                      "Alias": "t",
                      "Startup Cost": 0.43,
                      "Total Cost": 7.41,
                      "Plan Rows": 1,
                      "Plan Width": 4,
                      "Actual Startup Time": 0.011,
                      "Actual Total Time": 0.011,
                      "Actual Rows": 1,
                      "Actual Loops": 4540,
                      "Index Cond": "(id = mk.movie_id)",
                      "Rows Removed by Index Recheck": 0,
                      "Filter": "(kind_id < 7)",
                      "Rows Removed by Filter": 0
                    }
                  ]
                }
              ]
            }
          ]
        }
      ]
    },
    "Planning Time": 0.607,
    "Triggers": [],
    "Execution Time": 38.58
  }
]