{
  "Plan": {
    "Node Type": "Aggregate",
    "Strategy": "Plain",
    "Partial Mode": "Finalize",
    "Parallel Aware": false,
    "Startup Cost": 79337.69,
    "Total Cost": 79337.7,
    "Plan Rows": 1,
    "Plan Width": 8,
    "Actual Startup Time": 290.255,
    "Actual Total Time": 301.409,
    "Actual Rows": 1,
    "Actual Loops": 1,
    "Plans": [
      {
        "Node Type": "Gather",
        "Parent Relationship": "Outer",
        "Parallel Aware": false,
        "Startup Cost": 79337.57,
        "Total Cost": 79337.68,
        "Plan Rows": 1,
        "Plan Width": 8,
        "Actual Startup Time": 289.6,
        "Actual Total Time": 301.397,
        "Actual Rows": 2,
        "Actual Loops": 1,
        "Workers Planned": 1,
        "Workers Launched": 1,
        "Single Copy": false,
        "Plans": [
          {
            "Node Type": "Aggregate",
            "Strategy": "Plain",
            "Partial Mode": "Partial",
            "Parent Relationship": "Outer",
            "Parallel Aware": false,
            "Startup Cost": 78337.57,
            "Total Cost": 78337.58,
            "Plan Rows": 1,
            "Plan Width": 8,
            "Actual Startup Time": 284.087,
            "Actual Total Time": 284.093,
            "Actual Rows": 1,
            "Actual Loops": 2,
            "Plans": [
              {
                "Node Type": "Hash Join",
                "Parent Relationship": "Outer",
                "Parallel Aware": true,
                "Join Type": "Inner",
                "Startup Cost": 59971.97,
                "Total Cost": 78155.76,
                "Plan Rows": 72727,
                "Plan Width": 0,
                "Actual Startup Time": 169.38,
                "Actual Total Time": 283.178,
                "Actual Rows": 22818,
                "Actual Loops": 2,
                "Inner Unique": true,
                "Hash Cond": "(mi_idx.movie_id = t.id)",
                "Plans": [
                  {
                    "Node Type": "Seq Scan",
                    "Parent Relationship": "Outer",
                    "Parallel Aware": true,
                    "Relation Name": "movie_info_idx",
                    "Alias": "mi_idx",
                    "Startup Cost": 0.0,
                    "Total Cost": 16052.85,
                    "Plan Rows": 811785,
                    "Plan Width": 4,
                    "Actual Startup Time": 0.018,
                    "Actual Total Time": 49.013,
                    "Actual Rows": 690018,
                    "Actual Loops": 2
                  },
                  {
                    "Node Type": "Hash",
                    "Parent Relationship": "Inner",
                    "Parallel Aware": true,
                    "Startup Cost": 58306.47,
                    "Total Cost": 58306.47,
                    "Plan Rows": 133240,
                    "Plan Width": 4,
                    "Actual Startup Time": 165.425,
                    "Actual Total Time": 165.427,
                    "Actual Rows": 64780,
                    "Actual Loops": 2,
                    "Hash Buckets": 262144,
                    "Original Hash Buckets": 262144,
                    "Hash Batches": 1,
                    "Original Hash Batches": 1,
                    "Peak Memory Usage": 7168,
                    "Plans": [
                      {
                        "Node Type": "Seq Scan",
                        "Parent Relationship": "Outer",
                        "Parallel Aware": true,
                        "Relation Name": "title",
                        "Alias": "t",
                        "Startup Cost": 0.0,
                        "Total Cost": 58306.47,
                        "Plan Rows": 133240,
                        "Plan Width": 4,
                        "Actual Startup Time": 0.033,
                        "Actual Total Time": 144.52,
                        "Actual Rows": 64780,
                        "Actual Loops": 2,
                        "Filter": "((kind_id > 4) AND (production_year < 1971))",
                        "Rows Removed by Filter": 1199376
                      }
                    ]
                  }
                ]
              }
            ]
          }
        ]
      }
    ]
  },
  "Planning Time": 0.492,
  "Triggers": [],
  "Execution Time": 301.482
}