{
  "Plan": {
    "Node Type": "Aggregate",
    "Strategy": "Plain",
    "Partial Mode": "Finalize",
    "Parallel Aware": false,
    "Startup Cost": 621396.74,
    "Total Cost": 621396.75,
    "Plan Rows": 1,
    "Plan Width": 8,
    "Actual Startup Time": 3006.237,
    "Actual Total Time": 3073.586,
    "Actual Rows": 1,
    "Actual Loops": 1,
    "Plans": [
      {
        "Node Type": "Gather",
        "Parent Relationship": "Outer",
        "Parallel Aware": false,
        "Startup Cost": 621396.63,
        "Total Cost": 621396.74,
        "Plan Rows": 1,
        "Plan Width": 8,
        "Actual Startup Time": 3006.093,
        "Actual Total Time": 3073.578,
        "Actual Rows": 2,
        "Actual Loops": 1,
        "Workers Planned": 1,
        "Workers Launched": 1,
        "Single Copy": false,
        "Plans": [
          {
            "Node Type": "Aggregate",
            "Strategy": "Plain",
            "Partial Mode": "Partial",
            "Parent Relationship": "Outer",
            "Parallel Aware": false,
            "Startup Cost": 620396.63,
            "Total Cost": 620396.64,
            "Plan Rows": 1,
            "Plan Width": 8,
            "Actual Startup Time": 3000.819,
            "Actual Total Time": 3000.823,
            "Actual Rows": 1,
            "Actual Loops": 2,
            "Plans": [
              {
                "Node Type": "Hash Join",
                "Parent Relationship": "Outer",
                "Parallel Aware": true,
                "Join Type": "Inner",
                "Startup Cost": 58434.27,
                "Total Cost": 620117.64,
                "Plan Rows": 111595,
                "Plan Width": 0,
                "Actual Startup Time": 156.706,
                "Actual Total Time": 2994.408,
                "Actual Rows": 91068,
                "Actual Loops": 2,
                "Inner Unique": true,
                "Hash Cond": "(ci.movie_id = t.id)",
                "Plans": [
                  {
                    "Node Type": "Seq Scan",
                    "Parent Relationship": "Outer",
                    "Parallel Aware": true,
                    "Relation Name": "cast_info",
                    "Alias": "ci",
                    "Startup Cost": 0.0,
                    "Total Cost": 519069.44,
                    "Plan Rows": 16233853,
                    "Plan Width": 4,
                    "Actual Startup Time": 0.017,
                    "Actual Total Time": 1674.119,
                    "Actual Rows": 13845710,
                    "Actual Loops": 2,
                    "Filter": "(person_id < 2831956)",
                    "Rows Removed by Filter": 4276462
                  },
                  {
                    "Node Type": "Hash",
                    "Parent Relationship": "Inner",
                    "Parallel Aware": true,
                    "Startup Cost": 58306.47,
                    "Total Cost": 58306.47,
                    "Plan Rows": 10224,
                    "Plan Width": 4,
                    "Actual Startup Time": 155.927,
                    "Actual Total Time": 155.928,
                    "Actual Rows": 6558,
                    "Actual Loops": 2,
                    "Hash Buckets": 32768,
                    "Original Hash Buckets": 32768,
                    "Hash Batches": 1,
                    "Original Hash Batches": 1,
                    "Peak Memory Usage": 800,
                    "Plans": [
                      {
                        "Node Type": "Seq Scan",
                        "Parent Relationship": "Outer",
                        "Parallel Aware": true,
                        "Relation Name": "title",
                        "Alias": "t",
                        "Startup Cost": 0.0,
                        "Total Cost": 58306.47,
                        "Plan Rows": 10224,
                        "Plan Width": 4,
                        "Actual Startup Time": 0.123,
                        "Actual Total Time": 153.224,
                        "Actual Rows": 6558,
                        "Actual Loops": 2,
                        "Filter": "((kind_id < 4) AND (production_year = 2000))",
                        "Rows Removed by Filter": 1257598
                      }
                    ]
                  }
                ]
              }
            ]
          }
        ]
      }
    ]
  },
  "Planning Time": 0.386,
  "Triggers": [],
  "Execution Time": 3073.648
}