[
  {
    "Plan": {
      "Node Type": "Aggregate",
      "Strategy": "Plain",
      "Partial Mode": "Finalize",
      "Parallel Aware": false,
      "Startup Cost": 85120.77,
      "Total Cost": 85120.78,
      "Plan Rows": 1,
      "Plan Width": 8,
      "Actual Startup Time": 303.278,
      "Actual Total Time": 318.913,
      "Actual Rows": 1,
      "Actual Loops": 1,
      "Plans": [
        {
          "Node Type": "Gather",
          "Parent Relationship": "Outer",
          "Parallel Aware": false,
          "Startup Cost": 85120.46,
          "Total Cost": 85120.77,
          "Plan Rows": 3,
          "Plan Width": 8,
          "Actual Startup Time": 300.13,
          "Actual Total Time": 318.904,
          "Actual Rows": 4,
          "Actual Loops": 1,
          "Workers Planned": 3,
          "Workers Launched": 3,
          "Single Copy": false,
          "Plans": [
            {
              "Node Type": "Aggregate",
              "Strategy": "Plain",
              "Partial Mode": "Partial",
              "Parent Relationship": "Outer",
              "Parallel Aware": false,
              "Startup Cost": 84120.46,
              "Total Cost": 84120.47,
              "Plan Rows": 1,
              "Plan Width": 8,
              "Actual Startup Time": 290.963,
              "Actual Total Time": 290.967,
              "Actual Rows": 1,
              "Actual Loops": 4,
              "Plans": [
                {
                  "Node Type": "Hash Join",
                  "Parent Relationship": "Outer",
                  "Parallel Aware": true,
                  "Join Type": "Inner",
                  "Startup Cost": 56959.34,
                  "Total Cost": 84027.97,
                  "Plan Rows": 36995,
                  "Plan Width": 0,
                  "Actual Startup Time": 192.774,
                  "Actual Total Time": 288.699,
                  "Actual Rows": 41169,
                  "Actual Loops": 4,
                  "Inner Unique": true,
                  "Hash Cond": "(mk.movie_id = t.id)",
                  "Plans": [
                    {
                      "Node Type": "Bitmap Heap Scan",
                      "Parent Relationship": "Outer",
                      "Parallel Aware": true,
                      "Relation Name": "movie_keyword",
                      "Alias": "mk",
                      "Startup Cost": 11369.6,
                      "Total Cost": 37984.45,
                      "Plan Rows": 172868,
                      "Plan Width": 4,
                      "Actual Startup Time": 34.046,
                      "Actual Total Time": 94.464,
                      "Actual Rows": 136338,
                      "Actual Loops": 4,
                      "Recheck Cond": "(keyword_id < 393)",
                      "Rows Removed by Index Recheck": 0,
                      "Exact Heap Blocks": 6839,
                      "Lossy Heap Blocks": 0,
                      "Plans": [
                        {
                          "Node Type": "Bitmap Index Scan",
                          "Parent Relationship": "Outer",
                          "Parallel Aware": false,
                          "Index Name": "keyword_id_movie_keyword",
                          "Startup Cost": 0.0,
                          "Total Cost": 11235.62,
                          "Plan Rows": 535892,
                          "Plan Width": 0,
                          "Actual Startup Time": 30.375,
                          "Actual Total Time": 30.376,
                          "Actual Rows": 545354,
                          "Actual Loops": 1,
                          "Index Cond": "(keyword_id < 393)"
                        }
                      ]
                    },
                    {
                      "Node Type": "Hash",
                      "Parent Relationship": "Inner",
                      "Parallel Aware": true,
                      "Startup Cost": 43898.92,
                      "Total Cost": 43898.92,
                      "Plan Rows": 135266,
                      "Plan Width": 4,
                      "Actual Startup Time": 153.682,
                      "Actual Total Time": 153.682,
                      "Actual Rows": 138240,
                      "Actual Loops": 4,
                      "Hash Buckets": 1048576,
                      "Original Hash Buckets": 1048576,
                      "Hash Batches": 1,
                      "Original Hash Batches": 1,
                      "Peak Memory Usage": 29888,
                      "Plans": [
                        {
                          "Node Type": "Seq Scan",
                          "Parent Relationship": "Outer",
                          "Parallel Aware": true,
                          "Relation Name": "title",
                          "Alias": "t",
                          "Startup Cost": 0.0,
                          "Total Cost": 43898.92,
                          "Plan Rows": 135266,
                          "Plan Width": 4,
                          "Actual Startup Time": 0.045,
                          "Actual Total Time": 99.971,
                          "Actual Rows": 138240,
                          "Actual Loops": 4,
                          "Filter": "(production_year < 1983)",
                          "Rows Removed by Filter": 493838
                        }
                      ]
                    }
                  ]
                }
              ]
            }
          ]
        }
      ]
    },
    "Planning Time": 0.577,
    "Triggers": [],
    "Execution Time": 318.999
  }
]