[
  {
    "Plan": {
      "Node Type": "Aggregate",
      "Strategy": "Plain",
      "Partial Mode": "Finalize",
      "Parallel Aware": false,
      "Startup Cost": 344954.46,
      "Total Cost": 344954.47,
      "Plan Rows": 1,
      "Plan Width": 8,
      "Actual Startup Time": 482.926,
      "Actual Total Time": 518.623,
      "Actual Rows": 1,
      "Actual Loops": 1,
      "Plans": [
        {
          "Node Type": "Gather",
          "Parent Relationship": "Outer",
          "Parallel Aware": false,
          "Startup Cost": 344953.84,
          "Total Cost": 344954.45,
          "Plan Rows": 6,
          "Plan Width": 8,
          "Actual Startup Time": 482.763,
          "Actual Total Time": 518.61,
          "Actual Rows": 7,
          "Actual Loops": 1,
          "Workers Planned": 6,
          "Workers Launched": 6,
          "Single Copy": false,
          "Plans": [
            {
              "Node Type": "Aggregate",
              "Strategy": "Plain",
              "Partial Mode": "Partial",
              "Parent Relationship": "Outer",
              "Parallel Aware": false,
              "Startup Cost": 343953.84,
              "Total Cost": 343953.85,
              "Plan Rows": 1,
              "Plan Width": 8,
              "Actual Startup Time": 472.54,
              "Actual Total Time": 472.542,
              "Actual Rows": 1,
              "Actual Loops": 7,
              "Plans": [
                {
                  "Node Type": "Index Scan",
                  "Parent Relationship": "Outer",
                  "Parallel Aware": true,
                  "Scan Direction": "Forward",
                  "Index Name": "role_id_cast_info",
                  "Relation Name": "cast_info",
                  "Alias": "ci",
                  "Startup Cost": 0.56,
                  "Total Cost": 341155.22,
                  "Plan Rows": 1119447,
                  "Plan Width": 0,
                  "Actual Startup Time": 461.295,
                  "Actual Total Time": 470.352,
                  "Actual Rows": 35171,
                  "Actual Loops": 7,
                  "Index Cond": "(role_id < 2)",
                  "Rows Removed by Index Recheck": 0,
                  "Filter": "(person_id > 1702958)",
                  "Rows Removed by Filter": 1774927
                }
              ]
            }
          ]
        }
      ]
    },
    "Planning Time": 0.1,
    "Triggers": [],
    "Execution Time": 518.671
  }
]