[
  {
    "Plan": {
      "Node Type": "Aggregate",
      "Strategy": "Plain",
      "Partial Mode": "Finalize",
      "Parallel Aware": false,
      "Startup Cost": 44369.43,
      "Total Cost": 44369.44,
      "Plan Rows": 1,
      "Plan Width": 8,
      "Actual Startup Time": 124.397,
      "Actual Total Time": 134.363,
      "Actual Rows": 1,
      "Actual Loops": 1,
      "Plans": [
        {
          "Node Type": "Gather",
          "Parent Relationship": "Outer",
          "Parallel Aware": false,
          "Startup Cost": 44369.11,
          "Total Cost": 44369.42,
          "Plan Rows": 3,
          "Plan Width": 8,
          "Actual Startup Time": 124.26,
          "Actual Total Time": 134.352,
          "Actual Rows": 4,
          "Actual Loops": 1,
          "Workers Planned": 3,
          "Workers Launched": 3,
          "Single Copy": false,
          "Plans": [
            {
              "Node Type": "Aggregate",
              "Strategy": "Plain",
              "Partial Mode": "Partial",
              "Parent Relationship": "Outer",
              "Parallel Aware": false,
              "Startup Cost": 43369.11,
              "Total Cost": 43369.12,
              "Plan Rows": 1,
              "Plan Width": 8,
              "Actual Startup Time": 115.624,
              "Actual Total Time": 115.626,
              "Actual Rows": 1,
              "Actual Loops": 4,
              "Plans": [
                {
                  "Node Type": "Seq Scan",
                  "Parent Relationship": "Outer",
                  "Parallel Aware": true,
                  "Relation Name": "movie_keyword",
                  "Alias": "mk",
                  "Startup Cost": 0.0,
                  "Total Cost": 42695.65,
                  "Plan Rows": 269383,
                  "Plan Width": 0,
                  "Actual Startup Time": 4.916,
                  "Actual Total Time": 105.268,
                  "Actual Rows": 205272,
                  "Actual Loops": 4,
                  "Filter": "(keyword_id > 22335)",
                  "Rows Removed by Filter": 925710
                }
              ]
            }
          ]
        }
      ]
    },
    "Planning Time": 0.181,
    "Triggers": [],
    "Execution Time": 134.42
  }
]