[
  {
    "Plan": {
      "Node Type": "Aggregate",
      "Strategy": "Plain",
      "Partial Mode": "Finalize",
      "Parallel Aware": false,
      "Startup Cost": 397694.05,
      "Total Cost": 397694.06,
      "Plan Rows": 1,
      "Plan Width": 8,
      "Actual Startup Time": 904.923,
      "Actual Total Time": 920.019,
      "Actual Rows": 1,
      "Actual Loops": 1,
      "Plans": [
        {
          "Node Type": "Gather",
          "Parent Relationship": "Outer",
          "Parallel Aware": false,
          "Startup Cost": 397693.73,
          "Total Cost": 397694.04,
          "Plan Rows": 3,
          "Plan Width": 8,
          "Actual Startup Time": 895.689,
          "Actual Total Time": 920.011,
          "Actual Rows": 4,
          "Actual Loops": 1,
          "Workers Planned": 3,
          "Workers Launched": 3,
          "Single Copy": false,
          "Plans": [
            {
              "Node Type": "Aggregate",
              "Strategy": "Plain",
              "Partial Mode": "Partial",
              "Parent Relationship": "Outer",
              "Parallel Aware": false,
              "Startup Cost": 396693.73,
              "Total Cost": 396693.74,
              "Plan Rows": 1,
              "Plan Width": 8,
              "Actual Startup Time": 891.662,
              "Actual Total Time": 892.105,
              "Actual Rows": 1,
              "Actual Loops": 4,
              "Plans": [
                {
                  "Node Type": "Hash Join",
                  "Parent Relationship": "Outer",
                  "Parallel Aware": true,
                  "Join Type": "Inner",
                  "Startup Cost": 350789.69,
                  "Total Cost": 395863.19,
                  "Plan Rows": 332215,
                  "Plan Width": 0,
                  "Actual Startup Time": 658.542,
                  "Actual Total Time": 877.011,
                  "Actual Rows": 335083,
                  "Actual Loops": 4,
                  "Inner Unique": false,
                  "Hash Cond": "(mk.movie_id = t.id)",
                  "Plans": [
                    {
                      "Node Type": "Seq Scan",
                      "Parent Relationship": "Outer",
                      "Parallel Aware": true,
                      "Relation Name": "movie_keyword",
                      "Alias": "mk",
                      "Startup Cost": 0.0,
                      "Total Cost": 39047.32,
                      "Plan Rows": 1459332,
                      "Plan Width": 4,
                      "Actual Startup Time": 0.016,
                      "Actual Total Time": 86.241,
                      "Actual Rows": 1130982,
                      "Actual Loops": 4
                    },
                    {
                      "Node Type": "Hash",
                      "Parent Relationship": "Inner",
                      "Parallel Aware": true,
                      "Startup Cost": 349590.59,
                      "Total Cost": 349590.59,
                      "Plan Rows": 95928,
                      "Plan Width": 8,
                      "Actual Startup Time": 655.9,
                      "Actual Total Time": 656.341,
                      "Actual Rows": 205295,
                      "Actual Loops": 4,
                      "Hash Buckets": 1048576,
                      "Original Hash Buckets": 1048576,
                      "Hash Batches": 1,
                      "Original Hash Batches": 1,
                      "Peak Memory Usage": 40384,
                      "Plans": [
                        {
                          "Node Type": "Hash Join",
                          "Parent Relationship": "Outer",
                          "Parallel Aware": true,
                          "Join Type": "Inner",
                          "Startup Cost": 91534.24,
                          "Total Cost": 349590.59,
                          "Plan Rows": 95928,
                          "Plan Width": 8,
                          "Actual Startup Time": 320.142,
                          "Actual Total Time": 582.279,
                          "Actual Rows": 205295,
                          "Actual Loops": 4,
                          "Inner Unique": true,
                          "Hash Cond": "(ci.movie_id = t.id)",
                          "Plans": [
                            {
                              "Node Type": "Bitmap Heap Scan",
                              "Parent Relationship": "Outer",
                              "Parallel Aware": true,
                              "Relation Name": "cast_info",
                              "Alias": "ci",
                              "Startup Cost": 42416.6,
                              "Total Cost": 299926.12,
                              "Plan Rows": 208312,
                              "Plan Width": 4,
                              "Actual Startup Time": 102.839,
                              "Actual Total Time": 211.052,
                              "Actual Rows": 508471,
                              "Actual Loops": 4,
                              "Recheck Cond": "(person_id > 3663103)",
                              "Rows Removed by Index Recheck": 0,
                              "Filter": "(role_id > 1)",
                              "Rows Removed by Filter": 0,
                              "Exact Heap Blocks": 6788,
                              "Lossy Heap Blocks": 0,
                              "Plans": [
                                {
                                  "Node Type": "Bitmap Index Scan",
                                  "Parent Relationship": "Outer",
                                  "Parallel Aware": false,
                                  "Index Name": "person_id_cast_info",
                                  "Startup Cost": 0.0,
                                  "Total Cost": 42104.13,
                                  "Plan Rows": 1929009,
                                  "Plan Width": 0,
                                  "Actual Startup Time": 95.081,
                                  "Actual Total Time": 95.081,
                                  "Actual Rows": 2033884,
                                  "Actual Loops": 1,
                                  "Index Cond": "(person_id > 3663103)"
                                }
                              ]
                            },
                            {
                              "Node Type": "Hash",
                              "Parent Relationship": "Inner",
                              "Parallel Aware": true,
                              "Startup Cost": 45479.21,
                              "Total Cost": 45479.21,
                              "Plan Rows": 291075,
                              "Plan Width": 4,
                              "Actual Startup Time": 213.13,
                              "Actual Total Time": 213.131,
                              "Actual Rows": 282226,
                              "Actual Loops": 4,
                              "Hash Buckets": 2097152,
                              "Original Hash Buckets": 2097152,
                              "Hash Batches": 1,
                              "Original Hash Batches": 1,
                              "Peak Memory Usage": 60608,
                              "Plans": [
                                {
                                  "Node Type": "Seq Scan",
                                  "Parent Relationship": "Outer",
                                  "Parallel Aware": true,
                                  "Relation Name": "title",
                                  "Alias": "t",
                                  "Startup Cost": 0.0,
                                  "Total Cost": 45479.21,
                                  "Plan Rows": 291075,
                                  "Plan Width": 4,
                                  "Actual Startup Time": 0.019,
                                  "Actual Total Time": 103.005,
                                  "Actual Rows": 282226,
                                  "Actual Loops": 4,
                                  "Filter": "((production_year < 2010) AND (kind_id = 7))",
                                  "Rows Removed by Filter": 349852
                                }
                              ]
                            }
                          ]
                        }
                      ]
                    }
                  ]
                }
              ]
            }
          ]
        }
      ]
    },
    "Planning Time": 0.62,
    "Triggers": [],
    "Execution Time": 920.077
  }
]