[
    {
        "Bao": {
            "Bao prediction": "NaN",
            "Bao recommended hint": "(no hint)"
        }
    },
    {
        "Plan": {
            "Node Type": "Aggregate",
            "Strategy": "Plain",
            "Partial Mode": "Simple",
            "Parallel Aware": false,
            "Startup Cost": 27090.72,
            "Total Cost": 27090.73,
            "Plan Rows": 1,
            "Plan Width": 8,
            "Actual Startup Time": 66.282,
            "Actual Total Time": 66.283,
            "Actual Rows": 1,
            "Actual Loops": 1,
            "Output": [
                "count(*)"
            ],
            "Plans": [
                {
                    "Node Type": "Bitmap Heap Scan",
                    "Parent Relationship": "Outer",
                    "Parallel Aware": false,
                    "Relation Name": "movie_keyword",
                    "Schema": "public",
                    "Alias": "mk",
                    "Startup Cost": 1544.66,
                    "Total Cost": 26908.71,
                    "Plan Rows": 72804,
                    "Plan Width": 0,
                    "Actual Startup Time": 23.356,
                    "Actual Total Time": 62.157,
                    "Actual Rows": 69147,
                    "Actual Loops": 1,
                    "Recheck Cond": "(mk.keyword_id < 62)",
                    "Rows Removed by Index Recheck": 0,
                    "Exact Heap Blocks": 18969,
                    "Lossy Heap Blocks": 0,
                    "Plans": [
                        {
                            "Node Type": "Bitmap Index Scan",
                            "Parent Relationship": "Outer",
                            "Parallel Aware": false,
                            "Index Name": "keyword_id_movie_keyword",
                            "Startup Cost": 0.0,
                            "Total Cost": 1526.46,
                            "Plan Rows": 72804,
                            "Plan Width": 0,
                            "Actual Startup Time": 16.61,
                            "Actual Total Time": 16.611,
                            "Actual Rows": 69147,
                            "Actual Loops": 1,
                            "Index Cond": "(mk.keyword_id < 62)"
                        }
                    ]
                }
            ]
        },
        "Planning Time": 184.548,
        "Triggers": [],
        "Execution Time": 66.356
    }
]