[
    {
        "Bao": {
            "Bao prediction": 615.94,
            "Bao recommended hint": "(no hint)"
        }
    },
    {
        "Plan": {
            "Node Type": "Aggregate",
            "Strategy": "Plain",
            "Partial Mode": "Simple",
            "Parallel Aware": false,
            "Startup Cost": 28068.54,
            "Total Cost": 28068.55,
            "Plan Rows": 1,
            "Plan Width": 8,
            "Actual Startup Time": 78.347,
            "Actual Total Time": 78.349,
            "Actual Rows": 1,
            "Actual Loops": 1,
            "Output": [
                "count(*)"
            ],
            "Plans": [
                {
                    "Node Type": "Bitmap Heap Scan",
                    "Parent Relationship": "Outer",
                    "Parallel Aware": false,
                    "Relation Name": "movie_keyword",
                    "Schema": "public",
                    "Alias": "mk",
                    "Startup Cost": 2117.77,
                    "Total Cost": 27819.08,
                    "Plan Rows": 99785,
                    "Plan Width": 0,
                    "Actual Startup Time": 31.848,
                    "Actual Total Time": 73.535,
                    "Actual Rows": 102400,
                    "Actual Loops": 1,
                    "Recheck Cond": "(mk.keyword_id < 103)",
                    "Rows Removed by Index Recheck": 0,
                    "Exact Heap Blocks": 21851,
                    "Lossy Heap Blocks": 0,
                    "Plans": [
                        {
                            "Node Type": "Bitmap Index Scan",
                            "Parent Relationship": "Outer",
                            "Parallel Aware": false,
                            "Index Name": "keyword_id_movie_keyword",
                            "Startup Cost": 0.0,
                            "Total Cost": 2092.82,
                            "Plan Rows": 99785,
                            "Plan Width": 0,
                            "Actual Startup Time": 25.757,
                            "Actual Total Time": 25.758,
                            "Actual Rows": 102400,
                            "Actual Loops": 1,
                            "Index Cond": "(mk.keyword_id < 103)"
                        }
                    ]
                }
            ]
        },
        "Planning Time": 1258.503,
        "Triggers": [],
        "Execution Time": 78.52
    }
]