[
    {
        "Bao": {
            "Bao prediction": "NaN",
            "Bao recommended hint": "(no hint)"
        }
    },
    {
        "Plan": {
            "Node Type": "Aggregate",
            "Strategy": "Plain",
            "Partial Mode": "Finalize",
            "Parallel Aware": false,
            "Startup Cost": 32793.97,
            "Total Cost": 32793.98,
            "Plan Rows": 1,
            "Plan Width": 8,
            "Actual Startup Time": 86.502,
            "Actual Total Time": 91.927,
            "Actual Rows": 1,
            "Actual Loops": 1,
            "Output": [
                "count(*)"
            ],
            "Plans": [
                {
                    "Node Type": "Gather",
                    "Parent Relationship": "Outer",
                    "Parallel Aware": false,
                    "Startup Cost": 32793.65,
                    "Total Cost": 32793.96,
                    "Plan Rows": 3,
                    "Plan Width": 8,
                    "Actual Startup Time": 86.371,
                    "Actual Total Time": 91.92,
                    "Actual Rows": 4,
                    "Actual Loops": 1,
                    "Output": [
                        "(PARTIAL count(*))"
                    ],
                    "Workers Planned": 3,
                    "Workers Launched": 3,
                    "Single Copy": false,
                    "Plans": [
                        {
                            "Node Type": "Aggregate",
                            "Strategy": "Plain",
                            "Partial Mode": "Partial",
                            "Parent Relationship": "Outer",
                            "Parallel Aware": false,
                            "Startup Cost": 31793.65,
                            "Total Cost": 31793.66,
                            "Plan Rows": 1,
                            "Plan Width": 8,
                            "Actual Startup Time": 78.426,
                            "Actual Total Time": 78.427,
                            "Actual Rows": 1,
                            "Actual Loops": 4,
                            "Output": [
                                "PARTIAL count(*)"
                            ],
                            "Workers": [
                                {
                                    "Worker Number": 0,
                                    "Actual Startup Time": 75.742,
                                    "Actual Total Time": 75.743,
                                    "Actual Rows": 1,
                                    "Actual Loops": 1
                                },
                                {
                                    "Worker Number": 1,
                                    "Actual Startup Time": 75.887,
                                    "Actual Total Time": 75.888,
                                    "Actual Rows": 1,
                                    "Actual Loops": 1
                                },
                                {
                                    "Worker Number": 2,
                                    "Actual Startup Time": 76.04,
                                    "Actual Total Time": 76.041,
                                    "Actual Rows": 1,
                                    "Actual Loops": 1
                                }
                            ],
                            "Plans": [
                                {
                                    "Node Type": "Seq Scan",
                                    "Parent Relationship": "Outer",
                                    "Parallel Aware": true,
                                    "Relation Name": "movie_companies",
                                    "Schema": "public",
                                    "Alias": "mc",
                                    "Startup Cost": 0.0,
                                    "Total Cost": 31414.82,
                                    "Plan Rows": 151532,
                                    "Plan Width": 0,
                                    "Actual Startup Time": 18.225,
                                    "Actual Total Time": 76.011,
                                    "Actual Rows": 39592,
                                    "Actual Loops": 4,
                                    "Output": [
                                        "id",
                                        "movie_id",
                                        "company_id",
                                        "company_type_id",
                                        "note"
                                    ],
                                    "Filter": "((mc.company_id > 18036) AND (mc.company_type_id < 2))",
                                    "Rows Removed by Filter": 612690,
                                    "Workers": [
                                        {
                                            "Worker Number": 0,
                                            "Actual Startup Time": 15.546,
                                            "Actual Total Time": 73.448,
                                            "Actual Rows": 28197,
                                            "Actual Loops": 1
                                        },
                                        {
                                            "Worker Number": 1,
                                            "Actual Startup Time": 15.707,
                                            "Actual Total Time": 73.59,
                                            "Actual Rows": 33563,
                                            "Actual Loops": 1
                                        },
                                        {
                                            "Worker Number": 2,
                                            "Actual Startup Time": 15.826,
                                            "Actual Total Time": 73.746,
                                            "Actual Rows": 29828,
                                            "Actual Loops": 1
                                        }
                                    ]
                                }
                            ]
                        }
                    ]
                }
            ]
        },
        "Planning Time": 180.682,
        "Triggers": [],
        "Execution Time": 91.979
    }
]