{
  "Plan": {
    "Node Type": "Aggregate",
    "Strategy": "Plain",
    "Partial Mode": "Finalize",
    "Parallel Aware": false,
    "Startup Cost": 165423.53,
    "Total Cost": 165423.54,
    "Plan Rows": 1,
    "Plan Width": 8,
    "Actual Startup Time": 1356.709,
    "Actual Total Time": 1385.942,
    "Actual Rows": 1,
    "Actual Loops": 1,
    "Plans": [
      {
        "Node Type": "Gather",
        "Parent Relationship": "Outer",
        "Parallel Aware": false,
        "Startup Cost": 165423.42,
        "Total Cost": 165423.53,
        "Plan Rows": 1,
        "Plan Width": 8,
        "Actual Startup Time": 1349.652,
        "Actual Total Time": 1385.932,
        "Actual Rows": 2,
        "Actual Loops": 1,
        "Workers Planned": 1,
        "Workers Launched": 1,
        "Single Copy": false,
        "Plans": [
          {
            "Node Type": "Aggregate",
            "Strategy": "Plain",
            "Partial Mode": "Partial",
            "Parent Relationship": "Outer",
            "Parallel Aware": false,
            "Startup Cost": 164423.42,
            "Total Cost": 164423.43,
            "Plan Rows": 1,
            "Plan Width": 8,
            "Actual Startup Time": 1343.648,
            "Actual Total Time": 1343.948,
            "Actual Rows": 1,
            "Actual Loops": 2,
            "Plans": [
              {
                "Node Type": "Hash Join",
                "Parent Relationship": "Outer",
                "Parallel Aware": true,
                "Join Type": "Inner",
                "Startup Cost": 117681.9,
                "Total Cost": 163483.84,
                "Plan Rows": 375833,
                "Plan Width": 0,
                "Actual Startup Time": 812.851,
                "Actual Total Time": 1247.215,
                "Actual Rows": 2457646,
                "Actual Loops": 2,
                "Inner Unique": false,
                "Hash Cond": "(mc.movie_id = t.id)",
                "Plans": [
                  {
                    "Node Type": "Seq Scan",
                    "Parent Relationship": "Outer",
                    "Parallel Aware": true,
                    "Relation Name": "movie_companies",
                    "Alias": "mc",
                    "Startup Cost": 0.0,
                    "Total Cost": 37974.77,
                    "Plan Rows": 1497702,
                    "Plan Width": 4,
                    "Actual Startup Time": 0.022,
                    "Actual Total Time": 129.953,
                    "Actual Rows": 1274394,
                    "Actual Loops": 2,
                    "Filter": "(company_id < 183590)",
                    "Rows Removed by Filter": 30170
                  },
                  {
                    "Node Type": "Hash",
                    "Parent Relationship": "Inner",
                    "Parallel Aware": true,
                    "Startup Cost": 113016.84,
                    "Total Cost": 113016.84,
                    "Plan Rows": 373205,
                    "Plan Width": 8,
                    "Actual Startup Time": 793.725,
                    "Actual Total Time": 794.023,
                    "Actual Rows": 308020,
                    "Actual Loops": 2,
                    "Hash Buckets": 1048576,
                    "Original Hash Buckets": 1048576,
                    "Hash Batches": 1,
                    "Original Hash Batches": 1,
                    "Peak Memory Usage": 32320,
                    "Plans": [
                      {
                        "Node Type": "Hash Join",
                        "Parent Relationship": "Outer",
                        "Parallel Aware": true,
                        "Join Type": "Inner",
                        "Startup Cost": 82918.11,
                        "Total Cost": 113016.84,
                        "Plan Rows": 373205,
                        "Plan Width": 8,
                        "Actual Startup Time": 563.665,
                        "Actual Total Time": 722.501,
                        "Actual Rows": 308020,
                        "Actual Loops": 2,
                        "Inner Unique": true,
                        "Hash Cond": "(mk.movie_id = t.id)",
                        "Plans": [
                          {
                            "Node Type": "Bitmap Heap Scan",
                            "Parent Relationship": "Outer",
                            "Parallel Aware": true,
                            "Relation Name": "movie_keyword",
                            "Alias": "mk",
                            "Startup Cost": 13457.41,
                            "Total Cost": 42576.48,
                            "Plan Rows": 373205,
                            "Plan Width": 4,
                            "Actual Startup Time": 36.629,
                            "Actual Total Time": 111.656,
                            "Actual Rows": 308020,
                            "Actual Loops": 2,
                            "Recheck Cond": "(keyword_id > 29604)",
                            "Rows Removed by Index Recheck": 0,
                            "Exact Heap Blocks": 12835,
                            "Lossy Heap Blocks": 0,
                            "Plans": [
                              {
                                "Node Type": "Bitmap Index Scan",
                                "Parent Relationship": "Outer",
                                "Parallel Aware": false,
                                "Index Name": "keyword_id_movie_keyword",
                                "Startup Cost": 0.0,
                                "Total Cost": 13298.8,
                                "Plan Rows": 634449,
                                "Plan Width": 0,
                                "Actual Startup Time": 33.173,
                                "Actual Total Time": 33.174,
                                "Actual Rows": 616039,
                                "Actual Loops": 1,
                                "Index Cond": "(keyword_id > 29604)"
                              }
                            ]
                          },
                          {
                            "Node Type": "Hash",
                            "Parent Relationship": "Inner",
                            "Parallel Aware": true,
                            "Startup Cost": 50870.31,
                            "Total Cost": 50870.31,
                            "Plan Rows": 1487231,
                            "Plan Width": 4,
                            "Actual Startup Time": 511.032,
                            "Actual Total Time": 511.032,
                            "Actual Rows": 1264156,
                            "Actual Loops": 2,
                            "Hash Buckets": 4194304,
                            "Original Hash Buckets": 4194304,
                            "Hash Batches": 1,
                            "Original Hash Batches": 1,
                            "Peak Memory Usage": 131712,
                            "Plans": [
                              {
                                "Node Type": "Seq Scan",
                                "Parent Relationship": "Outer",
                                "Parallel Aware": true,
                                "Relation Name": "title",
                                "Alias": "t",
                                "Startup Cost": 0.0,
                                "Total Cost": 50870.31,
                                "Plan Rows": 1487231,
                                "Plan Width": 4,
                                "Actual Startup Time": 0.035,
                                "Actual Total Time": 156.159,
                                "Actual Rows": 1264156,
                                "Actual Loops": 2
                              }
                            ]
                          }
                        ]
                      }
                    ]
                  }
                ]
              }
            ]
          }
        ]
      }
    ]
  },
  "Planning Time": 0.99,
  "Triggers": [],
  "Execution Time": 1386.042
}