[
  {
    "Plan": {
      "Node Type": "Aggregate",
      "Strategy": "Plain",
      "Partial Mode": "Finalize",
      "Parallel Aware": false,
      "Startup Cost": 339165.84,
      "Total Cost": 339165.85,
      "Plan Rows": 1,
      "Plan Width": 8,
      "Actual Startup Time": 768.264,
      "Actual Total Time": 824.971,
      "Actual Rows": 1,
      "Actual Loops": 1,
      "Plans": [
        {
          "Node Type": "Gather",
          "Parent Relationship": "Outer",
          "Parallel Aware": false,
          "Startup Cost": 339165.22,
          "Total Cost": 339165.83,
          "Plan Rows": 6,
          "Plan Width": 8,
          "Actual Startup Time": 768.139,
          "Actual Total Time": 824.962,
          "Actual Rows": 7,
          "Actual Loops": 1,
          "Workers Planned": 6,
          "Workers Launched": 6,
          "Single Copy": false,
          "Plans": [
            {
              "Node Type": "Aggregate",
              "Strategy": "Plain",
              "Partial Mode": "Partial",
              "Parent Relationship": "Outer",
              "Parallel Aware": false,
              "Startup Cost": 338165.22,
              "Total Cost": 338165.23,
              "Plan Rows": 1,
              "Plan Width": 8,
              "Actual Startup Time": 759.598,
              "Actual Total Time": 759.599,
              "Actual Rows": 1,
              "Actual Loops": 7,
              "Plans": [
                {
                  "Node Type": "Seq Scan",
                  "Parent Relationship": "Outer",
                  "Parallel Aware": true,
                  "Relation Name": "cast_info",
                  "Alias": "ci",
                  "Startup Cost": 0.0,
                  "Total Cost": 328162.03,
                  "Plan Rows": 4001276,
                  "Plan Width": 0,
                  "Actual Startup Time": 135.893,
                  "Actual Total Time": 610.879,
                  "Actual Rows": 3434670,
                  "Actual Loops": 7,
                  "Filter": "(person_id > 1201510)",
                  "Rows Removed by Filter": 1743094
                }
              ]
            }
          ]
        }
      ]
    },
    "Planning Time": 0.196,
    "Triggers": [],
    "Execution Time": 825.046
  }
]