[
  {
    "Plan": {
      "Node Type": "Aggregate",
      "Strategy": "Plain",
      "Partial Mode": "Finalize",
      "Parallel Aware": false,
      "Startup Cost": 47225.19,
      "Total Cost": 47225.2,
      "Plan Rows": 1,
      "Plan Width": 8,
      "Actual Startup Time": 182.831,
      "Actual Total Time": 189.518,
      "Actual Rows": 1,
      "Actual Loops": 1,
      "Plans": [
        {
          "Node Type": "Gather",
          "Parent Relationship": "Outer",
          "Parallel Aware": false,
          "Startup Cost": 47224.87,
          "Total Cost": 47225.18,
          "Plan Rows": 3,
          "Plan Width": 8,
          "Actual Startup Time": 182.72,
          "Actual Total Time": 189.51,
          "Actual Rows": 4,
          "Actual Loops": 1,
          "Workers Planned": 3,
          "Workers Launched": 3,
          "Single Copy": false,
          "Plans": [
            {
              "Node Type": "Aggregate",
              "Strategy": "Plain",
              "Partial Mode": "Partial",
              "Parent Relationship": "Outer",
              "Parallel Aware": false,
              "Startup Cost": 46224.87,
              "Total Cost": 46224.88,
              "Plan Rows": 1,
              "Plan Width": 8,
              "Actual Startup Time": 177.774,
              "Actual Total Time": 177.775,
              "Actual Rows": 1,
              "Actual Loops": 4,
              "Plans": [
                {
                  "Node Type": "Seq Scan",
                  "Parent Relationship": "Outer",
                  "Parallel Aware": true,
                  "Relation Name": "movie_keyword",
                  "Alias": "mk",
                  "Startup Cost": 0.0,
                  "Total Cost": 42695.65,
                  "Plan Rows": 1411688,
                  "Plan Width": 0,
                  "Actual Startup Time": 0.031,
                  "Actual Total Time": 125.214,
                  "Actual Rows": 1093852,
                  "Actual Loops": 4,
                  "Filter": "(keyword_id < 74042)",
                  "Rows Removed by Filter": 37131
                }
              ]
            }
          ]
        }
      ]
    },
    "Planning Time": 0.083,
    "Triggers": [],
    "Execution Time": 189.544
  }
]