[
  {
    "Plan": {
      "Node Type": "Aggregate",
      "Strategy": "Plain",
      "Partial Mode": "Finalize",
      "Parallel Aware": false,
      "Startup Cost": 47562.98,
      "Total Cost": 47562.99,
      "Plan Rows": 1,
      "Plan Width": 8,
      "Actual Startup Time": 145.735,
      "Actual Total Time": 160.693,
      "Actual Rows": 1,
      "Actual Loops": 1,
      "Plans": [
        {
          "Node Type": "Gather",
          "Parent Relationship": "Outer",
          "Parallel Aware": false,
          "Startup Cost": 47562.56,
          "Total Cost": 47562.97,
          "Plan Rows": 4,
          "Plan Width": 8,
          "Actual Startup Time": 145.571,
          "Actual Total Time": 160.683,
          "Actual Rows": 5,
          "Actual Loops": 1,
          "Workers Planned": 4,
          "Workers Launched": 4,
          "Single Copy": false,
          "Plans": [
            {
              "Node Type": "Aggregate",
              "Strategy": "Plain",
              "Partial Mode": "Partial",
              "Parent Relationship": "Outer",
              "Parallel Aware": false,
              "Startup Cost": 46562.56,
              "Total Cost": 46562.57,
              "Plan Rows": 1,
              "Plan Width": 8,
              "Actual Startup Time": 137.689,
              "Actual Total Time": 137.69,
              "Actual Rows": 1,
              "Actual Loops": 5,
              "Plans": [
                {
                  "Node Type": "Seq Scan",
                  "Parent Relationship": "Outer",
                  "Parallel Aware": true,
                  "Relation Name": "title",
                  "Alias": "t",
                  "Startup Cost": 0.0,
                  "Total Cost": 45479.1,
                  "Plan Rows": 433386,
                  "Plan Width": 0,
                  "Actual Startup Time": 0.04,
                  "Actual Total Time": 114.03,
                  "Actual Rows": 359981,
                  "Actual Loops": 5,
                  "Filter": "((kind_id > 1) AND (production_year > 1927))",
                  "Rows Removed by Filter": 145682
                }
              ]
            }
          ]
        }
      ]
    },
    "Planning Time": 0.256,
    "Triggers": [],
    "Execution Time": 160.763
  }
]