[
  {
    "Plan": {
      "Node Type": "Aggregate",
      "Strategy": "Plain",
      "Partial Mode": "Finalize",
      "Parallel Aware": false,
      "Startup Cost": 445089.39,
      "Total Cost": 445089.4,
      "Plan Rows": 1,
      "Plan Width": 8,
      "Actual Startup Time": 2673.675,
      "Actual Total Time": 2732.293,
      "Actual Rows": 1,
      "Actual Loops": 1,
      "Plans": [
        {
          "Node Type": "Gather",
          "Parent Relationship": "Outer",
          "Parallel Aware": false,
          "Startup Cost": 445088.76,
          "Total Cost": 445089.37,
          "Plan Rows": 6,
          "Plan Width": 8,
          "Actual Startup Time": 2659.882,
          "Actual Total Time": 2732.278,
          "Actual Rows": 7,
          "Actual Loops": 1,
          "Workers Planned": 6,
          "Workers Launched": 6,
          "Single Copy": false,
          "Plans": [
            {
              "Node Type": "Aggregate",
              "Strategy": "Plain",
              "Partial Mode": "Partial",
              "Parent Relationship": "Outer",
              "Parallel Aware": false,
              "Startup Cost": 444088.76,
              "Total Cost": 444088.77,
              "Plan Rows": 1,
              "Plan Width": 8,
              "Actual Startup Time": 2648.803,
              "Actual Total Time": 2649.035,
              "Actual Rows": 1,
              "Actual Loops": 7,
              "Plans": [
                {
                  "Node Type": "Hash Join",
                  "Parent Relationship": "Outer",
                  "Parallel Aware": true,
                  "Join Type": "Inner",
                  "Startup Cost": 93294.57,
                  "Total Cost": 440725.39,
                  "Plan Rows": 1345348,
                  "Plan Width": 0,
                  "Actual Startup Time": 329.409,
                  "Actual Total Time": 2267.333,
                  "Actual Rows": 9174547,
                  "Actual Loops": 7,
                  "Inner Unique": false,
                  "Hash Cond": "(ci.movie_id = t.id)",
                  "Plans": [
                    {
                      "Node Type": "Seq Scan",
                      "Parent Relationship": "Outer",
                      "Parallel Aware": true,
                      "Relation Name": "cast_info",
                      "Alias": "ci",
                      "Startup Cost": 0.0,
                      "Total Cost": 328162.03,
                      "Plan Rows": 3981056,
                      "Plan Width": 4,
                      "Actual Startup Time": 0.017,
                      "Actual Total Time": 648.226,
                      "Actual Rows": 3447243,
                      "Actual Loops": 7,
                      "Filter": "(role_id < 4)",
                      "Rows Removed by Filter": 1730521
                    },
                    {
                      "Node Type": "Hash",
                      "Parent Relationship": "Inner",
                      "Parallel Aware": true,
                      "Startup Cost": 89849.38,
                      "Total Cost": 89849.38,
                      "Plan Rows": 275615,
                      "Plan Width": 8,
                      "Actual Startup Time": 325.99,
                      "Actual Total Time": 326.22,
                      "Actual Rows": 223645,
                      "Actual Loops": 7,
                      "Hash Buckets": 2097152,
                      "Original Hash Buckets": 1048576,
                      "Hash Batches": 1,
                      "Original Hash Batches": 1,
                      "Peak Memory Usage": 85952,
                      "Plans": [
                        {
                          "Node Type": "Hash Join",
                          "Parent Relationship": "Outer",
                          "Parallel Aware": true,
                          "Join Type": "Inner",
                          "Startup Cost": 46971.3,
                          "Total Cost": 89849.38,
                          "Plan Rows": 275615,
                          "Plan Width": 8,
                          "Actual Startup Time": 124.218,
                          "Actual Total Time": 240.121,
                          "Actual Rows": 223645,
                          "Actual Loops": 7,
                          "Inner Unique": true,
                          "Hash Cond": "(mk.movie_id = t.id)",
                          "Plans": [
                            {
                              "Node Type": "Seq Scan",
                              "Parent Relationship": "Outer",
                              "Parallel Aware": true,
                              "Relation Name": "movie_keyword",
                              "Alias": "mk",
                              "Startup Cost": 0.0,
                              "Total Cost": 39047.32,
                              "Plan Rows": 1459332,
                              "Plan Width": 4,
                              "Actual Startup Time": 0.023,
                              "Actual Total Time": 58.395,
                              "Actual Rows": 646276,
                              "Actual Loops": 7
                            },
                            {
                              "Node Type": "Hash",
                              "Parent Relationship": "Inner",
                              "Parallel Aware": true,
                              "Startup Cost": 45479.1,
                              "Total Cost": 45479.1,
                              "Plan Rows": 119376,
                              "Plan Width": 4,
                              "Actual Startup Time": 100.999,
                              "Actual Total Time": 101.0,
                              "Actual Rows": 50078,
                              "Actual Loops": 7,
                              "Hash Buckets": 524288,
                              "Original Hash Buckets": 524288,
                              "Hash Batches": 1,
                              "Original Hash Batches": 1,
                              "Peak Memory Usage": 17952,
                              "Plans": [
                                {
                                  "Node Type": "Seq Scan",
                                  "Parent Relationship": "Outer",
                                  "Parallel Aware": true,
                                  "Relation Name": "title",
                                  "Alias": "t",
                                  "Startup Cost": 0.0,
                                  "Total Cost": 45479.1,
                                  "Plan Rows": 119376,
                                  "Plan Width": 4,
                                  "Actual Startup Time": 45.086,
                                  "Actual Total Time": 79.561,
                                  "Actual Rows": 50078,
                                  "Actual Loops": 7,
                                  "Filter": "((production_year > 1987) AND (kind_id = 1))",
                                  "Rows Removed by Filter": 311110
                                }
                              ]
                            }
                          ]
                        }
                      ]
                    }
                  ]
                }
              ]
            }
          ]
        }
      ]
    },
    "Planning Time": 1.313,
    "Triggers": [],
    "Execution Time": 2732.394
  }
]