{
  "Plan": {
    "Node Type": "Aggregate",
    "Strategy": "Plain",
    "Partial Mode": "Finalize",
    "Parallel Aware": false,
    "Startup Cost": 130077.29,
    "Total Cost": 130077.3,
    "Plan Rows": 1,
    "Plan Width": 8,
    "Actual Startup Time": 709.348,
    "Actual Total Time": 725.413,
    "Actual Rows": 1,
    "Actual Loops": 1,
    "Plans": [
      {
        "Node Type": "Gather",
        "Parent Relationship": "Outer",
        "Parallel Aware": false,
        "Startup Cost": 130077.17,
        "Total Cost": 130077.28,
        "Plan Rows": 1,
        "Plan Width": 8,
        "Actual Startup Time": 707.717,
        "Actual Total Time": 725.406,
        "Actual Rows": 2,
        "Actual Loops": 1,
        "Workers Planned": 1,
        "Workers Launched": 1,
        "Single Copy": false,
        "Plans": [
          {
            "Node Type": "Aggregate",
            "Strategy": "Plain",
            "Partial Mode": "Partial",
            "Parent Relationship": "Outer",
            "Parallel Aware": false,
            "Startup Cost": 129077.17,
            "Total Cost": 129077.18,
            "Plan Rows": 1,
            "Plan Width": 8,
            "Actual Startup Time": 701.787,
            "Actual Total Time": 701.791,
            "Actual Rows": 1,
            "Actual Loops": 2,
            "Plans": [
              {
                "Node Type": "Hash Join",
                "Parent Relationship": "Outer",
                "Parallel Aware": true,
                "Join Type": "Inner",
                "Startup Cost": 64713.69,
                "Total Cost": 127434.96,
                "Plan Rows": 656884,
                "Plan Width": 0,
                "Actual Startup Time": 298.438,
                "Actual Total Time": 695.12,
                "Actual Rows": 134782,
                "Actual Loops": 2,
                "Inner Unique": true,
                "Hash Cond": "(mk.movie_id = t.id)",
                "Plans": [
                  {
                    "Node Type": "Seq Scan",
                    "Parent Relationship": "Outer",
                    "Parallel Aware": true,
                    "Relation Name": "movie_keyword",
                    "Alias": "mk",
                    "Startup Cost": 0.0,
                    "Total Cost": 57718.19,
                    "Plan Rows": 1905931,
                    "Plan Width": 4,
                    "Actual Startup Time": 0.145,
                    "Actual Total Time": 224.554,
                    "Actual Rows": 1615238,
                    "Actual Loops": 2,
                    "Filter": "(keyword_id > 1679)",
                    "Rows Removed by Filter": 646728
                  },
                  {
                    "Node Type": "Hash",
                    "Parent Relationship": "Inner",
                    "Parallel Aware": true,
                    "Startup Cost": 58306.47,
                    "Total Cost": 58306.47,
                    "Plan Rows": 512578,
                    "Plan Width": 4,
                    "Actual Startup Time": 289.185,
                    "Actual Total Time": 289.186,
                    "Actual Rows": 400756,
                    "Actual Loops": 2,
                    "Hash Buckets": 1048576,
                    "Original Hash Buckets": 1048576,
                    "Hash Batches": 1,
                    "Original Hash Batches": 1,
                    "Peak Memory Usage": 39552,
                    "Plans": [
                      {
                        "Node Type": "Seq Scan",
                        "Parent Relationship": "Outer",
                        "Parallel Aware": true,
                        "Relation Name": "title",
                        "Alias": "t",
                        "Startup Cost": 0.0,
                        "Total Cost": 58306.47,
                        "Plan Rows": 512578,
                        "Plan Width": 4,
                        "Actual Startup Time": 0.035,
                        "Actual Total Time": 181.797,
                        "Actual Rows": 400756,
                        "Actual Loops": 2,
                        "Filter": "((production_year < 2006) AND (kind_id = 7))",
                        "Rows Removed by Filter": 863400
                      }
                    ]
                  }
                ]
              }
            ]
          }
        ]
      }
    ]
  },
  "Planning Time": 0.612,
  "Triggers": [],
  "Execution Time": 725.478
}