[
  {
    "Plan": {
      "Node Type": "Aggregate",
      "Strategy": "Plain",
      "Partial Mode": "Finalize",
      "Parallel Aware": false,
      "Startup Cost": 46491.37,
      "Total Cost": 46491.38,
      "Plan Rows": 1,
      "Plan Width": 8,
      "Actual Startup Time": 93.284,
      "Actual Total Time": 105.607,
      "Actual Rows": 1,
      "Actual Loops": 1,
      "Plans": [
        {
          "Node Type": "Gather",
          "Parent Relationship": "Outer",
          "Parallel Aware": false,
          "Startup Cost": 46490.95,
          "Total Cost": 46491.36,
          "Plan Rows": 4,
          "Plan Width": 8,
          "Actual Startup Time": 93.03,
          "Actual Total Time": 105.596,
          "Actual Rows": 5,
          "Actual Loops": 1,
          "Workers Planned": 4,
          "Workers Launched": 4,
          "Single Copy": false,
          "Plans": [
            {
              "Node Type": "Aggregate",
              "Strategy": "Plain",
              "Partial Mode": "Partial",
              "Parent Relationship": "Outer",
              "Parallel Aware": false,
              "Startup Cost": 45490.95,
              "Total Cost": 45490.96,
              "Plan Rows": 1,
              "Plan Width": 8,
              "Actual Startup Time": 84.894,
              "Actual Total Time": 84.895,
              "Actual Rows": 1,
              "Actual Loops": 5,
              "Plans": [
                {
                  "Node Type": "Seq Scan",
                  "Parent Relationship": "Outer",
                  "Parallel Aware": true,
                  "Relation Name": "title",
                  "Alias": "t",
                  "Startup Cost": 0.0,
                  "Total Cost": 45479.1,
                  "Plan Rows": 4742,
                  "Plan Width": 0,
                  "Actual Startup Time": 75.766,
                  "Actual Total Time": 84.888,
                  "Actual Rows": 0,
                  "Actual Loops": 5,
                  "Filter": "((production_year < 1912) AND (kind_id = 7))",
                  "Rows Removed by Filter": 505662
                }
              ]
            }
          ]
        }
      ]
    },
    "Planning Time": 0.199,
    "Triggers": [],
    "Execution Time": 105.67
  }
]