[
  {
    "Plan": {
      "Node Type": "Aggregate",
      "Strategy": "Plain",
      "Partial Mode": "Finalize",
      "Parallel Aware": false,
      "Startup Cost": 31123.88,
      "Total Cost": 31123.89,
      "Plan Rows": 1,
      "Plan Width": 8,
      "Actual Startup Time": 100.29,
      "Actual Total Time": 108.866,
      "Actual Rows": 1,
      "Actual Loops": 1,
      "Plans": [
        {
          "Node Type": "Gather",
          "Parent Relationship": "Outer",
          "Parallel Aware": false,
          "Startup Cost": 31123.56,
          "Total Cost": 31123.87,
          "Plan Rows": 3,
          "Plan Width": 8,
          "Actual Startup Time": 100.141,
          "Actual Total Time": 108.853,
          "Actual Rows": 4,
          "Actual Loops": 1,
          "Workers Planned": 3,
          "Workers Launched": 3,
          "Single Copy": false,
          "Plans": [
            {
              "Node Type": "Aggregate",
              "Strategy": "Plain",
              "Partial Mode": "Partial",
              "Parent Relationship": "Outer",
              "Parallel Aware": false,
              "Startup Cost": 30123.56,
              "Total Cost": 30123.57,
              "Plan Rows": 1,
              "Plan Width": 8,
              "Actual Startup Time": 94.663,
              "Actual Total Time": 94.665,
              "Actual Rows": 1,
              "Actual Loops": 4,
              "Plans": [
                {
                  "Node Type": "Seq Scan",
                  "Parent Relationship": "Outer",
                  "Parallel Aware": true,
                  "Relation Name": "movie_companies",
                  "Alias": "mc",
                  "Startup Cost": 0.0,
                  "Total Cost": 29310.68,
                  "Plan Rows": 325151,
                  "Plan Width": 0,
                  "Actual Startup Time": 15.753,
                  "Actual Total Time": 82.364,
                  "Actual Rows": 250568,
                  "Actual Loops": 4,
                  "Filter": "(company_id > 16637)",
                  "Rows Removed by Filter": 401714
                }
              ]
            }
          ]
        }
      ]
    },
    "Planning Time": 0.115,
    "Triggers": [],
    "Execution Time": 108.907
  }
]