[
  {
    "Plan": {
      "Node Type": "Aggregate",
      "Strategy": "Plain",
      "Partial Mode": "Finalize",
      "Parallel Aware": false,
      "Startup Cost": 421774.52,
      "Total Cost": 421774.53,
      "Plan Rows": 1,
      "Plan Width": 8,
      "Actual Startup Time": 1683.301,
      "Actual Total Time": 1740.499,
      "Actual Rows": 1,
      "Actual Loops": 1,
      "Plans": [
        {
          "Node Type": "Gather",
          "Parent Relationship": "Outer",
          "Parallel Aware": false,
          "Startup Cost": 421773.9,
          "Total Cost": 421774.51,
          "Plan Rows": 6,
          "Plan Width": 8,
          "Actual Startup Time": 1649.886,
          "Actual Total Time": 1740.486,
          "Actual Rows": 7,
          "Actual Loops": 1,
          "Workers Planned": 6,
          "Workers Launched": 6,
          "Single Copy": false,
          "Plans": [
            {
              "Node Type": "Aggregate",
              "Strategy": "Plain",
              "Partial Mode": "Partial",
              "Parent Relationship": "Outer",
              "Parallel Aware": false,
              "Startup Cost": 420773.9,
              "Total Cost": 420773.91,
              "Plan Rows": 1,
              "Plan Width": 8,
              "Actual Startup Time": 1633.552,
              "Actual Total Time": 1633.56,
              "Actual Rows": 1,
              "Actual Loops": 7,
              "Plans": [
                {
                  "Node Type": "Hash Join",
                  "Parent Relationship": "Outer",
                  "Parallel Aware": true,
                  "Join Type": "Inner",
                  "Startup Cost": 71651.23,
                  "Total Cost": 419801.13,
                  "Plan Rows": 389107,
                  "Plan Width": 0,
                  "Actual Startup Time": 856.538,
                  "Actual Total Time": 1568.542,
                  "Actual Rows": 1215013,
                  "Actual Loops": 7,
                  "Inner Unique": false,
                  "Hash Cond": "(ci.movie_id = t.id)",
                  "Plans": [
                    {
                      "Node Type": "Seq Scan",
                      "Parent Relationship": "Outer",
                      "Parallel Aware": true,
                      "Relation Name": "cast_info",
                      "Alias": "ci",
                      "Startup Cost": 0.0,
                      "Total Cost": 343316.27,
                      "Plan Rows": 856626,
                      "Plan Width": 4,
                      "Actual Startup Time": 399.399,
                      "Actual Total Time": 695.616,
                      "Actual Rows": 1123068,
                      "Actual Loops": 7,
                      "Filter": "((person_id > 2891821) AND (role_id > 1))",
                      "Rows Removed by Filter": 4054695
                    },
                    {
                      "Node Type": "Hash",
                      "Parent Relationship": "Inner",
                      "Parallel Aware": true,
                      "Startup Cost": 65669.51,
                      "Total Cost": 65669.51,
                      "Plan Rows": 478538,
                      "Plan Width": 8,
                      "Actual Startup Time": 452.262,
                      "Actual Total Time": 452.267,
                      "Actual Rows": 165868,
                      "Actual Loops": 7,
                      "Hash Buckets": 2097152,
                      "Original Hash Buckets": 2097152,
                      "Hash Batches": 1,
                      "Original Hash Batches": 1,
                      "Peak Memory Usage": 61920,
                      "Plans": [
                        {
                          "Node Type": "Hash Join",
                          "Parent Relationship": "Outer",
                          "Parallel Aware": true,
                          "Join Type": "Inner",
                          "Startup Cost": 50474.95,
                          "Total Cost": 65669.51,
                          "Plan Rows": 478538,
                          "Plan Width": 8,
                          "Actual Startup Time": 279.842,
                          "Actual Total Time": 370.355,
                          "Actual Rows": 165868,
                          "Actual Loops": 7,
                          "Inner Unique": true,
                          "Hash Cond": "(mi_idx.movie_id = t.id)",
                          "Plans": [
                            {
                              "Node Type": "Seq Scan",
                              "Parent Relationship": "Outer",
                              "Parallel Aware": true,
                              "Relation Name": "movie_info_idx",
                              "Alias": "mi_idx",
                              "Startup Cost": 0.0,
                              "Total Cost": 13685.15,
                              "Plan Rows": 575015,
                              "Plan Width": 4,
                              "Actual Startup Time": 0.017,
                              "Actual Total Time": 24.475,
                              "Actual Rows": 197148,
                              "Actual Loops": 7
                            },
                            {
                              "Node Type": "Hash",
                              "Parent Relationship": "Inner",
                              "Parallel Aware": true,
                              "Startup Cost": 43899.32,
                              "Total Cost": 43899.32,
                              "Plan Rows": 526050,
                              "Plan Width": 4,
                              "Actual Startup Time": 275.616,
                              "Actual Total Time": 275.618,
                              "Actual Rows": 298541,
                              "Actual Loops": 7,
                              "Hash Buckets": 4194304,
                              "Original Hash Buckets": 4194304,
                              "Hash Batches": 1,
                              "Original Hash Batches": 1,
                              "Peak Memory Usage": 114624,
                              "Plans": [
                                {
                                  "Node Type": "Seq Scan",
                                  "Parent Relationship": "Outer",
                                  "Parallel Aware": true,
                                  "Relation Name": "title",
                                  "Alias": "t",
                                  "Startup Cost": 0.0,
                                  "Total Cost": 43899.32,
                                  "Plan Rows": 526050,
                                  "Plan Width": 4,
                                  "Actual Startup Time": 0.064,
                                  "Actual Total Time": 96.473,
                                  "Actual Rows": 298541,
                                  "Actual Loops": 7,
                                  "Filter": "(production_year > 1969)",
                                  "Rows Removed by Filter": 62646
                                }
                              ]
                            }
                          ]
                        }
                      ]
                    }
                  ]
                }
              ]
            }
          ]
        }
      ]
    },
    "Planning Time": 1.296,
    "Triggers": [],
    "Execution Time": 1740.595
  }
]