[
  {
    "Plan": {
      "Node Type": "Aggregate",
      "Strategy": "Plain",
      "Partial Mode": "Finalize",
      "Parallel Aware": false,
      "Startup Cost": 348906.28,
      "Total Cost": 348906.29,
      "Plan Rows": 1,
      "Plan Width": 8,
      "Actual Startup Time": 729.314,
      "Actual Total Time": 790.487,
      "Actual Rows": 1,
      "Actual Loops": 1,
      "Plans": [
        {
          "Node Type": "Gather",
          "Parent Relationship": "Outer",
          "Parallel Aware": false,
          "Startup Cost": 348905.66,
          "Total Cost": 348906.27,
          "Plan Rows": 6,
          "Plan Width": 8,
          "Actual Startup Time": 729.129,
          "Actual Total Time": 790.476,
          "Actual Rows": 7,
          "Actual Loops": 1,
          "Workers Planned": 6,
          "Workers Launched": 6,
          "Single Copy": false,
          "Plans": [
            {
              "Node Type": "Aggregate",
              "Strategy": "Plain",
              "Partial Mode": "Partial",
              "Parent Relationship": "Outer",
              "Parallel Aware": false,
              "Startup Cost": 347905.66,
              "Total Cost": 347905.67,
              "Plan Rows": 1,
              "Plan Width": 8,
              "Actual Startup Time": 719.099,
              "Actual Total Time": 719.101,
              "Actual Rows": 1,
              "Actual Loops": 7,
              "Plans": [
                {
                  "Node Type": "Seq Scan",
                  "Parent Relationship": "Outer",
                  "Parallel Aware": true,
                  "Relation Name": "cast_info",
                  "Alias": "ci",
                  "Startup Cost": 0.0,
                  "Total Cost": 343316.27,
                  "Plan Rows": 1835754,
                  "Plan Width": 0,
                  "Actual Startup Time": 337.044,
                  "Actual Total Time": 647.308,
                  "Actual Rows": 1847552,
                  "Actual Loops": 7,
                  "Filter": "((person_id > 1123449) AND (role_id > 2))",
                  "Rows Removed by Filter": 3330211
                }
              ]
            }
          ]
        }
      ]
    },
    "Planning Time": 0.238,
    "Triggers": [],
    "Execution Time": 790.562
  }
]