{
  "Plan": {
    "Node Type": "Aggregate",
    "Strategy": "Plain",
    "Partial Mode": "Finalize",
    "Parallel Aware": false,
    "Startup Cost": 420765.88,
    "Total Cost": 420765.89,
    "Plan Rows": 1,
    "Plan Width": 8,
    "Actual Startup Time": 2211.511,
    "Actual Total Time": 2267.118,
    "Actual Rows": 1,
    "Actual Loops": 1,
    "Plans": [
      {
        "Node Type": "Gather",
        "Parent Relationship": "Outer",
        "Parallel Aware": false,
        "Startup Cost": 420765.77,
        "Total Cost": 420765.88,
        "Plan Rows": 1,
        "Plan Width": 8,
        "Actual Startup Time": 2207.173,
        "Actual Total Time": 2267.108,
        "Actual Rows": 2,
        "Actual Loops": 1,
        "Workers Planned": 1,
        "Workers Launched": 1,
        "Single Copy": false,
        "Plans": [
          {
            "Node Type": "Aggregate",
            "Strategy": "Plain",
            "Partial Mode": "Partial",
            "Parent Relationship": "Outer",
            "Parallel Aware": false,
            "Startup Cost": 419765.77,
            "Total Cost": 419765.78,
            "Plan Rows": 1,
            "Plan Width": 8,
            "Actual Startup Time": 2200.009,
            "Actual Total Time": 2200.015,
            "Actual Rows": 1,
            "Actual Loops": 2,
            "Plans": [
              {
                "Node Type": "Hash Join",
                "Parent Relationship": "Outer",
                "Parallel Aware": true,
                "Join Type": "Inner",
                "Startup Cost": 122102.15,
                "Total Cost": 414964.95,
                "Plan Rows": 1920326,
                "Plan Width": 0,
                "Actual Startup Time": 674.908,
                "Actual Total Time": 2169.546,
                "Actual Rows": 744126,
                "Actual Loops": 2,
                "Inner Unique": false,
                "Hash Cond": "(mi.movie_id = t.id)",
                "Plans": [
                  {
                    "Node Type": "Seq Scan",
                    "Parent Relationship": "Outer",
                    "Parallel Aware": true,
                    "Relation Name": "movie_info",
                    "Alias": "mi",
                    "Startup Cost": 0.0,
                    "Total Cost": 248955.74,
                    "Plan Rows": 8696274,
                    "Plan Width": 4,
                    "Actual Startup Time": 0.016,
                    "Actual Total Time": 645.516,
                    "Actual Rows": 7417860,
                    "Actual Loops": 2
                  },
                  {
                    "Node Type": "Hash",
                    "Parent Relationship": "Inner",
                    "Parallel Aware": true,
                    "Startup Cost": 117996.99,
                    "Total Cost": 117996.99,
                    "Plan Rows": 328413,
                    "Plan Width": 8,
                    "Actual Startup Time": 663.669,
                    "Actual Total Time": 663.673,
                    "Actual Rows": 74504,
                    "Actual Loops": 2,
                    "Hash Buckets": 1048576,
                    "Original Hash Buckets": 1048576,
                    "Hash Batches": 1,
                    "Original Hash Batches": 1,
                    "Peak Memory Usage": 14048,
                    "Plans": [
                      {
                        "Node Type": "Hash Join",
                        "Parent Relationship": "Outer",
                        "Parallel Aware": true,
                        "Join Type": "Inner",
                        "Startup Cost": 85371.38,
                        "Total Cost": 117996.99,
                        "Plan Rows": 328413,
                        "Plan Width": 8,
                        "Actual Startup Time": 473.009,
                        "Actual Total Time": 642.946,
                        "Actual Rows": 74504,
                        "Actual Loops": 2,
                        "Inner Unique": true,
                        "Hash Cond": "(mk.movie_id = t.id)",
                        "Plans": [
                          {
                            "Node Type": "Bitmap Heap Scan",
                            "Parent Relationship": "Outer",
                            "Parallel Aware": true,
                            "Relation Name": "movie_keyword",
                            "Alias": "mk",
                            "Startup Cost": 19482.51,
                            "Total Cost": 50689.91,
                            "Plan Rows": 540272,
                            "Plan Width": 4,
                            "Actual Startup Time": 63.998,
                            "Actual Total Time": 152.067,
                            "Actual Rows": 451724,
                            "Actual Loops": 2,
                            "Recheck Cond": "(keyword_id > 20433)",
                            "Rows Removed by Index Recheck": 0,
                            "Exact Heap Blocks": 12541,
                            "Lossy Heap Blocks": 0,
                            "Plans": [
                              {
                                "Node Type": "Bitmap Index Scan",
                                "Parent Relationship": "Outer",
                                "Parallel Aware": false,
                                "Index Name": "keyword_id_movie_keyword",
                                "Startup Cost": 0.0,
                                "Total Cost": 19252.9,
                                "Plan Rows": 918462,
                                "Plan Width": 0,
                                "Actual Startup Time": 60.405,
                                "Actual Total Time": 60.406,
                                "Actual Rows": 903448,
                                "Actual Loops": 1,
                                "Index Cond": "(keyword_id > 20433)"
                              }
                            ]
                          },
                          {
                            "Node Type": "Hash",
                            "Parent Relationship": "Inner",
                            "Parallel Aware": true,
                            "Startup Cost": 54588.39,
                            "Total Cost": 54588.39,
                            "Plan Rows": 904038,
                            "Plan Width": 4,
                            "Actual Startup Time": 398.514,
                            "Actual Total Time": 398.515,
                            "Actual Rows": 771632,
                            "Actual Loops": 2,
                            "Hash Buckets": 2097152,
                            "Original Hash Buckets": 2097152,
                            "Hash Batches": 1,
                            "Original Hash Batches": 1,
                            "Peak Memory Usage": 76768,
                            "Plans": [
                              {
                                "Node Type": "Seq Scan",
                                "Parent Relationship": "Outer",
                                "Parallel Aware": true,
                                "Relation Name": "title",
                                "Alias": "t",
                                "Startup Cost": 0.0,
                                "Total Cost": 54588.39,
                                "Plan Rows": 904038,
                                "Plan Width": 4,
                                "Actual Startup Time": 0.047,
                                "Actual Total Time": 162.635,
                                "Actual Rows": 771632,
                                "Actual Loops": 2,
                                "Filter": "(kind_id = 7)",
                                "Rows Removed by Filter": 492524
                              }
                            ]
                          }
                        ]
                      }
                    ]
                  }
                ]
              }
            ]
          }
        ]
      }
    ]
  },
  "Planning Time": 1.115,
  "Triggers": [],
  "Execution Time": 2267.251
}