[
  {
    "Plan": {
      "Node Type": "Aggregate",
      "Strategy": "Plain",
      "Partial Mode": "Simple",
      "Parallel Aware": false,
      "Startup Cost": 22326.92,
      "Total Cost": 22326.93,
      "Plan Rows": 1,
      "Plan Width": 8,
      "Actual Startup Time": 34.276,
      "Actual Total Time": 34.278,
      "Actual Rows": 1,
      "Actual Loops": 1,
      "Plans": [
        {
          "Node Type": "Bitmap Heap Scan",
          "Parent Relationship": "Outer",
          "Parallel Aware": false,
          "Relation Name": "movie_companies",
          "Alias": "mc",
          "Startup Cost": 2091.32,
          "Total Cost": 22085.98,
          "Plan Rows": 96373,
          "Plan Width": 0,
          "Actual Startup Time": 7.154,
          "Actual Total Time": 28.798,
          "Actual Rows": 96010,
          "Actual Loops": 1,
          "Recheck Cond": "(company_id > 159975)",
          "Rows Removed by Index Recheck": 0,
          "Exact Heap Blocks": 3072,
          "Lossy Heap Blocks": 0,
          "Plans": [
            {
              "Node Type": "Bitmap Index Scan",
              "Parent Relationship": "Outer",
              "Parallel Aware": false,
              "Index Name": "company_id_movie_companies",
              "Startup Cost": 0.0,
              "Total Cost": 2067.23,
              "Plan Rows": 96373,
              "Plan Width": 0,
              "Actual Startup Time": 6.485,
              "Actual Total Time": 6.485,
              "Actual Rows": 96010,
              "Actual Loops": 1,
              "Index Cond": "(company_id > 159975)"
            }
          ]
        }
      ]
    },
    "Planning Time": 0.072,
    "Triggers": [],
    "Execution Time": 34.305
  }
]