[
  {
    "Plan": {
      "Node Type": "Aggregate",
      "Strategy": "Plain",
      "Partial Mode": "Finalize",
      "Parallel Aware": false,
      "Startup Cost": 348650.43,
      "Total Cost": 348650.44,
      "Plan Rows": 1,
      "Plan Width": 8,
      "Actual Startup Time": 828.622,
      "Actual Total Time": 878.643,
      "Actual Rows": 1,
      "Actual Loops": 1,
      "Plans": [
        {
          "Node Type": "Gather",
          "Parent Relationship": "Outer",
          "Parallel Aware": false,
          "Startup Cost": 348649.8,
          "Total Cost": 348650.41,
          "Plan Rows": 6,
          "Plan Width": 8,
          "Actual Startup Time": 828.489,
          "Actual Total Time": 878.625,
          "Actual Rows": 7,
          "Actual Loops": 1,
          "Workers Planned": 6,
          "Workers Launched": 6,
          "Single Copy": false,
          "Plans": [
            {
              "Node Type": "Aggregate",
              "Strategy": "Plain",
              "Partial Mode": "Partial",
              "Parent Relationship": "Outer",
              "Parallel Aware": false,
              "Startup Cost": 347649.8,
              "Total Cost": 347649.81,
              "Plan Rows": 1,
              "Plan Width": 8,
              "Actual Startup Time": 819.994,
              "Actual Total Time": 819.995,
              "Actual Rows": 1,
              "Actual Loops": 7,
              "Plans": [
                {
                  "Node Type": "Seq Scan",
                  "Parent Relationship": "Outer",
                  "Parallel Aware": true,
                  "Relation Name": "cast_info",
                  "Alias": "ci",
                  "Startup Cost": 0.0,
                  "Total Cost": 343316.27,
                  "Plan Rows": 1733412,
                  "Plan Width": 0,
                  "Actual Startup Time": 270.652,
                  "Actual Total Time": 703.783,
                  "Actual Rows": 2245122,
                  "Actual Loops": 7,
                  "Filter": "((person_id > 2065253) AND (role_id > 1))",
                  "Rows Removed by Filter": 2932641
                }
              ]
            }
          ]
        }
      ]
    },
    "Planning Time": 0.097,
    "Triggers": [],
    "Execution Time": 878.688
  }
]