[
  {
    "Plan": {
      "Node Type": "Aggregate",
      "Strategy": "Plain",
      "Partial Mode": "Finalize",
      "Parallel Aware": false,
      "Startup Cost": 79852.48,
      "Total Cost": 79852.49,
      "Plan Rows": 1,
      "Plan Width": 8,
      "Actual Startup Time": 223.497,
      "Actual Total Time": 240.888,
      "Actual Rows": 1,
      "Actual Loops": 1,
      "Plans": [
        {
          "Node Type": "Gather",
          "Parent Relationship": "Outer",
          "Parallel Aware": false,
          "Startup Cost": 79852.06,
          "Total Cost": 79852.47,
          "Plan Rows": 4,
          "Plan Width": 8,
          "Actual Startup Time": 222.255,
          "Actual Total Time": 240.877,
          "Actual Rows": 5,
          "Actual Loops": 1,
          "Workers Planned": 4,
          "Workers Launched": 4,
          "Single Copy": false,
          "Plans": [
            {
              "Node Type": "Aggregate",
              "Strategy": "Plain",
              "Partial Mode": "Partial",
              "Parent Relationship": "Outer",
              "Parallel Aware": false,
              "Startup Cost": 78852.06,
              "Total Cost": 78852.07,
              "Plan Rows": 1,
              "Plan Width": 8,
              "Actual Startup Time": 212.647,
              "Actual Total Time": 212.65,
              "Actual Rows": 1,
              "Actual Loops": 5,
              "Plans": [
                {
                  "Node Type": "Hash Join",
                  "Parent Relationship": "Outer",
                  "Parallel Aware": true,
                  "Join Type": "Inner",
                  "Startup Cost": 33260.73,
                  "Total Cost": 78725.16,
                  "Plan Rows": 50762,
                  "Plan Width": 0,
                  "Actual Startup Time": 161.158,
                  "Actual Total Time": 211.736,
                  "Actual Rows": 15041,
                  "Actual Loops": 5,
                  "Inner Unique": false,
                  "Hash Cond": "(t.id = mc.movie_id)",
                  "Plans": [
                    {
                      "Node Type": "Seq Scan",
                      "Parent Relationship": "Outer",
                      "Parallel Aware": true,
                      "Relation Name": "title",
                      "Alias": "t",
                      "Startup Cost": 0.0,
                      "Total Cost": 43898.92,
                      "Plan Rows": 280352,
                      "Plan Width": 4,
                      "Actual Startup Time": 0.021,
                      "Actual Total Time": 85.457,
                      "Actual Rows": 226671,
                      "Actual Loops": 5,
                      "Filter": "(production_year < 2002)",
                      "Rows Removed by Filter": 278991
                    },
                    {
                      "Node Type": "Hash",
                      "Parent Relationship": "Inner",
                      "Parallel Aware": true,
                      "Startup Cost": 31414.82,
                      "Total Cost": 31414.82,
                      "Plan Rows": 147673,
                      "Plan Width": 4,
                      "Actual Startup Time": 81.842,
                      "Actual Total Time": 81.843,
                      "Actual Rows": 29115,
                      "Actual Loops": 5,
                      "Hash Buckets": 524288,
                      "Original Hash Buckets": 524288,
                      "Hash Batches": 1,
                      "Original Hash Batches": 1,
                      "Peak Memory Usage": 9856,
                      "Plans": [
                        {
                          "Node Type": "Seq Scan",
                          "Parent Relationship": "Outer",
                          "Parallel Aware": true,
                          "Relation Name": "movie_companies",
                          "Alias": "mc",
                          "Startup Cost": 0.0,
                          "Total Cost": 31414.82,
                          "Plan Rows": 147673,
                          "Plan Width": 4,
                          "Actual Startup Time": 21.086,
                          "Actual Total Time": 71.104,
                          "Actual Rows": 29115,
                          "Actual Loops": 5,
                          "Filter": "((company_id > 18949) AND (company_type_id = 1))",
                          "Rows Removed by Filter": 492711
                        }
                      ]
                    }
                  ]
                }
              ]
            }
          ]
        }
      ]
    },
    "Planning Time": 0.653,
    "Triggers": [],
    "Execution Time": 240.962
  }
]