[
  {
    "Plan": {
      "Node Type": "Aggregate",
      "Strategy": "Plain",
      "Partial Mode": "Finalize",
      "Parallel Aware": false,
      "Startup Cost": 384381.43,
      "Total Cost": 384381.44,
      "Plan Rows": 1,
      "Plan Width": 8,
      "Actual Startup Time": 1538.565,
      "Actual Total Time": 1602.423,
      "Actual Rows": 1,
      "Actual Loops": 1,
      "Plans": [
        {
          "Node Type": "Gather",
          "Parent Relationship": "Outer",
          "Parallel Aware": false,
          "Startup Cost": 384380.8,
          "Total Cost": 384381.41,
          "Plan Rows": 6,
          "Plan Width": 8,
          "Actual Startup Time": 1516.93,
          "Actual Total Time": 1602.41,
          "Actual Rows": 7,
          "Actual Loops": 1,
          "Workers Planned": 6,
          "Workers Launched": 6,
          "Single Copy": false,
          "Plans": [
            {
              "Node Type": "Aggregate",
              "Strategy": "Plain",
              "Partial Mode": "Partial",
              "Parent Relationship": "Outer",
              "Parallel Aware": false,
              "Startup Cost": 383380.8,
              "Total Cost": 383380.81,
              "Plan Rows": 1,
              "Plan Width": 8,
              "Actual Startup Time": 1493.273,
              "Actual Total Time": 1493.278,
              "Actual Rows": 1,
              "Actual Loops": 7,
              "Plans": [
                {
                  "Node Type": "Hash Join",
                  "Parent Relationship": "Outer",
                  "Parallel Aware": true,
                  "Join Type": "Inner",
                  "Startup Cost": 50220.38,
                  "Total Cost": 380966.64,
                  "Plan Rows": 965664,
                  "Plan Width": 0,
                  "Actual Startup Time": 308.766,
                  "Actual Total Time": 1442.104,
                  "Actual Rows": 856396,
                  "Actual Loops": 7,
                  "Inner Unique": true,
                  "Hash Cond": "(ci.movie_id = t.id)",
                  "Plans": [
                    {
                      "Node Type": "Seq Scan",
                      "Parent Relationship": "Outer",
                      "Parallel Aware": true,
                      "Relation Name": "cast_info",
                      "Alias": "ci",
                      "Startup Cost": 0.0,
                      "Total Cost": 328211.39,
                      "Plan Rows": 965664,
                      "Plan Width": 4,
                      "Actual Startup Time": 0.047,
                      "Actual Total Time": 643.953,
                      "Actual Rows": 856396,
                      "Actual Loops": 7,
                      "Filter": "(person_id < 579922)",
                      "Rows Removed by Filter": 4321367
                    },
                    {
                      "Node Type": "Hash",
                      "Parent Relationship": "Inner",
                      "Parallel Aware": true,
                      "Startup Cost": 42319.06,
                      "Total Cost": 42319.06,
                      "Plan Rows": 632106,
                      "Plan Width": 4,
                      "Actual Startup Time": 301.518,
                      "Actual Total Time": 301.519,
                      "Actual Rows": 361187,
                      "Actual Loops": 7,
                      "Hash Buckets": 4194304,
                      "Original Hash Buckets": 4194304,
                      "Hash Batches": 1,
                      "Original Hash Batches": 1,
                      "Peak Memory Usage": 131776,
                      "Plans": [
                        {
                          "Node Type": "Seq Scan",
                          "Parent Relationship": "Outer",
                          "Parallel Aware": true,
                          "Relation Name": "title",
                          "Alias": "t",
                          "Startup Cost": 0.0,
                          "Total Cost": 42319.06,
                          "Plan Rows": 632106,
                          "Plan Width": 4,
                          "Actual Startup Time": 0.059,
                          "Actual Total Time": 89.476,
                          "Actual Rows": 361187,
                          "Actual Loops": 7
                        }
                      ]
                    }
                  ]
                }
              ]
            }
          ]
        }
      ]
    },
    "Planning Time": 0.46,
    "Triggers": [],
    "Execution Time": 1602.526
  }
]