[
  {
    "Plan": {
      "Node Type": "Aggregate",
      "Strategy": "Plain",
      "Partial Mode": "Finalize",
      "Parallel Aware": false,
      "Startup Cost": 46471.05,
      "Total Cost": 46471.06,
      "Plan Rows": 1,
      "Plan Width": 8,
      "Actual Startup Time": 171.034,
      "Actual Total Time": 180.459,
      "Actual Rows": 1,
      "Actual Loops": 1,
      "Plans": [
        {
          "Node Type": "Gather",
          "Parent Relationship": "Outer",
          "Parallel Aware": false,
          "Startup Cost": 46470.73,
          "Total Cost": 46471.04,
          "Plan Rows": 3,
          "Plan Width": 8,
          "Actual Startup Time": 170.877,
          "Actual Total Time": 180.45,
          "Actual Rows": 4,
          "Actual Loops": 1,
          "Workers Planned": 3,
          "Workers Launched": 3,
          "Single Copy": false,
          "Plans": [
            {
              "Node Type": "Aggregate",
              "Strategy": "Plain",
              "Partial Mode": "Partial",
              "Parent Relationship": "Outer",
              "Parallel Aware": false,
              "Startup Cost": 45470.73,
              "Total Cost": 45470.74,
              "Plan Rows": 1,
              "Plan Width": 8,
              "Actual Startup Time": 162.075,
              "Actual Total Time": 162.077,
              "Actual Rows": 1,
              "Actual Loops": 4,
              "Plans": [
                {
                  "Node Type": "Seq Scan",
                  "Parent Relationship": "Outer",
                  "Parallel Aware": true,
                  "Relation Name": "movie_keyword",
                  "Alias": "mk",
                  "Startup Cost": 0.0,
                  "Total Cost": 42695.65,
                  "Plan Rows": 1110031,
                  "Plan Width": 0,
                  "Actual Startup Time": 0.062,
                  "Actual Total Time": 122.464,
                  "Actual Rows": 860463,
                  "Actual Loops": 4,
                  "Filter": "(keyword_id < 16362)",
                  "Rows Removed by Filter": 270520
                }
              ]
            }
          ]
        }
      ]
    },
    "Planning Time": 0.194,
    "Triggers": [],
    "Execution Time": 180.516
  }
]