{
    "Plan": {
        "Node Type": "Aggregate",
        "Strategy": "Plain",
        "Partial Mode": "Finalize",
        "Parallel Aware": false,
        "Startup Cost": 256724.02,
        "Total Cost": 256724.03,
        "Plan Rows": 1,
        "Plan Width": 8,
        "Actual Startup Time": 1211.806,
        "Actual Total Time": 1265.829,
        "Actual Rows": 1,
        "Actual Loops": 1,
        "Output": [
            "count(*)"
        ],
        "Plans": [
            {
                "Node Type": "Gather",
                "Parent Relationship": "Outer",
                "Parallel Aware": false,
                "Startup Cost": 256723.5,
                "Total Cost": 256724.01,
                "Plan Rows": 5,
                "Plan Width": 8,
                "Actual Startup Time": 1193.234,
                "Actual Total Time": 1265.816,
                "Actual Rows": 6,
                "Actual Loops": 1,
                "Output": [
                    "(PARTIAL count(*))"
                ],
                "Workers Planned": 5,
                "Workers Launched": 5,
                "Single Copy": false,
                "Plans": [
                    {
                        "Node Type": "Aggregate",
                        "Strategy": "Plain",
                        "Partial Mode": "Partial",
                        "Parent Relationship": "Outer",
                        "Parallel Aware": false,
                        "Startup Cost": 255723.5,
                        "Total Cost": 255723.51,
                        "Plan Rows": 1,
                        "Plan Width": 8,
                        "Actual Startup Time": 1178.663,
                        "Actual Total Time": 1178.669,
                        "Actual Rows": 1,
                        "Actual Loops": 6,
                        "Output": [
                            "PARTIAL count(*)"
                        ],
                        "Workers": [
                            {
                                "Worker Number": 0,
                                "Actual Startup Time": 1176.623,
                                "Actual Total Time": 1176.626,
                                "Actual Rows": 1,
                                "Actual Loops": 1
                            },
                            {
                                "Worker Number": 1,
                                "Actual Startup Time": 1175.389,
                                "Actual Total Time": 1175.403,
                                "Actual Rows": 1,
                                "Actual Loops": 1
                            },
                            {
                                "Worker Number": 2,
                                "Actual Startup Time": 1175.835,
                                "Actual Total Time": 1175.838,
                                "Actual Rows": 1,
                                "Actual Loops": 1
                            },
                            {
                                "Worker Number": 3,
                                "Actual Startup Time": 1175.877,
                                "Actual Total Time": 1175.881,
                                "Actual Rows": 1,
                                "Actual Loops": 1
                            },
                            {
                                "Worker Number": 4,
                                "Actual Startup Time": 1175.856,
                                "Actual Total Time": 1175.858,
                                "Actual Rows": 1,
                                "Actual Loops": 1
                            }
                        ],
                        "Plans": [
                            {
                                "Node Type": "Hash Join",
                                "Parent Relationship": "Outer",
                                "Parallel Aware": true,
                                "Join Type": "Inner",
                                "Startup Cost": 49479.31,
                                "Total Cost": 253328.08,
                                "Plan Rows": 958168,
                                "Plan Width": 0,
                                "Actual Startup Time": 257.854,
                                "Actual Total Time": 1147.805,
                                "Actual Rows": 502160,
                                "Actual Loops": 6,
                                "Inner Unique": true,
                                "Hash Cond": "(mi.movie_id = t.id)",
                                "Workers": [
                                    {
                                        "Worker Number": 0,
                                        "Actual Startup Time": 254.79,
                                        "Actual Total Time": 1145.405,
                                        "Actual Rows": 469900,
                                        "Actual Loops": 1
                                    },
                                    {
                                        "Worker Number": 1,
                                        "Actual Startup Time": 254.803,
                                        "Actual Total Time": 1144.115,
                                        "Actual Rows": 471912,
                                        "Actual Loops": 1
                                    },
                                    {
                                        "Worker Number": 2,
                                        "Actual Startup Time": 255.223,
                                        "Actual Total Time": 1145.434,
                                        "Actual Rows": 455083,
                                        "Actual Loops": 1
                                    },
                                    {
                                        "Worker Number": 3,
                                        "Actual Startup Time": 255.262,
                                        "Actual Total Time": 1150.17,
                                        "Actual Rows": 609276,
                                        "Actual Loops": 1
                                    },
                                    {
                                        "Worker Number": 4,
                                        "Actual Startup Time": 255.258,
                                        "Actual Total Time": 1145.487,
                                        "Actual Rows": 458282,
                                        "Actual Loops": 1
                                    }
                                ],
                                "Plans": [
                                    {
                                        "Node Type": "Seq Scan",
                                        "Parent Relationship": "Outer",
                                        "Parallel Aware": true,
                                        "Relation Name": "movie_info",
                                        "Schema": "public",
                                        "Alias": "mi",
                                        "Startup Cost": 0.0,
                                        "Total Cost": 198880.74,
                                        "Plan Rows": 1892579,
                                        "Plan Width": 4,
                                        "Actual Startup Time": 20.283,
                                        "Actual Total Time": 427.521,
                                        "Actual Rows": 1570867,
                                        "Actual Loops": 6,
                                        "Output": [
                                            "mi.id",
                                            "mi.movie_id",
                                            "mi.info_type_id",
                                            "mi.info",
                                            "mi.note"
                                        ],
                                        "Filter": "(mi.info_type_id > 5)",
                                        "Rows Removed by Filter": 901753,
                                        "Workers": [
                                            {
                                                "Worker Number": 0,
                                                "Actual Startup Time": 20.396,
                                                "Actual Total Time": 445.588,
                                                "Actual Rows": 1457641,
                                                "Actual Loops": 1
                                            },
                                            {
                                                "Worker Number": 1,
                                                "Actual Startup Time": 20.218,
                                                "Actual Total Time": 445.139,
                                                "Actual Rows": 1463006,
                                                "Actual Loops": 1
                                            },
                                            {
                                                "Worker Number": 2,
                                                "Actual Startup Time": 20.223,
                                                "Actual Total Time": 440.518,
                                                "Actual Rows": 1418828,
                                                "Actual Loops": 1
                                            },
                                            {
                                                "Worker Number": 3,
                                                "Actual Startup Time": 20.365,
                                                "Actual Total Time": 410.904,
                                                "Actual Rows": 1920272,
                                                "Actual Loops": 1
                                            },
                                            {
                                                "Worker Number": 4,
                                                "Actual Startup Time": 20.282,
                                                "Actual Total Time": 440.781,
                                                "Actual Rows": 1421286,
                                                "Actual Loops": 1
                                            }
                                        ]
                                    },
                                    {
                                        "Node Type": "Hash",
                                        "Parent Relationship": "Inner",
                                        "Parallel Aware": true,
                                        "Startup Cost": 45479.21,
                                        "Total Cost": 45479.21,
                                        "Plan Rows": 320008,
                                        "Plan Width": 4,
                                        "Actual Startup Time": 231.81,
                                        "Actual Total Time": 231.813,
                                        "Actual Rows": 235624,
                                        "Actual Loops": 6,
                                        "Output": [
                                            "t.id"
                                        ],
                                        "Hash Buckets": 2097152,
                                        "Original Hash Buckets": 2097152,
                                        "Hash Batches": 1,
                                        "Original Hash Batches": 1,
                                        "Peak Memory Usage": 71776,
                                        "Workers": [
                                            {
                                                "Worker Number": 0,
                                                "Actual Startup Time": 233.708,
                                                "Actual Total Time": 233.709,
                                                "Actual Rows": 218152,
                                                "Actual Loops": 1
                                            },
                                            {
                                                "Worker Number": 1,
                                                "Actual Startup Time": 233.698,
                                                "Actual Total Time": 233.71,
                                                "Actual Rows": 216451,
                                                "Actual Loops": 1
                                            },
                                            {
                                                "Worker Number": 2,
                                                "Actual Startup Time": 234.255,
                                                "Actual Total Time": 234.256,
                                                "Actual Rows": 210422,
                                                "Actual Loops": 1
                                            },
                                            {
                                                "Worker Number": 3,
                                                "Actual Startup Time": 234.257,
                                                "Actual Total Time": 234.258,
                                                "Actual Rows": 269112,
                                                "Actual Loops": 1
                                            },
                                            {
                                                "Worker Number": 4,
                                                "Actual Startup Time": 234.206,
                                                "Actual Total Time": 234.207,
                                                "Actual Rows": 210374,
                                                "Actual Loops": 1
                                            }
                                        ],
                                        "Plans": [
                                            {
                                                "Node Type": "Seq Scan",
                                                "Parent Relationship": "Outer",
                                                "Parallel Aware": true,
                                                "Relation Name": "title",
                                                "Schema": "public",
                                                "Alias": "t",
                                                "Startup Cost": 0.0,
                                                "Total Cost": 45479.21,
                                                "Plan Rows": 320008,
                                                "Plan Width": 4,
                                                "Actual Startup Time": 0.064,
                                                "Actual Total Time": 104.765,
                                                "Actual Rows": 235624,
                                                "Actual Loops": 6,
                                                "Output": [
                                                    "t.id"
                                                ],
                                                "Filter": "((t.kind_id > 1) AND (t.production_year > 1990))",
                                                "Rows Removed by Filter": 185761,
                                                "Workers": [
                                                    {
                                                        "Worker Number": 0,
                                                        "Actual Startup Time": 0.076,
                                                        "Actual Total Time": 108.757,
                                                        "Actual Rows": 218152,
                                                        "Actual Loops": 1
                                                    },
                                                    {
                                                        "Worker Number": 1,
                                                        "Actual Startup Time": 0.069,
                                                        "Actual Total Time": 107.985,
                                                        "Actual Rows": 216451,
                                                        "Actual Loops": 1
                                                    },
                                                    {
                                                        "Worker Number": 2,
                                                        "Actual Startup Time": 0.07,
                                                        "Actual Total Time": 107.302,
                                                        "Actual Rows": 210422,
                                                        "Actual Loops": 1
                                                    },
                                                    {
                                                        "Worker Number": 3,
                                                        "Actual Startup Time": 0.074,
                                                        "Actual Total Time": 103.165,
                                                        "Actual Rows": 269112,
                                                        "Actual Loops": 1
                                                    },
                                                    {
                                                        "Worker Number": 4,
                                                        "Actual Startup Time": 0.078,
                                                        "Actual Total Time": 107.706,
                                                        "Actual Rows": 210374,
                                                        "Actual Loops": 1
                                                    }
                                                ]
                                            }
                                        ]
                                    }
                                ]
                            }
                        ]
                    }
                ]
            }
        ]
    },
    "Planning Time": 0.766,
    "Triggers": [],
    "Execution Time": 1265.918
}