[
  {
    "Plan": {
      "Node Type": "Aggregate",
      "Strategy": "Plain",
      "Partial Mode": "Finalize",
      "Parallel Aware": false,
      "Startup Cost": 390162.79,
      "Total Cost": 390162.8,
      "Plan Rows": 1,
      "Plan Width": 8,
      "Actual Startup Time": 622.952,
      "Actual Total Time": 644.689,
      "Actual Rows": 1,
      "Actual Loops": 1,
      "Plans": [
        {
          "Node Type": "Gather",
          "Parent Relationship": "Outer",
          "Parallel Aware": false,
          "Startup Cost": 390162.47,
          "Total Cost": 390162.78,
          "Plan Rows": 3,
          "Plan Width": 8,
          "Actual Startup Time": 618.433,
          "Actual Total Time": 644.667,
          "Actual Rows": 4,
          "Actual Loops": 1,
          "Workers Planned": 3,
          "Workers Launched": 3,
          "Single Copy": false,
          "Plans": [
            {
              "Node Type": "Aggregate",
              "Strategy": "Plain",
              "Partial Mode": "Partial",
              "Parent Relationship": "Outer",
              "Parallel Aware": false,
              "Startup Cost": 389162.47,
              "Total Cost": 389162.48,
              "Plan Rows": 1,
              "Plan Width": 8,
              "Actual Startup Time": 609.051,
              "Actual Total Time": 609.279,
              "Actual Rows": 1,
              "Actual Loops": 4,
              "Plans": [
                {
                  "Node Type": "Hash Join",
                  "Parent Relationship": "Outer",
                  "Parallel Aware": true,
                  "Join Type": "Inner",
                  "Startup Cost": 343772.05,
                  "Total Cost": 388898.38,
                  "Plan Rows": 105634,
                  "Plan Width": 0,
                  "Actual Startup Time": 458.298,
                  "Actual Total Time": 607.487,
                  "Actual Rows": 43525,
                  "Actual Loops": 4,
                  "Inner Unique": false,
                  "Hash Cond": "(mk.movie_id = t.id)",
                  "Plans": [
                    {
                      "Node Type": "Seq Scan",
                      "Parent Relationship": "Outer",
                      "Parallel Aware": true,
                      "Relation Name": "movie_keyword",
                      "Alias": "mk",
                      "Startup Cost": 0.0,
                      "Total Cost": 42695.65,
                      "Plan Rows": 601231,
                      "Plan Width": 4,
                      "Actual Startup Time": 0.382,
                      "Actual Total Time": 97.551,
                      "Actual Rows": 466459,
                      "Actual Loops": 4,
                      "Filter": "(keyword_id > 7384)",
                      "Rows Removed by Filter": 664524
                    },
                    {
                      "Node Type": "Hash",
                      "Parent Relationship": "Inner",
                      "Parallel Aware": true,
                      "Startup Cost": 342846.6,
                      "Total Cost": 342846.6,
                      "Plan Rows": 74036,
                      "Plan Width": 8,
                      "Actual Startup Time": 454.815,
                      "Actual Total Time": 455.041,
                      "Actual Rows": 111146,
                      "Actual Loops": 4,
                      "Hash Buckets": 524288,
                      "Original Hash Buckets": 524288,
                      "Hash Batches": 1,
                      "Original Hash Batches": 1,
                      "Peak Memory Usage": 21568,
                      "Plans": [
                        {
                          "Node Type": "Hash Join",
                          "Parent Relationship": "Outer",
                          "Parallel Aware": true,
                          "Join Type": "Inner",
                          "Startup Cost": 85272.21,
                          "Total Cost": 342846.6,
                          "Plan Rows": 74036,
                          "Plan Width": 8,
                          "Actual Startup Time": 231.434,
                          "Actual Total Time": 419.874,
                          "Actual Rows": 111146,
                          "Actual Loops": 4,
                          "Inner Unique": true,
                          "Hash Cond": "(ci.movie_id = t.id)",
                          "Plans": [
                            {
                              "Node Type": "Bitmap Heap Scan",
                              "Parent Relationship": "Outer",
                              "Parallel Aware": true,
                              "Relation Name": "cast_info",
                              "Alias": "ci",
                              "Startup Cost": 37417.22,
                              "Total Cost": 294345.34,
                              "Plan Rows": 246202,
                              "Plan Width": 4,
                              "Actual Startup Time": 61.373,
                              "Actual Total Time": 141.131,
                              "Actual Rows": 413094,
                              "Actual Loops": 4,
                              "Recheck Cond": "(person_id < 171497)",
                              "Rows Removed by Index Recheck": 0,
                              "Filter": "(role_id < 10)",
                              "Rows Removed by Filter": 17616,
                              "Exact Heap Blocks": 5364,
                              "Lossy Heap Blocks": 0,
                              "Plans": [
                                {
                                  "Node Type": "Bitmap Index Scan",
                                  "Parent Relationship": "Outer",
                                  "Parallel Aware": false,
                                  "Index Name": "person_id_cast_info",
                                  "Startup Cost": 0.0,
                                  "Total Cost": 37047.92,
                                  "Plan Rows": 1696447,
                                  "Plan Width": 0,
                                  "Actual Startup Time": 58.52,
                                  "Actual Total Time": 58.52,
                                  "Actual Rows": 1722836,
                                  "Actual Loops": 1,
                                  "Index Cond": "(person_id < 171497)"
                                }
                              ]
                            },
                            {
                              "Node Type": "Hash",
                              "Parent Relationship": "Inner",
                              "Parallel Aware": true,
                              "Startup Cost": 45479.1,
                              "Total Cost": 45479.1,
                              "Plan Rows": 190071,
                              "Plan Width": 4,
                              "Actual Startup Time": 166.939,
                              "Actual Total Time": 166.94,
                              "Actual Rows": 170570,
                              "Actual Loops": 4,
                              "Hash Buckets": 1048576,
                              "Original Hash Buckets": 1048576,
                              "Hash Batches": 1,
                              "Original Hash Batches": 1,
                              "Peak Memory Usage": 34944,
                              "Plans": [
                                {
                                  "Node Type": "Seq Scan",
                                  "Parent Relationship": "Outer",
                                  "Parallel Aware": true,
                                  "Relation Name": "title",
                                  "Alias": "t",
                                  "Startup Cost": 0.0,
                                  "Total Cost": 45479.1,
                                  "Plan Rows": 190071,
                                  "Plan Width": 4,
                                  "Actual Startup Time": 0.039,
                                  "Actual Total Time": 101.489,
                                  "Actual Rows": 170570,
                                  "Actual Loops": 4,
                                  "Filter": "((production_year < 2004) AND (kind_id = 7))",
                                  "Rows Removed by Filter": 461508
                                }
                              ]
                            }
                          ]
                        }
                      ]
                    }
                  ]
                }
              ]
            }
          ]
        }
      ]
    },
    "Planning Time": 1.362,
    "Triggers": [],
    "Execution Time": 644.799
  }
]