{
  "Plan": {
    "Node Type": "Aggregate",
    "Strategy": "Plain",
    "Partial Mode": "Finalize",
    "Parallel Aware": false,
    "Startup Cost": 98139.28,
    "Total Cost": 98139.29,
    "Plan Rows": 1,
    "Plan Width": 8,
    "Actual Startup Time": 504.051,
    "Actual Total Time": 516.102,
    "Actual Rows": 1,
    "Actual Loops": 1,
    "Plans": [
      {
        "Node Type": "Gather",
        "Parent Relationship": "Outer",
        "Parallel Aware": false,
        "Startup Cost": 98139.17,
        "Total Cost": 98139.28,
        "Plan Rows": 1,
        "Plan Width": 8,
        "Actual Startup Time": 502.456,
        "Actual Total Time": 516.095,
        "Actual Rows": 2,
        "Actual Loops": 1,
        "Workers Planned": 1,
        "Workers Launched": 1,
        "Single Copy": false,
        "Plans": [
          {
            "Node Type": "Aggregate",
            "Strategy": "Plain",
            "Partial Mode": "Partial",
            "Parent Relationship": "Outer",
            "Parallel Aware": false,
            "Startup Cost": 97139.17,
            "Total Cost": 97139.18,
            "Plan Rows": 1,
            "Plan Width": 8,
            "Actual Startup Time": 497.133,
            "Actual Total Time": 497.137,
            "Actual Rows": 1,
            "Actual Loops": 2,
            "Plans": [
              {
                "Node Type": "Hash Join",
                "Parent Relationship": "Outer",
                "Parallel Aware": true,
                "Join Type": "Inner",
                "Startup Cost": 73338.07,
                "Total Cost": 96834.14,
                "Plan Rows": 122011,
                "Plan Width": 0,
                "Actual Startup Time": 340.515,
                "Actual Total Time": 492.229,
                "Actual Rows": 112185,
                "Actual Loops": 2,
                "Inner Unique": true,
                "Hash Cond": "(mc.movie_id = t.id)",
                "Plans": [
                  {
                    "Node Type": "Bitmap Heap Scan",
                    "Parent Relationship": "Outer",
                    "Parallel Aware": true,
                    "Relation Name": "movie_companies",
                    "Alias": "mc",
                    "Startup Cost": 11459.77,
                    "Total Cost": 34139.09,
                    "Plan Rows": 311145,
                    "Plan Width": 4,
                    "Actual Startup Time": 22.728,
                    "Actual Total Time": 82.271,
                    "Actual Rows": 263604,
                    "Actual Loops": 2,
                    "Recheck Cond": "(company_id < 487)",
                    "Rows Removed by Index Recheck": 0,
                    "Exact Heap Blocks": 9840,
                    "Lossy Heap Blocks": 0,
                    "Plans": [
                      {
                        "Node Type": "Bitmap Index Scan",
                        "Parent Relationship": "Outer",
                        "Parallel Aware": false,
                        "Index Name": "company_id_movie_companies",
                        "Startup Cost": 0.0,
                        "Total Cost": 11327.53,
                        "Plan Rows": 528947,
                        "Plan Width": 0,
                        "Actual Startup Time": 19.889,
                        "Actual Total Time": 19.889,
                        "Actual Rows": 527207,
                        "Actual Loops": 1,
                        "Index Cond": "(company_id < 487)"
                      }
                    ]
                  },
                  {
                    "Node Type": "Hash",
                    "Parent Relationship": "Inner",
                    "Parallel Aware": true,
                    "Startup Cost": 54588.39,
                    "Total Cost": 54588.39,
                    "Plan Rows": 583193,
                    "Plan Width": 4,
                    "Actual Startup Time": 308.499,
                    "Actual Total Time": 308.5,
                    "Actual Rows": 492524,
                    "Actual Loops": 2,
                    "Hash Buckets": 1048576,
                    "Original Hash Buckets": 1048576,
                    "Hash Batches": 1,
                    "Original Hash Batches": 1,
                    "Peak Memory Usage": 46784,
                    "Plans": [
                      {
                        "Node Type": "Seq Scan",
                        "Parent Relationship": "Outer",
                        "Parallel Aware": true,
                        "Relation Name": "title",
                        "Alias": "t",
                        "Startup Cost": 0.0,
                        "Total Cost": 54588.39,
                        "Plan Rows": 583193,
                        "Plan Width": 4,
                        "Actual Startup Time": 0.037,
                        "Actual Total Time": 161.409,
                        "Actual Rows": 492524,
                        "Actual Loops": 2,
                        "Filter": "(kind_id < 7)",
                        "Rows Removed by Filter": 771632
                      }
                    ]
                  }
                ]
              }
            ]
          }
        ]
      }
    ]
  },
  "Planning Time": 0.387,
  "Triggers": [],
  "Execution Time": 516.182
}