[
  {
    "Plan": {
      "Node Type": "Aggregate",
      "Strategy": "Plain",
      "Partial Mode": "Finalize",
      "Parallel Aware": false,
      "Startup Cost": 108604.09,
      "Total Cost": 108604.1,
      "Plan Rows": 1,
      "Plan Width": 8,
      "Actual Startup Time": 450.724,
      "Actual Total Time": 469.133,
      "Actual Rows": 1,
      "Actual Loops": 1,
      "Plans": [
        {
          "Node Type": "Gather",
          "Parent Relationship": "Outer",
          "Parallel Aware": false,
          "Startup Cost": 108603.77,
          "Total Cost": 108604.08,
          "Plan Rows": 3,
          "Plan Width": 8,
          "Actual Startup Time": 447.597,
          "Actual Total Time": 469.119,
          "Actual Rows": 4,
          "Actual Loops": 1,
          "Workers Planned": 3,
          "Workers Launched": 3,
          "Single Copy": false,
          "Plans": [
            {
              "Node Type": "Aggregate",
              "Strategy": "Plain",
              "Partial Mode": "Partial",
              "Parent Relationship": "Outer",
              "Parallel Aware": false,
              "Startup Cost": 107603.77,
              "Total Cost": 107603.78,
              "Plan Rows": 1,
              "Plan Width": 8,
              "Actual Startup Time": 440.988,
              "Actual Total Time": 441.3,
              "Actual Rows": 1,
              "Actual Loops": 4,
              "Plans": [
                {
                  "Node Type": "Hash Join",
                  "Parent Relationship": "Outer",
                  "Parallel Aware": true,
                  "Join Type": "Inner",
                  "Startup Cost": 63746.11,
                  "Total Cost": 107570.38,
                  "Plan Rows": 13357,
                  "Plan Width": 0,
                  "Actual Startup Time": 294.818,
                  "Actual Total Time": 434.674,
                  "Actual Rows": 127770,
                  "Actual Loops": 4,
                  "Inner Unique": false,
                  "Hash Cond": "(mk.movie_id = t.id)",
                  "Plans": [
                    {
                      "Node Type": "Seq Scan",
                      "Parent Relationship": "Outer",
                      "Parallel Aware": true,
                      "Relation Name": "movie_keyword",
                      "Alias": "mk",
                      "Startup Cost": 0.0,
                      "Total Cost": 42695.65,
                      "Plan Rows": 286122,
                      "Plan Width": 4,
                      "Actual Startup Time": 1.795,
                      "Actual Total Time": 98.956,
                      "Actual Rows": 220553,
                      "Actual Loops": 4,
                      "Filter": "(keyword_id > 20894)",
                      "Rows Removed by Filter": 910429
                    },
                    {
                      "Node Type": "Hash",
                      "Parent Relationship": "Inner",
                      "Parallel Aware": true,
                      "Startup Cost": 63131.33,
                      "Total Cost": 63131.33,
                      "Plan Rows": 49182,
                      "Plan Width": 8,
                      "Actual Startup Time": 292.058,
                      "Actual Total Time": 292.368,
                      "Actual Rows": 62161,
                      "Actual Loops": 4,
                      "Hash Buckets": 262144,
                      "Original Hash Buckets": 131072,
                      "Hash Batches": 1,
                      "Original Hash Batches": 1,
                      "Peak Memory Usage": 12864,
                      "Plans": [
                        {
                          "Node Type": "Hash Join",
                          "Parent Relationship": "Outer",
                          "Parallel Aware": true,
                          "Join Type": "Inner",
                          "Startup Cost": 47505.01,
                          "Total Cost": 63131.33,
                          "Plan Rows": 49182,
                          "Plan Width": 8,
                          "Actual Startup Time": 186.407,
                          "Actual Total Time": 268.4,
                          "Actual Rows": 62161,
                          "Actual Loops": 4,
                          "Inner Unique": true,
                          "Hash Cond": "(mi_idx.movie_id = t.id)",
                          "Plans": [
                            {
                              "Node Type": "Seq Scan",
                              "Parent Relationship": "Outer",
                              "Parallel Aware": true,
                              "Relation Name": "movie_info_idx",
                              "Alias": "mi_idx",
                              "Startup Cost": 0.0,
                              "Total Cost": 15122.68,
                              "Plan Rows": 191863,
                              "Plan Width": 4,
                              "Actual Startup Time": 0.022,
                              "Actual Total Time": 38.011,
                              "Actual Rows": 114981,
                              "Actual Loops": 4,
                              "Filter": "(info_type_id = 100)",
                              "Rows Removed by Filter": 230028
                            },
                            {
                              "Node Type": "Hash",
                              "Parent Relationship": "Inner",
                              "Parallel Aware": true,
                              "Startup Cost": 45479.59,
                              "Total Cost": 45479.59,
                              "Plan Rows": 162034,
                              "Plan Width": 4,
                              "Actual Startup Time": 183.329,
                              "Actual Total Time": 183.33,
                              "Actual Rows": 171514,
                              "Actual Loops": 4,
                              "Hash Buckets": 1048576,
                              "Original Hash Buckets": 1048576,
                              "Hash Batches": 1,
                              "Original Hash Batches": 1,
                              "Peak Memory Usage": 35136,
                              "Plans": [
                                {
                                  "Node Type": "Seq Scan",
                                  "Parent Relationship": "Outer",
                                  "Parallel Aware": true,
                                  "Relation Name": "title",
                                  "Alias": "t",
                                  "Startup Cost": 0.0,
                                  "Total Cost": 45479.59,
                                  "Plan Rows": 162034,
                                  "Plan Width": 4,
                                  "Actual Startup Time": 0.047,
                                  "Actual Total Time": 113.443,
                                  "Actual Rows": 171514,
                                  "Actual Loops": 4,
                                  "Filter": "((kind_id < 4) AND (production_year < 2010))",
                                  "Rows Removed by Filter": 460564
                                }
                              ]
                            }
                          ]
                        }
                      ]
                    }
                  ]
                }
              ]
            }
          ]
        }
      ]
    },
    "Planning Time": 1.075,
    "Triggers": [],
    "Execution Time": 469.205
  }
]