[
  {
    "Plan": {
      "Node Type": "Aggregate",
      "Strategy": "Plain",
      "Partial Mode": "Finalize",
      "Parallel Aware": false,
      "Startup Cost": 108621.44,
      "Total Cost": 108621.45,
      "Plan Rows": 1,
      "Plan Width": 8,
      "Actual Startup Time": 440.798,
      "Actual Total Time": 458.446,
      "Actual Rows": 1,
      "Actual Loops": 1,
      "Plans": [
        {
          "Node Type": "Gather",
          "Parent Relationship": "Outer",
          "Parallel Aware": false,
          "Startup Cost": 108621.13,
          "Total Cost": 108621.44,
          "Plan Rows": 3,
          "Plan Width": 8,
          "Actual Startup Time": 436.11,
          "Actual Total Time": 458.437,
          "Actual Rows": 4,
          "Actual Loops": 1,
          "Workers Planned": 3,
          "Workers Launched": 3,
          "Single Copy": false,
          "Plans": [
            {
              "Node Type": "Aggregate",
              "Strategy": "Plain",
              "Partial Mode": "Partial",
              "Parent Relationship": "Outer",
              "Parallel Aware": false,
              "Startup Cost": 107621.13,
              "Total Cost": 107621.14,
              "Plan Rows": 1,
              "Plan Width": 8,
              "Actual Startup Time": 425.248,
              "Actual Total Time": 425.253,
              "Actual Rows": 1,
              "Actual Loops": 4,
              "Plans": [
                {
                  "Node Type": "Hash Join",
                  "Parent Relationship": "Outer",
                  "Parallel Aware": true,
                  "Join Type": "Inner",
                  "Startup Cost": 63764.74,
                  "Total Cost": 107587.39,
                  "Plan Rows": 13494,
                  "Plan Width": 0,
                  "Actual Startup Time": 283.863,
                  "Actual Total Time": 419.509,
                  "Actual Rows": 127770,
                  "Actual Loops": 4,
                  "Inner Unique": false,
                  "Hash Cond": "(mk.movie_id = t.id)",
                  "Plans": [
                    {
                      "Node Type": "Seq Scan",
                      "Parent Relationship": "Outer",
                      "Parallel Aware": true,
                      "Relation Name": "movie_keyword",
                      "Alias": "mk",
                      "Startup Cost": 0.0,
                      "Total Cost": 42695.65,
                      "Plan Rows": 285539,
                      "Plan Width": 4,
                      "Actual Startup Time": 1.761,
                      "Actual Total Time": 96.559,
                      "Actual Rows": 220553,
                      "Actual Loops": 4,
                      "Filter": "(keyword_id > 20894)",
                      "Rows Removed by Filter": 910429
                    },
                    {
                      "Node Type": "Hash",
                      "Parent Relationship": "Inner",
                      "Parallel Aware": true,
                      "Startup Cost": 63142.43,
                      "Total Cost": 63142.43,
                      "Plan Rows": 49785,
                      "Plan Width": 8,
                      "Actual Startup Time": 280.218,
                      "Actual Total Time": 280.221,
                      "Actual Rows": 62161,
                      "Actual Loops": 4,
                      "Hash Buckets": 262144,
                      "Original Hash Buckets": 131072,
                      "Hash Batches": 1,
                      "Original Hash Batches": 1,
                      "Peak Memory Usage": 12896,
                      "Plans": [
                        {
                          "Node Type": "Hash Join",
                          "Parent Relationship": "Outer",
                          "Parallel Aware": true,
                          "Join Type": "Inner",
                          "Startup Cost": 47511.77,
                          "Total Cost": 63142.43,
                          "Plan Rows": 49785,
                          "Plan Width": 8,
                          "Actual Startup Time": 181.098,
                          "Actual Total Time": 256.991,
                          "Actual Rows": 62161,
                          "Actual Loops": 4,
                          "Inner Unique": true,
                          "Hash Cond": "(mi_idx.movie_id = t.id)",
                          "Plans": [
                            {
                              "Node Type": "Seq Scan",
                              "Parent Relationship": "Outer",
                              "Parallel Aware": true,
                              "Relation Name": "movie_info_idx",
                              "Alias": "mi_idx",
                              "Startup Cost": 0.0,
                              "Total Cost": 15122.68,
                              "Plan Rows": 193512,
                              "Plan Width": 4,
                              "Actual Startup Time": 0.029,
                              "Actual Total Time": 33.072,
                              "Actual Rows": 114981,
                              "Actual Loops": 4,
                              "Filter": "(info_type_id = 100)",
                              "Rows Removed by Filter": 230028
                            },
                            {
                              "Node Type": "Hash",
                              "Parent Relationship": "Inner",
                              "Parallel Aware": true,
                              "Startup Cost": 45479.1,
                              "Total Cost": 45479.1,
                              "Plan Rows": 162614,
                              "Plan Width": 4,
                              "Actual Startup Time": 177.287,
                              "Actual Total Time": 177.288,
                              "Actual Rows": 171514,
                              "Actual Loops": 4,
                              "Hash Buckets": 1048576,
                              "Original Hash Buckets": 1048576,
                              "Hash Batches": 1,
                              "Original Hash Batches": 1,
                              "Peak Memory Usage": 35104,
                              "Plans": [
                                {
                                  "Node Type": "Seq Scan",
                                  "Parent Relationship": "Outer",
                                  "Parallel Aware": true,
                                  "Relation Name": "title",
                                  "Alias": "t",
                                  "Startup Cost": 0.0,
                                  "Total Cost": 45479.1,
                                  "Plan Rows": 162614,
                                  "Plan Width": 4,
                                  "Actual Startup Time": 0.058,
                                  "Actual Total Time": 109.058,
                                  "Actual Rows": 171514,
                                  "Actual Loops": 4,
                                  "Filter": "((kind_id < 4) AND (production_year < 2010))",
                                  "Rows Removed by Filter": 460564
                                }
                              ]
                            }
                          ]
                        }
                      ]
                    }
                  ]
                }
              ]
            }
          ]
        }
      ]
    },
    "Planning Time": 1.392,
    "Triggers": [],
    "Execution Time": 458.536
  }
]