[
  {
    "Plan": {
      "Node Type": "Aggregate",
      "Strategy": "Plain",
      "Partial Mode": "Finalize",
      "Parallel Aware": false,
      "Startup Cost": 7494.24,
      "Total Cost": 7494.25,
      "Plan Rows": 1,
      "Plan Width": 8,
      "Actual Startup Time": 37.352,
      "Actual Total Time": 41.394,
      "Actual Rows": 1,
      "Actual Loops": 1,
      "Plans": [
        {
          "Node Type": "Gather",
          "Parent Relationship": "Outer",
          "Parallel Aware": false,
          "Startup Cost": 7494.02,
          "Total Cost": 7494.23,
          "Plan Rows": 2,
          "Plan Width": 8,
          "Actual Startup Time": 37.145,
          "Actual Total Time": 41.385,
          "Actual Rows": 3,
          "Actual Loops": 1,
          "Workers Planned": 2,
          "Workers Launched": 2,
          "Single Copy": false,
          "Plans": [
            {
              "Node Type": "Aggregate",
              "Strategy": "Plain",
              "Partial Mode": "Partial",
              "Parent Relationship": "Outer",
              "Parallel Aware": false,
              "Startup Cost": 6494.02,
              "Total Cost": 6494.03,
              "Plan Rows": 1,
              "Plan Width": 8,
              "Actual Startup Time": 33.557,
              "Actual Total Time": 33.558,
              "Actual Rows": 1,
              "Actual Loops": 3,
              "Plans": [
                {
                  "Node Type": "Index Scan",
                  "Parent Relationship": "Outer",
                  "Parallel Aware": true,
                  "Scan Direction": "Forward",
                  "Index Name": "role_id_cast_info",
                  "Relation Name": "cast_info",
                  "Alias": "ci",
                  "Startup Cost": 0.56,
                  "Total Cost": 6381.34,
                  "Plan Rows": 45075,
                  "Plan Width": 0,
                  "Actual Startup Time": 0.062,
                  "Actual Total Time": 27.64,
                  "Actual Rows": 84716,
                  "Actual Loops": 3,
                  "Index Cond": "(role_id = 7)",
                  "Rows Removed by Index Recheck": 0,
                  "Filter": "(person_id > 1781080)",
                  "Rows Removed by Filter": 7419
                }
              ]
            }
          ]
        }
      ]
    },
    "Planning Time": 0.228,
    "Triggers": [],
    "Execution Time": 41.45
  }
]