[
  {
    "Plan": {
      "Node Type": "Aggregate",
      "Strategy": "Plain",
      "Partial Mode": "Finalize",
      "Parallel Aware": false,
      "Startup Cost": 47205.33,
      "Total Cost": 47205.34,
      "Plan Rows": 1,
      "Plan Width": 8,
      "Actual Startup Time": 110.314,
      "Actual Total Time": 121.537,
      "Actual Rows": 1,
      "Actual Loops": 1,
      "Plans": [
        {
          "Node Type": "Gather",
          "Parent Relationship": "Outer",
          "Parallel Aware": false,
          "Startup Cost": 47204.91,
          "Total Cost": 47205.32,
          "Plan Rows": 4,
          "Plan Width": 8,
          "Actual Startup Time": 110.012,
          "Actual Total Time": 121.528,
          "Actual Rows": 5,
          "Actual Loops": 1,
          "Workers Planned": 4,
          "Workers Launched": 4,
          "Single Copy": false,
          "Plans": [
            {
              "Node Type": "Aggregate",
              "Strategy": "Plain",
              "Partial Mode": "Partial",
              "Parent Relationship": "Outer",
              "Parallel Aware": false,
              "Startup Cost": 46204.91,
              "Total Cost": 46204.92,
              "Plan Rows": 1,
              "Plan Width": 8,
              "Actual Startup Time": 102.827,
              "Actual Total Time": 102.829,
              "Actual Rows": 1,
              "Actual Loops": 5,
              "Plans": [
                {
                  "Node Type": "Seq Scan",
                  "Parent Relationship": "Outer",
                  "Parallel Aware": true,
                  "Relation Name": "title",
                  "Alias": "t",
                  "Startup Cost": 0.0,
                  "Total Cost": 45479.1,
                  "Plan Rows": 290325,
                  "Plan Width": 0,
                  "Actual Startup Time": 0.032,
                  "Actual Total Time": 89.336,
                  "Actual Rows": 256764,
                  "Actual Loops": 5,
                  "Filter": "((kind_id > 3) AND (production_year > 1990))",
                  "Rows Removed by Filter": 248898
                }
              ]
            }
          ]
        }
      ]
    },
    "Planning Time": 0.191,
    "Triggers": [],
    "Execution Time": 121.6
  }
]