{
  "Plan": {
    "Node Type": "Aggregate",
    "Strategy": "Plain",
    "Partial Mode": "Finalize",
    "Parallel Aware": false,
    "Startup Cost": 28738.38,
    "Total Cost": 28738.39,
    "Plan Rows": 1,
    "Plan Width": 8,
    "Actual Startup Time": 37.417,
    "Actual Total Time": 41.421,
    "Actual Rows": 1,
    "Actual Loops": 1,
    "Plans": [
      {
        "Node Type": "Gather",
        "Parent Relationship": "Outer",
        "Parallel Aware": false,
        "Startup Cost": 28738.26,
        "Total Cost": 28738.37,
        "Plan Rows": 1,
        "Plan Width": 8,
        "Actual Startup Time": 37.278,
        "Actual Total Time": 41.414,
        "Actual Rows": 2,
        "Actual Loops": 1,
        "Workers Planned": 1,
        "Workers Launched": 1,
        "Single Copy": false,
        "Plans": [
          {
            "Node Type": "Aggregate",
            "Strategy": "Plain",
            "Partial Mode": "Partial",
            "Parent Relationship": "Outer",
            "Parallel Aware": false,
            "Startup Cost": 27738.26,
            "Total Cost": 27738.27,
            "Plan Rows": 1,
            "Plan Width": 8,
            "Actual Startup Time": 31.354,
            "Actual Total Time": 31.355,
            "Actual Rows": 1,
            "Actual Loops": 2,
            "Plans": [
              {
                "Node Type": "Nested Loop",
                "Parent Relationship": "Outer",
                "Parallel Aware": false,
                "Join Type": "Inner",
                "Startup Cost": 63.6,
                "Total Cost": 27735.21,
                "Plan Rows": 1223,
                "Plan Width": 0,
                "Actual Startup Time": 3.025,
                "Actual Total Time": 31.267,
                "Actual Rows": 330,
                "Actual Loops": 2,
                "Inner Unique": true,
                "Plans": [
                  {
                    "Node Type": "Bitmap Heap Scan",
                    "Parent Relationship": "Outer",
                    "Parallel Aware": true,
                    "Relation Name": "movie_info",
                    "Alias": "mi",
                    "Startup Cost": 63.17,
                    "Total Cost": 12257.69,
                    "Plan Rows": 2029,
                    "Plan Width": 4,
                    "Actual Startup Time": 1.74,
                    "Actual Total Time": 6.397,
                    "Actual Rows": 3289,
                    "Actual Loops": 2,
                    "Recheck Cond": "(info_type_id = 77)",
                    "Rows Removed by Index Recheck": 0,
                    "Exact Heap Blocks": 1094,
                    "Lossy Heap Blocks": 0,
                    "Plans": [
                      {
                        "Node Type": "Bitmap Index Scan",
                        "Parent Relationship": "Outer",
                        "Parallel Aware": false,
                        "Index Name": "info_type_id_movie_info",
                        "Startup Cost": 0.0,
                        "Total Cost": 62.31,
                        "Plan Rows": 3450,
                        "Plan Width": 0,
                        "Actual Startup Time": 2.732,
                        "Actual Total Time": 2.732,
                        "Actual Rows": 6578,
                        "Actual Loops": 1,
                        "Index Cond": "(info_type_id = 77)"
                      }
                    ]
                  },
                  {
                    "Node Type": "Index Scan",
                    "Parent Relationship": "Inner",
                    "Parallel Aware": false,
                    "Scan Direction": "Forward",
                    "Index Name": "title_pkey",
                    "Relation Name": "title",
                    "Alias": "t",
                    "Startup Cost": 0.43,
                    "Total Cost": 7.63,
                    "Plan Rows": 1,
                    "Plan Width": 4,
                    "Actual Startup Time": 0.007,
                    "Actual Total Time": 0.007,
                    "Actual Rows": 0,
                    "Actual Loops": 6578,
                    "Index Cond": "(id = mi.movie_id)",
                    "Rows Removed by Index Recheck": 0,
                    "Filter": "((kind_id > 1) AND (production_year < 2011))",
                    "Rows Removed by Filter": 1
                  }
                ]
              }
            ]
          }
        ]
      }
    ]
  },
  "Planning Time": 0.473,
  "Triggers": [],
  "Execution Time": 41.506
}