[
  {
    "Plan": {
      "Node Type": "Aggregate",
      "Strategy": "Plain",
      "Partial Mode": "Finalize",
      "Parallel Aware": false,
      "Startup Cost": 347242.61,
      "Total Cost": 347242.62,
      "Plan Rows": 1,
      "Plan Width": 8,
      "Actual Startup Time": 708.416,
      "Actual Total Time": 751.208,
      "Actual Rows": 1,
      "Actual Loops": 1,
      "Plans": [
        {
          "Node Type": "Gather",
          "Parent Relationship": "Outer",
          "Parallel Aware": false,
          "Startup Cost": 347241.99,
          "Total Cost": 347242.6,
          "Plan Rows": 6,
          "Plan Width": 8,
          "Actual Startup Time": 708.205,
          "Actual Total Time": 751.195,
          "Actual Rows": 7,
          "Actual Loops": 1,
          "Workers Planned": 6,
          "Workers Launched": 6,
          "Single Copy": false,
          "Plans": [
            {
              "Node Type": "Aggregate",
              "Strategy": "Plain",
              "Partial Mode": "Partial",
              "Parent Relationship": "Outer",
              "Parallel Aware": false,
              "Startup Cost": 346241.99,
              "Total Cost": 346242.0,
              "Plan Rows": 1,
              "Plan Width": 8,
              "Actual Startup Time": 698.326,
              "Actual Total Time": 698.328,
              "Actual Rows": 1,
              "Actual Loops": 7,
              "Plans": [
                {
                  "Node Type": "Seq Scan",
                  "Parent Relationship": "Outer",
                  "Parallel Aware": true,
                  "Relation Name": "cast_info",
                  "Alias": "ci",
                  "Startup Cost": 0.0,
                  "Total Cost": 343316.27,
                  "Plan Rows": 1170287,
                  "Plan Width": 0,
                  "Actual Startup Time": 0.057,
                  "Actual Total Time": 635.225,
                  "Actual Rows": 1312807,
                  "Actual Loops": 7,
                  "Filter": "((person_id < 1253647) AND (role_id < 3))",
                  "Rows Removed by Filter": 3864957
                }
              ]
            }
          ]
        }
      ]
    },
    "Planning Time": 0.12,
    "Triggers": [],
    "Execution Time": 751.248
  }
]