[
  {
    "Plan": {
      "Node Type": "Aggregate",
      "Strategy": "Plain",
      "Partial Mode": "Finalize",
      "Parallel Aware": false,
      "Startup Cost": 347157.52,
      "Total Cost": 347157.53,
      "Plan Rows": 1,
      "Plan Width": 8,
      "Actual Startup Time": 726.618,
      "Actual Total Time": 785.935,
      "Actual Rows": 1,
      "Actual Loops": 1,
      "Plans": [
        {
          "Node Type": "Gather",
          "Parent Relationship": "Outer",
          "Parallel Aware": false,
          "Startup Cost": 347156.89,
          "Total Cost": 347157.5,
          "Plan Rows": 6,
          "Plan Width": 8,
          "Actual Startup Time": 726.479,
          "Actual Total Time": 785.923,
          "Actual Rows": 7,
          "Actual Loops": 1,
          "Workers Planned": 6,
          "Workers Launched": 6,
          "Single Copy": false,
          "Plans": [
            {
              "Node Type": "Aggregate",
              "Strategy": "Plain",
              "Partial Mode": "Partial",
              "Parent Relationship": "Outer",
              "Parallel Aware": false,
              "Startup Cost": 346156.89,
              "Total Cost": 346156.9,
              "Plan Rows": 1,
              "Plan Width": 8,
              "Actual Startup Time": 716.169,
              "Actual Total Time": 716.17,
              "Actual Rows": 1,
              "Actual Loops": 7,
              "Plans": [
                {
                  "Node Type": "Seq Scan",
                  "Parent Relationship": "Outer",
                  "Parallel Aware": true,
                  "Relation Name": "cast_info",
                  "Alias": "ci",
                  "Startup Cost": 0.0,
                  "Total Cost": 343257.03,
                  "Plan Rows": 1159946,
                  "Plan Width": 0,
                  "Actual Startup Time": 0.052,
                  "Actual Total Time": 654.072,
                  "Actual Rows": 1312807,
                  "Actual Loops": 7,
                  "Filter": "((person_id < 1253647) AND (role_id < 3))",
                  "Rows Removed by Filter": 3864957
                }
              ]
            }
          ]
        }
      ]
    },
    "Planning Time": 0.225,
    "Triggers": [],
    "Execution Time": 786.008
  }
]