[
  {
    "Plan": {
      "Node Type": "Aggregate",
      "Strategy": "Plain",
      "Partial Mode": "Finalize",
      "Parallel Aware": false,
      "Startup Cost": 46959.54,
      "Total Cost": 46959.55,
      "Plan Rows": 1,
      "Plan Width": 8,
      "Actual Startup Time": 109.615,
      "Actual Total Time": 122.228,
      "Actual Rows": 1,
      "Actual Loops": 1,
      "Plans": [
        {
          "Node Type": "Gather",
          "Parent Relationship": "Outer",
          "Parallel Aware": false,
          "Startup Cost": 46959.12,
          "Total Cost": 46959.53,
          "Plan Rows": 4,
          "Plan Width": 8,
          "Actual Startup Time": 109.32,
          "Actual Total Time": 122.215,
          "Actual Rows": 5,
          "Actual Loops": 1,
          "Workers Planned": 4,
          "Workers Launched": 4,
          "Single Copy": false,
          "Plans": [
            {
              "Node Type": "Aggregate",
              "Strategy": "Plain",
              "Partial Mode": "Partial",
              "Parent Relationship": "Outer",
              "Parallel Aware": false,
              "Startup Cost": 45959.12,
              "Total Cost": 45959.13,
              "Plan Rows": 1,
              "Plan Width": 8,
              "Actual Startup Time": 103.76,
              "Actual Total Time": 103.762,
              "Actual Rows": 1,
              "Actual Loops": 5,
              "Plans": [
                {
                  "Node Type": "Seq Scan",
                  "Parent Relationship": "Outer",
                  "Parallel Aware": true,
                  "Relation Name": "title",
                  "Alias": "t",
                  "Startup Cost": 0.0,
                  "Total Cost": 45479.59,
                  "Plan Rows": 191814,
                  "Plan Width": 0,
                  "Actual Startup Time": 0.026,
                  "Actual Total Time": 95.778,
                  "Actual Rows": 136456,
                  "Actual Loops": 5,
                  "Filter": "((production_year < 2004) AND (kind_id = 7))",
                  "Rows Removed by Filter": 369206
                }
              ]
            }
          ]
        }
      ]
    },
    "Planning Time": 0.103,
    "Triggers": [],
    "Execution Time": 122.264
  }
]