[
  {
    "Plan": {
      "Node Type": "Aggregate",
      "Strategy": "Plain",
      "Partial Mode": "Finalize",
      "Parallel Aware": false,
      "Startup Cost": 187540.75,
      "Total Cost": 187540.76,
      "Plan Rows": 1,
      "Plan Width": 8,
      "Actual Startup Time": 197.226,
      "Actual Total Time": 210.965,
      "Actual Rows": 1,
      "Actual Loops": 1,
      "Plans": [
        {
          "Node Type": "Gather",
          "Parent Relationship": "Outer",
          "Parallel Aware": false,
          "Startup Cost": 187540.23,
          "Total Cost": 187540.74,
          "Plan Rows": 5,
          "Plan Width": 8,
          "Actual Startup Time": 195.953,
          "Actual Total Time": 210.943,
          "Actual Rows": 6,
          "Actual Loops": 1,
          "Workers Planned": 5,
          "Workers Launched": 5,
          "Single Copy": false,
          "Plans": [
            {
              "Node Type": "Aggregate",
              "Strategy": "Plain",
              "Partial Mode": "Partial",
              "Parent Relationship": "Outer",
              "Parallel Aware": false,
              "Startup Cost": 186540.23,
              "Total Cost": 186540.24,
              "Plan Rows": 1,
              "Plan Width": 8,
              "Actual Startup Time": 187.824,
              "Actual Total Time": 187.827,
              "Actual Rows": 1,
              "Actual Loops": 6,
              "Plans": [
                {
                  "Node Type": "Bitmap Heap Scan",
                  "Parent Relationship": "Outer",
                  "Parallel Aware": true,
                  "Relation Name": "movie_info",
                  "Alias": "mi",
                  "Startup Cost": 21052.5,
                  "Total Cost": 185957.77,
                  "Plan Rows": 232982,
                  "Plan Width": 0,
                  "Actual Startup Time": 74.256,
                  "Actual Total Time": 174.405,
                  "Actual Rows": 192385,
                  "Actual Loops": 6,
                  "Recheck Cond": "(info_type_id > 50)",
                  "Rows Removed by Index Recheck": 0,
                  "Exact Heap Blocks": 11336,
                  "Lossy Heap Blocks": 0,
                  "Plans": [
                    {
                      "Node Type": "Bitmap Index Scan",
                      "Parent Relationship": "Outer",
                      "Parallel Aware": false,
                      "Index Name": "info_type_id_movie_info",
                      "Startup Cost": 0.0,
                      "Total Cost": 20761.27,
                      "Plan Rows": 1164911,
                      "Plan Width": 0,
                      "Actual Startup Time": 76.103,
                      "Actual Total Time": 76.104,
                      "Actual Rows": 1154311,
                      "Actual Loops": 1,
                      "Index Cond": "(info_type_id > 50)"
                    }
                  ]
                }
              ]
            }
          ]
        }
      ]
    },
    "Planning Time": 0.089,
    "Triggers": [],
    "Execution Time": 211.012
  }
]