[
    {
        "Bao": {
            "Bao prediction": 494.452,
            "Bao recommended hint": "(no hint)"
        }
    },
    {
        "Plan": {
            "Node Type": "Aggregate",
            "Strategy": "Plain",
            "Partial Mode": "Finalize",
            "Parallel Aware": false,
            "Startup Cost": 45965.28,
            "Total Cost": 45965.29,
            "Plan Rows": 1,
            "Plan Width": 8,
            "Actual Startup Time": 216.963,
            "Actual Total Time": 225.241,
            "Actual Rows": 1,
            "Actual Loops": 1,
            "Output": [
                "count(*)"
            ],
            "Plans": [
                {
                    "Node Type": "Gather",
                    "Parent Relationship": "Outer",
                    "Parallel Aware": false,
                    "Startup Cost": 45964.96,
                    "Total Cost": 45965.27,
                    "Plan Rows": 3,
                    "Plan Width": 8,
                    "Actual Startup Time": 216.826,
                    "Actual Total Time": 225.152,
                    "Actual Rows": 4,
                    "Actual Loops": 1,
                    "Output": [
                        "(PARTIAL count(*))"
                    ],
                    "Workers Planned": 3,
                    "Workers Launched": 3,
                    "Single Copy": false,
                    "Plans": [
                        {
                            "Node Type": "Aggregate",
                            "Strategy": "Plain",
                            "Partial Mode": "Partial",
                            "Parent Relationship": "Outer",
                            "Parallel Aware": false,
                            "Startup Cost": 44964.96,
                            "Total Cost": 44964.97,
                            "Plan Rows": 1,
                            "Plan Width": 8,
                            "Actual Startup Time": 209.096,
                            "Actual Total Time": 209.098,
                            "Actual Rows": 1,
                            "Actual Loops": 4,
                            "Output": [
                                "PARTIAL count(*)"
                            ],
                            "Workers": [
                                {
                                    "Worker Number": 0,
                                    "Actual Startup Time": 206.418,
                                    "Actual Total Time": 206.419,
                                    "Actual Rows": 1,
                                    "Actual Loops": 1
                                },
                                {
                                    "Worker Number": 1,
                                    "Actual Startup Time": 206.515,
                                    "Actual Total Time": 206.516,
                                    "Actual Rows": 1,
                                    "Actual Loops": 1
                                },
                                {
                                    "Worker Number": 2,
                                    "Actual Startup Time": 207.181,
                                    "Actual Total Time": 207.183,
                                    "Actual Rows": 1,
                                    "Actual Loops": 1
                                }
                            ],
                            "Plans": [
                                {
                                    "Node Type": "Seq Scan",
                                    "Parent Relationship": "Outer",
                                    "Parallel Aware": true,
                                    "Relation Name": "movie_keyword",
                                    "Schema": "public",
                                    "Alias": "mk",
                                    "Startup Cost": 0.0,
                                    "Total Cost": 42695.65,
                                    "Plan Rows": 907724,
                                    "Plan Width": 0,
                                    "Actual Startup Time": 0.62,
                                    "Actual Total Time": 160.204,
                                    "Actual Rows": 703094,
                                    "Actual Loops": 4,
                                    "Output": [
                                        "id",
                                        "movie_id",
                                        "keyword_id"
                                    ],
                                    "Filter": "(mk.keyword_id > 2724)",
                                    "Rows Removed by Filter": 427888,
                                    "Workers": [
                                        {
                                            "Worker Number": 0,
                                            "Actual Startup Time": 0.34,
                                            "Actual Total Time": 158.191,
                                            "Actual Rows": 685709,
                                            "Actual Loops": 1
                                        },
                                        {
                                            "Worker Number": 1,
                                            "Actual Startup Time": 0.441,
                                            "Actual Total Time": 159.52,
                                            "Actual Rows": 657882,
                                            "Actual Loops": 1
                                        },
                                        {
                                            "Worker Number": 2,
                                            "Actual Startup Time": 0.059,
                                            "Actual Total Time": 159.078,
                                            "Actual Rows": 682921,
                                            "Actual Loops": 1
                                        }
                                    ]
                                }
                            ]
                        }
                    ]
                }
            ]
        },
        "Planning Time": 1415.911,
        "Triggers": [],
        "Execution Time": 225.328
    }
]