{
  "Plan": {
    "Node Type": "Aggregate",
    "Strategy": "Plain",
    "Partial Mode": "Finalize",
    "Parallel Aware": false,
    "Startup Cost": 2912974.1,
    "Total Cost": 2912974.11,
    "Plan Rows": 1,
    "Plan Width": 8,
    "Actual Startup Time": 21271.699,
    "Actual Total Time": 21383.779,
    "Actual Rows": 1,
    "Actual Loops": 1,
    "Plans": [
      {
        "Node Type": "Gather",
        "Parent Relationship": "Outer",
        "Parallel Aware": false,
        "Startup Cost": 2912973.99,
        "Total Cost": 2912974.1,
        "Plan Rows": 1,
        "Plan Width": 8,
        "Actual Startup Time": 21268.541,
        "Actual Total Time": 21383.764,
        "Actual Rows": 2,
        "Actual Loops": 1,
        "Workers Planned": 1,
        "Workers Launched": 1,
        "Single Copy": false,
        "Plans": [
          {
            "Node Type": "Aggregate",
            "Strategy": "Plain",
            "Partial Mode": "Partial",
            "Parent Relationship": "Outer",
            "Parallel Aware": false,
            "Startup Cost": 2911973.99,
            "Total Cost": 2911974.0,
            "Plan Rows": 1,
            "Plan Width": 8,
            "Actual Startup Time": 21260.558,
            "Actual Total Time": 21260.565,
            "Actual Rows": 1,
            "Actual Loops": 2,
            "Plans": [
              {
                "Node Type": "Nested Loop",
                "Parent Relationship": "Outer",
                "Parallel Aware": false,
                "Join Type": "Inner",
                "Startup Cost": 62826.72,
                "Total Cost": 2866498.4,
                "Plan Rows": 18190236,
                "Plan Width": 0,
                "Actual Startup Time": 359.372,
                "Actual Total Time": 20485.424,
                "Actual Rows": 18381358,
                "Actual Loops": 2,
                "Inner Unique": false,
                "Join Filter": "(t.id = ci.movie_id)",
                "Rows Removed by Join Filter": 0,
                "Plans": [
                  {
                    "Node Type": "Hash Join",
                    "Parent Relationship": "Outer",
                    "Parallel Aware": true,
                    "Join Type": "Inner",
                    "Startup Cost": 62826.15,
                    "Total Cost": 341042.79,
                    "Plan Rows": 1269466,
                    "Plan Width": 8,
                    "Actual Startup Time": 359.288,
                    "Actual Total Time": 2073.918,
                    "Actual Rows": 986178,
                    "Actual Loops": 2,
                    "Inner Unique": true,
                    "Hash Cond": "(mi.movie_id = t.id)",
                    "Plans": [
                      {
                        "Node Type": "Seq Scan",
                        "Parent Relationship": "Outer",
                        "Parallel Aware": true,
                        "Relation Name": "movie_info",
                        "Alias": "mi",
                        "Startup Cost": 0.0,
                        "Total Cost": 270696.42,
                        "Plan Rows": 2864842,
                        "Plan Width": 4,
                        "Actual Startup Time": 0.011,
                        "Actual Total Time": 693.173,
                        "Actual Rows": 2461983,
                        "Actual Loops": 2,
                        "Filter": "(info_type_id < 5)",
                        "Rows Removed by Filter": 4955877
                      },
                      {
                        "Node Type": "Hash",
                        "Parent Relationship": "Inner",
                        "Parallel Aware": true,
                        "Startup Cost": 54588.39,
                        "Total Cost": 54588.39,
                        "Plan Rows": 659021,
                        "Plan Width": 4,
                        "Actual Startup Time": 343.026,
                        "Actual Total Time": 343.027,
                        "Actual Rows": 553962,
                        "Actual Loops": 2,
                        "Hash Buckets": 2097152,
                        "Original Hash Buckets": 2097152,
                        "Hash Batches": 1,
                        "Original Hash Batches": 1,
                        "Peak Memory Usage": 59776,
                        "Plans": [
                          {
                            "Node Type": "Seq Scan",
                            "Parent Relationship": "Outer",
                            "Parallel Aware": true,
                            "Relation Name": "title",
                            "Alias": "t",
                            "Startup Cost": 0.0,
                            "Total Cost": 54588.39,
                            "Plan Rows": 659021,
                            "Plan Width": 4,
                            "Actual Startup Time": 0.034,
                            "Actual Total Time": 167.851,
                            "Actual Rows": 553962,
                            "Actual Loops": 2,
                            "Filter": "(production_year > 2004)",
                            "Rows Removed by Filter": 710194
                          }
                        ]
                      }
                    ]
                  },
                  {
                    "Node Type": "Index Only Scan",
                    "Parent Relationship": "Inner",
                    "Parallel Aware": false,
                    "Scan Direction": "Forward",
                    "Index Name": "movie_id_cast_info",
                    "Relation Name": "cast_info",
                    "Alias": "ci",
                    "Startup Cost": 0.56,
                    "Total Cost": 1.53,
                    "Plan Rows": 37,
                    "Plan Width": 4,
                    "Actual Startup Time": 0.003,
                    "Actual Total Time": 0.017,
                    "Actual Rows": 19,
                    "Actual Loops": 1972357,
                    "Index Cond": "(movie_id = mi.movie_id)",
                    "Rows Removed by Index Recheck": 0,
                    "Heap Fetches": 36762717
                  }
                ]
              }
            ]
          }
        ]
      }
    ]
  },
  "Planning Time": 0.995,
  "Triggers": [],
  "Execution Time": 21383.879
}