[
  {
    "Plan": {
      "Node Type": "Aggregate",
      "Strategy": "Plain",
      "Partial Mode": "Finalize",
      "Parallel Aware": false,
      "Startup Cost": 33150.77,
      "Total Cost": 33150.78,
      "Plan Rows": 1,
      "Plan Width": 8,
      "Actual Startup Time": 91.626,
      "Actual Total Time": 99.044,
      "Actual Rows": 1,
      "Actual Loops": 1,
      "Plans": [
        {
          "Node Type": "Gather",
          "Parent Relationship": "Outer",
          "Parallel Aware": false,
          "Startup Cost": 33150.45,
          "Total Cost": 33150.76,
          "Plan Rows": 3,
          "Plan Width": 8,
          "Actual Startup Time": 91.564,
          "Actual Total Time": 99.037,
          "Actual Rows": 4,
          "Actual Loops": 1,
          "Workers Planned": 3,
          "Workers Launched": 3,
          "Single Copy": false,
          "Plans": [
            {
              "Node Type": "Aggregate",
              "Strategy": "Plain",
              "Partial Mode": "Partial",
              "Parent Relationship": "Outer",
              "Parallel Aware": false,
              "Startup Cost": 32150.45,
              "Total Cost": 32150.46,
              "Plan Rows": 1,
              "Plan Width": 8,
              "Actual Startup Time": 86.161,
              "Actual Total Time": 86.166,
              "Actual Rows": 1,
              "Actual Loops": 4,
              "Plans": [
                {
                  "Node Type": "Seq Scan",
                  "Parent Relationship": "Outer",
                  "Parallel Aware": true,
                  "Relation Name": "movie_companies",
                  "Alias": "mc",
                  "Startup Cost": 0.0,
                  "Total Cost": 31414.82,
                  "Plan Rows": 294253,
                  "Plan Width": 0,
                  "Actual Startup Time": 45.932,
                  "Actual Total Time": 79.683,
                  "Actual Rows": 147718,
                  "Actual Loops": 4,
                  "Filter": "((company_id < 27702) AND (company_type_id = 2))",
                  "Rows Removed by Filter": 504564
                }
              ]
            }
          ]
        }
      ]
    },
    "Planning Time": 0.181,
    "Triggers": [],
    "Execution Time": 99.09
  }
]