[
  {
    "Plan": {
      "Node Type": "Aggregate",
      "Strategy": "Plain",
      "Partial Mode": "Finalize",
      "Parallel Aware": false,
      "Startup Cost": 127974.86,
      "Total Cost": 127974.87,
      "Plan Rows": 1,
      "Plan Width": 8,
      "Actual Startup Time": 587.561,
      "Actual Total Time": 610.106,
      "Actual Rows": 1,
      "Actual Loops": 1,
      "Plans": [
        {
          "Node Type": "Gather",
          "Parent Relationship": "Outer",
          "Parallel Aware": false,
          "Startup Cost": 127974.55,
          "Total Cost": 127974.86,
          "Plan Rows": 3,
          "Plan Width": 8,
          "Actual Startup Time": 582.571,
          "Actual Total Time": 610.094,
          "Actual Rows": 4,
          "Actual Loops": 1,
          "Workers Planned": 3,
          "Workers Launched": 3,
          "Single Copy": false,
          "Plans": [
            {
              "Node Type": "Aggregate",
              "Strategy": "Plain",
              "Partial Mode": "Partial",
              "Parent Relationship": "Outer",
              "Parallel Aware": false,
              "Startup Cost": 126974.55,
              "Total Cost": 126974.56,
              "Plan Rows": 1,
              "Plan Width": 8,
              "Actual Startup Time": 578.072,
              "Actual Total Time": 578.336,
              "Actual Rows": 1,
              "Actual Loops": 4,
              "Plans": [
                {
                  "Node Type": "Hash Join",
                  "Parent Relationship": "Outer",
                  "Parallel Aware": true,
                  "Join Type": "Inner",
                  "Startup Cost": 95972.58,
                  "Total Cost": 126654.94,
                  "Plan Rows": 127843,
                  "Plan Width": 0,
                  "Actual Startup Time": 392.404,
                  "Actual Total Time": 570.139,
                  "Actual Rows": 198288,
                  "Actual Loops": 4,
                  "Inner Unique": false,
                  "Hash Cond": "(mc.movie_id = t.id)",
                  "Plans": [
                    {
                      "Node Type": "Seq Scan",
                      "Parent Relationship": "Outer",
                      "Parallel Aware": true,
                      "Relation Name": "movie_companies",
                      "Alias": "mc",
                      "Startup Cost": 0.0,
                      "Total Cost": 27206.55,
                      "Plan Rows": 841655,
                      "Plan Width": 4,
                      "Actual Startup Time": 0.012,
                      "Actual Total Time": 57.984,
                      "Actual Rows": 652282,
                      "Actual Loops": 4
                    },
                    {
                      "Node Type": "Hash",
                      "Parent Relationship": "Inner",
                      "Parallel Aware": true,
                      "Startup Cost": 94772.4,
                      "Total Cost": 94772.4,
                      "Plan Rows": 96014,
                      "Plan Width": 8,
                      "Actual Startup Time": 389.681,
                      "Actual Total Time": 389.943,
                      "Actual Rows": 104578,
                      "Actual Loops": 4,
                      "Hash Buckets": 524288,
                      "Original Hash Buckets": 524288,
                      "Hash Batches": 1,
                      "Original Hash Batches": 1,
                      "Peak Memory Usage": 20544,
                      "Plans": [
                        {
                          "Node Type": "Hash Join",
                          "Parent Relationship": "Outer",
                          "Parallel Aware": true,
                          "Join Type": "Inner",
                          "Startup Cost": 45624.62,
                          "Total Cost": 94772.4,
                          "Plan Rows": 96014,
                          "Plan Width": 8,
                          "Actual Startup Time": 160.808,
                          "Actual Total Time": 350.759,
                          "Actual Rows": 104578,
                          "Actual Loops": 4,
                          "Inner Unique": true,
                          "Hash Cond": "(ci.movie_id = t.id)",
                          "Plans": [
                            {
                              "Node Type": "Index Scan",
                              "Parent Relationship": "Outer",
                              "Parallel Aware": true,
                              "Scan Direction": "Forward",
                              "Index Name": "role_id_cast_info",
                              "Relation Name": "cast_info",
                              "Alias": "ci",
                              "Startup Cost": 0.56,
                              "Total Cost": 47993.72,
                              "Plan Rows": 439854,
                              "Plan Width": 4,
                              "Actual Startup Time": 0.245,
                              "Actual Total Time": 74.933,
                              "Actual Rows": 425886,
                              "Actual Loops": 4,
                              "Index Cond": "(role_id = 8)",
                              "Rows Removed by Index Recheck": 0
                            },
                            {
                              "Node Type": "Hash",
                              "Parent Relationship": "Inner",
                              "Parallel Aware": true,
                              "Startup Cost": 43899.32,
                              "Total Cost": 43899.32,
                              "Plan Rows": 137979,
                              "Plan Width": 4,
                              "Actual Startup Time": 157.594,
                              "Actual Total Time": 157.596,
                              "Actual Rows": 142112,
                              "Actual Loops": 4,
                              "Hash Buckets": 1048576,
                              "Original Hash Buckets": 1048576,
                              "Hash Batches": 1,
                              "Original Hash Batches": 1,
                              "Peak Memory Usage": 30496,
                              "Plans": [
                                {
                                  "Node Type": "Seq Scan",
                                  "Parent Relationship": "Outer",
                                  "Parallel Aware": true,
                                  "Relation Name": "title",
                                  "Alias": "t",
                                  "Startup Cost": 0.0,
                                  "Total Cost": 43899.32,
                                  "Plan Rows": 137979,
                                  "Plan Width": 4,
                                  "Actual Startup Time": 0.027,
                                  "Actual Total Time": 97.3,
                                  "Actual Rows": 142112,
                                  "Actual Loops": 4,
                                  "Filter": "(production_year < 1984)",
                                  "Rows Removed by Filter": 489966
                                }
                              ]
                            }
                          ]
                        }
                      ]
                    }
                  ]
                }
              ]
            }
          ]
        }
      ]
    },
    "Planning Time": 0.897,
    "Triggers": [],
    "Execution Time": 610.174
  }
]