{
  "Plan": {
    "Node Type": "Aggregate",
    "Strategy": "Plain",
    "Partial Mode": "Finalize",
    "Parallel Aware": false,
    "Startup Cost": 631035.49,
    "Total Cost": 631035.5,
    "Plan Rows": 1,
    "Plan Width": 8,
    "Actual Startup Time": 3816.297,
    "Actual Total Time": 3874.209,
    "Actual Rows": 1,
    "Actual Loops": 1,
    "Plans": [
      {
        "Node Type": "Gather",
        "Parent Relationship": "Outer",
        "Parallel Aware": false,
        "Startup Cost": 631035.38,
        "Total Cost": 631035.49,
        "Plan Rows": 1,
        "Plan Width": 8,
        "Actual Startup Time": 3814.775,
        "Actual Total Time": 3874.2,
        "Actual Rows": 2,
        "Actual Loops": 1,
        "Workers Planned": 1,
        "Workers Launched": 1,
        "Single Copy": false,
        "Plans": [
          {
            "Node Type": "Aggregate",
            "Strategy": "Plain",
            "Partial Mode": "Partial",
            "Parent Relationship": "Outer",
            "Parallel Aware": false,
            "Startup Cost": 630035.38,
            "Total Cost": 630035.39,
            "Plan Rows": 1,
            "Plan Width": 8,
            "Actual Startup Time": 3809.05,
            "Actual Total Time": 3809.055,
            "Actual Rows": 1,
            "Actual Loops": 2,
            "Plans": [
              {
                "Node Type": "Hash Join",
                "Parent Relationship": "Outer",
                "Parallel Aware": true,
                "Join Type": "Inner",
                "Startup Cost": 106591.26,
                "Total Cost": 629875.78,
                "Plan Rows": 63837,
                "Plan Width": 0,
                "Actual Startup Time": 360.84,
                "Actual Total Time": 3804.876,
                "Actual Rows": 51917,
                "Actual Loops": 2,
                "Inner Unique": false,
                "Hash Cond": "(t.id = mc.movie_id)",
                "Plans": [
                  {
                    "Node Type": "Hash Join",
                    "Parent Relationship": "Outer",
                    "Parallel Aware": true,
                    "Join Type": "Inner",
                    "Startup Cost": 58470.57,
                    "Total Cost": 580203.92,
                    "Plan Rows": 188106,
                    "Plan Width": 8,
                    "Actual Startup Time": 137.826,
                    "Actual Total Time": 3497.328,
                    "Actual Rows": 209014,
                    "Actual Loops": 2,
                    "Inner Unique": true,
                    "Hash Cond": "(ci.movie_id = t.id)",
                    "Plans": [
                      {
                        "Node Type": "Seq Scan",
                        "Parent Relationship": "Outer",
                        "Parallel Aware": true,
                        "Relation Name": "cast_info",
                        "Alias": "ci",
                        "Startup Cost": 0.0,
                        "Total Cost": 465792.95,
                        "Plan Rows": 21310595,
                        "Plan Width": 4,
                        "Actual Startup Time": 0.044,
                        "Actual Total Time": 1501.027,
                        "Actual Rows": 18122172,
                        "Actual Loops": 2
                      },
                      {
                        "Node Type": "Hash",
                        "Parent Relationship": "Inner",
                        "Parallel Aware": true,
                        "Startup Cost": 58306.47,
                        "Total Cost": 58306.47,
                        "Plan Rows": 13128,
                        "Plan Width": 4,
                        "Actual Startup Time": 137.621,
                        "Actual Total Time": 137.621,
                        "Actual Rows": 11214,
                        "Actual Loops": 2,
                        "Hash Buckets": 32768,
                        "Original Hash Buckets": 32768,
                        "Hash Batches": 1,
                        "Original Hash Batches": 1,
                        "Peak Memory Usage": 1152,
                        "Plans": [
                          {
                            "Node Type": "Seq Scan",
                            "Parent Relationship": "Outer",
                            "Parallel Aware": true,
                            "Relation Name": "title",
                            "Alias": "t",
                            "Startup Cost": 0.0,
                            "Total Cost": 58306.47,
                            "Plan Rows": 13128,
                            "Plan Width": 4,
                            "Actual Startup Time": 0.105,
                            "Actual Total Time": 133.274,
                            "Actual Rows": 11214,
                            "Actual Loops": 2,
                            "Filter": "((kind_id < 4) AND (production_year = 2013))",
                            "Rows Removed by Filter": 1252942
                          }
                        ]
                      }
                    ]
                  },
                  {
                    "Node Type": "Hash",
                    "Parent Relationship": "Inner",
                    "Parallel Aware": true,
                    "Startup Cost": 41811.73,
                    "Total Cost": 41811.73,
                    "Plan Rows": 504717,
                    "Plan Width": 4,
                    "Actual Startup Time": 214.087,
                    "Actual Total Time": 214.088,
                    "Actual Rows": 271392,
                    "Actual Loops": 2,
                    "Hash Buckets": 1048576,
                    "Original Hash Buckets": 1048576,
                    "Hash Batches": 1,
                    "Original Hash Batches": 1,
                    "Peak Memory Usage": 29440,
                    "Plans": [
                      {
                        "Node Type": "Seq Scan",
                        "Parent Relationship": "Outer",
                        "Parallel Aware": true,
                        "Relation Name": "movie_companies",
                        "Alias": "mc",
                        "Startup Cost": 0.0,
                        "Total Cost": 41811.73,
                        "Plan Rows": 504717,
                        "Plan Width": 4,
                        "Actual Startup Time": 70.318,
                        "Actual Total Time": 143.172,
                        "Actual Rows": 271392,
                        "Actual Loops": 2,
                        "Filter": "((company_id < 19529) AND (company_type_id = 2))",
                        "Rows Removed by Filter": 1033172
                      }
                    ]
                  }
                ]
              }
            ]
          }
        ]
      }
    ]
  },
  "Planning Time": 1.009,
  "Triggers": [],
  "Execution Time": 3874.309
}