{
  "Plan": {
    "Node Type": "Aggregate",
    "Strategy": "Plain",
    "Partial Mode": "Finalize",
    "Parallel Aware": false,
    "Startup Cost": 257249.96,
    "Total Cost": 257249.97,
    "Plan Rows": 1,
    "Plan Width": 8,
    "Actual Startup Time": 1856.77,
    "Actual Total Time": 1874.348,
    "Actual Rows": 1,
    "Actual Loops": 1,
    "Plans": [
      {
        "Node Type": "Gather",
        "Parent Relationship": "Outer",
        "Parallel Aware": false,
        "Startup Cost": 257249.85,
        "Total Cost": 257249.96,
        "Plan Rows": 1,
        "Plan Width": 8,
        "Actual Startup Time": 1487.842,
        "Actual Total Time": 1874.331,
        "Actual Rows": 2,
        "Actual Loops": 1,
        "Workers Planned": 1,
        "Workers Launched": 1,
        "Single Copy": false,
        "Plans": [
          {
            "Node Type": "Aggregate",
            "Strategy": "Plain",
            "Partial Mode": "Partial",
            "Parent Relationship": "Outer",
            "Parallel Aware": false,
            "Startup Cost": 256249.85,
            "Total Cost": 256249.86,
            "Plan Rows": 1,
            "Plan Width": 8,
            "Actual Startup Time": 1663.0,
            "Actual Total Time": 1663.008,
            "Actual Rows": 1,
            "Actual Loops": 2,
            "Plans": [
              {
                "Node Type": "Merge Join",
                "Parent Relationship": "Outer",
                "Parallel Aware": false,
                "Join Type": "Inner",
                "Startup Cost": 249195.43,
                "Total Cost": 255950.43,
                "Plan Rows": 119768,
                "Plan Width": 0,
                "Actual Startup Time": 1453.159,
                "Actual Total Time": 1639.057,
                "Actual Rows": 601952,
                "Actual Loops": 2,
                "Inner Unique": false,
                "Merge Cond": "(mc.movie_id = t.id)",
                "Plans": [
                  {
                    "Node Type": "Sort",
                    "Parent Relationship": "Outer",
                    "Parallel Aware": false,
                    "Startup Cost": 99215.25,
                    "Total Cost": 100803.66,
                    "Plan Rows": 635366,
                    "Plan Width": 4,
                    "Actual Startup Time": 266.823,
                    "Actual Total Time": 286.14,
                    "Actual Rows": 538826,
                    "Actual Loops": 2,
                    "Sort Key": [
                      "mc.movie_id"
                    ],
                    "Sort Method": "quicksort",
                    "Sort Space Used": 57870,
                    "Sort Space Type": "Memory",
                    "Workers": [
                      {
                        "Worker Number": 0,
                        "Sort Method": "quicksort",
                        "Sort Space Used": 29510,
                        "Sort Space Type": "Memory"
                      }
                    ],
                    "Plans": [
                      {
                        "Node Type": "Seq Scan",
                        "Parent Relationship": "Outer",
                        "Parallel Aware": true,
                        "Relation Name": "movie_companies",
                        "Alias": "mc",
                        "Startup Cost": 0.0,
                        "Total Cost": 37974.77,
                        "Plan Rows": 635366,
                        "Plan Width": 4,
                        "Actual Startup Time": 0.048,
                        "Actual Total Time": 142.529,
                        "Actual Rows": 538826,
                        "Actual Loops": 2,
                        "Filter": "(company_id < 6893)",
                        "Rows Removed by Filter": 765739
                      }
                    ]
                  },
                  {
                    "Node Type": "Sort",
                    "Parent Relationship": "Inner",
                    "Parallel Aware": false,
                    "Startup Cost": 149980.13,
                    "Total Cost": 151171.6,
                    "Plan Rows": 476590,
                    "Plan Width": 8,
                    "Actual Startup Time": 1186.32,
                    "Actual Total Time": 1229.748,
                    "Actual Rows": 1259420,
                    "Actual Loops": 2,
                    "Sort Key": [
                      "mi_idx.movie_id"
                    ],
                    "Sort Method": "quicksort",
                    "Sort Space Used": 67499,
                    "Sort Space Type": "Memory",
                    "Workers": [
                      {
                        "Worker Number": 0,
                        "Sort Method": "quicksort",
                        "Sort Space Used": 67499,
                        "Sort Space Type": "Memory"
                      }
                    ],
                    "Plans": [
                      {
                        "Node Type": "Hash Join",
                        "Parent Relationship": "Outer",
                        "Parallel Aware": false,
                        "Join Type": "Inner",
                        "Startup Cost": 79674.04,
                        "Total Cost": 105032.0,
                        "Plan Rows": 476590,
                        "Plan Width": 8,
                        "Actual Startup Time": 492.899,
                        "Actual Total Time": 966.826,
                        "Actual Rows": 915677,
                        "Actual Loops": 2,
                        "Inner Unique": true,
                        "Hash Cond": "(mi_idx.movie_id = t.id)",
                        "Plans": [
                          {
                            "Node Type": "Seq Scan",
                            "Parent Relationship": "Outer",
                            "Parallel Aware": false,
                            "Relation Name": "movie_info_idx",
                            "Alias": "mi_idx",
                            "Startup Cost": 0.0,
                            "Total Cost": 21735.35,
                            "Plan Rows": 1380035,
                            "Plan Width": 4,
                            "Actual Startup Time": 0.045,
                            "Actual Total Time": 118.219,
                            "Actual Rows": 1380035,
                            "Actual Loops": 2
                          },
                          {
                            "Node Type": "Hash",
                            "Parent Relationship": "Inner",
                            "Parallel Aware": false,
                            "Startup Cost": 68759.84,
                            "Total Cost": 68759.84,
                            "Plan Rows": 873136,
                            "Plan Width": 4,
                            "Actual Startup Time": 487.773,
                            "Actual Total Time": 487.775,
                            "Actual Rows": 896788,
                            "Actual Loops": 2,
                            "Hash Buckets": 1048576,
                            "Original Hash Buckets": 1048576,
                            "Hash Batches": 1,
                            "Original Hash Batches": 1,
                            "Peak Memory Usage": 39720,
                            "Plans": [
                              {
                                "Node Type": "Bitmap Heap Scan",
                                "Parent Relationship": "Outer",
                                "Parallel Aware": false,
                                "Relation Name": "title",
                                "Alias": "t",
                                "Startup Cost": 17890.42,
                                "Total Cost": 68759.84,
                                "Plan Rows": 873136,
                                "Plan Width": 4,
                                "Actual Startup Time": 47.101,
                                "Actual Total Time": 268.303,
                                "Actual Rows": 896788,
                                "Actual Loops": 2,
                                "Recheck Cond": "(kind_id < 7)",
                                "Rows Removed by Index Recheck": 0,
                                "Filter": "(production_year < 2012)",
                                "Rows Removed by Filter": 88260,
                                "Exact Heap Blocks": 35472,
                                "Lossy Heap Blocks": 0,
                                "Plans": [
                                  {
                                    "Node Type": "Bitmap Index Scan",
                                    "Parent Relationship": "Outer",
                                    "Parallel Aware": false,
                                    "Index Name": "kind_id_title",
                                    "Startup Cost": 0.0,
                                    "Total Cost": 17672.14,
                                    "Plan Rows": 991428,
                                    "Plan Width": 0,
                                    "Actual Startup Time": 40.782,
                                    "Actual Total Time": 40.782,
                                    "Actual Rows": 985048,
                                    "Actual Loops": 2,
                                    "Index Cond": "(kind_id < 7)"
                                  }
                                ]
                              }
                            ]
                          }
                        ]
                      }
                    ]
                  }
                ]
              }
            ]
          }
        ]
      }
    ]
  },
  "Planning Time": 1.076,
  "Triggers": [],
  "Execution Time": 1892.207
}