[
    {
        "Bao": {
            "Bao prediction": "NaN",
            "Bao recommended hint": "(no hint)"
        }
    },
    {
        "Plan": {
            "Node Type": "Aggregate",
            "Strategy": "Plain",
            "Partial Mode": "Finalize",
            "Parallel Aware": false,
            "Startup Cost": 73122.45,
            "Total Cost": 73122.46,
            "Plan Rows": 1,
            "Plan Width": 8,
            "Actual Startup Time": 139.819,
            "Actual Total Time": 145.666,
            "Actual Rows": 1,
            "Actual Loops": 1,
            "Output": [
                "count(*)"
            ],
            "Plans": [
                {
                    "Node Type": "Gather",
                    "Parent Relationship": "Outer",
                    "Parallel Aware": false,
                    "Startup Cost": 73121.92,
                    "Total Cost": 73122.43,
                    "Plan Rows": 5,
                    "Plan Width": 8,
                    "Actual Startup Time": 139.751,
                    "Actual Total Time": 145.661,
                    "Actual Rows": 6,
                    "Actual Loops": 1,
                    "Output": [
                        "(PARTIAL count(*))"
                    ],
                    "Workers Planned": 5,
                    "Workers Launched": 5,
                    "Single Copy": false,
                    "Plans": [
                        {
                            "Node Type": "Aggregate",
                            "Strategy": "Plain",
                            "Partial Mode": "Partial",
                            "Parent Relationship": "Outer",
                            "Parallel Aware": false,
                            "Startup Cost": 72121.92,
                            "Total Cost": 72121.93,
                            "Plan Rows": 1,
                            "Plan Width": 8,
                            "Actual Startup Time": 130.267,
                            "Actual Total Time": 130.268,
                            "Actual Rows": 1,
                            "Actual Loops": 6,
                            "Output": [
                                "PARTIAL count(*)"
                            ],
                            "Workers": [
                                {
                                    "Worker Number": 0,
                                    "Actual Startup Time": 127.544,
                                    "Actual Total Time": 127.545,
                                    "Actual Rows": 1,
                                    "Actual Loops": 1
                                },
                                {
                                    "Worker Number": 1,
                                    "Actual Startup Time": 128.192,
                                    "Actual Total Time": 128.192,
                                    "Actual Rows": 1,
                                    "Actual Loops": 1
                                },
                                {
                                    "Worker Number": 2,
                                    "Actual Startup Time": 128.523,
                                    "Actual Total Time": 128.524,
                                    "Actual Rows": 1,
                                    "Actual Loops": 1
                                },
                                {
                                    "Worker Number": 3,
                                    "Actual Startup Time": 128.789,
                                    "Actual Total Time": 128.789,
                                    "Actual Rows": 1,
                                    "Actual Loops": 1
                                },
                                {
                                    "Worker Number": 4,
                                    "Actual Startup Time": 129.103,
                                    "Actual Total Time": 129.104,
                                    "Actual Rows": 1,
                                    "Actual Loops": 1
                                }
                            ],
                            "Plans": [
                                {
                                    "Node Type": "Index Only Scan",
                                    "Parent Relationship": "Outer",
                                    "Parallel Aware": true,
                                    "Scan Direction": "Forward",
                                    "Index Name": "role_id_cast_info",
                                    "Relation Name": "cast_info",
                                    "Schema": "public",
                                    "Alias": "ci",
                                    "Startup Cost": 0.56,
                                    "Total Cost": 70799.91,
                                    "Plan Rows": 528807,
                                    "Plan Width": 0,
                                    "Actual Startup Time": 0.2,
                                    "Actual Total Time": 107.875,
                                    "Actual Rows": 454824,
                                    "Actual Loops": 6,
                                    "Output": [
                                        "role_id"
                                    ],
                                    "Index Cond": "(ci.role_id = 4)",
                                    "Rows Removed by Index Recheck": 0,
                                    "Heap Fetches": 2728943,
                                    "Workers": [
                                        {
                                            "Worker Number": 0,
                                            "Actual Startup Time": 0.28,
                                            "Actual Total Time": 105.643,
                                            "Actual Rows": 424715,
                                            "Actual Loops": 1
                                        },
                                        {
                                            "Worker Number": 1,
                                            "Actual Startup Time": 0.215,
                                            "Actual Total Time": 106.24,
                                            "Actual Rows": 434852,
                                            "Actual Loops": 1
                                        },
                                        {
                                            "Worker Number": 2,
                                            "Actual Startup Time": 0.203,
                                            "Actual Total Time": 106.54,
                                            "Actual Rows": 434553,
                                            "Actual Loops": 1
                                        },
                                        {
                                            "Worker Number": 3,
                                            "Actual Startup Time": 0.234,
                                            "Actual Total Time": 106.921,
                                            "Actual Rows": 434462,
                                            "Actual Loops": 1
                                        },
                                        {
                                            "Worker Number": 4,
                                            "Actual Startup Time": 0.219,
                                            "Actual Total Time": 106.886,
                                            "Actual Rows": 429782,
                                            "Actual Loops": 1
                                        }
                                    ]
                                }
                            ]
                        }
                    ]
                }
            ]
        },
        "Planning Time": 279.399,
        "Triggers": [],
        "Execution Time": 145.71
    }
]