{
    "Plan": {
        "Node Type": "Aggregate",
        "Strategy": "Plain",
        "Partial Mode": "Finalize",
        "Parallel Aware": false,
        "Startup Cost": 78842.89,
        "Total Cost": 78842.9,
        "Plan Rows": 1,
        "Plan Width": 8,
        "Actual Startup Time": 319.754,
        "Actual Total Time": 331.064,
        "Actual Rows": 1,
        "Actual Loops": 1,
        "Output": [
            "count(*)"
        ],
        "Plans": [
            {
                "Node Type": "Gather",
                "Parent Relationship": "Outer",
                "Parallel Aware": false,
                "Startup Cost": 78842.47,
                "Total Cost": 78842.88,
                "Plan Rows": 4,
                "Plan Width": 8,
                "Actual Startup Time": 316.826,
                "Actual Total Time": 331.055,
                "Actual Rows": 5,
                "Actual Loops": 1,
                "Output": [
                    "(PARTIAL count(*))"
                ],
                "Workers Planned": 4,
                "Workers Launched": 4,
                "Single Copy": false,
                "Plans": [
                    {
                        "Node Type": "Aggregate",
                        "Strategy": "Plain",
                        "Partial Mode": "Partial",
                        "Parent Relationship": "Outer",
                        "Parallel Aware": false,
                        "Startup Cost": 77842.47,
                        "Total Cost": 77842.48,
                        "Plan Rows": 1,
                        "Plan Width": 8,
                        "Actual Startup Time": 306.658,
                        "Actual Total Time": 306.661,
                        "Actual Rows": 1,
                        "Actual Loops": 5,
                        "Output": [
                            "PARTIAL count(*)"
                        ],
                        "Workers": [
                            {
                                "Worker Number": 0,
                                "Actual Startup Time": 304.177,
                                "Actual Total Time": 304.181,
                                "Actual Rows": 1,
                                "Actual Loops": 1
                            },
                            {
                                "Worker Number": 1,
                                "Actual Startup Time": 304.215,
                                "Actual Total Time": 304.217,
                                "Actual Rows": 1,
                                "Actual Loops": 1
                            },
                            {
                                "Worker Number": 2,
                                "Actual Startup Time": 304.628,
                                "Actual Total Time": 304.63,
                                "Actual Rows": 1,
                                "Actual Loops": 1
                            },
                            {
                                "Worker Number": 3,
                                "Actual Startup Time": 304.226,
                                "Actual Total Time": 304.228,
                                "Actual Rows": 1,
                                "Actual Loops": 1
                            }
                        ],
                        "Plans": [
                            {
                                "Node Type": "Hash Join",
                                "Parent Relationship": "Outer",
                                "Parallel Aware": true,
                                "Join Type": "Inner",
                                "Startup Cost": 31904.03,
                                "Total Cost": 77641.59,
                                "Plan Rows": 80351,
                                "Plan Width": 0,
                                "Actual Startup Time": 135.047,
                                "Actual Total Time": 303.216,
                                "Actual Rows": 68097,
                                "Actual Loops": 5,
                                "Inner Unique": false,
                                "Hash Cond": "(t.id = mc.movie_id)",
                                "Workers": [
                                    {
                                        "Worker Number": 0,
                                        "Actual Startup Time": 132.653,
                                        "Actual Total Time": 300.76,
                                        "Actual Rows": 64775,
                                        "Actual Loops": 1
                                    },
                                    {
                                        "Worker Number": 1,
                                        "Actual Startup Time": 132.659,
                                        "Actual Total Time": 300.771,
                                        "Actual Rows": 64816,
                                        "Actual Loops": 1
                                    },
                                    {
                                        "Worker Number": 2,
                                        "Actual Startup Time": 132.732,
                                        "Actual Total Time": 301.238,
                                        "Actual Rows": 64435,
                                        "Actual Loops": 1
                                    },
                                    {
                                        "Worker Number": 3,
                                        "Actual Startup Time": 132.725,
                                        "Actual Total Time": 300.853,
                                        "Actual Rows": 62308,
                                        "Actual Loops": 1
                                    }
                                ],
                                "Plans": [
                                    {
                                        "Node Type": "Seq Scan",
                                        "Parent Relationship": "Outer",
                                        "Parallel Aware": true,
                                        "Relation Name": "title",
                                        "Schema": "public",
                                        "Alias": "t",
                                        "Startup Cost": 0.0,
                                        "Total Cost": 43899.01,
                                        "Plan Rows": 315870,
                                        "Plan Width": 4,
                                        "Actual Startup Time": 0.026,
                                        "Actual Total Time": 81.259,
                                        "Actual Rows": 252740,
                                        "Actual Loops": 5,
                                        "Output": [
                                            "t.id",
                                            "t.title",
                                            "t.imdb_index",
                                            "t.kind_id",
                                            "t.production_year",
                                            "t.imdb_id",
                                            "t.phonetic_code",
                                            "t.episode_of_id",
                                            "t.season_nr",
                                            "t.episode_nr",
                                            "t.series_years",
                                            "t.md5sum"
                                        ],
                                        "Filter": "(t.production_year < 2004)",
                                        "Rows Removed by Filter": 252922,
                                        "Workers": [
                                            {
                                                "Worker Number": 0,
                                                "Actual Startup Time": 0.027,
                                                "Actual Total Time": 83.625,
                                                "Actual Rows": 240126,
                                                "Actual Loops": 1
                                            },
                                            {
                                                "Worker Number": 1,
                                                "Actual Startup Time": 0.031,
                                                "Actual Total Time": 83.604,
                                                "Actual Rows": 240454,
                                                "Actual Loops": 1
                                            },
                                            {
                                                "Worker Number": 2,
                                                "Actual Startup Time": 0.025,
                                                "Actual Total Time": 83.308,
                                                "Actual Rows": 238362,
                                                "Actual Loops": 1
                                            },
                                            {
                                                "Worker Number": 3,
                                                "Actual Startup Time": 0.041,
                                                "Actual Total Time": 84.6,
                                                "Actual Rows": 229270,
                                                "Actual Loops": 1
                                            }
                                        ]
                                    },
                                    {
                                        "Node Type": "Hash",
                                        "Parent Relationship": "Inner",
                                        "Parallel Aware": true,
                                        "Startup Cost": 29310.68,
                                        "Total Cost": 29310.68,
                                        "Plan Rows": 207468,
                                        "Plan Width": 4,
                                        "Actual Startup Time": 130.422,
                                        "Actual Total Time": 130.423,
                                        "Actual Rows": 128420,
                                        "Actual Loops": 5,
                                        "Output": [
                                            "mc.movie_id"
                                        ],
                                        "Hash Buckets": 1048576,
                                        "Original Hash Buckets": 1048576,
                                        "Hash Batches": 1,
                                        "Original Hash Batches": 1,
                                        "Peak Memory Usage": 33408,
                                        "Workers": [
                                            {
                                                "Worker Number": 0,
                                                "Actual Startup Time": 131.918,
                                                "Actual Total Time": 131.919,
                                                "Actual Rows": 133599,
                                                "Actual Loops": 1
                                            },
                                            {
                                                "Worker Number": 1,
                                                "Actual Startup Time": 131.897,
                                                "Actual Total Time": 131.898,
                                                "Actual Rows": 132603,
                                                "Actual Loops": 1
                                            },
                                            {
                                                "Worker Number": 2,
                                                "Actual Startup Time": 131.927,
                                                "Actual Total Time": 131.927,
                                                "Actual Rows": 131478,
                                                "Actual Loops": 1
                                            },
                                            {
                                                "Worker Number": 3,
                                                "Actual Startup Time": 131.88,
                                                "Actual Total Time": 131.881,
                                                "Actual Rows": 81537,
                                                "Actual Loops": 1
                                            }
                                        ],
                                        "Plans": [
                                            {
                                                "Node Type": "Seq Scan",
                                                "Parent Relationship": "Outer",
                                                "Parallel Aware": true,
                                                "Relation Name": "movie_companies",
                                                "Schema": "public",
                                                "Alias": "mc",
                                                "Startup Cost": 0.0,
                                                "Total Cost": 29310.68,
                                                "Plan Rows": 207468,
                                                "Plan Width": 4,
                                                "Actual Startup Time": 37.615,
                                                "Actual Total Time": 80.091,
                                                "Actual Rows": 128420,
                                                "Actual Loops": 5,
                                                "Output": [
                                                    "mc.movie_id"
                                                ],
                                                "Filter": "(mc.company_id > 56594)",
                                                "Rows Removed by Filter": 393406,
                                                "Workers": [
                                                    {
                                                        "Worker Number": 0,
                                                        "Actual Startup Time": 37.606,
                                                        "Actual Total Time": 80.281,
                                                        "Actual Rows": 133599,
                                                        "Actual Loops": 1
                                                    },
                                                    {
                                                        "Worker Number": 1,
                                                        "Actual Startup Time": 37.594,
                                                        "Actual Total Time": 80.184,
                                                        "Actual Rows": 132603,
                                                        "Actual Loops": 1
                                                    },
                                                    {
                                                        "Worker Number": 2,
                                                        "Actual Startup Time": 37.583,
                                                        "Actual Total Time": 80.141,
                                                        "Actual Rows": 131478,
                                                        "Actual Loops": 1
                                                    },
                                                    {
                                                        "Worker Number": 3,
                                                        "Actual Startup Time": 37.588,
                                                        "Actual Total Time": 83.266,
                                                        "Actual Rows": 81537,
                                                        "Actual Loops": 1
                                                    }
                                                ]
                                            }
                                        ]
                                    }
                                ]
                            }
                        ]
                    }
                ]
            }
        ]
    },
    "Planning Time": 0.701,
    "Triggers": [],
    "Execution Time": 331.135
}