{
  "Plan": {
    "Node Type": "Aggregate",
    "Strategy": "Plain",
    "Partial Mode": "Finalize",
    "Parallel Aware": false,
    "Startup Cost": 735105.87,
    "Total Cost": 735105.88,
    "Plan Rows": 1,
    "Plan Width": 8,
    "Actual Startup Time": 6850.265,
    "Actual Total Time": 6914.113,
    "Actual Rows": 1,
    "Actual Loops": 1,
    "Plans": [
      {
        "Node Type": "Gather",
        "Parent Relationship": "Outer",
        "Parallel Aware": false,
        "Startup Cost": 735105.76,
        "Total Cost": 735105.87,
        "Plan Rows": 1,
        "Plan Width": 8,
        "Actual Startup Time": 6844.941,
        "Actual Total Time": 6914.087,
        "Actual Rows": 2,
        "Actual Loops": 1,
        "Workers Planned": 1,
        "Workers Launched": 1,
        "Single Copy": false,
        "Plans": [
          {
            "Node Type": "Aggregate",
            "Strategy": "Plain",
            "Partial Mode": "Partial",
            "Parent Relationship": "Outer",
            "Parallel Aware": false,
            "Startup Cost": 734105.76,
            "Total Cost": 734105.77,
            "Plan Rows": 1,
            "Plan Width": 8,
            "Actual Startup Time": 6836.126,
            "Actual Total Time": 6837.222,
            "Actual Rows": 1,
            "Actual Loops": 2,
            "Plans": [
              {
                "Node Type": "Hash Join",
                "Parent Relationship": "Outer",
                "Parallel Aware": true,
                "Join Type": "Inner",
                "Startup Cost": 128071.82,
                "Total Cost": 720010.37,
                "Plan Rows": 5638156,
                "Plan Width": 0,
                "Actual Startup Time": 972.434,
                "Actual Total Time": 5986.158,
                "Actual Rows": 21062312,
                "Actual Loops": 2,
                "Inner Unique": false,
                "Hash Cond": "(ci.movie_id = t.id)",
                "Plans": [
                  {
                    "Node Type": "Seq Scan",
                    "Parent Relationship": "Outer",
                    "Parallel Aware": true,
                    "Relation Name": "cast_info",
                    "Alias": "ci",
                    "Startup Cost": 0.0,
                    "Total Cost": 519069.44,
                    "Plan Rows": 10587592,
                    "Plan Width": 4,
                    "Actual Startup Time": 0.013,
                    "Actual Total Time": 1538.936,
                    "Actual Rows": 9011980,
                    "Actual Loops": 2,
                    "Filter": "(person_id < 1788618)",
                    "Rows Removed by Filter": 9110192
                  },
                  {
                    "Node Type": "Hash",
                    "Parent Relationship": "Inner",
                    "Parallel Aware": true,
                    "Startup Cost": 118171.97,
                    "Total Cost": 118171.97,
                    "Plan Rows": 791988,
                    "Plan Width": 8,
                    "Actual Startup Time": 957.107,
                    "Actual Total Time": 958.201,
                    "Actual Rows": 935264,
                    "Actual Loops": 2,
                    "Hash Buckets": 2097152,
                    "Original Hash Buckets": 2097152,
                    "Hash Batches": 1,
                    "Original Hash Batches": 1,
                    "Peak Memory Usage": 89600,
                    "Plans": [
                      {
                        "Node Type": "Hash Join",
                        "Parent Relationship": "Outer",
                        "Parallel Aware": true,
                        "Join Type": "Inner",
                        "Startup Cost": 60121.13,
                        "Total Cost": 118171.97,
                        "Plan Rows": 791988,
                        "Plan Width": 8,
                        "Actual Startup Time": 286.844,
                        "Actual Total Time": 775.641,
                        "Actual Rows": 935264,
                        "Actual Loops": 2,
                        "Inner Unique": true,
                        "Hash Cond": "(mk.movie_id = t.id)",
                        "Plans": [
                          {
                            "Node Type": "Seq Scan",
                            "Parent Relationship": "Outer",
                            "Parallel Aware": true,
                            "Relation Name": "movie_keyword",
                            "Alias": "mk",
                            "Startup Cost": 0.0,
                            "Total Cost": 51065.35,
                            "Plan Rows": 2661135,
                            "Plan Width": 4,
                            "Actual Startup Time": 0.019,
                            "Actual Total Time": 186.516,
                            "Actual Rows": 2261965,
                            "Actual Loops": 2
                          },
                          {
                            "Node Type": "Hash",
                            "Parent Relationship": "Inner",
                            "Parallel Aware": true,
                            "Startup Cost": 54588.39,
                            "Total Cost": 54588.39,
                            "Plan Rows": 442619,
                            "Plan Width": 4,
                            "Actual Startup Time": 282.37,
                            "Actual Total Time": 282.371,
                            "Actual Rows": 377951,
                            "Actual Loops": 2,
                            "Hash Buckets": 1048576,
                            "Original Hash Buckets": 1048576,
                            "Hash Batches": 1,
                            "Original Hash Batches": 1,
                            "Peak Memory Usage": 37792,
                            "Plans": [
                              {
                                "Node Type": "Seq Scan",
                                "Parent Relationship": "Outer",
                                "Parallel Aware": true,
                                "Relation Name": "title",
                                "Alias": "t",
                                "Startup Cost": 0.0,
                                "Total Cost": 54588.39,
                                "Plan Rows": 442619,
                                "Plan Width": 4,
                                "Actual Startup Time": 0.041,
                                "Actual Total Time": 159.036,
                                "Actual Rows": 377951,
                                "Actual Loops": 2,
                                "Filter": "(production_year < 1993)",
                                "Rows Removed by Filter": 886205
                              }
                            ]
                          }
                        ]
                      }
                    ]
                  }
                ]
              }
            ]
          }
        ]
      }
    ]
  },
  "Planning Time": 1.12,
  "Triggers": [],
  "Execution Time": 6914.222
}