[
    {
        "Bao": {
            "Bao prediction": "NaN",
            "Bao recommended hint": "(no hint)"
        }
    },
    {
        "Plan": {
            "Node Type": "Aggregate",
            "Strategy": "Plain",
            "Partial Mode": "Finalize",
            "Parallel Aware": false,
            "Startup Cost": 246755.23,
            "Total Cost": 246755.24,
            "Plan Rows": 1,
            "Plan Width": 8,
            "Actual Startup Time": 404.562,
            "Actual Total Time": 421.141,
            "Actual Rows": 1,
            "Actual Loops": 1,
            "Output": [
                "count(*)"
            ],
            "Plans": [
                {
                    "Node Type": "Gather",
                    "Parent Relationship": "Outer",
                    "Parallel Aware": false,
                    "Startup Cost": 246754.7,
                    "Total Cost": 246755.21,
                    "Plan Rows": 5,
                    "Plan Width": 8,
                    "Actual Startup Time": 403.573,
                    "Actual Total Time": 421.134,
                    "Actual Rows": 6,
                    "Actual Loops": 1,
                    "Output": [
                        "(PARTIAL count(*))"
                    ],
                    "Workers Planned": 5,
                    "Workers Launched": 5,
                    "Single Copy": false,
                    "Plans": [
                        {
                            "Node Type": "Aggregate",
                            "Strategy": "Plain",
                            "Partial Mode": "Partial",
                            "Parent Relationship": "Outer",
                            "Parallel Aware": false,
                            "Startup Cost": 245754.7,
                            "Total Cost": 245754.71,
                            "Plan Rows": 1,
                            "Plan Width": 8,
                            "Actual Startup Time": 393.808,
                            "Actual Total Time": 393.811,
                            "Actual Rows": 1,
                            "Actual Loops": 6,
                            "Output": [
                                "PARTIAL count(*)"
                            ],
                            "Workers": [
                                {
                                    "Worker Number": 0,
                                    "Actual Startup Time": 391.502,
                                    "Actual Total Time": 391.505,
                                    "Actual Rows": 1,
                                    "Actual Loops": 1
                                },
                                {
                                    "Worker Number": 1,
                                    "Actual Startup Time": 391.855,
                                    "Actual Total Time": 391.858,
                                    "Actual Rows": 1,
                                    "Actual Loops": 1
                                },
                                {
                                    "Worker Number": 2,
                                    "Actual Startup Time": 391.901,
                                    "Actual Total Time": 391.904,
                                    "Actual Rows": 1,
                                    "Actual Loops": 1
                                },
                                {
                                    "Worker Number": 3,
                                    "Actual Startup Time": 391.855,
                                    "Actual Total Time": 391.858,
                                    "Actual Rows": 1,
                                    "Actual Loops": 1
                                },
                                {
                                    "Worker Number": 4,
                                    "Actual Startup Time": 392.483,
                                    "Actual Total Time": 392.486,
                                    "Actual Rows": 1,
                                    "Actual Loops": 1
                                }
                            ],
                            "Plans": [
                                {
                                    "Node Type": "Hash Join",
                                    "Parent Relationship": "Outer",
                                    "Parallel Aware": true,
                                    "Join Type": "Inner",
                                    "Startup Cost": 45757.37,
                                    "Total Cost": 245718.48,
                                    "Plan Rows": 14490,
                                    "Plan Width": 0,
                                    "Actual Startup Time": 104.559,
                                    "Actual Total Time": 393.348,
                                    "Actual Rows": 7874,
                                    "Actual Loops": 6,
                                    "Inner Unique": true,
                                    "Hash Cond": "(mi.movie_id = t.id)",
                                    "Workers": [
                                        {
                                            "Worker Number": 0,
                                            "Actual Startup Time": 102.154,
                                            "Actual Total Time": 390.989,
                                            "Actual Rows": 8283,
                                            "Actual Loops": 1
                                        },
                                        {
                                            "Worker Number": 1,
                                            "Actual Startup Time": 102.705,
                                            "Actual Total Time": 391.372,
                                            "Actual Rows": 7861,
                                            "Actual Loops": 1
                                        },
                                        {
                                            "Worker Number": 2,
                                            "Actual Startup Time": 102.724,
                                            "Actual Total Time": 391.456,
                                            "Actual Rows": 7024,
                                            "Actual Loops": 1
                                        },
                                        {
                                            "Worker Number": 3,
                                            "Actual Startup Time": 102.504,
                                            "Actual Total Time": 391.345,
                                            "Actual Rows": 8312,
                                            "Actual Loops": 1
                                        },
                                        {
                                            "Worker Number": 4,
                                            "Actual Startup Time": 103.424,
                                            "Actual Total Time": 392.052,
                                            "Actual Rows": 6737,
                                            "Actual Loops": 1
                                        }
                                    ],
                                    "Plans": [
                                        {
                                            "Node Type": "Seq Scan",
                                            "Parent Relationship": "Outer",
                                            "Parallel Aware": true,
                                            "Relation Name": "movie_info",
                                            "Schema": "public",
                                            "Alias": "mi",
                                            "Startup Cost": 0.0,
                                            "Total Cost": 198880.74,
                                            "Plan Rows": 411570,
                                            "Plan Width": 4,
                                            "Actual Startup Time": 25.007,
                                            "Actual Total Time": 270.745,
                                            "Actual Rows": 348511,
                                            "Actual Loops": 6,
                                            "Output": [
                                                "mi.id",
                                                "mi.movie_id",
                                                "mi.info_type_id",
                                                "mi.info",
                                                "mi.note"
                                            ],
                                            "Filter": "(mi.info_type_id < 3)",
                                            "Rows Removed by Filter": 2124109,
                                            "Workers": [
                                                {
                                                    "Worker Number": 0,
                                                    "Actual Startup Time": 25.036,
                                                    "Actual Total Time": 270.624,
                                                    "Actual Rows": 339355,
                                                    "Actual Loops": 1
                                                },
                                                {
                                                    "Worker Number": 1,
                                                    "Actual Startup Time": 24.941,
                                                    "Actual Total Time": 270.545,
                                                    "Actual Rows": 340544,
                                                    "Actual Loops": 1
                                                },
                                                {
                                                    "Worker Number": 2,
                                                    "Actual Startup Time": 25.023,
                                                    "Actual Total Time": 270.69,
                                                    "Actual Rows": 339489,
                                                    "Actual Loops": 1
                                                },
                                                {
                                                    "Worker Number": 3,
                                                    "Actual Startup Time": 25.021,
                                                    "Actual Total Time": 270.93,
                                                    "Actual Rows": 341662,
                                                    "Actual Loops": 1
                                                },
                                                {
                                                    "Worker Number": 4,
                                                    "Actual Startup Time": 24.949,
                                                    "Actual Total Time": 270.895,
                                                    "Actual Rows": 330168,
                                                    "Actual Loops": 1
                                                }
                                            ]
                                        },
                                        {
                                            "Node Type": "Hash",
                                            "Parent Relationship": "Inner",
                                            "Parallel Aware": true,
                                            "Startup Cost": 45479.21,
                                            "Total Cost": 45479.21,
                                            "Plan Rows": 22253,
                                            "Plan Width": 4,
                                            "Actual Startup Time": 78.552,
                                            "Actual Total Time": 78.553,
                                            "Actual Rows": 16792,
                                            "Actual Loops": 6,
                                            "Output": [
                                                "t.id"
                                            ],
                                            "Hash Buckets": 131072,
                                            "Original Hash Buckets": 131072,
                                            "Hash Batches": 1,
                                            "Original Hash Batches": 1,
                                            "Peak Memory Usage": 5056,
                                            "Workers": [
                                                {
                                                    "Worker Number": 0,
                                                    "Actual Startup Time": 76.336,
                                                    "Actual Total Time": 76.337,
                                                    "Actual Rows": 12585,
                                                    "Actual Loops": 1
                                                },
                                                {
                                                    "Worker Number": 1,
                                                    "Actual Startup Time": 76.618,
                                                    "Actual Total Time": 76.619,
                                                    "Actual Rows": 12400,
                                                    "Actual Loops": 1
                                                },
                                                {
                                                    "Worker Number": 2,
                                                    "Actual Startup Time": 76.673,
                                                    "Actual Total Time": 76.674,
                                                    "Actual Rows": 12683,
                                                    "Actual Loops": 1
                                                },
                                                {
                                                    "Worker Number": 3,
                                                    "Actual Startup Time": 76.627,
                                                    "Actual Total Time": 76.628,
                                                    "Actual Rows": 13061,
                                                    "Actual Loops": 1
                                                },
                                                {
                                                    "Worker Number": 4,
                                                    "Actual Startup Time": 77.314,
                                                    "Actual Total Time": 77.315,
                                                    "Actual Rows": 13649,
                                                    "Actual Loops": 1
                                                }
                                            ],
                                            "Plans": [
                                                {
                                                    "Node Type": "Seq Scan",
                                                    "Parent Relationship": "Outer",
                                                    "Parallel Aware": true,
                                                    "Relation Name": "title",
                                                    "Schema": "public",
                                                    "Alias": "t",
                                                    "Startup Cost": 0.0,
                                                    "Total Cost": 45479.21,
                                                    "Plan Rows": 22253,
                                                    "Plan Width": 4,
                                                    "Actual Startup Time": 0.052,
                                                    "Actual Total Time": 70.868,
                                                    "Actual Rows": 16792,
                                                    "Actual Loops": 6,
                                                    "Output": [
                                                        "t.id"
                                                    ],
                                                    "Filter": "((t.kind_id > 1) AND (t.production_year = 2008))",
                                                    "Rows Removed by Filter": 404593,
                                                    "Workers": [
                                                        {
                                                            "Worker Number": 0,
                                                            "Actual Startup Time": 0.063,
                                                            "Actual Total Time": 68.292,
                                                            "Actual Rows": 12585,
                                                            "Actual Loops": 1
                                                        },
                                                        {
                                                            "Worker Number": 1,
                                                            "Actual Startup Time": 0.063,
                                                            "Actual Total Time": 69.375,
                                                            "Actual Rows": 12400,
                                                            "Actual Loops": 1
                                                        },
                                                        {
                                                            "Worker Number": 2,
                                                            "Actual Startup Time": 0.049,
                                                            "Actual Total Time": 69.056,
                                                            "Actual Rows": 12683,
                                                            "Actual Loops": 1
                                                        },
                                                        {
                                                            "Worker Number": 3,
                                                            "Actual Startup Time": 0.068,
                                                            "Actual Total Time": 70.212,
                                                            "Actual Rows": 13061,
                                                            "Actual Loops": 1
                                                        },
                                                        {
                                                            "Worker Number": 4,
                                                            "Actual Startup Time": 0.054,
                                                            "Actual Total Time": 70.561,
                                                            "Actual Rows": 13649,
                                                            "Actual Loops": 1
                                                        }
                                                    ]
                                                }
                                            ]
                                        }
                                    ]
                                }
                            ]
                        }
                    ]
                }
            ]
        },
        "Planning Time": 193.481,
        "Triggers": [],
        "Execution Time": 421.195
    }
]