[
  {
    "Plan": {
      "Node Type": "Aggregate",
      "Strategy": "Plain",
      "Partial Mode": "Finalize",
      "Parallel Aware": false,
      "Startup Cost": 72281.79,
      "Total Cost": 72281.8,
      "Plan Rows": 1,
      "Plan Width": 8,
      "Actual Startup Time": 249.366,
      "Actual Total Time": 263.052,
      "Actual Rows": 1,
      "Actual Loops": 1,
      "Plans": [
        {
          "Node Type": "Gather",
          "Parent Relationship": "Outer",
          "Parallel Aware": false,
          "Startup Cost": 72281.37,
          "Total Cost": 72281.78,
          "Plan Rows": 4,
          "Plan Width": 8,
          "Actual Startup Time": 248.28,
          "Actual Total Time": 263.039,
          "Actual Rows": 5,
          "Actual Loops": 1,
          "Workers Planned": 4,
          "Workers Launched": 4,
          "Single Copy": false,
          "Plans": [
            {
              "Node Type": "Aggregate",
              "Strategy": "Plain",
              "Partial Mode": "Partial",
              "Parent Relationship": "Outer",
              "Parallel Aware": false,
              "Startup Cost": 71281.37,
              "Total Cost": 71281.38,
              "Plan Rows": 1,
              "Plan Width": 8,
              "Actual Startup Time": 238.196,
              "Actual Total Time": 238.273,
              "Actual Rows": 1,
              "Actual Loops": 5,
              "Plans": [
                {
                  "Node Type": "Hash Join",
                  "Parent Relationship": "Outer",
                  "Parallel Aware": true,
                  "Join Type": "Inner",
                  "Startup Cost": 25627.55,
                  "Total Cost": 71205.08,
                  "Plan Rows": 30516,
                  "Plan Width": 0,
                  "Actual Startup Time": 167.091,
                  "Actual Total Time": 235.987,
                  "Actual Rows": 47823,
                  "Actual Loops": 5,
                  "Inner Unique": false,
                  "Hash Cond": "(t.id = mc.movie_id)",
                  "Plans": [
                    {
                      "Node Type": "Seq Scan",
                      "Parent Relationship": "Outer",
                      "Parallel Aware": true,
                      "Relation Name": "title",
                      "Alias": "t",
                      "Startup Cost": 0.0,
                      "Total Cost": 42318.73,
                      "Plan Rows": 632073,
                      "Plan Width": 4,
                      "Actual Startup Time": 0.012,
                      "Actual Total Time": 66.198,
                      "Actual Rows": 505662,
                      "Actual Loops": 5
                    },
                    {
                      "Node Type": "Hash",
                      "Parent Relationship": "Inner",
                      "Parallel Aware": true,
                      "Startup Cost": 25135.35,
                      "Total Cost": 25135.35,
                      "Plan Rows": 39376,
                      "Plan Width": 4,
                      "Actual Startup Time": 77.38,
                      "Actual Total Time": 77.382,
                      "Actual Rows": 47823,
                      "Actual Loops": 5,
                      "Hash Buckets": 262144,
                      "Original Hash Buckets": 131072,
                      "Hash Batches": 1,
                      "Original Hash Batches": 1,
                      "Peak Memory Usage": 12480,
                      "Plans": [
                        {
                          "Node Type": "Bitmap Heap Scan",
                          "Parent Relationship": "Outer",
                          "Parallel Aware": true,
                          "Relation Name": "movie_companies",
                          "Alias": "mc",
                          "Startup Cost": 5182.05,
                          "Total Cost": 25135.35,
                          "Plan Rows": 39376,
                          "Plan Width": 4,
                          "Actual Startup Time": 21.413,
                          "Actual Total Time": 50.091,
                          "Actual Rows": 47823,
                          "Actual Loops": 5,
                          "Recheck Cond": "(company_id > 103301)",
                          "Rows Removed by Index Recheck": 0,
                          "Filter": "(company_type_id > 1)",
                          "Rows Removed by Filter": 0,
                          "Exact Heap Blocks": 1487,
                          "Lossy Heap Blocks": 0,
                          "Plans": [
                            {
                              "Node Type": "Bitmap Index Scan",
                              "Parent Relationship": "Outer",
                              "Parallel Aware": false,
                              "Index Name": "company_id_movie_companies",
                              "Startup Cost": 0.0,
                              "Total Cost": 5151.53,
                              "Plan Rows": 240414,
                              "Plan Width": 0,
                              "Actual Startup Time": 24.726,
                              "Actual Total Time": 24.726,
                              "Actual Rows": 239113,
                              "Actual Loops": 1,
                              "Index Cond": "(company_id > 103301)"
                            }
                          ]
                        }
                      ]
                    }
                  ]
                }
              ]
            }
          ]
        }
      ]
    },
    "Planning Time": 0.603,
    "Triggers": [],
    "Execution Time": 263.14
  }
]