{
    "Plan": {
        "Node Type": "Aggregate",
        "Strategy": "Plain",
        "Partial Mode": "Simple",
        "Parallel Aware": false,
        "Startup Cost": 60000540183.54,
        "Total Cost": 60000540183.55,
        "Plan Rows": 1,
        "Plan Width": 128,
        "Actual Startup Time": 1306.708,
        "Actual Total Time": 1306.855,
        "Actual Rows": 1,
        "Actual Loops": 1,
        "Output": [
            "min(mi.info)",
            "min(mi_idx.info)",
            "min(n.name)",
            "min(t.title)"
        ],
        "Plans": [
            {
                "Node Type": "Nested Loop",
                "Parent Relationship": "Outer",
                "Parallel Aware": false,
                "Join Type": "Inner",
                "Startup Cost": 60000483064.08,
                "Total Cost": 60000540183.53,
                "Plan Rows": 1,
                "Plan Width": 80,
                "Actual Startup Time": 1155.986,
                "Actual Total Time": 1306.839,
                "Actual Rows": 2,
                "Actual Loops": 1,
                "Output": [
                    "mi.info",
                    "mi_idx.info",
                    "n.name",
                    "t.title"
                ],
                "Inner Unique": true,
                "Plans": [
                    {
                        "Node Type": "Nested Loop",
                        "Parent Relationship": "Outer",
                        "Parallel Aware": false,
                        "Join Type": "Inner",
                        "Startup Cost": 50000483063.59,
                        "Total Cost": 50000540179.03,
                        "Plan Rows": 1,
                        "Plan Width": 69,
                        "Actual Startup Time": 1155.644,
                        "Actual Total Time": 1306.071,
                        "Actual Rows": 29,
                        "Actual Loops": 1,
                        "Output": [
                            "ci.person_id",
                            "mi.info",
                            "mi_idx.info",
                            "t.title"
                        ],
                        "Inner Unique": false,
                        "Join Filter": "(t.id = ci.movie_id)",
                        "Rows Removed by Join Filter": 0,
                        "Plans": [
                            {
                                "Node Type": "Hash Join",
                                "Parent Relationship": "Outer",
                                "Parallel Aware": false,
                                "Join Type": "Inner",
                                "Startup Cost": 40000483062.63,
                                "Total Cost": 40000540173.34,
                                "Plan Rows": 1,
                                "Plan Width": 81,
                                "Actual Startup Time": 1155.509,
                                "Actual Total Time": 1305.78,
                                "Actual Rows": 1,
                                "Actual Loops": 1,
                                "Output": [
                                    "mi.info",
                                    "mi.movie_id",
                                    "mi_idx.info",
                                    "mi_idx.movie_id",
                                    "mk.movie_id",
                                    "t.title",
                                    "t.id"
                                ],
                                "Inner Unique": false,
                                "Hash Cond": "(mi_idx.info_type_id = it2.id)",
                                "Plans": [
                                    {
                                        "Node Type": "Hash Join",
                                        "Parent Relationship": "Outer",
                                        "Parallel Aware": false,
                                        "Join Type": "Inner",
                                        "Startup Cost": 30000483060.2,
                                        "Total Cost": 30000540170.9,
                                        "Plan Rows": 1,
                                        "Plan Width": 85,
                                        "Actual Startup Time": 1155.42,
                                        "Actual Total Time": 1305.698,
                                        "Actual Rows": 3,
                                        "Actual Loops": 1,
                                        "Output": [
                                            "mi.info",
                                            "mi.movie_id",
                                            "mi_idx.info",
                                            "mi_idx.movie_id",
                                            "mi_idx.info_type_id",
                                            "mk.movie_id",
                                            "t.title",
                                            "t.id"
                                        ],
                                        "Inner Unique": false,
                                        "Hash Cond": "(mk.keyword_id = k.id)",
                                        "Plans": [
                                            {
                                                "Node Type": "Merge Join",
                                                "Parent Relationship": "Outer",
                                                "Parallel Aware": false,
                                                "Join Type": "Inner",
                                                "Startup Cost": 20000479930.88,
                                                "Total Cost": 20000537041.55,
                                                "Plan Rows": 3,
                                                "Plan Width": 89,
                                                "Actual Startup Time": 1125.138,
                                                "Actual Total Time": 1275.48,
                                                "Actual Rows": 540,
                                                "Actual Loops": 1,
                                                "Output": [
                                                    "mi.info",
                                                    "mi.movie_id",
                                                    "mi_idx.info",
                                                    "mi_idx.movie_id",
                                                    "mi_idx.info_type_id",
                                                    "mk.movie_id",
                                                    "mk.keyword_id",
                                                    "t.title",
                                                    "t.id"
                                                ],
                                                "Inner Unique": false,
                                                "Merge Cond": "(mi_idx.movie_id = t.id)",
                                                "Plans": [
                                                    {
                                                        "Node Type": "Index Scan",
                                                        "Parent Relationship": "Outer",
                                                        "Parallel Aware": false,
                                                        "Scan Direction": "Forward",
                                                        "Index Name": "movie_id_movie_info_idx",
                                                        "Relation Name": "movie_info_idx",
                                                        "Schema": "public",
                                                        "Alias": "mi_idx",
                                                        "Startup Cost": 0.43,
                                                        "Total Cost": 53630.81,
                                                        "Plan Rows": 1380035,
                                                        "Plan Width": 13,
                                                        "Actual Startup Time": 0.021,
                                                        "Actual Total Time": 94.203,
                                                        "Actual Rows": 541696,
                                                        "Actual Loops": 1,
                                                        "Output": [
                                                            "mi_idx.id",
                                                            "mi_idx.movie_id",
                                                            "mi_idx.info_type_id",
                                                            "mi_idx.info",
                                                            "mi_idx.note"
                                                        ]
                                                    },
                                                    {
                                                        "Node Type": "Materialize",
                                                        "Parent Relationship": "Inner",
                                                        "Parallel Aware": false,
                                                        "Startup Cost": 20000479930.45,
                                                        "Total Cost": 20000479960.64,
                                                        "Plan Rows": 1,
                                                        "Plan Width": 76,
                                                        "Actual Startup Time": 1124.655,
                                                        "Actual Total Time": 1128.527,
                                                        "Actual Rows": 597,
                                                        "Actual Loops": 1,
                                                        "Output": [
                                                            "mi.info",
                                                            "mi.movie_id",
                                                            "mk.movie_id",
                                                            "mk.keyword_id",
                                                            "t.title",
                                                            "t.id"
                                                        ],
                                                        "Plans": [
                                                            {
                                                                "Node Type": "Gather Merge",
                                                                "Parent Relationship": "Outer",
                                                                "Parallel Aware": false,
                                                                "Startup Cost": 20000479930.45,
                                                                "Total Cost": 20000479960.64,
                                                                "Plan Rows": 1,
                                                                "Plan Width": 76,
                                                                "Actual Startup Time": 1124.649,
                                                                "Actual Total Time": 1128.406,
                                                                "Actual Rows": 237,
                                                                "Actual Loops": 1,
                                                                "Output": [
                                                                    "mi.info",
                                                                    "mi.movie_id",
                                                                    "mk.movie_id",
                                                                    "mk.keyword_id",
                                                                    "t.title",
                                                                    "t.id"
                                                                ],
                                                                "Workers Planned": 3,
                                                                "Workers Launched": 3,
                                                                "Plans": [
                                                                    {
                                                                        "Node Type": "Merge Join",
                                                                        "Parent Relationship": "Outer",
                                                                        "Parallel Aware": false,
                                                                        "Join Type": "Inner",
                                                                        "Startup Cost": 20000478930.41,
                                                                        "Total Cost": 20000478960.48,
                                                                        "Plan Rows": 1,
                                                                        "Plan Width": 76,
                                                                        "Actual Startup Time": 1105.855,
                                                                        "Actual Total Time": 1106.868,
                                                                        "Actual Rows": 59,
                                                                        "Actual Loops": 4,
                                                                        "Output": [
                                                                            "mi.info",
                                                                            "mi.movie_id",
                                                                            "mk.movie_id",
                                                                            "mk.keyword_id",
                                                                            "t.title",
                                                                            "t.id"
                                                                        ],
                                                                        "Inner Unique": false,
                                                                        "Merge Cond": "(mi.movie_id = t.id)",
                                                                        "Workers": [
                                                                            {
                                                                                "Worker Number": 0,
                                                                                "Actual Startup Time": 1107.493,
                                                                                "Actual Total Time": 1107.5,
                                                                                "Actual Rows": 0,
                                                                                "Actual Loops": 1
                                                                            },
                                                                            {
                                                                                "Worker Number": 1,
                                                                                "Actual Startup Time": 1111.198,
                                                                                "Actual Total Time": 1111.664,
                                                                                "Actual Rows": 90,
                                                                                "Actual Loops": 1
                                                                            },
                                                                            {
                                                                                "Worker Number": 2,
                                                                                "Actual Startup Time": 1107.494,
                                                                                "Actual Total Time": 1107.501,
                                                                                "Actual Rows": 0,
                                                                                "Actual Loops": 1
                                                                            }
                                                                        ],
                                                                        "Plans": [
                                                                            {
                                                                                "Node Type": "Sort",
                                                                                "Parent Relationship": "Outer",
                                                                                "Parallel Aware": false,
                                                                                "Startup Cost": 20000405002.5,
                                                                                "Total Cost": 20000405017.18,
                                                                                "Plan Rows": 5870,
                                                                                "Plan Width": 55,
                                                                                "Actual Startup Time": 748.128,
                                                                                "Actual Total Time": 748.538,
                                                                                "Actual Rows": 6600,
                                                                                "Actual Loops": 4,
                                                                                "Output": [
                                                                                    "mi.info",
                                                                                    "mi.movie_id",
                                                                                    "mk.movie_id",
                                                                                    "mk.keyword_id"
                                                                                ],
                                                                                "Sort Key": [
                                                                                    "mi.movie_id"
                                                                                ],
                                                                                "Sort Method": "quicksort",
                                                                                "Sort Space Used": 11907,
                                                                                "Sort Space Type": "Memory",
                                                                                "Workers": [
                                                                                    {
                                                                                        "Worker Number": 0,
                                                                                        "Actual Startup Time": 741.12,
                                                                                        "Actual Total Time": 741.129,
                                                                                        "Actual Rows": 12,
                                                                                        "Actual Loops": 1
                                                                                    },
                                                                                    {
                                                                                        "Worker Number": 1,
                                                                                        "Actual Startup Time": 746.937,
                                                                                        "Actual Total Time": 747.19,
                                                                                        "Actual Rows": 3981,
                                                                                        "Actual Loops": 1
                                                                                    },
                                                                                    {
                                                                                        "Worker Number": 2,
                                                                                        "Actual Startup Time": 741.898,
                                                                                        "Actual Total Time": 741.906,
                                                                                        "Actual Rows": 5,
                                                                                        "Actual Loops": 1
                                                                                    }
                                                                                ],
                                                                                "Plans": [
                                                                                    {
                                                                                        "Node Type": "Hash Join",
                                                                                        "Parent Relationship": "Outer",
                                                                                        "Parallel Aware": false,
                                                                                        "Join Type": "Inner",
                                                                                        "Startup Cost": 20000177640.05,
                                                                                        "Total Cost": 20000404635.07,
                                                                                        "Plan Rows": 5870,
                                                                                        "Plan Width": 55,
                                                                                        "Actual Startup Time": 440.719,
                                                                                        "Actual Total Time": 717.925,
                                                                                        "Actual Rows": 79786,
                                                                                        "Actual Loops": 4,
                                                                                        "Output": [
                                                                                            "mi.info",
                                                                                            "mi.movie_id",
                                                                                            "mk.movie_id",
                                                                                            "mk.keyword_id"
                                                                                        ],
                                                                                        "Inner Unique": false,
                                                                                        "Hash Cond": "(mk.movie_id = mi.movie_id)",
                                                                                        "Workers": [
                                                                                            {
                                                                                                "Worker Number": 0,
                                                                                                "Actual Startup Time": 518.174,
                                                                                                "Actual Total Time": 716.139,
                                                                                                "Actual Rows": 55875,
                                                                                                "Actual Loops": 1
                                                                                            },
                                                                                            {
                                                                                                "Worker Number": 1,
                                                                                                "Actual Startup Time": 429.483,
                                                                                                "Actual Total Time": 712.084,
                                                                                                "Actual Rows": 83593,
                                                                                                "Actual Loops": 1
                                                                                            },
                                                                                            {
                                                                                                "Worker Number": 2,
                                                                                                "Actual Startup Time": 501.675,
                                                                                                "Actual Total Time": 714.056,
                                                                                                "Actual Rows": 66601,
                                                                                                "Actual Loops": 1
                                                                                            }
                                                                                        ],
                                                                                        "Plans": [
                                                                                            {
                                                                                                "Node Type": "Seq Scan",
                                                                                                "Parent Relationship": "Outer",
                                                                                                "Parallel Aware": true,
                                                                                                "Relation Name": "movie_keyword",
                                                                                                "Schema": "public",
                                                                                                "Alias": "mk",
                                                                                                "Startup Cost": 0.0,
                                                                                                "Total Cost": 39047.32,
                                                                                                "Plan Rows": 1459332,
                                                                                                "Plan Width": 8,
                                                                                                "Actual Startup Time": 0.042,
                                                                                                "Actual Total Time": 121.736,
                                                                                                "Actual Rows": 1130982,
                                                                                                "Actual Loops": 4,
                                                                                                "Output": [
                                                                                                    "mk.id",
                                                                                                    "mk.movie_id",
                                                                                                    "mk.keyword_id"
                                                                                                ],
                                                                                                "Workers": [
                                                                                                    {
                                                                                                        "Worker Number": 0,
                                                                                                        "Actual Startup Time": 0.046,
                                                                                                        "Actual Total Time": 88.926,
                                                                                                        "Actual Rows": 702630,
                                                                                                        "Actual Loops": 1
                                                                                                    },
                                                                                                    {
                                                                                                        "Worker Number": 1,
                                                                                                        "Actual Startup Time": 0.05,
                                                                                                        "Actual Total Time": 126.204,
                                                                                                        "Actual Rows": 1129610,
                                                                                                        "Actual Loops": 1
                                                                                                    },
                                                                                                    {
                                                                                                        "Worker Number": 2,
                                                                                                        "Actual Startup Time": 0.063,
                                                                                                        "Actual Total Time": 95.886,
                                                                                                        "Actual Rows": 843355,
                                                                                                        "Actual Loops": 1
                                                                                                    }
                                                                                                ]
                                                                                            },
                                                                                            {
                                                                                                "Node Type": "Hash",
                                                                                                "Parent Relationship": "Inner",
                                                                                                "Parallel Aware": false,
                                                                                                "Startup Cost": 20000177621.17,
                                                                                                "Total Cost": 20000177621.17,
                                                                                                "Plan Rows": 1510,
                                                                                                "Plan Width": 47,
                                                                                                "Actual Startup Time": 440.175,
                                                                                                "Actual Total Time": 440.178,
                                                                                                "Actual Rows": 161958,
                                                                                                "Actual Loops": 4,
                                                                                                "Output": [
                                                                                                    "mi.info",
                                                                                                    "mi.movie_id"
                                                                                                ],
                                                                                                "Hash Buckets": 262144,
                                                                                                "Original Hash Buckets": 2048,
                                                                                                "Hash Batches": 1,
                                                                                                "Original Hash Batches": 1,
                                                                                                "Peak Memory Usage": 9640,
                                                                                                "Workers": [
                                                                                                    {
                                                                                                        "Worker Number": 0,
                                                                                                        "Actual Startup Time": 517.411,
                                                                                                        "Actual Total Time": 517.415,
                                                                                                        "Actual Rows": 161958,
                                                                                                        "Actual Loops": 1
                                                                                                    },
                                                                                                    {
                                                                                                        "Worker Number": 1,
                                                                                                        "Actual Startup Time": 428.842,
                                                                                                        "Actual Total Time": 428.845,
                                                                                                        "Actual Rows": 161958,
                                                                                                        "Actual Loops": 1
                                                                                                    },
                                                                                                    {
                                                                                                        "Worker Number": 2,
                                                                                                        "Actual Startup Time": 500.938,
                                                                                                        "Actual Total Time": 500.941,
                                                                                                        "Actual Rows": 161958,
                                                                                                        "Actual Loops": 1
                                                                                                    }
                                                                                                ],
                                                                                                "Plans": [
                                                                                                    {
                                                                                                        "Node Type": "Nested Loop",
                                                                                                        "Parent Relationship": "Outer",
                                                                                                        "Parallel Aware": false,
                                                                                                        "Join Type": "Inner",
                                                                                                        "Startup Cost": 20000003773.95,
                                                                                                        "Total Cost": 20000177621.17,
                                                                                                        "Plan Rows": 1510,
                                                                                                        "Plan Width": 47,
                                                                                                        "Actual Startup Time": 119.865,
                                                                                                        "Actual Total Time": 391.352,
                                                                                                        "Actual Rows": 161958,
                                                                                                        "Actual Loops": 4,
                                                                                                        "Output": [
                                                                                                            "mi.info",
                                                                                                            "mi.movie_id"
                                                                                                        ],
                                                                                                        "Inner Unique": false,
                                                                                                        "Workers": [
                                                                                                            {
                                                                                                                "Worker Number": 0,
                                                                                                                "Actual Startup Time": 171.197,
                                                                                                                "Actual Total Time": 463.795,
                                                                                                                "Actual Rows": 161958,
                                                                                                                "Actual Loops": 1
                                                                                                            },
                                                                                                            {
                                                                                                                "Worker Number": 1,
                                                                                                                "Actual Startup Time": 85.822,
                                                                                                                "Actual Total Time": 376.109,
                                                                                                                "Actual Rows": 161958,
                                                                                                                "Actual Loops": 1
                                                                                                            },
                                                                                                            {
                                                                                                                "Worker Number": 2,
                                                                                                                "Actual Startup Time": 156.815,
                                                                                                                "Actual Total Time": 448.104,
                                                                                                                "Actual Rows": 161958,
                                                                                                                "Actual Loops": 1
                                                                                                            }
                                                                                                        ],
                                                                                                        "Plans": [
                                                                                                            {
                                                                                                                "Node Type": "Seq Scan",
                                                                                                                "Parent Relationship": "Outer",
                                                                                                                "Parallel Aware": false,
                                                                                                                "Relation Name": "info_type",
                                                                                                                "Schema": "public",
                                                                                                                "Alias": "it1",
                                                                                                                "Startup Cost": 10000000000.0,
                                                                                                                "Total Cost": 10000000002.41,
                                                                                                                "Plan Rows": 1,
                                                                                                                "Plan Width": 4,
                                                                                                                "Actual Startup Time": 0.085,
                                                                                                                "Actual Total Time": 0.097,
                                                                                                                "Actual Rows": 1,
                                                                                                                "Actual Loops": 4,
                                                                                                                "Output": [
                                                                                                                    "it1.id",
                                                                                                                    "it1.info"
                                                                                                                ],
                                                                                                                "Filter": "((it1.info)::text = 'genres'::text)",
                                                                                                                "Rows Removed by Filter": 112,
                                                                                                                "Workers": [
                                                                                                                    {
                                                                                                                        "Worker Number": 0,
                                                                                                                        "Actual Startup Time": 0.113,
                                                                                                                        "Actual Total Time": 0.124,
                                                                                                                        "Actual Rows": 1,
                                                                                                                        "Actual Loops": 1
                                                                                                                    },
                                                                                                                    {
                                                                                                                        "Worker Number": 1,
                                                                                                                        "Actual Startup Time": 0.091,
                                                                                                                        "Actual Total Time": 0.102,
                                                                                                                        "Actual Rows": 1,
                                                                                                                        "Actual Loops": 1
                                                                                                                    },
                                                                                                                    {
                                                                                                                        "Worker Number": 2,
                                                                                                                        "Actual Startup Time": 0.126,
                                                                                                                        "Actual Total Time": 0.139,
                                                                                                                        "Actual Rows": 1,
                                                                                                                        "Actual Loops": 1
                                                                                                                    }
                                                                                                                ]
                                                                                                            },
                                                                                                            {
                                                                                                                "Node Type": "Bitmap Heap Scan",
                                                                                                                "Parent Relationship": "Inner",
                                                                                                                "Parallel Aware": false,
                                                                                                                "Relation Name": "movie_info",
                                                                                                                "Schema": "public",
                                                                                                                "Alias": "mi",
                                                                                                                "Startup Cost": 3773.95,
                                                                                                                "Total Cost": 177594.38,
                                                                                                                "Plan Rows": 2438,
                                                                                                                "Plan Width": 51,
                                                                                                                "Actual Startup Time": 119.768,
                                                                                                                "Actual Total Time": 370.604,
                                                                                                                "Actual Rows": 161958,
                                                                                                                "Actual Loops": 4,
                                                                                                                "Output": [
                                                                                                                    "mi.id",
                                                                                                                    "mi.movie_id",
                                                                                                                    "mi.info_type_id",
                                                                                                                    "mi.info",
                                                                                                                    "mi.note"
                                                                                                                ],
                                                                                                                "Recheck Cond": "(mi.info_type_id = it1.id)",
                                                                                                                "Rows Removed by Index Recheck": 0,
                                                                                                                "Filter": "(mi.info = 'Documentary'::text)",
                                                                                                                "Rows Removed by Filter": 1371951,
                                                                                                                "Exact Heap Blocks": 9770,
                                                                                                                "Lossy Heap Blocks": 0,
                                                                                                                "Workers": [
                                                                                                                    {
                                                                                                                        "Worker Number": 0,
                                                                                                                        "Actual Startup Time": 171.07,
                                                                                                                        "Actual Total Time": 441.081,
                                                                                                                        "Actual Rows": 161958,
                                                                                                                        "Actual Loops": 1
                                                                                                                    },
                                                                                                                    {
                                                                                                                        "Worker Number": 1,
                                                                                                                        "Actual Startup Time": 85.718,
                                                                                                                        "Actual Total Time": 353.8,
                                                                                                                        "Actual Rows": 161958,
                                                                                                                        "Actual Loops": 1
                                                                                                                    },
                                                                                                                    {
                                                                                                                        "Worker Number": 2,
                                                                                                                        "Actual Startup Time": 156.673,
                                                                                                                        "Actual Total Time": 428.168,
                                                                                                                        "Actual Rows": 161958,
                                                                                                                        "Actual Loops": 1
                                                                                                                    }
                                                                                                                ],
                                                                                                                "Plans": [
                                                                                                                    {
                                                                                                                        "Node Type": "Bitmap Index Scan",
                                                                                                                        "Parent Relationship": "Outer",
                                                                                                                        "Parallel Aware": false,
                                                                                                                        "Index Name": "info_type_id_movie_info",
                                                                                                                        "Startup Cost": 0.0,
                                                                                                                        "Total Cost": 3773.34,
                                                                                                                        "Plan Rows": 210787,
                                                                                                                        "Plan Width": 0,
                                                                                                                        "Actual Startup Time": 117.779,
                                                                                                                        "Actual Total Time": 117.779,
                                                                                                                        "Actual Rows": 1533909,
                                                                                                                        "Actual Loops": 4,
                                                                                                                        "Index Cond": "(mi.info_type_id = it1.id)",
                                                                                                                        "Workers": [
                                                                                                                            {
                                                                                                                                "Worker Number": 0,
                                                                                                                                "Actual Startup Time": 168.654,
                                                                                                                                "Actual Total Time": 168.655,
                                                                                                                                "Actual Rows": 1533909,
                                                                                                                                "Actual Loops": 1
                                                                                                                            },
                                                                                                                            {
                                                                                                                                "Worker Number": 1,
                                                                                                                                "Actual Startup Time": 83.89,
                                                                                                                                "Actual Total Time": 83.89,
                                                                                                                                "Actual Rows": 1533909,
                                                                                                                                "Actual Loops": 1
                                                                                                                            },
                                                                                                                            {
                                                                                                                                "Worker Number": 2,
                                                                                                                                "Actual Startup Time": 154.813,
                                                                                                                                "Actual Total Time": 154.813,
                                                                                                                                "Actual Rows": 1533909,
                                                                                                                                "Actual Loops": 1
                                                                                                                            }
                                                                                                                        ]
                                                                                                                    }
                                                                                                                ]
                                                                                                            }
                                                                                                        ]
                                                                                                    }
                                                                                                ]
                                                                                            }
                                                                                        ]
                                                                                    }
                                                                                ]
                                                                            },
                                                                            {
                                                                                "Node Type": "Sort",
                                                                                "Parent Relationship": "Inner",
                                                                                "Parallel Aware": false,
                                                                                "Startup Cost": 73927.91,
                                                                                "Total Cost": 73928.26,
                                                                                "Plan Rows": 142,
                                                                                "Plan Width": 21,
                                                                                "Actual Startup Time": 357.607,
                                                                                "Actual Total Time": 357.652,
                                                                                "Actual Rows": 510,
                                                                                "Actual Loops": 4,
                                                                                "Output": [
                                                                                    "t.title",
                                                                                    "t.id"
                                                                                ],
                                                                                "Sort Key": [
                                                                                    "t.id"
                                                                                ],
                                                                                "Sort Method": "quicksort",
                                                                                "Sort Space Used": 59,
                                                                                "Sort Space Type": "Memory",
                                                                                "Workers": [
                                                                                    {
                                                                                        "Worker Number": 0,
                                                                                        "Actual Startup Time": 366.274,
                                                                                        "Actual Total Time": 366.315,
                                                                                        "Actual Rows": 465,
                                                                                        "Actual Loops": 1
                                                                                    },
                                                                                    {
                                                                                        "Worker Number": 1,
                                                                                        "Actual Startup Time": 364.003,
                                                                                        "Actual Total Time": 364.046,
                                                                                        "Actual Rows": 534,
                                                                                        "Actual Loops": 1
                                                                                    },
                                                                                    {
                                                                                        "Worker Number": 2,
                                                                                        "Actual Startup Time": 365.496,
                                                                                        "Actual Total Time": 365.537,
                                                                                        "Actual Rows": 465,
                                                                                        "Actual Loops": 1
                                                                                    }
                                                                                ],
                                                                                "Plans": [
                                                                                    {
                                                                                        "Node Type": "Seq Scan",
                                                                                        "Parent Relationship": "Outer",
                                                                                        "Parallel Aware": false,
                                                                                        "Relation Name": "title",
                                                                                        "Schema": "public",
                                                                                        "Alias": "t",
                                                                                        "Startup Cost": 0.0,
                                                                                        "Total Cost": 73922.83,
                                                                                        "Plan Rows": 142,
                                                                                        "Plan Width": 21,
                                                                                        "Actual Startup Time": 0.11,
                                                                                        "Actual Total Time": 357.282,
                                                                                        "Actual Rows": 465,
                                                                                        "Actual Loops": 4,
                                                                                        "Output": [
                                                                                            "t.title",
                                                                                            "t.id"
                                                                                        ],
                                                                                        "Filter": "((t.title ~~ '100%'::text) AND (t.production_year > 1997))",
                                                                                        "Rows Removed by Filter": 2527847,
                                                                                        "Workers": [
                                                                                            {
                                                                                                "Worker Number": 0,
                                                                                                "Actual Startup Time": 0.162,
                                                                                                "Actual Total Time": 365.925,
                                                                                                "Actual Rows": 465,
                                                                                                "Actual Loops": 1
                                                                                            },
                                                                                            {
                                                                                                "Worker Number": 1,
                                                                                                "Actual Startup Time": 0.111,
                                                                                                "Actual Total Time": 363.669,
                                                                                                "Actual Rows": 465,
                                                                                                "Actual Loops": 1
                                                                                            },
                                                                                            {
                                                                                                "Worker Number": 2,
                                                                                                "Actual Startup Time": 0.122,
                                                                                                "Actual Total Time": 365.145,
                                                                                                "Actual Rows": 465,
                                                                                                "Actual Loops": 1
                                                                                            }
                                                                                        ]
                                                                                    }
                                                                                ]
                                                                            }
                                                                        ]
                                                                    }
                                                                ]
                                                            }
                                                        ]
                                                    }
                                                ]
                                            },
                                            {
                                                "Node Type": "Hash",
                                                "Parent Relationship": "Inner",
                                                "Parallel Aware": false,
                                                "Startup Cost": 10000003129.26,
                                                "Total Cost": 10000003129.26,
                                                "Plan Rows": 5,
                                                "Plan Width": 4,
                                                "Actual Startup Time": 30.139,
                                                "Actual Total Time": 30.14,
                                                "Actual Rows": 5,
                                                "Actual Loops": 1,
                                                "Output": [
                                                    "k.id"
                                                ],
                                                "Hash Buckets": 1024,
                                                "Original Hash Buckets": 1024,
                                                "Hash Batches": 1,
                                                "Original Hash Batches": 1,
                                                "Peak Memory Usage": 9,
                                                "Plans": [
                                                    {
                                                        "Node Type": "Seq Scan",
                                                        "Parent Relationship": "Outer",
                                                        "Parallel Aware": false,
                                                        "Relation Name": "keyword",
                                                        "Schema": "public",
                                                        "Alias": "k",
                                                        "Startup Cost": 10000000000.0,
                                                        "Total Cost": 10000003129.26,
                                                        "Plan Rows": 5,
                                                        "Plan Width": 4,
                                                        "Actual Startup Time": 0.839,
                                                        "Actual Total Time": 30.133,
                                                        "Actual Rows": 5,
                                                        "Actual Loops": 1,
                                                        "Output": [
                                                            "k.id"
                                                        ],
                                                        "Filter": "(k.keyword = ANY ('{superhero,sequel,murder,web,archive-footage}'::text[]))",
                                                        "Rows Removed by Filter": 134165
                                                    }
                                                ]
                                            }
                                        ]
                                    },
                                    {
                                        "Node Type": "Hash",
                                        "Parent Relationship": "Inner",
                                        "Parallel Aware": false,
                                        "Startup Cost": 10000000002.41,
                                        "Total Cost": 10000000002.41,
                                        "Plan Rows": 1,
                                        "Plan Width": 4,
                                        "Actual Startup Time": 0.047,
                                        "Actual Total Time": 0.048,
                                        "Actual Rows": 1,
                                        "Actual Loops": 1,
                                        "Output": [
                                            "it2.id"
                                        ],
                                        "Hash Buckets": 1024,
                                        "Original Hash Buckets": 1024,
                                        "Hash Batches": 1,
                                        "Original Hash Batches": 1,
                                        "Peak Memory Usage": 9,
                                        "Plans": [
                                            {
                                                "Node Type": "Seq Scan",
                                                "Parent Relationship": "Outer",
                                                "Parallel Aware": false,
                                                "Relation Name": "info_type",
                                                "Schema": "public",
                                                "Alias": "it2",
                                                "Startup Cost": 10000000000.0,
                                                "Total Cost": 10000000002.41,
                                                "Plan Rows": 1,
                                                "Plan Width": 4,
                                                "Actual Startup Time": 0.038,
                                                "Actual Total Time": 0.042,
                                                "Actual Rows": 1,
                                                "Actual Loops": 1,
                                                "Output": [
                                                    "it2.id"
                                                ],
                                                "Filter": "((it2.info)::text = 'votes'::text)",
                                                "Rows Removed by Filter": 112
                                            }
                                        ]
                                    }
                                ]
                            },
                            {
                                "Node Type": "Bitmap Heap Scan",
                                "Parent Relationship": "Inner",
                                "Parallel Aware": false,
                                "Relation Name": "cast_info",
                                "Schema": "public",
                                "Alias": "ci",
                                "Startup Cost": 0.97,
                                "Total Cost": 5.68,
                                "Plan Rows": 1,
                                "Plan Width": 8,
                                "Actual Startup Time": 0.122,
                                "Actual Total Time": 0.267,
                                "Actual Rows": 29,
                                "Actual Loops": 1,
                                "Output": [
                                    "ci.id",
                                    "ci.person_id",
                                    "ci.movie_id",
                                    "ci.person_role_id",
                                    "ci.note",
                                    "ci.nr_order",
                                    "ci.role_id"
                                ],
                                "Recheck Cond": "(ci.movie_id = mk.movie_id)",
                                "Rows Removed by Index Recheck": 0,
                                "Filter": "(ci.note = ANY ('{(writer),\"(head writer)\",\"(written by)\",(story),\"(story editor)\"}'::text[]))",
                                "Rows Removed by Filter": 19,
                                "Exact Heap Blocks": 48,
                                "Lossy Heap Blocks": 0,
                                "Plans": [
                                    {
                                        "Node Type": "Bitmap Index Scan",
                                        "Parent Relationship": "Outer",
                                        "Parallel Aware": false,
                                        "Index Name": "movie_id_cast_info",
                                        "Startup Cost": 0.0,
                                        "Total Cost": 0.97,
                                        "Plan Rows": 38,
                                        "Plan Width": 0,
                                        "Actual Startup Time": 0.075,
                                        "Actual Total Time": 0.075,
                                        "Actual Rows": 48,
                                        "Actual Loops": 1,
                                        "Index Cond": "(ci.movie_id = mk.movie_id)"
                                    }
                                ]
                            }
                        ]
                    },
                    {
                        "Node Type": "Bitmap Heap Scan",
                        "Parent Relationship": "Inner",
                        "Parallel Aware": false,
                        "Relation Name": "name",
                        "Schema": "public",
                        "Alias": "n",
                        "Startup Cost": 0.49,
                        "Total Cost": 4.5,
                        "Plan Rows": 1,
                        "Plan Width": 19,
                        "Actual Startup Time": 0.023,
                        "Actual Total Time": 0.023,
                        "Actual Rows": 0,
                        "Actual Loops": 29,
                        "Output": [
                            "n.id",
                            "n.name",
                            "n.imdb_index",
                            "n.imdb_id",
                            "n.gender",
                            "n.name_pcode_cf",
                            "n.name_pcode_nf",
                            "n.surname_pcode",
                            "n.md5sum"
                        ],
                        "Recheck Cond": "(n.id = ci.person_id)",
                        "Rows Removed by Index Recheck": 0,
                        "Filter": "((n.gender)::text = 'm'::text)",
                        "Rows Removed by Filter": 1,
                        "Exact Heap Blocks": 29,
                        "Lossy Heap Blocks": 0,
                        "Plans": [
                            {
                                "Node Type": "Bitmap Index Scan",
                                "Parent Relationship": "Outer",
                                "Parallel Aware": false,
                                "Index Name": "name_pkey",
                                "Startup Cost": 0.0,
                                "Total Cost": 0.49,
                                "Plan Rows": 1,
                                "Plan Width": 0,
                                "Actual Startup Time": 0.018,
                                "Actual Total Time": 0.018,
                                "Actual Rows": 1,
                                "Actual Loops": 29,
                                "Index Cond": "(n.id = ci.person_id)"
                            }
                        ]
                    }
                ]
            }
        ]
    },
    "Planning Time": 12.277,
    "Triggers": [],
    "Execution Time": 1307.146
}