[
  {
    "Plan": {
      "Node Type": "Aggregate",
      "Strategy": "Plain",
      "Partial Mode": "Finalize",
      "Parallel Aware": false,
      "Startup Cost": 32762.08,
      "Total Cost": 32762.09,
      "Plan Rows": 1,
      "Plan Width": 8,
      "Actual Startup Time": 88.869,
      "Actual Total Time": 101.535,
      "Actual Rows": 1,
      "Actual Loops": 1,
      "Plans": [
        {
          "Node Type": "Gather",
          "Parent Relationship": "Outer",
          "Parallel Aware": false,
          "Startup Cost": 32761.76,
          "Total Cost": 32762.07,
          "Plan Rows": 3,
          "Plan Width": 8,
          "Actual Startup Time": 88.716,
          "Actual Total Time": 101.527,
          "Actual Rows": 4,
          "Actual Loops": 1,
          "Workers Planned": 3,
          "Workers Launched": 3,
          "Single Copy": false,
          "Plans": [
            {
              "Node Type": "Aggregate",
              "Strategy": "Plain",
              "Partial Mode": "Partial",
              "Parent Relationship": "Outer",
              "Parallel Aware": false,
              "Startup Cost": 31761.76,
              "Total Cost": 31761.77,
              "Plan Rows": 1,
              "Plan Width": 8,
              "Actual Startup Time": 83.114,
              "Actual Total Time": 83.116,
              "Actual Rows": 1,
              "Actual Loops": 4,
              "Plans": [
                {
                  "Node Type": "Seq Scan",
                  "Parent Relationship": "Outer",
                  "Parallel Aware": true,
                  "Relation Name": "movie_companies",
                  "Alias": "mc",
                  "Startup Cost": 0.0,
                  "Total Cost": 31414.82,
                  "Plan Rows": 138778,
                  "Plan Width": 0,
                  "Actual Startup Time": 41.43,
                  "Actual Total Time": 79.349,
                  "Actual Rows": 61514,
                  "Actual Loops": 4,
                  "Filter": "((company_id < 2222) AND (company_type_id > 1))",
                  "Rows Removed by Filter": 590768
                }
              ]
            }
          ]
        }
      ]
    },
    "Planning Time": 0.091,
    "Triggers": [],
    "Execution Time": 101.575
  }
]