[
  {
    "Plan": {
      "Node Type": "Aggregate",
      "Strategy": "Plain",
      "Partial Mode": "Finalize",
      "Parallel Aware": false,
      "Startup Cost": 246884.6,
      "Total Cost": 246884.61,
      "Plan Rows": 1,
      "Plan Width": 8,
      "Actual Startup Time": 477.804,
      "Actual Total Time": 532.371,
      "Actual Rows": 1,
      "Actual Loops": 1,
      "Plans": [
        {
          "Node Type": "Gather",
          "Parent Relationship": "Outer",
          "Parallel Aware": false,
          "Startup Cost": 246884.08,
          "Total Cost": 246884.59,
          "Plan Rows": 5,
          "Plan Width": 8,
          "Actual Startup Time": 477.224,
          "Actual Total Time": 532.347,
          "Actual Rows": 6,
          "Actual Loops": 1,
          "Workers Planned": 5,
          "Workers Launched": 5,
          "Single Copy": false,
          "Plans": [
            {
              "Node Type": "Aggregate",
              "Strategy": "Plain",
              "Partial Mode": "Partial",
              "Parent Relationship": "Outer",
              "Parallel Aware": false,
              "Startup Cost": 245884.08,
              "Total Cost": 245884.09,
              "Plan Rows": 1,
              "Plan Width": 8,
              "Actual Startup Time": 469.093,
              "Actual Total Time": 469.097,
              "Actual Rows": 1,
              "Actual Loops": 6,
              "Plans": [
                {
                  "Node Type": "Hash Join",
                  "Parent Relationship": "Outer",
                  "Parallel Aware": true,
                  "Join Type": "Inner",
                  "Startup Cost": 45604.86,
                  "Total Cost": 245866.66,
                  "Plan Rows": 6968,
                  "Plan Width": 0,
                  "Actual Startup Time": 104.665,
                  "Actual Total Time": 469.016,
                  "Actual Rows": 835,
                  "Actual Loops": 6,
                  "Inner Unique": true,
                  "Hash Cond": "(mi.movie_id = t.id)",
                  "Plans": [
                    {
                      "Node Type": "Seq Scan",
                      "Parent Relationship": "Outer",
                      "Parallel Aware": true,
                      "Relation Name": "movie_info",
                      "Alias": "mi",
                      "Startup Cost": 0.0,
                      "Total Cost": 199108.24,
                      "Plan Rows": 439450,
                      "Plan Width": 4,
                      "Actual Startup Time": 17.798,
                      "Actual Total Time": 343.127,
                      "Actual Rows": 372308,
                      "Actual Loops": 6,
                      "Filter": "(info_type_id > 16)",
                      "Rows Removed by Filter": 2100312
                    },
                    {
                      "Node Type": "Hash",
                      "Parent Relationship": "Inner",
                      "Parallel Aware": true,
                      "Startup Cost": 45479.59,
                      "Total Cost": 45479.59,
                      "Plan Rows": 10022,
                      "Plan Width": 4,
                      "Actual Startup Time": 85.822,
                      "Actual Total Time": 85.823,
                      "Actual Rows": 6687,
                      "Actual Loops": 6,
                      "Hash Buckets": 65536,
                      "Original Hash Buckets": 65536,
                      "Hash Batches": 1,
                      "Original Hash Batches": 1,
                      "Peak Memory Usage": 2208,
                      "Plans": [
                        {
                          "Node Type": "Seq Scan",
                          "Parent Relationship": "Outer",
                          "Parallel Aware": true,
                          "Relation Name": "title",
                          "Alias": "t",
                          "Startup Cost": 0.0,
                          "Total Cost": 45479.59,
                          "Plan Rows": 10022,
                          "Plan Width": 4,
                          "Actual Startup Time": 0.051,
                          "Actual Total Time": 82.123,
                          "Actual Rows": 6687,
                          "Actual Loops": 6,
                          "Filter": "((kind_id = 7) AND (production_year = 2013))",
                          "Rows Removed by Filter": 414699
                        }
                      ]
                    }
                  ]
                }
              ]
            }
          ]
        }
      ]
    },
    "Planning Time": 0.719,
    "Triggers": [],
    "Execution Time": 532.454
  }
]