[
  {
    "Plan": {
      "Node Type": "Aggregate",
      "Strategy": "Plain",
      "Partial Mode": "Finalize",
      "Parallel Aware": false,
      "Startup Cost": 379818.71,
      "Total Cost": 379818.72,
      "Plan Rows": 1,
      "Plan Width": 8,
      "Actual Startup Time": 6627.652,
      "Actual Total Time": 6737.892,
      "Actual Rows": 1,
      "Actual Loops": 1,
      "Plans": [
        {
          "Node Type": "Gather",
          "Parent Relationship": "Outer",
          "Parallel Aware": false,
          "Startup Cost": 379818.39,
          "Total Cost": 379818.7,
          "Plan Rows": 3,
          "Plan Width": 8,
          "Actual Startup Time": 6625.443,
          "Actual Total Time": 6737.882,
          "Actual Rows": 4,
          "Actual Loops": 1,
          "Workers Planned": 3,
          "Workers Launched": 3,
          "Single Copy": false,
          "Plans": [
            {
              "Node Type": "Aggregate",
              "Strategy": "Plain",
              "Partial Mode": "Partial",
              "Parent Relationship": "Outer",
              "Parallel Aware": false,
              "Startup Cost": 378818.39,
              "Total Cost": 378818.4,
              "Plan Rows": 1,
              "Plan Width": 8,
              "Actual Startup Time": 6615.819,
              "Actual Total Time": 6615.823,
              "Actual Rows": 1,
              "Actual Loops": 4,
              "Plans": [
                {
                  "Node Type": "Nested Loop",
                  "Parent Relationship": "Outer",
                  "Parallel Aware": false,
                  "Join Type": "Inner",
                  "Startup Cost": 46928.95,
                  "Total Cost": 374254.57,
                  "Plan Rows": 1825528,
                  "Plan Width": 0,
                  "Actual Startup Time": 162.654,
                  "Actual Total Time": 6302.675,
                  "Actual Rows": 7169062,
                  "Actual Loops": 4,
                  "Inner Unique": false,
                  "Join Filter": "(t.id = ci.movie_id)",
                  "Rows Removed by Join Filter": 0,
                  "Plans": [
                    {
                      "Node Type": "Hash Join",
                      "Parent Relationship": "Outer",
                      "Parallel Aware": true,
                      "Join Type": "Inner",
                      "Startup Cost": 46928.39,
                      "Total Cost": 78061.83,
                      "Plan Rows": 127324,
                      "Plan Width": 8,
                      "Actual Startup Time": 162.527,
                      "Actual Total Time": 446.447,
                      "Actual Rows": 256885,
                      "Actual Loops": 4,
                      "Inner Unique": true,
                      "Hash Cond": "(mc.movie_id = t.id)",
                      "Plans": [
                        {
                          "Node Type": "Seq Scan",
                          "Parent Relationship": "Outer",
                          "Parallel Aware": true,
                          "Relation Name": "movie_companies",
                          "Alias": "mc",
                          "Startup Cost": 0.0,
                          "Total Cost": 29310.68,
                          "Plan Rows": 694386,
                          "Plan Width": 4,
                          "Actual Startup Time": 0.072,
                          "Actual Total Time": 83.206,
                          "Actual Rows": 540069,
                          "Actual Loops": 4,
                          "Filter": "(company_id > 352)",
                          "Rows Removed by Filter": 112213
                        },
                        {
                          "Node Type": "Hash",
                          "Parent Relationship": "Inner",
                          "Parallel Aware": true,
                          "Startup Cost": 45479.59,
                          "Total Cost": 45479.59,
                          "Plan Rows": 115904,
                          "Plan Width": 4,
                          "Actual Startup Time": 159.182,
                          "Actual Total Time": 159.183,
                          "Actual Rows": 139373,
                          "Actual Loops": 4,
                          "Hash Buckets": 1048576,
                          "Original Hash Buckets": 524288,
                          "Hash Batches": 1,
                          "Original Hash Batches": 1,
                          "Peak Memory Usage": 34176,
                          "Plans": [
                            {
                              "Node Type": "Seq Scan",
                              "Parent Relationship": "Outer",
                              "Parallel Aware": true,
                              "Relation Name": "title",
                              "Alias": "t",
                              "Startup Cost": 0.0,
                              "Total Cost": 45479.59,
                              "Plan Rows": 115904,
                              "Plan Width": 4,
                              "Actual Startup Time": 0.045,
                              "Actual Total Time": 101.166,
                              "Actual Rows": 139373,
                              "Actual Loops": 4,
                              "Filter": "((kind_id < 7) AND (production_year < 2003))",
                              "Rows Removed by Filter": 492705
                            }
                          ]
                        }
                      ]
                    },
                    {
                      "Node Type": "Index Only Scan",
                      "Parent Relationship": "Inner",
                      "Parallel Aware": false,
                      "Scan Direction": "Forward",
                      "Index Name": "movie_id_cast_info",
                      "Relation Name": "cast_info",
                      "Alias": "ci",
                      "Startup Cost": 0.56,
                      "Total Cost": 1.89,
                      "Plan Rows": 35,
                      "Plan Width": 4,
                      "Actual Startup Time": 0.003,
                      "Actual Total Time": 0.02,
                      "Actual Rows": 28,
                      "Actual Loops": 1027541,
                      "Index Cond": "(movie_id = mc.movie_id)",
                      "Rows Removed by Index Recheck": 0,
                      "Heap Fetches": 28676246
                    }
                  ]
                }
              ]
            }
          ]
        }
      ]
    },
    "Planning Time": 1.373,
    "Triggers": [],
    "Execution Time": 6737.992
  }
]