[
  {
    "Plan": {
      "Node Type": "Aggregate",
      "Strategy": "Plain",
      "Partial Mode": "Finalize",
      "Parallel Aware": false,
      "Startup Cost": 47071.2,
      "Total Cost": 47071.21,
      "Plan Rows": 1,
      "Plan Width": 8,
      "Actual Startup Time": 161.976,
      "Actual Total Time": 172.46,
      "Actual Rows": 1,
      "Actual Loops": 1,
      "Plans": [
        {
          "Node Type": "Gather",
          "Parent Relationship": "Outer",
          "Parallel Aware": false,
          "Startup Cost": 47070.88,
          "Total Cost": 47071.19,
          "Plan Rows": 3,
          "Plan Width": 8,
          "Actual Startup Time": 161.866,
          "Actual Total Time": 172.45,
          "Actual Rows": 4,
          "Actual Loops": 1,
          "Workers Planned": 3,
          "Workers Launched": 3,
          "Single Copy": false,
          "Plans": [
            {
              "Node Type": "Aggregate",
              "Strategy": "Plain",
              "Partial Mode": "Partial",
              "Parent Relationship": "Outer",
              "Parallel Aware": false,
              "Startup Cost": 46070.88,
              "Total Cost": 46070.89,
              "Plan Rows": 1,
              "Plan Width": 8,
              "Actual Startup Time": 154.995,
              "Actual Total Time": 154.996,
              "Actual Rows": 1,
              "Actual Loops": 4,
              "Plans": [
                {
                  "Node Type": "Seq Scan",
                  "Parent Relationship": "Outer",
                  "Parallel Aware": true,
                  "Relation Name": "movie_keyword",
                  "Alias": "mk",
                  "Startup Cost": 0.0,
                  "Total Cost": 42695.65,
                  "Plan Rows": 1350092,
                  "Plan Width": 0,
                  "Actual Startup Time": 0.048,
                  "Actual Total Time": 112.344,
                  "Actual Rows": 1046649,
                  "Actual Loops": 4,
                  "Filter": "(keyword_id < 48967)",
                  "Rows Removed by Filter": 84334
                }
              ]
            }
          ]
        }
      ]
    },
    "Planning Time": 0.178,
    "Triggers": [],
    "Execution Time": 172.518
  }
]