[
  {
    "Plan": {
      "Node Type": "Aggregate",
      "Strategy": "Plain",
      "Partial Mode": "Finalize",
      "Parallel Aware": false,
      "Startup Cost": 47063.6,
      "Total Cost": 47063.61,
      "Plan Rows": 1,
      "Plan Width": 8,
      "Actual Startup Time": 169.855,
      "Actual Total Time": 179.666,
      "Actual Rows": 1,
      "Actual Loops": 1,
      "Plans": [
        {
          "Node Type": "Gather",
          "Parent Relationship": "Outer",
          "Parallel Aware": false,
          "Startup Cost": 47063.28,
          "Total Cost": 47063.59,
          "Plan Rows": 3,
          "Plan Width": 8,
          "Actual Startup Time": 169.75,
          "Actual Total Time": 179.658,
          "Actual Rows": 4,
          "Actual Loops": 1,
          "Workers Planned": 3,
          "Workers Launched": 3,
          "Single Copy": false,
          "Plans": [
            {
              "Node Type": "Aggregate",
              "Strategy": "Plain",
              "Partial Mode": "Partial",
              "Parent Relationship": "Outer",
              "Parallel Aware": false,
              "Startup Cost": 46063.28,
              "Total Cost": 46063.29,
              "Plan Rows": 1,
              "Plan Width": 8,
              "Actual Startup Time": 163.572,
              "Actual Total Time": 163.573,
              "Actual Rows": 1,
              "Actual Loops": 4,
              "Plans": [
                {
                  "Node Type": "Seq Scan",
                  "Parent Relationship": "Outer",
                  "Parallel Aware": true,
                  "Relation Name": "movie_keyword",
                  "Alias": "mk",
                  "Startup Cost": 0.0,
                  "Total Cost": 42695.65,
                  "Plan Rows": 1347051,
                  "Plan Width": 0,
                  "Actual Startup Time": 0.047,
                  "Actual Total Time": 119.047,
                  "Actual Rows": 1046649,
                  "Actual Loops": 4,
                  "Filter": "(keyword_id < 48967)",
                  "Rows Removed by Filter": 84334
                }
              ]
            }
          ]
        }
      ]
    },
    "Planning Time": 0.13,
    "Triggers": [],
    "Execution Time": 179.706
  }
]