[
  {
    "Plan": {
      "Node Type": "Aggregate",
      "Strategy": "Plain",
      "Partial Mode": "Finalize",
      "Parallel Aware": false,
      "Startup Cost": 16165.36,
      "Total Cost": 16165.37,
      "Plan Rows": 1,
      "Plan Width": 8,
      "Actual Startup Time": 15.395,
      "Actual Total Time": 18.308,
      "Actual Rows": 1,
      "Actual Loops": 1,
      "Plans": [
        {
          "Node Type": "Gather",
          "Parent Relationship": "Outer",
          "Parallel Aware": false,
          "Startup Cost": 16165.14,
          "Total Cost": 16165.35,
          "Plan Rows": 2,
          "Plan Width": 8,
          "Actual Startup Time": 15.202,
          "Actual Total Time": 18.303,
          "Actual Rows": 3,
          "Actual Loops": 1,
          "Workers Planned": 2,
          "Workers Launched": 2,
          "Single Copy": false,
          "Plans": [
            {
              "Node Type": "Aggregate",
              "Strategy": "Plain",
              "Partial Mode": "Partial",
              "Parent Relationship": "Outer",
              "Parallel Aware": false,
              "Startup Cost": 15165.14,
              "Total Cost": 15165.15,
              "Plan Rows": 1,
              "Plan Width": 8,
              "Actual Startup Time": 9.398,
              "Actual Total Time": 9.4,
              "Actual Rows": 1,
              "Actual Loops": 3,
              "Plans": [
                {
                  "Node Type": "Nested Loop",
                  "Parent Relationship": "Outer",
                  "Parallel Aware": false,
                  "Join Type": "Inner",
                  "Startup Cost": 80.7,
                  "Total Cost": 15164.42,
                  "Plan Rows": 290,
                  "Plan Width": 0,
                  "Actual Startup Time": 0.74,
                  "Actual Total Time": 9.313,
                  "Actual Rows": 722,
                  "Actual Loops": 3,
                  "Inner Unique": true,
                  "Plans": [
                    {
                      "Node Type": "Bitmap Heap Scan",
                      "Parent Relationship": "Outer",
                      "Parallel Aware": true,
                      "Relation Name": "movie_companies",
                      "Alias": "mc",
                      "Startup Cost": 80.27,
                      "Total Cost": 9217.54,
                      "Plan Rows": 744,
                      "Plan Width": 4,
                      "Actual Startup Time": 0.611,
                      "Actual Total Time": 4.491,
                      "Actual Rows": 722,
                      "Actual Loops": 3,
                      "Recheck Cond": "(company_id = 474)",
                      "Rows Removed by Index Recheck": 0,
                      "Filter": "(company_type_id < 2)",
                      "Rows Removed by Filter": 585,
                      "Exact Heap Blocks": 2548,
                      "Lossy Heap Blocks": 0,
                      "Plans": [
                        {
                          "Node Type": "Bitmap Index Scan",
                          "Parent Relationship": "Outer",
                          "Parallel Aware": false,
                          "Index Name": "company_id_movie_companies",
                          "Startup Cost": 0.0,
                          "Total Cost": 79.83,
                          "Plan Rows": 3653,
                          "Plan Width": 0,
                          "Actual Startup Time": 1.226,
                          "Actual Total Time": 1.226,
                          "Actual Rows": 3921,
                          "Actual Loops": 1,
                          "Index Cond": "(company_id = 474)"
                        }
                      ]
                    },
                    {
                      "Node Type": "Index Scan",
                      "Parent Relationship": "Inner",
                      "Parallel Aware": false,
                      "Scan Direction": "Forward",
                      "Index Name": "title_pkey",
                      "Relation Name": "title",
                      "Alias": "t",
                      "Startup Cost": 0.43,
                      "Total Cost": 7.99,
                      "Plan Rows": 1,
                      "Plan Width": 4,
                      "Actual Startup Time": 0.006,
                      "Actual Total Time": 0.006,
                      "Actual Rows": 1,
                      "Actual Loops": 2166,
                      "Index Cond": "(id = mc.movie_id)",
                      "Rows Removed by Index Recheck": 0,
                      "Filter": "(kind_id < 7)",
                      "Rows Removed by Filter": 0
                    }
                  ]
                }
              ]
            }
          ]
        }
      ]
    },
    "Planning Time": 0.239,
    "Triggers": [],
    "Execution Time": 18.345
  }
]