[
  {
    "Plan": {
      "Node Type": "Aggregate",
      "Strategy": "Plain",
      "Partial Mode": "Finalize",
      "Parallel Aware": false,
      "Startup Cost": 33269.23,
      "Total Cost": 33269.24,
      "Plan Rows": 1,
      "Plan Width": 8,
      "Actual Startup Time": 97.466,
      "Actual Total Time": 105.272,
      "Actual Rows": 1,
      "Actual Loops": 1,
      "Plans": [
        {
          "Node Type": "Gather",
          "Parent Relationship": "Outer",
          "Parallel Aware": false,
          "Startup Cost": 33268.91,
          "Total Cost": 33269.22,
          "Plan Rows": 3,
          "Plan Width": 8,
          "Actual Startup Time": 97.329,
          "Actual Total Time": 105.263,
          "Actual Rows": 4,
          "Actual Loops": 1,
          "Workers Planned": 3,
          "Workers Launched": 3,
          "Single Copy": false,
          "Plans": [
            {
              "Node Type": "Aggregate",
              "Strategy": "Plain",
              "Partial Mode": "Partial",
              "Parent Relationship": "Outer",
              "Parallel Aware": false,
              "Startup Cost": 32268.91,
              "Total Cost": 32268.92,
              "Plan Rows": 1,
              "Plan Width": 8,
              "Actual Startup Time": 91.485,
              "Actual Total Time": 91.487,
              "Actual Rows": 1,
              "Actual Loops": 4,
              "Plans": [
                {
                  "Node Type": "Seq Scan",
                  "Parent Relationship": "Outer",
                  "Parallel Aware": true,
                  "Relation Name": "movie_companies",
                  "Alias": "mc",
                  "Startup Cost": 0.0,
                  "Total Cost": 31414.82,
                  "Plan Rows": 341638,
                  "Plan Width": 0,
                  "Actual Startup Time": 0.142,
                  "Actual Total Time": 78.912,
                  "Actual Rows": 235540,
                  "Actual Loops": 4,
                  "Filter": "((company_id > 312) AND (company_type_id < 2))",
                  "Rows Removed by Filter": 416742
                }
              ]
            }
          ]
        }
      ]
    },
    "Planning Time": 0.223,
    "Triggers": [],
    "Execution Time": 105.328
  }
]