[
  {
    "Plan": {
      "Node Type": "Aggregate",
      "Strategy": "Plain",
      "Partial Mode": "Finalize",
      "Parallel Aware": false,
      "Startup Cost": 33276.42,
      "Total Cost": 33276.43,
      "Plan Rows": 1,
      "Plan Width": 8,
      "Actual Startup Time": 94.332,
      "Actual Total Time": 100.299,
      "Actual Rows": 1,
      "Actual Loops": 1,
      "Plans": [
        {
          "Node Type": "Gather",
          "Parent Relationship": "Outer",
          "Parallel Aware": false,
          "Startup Cost": 33276.1,
          "Total Cost": 33276.41,
          "Plan Rows": 3,
          "Plan Width": 8,
          "Actual Startup Time": 94.223,
          "Actual Total Time": 100.293,
          "Actual Rows": 4,
          "Actual Loops": 1,
          "Workers Planned": 3,
          "Workers Launched": 3,
          "Single Copy": false,
          "Plans": [
            {
              "Node Type": "Aggregate",
              "Strategy": "Plain",
              "Partial Mode": "Partial",
              "Parent Relationship": "Outer",
              "Parallel Aware": false,
              "Startup Cost": 32276.1,
              "Total Cost": 32276.11,
              "Plan Rows": 1,
              "Plan Width": 8,
              "Actual Startup Time": 87.059,
              "Actual Total Time": 87.06,
              "Actual Rows": 1,
              "Actual Loops": 4,
              "Plans": [
                {
                  "Node Type": "Seq Scan",
                  "Parent Relationship": "Outer",
                  "Parallel Aware": true,
                  "Relation Name": "movie_companies",
                  "Alias": "mc",
                  "Startup Cost": 0.0,
                  "Total Cost": 31414.82,
                  "Plan Rows": 344513,
                  "Plan Width": 0,
                  "Actual Startup Time": 0.122,
                  "Actual Total Time": 75.074,
                  "Actual Rows": 235540,
                  "Actual Loops": 4,
                  "Filter": "((company_id > 312) AND (company_type_id < 2))",
                  "Rows Removed by Filter": 416742
                }
              ]
            }
          ]
        }
      ]
    },
    "Planning Time": 0.16,
    "Triggers": [],
    "Execution Time": 100.342
  }
]