{
  "Plan": {
    "Node Type": "Aggregate",
    "Strategy": "Plain",
    "Partial Mode": "Finalize",
    "Parallel Aware": false,
    "Startup Cost": 646770.73,
    "Total Cost": 646770.74,
    "Plan Rows": 1,
    "Plan Width": 8,
    "Actual Startup Time": 2754.639,
    "Actual Total Time": 2817.345,
    "Actual Rows": 1,
    "Actual Loops": 1,
    "Plans": [
      {
        "Node Type": "Gather",
        "Parent Relationship": "Outer",
        "Parallel Aware": false,
        "Startup Cost": 646770.62,
        "Total Cost": 646770.73,
        "Plan Rows": 1,
        "Plan Width": 8,
        "Actual Startup Time": 2754.362,
        "Actual Total Time": 2817.336,
        "Actual Rows": 2,
        "Actual Loops": 1,
        "Workers Planned": 1,
        "Workers Launched": 1,
        "Single Copy": false,
        "Plans": [
          {
            "Node Type": "Aggregate",
            "Strategy": "Plain",
            "Partial Mode": "Partial",
            "Parent Relationship": "Outer",
            "Parallel Aware": false,
            "Startup Cost": 645770.62,
            "Total Cost": 645770.63,
            "Plan Rows": 1,
            "Plan Width": 8,
            "Actual Startup Time": 2748.846,
            "Actual Total Time": 2748.85,
            "Actual Rows": 1,
            "Actual Loops": 2,
            "Plans": [
              {
                "Node Type": "Hash Join",
                "Parent Relationship": "Outer",
                "Parallel Aware": true,
                "Join Type": "Inner",
                "Startup Cost": 58659.29,
                "Total Cost": 645508.47,
                "Plan Rows": 104861,
                "Plan Width": 0,
                "Actual Startup Time": 161.228,
                "Actual Total Time": 2742.779,
                "Actual Rows": 98591,
                "Actual Loops": 2,
                "Inner Unique": true,
                "Hash Cond": "(ci.movie_id = t.id)",
                "Plans": [
                  {
                    "Node Type": "Seq Scan",
                    "Parent Relationship": "Outer",
                    "Parallel Aware": true,
                    "Relation Name": "cast_info",
                    "Alias": "ci",
                    "Startup Cost": 0.0,
                    "Total Cost": 572345.93,
                    "Plan Rows": 5525038,
                    "Plan Width": 4,
                    "Actual Startup Time": 0.014,
                    "Actual Total Time": 1937.333,
                    "Actual Rows": 6209128,
                    "Actual Loops": 2,
                    "Filter": "((person_id < 1701572) AND (role_id < 3))",
                    "Rows Removed by Filter": 11913044
                  },
                  {
                    "Node Type": "Hash",
                    "Parent Relationship": "Inner",
                    "Parallel Aware": true,
                    "Startup Cost": 58306.47,
                    "Total Cost": 58306.47,
                    "Plan Rows": 28226,
                    "Plan Width": 4,
                    "Actual Startup Time": 159.626,
                    "Actual Total Time": 159.627,
                    "Actual Rows": 19376,
                    "Actual Loops": 2,
                    "Hash Buckets": 65536,
                    "Original Hash Buckets": 65536,
                    "Hash Batches": 1,
                    "Original Hash Batches": 1,
                    "Peak Memory Usage": 2080,
                    "Plans": [
                      {
                        "Node Type": "Seq Scan",
                        "Parent Relationship": "Outer",
                        "Parallel Aware": true,
                        "Relation Name": "title",
                        "Alias": "t",
                        "Startup Cost": 0.0,
                        "Total Cost": 58306.47,
                        "Plan Rows": 28226,
                        "Plan Width": 4,
                        "Actual Startup Time": 0.215,
                        "Actual Total Time": 152.502,
                        "Actual Rows": 19376,
                        "Actual Loops": 2,
                        "Filter": "((kind_id < 7) AND (production_year = 2008))",
                        "Rows Removed by Filter": 1244780
                      }
                    ]
                  }
                ]
              }
            ]
          }
        ]
      }
    ]
  },
  "Planning Time": 0.507,
  "Triggers": [],
  "Execution Time": 2817.435
}