[
  {
    "Plan": {
      "Node Type": "Aggregate",
      "Strategy": "Plain",
      "Partial Mode": "Finalize",
      "Parallel Aware": false,
      "Startup Cost": 281781.78,
      "Total Cost": 281781.79,
      "Plan Rows": 1,
      "Plan Width": 8,
      "Actual Startup Time": 580.656,
      "Actual Total Time": 600.219,
      "Actual Rows": 1,
      "Actual Loops": 1,
      "Plans": [
        {
          "Node Type": "Gather",
          "Parent Relationship": "Outer",
          "Parallel Aware": false,
          "Startup Cost": 281781.46,
          "Total Cost": 281781.77,
          "Plan Rows": 3,
          "Plan Width": 8,
          "Actual Startup Time": 577.251,
          "Actual Total Time": 600.198,
          "Actual Rows": 4,
          "Actual Loops": 1,
          "Workers Planned": 3,
          "Workers Launched": 3,
          "Single Copy": false,
          "Plans": [
            {
              "Node Type": "Aggregate",
              "Strategy": "Plain",
              "Partial Mode": "Partial",
              "Parent Relationship": "Outer",
              "Parallel Aware": false,
              "Startup Cost": 280781.46,
              "Total Cost": 280781.47,
              "Plan Rows": 1,
              "Plan Width": 8,
              "Actual Startup Time": 567.16,
              "Actual Total Time": 567.166,
              "Actual Rows": 1,
              "Actual Loops": 4,
              "Plans": [
                {
                  "Node Type": "Hash Join",
                  "Parent Relationship": "Outer",
                  "Parallel Aware": true,
                  "Join Type": "Inner",
                  "Startup Cost": 235772.88,
                  "Total Cost": 280509.93,
                  "Plan Rows": 108614,
                  "Plan Width": 0,
                  "Actual Startup Time": 369.556,
                  "Actual Total Time": 554.297,
                  "Actual Rows": 294360,
                  "Actual Loops": 4,
                  "Inner Unique": false,
                  "Hash Cond": "(mk.movie_id = t.id)",
                  "Plans": [
                    {
                      "Node Type": "Seq Scan",
                      "Parent Relationship": "Outer",
                      "Parallel Aware": true,
                      "Relation Name": "movie_keyword",
                      "Alias": "mk",
                      "Startup Cost": 0.0,
                      "Total Cost": 39047.32,
                      "Plan Rows": 1459332,
                      "Plan Width": 4,
                      "Actual Startup Time": 0.025,
                      "Actual Total Time": 96.133,
                      "Actual Rows": 1130982,
                      "Actual Loops": 4
                    },
                    {
                      "Node Type": "Hash",
                      "Parent Relationship": "Inner",
                      "Parallel Aware": true,
                      "Startup Cost": 235302.44,
                      "Total Cost": 235302.44,
                      "Plan Rows": 37635,
                      "Plan Width": 8,
                      "Actual Startup Time": 328.15,
                      "Actual Total Time": 328.155,
                      "Actual Rows": 70294,
                      "Actual Loops": 4,
                      "Hash Buckets": 524288,
                      "Original Hash Buckets": 262144,
                      "Hash Batches": 1,
                      "Original Hash Batches": 1,
                      "Peak Memory Usage": 17216,
                      "Plans": [
                        {
                          "Node Type": "Hash Join",
                          "Parent Relationship": "Outer",
                          "Parallel Aware": true,
                          "Join Type": "Inner",
                          "Startup Cost": 69496.26,
                          "Total Cost": 235302.44,
                          "Plan Rows": 37635,
                          "Plan Width": 8,
                          "Actual Startup Time": 212.393,
                          "Actual Total Time": 297.057,
                          "Actual Rows": 70294,
                          "Actual Loops": 4,
                          "Inner Unique": true,
                          "Hash Cond": "(mi.movie_id = t.id)",
                          "Plans": [
                            {
                              "Node Type": "Bitmap Heap Scan",
                              "Parent Relationship": "Outer",
                              "Parallel Aware": true,
                              "Relation Name": "movie_info",
                              "Alias": "mi",
                              "Startup Cost": 22837.73,
                              "Total Cost": 187982.11,
                              "Plan Rows": 252111,
                              "Plan Width": 4,
                              "Actual Startup Time": 44.89,
                              "Actual Total Time": 90.452,
                              "Actual Rows": 322232,
                              "Actual Loops": 4,
                              "Recheck Cond": "(info_type_id = 2)",
                              "Rows Removed by Index Recheck": 0,
                              "Exact Heap Blocks": 2898,
                              "Lossy Heap Blocks": 0,
                              "Plans": [
                                {
                                  "Node Type": "Bitmap Index Scan",
                                  "Parent Relationship": "Outer",
                                  "Parallel Aware": false,
                                  "Index Name": "info_type_id_movie_info",
                                  "Startup Cost": 0.0,
                                  "Total Cost": 22522.59,
                                  "Plan Rows": 1260554,
                                  "Plan Width": 0,
                                  "Actual Startup Time": 43.452,
                                  "Actual Total Time": 43.453,
                                  "Actual Rows": 1288928,
                                  "Actual Loops": 1,
                                  "Index Cond": "(info_type_id = 2)"
                                }
                              ]
                            },
                            {
                              "Node Type": "Hash",
                              "Parent Relationship": "Inner",
                              "Parallel Aware": true,
                              "Startup Cost": 45479.1,
                              "Total Cost": 45479.1,
                              "Plan Rows": 94355,
                              "Plan Width": 4,
                              "Actual Startup Time": 128.002,
                              "Actual Total Time": 128.003,
                              "Actual Rows": 70529,
                              "Actual Loops": 4,
                              "Hash Buckets": 524288,
                              "Original Hash Buckets": 524288,
                              "Hash Batches": 1,
                              "Original Hash Batches": 1,
                              "Peak Memory Usage": 15200,
                              "Plans": [
                                {
                                  "Node Type": "Seq Scan",
                                  "Parent Relationship": "Outer",
                                  "Parallel Aware": true,
                                  "Relation Name": "title",
                                  "Alias": "t",
                                  "Startup Cost": 0.0,
                                  "Total Cost": 45479.1,
                                  "Plan Rows": 94355,
                                  "Plan Width": 4,
                                  "Actual Startup Time": 48.699,
                                  "Actual Total Time": 103.624,
                                  "Actual Rows": 70529,
                                  "Actual Loops": 4,
                                  "Filter": "((production_year > 1999) AND (kind_id = 1))",
                                  "Rows Removed by Filter": 561549
                                }
                              ]
                            }
                          ]
                        }
                      ]
                    }
                  ]
                }
              ]
            }
          ]
        }
      ]
    },
    "Planning Time": 1.375,
    "Triggers": [],
    "Execution Time": 600.321
  }
]