[
  {
    "Plan": {
      "Node Type": "Aggregate",
      "Strategy": "Plain",
      "Partial Mode": "Finalize",
      "Parallel Aware": false,
      "Startup Cost": 220394.17,
      "Total Cost": 220394.18,
      "Plan Rows": 1,
      "Plan Width": 8,
      "Actual Startup Time": 1225.28,
      "Actual Total Time": 1271.396,
      "Actual Rows": 1,
      "Actual Loops": 1,
      "Plans": [
        {
          "Node Type": "Gather",
          "Parent Relationship": "Outer",
          "Parallel Aware": false,
          "Startup Cost": 220393.65,
          "Total Cost": 220394.16,
          "Plan Rows": 5,
          "Plan Width": 8,
          "Actual Startup Time": 1220.865,
          "Actual Total Time": 1271.388,
          "Actual Rows": 6,
          "Actual Loops": 1,
          "Workers Planned": 5,
          "Workers Launched": 5,
          "Single Copy": false,
          "Plans": [
            {
              "Node Type": "Aggregate",
              "Strategy": "Plain",
              "Partial Mode": "Partial",
              "Parent Relationship": "Outer",
              "Parallel Aware": false,
              "Startup Cost": 219393.65,
              "Total Cost": 219393.66,
              "Plan Rows": 1,
              "Plan Width": 8,
              "Actual Startup Time": 1210.752,
              "Actual Total Time": 1210.755,
              "Actual Rows": 1,
              "Actual Loops": 6,
              "Plans": [
                {
                  "Node Type": "Nested Loop",
                  "Parent Relationship": "Outer",
                  "Parallel Aware": false,
                  "Join Type": "Inner",
                  "Startup Cost": 96423.32,
                  "Total Cost": 218906.57,
                  "Plan Rows": 194831,
                  "Plan Width": 0,
                  "Actual Startup Time": 354.837,
                  "Actual Total Time": 1158.066,
                  "Actual Rows": 1211041,
                  "Actual Loops": 6,
                  "Inner Unique": false,
                  "Join Filter": "(t.id = mi.movie_id)",
                  "Rows Removed by Join Filter": 0,
                  "Plans": [
                    {
                      "Node Type": "Merge Join",
                      "Parent Relationship": "Outer",
                      "Parallel Aware": false,
                      "Join Type": "Inner",
                      "Startup Cost": 96422.89,
                      "Total Cost": 141550.14,
                      "Plan Rows": 33320,
                      "Plan Width": 8,
                      "Actual Startup Time": 354.745,
                      "Actual Total Time": 520.231,
                      "Actual Rows": 65072,
                      "Actual Loops": 6,
                      "Inner Unique": true,
                      "Merge Cond": "(mi_idx.movie_id = t.id)",
                      "Plans": [
                        {
                          "Node Type": "Index Only Scan",
                          "Parent Relationship": "Outer",
                          "Parallel Aware": true,
                          "Scan Direction": "Forward",
                          "Index Name": "movie_id_movie_info_idx",
                          "Relation Name": "movie_info_idx",
                          "Alias": "mi_idx",
                          "Startup Cost": 0.43,
                          "Total Cost": 42579.94,
                          "Plan Rows": 276007,
                          "Plan Width": 4,
                          "Actual Startup Time": 0.152,
                          "Actual Total Time": 53.632,
                          "Actual Rows": 230006,
                          "Actual Loops": 6,
                          "Heap Fetches": 1380035
                        },
                        {
                          "Node Type": "Sort",
                          "Parent Relationship": "Inner",
                          "Parallel Aware": false,
                          "Startup Cost": 96422.43,
                          "Total Cost": 97185.48,
                          "Plan Rows": 305218,
                          "Plan Width": 4,
                          "Actual Startup Time": 354.556,
                          "Actual Total Time": 417.989,
                          "Actual Rows": 421252,
                          "Actual Loops": 6,
                          "Sort Key": [
                            "t.id"
                          ],
                          "Sort Method": "quicksort",
                          "Sort Space Used": 32080,
                          "Sort Space Type": "Memory",
                          "Workers": [
                            {
                              "Worker Number": 0,
                              "Sort Method": "quicksort",
                              "Sort Space Used": 32080,
                              "Sort Space Type": "Memory"
                            },
                            {
                              "Worker Number": 1,
                              "Sort Method": "quicksort",
                              "Sort Space Used": 32080,
                              "Sort Space Type": "Memory"
                            },
                            {
                              "Worker Number": 2,
                              "Sort Method": "quicksort",
                              "Sort Space Used": 32080,
                              "Sort Space Type": "Memory"
                            },
                            {
                              "Worker Number": 3,
                              "Sort Method": "quicksort",
                              "Sort Space Used": 32080,
                              "Sort Space Type": "Memory"
                            },
                            {
                              "Worker Number": 4,
                              "Sort Method": "quicksort",
                              "Sort Space Used": 32080,
                              "Sort Space Type": "Memory"
                            }
                          ],
                          "Plans": [
                            {
                              "Node Type": "Bitmap Heap Scan",
                              "Parent Relationship": "Outer",
                              "Parallel Aware": false,
                              "Relation Name": "title",
                              "Alias": "t",
                              "Startup Cost": 17748.44,
                              "Total Cost": 68617.86,
                              "Plan Rows": 305218,
                              "Plan Width": 4,
                              "Actual Startup Time": 60.886,
                              "Actual Total Time": 248.425,
                              "Actual Rows": 422218,
                              "Actual Loops": 6,
                              "Recheck Cond": "(kind_id < 7)",
                              "Rows Removed by Index Recheck": 0,
                              "Filter": "(production_year < 1994)",
                              "Rows Removed by Filter": 562830,
                              "Exact Heap Blocks": 35472,
                              "Lossy Heap Blocks": 0,
                              "Plans": [
                                {
                                  "Node Type": "Bitmap Index Scan",
                                  "Parent Relationship": "Outer",
                                  "Parallel Aware": false,
                                  "Index Name": "kind_id_title",
                                  "Startup Cost": 0.0,
                                  "Total Cost": 17672.14,
                                  "Plan Rows": 991428,
                                  "Plan Width": 0,
                                  "Actual Startup Time": 55.948,
                                  "Actual Total Time": 55.948,
                                  "Actual Rows": 985048,
                                  "Actual Loops": 6,
                                  "Index Cond": "(kind_id < 7)"
                                }
                              ]
                            }
                          ]
                        }
                      ]
                    },
                    {
                      "Node Type": "Index Only Scan",
                      "Parent Relationship": "Inner",
                      "Parallel Aware": false,
                      "Scan Direction": "Forward",
                      "Index Name": "movie_id_movie_info",
                      "Relation Name": "movie_info",
                      "Alias": "mi",
                      "Startup Cost": 0.43,
                      "Total Cost": 1.8,
                      "Plan Rows": 42,
                      "Plan Width": 4,
                      "Actual Startup Time": 0.003,
                      "Actual Total Time": 0.008,
                      "Actual Rows": 19,
                      "Actual Loops": 390434,
                      "Index Cond": "(movie_id = mi_idx.movie_id)",
                      "Rows Removed by Index Recheck": 0,
                      "Heap Fetches": 7266248
                    }
                  ]
                }
              ]
            }
          ]
        }
      ]
    },
    "Planning Time": 0.556,
    "Triggers": [],
    "Execution Time": 1274.489
  }
]