{
  "Plan": {
    "Node Type": "Aggregate",
    "Strategy": "Plain",
    "Partial Mode": "Finalize",
    "Parallel Aware": false,
    "Startup Cost": 49165.93,
    "Total Cost": 49165.94,
    "Plan Rows": 1,
    "Plan Width": 8,
    "Actual Startup Time": 47.914,
    "Actual Total Time": 55.27,
    "Actual Rows": 1,
    "Actual Loops": 1,
    "Plans": [
      {
        "Node Type": "Gather",
        "Parent Relationship": "Outer",
        "Parallel Aware": false,
        "Startup Cost": 49165.82,
        "Total Cost": 49165.93,
        "Plan Rows": 1,
        "Plan Width": 8,
        "Actual Startup Time": 47.824,
        "Actual Total Time": 55.264,
        "Actual Rows": 2,
        "Actual Loops": 1,
        "Workers Planned": 1,
        "Workers Launched": 1,
        "Single Copy": false,
        "Plans": [
          {
            "Node Type": "Aggregate",
            "Strategy": "Plain",
            "Partial Mode": "Partial",
            "Parent Relationship": "Outer",
            "Parallel Aware": false,
            "Startup Cost": 48165.82,
            "Total Cost": 48165.83,
            "Plan Rows": 1,
            "Plan Width": 8,
            "Actual Startup Time": 41.796,
            "Actual Total Time": 41.797,
            "Actual Rows": 1,
            "Actual Loops": 2,
            "Plans": [
              {
                "Node Type": "Nested Loop",
                "Parent Relationship": "Outer",
                "Parallel Aware": false,
                "Join Type": "Inner",
                "Startup Cost": 169.63,
                "Total Cost": 48154.29,
                "Plan Rows": 4612,
                "Plan Width": 0,
                "Actual Startup Time": 4.103,
                "Actual Total Time": 41.345,
                "Actual Rows": 3710,
                "Actual Loops": 2,
                "Inner Unique": true,
                "Plans": [
                  {
                    "Node Type": "Bitmap Heap Scan",
                    "Parent Relationship": "Outer",
                    "Parallel Aware": true,
                    "Relation Name": "movie_keyword",
                    "Alias": "mk",
                    "Startup Cost": 169.2,
                    "Total Cost": 16600.91,
                    "Plan Rows": 4612,
                    "Plan Width": 4,
                    "Actual Startup Time": 3.96,
                    "Actual Total Time": 14.884,
                    "Actual Rows": 3710,
                    "Actual Loops": 2,
                    "Recheck Cond": "(keyword_id = 373)",
                    "Rows Removed by Index Recheck": 0,
                    "Exact Heap Blocks": 5272,
                    "Lossy Heap Blocks": 0,
                    "Plans": [
                      {
                        "Node Type": "Bitmap Index Scan",
                        "Parent Relationship": "Outer",
                        "Parallel Aware": false,
                        "Index Name": "keyword_id_movie_keyword",
                        "Startup Cost": 0.0,
                        "Total Cost": 167.24,
                        "Plan Rows": 7841,
                        "Plan Width": 0,
                        "Actual Startup Time": 4.521,
                        "Actual Total Time": 4.521,
                        "Actual Rows": 7419,
                        "Actual Loops": 1,
                        "Index Cond": "(keyword_id = 373)"
                      }
                    ]
                  },
                  {
                    "Node Type": "Index Only Scan",
                    "Parent Relationship": "Inner",
                    "Parallel Aware": false,
                    "Scan Direction": "Forward",
                    "Index Name": "title_pkey",
                    "Relation Name": "title",
                    "Alias": "t",
                    "Startup Cost": 0.43,
                    "Total Cost": 6.84,
                    "Plan Rows": 1,
                    "Plan Width": 4,
                    "Actual Startup Time": 0.007,
                    "Actual Total Time": 0.007,
                    "Actual Rows": 1,
                    "Actual Loops": 7419,
                    "Index Cond": "(id = mk.movie_id)",
                    "Rows Removed by Index Recheck": 0,
                    "Heap Fetches": 7419
                  }
                ]
              }
            ]
          }
        ]
      }
    ]
  },
  "Planning Time": 0.603,
  "Triggers": [],
  "Execution Time": 55.355
}