{
  "Plan": {
    "Node Type": "Aggregate",
    "Strategy": "Plain",
    "Partial Mode": "Simple",
    "Parallel Aware": false,
    "Startup Cost": 5535.03,
    "Total Cost": 5535.04,
    "Plan Rows": 1,
    "Plan Width": 8,
    "Actual Startup Time": 13.013,
    "Actual Total Time": 13.016,
    "Actual Rows": 1,
    "Actual Loops": 1,
    "Plans": [
      {
        "Node Type": "Nested Loop",
        "Parent Relationship": "Outer",
        "Parallel Aware": false,
        "Join Type": "Inner",
        "Startup Cost": 1.43,
        "Total Cost": 5533.72,
        "Plan Rows": 523,
        "Plan Width": 0,
        "Actual Startup Time": 0.775,
        "Actual Total Time": 12.476,
        "Actual Rows": 2511,
        "Actual Loops": 1,
        "Inner Unique": false,
        "Plans": [
          {
            "Node Type": "Nested Loop",
            "Parent Relationship": "Outer",
            "Parallel Aware": false,
            "Join Type": "Inner",
            "Startup Cost": 0.99,
            "Total Cost": 5195.32,
            "Plan Rows": 103,
            "Plan Width": 8,
            "Actual Startup Time": 0.754,
            "Actual Total Time": 4.176,
            "Actual Rows": 358,
            "Actual Loops": 1,
            "Inner Unique": true,
            "Plans": [
              {
                "Node Type": "Index Scan",
                "Parent Relationship": "Outer",
                "Parallel Aware": false,
                "Scan Direction": "Forward",
                "Index Name": "person_id_cast_info",
                "Relation Name": "cast_info",
                "Alias": "ci",
                "Startup Cost": 0.56,
                "Total Cost": 1058.43,
                "Plan Rows": 497,
                "Plan Width": 4,
                "Actual Startup Time": 0.715,
                "Actual Total Time": 0.906,
                "Actual Rows": 359,
                "Actual Loops": 1,
                "Index Cond": "(person_id = 1236396)",
                "Rows Removed by Index Recheck": 0
              },
              {
                "Node Type": "Index Scan",
                "Parent Relationship": "Inner",
                "Parallel Aware": false,
                "Scan Direction": "Forward",
                "Index Name": "title_pkey",
                "Relation Name": "title",
                "Alias": "t",
                "Startup Cost": 0.43,
                "Total Cost": 8.32,
                "Plan Rows": 1,
                "Plan Width": 4,
                "Actual Startup Time": 0.008,
                "Actual Total Time": 0.008,
                "Actual Rows": 1,
                "Actual Loops": 359,
                "Index Cond": "(id = ci.movie_id)",
                "Rows Removed by Index Recheck": 0,
                "Filter": "((kind_id < 7) AND (production_year < 2005))",
                "Rows Removed by Filter": 0
              }
            ]
          },
          {
            "Node Type": "Index Scan",
            "Parent Relationship": "Inner",
            "Parallel Aware": false,
            "Scan Direction": "Forward",
            "Index Name": "movie_id_movie_info",
            "Relation Name": "movie_info",
            "Alias": "mi",
            "Startup Cost": 0.43,
            "Total Cost": 2.93,
            "Plan Rows": 36,
            "Plan Width": 4,
            "Actual Startup Time": 0.009,
            "Actual Total Time": 0.02,
            "Actual Rows": 7,
            "Actual Loops": 358,
            "Index Cond": "(movie_id = t.id)",
            "Rows Removed by Index Recheck": 0,
            "Filter": "(info_type_id < 18)",
            "Rows Removed by Filter": 0
          }
        ]
      }
    ]
  },
  "Planning Time": 0.959,
  "Triggers": [],
  "Execution Time": 13.093
}