[
  {
    "Plan": {
      "Node Type": "Aggregate",
      "Strategy": "Plain",
      "Partial Mode": "Finalize",
      "Parallel Aware": false,
      "Startup Cost": 58217.94,
      "Total Cost": 58217.95,
      "Plan Rows": 1,
      "Plan Width": 8,
      "Actual Startup Time": 121.71,
      "Actual Total Time": 137.534,
      "Actual Rows": 1,
      "Actual Loops": 1,
      "Plans": [
        {
          "Node Type": "Gather",
          "Parent Relationship": "Outer",
          "Parallel Aware": false,
          "Startup Cost": 58217.52,
          "Total Cost": 58217.93,
          "Plan Rows": 4,
          "Plan Width": 8,
          "Actual Startup Time": 121.539,
          "Actual Total Time": 137.525,
          "Actual Rows": 5,
          "Actual Loops": 1,
          "Workers Planned": 4,
          "Workers Launched": 4,
          "Single Copy": false,
          "Plans": [
            {
              "Node Type": "Aggregate",
              "Strategy": "Plain",
              "Partial Mode": "Partial",
              "Parent Relationship": "Outer",
              "Parallel Aware": false,
              "Startup Cost": 57217.52,
              "Total Cost": 57217.53,
              "Plan Rows": 1,
              "Plan Width": 8,
              "Actual Startup Time": 111.492,
              "Actual Total Time": 111.494,
              "Actual Rows": 1,
              "Actual Loops": 5,
              "Plans": [
                {
                  "Node Type": "Nested Loop",
                  "Parent Relationship": "Outer",
                  "Parallel Aware": false,
                  "Join Type": "Inner",
                  "Startup Cost": 0.43,
                  "Total Cost": 57217.09,
                  "Plan Rows": 172,
                  "Plan Width": 0,
                  "Actual Startup Time": 66.809,
                  "Actual Total Time": 111.419,
                  "Actual Rows": 354,
                  "Actual Loops": 5,
                  "Inner Unique": false,
                  "Plans": [
                    {
                      "Node Type": "Seq Scan",
                      "Parent Relationship": "Outer",
                      "Parallel Aware": true,
                      "Relation Name": "title",
                      "Alias": "t",
                      "Startup Cost": 0.0,
                      "Total Cost": 45479.1,
                      "Plan Rows": 730,
                      "Plan Width": 4,
                      "Actual Startup Time": 64.218,
                      "Actual Total Time": 100.526,
                      "Actual Rows": 666,
                      "Actual Loops": 5,
                      "Filter": "((kind_id = 1) AND (production_year = 1961))",
                      "Rows Removed by Filter": 504997
                    },
                    {
                      "Node Type": "Index Scan",
                      "Parent Relationship": "Inner",
                      "Parallel Aware": false,
                      "Scan Direction": "Forward",
                      "Index Name": "movie_id_movie_companies",
                      "Relation Name": "movie_companies",
                      "Alias": "mc",
                      "Startup Cost": 0.43,
                      "Total Cost": 16.07,
                      "Plan Rows": 1,
                      "Plan Width": 4,
                      "Actual Startup Time": 0.015,
                      "Actual Total Time": 0.016,
                      "Actual Rows": 1,
                      "Actual Loops": 3329,
                      "Index Cond": "(movie_id = t.id)",
                      "Rows Removed by Index Recheck": 0,
                      "Filter": "(company_id > 65419)",
                      "Rows Removed by Filter": 1
                    }
                  ]
                }
              ]
            }
          ]
        }
      ]
    },
    "Planning Time": 0.671,
    "Triggers": [],
    "Execution Time": 137.609
  }
]