{
  "Plan": {
    "Node Type": "Aggregate",
    "Strategy": "Plain",
    "Partial Mode": "Finalize",
    "Parallel Aware": false,
    "Startup Cost": 127633.42,
    "Total Cost": 127633.43,
    "Plan Rows": 1,
    "Plan Width": 8,
    "Actual Startup Time": 635.048,
    "Actual Total Time": 654.131,
    "Actual Rows": 1,
    "Actual Loops": 1,
    "Plans": [
      {
        "Node Type": "Gather",
        "Parent Relationship": "Outer",
        "Parallel Aware": false,
        "Startup Cost": 127633.31,
        "Total Cost": 127633.42,
        "Plan Rows": 1,
        "Plan Width": 8,
        "Actual Startup Time": 631.012,
        "Actual Total Time": 654.125,
        "Actual Rows": 2,
        "Actual Loops": 1,
        "Workers Planned": 1,
        "Workers Launched": 1,
        "Single Copy": false,
        "Plans": [
          {
            "Node Type": "Aggregate",
            "Strategy": "Plain",
            "Partial Mode": "Partial",
            "Parent Relationship": "Outer",
            "Parallel Aware": false,
            "Startup Cost": 126633.31,
            "Total Cost": 126633.32,
            "Plan Rows": 1,
            "Plan Width": 8,
            "Actual Startup Time": 620.976,
            "Actual Total Time": 620.983,
            "Actual Rows": 1,
            "Actual Loops": 2,
            "Plans": [
              {
                "Node Type": "Hash Join",
                "Parent Relationship": "Outer",
                "Parallel Aware": true,
                "Join Type": "Inner",
                "Startup Cost": 107316.97,
                "Total Cost": 126570.81,
                "Plan Rows": 24999,
                "Plan Width": 0,
                "Actual Startup Time": 543.485,
                "Actual Total Time": 619.75,
                "Actual Rows": 29976,
                "Actual Loops": 2,
                "Inner Unique": false,
                "Hash Cond": "(mi_idx.movie_id = t.id)",
                "Plans": [
                  {
                    "Node Type": "Seq Scan",
                    "Parent Relationship": "Outer",
                    "Parallel Aware": true,
                    "Relation Name": "movie_info_idx",
                    "Alias": "mi_idx",
                    "Startup Cost": 0.0,
                    "Total Cost": 18082.32,
                    "Plan Rows": 273193,
                    "Plan Width": 4,
                    "Actual Startup Time": 0.026,
                    "Actual Total Time": 48.479,
                    "Actual Rows": 229962,
                    "Actual Loops": 2,
                    "Filter": "(info_type_id = 100)",
                    "Rows Removed by Filter": 460055
                  },
                  {
                    "Node Type": "Hash",
                    "Parent Relationship": "Inner",
                    "Parallel Aware": true,
                    "Startup Cost": 105615.81,
                    "Total Cost": 105615.81,
                    "Plan Rows": 136093,
                    "Plan Width": 8,
                    "Actual Startup Time": 540.613,
                    "Actual Total Time": 540.618,
                    "Actual Rows": 53231,
                    "Actual Loops": 2,
                    "Hash Buckets": 262144,
                    "Original Hash Buckets": 262144,
                    "Hash Batches": 1,
                    "Original Hash Batches": 1,
                    "Peak Memory Usage": 6240,
                    "Plans": [
                      {
                        "Node Type": "Hash Join",
                        "Parent Relationship": "Outer",
                        "Parallel Aware": true,
                        "Join Type": "Inner",
                        "Startup Cost": 78092.73,
                        "Total Cost": 105615.81,
                        "Plan Rows": 136093,
                        "Plan Width": 8,
                        "Actual Startup Time": 421.283,
                        "Actual Total Time": 528.572,
                        "Actual Rows": 53231,
                        "Actual Loops": 2,
                        "Inner Unique": true,
                        "Hash Cond": "(mk.movie_id = t.id)",
                        "Plans": [
                          {
                            "Node Type": "Bitmap Heap Scan",
                            "Parent Relationship": "Outer",
                            "Parallel Aware": true,
                            "Relation Name": "movie_keyword",
                            "Alias": "mk",
                            "Startup Cost": 7317.83,
                            "Total Cost": 34308.25,
                            "Plan Rows": 202914,
                            "Plan Width": 4,
                            "Actual Startup Time": 20.784,
                            "Actual Total Time": 77.26,
                            "Actual Rows": 181846,
                            "Actual Loops": 2,
                            "Recheck Cond": "(keyword_id < 335)",
                            "Rows Removed by Index Recheck": 0,
                            "Exact Heap Blocks": 14133,
                            "Lossy Heap Blocks": 0,
                            "Plans": [
                              {
                                "Node Type": "Bitmap Index Scan",
                                "Parent Relationship": "Outer",
                                "Parallel Aware": false,
                                "Index Name": "keyword_id_movie_keyword",
                                "Startup Cost": 0.0,
                                "Total Cost": 7231.59,
                                "Plan Rows": 344954,
                                "Plan Width": 0,
                                "Actual Startup Time": 17.238,
                                "Actual Total Time": 17.238,
                                "Actual Rows": 363692,
                                "Actual Loops": 1,
                                "Index Cond": "(keyword_id < 335)"
                              }
                            ]
                          },
                          {
                            "Node Type": "Hash",
                            "Parent Relationship": "Inner",
                            "Parallel Aware": true,
                            "Startup Cost": 58306.47,
                            "Total Cost": 58306.47,
                            "Plan Rows": 997475,
                            "Plan Width": 4,
                            "Actual Startup Time": 387.305,
                            "Actual Total Time": 387.306,
                            "Actual Rows": 854626,
                            "Actual Loops": 2,
                            "Hash Buckets": 2097152,
                            "Original Hash Buckets": 2097152,
                            "Hash Batches": 1,
                            "Original Hash Batches": 1,
                            "Peak Memory Usage": 83296,
                            "Plans": [
                              {
                                "Node Type": "Seq Scan",
                                "Parent Relationship": "Outer",
                                "Parallel Aware": true,
                                "Relation Name": "title",
                                "Alias": "t",
                                "Startup Cost": 0.0,
                                "Total Cost": 58306.47,
                                "Plan Rows": 997475,
                                "Plan Width": 4,
                                "Actual Startup Time": 0.028,
                                "Actual Total Time": 174.108,
                                "Actual Rows": 854626,
                                "Actual Loops": 2,
                                "Filter": "((kind_id > 2) AND (production_year > 1912))",
                                "Rows Removed by Filter": 409530
                              }
                            ]
                          }
                        ]
                      }
                    ]
                  }
                ]
              }
            ]
          }
        ]
      }
    ]
  },
  "Planning Time": 1.052,
  "Triggers": [],
  "Execution Time": 654.234
}