[
  {
    "Plan": {
      "Node Type": "Aggregate",
      "Strategy": "Plain",
      "Partial Mode": "Finalize",
      "Parallel Aware": false,
      "Startup Cost": 99902.29,
      "Total Cost": 99902.3,
      "Plan Rows": 1,
      "Plan Width": 8,
      "Actual Startup Time": 714.363,
      "Actual Total Time": 738.53,
      "Actual Rows": 1,
      "Actual Loops": 1,
      "Plans": [
        {
          "Node Type": "Gather",
          "Parent Relationship": "Outer",
          "Parallel Aware": false,
          "Startup Cost": 99901.97,
          "Total Cost": 99902.28,
          "Plan Rows": 3,
          "Plan Width": 8,
          "Actual Startup Time": 693.36,
          "Actual Total Time": 738.516,
          "Actual Rows": 4,
          "Actual Loops": 1,
          "Workers Planned": 3,
          "Workers Launched": 3,
          "Single Copy": false,
          "Plans": [
            {
              "Node Type": "Aggregate",
              "Strategy": "Plain",
              "Partial Mode": "Partial",
              "Parent Relationship": "Outer",
              "Parallel Aware": false,
              "Startup Cost": 98901.97,
              "Total Cost": 98901.98,
              "Plan Rows": 1,
              "Plan Width": 8,
              "Actual Startup Time": 677.054,
              "Actual Total Time": 677.059,
              "Actual Rows": 1,
              "Actual Loops": 4,
              "Plans": [
                {
                  "Node Type": "Hash Join",
                  "Parent Relationship": "Outer",
                  "Parallel Aware": true,
                  "Join Type": "Inner",
                  "Startup Cost": 51408.28,
                  "Total Cost": 96622.48,
                  "Plan Rows": 911799,
                  "Plan Width": 0,
                  "Actual Startup Time": 375.254,
                  "Actual Total Time": 642.557,
                  "Actual Rows": 740011,
                  "Actual Loops": 4,
                  "Inner Unique": true,
                  "Hash Cond": "(mk.movie_id = t.id)",
                  "Plans": [
                    {
                      "Node Type": "Seq Scan",
                      "Parent Relationship": "Outer",
                      "Parallel Aware": true,
                      "Relation Name": "movie_keyword",
                      "Alias": "mk",
                      "Startup Cost": 0.0,
                      "Total Cost": 42695.65,
                      "Plan Rows": 959443,
                      "Plan Width": 4,
                      "Actual Startup Time": 0.029,
                      "Actual Total Time": 119.794,
                      "Actual Rows": 746533,
                      "Actual Loops": 4,
                      "Filter": "(keyword_id < 10328)",
                      "Rows Removed by Filter": 384450
                    },
                    {
                      "Node Type": "Hash",
                      "Parent Relationship": "Inner",
                      "Parallel Aware": true,
                      "Startup Cost": 43899.32,
                      "Total Cost": 43899.32,
                      "Plan Rows": 600717,
                      "Plan Width": 4,
                      "Actual Startup Time": 364.72,
                      "Actual Total Time": 364.721,
                      "Actual Rows": 601124,
                      "Actual Loops": 4,
                      "Hash Buckets": 4194304,
                      "Original Hash Buckets": 4194304,
                      "Hash Batches": 1,
                      "Original Hash Batches": 1,
                      "Peak Memory Usage": 126912,
                      "Plans": [
                        {
                          "Node Type": "Seq Scan",
                          "Parent Relationship": "Outer",
                          "Parallel Aware": true,
                          "Relation Name": "title",
                          "Alias": "t",
                          "Startup Cost": 0.0,
                          "Total Cost": 43899.32,
                          "Plan Rows": 600717,
                          "Plan Width": 4,
                          "Actual Startup Time": 0.054,
                          "Actual Total Time": 123.269,
                          "Actual Rows": 601124,
                          "Actual Loops": 4,
                          "Filter": "(production_year > 1913)",
                          "Rows Removed by Filter": 30954
                        }
                      ]
                    }
                  ]
                }
              ]
            }
          ]
        }
      ]
    },
    "Planning Time": 0.298,
    "Triggers": [],
    "Execution Time": 738.577
  }
]