[
  {
    "Plan": {
      "Node Type": "Aggregate",
      "Strategy": "Plain",
      "Partial Mode": "Finalize",
      "Parallel Aware": false,
      "Startup Cost": 29286.02,
      "Total Cost": 29286.03,
      "Plan Rows": 1,
      "Plan Width": 8,
      "Actual Startup Time": 79.256,
      "Actual Total Time": 83.3,
      "Actual Rows": 1,
      "Actual Loops": 1,
      "Plans": [
        {
          "Node Type": "Gather",
          "Parent Relationship": "Outer",
          "Parallel Aware": false,
          "Startup Cost": 29285.7,
          "Total Cost": 29286.01,
          "Plan Rows": 3,
          "Plan Width": 8,
          "Actual Startup Time": 79.082,
          "Actual Total Time": 83.291,
          "Actual Rows": 4,
          "Actual Loops": 1,
          "Workers Planned": 3,
          "Workers Launched": 3,
          "Single Copy": false,
          "Plans": [
            {
              "Node Type": "Aggregate",
              "Strategy": "Plain",
              "Partial Mode": "Partial",
              "Parent Relationship": "Outer",
              "Parallel Aware": false,
              "Startup Cost": 28285.7,
              "Total Cost": 28285.71,
              "Plan Rows": 1,
              "Plan Width": 8,
              "Actual Startup Time": 73.391,
              "Actual Total Time": 73.392,
              "Actual Rows": 1,
              "Actual Loops": 4,
              "Plans": [
                {
                  "Node Type": "Bitmap Heap Scan",
                  "Parent Relationship": "Outer",
                  "Parallel Aware": true,
                  "Relation Name": "movie_keyword",
                  "Alias": "mk",
                  "Startup Cost": 3120.13,
                  "Total Cost": 28167.11,
                  "Plan Rows": 47438,
                  "Plan Width": 0,
                  "Actual Startup Time": 26.202,
                  "Actual Total Time": 70.451,
                  "Actual Rows": 36268,
                  "Actual Loops": 4,
                  "Recheck Cond": "(keyword_id > 74366)",
                  "Rows Removed by Index Recheck": 0,
                  "Exact Heap Blocks": 11629,
                  "Lossy Heap Blocks": 0,
                  "Plans": [
                    {
                      "Node Type": "Bitmap Index Scan",
                      "Parent Relationship": "Outer",
                      "Parallel Aware": false,
                      "Index Name": "keyword_id_movie_keyword",
                      "Startup Cost": 0.0,
                      "Total Cost": 3083.37,
                      "Plan Rows": 147058,
                      "Plan Width": 0,
                      "Actual Startup Time": 26.109,
                      "Actual Total Time": 26.109,
                      "Actual Rows": 145074,
                      "Actual Loops": 1,
                      "Index Cond": "(keyword_id > 74366)"
                    }
                  ]
                }
              ]
            }
          ]
        }
      ]
    },
    "Planning Time": 0.163,
    "Triggers": [],
    "Execution Time": 83.368
  }
]