[
  {
    "Plan": {
      "Node Type": "Aggregate",
      "Strategy": "Plain",
      "Partial Mode": "Finalize",
      "Parallel Aware": false,
      "Startup Cost": 397504.88,
      "Total Cost": 397504.89,
      "Plan Rows": 1,
      "Plan Width": 8,
      "Actual Startup Time": 2173.746,
      "Actual Total Time": 2202.452,
      "Actual Rows": 1,
      "Actual Loops": 1,
      "Plans": [
        {
          "Node Type": "Gather",
          "Parent Relationship": "Outer",
          "Parallel Aware": false,
          "Startup Cost": 397504.25,
          "Total Cost": 397504.86,
          "Plan Rows": 6,
          "Plan Width": 8,
          "Actual Startup Time": 2161.759,
          "Actual Total Time": 2202.442,
          "Actual Rows": 7,
          "Actual Loops": 1,
          "Workers Planned": 6,
          "Workers Launched": 6,
          "Single Copy": false,
          "Plans": [
            {
              "Node Type": "Aggregate",
              "Strategy": "Plain",
              "Partial Mode": "Partial",
              "Parent Relationship": "Outer",
              "Parallel Aware": false,
              "Startup Cost": 396504.25,
              "Total Cost": 396504.26,
              "Plan Rows": 1,
              "Plan Width": 8,
              "Actual Startup Time": 2153.647,
              "Actual Total Time": 2153.649,
              "Actual Rows": 1,
              "Actual Loops": 7,
              "Plans": [
                {
                  "Node Type": "Hash Join",
                  "Parent Relationship": "Outer",
                  "Parallel Aware": true,
                  "Join Type": "Inner",
                  "Startup Cost": 49070.73,
                  "Total Cost": 390697.47,
                  "Plan Rows": 2322713,
                  "Plan Width": 0,
                  "Actual Startup Time": 147.047,
                  "Actual Total Time": 2034.002,
                  "Actual Rows": 2226969,
                  "Actual Loops": 7,
                  "Inner Unique": true,
                  "Hash Cond": "(ci.movie_id = t.id)",
                  "Plans": [
                    {
                      "Node Type": "Seq Scan",
                      "Parent Relationship": "Outer",
                      "Parallel Aware": true,
                      "Relation Name": "cast_info",
                      "Alias": "ci",
                      "Startup Cost": 0.0,
                      "Total Cost": 328213.62,
                      "Plan Rows": 5109752,
                      "Plan Width": 4,
                      "Actual Startup Time": 0.026,
                      "Actual Total Time": 618.493,
                      "Actual Rows": 4384093,
                      "Actual Loops": 7,
                      "Filter": "(person_id < 3097552)",
                      "Rows Removed by Filter": 793671
                    },
                    {
                      "Node Type": "Hash",
                      "Parent Relationship": "Inner",
                      "Parallel Aware": true,
                      "Startup Cost": 45479.21,
                      "Total Cost": 45479.21,
                      "Plan Rows": 287322,
                      "Plan Width": 4,
                      "Actual Startup Time": 144.207,
                      "Actual Total Time": 144.208,
                      "Actual Rows": 181047,
                      "Actual Loops": 7,
                      "Hash Buckets": 2097152,
                      "Original Hash Buckets": 2097152,
                      "Hash Batches": 1,
                      "Original Hash Batches": 1,
                      "Peak Memory Usage": 66080,
                      "Plans": [
                        {
                          "Node Type": "Seq Scan",
                          "Parent Relationship": "Outer",
                          "Parallel Aware": true,
                          "Relation Name": "title",
                          "Alias": "t",
                          "Startup Cost": 0.0,
                          "Total Cost": 45479.21,
                          "Plan Rows": 287322,
                          "Plan Width": 4,
                          "Actual Startup Time": 0.033,
                          "Actual Total Time": 70.899,
                          "Actual Rows": 181047,
                          "Actual Loops": 7,
                          "Filter": "((kind_id > 1) AND (production_year > 1996))",
                          "Rows Removed by Filter": 180140
                        }
                      ]
                    }
                  ]
                }
              ]
            }
          ]
        }
      ]
    },
    "Planning Time": 0.236,
    "Triggers": [],
    "Execution Time": 2202.486
  }
]