[
  {
    "Plan": {
      "Node Type": "Aggregate",
      "Strategy": "Plain",
      "Partial Mode": "Finalize",
      "Parallel Aware": false,
      "Startup Cost": 46563.45,
      "Total Cost": 46563.46,
      "Plan Rows": 1,
      "Plan Width": 8,
      "Actual Startup Time": 89.973,
      "Actual Total Time": 100.843,
      "Actual Rows": 1,
      "Actual Loops": 1,
      "Plans": [
        {
          "Node Type": "Gather",
          "Parent Relationship": "Outer",
          "Parallel Aware": false,
          "Startup Cost": 46563.03,
          "Total Cost": 46563.44,
          "Plan Rows": 4,
          "Plan Width": 8,
          "Actual Startup Time": 89.668,
          "Actual Total Time": 100.835,
          "Actual Rows": 5,
          "Actual Loops": 1,
          "Workers Planned": 4,
          "Workers Launched": 4,
          "Single Copy": false,
          "Plans": [
            {
              "Node Type": "Aggregate",
              "Strategy": "Plain",
              "Partial Mode": "Partial",
              "Parent Relationship": "Outer",
              "Parallel Aware": false,
              "Startup Cost": 45563.03,
              "Total Cost": 45563.04,
              "Plan Rows": 1,
              "Plan Width": 8,
              "Actual Startup Time": 83.29,
              "Actual Total Time": 83.291,
              "Actual Rows": 1,
              "Actual Loops": 5,
              "Plans": [
                {
                  "Node Type": "Seq Scan",
                  "Parent Relationship": "Outer",
                  "Parallel Aware": true,
                  "Relation Name": "title",
                  "Alias": "t",
                  "Startup Cost": 0.0,
                  "Total Cost": 45479.1,
                  "Plan Rows": 33574,
                  "Plan Width": 0,
                  "Actual Startup Time": 49.788,
                  "Actual Total Time": 80.955,
                  "Actual Rows": 54840,
                  "Actual Loops": 5,
                  "Filter": "((production_year < 1981) AND (kind_id = 1))",
                  "Rows Removed by Filter": 450822
                }
              ]
            }
          ]
        }
      ]
    },
    "Planning Time": 0.157,
    "Triggers": [],
    "Execution Time": 100.891
  }
]