[
  {
    "Plan": {
      "Node Type": "Aggregate",
      "Strategy": "Plain",
      "Partial Mode": "Finalize",
      "Parallel Aware": false,
      "Startup Cost": 144376.92,
      "Total Cost": 144376.93,
      "Plan Rows": 1,
      "Plan Width": 8,
      "Actual Startup Time": 883.471,
      "Actual Total Time": 955.655,
      "Actual Rows": 1,
      "Actual Loops": 1,
      "Plans": [
        {
          "Node Type": "Gather",
          "Parent Relationship": "Outer",
          "Parallel Aware": false,
          "Startup Cost": 144376.6,
          "Total Cost": 144376.91,
          "Plan Rows": 3,
          "Plan Width": 8,
          "Actual Startup Time": 872.178,
          "Actual Total Time": 955.64,
          "Actual Rows": 4,
          "Actual Loops": 1,
          "Workers Planned": 3,
          "Workers Launched": 3,
          "Single Copy": false,
          "Plans": [
            {
              "Node Type": "Aggregate",
              "Strategy": "Plain",
              "Partial Mode": "Partial",
              "Parent Relationship": "Outer",
              "Parallel Aware": false,
              "Startup Cost": 143376.6,
              "Total Cost": 143376.61,
              "Plan Rows": 1,
              "Plan Width": 8,
              "Actual Startup Time": 862.798,
              "Actual Total Time": 862.805,
              "Actual Rows": 1,
              "Actual Loops": 4,
              "Plans": [
                {
                  "Node Type": "Nested Loop",
                  "Parent Relationship": "Outer",
                  "Parallel Aware": false,
                  "Join Type": "Inner",
                  "Startup Cost": 55213.79,
                  "Total Cost": 143146.36,
                  "Plan Rows": 92096,
                  "Plan Width": 0,
                  "Actual Startup Time": 356.431,
                  "Actual Total Time": 858.566,
                  "Actual Rows": 49242,
                  "Actual Loops": 4,
                  "Inner Unique": false,
                  "Plans": [
                    {
                      "Node Type": "Hash Join",
                      "Parent Relationship": "Outer",
                      "Parallel Aware": true,
                      "Join Type": "Inner",
                      "Startup Cost": 55213.23,
                      "Total Cost": 75396.69,
                      "Plan Rows": 30981,
                      "Plan Width": 8,
                      "Actual Startup Time": 355.987,
                      "Actual Total Time": 387.85,
                      "Actual Rows": 12870,
                      "Actual Loops": 4,
                      "Inner Unique": true,
                      "Hash Cond": "(mc.movie_id = t.id)",
                      "Plans": [
                        {
                          "Node Type": "Bitmap Heap Scan",
                          "Parent Relationship": "Outer",
                          "Parallel Aware": true,
                          "Relation Name": "movie_companies",
                          "Alias": "mc",
                          "Startup Cost": 5696.75,
                          "Total Cost": 25765.82,
                          "Plan Rows": 43579,
                          "Plan Width": 4,
                          "Actual Startup Time": 39.838,
                          "Actual Total Time": 51.553,
                          "Actual Rows": 15075,
                          "Actual Loops": 4,
                          "Recheck Cond": "(company_id < 133)",
                          "Rows Removed by Index Recheck": 0,
                          "Filter": "(company_type_id = 2)",
                          "Rows Removed by Filter": 49776,
                          "Exact Heap Blocks": 5632,
                          "Lossy Heap Blocks": 0,
                          "Plans": [
                            {
                              "Node Type": "Bitmap Index Scan",
                              "Parent Relationship": "Outer",
                              "Parallel Aware": false,
                              "Index Name": "company_id_movie_companies",
                              "Startup Cost": 0.0,
                              "Total Cost": 5662.98,
                              "Plan Rows": 264340,
                              "Plan Width": 0,
                              "Actual Startup Time": 12.546,
                              "Actual Total Time": 12.547,
                              "Actual Rows": 259406,
                              "Actual Loops": 1,
                              "Index Cond": "(company_id < 133)"
                            }
                          ]
                        },
                        {
                          "Node Type": "Hash",
                          "Parent Relationship": "Inner",
                          "Parallel Aware": true,
                          "Startup Cost": 43899.32,
                          "Total Cost": 43899.32,
                          "Plan Rows": 449372,
                          "Plan Width": 4,
                          "Actual Startup Time": 309.977,
                          "Actual Total Time": 309.978,
                          "Actual Rows": 448538,
                          "Actual Loops": 4,
                          "Hash Buckets": 2097152,
                          "Original Hash Buckets": 2097152,
                          "Hash Batches": 1,
                          "Original Hash Batches": 1,
                          "Peak Memory Usage": 86624,
                          "Plans": [
                            {
                              "Node Type": "Seq Scan",
                              "Parent Relationship": "Outer",
                              "Parallel Aware": true,
                              "Relation Name": "title",
                              "Alias": "t",
                              "Startup Cost": 0.0,
                              "Total Cost": 43899.32,
                              "Plan Rows": 449372,
                              "Plan Width": 4,
                              "Actual Startup Time": 0.033,
                              "Actual Total Time": 125.994,
                              "Actual Rows": 448538,
                              "Actual Loops": 4,
                              "Filter": "(production_year < 2009)",
                              "Rows Removed by Filter": 183540
                            }
                          ]
                        }
                      ]
                    },
                    {
                      "Node Type": "Index Scan",
                      "Parent Relationship": "Inner",
                      "Parallel Aware": false,
                      "Scan Direction": "Forward",
                      "Index Name": "movie_id_cast_info",
                      "Relation Name": "cast_info",
                      "Alias": "ci",
                      "Startup Cost": 0.56,
                      "Total Cost": 2.12,
                      "Plan Rows": 7,
                      "Plan Width": 4,
                      "Actual Startup Time": 0.02,
                      "Actual Total Time": 0.036,
                      "Actual Rows": 4,
                      "Actual Loops": 51480,
                      "Index Cond": "(movie_id = t.id)",
                      "Rows Removed by Index Recheck": 0,
                      "Filter": "(role_id = 2)",
                      "Rows Removed by Filter": 17
                    }
                  ]
                }
              ]
            }
          ]
        }
      ]
    },
    "Planning Time": 0.967,
    "Triggers": [],
    "Execution Time": 955.767
  }
]