[
  {
    "Plan": {
      "Node Type": "Aggregate",
      "Strategy": "Plain",
      "Partial Mode": "Finalize",
      "Parallel Aware": false,
      "Startup Cost": 84058.83,
      "Total Cost": 84058.84,
      "Plan Rows": 1,
      "Plan Width": 8,
      "Actual Startup Time": 394.697,
      "Actual Total Time": 410.399,
      "Actual Rows": 1,
      "Actual Loops": 1,
      "Plans": [
        {
          "Node Type": "Gather",
          "Parent Relationship": "Outer",
          "Parallel Aware": false,
          "Startup Cost": 84058.41,
          "Total Cost": 84058.82,
          "Plan Rows": 4,
          "Plan Width": 8,
          "Actual Startup Time": 390.418,
          "Actual Total Time": 410.39,
          "Actual Rows": 5,
          "Actual Loops": 1,
          "Workers Planned": 4,
          "Workers Launched": 4,
          "Single Copy": false,
          "Plans": [
            {
              "Node Type": "Aggregate",
              "Strategy": "Plain",
              "Partial Mode": "Partial",
              "Parent Relationship": "Outer",
              "Parallel Aware": false,
              "Startup Cost": 83058.41,
              "Total Cost": 83058.42,
              "Plan Rows": 1,
              "Plan Width": 8,
              "Actual Startup Time": 376.678,
              "Actual Total Time": 376.681,
              "Actual Rows": 1,
              "Actual Loops": 5,
              "Plans": [
                {
                  "Node Type": "Hash Join",
                  "Parent Relationship": "Outer",
                  "Parallel Aware": true,
                  "Join Type": "Inner",
                  "Startup Cost": 35964.26,
                  "Total Cost": 82353.24,
                  "Plan Rows": 282065,
                  "Plan Width": 0,
                  "Actual Startup Time": 156.465,
                  "Actual Total Time": 368.677,
                  "Actual Rows": 188225,
                  "Actual Loops": 5,
                  "Inner Unique": false,
                  "Hash Cond": "(t.id = mc.movie_id)",
                  "Plans": [
                    {
                      "Node Type": "Seq Scan",
                      "Parent Relationship": "Outer",
                      "Parallel Aware": true,
                      "Relation Name": "title",
                      "Alias": "t",
                      "Startup Cost": 0.0,
                      "Total Cost": 42318.73,
                      "Plan Rows": 632073,
                      "Plan Width": 4,
                      "Actual Startup Time": 0.011,
                      "Actual Total Time": 63.728,
                      "Actual Rows": 505662,
                      "Actual Loops": 5
                    },
                    {
                      "Node Type": "Hash",
                      "Parent Relationship": "Inner",
                      "Parallel Aware": true,
                      "Startup Cost": 31414.82,
                      "Total Cost": 31414.82,
                      "Plan Rows": 363955,
                      "Plan Width": 4,
                      "Actual Startup Time": 149.932,
                      "Actual Total Time": 149.933,
                      "Actual Rows": 188225,
                      "Actual Loops": 5,
                      "Hash Buckets": 2097152,
                      "Original Hash Buckets": 2097152,
                      "Hash Batches": 1,
                      "Original Hash Batches": 1,
                      "Peak Memory Usage": 53280,
                      "Plans": [
                        {
                          "Node Type": "Seq Scan",
                          "Parent Relationship": "Outer",
                          "Parallel Aware": true,
                          "Relation Name": "movie_companies",
                          "Alias": "mc",
                          "Startup Cost": 0.0,
                          "Total Cost": 31414.82,
                          "Plan Rows": 363955,
                          "Plan Width": 4,
                          "Actual Startup Time": 44.631,
                          "Actual Total Time": 78.153,
                          "Actual Rows": 188225,
                          "Actual Loops": 5,
                          "Filter": "((company_id < 82939) AND (company_type_id > 1))",
                          "Rows Removed by Filter": 333601
                        }
                      ]
                    }
                  ]
                }
              ]
            }
          ]
        }
      ]
    },
    "Planning Time": 0.634,
    "Triggers": [],
    "Execution Time": 410.468
  }
]