[
    {
        "Bao": {
            "Bao prediction": "NaN",
            "Bao recommended hint": "(no hint)"
        }
    },
    {
        "Plan": {
            "Node Type": "Aggregate",
            "Strategy": "Plain",
            "Partial Mode": "Finalize",
            "Parallel Aware": false,
            "Startup Cost": 325474.55,
            "Total Cost": 325474.56,
            "Plan Rows": 1,
            "Plan Width": 8,
            "Actual Startup Time": 988.754,
            "Actual Total Time": 1019.697,
            "Actual Rows": 1,
            "Actual Loops": 1,
            "Output": [
                "count(*)"
            ],
            "Plans": [
                {
                    "Node Type": "Gather",
                    "Parent Relationship": "Outer",
                    "Parallel Aware": false,
                    "Startup Cost": 325474.02,
                    "Total Cost": 325474.53,
                    "Plan Rows": 5,
                    "Plan Width": 8,
                    "Actual Startup Time": 975.943,
                    "Actual Total Time": 1019.684,
                    "Actual Rows": 6,
                    "Actual Loops": 1,
                    "Output": [
                        "(PARTIAL count(*))"
                    ],
                    "Workers Planned": 5,
                    "Workers Launched": 5,
                    "Single Copy": false,
                    "Plans": [
                        {
                            "Node Type": "Aggregate",
                            "Strategy": "Plain",
                            "Partial Mode": "Partial",
                            "Parent Relationship": "Outer",
                            "Parallel Aware": false,
                            "Startup Cost": 324474.02,
                            "Total Cost": 324474.03,
                            "Plan Rows": 1,
                            "Plan Width": 8,
                            "Actual Startup Time": 962.564,
                            "Actual Total Time": 963.126,
                            "Actual Rows": 1,
                            "Actual Loops": 6,
                            "Output": [
                                "PARTIAL count(*)"
                            ],
                            "Workers": [
                                {
                                    "Worker Number": 0,
                                    "Actual Startup Time": 959.561,
                                    "Actual Total Time": 959.566,
                                    "Actual Rows": 1,
                                    "Actual Loops": 1
                                },
                                {
                                    "Worker Number": 1,
                                    "Actual Startup Time": 961.208,
                                    "Actual Total Time": 961.213,
                                    "Actual Rows": 1,
                                    "Actual Loops": 1
                                },
                                {
                                    "Worker Number": 2,
                                    "Actual Startup Time": 959.562,
                                    "Actual Total Time": 959.567,
                                    "Actual Rows": 1,
                                    "Actual Loops": 1
                                },
                                {
                                    "Worker Number": 3,
                                    "Actual Startup Time": 959.986,
                                    "Actual Total Time": 959.992,
                                    "Actual Rows": 1,
                                    "Actual Loops": 1
                                },
                                {
                                    "Worker Number": 4,
                                    "Actual Startup Time": 959.782,
                                    "Actual Total Time": 959.788,
                                    "Actual Rows": 1,
                                    "Actual Loops": 1
                                }
                            ],
                            "Plans": [
                                {
                                    "Node Type": "Hash Join",
                                    "Parent Relationship": "Outer",
                                    "Parallel Aware": true,
                                    "Join Type": "Inner",
                                    "Startup Cost": 250679.32,
                                    "Total Cost": 323911.62,
                                    "Plan Rows": 224963,
                                    "Plan Width": 0,
                                    "Actual Startup Time": 716.37,
                                    "Actual Total Time": 951.218,
                                    "Actual Rows": 214207,
                                    "Actual Loops": 6,
                                    "Inner Unique": false,
                                    "Hash Cond": "(ci.movie_id = t.id)",
                                    "Workers": [
                                        {
                                            "Worker Number": 0,
                                            "Actual Startup Time": 713.633,
                                            "Actual Total Time": 946.859,
                                            "Actual Rows": 179997,
                                            "Actual Loops": 1
                                        },
                                        {
                                            "Worker Number": 1,
                                            "Actual Startup Time": 713.782,
                                            "Actual Total Time": 948.705,
                                            "Actual Rows": 176831,
                                            "Actual Loops": 1
                                        },
                                        {
                                            "Worker Number": 2,
                                            "Actual Startup Time": 713.502,
                                            "Actual Total Time": 948.285,
                                            "Actual Rows": 244694,
                                            "Actual Loops": 1
                                        },
                                        {
                                            "Worker Number": 3,
                                            "Actual Startup Time": 713.882,
                                            "Actual Total Time": 948.547,
                                            "Actual Rows": 248663,
                                            "Actual Loops": 1
                                        },
                                        {
                                            "Worker Number": 4,
                                            "Actual Startup Time": 713.886,
                                            "Actual Total Time": 948.913,
                                            "Actual Rows": 249728,
                                            "Actual Loops": 1
                                        }
                                    ],
                                    "Plans": [
                                        {
                                            "Node Type": "Index Scan",
                                            "Parent Relationship": "Outer",
                                            "Parallel Aware": true,
                                            "Scan Direction": "Forward",
                                            "Index Name": "role_id_cast_info",
                                            "Relation Name": "cast_info",
                                            "Schema": "public",
                                            "Alias": "ci",
                                            "Startup Cost": 0.56,
                                            "Total Cost": 70799.91,
                                            "Plan Rows": 528807,
                                            "Plan Width": 4,
                                            "Actual Startup Time": 0.19,
                                            "Actual Total Time": 86.243,
                                            "Actual Rows": 454824,
                                            "Actual Loops": 6,
                                            "Output": [
                                                "ci.id",
                                                "ci.person_id",
                                                "ci.movie_id",
                                                "ci.person_role_id",
                                                "ci.note",
                                                "ci.nr_order",
                                                "ci.role_id"
                                            ],
                                            "Index Cond": "(ci.role_id = 4)",
                                            "Rows Removed by Index Recheck": 0,
                                            "Workers": [
                                                {
                                                    "Worker Number": 0,
                                                    "Actual Startup Time": 0.125,
                                                    "Actual Total Time": 90.269,
                                                    "Actual Rows": 384542,
                                                    "Actual Loops": 1
                                                },
                                                {
                                                    "Worker Number": 1,
                                                    "Actual Startup Time": 0.352,
                                                    "Actual Total Time": 90.532,
                                                    "Actual Rows": 383761,
                                                    "Actual Loops": 1
                                                },
                                                {
                                                    "Worker Number": 2,
                                                    "Actual Startup Time": 0.049,
                                                    "Actual Total Time": 84.91,
                                                    "Actual Rows": 525426,
                                                    "Actual Loops": 1
                                                },
                                                {
                                                    "Worker Number": 3,
                                                    "Actual Startup Time": 0.088,
                                                    "Actual Total Time": 83.762,
                                                    "Actual Rows": 516368,
                                                    "Actual Loops": 1
                                                },
                                                {
                                                    "Worker Number": 4,
                                                    "Actual Startup Time": 0.261,
                                                    "Actual Total Time": 84.831,
                                                    "Actual Rows": 523386,
                                                    "Actual Loops": 1
                                                }
                                            ]
                                        },
                                        {
                                            "Node Type": "Hash",
                                            "Parent Relationship": "Inner",
                                            "Parallel Aware": true,
                                            "Startup Cost": 247989.78,
                                            "Total Cost": 247989.78,
                                            "Plan Rows": 215118,
                                            "Plan Width": 8,
                                            "Actual Startup Time": 711.391,
                                            "Actual Total Time": 711.952,
                                            "Actual Rows": 161638,
                                            "Actual Loops": 6,
                                            "Output": [
                                                "t.id",
                                                "mi.movie_id"
                                            ],
                                            "Hash Buckets": 2097152,
                                            "Original Hash Buckets": 2097152,
                                            "Hash Batches": 1,
                                            "Original Hash Batches": 1,
                                            "Peak Memory Usage": 54432,
                                            "Workers": [
                                                {
                                                    "Worker Number": 0,
                                                    "Actual Startup Time": 712.812,
                                                    "Actual Total Time": 712.816,
                                                    "Actual Rows": 142407,
                                                    "Actual Loops": 1
                                                },
                                                {
                                                    "Worker Number": 1,
                                                    "Actual Startup Time": 712.803,
                                                    "Actual Total Time": 712.807,
                                                    "Actual Rows": 140000,
                                                    "Actual Loops": 1
                                                },
                                                {
                                                    "Worker Number": 2,
                                                    "Actual Startup Time": 712.651,
                                                    "Actual Total Time": 712.654,
                                                    "Actual Rows": 187015,
                                                    "Actual Loops": 1
                                                },
                                                {
                                                    "Worker Number": 3,
                                                    "Actual Startup Time": 713.247,
                                                    "Actual Total Time": 713.251,
                                                    "Actual Rows": 184565,
                                                    "Actual Loops": 1
                                                },
                                                {
                                                    "Worker Number": 4,
                                                    "Actual Startup Time": 713.116,
                                                    "Actual Total Time": 713.12,
                                                    "Actual Rows": 178297,
                                                    "Actual Loops": 1
                                                }
                                            ],
                                            "Plans": [
                                                {
                                                    "Node Type": "Hash Join",
                                                    "Parent Relationship": "Outer",
                                                    "Parallel Aware": true,
                                                    "Join Type": "Inner",
                                                    "Startup Cost": 48028.67,
                                                    "Total Cost": 247989.78,
                                                    "Plan Rows": 215118,
                                                    "Plan Width": 8,
                                                    "Actual Startup Time": 234.622,
                                                    "Actual Total Time": 640.4,
                                                    "Actual Rows": 161638,
                                                    "Actual Loops": 6,
                                                    "Output": [
                                                        "t.id",
                                                        "mi.movie_id"
                                                    ],
                                                    "Inner Unique": true,
                                                    "Hash Cond": "(mi.movie_id = t.id)",
                                                    "Workers": [
                                                        {
                                                            "Worker Number": 0,
                                                            "Actual Startup Time": 234.571,
                                                            "Actual Total Time": 639.516,
                                                            "Actual Rows": 142407,
                                                            "Actual Loops": 1
                                                        },
                                                        {
                                                            "Worker Number": 1,
                                                            "Actual Startup Time": 234.673,
                                                            "Actual Total Time": 640.232,
                                                            "Actual Rows": 140000,
                                                            "Actual Loops": 1
                                                        },
                                                        {
                                                            "Worker Number": 2,
                                                            "Actual Startup Time": 234.534,
                                                            "Actual Total Time": 640.316,
                                                            "Actual Rows": 187015,
                                                            "Actual Loops": 1
                                                        },
                                                        {
                                                            "Worker Number": 3,
                                                            "Actual Startup Time": 234.641,
                                                            "Actual Total Time": 639.473,
                                                            "Actual Rows": 184565,
                                                            "Actual Loops": 1
                                                        },
                                                        {
                                                            "Worker Number": 4,
                                                            "Actual Startup Time": 234.506,
                                                            "Actual Total Time": 639.093,
                                                            "Actual Rows": 178297,
                                                            "Actual Loops": 1
                                                        }
                                                    ],
                                                    "Plans": [
                                                        {
                                                            "Node Type": "Seq Scan",
                                                            "Parent Relationship": "Outer",
                                                            "Parallel Aware": true,
                                                            "Relation Name": "movie_info",
                                                            "Schema": "public",
                                                            "Alias": "mi",
                                                            "Startup Cost": 0.0,
                                                            "Total Cost": 198880.74,
                                                            "Plan Rows": 411570,
                                                            "Plan Width": 4,
                                                            "Actual Startup Time": 29.09,
                                                            "Actual Total Time": 312.038,
                                                            "Actual Rows": 348511,
                                                            "Actual Loops": 6,
                                                            "Output": [
                                                                "mi.id",
                                                                "mi.movie_id",
                                                                "mi.info_type_id",
                                                                "mi.info",
                                                                "mi.note"
                                                            ],
                                                            "Filter": "(mi.info_type_id < 3)",
                                                            "Rows Removed by Filter": 2124109,
                                                            "Workers": [
                                                                {
                                                                    "Worker Number": 0,
                                                                    "Actual Startup Time": 29.123,
                                                                    "Actual Total Time": 316.593,
                                                                    "Actual Rows": 301778,
                                                                    "Actual Loops": 1
                                                                },
                                                                {
                                                                    "Worker Number": 1,
                                                                    "Actual Startup Time": 29.117,
                                                                    "Actual Total Time": 316.366,
                                                                    "Actual Rows": 300098,
                                                                    "Actual Loops": 1
                                                                },
                                                                {
                                                                    "Worker Number": 2,
                                                                    "Actual Startup Time": 28.973,
                                                                    "Actual Total Time": 309.709,
                                                                    "Actual Rows": 406465,
                                                                    "Actual Loops": 1
                                                                },
                                                                {
                                                                    "Worker Number": 3,
                                                                    "Actual Startup Time": 29.11,
                                                                    "Actual Total Time": 309.497,
                                                                    "Actual Rows": 399157,
                                                                    "Actual Loops": 1
                                                                },
                                                                {
                                                                    "Worker Number": 4,
                                                                    "Actual Startup Time": 29.116,
                                                                    "Actual Total Time": 309.367,
                                                                    "Actual Rows": 387716,
                                                                    "Actual Loops": 1
                                                                }
                                                            ]
                                                        },
                                                        {
                                                            "Node Type": "Hash",
                                                            "Parent Relationship": "Inner",
                                                            "Parallel Aware": true,
                                                            "Startup Cost": 43899.01,
                                                            "Total Cost": 43899.01,
                                                            "Plan Rows": 330373,
                                                            "Plan Width": 4,
                                                            "Actual Startup Time": 201.893,
                                                            "Actual Total Time": 201.894,
                                                            "Actual Rows": 220477,
                                                            "Actual Loops": 6,
                                                            "Output": [
                                                                "t.id"
                                                            ],
                                                            "Hash Buckets": 2097152,
                                                            "Original Hash Buckets": 2097152,
                                                            "Hash Batches": 1,
                                                            "Original Hash Batches": 1,
                                                            "Peak Memory Usage": 68192,
                                                            "Workers": [
                                                                {
                                                                    "Worker Number": 0,
                                                                    "Actual Startup Time": 205.341,
                                                                    "Actual Total Time": 205.342,
                                                                    "Actual Rows": 181929,
                                                                    "Actual Loops": 1
                                                                },
                                                                {
                                                                    "Worker Number": 1,
                                                                    "Actual Startup Time": 205.45,
                                                                    "Actual Total Time": 205.451,
                                                                    "Actual Rows": 185615,
                                                                    "Actual Loops": 1
                                                                },
                                                                {
                                                                    "Worker Number": 2,
                                                                    "Actual Startup Time": 205.338,
                                                                    "Actual Total Time": 205.34,
                                                                    "Actual Rows": 248571,
                                                                    "Actual Loops": 1
                                                                },
                                                                {
                                                                    "Worker Number": 3,
                                                                    "Actual Startup Time": 205.439,
                                                                    "Actual Total Time": 205.44,
                                                                    "Actual Rows": 237153,
                                                                    "Actual Loops": 1
                                                                },
                                                                {
                                                                    "Worker Number": 4,
                                                                    "Actual Startup Time": 205.318,
                                                                    "Actual Total Time": 205.319,
                                                                    "Actual Rows": 226943,
                                                                    "Actual Loops": 1
                                                                }
                                                            ],
                                                            "Plans": [
                                                                {
                                                                    "Node Type": "Seq Scan",
                                                                    "Parent Relationship": "Outer",
                                                                    "Parallel Aware": true,
                                                                    "Relation Name": "title",
                                                                    "Schema": "public",
                                                                    "Alias": "t",
                                                                    "Startup Cost": 0.0,
                                                                    "Total Cost": 43899.01,
                                                                    "Plan Rows": 330373,
                                                                    "Plan Width": 4,
                                                                    "Actual Startup Time": 0.09,
                                                                    "Actual Total Time": 87.095,
                                                                    "Actual Rows": 220477,
                                                                    "Actual Loops": 6,
                                                                    "Output": [
                                                                        "t.id"
                                                                    ],
                                                                    "Filter": "(t.production_year > 2001)",
                                                                    "Rows Removed by Filter": 200908,
                                                                    "Workers": [
                                                                        {
                                                                            "Worker Number": 0,
                                                                            "Actual Startup Time": 0.112,
                                                                            "Actual Total Time": 91.248,
                                                                            "Actual Rows": 181929,
                                                                            "Actual Loops": 1
                                                                        },
                                                                        {
                                                                            "Worker Number": 1,
                                                                            "Actual Startup Time": 0.127,
                                                                            "Actual Total Time": 91.754,
                                                                            "Actual Rows": 185615,
                                                                            "Actual Loops": 1
                                                                        },
                                                                        {
                                                                            "Worker Number": 2,
                                                                            "Actual Startup Time": 0.066,
                                                                            "Actual Total Time": 86.845,
                                                                            "Actual Rows": 248571,
                                                                            "Actual Loops": 1
                                                                        },
                                                                        {
                                                                            "Worker Number": 3,
                                                                            "Actual Startup Time": 0.124,
                                                                            "Actual Total Time": 86.493,
                                                                            "Actual Rows": 237153,
                                                                            "Actual Loops": 1
                                                                        },
                                                                        {
                                                                            "Worker Number": 4,
                                                                            "Actual Startup Time": 0.09,
                                                                            "Actual Total Time": 86.38,
                                                                            "Actual Rows": 226943,
                                                                            "Actual Loops": 1
                                                                        }
                                                                    ]
                                                                }
                                                            ]
                                                        }
                                                    ]
                                                }
                                            ]
                                        }
                                    ]
                                }
                            ]
                        }
                    ]
                }
            ]
        },
        "Planning Time": 311.574,
        "Triggers": [],
        "Execution Time": 1019.865
    }
]