[
  {
    "Plan": {
      "Node Type": "Aggregate",
      "Strategy": "Plain",
      "Partial Mode": "Finalize",
      "Parallel Aware": false,
      "Startup Cost": 47129.31,
      "Total Cost": 47129.32,
      "Plan Rows": 1,
      "Plan Width": 8,
      "Actual Startup Time": 174.326,
      "Actual Total Time": 181.441,
      "Actual Rows": 1,
      "Actual Loops": 1,
      "Plans": [
        {
          "Node Type": "Gather",
          "Parent Relationship": "Outer",
          "Parallel Aware": false,
          "Startup Cost": 47128.99,
          "Total Cost": 47129.3,
          "Plan Rows": 3,
          "Plan Width": 8,
          "Actual Startup Time": 174.209,
          "Actual Total Time": 181.432,
          "Actual Rows": 4,
          "Actual Loops": 1,
          "Workers Planned": 3,
          "Workers Launched": 3,
          "Single Copy": false,
          "Plans": [
            {
              "Node Type": "Aggregate",
              "Strategy": "Plain",
              "Partial Mode": "Partial",
              "Parent Relationship": "Outer",
              "Parallel Aware": false,
              "Startup Cost": 46128.99,
              "Total Cost": 46129.0,
              "Plan Rows": 1,
              "Plan Width": 8,
              "Actual Startup Time": 169.037,
              "Actual Total Time": 169.038,
              "Actual Rows": 1,
              "Actual Loops": 4,
              "Plans": [
                {
                  "Node Type": "Seq Scan",
                  "Parent Relationship": "Outer",
                  "Parallel Aware": true,
                  "Relation Name": "movie_keyword",
                  "Alias": "mk",
                  "Startup Cost": 0.0,
                  "Total Cost": 42695.65,
                  "Plan Rows": 1373335,
                  "Plan Width": 0,
                  "Actual Startup Time": 0.042,
                  "Actual Total Time": 121.371,
                  "Actual Rows": 1065749,
                  "Actual Loops": 4,
                  "Filter": "(keyword_id > 228)",
                  "Rows Removed by Filter": 65233
                }
              ]
            }
          ]
        }
      ]
    },
    "Planning Time": 0.089,
    "Triggers": [],
    "Execution Time": 181.482
  }
]