[
    {
        "Bao": {
            "Bao prediction": "NaN",
            "Bao recommended hint": "(no hint)"
        }
    },
    {
        "Plan": {
            "Node Type": "Aggregate",
            "Strategy": "Plain",
            "Partial Mode": "Finalize",
            "Parallel Aware": false,
            "Startup Cost": 31267.99,
            "Total Cost": 31268.0,
            "Plan Rows": 1,
            "Plan Width": 8,
            "Actual Startup Time": 115.442,
            "Actual Total Time": 122.623,
            "Actual Rows": 1,
            "Actual Loops": 1,
            "Output": [
                "count(*)"
            ],
            "Plans": [
                {
                    "Node Type": "Gather",
                    "Parent Relationship": "Outer",
                    "Parallel Aware": false,
                    "Startup Cost": 31267.67,
                    "Total Cost": 31267.98,
                    "Plan Rows": 3,
                    "Plan Width": 8,
                    "Actual Startup Time": 115.324,
                    "Actual Total Time": 122.615,
                    "Actual Rows": 4,
                    "Actual Loops": 1,
                    "Output": [
                        "(PARTIAL count(*))"
                    ],
                    "Workers Planned": 3,
                    "Workers Launched": 3,
                    "Single Copy": false,
                    "Plans": [
                        {
                            "Node Type": "Aggregate",
                            "Strategy": "Plain",
                            "Partial Mode": "Partial",
                            "Parent Relationship": "Outer",
                            "Parallel Aware": false,
                            "Startup Cost": 30267.67,
                            "Total Cost": 30267.68,
                            "Plan Rows": 1,
                            "Plan Width": 8,
                            "Actual Startup Time": 107.443,
                            "Actual Total Time": 107.445,
                            "Actual Rows": 1,
                            "Actual Loops": 4,
                            "Output": [
                                "PARTIAL count(*)"
                            ],
                            "Workers": [
                                {
                                    "Worker Number": 0,
                                    "Actual Startup Time": 104.554,
                                    "Actual Total Time": 104.555,
                                    "Actual Rows": 1,
                                    "Actual Loops": 1
                                },
                                {
                                    "Worker Number": 1,
                                    "Actual Startup Time": 105.004,
                                    "Actual Total Time": 105.006,
                                    "Actual Rows": 1,
                                    "Actual Loops": 1
                                },
                                {
                                    "Worker Number": 2,
                                    "Actual Startup Time": 105.202,
                                    "Actual Total Time": 105.203,
                                    "Actual Rows": 1,
                                    "Actual Loops": 1
                                }
                            ],
                            "Plans": [
                                {
                                    "Node Type": "Seq Scan",
                                    "Parent Relationship": "Outer",
                                    "Parallel Aware": true,
                                    "Relation Name": "movie_companies",
                                    "Schema": "public",
                                    "Alias": "mc",
                                    "Startup Cost": 0.0,
                                    "Total Cost": 29310.68,
                                    "Plan Rows": 382797,
                                    "Plan Width": 0,
                                    "Actual Startup Time": 17.772,
                                    "Actual Total Time": 89.505,
                                    "Actual Rows": 298764,
                                    "Actual Loops": 4,
                                    "Output": [
                                        "id",
                                        "movie_id",
                                        "company_id",
                                        "company_type_id",
                                        "note"
                                    ],
                                    "Filter": "(mc.company_id > 12420)",
                                    "Rows Removed by Filter": 353518,
                                    "Workers": [
                                        {
                                            "Worker Number": 0,
                                            "Actual Startup Time": 14.901,
                                            "Actual Total Time": 87.133,
                                            "Actual Rows": 384544,
                                            "Actual Loops": 1
                                        },
                                        {
                                            "Worker Number": 1,
                                            "Actual Startup Time": 15.327,
                                            "Actual Total Time": 87.817,
                                            "Actual Rows": 243939,
                                            "Actual Loops": 1
                                        },
                                        {
                                            "Worker Number": 2,
                                            "Actual Startup Time": 15.53,
                                            "Actual Total Time": 87.979,
                                            "Actual Rows": 247039,
                                            "Actual Loops": 1
                                        }
                                    ]
                                }
                            ]
                        }
                    ]
                }
            ]
        },
        "Planning Time": 297.667,
        "Triggers": [],
        "Execution Time": 122.677
    }
]