[
  {
    "Plan": {
      "Node Type": "Aggregate",
      "Strategy": "Plain",
      "Partial Mode": "Finalize",
      "Parallel Aware": false,
      "Startup Cost": 218628.29,
      "Total Cost": 218628.3,
      "Plan Rows": 1,
      "Plan Width": 8,
      "Actual Startup Time": 1876.951,
      "Actual Total Time": 1955.927,
      "Actual Rows": 1,
      "Actual Loops": 1,
      "Plans": [
        {
          "Node Type": "Gather",
          "Parent Relationship": "Outer",
          "Parallel Aware": false,
          "Startup Cost": 218627.97,
          "Total Cost": 218628.28,
          "Plan Rows": 3,
          "Plan Width": 8,
          "Actual Startup Time": 1872.177,
          "Actual Total Time": 1955.914,
          "Actual Rows": 4,
          "Actual Loops": 1,
          "Workers Planned": 3,
          "Workers Launched": 3,
          "Single Copy": false,
          "Plans": [
            {
              "Node Type": "Aggregate",
              "Strategy": "Plain",
              "Partial Mode": "Partial",
              "Parent Relationship": "Outer",
              "Parallel Aware": false,
              "Startup Cost": 217627.97,
              "Total Cost": 217627.98,
              "Plan Rows": 1,
              "Plan Width": 8,
              "Actual Startup Time": 1859.447,
              "Actual Total Time": 1859.451,
              "Actual Rows": 1,
              "Actual Loops": 4,
              "Plans": [
                {
                  "Node Type": "Nested Loop",
                  "Parent Relationship": "Outer",
                  "Parallel Aware": false,
                  "Join Type": "Inner",
                  "Startup Cost": 49662.83,
                  "Total Cost": 215823.36,
                  "Plan Rows": 721842,
                  "Plan Width": 0,
                  "Actual Startup Time": 236.026,
                  "Actual Total Time": 1763.618,
                  "Actual Rows": 1926853,
                  "Actual Loops": 4,
                  "Inner Unique": false,
                  "Plans": [
                    {
                      "Node Type": "Hash Join",
                      "Parent Relationship": "Outer",
                      "Parallel Aware": true,
                      "Join Type": "Inner",
                      "Startup Cost": 49662.26,
                      "Total Cost": 81326.73,
                      "Plan Rows": 50346,
                      "Plan Width": 8,
                      "Actual Startup Time": 235.929,
                      "Actual Total Time": 356.147,
                      "Actual Rows": 53257,
                      "Actual Loops": 4,
                      "Inner Unique": true,
                      "Hash Cond": "(mc.movie_id = t.id)",
                      "Plans": [
                        {
                          "Node Type": "Seq Scan",
                          "Parent Relationship": "Outer",
                          "Parallel Aware": true,
                          "Relation Name": "movie_companies",
                          "Alias": "mc",
                          "Startup Cost": 0.0,
                          "Total Cost": 31414.82,
                          "Plan Rows": 95106,
                          "Plan Width": 4,
                          "Actual Startup Time": 0.012,
                          "Actual Total Time": 63.945,
                          "Actual Rows": 107643,
                          "Actual Loops": 4,
                          "Filter": "((company_id < 687) AND (company_type_id < 2))",
                          "Rows Removed by Filter": 544639
                        },
                        {
                          "Node Type": "Hash",
                          "Parent Relationship": "Inner",
                          "Parallel Aware": true,
                          "Startup Cost": 45479.59,
                          "Total Cost": 45479.59,
                          "Plan Rows": 334614,
                          "Plan Width": 4,
                          "Actual Startup Time": 228.014,
                          "Actual Total Time": 228.016,
                          "Actual Rows": 353090,
                          "Actual Loops": 4,
                          "Hash Buckets": 2097152,
                          "Original Hash Buckets": 2097152,
                          "Hash Batches": 1,
                          "Original Hash Batches": 1,
                          "Peak Memory Usage": 71712,
                          "Plans": [
                            {
                              "Node Type": "Seq Scan",
                              "Parent Relationship": "Outer",
                              "Parallel Aware": true,
                              "Relation Name": "title",
                              "Alias": "t",
                              "Startup Cost": 0.0,
                              "Total Cost": 45479.59,
                              "Plan Rows": 334614,
                              "Plan Width": 4,
                              "Actual Startup Time": 0.043,
                              "Actual Total Time": 107.699,
                              "Actual Rows": 353090,
                              "Actual Loops": 4,
                              "Filter": "((production_year > 1962) AND (kind_id = 7))",
                              "Rows Removed by Filter": 278988
                            }
                          ]
                        }
                      ]
                    },
                    {
                      "Node Type": "Index Only Scan",
                      "Parent Relationship": "Inner",
                      "Parallel Aware": false,
                      "Scan Direction": "Forward",
                      "Index Name": "movie_id_cast_info",
                      "Relation Name": "cast_info",
                      "Alias": "ci",
                      "Startup Cost": 0.56,
                      "Total Cost": 2.32,
                      "Plan Rows": 35,
                      "Plan Width": 4,
                      "Actual Startup Time": 0.004,
                      "Actual Total Time": 0.023,
                      "Actual Rows": 36,
                      "Actual Loops": 213028,
                      "Index Cond": "(movie_id = t.id)",
                      "Rows Removed by Index Recheck": 0,
                      "Heap Fetches": 7707413
                    }
                  ]
                }
              ]
            }
          ]
        }
      ]
    },
    "Planning Time": 1.44,
    "Triggers": [],
    "Execution Time": 1956.037
  }
]