[
  {
    "Plan": {
      "Node Type": "Aggregate",
      "Strategy": "Plain",
      "Partial Mode": "Finalize",
      "Parallel Aware": false,
      "Startup Cost": 341208.07,
      "Total Cost": 341208.08,
      "Plan Rows": 1,
      "Plan Width": 8,
      "Actual Startup Time": 516.917,
      "Actual Total Time": 539.412,
      "Actual Rows": 1,
      "Actual Loops": 1,
      "Plans": [
        {
          "Node Type": "Gather",
          "Parent Relationship": "Outer",
          "Parallel Aware": false,
          "Startup Cost": 341207.44,
          "Total Cost": 341208.05,
          "Plan Rows": 6,
          "Plan Width": 8,
          "Actual Startup Time": 516.798,
          "Actual Total Time": 539.401,
          "Actual Rows": 7,
          "Actual Loops": 1,
          "Workers Planned": 6,
          "Workers Launched": 6,
          "Single Copy": false,
          "Plans": [
            {
              "Node Type": "Aggregate",
              "Strategy": "Plain",
              "Partial Mode": "Partial",
              "Parent Relationship": "Outer",
              "Parallel Aware": false,
              "Startup Cost": 340207.44,
              "Total Cost": 340207.45,
              "Plan Rows": 1,
              "Plan Width": 8,
              "Actual Startup Time": 506.216,
              "Actual Total Time": 506.217,
              "Actual Rows": 1,
              "Actual Loops": 7,
              "Plans": [
                {
                  "Node Type": "Index Scan",
                  "Parent Relationship": "Outer",
                  "Parallel Aware": true,
                  "Scan Direction": "Forward",
                  "Index Name": "role_id_cast_info",
                  "Relation Name": "cast_info",
                  "Alias": "ci",
                  "Startup Cost": 0.56,
                  "Total Cost": 335235.55,
                  "Plan Rows": 1988757,
                  "Plan Width": 0,
                  "Actual Startup Time": 53.775,
                  "Actual Total Time": 427.83,
                  "Actual Rows": 1644070,
                  "Actual Loops": 7,
                  "Index Cond": "(role_id = 1)",
                  "Rows Removed by Index Recheck": 0,
                  "Filter": "(person_id > 161455)",
                  "Rows Removed by Filter": 166028
                }
              ]
            }
          ]
        }
      ]
    },
    "Planning Time": 0.222,
    "Triggers": [],
    "Execution Time": 539.468
  }
]