[
  {
    "Plan": {
      "Node Type": "Aggregate",
      "Strategy": "Plain",
      "Partial Mode": "Finalize",
      "Parallel Aware": false,
      "Startup Cost": 50228.06,
      "Total Cost": 50228.07,
      "Plan Rows": 1,
      "Plan Width": 8,
      "Actual Startup Time": 92.816,
      "Actual Total Time": 99.519,
      "Actual Rows": 1,
      "Actual Loops": 1,
      "Plans": [
        {
          "Node Type": "Gather",
          "Parent Relationship": "Outer",
          "Parallel Aware": false,
          "Startup Cost": 50227.64,
          "Total Cost": 50228.05,
          "Plan Rows": 4,
          "Plan Width": 8,
          "Actual Startup Time": 92.718,
          "Actual Total Time": 99.513,
          "Actual Rows": 5,
          "Actual Loops": 1,
          "Workers Planned": 4,
          "Workers Launched": 4,
          "Single Copy": false,
          "Plans": [
            {
              "Node Type": "Aggregate",
              "Strategy": "Plain",
              "Partial Mode": "Partial",
              "Parent Relationship": "Outer",
              "Parallel Aware": false,
              "Startup Cost": 49227.64,
              "Total Cost": 49227.65,
              "Plan Rows": 1,
              "Plan Width": 8,
              "Actual Startup Time": 83.524,
              "Actual Total Time": 83.525,
              "Actual Rows": 1,
              "Actual Loops": 5,
              "Plans": [
                {
                  "Node Type": "Index Scan",
                  "Parent Relationship": "Outer",
                  "Parallel Aware": true,
                  "Scan Direction": "Forward",
                  "Index Name": "role_id_cast_info",
                  "Relation Name": "cast_info",
                  "Alias": "ci",
                  "Startup Cost": 0.56,
                  "Total Cost": 49093.36,
                  "Plan Rows": 53713,
                  "Plan Width": 0,
                  "Actual Startup Time": 0.151,
                  "Actual Total Time": 79.346,
                  "Actual Rows": 43017,
                  "Actual Loops": 5,
                  "Index Cond": "(role_id = 8)",
                  "Rows Removed by Index Recheck": 0,
                  "Filter": "(person_id < 444088)",
                  "Rows Removed by Filter": 297692
                }
              ]
            }
          ]
        }
      ]
    },
    "Planning Time": 0.197,
    "Triggers": [],
    "Execution Time": 99.572
  }
]