{
  "Plan": {
    "Node Type": "Aggregate",
    "Strategy": "Plain",
    "Partial Mode": "Finalize",
    "Parallel Aware": false,
    "Startup Cost": 2932665.86,
    "Total Cost": 2932665.87,
    "Plan Rows": 1,
    "Plan Width": 8,
    "Actual Startup Time": 32832.937,
    "Actual Total Time": 33130.529,
    "Actual Rows": 1,
    "Actual Loops": 1,
    "Plans": [
      {
        "Node Type": "Gather",
        "Parent Relationship": "Outer",
        "Parallel Aware": false,
        "Startup Cost": 2932665.75,
        "Total Cost": 2932665.86,
        "Plan Rows": 1,
        "Plan Width": 8,
        "Actual Startup Time": 32761.833,
        "Actual Total Time": 33130.514,
        "Actual Rows": 2,
        "Actual Loops": 1,
        "Workers Planned": 1,
        "Workers Launched": 1,
        "Single Copy": false,
        "Plans": [
          {
            "Node Type": "Aggregate",
            "Strategy": "Plain",
            "Partial Mode": "Partial",
            "Parent Relationship": "Outer",
            "Parallel Aware": false,
            "Startup Cost": 2931665.75,
            "Total Cost": 2931665.76,
            "Plan Rows": 1,
            "Plan Width": 8,
            "Actual Startup Time": 32727.161,
            "Actual Total Time": 32727.169,
            "Actual Rows": 1,
            "Actual Loops": 2,
            "Plans": [
              {
                "Node Type": "Hash Join",
                "Parent Relationship": "Outer",
                "Parallel Aware": true,
                "Join Type": "Inner",
                "Startup Cost": 2526775.81,
                "Total Cost": 2846972.99,
                "Plan Rows": 33877101,
                "Plan Width": 0,
                "Actual Startup Time": 22175.186,
                "Actual Total Time": 28975.364,
                "Actual Rows": 96376366,
                "Actual Loops": 2,
                "Inner Unique": false,
                "Hash Cond": "(mk.movie_id = t.id)",
                "Plans": [
                  {
                    "Node Type": "Seq Scan",
                    "Parent Relationship": "Outer",
                    "Parallel Aware": true,
                    "Relation Name": "movie_keyword",
                    "Alias": "mk",
                    "Startup Cost": 0.0,
                    "Total Cost": 51065.35,
                    "Plan Rows": 2661135,
                    "Plan Width": 4,
                    "Actual Startup Time": 0.008,
                    "Actual Total Time": 161.096,
                    "Actual Rows": 2261965,
                    "Actual Loops": 2
                  },
                  {
                    "Node Type": "Hash",
                    "Parent Relationship": "Inner",
                    "Parallel Aware": true,
                    "Startup Cost": 2290114.22,
                    "Total Cost": 2290114.22,
                    "Plan Rows": 18932927,
                    "Plan Width": 8,
                    "Actual Startup Time": 22077.145,
                    "Actual Total Time": 22077.148,
                    "Actual Rows": 16828024,
                    "Actual Loops": 2,
                    "Hash Buckets": 67108864,
                    "Original Hash Buckets": 33554432,
                    "Hash Batches": 1,
                    "Original Hash Batches": 1,
                    "Peak Memory Usage": 2103072,
                    "Plans": [
                      {
                        "Node Type": "Merge Join",
                        "Parent Relationship": "Outer",
                        "Parallel Aware": false,
                        "Join Type": "Inner",
                        "Startup Cost": 42.96,
                        "Total Cost": 2290114.22,
                        "Plan Rows": 18932927,
                        "Plan Width": 8,
                        "Actual Startup Time": 0.324,
                        "Actual Total Time": 17543.023,
                        "Actual Rows": 16828024,
                        "Actual Loops": 2,
                        "Inner Unique": true,
                        "Merge Cond": "(ci.movie_id = t.id)",
                        "Plans": [
                          {
                            "Node Type": "Index Only Scan",
                            "Parent Relationship": "Outer",
                            "Parallel Aware": true,
                            "Scan Direction": "Forward",
                            "Index Name": "movie_id_cast_info",
                            "Relation Name": "cast_info",
                            "Alias": "ci",
                            "Startup Cost": 0.56,
                            "Total Cost": 1925345.15,
                            "Plan Rows": 21310595,
                            "Plan Width": 4,
                            "Actual Startup Time": 0.119,
                            "Actual Total Time": 13856.782,
                            "Actual Rows": 18122172,
                            "Actual Loops": 2,
                            "Heap Fetches": 36244344
                          },
                          {
                            "Node Type": "Index Scan",
                            "Parent Relationship": "Inner",
                            "Parallel Aware": false,
                            "Scan Direction": "Forward",
                            "Index Name": "title_pkey",
                            "Relation Name": "title",
                            "Alias": "t",
                            "Startup Cost": 0.43,
                            "Total Cost": 116660.7,
                            "Plan Rows": 2246206,
                            "Plan Width": 4,
                            "Actual Startup Time": 0.097,
                            "Actual Total Time": 1630.211,
                            "Actual Rows": 2234120,
                            "Actual Loops": 2,
                            "Filter": "(production_year > 1957)",
                            "Rows Removed by Filter": 291844
                          }
                        ]
                      }
                    ]
                  }
                ]
              }
            ]
          }
        ]
      }
    ]
  },
  "Planning Time": 0.968,
  "Triggers": [],
  "Execution Time": 33130.629
}