[
  {
    "Plan": {
      "Node Type": "Aggregate",
      "Strategy": "Plain",
      "Partial Mode": "Finalize",
      "Parallel Aware": false,
      "Startup Cost": 166456.72,
      "Total Cost": 166456.73,
      "Plan Rows": 1,
      "Plan Width": 8,
      "Actual Startup Time": 121.726,
      "Actual Total Time": 136.686,
      "Actual Rows": 1,
      "Actual Loops": 1,
      "Plans": [
        {
          "Node Type": "Gather",
          "Parent Relationship": "Outer",
          "Parallel Aware": false,
          "Startup Cost": 166456.3,
          "Total Cost": 166456.71,
          "Plan Rows": 4,
          "Plan Width": 8,
          "Actual Startup Time": 121.282,
          "Actual Total Time": 136.678,
          "Actual Rows": 5,
          "Actual Loops": 1,
          "Workers Planned": 4,
          "Workers Launched": 4,
          "Single Copy": false,
          "Plans": [
            {
              "Node Type": "Aggregate",
              "Strategy": "Plain",
              "Partial Mode": "Partial",
              "Parent Relationship": "Outer",
              "Parallel Aware": false,
              "Startup Cost": 165456.3,
              "Total Cost": 165456.31,
              "Plan Rows": 1,
              "Plan Width": 8,
              "Actual Startup Time": 114.773,
              "Actual Total Time": 114.777,
              "Actual Rows": 1,
              "Actual Loops": 5,
              "Plans": [
                {
                  "Node Type": "Hash Join",
                  "Parent Relationship": "Outer",
                  "Parallel Aware": true,
                  "Join Type": "Inner",
                  "Startup Cost": 46716.91,
                  "Total Cost": 165455.66,
                  "Plan Rows": 256,
                  "Plan Width": 0,
                  "Actual Startup Time": 107.802,
                  "Actual Total Time": 114.758,
                  "Actual Rows": 141,
                  "Actual Loops": 5,
                  "Inner Unique": true,
                  "Hash Cond": "(mi.movie_id = t.id)",
                  "Plans": [
                    {
                      "Node Type": "Bitmap Heap Scan",
                      "Parent Relationship": "Outer",
                      "Parallel Aware": true,
                      "Relation Name": "movie_info",
                      "Alias": "mi",
                      "Startup Cost": 1104.17,
                      "Total Cost": 119802.98,
                      "Plan Rows": 15217,
                      "Plan Width": 4,
                      "Actual Startup Time": 5.028,
                      "Actual Total Time": 14.728,
                      "Actual Rows": 12226,
                      "Actual Loops": 5,
                      "Recheck Cond": "(info_type_id = 103)",
                      "Rows Removed by Index Recheck": 0,
                      "Exact Heap Blocks": 1682,
                      "Lossy Heap Blocks": 0,
                      "Plans": [
                        {
                          "Node Type": "Bitmap Index Scan",
                          "Parent Relationship": "Outer",
                          "Parallel Aware": false,
                          "Index Name": "info_type_id_movie_info",
                          "Startup Cost": 0.0,
                          "Total Cost": 1088.95,
                          "Plan Rows": 60869,
                          "Plan Width": 0,
                          "Actual Startup Time": 4.291,
                          "Actual Total Time": 4.292,
                          "Actual Rows": 61128,
                          "Actual Loops": 1,
                          "Index Cond": "(info_type_id = 103)"
                        }
                      ]
                    },
                    {
                      "Node Type": "Hash",
                      "Parent Relationship": "Inner",
                      "Parallel Aware": true,
                      "Startup Cost": 45479.59,
                      "Total Cost": 45479.59,
                      "Plan Rows": 10652,
                      "Plan Width": 4,
                      "Actual Startup Time": 95.738,
                      "Actual Total Time": 95.738,
                      "Actual Rows": 8770,
                      "Actual Loops": 5,
                      "Hash Buckets": 65536,
                      "Original Hash Buckets": 65536,
                      "Hash Batches": 1,
                      "Original Hash Batches": 1,
                      "Peak Memory Usage": 2336,
                      "Plans": [
                        {
                          "Node Type": "Seq Scan",
                          "Parent Relationship": "Outer",
                          "Parallel Aware": true,
                          "Relation Name": "title",
                          "Alias": "t",
                          "Startup Cost": 0.0,
                          "Total Cost": 45479.59,
                          "Plan Rows": 10652,
                          "Plan Width": 4,
                          "Actual Startup Time": 0.047,
                          "Actual Total Time": 91.153,
                          "Actual Rows": 8770,
                          "Actual Loops": 5,
                          "Filter": "((kind_id = 7) AND (production_year = 2003))",
                          "Rows Removed by Filter": 496892
                        }
                      ]
                    }
                  ]
                }
              ]
            }
          ]
        }
      ]
    },
    "Planning Time": 0.727,
    "Triggers": [],
    "Execution Time": 136.784
  }
]