[
  {
    "Plan": {
      "Node Type": "Aggregate",
      "Strategy": "Plain",
      "Partial Mode": "Finalize",
      "Parallel Aware": false,
      "Startup Cost": 335379.58,
      "Total Cost": 335379.59,
      "Plan Rows": 1,
      "Plan Width": 8,
      "Actual Startup Time": 677.151,
      "Actual Total Time": 731.636,
      "Actual Rows": 1,
      "Actual Loops": 1,
      "Plans": [
        {
          "Node Type": "Gather",
          "Parent Relationship": "Outer",
          "Parallel Aware": false,
          "Startup Cost": 335378.95,
          "Total Cost": 335379.56,
          "Plan Rows": 6,
          "Plan Width": 8,
          "Actual Startup Time": 677.033,
          "Actual Total Time": 731.626,
          "Actual Rows": 7,
          "Actual Loops": 1,
          "Workers Planned": 6,
          "Workers Launched": 6,
          "Single Copy": false,
          "Plans": [
            {
              "Node Type": "Aggregate",
              "Strategy": "Plain",
              "Partial Mode": "Partial",
              "Parent Relationship": "Outer",
              "Parallel Aware": false,
              "Startup Cost": 334378.95,
              "Total Cost": 334378.96,
              "Plan Rows": 1,
              "Plan Width": 8,
              "Actual Startup Time": 668.712,
              "Actual Total Time": 668.713,
              "Actual Rows": 1,
              "Actual Loops": 7,
              "Plans": [
                {
                  "Node Type": "Seq Scan",
                  "Parent Relationship": "Outer",
                  "Parallel Aware": true,
                  "Relation Name": "cast_info",
                  "Alias": "ci",
                  "Startup Cost": 0.0,
                  "Total Cost": 328162.03,
                  "Plan Rows": 2486770,
                  "Plan Width": 0,
                  "Actual Startup Time": 0.045,
                  "Actual Total Time": 576.639,
                  "Actual Rows": 2128324,
                  "Actual Loops": 7,
                  "Filter": "(person_id < 1470706)",
                  "Rows Removed by Filter": 3049439
                }
              ]
            }
          ]
        }
      ]
    },
    "Planning Time": 0.164,
    "Triggers": [],
    "Execution Time": 731.699
  }
]