[
  {
    "Plan": {
      "Node Type": "Aggregate",
      "Strategy": "Plain",
      "Partial Mode": "Finalize",
      "Parallel Aware": false,
      "Startup Cost": 212177.26,
      "Total Cost": 212177.27,
      "Plan Rows": 1,
      "Plan Width": 8,
      "Actual Startup Time": 455.142,
      "Actual Total Time": 492.201,
      "Actual Rows": 1,
      "Actual Loops": 1,
      "Plans": [
        {
          "Node Type": "Gather",
          "Parent Relationship": "Outer",
          "Parallel Aware": false,
          "Startup Cost": 212176.94,
          "Total Cost": 212177.25,
          "Plan Rows": 3,
          "Plan Width": 8,
          "Actual Startup Time": 450.724,
          "Actual Total Time": 492.192,
          "Actual Rows": 4,
          "Actual Loops": 1,
          "Workers Planned": 3,
          "Workers Launched": 3,
          "Single Copy": false,
          "Plans": [
            {
              "Node Type": "Aggregate",
              "Strategy": "Plain",
              "Partial Mode": "Partial",
              "Parent Relationship": "Outer",
              "Parallel Aware": false,
              "Startup Cost": 211176.94,
              "Total Cost": 211176.95,
              "Plan Rows": 1,
              "Plan Width": 8,
              "Actual Startup Time": 441.511,
              "Actual Total Time": 441.516,
              "Actual Rows": 1,
              "Actual Loops": 4,
              "Plans": [
                {
                  "Node Type": "Nested Loop",
                  "Parent Relationship": "Outer",
                  "Parallel Aware": false,
                  "Join Type": "Inner",
                  "Startup Cost": 45975.53,
                  "Total Cost": 210739.12,
                  "Plan Rows": 175129,
                  "Plan Width": 0,
                  "Actual Startup Time": 198.821,
                  "Actual Total Time": 436.048,
                  "Actual Rows": 97961,
                  "Actual Loops": 4,
                  "Inner Unique": false,
                  "Plans": [
                    {
                      "Node Type": "Hash Join",
                      "Parent Relationship": "Outer",
                      "Parallel Aware": true,
                      "Join Type": "Inner",
                      "Startup Cost": 45975.09,
                      "Total Cost": 77856.23,
                      "Plan Rows": 46681,
                      "Plan Width": 8,
                      "Actual Startup Time": 198.733,
                      "Actual Total Time": 261.847,
                      "Actual Rows": 17488,
                      "Actual Loops": 4,
                      "Inner Unique": true,
                      "Hash Cond": "(mc.movie_id = t.id)",
                      "Plans": [
                        {
                          "Node Type": "Seq Scan",
                          "Parent Relationship": "Outer",
                          "Parallel Aware": true,
                          "Relation Name": "movie_companies",
                          "Alias": "mc",
                          "Startup Cost": 0.0,
                          "Total Cost": 31414.82,
                          "Plan Rows": 177645,
                          "Plan Width": 4,
                          "Actual Startup Time": 31.88,
                          "Actual Total Time": 63.221,
                          "Actual Rows": 85194,
                          "Actual Loops": 4,
                          "Filter": "((company_id < 7045) AND (company_type_id > 1))",
                          "Rows Removed by Filter": 567089
                        },
                        {
                          "Node Type": "Hash",
                          "Parent Relationship": "Inner",
                          "Parallel Aware": true,
                          "Startup Cost": 43898.92,
                          "Total Cost": 43898.92,
                          "Plan Rows": 166094,
                          "Plan Width": 4,
                          "Actual Startup Time": 161.9,
                          "Actual Total Time": 161.901,
                          "Actual Rows": 165516,
                          "Actual Loops": 4,
                          "Hash Buckets": 1048576,
                          "Original Hash Buckets": 1048576,
                          "Hash Batches": 1,
                          "Original Hash Batches": 1,
                          "Peak Memory Usage": 34144,
                          "Plans": [
                            {
                              "Node Type": "Seq Scan",
                              "Parent Relationship": "Outer",
                              "Parallel Aware": true,
                              "Relation Name": "title",
                              "Alias": "t",
                              "Startup Cost": 0.0,
                              "Total Cost": 43898.92,
                              "Plan Rows": 166094,
                              "Plan Width": 4,
                              "Actual Startup Time": 0.037,
                              "Actual Total Time": 101.779,
                              "Actual Rows": 165516,
                              "Actual Loops": 4,
                              "Filter": "(production_year > 2008)",
                              "Rows Removed by Filter": 466562
                            }
                          ]
                        }
                      ]
                    },
                    {
                      "Node Type": "Index Scan",
                      "Parent Relationship": "Inner",
                      "Parallel Aware": false,
                      "Scan Direction": "Forward",
                      "Index Name": "movie_id_movie_info",
                      "Relation Name": "movie_info",
                      "Alias": "mi",
                      "Startup Cost": 0.43,
                      "Total Cost": 2.58,
                      "Plan Rows": 27,
                      "Plan Width": 4,
                      "Actual Startup Time": 0.004,
                      "Actual Total Time": 0.009,
                      "Actual Rows": 6,
                      "Actual Loops": 69953,
                      "Index Cond": "(movie_id = t.id)",
                      "Rows Removed by Index Recheck": 0,
                      "Filter": "(info_type_id < 16)",
                      "Rows Removed by Filter": 5
                    }
                  ]
                }
              ]
            }
          ]
        }
      ]
    },
    "Planning Time": 1.463,
    "Triggers": [],
    "Execution Time": 492.295
  }
]