[
  {
    "Plan": {
      "Node Type": "Aggregate",
      "Strategy": "Plain",
      "Partial Mode": "Finalize",
      "Parallel Aware": false,
      "Startup Cost": 47023.33,
      "Total Cost": 47023.34,
      "Plan Rows": 1,
      "Plan Width": 8,
      "Actual Startup Time": 174.155,
      "Actual Total Time": 183.507,
      "Actual Rows": 1,
      "Actual Loops": 1,
      "Plans": [
        {
          "Node Type": "Gather",
          "Parent Relationship": "Outer",
          "Parallel Aware": false,
          "Startup Cost": 47023.01,
          "Total Cost": 47023.32,
          "Plan Rows": 3,
          "Plan Width": 8,
          "Actual Startup Time": 174.053,
          "Actual Total Time": 183.499,
          "Actual Rows": 4,
          "Actual Loops": 1,
          "Workers Planned": 3,
          "Workers Launched": 3,
          "Single Copy": false,
          "Plans": [
            {
              "Node Type": "Aggregate",
              "Strategy": "Plain",
              "Partial Mode": "Partial",
              "Parent Relationship": "Outer",
              "Parallel Aware": false,
              "Startup Cost": 46023.01,
              "Total Cost": 46023.02,
              "Plan Rows": 1,
              "Plan Width": 8,
              "Actual Startup Time": 165.427,
              "Actual Total Time": 165.429,
              "Actual Rows": 1,
              "Actual Loops": 4,
              "Plans": [
                {
                  "Node Type": "Seq Scan",
                  "Parent Relationship": "Outer",
                  "Parallel Aware": true,
                  "Relation Name": "movie_keyword",
                  "Alias": "mk",
                  "Startup Cost": 0.0,
                  "Total Cost": 42695.65,
                  "Plan Rows": 1330944,
                  "Plan Width": 0,
                  "Actual Startup Time": 0.057,
                  "Actual Total Time": 120.071,
                  "Actual Rows": 1031440,
                  "Actual Loops": 4,
                  "Filter": "(keyword_id < 43506)",
                  "Rows Removed by Filter": 99543
                }
              ]
            }
          ]
        }
      ]
    },
    "Planning Time": 0.112,
    "Triggers": [],
    "Execution Time": 183.546
  }
]