[
  {
    "Plan": {
      "Node Type": "Aggregate",
      "Strategy": "Plain",
      "Partial Mode": "Finalize",
      "Parallel Aware": false,
      "Startup Cost": 326906.3,
      "Total Cost": 326906.31,
      "Plan Rows": 1,
      "Plan Width": 8,
      "Actual Startup Time": 512.19,
      "Actual Total Time": 546.733,
      "Actual Rows": 1,
      "Actual Loops": 1,
      "Plans": [
        {
          "Node Type": "Gather",
          "Parent Relationship": "Outer",
          "Parallel Aware": false,
          "Startup Cost": 326905.67,
          "Total Cost": 326906.28,
          "Plan Rows": 6,
          "Plan Width": 8,
          "Actual Startup Time": 512.051,
          "Actual Total Time": 546.72,
          "Actual Rows": 7,
          "Actual Loops": 1,
          "Workers Planned": 6,
          "Workers Launched": 6,
          "Single Copy": false,
          "Plans": [
            {
              "Node Type": "Aggregate",
              "Strategy": "Plain",
              "Partial Mode": "Partial",
              "Parent Relationship": "Outer",
              "Parallel Aware": false,
              "Startup Cost": 325905.67,
              "Total Cost": 325905.68,
              "Plan Rows": 1,
              "Plan Width": 8,
              "Actual Startup Time": 505.268,
              "Actual Total Time": 505.269,
              "Actual Rows": 1,
              "Actual Loops": 7,
              "Plans": [
                {
                  "Node Type": "Index Scan",
                  "Parent Relationship": "Outer",
                  "Parallel Aware": true,
                  "Scan Direction": "Forward",
                  "Index Name": "role_id_cast_info",
                  "Relation Name": "cast_info",
                  "Alias": "ci",
                  "Startup Cost": 0.56,
                  "Total Cost": 325153.08,
                  "Plan Rows": 301036,
                  "Plan Width": 0,
                  "Actual Startup Time": 47.737,
                  "Actual Total Time": 456.329,
                  "Actual Rows": 765579,
                  "Actual Loops": 7,
                  "Index Cond": "(role_id > 3)",
                  "Rows Removed by Index Recheck": 0,
                  "Filter": "(person_id > 3123485)",
                  "Rows Removed by Filter": 964942
                }
              ]
            }
          ]
        }
      ]
    },
    "Planning Time": 0.155,
    "Triggers": [],
    "Execution Time": 546.797
  }
]