[
  {
    "Plan": {
      "Node Type": "Aggregate",
      "Strategy": "Plain",
      "Partial Mode": "Simple",
      "Parallel Aware": false,
      "Startup Cost": 39995.14,
      "Total Cost": 39995.15,
      "Plan Rows": 1,
      "Plan Width": 8,
      "Actual Startup Time": 42.516,
      "Actual Total Time": 42.517,
      "Actual Rows": 1,
      "Actual Loops": 1,
      "Plans": [
        {
          "Node Type": "Bitmap Heap Scan",
          "Parent Relationship": "Outer",
          "Parallel Aware": false,
          "Relation Name": "title",
          "Alias": "t",
          "Startup Cost": 2168.03,
          "Total Cost": 39987.77,
          "Plan Rows": 2947,
          "Plan Width": 0,
          "Actual Startup Time": 7.344,
          "Actual Total Time": 42.32,
          "Actual Rows": 4094,
          "Actual Loops": 1,
          "Recheck Cond": "(kind_id = 4)",
          "Rows Removed by Index Recheck": 0,
          "Filter": "(production_year = 2001)",
          "Rows Removed by Filter": 114140,
          "Exact Heap Blocks": 12711,
          "Lossy Heap Blocks": 0,
          "Plans": [
            {
              "Node Type": "Bitmap Index Scan",
              "Parent Relationship": "Outer",
              "Parallel Aware": false,
              "Index Name": "kind_id_title",
              "Startup Cost": 0.0,
              "Total Cost": 2167.3,
              "Plan Rows": 121449,
              "Plan Width": 0,
              "Actual Startup Time": 5.831,
              "Actual Total Time": 5.832,
              "Actual Rows": 118234,
              "Actual Loops": 1,
              "Index Cond": "(kind_id = 4)"
            }
          ]
        }
      ]
    },
    "Planning Time": 0.185,
    "Triggers": [],
    "Execution Time": 42.579
  }
]