[
  {
    "Plan": {
      "Node Type": "Aggregate",
      "Strategy": "Plain",
      "Partial Mode": "Simple",
      "Parallel Aware": false,
      "Startup Cost": 6197.95,
      "Total Cost": 6197.96,
      "Plan Rows": 1,
      "Plan Width": 8,
      "Actual Startup Time": 8.41,
      "Actual Total Time": 8.412,
      "Actual Rows": 1,
      "Actual Loops": 1,
      "Plans": [
        {
          "Node Type": "Index Only Scan",
          "Parent Relationship": "Outer",
          "Parallel Aware": false,
          "Scan Direction": "Forward",
          "Index Name": "company_id_movie_companies",
          "Relation Name": "movie_companies",
          "Alias": "mc",
          "Startup Cost": 0.43,
          "Total Cost": 6191.65,
          "Plan Rows": 2522,
          "Plan Width": 0,
          "Actual Startup Time": 0.696,
          "Actual Total Time": 7.837,
          "Actual Rows": 3073,
          "Actual Loops": 1,
          "Index Cond": "(company_id = 1310)",
          "Rows Removed by Index Recheck": 0,
          "Heap Fetches": 3073
        }
      ]
    },
    "Planning Time": 0.183,
    "Triggers": [],
    "Execution Time": 8.465
  }
]