[
  {
    "Plan": {
      "Node Type": "Aggregate",
      "Strategy": "Plain",
      "Partial Mode": "Finalize",
      "Parallel Aware": false,
      "Startup Cost": 92776.05,
      "Total Cost": 92776.06,
      "Plan Rows": 1,
      "Plan Width": 8,
      "Actual Startup Time": 222.817,
      "Actual Total Time": 238.702,
      "Actual Rows": 1,
      "Actual Loops": 1,
      "Plans": [
        {
          "Node Type": "Gather",
          "Parent Relationship": "Outer",
          "Parallel Aware": false,
          "Startup Cost": 92775.73,
          "Total Cost": 92776.04,
          "Plan Rows": 3,
          "Plan Width": 8,
          "Actual Startup Time": 220.506,
          "Actual Total Time": 238.692,
          "Actual Rows": 4,
          "Actual Loops": 1,
          "Workers Planned": 3,
          "Workers Launched": 3,
          "Single Copy": false,
          "Plans": [
            {
              "Node Type": "Aggregate",
              "Strategy": "Plain",
              "Partial Mode": "Partial",
              "Parent Relationship": "Outer",
              "Parallel Aware": false,
              "Startup Cost": 91775.73,
              "Total Cost": 91775.74,
              "Plan Rows": 1,
              "Plan Width": 8,
              "Actual Startup Time": 210.996,
              "Actual Total Time": 211.001,
              "Actual Rows": 1,
              "Actual Loops": 4,
              "Plans": [
                {
                  "Node Type": "Nested Loop",
                  "Parent Relationship": "Outer",
                  "Parallel Aware": false,
                  "Join Type": "Inner",
                  "Startup Cost": 46499.86,
                  "Total Cost": 91746.63,
                  "Plan Rows": 11641,
                  "Plan Width": 0,
                  "Actual Startup Time": 148.045,
                  "Actual Total Time": 210.972,
                  "Actual Rows": 279,
                  "Actual Loops": 4,
                  "Inner Unique": false,
                  "Join Filter": "(t.id = mi_idx.movie_id)",
                  "Rows Removed by Join Filter": 0,
                  "Plans": [
                    {
                      "Node Type": "Hash Join",
                      "Parent Relationship": "Outer",
                      "Parallel Aware": true,
                      "Join Type": "Inner",
                      "Startup Cost": 46499.44,
                      "Total Cost": 78348.02,
                      "Plan Rows": 21329,
                      "Plan Width": 8,
                      "Actual Startup Time": 146.86,
                      "Actual Total Time": 208.938,
                      "Actual Rows": 208,
                      "Actual Loops": 4,
                      "Inner Unique": true,
                      "Hash Cond": "(mc.movie_id = t.id)",
                      "Plans": [
                        {
                          "Node Type": "Seq Scan",
                          "Parent Relationship": "Outer",
                          "Parallel Aware": true,
                          "Relation Name": "movie_companies",
                          "Alias": "mc",
                          "Startup Cost": 0.0,
                          "Total Cost": 31414.82,
                          "Plan Rows": 165243,
                          "Plan Width": 4,
                          "Actual Startup Time": 9.597,
                          "Actual Total Time": 59.309,
                          "Actual Rows": 52034,
                          "Actual Loops": 4,
                          "Filter": "((company_id > 15193) AND (company_type_id = 1))",
                          "Rows Removed by Filter": 600248
                        },
                        {
                          "Node Type": "Hash",
                          "Parent Relationship": "Inner",
                          "Parallel Aware": true,
                          "Startup Cost": 45479.59,
                          "Total Cost": 45479.59,
                          "Plan Rows": 81588,
                          "Plan Width": 4,
                          "Actual Startup Time": 132.859,
                          "Actual Total Time": 132.861,
                          "Actual Rows": 87729,
                          "Actual Loops": 4,
                          "Hash Buckets": 524288,
                          "Original Hash Buckets": 524288,
                          "Hash Batches": 1,
                          "Original Hash Batches": 1,
                          "Peak Memory Usage": 17888,
                          "Plans": [
                            {
                              "Node Type": "Seq Scan",
                              "Parent Relationship": "Outer",
                              "Parallel Aware": true,
                              "Relation Name": "title",
                              "Alias": "t",
                              "Startup Cost": 0.0,
                              "Total Cost": 45479.59,
                              "Plan Rows": 81588,
                              "Plan Width": 4,
                              "Actual Startup Time": 0.051,
                              "Actual Total Time": 99.672,
                              "Actual Rows": 87729,
                              "Actual Loops": 4,
                              "Filter": "((kind_id > 4) AND (production_year > 2009))",
                              "Rows Removed by Filter": 544349
                            }
                          ]
                        }
                      ]
                    },
                    {
                      "Node Type": "Index Only Scan",
                      "Parent Relationship": "Inner",
                      "Parallel Aware": false,
                      "Scan Direction": "Forward",
                      "Index Name": "movie_id_movie_info_idx",
                      "Relation Name": "movie_info_idx",
                      "Alias": "mi_idx",
                      "Startup Cost": 0.43,
                      "Total Cost": 0.59,
                      "Plan Rows": 3,
                      "Plan Width": 4,
                      "Actual Startup Time": 0.009,
                      "Actual Total Time": 0.009,
                      "Actual Rows": 1,
                      "Actual Loops": 832,
                      "Index Cond": "(movie_id = mc.movie_id)",
                      "Rows Removed by Index Recheck": 0,
                      "Heap Fetches": 1116
                    }
                  ]
                }
              ]
            }
          ]
        }
      ]
    },
    "Planning Time": 1.51,
    "Triggers": [],
    "Execution Time": 238.784
  }
]