[
  {
    "Plan": {
      "Node Type": "Aggregate",
      "Strategy": "Plain",
      "Partial Mode": "Finalize",
      "Parallel Aware": false,
      "Startup Cost": 92758.9,
      "Total Cost": 92758.91,
      "Plan Rows": 1,
      "Plan Width": 8,
      "Actual Startup Time": 233.242,
      "Actual Total Time": 250.177,
      "Actual Rows": 1,
      "Actual Loops": 1,
      "Plans": [
        {
          "Node Type": "Gather",
          "Parent Relationship": "Outer",
          "Parallel Aware": false,
          "Startup Cost": 92758.58,
          "Total Cost": 92758.89,
          "Plan Rows": 3,
          "Plan Width": 8,
          "Actual Startup Time": 231.113,
          "Actual Total Time": 250.168,
          "Actual Rows": 4,
          "Actual Loops": 1,
          "Workers Planned": 3,
          "Workers Launched": 3,
          "Single Copy": false,
          "Plans": [
            {
              "Node Type": "Aggregate",
              "Strategy": "Plain",
              "Partial Mode": "Partial",
              "Parent Relationship": "Outer",
              "Parallel Aware": false,
              "Startup Cost": 91758.58,
              "Total Cost": 91758.59,
              "Plan Rows": 1,
              "Plan Width": 8,
              "Actual Startup Time": 221.8,
              "Actual Total Time": 221.804,
              "Actual Rows": 1,
              "Actual Loops": 4,
              "Plans": [
                {
                  "Node Type": "Nested Loop",
                  "Parent Relationship": "Outer",
                  "Parallel Aware": false,
                  "Join Type": "Inner",
                  "Startup Cost": 46505.7,
                  "Total Cost": 91729.57,
                  "Plan Rows": 11606,
                  "Plan Width": 0,
                  "Actual Startup Time": 154.342,
                  "Actual Total Time": 221.772,
                  "Actual Rows": 279,
                  "Actual Loops": 4,
                  "Inner Unique": false,
                  "Join Filter": "(t.id = mi_idx.movie_id)",
                  "Rows Removed by Join Filter": 0,
                  "Plans": [
                    {
                      "Node Type": "Hash Join",
                      "Parent Relationship": "Outer",
                      "Parallel Aware": true,
                      "Join Type": "Inner",
                      "Startup Cost": 46505.27,
                      "Total Cost": 78349.85,
                      "Plan Rows": 21264,
                      "Plan Width": 8,
                      "Actual Startup Time": 153.888,
                      "Actual Total Time": 219.516,
                      "Actual Rows": 208,
                      "Actual Loops": 4,
                      "Inner Unique": true,
                      "Hash Cond": "(mc.movie_id = t.id)",
                      "Plans": [
                        {
                          "Node Type": "Seq Scan",
                          "Parent Relationship": "Outer",
                          "Parallel Aware": true,
                          "Relation Name": "movie_companies",
                          "Alias": "mc",
                          "Startup Cost": 0.0,
                          "Total Cost": 31414.82,
                          "Plan Rows": 163717,
                          "Plan Width": 4,
                          "Actual Startup Time": 10.222,
                          "Actual Total Time": 62.986,
                          "Actual Rows": 52034,
                          "Actual Loops": 4,
                          "Filter": "((company_id > 15193) AND (company_type_id = 1))",
                          "Rows Removed by Filter": 600248
                        },
                        {
                          "Node Type": "Hash",
                          "Parent Relationship": "Inner",
                          "Parallel Aware": true,
                          "Startup Cost": 45479.1,
                          "Total Cost": 45479.1,
                          "Plan Rows": 82094,
                          "Plan Width": 4,
                          "Actual Startup Time": 138.957,
                          "Actual Total Time": 138.958,
                          "Actual Rows": 87729,
                          "Actual Loops": 4,
                          "Hash Buckets": 524288,
                          "Original Hash Buckets": 524288,
                          "Hash Batches": 1,
                          "Original Hash Batches": 1,
                          "Peak Memory Usage": 17888,
                          "Plans": [
                            {
                              "Node Type": "Seq Scan",
                              "Parent Relationship": "Outer",
                              "Parallel Aware": true,
                              "Relation Name": "title",
                              "Alias": "t",
                              "Startup Cost": 0.0,
                              "Total Cost": 45479.1,
                              "Plan Rows": 82094,
                              "Plan Width": 4,
                              "Actual Startup Time": 0.041,
                              "Actual Total Time": 102.151,
                              "Actual Rows": 87729,
                              "Actual Loops": 4,
                              "Filter": "((kind_id > 4) AND (production_year > 2009))",
                              "Rows Removed by Filter": 544349
                            }
                          ]
                        }
                      ]
                    },
                    {
                      "Node Type": "Index Only Scan",
                      "Parent Relationship": "Inner",
                      "Parallel Aware": false,
                      "Scan Direction": "Forward",
                      "Index Name": "movie_id_movie_info_idx",
                      "Relation Name": "movie_info_idx",
                      "Alias": "mi_idx",
                      "Startup Cost": 0.43,
                      "Total Cost": 0.59,
                      "Plan Rows": 3,
                      "Plan Width": 4,
                      "Actual Startup Time": 0.01,
                      "Actual Total Time": 0.01,
                      "Actual Rows": 1,
                      "Actual Loops": 832,
                      "Index Cond": "(movie_id = mc.movie_id)",
                      "Rows Removed by Index Recheck": 0,
                      "Heap Fetches": 1116
                    }
                  ]
                }
              ]
            }
          ]
        }
      ]
    },
    "Planning Time": 1.411,
    "Triggers": [],
    "Execution Time": 250.26
  }
]