[
  {
    "Plan": {
      "Node Type": "Aggregate",
      "Strategy": "Plain",
      "Partial Mode": "Finalize",
      "Parallel Aware": false,
      "Startup Cost": 30710.51,
      "Total Cost": 30710.52,
      "Plan Rows": 1,
      "Plan Width": 8,
      "Actual Startup Time": 87.247,
      "Actual Total Time": 95.161,
      "Actual Rows": 1,
      "Actual Loops": 1,
      "Plans": [
        {
          "Node Type": "Gather",
          "Parent Relationship": "Outer",
          "Parallel Aware": false,
          "Startup Cost": 30710.2,
          "Total Cost": 30710.51,
          "Plan Rows": 3,
          "Plan Width": 8,
          "Actual Startup Time": 87.118,
          "Actual Total Time": 95.152,
          "Actual Rows": 4,
          "Actual Loops": 1,
          "Workers Planned": 3,
          "Workers Launched": 3,
          "Single Copy": false,
          "Plans": [
            {
              "Node Type": "Aggregate",
              "Strategy": "Plain",
              "Partial Mode": "Partial",
              "Parent Relationship": "Outer",
              "Parallel Aware": false,
              "Startup Cost": 29710.2,
              "Total Cost": 29710.21,
              "Plan Rows": 1,
              "Plan Width": 8,
              "Actual Startup Time": 81.079,
              "Actual Total Time": 81.08,
              "Actual Rows": 1,
              "Actual Loops": 4,
              "Plans": [
                {
                  "Node Type": "Seq Scan",
                  "Parent Relationship": "Outer",
                  "Parallel Aware": true,
                  "Relation Name": "movie_companies",
                  "Alias": "mc",
                  "Startup Cost": 0.0,
                  "Total Cost": 29310.68,
                  "Plan Rows": 159806,
                  "Plan Width": 0,
                  "Actual Startup Time": 0.037,
                  "Actual Total Time": 72.302,
                  "Actual Rows": 123224,
                  "Actual Loops": 4,
                  "Filter": "(company_id < 436)",
                  "Rows Removed by Filter": 529059
                }
              ]
            }
          ]
        }
      ]
    },
    "Planning Time": 0.158,
    "Triggers": [],
    "Execution Time": 95.208
  }
]