[
  {
    "Plan": {
      "Node Type": "Aggregate",
      "Strategy": "Plain",
      "Partial Mode": "Finalize",
      "Parallel Aware": false,
      "Startup Cost": 379979.36,
      "Total Cost": 379979.37,
      "Plan Rows": 1,
      "Plan Width": 8,
      "Actual Startup Time": 890.361,
      "Actual Total Time": 962.327,
      "Actual Rows": 1,
      "Actual Loops": 1,
      "Plans": [
        {
          "Node Type": "Gather",
          "Parent Relationship": "Outer",
          "Parallel Aware": false,
          "Startup Cost": 379978.74,
          "Total Cost": 379979.35,
          "Plan Rows": 6,
          "Plan Width": 8,
          "Actual Startup Time": 888.879,
          "Actual Total Time": 962.317,
          "Actual Rows": 7,
          "Actual Loops": 1,
          "Workers Planned": 6,
          "Workers Launched": 6,
          "Single Copy": false,
          "Plans": [
            {
              "Node Type": "Aggregate",
              "Strategy": "Plain",
              "Partial Mode": "Partial",
              "Parent Relationship": "Outer",
              "Parallel Aware": false,
              "Startup Cost": 378978.74,
              "Total Cost": 378978.75,
              "Plan Rows": 1,
              "Plan Width": 8,
              "Actual Startup Time": 878.998,
              "Actual Total Time": 879.0,
              "Actual Rows": 1,
              "Actual Loops": 7,
              "Plans": [
                {
                  "Node Type": "Hash Join",
                  "Parent Relationship": "Outer",
                  "Parallel Aware": true,
                  "Join Type": "Inner",
                  "Startup Cost": 46449.57,
                  "Total Cost": 378521.37,
                  "Plan Rows": 182947,
                  "Plan Width": 0,
                  "Actual Startup Time": 384.921,
                  "Actual Total Time": 870.85,
                  "Actual Rows": 177588,
                  "Actual Loops": 7,
                  "Inner Unique": true,
                  "Hash Cond": "(ci.movie_id = t.id)",
                  "Plans": [
                    {
                      "Node Type": "Seq Scan",
                      "Parent Relationship": "Outer",
                      "Parallel Aware": true,
                      "Relation Name": "cast_info",
                      "Alias": "ci",
                      "Startup Cost": 0.0,
                      "Total Cost": 328162.03,
                      "Plan Rows": 1489432,
                      "Plan Width": 4,
                      "Actual Startup Time": 282.984,
                      "Actual Total Time": 524.395,
                      "Actual Rows": 1266510,
                      "Actual Loops": 7,
                      "Filter": "(person_id > 2806512)",
                      "Rows Removed by Filter": 3911253
                    },
                    {
                      "Node Type": "Hash",
                      "Parent Relationship": "Inner",
                      "Parallel Aware": true,
                      "Startup Cost": 45479.1,
                      "Total Cost": 45479.1,
                      "Plan Rows": 77638,
                      "Plan Width": 4,
                      "Actual Startup Time": 99.404,
                      "Actual Total Time": 99.405,
                      "Actual Rows": 57249,
                      "Actual Loops": 7,
                      "Hash Buckets": 524288,
                      "Original Hash Buckets": 524288,
                      "Hash Batches": 1,
                      "Original Hash Batches": 1,
                      "Peak Memory Usage": 19872,
                      "Plans": [
                        {
                          "Node Type": "Seq Scan",
                          "Parent Relationship": "Outer",
                          "Parallel Aware": true,
                          "Relation Name": "title",
                          "Alias": "t",
                          "Startup Cost": 0.0,
                          "Total Cost": 45479.1,
                          "Plan Rows": 77638,
                          "Plan Width": 4,
                          "Actual Startup Time": 49.125,
                          "Actual Total Time": 77.345,
                          "Actual Rows": 57249,
                          "Actual Loops": 7,
                          "Filter": "((production_year < 2003) AND (kind_id = 1))",
                          "Rows Removed by Filter": 303939
                        }
                      ]
                    }
                  ]
                }
              ]
            }
          ]
        }
      ]
    },
    "Planning Time": 0.702,
    "Triggers": [],
    "Execution Time": 962.412
  }
]