[
  {
    "Plan": {
      "Node Type": "Aggregate",
      "Strategy": "Plain",
      "Partial Mode": "Finalize",
      "Parallel Aware": false,
      "Startup Cost": 335693.7,
      "Total Cost": 335693.71,
      "Plan Rows": 1,
      "Plan Width": 8,
      "Actual Startup Time": 783.655,
      "Actual Total Time": 844.998,
      "Actual Rows": 1,
      "Actual Loops": 1,
      "Plans": [
        {
          "Node Type": "Gather",
          "Parent Relationship": "Outer",
          "Parallel Aware": false,
          "Startup Cost": 335693.07,
          "Total Cost": 335693.68,
          "Plan Rows": 6,
          "Plan Width": 8,
          "Actual Startup Time": 783.551,
          "Actual Total Time": 844.987,
          "Actual Rows": 7,
          "Actual Loops": 1,
          "Workers Planned": 6,
          "Workers Launched": 6,
          "Single Copy": false,
          "Plans": [
            {
              "Node Type": "Aggregate",
              "Strategy": "Plain",
              "Partial Mode": "Partial",
              "Parent Relationship": "Outer",
              "Parallel Aware": false,
              "Startup Cost": 334693.07,
              "Total Cost": 334693.08,
              "Plan Rows": 1,
              "Plan Width": 8,
              "Actual Startup Time": 772.887,
              "Actual Total Time": 772.888,
              "Actual Rows": 1,
              "Actual Loops": 7,
              "Plans": [
                {
                  "Node Type": "Seq Scan",
                  "Parent Relationship": "Outer",
                  "Parallel Aware": true,
                  "Relation Name": "cast_info",
                  "Alias": "ci",
                  "Startup Cost": 0.0,
                  "Total Cost": 328162.03,
                  "Plan Rows": 2612419,
                  "Plan Width": 0,
                  "Actual Startup Time": 0.053,
                  "Actual Total Time": 656.464,
                  "Actual Rows": 2233470,
                  "Actual Loops": 7,
                  "Filter": "(person_id < 1543116)",
                  "Rows Removed by Filter": 2944293
                }
              ]
            }
          ]
        }
      ]
    },
    "Planning Time": 0.176,
    "Triggers": [],
    "Execution Time": 845.071
  }
]