[
  {
    "Plan": {
      "Node Type": "Aggregate",
      "Strategy": "Plain",
      "Partial Mode": "Finalize",
      "Parallel Aware": false,
      "Startup Cost": 31472.55,
      "Total Cost": 31472.56,
      "Plan Rows": 1,
      "Plan Width": 8,
      "Actual Startup Time": 104.575,
      "Actual Total Time": 113.02,
      "Actual Rows": 1,
      "Actual Loops": 1,
      "Plans": [
        {
          "Node Type": "Gather",
          "Parent Relationship": "Outer",
          "Parallel Aware": false,
          "Startup Cost": 31472.23,
          "Total Cost": 31472.54,
          "Plan Rows": 3,
          "Plan Width": 8,
          "Actual Startup Time": 104.426,
          "Actual Total Time": 113.012,
          "Actual Rows": 4,
          "Actual Loops": 1,
          "Workers Planned": 3,
          "Workers Launched": 3,
          "Single Copy": false,
          "Plans": [
            {
              "Node Type": "Aggregate",
              "Strategy": "Plain",
              "Partial Mode": "Partial",
              "Parent Relationship": "Outer",
              "Parallel Aware": false,
              "Startup Cost": 30472.23,
              "Total Cost": 30472.24,
              "Plan Rows": 1,
              "Plan Width": 8,
              "Actual Startup Time": 97.429,
              "Actual Total Time": 97.43,
              "Actual Rows": 1,
              "Actual Loops": 4,
              "Plans": [
                {
                  "Node Type": "Seq Scan",
                  "Parent Relationship": "Outer",
                  "Parallel Aware": true,
                  "Relation Name": "movie_companies",
                  "Alias": "mc",
                  "Startup Cost": 0.0,
                  "Total Cost": 29310.68,
                  "Plan Rows": 464619,
                  "Plan Width": 0,
                  "Actual Startup Time": 0.042,
                  "Actual Total Time": 78.395,
                  "Actual Rows": 359535,
                  "Actual Loops": 4,
                  "Filter": "(company_id < 12789)",
                  "Rows Removed by Filter": 292748
                }
              ]
            }
          ]
        }
      ]
    },
    "Planning Time": 0.194,
    "Triggers": [],
    "Execution Time": 113.076
  }
]