{
  "Plan": {
    "Node Type": "Aggregate",
    "Strategy": "Plain",
    "Partial Mode": "Finalize",
    "Parallel Aware": false,
    "Startup Cost": 360904.9,
    "Total Cost": 360904.91,
    "Plan Rows": 1,
    "Plan Width": 8,
    "Actual Startup Time": 2463.669,
    "Actual Total Time": 2514.369,
    "Actual Rows": 1,
    "Actual Loops": 1,
    "Plans": [
      {
        "Node Type": "Gather",
        "Parent Relationship": "Outer",
        "Parallel Aware": false,
        "Startup Cost": 360904.78,
        "Total Cost": 360904.89,
        "Plan Rows": 1,
        "Plan Width": 8,
        "Actual Startup Time": 2460.908,
        "Actual Total Time": 2514.361,
        "Actual Rows": 2,
        "Actual Loops": 1,
        "Workers Planned": 1,
        "Workers Launched": 1,
        "Single Copy": false,
        "Plans": [
          {
            "Node Type": "Aggregate",
            "Strategy": "Plain",
            "Partial Mode": "Partial",
            "Parent Relationship": "Outer",
            "Parallel Aware": false,
            "Startup Cost": 359904.78,
            "Total Cost": 359904.79,
            "Plan Rows": 1,
            "Plan Width": 8,
            "Actual Startup Time": 2453.229,
            "Actual Total Time": 2453.233,
            "Actual Rows": 1,
            "Actual Loops": 2,
            "Plans": [
              {
                "Node Type": "Hash Join",
                "Parent Relationship": "Outer",
                "Parallel Aware": true,
                "Join Type": "Inner",
                "Startup Cost": 63785.03,
                "Total Cost": 351762.82,
                "Plan Rows": 3256784,
                "Plan Width": 0,
                "Actual Startup Time": 350.986,
                "Actual Total Time": 2320.18,
                "Actual Rows": 3426444,
                "Actual Loops": 2,
                "Inner Unique": true,
                "Hash Cond": "(mi.movie_id = t.id)",
                "Plans": [
                  {
                    "Node Type": "Seq Scan",
                    "Parent Relationship": "Outer",
                    "Parallel Aware": true,
                    "Relation Name": "movie_info",
                    "Alias": "mi",
                    "Startup Cost": 0.0,
                    "Total Cost": 270696.42,
                    "Plan Rows": 6583369,
                    "Plan Width": 4,
                    "Actual Startup Time": 0.011,
                    "Actual Total Time": 738.164,
                    "Actual Rows": 5605372,
                    "Actual Loops": 2,
                    "Filter": "(info_type_id > 3)",
                    "Rows Removed by Filter": 1812488
                  },
                  {
                    "Node Type": "Hash",
                    "Parent Relationship": "Inner",
                    "Parallel Aware": true,
                    "Startup Cost": 54588.39,
                    "Total Cost": 54588.39,
                    "Plan Rows": 735731,
                    "Plan Width": 4,
                    "Actual Startup Time": 336.345,
                    "Actual Total Time": 336.346,
                    "Actual Rows": 631850,
                    "Actual Loops": 2,
                    "Hash Buckets": 2097152,
                    "Original Hash Buckets": 2097152,
                    "Hash Batches": 1,
                    "Original Hash Batches": 1,
                    "Peak Memory Usage": 65856,
                    "Plans": [
                      {
                        "Node Type": "Seq Scan",
                        "Parent Relationship": "Outer",
                        "Parallel Aware": true,
                        "Relation Name": "title",
                        "Alias": "t",
                        "Startup Cost": 0.0,
                        "Total Cost": 54588.39,
                        "Plan Rows": 735731,
                        "Plan Width": 4,
                        "Actual Startup Time": 0.029,
                        "Actual Total Time": 165.801,
                        "Actual Rows": 631850,
                        "Actual Loops": 2,
                        "Filter": "(production_year < 2004)",
                        "Rows Removed by Filter": 632306
                      }
                    ]
                  }
                ]
              }
            ]
          }
        ]
      }
    ]
  },
  "Planning Time": 0.58,
  "Triggers": [],
  "Execution Time": 2514.448
}