{
  "Plan": {
    "Node Type": "Aggregate",
    "Strategy": "Plain",
    "Partial Mode": "Finalize",
    "Parallel Aware": false,
    "Startup Cost": 66467.73,
    "Total Cost": 66467.74,
    "Plan Rows": 1,
    "Plan Width": 8,
    "Actual Startup Time": 80.738,
    "Actual Total Time": 89.099,
    "Actual Rows": 1,
    "Actual Loops": 1,
    "Plans": [
      {
        "Node Type": "Gather",
        "Parent Relationship": "Outer",
        "Parallel Aware": false,
        "Startup Cost": 66467.62,
        "Total Cost": 66467.73,
        "Plan Rows": 1,
        "Plan Width": 8,
        "Actual Startup Time": 80.505,
        "Actual Total Time": 89.093,
        "Actual Rows": 2,
        "Actual Loops": 1,
        "Workers Planned": 1,
        "Workers Launched": 1,
        "Single Copy": false,
        "Plans": [
          {
            "Node Type": "Aggregate",
            "Strategy": "Plain",
            "Partial Mode": "Partial",
            "Parent Relationship": "Outer",
            "Parallel Aware": false,
            "Startup Cost": 65467.62,
            "Total Cost": 65467.63,
            "Plan Rows": 1,
            "Plan Width": 8,
            "Actual Startup Time": 74.522,
            "Actual Total Time": 74.524,
            "Actual Rows": 1,
            "Actual Loops": 2,
            "Plans": [
              {
                "Node Type": "Nested Loop",
                "Parent Relationship": "Outer",
                "Parallel Aware": false,
                "Join Type": "Inner",
                "Startup Cost": 1618.27,
                "Total Cost": 65453.98,
                "Plan Rows": 5456,
                "Plan Width": 0,
                "Actual Startup Time": 22.954,
                "Actual Total Time": 74.294,
                "Actual Rows": 3382,
                "Actual Loops": 2,
                "Inner Unique": false,
                "Plans": [
                  {
                    "Node Type": "Bitmap Heap Scan",
                    "Parent Relationship": "Outer",
                    "Parallel Aware": true,
                    "Relation Name": "title",
                    "Alias": "t",
                    "Startup Cost": 1617.83,
                    "Total Cost": 38415.96,
                    "Plan Rows": 3049,
                    "Plan Width": 4,
                    "Actual Startup Time": 22.178,
                    "Actual Total Time": 62.98,
                    "Actual Rows": 2210,
                    "Actual Loops": 2,
                    "Recheck Cond": "(kind_id = 2)",
                    "Rows Removed by Index Recheck": 0,
                    "Filter": "(production_year = 2010)",
                    "Rows Removed by Filter": 43216,
                    "Exact Heap Blocks": 20178,
                    "Lossy Heap Blocks": 0,
                    "Plans": [
                      {
                        "Node Type": "Bitmap Index Scan",
                        "Parent Relationship": "Outer",
                        "Parallel Aware": false,
                        "Index Name": "kind_id_title",
                        "Startup Cost": 0.0,
                        "Total Cost": 1616.54,
                        "Plan Rows": 90681,
                        "Plan Width": 0,
                        "Actual Startup Time": 19.908,
                        "Actual Total Time": 19.909,
                        "Actual Rows": 90852,
                        "Actual Loops": 1,
                        "Index Cond": "(kind_id = 2)"
                      }
                    ]
                  },
                  {
                    "Node Type": "Index Only Scan",
                    "Parent Relationship": "Inner",
                    "Parallel Aware": false,
                    "Scan Direction": "Forward",
                    "Index Name": "movie_id_movie_keyword",
                    "Relation Name": "movie_keyword",
                    "Alias": "mk",
                    "Startup Cost": 0.43,
                    "Total Cost": 8.42,
                    "Plan Rows": 45,
                    "Plan Width": 4,
                    "Actual Startup Time": 0.004,
                    "Actual Total Time": 0.005,
                    "Actual Rows": 2,
                    "Actual Loops": 4420,
                    "Index Cond": "(movie_id = t.id)",
                    "Rows Removed by Index Recheck": 0,
                    "Heap Fetches": 6765
                  }
                ]
              }
            ]
          }
        ]
      }
    ]
  },
  "Planning Time": 0.454,
  "Triggers": [],
  "Execution Time": 89.188
}