{
  "Plan": {
    "Node Type": "Aggregate",
    "Strategy": "Plain",
    "Partial Mode": "Finalize",
    "Parallel Aware": false,
    "Startup Cost": 815872.39,
    "Total Cost": 815872.4,
    "Plan Rows": 1,
    "Plan Width": 64,
    "Actual Startup Time": 7880.518,
    "Actual Total Time": 7892.987,
    "Actual Rows": 1,
    "Actual Loops": 1,
    "Plans": [
      {
        "Node Type": "Gather",
        "Parent Relationship": "Outer",
        "Parallel Aware": false,
        "Startup Cost": 815872.27,
        "Total Cost": 815872.38,
        "Plan Rows": 1,
        "Plan Width": 64,
        "Actual Startup Time": 7880.51,
        "Actual Total Time": 7892.979,
        "Actual Rows": 1,
        "Actual Loops": 1,
        "Workers Planned": 1,
        "Workers Launched": 0,
        "Single Copy": false,
        "Plans": [
          {
            "Node Type": "Aggregate",
            "Strategy": "Plain",
            "Partial Mode": "Partial",
            "Parent Relationship": "Outer",
            "Parallel Aware": false,
            "Startup Cost": 814872.27,
            "Total Cost": 814872.28,
            "Plan Rows": 1,
            "Plan Width": 64,
            "Actual Startup Time": 7879.514,
            "Actual Total Time": 7879.526,
            "Actual Rows": 1,
            "Actual Loops": 1,
            "Plans": [
              {
                "Node Type": "Hash Join",
                "Parent Relationship": "Outer",
                "Parallel Aware": true,
                "Join Type": "Inner",
                "Startup Cost": 106017.12,
                "Total Cost": 814252.25,
                "Plan Rows": 124004,
                "Plan Width": 33,
                "Actual Startup Time": 1812.054,
                "Actual Total Time": 7863.982,
                "Actual Rows": 91748,
                "Actual Loops": 1,
                "Inner Unique": true,
                "Hash Cond": "(mc.company_id = cn.id)",
                "Plans": [
                  {
                    "Node Type": "Hash Join",
                    "Parent Relationship": "Outer",
                    "Parallel Aware": false,
                    "Join Type": "Inner",
                    "Startup Cost": 100667.49,
                    "Total Cost": 808005.14,
                    "Plan Rows": 341892,
                    "Plan Width": 37,
                    "Actual Startup Time": 1743.054,
                    "Actual Total Time": 7706.981,
                    "Actual Rows": 283869,
                    "Actual Loops": 1,
                    "Inner Unique": true,
                    "Hash Cond": "(mc.company_type_id = ct.id)",
                    "Plans": [
                      {
                        "Node Type": "Hash Join",
                        "Parent Relationship": "Outer",
                        "Parallel Aware": false,
                        "Join Type": "Inner",
                        "Startup Cost": 100666.4,
                        "Total Cost": 806155.7,
                        "Plan Rows": 341892,
                        "Plan Width": 41,
                        "Actual Startup Time": 1743.013,
                        "Actual Total Time": 7645.578,
                        "Actual Rows": 283869,
                        "Actual Loops": 1,
                        "Inner Unique": true,
                        "Hash Cond": "(ci.role_id = rt.id)",
                        "Plans": [
                          {
                            "Node Type": "Nested Loop",
                            "Parent Relationship": "Outer",
                            "Parallel Aware": false,
                            "Join Type": "Inner",
                            "Startup Cost": 100665.13,
                            "Total Cost": 804940.0,
                            "Plan Rows": 341892,
                            "Plan Width": 45,
                            "Actual Startup Time": 1742.986,
                            "Actual Total Time": 7592.191,
                            "Actual Rows": 283869,
                            "Actual Loops": 1,
                            "Inner Unique": true,
                            "Plans": [
                              {
                                "Node Type": "Hash Join",
                                "Parent Relationship": "Outer",
                                "Parallel Aware": true,
                                "Join Type": "Inner",
                                "Startup Cost": 100664.7,
                                "Total Cost": 627684.65,
                                "Plan Rows": 341892,
                                "Plan Width": 33,
                                "Actual Startup Time": 1742.926,
                                "Actual Total Time": 6652.009,
                                "Actual Rows": 1466659,
                                "Actual Loops": 1,
                                "Inner Unique": false,
                                "Hash Cond": "(ci.movie_id = t.id)",
                                "Plans": [
                                  {
                                    "Node Type": "Seq Scan",
                                    "Parent Relationship": "Outer",
                                    "Parallel Aware": true,
                                    "Relation Name": "cast_info",
                                    "Alias": "ci",
                                    "Startup Cost": 0.0,
                                    "Total Cost": 519076.32,
                                    "Plan Rows": 1581998,
                                    "Plan Width": 12,
                                    "Actual Startup Time": 0.026,
                                    "Actual Total Time": 3768.65,
                                    "Actual Rows": 2497456,
                                    "Actual Loops": 1,
                                    "Filter": "(note ~~ '%(as%'::text)",
                                    "Rows Removed by Filter": 33746888
                                  },
                                  {
                                    "Node Type": "Hash",
                                    "Parent Relationship": "Inner",
                                    "Parallel Aware": true,
                                    "Startup Cost": 96647.2,
                                    "Total Cost": 96647.2,
                                    "Plan Rows": 321400,
                                    "Plan Width": 33,
                                    "Actual Startup Time": 1733.875,
                                    "Actual Total Time": 1733.88,
                                    "Actual Rows": 409251,
                                    "Actual Loops": 1,
                                    "Hash Buckets": 1048576,
                                    "Original Hash Buckets": 1048576,
                                    "Hash Batches": 1,
                                    "Original Hash Batches": 1,
                                    "Peak Memory Usage": 36672,
                                    "Plans": [
                                      {
                                        "Node Type": "Hash Join",
                                        "Parent Relationship": "Outer",
                                        "Parallel Aware": true,
                                        "Join Type": "Inner",
                                        "Startup Cost": 58480.57,
                                        "Total Cost": 96647.2,
                                        "Plan Rows": 321400,
                                        "Plan Width": 33,
                                        "Actual Startup Time": 523.527,
                                        "Actual Total Time": 1532.952,
                                        "Actual Rows": 409251,
                                        "Actual Loops": 1,
                                        "Inner Unique": true,
                                        "Hash Cond": "(mc.movie_id = t.id)",
                                        "Plans": [
                                          {
                                            "Node Type": "Seq Scan",
                                            "Parent Relationship": "Outer",
                                            "Parallel Aware": true,
                                            "Relation Name": "movie_companies",
                                            "Alias": "mc",
                                            "Startup Cost": 0.0,
                                            "Total Cost": 34137.82,
                                            "Plan Rows": 1534782,
                                            "Plan Width": 12,
                                            "Actual Startup Time": 0.007,
                                            "Actual Total Time": 248.536,
                                            "Actual Rows": 2609129,
                                            "Actual Loops": 1
                                          },
                                          {
                                            "Node Type": "Hash",
                                            "Parent Relationship": "Inner",
                                            "Parallel Aware": true,
                                            "Startup Cost": 54587.68,
                                            "Total Cost": 54587.68,
                                            "Plan Rows": 311431,
                                            "Plan Width": 21,
                                            "Actual Startup Time": 513.656,
                                            "Actual Total Time": 513.657,
                                            "Actual Rows": 533369,
                                            "Actual Loops": 1,
                                            "Hash Buckets": 1048576,
                                            "Original Hash Buckets": 1048576,
                                            "Hash Batches": 1,
                                            "Original Hash Batches": 1,
                                            "Peak Memory Usage": 38304,
                                            "Plans": [
                                              {
                                                "Node Type": "Seq Scan",
                                                "Parent Relationship": "Outer",
                                                "Parallel Aware": true,
                                                "Relation Name": "title",
                                                "Alias": "t",
                                                "Startup Cost": 0.0,
                                                "Total Cost": 54587.68,
                                                "Plan Rows": 311431,
                                                "Plan Width": 21,
                                                "Actual Startup Time": 0.015,
                                                "Actual Total Time": 295.234,
                                                "Actual Rows": 533369,
                                                "Actual Loops": 1,
                                                "Filter": "(production_year > 2009)",
                                                "Rows Removed by Filter": 1994943
                                              }
                                            ]
                                          }
                                        ]
                                      }
                                    ]
                                  }
                                ]
                              },
                              {
                                "Node Type": "Index Scan",
                                "Parent Relationship": "Inner",
                                "Parallel Aware": false,
                                "Scan Direction": "Forward",
                                "Index Name": "char_name_pkey",
                                "Relation Name": "char_name",
                                "Alias": "chn",
                                "Startup Cost": 0.43,
                                "Total Cost": 0.52,
                                "Plan Rows": 1,
                                "Plan Width": 20,
                                "Actual Startup Time": 0.0,
                                "Actual Total Time": 0.0,
                                "Actual Rows": 0,
                                "Actual Loops": 1466659,
                                "Index Cond": "(id = ci.person_role_id)",
                                "Rows Removed by Index Recheck": 0
                              }
                            ]
                          },
                          {
                            "Node Type": "Hash",
                            "Parent Relationship": "Inner",
                            "Parallel Aware": false,
                            "Startup Cost": 1.12,
                            "Total Cost": 1.12,
                            "Plan Rows": 12,
                            "Plan Width": 4,
                            "Actual Startup Time": 0.017,
                            "Actual Total Time": 0.017,
                            "Actual Rows": 12,
                            "Actual Loops": 1,
                            "Hash Buckets": 1024,
                            "Original Hash Buckets": 1024,
                            "Hash Batches": 1,
                            "Original Hash Batches": 1,
                            "Peak Memory Usage": 9,
                            "Plans": [
                              {
                                "Node Type": "Seq Scan",
                                "Parent Relationship": "Outer",
                                "Parallel Aware": false,
                                "Relation Name": "role_type",
                                "Alias": "rt",
                                "Startup Cost": 0.0,
                                "Total Cost": 1.12,
                                "Plan Rows": 12,
                                "Plan Width": 4,
                                "Actual Startup Time": 0.009,
                                "Actual Total Time": 0.011,
                                "Actual Rows": 12,
                                "Actual Loops": 1
                              }
                            ]
                          }
                        ]
                      },
                      {
                        "Node Type": "Hash",
                        "Parent Relationship": "Inner",
                        "Parallel Aware": false,
                        "Startup Cost": 1.04,
                        "Total Cost": 1.04,
                        "Plan Rows": 4,
                        "Plan Width": 4,
                        "Actual Startup Time": 0.02,
                        "Actual Total Time": 0.021,
                        "Actual Rows": 4,
                        "Actual Loops": 1,
                        "Hash Buckets": 1024,
                        "Original Hash Buckets": 1024,
                        "Hash Batches": 1,
                        "Original Hash Batches": 1,
                        "Peak Memory Usage": 9,
                        "Plans": [
                          {
                            "Node Type": "Seq Scan",
                            "Parent Relationship": "Outer",
                            "Parallel Aware": false,
                            "Relation Name": "company_type",
                            "Alias": "ct",
                            "Startup Cost": 0.0,
                            "Total Cost": 1.04,
                            "Plan Rows": 4,
                            "Plan Width": 4,
                            "Actual Startup Time": 0.014,
                            "Actual Total Time": 0.015,
                            "Actual Rows": 4,
                            "Actual Loops": 1
                          }
                        ]
                      }
                    ]
                  },
                  {
                    "Node Type": "Hash",
                    "Parent Relationship": "Inner",
                    "Parallel Aware": true,
                    "Startup Cost": 4722.92,
                    "Total Cost": 4722.92,
                    "Plan Rows": 50137,
                    "Plan Width": 4,
                    "Actual Startup Time": 65.823,
                    "Actual Total Time": 65.824,
                    "Actual Rows": 84843,
                    "Actual Loops": 1,
                    "Hash Buckets": 131072,
                    "Original Hash Buckets": 131072,
                    "Hash Batches": 1,
                    "Original Hash Batches": 1,
                    "Peak Memory Usage": 4352,
                    "Plans": [
                      {
                        "Node Type": "Seq Scan",
                        "Parent Relationship": "Outer",
                        "Parallel Aware": true,
                        "Relation Name": "company_name",
                        "Alias": "cn",
                        "Startup Cost": 0.0,
                        "Total Cost": 4722.92,
                        "Plan Rows": 50137,
                        "Plan Width": 4,
                        "Actual Startup Time": 0.028,
                        "Actual Total Time": 42.507,
                        "Actual Rows": 84843,
                        "Actual Loops": 1,
                        "Filter": "((country_code)::text = '[us]'::text)",
                        "Rows Removed by Filter": 150154
                      }
                    ]
                  }
                ]
              }
            ]
          }
        ]
      }
    ]
  },
  "Planning Time": 2.124,
  "Triggers": [],
  "Execution Time": 7893.167
}