[
  {
    "Plan": {
      "Node Type": "Aggregate",
      "Strategy": "Plain",
      "Partial Mode": "Finalize",
      "Parallel Aware": false,
      "Startup Cost": 381136.56,
      "Total Cost": 381136.57,
      "Plan Rows": 1,
      "Plan Width": 8,
      "Actual Startup Time": 1166.442,
      "Actual Total Time": 1222.524,
      "Actual Rows": 1,
      "Actual Loops": 1,
      "Plans": [
        {
          "Node Type": "Gather",
          "Parent Relationship": "Outer",
          "Parallel Aware": false,
          "Startup Cost": 381135.94,
          "Total Cost": 381136.55,
          "Plan Rows": 6,
          "Plan Width": 8,
          "Actual Startup Time": 1157.894,
          "Actual Total Time": 1222.507,
          "Actual Rows": 7,
          "Actual Loops": 1,
          "Workers Planned": 6,
          "Workers Launched": 6,
          "Single Copy": false,
          "Plans": [
            {
              "Node Type": "Aggregate",
              "Strategy": "Plain",
              "Partial Mode": "Partial",
              "Parent Relationship": "Outer",
              "Parallel Aware": false,
              "Startup Cost": 380135.94,
              "Total Cost": 380135.95,
              "Plan Rows": 1,
              "Plan Width": 8,
              "Actual Startup Time": 1148.481,
              "Actual Total Time": 1148.485,
              "Actual Rows": 1,
              "Actual Loops": 7,
              "Plans": [
                {
                  "Node Type": "Hash Join",
                  "Parent Relationship": "Outer",
                  "Parallel Aware": true,
                  "Join Type": "Inner",
                  "Startup Cost": 48733.6,
                  "Total Cost": 378961.14,
                  "Plan Rows": 469920,
                  "Plan Width": 0,
                  "Actual Startup Time": 204.694,
                  "Actual Total Time": 1125.917,
                  "Actual Rows": 404574,
                  "Actual Loops": 7,
                  "Inner Unique": true,
                  "Hash Cond": "(ci.movie_id = t.id)",
                  "Plans": [
                    {
                      "Node Type": "Seq Scan",
                      "Parent Relationship": "Outer",
                      "Parallel Aware": true,
                      "Relation Name": "cast_info",
                      "Alias": "ci",
                      "Startup Cost": 0.0,
                      "Total Cost": 328211.39,
                      "Plan Rows": 768056,
                      "Plan Width": 4,
                      "Actual Startup Time": 0.042,
                      "Actual Total Time": 626.272,
                      "Actual Rows": 681921,
                      "Actual Loops": 7,
                      "Filter": "(person_id < 463207)",
                      "Rows Removed by Filter": 4495843
                    },
                    {
                      "Node Type": "Hash",
                      "Parent Relationship": "Inner",
                      "Parallel Aware": true,
                      "Startup Cost": 43899.32,
                      "Total Cost": 43899.32,
                      "Plan Rows": 386742,
                      "Plan Width": 4,
                      "Actual Startup Time": 201.62,
                      "Actual Total Time": 201.621,
                      "Actual Rows": 218802,
                      "Actual Loops": 7,
                      "Hash Buckets": 2097152,
                      "Original Hash Buckets": 2097152,
                      "Hash Batches": 1,
                      "Original Hash Batches": 1,
                      "Peak Memory Usage": 76448,
                      "Plans": [
                        {
                          "Node Type": "Seq Scan",
                          "Parent Relationship": "Outer",
                          "Parallel Aware": true,
                          "Relation Name": "title",
                          "Alias": "t",
                          "Startup Cost": 0.0,
                          "Total Cost": 43899.32,
                          "Plan Rows": 386742,
                          "Plan Width": 4,
                          "Actual Startup Time": 0.043,
                          "Actual Total Time": 87.524,
                          "Actual Rows": 218802,
                          "Actual Loops": 7,
                          "Filter": "(production_year > 1997)",
                          "Rows Removed by Filter": 142386
                        }
                      ]
                    }
                  ]
                }
              ]
            }
          ]
        }
      ]
    },
    "Planning Time": 0.28,
    "Triggers": [],
    "Execution Time": 1222.579
  }
]