[
  {
    "Plan": {
      "Node Type": "Aggregate",
      "Strategy": "Plain",
      "Partial Mode": "Finalize",
      "Parallel Aware": false,
      "Startup Cost": 31831.78,
      "Total Cost": 31831.79,
      "Plan Rows": 1,
      "Plan Width": 8,
      "Actual Startup Time": 118.55,
      "Actual Total Time": 126.9,
      "Actual Rows": 1,
      "Actual Loops": 1,
      "Plans": [
        {
          "Node Type": "Gather",
          "Parent Relationship": "Outer",
          "Parallel Aware": false,
          "Startup Cost": 31831.47,
          "Total Cost": 31831.78,
          "Plan Rows": 3,
          "Plan Width": 8,
          "Actual Startup Time": 118.381,
          "Actual Total Time": 126.891,
          "Actual Rows": 4,
          "Actual Loops": 1,
          "Workers Planned": 3,
          "Workers Launched": 3,
          "Single Copy": false,
          "Plans": [
            {
              "Node Type": "Aggregate",
              "Strategy": "Plain",
              "Partial Mode": "Partial",
              "Parent Relationship": "Outer",
              "Parallel Aware": false,
              "Startup Cost": 30831.47,
              "Total Cost": 30831.48,
              "Plan Rows": 1,
              "Plan Width": 8,
              "Actual Startup Time": 109.771,
              "Actual Total Time": 109.773,
              "Actual Rows": 1,
              "Actual Loops": 4,
              "Plans": [
                {
                  "Node Type": "Seq Scan",
                  "Parent Relationship": "Outer",
                  "Parallel Aware": true,
                  "Relation Name": "movie_companies",
                  "Alias": "mc",
                  "Startup Cost": 0.0,
                  "Total Cost": 29310.68,
                  "Plan Rows": 608314,
                  "Plan Width": 0,
                  "Actual Startup Time": 0.036,
                  "Actual Total Time": 84.684,
                  "Actual Rows": 473159,
                  "Actual Loops": 4,
                  "Filter": "(company_id < 43041)",
                  "Rows Removed by Filter": 179123
                }
              ]
            }
          ]
        }
      ]
    },
    "Planning Time": 0.145,
    "Triggers": [],
    "Execution Time": 126.955
  }
]