[
  {
    "Plan": {
      "Node Type": "Aggregate",
      "Strategy": "Plain",
      "Partial Mode": "Simple",
      "Parallel Aware": false,
      "Startup Cost": 34569.69,
      "Total Cost": 34569.7,
      "Plan Rows": 1,
      "Plan Width": 8,
      "Actual Startup Time": 4.888,
      "Actual Total Time": 4.889,
      "Actual Rows": 1,
      "Actual Loops": 1,
      "Plans": [
        {
          "Node Type": "Index Scan",
          "Parent Relationship": "Outer",
          "Parallel Aware": false,
          "Scan Direction": "Forward",
          "Index Name": "person_id_cast_info",
          "Relation Name": "cast_info",
          "Alias": "ci",
          "Startup Cost": 0.56,
          "Total Cost": 34555.02,
          "Plan Rows": 5871,
          "Plan Width": 0,
          "Actual Startup Time": 0.014,
          "Actual Total Time": 3.974,
          "Actual Rows": 17249,
          "Actual Loops": 1,
          "Index Cond": "(person_id > 4059036)",
          "Rows Removed by Index Recheck": 0,
          "Filter": "(role_id > 3)",
          "Rows Removed by Filter": 0
        }
      ]
    },
    "Planning Time": 0.152,
    "Triggers": [],
    "Execution Time": 4.909
  }
]