[
  {
    "Plan": {
      "Node Type": "Aggregate",
      "Strategy": "Plain",
      "Partial Mode": "Finalize",
      "Parallel Aware": false,
      "Startup Cost": 118281.16,
      "Total Cost": 118281.17,
      "Plan Rows": 1,
      "Plan Width": 8,
      "Actual Startup Time": 852.231,
      "Actual Total Time": 875.8,
      "Actual Rows": 1,
      "Actual Loops": 1,
      "Plans": [
        {
          "Node Type": "Gather",
          "Parent Relationship": "Outer",
          "Parallel Aware": false,
          "Startup Cost": 118280.84,
          "Total Cost": 118281.15,
          "Plan Rows": 3,
          "Plan Width": 8,
          "Actual Startup Time": 835.126,
          "Actual Total Time": 875.788,
          "Actual Rows": 4,
          "Actual Loops": 1,
          "Workers Planned": 3,
          "Workers Launched": 3,
          "Single Copy": false,
          "Plans": [
            {
              "Node Type": "Aggregate",
              "Strategy": "Plain",
              "Partial Mode": "Partial",
              "Parent Relationship": "Outer",
              "Parallel Aware": false,
              "Startup Cost": 117280.84,
              "Total Cost": 117280.85,
              "Plan Rows": 1,
              "Plan Width": 8,
              "Actual Startup Time": 825.698,
              "Actual Total Time": 825.708,
              "Actual Rows": 1,
              "Actual Loops": 4,
              "Plans": [
                {
                  "Node Type": "Hash Join",
                  "Parent Relationship": "Outer",
                  "Parallel Aware": true,
                  "Join Type": "Inner",
                  "Startup Cost": 86189.63,
                  "Total Cost": 116962.78,
                  "Plan Rows": 127224,
                  "Plan Width": 0,
                  "Actual Startup Time": 572.277,
                  "Actual Total Time": 787.645,
                  "Actual Rows": 757102,
                  "Actual Loops": 4,
                  "Inner Unique": false,
                  "Hash Cond": "(mc.movie_id = t.id)",
                  "Plans": [
                    {
                      "Node Type": "Seq Scan",
                      "Parent Relationship": "Outer",
                      "Parallel Aware": true,
                      "Relation Name": "movie_companies",
                      "Alias": "mc",
                      "Startup Cost": 0.0,
                      "Total Cost": 27206.55,
                      "Plan Rows": 841655,
                      "Plan Width": 4,
                      "Actual Startup Time": 0.03,
                      "Actual Total Time": 67.268,
                      "Actual Rows": 652282,
                      "Actual Loops": 4
                    },
                    {
                      "Node Type": "Hash",
                      "Parent Relationship": "Inner",
                      "Parallel Aware": true,
                      "Startup Cost": 84648.59,
                      "Total Cost": 84648.59,
                      "Plan Rows": 123283,
                      "Plan Width": 8,
                      "Actual Startup Time": 555.159,
                      "Actual Total Time": 555.167,
                      "Actual Rows": 92319,
                      "Actual Loops": 4,
                      "Hash Buckets": 524288,
                      "Original Hash Buckets": 524288,
                      "Hash Batches": 1,
                      "Original Hash Batches": 1,
                      "Peak Memory Usage": 18592,
                      "Plans": [
                        {
                          "Node Type": "Hash Join",
                          "Parent Relationship": "Outer",
                          "Parallel Aware": true,
                          "Join Type": "Inner",
                          "Startup Cost": 58329.94,
                          "Total Cost": 84648.59,
                          "Plan Rows": 123283,
                          "Plan Width": 8,
                          "Actual Startup Time": 427.03,
                          "Actual Total Time": 524.386,
                          "Actual Rows": 92319,
                          "Actual Loops": 4,
                          "Inner Unique": true,
                          "Hash Cond": "(mk.movie_id = t.id)",
                          "Plans": [
                            {
                              "Node Type": "Bitmap Heap Scan",
                              "Parent Relationship": "Outer",
                              "Parallel Aware": true,
                              "Relation Name": "movie_keyword",
                              "Alias": "mk",
                              "Startup Cost": 8110.3,
                              "Total Cost": 34105.33,
                              "Plan Rows": 123283,
                              "Plan Width": 4,
                              "Actual Startup Time": 33.49,
                              "Actual Total Time": 90.854,
                              "Actual Rows": 92319,
                              "Actual Loops": 4,
                              "Recheck Cond": "(keyword_id > 45748)",
                              "Rows Removed by Index Recheck": 0,
                              "Exact Heap Blocks": 6141,
                              "Lossy Heap Blocks": 0,
                              "Plans": [
                                {
                                  "Node Type": "Bitmap Index Scan",
                                  "Parent Relationship": "Outer",
                                  "Parallel Aware": false,
                                  "Index Name": "keyword_id_movie_keyword",
                                  "Startup Cost": 0.0,
                                  "Total Cost": 8014.75,
                                  "Plan Rows": 382176,
                                  "Plan Width": 0,
                                  "Actual Startup Time": 28.16,
                                  "Actual Total Time": 28.16,
                                  "Actual Rows": 369275,
                                  "Actual Loops": 1,
                                  "Index Cond": "(keyword_id > 45748)"
                                }
                              ]
                            },
                            {
                              "Node Type": "Hash",
                              "Parent Relationship": "Inner",
                              "Parallel Aware": true,
                              "Startup Cost": 42318.73,
                              "Total Cost": 42318.73,
                              "Plan Rows": 632073,
                              "Plan Width": 4,
                              "Actual Startup Time": 384.116,
                              "Actual Total Time": 384.117,
                              "Actual Rows": 632078,
                              "Actual Loops": 4,
                              "Hash Buckets": 4194304,
                              "Original Hash Buckets": 4194304,
                              "Hash Batches": 1,
                              "Original Hash Batches": 1,
                              "Peak Memory Usage": 131744,
                              "Plans": [
                                {
                                  "Node Type": "Seq Scan",
                                  "Parent Relationship": "Outer",
                                  "Parallel Aware": true,
                                  "Relation Name": "title",
                                  "Alias": "t",
                                  "Startup Cost": 0.0,
                                  "Total Cost": 42318.73,
                                  "Plan Rows": 632073,
                                  "Plan Width": 4,
                                  "Actual Startup Time": 0.042,
                                  "Actual Total Time": 110.797,
                                  "Actual Rows": 632078,
                                  "Actual Loops": 4
                                }
                              ]
                            }
                          ]
                        }
                      ]
                    }
                  ]
                }
              ]
            }
          ]
        }
      ]
    },
    "Planning Time": 1.37,
    "Triggers": [],
    "Execution Time": 875.908
  }
]