[
  {
    "Plan": {
      "Node Type": "Aggregate",
      "Strategy": "Plain",
      "Partial Mode": "Finalize",
      "Parallel Aware": false,
      "Startup Cost": 265818.21,
      "Total Cost": 265818.22,
      "Plan Rows": 1,
      "Plan Width": 8,
      "Actual Startup Time": 575.347,
      "Actual Total Time": 616.944,
      "Actual Rows": 1,
      "Actual Loops": 1,
      "Plans": [
        {
          "Node Type": "Gather",
          "Parent Relationship": "Outer",
          "Parallel Aware": false,
          "Startup Cost": 265817.69,
          "Total Cost": 265818.2,
          "Plan Rows": 5,
          "Plan Width": 8,
          "Actual Startup Time": 568.532,
          "Actual Total Time": 616.93,
          "Actual Rows": 6,
          "Actual Loops": 1,
          "Workers Planned": 5,
          "Workers Launched": 5,
          "Single Copy": false,
          "Plans": [
            {
              "Node Type": "Aggregate",
              "Strategy": "Plain",
              "Partial Mode": "Partial",
              "Parent Relationship": "Outer",
              "Parallel Aware": false,
              "Startup Cost": 264817.69,
              "Total Cost": 264817.7,
              "Plan Rows": 1,
              "Plan Width": 8,
              "Actual Startup Time": 561.3,
              "Actual Total Time": 561.443,
              "Actual Rows": 1,
              "Actual Loops": 6,
              "Plans": [
                {
                  "Node Type": "Hash Join",
                  "Parent Relationship": "Outer",
                  "Parallel Aware": true,
                  "Join Type": "Inner",
                  "Startup Cost": 63058.4,
                  "Total Cost": 264603.8,
                  "Plan Rows": 85553,
                  "Plan Width": 0,
                  "Actual Startup Time": 279.344,
                  "Actual Total Time": 556.526,
                  "Actual Rows": 119860,
                  "Actual Loops": 6,
                  "Inner Unique": false,
                  "Hash Cond": "(mi.movie_id = t.id)",
                  "Plans": [
                    {
                      "Node Type": "Seq Scan",
                      "Parent Relationship": "Outer",
                      "Parallel Aware": true,
                      "Relation Name": "movie_info",
                      "Alias": "mi",
                      "Startup Cost": 0.0,
                      "Total Cost": 198952.16,
                      "Plan Rows": 596472,
                      "Plan Width": 4,
                      "Actual Startup Time": 67.286,
                      "Actual Total Time": 284.708,
                      "Actual Rows": 506120,
                      "Actual Loops": 6,
                      "Filter": "(info_type_id = 16)",
                      "Rows Removed by Filter": 1966500
                    },
                    {
                      "Node Type": "Hash",
                      "Parent Relationship": "Inner",
                      "Parallel Aware": true,
                      "Startup Cost": 61169.65,
                      "Total Cost": 61169.65,
                      "Plan Rows": 151100,
                      "Plan Width": 8,
                      "Actual Startup Time": 209.488,
                      "Actual Total Time": 209.63,
                      "Actual Rows": 42092,
                      "Actual Loops": 6,
                      "Hash Buckets": 524288,
                      "Original Hash Buckets": 524288,
                      "Hash Batches": 1,
                      "Original Hash Batches": 1,
                      "Peak Memory Usage": 14080,
                      "Plans": [
                        {
                          "Node Type": "Hash Join",
                          "Parent Relationship": "Outer",
                          "Parallel Aware": true,
                          "Join Type": "Inner",
                          "Startup Cost": 45975.09,
                          "Total Cost": 61169.65,
                          "Plan Rows": 151100,
                          "Plan Width": 8,
                          "Actual Startup Time": 139.621,
                          "Actual Total Time": 195.061,
                          "Actual Rows": 42092,
                          "Actual Loops": 6,
                          "Inner Unique": true,
                          "Hash Cond": "(mi_idx.movie_id = t.id)",
                          "Plans": [
                            {
                              "Node Type": "Seq Scan",
                              "Parent Relationship": "Outer",
                              "Parallel Aware": true,
                              "Relation Name": "movie_info_idx",
                              "Alias": "mi_idx",
                              "Startup Cost": 0.0,
                              "Total Cost": 13685.15,
                              "Plan Rows": 575015,
                              "Plan Width": 4,
                              "Actual Startup Time": 0.023,
                              "Actual Total Time": 20.007,
                              "Actual Rows": 230006,
                              "Actual Loops": 6
                            },
                            {
                              "Node Type": "Hash",
                              "Parent Relationship": "Inner",
                              "Parallel Aware": true,
                              "Startup Cost": 43898.92,
                              "Total Cost": 43898.92,
                              "Plan Rows": 166094,
                              "Plan Width": 4,
                              "Actual Startup Time": 137.353,
                              "Actual Total Time": 137.354,
                              "Actual Rows": 110344,
                              "Actual Loops": 6,
                              "Hash Buckets": 1048576,
                              "Original Hash Buckets": 1048576,
                              "Hash Batches": 1,
                              "Original Hash Batches": 1,
                              "Peak Memory Usage": 34208,
                              "Plans": [
                                {
                                  "Node Type": "Seq Scan",
                                  "Parent Relationship": "Outer",
                                  "Parallel Aware": true,
                                  "Relation Name": "title",
                                  "Alias": "t",
                                  "Startup Cost": 0.0,
                                  "Total Cost": 43898.92,
                                  "Plan Rows": 166094,
                                  "Plan Width": 4,
                                  "Actual Startup Time": 0.039,
                                  "Actual Total Time": 80.57,
                                  "Actual Rows": 110344,
                                  "Actual Loops": 6,
                                  "Filter": "(production_year > 2008)",
                                  "Rows Removed by Filter": 311041
                                }
                              ]
                            }
                          ]
                        }
                      ]
                    }
                  ]
                }
              ]
            }
          ]
        }
      ]
    },
    "Planning Time": 1.341,
    "Triggers": [],
    "Execution Time": 617.041
  }
]