{
  "Plan": {
    "Node Type": "Aggregate",
    "Strategy": "Plain",
    "Partial Mode": "Finalize",
    "Parallel Aware": false,
    "Startup Cost": 250838.7,
    "Total Cost": 250838.71,
    "Plan Rows": 1,
    "Plan Width": 8,
    "Actual Startup Time": 3594.952,
    "Actual Total Time": 3614.986,
    "Actual Rows": 1,
    "Actual Loops": 1,
    "Plans": [
      {
        "Node Type": "Gather",
        "Parent Relationship": "Outer",
        "Parallel Aware": false,
        "Startup Cost": 250838.59,
        "Total Cost": 250838.7,
        "Plan Rows": 1,
        "Plan Width": 8,
        "Actual Startup Time": 3594.157,
        "Actual Total Time": 3614.977,
        "Actual Rows": 2,
        "Actual Loops": 1,
        "Workers Planned": 1,
        "Workers Launched": 1,
        "Single Copy": false,
        "Plans": [
          {
            "Node Type": "Aggregate",
            "Strategy": "Plain",
            "Partial Mode": "Partial",
            "Parent Relationship": "Outer",
            "Parallel Aware": false,
            "Startup Cost": 249838.59,
            "Total Cost": 249838.6,
            "Plan Rows": 1,
            "Plan Width": 8,
            "Actual Startup Time": 3587.984,
            "Actual Total Time": 3587.988,
            "Actual Rows": 1,
            "Actual Loops": 2,
            "Plans": [
              {
                "Node Type": "Nested Loop",
                "Parent Relationship": "Outer",
                "Parallel Aware": false,
                "Join Type": "Inner",
                "Startup Cost": 59824.12,
                "Total Cost": 249278.27,
                "Plan Rows": 224129,
                "Plan Width": 0,
                "Actual Startup Time": 211.586,
                "Actual Total Time": 3356.904,
                "Actual Rows": 4487576,
                "Actual Loops": 2,
                "Inner Unique": false,
                "Join Filter": "(t.id = mc.movie_id)",
                "Rows Removed by Join Filter": 0,
                "Plans": [
                  {
                    "Node Type": "Hash Join",
                    "Parent Relationship": "Outer",
                    "Parallel Aware": true,
                    "Join Type": "Inner",
                    "Startup Cost": 59823.69,
                    "Total Cost": 117874.54,
                    "Plan Rows": 217185,
                    "Plan Width": 8,
                    "Actual Startup Time": 211.523,
                    "Actual Total Time": 712.786,
                    "Actual Rows": 615582,
                    "Actual Loops": 2,
                    "Inner Unique": true,
                    "Hash Cond": "(mk.movie_id = t.id)",
                    "Plans": [
                      {
                        "Node Type": "Seq Scan",
                        "Parent Relationship": "Outer",
                        "Parallel Aware": true,
                        "Relation Name": "movie_keyword",
                        "Alias": "mk",
                        "Startup Cost": 0.0,
                        "Total Cost": 51065.35,
                        "Plan Rows": 2661135,
                        "Plan Width": 4,
                        "Actual Startup Time": 0.011,
                        "Actual Total Time": 191.074,
                        "Actual Rows": 2261965,
                        "Actual Loops": 2
                      },
                      {
                        "Node Type": "Hash",
                        "Parent Relationship": "Inner",
                        "Parallel Aware": true,
                        "Startup Cost": 58306.47,
                        "Total Cost": 58306.47,
                        "Plan Rows": 121378,
                        "Plan Width": 4,
                        "Actual Startup Time": 208.045,
                        "Actual Total Time": 208.046,
                        "Actual Rows": 160290,
                        "Actual Loops": 2,
                        "Hash Buckets": 524288,
                        "Original Hash Buckets": 262144,
                        "Hash Batches": 1,
                        "Original Hash Batches": 1,
                        "Peak Memory Usage": 18720,
                        "Plans": [
                          {
                            "Node Type": "Seq Scan",
                            "Parent Relationship": "Outer",
                            "Parallel Aware": true,
                            "Relation Name": "title",
                            "Alias": "t",
                            "Startup Cost": 0.0,
                            "Total Cost": 58306.47,
                            "Plan Rows": 121378,
                            "Plan Width": 4,
                            "Actual Startup Time": 0.09,
                            "Actual Total Time": 161.495,
                            "Actual Rows": 160290,
                            "Actual Loops": 2,
                            "Filter": "((kind_id < 7) AND (production_year < 1982))",
                            "Rows Removed by Filter": 1103866
                          }
                        ]
                      }
                    ]
                  },
                  {
                    "Node Type": "Index Only Scan",
                    "Parent Relationship": "Inner",
                    "Parallel Aware": false,
                    "Scan Direction": "Forward",
                    "Index Name": "movie_id_movie_companies",
                    "Relation Name": "movie_companies",
                    "Alias": "mc",
                    "Startup Cost": 0.43,
                    "Total Cost": 0.54,
                    "Plan Rows": 5,
                    "Plan Width": 4,
                    "Actual Startup Time": 0.002,
                    "Actual Total Time": 0.003,
                    "Actual Rows": 7,
                    "Actual Loops": 1231165,
                    "Index Cond": "(movie_id = mk.movie_id)",
                    "Rows Removed by Index Recheck": 0,
                    "Heap Fetches": 8975153
                  }
                ]
              }
            ]
          }
        ]
      }
    ]
  },
  "Planning Time": 0.878,
  "Triggers": [],
  "Execution Time": 3615.087
}