{
  "Plan": {
    "Node Type": "Aggregate",
    "Strategy": "Plain",
    "Partial Mode": "Finalize",
    "Parallel Aware": false,
    "Startup Cost": 347188.49,
    "Total Cost": 347188.5,
    "Plan Rows": 1,
    "Plan Width": 8,
    "Actual Startup Time": 1544.357,
    "Actual Total Time": 1593.963,
    "Actual Rows": 1,
    "Actual Loops": 1,
    "Plans": [
      {
        "Node Type": "Gather",
        "Parent Relationship": "Outer",
        "Parallel Aware": false,
        "Startup Cost": 347188.37,
        "Total Cost": 347188.48,
        "Plan Rows": 1,
        "Plan Width": 8,
        "Actual Startup Time": 1543.76,
        "Actual Total Time": 1593.952,
        "Actual Rows": 2,
        "Actual Loops": 1,
        "Workers Planned": 1,
        "Workers Launched": 1,
        "Single Copy": false,
        "Plans": [
          {
            "Node Type": "Aggregate",
            "Strategy": "Plain",
            "Partial Mode": "Partial",
            "Parent Relationship": "Outer",
            "Parallel Aware": false,
            "Startup Cost": 346188.37,
            "Total Cost": 346188.38,
            "Plan Rows": 1,
            "Plan Width": 8,
            "Actual Startup Time": 1538.135,
            "Actual Total Time": 1538.139,
            "Actual Rows": 1,
            "Actual Loops": 2,
            "Plans": [
              {
                "Node Type": "Hash Join",
                "Parent Relationship": "Outer",
                "Parallel Aware": true,
                "Join Type": "Inner",
                "Startup Cost": 59757.17,
                "Total Cost": 345099.87,
                "Plan Rows": 435400,
                "Plan Width": 0,
                "Actual Startup Time": 181.215,
                "Actual Total Time": 1528.007,
                "Actual Rows": 197882,
                "Actual Loops": 2,
                "Inner Unique": true,
                "Hash Cond": "(mi.movie_id = t.id)",
                "Plans": [
                  {
                    "Node Type": "Seq Scan",
                    "Parent Relationship": "Outer",
                    "Parallel Aware": true,
                    "Relation Name": "movie_info",
                    "Alias": "mi",
                    "Startup Cost": 0.0,
                    "Total Cost": 270696.42,
                    "Plan Rows": 5579529,
                    "Plan Width": 4,
                    "Actual Startup Time": 0.012,
                    "Actual Total Time": 834.874,
                    "Actual Rows": 4782576,
                    "Actual Loops": 2,
                    "Filter": "(info_type_id < 16)",
                    "Rows Removed by Filter": 2635284
                  },
                  {
                    "Node Type": "Hash",
                    "Parent Relationship": "Inner",
                    "Parallel Aware": true,
                    "Startup Cost": 58306.47,
                    "Total Cost": 58306.47,
                    "Plan Rows": 116056,
                    "Plan Width": 4,
                    "Actual Startup Time": 176.114,
                    "Actual Total Time": 176.115,
                    "Actual Rows": 52077,
                    "Actual Loops": 2,
                    "Hash Buckets": 262144,
                    "Original Hash Buckets": 262144,
                    "Hash Batches": 1,
                    "Original Hash Batches": 1,
                    "Peak Memory Usage": 6176,
                    "Plans": [
                      {
                        "Node Type": "Seq Scan",
                        "Parent Relationship": "Outer",
                        "Parallel Aware": true,
                        "Relation Name": "title",
                        "Alias": "t",
                        "Startup Cost": 0.0,
                        "Total Cost": 58306.47,
                        "Plan Rows": 116056,
                        "Plan Width": 4,
                        "Actual Startup Time": 0.035,
                        "Actual Total Time": 159.27,
                        "Actual Rows": 52077,
                        "Actual Loops": 2,
                        "Filter": "((production_year < 1968) AND (kind_id = 7))",
                        "Rows Removed by Filter": 1212079
                      }
                    ]
                  }
                ]
              }
            ]
          }
        ]
      }
    ]
  },
  "Planning Time": 0.481,
  "Triggers": [],
  "Execution Time": 1594.043
}