{
  "Plan": {
    "Node Type": "Aggregate",
    "Strategy": "Plain",
    "Partial Mode": "Finalize",
    "Parallel Aware": false,
    "Startup Cost": 651702.34,
    "Total Cost": 651702.35,
    "Plan Rows": 1,
    "Plan Width": 8,
    "Actual Startup Time": 4957.459,
    "Actual Total Time": 5027.158,
    "Actual Rows": 1,
    "Actual Loops": 1,
    "Plans": [
      {
        "Node Type": "Gather",
        "Parent Relationship": "Outer",
        "Parallel Aware": false,
        "Startup Cost": 651702.23,
        "Total Cost": 651702.34,
        "Plan Rows": 1,
        "Plan Width": 8,
        "Actual Startup Time": 4955.243,
        "Actual Total Time": 5027.15,
        "Actual Rows": 2,
        "Actual Loops": 1,
        "Workers Planned": 1,
        "Workers Launched": 1,
        "Single Copy": false,
        "Plans": [
          {
            "Node Type": "Aggregate",
            "Strategy": "Plain",
            "Partial Mode": "Partial",
            "Parent Relationship": "Outer",
            "Parallel Aware": false,
            "Startup Cost": 650702.23,
            "Total Cost": 650702.24,
            "Plan Rows": 1,
            "Plan Width": 8,
            "Actual Startup Time": 4948.743,
            "Actual Total Time": 4948.749,
            "Actual Rows": 1,
            "Actual Loops": 2,
            "Plans": [
              {
                "Node Type": "Hash Join",
                "Parent Relationship": "Outer",
                "Parallel Aware": true,
                "Join Type": "Inner",
                "Startup Cost": 92617.82,
                "Total Cost": 647010.92,
                "Plan Rows": 1476524,
                "Plan Width": 0,
                "Actual Startup Time": 498.854,
                "Actual Total Time": 4774.75,
                "Actual Rows": 4328384,
                "Actual Loops": 2,
                "Inner Unique": false,
                "Hash Cond": "(ci.movie_id = t.id)",
                "Plans": [
                  {
                    "Node Type": "Seq Scan",
                    "Parent Relationship": "Outer",
                    "Parallel Aware": true,
                    "Relation Name": "cast_info",
                    "Alias": "ci",
                    "Startup Cost": 0.0,
                    "Total Cost": 465792.95,
                    "Plan Rows": 21310595,
                    "Plan Width": 4,
                    "Actual Startup Time": 0.016,
                    "Actual Total Time": 1328.533,
                    "Actual Rows": 18122172,
                    "Actual Loops": 2
                  },
                  {
                    "Node Type": "Hash",
                    "Parent Relationship": "Inner",
                    "Parallel Aware": true,
                    "Startup Cost": 91329.77,
                    "Total Cost": 91329.77,
                    "Plan Rows": 103044,
                    "Plan Width": 8,
                    "Actual Startup Time": 495.373,
                    "Actual Total Time": 495.377,
                    "Actual Rows": 173446,
                    "Actual Loops": 2,
                    "Hash Buckets": 524288,
                    "Original Hash Buckets": 262144,
                    "Hash Batches": 1,
                    "Original Hash Batches": 1,
                    "Peak Memory Usage": 19776,
                    "Plans": [
                      {
                        "Node Type": "Hash Join",
                        "Parent Relationship": "Outer",
                        "Parallel Aware": true,
                        "Join Type": "Inner",
                        "Startup Cost": 30558.12,
                        "Total Cost": 91329.77,
                        "Plan Rows": 103044,
                        "Plan Width": 8,
                        "Actual Startup Time": 124.711,
                        "Actual Total Time": 452.806,
                        "Actual Rows": 173446,
                        "Actual Loops": 2,
                        "Inner Unique": false,
                        "Hash Cond": "(t.id = mc.movie_id)",
                        "Plans": [
                          {
                            "Node Type": "Seq Scan",
                            "Parent Relationship": "Outer",
                            "Parallel Aware": true,
                            "Relation Name": "title",
                            "Alias": "t",
                            "Startup Cost": 0.0,
                            "Total Cost": 50870.31,
                            "Plan Rows": 1487231,
                            "Plan Width": 4,
                            "Actual Startup Time": 0.01,
                            "Actual Total Time": 117.587,
                            "Actual Rows": 1264156,
                            "Actual Loops": 2
                          },
                          {
                            "Node Type": "Hash",
                            "Parent Relationship": "Inner",
                            "Parallel Aware": true,
                            "Startup Cost": 29270.07,
                            "Total Cost": 29270.07,
                            "Plan Rows": 103044,
                            "Plan Width": 4,
                            "Actual Startup Time": 113.713,
                            "Actual Total Time": 113.714,
                            "Actual Rows": 173446,
                            "Actual Loops": 2,
                            "Hash Buckets": 524288,
                            "Original Hash Buckets": 262144,
                            "Hash Batches": 1,
                            "Original Hash Batches": 1,
                            "Peak Memory Usage": 19744,
                            "Plans": [
                              {
                                "Node Type": "Bitmap Heap Scan",
                                "Parent Relationship": "Outer",
                                "Parallel Aware": true,
                                "Relation Name": "movie_companies",
                                "Alias": "mc",
                                "Startup Cost": 7435.83,
                                "Total Cost": 29270.07,
                                "Plan Rows": 103044,
                                "Plan Width": 4,
                                "Actual Startup Time": 31.069,
                                "Actual Total Time": 72.161,
                                "Actual Rows": 173446,
                                "Actual Loops": 2,
                                "Recheck Cond": "(company_id > 88562)",
                                "Rows Removed by Index Recheck": 0,
                                "Filter": "(company_type_id = 2)",
                                "Rows Removed by Filter": 0,
                                "Exact Heap Blocks": 3469,
                                "Lossy Heap Blocks": 0,
                                "Plans": [
                                  {
                                    "Node Type": "Bitmap Index Scan",
                                    "Parent Relationship": "Outer",
                                    "Parallel Aware": false,
                                    "Index Name": "company_id_movie_companies",
                                    "Startup Cost": 0.0,
                                    "Total Cost": 7392.03,
                                    "Plan Rows": 345014,
                                    "Plan Width": 0,
                                    "Actual Startup Time": 30.768,
                                    "Actual Total Time": 30.769,
                                    "Actual Rows": 346891,
                                    "Actual Loops": 1,
                                    "Index Cond": "(company_id > 88562)"
                                  }
                                ]
                              }
                            ]
                          }
                        ]
                      }
                    ]
                  }
                ]
              }
            ]
          }
        ]
      }
    ]
  },
  "Planning Time": 0.916,
  "Triggers": [],
  "Execution Time": 5027.281
}