[
  {
    "Plan": {
      "Node Type": "Aggregate",
      "Strategy": "Plain",
      "Partial Mode": "Finalize",
      "Parallel Aware": false,
      "Startup Cost": 44610.25,
      "Total Cost": 44610.26,
      "Plan Rows": 1,
      "Plan Width": 8,
      "Actual Startup Time": 130.987,
      "Actual Total Time": 140.42,
      "Actual Rows": 1,
      "Actual Loops": 1,
      "Plans": [
        {
          "Node Type": "Gather",
          "Parent Relationship": "Outer",
          "Parallel Aware": false,
          "Startup Cost": 44609.93,
          "Total Cost": 44610.24,
          "Plan Rows": 3,
          "Plan Width": 8,
          "Actual Startup Time": 130.87,
          "Actual Total Time": 140.408,
          "Actual Rows": 4,
          "Actual Loops": 1,
          "Workers Planned": 3,
          "Workers Launched": 3,
          "Single Copy": false,
          "Plans": [
            {
              "Node Type": "Aggregate",
              "Strategy": "Plain",
              "Partial Mode": "Partial",
              "Parent Relationship": "Outer",
              "Parallel Aware": false,
              "Startup Cost": 43609.93,
              "Total Cost": 43609.94,
              "Plan Rows": 1,
              "Plan Width": 8,
              "Actual Startup Time": 125.097,
              "Actual Total Time": 125.098,
              "Actual Rows": 1,
              "Actual Loops": 4,
              "Plans": [
                {
                  "Node Type": "Seq Scan",
                  "Parent Relationship": "Outer",
                  "Parallel Aware": true,
                  "Relation Name": "movie_keyword",
                  "Alias": "mk",
                  "Startup Cost": 0.0,
                  "Total Cost": 42695.65,
                  "Plan Rows": 365710,
                  "Plan Width": 0,
                  "Actual Startup Time": 0.043,
                  "Actual Total Time": 110.025,
                  "Actual Rows": 285486,
                  "Actual Loops": 4,
                  "Filter": "(keyword_id < 1298)",
                  "Rows Removed by Filter": 845496
                }
              ]
            }
          ]
        }
      ]
    },
    "Planning Time": 0.157,
    "Triggers": [],
    "Execution Time": 140.478
  }
]