[
  {
    "Plan": {
      "Node Type": "Aggregate",
      "Strategy": "Plain",
      "Partial Mode": "Finalize",
      "Parallel Aware": false,
      "Startup Cost": 544136.98,
      "Total Cost": 544136.99,
      "Plan Rows": 1,
      "Plan Width": 32,
      "Actual Startup Time": 2163.788,
      "Actual Total Time": 2255.246,
      "Actual Rows": 1,
      "Actual Loops": 1,
      "Plans": [
        {
          "Node Type": "Gather",
          "Parent Relationship": "Outer",
          "Parallel Aware": false,
          "Startup Cost": 544136.56,
          "Total Cost": 544136.97,
          "Plan Rows": 4,
          "Plan Width": 32,
          "Actual Startup Time": 2163.335,
          "Actual Total Time": 2255.228,
          "Actual Rows": 5,
          "Actual Loops": 1,
          "Workers Planned": 4,
          "Workers Launched": 4,
          "Single Copy": false,
          "Plans": [
            {
              "Node Type": "Aggregate",
              "Strategy": "Plain",
              "Partial Mode": "Partial",
              "Parent Relationship": "Outer",
              "Parallel Aware": false,
              "Startup Cost": 543136.56,
              "Total Cost": 543136.57,
              "Plan Rows": 1,
              "Plan Width": 32,
              "Actual Startup Time": 2150.01,
              "Actual Total Time": 2150.044,
              "Actual Rows": 1,
              "Actual Loops": 5,
              "Plans": [
                {
                  "Node Type": "Hash Join",
                  "Parent Relationship": "Outer",
                  "Parallel Aware": false,
                  "Join Type": "Inner",
                  "Startup Cost": 498792.83,
                  "Total Cost": 543136.55,
                  "Plan Rows": 1,
                  "Plan Width": 17,
                  "Actual Startup Time": 2150.003,
                  "Actual Total Time": 2150.036,
                  "Actual Rows": 0,
                  "Actual Loops": 5,
                  "Inner Unique": true,
                  "Hash Cond": "(t.kind_id = kt.id)",
                  "Plans": [
                    {
                      "Node Type": "Hash Join",
                      "Parent Relationship": "Outer",
                      "Parallel Aware": true,
                      "Join Type": "Inner",
                      "Startup Cost": 498791.73,
                      "Total Cost": 543135.45,
                      "Plan Rows": 1,
                      "Plan Width": 21,
                      "Actual Startup Time": 2149.254,
                      "Actual Total Time": 2149.285,
                      "Actual Rows": 0,
                      "Actual Loops": 5,
                      "Inner Unique": false,
                      "Hash Cond": "(t.id = mk.movie_id)",
                      "Plans": [
                        {
                          "Node Type": "Seq Scan",
                          "Parent Relationship": "Outer",
                          "Parallel Aware": true,
                          "Relation Name": "title",
                          "Alias": "t",
                          "Startup Cost": 0.0,
                          "Total Cost": 43898.97,
                          "Plan Rows": 118596,
                          "Plan Width": 25,
                          "Actual Startup Time": 0.019,
                          "Actual Total Time": 97.17,
                          "Actual Rows": 95920,
                          "Actual Loops": 5,
                          "Filter": "(production_year < 1978)",
                          "Rows Removed by Filter": 409742
                        },
                        {
                          "Node Type": "Hash",
                          "Parent Relationship": "Inner",
                          "Parallel Aware": true,
                          "Startup Cost": 498791.72,
                          "Total Cost": 498791.72,
                          "Plan Rows": 1,
                          "Plan Width": 12,
                          "Actual Startup Time": 2043.932,
                          "Actual Total Time": 2043.962,
                          "Actual Rows": 7,
                          "Actual Loops": 5,
                          "Hash Buckets": 1024,
                          "Original Hash Buckets": 1024,
                          "Hash Batches": 1,
                          "Original Hash Batches": 1,
                          "Peak Memory Usage": 104,
                          "Plans": [
                            {
                              "Node Type": "Hash Join",
                              "Parent Relationship": "Outer",
                              "Parallel Aware": true,
                              "Join Type": "Inner",
                              "Startup Cost": 428853.05,
                              "Total Cost": 498791.72,
                              "Plan Rows": 1,
                              "Plan Width": 12,
                              "Actual Startup Time": 1947.098,
                              "Actual Total Time": 2043.851,
                              "Actual Rows": 7,
                              "Actual Loops": 5,
                              "Inner Unique": false,
                              "Hash Cond": "(n.id = ci.person_id)",
                              "Plans": [
                                {
                                  "Node Type": "Seq Scan",
                                  "Parent Relationship": "Outer",
                                  "Parallel Aware": true,
                                  "Relation Name": "name",
                                  "Alias": "n",
                                  "Startup Cost": 0.0,
                                  "Total Cost": 66031.66,
                                  "Plan Rows": 1041866,
                                  "Plan Width": 4,
                                  "Actual Startup Time": 0.02,
                                  "Actual Total Time": 127.179,
                                  "Actual Rows": 833498,
                                  "Actual Loops": 5
                                },
                                {
                                  "Node Type": "Hash",
                                  "Parent Relationship": "Inner",
                                  "Parallel Aware": true,
                                  "Startup Cost": 428853.04,
                                  "Total Cost": 428853.04,
                                  "Plan Rows": 1,
                                  "Plan Width": 16,
                                  "Actual Startup Time": 1850.452,
                                  "Actual Total Time": 1850.476,
                                  "Actual Rows": 7,
                                  "Actual Loops": 5,
                                  "Hash Buckets": 1024,
                                  "Original Hash Buckets": 1024,
                                  "Hash Batches": 1,
                                  "Original Hash Batches": 1,
                                  "Peak Memory Usage": 136,
                                  "Plans": [
                                    {
                                      "Node Type": "Hash Join",
                                      "Parent Relationship": "Outer",
                                      "Parallel Aware": true,
                                      "Join Type": "Inner",
                                      "Startup Cost": 99803.17,
                                      "Total Cost": 428853.04,
                                      "Plan Rows": 1,
                                      "Plan Width": 16,
                                      "Actual Startup Time": 1022.141,
                                      "Actual Total Time": 1850.377,
                                      "Actual Rows": 7,
                                      "Actual Loops": 5,
                                      "Inner Unique": false,
                                      "Hash Cond": "(ci.movie_id = mk.movie_id)",
                                      "Plans": [
                                        {
                                          "Node Type": "Hash Join",
                                          "Parent Relationship": "Outer",
                                          "Parallel Aware": true,
                                          "Join Type": "Inner",
                                          "Startup Cost": 50189.56,
                                          "Total Cost": 379234.88,
                                          "Plan Rows": 1210,
                                          "Plan Width": 8,
                                          "Actual Startup Time": 232.331,
                                          "Actual Total Time": 1480.89,
                                          "Actual Rows": 111,
                                          "Actual Loops": 5,
                                          "Inner Unique": true,
                                          "Hash Cond": "(ci.person_role_id = chn.id)",
                                          "Plans": [
                                            {
                                              "Node Type": "Seq Scan",
                                              "Parent Relationship": "Outer",
                                              "Parallel Aware": true,
                                              "Relation Name": "cast_info",
                                              "Alias": "ci",
                                              "Startup Cost": 0.0,
                                              "Total Cost": 313168.83,
                                              "Plan Rows": 6048183,
                                              "Plan Width": 12,
                                              "Actual Startup Time": 0.024,
                                              "Actual Total Time": 792.085,
                                              "Actual Rows": 7248869,
                                              "Actual Loops": 5
                                            },
                                            {
                                              "Node Type": "Hash",
                                              "Parent Relationship": "Inner",
                                              "Parallel Aware": true,
                                              "Startup Cost": 50187.6,
                                              "Total Cost": 50187.6,
                                              "Plan Rows": 157,
                                              "Plan Width": 4,
                                              "Actual Startup Time": 181.555,
                                              "Actual Total Time": 181.557,
                                              "Actual Rows": 6,
                                              "Actual Loops": 5,
                                              "Hash Buckets": 1024,
                                              "Original Hash Buckets": 1024,
                                              "Hash Batches": 1,
                                              "Original Hash Batches": 1,
                                              "Peak Memory Usage": 168,
                                              "Plans": [
                                                {
                                                  "Node Type": "Seq Scan",
                                                  "Parent Relationship": "Outer",
                                                  "Parallel Aware": true,
                                                  "Relation Name": "char_name",
                                                  "Alias": "chn",
                                                  "Startup Cost": 0.0,
                                                  "Total Cost": 50187.6,
                                                  "Plan Rows": 157,
                                                  "Plan Width": 4,
                                                  "Actual Startup Time": 15.442,
                                                  "Actual Total Time": 181.471,
                                                  "Actual Rows": 6,
                                                  "Actual Loops": 5,
                                                  "Filter": "((name !~~ '%Sherlock%'::text) AND ((name ~~ '%Tony%Stark%'::text) OR (name ~~ '%Iron%Man%'::text)))",
                                                  "Rows Removed by Filter": 628062
                                                }
                                              ]
                                            }
                                          ]
                                        },
                                        {
                                          "Node Type": "Hash",
                                          "Parent Relationship": "Inner",
                                          "Parallel Aware": true,
                                          "Startup Cost": 49613.51,
                                          "Total Cost": 49613.51,
                                          "Plan Rows": 8,
                                          "Plan Width": 8,
                                          "Actual Startup Time": 369.202,
                                          "Actual Total Time": 369.214,
                                          "Actual Rows": 1753,
                                          "Actual Loops": 5,
                                          "Hash Buckets": 8192,
                                          "Original Hash Buckets": 1024,
                                          "Hash Batches": 1,
                                          "Original Hash Batches": 1,
                                          "Peak Memory Usage": 600,
                                          "Plans": [
                                            {
                                              "Node Type": "Hash Join",
                                              "Parent Relationship": "Outer",
                                              "Parallel Aware": false,
                                              "Join Type": "Inner",
                                              "Startup Cost": 6734.92,
                                              "Total Cost": 49613.51,
                                              "Plan Rows": 8,
                                              "Plan Width": 8,
                                              "Actual Startup Time": 104.585,
                                              "Actual Total Time": 304.232,
                                              "Actual Rows": 1753,
                                              "Actual Loops": 5,
                                              "Inner Unique": false,
                                              "Hash Cond": "(mk.movie_id = cc.movie_id)",
                                              "Plans": [
                                                {
                                                  "Node Type": "Hash Join",
                                                  "Parent Relationship": "Outer",
                                                  "Parallel Aware": false,
                                                  "Join Type": "Inner",
                                                  "Startup Cost": 3632.5,
                                                  "Total Cost": 46510.69,
                                                  "Plan Rows": 87,
                                                  "Plan Width": 4,
                                                  "Actual Startup Time": 30.027,
                                                  "Actual Total Time": 226.833,
                                                  "Actual Rows": 7110,
                                                  "Actual Loops": 5,
                                                  "Inner Unique": true,
                                                  "Hash Cond": "(mk.keyword_id = k.id)",
                                                  "Plans": [
                                                    {
                                                      "Node Type": "Seq Scan",
                                                      "Parent Relationship": "Outer",
                                                      "Parallel Aware": true,
                                                      "Relation Name": "movie_keyword",
                                                      "Alias": "mk",
                                                      "Startup Cost": 0.0,
                                                      "Total Cost": 39047.32,
                                                      "Plan Rows": 1459332,
                                                      "Plan Width": 8,
                                                      "Actual Startup Time": 0.029,
                                                      "Actual Total Time": 120.237,
                                                      "Actual Rows": 904786,
                                                      "Actual Loops": 5
                                                    },
                                                    {
                                                      "Node Type": "Hash",
                                                      "Parent Relationship": "Inner",
                                                      "Parallel Aware": false,
                                                      "Startup Cost": 3632.4,
                                                      "Total Cost": 3632.4,
                                                      "Plan Rows": 8,
                                                      "Plan Width": 4,
                                                      "Actual Startup Time": 29.849,
                                                      "Actual Total Time": 29.85,
                                                      "Actual Rows": 8,
                                                      "Actual Loops": 5,
                                                      "Hash Buckets": 1024,
                                                      "Original Hash Buckets": 1024,
                                                      "Hash Batches": 1,
                                                      "Original Hash Batches": 1,
                                                      "Peak Memory Usage": 9,
                                                      "Plans": [
                                                        {
                                                          "Node Type": "Seq Scan",
                                                          "Parent Relationship": "Outer",
                                                          "Parallel Aware": false,
                                                          "Relation Name": "keyword",
                                                          "Alias": "k",
                                                          "Startup Cost": 0.0,
                                                          "Total Cost": 3632.4,
                                                          "Plan Rows": 8,
                                                          "Plan Width": 4,
                                                          "Actual Startup Time": 0.135,
                                                          "Actual Total Time": 29.834,
                                                          "Actual Rows": 8,
                                                          "Actual Loops": 5,
                                                          "Filter": "(keyword = ANY ('{superhero,sequel,second-part,marvel-comics,based-on-comic,tv-special,fight,violence}'::text[]))",
                                                          "Rows Removed by Filter": 134162
                                                        }
                                                      ]
                                                    }
                                                  ]
                                                },
                                                {
                                                  "Node Type": "Hash",
                                                  "Parent Relationship": "Inner",
                                                  "Parallel Aware": false,
                                                  "Startup Cost": 2996.88,
                                                  "Total Cost": 2996.88,
                                                  "Plan Rows": 8443,
                                                  "Plan Width": 4,
                                                  "Actual Startup Time": 73.89,
                                                  "Actual Total Time": 73.896,
                                                  "Actual Rows": 85941,
                                                  "Actual Loops": 5,
                                                  "Hash Buckets": 131072,
                                                  "Original Hash Buckets": 16384,
                                                  "Hash Batches": 1,
                                                  "Original Hash Batches": 1,
                                                  "Peak Memory Usage": 4046,
                                                  "Plans": [
                                                    {
                                                      "Node Type": "Hash Join",
                                                      "Parent Relationship": "Outer",
                                                      "Parallel Aware": false,
                                                      "Join Type": "Inner",
                                                      "Startup Cost": 2.12,
                                                      "Total Cost": 2996.88,
                                                      "Plan Rows": 8443,
                                                      "Plan Width": 4,
                                                      "Actual Startup Time": 0.257,
                                                      "Actual Total Time": 56.079,
                                                      "Actual Rows": 85941,
                                                      "Actual Loops": 5,
                                                      "Inner Unique": true,
                                                      "Hash Cond": "(cc.status_id = cct2.id)",
                                                      "Plans": [
                                                        {
                                                          "Node Type": "Hash Join",
                                                          "Parent Relationship": "Outer",
                                                          "Parallel Aware": false,
                                                          "Join Type": "Inner",
                                                          "Startup Cost": 1.06,
                                                          "Total Cost": 2813.24,
                                                          "Plan Rows": 33772,
                                                          "Plan Width": 8,
                                                          "Actual Startup Time": 0.133,
                                                          "Actual Total Time": 40.704,
                                                          "Actual Rows": 85941,
                                                          "Actual Loops": 5,
                                                          "Inner Unique": true,
                                                          "Hash Cond": "(cc.subject_id = cct1.id)",
                                                          "Plans": [
                                                            {
                                                              "Node Type": "Seq Scan",
                                                              "Parent Relationship": "Outer",
                                                              "Parallel Aware": false,
                                                              "Relation Name": "complete_cast",
                                                              "Alias": "cc",
                                                              "Startup Cost": 0.0,
                                                              "Total Cost": 2081.86,
                                                              "Plan Rows": 135086,
                                                              "Plan Width": 12,
                                                              "Actual Startup Time": 0.066,
                                                              "Actual Total Time": 17.977,
                                                              "Actual Rows": 135086,
                                                              "Actual Loops": 5
                                                            },
                                                            {
                                                              "Node Type": "Hash",
                                                              "Parent Relationship": "Inner",
                                                              "Parallel Aware": false,
                                                              "Startup Cost": 1.05,
                                                              "Total Cost": 1.05,
                                                              "Plan Rows": 1,
                                                              "Plan Width": 4,
                                                              "Actual Startup Time": 0.022,
                                                              "Actual Total Time": 0.023,
                                                              "Actual Rows": 1,
                                                              "Actual Loops": 5,
                                                              "Hash Buckets": 1024,
                                                              "Original Hash Buckets": 1024,
                                                              "Hash Batches": 1,
                                                              "Original Hash Batches": 1,
                                                              "Peak Memory Usage": 9,
                                                              "Plans": [
                                                                {
                                                                  "Node Type": "Seq Scan",
                                                                  "Parent Relationship": "Outer",
                                                                  "Parallel Aware": false,
                                                                  "Relation Name": "comp_cast_type",
                                                                  "Alias": "cct1",
                                                                  "Startup Cost": 0.0,
                                                                  "Total Cost": 1.05,
                                                                  "Plan Rows": 1,
                                                                  "Plan Width": 4,
                                                                  "Actual Startup Time": 0.01,
                                                                  "Actual Total Time": 0.012,
                                                                  "Actual Rows": 1,
                                                                  "Actual Loops": 5,
                                                                  "Filter": "((kind)::text = 'cast'::text)",
                                                                  "Rows Removed by Filter": 3
                                                                }
                                                              ]
                                                            }
                                                          ]
                                                        },
                                                        {
                                                          "Node Type": "Hash",
                                                          "Parent Relationship": "Inner",
                                                          "Parallel Aware": false,
                                                          "Startup Cost": 1.05,
                                                          "Total Cost": 1.05,
                                                          "Plan Rows": 1,
                                                          "Plan Width": 4,
                                                          "Actual Startup Time": 0.063,
                                                          "Actual Total Time": 0.064,
                                                          "Actual Rows": 2,
                                                          "Actual Loops": 5,
                                                          "Hash Buckets": 1024,
                                                          "Original Hash Buckets": 1024,
                                                          "Hash Batches": 1,
                                                          "Original Hash Batches": 1,
                                                          "Peak Memory Usage": 9,
                                                          "Plans": [
                                                            {
                                                              "Node Type": "Seq Scan",
                                                              "Parent Relationship": "Outer",
                                                              "Parallel Aware": false,
                                                              "Relation Name": "comp_cast_type",
                                                              "Alias": "cct2",
                                                              "Startup Cost": 0.0,
                                                              "Total Cost": 1.05,
                                                              "Plan Rows": 1,
                                                              "Plan Width": 4,
                                                              "Actual Startup Time": 0.043,
                                                              "Actual Total Time": 0.046,
                                                              "Actual Rows": 2,
                                                              "Actual Loops": 5,
                                                              "Filter": "((kind)::text ~~ '%complete%'::text)",
                                                              "Rows Removed by Filter": 2
                                                            }
                                                          ]
                                                        }
                                                      ]
                                                    }
                                                  ]
                                                }
                                              ]
                                            }
                                          ]
                                        }
                                      ]
                                    }
                                  ]
                                }
                              ]
                            }
                          ]
                        }
                      ]
                    },
                    {
                      "Node Type": "Hash",
                      "Parent Relationship": "Inner",
                      "Parallel Aware": false,
                      "Startup Cost": 1.09,
                      "Total Cost": 1.09,
                      "Plan Rows": 1,
                      "Plan Width": 4,
                      "Actual Startup Time": 0.086,
                      "Actual Total Time": 0.087,
                      "Actual Rows": 1,
                      "Actual Loops": 5,
                      "Hash Buckets": 1024,
                      "Original Hash Buckets": 1024,
                      "Hash Batches": 1,
                      "Original Hash Batches": 1,
                      "Peak Memory Usage": 9,
                      "Plans": [
                        {
                          "Node Type": "Seq Scan",
                          "Parent Relationship": "Outer",
                          "Parallel Aware": false,
                          "Relation Name": "kind_type",
                          "Alias": "kt",
                          "Startup Cost": 0.0,
                          "Total Cost": 1.09,
                          "Plan Rows": 1,
                          "Plan Width": 4,
                          "Actual Startup Time": 0.059,
                          "Actual Total Time": 0.063,
                          "Actual Rows": 1,
                          "Actual Loops": 5,
                          "Filter": "((kind)::text = 'movie'::text)",
                          "Rows Removed by Filter": 6
                        }
                      ]
                    }
                  ]
                }
              ]
            }
          ]
        }
      ]
    },
    "Planning Time": 26.578,
    "Triggers": [],
    "Execution Time": 2256.148
  }
]