[
  {
    "Plan": {
      "Node Type": "Aggregate",
      "Strategy": "Plain",
      "Partial Mode": "Finalize",
      "Parallel Aware": false,
      "Startup Cost": 663299.23,
      "Total Cost": 663299.24,
      "Plan Rows": 1,
      "Plan Width": 8,
      "Actual Startup Time": 4435.431,
      "Actual Total Time": 4521.128,
      "Actual Rows": 1,
      "Actual Loops": 1,
      "Plans": [
        {
          "Node Type": "Gather",
          "Parent Relationship": "Outer",
          "Parallel Aware": false,
          "Startup Cost": 663298.6,
          "Total Cost": 663299.21,
          "Plan Rows": 6,
          "Plan Width": 8,
          "Actual Startup Time": 4400.636,
          "Actual Total Time": 4521.113,
          "Actual Rows": 7,
          "Actual Loops": 1,
          "Workers Planned": 6,
          "Workers Launched": 6,
          "Single Copy": false,
          "Plans": [
            {
              "Node Type": "Aggregate",
              "Strategy": "Plain",
              "Partial Mode": "Partial",
              "Parent Relationship": "Outer",
              "Parallel Aware": false,
              "Startup Cost": 662298.6,
              "Total Cost": 662298.61,
              "Plan Rows": 1,
              "Plan Width": 8,
              "Actual Startup Time": 4370.628,
              "Actual Total Time": 4371.22,
              "Actual Rows": 1,
              "Actual Loops": 7,
              "Plans": [
                {
                  "Node Type": "Hash Join",
                  "Parent Relationship": "Outer",
                  "Parallel Aware": true,
                  "Join Type": "Inner",
                  "Startup Cost": 262809.51,
                  "Total Cost": 626865.51,
                  "Plan Rows": 14173237,
                  "Plan Width": 0,
                  "Actual Startup Time": 1102.935,
                  "Actual Total Time": 4019.221,
                  "Actual Rows": 8865412,
                  "Actual Loops": 7,
                  "Inner Unique": false,
                  "Hash Cond": "(ci.movie_id = t.id)",
                  "Plans": [
                    {
                      "Node Type": "Seq Scan",
                      "Parent Relationship": "Outer",
                      "Parallel Aware": true,
                      "Relation Name": "cast_info",
                      "Alias": "ci",
                      "Startup Cost": 0.0,
                      "Total Cost": 313067.02,
                      "Plan Rows": 6038002,
                      "Plan Width": 4,
                      "Actual Startup Time": 0.037,
                      "Actual Total Time": 502.876,
                      "Actual Rows": 5177763,
                      "Actual Loops": 7
                    },
                    {
                      "Node Type": "Hash",
                      "Parent Relationship": "Inner",
                      "Parallel Aware": true,
                      "Startup Cost": 247972.61,
                      "Total Cost": 247972.61,
                      "Plan Rows": 1186952,
                      "Plan Width": 8,
                      "Actual Startup Time": 1093.201,
                      "Actual Total Time": 1093.791,
                      "Actual Rows": 413442,
                      "Actual Loops": 7,
                      "Hash Buckets": 8388608,
                      "Original Hash Buckets": 8388608,
                      "Hash Batches": 1,
                      "Original Hash Batches": 1,
                      "Peak Memory Usage": 178848,
                      "Plans": [
                        {
                          "Node Type": "Hash Join",
                          "Parent Relationship": "Outer",
                          "Parallel Aware": true,
                          "Join Type": "Inner",
                          "Startup Cost": 48650.85,
                          "Total Cost": 247972.61,
                          "Plan Rows": 1186952,
                          "Plan Width": 8,
                          "Actual Startup Time": 136.072,
                          "Actual Total Time": 896.631,
                          "Actual Rows": 413442,
                          "Actual Loops": 7,
                          "Inner Unique": true,
                          "Hash Cond": "(mi.movie_id = t.id)",
                          "Plans": [
                            {
                              "Node Type": "Seq Scan",
                              "Parent Relationship": "Outer",
                              "Parallel Aware": true,
                              "Relation Name": "movie_info",
                              "Alias": "mi",
                              "Startup Cost": 0.0,
                              "Total Cost": 191560.33,
                              "Plan Rows": 2956733,
                              "Plan Width": 4,
                              "Actual Startup Time": 0.031,
                              "Actual Total Time": 267.21,
                              "Actual Rows": 2119389,
                              "Actual Loops": 7
                            },
                            {
                              "Node Type": "Hash",
                              "Parent Relationship": "Inner",
                              "Parallel Aware": true,
                              "Startup Cost": 45479.1,
                              "Total Cost": 45479.1,
                              "Plan Rows": 253740,
                              "Plan Width": 4,
                              "Actual Startup Time": 135.076,
                              "Actual Total Time": 135.077,
                              "Actual Rows": 137159,
                              "Actual Loops": 7,
                              "Hash Buckets": 1048576,
                              "Original Hash Buckets": 1048576,
                              "Hash Batches": 1,
                              "Original Hash Batches": 1,
                              "Peak Memory Usage": 45888,
                              "Plans": [
                                {
                                  "Node Type": "Seq Scan",
                                  "Parent Relationship": "Outer",
                                  "Parallel Aware": true,
                                  "Relation Name": "title",
                                  "Alias": "t",
                                  "Startup Cost": 0.0,
                                  "Total Cost": 45479.1,
                                  "Plan Rows": 253740,
                                  "Plan Width": 4,
                                  "Actual Startup Time": 0.046,
                                  "Actual Total Time": 76.953,
                                  "Actual Rows": 137159,
                                  "Actual Loops": 7,
                                  "Filter": "((production_year < 2008) AND (kind_id = 7))",
                                  "Rows Removed by Filter": 224028
                                }
                              ]
                            }
                          ]
                        }
                      ]
                    }
                  ]
                }
              ]
            }
          ]
        }
      ]
    },
    "Planning Time": 1.345,
    "Triggers": [],
    "Execution Time": 4521.264
  }
]