[
  {
    "Plan": {
      "Node Type": "Aggregate",
      "Strategy": "Plain",
      "Partial Mode": "Finalize",
      "Parallel Aware": false,
      "Startup Cost": 121785.1,
      "Total Cost": 121785.11,
      "Plan Rows": 1,
      "Plan Width": 8,
      "Actual Startup Time": 508.269,
      "Actual Total Time": 530.532,
      "Actual Rows": 1,
      "Actual Loops": 1,
      "Plans": [
        {
          "Node Type": "Gather",
          "Parent Relationship": "Outer",
          "Parallel Aware": false,
          "Startup Cost": 121784.78,
          "Total Cost": 121785.09,
          "Plan Rows": 3,
          "Plan Width": 8,
          "Actual Startup Time": 505.915,
          "Actual Total Time": 530.522,
          "Actual Rows": 4,
          "Actual Loops": 1,
          "Workers Planned": 3,
          "Workers Launched": 3,
          "Single Copy": false,
          "Plans": [
            {
              "Node Type": "Aggregate",
              "Strategy": "Plain",
              "Partial Mode": "Partial",
              "Parent Relationship": "Outer",
              "Parallel Aware": false,
              "Startup Cost": 120784.78,
              "Total Cost": 120784.79,
              "Plan Rows": 1,
              "Plan Width": 8,
              "Actual Startup Time": 495.708,
              "Actual Total Time": 495.881,
              "Actual Rows": 1,
              "Actual Loops": 4,
              "Plans": [
                {
                  "Node Type": "Hash Join",
                  "Parent Relationship": "Outer",
                  "Parallel Aware": true,
                  "Join Type": "Inner",
                  "Startup Cost": 90006.42,
                  "Total Cost": 120603.32,
                  "Plan Rows": 72585,
                  "Plan Width": 0,
                  "Actual Startup Time": 306.115,
                  "Actual Total Time": 472.223,
                  "Actual Rows": 616899,
                  "Actual Loops": 4,
                  "Inner Unique": false,
                  "Hash Cond": "(mc.movie_id = t.id)",
                  "Plans": [
                    {
                      "Node Type": "Seq Scan",
                      "Parent Relationship": "Outer",
                      "Parallel Aware": true,
                      "Relation Name": "movie_companies",
                      "Alias": "mc",
                      "Startup Cost": 0.0,
                      "Total Cost": 27206.55,
                      "Plan Rows": 841655,
                      "Plan Width": 4,
                      "Actual Startup Time": 0.02,
                      "Actual Total Time": 55.199,
                      "Actual Rows": 652282,
                      "Actual Loops": 4
                    },
                    {
                      "Node Type": "Hash",
                      "Parent Relationship": "Inner",
                      "Parallel Aware": true,
                      "Startup Cost": 89127.22,
                      "Total Cost": 89127.22,
                      "Plan Rows": 70336,
                      "Plan Width": 8,
                      "Actual Startup Time": 302.609,
                      "Actual Total Time": 302.781,
                      "Actual Rows": 89719,
                      "Actual Loops": 4,
                      "Hash Buckets": 524288,
                      "Original Hash Buckets": 262144,
                      "Hash Batches": 1,
                      "Original Hash Batches": 1,
                      "Peak Memory Usage": 20256,
                      "Plans": [
                        {
                          "Node Type": "Hash Join",
                          "Parent Relationship": "Outer",
                          "Parallel Aware": true,
                          "Join Type": "Inner",
                          "Startup Cost": 44784.69,
                          "Total Cost": 89127.22,
                          "Plan Rows": 70336,
                          "Plan Width": 8,
                          "Actual Startup Time": 125.392,
                          "Actual Total Time": 277.063,
                          "Actual Rows": 89719,
                          "Actual Loops": 4,
                          "Inner Unique": true,
                          "Hash Cond": "(mk.movie_id = t.id)",
                          "Plans": [
                            {
                              "Node Type": "Seq Scan",
                              "Parent Relationship": "Outer",
                              "Parallel Aware": true,
                              "Relation Name": "movie_keyword",
                              "Alias": "mk",
                              "Startup Cost": 0.0,
                              "Total Cost": 42695.65,
                              "Plan Rows": 627383,
                              "Plan Width": 4,
                              "Actual Startup Time": 0.401,
                              "Actual Total Time": 99.903,
                              "Actual Rows": 486020,
                              "Actual Loops": 4,
                              "Filter": "(keyword_id > 6717)",
                              "Rows Removed by Filter": 644963
                            },
                            {
                              "Node Type": "Hash",
                              "Parent Relationship": "Inner",
                              "Parallel Aware": true,
                              "Startup Cost": 43898.92,
                              "Total Cost": 43898.92,
                              "Plan Rows": 70862,
                              "Plan Width": 4,
                              "Actual Startup Time": 123.023,
                              "Actual Total Time": 123.024,
                              "Actual Rows": 74118,
                              "Actual Loops": 4,
                              "Hash Buckets": 524288,
                              "Original Hash Buckets": 524288,
                              "Hash Batches": 1,
                              "Original Hash Batches": 1,
                              "Peak Memory Usage": 15776,
                              "Plans": [
                                {
                                  "Node Type": "Seq Scan",
                                  "Parent Relationship": "Outer",
                                  "Parallel Aware": true,
                                  "Relation Name": "title",
                                  "Alias": "t",
                                  "Startup Cost": 0.0,
                                  "Total Cost": 43898.92,
                                  "Plan Rows": 70862,
                                  "Plan Width": 4,
                                  "Actual Startup Time": 0.045,
                                  "Actual Total Time": 94.98,
                                  "Actual Rows": 74118,
                                  "Actual Loops": 4,
                                  "Filter": "(production_year < 1965)",
                                  "Rows Removed by Filter": 557960
                                }
                              ]
                            }
                          ]
                        }
                      ]
                    }
                  ]
                }
              ]
            }
          ]
        }
      ]
    },
    "Planning Time": 1.436,
    "Triggers": [],
    "Execution Time": 530.612
  }
]