{
  "Plan": {
    "Node Type": "Aggregate",
    "Strategy": "Plain",
    "Partial Mode": "Finalize",
    "Parallel Aware": false,
    "Startup Cost": 144180.9,
    "Total Cost": 144180.91,
    "Plan Rows": 1,
    "Plan Width": 8,
    "Actual Startup Time": 673.069,
    "Actual Total Time": 691.857,
    "Actual Rows": 1,
    "Actual Loops": 1,
    "Plans": [
      {
        "Node Type": "Gather",
        "Parent Relationship": "Outer",
        "Parallel Aware": false,
        "Startup Cost": 144180.79,
        "Total Cost": 144180.9,
        "Plan Rows": 1,
        "Plan Width": 8,
        "Actual Startup Time": 671.869,
        "Actual Total Time": 691.851,
        "Actual Rows": 2,
        "Actual Loops": 1,
        "Workers Planned": 1,
        "Workers Launched": 1,
        "Single Copy": false,
        "Plans": [
          {
            "Node Type": "Aggregate",
            "Strategy": "Plain",
            "Partial Mode": "Partial",
            "Parent Relationship": "Outer",
            "Parallel Aware": false,
            "Startup Cost": 143180.79,
            "Total Cost": 143180.8,
            "Plan Rows": 1,
            "Plan Width": 8,
            "Actual Startup Time": 666.097,
            "Actual Total Time": 666.103,
            "Actual Rows": 1,
            "Actual Loops": 2,
            "Plans": [
              {
                "Node Type": "Hash Join",
                "Parent Relationship": "Outer",
                "Parallel Aware": true,
                "Join Type": "Inner",
                "Startup Cost": 76931.61,
                "Total Cost": 142968.37,
                "Plan Rows": 84969,
                "Plan Width": 0,
                "Actual Startup Time": 307.997,
                "Actual Total Time": 644.313,
                "Actual Rows": 515290,
                "Actual Loops": 2,
                "Inner Unique": false,
                "Hash Cond": "(mk.movie_id = t.id)",
                "Plans": [
                  {
                    "Node Type": "Seq Scan",
                    "Parent Relationship": "Outer",
                    "Parallel Aware": true,
                    "Relation Name": "movie_keyword",
                    "Alias": "mk",
                    "Startup Cost": 0.0,
                    "Total Cost": 57718.19,
                    "Plan Rows": 2084998,
                    "Plan Width": 4,
                    "Actual Startup Time": 0.065,
                    "Actual Total Time": 189.841,
                    "Actual Rows": 1771966,
                    "Actual Loops": 2,
                    "Filter": "(keyword_id > 917)",
                    "Rows Removed by Filter": 490000
                  },
                  {
                    "Node Type": "Hash",
                    "Parent Relationship": "Inner",
                    "Parallel Aware": true,
                    "Startup Cost": 76174.0,
                    "Total Cost": 76174.0,
                    "Plan Rows": 60609,
                    "Plan Width": 8,
                    "Actual Startup Time": 305.499,
                    "Actual Total Time": 305.504,
                    "Actual Rows": 56693,
                    "Actual Loops": 2,
                    "Hash Buckets": 131072,
                    "Original Hash Buckets": 131072,
                    "Hash Batches": 1,
                    "Original Hash Batches": 1,
                    "Peak Memory Usage": 5504,
                    "Plans": [
                      {
                        "Node Type": "Hash Join",
                        "Parent Relationship": "Outer",
                        "Parallel Aware": true,
                        "Join Type": "Inner",
                        "Startup Cost": 56672.55,
                        "Total Cost": 76174.0,
                        "Plan Rows": 60609,
                        "Plan Width": 8,
                        "Actual Startup Time": 182.978,
                        "Actual Total Time": 294.643,
                        "Actual Rows": 56693,
                        "Actual Loops": 2,
                        "Inner Unique": true,
                        "Hash Cond": "(mi_idx.movie_id = t.id)",
                        "Plans": [
                          {
                            "Node Type": "Seq Scan",
                            "Parent Relationship": "Outer",
                            "Parallel Aware": true,
                            "Relation Name": "movie_info_idx",
                            "Alias": "mi_idx",
                            "Startup Cost": 0.0,
                            "Total Cost": 18082.32,
                            "Plan Rows": 540622,
                            "Plan Width": 4,
                            "Actual Startup Time": 0.022,
                            "Actual Total Time": 57.005,
                            "Actual Rows": 459925,
                            "Actual Loops": 2,
                            "Filter": "(info_type_id < 101)",
                            "Rows Removed by Filter": 230092
                          },
                          {
                            "Node Type": "Hash",
                            "Parent Relationship": "Inner",
                            "Parallel Aware": true,
                            "Startup Cost": 54588.39,
                            "Total Cost": 54588.39,
                            "Plan Rows": 166733,
                            "Plan Width": 4,
                            "Actual Startup Time": 178.085,
                            "Actual Total Time": 178.086,
                            "Actual Rows": 148236,
                            "Actual Loops": 2,
                            "Hash Buckets": 524288,
                            "Original Hash Buckets": 524288,
                            "Hash Batches": 1,
                            "Original Hash Batches": 1,
                            "Peak Memory Usage": 15712,
                            "Plans": [
                              {
                                "Node Type": "Seq Scan",
                                "Parent Relationship": "Outer",
                                "Parallel Aware": true,
                                "Relation Name": "title",
                                "Alias": "t",
                                "Startup Cost": 0.0,
                                "Total Cost": 54588.39,
                                "Plan Rows": 166733,
                                "Plan Width": 4,
                                "Actual Startup Time": 0.06,
                                "Actual Total Time": 139.49,
                                "Actual Rows": 148236,
                                "Actual Loops": 2,
                                "Filter": "(production_year < 1965)",
                                "Rows Removed by Filter": 1115920
                              }
                            ]
                          }
                        ]
                      }
                    ]
                  }
                ]
              }
            ]
          }
        ]
      }
    ]
  },
  "Planning Time": 0.982,
  "Triggers": [],
  "Execution Time": 691.936
}