[
  {
    "Plan": {
      "Node Type": "Aggregate",
      "Strategy": "Plain",
      "Partial Mode": "Finalize",
      "Parallel Aware": false,
      "Startup Cost": 46482.06,
      "Total Cost": 46482.07,
      "Plan Rows": 1,
      "Plan Width": 8,
      "Actual Startup Time": 91.968,
      "Actual Total Time": 105.225,
      "Actual Rows": 1,
      "Actual Loops": 1,
      "Plans": [
        {
          "Node Type": "Gather",
          "Parent Relationship": "Outer",
          "Parallel Aware": false,
          "Startup Cost": 46481.64,
          "Total Cost": 46482.05,
          "Plan Rows": 4,
          "Plan Width": 8,
          "Actual Startup Time": 91.792,
          "Actual Total Time": 105.214,
          "Actual Rows": 5,
          "Actual Loops": 1,
          "Workers Planned": 4,
          "Workers Launched": 4,
          "Single Copy": false,
          "Plans": [
            {
              "Node Type": "Aggregate",
              "Strategy": "Plain",
              "Partial Mode": "Partial",
              "Parent Relationship": "Outer",
              "Parallel Aware": false,
              "Startup Cost": 45481.64,
              "Total Cost": 45481.65,
              "Plan Rows": 1,
              "Plan Width": 8,
              "Actual Startup Time": 85.91,
              "Actual Total Time": 85.911,
              "Actual Rows": 1,
              "Actual Loops": 5,
              "Plans": [
                {
                  "Node Type": "Seq Scan",
                  "Parent Relationship": "Outer",
                  "Parallel Aware": true,
                  "Relation Name": "title",
                  "Alias": "t",
                  "Startup Cost": 0.0,
                  "Total Cost": 45479.59,
                  "Plan Rows": 822,
                  "Plan Width": 0,
                  "Actual Startup Time": 0.587,
                  "Actual Total Time": 85.813,
                  "Actual Rows": 583,
                  "Actual Loops": 5,
                  "Filter": "((kind_id = 7) AND (production_year = 1951))",
                  "Rows Removed by Filter": 505079
                }
              ]
            }
          ]
        }
      ]
    },
    "Planning Time": 0.092,
    "Triggers": [],
    "Execution Time": 105.255
  }
]