[
  {
    "Plan": {
      "Node Type": "Aggregate",
      "Strategy": "Plain",
      "Partial Mode": "Finalize",
      "Parallel Aware": false,
      "Startup Cost": 40492.4,
      "Total Cost": 40492.41,
      "Plan Rows": 1,
      "Plan Width": 8,
      "Actual Startup Time": 47.883,
      "Actual Total Time": 55.093,
      "Actual Rows": 1,
      "Actual Loops": 1,
      "Plans": [
        {
          "Node Type": "Gather",
          "Parent Relationship": "Outer",
          "Parallel Aware": false,
          "Startup Cost": 40492.19,
          "Total Cost": 40492.4,
          "Plan Rows": 2,
          "Plan Width": 8,
          "Actual Startup Time": 47.658,
          "Actual Total Time": 55.051,
          "Actual Rows": 3,
          "Actual Loops": 1,
          "Workers Planned": 2,
          "Workers Launched": 2,
          "Single Copy": false,
          "Plans": [
            {
              "Node Type": "Aggregate",
              "Strategy": "Plain",
              "Partial Mode": "Partial",
              "Parent Relationship": "Outer",
              "Parallel Aware": false,
              "Startup Cost": 39492.19,
              "Total Cost": 39492.2,
              "Plan Rows": 1,
              "Plan Width": 8,
              "Actual Startup Time": 39.435,
              "Actual Total Time": 39.437,
              "Actual Rows": 1,
              "Actual Loops": 3,
              "Plans": [
                {
                  "Node Type": "Nested Loop",
                  "Parent Relationship": "Outer",
                  "Parallel Aware": false,
                  "Join Type": "Inner",
                  "Startup Cost": 170.8,
                  "Total Cost": 39491.49,
                  "Plan Rows": 277,
                  "Plan Width": 0,
                  "Actual Startup Time": 4.604,
                  "Actual Total Time": 39.39,
                  "Actual Rows": 191,
                  "Actual Loops": 3,
                  "Inner Unique": true,
                  "Plans": [
                    {
                      "Node Type": "Bitmap Heap Scan",
                      "Parent Relationship": "Outer",
                      "Parallel Aware": true,
                      "Relation Name": "movie_keyword",
                      "Alias": "mk",
                      "Startup Cost": 170.37,
                      "Total Cost": 16768.0,
                      "Plan Rows": 3330,
                      "Plan Width": 4,
                      "Actual Startup Time": 2.838,
                      "Actual Total Time": 14.152,
                      "Actual Rows": 2224,
                      "Actual Loops": 3,
                      "Recheck Cond": "(keyword_id = 2879)",
                      "Rows Removed by Index Recheck": 0,
                      "Exact Heap Blocks": 4317,
                      "Lossy Heap Blocks": 0,
                      "Plans": [
                        {
                          "Node Type": "Bitmap Index Scan",
                          "Parent Relationship": "Outer",
                          "Parallel Aware": false,
                          "Index Name": "keyword_id_movie_keyword",
                          "Startup Cost": 0.0,
                          "Total Cost": 168.37,
                          "Plan Rows": 7992,
                          "Plan Width": 0,
                          "Actual Startup Time": 5.399,
                          "Actual Total Time": 5.399,
                          "Actual Rows": 6673,
                          "Actual Loops": 1,
                          "Index Cond": "(keyword_id = 2879)"
                        }
                      ]
                    },
                    {
                      "Node Type": "Index Scan",
                      "Parent Relationship": "Inner",
                      "Parallel Aware": false,
                      "Scan Direction": "Forward",
                      "Index Name": "title_pkey",
                      "Relation Name": "title",
                      "Alias": "t",
                      "Startup Cost": 0.43,
                      "Total Cost": 6.82,
                      "Plan Rows": 1,
                      "Plan Width": 4,
                      "Actual Startup Time": 0.011,
                      "Actual Total Time": 0.011,
                      "Actual Rows": 0,
                      "Actual Loops": 6673,
                      "Index Cond": "(id = mk.movie_id)",
                      "Rows Removed by Index Recheck": 0,
                      "Filter": "((kind_id < 7) AND (production_year > 2009))",
                      "Rows Removed by Filter": 1
                    }
                  ]
                }
              ]
            }
          ]
        }
      ]
    },
    "Planning Time": 0.656,
    "Triggers": [],
    "Execution Time": 55.194
  }
]