{
  "Plan": {
    "Node Type": "Aggregate",
    "Strategy": "Plain",
    "Partial Mode": "Finalize",
    "Parallel Aware": false,
    "Startup Cost": 767669.6,
    "Total Cost": 767669.61,
    "Plan Rows": 1,
    "Plan Width": 8,
    "Actual Startup Time": 5883.152,
    "Actual Total Time": 5955.048,
    "Actual Rows": 1,
    "Actual Loops": 1,
    "Plans": [
      {
        "Node Type": "Gather",
        "Parent Relationship": "Outer",
        "Parallel Aware": false,
        "Startup Cost": 767669.49,
        "Total Cost": 767669.6,
        "Plan Rows": 1,
        "Plan Width": 8,
        "Actual Startup Time": 5882.231,
        "Actual Total Time": 5955.038,
        "Actual Rows": 2,
        "Actual Loops": 1,
        "Workers Planned": 1,
        "Workers Launched": 1,
        "Single Copy": false,
        "Plans": [
          {
            "Node Type": "Aggregate",
            "Strategy": "Plain",
            "Partial Mode": "Partial",
            "Parent Relationship": "Outer",
            "Parallel Aware": false,
            "Startup Cost": 766669.49,
            "Total Cost": 766669.5,
            "Plan Rows": 1,
            "Plan Width": 8,
            "Actual Startup Time": 5875.638,
            "Actual Total Time": 5875.643,
            "Actual Rows": 1,
            "Actual Loops": 2,
            "Plans": [
              {
                "Node Type": "Hash Join",
                "Parent Relationship": "Outer",
                "Parallel Aware": true,
                "Join Type": "Inner",
                "Startup Cost": 174745.23,
                "Total Cost": 752885.6,
                "Plan Rows": 5513554,
                "Plan Width": 0,
                "Actual Startup Time": 1454.695,
                "Actual Total Time": 5598.003,
                "Actual Rows": 6790612,
                "Actual Loops": 2,
                "Inner Unique": false,
                "Hash Cond": "(ci.movie_id = t.id)",
                "Plans": [
                  {
                    "Node Type": "Seq Scan",
                    "Parent Relationship": "Outer",
                    "Parallel Aware": true,
                    "Relation Name": "cast_info",
                    "Alias": "ci",
                    "Startup Cost": 0.0,
                    "Total Cost": 465792.95,
                    "Plan Rows": 21310595,
                    "Plan Width": 4,
                    "Actual Startup Time": 0.045,
                    "Actual Total Time": 1434.251,
                    "Actual Rows": 18122172,
                    "Actual Loops": 2
                  },
                  {
                    "Node Type": "Hash",
                    "Parent Relationship": "Inner",
                    "Parallel Aware": true,
                    "Startup Cost": 169935.45,
                    "Total Cost": 169935.45,
                    "Plan Rows": 384782,
                    "Plan Width": 8,
                    "Actual Startup Time": 1445.004,
                    "Actual Total Time": 1445.007,
                    "Actual Rows": 178308,
                    "Actual Loops": 2,
                    "Hash Buckets": 1048576,
                    "Original Hash Buckets": 1048576,
                    "Hash Batches": 1,
                    "Original Hash Batches": 1,
                    "Peak Memory Usage": 22176,
                    "Plans": [
                      {
                        "Node Type": "Merge Join",
                        "Parent Relationship": "Outer",
                        "Parallel Aware": false,
                        "Join Type": "Inner",
                        "Startup Cost": 3.02,
                        "Total Cost": 169935.45,
                        "Plan Rows": 384782,
                        "Plan Width": 8,
                        "Actual Startup Time": 0.471,
                        "Actual Total Time": 1342.72,
                        "Actual Rows": 178308,
                        "Actual Loops": 2,
                        "Inner Unique": false,
                        "Merge Cond": "(t.id = mi_idx.movie_id)",
                        "Plans": [
                          {
                            "Node Type": "Index Scan",
                            "Parent Relationship": "Outer",
                            "Parallel Aware": true,
                            "Scan Direction": "Forward",
                            "Index Name": "title_pkey",
                            "Relation Name": "title",
                            "Alias": "t",
                            "Startup Cost": 0.43,
                            "Total Cost": 107365.5,
                            "Plan Rows": 704939,
                            "Plan Width": 4,
                            "Actual Startup Time": 0.089,
                            "Actual Total Time": 887.689,
                            "Actual Rows": 642525,
                            "Actual Loops": 2,
                            "Filter": "((production_year > 1978) AND (kind_id = 7))",
                            "Rows Removed by Filter": 620762
                          },
                          {
                            "Node Type": "Index Only Scan",
                            "Parent Relationship": "Inner",
                            "Parallel Aware": false,
                            "Scan Direction": "Forward",
                            "Index Name": "movie_id_movie_info_idx",
                            "Relation Name": "movie_info_idx",
                            "Alias": "mi_idx",
                            "Startup Cost": 0.43,
                            "Total Cost": 53620.22,
                            "Plan Rows": 1380035,
                            "Plan Width": 4,
                            "Actual Startup Time": 0.164,
                            "Actual Total Time": 321.152,
                            "Actual Rows": 1380035,
                            "Actual Loops": 2,
                            "Heap Fetches": 2760070
                          }
                        ]
                      }
                    ]
                  }
                ]
              }
            ]
          }
        ]
      }
    ]
  },
  "Planning Time": 1.11,
  "Triggers": [],
  "Execution Time": 5955.17
}