[
    {
        "Bao": {
            "Bao prediction": "NaN",
            "Bao recommended hint": "(no hint)"
        }
    },
    {
        "Plan": {
            "Node Type": "Aggregate",
            "Strategy": "Plain",
            "Partial Mode": "Finalize",
            "Parallel Aware": false,
            "Startup Cost": 39517.86,
            "Total Cost": 39517.87,
            "Plan Rows": 1,
            "Plan Width": 8,
            "Actual Startup Time": 157.062,
            "Actual Total Time": 164.12,
            "Actual Rows": 1,
            "Actual Loops": 1,
            "Output": [
                "count(*)"
            ],
            "Plans": [
                {
                    "Node Type": "Gather",
                    "Parent Relationship": "Outer",
                    "Parallel Aware": false,
                    "Startup Cost": 39517.54,
                    "Total Cost": 39517.85,
                    "Plan Rows": 3,
                    "Plan Width": 8,
                    "Actual Startup Time": 156.749,
                    "Actual Total Time": 164.107,
                    "Actual Rows": 4,
                    "Actual Loops": 1,
                    "Output": [
                        "(PARTIAL count(*))"
                    ],
                    "Workers Planned": 3,
                    "Workers Launched": 3,
                    "Single Copy": false,
                    "Plans": [
                        {
                            "Node Type": "Aggregate",
                            "Strategy": "Plain",
                            "Partial Mode": "Partial",
                            "Parent Relationship": "Outer",
                            "Parallel Aware": false,
                            "Startup Cost": 38517.54,
                            "Total Cost": 38517.55,
                            "Plan Rows": 1,
                            "Plan Width": 8,
                            "Actual Startup Time": 130.573,
                            "Actual Total Time": 130.574,
                            "Actual Rows": 1,
                            "Actual Loops": 4,
                            "Output": [
                                "PARTIAL count(*)"
                            ],
                            "Workers": [
                                {
                                    "Worker Number": 0,
                                    "Actual Startup Time": 116.964,
                                    "Actual Total Time": 116.965,
                                    "Actual Rows": 1,
                                    "Actual Loops": 1
                                },
                                {
                                    "Worker Number": 1,
                                    "Actual Startup Time": 124.816,
                                    "Actual Total Time": 124.817,
                                    "Actual Rows": 1,
                                    "Actual Loops": 1
                                },
                                {
                                    "Worker Number": 2,
                                    "Actual Startup Time": 124.333,
                                    "Actual Total Time": 124.335,
                                    "Actual Rows": 1,
                                    "Actual Loops": 1
                                }
                            ],
                            "Plans": [
                                {
                                    "Node Type": "Bitmap Heap Scan",
                                    "Parent Relationship": "Outer",
                                    "Parallel Aware": true,
                                    "Relation Name": "movie_keyword",
                                    "Schema": "public",
                                    "Alias": "mk",
                                    "Startup Cost": 11451.71,
                                    "Total Cost": 38082.24,
                                    "Plan Rows": 174122,
                                    "Plan Width": 0,
                                    "Actual Startup Time": 31.938,
                                    "Actual Total Time": 122.418,
                                    "Actual Rows": 133514,
                                    "Actual Loops": 4,
                                    "Recheck Cond": "(mk.keyword_id > 34315)",
                                    "Rows Removed by Index Recheck": 0,
                                    "Exact Heap Blocks": 9199,
                                    "Lossy Heap Blocks": 0,
                                    "Workers": [
                                        {
                                            "Worker Number": 0,
                                            "Actual Startup Time": 17.894,
                                            "Actual Total Time": 109.117,
                                            "Actual Rows": 110725,
                                            "Actual Loops": 1
                                        },
                                        {
                                            "Worker Number": 1,
                                            "Actual Startup Time": 26.183,
                                            "Actual Total Time": 117.706,
                                            "Actual Rows": 108467,
                                            "Actual Loops": 1
                                        },
                                        {
                                            "Worker Number": 2,
                                            "Actual Startup Time": 27.623,
                                            "Actual Total Time": 117.348,
                                            "Actual Rows": 101772,
                                            "Actual Loops": 1
                                        }
                                    ],
                                    "Plans": [
                                        {
                                            "Node Type": "Bitmap Index Scan",
                                            "Parent Relationship": "Outer",
                                            "Parallel Aware": false,
                                            "Index Name": "keyword_id_movie_keyword",
                                            "Startup Cost": 0.0,
                                            "Total Cost": 11316.77,
                                            "Plan Rows": 539778,
                                            "Plan Width": 0,
                                            "Actual Startup Time": 52.103,
                                            "Actual Total Time": 52.103,
                                            "Actual Rows": 534054,
                                            "Actual Loops": 1,
                                            "Index Cond": "(mk.keyword_id > 34315)"
                                        }
                                    ]
                                }
                            ]
                        }
                    ]
                }
            ]
        },
        "Planning Time": 247.796,
        "Triggers": [],
        "Execution Time": 164.203
    }
]