{
    "Plan": {
        "Node Type": "Aggregate",
        "Strategy": "Plain",
        "Partial Mode": "Simple",
        "Parallel Aware": false,
        "Startup Cost": 20002566914.14,
        "Total Cost": 20002566914.15,
        "Plan Rows": 1,
        "Plan Width": 96,
        "Actual Startup Time": 4131.675,
        "Actual Total Time": 4131.685,
        "Actual Rows": 1,
        "Actual Loops": 1,
        "Output": [
            "min((lt.link)::text)",
            "min(t1.title)",
            "min(t2.title)"
        ],
        "Plans": [
            {
                "Node Type": "Hash Join",
                "Parent Relationship": "Outer",
                "Parallel Aware": false,
                "Join Type": "Inner",
                "Startup Cost": 20000580049.08,
                "Total Cost": 20002566914.07,
                "Plan Rows": 10,
                "Plan Width": 46,
                "Actual Startup Time": 2766.935,
                "Actual Total Time": 4131.551,
                "Actual Rows": 992,
                "Actual Loops": 1,
                "Output": [
                    "lt.link",
                    "t1.title",
                    "t2.title"
                ],
                "Inner Unique": true,
                "Hash Cond": "(ml.link_type_id = lt.id)",
                "Plans": [
                    {
                        "Node Type": "Nested Loop",
                        "Parent Relationship": "Outer",
                        "Parallel Aware": false,
                        "Join Type": "Inner",
                        "Startup Cost": 10000580036.45,
                        "Total Cost": 10002566901.4,
                        "Plan Rows": 10,
                        "Plan Width": 38,
                        "Actual Startup Time": 2766.868,
                        "Actual Total Time": 4131.335,
                        "Actual Rows": 992,
                        "Actual Loops": 1,
                        "Output": [
                            "ml.link_type_id",
                            "t1.title",
                            "t2.title"
                        ],
                        "Inner Unique": true,
                        "Join Filter": "(mk.keyword_id = k.id)",
                        "Rows Removed by Join Filter": 287200,
                        "Plans": [
                            {
                                "Node Type": "Hash Join",
                                "Parent Relationship": "Outer",
                                "Parallel Aware": false,
                                "Join Type": "Inner",
                                "Startup Cost": 10000580036.03,
                                "Total Cost": 10002541099.7,
                                "Plan Rows": 1363918,
                                "Plan Width": 42,
                                "Actual Startup Time": 2704.778,
                                "Actual Total Time": 4044.096,
                                "Actual Rows": 288192,
                                "Actual Loops": 1,
                                "Output": [
                                    "mk.keyword_id",
                                    "ml.link_type_id",
                                    "t1.title",
                                    "t2.title"
                                ],
                                "Inner Unique": false,
                                "Hash Cond": "(t1.id = mk.movie_id)",
                                "Plans": [
                                    {
                                        "Node Type": "Hash Join",
                                        "Parent Relationship": "Outer",
                                        "Parallel Aware": false,
                                        "Join Type": "Inner",
                                        "Startup Cost": 10000346309.44,
                                        "Total Cost": 10002261540.91,
                                        "Plan Rows": 29997,
                                        "Plan Width": 46,
                                        "Actual Startup Time": 1490.28,
                                        "Actual Total Time": 2804.092,
                                        "Actual Rows": 29997,
                                        "Actual Loops": 1,
                                        "Output": [
                                            "ml.movie_id",
                                            "ml.link_type_id",
                                            "t1.title",
                                            "t1.id",
                                            "t2.title"
                                        ],
                                        "Inner Unique": false,
                                        "Hash Cond": "(t1.id = ml.movie_id)",
                                        "Plans": [
                                            {
                                                "Node Type": "Index Scan",
                                                "Parent Relationship": "Outer",
                                                "Parallel Aware": false,
                                                "Scan Direction": "Forward",
                                                "Index Name": "title_pkey",
                                                "Relation Name": "title",
                                                "Schema": "public",
                                                "Alias": "t1",
                                                "Startup Cost": 0.43,
                                                "Total Cost": 110342.1,
                                                "Plan Rows": 2528322,
                                                "Plan Width": 21,
                                                "Actual Startup Time": 0.014,
                                                "Actual Total Time": 1016.513,
                                                "Actual Rows": 2528312,
                                                "Actual Loops": 1,
                                                "Output": [
                                                    "t1.id",
                                                    "t1.title",
                                                    "t1.imdb_index",
                                                    "t1.kind_id",
                                                    "t1.production_year",
                                                    "t1.imdb_id",
                                                    "t1.phonetic_code",
                                                    "t1.episode_of_id",
                                                    "t1.season_nr",
                                                    "t1.episode_nr",
                                                    "t1.series_years",
                                                    "t1.md5sum"
                                                ]
                                            },
                                            {
                                                "Node Type": "Hash",
                                                "Parent Relationship": "Inner",
                                                "Parallel Aware": false,
                                                "Startup Cost": 10000345934.05,
                                                "Total Cost": 10000345934.05,
                                                "Plan Rows": 29997,
                                                "Plan Width": 25,
                                                "Actual Startup Time": 1490.213,
                                                "Actual Total Time": 1490.217,
                                                "Actual Rows": 29997,
                                                "Actual Loops": 1,
                                                "Output": [
                                                    "ml.movie_id",
                                                    "ml.link_type_id",
                                                    "t2.title"
                                                ],
                                                "Hash Buckets": 32768,
                                                "Original Hash Buckets": 32768,
                                                "Hash Batches": 1,
                                                "Original Hash Batches": 1,
                                                "Peak Memory Usage": 1982,
                                                "Plans": [
                                                    {
                                                        "Node Type": "Merge Join",
                                                        "Parent Relationship": "Outer",
                                                        "Parallel Aware": false,
                                                        "Join Type": "Inner",
                                                        "Startup Cost": 10000332859.98,
                                                        "Total Cost": 10000345934.05,
                                                        "Plan Rows": 29997,
                                                        "Plan Width": 25,
                                                        "Actual Startup Time": 932.86,
                                                        "Actual Total Time": 1484.23,
                                                        "Actual Rows": 29997,
                                                        "Actual Loops": 1,
                                                        "Output": [
                                                            "ml.movie_id",
                                                            "ml.link_type_id",
                                                            "t2.title"
                                                        ],
                                                        "Inner Unique": false,
                                                        "Merge Cond": "(t2.id = ml.linked_movie_id)",
                                                        "Plans": [
                                                            {
                                                                "Node Type": "Sort",
                                                                "Parent Relationship": "Outer",
                                                                "Parallel Aware": false,
                                                                "Startup Cost": 10000330165.09,
                                                                "Total Cost": 10000336485.89,
                                                                "Plan Rows": 2528322,
                                                                "Plan Width": 21,
                                                                "Actual Startup Time": 924.254,
                                                                "Actual Total Time": 1225.187,
                                                                "Actual Rows": 2524995,
                                                                "Actual Loops": 1,
                                                                "Output": [
                                                                    "t2.title",
                                                                    "t2.id"
                                                                ],
                                                                "Sort Key": [
                                                                    "t2.id"
                                                                ],
                                                                "Sort Method": "quicksort",
                                                                "Sort Space Used": 275055,
                                                                "Sort Space Type": "Memory",
                                                                "Plans": [
                                                                    {
                                                                        "Node Type": "Seq Scan",
                                                                        "Parent Relationship": "Outer",
                                                                        "Parallel Aware": false,
                                                                        "Relation Name": "title",
                                                                        "Schema": "public",
                                                                        "Alias": "t2",
                                                                        "Startup Cost": 10000000000.0,
                                                                        "Total Cost": 10000061281.22,
                                                                        "Plan Rows": 2528322,
                                                                        "Plan Width": 21,
                                                                        "Actual Startup Time": 0.015,
                                                                        "Actual Total Time": 260.166,
                                                                        "Actual Rows": 2528312,
                                                                        "Actual Loops": 1,
                                                                        "Output": [
                                                                            "t2.title",
                                                                            "t2.id"
                                                                        ]
                                                                    }
                                                                ]
                                                            },
                                                            {
                                                                "Node Type": "Sort",
                                                                "Parent Relationship": "Inner",
                                                                "Parallel Aware": false,
                                                                "Startup Cost": 2693.63,
                                                                "Total Cost": 2768.62,
                                                                "Plan Rows": 29997,
                                                                "Plan Width": 12,
                                                                "Actual Startup Time": 8.469,
                                                                "Actual Total Time": 12.849,
                                                                "Actual Rows": 29997,
                                                                "Actual Loops": 1,
                                                                "Output": [
                                                                    "ml.movie_id",
                                                                    "ml.linked_movie_id",
                                                                    "ml.link_type_id"
                                                                ],
                                                                "Sort Key": [
                                                                    "ml.linked_movie_id"
                                                                ],
                                                                "Sort Method": "quicksort",
                                                                "Sort Space Used": 2175,
                                                                "Sort Space Type": "Memory",
                                                                "Plans": [
                                                                    {
                                                                        "Node Type": "Seq Scan",
                                                                        "Parent Relationship": "Outer",
                                                                        "Parallel Aware": false,
                                                                        "Relation Name": "movie_link",
                                                                        "Schema": "public",
                                                                        "Alias": "ml",
                                                                        "Startup Cost": 0.0,
                                                                        "Total Cost": 462.97,
                                                                        "Plan Rows": 29997,
                                                                        "Plan Width": 12,
                                                                        "Actual Startup Time": 0.019,
                                                                        "Actual Total Time": 2.936,
                                                                        "Actual Rows": 29997,
                                                                        "Actual Loops": 1,
                                                                        "Output": [
                                                                            "ml.movie_id",
                                                                            "ml.linked_movie_id",
                                                                            "ml.link_type_id"
                                                                        ]
                                                                    }
                                                                ]
                                                            }
                                                        ]
                                                    }
                                                ]
                                            }
                                        ]
                                    },
                                    {
                                        "Node Type": "Hash",
                                        "Parent Relationship": "Inner",
                                        "Parallel Aware": false,
                                        "Startup Cost": 177177.46,
                                        "Total Cost": 177177.46,
                                        "Plan Rows": 4523930,
                                        "Plan Width": 8,
                                        "Actual Startup Time": 1202.326,
                                        "Actual Total Time": 1202.327,
                                        "Actual Rows": 4523930,
                                        "Actual Loops": 1,
                                        "Output": [
                                            "mk.keyword_id",
                                            "mk.movie_id"
                                        ],
                                        "Hash Buckets": 8388608,
                                        "Original Hash Buckets": 8388608,
                                        "Hash Batches": 1,
                                        "Original Hash Batches": 1,
                                        "Peak Memory Usage": 242253,
                                        "Plans": [
                                            {
                                                "Node Type": "Index Scan",
                                                "Parent Relationship": "Outer",
                                                "Parallel Aware": false,
                                                "Scan Direction": "Forward",
                                                "Index Name": "movie_id_movie_keyword",
                                                "Relation Name": "movie_keyword",
                                                "Schema": "public",
                                                "Alias": "mk",
                                                "Startup Cost": 0.43,
                                                "Total Cost": 177177.46,
                                                "Plan Rows": 4523930,
                                                "Plan Width": 8,
                                                "Actual Startup Time": 0.037,
                                                "Actual Total Time": 671.962,
                                                "Actual Rows": 4523930,
                                                "Actual Loops": 1,
                                                "Output": [
                                                    "mk.keyword_id",
                                                    "mk.movie_id"
                                                ]
                                            }
                                        ]
                                    }
                                ]
                            },
                            {
                                "Node Type": "Materialize",
                                "Parent Relationship": "Inner",
                                "Parallel Aware": false,
                                "Startup Cost": 0.42,
                                "Total Cost": 5342.93,
                                "Plan Rows": 1,
                                "Plan Width": 4,
                                "Actual Startup Time": 0.0,
                                "Actual Total Time": 0.0,
                                "Actual Rows": 1,
                                "Actual Loops": 288192,
                                "Output": [
                                    "k.id"
                                ],
                                "Plans": [
                                    {
                                        "Node Type": "Index Scan",
                                        "Parent Relationship": "Outer",
                                        "Parallel Aware": false,
                                        "Scan Direction": "Forward",
                                        "Index Name": "keyword_pkey",
                                        "Relation Name": "keyword",
                                        "Schema": "public",
                                        "Alias": "k",
                                        "Startup Cost": 0.42,
                                        "Total Cost": 5342.92,
                                        "Plan Rows": 1,
                                        "Plan Width": 4,
                                        "Actual Startup Time": 0.947,
                                        "Actual Total Time": 35.865,
                                        "Actual Rows": 1,
                                        "Actual Loops": 1,
                                        "Output": [
                                            "k.id"
                                        ],
                                        "Filter": "(k.keyword = 'superhero'::text)",
                                        "Rows Removed by Filter": 134169
                                    }
                                ]
                            }
                        ]
                    },
                    {
                        "Node Type": "Hash",
                        "Parent Relationship": "Inner",
                        "Parallel Aware": false,
                        "Startup Cost": 10000000012.41,
                        "Total Cost": 10000000012.41,
                        "Plan Rows": 18,
                        "Plan Width": 16,
                        "Actual Startup Time": 0.057,
                        "Actual Total Time": 0.057,
                        "Actual Rows": 18,
                        "Actual Loops": 1,
                        "Output": [
                            "lt.link",
                            "lt.id"
                        ],
                        "Hash Buckets": 1024,
                        "Original Hash Buckets": 1024,
                        "Hash Batches": 1,
                        "Original Hash Batches": 1,
                        "Peak Memory Usage": 9,
                        "Plans": [
                            {
                                "Node Type": "Index Scan",
                                "Parent Relationship": "Outer",
                                "Parallel Aware": false,
                                "Scan Direction": "Forward",
                                "Index Name": "link_type_pkey",
                                "Relation Name": "link_type",
                                "Schema": "public",
                                "Alias": "lt",
                                "Startup Cost": 10000000000.14,
                                "Total Cost": 10000000012.41,
                                "Plan Rows": 18,
                                "Plan Width": 16,
                                "Actual Startup Time": 0.028,
                                "Actual Total Time": 0.041,
                                "Actual Rows": 18,
                                "Actual Loops": 1,
                                "Output": [
                                    "lt.link",
                                    "lt.id"
                                ]
                            }
                        ]
                    }
                ]
            }
        ]
    },
    "Planning Time": 2.387,
    "Triggers": [],
    "Execution Time": 4133.392
}