[
  {
    "Plan": {
      "Node Type": "Aggregate",
      "Strategy": "Plain",
      "Partial Mode": "Finalize",
      "Parallel Aware": false,
      "Startup Cost": 128212.22,
      "Total Cost": 128212.23,
      "Plan Rows": 1,
      "Plan Width": 8,
      "Actual Startup Time": 520.069,
      "Actual Total Time": 542.708,
      "Actual Rows": 1,
      "Actual Loops": 1,
      "Plans": [
        {
          "Node Type": "Gather",
          "Parent Relationship": "Outer",
          "Parallel Aware": false,
          "Startup Cost": 128211.91,
          "Total Cost": 128212.22,
          "Plan Rows": 3,
          "Plan Width": 8,
          "Actual Startup Time": 518.232,
          "Actual Total Time": 542.698,
          "Actual Rows": 4,
          "Actual Loops": 1,
          "Workers Planned": 3,
          "Workers Launched": 3,
          "Single Copy": false,
          "Plans": [
            {
              "Node Type": "Aggregate",
              "Strategy": "Plain",
              "Partial Mode": "Partial",
              "Parent Relationship": "Outer",
              "Parallel Aware": false,
              "Startup Cost": 127211.91,
              "Total Cost": 127211.92,
              "Plan Rows": 1,
              "Plan Width": 8,
              "Actual Startup Time": 509.396,
              "Actual Total Time": 509.534,
              "Actual Rows": 1,
              "Actual Loops": 4,
              "Plans": [
                {
                  "Node Type": "Hash Join",
                  "Parent Relationship": "Outer",
                  "Parallel Aware": true,
                  "Join Type": "Inner",
                  "Startup Cost": 80612.07,
                  "Total Cost": 126826.22,
                  "Plan Rows": 154273,
                  "Plan Width": 0,
                  "Actual Startup Time": 328.664,
                  "Actual Total Time": 492.745,
                  "Actual Rows": 378376,
                  "Actual Loops": 4,
                  "Inner Unique": false,
                  "Hash Cond": "(mk.movie_id = t.id)",
                  "Plans": [
                    {
                      "Node Type": "Seq Scan",
                      "Parent Relationship": "Outer",
                      "Parallel Aware": true,
                      "Relation Name": "movie_keyword",
                      "Alias": "mk",
                      "Startup Cost": 0.0,
                      "Total Cost": 42695.65,
                      "Plan Rows": 835418,
                      "Plan Width": 4,
                      "Actual Startup Time": 0.26,
                      "Actual Total Time": 115.82,
                      "Actual Rows": 645293,
                      "Actual Loops": 4,
                      "Filter": "(keyword_id > 3339)",
                      "Rows Removed by Filter": 485689
                    },
                    {
                      "Node Type": "Hash",
                      "Parent Relationship": "Inner",
                      "Parallel Aware": true,
                      "Startup Cost": 79153.05,
                      "Total Cost": 79153.05,
                      "Plan Rows": 116722,
                      "Plan Width": 8,
                      "Actual Startup Time": 288.195,
                      "Actual Total Time": 288.331,
                      "Actual Rows": 39332,
                      "Actual Loops": 4,
                      "Hash Buckets": 524288,
                      "Original Hash Buckets": 524288,
                      "Hash Batches": 1,
                      "Original Hash Batches": 1,
                      "Peak Memory Usage": 10336,
                      "Plans": [
                        {
                          "Node Type": "Hash Join",
                          "Parent Relationship": "Outer",
                          "Parallel Aware": true,
                          "Join Type": "Inner",
                          "Startup Cost": 33297.43,
                          "Total Cost": 79153.05,
                          "Plan Rows": 116722,
                          "Plan Width": 8,
                          "Actual Startup Time": 198.157,
                          "Actual Total Time": 274.809,
                          "Actual Rows": 39332,
                          "Actual Loops": 4,
                          "Inner Unique": false,
                          "Hash Cond": "(t.id = mc.movie_id)",
                          "Plans": [
                            {
                              "Node Type": "Seq Scan",
                              "Parent Relationship": "Outer",
                              "Parallel Aware": true,
                              "Relation Name": "title",
                              "Alias": "t",
                              "Startup Cost": 0.0,
                              "Total Cost": 42318.73,
                              "Plan Rows": 632073,
                              "Plan Width": 4,
                              "Actual Startup Time": 0.013,
                              "Actual Total Time": 79.329,
                              "Actual Rows": 632078,
                              "Actual Loops": 4
                            },
                            {
                              "Node Type": "Hash",
                              "Parent Relationship": "Inner",
                              "Parallel Aware": true,
                              "Startup Cost": 31414.82,
                              "Total Cost": 31414.82,
                              "Plan Rows": 150609,
                              "Plan Width": 4,
                              "Actual Startup Time": 100.601,
                              "Actual Total Time": 100.602,
                              "Actual Rows": 39332,
                              "Actual Loops": 4,
                              "Hash Buckets": 524288,
                              "Original Hash Buckets": 524288,
                              "Hash Batches": 1,
                              "Original Hash Batches": 1,
                              "Peak Memory Usage": 10336,
                              "Plans": [
                                {
                                  "Node Type": "Seq Scan",
                                  "Parent Relationship": "Outer",
                                  "Parallel Aware": true,
                                  "Relation Name": "movie_companies",
                                  "Alias": "mc",
                                  "Startup Cost": 0.0,
                                  "Total Cost": 31414.82,
                                  "Plan Rows": 150609,
                                  "Plan Width": 4,
                                  "Actual Startup Time": 25.226,
                                  "Actual Total Time": 82.658,
                                  "Actual Rows": 39332,
                                  "Actual Loops": 4,
                                  "Filter": "((company_id > 18110) AND (company_type_id = 1))",
                                  "Rows Removed by Filter": 612950
                                }
                              ]
                            }
                          ]
                        }
                      ]
                    }
                  ]
                }
              ]
            }
          ]
        }
      ]
    },
    "Planning Time": 1.408,
    "Triggers": [],
    "Execution Time": 542.794
  }
]