[
  {
    "Plan": {
      "Node Type": "Aggregate",
      "Strategy": "Plain",
      "Partial Mode": "Simple",
      "Parallel Aware": false,
      "Startup Cost": 38614.19,
      "Total Cost": 38614.2,
      "Plan Rows": 1,
      "Plan Width": 64,
      "Actual Startup Time": 275.548,
      "Actual Total Time": 293.46,
      "Actual Rows": 1,
      "Actual Loops": 1,
      "Plans": [
        {
          "Node Type": "Gather",
          "Parent Relationship": "Outer",
          "Parallel Aware": false,
          "Startup Cost": 5735.54,
          "Total Cost": 38614.18,
          "Plan Rows": 2,
          "Plan Width": 33,
          "Actual Startup Time": 83.015,
          "Actual Total Time": 293.418,
          "Actual Rows": 13,
          "Actual Loops": 1,
          "Workers Planned": 3,
          "Workers Launched": 3,
          "Single Copy": false,
          "Plans": [
            {
              "Node Type": "Nested Loop",
              "Parent Relationship": "Outer",
              "Parallel Aware": false,
              "Join Type": "Inner",
              "Startup Cost": 4735.54,
              "Total Cost": 37613.98,
              "Plan Rows": 1,
              "Plan Width": 33,
              "Actual Startup Time": 162.546,
              "Actual Total Time": 266.338,
              "Actual Rows": 3,
              "Actual Loops": 4,
              "Inner Unique": true,
              "Plans": [
                {
                  "Node Type": "Nested Loop",
                  "Parent Relationship": "Outer",
                  "Parallel Aware": false,
                  "Join Type": "Inner",
                  "Startup Cost": 4735.41,
                  "Total Cost": 37613.83,
                  "Plan Rows": 1,
                  "Plan Width": 37,
                  "Actual Startup Time": 162.494,
                  "Actual Total Time": 266.277,
                  "Actual Rows": 3,
                  "Actual Loops": 4,
                  "Inner Unique": true,
                  "Plans": [
                    {
                      "Node Type": "Hash Join",
                      "Parent Relationship": "Outer",
                      "Parallel Aware": false,
                      "Join Type": "Inner",
                      "Startup Cost": 4734.98,
                      "Total Cost": 37608.04,
                      "Plan Rows": 1,
                      "Plan Width": 25,
                      "Actual Startup Time": 162.417,
                      "Actual Total Time": 266.086,
                      "Actual Rows": 3,
                      "Actual Loops": 4,
                      "Inner Unique": true,
                      "Hash Cond": "(ci.role_id = rt.id)",
                      "Plans": [
                        {
                          "Node Type": "Nested Loop",
                          "Parent Relationship": "Outer",
                          "Parallel Aware": false,
                          "Join Type": "Inner",
                          "Startup Cost": 4733.81,
                          "Total Cost": 37606.85,
                          "Plan Rows": 9,
                          "Plan Width": 29,
                          "Actual Startup Time": 162.02,
                          "Actual Total Time": 265.685,
                          "Actual Rows": 4,
                          "Actual Loops": 4,
                          "Inner Unique": false,
                          "Join Filter": "(t.id = ci.movie_id)",
                          "Rows Removed by Join Filter": 0,
                          "Plans": [
                            {
                              "Node Type": "Nested Loop",
                              "Parent Relationship": "Outer",
                              "Parallel Aware": false,
                              "Join Type": "Inner",
                              "Startup Cost": 4733.25,
                              "Total Cost": 36652.36,
                              "Plan Rows": 478,
                              "Plan Width": 29,
                              "Actual Startup Time": 66.928,
                              "Actual Total Time": 249.601,
                              "Actual Rows": 66,
                              "Actual Loops": 4,
                              "Inner Unique": true,
                              "Plans": [
                                {
                                  "Node Type": "Hash Join",
                                  "Parent Relationship": "Outer",
                                  "Parallel Aware": true,
                                  "Join Type": "Inner",
                                  "Startup Cost": 4732.82,
                                  "Total Cost": 34148.75,
                                  "Plan Rows": 4824,
                                  "Plan Width": 8,
                                  "Actual Startup Time": 22.604,
                                  "Actual Total Time": 214.729,
                                  "Actual Rows": 2198,
                                  "Actual Loops": 4,
                                  "Inner Unique": true,
                                  "Hash Cond": "(mc.company_id = cn.id)",
                                  "Plans": [
                                    {
                                      "Node Type": "Seq Scan",
                                      "Parent Relationship": "Outer",
                                      "Parallel Aware": true,
                                      "Relation Name": "movie_companies",
                                      "Alias": "mc",
                                      "Startup Cost": 0.0,
                                      "Total Cost": 27206.55,
                                      "Plan Rows": 841655,
                                      "Plan Width": 12,
                                      "Actual Startup Time": 0.034,
                                      "Actual Total Time": 130.296,
                                      "Actual Rows": 652282,
                                      "Actual Loops": 4
                                    },
                                    {
                                      "Node Type": "Hash",
                                      "Parent Relationship": "Inner",
                                      "Parallel Aware": true,
                                      "Startup Cost": 4722.92,
                                      "Total Cost": 4722.92,
                                      "Plan Rows": 792,
                                      "Plan Width": 4,
                                      "Actual Startup Time": 21.63,
                                      "Actual Total Time": 21.631,
                                      "Actual Rows": 340,
                                      "Actual Loops": 4,
                                      "Hash Buckets": 2048,
                                      "Original Hash Buckets": 2048,
                                      "Hash Batches": 1,
                                      "Original Hash Batches": 1,
                                      "Peak Memory Usage": 144,
                                      "Plans": [
                                        {
                                          "Node Type": "Seq Scan",
                                          "Parent Relationship": "Outer",
                                          "Parallel Aware": true,
                                          "Relation Name": "company_name",
                                          "Alias": "cn",
                                          "Startup Cost": 0.0,
                                          "Total Cost": 4722.92,
                                          "Plan Rows": 792,
                                          "Plan Width": 4,
                                          "Actual Startup Time": 0.184,
                                          "Actual Total Time": 21.283,
                                          "Actual Rows": 340,
                                          "Actual Loops": 4,
                                          "Filter": "((country_code)::text = '[ru]'::text)",
                                          "Rows Removed by Filter": 58409
                                        }
                                      ]
                                    }
                                  ]
                                },
                                {
                                  "Node Type": "Index Scan",
                                  "Parent Relationship": "Inner",
                                  "Parallel Aware": false,
                                  "Scan Direction": "Forward",
                                  "Index Name": "title_pkey",
                                  "Relation Name": "title",
                                  "Alias": "t",
                                  "Startup Cost": 0.43,
                                  "Total Cost": 0.52,
                                  "Plan Rows": 1,
                                  "Plan Width": 21,
                                  "Actual Startup Time": 0.015,
                                  "Actual Total Time": 0.015,
                                  "Actual Rows": 0,
                                  "Actual Loops": 8790,
                                  "Index Cond": "(id = mc.movie_id)",
                                  "Rows Removed by Index Recheck": 0,
                                  "Filter": "(production_year < 1960)",
                                  "Rows Removed by Filter": 1
                                }
                              ]
                            },
                            {
                              "Node Type": "Index Scan",
                              "Parent Relationship": "Inner",
                              "Parallel Aware": false,
                              "Scan Direction": "Forward",
                              "Index Name": "movie_id_cast_info",
                              "Relation Name": "cast_info",
                              "Alias": "ci",
                              "Startup Cost": 0.56,
                              "Total Cost": 1.98,
                              "Plan Rows": 1,
                              "Plan Width": 12,
                              "Actual Startup Time": 0.23,
                              "Actual Total Time": 0.244,
                              "Actual Rows": 0,
                              "Actual Loops": 262,
                              "Index Cond": "(movie_id = mc.movie_id)",
                              "Rows Removed by Index Recheck": 0,
                              "Filter": "((note ~~ '%(voice)%'::text) AND (note ~~ '%(uncredited)%'::text))",
                              "Rows Removed by Filter": 15
                            }
                          ]
                        },
                        {
                          "Node Type": "Hash",
                          "Parent Relationship": "Inner",
                          "Parallel Aware": false,
                          "Startup Cost": 1.15,
                          "Total Cost": 1.15,
                          "Plan Rows": 1,
                          "Plan Width": 4,
                          "Actual Startup Time": 0.071,
                          "Actual Total Time": 0.071,
                          "Actual Rows": 1,
                          "Actual Loops": 4,
                          "Hash Buckets": 1024,
                          "Original Hash Buckets": 1024,
                          "Hash Batches": 1,
                          "Original Hash Batches": 1,
                          "Peak Memory Usage": 9,
                          "Plans": [
                            {
                              "Node Type": "Seq Scan",
                              "Parent Relationship": "Outer",
                              "Parallel Aware": false,
                              "Relation Name": "role_type",
                              "Alias": "rt",
                              "Startup Cost": 0.0,
                              "Total Cost": 1.15,
                              "Plan Rows": 1,
                              "Plan Width": 4,
                              "Actual Startup Time": 0.047,
                              "Actual Total Time": 0.05,
                              "Actual Rows": 1,
                              "Actual Loops": 4,
                              "Filter": "((role)::text = 'actor'::text)",
                              "Rows Removed by Filter": 11
                            }
                          ]
                        }
                      ]
                    },
                    {
                      "Node Type": "Index Scan",
                      "Parent Relationship": "Inner",
                      "Parallel Aware": false,
                      "Scan Direction": "Forward",
                      "Index Name": "char_name_pkey",
                      "Relation Name": "char_name",
                      "Alias": "chn",
                      "Startup Cost": 0.43,
                      "Total Cost": 5.79,
                      "Plan Rows": 1,
                      "Plan Width": 20,
                      "Actual Startup Time": 0.056,
                      "Actual Total Time": 0.056,
                      "Actual Rows": 1,
                      "Actual Loops": 13,
                      "Index Cond": "(id = ci.person_role_id)",
                      "Rows Removed by Index Recheck": 0
                    }
                  ]
                },
                {
                  "Node Type": "Index Only Scan",
                  "Parent Relationship": "Inner",
                  "Parallel Aware": false,
                  "Scan Direction": "Forward",
                  "Index Name": "company_type_pkey",
                  "Relation Name": "company_type",
                  "Alias": "ct",
                  "Startup Cost": 0.13,
                  "Total Cost": 0.15,
                  "Plan Rows": 1,
                  "Plan Width": 4,
                  "Actual Startup Time": 0.015,
                  "Actual Total Time": 0.016,
                  "Actual Rows": 1,
                  "Actual Loops": 13,
                  "Index Cond": "(id = mc.company_type_id)",
                  "Rows Removed by Index Recheck": 0,
                  "Heap Fetches": 13
                }
              ]
            }
          ]
        }
      ]
    },
    "Planning Time": 6.131,
    "Triggers": [],
    "Execution Time": 293.873
  }
]