[
    {
        "Bao": {
            "Bao prediction": "NaN",
            "Bao recommended hint": "(no hint)"
        }
    },
    {
        "Plan": {
            "Node Type": "Aggregate",
            "Strategy": "Plain",
            "Partial Mode": "Finalize",
            "Parallel Aware": false,
            "Startup Cost": 25159.63,
            "Total Cost": 25159.64,
            "Plan Rows": 1,
            "Plan Width": 8,
            "Actual Startup Time": 17.586,
            "Actual Total Time": 20.573,
            "Actual Rows": 1,
            "Actual Loops": 1,
            "Output": [
                "count(*)"
            ],
            "Plans": [
                {
                    "Node Type": "Gather",
                    "Parent Relationship": "Outer",
                    "Parallel Aware": false,
                    "Startup Cost": 25159.41,
                    "Total Cost": 25159.62,
                    "Plan Rows": 2,
                    "Plan Width": 8,
                    "Actual Startup Time": 17.35,
                    "Actual Total Time": 20.566,
                    "Actual Rows": 3,
                    "Actual Loops": 1,
                    "Output": [
                        "(PARTIAL count(*))"
                    ],
                    "Workers Planned": 2,
                    "Workers Launched": 2,
                    "Single Copy": false,
                    "Plans": [
                        {
                            "Node Type": "Aggregate",
                            "Strategy": "Plain",
                            "Partial Mode": "Partial",
                            "Parent Relationship": "Outer",
                            "Parallel Aware": false,
                            "Startup Cost": 24159.41,
                            "Total Cost": 24159.42,
                            "Plan Rows": 1,
                            "Plan Width": 8,
                            "Actual Startup Time": 9.417,
                            "Actual Total Time": 9.419,
                            "Actual Rows": 1,
                            "Actual Loops": 3,
                            "Output": [
                                "PARTIAL count(*)"
                            ],
                            "Workers": [
                                {
                                    "Worker Number": 0,
                                    "Actual Startup Time": 5.402,
                                    "Actual Total Time": 5.404,
                                    "Actual Rows": 1,
                                    "Actual Loops": 1
                                },
                                {
                                    "Worker Number": 1,
                                    "Actual Startup Time": 5.798,
                                    "Actual Total Time": 5.8,
                                    "Actual Rows": 1,
                                    "Actual Loops": 1
                                }
                            ],
                            "Plans": [
                                {
                                    "Node Type": "Nested Loop",
                                    "Parent Relationship": "Outer",
                                    "Parallel Aware": false,
                                    "Join Type": "Inner",
                                    "Startup Cost": 93.58,
                                    "Total Cost": 24158.83,
                                    "Plan Rows": 234,
                                    "Plan Width": 0,
                                    "Actual Startup Time": 4.239,
                                    "Actual Total Time": 9.411,
                                    "Actual Rows": 21,
                                    "Actual Loops": 3,
                                    "Inner Unique": true,
                                    "Workers": [
                                        {
                                            "Worker Number": 0,
                                            "Actual Startup Time": 5.396,
                                            "Actual Total Time": 5.397,
                                            "Actual Rows": 0,
                                            "Actual Loops": 1
                                        },
                                        {
                                            "Worker Number": 1,
                                            "Actual Startup Time": 5.791,
                                            "Actual Total Time": 5.793,
                                            "Actual Rows": 0,
                                            "Actual Loops": 1
                                        }
                                    ],
                                    "Plans": [
                                        {
                                            "Node Type": "Bitmap Heap Scan",
                                            "Parent Relationship": "Outer",
                                            "Parallel Aware": true,
                                            "Relation Name": "movie_keyword",
                                            "Schema": "public",
                                            "Alias": "mk",
                                            "Startup Cost": 93.15,
                                            "Total Cost": 11014.05,
                                            "Plan Rows": 1759,
                                            "Plan Width": 4,
                                            "Actual Startup Time": 0.588,
                                            "Actual Total Time": 3.318,
                                            "Actual Rows": 966,
                                            "Actual Loops": 3,
                                            "Output": [
                                                "mk.id",
                                                "mk.movie_id",
                                                "mk.keyword_id"
                                            ],
                                            "Recheck Cond": "(mk.keyword_id = 317)",
                                            "Rows Removed by Index Recheck": 0,
                                            "Exact Heap Blocks": 2639,
                                            "Lossy Heap Blocks": 0,
                                            "Workers": [
                                                {
                                                    "Worker Number": 0,
                                                    "Actual Startup Time": 0.12,
                                                    "Actual Total Time": 1.912,
                                                    "Actual Rows": 56,
                                                    "Actual Loops": 1
                                                },
                                                {
                                                    "Worker Number": 1,
                                                    "Actual Startup Time": 0.132,
                                                    "Actual Total Time": 2.089,
                                                    "Actual Rows": 47,
                                                    "Actual Loops": 1
                                                }
                                            ],
                                            "Plans": [
                                                {
                                                    "Node Type": "Bitmap Index Scan",
                                                    "Parent Relationship": "Outer",
                                                    "Parallel Aware": false,
                                                    "Index Name": "keyword_id_movie_keyword",
                                                    "Startup Cost": 0.0,
                                                    "Total Cost": 92.1,
                                                    "Plan Rows": 4222,
                                                    "Plan Width": 0,
                                                    "Actual Startup Time": 1.074,
                                                    "Actual Total Time": 1.074,
                                                    "Actual Rows": 2899,
                                                    "Actual Loops": 1,
                                                    "Index Cond": "(mk.keyword_id = 317)"
                                                }
                                            ]
                                        },
                                        {
                                            "Node Type": "Index Scan",
                                            "Parent Relationship": "Inner",
                                            "Parallel Aware": false,
                                            "Scan Direction": "Forward",
                                            "Index Name": "title_pkey",
                                            "Relation Name": "title",
                                            "Schema": "public",
                                            "Alias": "t",
                                            "Startup Cost": 0.43,
                                            "Total Cost": 7.47,
                                            "Plan Rows": 1,
                                            "Plan Width": 4,
                                            "Actual Startup Time": 0.006,
                                            "Actual Total Time": 0.006,
                                            "Actual Rows": 0,
                                            "Actual Loops": 2899,
                                            "Output": [
                                                "t.id",
                                                "t.title",
                                                "t.imdb_index",
                                                "t.kind_id",
                                                "t.production_year",
                                                "t.imdb_id",
                                                "t.phonetic_code",
                                                "t.episode_of_id",
                                                "t.season_nr",
                                                "t.episode_nr",
                                                "t.series_years",
                                                "t.md5sum"
                                            ],
                                            "Index Cond": "(t.id = mk.movie_id)",
                                            "Rows Removed by Index Recheck": 0,
                                            "Filter": "((t.production_year < 1983) AND (t.kind_id = 7))",
                                            "Rows Removed by Filter": 1,
                                            "Workers": [
                                                {
                                                    "Worker Number": 0,
                                                    "Actual Startup Time": 0.06,
                                                    "Actual Total Time": 0.06,
                                                    "Actual Rows": 0,
                                                    "Actual Loops": 56
                                                },
                                                {
                                                    "Worker Number": 1,
                                                    "Actual Startup Time": 0.076,
                                                    "Actual Total Time": 0.076,
                                                    "Actual Rows": 0,
                                                    "Actual Loops": 47
                                                }
                                            ]
                                        }
                                    ]
                                }
                            ]
                        }
                    ]
                }
            ]
        },
        "Planning Time": 198.87,
        "Triggers": [],
        "Execution Time": 20.665
    }
]