{
  "Plan": {
    "Node Type": "Aggregate",
    "Strategy": "Plain",
    "Partial Mode": "Finalize",
    "Parallel Aware": false,
    "Startup Cost": 77573.11,
    "Total Cost": 77573.12,
    "Plan Rows": 1,
    "Plan Width": 8,
    "Actual Startup Time": 274.962,
    "Actual Total Time": 289.825,
    "Actual Rows": 1,
    "Actual Loops": 1,
    "Plans": [
      {
        "Node Type": "Gather",
        "Parent Relationship": "Outer",
        "Parallel Aware": false,
        "Startup Cost": 77573.0,
        "Total Cost": 77573.11,
        "Plan Rows": 1,
        "Plan Width": 8,
        "Actual Startup Time": 274.69,
        "Actual Total Time": 289.815,
        "Actual Rows": 2,
        "Actual Loops": 1,
        "Workers Planned": 1,
        "Workers Launched": 1,
        "Single Copy": false,
        "Plans": [
          {
            "Node Type": "Aggregate",
            "Strategy": "Plain",
            "Partial Mode": "Partial",
            "Parent Relationship": "Outer",
            "Parallel Aware": false,
            "Startup Cost": 76573.0,
            "Total Cost": 76573.01,
            "Plan Rows": 1,
            "Plan Width": 8,
            "Actual Startup Time": 269.086,
            "Actual Total Time": 269.091,
            "Actual Rows": 1,
            "Actual Loops": 2,
            "Plans": [
              {
                "Node Type": "Hash Join",
                "Parent Relationship": "Outer",
                "Parallel Aware": true,
                "Join Type": "Inner",
                "Startup Cost": 58381.07,
                "Total Cost": 76564.86,
                "Plan Rows": 3258,
                "Plan Width": 0,
                "Actual Startup Time": 154.377,
                "Actual Total Time": 268.699,
                "Actual Rows": 6564,
                "Actual Loops": 2,
                "Inner Unique": true,
                "Hash Cond": "(mi_idx.movie_id = t.id)",
                "Plans": [
                  {
                    "Node Type": "Seq Scan",
                    "Parent Relationship": "Outer",
                    "Parallel Aware": true,
                    "Relation Name": "movie_info_idx",
                    "Alias": "mi_idx",
                    "Startup Cost": 0.0,
                    "Total Cost": 16052.85,
                    "Plan Rows": 811785,
                    "Plan Width": 4,
                    "Actual Startup Time": 0.029,
                    "Actual Total Time": 55.627,
                    "Actual Rows": 690018,
                    "Actual Loops": 2
                  },
                  {
                    "Node Type": "Hash",
                    "Parent Relationship": "Inner",
                    "Parallel Aware": true,
                    "Startup Cost": 58306.47,
                    "Total Cost": 58306.47,
                    "Plan Rows": 5968,
                    "Plan Width": 4,
                    "Actual Startup Time": 152.775,
                    "Actual Total Time": 152.775,
                    "Actual Rows": 5264,
                    "Actual Loops": 2,
                    "Hash Buckets": 16384,
                    "Original Hash Buckets": 16384,
                    "Hash Batches": 1,
                    "Original Hash Batches": 1,
                    "Peak Memory Usage": 576,
                    "Plans": [
                      {
                        "Node Type": "Seq Scan",
                        "Parent Relationship": "Outer",
                        "Parallel Aware": true,
                        "Relation Name": "title",
                        "Alias": "t",
                        "Startup Cost": 0.0,
                        "Total Cost": 58306.47,
                        "Plan Rows": 5968,
                        "Plan Width": 4,
                        "Actual Startup Time": 0.708,
                        "Actual Total Time": 150.751,
                        "Actual Rows": 5264,
                        "Actual Loops": 2,
                        "Filter": "((kind_id < 7) AND (production_year = 1993))",
                        "Rows Removed by Filter": 1258892
                      }
                    ]
                  }
                ]
              }
            ]
          }
        ]
      }
    ]
  },
  "Planning Time": 0.487,
  "Triggers": [],
  "Execution Time": 289.897
}