[
  {
    "Plan": {
      "Node Type": "Aggregate",
      "Strategy": "Plain",
      "Partial Mode": "Finalize",
      "Parallel Aware": false,
      "Startup Cost": 79175.11,
      "Total Cost": 79175.12,
      "Plan Rows": 1,
      "Plan Width": 8,
      "Actual Startup Time": 297.16,
      "Actual Total Time": 313.671,
      "Actual Rows": 1,
      "Actual Loops": 1,
      "Plans": [
        {
          "Node Type": "Gather",
          "Parent Relationship": "Outer",
          "Parallel Aware": false,
          "Startup Cost": 79174.79,
          "Total Cost": 79175.1,
          "Plan Rows": 3,
          "Plan Width": 8,
          "Actual Startup Time": 295.05,
          "Actual Total Time": 313.655,
          "Actual Rows": 4,
          "Actual Loops": 1,
          "Workers Planned": 3,
          "Workers Launched": 3,
          "Single Copy": false,
          "Plans": [
            {
              "Node Type": "Aggregate",
              "Strategy": "Plain",
              "Partial Mode": "Partial",
              "Parent Relationship": "Outer",
              "Parallel Aware": false,
              "Startup Cost": 78174.79,
              "Total Cost": 78174.8,
              "Plan Rows": 1,
              "Plan Width": 8,
              "Actual Startup Time": 289.754,
              "Actual Total Time": 289.757,
              "Actual Rows": 1,
              "Actual Loops": 4,
              "Plans": [
                {
                  "Node Type": "Hash Join",
                  "Parent Relationship": "Outer",
                  "Parallel Aware": true,
                  "Join Type": "Inner",
                  "Startup Cost": 46545.25,
                  "Total Cost": 77910.84,
                  "Plan Rows": 105581,
                  "Plan Width": 0,
                  "Actual Startup Time": 126.934,
                  "Actual Total Time": 287.308,
                  "Actual Rows": 44232,
                  "Actual Loops": 4,
                  "Inner Unique": true,
                  "Hash Cond": "(mc.movie_id = t.id)",
                  "Plans": [
                    {
                      "Node Type": "Seq Scan",
                      "Parent Relationship": "Outer",
                      "Parallel Aware": true,
                      "Relation Name": "movie_companies",
                      "Alias": "mc",
                      "Startup Cost": 0.0,
                      "Total Cost": 29310.68,
                      "Plan Rows": 782822,
                      "Plan Width": 4,
                      "Actual Startup Time": 0.017,
                      "Actual Total Time": 81.987,
                      "Actual Rows": 607132,
                      "Actual Loops": 4,
                      "Filter": "(company_id > 34)",
                      "Rows Removed by Filter": 45150
                    },
                    {
                      "Node Type": "Hash",
                      "Parent Relationship": "Inner",
                      "Parallel Aware": true,
                      "Startup Cost": 45479.59,
                      "Total Cost": 45479.59,
                      "Plan Rows": 85253,
                      "Plan Width": 4,
                      "Actual Startup Time": 124.9,
                      "Actual Total Time": 124.901,
                      "Actual Rows": 54632,
                      "Actual Loops": 4,
                      "Hash Buckets": 524288,
                      "Original Hash Buckets": 524288,
                      "Hash Batches": 1,
                      "Original Hash Batches": 1,
                      "Peak Memory Usage": 12736,
                      "Plans": [
                        {
                          "Node Type": "Seq Scan",
                          "Parent Relationship": "Outer",
                          "Parallel Aware": true,
                          "Relation Name": "title",
                          "Alias": "t",
                          "Startup Cost": 0.0,
                          "Total Cost": 45479.59,
                          "Plan Rows": 85253,
                          "Plan Width": 4,
                          "Actual Startup Time": 0.046,
                          "Actual Total Time": 103.023,
                          "Actual Rows": 54632,
                          "Actual Loops": 4,
                          "Filter": "((kind_id > 1) AND (production_year < 1978))",
                          "Rows Removed by Filter": 577446
                        }
                      ]
                    }
                  ]
                }
              ]
            }
          ]
        }
      ]
    },
    "Planning Time": 0.346,
    "Triggers": [],
    "Execution Time": 313.709
  }
]