[
  {
    "Plan": {
      "Node Type": "Aggregate",
      "Strategy": "Plain",
      "Partial Mode": "Finalize",
      "Parallel Aware": false,
      "Startup Cost": 79204.84,
      "Total Cost": 79204.85,
      "Plan Rows": 1,
      "Plan Width": 8,
      "Actual Startup Time": 436.258,
      "Actual Total Time": 462.002,
      "Actual Rows": 1,
      "Actual Loops": 1,
      "Plans": [
        {
          "Node Type": "Gather",
          "Parent Relationship": "Outer",
          "Parallel Aware": false,
          "Startup Cost": 79204.52,
          "Total Cost": 79204.83,
          "Plan Rows": 3,
          "Plan Width": 8,
          "Actual Startup Time": 434.521,
          "Actual Total Time": 461.984,
          "Actual Rows": 4,
          "Actual Loops": 1,
          "Workers Planned": 3,
          "Workers Launched": 3,
          "Single Copy": false,
          "Plans": [
            {
              "Node Type": "Aggregate",
              "Strategy": "Plain",
              "Partial Mode": "Partial",
              "Parent Relationship": "Outer",
              "Parallel Aware": false,
              "Startup Cost": 78204.52,
              "Total Cost": 78204.53,
              "Plan Rows": 1,
              "Plan Width": 8,
              "Actual Startup Time": 426.171,
              "Actual Total Time": 426.176,
              "Actual Rows": 1,
              "Actual Loops": 4,
              "Plans": [
                {
                  "Node Type": "Hash Join",
                  "Parent Relationship": "Outer",
                  "Parallel Aware": true,
                  "Join Type": "Inner",
                  "Startup Cost": 46565.77,
                  "Total Cost": 77934.89,
                  "Plan Rows": 107853,
                  "Plan Width": 0,
                  "Actual Startup Time": 171.423,
                  "Actual Total Time": 423.097,
                  "Actual Rows": 44232,
                  "Actual Loops": 4,
                  "Inner Unique": true,
                  "Hash Cond": "(mc.movie_id = t.id)",
                  "Plans": [
                    {
                      "Node Type": "Seq Scan",
                      "Parent Relationship": "Outer",
                      "Parallel Aware": true,
                      "Relation Name": "movie_companies",
                      "Alias": "mc",
                      "Startup Cost": 0.0,
                      "Total Cost": 29310.68,
                      "Plan Rows": 784165,
                      "Plan Width": 4,
                      "Actual Startup Time": 0.037,
                      "Actual Total Time": 119.305,
                      "Actual Rows": 607132,
                      "Actual Loops": 4,
                      "Filter": "(company_id > 34)",
                      "Rows Removed by Filter": 45150
                    },
                    {
                      "Node Type": "Hash",
                      "Parent Relationship": "Inner",
                      "Parallel Aware": true,
                      "Startup Cost": 45479.1,
                      "Total Cost": 45479.1,
                      "Plan Rows": 86934,
                      "Plan Width": 4,
                      "Actual Startup Time": 167.378,
                      "Actual Total Time": 167.38,
                      "Actual Rows": 54632,
                      "Actual Loops": 4,
                      "Hash Buckets": 524288,
                      "Original Hash Buckets": 524288,
                      "Hash Batches": 1,
                      "Original Hash Batches": 1,
                      "Peak Memory Usage": 12704,
                      "Plans": [
                        {
                          "Node Type": "Seq Scan",
                          "Parent Relationship": "Outer",
                          "Parallel Aware": true,
                          "Relation Name": "title",
                          "Alias": "t",
                          "Startup Cost": 0.0,
                          "Total Cost": 45479.1,
                          "Plan Rows": 86934,
                          "Plan Width": 4,
                          "Actual Startup Time": 0.064,
                          "Actual Total Time": 137.435,
                          "Actual Rows": 54632,
                          "Actual Loops": 4,
                          "Filter": "((kind_id > 1) AND (production_year < 1978))",
                          "Rows Removed by Filter": 577446
                        }
                      ]
                    }
                  ]
                }
              ]
            }
          ]
        }
      ]
    },
    "Planning Time": 0.745,
    "Triggers": [],
    "Execution Time": 462.086
  }
]