[
  {
    "Plan": {
      "Node Type": "Aggregate",
      "Strategy": "Plain",
      "Partial Mode": "Finalize",
      "Parallel Aware": false,
      "Startup Cost": 337828.71,
      "Total Cost": 337828.72,
      "Plan Rows": 1,
      "Plan Width": 8,
      "Actual Startup Time": 851.861,
      "Actual Total Time": 915.183,
      "Actual Rows": 1,
      "Actual Loops": 1,
      "Plans": [
        {
          "Node Type": "Gather",
          "Parent Relationship": "Outer",
          "Parallel Aware": false,
          "Startup Cost": 337828.08,
          "Total Cost": 337828.69,
          "Plan Rows": 6,
          "Plan Width": 8,
          "Actual Startup Time": 851.68,
          "Actual Total Time": 915.17,
          "Actual Rows": 7,
          "Actual Loops": 1,
          "Workers Planned": 6,
          "Workers Launched": 6,
          "Single Copy": false,
          "Plans": [
            {
              "Node Type": "Aggregate",
              "Strategy": "Plain",
              "Partial Mode": "Partial",
              "Parent Relationship": "Outer",
              "Parallel Aware": false,
              "Startup Cost": 336828.08,
              "Total Cost": 336828.09,
              "Plan Rows": 1,
              "Plan Width": 8,
              "Actual Startup Time": 843.189,
              "Actual Total Time": 843.19,
              "Actual Rows": 1,
              "Actual Loops": 7,
              "Plans": [
                {
                  "Node Type": "Seq Scan",
                  "Parent Relationship": "Outer",
                  "Parallel Aware": true,
                  "Relation Name": "cast_info",
                  "Alias": "ci",
                  "Startup Cost": 0.0,
                  "Total Cost": 328211.39,
                  "Plan Rows": 3446677,
                  "Plan Width": 0,
                  "Actual Startup Time": 190.348,
                  "Actual Total Time": 693.899,
                  "Actual Rows": 2930780,
                  "Actual Loops": 7,
                  "Filter": "(person_id > 1553512)",
                  "Rows Removed by Filter": 2246984
                }
              ]
            }
          ]
        }
      ]
    },
    "Planning Time": 0.164,
    "Triggers": [],
    "Execution Time": 915.254
  }
]