{
    "Plan": {
        "Node Type": "Aggregate",
        "Strategy": "Plain",
        "Partial Mode": "Finalize",
        "Parallel Aware": false,
        "Startup Cost": 54266.83,
        "Total Cost": 54266.84,
        "Plan Rows": 1,
        "Plan Width": 8,
        "Actual Startup Time": 108.998,
        "Actual Total Time": 122.035,
        "Actual Rows": 1,
        "Actual Loops": 1,
        "Output": [
            "count(*)"
        ],
        "Plans": [
            {
                "Node Type": "Gather",
                "Parent Relationship": "Outer",
                "Parallel Aware": false,
                "Startup Cost": 54266.41,
                "Total Cost": 54266.82,
                "Plan Rows": 4,
                "Plan Width": 8,
                "Actual Startup Time": 108.862,
                "Actual Total Time": 122.026,
                "Actual Rows": 5,
                "Actual Loops": 1,
                "Output": [
                    "(PARTIAL count(*))"
                ],
                "Workers Planned": 4,
                "Workers Launched": 4,
                "Single Copy": false,
                "Plans": [
                    {
                        "Node Type": "Aggregate",
                        "Strategy": "Plain",
                        "Partial Mode": "Partial",
                        "Parent Relationship": "Outer",
                        "Parallel Aware": false,
                        "Startup Cost": 53266.41,
                        "Total Cost": 53266.42,
                        "Plan Rows": 1,
                        "Plan Width": 8,
                        "Actual Startup Time": 98.119,
                        "Actual Total Time": 98.121,
                        "Actual Rows": 1,
                        "Actual Loops": 5,
                        "Output": [
                            "PARTIAL count(*)"
                        ],
                        "Workers": [
                            {
                                "Worker Number": 0,
                                "Actual Startup Time": 95.914,
                                "Actual Total Time": 95.915,
                                "Actual Rows": 1,
                                "Actual Loops": 1
                            },
                            {
                                "Worker Number": 1,
                                "Actual Startup Time": 95.541,
                                "Actual Total Time": 95.543,
                                "Actual Rows": 1,
                                "Actual Loops": 1
                            },
                            {
                                "Worker Number": 2,
                                "Actual Startup Time": 96.218,
                                "Actual Total Time": 96.22,
                                "Actual Rows": 1,
                                "Actual Loops": 1
                            },
                            {
                                "Worker Number": 3,
                                "Actual Startup Time": 94.854,
                                "Actual Total Time": 94.856,
                                "Actual Rows": 1,
                                "Actual Loops": 1
                            }
                        ],
                        "Plans": [
                            {
                                "Node Type": "Nested Loop",
                                "Parent Relationship": "Outer",
                                "Parallel Aware": false,
                                "Join Type": "Inner",
                                "Startup Cost": 0.86,
                                "Total Cost": 53260.63,
                                "Plan Rows": 2314,
                                "Plan Width": 0,
                                "Actual Startup Time": 4.709,
                                "Actual Total Time": 98.049,
                                "Actual Rows": 464,
                                "Actual Loops": 5,
                                "Inner Unique": false,
                                "Join Filter": "(t.id = mi.movie_id)",
                                "Rows Removed by Join Filter": 0,
                                "Workers": [
                                    {
                                        "Worker Number": 0,
                                        "Actual Startup Time": 1.859,
                                        "Actual Total Time": 95.842,
                                        "Actual Rows": 419,
                                        "Actual Loops": 1
                                    },
                                    {
                                        "Worker Number": 1,
                                        "Actual Startup Time": 9.426,
                                        "Actual Total Time": 95.489,
                                        "Actual Rows": 245,
                                        "Actual Loops": 1
                                    },
                                    {
                                        "Worker Number": 2,
                                        "Actual Startup Time": 8.7,
                                        "Actual Total Time": 96.143,
                                        "Actual Rows": 447,
                                        "Actual Loops": 1
                                    },
                                    {
                                        "Worker Number": 3,
                                        "Actual Startup Time": 2.016,
                                        "Actual Total Time": 94.792,
                                        "Actual Rows": 350,
                                        "Actual Loops": 1
                                    }
                                ],
                                "Plans": [
                                    {
                                        "Node Type": "Nested Loop",
                                        "Parent Relationship": "Outer",
                                        "Parallel Aware": false,
                                        "Join Type": "Inner",
                                        "Startup Cost": 0.43,
                                        "Total Cost": 52493.8,
                                        "Plan Rows": 396,
                                        "Plan Width": 8,
                                        "Actual Startup Time": 4.52,
                                        "Actual Total Time": 94.882,
                                        "Actual Rows": 69,
                                        "Actual Loops": 5,
                                        "Output": [
                                            "t.id",
                                            "mc.movie_id"
                                        ],
                                        "Inner Unique": false,
                                        "Workers": [
                                            {
                                                "Worker Number": 0,
                                                "Actual Startup Time": 1.593,
                                                "Actual Total Time": 92.051,
                                                "Actual Rows": 62,
                                                "Actual Loops": 1
                                            },
                                            {
                                                "Worker Number": 1,
                                                "Actual Startup Time": 9.198,
                                                "Actual Total Time": 92.396,
                                                "Actual Rows": 39,
                                                "Actual Loops": 1
                                            },
                                            {
                                                "Worker Number": 2,
                                                "Actual Startup Time": 8.526,
                                                "Actual Total Time": 92.409,
                                                "Actual Rows": 62,
                                                "Actual Loops": 1
                                            },
                                            {
                                                "Worker Number": 3,
                                                "Actual Startup Time": 1.769,
                                                "Actual Total Time": 91.082,
                                                "Actual Rows": 57,
                                                "Actual Loops": 1
                                            }
                                        ],
                                        "Plans": [
                                            {
                                                "Node Type": "Seq Scan",
                                                "Parent Relationship": "Outer",
                                                "Parallel Aware": true,
                                                "Relation Name": "title",
                                                "Schema": "public",
                                                "Alias": "t",
                                                "Startup Cost": 0.0,
                                                "Total Cost": 45479.21,
                                                "Plan Rows": 384,
                                                "Plan Width": 4,
                                                "Actual Startup Time": 3.149,
                                                "Actual Total Time": 93.026,
                                                "Actual Rows": 60,
                                                "Actual Loops": 5,
                                                "Output": [
                                                    "t.id",
                                                    "t.title",
                                                    "t.imdb_index",
                                                    "t.kind_id",
                                                    "t.production_year",
                                                    "t.imdb_id",
                                                    "t.phonetic_code",
                                                    "t.episode_of_id",
                                                    "t.season_nr",
                                                    "t.episode_nr",
                                                    "t.series_years",
                                                    "t.md5sum"
                                                ],
                                                "Filter": "((t.kind_id > 1) AND (t.production_year > 2013))",
                                                "Rows Removed by Filter": 505603,
                                                "Workers": [
                                                    {
                                                        "Worker Number": 0,
                                                        "Actual Startup Time": 1.363,
                                                        "Actual Total Time": 89.948,
                                                        "Actual Rows": 53,
                                                        "Actual Loops": 1
                                                    },
                                                    {
                                                        "Worker Number": 1,
                                                        "Actual Startup Time": 6.779,
                                                        "Actual Total Time": 90.318,
                                                        "Actual Rows": 45,
                                                        "Actual Loops": 1
                                                    },
                                                    {
                                                        "Worker Number": 2,
                                                        "Actual Startup Time": 4.567,
                                                        "Actual Total Time": 90.398,
                                                        "Actual Rows": 43,
                                                        "Actual Loops": 1
                                                    },
                                                    {
                                                        "Worker Number": 3,
                                                        "Actual Startup Time": 1.557,
                                                        "Actual Total Time": 88.921,
                                                        "Actual Rows": 48,
                                                        "Actual Loops": 1
                                                    }
                                                ]
                                            },
                                            {
                                                "Node Type": "Index Only Scan",
                                                "Parent Relationship": "Inner",
                                                "Parallel Aware": false,
                                                "Scan Direction": "Forward",
                                                "Index Name": "movie_id_movie_companies",
                                                "Relation Name": "movie_companies",
                                                "Schema": "public",
                                                "Alias": "mc",
                                                "Startup Cost": 0.43,
                                                "Total Cost": 18.22,
                                                "Plan Rows": 5,
                                                "Plan Width": 4,
                                                "Actual Startup Time": 0.026,
                                                "Actual Total Time": 0.029,
                                                "Actual Rows": 1,
                                                "Actual Loops": 298,
                                                "Output": [
                                                    "mc.movie_id"
                                                ],
                                                "Index Cond": "(mc.movie_id = t.id)",
                                                "Rows Removed by Index Recheck": 0,
                                                "Heap Fetches": 343,
                                                "Workers": [
                                                    {
                                                        "Worker Number": 0,
                                                        "Actual Startup Time": 0.033,
                                                        "Actual Total Time": 0.038,
                                                        "Actual Rows": 1,
                                                        "Actual Loops": 53
                                                    },
                                                    {
                                                        "Worker Number": 1,
                                                        "Actual Startup Time": 0.04,
                                                        "Actual Total Time": 0.044,
                                                        "Actual Rows": 1,
                                                        "Actual Loops": 45
                                                    },
                                                    {
                                                        "Worker Number": 2,
                                                        "Actual Startup Time": 0.038,
                                                        "Actual Total Time": 0.045,
                                                        "Actual Rows": 1,
                                                        "Actual Loops": 43
                                                    },
                                                    {
                                                        "Worker Number": 3,
                                                        "Actual Startup Time": 0.038,
                                                        "Actual Total Time": 0.043,
                                                        "Actual Rows": 1,
                                                        "Actual Loops": 48
                                                    }
                                                ]
                                            }
                                        ]
                                    },
                                    {
                                        "Node Type": "Index Only Scan",
                                        "Parent Relationship": "Inner",
                                        "Parallel Aware": false,
                                        "Scan Direction": "Forward",
                                        "Index Name": "movie_id_movie_info",
                                        "Relation Name": "movie_info",
                                        "Schema": "public",
                                        "Alias": "mi",
                                        "Startup Cost": 0.43,
                                        "Total Cost": 1.45,
                                        "Plan Rows": 39,
                                        "Plan Width": 4,
                                        "Actual Startup Time": 0.019,
                                        "Actual Total Time": 0.044,
                                        "Actual Rows": 7,
                                        "Actual Loops": 343,
                                        "Output": [
                                            "mi.movie_id"
                                        ],
                                        "Index Cond": "(mi.movie_id = mc.movie_id)",
                                        "Rows Removed by Index Recheck": 0,
                                        "Heap Fetches": 2319,
                                        "Workers": [
                                            {
                                                "Worker Number": 0,
                                                "Actual Startup Time": 0.025,
                                                "Actual Total Time": 0.059,
                                                "Actual Rows": 7,
                                                "Actual Loops": 62
                                            },
                                            {
                                                "Worker Number": 1,
                                                "Actual Startup Time": 0.036,
                                                "Actual Total Time": 0.077,
                                                "Actual Rows": 6,
                                                "Actual Loops": 39
                                            },
                                            {
                                                "Worker Number": 2,
                                                "Actual Startup Time": 0.023,
                                                "Actual Total Time": 0.058,
                                                "Actual Rows": 7,
                                                "Actual Loops": 62
                                            },
                                            {
                                                "Worker Number": 3,
                                                "Actual Startup Time": 0.029,
                                                "Actual Total Time": 0.063,
                                                "Actual Rows": 6,
                                                "Actual Loops": 57
                                            }
                                        ]
                                    }
                                ]
                            }
                        ]
                    }
                ]
            }
        ]
    },
    "Planning Time": 1.514,
    "Triggers": [],
    "Execution Time": 122.118
}