{
  "Plan": {
    "Node Type": "Aggregate",
    "Strategy": "Plain",
    "Partial Mode": "Finalize",
    "Parallel Aware": false,
    "Startup Cost": 1248716.09,
    "Total Cost": 1248716.1,
    "Plan Rows": 1,
    "Plan Width": 8,
    "Actual Startup Time": 10979.01,
    "Actual Total Time": 11082.92,
    "Actual Rows": 1,
    "Actual Loops": 1,
    "Plans": [
      {
        "Node Type": "Gather",
        "Parent Relationship": "Outer",
        "Parallel Aware": false,
        "Startup Cost": 1248715.98,
        "Total Cost": 1248716.09,
        "Plan Rows": 1,
        "Plan Width": 8,
        "Actual Startup Time": 10968.378,
        "Actual Total Time": 11082.907,
        "Actual Rows": 2,
        "Actual Loops": 1,
        "Workers Planned": 1,
        "Workers Launched": 1,
        "Single Copy": false,
        "Plans": [
          {
            "Node Type": "Aggregate",
            "Strategy": "Plain",
            "Partial Mode": "Partial",
            "Parent Relationship": "Outer",
            "Parallel Aware": false,
            "Startup Cost": 1247715.98,
            "Total Cost": 1247715.99,
            "Plan Rows": 1,
            "Plan Width": 8,
            "Actual Startup Time": 10951.434,
            "Actual Total Time": 10952.097,
            "Actual Rows": 1,
            "Actual Loops": 2,
            "Plans": [
              {
                "Node Type": "Hash Join",
                "Parent Relationship": "Outer",
                "Parallel Aware": true,
                "Join Type": "Inner",
                "Startup Cost": 686718.52,
                "Total Cost": 1187071.23,
                "Plan Rows": 24257899,
                "Plan Width": 0,
                "Actual Startup Time": 6059.933,
                "Actual Total Time": 10380.539,
                "Actual Rows": 13804438,
                "Actual Loops": 2,
                "Inner Unique": false,
                "Hash Cond": "(mi.movie_id = t.id)",
                "Plans": [
                  {
                    "Node Type": "Seq Scan",
                    "Parent Relationship": "Outer",
                    "Parallel Aware": true,
                    "Relation Name": "movie_info",
                    "Alias": "mi",
                    "Startup Cost": 0.0,
                    "Total Cost": 248955.74,
                    "Plan Rows": 8696274,
                    "Plan Width": 4,
                    "Actual Startup Time": 0.017,
                    "Actual Total Time": 655.59,
                    "Actual Rows": 7417860,
                    "Actual Loops": 2
                  },
                  {
                    "Node Type": "Hash",
                    "Parent Relationship": "Inner",
                    "Parallel Aware": true,
                    "Startup Cost": 634861.38,
                    "Total Cost": 634861.38,
                    "Plan Rows": 4148571,
                    "Plan Width": 8,
                    "Actual Startup Time": 6027.139,
                    "Actual Total Time": 6027.799,
                    "Actual Rows": 2482141,
                    "Actual Loops": 2,
                    "Hash Buckets": 8388608,
                    "Original Hash Buckets": 8388608,
                    "Hash Batches": 1,
                    "Original Hash Batches": 1,
                    "Peak Memory Usage": 259776,
                    "Plans": [
                      {
                        "Node Type": "Hash Join",
                        "Parent Relationship": "Outer",
                        "Parallel Aware": true,
                        "Join Type": "Inner",
                        "Startup Cost": 62075.32,
                        "Total Cost": 634861.38,
                        "Plan Rows": 4148571,
                        "Plan Width": 8,
                        "Actual Startup Time": 268.08,
                        "Actual Total Time": 5112.128,
                        "Actual Rows": 2482141,
                        "Actual Loops": 2,
                        "Inner Unique": true,
                        "Hash Cond": "(ci.movie_id = t.id)",
                        "Plans": [
                          {
                            "Node Type": "Seq Scan",
                            "Parent Relationship": "Outer",
                            "Parallel Aware": true,
                            "Relation Name": "cast_info",
                            "Alias": "ci",
                            "Startup Cost": 0.0,
                            "Total Cost": 519069.44,
                            "Plan Rows": 20463441,
                            "Plan Width": 4,
                            "Actual Startup Time": 40.281,
                            "Actual Total Time": 1884.555,
                            "Actual Rows": 17382358,
                            "Actual Loops": 2,
                            "Filter": "(person_id > 148838)",
                            "Rows Removed by Filter": 739814
                          },
                          {
                            "Node Type": "Hash",
                            "Parent Relationship": "Inner",
                            "Parallel Aware": true,
                            "Startup Cost": 58306.47,
                            "Total Cost": 58306.47,
                            "Plan Rows": 301508,
                            "Plan Width": 4,
                            "Actual Startup Time": 226.412,
                            "Actual Total Time": 226.414,
                            "Actual Rows": 201974,
                            "Actual Loops": 2,
                            "Hash Buckets": 524288,
                            "Original Hash Buckets": 524288,
                            "Hash Batches": 1,
                            "Original Hash Batches": 1,
                            "Peak Memory Usage": 19904,
                            "Plans": [
                              {
                                "Node Type": "Seq Scan",
                                "Parent Relationship": "Outer",
                                "Parallel Aware": true,
                                "Relation Name": "title",
                                "Alias": "t",
                                "Startup Cost": 0.0,
                                "Total Cost": 58306.47,
                                "Plan Rows": 301508,
                                "Plan Width": 4,
                                "Actual Startup Time": 0.043,
                                "Actual Total Time": 166.421,
                                "Actual Rows": 201974,
                                "Actual Loops": 2,
                                "Filter": "((production_year < 1996) AND (kind_id = 7))",
                                "Rows Removed by Filter": 1062182
                              }
                            ]
                          }
                        ]
                      }
                    ]
                  }
                ]
              }
            ]
          }
        ]
      }
    ]
  },
  "Planning Time": 0.934,
  "Triggers": [],
  "Execution Time": 11083.021
}