[
  {
    "Plan": {
      "Node Type": "Aggregate",
      "Strategy": "Plain",
      "Partial Mode": "Simple",
      "Parallel Aware": false,
      "Startup Cost": 10233.04,
      "Total Cost": 10233.05,
      "Plan Rows": 1,
      "Plan Width": 8,
      "Actual Startup Time": 5.054,
      "Actual Total Time": 5.056,
      "Actual Rows": 1,
      "Actual Loops": 1,
      "Plans": [
        {
          "Node Type": "Index Scan",
          "Parent Relationship": "Outer",
          "Parallel Aware": false,
          "Scan Direction": "Forward",
          "Index Name": "company_id_movie_companies",
          "Relation Name": "movie_companies",
          "Alias": "mc",
          "Startup Cost": 0.43,
          "Total Cost": 10227.52,
          "Plan Rows": 2208,
          "Plan Width": 0,
          "Actual Startup Time": 0.684,
          "Actual Total Time": 4.343,
          "Actual Rows": 4042,
          "Actual Loops": 1,
          "Index Cond": "(company_id = 687)",
          "Rows Removed by Index Recheck": 0,
          "Filter": "(company_type_id > 1)",
          "Rows Removed by Filter": 206
        }
      ]
    },
    "Planning Time": 0.2,
    "Triggers": [],
    "Execution Time": 5.107
  }
]