[
    {
        "Bao": {
            "Bao prediction": "NaN",
            "Bao recommended hint": "(no hint)"
        }
    },
    {
        "Plan": {
            "Node Type": "Aggregate",
            "Strategy": "Plain",
            "Partial Mode": "Finalize",
            "Parallel Aware": false,
            "Startup Cost": 294730.15,
            "Total Cost": 294730.16,
            "Plan Rows": 1,
            "Plan Width": 8,
            "Actual Startup Time": 150.59,
            "Actual Total Time": 154.469,
            "Actual Rows": 1,
            "Actual Loops": 1,
            "Output": [
                "count(*)"
            ],
            "Plans": [
                {
                    "Node Type": "Gather",
                    "Parent Relationship": "Outer",
                    "Parallel Aware": false,
                    "Startup Cost": 294729.52,
                    "Total Cost": 294730.13,
                    "Plan Rows": 6,
                    "Plan Width": 8,
                    "Actual Startup Time": 149.916,
                    "Actual Total Time": 154.462,
                    "Actual Rows": 7,
                    "Actual Loops": 1,
                    "Output": [
                        "(PARTIAL count(*))"
                    ],
                    "Workers Planned": 6,
                    "Workers Launched": 6,
                    "Single Copy": false,
                    "Plans": [
                        {
                            "Node Type": "Aggregate",
                            "Strategy": "Plain",
                            "Partial Mode": "Partial",
                            "Parent Relationship": "Outer",
                            "Parallel Aware": false,
                            "Startup Cost": 293729.52,
                            "Total Cost": 293729.53,
                            "Plan Rows": 1,
                            "Plan Width": 8,
                            "Actual Startup Time": 139.716,
                            "Actual Total Time": 139.717,
                            "Actual Rows": 1,
                            "Actual Loops": 7,
                            "Output": [
                                "PARTIAL count(*)"
                            ],
                            "Workers": [
                                {
                                    "Worker Number": 0,
                                    "Actual Startup Time": 137.47,
                                    "Actual Total Time": 137.471,
                                    "Actual Rows": 1,
                                    "Actual Loops": 1
                                },
                                {
                                    "Worker Number": 1,
                                    "Actual Startup Time": 137.476,
                                    "Actual Total Time": 137.478,
                                    "Actual Rows": 1,
                                    "Actual Loops": 1
                                },
                                {
                                    "Worker Number": 2,
                                    "Actual Startup Time": 137.914,
                                    "Actual Total Time": 137.915,
                                    "Actual Rows": 1,
                                    "Actual Loops": 1
                                },
                                {
                                    "Worker Number": 3,
                                    "Actual Startup Time": 138.313,
                                    "Actual Total Time": 138.314,
                                    "Actual Rows": 1,
                                    "Actual Loops": 1
                                },
                                {
                                    "Worker Number": 4,
                                    "Actual Startup Time": 138.383,
                                    "Actual Total Time": 138.384,
                                    "Actual Rows": 1,
                                    "Actual Loops": 1
                                },
                                {
                                    "Worker Number": 5,
                                    "Actual Startup Time": 138.905,
                                    "Actual Total Time": 138.906,
                                    "Actual Rows": 1,
                                    "Actual Loops": 1
                                }
                            ],
                            "Plans": [
                                {
                                    "Node Type": "Bitmap Heap Scan",
                                    "Parent Relationship": "Outer",
                                    "Parallel Aware": true,
                                    "Relation Name": "cast_info",
                                    "Schema": "public",
                                    "Alias": "ci",
                                    "Startup Cost": 36439.06,
                                    "Total Cost": 293267.89,
                                    "Plan Rows": 184652,
                                    "Plan Width": 0,
                                    "Actual Startup Time": 56.079,
                                    "Actual Total Time": 127.338,
                                    "Actual Rows": 190072,
                                    "Actual Loops": 7,
                                    "Recheck Cond": "(ci.person_id < 166377)",
                                    "Rows Removed by Index Recheck": 0,
                                    "Filter": "(ci.role_id < 4)",
                                    "Rows Removed by Filter": 48800,
                                    "Exact Heap Blocks": 4352,
                                    "Lossy Heap Blocks": 0,
                                    "Workers": [
                                        {
                                            "Worker Number": 0,
                                            "Actual Startup Time": 54.091,
                                            "Actual Total Time": 125.312,
                                            "Actual Rows": 134133,
                                            "Actual Loops": 1
                                        },
                                        {
                                            "Worker Number": 1,
                                            "Actual Startup Time": 53.758,
                                            "Actual Total Time": 125.363,
                                            "Actual Rows": 138520,
                                            "Actual Loops": 1
                                        },
                                        {
                                            "Worker Number": 2,
                                            "Actual Startup Time": 54.278,
                                            "Actual Total Time": 125.901,
                                            "Actual Rows": 182482,
                                            "Actual Loops": 1
                                        },
                                        {
                                            "Worker Number": 3,
                                            "Actual Startup Time": 55.034,
                                            "Actual Total Time": 126.256,
                                            "Actual Rows": 174959,
                                            "Actual Loops": 1
                                        },
                                        {
                                            "Worker Number": 4,
                                            "Actual Startup Time": 54.64,
                                            "Actual Total Time": 126.242,
                                            "Actual Rows": 175703,
                                            "Actual Loops": 1
                                        },
                                        {
                                            "Worker Number": 5,
                                            "Actual Startup Time": 55.357,
                                            "Actual Total Time": 127.033,
                                            "Actual Rows": 180137,
                                            "Actual Loops": 1
                                        }
                                    ],
                                    "Plans": [
                                        {
                                            "Node Type": "Bitmap Index Scan",
                                            "Parent Relationship": "Outer",
                                            "Parallel Aware": false,
                                            "Index Name": "person_id_cast_info",
                                            "Startup Cost": 0.0,
                                            "Total Cost": 36162.08,
                                            "Plan Rows": 1656735,
                                            "Plan Width": 0,
                                            "Actual Startup Time": 62.756,
                                            "Actual Total Time": 62.756,
                                            "Actual Rows": 1672104,
                                            "Actual Loops": 1,
                                            "Index Cond": "(ci.person_id < 166377)"
                                        }
                                    ]
                                }
                            ]
                        }
                    ]
                }
            ]
        },
        "Planning Time": 200.752,
        "Triggers": [],
        "Execution Time": 154.526
    }
]