{
  "Plan": {
    "Node Type": "Aggregate",
    "Strategy": "Plain",
    "Partial Mode": "Finalize",
    "Parallel Aware": false,
    "Startup Cost": 136143.45,
    "Total Cost": 136143.46,
    "Plan Rows": 1,
    "Plan Width": 8,
    "Actual Startup Time": 755.231,
    "Actual Total Time": 772.506,
    "Actual Rows": 1,
    "Actual Loops": 1,
    "Plans": [
      {
        "Node Type": "Gather",
        "Parent Relationship": "Outer",
        "Parallel Aware": false,
        "Startup Cost": 136143.34,
        "Total Cost": 136143.45,
        "Plan Rows": 1,
        "Plan Width": 8,
        "Actual Startup Time": 752.224,
        "Actual Total Time": 772.499,
        "Actual Rows": 2,
        "Actual Loops": 1,
        "Workers Planned": 1,
        "Workers Launched": 1,
        "Single Copy": false,
        "Plans": [
          {
            "Node Type": "Aggregate",
            "Strategy": "Plain",
            "Partial Mode": "Partial",
            "Parent Relationship": "Outer",
            "Parallel Aware": false,
            "Startup Cost": 135143.34,
            "Total Cost": 135143.35,
            "Plan Rows": 1,
            "Plan Width": 8,
            "Actual Startup Time": 744.595,
            "Actual Total Time": 744.598,
            "Actual Rows": 1,
            "Actual Loops": 2,
            "Plans": [
              {
                "Node Type": "Hash Join",
                "Parent Relationship": "Outer",
                "Parallel Aware": true,
                "Join Type": "Inner",
                "Startup Cost": 68481.47,
                "Total Cost": 132078.78,
                "Plan Rows": 1225824,
                "Plan Width": 0,
                "Actual Startup Time": 360.794,
                "Actual Total Time": 734.704,
                "Actual Rows": 258676,
                "Actual Loops": 2,
                "Inner Unique": true,
                "Hash Cond": "(mk.movie_id = t.id)",
                "Plans": [
                  {
                    "Node Type": "Seq Scan",
                    "Parent Relationship": "Outer",
                    "Parallel Aware": true,
                    "Relation Name": "movie_keyword",
                    "Alias": "mk",
                    "Startup Cost": 0.0,
                    "Total Cost": 57718.19,
                    "Plan Rows": 2239661,
                    "Plan Width": 4,
                    "Actual Startup Time": 0.014,
                    "Actual Total Time": 193.288,
                    "Actual Rows": 1907710,
                    "Actual Loops": 2,
                    "Filter": "(keyword_id < 26656)",
                    "Rows Removed by Filter": 354256
                  },
                  {
                    "Node Type": "Hash",
                    "Parent Relationship": "Inner",
                    "Parallel Aware": true,
                    "Startup Cost": 58306.47,
                    "Total Cost": 58306.47,
                    "Plan Rows": 814000,
                    "Plan Width": 4,
                    "Actual Startup Time": 346.088,
                    "Actual Total Time": 346.089,
                    "Actual Rows": 732272,
                    "Actual Loops": 2,
                    "Hash Buckets": 2097152,
                    "Original Hash Buckets": 2097152,
                    "Hash Batches": 1,
                    "Original Hash Batches": 1,
                    "Peak Memory Usage": 73728,
                    "Plans": [
                      {
                        "Node Type": "Seq Scan",
                        "Parent Relationship": "Outer",
                        "Parallel Aware": true,
                        "Relation Name": "title",
                        "Alias": "t",
                        "Startup Cost": 0.0,
                        "Total Cost": 58306.47,
                        "Plan Rows": 814000,
                        "Plan Width": 4,
                        "Actual Startup Time": 0.028,
                        "Actual Total Time": 166.644,
                        "Actual Rows": 732272,
                        "Actual Loops": 2,
                        "Filter": "((production_year > 1953) AND (kind_id = 7))",
                        "Rows Removed by Filter": 531884
                      }
                    ]
                  }
                ]
              }
            ]
          }
        ]
      }
    ]
  },
  "Planning Time": 0.715,
  "Triggers": [],
  "Execution Time": 772.572
}