{
  "Plan": {
    "Node Type": "Aggregate",
    "Strategy": "Plain",
    "Partial Mode": "Finalize",
    "Parallel Aware": false,
    "Startup Cost": 76377.65,
    "Total Cost": 76377.66,
    "Plan Rows": 1,
    "Plan Width": 8,
    "Actual Startup Time": 263.003,
    "Actual Total Time": 277.126,
    "Actual Rows": 1,
    "Actual Loops": 1,
    "Plans": [
      {
        "Node Type": "Gather",
        "Parent Relationship": "Outer",
        "Parallel Aware": false,
        "Startup Cost": 76377.54,
        "Total Cost": 76377.65,
        "Plan Rows": 1,
        "Plan Width": 8,
        "Actual Startup Time": 262.74,
        "Actual Total Time": 277.117,
        "Actual Rows": 2,
        "Actual Loops": 1,
        "Workers Planned": 1,
        "Workers Launched": 1,
        "Single Copy": false,
        "Plans": [
          {
            "Node Type": "Aggregate",
            "Strategy": "Plain",
            "Partial Mode": "Partial",
            "Parent Relationship": "Outer",
            "Parallel Aware": false,
            "Startup Cost": 75377.54,
            "Total Cost": 75377.55,
            "Plan Rows": 1,
            "Plan Width": 8,
            "Actual Startup Time": 256.815,
            "Actual Total Time": 256.819,
            "Actual Rows": 1,
            "Actual Loops": 2,
            "Plans": [
              {
                "Node Type": "Nested Loop",
                "Parent Relationship": "Outer",
                "Parallel Aware": false,
                "Join Type": "Inner",
                "Startup Cost": 54743.74,
                "Total Cost": 75374.35,
                "Plan Rows": 1278,
                "Plan Width": 0,
                "Actual Startup Time": 153.608,
                "Actual Total Time": 256.478,
                "Actual Rows": 4099,
                "Actual Loops": 2,
                "Inner Unique": false,
                "Join Filter": "(t.id = mc.movie_id)",
                "Rows Removed by Join Filter": 0,
                "Plans": [
                  {
                    "Node Type": "Hash Join",
                    "Parent Relationship": "Outer",
                    "Parallel Aware": true,
                    "Join Type": "Inner",
                    "Startup Cost": 54743.31,
                    "Total Cost": 73537.44,
                    "Plan Rows": 2259,
                    "Plan Width": 8,
                    "Actual Startup Time": 153.251,
                    "Actual Total Time": 238.665,
                    "Actual Rows": 2383,
                    "Actual Loops": 2,
                    "Inner Unique": true,
                    "Hash Cond": "(mi_idx.movie_id = t.id)",
                    "Plans": [
                      {
                        "Node Type": "Seq Scan",
                        "Parent Relationship": "Outer",
                        "Parallel Aware": true,
                        "Relation Name": "movie_info_idx",
                        "Alias": "mi_idx",
                        "Startup Cost": 0.0,
                        "Total Cost": 18082.32,
                        "Plan Rows": 271164,
                        "Plan Width": 4,
                        "Actual Startup Time": 0.019,
                        "Actual Total Time": 59.25,
                        "Actual Rows": 230092,
                        "Actual Loops": 2,
                        "Filter": "(info_type_id > 100)",
                        "Rows Removed by Filter": 459925
                      },
                      {
                        "Node Type": "Hash",
                        "Parent Relationship": "Inner",
                        "Parallel Aware": true,
                        "Startup Cost": 54588.39,
                        "Total Cost": 54588.39,
                        "Plan Rows": 12394,
                        "Plan Width": 4,
                        "Actual Startup Time": 152.114,
                        "Actual Total Time": 152.115,
                        "Actual Rows": 9720,
                        "Actual Loops": 2,
                        "Hash Buckets": 32768,
                        "Original Hash Buckets": 32768,
                        "Hash Batches": 1,
                        "Original Hash Batches": 1,
                        "Peak Memory Usage": 1056,
                        "Plans": [
                          {
                            "Node Type": "Seq Scan",
                            "Parent Relationship": "Outer",
                            "Parallel Aware": true,
                            "Relation Name": "title",
                            "Alias": "t",
                            "Startup Cost": 0.0,
                            "Total Cost": 54588.39,
                            "Plan Rows": 12394,
                            "Plan Width": 4,
                            "Actual Startup Time": 0.06,
                            "Actual Total Time": 147.87,
                            "Actual Rows": 9720,
                            "Actual Loops": 2,
                            "Filter": "(production_year = 1986)",
                            "Rows Removed by Filter": 1254436
                          }
                        ]
                      }
                    ]
                  },
                  {
                    "Node Type": "Index Scan",
                    "Parent Relationship": "Inner",
                    "Parallel Aware": false,
                    "Scan Direction": "Forward",
                    "Index Name": "movie_id_movie_companies",
                    "Relation Name": "movie_companies",
                    "Alias": "mc",
                    "Startup Cost": 0.43,
                    "Total Cost": 0.78,
                    "Plan Rows": 3,
                    "Plan Width": 4,
                    "Actual Startup Time": 0.006,
                    "Actual Total Time": 0.007,
                    "Actual Rows": 2,
                    "Actual Loops": 4766,
                    "Index Cond": "(movie_id = mi_idx.movie_id)",
                    "Rows Removed by Index Recheck": 0,
                    "Filter": "(company_id < 12629)",
                    "Rows Removed by Filter": 1
                  }
                ]
              }
            ]
          }
        ]
      }
    ]
  },
  "Planning Time": 0.887,
  "Triggers": [],
  "Execution Time": 277.209
}