{
  "Plan": {
    "Node Type": "Aggregate",
    "Strategy": "Plain",
    "Partial Mode": "Finalize",
    "Parallel Aware": false,
    "Startup Cost": 401798.69,
    "Total Cost": 401798.7,
    "Plan Rows": 1,
    "Plan Width": 8,
    "Actual Startup Time": 1017.155,
    "Actual Total Time": 1032.75,
    "Actual Rows": 1,
    "Actual Loops": 1,
    "Plans": [
      {
        "Node Type": "Gather",
        "Parent Relationship": "Outer",
        "Parallel Aware": false,
        "Startup Cost": 401798.57,
        "Total Cost": 401798.68,
        "Plan Rows": 1,
        "Plan Width": 8,
        "Actual Startup Time": 1014.106,
        "Actual Total Time": 1032.742,
        "Actual Rows": 2,
        "Actual Loops": 1,
        "Workers Planned": 1,
        "Workers Launched": 1,
        "Single Copy": false,
        "Plans": [
          {
            "Node Type": "Aggregate",
            "Strategy": "Plain",
            "Partial Mode": "Partial",
            "Parent Relationship": "Outer",
            "Parallel Aware": false,
            "Startup Cost": 400798.57,
            "Total Cost": 400798.58,
            "Plan Rows": 1,
            "Plan Width": 8,
            "Actual Startup Time": 1006.563,
            "Actual Total Time": 1006.568,
            "Actual Rows": 1,
            "Actual Loops": 2,
            "Plans": [
              {
                "Node Type": "Hash Join",
                "Parent Relationship": "Outer",
                "Parallel Aware": true,
                "Join Type": "Inner",
                "Startup Cost": 121654.46,
                "Total Cost": 399733.97,
                "Plan Rows": 425843,
                "Plan Width": 0,
                "Actual Startup Time": 490.796,
                "Actual Total Time": 986.946,
                "Actual Rows": 463248,
                "Actual Loops": 2,
                "Inner Unique": true,
                "Hash Cond": "(ci.movie_id = t.id)",
                "Plans": [
                  {
                    "Node Type": "Bitmap Heap Scan",
                    "Parent Relationship": "Outer",
                    "Parallel Aware": true,
                    "Relation Name": "cast_info",
                    "Alias": "ci",
                    "Startup Cost": 57708.15,
                    "Total Cost": 333566.96,
                    "Plan Rows": 845977,
                    "Plan Width": 4,
                    "Actual Startup Time": 111.486,
                    "Actual Total Time": 299.005,
                    "Actual Rows": 965959,
                    "Actual Loops": 2,
                    "Recheck Cond": "(person_id < 257610)",
                    "Rows Removed by Index Recheck": 0,
                    "Filter": "(role_id < 3)",
                    "Rows Removed by Filter": 376414,
                    "Exact Heap Blocks": 16112,
                    "Lossy Heap Blocks": 0,
                    "Plans": [
                      {
                        "Node Type": "Bitmap Index Scan",
                        "Parent Relationship": "Outer",
                        "Parallel Aware": false,
                        "Index Name": "person_id_cast_info",
                        "Startup Cost": 0.0,
                        "Total Cost": 57348.61,
                        "Plan Rows": 2626139,
                        "Plan Width": 0,
                        "Actual Startup Time": 106.866,
                        "Actual Total Time": 106.867,
                        "Actual Rows": 2684745,
                        "Actual Loops": 1,
                        "Index Cond": "(person_id < 257610)"
                      }
                    ]
                  },
                  {
                    "Node Type": "Hash",
                    "Parent Relationship": "Inner",
                    "Parallel Aware": true,
                    "Startup Cost": 54588.39,
                    "Total Cost": 54588.39,
                    "Plan Rows": 748634,
                    "Plan Width": 4,
                    "Actual Startup Time": 365.018,
                    "Actual Total Time": 365.019,
                    "Actual Rows": 630148,
                    "Actual Loops": 2,
                    "Hash Buckets": 2097152,
                    "Original Hash Buckets": 2097152,
                    "Hash Batches": 1,
                    "Original Hash Batches": 1,
                    "Peak Memory Usage": 65728,
                    "Plans": [
                      {
                        "Node Type": "Seq Scan",
                        "Parent Relationship": "Outer",
                        "Parallel Aware": true,
                        "Relation Name": "title",
                        "Alias": "t",
                        "Startup Cost": 0.0,
                        "Total Cost": 54588.39,
                        "Plan Rows": 748634,
                        "Plan Width": 4,
                        "Actual Startup Time": 0.032,
                        "Actual Total Time": 170.858,
                        "Actual Rows": 630148,
                        "Actual Loops": 2,
                        "Filter": "(production_year > 2002)",
                        "Rows Removed by Filter": 634008
                      }
                    ]
                  }
                ]
              }
            ]
          }
        ]
      }
    ]
  },
  "Planning Time": 0.7,
  "Triggers": [],
  "Execution Time": 1032.844
}