[
  {
    "Plan": {
      "Node Type": "Aggregate",
      "Strategy": "Plain",
      "Partial Mode": "Finalize",
      "Parallel Aware": false,
      "Startup Cost": 69416.93,
      "Total Cost": 69416.94,
      "Plan Rows": 1,
      "Plan Width": 8,
      "Actual Startup Time": 133.644,
      "Actual Total Time": 144.206,
      "Actual Rows": 1,
      "Actual Loops": 1,
      "Plans": [
        {
          "Node Type": "Gather",
          "Parent Relationship": "Outer",
          "Parallel Aware": false,
          "Startup Cost": 69416.61,
          "Total Cost": 69416.92,
          "Plan Rows": 3,
          "Plan Width": 8,
          "Actual Startup Time": 133.187,
          "Actual Total Time": 144.198,
          "Actual Rows": 4,
          "Actual Loops": 1,
          "Workers Planned": 3,
          "Workers Launched": 3,
          "Single Copy": false,
          "Plans": [
            {
              "Node Type": "Aggregate",
              "Strategy": "Plain",
              "Partial Mode": "Partial",
              "Parent Relationship": "Outer",
              "Parallel Aware": false,
              "Startup Cost": 68416.61,
              "Total Cost": 68416.62,
              "Plan Rows": 1,
              "Plan Width": 8,
              "Actual Startup Time": 127.853,
              "Actual Total Time": 127.857,
              "Actual Rows": 1,
              "Actual Loops": 4,
              "Plans": [
                {
                  "Node Type": "Hash Join",
                  "Parent Relationship": "Outer",
                  "Parallel Aware": true,
                  "Join Type": "Inner",
                  "Startup Cost": 48564.66,
                  "Total Cost": 68413.07,
                  "Plan Rows": 1414,
                  "Plan Width": 0,
                  "Actual Startup Time": 103.457,
                  "Actual Total Time": 127.695,
                  "Actual Rows": 2166,
                  "Actual Loops": 4,
                  "Inner Unique": true,
                  "Hash Cond": "(mc.movie_id = t.id)",
                  "Plans": [
                    {
                      "Node Type": "Bitmap Heap Scan",
                      "Parent Relationship": "Outer",
                      "Parallel Aware": true,
                      "Relation Name": "movie_companies",
                      "Alias": "mc",
                      "Startup Cost": 4327.95,
                      "Total Cost": 24089.47,
                      "Plan Rows": 33101,
                      "Plan Width": 4,
                      "Actual Startup Time": 8.192,
                      "Actual Total Time": 23.056,
                      "Actual Rows": 49386,
                      "Actual Loops": 4,
                      "Recheck Cond": "(company_id > 114263)",
                      "Rows Removed by Index Recheck": 0,
                      "Filter": "(company_type_id > 1)",
                      "Rows Removed by Filter": 0,
                      "Exact Heap Blocks": 1273,
                      "Lossy Heap Blocks": 0,
                      "Plans": [
                        {
                          "Node Type": "Bitmap Index Scan",
                          "Parent Relationship": "Outer",
                          "Parallel Aware": false,
                          "Index Name": "company_id_movie_companies",
                          "Startup Cost": 0.0,
                          "Total Cost": 4302.3,
                          "Plan Rows": 200782,
                          "Plan Width": 0,
                          "Actual Startup Time": 7.544,
                          "Actual Total Time": 7.545,
                          "Actual Rows": 197543,
                          "Actual Loops": 1,
                          "Index Cond": "(company_id > 114263)"
                        }
                      ]
                    },
                    {
                      "Node Type": "Hash",
                      "Parent Relationship": "Inner",
                      "Parallel Aware": true,
                      "Startup Cost": 43899.32,
                      "Total Cost": 43899.32,
                      "Plan Rows": 26991,
                      "Plan Width": 4,
                      "Actual Startup Time": 94.604,
                      "Actual Total Time": 94.604,
                      "Actual Rows": 27107,
                      "Actual Loops": 4,
                      "Hash Buckets": 131072,
                      "Original Hash Buckets": 131072,
                      "Hash Batches": 1,
                      "Original Hash Batches": 1,
                      "Peak Memory Usage": 5312,
                      "Plans": [
                        {
                          "Node Type": "Seq Scan",
                          "Parent Relationship": "Outer",
                          "Parallel Aware": true,
                          "Relation Name": "title",
                          "Alias": "t",
                          "Startup Cost": 0.0,
                          "Total Cost": 43899.32,
                          "Plan Rows": 26991,
                          "Plan Width": 4,
                          "Actual Startup Time": 0.028,
                          "Actual Total Time": 84.718,
                          "Actual Rows": 27107,
                          "Actual Loops": 4,
                          "Filter": "(production_year = 2006)",
                          "Rows Removed by Filter": 604971
                        }
                      ]
                    }
                  ]
                }
              ]
            }
          ]
        }
      ]
    },
    "Planning Time": 0.276,
    "Triggers": [],
    "Execution Time": 144.266
  }
]