{
  "Plan": {
    "Node Type": "Aggregate",
    "Strategy": "Plain",
    "Partial Mode": "Finalize",
    "Parallel Aware": false,
    "Startup Cost": 697289.76,
    "Total Cost": 697289.77,
    "Plan Rows": 1,
    "Plan Width": 8,
    "Actual Startup Time": 7718.845,
    "Actual Total Time": 7780.385,
    "Actual Rows": 1,
    "Actual Loops": 1,
    "Plans": [
      {
        "Node Type": "Gather",
        "Parent Relationship": "Outer",
        "Parallel Aware": false,
        "Startup Cost": 697289.65,
        "Total Cost": 697289.76,
        "Plan Rows": 1,
        "Plan Width": 8,
        "Actual Startup Time": 7714.626,
        "Actual Total Time": 7780.376,
        "Actual Rows": 2,
        "Actual Loops": 1,
        "Workers Planned": 1,
        "Workers Launched": 1,
        "Single Copy": false,
        "Plans": [
          {
            "Node Type": "Aggregate",
            "Strategy": "Plain",
            "Partial Mode": "Partial",
            "Parent Relationship": "Outer",
            "Parallel Aware": false,
            "Startup Cost": 696289.65,
            "Total Cost": 696289.66,
            "Plan Rows": 1,
            "Plan Width": 8,
            "Actual Startup Time": 7708.143,
            "Actual Total Time": 7708.15,
            "Actual Rows": 1,
            "Actual Loops": 2,
            "Plans": [
              {
                "Node Type": "Hash Join",
                "Parent Relationship": "Outer",
                "Parallel Aware": true,
                "Join Type": "Inner",
                "Startup Cost": 121254.44,
                "Total Cost": 687542.84,
                "Plan Rows": 3498722,
                "Plan Width": 0,
                "Actual Startup Time": 638.541,
                "Actual Total Time": 6778.035,
                "Actual Rows": 22703610,
                "Actual Loops": 2,
                "Inner Unique": false,
                "Hash Cond": "(ci.movie_id = t.id)",
                "Plans": [
                  {
                    "Node Type": "Seq Scan",
                    "Parent Relationship": "Outer",
                    "Parallel Aware": true,
                    "Relation Name": "cast_info",
                    "Alias": "ci",
                    "Startup Cost": 0.0,
                    "Total Cost": 465792.95,
                    "Plan Rows": 21310595,
                    "Plan Width": 4,
                    "Actual Startup Time": 0.015,
                    "Actual Total Time": 1298.213,
                    "Actual Rows": 18122172,
                    "Actual Loops": 2
                  },
                  {
                    "Node Type": "Hash",
                    "Parent Relationship": "Inner",
                    "Parallel Aware": true,
                    "Startup Cost": 118202.31,
                    "Total Cost": 118202.31,
                    "Plan Rows": 244170,
                    "Plan Width": 8,
                    "Actual Startup Time": 632.877,
                    "Actual Total Time": 632.882,
                    "Actual Rows": 441389,
                    "Actual Loops": 2,
                    "Hash Buckets": 1048576,
                    "Original Hash Buckets": 524288,
                    "Hash Batches": 1,
                    "Original Hash Batches": 1,
                    "Peak Memory Usage": 46848,
                    "Plans": [
                      {
                        "Node Type": "Hash Join",
                        "Parent Relationship": "Outer",
                        "Parallel Aware": true,
                        "Join Type": "Inner",
                        "Startup Cost": 84330.42,
                        "Total Cost": 118202.31,
                        "Plan Rows": 244170,
                        "Plan Width": 8,
                        "Actual Startup Time": 329.679,
                        "Actual Total Time": 542.888,
                        "Actual Rows": 441389,
                        "Actual Loops": 2,
                        "Inner Unique": true,
                        "Hash Cond": "(mk.movie_id = t.id)",
                        "Plans": [
                          {
                            "Node Type": "Bitmap Heap Scan",
                            "Parent Relationship": "Outer",
                            "Parallel Aware": true,
                            "Relation Name": "movie_keyword",
                            "Alias": "mk",
                            "Startup Cost": 22452.12,
                            "Total Cost": 54689.5,
                            "Plan Rows": 622671,
                            "Plan Width": 4,
                            "Actual Startup Time": 58.984,
                            "Actual Total Time": 152.718,
                            "Actual Rows": 529336,
                            "Actual Loops": 2,
                            "Recheck Cond": "(keyword_id > 16675)",
                            "Rows Removed by Index Recheck": 0,
                            "Exact Heap Blocks": 12936,
                            "Lossy Heap Blocks": 0,
                            "Plans": [
                              {
                                "Node Type": "Bitmap Index Scan",
                                "Parent Relationship": "Outer",
                                "Parallel Aware": false,
                                "Index Name": "keyword_id_movie_keyword",
                                "Startup Cost": 0.0,
                                "Total Cost": 22187.48,
                                "Plan Rows": 1058540,
                                "Plan Width": 0,
                                "Actual Startup Time": 55.302,
                                "Actual Total Time": 55.303,
                                "Actual Rows": 1058672,
                                "Actual Loops": 1,
                                "Index Cond": "(keyword_id > 16675)"
                              }
                            ]
                          },
                          {
                            "Node Type": "Hash",
                            "Parent Relationship": "Inner",
                            "Parallel Aware": true,
                            "Startup Cost": 54588.39,
                            "Total Cost": 54588.39,
                            "Plan Rows": 583193,
                            "Plan Width": 4,
                            "Actual Startup Time": 263.861,
                            "Actual Total Time": 263.862,
                            "Actual Rows": 492524,
                            "Actual Loops": 2,
                            "Hash Buckets": 1048576,
                            "Original Hash Buckets": 1048576,
                            "Hash Batches": 1,
                            "Original Hash Batches": 1,
                            "Peak Memory Usage": 46752,
                            "Plans": [
                              {
                                "Node Type": "Seq Scan",
                                "Parent Relationship": "Outer",
                                "Parallel Aware": true,
                                "Relation Name": "title",
                                "Alias": "t",
                                "Startup Cost": 0.0,
                                "Total Cost": 54588.39,
                                "Plan Rows": 583193,
                                "Plan Width": 4,
                                "Actual Startup Time": 0.039,
                                "Actual Total Time": 146.441,
                                "Actual Rows": 492524,
                                "Actual Loops": 2,
                                "Filter": "(kind_id < 7)",
                                "Rows Removed by Filter": 771632
                              }
                            ]
                          }
                        ]
                      }
                    ]
                  }
                ]
              }
            ]
          }
        ]
      }
    ]
  },
  "Planning Time": 0.934,
  "Triggers": [],
  "Execution Time": 7780.507
}