{
  "Plan": {
    "Node Type": "Aggregate",
    "Strategy": "Plain",
    "Partial Mode": "Finalize",
    "Parallel Aware": false,
    "Startup Cost": 169091.78,
    "Total Cost": 169091.79,
    "Plan Rows": 1,
    "Plan Width": 8,
    "Actual Startup Time": 2091.026,
    "Actual Total Time": 2112.768,
    "Actual Rows": 1,
    "Actual Loops": 1,
    "Plans": [
      {
        "Node Type": "Gather",
        "Parent Relationship": "Outer",
        "Parallel Aware": false,
        "Startup Cost": 169091.66,
        "Total Cost": 169091.77,
        "Plan Rows": 1,
        "Plan Width": 8,
        "Actual Startup Time": 2086.229,
        "Actual Total Time": 2112.761,
        "Actual Rows": 2,
        "Actual Loops": 1,
        "Workers Planned": 1,
        "Workers Launched": 1,
        "Single Copy": false,
        "Plans": [
          {
            "Node Type": "Aggregate",
            "Strategy": "Plain",
            "Partial Mode": "Partial",
            "Parent Relationship": "Outer",
            "Parallel Aware": false,
            "Startup Cost": 168091.66,
            "Total Cost": 168091.67,
            "Plan Rows": 1,
            "Plan Width": 8,
            "Actual Startup Time": 2079.649,
            "Actual Total Time": 2079.656,
            "Actual Rows": 1,
            "Actual Loops": 2,
            "Plans": [
              {
                "Node Type": "Hash Join",
                "Parent Relationship": "Outer",
                "Parallel Aware": true,
                "Join Type": "Inner",
                "Startup Cost": 103043.26,
                "Total Cost": 166897.55,
                "Plan Rows": 477645,
                "Plan Width": 0,
                "Actual Startup Time": 731.98,
                "Actual Total Time": 1712.28,
                "Actual Rows": 9329867,
                "Actual Loops": 2,
                "Inner Unique": false,
                "Hash Cond": "(mk.movie_id = t.id)",
                "Plans": [
                  {
                    "Node Type": "Seq Scan",
                    "Parent Relationship": "Outer",
                    "Parallel Aware": true,
                    "Relation Name": "movie_keyword",
                    "Alias": "mk",
                    "Startup Cost": 0.0,
                    "Total Cost": 51065.35,
                    "Plan Rows": 2661135,
                    "Plan Width": 4,
                    "Actual Startup Time": 0.015,
                    "Actual Total Time": 156.136,
                    "Actual Rows": 2261965,
                    "Actual Loops": 2
                  },
                  {
                    "Node Type": "Hash",
                    "Parent Relationship": "Inner",
                    "Parallel Aware": true,
                    "Startup Cost": 99706.49,
                    "Total Cost": 99706.49,
                    "Plan Rows": 266942,
                    "Plan Width": 8,
                    "Actual Startup Time": 726.535,
                    "Actual Total Time": 726.54,
                    "Actual Rows": 547300,
                    "Actual Loops": 2,
                    "Hash Buckets": 2097152,
                    "Original Hash Buckets": 524288,
                    "Hash Batches": 1,
                    "Original Hash Batches": 1,
                    "Peak Memory Usage": 71520,
                    "Plans": [
                      {
                        "Node Type": "Hash Join",
                        "Parent Relationship": "Outer",
                        "Parallel Aware": true,
                        "Join Type": "Inner",
                        "Startup Cost": 61539.86,
                        "Total Cost": 99706.49,
                        "Plan Rows": 266942,
                        "Plan Width": 8,
                        "Actual Startup Time": 224.964,
                        "Actual Total Time": 581.126,
                        "Actual Rows": 547300,
                        "Actual Loops": 2,
                        "Inner Unique": true,
                        "Hash Cond": "(mc.movie_id = t.id)",
                        "Plans": [
                          {
                            "Node Type": "Seq Scan",
                            "Parent Relationship": "Outer",
                            "Parallel Aware": true,
                            "Relation Name": "movie_companies",
                            "Alias": "mc",
                            "Startup Cost": 0.0,
                            "Total Cost": 34137.82,
                            "Plan Rows": 1534782,
                            "Plan Width": 4,
                            "Actual Startup Time": 0.013,
                            "Actual Total Time": 101.416,
                            "Actual Rows": 1304564,
                            "Actual Loops": 2
                          },
                          {
                            "Node Type": "Hash",
                            "Parent Relationship": "Inner",
                            "Parallel Aware": true,
                            "Startup Cost": 58306.47,
                            "Total Cost": 58306.47,
                            "Plan Rows": 258671,
                            "Plan Width": 4,
                            "Actual Startup Time": 221.11,
                            "Actual Total Time": 221.111,
                            "Actual Rows": 268430,
                            "Actual Loops": 2,
                            "Hash Buckets": 1048576,
                            "Original Hash Buckets": 524288,
                            "Hash Batches": 1,
                            "Original Hash Batches": 1,
                            "Peak Memory Usage": 33344,
                            "Plans": [
                              {
                                "Node Type": "Seq Scan",
                                "Parent Relationship": "Outer",
                                "Parallel Aware": true,
                                "Relation Name": "title",
                                "Alias": "t",
                                "Startup Cost": 0.0,
                                "Total Cost": 58306.47,
                                "Plan Rows": 258671,
                                "Plan Width": 4,
                                "Actual Startup Time": 0.07,
                                "Actual Total Time": 150.9,
                                "Actual Rows": 268430,
                                "Actual Loops": 2,
                                "Filter": "((kind_id < 7) AND (production_year < 2002))",
                                "Rows Removed by Filter": 995726
                              }
                            ]
                          }
                        ]
                      }
                    ]
                  }
                ]
              }
            ]
          }
        ]
      }
    ]
  },
  "Planning Time": 1.109,
  "Triggers": [],
  "Execution Time": 2112.849
}