{
  "Plan": {
    "Node Type": "Aggregate",
    "Strategy": "Plain",
    "Partial Mode": "Finalize",
    "Parallel Aware": false,
    "Startup Cost": 918705.04,
    "Total Cost": 918705.05,
    "Plan Rows": 1,
    "Plan Width": 8,
    "Actual Startup Time": 4251.919,
    "Actual Total Time": 4323.165,
    "Actual Rows": 1,
    "Actual Loops": 1,
    "Plans": [
      {
        "Node Type": "Gather",
        "Parent Relationship": "Outer",
        "Parallel Aware": false,
        "Startup Cost": 918704.92,
        "Total Cost": 918705.03,
        "Plan Rows": 1,
        "Plan Width": 8,
        "Actual Startup Time": 4248.759,
        "Actual Total Time": 4323.157,
        "Actual Rows": 2,
        "Actual Loops": 1,
        "Workers Planned": 1,
        "Workers Launched": 1,
        "Single Copy": false,
        "Plans": [
          {
            "Node Type": "Aggregate",
            "Strategy": "Plain",
            "Partial Mode": "Partial",
            "Parent Relationship": "Outer",
            "Parallel Aware": false,
            "Startup Cost": 917704.92,
            "Total Cost": 917704.93,
            "Plan Rows": 1,
            "Plan Width": 8,
            "Actual Startup Time": 4240.711,
            "Actual Total Time": 4240.716,
            "Actual Rows": 1,
            "Actual Loops": 2,
            "Plans": [
              {
                "Node Type": "Hash Join",
                "Parent Relationship": "Outer",
                "Parallel Aware": true,
                "Join Type": "Inner",
                "Startup Cost": 571495.0,
                "Total Cost": 907972.09,
                "Plan Rows": 3893133,
                "Plan Width": 0,
                "Actual Startup Time": 1731.331,
                "Actual Total Time": 4060.814,
                "Actual Rows": 4547502,
                "Actual Loops": 2,
                "Inner Unique": false,
                "Hash Cond": "(mi.movie_id = t.id)",
                "Plans": [
                  {
                    "Node Type": "Seq Scan",
                    "Parent Relationship": "Outer",
                    "Parallel Aware": true,
                    "Relation Name": "movie_info",
                    "Alias": "mi",
                    "Startup Cost": 0.0,
                    "Total Cost": 270696.42,
                    "Plan Rows": 8575975,
                    "Plan Width": 4,
                    "Actual Startup Time": 0.019,
                    "Actual Total Time": 780.682,
                    "Actual Rows": 7318983,
                    "Actual Loops": 2,
                    "Filter": "(info_type_id < 107)",
                    "Rows Removed by Filter": 98877
                  },
                  {
                    "Node Type": "Hash",
                    "Parent Relationship": "Inner",
                    "Parallel Aware": true,
                    "Startup Cost": 563055.74,
                    "Total Cost": 563055.74,
                    "Plan Rows": 675141,
                    "Plan Width": 8,
                    "Actual Startup Time": 1715.457,
                    "Actual Total Time": 1715.461,
                    "Actual Rows": 329171,
                    "Actual Loops": 2,
                    "Hash Buckets": 2097152,
                    "Original Hash Buckets": 2097152,
                    "Hash Batches": 1,
                    "Original Hash Batches": 1,
                    "Peak Memory Usage": 42176,
                    "Plans": [
                      {
                        "Node Type": "Hash Join",
                        "Parent Relationship": "Outer",
                        "Parallel Aware": true,
                        "Join Type": "Inner",
                        "Startup Cost": 237670.12,
                        "Total Cost": 563055.74,
                        "Plan Rows": 675141,
                        "Plan Width": 8,
                        "Actual Startup Time": 491.723,
                        "Actual Total Time": 1605.486,
                        "Actual Rows": 329171,
                        "Actual Loops": 2,
                        "Inner Unique": true,
                        "Hash Cond": "(ci.movie_id = t.id)",
                        "Plans": [
                          {
                            "Node Type": "Bitmap Heap Scan",
                            "Parent Relationship": "Outer",
                            "Parallel Aware": true,
                            "Relation Name": "cast_info",
                            "Alias": "ci",
                            "Startup Cost": 180470.45,
                            "Total Cost": 493238.94,
                            "Plan Rows": 4806519,
                            "Plan Width": 4,
                            "Actual Startup Time": 300.687,
                            "Actual Total Time": 709.18,
                            "Actual Rows": 4041826,
                            "Actual Loops": 2,
                            "Recheck Cond": "(person_id > 2872165)",
                            "Rows Removed by Index Recheck": 0,
                            "Exact Heap Blocks": 50593,
                            "Lossy Heap Blocks": 0,
                            "Plans": [
                              {
                                "Node Type": "Bitmap Index Scan",
                                "Parent Relationship": "Outer",
                                "Parallel Aware": false,
                                "Index Name": "person_id_cast_info",
                                "Startup Cost": 0.0,
                                "Total Cost": 178427.68,
                                "Plan Rows": 8171082,
                                "Plan Width": 0,
                                "Actual Startup Time": 283.986,
                                "Actual Total Time": 283.987,
                                "Actual Rows": 8083653,
                                "Actual Loops": 1,
                                "Index Cond": "(person_id > 2872165)"
                              }
                            ]
                          },
                          {
                            "Node Type": "Hash",
                            "Parent Relationship": "Inner",
                            "Parallel Aware": true,
                            "Startup Cost": 54588.39,
                            "Total Cost": 54588.39,
                            "Plan Rows": 208902,
                            "Plan Width": 4,
                            "Actual Startup Time": 188.791,
                            "Actual Total Time": 188.792,
                            "Actual Rows": 183215,
                            "Actual Loops": 2,
                            "Hash Buckets": 524288,
                            "Original Hash Buckets": 524288,
                            "Hash Batches": 1,
                            "Original Hash Batches": 1,
                            "Peak Memory Usage": 18464,
                            "Plans": [
                              {
                                "Node Type": "Seq Scan",
                                "Parent Relationship": "Outer",
                                "Parallel Aware": true,
                                "Relation Name": "title",
                                "Alias": "t",
                                "Startup Cost": 0.0,
                                "Total Cost": 54588.39,
                                "Plan Rows": 208902,
                                "Plan Width": 4,
                                "Actual Startup Time": 0.045,
                                "Actual Total Time": 140.454,
                                "Actual Rows": 183215,
                                "Actual Loops": 2,
                                "Filter": "(production_year < 1970)",
                                "Rows Removed by Filter": 1080941
                              }
                            ]
                          }
                        ]
                      }
                    ]
                  }
                ]
              }
            ]
          }
        ]
      }
    ]
  },
  "Planning Time": 0.951,
  "Triggers": [],
  "Execution Time": 4323.334
}