{
  "Plan": {
    "Node Type": "Aggregate",
    "Strategy": "Plain",
    "Partial Mode": "Finalize",
    "Parallel Aware": false,
    "Startup Cost": 399615.76,
    "Total Cost": 399615.77,
    "Plan Rows": 1,
    "Plan Width": 8,
    "Actual Startup Time": 1924.172,
    "Actual Total Time": 1946.175,
    "Actual Rows": 1,
    "Actual Loops": 1,
    "Plans": [
      {
        "Node Type": "Gather",
        "Parent Relationship": "Outer",
        "Parallel Aware": false,
        "Startup Cost": 399615.65,
        "Total Cost": 399615.76,
        "Plan Rows": 1,
        "Plan Width": 8,
        "Actual Startup Time": 1917.894,
        "Actual Total Time": 1946.169,
        "Actual Rows": 2,
        "Actual Loops": 1,
        "Workers Planned": 1,
        "Workers Launched": 1,
        "Single Copy": false,
        "Plans": [
          {
            "Node Type": "Aggregate",
            "Strategy": "Plain",
            "Partial Mode": "Partial",
            "Parent Relationship": "Outer",
            "Parallel Aware": false,
            "Startup Cost": 398615.65,
            "Total Cost": 398615.66,
            "Plan Rows": 1,
            "Plan Width": 8,
            "Actual Startup Time": 1911.569,
            "Actual Total Time": 1911.575,
            "Actual Rows": 1,
            "Actual Loops": 2,
            "Plans": [
              {
                "Node Type": "Merge Join",
                "Parent Relationship": "Outer",
                "Parallel Aware": false,
                "Join Type": "Inner",
                "Startup Cost": 254390.96,
                "Total Cost": 397280.25,
                "Plan Rows": 534162,
                "Plan Width": 0,
                "Actual Startup Time": 1346.764,
                "Actual Total Time": 1883.073,
                "Actual Rows": 695166,
                "Actual Loops": 2,
                "Inner Unique": false,
                "Merge Cond": "(mc.movie_id = t.id)",
                "Plans": [
                  {
                    "Node Type": "Index Only Scan",
                    "Parent Relationship": "Outer",
                    "Parallel Aware": true,
                    "Scan Direction": "Forward",
                    "Index Name": "movie_id_movie_companies",
                    "Relation Name": "movie_companies",
                    "Alias": "mc",
                    "Startup Cost": 0.43,
                    "Total Cost": 129315.97,
                    "Plan Rows": 1534782,
                    "Plan Width": 4,
                    "Actual Startup Time": 0.095,
                    "Actual Total Time": 363.999,
                    "Actual Rows": 1304474,
                    "Actual Loops": 2,
                    "Heap Fetches": 2608947
                  },
                  {
                    "Node Type": "Sort",
                    "Parent Relationship": "Inner",
                    "Parallel Aware": false,
                    "Startup Cost": 254390.44,
                    "Total Cost": 256590.29,
                    "Plan Rows": 879942,
                    "Plan Width": 8,
                    "Actual Startup Time": 1337.003,
                    "Actual Total Time": 1372.583,
                    "Actual Rows": 1006496,
                    "Actual Loops": 2,
                    "Sort Key": [
                      "mk.movie_id"
                    ],
                    "Sort Method": "quicksort",
                    "Sort Space Used": 35732,
                    "Sort Space Type": "Memory",
                    "Workers": [
                      {
                        "Worker Number": 0,
                        "Sort Method": "quicksort",
                        "Sort Space Used": 35732,
                        "Sort Space Type": "Memory"
                      }
                    ],
                    "Plans": [
                      {
                        "Node Type": "Hash Join",
                        "Parent Relationship": "Outer",
                        "Parallel Aware": false,
                        "Join Type": "Inner",
                        "Startup Cost": 123017.27,
                        "Total Cost": 167509.15,
                        "Plan Rows": 879942,
                        "Plan Width": 8,
                        "Actual Startup Time": 828.489,
                        "Actual Total Time": 1235.179,
                        "Actual Rows": 500130,
                        "Actual Loops": 2,
                        "Inner Unique": true,
                        "Hash Cond": "(mk.movie_id = t.id)",
                        "Plans": [
                          {
                            "Node Type": "Bitmap Heap Scan",
                            "Parent Relationship": "Outer",
                            "Parallel Aware": false,
                            "Relation Name": "movie_keyword",
                            "Alias": "mk",
                            "Startup Cost": 28103.77,
                            "Total Cost": 69118.0,
                            "Plan Rows": 1324818,
                            "Plan Width": 4,
                            "Actual Startup Time": 99.787,
                            "Actual Total Time": 280.613,
                            "Actual Rows": 1331068,
                            "Actual Loops": 2,
                            "Recheck Cond": "(keyword_id > 12938)",
                            "Rows Removed by Index Recheck": 0,
                            "Exact Heap Blocks": 24196,
                            "Lossy Heap Blocks": 0,
                            "Plans": [
                              {
                                "Node Type": "Bitmap Index Scan",
                                "Parent Relationship": "Outer",
                                "Parallel Aware": false,
                                "Index Name": "keyword_id_movie_keyword",
                                "Startup Cost": 0.0,
                                "Total Cost": 27772.57,
                                "Plan Rows": 1324818,
                                "Plan Width": 0,
                                "Actual Startup Time": 96.801,
                                "Actual Total Time": 96.801,
                                "Actual Rows": 1331068,
                                "Actual Loops": 2,
                                "Index Cond": "(keyword_id > 12938)"
                              }
                            ]
                          },
                          {
                            "Node Type": "Hash",
                            "Parent Relationship": "Inner",
                            "Parallel Aware": false,
                            "Startup Cost": 73922.39,
                            "Total Cost": 73922.39,
                            "Plan Rows": 1679288,
                            "Plan Width": 4,
                            "Actual Startup Time": 720.294,
                            "Actual Total Time": 720.295,
                            "Actual Rows": 1783803,
                            "Actual Loops": 2,
                            "Hash Buckets": 2097152,
                            "Original Hash Buckets": 2097152,
                            "Hash Batches": 1,
                            "Original Hash Batches": 1,
                            "Peak Memory Usage": 79096,
                            "Plans": [
                              {
                                "Node Type": "Seq Scan",
                                "Parent Relationship": "Outer",
                                "Parallel Aware": false,
                                "Relation Name": "title",
                                "Alias": "t",
                                "Startup Cost": 0.0,
                                "Total Cost": 73922.39,
                                "Plan Rows": 1679288,
                                "Plan Width": 4,
                                "Actual Startup Time": 0.023,
                                "Actual Total Time": 328.349,
                                "Actual Rows": 1783803,
                                "Actual Loops": 2,
                                "Filter": "((kind_id > 1) AND (production_year > 1953))",
                                "Rows Removed by Filter": 744509
                              }
                            ]
                          }
                        ]
                      }
                    ]
                  }
                ]
              }
            ]
          }
        ]
      }
    ]
  },
  "Planning Time": 1.015,
  "Triggers": [],
  "Execution Time": 1955.289
}