{
  "Plan": {
    "Node Type": "Aggregate",
    "Strategy": "Plain",
    "Partial Mode": "Simple",
    "Parallel Aware": false,
    "Startup Cost": 696.33,
    "Total Cost": 696.34,
    "Plan Rows": 1,
    "Plan Width": 8,
    "Actual Startup Time": 6.091,
    "Actual Total Time": 6.094,
    "Actual Rows": 1,
    "Actual Loops": 1,
    "Plans": [
      {
        "Node Type": "Nested Loop",
        "Parent Relationship": "Outer",
        "Parallel Aware": false,
        "Join Type": "Inner",
        "Startup Cost": 0.86,
        "Total Cost": 696.2,
        "Plan Rows": 50,
        "Plan Width": 0,
        "Actual Startup Time": 0.122,
        "Actual Total Time": 5.998,
        "Actual Rows": 547,
        "Actual Loops": 1,
        "Inner Unique": true,
        "Plans": [
          {
            "Node Type": "Index Scan",
            "Parent Relationship": "Outer",
            "Parallel Aware": false,
            "Scan Direction": "Forward",
            "Index Name": "company_id_movie_companies",
            "Relation Name": "movie_companies",
            "Alias": "mc",
            "Startup Cost": 0.43,
            "Total Cost": 273.83,
            "Plan Rows": 50,
            "Plan Width": 4,
            "Actual Startup Time": 0.099,
            "Actual Total Time": 1.281,
            "Actual Rows": 547,
            "Actual Loops": 1,
            "Index Cond": "(company_id = 1479)",
            "Rows Removed by Index Recheck": 0,
            "Filter": "(company_type_id < 2)",
            "Rows Removed by Filter": 133
          },
          {
            "Node Type": "Index Only Scan",
            "Parent Relationship": "Inner",
            "Parallel Aware": false,
            "Scan Direction": "Forward",
            "Index Name": "title_pkey",
            "Relation Name": "title",
            "Alias": "t",
            "Startup Cost": 0.43,
            "Total Cost": 8.45,
            "Plan Rows": 1,
            "Plan Width": 4,
            "Actual Startup Time": 0.008,
            "Actual Total Time": 0.008,
            "Actual Rows": 1,
            "Actual Loops": 547,
            "Index Cond": "(id = mc.movie_id)",
            "Rows Removed by Index Recheck": 0,
            "Heap Fetches": 547
          }
        ]
      }
    ]
  },
  "Planning Time": 0.675,
  "Triggers": [],
  "Execution Time": 6.156
}