{
  "Plan": {
    "Node Type": "Aggregate",
    "Strategy": "Plain",
    "Partial Mode": "Finalize",
    "Parallel Aware": false,
    "Startup Cost": 96402.32,
    "Total Cost": 96402.33,
    "Plan Rows": 1,
    "Plan Width": 8,
    "Actual Startup Time": 154.476,
    "Actual Total Time": 166.794,
    "Actual Rows": 1,
    "Actual Loops": 1,
    "Plans": [
      {
        "Node Type": "Gather",
        "Parent Relationship": "Outer",
        "Parallel Aware": false,
        "Startup Cost": 96402.21,
        "Total Cost": 96402.32,
        "Plan Rows": 1,
        "Plan Width": 8,
        "Actual Startup Time": 154.351,
        "Actual Total Time": 166.786,
        "Actual Rows": 2,
        "Actual Loops": 1,
        "Workers Planned": 1,
        "Workers Launched": 1,
        "Single Copy": false,
        "Plans": [
          {
            "Node Type": "Aggregate",
            "Strategy": "Plain",
            "Partial Mode": "Partial",
            "Parent Relationship": "Outer",
            "Parallel Aware": false,
            "Startup Cost": 95402.21,
            "Total Cost": 95402.22,
            "Plan Rows": 1,
            "Plan Width": 8,
            "Actual Startup Time": 148.548,
            "Actual Total Time": 148.55,
            "Actual Rows": 1,
            "Actual Loops": 2,
            "Plans": [
              {
                "Node Type": "Nested Loop",
                "Parent Relationship": "Outer",
                "Parallel Aware": false,
                "Join Type": "Inner",
                "Startup Cost": 0.43,
                "Total Cost": 95382.85,
                "Plan Rows": 7744,
                "Plan Width": 0,
                "Actual Startup Time": 0.7,
                "Actual Total Time": 148.389,
                "Actual Rows": 2428,
                "Actual Loops": 2,
                "Inner Unique": false,
                "Plans": [
                  {
                    "Node Type": "Seq Scan",
                    "Parent Relationship": "Outer",
                    "Parallel Aware": true,
                    "Relation Name": "title",
                    "Alias": "t",
                    "Startup Cost": 0.0,
                    "Total Cost": 58306.47,
                    "Plan Rows": 4328,
                    "Plan Width": 4,
                    "Actual Startup Time": 0.195,
                    "Actual Total Time": 137.244,
                    "Actual Rows": 3368,
                    "Actual Loops": 2,
                    "Filter": "((kind_id > 3) AND (production_year = 1961))",
                    "Rows Removed by Filter": 1260788
                  },
                  {
                    "Node Type": "Index Only Scan",
                    "Parent Relationship": "Inner",
                    "Parallel Aware": false,
                    "Scan Direction": "Forward",
                    "Index Name": "movie_id_movie_keyword",
                    "Relation Name": "movie_keyword",
                    "Alias": "mk",
                    "Startup Cost": 0.43,
                    "Total Cost": 8.12,
                    "Plan Rows": 45,
                    "Plan Width": 4,
                    "Actual Startup Time": 0.003,
                    "Actual Total Time": 0.003,
                    "Actual Rows": 1,
                    "Actual Loops": 6735,
                    "Index Cond": "(movie_id = t.id)",
                    "Rows Removed by Index Recheck": 0,
                    "Heap Fetches": 4855
                  }
                ]
              }
            ]
          }
        ]
      }
    ]
  },
  "Planning Time": 0.469,
  "Triggers": [],
  "Execution Time": 166.866
}