[
  {
    "Plan": {
      "Node Type": "Aggregate",
      "Strategy": "Plain",
      "Partial Mode": "Finalize",
      "Parallel Aware": false,
      "Startup Cost": 338853.75,
      "Total Cost": 338853.76,
      "Plan Rows": 1,
      "Plan Width": 8,
      "Actual Startup Time": 776.493,
      "Actual Total Time": 834.753,
      "Actual Rows": 1,
      "Actual Loops": 1,
      "Plans": [
        {
          "Node Type": "Gather",
          "Parent Relationship": "Outer",
          "Parallel Aware": false,
          "Startup Cost": 338853.13,
          "Total Cost": 338853.74,
          "Plan Rows": 6,
          "Plan Width": 8,
          "Actual Startup Time": 776.379,
          "Actual Total Time": 834.744,
          "Actual Rows": 7,
          "Actual Loops": 1,
          "Workers Planned": 6,
          "Workers Launched": 6,
          "Single Copy": false,
          "Plans": [
            {
              "Node Type": "Aggregate",
              "Strategy": "Plain",
              "Partial Mode": "Partial",
              "Parent Relationship": "Outer",
              "Parallel Aware": false,
              "Startup Cost": 337853.13,
              "Total Cost": 337853.14,
              "Plan Rows": 1,
              "Plan Width": 8,
              "Actual Startup Time": 767.841,
              "Actual Total Time": 767.842,
              "Actual Rows": 1,
              "Actual Loops": 7,
              "Plans": [
                {
                  "Node Type": "Seq Scan",
                  "Parent Relationship": "Outer",
                  "Parallel Aware": true,
                  "Relation Name": "cast_info",
                  "Alias": "ci",
                  "Startup Cost": 0.0,
                  "Total Cost": 328162.03,
                  "Plan Rows": 3876441,
                  "Plan Width": 0,
                  "Actual Startup Time": 0.044,
                  "Actual Total Time": 618.191,
                  "Actual Rows": 3331136,
                  "Actual Loops": 7,
                  "Filter": "(person_id < 2385350)",
                  "Rows Removed by Filter": 1846628
                }
              ]
            }
          ]
        }
      ]
    },
    "Planning Time": 0.174,
    "Triggers": [],
    "Execution Time": 834.832
  }
]