[
  {
    "Plan": {
      "Node Type": "Aggregate",
      "Strategy": "Plain",
      "Partial Mode": "Finalize",
      "Parallel Aware": false,
      "Startup Cost": 236360.7,
      "Total Cost": 236360.71,
      "Plan Rows": 1,
      "Plan Width": 8,
      "Actual Startup Time": 358.131,
      "Actual Total Time": 394.713,
      "Actual Rows": 1,
      "Actual Loops": 1,
      "Plans": [
        {
          "Node Type": "Gather",
          "Parent Relationship": "Outer",
          "Parallel Aware": false,
          "Startup Cost": 236360.28,
          "Total Cost": 236360.69,
          "Plan Rows": 4,
          "Plan Width": 8,
          "Actual Startup Time": 356.936,
          "Actual Total Time": 394.703,
          "Actual Rows": 5,
          "Actual Loops": 1,
          "Workers Planned": 4,
          "Workers Launched": 4,
          "Single Copy": false,
          "Plans": [
            {
              "Node Type": "Aggregate",
              "Strategy": "Plain",
              "Partial Mode": "Partial",
              "Parent Relationship": "Outer",
              "Parallel Aware": false,
              "Startup Cost": 235360.28,
              "Total Cost": 235360.29,
              "Plan Rows": 1,
              "Plan Width": 8,
              "Actual Startup Time": 346.7,
              "Actual Total Time": 346.703,
              "Actual Rows": 1,
              "Actual Loops": 5,
              "Plans": [
                {
                  "Node Type": "Nested Loop",
                  "Parent Relationship": "Outer",
                  "Parallel Aware": false,
                  "Join Type": "Inner",
                  "Startup Cost": 32786.52,
                  "Total Cost": 234720.31,
                  "Plan Rows": 255986,
                  "Plan Width": 0,
                  "Actual Startup Time": 154.551,
                  "Actual Total Time": 342.32,
                  "Actual Rows": 86216,
                  "Actual Loops": 5,
                  "Inner Unique": false,
                  "Plans": [
                    {
                      "Node Type": "Hash Join",
                      "Parent Relationship": "Outer",
                      "Parallel Aware": true,
                      "Join Type": "Inner",
                      "Startup Cost": 32786.08,
                      "Total Cost": 78539.43,
                      "Plan Rows": 85018,
                      "Plan Width": 8,
                      "Actual Startup Time": 154.465,
                      "Actual Total Time": 196.475,
                      "Actual Rows": 7158,
                      "Actual Loops": 5,
                      "Inner Unique": false,
                      "Hash Cond": "(t.id = mc.movie_id)",
                      "Plans": [
                        {
                          "Node Type": "Seq Scan",
                          "Parent Relationship": "Outer",
                          "Parallel Aware": true,
                          "Relation Name": "title",
                          "Alias": "t",
                          "Startup Cost": 0.0,
                          "Total Cost": 42318.73,
                          "Plan Rows": 632073,
                          "Plan Width": 4,
                          "Actual Startup Time": 0.015,
                          "Actual Total Time": 64.746,
                          "Actual Rows": 505662,
                          "Actual Loops": 5
                        },
                        {
                          "Node Type": "Hash",
                          "Parent Relationship": "Inner",
                          "Parallel Aware": true,
                          "Startup Cost": 31414.82,
                          "Total Cost": 31414.82,
                          "Plan Rows": 109701,
                          "Plan Width": 4,
                          "Actual Startup Time": 67.658,
                          "Actual Total Time": 67.659,
                          "Actual Rows": 7158,
                          "Actual Loops": 5,
                          "Hash Buckets": 524288,
                          "Original Hash Buckets": 524288,
                          "Hash Batches": 1,
                          "Original Hash Batches": 1,
                          "Peak Memory Usage": 5536,
                          "Plans": [
                            {
                              "Node Type": "Seq Scan",
                              "Parent Relationship": "Outer",
                              "Parallel Aware": true,
                              "Relation Name": "movie_companies",
                              "Alias": "mc",
                              "Startup Cost": 0.0,
                              "Total Cost": 31414.82,
                              "Plan Rows": 109701,
                              "Plan Width": 4,
                              "Actual Startup Time": 28.523,
                              "Actual Total Time": 64.472,
                              "Actual Rows": 7158,
                              "Actual Loops": 5,
                              "Filter": "((company_id > 44515) AND (company_type_id = 1))",
                              "Rows Removed by Filter": 514668
                            }
                          ]
                        }
                      ]
                    },
                    {
                      "Node Type": "Index Scan",
                      "Parent Relationship": "Inner",
                      "Parallel Aware": false,
                      "Scan Direction": "Forward",
                      "Index Name": "movie_id_movie_info",
                      "Relation Name": "movie_info",
                      "Alias": "mi",
                      "Startup Cost": 0.43,
                      "Total Cost": 1.62,
                      "Plan Rows": 22,
                      "Plan Width": 4,
                      "Actual Startup Time": 0.008,
                      "Actual Total Time": 0.019,
                      "Actual Rows": 12,
                      "Actual Loops": 35788,
                      "Index Cond": "(movie_id = t.id)",
                      "Rows Removed by Index Recheck": 0,
                      "Filter": "(info_type_id > 7)",
                      "Rows Removed by Filter": 8
                    }
                  ]
                }
              ]
            }
          ]
        }
      ]
    },
    "Planning Time": 1.438,
    "Triggers": [],
    "Execution Time": 394.811
  }
]