[
  {
    "Plan": {
      "Node Type": "Aggregate",
      "Strategy": "Plain",
      "Partial Mode": "Finalize",
      "Parallel Aware": false,
      "Startup Cost": 379518.21,
      "Total Cost": 379518.22,
      "Plan Rows": 1,
      "Plan Width": 8,
      "Actual Startup Time": 1524.9,
      "Actual Total Time": 1577.438,
      "Actual Rows": 1,
      "Actual Loops": 1,
      "Plans": [
        {
          "Node Type": "Gather",
          "Parent Relationship": "Outer",
          "Parallel Aware": false,
          "Startup Cost": 379517.59,
          "Total Cost": 379518.2,
          "Plan Rows": 6,
          "Plan Width": 8,
          "Actual Startup Time": 1522.981,
          "Actual Total Time": 1577.425,
          "Actual Rows": 7,
          "Actual Loops": 1,
          "Workers Planned": 6,
          "Workers Launched": 6,
          "Single Copy": false,
          "Plans": [
            {
              "Node Type": "Aggregate",
              "Strategy": "Plain",
              "Partial Mode": "Partial",
              "Parent Relationship": "Outer",
              "Parallel Aware": false,
              "Startup Cost": 378517.59,
              "Total Cost": 378517.6,
              "Plan Rows": 1,
              "Plan Width": 8,
              "Actual Startup Time": 1516.961,
              "Actual Total Time": 1516.964,
              "Actual Rows": 1,
              "Actual Loops": 7,
              "Plans": [
                {
                  "Node Type": "Hash Join",
                  "Parent Relationship": "Outer",
                  "Parallel Aware": true,
                  "Join Type": "Inner",
                  "Startup Cost": 46877.86,
                  "Total Cost": 375844.52,
                  "Plan Rows": 1069227,
                  "Plan Width": 0,
                  "Actual Startup Time": 96.248,
                  "Actual Total Time": 1477.549,
                  "Actual Rows": 848020,
                  "Actual Loops": 7,
                  "Inner Unique": true,
                  "Hash Cond": "(ci.movie_id = t.id)",
                  "Plans": [
                    {
                      "Node Type": "Seq Scan",
                      "Parent Relationship": "Outer",
                      "Parallel Aware": true,
                      "Relation Name": "cast_info",
                      "Alias": "ci",
                      "Startup Cost": 0.0,
                      "Total Cost": 313106.51,
                      "Plan Rows": 6041951,
                      "Plan Width": 4,
                      "Actual Startup Time": 0.033,
                      "Actual Total Time": 525.187,
                      "Actual Rows": 5177763,
                      "Actual Loops": 7
                    },
                    {
                      "Node Type": "Hash",
                      "Parent Relationship": "Inner",
                      "Parallel Aware": true,
                      "Startup Cost": 45479.59,
                      "Total Cost": 45479.59,
                      "Plan Rows": 111862,
                      "Plan Width": 4,
                      "Actual Startup Time": 94.73,
                      "Actual Total Time": 94.731,
                      "Actual Rows": 46441,
                      "Actual Loops": 7,
                      "Hash Buckets": 524288,
                      "Original Hash Buckets": 524288,
                      "Hash Batches": 1,
                      "Original Hash Batches": 1,
                      "Peak Memory Usage": 16896,
                      "Plans": [
                        {
                          "Node Type": "Seq Scan",
                          "Parent Relationship": "Outer",
                          "Parallel Aware": true,
                          "Relation Name": "title",
                          "Alias": "t",
                          "Startup Cost": 0.0,
                          "Total Cost": 45479.59,
                          "Plan Rows": 111862,
                          "Plan Width": 4,
                          "Actual Startup Time": 36.372,
                          "Actual Total Time": 73.72,
                          "Actual Rows": 46441,
                          "Actual Loops": 7,
                          "Filter": "((production_year > 1992) AND (kind_id = 1))",
                          "Rows Removed by Filter": 314746
                        }
                      ]
                    }
                  ]
                }
              ]
            }
          ]
        }
      ]
    },
    "Planning Time": 0.318,
    "Triggers": [],
    "Execution Time": 1577.492
  }
]