{
  "Plan": {
    "Node Type": "Aggregate",
    "Strategy": "Plain",
    "Partial Mode": "Finalize",
    "Parallel Aware": false,
    "Startup Cost": 116413.08,
    "Total Cost": 116413.09,
    "Plan Rows": 1,
    "Plan Width": 8,
    "Actual Startup Time": 404.388,
    "Actual Total Time": 423.339,
    "Actual Rows": 1,
    "Actual Loops": 1,
    "Plans": [
      {
        "Node Type": "Gather",
        "Parent Relationship": "Outer",
        "Parallel Aware": false,
        "Startup Cost": 116412.97,
        "Total Cost": 116413.08,
        "Plan Rows": 1,
        "Plan Width": 8,
        "Actual Startup Time": 404.092,
        "Actual Total Time": 423.329,
        "Actual Rows": 2,
        "Actual Loops": 1,
        "Workers Planned": 1,
        "Workers Launched": 1,
        "Single Copy": false,
        "Plans": [
          {
            "Node Type": "Aggregate",
            "Strategy": "Plain",
            "Partial Mode": "Partial",
            "Parent Relationship": "Outer",
            "Parallel Aware": false,
            "Startup Cost": 115412.97,
            "Total Cost": 115412.98,
            "Plan Rows": 1,
            "Plan Width": 8,
            "Actual Startup Time": 399.109,
            "Actual Total Time": 399.113,
            "Actual Rows": 1,
            "Actual Loops": 2,
            "Plans": [
              {
                "Node Type": "Nested Loop",
                "Parent Relationship": "Outer",
                "Parallel Aware": false,
                "Join Type": "Inner",
                "Startup Cost": 58480.61,
                "Total Cost": 115335.03,
                "Plan Rows": 31176,
                "Plan Width": 0,
                "Actual Startup Time": 169.898,
                "Actual Total Time": 398.057,
                "Actual Rows": 17257,
                "Actual Loops": 2,
                "Inner Unique": false,
                "Join Filter": "(t.id = mi.movie_id)",
                "Rows Removed by Join Filter": 0,
                "Plans": [
                  {
                    "Node Type": "Hash Join",
                    "Parent Relationship": "Outer",
                    "Parallel Aware": true,
                    "Join Type": "Inner",
                    "Startup Cost": 58480.17,
                    "Total Cost": 101555.64,
                    "Plan Rows": 5332,
                    "Plan Width": 8,
                    "Actual Startup Time": 169.832,
                    "Actual Total Time": 377.183,
                    "Actual Rows": 2024,
                    "Actual Loops": 2,
                    "Inner Unique": true,
                    "Hash Cond": "(mc.movie_id = t.id)",
                    "Plans": [
                      {
                        "Node Type": "Index Scan",
                        "Parent Relationship": "Outer",
                        "Parallel Aware": true,
                        "Scan Direction": "Forward",
                        "Index Name": "company_type_id_movie_companies",
                        "Relation Name": "movie_companies",
                        "Alias": "mc",
                        "Startup Cost": 0.43,
                        "Total Cost": 41574.35,
                        "Plan Rows": 572015,
                        "Plan Width": 4,
                        "Actual Startup Time": 0.068,
                        "Actual Total Time": 137.278,
                        "Actual Rows": 627978,
                        "Actual Loops": 2,
                        "Index Cond": "(company_type_id < 2)",
                        "Rows Removed by Index Recheck": 0,
                        "Filter": "(company_id < 55682)",
                        "Rows Removed by Filter": 9144
                      },
                      {
                        "Node Type": "Hash",
                        "Parent Relationship": "Inner",
                        "Parallel Aware": true,
                        "Startup Cost": 58306.47,
                        "Total Cost": 58306.47,
                        "Plan Rows": 13862,
                        "Plan Width": 4,
                        "Actual Startup Time": 168.619,
                        "Actual Total Time": 168.62,
                        "Actual Rows": 12993,
                        "Actual Loops": 2,
                        "Hash Buckets": 32768,
                        "Original Hash Buckets": 32768,
                        "Hash Batches": 1,
                        "Original Hash Batches": 1,
                        "Peak Memory Usage": 1312,
                        "Plans": [
                          {
                            "Node Type": "Seq Scan",
                            "Parent Relationship": "Outer",
                            "Parallel Aware": true,
                            "Relation Name": "title",
                            "Alias": "t",
                            "Startup Cost": 0.0,
                            "Total Cost": 58306.47,
                            "Plan Rows": 13862,
                            "Plan Width": 4,
                            "Actual Startup Time": 0.029,
                            "Actual Total Time": 163.044,
                            "Actual Rows": 12993,
                            "Actual Loops": 2,
                            "Filter": "((kind_id = 7) AND (production_year = 1997))",
                            "Rows Removed by Filter": 1251163
                          }
                        ]
                      }
                    ]
                  },
                  {
                    "Node Type": "Index Only Scan",
                    "Parent Relationship": "Inner",
                    "Parallel Aware": false,
                    "Scan Direction": "Forward",
                    "Index Name": "movie_id_movie_info",
                    "Relation Name": "movie_info",
                    "Alias": "mi",
                    "Startup Cost": 0.43,
                    "Total Cost": 2.06,
                    "Plan Rows": 42,
                    "Plan Width": 4,
                    "Actual Startup Time": 0.004,
                    "Actual Total Time": 0.009,
                    "Actual Rows": 9,
                    "Actual Loops": 4047,
                    "Index Cond": "(movie_id = mc.movie_id)",
                    "Rows Removed by Index Recheck": 0,
                    "Heap Fetches": 34514
                  }
                ]
              }
            ]
          }
        ]
      }
    ]
  },
  "Planning Time": 1.038,
  "Triggers": [],
  "Execution Time": 423.436
}