[
  {
    "Plan": {
      "Node Type": "Aggregate",
      "Strategy": "Plain",
      "Partial Mode": "Finalize",
      "Parallel Aware": false,
      "Startup Cost": 87589.18,
      "Total Cost": 87589.19,
      "Plan Rows": 1,
      "Plan Width": 8,
      "Actual Startup Time": 344.79,
      "Actual Total Time": 363.027,
      "Actual Rows": 1,
      "Actual Loops": 1,
      "Plans": [
        {
          "Node Type": "Gather",
          "Parent Relationship": "Outer",
          "Parallel Aware": false,
          "Startup Cost": 87588.86,
          "Total Cost": 87589.17,
          "Plan Rows": 3,
          "Plan Width": 8,
          "Actual Startup Time": 341.815,
          "Actual Total Time": 363.021,
          "Actual Rows": 4,
          "Actual Loops": 1,
          "Workers Planned": 3,
          "Workers Launched": 3,
          "Single Copy": false,
          "Plans": [
            {
              "Node Type": "Aggregate",
              "Strategy": "Plain",
              "Partial Mode": "Partial",
              "Parent Relationship": "Outer",
              "Parallel Aware": false,
              "Startup Cost": 86588.86,
              "Total Cost": 86588.87,
              "Plan Rows": 1,
              "Plan Width": 8,
              "Actual Startup Time": 338.684,
              "Actual Total Time": 338.687,
              "Actual Rows": 1,
              "Actual Loops": 4,
              "Plans": [
                {
                  "Node Type": "Nested Loop",
                  "Parent Relationship": "Outer",
                  "Parallel Aware": false,
                  "Join Type": "Inner",
                  "Startup Cost": 49848.92,
                  "Total Cost": 86585.72,
                  "Plan Rows": 1255,
                  "Plan Width": 0,
                  "Actual Startup Time": 152.921,
                  "Actual Total Time": 338.429,
                  "Actual Rows": 2752,
                  "Actual Loops": 4,
                  "Inner Unique": false,
                  "Plans": [
                    {
                      "Node Type": "Hash Join",
                      "Parent Relationship": "Outer",
                      "Parallel Aware": true,
                      "Join Type": "Inner",
                      "Startup Cost": 49848.49,
                      "Total Cost": 75121.1,
                      "Plan Rows": 16363,
                      "Plan Width": 8,
                      "Actual Startup Time": 152.82,
                      "Actual Total Time": 200.129,
                      "Actual Rows": 27892,
                      "Actual Loops": 4,
                      "Inner Unique": true,
                      "Hash Cond": "(mk.movie_id = t.id)",
                      "Plans": [
                        {
                          "Node Type": "Bitmap Heap Scan",
                          "Parent Relationship": "Outer",
                          "Parallel Aware": true,
                          "Relation Name": "movie_keyword",
                          "Alias": "mk",
                          "Startup Cost": 3560.74,
                          "Total Cost": 28691.28,
                          "Plan Rows": 54123,
                          "Plan Width": 4,
                          "Actual Startup Time": 15.419,
                          "Actual Total Time": 44.098,
                          "Actual Rows": 40952,
                          "Actual Loops": 4,
                          "Recheck Cond": "(keyword_id < 121)",
                          "Rows Removed by Index Recheck": 0,
                          "Exact Heap Blocks": 7612,
                          "Lossy Heap Blocks": 0,
                          "Plans": [
                            {
                              "Node Type": "Bitmap Index Scan",
                              "Parent Relationship": "Outer",
                              "Parallel Aware": false,
                              "Index Name": "keyword_id_movie_keyword",
                              "Startup Cost": 0.0,
                              "Total Cost": 3518.8,
                              "Plan Rows": 167782,
                              "Plan Width": 0,
                              "Actual Startup Time": 12.03,
                              "Actual Total Time": 12.03,
                              "Actual Rows": 163809,
                              "Actual Loops": 1,
                              "Index Cond": "(keyword_id < 121)"
                            }
                          ]
                        },
                        {
                          "Node Type": "Hash",
                          "Parent Relationship": "Inner",
                          "Parallel Aware": true,
                          "Startup Cost": 43899.01,
                          "Total Cost": 43899.01,
                          "Plan Rows": 191099,
                          "Plan Width": 4,
                          "Actual Startup Time": 135.584,
                          "Actual Total Time": 135.584,
                          "Actual Rows": 188419,
                          "Actual Loops": 4,
                          "Hash Buckets": 1048576,
                          "Original Hash Buckets": 1048576,
                          "Hash Batches": 1,
                          "Original Hash Batches": 1,
                          "Peak Memory Usage": 37728,
                          "Plans": [
                            {
                              "Node Type": "Seq Scan",
                              "Parent Relationship": "Outer",
                              "Parallel Aware": true,
                              "Relation Name": "title",
                              "Alias": "t",
                              "Startup Cost": 0.0,
                              "Total Cost": 43899.01,
                              "Plan Rows": 191099,
                              "Plan Width": 4,
                              "Actual Startup Time": 0.013,
                              "Actual Total Time": 77.572,
                              "Actual Rows": 188419,
                              "Actual Loops": 4,
                              "Filter": "(kind_id < 3)",
                              "Rows Removed by Filter": 443659
                            }
                          ]
                        }
                      ]
                    },
                    {
                      "Node Type": "Index Scan",
                      "Parent Relationship": "Inner",
                      "Parallel Aware": false,
                      "Scan Direction": "Forward",
                      "Index Name": "movie_id_movie_companies",
                      "Relation Name": "movie_companies",
                      "Alias": "mc",
                      "Startup Cost": 0.43,
                      "Total Cost": 0.69,
                      "Plan Rows": 1,
                      "Plan Width": 4,
                      "Actual Startup Time": 0.005,
                      "Actual Total Time": 0.005,
                      "Actual Rows": 0,
                      "Actual Loops": 111566,
                      "Index Cond": "(movie_id = t.id)",
                      "Rows Removed by Index Recheck": 0,
                      "Filter": "((company_id < 225) AND (company_type_id = 2))",
                      "Rows Removed by Filter": 7
                    }
                  ]
                }
              ]
            }
          ]
        }
      ]
    },
    "Planning Time": 0.434,
    "Triggers": [],
    "Execution Time": 363.07
  }
]