[
  {
    "Plan": {
      "Node Type": "Aggregate",
      "Strategy": "Plain",
      "Partial Mode": "Finalize",
      "Parallel Aware": false,
      "Startup Cost": 85693.89,
      "Total Cost": 85693.9,
      "Plan Rows": 1,
      "Plan Width": 8,
      "Actual Startup Time": 202.168,
      "Actual Total Time": 220.02,
      "Actual Rows": 1,
      "Actual Loops": 1,
      "Plans": [
        {
          "Node Type": "Gather",
          "Parent Relationship": "Outer",
          "Parallel Aware": false,
          "Startup Cost": 85693.58,
          "Total Cost": 85693.89,
          "Plan Rows": 3,
          "Plan Width": 8,
          "Actual Startup Time": 201.249,
          "Actual Total Time": 220.012,
          "Actual Rows": 4,
          "Actual Loops": 1,
          "Workers Planned": 3,
          "Workers Launched": 3,
          "Single Copy": false,
          "Plans": [
            {
              "Node Type": "Aggregate",
              "Strategy": "Plain",
              "Partial Mode": "Partial",
              "Parent Relationship": "Outer",
              "Parallel Aware": false,
              "Startup Cost": 84693.58,
              "Total Cost": 84693.59,
              "Plan Rows": 1,
              "Plan Width": 8,
              "Actual Startup Time": 191.587,
              "Actual Total Time": 191.591,
              "Actual Rows": 1,
              "Actual Loops": 4,
              "Plans": [
                {
                  "Node Type": "Nested Loop",
                  "Parent Relationship": "Outer",
                  "Parallel Aware": false,
                  "Join Type": "Inner",
                  "Startup Cost": 32758.0,
                  "Total Cost": 84690.83,
                  "Plan Rows": 1099,
                  "Plan Width": 0,
                  "Actual Startup Time": 109.547,
                  "Actual Total Time": 191.218,
                  "Actual Rows": 2752,
                  "Actual Loops": 4,
                  "Inner Unique": true,
                  "Plans": [
                    {
                      "Node Type": "Hash Join",
                      "Parent Relationship": "Outer",
                      "Parallel Aware": true,
                      "Join Type": "Inner",
                      "Startup Cost": 32757.57,
                      "Total Cost": 58120.41,
                      "Plan Rows": 19187,
                      "Plan Width": 8,
                      "Actual Startup Time": 109.484,
                      "Actual Total Time": 156.874,
                      "Actual Rows": 4246,
                      "Actual Loops": 4,
                      "Inner Unique": false,
                      "Hash Cond": "(mk.movie_id = mc.movie_id)",
                      "Plans": [
                        {
                          "Node Type": "Bitmap Heap Scan",
                          "Parent Relationship": "Outer",
                          "Parallel Aware": true,
                          "Relation Name": "movie_keyword",
                          "Alias": "mk",
                          "Startup Cost": 3183.15,
                          "Total Cost": 28242.1,
                          "Plan Rows": 48396,
                          "Plan Width": 4,
                          "Actual Startup Time": 14.005,
                          "Actual Total Time": 50.886,
                          "Actual Rows": 40952,
                          "Actual Loops": 4,
                          "Recheck Cond": "(keyword_id < 121)",
                          "Rows Removed by Index Recheck": 0,
                          "Exact Heap Blocks": 7798,
                          "Lossy Heap Blocks": 0,
                          "Plans": [
                            {
                              "Node Type": "Bitmap Index Scan",
                              "Parent Relationship": "Outer",
                              "Parallel Aware": false,
                              "Index Name": "keyword_id_movie_keyword",
                              "Startup Cost": 0.0,
                              "Total Cost": 3145.64,
                              "Plan Rows": 150028,
                              "Plan Width": 0,
                              "Actual Startup Time": 10.545,
                              "Actual Total Time": 10.546,
                              "Actual Rows": 163809,
                              "Actual Loops": 1,
                              "Index Cond": "(keyword_id < 121)"
                            }
                          ]
                        },
                        {
                          "Node Type": "Hash",
                          "Parent Relationship": "Inner",
                          "Parallel Aware": true,
                          "Startup Cost": 28797.99,
                          "Total Cost": 28797.99,
                          "Plan Rows": 62115,
                          "Plan Width": 4,
                          "Actual Startup Time": 93.313,
                          "Actual Total Time": 93.314,
                          "Actual Rows": 21758,
                          "Actual Loops": 4,
                          "Hash Buckets": 262144,
                          "Original Hash Buckets": 262144,
                          "Hash Batches": 1,
                          "Original Hash Batches": 1,
                          "Peak Memory Usage": 5536,
                          "Plans": [
                            {
                              "Node Type": "Bitmap Heap Scan",
                              "Parent Relationship": "Outer",
                              "Parallel Aware": true,
                              "Relation Name": "movie_companies",
                              "Alias": "mc",
                              "Startup Cost": 8172.92,
                              "Total Cost": 28797.99,
                              "Plan Rows": 62115,
                              "Plan Width": 4,
                              "Actual Startup Time": 71.326,
                              "Actual Total Time": 85.956,
                              "Actual Rows": 21758,
                              "Actual Loops": 4,
                              "Recheck Cond": "(company_id < 225)",
                              "Rows Removed by Index Recheck": 0,
                              "Filter": "(company_type_id = 2)",
                              "Rows Removed by Filter": 72397,
                              "Exact Heap Blocks": 7588,
                              "Lossy Heap Blocks": 0,
                              "Plans": [
                                {
                                  "Node Type": "Bitmap Index Scan",
                                  "Parent Relationship": "Outer",
                                  "Parallel Aware": false,
                                  "Index Name": "company_id_movie_companies",
                                  "Startup Cost": 0.0,
                                  "Total Cost": 8124.78,
                                  "Plan Rows": 379247,
                                  "Plan Width": 0,
                                  "Actual Startup Time": 28.916,
                                  "Actual Total Time": 28.916,
                                  "Actual Rows": 376622,
                                  "Actual Loops": 1,
                                  "Index Cond": "(company_id < 225)"
                                }
                              ]
                            }
                          ]
                        }
                      ]
                    },
                    {
                      "Node Type": "Index Scan",
                      "Parent Relationship": "Inner",
                      "Parallel Aware": false,
                      "Scan Direction": "Forward",
                      "Index Name": "title_pkey",
                      "Relation Name": "title",
                      "Alias": "t",
                      "Startup Cost": 0.43,
                      "Total Cost": 1.38,
                      "Plan Rows": 1,
                      "Plan Width": 4,
                      "Actual Startup Time": 0.008,
                      "Actual Total Time": 0.008,
                      "Actual Rows": 1,
                      "Actual Loops": 16985,
                      "Index Cond": "(id = mc.movie_id)",
                      "Rows Removed by Index Recheck": 0,
                      "Filter": "(kind_id < 3)",
                      "Rows Removed by Filter": 0
                    }
                  ]
                }
              ]
            }
          ]
        }
      ]
    },
    "Planning Time": 1.447,
    "Triggers": [],
    "Execution Time": 220.14
  }
]