[
  {
    "Plan": {
      "Node Type": "Aggregate",
      "Strategy": "Plain",
      "Partial Mode": "Finalize",
      "Parallel Aware": false,
      "Startup Cost": 77608.29,
      "Total Cost": 77608.3,
      "Plan Rows": 1,
      "Plan Width": 8,
      "Actual Startup Time": 174.297,
      "Actual Total Time": 184.142,
      "Actual Rows": 1,
      "Actual Loops": 1,
      "Plans": [
        {
          "Node Type": "Gather",
          "Parent Relationship": "Outer",
          "Parallel Aware": false,
          "Startup Cost": 77608.07,
          "Total Cost": 77608.28,
          "Plan Rows": 2,
          "Plan Width": 8,
          "Actual Startup Time": 173.686,
          "Actual Total Time": 184.126,
          "Actual Rows": 3,
          "Actual Loops": 1,
          "Workers Planned": 2,
          "Workers Launched": 2,
          "Single Copy": false,
          "Plans": [
            {
              "Node Type": "Aggregate",
              "Strategy": "Plain",
              "Partial Mode": "Partial",
              "Parent Relationship": "Outer",
              "Parallel Aware": false,
              "Startup Cost": 76608.07,
              "Total Cost": 76608.08,
              "Plan Rows": 1,
              "Plan Width": 8,
              "Actual Startup Time": 165.298,
              "Actual Total Time": 165.302,
              "Actual Rows": 1,
              "Actual Loops": 3,
              "Plans": [
                {
                  "Node Type": "Nested Loop",
                  "Parent Relationship": "Outer",
                  "Parallel Aware": false,
                  "Join Type": "Inner",
                  "Startup Cost": 22170.93,
                  "Total Cost": 76586.51,
                  "Plan Rows": 8624,
                  "Plan Width": 0,
                  "Actual Startup Time": 84.451,
                  "Actual Total Time": 164.333,
                  "Actual Rows": 17524,
                  "Actual Loops": 3,
                  "Inner Unique": true,
                  "Join Filter": "(mc.movie_id = t.id)",
                  "Rows Removed by Join Filter": 0,
                  "Plans": [
                    {
                      "Node Type": "Hash Join",
                      "Parent Relationship": "Outer",
                      "Parallel Aware": true,
                      "Join Type": "Inner",
                      "Startup Cost": 22170.5,
                      "Total Cost": 38397.89,
                      "Plan Rows": 44892,
                      "Plan Width": 8,
                      "Actual Startup Time": 84.371,
                      "Actual Total Time": 112.477,
                      "Actual Rows": 17524,
                      "Actual Loops": 3,
                      "Inner Unique": false,
                      "Hash Cond": "(mi_idx.movie_id = mc.movie_id)",
                      "Plans": [
                        {
                          "Node Type": "Seq Scan",
                          "Parent Relationship": "Outer",
                          "Parallel Aware": true,
                          "Relation Name": "movie_info_idx",
                          "Alias": "mi_idx",
                          "Startup Cost": 0.0,
                          "Total Cost": 15122.68,
                          "Plan Rows": 191978,
                          "Plan Width": 4,
                          "Actual Startup Time": 0.028,
                          "Actual Total Time": 38.168,
                          "Actual Rows": 153308,
                          "Actual Loops": 3,
                          "Filter": "(info_type_id = 101)",
                          "Rows Removed by Filter": 306703
                        },
                        {
                          "Node Type": "Hash",
                          "Parent Relationship": "Inner",
                          "Parallel Aware": true,
                          "Startup Cost": 21712.55,
                          "Total Cost": 21712.55,
                          "Plan Rows": 36636,
                          "Plan Width": 4,
                          "Actual Startup Time": 46.059,
                          "Actual Total Time": 46.061,
                          "Actual Rows": 36153,
                          "Actual Loops": 3,
                          "Hash Buckets": 131072,
                          "Original Hash Buckets": 131072,
                          "Hash Batches": 1,
                          "Original Hash Batches": 1,
                          "Peak Memory Usage": 5312,
                          "Plans": [
                            {
                              "Node Type": "Bitmap Heap Scan",
                              "Parent Relationship": "Outer",
                              "Parallel Aware": true,
                              "Relation Name": "movie_companies",
                              "Alias": "mc",
                              "Startup Cost": 2464.61,
                              "Total Cost": 21712.55,
                              "Plan Rows": 36636,
                              "Plan Width": 4,
                              "Actual Startup Time": 10.152,
                              "Actual Total Time": 32.156,
                              "Actual Rows": 36153,
                              "Actual Loops": 3,
                              "Recheck Cond": "(company_id > 152722)",
                              "Rows Removed by Index Recheck": 0,
                              "Exact Heap Blocks": 1979,
                              "Lossy Heap Blocks": 0,
                              "Plans": [
                                {
                                  "Node Type": "Bitmap Index Scan",
                                  "Parent Relationship": "Outer",
                                  "Parallel Aware": false,
                                  "Index Name": "company_id_movie_companies",
                                  "Startup Cost": 0.0,
                                  "Total Cost": 2436.21,
                                  "Plan Rows": 113571,
                                  "Plan Width": 0,
                                  "Actual Startup Time": 13.697,
                                  "Actual Total Time": 13.698,
                                  "Actual Rows": 108460,
                                  "Actual Loops": 1,
                                  "Index Cond": "(company_id > 152722)"
                                }
                              ]
                            }
                          ]
                        }
                      ]
                    },
                    {
                      "Node Type": "Index Only Scan",
                      "Parent Relationship": "Inner",
                      "Parallel Aware": false,
                      "Scan Direction": "Forward",
                      "Index Name": "title_pkey",
                      "Relation Name": "title",
                      "Alias": "t",
                      "Startup Cost": 0.43,
                      "Total Cost": 0.84,
                      "Plan Rows": 1,
                      "Plan Width": 4,
                      "Actual Startup Time": 0.003,
                      "Actual Total Time": 0.003,
                      "Actual Rows": 1,
                      "Actual Loops": 52573,
                      "Index Cond": "(id = mi_idx.movie_id)",
                      "Rows Removed by Index Recheck": 0,
                      "Heap Fetches": 52573
                    }
                  ]
                }
              ]
            }
          ]
        }
      ]
    },
    "Planning Time": 1.416,
    "Triggers": [],
    "Execution Time": 184.248
  }
]