[
  {
    "Plan": {
      "Node Type": "Aggregate",
      "Strategy": "Plain",
      "Partial Mode": "Finalize",
      "Parallel Aware": false,
      "Startup Cost": 110041.8,
      "Total Cost": 110041.81,
      "Plan Rows": 1,
      "Plan Width": 8,
      "Actual Startup Time": 282.436,
      "Actual Total Time": 294.275,
      "Actual Rows": 1,
      "Actual Loops": 1,
      "Plans": [
        {
          "Node Type": "Gather",
          "Parent Relationship": "Outer",
          "Parallel Aware": false,
          "Startup Cost": 110041.38,
          "Total Cost": 110041.79,
          "Plan Rows": 4,
          "Plan Width": 8,
          "Actual Startup Time": 279.947,
          "Actual Total Time": 294.266,
          "Actual Rows": 5,
          "Actual Loops": 1,
          "Workers Planned": 4,
          "Workers Launched": 4,
          "Single Copy": false,
          "Plans": [
            {
              "Node Type": "Aggregate",
              "Strategy": "Plain",
              "Partial Mode": "Partial",
              "Parent Relationship": "Outer",
              "Parallel Aware": false,
              "Startup Cost": 109041.38,
              "Total Cost": 109041.39,
              "Plan Rows": 1,
              "Plan Width": 8,
              "Actual Startup Time": 276.393,
              "Actual Total Time": 276.397,
              "Actual Rows": 1,
              "Actual Loops": 5,
              "Plans": [
                {
                  "Node Type": "Nested Loop",
                  "Parent Relationship": "Outer",
                  "Parallel Aware": false,
                  "Join Type": "Inner",
                  "Startup Cost": 29009.66,
                  "Total Cost": 108962.41,
                  "Plan Rows": 31585,
                  "Plan Width": 0,
                  "Actual Startup Time": 87.485,
                  "Actual Total Time": 274.007,
                  "Actual Rows": 47458,
                  "Actual Loops": 5,
                  "Inner Unique": false,
                  "Plans": [
                    {
                      "Node Type": "Hash Join",
                      "Parent Relationship": "Outer",
                      "Parallel Aware": true,
                      "Join Type": "Inner",
                      "Startup Cost": 29009.23,
                      "Total Cost": 75808.72,
                      "Plan Rows": 17652,
                      "Plan Width": 8,
                      "Actual Startup Time": 87.382,
                      "Actual Total Time": 195.042,
                      "Actual Rows": 30408,
                      "Actual Loops": 5,
                      "Inner Unique": false,
                      "Hash Cond": "(t.id = mc.movie_id)",
                      "Plans": [
                        {
                          "Node Type": "Seq Scan",
                          "Parent Relationship": "Outer",
                          "Parallel Aware": true,
                          "Relation Name": "title",
                          "Alias": "t",
                          "Startup Cost": 0.0,
                          "Total Cost": 45479.21,
                          "Plan Rows": 252668,
                          "Plan Width": 4,
                          "Actual Startup Time": 0.009,
                          "Actual Total Time": 69.106,
                          "Actual Rows": 192023,
                          "Actual Loops": 5,
                          "Filter": "((production_year < 2008) AND (kind_id = 7))",
                          "Rows Removed by Filter": 313640
                        },
                        {
                          "Node Type": "Hash",
                          "Parent Relationship": "Inner",
                          "Parallel Aware": true,
                          "Startup Cost": 28296.98,
                          "Total Cost": 28296.98,
                          "Plan Rows": 56980,
                          "Plan Width": 4,
                          "Actual Startup Time": 86.459,
                          "Actual Total Time": 86.46,
                          "Actual Rows": 54984,
                          "Actual Loops": 5,
                          "Hash Buckets": 524288,
                          "Original Hash Buckets": 262144,
                          "Hash Batches": 1,
                          "Original Hash Batches": 1,
                          "Peak Memory Usage": 16928,
                          "Plans": [
                            {
                              "Node Type": "Bitmap Heap Scan",
                              "Parent Relationship": "Outer",
                              "Parallel Aware": true,
                              "Relation Name": "movie_companies",
                              "Alias": "mc",
                              "Startup Cost": 7763.3,
                              "Total Cost": 28296.98,
                              "Plan Rows": 56980,
                              "Plan Width": 4,
                              "Actual Startup Time": 22.619,
                              "Actual Total Time": 62.147,
                              "Actual Rows": 54984,
                              "Actual Loops": 5,
                              "Recheck Cond": "(company_id < 171)",
                              "Rows Removed by Index Recheck": 0,
                              "Filter": "(company_type_id < 2)",
                              "Rows Removed by Filter": 15593,
                              "Exact Heap Blocks": 6594,
                              "Lossy Heap Blocks": 0,
                              "Plans": [
                                {
                                  "Node Type": "Bitmap Index Scan",
                                  "Parent Relationship": "Outer",
                                  "Parallel Aware": false,
                                  "Index Name": "company_id_movie_companies",
                                  "Startup Cost": 0.0,
                                  "Total Cost": 7719.14,
                                  "Plan Rows": 360361,
                                  "Plan Width": 0,
                                  "Actual Startup Time": 20.246,
                                  "Actual Total Time": 20.246,
                                  "Actual Rows": 352883,
                                  "Actual Loops": 1,
                                  "Index Cond": "(company_id < 171)"
                                }
                              ]
                            }
                          ]
                        }
                      ]
                    },
                    {
                      "Node Type": "Index Only Scan",
                      "Parent Relationship": "Inner",
                      "Parallel Aware": false,
                      "Scan Direction": "Forward",
                      "Index Name": "movie_id_movie_keyword",
                      "Relation Name": "movie_keyword",
                      "Alias": "mk",
                      "Startup Cost": 0.43,
                      "Total Cost": 1.42,
                      "Plan Rows": 46,
                      "Plan Width": 4,
                      "Actual Startup Time": 0.002,
                      "Actual Total Time": 0.002,
                      "Actual Rows": 2,
                      "Actual Loops": 152040,
                      "Index Cond": "(movie_id = t.id)",
                      "Rows Removed by Index Recheck": 0,
                      "Heap Fetches": 237289
                    }
                  ]
                }
              ]
            }
          ]
        }
      ]
    },
    "Planning Time": 0.596,
    "Triggers": [],
    "Execution Time": 294.326
  }
]