[
    {
        "Bao": {
            "Bao prediction": "NaN",
            "Bao recommended hint": "(no hint)"
        }
    },
    {
        "Plan": {
            "Node Type": "Aggregate",
            "Strategy": "Plain",
            "Partial Mode": "Finalize",
            "Parallel Aware": false,
            "Startup Cost": 349625.52,
            "Total Cost": 349625.53,
            "Plan Rows": 1,
            "Plan Width": 8,
            "Actual Startup Time": 820.183,
            "Actual Total Time": 864.451,
            "Actual Rows": 1,
            "Actual Loops": 1,
            "Output": [
                "count(*)"
            ],
            "Plans": [
                {
                    "Node Type": "Gather",
                    "Parent Relationship": "Outer",
                    "Parallel Aware": false,
                    "Startup Cost": 349624.89,
                    "Total Cost": 349625.5,
                    "Plan Rows": 6,
                    "Plan Width": 8,
                    "Actual Startup Time": 820.077,
                    "Actual Total Time": 864.44,
                    "Actual Rows": 7,
                    "Actual Loops": 1,
                    "Output": [
                        "(PARTIAL count(*))"
                    ],
                    "Workers Planned": 6,
                    "Workers Launched": 6,
                    "Single Copy": false,
                    "Plans": [
                        {
                            "Node Type": "Aggregate",
                            "Strategy": "Plain",
                            "Partial Mode": "Partial",
                            "Parent Relationship": "Outer",
                            "Parallel Aware": false,
                            "Startup Cost": 348624.89,
                            "Total Cost": 348624.9,
                            "Plan Rows": 1,
                            "Plan Width": 8,
                            "Actual Startup Time": 810.201,
                            "Actual Total Time": 810.202,
                            "Actual Rows": 1,
                            "Actual Loops": 7,
                            "Output": [
                                "PARTIAL count(*)"
                            ],
                            "Workers": [
                                {
                                    "Worker Number": 0,
                                    "Actual Startup Time": 807.603,
                                    "Actual Total Time": 807.604,
                                    "Actual Rows": 1,
                                    "Actual Loops": 1
                                },
                                {
                                    "Worker Number": 1,
                                    "Actual Startup Time": 808.41,
                                    "Actual Total Time": 808.411,
                                    "Actual Rows": 1,
                                    "Actual Loops": 1
                                },
                                {
                                    "Worker Number": 2,
                                    "Actual Startup Time": 808.67,
                                    "Actual Total Time": 808.671,
                                    "Actual Rows": 1,
                                    "Actual Loops": 1
                                },
                                {
                                    "Worker Number": 3,
                                    "Actual Startup Time": 808.8,
                                    "Actual Total Time": 808.802,
                                    "Actual Rows": 1,
                                    "Actual Loops": 1
                                },
                                {
                                    "Worker Number": 4,
                                    "Actual Startup Time": 809.02,
                                    "Actual Total Time": 809.021,
                                    "Actual Rows": 1,
                                    "Actual Loops": 1
                                },
                                {
                                    "Worker Number": 5,
                                    "Actual Startup Time": 809.419,
                                    "Actual Total Time": 809.42,
                                    "Actual Rows": 1,
                                    "Actual Loops": 1
                                }
                            ],
                            "Plans": [
                                {
                                    "Node Type": "Seq Scan",
                                    "Parent Relationship": "Outer",
                                    "Parallel Aware": true,
                                    "Relation Name": "cast_info",
                                    "Schema": "public",
                                    "Alias": "ci",
                                    "Startup Cost": 0.0,
                                    "Total Cost": 343318.94,
                                    "Plan Rows": 2122381,
                                    "Plan Width": 0,
                                    "Actual Startup Time": 208.887,
                                    "Actual Total Time": 674.867,
                                    "Actual Rows": 2710467,
                                    "Actual Loops": 7,
                                    "Output": [
                                        "id",
                                        "person_id",
                                        "movie_id",
                                        "person_role_id",
                                        "note",
                                        "nr_order",
                                        "role_id"
                                    ],
                                    "Filter": "((ci.person_id > 1637158) AND (ci.role_id > 1))",
                                    "Rows Removed by Filter": 2467296,
                                    "Workers": [
                                        {
                                            "Worker Number": 0,
                                            "Actual Startup Time": 206.288,
                                            "Actual Total Time": 675.537,
                                            "Actual Rows": 1992706,
                                            "Actual Loops": 1
                                        },
                                        {
                                            "Worker Number": 1,
                                            "Actual Startup Time": 207.085,
                                            "Actual Total Time": 673.91,
                                            "Actual Rows": 2022217,
                                            "Actual Loops": 1
                                        },
                                        {
                                            "Worker Number": 2,
                                            "Actual Startup Time": 207.366,
                                            "Actual Total Time": 674.263,
                                            "Actual Rows": 2027267,
                                            "Actual Loops": 1
                                        },
                                        {
                                            "Worker Number": 3,
                                            "Actual Startup Time": 207.491,
                                            "Actual Total Time": 675.752,
                                            "Actual Rows": 3027731,
                                            "Actual Loops": 1
                                        },
                                        {
                                            "Worker Number": 4,
                                            "Actual Startup Time": 207.697,
                                            "Actual Total Time": 675.602,
                                            "Actual Rows": 3070129,
                                            "Actual Loops": 1
                                        },
                                        {
                                            "Worker Number": 5,
                                            "Actual Startup Time": 208.101,
                                            "Actual Total Time": 681.29,
                                            "Actual Rows": 3140634,
                                            "Actual Loops": 1
                                        }
                                    ]
                                }
                            ]
                        }
                    ]
                }
            ]
        },
        "Planning Time": 253.522,
        "Triggers": [],
        "Execution Time": 864.547
    }
]