[
    {
        "Bao": {
            "Bao prediction": "NaN",
            "Bao recommended hint": "(no hint)"
        }
    },
    {
        "Plan": {
            "Node Type": "Aggregate",
            "Strategy": "Plain",
            "Partial Mode": "Finalize",
            "Parallel Aware": false,
            "Startup Cost": 343570.85,
            "Total Cost": 343570.86,
            "Plan Rows": 1,
            "Plan Width": 8,
            "Actual Startup Time": 963.589,
            "Actual Total Time": 1010.889,
            "Actual Rows": 1,
            "Actual Loops": 1,
            "Output": [
                "count(*)"
            ],
            "Plans": [
                {
                    "Node Type": "Gather",
                    "Parent Relationship": "Outer",
                    "Parallel Aware": false,
                    "Startup Cost": 343570.23,
                    "Total Cost": 343570.84,
                    "Plan Rows": 6,
                    "Plan Width": 8,
                    "Actual Startup Time": 963.452,
                    "Actual Total Time": 1010.877,
                    "Actual Rows": 7,
                    "Actual Loops": 1,
                    "Output": [
                        "(PARTIAL count(*))"
                    ],
                    "Workers Planned": 6,
                    "Workers Launched": 6,
                    "Single Copy": false,
                    "Plans": [
                        {
                            "Node Type": "Aggregate",
                            "Strategy": "Plain",
                            "Partial Mode": "Partial",
                            "Parent Relationship": "Outer",
                            "Parallel Aware": false,
                            "Startup Cost": 342570.23,
                            "Total Cost": 342570.24,
                            "Plan Rows": 1,
                            "Plan Width": 8,
                            "Actual Startup Time": 953.279,
                            "Actual Total Time": 953.28,
                            "Actual Rows": 1,
                            "Actual Loops": 7,
                            "Output": [
                                "PARTIAL count(*)"
                            ],
                            "Workers": [
                                {
                                    "Worker Number": 0,
                                    "Actual Startup Time": 951.219,
                                    "Actual Total Time": 951.221,
                                    "Actual Rows": 1,
                                    "Actual Loops": 1
                                },
                                {
                                    "Worker Number": 1,
                                    "Actual Startup Time": 951.504,
                                    "Actual Total Time": 951.505,
                                    "Actual Rows": 1,
                                    "Actual Loops": 1
                                },
                                {
                                    "Worker Number": 2,
                                    "Actual Startup Time": 951.558,
                                    "Actual Total Time": 951.559,
                                    "Actual Rows": 1,
                                    "Actual Loops": 1
                                },
                                {
                                    "Worker Number": 3,
                                    "Actual Startup Time": 951.556,
                                    "Actual Total Time": 951.557,
                                    "Actual Rows": 1,
                                    "Actual Loops": 1
                                },
                                {
                                    "Worker Number": 4,
                                    "Actual Startup Time": 951.55,
                                    "Actual Total Time": 951.551,
                                    "Actual Rows": 1,
                                    "Actual Loops": 1
                                },
                                {
                                    "Worker Number": 5,
                                    "Actual Startup Time": 952.678,
                                    "Actual Total Time": 952.679,
                                    "Actual Rows": 1,
                                    "Actual Loops": 1
                                }
                            ],
                            "Plans": [
                                {
                                    "Node Type": "Seq Scan",
                                    "Parent Relationship": "Outer",
                                    "Parallel Aware": true,
                                    "Relation Name": "cast_info",
                                    "Schema": "public",
                                    "Alias": "ci",
                                    "Startup Cost": 0.0,
                                    "Total Cost": 328213.62,
                                    "Plan Rows": 5742644,
                                    "Plan Width": 0,
                                    "Actual Startup Time": 34.179,
                                    "Actual Total Time": 694.852,
                                    "Actual Rows": 4918420,
                                    "Actual Loops": 7,
                                    "Output": [
                                        "id",
                                        "person_id",
                                        "movie_id",
                                        "person_role_id",
                                        "note",
                                        "nr_order",
                                        "role_id"
                                    ],
                                    "Filter": "(ci.person_id > 179868)",
                                    "Rows Removed by Filter": 259343,
                                    "Workers": [
                                        {
                                            "Worker Number": 0,
                                            "Actual Startup Time": 32.124,
                                            "Actual Total Time": 698.513,
                                            "Actual Rows": 3834665,
                                            "Actual Loops": 1
                                        },
                                        {
                                            "Worker Number": 1,
                                            "Actual Startup Time": 32.405,
                                            "Actual Total Time": 698.643,
                                            "Actual Rows": 3841412,
                                            "Actual Loops": 1
                                        },
                                        {
                                            "Worker Number": 2,
                                            "Actual Startup Time": 32.448,
                                            "Actual Total Time": 698.885,
                                            "Actual Rows": 3837370,
                                            "Actual Loops": 1
                                        },
                                        {
                                            "Worker Number": 3,
                                            "Actual Startup Time": 32.458,
                                            "Actual Total Time": 698.373,
                                            "Actual Rows": 3821026,
                                            "Actual Loops": 1
                                        },
                                        {
                                            "Worker Number": 4,
                                            "Actual Startup Time": 32.454,
                                            "Actual Total Time": 704.907,
                                            "Actual Rows": 5949070,
                                            "Actual Loops": 1
                                        },
                                        {
                                            "Worker Number": 5,
                                            "Actual Startup Time": 33.577,
                                            "Actual Total Time": 698.457,
                                            "Actual Rows": 6237424,
                                            "Actual Loops": 1
                                        }
                                    ]
                                }
                            ]
                        }
                    ]
                }
            ]
        },
        "Planning Time": 186.181,
        "Triggers": [],
        "Execution Time": 1010.967
    }
]