[
    {
        "Bao": {
            "Bao prediction": "NaN",
            "Bao recommended hint": "(no hint)"
        }
    },
    {
        "Plan": {
            "Node Type": "Aggregate",
            "Strategy": "Plain",
            "Partial Mode": "Finalize",
            "Parallel Aware": false,
            "Startup Cost": 166608.27,
            "Total Cost": 166608.28,
            "Plan Rows": 1,
            "Plan Width": 8,
            "Actual Startup Time": 1020.222,
            "Actual Total Time": 1069.308,
            "Actual Rows": 1,
            "Actual Loops": 1,
            "Output": [
                "count(*)"
            ],
            "Plans": [
                {
                    "Node Type": "Gather",
                    "Parent Relationship": "Outer",
                    "Parallel Aware": false,
                    "Startup Cost": 166607.85,
                    "Total Cost": 166608.26,
                    "Plan Rows": 4,
                    "Plan Width": 8,
                    "Actual Startup Time": 1014.681,
                    "Actual Total Time": 1069.299,
                    "Actual Rows": 5,
                    "Actual Loops": 1,
                    "Output": [
                        "(PARTIAL count(*))"
                    ],
                    "Workers Planned": 4,
                    "Workers Launched": 4,
                    "Single Copy": false,
                    "Plans": [
                        {
                            "Node Type": "Aggregate",
                            "Strategy": "Plain",
                            "Partial Mode": "Partial",
                            "Parent Relationship": "Outer",
                            "Parallel Aware": false,
                            "Startup Cost": 165607.85,
                            "Total Cost": 165607.86,
                            "Plan Rows": 1,
                            "Plan Width": 8,
                            "Actual Startup Time": 1004.573,
                            "Actual Total Time": 1004.577,
                            "Actual Rows": 1,
                            "Actual Loops": 5,
                            "Output": [
                                "PARTIAL count(*)"
                            ],
                            "Workers": [
                                {
                                    "Worker Number": 0,
                                    "Actual Startup Time": 1000.792,
                                    "Actual Total Time": 1000.795,
                                    "Actual Rows": 1,
                                    "Actual Loops": 1
                                },
                                {
                                    "Worker Number": 1,
                                    "Actual Startup Time": 1005.598,
                                    "Actual Total Time": 1005.601,
                                    "Actual Rows": 1,
                                    "Actual Loops": 1
                                },
                                {
                                    "Worker Number": 2,
                                    "Actual Startup Time": 1000.932,
                                    "Actual Total Time": 1000.936,
                                    "Actual Rows": 1,
                                    "Actual Loops": 1
                                },
                                {
                                    "Worker Number": 3,
                                    "Actual Startup Time": 1001.796,
                                    "Actual Total Time": 1001.8,
                                    "Actual Rows": 1,
                                    "Actual Loops": 1
                                }
                            ],
                            "Plans": [
                                {
                                    "Node Type": "Nested Loop",
                                    "Parent Relationship": "Outer",
                                    "Parallel Aware": false,
                                    "Join Type": "Inner",
                                    "Startup Cost": 45997.98,
                                    "Total Cost": 165124.78,
                                    "Plan Rows": 193229,
                                    "Plan Width": 0,
                                    "Actual Startup Time": 174.524,
                                    "Actual Total Time": 966.584,
                                    "Actual Rows": 569807,
                                    "Actual Loops": 5,
                                    "Inner Unique": false,
                                    "Workers": [
                                        {
                                            "Worker Number": 0,
                                            "Actual Startup Time": 171.799,
                                            "Actual Total Time": 963.451,
                                            "Actual Rows": 470086,
                                            "Actual Loops": 1
                                        },
                                        {
                                            "Worker Number": 1,
                                            "Actual Startup Time": 172.308,
                                            "Actual Total Time": 969.073,
                                            "Actual Rows": 463395,
                                            "Actual Loops": 1
                                        },
                                        {
                                            "Worker Number": 2,
                                            "Actual Startup Time": 171.921,
                                            "Actual Total Time": 961.928,
                                            "Actual Rows": 504383,
                                            "Actual Loops": 1
                                        },
                                        {
                                            "Worker Number": 3,
                                            "Actual Startup Time": 172.319,
                                            "Actual Total Time": 964.124,
                                            "Actual Rows": 486113,
                                            "Actual Loops": 1
                                        }
                                    ],
                                    "Plans": [
                                        {
                                            "Node Type": "Hash Join",
                                            "Parent Relationship": "Outer",
                                            "Parallel Aware": true,
                                            "Join Type": "Inner",
                                            "Startup Cost": 45997.55,
                                            "Total Cost": 72563.01,
                                            "Plan Rows": 33110,
                                            "Plan Width": 8,
                                            "Actual Startup Time": 174.428,
                                            "Actual Total Time": 253.668,
                                            "Actual Rows": 27310,
                                            "Actual Loops": 5,
                                            "Output": [
                                                "t.id",
                                                "ci.movie_id"
                                            ],
                                            "Inner Unique": true,
                                            "Hash Cond": "(ci.movie_id = t.id)",
                                            "Workers": [
                                                {
                                                    "Worker Number": 0,
                                                    "Actual Startup Time": 171.684,
                                                    "Actual Total Time": 253.21,
                                                    "Actual Rows": 23889,
                                                    "Actual Loops": 1
                                                },
                                                {
                                                    "Worker Number": 1,
                                                    "Actual Startup Time": 172.195,
                                                    "Actual Total Time": 252.018,
                                                    "Actual Rows": 24127,
                                                    "Actual Loops": 1
                                                },
                                                {
                                                    "Worker Number": 2,
                                                    "Actual Startup Time": 171.81,
                                                    "Actual Total Time": 247.796,
                                                    "Actual Rows": 23733,
                                                    "Actual Loops": 1
                                                },
                                                {
                                                    "Worker Number": 3,
                                                    "Actual Startup Time": 172.203,
                                                    "Actual Total Time": 249.165,
                                                    "Actual Rows": 22661,
                                                    "Actual Loops": 1
                                                }
                                            ],
                                            "Plans": [
                                                {
                                                    "Node Type": "Index Scan",
                                                    "Parent Relationship": "Outer",
                                                    "Parallel Aware": true,
                                                    "Scan Direction": "Forward",
                                                    "Index Name": "role_id_cast_info",
                                                    "Relation Name": "cast_info",
                                                    "Schema": "public",
                                                    "Alias": "ci",
                                                    "Startup Cost": 0.56,
                                                    "Total Cost": 26238.71,
                                                    "Plan Rows": 124693,
                                                    "Plan Width": 4,
                                                    "Actual Startup Time": 0.141,
                                                    "Actual Total Time": 41.646,
                                                    "Actual Rows": 48567,
                                                    "Actual Loops": 5,
                                                    "Output": [
                                                        "ci.id",
                                                        "ci.person_id",
                                                        "ci.movie_id",
                                                        "ci.person_role_id",
                                                        "ci.note",
                                                        "ci.nr_order",
                                                        "ci.role_id"
                                                    ],
                                                    "Index Cond": "(ci.role_id = 5)",
                                                    "Rows Removed by Index Recheck": 0,
                                                    "Filter": "(ci.person_id < 1913129)",
                                                    "Rows Removed by Filter": 131111,
                                                    "Workers": [
                                                        {
                                                            "Worker Number": 0,
                                                            "Actual Startup Time": 0.077,
                                                            "Actual Total Time": 44.718,
                                                            "Actual Rows": 44470,
                                                            "Actual Loops": 1
                                                        },
                                                        {
                                                            "Worker Number": 1,
                                                            "Actual Startup Time": 0.174,
                                                            "Actual Total Time": 42.386,
                                                            "Actual Rows": 42461,
                                                            "Actual Loops": 1
                                                        },
                                                        {
                                                            "Worker Number": 2,
                                                            "Actual Startup Time": 0.128,
                                                            "Actual Total Time": 40.943,
                                                            "Actual Rows": 41724,
                                                            "Actual Loops": 1
                                                        },
                                                        {
                                                            "Worker Number": 3,
                                                            "Actual Startup Time": 0.286,
                                                            "Actual Total Time": 41.537,
                                                            "Actual Rows": 39897,
                                                            "Actual Loops": 1
                                                        }
                                                    ]
                                                },
                                                {
                                                    "Node Type": "Hash",
                                                    "Parent Relationship": "Inner",
                                                    "Parallel Aware": true,
                                                    "Startup Cost": 43899.01,
                                                    "Total Cost": 43899.01,
                                                    "Plan Rows": 167838,
                                                    "Plan Width": 4,
                                                    "Actual Startup Time": 169.721,
                                                    "Actual Total Time": 169.723,
                                                    "Actual Rows": 132565,
                                                    "Actual Loops": 5,
                                                    "Output": [
                                                        "t.id"
                                                    ],
                                                    "Hash Buckets": 1048576,
                                                    "Original Hash Buckets": 1048576,
                                                    "Hash Batches": 1,
                                                    "Original Hash Batches": 1,
                                                    "Peak Memory Usage": 34208,
                                                    "Workers": [
                                                        {
                                                            "Worker Number": 0,
                                                            "Actual Startup Time": 170.955,
                                                            "Actual Total Time": 170.956,
                                                            "Actual Rows": 116592,
                                                            "Actual Loops": 1
                                                        },
                                                        {
                                                            "Worker Number": 1,
                                                            "Actual Startup Time": 171.355,
                                                            "Actual Total Time": 171.356,
                                                            "Actual Rows": 113589,
                                                            "Actual Loops": 1
                                                        },
                                                        {
                                                            "Worker Number": 2,
                                                            "Actual Startup Time": 171.22,
                                                            "Actual Total Time": 171.221,
                                                            "Actual Rows": 120447,
                                                            "Actual Loops": 1
                                                        },
                                                        {
                                                            "Worker Number": 3,
                                                            "Actual Startup Time": 171.292,
                                                            "Actual Total Time": 171.293,
                                                            "Actual Rows": 113949,
                                                            "Actual Loops": 1
                                                        }
                                                    ],
                                                    "Plans": [
                                                        {
                                                            "Node Type": "Seq Scan",
                                                            "Parent Relationship": "Outer",
                                                            "Parallel Aware": true,
                                                            "Relation Name": "title",
                                                            "Schema": "public",
                                                            "Alias": "t",
                                                            "Startup Cost": 0.0,
                                                            "Total Cost": 43899.01,
                                                            "Plan Rows": 167838,
                                                            "Plan Width": 4,
                                                            "Actual Startup Time": 49.012,
                                                            "Actual Total Time": 105.473,
                                                            "Actual Rows": 132565,
                                                            "Actual Loops": 5,
                                                            "Output": [
                                                                "t.id"
                                                            ],
                                                            "Filter": "(t.kind_id < 2)",
                                                            "Rows Removed by Filter": 373097,
                                                            "Workers": [
                                                                {
                                                                    "Worker Number": 0,
                                                                    "Actual Startup Time": 59.574,
                                                                    "Actual Total Time": 110.586,
                                                                    "Actual Rows": 116592,
                                                                    "Actual Loops": 1
                                                                },
                                                                {
                                                                    "Worker Number": 1,
                                                                    "Actual Startup Time": 59.402,
                                                                    "Actual Total Time": 105.782,
                                                                    "Actual Rows": 113589,
                                                                    "Actual Loops": 1
                                                                },
                                                                {
                                                                    "Worker Number": 2,
                                                                    "Actual Startup Time": 6.787,
                                                                    "Actual Total Time": 106.235,
                                                                    "Actual Rows": 120447,
                                                                    "Actual Loops": 1
                                                                },
                                                                {
                                                                    "Worker Number": 3,
                                                                    "Actual Startup Time": 59.649,
                                                                    "Actual Total Time": 105.911,
                                                                    "Actual Rows": 113949,
                                                                    "Actual Loops": 1
                                                                }
                                                            ]
                                                        }
                                                    ]
                                                }
                                            ]
                                        },
                                        {
                                            "Node Type": "Index Only Scan",
                                            "Parent Relationship": "Inner",
                                            "Parallel Aware": false,
                                            "Scan Direction": "Forward",
                                            "Index Name": "movie_id_movie_info",
                                            "Relation Name": "movie_info",
                                            "Schema": "public",
                                            "Alias": "mi",
                                            "Startup Cost": 0.43,
                                            "Total Cost": 2.41,
                                            "Plan Rows": 39,
                                            "Plan Width": 4,
                                            "Actual Startup Time": 0.009,
                                            "Actual Total Time": 0.024,
                                            "Actual Rows": 21,
                                            "Actual Loops": 136548,
                                            "Output": [
                                                "mi.movie_id"
                                            ],
                                            "Index Cond": "(mi.movie_id = t.id)",
                                            "Rows Removed by Index Recheck": 0,
                                            "Heap Fetches": 2849033,
                                            "Workers": [
                                                {
                                                    "Worker Number": 0,
                                                    "Actual Startup Time": 0.011,
                                                    "Actual Total Time": 0.027,
                                                    "Actual Rows": 20,
                                                    "Actual Loops": 23889
                                                },
                                                {
                                                    "Worker Number": 1,
                                                    "Actual Startup Time": 0.011,
                                                    "Actual Total Time": 0.027,
                                                    "Actual Rows": 19,
                                                    "Actual Loops": 24127
                                                },
                                                {
                                                    "Worker Number": 2,
                                                    "Actual Startup Time": 0.011,
                                                    "Actual Total Time": 0.027,
                                                    "Actual Rows": 21,
                                                    "Actual Loops": 23733
                                                },
                                                {
                                                    "Worker Number": 3,
                                                    "Actual Startup Time": 0.012,
                                                    "Actual Total Time": 0.029,
                                                    "Actual Rows": 21,
                                                    "Actual Loops": 22661
                                                }
                                            ]
                                        }
                                    ]
                                }
                            ]
                        }
                    ]
                }
            ]
        },
        "Planning Time": 215.627,
        "Triggers": [],
        "Execution Time": 1069.457
    }
]