{
  "Plan": {
    "Node Type": "Aggregate",
    "Strategy": "Plain",
    "Partial Mode": "Finalize",
    "Parallel Aware": false,
    "Startup Cost": 69590.31,
    "Total Cost": 69590.32,
    "Plan Rows": 1,
    "Plan Width": 8,
    "Actual Startup Time": 112.222,
    "Actual Total Time": 119.301,
    "Actual Rows": 1,
    "Actual Loops": 1,
    "Plans": [
      {
        "Node Type": "Gather",
        "Parent Relationship": "Outer",
        "Parallel Aware": false,
        "Startup Cost": 69590.2,
        "Total Cost": 69590.31,
        "Plan Rows": 1,
        "Plan Width": 8,
        "Actual Startup Time": 112.072,
        "Actual Total Time": 119.294,
        "Actual Rows": 2,
        "Actual Loops": 1,
        "Workers Planned": 1,
        "Workers Launched": 1,
        "Single Copy": false,
        "Plans": [
          {
            "Node Type": "Aggregate",
            "Strategy": "Plain",
            "Partial Mode": "Partial",
            "Parent Relationship": "Outer",
            "Parallel Aware": false,
            "Startup Cost": 68590.2,
            "Total Cost": 68590.21,
            "Plan Rows": 1,
            "Plan Width": 8,
            "Actual Startup Time": 106.801,
            "Actual Total Time": 106.803,
            "Actual Rows": 1,
            "Actual Loops": 2,
            "Plans": [
              {
                "Node Type": "Nested Loop",
                "Parent Relationship": "Outer",
                "Parallel Aware": false,
                "Join Type": "Inner",
                "Startup Cost": 11824.21,
                "Total Cost": 68589.2,
                "Plan Rows": 401,
                "Plan Width": 0,
                "Actual Startup Time": 39.063,
                "Actual Total Time": 106.678,
                "Actual Rows": 884,
                "Actual Loops": 2,
                "Inner Unique": false,
                "Plans": [
                  {
                    "Node Type": "Bitmap Heap Scan",
                    "Parent Relationship": "Outer",
                    "Parallel Aware": true,
                    "Relation Name": "title",
                    "Alias": "t",
                    "Startup Cost": 11823.78,
                    "Total Cost": 53674.04,
                    "Plan Rows": 2185,
                    "Plan Width": 4,
                    "Actual Startup Time": 38.662,
                    "Actual Total Time": 92.348,
                    "Actual Rows": 2151,
                    "Actual Loops": 2,
                    "Recheck Cond": "(kind_id < 2)",
                    "Rows Removed by Index Recheck": 0,
                    "Filter": "(production_year = 1969)",
                    "Rows Removed by Filter": 329262,
                    "Exact Heap Blocks": 9265,
                    "Lossy Heap Blocks": 0,
                    "Plans": [
                      {
                        "Node Type": "Bitmap Index Scan",
                        "Parent Relationship": "Outer",
                        "Parallel Aware": false,
                        "Index Name": "kind_id_title",
                        "Startup Cost": 0.0,
                        "Total Cost": 11822.85,
                        "Plan Rows": 663256,
                        "Plan Width": 0,
                        "Actual Startup Time": 41.29,
                        "Actual Total Time": 41.29,
                        "Actual Rows": 662825,
                        "Actual Loops": 1,
                        "Index Cond": "(kind_id < 2)"
                      }
                    ]
                  },
                  {
                    "Node Type": "Index Scan",
                    "Parent Relationship": "Inner",
                    "Parallel Aware": false,
                    "Scan Direction": "Forward",
                    "Index Name": "movie_id_movie_info_idx",
                    "Relation Name": "movie_info_idx",
                    "Alias": "mi_idx",
                    "Startup Cost": 0.43,
                    "Total Cost": 6.82,
                    "Plan Rows": 1,
                    "Plan Width": 4,
                    "Actual Startup Time": 0.006,
                    "Actual Total Time": 0.006,
                    "Actual Rows": 0,
                    "Actual Loops": 4302,
                    "Index Cond": "(movie_id = t.id)",
                    "Rows Removed by Index Recheck": 0,
                    "Filter": "(info_type_id = 100)",
                    "Rows Removed by Filter": 1
                  }
                ]
              }
            ]
          }
        ]
      }
    ]
  },
  "Planning Time": 0.47,
  "Triggers": [],
  "Execution Time": 119.393
}