[
  {
    "Plan": {
      "Node Type": "Aggregate",
      "Strategy": "Plain",
      "Partial Mode": "Finalize",
      "Parallel Aware": false,
      "Startup Cost": 33966.86,
      "Total Cost": 33966.87,
      "Plan Rows": 1,
      "Plan Width": 8,
      "Actual Startup Time": 132.66,
      "Actual Total Time": 141.104,
      "Actual Rows": 1,
      "Actual Loops": 1,
      "Plans": [
        {
          "Node Type": "Gather",
          "Parent Relationship": "Outer",
          "Parallel Aware": false,
          "Startup Cost": 33966.55,
          "Total Cost": 33966.86,
          "Plan Rows": 3,
          "Plan Width": 8,
          "Actual Startup Time": 132.171,
          "Actual Total Time": 141.096,
          "Actual Rows": 4,
          "Actual Loops": 1,
          "Workers Planned": 3,
          "Workers Launched": 3,
          "Single Copy": false,
          "Plans": [
            {
              "Node Type": "Aggregate",
              "Strategy": "Plain",
              "Partial Mode": "Partial",
              "Parent Relationship": "Outer",
              "Parallel Aware": false,
              "Startup Cost": 32966.55,
              "Total Cost": 32966.56,
              "Plan Rows": 1,
              "Plan Width": 8,
              "Actual Startup Time": 113.248,
              "Actual Total Time": 113.25,
              "Actual Rows": 1,
              "Actual Loops": 4,
              "Plans": [
                {
                  "Node Type": "Bitmap Heap Scan",
                  "Parent Relationship": "Outer",
                  "Parallel Aware": true,
                  "Relation Name": "movie_keyword",
                  "Alias": "mk",
                  "Startup Cost": 6931.98,
                  "Total Cost": 32703.12,
                  "Plan Rows": 105371,
                  "Plan Width": 0,
                  "Actual Startup Time": 27.239,
                  "Actual Total Time": 106.54,
                  "Actual Rows": 81162,
                  "Actual Loops": 4,
                  "Recheck Cond": "(keyword_id > 50568)",
                  "Rows Removed by Index Recheck": 0,
                  "Exact Heap Blocks": 7308,
                  "Lossy Heap Blocks": 0,
                  "Plans": [
                    {
                      "Node Type": "Bitmap Index Scan",
                      "Parent Relationship": "Outer",
                      "Parallel Aware": false,
                      "Index Name": "keyword_id_movie_keyword",
                      "Startup Cost": 0.0,
                      "Total Cost": 6850.31,
                      "Plan Rows": 326651,
                      "Plan Width": 0,
                      "Actual Startup Time": 40.397,
                      "Actual Total Time": 40.397,
                      "Actual Rows": 324649,
                      "Actual Loops": 1,
                      "Index Cond": "(keyword_id > 50568)"
                    }
                  ]
                }
              ]
            }
          ]
        }
      ]
    },
    "Planning Time": 0.281,
    "Triggers": [],
    "Execution Time": 141.14
  }
]