[
  {
    "Plan": {
      "Node Type": "Aggregate",
      "Strategy": "Plain",
      "Partial Mode": "Finalize",
      "Parallel Aware": false,
      "Startup Cost": 341386.28,
      "Total Cost": 341386.29,
      "Plan Rows": 1,
      "Plan Width": 8,
      "Actual Startup Time": 785.147,
      "Actual Total Time": 830.698,
      "Actual Rows": 1,
      "Actual Loops": 1,
      "Plans": [
        {
          "Node Type": "Gather",
          "Parent Relationship": "Outer",
          "Parallel Aware": false,
          "Startup Cost": 341385.66,
          "Total Cost": 341386.27,
          "Plan Rows": 6,
          "Plan Width": 8,
          "Actual Startup Time": 784.941,
          "Actual Total Time": 830.686,
          "Actual Rows": 7,
          "Actual Loops": 1,
          "Workers Planned": 6,
          "Workers Launched": 6,
          "Single Copy": false,
          "Plans": [
            {
              "Node Type": "Aggregate",
              "Strategy": "Plain",
              "Partial Mode": "Partial",
              "Parent Relationship": "Outer",
              "Parallel Aware": false,
              "Startup Cost": 340385.66,
              "Total Cost": 340385.67,
              "Plan Rows": 1,
              "Plan Width": 8,
              "Actual Startup Time": 777.595,
              "Actual Total Time": 777.596,
              "Actual Rows": 1,
              "Actual Loops": 7,
              "Plans": [
                {
                  "Node Type": "Seq Scan",
                  "Parent Relationship": "Outer",
                  "Parallel Aware": true,
                  "Relation Name": "cast_info",
                  "Alias": "ci",
                  "Startup Cost": 0.0,
                  "Total Cost": 328211.39,
                  "Plan Rows": 4869706,
                  "Plan Width": 0,
                  "Actual Startup Time": 81.689,
                  "Actual Total Time": 593.176,
                  "Actual Rows": 4154641,
                  "Actual Loops": 7,
                  "Filter": "(person_id > 692261)",
                  "Rows Removed by Filter": 1023122
                }
              ]
            }
          ]
        }
      ]
    },
    "Planning Time": 0.197,
    "Triggers": [],
    "Execution Time": 830.769
  }
]