[
  {
    "Plan": {
      "Node Type": "Aggregate",
      "Strategy": "Plain",
      "Partial Mode": "Finalize",
      "Parallel Aware": false,
      "Startup Cost": 349493.34,
      "Total Cost": 349493.35,
      "Plan Rows": 1,
      "Plan Width": 8,
      "Actual Startup Time": 714.025,
      "Actual Total Time": 761.21,
      "Actual Rows": 1,
      "Actual Loops": 1,
      "Plans": [
        {
          "Node Type": "Gather",
          "Parent Relationship": "Outer",
          "Parallel Aware": false,
          "Startup Cost": 349492.72,
          "Total Cost": 349493.33,
          "Plan Rows": 6,
          "Plan Width": 8,
          "Actual Startup Time": 713.864,
          "Actual Total Time": 761.19,
          "Actual Rows": 7,
          "Actual Loops": 1,
          "Workers Planned": 6,
          "Workers Launched": 6,
          "Single Copy": false,
          "Plans": [
            {
              "Node Type": "Aggregate",
              "Strategy": "Plain",
              "Partial Mode": "Partial",
              "Parent Relationship": "Outer",
              "Parallel Aware": false,
              "Startup Cost": 348492.72,
              "Total Cost": 348492.73,
              "Plan Rows": 1,
              "Plan Width": 8,
              "Actual Startup Time": 706.387,
              "Actual Total Time": 706.389,
              "Actual Rows": 1,
              "Actual Loops": 7,
              "Plans": [
                {
                  "Node Type": "Seq Scan",
                  "Parent Relationship": "Outer",
                  "Parallel Aware": true,
                  "Relation Name": "cast_info",
                  "Alias": "ci",
                  "Startup Cost": 0.0,
                  "Total Cost": 343316.27,
                  "Plan Rows": 2070578,
                  "Plan Width": 0,
                  "Actual Startup Time": 174.551,
                  "Actual Total Time": 638.703,
                  "Actual Rows": 1416677,
                  "Actual Loops": 7,
                  "Filter": "((person_id > 1390757) AND (role_id < 3))",
                  "Rows Removed by Filter": 3761086
                }
              ]
            }
          ]
        }
      ]
    },
    "Planning Time": 0.12,
    "Triggers": [],
    "Execution Time": 761.256
  }
]