[
  {
    "Plan": {
      "Node Type": "Aggregate",
      "Strategy": "Plain",
      "Partial Mode": "Finalize",
      "Parallel Aware": false,
      "Startup Cost": 349301.34,
      "Total Cost": 349301.35,
      "Plan Rows": 1,
      "Plan Width": 8,
      "Actual Startup Time": 752.511,
      "Actual Total Time": 813.972,
      "Actual Rows": 1,
      "Actual Loops": 1,
      "Plans": [
        {
          "Node Type": "Gather",
          "Parent Relationship": "Outer",
          "Parallel Aware": false,
          "Startup Cost": 349300.72,
          "Total Cost": 349301.33,
          "Plan Rows": 6,
          "Plan Width": 8,
          "Actual Startup Time": 752.395,
          "Actual Total Time": 813.961,
          "Actual Rows": 7,
          "Actual Loops": 1,
          "Workers Planned": 6,
          "Workers Launched": 6,
          "Single Copy": false,
          "Plans": [
            {
              "Node Type": "Aggregate",
              "Strategy": "Plain",
              "Partial Mode": "Partial",
              "Parent Relationship": "Outer",
              "Parallel Aware": false,
              "Startup Cost": 348300.72,
              "Total Cost": 348300.73,
              "Plan Rows": 1,
              "Plan Width": 8,
              "Actual Startup Time": 743.534,
              "Actual Total Time": 743.535,
              "Actual Rows": 1,
              "Actual Loops": 7,
              "Plans": [
                {
                  "Node Type": "Seq Scan",
                  "Parent Relationship": "Outer",
                  "Parallel Aware": true,
                  "Relation Name": "cast_info",
                  "Alias": "ci",
                  "Startup Cost": 0.0,
                  "Total Cost": 343257.03,
                  "Plan Rows": 2017475,
                  "Plan Width": 0,
                  "Actual Startup Time": 185.194,
                  "Actual Total Time": 678.985,
                  "Actual Rows": 1416677,
                  "Actual Loops": 7,
                  "Filter": "((person_id > 1390757) AND (role_id < 3))",
                  "Rows Removed by Filter": 3761086
                }
              ]
            }
          ]
        }
      ]
    },
    "Planning Time": 0.186,
    "Triggers": [],
    "Execution Time": 814.036
  }
]