[
  {
    "Plan": {
      "Node Type": "Aggregate",
      "Strategy": "Plain",
      "Partial Mode": "Finalize",
      "Parallel Aware": false,
      "Startup Cost": 600175.14,
      "Total Cost": 600175.15,
      "Plan Rows": 1,
      "Plan Width": 8,
      "Actual Startup Time": 2021.789,
      "Actual Total Time": 2116.289,
      "Actual Rows": 1,
      "Actual Loops": 1,
      "Plans": [
        {
          "Node Type": "Gather",
          "Parent Relationship": "Outer",
          "Parallel Aware": false,
          "Startup Cost": 600174.52,
          "Total Cost": 600175.13,
          "Plan Rows": 6,
          "Plan Width": 8,
          "Actual Startup Time": 2006.55,
          "Actual Total Time": 2116.276,
          "Actual Rows": 7,
          "Actual Loops": 1,
          "Workers Planned": 6,
          "Workers Launched": 6,
          "Single Copy": false,
          "Plans": [
            {
              "Node Type": "Aggregate",
              "Strategy": "Plain",
              "Partial Mode": "Partial",
              "Parent Relationship": "Outer",
              "Parallel Aware": false,
              "Startup Cost": 599174.52,
              "Total Cost": 599174.53,
              "Plan Rows": 1,
              "Plan Width": 8,
              "Actual Startup Time": 1997.847,
              "Actual Total Time": 1998.018,
              "Actual Rows": 1,
              "Actual Loops": 7,
              "Plans": [
                {
                  "Node Type": "Hash Join",
                  "Parent Relationship": "Outer",
                  "Parallel Aware": true,
                  "Join Type": "Inner",
                  "Startup Cost": 249389.31,
                  "Total Cost": 598051.56,
                  "Plan Rows": 449184,
                  "Plan Width": 0,
                  "Actual Startup Time": 1067.962,
                  "Actual Total Time": 1954.504,
                  "Actual Rows": 838415,
                  "Actual Loops": 7,
                  "Inner Unique": false,
                  "Hash Cond": "(ci.movie_id = t.id)",
                  "Plans": [
                    {
                      "Node Type": "Seq Scan",
                      "Parent Relationship": "Outer",
                      "Parallel Aware": true,
                      "Relation Name": "cast_info",
                      "Alias": "ci",
                      "Startup Cost": 0.0,
                      "Total Cost": 343316.27,
                      "Plan Rows": 1186029,
                      "Plan Width": 4,
                      "Actual Startup Time": 338.754,
                      "Actual Total Time": 707.033,
                      "Actual Rows": 1549312,
                      "Actual Loops": 7,
                      "Filter": "((person_id > 2622396) AND (role_id > 1))",
                      "Rows Removed by Filter": 3628452
                    },
                    {
                      "Node Type": "Hash",
                      "Parent Relationship": "Inner",
                      "Parallel Aware": true,
                      "Startup Cost": 246995.33,
                      "Total Cost": 246995.33,
                      "Plan Rows": 191518,
                      "Plan Width": 8,
                      "Actual Startup Time": 726.978,
                      "Actual Total Time": 727.148,
                      "Actual Rows": 134399,
                      "Actual Loops": 7,
                      "Hash Buckets": 1048576,
                      "Original Hash Buckets": 1048576,
                      "Hash Batches": 1,
                      "Original Hash Batches": 1,
                      "Peak Memory Usage": 45120,
                      "Plans": [
                        {
                          "Node Type": "Hash Join",
                          "Parent Relationship": "Outer",
                          "Parallel Aware": true,
                          "Join Type": "Inner",
                          "Startup Cost": 45950.75,
                          "Total Cost": 246995.33,
                          "Plan Rows": 191518,
                          "Plan Width": 8,
                          "Actual Startup Time": 177.199,
                          "Actual Total Time": 667.467,
                          "Actual Rows": 134399,
                          "Actual Loops": 7,
                          "Inner Unique": true,
                          "Hash Cond": "(mi.movie_id = t.id)",
                          "Plans": [
                            {
                              "Node Type": "Seq Scan",
                              "Parent Relationship": "Outer",
                              "Parallel Aware": true,
                              "Relation Name": "movie_info",
                              "Alias": "mi",
                              "Startup Cost": 0.0,
                              "Total Cost": 199108.24,
                              "Plan Rows": 737655,
                              "Plan Width": 4,
                              "Actual Startup Time": 34.118,
                              "Actual Total Time": 385.917,
                              "Actual Rows": 517854,
                              "Actual Loops": 7,
                              "Filter": "(info_type_id < 4)",
                              "Rows Removed by Filter": 1601535
                            },
                            {
                              "Node Type": "Hash",
                              "Parent Relationship": "Inner",
                              "Parallel Aware": true,
                              "Startup Cost": 43899.32,
                              "Total Cost": 43899.32,
                              "Plan Rows": 164114,
                              "Plan Width": 4,
                              "Actual Startup Time": 141.767,
                              "Actual Total Time": 141.768,
                              "Actual Rows": 94581,
                              "Actual Loops": 7,
                              "Hash Buckets": 1048576,
                              "Original Hash Buckets": 1048576,
                              "Hash Batches": 1,
                              "Original Hash Batches": 1,
                              "Peak Memory Usage": 34176,
                              "Plans": [
                                {
                                  "Node Type": "Seq Scan",
                                  "Parent Relationship": "Outer",
                                  "Parallel Aware": true,
                                  "Relation Name": "title",
                                  "Alias": "t",
                                  "Startup Cost": 0.0,
                                  "Total Cost": 43899.32,
                                  "Plan Rows": 164114,
                                  "Plan Width": 4,
                                  "Actual Startup Time": 0.031,
                                  "Actual Total Time": 83.804,
                                  "Actual Rows": 94581,
                                  "Actual Loops": 7,
                                  "Filter": "(production_year > 2008)",
                                  "Rows Removed by Filter": 266607
                                }
                              ]
                            }
                          ]
                        }
                      ]
                    }
                  ]
                }
              ]
            }
          ]
        }
      ]
    },
    "Planning Time": 0.526,
    "Triggers": [],
    "Execution Time": 2116.352
  }
]