{
  "Plan": {
    "Node Type": "Aggregate",
    "Strategy": "Plain",
    "Partial Mode": "Finalize",
    "Parallel Aware": false,
    "Startup Cost": 114752.35,
    "Total Cost": 114752.36,
    "Plan Rows": 1,
    "Plan Width": 8,
    "Actual Startup Time": 505.361,
    "Actual Total Time": 519.068,
    "Actual Rows": 1,
    "Actual Loops": 1,
    "Plans": [
      {
        "Node Type": "Gather",
        "Parent Relationship": "Outer",
        "Parallel Aware": false,
        "Startup Cost": 114752.24,
        "Total Cost": 114752.35,
        "Plan Rows": 1,
        "Plan Width": 8,
        "Actual Startup Time": 504.94,
        "Actual Total Time": 519.056,
        "Actual Rows": 2,
        "Actual Loops": 1,
        "Workers Planned": 1,
        "Workers Launched": 1,
        "Single Copy": false,
        "Plans": [
          {
            "Node Type": "Aggregate",
            "Strategy": "Plain",
            "Partial Mode": "Partial",
            "Parent Relationship": "Outer",
            "Parallel Aware": false,
            "Startup Cost": 113752.24,
            "Total Cost": 113752.25,
            "Plan Rows": 1,
            "Plan Width": 8,
            "Actual Startup Time": 499.393,
            "Actual Total Time": 499.397,
            "Actual Rows": 1,
            "Actual Loops": 2,
            "Plans": [
              {
                "Node Type": "Hash Join",
                "Parent Relationship": "Outer",
                "Parallel Aware": true,
                "Join Type": "Inner",
                "Startup Cost": 55408.06,
                "Total Cost": 113458.91,
                "Plan Rows": 117332,
                "Plan Width": 0,
                "Actual Startup Time": 224.45,
                "Actual Total Time": 497.27,
                "Actual Rows": 47114,
                "Actual Loops": 2,
                "Inner Unique": true,
                "Hash Cond": "(mk.movie_id = t.id)",
                "Plans": [
                  {
                    "Node Type": "Seq Scan",
                    "Parent Relationship": "Outer",
                    "Parallel Aware": true,
                    "Relation Name": "movie_keyword",
                    "Alias": "mk",
                    "Startup Cost": 0.0,
                    "Total Cost": 51065.35,
                    "Plan Rows": 2661135,
                    "Plan Width": 4,
                    "Actual Startup Time": 0.013,
                    "Actual Total Time": 161.148,
                    "Actual Rows": 2261965,
                    "Actual Loops": 2
                  },
                  {
                    "Node Type": "Hash",
                    "Parent Relationship": "Inner",
                    "Parallel Aware": true,
                    "Startup Cost": 54588.39,
                    "Total Cost": 54588.39,
                    "Plan Rows": 65574,
                    "Plan Width": 4,
                    "Actual Startup Time": 157.433,
                    "Actual Total Time": 157.434,
                    "Actual Rows": 56258,
                    "Actual Loops": 2,
                    "Hash Buckets": 131072,
                    "Original Hash Buckets": 131072,
                    "Hash Batches": 1,
                    "Original Hash Batches": 1,
                    "Peak Memory Usage": 5472,
                    "Plans": [
                      {
                        "Node Type": "Seq Scan",
                        "Parent Relationship": "Outer",
                        "Parallel Aware": true,
                        "Relation Name": "title",
                        "Alias": "t",
                        "Startup Cost": 0.0,
                        "Total Cost": 54588.39,
                        "Plan Rows": 65574,
                        "Plan Width": 4,
                        "Actual Startup Time": 71.172,
                        "Actual Total Time": 141.26,
                        "Actual Rows": 56258,
                        "Actual Loops": 2,
                        "Filter": "(production_year < 1929)",
                        "Rows Removed by Filter": 1207898
                      }
                    ]
                  }
                ]
              }
            ]
          }
        ]
      }
    ]
  },
  "Planning Time": 0.432,
  "Triggers": [],
  "Execution Time": 519.145
}