[
  {
    "Plan": {
      "Node Type": "Aggregate",
      "Strategy": "Plain",
      "Partial Mode": "Finalize",
      "Parallel Aware": false,
      "Startup Cost": 337621.96,
      "Total Cost": 337621.97,
      "Plan Rows": 1,
      "Plan Width": 8,
      "Actual Startup Time": 798.654,
      "Actual Total Time": 860.498,
      "Actual Rows": 1,
      "Actual Loops": 1,
      "Plans": [
        {
          "Node Type": "Gather",
          "Parent Relationship": "Outer",
          "Parallel Aware": false,
          "Startup Cost": 337621.34,
          "Total Cost": 337621.95,
          "Plan Rows": 6,
          "Plan Width": 8,
          "Actual Startup Time": 798.53,
          "Actual Total Time": 860.487,
          "Actual Rows": 7,
          "Actual Loops": 1,
          "Workers Planned": 6,
          "Workers Launched": 6,
          "Single Copy": false,
          "Plans": [
            {
              "Node Type": "Aggregate",
              "Strategy": "Plain",
              "Partial Mode": "Partial",
              "Parent Relationship": "Outer",
              "Parallel Aware": false,
              "Startup Cost": 336621.34,
              "Total Cost": 336621.35,
              "Plan Rows": 1,
              "Plan Width": 8,
              "Actual Startup Time": 789.763,
              "Actual Total Time": 789.764,
              "Actual Rows": 1,
              "Actual Loops": 7,
              "Plans": [
                {
                  "Node Type": "Seq Scan",
                  "Parent Relationship": "Outer",
                  "Parallel Aware": true,
                  "Relation Name": "cast_info",
                  "Alias": "ci",
                  "Startup Cost": 0.0,
                  "Total Cost": 328162.03,
                  "Plan Rows": 3383724,
                  "Plan Width": 0,
                  "Actual Startup Time": 186.169,
                  "Actual Total Time": 651.23,
                  "Actual Rows": 2904887,
                  "Actual Loops": 7,
                  "Filter": "(person_id > 1573241)",
                  "Rows Removed by Filter": 2272877
                }
              ]
            }
          ]
        }
      ]
    },
    "Planning Time": 0.164,
    "Triggers": [],
    "Execution Time": 860.562
  }
]