{
  "Plan": {
    "Node Type": "Aggregate",
    "Strategy": "Plain",
    "Partial Mode": "Simple",
    "Parallel Aware": false,
    "Startup Cost": 1144.35,
    "Total Cost": 1144.36,
    "Plan Rows": 1,
    "Plan Width": 8,
    "Actual Startup Time": 2.856,
    "Actual Total Time": 2.859,
    "Actual Rows": 1,
    "Actual Loops": 1,
    "Plans": [
      {
        "Node Type": "Nested Loop",
        "Parent Relationship": "Outer",
        "Parallel Aware": false,
        "Join Type": "Inner",
        "Startup Cost": 0.86,
        "Total Cost": 1144.18,
        "Plan Rows": 69,
        "Plan Width": 0,
        "Actual Startup Time": 0.75,
        "Actual Total Time": 2.822,
        "Actual Rows": 86,
        "Actual Loops": 1,
        "Inner Unique": true,
        "Plans": [
          {
            "Node Type": "Index Scan",
            "Parent Relationship": "Outer",
            "Parallel Aware": false,
            "Scan Direction": "Forward",
            "Index Name": "company_id_movie_companies",
            "Relation Name": "movie_companies",
            "Alias": "mc",
            "Startup Cost": 0.43,
            "Total Cost": 273.57,
            "Plan Rows": 103,
            "Plan Width": 4,
            "Actual Startup Time": 0.715,
            "Actual Total Time": 1.143,
            "Actual Rows": 88,
            "Actual Loops": 1,
            "Index Cond": "(company_id = 16094)",
            "Rows Removed by Index Recheck": 0
          },
          {
            "Node Type": "Index Scan",
            "Parent Relationship": "Inner",
            "Parallel Aware": false,
            "Scan Direction": "Forward",
            "Index Name": "title_pkey",
            "Relation Name": "title",
            "Alias": "t",
            "Startup Cost": 0.43,
            "Total Cost": 8.45,
            "Plan Rows": 1,
            "Plan Width": 4,
            "Actual Startup Time": 0.018,
            "Actual Total Time": 0.018,
            "Actual Rows": 1,
            "Actual Loops": 88,
            "Index Cond": "(id = mc.movie_id)",
            "Rows Removed by Index Recheck": 0,
            "Filter": "((kind_id > 1) AND (production_year > 1951))",
            "Rows Removed by Filter": 0
          }
        ]
      }
    ]
  },
  "Planning Time": 0.505,
  "Triggers": [],
  "Execution Time": 2.927
}