[
  {
    "Plan": {
      "Node Type": "Aggregate",
      "Strategy": "Plain",
      "Partial Mode": "Finalize",
      "Parallel Aware": false,
      "Startup Cost": 251828.12,
      "Total Cost": 251828.13,
      "Plan Rows": 1,
      "Plan Width": 8,
      "Actual Startup Time": 281.485,
      "Actual Total Time": 299.248,
      "Actual Rows": 1,
      "Actual Loops": 1,
      "Plans": [
        {
          "Node Type": "Gather",
          "Parent Relationship": "Outer",
          "Parallel Aware": false,
          "Startup Cost": 251827.6,
          "Total Cost": 251828.11,
          "Plan Rows": 5,
          "Plan Width": 8,
          "Actual Startup Time": 269.183,
          "Actual Total Time": 299.237,
          "Actual Rows": 6,
          "Actual Loops": 1,
          "Workers Planned": 5,
          "Workers Launched": 5,
          "Single Copy": false,
          "Plans": [
            {
              "Node Type": "Aggregate",
              "Strategy": "Plain",
              "Partial Mode": "Partial",
              "Parent Relationship": "Outer",
              "Parallel Aware": false,
              "Startup Cost": 250827.6,
              "Total Cost": 250827.61,
              "Plan Rows": 1,
              "Plan Width": 8,
              "Actual Startup Time": 255.765,
              "Actual Total Time": 255.769,
              "Actual Rows": 1,
              "Actual Loops": 6,
              "Plans": [
                {
                  "Node Type": "Nested Loop",
                  "Parent Relationship": "Outer",
                  "Parallel Aware": false,
                  "Join Type": "Inner",
                  "Startup Cost": 57618.14,
                  "Total Cost": 250710.94,
                  "Plan Rows": 46664,
                  "Plan Width": 0,
                  "Actual Startup Time": 219.552,
                  "Actual Total Time": 255.614,
                  "Actual Rows": 1870,
                  "Actual Loops": 6,
                  "Inner Unique": false,
                  "Plans": [
                    {
                      "Node Type": "Hash Join",
                      "Parent Relationship": "Outer",
                      "Parallel Aware": true,
                      "Join Type": "Inner",
                      "Startup Cost": 57617.71,
                      "Total Cost": 220983.53,
                      "Plan Rows": 45220,
                      "Plan Width": 8,
                      "Actual Startup Time": 219.453,
                      "Actual Total Time": 249.755,
                      "Actual Rows": 695,
                      "Actual Loops": 6,
                      "Inner Unique": true,
                      "Hash Cond": "(mi.movie_id = t.id)",
                      "Plans": [
                        {
                          "Node Type": "Bitmap Heap Scan",
                          "Parent Relationship": "Outer",
                          "Parallel Aware": true,
                          "Relation Name": "movie_info",
                          "Alias": "mi",
                          "Startup Cost": 8201.59,
                          "Total Cost": 171329.16,
                          "Plan Rows": 90765,
                          "Plan Width": 4,
                          "Actual Startup Time": 15.844,
                          "Actual Total Time": 31.725,
                          "Actual Rows": 77606,
                          "Actual Loops": 6,
                          "Recheck Cond": "(info_type_id > 103)",
                          "Rows Removed by Index Recheck": 0,
                          "Exact Heap Blocks": 1333,
                          "Lossy Heap Blocks": 0,
                          "Plans": [
                            {
                              "Node Type": "Bitmap Index Scan",
                              "Parent Relationship": "Outer",
                              "Parallel Aware": false,
                              "Index Name": "info_type_id_movie_info",
                              "Startup Cost": 0.0,
                              "Total Cost": 8088.14,
                              "Plan Rows": 453827,
                              "Plan Width": 0,
                              "Actual Startup Time": 14.951,
                              "Actual Total Time": 14.951,
                              "Actual Rows": 465636,
                              "Actual Loops": 1,
                              "Index Cond": "(info_type_id > 103)"
                            }
                          ]
                        },
                        {
                          "Node Type": "Hash",
                          "Parent Relationship": "Inner",
                          "Parallel Aware": true,
                          "Startup Cost": 45479.59,
                          "Total Cost": 45479.59,
                          "Plan Rows": 314922,
                          "Plan Width": 4,
                          "Actual Startup Time": 194.021,
                          "Actual Total Time": 194.022,
                          "Actual Rows": 203589,
                          "Actual Loops": 6,
                          "Hash Buckets": 2097152,
                          "Original Hash Buckets": 2097152,
                          "Hash Batches": 1,
                          "Original Hash Batches": 1,
                          "Peak Memory Usage": 64256,
                          "Plans": [
                            {
                              "Node Type": "Seq Scan",
                              "Parent Relationship": "Outer",
                              "Parallel Aware": true,
                              "Relation Name": "title",
                              "Alias": "t",
                              "Startup Cost": 0.0,
                              "Total Cost": 45479.59,
                              "Plan Rows": 314922,
                              "Plan Width": 4,
                              "Actual Startup Time": 0.047,
                              "Actual Total Time": 94.113,
                              "Actual Rows": 203589,
                              "Actual Loops": 6,
                              "Filter": "((production_year < 2011) AND (kind_id = 7))",
                              "Rows Removed by Filter": 217796
                            }
                          ]
                        }
                      ]
                    },
                    {
                      "Node Type": "Index Only Scan",
                      "Parent Relationship": "Inner",
                      "Parallel Aware": false,
                      "Scan Direction": "Forward",
                      "Index Name": "movie_id_movie_companies",
                      "Relation Name": "movie_companies",
                      "Alias": "mc",
                      "Startup Cost": 0.43,
                      "Total Cost": 0.61,
                      "Plan Rows": 5,
                      "Plan Width": 4,
                      "Actual Startup Time": 0.006,
                      "Actual Total Time": 0.008,
                      "Actual Rows": 3,
                      "Actual Loops": 4168,
                      "Index Cond": "(movie_id = t.id)",
                      "Rows Removed by Index Recheck": 0,
                      "Heap Fetches": 11221
                    }
                  ]
                }
              ]
            }
          ]
        }
      ]
    },
    "Planning Time": 1.506,
    "Triggers": [],
    "Execution Time": 299.373
  }
]