{
    "Plan": {
        "Node Type": "Aggregate",
        "Strategy": "Plain",
        "Partial Mode": "Simple",
        "Parallel Aware": false,
        "Startup Cost": 20000511901.65,
        "Total Cost": 20000511901.66,
        "Plan Rows": 1,
        "Plan Width": 8,
        "Actual Startup Time": 3547.481,
        "Actual Total Time": 3547.486,
        "Actual Rows": 1,
        "Actual Loops": 1,
        "Output": [
            "count(*)"
        ],
        "Plans": [
            {
                "Node Type": "Hash Join",
                "Parent Relationship": "Outer",
                "Parallel Aware": false,
                "Join Type": "Inner",
                "Startup Cost": 20000259087.87,
                "Total Cost": 20000511552.61,
                "Plan Rows": 139617,
                "Plan Width": 0,
                "Actual Startup Time": 2721.338,
                "Actual Total Time": 3499.784,
                "Actual Rows": 1254456,
                "Actual Loops": 1,
                "Inner Unique": false,
                "Hash Cond": "(t.id = mk.movie_id)",
                "Plans": [
                    {
                        "Node Type": "Hash Join",
                        "Parent Relationship": "Outer",
                        "Parallel Aware": false,
                        "Join Type": "Inner",
                        "Startup Cost": 10000025361.29,
                        "Total Cost": 10000158606.06,
                        "Plan Rows": 78029,
                        "Plan Width": 8,
                        "Actual Startup Time": 1317.274,
                        "Actual Total Time": 1964.79,
                        "Actual Rows": 155630,
                        "Actual Loops": 1,
                        "Output": [
                            "t.id",
                            "mc.movie_id"
                        ],
                        "Inner Unique": false,
                        "Hash Cond": "(t.id = mc.movie_id)",
                        "Plans": [
                            {
                                "Node Type": "Index Scan",
                                "Parent Relationship": "Outer",
                                "Parallel Aware": false,
                                "Scan Direction": "Forward",
                                "Index Name": "title_pkey",
                                "Relation Name": "title",
                                "Schema": "public",
                                "Alias": "t",
                                "Startup Cost": 10000000000.43,
                                "Total Cost": 10000110342.1,
                                "Plan Rows": 2528322,
                                "Plan Width": 4,
                                "Actual Startup Time": 0.036,
                                "Actual Total Time": 1371.062,
                                "Actual Rows": 2528312,
                                "Actual Loops": 1,
                                "Output": [
                                    "t.id",
                                    "t.title",
                                    "t.imdb_index",
                                    "t.kind_id",
                                    "t.production_year",
                                    "t.imdb_id",
                                    "t.phonetic_code",
                                    "t.episode_of_id",
                                    "t.season_nr",
                                    "t.episode_nr",
                                    "t.series_years",
                                    "t.md5sum"
                                ]
                            },
                            {
                                "Node Type": "Hash",
                                "Parent Relationship": "Inner",
                                "Parallel Aware": false,
                                "Startup Cost": 24385.49,
                                "Total Cost": 24385.49,
                                "Plan Rows": 78029,
                                "Plan Width": 4,
                                "Actual Startup Time": 99.883,
                                "Actual Total Time": 99.885,
                                "Actual Rows": 155630,
                                "Actual Loops": 1,
                                "Output": [
                                    "mc.movie_id"
                                ],
                                "Hash Buckets": 262144,
                                "Original Hash Buckets": 131072,
                                "Hash Batches": 1,
                                "Original Hash Batches": 1,
                                "Peak Memory Usage": 7520,
                                "Plans": [
                                    {
                                        "Node Type": "Bitmap Heap Scan",
                                        "Parent Relationship": "Outer",
                                        "Parallel Aware": false,
                                        "Relation Name": "movie_companies",
                                        "Schema": "public",
                                        "Alias": "mc",
                                        "Startup Cost": 3299.79,
                                        "Total Cost": 24385.49,
                                        "Plan Rows": 78029,
                                        "Plan Width": 4,
                                        "Actual Startup Time": 27.198,
                                        "Actual Total Time": 73.854,
                                        "Actual Rows": 155630,
                                        "Actual Loops": 1,
                                        "Output": [
                                            "mc.movie_id"
                                        ],
                                        "Recheck Cond": "(mc.company_id > 129666)",
                                        "Rows Removed by Index Recheck": 0,
                                        "Filter": "(mc.company_type_id > 1)",
                                        "Rows Removed by Filter": 0,
                                        "Exact Heap Blocks": 3969,
                                        "Lossy Heap Blocks": 0,
                                        "Plans": [
                                            {
                                                "Node Type": "Bitmap Index Scan",
                                                "Parent Relationship": "Outer",
                                                "Parallel Aware": false,
                                                "Index Name": "company_id_movie_companies",
                                                "Startup Cost": 0.0,
                                                "Total Cost": 3280.28,
                                                "Plan Rows": 153047,
                                                "Plan Width": 0,
                                                "Actual Startup Time": 26.502,
                                                "Actual Total Time": 26.502,
                                                "Actual Rows": 155630,
                                                "Actual Loops": 1,
                                                "Index Cond": "(mc.company_id > 129666)"
                                            }
                                        ]
                                    }
                                ]
                            }
                        ]
                    },
                    {
                        "Node Type": "Hash",
                        "Parent Relationship": "Inner",
                        "Parallel Aware": false,
                        "Startup Cost": 10000177177.46,
                        "Total Cost": 10000177177.46,
                        "Plan Rows": 4523930,
                        "Plan Width": 4,
                        "Actual Startup Time": 1367.125,
                        "Actual Total Time": 1367.125,
                        "Actual Rows": 4523930,
                        "Actual Loops": 1,
                        "Output": [
                            "mk.movie_id"
                        ],
                        "Hash Buckets": 8388608,
                        "Original Hash Buckets": 8388608,
                        "Hash Batches": 1,
                        "Original Hash Batches": 1,
                        "Peak Memory Usage": 224581,
                        "Plans": [
                            {
                                "Node Type": "Index Scan",
                                "Parent Relationship": "Outer",
                                "Parallel Aware": false,
                                "Scan Direction": "Forward",
                                "Index Name": "movie_id_movie_keyword",
                                "Relation Name": "movie_keyword",
                                "Schema": "public",
                                "Alias": "mk",
                                "Startup Cost": 10000000000.43,
                                "Total Cost": 10000177177.46,
                                "Plan Rows": 4523930,
                                "Plan Width": 4,
                                "Actual Startup Time": 0.05,
                                "Actual Total Time": 750.441,
                                "Actual Rows": 4523930,
                                "Actual Loops": 1,
                                "Output": [
                                    "mk.movie_id"
                                ]
                            }
                        ]
                    }
                ]
            }
        ]
    },
    "Planning Time": 3.327,
    "Triggers": [],
    "Execution Time": 3553.951
}