[
  {
    "Plan": {
      "Node Type": "Aggregate",
      "Strategy": "Plain",
      "Partial Mode": "Finalize",
      "Parallel Aware": false,
      "Startup Cost": 189947.86,
      "Total Cost": 189947.87,
      "Plan Rows": 1,
      "Plan Width": 8,
      "Actual Startup Time": 2023.874,
      "Actual Total Time": 2104.086,
      "Actual Rows": 1,
      "Actual Loops": 1,
      "Plans": [
        {
          "Node Type": "Gather",
          "Parent Relationship": "Outer",
          "Parallel Aware": false,
          "Startup Cost": 189947.55,
          "Total Cost": 189947.86,
          "Plan Rows": 3,
          "Plan Width": 8,
          "Actual Startup Time": 2022.451,
          "Actual Total Time": 2104.077,
          "Actual Rows": 4,
          "Actual Loops": 1,
          "Workers Planned": 3,
          "Workers Launched": 3,
          "Single Copy": false,
          "Plans": [
            {
              "Node Type": "Aggregate",
              "Strategy": "Plain",
              "Partial Mode": "Partial",
              "Parent Relationship": "Outer",
              "Parallel Aware": false,
              "Startup Cost": 188947.55,
              "Total Cost": 188947.56,
              "Plan Rows": 1,
              "Plan Width": 8,
              "Actual Startup Time": 2013.322,
              "Actual Total Time": 2013.326,
              "Actual Rows": 1,
              "Actual Loops": 4,
              "Plans": [
                {
                  "Node Type": "Nested Loop",
                  "Parent Relationship": "Outer",
                  "Parallel Aware": false,
                  "Join Type": "Inner",
                  "Startup Cost": 46310.24,
                  "Total Cost": 187956.51,
                  "Plan Rows": 396413,
                  "Plan Width": 0,
                  "Actual Startup Time": 131.315,
                  "Actual Total Time": 1903.943,
                  "Actual Rows": 2566888,
                  "Actual Loops": 4,
                  "Inner Unique": false,
                  "Join Filter": "(t.id = ci.movie_id)",
                  "Rows Removed by Join Filter": 0,
                  "Plans": [
                    {
                      "Node Type": "Hash Join",
                      "Parent Relationship": "Outer",
                      "Parallel Aware": true,
                      "Join Type": "Inner",
                      "Startup Cost": 46309.67,
                      "Total Cost": 89696.14,
                      "Plan Rows": 27665,
                      "Plan Width": 8,
                      "Actual Startup Time": 131.223,
                      "Actual Total Time": 258.567,
                      "Actual Rows": 71369,
                      "Actual Loops": 4,
                      "Inner Unique": true,
                      "Hash Cond": "(mk.movie_id = t.id)",
                      "Plans": [
                        {
                          "Node Type": "Seq Scan",
                          "Parent Relationship": "Outer",
                          "Parallel Aware": true,
                          "Relation Name": "movie_keyword",
                          "Alias": "mk",
                          "Startup Cost": 0.0,
                          "Total Cost": 42695.65,
                          "Plan Rows": 263167,
                          "Plan Width": 4,
                          "Actual Startup Time": 1.897,
                          "Actual Total Time": 87.799,
                          "Actual Rows": 201296,
                          "Actual Loops": 4,
                          "Filter": "(keyword_id > 23012)",
                          "Rows Removed by Filter": 929687
                        },
                        {
                          "Node Type": "Hash",
                          "Parent Relationship": "Inner",
                          "Parallel Aware": true,
                          "Startup Cost": 45479.1,
                          "Total Cost": 45479.1,
                          "Plan Rows": 66446,
                          "Plan Width": 4,
                          "Actual Startup Time": 125.876,
                          "Actual Total Time": 125.877,
                          "Actual Rows": 95653,
                          "Actual Loops": 4,
                          "Hash Buckets": 524288,
                          "Original Hash Buckets": 524288,
                          "Hash Batches": 1,
                          "Original Hash Batches": 1,
                          "Peak Memory Usage": 19136,
                          "Plans": [
                            {
                              "Node Type": "Seq Scan",
                              "Parent Relationship": "Outer",
                              "Parallel Aware": true,
                              "Relation Name": "title",
                              "Alias": "t",
                              "Startup Cost": 0.0,
                              "Total Cost": 45479.1,
                              "Plan Rows": 66446,
                              "Plan Width": 4,
                              "Actual Startup Time": 0.076,
                              "Actual Total Time": 95.397,
                              "Actual Rows": 95653,
                              "Actual Loops": 4,
                              "Filter": "((kind_id < 7) AND (production_year < 1990))",
                              "Rows Removed by Filter": 536425
                            }
                          ]
                        }
                      ]
                    },
                    {
                      "Node Type": "Index Only Scan",
                      "Parent Relationship": "Inner",
                      "Parallel Aware": false,
                      "Scan Direction": "Forward",
                      "Index Name": "movie_id_cast_info",
                      "Relation Name": "cast_info",
                      "Alias": "ci",
                      "Startup Cost": 0.56,
                      "Total Cost": 3.09,
                      "Plan Rows": 37,
                      "Plan Width": 4,
                      "Actual Startup Time": 0.003,
                      "Actual Total Time": 0.02,
                      "Actual Rows": 36,
                      "Actual Loops": 285477,
                      "Index Cond": "(movie_id = mk.movie_id)",
                      "Rows Removed by Index Recheck": 0,
                      "Heap Fetches": 10267552
                    }
                  ]
                }
              ]
            }
          ]
        }
      ]
    },
    "Planning Time": 1.233,
    "Triggers": [],
    "Execution Time": 2104.202
  }
]