{
  "Plan": {
    "Node Type": "Aggregate",
    "Strategy": "Plain",
    "Partial Mode": "Finalize",
    "Parallel Aware": false,
    "Startup Cost": 176167.91,
    "Total Cost": 176167.92,
    "Plan Rows": 1,
    "Plan Width": 8,
    "Actual Startup Time": 1707.012,
    "Actual Total Time": 1735.577,
    "Actual Rows": 1,
    "Actual Loops": 1,
    "Plans": [
      {
        "Node Type": "Gather",
        "Parent Relationship": "Outer",
        "Parallel Aware": false,
        "Startup Cost": 176167.8,
        "Total Cost": 176167.91,
        "Plan Rows": 1,
        "Plan Width": 8,
        "Actual Startup Time": 1700.83,
        "Actual Total Time": 1735.568,
        "Actual Rows": 2,
        "Actual Loops": 1,
        "Workers Planned": 1,
        "Workers Launched": 1,
        "Single Copy": false,
        "Plans": [
          {
            "Node Type": "Aggregate",
            "Strategy": "Plain",
            "Partial Mode": "Partial",
            "Parent Relationship": "Outer",
            "Parallel Aware": false,
            "Startup Cost": 175167.8,
            "Total Cost": 175167.81,
            "Plan Rows": 1,
            "Plan Width": 8,
            "Actual Startup Time": 1694.899,
            "Actual Total Time": 1695.223,
            "Actual Rows": 1,
            "Actual Loops": 2,
            "Plans": [
              {
                "Node Type": "Hash Join",
                "Parent Relationship": "Outer",
                "Parallel Aware": true,
                "Join Type": "Inner",
                "Startup Cost": 130328.33,
                "Total Cost": 173692.61,
                "Plan Rows": 590076,
                "Plan Width": 0,
                "Actual Startup Time": 974.992,
                "Actual Total Time": 1544.736,
                "Actual Rows": 3810837,
                "Actual Loops": 2,
                "Inner Unique": false,
                "Hash Cond": "(mc.movie_id = t.id)",
                "Plans": [
                  {
                    "Node Type": "Seq Scan",
                    "Parent Relationship": "Outer",
                    "Parallel Aware": true,
                    "Relation Name": "movie_companies",
                    "Alias": "mc",
                    "Startup Cost": 0.0,
                    "Total Cost": 34137.82,
                    "Plan Rows": 1534782,
                    "Plan Width": 4,
                    "Actual Startup Time": 0.019,
                    "Actual Total Time": 100.403,
                    "Actual Rows": 1304564,
                    "Actual Loops": 2
                  },
                  {
                    "Node Type": "Hash",
                    "Parent Relationship": "Inner",
                    "Parallel Aware": true,
                    "Startup Cost": 123180.9,
                    "Total Cost": 123180.9,
                    "Plan Rows": 571794,
                    "Plan Width": 8,
                    "Actual Startup Time": 960.236,
                    "Actual Total Time": 960.558,
                    "Actual Rows": 483954,
                    "Actual Loops": 2,
                    "Hash Buckets": 1048576,
                    "Original Hash Buckets": 1048576,
                    "Hash Batches": 1,
                    "Original Hash Batches": 1,
                    "Peak Memory Usage": 46080,
                    "Plans": [
                      {
                        "Node Type": "Hash Join",
                        "Parent Relationship": "Outer",
                        "Parallel Aware": true,
                        "Join Type": "Inner",
                        "Startup Cost": 90078.52,
                        "Total Cost": 123180.9,
                        "Plan Rows": 571794,
                        "Plan Width": 8,
                        "Actual Startup Time": 629.775,
                        "Actual Total Time": 855.316,
                        "Actual Rows": 483954,
                        "Actual Loops": 2,
                        "Inner Unique": true,
                        "Hash Cond": "(mk.movie_id = t.id)",
                        "Plans": [
                          {
                            "Node Type": "Bitmap Heap Scan",
                            "Parent Relationship": "Outer",
                            "Parallel Aware": true,
                            "Relation Name": "movie_keyword",
                            "Alias": "mk",
                            "Startup Cost": 20617.82,
                            "Total Cost": 52219.25,
                            "Plan Rows": 571794,
                            "Plan Width": 4,
                            "Actual Startup Time": 53.002,
                            "Actual Total Time": 157.353,
                            "Actual Rows": 483954,
                            "Actual Loops": 2,
                            "Recheck Cond": "(keyword_id > 19647)",
                            "Rows Removed by Index Recheck": 0,
                            "Exact Heap Blocks": 13214,
                            "Lossy Heap Blocks": 0,
                            "Plans": [
                              {
                                "Node Type": "Bitmap Index Scan",
                                "Parent Relationship": "Outer",
                                "Parallel Aware": false,
                                "Index Name": "keyword_id_movie_keyword",
                                "Startup Cost": 0.0,
                                "Total Cost": 20374.81,
                                "Plan Rows": 972050,
                                "Plan Width": 0,
                                "Actual Startup Time": 49.449,
                                "Actual Total Time": 49.45,
                                "Actual Rows": 967909,
                                "Actual Loops": 1,
                                "Index Cond": "(keyword_id > 19647)"
                              }
                            ]
                          },
                          {
                            "Node Type": "Hash",
                            "Parent Relationship": "Inner",
                            "Parallel Aware": true,
                            "Startup Cost": 50870.31,
                            "Total Cost": 50870.31,
                            "Plan Rows": 1487231,
                            "Plan Width": 4,
                            "Actual Startup Time": 561.194,
                            "Actual Total Time": 561.195,
                            "Actual Rows": 1264156,
                            "Actual Loops": 2,
                            "Hash Buckets": 4194304,
                            "Original Hash Buckets": 4194304,
                            "Hash Batches": 1,
                            "Original Hash Batches": 1,
                            "Peak Memory Usage": 131712,
                            "Plans": [
                              {
                                "Node Type": "Seq Scan",
                                "Parent Relationship": "Outer",
                                "Parallel Aware": true,
                                "Relation Name": "title",
                                "Alias": "t",
                                "Startup Cost": 0.0,
                                "Total Cost": 50870.31,
                                "Plan Rows": 1487231,
                                "Plan Width": 4,
                                "Actual Startup Time": 0.032,
                                "Actual Total Time": 159.183,
                                "Actual Rows": 1264156,
                                "Actual Loops": 2
                              }
                            ]
                          }
                        ]
                      }
                    ]
                  }
                ]
              }
            ]
          }
        ]
      }
    ]
  },
  "Planning Time": 1.017,
  "Triggers": [],
  "Execution Time": 1735.673
}