[
  {
    "Plan": {
      "Node Type": "Aggregate",
      "Strategy": "Plain",
      "Partial Mode": "Finalize",
      "Parallel Aware": false,
      "Startup Cost": 85267.12,
      "Total Cost": 85267.13,
      "Plan Rows": 1,
      "Plan Width": 8,
      "Actual Startup Time": 680.483,
      "Actual Total Time": 697.168,
      "Actual Rows": 1,
      "Actual Loops": 1,
      "Plans": [
        {
          "Node Type": "Gather",
          "Parent Relationship": "Outer",
          "Parallel Aware": false,
          "Startup Cost": 85266.81,
          "Total Cost": 85267.12,
          "Plan Rows": 3,
          "Plan Width": 8,
          "Actual Startup Time": 671.893,
          "Actual Total Time": 697.151,
          "Actual Rows": 4,
          "Actual Loops": 1,
          "Workers Planned": 3,
          "Workers Launched": 3,
          "Single Copy": false,
          "Plans": [
            {
              "Node Type": "Aggregate",
              "Strategy": "Plain",
              "Partial Mode": "Partial",
              "Parent Relationship": "Outer",
              "Parallel Aware": false,
              "Startup Cost": 84266.81,
              "Total Cost": 84266.82,
              "Plan Rows": 1,
              "Plan Width": 8,
              "Actual Startup Time": 655.486,
              "Actual Total Time": 655.49,
              "Actual Rows": 1,
              "Actual Loops": 4,
              "Plans": [
                {
                  "Node Type": "Hash Join",
                  "Parent Relationship": "Outer",
                  "Parallel Aware": true,
                  "Join Type": "Inner",
                  "Startup Cost": 51096.9,
                  "Total Cost": 82474.04,
                  "Plan Rows": 717107,
                  "Plan Width": 0,
                  "Actual Startup Time": 360.721,
                  "Actual Total Time": 631.888,
                  "Actual Rows": 521731,
                  "Actual Loops": 4,
                  "Inner Unique": true,
                  "Hash Cond": "(mc.movie_id = t.id)",
                  "Plans": [
                    {
                      "Node Type": "Seq Scan",
                      "Parent Relationship": "Outer",
                      "Parallel Aware": true,
                      "Relation Name": "movie_companies",
                      "Alias": "mc",
                      "Startup Cost": 0.0,
                      "Total Cost": 29310.68,
                      "Plan Rows": 787223,
                      "Plan Width": 4,
                      "Actual Startup Time": 0.01,
                      "Actual Total Time": 76.576,
                      "Actual Rows": 611178,
                      "Actual Loops": 4,
                      "Filter": "(company_id < 126024)",
                      "Rows Removed by Filter": 41104
                    },
                    {
                      "Node Type": "Hash",
                      "Parent Relationship": "Inner",
                      "Parallel Aware": true,
                      "Startup Cost": 43899.32,
                      "Total Cost": 43899.32,
                      "Plan Rows": 575806,
                      "Plan Width": 4,
                      "Actual Startup Time": 350.123,
                      "Actual Total Time": 350.124,
                      "Actual Rows": 573008,
                      "Actual Loops": 4,
                      "Hash Buckets": 4194304,
                      "Original Hash Buckets": 4194304,
                      "Hash Batches": 1,
                      "Original Hash Batches": 1,
                      "Peak Memory Usage": 122496,
                      "Plans": [
                        {
                          "Node Type": "Seq Scan",
                          "Parent Relationship": "Outer",
                          "Parallel Aware": true,
                          "Relation Name": "title",
                          "Alias": "t",
                          "Startup Cost": 0.0,
                          "Total Cost": 43899.32,
                          "Plan Rows": 575806,
                          "Plan Width": 4,
                          "Actual Startup Time": 0.054,
                          "Actual Total Time": 118.601,
                          "Actual Rows": 573008,
                          "Actual Loops": 4,
                          "Filter": "(production_year > 1949)",
                          "Rows Removed by Filter": 59070
                        }
                      ]
                    }
                  ]
                }
              ]
            }
          ]
        }
      ]
    },
    "Planning Time": 0.473,
    "Triggers": [],
    "Execution Time": 697.22
  }
]