[
  {
    "Plan": {
      "Node Type": "Aggregate",
      "Strategy": "Plain",
      "Partial Mode": "Finalize",
      "Parallel Aware": false,
      "Startup Cost": 31186.06,
      "Total Cost": 31186.07,
      "Plan Rows": 1,
      "Plan Width": 8,
      "Actual Startup Time": 85.365,
      "Actual Total Time": 90.689,
      "Actual Rows": 1,
      "Actual Loops": 1,
      "Plans": [
        {
          "Node Type": "Gather",
          "Parent Relationship": "Outer",
          "Parallel Aware": false,
          "Startup Cost": 31185.74,
          "Total Cost": 31186.05,
          "Plan Rows": 3,
          "Plan Width": 8,
          "Actual Startup Time": 85.23,
          "Actual Total Time": 90.682,
          "Actual Rows": 4,
          "Actual Loops": 1,
          "Workers Planned": 3,
          "Workers Launched": 3,
          "Single Copy": false,
          "Plans": [
            {
              "Node Type": "Aggregate",
              "Strategy": "Plain",
              "Partial Mode": "Partial",
              "Parent Relationship": "Outer",
              "Parallel Aware": false,
              "Startup Cost": 30185.74,
              "Total Cost": 30185.75,
              "Plan Rows": 1,
              "Plan Width": 8,
              "Actual Startup Time": 80.632,
              "Actual Total Time": 80.633,
              "Actual Rows": 1,
              "Actual Loops": 4,
              "Plans": [
                {
                  "Node Type": "Seq Scan",
                  "Parent Relationship": "Outer",
                  "Parallel Aware": true,
                  "Relation Name": "movie_companies",
                  "Alias": "mc",
                  "Startup Cost": 0.0,
                  "Total Cost": 29310.68,
                  "Plan Rows": 350023,
                  "Plan Width": 0,
                  "Actual Startup Time": 11.444,
                  "Actual Total Time": 68.62,
                  "Actual Rows": 269912,
                  "Actual Loops": 4,
                  "Filter": "(company_id > 14375)",
                  "Rows Removed by Filter": 382370
                }
              ]
            }
          ]
        }
      ]
    },
    "Planning Time": 0.081,
    "Triggers": [],
    "Execution Time": 90.715
  }
]