[
  {
    "Plan": {
      "Node Type": "Aggregate",
      "Strategy": "Plain",
      "Partial Mode": "Finalize",
      "Parallel Aware": false,
      "Startup Cost": 340374.04,
      "Total Cost": 340374.05,
      "Plan Rows": 1,
      "Plan Width": 8,
      "Actual Startup Time": 444.831,
      "Actual Total Time": 466.484,
      "Actual Rows": 1,
      "Actual Loops": 1,
      "Plans": [
        {
          "Node Type": "Gather",
          "Parent Relationship": "Outer",
          "Parallel Aware": false,
          "Startup Cost": 340373.41,
          "Total Cost": 340374.02,
          "Plan Rows": 6,
          "Plan Width": 8,
          "Actual Startup Time": 444.678,
          "Actual Total Time": 466.475,
          "Actual Rows": 7,
          "Actual Loops": 1,
          "Workers Planned": 6,
          "Workers Launched": 6,
          "Single Copy": false,
          "Plans": [
            {
              "Node Type": "Aggregate",
              "Strategy": "Plain",
              "Partial Mode": "Partial",
              "Parent Relationship": "Outer",
              "Parallel Aware": false,
              "Startup Cost": 339373.41,
              "Total Cost": 339373.42,
              "Plan Rows": 1,
              "Plan Width": 8,
              "Actual Startup Time": 434.939,
              "Actual Total Time": 434.94,
              "Actual Rows": 1,
              "Actual Loops": 7,
              "Plans": [
                {
                  "Node Type": "Index Scan",
                  "Parent Relationship": "Outer",
                  "Parallel Aware": true,
                  "Scan Direction": "Forward",
                  "Index Name": "role_id_cast_info",
                  "Relation Name": "cast_info",
                  "Alias": "ci",
                  "Startup Cost": 0.56,
                  "Total Cost": 335235.55,
                  "Plan Rows": 1655146,
                  "Plan Width": 0,
                  "Actual Startup Time": 172.57,
                  "Actual Total Time": 389.182,
                  "Actual Rows": 1027603,
                  "Actual Loops": 7,
                  "Index Cond": "(role_id = 1)",
                  "Rows Removed by Index Recheck": 0,
                  "Filter": "(person_id > 736110)",
                  "Rows Removed by Filter": 782495
                }
              ]
            }
          ]
        }
      ]
    },
    "Planning Time": 0.235,
    "Triggers": [],
    "Execution Time": 466.553
  }
]