{
  "Plan": {
    "Node Type": "Aggregate",
    "Strategy": "Plain",
    "Partial Mode": "Finalize",
    "Parallel Aware": false,
    "Startup Cost": 97063.02,
    "Total Cost": 97063.03,
    "Plan Rows": 1,
    "Plan Width": 8,
    "Actual Startup Time": 431.931,
    "Actual Total Time": 446.04,
    "Actual Rows": 1,
    "Actual Loops": 1,
    "Plans": [
      {
        "Node Type": "Gather",
        "Parent Relationship": "Outer",
        "Parallel Aware": false,
        "Startup Cost": 97062.9,
        "Total Cost": 97063.01,
        "Plan Rows": 1,
        "Plan Width": 8,
        "Actual Startup Time": 431.272,
        "Actual Total Time": 446.033,
        "Actual Rows": 2,
        "Actual Loops": 1,
        "Workers Planned": 1,
        "Workers Launched": 1,
        "Single Copy": false,
        "Plans": [
          {
            "Node Type": "Aggregate",
            "Strategy": "Plain",
            "Partial Mode": "Partial",
            "Parent Relationship": "Outer",
            "Parallel Aware": false,
            "Startup Cost": 96062.9,
            "Total Cost": 96062.91,
            "Plan Rows": 1,
            "Plan Width": 8,
            "Actual Startup Time": 425.274,
            "Actual Total Time": 425.278,
            "Actual Rows": 1,
            "Actual Loops": 2,
            "Plans": [
              {
                "Node Type": "Hash Join",
                "Parent Relationship": "Outer",
                "Parallel Aware": true,
                "Join Type": "Inner",
                "Startup Cost": 57595.61,
                "Total Cost": 95762.24,
                "Plan Rows": 120265,
                "Plan Width": 0,
                "Actual Startup Time": 169.323,
                "Actual Total Time": 419.464,
                "Actual Rows": 135800,
                "Actual Loops": 2,
                "Inner Unique": true,
                "Hash Cond": "(mc.movie_id = t.id)",
                "Plans": [
                  {
                    "Node Type": "Seq Scan",
                    "Parent Relationship": "Outer",
                    "Parallel Aware": true,
                    "Relation Name": "movie_companies",
                    "Alias": "mc",
                    "Startup Cost": 0.0,
                    "Total Cost": 34137.82,
                    "Plan Rows": 1534782,
                    "Plan Width": 4,
                    "Actual Startup Time": 0.014,
                    "Actual Total Time": 98.253,
                    "Actual Rows": 1304564,
                    "Actual Loops": 2
                  },
                  {
                    "Node Type": "Hash",
                    "Parent Relationship": "Inner",
                    "Parallel Aware": true,
                    "Startup Cost": 56138.87,
                    "Total Cost": 56138.87,
                    "Plan Rows": 116539,
                    "Plan Width": 4,
                    "Actual Startup Time": 165.789,
                    "Actual Total Time": 165.79,
                    "Actual Rows": 91012,
                    "Actual Loops": 2,
                    "Hash Buckets": 262144,
                    "Original Hash Buckets": 262144,
                    "Hash Batches": 1,
                    "Original Hash Batches": 1,
                    "Peak Memory Usage": 9216,
                    "Plans": [
                      {
                        "Node Type": "Bitmap Heap Scan",
                        "Parent Relationship": "Outer",
                        "Parallel Aware": true,
                        "Relation Name": "title",
                        "Alias": "t",
                        "Startup Cost": 13488.49,
                        "Total Cost": 56138.87,
                        "Plan Rows": 116539,
                        "Plan Width": 4,
                        "Actual Startup Time": 53.161,
                        "Actual Total Time": 147.199,
                        "Actual Rows": 91012,
                        "Actual Loops": 2,
                        "Recheck Cond": "(kind_id < 3)",
                        "Rows Removed by Index Recheck": 0,
                        "Filter": "(production_year > 2008)",
                        "Rows Removed by Filter": 285827,
                        "Exact Heap Blocks": 26715,
                        "Lossy Heap Blocks": 0,
                        "Plans": [
                          {
                            "Node Type": "Bitmap Index Scan",
                            "Parent Relationship": "Outer",
                            "Parallel Aware": false,
                            "Index Name": "kind_id_title",
                            "Startup Cost": 0.0,
                            "Total Cost": 13438.96,
                            "Plan Rows": 753937,
                            "Plan Width": 0,
                            "Actual Startup Time": 49.522,
                            "Actual Total Time": 49.523,
                            "Actual Rows": 753677,
                            "Actual Loops": 1,
                            "Index Cond": "(kind_id < 3)"
                          }
                        ]
                      }
                    ]
                  }
                ]
              }
            ]
          }
        ]
      }
    ]
  },
  "Planning Time": 0.596,
  "Triggers": [],
  "Execution Time": 446.123
}