{
  "Plan": {
    "Node Type": "Aggregate",
    "Strategy": "Plain",
    "Partial Mode": "Finalize",
    "Parallel Aware": false,
    "Startup Cost": 158253.22,
    "Total Cost": 158253.23,
    "Plan Rows": 1,
    "Plan Width": 8,
    "Actual Startup Time": 1164.396,
    "Actual Total Time": 1185.791,
    "Actual Rows": 1,
    "Actual Loops": 1,
    "Plans": [
      {
        "Node Type": "Gather",
        "Parent Relationship": "Outer",
        "Parallel Aware": false,
        "Startup Cost": 158253.1,
        "Total Cost": 158253.21,
        "Plan Rows": 1,
        "Plan Width": 8,
        "Actual Startup Time": 1162.593,
        "Actual Total Time": 1185.765,
        "Actual Rows": 2,
        "Actual Loops": 1,
        "Workers Planned": 1,
        "Workers Launched": 1,
        "Single Copy": false,
        "Plans": [
          {
            "Node Type": "Aggregate",
            "Strategy": "Plain",
            "Partial Mode": "Partial",
            "Parent Relationship": "Outer",
            "Parallel Aware": false,
            "Startup Cost": 157253.1,
            "Total Cost": 157253.11,
            "Plan Rows": 1,
            "Plan Width": 8,
            "Actual Startup Time": 1157.273,
            "Actual Total Time": 1157.711,
            "Actual Rows": 1,
            "Actual Loops": 2,
            "Plans": [
              {
                "Node Type": "Hash Join",
                "Parent Relationship": "Outer",
                "Parallel Aware": true,
                "Join Type": "Inner",
                "Startup Cost": 115908.52,
                "Total Cost": 156820.25,
                "Plan Rows": 173141,
                "Plan Width": 0,
                "Actual Startup Time": 654.101,
                "Actual Total Time": 1076.73,
                "Actual Rows": 1680929,
                "Actual Loops": 2,
                "Inner Unique": false,
                "Hash Cond": "(mc.movie_id = t.id)",
                "Plans": [
                  {
                    "Node Type": "Seq Scan",
                    "Parent Relationship": "Outer",
                    "Parallel Aware": true,
                    "Relation Name": "movie_companies",
                    "Alias": "mc",
                    "Startup Cost": 0.0,
                    "Total Cost": 34137.82,
                    "Plan Rows": 1534782,
                    "Plan Width": 4,
                    "Actual Startup Time": 0.015,
                    "Actual Total Time": 115.961,
                    "Actual Rows": 1304564,
                    "Actual Loops": 2
                  },
                  {
                    "Node Type": "Hash",
                    "Parent Relationship": "Inner",
                    "Parallel Aware": true,
                    "Startup Cost": 113811.31,
                    "Total Cost": 113811.31,
                    "Plan Rows": 167777,
                    "Plan Width": 8,
                    "Actual Startup Time": 647.17,
                    "Actual Total Time": 647.606,
                    "Actual Rows": 259148,
                    "Actual Loops": 2,
                    "Hash Buckets": 524288,
                    "Original Hash Buckets": 524288,
                    "Hash Batches": 1,
                    "Original Hash Batches": 1,
                    "Peak Memory Usage": 24384,
                    "Plans": [
                      {
                        "Node Type": "Hash Join",
                        "Parent Relationship": "Outer",
                        "Parallel Aware": true,
                        "Join Type": "Inner",
                        "Startup Cost": 55760.46,
                        "Total Cost": 113811.31,
                        "Plan Rows": 167777,
                        "Plan Width": 8,
                        "Actual Startup Time": 180.473,
                        "Actual Total Time": 595.028,
                        "Actual Rows": 259148,
                        "Actual Loops": 2,
                        "Inner Unique": true,
                        "Hash Cond": "(mk.movie_id = t.id)",
                        "Plans": [
                          {
                            "Node Type": "Seq Scan",
                            "Parent Relationship": "Outer",
                            "Parallel Aware": true,
                            "Relation Name": "movie_keyword",
                            "Alias": "mk",
                            "Startup Cost": 0.0,
                            "Total Cost": 51065.35,
                            "Plan Rows": 2661135,
                            "Plan Width": 4,
                            "Actual Startup Time": 0.015,
                            "Actual Total Time": 180.563,
                            "Actual Rows": 2261965,
                            "Actual Loops": 2
                          },
                          {
                            "Node Type": "Hash",
                            "Parent Relationship": "Inner",
                            "Parallel Aware": true,
                            "Startup Cost": 54588.39,
                            "Total Cost": 54588.39,
                            "Plan Rows": 93766,
                            "Plan Width": 4,
                            "Actual Startup Time": 177.054,
                            "Actual Total Time": 177.055,
                            "Actual Rows": 82092,
                            "Actual Loops": 2,
                            "Hash Buckets": 262144,
                            "Original Hash Buckets": 262144,
                            "Hash Batches": 1,
                            "Original Hash Batches": 1,
                            "Peak Memory Usage": 8480,
                            "Plans": [
                              {
                                "Node Type": "Seq Scan",
                                "Parent Relationship": "Outer",
                                "Parallel Aware": true,
                                "Relation Name": "title",
                                "Alias": "t",
                                "Startup Cost": 0.0,
                                "Total Cost": 54588.39,
                                "Plan Rows": 93766,
                                "Plan Width": 4,
                                "Actual Startup Time": 0.365,
                                "Actual Total Time": 153.373,
                                "Actual Rows": 82092,
                                "Actual Loops": 2,
                                "Filter": "(production_year < 1950)",
                                "Rows Removed by Filter": 1182064
                              }
                            ]
                          }
                        ]
                      }
                    ]
                  }
                ]
              }
            ]
          }
        ]
      }
    ]
  },
  "Planning Time": 0.866,
  "Triggers": [],
  "Execution Time": 1185.865
}