[
  {
    "Plan": {
      "Node Type": "Aggregate",
      "Strategy": "Plain",
      "Partial Mode": "Finalize",
      "Parallel Aware": false,
      "Startup Cost": 96071.8,
      "Total Cost": 96071.81,
      "Plan Rows": 1,
      "Plan Width": 8,
      "Actual Startup Time": 460.75,
      "Actual Total Time": 503.798,
      "Actual Rows": 1,
      "Actual Loops": 1,
      "Plans": [
        {
          "Node Type": "Gather",
          "Parent Relationship": "Outer",
          "Parallel Aware": false,
          "Startup Cost": 96071.48,
          "Total Cost": 96071.79,
          "Plan Rows": 3,
          "Plan Width": 8,
          "Actual Startup Time": 458.782,
          "Actual Total Time": 503.79,
          "Actual Rows": 4,
          "Actual Loops": 1,
          "Workers Planned": 3,
          "Workers Launched": 3,
          "Single Copy": false,
          "Plans": [
            {
              "Node Type": "Aggregate",
              "Strategy": "Plain",
              "Partial Mode": "Partial",
              "Parent Relationship": "Outer",
              "Parallel Aware": false,
              "Startup Cost": 95071.48,
              "Total Cost": 95071.49,
              "Plan Rows": 1,
              "Plan Width": 8,
              "Actual Startup Time": 450.828,
              "Actual Total Time": 450.899,
              "Actual Rows": 1,
              "Actual Loops": 4,
              "Plans": [
                {
                  "Node Type": "Nested Loop",
                  "Parent Relationship": "Outer",
                  "Parallel Aware": false,
                  "Join Type": "Inner",
                  "Startup Cost": 49051.13,
                  "Total Cost": 95033.9,
                  "Plan Rows": 15030,
                  "Plan Width": 0,
                  "Actual Startup Time": 143.125,
                  "Actual Total Time": 439.228,
                  "Actual Rows": 253023,
                  "Actual Loops": 4,
                  "Inner Unique": false,
                  "Plans": [
                    {
                      "Node Type": "Hash Join",
                      "Parent Relationship": "Outer",
                      "Parallel Aware": true,
                      "Join Type": "Inner",
                      "Startup Cost": 49050.7,
                      "Total Cost": 74140.57,
                      "Plan Rows": 4284,
                      "Plan Width": 8,
                      "Actual Startup Time": 143.056,
                      "Actual Total Time": 177.216,
                      "Actual Rows": 12149,
                      "Actual Loops": 4,
                      "Inner Unique": true,
                      "Hash Cond": "(mk.movie_id = t.id)",
                      "Plans": [
                        {
                          "Node Type": "Bitmap Heap Scan",
                          "Parent Relationship": "Outer",
                          "Parallel Aware": true,
                          "Relation Name": "movie_keyword",
                          "Alias": "mk",
                          "Startup Cost": 2766.47,
                          "Total Cost": 27745.99,
                          "Plan Rows": 42041,
                          "Plan Width": 4,
                          "Actual Startup Time": 10.897,
                          "Actual Total Time": 34.445,
                          "Actual Rows": 31721,
                          "Actual Loops": 4,
                          "Recheck Cond": "(keyword_id > 76901)",
                          "Rows Removed by Index Recheck": 0,
                          "Exact Heap Blocks": 6276,
                          "Lossy Heap Blocks": 0,
                          "Plans": [
                            {
                              "Node Type": "Bitmap Index Scan",
                              "Parent Relationship": "Outer",
                              "Parallel Aware": false,
                              "Index Name": "keyword_id_movie_keyword",
                              "Startup Cost": 0.0,
                              "Total Cost": 2733.89,
                              "Plan Rows": 130328,
                              "Plan Width": 0,
                              "Actual Startup Time": 8.063,
                              "Actual Total Time": 8.064,
                              "Actual Rows": 126884,
                              "Actual Loops": 1,
                              "Index Cond": "(keyword_id > 76901)"
                            }
                          ]
                        },
                        {
                          "Node Type": "Hash",
                          "Parent Relationship": "Inner",
                          "Parallel Aware": true,
                          "Startup Cost": 45479.1,
                          "Total Cost": 45479.1,
                          "Plan Rows": 64410,
                          "Plan Width": 4,
                          "Actual Startup Time": 130.108,
                          "Actual Total Time": 130.109,
                          "Actual Rows": 93486,
                          "Actual Loops": 4,
                          "Hash Buckets": 524288,
                          "Original Hash Buckets": 262144,
                          "Hash Batches": 1,
                          "Original Hash Batches": 1,
                          "Peak Memory Usage": 20832,
                          "Plans": [
                            {
                              "Node Type": "Seq Scan",
                              "Parent Relationship": "Outer",
                              "Parallel Aware": true,
                              "Relation Name": "title",
                              "Alias": "t",
                              "Startup Cost": 0.0,
                              "Total Cost": 45479.1,
                              "Plan Rows": 64410,
                              "Plan Width": 4,
                              "Actual Startup Time": 0.074,
                              "Actual Total Time": 95.575,
                              "Actual Rows": 93486,
                              "Actual Loops": 4,
                              "Filter": "((kind_id < 7) AND (production_year < 1989))",
                              "Rows Removed by Filter": 538592
                            }
                          ]
                        }
                      ]
                    },
                    {
                      "Node Type": "Index Scan",
                      "Parent Relationship": "Inner",
                      "Parallel Aware": false,
                      "Scan Direction": "Forward",
                      "Index Name": "movie_id_movie_info",
                      "Relation Name": "movie_info",
                      "Alias": "mi",
                      "Startup Cost": 0.43,
                      "Total Cost": 4.63,
                      "Plan Rows": 25,
                      "Plan Width": 4,
                      "Actual Startup Time": 0.004,
                      "Actual Total Time": 0.02,
                      "Actual Rows": 21,
                      "Actual Loops": 48595,
                      "Index Cond": "(movie_id = t.id)",
                      "Rows Removed by Index Recheck": 0,
                      "Filter": "(info_type_id < 15)",
                      "Rows Removed by Filter": 31
                    }
                  ]
                }
              ]
            }
          ]
        }
      ]
    },
    "Planning Time": 1.427,
    "Triggers": [],
    "Execution Time": 503.92
  }
]