[
  {
    "Plan": {
      "Node Type": "Aggregate",
      "Strategy": "Plain",
      "Partial Mode": "Finalize",
      "Parallel Aware": false,
      "Startup Cost": 342855.35,
      "Total Cost": 342855.36,
      "Plan Rows": 1,
      "Plan Width": 8,
      "Actual Startup Time": 382.441,
      "Actual Total Time": 444.056,
      "Actual Rows": 1,
      "Actual Loops": 1,
      "Plans": [
        {
          "Node Type": "Gather",
          "Parent Relationship": "Outer",
          "Parallel Aware": false,
          "Startup Cost": 342854.93,
          "Total Cost": 342855.34,
          "Plan Rows": 4,
          "Plan Width": 8,
          "Actual Startup Time": 382.212,
          "Actual Total Time": 444.048,
          "Actual Rows": 5,
          "Actual Loops": 1,
          "Workers Planned": 4,
          "Workers Launched": 4,
          "Single Copy": false,
          "Plans": [
            {
              "Node Type": "Aggregate",
              "Strategy": "Plain",
              "Partial Mode": "Partial",
              "Parent Relationship": "Outer",
              "Parallel Aware": false,
              "Startup Cost": 341854.93,
              "Total Cost": 341854.94,
              "Plan Rows": 1,
              "Plan Width": 8,
              "Actual Startup Time": 372.142,
              "Actual Total Time": 372.143,
              "Actual Rows": 1,
              "Actual Loops": 5,
              "Plans": [
                {
                  "Node Type": "Nested Loop",
                  "Parent Relationship": "Outer",
                  "Parallel Aware": false,
                  "Join Type": "Inner",
                  "Startup Cost": 0.56,
                  "Total Cost": 341775.95,
                  "Plan Rows": 31593,
                  "Plan Width": 0,
                  "Actual Startup Time": 1.164,
                  "Actual Total Time": 370.897,
                  "Actual Rows": 10865,
                  "Actual Loops": 5,
                  "Inner Unique": false,
                  "Plans": [
                    {
                      "Node Type": "Seq Scan",
                      "Parent Relationship": "Outer",
                      "Parallel Aware": true,
                      "Relation Name": "title",
                      "Alias": "t",
                      "Startup Cost": 0.0,
                      "Total Cost": 43898.92,
                      "Plan Rows": 9039,
                      "Plan Width": 4,
                      "Actual Startup Time": 0.06,
                      "Actual Total Time": 68.186,
                      "Actual Rows": 7287,
                      "Actual Loops": 5,
                      "Filter": "(production_year = 1995)",
                      "Rows Removed by Filter": 498375
                    },
                    {
                      "Node Type": "Index Scan",
                      "Parent Relationship": "Inner",
                      "Parallel Aware": false,
                      "Scan Direction": "Forward",
                      "Index Name": "movie_id_cast_info",
                      "Relation Name": "cast_info",
                      "Alias": "ci",
                      "Startup Cost": 0.56,
                      "Total Cost": 32.86,
                      "Plan Rows": 9,
                      "Plan Width": 4,
                      "Actual Startup Time": 0.031,
                      "Actual Total Time": 0.041,
                      "Actual Rows": 1,
                      "Actual Loops": 36437,
                      "Index Cond": "(movie_id = t.id)",
                      "Rows Removed by Index Recheck": 0,
                      "Filter": "((person_id < 1328631) AND (role_id > 1))",
                      "Rows Removed by Filter": 13
                    }
                  ]
                }
              ]
            }
          ]
        }
      ]
    },
    "Planning Time": 0.599,
    "Triggers": [],
    "Execution Time": 444.14
  }
]