[
  {
    "Plan": {
      "Node Type": "Aggregate",
      "Strategy": "Plain",
      "Partial Mode": "Finalize",
      "Parallel Aware": false,
      "Startup Cost": 47143.25,
      "Total Cost": 47143.26,
      "Plan Rows": 1,
      "Plan Width": 8,
      "Actual Startup Time": 257.839,
      "Actual Total Time": 270.288,
      "Actual Rows": 1,
      "Actual Loops": 1,
      "Plans": [
        {
          "Node Type": "Gather",
          "Parent Relationship": "Outer",
          "Parallel Aware": false,
          "Startup Cost": 47142.93,
          "Total Cost": 47143.24,
          "Plan Rows": 3,
          "Plan Width": 8,
          "Actual Startup Time": 257.658,
          "Actual Total Time": 270.276,
          "Actual Rows": 4,
          "Actual Loops": 1,
          "Workers Planned": 3,
          "Workers Launched": 3,
          "Single Copy": false,
          "Plans": [
            {
              "Node Type": "Aggregate",
              "Strategy": "Plain",
              "Partial Mode": "Partial",
              "Parent Relationship": "Outer",
              "Parallel Aware": false,
              "Startup Cost": 46142.93,
              "Total Cost": 46142.94,
              "Plan Rows": 1,
              "Plan Width": 8,
              "Actual Startup Time": 248.791,
              "Actual Total Time": 248.793,
              "Actual Rows": 1,
              "Actual Loops": 4,
              "Plans": [
                {
                  "Node Type": "Seq Scan",
                  "Parent Relationship": "Outer",
                  "Parallel Aware": true,
                  "Relation Name": "movie_keyword",
                  "Alias": "mk",
                  "Startup Cost": 0.0,
                  "Total Cost": 42695.65,
                  "Plan Rows": 1378912,
                  "Plan Width": 0,
                  "Actual Startup Time": 0.059,
                  "Actual Total Time": 176.818,
                  "Actual Rows": 1067975,
                  "Actual Loops": 4,
                  "Filter": "(keyword_id < 60247)",
                  "Rows Removed by Filter": 63007
                }
              ]
            }
          ]
        }
      ]
    },
    "Planning Time": 0.194,
    "Triggers": [],
    "Execution Time": 270.347
  }
]