[
  {
    "Plan": {
      "Node Type": "Aggregate",
      "Strategy": "Plain",
      "Partial Mode": "Finalize",
      "Parallel Aware": false,
      "Startup Cost": 47133.26,
      "Total Cost": 47133.27,
      "Plan Rows": 1,
      "Plan Width": 8,
      "Actual Startup Time": 198.379,
      "Actual Total Time": 206.53,
      "Actual Rows": 1,
      "Actual Loops": 1,
      "Plans": [
        {
          "Node Type": "Gather",
          "Parent Relationship": "Outer",
          "Parallel Aware": false,
          "Startup Cost": 47132.94,
          "Total Cost": 47133.25,
          "Plan Rows": 3,
          "Plan Width": 8,
          "Actual Startup Time": 198.265,
          "Actual Total Time": 206.523,
          "Actual Rows": 4,
          "Actual Loops": 1,
          "Workers Planned": 3,
          "Workers Launched": 3,
          "Single Copy": false,
          "Plans": [
            {
              "Node Type": "Aggregate",
              "Strategy": "Plain",
              "Partial Mode": "Partial",
              "Parent Relationship": "Outer",
              "Parallel Aware": false,
              "Startup Cost": 46132.94,
              "Total Cost": 46132.95,
              "Plan Rows": 1,
              "Plan Width": 8,
              "Actual Startup Time": 192.456,
              "Actual Total Time": 192.457,
              "Actual Rows": 1,
              "Actual Loops": 4,
              "Plans": [
                {
                  "Node Type": "Seq Scan",
                  "Parent Relationship": "Outer",
                  "Parallel Aware": true,
                  "Relation Name": "movie_keyword",
                  "Alias": "mk",
                  "Startup Cost": 0.0,
                  "Total Cost": 42695.65,
                  "Plan Rows": 1374915,
                  "Plan Width": 0,
                  "Actual Startup Time": 0.045,
                  "Actual Total Time": 137.994,
                  "Actual Rows": 1067975,
                  "Actual Loops": 4,
                  "Filter": "(keyword_id < 60247)",
                  "Rows Removed by Filter": 63007
                }
              ]
            }
          ]
        }
      ]
    },
    "Planning Time": 0.142,
    "Triggers": [],
    "Execution Time": 206.57
  }
]