[
  {
    "Plan": {
      "Node Type": "Aggregate",
      "Strategy": "Plain",
      "Partial Mode": "Finalize",
      "Parallel Aware": false,
      "Startup Cost": 67147.87,
      "Total Cost": 67147.88,
      "Plan Rows": 1,
      "Plan Width": 8,
      "Actual Startup Time": 78.842,
      "Actual Total Time": 87.03,
      "Actual Rows": 1,
      "Actual Loops": 1,
      "Plans": [
        {
          "Node Type": "Gather",
          "Parent Relationship": "Outer",
          "Parallel Aware": false,
          "Startup Cost": 67147.45,
          "Total Cost": 67147.86,
          "Plan Rows": 4,
          "Plan Width": 8,
          "Actual Startup Time": 78.595,
          "Actual Total Time": 87.02,
          "Actual Rows": 5,
          "Actual Loops": 1,
          "Workers Planned": 4,
          "Workers Launched": 4,
          "Single Copy": false,
          "Plans": [
            {
              "Node Type": "Aggregate",
              "Strategy": "Plain",
              "Partial Mode": "Partial",
              "Parent Relationship": "Outer",
              "Parallel Aware": false,
              "Startup Cost": 66147.45,
              "Total Cost": 66147.46,
              "Plan Rows": 1,
              "Plan Width": 8,
              "Actual Startup Time": 68.302,
              "Actual Total Time": 68.304,
              "Actual Rows": 1,
              "Actual Loops": 5,
              "Plans": [
                {
                  "Node Type": "Nested Loop",
                  "Parent Relationship": "Outer",
                  "Parallel Aware": false,
                  "Join Type": "Inner",
                  "Startup Cost": 1827.52,
                  "Total Cost": 66145.9,
                  "Plan Rows": 622,
                  "Plan Width": 0,
                  "Actual Startup Time": 25.323,
                  "Actual Total Time": 68.271,
                  "Actual Rows": 102,
                  "Actual Loops": 5,
                  "Inner Unique": false,
                  "Plans": [
                    {
                      "Node Type": "Bitmap Heap Scan",
                      "Parent Relationship": "Outer",
                      "Parallel Aware": true,
                      "Relation Name": "title",
                      "Alias": "t",
                      "Startup Cost": 1827.09,
                      "Total Cost": 38208.44,
                      "Plan Rows": 3953,
                      "Plan Width": 4,
                      "Actual Startup Time": 14.321,
                      "Actual Total Time": 40.103,
                      "Actual Rows": 1655,
                      "Actual Loops": 5,
                      "Recheck Cond": "(kind_id = 3)",
                      "Rows Removed by Index Recheck": 0,
                      "Filter": "(production_year > 2010)",
                      "Rows Removed by Filter": 18452,
                      "Exact Heap Blocks": 5819,
                      "Lossy Heap Blocks": 0,
                      "Plans": [
                        {
                          "Node Type": "Bitmap Index Scan",
                          "Parent Relationship": "Outer",
                          "Parallel Aware": false,
                          "Index Name": "kind_id_title",
                          "Startup Cost": 0.0,
                          "Total Cost": 1823.13,
                          "Plan Rows": 102227,
                          "Plan Width": 0,
                          "Actual Startup Time": 18.44,
                          "Actual Total Time": 18.441,
                          "Actual Rows": 100537,
                          "Actual Loops": 1,
                          "Index Cond": "(kind_id = 3)"
                        }
                      ]
                    },
                    {
                      "Node Type": "Index Scan",
                      "Parent Relationship": "Inner",
                      "Parallel Aware": false,
                      "Scan Direction": "Forward",
                      "Index Name": "movie_id_movie_companies",
                      "Relation Name": "movie_companies",
                      "Alias": "mc",
                      "Startup Cost": 0.43,
                      "Total Cost": 7.06,
                      "Plan Rows": 1,
                      "Plan Width": 4,
                      "Actual Startup Time": 0.016,
                      "Actual Total Time": 0.016,
                      "Actual Rows": 0,
                      "Actual Loops": 8276,
                      "Index Cond": "(movie_id = t.id)",
                      "Rows Removed by Index Recheck": 0,
                      "Filter": "((company_id > 28225) AND (company_type_id = 1))",
                      "Rows Removed by Filter": 2
                    }
                  ]
                }
              ]
            }
          ]
        }
      ]
    },
    "Planning Time": 0.709,
    "Triggers": [],
    "Execution Time": 87.126
  }
]