[
  {
    "Plan": {
      "Node Type": "Aggregate",
      "Strategy": "Plain",
      "Partial Mode": "Finalize",
      "Parallel Aware": false,
      "Startup Cost": 49388.86,
      "Total Cost": 49388.87,
      "Plan Rows": 1,
      "Plan Width": 8,
      "Actual Startup Time": 101.332,
      "Actual Total Time": 116.3,
      "Actual Rows": 1,
      "Actual Loops": 1,
      "Plans": [
        {
          "Node Type": "Gather",
          "Parent Relationship": "Outer",
          "Parallel Aware": false,
          "Startup Cost": 49388.44,
          "Total Cost": 49388.85,
          "Plan Rows": 4,
          "Plan Width": 8,
          "Actual Startup Time": 101.112,
          "Actual Total Time": 116.284,
          "Actual Rows": 5,
          "Actual Loops": 1,
          "Workers Planned": 4,
          "Workers Launched": 4,
          "Single Copy": false,
          "Plans": [
            {
              "Node Type": "Aggregate",
              "Strategy": "Plain",
              "Partial Mode": "Partial",
              "Parent Relationship": "Outer",
              "Parallel Aware": false,
              "Startup Cost": 48388.44,
              "Total Cost": 48388.45,
              "Plan Rows": 1,
              "Plan Width": 8,
              "Actual Startup Time": 96.368,
              "Actual Total Time": 96.371,
              "Actual Rows": 1,
              "Actual Loops": 5,
              "Plans": [
                {
                  "Node Type": "Nested Loop",
                  "Parent Relationship": "Outer",
                  "Parallel Aware": false,
                  "Join Type": "Inner",
                  "Startup Cost": 0.87,
                  "Total Cost": 48388.37,
                  "Plan Rows": 28,
                  "Plan Width": 0,
                  "Actual Startup Time": 90.058,
                  "Actual Total Time": 96.361,
                  "Actual Rows": 2,
                  "Actual Loops": 5,
                  "Inner Unique": false,
                  "Join Filter": "(t.id = mi.movie_id)",
                  "Rows Removed by Join Filter": 0,
                  "Plans": [
                    {
                      "Node Type": "Nested Loop",
                      "Parent Relationship": "Outer",
                      "Parallel Aware": false,
                      "Join Type": "Inner",
                      "Startup Cost": 0.43,
                      "Total Cost": 47518.4,
                      "Plan Rows": 584,
                      "Plan Width": 8,
                      "Actual Startup Time": 59.845,
                      "Actual Total Time": 92.877,
                      "Actual Rows": 120,
                      "Actual Loops": 5,
                      "Inner Unique": false,
                      "Plans": [
                        {
                          "Node Type": "Seq Scan",
                          "Parent Relationship": "Outer",
                          "Parallel Aware": true,
                          "Relation Name": "title",
                          "Alias": "t",
                          "Startup Cost": 0.0,
                          "Total Cost": 43899.32,
                          "Plan Rows": 379,
                          "Plan Width": 4,
                          "Actual Startup Time": 58.264,
                          "Actual Total Time": 86.336,
                          "Actual Rows": 542,
                          "Actual Loops": 5,
                          "Filter": "(production_year = 1908)",
                          "Rows Removed by Filter": 505120
                        },
                        {
                          "Node Type": "Index Scan",
                          "Parent Relationship": "Inner",
                          "Parallel Aware": false,
                          "Scan Direction": "Forward",
                          "Index Name": "movie_id_movie_keyword",
                          "Relation Name": "movie_keyword",
                          "Alias": "mk",
                          "Startup Cost": 0.43,
                          "Total Cost": 9.15,
                          "Plan Rows": 40,
                          "Plan Width": 4,
                          "Actual Startup Time": 0.011,
                          "Actual Total Time": 0.011,
                          "Actual Rows": 0,
                          "Actual Loops": 2712,
                          "Index Cond": "(movie_id = t.id)",
                          "Rows Removed by Index Recheck": 0,
                          "Filter": "(keyword_id < 29032)",
                          "Rows Removed by Filter": 0
                        }
                      ]
                    },
                    {
                      "Node Type": "Index Scan",
                      "Parent Relationship": "Inner",
                      "Parallel Aware": false,
                      "Scan Direction": "Forward",
                      "Index Name": "movie_id_movie_info",
                      "Relation Name": "movie_info",
                      "Alias": "mi",
                      "Startup Cost": 0.43,
                      "Total Cost": 1.48,
                      "Plan Rows": 1,
                      "Plan Width": 4,
                      "Actual Startup Time": 0.028,
                      "Actual Total Time": 0.028,
                      "Actual Rows": 0,
                      "Actual Loops": 600,
                      "Index Cond": "(movie_id = mk.movie_id)",
                      "Rows Removed by Index Recheck": 0,
                      "Filter": "(info_type_id = 105)",
                      "Rows Removed by Filter": 12
                    }
                  ]
                }
              ]
            }
          ]
        }
      ]
    },
    "Planning Time": 1.193,
    "Triggers": [],
    "Execution Time": 116.376
  }
]