[
  {
    "Plan": {
      "Node Type": "Aggregate",
      "Strategy": "Plain",
      "Partial Mode": "Finalize",
      "Parallel Aware": false,
      "Startup Cost": 137137.87,
      "Total Cost": 137137.88,
      "Plan Rows": 1,
      "Plan Width": 8,
      "Actual Startup Time": 104.84,
      "Actual Total Time": 121.959,
      "Actual Rows": 1,
      "Actual Loops": 1,
      "Plans": [
        {
          "Node Type": "Gather",
          "Parent Relationship": "Outer",
          "Parallel Aware": false,
          "Startup Cost": 137137.45,
          "Total Cost": 137137.86,
          "Plan Rows": 4,
          "Plan Width": 8,
          "Actual Startup Time": 104.72,
          "Actual Total Time": 121.951,
          "Actual Rows": 5,
          "Actual Loops": 1,
          "Workers Planned": 4,
          "Workers Launched": 4,
          "Single Copy": false,
          "Plans": [
            {
              "Node Type": "Aggregate",
              "Strategy": "Plain",
              "Partial Mode": "Partial",
              "Parent Relationship": "Outer",
              "Parallel Aware": false,
              "Startup Cost": 136137.45,
              "Total Cost": 136137.46,
              "Plan Rows": 1,
              "Plan Width": 8,
              "Actual Startup Time": 98.825,
              "Actual Total Time": 98.827,
              "Actual Rows": 1,
              "Actual Loops": 5,
              "Plans": [
                {
                  "Node Type": "Nested Loop",
                  "Parent Relationship": "Outer",
                  "Parallel Aware": false,
                  "Join Type": "Inner",
                  "Startup Cost": 0.43,
                  "Total Cost": 136135.27,
                  "Plan Rows": 870,
                  "Plan Width": 0,
                  "Actual Startup Time": 53.836,
                  "Actual Total Time": 98.743,
                  "Actual Rows": 640,
                  "Actual Loops": 5,
                  "Inner Unique": false,
                  "Plans": [
                    {
                      "Node Type": "Seq Scan",
                      "Parent Relationship": "Outer",
                      "Parallel Aware": true,
                      "Relation Name": "title",
                      "Alias": "t",
                      "Startup Cost": 0.0,
                      "Total Cost": 43898.92,
                      "Plan Rows": 738,
                      "Plan Width": 4,
                      "Actual Startup Time": 49.647,
                      "Actual Total Time": 76.469,
                      "Actual Rows": 613,
                      "Actual Loops": 5,
                      "Filter": "(production_year = 1922)",
                      "Rows Removed by Filter": 505049
                    },
                    {
                      "Node Type": "Index Scan",
                      "Parent Relationship": "Inner",
                      "Parallel Aware": false,
                      "Scan Direction": "Forward",
                      "Index Name": "movie_id_movie_info",
                      "Relation Name": "movie_info",
                      "Alias": "mi",
                      "Startup Cost": 0.43,
                      "Total Cost": 124.9,
                      "Plan Rows": 8,
                      "Plan Width": 4,
                      "Actual Startup Time": 0.026,
                      "Actual Total Time": 0.036,
                      "Actual Rows": 1,
                      "Actual Loops": 3066,
                      "Index Cond": "(movie_id = t.id)",
                      "Rows Removed by Index Recheck": 0,
                      "Filter": "(info_type_id = 16)",
                      "Rows Removed by Filter": 9
                    }
                  ]
                }
              ]
            }
          ]
        }
      ]
    },
    "Planning Time": 0.419,
    "Triggers": [],
    "Execution Time": 122.013
  }
]