[
  {
    "Plan": {
      "Node Type": "Aggregate",
      "Strategy": "Plain",
      "Partial Mode": "Simple",
      "Parallel Aware": false,
      "Startup Cost": 72614.7,
      "Total Cost": 72614.71,
      "Plan Rows": 1,
      "Plan Width": 64,
      "Actual Startup Time": 201.132,
      "Actual Total Time": 216.334,
      "Actual Rows": 1,
      "Actual Loops": 1,
      "Plans": [
        {
          "Node Type": "Nested Loop",
          "Parent Relationship": "Outer",
          "Parallel Aware": false,
          "Join Type": "Inner",
          "Startup Cost": 1004.44,
          "Total Cost": 72614.7,
          "Plan Rows": 1,
          "Plan Width": 32,
          "Actual Startup Time": 117.244,
          "Actual Total Time": 216.263,
          "Actual Rows": 189,
          "Actual Loops": 1,
          "Inner Unique": true,
          "Plans": [
            {
              "Node Type": "Nested Loop",
              "Parent Relationship": "Outer",
              "Parallel Aware": false,
              "Join Type": "Inner",
              "Startup Cost": 1004.02,
              "Total Cost": 72614.25,
              "Plan Rows": 1,
              "Plan Width": 36,
              "Actual Startup Time": 117.184,
              "Actual Total Time": 214.61,
              "Actual Rows": 327,
              "Actual Loops": 1,
              "Inner Unique": false,
              "Join Filter": "(t.id = mc.movie_id)",
              "Rows Removed by Join Filter": 0,
              "Plans": [
                {
                  "Node Type": "Nested Loop",
                  "Parent Relationship": "Outer",
                  "Parallel Aware": false,
                  "Join Type": "Inner",
                  "Startup Cost": 1003.59,
                  "Total Cost": 72613.63,
                  "Plan Rows": 1,
                  "Plan Width": 44,
                  "Actual Startup Time": 95.548,
                  "Actual Total Time": 213.27,
                  "Actual Rows": 120,
                  "Actual Loops": 1,
                  "Inner Unique": true,
                  "Plans": [
                    {
                      "Node Type": "Gather",
                      "Parent Relationship": "Outer",
                      "Parallel Aware": false,
                      "Startup Cost": 1003.16,
                      "Total Cost": 72613.12,
                      "Plan Rows": 1,
                      "Plan Width": 48,
                      "Actual Startup Time": 95.43,
                      "Actual Total Time": 212.338,
                      "Actual Rows": 125,
                      "Actual Loops": 1,
                      "Workers Planned": 4,
                      "Workers Launched": 4,
                      "Single Copy": false,
                      "Plans": [
                        {
                          "Node Type": "Nested Loop",
                          "Parent Relationship": "Outer",
                          "Parallel Aware": false,
                          "Join Type": "Inner",
                          "Startup Cost": 3.16,
                          "Total Cost": 71613.02,
                          "Plan Rows": 1,
                          "Plan Width": 48,
                          "Actual Startup Time": 112.762,
                          "Actual Total Time": 188.942,
                          "Actual Rows": 25,
                          "Actual Loops": 5,
                          "Inner Unique": true,
                          "Plans": [
                            {
                              "Node Type": "Nested Loop",
                              "Parent Relationship": "Outer",
                              "Parallel Aware": false,
                              "Join Type": "Inner",
                              "Startup Cost": 3.02,
                              "Total Cost": 71612.84,
                              "Plan Rows": 1,
                              "Plan Width": 52,
                              "Actual Startup Time": 112.734,
                              "Actual Total Time": 188.876,
                              "Actual Rows": 25,
                              "Actual Loops": 5,
                              "Inner Unique": false,
                              "Join Filter": "(t.id = mi.movie_id)",
                              "Rows Removed by Join Filter": 0,
                              "Plans": [
                                {
                                  "Node Type": "Nested Loop",
                                  "Parent Relationship": "Outer",
                                  "Parallel Aware": false,
                                  "Join Type": "Inner",
                                  "Startup Cost": 2.58,
                                  "Total Cost": 71611.19,
                                  "Plan Rows": 1,
                                  "Plan Width": 44,
                                  "Actual Startup Time": 92.211,
                                  "Actual Total Time": 187.323,
                                  "Actual Rows": 103,
                                  "Actual Loops": 5,
                                  "Inner Unique": true,
                                  "Plans": [
                                    {
                                      "Node Type": "Hash Join",
                                      "Parent Relationship": "Outer",
                                      "Parallel Aware": false,
                                      "Join Type": "Inner",
                                      "Startup Cost": 2.15,
                                      "Total Cost": 71609.16,
                                      "Plan Rows": 4,
                                      "Plan Width": 23,
                                      "Actual Startup Time": 88.493,
                                      "Actual Total Time": 185.962,
                                      "Actual Rows": 196,
                                      "Actual Loops": 5,
                                      "Inner Unique": true,
                                      "Hash Cond": "(ci.role_id = rt.id)",
                                      "Plans": [
                                        {
                                          "Node Type": "Nested Loop",
                                          "Parent Relationship": "Outer",
                                          "Parallel Aware": false,
                                          "Join Type": "Inner",
                                          "Startup Cost": 0.99,
                                          "Total Cost": 71607.84,
                                          "Plan Rows": 43,
                                          "Plan Width": 27,
                                          "Actual Startup Time": 88.118,
                                          "Actual Total Time": 185.708,
                                          "Actual Rows": 267,
                                          "Actual Loops": 5,
                                          "Inner Unique": false,
                                          "Join Filter": "(n.id = ci.person_id)",
                                          "Rows Removed by Join Filter": 0,
                                          "Plans": [
                                            {
                                              "Node Type": "Nested Loop",
                                              "Parent Relationship": "Outer",
                                              "Parallel Aware": false,
                                              "Join Type": "Inner",
                                              "Startup Cost": 0.42,
                                              "Total Cost": 71538.77,
                                              "Plan Rows": 5,
                                              "Plan Width": 23,
                                              "Actual Startup Time": 84.402,
                                              "Actual Total Time": 181.056,
                                              "Actual Rows": 83,
                                              "Actual Loops": 5,
                                              "Inner Unique": false,
                                              "Plans": [
                                                {
                                                  "Node Type": "Seq Scan",
                                                  "Parent Relationship": "Outer",
                                                  "Parallel Aware": true,
                                                  "Relation Name": "name",
                                                  "Alias": "n",
                                                  "Startup Cost": 0.0,
                                                  "Total Cost": 71241.41,
                                                  "Plan Rows": 24,
                                                  "Plan Width": 19,
                                                  "Actual Startup Time": 84.033,
                                                  "Actual Total Time": 177.714,
                                                  "Actual Rows": 272,
                                                  "Actual Loops": 5,
                                                  "Filter": "((name ~~ '%Kimberly%'::text) AND ((gender)::text = 'f'::text))",
                                                  "Rows Removed by Filter": 833226
                                                },
                                                {
                                                  "Node Type": "Index Only Scan",
                                                  "Parent Relationship": "Inner",
                                                  "Parallel Aware": false,
                                                  "Scan Direction": "Forward",
                                                  "Index Name": "person_id_aka_name",
                                                  "Relation Name": "aka_name",
                                                  "Alias": "an",
                                                  "Startup Cost": 0.42,
                                                  "Total Cost": 12.37,
                                                  "Plan Rows": 2,
                                                  "Plan Width": 4,
                                                  "Actual Startup Time": 0.011,
                                                  "Actual Total Time": 0.011,
                                                  "Actual Rows": 0,
                                                  "Actual Loops": 1361,
                                                  "Index Cond": "(person_id = n.id)",
                                                  "Rows Removed by Index Recheck": 0,
                                                  "Heap Fetches": 414
                                                }
                                              ]
                                            },
                                            {
                                              "Node Type": "Index Scan",
                                              "Parent Relationship": "Inner",
                                              "Parallel Aware": false,
                                              "Scan Direction": "Forward",
                                              "Index Name": "person_id_cast_info",
                                              "Relation Name": "cast_info",
                                              "Alias": "ci",
                                              "Startup Cost": 0.56,
                                              "Total Cost": 13.29,
                                              "Plan Rows": 42,
                                              "Plan Width": 16,
                                              "Actual Startup Time": 0.049,
                                              "Actual Total Time": 0.055,
                                              "Actual Rows": 3,
                                              "Actual Loops": 414,
                                              "Index Cond": "(person_id = an.person_id)",
                                              "Rows Removed by Index Recheck": 0,
                                              "Filter": "(note = ANY ('{(voice),(producer),\"(executive producer)\",\"(credit only)\"}'::text[]))",
                                              "Rows Removed by Filter": 45
                                            }
                                          ]
                                        },
                                        {
                                          "Node Type": "Hash",
                                          "Parent Relationship": "Inner",
                                          "Parallel Aware": false,
                                          "Startup Cost": 1.15,
                                          "Total Cost": 1.15,
                                          "Plan Rows": 1,
                                          "Plan Width": 4,
                                          "Actual Startup Time": 0.037,
                                          "Actual Total Time": 0.038,
                                          "Actual Rows": 1,
                                          "Actual Loops": 5,
                                          "Hash Buckets": 1024,
                                          "Original Hash Buckets": 1024,
                                          "Hash Batches": 1,
                                          "Original Hash Batches": 1,
                                          "Peak Memory Usage": 9,
                                          "Plans": [
                                            {
                                              "Node Type": "Seq Scan",
                                              "Parent Relationship": "Outer",
                                              "Parallel Aware": false,
                                              "Relation Name": "role_type",
                                              "Alias": "rt",
                                              "Startup Cost": 0.0,
                                              "Total Cost": 1.15,
                                              "Plan Rows": 1,
                                              "Plan Width": 4,
                                              "Actual Startup Time": 0.026,
                                              "Actual Total Time": 0.028,
                                              "Actual Rows": 1,
                                              "Actual Loops": 5,
                                              "Filter": "((role)::text = 'actress'::text)",
                                              "Rows Removed by Filter": 11
                                            }
                                          ]
                                        }
                                      ]
                                    },
                                    {
                                      "Node Type": "Index Scan",
                                      "Parent Relationship": "Inner",
                                      "Parallel Aware": false,
                                      "Scan Direction": "Forward",
                                      "Index Name": "title_pkey",
                                      "Relation Name": "title",
                                      "Alias": "t",
                                      "Startup Cost": 0.43,
                                      "Total Cost": 0.51,
                                      "Plan Rows": 1,
                                      "Plan Width": 21,
                                      "Actual Startup Time": 0.007,
                                      "Actual Total Time": 0.007,
                                      "Actual Rows": 1,
                                      "Actual Loops": 978,
                                      "Index Cond": "(id = ci.movie_id)",
                                      "Rows Removed by Index Recheck": 0,
                                      "Filter": "(production_year > 2006)",
                                      "Rows Removed by Filter": 0
                                    }
                                  ]
                                },
                                {
                                  "Node Type": "Index Scan",
                                  "Parent Relationship": "Inner",
                                  "Parallel Aware": false,
                                  "Scan Direction": "Forward",
                                  "Index Name": "movie_id_movie_info",
                                  "Relation Name": "movie_info",
                                  "Alias": "mi",
                                  "Startup Cost": 0.43,
                                  "Total Cost": 1.64,
                                  "Plan Rows": 1,
                                  "Plan Width": 8,
                                  "Actual Startup Time": 0.012,
                                  "Actual Total Time": 0.015,
                                  "Actual Rows": 0,
                                  "Actual Loops": 513,
                                  "Index Cond": "(movie_id = ci.movie_id)",
                                  "Rows Removed by Index Recheck": 0,
                                  "Filter": "((info IS NOT NULL) AND ((info ~~ 'Japan:%200%'::text) OR (info ~~ 'USA:%200%'::text)))",
                                  "Rows Removed by Filter": 9
                                }
                              ]
                            },
                            {
                              "Node Type": "Index Scan",
                              "Parent Relationship": "Inner",
                              "Parallel Aware": false,
                              "Scan Direction": "Forward",
                              "Index Name": "info_type_pkey",
                              "Relation Name": "info_type",
                              "Alias": "it",
                              "Startup Cost": 0.14,
                              "Total Cost": 0.16,
                              "Plan Rows": 1,
                              "Plan Width": 4,
                              "Actual Startup Time": 0.002,
                              "Actual Total Time": 0.002,
                              "Actual Rows": 1,
                              "Actual Loops": 125,
                              "Index Cond": "(id = mi.info_type_id)",
                              "Rows Removed by Index Recheck": 0,
                              "Filter": "((info)::text = 'release dates'::text)",
                              "Rows Removed by Filter": 0
                            }
                          ]
                        }
                      ]
                    },
                    {
                      "Node Type": "Index Only Scan",
                      "Parent Relationship": "Inner",
                      "Parallel Aware": false,
                      "Scan Direction": "Forward",
                      "Index Name": "char_name_pkey",
                      "Relation Name": "char_name",
                      "Alias": "chn",
                      "Startup Cost": 0.43,
                      "Total Cost": 0.51,
                      "Plan Rows": 1,
                      "Plan Width": 4,
                      "Actual Startup Time": 0.007,
                      "Actual Total Time": 0.007,
                      "Actual Rows": 1,
                      "Actual Loops": 125,
                      "Index Cond": "(id = ci.person_role_id)",
                      "Rows Removed by Index Recheck": 0,
                      "Heap Fetches": 120
                    }
                  ]
                },
                {
                  "Node Type": "Index Scan",
                  "Parent Relationship": "Inner",
                  "Parallel Aware": false,
                  "Scan Direction": "Forward",
                  "Index Name": "movie_id_movie_companies",
                  "Relation Name": "movie_companies",
                  "Alias": "mc",
                  "Startup Cost": 0.43,
                  "Total Cost": 0.55,
                  "Plan Rows": 5,
                  "Plan Width": 8,
                  "Actual Startup Time": 0.008,
                  "Actual Total Time": 0.01,
                  "Actual Rows": 3,
                  "Actual Loops": 120,
                  "Index Cond": "(movie_id = ci.movie_id)",
                  "Rows Removed by Index Recheck": 0
                }
              ]
            },
            {
              "Node Type": "Index Scan",
              "Parent Relationship": "Inner",
              "Parallel Aware": false,
              "Scan Direction": "Forward",
              "Index Name": "company_name_pkey",
              "Relation Name": "company_name",
              "Alias": "cn",
              "Startup Cost": 0.42,
              "Total Cost": 0.45,
              "Plan Rows": 1,
              "Plan Width": 4,
              "Actual Startup Time": 0.005,
              "Actual Total Time": 0.005,
              "Actual Rows": 1,
              "Actual Loops": 327,
              "Index Cond": "(id = mc.company_id)",
              "Rows Removed by Index Recheck": 0,
              "Filter": "((country_code)::text = '[us]'::text)",
              "Rows Removed by Filter": 0
            }
          ]
        }
      ]
    },
    "Planning Time": 40.57,
    "Triggers": [],
    "Execution Time": 216.729
  }
]