[
  {
    "Plan": {
      "Node Type": "Aggregate",
      "Strategy": "Plain",
      "Partial Mode": "Finalize",
      "Parallel Aware": false,
      "Startup Cost": 31737.54,
      "Total Cost": 31737.55,
      "Plan Rows": 1,
      "Plan Width": 8,
      "Actual Startup Time": 86.529,
      "Actual Total Time": 92.223,
      "Actual Rows": 1,
      "Actual Loops": 1,
      "Plans": [
        {
          "Node Type": "Gather",
          "Parent Relationship": "Outer",
          "Parallel Aware": false,
          "Startup Cost": 31737.23,
          "Total Cost": 31737.54,
          "Plan Rows": 3,
          "Plan Width": 8,
          "Actual Startup Time": 86.454,
          "Actual Total Time": 92.218,
          "Actual Rows": 4,
          "Actual Loops": 1,
          "Workers Planned": 3,
          "Workers Launched": 3,
          "Single Copy": false,
          "Plans": [
            {
              "Node Type": "Aggregate",
              "Strategy": "Plain",
              "Partial Mode": "Partial",
              "Parent Relationship": "Outer",
              "Parallel Aware": false,
              "Startup Cost": 30737.23,
              "Total Cost": 30737.24,
              "Plan Rows": 1,
              "Plan Width": 8,
              "Actual Startup Time": 83.744,
              "Actual Total Time": 83.745,
              "Actual Rows": 1,
              "Actual Loops": 4,
              "Plans": [
                {
                  "Node Type": "Seq Scan",
                  "Parent Relationship": "Outer",
                  "Parallel Aware": true,
                  "Relation Name": "movie_companies",
                  "Alias": "mc",
                  "Startup Cost": 0.0,
                  "Total Cost": 29310.68,
                  "Plan Rows": 570618,
                  "Plan Width": 0,
                  "Actual Startup Time": 0.678,
                  "Actual Total Time": 65.449,
                  "Actual Rows": 442757,
                  "Actual Loops": 4,
                  "Filter": "(company_id > 2179)",
                  "Rows Removed by Filter": 209525
                }
              ]
            }
          ]
        }
      ]
    },
    "Planning Time": 0.099,
    "Triggers": [],
    "Execution Time": 92.254
  }
]