{
  "Plan": {
    "Node Type": "Aggregate",
    "Strategy": "Plain",
    "Partial Mode": "Finalize",
    "Parallel Aware": false,
    "Startup Cost": 478259.71,
    "Total Cost": 478259.72,
    "Plan Rows": 1,
    "Plan Width": 8,
    "Actual Startup Time": 3422.041,
    "Actual Total Time": 3452.641,
    "Actual Rows": 1,
    "Actual Loops": 1,
    "Plans": [
      {
        "Node Type": "Gather",
        "Parent Relationship": "Outer",
        "Parallel Aware": false,
        "Startup Cost": 478259.6,
        "Total Cost": 478259.71,
        "Plan Rows": 1,
        "Plan Width": 8,
        "Actual Startup Time": 3419.986,
        "Actual Total Time": 3452.632,
        "Actual Rows": 2,
        "Actual Loops": 1,
        "Workers Planned": 1,
        "Workers Launched": 1,
        "Single Copy": false,
        "Plans": [
          {
            "Node Type": "Aggregate",
            "Strategy": "Plain",
            "Partial Mode": "Partial",
            "Parent Relationship": "Outer",
            "Parallel Aware": false,
            "Startup Cost": 477259.6,
            "Total Cost": 477259.61,
            "Plan Rows": 1,
            "Plan Width": 8,
            "Actual Startup Time": 3411.633,
            "Actual Total Time": 3411.637,
            "Actual Rows": 1,
            "Actual Loops": 2,
            "Plans": [
              {
                "Node Type": "Hash Join",
                "Parent Relationship": "Outer",
                "Parallel Aware": true,
                "Join Type": "Inner",
                "Startup Cost": 66892.35,
                "Total Cost": 468786.85,
                "Plan Rows": 3389101,
                "Plan Width": 0,
                "Actual Startup Time": 368.715,
                "Actual Total Time": 3294.198,
                "Actual Rows": 2781342,
                "Actual Loops": 2,
                "Inner Unique": true,
                "Hash Cond": "(ci.movie_id = t.id)",
                "Plans": [
                  {
                    "Node Type": "Index Scan",
                    "Parent Relationship": "Outer",
                    "Parallel Aware": true,
                    "Scan Direction": "Forward",
                    "Index Name": "role_id_cast_info",
                    "Relation Name": "cast_info",
                    "Alias": "ci",
                    "Startup Cost": 0.56,
                    "Total Cost": 382631.05,
                    "Plan Rows": 7338659,
                    "Plan Width": 4,
                    "Actual Startup Time": 0.054,
                    "Actual Total Time": 925.54,
                    "Actual Rows": 6335344,
                    "Actual Loops": 2,
                    "Index Cond": "(role_id < 2)",
                    "Rows Removed by Index Recheck": 0
                  },
                  {
                    "Node Type": "Hash",
                    "Parent Relationship": "Inner",
                    "Parallel Aware": true,
                    "Startup Cost": 58306.47,
                    "Total Cost": 58306.47,
                    "Plan Rows": 686825,
                    "Plan Width": 4,
                    "Actual Startup Time": 353.926,
                    "Actual Total Time": 353.927,
                    "Actual Rows": 564453,
                    "Actual Loops": 2,
                    "Hash Buckets": 2097152,
                    "Original Hash Buckets": 2097152,
                    "Hash Batches": 1,
                    "Original Hash Batches": 1,
                    "Peak Memory Usage": 60576,
                    "Plans": [
                      {
                        "Node Type": "Seq Scan",
                        "Parent Relationship": "Outer",
                        "Parallel Aware": true,
                        "Relation Name": "title",
                        "Alias": "t",
                        "Startup Cost": 0.0,
                        "Total Cost": 58306.47,
                        "Plan Rows": 686825,
                        "Plan Width": 4,
                        "Actual Startup Time": 0.039,
                        "Actual Total Time": 173.251,
                        "Actual Rows": 564453,
                        "Actual Loops": 2,
                        "Filter": "((production_year < 2010) AND (kind_id = 7))",
                        "Rows Removed by Filter": 699703
                      }
                    ]
                  }
                ]
              }
            ]
          }
        ]
      }
    ]
  },
  "Planning Time": 0.68,
  "Triggers": [],
  "Execution Time": 3452.719
}