{
  "Plan": {
    "Node Type": "Aggregate",
    "Strategy": "Plain",
    "Partial Mode": "Finalize",
    "Parallel Aware": false,
    "Startup Cost": 100247.43,
    "Total Cost": 100247.44,
    "Plan Rows": 1,
    "Plan Width": 8,
    "Actual Startup Time": 2421.007,
    "Actual Total Time": 2436.302,
    "Actual Rows": 1,
    "Actual Loops": 1,
    "Plans": [
      {
        "Node Type": "Gather",
        "Parent Relationship": "Outer",
        "Parallel Aware": false,
        "Startup Cost": 100247.32,
        "Total Cost": 100247.43,
        "Plan Rows": 1,
        "Plan Width": 8,
        "Actual Startup Time": 2420.673,
        "Actual Total Time": 2436.293,
        "Actual Rows": 2,
        "Actual Loops": 1,
        "Workers Planned": 1,
        "Workers Launched": 1,
        "Single Copy": false,
        "Plans": [
          {
            "Node Type": "Aggregate",
            "Strategy": "Plain",
            "Partial Mode": "Partial",
            "Parent Relationship": "Outer",
            "Parallel Aware": false,
            "Startup Cost": 99247.32,
            "Total Cost": 99247.33,
            "Plan Rows": 1,
            "Plan Width": 8,
            "Actual Startup Time": 2414.849,
            "Actual Total Time": 2414.854,
            "Actual Rows": 1,
            "Actual Loops": 2,
            "Plans": [
              {
                "Node Type": "Hash Join",
                "Parent Relationship": "Outer",
                "Parallel Aware": true,
                "Join Type": "Inner",
                "Startup Cost": 73695.06,
                "Total Cost": 99240.5,
                "Plan Rows": 2726,
                "Plan Width": 0,
                "Actual Startup Time": 2362.548,
                "Actual Total Time": 2414.673,
                "Actual Rows": 1621,
                "Actual Loops": 2,
                "Inner Unique": true,
                "Hash Cond": "(mc.movie_id = t.id)",
                "Plans": [
                  {
                    "Node Type": "Bitmap Heap Scan",
                    "Parent Relationship": "Outer",
                    "Parallel Aware": true,
                    "Relation Name": "movie_companies",
                    "Alias": "mc",
                    "Startup Cost": 15147.23,
                    "Total Cost": 40141.41,
                    "Plan Rows": 210005,
                    "Plan Width": 4,
                    "Actual Startup Time": 2164.854,
                    "Actual Total Time": 2199.203,
                    "Actual Rows": 102386,
                    "Actual Loops": 2,
                    "Recheck Cond": "(company_id < 1286)",
                    "Rows Removed by Index Recheck": 0,
                    "Filter": "(company_type_id = 2)",
                    "Rows Removed by Filter": 247200,
                    "Exact Heap Blocks": 11116,
                    "Lossy Heap Blocks": 0,
                    "Plans": [
                      {
                        "Node Type": "Bitmap Index Scan",
                        "Parent Relationship": "Outer",
                        "Parallel Aware": false,
                        "Index Name": "company_id_movie_companies",
                        "Startup Cost": 0.0,
                        "Total Cost": 15057.98,
                        "Plan Rows": 703140,
                        "Plan Width": 0,
                        "Actual Startup Time": 2094.387,
                        "Actual Total Time": 2094.388,
                        "Actual Rows": 699170,
                        "Actual Loops": 1,
                        "Index Cond": "(company_id < 1286)"
                      }
                    ]
                  },
                  {
                    "Node Type": "Hash",
                    "Parent Relationship": "Inner",
                    "Parallel Aware": true,
                    "Startup Cost": 58306.47,
                    "Total Cost": 58306.47,
                    "Plan Rows": 19309,
                    "Plan Width": 4,
                    "Actual Startup Time": 195.971,
                    "Actual Total Time": 195.972,
                    "Actual Rows": 19754,
                    "Actual Loops": 2,
                    "Hash Buckets": 65536,
                    "Original Hash Buckets": 65536,
                    "Hash Batches": 1,
                    "Original Hash Batches": 1,
                    "Peak Memory Usage": 2080,
                    "Plans": [
                      {
                        "Node Type": "Seq Scan",
                        "Parent Relationship": "Outer",
                        "Parallel Aware": true,
                        "Relation Name": "title",
                        "Alias": "t",
                        "Startup Cost": 0.0,
                        "Total Cost": 58306.47,
                        "Plan Rows": 19309,
                        "Plan Width": 4,
                        "Actual Startup Time": 0.036,
                        "Actual Total Time": 186.71,
                        "Actual Rows": 19754,
                        "Actual Loops": 2,
                        "Filter": "((kind_id > 1) AND (production_year = 1998))",
                        "Rows Removed by Filter": 1244402
                      }
                    ]
                  }
                ]
              }
            ]
          }
        ]
      }
    ]
  },
  "Planning Time": 0.479,
  "Triggers": [],
  "Execution Time": 2436.399
}