[
  {
    "Plan": {
      "Node Type": "Aggregate",
      "Strategy": "Plain",
      "Partial Mode": "Finalize",
      "Parallel Aware": false,
      "Startup Cost": 305540.66,
      "Total Cost": 305540.67,
      "Plan Rows": 1,
      "Plan Width": 8,
      "Actual Startup Time": 1800.526,
      "Actual Total Time": 1825.458,
      "Actual Rows": 1,
      "Actual Loops": 1,
      "Plans": [
        {
          "Node Type": "Gather",
          "Parent Relationship": "Outer",
          "Parallel Aware": false,
          "Startup Cost": 305540.35,
          "Total Cost": 305540.66,
          "Plan Rows": 3,
          "Plan Width": 8,
          "Actual Startup Time": 1789.586,
          "Actual Total Time": 1825.449,
          "Actual Rows": 4,
          "Actual Loops": 1,
          "Workers Planned": 3,
          "Workers Launched": 3,
          "Single Copy": false,
          "Plans": [
            {
              "Node Type": "Aggregate",
              "Strategy": "Plain",
              "Partial Mode": "Partial",
              "Parent Relationship": "Outer",
              "Parallel Aware": false,
              "Startup Cost": 304540.35,
              "Total Cost": 304540.36,
              "Plan Rows": 1,
              "Plan Width": 8,
              "Actual Startup Time": 1779.732,
              "Actual Total Time": 1780.362,
              "Actual Rows": 1,
              "Actual Loops": 4,
              "Plans": [
                {
                  "Node Type": "Hash Join",
                  "Parent Relationship": "Outer",
                  "Parallel Aware": true,
                  "Join Type": "Inner",
                  "Startup Cost": 253449.29,
                  "Total Cost": 300597.6,
                  "Plan Rows": 1577098,
                  "Plan Width": 0,
                  "Actual Startup Time": 1164.058,
                  "Actual Total Time": 1632.931,
                  "Actual Rows": 3751293,
                  "Actual Loops": 4,
                  "Inner Unique": false,
                  "Hash Cond": "(mk.movie_id = t.id)",
                  "Plans": [
                    {
                      "Node Type": "Seq Scan",
                      "Parent Relationship": "Outer",
                      "Parallel Aware": true,
                      "Relation Name": "movie_keyword",
                      "Alias": "mk",
                      "Startup Cost": 0.0,
                      "Total Cost": 39047.32,
                      "Plan Rows": 1459332,
                      "Plan Width": 4,
                      "Actual Startup Time": 0.015,
                      "Actual Total Time": 82.364,
                      "Actual Rows": 1130982,
                      "Actual Loops": 4
                    },
                    {
                      "Node Type": "Hash",
                      "Parent Relationship": "Inner",
                      "Parallel Aware": true,
                      "Startup Cost": 247756.89,
                      "Total Cost": 247756.89,
                      "Plan Rows": 455392,
                      "Plan Width": 8,
                      "Actual Startup Time": 1157.14,
                      "Actual Total Time": 1157.769,
                      "Actual Rows": 627819,
                      "Actual Loops": 4,
                      "Hash Buckets": 4194304,
                      "Original Hash Buckets": 4194304,
                      "Hash Batches": 1,
                      "Original Hash Batches": 1,
                      "Peak Memory Usage": 131072,
                      "Plans": [
                        {
                          "Node Type": "Hash Join",
                          "Parent Relationship": "Outer",
                          "Parallel Aware": true,
                          "Join Type": "Inner",
                          "Startup Cost": 46787.05,
                          "Total Cost": 247756.89,
                          "Plan Rows": 455392,
                          "Plan Width": 8,
                          "Actual Startup Time": 169.607,
                          "Actual Total Time": 940.573,
                          "Actual Rows": 627819,
                          "Actual Loops": 4,
                          "Inner Unique": true,
                          "Hash Cond": "(ci.movie_id = t.id)",
                          "Plans": [
                            {
                              "Node Type": "Index Scan",
                              "Parent Relationship": "Outer",
                              "Parallel Aware": true,
                              "Scan Direction": "Forward",
                              "Index Name": "role_id_cast_info",
                              "Relation Name": "cast_info",
                              "Alias": "ci",
                              "Startup Cost": 0.56,
                              "Total Cost": 197699.43,
                              "Plan Rows": 1246088,
                              "Plan Width": 4,
                              "Actual Startup Time": 0.059,
                              "Actual Total Time": 278.772,
                              "Actual Rows": 1862993,
                              "Actual Loops": 4,
                              "Index Cond": "(role_id = 2)",
                              "Rows Removed by Index Recheck": 0
                            },
                            {
                              "Node Type": "Hash",
                              "Parent Relationship": "Inner",
                              "Parallel Aware": true,
                              "Startup Cost": 43899.01,
                              "Total Cost": 43899.01,
                              "Plan Rows": 230998,
                              "Plan Width": 4,
                              "Actual Startup Time": 167.943,
                              "Actual Total Time": 167.944,
                              "Actual Rows": 231151,
                              "Actual Loops": 4,
                              "Hash Buckets": 1048576,
                              "Original Hash Buckets": 1048576,
                              "Hash Batches": 1,
                              "Original Hash Batches": 1,
                              "Peak Memory Usage": 44448,
                              "Plans": [
                                {
                                  "Node Type": "Seq Scan",
                                  "Parent Relationship": "Outer",
                                  "Parallel Aware": true,
                                  "Relation Name": "title",
                                  "Alias": "t",
                                  "Startup Cost": 0.0,
                                  "Total Cost": 43899.01,
                                  "Plan Rows": 230998,
                                  "Plan Width": 4,
                                  "Actual Startup Time": 0.028,
                                  "Actual Total Time": 93.18,
                                  "Actual Rows": 231151,
                                  "Actual Loops": 4,
                                  "Filter": "(production_year < 1998)",
                                  "Rows Removed by Filter": 400927
                                }
                              ]
                            }
                          ]
                        }
                      ]
                    }
                  ]
                }
              ]
            }
          ]
        }
      ]
    },
    "Planning Time": 0.396,
    "Triggers": [],
    "Execution Time": 1825.496
  }
]