[
  {
    "Plan": {
      "Node Type": "Aggregate",
      "Strategy": "Plain",
      "Partial Mode": "Finalize",
      "Parallel Aware": false,
      "Startup Cost": 44318.54,
      "Total Cost": 44318.55,
      "Plan Rows": 1,
      "Plan Width": 8,
      "Actual Startup Time": 121.558,
      "Actual Total Time": 131.419,
      "Actual Rows": 1,
      "Actual Loops": 1,
      "Plans": [
        {
          "Node Type": "Gather",
          "Parent Relationship": "Outer",
          "Parallel Aware": false,
          "Startup Cost": 44318.22,
          "Total Cost": 44318.53,
          "Plan Rows": 3,
          "Plan Width": 8,
          "Actual Startup Time": 121.432,
          "Actual Total Time": 131.404,
          "Actual Rows": 4,
          "Actual Loops": 1,
          "Workers Planned": 3,
          "Workers Launched": 3,
          "Single Copy": false,
          "Plans": [
            {
              "Node Type": "Aggregate",
              "Strategy": "Plain",
              "Partial Mode": "Partial",
              "Parent Relationship": "Outer",
              "Parallel Aware": false,
              "Startup Cost": 43318.22,
              "Total Cost": 43318.23,
              "Plan Rows": 1,
              "Plan Width": 8,
              "Actual Startup Time": 114.827,
              "Actual Total Time": 114.828,
              "Actual Rows": 1,
              "Actual Loops": 4,
              "Plans": [
                {
                  "Node Type": "Seq Scan",
                  "Parent Relationship": "Outer",
                  "Parallel Aware": true,
                  "Relation Name": "movie_keyword",
                  "Alias": "mk",
                  "Startup Cost": 0.0,
                  "Total Cost": 42695.65,
                  "Plan Rows": 249028,
                  "Plan Width": 0,
                  "Actual Startup Time": 0.056,
                  "Actual Total Time": 104.394,
                  "Actual Rows": 196117,
                  "Actual Loops": 4,
                  "Filter": "(keyword_id < 750)",
                  "Rows Removed by Filter": 934866
                }
              ]
            }
          ]
        }
      ]
    },
    "Planning Time": 0.185,
    "Triggers": [],
    "Execution Time": 131.484
  }
]