[
  {
    "Plan": {
      "Node Type": "Aggregate",
      "Strategy": "Plain",
      "Partial Mode": "Finalize",
      "Parallel Aware": false,
      "Startup Cost": 349320.35,
      "Total Cost": 349320.36,
      "Plan Rows": 1,
      "Plan Width": 8,
      "Actual Startup Time": 813.586,
      "Actual Total Time": 862.01,
      "Actual Rows": 1,
      "Actual Loops": 1,
      "Plans": [
        {
          "Node Type": "Gather",
          "Parent Relationship": "Outer",
          "Parallel Aware": false,
          "Startup Cost": 349319.72,
          "Total Cost": 349320.33,
          "Plan Rows": 6,
          "Plan Width": 8,
          "Actual Startup Time": 813.375,
          "Actual Total Time": 861.991,
          "Actual Rows": 7,
          "Actual Loops": 1,
          "Workers Planned": 6,
          "Workers Launched": 6,
          "Single Copy": false,
          "Plans": [
            {
              "Node Type": "Aggregate",
              "Strategy": "Plain",
              "Partial Mode": "Partial",
              "Parent Relationship": "Outer",
              "Parallel Aware": false,
              "Startup Cost": 348319.72,
              "Total Cost": 348319.73,
              "Plan Rows": 1,
              "Plan Width": 8,
              "Actual Startup Time": 806.584,
              "Actual Total Time": 806.585,
              "Actual Rows": 1,
              "Actual Loops": 7,
              "Plans": [
                {
                  "Node Type": "Seq Scan",
                  "Parent Relationship": "Outer",
                  "Parallel Aware": true,
                  "Relation Name": "cast_info",
                  "Alias": "ci",
                  "Startup Cost": 0.0,
                  "Total Cost": 343316.27,
                  "Plan Rows": 2001380,
                  "Plan Width": 0,
                  "Actual Startup Time": 223.072,
                  "Actual Total Time": 680.675,
                  "Actual Rows": 2618165,
                  "Actual Loops": 7,
                  "Filter": "((person_id > 1775799) AND (role_id > 1))",
                  "Rows Removed by Filter": 2559598
                }
              ]
            }
          ]
        }
      ]
    },
    "Planning Time": 0.163,
    "Triggers": [],
    "Execution Time": 862.068
  }
]