{
  "Plan": {
    "Node Type": "Aggregate",
    "Strategy": "Plain",
    "Partial Mode": "Finalize",
    "Parallel Aware": false,
    "Startup Cost": 510441.65,
    "Total Cost": 510441.66,
    "Plan Rows": 1,
    "Plan Width": 8,
    "Actual Startup Time": 2158.792,
    "Actual Total Time": 2193.032,
    "Actual Rows": 1,
    "Actual Loops": 1,
    "Plans": [
      {
        "Node Type": "Gather",
        "Parent Relationship": "Outer",
        "Parallel Aware": false,
        "Startup Cost": 510441.54,
        "Total Cost": 510441.65,
        "Plan Rows": 1,
        "Plan Width": 8,
        "Actual Startup Time": 2157.494,
        "Actual Total Time": 2193.023,
        "Actual Rows": 2,
        "Actual Loops": 1,
        "Workers Planned": 1,
        "Workers Launched": 1,
        "Single Copy": false,
        "Plans": [
          {
            "Node Type": "Aggregate",
            "Strategy": "Plain",
            "Partial Mode": "Partial",
            "Parent Relationship": "Outer",
            "Parallel Aware": false,
            "Startup Cost": 509441.54,
            "Total Cost": 509441.55,
            "Plan Rows": 1,
            "Plan Width": 8,
            "Actual Startup Time": 2151.245,
            "Actual Total Time": 2151.649,
            "Actual Rows": 1,
            "Actual Loops": 2,
            "Plans": [
              {
                "Node Type": "Hash Join",
                "Parent Relationship": "Outer",
                "Parallel Aware": true,
                "Join Type": "Inner",
                "Startup Cost": 96834.12,
                "Total Cost": 508708.76,
                "Plan Rows": 293112,
                "Plan Width": 0,
                "Actual Startup Time": 422.13,
                "Actual Total Time": 2123.436,
                "Actual Rows": 673801,
                "Actual Loops": 2,
                "Inner Unique": false,
                "Hash Cond": "(ci.movie_id = t.id)",
                "Plans": [
                  {
                    "Node Type": "Index Scan",
                    "Parent Relationship": "Outer",
                    "Parallel Aware": true,
                    "Scan Direction": "Forward",
                    "Index Name": "role_id_cast_info",
                    "Relation Name": "cast_info",
                    "Alias": "ci",
                    "Startup Cost": 0.56,
                    "Total Cost": 382631.05,
                    "Plan Rows": 7338659,
                    "Plan Width": 4,
                    "Actual Startup Time": 0.049,
                    "Actual Total Time": 831.017,
                    "Actual Rows": 6335344,
                    "Actual Loops": 2,
                    "Index Cond": "(role_id = 1)",
                    "Rows Removed by Index Recheck": 0
                  },
                  {
                    "Node Type": "Hash",
                    "Parent Relationship": "Inner",
                    "Parallel Aware": true,
                    "Startup Cost": 96091.04,
                    "Total Cost": 96091.04,
                    "Plan Rows": 59401,
                    "Plan Width": 8,
                    "Actual Startup Time": 419.655,
                    "Actual Total Time": 420.056,
                    "Actual Rows": 73826,
                    "Actual Loops": 2,
                    "Hash Buckets": 262144,
                    "Original Hash Buckets": 131072,
                    "Hash Batches": 1,
                    "Original Hash Batches": 1,
                    "Peak Memory Usage": 8864,
                    "Plans": [
                      {
                        "Node Type": "Hash Join",
                        "Parent Relationship": "Outer",
                        "Parallel Aware": true,
                        "Join Type": "Inner",
                        "Startup Cost": 32813.82,
                        "Total Cost": 96091.04,
                        "Plan Rows": 59401,
                        "Plan Width": 8,
                        "Actual Startup Time": 127.65,
                        "Actual Total Time": 398.385,
                        "Actual Rows": 73826,
                        "Actual Loops": 2,
                        "Inner Unique": false,
                        "Hash Cond": "(t.id = mc.movie_id)",
                        "Plans": [
                          {
                            "Node Type": "Seq Scan",
                            "Parent Relationship": "Outer",
                            "Parallel Aware": true,
                            "Relation Name": "title",
                            "Alias": "t",
                            "Startup Cost": 0.0,
                            "Total Cost": 58306.47,
                            "Plan Rows": 739413,
                            "Plan Width": 4,
                            "Actual Startup Time": 0.012,
                            "Actual Total Time": 144.756,
                            "Actual Rows": 687614,
                            "Actual Loops": 2,
                            "Filter": "((kind_id > 1) AND (production_year > 1992))",
                            "Rows Removed by Filter": 576542
                          },
                          {
                            "Node Type": "Hash",
                            "Parent Relationship": "Inner",
                            "Parallel Aware": true,
                            "Startup Cost": 31320.36,
                            "Total Cost": 31320.36,
                            "Plan Rows": 119477,
                            "Plan Width": 4,
                            "Actual Startup Time": 125.637,
                            "Actual Total Time": 125.638,
                            "Actual Rows": 156797,
                            "Actual Loops": 2,
                            "Hash Buckets": 524288,
                            "Original Hash Buckets": 262144,
                            "Hash Batches": 1,
                            "Original Hash Batches": 1,
                            "Peak Memory Usage": 18464,
                            "Plans": [
                              {
                                "Node Type": "Bitmap Heap Scan",
                                "Parent Relationship": "Outer",
                                "Parallel Aware": true,
                                "Relation Name": "movie_companies",
                                "Alias": "mc",
                                "Startup Cost": 8889.74,
                                "Total Cost": 31320.36,
                                "Plan Rows": 119477,
                                "Plan Width": 4,
                                "Actual Startup Time": 31.427,
                                "Actual Total Time": 88.505,
                                "Actual Rows": 156797,
                                "Actual Loops": 2,
                                "Recheck Cond": "(company_id < 264)",
                                "Rows Removed by Index Recheck": 0,
                                "Filter": "(company_type_id = 1)",
                                "Rows Removed by Filter": 47736,
                                "Exact Heap Blocks": 11480,
                                "Lossy Heap Blocks": 0,
                                "Plans": [
                                  {
                                    "Node Type": "Bitmap Index Scan",
                                    "Parent Relationship": "Outer",
                                    "Parallel Aware": false,
                                    "Index Name": "company_id_movie_companies",
                                    "Startup Cost": 0.0,
                                    "Total Cost": 8838.96,
                                    "Plan Rows": 412604,
                                    "Plan Width": 0,
                                    "Actual Startup Time": 30.24,
                                    "Actual Total Time": 30.24,
                                    "Actual Rows": 409066,
                                    "Actual Loops": 1,
                                    "Index Cond": "(company_id < 264)"
                                  }
                                ]
                              }
                            ]
                          }
                        ]
                      }
                    ]
                  }
                ]
              }
            ]
          }
        ]
      }
    ]
  },
  "Planning Time": 1.158,
  "Triggers": [],
  "Execution Time": 2193.153
}