[
  {
    "Plan": {
      "Node Type": "Aggregate",
      "Strategy": "Plain",
      "Partial Mode": "Finalize",
      "Parallel Aware": false,
      "Startup Cost": 205829.88,
      "Total Cost": 205829.89,
      "Plan Rows": 1,
      "Plan Width": 8,
      "Actual Startup Time": 2304.054,
      "Actual Total Time": 2395.37,
      "Actual Rows": 1,
      "Actual Loops": 1,
      "Plans": [
        {
          "Node Type": "Gather",
          "Parent Relationship": "Outer",
          "Parallel Aware": false,
          "Startup Cost": 205829.56,
          "Total Cost": 205829.87,
          "Plan Rows": 3,
          "Plan Width": 8,
          "Actual Startup Time": 2295.812,
          "Actual Total Time": 2395.358,
          "Actual Rows": 4,
          "Actual Loops": 1,
          "Workers Planned": 3,
          "Workers Launched": 3,
          "Single Copy": false,
          "Plans": [
            {
              "Node Type": "Aggregate",
              "Strategy": "Plain",
              "Partial Mode": "Partial",
              "Parent Relationship": "Outer",
              "Parallel Aware": false,
              "Startup Cost": 204829.56,
              "Total Cost": 204829.57,
              "Plan Rows": 1,
              "Plan Width": 8,
              "Actual Startup Time": 2275.637,
              "Actual Total Time": 2275.641,
              "Actual Rows": 1,
              "Actual Loops": 4,
              "Plans": [
                {
                  "Node Type": "Nested Loop",
                  "Parent Relationship": "Outer",
                  "Parallel Aware": false,
                  "Join Type": "Inner",
                  "Startup Cost": 53937.33,
                  "Total Cost": 202806.66,
                  "Plan Rows": 809161,
                  "Plan Width": 0,
                  "Actual Startup Time": 358.694,
                  "Actual Total Time": 2199.177,
                  "Actual Rows": 1739283,
                  "Actual Loops": 4,
                  "Inner Unique": false,
                  "Plans": [
                    {
                      "Node Type": "Hash Join",
                      "Parent Relationship": "Outer",
                      "Parallel Aware": true,
                      "Join Type": "Inner",
                      "Startup Cost": 53936.77,
                      "Total Cost": 79244.88,
                      "Plan Rows": 56470,
                      "Plan Width": 8,
                      "Actual Startup Time": 358.604,
                      "Actual Total Time": 433.722,
                      "Actual Rows": 47194,
                      "Actual Loops": 4,
                      "Inner Unique": true,
                      "Hash Cond": "(mk.movie_id = t.id)",
                      "Plans": [
                        {
                          "Node Type": "Bitmap Heap Scan",
                          "Parent Relationship": "Outer",
                          "Parallel Aware": true,
                          "Relation Name": "movie_keyword",
                          "Alias": "mk",
                          "Startup Cost": 3717.12,
                          "Total Cost": 28877.0,
                          "Plan Rows": 56470,
                          "Plan Width": 4,
                          "Actual Startup Time": 14.828,
                          "Actual Total Time": 49.949,
                          "Actual Rows": 47194,
                          "Actual Loops": 4,
                          "Recheck Cond": "(keyword_id < 137)",
                          "Rows Removed by Index Recheck": 0,
                          "Exact Heap Blocks": 6877,
                          "Lossy Heap Blocks": 0,
                          "Plans": [
                            {
                              "Node Type": "Bitmap Index Scan",
                              "Parent Relationship": "Outer",
                              "Parallel Aware": false,
                              "Index Name": "keyword_id_movie_keyword",
                              "Startup Cost": 0.0,
                              "Total Cost": 3673.36,
                              "Plan Rows": 175057,
                              "Plan Width": 0,
                              "Actual Startup Time": 11.322,
                              "Actual Total Time": 11.323,
                              "Actual Rows": 188777,
                              "Actual Loops": 1,
                              "Index Cond": "(keyword_id < 137)"
                            }
                          ]
                        },
                        {
                          "Node Type": "Hash",
                          "Parent Relationship": "Inner",
                          "Parallel Aware": true,
                          "Startup Cost": 42318.73,
                          "Total Cost": 42318.73,
                          "Plan Rows": 632073,
                          "Plan Width": 4,
                          "Actual Startup Time": 332.161,
                          "Actual Total Time": 332.162,
                          "Actual Rows": 632078,
                          "Actual Loops": 4,
                          "Hash Buckets": 4194304,
                          "Original Hash Buckets": 4194304,
                          "Hash Batches": 1,
                          "Original Hash Batches": 1,
                          "Peak Memory Usage": 131776,
                          "Plans": [
                            {
                              "Node Type": "Seq Scan",
                              "Parent Relationship": "Outer",
                              "Parallel Aware": true,
                              "Relation Name": "title",
                              "Alias": "t",
                              "Startup Cost": 0.0,
                              "Total Cost": 42318.73,
                              "Plan Rows": 632073,
                              "Plan Width": 4,
                              "Actual Startup Time": 0.037,
                              "Actual Total Time": 95.799,
                              "Actual Rows": 632078,
                              "Actual Loops": 4
                            }
                          ]
                        }
                      ]
                    },
                    {
                      "Node Type": "Index Only Scan",
                      "Parent Relationship": "Inner",
                      "Parallel Aware": false,
                      "Scan Direction": "Forward",
                      "Index Name": "movie_id_cast_info",
                      "Relation Name": "cast_info",
                      "Alias": "ci",
                      "Startup Cost": 0.56,
                      "Total Cost": 1.82,
                      "Plan Rows": 37,
                      "Plan Width": 4,
                      "Actual Startup Time": 0.005,
                      "Actual Total Time": 0.035,
                      "Actual Rows": 37,
                      "Actual Loops": 188777,
                      "Index Cond": "(movie_id = t.id)",
                      "Rows Removed by Index Recheck": 0,
                      "Heap Fetches": 6957132
                    }
                  ]
                }
              ]
            }
          ]
        }
      ]
    },
    "Planning Time": 1.439,
    "Triggers": [],
    "Execution Time": 2395.505
  }
]