{
  "Plan": {
    "Node Type": "Aggregate",
    "Strategy": "Plain",
    "Partial Mode": "Simple",
    "Parallel Aware": false,
    "Startup Cost": 178340.71,
    "Total Cost": 178340.72,
    "Plan Rows": 1,
    "Plan Width": 64,
    "Actual Startup Time": 409.285,
    "Actual Total Time": 409.292,
    "Actual Rows": 1,
    "Actual Loops": 1,
    "Plans": [
      {
        "Node Type": "Hash Join",
        "Parent Relationship": "Outer",
        "Parallel Aware": false,
        "Join Type": "Inner",
        "Startup Cost": 3900.84,
        "Total Cost": 178340.5,
        "Plan Rows": 41,
        "Plan Width": 38,
        "Actual Startup Time": 196.656,
        "Actual Total Time": 409.115,
        "Actual Rows": 1242,
        "Actual Loops": 1,
        "Inner Unique": true,
        "Hash Cond": "(mc.company_type_id = ct.id)",
        "Plans": [
          {
            "Node Type": "Nested Loop",
            "Parent Relationship": "Outer",
            "Parallel Aware": false,
            "Join Type": "Inner",
            "Startup Cost": 3899.75,
            "Total Cost": 178339.19,
            "Plan Rows": 41,
            "Plan Width": 42,
            "Actual Startup Time": 196.614,
            "Actual Total Time": 408.884,
            "Actual Rows": 1242,
            "Actual Loops": 1,
            "Inner Unique": true,
            "Plans": [
              {
                "Node Type": "Nested Loop",
                "Parent Relationship": "Outer",
                "Parallel Aware": false,
                "Join Type": "Inner",
                "Startup Cost": 3899.33,
                "Total Cost": 178321.2,
                "Plan Rows": 41,
                "Plan Width": 46,
                "Actual Startup Time": 196.597,
                "Actual Total Time": 406.442,
                "Actual Rows": 1242,
                "Actual Loops": 1,
                "Inner Unique": false,
                "Join Filter": "(mi.movie_id = mk.movie_id)",
                "Rows Removed by Join Filter": 0,
                "Plans": [
                  {
                    "Node Type": "Nested Loop",
                    "Parent Relationship": "Outer",
                    "Parallel Aware": false,
                    "Join Type": "Inner",
                    "Startup Cost": 3898.9,
                    "Total Cost": 178277.22,
                    "Plan Rows": 23,
                    "Plan Width": 58,
                    "Actual Startup Time": 196.579,
                    "Actual Total Time": 405.648,
                    "Actual Rows": 150,
                    "Actual Loops": 1,
                    "Inner Unique": true,
                    "Plans": [
                      {
                        "Node Type": "Nested Loop",
                        "Parent Relationship": "Outer",
                        "Parallel Aware": false,
                        "Join Type": "Inner",
                        "Startup Cost": 3898.48,
                        "Total Cost": 178248.68,
                        "Plan Rows": 64,
                        "Plan Width": 62,
                        "Actual Startup Time": 192.198,
                        "Actual Total Time": 404.711,
                        "Actual Rows": 266,
                        "Actual Loops": 1,
                        "Inner Unique": false,
                        "Join Filter": "(mi.movie_id = mc.movie_id)",
                        "Rows Removed by Join Filter": 0,
                        "Plans": [
                          {
                            "Node Type": "Nested Loop",
                            "Parent Relationship": "Outer",
                            "Parallel Aware": false,
                            "Join Type": "Inner",
                            "Startup Cost": 3898.05,
                            "Total Cost": 178207.85,
                            "Plan Rows": 62,
                            "Plan Width": 50,
                            "Actual Startup Time": 134.333,
                            "Actual Total Time": 404.022,
                            "Actual Rows": 75,
                            "Actual Loops": 1,
                            "Inner Unique": true,
                            "Join Filter": "(mi.movie_id = t.id)",
                            "Rows Removed by Join Filter": 0,
                            "Plans": [
                              {
                                "Node Type": "Nested Loop",
                                "Parent Relationship": "Outer",
                                "Parallel Aware": false,
                                "Join Type": "Inner",
                                "Startup Cost": 3897.62,
                                "Total Cost": 178104.12,
                                "Plan Rows": 108,
                                "Plan Width": 29,
                                "Actual Startup Time": 113.785,
                                "Actual Total Time": 401.207,
                                "Actual Rows": 591,
                                "Actual Loops": 1,
                                "Inner Unique": false,
                                "Plans": [
                                  {
                                    "Node Type": "Nested Loop",
                                    "Parent Relationship": "Outer",
                                    "Parallel Aware": false,
                                    "Join Type": "Inner",
                                    "Startup Cost": 3897.19,
                                    "Total Cost": 177789.75,
                                    "Plan Rows": 106,
                                    "Plan Width": 4,
                                    "Actual Startup Time": 113.635,
                                    "Actual Total Time": 384.786,
                                    "Actual Rows": 10679,
                                    "Actual Loops": 1,
                                    "Inner Unique": false,
                                    "Plans": [
                                      {
                                        "Node Type": "Seq Scan",
                                        "Parent Relationship": "Outer",
                                        "Parallel Aware": false,
                                        "Relation Name": "info_type",
                                        "Alias": "it1",
                                        "Startup Cost": 0.0,
                                        "Total Cost": 2.41,
                                        "Plan Rows": 1,
                                        "Plan Width": 4,
                                        "Actual Startup Time": 0.023,
                                        "Actual Total Time": 0.032,
                                        "Actual Rows": 1,
                                        "Actual Loops": 1,
                                        "Filter": "((info)::text = 'release dates'::text)",
                                        "Rows Removed by Filter": 112
                                      },
                                      {
                                        "Node Type": "Bitmap Heap Scan",
                                        "Parent Relationship": "Inner",
                                        "Parallel Aware": false,
                                        "Relation Name": "movie_info",
                                        "Alias": "mi",
                                        "Startup Cost": 3897.19,
                                        "Total Cost": 177785.58,
                                        "Plan Rows": 176,
                                        "Plan Width": 8,
                                        "Actual Startup Time": 113.601,
                                        "Actual Total Time": 383.961,
                                        "Actual Rows": 10679,
                                        "Actual Loops": 1,
                                        "Recheck Cond": "(info_type_id = it1.id)",
                                        "Rows Removed by Index Recheck": 0,
                                        "Filter": "(note ~~ '%internet%'::text)",
                                        "Rows Removed by Filter": 3026040,
                                        "Exact Heap Blocks": 25448,
                                        "Lossy Heap Blocks": 0,
                                        "Plans": [
                                          {
                                            "Node Type": "Bitmap Index Scan",
                                            "Parent Relationship": "Outer",
                                            "Parallel Aware": false,
                                            "Index Name": "info_type_id_movie_info",
                                            "Startup Cost": 0.0,
                                            "Total Cost": 3897.15,
                                            "Plan Rows": 218762,
                                            "Plan Width": 0,
                                            "Actual Startup Time": 110.295,
                                            "Actual Total Time": 110.296,
                                            "Actual Rows": 3036719,
                                            "Actual Loops": 1,
                                            "Index Cond": "(info_type_id = it1.id)"
                                          }
                                        ]
                                      }
                                    ]
                                  },
                                  {
                                    "Node Type": "Index Scan",
                                    "Parent Relationship": "Inner",
                                    "Parallel Aware": false,
                                    "Scan Direction": "Forward",
                                    "Index Name": "movie_id_aka_title",
                                    "Relation Name": "aka_title",
                                    "Alias": "at",
                                    "Startup Cost": 0.42,
                                    "Total Cost": 2.94,
                                    "Plan Rows": 3,
                                    "Plan Width": 25,
                                    "Actual Startup Time": 0.001,
                                    "Actual Total Time": 0.001,
                                    "Actual Rows": 0,
                                    "Actual Loops": 10679,
                                    "Index Cond": "(movie_id = mi.movie_id)",
                                    "Rows Removed by Index Recheck": 0
                                  }
                                ]
                              },
                              {
                                "Node Type": "Index Scan",
                                "Parent Relationship": "Inner",
                                "Parallel Aware": false,
                                "Scan Direction": "Forward",
                                "Index Name": "title_pkey",
                                "Relation Name": "title",
                                "Alias": "t",
                                "Startup Cost": 0.43,
                                "Total Cost": 0.95,
                                "Plan Rows": 1,
                                "Plan Width": 21,
                                "Actual Startup Time": 0.005,
                                "Actual Total Time": 0.005,
                                "Actual Rows": 0,
                                "Actual Loops": 591,
                                "Index Cond": "(id = at.movie_id)",
                                "Rows Removed by Index Recheck": 0,
                                "Filter": "(production_year < 2006)",
                                "Rows Removed by Filter": 1
                              }
                            ]
                          },
                          {
                            "Node Type": "Index Scan",
                            "Parent Relationship": "Inner",
                            "Parallel Aware": false,
                            "Scan Direction": "Forward",
                            "Index Name": "movie_id_movie_companies",
                            "Relation Name": "movie_companies",
                            "Alias": "mc",
                            "Startup Cost": 0.43,
                            "Total Cost": 0.6,
                            "Plan Rows": 5,
                            "Plan Width": 12,
                            "Actual Startup Time": 0.007,
                            "Actual Total Time": 0.008,
                            "Actual Rows": 4,
                            "Actual Loops": 75,
                            "Index Cond": "(movie_id = t.id)",
                            "Rows Removed by Index Recheck": 0
                          }
                        ]
                      },
                      {
                        "Node Type": "Index Scan",
                        "Parent Relationship": "Inner",
                        "Parallel Aware": false,
                        "Scan Direction": "Forward",
                        "Index Name": "company_name_pkey",
                        "Relation Name": "company_name",
                        "Alias": "cn",
                        "Startup Cost": 0.42,
                        "Total Cost": 0.45,
                        "Plan Rows": 1,
                        "Plan Width": 4,
                        "Actual Startup Time": 0.003,
                        "Actual Total Time": 0.003,
                        "Actual Rows": 1,
                        "Actual Loops": 266,
                        "Index Cond": "(id = mc.company_id)",
                        "Rows Removed by Index Recheck": 0,
                        "Filter": "((country_code)::text = '[us]'::text)",
                        "Rows Removed by Filter": 0
                      }
                    ]
                  },
                  {
                    "Node Type": "Index Scan",
                    "Parent Relationship": "Inner",
                    "Parallel Aware": false,
                    "Scan Direction": "Forward",
                    "Index Name": "movie_id_movie_keyword",
                    "Relation Name": "movie_keyword",
                    "Alias": "mk",
                    "Startup Cost": 0.43,
                    "Total Cost": 1.32,
                    "Plan Rows": 47,
                    "Plan Width": 8,
                    "Actual Startup Time": 0.003,
                    "Actual Total Time": 0.004,
                    "Actual Rows": 8,
                    "Actual Loops": 150,
                    "Index Cond": "(movie_id = mc.movie_id)",
                    "Rows Removed by Index Recheck": 0
                  }
                ]
              },
              {
                "Node Type": "Index Only Scan",
                "Parent Relationship": "Inner",
                "Parallel Aware": false,
                "Scan Direction": "Forward",
                "Index Name": "keyword_pkey",
                "Relation Name": "keyword",
                "Alias": "k",
                "Startup Cost": 0.42,
                "Total Cost": 0.44,
                "Plan Rows": 1,
                "Plan Width": 4,
                "Actual Startup Time": 0.002,
                "Actual Total Time": 0.002,
                "Actual Rows": 1,
                "Actual Loops": 1242,
                "Index Cond": "(id = mk.keyword_id)",
                "Rows Removed by Index Recheck": 0,
                "Heap Fetches": 1242
              }
            ]
          },
          {
            "Node Type": "Hash",
            "Parent Relationship": "Inner",
            "Parallel Aware": false,
            "Startup Cost": 1.04,
            "Total Cost": 1.04,
            "Plan Rows": 4,
            "Plan Width": 4,
            "Actual Startup Time": 0.029,
            "Actual Total Time": 0.029,
            "Actual Rows": 4,
            "Actual Loops": 1,
            "Hash Buckets": 1024,
            "Original Hash Buckets": 1024,
            "Hash Batches": 1,
            "Original Hash Batches": 1,
            "Peak Memory Usage": 9,
            "Plans": [
              {
                "Node Type": "Seq Scan",
                "Parent Relationship": "Outer",
                "Parallel Aware": false,
                "Relation Name": "company_type",
                "Alias": "ct",
                "Startup Cost": 0.0,
                "Total Cost": 1.04,
                "Plan Rows": 4,
                "Plan Width": 4,
                "Actual Startup Time": 0.017,
                "Actual Total Time": 0.02,
                "Actual Rows": 4,
                "Actual Loops": 1
              }
            ]
          }
        ]
      }
    ]
  },
  "Planning Time": 2.85,
  "Triggers": [],
  "Execution Time": 409.461
}