{
  "Plan": {
    "Node Type": "Aggregate",
    "Strategy": "Plain",
    "Partial Mode": "Finalize",
    "Parallel Aware": false,
    "Startup Cost": 132727.36,
    "Total Cost": 132727.37,
    "Plan Rows": 1,
    "Plan Width": 8,
    "Actual Startup Time": 909.791,
    "Actual Total Time": 935.639,
    "Actual Rows": 1,
    "Actual Loops": 1,
    "Plans": [
      {
        "Node Type": "Gather",
        "Parent Relationship": "Outer",
        "Parallel Aware": false,
        "Startup Cost": 132727.25,
        "Total Cost": 132727.36,
        "Plan Rows": 1,
        "Plan Width": 8,
        "Actual Startup Time": 904.931,
        "Actual Total Time": 935.63,
        "Actual Rows": 2,
        "Actual Loops": 1,
        "Workers Planned": 1,
        "Workers Launched": 1,
        "Single Copy": false,
        "Plans": [
          {
            "Node Type": "Aggregate",
            "Strategy": "Plain",
            "Partial Mode": "Partial",
            "Parent Relationship": "Outer",
            "Parallel Aware": false,
            "Startup Cost": 131727.25,
            "Total Cost": 131727.26,
            "Plan Rows": 1,
            "Plan Width": 8,
            "Actual Startup Time": 898.948,
            "Actual Total Time": 900.243,
            "Actual Rows": 1,
            "Actual Loops": 2,
            "Plans": [
              {
                "Node Type": "Hash Join",
                "Parent Relationship": "Outer",
                "Parallel Aware": true,
                "Join Type": "Inner",
                "Startup Cost": 100065.28,
                "Total Cost": 131555.59,
                "Plan Rows": 68664,
                "Plan Width": 0,
                "Actual Startup Time": 663.058,
                "Actual Total Time": 872.513,
                "Actual Rows": 543488,
                "Actual Loops": 2,
                "Inner Unique": false,
                "Hash Cond": "(mk.movie_id = t.id)",
                "Plans": [
                  {
                    "Node Type": "Bitmap Heap Scan",
                    "Parent Relationship": "Outer",
                    "Parallel Aware": true,
                    "Relation Name": "movie_keyword",
                    "Alias": "mk",
                    "Startup Cost": 14717.79,
                    "Total Cost": 44273.64,
                    "Plan Rows": 408148,
                    "Plan Width": 4,
                    "Actual Startup Time": 39.793,
                    "Actual Total Time": 131.21,
                    "Actual Rows": 352478,
                    "Actual Loops": 2,
                    "Recheck Cond": "(keyword_id < 588)",
                    "Rows Removed by Index Recheck": 0,
                    "Exact Heap Blocks": 15531,
                    "Lossy Heap Blocks": 0,
                    "Plans": [
                      {
                        "Node Type": "Bitmap Index Scan",
                        "Parent Relationship": "Outer",
                        "Parallel Aware": false,
                        "Index Name": "keyword_id_movie_keyword",
                        "Startup Cost": 0.0,
                        "Total Cost": 14544.32,
                        "Plan Rows": 693852,
                        "Plan Width": 0,
                        "Actual Startup Time": 36.015,
                        "Actual Total Time": 36.016,
                        "Actual Rows": 704957,
                        "Actual Loops": 1,
                        "Index Cond": "(keyword_id < 588)"
                      }
                    ]
                  },
                  {
                    "Node Type": "Hash",
                    "Parent Relationship": "Inner",
                    "Parallel Aware": true,
                    "Startup Cost": 82219.99,
                    "Total Cost": 82219.99,
                    "Plan Rows": 250200,
                    "Plan Width": 8,
                    "Actual Startup Time": 617.268,
                    "Actual Total Time": 618.56,
                    "Actual Rows": 387310,
                    "Actual Loops": 2,
                    "Hash Buckets": 1048576,
                    "Original Hash Buckets": 524288,
                    "Hash Batches": 1,
                    "Original Hash Batches": 1,
                    "Peak Memory Usage": 42592,
                    "Plans": [
                      {
                        "Node Type": "Hash Join",
                        "Parent Relationship": "Outer",
                        "Parallel Aware": true,
                        "Join Type": "Inner",
                        "Startup Cost": 64036.21,
                        "Total Cost": 82219.99,
                        "Plan Rows": 250200,
                        "Plan Width": 8,
                        "Actual Startup Time": 302.663,
                        "Actual Total Time": 520.711,
                        "Actual Rows": 387310,
                        "Actual Loops": 2,
                        "Inner Unique": true,
                        "Hash Cond": "(mi_idx.movie_id = t.id)",
                        "Plans": [
                          {
                            "Node Type": "Seq Scan",
                            "Parent Relationship": "Outer",
                            "Parallel Aware": true,
                            "Relation Name": "movie_info_idx",
                            "Alias": "mi_idx",
                            "Startup Cost": 0.0,
                            "Total Cost": 16052.85,
                            "Plan Rows": 811785,
                            "Plan Width": 4,
                            "Actual Startup Time": 0.02,
                            "Actual Total Time": 61.194,
                            "Actual Rows": 690018,
                            "Actual Loops": 2
                          },
                          {
                            "Node Type": "Hash",
                            "Parent Relationship": "Inner",
                            "Parallel Aware": true,
                            "Startup Cost": 58306.47,
                            "Total Cost": 58306.47,
                            "Plan Rows": 458379,
                            "Plan Width": 4,
                            "Actual Startup Time": 295.278,
                            "Actual Total Time": 295.279,
                            "Actual Rows": 343932,
                            "Actual Loops": 2,
                            "Hash Buckets": 1048576,
                            "Original Hash Buckets": 1048576,
                            "Hash Batches": 1,
                            "Original Hash Batches": 1,
                            "Peak Memory Usage": 35136,
                            "Plans": [
                              {
                                "Node Type": "Seq Scan",
                                "Parent Relationship": "Outer",
                                "Parallel Aware": true,
                                "Relation Name": "title",
                                "Alias": "t",
                                "Startup Cost": 0.0,
                                "Total Cost": 58306.47,
                                "Plan Rows": 458379,
                                "Plan Width": 4,
                                "Actual Startup Time": 0.049,
                                "Actual Total Time": 189.596,
                                "Actual Rows": 343932,
                                "Actual Loops": 2,
                                "Filter": "((kind_id < 4) AND (production_year > 1948))",
                                "Rows Removed by Filter": 920224
                              }
                            ]
                          }
                        ]
                      }
                    ]
                  }
                ]
              }
            ]
          }
        ]
      }
    ]
  },
  "Planning Time": 1.145,
  "Triggers": [],
  "Execution Time": 935.745
}