[
  {
    "Plan": {
      "Node Type": "Aggregate",
      "Strategy": "Plain",
      "Partial Mode": "Finalize",
      "Parallel Aware": false,
      "Startup Cost": 31095.45,
      "Total Cost": 31095.46,
      "Plan Rows": 1,
      "Plan Width": 8,
      "Actual Startup Time": 104.463,
      "Actual Total Time": 114.315,
      "Actual Rows": 1,
      "Actual Loops": 1,
      "Plans": [
        {
          "Node Type": "Gather",
          "Parent Relationship": "Outer",
          "Parallel Aware": false,
          "Startup Cost": 31095.13,
          "Total Cost": 31095.44,
          "Plan Rows": 3,
          "Plan Width": 8,
          "Actual Startup Time": 104.29,
          "Actual Total Time": 114.3,
          "Actual Rows": 4,
          "Actual Loops": 1,
          "Workers Planned": 3,
          "Workers Launched": 3,
          "Single Copy": false,
          "Plans": [
            {
              "Node Type": "Aggregate",
              "Strategy": "Plain",
              "Partial Mode": "Partial",
              "Parent Relationship": "Outer",
              "Parallel Aware": false,
              "Startup Cost": 30095.13,
              "Total Cost": 30095.14,
              "Plan Rows": 1,
              "Plan Width": 8,
              "Actual Startup Time": 100.014,
              "Actual Total Time": 100.016,
              "Actual Rows": 1,
              "Actual Loops": 4,
              "Plans": [
                {
                  "Node Type": "Seq Scan",
                  "Parent Relationship": "Outer",
                  "Parallel Aware": true,
                  "Relation Name": "movie_companies",
                  "Alias": "mc",
                  "Startup Cost": 0.0,
                  "Total Cost": 29310.68,
                  "Plan Rows": 313781,
                  "Plan Width": 0,
                  "Actual Startup Time": 0.02,
                  "Actual Total Time": 84.624,
                  "Actual Rows": 242936,
                  "Actual Loops": 4,
                  "Filter": "(company_id < 4226)",
                  "Rows Removed by Filter": 409346
                }
              ]
            }
          ]
        }
      ]
    },
    "Planning Time": 0.186,
    "Triggers": [],
    "Execution Time": 114.368
  }
]