[
  {
    "Plan": {
      "Node Type": "Aggregate",
      "Strategy": "Plain",
      "Partial Mode": "Finalize",
      "Parallel Aware": false,
      "Startup Cost": 175709.49,
      "Total Cost": 175709.5,
      "Plan Rows": 1,
      "Plan Width": 8,
      "Actual Startup Time": 118.671,
      "Actual Total Time": 136.55,
      "Actual Rows": 1,
      "Actual Loops": 1,
      "Plans": [
        {
          "Node Type": "Gather",
          "Parent Relationship": "Outer",
          "Parallel Aware": false,
          "Startup Cost": 175709.07,
          "Total Cost": 175709.48,
          "Plan Rows": 4,
          "Plan Width": 8,
          "Actual Startup Time": 118.555,
          "Actual Total Time": 136.542,
          "Actual Rows": 5,
          "Actual Loops": 1,
          "Workers Planned": 4,
          "Workers Launched": 4,
          "Single Copy": false,
          "Plans": [
            {
              "Node Type": "Aggregate",
              "Strategy": "Plain",
              "Partial Mode": "Partial",
              "Parent Relationship": "Outer",
              "Parallel Aware": false,
              "Startup Cost": 174709.07,
              "Total Cost": 174709.08,
              "Plan Rows": 1,
              "Plan Width": 8,
              "Actual Startup Time": 110.577,
              "Actual Total Time": 110.579,
              "Actual Rows": 1,
              "Actual Loops": 5,
              "Plans": [
                {
                  "Node Type": "Nested Loop",
                  "Parent Relationship": "Outer",
                  "Parallel Aware": false,
                  "Join Type": "Inner",
                  "Startup Cost": 0.56,
                  "Total Cost": 174695.48,
                  "Plan Rows": 5438,
                  "Plan Width": 0,
                  "Actual Startup Time": 56.699,
                  "Actual Total Time": 110.509,
                  "Actual Rows": 520,
                  "Actual Loops": 5,
                  "Inner Unique": false,
                  "Plans": [
                    {
                      "Node Type": "Seq Scan",
                      "Parent Relationship": "Outer",
                      "Parallel Aware": true,
                      "Relation Name": "title",
                      "Alias": "t",
                      "Startup Cost": 0.0,
                      "Total Cost": 45479.1,
                      "Plan Rows": 1102,
                      "Plan Width": 4,
                      "Actual Startup Time": 56.407,
                      "Actual Total Time": 79.091,
                      "Actual Rows": 3676,
                      "Actual Loops": 5,
                      "Filter": "((production_year < 1908) AND (kind_id = 1))",
                      "Rows Removed by Filter": 501987
                    },
                    {
                      "Node Type": "Index Scan",
                      "Parent Relationship": "Inner",
                      "Parallel Aware": false,
                      "Scan Direction": "Forward",
                      "Index Name": "movie_id_cast_info",
                      "Relation Name": "cast_info",
                      "Alias": "ci",
                      "Startup Cost": 0.56,
                      "Total Cost": 117.13,
                      "Plan Rows": 13,
                      "Plan Width": 4,
                      "Actual Startup Time": 0.008,
                      "Actual Total Time": 0.008,
                      "Actual Rows": 0,
                      "Actual Loops": 18378,
                      "Index Cond": "(movie_id = t.id)",
                      "Rows Removed by Index Recheck": 0,
                      "Filter": "(role_id < 2)",
                      "Rows Removed by Filter": 1
                    }
                  ]
                }
              ]
            }
          ]
        }
      ]
    },
    "Planning Time": 0.444,
    "Triggers": [],
    "Execution Time": 136.606
  }
]